DC-Build-Header: aptitude 0.8.12-1 / 2020-02-25 12:16:03 +0000
DC-Task: type:rebuild-binarch-only source:aptitude version:0.8.12-1 chroot:unstable esttime:1602 logfile:/tmp/aptitude_0.8.12-1_unstable_clang8.log modes:clang8:binarch-only
DC-Sbuild-call: su user42 -c 'sbuild -n --arch-any --apt-update -d unstable -v --no-run-lintian --chroot-setup-commands=/tmp/clang8 aptitude_0.8.12-1'
sbuild (Debian sbuild) 0.78.1 (09 February 2019) on ip-172-31-14-77.eu-central-1.compute.internal

+==============================================================================+
| aptitude 0.8.12-1 (amd64)                    Tue, 25 Feb 2020 12:16:03 +0000 |
+==============================================================================+

Package: aptitude
Version: 0.8.12-1
Source Version: 0.8.12-1
Distribution: unstable
Machine Architecture: amd64
Host Architecture: amd64
Build Architecture: amd64
Build Type: binary

I: NOTICE: Log filtering will replace 'var/run/schroot/mount/sid-amd64-sbuild-64dd9864-4bbc-461a-9d0b-7c3c20e99d98' with '<<CHROOT>>'

+------------------------------------------------------------------------------+
| Chroot Setup Commands                                                        |
+------------------------------------------------------------------------------+


/tmp/clang8
-----------

+ echo 'Entering customization script...'
Entering customization script...
+ CLANG_VERSION=8
+ echo 'Install of clang-8'
Install of clang-8
+ apt-get update
Get:1 http://127.0.0.1:12990/debian sid InRelease [142 kB]
Get:2 http://127.0.0.1:12990/debian sid/main Sources.diff/Index [27.9 kB]
Get:3 http://127.0.0.1:12990/debian sid/main amd64 Packages.diff/Index [27.9 kB]
Get:4 http://127.0.0.1:12990/debian sid/main Sources 2020-02-24-0823.32.pdiff [11.0 kB]
Get:5 http://127.0.0.1:12990/debian sid/main Sources 2020-02-24-1420.34.pdiff [30.2 kB]
Get:6 http://127.0.0.1:12990/debian sid/main Sources 2020-02-24-2014.03.pdiff [16.9 kB]
Get:7 http://127.0.0.1:12990/debian sid/main Sources 2020-02-25-0213.11.pdiff [23.2 kB]
Get:8 http://127.0.0.1:12990/debian sid/main Sources 2020-02-25-0815.22.pdiff [9222 B]
Get:9 http://127.0.0.1:12990/debian sid/main amd64 Packages 2020-02-24-0823.32.pdiff [15.5 kB]
Get:10 http://127.0.0.1:12990/debian sid/main amd64 Packages 2020-02-24-1420.34.pdiff [27.5 kB]
Get:11 http://127.0.0.1:12990/debian sid/main amd64 Packages 2020-02-24-2014.03.pdiff [21.6 kB]
Get:12 http://127.0.0.1:12990/debian sid/main amd64 Packages 2020-02-25-0213.11.pdiff [35.0 kB]
Get:8 http://127.0.0.1:12990/debian sid/main Sources 2020-02-25-0815.22.pdiff [9222 B]
Get:13 http://127.0.0.1:12990/debian sid/main amd64 Packages 2020-02-25-0815.22.pdiff [20.1 kB]
Get:13 http://127.0.0.1:12990/debian sid/main amd64 Packages 2020-02-25-0815.22.pdiff [20.1 kB]
Get:14 http://127.0.0.1:12990/debian sid/main Translation-en [6195 kB]
Fetched 6604 kB in 2s (3785 kB/s)
Reading package lists...
+ apt-get install --yes --no-install-recommends --force-yes clang-8 libomp-8-dev libobjc-9-dev
Reading package lists...
Building dependency tree...
The following additional packages will be installed:
  cpp-9 g++-9 gcc-8-base gcc-9 gcc-9-base lib32gcc-s1 lib32gcc1 lib32stdc++6
  libasan5 libbsd0 libc6-i386 libclang-common-8-dev libclang1-8 libedit2
  libgc1c2 libgcc-8-dev libgcc-9-dev libllvm8 libmpx2 libobjc-8-dev libobjc4
  libomp5-8 libstdc++-8-dev libstdc++-9-dev
Suggested packages:
  clang-8-doc gcc-9-locales g++-9-multilib gcc-9-doc gcc-9-multilib
  libomp-8-doc libstdc++-8-doc libstdc++-9-doc
Recommended packages:
  llvm-8-dev python3
The following NEW packages will be installed:
  clang-8 gcc-8-base lib32gcc-s1 lib32gcc1 lib32stdc++6 libbsd0 libc6-i386
  libclang-common-8-dev libclang1-8 libedit2 libgc1c2 libgcc-8-dev libllvm8
  libmpx2 libobjc-8-dev libobjc-9-dev libobjc4 libomp-8-dev libomp5-8
  libstdc++-8-dev
The following packages will be upgraded:
  cpp-9 g++-9 gcc-9 gcc-9-base libasan5 libgcc-9-dev libstdc++-9-dev
7 upgraded, 20 newly installed, 0 to remove and 2 not upgraded.
Need to get 74.9 MB of archives.
After this operation, 223 MB of additional disk space will be used.
Get:1 http://127.0.0.1:12990/debian sid/main amd64 libasan5 amd64 9.2.1-30 [389 kB]
Get:2 http://127.0.0.1:12990/debian sid/main amd64 g++-9 amd64 9.2.1-30 [10.7 MB]
Get:3 http://127.0.0.1:12990/debian sid/main amd64 gcc-9 amd64 9.2.1-30 [10.0 MB]
Get:4 http://127.0.0.1:12990/debian sid/main amd64 libstdc++-9-dev amd64 9.2.1-30 [1697 kB]
Get:5 http://127.0.0.1:12990/debian sid/main amd64 libgcc-9-dev amd64 9.2.1-30 [2349 kB]
Get:6 http://127.0.0.1:12990/debian sid/main amd64 cpp-9 amd64 9.2.1-30 [9711 kB]
Get:7 http://127.0.0.1:12990/debian sid/main amd64 gcc-9-base amd64 9.2.1-30 [196 kB]
Get:8 http://127.0.0.1:12990/debian sid/main amd64 libbsd0 amd64 0.10.0-1 [107 kB]
Get:9 http://127.0.0.1:12990/debian sid/main amd64 libedit2 amd64 3.1-20191231-1 [95.4 kB]
Get:10 http://127.0.0.1:12990/debian sid/main amd64 libllvm8 amd64 1:8.0.1-7 [13.8 MB]
Get:11 http://127.0.0.1:12990/debian sid/main amd64 gcc-8-base amd64 8.3.0-29 [194 kB]
Get:12 http://127.0.0.1:12990/debian sid/main amd64 libmpx2 amd64 8.3.0-29 [11.4 kB]
Get:13 http://127.0.0.1:12990/debian sid/main amd64 libgcc-8-dev amd64 8.3.0-29 [2297 kB]
Get:14 http://127.0.0.1:12990/debian sid/main amd64 libstdc++-8-dev amd64 8.3.0-29 [1543 kB]
Get:15 http://127.0.0.1:12990/debian sid/main amd64 libgc1c2 amd64 1:7.6.4-0.4 [224 kB]
Get:16 http://127.0.0.1:12990/debian sid/main amd64 libobjc4 amd64 10-20200222-1 [41.6 kB]
Get:17 http://127.0.0.1:12990/debian sid/main amd64 libobjc-8-dev amd64 8.3.0-29 [227 kB]
Get:18 http://127.0.0.1:12990/debian sid/main amd64 libc6-i386 amd64 2.29-10 [2918 kB]
Get:19 http://127.0.0.1:12990/debian sid/main amd64 lib32gcc-s1 amd64 10-20200222-1 [49.4 kB]
Get:20 http://127.0.0.1:12990/debian sid/main amd64 lib32gcc1 amd64 1:10-20200222-1 [1104 B]
Get:21 http://127.0.0.1:12990/debian sid/main amd64 lib32stdc++6 amd64 10-20200222-1 [510 kB]
Get:22 http://127.0.0.1:12990/debian sid/main amd64 libclang-common-8-dev amd64 1:8.0.1-7 [2989 kB]
Get:23 http://127.0.0.1:12990/debian sid/main amd64 libclang1-8 amd64 1:8.0.1-7 [6244 kB]
Get:24 http://127.0.0.1:12990/debian sid/main amd64 clang-8 amd64 1:8.0.1-7 [8010 kB]
Get:25 http://127.0.0.1:12990/debian sid/main amd64 libobjc-9-dev amd64 9.2.1-30 [219 kB]
Get:26 http://127.0.0.1:12990/debian sid/main amd64 libomp5-8 amd64 1:8.0.1-7 [331 kB]
Get:27 http://127.0.0.1:12990/debian sid/main amd64 libomp-8-dev amd64 1:8.0.1-7 [62.3 kB]
debconf: delaying package configuration, since apt-utils is not installed
Fetched 74.9 MB in 1s (104 MB/s)
(Reading database ... (Reading database ... 5%(Reading database ... 10%(Reading database ... 15%(Reading database ... 20%(Reading database ... 25%(Reading database ... 30%(Reading database ... 35%(Reading database ... 40%(Reading database ... 45%(Reading database ... 50%(Reading database ... 55%(Reading database ... 60%(Reading database ... 65%(Reading database ... 70%(Reading database ... 75%(Reading database ... 80%(Reading database ... 85%(Reading database ... 90%(Reading database ... 95%(Reading database ... 100%(Reading database ... 12119 files and directories currently installed.)
Preparing to unpack .../00-libasan5_9.2.1-30_amd64.deb ...
Unpacking libasan5:amd64 (9.2.1-30) over (9.2.1-29) ...
Preparing to unpack .../01-g++-9_9.2.1-30_amd64.deb ...
Unpacking g++-9 (9.2.1-30) over (9.2.1-29) ...
Preparing to unpack .../02-gcc-9_9.2.1-30_amd64.deb ...
Unpacking gcc-9 (9.2.1-30) over (9.2.1-29) ...
Preparing to unpack .../03-libstdc++-9-dev_9.2.1-30_amd64.deb ...
Unpacking libstdc++-9-dev:amd64 (9.2.1-30) over (9.2.1-29) ...
Preparing to unpack .../04-libgcc-9-dev_9.2.1-30_amd64.deb ...
Unpacking libgcc-9-dev:amd64 (9.2.1-30) over (9.2.1-29) ...
Preparing to unpack .../05-cpp-9_9.2.1-30_amd64.deb ...
Unpacking cpp-9 (9.2.1-30) over (9.2.1-29) ...
Preparing to unpack .../06-gcc-9-base_9.2.1-30_amd64.deb ...
Unpacking gcc-9-base:amd64 (9.2.1-30) over (9.2.1-29) ...
Selecting previously unselected package libbsd0:amd64.
Preparing to unpack .../07-libbsd0_0.10.0-1_amd64.deb ...
Unpacking libbsd0:amd64 (0.10.0-1) ...
Selecting previously unselected package libedit2:amd64.
Preparing to unpack .../08-libedit2_3.1-20191231-1_amd64.deb ...
Unpacking libedit2:amd64 (3.1-20191231-1) ...
Selecting previously unselected package libllvm8:amd64.
Preparing to unpack .../09-libllvm8_1%3a8.0.1-7_amd64.deb ...
Unpacking libllvm8:amd64 (1:8.0.1-7) ...
Selecting previously unselected package gcc-8-base:amd64.
Preparing to unpack .../10-gcc-8-base_8.3.0-29_amd64.deb ...
Unpacking gcc-8-base:amd64 (8.3.0-29) ...
Selecting previously unselected package libmpx2:amd64.
Preparing to unpack .../11-libmpx2_8.3.0-29_amd64.deb ...
Unpacking libmpx2:amd64 (8.3.0-29) ...
Selecting previously unselected package libgcc-8-dev:amd64.
Preparing to unpack .../12-libgcc-8-dev_8.3.0-29_amd64.deb ...
Unpacking libgcc-8-dev:amd64 (8.3.0-29) ...
Selecting previously unselected package libstdc++-8-dev:amd64.
Preparing to unpack .../13-libstdc++-8-dev_8.3.0-29_amd64.deb ...
Unpacking libstdc++-8-dev:amd64 (8.3.0-29) ...
Selecting previously unselected package libgc1c2:amd64.
Preparing to unpack .../14-libgc1c2_1%3a7.6.4-0.4_amd64.deb ...
Unpacking libgc1c2:amd64 (1:7.6.4-0.4) ...
Selecting previously unselected package libobjc4:amd64.
Preparing to unpack .../15-libobjc4_10-20200222-1_amd64.deb ...
Unpacking libobjc4:amd64 (10-20200222-1) ...
Selecting previously unselected package libobjc-8-dev:amd64.
Preparing to unpack .../16-libobjc-8-dev_8.3.0-29_amd64.deb ...
Unpacking libobjc-8-dev:amd64 (8.3.0-29) ...
Selecting previously unselected package libc6-i386.
Preparing to unpack .../17-libc6-i386_2.29-10_amd64.deb ...
Unpacking libc6-i386 (2.29-10) ...
Selecting previously unselected package lib32gcc-s1.
Preparing to unpack .../18-lib32gcc-s1_10-20200222-1_amd64.deb ...
Unpacking lib32gcc-s1 (10-20200222-1) ...
Selecting previously unselected package lib32gcc1.
Preparing to unpack .../19-lib32gcc1_1%3a10-20200222-1_amd64.deb ...
Unpacking lib32gcc1 (1:10-20200222-1) ...
Selecting previously unselected package lib32stdc++6.
Preparing to unpack .../20-lib32stdc++6_10-20200222-1_amd64.deb ...
Unpacking lib32stdc++6 (10-20200222-1) ...
Selecting previously unselected package libclang-common-8-dev.
Preparing to unpack .../21-libclang-common-8-dev_1%3a8.0.1-7_amd64.deb ...
Unpacking libclang-common-8-dev (1:8.0.1-7) ...
Selecting previously unselected package libclang1-8.
Preparing to unpack .../22-libclang1-8_1%3a8.0.1-7_amd64.deb ...
Unpacking libclang1-8 (1:8.0.1-7) ...
Selecting previously unselected package clang-8.
Preparing to unpack .../23-clang-8_1%3a8.0.1-7_amd64.deb ...
Unpacking clang-8 (1:8.0.1-7) ...
Selecting previously unselected package libobjc-9-dev:amd64.
Preparing to unpack .../24-libobjc-9-dev_9.2.1-30_amd64.deb ...
Unpacking libobjc-9-dev:amd64 (9.2.1-30) ...
Selecting previously unselected package libomp5-8:amd64.
Preparing to unpack .../25-libomp5-8_1%3a8.0.1-7_amd64.deb ...
Unpacking libomp5-8:amd64 (1:8.0.1-7) ...
Selecting previously unselected package libomp-8-dev.
Preparing to unpack .../26-libomp-8-dev_1%3a8.0.1-7_amd64.deb ...
Unpacking libomp-8-dev (1:8.0.1-7) ...
Setting up libgc1c2:amd64 (1:7.6.4-0.4) ...
Setting up libobjc4:amd64 (10-20200222-1) ...
Setting up gcc-8-base:amd64 (8.3.0-29) ...
Setting up libmpx2:amd64 (8.3.0-29) ...
Setting up libc6-i386 (2.29-10) ...
Setting up libbsd0:amd64 (0.10.0-1) ...
Setting up libomp5-8:amd64 (1:8.0.1-7) ...
Setting up libomp-8-dev (1:8.0.1-7) ...
Setting up gcc-9-base:amd64 (9.2.1-30) ...
Setting up libedit2:amd64 (3.1-20191231-1) ...
Setting up libasan5:amd64 (9.2.1-30) ...
Setting up lib32gcc-s1 (10-20200222-1) ...
Setting up libgcc-8-dev:amd64 (8.3.0-29) ...
Setting up cpp-9 (9.2.1-30) ...
Setting up libstdc++-8-dev:amd64 (8.3.0-29) ...
Setting up libllvm8:amd64 (1:8.0.1-7) ...
Setting up libclang1-8 (1:8.0.1-7) ...
Setting up lib32gcc1 (1:10-20200222-1) ...
Setting up libgcc-9-dev:amd64 (9.2.1-30) ...
Setting up libobjc-8-dev:amd64 (8.3.0-29) ...
Setting up lib32stdc++6 (10-20200222-1) ...
Setting up libobjc-9-dev:amd64 (9.2.1-30) ...
Setting up gcc-9 (9.2.1-30) ...
Setting up libstdc++-9-dev:amd64 (9.2.1-30) ...
Setting up libclang-common-8-dev (1:8.0.1-7) ...
Setting up g++-9 (9.2.1-30) ...
Setting up clang-8 (1:8.0.1-7) ...
Processing triggers for libc-bin (2.29-10) ...
W: --force-yes is deprecated, use one of the options starting with --allow instead.
+ echo 'Replace gcc, g++ & cpp by clang'
Replace gcc, g++ & cpp by clang
+ VERSIONS='4.6 4.7 4.8 4.9 5 6 7 8 9 10'
+ cd /usr/bin
+ for VERSION in $VERSIONS
+ rm -f g++-4.6 gcc-4.6 cpp-4.6 gcc
+ ln -s clang++-8 g++-4.6
+ ln -s clang-8 gcc-4.6
+ ln -s clang-8 cpp-4.6
+ ln -s clang-8 gcc
+ echo 'gcc-4.6 hold'
+ dpkg --set-selections
dpkg: warning: package not in status nor available database at line 1: gcc-4.6
dpkg: warning: found unknown packages; this might mean the available database
is outdated, and needs to be updated through a frontend method;
please see the FAQ <https://wiki.debian.org/Teams/Dpkg/FAQ>
+ echo 'g++-4.6 hold'
+ dpkg --set-selections
dpkg: warning: package not in status nor available database at line 1: g++-4.6
dpkg: warning: found unknown packages; this might mean the available database
is outdated, and needs to be updated through a frontend method;
please see the FAQ <https://wiki.debian.org/Teams/Dpkg/FAQ>
+ for VERSION in $VERSIONS
+ rm -f g++-4.7 gcc-4.7 cpp-4.7 gcc
+ ln -s clang++-8 g++-4.7
+ ln -s clang-8 gcc-4.7
+ ln -s clang-8 cpp-4.7
+ ln -s clang-8 gcc
+ echo 'gcc-4.7 hold'
+ dpkg --set-selections
dpkg: warning: package not in status nor available database at line 1: gcc-4.7
dpkg: warning: found unknown packages; this might mean the available database
is outdated, and needs to be updated through a frontend method;
please see the FAQ <https://wiki.debian.org/Teams/Dpkg/FAQ>
+ echo 'g++-4.7 hold'
+ dpkg --set-selections
dpkg: warning: package not in status nor available database at line 1: g++-4.7
dpkg: warning: found unknown packages; this might mean the available database
is outdated, and needs to be updated through a frontend method;
please see the FAQ <https://wiki.debian.org/Teams/Dpkg/FAQ>
+ for VERSION in $VERSIONS
+ rm -f g++-4.8 gcc-4.8 cpp-4.8 gcc
+ ln -s clang++-8 g++-4.8
+ ln -s clang-8 gcc-4.8
+ ln -s clang-8 cpp-4.8
+ ln -s clang-8 gcc
+ echo 'gcc-4.8 hold'
+ dpkg --set-selections
dpkg: warning: package not in status nor available database at line 1: gcc-4.8
dpkg: warning: found unknown packages; this might mean the available database
is outdated, and needs to be updated through a frontend method;
please see the FAQ <https://wiki.debian.org/Teams/Dpkg/FAQ>
+ echo 'g++-4.8 hold'
+ dpkg --set-selections
dpkg: warning: package not in status nor available database at line 1: g++-4.8
dpkg: warning: found unknown packages; this might mean the available database
is outdated, and needs to be updated through a frontend method;
please see the FAQ <https://wiki.debian.org/Teams/Dpkg/FAQ>
+ for VERSION in $VERSIONS
+ rm -f g++-4.9 gcc-4.9 cpp-4.9 gcc
+ ln -s clang++-8 g++-4.9
+ ln -s clang-8 gcc-4.9
+ ln -s clang-8 cpp-4.9
+ ln -s clang-8 gcc
+ echo 'gcc-4.9 hold'
+ dpkg --set-selections
dpkg: warning: package not in status nor available database at line 1: gcc-4.9
dpkg: warning: found unknown packages; this might mean the available database
is outdated, and needs to be updated through a frontend method;
please see the FAQ <https://wiki.debian.org/Teams/Dpkg/FAQ>
+ echo 'g++-4.9 hold'
+ dpkg --set-selections
dpkg: warning: package not in status nor available database at line 1: g++-4.9
dpkg: warning: found unknown packages; this might mean the available database
is outdated, and needs to be updated through a frontend method;
please see the FAQ <https://wiki.debian.org/Teams/Dpkg/FAQ>
+ for VERSION in $VERSIONS
+ rm -f g++-5 gcc-5 cpp-5 gcc
+ ln -s clang++-8 g++-5
+ ln -s clang-8 gcc-5
+ ln -s clang-8 cpp-5
+ ln -s clang-8 gcc
+ echo 'gcc-5 hold'
+ dpkg --set-selections
dpkg: warning: package not in status nor available database at line 1: gcc-5
dpkg: warning: found unknown packages; this might mean the available database
is outdated, and needs to be updated through a frontend method;
please see the FAQ <https://wiki.debian.org/Teams/Dpkg/FAQ>
+ echo 'g++-5 hold'
+ dpkg --set-selections
dpkg: warning: package not in status nor available database at line 1: g++-5
dpkg: warning: found unknown packages; this might mean the available database
is outdated, and needs to be updated through a frontend method;
please see the FAQ <https://wiki.debian.org/Teams/Dpkg/FAQ>
+ for VERSION in $VERSIONS
+ rm -f g++-6 gcc-6 cpp-6 gcc
+ ln -s clang++-8 g++-6
+ ln -s clang-8 gcc-6
+ ln -s clang-8 cpp-6
+ ln -s clang-8 gcc
+ echo 'gcc-6 hold'
+ dpkg --set-selections
dpkg: warning: package not in status nor available database at line 1: gcc-6
dpkg: warning: found unknown packages; this might mean the available database
is outdated, and needs to be updated through a frontend method;
please see the FAQ <https://wiki.debian.org/Teams/Dpkg/FAQ>
+ echo 'g++-6 hold'
+ dpkg --set-selections
dpkg: warning: package not in status nor available database at line 1: g++-6
dpkg: warning: found unknown packages; this might mean the available database
is outdated, and needs to be updated through a frontend method;
please see the FAQ <https://wiki.debian.org/Teams/Dpkg/FAQ>
+ for VERSION in $VERSIONS
+ rm -f g++-7 gcc-7 cpp-7 gcc
+ ln -s clang++-8 g++-7
+ ln -s clang-8 gcc-7
+ ln -s clang-8 cpp-7
+ ln -s clang-8 gcc
+ echo 'gcc-7 hold'
+ dpkg --set-selections
dpkg: warning: package not in status nor available database at line 1: gcc-7
dpkg: warning: found unknown packages; this might mean the available database
is outdated, and needs to be updated through a frontend method;
please see the FAQ <https://wiki.debian.org/Teams/Dpkg/FAQ>
+ echo 'g++-7 hold'
+ dpkg --set-selections
dpkg: warning: package not in status nor available database at line 1: g++-7
dpkg: warning: found unknown packages; this might mean the available database
is outdated, and needs to be updated through a frontend method;
please see the FAQ <https://wiki.debian.org/Teams/Dpkg/FAQ>
+ for VERSION in $VERSIONS
+ rm -f g++-8 gcc-8 cpp-8 gcc
+ ln -s clang++-8 g++-8
+ ln -s clang-8 gcc-8
+ ln -s clang-8 cpp-8
+ ln -s clang-8 gcc
+ echo 'gcc-8 hold'
+ dpkg --set-selections
dpkg: warning: package not in status nor available database at line 1: gcc-8
dpkg: warning: found unknown packages; this might mean the available database
is outdated, and needs to be updated through a frontend method;
please see the FAQ <https://wiki.debian.org/Teams/Dpkg/FAQ>
+ echo 'g++-8 hold'
+ dpkg --set-selections
dpkg: warning: package not in status nor available database at line 1: g++-8
dpkg: warning: found unknown packages; this might mean the available database
is outdated, and needs to be updated through a frontend method;
please see the FAQ <https://wiki.debian.org/Teams/Dpkg/FAQ>
+ for VERSION in $VERSIONS
+ rm -f g++-9 gcc-9 cpp-9 gcc
+ ln -s clang++-8 g++-9
+ ln -s clang-8 gcc-9
+ ln -s clang-8 cpp-9
+ ln -s clang-8 gcc
+ echo 'gcc-9 hold'
+ dpkg --set-selections
+ echo 'g++-9 hold'
+ dpkg --set-selections
+ for VERSION in $VERSIONS
+ rm -f g++-10 gcc-10 cpp-10 gcc
+ ln -s clang++-8 g++-10
+ ln -s clang-8 gcc-10
+ ln -s clang-8 cpp-10
+ ln -s clang-8 gcc
+ echo 'gcc-10 hold'
+ dpkg --set-selections
dpkg: warning: package not in status nor available database at line 1: gcc-10
dpkg: warning: found unknown packages; this might mean the available database
is outdated, and needs to be updated through a frontend method;
please see the FAQ <https://wiki.debian.org/Teams/Dpkg/FAQ>
+ echo 'g++-10 hold'
+ dpkg --set-selections
dpkg: warning: package not in status nor available database at line 1: g++-10
dpkg: warning: found unknown packages; this might mean the available database
is outdated, and needs to be updated through a frontend method;
please see the FAQ <https://wiki.debian.org/Teams/Dpkg/FAQ>
+ cd -
/build/aptitude-naqGx8
+ echo 'Check if gcc, g++ & cpp are actually clang'
Check if gcc, g++ & cpp are actually clang
+ gcc --version
+ grep clang
+ cpp --version
+ grep clang
+ g++ --version
+ grep clang

I: Finished running '/tmp/clang8'.

Finished processing commands.
--------------------------------------------------------------------------------
I: NOTICE: Log filtering will replace 'build/aptitude-naqGx8/resolver-GmrypP' with '<<RESOLVERDIR>>'

+------------------------------------------------------------------------------+
| Update chroot                                                                |
+------------------------------------------------------------------------------+

Hit:1 http://127.0.0.1:12990/debian sid InRelease
Reading package lists...
Reading package lists...
Building dependency tree...
Reading state information...
Calculating upgrade...
The following packages will be upgraded:
  libgmp10 zlib1g
2 upgraded, 0 newly installed, 0 to remove and 0 not upgraded.
Need to get 343 kB of archives.
After this operation, 0 B of additional disk space will be used.
Get:1 http://127.0.0.1:12990/debian sid/main amd64 libgmp10 amd64 2:6.2.0+dfsg-4 [253 kB]
Get:2 http://127.0.0.1:12990/debian sid/main amd64 zlib1g amd64 1:1.2.11.dfsg-2 [90.4 kB]
debconf: delaying package configuration, since apt-utils is not installed
Fetched 343 kB in 0s (3443 kB/s)
(Reading database ... (Reading database ... 5%(Reading database ... 10%(Reading database ... 15%(Reading database ... 20%(Reading database ... 25%(Reading database ... 30%(Reading database ... 35%(Reading database ... 40%(Reading database ... 45%(Reading database ... 50%(Reading database ... 55%(Reading database ... 60%(Reading database ... 65%(Reading database ... 70%(Reading database ... 75%(Reading database ... 80%(Reading database ... 85%(Reading database ... 90%(Reading database ... 95%(Reading database ... 100%(Reading database ... 13887 files and directories currently installed.)
Preparing to unpack .../libgmp10_2%3a6.2.0+dfsg-4_amd64.deb ...
Unpacking libgmp10:amd64 (2:6.2.0+dfsg-4) over (2:6.2.0+dfsg-3) ...
Setting up libgmp10:amd64 (2:6.2.0+dfsg-4) ...
(Reading database ... (Reading database ... 5%(Reading database ... 10%(Reading database ... 15%(Reading database ... 20%(Reading database ... 25%(Reading database ... 30%(Reading database ... 35%(Reading database ... 40%(Reading database ... 45%(Reading database ... 50%(Reading database ... 55%(Reading database ... 60%(Reading database ... 65%(Reading database ... 70%(Reading database ... 75%(Reading database ... 80%(Reading database ... 85%(Reading database ... 90%(Reading database ... 95%(Reading database ... 100%(Reading database ... 13887 files and directories currently installed.)
Preparing to unpack .../zlib1g_1%3a1.2.11.dfsg-2_amd64.deb ...
Unpacking zlib1g:amd64 (1:1.2.11.dfsg-2) over (1:1.2.11.dfsg-1.2) ...
Setting up zlib1g:amd64 (1:1.2.11.dfsg-2) ...
Processing triggers for libc-bin (2.29-10) ...

+------------------------------------------------------------------------------+
| Fetch source files                                                           |
+------------------------------------------------------------------------------+


Check APT
---------

Checking available source versions...

Download source files with APT
------------------------------

Reading package lists...
NOTICE: 'aptitude' packaging is maintained in the 'Git' version control system at:
https://salsa.debian.org/apt-team/aptitude.git -b debian-sid
Please use:
git clone https://salsa.debian.org/apt-team/aptitude.git -b debian-sid
to retrieve the latest (possibly unreleased) updates to the package.
Need to get 4783 kB of source archives.
Get:1 http://127.0.0.1:12990/debian sid/main aptitude 0.8.12-1 (dsc) [3030 B]
Get:2 http://127.0.0.1:12990/debian sid/main aptitude 0.8.12-1 (tar) [4724 kB]
Get:3 http://127.0.0.1:12990/debian sid/main aptitude 0.8.12-1 (diff) [56.1 kB]
Fetched 4783 kB in 0s (45.1 MB/s)
Download complete and in download only mode
I: NOTICE: Log filtering will replace 'build/aptitude-naqGx8/aptitude-0.8.12' with '<<PKGBUILDDIR>>'
I: NOTICE: Log filtering will replace 'build/aptitude-naqGx8' with '<<BUILDDIR>>'

+------------------------------------------------------------------------------+
| Install package build dependencies                                           |
+------------------------------------------------------------------------------+


Setup apt archive
-----------------

Merged Build-Depends: debhelper (>= 11~), autoconf-archive, dpkg-dev (>= 1.16.1), gettext, libapt-pkg-dev (>= 1.1), libboost-dev, libboost-iostreams-dev, libboost-system-dev, libboost-test-dev, libcppunit-dev, libcwidget-dev (>= 0.5.18), libgmock-dev (>= 1.8.0-9), libgtest-dev (>= 1.8.0-9), libncurses-dev (>= 6.1+20180210), libsigc++-2.0-dev, libsqlite3-dev, libxapian-dev, pkg-config, build-essential, fakeroot, docbook-xml, docbook-xsl, elinks, librsvg2-bin, po4a, xsltproc
Filtered Build-Depends: debhelper (>= 11~), autoconf-archive, dpkg-dev (>= 1.16.1), gettext, libapt-pkg-dev (>= 1.1), libboost-dev, libboost-iostreams-dev, libboost-system-dev, libboost-test-dev, libcppunit-dev, libcwidget-dev (>= 0.5.18), libgmock-dev (>= 1.8.0-9), libgtest-dev (>= 1.8.0-9), libncurses-dev (>= 6.1+20180210), libsigc++-2.0-dev, libsqlite3-dev, libxapian-dev, pkg-config, build-essential, fakeroot, docbook-xml, docbook-xsl, elinks, librsvg2-bin, po4a, xsltproc
dpkg-deb: building package 'sbuild-build-depends-main-dummy' in '/<<RESOLVERDIR>>/apt_archive/sbuild-build-depends-main-dummy.deb'.
Ign:1 copy:/<<RESOLVERDIR>>/apt_archive ./ InRelease
Get:2 copy:/<<RESOLVERDIR>>/apt_archive ./ Release [963 B]
Ign:3 copy:/<<RESOLVERDIR>>/apt_archive ./ Release.gpg
Get:4 copy:/<<RESOLVERDIR>>/apt_archive ./ Sources [556 B]
Get:5 copy:/<<RESOLVERDIR>>/apt_archive ./ Packages [634 B]
Fetched 2153 B in 0s (0 B/s)
Reading package lists...
Reading package lists...

Install main build dependencies (apt-based resolver)
----------------------------------------------------

Installing build dependencies
Reading package lists...
Building dependency tree...
Reading state information...
The following additional packages will be installed:
  autoconf autoconf-archive automake autopoint autotools-dev bsdmainutils
  debhelper dh-autoreconf dh-strip-nondeterminism docbook-xml docbook-xsl dwz
  elinks elinks-data file fontconfig fontconfig-config fonts-dejavu-core
  gettext gettext-base googletest groff-base icu-devtools intltool-debian
  libapt-inst2.0 libapt-pkg-dev libarchive-zip-perl libboost-dev
  libboost-iostreams-dev libboost-iostreams1.67-dev libboost-iostreams1.67.0
  libboost-regex1.67-dev libboost-regex1.67.0 libboost-system-dev
  libboost-system1.67-dev libboost-system1.67.0 libboost-test-dev
  libboost-test1.67-dev libboost-test1.67.0 libboost1.67-dev libcairo2
  libcppunit-1.15-0 libcppunit-dev libcroco3 libcwidget-dev libcwidget4
  libdatrie1 libdebhelper-perl libelf1 libev4 libexpat1
  libfile-stripnondeterminism-perl libfontconfig1 libfreetype6 libfribidi0
  libfsplib0 libgdk-pixbuf2.0-0 libgdk-pixbuf2.0-common libglib2.0-0
  libgmock-dev libgpm2 libgraphite2-3 libgssapi-krb5-2 libgtest-dev
  libharfbuzz0b libicu-dev libicu63 libidn11 libjbig0 libjpeg62-turbo
  libk5crypto3 libkeyutils1 libkrb5-3 libkrb5support0 liblua5.1-0 libmagic-mgc
  libmagic1 libncurses-dev libncurses6 libncursesw5-dev libosp5 libpango-1.0-0
  libpangocairo-1.0-0 libpangoft2-1.0-0 libpipeline1 libpixman-1-0 libpng16-16
  librsvg2-2 librsvg2-bin libsgmls-perl libsigc++-2.0-0v5 libsigc++-2.0-dev
  libsigsegv2 libsqlite3-0 libsqlite3-dev libssl1.1 libsub-override-perl
  libthai-data libthai0 libtiff5 libtool libtre5 libuchardet0 libwebp6
  libx11-6 libx11-data libxapian-dev libxapian30 libxau6 libxcb-render0
  libxcb-shm0 libxcb1 libxdmcp6 libxext6 libxml2 libxrender1 libxslt1.1
  libyaml-tiny-perl m4 man-db opensp pkg-config po-debconf po4a sensible-utils
  sgml-base sgml-data shared-mime-info ucf xml-core xsltproc zlib1g-dev
Suggested packages:
  gnu-standards autoconf-doc wamerican | wordlist whois vacation dh-make
  docbook docbook-dsssl docbook-defguide dbtoepub docbook-xsl-doc-html
  | docbook-xsl-doc-pdf | docbook-xsl-doc-text | docbook-xsl-doc
  docbook-xsl-saxon fop libsaxon-java libxalan2-java libxslthl-java xalan
  elinks-doc gettext-doc libasprintf-dev libgettextpo-dev groff libboost-doc
  libboost1.67-doc libboost-atomic1.67-dev libboost-chrono1.67-dev
  libboost-container1.67-dev libboost-context1.67-dev
  libboost-contract1.67-dev libboost-coroutine1.67-dev
  libboost-date-time1.67-dev libboost-exception1.67-dev libboost-fiber1.67-dev
  libboost-filesystem1.67-dev libboost-graph1.67-dev
  libboost-graph-parallel1.67-dev libboost-locale1.67-dev libboost-log1.67-dev
  libboost-math1.67-dev libboost-mpi1.67-dev libboost-mpi-python1.67-dev
  libboost-numpy1.67-dev libboost-program-options1.67-dev
  libboost-python1.67-dev libboost-random1.67-dev
  libboost-serialization1.67-dev libboost-signals1.67-dev
  libboost-stacktrace1.67-dev libboost-thread1.67-dev libboost-timer1.67-dev
  libboost-type-erasure1.67-dev libboost-wave1.67-dev libboost1.67-tools-dev
  libmpfrc++-dev libntl-dev libcppunit-doc libcwidget-doc gpm krb5-doc
  krb5-user icu-doc ncurses-doc sgmlspl sgmls-doc libsigc++-2.0-doc
  sqlite3-doc libtool-doc gfortran | fortran95-compiler gcj-jdk tre-agrep
  xapian-doc xapian-examples xapian-tools m4-doc apparmor less doc-base
  libmail-box-perl sgml-base-doc perlsgml w3-recs libxml2-utils
Recommended packages:
  curl | wget | lynx libarchive-cpio-perl libgdk-pixbuf2.0-bin libglib2.0-data
  xdg-user-dirs krb5-locales librsvg2-common libltdl-dev libmail-sendmail-perl
  liblocale-gettext-perl libterm-readkey-perl libtext-wrapi18n-perl
  libunicode-linebreak-perl
The following NEW packages will be installed:
  autoconf autoconf-archive automake autopoint autotools-dev bsdmainutils
  debhelper dh-autoreconf dh-strip-nondeterminism docbook-xml docbook-xsl dwz
  elinks elinks-data file fontconfig fontconfig-config fonts-dejavu-core
  gettext gettext-base googletest groff-base icu-devtools intltool-debian
  libapt-inst2.0 libapt-pkg-dev libarchive-zip-perl libboost-dev
  libboost-iostreams-dev libboost-iostreams1.67-dev libboost-iostreams1.67.0
  libboost-regex1.67-dev libboost-regex1.67.0 libboost-system-dev
  libboost-system1.67-dev libboost-system1.67.0 libboost-test-dev
  libboost-test1.67-dev libboost-test1.67.0 libboost1.67-dev libcairo2
  libcppunit-1.15-0 libcppunit-dev libcroco3 libcwidget-dev libcwidget4
  libdatrie1 libdebhelper-perl libelf1 libev4 libexpat1
  libfile-stripnondeterminism-perl libfontconfig1 libfreetype6 libfribidi0
  libfsplib0 libgdk-pixbuf2.0-0 libgdk-pixbuf2.0-common libglib2.0-0
  libgmock-dev libgpm2 libgraphite2-3 libgssapi-krb5-2 libgtest-dev
  libharfbuzz0b libicu-dev libicu63 libidn11 libjbig0 libjpeg62-turbo
  libk5crypto3 libkeyutils1 libkrb5-3 libkrb5support0 liblua5.1-0 libmagic-mgc
  libmagic1 libncurses-dev libncurses6 libncursesw5-dev libosp5 libpango-1.0-0
  libpangocairo-1.0-0 libpangoft2-1.0-0 libpipeline1 libpixman-1-0 libpng16-16
  librsvg2-2 librsvg2-bin libsgmls-perl libsigc++-2.0-0v5 libsigc++-2.0-dev
  libsigsegv2 libsqlite3-0 libsqlite3-dev libssl1.1 libsub-override-perl
  libthai-data libthai0 libtiff5 libtool libtre5 libuchardet0 libwebp6
  libx11-6 libx11-data libxapian-dev libxapian30 libxau6 libxcb-render0
  libxcb-shm0 libxcb1 libxdmcp6 libxext6 libxml2 libxrender1 libxslt1.1
  libyaml-tiny-perl m4 man-db opensp pkg-config po-debconf po4a
  sbuild-build-depends-main-dummy sensible-utils sgml-base sgml-data
  shared-mime-info ucf xml-core xsltproc zlib1g-dev
0 upgraded, 133 newly installed, 0 to remove and 0 not upgraded.
Need to get 68.1 MB of archives.
After this operation, 388 MB of additional disk space will be used.
Get:1 copy:/<<RESOLVERDIR>>/apt_archive ./ sbuild-build-depends-main-dummy 0.invalid.0 [1056 B]
Get:2 http://127.0.0.1:12990/debian sid/main amd64 bsdmainutils amd64 11.1.2+b1 [191 kB]
Get:3 http://127.0.0.1:12990/debian sid/main amd64 libuchardet0 amd64 0.0.6-3 [64.9 kB]
Get:4 http://127.0.0.1:12990/debian sid/main amd64 groff-base amd64 1.22.4-4 [919 kB]
Get:5 http://127.0.0.1:12990/debian sid/main amd64 libpipeline1 amd64 1.5.2-2 [33.9 kB]
Get:6 http://127.0.0.1:12990/debian sid/main amd64 man-db amd64 2.9.0-2 [1307 kB]
Get:7 http://127.0.0.1:12990/debian sid/main amd64 autoconf-archive all 20190106-2.1 [746 kB]
Get:8 http://127.0.0.1:12990/debian sid/main amd64 sgml-base all 1.29.1 [15.0 kB]
Get:9 http://127.0.0.1:12990/debian sid/main amd64 sensible-utils all 0.0.12+nmu1 [16.0 kB]
Get:10 http://127.0.0.1:12990/debian sid/main amd64 libmagic-mgc amd64 1:5.38-4 [262 kB]
Get:11 http://127.0.0.1:12990/debian sid/main amd64 libmagic1 amd64 1:5.38-4 [120 kB]
Get:12 http://127.0.0.1:12990/debian sid/main amd64 file amd64 1:5.38-4 [67.9 kB]
Get:13 http://127.0.0.1:12990/debian sid/main amd64 gettext-base amd64 0.19.8.1-10 [123 kB]
Get:14 http://127.0.0.1:12990/debian sid/main amd64 ucf all 3.0038+nmu1 [69.0 kB]
Get:15 http://127.0.0.1:12990/debian sid/main amd64 libsigsegv2 amd64 2.12-2 [32.8 kB]
Get:16 http://127.0.0.1:12990/debian sid/main amd64 m4 amd64 1.4.18-4 [203 kB]
Get:17 http://127.0.0.1:12990/debian sid/main amd64 autoconf all 2.69-11.1 [341 kB]
Get:18 http://127.0.0.1:12990/debian sid/main amd64 autotools-dev all 20180224.1 [77.0 kB]
Get:19 http://127.0.0.1:12990/debian sid/main amd64 automake all 1:1.16.1-4 [771 kB]
Get:20 http://127.0.0.1:12990/debian sid/main amd64 autopoint all 0.19.8.1-10 [435 kB]
Get:21 http://127.0.0.1:12990/debian sid/main amd64 libtool all 2.4.6-13 [513 kB]
Get:22 http://127.0.0.1:12990/debian sid/main amd64 dh-autoreconf all 19 [16.9 kB]
Get:23 http://127.0.0.1:12990/debian sid/main amd64 libdebhelper-perl all 12.9 [183 kB]
Get:24 http://127.0.0.1:12990/debian sid/main amd64 libarchive-zip-perl all 1.67-1 [104 kB]
Get:25 http://127.0.0.1:12990/debian sid/main amd64 libsub-override-perl all 0.09-2 [10.2 kB]
Get:26 http://127.0.0.1:12990/debian sid/main amd64 libfile-stripnondeterminism-perl all 1.6.3-2 [23.7 kB]
Get:27 http://127.0.0.1:12990/debian sid/main amd64 dh-strip-nondeterminism all 1.6.3-2 [14.7 kB]
Get:28 http://127.0.0.1:12990/debian sid/main amd64 libelf1 amd64 0.176-1.1 [161 kB]
Get:29 http://127.0.0.1:12990/debian sid/main amd64 dwz amd64 0.13-5 [151 kB]
Get:30 http://127.0.0.1:12990/debian sid/main amd64 libglib2.0-0 amd64 2.62.4-2 [1319 kB]
Get:31 http://127.0.0.1:12990/debian sid/main amd64 libicu63 amd64 63.2-2 [8301 kB]
Get:32 http://127.0.0.1:12990/debian sid/main amd64 libxml2 amd64 2.9.10+dfsg-3 [709 kB]
Get:33 http://127.0.0.1:12990/debian sid/main amd64 libcroco3 amd64 0.6.13-1 [146 kB]
Get:34 http://127.0.0.1:12990/debian sid/main amd64 gettext amd64 0.19.8.1-10 [1303 kB]
Get:35 http://127.0.0.1:12990/debian sid/main amd64 intltool-debian all 0.35.0+20060710.5 [26.8 kB]
Get:36 http://127.0.0.1:12990/debian sid/main amd64 po-debconf all 1.0.21 [248 kB]
Get:37 http://127.0.0.1:12990/debian sid/main amd64 debhelper all 12.9 [994 kB]
Get:38 http://127.0.0.1:12990/debian sid/main amd64 xml-core all 0.18+nmu1 [23.8 kB]
Get:39 http://127.0.0.1:12990/debian sid/main amd64 sgml-data all 2.0.11 [179 kB]
Get:40 http://127.0.0.1:12990/debian sid/main amd64 docbook-xml all 4.5-9 [84.4 kB]
Get:41 http://127.0.0.1:12990/debian sid/main amd64 docbook-xsl all 1.79.1+dfsg-2 [1249 kB]
Get:42 http://127.0.0.1:12990/debian sid/main amd64 libev4 amd64 1:4.31-1 [44.3 kB]
Get:43 http://127.0.0.1:12990/debian sid/main amd64 libexpat1 amd64 2.2.9-1 [94.3 kB]
Get:44 http://127.0.0.1:12990/debian sid/main amd64 libfsplib0 amd64 0.14-1 [13.8 kB]
Get:45 http://127.0.0.1:12990/debian sid/main amd64 libgpm2 amd64 1.20.7-5+b1 [35.3 kB]
Get:46 http://127.0.0.1:12990/debian sid/main amd64 libkeyutils1 amd64 1.6.1-2 [15.4 kB]
Get:47 http://127.0.0.1:12990/debian sid/main amd64 libkrb5support0 amd64 1.17-6 [64.6 kB]
Get:48 http://127.0.0.1:12990/debian sid/main amd64 libk5crypto3 amd64 1.17-6 [116 kB]
Get:49 http://127.0.0.1:12990/debian sid/main amd64 libssl1.1 amd64 1.1.1d-2 [1540 kB]
Get:50 http://127.0.0.1:12990/debian sid/main amd64 libkrb5-3 amd64 1.17-6 [366 kB]
Get:51 http://127.0.0.1:12990/debian sid/main amd64 libgssapi-krb5-2 amd64 1.17-6 [156 kB]
Get:52 http://127.0.0.1:12990/debian sid/main amd64 libidn11 amd64 1.33-2.2 [116 kB]
Get:53 http://127.0.0.1:12990/debian sid/main amd64 liblua5.1-0 amd64 5.1.5-8.1+b3 [109 kB]
Get:54 http://127.0.0.1:12990/debian sid/main amd64 libtre5 amd64 0.8.0-6+b1 [59.0 kB]
Get:55 http://127.0.0.1:12990/debian sid/main amd64 elinks-data all 0.13.1-1 [385 kB]
Get:56 http://127.0.0.1:12990/debian sid/main amd64 elinks amd64 0.13.1-1 [607 kB]
Get:57 http://127.0.0.1:12990/debian sid/main amd64 libpng16-16 amd64 1.6.37-2 [292 kB]
Get:58 http://127.0.0.1:12990/debian sid/main amd64 libfreetype6 amd64 2.10.1-2 [392 kB]
Get:59 http://127.0.0.1:12990/debian sid/main amd64 fonts-dejavu-core all 2.37-1 [1068 kB]
Get:60 http://127.0.0.1:12990/debian sid/main amd64 fontconfig-config all 2.13.1-2 [280 kB]
Get:61 http://127.0.0.1:12990/debian sid/main amd64 libfontconfig1 amd64 2.13.1-2+b1 [347 kB]
Get:62 http://127.0.0.1:12990/debian sid/main amd64 fontconfig amd64 2.13.1-2+b1 [405 kB]
Get:63 http://127.0.0.1:12990/debian sid/main amd64 googletest all 1.10.0-2 [626 kB]
Get:64 http://127.0.0.1:12990/debian sid/main amd64 icu-devtools amd64 63.2-2 [189 kB]
Get:65 http://127.0.0.1:12990/debian sid/main amd64 libapt-inst2.0 amd64 1.8.4 [204 kB]
Get:66 http://127.0.0.1:12990/debian sid/main amd64 zlib1g-dev amd64 1:1.2.11.dfsg-2 [190 kB]
Get:67 http://127.0.0.1:12990/debian sid/main amd64 libapt-pkg-dev amd64 1.8.4 [248 kB]
Get:68 http://127.0.0.1:12990/debian sid/main amd64 libboost1.67-dev amd64 1.67.0-17 [8389 kB]
Get:69 http://127.0.0.1:12990/debian sid/main amd64 libboost-dev amd64 1.67.0.2+b1 [4496 B]
Get:70 http://127.0.0.1:12990/debian sid/main amd64 libboost-regex1.67.0 amd64 1.67.0-17 [513 kB]
Get:71 http://127.0.0.1:12990/debian sid/main amd64 libicu-dev amd64 63.2-2 [9190 kB]
Get:72 http://127.0.0.1:12990/debian sid/main amd64 libboost-regex1.67-dev amd64 1.67.0-17 [567 kB]
Get:73 http://127.0.0.1:12990/debian sid/main amd64 libboost-iostreams1.67.0 amd64 1.67.0-17 [250 kB]
Get:74 http://127.0.0.1:12990/debian sid/main amd64 libboost-iostreams1.67-dev amd64 1.67.0-17 [256 kB]
Get:75 http://127.0.0.1:12990/debian sid/main amd64 libboost-iostreams-dev amd64 1.67.0.2+b1 [4260 B]
Get:76 http://127.0.0.1:12990/debian sid/main amd64 libboost-system1.67.0 amd64 1.67.0-17 [229 kB]
Get:77 http://127.0.0.1:12990/debian sid/main amd64 libboost-system1.67-dev amd64 1.67.0-17 [232 kB]
Get:78 http://127.0.0.1:12990/debian sid/main amd64 libboost-system-dev amd64 1.67.0.2+b1 [4416 B]
Get:79 http://127.0.0.1:12990/debian sid/main amd64 libboost-test1.67.0 amd64 1.67.0-17 [463 kB]
Get:80 http://127.0.0.1:12990/debian sid/main amd64 libboost-test1.67-dev amd64 1.67.0-17 [516 kB]
Get:81 http://127.0.0.1:12990/debian sid/main amd64 libboost-test-dev amd64 1.67.0.2+b1 [4312 B]
Get:82 http://127.0.0.1:12990/debian sid/main amd64 libpixman-1-0 amd64 0.36.0-1 [537 kB]
Get:83 http://127.0.0.1:12990/debian sid/main amd64 libxau6 amd64 1:1.0.8-1+b2 [19.9 kB]
Get:84 http://127.0.0.1:12990/debian sid/main amd64 libxdmcp6 amd64 1:1.1.2-3 [26.3 kB]
Get:85 http://127.0.0.1:12990/debian sid/main amd64 libxcb1 amd64 1.13.1-5 [137 kB]
Get:86 http://127.0.0.1:12990/debian sid/main amd64 libx11-data all 2:1.6.8-1 [298 kB]
Get:87 http://127.0.0.1:12990/debian sid/main amd64 libx11-6 amd64 2:1.6.8-1 [756 kB]
Get:88 http://127.0.0.1:12990/debian sid/main amd64 libxcb-render0 amd64 1.13.1-5 [109 kB]
Get:89 http://127.0.0.1:12990/debian sid/main amd64 libxcb-shm0 amd64 1.13.1-5 [99.3 kB]
Get:90 http://127.0.0.1:12990/debian sid/main amd64 libxext6 amd64 2:1.3.3-1+b2 [52.5 kB]
Get:91 http://127.0.0.1:12990/debian sid/main amd64 libxrender1 amd64 1:0.9.10-1 [33.0 kB]
Get:92 http://127.0.0.1:12990/debian sid/main amd64 libcairo2 amd64 1.16.0-4 [689 kB]
Get:93 http://127.0.0.1:12990/debian sid/main amd64 libcppunit-1.15-0 amd64 1.15.1-2 [145 kB]
Get:94 http://127.0.0.1:12990/debian sid/main amd64 libcppunit-dev amd64 1.15.1-2 [204 kB]
Get:95 http://127.0.0.1:12990/debian sid/main amd64 libsigc++-2.0-0v5 amd64 2.10.2-1 [64.0 kB]
Get:96 http://127.0.0.1:12990/debian sid/main amd64 libcwidget4 amd64 0.5.18-5 [315 kB]
Get:97 http://127.0.0.1:12990/debian sid/main amd64 pkg-config amd64 0.29-6 [63.5 kB]
Get:98 http://127.0.0.1:12990/debian sid/main amd64 libsigc++-2.0-dev amd64 2.10.2-1 [118 kB]
Get:99 http://127.0.0.1:12990/debian sid/main amd64 libncurses6 amd64 6.1+20191019-1 [102 kB]
Get:100 http://127.0.0.1:12990/debian sid/main amd64 libncurses-dev amd64 6.1+20191019-1 [337 kB]
Get:101 http://127.0.0.1:12990/debian sid/main amd64 libncursesw5-dev amd64 6.1+20191019-1 [944 B]
Get:102 http://127.0.0.1:12990/debian sid/main amd64 libcwidget-dev amd64 0.5.18-5 [391 kB]
Get:103 http://127.0.0.1:12990/debian sid/main amd64 libdatrie1 amd64 0.2.12-3 [39.5 kB]
Get:104 http://127.0.0.1:12990/debian sid/main amd64 libfribidi0 amd64 1.0.8-2 [64.8 kB]
Get:105 http://127.0.0.1:12990/debian sid/main amd64 libjpeg62-turbo amd64 1:1.5.2-2+b1 [134 kB]
Get:106 http://127.0.0.1:12990/debian sid/main amd64 libjbig0 amd64 2.1-3.1+b2 [31.0 kB]
Get:107 http://127.0.0.1:12990/debian sid/main amd64 libwebp6 amd64 0.6.1-2+b1 [261 kB]
Get:108 http://127.0.0.1:12990/debian sid/main amd64 libtiff5 amd64 4.1.0+git191117-2 [271 kB]
Get:109 http://127.0.0.1:12990/debian sid/main amd64 shared-mime-info amd64 1.10-1 [766 kB]
Get:110 http://127.0.0.1:12990/debian sid/main amd64 libgdk-pixbuf2.0-common all 2.40.0+dfsg-2 [317 kB]
Get:111 http://127.0.0.1:12990/debian sid/main amd64 libgdk-pixbuf2.0-0 amd64 2.40.0+dfsg-2 [177 kB]
Get:112 http://127.0.0.1:12990/debian sid/main amd64 libgtest-dev amd64 1.10.0-2 [1589 kB]
Get:113 http://127.0.0.1:12990/debian sid/main amd64 libgmock-dev amd64 1.10.0-2 [124 kB]
Get:114 http://127.0.0.1:12990/debian sid/main amd64 libgraphite2-3 amd64 1.3.13-11 [80.9 kB]
Get:115 http://127.0.0.1:12990/debian sid/main amd64 libharfbuzz0b amd64 2.6.4-1 [1360 kB]
Get:116 http://127.0.0.1:12990/debian sid/main amd64 libosp5 amd64 1.5.2-13+b1 [948 kB]
Get:117 http://127.0.0.1:12990/debian sid/main amd64 libthai-data all 0.1.28-3 [170 kB]
Get:118 http://127.0.0.1:12990/debian sid/main amd64 libthai0 amd64 0.1.28-3 [54.2 kB]
Get:119 http://127.0.0.1:12990/debian sid/main amd64 libpango-1.0-0 amd64 1.42.4-8 [186 kB]
Get:120 http://127.0.0.1:12990/debian sid/main amd64 libpangoft2-1.0-0 amd64 1.42.4-8 [68.2 kB]
Get:121 http://127.0.0.1:12990/debian sid/main amd64 libpangocairo-1.0-0 amd64 1.42.4-8 [55.7 kB]
Get:122 http://127.0.0.1:12990/debian sid/main amd64 librsvg2-2 amd64 2.46.4-1 [1272 kB]
Get:123 http://127.0.0.1:12990/debian sid/main amd64 librsvg2-bin amd64 2.46.4-1 [28.4 kB]
Get:124 http://127.0.0.1:12990/debian sid/main amd64 libsgmls-perl all 1.03ii-36 [26.5 kB]
Get:125 http://127.0.0.1:12990/debian sid/main amd64 libsqlite3-0 amd64 3.31.1-3 [661 kB]
Get:126 http://127.0.0.1:12990/debian sid/main amd64 libsqlite3-dev amd64 3.31.1-3 [810 kB]
Get:127 http://127.0.0.1:12990/debian sid/main amd64 libxapian30 amd64 1.4.14-2 [1085 kB]
Get:128 http://127.0.0.1:12990/debian sid/main amd64 libxapian-dev amd64 1.4.14-2 [513 kB]
Get:129 http://127.0.0.1:12990/debian sid/main amd64 libxslt1.1 amd64 1.1.34-3 [239 kB]
Get:130 http://127.0.0.1:12990/debian sid/main amd64 libyaml-tiny-perl all 1.73-1 [32.3 kB]
Get:131 http://127.0.0.1:12990/debian sid/main amd64 opensp amd64 1.5.2-13+b1 [449 kB]
Get:132 http://127.0.0.1:12990/debian sid/main amd64 po4a all 0.55-1 [1542 kB]
Get:133 http://127.0.0.1:12990/debian sid/main amd64 xsltproc amd64 1.1.34-3 [124 kB]
debconf: delaying package configuration, since apt-utils is not installed
Fetched 68.1 MB in 1s (87.9 MB/s)
Selecting previously unselected package bsdmainutils.
(Reading database ... 13887 files and directories currently installed.)
Preparing to unpack .../000-bsdmainutils_11.1.2+b1_amd64.deb ...
Unpacking bsdmainutils (11.1.2+b1) ...
Selecting previously unselected package libuchardet0:amd64.
Preparing to unpack .../001-libuchardet0_0.0.6-3_amd64.deb ...
Unpacking libuchardet0:amd64 (0.0.6-3) ...
Selecting previously unselected package groff-base.
Preparing to unpack .../002-groff-base_1.22.4-4_amd64.deb ...
Unpacking groff-base (1.22.4-4) ...
Selecting previously unselected package libpipeline1:amd64.
Preparing to unpack .../003-libpipeline1_1.5.2-2_amd64.deb ...
Unpacking libpipeline1:amd64 (1.5.2-2) ...
Selecting previously unselected package man-db.
Preparing to unpack .../004-man-db_2.9.0-2_amd64.deb ...
Unpacking man-db (2.9.0-2) ...
Selecting previously unselected package autoconf-archive.
Preparing to unpack .../005-autoconf-archive_20190106-2.1_all.deb ...
Unpacking autoconf-archive (20190106-2.1) ...
Selecting previously unselected package sgml-base.
Preparing to unpack .../006-sgml-base_1.29.1_all.deb ...
Unpacking sgml-base (1.29.1) ...
Selecting previously unselected package sensible-utils.
Preparing to unpack .../007-sensible-utils_0.0.12+nmu1_all.deb ...
Unpacking sensible-utils (0.0.12+nmu1) ...
Selecting previously unselected package libmagic-mgc.
Preparing to unpack .../008-libmagic-mgc_1%3a5.38-4_amd64.deb ...
Unpacking libmagic-mgc (1:5.38-4) ...
Selecting previously unselected package libmagic1:amd64.
Preparing to unpack .../009-libmagic1_1%3a5.38-4_amd64.deb ...
Unpacking libmagic1:amd64 (1:5.38-4) ...
Selecting previously unselected package file.
Preparing to unpack .../010-file_1%3a5.38-4_amd64.deb ...
Unpacking file (1:5.38-4) ...
Selecting previously unselected package gettext-base.
Preparing to unpack .../011-gettext-base_0.19.8.1-10_amd64.deb ...
Unpacking gettext-base (0.19.8.1-10) ...
Selecting previously unselected package ucf.
Preparing to unpack .../012-ucf_3.0038+nmu1_all.deb ...
Moving old data out of the way
Unpacking ucf (3.0038+nmu1) ...
Selecting previously unselected package libsigsegv2:amd64.
Preparing to unpack .../013-libsigsegv2_2.12-2_amd64.deb ...
Unpacking libsigsegv2:amd64 (2.12-2) ...
Selecting previously unselected package m4.
Preparing to unpack .../014-m4_1.4.18-4_amd64.deb ...
Unpacking m4 (1.4.18-4) ...
Selecting previously unselected package autoconf.
Preparing to unpack .../015-autoconf_2.69-11.1_all.deb ...
Unpacking autoconf (2.69-11.1) ...
Selecting previously unselected package autotools-dev.
Preparing to unpack .../016-autotools-dev_20180224.1_all.deb ...
Unpacking autotools-dev (20180224.1) ...
Selecting previously unselected package automake.
Preparing to unpack .../017-automake_1%3a1.16.1-4_all.deb ...
Unpacking automake (1:1.16.1-4) ...
Selecting previously unselected package autopoint.
Preparing to unpack .../018-autopoint_0.19.8.1-10_all.deb ...
Unpacking autopoint (0.19.8.1-10) ...
Selecting previously unselected package libtool.
Preparing to unpack .../019-libtool_2.4.6-13_all.deb ...
Unpacking libtool (2.4.6-13) ...
Selecting previously unselected package dh-autoreconf.
Preparing to unpack .../020-dh-autoreconf_19_all.deb ...
Unpacking dh-autoreconf (19) ...
Selecting previously unselected package libdebhelper-perl.
Preparing to unpack .../021-libdebhelper-perl_12.9_all.deb ...
Unpacking libdebhelper-perl (12.9) ...
Selecting previously unselected package libarchive-zip-perl.
Preparing to unpack .../022-libarchive-zip-perl_1.67-1_all.deb ...
Unpacking libarchive-zip-perl (1.67-1) ...
Selecting previously unselected package libsub-override-perl.
Preparing to unpack .../023-libsub-override-perl_0.09-2_all.deb ...
Unpacking libsub-override-perl (0.09-2) ...
Selecting previously unselected package libfile-stripnondeterminism-perl.
Preparing to unpack .../024-libfile-stripnondeterminism-perl_1.6.3-2_all.deb ...
Unpacking libfile-stripnondeterminism-perl (1.6.3-2) ...
Selecting previously unselected package dh-strip-nondeterminism.
Preparing to unpack .../025-dh-strip-nondeterminism_1.6.3-2_all.deb ...
Unpacking dh-strip-nondeterminism (1.6.3-2) ...
Selecting previously unselected package libelf1:amd64.
Preparing to unpack .../026-libelf1_0.176-1.1_amd64.deb ...
Unpacking libelf1:amd64 (0.176-1.1) ...
Selecting previously unselected package dwz.
Preparing to unpack .../027-dwz_0.13-5_amd64.deb ...
Unpacking dwz (0.13-5) ...
Selecting previously unselected package libglib2.0-0:amd64.
Preparing to unpack .../028-libglib2.0-0_2.62.4-2_amd64.deb ...
Unpacking libglib2.0-0:amd64 (2.62.4-2) ...
Selecting previously unselected package libicu63:amd64.
Preparing to unpack .../029-libicu63_63.2-2_amd64.deb ...
Unpacking libicu63:amd64 (63.2-2) ...
Selecting previously unselected package libxml2:amd64.
Preparing to unpack .../030-libxml2_2.9.10+dfsg-3_amd64.deb ...
Unpacking libxml2:amd64 (2.9.10+dfsg-3) ...
Selecting previously unselected package libcroco3:amd64.
Preparing to unpack .../031-libcroco3_0.6.13-1_amd64.deb ...
Unpacking libcroco3:amd64 (0.6.13-1) ...
Selecting previously unselected package gettext.
Preparing to unpack .../032-gettext_0.19.8.1-10_amd64.deb ...
Unpacking gettext (0.19.8.1-10) ...
Selecting previously unselected package intltool-debian.
Preparing to unpack .../033-intltool-debian_0.35.0+20060710.5_all.deb ...
Unpacking intltool-debian (0.35.0+20060710.5) ...
Selecting previously unselected package po-debconf.
Preparing to unpack .../034-po-debconf_1.0.21_all.deb ...
Unpacking po-debconf (1.0.21) ...
Selecting previously unselected package debhelper.
Preparing to unpack .../035-debhelper_12.9_all.deb ...
Unpacking debhelper (12.9) ...
Selecting previously unselected package xml-core.
Preparing to unpack .../036-xml-core_0.18+nmu1_all.deb ...
Unpacking xml-core (0.18+nmu1) ...
Selecting previously unselected package sgml-data.
Preparing to unpack .../037-sgml-data_2.0.11_all.deb ...
Unpacking sgml-data (2.0.11) ...
Selecting previously unselected package docbook-xml.
Preparing to unpack .../038-docbook-xml_4.5-9_all.deb ...
Unpacking docbook-xml (4.5-9) ...
Selecting previously unselected package docbook-xsl.
Preparing to unpack .../039-docbook-xsl_1.79.1+dfsg-2_all.deb ...
Unpacking docbook-xsl (1.79.1+dfsg-2) ...
Selecting previously unselected package libev4:amd64.
Preparing to unpack .../040-libev4_1%3a4.31-1_amd64.deb ...
Unpacking libev4:amd64 (1:4.31-1) ...
Selecting previously unselected package libexpat1:amd64.
Preparing to unpack .../041-libexpat1_2.2.9-1_amd64.deb ...
Unpacking libexpat1:amd64 (2.2.9-1) ...
Selecting previously unselected package libfsplib0.
Preparing to unpack .../042-libfsplib0_0.14-1_amd64.deb ...
Unpacking libfsplib0 (0.14-1) ...
Selecting previously unselected package libgpm2:amd64.
Preparing to unpack .../043-libgpm2_1.20.7-5+b1_amd64.deb ...
Unpacking libgpm2:amd64 (1.20.7-5+b1) ...
Selecting previously unselected package libkeyutils1:amd64.
Preparing to unpack .../044-libkeyutils1_1.6.1-2_amd64.deb ...
Unpacking libkeyutils1:amd64 (1.6.1-2) ...
Selecting previously unselected package libkrb5support0:amd64.
Preparing to unpack .../045-libkrb5support0_1.17-6_amd64.deb ...
Unpacking libkrb5support0:amd64 (1.17-6) ...
Selecting previously unselected package libk5crypto3:amd64.
Preparing to unpack .../046-libk5crypto3_1.17-6_amd64.deb ...
Unpacking libk5crypto3:amd64 (1.17-6) ...
Selecting previously unselected package libssl1.1:amd64.
Preparing to unpack .../047-libssl1.1_1.1.1d-2_amd64.deb ...
Unpacking libssl1.1:amd64 (1.1.1d-2) ...
Selecting previously unselected package libkrb5-3:amd64.
Preparing to unpack .../048-libkrb5-3_1.17-6_amd64.deb ...
Unpacking libkrb5-3:amd64 (1.17-6) ...
Selecting previously unselected package libgssapi-krb5-2:amd64.
Preparing to unpack .../049-libgssapi-krb5-2_1.17-6_amd64.deb ...
Unpacking libgssapi-krb5-2:amd64 (1.17-6) ...
Selecting previously unselected package libidn11:amd64.
Preparing to unpack .../050-libidn11_1.33-2.2_amd64.deb ...
Unpacking libidn11:amd64 (1.33-2.2) ...
Selecting previously unselected package liblua5.1-0:amd64.
Preparing to unpack .../051-liblua5.1-0_5.1.5-8.1+b3_amd64.deb ...
Unpacking liblua5.1-0:amd64 (5.1.5-8.1+b3) ...
Selecting previously unselected package libtre5:amd64.
Preparing to unpack .../052-libtre5_0.8.0-6+b1_amd64.deb ...
Unpacking libtre5:amd64 (0.8.0-6+b1) ...
Selecting previously unselected package elinks-data.
Preparing to unpack .../053-elinks-data_0.13.1-1_all.deb ...
Unpacking elinks-data (0.13.1-1) ...
Selecting previously unselected package elinks.
Preparing to unpack .../054-elinks_0.13.1-1_amd64.deb ...
Unpacking elinks (0.13.1-1) ...
Selecting previously unselected package libpng16-16:amd64.
Preparing to unpack .../055-libpng16-16_1.6.37-2_amd64.deb ...
Unpacking libpng16-16:amd64 (1.6.37-2) ...
Selecting previously unselected package libfreetype6:amd64.
Preparing to unpack .../056-libfreetype6_2.10.1-2_amd64.deb ...
Unpacking libfreetype6:amd64 (2.10.1-2) ...
Selecting previously unselected package fonts-dejavu-core.
Preparing to unpack .../057-fonts-dejavu-core_2.37-1_all.deb ...
Unpacking fonts-dejavu-core (2.37-1) ...
Selecting previously unselected package fontconfig-config.
Preparing to unpack .../058-fontconfig-config_2.13.1-2_all.deb ...
Unpacking fontconfig-config (2.13.1-2) ...
Selecting previously unselected package libfontconfig1:amd64.
Preparing to unpack .../059-libfontconfig1_2.13.1-2+b1_amd64.deb ...
Unpacking libfontconfig1:amd64 (2.13.1-2+b1) ...
Selecting previously unselected package fontconfig.
Preparing to unpack .../060-fontconfig_2.13.1-2+b1_amd64.deb ...
Unpacking fontconfig (2.13.1-2+b1) ...
Selecting previously unselected package googletest.
Preparing to unpack .../061-googletest_1.10.0-2_all.deb ...
Unpacking googletest (1.10.0-2) ...
Selecting previously unselected package icu-devtools.
Preparing to unpack .../062-icu-devtools_63.2-2_amd64.deb ...
Unpacking icu-devtools (63.2-2) ...
Selecting previously unselected package libapt-inst2.0:amd64.
Preparing to unpack .../063-libapt-inst2.0_1.8.4_amd64.deb ...
Unpacking libapt-inst2.0:amd64 (1.8.4) ...
Selecting previously unselected package zlib1g-dev:amd64.
Preparing to unpack .../064-zlib1g-dev_1%3a1.2.11.dfsg-2_amd64.deb ...
Unpacking zlib1g-dev:amd64 (1:1.2.11.dfsg-2) ...
Selecting previously unselected package libapt-pkg-dev:amd64.
Preparing to unpack .../065-libapt-pkg-dev_1.8.4_amd64.deb ...
Unpacking libapt-pkg-dev:amd64 (1.8.4) ...
Selecting previously unselected package libboost1.67-dev:amd64.
Preparing to unpack .../066-libboost1.67-dev_1.67.0-17_amd64.deb ...
Unpacking libboost1.67-dev:amd64 (1.67.0-17) ...
Selecting previously unselected package libboost-dev:amd64.
Preparing to unpack .../067-libboost-dev_1.67.0.2+b1_amd64.deb ...
Unpacking libboost-dev:amd64 (1.67.0.2+b1) ...
Selecting previously unselected package libboost-regex1.67.0:amd64.
Preparing to unpack .../068-libboost-regex1.67.0_1.67.0-17_amd64.deb ...
Unpacking libboost-regex1.67.0:amd64 (1.67.0-17) ...
Selecting previously unselected package libicu-dev:amd64.
Preparing to unpack .../069-libicu-dev_63.2-2_amd64.deb ...
Unpacking libicu-dev:amd64 (63.2-2) ...
Selecting previously unselected package libboost-regex1.67-dev:amd64.
Preparing to unpack .../070-libboost-regex1.67-dev_1.67.0-17_amd64.deb ...
Unpacking libboost-regex1.67-dev:amd64 (1.67.0-17) ...
Selecting previously unselected package libboost-iostreams1.67.0:amd64.
Preparing to unpack .../071-libboost-iostreams1.67.0_1.67.0-17_amd64.deb ...
Unpacking libboost-iostreams1.67.0:amd64 (1.67.0-17) ...
Selecting previously unselected package libboost-iostreams1.67-dev:amd64.
Preparing to unpack .../072-libboost-iostreams1.67-dev_1.67.0-17_amd64.deb ...
Unpacking libboost-iostreams1.67-dev:amd64 (1.67.0-17) ...
Selecting previously unselected package libboost-iostreams-dev:amd64.
Preparing to unpack .../073-libboost-iostreams-dev_1.67.0.2+b1_amd64.deb ...
Unpacking libboost-iostreams-dev:amd64 (1.67.0.2+b1) ...
Selecting previously unselected package libboost-system1.67.0:amd64.
Preparing to unpack .../074-libboost-system1.67.0_1.67.0-17_amd64.deb ...
Unpacking libboost-system1.67.0:amd64 (1.67.0-17) ...
Selecting previously unselected package libboost-system1.67-dev:amd64.
Preparing to unpack .../075-libboost-system1.67-dev_1.67.0-17_amd64.deb ...
Unpacking libboost-system1.67-dev:amd64 (1.67.0-17) ...
Selecting previously unselected package libboost-system-dev:amd64.
Preparing to unpack .../076-libboost-system-dev_1.67.0.2+b1_amd64.deb ...
Unpacking libboost-system-dev:amd64 (1.67.0.2+b1) ...
Selecting previously unselected package libboost-test1.67.0:amd64.
Preparing to unpack .../077-libboost-test1.67.0_1.67.0-17_amd64.deb ...
Unpacking libboost-test1.67.0:amd64 (1.67.0-17) ...
Selecting previously unselected package libboost-test1.67-dev:amd64.
Preparing to unpack .../078-libboost-test1.67-dev_1.67.0-17_amd64.deb ...
Unpacking libboost-test1.67-dev:amd64 (1.67.0-17) ...
Selecting previously unselected package libboost-test-dev:amd64.
Preparing to unpack .../079-libboost-test-dev_1.67.0.2+b1_amd64.deb ...
Unpacking libboost-test-dev:amd64 (1.67.0.2+b1) ...
Selecting previously unselected package libpixman-1-0:amd64.
Preparing to unpack .../080-libpixman-1-0_0.36.0-1_amd64.deb ...
Unpacking libpixman-1-0:amd64 (0.36.0-1) ...
Selecting previously unselected package libxau6:amd64.
Preparing to unpack .../081-libxau6_1%3a1.0.8-1+b2_amd64.deb ...
Unpacking libxau6:amd64 (1:1.0.8-1+b2) ...
Selecting previously unselected package libxdmcp6:amd64.
Preparing to unpack .../082-libxdmcp6_1%3a1.1.2-3_amd64.deb ...
Unpacking libxdmcp6:amd64 (1:1.1.2-3) ...
Selecting previously unselected package libxcb1:amd64.
Preparing to unpack .../083-libxcb1_1.13.1-5_amd64.deb ...
Unpacking libxcb1:amd64 (1.13.1-5) ...
Selecting previously unselected package libx11-data.
Preparing to unpack .../084-libx11-data_2%3a1.6.8-1_all.deb ...
Unpacking libx11-data (2:1.6.8-1) ...
Selecting previously unselected package libx11-6:amd64.
Preparing to unpack .../085-libx11-6_2%3a1.6.8-1_amd64.deb ...
Unpacking libx11-6:amd64 (2:1.6.8-1) ...
Selecting previously unselected package libxcb-render0:amd64.
Preparing to unpack .../086-libxcb-render0_1.13.1-5_amd64.deb ...
Unpacking libxcb-render0:amd64 (1.13.1-5) ...
Selecting previously unselected package libxcb-shm0:amd64.
Preparing to unpack .../087-libxcb-shm0_1.13.1-5_amd64.deb ...
Unpacking libxcb-shm0:amd64 (1.13.1-5) ...
Selecting previously unselected package libxext6:amd64.
Preparing to unpack .../088-libxext6_2%3a1.3.3-1+b2_amd64.deb ...
Unpacking libxext6:amd64 (2:1.3.3-1+b2) ...
Selecting previously unselected package libxrender1:amd64.
Preparing to unpack .../089-libxrender1_1%3a0.9.10-1_amd64.deb ...
Unpacking libxrender1:amd64 (1:0.9.10-1) ...
Selecting previously unselected package libcairo2:amd64.
Preparing to unpack .../090-libcairo2_1.16.0-4_amd64.deb ...
Unpacking libcairo2:amd64 (1.16.0-4) ...
Selecting previously unselected package libcppunit-1.15-0:amd64.
Preparing to unpack .../091-libcppunit-1.15-0_1.15.1-2_amd64.deb ...
Unpacking libcppunit-1.15-0:amd64 (1.15.1-2) ...
Selecting previously unselected package libcppunit-dev.
Preparing to unpack .../092-libcppunit-dev_1.15.1-2_amd64.deb ...
Unpacking libcppunit-dev (1.15.1-2) ...
Selecting previously unselected package libsigc++-2.0-0v5:amd64.
Preparing to unpack .../093-libsigc++-2.0-0v5_2.10.2-1_amd64.deb ...
Unpacking libsigc++-2.0-0v5:amd64 (2.10.2-1) ...
Selecting previously unselected package libcwidget4:amd64.
Preparing to unpack .../094-libcwidget4_0.5.18-5_amd64.deb ...
Unpacking libcwidget4:amd64 (0.5.18-5) ...
Selecting previously unselected package pkg-config.
Preparing to unpack .../095-pkg-config_0.29-6_amd64.deb ...
Unpacking pkg-config (0.29-6) ...
Selecting previously unselected package libsigc++-2.0-dev:amd64.
Preparing to unpack .../096-libsigc++-2.0-dev_2.10.2-1_amd64.deb ...
Unpacking libsigc++-2.0-dev:amd64 (2.10.2-1) ...
Selecting previously unselected package libncurses6:amd64.
Preparing to unpack .../097-libncurses6_6.1+20191019-1_amd64.deb ...
Unpacking libncurses6:amd64 (6.1+20191019-1) ...
Selecting previously unselected package libncurses-dev:amd64.
Preparing to unpack .../098-libncurses-dev_6.1+20191019-1_amd64.deb ...
Unpacking libncurses-dev:amd64 (6.1+20191019-1) ...
Selecting previously unselected package libncursesw5-dev:amd64.
Preparing to unpack .../099-libncursesw5-dev_6.1+20191019-1_amd64.deb ...
Unpacking libncursesw5-dev:amd64 (6.1+20191019-1) ...
Selecting previously unselected package libcwidget-dev:amd64.
Preparing to unpack .../100-libcwidget-dev_0.5.18-5_amd64.deb ...
Unpacking libcwidget-dev:amd64 (0.5.18-5) ...
Selecting previously unselected package libdatrie1:amd64.
Preparing to unpack .../101-libdatrie1_0.2.12-3_amd64.deb ...
Unpacking libdatrie1:amd64 (0.2.12-3) ...
Selecting previously unselected package libfribidi0:amd64.
Preparing to unpack .../102-libfribidi0_1.0.8-2_amd64.deb ...
Unpacking libfribidi0:amd64 (1.0.8-2) ...
Selecting previously unselected package libjpeg62-turbo:amd64.
Preparing to unpack .../103-libjpeg62-turbo_1%3a1.5.2-2+b1_amd64.deb ...
Unpacking libjpeg62-turbo:amd64 (1:1.5.2-2+b1) ...
Selecting previously unselected package libjbig0:amd64.
Preparing to unpack .../104-libjbig0_2.1-3.1+b2_amd64.deb ...
Unpacking libjbig0:amd64 (2.1-3.1+b2) ...
Selecting previously unselected package libwebp6:amd64.
Preparing to unpack .../105-libwebp6_0.6.1-2+b1_amd64.deb ...
Unpacking libwebp6:amd64 (0.6.1-2+b1) ...
Selecting previously unselected package libtiff5:amd64.
Preparing to unpack .../106-libtiff5_4.1.0+git191117-2_amd64.deb ...
Unpacking libtiff5:amd64 (4.1.0+git191117-2) ...
Selecting previously unselected package shared-mime-info.
Preparing to unpack .../107-shared-mime-info_1.10-1_amd64.deb ...
Unpacking shared-mime-info (1.10-1) ...
Selecting previously unselected package libgdk-pixbuf2.0-common.
Preparing to unpack .../108-libgdk-pixbuf2.0-common_2.40.0+dfsg-2_all.deb ...
Unpacking libgdk-pixbuf2.0-common (2.40.0+dfsg-2) ...
Selecting previously unselected package libgdk-pixbuf2.0-0:amd64.
Preparing to unpack .../109-libgdk-pixbuf2.0-0_2.40.0+dfsg-2_amd64.deb ...
Unpacking libgdk-pixbuf2.0-0:amd64 (2.40.0+dfsg-2) ...
Selecting previously unselected package libgtest-dev:amd64.
Preparing to unpack .../110-libgtest-dev_1.10.0-2_amd64.deb ...
Unpacking libgtest-dev:amd64 (1.10.0-2) ...
Selecting previously unselected package libgmock-dev:amd64.
Preparing to unpack .../111-libgmock-dev_1.10.0-2_amd64.deb ...
Unpacking libgmock-dev:amd64 (1.10.0-2) ...
Selecting previously unselected package libgraphite2-3:amd64.
Preparing to unpack .../112-libgraphite2-3_1.3.13-11_amd64.deb ...
Unpacking libgraphite2-3:amd64 (1.3.13-11) ...
Selecting previously unselected package libharfbuzz0b:amd64.
Preparing to unpack .../113-libharfbuzz0b_2.6.4-1_amd64.deb ...
Unpacking libharfbuzz0b:amd64 (2.6.4-1) ...
Selecting previously unselected package libosp5.
Preparing to unpack .../114-libosp5_1.5.2-13+b1_amd64.deb ...
Unpacking libosp5 (1.5.2-13+b1) ...
Selecting previously unselected package libthai-data.
Preparing to unpack .../115-libthai-data_0.1.28-3_all.deb ...
Unpacking libthai-data (0.1.28-3) ...
Selecting previously unselected package libthai0:amd64.
Preparing to unpack .../116-libthai0_0.1.28-3_amd64.deb ...
Unpacking libthai0:amd64 (0.1.28-3) ...
Selecting previously unselected package libpango-1.0-0:amd64.
Preparing to unpack .../117-libpango-1.0-0_1.42.4-8_amd64.deb ...
Unpacking libpango-1.0-0:amd64 (1.42.4-8) ...
Selecting previously unselected package libpangoft2-1.0-0:amd64.
Preparing to unpack .../118-libpangoft2-1.0-0_1.42.4-8_amd64.deb ...
Unpacking libpangoft2-1.0-0:amd64 (1.42.4-8) ...
Selecting previously unselected package libpangocairo-1.0-0:amd64.
Preparing to unpack .../119-libpangocairo-1.0-0_1.42.4-8_amd64.deb ...
Unpacking libpangocairo-1.0-0:amd64 (1.42.4-8) ...
Selecting previously unselected package librsvg2-2:amd64.
Preparing to unpack .../120-librsvg2-2_2.46.4-1_amd64.deb ...
Unpacking librsvg2-2:amd64 (2.46.4-1) ...
Selecting previously unselected package librsvg2-bin.
Preparing to unpack .../121-librsvg2-bin_2.46.4-1_amd64.deb ...
Unpacking librsvg2-bin (2.46.4-1) ...
Selecting previously unselected package libsgmls-perl.
Preparing to unpack .../122-libsgmls-perl_1.03ii-36_all.deb ...
Unpacking libsgmls-perl (1.03ii-36) ...
Selecting previously unselected package libsqlite3-0:amd64.
Preparing to unpack .../123-libsqlite3-0_3.31.1-3_amd64.deb ...
Unpacking libsqlite3-0:amd64 (3.31.1-3) ...
Selecting previously unselected package libsqlite3-dev:amd64.
Preparing to unpack .../124-libsqlite3-dev_3.31.1-3_amd64.deb ...
Unpacking libsqlite3-dev:amd64 (3.31.1-3) ...
Selecting previously unselected package libxapian30:amd64.
Preparing to unpack .../125-libxapian30_1.4.14-2_amd64.deb ...
Unpacking libxapian30:amd64 (1.4.14-2) ...
Selecting previously unselected package libxapian-dev.
Preparing to unpack .../126-libxapian-dev_1.4.14-2_amd64.deb ...
Unpacking libxapian-dev (1.4.14-2) ...
Selecting previously unselected package libxslt1.1:amd64.
Preparing to unpack .../127-libxslt1.1_1.1.34-3_amd64.deb ...
Unpacking libxslt1.1:amd64 (1.1.34-3) ...
Selecting previously unselected package libyaml-tiny-perl.
Preparing to unpack .../128-libyaml-tiny-perl_1.73-1_all.deb ...
Unpacking libyaml-tiny-perl (1.73-1) ...
Selecting previously unselected package opensp.
Preparing to unpack .../129-opensp_1.5.2-13+b1_amd64.deb ...
Unpacking opensp (1.5.2-13+b1) ...
Selecting previously unselected package po4a.
Preparing to unpack .../130-po4a_0.55-1_all.deb ...
Unpacking po4a (0.55-1) ...
Selecting previously unselected package xsltproc.
Preparing to unpack .../131-xsltproc_1.1.34-3_amd64.deb ...
Unpacking xsltproc (1.1.34-3) ...
Selecting previously unselected package sbuild-build-depends-main-dummy.
Preparing to unpack .../132-sbuild-build-depends-main-dummy_0.invalid.0_amd64.deb ...
Unpacking sbuild-build-depends-main-dummy (0.invalid.0) ...
Setting up libboost1.67-dev:amd64 (1.67.0-17) ...
Setting up libexpat1:amd64 (2.2.9-1) ...
Setting up libpipeline1:amd64 (1.5.2-2) ...
Setting up libgraphite2-3:amd64 (1.3.13-11) ...
Setting up libpixman-1-0:amd64 (0.36.0-1) ...
Setting up libcppunit-1.15-0:amd64 (1.15.1-2) ...
Setting up libxapian30:amd64 (1.4.14-2) ...
Setting up libxau6:amd64 (1:1.0.8-1+b2) ...
Setting up libxdmcp6:amd64 (1:1.1.2-3) ...
Setting up libkeyutils1:amd64 (1.6.1-2) ...
Setting up libsgmls-perl (1.03ii-36) ...
Setting up libxcb1:amd64 (1.13.1-5) ...
Setting up libtre5:amd64 (0.8.0-6+b1) ...
Setting up elinks-data (0.13.1-1) ...
Setting up libgpm2:amd64 (1.20.7-5+b1) ...
Setting up libdatrie1:amd64 (0.2.12-3) ...
Setting up libmagic-mgc (1:5.38-4) ...
Setting up libxcb-render0:amd64 (1.13.1-5) ...
Setting up libarchive-zip-perl (1.67-1) ...
Setting up libglib2.0-0:amd64 (2.62.4-2) ...
No schema files found: doing nothing.
Setting up libssl1.1:amd64 (1.1.1d-2) ...
Setting up libev4:amd64 (1:4.31-1) ...
Setting up libdebhelper-perl (12.9) ...
Setting up libboost-test1.67.0:amd64 (1.67.0-17) ...
Setting up libsqlite3-0:amd64 (3.31.1-3) ...
Setting up libgdk-pixbuf2.0-common (2.40.0+dfsg-2) ...
Setting up libmagic1:amd64 (1:5.38-4) ...
Setting up gettext-base (0.19.8.1-10) ...
Setting up autoconf-archive (20190106-2.1) ...
Setting up libxcb-shm0:amd64 (1.13.1-5) ...
Setting up file (1:5.38-4) ...
Setting up libfsplib0 (0.14-1) ...
Setting up libapt-inst2.0:amd64 (1.8.4) ...
Setting up googletest (1.10.0-2) ...
Setting up libyaml-tiny-perl (1.73-1) ...
Setting up libjbig0:amd64 (2.1-3.1+b2) ...
Setting up libicu63:amd64 (63.2-2) ...
Setting up libkrb5support0:amd64 (1.17-6) ...
Setting up libboost-test1.67-dev:amd64 (1.67.0-17) ...
Setting up libosp5 (1.5.2-13+b1) ...
Setting up libboost-test-dev:amd64 (1.67.0.2+b1) ...
Setting up autotools-dev (20180224.1) ...
Setting up libjpeg62-turbo:amd64 (1:1.5.2-2+b1) ...
Setting up libsqlite3-dev:amd64 (3.31.1-3) ...
Setting up libx11-data (2:1.6.8-1) ...
Setting up libidn11:amd64 (1.33-2.2) ...
Setting up libsigc++-2.0-0v5:amd64 (2.10.2-1) ...
Setting up libncurses6:amd64 (6.1+20191019-1) ...
Setting up libsigsegv2:amd64 (2.12-2) ...
Setting up libfribidi0:amd64 (1.0.8-2) ...
Setting up bsdmainutils (11.1.2+b1) ...
update-alternatives: using /usr/bin/bsd-write to provide /usr/bin/write (write) in auto mode
update-alternatives: using /usr/bin/bsd-from to provide /usr/bin/from (from) in auto mode
Setting up libpng16-16:amd64 (1.6.37-2) ...
Setting up autopoint (0.19.8.1-10) ...
Setting up libwebp6:amd64 (0.6.1-2+b1) ...
Setting up icu-devtools (63.2-2) ...
Setting up pkg-config (0.29-6) ...
Setting up fonts-dejavu-core (2.37-1) ...
Setting up libboost-iostreams1.67.0:amd64 (1.67.0-17) ...
Setting up libk5crypto3:amd64 (1.17-6) ...
Setting up zlib1g-dev:amd64 (1:1.2.11.dfsg-2) ...
Setting up sensible-utils (0.0.12+nmu1) ...
Setting up libuchardet0:amd64 (0.0.6-3) ...
Setting up liblua5.1-0:amd64 (5.1.5-8.1+b3) ...
Setting up libxapian-dev (1.4.14-2) ...
Setting up libsub-override-perl (0.09-2) ...
Setting up libx11-6:amd64 (2:1.6.8-1) ...
Setting up libthai-data (0.1.28-3) ...
Setting up sgml-base (1.29.1) ...
Setting up libkrb5-3:amd64 (1.17-6) ...
Setting up libboost-dev:amd64 (1.67.0.2+b1) ...
Setting up libtiff5:amd64 (4.1.0+git191117-2) ...
Setting up libboost-system1.67.0:amd64 (1.67.0-17) ...
Setting up libcppunit-dev (1.15.1-2) ...
Setting up libelf1:amd64 (0.176-1.1) ...
Setting up libicu-dev:amd64 (63.2-2) ...
Setting up libxml2:amd64 (2.9.10+dfsg-3) ...
Setting up libfile-stripnondeterminism-perl (1.6.3-2) ...
Setting up libncurses-dev:amd64 (6.1+20191019-1) ...
Setting up libboost-regex1.67.0:amd64 (1.67.0-17) ...
Setting up libgtest-dev:amd64 (1.10.0-2) ...
Setting up libncursesw5-dev:amd64 (6.1+20191019-1) ...
Setting up libxrender1:amd64 (1:0.9.10-1) ...
Setting up libtool (2.4.6-13) ...
Setting up libboost-regex1.67-dev:amd64 (1.67.0-17) ...
Setting up libxext6:amd64 (2:1.3.3-1+b2) ...
Setting up m4 (1.4.18-4) ...
Setting up libapt-pkg-dev:amd64 (1.8.4) ...
Setting up opensp (1.5.2-13+b1) ...
Setting up libsigc++-2.0-dev:amd64 (2.10.2-1) ...
Setting up libthai0:amd64 (0.1.28-3) ...
Setting up libcwidget4:amd64 (0.5.18-5) ...
Setting up libfreetype6:amd64 (2.10.1-2) ...
Setting up shared-mime-info (1.10-1) ...
Setting up libgssapi-krb5-2:amd64 (1.17-6) ...
Setting up libcroco3:amd64 (0.6.13-1) ...
Setting up libgmock-dev:amd64 (1.10.0-2) ...
Setting up ucf (3.0038+nmu1) ...
Setting up autoconf (2.69-11.1) ...
Setting up dh-strip-nondeterminism (1.6.3-2) ...
Setting up dwz (0.13-5) ...
Setting up groff-base (1.22.4-4) ...
Setting up xml-core (0.18+nmu1) ...
Setting up libxslt1.1:amd64 (1.1.34-3) ...
Setting up libharfbuzz0b:amd64 (2.6.4-1) ...
Setting up libboost-system1.67-dev:amd64 (1.67.0-17) ...
Setting up libboost-iostreams1.67-dev:amd64 (1.67.0-17) ...
Setting up automake (1:1.16.1-4) ...
update-alternatives: using /usr/bin/automake-1.16 to provide /usr/bin/automake (automake) in auto mode
Setting up libcwidget-dev:amd64 (0.5.18-5) ...
Setting up gettext (0.19.8.1-10) ...
Setting up po4a (0.55-1) ...
Setting up fontconfig-config (2.13.1-2) ...
Setting up libboost-system-dev:amd64 (1.67.0.2+b1) ...
Setting up xsltproc (1.1.34-3) ...
Setting up libboost-iostreams-dev:amd64 (1.67.0.2+b1) ...
Setting up man-db (2.9.0-2) ...
Not building database; man-db/auto-update is not 'true'.
Setting up elinks (0.13.1-1) ...
Setting up intltool-debian (0.35.0+20060710.5) ...
Setting up libgdk-pixbuf2.0-0:amd64 (2.40.0+dfsg-2) ...
Setting up libfontconfig1:amd64 (2.13.1-2+b1) ...
Setting up fontconfig (2.13.1-2+b1) ...
Regenerating fonts cache... done.
Setting up po-debconf (1.0.21) ...
Setting up libpango-1.0-0:amd64 (1.42.4-8) ...
Setting up libcairo2:amd64 (1.16.0-4) ...
Setting up libpangoft2-1.0-0:amd64 (1.42.4-8) ...
Setting up libpangocairo-1.0-0:amd64 (1.42.4-8) ...
Setting up librsvg2-2:amd64 (2.46.4-1) ...
Setting up librsvg2-bin (2.46.4-1) ...
Setting up dh-autoreconf (19) ...
Setting up debhelper (12.9) ...
Processing triggers for libc-bin (2.29-10) ...
Processing triggers for sgml-base (1.29.1) ...
Setting up sgml-data (2.0.11) ...
Setting up docbook-xsl (1.79.1+dfsg-2) ...
Processing triggers for sgml-base (1.29.1) ...
Setting up docbook-xml (4.5-9) ...
Processing triggers for sgml-base (1.29.1) ...
Setting up sbuild-build-depends-main-dummy (0.invalid.0) ...

+------------------------------------------------------------------------------+
| Check architectures                                                          |
+------------------------------------------------------------------------------+

Arch check ok (amd64 included in any all)

+------------------------------------------------------------------------------+
| Build environment                                                            |
+------------------------------------------------------------------------------+

Kernel: Linux 4.19.0-6-cloud-amd64 #1 SMP Debian 4.19.67-2+deb10u2 (2019-11-11) amd64 (x86_64)
Toolchain package versions: binutils_2.34-3 dpkg-dev_1.19.7 g++-9_9.2.1-30 gcc-9_9.2.1-30 libc6-dev_2.29-10 libstdc++-8-dev_8.3.0-29 libstdc++-9-dev_9.2.1-30 libstdc++6_10-20200222-1 linux-libc-dev_5.4.19-1
Package versions: adduser_3.118 apt_1.8.4 autoconf_2.69-11.1 autoconf-archive_20190106-2.1 automake_1:1.16.1-4 autopoint_0.19.8.1-10 autotools-dev_20180224.1 base-files_11 base-passwd_3.5.47 bash_5.0-5 binutils_2.34-3 binutils-common_2.34-3 binutils-x86-64-linux-gnu_2.34-3 bsdmainutils_11.1.2+b1 bsdutils_1:2.34-0.1 build-essential_12.8 bzip2_1.0.8-2 clang-8_1:8.0.1-7 coreutils_8.30-3+b1 cpp_4:9.2.1-3.1 cpp-9_9.2.1-30 dash_0.5.10.2-6 debconf_1.5.73 debhelper_12.9 debian-archive-keyring_2019.1 debianutils_4.9.1 dh-autoreconf_19 dh-strip-nondeterminism_1.6.3-2 diffutils_1:3.7-3 docbook-xml_4.5-9 docbook-xsl_1.79.1+dfsg-2 dpkg_1.19.7 dpkg-dev_1.19.7 dwz_0.13-5 e2fsprogs_1.45.5-2 elinks_0.13.1-1 elinks-data_0.13.1-1 fakeroot_1.24-1 fdisk_2.34-0.1 file_1:5.38-4 findutils_4.7.0-1 fontconfig_2.13.1-2+b1 fontconfig-config_2.13.1-2 fonts-dejavu-core_2.37-1 g++_4:9.2.1-3.1 g++-9_9.2.1-30 gcc_4:9.2.1-3.1 gcc-10-base_10-20200222-1 gcc-8-base_8.3.0-29 gcc-9_9.2.1-30 gcc-9-base_9.2.1-30 gettext_0.19.8.1-10 gettext-base_0.19.8.1-10 googletest_1.10.0-2 gpgv_2.2.19-1 grep_3.4-1 groff-base_1.22.4-4 gzip_1.9-3+b1 hostname_3.23 icu-devtools_63.2-2 init-system-helpers_1.57 intltool-debian_0.35.0+20060710.5 lib32gcc-s1_10-20200222-1 lib32gcc1_1:10-20200222-1 lib32stdc++6_10-20200222-1 libacl1_2.2.53-5 libapt-inst2.0_1.8.4 libapt-pkg-dev_1.8.4 libapt-pkg5.0_1.8.4 libarchive-zip-perl_1.67-1 libasan5_9.2.1-30 libatomic1_10-20200222-1 libattr1_1:2.4.48-5 libaudit-common_1:2.8.5-2 libaudit1_1:2.8.5-2+b1 libbinutils_2.34-3 libblkid1_2.34-0.1 libboost-dev_1.67.0.2+b1 libboost-iostreams-dev_1.67.0.2+b1 libboost-iostreams1.67-dev_1.67.0-17 libboost-iostreams1.67.0_1.67.0-17 libboost-regex1.67-dev_1.67.0-17 libboost-regex1.67.0_1.67.0-17 libboost-system-dev_1.67.0.2+b1 libboost-system1.67-dev_1.67.0-17 libboost-system1.67.0_1.67.0-17 libboost-test-dev_1.67.0.2+b1 libboost-test1.67-dev_1.67.0-17 libboost-test1.67.0_1.67.0-17 libboost1.67-dev_1.67.0-17 libbsd0_0.10.0-1 libbz2-1.0_1.0.8-2 libc-bin_2.29-10 libc-dev-bin_2.29-10 libc6_2.29-10 libc6-dev_2.29-10 libc6-i386_2.29-10 libcairo2_1.16.0-4 libcap-ng0_0.7.9-2.1+b1 libcc1-0_10-20200222-1 libclang-common-8-dev_1:8.0.1-7 libclang1-8_1:8.0.1-7 libcom-err2_1.45.5-2 libcppunit-1.15-0_1.15.1-2 libcppunit-dev_1.15.1-2 libcroco3_0.6.13-1 libcrypt-dev_1:4.4.10-10 libcrypt1_1:4.4.10-10 libctf-nobfd0_2.34-3 libctf0_2.34-3 libcwidget-dev_0.5.18-5 libcwidget4_0.5.18-5 libdatrie1_0.2.12-3 libdb5.3_5.3.28+dfsg1-0.6 libdebconfclient0_0.251 libdebhelper-perl_12.9 libdpkg-perl_1.19.7 libedit2_3.1-20191231-1 libelf1_0.176-1.1 libev4_1:4.31-1 libexpat1_2.2.9-1 libext2fs2_1.45.5-2 libfakeroot_1.24-1 libfdisk1_2.34-0.1 libffi7_3.3-3 libfile-stripnondeterminism-perl_1.6.3-2 libfontconfig1_2.13.1-2+b1 libfreetype6_2.10.1-2 libfribidi0_1.0.8-2 libfsplib0_0.14-1 libgc1c2_1:7.6.4-0.4 libgcc-8-dev_8.3.0-29 libgcc-9-dev_9.2.1-30 libgcc-s1_10-20200222-1 libgcc1_1:10-20200222-1 libgcrypt20_1.8.5-5 libgdbm-compat4_1.18.1-5 libgdbm6_1.18.1-5 libgdk-pixbuf2.0-0_2.40.0+dfsg-2 libgdk-pixbuf2.0-common_2.40.0+dfsg-2 libglib2.0-0_2.62.4-2 libgmock-dev_1.10.0-2 libgmp10_2:6.2.0+dfsg-4 libgnutls30_3.6.12-2 libgomp1_10-20200222-1 libgpg-error0_1.37-1 libgpm2_1.20.7-5+b1 libgraphite2-3_1.3.13-11 libgssapi-krb5-2_1.17-6 libgtest-dev_1.10.0-2 libharfbuzz0b_2.6.4-1 libhogweed5_3.5.1+really3.5.1-2 libicu-dev_63.2-2 libicu63_63.2-2 libidn11_1.33-2.2 libidn2-0_2.2.0-2 libisl22_0.22.1-1 libitm1_10-20200222-1 libjbig0_2.1-3.1+b2 libjpeg62-turbo_1:1.5.2-2+b1 libk5crypto3_1.17-6 libkeyutils1_1.6.1-2 libkrb5-3_1.17-6 libkrb5support0_1.17-6 libllvm8_1:8.0.1-7 liblsan0_10-20200222-1 liblua5.1-0_5.1.5-8.1+b3 liblz4-1_1.9.2-2 liblzma5_5.2.4-1+b1 libmagic-mgc_1:5.38-4 libmagic1_1:5.38-4 libmount1_2.34-0.1 libmpc3_1.1.0-1 libmpfr6_4.0.2-1 libmpx2_8.3.0-29 libncurses-dev_6.1+20191019-1 libncurses6_6.1+20191019-1 libncursesw5-dev_6.1+20191019-1 libncursesw6_6.1+20191019-1 libnettle7_3.5.1+really3.5.1-2 libobjc-8-dev_8.3.0-29 libobjc-9-dev_9.2.1-30 libobjc4_10-20200222-1 libomp-8-dev_1:8.0.1-7 libomp5-8_1:8.0.1-7 libosp5_1.5.2-13+b1 libp11-kit0_0.23.20-1 libpam-modules_1.3.1-5 libpam-modules-bin_1.3.1-5 libpam-runtime_1.3.1-5 libpam0g_1.3.1-5 libpango-1.0-0_1.42.4-8 libpangocairo-1.0-0_1.42.4-8 libpangoft2-1.0-0_1.42.4-8 libpcre2-8-0_10.34-7 libpcre3_2:8.39-12+b1 libperl5.30_5.30.0-9 libpipeline1_1.5.2-2 libpixman-1-0_0.36.0-1 libpng16-16_1.6.37-2 libquadmath0_10-20200222-1 librsvg2-2_2.46.4-1 librsvg2-bin_2.46.4-1 libseccomp2_2.4.2-2 libselinux1_3.0-1+b1 libsemanage-common_3.0-1 libsemanage1_3.0-1+b1 libsepol1_3.0-1 libsgmls-perl_1.03ii-36 libsigc++-2.0-0v5_2.10.2-1 libsigc++-2.0-dev_2.10.2-1 libsigsegv2_2.12-2 libsmartcols1_2.34-0.1 libsqlite3-0_3.31.1-3 libsqlite3-dev_3.31.1-3 libss2_1.45.5-2 libssl1.1_1.1.1d-2 libstdc++-8-dev_8.3.0-29 libstdc++-9-dev_9.2.1-30 libstdc++6_10-20200222-1 libsub-override-perl_0.09-2 libsystemd0_244.3-1 libtasn1-6_4.16.0-2 libthai-data_0.1.28-3 libthai0_0.1.28-3 libtiff5_4.1.0+git191117-2 libtinfo6_6.1+20191019-1 libtool_2.4.6-13 libtre5_0.8.0-6+b1 libtsan0_10-20200222-1 libubsan1_10-20200222-1 libuchardet0_0.0.6-3 libudev1_244.3-1 libunistring2_0.9.10-2 libuuid1_2.34-0.1 libwebp6_0.6.1-2+b1 libx11-6_2:1.6.8-1 libx11-data_2:1.6.8-1 libxapian-dev_1.4.14-2 libxapian30_1.4.14-2 libxau6_1:1.0.8-1+b2 libxcb-render0_1.13.1-5 libxcb-shm0_1.13.1-5 libxcb1_1.13.1-5 libxdmcp6_1:1.1.2-3 libxext6_2:1.3.3-1+b2 libxml2_2.9.10+dfsg-3 libxrender1_1:0.9.10-1 libxslt1.1_1.1.34-3 libyaml-tiny-perl_1.73-1 libzstd1_1.4.4+dfsg-3 linux-libc-dev_5.4.19-1 login_1:4.8.1-1 logsave_1.45.5-2 lsb-base_11.1.0 m4_1.4.18-4 make_4.2.1-1.2 man-db_2.9.0-2 mawk_1.3.4.20200120-2 mount_2.34-0.1 ncurses-base_6.1+20191019-1 ncurses-bin_6.1+20191019-1 opensp_1.5.2-13+b1 passwd_1:4.8.1-1 patch_2.7.6-6 perl_5.30.0-9 perl-base_5.30.0-9 perl-modules-5.30_5.30.0-9 pkg-config_0.29-6 po-debconf_1.0.21 po4a_0.55-1 sbuild-build-depends-main-dummy_0.invalid.0 sed_4.7-1 sensible-utils_0.0.12+nmu1 sgml-base_1.29.1 sgml-data_2.0.11 shared-mime-info_1.10-1 sysvinit-utils_2.96-2.1 tar_1.30+dfsg-6+b1 tzdata_2019c-3 ucf_3.0038+nmu1 util-linux_2.34-0.1 xml-core_0.18+nmu1 xsltproc_1.1.34-3 xz-utils_5.2.4-1+b1 zlib1g_1:1.2.11.dfsg-2 zlib1g-dev_1:1.2.11.dfsg-2

+------------------------------------------------------------------------------+
| Build                                                                        |
+------------------------------------------------------------------------------+


Unpack source
-------------

-----BEGIN PGP SIGNED MESSAGE-----
Hash: SHA512

Format: 3.0 (quilt)
Source: aptitude
Binary: aptitude, aptitude-common, aptitude-doc-cs, aptitude-doc-en, aptitude-doc-es, aptitude-doc-fi, aptitude-doc-fr, aptitude-doc-it, aptitude-doc-ja, aptitude-doc-nl, aptitude-doc-ru
Architecture: any all
Version: 0.8.12-1
Maintainer: Aptitude Development Team <aptitude-devel@lists.alioth.debian.org>
Uploaders: Manuel A. Fernandez Montecelo <mafm@debian.org>, Axel Beckert <abe@debian.org>
Homepage: https://wiki.debian.org/Aptitude
Standards-Version: 4.3.0
Vcs-Browser: https://salsa.debian.org/apt-team/aptitude
Vcs-Git: https://salsa.debian.org/apt-team/aptitude.git -b debian-sid
Build-Depends: debhelper (>= 11~), autoconf-archive, dpkg-dev (>= 1.16.1), gettext, libapt-pkg-dev (>= 1.1), libboost-dev, libboost-iostreams-dev, libboost-system-dev, libboost-test-dev, libcppunit-dev, libcwidget-dev (>= 0.5.18), libgmock-dev (>= 1.8.0-9), libgtest-dev (>= 1.8.0-9), libncurses-dev (>= 6.1+20180210), libsigc++-2.0-dev, libsqlite3-dev, libxapian-dev, pkg-config
Build-Depends-Indep: docbook-xml, docbook-xsl, elinks, librsvg2-bin, po4a, xsltproc
Package-List:
 aptitude deb admin optional arch=any
 aptitude-common deb admin optional arch=all
 aptitude-doc-cs deb doc optional arch=all
 aptitude-doc-en deb doc optional arch=all
 aptitude-doc-es deb doc optional arch=all
 aptitude-doc-fi deb doc optional arch=all
 aptitude-doc-fr deb doc optional arch=all
 aptitude-doc-it deb doc optional arch=all
 aptitude-doc-ja deb doc optional arch=all
 aptitude-doc-nl deb doc optional arch=all
 aptitude-doc-ru deb doc optional arch=all
Checksums-Sha1:
 c5671224be7efa88dc2a3831d0dbefdf0b3c3981 4723768 aptitude_0.8.12.orig.tar.xz
 fab21857ba59326d9d4a9a0f9b4b58583ce6eee5 56096 aptitude_0.8.12-1.debian.tar.xz
Checksums-Sha256:
 686af401ada97d3c94ca370164df9f5673962689e8efdb2a1d471d5dafd4b9a6 4723768 aptitude_0.8.12.orig.tar.xz
 6b0b06cb4b8fd960f1b15768bd780d1805331f91b92691ee1d54c31fe050c940 56096 aptitude_0.8.12-1.debian.tar.xz
Files:
 a115d84eff314906c52066f3881820b1 4723768 aptitude_0.8.12.orig.tar.xz
 f17065f3165e72c4ce988539d11aa243 56096 aptitude_0.8.12-1.debian.tar.xz

-----BEGIN PGP SIGNATURE-----

iQJEBAEBCgAuFiEEKo6AUFxIYphDDdCTf3YGpEXcqA4FAl1jHN8QHG1hZm1AZGVi
aWFuLm9yZwAKCRB/dgakRdyoDpt3D/9htr2kp9OKlLwfXR3uRBYUhACl0qO2t2pj
FIDxkp3ffYV+vm0s3Jxx1YAvvF1+pUXzfQA4ubhTFMVQCOedk9AnD+ffUpIy25Xo
AeO0x5K4YNTPjkKMIeleY+23oOlFe2y7Jl89pfATovdKO0IC5wHZnKNLuV/4rHFI
vDFEi5vwG1lB5rmh8LiAlK6fM8Ll0efuEyClQ8P+hR70qANepo4q6Fy2zpm3BdRR
LnpCrqp9A7UELneiQtd+4BI6OZoPoNPYqXlMe7D/s2K43wnb/dRRBA1EdGUfACDb
bkQlYkd0mnq7Im+y1va0/8kt71aBCRWHWW68uCGyj11fo81BcdsJjbBvfPY5nqCg
cYeM9yKPqqOJxctYMrs5JNrFrOZAvWtt3GQyM33H3wvfbZwC/cWXIVWcSGTpeMDx
nyrB1nvtztRScMnlDg55TZ4kNBknAYL38+FZChG/PE+caD9NWqdS3q9xamXiy+sc
cUDo4ISnlcGYPJtp9DCTFtYic573rD9xtSP4KS5N+hYMxkxnvdoRitHOd13MJHkb
TniNkkKYBWMb6UCSOde6x2lxotO55GUmDW+1NfwwQF9KBQTXA3QqJ/LndxhnwlA1
TDzRoXmpuh3V+b+WLQDccB4Cr7FmWYvM5E2Atria7eb+G7Kr8jQZqiGXm/EFTd6R
9b9ms3tYxg==
=B8pa
-----END PGP SIGNATURE-----

gpgv: unknown type of key resource 'trustedkeys.kbx'
gpgv: keyblock resource '/sbuild-nonexistent/.gnupg/trustedkeys.kbx': General error
gpgv: Signature made Sun Aug 25 23:42:23 2019 UTC
gpgv:                using RSA key 2A8E80505C486298430DD0937F7606A445DCA80E
gpgv:                issuer "mafm@debian.org"
gpgv: Can't check signature: No public key
dpkg-source: warning: failed to verify signature on ./aptitude_0.8.12-1.dsc
dpkg-source: info: extracting aptitude in /<<PKGBUILDDIR>>
dpkg-source: info: unpacking aptitude_0.8.12.orig.tar.xz
dpkg-source: info: unpacking aptitude_0.8.12-1.debian.tar.xz

Check disk space
----------------

Sufficient free space for build

User Environment
----------------

APT_CONFIG=/var/lib/sbuild/apt.conf
HOME=/sbuild-nonexistent
LANG=C.UTF-8
LC_ALL=C.UTF-8
LOGNAME=user42
PATH=/usr/local/sbin:/usr/local/bin:/usr/sbin:/usr/bin:/sbin:/bin:/usr/games
SCHROOT_ALIAS_NAME=unstable
SCHROOT_CHROOT_NAME=sid-amd64-sbuild
SCHROOT_COMMAND=env
SCHROOT_GID=1001
SCHROOT_GROUP=user42
SCHROOT_SESSION_ID=sid-amd64-sbuild-64dd9864-4bbc-461a-9d0b-7c3c20e99d98
SCHROOT_UID=1001
SCHROOT_USER=user42
SHELL=/bin/sh
USER=user42

dpkg-buildpackage
-----------------

Command: dpkg-buildpackage -us -uc -b -rfakeroot
dpkg-buildpackage: info: source package aptitude
dpkg-buildpackage: info: source version 0.8.12-1
dpkg-buildpackage: info: source distribution unstable
dpkg-buildpackage: info: source changed by Manuel A. Fernandez Montecelo <mafm@debian.org>
 dpkg-source --before-build .
dpkg-buildpackage: info: host architecture amd64
 debian/rules clean
dh clean --builddirectory=build --dbgsym-migration=aptitude-dbg
   dh_auto_clean -O--builddirectory=build -O--dbgsym-migration=aptitude-dbg
   dh_autoreconf_clean -O--builddirectory=build -O--dbgsym-migration=aptitude-dbg
   dh_clean -O--builddirectory=build -O--dbgsym-migration=aptitude-dbg
 debian/rules binary
dh binary --builddirectory=build --dbgsym-migration=aptitude-dbg
   dh_update_autotools_config -O--builddirectory=build -O--dbgsym-migration=aptitude-dbg
   dh_autoreconf -O--builddirectory=build -O--dbgsym-migration=aptitude-dbg
autoreconf: configure.ac: AM_GNU_GETTEXT is used, but not AM_GNU_GETTEXT_VERSION
   debian/rules override_dh_auto_configure-arch
make[1]: Entering directory '/<<PKGBUILDDIR>>'
dh_auto_configure -- \
    --htmldir='${docdir}/html' \
    --program-transform='s&aptitude$&aptitude-curses&' \
    --disable-boost-lib-checks \
    --disable-docs 
	cd build && ../configure --build=x86_64-linux-gnu --prefix=/usr --includedir=\${prefix}/include --mandir=\${prefix}/share/man --infodir=\${prefix}/share/info --sysconfdir=/etc --localstatedir=/var --disable-silent-rules --libdir=\${prefix}/lib/x86_64-linux-gnu --libexecdir=\${prefix}/lib/x86_64-linux-gnu --runstatedir=/run --disable-maintainer-mode --disable-dependency-tracking --htmldir=\${docdir}/html --program-transform=s&aptitude\$&aptitude-curses& --disable-boost-lib-checks --disable-docs
configure: WARNING: unrecognized options: --disable-maintainer-mode
checking for a BSD-compatible install... /usr/bin/install -c
checking whether build environment is sane... yes
checking for a thread-safe mkdir -p... /bin/mkdir -p
checking for gawk... no
checking for mawk... mawk
checking whether make sets $(MAKE)... yes
checking whether make supports nested variables... yes
checking for a sed that does not truncate output... /bin/sed
checking whether NLS is requested... yes
checking for msgfmt... /usr/bin/msgfmt
checking for gmsgfmt... /usr/bin/msgfmt
checking for xgettext... /usr/bin/xgettext
checking for msgmerge... /usr/bin/msgmerge
checking whether make supports the include directive... yes (GNU style)
checking for gcc... gcc
checking whether the C compiler works... yes
checking for C compiler default output file name... a.out
checking for suffix of executables... 
checking whether we are cross compiling... no
checking for suffix of object files... o
checking whether we are using the GNU C compiler... yes
checking whether gcc accepts -g... yes
checking for gcc option to accept ISO C89... none needed
checking whether gcc understands -c and -o together... yes
checking dependency style of gcc... none
checking build system type... x86_64-pc-linux-gnu
checking host system type... x86_64-pc-linux-gnu
checking for ld used by gcc... /usr/bin/ld
checking if the linker (/usr/bin/ld) is GNU ld... yes
checking for shared library run path origin... done
checking for g++... g++
checking whether we are using the GNU C++ compiler... yes
checking whether g++ accepts -g... yes
checking dependency style of g++... none
checking how to run the C++ preprocessor... g++ -E
checking for grep that handles long lines and -e... /bin/grep
checking for egrep... /bin/grep -E
checking for CFPreferencesCopyAppValue... no
checking for CFLocaleCopyCurrent... no
checking for GNU gettext in libc... yes
checking whether to use NLS... yes
checking where the gettext function comes from... libc
checking whether we are using the GNU C++ compiler... (cached) yes
checking whether g++ accepts -g... (cached) yes
checking dependency style of g++... (cached) none
checking for ranlib... ranlib
checking for po4a... /usr/bin/po4a
checking for xsltproc... /usr/bin/xsltproc
checking for rsvg-convert... /usr/bin/rsvg-convert
checking for fop... no
checking for elinks... /usr/bin/elinks
checking for ANSI C header files... yes
checking for sys/types.h... yes
checking for sys/stat.h... yes
checking for stdlib.h... yes
checking for string.h... yes
checking for memory.h... yes
checking for strings.h... yes
checking for inttypes.h... yes
checking for stdint.h... yes
checking for unistd.h... yes
checking for pkg-config... /usr/bin/pkg-config
checking pkg-config is at least version 0.9.0... yes
checking for initscr in -lncursesw... yes
checking for main in -lapt-pkg... yes
checking whether apt includes the automatic dependency removal patch (required)... yes
checking for struct pkgCache::Version.MultiArch... yes
checking for APT::CacheFilter::PackageArchitectureMatchesSpecification... yes
checking for main in -lpthread... yes
checking for xapian-config... /usr/bin/xapian-config
checking xapian.h usability... yes
checking xapian.h presence... yes
checking for xapian.h... yes
checking for SIGC... yes
checking for CWIDGET... yes
checking for Boost library headers individually (optional, default: yes)... no
checking for boostlib >=  (102000)... yes
checking whether the Boost::IOStreams library is available... yes
checking for exit in -lboost_iostreams... yes
checking whether the Boost::System library is available... yes
checking for exit in -lboost_system... yes
checking the calling convertion of boost::fusion::fold... State first, then value
checking the name of the runtime library for Boost.Test... "-lboost_unit_test_framework"
checking how to link gmock... gmock is in in library path
checking for SQLITE3... yes
configure: GTK+ frontend not enabled; use --enable-gtk to enable it.
configure: Qt frontend not enabled; use --enable-qt to enable it.
checking for ANSI C header files... (cached) yes
checking fcntl.h usability... yes
checking fcntl.h presence... yes
checking for fcntl.h... yes
checking sys/ioctl.h usability... yes
checking sys/ioctl.h presence... yes
checking for sys/ioctl.h... yes
checking for unistd.h... (cached) yes
checking apt-pkg/init.h usability... yes
checking apt-pkg/init.h presence... yes
checking for apt-pkg/init.h... yes
checking execinfo.h usability... yes
checking execinfo.h presence... yes
checking for execinfo.h... yes
checking locale.h usability... yes
checking locale.h presence... yes
checking for locale.h... yes
checking whether setlocale is declared... yes
checking whether apt supports ddtp... checking for the name of the character traits template... char_traits
checking pthread.h usability... yes
checking pthread.h presence... yes
checking for pthread.h... yes
checking for size_t... yes
checking for strdup... yes
checking that generated files are newer than configure... done
configure: creating ./config.status
config.status: creating Doxyfile
config.status: creating Makefile
config.status: creating buildlib/Makefile
config.status: creating doc/Makefile
config.status: creating doc/cs/Makefile
config.status: creating doc/cs/images/Makefile
config.status: creating doc/de/Makefile
config.status: creating doc/en/Makefile
config.status: creating doc/en/images/Makefile
config.status: creating doc/es/Makefile
config.status: creating doc/es/images/Makefile
config.status: creating doc/fi/Makefile
config.status: creating doc/fi/images/Makefile
config.status: creating doc/fr/Makefile
config.status: creating doc/fr/images/Makefile
config.status: creating doc/it/Makefile
config.status: creating doc/it/images/Makefile
config.status: creating doc/ja/Makefile
config.status: creating doc/ja/images/Makefile
config.status: creating doc/nl/Makefile
config.status: creating doc/nl/images/Makefile
config.status: creating doc/pl/Makefile
config.status: creating doc/ru/Makefile
config.status: creating doc/ru/images/Makefile
config.status: creating doc/po4a/Makefile
config.status: creating doc/po4a/po/Makefile
config.status: creating doc/po4a/add_de/Makefile
config.status: creating doc/po4a/add_es/Makefile
config.status: creating doc/po4a/add_fr/Makefile
config.status: creating doc/po4a/add_nl/Makefile
config.status: creating doc/po4a/add_pl/Makefile
config.status: creating doc/po4a/add_ru/Makefile
config.status: creating po/Makefile.in
config.status: WARNING:  '../po/Makefile.in.in' seems to ignore the --datarootdir setting
config.status: creating src/Makefile
config.status: creating src/gtk/Makefile
config.status: creating src/gtk/toplevel/Makefile
config.status: creating src/gtk/util/Makefile
config.status: creating src/gtk/view-impls/Makefile
config.status: creating src/qt/Makefile
config.status: creating src/cmdline/Makefile
config.status: creating src/cmdline/mocks/Makefile
config.status: creating src/generic/Makefile
config.status: creating src/generic/apt/Makefile
config.status: creating src/generic/apt/history/Makefile
config.status: creating src/generic/apt/matching/Makefile
config.status: creating src/generic/controllers/Makefile
config.status: creating src/generic/problemresolver/Makefile
config.status: creating src/generic/util/Makefile
config.status: creating src/generic/util/mocks/Makefile
config.status: creating src/generic/views/Makefile
config.status: creating src/generic/views/mocks/Makefile
config.status: creating src/mine/Makefile
config.status: creating tests/Makefile
config.status: creating config.h
config.status: executing po-directories commands
config.status: creating po/POTFILES
config.status: creating po/Makefile
config.status: executing depfiles commands
config.status: executing copy-gtest commands
'/usr/src/googletest/googletest/src/gtest-all.cc' -> 'tests/gtest-all.cc'
config.status: executing copy-gmock commands
'/usr/src/googletest/googlemock/src/gmock-all.cc' -> 'tests/gmock-all.cc'
configure: WARNING: unrecognized options: --disable-maintainer-mode
make[1]: Leaving directory '/<<PKGBUILDDIR>>'
   debian/rules override_dh_auto_configure-indep
make[1]: Entering directory '/<<PKGBUILDDIR>>'
dh_auto_configure -- \
    --htmldir='${docdir}/html' \
    --program-transform='s&aptitude$&aptitude-curses&' \
    --disable-boost-lib-checks \
     
	cd build && ../configure --build=x86_64-linux-gnu --prefix=/usr --includedir=\${prefix}/include --mandir=\${prefix}/share/man --infodir=\${prefix}/share/info --sysconfdir=/etc --localstatedir=/var --disable-silent-rules --libdir=\${prefix}/lib/x86_64-linux-gnu --libexecdir=\${prefix}/lib/x86_64-linux-gnu --runstatedir=/run --disable-maintainer-mode --disable-dependency-tracking --htmldir=\${docdir}/html --program-transform=s&aptitude\$&aptitude-curses& --disable-boost-lib-checks
configure: WARNING: unrecognized options: --disable-maintainer-mode
checking for a BSD-compatible install... /usr/bin/install -c
checking whether build environment is sane... yes
checking for a thread-safe mkdir -p... /bin/mkdir -p
checking for gawk... no
checking for mawk... mawk
checking whether make sets $(MAKE)... yes
checking whether make supports nested variables... yes
checking for a sed that does not truncate output... /bin/sed
checking whether NLS is requested... yes
checking for msgfmt... /usr/bin/msgfmt
checking for gmsgfmt... /usr/bin/msgfmt
checking for xgettext... /usr/bin/xgettext
checking for msgmerge... /usr/bin/msgmerge
checking whether make supports the include directive... yes (GNU style)
checking for gcc... gcc
checking whether the C compiler works... yes
checking for C compiler default output file name... a.out
checking for suffix of executables... 
checking whether we are cross compiling... no
checking for suffix of object files... o
checking whether we are using the GNU C compiler... yes
checking whether gcc accepts -g... yes
checking for gcc option to accept ISO C89... none needed
checking whether gcc understands -c and -o together... yes
checking dependency style of gcc... none
checking build system type... x86_64-pc-linux-gnu
checking host system type... x86_64-pc-linux-gnu
checking for ld used by gcc... /usr/bin/ld
checking if the linker (/usr/bin/ld) is GNU ld... yes
checking for shared library run path origin... done
checking for g++... g++
checking whether we are using the GNU C++ compiler... yes
checking whether g++ accepts -g... yes
checking dependency style of g++... none
checking how to run the C++ preprocessor... g++ -E
checking for grep that handles long lines and -e... /bin/grep
checking for egrep... /bin/grep -E
checking for CFPreferencesCopyAppValue... no
checking for CFLocaleCopyCurrent... no
checking for GNU gettext in libc... yes
checking whether to use NLS... yes
checking where the gettext function comes from... libc
checking whether we are using the GNU C++ compiler... (cached) yes
checking whether g++ accepts -g... (cached) yes
checking dependency style of g++... (cached) none
checking for ranlib... ranlib
checking for po4a... /usr/bin/po4a
checking for xsltproc... /usr/bin/xsltproc
checking for rsvg-convert... /usr/bin/rsvg-convert
checking for fop... no
checking for elinks... /usr/bin/elinks
checking for ANSI C header files... yes
checking for sys/types.h... yes
checking for sys/stat.h... yes
checking for stdlib.h... yes
checking for string.h... yes
checking for memory.h... yes
checking for strings.h... yes
checking for inttypes.h... yes
checking for stdint.h... yes
checking for unistd.h... yes
checking for pkg-config... /usr/bin/pkg-config
checking pkg-config is at least version 0.9.0... yes
checking for initscr in -lncursesw... yes
checking for main in -lapt-pkg... yes
checking whether apt includes the automatic dependency removal patch (required)... yes
checking for struct pkgCache::Version.MultiArch... yes
checking for APT::CacheFilter::PackageArchitectureMatchesSpecification... yes
checking for main in -lpthread... yes
checking for xapian-config... /usr/bin/xapian-config
checking xapian.h usability... yes
checking xapian.h presence... yes
checking for xapian.h... yes
checking for SIGC... yes
checking for CWIDGET... yes
checking for Boost library headers individually (optional, default: yes)... no
checking for boostlib >=  (102000)... yes
checking whether the Boost::IOStreams library is available... yes
checking for exit in -lboost_iostreams... yes
checking whether the Boost::System library is available... yes
checking for exit in -lboost_system... yes
checking the calling convertion of boost::fusion::fold... State first, then value
checking the name of the runtime library for Boost.Test... "-lboost_unit_test_framework"
checking how to link gmock... gmock is in in library path
checking for SQLITE3... yes
configure: GTK+ frontend not enabled; use --enable-gtk to enable it.
configure: Qt frontend not enabled; use --enable-qt to enable it.
checking for ANSI C header files... (cached) yes
checking fcntl.h usability... yes
checking fcntl.h presence... yes
checking for fcntl.h... yes
checking sys/ioctl.h usability... yes
checking sys/ioctl.h presence... yes
checking for sys/ioctl.h... yes
checking for unistd.h... (cached) yes
checking apt-pkg/init.h usability... yes
checking apt-pkg/init.h presence... yes
checking for apt-pkg/init.h... yes
checking execinfo.h usability... yes
checking execinfo.h presence... yes
checking for execinfo.h... yes
checking locale.h usability... yes
checking locale.h presence... yes
checking for locale.h... yes
checking whether setlocale is declared... yes
checking whether apt supports ddtp... checking for the name of the character traits template... char_traits
checking pthread.h usability... yes
checking pthread.h presence... yes
checking for pthread.h... yes
checking for size_t... yes
checking for strdup... yes
checking that generated files are newer than configure... done
configure: creating ./config.status
config.status: creating Doxyfile
config.status: creating Makefile
config.status: creating buildlib/Makefile
config.status: creating doc/Makefile
config.status: creating doc/cs/Makefile
config.status: creating doc/cs/images/Makefile
config.status: creating doc/de/Makefile
config.status: creating doc/en/Makefile
config.status: creating doc/en/images/Makefile
config.status: creating doc/es/Makefile
config.status: creating doc/es/images/Makefile
config.status: creating doc/fi/Makefile
config.status: creating doc/fi/images/Makefile
config.status: creating doc/fr/Makefile
config.status: creating doc/fr/images/Makefile
config.status: creating doc/it/Makefile
config.status: creating doc/it/images/Makefile
config.status: creating doc/ja/Makefile
config.status: creating doc/ja/images/Makefile
config.status: creating doc/nl/Makefile
config.status: creating doc/nl/images/Makefile
config.status: creating doc/pl/Makefile
config.status: creating doc/ru/Makefile
config.status: creating doc/ru/images/Makefile
config.status: creating doc/po4a/Makefile
config.status: creating doc/po4a/po/Makefile
config.status: creating doc/po4a/add_de/Makefile
config.status: creating doc/po4a/add_es/Makefile
config.status: creating doc/po4a/add_fr/Makefile
config.status: creating doc/po4a/add_nl/Makefile
config.status: creating doc/po4a/add_pl/Makefile
config.status: creating doc/po4a/add_ru/Makefile
config.status: creating po/Makefile.in
config.status: WARNING:  '../po/Makefile.in.in' seems to ignore the --datarootdir setting
config.status: creating src/Makefile
config.status: creating src/gtk/Makefile
config.status: creating src/gtk/toplevel/Makefile
config.status: creating src/gtk/util/Makefile
config.status: creating src/gtk/view-impls/Makefile
config.status: creating src/qt/Makefile
config.status: creating src/cmdline/Makefile
config.status: creating src/cmdline/mocks/Makefile
config.status: creating src/generic/Makefile
config.status: creating src/generic/apt/Makefile
config.status: creating src/generic/apt/history/Makefile
config.status: creating src/generic/apt/matching/Makefile
config.status: creating src/generic/controllers/Makefile
config.status: creating src/generic/problemresolver/Makefile
config.status: creating src/generic/util/Makefile
config.status: creating src/generic/util/mocks/Makefile
config.status: creating src/generic/views/Makefile
config.status: creating src/generic/views/mocks/Makefile
config.status: creating src/mine/Makefile
config.status: creating tests/Makefile
config.status: creating config.h
config.status: config.h is unchanged
config.status: executing po-directories commands
config.status: creating po/POTFILES
config.status: creating po/Makefile
config.status: executing depfiles commands
config.status: executing copy-gtest commands
config.status: executing copy-gmock commands
configure: WARNING: unrecognized options: --disable-maintainer-mode
make[1]: Leaving directory '/<<PKGBUILDDIR>>'
   dh_auto_build -O--builddirectory=build -O--dbgsym-migration=aptitude-dbg
	cd build && make -j4
make[1]: Entering directory '/<<PKGBUILDDIR>>/build'
make  all-recursive
make[2]: Entering directory '/<<PKGBUILDDIR>>/build'
Making all in buildlib
make[3]: Entering directory '/<<PKGBUILDDIR>>/build/buildlib'
make[3]: Nothing to be done for 'all'.
make[3]: Leaving directory '/<<PKGBUILDDIR>>/build/buildlib'
Making all in src
make[3]: Entering directory '/<<PKGBUILDDIR>>/build/src'
Making all in generic
make[4]: Entering directory '/<<PKGBUILDDIR>>/build/src/generic'
Making all in util
make[5]: Entering directory '/<<PKGBUILDDIR>>/build/src/generic/util'
Making all in mocks
make[6]: Entering directory '/<<PKGBUILDDIR>>/build/src/generic/util/mocks'
make[6]: Nothing to be done for 'all'.
make[6]: Leaving directory '/<<PKGBUILDDIR>>/build/src/generic/util/mocks'
make[6]: Entering directory '/<<PKGBUILDDIR>>/build/src/generic/util'
g++ -DLOCALEDIR=\"/usr/share/locale\" -DHAVE_CONFIG_H -I. -I../../../../src/generic/util -I../../..  -I../../.. -I../../../../src/generic/util -I../../../.. -I../../../../src -I/usr/include -Wdate-time -D_FORTIFY_SOURCE=2 -DHELPDIR=\"/usr/share/aptitude\" -DPKGDATADIR=\"/usr/share/aptitude\"  -I/usr/include/sigc++-2.0 -I/usr/lib/x86_64-linux-gnu/sigc++-2.0/include -I/usr/include/cwidget -I/usr/lib/x86_64-linux-gnu/cwidget -I/usr/include/sigc++-2.0 -I/usr/lib/x86_64-linux-gnu/sigc++-2.0/include    -g -O2 -fdebug-prefix-map=/<<PKGBUILDDIR>>=. -fstack-protector-strong -Wformat -Werror=format-security  -D_REENTRANT -std=gnu++17 -Wall  -c -o file_cache.o ../../../../src/generic/util/file_cache.cc
g++ -DLOCALEDIR=\"/usr/share/locale\" -DHAVE_CONFIG_H -I. -I../../../../src/generic/util -I../../..  -I../../.. -I../../../../src/generic/util -I../../../.. -I../../../../src -I/usr/include -Wdate-time -D_FORTIFY_SOURCE=2 -DHELPDIR=\"/usr/share/aptitude\" -DPKGDATADIR=\"/usr/share/aptitude\"  -I/usr/include/sigc++-2.0 -I/usr/lib/x86_64-linux-gnu/sigc++-2.0/include -I/usr/include/cwidget -I/usr/lib/x86_64-linux-gnu/cwidget -I/usr/include/sigc++-2.0 -I/usr/lib/x86_64-linux-gnu/sigc++-2.0/include    -g -O2 -fdebug-prefix-map=/<<PKGBUILDDIR>>=. -fstack-protector-strong -Wformat -Werror=format-security  -D_REENTRANT -std=gnu++17 -Wall  -c -o logging.o ../../../../src/generic/util/logging.cc
g++ -DLOCALEDIR=\"/usr/share/locale\" -DHAVE_CONFIG_H -I. -I../../../../src/generic/util -I../../..  -I../../.. -I../../../../src/generic/util -I../../../.. -I../../../../src -I/usr/include -Wdate-time -D_FORTIFY_SOURCE=2 -DHELPDIR=\"/usr/share/aptitude\" -DPKGDATADIR=\"/usr/share/aptitude\"  -I/usr/include/sigc++-2.0 -I/usr/lib/x86_64-linux-gnu/sigc++-2.0/include -I/usr/include/cwidget -I/usr/lib/x86_64-linux-gnu/cwidget -I/usr/include/sigc++-2.0 -I/usr/lib/x86_64-linux-gnu/sigc++-2.0/include    -g -O2 -fdebug-prefix-map=/<<PKGBUILDDIR>>=. -fstack-protector-strong -Wformat -Werror=format-security  -D_REENTRANT -std=gnu++17 -Wall  -c -o progress_info.o ../../../../src/generic/util/progress_info.cc
g++ -DLOCALEDIR=\"/usr/share/locale\" -DHAVE_CONFIG_H -I. -I../../../../src/generic/util -I../../..  -I../../.. -I../../../../src/generic/util -I../../../.. -I../../../../src -I/usr/include -Wdate-time -D_FORTIFY_SOURCE=2 -DHELPDIR=\"/usr/share/aptitude\" -DPKGDATADIR=\"/usr/share/aptitude\"  -I/usr/include/sigc++-2.0 -I/usr/lib/x86_64-linux-gnu/sigc++-2.0/include -I/usr/include/cwidget -I/usr/lib/x86_64-linux-gnu/cwidget -I/usr/include/sigc++-2.0 -I/usr/lib/x86_64-linux-gnu/sigc++-2.0/include    -g -O2 -fdebug-prefix-map=/<<PKGBUILDDIR>>=. -fstack-protector-strong -Wformat -Werror=format-security  -D_REENTRANT -std=gnu++17 -Wall  -c -o refcounted_base.o ../../../../src/generic/util/refcounted_base.cc
g++ -DLOCALEDIR=\"/usr/share/locale\" -DHAVE_CONFIG_H -I. -I../../../../src/generic/util -I../../..  -I../../.. -I../../../../src/generic/util -I../../../.. -I../../../../src -I/usr/include -Wdate-time -D_FORTIFY_SOURCE=2 -DHELPDIR=\"/usr/share/aptitude\" -DPKGDATADIR=\"/usr/share/aptitude\"  -I/usr/include/sigc++-2.0 -I/usr/lib/x86_64-linux-gnu/sigc++-2.0/include -I/usr/include/cwidget -I/usr/lib/x86_64-linux-gnu/cwidget -I/usr/include/sigc++-2.0 -I/usr/lib/x86_64-linux-gnu/sigc++-2.0/include    -g -O2 -fdebug-prefix-map=/<<PKGBUILDDIR>>=. -fstack-protector-strong -Wformat -Werror=format-security  -D_REENTRANT -std=gnu++17 -Wall  -c -o sqlite.o ../../../../src/generic/util/sqlite.cc
g++ -DLOCALEDIR=\"/usr/share/locale\" -DHAVE_CONFIG_H -I. -I../../../../src/generic/util -I../../..  -I../../.. -I../../../../src/generic/util -I../../../.. -I../../../../src -I/usr/include -Wdate-time -D_FORTIFY_SOURCE=2 -DHELPDIR=\"/usr/share/aptitude\" -DPKGDATADIR=\"/usr/share/aptitude\"  -I/usr/include/sigc++-2.0 -I/usr/lib/x86_64-linux-gnu/sigc++-2.0/include -I/usr/include/cwidget -I/usr/lib/x86_64-linux-gnu/cwidget -I/usr/include/sigc++-2.0 -I/usr/lib/x86_64-linux-gnu/sigc++-2.0/include    -g -O2 -fdebug-prefix-map=/<<PKGBUILDDIR>>=. -fstack-protector-strong -Wformat -Werror=format-security  -D_REENTRANT -std=gnu++17 -Wall  -c -o temp.o ../../../../src/generic/util/temp.cc
In file included from ../../../../src/generic/util/temp.cc:21:
../../../../src/generic/util/temp.h:140:10: warning: private field 'forceful_delete' is not used [-Wunused-private-field]
    bool forceful_delete;
         ^
1 warning generated.
g++ -DLOCALEDIR=\"/usr/share/locale\" -DHAVE_CONFIG_H -I. -I../../../../src/generic/util -I../../..  -I../../.. -I../../../../src/generic/util -I../../../.. -I../../../../src -I/usr/include -Wdate-time -D_FORTIFY_SOURCE=2 -DHELPDIR=\"/usr/share/aptitude\" -DPKGDATADIR=\"/usr/share/aptitude\"  -I/usr/include/sigc++-2.0 -I/usr/lib/x86_64-linux-gnu/sigc++-2.0/include -I/usr/include/cwidget -I/usr/lib/x86_64-linux-gnu/cwidget -I/usr/include/sigc++-2.0 -I/usr/lib/x86_64-linux-gnu/sigc++-2.0/include    -g -O2 -fdebug-prefix-map=/<<PKGBUILDDIR>>=. -fstack-protector-strong -Wformat -Werror=format-security  -D_REENTRANT -std=gnu++17 -Wall  -c -o throttle.o ../../../../src/generic/util/throttle.cc
g++ -DLOCALEDIR=\"/usr/share/locale\" -DHAVE_CONFIG_H -I. -I../../../../src/generic/util -I../../..  -I../../.. -I../../../../src/generic/util -I../../../.. -I../../../../src -I/usr/include -Wdate-time -D_FORTIFY_SOURCE=2 -DHELPDIR=\"/usr/share/aptitude\" -DPKGDATADIR=\"/usr/share/aptitude\"  -I/usr/include/sigc++-2.0 -I/usr/lib/x86_64-linux-gnu/sigc++-2.0/include -I/usr/include/cwidget -I/usr/lib/x86_64-linux-gnu/cwidget -I/usr/include/sigc++-2.0 -I/usr/lib/x86_64-linux-gnu/sigc++-2.0/include    -g -O2 -fdebug-prefix-map=/<<PKGBUILDDIR>>=. -fstack-protector-strong -Wformat -Werror=format-security  -D_REENTRANT -std=gnu++17 -Wall  -c -o undo.o ../../../../src/generic/util/undo.cc
g++ -DLOCALEDIR=\"/usr/share/locale\" -DHAVE_CONFIG_H -I. -I../../../../src/generic/util -I../../..  -I../../.. -I../../../../src/generic/util -I../../../.. -I../../../../src -I/usr/include -Wdate-time -D_FORTIFY_SOURCE=2 -DHELPDIR=\"/usr/share/aptitude\" -DPKGDATADIR=\"/usr/share/aptitude\"  -I/usr/include/sigc++-2.0 -I/usr/lib/x86_64-linux-gnu/sigc++-2.0/include -I/usr/include/cwidget -I/usr/lib/x86_64-linux-gnu/cwidget -I/usr/include/sigc++-2.0 -I/usr/lib/x86_64-linux-gnu/sigc++-2.0/include    -g -O2 -fdebug-prefix-map=/<<PKGBUILDDIR>>=. -fstack-protector-strong -Wformat -Werror=format-security  -D_REENTRANT -std=gnu++17 -Wall  -c -o util.o ../../../../src/generic/util/util.cc
rm -f libgeneric-util.a
ar cru libgeneric-util.a file_cache.o logging.o progress_info.o refcounted_base.o sqlite.o temp.o throttle.o undo.o util.o 
ar: `u' modifier ignored since `D' is the default (see `U')
ranlib libgeneric-util.a
make[6]: Leaving directory '/<<PKGBUILDDIR>>/build/src/generic/util'
make[5]: Leaving directory '/<<PKGBUILDDIR>>/build/src/generic/util'
Making all in apt
make[5]: Entering directory '/<<PKGBUILDDIR>>/build/src/generic/apt'
Making all in history
make[6]: Entering directory '/<<PKGBUILDDIR>>/build/src/generic/apt/history'
g++ -DLOCALEDIR=\"/usr/share/locale\" -DHAVE_CONFIG_H -I. -I../../../../../src/generic/apt/history -I../../../..  -I../../../.. -I../../../../../src/generic/apt/history -I../../../../.. -I../../../../../src -I/usr/include -Wdate-time -D_FORTIFY_SOURCE=2 -DHELPDIR=\"/usr/share/aptitude\" -DPKGDATADIR=\"/usr/share/aptitude\"  -I/usr/include/sigc++-2.0 -I/usr/lib/x86_64-linux-gnu/sigc++-2.0/include -I/usr/include/cwidget -I/usr/lib/x86_64-linux-gnu/cwidget -I/usr/include/sigc++-2.0 -I/usr/lib/x86_64-linux-gnu/sigc++-2.0/include    -g -O2 -fdebug-prefix-map=/<<PKGBUILDDIR>>=. -fstack-protector-strong -Wformat -Werror=format-security  -D_REENTRANT -std=gnu++17 -Wall  -c -o history_entry.o ../../../../../src/generic/apt/history/history_entry.cc
In file included from ../../../../../src/generic/apt/history/history_entry.cc:20:
../../../../../src/generic/apt/history/history_entry.h:621:12: warning: private field 'tp' is not used [-Wunused-private-field]
      type tp;
           ^
../../../../../src/generic/apt/history/history_entry.h:626:26: warning: private field 'change_reason' is not used [-Wunused-private-field]
      change_reason_enum change_reason;
                         ^
../../../../../src/generic/apt/history/history_entry.h:634:33: warning: private field 'old_dpkg_selection_state' is not used [-Wunused-private-field]
      dpkg_selection_state_enum old_dpkg_selection_state, new_dpkg_selection_state;
                                ^
../../../../../src/generic/apt/history/history_entry.h:634:59: warning: private field 'new_dpkg_selection_state' is not used [-Wunused-private-field]
      dpkg_selection_state_enum old_dpkg_selection_state, new_dpkg_selection_state;
                                                          ^
../../../../../src/generic/apt/history/history_entry.h:636:31: warning: private field 'old_dpkg_current_state' is not used [-Wunused-private-field]
      dpkg_current_state_enum old_dpkg_current_state, new_dpkg_current_state;
                              ^
../../../../../src/generic/apt/history/history_entry.h:636:55: warning: private field 'new_dpkg_current_state' is not used [-Wunused-private-field]
      dpkg_current_state_enum old_dpkg_current_state, new_dpkg_current_state;
                                                      ^
../../../../../src/generic/apt/history/history_entry.h:638:12: warning: private field 'old_new_flag' is not used [-Wunused-private-field]
      bool old_new_flag : 1, new_new_flag : 1;
           ^
../../../../../src/generic/apt/history/history_entry.h:638:30: warning: private field 'new_new_flag' is not used [-Wunused-private-field]
      bool old_new_flag : 1, new_new_flag : 1;
                             ^
8 warnings generated.
rm -f libgeneric-history.a
ar cru libgeneric-history.a history_entry.o 
ar: `u' modifier ignored since `D' is the default (see `U')
ranlib libgeneric-history.a
make[6]: Leaving directory '/<<PKGBUILDDIR>>/build/src/generic/apt/history'
Making all in matching
make[6]: Entering directory '/<<PKGBUILDDIR>>/build/src/generic/apt/matching'
g++ -DLOCALEDIR=\"/usr/share/locale\" -DHAVE_CONFIG_H -I. -I../../../../../src/generic/apt/matching -I../../../..  -I../../../.. -I../../../../../src/generic/apt/matching -I../../../../.. -I../../../../../src -I/usr/include -Wdate-time -D_FORTIFY_SOURCE=2 -DHELPDIR=\"/usr/share/aptitude\" -DPKGDATADIR=\"/usr/share/aptitude\"  -I/usr/include/sigc++-2.0 -I/usr/lib/x86_64-linux-gnu/sigc++-2.0/include -I/usr/include/cwidget -I/usr/lib/x86_64-linux-gnu/cwidget -I/usr/include/sigc++-2.0 -I/usr/lib/x86_64-linux-gnu/sigc++-2.0/include    -g -O2 -fdebug-prefix-map=/<<PKGBUILDDIR>>=. -fstack-protector-strong -Wformat -Werror=format-security  -D_REENTRANT -std=gnu++17 -Wall  -c -o compare_patterns.o ../../../../../src/generic/apt/matching/compare_patterns.cc
g++ -DLOCALEDIR=\"/usr/share/locale\" -DHAVE_CONFIG_H -I. -I../../../../../src/generic/apt/matching -I../../../..  -I../../../.. -I../../../../../src/generic/apt/matching -I../../../../.. -I../../../../../src -I/usr/include -Wdate-time -D_FORTIFY_SOURCE=2 -DHELPDIR=\"/usr/share/aptitude\" -DPKGDATADIR=\"/usr/share/aptitude\"  -I/usr/include/sigc++-2.0 -I/usr/lib/x86_64-linux-gnu/sigc++-2.0/include -I/usr/include/cwidget -I/usr/lib/x86_64-linux-gnu/cwidget -I/usr/include/sigc++-2.0 -I/usr/lib/x86_64-linux-gnu/sigc++-2.0/include    -g -O2 -fdebug-prefix-map=/<<PKGBUILDDIR>>=. -fstack-protector-strong -Wformat -Werror=format-security  -D_REENTRANT -std=gnu++17 -Wall  -c -o match.o ../../../../../src/generic/apt/matching/match.cc
g++ -DLOCALEDIR=\"/usr/share/locale\" -DHAVE_CONFIG_H -I. -I../../../../../src/generic/apt/matching -I../../../..  -I../../../.. -I../../../../../src/generic/apt/matching -I../../../../.. -I../../../../../src -I/usr/include -Wdate-time -D_FORTIFY_SOURCE=2 -DHELPDIR=\"/usr/share/aptitude\" -DPKGDATADIR=\"/usr/share/aptitude\"  -I/usr/include/sigc++-2.0 -I/usr/lib/x86_64-linux-gnu/sigc++-2.0/include -I/usr/include/cwidget -I/usr/lib/x86_64-linux-gnu/cwidget -I/usr/include/sigc++-2.0 -I/usr/lib/x86_64-linux-gnu/sigc++-2.0/include    -g -O2 -fdebug-prefix-map=/<<PKGBUILDDIR>>=. -fstack-protector-strong -Wformat -Werror=format-security  -D_REENTRANT -std=gnu++17 -Wall  -c -o parse.o ../../../../../src/generic/apt/matching/parse.cc
g++ -DLOCALEDIR=\"/usr/share/locale\" -DHAVE_CONFIG_H -I. -I../../../../../src/generic/apt/matching -I../../../..  -I../../../.. -I../../../../../src/generic/apt/matching -I../../../../.. -I../../../../../src -I/usr/include -Wdate-time -D_FORTIFY_SOURCE=2 -DHELPDIR=\"/usr/share/aptitude\" -DPKGDATADIR=\"/usr/share/aptitude\"  -I/usr/include/sigc++-2.0 -I/usr/lib/x86_64-linux-gnu/sigc++-2.0/include -I/usr/include/cwidget -I/usr/lib/x86_64-linux-gnu/cwidget -I/usr/include/sigc++-2.0 -I/usr/lib/x86_64-linux-gnu/sigc++-2.0/include    -g -O2 -fdebug-prefix-map=/<<PKGBUILDDIR>>=. -fstack-protector-strong -Wformat -Werror=format-security  -D_REENTRANT -std=gnu++17 -Wall  -c -o pattern.o ../../../../../src/generic/apt/matching/pattern.cc
In file included from ../../../../../src/generic/apt/matching/parse.cc:55:
In file included from ../../../../../src/generic/util/immset.h:31:
../../../../../src/generic/util/compare3.h:228:7: warning: control may reach end of non-void function [-Wreturn-type]
      }
      ^
../../../../../src/generic/apt/matching/parse.cc:855:16: warning: result of comparison of constant -1 with expression of type 'const pkgCache::Dep::DepType' is always false [-Wtautological-constant-out-of-range-compare]
    if(deptype == -1)
       ~~~~~~~ ^  ~~
../../../../../src/generic/apt/matching/parse.cc:1310:15: warning: result of comparison of constant -1 with expression of type 'pkgCache::Dep::DepType' is always false [-Wtautological-constant-out-of-range-compare]
                            if(type==-1)
                               ~~~~^ ~~
../../../../../src/generic/apt/matching/parse.cc:1348:12: warning: result of comparison of constant -1 with expression of type 'pkgCache::Dep::DepType' is always true [-Wtautological-constant-out-of-range-compare]
                        if(ptype!=-1)
                           ~~~~~^ ~~
In file included from ../../../../../src/generic/apt/matching/match.cc:39:
In file included from /usr/include/xapian.h:44:
/usr/include/xapian/version.h:29:2: warning: The C++ ABI version of compiler you are using does not exactly match [-W#warnings]
#warning The C++ ABI version of compiler you are using does not exactly match
 ^
/usr/include/xapian/version.h:30:2: warning: that of the compiler used to build the library. If linking fails [-W#warnings]
#warning that of the compiler used to build the library. If linking fails
 ^
/usr/include/xapian/version.h:31:2: warning: due to missing symbols, this is probably the reason why. [-W#warnings]
#warning due to missing symbols, this is probably the reason why.
 ^
/usr/include/xapian/version.h:32:2: warning: The Xapian library was built with g++ 9.2.1 [-W#warnings]
#warning The Xapian library was built with g++ 9.2.1
 ^
g++ -DLOCALEDIR=\"/usr/share/locale\" -DHAVE_CONFIG_H -I. -I../../../../../src/generic/apt/matching -I../../../..  -I../../../.. -I../../../../../src/generic/apt/matching -I../../../../.. -I../../../../../src -I/usr/include -Wdate-time -D_FORTIFY_SOURCE=2 -DHELPDIR=\"/usr/share/aptitude\" -DPKGDATADIR=\"/usr/share/aptitude\"  -I/usr/include/sigc++-2.0 -I/usr/lib/x86_64-linux-gnu/sigc++-2.0/include -I/usr/include/cwidget -I/usr/lib/x86_64-linux-gnu/cwidget -I/usr/include/sigc++-2.0 -I/usr/lib/x86_64-linux-gnu/sigc++-2.0/include    -g -O2 -fdebug-prefix-map=/<<PKGBUILDDIR>>=. -fstack-protector-strong -Wformat -Werror=format-security  -D_REENTRANT -std=gnu++17 -Wall  -c -o serialize.o ../../../../../src/generic/apt/matching/serialize.cc
../../../../../src/generic/apt/matching/match.cc:1178:30: warning: unused variable 'pkg' [-Wunused-variable]
              pkgCache::PkgIterator pkg(target.get_package_iterator(cache));
                                    ^
../../../../../src/generic/apt/matching/match.cc:1292:30: warning: unused variable 'pkg' [-Wunused-variable]
              pkgCache::PkgIterator pkg(target.get_package_iterator(cache));
                                    ^
4 warnings generated.
6 warnings generated.
rm -f libgeneric-matching.a
ar cru libgeneric-matching.a compare_patterns.o match.o parse.o pattern.o serialize.o 
ar: `u' modifier ignored since `D' is the default (see `U')
ranlib libgeneric-matching.a
make[6]: Leaving directory '/<<PKGBUILDDIR>>/build/src/generic/apt/matching'
make[6]: Entering directory '/<<PKGBUILDDIR>>/build/src/generic/apt'
g++ -DLOCALEDIR=\"/usr/share/locale\" -DHAVE_CONFIG_H -I. -I../../../../src/generic/apt -I../../..  -I../../.. -I../../../../src/generic/apt -I../../../.. -I../../../../src -I/usr/include -Wdate-time -D_FORTIFY_SOURCE=2 -DHELPDIR=\"/usr/share/aptitude\" -DPKGDATADIR=\"/usr/share/aptitude\"  -I/usr/include/sigc++-2.0 -I/usr/lib/x86_64-linux-gnu/sigc++-2.0/include -I/usr/include/cwidget -I/usr/lib/x86_64-linux-gnu/cwidget -I/usr/include/sigc++-2.0 -I/usr/lib/x86_64-linux-gnu/sigc++-2.0/include    -g -O2 -fdebug-prefix-map=/<<PKGBUILDDIR>>=. -fstack-protector-strong -Wformat -Werror=format-security  -D_REENTRANT -std=gnu++17 -Wall  -c -o aptcache.o ../../../../src/generic/apt/aptcache.cc
g++ -DLOCALEDIR=\"/usr/share/locale\" -DHAVE_CONFIG_H -I. -I../../../../src/generic/apt -I../../..  -I../../.. -I../../../../src/generic/apt -I../../../.. -I../../../../src -I/usr/include -Wdate-time -D_FORTIFY_SOURCE=2 -DHELPDIR=\"/usr/share/aptitude\" -DPKGDATADIR=\"/usr/share/aptitude\"  -I/usr/include/sigc++-2.0 -I/usr/lib/x86_64-linux-gnu/sigc++-2.0/include -I/usr/include/cwidget -I/usr/lib/x86_64-linux-gnu/cwidget -I/usr/include/sigc++-2.0 -I/usr/lib/x86_64-linux-gnu/sigc++-2.0/include    -g -O2 -fdebug-prefix-map=/<<PKGBUILDDIR>>=. -fstack-protector-strong -Wformat -Werror=format-security  -D_REENTRANT -std=gnu++17 -Wall  -c -o apt.o ../../../../src/generic/apt/apt.cc
g++ -DLOCALEDIR=\"/usr/share/locale\" -DHAVE_CONFIG_H -I. -I../../../../src/generic/apt -I../../..  -I../../.. -I../../../../src/generic/apt -I../../../.. -I../../../../src -I/usr/include -Wdate-time -D_FORTIFY_SOURCE=2 -DHELPDIR=\"/usr/share/aptitude\" -DPKGDATADIR=\"/usr/share/aptitude\"  -I/usr/include/sigc++-2.0 -I/usr/lib/x86_64-linux-gnu/sigc++-2.0/include -I/usr/include/cwidget -I/usr/lib/x86_64-linux-gnu/cwidget -I/usr/include/sigc++-2.0 -I/usr/lib/x86_64-linux-gnu/sigc++-2.0/include    -g -O2 -fdebug-prefix-map=/<<PKGBUILDDIR>>=. -fstack-protector-strong -Wformat -Werror=format-security  -D_REENTRANT -std=gnu++17 -Wall  -c -o aptitudepolicy.o ../../../../src/generic/apt/aptitudepolicy.cc
g++ -DLOCALEDIR=\"/usr/share/locale\" -DHAVE_CONFIG_H -I. -I../../../../src/generic/apt -I../../..  -I../../.. -I../../../../src/generic/apt -I../../../.. -I../../../../src -I/usr/include -Wdate-time -D_FORTIFY_SOURCE=2 -DHELPDIR=\"/usr/share/aptitude\" -DPKGDATADIR=\"/usr/share/aptitude\"  -I/usr/include/sigc++-2.0 -I/usr/lib/x86_64-linux-gnu/sigc++-2.0/include -I/usr/include/cwidget -I/usr/lib/x86_64-linux-gnu/cwidget -I/usr/include/sigc++-2.0 -I/usr/lib/x86_64-linux-gnu/sigc++-2.0/include    -g -O2 -fdebug-prefix-map=/<<PKGBUILDDIR>>=. -fstack-protector-strong -Wformat -Werror=format-security  -D_REENTRANT -std=gnu++17 -Wall  -c -o aptitude_resolver.o ../../../../src/generic/apt/aptitude_resolver.cc
In file included from ../../../../src/generic/apt/aptitude_resolver.cc:21:
In file included from ../../../../src/generic/apt/aptitude_resolver.h:29:
In file included from ../../../../src/generic/apt/aptitude_resolver_cost_settings.h:27:
In file included from ../../../../src/generic/problemresolver/cost.h:26:
../../../../src/generic/util/compare3.h:228:7: warning: control may reach end of non-void function [-Wreturn-type]
      }
      ^
In file included from ../../../../src/generic/apt/aptitudepolicy.cc:8:
../../../../src/generic/apt/aptitudepolicy.h:27:8: warning: 'aptitudePolicy::IsImportantDep' hides overloaded virtual function [-Woverloaded-virtual]
  bool IsImportantDep(pkgCache::DepIterator dep);
       ^
/usr/include/apt-pkg/depcache.h:285:20: note: hidden overloaded virtual function 'pkgDepCache::Policy::IsImportantDep' declared here: type mismatch at 1st parameter ('const pkgCache::Namespace::DepIterator &' (aka 'const pkgCache::DepIterator &') vs 'pkgCache::DepIterator')
      virtual bool IsImportantDep(DepIterator const &Dep) const;
                   ^
1 warning generated.
g++ -DLOCALEDIR=\"/usr/share/locale\" -DHAVE_CONFIG_H -I. -I../../../../src/generic/apt -I../../..  -I../../.. -I../../../../src/generic/apt -I../../../.. -I../../../../src -I/usr/include -Wdate-time -D_FORTIFY_SOURCE=2 -DHELPDIR=\"/usr/share/aptitude\" -DPKGDATADIR=\"/usr/share/aptitude\"  -I/usr/include/sigc++-2.0 -I/usr/lib/x86_64-linux-gnu/sigc++-2.0/include -I/usr/include/cwidget -I/usr/lib/x86_64-linux-gnu/cwidget -I/usr/include/sigc++-2.0 -I/usr/lib/x86_64-linux-gnu/sigc++-2.0/include    -g -O2 -fdebug-prefix-map=/<<PKGBUILDDIR>>=. -fstack-protector-strong -Wformat -Werror=format-security  -D_REENTRANT -std=gnu++17 -Wall  -c -o aptitude_resolver_cost_settings.o ../../../../src/generic/apt/aptitude_resolver_cost_settings.cc
In file included from ../../../../src/generic/apt/apt.cc:28:
In file included from ../../../../src/generic/apt/aptitude_resolver_universe.h:35:
In file included from ../../../../src/generic/problemresolver/cost.h:26:
../../../../src/generic/util/compare3.h:228:7: warning: control may reach end of non-void function [-Wreturn-type]
      }
      ^
In file included from ../../../../src/generic/apt/aptcache.cc:27:
In file included from ../../../../src/generic/apt/aptitude_resolver_universe.h:35:
In file included from ../../../../src/generic/problemresolver/cost.h:26:
../../../../src/generic/util/compare3.h:228:7: warning: control may reach end of non-void function [-Wreturn-type]
      }
      ^
In file included from ../../../../src/generic/apt/aptitude_resolver_cost_settings.cc:21:
In file included from ../../../../src/generic/apt/aptitude_resolver_cost_settings.h:27:
In file included from ../../../../src/generic/problemresolver/cost.h:26:
../../../../src/generic/util/compare3.h:228:7: warning: control may reach end of non-void function [-Wreturn-type]
      }
      ^
In file included from ../../../../src/generic/apt/aptcache.cc:28:
../../../../src/generic/apt/aptitudepolicy.h:27:8: warning: 'aptitudePolicy::IsImportantDep' hides overloaded virtual function [-Woverloaded-virtual]
  bool IsImportantDep(pkgCache::DepIterator dep);
       ^
/usr/include/apt-pkg/depcache.h:285:20: note: hidden overloaded virtual function 'pkgDepCache::Policy::IsImportantDep' declared here: type mismatch at 1st parameter ('const pkgCache::Namespace::DepIterator &' (aka 'const pkgCache::DepIterator &') vs 'pkgCache::DepIterator')
      virtual bool IsImportantDep(DepIterator const &Dep) const;
                   ^
In file included from ../../../../src/generic/apt/aptcache.cc:34:
../../../../src/generic/problemresolver/solution.h:668:1: warning: 'solution_weights' defined as a struct template here but previously declared as a class template; this is valid, but may result in linker errors under the Microsoft C++ ABI [-Wmismatched-tags]
struct solution_weights
^
../../../../src/generic/problemresolver/solution.h:42:1: note: did you mean struct here?
class solution_weights;
^~~~~
struct
In file included from ../../../../src/generic/apt/aptitude_resolver.cc:21:
In file included from ../../../../src/generic/apt/aptitude_resolver.h:33:
In file included from ../../../../src/generic/problemresolver/problemresolver.h:41:
../../../../src/generic/problemresolver/solution.h:668:1: warning: 'solution_weights' defined as a struct template here but previously declared as a class template; this is valid, but may result in linker errors under the Microsoft C++ ABI [-Wmismatched-tags]
struct solution_weights
^
../../../../src/generic/problemresolver/solution.h:42:1: note: did you mean struct here?
class solution_weights;
^~~~~
struct
In file included from ../../../../src/generic/apt/aptitude_resolver.cc:21:
In file included from ../../../../src/generic/apt/aptitude_resolver.h:33:
../../../../src/generic/problemresolver/problemresolver.h:1725:17: error: use of non-static data member 'graph' of 'generic_problem_resolver' from nested type 'do_process_promotion'
      step &s = graph.get_step(step_num);
                ^~~~~
In file included from ../../../../src/generic/apt/aptitude_resolver_cost_settings.cc:24:
In file included from ../../../../src/generic/apt/aptitude_resolver.h:33:
In file included from ../../../../src/generic/problemresolver/problemresolver.h:41:
../../../../src/generic/problemresolver/solution.h:668:1: warning: 'solution_weights' defined as a struct template here but previously declared as a class template; this is valid, but may result in linker errors under the Microsoft C++ ABI [-Wmismatched-tags]
struct solution_weights
^
../../../../src/generic/problemresolver/solution.h:42:1: note: did you mean struct here?
class solution_weights;
^~~~~
struct
In file included from ../../../../src/generic/apt/aptitude_resolver_cost_settings.cc:24:
In file included from ../../../../src/generic/apt/aptitude_resolver.h:33:
../../../../src/generic/problemresolver/problemresolver.h:1725:17: error: use of non-static data member 'graph' of 'generic_problem_resolver' from nested type 'do_process_promotion'
      step &s = graph.get_step(step_num);
                ^~~~~
2 warnings and 1 error generated.
make[6]: *** [Makefile:582: aptitude_resolver.o] Error 1
make[6]: *** Waiting for unfinished jobs....
2 warnings and 1 error generated.
make[6]: *** [Makefile:582: aptitude_resolver_cost_settings.o] Error 1
3 warnings generated.
1 warning generated.
make[6]: Leaving directory '/<<PKGBUILDDIR>>/build/src/generic/apt'
make[5]: *** [Makefile:598: all-recursive] Error 1
make[5]: Leaving directory '/<<PKGBUILDDIR>>/build/src/generic/apt'
make[4]: *** [Makefile:395: all-recursive] Error 1
make[4]: Leaving directory '/<<PKGBUILDDIR>>/build/src/generic'
make[3]: *** [Makefile:683: all-recursive] Error 1
make[3]: Leaving directory '/<<PKGBUILDDIR>>/build/src'
make[2]: *** [Makefile:718: all-recursive] Error 1
make[2]: Leaving directory '/<<PKGBUILDDIR>>/build'
make[1]: *** [Makefile:600: all] Error 2
make[1]: Leaving directory '/<<PKGBUILDDIR>>/build'
dh_auto_build: error: cd build && make -j4 returned exit code 2
make: *** [debian/rules:22: binary] Error 25
dpkg-buildpackage: error: debian/rules binary subprocess returned exit status 2
--------------------------------------------------------------------------------
Build finished at 2020-02-25T12:17:30Z

Finished
--------


+------------------------------------------------------------------------------+
| Cleanup                                                                      |
+------------------------------------------------------------------------------+

Purging /<<BUILDDIR>>
Not cleaning session: cloned chroot in use
E: Build failure (dpkg-buildpackage died)

+------------------------------------------------------------------------------+
| Summary                                                                      |
+------------------------------------------------------------------------------+

Build Architecture: amd64
Build Type: binary
Build-Space: 84228
Build-Time: 53
Distribution: unstable
Fail-Stage: build
Host Architecture: amd64
Install-Time: 17
Job: aptitude_0.8.12-1
Machine Architecture: amd64
Package: aptitude
Package-Time: 87
Source-Version: 0.8.12-1
Space: 84228
Status: attempted
Version: 0.8.12-1
--------------------------------------------------------------------------------
Finished at 2020-02-25T12:17:30Z
Build needed 00:01:27, 84228k disk space
E: Build failure (dpkg-buildpackage died)
DC-Status: Failed 88.161603588s
DC-Time-Estimation: 88.161603588 versus expected 1602 (r/m: 17.171175827138132 ; m: 88.161603588)
