DC-Build-Header: chuck 1.2.0.8.dfsg-1.5 / 2020-02-25 16:39:14 +0000
DC-Task: type:rebuild-binarch-only source:chuck version:1.2.0.8.dfsg-1.5 chroot:unstable esttime:161 logfile:/tmp/chuck_1.2.0.8.dfsg-1.5_unstable_clang8.log modes:clang8:binarch-only
DC-Sbuild-call: su user42 -c 'sbuild -n --arch-any --apt-update -d unstable -v --no-run-lintian --chroot-setup-commands=/tmp/clang8 chuck_1.2.0.8.dfsg-1.5'
sbuild (Debian sbuild) 0.78.1 (09 February 2019) on ip-172-31-11-13.eu-central-1.compute.internal

+==============================================================================+
| chuck 1.2.0.8.dfsg-1.5 (amd64)               Tue, 25 Feb 2020 16:39:14 +0000 |
+==============================================================================+

Package: chuck
Version: 1.2.0.8.dfsg-1.5
Source Version: 1.2.0.8.dfsg-1.5
Distribution: unstable
Machine Architecture: amd64
Host Architecture: amd64
Build Architecture: amd64
Build Type: binary

I: NOTICE: Log filtering will replace 'var/run/schroot/mount/sid-amd64-sbuild-2d4760fe-84d0-4b5f-9673-e834f1024626' with '<<CHROOT>>'

+------------------------------------------------------------------------------+
| Chroot Setup Commands                                                        |
+------------------------------------------------------------------------------+


/tmp/clang8
-----------

+ echo 'Entering customization script...'
Entering customization script...
+ CLANG_VERSION=8
+ echo 'Install of clang-8'
Install of clang-8
+ apt-get update
Get:1 http://127.0.0.1:12990/debian sid InRelease [142 kB]
Get:2 http://127.0.0.1:12990/debian sid/main Sources.diff/Index [27.9 kB]
Get:3 http://127.0.0.1:12990/debian sid/main amd64 Packages.diff/Index [27.9 kB]
Get:4 http://127.0.0.1:12990/debian sid/main Sources 2020-02-24-0823.32.pdiff [11.0 kB]
Get:5 http://127.0.0.1:12990/debian sid/main Sources 2020-02-24-1420.34.pdiff [30.2 kB]
Get:6 http://127.0.0.1:12990/debian sid/main Sources 2020-02-24-2014.03.pdiff [16.9 kB]
Get:7 http://127.0.0.1:12990/debian sid/main Sources 2020-02-25-0213.11.pdiff [23.2 kB]
Get:8 http://127.0.0.1:12990/debian sid/main Sources 2020-02-25-0815.22.pdiff [9222 B]
Get:9 http://127.0.0.1:12990/debian sid/main Sources 2020-02-25-1413.15.pdiff [16.3 kB]
Get:10 http://127.0.0.1:12990/debian sid/main amd64 Packages 2020-02-24-0823.32.pdiff [15.5 kB]
Get:11 http://127.0.0.1:12990/debian sid/main amd64 Packages 2020-02-24-1420.34.pdiff [27.5 kB]
Get:12 http://127.0.0.1:12990/debian sid/main amd64 Packages 2020-02-24-2014.03.pdiff [21.6 kB]
Get:13 http://127.0.0.1:12990/debian sid/main amd64 Packages 2020-02-25-0213.11.pdiff [35.0 kB]
Get:14 http://127.0.0.1:12990/debian sid/main amd64 Packages 2020-02-25-0815.22.pdiff [20.1 kB]
Get:15 http://127.0.0.1:12990/debian sid/main amd64 Packages 2020-02-25-1413.15.pdiff [18.4 kB]
Get:9 http://127.0.0.1:12990/debian sid/main Sources 2020-02-25-1413.15.pdiff [16.3 kB]
Get:15 http://127.0.0.1:12990/debian sid/main amd64 Packages 2020-02-25-1413.15.pdiff [18.4 kB]
Get:16 http://127.0.0.1:12990/debian sid/main Translation-en [6195 kB]
Fetched 6638 kB in 2s (3870 kB/s)
Reading package lists...
+ apt-get install --yes --no-install-recommends --force-yes clang-8 libomp-8-dev libobjc-9-dev
Reading package lists...
Building dependency tree...
The following additional packages will be installed:
  cpp-9 g++-9 gcc-8-base gcc-9 gcc-9-base lib32gcc-s1 lib32gcc1 lib32stdc++6
  libasan5 libbsd0 libc6-i386 libclang-common-8-dev libclang1-8 libedit2
  libgc1c2 libgcc-8-dev libgcc-9-dev libllvm8 libmpx2 libobjc-8-dev libobjc4
  libomp5-8 libstdc++-8-dev libstdc++-9-dev
Suggested packages:
  clang-8-doc gcc-9-locales g++-9-multilib gcc-9-doc gcc-9-multilib
  libomp-8-doc libstdc++-8-doc libstdc++-9-doc
Recommended packages:
  llvm-8-dev python3
The following NEW packages will be installed:
  clang-8 gcc-8-base lib32gcc-s1 lib32gcc1 lib32stdc++6 libbsd0 libc6-i386
  libclang-common-8-dev libclang1-8 libedit2 libgc1c2 libgcc-8-dev libllvm8
  libmpx2 libobjc-8-dev libobjc-9-dev libobjc4 libomp-8-dev libomp5-8
  libstdc++-8-dev
The following packages will be upgraded:
  cpp-9 g++-9 gcc-9 gcc-9-base libasan5 libgcc-9-dev libstdc++-9-dev
7 upgraded, 20 newly installed, 0 to remove and 3 not upgraded.
Need to get 74.9 MB of archives.
After this operation, 223 MB of additional disk space will be used.
Get:1 http://127.0.0.1:12990/debian sid/main amd64 libasan5 amd64 9.2.1-30 [389 kB]
Get:2 http://127.0.0.1:12990/debian sid/main amd64 g++-9 amd64 9.2.1-30 [10.7 MB]
Get:3 http://127.0.0.1:12990/debian sid/main amd64 gcc-9 amd64 9.2.1-30 [10.0 MB]
Get:4 http://127.0.0.1:12990/debian sid/main amd64 libstdc++-9-dev amd64 9.2.1-30 [1697 kB]
Get:5 http://127.0.0.1:12990/debian sid/main amd64 libgcc-9-dev amd64 9.2.1-30 [2349 kB]
Get:6 http://127.0.0.1:12990/debian sid/main amd64 cpp-9 amd64 9.2.1-30 [9711 kB]
Get:7 http://127.0.0.1:12990/debian sid/main amd64 gcc-9-base amd64 9.2.1-30 [196 kB]
Get:8 http://127.0.0.1:12990/debian sid/main amd64 libbsd0 amd64 0.10.0-1 [107 kB]
Get:9 http://127.0.0.1:12990/debian sid/main amd64 libedit2 amd64 3.1-20191231-1 [95.4 kB]
Get:10 http://127.0.0.1:12990/debian sid/main amd64 libllvm8 amd64 1:8.0.1-7 [13.8 MB]
Get:11 http://127.0.0.1:12990/debian sid/main amd64 gcc-8-base amd64 8.3.0-29 [194 kB]
Get:12 http://127.0.0.1:12990/debian sid/main amd64 libmpx2 amd64 8.3.0-29 [11.4 kB]
Get:13 http://127.0.0.1:12990/debian sid/main amd64 libgcc-8-dev amd64 8.3.0-29 [2297 kB]
Get:14 http://127.0.0.1:12990/debian sid/main amd64 libstdc++-8-dev amd64 8.3.0-29 [1543 kB]
Get:15 http://127.0.0.1:12990/debian sid/main amd64 libgc1c2 amd64 1:7.6.4-0.4 [224 kB]
Get:16 http://127.0.0.1:12990/debian sid/main amd64 libobjc4 amd64 10-20200222-1 [41.6 kB]
Get:17 http://127.0.0.1:12990/debian sid/main amd64 libobjc-8-dev amd64 8.3.0-29 [227 kB]
Get:18 http://127.0.0.1:12990/debian sid/main amd64 libc6-i386 amd64 2.29-10 [2918 kB]
Get:19 http://127.0.0.1:12990/debian sid/main amd64 lib32gcc-s1 amd64 10-20200222-1 [49.4 kB]
Get:20 http://127.0.0.1:12990/debian sid/main amd64 lib32gcc1 amd64 1:10-20200222-1 [1104 B]
Get:21 http://127.0.0.1:12990/debian sid/main amd64 lib32stdc++6 amd64 10-20200222-1 [510 kB]
Get:22 http://127.0.0.1:12990/debian sid/main amd64 libclang-common-8-dev amd64 1:8.0.1-7 [2989 kB]
Get:23 http://127.0.0.1:12990/debian sid/main amd64 libclang1-8 amd64 1:8.0.1-7 [6244 kB]
Get:24 http://127.0.0.1:12990/debian sid/main amd64 clang-8 amd64 1:8.0.1-7 [8010 kB]
Get:25 http://127.0.0.1:12990/debian sid/main amd64 libobjc-9-dev amd64 9.2.1-30 [219 kB]
Get:26 http://127.0.0.1:12990/debian sid/main amd64 libomp5-8 amd64 1:8.0.1-7 [331 kB]
Get:27 http://127.0.0.1:12990/debian sid/main amd64 libomp-8-dev amd64 1:8.0.1-7 [62.3 kB]
debconf: delaying package configuration, since apt-utils is not installed
Fetched 74.9 MB in 1s (98.9 MB/s)
(Reading database ... (Reading database ... 5%(Reading database ... 10%(Reading database ... 15%(Reading database ... 20%(Reading database ... 25%(Reading database ... 30%(Reading database ... 35%(Reading database ... 40%(Reading database ... 45%(Reading database ... 50%(Reading database ... 55%(Reading database ... 60%(Reading database ... 65%(Reading database ... 70%(Reading database ... 75%(Reading database ... 80%(Reading database ... 85%(Reading database ... 90%(Reading database ... 95%(Reading database ... 100%(Reading database ... 12119 files and directories currently installed.)
Preparing to unpack .../00-libasan5_9.2.1-30_amd64.deb ...
Unpacking libasan5:amd64 (9.2.1-30) over (9.2.1-29) ...
Preparing to unpack .../01-g++-9_9.2.1-30_amd64.deb ...
Unpacking g++-9 (9.2.1-30) over (9.2.1-29) ...
Preparing to unpack .../02-gcc-9_9.2.1-30_amd64.deb ...
Unpacking gcc-9 (9.2.1-30) over (9.2.1-29) ...
Preparing to unpack .../03-libstdc++-9-dev_9.2.1-30_amd64.deb ...
Unpacking libstdc++-9-dev:amd64 (9.2.1-30) over (9.2.1-29) ...
Preparing to unpack .../04-libgcc-9-dev_9.2.1-30_amd64.deb ...
Unpacking libgcc-9-dev:amd64 (9.2.1-30) over (9.2.1-29) ...
Preparing to unpack .../05-cpp-9_9.2.1-30_amd64.deb ...
Unpacking cpp-9 (9.2.1-30) over (9.2.1-29) ...
Preparing to unpack .../06-gcc-9-base_9.2.1-30_amd64.deb ...
Unpacking gcc-9-base:amd64 (9.2.1-30) over (9.2.1-29) ...
Selecting previously unselected package libbsd0:amd64.
Preparing to unpack .../07-libbsd0_0.10.0-1_amd64.deb ...
Unpacking libbsd0:amd64 (0.10.0-1) ...
Selecting previously unselected package libedit2:amd64.
Preparing to unpack .../08-libedit2_3.1-20191231-1_amd64.deb ...
Unpacking libedit2:amd64 (3.1-20191231-1) ...
Selecting previously unselected package libllvm8:amd64.
Preparing to unpack .../09-libllvm8_1%3a8.0.1-7_amd64.deb ...
Unpacking libllvm8:amd64 (1:8.0.1-7) ...
Selecting previously unselected package gcc-8-base:amd64.
Preparing to unpack .../10-gcc-8-base_8.3.0-29_amd64.deb ...
Unpacking gcc-8-base:amd64 (8.3.0-29) ...
Selecting previously unselected package libmpx2:amd64.
Preparing to unpack .../11-libmpx2_8.3.0-29_amd64.deb ...
Unpacking libmpx2:amd64 (8.3.0-29) ...
Selecting previously unselected package libgcc-8-dev:amd64.
Preparing to unpack .../12-libgcc-8-dev_8.3.0-29_amd64.deb ...
Unpacking libgcc-8-dev:amd64 (8.3.0-29) ...
Selecting previously unselected package libstdc++-8-dev:amd64.
Preparing to unpack .../13-libstdc++-8-dev_8.3.0-29_amd64.deb ...
Unpacking libstdc++-8-dev:amd64 (8.3.0-29) ...
Selecting previously unselected package libgc1c2:amd64.
Preparing to unpack .../14-libgc1c2_1%3a7.6.4-0.4_amd64.deb ...
Unpacking libgc1c2:amd64 (1:7.6.4-0.4) ...
Selecting previously unselected package libobjc4:amd64.
Preparing to unpack .../15-libobjc4_10-20200222-1_amd64.deb ...
Unpacking libobjc4:amd64 (10-20200222-1) ...
Selecting previously unselected package libobjc-8-dev:amd64.
Preparing to unpack .../16-libobjc-8-dev_8.3.0-29_amd64.deb ...
Unpacking libobjc-8-dev:amd64 (8.3.0-29) ...
Selecting previously unselected package libc6-i386.
Preparing to unpack .../17-libc6-i386_2.29-10_amd64.deb ...
Unpacking libc6-i386 (2.29-10) ...
Selecting previously unselected package lib32gcc-s1.
Preparing to unpack .../18-lib32gcc-s1_10-20200222-1_amd64.deb ...
Unpacking lib32gcc-s1 (10-20200222-1) ...
Selecting previously unselected package lib32gcc1.
Preparing to unpack .../19-lib32gcc1_1%3a10-20200222-1_amd64.deb ...
Unpacking lib32gcc1 (1:10-20200222-1) ...
Selecting previously unselected package lib32stdc++6.
Preparing to unpack .../20-lib32stdc++6_10-20200222-1_amd64.deb ...
Unpacking lib32stdc++6 (10-20200222-1) ...
Selecting previously unselected package libclang-common-8-dev.
Preparing to unpack .../21-libclang-common-8-dev_1%3a8.0.1-7_amd64.deb ...
Unpacking libclang-common-8-dev (1:8.0.1-7) ...
Selecting previously unselected package libclang1-8.
Preparing to unpack .../22-libclang1-8_1%3a8.0.1-7_amd64.deb ...
Unpacking libclang1-8 (1:8.0.1-7) ...
Selecting previously unselected package clang-8.
Preparing to unpack .../23-clang-8_1%3a8.0.1-7_amd64.deb ...
Unpacking clang-8 (1:8.0.1-7) ...
Selecting previously unselected package libobjc-9-dev:amd64.
Preparing to unpack .../24-libobjc-9-dev_9.2.1-30_amd64.deb ...
Unpacking libobjc-9-dev:amd64 (9.2.1-30) ...
Selecting previously unselected package libomp5-8:amd64.
Preparing to unpack .../25-libomp5-8_1%3a8.0.1-7_amd64.deb ...
Unpacking libomp5-8:amd64 (1:8.0.1-7) ...
Selecting previously unselected package libomp-8-dev.
Preparing to unpack .../26-libomp-8-dev_1%3a8.0.1-7_amd64.deb ...
Unpacking libomp-8-dev (1:8.0.1-7) ...
Setting up libgc1c2:amd64 (1:7.6.4-0.4) ...
Setting up libobjc4:amd64 (10-20200222-1) ...
Setting up gcc-8-base:amd64 (8.3.0-29) ...
Setting up libmpx2:amd64 (8.3.0-29) ...
Setting up libc6-i386 (2.29-10) ...
Setting up libbsd0:amd64 (0.10.0-1) ...
Setting up libomp5-8:amd64 (1:8.0.1-7) ...
Setting up libomp-8-dev (1:8.0.1-7) ...
Setting up gcc-9-base:amd64 (9.2.1-30) ...
Setting up libedit2:amd64 (3.1-20191231-1) ...
Setting up libasan5:amd64 (9.2.1-30) ...
Setting up lib32gcc-s1 (10-20200222-1) ...
Setting up libgcc-8-dev:amd64 (8.3.0-29) ...
Setting up cpp-9 (9.2.1-30) ...
Setting up libstdc++-8-dev:amd64 (8.3.0-29) ...
Setting up libllvm8:amd64 (1:8.0.1-7) ...
Setting up libclang1-8 (1:8.0.1-7) ...
Setting up lib32gcc1 (1:10-20200222-1) ...
Setting up libgcc-9-dev:amd64 (9.2.1-30) ...
Setting up libobjc-8-dev:amd64 (8.3.0-29) ...
Setting up lib32stdc++6 (10-20200222-1) ...
Setting up libobjc-9-dev:amd64 (9.2.1-30) ...
Setting up gcc-9 (9.2.1-30) ...
Setting up libstdc++-9-dev:amd64 (9.2.1-30) ...
Setting up libclang-common-8-dev (1:8.0.1-7) ...
Setting up g++-9 (9.2.1-30) ...
Setting up clang-8 (1:8.0.1-7) ...
Processing triggers for libc-bin (2.29-10) ...
W: --force-yes is deprecated, use one of the options starting with --allow instead.
+ echo 'Replace gcc, g++ & cpp by clang'
Replace gcc, g++ & cpp by clang
+ VERSIONS='4.6 4.7 4.8 4.9 5 6 7 8 9 10'
+ cd /usr/bin
+ for VERSION in $VERSIONS
+ rm -f g++-4.6 gcc-4.6 cpp-4.6 gcc
+ ln -s clang++-8 g++-4.6
+ ln -s clang-8 gcc-4.6
+ ln -s clang-8 cpp-4.6
+ ln -s clang-8 gcc
+ echo 'gcc-4.6 hold'
+ dpkg --set-selections
dpkg: warning: package not in status nor available database at line 1: gcc-4.6
dpkg: warning: found unknown packages; this might mean the available database
is outdated, and needs to be updated through a frontend method;
please see the FAQ <https://wiki.debian.org/Teams/Dpkg/FAQ>
+ echo 'g++-4.6 hold'
+ dpkg --set-selections
dpkg: warning: package not in status nor available database at line 1: g++-4.6
dpkg: warning: found unknown packages; this might mean the available database
is outdated, and needs to be updated through a frontend method;
please see the FAQ <https://wiki.debian.org/Teams/Dpkg/FAQ>
+ for VERSION in $VERSIONS
+ rm -f g++-4.7 gcc-4.7 cpp-4.7 gcc
+ ln -s clang++-8 g++-4.7
+ ln -s clang-8 gcc-4.7
+ ln -s clang-8 cpp-4.7
+ ln -s clang-8 gcc
+ echo 'gcc-4.7 hold'
+ dpkg --set-selections
dpkg: warning: package not in status nor available database at line 1: gcc-4.7
dpkg: warning: found unknown packages; this might mean the available database
is outdated, and needs to be updated through a frontend method;
please see the FAQ <https://wiki.debian.org/Teams/Dpkg/FAQ>
+ echo 'g++-4.7 hold'
+ dpkg --set-selections
dpkg: warning: package not in status nor available database at line 1: g++-4.7
dpkg: warning: found unknown packages; this might mean the available database
is outdated, and needs to be updated through a frontend method;
please see the FAQ <https://wiki.debian.org/Teams/Dpkg/FAQ>
+ for VERSION in $VERSIONS
+ rm -f g++-4.8 gcc-4.8 cpp-4.8 gcc
+ ln -s clang++-8 g++-4.8
+ ln -s clang-8 gcc-4.8
+ ln -s clang-8 cpp-4.8
+ ln -s clang-8 gcc
+ echo 'gcc-4.8 hold'
+ dpkg --set-selections
dpkg: warning: package not in status nor available database at line 1: gcc-4.8
dpkg: warning: found unknown packages; this might mean the available database
is outdated, and needs to be updated through a frontend method;
please see the FAQ <https://wiki.debian.org/Teams/Dpkg/FAQ>
+ echo 'g++-4.8 hold'
+ dpkg --set-selections
dpkg: warning: package not in status nor available database at line 1: g++-4.8
dpkg: warning: found unknown packages; this might mean the available database
is outdated, and needs to be updated through a frontend method;
please see the FAQ <https://wiki.debian.org/Teams/Dpkg/FAQ>
+ for VERSION in $VERSIONS
+ rm -f g++-4.9 gcc-4.9 cpp-4.9 gcc
+ ln -s clang++-8 g++-4.9
+ ln -s clang-8 gcc-4.9
+ ln -s clang-8 cpp-4.9
+ ln -s clang-8 gcc
+ echo 'gcc-4.9 hold'
+ dpkg --set-selections
dpkg: warning: package not in status nor available database at line 1: gcc-4.9
dpkg: warning: found unknown packages; this might mean the available database
is outdated, and needs to be updated through a frontend method;
please see the FAQ <https://wiki.debian.org/Teams/Dpkg/FAQ>
+ echo 'g++-4.9 hold'
+ dpkg --set-selections
dpkg: warning: package not in status nor available database at line 1: g++-4.9
dpkg: warning: found unknown packages; this might mean the available database
is outdated, and needs to be updated through a frontend method;
please see the FAQ <https://wiki.debian.org/Teams/Dpkg/FAQ>
+ for VERSION in $VERSIONS
+ rm -f g++-5 gcc-5 cpp-5 gcc
+ ln -s clang++-8 g++-5
+ ln -s clang-8 gcc-5
+ ln -s clang-8 cpp-5
+ ln -s clang-8 gcc
+ echo 'gcc-5 hold'
+ dpkg --set-selections
dpkg: warning: package not in status nor available database at line 1: gcc-5
dpkg: warning: found unknown packages; this might mean the available database
is outdated, and needs to be updated through a frontend method;
please see the FAQ <https://wiki.debian.org/Teams/Dpkg/FAQ>
+ echo 'g++-5 hold'
+ dpkg --set-selections
dpkg: warning: package not in status nor available database at line 1: g++-5
dpkg: warning: found unknown packages; this might mean the available database
is outdated, and needs to be updated through a frontend method;
please see the FAQ <https://wiki.debian.org/Teams/Dpkg/FAQ>
+ for VERSION in $VERSIONS
+ rm -f g++-6 gcc-6 cpp-6 gcc
+ ln -s clang++-8 g++-6
+ ln -s clang-8 gcc-6
+ ln -s clang-8 cpp-6
+ ln -s clang-8 gcc
+ echo 'gcc-6 hold'
+ dpkg --set-selections
dpkg: warning: package not in status nor available database at line 1: gcc-6
dpkg: warning: found unknown packages; this might mean the available database
is outdated, and needs to be updated through a frontend method;
please see the FAQ <https://wiki.debian.org/Teams/Dpkg/FAQ>
+ echo 'g++-6 hold'
+ dpkg --set-selections
dpkg: warning: package not in status nor available database at line 1: g++-6
dpkg: warning: found unknown packages; this might mean the available database
is outdated, and needs to be updated through a frontend method;
please see the FAQ <https://wiki.debian.org/Teams/Dpkg/FAQ>
+ for VERSION in $VERSIONS
+ rm -f g++-7 gcc-7 cpp-7 gcc
+ ln -s clang++-8 g++-7
+ ln -s clang-8 gcc-7
+ ln -s clang-8 cpp-7
+ ln -s clang-8 gcc
+ echo 'gcc-7 hold'
+ dpkg --set-selections
dpkg: warning: package not in status nor available database at line 1: gcc-7
dpkg: warning: found unknown packages; this might mean the available database
is outdated, and needs to be updated through a frontend method;
please see the FAQ <https://wiki.debian.org/Teams/Dpkg/FAQ>
+ echo 'g++-7 hold'
+ dpkg --set-selections
dpkg: warning: package not in status nor available database at line 1: g++-7
dpkg: warning: found unknown packages; this might mean the available database
is outdated, and needs to be updated through a frontend method;
please see the FAQ <https://wiki.debian.org/Teams/Dpkg/FAQ>
+ for VERSION in $VERSIONS
+ rm -f g++-8 gcc-8 cpp-8 gcc
+ ln -s clang++-8 g++-8
+ ln -s clang-8 gcc-8
+ ln -s clang-8 cpp-8
+ ln -s clang-8 gcc
+ echo 'gcc-8 hold'
+ dpkg --set-selections
dpkg: warning: package not in status nor available database at line 1: gcc-8
dpkg: warning: found unknown packages; this might mean the available database
is outdated, and needs to be updated through a frontend method;
please see the FAQ <https://wiki.debian.org/Teams/Dpkg/FAQ>
+ echo 'g++-8 hold'
+ dpkg --set-selections
dpkg: warning: package not in status nor available database at line 1: g++-8
dpkg: warning: found unknown packages; this might mean the available database
is outdated, and needs to be updated through a frontend method;
please see the FAQ <https://wiki.debian.org/Teams/Dpkg/FAQ>
+ for VERSION in $VERSIONS
+ rm -f g++-9 gcc-9 cpp-9 gcc
+ ln -s clang++-8 g++-9
+ ln -s clang-8 gcc-9
+ ln -s clang-8 cpp-9
+ ln -s clang-8 gcc
+ echo 'gcc-9 hold'
+ dpkg --set-selections
+ echo 'g++-9 hold'
+ dpkg --set-selections
+ for VERSION in $VERSIONS
+ rm -f g++-10 gcc-10 cpp-10 gcc
+ ln -s clang++-8 g++-10
+ ln -s clang-8 gcc-10
+ ln -s clang-8 cpp-10
+ ln -s clang-8 gcc
+ echo 'gcc-10 hold'
+ dpkg --set-selections
dpkg: warning: package not in status nor available database at line 1: gcc-10
dpkg: warning: found unknown packages; this might mean the available database
is outdated, and needs to be updated through a frontend method;
please see the FAQ <https://wiki.debian.org/Teams/Dpkg/FAQ>
+ echo 'g++-10 hold'
+ dpkg --set-selections
dpkg: warning: package not in status nor available database at line 1: g++-10
dpkg: warning: found unknown packages; this might mean the available database
is outdated, and needs to be updated through a frontend method;
please see the FAQ <https://wiki.debian.org/Teams/Dpkg/FAQ>
+ cd -
/build/chuck-3CUKpb
+ echo 'Check if gcc, g++ & cpp are actually clang'
Check if gcc, g++ & cpp are actually clang
+ gcc --version
+ grep clang
+ cpp --version
+ grep clang
+ g++ --version
+ grep clang

I: Finished running '/tmp/clang8'.

Finished processing commands.
--------------------------------------------------------------------------------
I: NOTICE: Log filtering will replace 'build/chuck-3CUKpb/resolver-FKzBi6' with '<<RESOLVERDIR>>'

+------------------------------------------------------------------------------+
| Update chroot                                                                |
+------------------------------------------------------------------------------+

Hit:1 http://127.0.0.1:12990/debian sid InRelease
Reading package lists...
Reading package lists...
Building dependency tree...
Reading state information...
Calculating upgrade...
The following packages will be upgraded:
  bash libgmp10 zlib1g
3 upgraded, 0 newly installed, 0 to remove and 0 not upgraded.
Need to get 1722 kB of archives.
After this operation, 4096 B of additional disk space will be used.
Get:1 http://127.0.0.1:12990/debian sid/main amd64 bash amd64 5.0-6 [1379 kB]
Get:2 http://127.0.0.1:12990/debian sid/main amd64 libgmp10 amd64 2:6.2.0+dfsg-4 [253 kB]
Get:3 http://127.0.0.1:12990/debian sid/main amd64 zlib1g amd64 1:1.2.11.dfsg-2 [90.4 kB]
debconf: delaying package configuration, since apt-utils is not installed
Fetched 1722 kB in 0s (70.6 MB/s)
(Reading database ... (Reading database ... 5%(Reading database ... 10%(Reading database ... 15%(Reading database ... 20%(Reading database ... 25%(Reading database ... 30%(Reading database ... 35%(Reading database ... 40%(Reading database ... 45%(Reading database ... 50%(Reading database ... 55%(Reading database ... 60%(Reading database ... 65%(Reading database ... 70%(Reading database ... 75%(Reading database ... 80%(Reading database ... 85%(Reading database ... 90%(Reading database ... 95%(Reading database ... 100%(Reading database ... 13887 files and directories currently installed.)
Preparing to unpack .../archives/bash_5.0-6_amd64.deb ...
Unpacking bash (5.0-6) over (5.0-5) ...
Setting up bash (5.0-6) ...
update-alternatives: using /usr/share/man/man7/bash-builtins.7.gz to provide /usr/share/man/man7/builtins.7.gz (builtins.7.gz) in auto mode
(Reading database ... (Reading database ... 5%(Reading database ... 10%(Reading database ... 15%(Reading database ... 20%(Reading database ... 25%(Reading database ... 30%(Reading database ... 35%(Reading database ... 40%(Reading database ... 45%(Reading database ... 50%(Reading database ... 55%(Reading database ... 60%(Reading database ... 65%(Reading database ... 70%(Reading database ... 75%(Reading database ... 80%(Reading database ... 85%(Reading database ... 90%(Reading database ... 95%(Reading database ... 100%(Reading database ... 13887 files and directories currently installed.)
Preparing to unpack .../libgmp10_2%3a6.2.0+dfsg-4_amd64.deb ...
Unpacking libgmp10:amd64 (2:6.2.0+dfsg-4) over (2:6.2.0+dfsg-3) ...
Setting up libgmp10:amd64 (2:6.2.0+dfsg-4) ...
(Reading database ... (Reading database ... 5%(Reading database ... 10%(Reading database ... 15%(Reading database ... 20%(Reading database ... 25%(Reading database ... 30%(Reading database ... 35%(Reading database ... 40%(Reading database ... 45%(Reading database ... 50%(Reading database ... 55%(Reading database ... 60%(Reading database ... 65%(Reading database ... 70%(Reading database ... 75%(Reading database ... 80%(Reading database ... 85%(Reading database ... 90%(Reading database ... 95%(Reading database ... 100%(Reading database ... 13887 files and directories currently installed.)
Preparing to unpack .../zlib1g_1%3a1.2.11.dfsg-2_amd64.deb ...
Unpacking zlib1g:amd64 (1:1.2.11.dfsg-2) over (1:1.2.11.dfsg-1.2) ...
Setting up zlib1g:amd64 (1:1.2.11.dfsg-2) ...
Processing triggers for libc-bin (2.29-10) ...

+------------------------------------------------------------------------------+
| Fetch source files                                                           |
+------------------------------------------------------------------------------+


Check APT
---------

Checking available source versions...

Download source files with APT
------------------------------

Reading package lists...
Need to get 1480 kB of source archives.
Get:1 http://127.0.0.1:12990/debian sid/main chuck 1.2.0.8.dfsg-1.5 (dsc) [1786 B]
Get:2 http://127.0.0.1:12990/debian sid/main chuck 1.2.0.8.dfsg-1.5 (tar) [1466 kB]
Get:3 http://127.0.0.1:12990/debian sid/main chuck 1.2.0.8.dfsg-1.5 (diff) [11.3 kB]
Fetched 1480 kB in 0s (17.2 MB/s)
Download complete and in download only mode
I: NOTICE: Log filtering will replace 'build/chuck-3CUKpb/chuck-1.2.0.8.dfsg' with '<<PKGBUILDDIR>>'
I: NOTICE: Log filtering will replace 'build/chuck-3CUKpb' with '<<BUILDDIR>>'

+------------------------------------------------------------------------------+
| Install package build dependencies                                           |
+------------------------------------------------------------------------------+


Setup apt archive
-----------------

Merged Build-Depends: debhelper (>= 10), bison, flex, libjack-dev, libasound2-dev, libsndfile1-dev, docbook-to-man, build-essential, fakeroot
Filtered Build-Depends: debhelper (>= 10), bison, flex, libjack-dev, libasound2-dev, libsndfile1-dev, docbook-to-man, build-essential, fakeroot
dpkg-deb: building package 'sbuild-build-depends-main-dummy' in '/<<RESOLVERDIR>>/apt_archive/sbuild-build-depends-main-dummy.deb'.
Ign:1 copy:/<<RESOLVERDIR>>/apt_archive ./ InRelease
Get:2 copy:/<<RESOLVERDIR>>/apt_archive ./ Release [957 B]
Ign:3 copy:/<<RESOLVERDIR>>/apt_archive ./ Release.gpg
Get:4 copy:/<<RESOLVERDIR>>/apt_archive ./ Sources [406 B]
Get:5 copy:/<<RESOLVERDIR>>/apt_archive ./ Packages [490 B]
Fetched 1853 B in 0s (0 B/s)
Reading package lists...
Reading package lists...

Install main build dependencies (apt-based resolver)
----------------------------------------------------

Installing build dependencies
Reading package lists...
Building dependency tree...
Reading state information...
The following additional packages will be installed:
  autoconf automake autopoint autotools-dev bison bsdmainutils debhelper
  dh-autoreconf dh-strip-nondeterminism docbook docbook-to-man dwz file flex
  gettext gettext-base groff-base intltool-debian libarchive-zip-perl
  libasound2 libasound2-data libasound2-dev libcroco3 libdebhelper-perl
  libelf1 libfile-stripnondeterminism-perl libflac-dev libflac8 libglib2.0-0
  libicu63 libjack-dev libjack0 libmagic-mgc libmagic1 libogg-dev libogg0
  libosp5 libpipeline1 libsigsegv2 libsndfile1 libsndfile1-dev
  libsub-override-perl libtool libuchardet0 libvorbis-dev libvorbis0a
  libvorbisenc2 libvorbisfile3 libxml2 m4 man-db opensp pkg-config po-debconf
  sensible-utils sgml-base sgml-data uuid-dev xml-core
Suggested packages:
  autoconf-archive gnu-standards autoconf-doc bison-doc wamerican | wordlist
  whois vacation dh-make docbook-defguide docbook-dsssl docbook-xml psgml
  flex-doc gettext-doc libasprintf-dev libgettextpo-dev groff
  libasound2-plugins alsa-utils libasound2-doc jackd1 libtool-doc gfortran
  | fortran95-compiler gcj-jdk m4-doc apparmor less www-browser doc-base
  libmail-box-perl sgml-base-doc perlsgml w3-recs libxml2-utils
Recommended packages:
  libfl-dev curl | wget | lynx alsa-ucm-conf alsa-topology-conf
  libarchive-cpio-perl libglib2.0-data shared-mime-info xdg-user-dirs
  libltdl-dev libmail-sendmail-perl
The following NEW packages will be installed:
  autoconf automake autopoint autotools-dev bison bsdmainutils debhelper
  dh-autoreconf dh-strip-nondeterminism docbook docbook-to-man dwz file flex
  gettext gettext-base groff-base intltool-debian libarchive-zip-perl
  libasound2 libasound2-data libasound2-dev libcroco3 libdebhelper-perl
  libelf1 libfile-stripnondeterminism-perl libflac-dev libflac8 libglib2.0-0
  libicu63 libjack-dev libjack0 libmagic-mgc libmagic1 libogg-dev libogg0
  libosp5 libpipeline1 libsigsegv2 libsndfile1 libsndfile1-dev
  libsub-override-perl libtool libuchardet0 libvorbis-dev libvorbis0a
  libvorbisenc2 libvorbisfile3 libxml2 m4 man-db opensp pkg-config po-debconf
  sbuild-build-depends-main-dummy sensible-utils sgml-base sgml-data uuid-dev
  xml-core
0 upgraded, 60 newly installed, 0 to remove and 0 not upgraded.
Need to get 25.1 MB of archives.
After this operation, 93.7 MB of additional disk space will be used.
Get:1 copy:/<<RESOLVERDIR>>/apt_archive ./ sbuild-build-depends-main-dummy 0.invalid.0 [916 B]
Get:2 http://127.0.0.1:12990/debian sid/main amd64 bsdmainutils amd64 11.1.2+b1 [191 kB]
Get:3 http://127.0.0.1:12990/debian sid/main amd64 libuchardet0 amd64 0.0.6-3 [64.9 kB]
Get:4 http://127.0.0.1:12990/debian sid/main amd64 groff-base amd64 1.22.4-4 [919 kB]
Get:5 http://127.0.0.1:12990/debian sid/main amd64 libpipeline1 amd64 1.5.2-2 [33.9 kB]
Get:6 http://127.0.0.1:12990/debian sid/main amd64 man-db amd64 2.9.0-2 [1307 kB]
Get:7 http://127.0.0.1:12990/debian sid/main amd64 libsigsegv2 amd64 2.12-2 [32.8 kB]
Get:8 http://127.0.0.1:12990/debian sid/main amd64 m4 amd64 1.4.18-4 [203 kB]
Get:9 http://127.0.0.1:12990/debian sid/main amd64 flex amd64 2.6.4-6.2 [456 kB]
Get:10 http://127.0.0.1:12990/debian sid/main amd64 sgml-base all 1.29.1 [15.0 kB]
Get:11 http://127.0.0.1:12990/debian sid/main amd64 sensible-utils all 0.0.12+nmu1 [16.0 kB]
Get:12 http://127.0.0.1:12990/debian sid/main amd64 libmagic-mgc amd64 1:5.38-4 [262 kB]
Get:13 http://127.0.0.1:12990/debian sid/main amd64 libmagic1 amd64 1:5.38-4 [120 kB]
Get:14 http://127.0.0.1:12990/debian sid/main amd64 file amd64 1:5.38-4 [67.9 kB]
Get:15 http://127.0.0.1:12990/debian sid/main amd64 gettext-base amd64 0.19.8.1-10 [123 kB]
Get:16 http://127.0.0.1:12990/debian sid/main amd64 autoconf all 2.69-11.1 [341 kB]
Get:17 http://127.0.0.1:12990/debian sid/main amd64 autotools-dev all 20180224.1 [77.0 kB]
Get:18 http://127.0.0.1:12990/debian sid/main amd64 automake all 1:1.16.1-4 [771 kB]
Get:19 http://127.0.0.1:12990/debian sid/main amd64 autopoint all 0.19.8.1-10 [435 kB]
Get:20 http://127.0.0.1:12990/debian sid/main amd64 bison amd64 2:3.5.1+dfsg-1 [963 kB]
Get:21 http://127.0.0.1:12990/debian sid/main amd64 libtool all 2.4.6-13 [513 kB]
Get:22 http://127.0.0.1:12990/debian sid/main amd64 dh-autoreconf all 19 [16.9 kB]
Get:23 http://127.0.0.1:12990/debian sid/main amd64 libdebhelper-perl all 12.9 [183 kB]
Get:24 http://127.0.0.1:12990/debian sid/main amd64 libarchive-zip-perl all 1.67-1 [104 kB]
Get:25 http://127.0.0.1:12990/debian sid/main amd64 libsub-override-perl all 0.09-2 [10.2 kB]
Get:26 http://127.0.0.1:12990/debian sid/main amd64 libfile-stripnondeterminism-perl all 1.6.3-2 [23.7 kB]
Get:27 http://127.0.0.1:12990/debian sid/main amd64 dh-strip-nondeterminism all 1.6.3-2 [14.7 kB]
Get:28 http://127.0.0.1:12990/debian sid/main amd64 libelf1 amd64 0.176-1.1 [161 kB]
Get:29 http://127.0.0.1:12990/debian sid/main amd64 dwz amd64 0.13-5 [151 kB]
Get:30 http://127.0.0.1:12990/debian sid/main amd64 libglib2.0-0 amd64 2.62.4-2 [1319 kB]
Get:31 http://127.0.0.1:12990/debian sid/main amd64 libicu63 amd64 63.2-2 [8301 kB]
Get:32 http://127.0.0.1:12990/debian sid/main amd64 libxml2 amd64 2.9.10+dfsg-3 [709 kB]
Get:33 http://127.0.0.1:12990/debian sid/main amd64 libcroco3 amd64 0.6.13-1 [146 kB]
Get:34 http://127.0.0.1:12990/debian sid/main amd64 gettext amd64 0.19.8.1-10 [1303 kB]
Get:35 http://127.0.0.1:12990/debian sid/main amd64 intltool-debian all 0.35.0+20060710.5 [26.8 kB]
Get:36 http://127.0.0.1:12990/debian sid/main amd64 po-debconf all 1.0.21 [248 kB]
Get:37 http://127.0.0.1:12990/debian sid/main amd64 debhelper all 12.9 [994 kB]
Get:38 http://127.0.0.1:12990/debian sid/main amd64 xml-core all 0.18+nmu1 [23.8 kB]
Get:39 http://127.0.0.1:12990/debian sid/main amd64 sgml-data all 2.0.11 [179 kB]
Get:40 http://127.0.0.1:12990/debian sid/main amd64 docbook all 4.5-6 [129 kB]
Get:41 http://127.0.0.1:12990/debian sid/main amd64 libosp5 amd64 1.5.2-13+b1 [948 kB]
Get:42 http://127.0.0.1:12990/debian sid/main amd64 opensp amd64 1.5.2-13+b1 [449 kB]
Get:43 http://127.0.0.1:12990/debian sid/main amd64 docbook-to-man amd64 1:2.0.0-42+b1 [76.8 kB]
Get:44 http://127.0.0.1:12990/debian sid/main amd64 libasound2-data all 1.2.1.2-2 [38.2 kB]
Get:45 http://127.0.0.1:12990/debian sid/main amd64 libasound2 amd64 1.2.1.2-2 [348 kB]
Get:46 http://127.0.0.1:12990/debian sid/main amd64 libasound2-dev amd64 1.2.1.2-2 [124 kB]
Get:47 http://127.0.0.1:12990/debian sid/main amd64 libogg0 amd64 1.3.2-1+b1 [21.3 kB]
Get:48 http://127.0.0.1:12990/debian sid/main amd64 libflac8 amd64 1.3.3-1 [112 kB]
Get:49 http://127.0.0.1:12990/debian sid/main amd64 libogg-dev amd64 1.3.2-1+b1 [200 kB]
Get:50 http://127.0.0.1:12990/debian sid/main amd64 libflac-dev amd64 1.3.3-1 [161 kB]
Get:51 http://127.0.0.1:12990/debian sid/main amd64 libjack0 amd64 1:0.125.0-3+b1 [107 kB]
Get:52 http://127.0.0.1:12990/debian sid/main amd64 pkg-config amd64 0.29-6 [63.5 kB]
Get:53 http://127.0.0.1:12990/debian sid/main amd64 uuid-dev amd64 2.34-0.1 [93.5 kB]
Get:54 http://127.0.0.1:12990/debian sid/main amd64 libjack-dev amd64 1:0.125.0-3+b1 [225 kB]
Get:55 http://127.0.0.1:12990/debian sid/main amd64 libvorbis0a amd64 1.3.6-2 [93.5 kB]
Get:56 http://127.0.0.1:12990/debian sid/main amd64 libvorbisenc2 amd64 1.3.6-2 [80.2 kB]
Get:57 http://127.0.0.1:12990/debian sid/main amd64 libsndfile1 amd64 1.0.28-7 [252 kB]
Get:58 http://127.0.0.1:12990/debian sid/main amd64 libvorbisfile3 amd64 1.3.6-2 [25.5 kB]
Get:59 http://127.0.0.1:12990/debian sid/main amd64 libvorbis-dev amd64 1.3.6-2 [328 kB]
Get:60 http://127.0.0.1:12990/debian sid/main amd64 libsndfile1-dev amd64 1.0.28-7 [365 kB]
debconf: delaying package configuration, since apt-utils is not installed
Fetched 25.1 MB in 0s (91.1 MB/s)
Selecting previously unselected package bsdmainutils.
(Reading database ... 13887 files and directories currently installed.)
Preparing to unpack .../00-bsdmainutils_11.1.2+b1_amd64.deb ...
Unpacking bsdmainutils (11.1.2+b1) ...
Selecting previously unselected package libuchardet0:amd64.
Preparing to unpack .../01-libuchardet0_0.0.6-3_amd64.deb ...
Unpacking libuchardet0:amd64 (0.0.6-3) ...
Selecting previously unselected package groff-base.
Preparing to unpack .../02-groff-base_1.22.4-4_amd64.deb ...
Unpacking groff-base (1.22.4-4) ...
Selecting previously unselected package libpipeline1:amd64.
Preparing to unpack .../03-libpipeline1_1.5.2-2_amd64.deb ...
Unpacking libpipeline1:amd64 (1.5.2-2) ...
Selecting previously unselected package man-db.
Preparing to unpack .../04-man-db_2.9.0-2_amd64.deb ...
Unpacking man-db (2.9.0-2) ...
Selecting previously unselected package libsigsegv2:amd64.
Preparing to unpack .../05-libsigsegv2_2.12-2_amd64.deb ...
Unpacking libsigsegv2:amd64 (2.12-2) ...
Selecting previously unselected package m4.
Preparing to unpack .../06-m4_1.4.18-4_amd64.deb ...
Unpacking m4 (1.4.18-4) ...
Selecting previously unselected package flex.
Preparing to unpack .../07-flex_2.6.4-6.2_amd64.deb ...
Unpacking flex (2.6.4-6.2) ...
Selecting previously unselected package sgml-base.
Preparing to unpack .../08-sgml-base_1.29.1_all.deb ...
Unpacking sgml-base (1.29.1) ...
Selecting previously unselected package sensible-utils.
Preparing to unpack .../09-sensible-utils_0.0.12+nmu1_all.deb ...
Unpacking sensible-utils (0.0.12+nmu1) ...
Selecting previously unselected package libmagic-mgc.
Preparing to unpack .../10-libmagic-mgc_1%3a5.38-4_amd64.deb ...
Unpacking libmagic-mgc (1:5.38-4) ...
Selecting previously unselected package libmagic1:amd64.
Preparing to unpack .../11-libmagic1_1%3a5.38-4_amd64.deb ...
Unpacking libmagic1:amd64 (1:5.38-4) ...
Selecting previously unselected package file.
Preparing to unpack .../12-file_1%3a5.38-4_amd64.deb ...
Unpacking file (1:5.38-4) ...
Selecting previously unselected package gettext-base.
Preparing to unpack .../13-gettext-base_0.19.8.1-10_amd64.deb ...
Unpacking gettext-base (0.19.8.1-10) ...
Selecting previously unselected package autoconf.
Preparing to unpack .../14-autoconf_2.69-11.1_all.deb ...
Unpacking autoconf (2.69-11.1) ...
Selecting previously unselected package autotools-dev.
Preparing to unpack .../15-autotools-dev_20180224.1_all.deb ...
Unpacking autotools-dev (20180224.1) ...
Selecting previously unselected package automake.
Preparing to unpack .../16-automake_1%3a1.16.1-4_all.deb ...
Unpacking automake (1:1.16.1-4) ...
Selecting previously unselected package autopoint.
Preparing to unpack .../17-autopoint_0.19.8.1-10_all.deb ...
Unpacking autopoint (0.19.8.1-10) ...
Selecting previously unselected package bison.
Preparing to unpack .../18-bison_2%3a3.5.1+dfsg-1_amd64.deb ...
Unpacking bison (2:3.5.1+dfsg-1) ...
Selecting previously unselected package libtool.
Preparing to unpack .../19-libtool_2.4.6-13_all.deb ...
Unpacking libtool (2.4.6-13) ...
Selecting previously unselected package dh-autoreconf.
Preparing to unpack .../20-dh-autoreconf_19_all.deb ...
Unpacking dh-autoreconf (19) ...
Selecting previously unselected package libdebhelper-perl.
Preparing to unpack .../21-libdebhelper-perl_12.9_all.deb ...
Unpacking libdebhelper-perl (12.9) ...
Selecting previously unselected package libarchive-zip-perl.
Preparing to unpack .../22-libarchive-zip-perl_1.67-1_all.deb ...
Unpacking libarchive-zip-perl (1.67-1) ...
Selecting previously unselected package libsub-override-perl.
Preparing to unpack .../23-libsub-override-perl_0.09-2_all.deb ...
Unpacking libsub-override-perl (0.09-2) ...
Selecting previously unselected package libfile-stripnondeterminism-perl.
Preparing to unpack .../24-libfile-stripnondeterminism-perl_1.6.3-2_all.deb ...
Unpacking libfile-stripnondeterminism-perl (1.6.3-2) ...
Selecting previously unselected package dh-strip-nondeterminism.
Preparing to unpack .../25-dh-strip-nondeterminism_1.6.3-2_all.deb ...
Unpacking dh-strip-nondeterminism (1.6.3-2) ...
Selecting previously unselected package libelf1:amd64.
Preparing to unpack .../26-libelf1_0.176-1.1_amd64.deb ...
Unpacking libelf1:amd64 (0.176-1.1) ...
Selecting previously unselected package dwz.
Preparing to unpack .../27-dwz_0.13-5_amd64.deb ...
Unpacking dwz (0.13-5) ...
Selecting previously unselected package libglib2.0-0:amd64.
Preparing to unpack .../28-libglib2.0-0_2.62.4-2_amd64.deb ...
Unpacking libglib2.0-0:amd64 (2.62.4-2) ...
Selecting previously unselected package libicu63:amd64.
Preparing to unpack .../29-libicu63_63.2-2_amd64.deb ...
Unpacking libicu63:amd64 (63.2-2) ...
Selecting previously unselected package libxml2:amd64.
Preparing to unpack .../30-libxml2_2.9.10+dfsg-3_amd64.deb ...
Unpacking libxml2:amd64 (2.9.10+dfsg-3) ...
Selecting previously unselected package libcroco3:amd64.
Preparing to unpack .../31-libcroco3_0.6.13-1_amd64.deb ...
Unpacking libcroco3:amd64 (0.6.13-1) ...
Selecting previously unselected package gettext.
Preparing to unpack .../32-gettext_0.19.8.1-10_amd64.deb ...
Unpacking gettext (0.19.8.1-10) ...
Selecting previously unselected package intltool-debian.
Preparing to unpack .../33-intltool-debian_0.35.0+20060710.5_all.deb ...
Unpacking intltool-debian (0.35.0+20060710.5) ...
Selecting previously unselected package po-debconf.
Preparing to unpack .../34-po-debconf_1.0.21_all.deb ...
Unpacking po-debconf (1.0.21) ...
Selecting previously unselected package debhelper.
Preparing to unpack .../35-debhelper_12.9_all.deb ...
Unpacking debhelper (12.9) ...
Selecting previously unselected package xml-core.
Preparing to unpack .../36-xml-core_0.18+nmu1_all.deb ...
Unpacking xml-core (0.18+nmu1) ...
Selecting previously unselected package sgml-data.
Preparing to unpack .../37-sgml-data_2.0.11_all.deb ...
Unpacking sgml-data (2.0.11) ...
Selecting previously unselected package docbook.
Preparing to unpack .../38-docbook_4.5-6_all.deb ...
Unpacking docbook (4.5-6) ...
Selecting previously unselected package libosp5.
Preparing to unpack .../39-libosp5_1.5.2-13+b1_amd64.deb ...
Unpacking libosp5 (1.5.2-13+b1) ...
Selecting previously unselected package opensp.
Preparing to unpack .../40-opensp_1.5.2-13+b1_amd64.deb ...
Unpacking opensp (1.5.2-13+b1) ...
Selecting previously unselected package docbook-to-man.
Preparing to unpack .../41-docbook-to-man_1%3a2.0.0-42+b1_amd64.deb ...
Unpacking docbook-to-man (1:2.0.0-42+b1) ...
Selecting previously unselected package libasound2-data.
Preparing to unpack .../42-libasound2-data_1.2.1.2-2_all.deb ...
Unpacking libasound2-data (1.2.1.2-2) ...
Selecting previously unselected package libasound2:amd64.
Preparing to unpack .../43-libasound2_1.2.1.2-2_amd64.deb ...
Unpacking libasound2:amd64 (1.2.1.2-2) ...
Selecting previously unselected package libasound2-dev:amd64.
Preparing to unpack .../44-libasound2-dev_1.2.1.2-2_amd64.deb ...
Unpacking libasound2-dev:amd64 (1.2.1.2-2) ...
Selecting previously unselected package libogg0:amd64.
Preparing to unpack .../45-libogg0_1.3.2-1+b1_amd64.deb ...
Unpacking libogg0:amd64 (1.3.2-1+b1) ...
Selecting previously unselected package libflac8:amd64.
Preparing to unpack .../46-libflac8_1.3.3-1_amd64.deb ...
Unpacking libflac8:amd64 (1.3.3-1) ...
Selecting previously unselected package libogg-dev:amd64.
Preparing to unpack .../47-libogg-dev_1.3.2-1+b1_amd64.deb ...
Unpacking libogg-dev:amd64 (1.3.2-1+b1) ...
Selecting previously unselected package libflac-dev:amd64.
Preparing to unpack .../48-libflac-dev_1.3.3-1_amd64.deb ...
Unpacking libflac-dev:amd64 (1.3.3-1) ...
Selecting previously unselected package libjack0:amd64.
Preparing to unpack .../49-libjack0_1%3a0.125.0-3+b1_amd64.deb ...
Unpacking libjack0:amd64 (1:0.125.0-3+b1) ...
Selecting previously unselected package pkg-config.
Preparing to unpack .../50-pkg-config_0.29-6_amd64.deb ...
Unpacking pkg-config (0.29-6) ...
Selecting previously unselected package uuid-dev:amd64.
Preparing to unpack .../51-uuid-dev_2.34-0.1_amd64.deb ...
Unpacking uuid-dev:amd64 (2.34-0.1) ...
Selecting previously unselected package libjack-dev.
Preparing to unpack .../52-libjack-dev_1%3a0.125.0-3+b1_amd64.deb ...
Unpacking libjack-dev (1:0.125.0-3+b1) ...
Selecting previously unselected package libvorbis0a:amd64.
Preparing to unpack .../53-libvorbis0a_1.3.6-2_amd64.deb ...
Unpacking libvorbis0a:amd64 (1.3.6-2) ...
Selecting previously unselected package libvorbisenc2:amd64.
Preparing to unpack .../54-libvorbisenc2_1.3.6-2_amd64.deb ...
Unpacking libvorbisenc2:amd64 (1.3.6-2) ...
Selecting previously unselected package libsndfile1:amd64.
Preparing to unpack .../55-libsndfile1_1.0.28-7_amd64.deb ...
Unpacking libsndfile1:amd64 (1.0.28-7) ...
Selecting previously unselected package libvorbisfile3:amd64.
Preparing to unpack .../56-libvorbisfile3_1.3.6-2_amd64.deb ...
Unpacking libvorbisfile3:amd64 (1.3.6-2) ...
Selecting previously unselected package libvorbis-dev:amd64.
Preparing to unpack .../57-libvorbis-dev_1.3.6-2_amd64.deb ...
Unpacking libvorbis-dev:amd64 (1.3.6-2) ...
Selecting previously unselected package libsndfile1-dev.
Preparing to unpack .../58-libsndfile1-dev_1.0.28-7_amd64.deb ...
Unpacking libsndfile1-dev (1.0.28-7) ...
Selecting previously unselected package sbuild-build-depends-main-dummy.
Preparing to unpack .../59-sbuild-build-depends-main-dummy_0.invalid.0_amd64.deb ...
Unpacking sbuild-build-depends-main-dummy (0.invalid.0) ...
Setting up libpipeline1:amd64 (1.5.2-2) ...
Setting up libogg0:amd64 (1.3.2-1+b1) ...
Setting up libmagic-mgc (1:5.38-4) ...
Setting up libarchive-zip-perl (1.67-1) ...
Setting up libglib2.0-0:amd64 (2.62.4-2) ...
No schema files found: doing nothing.
Setting up libdebhelper-perl (12.9) ...
Setting up libmagic1:amd64 (1:5.38-4) ...
Setting up gettext-base (0.19.8.1-10) ...
Setting up file (1:5.38-4) ...
Setting up libogg-dev:amd64 (1.3.2-1+b1) ...
Setting up libicu63:amd64 (63.2-2) ...
Setting up libflac8:amd64 (1.3.3-1) ...
Setting up libosp5 (1.5.2-13+b1) ...
Setting up libasound2-data (1.2.1.2-2) ...
Setting up autotools-dev (20180224.1) ...
Setting up libjack0:amd64 (1:0.125.0-3+b1) ...
Setting up uuid-dev:amd64 (2.34-0.1) ...
Setting up libsigsegv2:amd64 (2.12-2) ...
Setting up bsdmainutils (11.1.2+b1) ...
update-alternatives: using /usr/bin/bsd-write to provide /usr/bin/write (write) in auto mode
update-alternatives: using /usr/bin/bsd-from to provide /usr/bin/from (from) in auto mode
Setting up libvorbis0a:amd64 (1.3.6-2) ...
Setting up autopoint (0.19.8.1-10) ...
Setting up pkg-config (0.29-6) ...
Setting up sensible-utils (0.0.12+nmu1) ...
Setting up libuchardet0:amd64 (0.0.6-3) ...
Setting up libasound2:amd64 (1.2.1.2-2) ...
Setting up libsub-override-perl (0.09-2) ...
Setting up sgml-base (1.29.1) ...
Setting up libjack-dev (1:0.125.0-3+b1) ...
Setting up libasound2-dev:amd64 (1.2.1.2-2) ...
Setting up libelf1:amd64 (0.176-1.1) ...
Setting up libxml2:amd64 (2.9.10+dfsg-3) ...
Setting up libvorbisenc2:amd64 (1.3.6-2) ...
Setting up libfile-stripnondeterminism-perl (1.6.3-2) ...
Setting up libflac-dev:amd64 (1.3.3-1) ...
Setting up libtool (2.4.6-13) ...
Setting up m4 (1.4.18-4) ...
Setting up opensp (1.5.2-13+b1) ...
Setting up libvorbisfile3:amd64 (1.3.6-2) ...
Setting up libcroco3:amd64 (0.6.13-1) ...
Setting up autoconf (2.69-11.1) ...
Setting up dh-strip-nondeterminism (1.6.3-2) ...
Setting up dwz (0.13-5) ...
Setting up groff-base (1.22.4-4) ...
Setting up xml-core (0.18+nmu1) ...
Setting up bison (2:3.5.1+dfsg-1) ...
update-alternatives: using /usr/bin/bison.yacc to provide /usr/bin/yacc (yacc) in auto mode
Setting up libsndfile1:amd64 (1.0.28-7) ...
Setting up automake (1:1.16.1-4) ...
update-alternatives: using /usr/bin/automake-1.16 to provide /usr/bin/automake (automake) in auto mode
Setting up libvorbis-dev:amd64 (1.3.6-2) ...
Setting up flex (2.6.4-6.2) ...
Setting up gettext (0.19.8.1-10) ...
Setting up man-db (2.9.0-2) ...
Not building database; man-db/auto-update is not 'true'.
Setting up intltool-debian (0.35.0+20060710.5) ...
Setting up libsndfile1-dev (1.0.28-7) ...
Setting up po-debconf (1.0.21) ...
Setting up dh-autoreconf (19) ...
Setting up debhelper (12.9) ...
Processing triggers for libc-bin (2.29-10) ...
Processing triggers for sgml-base (1.29.1) ...
Setting up sgml-data (2.0.11) ...
Processing triggers for sgml-base (1.29.1) ...
Setting up docbook (4.5-6) ...
Processing triggers for sgml-base (1.29.1) ...
Setting up docbook-to-man (1:2.0.0-42+b1) ...
Setting up sbuild-build-depends-main-dummy (0.invalid.0) ...

+------------------------------------------------------------------------------+
| Check architectures                                                          |
+------------------------------------------------------------------------------+

Arch check ok (amd64 included in any)

+------------------------------------------------------------------------------+
| Build environment                                                            |
+------------------------------------------------------------------------------+

Kernel: Linux 4.19.0-6-cloud-amd64 #1 SMP Debian 4.19.67-2+deb10u2 (2019-11-11) amd64 (x86_64)
Toolchain package versions: binutils_2.34-3 dpkg-dev_1.19.7 g++-9_9.2.1-30 gcc-9_9.2.1-30 libc6-dev_2.29-10 libstdc++-8-dev_8.3.0-29 libstdc++-9-dev_9.2.1-30 libstdc++6_10-20200222-1 linux-libc-dev_5.4.19-1
Package versions: adduser_3.118 apt_1.8.4 autoconf_2.69-11.1 automake_1:1.16.1-4 autopoint_0.19.8.1-10 autotools-dev_20180224.1 base-files_11 base-passwd_3.5.47 bash_5.0-6 binutils_2.34-3 binutils-common_2.34-3 binutils-x86-64-linux-gnu_2.34-3 bison_2:3.5.1+dfsg-1 bsdmainutils_11.1.2+b1 bsdutils_1:2.34-0.1 build-essential_12.8 bzip2_1.0.8-2 clang-8_1:8.0.1-7 coreutils_8.30-3+b1 cpp_4:9.2.1-3.1 cpp-9_9.2.1-30 dash_0.5.10.2-6 debconf_1.5.73 debhelper_12.9 debian-archive-keyring_2019.1 debianutils_4.9.1 dh-autoreconf_19 dh-strip-nondeterminism_1.6.3-2 diffutils_1:3.7-3 docbook_4.5-6 docbook-to-man_1:2.0.0-42+b1 dpkg_1.19.7 dpkg-dev_1.19.7 dwz_0.13-5 e2fsprogs_1.45.5-2 fakeroot_1.24-1 fdisk_2.34-0.1 file_1:5.38-4 findutils_4.7.0-1 flex_2.6.4-6.2 g++_4:9.2.1-3.1 g++-9_9.2.1-30 gcc_4:9.2.1-3.1 gcc-10-base_10-20200222-1 gcc-8-base_8.3.0-29 gcc-9_9.2.1-30 gcc-9-base_9.2.1-30 gettext_0.19.8.1-10 gettext-base_0.19.8.1-10 gpgv_2.2.19-1 grep_3.4-1 groff-base_1.22.4-4 gzip_1.9-3+b1 hostname_3.23 init-system-helpers_1.57 intltool-debian_0.35.0+20060710.5 lib32gcc-s1_10-20200222-1 lib32gcc1_1:10-20200222-1 lib32stdc++6_10-20200222-1 libacl1_2.2.53-5 libapt-pkg5.0_1.8.4 libarchive-zip-perl_1.67-1 libasan5_9.2.1-30 libasound2_1.2.1.2-2 libasound2-data_1.2.1.2-2 libasound2-dev_1.2.1.2-2 libatomic1_10-20200222-1 libattr1_1:2.4.48-5 libaudit-common_1:2.8.5-2 libaudit1_1:2.8.5-2+b1 libbinutils_2.34-3 libblkid1_2.34-0.1 libbsd0_0.10.0-1 libbz2-1.0_1.0.8-2 libc-bin_2.29-10 libc-dev-bin_2.29-10 libc6_2.29-10 libc6-dev_2.29-10 libc6-i386_2.29-10 libcap-ng0_0.7.9-2.1+b1 libcc1-0_10-20200222-1 libclang-common-8-dev_1:8.0.1-7 libclang1-8_1:8.0.1-7 libcom-err2_1.45.5-2 libcroco3_0.6.13-1 libcrypt-dev_1:4.4.10-10 libcrypt1_1:4.4.10-10 libctf-nobfd0_2.34-3 libctf0_2.34-3 libdb5.3_5.3.28+dfsg1-0.6 libdebconfclient0_0.251 libdebhelper-perl_12.9 libdpkg-perl_1.19.7 libedit2_3.1-20191231-1 libelf1_0.176-1.1 libext2fs2_1.45.5-2 libfakeroot_1.24-1 libfdisk1_2.34-0.1 libffi7_3.3-3 libfile-stripnondeterminism-perl_1.6.3-2 libflac-dev_1.3.3-1 libflac8_1.3.3-1 libgc1c2_1:7.6.4-0.4 libgcc-8-dev_8.3.0-29 libgcc-9-dev_9.2.1-30 libgcc-s1_10-20200222-1 libgcc1_1:10-20200222-1 libgcrypt20_1.8.5-5 libgdbm-compat4_1.18.1-5 libgdbm6_1.18.1-5 libglib2.0-0_2.62.4-2 libgmp10_2:6.2.0+dfsg-4 libgnutls30_3.6.12-2 libgomp1_10-20200222-1 libgpg-error0_1.37-1 libhogweed5_3.5.1+really3.5.1-2 libicu63_63.2-2 libidn2-0_2.2.0-2 libisl22_0.22.1-1 libitm1_10-20200222-1 libjack-dev_1:0.125.0-3+b1 libjack0_1:0.125.0-3+b1 libllvm8_1:8.0.1-7 liblsan0_10-20200222-1 liblz4-1_1.9.2-2 liblzma5_5.2.4-1+b1 libmagic-mgc_1:5.38-4 libmagic1_1:5.38-4 libmount1_2.34-0.1 libmpc3_1.1.0-1 libmpfr6_4.0.2-1 libmpx2_8.3.0-29 libncursesw6_6.1+20191019-1 libnettle7_3.5.1+really3.5.1-2 libobjc-8-dev_8.3.0-29 libobjc-9-dev_9.2.1-30 libobjc4_10-20200222-1 libogg-dev_1.3.2-1+b1 libogg0_1.3.2-1+b1 libomp-8-dev_1:8.0.1-7 libomp5-8_1:8.0.1-7 libosp5_1.5.2-13+b1 libp11-kit0_0.23.20-1 libpam-modules_1.3.1-5 libpam-modules-bin_1.3.1-5 libpam-runtime_1.3.1-5 libpam0g_1.3.1-5 libpcre2-8-0_10.34-7 libpcre3_2:8.39-12+b1 libperl5.30_5.30.0-9 libpipeline1_1.5.2-2 libquadmath0_10-20200222-1 libseccomp2_2.4.2-2 libselinux1_3.0-1+b1 libsemanage-common_3.0-1 libsemanage1_3.0-1+b1 libsepol1_3.0-1 libsigsegv2_2.12-2 libsmartcols1_2.34-0.1 libsndfile1_1.0.28-7 libsndfile1-dev_1.0.28-7 libss2_1.45.5-2 libstdc++-8-dev_8.3.0-29 libstdc++-9-dev_9.2.1-30 libstdc++6_10-20200222-1 libsub-override-perl_0.09-2 libsystemd0_244.3-1 libtasn1-6_4.16.0-2 libtinfo6_6.1+20191019-1 libtool_2.4.6-13 libtsan0_10-20200222-1 libubsan1_10-20200222-1 libuchardet0_0.0.6-3 libudev1_244.3-1 libunistring2_0.9.10-2 libuuid1_2.34-0.1 libvorbis-dev_1.3.6-2 libvorbis0a_1.3.6-2 libvorbisenc2_1.3.6-2 libvorbisfile3_1.3.6-2 libxml2_2.9.10+dfsg-3 libzstd1_1.4.4+dfsg-3 linux-libc-dev_5.4.19-1 login_1:4.8.1-1 logsave_1.45.5-2 lsb-base_11.1.0 m4_1.4.18-4 make_4.2.1-1.2 man-db_2.9.0-2 mawk_1.3.4.20200120-2 mount_2.34-0.1 ncurses-base_6.1+20191019-1 ncurses-bin_6.1+20191019-1 opensp_1.5.2-13+b1 passwd_1:4.8.1-1 patch_2.7.6-6 perl_5.30.0-9 perl-base_5.30.0-9 perl-modules-5.30_5.30.0-9 pkg-config_0.29-6 po-debconf_1.0.21 sbuild-build-depends-main-dummy_0.invalid.0 sed_4.7-1 sensible-utils_0.0.12+nmu1 sgml-base_1.29.1 sgml-data_2.0.11 sysvinit-utils_2.96-2.1 tar_1.30+dfsg-6+b1 tzdata_2019c-3 util-linux_2.34-0.1 uuid-dev_2.34-0.1 xml-core_0.18+nmu1 xz-utils_5.2.4-1+b1 zlib1g_1:1.2.11.dfsg-2

+------------------------------------------------------------------------------+
| Build                                                                        |
+------------------------------------------------------------------------------+


Unpack source
-------------

-----BEGIN PGP SIGNED MESSAGE-----
Hash: SHA256

Format: 1.0
Source: chuck
Binary: chuck
Architecture: any
Version: 1.2.0.8.dfsg-1.5
Maintainer: Paul Brossier <piem@debian.org>
Homepage: http://chuck.cs.princeton.edu
Standards-Version: 3.9.8
Build-Depends: debhelper (>= 10), bison, flex, libjack-dev, libasound2-dev, libsndfile1-dev, docbook-to-man
Package-List:
 chuck deb sound optional arch=any
Checksums-Sha1:
 c949bdbd773f32400eec0cd1ef824d1bbbd4c44c 1466395 chuck_1.2.0.8.dfsg.orig.tar.gz
 83d3f645e6a406a543e556e1dbc4017ba33fb557 11322 chuck_1.2.0.8.dfsg-1.5.diff.gz
Checksums-Sha256:
 1f95025731b45a69da384a43de67bdf519934fa1fb9773b3b95107cd5fa300cc 1466395 chuck_1.2.0.8.dfsg.orig.tar.gz
 162d875def5420aa56c6c0303a31b5f65c3574667aac3131cc9cbbd5679aac57 11322 chuck_1.2.0.8.dfsg-1.5.diff.gz
Files:
 026769b4db7884e1ef1d0f859866013e 1466395 chuck_1.2.0.8.dfsg.orig.tar.gz
 fceeff65cf4a123499637ff61206d919 11322 chuck_1.2.0.8.dfsg-1.5.diff.gz

-----BEGIN PGP SIGNATURE-----

iQIzBAEBCAAdFiEENX3LDuyVoBrrofDS3mO5xwTr6e8FAlhcS74ACgkQ3mO5xwTr
6e/HjQ//RI5zQSXQb7S+QZXfontnUGlVVRjHxXeMd0y1K4qEq4O1gII3fyNLz65L
CbPf5eEP6FhlEzLOQylZgahAVVa5G0rGcjOCTnE/6anehCZYrVd02whBN5VeqpyM
qaGB4lN+vDOZ/wrdxPOsnIFSOR8SsVTRK+wQrs7aUnpnY2ldU25Ah1SAku6JJ2qe
Ejuya6xmWyo+EBqu29PK0Z2cJTnJhd5d5x2OGvGXHe+7KEKi9tkKiNv9yTprQl13
/GjI7jHegffCtNqx9iwgDU22Tua+heAXLWMcgRovmDuLAgvhggH5nXF4zn+HLgsa
dMtZTTIkg8wGzjyY1cqN/h4RnLoJJDrJDIIOWGgbW8PGf493EezB1NnzHQAIh0IU
r//DeeJDKK1tTwW/Cn+BN4c2KiIgvUU0XoUaNJ9DVzWKGcGwTgiNsftgDxOPyVcZ
nwE/iJHrxTxhSklaR4OXQyZERJD+uzW7xjb21d7Gk7UCOdNfIKq9shrutPueFZCa
a6v2HiUUAGeIxYJgUg2UTr3Qwjy6P7BuVFQwPxumG5rIpEE8dNqajdL2bysx3ve0
3zscLACVWr5vFNWpFRSbgMmqBKc+5LD7ObCHhglf9ymC5RqDYnNaNJyFVEDP0RHl
cJrNKupIikzmiKQMQGe0cBrxuQaLgbGf/EUahpxJXMYUQA87Uhg=
=2dPY
-----END PGP SIGNATURE-----

gpgv: unknown type of key resource 'trustedkeys.kbx'
gpgv: keyblock resource '/sbuild-nonexistent/.gnupg/trustedkeys.kbx': General error
gpgv: Signature made Thu Dec 22 21:55:10 2016 UTC
gpgv:                using RSA key 357DCB0EEC95A01AEBA1F0D2DE63B9C704EBE9EF
gpgv: Can't check signature: No public key
dpkg-source: warning: failed to verify signature on ./chuck_1.2.0.8.dfsg-1.5.dsc
dpkg-source: info: extracting chuck in /<<PKGBUILDDIR>>
dpkg-source: info: unpacking chuck_1.2.0.8.dfsg.orig.tar.gz
dpkg-source: info: applying chuck_1.2.0.8.dfsg-1.5.diff.gz
dpkg-source: info: upstream files that have been modified: 
 /<<PKGBUILDDIR>>/src/chuck_compile.cpp
 /<<PKGBUILDDIR>>/src/chuck_emit.cpp
 /<<PKGBUILDDIR>>/src/chuck_instr.cpp
 /<<PKGBUILDDIR>>/src/chuck_oo.h
 /<<PKGBUILDDIR>>/src/chuck_vm.h
 /<<PKGBUILDDIR>>/src/makefile
 /<<PKGBUILDDIR>>/src/makefile.alsa
 /<<PKGBUILDDIR>>/src/makefile.jack
 /<<PKGBUILDDIR>>/src/rtaudio.cpp
 /<<PKGBUILDDIR>>/src/ugen_stk.cpp
 /<<PKGBUILDDIR>>/src/ugen_xxx.cpp
 /<<PKGBUILDDIR>>/src/ulib_std.cpp
 /<<PKGBUILDDIR>>/src/util_hid.cpp
 /<<PKGBUILDDIR>>/src/util_string.h

Check disk space
----------------

Sufficient free space for build

User Environment
----------------

APT_CONFIG=/var/lib/sbuild/apt.conf
HOME=/sbuild-nonexistent
LANG=C.UTF-8
LC_ALL=C.UTF-8
LOGNAME=user42
PATH=/usr/local/sbin:/usr/local/bin:/usr/sbin:/usr/bin:/sbin:/bin:/usr/games
SCHROOT_ALIAS_NAME=unstable
SCHROOT_CHROOT_NAME=sid-amd64-sbuild
SCHROOT_COMMAND=env
SCHROOT_GID=1001
SCHROOT_GROUP=user42
SCHROOT_SESSION_ID=sid-amd64-sbuild-2d4760fe-84d0-4b5f-9673-e834f1024626
SCHROOT_UID=1001
SCHROOT_USER=user42
SHELL=/bin/sh
USER=user42

dpkg-buildpackage
-----------------

Command: dpkg-buildpackage -us -uc -b -rfakeroot
dpkg-buildpackage: info: source package chuck
dpkg-buildpackage: info: source version 1.2.0.8.dfsg-1.5
dpkg-buildpackage: info: source distribution unstable
dpkg-buildpackage: info: source changed by Joao Eriberto Mota Filho <eriberto@debian.org>
 dpkg-source --before-build .
dpkg-buildpackage: info: host architecture amd64
 fakeroot debian/rules clean
dh_testdir
dh_testroot
rm -f build-stamp configure-stamp
cd src && /usr/bin/make clean
make[1]: Entering directory '/<<PKGBUILDDIR>>/src'
rm -f *.o chuck.tab.c chuck.tab.h chuck.yy.c chuck.output 
make[1]: Leaving directory '/<<PKGBUILDDIR>>/src'
rm -f chuck.oss chuck.alsa debian/chuck.1
dh_clean 
 debian/rules build
dh_testdir
find examples src -type f -exec chmod -x {} \;
rm -f "examples/event/.#opensound_demo_recv.ck.1.2"
touch configure-stamp
dh_testdir
cd src && /usr/bin/make linux-alsa CFLAGS="-Wall -g -fno-strict-aliasing -O2" 
make[1]: Entering directory '/<<PKGBUILDDIR>>/src'
make -f makefile.alsa
make[2]: Entering directory '/<<PKGBUILDDIR>>/src'
bison -dv -b chuck chuck.y
cc -D__LINUX_ALSA__ -c -Wall -g -fno-strict-aliasing -O2 -D__CK_SNDFILE_NATIVE__ chuck.tab.c
flex -ochuck.yy.c chuck.lex
echo "chuck.tab.h was created at the same time as chuck.tab.c"
chuck.tab.h was created at the same time as chuck.tab.c
cc -D__LINUX_ALSA__ -c -Wall -g -fno-strict-aliasing -O2 -D__CK_SNDFILE_NATIVE__ chuck.yy.c
chuck.yy.c:2301:24: warning: unused function 'yy_fatal_error' [-Wunused-function]
static void yynoreturn yy_fatal_error (const char* msg )
                       ^
1 warning generated.
g++ -D__LINUX_ALSA__ -c -Wall -g -fno-strict-aliasing -O2 -D__CK_SNDFILE_NATIVE__ chuck_absyn.cpp
g++ -D__LINUX_ALSA__ -c -Wall -g -fno-strict-aliasing -O2 -D__CK_SNDFILE_NATIVE__ chuck_parse.cpp
g++ -D__LINUX_ALSA__ -c -Wall -g -fno-strict-aliasing -O2 -D__CK_SNDFILE_NATIVE__ chuck_errmsg.cpp
g++ -D__LINUX_ALSA__ -c -Wall -g -fno-strict-aliasing -O2 -D__CK_SNDFILE_NATIVE__ chuck_frame.cpp
g++ -D__LINUX_ALSA__ -c -Wall -g -fno-strict-aliasing -O2 -D__CK_SNDFILE_NATIVE__ chuck_symbol.cpp
chuck_symbol.cpp:119:37: warning: ISO C++11 does not allow conversion from string literal to 'c_str' (aka 'char *') [-Wwritable-strings]
static struct S_Symbol_ marksym = { "<mark>", 0 };
                                    ^
1 warning generated.
g++ -D__LINUX_ALSA__ -c -Wall -g -fno-strict-aliasing -O2 -D__CK_SNDFILE_NATIVE__ chuck_table.cpp
g++ -D__LINUX_ALSA__ -c -Wall -g -fno-strict-aliasing -O2 -D__CK_SNDFILE_NATIVE__ chuck_utils.cpp
g++ -D__LINUX_ALSA__ -c -Wall -g -fno-strict-aliasing -O2 -D__CK_SNDFILE_NATIVE__ chuck_vm.cpp
In file included from chuck_vm.cpp:38:
./chuck_type.h:170:23: warning: using the result of an assignment as a condition without parentheses [-Wparentheses]
            { if( val = (*scope[i-1])[xid] ) break; }
                  ~~~~^~~~~~~~~~~~~~~~~~~~
./chuck_type.h:170:23: note: place parentheses around the assignment to silence this warning
            { if( val = (*scope[i-1])[xid] ) break; }
                      ^
                  (                       )
./chuck_type.h:170:23: note: use '==' to turn this assignment into an equality comparison
            { if( val = (*scope[i-1])[xid] ) break; }
                      ^
                      ==
chuck_vm.cpp:950:71: warning: format specifies type 'int' but the argument has type 'unsigned long' [-Wformat]
        fprintf( stderr, "[chuck](VM): reseting shred id to %d...\n", m_shred_id + 1 );
                                                            ~~        ^~~~~~~~~~~~~~
                                                            %lu
chuck_vm.cpp:1238:61: warning: more '%' conversions than data arguments [-Wformat]
        "[chuck](VM): OutOfMemory: while allocating stack '%s'\n" );
                                                           ~^
3 warnings generated.
g++ -D__LINUX_ALSA__ -c -Wall -g -fno-strict-aliasing -O2 -D__CK_SNDFILE_NATIVE__ chuck_instr.cpp
In file included from chuck_instr.cpp:36:
./chuck_type.h:170:23: warning: using the result of an assignment as a condition without parentheses [-Wparentheses]
            { if( val = (*scope[i-1])[xid] ) break; }
                  ~~~~^~~~~~~~~~~~~~~~~~~~
./chuck_type.h:170:23: note: place parentheses around the assignment to silence this warning
            { if( val = (*scope[i-1])[xid] ) break; }
                      ^
                  (                       )
./chuck_type.h:170:23: note: use '==' to turn this assignment into an equality comparison
            { if( val = (*scope[i-1])[xid] ) break; }
                      ^
                      ==
chuck_instr.cpp:73:9: warning: format specifies type 'int' but the argument has type 'unsigned long' [-Wformat]
        shred->xid, shred->name.c_str(), shred->pc );
        ^~~~~~~~~~
chuck_instr.cpp:73:42: warning: format specifies type 'int' but the argument has type 'unsigned long' [-Wformat]
        shred->xid, shred->name.c_str(), shred->pc );
                                         ^~~~~~~~~
chuck_instr.cpp:629:9: warning: format specifies type 'int' but the argument has type 'unsigned long' [-Wformat]
        shred->xid, shred->name.c_str(), shred->pc );
        ^~~~~~~~~~
chuck_instr.cpp:629:42: warning: format specifies type 'int' but the argument has type 'unsigned long' [-Wformat]
        shred->xid, shred->name.c_str(), shred->pc );
                                         ^~~~~~~~~
chuck_instr.cpp:673:9: warning: format specifies type 'int' but the argument has type 'unsigned long' [-Wformat]
        shred->xid, shred->name.c_str(), shred->pc );
        ^~~~~~~~~~
chuck_instr.cpp:673:42: warning: format specifies type 'int' but the argument has type 'unsigned long' [-Wformat]
        shred->xid, shred->name.c_str(), shred->pc );
                                         ^~~~~~~~~
chuck_instr.cpp:721:9: warning: format specifies type 'int' but the argument has type 'unsigned long' [-Wformat]
        shred->xid, shred->name.c_str(), shred->pc );
        ^~~~~~~~~~
chuck_instr.cpp:721:42: warning: format specifies type 'int' but the argument has type 'unsigned long' [-Wformat]
        shred->xid, shred->name.c_str(), shred->pc );
                                         ^~~~~~~~~
chuck_instr.cpp:769:9: warning: format specifies type 'int' but the argument has type 'unsigned long' [-Wformat]
        shred->xid, shred->name.c_str(), shred->pc );
        ^~~~~~~~~~
chuck_instr.cpp:769:42: warning: format specifies type 'int' but the argument has type 'unsigned long' [-Wformat]
        shred->xid, shred->name.c_str(), shred->pc );
                                         ^~~~~~~~~
chuck_instr.cpp:817:9: warning: format specifies type 'int' but the argument has type 'unsigned long' [-Wformat]
        shred->xid, shred->name.c_str(), shred->pc );
        ^~~~~~~~~~
chuck_instr.cpp:817:42: warning: format specifies type 'int' but the argument has type 'unsigned long' [-Wformat]
        shred->xid, shred->name.c_str(), shred->pc );
                                         ^~~~~~~~~
chuck_instr.cpp:865:9: warning: format specifies type 'int' but the argument has type 'unsigned long' [-Wformat]
        shred->xid, shred->name.c_str(), shred->pc );
        ^~~~~~~~~~
chuck_instr.cpp:865:42: warning: format specifies type 'int' but the argument has type 'unsigned long' [-Wformat]
        shred->xid, shred->name.c_str(), shred->pc );
                                         ^~~~~~~~~
chuck_instr.cpp:909:9: warning: format specifies type 'int' but the argument has type 'unsigned long' [-Wformat]
        shred->xid, shred->name.c_str(), shred->pc );
        ^~~~~~~~~~
chuck_instr.cpp:909:42: warning: format specifies type 'int' but the argument has type 'unsigned long' [-Wformat]
        shred->xid, shred->name.c_str(), shred->pc );
                                         ^~~~~~~~~
chuck_instr.cpp:953:9: warning: format specifies type 'int' but the argument has type 'unsigned long' [-Wformat]
        shred->xid, shred->name.c_str(), shred->pc );
        ^~~~~~~~~~
chuck_instr.cpp:953:42: warning: format specifies type 'int' but the argument has type 'unsigned long' [-Wformat]
        shred->xid, shred->name.c_str(), shred->pc );
                                         ^~~~~~~~~
chuck_instr.cpp:2866:18: warning: format specifies type 'int' but the argument has type 'unsigned long' [-Wformat]
            *sp, shred->xid, shred->name.c_str(), shred->pc );
                 ^~~~~~~~~~
chuck_instr.cpp:2866:51: warning: format specifies type 'int' but the argument has type 'unsigned long' [-Wformat]
            *sp, shred->xid, shred->name.c_str(), shred->pc );
                                                  ^~~~~~~~~
chuck_instr.cpp:2913:9: warning: format specifies type 'int' but the argument has type 'unsigned long' [-Wformat]
        shred->xid, shred->name.c_str(), shred->pc );
        ^~~~~~~~~~
chuck_instr.cpp:2913:42: warning: format specifies type 'int' but the argument has type 'unsigned long' [-Wformat]
        shred->xid, shred->name.c_str(), shred->pc );
                                         ^~~~~~~~~
chuck_instr.cpp:3288:58: warning: format specifies type 'int' but the argument has type 'unsigned long' [-Wformat]
        "[chuck](VM):     (note: in shred[id=%d:%s])\n", shred->xid, shred->name.c_str() );
                                             ~~          ^~~~~~~~~~
                                             %lu
chuck_instr.cpp:3368:9: warning: format specifies type 'int' but the argument has type 'unsigned long' [-Wformat]
        shred->xid, shred->name.c_str(), shred->pc );
        ^~~~~~~~~~
chuck_instr.cpp:3368:42: warning: format specifies type 'int' but the argument has type 'unsigned long' [-Wformat]
        shred->xid, shred->name.c_str(), shred->pc );
                                         ^~~~~~~~~
chuck_instr.cpp:3375:14: warning: format specifies type 'int' but the argument has type 'unsigned long' [-Wformat]
             shred->xid, shred->name.c_str(), shred->pc, i );
             ^~~~~~~~~~
chuck_instr.cpp:3375:47: warning: format specifies type 'int' but the argument has type 'unsigned long' [-Wformat]
             shred->xid, shred->name.c_str(), shred->pc, i );
                                              ^~~~~~~~~
chuck_instr.cpp:3375:58: warning: format specifies type 'int' but the argument has type 'long' [-Wformat]
             shred->xid, shred->name.c_str(), shred->pc, i );
                                                         ^
chuck_instr.cpp:3459:9: warning: format specifies type 'int' but the argument has type 'unsigned long' [-Wformat]
        shred->xid, shred->name.c_str(), shred->pc );
        ^~~~~~~~~~
chuck_instr.cpp:3459:42: warning: format specifies type 'int' but the argument has type 'unsigned long' [-Wformat]
        shred->xid, shred->name.c_str(), shred->pc );
                                         ^~~~~~~~~
chuck_instr.cpp:3466:14: warning: format specifies type 'int' but the argument has type 'unsigned long' [-Wformat]
             shred->xid, shred->name.c_str(), shred->pc, key->str.c_str() );
             ^~~~~~~~~~
chuck_instr.cpp:3466:47: warning: format specifies type 'int' but the argument has type 'unsigned long' [-Wformat]
             shred->xid, shred->name.c_str(), shred->pc, key->str.c_str() );
                                              ^~~~~~~~~
chuck_instr.cpp:3576:9: warning: format specifies type 'int' but the argument has type 'unsigned long' [-Wformat]
        shred->xid, shred->name.c_str(), shred->pc );
        ^~~~~~~~~~
chuck_instr.cpp:3576:42: warning: format specifies type 'int' but the argument has type 'unsigned long' [-Wformat]
        shred->xid, shred->name.c_str(), shred->pc );
                                         ^~~~~~~~~
chuck_instr.cpp:3578:74: warning: format specifies type 'int' but the argument has type 'unsigned long' [-Wformat]
        "[chuck](VM): (array dimension where exception occurred: %d)\n", index );
                                                                 ~~      ^~~~~
                                                                 %lu
chuck_instr.cpp:3585:14: warning: format specifies type 'int' but the argument has type 'unsigned long' [-Wformat]
             shred->xid, shred->name.c_str(), shred->pc, i );
             ^~~~~~~~~~
chuck_instr.cpp:3585:47: warning: format specifies type 'int' but the argument has type 'unsigned long' [-Wformat]
             shred->xid, shred->name.c_str(), shred->pc, i );
                                              ^~~~~~~~~
chuck_instr.cpp:3585:58: warning: format specifies type 'int' but the argument has type 'long' [-Wformat]
             shred->xid, shred->name.c_str(), shred->pc, i );
                                                         ^
chuck_instr.cpp:3637:14: warning: format specifies type 'int' but the argument has type 'unsigned long' [-Wformat]
             shred->xid, shred->name.c_str(), shred->pc );
             ^~~~~~~~~~
chuck_instr.cpp:3637:47: warning: format specifies type 'int' but the argument has type 'unsigned long' [-Wformat]
             shred->xid, shred->name.c_str(), shred->pc );
                                              ^~~~~~~~~
chuck_instr.cpp:3636:77: warning: more '%' conversions than data arguments [-Wformat]
             "[chuck](VM): NullPointerException: shred[id=%d:%s:(%d)], PC=[%d]\n", 
                                                                           ~^
chuck_instr.cpp:3678:14: warning: format specifies type 'int' but the argument has type 'unsigned long' [-Wformat]
             shred->xid, shred->name.c_str(), shred->pc );
             ^~~~~~~~~~
chuck_instr.cpp:3678:47: warning: format specifies type 'int' but the argument has type 'unsigned long' [-Wformat]
             shred->xid, shred->name.c_str(), shred->pc );
                                              ^~~~~~~~~
chuck_instr.cpp:3856:9: warning: format specifies type 'int' but the argument has type 'unsigned long' [-Wformat]
        shred->xid, shred->name.c_str(), shred->pc );
        ^~~~~~~~~~
chuck_instr.cpp:3856:42: warning: format specifies type 'int' but the argument has type 'unsigned long' [-Wformat]
        shred->xid, shred->name.c_str(), shred->pc );
                                         ^~~~~~~~~
chuck_instr.cpp:3863:9: warning: format specifies type 'int' but the argument has type 'unsigned long' [-Wformat]
        m_val, shred->xid, shred->name.c_str(), shred->pc );
        ^~~~~
chuck_instr.cpp:3863:16: warning: format specifies type 'int' but the argument has type 'unsigned long' [-Wformat]
        m_val, shred->xid, shred->name.c_str(), shred->pc );
               ^~~~~~~~~~
chuck_instr.cpp:3863:49: warning: format specifies type 'int' but the argument has type 'unsigned long' [-Wformat]
        m_val, shred->xid, shred->name.c_str(), shred->pc );
                                                ^~~~~~~~~
chuck_instr.cpp:3937:9: warning: format specifies type 'int' but the argument has type 'unsigned long' [-Wformat]
        shred->xid, shred->name.c_str(), shred->pc );
        ^~~~~~~~~~
chuck_instr.cpp:3937:42: warning: format specifies type 'int' but the argument has type 'unsigned long' [-Wformat]
        shred->xid, shred->name.c_str(), shred->pc );
                                         ^~~~~~~~~
chuck_instr.cpp:4113:33: warning: format specifies type 'int' but the argument has type 'long' [-Wformat]
        fprintf( stderr, "%d :(%s)\n", *(sp-1), m_type_ref->c_name() );
                          ~~           ^~~~~~~
                          %ld
chuck_instr.cpp:4199:30: warning: format specifies type 'int' but the argument has type 'long' [-Wformat]
            fprintf( stderr, "%d ", *(sp) );
                              ~~    ^~~~~
                              %ld
chuck_instr.cpp:4207:32: warning: format specifies type 'unsigned int' but the argument has type 'long' [-Wformat]
            fprintf( stderr, "0x%x ", *(sp) );
                                ~~    ^~~~~
                                %lx
54 warnings generated.
g++ -D__LINUX_ALSA__ -c -Wall -g -fno-strict-aliasing -O2 -D__CK_SNDFILE_NATIVE__ chuck_scan.cpp
In file included from chuck_scan.cpp:33:
./chuck_type.h:170:23: warning: using the result of an assignment as a condition without parentheses [-Wparentheses]
            { if( val = (*scope[i-1])[xid] ) break; }
                  ~~~~^~~~~~~~~~~~~~~~~~~~
./chuck_type.h:170:23: note: place parentheses around the assignment to silence this warning
            { if( val = (*scope[i-1])[xid] ) break; }
                      ^
                  (                       )
./chuck_type.h:170:23: note: use '==' to turn this assignment into an equality comparison
            { if( val = (*scope[i-1])[xid] ) break; }
                      ^
                      ==
1 warning generated.
g++ -D__LINUX_ALSA__ -c -Wall -g -fno-strict-aliasing -O2 -D__CK_SNDFILE_NATIVE__ chuck_type.cpp
In file included from chuck_type.cpp:34:
./chuck_type.h:170:23: warning: using the result of an assignment as a condition without parentheses [-Wparentheses]
            { if( val = (*scope[i-1])[xid] ) break; }
                  ~~~~^~~~~~~~~~~~~~~~~~~~
./chuck_type.h:170:23: note: place parentheses around the assignment to silence this warning
            { if( val = (*scope[i-1])[xid] ) break; }
                      ^
                  (                       )
./chuck_type.h:170:23: note: use '==' to turn this assignment into an equality comparison
            { if( val = (*scope[i-1])[xid] ) break; }
                      ^
                      ==
chuck_type.cpp:3798:14: warning: unused variable 'xid' [-Wunused-variable]
    S_Symbol xid = NULL;
             ^
chuck_type.cpp:3799:18: warning: unused variable 't' [-Wunused-variable]
    Chuck_Type * t = NULL;
                 ^
chuck_type.cpp:5102:43: warning: result of comparison against a string literal is unspecified (use strncmp instead) [-Wstring-compare]
        query ? ( query->dll_name.c_str() == "" ? query->dll_name.c_str() : "[empty]" ) : "[null]", dll->name() );
                                          ^  ~~
chuck_type.cpp:5140:13: warning: array subscript is of type 'char' [-Wchar-subscripts]
    g_escape['\''] = '\'';
            ^~~~~
chuck_type.cpp:5141:13: warning: array subscript is of type 'char' [-Wchar-subscripts]
    g_escape['"'] = '"';
            ^~~~
chuck_type.cpp:5142:13: warning: array subscript is of type 'char' [-Wchar-subscripts]
    g_escape['\\'] = '\\';
            ^~~~~
chuck_type.cpp:5143:13: warning: array subscript is of type 'char' [-Wchar-subscripts]
    g_escape['a'] = (char)7; // audible bell
            ^~~~
chuck_type.cpp:5144:13: warning: array subscript is of type 'char' [-Wchar-subscripts]
    g_escape['b'] = (char)8; // back space
            ^~~~
chuck_type.cpp:5145:13: warning: array subscript is of type 'char' [-Wchar-subscripts]
    g_escape['f'] = (char)12; // form feed
            ^~~~
chuck_type.cpp:5146:13: warning: array subscript is of type 'char' [-Wchar-subscripts]
    g_escape['n'] = (char)10; // new line
            ^~~~
chuck_type.cpp:5147:13: warning: array subscript is of type 'char' [-Wchar-subscripts]
    g_escape['r'] = (char)13; // carriage return
            ^~~~
chuck_type.cpp:5148:13: warning: array subscript is of type 'char' [-Wchar-subscripts]
    g_escape['t'] = (char)9; // horizontal tab
            ^~~~
chuck_type.cpp:5149:13: warning: array subscript is of type 'char' [-Wchar-subscripts]
    g_escape['v'] = (char)11; // vertical tab
            ^~~~
In file included from chuck_type.cpp:34:
./chuck_type.h:170:23: warning: using the result of an assignment as a condition without parentheses [-Wparentheses]
            { if( val = (*scope[i-1])[xid] ) break; }
                  ~~~~^~~~~~~~~~~~~~~~~~~~
chuck_type.cpp:3339:27: note: in instantiation of member function 'Chuck_Scope<Chuck_Type *>::lookup' requested here
    Chuck_Type * t = type.lookup( name, climb );
                          ^
./chuck_type.h:170:23: note: place parentheses around the assignment to silence this warning
            { if( val = (*scope[i-1])[xid] ) break; }
                      ^
                  (                       )
./chuck_type.h:170:23: note: use '==' to turn this assignment into an equality comparison
            { if( val = (*scope[i-1])[xid] ) break; }
                      ^
                      ==
./chuck_type.h:170:23: warning: using the result of an assignment as a condition without parentheses [-Wparentheses]
            { if( val = (*scope[i-1])[xid] ) break; }
                  ~~~~^~~~~~~~~~~~~~~~~~~~
chuck_type.cpp:3369:29: note: in instantiation of member function 'Chuck_Scope<Chuck_Value *>::lookup' requested here
    Chuck_Value * v = value.lookup( name, climb );
                            ^
./chuck_type.h:170:23: note: place parentheses around the assignment to silence this warning
            { if( val = (*scope[i-1])[xid] ) break; }
                      ^
                  (                       )
./chuck_type.h:170:23: note: use '==' to turn this assignment into an equality comparison
            { if( val = (*scope[i-1])[xid] ) break; }
                      ^
                      ==
./chuck_type.h:170:23: warning: using the result of an assignment as a condition without parentheses [-Wparentheses]
            { if( val = (*scope[i-1])[xid] ) break; }
                  ~~~~^~~~~~~~~~~~~~~~~~~~
chuck_type.cpp:3399:27: note: in instantiation of member function 'Chuck_Scope<Chuck_Func *>::lookup' requested here
    Chuck_Func * f = func.lookup( name, climb );
                          ^
./chuck_type.h:170:23: note: place parentheses around the assignment to silence this warning
            { if( val = (*scope[i-1])[xid] ) break; }
                      ^
                  (                       )
./chuck_type.h:170:23: note: use '==' to turn this assignment into an equality comparison
            { if( val = (*scope[i-1])[xid] ) break; }
                      ^
                      ==
17 warnings generated.
g++ -D__LINUX_ALSA__ -c -Wall -g -fno-strict-aliasing -O2 -D__CK_SNDFILE_NATIVE__ chuck_emit.cpp
In file included from chuck_emit.cpp:35:
In file included from ./chuck_emit.h:39:
./chuck_type.h:170:23: warning: using the result of an assignment as a condition without parentheses [-Wparentheses]
            { if( val = (*scope[i-1])[xid] ) break; }
                  ~~~~^~~~~~~~~~~~~~~~~~~~
./chuck_type.h:170:23: note: place parentheses around the assignment to silence this warning
            { if( val = (*scope[i-1])[xid] ) break; }
                      ^
                  (                       )
./chuck_type.h:170:23: note: use '==' to turn this assignment into an equality comparison
            { if( val = (*scope[i-1])[xid] ) break; }
                      ^
                      ==
chuck_emit.cpp:2310:13: warning: enumeration value 'ae_primary_nil' not handled in switch [-Wswitch]
    switch( exp->s_type )
            ^
chuck_emit.cpp:3718:39: warning: ISO C++11 does not allow conversion from string literal to 'c_str' (aka 'char *') [-Wwritable-strings]
        a_Exp base = new_exp_from_id( "this", linepos );
                                      ^
3 warnings generated.
g++ -D__LINUX_ALSA__ -c -Wall -g -fno-strict-aliasing -O2 -D__CK_SNDFILE_NATIVE__ chuck_compile.cpp
In file included from chuck_compile.cpp:33:
In file included from ./chuck_compile.h:38:
In file included from ./chuck_scan.h:36:
./chuck_type.h:170:23: warning: using the result of an assignment as a condition without parentheses [-Wparentheses]
            { if( val = (*scope[i-1])[xid] ) break; }
                  ~~~~^~~~~~~~~~~~~~~~~~~~
./chuck_type.h:170:23: note: place parentheses around the assignment to silence this warning
            { if( val = (*scope[i-1])[xid] ) break; }
                      ^
                  (                       )
./chuck_type.h:170:23: note: use '==' to turn this assignment into an equality comparison
            { if( val = (*scope[i-1])[xid] ) break; }
                      ^
                      ==
In file included from chuck_compile.cpp:41:
./ugen_stk.h:758:12: warning: 'DelayL::nextOut' hides overloaded virtual function [-Woverloaded-virtual]
  MY_FLOAT nextOut(void);
           ^
./ugen_stk.h:685:20: note: hidden overloaded virtual function 'Delay::nextOut' declared here: different qualifiers ('const' vs unqualified)
  virtual MY_FLOAT nextOut(void) const;
                   ^
./ugen_stk.h:1307:16: warning: 'WaveLoop::openFile' hides overloaded virtual function [-Woverloaded-virtual]
  virtual void openFile( const char * fileName, bool raw = FALSE, bool n = TRUE );
               ^
./ugen_stk.h:1132:16: note: hidden overloaded virtual function 'WvIn::openFile' declared here: different number of parameters (4 vs 3)
  virtual void openFile( const char *fileName, bool raw = FALSE, bool doNormalize = TRUE, bool generate = true );
               ^
./ugen_stk.h:2375:12: warning: 'DelayA::nextOut' hides overloaded virtual function [-Woverloaded-virtual]
  MY_FLOAT nextOut(void);
           ^
./ugen_stk.h:685:20: note: hidden overloaded virtual function 'Delay::nextOut' declared here: different qualifiers ('const' vs unqualified)
  virtual MY_FLOAT nextOut(void) const;
                   ^
./ugen_stk.h:3445:12: warning: 'Mesh2D::tick' hides overloaded virtual function [-Woverloaded-virtual]
  MY_FLOAT tick(MY_FLOAT input);
           ^
./ugen_stk.h:484:21: note: hidden overloaded virtual function 'Instrmnt::tick' declared here: different number of parameters (2 vs 1)
  virtual MY_FLOAT *tick(MY_FLOAT *vector, unsigned int vectorSize);
                    ^
5 warnings generated.
g++ -D__LINUX_ALSA__ -c -Wall -g -fno-strict-aliasing -O2 -D__CK_SNDFILE_NATIVE__ chuck_dl.cpp
g++ -D__LINUX_ALSA__ -c -Wall -g -fno-strict-aliasing -O2 -D__CK_SNDFILE_NATIVE__ chuck_oo.cpp
In file included from chuck_oo.cpp:35:
./chuck_type.h:170:23: warning: using the result of an assignment as a condition without parentheses [-Wparentheses]
            { if( val = (*scope[i-1])[xid] ) break; }
                  ~~~~^~~~~~~~~~~~~~~~~~~~
./chuck_type.h:170:23: note: place parentheses around the assignment to silence this warning
            { if( val = (*scope[i-1])[xid] ) break; }
                      ^
                  (                       )
./chuck_type.h:170:23: note: use '==' to turn this assignment into an equality comparison
            { if( val = (*scope[i-1])[xid] ) break; }
                      ^
                      ==
chuck_oo.cpp:744:38: warning: unused variable 'iter' [-Wunused-variable]
    map<string, t_CKFLOAT>::iterator iter = m_map.find( key );
                                     ^
2 warnings generated.
g++ -D__LINUX_ALSA__ -c -Wall -g -fno-strict-aliasing -O2 -D__CK_SNDFILE_NATIVE__ chuck_lang.cpp
In file included from chuck_lang.cpp:34:
./chuck_type.h:170:23: warning: using the result of an assignment as a condition without parentheses [-Wparentheses]
            { if( val = (*scope[i-1])[xid] ) break; }
                  ~~~~^~~~~~~~~~~~~~~~~~~~
./chuck_type.h:170:23: note: place parentheses around the assignment to silence this warning
            { if( val = (*scope[i-1])[xid] ) break; }
                      ^
                  (                       )
./chuck_type.h:170:23: note: use '==' to turn this assignment into an equality comparison
            { if( val = (*scope[i-1])[xid] ) break; }
                      ^
                      ==
chuck_lang.cpp:1373:18: warning: unused variable 'ugen' [-Wunused-variable]
    Chuck_UGen * ugen = (Chuck_UGen *)SELF;
                 ^
chuck_lang.cpp:2108:14: warning: unused variable 'mout' [-Wunused-variable]
    HidOut * mout = (HidOut *)OBJ_MEMBER_INT(SELF, HidOut_offset_data);
             ^
chuck_lang.cpp:2127:20: warning: unused variable 'fake_msg' [-Wunused-variable]
    Chuck_Object * fake_msg = GET_CK_OBJECT(ARGS);
                   ^
chuck_lang.cpp:258:17: warning: unused variable 'shred_offset_args' [-Wunused-variable]
static t_CKUINT shred_offset_args = 0;
                ^
5 warnings generated.
g++ -D__LINUX_ALSA__ -c -Wall -g -fno-strict-aliasing -O2 -D__CK_SNDFILE_NATIVE__ chuck_ugen.cpp
g++ -D__LINUX_ALSA__ -c -Wall -g -fno-strict-aliasing -O2 -D__CK_SNDFILE_NATIVE__ chuck_main.cpp
In file included from chuck_main.cpp:41:
In file included from ./chuck_compile.h:38:
In file included from ./chuck_scan.h:36:
./chuck_type.h:170:23: warning: using the result of an assignment as a condition without parentheses [-Wparentheses]
            { if( val = (*scope[i-1])[xid] ) break; }
                  ~~~~^~~~~~~~~~~~~~~~~~~~
./chuck_type.h:170:23: note: place parentheses around the assignment to silence this warning
            { if( val = (*scope[i-1])[xid] ) break; }
                      ^
                  (                       )
./chuck_type.h:170:23: note: use '==' to turn this assignment into an equality comparison
            { if( val = (*scope[i-1])[xid] ) break; }
                      ^
                      ==
chuck_main.cpp:672:74: warning: format specifies type 'int' but the argument has type 'long' [-Wformat]
            fprintf( stderr, "[chuck]: cannot bind to tcp port %i...\n", g_port );
                                                               ~~        ^~~~~~
                                                               %li
2 warnings generated.
g++ -D__LINUX_ALSA__ -c -Wall -g -fno-strict-aliasing -O2 -D__CK_SNDFILE_NATIVE__ chuck_otf.cpp
In file included from chuck_otf.cpp:34:
In file included from ./chuck_compile.h:38:
In file included from ./chuck_scan.h:36:
./chuck_type.h:170:23: warning: using the result of an assignment as a condition without parentheses [-Wparentheses]
            { if( val = (*scope[i-1])[xid] ) break; }
                  ~~~~^~~~~~~~~~~~~~~~~~~~
./chuck_type.h:170:23: note: place parentheses around the assignment to silence this warning
            { if( val = (*scope[i-1])[xid] ) break; }
                      ^
                  (                       )
./chuck_type.h:170:23: note: use '==' to turn this assignment into an equality comparison
            { if( val = (*scope[i-1])[xid] ) break; }
                      ^
                      ==
chuck_otf.cpp:211:89: warning: format specifies type 'int' but the argument has type 'unsigned long' [-Wformat]
        fprintf( stderr, "[chuck]: unrecognized incoming command from network: '%i'\n", cmd->type );
                                                                                ~~      ^~~~~~~~~
                                                                                %lu
2 warnings generated.
g++ -D__LINUX_ALSA__ -c -Wall -g -fno-strict-aliasing -O2 -D__CK_SNDFILE_NATIVE__ chuck_stats.cpp
g++ -D__LINUX_ALSA__ -c -Wall -g -fno-strict-aliasing -O2 -D__CK_SNDFILE_NATIVE__ chuck_bbq.cpp
g++ -D__LINUX_ALSA__ -c -Wall -g -fno-strict-aliasing -O2 -D__CK_SNDFILE_NATIVE__ chuck_shell.cpp
chuck_shell.cpp:795:15: warning: ISO C++11 does not allow conversion from string literal to 'char *' [-Wwritable-strings]
    argv[0] = "--removeall";
              ^
chuck_shell.cpp:814:15: warning: ISO C++11 does not allow conversion from string literal to 'char *' [-Wwritable-strings]
    argv[0] = "--";
              ^
chuck_shell.cpp:844:15: warning: ISO C++11 does not allow conversion from string literal to 'char *' [-Wwritable-strings]
    argv[0] = "--replace";
              ^
chuck_shell.cpp:888:15: warning: ISO C++11 does not allow conversion from string literal to 'char *' [-Wwritable-strings]
    argv[0] = "--status";
              ^
chuck_shell.cpp:913:15: warning: ISO C++11 does not allow conversion from string literal to 'char *' [-Wwritable-strings]
    argv[0] = "--kill";
              ^
chuck_shell.cpp:1721:30: warning: format specifies type 'unsigned int' but the argument has type 'unsigned long' [-Wformat]
    snprintf( buf, 16, "%u", caller->vms.size() - 1 );
                        ~~   ^~~~~~~~~~~~~~~~~~~~~~
                        %lu
chuck_shell.cpp:1746:24: warning: '&&' within '||' [-Wlogical-op-parentheses]
        if( vm_no == 0 && errno == EINVAL || caller->vms.size() <= vm_no || 
            ~~~~~~~~~~~^~~~~~~~~~~~~~~~~~ ~~
chuck_shell.cpp:1746:24: note: place parentheses around the '&&' expression to silence this warning
        if( vm_no == 0 && errno == EINVAL || caller->vms.size() <= vm_no || 
            ~~~~~~~~~~~^~~~~~~~~~~~~~~~~~
chuck_shell.cpp:1811:38: warning: format specifies type 'unsigned int' but the argument has type 'vector<string>::size_type' (aka 'unsigned long') [-Wformat]
            snprintf( buf, 16, "%u", i );
                                ~~   ^
                                %lu
8 warnings generated.
g++ -D__LINUX_ALSA__ -c -Wall -g -fno-strict-aliasing -O2 -D__CK_SNDFILE_NATIVE__ chuck_console.cpp
g++ -D__LINUX_ALSA__ -c -Wall -g -fno-strict-aliasing -O2 -D__CK_SNDFILE_NATIVE__ chuck_globals.cpp
In file included from chuck_globals.cpp:36:
./ugen_stk.h:758:12: warning: 'DelayL::nextOut' hides overloaded virtual function [-Woverloaded-virtual]
  MY_FLOAT nextOut(void);
           ^
./ugen_stk.h:685:20: note: hidden overloaded virtual function 'Delay::nextOut' declared here: different qualifiers ('const' vs unqualified)
  virtual MY_FLOAT nextOut(void) const;
                   ^
./ugen_stk.h:1307:16: warning: 'WaveLoop::openFile' hides overloaded virtual function [-Woverloaded-virtual]
  virtual void openFile( const char * fileName, bool raw = FALSE, bool n = TRUE );
               ^
./ugen_stk.h:1132:16: note: hidden overloaded virtual function 'WvIn::openFile' declared here: different number of parameters (4 vs 3)
  virtual void openFile( const char *fileName, bool raw = FALSE, bool doNormalize = TRUE, bool generate = true );
               ^
./ugen_stk.h:2375:12: warning: 'DelayA::nextOut' hides overloaded virtual function [-Woverloaded-virtual]
  MY_FLOAT nextOut(void);
           ^
./ugen_stk.h:685:20: note: hidden overloaded virtual function 'Delay::nextOut' declared here: different qualifiers ('const' vs unqualified)
  virtual MY_FLOAT nextOut(void) const;
                   ^
./ugen_stk.h:3445:12: warning: 'Mesh2D::tick' hides overloaded virtual function [-Woverloaded-virtual]
  MY_FLOAT tick(MY_FLOAT input);
           ^
./ugen_stk.h:484:21: note: hidden overloaded virtual function 'Instrmnt::tick' declared here: different number of parameters (2 vs 1)
  virtual MY_FLOAT *tick(MY_FLOAT *vector, unsigned int vectorSize);
                    ^
4 warnings generated.
g++ -D__LINUX_ALSA__ -c -Wall -g -fno-strict-aliasing -O2 -D__CK_SNDFILE_NATIVE__ digiio_rtaudio.cpp
g++ -D__LINUX_ALSA__ -c -Wall -g -fno-strict-aliasing -O2 -D__CK_SNDFILE_NATIVE__ hidio_sdl.cpp
g++ -D__LINUX_ALSA__ -c -Wall -g -fno-strict-aliasing -O2 -D__CK_SNDFILE_NATIVE__ midiio_rtmidi.cpp
g++ -D__LINUX_ALSA__ -c -Wall -g -fno-strict-aliasing -O2 -D__CK_SNDFILE_NATIVE__ rtaudio.cpp
rtaudio.cpp:9040:3: warning: 'register' storage class specifier is deprecated and incompatible with C++17 [-Wdeprecated-register]
  register char val;
  ^~~~~~~~~
rtaudio.cpp:9041:3: warning: 'register' storage class specifier is deprecated and incompatible with C++17 [-Wdeprecated-register]
  register char *ptr;
  ^~~~~~~~~
2 warnings generated.
g++ -D__LINUX_ALSA__ -c -Wall -g -fno-strict-aliasing -O2 -D__CK_SNDFILE_NATIVE__ rtmidi.cpp
g++ -D__LINUX_ALSA__ -c -Wall -g -fno-strict-aliasing -O2 -D__CK_SNDFILE_NATIVE__ ugen_osc.cpp
In file included from ugen_osc.cpp:35:
./chuck_type.h:170:23: warning: using the result of an assignment as a condition without parentheses [-Wparentheses]
            { if( val = (*scope[i-1])[xid] ) break; }
                  ~~~~^~~~~~~~~~~~~~~~~~~~
./chuck_type.h:170:23: note: place parentheses around the assignment to silence this warning
            { if( val = (*scope[i-1])[xid] ) break; }
                      ^
                  (                       )
./chuck_type.h:170:23: note: use '==' to turn this assignment into an equality comparison
            { if( val = (*scope[i-1])[xid] ) break; }
                      ^
                      ==
ugen_osc.cpp:1094:14: warning: unused variable 'inc_phase' [-Wunused-variable]
    t_CKBOOL inc_phase = TRUE;
             ^
ugen_osc.cpp:1189:15: error: ordered comparison between pointer and zero ('Chuck_Array8 *' and 'int')
    if(in_args<0) return;
       ~~~~~~~^~
ugen_osc.cpp:1244:15: error: ordered comparison between pointer and zero ('Chuck_Array8 *' and 'int')
    if(in_args<0) return;
       ~~~~~~~^~
ugen_osc.cpp:1297:15: error: ordered comparison between pointer and zero ('Chuck_Array8 *' and 'int')
    if(weights<0) return;
       ~~~~~~~^~
ugen_osc.cpp:1347:15: error: ordered comparison between pointer and zero ('Chuck_Array8 *' and 'int')
    if(weights<0) return;
       ~~~~~~~^~
ugen_osc.cpp:1398:15: error: ordered comparison between pointer and zero ('Chuck_Array8 *' and 'int')
    if(weights<0) return;
       ~~~~~~~^~
ugen_osc.cpp:1459:15: error: ordered comparison between pointer and zero ('Chuck_Array8 *' and 'int')
    if(weights<0) goto done;
       ~~~~~~~^~
ugen_osc.cpp:1624:17: warning: unused variable 'd' [-Wunused-variable]
    genX_Data * d = (genX_Data *)OBJ_MEMBER_UINT(SELF, genX_offset_data );
                ^
3 warnings and 6 errors generated.
make[2]: *** [makefile.alsa:145: ugen_osc.o] Error 1
make[2]: Leaving directory '/<<PKGBUILDDIR>>/src'
make[1]: [makefile:31: linux-alsa] Error 2 (ignored)
make[1]: Leaving directory '/<<PKGBUILDDIR>>/src'
cp -a src/chuck chuck.alsa
cp: cannot stat 'src/chuck': No such file or directory
make: *** [debian/rules:32: build-stamp] Error 1
dpkg-buildpackage: error: debian/rules build subprocess returned exit status 2
--------------------------------------------------------------------------------
Build finished at 2020-02-25T16:39:57Z

Finished
--------


+------------------------------------------------------------------------------+
| Cleanup                                                                      |
+------------------------------------------------------------------------------+

Purging /<<BUILDDIR>>
Not cleaning session: cloned chroot in use
E: Build failure (dpkg-buildpackage died)

+------------------------------------------------------------------------------+
| Summary                                                                      |
+------------------------------------------------------------------------------+

Build Architecture: amd64
Build Type: binary
Build-Space: 20216
Build-Time: 21
Distribution: unstable
Fail-Stage: build
Host Architecture: amd64
Install-Time: 5
Job: chuck_1.2.0.8.dfsg-1.5
Machine Architecture: amd64
Package: chuck
Package-Time: 43
Source-Version: 1.2.0.8.dfsg-1.5
Space: 20216
Status: attempted
Version: 1.2.0.8.dfsg-1.5
--------------------------------------------------------------------------------
Finished at 2020-02-25T16:39:57Z
Build needed 00:00:43, 20216k disk space
E: Build failure (dpkg-buildpackage died)
DC-Status: Failed 43.450111206s
DC-Time-Estimation: 43.450111206 versus expected 161 (r/m: 2.705399031930846 ; m: 43.450111206)
