DC-Build-Header: libsass-python 0.18.0-1 / 2020-02-25 02:48:05 +0000
DC-Task: type:rebuild-binarch-only source:libsass-python version:0.18.0-1 chroot:unstable esttime:101 logfile:/tmp/libsass-python_0.18.0-1_unstable_clang8.log modes:clang8:binarch-only
DC-Sbuild-call: su user42 -c 'sbuild -n --arch-any --apt-update -d unstable -v --no-run-lintian --chroot-setup-commands=/tmp/clang8 libsass-python_0.18.0-1'
sbuild (Debian sbuild) 0.78.1 (09 February 2019) on ip-172-31-7-42.eu-central-1.compute.internal

+==============================================================================+
| libsass-python 0.18.0-1 (amd64)              Tue, 25 Feb 2020 02:48:05 +0000 |
+==============================================================================+

Package: libsass-python
Version: 0.18.0-1
Source Version: 0.18.0-1
Distribution: unstable
Machine Architecture: amd64
Host Architecture: amd64
Build Architecture: amd64
Build Type: binary

I: NOTICE: Log filtering will replace 'var/run/schroot/mount/sid-amd64-sbuild-8f9492f3-8f70-4d3f-88b5-a574d638d9d6' with '<<CHROOT>>'

+------------------------------------------------------------------------------+
| Chroot Setup Commands                                                        |
+------------------------------------------------------------------------------+


/tmp/clang8
-----------

+ echo 'Entering customization script...'
Entering customization script...
+ CLANG_VERSION=8
+ echo 'Install of clang-8'
Install of clang-8
+ apt-get update
Get:1 http://127.0.0.1:12990/debian sid InRelease [142 kB]
Get:2 http://127.0.0.1:12990/debian sid/main Sources.diff/Index [27.9 kB]
Get:3 http://127.0.0.1:12990/debian sid/main amd64 Packages.diff/Index [27.9 kB]
Get:4 http://127.0.0.1:12990/debian sid/main Sources 2020-02-24-0823.32.pdiff [11.0 kB]
Get:5 http://127.0.0.1:12990/debian sid/main Sources 2020-02-24-1420.34.pdiff [30.2 kB]
Get:6 http://127.0.0.1:12990/debian sid/main Sources 2020-02-24-2014.03.pdiff [16.9 kB]
Get:6 http://127.0.0.1:12990/debian sid/main Sources 2020-02-24-2014.03.pdiff [16.9 kB]
Get:7 http://127.0.0.1:12990/debian sid/main amd64 Packages 2020-02-24-0823.32.pdiff [15.5 kB]
Get:8 http://127.0.0.1:12990/debian sid/main amd64 Packages 2020-02-24-1420.34.pdiff [27.5 kB]
Get:9 http://127.0.0.1:12990/debian sid/main amd64 Packages 2020-02-24-2014.03.pdiff [21.6 kB]
Get:9 http://127.0.0.1:12990/debian sid/main amd64 Packages 2020-02-24-2014.03.pdiff [21.6 kB]
Get:10 http://127.0.0.1:12990/debian sid/main Translation-en [6193 kB]
Fetched 6514 kB in 2s (2759 kB/s)
Reading package lists...
+ apt-get install --yes --no-install-recommends --force-yes clang-8 libomp-8-dev libobjc-9-dev
Reading package lists...
Building dependency tree...
The following additional packages will be installed:
  gcc-8-base lib32gcc-s1 lib32gcc1 lib32stdc++6 libbsd0 libc6-i386
  libclang-common-8-dev libclang1-8 libedit2 libgc1c2 libgcc-8-dev libllvm8
  libmpx2 libobjc-8-dev libobjc4 libomp5-8 libstdc++-8-dev
Suggested packages:
  clang-8-doc libomp-8-doc libstdc++-8-doc
Recommended packages:
  llvm-8-dev python3
The following NEW packages will be installed:
  clang-8 gcc-8-base lib32gcc-s1 lib32gcc1 lib32stdc++6 libbsd0 libc6-i386
  libclang-common-8-dev libclang1-8 libedit2 libgc1c2 libgcc-8-dev libllvm8
  libmpx2 libobjc-8-dev libobjc-9-dev libobjc4 libomp-8-dev libomp5-8
  libstdc++-8-dev
0 upgraded, 20 newly installed, 0 to remove and 1 not upgraded.
Need to get 39.9 MB of archives.
After this operation, 223 MB of additional disk space will be used.
Get:1 http://127.0.0.1:12990/debian sid/main amd64 libbsd0 amd64 0.10.0-1 [107 kB]
Get:2 http://127.0.0.1:12990/debian sid/main amd64 libedit2 amd64 3.1-20191231-1 [95.4 kB]
Get:3 http://127.0.0.1:12990/debian sid/main amd64 libllvm8 amd64 1:8.0.1-7 [13.8 MB]
Get:4 http://127.0.0.1:12990/debian sid/main amd64 gcc-8-base amd64 8.3.0-29 [194 kB]
Get:5 http://127.0.0.1:12990/debian sid/main amd64 libmpx2 amd64 8.3.0-29 [11.4 kB]
Get:6 http://127.0.0.1:12990/debian sid/main amd64 libgcc-8-dev amd64 8.3.0-29 [2297 kB]
Get:7 http://127.0.0.1:12990/debian sid/main amd64 libstdc++-8-dev amd64 8.3.0-29 [1543 kB]
Get:8 http://127.0.0.1:12990/debian sid/main amd64 libgc1c2 amd64 1:7.6.4-0.4 [224 kB]
Get:9 http://127.0.0.1:12990/debian sid/main amd64 libobjc4 amd64 10-20200222-1 [41.6 kB]
Get:10 http://127.0.0.1:12990/debian sid/main amd64 libobjc-8-dev amd64 8.3.0-29 [227 kB]
Get:11 http://127.0.0.1:12990/debian sid/main amd64 libc6-i386 amd64 2.29-10 [2918 kB]
Get:12 http://127.0.0.1:12990/debian sid/main amd64 lib32gcc-s1 amd64 10-20200222-1 [49.4 kB]
Get:13 http://127.0.0.1:12990/debian sid/main amd64 lib32gcc1 amd64 1:10-20200222-1 [1104 B]
Get:14 http://127.0.0.1:12990/debian sid/main amd64 lib32stdc++6 amd64 10-20200222-1 [510 kB]
Get:15 http://127.0.0.1:12990/debian sid/main amd64 libclang-common-8-dev amd64 1:8.0.1-7 [2989 kB]
Get:16 http://127.0.0.1:12990/debian sid/main amd64 libclang1-8 amd64 1:8.0.1-7 [6244 kB]
Get:17 http://127.0.0.1:12990/debian sid/main amd64 clang-8 amd64 1:8.0.1-7 [8010 kB]
Get:18 http://127.0.0.1:12990/debian sid/main amd64 libobjc-9-dev amd64 9.2.1-29 [219 kB]
Get:19 http://127.0.0.1:12990/debian sid/main amd64 libomp5-8 amd64 1:8.0.1-7 [331 kB]
Get:20 http://127.0.0.1:12990/debian sid/main amd64 libomp-8-dev amd64 1:8.0.1-7 [62.3 kB]
debconf: delaying package configuration, since apt-utils is not installed
Fetched 39.9 MB in 1s (60.4 MB/s)
Selecting previously unselected package libbsd0:amd64.
(Reading database ... (Reading database ... 5%(Reading database ... 10%(Reading database ... 15%(Reading database ... 20%(Reading database ... 25%(Reading database ... 30%(Reading database ... 35%(Reading database ... 40%(Reading database ... 45%(Reading database ... 50%(Reading database ... 55%(Reading database ... 60%(Reading database ... 65%(Reading database ... 70%(Reading database ... 75%(Reading database ... 80%(Reading database ... 85%(Reading database ... 90%(Reading database ... 95%(Reading database ... 100%(Reading database ... 12119 files and directories currently installed.)
Preparing to unpack .../00-libbsd0_0.10.0-1_amd64.deb ...
Unpacking libbsd0:amd64 (0.10.0-1) ...
Selecting previously unselected package libedit2:amd64.
Preparing to unpack .../01-libedit2_3.1-20191231-1_amd64.deb ...
Unpacking libedit2:amd64 (3.1-20191231-1) ...
Selecting previously unselected package libllvm8:amd64.
Preparing to unpack .../02-libllvm8_1%3a8.0.1-7_amd64.deb ...
Unpacking libllvm8:amd64 (1:8.0.1-7) ...
Selecting previously unselected package gcc-8-base:amd64.
Preparing to unpack .../03-gcc-8-base_8.3.0-29_amd64.deb ...
Unpacking gcc-8-base:amd64 (8.3.0-29) ...
Selecting previously unselected package libmpx2:amd64.
Preparing to unpack .../04-libmpx2_8.3.0-29_amd64.deb ...
Unpacking libmpx2:amd64 (8.3.0-29) ...
Selecting previously unselected package libgcc-8-dev:amd64.
Preparing to unpack .../05-libgcc-8-dev_8.3.0-29_amd64.deb ...
Unpacking libgcc-8-dev:amd64 (8.3.0-29) ...
Selecting previously unselected package libstdc++-8-dev:amd64.
Preparing to unpack .../06-libstdc++-8-dev_8.3.0-29_amd64.deb ...
Unpacking libstdc++-8-dev:amd64 (8.3.0-29) ...
Selecting previously unselected package libgc1c2:amd64.
Preparing to unpack .../07-libgc1c2_1%3a7.6.4-0.4_amd64.deb ...
Unpacking libgc1c2:amd64 (1:7.6.4-0.4) ...
Selecting previously unselected package libobjc4:amd64.
Preparing to unpack .../08-libobjc4_10-20200222-1_amd64.deb ...
Unpacking libobjc4:amd64 (10-20200222-1) ...
Selecting previously unselected package libobjc-8-dev:amd64.
Preparing to unpack .../09-libobjc-8-dev_8.3.0-29_amd64.deb ...
Unpacking libobjc-8-dev:amd64 (8.3.0-29) ...
Selecting previously unselected package libc6-i386.
Preparing to unpack .../10-libc6-i386_2.29-10_amd64.deb ...
Unpacking libc6-i386 (2.29-10) ...
Selecting previously unselected package lib32gcc-s1.
Preparing to unpack .../11-lib32gcc-s1_10-20200222-1_amd64.deb ...
Unpacking lib32gcc-s1 (10-20200222-1) ...
Selecting previously unselected package lib32gcc1.
Preparing to unpack .../12-lib32gcc1_1%3a10-20200222-1_amd64.deb ...
Unpacking lib32gcc1 (1:10-20200222-1) ...
Selecting previously unselected package lib32stdc++6.
Preparing to unpack .../13-lib32stdc++6_10-20200222-1_amd64.deb ...
Unpacking lib32stdc++6 (10-20200222-1) ...
Selecting previously unselected package libclang-common-8-dev.
Preparing to unpack .../14-libclang-common-8-dev_1%3a8.0.1-7_amd64.deb ...
Unpacking libclang-common-8-dev (1:8.0.1-7) ...
Selecting previously unselected package libclang1-8.
Preparing to unpack .../15-libclang1-8_1%3a8.0.1-7_amd64.deb ...
Unpacking libclang1-8 (1:8.0.1-7) ...
Selecting previously unselected package clang-8.
Preparing to unpack .../16-clang-8_1%3a8.0.1-7_amd64.deb ...
Unpacking clang-8 (1:8.0.1-7) ...
Selecting previously unselected package libobjc-9-dev:amd64.
Preparing to unpack .../17-libobjc-9-dev_9.2.1-29_amd64.deb ...
Unpacking libobjc-9-dev:amd64 (9.2.1-29) ...
Selecting previously unselected package libomp5-8:amd64.
Preparing to unpack .../18-libomp5-8_1%3a8.0.1-7_amd64.deb ...
Unpacking libomp5-8:amd64 (1:8.0.1-7) ...
Selecting previously unselected package libomp-8-dev.
Preparing to unpack .../19-libomp-8-dev_1%3a8.0.1-7_amd64.deb ...
Unpacking libomp-8-dev (1:8.0.1-7) ...
Setting up libgc1c2:amd64 (1:7.6.4-0.4) ...
Setting up libobjc4:amd64 (10-20200222-1) ...
Setting up gcc-8-base:amd64 (8.3.0-29) ...
Setting up libobjc-9-dev:amd64 (9.2.1-29) ...
Setting up libmpx2:amd64 (8.3.0-29) ...
Setting up libc6-i386 (2.29-10) ...
Setting up libbsd0:amd64 (0.10.0-1) ...
Setting up libomp5-8:amd64 (1:8.0.1-7) ...
Setting up libomp-8-dev (1:8.0.1-7) ...
Setting up libedit2:amd64 (3.1-20191231-1) ...
Setting up lib32gcc-s1 (10-20200222-1) ...
Setting up libgcc-8-dev:amd64 (8.3.0-29) ...
Setting up libstdc++-8-dev:amd64 (8.3.0-29) ...
Setting up libllvm8:amd64 (1:8.0.1-7) ...
Setting up libclang1-8 (1:8.0.1-7) ...
Setting up lib32gcc1 (1:10-20200222-1) ...
Setting up libobjc-8-dev:amd64 (8.3.0-29) ...
Setting up lib32stdc++6 (10-20200222-1) ...
Setting up libclang-common-8-dev (1:8.0.1-7) ...
Setting up clang-8 (1:8.0.1-7) ...
Processing triggers for libc-bin (2.29-10) ...
W: --force-yes is deprecated, use one of the options starting with --allow instead.
+ echo 'Replace gcc, g++ & cpp by clang'
Replace gcc, g++ & cpp by clang
+ VERSIONS='4.6 4.7 4.8 4.9 5 6 7 8 9 10'
+ cd /usr/bin
+ for VERSION in $VERSIONS
+ rm -f g++-4.6 gcc-4.6 cpp-4.6 gcc
+ ln -s clang++-8 g++-4.6
+ ln -s clang-8 gcc-4.6
+ ln -s clang-8 cpp-4.6
+ ln -s clang-8 gcc
+ dpkg --set-selections
+ echo 'gcc-4.6 hold'
dpkg: warning: package not in status nor available database at line 1: gcc-4.6
dpkg: warning: found unknown packages; this might mean the available database
is outdated, and needs to be updated through a frontend method;
please see the FAQ <https://wiki.debian.org/Teams/Dpkg/FAQ>
+ echo 'g++-4.6 hold'
+ dpkg --set-selections
dpkg: warning: package not in status nor available database at line 1: g++-4.6
dpkg: warning: found unknown packages; this might mean the available database
is outdated, and needs to be updated through a frontend method;
please see the FAQ <https://wiki.debian.org/Teams/Dpkg/FAQ>
+ for VERSION in $VERSIONS
+ rm -f g++-4.7 gcc-4.7 cpp-4.7 gcc
+ ln -s clang++-8 g++-4.7
+ ln -s clang-8 gcc-4.7
+ ln -s clang-8 cpp-4.7
+ ln -s clang-8 gcc
+ echo 'gcc-4.7 hold'
+ dpkg --set-selections
dpkg: warning: package not in status nor available database at line 1: gcc-4.7
dpkg: warning: found unknown packages; this might mean the available database
is outdated, and needs to be updated through a frontend method;
please see the FAQ <https://wiki.debian.org/Teams/Dpkg/FAQ>
+ echo 'g++-4.7 hold'
+ dpkg --set-selections
dpkg: warning: package not in status nor available database at line 1: g++-4.7
dpkg: warning: found unknown packages; this might mean the available database
is outdated, and needs to be updated through a frontend method;
please see the FAQ <https://wiki.debian.org/Teams/Dpkg/FAQ>
+ for VERSION in $VERSIONS
+ rm -f g++-4.8 gcc-4.8 cpp-4.8 gcc
+ ln -s clang++-8 g++-4.8
+ ln -s clang-8 gcc-4.8
+ ln -s clang-8 cpp-4.8
+ ln -s clang-8 gcc
+ echo 'gcc-4.8 hold'
+ dpkg --set-selections
dpkg: warning: package not in status nor available database at line 1: gcc-4.8
dpkg: warning: found unknown packages; this might mean the available database
is outdated, and needs to be updated through a frontend method;
please see the FAQ <https://wiki.debian.org/Teams/Dpkg/FAQ>
+ echo 'g++-4.8 hold'
+ dpkg --set-selections
dpkg: warning: package not in status nor available database at line 1: g++-4.8
dpkg: warning: found unknown packages; this might mean the available database
is outdated, and needs to be updated through a frontend method;
please see the FAQ <https://wiki.debian.org/Teams/Dpkg/FAQ>
+ for VERSION in $VERSIONS
+ rm -f g++-4.9 gcc-4.9 cpp-4.9 gcc
+ ln -s clang++-8 g++-4.9
+ ln -s clang-8 gcc-4.9
+ ln -s clang-8 cpp-4.9
+ ln -s clang-8 gcc
+ echo 'gcc-4.9 hold'
+ dpkg --set-selections
dpkg: warning: package not in status nor available database at line 1: gcc-4.9
dpkg: warning: found unknown packages; this might mean the available database
is outdated, and needs to be updated through a frontend method;
please see the FAQ <https://wiki.debian.org/Teams/Dpkg/FAQ>
+ dpkg --set-selections
+ echo 'g++-4.9 hold'
dpkg: warning: package not in status nor available database at line 1: g++-4.9
dpkg: warning: found unknown packages; this might mean the available database
is outdated, and needs to be updated through a frontend method;
please see the FAQ <https://wiki.debian.org/Teams/Dpkg/FAQ>
+ for VERSION in $VERSIONS
+ rm -f g++-5 gcc-5 cpp-5 gcc
+ ln -s clang++-8 g++-5
+ ln -s clang-8 gcc-5
+ ln -s clang-8 cpp-5
+ ln -s clang-8 gcc
+ dpkg --set-selections
+ echo 'gcc-5 hold'
dpkg: warning: package not in status nor available database at line 1: gcc-5
dpkg: warning: found unknown packages; this might mean the available database
is outdated, and needs to be updated through a frontend method;
please see the FAQ <https://wiki.debian.org/Teams/Dpkg/FAQ>
+ echo 'g++-5 hold'
+ dpkg --set-selections
dpkg: warning: package not in status nor available database at line 1: g++-5
dpkg: warning: found unknown packages; this might mean the available database
is outdated, and needs to be updated through a frontend method;
please see the FAQ <https://wiki.debian.org/Teams/Dpkg/FAQ>
+ for VERSION in $VERSIONS
+ rm -f g++-6 gcc-6 cpp-6 gcc
+ ln -s clang++-8 g++-6
+ ln -s clang-8 gcc-6
+ ln -s clang-8 cpp-6
+ ln -s clang-8 gcc
+ dpkg --set-selections
+ echo 'gcc-6 hold'
dpkg: warning: package not in status nor available database at line 1: gcc-6
dpkg: warning: found unknown packages; this might mean the available database
is outdated, and needs to be updated through a frontend method;
please see the FAQ <https://wiki.debian.org/Teams/Dpkg/FAQ>
+ dpkg --set-selections
+ echo 'g++-6 hold'
dpkg: warning: package not in status nor available database at line 1: g++-6
dpkg: warning: found unknown packages; this might mean the available database
is outdated, and needs to be updated through a frontend method;
please see the FAQ <https://wiki.debian.org/Teams/Dpkg/FAQ>
+ for VERSION in $VERSIONS
+ rm -f g++-7 gcc-7 cpp-7 gcc
+ ln -s clang++-8 g++-7
+ ln -s clang-8 gcc-7
+ ln -s clang-8 cpp-7
+ ln -s clang-8 gcc
+ dpkg --set-selections
+ echo 'gcc-7 hold'
dpkg: warning: package not in status nor available database at line 1: gcc-7
dpkg: warning: found unknown packages; this might mean the available database
is outdated, and needs to be updated through a frontend method;
please see the FAQ <https://wiki.debian.org/Teams/Dpkg/FAQ>
+ dpkg --set-selections
+ echo 'g++-7 hold'
dpkg: warning: package not in status nor available database at line 1: g++-7
dpkg: warning: found unknown packages; this might mean the available database
is outdated, and needs to be updated through a frontend method;
please see the FAQ <https://wiki.debian.org/Teams/Dpkg/FAQ>
+ for VERSION in $VERSIONS
+ rm -f g++-8 gcc-8 cpp-8 gcc
+ ln -s clang++-8 g++-8
+ ln -s clang-8 gcc-8
+ ln -s clang-8 cpp-8
+ ln -s clang-8 gcc
+ echo 'gcc-8 hold'
+ dpkg --set-selections
dpkg: warning: package not in status nor available database at line 1: gcc-8
dpkg: warning: found unknown packages; this might mean the available database
is outdated, and needs to be updated through a frontend method;
please see the FAQ <https://wiki.debian.org/Teams/Dpkg/FAQ>
+ echo 'g++-8 hold'
+ dpkg --set-selections
dpkg: warning: package not in status nor available database at line 1: g++-8
dpkg: warning: found unknown packages; this might mean the available database
is outdated, and needs to be updated through a frontend method;
please see the FAQ <https://wiki.debian.org/Teams/Dpkg/FAQ>
+ for VERSION in $VERSIONS
+ rm -f g++-9 gcc-9 cpp-9 gcc
+ ln -s clang++-8 g++-9
+ ln -s clang-8 gcc-9
+ ln -s clang-8 cpp-9
+ ln -s clang-8 gcc
+ dpkg --set-selections
+ echo 'gcc-9 hold'
+ echo 'g++-9 hold'
+ dpkg --set-selections
+ for VERSION in $VERSIONS
+ rm -f g++-10 gcc-10 cpp-10 gcc
+ ln -s clang++-8 g++-10
+ ln -s clang-8 gcc-10
+ ln -s clang-8 cpp-10
+ ln -s clang-8 gcc
+ dpkg --set-selections
+ echo 'gcc-10 hold'
dpkg: warning: package not in status nor available database at line 1: gcc-10
dpkg: warning: found unknown packages; this might mean the available database
is outdated, and needs to be updated through a frontend method;
please see the FAQ <https://wiki.debian.org/Teams/Dpkg/FAQ>
+ echo 'g++-10 hold'
+ dpkg --set-selections
dpkg: warning: package not in status nor available database at line 1: g++-10
dpkg: warning: found unknown packages; this might mean the available database
is outdated, and needs to be updated through a frontend method;
please see the FAQ <https://wiki.debian.org/Teams/Dpkg/FAQ>
+ cd -
/build/libsass-python-maRT7J
+ echo 'Check if gcc, g++ & cpp are actually clang'
Check if gcc, g++ & cpp are actually clang
+ gcc --version
+ grep clang
+ cpp --version
+ grep clang
+ g++ --version
+ grep clang

I: Finished running '/tmp/clang8'.

Finished processing commands.
--------------------------------------------------------------------------------
I: NOTICE: Log filtering will replace 'build/libsass-python-maRT7J/resolver-wsWIYf' with '<<RESOLVERDIR>>'

+------------------------------------------------------------------------------+
| Update chroot                                                                |
+------------------------------------------------------------------------------+

Hit:1 http://127.0.0.1:12990/debian sid InRelease
Reading package lists...
Reading package lists...
Building dependency tree...
Reading state information...
Calculating upgrade...
The following packages will be upgraded:
  libgmp10
1 upgraded, 0 newly installed, 0 to remove and 0 not upgraded.
Need to get 253 kB of archives.
After this operation, 0 B of additional disk space will be used.
Get:1 http://127.0.0.1:12990/debian sid/main amd64 libgmp10 amd64 2:6.2.0+dfsg-4 [253 kB]
debconf: delaying package configuration, since apt-utils is not installed
Fetched 253 kB in 0s (14.6 MB/s)
(Reading database ... (Reading database ... 5%(Reading database ... 10%(Reading database ... 15%(Reading database ... 20%(Reading database ... 25%(Reading database ... 30%(Reading database ... 35%(Reading database ... 40%(Reading database ... 45%(Reading database ... 50%(Reading database ... 55%(Reading database ... 60%(Reading database ... 65%(Reading database ... 70%(Reading database ... 75%(Reading database ... 80%(Reading database ... 85%(Reading database ... 90%(Reading database ... 95%(Reading database ... 100%(Reading database ... 13887 files and directories currently installed.)
Preparing to unpack .../libgmp10_2%3a6.2.0+dfsg-4_amd64.deb ...
Unpacking libgmp10:amd64 (2:6.2.0+dfsg-4) over (2:6.2.0+dfsg-3) ...
Setting up libgmp10:amd64 (2:6.2.0+dfsg-4) ...
Processing triggers for libc-bin (2.29-10) ...

+------------------------------------------------------------------------------+
| Fetch source files                                                           |
+------------------------------------------------------------------------------+


Check APT
---------

Checking available source versions...

Download source files with APT
------------------------------

Reading package lists...
NOTICE: 'libsass-python' packaging is maintained in the 'Git' version control system at:
https://salsa.debian.org/debian/libsass-python.git
Please use:
git clone https://salsa.debian.org/debian/libsass-python.git
to retrieve the latest (possibly unreleased) updates to the package.
Need to get 53.7 kB of source archives.
Get:1 http://127.0.0.1:12990/debian sid/main libsass-python 0.18.0-1 (dsc) [2128 B]
Get:2 http://127.0.0.1:12990/debian sid/main libsass-python 0.18.0-1 (tar) [47.5 kB]
Get:3 http://127.0.0.1:12990/debian sid/main libsass-python 0.18.0-1 (diff) [3980 B]
Fetched 53.7 kB in 0s (202 kB/s)
Download complete and in download only mode
I: NOTICE: Log filtering will replace 'build/libsass-python-maRT7J/libsass-python-0.18.0' with '<<PKGBUILDDIR>>'
I: NOTICE: Log filtering will replace 'build/libsass-python-maRT7J' with '<<BUILDDIR>>'

+------------------------------------------------------------------------------+
| Install package build dependencies                                           |
+------------------------------------------------------------------------------+


Setup apt archive
-----------------

Merged Build-Depends: debhelper-compat (= 12), dh-python, python3-all-dev, python3-setuptools, python3-six, python3-sphinx, python3-werkzeug, python3-flake8, python3-pytest, libsass-dev (>= 3.5.5), build-essential, fakeroot
Filtered Build-Depends: debhelper-compat (= 12), dh-python, python3-all-dev, python3-setuptools, python3-six, python3-sphinx, python3-werkzeug, python3-flake8, python3-pytest, libsass-dev (>= 3.5.5), build-essential, fakeroot
dpkg-deb: building package 'sbuild-build-depends-main-dummy' in '/<<RESOLVERDIR>>/apt_archive/sbuild-build-depends-main-dummy.deb'.
Ign:1 copy:/<<RESOLVERDIR>>/apt_archive ./ InRelease
Get:2 copy:/<<RESOLVERDIR>>/apt_archive ./ Release [957 B]
Ign:3 copy:/<<RESOLVERDIR>>/apt_archive ./ Release.gpg
Get:4 copy:/<<RESOLVERDIR>>/apt_archive ./ Sources [438 B]
Get:5 copy:/<<RESOLVERDIR>>/apt_archive ./ Packages [519 B]
Fetched 1914 B in 0s (117 kB/s)
Reading package lists...
Reading package lists...

Install main build dependencies (apt-based resolver)
----------------------------------------------------

Installing build dependencies
Reading package lists...
Building dependency tree...
Reading state information...
The following additional packages will be installed:
  autoconf automake autopoint autotools-dev bsdmainutils ca-certificates
  debhelper dh-autoreconf dh-python dh-strip-nondeterminism docutils-common
  dwz file gettext gettext-base groff-base intltool-debian libarchive-zip-perl
  libcroco3 libdebhelper-perl libelf1 libexpat1 libexpat1-dev
  libfile-stripnondeterminism-perl libglib2.0-0 libicu63 libjs-jquery
  libjs-sphinxdoc libjs-underscore libmagic-mgc libmagic1 libmpdec2
  libpipeline1 libpython3-all-dev libpython3-dev libpython3-stdlib
  libpython3.7 libpython3.7-dev libpython3.7-minimal libpython3.7-stdlib
  libpython3.8 libpython3.8-dev libpython3.8-minimal libpython3.8-stdlib
  libreadline8 libsass-dev libsass1 libsigsegv2 libsqlite3-0 libssl1.1
  libsub-override-perl libtool libuchardet0 libxml2 m4 man-db mime-support
  openssl po-debconf python-babel-localedata python3 python3-alabaster
  python3-all python3-all-dev python3-atomicwrites python3-attr python3-babel
  python3-certifi python3-chardet python3-dev python3-distutils
  python3-docutils python3-entrypoints python3-flake8 python3-idna
  python3-imagesize python3-importlib-metadata python3-jinja2 python3-lib2to3
  python3-markupsafe python3-mccabe python3-minimal python3-more-itertools
  python3-packaging python3-pkg-resources python3-pluggy python3-py
  python3-pycodestyle python3-pyflakes python3-pygments python3-pyparsing
  python3-pytest python3-requests python3-roman python3-setuptools python3-six
  python3-sphinx python3-tz python3-urllib3 python3-wcwidth python3-werkzeug
  python3-zipp python3.7 python3.7-dev python3.7-minimal python3.8
  python3.8-dev python3.8-minimal readline-common sensible-utils sgml-base
  sphinx-common xml-core zlib1g-dev
Suggested packages:
  autoconf-archive gnu-standards autoconf-doc wamerican | wordlist whois
  vacation dh-make gettext-doc libasprintf-dev libgettextpo-dev groff
  libsass-doc libtool-doc gfortran | fortran95-compiler gcj-jdk m4-doc
  apparmor less www-browser libmail-box-perl python3-doc python3-tk
  python3-venv python-attr-doc docutils-doc fonts-linuxlibertine
  | ttf-linux-libertine texlive-lang-french texlive-latex-base
  texlive-latex-recommended python-jinja2-doc subversion python-pygments-doc
  ttf-bitstream-vera python-pyparsing-doc python3-cryptography python3-openssl
  python3-socks python-setuptools-doc dvipng imagemagick-6.q16 latexmk
  libjs-mathjax python3-sphinx-rtd-theme python3-stemmer sphinx-doc
  texlive-fonts-recommended texlive-latex-extra texlive-plain-generic ipython3
  python-werkzeug-doc python3-lxml python3-termcolor python3-watchdog
  python3.7-venv python3.7-doc binfmt-support python3.8-venv python3.8-doc
  readline-doc sgml-base-doc
Recommended packages:
  curl | wget | lynx libarchive-cpio-perl libglib2.0-data shared-mime-info
  xdg-user-dirs javascript-common libltdl-dev libmail-sendmail-perl
  libpaper-utils python3-pil pyflakes3 python3-openssl python3-pyinotify
The following NEW packages will be installed:
  autoconf automake autopoint autotools-dev bsdmainutils ca-certificates
  debhelper dh-autoreconf dh-python dh-strip-nondeterminism docutils-common
  dwz file gettext gettext-base groff-base intltool-debian libarchive-zip-perl
  libcroco3 libdebhelper-perl libelf1 libexpat1 libexpat1-dev
  libfile-stripnondeterminism-perl libglib2.0-0 libicu63 libjs-jquery
  libjs-sphinxdoc libjs-underscore libmagic-mgc libmagic1 libmpdec2
  libpipeline1 libpython3-all-dev libpython3-dev libpython3-stdlib
  libpython3.7 libpython3.7-dev libpython3.7-minimal libpython3.7-stdlib
  libpython3.8 libpython3.8-dev libpython3.8-minimal libpython3.8-stdlib
  libreadline8 libsass-dev libsass1 libsigsegv2 libsqlite3-0 libssl1.1
  libsub-override-perl libtool libuchardet0 libxml2 m4 man-db mime-support
  openssl po-debconf python-babel-localedata python3 python3-alabaster
  python3-all python3-all-dev python3-atomicwrites python3-attr python3-babel
  python3-certifi python3-chardet python3-dev python3-distutils
  python3-docutils python3-entrypoints python3-flake8 python3-idna
  python3-imagesize python3-importlib-metadata python3-jinja2 python3-lib2to3
  python3-markupsafe python3-mccabe python3-minimal python3-more-itertools
  python3-packaging python3-pkg-resources python3-pluggy python3-py
  python3-pycodestyle python3-pyflakes python3-pygments python3-pyparsing
  python3-pytest python3-requests python3-roman python3-setuptools python3-six
  python3-sphinx python3-tz python3-urllib3 python3-wcwidth python3-werkzeug
  python3-zipp python3.7 python3.7-dev python3.7-minimal python3.8
  python3.8-dev python3.8-minimal readline-common
  sbuild-build-depends-main-dummy sensible-utils sgml-base sphinx-common
  xml-core zlib1g-dev
0 upgraded, 115 newly installed, 0 to remove and 0 not upgraded.
Need to get 137 MB of archives.
After this operation, 355 MB of additional disk space will be used.
Get:1 copy:/<<RESOLVERDIR>>/apt_archive ./ sbuild-build-depends-main-dummy 0.invalid.0 [948 B]
Get:2 http://127.0.0.1:12990/debian sid/main amd64 bsdmainutils amd64 11.1.2+b1 [191 kB]
Get:3 http://127.0.0.1:12990/debian sid/main amd64 libuchardet0 amd64 0.0.6-3 [64.9 kB]
Get:4 http://127.0.0.1:12990/debian sid/main amd64 groff-base amd64 1.22.4-4 [919 kB]
Get:5 http://127.0.0.1:12990/debian sid/main amd64 libpipeline1 amd64 1.5.2-2 [33.9 kB]
Get:6 http://127.0.0.1:12990/debian sid/main amd64 man-db amd64 2.9.0-2 [1307 kB]
Get:7 http://127.0.0.1:12990/debian sid/main amd64 libssl1.1 amd64 1.1.1d-2 [1540 kB]
Get:8 http://127.0.0.1:12990/debian sid/main amd64 libpython3.7-minimal amd64 3.7.6-1+b1 [591 kB]
Get:9 http://127.0.0.1:12990/debian sid/main amd64 libexpat1 amd64 2.2.9-1 [94.3 kB]
Get:10 http://127.0.0.1:12990/debian sid/main amd64 python3.7-minimal amd64 3.7.6-1+b1 [1813 kB]
Get:11 http://127.0.0.1:12990/debian sid/main amd64 python3-minimal amd64 3.7.5-3 [36.8 kB]
Get:12 http://127.0.0.1:12990/debian sid/main amd64 mime-support all 3.64 [37.8 kB]
Get:13 http://127.0.0.1:12990/debian sid/main amd64 libmpdec2 amd64 2.4.2-2 [87.2 kB]
Get:14 http://127.0.0.1:12990/debian sid/main amd64 readline-common all 8.0-3 [72.5 kB]
Get:15 http://127.0.0.1:12990/debian sid/main amd64 libreadline8 amd64 8.0-3 [160 kB]
Get:16 http://127.0.0.1:12990/debian sid/main amd64 libsqlite3-0 amd64 3.31.1-3 [661 kB]
Get:17 http://127.0.0.1:12990/debian sid/main amd64 libpython3.7-stdlib amd64 3.7.6-1+b1 [1735 kB]
Get:18 http://127.0.0.1:12990/debian sid/main amd64 python3.7 amd64 3.7.6-1+b1 [351 kB]
Get:19 http://127.0.0.1:12990/debian sid/main amd64 libpython3-stdlib amd64 3.7.5-3 [20.2 kB]
Get:20 http://127.0.0.1:12990/debian sid/main amd64 python3 amd64 3.7.5-3 [62.1 kB]
Get:21 http://127.0.0.1:12990/debian sid/main amd64 libpython3.8-minimal amd64 3.8.2~rc2-2 [750 kB]
Get:22 http://127.0.0.1:12990/debian sid/main amd64 python3.8-minimal amd64 3.8.2~rc2-2 [1939 kB]
Get:23 http://127.0.0.1:12990/debian sid/main amd64 sgml-base all 1.29.1 [15.0 kB]
Get:24 http://127.0.0.1:12990/debian sid/main amd64 sensible-utils all 0.0.12+nmu1 [16.0 kB]
Get:25 http://127.0.0.1:12990/debian sid/main amd64 libmagic-mgc amd64 1:5.38-4 [262 kB]
Get:26 http://127.0.0.1:12990/debian sid/main amd64 libmagic1 amd64 1:5.38-4 [120 kB]
Get:27 http://127.0.0.1:12990/debian sid/main amd64 file amd64 1:5.38-4 [67.9 kB]
Get:28 http://127.0.0.1:12990/debian sid/main amd64 gettext-base amd64 0.19.8.1-10 [123 kB]
Get:29 http://127.0.0.1:12990/debian sid/main amd64 libsigsegv2 amd64 2.12-2 [32.8 kB]
Get:30 http://127.0.0.1:12990/debian sid/main amd64 m4 amd64 1.4.18-4 [203 kB]
Get:31 http://127.0.0.1:12990/debian sid/main amd64 autoconf all 2.69-11.1 [341 kB]
Get:32 http://127.0.0.1:12990/debian sid/main amd64 autotools-dev all 20180224.1 [77.0 kB]
Get:33 http://127.0.0.1:12990/debian sid/main amd64 automake all 1:1.16.1-4 [771 kB]
Get:34 http://127.0.0.1:12990/debian sid/main amd64 autopoint all 0.19.8.1-10 [435 kB]
Get:35 http://127.0.0.1:12990/debian sid/main amd64 openssl amd64 1.1.1d-2 [840 kB]
Get:36 http://127.0.0.1:12990/debian sid/main amd64 ca-certificates all 20190110 [157 kB]
Get:37 http://127.0.0.1:12990/debian sid/main amd64 libtool all 2.4.6-13 [513 kB]
Get:38 http://127.0.0.1:12990/debian sid/main amd64 dh-autoreconf all 19 [16.9 kB]
Get:39 http://127.0.0.1:12990/debian sid/main amd64 libdebhelper-perl all 12.9 [183 kB]
Get:40 http://127.0.0.1:12990/debian sid/main amd64 libarchive-zip-perl all 1.67-1 [104 kB]
Get:41 http://127.0.0.1:12990/debian sid/main amd64 libsub-override-perl all 0.09-2 [10.2 kB]
Get:42 http://127.0.0.1:12990/debian sid/main amd64 libfile-stripnondeterminism-perl all 1.6.3-2 [23.7 kB]
Get:43 http://127.0.0.1:12990/debian sid/main amd64 dh-strip-nondeterminism all 1.6.3-2 [14.7 kB]
Get:44 http://127.0.0.1:12990/debian sid/main amd64 libelf1 amd64 0.176-1.1 [161 kB]
Get:45 http://127.0.0.1:12990/debian sid/main amd64 dwz amd64 0.13-5 [151 kB]
Get:46 http://127.0.0.1:12990/debian sid/main amd64 libglib2.0-0 amd64 2.62.4-2 [1319 kB]
Get:47 http://127.0.0.1:12990/debian sid/main amd64 libicu63 amd64 63.2-2 [8301 kB]
Get:48 http://127.0.0.1:12990/debian sid/main amd64 libxml2 amd64 2.9.10+dfsg-3 [709 kB]
Get:49 http://127.0.0.1:12990/debian sid/main amd64 libcroco3 amd64 0.6.13-1 [146 kB]
Get:50 http://127.0.0.1:12990/debian sid/main amd64 gettext amd64 0.19.8.1-10 [1303 kB]
Get:51 http://127.0.0.1:12990/debian sid/main amd64 intltool-debian all 0.35.0+20060710.5 [26.8 kB]
Get:52 http://127.0.0.1:12990/debian sid/main amd64 po-debconf all 1.0.21 [248 kB]
Get:53 http://127.0.0.1:12990/debian sid/main amd64 debhelper all 12.9 [994 kB]
Get:54 http://127.0.0.1:12990/debian sid/main amd64 python3-lib2to3 all 3.8.0-1 [78.3 kB]
Get:55 http://127.0.0.1:12990/debian sid/main amd64 python3-distutils all 3.8.0-1 [145 kB]
Get:56 http://127.0.0.1:12990/debian sid/main amd64 dh-python all 4.20191017 [94.4 kB]
Get:57 http://127.0.0.1:12990/debian sid/main amd64 xml-core all 0.18+nmu1 [23.8 kB]
Get:58 http://127.0.0.1:12990/debian sid/main amd64 docutils-common all 0.16+dfsg-1 [129 kB]
Get:59 http://127.0.0.1:12990/debian sid/main amd64 libexpat1-dev amd64 2.2.9-1 [136 kB]
Get:60 http://127.0.0.1:12990/debian sid/main amd64 libjs-jquery all 3.3.1~dfsg-3 [332 kB]
Get:61 http://127.0.0.1:12990/debian sid/main amd64 libjs-underscore all 1.9.1~dfsg-1 [99.4 kB]
Get:62 http://127.0.0.1:12990/debian sid/main amd64 libjs-sphinxdoc all 1.8.5-5 [96.7 kB]
Get:63 http://127.0.0.1:12990/debian sid/main amd64 libpython3.7 amd64 3.7.6-1+b1 [1484 kB]
Get:64 http://127.0.0.1:12990/debian sid/main amd64 libpython3.7-dev amd64 3.7.6-1+b1 [41.4 MB]
Get:65 http://127.0.0.1:12990/debian sid/main amd64 libpython3-dev amd64 3.7.5-3 [20.3 kB]
Get:66 http://127.0.0.1:12990/debian sid/main amd64 libpython3.8-stdlib amd64 3.8.2~rc2-2 [1665 kB]
Get:67 http://127.0.0.1:12990/debian sid/main amd64 libpython3.8 amd64 3.8.2~rc2-2 [1619 kB]
Get:68 http://127.0.0.1:12990/debian sid/main amd64 libpython3.8-dev amd64 3.8.2~rc2-2 [47.3 MB]
Get:69 http://127.0.0.1:12990/debian sid/main amd64 libpython3-all-dev amd64 3.7.5-3 [1072 B]
Get:70 http://127.0.0.1:12990/debian sid/main amd64 libsass1 amd64 3.5.5-4 [772 kB]
Get:71 http://127.0.0.1:12990/debian sid/main amd64 libsass-dev amd64 3.5.5-4 [929 kB]
Get:72 http://127.0.0.1:12990/debian sid/main amd64 python-babel-localedata all 2.8.0+dfsg.1-2 [4399 kB]
Get:73 http://127.0.0.1:12990/debian sid/main amd64 python3-alabaster all 0.7.8-1 [18.4 kB]
Get:74 http://127.0.0.1:12990/debian sid/main amd64 python3.8 amd64 3.8.2~rc2-2 [409 kB]
Get:75 http://127.0.0.1:12990/debian sid/main amd64 python3-all amd64 3.7.5-3 [1060 B]
Get:76 http://127.0.0.1:12990/debian sid/main amd64 zlib1g-dev amd64 1:1.2.11.dfsg-1.2 [209 kB]
Get:77 http://127.0.0.1:12990/debian sid/main amd64 python3.7-dev amd64 3.7.6-1+b1 [518 kB]
Get:78 http://127.0.0.1:12990/debian sid/main amd64 python3-dev amd64 3.7.5-3 [1260 B]
Get:79 http://127.0.0.1:12990/debian sid/main amd64 python3.8-dev amd64 3.8.2~rc2-2 [515 kB]
Get:80 http://127.0.0.1:12990/debian sid/main amd64 python3-all-dev amd64 3.7.5-3 [1076 B]
Get:81 http://127.0.0.1:12990/debian sid/main amd64 python3-atomicwrites all 1.1.5-2 [6892 B]
Get:82 http://127.0.0.1:12990/debian sid/main amd64 python3-attr all 19.3.0-1 [43.1 kB]
Get:83 http://127.0.0.1:12990/debian sid/main amd64 python3-pkg-resources all 44.0.0-1 [155 kB]
Get:84 http://127.0.0.1:12990/debian sid/main amd64 python3-tz all 2019.3-1 [27.2 kB]
Get:85 http://127.0.0.1:12990/debian sid/main amd64 python3-babel all 2.8.0+dfsg.1-2 [99.8 kB]
Get:86 http://127.0.0.1:12990/debian sid/main amd64 python3-certifi all 2019.11.28-1 [149 kB]
Get:87 http://127.0.0.1:12990/debian sid/main amd64 python3-chardet all 3.0.4-4 [80.8 kB]
Get:88 http://127.0.0.1:12990/debian sid/main amd64 python3-roman all 2.0.0-3 [8768 B]
Get:89 http://127.0.0.1:12990/debian sid/main amd64 python3-docutils all 0.16+dfsg-1 [383 kB]
Get:90 http://127.0.0.1:12990/debian sid/main amd64 python3-entrypoints all 0.3-1 [5508 B]
Get:91 http://127.0.0.1:12990/debian sid/main amd64 python3-mccabe all 0.6.1-3 [9988 B]
Get:92 http://127.0.0.1:12990/debian sid/main amd64 python3-pyflakes all 2.1.1-2 [55.7 kB]
Get:93 http://127.0.0.1:12990/debian sid/main amd64 python3-setuptools all 44.0.0-1 [313 kB]
Get:94 http://127.0.0.1:12990/debian sid/main amd64 python3-pycodestyle all 2.5.0-2 [45.5 kB]
Get:95 http://127.0.0.1:12990/debian sid/main amd64 python3-flake8 all 3.7.9-2 [64.7 kB]
Get:96 http://127.0.0.1:12990/debian sid/main amd64 python3-idna all 2.6-2 [34.4 kB]
Get:97 http://127.0.0.1:12990/debian sid/main amd64 python3-imagesize all 1.2.0-1 [5764 B]
Get:98 http://127.0.0.1:12990/debian sid/main amd64 python3-six all 1.14.0-2 [16.7 kB]
Get:99 http://127.0.0.1:12990/debian sid/main amd64 python3-more-itertools all 4.2.0-1 [42.2 kB]
Get:100 http://127.0.0.1:12990/debian sid/main amd64 python3-zipp all 1.0.0-1 [5944 B]
Get:101 http://127.0.0.1:12990/debian sid/main amd64 python3-importlib-metadata all 1.5.0-1 [9956 B]
Get:102 http://127.0.0.1:12990/debian sid/main amd64 python3-markupsafe amd64 1.1.0-1+b2 [15.5 kB]
Get:103 http://127.0.0.1:12990/debian sid/main amd64 python3-jinja2 all 2.10.1-1 [107 kB]
Get:104 http://127.0.0.1:12990/debian sid/main amd64 python3-pyparsing all 2.4.6-1 [109 kB]
Get:105 http://127.0.0.1:12990/debian sid/main amd64 python3-packaging all 19.1-2 [23.9 kB]
Get:106 http://127.0.0.1:12990/debian sid/main amd64 python3-pluggy all 0.13.0-2 [21.9 kB]
Get:107 http://127.0.0.1:12990/debian sid/main amd64 python3-py all 1.8.1-1 [86.8 kB]
Get:108 http://127.0.0.1:12990/debian sid/main amd64 python3-pygments all 2.3.1+dfsg-1 [594 kB]
Get:109 http://127.0.0.1:12990/debian sid/main amd64 python3-wcwidth all 0.1.8+dfsg1-3 [17.4 kB]
Get:110 http://127.0.0.1:12990/debian sid/main amd64 python3-pytest all 4.6.9-1 [267 kB]
Get:111 http://127.0.0.1:12990/debian sid/main amd64 python3-urllib3 all 1.25.8-1 [104 kB]
Get:112 http://127.0.0.1:12990/debian sid/main amd64 python3-requests all 2.22.0-2 [67.0 kB]
Get:113 http://127.0.0.1:12990/debian sid/main amd64 sphinx-common all 1.8.5-5 [491 kB]
Get:114 http://127.0.0.1:12990/debian sid/main amd64 python3-sphinx all 1.8.5-5 [482 kB]
Get:115 http://127.0.0.1:12990/debian sid/main amd64 python3-werkzeug all 0.16.1+dfsg1-1 [210 kB]
debconf: delaying package configuration, since apt-utils is not installed
Fetched 137 MB in 2s (60.3 MB/s)
Selecting previously unselected package bsdmainutils.
(Reading database ... 13887 files and directories currently installed.)
Preparing to unpack .../0-bsdmainutils_11.1.2+b1_amd64.deb ...
Unpacking bsdmainutils (11.1.2+b1) ...
Selecting previously unselected package libuchardet0:amd64.
Preparing to unpack .../1-libuchardet0_0.0.6-3_amd64.deb ...
Unpacking libuchardet0:amd64 (0.0.6-3) ...
Selecting previously unselected package groff-base.
Preparing to unpack .../2-groff-base_1.22.4-4_amd64.deb ...
Unpacking groff-base (1.22.4-4) ...
Selecting previously unselected package libpipeline1:amd64.
Preparing to unpack .../3-libpipeline1_1.5.2-2_amd64.deb ...
Unpacking libpipeline1:amd64 (1.5.2-2) ...
Selecting previously unselected package man-db.
Preparing to unpack .../4-man-db_2.9.0-2_amd64.deb ...
Unpacking man-db (2.9.0-2) ...
Selecting previously unselected package libssl1.1:amd64.
Preparing to unpack .../5-libssl1.1_1.1.1d-2_amd64.deb ...
Unpacking libssl1.1:amd64 (1.1.1d-2) ...
Selecting previously unselected package libpython3.7-minimal:amd64.
Preparing to unpack .../6-libpython3.7-minimal_3.7.6-1+b1_amd64.deb ...
Unpacking libpython3.7-minimal:amd64 (3.7.6-1+b1) ...
Selecting previously unselected package libexpat1:amd64.
Preparing to unpack .../7-libexpat1_2.2.9-1_amd64.deb ...
Unpacking libexpat1:amd64 (2.2.9-1) ...
Selecting previously unselected package python3.7-minimal.
Preparing to unpack .../8-python3.7-minimal_3.7.6-1+b1_amd64.deb ...
Unpacking python3.7-minimal (3.7.6-1+b1) ...
Setting up libssl1.1:amd64 (1.1.1d-2) ...
Setting up libpython3.7-minimal:amd64 (3.7.6-1+b1) ...
Setting up libexpat1:amd64 (2.2.9-1) ...
Setting up python3.7-minimal (3.7.6-1+b1) ...
Selecting previously unselected package python3-minimal.
(Reading database ... 14796 files and directories currently installed.)
Preparing to unpack .../0-python3-minimal_3.7.5-3_amd64.deb ...
Unpacking python3-minimal (3.7.5-3) ...
Selecting previously unselected package mime-support.
Preparing to unpack .../1-mime-support_3.64_all.deb ...
Unpacking mime-support (3.64) ...
Selecting previously unselected package libmpdec2:amd64.
Preparing to unpack .../2-libmpdec2_2.4.2-2_amd64.deb ...
Unpacking libmpdec2:amd64 (2.4.2-2) ...
Selecting previously unselected package readline-common.
Preparing to unpack .../3-readline-common_8.0-3_all.deb ...
Unpacking readline-common (8.0-3) ...
Selecting previously unselected package libreadline8:amd64.
Preparing to unpack .../4-libreadline8_8.0-3_amd64.deb ...
Unpacking libreadline8:amd64 (8.0-3) ...
Selecting previously unselected package libsqlite3-0:amd64.
Preparing to unpack .../5-libsqlite3-0_3.31.1-3_amd64.deb ...
Unpacking libsqlite3-0:amd64 (3.31.1-3) ...
Selecting previously unselected package libpython3.7-stdlib:amd64.
Preparing to unpack .../6-libpython3.7-stdlib_3.7.6-1+b1_amd64.deb ...
Unpacking libpython3.7-stdlib:amd64 (3.7.6-1+b1) ...
Selecting previously unselected package python3.7.
Preparing to unpack .../7-python3.7_3.7.6-1+b1_amd64.deb ...
Unpacking python3.7 (3.7.6-1+b1) ...
Selecting previously unselected package libpython3-stdlib:amd64.
Preparing to unpack .../8-libpython3-stdlib_3.7.5-3_amd64.deb ...
Unpacking libpython3-stdlib:amd64 (3.7.5-3) ...
Setting up python3-minimal (3.7.5-3) ...
Selecting previously unselected package python3.
(Reading database ... 15267 files and directories currently installed.)
Preparing to unpack .../00-python3_3.7.5-3_amd64.deb ...
Unpacking python3 (3.7.5-3) ...
Selecting previously unselected package libpython3.8-minimal:amd64.
Preparing to unpack .../01-libpython3.8-minimal_3.8.2~rc2-2_amd64.deb ...
Unpacking libpython3.8-minimal:amd64 (3.8.2~rc2-2) ...
Selecting previously unselected package python3.8-minimal.
Preparing to unpack .../02-python3.8-minimal_3.8.2~rc2-2_amd64.deb ...
Unpacking python3.8-minimal (3.8.2~rc2-2) ...
Selecting previously unselected package sgml-base.
Preparing to unpack .../03-sgml-base_1.29.1_all.deb ...
Unpacking sgml-base (1.29.1) ...
Selecting previously unselected package sensible-utils.
Preparing to unpack .../04-sensible-utils_0.0.12+nmu1_all.deb ...
Unpacking sensible-utils (0.0.12+nmu1) ...
Selecting previously unselected package libmagic-mgc.
Preparing to unpack .../05-libmagic-mgc_1%3a5.38-4_amd64.deb ...
Unpacking libmagic-mgc (1:5.38-4) ...
Selecting previously unselected package libmagic1:amd64.
Preparing to unpack .../06-libmagic1_1%3a5.38-4_amd64.deb ...
Unpacking libmagic1:amd64 (1:5.38-4) ...
Selecting previously unselected package file.
Preparing to unpack .../07-file_1%3a5.38-4_amd64.deb ...
Unpacking file (1:5.38-4) ...
Selecting previously unselected package gettext-base.
Preparing to unpack .../08-gettext-base_0.19.8.1-10_amd64.deb ...
Unpacking gettext-base (0.19.8.1-10) ...
Selecting previously unselected package libsigsegv2:amd64.
Preparing to unpack .../09-libsigsegv2_2.12-2_amd64.deb ...
Unpacking libsigsegv2:amd64 (2.12-2) ...
Selecting previously unselected package m4.
Preparing to unpack .../10-m4_1.4.18-4_amd64.deb ...
Unpacking m4 (1.4.18-4) ...
Selecting previously unselected package autoconf.
Preparing to unpack .../11-autoconf_2.69-11.1_all.deb ...
Unpacking autoconf (2.69-11.1) ...
Selecting previously unselected package autotools-dev.
Preparing to unpack .../12-autotools-dev_20180224.1_all.deb ...
Unpacking autotools-dev (20180224.1) ...
Selecting previously unselected package automake.
Preparing to unpack .../13-automake_1%3a1.16.1-4_all.deb ...
Unpacking automake (1:1.16.1-4) ...
Selecting previously unselected package autopoint.
Preparing to unpack .../14-autopoint_0.19.8.1-10_all.deb ...
Unpacking autopoint (0.19.8.1-10) ...
Selecting previously unselected package openssl.
Preparing to unpack .../15-openssl_1.1.1d-2_amd64.deb ...
Unpacking openssl (1.1.1d-2) ...
Selecting previously unselected package ca-certificates.
Preparing to unpack .../16-ca-certificates_20190110_all.deb ...
Unpacking ca-certificates (20190110) ...
Selecting previously unselected package libtool.
Preparing to unpack .../17-libtool_2.4.6-13_all.deb ...
Unpacking libtool (2.4.6-13) ...
Selecting previously unselected package dh-autoreconf.
Preparing to unpack .../18-dh-autoreconf_19_all.deb ...
Unpacking dh-autoreconf (19) ...
Selecting previously unselected package libdebhelper-perl.
Preparing to unpack .../19-libdebhelper-perl_12.9_all.deb ...
Unpacking libdebhelper-perl (12.9) ...
Selecting previously unselected package libarchive-zip-perl.
Preparing to unpack .../20-libarchive-zip-perl_1.67-1_all.deb ...
Unpacking libarchive-zip-perl (1.67-1) ...
Selecting previously unselected package libsub-override-perl.
Preparing to unpack .../21-libsub-override-perl_0.09-2_all.deb ...
Unpacking libsub-override-perl (0.09-2) ...
Selecting previously unselected package libfile-stripnondeterminism-perl.
Preparing to unpack .../22-libfile-stripnondeterminism-perl_1.6.3-2_all.deb ...
Unpacking libfile-stripnondeterminism-perl (1.6.3-2) ...
Selecting previously unselected package dh-strip-nondeterminism.
Preparing to unpack .../23-dh-strip-nondeterminism_1.6.3-2_all.deb ...
Unpacking dh-strip-nondeterminism (1.6.3-2) ...
Selecting previously unselected package libelf1:amd64.
Preparing to unpack .../24-libelf1_0.176-1.1_amd64.deb ...
Unpacking libelf1:amd64 (0.176-1.1) ...
Selecting previously unselected package dwz.
Preparing to unpack .../25-dwz_0.13-5_amd64.deb ...
Unpacking dwz (0.13-5) ...
Selecting previously unselected package libglib2.0-0:amd64.
Preparing to unpack .../26-libglib2.0-0_2.62.4-2_amd64.deb ...
Unpacking libglib2.0-0:amd64 (2.62.4-2) ...
Selecting previously unselected package libicu63:amd64.
Preparing to unpack .../27-libicu63_63.2-2_amd64.deb ...
Unpacking libicu63:amd64 (63.2-2) ...
Selecting previously unselected package libxml2:amd64.
Preparing to unpack .../28-libxml2_2.9.10+dfsg-3_amd64.deb ...
Unpacking libxml2:amd64 (2.9.10+dfsg-3) ...
Selecting previously unselected package libcroco3:amd64.
Preparing to unpack .../29-libcroco3_0.6.13-1_amd64.deb ...
Unpacking libcroco3:amd64 (0.6.13-1) ...
Selecting previously unselected package gettext.
Preparing to unpack .../30-gettext_0.19.8.1-10_amd64.deb ...
Unpacking gettext (0.19.8.1-10) ...
Selecting previously unselected package intltool-debian.
Preparing to unpack .../31-intltool-debian_0.35.0+20060710.5_all.deb ...
Unpacking intltool-debian (0.35.0+20060710.5) ...
Selecting previously unselected package po-debconf.
Preparing to unpack .../32-po-debconf_1.0.21_all.deb ...
Unpacking po-debconf (1.0.21) ...
Selecting previously unselected package debhelper.
Preparing to unpack .../33-debhelper_12.9_all.deb ...
Unpacking debhelper (12.9) ...
Selecting previously unselected package python3-lib2to3.
Preparing to unpack .../34-python3-lib2to3_3.8.0-1_all.deb ...
Unpacking python3-lib2to3 (3.8.0-1) ...
Selecting previously unselected package python3-distutils.
Preparing to unpack .../35-python3-distutils_3.8.0-1_all.deb ...
Unpacking python3-distutils (3.8.0-1) ...
Selecting previously unselected package dh-python.
Preparing to unpack .../36-dh-python_4.20191017_all.deb ...
Unpacking dh-python (4.20191017) ...
Selecting previously unselected package xml-core.
Preparing to unpack .../37-xml-core_0.18+nmu1_all.deb ...
Unpacking xml-core (0.18+nmu1) ...
Selecting previously unselected package docutils-common.
Preparing to unpack .../38-docutils-common_0.16+dfsg-1_all.deb ...
Unpacking docutils-common (0.16+dfsg-1) ...
Selecting previously unselected package libexpat1-dev:amd64.
Preparing to unpack .../39-libexpat1-dev_2.2.9-1_amd64.deb ...
Unpacking libexpat1-dev:amd64 (2.2.9-1) ...
Selecting previously unselected package libjs-jquery.
Preparing to unpack .../40-libjs-jquery_3.3.1~dfsg-3_all.deb ...
Unpacking libjs-jquery (3.3.1~dfsg-3) ...
Selecting previously unselected package libjs-underscore.
Preparing to unpack .../41-libjs-underscore_1.9.1~dfsg-1_all.deb ...
Unpacking libjs-underscore (1.9.1~dfsg-1) ...
Selecting previously unselected package libjs-sphinxdoc.
Preparing to unpack .../42-libjs-sphinxdoc_1.8.5-5_all.deb ...
Unpacking libjs-sphinxdoc (1.8.5-5) ...
Selecting previously unselected package libpython3.7:amd64.
Preparing to unpack .../43-libpython3.7_3.7.6-1+b1_amd64.deb ...
Unpacking libpython3.7:amd64 (3.7.6-1+b1) ...
Selecting previously unselected package libpython3.7-dev:amd64.
Preparing to unpack .../44-libpython3.7-dev_3.7.6-1+b1_amd64.deb ...
Unpacking libpython3.7-dev:amd64 (3.7.6-1+b1) ...
Selecting previously unselected package libpython3-dev:amd64.
Preparing to unpack .../45-libpython3-dev_3.7.5-3_amd64.deb ...
Unpacking libpython3-dev:amd64 (3.7.5-3) ...
Selecting previously unselected package libpython3.8-stdlib:amd64.
Preparing to unpack .../46-libpython3.8-stdlib_3.8.2~rc2-2_amd64.deb ...
Unpacking libpython3.8-stdlib:amd64 (3.8.2~rc2-2) ...
Selecting previously unselected package libpython3.8:amd64.
Preparing to unpack .../47-libpython3.8_3.8.2~rc2-2_amd64.deb ...
Unpacking libpython3.8:amd64 (3.8.2~rc2-2) ...
Selecting previously unselected package libpython3.8-dev:amd64.
Preparing to unpack .../48-libpython3.8-dev_3.8.2~rc2-2_amd64.deb ...
Unpacking libpython3.8-dev:amd64 (3.8.2~rc2-2) ...
Selecting previously unselected package libpython3-all-dev:amd64.
Preparing to unpack .../49-libpython3-all-dev_3.7.5-3_amd64.deb ...
Unpacking libpython3-all-dev:amd64 (3.7.5-3) ...
Selecting previously unselected package libsass1:amd64.
Preparing to unpack .../50-libsass1_3.5.5-4_amd64.deb ...
Unpacking libsass1:amd64 (3.5.5-4) ...
Selecting previously unselected package libsass-dev:amd64.
Preparing to unpack .../51-libsass-dev_3.5.5-4_amd64.deb ...
Unpacking libsass-dev:amd64 (3.5.5-4) ...
Selecting previously unselected package python-babel-localedata.
Preparing to unpack .../52-python-babel-localedata_2.8.0+dfsg.1-2_all.deb ...
Unpacking python-babel-localedata (2.8.0+dfsg.1-2) ...
Selecting previously unselected package python3-alabaster.
Preparing to unpack .../53-python3-alabaster_0.7.8-1_all.deb ...
Unpacking python3-alabaster (0.7.8-1) ...
Selecting previously unselected package python3.8.
Preparing to unpack .../54-python3.8_3.8.2~rc2-2_amd64.deb ...
Unpacking python3.8 (3.8.2~rc2-2) ...
Selecting previously unselected package python3-all.
Preparing to unpack .../55-python3-all_3.7.5-3_amd64.deb ...
Unpacking python3-all (3.7.5-3) ...
Selecting previously unselected package zlib1g-dev:amd64.
Preparing to unpack .../56-zlib1g-dev_1%3a1.2.11.dfsg-1.2_amd64.deb ...
Unpacking zlib1g-dev:amd64 (1:1.2.11.dfsg-1.2) ...
Selecting previously unselected package python3.7-dev.
Preparing to unpack .../57-python3.7-dev_3.7.6-1+b1_amd64.deb ...
Unpacking python3.7-dev (3.7.6-1+b1) ...
Selecting previously unselected package python3-dev.
Preparing to unpack .../58-python3-dev_3.7.5-3_amd64.deb ...
Unpacking python3-dev (3.7.5-3) ...
Selecting previously unselected package python3.8-dev.
Preparing to unpack .../59-python3.8-dev_3.8.2~rc2-2_amd64.deb ...
Unpacking python3.8-dev (3.8.2~rc2-2) ...
Selecting previously unselected package python3-all-dev.
Preparing to unpack .../60-python3-all-dev_3.7.5-3_amd64.deb ...
Unpacking python3-all-dev (3.7.5-3) ...
Selecting previously unselected package python3-atomicwrites.
Preparing to unpack .../61-python3-atomicwrites_1.1.5-2_all.deb ...
Unpacking python3-atomicwrites (1.1.5-2) ...
Selecting previously unselected package python3-attr.
Preparing to unpack .../62-python3-attr_19.3.0-1_all.deb ...
Unpacking python3-attr (19.3.0-1) ...
Selecting previously unselected package python3-pkg-resources.
Preparing to unpack .../63-python3-pkg-resources_44.0.0-1_all.deb ...
Unpacking python3-pkg-resources (44.0.0-1) ...
Selecting previously unselected package python3-tz.
Preparing to unpack .../64-python3-tz_2019.3-1_all.deb ...
Unpacking python3-tz (2019.3-1) ...
Selecting previously unselected package python3-babel.
Preparing to unpack .../65-python3-babel_2.8.0+dfsg.1-2_all.deb ...
Unpacking python3-babel (2.8.0+dfsg.1-2) ...
Selecting previously unselected package python3-certifi.
Preparing to unpack .../66-python3-certifi_2019.11.28-1_all.deb ...
Unpacking python3-certifi (2019.11.28-1) ...
Selecting previously unselected package python3-chardet.
Preparing to unpack .../67-python3-chardet_3.0.4-4_all.deb ...
Unpacking python3-chardet (3.0.4-4) ...
Selecting previously unselected package python3-roman.
Preparing to unpack .../68-python3-roman_2.0.0-3_all.deb ...
Unpacking python3-roman (2.0.0-3) ...
Selecting previously unselected package python3-docutils.
Preparing to unpack .../69-python3-docutils_0.16+dfsg-1_all.deb ...
Unpacking python3-docutils (0.16+dfsg-1) ...
Selecting previously unselected package python3-entrypoints.
Preparing to unpack .../70-python3-entrypoints_0.3-1_all.deb ...
Unpacking python3-entrypoints (0.3-1) ...
Selecting previously unselected package python3-mccabe.
Preparing to unpack .../71-python3-mccabe_0.6.1-3_all.deb ...
Unpacking python3-mccabe (0.6.1-3) ...
Selecting previously unselected package python3-pyflakes.
Preparing to unpack .../72-python3-pyflakes_2.1.1-2_all.deb ...
Unpacking python3-pyflakes (2.1.1-2) ...
Selecting previously unselected package python3-setuptools.
Preparing to unpack .../73-python3-setuptools_44.0.0-1_all.deb ...
Unpacking python3-setuptools (44.0.0-1) ...
Selecting previously unselected package python3-pycodestyle.
Preparing to unpack .../74-python3-pycodestyle_2.5.0-2_all.deb ...
Unpacking python3-pycodestyle (2.5.0-2) ...
Selecting previously unselected package python3-flake8.
Preparing to unpack .../75-python3-flake8_3.7.9-2_all.deb ...
Unpacking python3-flake8 (3.7.9-2) ...
Selecting previously unselected package python3-idna.
Preparing to unpack .../76-python3-idna_2.6-2_all.deb ...
Unpacking python3-idna (2.6-2) ...
Selecting previously unselected package python3-imagesize.
Preparing to unpack .../77-python3-imagesize_1.2.0-1_all.deb ...
Unpacking python3-imagesize (1.2.0-1) ...
Selecting previously unselected package python3-six.
Preparing to unpack .../78-python3-six_1.14.0-2_all.deb ...
Unpacking python3-six (1.14.0-2) ...
Selecting previously unselected package python3-more-itertools.
Preparing to unpack .../79-python3-more-itertools_4.2.0-1_all.deb ...
Unpacking python3-more-itertools (4.2.0-1) ...
Selecting previously unselected package python3-zipp.
Preparing to unpack .../80-python3-zipp_1.0.0-1_all.deb ...
Unpacking python3-zipp (1.0.0-1) ...
Selecting previously unselected package python3-importlib-metadata.
Preparing to unpack .../81-python3-importlib-metadata_1.5.0-1_all.deb ...
Unpacking python3-importlib-metadata (1.5.0-1) ...
Selecting previously unselected package python3-markupsafe.
Preparing to unpack .../82-python3-markupsafe_1.1.0-1+b2_amd64.deb ...
Unpacking python3-markupsafe (1.1.0-1+b2) ...
Selecting previously unselected package python3-jinja2.
Preparing to unpack .../83-python3-jinja2_2.10.1-1_all.deb ...
Unpacking python3-jinja2 (2.10.1-1) ...
Selecting previously unselected package python3-pyparsing.
Preparing to unpack .../84-python3-pyparsing_2.4.6-1_all.deb ...
Unpacking python3-pyparsing (2.4.6-1) ...
Selecting previously unselected package python3-packaging.
Preparing to unpack .../85-python3-packaging_19.1-2_all.deb ...
Unpacking python3-packaging (19.1-2) ...
Selecting previously unselected package python3-pluggy.
Preparing to unpack .../86-python3-pluggy_0.13.0-2_all.deb ...
Unpacking python3-pluggy (0.13.0-2) ...
Selecting previously unselected package python3-py.
Preparing to unpack .../87-python3-py_1.8.1-1_all.deb ...
Unpacking python3-py (1.8.1-1) ...
Selecting previously unselected package python3-pygments.
Preparing to unpack .../88-python3-pygments_2.3.1+dfsg-1_all.deb ...
Unpacking python3-pygments (2.3.1+dfsg-1) ...
Selecting previously unselected package python3-wcwidth.
Preparing to unpack .../89-python3-wcwidth_0.1.8+dfsg1-3_all.deb ...
Unpacking python3-wcwidth (0.1.8+dfsg1-3) ...
Selecting previously unselected package python3-pytest.
Preparing to unpack .../90-python3-pytest_4.6.9-1_all.deb ...
Unpacking python3-pytest (4.6.9-1) ...
Selecting previously unselected package python3-urllib3.
Preparing to unpack .../91-python3-urllib3_1.25.8-1_all.deb ...
Unpacking python3-urllib3 (1.25.8-1) ...
Selecting previously unselected package python3-requests.
Preparing to unpack .../92-python3-requests_2.22.0-2_all.deb ...
Unpacking python3-requests (2.22.0-2) ...
Selecting previously unselected package sphinx-common.
Preparing to unpack .../93-sphinx-common_1.8.5-5_all.deb ...
Unpacking sphinx-common (1.8.5-5) ...
Selecting previously unselected package python3-sphinx.
Preparing to unpack .../94-python3-sphinx_1.8.5-5_all.deb ...
Unpacking python3-sphinx (1.8.5-5) ...
Selecting previously unselected package python3-werkzeug.
Preparing to unpack .../95-python3-werkzeug_0.16.1+dfsg1-1_all.deb ...
Unpacking python3-werkzeug (0.16.1+dfsg1-1) ...
Selecting previously unselected package sbuild-build-depends-main-dummy.
Preparing to unpack .../96-sbuild-build-depends-main-dummy_0.invalid.0_amd64.deb ...
Unpacking sbuild-build-depends-main-dummy (0.invalid.0) ...
Setting up libpipeline1:amd64 (1.5.2-2) ...
Setting up libpython3.8-minimal:amd64 (3.8.2~rc2-2) ...
Setting up mime-support (3.64) ...
Setting up libsass1:amd64 (3.5.5-4) ...
Setting up libmagic-mgc (1:5.38-4) ...
Setting up libarchive-zip-perl (1.67-1) ...
Setting up libglib2.0-0:amd64 (2.62.4-2) ...
No schema files found: doing nothing.
Setting up libdebhelper-perl (12.9) ...
Setting up libsqlite3-0:amd64 (3.31.1-3) ...
Setting up libmagic1:amd64 (1:5.38-4) ...
Setting up gettext-base (0.19.8.1-10) ...
Setting up file (1:5.38-4) ...
Setting up libicu63:amd64 (63.2-2) ...
Setting up python-babel-localedata (2.8.0+dfsg.1-2) ...
Setting up autotools-dev (20180224.1) ...
Setting up libexpat1-dev:amd64 (2.2.9-1) ...
Setting up libsigsegv2:amd64 (2.12-2) ...
Setting up bsdmainutils (11.1.2+b1) ...
update-alternatives: using /usr/bin/bsd-write to provide /usr/bin/write (write) in auto mode
update-alternatives: using /usr/bin/bsd-from to provide /usr/bin/from (from) in auto mode
Setting up autopoint (0.19.8.1-10) ...
Setting up zlib1g-dev:amd64 (1:1.2.11.dfsg-1.2) ...
Setting up python3.8-minimal (3.8.2~rc2-2) ...
Setting up sensible-utils (0.0.12+nmu1) ...
Setting up libuchardet0:amd64 (0.0.6-3) ...
Setting up libsub-override-perl (0.09-2) ...
Setting up sgml-base (1.29.1) ...
Setting up libmpdec2:amd64 (2.4.2-2) ...
Setting up libjs-jquery (3.3.1~dfsg-3) ...
Setting up openssl (1.1.1d-2) ...
Setting up libelf1:amd64 (0.176-1.1) ...
Setting up readline-common (8.0-3) ...
Setting up libxml2:amd64 (2.9.10+dfsg-3) ...
Setting up libjs-underscore (1.9.1~dfsg-1) ...
Setting up libfile-stripnondeterminism-perl (1.6.3-2) ...
Setting up libsass-dev:amd64 (3.5.5-4) ...
Setting up libtool (2.4.6-13) ...
Setting up libreadline8:amd64 (8.0-3) ...
Setting up m4 (1.4.18-4) ...
Setting up ca-certificates (20190110) ...
Updating certificates in /etc/ssl/certs...
128 added, 0 removed; done.
Setting up libcroco3:amd64 (0.6.13-1) ...
Setting up libjs-sphinxdoc (1.8.5-5) ...
Setting up autoconf (2.69-11.1) ...
Setting up dh-strip-nondeterminism (1.6.3-2) ...
Setting up dwz (0.13-5) ...
Setting up groff-base (1.22.4-4) ...
Setting up xml-core (0.18+nmu1) ...
Setting up libpython3.8-stdlib:amd64 (3.8.2~rc2-2) ...
Setting up python3.8 (3.8.2~rc2-2) ...
Setting up automake (1:1.16.1-4) ...
update-alternatives: using /usr/bin/automake-1.16 to provide /usr/bin/automake (automake) in auto mode
Setting up libpython3.7-stdlib:amd64 (3.7.6-1+b1) ...
Setting up gettext (0.19.8.1-10) ...
Setting up libpython3.7:amd64 (3.7.6-1+b1) ...
Setting up libpython3.7-dev:amd64 (3.7.6-1+b1) ...
Setting up man-db (2.9.0-2) ...
Not building database; man-db/auto-update is not 'true'.
Setting up intltool-debian (0.35.0+20060710.5) ...
Setting up libpython3.8:amd64 (3.8.2~rc2-2) ...
Setting up sphinx-common (1.8.5-5) ...
Setting up libpython3-stdlib:amd64 (3.7.5-3) ...
Setting up python3.7 (3.7.6-1+b1) ...
Setting up libpython3-dev:amd64 (3.7.5-3) ...
Setting up po-debconf (1.0.21) ...
Setting up python3 (3.7.5-3) ...
Setting up python3-markupsafe (1.1.0-1+b2) ...
Setting up python3.7-dev (3.7.6-1+b1) ...
Setting up python3-tz (2019.3-1) ...
Setting up python3-atomicwrites (1.1.5-2) ...
Setting up python3-six (1.14.0-2) ...
Setting up python3-roman (2.0.0-3) ...
Setting up python3-pycodestyle (2.5.0-2) ...
Setting up python3-jinja2 (2.10.1-1) ...
Setting up python3-pygments (2.3.1+dfsg-1) ...
Setting up python3-wcwidth (0.1.8+dfsg1-3) ...
Setting up python3-pyparsing (2.4.6-1) ...
Setting up python3-certifi (2019.11.28-1) ...
Setting up libpython3.8-dev:amd64 (3.8.2~rc2-2) ...
Setting up python3-werkzeug (0.16.1+dfsg1-1) ...
Setting up libpython3-all-dev:amd64 (3.7.5-3) ...
Setting up python3-idna (2.6-2) ...
Setting up python3-urllib3 (1.25.8-1) ...
Setting up python3.8-dev (3.8.2~rc2-2) ...
Setting up python3-mccabe (0.6.1-3) ...
Setting up python3-lib2to3 (3.8.0-1) ...
Setting up python3-imagesize (1.2.0-1) ...
Setting up python3-pkg-resources (44.0.0-1) ...
Setting up python3-entrypoints (0.3-1) ...
Setting up python3-distutils (3.8.0-1) ...
Setting up dh-python (4.20191017) ...
Setting up python3-more-itertools (4.2.0-1) ...
Setting up python3-attr (19.3.0-1) ...
Setting up python3-setuptools (44.0.0-1) ...
Setting up python3-py (1.8.1-1) ...
Setting up python3-babel (2.8.0+dfsg.1-2) ...
update-alternatives: using /usr/bin/pybabel-python3 to provide /usr/bin/pybabel (pybabel) in auto mode
Setting up python3-alabaster (0.7.8-1) ...
Setting up python3-pyflakes (2.1.1-2) ...
Setting up python3-all (3.7.5-3) ...
Setting up python3-zipp (1.0.0-1) ...
Setting up python3-flake8 (3.7.9-2) ...
Setting up python3-packaging (19.1-2) ...
Setting up python3-chardet (3.0.4-4) ...
Setting up python3-dev (3.7.5-3) ...
Setting up python3-requests (2.22.0-2) ...
Setting up python3-all-dev (3.7.5-3) ...
Setting up python3-importlib-metadata (1.5.0-1) ...
Setting up python3-pluggy (0.13.0-2) ...
Setting up python3-pytest (4.6.9-1) ...
Setting up dh-autoreconf (19) ...
Setting up debhelper (12.9) ...
Processing triggers for libc-bin (2.29-10) ...
Processing triggers for sgml-base (1.29.1) ...
Setting up docutils-common (0.16+dfsg-1) ...
Processing triggers for sgml-base (1.29.1) ...
Setting up python3-docutils (0.16+dfsg-1) ...
update-alternatives: using /usr/share/docutils/scripts/python3/rst-buildhtml to provide /usr/bin/rst-buildhtml (rst-buildhtml) in auto mode
update-alternatives: using /usr/share/docutils/scripts/python3/rst2html to provide /usr/bin/rst2html (rst2html) in auto mode
update-alternatives: using /usr/share/docutils/scripts/python3/rst2html4 to provide /usr/bin/rst2html4 (rst2html4) in auto mode
update-alternatives: using /usr/share/docutils/scripts/python3/rst2html5 to provide /usr/bin/rst2html5 (rst2html5) in auto mode
update-alternatives: using /usr/share/docutils/scripts/python3/rst2latex to provide /usr/bin/rst2latex (rst2latex) in auto mode
update-alternatives: using /usr/share/docutils/scripts/python3/rst2man to provide /usr/bin/rst2man (rst2man) in auto mode
update-alternatives: using /usr/share/docutils/scripts/python3/rst2odt to provide /usr/bin/rst2odt (rst2odt) in auto mode
update-alternatives: using /usr/share/docutils/scripts/python3/rst2odt_prepstyles to provide /usr/bin/rst2odt_prepstyles (rst2odt_prepstyles) in auto mode
update-alternatives: using /usr/share/docutils/scripts/python3/rst2pseudoxml to provide /usr/bin/rst2pseudoxml (rst2pseudoxml) in auto mode
update-alternatives: using /usr/share/docutils/scripts/python3/rst2s5 to provide /usr/bin/rst2s5 (rst2s5) in auto mode
update-alternatives: using /usr/share/docutils/scripts/python3/rst2xetex to provide /usr/bin/rst2xetex (rst2xetex) in auto mode
update-alternatives: using /usr/share/docutils/scripts/python3/rst2xml to provide /usr/bin/rst2xml (rst2xml) in auto mode
update-alternatives: using /usr/share/docutils/scripts/python3/rstpep2html to provide /usr/bin/rstpep2html (rstpep2html) in auto mode
Setting up python3-sphinx (1.8.5-5) ...
update-alternatives: using /usr/share/sphinx/scripts/python3/sphinx-apidoc to provide /usr/bin/sphinx-apidoc (sphinx-apidoc) in auto mode
update-alternatives: using /usr/share/sphinx/scripts/python3/sphinx-autogen to provide /usr/bin/sphinx-autogen (sphinx-autogen) in auto mode
update-alternatives: using /usr/share/sphinx/scripts/python3/sphinx-build to provide /usr/bin/sphinx-build (sphinx-build) in auto mode
update-alternatives: using /usr/share/sphinx/scripts/python3/sphinx-quickstart to provide /usr/bin/sphinx-quickstart (sphinx-quickstart) in auto mode
Setting up sbuild-build-depends-main-dummy (0.invalid.0) ...
Processing triggers for ca-certificates (20190110) ...
Updating certificates in /etc/ssl/certs...
0 added, 0 removed; done.
Running hooks in /etc/ca-certificates/update.d...
done.

+------------------------------------------------------------------------------+
| Check architectures                                                          |
+------------------------------------------------------------------------------+

Arch check ok (amd64 included in any all)

+------------------------------------------------------------------------------+
| Build environment                                                            |
+------------------------------------------------------------------------------+

Kernel: Linux 4.19.0-6-cloud-amd64 #1 SMP Debian 4.19.67-2+deb10u2 (2019-11-11) amd64 (x86_64)
Toolchain package versions: binutils_2.34-3 dpkg-dev_1.19.7 g++-9_9.2.1-29 gcc-9_9.2.1-29 libc6-dev_2.29-10 libstdc++-8-dev_8.3.0-29 libstdc++-9-dev_9.2.1-29 libstdc++6_10-20200222-1 linux-libc-dev_5.4.19-1
Package versions: adduser_3.118 apt_1.8.4 autoconf_2.69-11.1 automake_1:1.16.1-4 autopoint_0.19.8.1-10 autotools-dev_20180224.1 base-files_11 base-passwd_3.5.47 bash_5.0-5 binutils_2.34-3 binutils-common_2.34-3 binutils-x86-64-linux-gnu_2.34-3 bsdmainutils_11.1.2+b1 bsdutils_1:2.34-0.1 build-essential_12.8 bzip2_1.0.8-2 ca-certificates_20190110 clang-8_1:8.0.1-7 coreutils_8.30-3+b1 cpp_4:9.2.1-3.1 cpp-9_9.2.1-29 dash_0.5.10.2-6 debconf_1.5.73 debhelper_12.9 debian-archive-keyring_2019.1 debianutils_4.9.1 dh-autoreconf_19 dh-python_4.20191017 dh-strip-nondeterminism_1.6.3-2 diffutils_1:3.7-3 docutils-common_0.16+dfsg-1 dpkg_1.19.7 dpkg-dev_1.19.7 dwz_0.13-5 e2fsprogs_1.45.5-2 fakeroot_1.24-1 fdisk_2.34-0.1 file_1:5.38-4 findutils_4.7.0-1 g++_4:9.2.1-3.1 g++-9_9.2.1-29 gcc_4:9.2.1-3.1 gcc-10-base_10-20200222-1 gcc-8-base_8.3.0-29 gcc-9_9.2.1-29 gcc-9-base_9.2.1-29 gettext_0.19.8.1-10 gettext-base_0.19.8.1-10 gpgv_2.2.19-1 grep_3.4-1 groff-base_1.22.4-4 gzip_1.9-3+b1 hostname_3.23 init-system-helpers_1.57 intltool-debian_0.35.0+20060710.5 lib32gcc-s1_10-20200222-1 lib32gcc1_1:10-20200222-1 lib32stdc++6_10-20200222-1 libacl1_2.2.53-5 libapt-pkg5.0_1.8.4 libarchive-zip-perl_1.67-1 libasan5_9.2.1-29 libatomic1_10-20200222-1 libattr1_1:2.4.48-5 libaudit-common_1:2.8.5-2 libaudit1_1:2.8.5-2+b1 libbinutils_2.34-3 libblkid1_2.34-0.1 libbsd0_0.10.0-1 libbz2-1.0_1.0.8-2 libc-bin_2.29-10 libc-dev-bin_2.29-10 libc6_2.29-10 libc6-dev_2.29-10 libc6-i386_2.29-10 libcap-ng0_0.7.9-2.1+b1 libcc1-0_10-20200222-1 libclang-common-8-dev_1:8.0.1-7 libclang1-8_1:8.0.1-7 libcom-err2_1.45.5-2 libcroco3_0.6.13-1 libcrypt-dev_1:4.4.10-10 libcrypt1_1:4.4.10-10 libctf-nobfd0_2.34-3 libctf0_2.34-3 libdb5.3_5.3.28+dfsg1-0.6 libdebconfclient0_0.251 libdebhelper-perl_12.9 libdpkg-perl_1.19.7 libedit2_3.1-20191231-1 libelf1_0.176-1.1 libexpat1_2.2.9-1 libexpat1-dev_2.2.9-1 libext2fs2_1.45.5-2 libfakeroot_1.24-1 libfdisk1_2.34-0.1 libffi7_3.3-3 libfile-stripnondeterminism-perl_1.6.3-2 libgc1c2_1:7.6.4-0.4 libgcc-8-dev_8.3.0-29 libgcc-9-dev_9.2.1-29 libgcc-s1_10-20200222-1 libgcc1_1:10-20200222-1 libgcrypt20_1.8.5-5 libgdbm-compat4_1.18.1-5 libgdbm6_1.18.1-5 libglib2.0-0_2.62.4-2 libgmp10_2:6.2.0+dfsg-4 libgnutls30_3.6.12-2 libgomp1_10-20200222-1 libgpg-error0_1.37-1 libhogweed5_3.5.1+really3.5.1-2 libicu63_63.2-2 libidn2-0_2.2.0-2 libisl22_0.22.1-1 libitm1_10-20200222-1 libjs-jquery_3.3.1~dfsg-3 libjs-sphinxdoc_1.8.5-5 libjs-underscore_1.9.1~dfsg-1 libllvm8_1:8.0.1-7 liblsan0_10-20200222-1 liblz4-1_1.9.2-2 liblzma5_5.2.4-1+b1 libmagic-mgc_1:5.38-4 libmagic1_1:5.38-4 libmount1_2.34-0.1 libmpc3_1.1.0-1 libmpdec2_2.4.2-2 libmpfr6_4.0.2-1 libmpx2_8.3.0-29 libncursesw6_6.1+20191019-1 libnettle7_3.5.1+really3.5.1-2 libobjc-8-dev_8.3.0-29 libobjc-9-dev_9.2.1-29 libobjc4_10-20200222-1 libomp-8-dev_1:8.0.1-7 libomp5-8_1:8.0.1-7 libp11-kit0_0.23.20-1 libpam-modules_1.3.1-5 libpam-modules-bin_1.3.1-5 libpam-runtime_1.3.1-5 libpam0g_1.3.1-5 libpcre2-8-0_10.34-7 libpcre3_2:8.39-12+b1 libperl5.30_5.30.0-9 libpipeline1_1.5.2-2 libpython3-all-dev_3.7.5-3 libpython3-dev_3.7.5-3 libpython3-stdlib_3.7.5-3 libpython3.7_3.7.6-1+b1 libpython3.7-dev_3.7.6-1+b1 libpython3.7-minimal_3.7.6-1+b1 libpython3.7-stdlib_3.7.6-1+b1 libpython3.8_3.8.2~rc2-2 libpython3.8-dev_3.8.2~rc2-2 libpython3.8-minimal_3.8.2~rc2-2 libpython3.8-stdlib_3.8.2~rc2-2 libquadmath0_10-20200222-1 libreadline8_8.0-3 libsass-dev_3.5.5-4 libsass1_3.5.5-4 libseccomp2_2.4.2-2 libselinux1_3.0-1+b1 libsemanage-common_3.0-1 libsemanage1_3.0-1+b1 libsepol1_3.0-1 libsigsegv2_2.12-2 libsmartcols1_2.34-0.1 libsqlite3-0_3.31.1-3 libss2_1.45.5-2 libssl1.1_1.1.1d-2 libstdc++-8-dev_8.3.0-29 libstdc++-9-dev_9.2.1-29 libstdc++6_10-20200222-1 libsub-override-perl_0.09-2 libsystemd0_244.3-1 libtasn1-6_4.16.0-2 libtinfo6_6.1+20191019-1 libtool_2.4.6-13 libtsan0_10-20200222-1 libubsan1_10-20200222-1 libuchardet0_0.0.6-3 libudev1_244.3-1 libunistring2_0.9.10-2 libuuid1_2.34-0.1 libxml2_2.9.10+dfsg-3 libzstd1_1.4.4+dfsg-3 linux-libc-dev_5.4.19-1 login_1:4.8.1-1 logsave_1.45.5-2 lsb-base_11.1.0 m4_1.4.18-4 make_4.2.1-1.2 man-db_2.9.0-2 mawk_1.3.4.20200120-2 mime-support_3.64 mount_2.34-0.1 ncurses-base_6.1+20191019-1 ncurses-bin_6.1+20191019-1 openssl_1.1.1d-2 passwd_1:4.8.1-1 patch_2.7.6-6 perl_5.30.0-9 perl-base_5.30.0-9 perl-modules-5.30_5.30.0-9 po-debconf_1.0.21 python-babel-localedata_2.8.0+dfsg.1-2 python3_3.7.5-3 python3-alabaster_0.7.8-1 python3-all_3.7.5-3 python3-all-dev_3.7.5-3 python3-atomicwrites_1.1.5-2 python3-attr_19.3.0-1 python3-babel_2.8.0+dfsg.1-2 python3-certifi_2019.11.28-1 python3-chardet_3.0.4-4 python3-dev_3.7.5-3 python3-distutils_3.8.0-1 python3-docutils_0.16+dfsg-1 python3-entrypoints_0.3-1 python3-flake8_3.7.9-2 python3-idna_2.6-2 python3-imagesize_1.2.0-1 python3-importlib-metadata_1.5.0-1 python3-jinja2_2.10.1-1 python3-lib2to3_3.8.0-1 python3-markupsafe_1.1.0-1+b2 python3-mccabe_0.6.1-3 python3-minimal_3.7.5-3 python3-more-itertools_4.2.0-1 python3-packaging_19.1-2 python3-pkg-resources_44.0.0-1 python3-pluggy_0.13.0-2 python3-py_1.8.1-1 python3-pycodestyle_2.5.0-2 python3-pyflakes_2.1.1-2 python3-pygments_2.3.1+dfsg-1 python3-pyparsing_2.4.6-1 python3-pytest_4.6.9-1 python3-requests_2.22.0-2 python3-roman_2.0.0-3 python3-setuptools_44.0.0-1 python3-six_1.14.0-2 python3-sphinx_1.8.5-5 python3-tz_2019.3-1 python3-urllib3_1.25.8-1 python3-wcwidth_0.1.8+dfsg1-3 python3-werkzeug_0.16.1+dfsg1-1 python3-zipp_1.0.0-1 python3.7_3.7.6-1+b1 python3.7-dev_3.7.6-1+b1 python3.7-minimal_3.7.6-1+b1 python3.8_3.8.2~rc2-2 python3.8-dev_3.8.2~rc2-2 python3.8-minimal_3.8.2~rc2-2 readline-common_8.0-3 sbuild-build-depends-main-dummy_0.invalid.0 sed_4.7-1 sensible-utils_0.0.12+nmu1 sgml-base_1.29.1 sphinx-common_1.8.5-5 sysvinit-utils_2.96-2.1 tar_1.30+dfsg-6+b1 tzdata_2019c-3 util-linux_2.34-0.1 xml-core_0.18+nmu1 xz-utils_5.2.4-1+b1 zlib1g_1:1.2.11.dfsg-1.2 zlib1g-dev_1:1.2.11.dfsg-1.2

+------------------------------------------------------------------------------+
| Build                                                                        |
+------------------------------------------------------------------------------+


Unpack source
-------------

-----BEGIN PGP SIGNED MESSAGE-----
Hash: SHA512

Format: 3.0 (quilt)
Source: libsass-python
Binary: python3-libsass, pysassc
Architecture: any all
Version: 0.18.0-1
Maintainer: Frdric Bonnard <frediz@debian.org>
Homepage: https://hongminhee.org/libsass-python/
Standards-Version: 4.3.0
Vcs-Browser: https://salsa.debian.org/debian/libsass-python
Vcs-Git: https://salsa.debian.org/debian/libsass-python.git
Build-Depends: debhelper-compat (= 12), dh-python, python3-all-dev, python3-setuptools, python3-six, python3-sphinx, python3-werkzeug, python3-flake8, python3-pytest, libsass-dev (>= 3.5.5)
Package-List:
 pysassc deb web optional arch=all
 python3-libsass deb python optional arch=any
Checksums-Sha1:
 8c82513a34c82e93d2d307588f752ccb2b3764e6 47548 libsass-python_0.18.0.orig.tar.xz
 f0b9a5104ec8721cd26cf4312ee31876a60ce9f5 3980 libsass-python_0.18.0-1.debian.tar.xz
Checksums-Sha256:
 d61192ce750cb3a07d52a406be5fbaecfaad1bfbbe4e73adc3c5b302e874f77d 47548 libsass-python_0.18.0.orig.tar.xz
 ad3f6d6bdb21239528c197a3895e69821242ef31b28ae2c6f682e2667a021ec6 3980 libsass-python_0.18.0-1.debian.tar.xz
Files:
 3606457efa051c65d1e23c9a42da5582 47548 libsass-python_0.18.0.orig.tar.xz
 7190e7067a5f55536a38048e4eafab0a 3980 libsass-python_0.18.0-1.debian.tar.xz

-----BEGIN PGP SIGNATURE-----

iQJGBAEBCgAwFiEEh9vVdWFVIC7DiF6Ta3SY/LmzWKwFAl4oMs4SHGZyZWRpekBk
ZWJpYW4ub3JnAAoJEGt0mPy5s1ispcoQAJH7MZpUdKt3dAxPwicekktNJMaDuTZI
0QxYgDi2KmMg03OOpghWX/9hS4UWqPhBsJt6drgFd47lq3igw/8Ki5+xGohMHtu1
7BzaHRy/aaUXM7z7kPLXfMAs5MJb4KzQbgOZ4X6mFleG5qtFFrtAHFsi6fT8s2Lt
h0+UXCOkzz9b5yjc0uIkGnoHjHnir+tv/4YyrDkMjpFt1htgiM+XFvthtPvJttSw
x3/lhHIKHyMRgRlXcZ0V787LBKbkUJZyhWoFerAx2qgcM5a7yE3E47lfauBseoR9
rEKZHZ7oI9Kd431eVt41bnYWuuzTwAxUL/kvgmqfRZcIHSNJ+jneAZ6d8IkgLxSN
/4z6Q9yg76rjGpPFDEQd+MFbe1U7fJoeg/GMEHSOLlfDyF5EP+5qxUHbHf/B+40O
in7Ta4JZCzPF1dwKwk8QfWf0BdESMj+xwVxICVLsJODjX6usnYv9Yi08adB2QcTP
tiRLv63B3f58D4nHzsepITcC5d7zWQqFvh0nuqQ6COAPFwfEKtokFwlvOM/ZaAqg
P8k7OhpWDo6Iub4+XIMfiP/JlDgTOu7YGI2d5IMlh8pIQaTJ1XVs0F0Ki3o7kONG
sU/WEEQdXsbRVwOL/Gd2NAC88fRhjwlacWqVABB5TGVCekl1+eOCjaW0mDIvwmzU
PNqLuCWB10GN
=nvjR
-----END PGP SIGNATURE-----

gpgv: unknown type of key resource 'trustedkeys.kbx'
gpgv: keyblock resource '/sbuild-nonexistent/.gnupg/trustedkeys.kbx': General error
gpgv: Signature made Wed Jan 22 11:32:30 2020 UTC
gpgv:                using RSA key 87DBD5756155202EC3885E936B7498FCB9B358AC
gpgv:                issuer "frediz@debian.org"
gpgv: Can't check signature: No public key
dpkg-source: warning: failed to verify signature on ./libsass-python_0.18.0-1.dsc
dpkg-source: info: extracting libsass-python in /<<PKGBUILDDIR>>
dpkg-source: info: unpacking libsass-python_0.18.0.orig.tar.xz
dpkg-source: info: unpacking libsass-python_0.18.0-1.debian.tar.xz
dpkg-source: info: using patch list from debian/patches/series
dpkg-source: info: applying pysassc-man.patch

Check disk space
----------------

Sufficient free space for build

User Environment
----------------

APT_CONFIG=/var/lib/sbuild/apt.conf
HOME=/sbuild-nonexistent
LANG=C.UTF-8
LC_ALL=C.UTF-8
LOGNAME=user42
PATH=/usr/local/sbin:/usr/local/bin:/usr/sbin:/usr/bin:/sbin:/bin:/usr/games
SCHROOT_ALIAS_NAME=unstable
SCHROOT_CHROOT_NAME=sid-amd64-sbuild
SCHROOT_COMMAND=env
SCHROOT_GID=1001
SCHROOT_GROUP=user42
SCHROOT_SESSION_ID=sid-amd64-sbuild-8f9492f3-8f70-4d3f-88b5-a574d638d9d6
SCHROOT_UID=1001
SCHROOT_USER=user42
SHELL=/bin/sh
USER=user42

dpkg-buildpackage
-----------------

Command: dpkg-buildpackage -us -uc -b -rfakeroot
dpkg-buildpackage: info: source package libsass-python
dpkg-buildpackage: info: source version 0.18.0-1
dpkg-buildpackage: info: source distribution unstable
dpkg-buildpackage: info: source changed by Frdric Bonnard <frediz@debian.org>
 dpkg-source --before-build .
dpkg-buildpackage: info: host architecture amd64
 debian/rules clean
dpkg-query -f '\n' -W libsass-dev|sed 's/-.*//' > .libsass-upstream-version
dh clean --with python3 --buildsystem=pybuild
   debian/rules override_dh_auto_clean
make[1]: Entering directory '/<<PKGBUILDDIR>>'
dh_auto_clean -O--buildsystem=pybuild
	pybuild --clean --test-pytest -i python{version} -p "3.8 3.7"
I: pybuild base:217: python3.8 setup.py clean 
running clean
removing '/<<PKGBUILDDIR>>/.pybuild/cpython3_3.8/build' (and everything under it)
'build/bdist.linux-amd64' does not exist -- can't clean it
'build/scripts-3.8' does not exist -- can't clean it
I: pybuild base:217: python3.7 setup.py clean 
running clean
removing '/<<PKGBUILDDIR>>/.pybuild/cpython3_3.7/build' (and everything under it)
'build/bdist.linux-amd64' does not exist -- can't clean it
'build/scripts-3.7' does not exist -- can't clean it
	rm -rf .pybuild/
	find . -name \*.pyc -exec rm {} \;
rm -fr libsass.egg-info .libsass-upstream-version
make[1]: Leaving directory '/<<PKGBUILDDIR>>'
   dh_autoreconf_clean -O--buildsystem=pybuild
   dh_clean -O--buildsystem=pybuild
	rm -f debian/debhelper-build-stamp
	rm -rf debian/.debhelper/
	rm -f -- debian/python3-libsass.substvars debian/pysassc.substvars debian/files
	rm -fr -- debian/python3-libsass/ debian/tmp/ debian/pysassc/
	find .  \( \( \
		\( -path .\*/.git -o -path .\*/.svn -o -path .\*/.bzr -o -path .\*/.hg -o -path .\*/CVS -o -path .\*/.pc -o -path .\*/_darcs \) -prune -o -type f -a \
	        \( -name '#*#' -o -name '.*~' -o -name '*~' -o -name DEADJOE \
		 -o -name '*.orig' -o -name '*.rej' -o -name '*.bak' \
		 -o -name '.*.orig' -o -name .*.rej -o -name '.SUMS' \
		 -o -name TAGS -o \( -path '*/.deps/*' -a -name '*.P' \) \
		\) -exec rm -f {} + \) -o \
		\( -type d -a -name autom4te.cache -prune -exec rm -rf {} + \) \)
 debian/rules binary
dpkg-query -f '\n' -W libsass-dev|sed 's/-.*//' > .libsass-upstream-version
dh binary --with python3 --buildsystem=pybuild
   dh_update_autotools_config -O--buildsystem=pybuild
   dh_autoreconf -O--buildsystem=pybuild
   dh_auto_configure -O--buildsystem=pybuild
	pybuild --configure --test-pytest -i python{version} -p "3.8 3.7"
I: pybuild base:217: python3.8 setup.py config 
running config
I: pybuild base:217: python3.7 setup.py config 
running config
   debian/rules override_dh_auto_build
make[1]: Entering directory '/<<PKGBUILDDIR>>'
py3versions: no X-Python3-Version in control file, using supported versions
pybuild --build -p "3.8 3.7"
I: pybuild base:217: /usr/bin/python3.8 setup.py build 
running build
running build_py
copying pysassc.py -> /<<PKGBUILDDIR>>/.pybuild/cpython3_3.8/build
copying sass.py -> /<<PKGBUILDDIR>>/.pybuild/cpython3_3.8/build
copying sassc.py -> /<<PKGBUILDDIR>>/.pybuild/cpython3_3.8/build
copying sasstests.py -> /<<PKGBUILDDIR>>/.pybuild/cpython3_3.8/build
creating /<<PKGBUILDDIR>>/.pybuild/cpython3_3.8/build/sassutils
copying sassutils/__init__.py -> /<<PKGBUILDDIR>>/.pybuild/cpython3_3.8/build/sassutils
copying sassutils/_compat.py -> /<<PKGBUILDDIR>>/.pybuild/cpython3_3.8/build/sassutils
copying sassutils/wsgi.py -> /<<PKGBUILDDIR>>/.pybuild/cpython3_3.8/build/sassutils
copying sassutils/distutils.py -> /<<PKGBUILDDIR>>/.pybuild/cpython3_3.8/build/sassutils
copying sassutils/builder.py -> /<<PKGBUILDDIR>>/.pybuild/cpython3_3.8/build/sassutils
running build_ext
building '_sass' extension
creating build
creating build/temp.linux-amd64-3.8
x86_64-linux-gnu-gcc -pthread -Wno-unused-result -Wsign-compare -DNDEBUG -g -fwrapv -O2 -Wall -g -fstack-protector-strong -Wformat -Werror=format-security -g -fwrapv -O2 -g -O2 -fdebug-prefix-map=/<<PKGBUILDDIR>>=. -fstack-protector-strong -Wformat -Werror=format-security -Wdate-time -D_FORTIFY_SOURCE=2 -fPIC -I/usr/include/python3.8 -c pysass.cpp -o build/temp.linux-amd64-3.8/pysass.o -fPIC -std=gnu++0x -Wall -Wno-parentheses -Werror=switch
pysass.cpp:520:36: warning: unused variable 'source_map_file' [-Wunused-variable]
    char *string, *include_paths, *source_map_file;
                                   ^
pysass.cpp:524:48: warning: unused variable 'source_map_file_urls' [-Wunused-variable]
        source_map_embed, source_map_contents, source_map_file_urls,
                                               ^
pysass.cpp:584:30: warning: unused variable 'source_map_file_urls' [-Wunused-variable]
        source_map_contents, source_map_file_urls, omit_source_map_url;
                             ^
3 warnings generated.
x86_64-linux-gnu-g++ -pthread -shared -Wl,-O1 -Wl,-Bsymbolic-functions -Wl,-z,relro -g -fwrapv -O2 -Wl,-z,relro -Wl,-z,now -g -O2 -fdebug-prefix-map=/<<PKGBUILDDIR>>=. -fstack-protector-strong -Wformat -Werror=format-security -Wdate-time -D_FORTIFY_SOURCE=2 build/temp.linux-amd64-3.8/pysass.o -lsass -o /<<PKGBUILDDIR>>/.pybuild/cpython3_3.8/build/_sass.cpython-38-x86_64-linux-gnu.so -fPIC -lstdc++
I: pybuild base:217: /usr/bin/python3 setup.py build 
running build
running build_py
copying pysassc.py -> /<<PKGBUILDDIR>>/.pybuild/cpython3_3.7/build
copying sass.py -> /<<PKGBUILDDIR>>/.pybuild/cpython3_3.7/build
copying sassc.py -> /<<PKGBUILDDIR>>/.pybuild/cpython3_3.7/build
copying sasstests.py -> /<<PKGBUILDDIR>>/.pybuild/cpython3_3.7/build
creating /<<PKGBUILDDIR>>/.pybuild/cpython3_3.7/build/sassutils
copying sassutils/__init__.py -> /<<PKGBUILDDIR>>/.pybuild/cpython3_3.7/build/sassutils
copying sassutils/_compat.py -> /<<PKGBUILDDIR>>/.pybuild/cpython3_3.7/build/sassutils
copying sassutils/wsgi.py -> /<<PKGBUILDDIR>>/.pybuild/cpython3_3.7/build/sassutils
copying sassutils/distutils.py -> /<<PKGBUILDDIR>>/.pybuild/cpython3_3.7/build/sassutils
copying sassutils/builder.py -> /<<PKGBUILDDIR>>/.pybuild/cpython3_3.7/build/sassutils
running build_ext
building '_sass' extension
creating build/temp.linux-amd64-3.7
x86_64-linux-gnu-gcc -pthread -Wno-unused-result -Wsign-compare -DNDEBUG -g -fwrapv -O2 -Wall -g -fstack-protector-strong -Wformat -Werror=format-security -g -fwrapv -O2 -g -O2 -fdebug-prefix-map=/<<PKGBUILDDIR>>=. -fstack-protector-strong -Wformat -Werror=format-security -Wdate-time -D_FORTIFY_SOURCE=2 -fPIC -I/usr/include/python3.7m -c pysass.cpp -o build/temp.linux-amd64-3.7/pysass.o -fPIC -std=gnu++0x -Wall -Wno-parentheses -Werror=switch
pysass.cpp:520:36: warning: unused variable 'source_map_file' [-Wunused-variable]
    char *string, *include_paths, *source_map_file;
                                   ^
pysass.cpp:524:48: warning: unused variable 'source_map_file_urls' [-Wunused-variable]
        source_map_embed, source_map_contents, source_map_file_urls,
                                               ^
pysass.cpp:584:30: warning: unused variable 'source_map_file_urls' [-Wunused-variable]
        source_map_contents, source_map_file_urls, omit_source_map_url;
                             ^
3 warnings generated.
x86_64-linux-gnu-g++ -pthread -shared -Wl,-O1 -Wl,-Bsymbolic-functions -Wl,-z,relro -Wl,-z,relro -Wl,-z,now -g -O2 -fdebug-prefix-map=/<<PKGBUILDDIR>>=. -fstack-protector-strong -Wformat -Werror=format-security -Wdate-time -D_FORTIFY_SOURCE=2 build/temp.linux-amd64-3.7/pysass.o -lsass -o /<<PKGBUILDDIR>>/.pybuild/cpython3_3.7/build/_sass.cpython-37m-x86_64-linux-gnu.so -fPIC -lstdc++
# build doc once
pybuild -s custom --build -p 3.7 \
	--build-args="env PYTHONPATH={build_dir} python3 -m sphinx -N -bman docs/ build/man"
I: pybuild base:217: env PYTHONPATH=/<<PKGBUILDDIR>>/.pybuild/cpython3_3.7/build python3 -m sphinx -N -bman docs/ build/man
Running Sphinx v1.8.5
making output directory...
loading intersphinx inventory from https://docs.python.org/objects.inv...
WARNING: failed to reach any of the inventories with the following issues:
intersphinx inventory 'https://docs.python.org/objects.inv' not fetchable due to <class 'requests.exceptions.ProxyError'>: HTTPSConnectionPool(host='docs.python.org', port=443): Max retries exceeded with url: /objects.inv (Caused by ProxyError('Cannot connect to proxy.', NewConnectionError('<urllib3.connection.VerifiedHTTPSConnection object at 0x7fb5f78f7610>: Failed to establish a new connection: [Errno 111] Connection refused')))
loading intersphinx inventory from https://setuptools.readthedocs.io/en/latest/objects.inv...
WARNING: failed to reach any of the inventories with the following issues:
intersphinx inventory 'https://setuptools.readthedocs.io/en/latest/objects.inv' not fetchable due to <class 'requests.exceptions.ProxyError'>: HTTPSConnectionPool(host='setuptools.readthedocs.io', port=443): Max retries exceeded with url: /en/latest/objects.inv (Caused by ProxyError('Cannot connect to proxy.', NewConnectionError('<urllib3.connection.VerifiedHTTPSConnection object at 0x7fb5f78a6490>: Failed to establish a new connection: [Errno 111] Connection refused')))
loading intersphinx inventory from http://flask.pocoo.org/docs/objects.inv...
WARNING: failed to reach any of the inventories with the following issues:
intersphinx inventory 'http://flask.pocoo.org/docs/objects.inv' not fetchable due to <class 'requests.exceptions.ProxyError'>: HTTPConnectionPool(host='127.0.0.1', port=9): Max retries exceeded with url: http://flask.pocoo.org/docs/objects.inv (Caused by ProxyError('Cannot connect to proxy.', NewConnectionError('<urllib3.connection.HTTPConnection object at 0x7fb5f78ecf10>: Failed to establish a new connection: [Errno 111] Connection refused')))
building [mo]: targets for 0 po files that are out of date
building [man]: all manpages
updating environment: 9 added, 0 changed, 0 removed
reading sources... [ 11%] changes
reading sources... [ 22%] frameworks/flask
reading sources... [ 33%] index
reading sources... [ 44%] pysassc
reading sources... [ 55%] sass
reading sources... [ 66%] sassutils
reading sources... [ 77%] sassutils/builder
reading sources... [ 88%] sassutils/distutils
reading sources... [100%] sassutils/wsgi

/<<PKGBUILDDIR>>/sass.py:docstring of sass.compile:147: WARNING: Unexpected indentation.
/<<PKGBUILDDIR>>/sass.py:docstring of sass.compile:180: WARNING: Unexpected indentation.
looking for now-outdated files... none found
pickling environment... done
checking consistency... done
writing... libsass.1 { frameworks/flask changes pysassc sass sassutils sassutils/builder sassutils/distutils sassutils/wsgi } /<<PKGBUILDDIR>>/docs/frameworks/flask.rst:76: WARNING: undefined label: flask:app-dispatch (if the link has no caption the label must precede a section header)
/<<PKGBUILDDIR>>/docs/frameworks/flask.rst:125: WARNING: undefined label: flask:distribute-deployment (if the link has no caption the label must precede a section header)
/<<PKGBUILDDIR>>/docs/changes.rst:498: WARNING: unknown option: sassc -p
/<<PKGBUILDDIR>>/docs/changes.rst:498: WARNING: unknown option: sassc --precision
/<<PKGBUILDDIR>>/docs/changes.rst:645: WARNING: unknown option: sassc -w
/<<PKGBUILDDIR>>/docs/changes.rst:645: WARNING: unknown option: sassc --watch
/<<PKGBUILDDIR>>/docs/changes.rst:649: WARNING: unknown option: sassc -m
/<<PKGBUILDDIR>>/docs/changes.rst:649: WARNING: unknown option: sassc -g
/<<PKGBUILDDIR>>/docs/changes.rst:649: WARNING: unknown option: sassc --sourcemap
/<<PKGBUILDDIR>>/sass.py:docstring of sass.compile:162: WARNING: unknown keyword: def
/<<PKGBUILDDIR>>/sass.py:docstring of sass.compile:162: WARNING: unknown keyword: lambda
/<<PKGBUILDDIR>>/sass.py:docstring of sass.compile:180: WARNING: unknown keyword: def
pysassc.1 { } 
build succeeded, 17 warnings.

The manual pages are in build/man.
make[1]: Leaving directory '/<<PKGBUILDDIR>>'
   debian/rules override_dh_auto_test
make[1]: Entering directory '/<<PKGBUILDDIR>>'
py3versions: no X-Python3-Version in control file, using supported versions
pybuild -s custom --test -p "3.8 3.7" \
	--test-args="cp -fr test testpkg {build_dir}/; \
	{interpreter} setup.py bdist_egg --dist-dir {build_dir}/testpkg/.eggs; \
	cd {build_dir}; {interpreter} -m unittest sasstests"
I: pybuild base:217: cp -fr test testpkg /<<PKGBUILDDIR>>/.pybuild/cpython3_3.8/build/; 	python3.8 setup.py bdist_egg --dist-dir /<<PKGBUILDDIR>>/.pybuild/cpython3_3.8/build/testpkg/.eggs; 	cd /<<PKGBUILDDIR>>/.pybuild/cpython3_3.8/build; python3.8 -m unittest sasstests
running bdist_egg
running egg_info
creating libsass.egg-info
writing libsass.egg-info/PKG-INFO
writing dependency_links to libsass.egg-info/dependency_links.txt
writing entry points to libsass.egg-info/entry_points.txt
writing requirements to libsass.egg-info/requires.txt
writing top-level names to libsass.egg-info/top_level.txt
writing manifest file 'libsass.egg-info/SOURCES.txt'
reading manifest file 'libsass.egg-info/SOURCES.txt'
reading manifest template 'MANIFEST.in'
warning: no files found matching '*.c' under directory 'libsass'
warning: no files found matching '*.cpp' under directory 'libsass'
warning: no files found matching '*.h' under directory 'libsass'
warning: no files found matching '*.hpp' under directory 'libsass'
warning: no files found matching 'libsass/Makefile'
writing manifest file 'libsass.egg-info/SOURCES.txt'
installing library code to build/bdist.linux-amd64/egg
running install_lib
running build_py
creating build/lib.linux-amd64-3.8
copying pysassc.py -> build/lib.linux-amd64-3.8
copying sass.py -> build/lib.linux-amd64-3.8
copying sassc.py -> build/lib.linux-amd64-3.8
copying sasstests.py -> build/lib.linux-amd64-3.8
creating build/lib.linux-amd64-3.8/sassutils
copying sassutils/__init__.py -> build/lib.linux-amd64-3.8/sassutils
copying sassutils/_compat.py -> build/lib.linux-amd64-3.8/sassutils
copying sassutils/wsgi.py -> build/lib.linux-amd64-3.8/sassutils
copying sassutils/distutils.py -> build/lib.linux-amd64-3.8/sassutils
copying sassutils/builder.py -> build/lib.linux-amd64-3.8/sassutils
running build_ext
building '_sass' extension
x86_64-linux-gnu-gcc -pthread -Wno-unused-result -Wsign-compare -DNDEBUG -g -fwrapv -O2 -Wall -g -fstack-protector-strong -Wformat -Werror=format-security -g -fwrapv -O2 -g -O2 -fdebug-prefix-map=/<<PKGBUILDDIR>>=. -fstack-protector-strong -Wformat -Werror=format-security -Wdate-time -D_FORTIFY_SOURCE=2 -fPIC -I/usr/include/python3.8 -c pysass.cpp -o build/temp.linux-amd64-3.8/pysass.o -fPIC -std=gnu++0x -Wall -Wno-parentheses -Werror=switch
pysass.cpp:520:36: warning: unused variable 'source_map_file' [-Wunused-variable]
    char *string, *include_paths, *source_map_file;
                                   ^
pysass.cpp:524:48: warning: unused variable 'source_map_file_urls' [-Wunused-variable]
        source_map_embed, source_map_contents, source_map_file_urls,
                                               ^
pysass.cpp:584:30: warning: unused variable 'source_map_file_urls' [-Wunused-variable]
        source_map_contents, source_map_file_urls, omit_source_map_url;
                             ^
3 warnings generated.
x86_64-linux-gnu-g++ -pthread -shared -Wl,-O1 -Wl,-Bsymbolic-functions -Wl,-z,relro -g -fwrapv -O2 -Wl,-z,relro -Wl,-z,now -g -O2 -fdebug-prefix-map=/<<PKGBUILDDIR>>=. -fstack-protector-strong -Wformat -Werror=format-security -Wdate-time -D_FORTIFY_SOURCE=2 build/temp.linux-amd64-3.8/pysass.o -lsass -o build/lib.linux-amd64-3.8/_sass.cpython-38-x86_64-linux-gnu.so -fPIC -lstdc++
creating build/bdist.linux-amd64
creating build/bdist.linux-amd64/egg
copying build/lib.linux-amd64-3.8/sassc.py -> build/bdist.linux-amd64/egg
copying build/lib.linux-amd64-3.8/sasstests.py -> build/bdist.linux-amd64/egg
copying build/lib.linux-amd64-3.8/sass.py -> build/bdist.linux-amd64/egg
creating build/bdist.linux-amd64/egg/sassutils
copying build/lib.linux-amd64-3.8/sassutils/__init__.py -> build/bdist.linux-amd64/egg/sassutils
copying build/lib.linux-amd64-3.8/sassutils/_compat.py -> build/bdist.linux-amd64/egg/sassutils
copying build/lib.linux-amd64-3.8/sassutils/wsgi.py -> build/bdist.linux-amd64/egg/sassutils
copying build/lib.linux-amd64-3.8/sassutils/distutils.py -> build/bdist.linux-amd64/egg/sassutils
copying build/lib.linux-amd64-3.8/sassutils/builder.py -> build/bdist.linux-amd64/egg/sassutils
copying build/lib.linux-amd64-3.8/pysassc.py -> build/bdist.linux-amd64/egg
copying build/lib.linux-amd64-3.8/_sass.cpython-38-x86_64-linux-gnu.so -> build/bdist.linux-amd64/egg
byte-compiling build/bdist.linux-amd64/egg/sassc.py to sassc.cpython-38.pyc
byte-compiling build/bdist.linux-amd64/egg/sasstests.py to sasstests.cpython-38.pyc
byte-compiling build/bdist.linux-amd64/egg/sass.py to sass.cpython-38.pyc
byte-compiling build/bdist.linux-amd64/egg/sassutils/__init__.py to __init__.cpython-38.pyc
byte-compiling build/bdist.linux-amd64/egg/sassutils/_compat.py to _compat.cpython-38.pyc
byte-compiling build/bdist.linux-amd64/egg/sassutils/wsgi.py to wsgi.cpython-38.pyc
byte-compiling build/bdist.linux-amd64/egg/sassutils/distutils.py to distutils.cpython-38.pyc
byte-compiling build/bdist.linux-amd64/egg/sassutils/builder.py to builder.cpython-38.pyc
byte-compiling build/bdist.linux-amd64/egg/pysassc.py to pysassc.cpython-38.pyc
creating stub loader for _sass.cpython-38-x86_64-linux-gnu.so
byte-compiling build/bdist.linux-amd64/egg/_sass.py to _sass.cpython-38.pyc
creating build/bdist.linux-amd64/egg/EGG-INFO
copying libsass.egg-info/PKG-INFO -> build/bdist.linux-amd64/egg/EGG-INFO
copying libsass.egg-info/SOURCES.txt -> build/bdist.linux-amd64/egg/EGG-INFO
copying libsass.egg-info/dependency_links.txt -> build/bdist.linux-amd64/egg/EGG-INFO
copying libsass.egg-info/entry_points.txt -> build/bdist.linux-amd64/egg/EGG-INFO
copying libsass.egg-info/requires.txt -> build/bdist.linux-amd64/egg/EGG-INFO
copying libsass.egg-info/top_level.txt -> build/bdist.linux-amd64/egg/EGG-INFO
writing build/bdist.linux-amd64/egg/EGG-INFO/native_libs.txt
zip_safe flag not set; analyzing archive contents...
__pycache__._sass.cpython-38: module references __file__
__pycache__.sasstests.cpython-38: module references __file__
creating /<<PKGBUILDDIR>>/.pybuild/cpython3_3.8/build/testpkg/.eggs
creating '/<<PKGBUILDDIR>>/.pybuild/cpython3_3.8/build/testpkg/.eggs/libsass-0.18.0-py3.8-linux-amd64.egg' and adding 'build/bdist.linux-amd64/egg' to it
removing 'build/bdist.linux-amd64/egg' (and everything under it)
.................................................................WARNING: The pip package is not available, falling back to EasyInstall for handling setup_requires/test_requires; this is deprecated and will be removed in a future version.
running build_sass
building 'testpkg' sass
/<<PKGBUILDDIR>>/.pybuild/cpython3_3.8/build/testpkg/.eggs/libsass-0.18.0-py3.8-linux-amd64.egg/sassutils/builder.py:154: FutureWarning: `strip_extension` was not specified, defaulting to `False`.
In the future, `strip_extension` will default to `True`.
.WARNING: The pip package is not available, falling back to EasyInstall for handling setup_requires/test_requires; this is deprecated and will be removed in a future version.
running build_sass
building 'testpkg' sass
/<<PKGBUILDDIR>>/.pybuild/cpython3_3.8/build/testpkg/.eggs/libsass-0.18.0-py3.8-linux-amd64.egg/sassutils/builder.py:154: FutureWarning: `strip_extension` was not specified, defaulting to `False`.
In the future, `strip_extension` will default to `True`.
........................python3.8 -m unittest: error: '/dev/null' seems not a file
......
----------------------------------------------------------------------
Ran 96 tests in 0.795s

OK
I: pybuild base:217: cp -fr test testpkg /<<PKGBUILDDIR>>/.pybuild/cpython3_3.7/build/; 	python3.7 setup.py bdist_egg --dist-dir /<<PKGBUILDDIR>>/.pybuild/cpython3_3.7/build/testpkg/.eggs; 	cd /<<PKGBUILDDIR>>/.pybuild/cpython3_3.7/build; python3.7 -m unittest sasstests
running bdist_egg
running egg_info
writing libsass.egg-info/PKG-INFO
writing dependency_links to libsass.egg-info/dependency_links.txt
writing entry points to libsass.egg-info/entry_points.txt
writing requirements to libsass.egg-info/requires.txt
writing top-level names to libsass.egg-info/top_level.txt
reading manifest file 'libsass.egg-info/SOURCES.txt'
reading manifest template 'MANIFEST.in'
warning: no files found matching '*.c' under directory 'libsass'
warning: no files found matching '*.cpp' under directory 'libsass'
warning: no files found matching '*.h' under directory 'libsass'
warning: no files found matching '*.hpp' under directory 'libsass'
warning: no files found matching 'libsass/Makefile'
writing manifest file 'libsass.egg-info/SOURCES.txt'
installing library code to build/bdist.linux-amd64/egg
running install_lib
running build_py
creating build/lib.linux-amd64-3.7
copying pysassc.py -> build/lib.linux-amd64-3.7
copying sass.py -> build/lib.linux-amd64-3.7
copying sassc.py -> build/lib.linux-amd64-3.7
copying sasstests.py -> build/lib.linux-amd64-3.7
creating build/lib.linux-amd64-3.7/sassutils
copying sassutils/__init__.py -> build/lib.linux-amd64-3.7/sassutils
copying sassutils/_compat.py -> build/lib.linux-amd64-3.7/sassutils
copying sassutils/wsgi.py -> build/lib.linux-amd64-3.7/sassutils
copying sassutils/distutils.py -> build/lib.linux-amd64-3.7/sassutils
copying sassutils/builder.py -> build/lib.linux-amd64-3.7/sassutils
running build_ext
building '_sass' extension
x86_64-linux-gnu-gcc -pthread -Wno-unused-result -Wsign-compare -DNDEBUG -g -fwrapv -O2 -Wall -g -fstack-protector-strong -Wformat -Werror=format-security -g -fwrapv -O2 -g -O2 -fdebug-prefix-map=/<<PKGBUILDDIR>>=. -fstack-protector-strong -Wformat -Werror=format-security -Wdate-time -D_FORTIFY_SOURCE=2 -fPIC -I/usr/include/python3.7m -c pysass.cpp -o build/temp.linux-amd64-3.7/pysass.o -fPIC -std=gnu++0x -Wall -Wno-parentheses -Werror=switch
pysass.cpp:520:36: warning: unused variable 'source_map_file' [-Wunused-variable]
    char *string, *include_paths, *source_map_file;
                                   ^
pysass.cpp:524:48: warning: unused variable 'source_map_file_urls' [-Wunused-variable]
        source_map_embed, source_map_contents, source_map_file_urls,
                                               ^
pysass.cpp:584:30: warning: unused variable 'source_map_file_urls' [-Wunused-variable]
        source_map_contents, source_map_file_urls, omit_source_map_url;
                             ^
3 warnings generated.
x86_64-linux-gnu-g++ -pthread -shared -Wl,-O1 -Wl,-Bsymbolic-functions -Wl,-z,relro -Wl,-z,relro -Wl,-z,now -g -O2 -fdebug-prefix-map=/<<PKGBUILDDIR>>=. -fstack-protector-strong -Wformat -Werror=format-security -Wdate-time -D_FORTIFY_SOURCE=2 build/temp.linux-amd64-3.7/pysass.o -lsass -o build/lib.linux-amd64-3.7/_sass.cpython-37m-x86_64-linux-gnu.so -fPIC -lstdc++
creating build/bdist.linux-amd64/egg
copying build/lib.linux-amd64-3.7/sassc.py -> build/bdist.linux-amd64/egg
copying build/lib.linux-amd64-3.7/sasstests.py -> build/bdist.linux-amd64/egg
copying build/lib.linux-amd64-3.7/sass.py -> build/bdist.linux-amd64/egg
copying build/lib.linux-amd64-3.7/_sass.cpython-37m-x86_64-linux-gnu.so -> build/bdist.linux-amd64/egg
creating build/bdist.linux-amd64/egg/sassutils
copying build/lib.linux-amd64-3.7/sassutils/__init__.py -> build/bdist.linux-amd64/egg/sassutils
copying build/lib.linux-amd64-3.7/sassutils/_compat.py -> build/bdist.linux-amd64/egg/sassutils
copying build/lib.linux-amd64-3.7/sassutils/wsgi.py -> build/bdist.linux-amd64/egg/sassutils
copying build/lib.linux-amd64-3.7/sassutils/distutils.py -> build/bdist.linux-amd64/egg/sassutils
copying build/lib.linux-amd64-3.7/sassutils/builder.py -> build/bdist.linux-amd64/egg/sassutils
copying build/lib.linux-amd64-3.7/pysassc.py -> build/bdist.linux-amd64/egg
byte-compiling build/bdist.linux-amd64/egg/sassc.py to sassc.cpython-37.pyc
byte-compiling build/bdist.linux-amd64/egg/sasstests.py to sasstests.cpython-37.pyc
byte-compiling build/bdist.linux-amd64/egg/sass.py to sass.cpython-37.pyc
byte-compiling build/bdist.linux-amd64/egg/sassutils/__init__.py to __init__.cpython-37.pyc
byte-compiling build/bdist.linux-amd64/egg/sassutils/_compat.py to _compat.cpython-37.pyc
byte-compiling build/bdist.linux-amd64/egg/sassutils/wsgi.py to wsgi.cpython-37.pyc
byte-compiling build/bdist.linux-amd64/egg/sassutils/distutils.py to distutils.cpython-37.pyc
byte-compiling build/bdist.linux-amd64/egg/sassutils/builder.py to builder.cpython-37.pyc
byte-compiling build/bdist.linux-amd64/egg/pysassc.py to pysassc.cpython-37.pyc
creating stub loader for _sass.cpython-37m-x86_64-linux-gnu.so
byte-compiling build/bdist.linux-amd64/egg/_sass.py to _sass.cpython-37.pyc
creating build/bdist.linux-amd64/egg/EGG-INFO
copying libsass.egg-info/PKG-INFO -> build/bdist.linux-amd64/egg/EGG-INFO
copying libsass.egg-info/SOURCES.txt -> build/bdist.linux-amd64/egg/EGG-INFO
copying libsass.egg-info/dependency_links.txt -> build/bdist.linux-amd64/egg/EGG-INFO
copying libsass.egg-info/entry_points.txt -> build/bdist.linux-amd64/egg/EGG-INFO
copying libsass.egg-info/requires.txt -> build/bdist.linux-amd64/egg/EGG-INFO
copying libsass.egg-info/top_level.txt -> build/bdist.linux-amd64/egg/EGG-INFO
writing build/bdist.linux-amd64/egg/EGG-INFO/native_libs.txt
zip_safe flag not set; analyzing archive contents...
__pycache__._sass.cpython-37: module references __file__
__pycache__.sasstests.cpython-37: module references __file__
creating /<<PKGBUILDDIR>>/.pybuild/cpython3_3.7/build/testpkg/.eggs
creating '/<<PKGBUILDDIR>>/.pybuild/cpython3_3.7/build/testpkg/.eggs/libsass-0.18.0-py3.7-linux-amd64.egg' and adding 'build/bdist.linux-amd64/egg' to it
removing 'build/bdist.linux-amd64/egg' (and everything under it)
.................................................................WARNING: The pip package is not available, falling back to EasyInstall for handling setup_requires/test_requires; this is deprecated and will be removed in a future version.
running build_sass
building 'testpkg' sass
/<<PKGBUILDDIR>>/.pybuild/cpython3_3.7/build/testpkg/.eggs/libsass-0.18.0-py3.7-linux-amd64.egg/sassutils/builder.py:157: FutureWarning: `strip_extension` was not specified, defaulting to `False`.
In the future, `strip_extension` will default to `True`.
.WARNING: The pip package is not available, falling back to EasyInstall for handling setup_requires/test_requires; this is deprecated and will be removed in a future version.
running build_sass
building 'testpkg' sass
/<<PKGBUILDDIR>>/.pybuild/cpython3_3.7/build/testpkg/.eggs/libsass-0.18.0-py3.7-linux-amd64.egg/sassutils/builder.py:157: FutureWarning: `strip_extension` was not specified, defaulting to `False`.
In the future, `strip_extension` will default to `True`.
........................python3.7 -m unittest: error: '/dev/null' seems not a file
......
----------------------------------------------------------------------
Ran 96 tests in 0.863s

OK
make[1]: Leaving directory '/<<PKGBUILDDIR>>'
   create-stamp debian/debhelper-build-stamp
   dh_testroot -O--buildsystem=pybuild
   dh_prep -O--buildsystem=pybuild
	rm -f -- debian/python3-libsass.substvars debian/pysassc.substvars
	rm -fr -- debian/.debhelper/generated/python3-libsass/ debian/python3-libsass/ debian/tmp/ debian/.debhelper/generated/pysassc/ debian/pysassc/
   debian/rules override_dh_auto_install
make[1]: Entering directory '/<<PKGBUILDDIR>>'
dh_auto_install -O--buildsystem=pybuild
	install -d /<<PKGBUILDDIR>>/debian/tmp
	pybuild --install --test-pytest -i python{version} -p "3.8 3.7" --dest-dir /<<PKGBUILDDIR>>/debian/tmp
I: pybuild base:217: /usr/bin/python3.8 setup.py install --root /<<PKGBUILDDIR>>/debian/tmp 
running install
running build
running build_py
running build_ext
running install_lib
creating /<<PKGBUILDDIR>>/debian/tmp/usr
creating /<<PKGBUILDDIR>>/debian/tmp/usr/lib
creating /<<PKGBUILDDIR>>/debian/tmp/usr/lib/python3.8
creating /<<PKGBUILDDIR>>/debian/tmp/usr/lib/python3.8/dist-packages
copying /<<PKGBUILDDIR>>/.pybuild/cpython3_3.8/build/sassc.py -> /<<PKGBUILDDIR>>/debian/tmp/usr/lib/python3.8/dist-packages
copying /<<PKGBUILDDIR>>/.pybuild/cpython3_3.8/build/sasstests.py -> /<<PKGBUILDDIR>>/debian/tmp/usr/lib/python3.8/dist-packages
copying /<<PKGBUILDDIR>>/.pybuild/cpython3_3.8/build/sass.py -> /<<PKGBUILDDIR>>/debian/tmp/usr/lib/python3.8/dist-packages
creating /<<PKGBUILDDIR>>/debian/tmp/usr/lib/python3.8/dist-packages/testpkg
creating /<<PKGBUILDDIR>>/debian/tmp/usr/lib/python3.8/dist-packages/testpkg/testpkg
creating /<<PKGBUILDDIR>>/debian/tmp/usr/lib/python3.8/dist-packages/testpkg/testpkg/static
creating /<<PKGBUILDDIR>>/debian/tmp/usr/lib/python3.8/dist-packages/testpkg/testpkg/static/css
copying /<<PKGBUILDDIR>>/.pybuild/cpython3_3.8/build/testpkg/testpkg/static/css/README -> /<<PKGBUILDDIR>>/debian/tmp/usr/lib/python3.8/dist-packages/testpkg/testpkg/static/css
creating /<<PKGBUILDDIR>>/debian/tmp/usr/lib/python3.8/dist-packages/testpkg/testpkg/static/scss
copying /<<PKGBUILDDIR>>/.pybuild/cpython3_3.8/build/testpkg/testpkg/static/scss/a.scss -> /<<PKGBUILDDIR>>/debian/tmp/usr/lib/python3.8/dist-packages/testpkg/testpkg/static/scss
copying /<<PKGBUILDDIR>>/.pybuild/cpython3_3.8/build/testpkg/testpkg/__init__.py -> /<<PKGBUILDDIR>>/debian/tmp/usr/lib/python3.8/dist-packages/testpkg/testpkg
copying /<<PKGBUILDDIR>>/.pybuild/cpython3_3.8/build/testpkg/setup.py -> /<<PKGBUILDDIR>>/debian/tmp/usr/lib/python3.8/dist-packages/testpkg
creating /<<PKGBUILDDIR>>/debian/tmp/usr/lib/python3.8/dist-packages/testpkg/.eggs
copying /<<PKGBUILDDIR>>/.pybuild/cpython3_3.8/build/testpkg/.eggs/libsass-0.18.0-py3.8-linux-amd64.egg -> /<<PKGBUILDDIR>>/debian/tmp/usr/lib/python3.8/dist-packages/testpkg/.eggs
creating /<<PKGBUILDDIR>>/debian/tmp/usr/lib/python3.8/dist-packages/__pycache__
copying /<<PKGBUILDDIR>>/.pybuild/cpython3_3.8/build/__pycache__/sasstests.cpython-38.pyc -> /<<PKGBUILDDIR>>/debian/tmp/usr/lib/python3.8/dist-packages/__pycache__
copying /<<PKGBUILDDIR>>/.pybuild/cpython3_3.8/build/__pycache__/pysassc.cpython-38.pyc -> /<<PKGBUILDDIR>>/debian/tmp/usr/lib/python3.8/dist-packages/__pycache__
copying /<<PKGBUILDDIR>>/.pybuild/cpython3_3.8/build/__pycache__/sass.cpython-38.pyc -> /<<PKGBUILDDIR>>/debian/tmp/usr/lib/python3.8/dist-packages/__pycache__
copying /<<PKGBUILDDIR>>/.pybuild/cpython3_3.8/build/__pycache__/sassc.cpython-38.pyc -> /<<PKGBUILDDIR>>/debian/tmp/usr/lib/python3.8/dist-packages/__pycache__
creating /<<PKGBUILDDIR>>/debian/tmp/usr/lib/python3.8/dist-packages/sassutils
copying /<<PKGBUILDDIR>>/.pybuild/cpython3_3.8/build/sassutils/__init__.py -> /<<PKGBUILDDIR>>/debian/tmp/usr/lib/python3.8/dist-packages/sassutils
copying /<<PKGBUILDDIR>>/.pybuild/cpython3_3.8/build/sassutils/_compat.py -> /<<PKGBUILDDIR>>/debian/tmp/usr/lib/python3.8/dist-packages/sassutils
copying /<<PKGBUILDDIR>>/.pybuild/cpython3_3.8/build/sassutils/wsgi.py -> /<<PKGBUILDDIR>>/debian/tmp/usr/lib/python3.8/dist-packages/sassutils
copying /<<PKGBUILDDIR>>/.pybuild/cpython3_3.8/build/sassutils/distutils.py -> /<<PKGBUILDDIR>>/debian/tmp/usr/lib/python3.8/dist-packages/sassutils
copying /<<PKGBUILDDIR>>/.pybuild/cpython3_3.8/build/sassutils/builder.py -> /<<PKGBUILDDIR>>/debian/tmp/usr/lib/python3.8/dist-packages/sassutils
creating /<<PKGBUILDDIR>>/debian/tmp/usr/lib/python3.8/dist-packages/sassutils/__pycache__
copying /<<PKGBUILDDIR>>/.pybuild/cpython3_3.8/build/sassutils/__pycache__/_compat.cpython-38.pyc -> /<<PKGBUILDDIR>>/debian/tmp/usr/lib/python3.8/dist-packages/sassutils/__pycache__
copying /<<PKGBUILDDIR>>/.pybuild/cpython3_3.8/build/sassutils/__pycache__/wsgi.cpython-38.pyc -> /<<PKGBUILDDIR>>/debian/tmp/usr/lib/python3.8/dist-packages/sassutils/__pycache__
copying /<<PKGBUILDDIR>>/.pybuild/cpython3_3.8/build/sassutils/__pycache__/__init__.cpython-38.pyc -> /<<PKGBUILDDIR>>/debian/tmp/usr/lib/python3.8/dist-packages/sassutils/__pycache__
copying /<<PKGBUILDDIR>>/.pybuild/cpython3_3.8/build/sassutils/__pycache__/builder.cpython-38.pyc -> /<<PKGBUILDDIR>>/debian/tmp/usr/lib/python3.8/dist-packages/sassutils/__pycache__
copying /<<PKGBUILDDIR>>/.pybuild/cpython3_3.8/build/pysassc.py -> /<<PKGBUILDDIR>>/debian/tmp/usr/lib/python3.8/dist-packages
copying /<<PKGBUILDDIR>>/.pybuild/cpython3_3.8/build/_sass.cpython-38-x86_64-linux-gnu.so -> /<<PKGBUILDDIR>>/debian/tmp/usr/lib/python3.8/dist-packages
byte-compiling /<<PKGBUILDDIR>>/debian/tmp/usr/lib/python3.8/dist-packages/sassc.py to sassc.cpython-38.pyc
byte-compiling /<<PKGBUILDDIR>>/debian/tmp/usr/lib/python3.8/dist-packages/sasstests.py to sasstests.cpython-38.pyc
byte-compiling /<<PKGBUILDDIR>>/debian/tmp/usr/lib/python3.8/dist-packages/sass.py to sass.cpython-38.pyc
byte-compiling /<<PKGBUILDDIR>>/debian/tmp/usr/lib/python3.8/dist-packages/testpkg/testpkg/__init__.py to __init__.cpython-38.pyc
byte-compiling /<<PKGBUILDDIR>>/debian/tmp/usr/lib/python3.8/dist-packages/testpkg/setup.py to setup.cpython-38.pyc
byte-compiling /<<PKGBUILDDIR>>/debian/tmp/usr/lib/python3.8/dist-packages/sassutils/__init__.py to __init__.cpython-38.pyc
byte-compiling /<<PKGBUILDDIR>>/debian/tmp/usr/lib/python3.8/dist-packages/sassutils/_compat.py to _compat.cpython-38.pyc
byte-compiling /<<PKGBUILDDIR>>/debian/tmp/usr/lib/python3.8/dist-packages/sassutils/wsgi.py to wsgi.cpython-38.pyc
byte-compiling /<<PKGBUILDDIR>>/debian/tmp/usr/lib/python3.8/dist-packages/sassutils/distutils.py to distutils.cpython-38.pyc
byte-compiling /<<PKGBUILDDIR>>/debian/tmp/usr/lib/python3.8/dist-packages/sassutils/builder.py to builder.cpython-38.pyc
byte-compiling /<<PKGBUILDDIR>>/debian/tmp/usr/lib/python3.8/dist-packages/pysassc.py to pysassc.cpython-38.pyc
running install_egg_info
running egg_info
writing libsass.egg-info/PKG-INFO
writing dependency_links to libsass.egg-info/dependency_links.txt
writing entry points to libsass.egg-info/entry_points.txt
writing requirements to libsass.egg-info/requires.txt
writing top-level names to libsass.egg-info/top_level.txt
reading manifest file 'libsass.egg-info/SOURCES.txt'
reading manifest template 'MANIFEST.in'
warning: no files found matching '*.c' under directory 'libsass'
warning: no files found matching '*.cpp' under directory 'libsass'
warning: no files found matching '*.h' under directory 'libsass'
warning: no files found matching '*.hpp' under directory 'libsass'
warning: no files found matching 'libsass/Makefile'
writing manifest file 'libsass.egg-info/SOURCES.txt'
Copying libsass.egg-info to /<<PKGBUILDDIR>>/debian/tmp/usr/lib/python3.8/dist-packages/libsass-0.18.0.egg-info
Skipping SOURCES.txt
running install_scripts
Installing pysassc script to /<<PKGBUILDDIR>>/debian/tmp/usr/bin
Installing sassc script to /<<PKGBUILDDIR>>/debian/tmp/usr/bin
I: pybuild base:217: /usr/bin/python3 setup.py install --root /<<PKGBUILDDIR>>/debian/tmp 
running install
running build
running build_py
running build_ext
running install_lib
creating /<<PKGBUILDDIR>>/debian/tmp/usr/lib/python3.7
creating /<<PKGBUILDDIR>>/debian/tmp/usr/lib/python3.7/dist-packages
copying /<<PKGBUILDDIR>>/.pybuild/cpython3_3.7/build/sassc.py -> /<<PKGBUILDDIR>>/debian/tmp/usr/lib/python3.7/dist-packages
copying /<<PKGBUILDDIR>>/.pybuild/cpython3_3.7/build/sasstests.py -> /<<PKGBUILDDIR>>/debian/tmp/usr/lib/python3.7/dist-packages
copying /<<PKGBUILDDIR>>/.pybuild/cpython3_3.7/build/sass.py -> /<<PKGBUILDDIR>>/debian/tmp/usr/lib/python3.7/dist-packages
creating /<<PKGBUILDDIR>>/debian/tmp/usr/lib/python3.7/dist-packages/testpkg
creating /<<PKGBUILDDIR>>/debian/tmp/usr/lib/python3.7/dist-packages/testpkg/testpkg
creating /<<PKGBUILDDIR>>/debian/tmp/usr/lib/python3.7/dist-packages/testpkg/testpkg/static
creating /<<PKGBUILDDIR>>/debian/tmp/usr/lib/python3.7/dist-packages/testpkg/testpkg/static/css
copying /<<PKGBUILDDIR>>/.pybuild/cpython3_3.7/build/testpkg/testpkg/static/css/README -> /<<PKGBUILDDIR>>/debian/tmp/usr/lib/python3.7/dist-packages/testpkg/testpkg/static/css
creating /<<PKGBUILDDIR>>/debian/tmp/usr/lib/python3.7/dist-packages/testpkg/testpkg/static/scss
copying /<<PKGBUILDDIR>>/.pybuild/cpython3_3.7/build/testpkg/testpkg/static/scss/a.scss -> /<<PKGBUILDDIR>>/debian/tmp/usr/lib/python3.7/dist-packages/testpkg/testpkg/static/scss
copying /<<PKGBUILDDIR>>/.pybuild/cpython3_3.7/build/testpkg/testpkg/__init__.py -> /<<PKGBUILDDIR>>/debian/tmp/usr/lib/python3.7/dist-packages/testpkg/testpkg
copying /<<PKGBUILDDIR>>/.pybuild/cpython3_3.7/build/testpkg/setup.py -> /<<PKGBUILDDIR>>/debian/tmp/usr/lib/python3.7/dist-packages/testpkg
creating /<<PKGBUILDDIR>>/debian/tmp/usr/lib/python3.7/dist-packages/testpkg/.eggs
copying /<<PKGBUILDDIR>>/.pybuild/cpython3_3.7/build/testpkg/.eggs/libsass-0.18.0-py3.7-linux-amd64.egg -> /<<PKGBUILDDIR>>/debian/tmp/usr/lib/python3.7/dist-packages/testpkg/.eggs
copying /<<PKGBUILDDIR>>/.pybuild/cpython3_3.7/build/_sass.cpython-37m-x86_64-linux-gnu.so -> /<<PKGBUILDDIR>>/debian/tmp/usr/lib/python3.7/dist-packages
creating /<<PKGBUILDDIR>>/debian/tmp/usr/lib/python3.7/dist-packages/__pycache__
copying /<<PKGBUILDDIR>>/.pybuild/cpython3_3.7/build/__pycache__/sasstests.cpython-37.pyc -> /<<PKGBUILDDIR>>/debian/tmp/usr/lib/python3.7/dist-packages/__pycache__
copying /<<PKGBUILDDIR>>/.pybuild/cpython3_3.7/build/__pycache__/sassc.cpython-37.pyc -> /<<PKGBUILDDIR>>/debian/tmp/usr/lib/python3.7/dist-packages/__pycache__
copying /<<PKGBUILDDIR>>/.pybuild/cpython3_3.7/build/__pycache__/pysassc.cpython-37.pyc -> /<<PKGBUILDDIR>>/debian/tmp/usr/lib/python3.7/dist-packages/__pycache__
copying /<<PKGBUILDDIR>>/.pybuild/cpython3_3.7/build/__pycache__/sass.cpython-37.pyc -> /<<PKGBUILDDIR>>/debian/tmp/usr/lib/python3.7/dist-packages/__pycache__
creating /<<PKGBUILDDIR>>/debian/tmp/usr/lib/python3.7/dist-packages/sassutils
copying /<<PKGBUILDDIR>>/.pybuild/cpython3_3.7/build/sassutils/__init__.py -> /<<PKGBUILDDIR>>/debian/tmp/usr/lib/python3.7/dist-packages/sassutils
copying /<<PKGBUILDDIR>>/.pybuild/cpython3_3.7/build/sassutils/_compat.py -> /<<PKGBUILDDIR>>/debian/tmp/usr/lib/python3.7/dist-packages/sassutils
copying /<<PKGBUILDDIR>>/.pybuild/cpython3_3.7/build/sassutils/wsgi.py -> /<<PKGBUILDDIR>>/debian/tmp/usr/lib/python3.7/dist-packages/sassutils
copying /<<PKGBUILDDIR>>/.pybuild/cpython3_3.7/build/sassutils/distutils.py -> /<<PKGBUILDDIR>>/debian/tmp/usr/lib/python3.7/dist-packages/sassutils
copying /<<PKGBUILDDIR>>/.pybuild/cpython3_3.7/build/sassutils/builder.py -> /<<PKGBUILDDIR>>/debian/tmp/usr/lib/python3.7/dist-packages/sassutils
creating /<<PKGBUILDDIR>>/debian/tmp/usr/lib/python3.7/dist-packages/sassutils/__pycache__
copying /<<PKGBUILDDIR>>/.pybuild/cpython3_3.7/build/sassutils/__pycache__/__init__.cpython-37.pyc -> /<<PKGBUILDDIR>>/debian/tmp/usr/lib/python3.7/dist-packages/sassutils/__pycache__
copying /<<PKGBUILDDIR>>/.pybuild/cpython3_3.7/build/sassutils/__pycache__/_compat.cpython-37.pyc -> /<<PKGBUILDDIR>>/debian/tmp/usr/lib/python3.7/dist-packages/sassutils/__pycache__
copying /<<PKGBUILDDIR>>/.pybuild/cpython3_3.7/build/sassutils/__pycache__/builder.cpython-37.pyc -> /<<PKGBUILDDIR>>/debian/tmp/usr/lib/python3.7/dist-packages/sassutils/__pycache__
copying /<<PKGBUILDDIR>>/.pybuild/cpython3_3.7/build/sassutils/__pycache__/wsgi.cpython-37.pyc -> /<<PKGBUILDDIR>>/debian/tmp/usr/lib/python3.7/dist-packages/sassutils/__pycache__
copying /<<PKGBUILDDIR>>/.pybuild/cpython3_3.7/build/pysassc.py -> /<<PKGBUILDDIR>>/debian/tmp/usr/lib/python3.7/dist-packages
byte-compiling /<<PKGBUILDDIR>>/debian/tmp/usr/lib/python3.7/dist-packages/sassc.py to sassc.cpython-37.pyc
byte-compiling /<<PKGBUILDDIR>>/debian/tmp/usr/lib/python3.7/dist-packages/sasstests.py to sasstests.cpython-37.pyc
byte-compiling /<<PKGBUILDDIR>>/debian/tmp/usr/lib/python3.7/dist-packages/sass.py to sass.cpython-37.pyc
byte-compiling /<<PKGBUILDDIR>>/debian/tmp/usr/lib/python3.7/dist-packages/testpkg/testpkg/__init__.py to __init__.cpython-37.pyc
byte-compiling /<<PKGBUILDDIR>>/debian/tmp/usr/lib/python3.7/dist-packages/testpkg/setup.py to setup.cpython-37.pyc
byte-compiling /<<PKGBUILDDIR>>/debian/tmp/usr/lib/python3.7/dist-packages/sassutils/__init__.py to __init__.cpython-37.pyc
byte-compiling /<<PKGBUILDDIR>>/debian/tmp/usr/lib/python3.7/dist-packages/sassutils/_compat.py to _compat.cpython-37.pyc
byte-compiling /<<PKGBUILDDIR>>/debian/tmp/usr/lib/python3.7/dist-packages/sassutils/wsgi.py to wsgi.cpython-37.pyc
byte-compiling /<<PKGBUILDDIR>>/debian/tmp/usr/lib/python3.7/dist-packages/sassutils/distutils.py to distutils.cpython-37.pyc
byte-compiling /<<PKGBUILDDIR>>/debian/tmp/usr/lib/python3.7/dist-packages/sassutils/builder.py to builder.cpython-37.pyc
byte-compiling /<<PKGBUILDDIR>>/debian/tmp/usr/lib/python3.7/dist-packages/pysassc.py to pysassc.cpython-37.pyc
running install_egg_info
running egg_info
writing libsass.egg-info/PKG-INFO
writing dependency_links to libsass.egg-info/dependency_links.txt
writing entry points to libsass.egg-info/entry_points.txt
writing requirements to libsass.egg-info/requires.txt
writing top-level names to libsass.egg-info/top_level.txt
reading manifest file 'libsass.egg-info/SOURCES.txt'
reading manifest template 'MANIFEST.in'
warning: no files found matching '*.c' under directory 'libsass'
warning: no files found matching '*.cpp' under directory 'libsass'
warning: no files found matching '*.h' under directory 'libsass'
warning: no files found matching '*.hpp' under directory 'libsass'
warning: no files found matching 'libsass/Makefile'
writing manifest file 'libsass.egg-info/SOURCES.txt'
Copying libsass.egg-info to /<<PKGBUILDDIR>>/debian/tmp/usr/lib/python3.7/dist-packages/libsass-0.18.0.egg-info
Skipping SOURCES.txt
running install_scripts
Installing pysassc script to /<<PKGBUILDDIR>>/debian/tmp/usr/bin
Installing sassc script to /<<PKGBUILDDIR>>/debian/tmp/usr/bin
mkdir -p /<<PKGBUILDDIR>>/debian/tmp/usr/share/man/man1
cp /<<PKGBUILDDIR>>/build/man/*.1 /<<PKGBUILDDIR>>/debian/tmp/usr/share/man/man1/
sed -i '1c#!/usr/bin/python3' /<<PKGBUILDDIR>>/debian/tmp/usr/bin/pysassc
make[1]: Leaving directory '/<<PKGBUILDDIR>>'
   dh_install -O--buildsystem=pybuild
	install -d debian/python3-libsass//usr/lib/python3.7/dist-packages
	cp --reflink=auto -a debian/tmp/usr/lib/python3.7/dist-packages/_sass.cpython-37m-x86_64-linux-gnu.so debian/tmp/usr/lib/python3.7/dist-packages/libsass-0.18.0.egg-info/ debian/tmp/usr/lib/python3.7/dist-packages/pysassc.py debian/tmp/usr/lib/python3.7/dist-packages/sass.py debian/tmp/usr/lib/python3.7/dist-packages/sassc.py debian/tmp/usr/lib/python3.7/dist-packages/sasstests.py debian/tmp/usr/lib/python3.7/dist-packages/sassutils/ debian/python3-libsass//usr/lib/python3.7/dist-packages/
	install -d debian/python3-libsass//usr/lib/python3.8/dist-packages
	cp --reflink=auto -a debian/tmp/usr/lib/python3.8/dist-packages/_sass.cpython-38-x86_64-linux-gnu.so debian/tmp/usr/lib/python3.8/dist-packages/libsass-0.18.0.egg-info/ debian/tmp/usr/lib/python3.8/dist-packages/pysassc.py debian/tmp/usr/lib/python3.8/dist-packages/sass.py debian/tmp/usr/lib/python3.8/dist-packages/sassc.py debian/tmp/usr/lib/python3.8/dist-packages/sasstests.py debian/tmp/usr/lib/python3.8/dist-packages/sassutils/ debian/python3-libsass//usr/lib/python3.8/dist-packages/
	install -d debian/.debhelper/generated/python3-libsass
	install -d debian/pysassc//usr/bin
	cp --reflink=auto -a debian/tmp/usr/bin/pysassc debian/pysassc//usr/bin/
	install -d debian/.debhelper/generated/pysassc
   dh_installdocs -O--buildsystem=pybuild
	install -d debian/python3-libsass/usr/share/doc/python3-libsass
	install -p -m0644 debian/copyright debian/python3-libsass/usr/share/doc/python3-libsass/copyright
	install -d debian/pysassc/usr/share/doc/pysassc
	install -p -m0644 debian/copyright debian/pysassc/usr/share/doc/pysassc/copyright
   dh_installchangelogs -O--buildsystem=pybuild
	install -p -m0644 debian/changelog debian/python3-libsass/usr/share/doc/python3-libsass/changelog.Debian
	install -p -m0644 docs/changes.rst debian/python3-libsass/usr/share/doc/python3-libsass/changelog
	install -p -m0644 debian/changelog debian/pysassc/usr/share/doc/pysassc/changelog.Debian
	install -p -m0644 docs/changes.rst debian/pysassc/usr/share/doc/pysassc/changelog
   dh_installman -O--buildsystem=pybuild
	install -d debian/pysassc/usr/share/man/man1/
	install -p -m0644 ./debian/tmp/usr/share/man/man1/pysassc.1 debian/pysassc/usr/share/man/man1/pysassc.1
	man-recode --to-code UTF-8 --suffix .dh-new debian/pysassc/usr/share/man/man1/pysassc.1
	mv debian/pysassc/usr/share/man/man1/pysassc.1.dh-new debian/pysassc/usr/share/man/man1/pysassc.1
	chmod 0644 -- debian/pysassc/usr/share/man/man1/pysassc.1
   dh_python3 -O--buildsystem=pybuild
D: dh_python3 dh_python3:161: version: 4.20191017
D: dh_python3 dh_python3:162: argv: ['/usr/bin/dh_python3', '-O--buildsystem=pybuild']
D: dh_python3 dh_python3:163: options: {'guess_deps': True, 'skip_private': False, 'verbose': False, 'arch': None, 'package': None, 'no_package': None, 'compile_all': False, 'vrange': None, 'regexpr': None, 'accept_upstream_versions': False, 'depends': None, 'depends_section': None, 'recommends': None, 'recommends_section': None, 'suggests': None, 'suggests_section': None, 'requires': None, 'shebang': None, 'ignore_shebangs': False, 'clean_dbg_pkg': True, 'no_ext_rename': False, 'no_shebang_rewrite': False, 'O': '--buildsystem=pybuild'}
D: dh_python3 dh_python3:164: args: []
D: dh_python3 dh_python3:166: supported Python versions: 3.7,3.8 (default=3.7)
D: dh_python3 debhelper:153: source=libsass-python, binary packages=['python3-libsass', 'pysassc']
D: dh_python3 dh_python3:183: processing package python3-libsass...
D: dh_python3 fs:49: moving files from debian/python3-libsass/usr/lib/python3.7/dist-packages to debian/python3-libsass/usr/lib/python3/dist-packages/
D: dh_python3 tools:232: invoking: /usr/bin/python3.7 -c 'import sysconfig as s;print("__SEP__".join(i or "" for i in s.get_config_vars("SOABI", "MULTIARCH", "INCLUDEPY", "LIBPL", "LDLIBRARY")))'
D: dh_python3 fs:49: moving files from debian/python3-libsass/usr/lib/python3.8/dist-packages to debian/python3-libsass/usr/lib/python3/dist-packages/
D: dh_python3 tools:232: invoking: /usr/bin/python3.8 -c 'import sysconfig as s;print("__SEP__".join(i or "" for i in s.get_config_vars("SOABI", "MULTIARCH", "INCLUDEPY", "LIBPL", "LDLIBRARY")))'
D: dh_python3 fs:260: package python3-libsass details = {'requires.txt': {'debian/python3-libsass/usr/lib/python3/dist-packages/libsass-0.18.0.egg-info/requires.txt'}, 'egg-info': set(), 'nsp.txt': set(), 'shebangs': set(), 'public_vers': {Version('3')}, 'private_dirs': {}, 'compile': True, 'ext_vers': {Version('3.8'), Version('3.7')}, 'ext_no_version': set()}
D: dh_python3 depends:117: generating dependencies for package python3-libsass
D: dh_python3 pydist:138: trying to find dependency for six (python=None)
D: dh_python3 depends:275: D={'python3 (>= 3.7~)', 'python3 (<< 3.9)', 'python3:any', 'python3-six'}; R=[]; S=[]; E=[], B=[]; RT=[]
D: dh_python3 dh_python3:183: processing package pysassc...
D: dh_python3 fs:260: package pysassc details = {'requires.txt': set(), 'egg-info': set(), 'nsp.txt': set(), 'shebangs': {/usr/bin/python3}, 'public_vers': set(), 'private_dirs': {}, 'compile': False, 'ext_vers': set(), 'ext_no_version': set()}
D: dh_python3 depends:117: generating dependencies for package pysassc
D: dh_python3 depends:275: D={'python3:any'}; R=[]; S=[]; E=[], B=[]; RT=[]
   dh_installinit -O--buildsystem=pybuild
   dh_installsystemduser -O--buildsystem=pybuild
   dh_perl -O--buildsystem=pybuild
   dh_link -O--buildsystem=pybuild
   dh_strip_nondeterminism -O--buildsystem=pybuild
   dh_compress -O--buildsystem=pybuild
	cd debian/python3-libsass
	cd debian/pysassc
	chmod a-x usr/share/doc/pysassc/changelog usr/share/doc/pysassc/changelog.Debian usr/share/man/man1/pysassc.1
	gzip -9nf usr/share/doc/pysassc/changelog usr/share/doc/pysassc/changelog.Debian usr/share/man/man1/pysassc.1
	cd '/<<PKGBUILDDIR>>'
	chmod a-x usr/share/doc/python3-libsass/changelog usr/share/doc/python3-libsass/changelog.Debian
	gzip -9nf usr/share/doc/python3-libsass/changelog usr/share/doc/python3-libsass/changelog.Debian
	cd '/<<PKGBUILDDIR>>'
   dh_fixperms -O--buildsystem=pybuild
	find debian/pysassc ! -type l -a -true -a -true -print0 2>/dev/null | xargs -0r chmod go=rX,u+rw,a-s
	find debian/python3-libsass ! -type l -a -true -a -true -print0 2>/dev/null | xargs -0r chmod go=rX,u+rw,a-s
	find debian/pysassc/usr/share/doc -type f -a -true -a ! -regex 'debian/pysassc/usr/share/doc/[^/]*/examples/.*' -print0 2>/dev/null | xargs -0r chmod 0644
	find debian/pysassc/usr/share/doc -type d -a -true -a -true -print0 2>/dev/null | xargs -0r chmod 0755
	find debian/python3-libsass/usr/share/doc -type f -a -true -a ! -regex 'debian/python3-libsass/usr/share/doc/[^/]*/examples/.*' -print0 2>/dev/null | xargs -0r chmod 0644
	find debian/pysassc/usr/share/man -type f -a -true -a -true -print0 2>/dev/null | xargs -0r chmod 0644
	find debian/python3-libsass/usr/share/doc -type d -a -true -a -true -print0 2>/dev/null | xargs -0r chmod 0755
	find debian/python3-libsass -type f \( -name '*.so.*' -o -name '*.so' -o -name '*.la' -o -name '*.a' -o -name '*.js' -o -name '*.css' -o -name '*.scss' -o -name '*.sass' -o -name '*.jpeg' -o -name '*.jpg' -o -name '*.png' -o -name '*.gif' -o -name '*.cmxs' -o -name '*.node' \) -a -true -a -true -print0 2>/dev/null | xargs -0r chmod 0644
	find debian/pysassc -type f \( -name '*.so.*' -o -name '*.so' -o -name '*.la' -o -name '*.a' -o -name '*.js' -o -name '*.css' -o -name '*.scss' -o -name '*.sass' -o -name '*.jpeg' -o -name '*.jpg' -o -name '*.png' -o -name '*.gif' -o -name '*.cmxs' -o -name '*.node' \) -a -true -a -true -print0 2>/dev/null | xargs -0r chmod 0644
	find debian/python3-libsass/usr/lib -type f -name '*.ali' -a -true -a -true -print0 2>/dev/null | xargs -0r chmod uga-w
	find debian/pysassc/usr/bin -type f -a -true -a -true -print0 2>/dev/null | xargs -0r chmod a+x
   dh_missing -O--buildsystem=pybuild
dh_missing: warning: usr/bin/sassc exists in debian/tmp but is not installed to anywhere
dh_missing: warning: usr/share/man/man1/libsass.1 exists in debian/tmp but is not installed to anywhere
dh_missing: warning: usr/lib/python3.7/dist-packages/testpkg/setup.py exists in debian/tmp but is not installed to anywhere
dh_missing: warning: usr/lib/python3.7/dist-packages/testpkg/testpkg/__init__.py exists in debian/tmp but is not installed to anywhere
dh_missing: warning: usr/lib/python3.7/dist-packages/testpkg/testpkg/static/css/README exists in debian/tmp but is not installed to anywhere
dh_missing: warning: usr/lib/python3.7/dist-packages/testpkg/testpkg/static/scss/a.scss exists in debian/tmp but is not installed to anywhere
dh_missing: warning: usr/lib/python3.7/dist-packages/testpkg/testpkg/__pycache__/__init__.cpython-37.pyc exists in debian/tmp but is not installed to anywhere
dh_missing: warning: usr/lib/python3.7/dist-packages/testpkg/.eggs/libsass-0.18.0-py3.7-linux-amd64.egg exists in debian/tmp but is not installed to anywhere
dh_missing: warning: usr/lib/python3.7/dist-packages/testpkg/__pycache__/setup.cpython-37.pyc exists in debian/tmp but is not installed to anywhere
dh_missing: warning: usr/lib/python3.7/dist-packages/__pycache__/sasstests.cpython-37.pyc exists in debian/tmp but is not installed to anywhere
dh_missing: warning: usr/lib/python3.7/dist-packages/__pycache__/sassc.cpython-37.pyc exists in debian/tmp but is not installed to anywhere
dh_missing: warning: usr/lib/python3.7/dist-packages/__pycache__/pysassc.cpython-37.pyc exists in debian/tmp but is not installed to anywhere
dh_missing: warning: usr/lib/python3.7/dist-packages/__pycache__/sass.cpython-37.pyc exists in debian/tmp but is not installed to anywhere
dh_missing: warning: usr/lib/python3.8/dist-packages/testpkg/setup.py exists in debian/tmp but is not installed to anywhere
dh_missing: warning: usr/lib/python3.8/dist-packages/testpkg/testpkg/__init__.py exists in debian/tmp but is not installed to anywhere
dh_missing: warning: usr/lib/python3.8/dist-packages/testpkg/testpkg/static/css/README exists in debian/tmp but is not installed to anywhere
dh_missing: warning: usr/lib/python3.8/dist-packages/testpkg/testpkg/static/scss/a.scss exists in debian/tmp but is not installed to anywhere
dh_missing: warning: usr/lib/python3.8/dist-packages/testpkg/testpkg/__pycache__/__init__.cpython-38.pyc exists in debian/tmp but is not installed to anywhere
dh_missing: warning: usr/lib/python3.8/dist-packages/testpkg/.eggs/libsass-0.18.0-py3.8-linux-amd64.egg exists in debian/tmp but is not installed to anywhere
dh_missing: warning: usr/lib/python3.8/dist-packages/testpkg/__pycache__/setup.cpython-38.pyc exists in debian/tmp but is not installed to anywhere
dh_missing: warning: usr/lib/python3.8/dist-packages/__pycache__/sasstests.cpython-38.pyc exists in debian/tmp but is not installed to anywhere
dh_missing: warning: usr/lib/python3.8/dist-packages/__pycache__/pysassc.cpython-38.pyc exists in debian/tmp but is not installed to anywhere
dh_missing: warning: usr/lib/python3.8/dist-packages/__pycache__/sass.cpython-38.pyc exists in debian/tmp but is not installed to anywhere
dh_missing: warning: usr/lib/python3.8/dist-packages/__pycache__/sassc.cpython-38.pyc exists in debian/tmp but is not installed to anywhere
	The following debhelper tools have reported what they installed (with files per package)
	 * dh_install: pysassc (1), python3-libsass (14)
	 * dh_installdocs: pysassc (0), python3-libsass (0)
	 * dh_installman: pysassc (1), python3-libsass (0)
	If the missing files are installed by another tool, please file a bug against it.
	When filing the report, if the tool is not part of debhelper itself, please reference the
	"Logging helpers and dh_missing" section from the "PROGRAMMING" guide for debhelper (10.6.3+).
	  (in the debhelper package: /usr/share/doc/debhelper/PROGRAMMING.gz)
	Be sure to test with dpkg-buildpackage -A/-B as the results may vary when only a subset is built
	For a short-term work-around: Add the files to debian/not-installed
   dh_dwz -O--buildsystem=pybuild
	install -d debian/python3-libsass/usr/lib/debug/.dwz/x86_64-linux-gnu
	dwz -mdebian/python3-libsass/usr/lib/debug/.dwz/x86_64-linux-gnu/python3-libsass.debug -M/usr/lib/debug/.dwz/x86_64-linux-gnu/python3-libsass.debug -- debian/python3-libsass/usr/lib/python3/dist-packages/_sass.cpython-37m-x86_64-linux-gnu.so debian/python3-libsass/usr/lib/python3/dist-packages/_sass.cpython-38-x86_64-linux-gnu.so
	objcopy --compress-debug-sections debian/python3-libsass/usr/lib/debug/.dwz/x86_64-linux-gnu/python3-libsass.debug
   dh_strip -O--buildsystem=pybuild
	install -d debian/.debhelper/python3-libsass/dbgsym-root/usr/lib/debug/.build-id/15
	objcopy --only-keep-debug --compress-debug-sections debian/python3-libsass/usr/lib/python3/dist-packages/_sass.cpython-37m-x86_64-linux-gnu.so debian/.debhelper/python3-libsass/dbgsym-root/usr/lib/debug/.build-id/15/9cbd35cea68798f940173b7f6efc5fa7bd9bab.debug
	chmod 0644 -- debian/.debhelper/python3-libsass/dbgsym-root/usr/lib/debug/.build-id/15/9cbd35cea68798f940173b7f6efc5fa7bd9bab.debug
	strip --remove-section=.comment --remove-section=.note --strip-unneeded debian/python3-libsass/usr/lib/python3/dist-packages/_sass.cpython-37m-x86_64-linux-gnu.so
	objcopy --add-gnu-debuglink debian/.debhelper/python3-libsass/dbgsym-root/usr/lib/debug/.build-id/15/9cbd35cea68798f940173b7f6efc5fa7bd9bab.debug debian/python3-libsass/usr/lib/python3/dist-packages/_sass.cpython-37m-x86_64-linux-gnu.so
	install -d debian/.debhelper/python3-libsass/dbgsym-root/usr/lib/debug/.build-id/65
	objcopy --only-keep-debug --compress-debug-sections debian/python3-libsass/usr/lib/python3/dist-packages/_sass.cpython-38-x86_64-linux-gnu.so debian/.debhelper/python3-libsass/dbgsym-root/usr/lib/debug/.build-id/65/9d1f2ad42faac45bb4da85fd82bb1bf6d8c891.debug
	chmod 0644 -- debian/.debhelper/python3-libsass/dbgsym-root/usr/lib/debug/.build-id/65/9d1f2ad42faac45bb4da85fd82bb1bf6d8c891.debug
	strip --remove-section=.comment --remove-section=.note --strip-unneeded debian/python3-libsass/usr/lib/python3/dist-packages/_sass.cpython-38-x86_64-linux-gnu.so
	objcopy --add-gnu-debuglink debian/.debhelper/python3-libsass/dbgsym-root/usr/lib/debug/.build-id/65/9d1f2ad42faac45bb4da85fd82bb1bf6d8c891.debug debian/python3-libsass/usr/lib/python3/dist-packages/_sass.cpython-38-x86_64-linux-gnu.so
	install -d debian/.debhelper/python3-libsass/dbgsym-root/usr/lib/debug/.dwz
	cp --reflink=auto -a debian/python3-libsass/usr/lib/debug/.dwz/x86_64-linux-gnu debian/.debhelper/python3-libsass/dbgsym-root/usr/lib/debug/.dwz
	rm -fr debian/python3-libsass/usr/lib/debug/.dwz
	rmdir -p --ignore-fail-on-non-empty debian/python3-libsass/usr/lib/debug
	install -d debian/.debhelper/python3-libsass/dbgsym-root/usr/share/doc
	ln -s python3-libsass debian/.debhelper/python3-libsass/dbgsym-root/usr/share/doc/python3-libsass-dbgsym
   dh_makeshlibs -O--buildsystem=pybuild
	rm -f debian/python3-libsass/DEBIAN/shlibs
	rm -f debian/pysassc/DEBIAN/shlibs
   dh_shlibdeps -O--buildsystem=pybuild
	install -d debian/python3-libsass/DEBIAN
	dpkg-shlibdeps -Tdebian/python3-libsass.substvars debian/python3-libsass/usr/lib/python3/dist-packages/_sass.cpython-37m-x86_64-linux-gnu.so debian/python3-libsass/usr/lib/python3/dist-packages/_sass.cpython-38-x86_64-linux-gnu.so
dpkg-shlibdeps: warning: package could avoid a useless dependency if debian/python3-libsass/usr/lib/python3/dist-packages/_sass.cpython-38-x86_64-linux-gnu.so debian/python3-libsass/usr/lib/python3/dist-packages/_sass.cpython-37m-x86_64-linux-gnu.so were not linked against libgcc_s.so.1 (they use none of the library's symbols)
dpkg-shlibdeps: warning: package could avoid a useless dependency if debian/python3-libsass/usr/lib/python3/dist-packages/_sass.cpython-38-x86_64-linux-gnu.so debian/python3-libsass/usr/lib/python3/dist-packages/_sass.cpython-37m-x86_64-linux-gnu.so were not linked against libpthread.so.0 (they use none of the library's symbols)
dpkg-shlibdeps: warning: package could avoid a useless dependency if debian/python3-libsass/usr/lib/python3/dist-packages/_sass.cpython-38-x86_64-linux-gnu.so debian/python3-libsass/usr/lib/python3/dist-packages/_sass.cpython-37m-x86_64-linux-gnu.so were not linked against libstdc++.so.6 (they use none of the library's symbols)
   dh_installdeb -O--buildsystem=pybuild
	printf '#!/bin/sh\nset -e\n' > debian/python3-libsass/DEBIAN/postinst
	cat debian/python3-libsass.postinst.debhelper >> debian/python3-libsass/DEBIAN/postinst
	chmod 0755 -- debian/python3-libsass/DEBIAN/postinst
	printf '#!/bin/sh\nset -e\n' > debian/python3-libsass/DEBIAN/prerm
	cat debian/python3-libsass.prerm.debhelper >> debian/python3-libsass/DEBIAN/prerm
	chmod 0755 -- debian/python3-libsass/DEBIAN/prerm
	install -d debian/pysassc/DEBIAN
   dh_gencontrol -O--buildsystem=pybuild
	echo misc:Depends= >> debian/pysassc.substvars
	echo misc:Pre-Depends= >> debian/pysassc.substvars
	dpkg-gencontrol -ppysassc -ldebian/changelog -Tdebian/pysassc.substvars -Pdebian/pysassc -UMulti-Arch
	echo misc:Depends= >> debian/python3-libsass.substvars
	echo misc:Pre-Depends= >> debian/python3-libsass.substvars
	install -d debian/.debhelper/python3-libsass/dbgsym-root/DEBIAN
	dpkg-gencontrol -ppython3-libsass -ldebian/changelog -Tdebian/python3-libsass.substvars -Pdebian/.debhelper/python3-libsass/dbgsym-root -UPre-Depends -URecommends -USuggests -UEnhances -UProvides -UEssential -UConflicts -DPriority=optional -UHomepage -UImportant -UBuilt-Using -DAuto-Built-Package=debug-symbols -DPackage=python3-libsass-dbgsym "-DDepends=python3-libsass (= \${binary:Version})" "-DDescription=debug symbols for python3-libsass" "-DBuild-Ids=159cbd35cea68798f940173b7f6efc5fa7bd9bab 659d1f2ad42faac45bb4da85fd82bb1bf6d8c891" -DSection=debug -UMulti-Arch -UReplaces -UBreaks
dpkg-gencontrol: warning: Depends field of package pysassc: substitution variable ${shlibs:Depends} used, but is not defined
	chmod 0644 -- debian/pysassc/DEBIAN/control
dpkg-gencontrol: warning: package python3-libsass: substitution variable ${python3:Provides} unused, but is defined
dpkg-gencontrol: warning: package python3-libsass: substitution variable ${python3:Versions} unused, but is defined
	chmod 0644 -- debian/.debhelper/python3-libsass/dbgsym-root/DEBIAN/control
	dpkg-gencontrol -ppython3-libsass -ldebian/changelog -Tdebian/python3-libsass.substvars -Pdebian/python3-libsass -UMulti-Arch
dpkg-gencontrol: warning: package python3-libsass: substitution variable ${python3:Provides} unused, but is defined
dpkg-gencontrol: warning: package python3-libsass: substitution variable ${python3:Versions} unused, but is defined
	chmod 0644 -- debian/python3-libsass/DEBIAN/control
   dh_md5sums -O--buildsystem=pybuild
	cd debian/python3-libsass >/dev/null && xargs -r0 md5sum | perl -pe 'if (s@^\\@@) { s/\\\\/\\/g; }' > DEBIAN/md5sums
	cd debian/pysassc >/dev/null && xargs -r0 md5sum | perl -pe 'if (s@^\\@@) { s/\\\\/\\/g; }' > DEBIAN/md5sums
	chmod 0644 -- debian/pysassc/DEBIAN/md5sums
	chmod 0644 -- debian/python3-libsass/DEBIAN/md5sums
	cd debian/.debhelper/python3-libsass/dbgsym-root >/dev/null && xargs -r0 md5sum | perl -pe 'if (s@^\\@@) { s/\\\\/\\/g; }' > DEBIAN/md5sums
	chmod 0644 -- debian/.debhelper/python3-libsass/dbgsym-root/DEBIAN/md5sums
   dh_builddeb -O--buildsystem=pybuild
	dpkg-deb --root-owner-group --build debian/.debhelper/python3-libsass/dbgsym-root ..
dpkg-deb: building package 'python3-libsass-dbgsym' in '../python3-libsass-dbgsym_0.18.0-1_amd64.deb'.
	dpkg-deb --root-owner-group --build debian/python3-libsass ..
	dpkg-deb --root-owner-group --build debian/pysassc ..
dpkg-deb: building package 'pysassc' in '../pysassc_0.18.0-1_all.deb'.
dpkg-deb: building package 'python3-libsass' in '../python3-libsass_0.18.0-1_amd64.deb'.
 dpkg-genbuildinfo --build=binary
 dpkg-genchanges --build=binary >../libsass-python_0.18.0-1_amd64.changes
dpkg-genchanges: info: binary-only upload (no source code included)
 dpkg-source --after-build .
dpkg-buildpackage: info: binary-only upload (no source included)
--------------------------------------------------------------------------------
Build finished at 2020-02-25T02:49:53Z

Finished
--------

I: Built successfully

+------------------------------------------------------------------------------+
| Changes                                                                      |
+------------------------------------------------------------------------------+


libsass-python_0.18.0-1_amd64.changes:
--------------------------------------

Format: 1.8
Date: Tue, 21 Jan 2020 15:45:22 +0100
Source: libsass-python
Binary: pysassc python3-libsass python3-libsass-dbgsym
Architecture: all amd64
Version: 0.18.0-1
Distribution: unstable
Urgency: medium
Maintainer: Frdric Bonnard <frediz@debian.org>
Changed-By: Frdric Bonnard <frediz@debian.org>
Description:
 pysassc    - SASS for Python: command line utility for libsass
 python3-libsass - SASS for Python 3: a straightforward binding of libsass for Pytho
Changes:
 libsass-python (0.18.0-1) unstable; urgency=medium
 .
   * New upstream release
   * Link 0.18.0 with newer libsass 3.5.5
   * Fix python3 dependency
   * Replace debian/compat with debhelper-compat dependency
   * Add Rules-Requires-Root field
Checksums-Sha1:
 59eb57144902b9db43fbeddde1d1810329d4fa32 7969 libsass-python_0.18.0-1_amd64.buildinfo
 4d1cbdceb49f84736abbc95dce047167d11fc367 10680 pysassc_0.18.0-1_all.deb
 f5cd1a78e54650e51861ded1ea198fefc0493629 29116 python3-libsass-dbgsym_0.18.0-1_amd64.deb
 64ed9bf1c83998fd6b6d337a6914bd1be35c297f 43484 python3-libsass_0.18.0-1_amd64.deb
Checksums-Sha256:
 40d093f3f9f05479951bdfa890f3d24beee79eb39bcbccb3e4fa8a71fce5547d 7969 libsass-python_0.18.0-1_amd64.buildinfo
 898463c8e5581764ffc6339551a2206908abc05dad90d13e80b21e30abb979c0 10680 pysassc_0.18.0-1_all.deb
 62602da1df98ca06f7b1abb18bccd9be3150afee9daeebaa087036c5d671ee56 29116 python3-libsass-dbgsym_0.18.0-1_amd64.deb
 802d646e434f3a3a3a9d2468c74d1515b13f52221a4509fbc7d4226a819494bd 43484 python3-libsass_0.18.0-1_amd64.deb
Files:
 ab8c79853586ec9320bb6e1aa5509ed4 7969 python optional libsass-python_0.18.0-1_amd64.buildinfo
 0d41e079037e887bf878686e62a461a9 10680 web optional pysassc_0.18.0-1_all.deb
 8326ca6efb6e4a7c19b9309141b524ef 29116 debug optional python3-libsass-dbgsym_0.18.0-1_amd64.deb
 729038552e6beadf4ac84cdf4d36dbcd 43484 python optional python3-libsass_0.18.0-1_amd64.deb

+------------------------------------------------------------------------------+
| Buildinfo                                                                    |
+------------------------------------------------------------------------------+

Format: 1.0
Source: libsass-python
Binary: python3-libsass pysassc
Architecture: all amd64
Version: 0.18.0-1
Checksums-Md5:
 0d41e079037e887bf878686e62a461a9 10680 pysassc_0.18.0-1_all.deb
 8326ca6efb6e4a7c19b9309141b524ef 29116 python3-libsass-dbgsym_0.18.0-1_amd64.deb
 729038552e6beadf4ac84cdf4d36dbcd 43484 python3-libsass_0.18.0-1_amd64.deb
Checksums-Sha1:
 4d1cbdceb49f84736abbc95dce047167d11fc367 10680 pysassc_0.18.0-1_all.deb
 f5cd1a78e54650e51861ded1ea198fefc0493629 29116 python3-libsass-dbgsym_0.18.0-1_amd64.deb
 64ed9bf1c83998fd6b6d337a6914bd1be35c297f 43484 python3-libsass_0.18.0-1_amd64.deb
Checksums-Sha256:
 898463c8e5581764ffc6339551a2206908abc05dad90d13e80b21e30abb979c0 10680 pysassc_0.18.0-1_all.deb
 62602da1df98ca06f7b1abb18bccd9be3150afee9daeebaa087036c5d671ee56 29116 python3-libsass-dbgsym_0.18.0-1_amd64.deb
 802d646e434f3a3a3a9d2468c74d1515b13f52221a4509fbc7d4226a819494bd 43484 python3-libsass_0.18.0-1_amd64.deb
Build-Origin: Debian
Build-Architecture: amd64
Build-Date: Tue, 25 Feb 2020 02:49:52 +0000
Build-Path: /<<PKGBUILDDIR>>
Installed-Build-Depends:
 autoconf (= 2.69-11.1),
 automake (= 1:1.16.1-4),
 autopoint (= 0.19.8.1-10),
 autotools-dev (= 20180224.1),
 base-files (= 11),
 base-passwd (= 3.5.47),
 bash (= 5.0-5),
 binutils (= 2.34-3),
 binutils-common (= 2.34-3),
 binutils-x86-64-linux-gnu (= 2.34-3),
 bsdmainutils (= 11.1.2+b1),
 bsdutils (= 1:2.34-0.1),
 build-essential (= 12.8),
 bzip2 (= 1.0.8-2),
 ca-certificates (= 20190110),
 clang-8 (= 1:8.0.1-7),
 coreutils (= 8.30-3+b1),
 cpp (= 4:9.2.1-3.1),
 cpp-9 (= 9.2.1-29),
 dash (= 0.5.10.2-6),
 debconf (= 1.5.73),
 debhelper (= 12.9),
 debianutils (= 4.9.1),
 dh-autoreconf (= 19),
 dh-python (= 4.20191017),
 dh-strip-nondeterminism (= 1.6.3-2),
 diffutils (= 1:3.7-3),
 docutils-common (= 0.16+dfsg-1),
 dpkg (= 1.19.7),
 dpkg-dev (= 1.19.7),
 dwz (= 0.13-5),
 fdisk (= 2.34-0.1),
 file (= 1:5.38-4),
 findutils (= 4.7.0-1),
 g++ (= 4:9.2.1-3.1),
 g++-9 (= 9.2.1-29),
 gcc (= 4:9.2.1-3.1),
 gcc-10-base (= 10-20200222-1),
 gcc-8-base (= 8.3.0-29),
 gcc-9 (= 9.2.1-29),
 gcc-9-base (= 9.2.1-29),
 gettext (= 0.19.8.1-10),
 gettext-base (= 0.19.8.1-10),
 grep (= 3.4-1),
 groff-base (= 1.22.4-4),
 gzip (= 1.9-3+b1),
 hostname (= 3.23),
 init-system-helpers (= 1.57),
 intltool-debian (= 0.35.0+20060710.5),
 lib32gcc-s1 (= 10-20200222-1),
 lib32gcc1 (= 1:10-20200222-1),
 lib32stdc++6 (= 10-20200222-1),
 libacl1 (= 2.2.53-5),
 libarchive-zip-perl (= 1.67-1),
 libasan5 (= 9.2.1-29),
 libatomic1 (= 10-20200222-1),
 libattr1 (= 1:2.4.48-5),
 libaudit-common (= 1:2.8.5-2),
 libaudit1 (= 1:2.8.5-2+b1),
 libbinutils (= 2.34-3),
 libblkid1 (= 2.34-0.1),
 libbsd0 (= 0.10.0-1),
 libbz2-1.0 (= 1.0.8-2),
 libc-bin (= 2.29-10),
 libc-dev-bin (= 2.29-10),
 libc6 (= 2.29-10),
 libc6-dev (= 2.29-10),
 libc6-i386 (= 2.29-10),
 libcap-ng0 (= 0.7.9-2.1+b1),
 libcc1-0 (= 10-20200222-1),
 libclang-common-8-dev (= 1:8.0.1-7),
 libclang1-8 (= 1:8.0.1-7),
 libcroco3 (= 0.6.13-1),
 libcrypt-dev (= 1:4.4.10-10),
 libcrypt1 (= 1:4.4.10-10),
 libctf-nobfd0 (= 2.34-3),
 libctf0 (= 2.34-3),
 libdb5.3 (= 5.3.28+dfsg1-0.6),
 libdebconfclient0 (= 0.251),
 libdebhelper-perl (= 12.9),
 libdpkg-perl (= 1.19.7),
 libedit2 (= 3.1-20191231-1),
 libelf1 (= 0.176-1.1),
 libexpat1 (= 2.2.9-1),
 libexpat1-dev (= 2.2.9-1),
 libfdisk1 (= 2.34-0.1),
 libffi7 (= 3.3-3),
 libfile-stripnondeterminism-perl (= 1.6.3-2),
 libgc1c2 (= 1:7.6.4-0.4),
 libgcc-8-dev (= 8.3.0-29),
 libgcc-9-dev (= 9.2.1-29),
 libgcc-s1 (= 10-20200222-1),
 libgcc1 (= 1:10-20200222-1),
 libgcrypt20 (= 1.8.5-5),
 libgdbm-compat4 (= 1.18.1-5),
 libgdbm6 (= 1.18.1-5),
 libglib2.0-0 (= 2.62.4-2),
 libgmp10 (= 2:6.2.0+dfsg-4),
 libgomp1 (= 10-20200222-1),
 libgpg-error0 (= 1.37-1),
 libicu63 (= 63.2-2),
 libisl22 (= 0.22.1-1),
 libitm1 (= 10-20200222-1),
 libjs-jquery (= 3.3.1~dfsg-3),
 libjs-sphinxdoc (= 1.8.5-5),
 libjs-underscore (= 1.9.1~dfsg-1),
 libllvm8 (= 1:8.0.1-7),
 liblsan0 (= 10-20200222-1),
 liblz4-1 (= 1.9.2-2),
 liblzma5 (= 5.2.4-1+b1),
 libmagic-mgc (= 1:5.38-4),
 libmagic1 (= 1:5.38-4),
 libmount1 (= 2.34-0.1),
 libmpc3 (= 1.1.0-1),
 libmpdec2 (= 2.4.2-2),
 libmpfr6 (= 4.0.2-1),
 libmpx2 (= 8.3.0-29),
 libncursesw6 (= 6.1+20191019-1),
 libobjc-8-dev (= 8.3.0-29),
 libobjc4 (= 10-20200222-1),
 libpam-modules (= 1.3.1-5),
 libpam-modules-bin (= 1.3.1-5),
 libpam-runtime (= 1.3.1-5),
 libpam0g (= 1.3.1-5),
 libpcre2-8-0 (= 10.34-7),
 libpcre3 (= 2:8.39-12+b1),
 libperl5.30 (= 5.30.0-9),
 libpipeline1 (= 1.5.2-2),
 libpython3-all-dev (= 3.7.5-3),
 libpython3-dev (= 3.7.5-3),
 libpython3-stdlib (= 3.7.5-3),
 libpython3.7 (= 3.7.6-1+b1),
 libpython3.7-dev (= 3.7.6-1+b1),
 libpython3.7-minimal (= 3.7.6-1+b1),
 libpython3.7-stdlib (= 3.7.6-1+b1),
 libpython3.8 (= 3.8.2~rc2-2),
 libpython3.8-dev (= 3.8.2~rc2-2),
 libpython3.8-minimal (= 3.8.2~rc2-2),
 libpython3.8-stdlib (= 3.8.2~rc2-2),
 libquadmath0 (= 10-20200222-1),
 libreadline8 (= 8.0-3),
 libsass-dev (= 3.5.5-4),
 libsass1 (= 3.5.5-4),
 libseccomp2 (= 2.4.2-2),
 libselinux1 (= 3.0-1+b1),
 libsigsegv2 (= 2.12-2),
 libsmartcols1 (= 2.34-0.1),
 libsqlite3-0 (= 3.31.1-3),
 libssl1.1 (= 1.1.1d-2),
 libstdc++-8-dev (= 8.3.0-29),
 libstdc++-9-dev (= 9.2.1-29),
 libstdc++6 (= 10-20200222-1),
 libsub-override-perl (= 0.09-2),
 libsystemd0 (= 244.3-1),
 libtinfo6 (= 6.1+20191019-1),
 libtool (= 2.4.6-13),
 libtsan0 (= 10-20200222-1),
 libubsan1 (= 10-20200222-1),
 libuchardet0 (= 0.0.6-3),
 libudev1 (= 244.3-1),
 libunistring2 (= 0.9.10-2),
 libuuid1 (= 2.34-0.1),
 libxml2 (= 2.9.10+dfsg-3),
 linux-libc-dev (= 5.4.19-1),
 login (= 1:4.8.1-1),
 lsb-base (= 11.1.0),
 m4 (= 1.4.18-4),
 make (= 4.2.1-1.2),
 man-db (= 2.9.0-2),
 mawk (= 1.3.4.20200120-2),
 mime-support (= 3.64),
 ncurses-base (= 6.1+20191019-1),
 ncurses-bin (= 6.1+20191019-1),
 openssl (= 1.1.1d-2),
 patch (= 2.7.6-6),
 perl (= 5.30.0-9),
 perl-base (= 5.30.0-9),
 perl-modules-5.30 (= 5.30.0-9),
 po-debconf (= 1.0.21),
 python-babel-localedata (= 2.8.0+dfsg.1-2),
 python3 (= 3.7.5-3),
 python3-alabaster (= 0.7.8-1),
 python3-all (= 3.7.5-3),
 python3-all-dev (= 3.7.5-3),
 python3-atomicwrites (= 1.1.5-2),
 python3-attr (= 19.3.0-1),
 python3-babel (= 2.8.0+dfsg.1-2),
 python3-certifi (= 2019.11.28-1),
 python3-chardet (= 3.0.4-4),
 python3-dev (= 3.7.5-3),
 python3-distutils (= 3.8.0-1),
 python3-docutils (= 0.16+dfsg-1),
 python3-entrypoints (= 0.3-1),
 python3-flake8 (= 3.7.9-2),
 python3-idna (= 2.6-2),
 python3-imagesize (= 1.2.0-1),
 python3-importlib-metadata (= 1.5.0-1),
 python3-jinja2 (= 2.10.1-1),
 python3-lib2to3 (= 3.8.0-1),
 python3-markupsafe (= 1.1.0-1+b2),
 python3-mccabe (= 0.6.1-3),
 python3-minimal (= 3.7.5-3),
 python3-more-itertools (= 4.2.0-1),
 python3-packaging (= 19.1-2),
 python3-pkg-resources (= 44.0.0-1),
 python3-pluggy (= 0.13.0-2),
 python3-py (= 1.8.1-1),
 python3-pycodestyle (= 2.5.0-2),
 python3-pyflakes (= 2.1.1-2),
 python3-pygments (= 2.3.1+dfsg-1),
 python3-pyparsing (= 2.4.6-1),
 python3-pytest (= 4.6.9-1),
 python3-requests (= 2.22.0-2),
 python3-roman (= 2.0.0-3),
 python3-setuptools (= 44.0.0-1),
 python3-six (= 1.14.0-2),
 python3-sphinx (= 1.8.5-5),
 python3-tz (= 2019.3-1),
 python3-urllib3 (= 1.25.8-1),
 python3-wcwidth (= 0.1.8+dfsg1-3),
 python3-werkzeug (= 0.16.1+dfsg1-1),
 python3-zipp (= 1.0.0-1),
 python3.7 (= 3.7.6-1+b1),
 python3.7-dev (= 3.7.6-1+b1),
 python3.7-minimal (= 3.7.6-1+b1),
 python3.8 (= 3.8.2~rc2-2),
 python3.8-dev (= 3.8.2~rc2-2),
 python3.8-minimal (= 3.8.2~rc2-2),
 readline-common (= 8.0-3),
 sed (= 4.7-1),
 sensible-utils (= 0.0.12+nmu1),
 sgml-base (= 1.29.1),
 sphinx-common (= 1.8.5-5),
 sysvinit-utils (= 2.96-2.1),
 tar (= 1.30+dfsg-6+b1),
 tzdata (= 2019c-3),
 util-linux (= 2.34-0.1),
 xml-core (= 0.18+nmu1),
 xz-utils (= 5.2.4-1+b1),
 zlib1g (= 1:1.2.11.dfsg-1.2),
 zlib1g-dev (= 1:1.2.11.dfsg-1.2)
Environment:
 DEB_BUILD_OPTIONS="parallel=4"
 LANG="C.UTF-8"
 LC_ALL="C.UTF-8"
 SOURCE_DATE_EPOCH="1579617922"


+------------------------------------------------------------------------------+
| Package contents                                                             |
+------------------------------------------------------------------------------+


pysassc_0.18.0-1_all.deb
------------------------

 new Debian package, version 2.0.
 size 10680 bytes: control archive=804 bytes.
     571 bytes,    16 lines      control              
     327 bytes,     5 lines      md5sums              
 Package: pysassc
 Source: libsass-python
 Version: 0.18.0-1
 Architecture: all
 Maintainer: Frdric Bonnard <frediz@debian.org>
 Installed-Size: 22
 Depends: python3:any, python3-libsass
 Section: web
 Priority: optional
 Homepage: https://hongminhee.org/libsass-python/
 Description: SASS for Python: command line utility for libsass
  This package provides a simple Python script to access libsass
  functionnalities.
  Libsass (written in C/C++ by Hampton Catlin and Aaron Leung). It's very
  straightforward and there isn't any headache related Python
  distribution/deployment.

drwxr-xr-x root/root         0 2020-01-21 14:45 ./
drwxr-xr-x root/root         0 2020-01-21 14:45 ./usr/
drwxr-xr-x root/root         0 2020-01-21 14:45 ./usr/bin/
-rwxr-xr-x root/root       385 2020-01-21 14:45 ./usr/bin/pysassc
drwxr-xr-x root/root         0 2020-01-21 14:45 ./usr/share/
drwxr-xr-x root/root         0 2020-01-21 14:45 ./usr/share/doc/
drwxr-xr-x root/root         0 2020-01-21 14:45 ./usr/share/doc/pysassc/
-rw-r--r-- root/root      1310 2020-01-21 14:45 ./usr/share/doc/pysassc/changelog.Debian.gz
-rw-r--r-- root/root      5751 2019-03-14 03:15 ./usr/share/doc/pysassc/changelog.gz
-rw-r--r-- root/root      1427 2020-01-21 12:47 ./usr/share/doc/pysassc/copyright
drwxr-xr-x root/root         0 2020-01-21 14:45 ./usr/share/man/
drwxr-xr-x root/root         0 2020-01-21 14:45 ./usr/share/man/man1/
-rw-r--r-- root/root      1041 2020-01-21 14:45 ./usr/share/man/man1/pysassc.1.gz


python3-libsass-dbgsym_0.18.0-1_amd64.deb
-----------------------------------------

 new Debian package, version 2.0.
 size 29116 bytes: control archive=636 bytes.
     409 bytes,    12 lines      control              
     304 bytes,     3 lines      md5sums              
 Package: python3-libsass-dbgsym
 Source: libsass-python
 Version: 0.18.0-1
 Auto-Built-Package: debug-symbols
 Architecture: amd64
 Maintainer: Frdric Bonnard <frediz@debian.org>
 Installed-Size: 61
 Depends: python3-libsass (= 0.18.0-1)
 Section: debug
 Priority: optional
 Description: debug symbols for python3-libsass
 Build-Ids: 159cbd35cea68798f940173b7f6efc5fa7bd9bab 659d1f2ad42faac45bb4da85fd82bb1bf6d8c891

drwxr-xr-x root/root         0 2020-01-21 14:45 ./
drwxr-xr-x root/root         0 2020-01-21 14:45 ./usr/
drwxr-xr-x root/root         0 2020-01-21 14:45 ./usr/lib/
drwxr-xr-x root/root         0 2020-01-21 14:45 ./usr/lib/debug/
drwxr-xr-x root/root         0 2020-01-21 14:45 ./usr/lib/debug/.build-id/
drwxr-xr-x root/root         0 2020-01-21 14:45 ./usr/lib/debug/.build-id/15/
-rw-r--r-- root/root     20344 2020-01-21 14:45 ./usr/lib/debug/.build-id/15/9cbd35cea68798f940173b7f6efc5fa7bd9bab.debug
drwxr-xr-x root/root         0 2020-01-21 14:45 ./usr/lib/debug/.build-id/65/
-rw-r--r-- root/root     20536 2020-01-21 14:45 ./usr/lib/debug/.build-id/65/9d1f2ad42faac45bb4da85fd82bb1bf6d8c891.debug
drwxr-xr-x root/root         0 2020-01-21 14:45 ./usr/lib/debug/.dwz/
drwxr-xr-x root/root         0 2020-01-21 14:45 ./usr/lib/debug/.dwz/x86_64-linux-gnu/
-rw-r--r-- root/root      6392 2020-01-21 14:45 ./usr/lib/debug/.dwz/x86_64-linux-gnu/python3-libsass.debug
drwxr-xr-x root/root         0 2020-01-21 14:45 ./usr/share/
drwxr-xr-x root/root         0 2020-01-21 14:45 ./usr/share/doc/
lrwxrwxrwx root/root         0 2020-01-21 14:45 ./usr/share/doc/python3-libsass-dbgsym -> python3-libsass


python3-libsass_0.18.0-1_amd64.deb
----------------------------------

 new Debian package, version 2.0.
 size 43484 bytes: control archive=1696 bytes.
     834 bytes,    17 lines      control              
    1674 bytes,    19 lines      md5sums              
     256 bytes,    12 lines   *  postinst             #!/bin/sh
     405 bytes,    12 lines   *  prerm                #!/bin/sh
 Package: python3-libsass
 Source: libsass-python
 Version: 0.18.0-1
 Architecture: amd64
 Maintainer: Frdric Bonnard <frediz@debian.org>
 Installed-Size: 217
 Depends: python3 (<< 3.9), python3 (>= 3.7~), python3-six, python3:any, libc6 (>= 2.4), libgcc-s1 (>= 3.0), libsass1, libstdc++6 (>= 4.1.1)
 Section: python
 Priority: optional
 Homepage: https://hongminhee.org/libsass-python/
 Description: SASS for Python 3: a straightforward binding of libsass for Python
  This package provides a simple Python 3 extension module sass which is binding
  Libsass (written in C/C++ by Hampton Catlin and Aaron Leung). It's very
  straightforward and there isn't any headache related Python
  distribution/deployment.
  That means you can add just libsass into your setup.py's install_requires list
  or requirements.txt file. Need no Ruby nor Node.js.

drwxr-xr-x root/root         0 2020-01-21 14:45 ./
drwxr-xr-x root/root         0 2020-01-21 14:45 ./usr/
drwxr-xr-x root/root         0 2020-01-21 14:45 ./usr/lib/
drwxr-xr-x root/root         0 2020-01-21 14:45 ./usr/lib/python3/
drwxr-xr-x root/root         0 2020-01-21 14:45 ./usr/lib/python3/dist-packages/
-rw-r--r-- root/root     31048 2020-01-21 14:45 ./usr/lib/python3/dist-packages/_sass.cpython-37m-x86_64-linux-gnu.so
-rw-r--r-- root/root     31048 2020-01-21 14:45 ./usr/lib/python3/dist-packages/_sass.cpython-38-x86_64-linux-gnu.so
drwxr-xr-x root/root         0 2020-01-21 14:45 ./usr/lib/python3/dist-packages/libsass-0.18.0.egg-info/
-rw-r--r-- root/root      5481 2020-01-21 14:45 ./usr/lib/python3/dist-packages/libsass-0.18.0.egg-info/PKG-INFO
-rw-r--r-- root/root         1 2020-01-21 14:45 ./usr/lib/python3/dist-packages/libsass-0.18.0.egg-info/dependency_links.txt
-rw-r--r-- root/root       211 2020-01-21 14:45 ./usr/lib/python3/dist-packages/libsass-0.18.0.egg-info/entry_points.txt
-rw-r--r-- root/root        40 2020-01-21 14:45 ./usr/lib/python3/dist-packages/libsass-0.18.0.egg-info/requires.txt
-rw-r--r-- root/root        45 2020-01-21 14:45 ./usr/lib/python3/dist-packages/libsass-0.18.0.egg-info/top_level.txt
-rw-r--r-- root/root      7066 2019-03-14 03:15 ./usr/lib/python3/dist-packages/pysassc.py
-rw-r--r-- root/root     32301 2019-03-14 03:15 ./usr/lib/python3/dist-packages/sass.py
-rw-r--r-- root/root       267 2019-03-14 03:15 ./usr/lib/python3/dist-packages/sassc.py
-rw-r--r-- root/root     54507 2019-03-14 03:15 ./usr/lib/python3/dist-packages/sasstests.py
drwxr-xr-x root/root         0 2020-01-21 14:45 ./usr/lib/python3/dist-packages/sassutils/
-rw-r--r-- root/root       247 2019-03-14 03:15 ./usr/lib/python3/dist-packages/sassutils/__init__.py
-rw-r--r-- root/root       204 2019-03-14 03:15 ./usr/lib/python3/dist-packages/sassutils/_compat.py
-rw-r--r-- root/root     11454 2019-03-14 03:15 ./usr/lib/python3/dist-packages/sassutils/builder.py
-rw-r--r-- root/root      6416 2019-03-14 03:15 ./usr/lib/python3/dist-packages/sassutils/distutils.py
-rw-r--r-- root/root      6354 2019-03-14 03:15 ./usr/lib/python3/dist-packages/sassutils/wsgi.py
drwxr-xr-x root/root         0 2020-01-21 14:45 ./usr/share/
drwxr-xr-x root/root         0 2020-01-21 14:45 ./usr/share/doc/
drwxr-xr-x root/root         0 2020-01-21 14:45 ./usr/share/doc/python3-libsass/
-rw-r--r-- root/root      1310 2020-01-21 14:45 ./usr/share/doc/python3-libsass/changelog.Debian.gz
-rw-r--r-- root/root      5751 2019-03-14 03:15 ./usr/share/doc/python3-libsass/changelog.gz
-rw-r--r-- root/root      1427 2020-01-21 12:47 ./usr/share/doc/python3-libsass/copyright


+------------------------------------------------------------------------------+
| Post Build                                                                   |
+------------------------------------------------------------------------------+


+------------------------------------------------------------------------------+
| Cleanup                                                                      |
+------------------------------------------------------------------------------+

Purging /<<BUILDDIR>>
Not cleaning session: cloned chroot in use

+------------------------------------------------------------------------------+
| Summary                                                                      |
+------------------------------------------------------------------------------+

Build Architecture: amd64
Build Type: binary
Build-Space: 4764
Build-Time: 16
Distribution: unstable
Host Architecture: amd64
Install-Time: 68
Job: libsass-python_0.18.0-1
Machine Architecture: amd64
Package: libsass-python
Package-Time: 108
Source-Version: 0.18.0-1
Space: 4764
Status: successful
Version: 0.18.0-1
--------------------------------------------------------------------------------
Finished at 2020-02-25T02:49:53Z
Build needed 00:01:48, 4764k disk space
DC-Status: OK 109.100898099s
