DC-Build-Header: yarl 1.4.2-1 / 2020-02-25 18:49:55 +0000
DC-Task: type:rebuild-binarch-only source:yarl version:1.4.2-1 chroot:unstable esttime:57 logfile:/tmp/yarl_1.4.2-1_unstable_clang8.log modes:clang8:binarch-only
DC-Sbuild-call: su user42 -c 'sbuild -n --arch-any --apt-update -d unstable -v --no-run-lintian --chroot-setup-commands=/tmp/clang8 yarl_1.4.2-1'
sbuild (Debian sbuild) 0.78.1 (09 February 2019) on ip-172-31-9-197.eu-central-1.compute.internal

+==============================================================================+
| yarl 1.4.2-1 (amd64)                         Tue, 25 Feb 2020 18:49:56 +0000 |
+==============================================================================+

Package: yarl
Version: 1.4.2-1
Source Version: 1.4.2-1
Distribution: unstable
Machine Architecture: amd64
Host Architecture: amd64
Build Architecture: amd64
Build Type: binary

I: NOTICE: Log filtering will replace 'var/run/schroot/mount/sid-amd64-sbuild-12af56e8-c740-4f65-8a2e-5d5337397fce' with '<<CHROOT>>'

+------------------------------------------------------------------------------+
| Chroot Setup Commands                                                        |
+------------------------------------------------------------------------------+


/tmp/clang8
-----------

+ echo 'Entering customization script...'
Entering customization script...
+ CLANG_VERSION=8
+ echo 'Install of clang-8'
Install of clang-8
+ apt-get update
Get:1 http://127.0.0.1:12990/debian sid InRelease [142 kB]
Get:2 http://127.0.0.1:12990/debian sid/main Sources.diff/Index [27.9 kB]
Get:3 http://127.0.0.1:12990/debian sid/main amd64 Packages.diff/Index [27.9 kB]
Get:4 http://127.0.0.1:12990/debian sid/main Sources 2020-02-24-0823.32.pdiff [11.0 kB]
Get:5 http://127.0.0.1:12990/debian sid/main Sources 2020-02-24-1420.34.pdiff [30.2 kB]
Get:6 http://127.0.0.1:12990/debian sid/main Sources 2020-02-24-2014.03.pdiff [16.9 kB]
Get:7 http://127.0.0.1:12990/debian sid/main Sources 2020-02-25-0213.11.pdiff [23.2 kB]
Get:8 http://127.0.0.1:12990/debian sid/main Sources 2020-02-25-0815.22.pdiff [9222 B]
Get:9 http://127.0.0.1:12990/debian sid/main Sources 2020-02-25-1413.15.pdiff [16.3 kB]
Get:10 http://127.0.0.1:12990/debian sid/main amd64 Packages 2020-02-24-0823.32.pdiff [15.5 kB]
Get:11 http://127.0.0.1:12990/debian sid/main amd64 Packages 2020-02-24-1420.34.pdiff [27.5 kB]
Get:12 http://127.0.0.1:12990/debian sid/main amd64 Packages 2020-02-24-2014.03.pdiff [21.6 kB]
Get:13 http://127.0.0.1:12990/debian sid/main amd64 Packages 2020-02-25-0213.11.pdiff [35.0 kB]
Get:14 http://127.0.0.1:12990/debian sid/main amd64 Packages 2020-02-25-0815.22.pdiff [20.1 kB]
Get:15 http://127.0.0.1:12990/debian sid/main amd64 Packages 2020-02-25-1413.15.pdiff [18.4 kB]
Get:9 http://127.0.0.1:12990/debian sid/main Sources 2020-02-25-1413.15.pdiff [16.3 kB]
Get:15 http://127.0.0.1:12990/debian sid/main amd64 Packages 2020-02-25-1413.15.pdiff [18.4 kB]
Get:16 http://127.0.0.1:12990/debian sid/main Translation-en [6195 kB]
Fetched 6638 kB in 2s (3867 kB/s)
Reading package lists...
+ apt-get install --yes --no-install-recommends --force-yes clang-8 libomp-8-dev libobjc-9-dev
Reading package lists...
Building dependency tree...
The following additional packages will be installed:
  cpp-9 g++-9 gcc-8-base gcc-9 gcc-9-base lib32gcc-s1 lib32gcc1 lib32stdc++6
  libasan5 libbsd0 libc6-i386 libclang-common-8-dev libclang1-8 libedit2
  libgc1c2 libgcc-8-dev libgcc-9-dev libllvm8 libmpx2 libobjc-8-dev libobjc4
  libomp5-8 libstdc++-8-dev libstdc++-9-dev
Suggested packages:
  clang-8-doc gcc-9-locales g++-9-multilib gcc-9-doc gcc-9-multilib
  libomp-8-doc libstdc++-8-doc libstdc++-9-doc
Recommended packages:
  llvm-8-dev python3
The following NEW packages will be installed:
  clang-8 gcc-8-base lib32gcc-s1 lib32gcc1 lib32stdc++6 libbsd0 libc6-i386
  libclang-common-8-dev libclang1-8 libedit2 libgc1c2 libgcc-8-dev libllvm8
  libmpx2 libobjc-8-dev libobjc-9-dev libobjc4 libomp-8-dev libomp5-8
  libstdc++-8-dev
The following packages will be upgraded:
  cpp-9 g++-9 gcc-9 gcc-9-base libasan5 libgcc-9-dev libstdc++-9-dev
7 upgraded, 20 newly installed, 0 to remove and 3 not upgraded.
Need to get 74.9 MB of archives.
After this operation, 223 MB of additional disk space will be used.
Get:1 http://127.0.0.1:12990/debian sid/main amd64 libasan5 amd64 9.2.1-30 [389 kB]
Get:2 http://127.0.0.1:12990/debian sid/main amd64 g++-9 amd64 9.2.1-30 [10.7 MB]
Get:3 http://127.0.0.1:12990/debian sid/main amd64 gcc-9 amd64 9.2.1-30 [10.0 MB]
Get:4 http://127.0.0.1:12990/debian sid/main amd64 libstdc++-9-dev amd64 9.2.1-30 [1697 kB]
Get:5 http://127.0.0.1:12990/debian sid/main amd64 libgcc-9-dev amd64 9.2.1-30 [2349 kB]
Get:6 http://127.0.0.1:12990/debian sid/main amd64 cpp-9 amd64 9.2.1-30 [9711 kB]
Get:7 http://127.0.0.1:12990/debian sid/main amd64 gcc-9-base amd64 9.2.1-30 [196 kB]
Get:8 http://127.0.0.1:12990/debian sid/main amd64 libbsd0 amd64 0.10.0-1 [107 kB]
Get:9 http://127.0.0.1:12990/debian sid/main amd64 libedit2 amd64 3.1-20191231-1 [95.4 kB]
Get:10 http://127.0.0.1:12990/debian sid/main amd64 libllvm8 amd64 1:8.0.1-7 [13.8 MB]
Get:11 http://127.0.0.1:12990/debian sid/main amd64 gcc-8-base amd64 8.3.0-29 [194 kB]
Get:12 http://127.0.0.1:12990/debian sid/main amd64 libmpx2 amd64 8.3.0-29 [11.4 kB]
Get:13 http://127.0.0.1:12990/debian sid/main amd64 libgcc-8-dev amd64 8.3.0-29 [2297 kB]
Get:14 http://127.0.0.1:12990/debian sid/main amd64 libstdc++-8-dev amd64 8.3.0-29 [1543 kB]
Get:15 http://127.0.0.1:12990/debian sid/main amd64 libgc1c2 amd64 1:7.6.4-0.4 [224 kB]
Get:16 http://127.0.0.1:12990/debian sid/main amd64 libobjc4 amd64 10-20200222-1 [41.6 kB]
Get:17 http://127.0.0.1:12990/debian sid/main amd64 libobjc-8-dev amd64 8.3.0-29 [227 kB]
Get:18 http://127.0.0.1:12990/debian sid/main amd64 libc6-i386 amd64 2.29-10 [2918 kB]
Get:19 http://127.0.0.1:12990/debian sid/main amd64 lib32gcc-s1 amd64 10-20200222-1 [49.4 kB]
Get:20 http://127.0.0.1:12990/debian sid/main amd64 lib32gcc1 amd64 1:10-20200222-1 [1104 B]
Get:21 http://127.0.0.1:12990/debian sid/main amd64 lib32stdc++6 amd64 10-20200222-1 [510 kB]
Get:22 http://127.0.0.1:12990/debian sid/main amd64 libclang-common-8-dev amd64 1:8.0.1-7 [2989 kB]
Get:23 http://127.0.0.1:12990/debian sid/main amd64 libclang1-8 amd64 1:8.0.1-7 [6244 kB]
Get:24 http://127.0.0.1:12990/debian sid/main amd64 clang-8 amd64 1:8.0.1-7 [8010 kB]
Get:25 http://127.0.0.1:12990/debian sid/main amd64 libobjc-9-dev amd64 9.2.1-30 [219 kB]
Get:26 http://127.0.0.1:12990/debian sid/main amd64 libomp5-8 amd64 1:8.0.1-7 [331 kB]
Get:27 http://127.0.0.1:12990/debian sid/main amd64 libomp-8-dev amd64 1:8.0.1-7 [62.3 kB]
debconf: delaying package configuration, since apt-utils is not installed
Fetched 74.9 MB in 1s (99.3 MB/s)
(Reading database ... (Reading database ... 5%(Reading database ... 10%(Reading database ... 15%(Reading database ... 20%(Reading database ... 25%(Reading database ... 30%(Reading database ... 35%(Reading database ... 40%(Reading database ... 45%(Reading database ... 50%(Reading database ... 55%(Reading database ... 60%(Reading database ... 65%(Reading database ... 70%(Reading database ... 75%(Reading database ... 80%(Reading database ... 85%(Reading database ... 90%(Reading database ... 95%(Reading database ... 100%(Reading database ... 12119 files and directories currently installed.)
Preparing to unpack .../00-libasan5_9.2.1-30_amd64.deb ...
Unpacking libasan5:amd64 (9.2.1-30) over (9.2.1-29) ...
Preparing to unpack .../01-g++-9_9.2.1-30_amd64.deb ...
Unpacking g++-9 (9.2.1-30) over (9.2.1-29) ...
Preparing to unpack .../02-gcc-9_9.2.1-30_amd64.deb ...
Unpacking gcc-9 (9.2.1-30) over (9.2.1-29) ...
Preparing to unpack .../03-libstdc++-9-dev_9.2.1-30_amd64.deb ...
Unpacking libstdc++-9-dev:amd64 (9.2.1-30) over (9.2.1-29) ...
Preparing to unpack .../04-libgcc-9-dev_9.2.1-30_amd64.deb ...
Unpacking libgcc-9-dev:amd64 (9.2.1-30) over (9.2.1-29) ...
Preparing to unpack .../05-cpp-9_9.2.1-30_amd64.deb ...
Unpacking cpp-9 (9.2.1-30) over (9.2.1-29) ...
Preparing to unpack .../06-gcc-9-base_9.2.1-30_amd64.deb ...
Unpacking gcc-9-base:amd64 (9.2.1-30) over (9.2.1-29) ...
Selecting previously unselected package libbsd0:amd64.
Preparing to unpack .../07-libbsd0_0.10.0-1_amd64.deb ...
Unpacking libbsd0:amd64 (0.10.0-1) ...
Selecting previously unselected package libedit2:amd64.
Preparing to unpack .../08-libedit2_3.1-20191231-1_amd64.deb ...
Unpacking libedit2:amd64 (3.1-20191231-1) ...
Selecting previously unselected package libllvm8:amd64.
Preparing to unpack .../09-libllvm8_1%3a8.0.1-7_amd64.deb ...
Unpacking libllvm8:amd64 (1:8.0.1-7) ...
Selecting previously unselected package gcc-8-base:amd64.
Preparing to unpack .../10-gcc-8-base_8.3.0-29_amd64.deb ...
Unpacking gcc-8-base:amd64 (8.3.0-29) ...
Selecting previously unselected package libmpx2:amd64.
Preparing to unpack .../11-libmpx2_8.3.0-29_amd64.deb ...
Unpacking libmpx2:amd64 (8.3.0-29) ...
Selecting previously unselected package libgcc-8-dev:amd64.
Preparing to unpack .../12-libgcc-8-dev_8.3.0-29_amd64.deb ...
Unpacking libgcc-8-dev:amd64 (8.3.0-29) ...
Selecting previously unselected package libstdc++-8-dev:amd64.
Preparing to unpack .../13-libstdc++-8-dev_8.3.0-29_amd64.deb ...
Unpacking libstdc++-8-dev:amd64 (8.3.0-29) ...
Selecting previously unselected package libgc1c2:amd64.
Preparing to unpack .../14-libgc1c2_1%3a7.6.4-0.4_amd64.deb ...
Unpacking libgc1c2:amd64 (1:7.6.4-0.4) ...
Selecting previously unselected package libobjc4:amd64.
Preparing to unpack .../15-libobjc4_10-20200222-1_amd64.deb ...
Unpacking libobjc4:amd64 (10-20200222-1) ...
Selecting previously unselected package libobjc-8-dev:amd64.
Preparing to unpack .../16-libobjc-8-dev_8.3.0-29_amd64.deb ...
Unpacking libobjc-8-dev:amd64 (8.3.0-29) ...
Selecting previously unselected package libc6-i386.
Preparing to unpack .../17-libc6-i386_2.29-10_amd64.deb ...
Unpacking libc6-i386 (2.29-10) ...
Selecting previously unselected package lib32gcc-s1.
Preparing to unpack .../18-lib32gcc-s1_10-20200222-1_amd64.deb ...
Unpacking lib32gcc-s1 (10-20200222-1) ...
Selecting previously unselected package lib32gcc1.
Preparing to unpack .../19-lib32gcc1_1%3a10-20200222-1_amd64.deb ...
Unpacking lib32gcc1 (1:10-20200222-1) ...
Selecting previously unselected package lib32stdc++6.
Preparing to unpack .../20-lib32stdc++6_10-20200222-1_amd64.deb ...
Unpacking lib32stdc++6 (10-20200222-1) ...
Selecting previously unselected package libclang-common-8-dev.
Preparing to unpack .../21-libclang-common-8-dev_1%3a8.0.1-7_amd64.deb ...
Unpacking libclang-common-8-dev (1:8.0.1-7) ...
Selecting previously unselected package libclang1-8.
Preparing to unpack .../22-libclang1-8_1%3a8.0.1-7_amd64.deb ...
Unpacking libclang1-8 (1:8.0.1-7) ...
Selecting previously unselected package clang-8.
Preparing to unpack .../23-clang-8_1%3a8.0.1-7_amd64.deb ...
Unpacking clang-8 (1:8.0.1-7) ...
Selecting previously unselected package libobjc-9-dev:amd64.
Preparing to unpack .../24-libobjc-9-dev_9.2.1-30_amd64.deb ...
Unpacking libobjc-9-dev:amd64 (9.2.1-30) ...
Selecting previously unselected package libomp5-8:amd64.
Preparing to unpack .../25-libomp5-8_1%3a8.0.1-7_amd64.deb ...
Unpacking libomp5-8:amd64 (1:8.0.1-7) ...
Selecting previously unselected package libomp-8-dev.
Preparing to unpack .../26-libomp-8-dev_1%3a8.0.1-7_amd64.deb ...
Unpacking libomp-8-dev (1:8.0.1-7) ...
Setting up libgc1c2:amd64 (1:7.6.4-0.4) ...
Setting up libobjc4:amd64 (10-20200222-1) ...
Setting up gcc-8-base:amd64 (8.3.0-29) ...
Setting up libmpx2:amd64 (8.3.0-29) ...
Setting up libc6-i386 (2.29-10) ...
Setting up libbsd0:amd64 (0.10.0-1) ...
Setting up libomp5-8:amd64 (1:8.0.1-7) ...
Setting up libomp-8-dev (1:8.0.1-7) ...
Setting up gcc-9-base:amd64 (9.2.1-30) ...
Setting up libedit2:amd64 (3.1-20191231-1) ...
Setting up libasan5:amd64 (9.2.1-30) ...
Setting up lib32gcc-s1 (10-20200222-1) ...
Setting up libgcc-8-dev:amd64 (8.3.0-29) ...
Setting up cpp-9 (9.2.1-30) ...
Setting up libstdc++-8-dev:amd64 (8.3.0-29) ...
Setting up libllvm8:amd64 (1:8.0.1-7) ...
Setting up libclang1-8 (1:8.0.1-7) ...
Setting up lib32gcc1 (1:10-20200222-1) ...
Setting up libgcc-9-dev:amd64 (9.2.1-30) ...
Setting up libobjc-8-dev:amd64 (8.3.0-29) ...
Setting up lib32stdc++6 (10-20200222-1) ...
Setting up libobjc-9-dev:amd64 (9.2.1-30) ...
Setting up gcc-9 (9.2.1-30) ...
Setting up libstdc++-9-dev:amd64 (9.2.1-30) ...
Setting up libclang-common-8-dev (1:8.0.1-7) ...
Setting up g++-9 (9.2.1-30) ...
Setting up clang-8 (1:8.0.1-7) ...
Processing triggers for libc-bin (2.29-10) ...
W: --force-yes is deprecated, use one of the options starting with --allow instead.
+ echo 'Replace gcc, g++ & cpp by clang'
Replace gcc, g++ & cpp by clang
+ VERSIONS='4.6 4.7 4.8 4.9 5 6 7 8 9 10'
+ cd /usr/bin
+ for VERSION in $VERSIONS
+ rm -f g++-4.6 gcc-4.6 cpp-4.6 gcc
+ ln -s clang++-8 g++-4.6
+ ln -s clang-8 gcc-4.6
+ ln -s clang-8 cpp-4.6
+ ln -s clang-8 gcc
+ echo 'gcc-4.6 hold'
+ dpkg --set-selections
dpkg: warning: package not in status nor available database at line 1: gcc-4.6
dpkg: warning: found unknown packages; this might mean the available database
is outdated, and needs to be updated through a frontend method;
please see the FAQ <https://wiki.debian.org/Teams/Dpkg/FAQ>
+ echo 'g++-4.6 hold'
+ dpkg --set-selections
dpkg: warning: package not in status nor available database at line 1: g++-4.6
dpkg: warning: found unknown packages; this might mean the available database
is outdated, and needs to be updated through a frontend method;
please see the FAQ <https://wiki.debian.org/Teams/Dpkg/FAQ>
+ for VERSION in $VERSIONS
+ rm -f g++-4.7 gcc-4.7 cpp-4.7 gcc
+ ln -s clang++-8 g++-4.7
+ ln -s clang-8 gcc-4.7
+ ln -s clang-8 cpp-4.7
+ ln -s clang-8 gcc
+ echo 'gcc-4.7 hold'
+ dpkg --set-selections
dpkg: warning: package not in status nor available database at line 1: gcc-4.7
dpkg: warning: found unknown packages; this might mean the available database
is outdated, and needs to be updated through a frontend method;
please see the FAQ <https://wiki.debian.org/Teams/Dpkg/FAQ>
+ echo 'g++-4.7 hold'
+ dpkg --set-selections
dpkg: warning: package not in status nor available database at line 1: g++-4.7
dpkg: warning: found unknown packages; this might mean the available database
is outdated, and needs to be updated through a frontend method;
please see the FAQ <https://wiki.debian.org/Teams/Dpkg/FAQ>
+ for VERSION in $VERSIONS
+ rm -f g++-4.8 gcc-4.8 cpp-4.8 gcc
+ ln -s clang++-8 g++-4.8
+ ln -s clang-8 gcc-4.8
+ ln -s clang-8 cpp-4.8
+ ln -s clang-8 gcc
+ echo 'gcc-4.8 hold'
+ dpkg --set-selections
dpkg: warning: package not in status nor available database at line 1: gcc-4.8
dpkg: warning: found unknown packages; this might mean the available database
is outdated, and needs to be updated through a frontend method;
please see the FAQ <https://wiki.debian.org/Teams/Dpkg/FAQ>
+ echo 'g++-4.8 hold'
+ dpkg --set-selections
dpkg: warning: package not in status nor available database at line 1: g++-4.8
dpkg: warning: found unknown packages; this might mean the available database
is outdated, and needs to be updated through a frontend method;
please see the FAQ <https://wiki.debian.org/Teams/Dpkg/FAQ>
+ for VERSION in $VERSIONS
+ rm -f g++-4.9 gcc-4.9 cpp-4.9 gcc
+ ln -s clang++-8 g++-4.9
+ ln -s clang-8 gcc-4.9
+ ln -s clang-8 cpp-4.9
+ ln -s clang-8 gcc
+ echo 'gcc-4.9 hold'
+ dpkg --set-selections
dpkg: warning: package not in status nor available database at line 1: gcc-4.9
dpkg: warning: found unknown packages; this might mean the available database
is outdated, and needs to be updated through a frontend method;
please see the FAQ <https://wiki.debian.org/Teams/Dpkg/FAQ>
+ echo 'g++-4.9 hold'
+ dpkg --set-selections
dpkg: warning: package not in status nor available database at line 1: g++-4.9
dpkg: warning: found unknown packages; this might mean the available database
is outdated, and needs to be updated through a frontend method;
please see the FAQ <https://wiki.debian.org/Teams/Dpkg/FAQ>
+ for VERSION in $VERSIONS
+ rm -f g++-5 gcc-5 cpp-5 gcc
+ ln -s clang++-8 g++-5
+ ln -s clang-8 gcc-5
+ ln -s clang-8 cpp-5
+ ln -s clang-8 gcc
+ echo 'gcc-5 hold'
+ dpkg --set-selections
dpkg: warning: package not in status nor available database at line 1: gcc-5
dpkg: warning: found unknown packages; this might mean the available database
is outdated, and needs to be updated through a frontend method;
please see the FAQ <https://wiki.debian.org/Teams/Dpkg/FAQ>
+ echo 'g++-5 hold'
+ dpkg --set-selections
dpkg: warning: package not in status nor available database at line 1: g++-5
dpkg: warning: found unknown packages; this might mean the available database
is outdated, and needs to be updated through a frontend method;
please see the FAQ <https://wiki.debian.org/Teams/Dpkg/FAQ>
+ for VERSION in $VERSIONS
+ rm -f g++-6 gcc-6 cpp-6 gcc
+ ln -s clang++-8 g++-6
+ ln -s clang-8 gcc-6
+ ln -s clang-8 cpp-6
+ ln -s clang-8 gcc
+ echo 'gcc-6 hold'
+ dpkg --set-selections
dpkg: warning: package not in status nor available database at line 1: gcc-6
dpkg: warning: found unknown packages; this might mean the available database
is outdated, and needs to be updated through a frontend method;
please see the FAQ <https://wiki.debian.org/Teams/Dpkg/FAQ>
+ echo 'g++-6 hold'
+ dpkg --set-selections
dpkg: warning: package not in status nor available database at line 1: g++-6
dpkg: warning: found unknown packages; this might mean the available database
is outdated, and needs to be updated through a frontend method;
please see the FAQ <https://wiki.debian.org/Teams/Dpkg/FAQ>
+ for VERSION in $VERSIONS
+ rm -f g++-7 gcc-7 cpp-7 gcc
+ ln -s clang++-8 g++-7
+ ln -s clang-8 gcc-7
+ ln -s clang-8 cpp-7
+ ln -s clang-8 gcc
+ echo 'gcc-7 hold'
+ dpkg --set-selections
dpkg: warning: package not in status nor available database at line 1: gcc-7
dpkg: warning: found unknown packages; this might mean the available database
is outdated, and needs to be updated through a frontend method;
please see the FAQ <https://wiki.debian.org/Teams/Dpkg/FAQ>
+ echo 'g++-7 hold'
+ dpkg --set-selections
dpkg: warning: package not in status nor available database at line 1: g++-7
dpkg: warning: found unknown packages; this might mean the available database
is outdated, and needs to be updated through a frontend method;
please see the FAQ <https://wiki.debian.org/Teams/Dpkg/FAQ>
+ for VERSION in $VERSIONS
+ rm -f g++-8 gcc-8 cpp-8 gcc
+ ln -s clang++-8 g++-8
+ ln -s clang-8 gcc-8
+ ln -s clang-8 cpp-8
+ ln -s clang-8 gcc
+ echo 'gcc-8 hold'
+ dpkg --set-selections
dpkg: warning: package not in status nor available database at line 1: gcc-8
dpkg: warning: found unknown packages; this might mean the available database
is outdated, and needs to be updated through a frontend method;
please see the FAQ <https://wiki.debian.org/Teams/Dpkg/FAQ>
+ echo 'g++-8 hold'
+ dpkg --set-selections
dpkg: warning: package not in status nor available database at line 1: g++-8
dpkg: warning: found unknown packages; this might mean the available database
is outdated, and needs to be updated through a frontend method;
please see the FAQ <https://wiki.debian.org/Teams/Dpkg/FAQ>
+ for VERSION in $VERSIONS
+ rm -f g++-9 gcc-9 cpp-9 gcc
+ ln -s clang++-8 g++-9
+ ln -s clang-8 gcc-9
+ ln -s clang-8 cpp-9
+ ln -s clang-8 gcc
+ echo 'gcc-9 hold'
+ dpkg --set-selections
+ echo 'g++-9 hold'
+ dpkg --set-selections
+ for VERSION in $VERSIONS
+ rm -f g++-10 gcc-10 cpp-10 gcc
+ ln -s clang++-8 g++-10
+ ln -s clang-8 gcc-10
+ ln -s clang-8 cpp-10
+ ln -s clang-8 gcc
+ echo 'gcc-10 hold'
+ dpkg --set-selections
dpkg: warning: package not in status nor available database at line 1: gcc-10
dpkg: warning: found unknown packages; this might mean the available database
is outdated, and needs to be updated through a frontend method;
please see the FAQ <https://wiki.debian.org/Teams/Dpkg/FAQ>
+ echo 'g++-10 hold'
+ dpkg --set-selections
dpkg: warning: package not in status nor available database at line 1: g++-10
dpkg: warning: found unknown packages; this might mean the available database
is outdated, and needs to be updated through a frontend method;
please see the FAQ <https://wiki.debian.org/Teams/Dpkg/FAQ>
+ cd -
/build/yarl-lI0eY6
+ echo 'Check if gcc, g++ & cpp are actually clang'
Check if gcc, g++ & cpp are actually clang
+ gcc --version
+ grep clang
+ cpp --version
+ grep clang
+ g++ --version
+ grep clang

I: Finished running '/tmp/clang8'.

Finished processing commands.
--------------------------------------------------------------------------------
I: NOTICE: Log filtering will replace 'build/yarl-lI0eY6/resolver-5OBNzB' with '<<RESOLVERDIR>>'

+------------------------------------------------------------------------------+
| Update chroot                                                                |
+------------------------------------------------------------------------------+

Hit:1 http://127.0.0.1:12990/debian sid InRelease
Reading package lists...
Reading package lists...
Building dependency tree...
Reading state information...
Calculating upgrade...
The following packages will be upgraded:
  bash libgmp10 zlib1g
3 upgraded, 0 newly installed, 0 to remove and 0 not upgraded.
Need to get 1722 kB of archives.
After this operation, 4096 B of additional disk space will be used.
Get:1 http://127.0.0.1:12990/debian sid/main amd64 bash amd64 5.0-6 [1379 kB]
Get:2 http://127.0.0.1:12990/debian sid/main amd64 libgmp10 amd64 2:6.2.0+dfsg-4 [253 kB]
Get:3 http://127.0.0.1:12990/debian sid/main amd64 zlib1g amd64 1:1.2.11.dfsg-2 [90.4 kB]
debconf: delaying package configuration, since apt-utils is not installed
Fetched 1722 kB in 0s (73.5 MB/s)
(Reading database ... (Reading database ... 5%(Reading database ... 10%(Reading database ... 15%(Reading database ... 20%(Reading database ... 25%(Reading database ... 30%(Reading database ... 35%(Reading database ... 40%(Reading database ... 45%(Reading database ... 50%(Reading database ... 55%(Reading database ... 60%(Reading database ... 65%(Reading database ... 70%(Reading database ... 75%(Reading database ... 80%(Reading database ... 85%(Reading database ... 90%(Reading database ... 95%(Reading database ... 100%(Reading database ... 13887 files and directories currently installed.)
Preparing to unpack .../archives/bash_5.0-6_amd64.deb ...
Unpacking bash (5.0-6) over (5.0-5) ...
Setting up bash (5.0-6) ...
update-alternatives: using /usr/share/man/man7/bash-builtins.7.gz to provide /usr/share/man/man7/builtins.7.gz (builtins.7.gz) in auto mode
(Reading database ... (Reading database ... 5%(Reading database ... 10%(Reading database ... 15%(Reading database ... 20%(Reading database ... 25%(Reading database ... 30%(Reading database ... 35%(Reading database ... 40%(Reading database ... 45%(Reading database ... 50%(Reading database ... 55%(Reading database ... 60%(Reading database ... 65%(Reading database ... 70%(Reading database ... 75%(Reading database ... 80%(Reading database ... 85%(Reading database ... 90%(Reading database ... 95%(Reading database ... 100%(Reading database ... 13887 files and directories currently installed.)
Preparing to unpack .../libgmp10_2%3a6.2.0+dfsg-4_amd64.deb ...
Unpacking libgmp10:amd64 (2:6.2.0+dfsg-4) over (2:6.2.0+dfsg-3) ...
Setting up libgmp10:amd64 (2:6.2.0+dfsg-4) ...
(Reading database ... (Reading database ... 5%(Reading database ... 10%(Reading database ... 15%(Reading database ... 20%(Reading database ... 25%(Reading database ... 30%(Reading database ... 35%(Reading database ... 40%(Reading database ... 45%(Reading database ... 50%(Reading database ... 55%(Reading database ... 60%(Reading database ... 65%(Reading database ... 70%(Reading database ... 75%(Reading database ... 80%(Reading database ... 85%(Reading database ... 90%(Reading database ... 95%(Reading database ... 100%(Reading database ... 13887 files and directories currently installed.)
Preparing to unpack .../zlib1g_1%3a1.2.11.dfsg-2_amd64.deb ...
Unpacking zlib1g:amd64 (1:1.2.11.dfsg-2) over (1:1.2.11.dfsg-1.2) ...
Setting up zlib1g:amd64 (1:1.2.11.dfsg-2) ...
Processing triggers for libc-bin (2.29-10) ...

+------------------------------------------------------------------------------+
| Fetch source files                                                           |
+------------------------------------------------------------------------------+


Check APT
---------

Checking available source versions...

Download source files with APT
------------------------------

Reading package lists...
NOTICE: 'yarl' packaging is maintained in the 'Git' version control system at:
https://salsa.debian.org/python-team/modules/yarl.git
Please use:
git clone https://salsa.debian.org/python-team/modules/yarl.git
to retrieve the latest (possibly unreleased) updates to the package.
Need to get 170 kB of source archives.
Get:1 http://127.0.0.1:12990/debian sid/main yarl 1.4.2-1 (dsc) [2238 B]
Get:2 http://127.0.0.1:12990/debian sid/main yarl 1.4.2-1 (tar) [164 kB]
Get:3 http://127.0.0.1:12990/debian sid/main yarl 1.4.2-1 (diff) [4628 B]
Fetched 170 kB in 0s (2324 kB/s)
Download complete and in download only mode
I: NOTICE: Log filtering will replace 'build/yarl-lI0eY6/yarl-1.4.2' with '<<PKGBUILDDIR>>'
I: NOTICE: Log filtering will replace 'build/yarl-lI0eY6' with '<<BUILDDIR>>'

+------------------------------------------------------------------------------+
| Install package build dependencies                                           |
+------------------------------------------------------------------------------+


Setup apt archive
-----------------

Merged Build-Depends: debhelper-compat (= 12), dh-python (>= 2), cython3, python3-all-dev, python3-setuptools, python3-sphinx (>= 1.3), python3-idna (>= 2.0), python3-multidict (>= 4.0.0), python3-pytest, python3-pytest-runner, python3-pytest-cov, build-essential, fakeroot
Filtered Build-Depends: debhelper-compat (= 12), dh-python (>= 2), cython3, python3-all-dev, python3-setuptools, python3-sphinx (>= 1.3), python3-idna (>= 2.0), python3-multidict (>= 4.0.0), python3-pytest, python3-pytest-runner, python3-pytest-cov, build-essential, fakeroot
dpkg-deb: building package 'sbuild-build-depends-main-dummy' in '/<<RESOLVERDIR>>/apt_archive/sbuild-build-depends-main-dummy.deb'.
Ign:1 copy:/<<RESOLVERDIR>>/apt_archive ./ InRelease
Get:2 copy:/<<RESOLVERDIR>>/apt_archive ./ Release [957 B]
Ign:3 copy:/<<RESOLVERDIR>>/apt_archive ./ Release.gpg
Get:4 copy:/<<RESOLVERDIR>>/apt_archive ./ Sources [460 B]
Get:5 copy:/<<RESOLVERDIR>>/apt_archive ./ Packages [536 B]
Fetched 1953 B in 0s (0 B/s)
Reading package lists...
Reading package lists...

Install main build dependencies (apt-based resolver)
----------------------------------------------------

Installing build dependencies
Reading package lists...
Building dependency tree...
Reading state information...
The following additional packages will be installed:
  autoconf automake autopoint autotools-dev bsdmainutils ca-certificates
  cython3 debhelper dh-autoreconf dh-python dh-strip-nondeterminism
  docutils-common dwz file gettext gettext-base groff-base intltool-debian
  libarchive-zip-perl libcroco3 libdebhelper-perl libelf1 libexpat1
  libexpat1-dev libfile-stripnondeterminism-perl libglib2.0-0 libicu63
  libjs-jquery libjs-jquery-hotkeys libjs-jquery-isonscreen
  libjs-jquery-metadata libjs-jquery-tablesorter
  libjs-jquery-throttle-debounce libjs-sphinxdoc libjs-underscore libmagic-mgc
  libmagic1 libmpdec2 libpipeline1 libpython3-all-dev libpython3-dev
  libpython3-stdlib libpython3.7 libpython3.7-dev libpython3.7-minimal
  libpython3.7-stdlib libpython3.8 libpython3.8-dev libpython3.8-minimal
  libpython3.8-stdlib libreadline8 libsigsegv2 libsqlite3-0 libssl1.1
  libsub-override-perl libtool libuchardet0 libxml2 m4 man-db mime-support
  openssl po-debconf python-babel-localedata python3 python3-alabaster
  python3-all python3-all-dev python3-atomicwrites python3-attr python3-babel
  python3-certifi python3-chardet python3-cov-core python3-coverage
  python3-dev python3-distutils python3-docutils python3-idna
  python3-imagesize python3-importlib-metadata python3-jinja2 python3-lib2to3
  python3-markupsafe python3-minimal python3-more-itertools python3-multidict
  python3-nose2 python3-packaging python3-pkg-resources python3-pluggy
  python3-py python3-pygments python3-pyparsing python3-pytest
  python3-pytest-cov python3-pytest-runner python3-requests python3-roman
  python3-setuptools python3-six python3-sphinx python3-tz python3-urllib3
  python3-wcwidth python3-zipp python3.7 python3.7-dev python3.7-minimal
  python3.8 python3.8-dev python3.8-minimal readline-common sensible-utils
  sgml-base sphinx-common xml-core zlib1g-dev
Suggested packages:
  autoconf-archive gnu-standards autoconf-doc wamerican | wordlist whois
  vacation cython-doc dh-make gettext-doc libasprintf-dev libgettextpo-dev
  groff libtool-doc gfortran | fortran95-compiler gcj-jdk m4-doc apparmor less
  www-browser libmail-box-perl python3-doc python3-tk python3-venv
  python-attr-doc python-coverage-doc docutils-doc fonts-linuxlibertine
  | ttf-linux-libertine texlive-lang-french texlive-latex-base
  texlive-latex-recommended python-jinja2-doc python-nose2-doc subversion
  python-pygments-doc ttf-bitstream-vera python-pyparsing-doc
  python3-cryptography python3-openssl python3-socks python-setuptools-doc
  dvipng imagemagick-6.q16 latexmk libjs-mathjax python3-sphinx-rtd-theme
  python3-stemmer sphinx-doc texlive-fonts-recommended texlive-latex-extra
  texlive-plain-generic python3.7-venv python3.7-doc binfmt-support
  python3.8-venv python3.8-doc readline-doc sgml-base-doc
Recommended packages:
  curl | wget | lynx libarchive-cpio-perl libglib2.0-data shared-mime-info
  xdg-user-dirs javascript-common libltdl-dev libmail-sendmail-perl
  libpaper-utils python3-pil
The following NEW packages will be installed:
  autoconf automake autopoint autotools-dev bsdmainutils ca-certificates
  cython3 debhelper dh-autoreconf dh-python dh-strip-nondeterminism
  docutils-common dwz file gettext gettext-base groff-base intltool-debian
  libarchive-zip-perl libcroco3 libdebhelper-perl libelf1 libexpat1
  libexpat1-dev libfile-stripnondeterminism-perl libglib2.0-0 libicu63
  libjs-jquery libjs-jquery-hotkeys libjs-jquery-isonscreen
  libjs-jquery-metadata libjs-jquery-tablesorter
  libjs-jquery-throttle-debounce libjs-sphinxdoc libjs-underscore libmagic-mgc
  libmagic1 libmpdec2 libpipeline1 libpython3-all-dev libpython3-dev
  libpython3-stdlib libpython3.7 libpython3.7-dev libpython3.7-minimal
  libpython3.7-stdlib libpython3.8 libpython3.8-dev libpython3.8-minimal
  libpython3.8-stdlib libreadline8 libsigsegv2 libsqlite3-0 libssl1.1
  libsub-override-perl libtool libuchardet0 libxml2 m4 man-db mime-support
  openssl po-debconf python-babel-localedata python3 python3-alabaster
  python3-all python3-all-dev python3-atomicwrites python3-attr python3-babel
  python3-certifi python3-chardet python3-cov-core python3-coverage
  python3-dev python3-distutils python3-docutils python3-idna
  python3-imagesize python3-importlib-metadata python3-jinja2 python3-lib2to3
  python3-markupsafe python3-minimal python3-more-itertools python3-multidict
  python3-nose2 python3-packaging python3-pkg-resources python3-pluggy
  python3-py python3-pygments python3-pyparsing python3-pytest
  python3-pytest-cov python3-pytest-runner python3-requests python3-roman
  python3-setuptools python3-six python3-sphinx python3-tz python3-urllib3
  python3-wcwidth python3-zipp python3.7 python3.7-dev python3.7-minimal
  python3.8 python3.8-dev python3.8-minimal readline-common
  sbuild-build-depends-main-dummy sensible-utils sgml-base sphinx-common
  xml-core zlib1g-dev
0 upgraded, 119 newly installed, 0 to remove and 0 not upgraded.
Need to get 137 MB of archives.
After this operation, 355 MB of additional disk space will be used.
Get:1 copy:/<<RESOLVERDIR>>/apt_archive ./ sbuild-build-depends-main-dummy 0.invalid.0 [960 B]
Get:2 http://127.0.0.1:12990/debian sid/main amd64 bsdmainutils amd64 11.1.2+b1 [191 kB]
Get:3 http://127.0.0.1:12990/debian sid/main amd64 libuchardet0 amd64 0.0.6-3 [64.9 kB]
Get:4 http://127.0.0.1:12990/debian sid/main amd64 groff-base amd64 1.22.4-4 [919 kB]
Get:5 http://127.0.0.1:12990/debian sid/main amd64 libpipeline1 amd64 1.5.2-2 [33.9 kB]
Get:6 http://127.0.0.1:12990/debian sid/main amd64 man-db amd64 2.9.0-2 [1307 kB]
Get:7 http://127.0.0.1:12990/debian sid/main amd64 libjs-jquery all 3.3.1~dfsg-3 [332 kB]
Get:8 http://127.0.0.1:12990/debian sid/main amd64 libjs-jquery-hotkeys all 0~20130707+git2d51e3a9+dfsg-2 [11.3 kB]
Get:9 http://127.0.0.1:12990/debian sid/main amd64 libssl1.1 amd64 1.1.1d-2 [1540 kB]
Get:10 http://127.0.0.1:12990/debian sid/main amd64 libpython3.7-minimal amd64 3.7.6-1+b1 [591 kB]
Get:11 http://127.0.0.1:12990/debian sid/main amd64 libexpat1 amd64 2.2.9-1 [94.3 kB]
Get:12 http://127.0.0.1:12990/debian sid/main amd64 python3.7-minimal amd64 3.7.6-1+b1 [1813 kB]
Get:13 http://127.0.0.1:12990/debian sid/main amd64 python3-minimal amd64 3.7.5-3 [36.8 kB]
Get:14 http://127.0.0.1:12990/debian sid/main amd64 mime-support all 3.64 [37.8 kB]
Get:15 http://127.0.0.1:12990/debian sid/main amd64 libmpdec2 amd64 2.4.2-2 [87.2 kB]
Get:16 http://127.0.0.1:12990/debian sid/main amd64 readline-common all 8.0-4 [72.5 kB]
Get:17 http://127.0.0.1:12990/debian sid/main amd64 libreadline8 amd64 8.0-4 [160 kB]
Get:18 http://127.0.0.1:12990/debian sid/main amd64 libsqlite3-0 amd64 3.31.1-3 [661 kB]
Get:19 http://127.0.0.1:12990/debian sid/main amd64 libpython3.7-stdlib amd64 3.7.6-1+b1 [1735 kB]
Get:20 http://127.0.0.1:12990/debian sid/main amd64 python3.7 amd64 3.7.6-1+b1 [351 kB]
Get:21 http://127.0.0.1:12990/debian sid/main amd64 libpython3-stdlib amd64 3.7.5-3 [20.2 kB]
Get:22 http://127.0.0.1:12990/debian sid/main amd64 python3 amd64 3.7.5-3 [62.1 kB]
Get:23 http://127.0.0.1:12990/debian sid/main amd64 libpython3.8-minimal amd64 3.8.2~rc2-2 [750 kB]
Get:24 http://127.0.0.1:12990/debian sid/main amd64 python3.8-minimal amd64 3.8.2~rc2-2 [1939 kB]
Get:25 http://127.0.0.1:12990/debian sid/main amd64 sgml-base all 1.29.1 [15.0 kB]
Get:26 http://127.0.0.1:12990/debian sid/main amd64 sensible-utils all 0.0.12+nmu1 [16.0 kB]
Get:27 http://127.0.0.1:12990/debian sid/main amd64 libmagic-mgc amd64 1:5.38-4 [262 kB]
Get:28 http://127.0.0.1:12990/debian sid/main amd64 libmagic1 amd64 1:5.38-4 [120 kB]
Get:29 http://127.0.0.1:12990/debian sid/main amd64 file amd64 1:5.38-4 [67.9 kB]
Get:30 http://127.0.0.1:12990/debian sid/main amd64 gettext-base amd64 0.19.8.1-10 [123 kB]
Get:31 http://127.0.0.1:12990/debian sid/main amd64 libsigsegv2 amd64 2.12-2 [32.8 kB]
Get:32 http://127.0.0.1:12990/debian sid/main amd64 m4 amd64 1.4.18-4 [203 kB]
Get:33 http://127.0.0.1:12990/debian sid/main amd64 autoconf all 2.69-11.1 [341 kB]
Get:34 http://127.0.0.1:12990/debian sid/main amd64 autotools-dev all 20180224.1 [77.0 kB]
Get:35 http://127.0.0.1:12990/debian sid/main amd64 automake all 1:1.16.1-4 [771 kB]
Get:36 http://127.0.0.1:12990/debian sid/main amd64 autopoint all 0.19.8.1-10 [435 kB]
Get:37 http://127.0.0.1:12990/debian sid/main amd64 openssl amd64 1.1.1d-2 [840 kB]
Get:38 http://127.0.0.1:12990/debian sid/main amd64 ca-certificates all 20190110 [157 kB]
Get:39 http://127.0.0.1:12990/debian sid/main amd64 cython3 amd64 0.29.14-0.1+b1 [2117 kB]
Get:40 http://127.0.0.1:12990/debian sid/main amd64 libtool all 2.4.6-13 [513 kB]
Get:41 http://127.0.0.1:12990/debian sid/main amd64 dh-autoreconf all 19 [16.9 kB]
Get:42 http://127.0.0.1:12990/debian sid/main amd64 libdebhelper-perl all 12.9 [183 kB]
Get:43 http://127.0.0.1:12990/debian sid/main amd64 libarchive-zip-perl all 1.67-1 [104 kB]
Get:44 http://127.0.0.1:12990/debian sid/main amd64 libsub-override-perl all 0.09-2 [10.2 kB]
Get:45 http://127.0.0.1:12990/debian sid/main amd64 libfile-stripnondeterminism-perl all 1.6.3-2 [23.7 kB]
Get:46 http://127.0.0.1:12990/debian sid/main amd64 dh-strip-nondeterminism all 1.6.3-2 [14.7 kB]
Get:47 http://127.0.0.1:12990/debian sid/main amd64 libelf1 amd64 0.176-1.1 [161 kB]
Get:48 http://127.0.0.1:12990/debian sid/main amd64 dwz amd64 0.13-5 [151 kB]
Get:49 http://127.0.0.1:12990/debian sid/main amd64 libglib2.0-0 amd64 2.62.4-2 [1319 kB]
Get:50 http://127.0.0.1:12990/debian sid/main amd64 libicu63 amd64 63.2-2 [8301 kB]
Get:51 http://127.0.0.1:12990/debian sid/main amd64 libxml2 amd64 2.9.10+dfsg-3 [709 kB]
Get:52 http://127.0.0.1:12990/debian sid/main amd64 libcroco3 amd64 0.6.13-1 [146 kB]
Get:53 http://127.0.0.1:12990/debian sid/main amd64 gettext amd64 0.19.8.1-10 [1303 kB]
Get:54 http://127.0.0.1:12990/debian sid/main amd64 intltool-debian all 0.35.0+20060710.5 [26.8 kB]
Get:55 http://127.0.0.1:12990/debian sid/main amd64 po-debconf all 1.0.21 [248 kB]
Get:56 http://127.0.0.1:12990/debian sid/main amd64 debhelper all 12.9 [994 kB]
Get:57 http://127.0.0.1:12990/debian sid/main amd64 python3-lib2to3 all 3.8.0-1 [78.3 kB]
Get:58 http://127.0.0.1:12990/debian sid/main amd64 python3-distutils all 3.8.0-1 [145 kB]
Get:59 http://127.0.0.1:12990/debian sid/main amd64 dh-python all 4.20191017 [94.4 kB]
Get:60 http://127.0.0.1:12990/debian sid/main amd64 xml-core all 0.18+nmu1 [23.8 kB]
Get:61 http://127.0.0.1:12990/debian sid/main amd64 docutils-common all 0.16+dfsg-1 [129 kB]
Get:62 http://127.0.0.1:12990/debian sid/main amd64 libexpat1-dev amd64 2.2.9-1 [136 kB]
Get:63 http://127.0.0.1:12990/debian sid/main amd64 libjs-jquery-isonscreen all 1.2.0-1 [3046 B]
Get:64 http://127.0.0.1:12990/debian sid/main amd64 libjs-jquery-metadata all 12-1.1 [7420 B]
Get:65 http://127.0.0.1:12990/debian sid/main amd64 libjs-jquery-tablesorter all 1:2.31.1+dfsg1-1 [176 kB]
Get:66 http://127.0.0.1:12990/debian sid/main amd64 libjs-jquery-throttle-debounce all 1.1+dfsg.1-1 [6178 B]
Get:67 http://127.0.0.1:12990/debian sid/main amd64 libjs-underscore all 1.9.1~dfsg-1 [99.4 kB]
Get:68 http://127.0.0.1:12990/debian sid/main amd64 libjs-sphinxdoc all 1.8.5-5 [96.7 kB]
Get:69 http://127.0.0.1:12990/debian sid/main amd64 libpython3.7 amd64 3.7.6-1+b1 [1484 kB]
Get:70 http://127.0.0.1:12990/debian sid/main amd64 libpython3.7-dev amd64 3.7.6-1+b1 [41.4 MB]
Get:71 http://127.0.0.1:12990/debian sid/main amd64 libpython3-dev amd64 3.7.5-3 [20.3 kB]
Get:72 http://127.0.0.1:12990/debian sid/main amd64 libpython3.8-stdlib amd64 3.8.2~rc2-2 [1665 kB]
Get:73 http://127.0.0.1:12990/debian sid/main amd64 libpython3.8 amd64 3.8.2~rc2-2 [1619 kB]
Get:74 http://127.0.0.1:12990/debian sid/main amd64 libpython3.8-dev amd64 3.8.2~rc2-2 [47.3 MB]
Get:75 http://127.0.0.1:12990/debian sid/main amd64 libpython3-all-dev amd64 3.7.5-3 [1072 B]
Get:76 http://127.0.0.1:12990/debian sid/main amd64 python-babel-localedata all 2.8.0+dfsg.1-2 [4399 kB]
Get:77 http://127.0.0.1:12990/debian sid/main amd64 python3-alabaster all 0.7.8-1 [18.4 kB]
Get:78 http://127.0.0.1:12990/debian sid/main amd64 python3.8 amd64 3.8.2~rc2-2 [409 kB]
Get:79 http://127.0.0.1:12990/debian sid/main amd64 python3-all amd64 3.7.5-3 [1060 B]
Get:80 http://127.0.0.1:12990/debian sid/main amd64 zlib1g-dev amd64 1:1.2.11.dfsg-2 [190 kB]
Get:81 http://127.0.0.1:12990/debian sid/main amd64 python3.7-dev amd64 3.7.6-1+b1 [518 kB]
Get:82 http://127.0.0.1:12990/debian sid/main amd64 python3-dev amd64 3.7.5-3 [1260 B]
Get:83 http://127.0.0.1:12990/debian sid/main amd64 python3.8-dev amd64 3.8.2~rc2-2 [515 kB]
Get:84 http://127.0.0.1:12990/debian sid/main amd64 python3-all-dev amd64 3.7.5-3 [1076 B]
Get:85 http://127.0.0.1:12990/debian sid/main amd64 python3-atomicwrites all 1.1.5-2 [6892 B]
Get:86 http://127.0.0.1:12990/debian sid/main amd64 python3-attr all 19.3.0-1 [43.1 kB]
Get:87 http://127.0.0.1:12990/debian sid/main amd64 python3-pkg-resources all 44.0.0-1 [155 kB]
Get:88 http://127.0.0.1:12990/debian sid/main amd64 python3-tz all 2019.3-1 [27.2 kB]
Get:89 http://127.0.0.1:12990/debian sid/main amd64 python3-babel all 2.8.0+dfsg.1-2 [99.8 kB]
Get:90 http://127.0.0.1:12990/debian sid/main amd64 python3-certifi all 2019.11.28-1 [149 kB]
Get:91 http://127.0.0.1:12990/debian sid/main amd64 python3-chardet all 3.0.4-4 [80.8 kB]
Get:92 http://127.0.0.1:12990/debian sid/main amd64 python3-coverage amd64 4.5.2+dfsg.1-4+b1 [147 kB]
Get:93 http://127.0.0.1:12990/debian sid/main amd64 python3-six all 1.14.0-2 [16.7 kB]
Get:94 http://127.0.0.1:12990/debian sid/main amd64 python3-nose2 all 0.9.1-3 [93.2 kB]
Get:95 http://127.0.0.1:12990/debian sid/main amd64 python3-cov-core all 1.15.0-3 [7528 B]
Get:96 http://127.0.0.1:12990/debian sid/main amd64 python3-roman all 2.0.0-3 [8768 B]
Get:97 http://127.0.0.1:12990/debian sid/main amd64 python3-docutils all 0.16+dfsg-1 [383 kB]
Get:98 http://127.0.0.1:12990/debian sid/main amd64 python3-idna all 2.6-2 [34.4 kB]
Get:99 http://127.0.0.1:12990/debian sid/main amd64 python3-imagesize all 1.2.0-1 [5764 B]
Get:100 http://127.0.0.1:12990/debian sid/main amd64 python3-more-itertools all 4.2.0-1 [42.2 kB]
Get:101 http://127.0.0.1:12990/debian sid/main amd64 python3-zipp all 1.0.0-1 [5944 B]
Get:102 http://127.0.0.1:12990/debian sid/main amd64 python3-importlib-metadata all 1.5.0-1 [9956 B]
Get:103 http://127.0.0.1:12990/debian sid/main amd64 python3-markupsafe amd64 1.1.0-1+b2 [15.5 kB]
Get:104 http://127.0.0.1:12990/debian sid/main amd64 python3-jinja2 all 2.10.1-1 [107 kB]
Get:105 http://127.0.0.1:12990/debian sid/main amd64 python3-multidict amd64 4.7.3-1 [46.7 kB]
Get:106 http://127.0.0.1:12990/debian sid/main amd64 python3-pyparsing all 2.4.6-1 [109 kB]
Get:107 http://127.0.0.1:12990/debian sid/main amd64 python3-packaging all 19.1-2 [23.9 kB]
Get:108 http://127.0.0.1:12990/debian sid/main amd64 python3-pluggy all 0.13.0-2 [21.9 kB]
Get:109 http://127.0.0.1:12990/debian sid/main amd64 python3-py all 1.8.1-1 [86.8 kB]
Get:110 http://127.0.0.1:12990/debian sid/main amd64 python3-pygments all 2.3.1+dfsg-1 [594 kB]
Get:111 http://127.0.0.1:12990/debian sid/main amd64 python3-wcwidth all 0.1.8+dfsg1-3 [17.4 kB]
Get:112 http://127.0.0.1:12990/debian sid/main amd64 python3-pytest all 4.6.9-1 [267 kB]
Get:113 http://127.0.0.1:12990/debian sid/main amd64 python3-pytest-cov all 2.8.1-1 [22.1 kB]
Get:114 http://127.0.0.1:12990/debian sid/main amd64 python3-setuptools all 44.0.0-1 [313 kB]
Get:115 http://127.0.0.1:12990/debian sid/main amd64 python3-pytest-runner all 2.11.1-1.1 [8472 B]
Get:116 http://127.0.0.1:12990/debian sid/main amd64 python3-urllib3 all 1.25.8-1 [104 kB]
Get:117 http://127.0.0.1:12990/debian sid/main amd64 python3-requests all 2.22.0-2 [67.0 kB]
Get:118 http://127.0.0.1:12990/debian sid/main amd64 sphinx-common all 1.8.5-5 [491 kB]
Get:119 http://127.0.0.1:12990/debian sid/main amd64 python3-sphinx all 1.8.5-5 [482 kB]
debconf: delaying package configuration, since apt-utils is not installed
Fetched 137 MB in 2s (90.6 MB/s)
Selecting previously unselected package bsdmainutils.
(Reading database ... 13887 files and directories currently installed.)
Preparing to unpack .../00-bsdmainutils_11.1.2+b1_amd64.deb ...
Unpacking bsdmainutils (11.1.2+b1) ...
Selecting previously unselected package libuchardet0:amd64.
Preparing to unpack .../01-libuchardet0_0.0.6-3_amd64.deb ...
Unpacking libuchardet0:amd64 (0.0.6-3) ...
Selecting previously unselected package groff-base.
Preparing to unpack .../02-groff-base_1.22.4-4_amd64.deb ...
Unpacking groff-base (1.22.4-4) ...
Selecting previously unselected package libpipeline1:amd64.
Preparing to unpack .../03-libpipeline1_1.5.2-2_amd64.deb ...
Unpacking libpipeline1:amd64 (1.5.2-2) ...
Selecting previously unselected package man-db.
Preparing to unpack .../04-man-db_2.9.0-2_amd64.deb ...
Unpacking man-db (2.9.0-2) ...
Selecting previously unselected package libjs-jquery.
Preparing to unpack .../05-libjs-jquery_3.3.1~dfsg-3_all.deb ...
Unpacking libjs-jquery (3.3.1~dfsg-3) ...
Selecting previously unselected package libjs-jquery-hotkeys.
Preparing to unpack .../06-libjs-jquery-hotkeys_0~20130707+git2d51e3a9+dfsg-2_all.deb ...
Unpacking libjs-jquery-hotkeys (0~20130707+git2d51e3a9+dfsg-2) ...
Selecting previously unselected package libssl1.1:amd64.
Preparing to unpack .../07-libssl1.1_1.1.1d-2_amd64.deb ...
Unpacking libssl1.1:amd64 (1.1.1d-2) ...
Selecting previously unselected package libpython3.7-minimal:amd64.
Preparing to unpack .../08-libpython3.7-minimal_3.7.6-1+b1_amd64.deb ...
Unpacking libpython3.7-minimal:amd64 (3.7.6-1+b1) ...
Selecting previously unselected package libexpat1:amd64.
Preparing to unpack .../09-libexpat1_2.2.9-1_amd64.deb ...
Unpacking libexpat1:amd64 (2.2.9-1) ...
Selecting previously unselected package python3.7-minimal.
Preparing to unpack .../10-python3.7-minimal_3.7.6-1+b1_amd64.deb ...
Unpacking python3.7-minimal (3.7.6-1+b1) ...
Setting up libssl1.1:amd64 (1.1.1d-2) ...
Setting up libpython3.7-minimal:amd64 (3.7.6-1+b1) ...
Setting up libexpat1:amd64 (2.2.9-1) ...
Setting up python3.7-minimal (3.7.6-1+b1) ...
Selecting previously unselected package python3-minimal.
(Reading database ... 14822 files and directories currently installed.)
Preparing to unpack .../0-python3-minimal_3.7.5-3_amd64.deb ...
Unpacking python3-minimal (3.7.5-3) ...
Selecting previously unselected package mime-support.
Preparing to unpack .../1-mime-support_3.64_all.deb ...
Unpacking mime-support (3.64) ...
Selecting previously unselected package libmpdec2:amd64.
Preparing to unpack .../2-libmpdec2_2.4.2-2_amd64.deb ...
Unpacking libmpdec2:amd64 (2.4.2-2) ...
Selecting previously unselected package readline-common.
Preparing to unpack .../3-readline-common_8.0-4_all.deb ...
Unpacking readline-common (8.0-4) ...
Selecting previously unselected package libreadline8:amd64.
Preparing to unpack .../4-libreadline8_8.0-4_amd64.deb ...
Unpacking libreadline8:amd64 (8.0-4) ...
Selecting previously unselected package libsqlite3-0:amd64.
Preparing to unpack .../5-libsqlite3-0_3.31.1-3_amd64.deb ...
Unpacking libsqlite3-0:amd64 (3.31.1-3) ...
Selecting previously unselected package libpython3.7-stdlib:amd64.
Preparing to unpack .../6-libpython3.7-stdlib_3.7.6-1+b1_amd64.deb ...
Unpacking libpython3.7-stdlib:amd64 (3.7.6-1+b1) ...
Selecting previously unselected package python3.7.
Preparing to unpack .../7-python3.7_3.7.6-1+b1_amd64.deb ...
Unpacking python3.7 (3.7.6-1+b1) ...
Selecting previously unselected package libpython3-stdlib:amd64.
Preparing to unpack .../8-libpython3-stdlib_3.7.5-3_amd64.deb ...
Unpacking libpython3-stdlib:amd64 (3.7.5-3) ...
Setting up python3-minimal (3.7.5-3) ...
Selecting previously unselected package python3.
(Reading database ... 15293 files and directories currently installed.)
Preparing to unpack .../00-python3_3.7.5-3_amd64.deb ...
Unpacking python3 (3.7.5-3) ...
Selecting previously unselected package libpython3.8-minimal:amd64.
Preparing to unpack .../01-libpython3.8-minimal_3.8.2~rc2-2_amd64.deb ...
Unpacking libpython3.8-minimal:amd64 (3.8.2~rc2-2) ...
Selecting previously unselected package python3.8-minimal.
Preparing to unpack .../02-python3.8-minimal_3.8.2~rc2-2_amd64.deb ...
Unpacking python3.8-minimal (3.8.2~rc2-2) ...
Selecting previously unselected package sgml-base.
Preparing to unpack .../03-sgml-base_1.29.1_all.deb ...
Unpacking sgml-base (1.29.1) ...
Selecting previously unselected package sensible-utils.
Preparing to unpack .../04-sensible-utils_0.0.12+nmu1_all.deb ...
Unpacking sensible-utils (0.0.12+nmu1) ...
Selecting previously unselected package libmagic-mgc.
Preparing to unpack .../05-libmagic-mgc_1%3a5.38-4_amd64.deb ...
Unpacking libmagic-mgc (1:5.38-4) ...
Selecting previously unselected package libmagic1:amd64.
Preparing to unpack .../06-libmagic1_1%3a5.38-4_amd64.deb ...
Unpacking libmagic1:amd64 (1:5.38-4) ...
Selecting previously unselected package file.
Preparing to unpack .../07-file_1%3a5.38-4_amd64.deb ...
Unpacking file (1:5.38-4) ...
Selecting previously unselected package gettext-base.
Preparing to unpack .../08-gettext-base_0.19.8.1-10_amd64.deb ...
Unpacking gettext-base (0.19.8.1-10) ...
Selecting previously unselected package libsigsegv2:amd64.
Preparing to unpack .../09-libsigsegv2_2.12-2_amd64.deb ...
Unpacking libsigsegv2:amd64 (2.12-2) ...
Selecting previously unselected package m4.
Preparing to unpack .../10-m4_1.4.18-4_amd64.deb ...
Unpacking m4 (1.4.18-4) ...
Selecting previously unselected package autoconf.
Preparing to unpack .../11-autoconf_2.69-11.1_all.deb ...
Unpacking autoconf (2.69-11.1) ...
Selecting previously unselected package autotools-dev.
Preparing to unpack .../12-autotools-dev_20180224.1_all.deb ...
Unpacking autotools-dev (20180224.1) ...
Selecting previously unselected package automake.
Preparing to unpack .../13-automake_1%3a1.16.1-4_all.deb ...
Unpacking automake (1:1.16.1-4) ...
Selecting previously unselected package autopoint.
Preparing to unpack .../14-autopoint_0.19.8.1-10_all.deb ...
Unpacking autopoint (0.19.8.1-10) ...
Selecting previously unselected package openssl.
Preparing to unpack .../15-openssl_1.1.1d-2_amd64.deb ...
Unpacking openssl (1.1.1d-2) ...
Selecting previously unselected package ca-certificates.
Preparing to unpack .../16-ca-certificates_20190110_all.deb ...
Unpacking ca-certificates (20190110) ...
Selecting previously unselected package cython3.
Preparing to unpack .../17-cython3_0.29.14-0.1+b1_amd64.deb ...
Unpacking cython3 (0.29.14-0.1+b1) ...
Selecting previously unselected package libtool.
Preparing to unpack .../18-libtool_2.4.6-13_all.deb ...
Unpacking libtool (2.4.6-13) ...
Selecting previously unselected package dh-autoreconf.
Preparing to unpack .../19-dh-autoreconf_19_all.deb ...
Unpacking dh-autoreconf (19) ...
Selecting previously unselected package libdebhelper-perl.
Preparing to unpack .../20-libdebhelper-perl_12.9_all.deb ...
Unpacking libdebhelper-perl (12.9) ...
Selecting previously unselected package libarchive-zip-perl.
Preparing to unpack .../21-libarchive-zip-perl_1.67-1_all.deb ...
Unpacking libarchive-zip-perl (1.67-1) ...
Selecting previously unselected package libsub-override-perl.
Preparing to unpack .../22-libsub-override-perl_0.09-2_all.deb ...
Unpacking libsub-override-perl (0.09-2) ...
Selecting previously unselected package libfile-stripnondeterminism-perl.
Preparing to unpack .../23-libfile-stripnondeterminism-perl_1.6.3-2_all.deb ...
Unpacking libfile-stripnondeterminism-perl (1.6.3-2) ...
Selecting previously unselected package dh-strip-nondeterminism.
Preparing to unpack .../24-dh-strip-nondeterminism_1.6.3-2_all.deb ...
Unpacking dh-strip-nondeterminism (1.6.3-2) ...
Selecting previously unselected package libelf1:amd64.
Preparing to unpack .../25-libelf1_0.176-1.1_amd64.deb ...
Unpacking libelf1:amd64 (0.176-1.1) ...
Selecting previously unselected package dwz.
Preparing to unpack .../26-dwz_0.13-5_amd64.deb ...
Unpacking dwz (0.13-5) ...
Selecting previously unselected package libglib2.0-0:amd64.
Preparing to unpack .../27-libglib2.0-0_2.62.4-2_amd64.deb ...
Unpacking libglib2.0-0:amd64 (2.62.4-2) ...
Selecting previously unselected package libicu63:amd64.
Preparing to unpack .../28-libicu63_63.2-2_amd64.deb ...
Unpacking libicu63:amd64 (63.2-2) ...
Selecting previously unselected package libxml2:amd64.
Preparing to unpack .../29-libxml2_2.9.10+dfsg-3_amd64.deb ...
Unpacking libxml2:amd64 (2.9.10+dfsg-3) ...
Selecting previously unselected package libcroco3:amd64.
Preparing to unpack .../30-libcroco3_0.6.13-1_amd64.deb ...
Unpacking libcroco3:amd64 (0.6.13-1) ...
Selecting previously unselected package gettext.
Preparing to unpack .../31-gettext_0.19.8.1-10_amd64.deb ...
Unpacking gettext (0.19.8.1-10) ...
Selecting previously unselected package intltool-debian.
Preparing to unpack .../32-intltool-debian_0.35.0+20060710.5_all.deb ...
Unpacking intltool-debian (0.35.0+20060710.5) ...
Selecting previously unselected package po-debconf.
Preparing to unpack .../33-po-debconf_1.0.21_all.deb ...
Unpacking po-debconf (1.0.21) ...
Selecting previously unselected package debhelper.
Preparing to unpack .../34-debhelper_12.9_all.deb ...
Unpacking debhelper (12.9) ...
Selecting previously unselected package python3-lib2to3.
Preparing to unpack .../35-python3-lib2to3_3.8.0-1_all.deb ...
Unpacking python3-lib2to3 (3.8.0-1) ...
Selecting previously unselected package python3-distutils.
Preparing to unpack .../36-python3-distutils_3.8.0-1_all.deb ...
Unpacking python3-distutils (3.8.0-1) ...
Selecting previously unselected package dh-python.
Preparing to unpack .../37-dh-python_4.20191017_all.deb ...
Unpacking dh-python (4.20191017) ...
Selecting previously unselected package xml-core.
Preparing to unpack .../38-xml-core_0.18+nmu1_all.deb ...
Unpacking xml-core (0.18+nmu1) ...
Selecting previously unselected package docutils-common.
Preparing to unpack .../39-docutils-common_0.16+dfsg-1_all.deb ...
Unpacking docutils-common (0.16+dfsg-1) ...
Selecting previously unselected package libexpat1-dev:amd64.
Preparing to unpack .../40-libexpat1-dev_2.2.9-1_amd64.deb ...
Unpacking libexpat1-dev:amd64 (2.2.9-1) ...
Selecting previously unselected package libjs-jquery-isonscreen.
Preparing to unpack .../41-libjs-jquery-isonscreen_1.2.0-1_all.deb ...
Unpacking libjs-jquery-isonscreen (1.2.0-1) ...
Selecting previously unselected package libjs-jquery-metadata.
Preparing to unpack .../42-libjs-jquery-metadata_12-1.1_all.deb ...
Unpacking libjs-jquery-metadata (12-1.1) ...
Selecting previously unselected package libjs-jquery-tablesorter.
Preparing to unpack .../43-libjs-jquery-tablesorter_1%3a2.31.1+dfsg1-1_all.deb ...
Unpacking libjs-jquery-tablesorter (1:2.31.1+dfsg1-1) ...
Selecting previously unselected package libjs-jquery-throttle-debounce.
Preparing to unpack .../44-libjs-jquery-throttle-debounce_1.1+dfsg.1-1_all.deb ...
Unpacking libjs-jquery-throttle-debounce (1.1+dfsg.1-1) ...
Selecting previously unselected package libjs-underscore.
Preparing to unpack .../45-libjs-underscore_1.9.1~dfsg-1_all.deb ...
Unpacking libjs-underscore (1.9.1~dfsg-1) ...
Selecting previously unselected package libjs-sphinxdoc.
Preparing to unpack .../46-libjs-sphinxdoc_1.8.5-5_all.deb ...
Unpacking libjs-sphinxdoc (1.8.5-5) ...
Selecting previously unselected package libpython3.7:amd64.
Preparing to unpack .../47-libpython3.7_3.7.6-1+b1_amd64.deb ...
Unpacking libpython3.7:amd64 (3.7.6-1+b1) ...
Selecting previously unselected package libpython3.7-dev:amd64.
Preparing to unpack .../48-libpython3.7-dev_3.7.6-1+b1_amd64.deb ...
Unpacking libpython3.7-dev:amd64 (3.7.6-1+b1) ...
Selecting previously unselected package libpython3-dev:amd64.
Preparing to unpack .../49-libpython3-dev_3.7.5-3_amd64.deb ...
Unpacking libpython3-dev:amd64 (3.7.5-3) ...
Selecting previously unselected package libpython3.8-stdlib:amd64.
Preparing to unpack .../50-libpython3.8-stdlib_3.8.2~rc2-2_amd64.deb ...
Unpacking libpython3.8-stdlib:amd64 (3.8.2~rc2-2) ...
Selecting previously unselected package libpython3.8:amd64.
Preparing to unpack .../51-libpython3.8_3.8.2~rc2-2_amd64.deb ...
Unpacking libpython3.8:amd64 (3.8.2~rc2-2) ...
Selecting previously unselected package libpython3.8-dev:amd64.
Preparing to unpack .../52-libpython3.8-dev_3.8.2~rc2-2_amd64.deb ...
Unpacking libpython3.8-dev:amd64 (3.8.2~rc2-2) ...
Selecting previously unselected package libpython3-all-dev:amd64.
Preparing to unpack .../53-libpython3-all-dev_3.7.5-3_amd64.deb ...
Unpacking libpython3-all-dev:amd64 (3.7.5-3) ...
Selecting previously unselected package python-babel-localedata.
Preparing to unpack .../54-python-babel-localedata_2.8.0+dfsg.1-2_all.deb ...
Unpacking python-babel-localedata (2.8.0+dfsg.1-2) ...
Selecting previously unselected package python3-alabaster.
Preparing to unpack .../55-python3-alabaster_0.7.8-1_all.deb ...
Unpacking python3-alabaster (0.7.8-1) ...
Selecting previously unselected package python3.8.
Preparing to unpack .../56-python3.8_3.8.2~rc2-2_amd64.deb ...
Unpacking python3.8 (3.8.2~rc2-2) ...
Selecting previously unselected package python3-all.
Preparing to unpack .../57-python3-all_3.7.5-3_amd64.deb ...
Unpacking python3-all (3.7.5-3) ...
Selecting previously unselected package zlib1g-dev:amd64.
Preparing to unpack .../58-zlib1g-dev_1%3a1.2.11.dfsg-2_amd64.deb ...
Unpacking zlib1g-dev:amd64 (1:1.2.11.dfsg-2) ...
Selecting previously unselected package python3.7-dev.
Preparing to unpack .../59-python3.7-dev_3.7.6-1+b1_amd64.deb ...
Unpacking python3.7-dev (3.7.6-1+b1) ...
Selecting previously unselected package python3-dev.
Preparing to unpack .../60-python3-dev_3.7.5-3_amd64.deb ...
Unpacking python3-dev (3.7.5-3) ...
Selecting previously unselected package python3.8-dev.
Preparing to unpack .../61-python3.8-dev_3.8.2~rc2-2_amd64.deb ...
Unpacking python3.8-dev (3.8.2~rc2-2) ...
Selecting previously unselected package python3-all-dev.
Preparing to unpack .../62-python3-all-dev_3.7.5-3_amd64.deb ...
Unpacking python3-all-dev (3.7.5-3) ...
Selecting previously unselected package python3-atomicwrites.
Preparing to unpack .../63-python3-atomicwrites_1.1.5-2_all.deb ...
Unpacking python3-atomicwrites (1.1.5-2) ...
Selecting previously unselected package python3-attr.
Preparing to unpack .../64-python3-attr_19.3.0-1_all.deb ...
Unpacking python3-attr (19.3.0-1) ...
Selecting previously unselected package python3-pkg-resources.
Preparing to unpack .../65-python3-pkg-resources_44.0.0-1_all.deb ...
Unpacking python3-pkg-resources (44.0.0-1) ...
Selecting previously unselected package python3-tz.
Preparing to unpack .../66-python3-tz_2019.3-1_all.deb ...
Unpacking python3-tz (2019.3-1) ...
Selecting previously unselected package python3-babel.
Preparing to unpack .../67-python3-babel_2.8.0+dfsg.1-2_all.deb ...
Unpacking python3-babel (2.8.0+dfsg.1-2) ...
Selecting previously unselected package python3-certifi.
Preparing to unpack .../68-python3-certifi_2019.11.28-1_all.deb ...
Unpacking python3-certifi (2019.11.28-1) ...
Selecting previously unselected package python3-chardet.
Preparing to unpack .../69-python3-chardet_3.0.4-4_all.deb ...
Unpacking python3-chardet (3.0.4-4) ...
Selecting previously unselected package python3-coverage.
Preparing to unpack .../70-python3-coverage_4.5.2+dfsg.1-4+b1_amd64.deb ...
Unpacking python3-coverage (4.5.2+dfsg.1-4+b1) ...
Selecting previously unselected package python3-six.
Preparing to unpack .../71-python3-six_1.14.0-2_all.deb ...
Unpacking python3-six (1.14.0-2) ...
Selecting previously unselected package python3-nose2.
Preparing to unpack .../72-python3-nose2_0.9.1-3_all.deb ...
Unpacking python3-nose2 (0.9.1-3) ...
Selecting previously unselected package python3-cov-core.
Preparing to unpack .../73-python3-cov-core_1.15.0-3_all.deb ...
Unpacking python3-cov-core (1.15.0-3) ...
Selecting previously unselected package python3-roman.
Preparing to unpack .../74-python3-roman_2.0.0-3_all.deb ...
Unpacking python3-roman (2.0.0-3) ...
Selecting previously unselected package python3-docutils.
Preparing to unpack .../75-python3-docutils_0.16+dfsg-1_all.deb ...
Unpacking python3-docutils (0.16+dfsg-1) ...
Selecting previously unselected package python3-idna.
Preparing to unpack .../76-python3-idna_2.6-2_all.deb ...
Unpacking python3-idna (2.6-2) ...
Selecting previously unselected package python3-imagesize.
Preparing to unpack .../77-python3-imagesize_1.2.0-1_all.deb ...
Unpacking python3-imagesize (1.2.0-1) ...
Selecting previously unselected package python3-more-itertools.
Preparing to unpack .../78-python3-more-itertools_4.2.0-1_all.deb ...
Unpacking python3-more-itertools (4.2.0-1) ...
Selecting previously unselected package python3-zipp.
Preparing to unpack .../79-python3-zipp_1.0.0-1_all.deb ...
Unpacking python3-zipp (1.0.0-1) ...
Selecting previously unselected package python3-importlib-metadata.
Preparing to unpack .../80-python3-importlib-metadata_1.5.0-1_all.deb ...
Unpacking python3-importlib-metadata (1.5.0-1) ...
Selecting previously unselected package python3-markupsafe.
Preparing to unpack .../81-python3-markupsafe_1.1.0-1+b2_amd64.deb ...
Unpacking python3-markupsafe (1.1.0-1+b2) ...
Selecting previously unselected package python3-jinja2.
Preparing to unpack .../82-python3-jinja2_2.10.1-1_all.deb ...
Unpacking python3-jinja2 (2.10.1-1) ...
Selecting previously unselected package python3-multidict.
Preparing to unpack .../83-python3-multidict_4.7.3-1_amd64.deb ...
Unpacking python3-multidict (4.7.3-1) ...
Selecting previously unselected package python3-pyparsing.
Preparing to unpack .../84-python3-pyparsing_2.4.6-1_all.deb ...
Unpacking python3-pyparsing (2.4.6-1) ...
Selecting previously unselected package python3-packaging.
Preparing to unpack .../85-python3-packaging_19.1-2_all.deb ...
Unpacking python3-packaging (19.1-2) ...
Selecting previously unselected package python3-pluggy.
Preparing to unpack .../86-python3-pluggy_0.13.0-2_all.deb ...
Unpacking python3-pluggy (0.13.0-2) ...
Selecting previously unselected package python3-py.
Preparing to unpack .../87-python3-py_1.8.1-1_all.deb ...
Unpacking python3-py (1.8.1-1) ...
Selecting previously unselected package python3-pygments.
Preparing to unpack .../88-python3-pygments_2.3.1+dfsg-1_all.deb ...
Unpacking python3-pygments (2.3.1+dfsg-1) ...
Selecting previously unselected package python3-wcwidth.
Preparing to unpack .../89-python3-wcwidth_0.1.8+dfsg1-3_all.deb ...
Unpacking python3-wcwidth (0.1.8+dfsg1-3) ...
Selecting previously unselected package python3-pytest.
Preparing to unpack .../90-python3-pytest_4.6.9-1_all.deb ...
Unpacking python3-pytest (4.6.9-1) ...
Selecting previously unselected package python3-pytest-cov.
Preparing to unpack .../91-python3-pytest-cov_2.8.1-1_all.deb ...
Unpacking python3-pytest-cov (2.8.1-1) ...
Selecting previously unselected package python3-setuptools.
Preparing to unpack .../92-python3-setuptools_44.0.0-1_all.deb ...
Unpacking python3-setuptools (44.0.0-1) ...
Selecting previously unselected package python3-pytest-runner.
Preparing to unpack .../93-python3-pytest-runner_2.11.1-1.1_all.deb ...
Unpacking python3-pytest-runner (2.11.1-1.1) ...
Selecting previously unselected package python3-urllib3.
Preparing to unpack .../94-python3-urllib3_1.25.8-1_all.deb ...
Unpacking python3-urllib3 (1.25.8-1) ...
Selecting previously unselected package python3-requests.
Preparing to unpack .../95-python3-requests_2.22.0-2_all.deb ...
Unpacking python3-requests (2.22.0-2) ...
Selecting previously unselected package sphinx-common.
Preparing to unpack .../96-sphinx-common_1.8.5-5_all.deb ...
Unpacking sphinx-common (1.8.5-5) ...
Selecting previously unselected package python3-sphinx.
Preparing to unpack .../97-python3-sphinx_1.8.5-5_all.deb ...
Unpacking python3-sphinx (1.8.5-5) ...
Selecting previously unselected package sbuild-build-depends-main-dummy.
Preparing to unpack .../98-sbuild-build-depends-main-dummy_0.invalid.0_amd64.deb ...
Unpacking sbuild-build-depends-main-dummy (0.invalid.0) ...
Setting up libpipeline1:amd64 (1.5.2-2) ...
Setting up libpython3.8-minimal:amd64 (3.8.2~rc2-2) ...
Setting up mime-support (3.64) ...
Setting up libmagic-mgc (1:5.38-4) ...
Setting up libarchive-zip-perl (1.67-1) ...
Setting up libglib2.0-0:amd64 (2.62.4-2) ...
No schema files found: doing nothing.
Setting up libdebhelper-perl (12.9) ...
Setting up libsqlite3-0:amd64 (3.31.1-3) ...
Setting up libmagic1:amd64 (1:5.38-4) ...
Setting up gettext-base (0.19.8.1-10) ...
Setting up file (1:5.38-4) ...
Setting up libjs-jquery-throttle-debounce (1.1+dfsg.1-1) ...
Setting up libicu63:amd64 (63.2-2) ...
Setting up python-babel-localedata (2.8.0+dfsg.1-2) ...
Setting up autotools-dev (20180224.1) ...
Setting up libexpat1-dev:amd64 (2.2.9-1) ...
Setting up libsigsegv2:amd64 (2.12-2) ...
Setting up bsdmainutils (11.1.2+b1) ...
update-alternatives: using /usr/bin/bsd-write to provide /usr/bin/write (write) in auto mode
update-alternatives: using /usr/bin/bsd-from to provide /usr/bin/from (from) in auto mode
Setting up autopoint (0.19.8.1-10) ...
Setting up zlib1g-dev:amd64 (1:1.2.11.dfsg-2) ...
Setting up python3.8-minimal (3.8.2~rc2-2) ...
Setting up sensible-utils (0.0.12+nmu1) ...
Setting up libuchardet0:amd64 (0.0.6-3) ...
Setting up libsub-override-perl (0.09-2) ...
Setting up sgml-base (1.29.1) ...
Setting up libmpdec2:amd64 (2.4.2-2) ...
Setting up libjs-jquery (3.3.1~dfsg-3) ...
Setting up libjs-jquery-hotkeys (0~20130707+git2d51e3a9+dfsg-2) ...
Setting up openssl (1.1.1d-2) ...
Setting up libelf1:amd64 (0.176-1.1) ...
Setting up readline-common (8.0-4) ...
Setting up libxml2:amd64 (2.9.10+dfsg-3) ...
Setting up libjs-underscore (1.9.1~dfsg-1) ...
Setting up libfile-stripnondeterminism-perl (1.6.3-2) ...
Setting up libtool (2.4.6-13) ...
Setting up libreadline8:amd64 (8.0-4) ...
Setting up m4 (1.4.18-4) ...
Setting up ca-certificates (20190110) ...
Updating certificates in /etc/ssl/certs...
128 added, 0 removed; done.
Setting up libjs-jquery-metadata (12-1.1) ...
Setting up libjs-jquery-isonscreen (1.2.0-1) ...
Setting up libcroco3:amd64 (0.6.13-1) ...
Setting up libjs-sphinxdoc (1.8.5-5) ...
Setting up autoconf (2.69-11.1) ...
Setting up dh-strip-nondeterminism (1.6.3-2) ...
Setting up dwz (0.13-5) ...
Setting up libjs-jquery-tablesorter (1:2.31.1+dfsg1-1) ...
Setting up groff-base (1.22.4-4) ...
Setting up xml-core (0.18+nmu1) ...
Setting up libpython3.8-stdlib:amd64 (3.8.2~rc2-2) ...
Setting up python3.8 (3.8.2~rc2-2) ...
Setting up automake (1:1.16.1-4) ...
update-alternatives: using /usr/bin/automake-1.16 to provide /usr/bin/automake (automake) in auto mode
Setting up libpython3.7-stdlib:amd64 (3.7.6-1+b1) ...
Setting up gettext (0.19.8.1-10) ...
Setting up libpython3.7:amd64 (3.7.6-1+b1) ...
Setting up libpython3.7-dev:amd64 (3.7.6-1+b1) ...
Setting up man-db (2.9.0-2) ...
Not building database; man-db/auto-update is not 'true'.
Setting up intltool-debian (0.35.0+20060710.5) ...
Setting up libpython3.8:amd64 (3.8.2~rc2-2) ...
Setting up sphinx-common (1.8.5-5) ...
Setting up libpython3-stdlib:amd64 (3.7.5-3) ...
Setting up python3.7 (3.7.6-1+b1) ...
Setting up libpython3-dev:amd64 (3.7.5-3) ...
Setting up po-debconf (1.0.21) ...
Setting up python3 (3.7.5-3) ...
Setting up python3-markupsafe (1.1.0-1+b2) ...
Setting up python3.7-dev (3.7.6-1+b1) ...
Setting up python3-multidict (4.7.3-1) ...
Setting up python3-tz (2019.3-1) ...
Setting up python3-atomicwrites (1.1.5-2) ...
Setting up python3-six (1.14.0-2) ...
Setting up python3-roman (2.0.0-3) ...
Setting up python3-jinja2 (2.10.1-1) ...
Setting up python3-pygments (2.3.1+dfsg-1) ...
Setting up python3-wcwidth (0.1.8+dfsg1-3) ...
Setting up python3-pyparsing (2.4.6-1) ...
Setting up python3-certifi (2019.11.28-1) ...
Setting up libpython3.8-dev:amd64 (3.8.2~rc2-2) ...
Setting up libpython3-all-dev:amd64 (3.7.5-3) ...
Setting up python3-idna (2.6-2) ...
Setting up cython3 (0.29.14-0.1+b1) ...
Setting up python3-urllib3 (1.25.8-1) ...
Setting up python3.8-dev (3.8.2~rc2-2) ...
Setting up python3-lib2to3 (3.8.0-1) ...
Setting up python3-imagesize (1.2.0-1) ...
Setting up python3-pkg-resources (44.0.0-1) ...
Setting up python3-distutils (3.8.0-1) ...
Setting up dh-python (4.20191017) ...
Setting up python3-more-itertools (4.2.0-1) ...
Setting up python3-attr (19.3.0-1) ...
Setting up python3-setuptools (44.0.0-1) ...
Setting up python3-py (1.8.1-1) ...
Setting up python3-babel (2.8.0+dfsg.1-2) ...
update-alternatives: using /usr/bin/pybabel-python3 to provide /usr/bin/pybabel (pybabel) in auto mode
Setting up python3-alabaster (0.7.8-1) ...
Setting up python3-all (3.7.5-3) ...
Setting up python3-coverage (4.5.2+dfsg.1-4+b1) ...
Setting up python3-nose2 (0.9.1-3) ...
Setting up python3-zipp (1.0.0-1) ...
Setting up python3-packaging (19.1-2) ...
Setting up python3-chardet (3.0.4-4) ...
Setting up python3-dev (3.7.5-3) ...
Setting up python3-requests (2.22.0-2) ...
Setting up python3-pytest-runner (2.11.1-1.1) ...
Setting up python3-all-dev (3.7.5-3) ...
Setting up python3-importlib-metadata (1.5.0-1) ...
Setting up python3-cov-core (1.15.0-3) ...
Setting up python3-pluggy (0.13.0-2) ...
Setting up python3-pytest (4.6.9-1) ...
Setting up python3-pytest-cov (2.8.1-1) ...
Setting up dh-autoreconf (19) ...
Setting up debhelper (12.9) ...
Processing triggers for libc-bin (2.29-10) ...
Processing triggers for sgml-base (1.29.1) ...
Setting up docutils-common (0.16+dfsg-1) ...
Processing triggers for sgml-base (1.29.1) ...
Setting up python3-docutils (0.16+dfsg-1) ...
update-alternatives: using /usr/share/docutils/scripts/python3/rst-buildhtml to provide /usr/bin/rst-buildhtml (rst-buildhtml) in auto mode
update-alternatives: using /usr/share/docutils/scripts/python3/rst2html to provide /usr/bin/rst2html (rst2html) in auto mode
update-alternatives: using /usr/share/docutils/scripts/python3/rst2html4 to provide /usr/bin/rst2html4 (rst2html4) in auto mode
update-alternatives: using /usr/share/docutils/scripts/python3/rst2html5 to provide /usr/bin/rst2html5 (rst2html5) in auto mode
update-alternatives: using /usr/share/docutils/scripts/python3/rst2latex to provide /usr/bin/rst2latex (rst2latex) in auto mode
update-alternatives: using /usr/share/docutils/scripts/python3/rst2man to provide /usr/bin/rst2man (rst2man) in auto mode
update-alternatives: using /usr/share/docutils/scripts/python3/rst2odt to provide /usr/bin/rst2odt (rst2odt) in auto mode
update-alternatives: using /usr/share/docutils/scripts/python3/rst2odt_prepstyles to provide /usr/bin/rst2odt_prepstyles (rst2odt_prepstyles) in auto mode
update-alternatives: using /usr/share/docutils/scripts/python3/rst2pseudoxml to provide /usr/bin/rst2pseudoxml (rst2pseudoxml) in auto mode
update-alternatives: using /usr/share/docutils/scripts/python3/rst2s5 to provide /usr/bin/rst2s5 (rst2s5) in auto mode
update-alternatives: using /usr/share/docutils/scripts/python3/rst2xetex to provide /usr/bin/rst2xetex (rst2xetex) in auto mode
update-alternatives: using /usr/share/docutils/scripts/python3/rst2xml to provide /usr/bin/rst2xml (rst2xml) in auto mode
update-alternatives: using /usr/share/docutils/scripts/python3/rstpep2html to provide /usr/bin/rstpep2html (rstpep2html) in auto mode
Setting up python3-sphinx (1.8.5-5) ...
update-alternatives: using /usr/share/sphinx/scripts/python3/sphinx-apidoc to provide /usr/bin/sphinx-apidoc (sphinx-apidoc) in auto mode
update-alternatives: using /usr/share/sphinx/scripts/python3/sphinx-autogen to provide /usr/bin/sphinx-autogen (sphinx-autogen) in auto mode
update-alternatives: using /usr/share/sphinx/scripts/python3/sphinx-build to provide /usr/bin/sphinx-build (sphinx-build) in auto mode
update-alternatives: using /usr/share/sphinx/scripts/python3/sphinx-quickstart to provide /usr/bin/sphinx-quickstart (sphinx-quickstart) in auto mode
Setting up sbuild-build-depends-main-dummy (0.invalid.0) ...
Processing triggers for ca-certificates (20190110) ...
Updating certificates in /etc/ssl/certs...
0 added, 0 removed; done.
Running hooks in /etc/ca-certificates/update.d...
done.

+------------------------------------------------------------------------------+
| Check architectures                                                          |
+------------------------------------------------------------------------------+

Arch check ok (amd64 included in any all)

+------------------------------------------------------------------------------+
| Build environment                                                            |
+------------------------------------------------------------------------------+

Kernel: Linux 4.19.0-6-cloud-amd64 #1 SMP Debian 4.19.67-2+deb10u2 (2019-11-11) amd64 (x86_64)
Toolchain package versions: binutils_2.34-3 dpkg-dev_1.19.7 g++-9_9.2.1-30 gcc-9_9.2.1-30 libc6-dev_2.29-10 libstdc++-8-dev_8.3.0-29 libstdc++-9-dev_9.2.1-30 libstdc++6_10-20200222-1 linux-libc-dev_5.4.19-1
Package versions: adduser_3.118 apt_1.8.4 autoconf_2.69-11.1 automake_1:1.16.1-4 autopoint_0.19.8.1-10 autotools-dev_20180224.1 base-files_11 base-passwd_3.5.47 bash_5.0-6 binutils_2.34-3 binutils-common_2.34-3 binutils-x86-64-linux-gnu_2.34-3 bsdmainutils_11.1.2+b1 bsdutils_1:2.34-0.1 build-essential_12.8 bzip2_1.0.8-2 ca-certificates_20190110 clang-8_1:8.0.1-7 coreutils_8.30-3+b1 cpp_4:9.2.1-3.1 cpp-9_9.2.1-30 cython3_0.29.14-0.1+b1 dash_0.5.10.2-6 debconf_1.5.73 debhelper_12.9 debian-archive-keyring_2019.1 debianutils_4.9.1 dh-autoreconf_19 dh-python_4.20191017 dh-strip-nondeterminism_1.6.3-2 diffutils_1:3.7-3 docutils-common_0.16+dfsg-1 dpkg_1.19.7 dpkg-dev_1.19.7 dwz_0.13-5 e2fsprogs_1.45.5-2 fakeroot_1.24-1 fdisk_2.34-0.1 file_1:5.38-4 findutils_4.7.0-1 g++_4:9.2.1-3.1 g++-9_9.2.1-30 gcc_4:9.2.1-3.1 gcc-10-base_10-20200222-1 gcc-8-base_8.3.0-29 gcc-9_9.2.1-30 gcc-9-base_9.2.1-30 gettext_0.19.8.1-10 gettext-base_0.19.8.1-10 gpgv_2.2.19-1 grep_3.4-1 groff-base_1.22.4-4 gzip_1.9-3+b1 hostname_3.23 init-system-helpers_1.57 intltool-debian_0.35.0+20060710.5 lib32gcc-s1_10-20200222-1 lib32gcc1_1:10-20200222-1 lib32stdc++6_10-20200222-1 libacl1_2.2.53-5 libapt-pkg5.0_1.8.4 libarchive-zip-perl_1.67-1 libasan5_9.2.1-30 libatomic1_10-20200222-1 libattr1_1:2.4.48-5 libaudit-common_1:2.8.5-2 libaudit1_1:2.8.5-2+b1 libbinutils_2.34-3 libblkid1_2.34-0.1 libbsd0_0.10.0-1 libbz2-1.0_1.0.8-2 libc-bin_2.29-10 libc-dev-bin_2.29-10 libc6_2.29-10 libc6-dev_2.29-10 libc6-i386_2.29-10 libcap-ng0_0.7.9-2.1+b1 libcc1-0_10-20200222-1 libclang-common-8-dev_1:8.0.1-7 libclang1-8_1:8.0.1-7 libcom-err2_1.45.5-2 libcroco3_0.6.13-1 libcrypt-dev_1:4.4.10-10 libcrypt1_1:4.4.10-10 libctf-nobfd0_2.34-3 libctf0_2.34-3 libdb5.3_5.3.28+dfsg1-0.6 libdebconfclient0_0.251 libdebhelper-perl_12.9 libdpkg-perl_1.19.7 libedit2_3.1-20191231-1 libelf1_0.176-1.1 libexpat1_2.2.9-1 libexpat1-dev_2.2.9-1 libext2fs2_1.45.5-2 libfakeroot_1.24-1 libfdisk1_2.34-0.1 libffi7_3.3-3 libfile-stripnondeterminism-perl_1.6.3-2 libgc1c2_1:7.6.4-0.4 libgcc-8-dev_8.3.0-29 libgcc-9-dev_9.2.1-30 libgcc-s1_10-20200222-1 libgcc1_1:10-20200222-1 libgcrypt20_1.8.5-5 libgdbm-compat4_1.18.1-5 libgdbm6_1.18.1-5 libglib2.0-0_2.62.4-2 libgmp10_2:6.2.0+dfsg-4 libgnutls30_3.6.12-2 libgomp1_10-20200222-1 libgpg-error0_1.37-1 libhogweed5_3.5.1+really3.5.1-2 libicu63_63.2-2 libidn2-0_2.2.0-2 libisl22_0.22.1-1 libitm1_10-20200222-1 libjs-jquery_3.3.1~dfsg-3 libjs-jquery-hotkeys_0~20130707+git2d51e3a9+dfsg-2 libjs-jquery-isonscreen_1.2.0-1 libjs-jquery-metadata_12-1.1 libjs-jquery-tablesorter_1:2.31.1+dfsg1-1 libjs-jquery-throttle-debounce_1.1+dfsg.1-1 libjs-sphinxdoc_1.8.5-5 libjs-underscore_1.9.1~dfsg-1 libllvm8_1:8.0.1-7 liblsan0_10-20200222-1 liblz4-1_1.9.2-2 liblzma5_5.2.4-1+b1 libmagic-mgc_1:5.38-4 libmagic1_1:5.38-4 libmount1_2.34-0.1 libmpc3_1.1.0-1 libmpdec2_2.4.2-2 libmpfr6_4.0.2-1 libmpx2_8.3.0-29 libncursesw6_6.1+20191019-1 libnettle7_3.5.1+really3.5.1-2 libobjc-8-dev_8.3.0-29 libobjc-9-dev_9.2.1-30 libobjc4_10-20200222-1 libomp-8-dev_1:8.0.1-7 libomp5-8_1:8.0.1-7 libp11-kit0_0.23.20-1 libpam-modules_1.3.1-5 libpam-modules-bin_1.3.1-5 libpam-runtime_1.3.1-5 libpam0g_1.3.1-5 libpcre2-8-0_10.34-7 libpcre3_2:8.39-12+b1 libperl5.30_5.30.0-9 libpipeline1_1.5.2-2 libpython3-all-dev_3.7.5-3 libpython3-dev_3.7.5-3 libpython3-stdlib_3.7.5-3 libpython3.7_3.7.6-1+b1 libpython3.7-dev_3.7.6-1+b1 libpython3.7-minimal_3.7.6-1+b1 libpython3.7-stdlib_3.7.6-1+b1 libpython3.8_3.8.2~rc2-2 libpython3.8-dev_3.8.2~rc2-2 libpython3.8-minimal_3.8.2~rc2-2 libpython3.8-stdlib_3.8.2~rc2-2 libquadmath0_10-20200222-1 libreadline8_8.0-4 libseccomp2_2.4.2-2 libselinux1_3.0-1+b1 libsemanage-common_3.0-1 libsemanage1_3.0-1+b1 libsepol1_3.0-1 libsigsegv2_2.12-2 libsmartcols1_2.34-0.1 libsqlite3-0_3.31.1-3 libss2_1.45.5-2 libssl1.1_1.1.1d-2 libstdc++-8-dev_8.3.0-29 libstdc++-9-dev_9.2.1-30 libstdc++6_10-20200222-1 libsub-override-perl_0.09-2 libsystemd0_244.3-1 libtasn1-6_4.16.0-2 libtinfo6_6.1+20191019-1 libtool_2.4.6-13 libtsan0_10-20200222-1 libubsan1_10-20200222-1 libuchardet0_0.0.6-3 libudev1_244.3-1 libunistring2_0.9.10-2 libuuid1_2.34-0.1 libxml2_2.9.10+dfsg-3 libzstd1_1.4.4+dfsg-3 linux-libc-dev_5.4.19-1 login_1:4.8.1-1 logsave_1.45.5-2 lsb-base_11.1.0 m4_1.4.18-4 make_4.2.1-1.2 man-db_2.9.0-2 mawk_1.3.4.20200120-2 mime-support_3.64 mount_2.34-0.1 ncurses-base_6.1+20191019-1 ncurses-bin_6.1+20191019-1 openssl_1.1.1d-2 passwd_1:4.8.1-1 patch_2.7.6-6 perl_5.30.0-9 perl-base_5.30.0-9 perl-modules-5.30_5.30.0-9 po-debconf_1.0.21 python-babel-localedata_2.8.0+dfsg.1-2 python3_3.7.5-3 python3-alabaster_0.7.8-1 python3-all_3.7.5-3 python3-all-dev_3.7.5-3 python3-atomicwrites_1.1.5-2 python3-attr_19.3.0-1 python3-babel_2.8.0+dfsg.1-2 python3-certifi_2019.11.28-1 python3-chardet_3.0.4-4 python3-cov-core_1.15.0-3 python3-coverage_4.5.2+dfsg.1-4+b1 python3-dev_3.7.5-3 python3-distutils_3.8.0-1 python3-docutils_0.16+dfsg-1 python3-idna_2.6-2 python3-imagesize_1.2.0-1 python3-importlib-metadata_1.5.0-1 python3-jinja2_2.10.1-1 python3-lib2to3_3.8.0-1 python3-markupsafe_1.1.0-1+b2 python3-minimal_3.7.5-3 python3-more-itertools_4.2.0-1 python3-multidict_4.7.3-1 python3-nose2_0.9.1-3 python3-packaging_19.1-2 python3-pkg-resources_44.0.0-1 python3-pluggy_0.13.0-2 python3-py_1.8.1-1 python3-pygments_2.3.1+dfsg-1 python3-pyparsing_2.4.6-1 python3-pytest_4.6.9-1 python3-pytest-cov_2.8.1-1 python3-pytest-runner_2.11.1-1.1 python3-requests_2.22.0-2 python3-roman_2.0.0-3 python3-setuptools_44.0.0-1 python3-six_1.14.0-2 python3-sphinx_1.8.5-5 python3-tz_2019.3-1 python3-urllib3_1.25.8-1 python3-wcwidth_0.1.8+dfsg1-3 python3-zipp_1.0.0-1 python3.7_3.7.6-1+b1 python3.7-dev_3.7.6-1+b1 python3.7-minimal_3.7.6-1+b1 python3.8_3.8.2~rc2-2 python3.8-dev_3.8.2~rc2-2 python3.8-minimal_3.8.2~rc2-2 readline-common_8.0-4 sbuild-build-depends-main-dummy_0.invalid.0 sed_4.7-1 sensible-utils_0.0.12+nmu1 sgml-base_1.29.1 sphinx-common_1.8.5-5 sysvinit-utils_2.96-2.1 tar_1.30+dfsg-6+b1 tzdata_2019c-3 util-linux_2.34-0.1 xml-core_0.18+nmu1 xz-utils_5.2.4-1+b1 zlib1g_1:1.2.11.dfsg-2 zlib1g-dev_1:1.2.11.dfsg-2

+------------------------------------------------------------------------------+
| Build                                                                        |
+------------------------------------------------------------------------------+


Unpack source
-------------

-----BEGIN PGP SIGNED MESSAGE-----
Hash: SHA512

Format: 3.0 (quilt)
Source: yarl
Binary: python3-yarl, python-yarl-doc
Architecture: any all
Version: 1.4.2-1
Maintainer: Piotr Oarowski <piotr@debian.org>
Uploaders: Debian Python Modules Team <python-modules-team@lists.alioth.debian.org>
Homepage: https://github.com/aio-libs/yarl/
Standards-Version: 4.4.1
Vcs-Browser: https://salsa.debian.org/python-team/modules/yarl
Vcs-Git: https://salsa.debian.org/python-team/modules/yarl.git
Testsuite: autopkgtest-pkg-python
Build-Depends: debhelper-compat (= 12), dh-python (>= 2), cython3, python3-all-dev, python3-setuptools, python3-sphinx (>= 1.3), python3-idna (>= 2.0), python3-multidict (>= 4.0.0), python3-pytest <!nocheck>, python3-pytest-runner <!nocheck>, python3-pytest-cov <!nocheck>
Package-List:
 python-yarl-doc deb doc optional arch=all
 python3-yarl deb python optional arch=any
Checksums-Sha1:
 781353656b6318d0061c08faf0ccee111b18b494 163521 yarl_1.4.2.orig.tar.gz
 651c249ea3566e43f763acd03eb1a1c5967f892e 4628 yarl_1.4.2-1.debian.tar.xz
Checksums-Sha256:
 58cd9c469eced558cd81aa3f484b2924e8897049e06889e8ff2510435b7ef74b 163521 yarl_1.4.2.orig.tar.gz
 a7e92636ca00ea1b392477438f31fb72d61a474869d2794d95c2357070280594 4628 yarl_1.4.2-1.debian.tar.xz
Files:
 08ba0d6e18f460b44d9e5459f3d217ba 163521 yarl_1.4.2.orig.tar.gz
 e6b79354ec81098cdff7388baa123b67 4628 yarl_1.4.2-1.debian.tar.xz

-----BEGIN PGP SIGNATURE-----

iQIzBAEBCgAdFiEEPZg8UuuFmAxGpWCQNXMSVZ0eBksFAl4JMFgACgkQNXMSVZ0e
BktjfhAAhHHCNwFAVC16NVigAYDxUmyQP2GsYCymxfxuVnJx7KxIvCRKAlOCS1vO
Z9nHIeSSYZQMxeSrXE1QAkcBNUAt887JeXHxPts6dsLXp2u5KHouRanQzF30W2Ie
haQAPTk8lT0FWgP0VVdNutmjeHQ6+H7cioBFpr8pspiPaWvpr//V14julh9U0wdO
ZNuuP0L3YlvV0yDI2zO4zJw9IfIL6/MagCqCzIiMzehAX9p/wF+BO1rO2WaZ0E+y
N7RK3/ngYQCGM/YxHCKBUNSTD8+olMo8Tubgq5L4iZxzVnDnnQpDJB+xI4ZKOKRq
w7wVarYzyMX8g2EFxseAtU+z3PmrqHotnPc21E5LZURZ2U/0EbHM61nnLla+wHs3
YZG2N5bFeyHoSt7sQXeabUS4iEmXk1FGNhbE0SX2a4jIcZT4YISsR6nm8tw0SG9u
7jK0ZWPOTvnXZNU4axo9iF+g9j/XKAmvQsMUECrk52wV8bzoZgYZbXnu/fiJ+bUr
d2fCT1S2Jl2trl5xf4Kyl3kDm6bVN0HW+TYToSANQQaU0M6HKpZLTR0gMqqVPvf+
zPbE4t+ilq+NclwlJMQ51gXZeU512NvpYNLlNAQNPJ6krIV1VihgED/VgwvAzcLa
lxJek4j+gRuPNidSLBYOQW1vVY77orp2Ts0URqJ7gkNiXwOd6kI=
=rz4h
-----END PGP SIGNATURE-----

gpgv: unknown type of key resource 'trustedkeys.kbx'
gpgv: keyblock resource '/sbuild-nonexistent/.gnupg/trustedkeys.kbx': General error
gpgv: Signature made Sun Dec 29 23:01:44 2019 UTC
gpgv:                using RSA key 3D983C52EB85980C46A56090357312559D1E064B
gpgv: Can't check signature: No public key
dpkg-source: warning: failed to verify signature on ./yarl_1.4.2-1.dsc
dpkg-source: info: extracting yarl in /<<PKGBUILDDIR>>
dpkg-source: info: unpacking yarl_1.4.2.orig.tar.gz
dpkg-source: info: unpacking yarl_1.4.2-1.debian.tar.xz
dpkg-source: info: using patch list from debian/patches/series
dpkg-source: info: applying 0001-do-not-add-changelog-to-long-description.patch
dpkg-source: info: applying 0002-docs-disable-intersphinx.patch
dpkg-source: info: applying 0003-docs-disable-sidebar_collapse-option.patch
dpkg-source: info: applying 0004-disable-privacy-breach-links-in-documentation.patch
dpkg-source: info: applying 0005-Fix-tests-in-new-Pythons.patch

Check disk space
----------------

Sufficient free space for build

User Environment
----------------

APT_CONFIG=/var/lib/sbuild/apt.conf
HOME=/sbuild-nonexistent
LANG=C.UTF-8
LC_ALL=C.UTF-8
LOGNAME=user42
PATH=/usr/local/sbin:/usr/local/bin:/usr/sbin:/usr/bin:/sbin:/bin:/usr/games
SCHROOT_ALIAS_NAME=unstable
SCHROOT_CHROOT_NAME=sid-amd64-sbuild
SCHROOT_COMMAND=env
SCHROOT_GID=1001
SCHROOT_GROUP=user42
SCHROOT_SESSION_ID=sid-amd64-sbuild-12af56e8-c740-4f65-8a2e-5d5337397fce
SCHROOT_UID=1001
SCHROOT_USER=user42
SHELL=/bin/sh
USER=user42

dpkg-buildpackage
-----------------

Command: dpkg-buildpackage -us -uc -b -rfakeroot
dpkg-buildpackage: info: source package yarl
dpkg-buildpackage: info: source version 1.4.2-1
dpkg-buildpackage: info: source distribution unstable
dpkg-buildpackage: info: source changed by Ondej Nov <onovy@debian.org>
 dpkg-source --before-build .
dpkg-buildpackage: info: host architecture amd64
dpkg-source: info: using options from yarl-1.4.2/debian/source/options: --extend-diff-ignore=^[^/]+.egg-info/ --extend-diff-ignore=yarl/_quoting.c
 fakeroot debian/rules clean
dh clean --with python3,sphinxdoc --buildsystem=pybuild
   dh_auto_clean -O--buildsystem=pybuild
I: pybuild base:217: python3.8 setup.py clean 
**********************
* Accellerated build *
**********************
running clean
removing '/<<PKGBUILDDIR>>/.pybuild/cpython3_3.8_yarl/build' (and everything under it)
'build/bdist.linux-amd64' does not exist -- can't clean it
'build/scripts-3.8' does not exist -- can't clean it
I: pybuild base:217: python3.7 setup.py clean 
**********************
* Accellerated build *
**********************
running clean
removing '/<<PKGBUILDDIR>>/.pybuild/cpython3_3.7_yarl/build' (and everything under it)
'build/bdist.linux-amd64' does not exist -- can't clean it
'build/scripts-3.7' does not exist -- can't clean it
   dh_autoreconf_clean -O--buildsystem=pybuild
   dh_clean -O--buildsystem=pybuild
 debian/rules build
dh build --with python3,sphinxdoc --buildsystem=pybuild
   dh_update_autotools_config -O--buildsystem=pybuild
   dh_autoreconf -O--buildsystem=pybuild
   dh_auto_configure -O--buildsystem=pybuild
I: pybuild base:217: python3.8 setup.py config 
**********************
* Accellerated build *
**********************
running config
I: pybuild base:217: python3.7 setup.py config 
**********************
* Accellerated build *
**********************
running config
   debian/rules override_dh_auto_build-indep
make[1]: Entering directory '/<<PKGBUILDDIR>>'
cd docs && \
PYTHONPATH=/<<PKGBUILDDIR>> http_proxy='http://127.0.0.1:9/' https_proxy='https://127.0.0.1:9/' \
python3 -m sphinx -N -E -T -b html . /<<PKGBUILDDIR>>/.pybuild/docs/html/
Running Sphinx v1.8.5
making output directory...
building [mo]: targets for 0 po files that are out of date
building [html]: targets for 2 source files that are out of date
updating environment: 2 added, 0 changed, 0 removed
reading sources... [ 50%] api
reading sources... [100%] index

looking for now-outdated files... none found
pickling environment... done
checking consistency... done
preparing documents... done
writing output... [ 50%] api
writing output... [100%] index

generating indices... genindex py-modindex
highlighting module code... [100%] yarl

writing additional pages... search
copying static files... done
copying extra files... done
dumping search index in English (code: en) ... done
dumping object inventory... done
build succeeded.

The HTML pages are in ../.pybuild/docs/html.
rm -rf /<<PKGBUILDDIR>>/.pybuild/docs/html/.doctrees
make[1]: Leaving directory '/<<PKGBUILDDIR>>'
   dh_auto_build -O--buildsystem=pybuild -Npython-yarl-doc
I: pybuild pybuild:272: cython3 yarl/_quoting.pyx
I: pybuild base:217: /usr/bin/python3.8 setup.py build 
**********************
* Accellerated build *
**********************
running build
running build_py
creating /<<PKGBUILDDIR>>/.pybuild/cpython3_3.8_yarl/build/yarl
copying yarl/__init__.py -> /<<PKGBUILDDIR>>/.pybuild/cpython3_3.8_yarl/build/yarl
copying yarl/quoting.py -> /<<PKGBUILDDIR>>/.pybuild/cpython3_3.8_yarl/build/yarl
running egg_info
writing yarl.egg-info/PKG-INFO
writing dependency_links to yarl.egg-info/dependency_links.txt
writing requirements to yarl.egg-info/requires.txt
writing top-level names to yarl.egg-info/top_level.txt
reading manifest file 'yarl.egg-info/SOURCES.txt'
reading manifest template 'MANIFEST.in'
warning: no previously-included files matching '*.cache' found anywhere in distribution
warning: no previously-included files found matching 'yarl/_quoting.html'
warning: no previously-included files found matching 'yarl/_quoting.*.so'
warning: no previously-included files found matching 'yarl/_quoting.pyd'
warning: no previously-included files found matching 'yarl/_quoting.*.pyd'
no previously-included directories found matching 'docs/_build'
writing manifest file 'yarl.egg-info/SOURCES.txt'
copying yarl/__init__.pyi -> /<<PKGBUILDDIR>>/.pybuild/cpython3_3.8_yarl/build/yarl
copying yarl/_quoting.c -> /<<PKGBUILDDIR>>/.pybuild/cpython3_3.8_yarl/build/yarl
copying yarl/_quoting.pyx -> /<<PKGBUILDDIR>>/.pybuild/cpython3_3.8_yarl/build/yarl
copying yarl/py.typed -> /<<PKGBUILDDIR>>/.pybuild/cpython3_3.8_yarl/build/yarl
running build_ext
building 'yarl._quoting' extension
creating build
creating build/temp.linux-amd64-3.8
creating build/temp.linux-amd64-3.8/yarl
x86_64-linux-gnu-gcc -pthread -Wno-unused-result -Wsign-compare -DNDEBUG -g -fwrapv -O2 -Wall -g -fstack-protector-strong -Wformat -Werror=format-security -g -fwrapv -O2 -g -O2 -fdebug-prefix-map=/<<PKGBUILDDIR>>=. -fstack-protector-strong -Wformat -Werror=format-security -Wdate-time -D_FORTIFY_SOURCE=2 -fPIC -I/usr/include/python3.8 -c yarl/_quoting.c -o build/temp.linux-amd64-3.8/yarl/_quoting.o
yarl/_quoting.c:7760:3: warning: 'tp_print' is deprecated [-Wdeprecated-declarations]
  0, /*tp_print*/
  ^
/usr/include/python3.8/cpython/object.h:260:5: note: 'tp_print' has been explicitly marked deprecated here
    Py_DEPRECATED(3.8) int (*tp_print)(PyObject *, FILE *, int);
    ^
/usr/include/python3.8/pyport.h:515:54: note: expanded from macro 'Py_DEPRECATED'
#define Py_DEPRECATED(VERSION_UNUSED) __attribute__((__deprecated__))
                                                     ^
yarl/_quoting.c:7891:3: warning: 'tp_print' is deprecated [-Wdeprecated-declarations]
  0, /*tp_print*/
  ^
/usr/include/python3.8/cpython/object.h:260:5: note: 'tp_print' has been explicitly marked deprecated here
    Py_DEPRECATED(3.8) int (*tp_print)(PyObject *, FILE *, int);
    ^
/usr/include/python3.8/pyport.h:515:54: note: expanded from macro 'Py_DEPRECATED'
#define Py_DEPRECATED(VERSION_UNUSED) __attribute__((__deprecated__))
                                                     ^
2 warnings generated.
x86_64-linux-gnu-gcc -pthread -shared -Wl,-O1 -Wl,-Bsymbolic-functions -Wl,-z,relro -g -fwrapv -O2 -Wl,-z,relro -Wl,-z,now -g -O2 -fdebug-prefix-map=/<<PKGBUILDDIR>>=. -fstack-protector-strong -Wformat -Werror=format-security -Wdate-time -D_FORTIFY_SOURCE=2 build/temp.linux-amd64-3.8/yarl/_quoting.o -o /<<PKGBUILDDIR>>/.pybuild/cpython3_3.8_yarl/build/yarl/_quoting.cpython-38-x86_64-linux-gnu.so
I: pybuild pybuild:272: cython3 yarl/_quoting.pyx
I: pybuild base:217: /usr/bin/python3 setup.py build 
**********************
* Accellerated build *
**********************
running build
running build_py
creating /<<PKGBUILDDIR>>/.pybuild/cpython3_3.7_yarl/build/yarl
copying yarl/__init__.py -> /<<PKGBUILDDIR>>/.pybuild/cpython3_3.7_yarl/build/yarl
copying yarl/quoting.py -> /<<PKGBUILDDIR>>/.pybuild/cpython3_3.7_yarl/build/yarl
running egg_info
writing yarl.egg-info/PKG-INFO
writing dependency_links to yarl.egg-info/dependency_links.txt
writing requirements to yarl.egg-info/requires.txt
writing top-level names to yarl.egg-info/top_level.txt
reading manifest file 'yarl.egg-info/SOURCES.txt'
reading manifest template 'MANIFEST.in'
warning: no previously-included files matching '*.cache' found anywhere in distribution
warning: no previously-included files found matching 'yarl/_quoting.html'
warning: no previously-included files found matching 'yarl/_quoting.*.so'
warning: no previously-included files found matching 'yarl/_quoting.pyd'
warning: no previously-included files found matching 'yarl/_quoting.*.pyd'
no previously-included directories found matching 'docs/_build'
writing manifest file 'yarl.egg-info/SOURCES.txt'
copying yarl/__init__.pyi -> /<<PKGBUILDDIR>>/.pybuild/cpython3_3.7_yarl/build/yarl
copying yarl/_quoting.c -> /<<PKGBUILDDIR>>/.pybuild/cpython3_3.7_yarl/build/yarl
copying yarl/_quoting.pyx -> /<<PKGBUILDDIR>>/.pybuild/cpython3_3.7_yarl/build/yarl
copying yarl/py.typed -> /<<PKGBUILDDIR>>/.pybuild/cpython3_3.7_yarl/build/yarl
running build_ext
building 'yarl._quoting' extension
creating build/temp.linux-amd64-3.7
creating build/temp.linux-amd64-3.7/yarl
x86_64-linux-gnu-gcc -pthread -Wno-unused-result -Wsign-compare -DNDEBUG -g -fwrapv -O2 -Wall -g -fstack-protector-strong -Wformat -Werror=format-security -g -fwrapv -O2 -g -O2 -fdebug-prefix-map=/<<PKGBUILDDIR>>=. -fstack-protector-strong -Wformat -Werror=format-security -Wdate-time -D_FORTIFY_SOURCE=2 -fPIC -I/usr/include/python3.7m -c yarl/_quoting.c -o build/temp.linux-amd64-3.7/yarl/_quoting.o
x86_64-linux-gnu-gcc -pthread -shared -Wl,-O1 -Wl,-Bsymbolic-functions -Wl,-z,relro -Wl,-z,relro -Wl,-z,now -g -O2 -fdebug-prefix-map=/<<PKGBUILDDIR>>=. -fstack-protector-strong -Wformat -Werror=format-security -Wdate-time -D_FORTIFY_SOURCE=2 build/temp.linux-amd64-3.7/yarl/_quoting.o -o /<<PKGBUILDDIR>>/.pybuild/cpython3_3.7_yarl/build/yarl/_quoting.cpython-37m-x86_64-linux-gnu.so
   dh_auto_test -O--buildsystem=pybuild -Npython-yarl-doc
I: pybuild base:217: cd /<<PKGBUILDDIR>>/.pybuild/cpython3_3.8_yarl/build; python3.8 -m pytest tests
============================= test session starts ==============================
platform linux -- Python 3.8.2rc2, pytest-4.6.9, py-1.8.1, pluggy-0.13.0 -- /usr/bin/python3.8
cachedir: .pytest_cache
rootdir: /<<PKGBUILDDIR>>, inifile: setup.cfg
plugins: cov-2.8.1
collecting ... collected 876 items

tests/test_cached_property.py::test_reify PASSED                         [  0%]
tests/test_cached_property.py::test_reify_class PASSED                   [  0%]
tests/test_cached_property.py::test_reify_assignment PASSED              [  0%]
tests/test_normalize_path.py::test__normalize_path[-] PASSED             [  0%]
tests/test_normalize_path.py::test__normalize_path[/-/] PASSED           [  0%]
tests/test_normalize_path.py::test__normalize_path[/-/] PASSED           [  0%]
tests/test_normalize_path.py::test__normalize_path[/-/] PASSED           [  0%]
tests/test_normalize_path.py::test__normalize_path[path/to-path/to] PASSED [  0%]
tests/test_normalize_path.py::test__normalize_path[./path/to-path/to] PASSED [  1%]
tests/test_normalize_path.py::test__normalize_path[path/to-path/to] PASSED [  1%]
tests/test_normalize_path.py::test__normalize_path[path/to-path/to] PASSED [  1%]
tests/test_normalize_path.py::test__normalize_path[path/to/.-path/to/] PASSED [  1%]
tests/test_normalize_path.py::test__normalize_path[path/to/.-path/to/] PASSED [  1%]
tests/test_normalize_path.py::test__normalize_path[../path/to-path/to] PASSED [  1%]
tests/to-to] PASSED                                                      [  1%]
to-to] PASSED                                                            [  1%]
\u03bd\u03b1/\u1d1c\u0274\u026a/\u1d04\u1d0f\u1d05\u1d07-\u03bd\u03b1/\u1d1c\u0274\u026a/\u1d04\u1d0f\u1d05\u1d07] PASSED [  1%]
\u03bd\u03b1/\U0001d566\U0001d55f\U0001d55a/\U0001d554\U0001d560\U0001d555\U0001d556/.-\u03bd\u03b1/\U0001d566\U0001d55f\U0001d55a/\U0001d554\U0001d560\U0001d555\U0001d556/] PASSED [  2%]
tests/test_pickle.py::test_pickle PASSED                                 [  2%]
tests/test_pickle.py::test_default_style_state PASSED                    [  2%]
tests/test_quoting.py::test_quote_not_allowed_non_strict[py_quoter] PASSED [  2%]
tests/test_quoting.py::test_quote_not_allowed_non_strict[c_quoter] PASSED [  2%]
tests/test_quoting.py::test_quote_unfinished_tail_percent_non_strict[py_quoter] PASSED [  2%]
tests/test_quoting.py::test_quote_unfinished_tail_percent_non_strict[c_quoter] PASSED [  2%]
tests/test_quoting.py::test_quote_unfinished_tail_non_strict[py_quoter] PASSED [  2%]
tests/test_quoting.py::test_quote_unfinished_tail_non_strict[c_quoter] PASSED [  2%]
tests/test_quoting.py::test_quote_from_bytes[py_quoter] PASSED           [  3%]
tests/test_quoting.py::test_quote_from_bytes[c_quoter] PASSED            [  3%]
tests/test_quoting.py::test_quote_ignore_broken_unicode[py_quoter] PASSED [  3%]
tests/test_quoting.py::test_quote_ignore_broken_unicode[c_quoter] PASSED [  3%]
tests/test_quoting.py::test_unquote_to_bytes[py_unquoter] PASSED         [  3%]
tests/test_quoting.py::test_unquote_to_bytes[c_unquoter] PASSED          [  3%]
tests/test_quoting.py::test_never_quote[py_quoter] PASSED                [  3%]
tests/test_quoting.py::test_never_quote[c_quoter] PASSED                 [  3%]
tests/test_quoting.py::test_safe[py_quoter] PASSED                       [  3%]
tests/test_quoting.py::test_safe[c_quoter] PASSED                        [  4%]
tests/test_quoting.py::test_default_quoting[py_quoter-\x00] PASSED       [  4%]
tests/test_quoting.py::test_default_quoting[py_quoter-\x01] PASSED       [  4%]
tests/test_quoting.py::test_default_quoting[py_quoter-\x02] PASSED       [  4%]
tests/test_quoting.py::test_default_quoting[py_quoter-\x03] PASSED       [  4%]
tests/test_quoting.py::test_default_quoting[py_quoter-\x04] PASSED       [  4%]
tests/test_quoting.py::test_default_quoting[py_quoter-\x05] PASSED       [  4%]
tests/test_quoting.py::test_default_quoting[py_quoter-\x06] PASSED       [  4%]
tests/test_quoting.py::test_default_quoting[py_quoter-\x07] PASSED       [  5%]
tests/test_quoting.py::test_default_quoting[py_quoter-\x08] PASSED       [  5%]
tests/test_quoting.py::test_default_quoting[py_quoter-\t] PASSED         [  5%]
tests/test_quoting.py::test_default_quoting[py_quoter-\n] PASSED         [  5%]
tests/test_quoting.py::test_default_quoting[py_quoter-\x0b] PASSED       [  5%]
tests/test_quoting.py::test_default_quoting[py_quoter-\x0c] PASSED       [  5%]
tests/test_quoting.py::test_default_quoting[py_quoter-\r] PASSED         [  5%]
tests/test_quoting.py::test_default_quoting[py_quoter-\x0e] PASSED       [  5%]
tests/test_quoting.py::test_default_quoting[py_quoter-\x0f] PASSED       [  5%]
tests/test_quoting.py::test_default_quoting[py_quoter-\x10] PASSED       [  6%]
tests/test_quoting.py::test_default_quoting[py_quoter-\x11] PASSED       [  6%]
tests/test_quoting.py::test_default_quoting[py_quoter-\x12] PASSED       [  6%]
tests/test_quoting.py::test_default_quoting[py_quoter-\x13] PASSED       [  6%]
tests/test_quoting.py::test_default_quoting[py_quoter-\x14] PASSED       [  6%]
tests/test_quoting.py::test_default_quoting[py_quoter-\x15] PASSED       [  6%]
tests/test_quoting.py::test_default_quoting[py_quoter-\x16] PASSED       [  6%]
tests/test_quoting.py::test_default_quoting[py_quoter-\x17] PASSED       [  6%]
tests/test_quoting.py::test_default_quoting[py_quoter-\x18] PASSED       [  6%]
tests/test_quoting.py::test_default_quoting[py_quoter-\x19] PASSED       [  7%]
tests/test_quoting.py::test_default_quoting[py_quoter-\x1a] PASSED       [  7%]
tests/test_quoting.py::test_default_quoting[py_quoter-\x1b] PASSED       [  7%]
tests/test_quoting.py::test_default_quoting[py_quoter-\x1c] PASSED       [  7%]
tests/test_quoting.py::test_default_quoting[py_quoter-\x1d] PASSED       [  7%]
tests/test_quoting.py::test_default_quoting[py_quoter-\x1e] PASSED       [  7%]
tests/test_quoting.py::test_default_quoting[py_quoter-\x1f] PASSED       [  7%]
tests/test_quoting.py::test_default_quoting[py_quoter-<] PASSED          [  7%]
tests/test_quoting.py::test_default_quoting[py_quoter->] PASSED          [  7%]
tests/test_quoting.py::test_default_quoting[py_quoter-#] PASSED          [  8%]
tests/test_quoting.py::test_default_quoting[py_quoter-"] PASSED          [  8%]
tests/test_quoting.py::test_default_quoting[py_quoter-{] PASSED          [  8%]
tests/test_quoting.py::test_default_quoting[py_quoter-}] PASSED          [  8%]
tests/test_quoting.py::test_default_quoting[py_quoter-|] PASSED          [  8%]
tests/test_quoting.py::test_default_quoting[py_quoter-\\] PASSED         [  8%]
tests/test_quoting.py::test_default_quoting[py_quoter-^] PASSED          [  8%]
tests/test_quoting.py::test_default_quoting[py_quoter-[] PASSED          [  8%]
tests/test_quoting.py::test_default_quoting[py_quoter-]] PASSED          [  9%]
tests/test_quoting.py::test_default_quoting[py_quoter-`] PASSED          [  9%]
tests/test_quoting.py::test_default_quoting[py_quoter-\x7f] PASSED       [  9%]
tests/test_quoting.py::test_default_quoting[c_quoter-\x00] PASSED        [  9%]
tests/test_quoting.py::test_default_quoting[c_quoter-\x01] PASSED        [  9%]
tests/test_quoting.py::test_default_quoting[c_quoter-\x02] PASSED        [  9%]
tests/test_quoting.py::test_default_quoting[c_quoter-\x03] PASSED        [  9%]
tests/test_quoting.py::test_default_quoting[c_quoter-\x04] PASSED        [  9%]
tests/test_quoting.py::test_default_quoting[c_quoter-\x05] PASSED        [  9%]
tests/test_quoting.py::test_default_quoting[c_quoter-\x06] PASSED        [ 10%]
tests/test_quoting.py::test_default_quoting[c_quoter-\x07] PASSED        [ 10%]
tests/test_quoting.py::test_default_quoting[c_quoter-\x08] PASSED        [ 10%]
tests/test_quoting.py::test_default_quoting[c_quoter-\t] PASSED          [ 10%]
tests/test_quoting.py::test_default_quoting[c_quoter-\n] PASSED          [ 10%]
tests/test_quoting.py::test_default_quoting[c_quoter-\x0b] PASSED        [ 10%]
tests/test_quoting.py::test_default_quoting[c_quoter-\x0c] PASSED        [ 10%]
tests/test_quoting.py::test_default_quoting[c_quoter-\r] PASSED          [ 10%]
tests/test_quoting.py::test_default_quoting[c_quoter-\x0e] PASSED        [ 10%]
tests/test_quoting.py::test_default_quoting[c_quoter-\x0f] PASSED        [ 11%]
tests/test_quoting.py::test_default_quoting[c_quoter-\x10] PASSED        [ 11%]
tests/test_quoting.py::test_default_quoting[c_quoter-\x11] PASSED        [ 11%]
tests/test_quoting.py::test_default_quoting[c_quoter-\x12] PASSED        [ 11%]
tests/test_quoting.py::test_default_quoting[c_quoter-\x13] PASSED        [ 11%]
tests/test_quoting.py::test_default_quoting[c_quoter-\x14] PASSED        [ 11%]
tests/test_quoting.py::test_default_quoting[c_quoter-\x15] PASSED        [ 11%]
tests/test_quoting.py::test_default_quoting[c_quoter-\x16] PASSED        [ 11%]
tests/test_quoting.py::test_default_quoting[c_quoter-\x17] PASSED        [ 11%]
tests/test_quoting.py::test_default_quoting[c_quoter-\x18] PASSED        [ 12%]
tests/test_quoting.py::test_default_quoting[c_quoter-\x19] PASSED        [ 12%]
tests/test_quoting.py::test_default_quoting[c_quoter-\x1a] PASSED        [ 12%]
tests/test_quoting.py::test_default_quoting[c_quoter-\x1b] PASSED        [ 12%]
tests/test_quoting.py::test_default_quoting[c_quoter-\x1c] PASSED        [ 12%]
tests/test_quoting.py::test_default_quoting[c_quoter-\x1d] PASSED        [ 12%]
tests/test_quoting.py::test_default_quoting[c_quoter-\x1e] PASSED        [ 12%]
tests/test_quoting.py::test_default_quoting[c_quoter-\x1f] PASSED        [ 12%]
tests/test_quoting.py::test_default_quoting[c_quoter-<] PASSED           [ 13%]
tests/test_quoting.py::test_default_quoting[c_quoter->] PASSED           [ 13%]
tests/test_quoting.py::test_default_quoting[c_quoter-#] PASSED           [ 13%]
tests/test_quoting.py::test_default_quoting[c_quoter-"] PASSED           [ 13%]
tests/test_quoting.py::test_default_quoting[c_quoter-{] PASSED           [ 13%]
tests/test_quoting.py::test_default_quoting[c_quoter-}] PASSED           [ 13%]
tests/test_quoting.py::test_default_quoting[c_quoter-|] PASSED           [ 13%]
tests/test_quoting.py::test_default_quoting[c_quoter-\\] PASSED          [ 13%]
tests/test_quoting.py::test_default_quoting[c_quoter-^] PASSED           [ 13%]
tests/test_quoting.py::test_default_quoting[c_quoter-[] PASSED           [ 14%]
tests/test_quoting.py::test_default_quoting[c_quoter-]] PASSED           [ 14%]
tests/test_quoting.py::test_default_quoting[c_quoter-`] PASSED           [ 14%]
tests/test_quoting.py::test_default_quoting[c_quoter-\x7f] PASSED        [ 14%]
tests/test_quoting.py::test_default_quoting_percent[py_quoter] PASSED    [ 14%]
tests/test_quoting.py::test_default_quoting_percent[c_quoter] PASSED     [ 14%]
tests/test_quoting.py::test_default_quoting_partial[py_quoter] PASSED    [ 14%]
tests/test_quoting.py::test_default_quoting_partial[c_quoter] PASSED     [ 14%]
tests/test_quoting.py::test_quoting_space[py_quoter] PASSED              [ 14%]
tests/test_quoting.py::test_quoting_space[c_quoter] PASSED               [ 15%]
tests/test_quoting.py::test_quoting_plus[py_quoter] PASSED               [ 15%]
tests/test_quoting.py::test_quoting_plus[c_quoter] PASSED                [ 15%]
tests/test_quoting.py::test_quote_with_unicode[py_quoter] PASSED         [ 15%]
tests/test_quoting.py::test_quote_with_unicode[c_quoter] PASSED          [ 15%]
tests/test_quoting.py::test_quote_plus_with_unicode[py_quoter] PASSED    [ 15%]
tests/test_quoting.py::test_quote_plus_with_unicode[c_quoter] PASSED     [ 15%]
tests/test_quoting.py::test_unquoting[py_unquoter-0] PASSED              [ 15%]
tests/test_quoting.py::test_unquoting[py_unquoter-1] PASSED              [ 15%]
tests/test_quoting.py::test_unquoting[py_unquoter-2] PASSED              [ 16%]
tests/test_quoting.py::test_unquoting[py_unquoter-3] PASSED              [ 16%]
tests/test_quoting.py::test_unquoting[py_unquoter-4] PASSED              [ 16%]
tests/test_quoting.py::test_unquoting[py_unquoter-5] PASSED              [ 16%]
tests/test_quoting.py::test_unquoting[py_unquoter-6] PASSED              [ 16%]
tests/test_quoting.py::test_unquoting[py_unquoter-7] PASSED              [ 16%]
tests/test_quoting.py::test_unquoting[py_unquoter-8] PASSED              [ 16%]
tests/test_quoting.py::test_unquoting[py_unquoter-9] PASSED              [ 16%]
tests/test_quoting.py::test_unquoting[py_unquoter-10] PASSED             [ 17%]
tests/test_quoting.py::test_unquoting[py_unquoter-11] PASSED             [ 17%]
tests/test_quoting.py::test_unquoting[py_unquoter-12] PASSED             [ 17%]
tests/test_quoting.py::test_unquoting[py_unquoter-13] PASSED             [ 17%]
tests/test_quoting.py::test_unquoting[py_unquoter-14] PASSED             [ 17%]
tests/test_quoting.py::test_unquoting[py_unquoter-15] PASSED             [ 17%]
tests/test_quoting.py::test_unquoting[py_unquoter-16] PASSED             [ 17%]
tests/test_quoting.py::test_unquoting[py_unquoter-17] PASSED             [ 17%]
tests/test_quoting.py::test_unquoting[py_unquoter-18] PASSED             [ 17%]
tests/test_quoting.py::test_unquoting[py_unquoter-19] PASSED             [ 18%]
tests/test_quoting.py::test_unquoting[py_unquoter-20] PASSED             [ 18%]
tests/test_quoting.py::test_unquoting[py_unquoter-21] PASSED             [ 18%]
tests/test_quoting.py::test_unquoting[py_unquoter-22] PASSED             [ 18%]
tests/test_quoting.py::test_unquoting[py_unquoter-23] PASSED             [ 18%]
tests/test_quoting.py::test_unquoting[py_unquoter-24] PASSED             [ 18%]
tests/test_quoting.py::test_unquoting[py_unquoter-25] PASSED             [ 18%]
tests/test_quoting.py::test_unquoting[py_unquoter-26] PASSED             [ 18%]
tests/test_quoting.py::test_unquoting[py_unquoter-27] PASSED             [ 18%]
tests/test_quoting.py::test_unquoting[py_unquoter-28] PASSED             [ 19%]
tests/test_quoting.py::test_unquoting[py_unquoter-29] PASSED             [ 19%]
tests/test_quoting.py::test_unquoting[py_unquoter-30] PASSED             [ 19%]
tests/test_quoting.py::test_unquoting[py_unquoter-31] PASSED             [ 19%]
tests/test_quoting.py::test_unquoting[py_unquoter-32] PASSED             [ 19%]
tests/test_quoting.py::test_unquoting[py_unquoter-33] PASSED             [ 19%]
tests/test_quoting.py::test_unquoting[py_unquoter-34] PASSED             [ 19%]
tests/test_quoting.py::test_unquoting[py_unquoter-35] PASSED             [ 19%]
tests/test_quoting.py::test_unquoting[py_unquoter-36] PASSED             [ 19%]
tests/test_quoting.py::test_unquoting[py_unquoter-37] PASSED             [ 20%]
tests/test_quoting.py::test_unquoting[py_unquoter-38] PASSED             [ 20%]
tests/test_quoting.py::test_unquoting[py_unquoter-39] PASSED             [ 20%]
tests/test_quoting.py::test_unquoting[py_unquoter-40] PASSED             [ 20%]
tests/test_quoting.py::test_unquoting[py_unquoter-41] PASSED             [ 20%]
tests/test_quoting.py::test_unquoting[py_unquoter-42] PASSED             [ 20%]
tests/test_quoting.py::test_unquoting[py_unquoter-43] PASSED             [ 20%]
tests/test_quoting.py::test_unquoting[py_unquoter-44] PASSED             [ 20%]
tests/test_quoting.py::test_unquoting[py_unquoter-45] PASSED             [ 21%]
tests/test_quoting.py::test_unquoting[py_unquoter-46] PASSED             [ 21%]
tests/test_quoting.py::test_unquoting[py_unquoter-47] PASSED             [ 21%]
tests/test_quoting.py::test_unquoting[py_unquoter-48] PASSED             [ 21%]
tests/test_quoting.py::test_unquoting[py_unquoter-49] PASSED             [ 21%]
tests/test_quoting.py::test_unquoting[py_unquoter-50] PASSED             [ 21%]
tests/test_quoting.py::test_unquoting[py_unquoter-51] PASSED             [ 21%]
tests/test_quoting.py::test_unquoting[py_unquoter-52] PASSED             [ 21%]
tests/test_quoting.py::test_unquoting[py_unquoter-53] PASSED             [ 21%]
tests/test_quoting.py::test_unquoting[py_unquoter-54] PASSED             [ 22%]
tests/test_quoting.py::test_unquoting[py_unquoter-55] PASSED             [ 22%]
tests/test_quoting.py::test_unquoting[py_unquoter-56] PASSED             [ 22%]
tests/test_quoting.py::test_unquoting[py_unquoter-57] PASSED             [ 22%]
tests/test_quoting.py::test_unquoting[py_unquoter-58] PASSED             [ 22%]
tests/test_quoting.py::test_unquoting[py_unquoter-59] PASSED             [ 22%]
tests/test_quoting.py::test_unquoting[py_unquoter-60] PASSED             [ 22%]
tests/test_quoting.py::test_unquoting[py_unquoter-61] PASSED             [ 22%]
tests/test_quoting.py::test_unquoting[py_unquoter-62] PASSED             [ 22%]
tests/test_quoting.py::test_unquoting[py_unquoter-63] PASSED             [ 23%]
tests/test_quoting.py::test_unquoting[py_unquoter-64] PASSED             [ 23%]
tests/test_quoting.py::test_unquoting[py_unquoter-65] PASSED             [ 23%]
tests/test_quoting.py::test_unquoting[py_unquoter-66] PASSED             [ 23%]
tests/test_quoting.py::test_unquoting[py_unquoter-67] PASSED             [ 23%]
tests/test_quoting.py::test_unquoting[py_unquoter-68] PASSED             [ 23%]
tests/test_quoting.py::test_unquoting[py_unquoter-69] PASSED             [ 23%]
tests/test_quoting.py::test_unquoting[py_unquoter-70] PASSED             [ 23%]
tests/test_quoting.py::test_unquoting[py_unquoter-71] PASSED             [ 23%]
tests/test_quoting.py::test_unquoting[py_unquoter-72] PASSED             [ 24%]
tests/test_quoting.py::test_unquoting[py_unquoter-73] PASSED             [ 24%]
tests/test_quoting.py::test_unquoting[py_unquoter-74] PASSED             [ 24%]
tests/test_quoting.py::test_unquoting[py_unquoter-75] PASSED             [ 24%]
tests/test_quoting.py::test_unquoting[py_unquoter-76] PASSED             [ 24%]
tests/test_quoting.py::test_unquoting[py_unquoter-77] PASSED             [ 24%]
tests/test_quoting.py::test_unquoting[py_unquoter-78] PASSED             [ 24%]
tests/test_quoting.py::test_unquoting[py_unquoter-79] PASSED             [ 24%]
tests/test_quoting.py::test_unquoting[py_unquoter-80] PASSED             [ 25%]
tests/test_quoting.py::test_unquoting[py_unquoter-81] PASSED             [ 25%]
tests/test_quoting.py::test_unquoting[py_unquoter-82] PASSED             [ 25%]
tests/test_quoting.py::test_unquoting[py_unquoter-83] PASSED             [ 25%]
tests/test_quoting.py::test_unquoting[py_unquoter-84] PASSED             [ 25%]
tests/test_quoting.py::test_unquoting[py_unquoter-85] PASSED             [ 25%]
tests/test_quoting.py::test_unquoting[py_unquoter-86] PASSED             [ 25%]
tests/test_quoting.py::test_unquoting[py_unquoter-87] PASSED             [ 25%]
tests/test_quoting.py::test_unquoting[py_unquoter-88] PASSED             [ 25%]
tests/test_quoting.py::test_unquoting[py_unquoter-89] PASSED             [ 26%]
tests/test_quoting.py::test_unquoting[py_unquoter-90] PASSED             [ 26%]
tests/test_quoting.py::test_unquoting[py_unquoter-91] PASSED             [ 26%]
tests/test_quoting.py::test_unquoting[py_unquoter-92] PASSED             [ 26%]
tests/test_quoting.py::test_unquoting[py_unquoter-93] PASSED             [ 26%]
tests/test_quoting.py::test_unquoting[py_unquoter-94] PASSED             [ 26%]
tests/test_quoting.py::test_unquoting[py_unquoter-95] PASSED             [ 26%]
tests/test_quoting.py::test_unquoting[py_unquoter-96] PASSED             [ 26%]
tests/test_quoting.py::test_unquoting[py_unquoter-97] PASSED             [ 26%]
tests/test_quoting.py::test_unquoting[py_unquoter-98] PASSED             [ 27%]
tests/test_quoting.py::test_unquoting[py_unquoter-99] PASSED             [ 27%]
tests/test_quoting.py::test_unquoting[py_unquoter-100] PASSED            [ 27%]
tests/test_quoting.py::test_unquoting[py_unquoter-101] PASSED            [ 27%]
tests/test_quoting.py::test_unquoting[py_unquoter-102] PASSED            [ 27%]
tests/test_quoting.py::test_unquoting[py_unquoter-103] PASSED            [ 27%]
tests/test_quoting.py::test_unquoting[py_unquoter-104] PASSED            [ 27%]
tests/test_quoting.py::test_unquoting[py_unquoter-105] PASSED            [ 27%]
tests/test_quoting.py::test_unquoting[py_unquoter-106] PASSED            [ 27%]
tests/test_quoting.py::test_unquoting[py_unquoter-107] PASSED            [ 28%]
tests/test_quoting.py::test_unquoting[py_unquoter-108] PASSED            [ 28%]
tests/test_quoting.py::test_unquoting[py_unquoter-109] PASSED            [ 28%]
tests/test_quoting.py::test_unquoting[py_unquoter-110] PASSED            [ 28%]
tests/test_quoting.py::test_unquoting[py_unquoter-111] PASSED            [ 28%]
tests/test_quoting.py::test_unquoting[py_unquoter-112] PASSED            [ 28%]
tests/test_quoting.py::test_unquoting[py_unquoter-113] PASSED            [ 28%]
tests/test_quoting.py::test_unquoting[py_unquoter-114] PASSED            [ 28%]
tests/test_quoting.py::test_unquoting[py_unquoter-115] PASSED            [ 28%]
tests/test_quoting.py::test_unquoting[py_unquoter-116] PASSED            [ 29%]
tests/test_quoting.py::test_unquoting[py_unquoter-117] PASSED            [ 29%]
tests/test_quoting.py::test_unquoting[py_unquoter-118] PASSED            [ 29%]
tests/test_quoting.py::test_unquoting[py_unquoter-119] PASSED            [ 29%]
tests/test_quoting.py::test_unquoting[py_unquoter-120] PASSED            [ 29%]
tests/test_quoting.py::test_unquoting[py_unquoter-121] PASSED            [ 29%]
tests/test_quoting.py::test_unquoting[py_unquoter-122] PASSED            [ 29%]
tests/test_quoting.py::test_unquoting[py_unquoter-123] PASSED            [ 29%]
tests/test_quoting.py::test_unquoting[py_unquoter-124] PASSED            [ 30%]
tests/test_quoting.py::test_unquoting[py_unquoter-125] PASSED            [ 30%]
tests/test_quoting.py::test_unquoting[py_unquoter-126] PASSED            [ 30%]
tests/test_quoting.py::test_unquoting[py_unquoter-127] PASSED            [ 30%]
tests/test_quoting.py::test_unquoting[c_unquoter-0] PASSED               [ 30%]
tests/test_quoting.py::test_unquoting[c_unquoter-1] PASSED               [ 30%]
tests/test_quoting.py::test_unquoting[c_unquoter-2] PASSED               [ 30%]
tests/test_quoting.py::test_unquoting[c_unquoter-3] PASSED               [ 30%]
tests/test_quoting.py::test_unquoting[c_unquoter-4] PASSED               [ 30%]
tests/test_quoting.py::test_unquoting[c_unquoter-5] PASSED               [ 31%]
tests/test_quoting.py::test_unquoting[c_unquoter-6] PASSED               [ 31%]
tests/test_quoting.py::test_unquoting[c_unquoter-7] PASSED               [ 31%]
tests/test_quoting.py::test_unquoting[c_unquoter-8] PASSED               [ 31%]
tests/test_quoting.py::test_unquoting[c_unquoter-9] PASSED               [ 31%]
tests/test_quoting.py::test_unquoting[c_unquoter-10] PASSED              [ 31%]
tests/test_quoting.py::test_unquoting[c_unquoter-11] PASSED              [ 31%]
tests/test_quoting.py::test_unquoting[c_unquoter-12] PASSED              [ 31%]
tests/test_quoting.py::test_unquoting[c_unquoter-13] PASSED              [ 31%]
tests/test_quoting.py::test_unquoting[c_unquoter-14] PASSED              [ 32%]
tests/test_quoting.py::test_unquoting[c_unquoter-15] PASSED              [ 32%]
tests/test_quoting.py::test_unquoting[c_unquoter-16] PASSED              [ 32%]
tests/test_quoting.py::test_unquoting[c_unquoter-17] PASSED              [ 32%]
tests/test_quoting.py::test_unquoting[c_unquoter-18] PASSED              [ 32%]
tests/test_quoting.py::test_unquoting[c_unquoter-19] PASSED              [ 32%]
tests/test_quoting.py::test_unquoting[c_unquoter-20] PASSED              [ 32%]
tests/test_quoting.py::test_unquoting[c_unquoter-21] PASSED              [ 32%]
tests/test_quoting.py::test_unquoting[c_unquoter-22] PASSED              [ 32%]
tests/test_quoting.py::test_unquoting[c_unquoter-23] PASSED              [ 33%]
tests/test_quoting.py::test_unquoting[c_unquoter-24] PASSED              [ 33%]
tests/test_quoting.py::test_unquoting[c_unquoter-25] PASSED              [ 33%]
tests/test_quoting.py::test_unquoting[c_unquoter-26] PASSED              [ 33%]
tests/test_quoting.py::test_unquoting[c_unquoter-27] PASSED              [ 33%]
tests/test_quoting.py::test_unquoting[c_unquoter-28] PASSED              [ 33%]
tests/test_quoting.py::test_unquoting[c_unquoter-29] PASSED              [ 33%]
tests/test_quoting.py::test_unquoting[c_unquoter-30] PASSED              [ 33%]
tests/test_quoting.py::test_unquoting[c_unquoter-31] PASSED              [ 34%]
tests/test_quoting.py::test_unquoting[c_unquoter-32] PASSED              [ 34%]
tests/test_quoting.py::test_unquoting[c_unquoter-33] PASSED              [ 34%]
tests/test_quoting.py::test_unquoting[c_unquoter-34] PASSED              [ 34%]
tests/test_quoting.py::test_unquoting[c_unquoter-35] PASSED              [ 34%]
tests/test_quoting.py::test_unquoting[c_unquoter-36] PASSED              [ 34%]
tests/test_quoting.py::test_unquoting[c_unquoter-37] PASSED              [ 34%]
tests/test_quoting.py::test_unquoting[c_unquoter-38] PASSED              [ 34%]
tests/test_quoting.py::test_unquoting[c_unquoter-39] PASSED              [ 34%]
tests/test_quoting.py::test_unquoting[c_unquoter-40] PASSED              [ 35%]
tests/test_quoting.py::test_unquoting[c_unquoter-41] PASSED              [ 35%]
tests/test_quoting.py::test_unquoting[c_unquoter-42] PASSED              [ 35%]
tests/test_quoting.py::test_unquoting[c_unquoter-43] PASSED              [ 35%]
tests/test_quoting.py::test_unquoting[c_unquoter-44] PASSED              [ 35%]
tests/test_quoting.py::test_unquoting[c_unquoter-45] PASSED              [ 35%]
tests/test_quoting.py::test_unquoting[c_unquoter-46] PASSED              [ 35%]
tests/test_quoting.py::test_unquoting[c_unquoter-47] PASSED              [ 35%]
tests/test_quoting.py::test_unquoting[c_unquoter-48] PASSED              [ 35%]
tests/test_quoting.py::test_unquoting[c_unquoter-49] PASSED              [ 36%]
tests/test_quoting.py::test_unquoting[c_unquoter-50] PASSED              [ 36%]
tests/test_quoting.py::test_unquoting[c_unquoter-51] PASSED              [ 36%]
tests/test_quoting.py::test_unquoting[c_unquoter-52] PASSED              [ 36%]
tests/test_quoting.py::test_unquoting[c_unquoter-53] PASSED              [ 36%]
tests/test_quoting.py::test_unquoting[c_unquoter-54] PASSED              [ 36%]
tests/test_quoting.py::test_unquoting[c_unquoter-55] PASSED              [ 36%]
tests/test_quoting.py::test_unquoting[c_unquoter-56] PASSED              [ 36%]
tests/test_quoting.py::test_unquoting[c_unquoter-57] PASSED              [ 36%]
tests/test_quoting.py::test_unquoting[c_unquoter-58] PASSED              [ 37%]
tests/test_quoting.py::test_unquoting[c_unquoter-59] PASSED              [ 37%]
tests/test_quoting.py::test_unquoting[c_unquoter-60] PASSED              [ 37%]
tests/test_quoting.py::test_unquoting[c_unquoter-61] PASSED              [ 37%]
tests/test_quoting.py::test_unquoting[c_unquoter-62] PASSED              [ 37%]
tests/test_quoting.py::test_unquoting[c_unquoter-63] PASSED              [ 37%]
tests/test_quoting.py::test_unquoting[c_unquoter-64] PASSED              [ 37%]
tests/test_quoting.py::test_unquoting[c_unquoter-65] PASSED              [ 37%]
tests/test_quoting.py::test_unquoting[c_unquoter-66] PASSED              [ 38%]
tests/test_quoting.py::test_unquoting[c_unquoter-67] PASSED              [ 38%]
tests/test_quoting.py::test_unquoting[c_unquoter-68] PASSED              [ 38%]
tests/test_quoting.py::test_unquoting[c_unquoter-69] PASSED              [ 38%]
tests/test_quoting.py::test_unquoting[c_unquoter-70] PASSED              [ 38%]
tests/test_quoting.py::test_unquoting[c_unquoter-71] PASSED              [ 38%]
tests/test_quoting.py::test_unquoting[c_unquoter-72] PASSED              [ 38%]
tests/test_quoting.py::test_unquoting[c_unquoter-73] PASSED              [ 38%]
tests/test_quoting.py::test_unquoting[c_unquoter-74] PASSED              [ 38%]
tests/test_quoting.py::test_unquoting[c_unquoter-75] PASSED              [ 39%]
tests/test_quoting.py::test_unquoting[c_unquoter-76] PASSED              [ 39%]
tests/test_quoting.py::test_unquoting[c_unquoter-77] PASSED              [ 39%]
tests/test_quoting.py::test_unquoting[c_unquoter-78] PASSED              [ 39%]
tests/test_quoting.py::test_unquoting[c_unquoter-79] PASSED              [ 39%]
tests/test_quoting.py::test_unquoting[c_unquoter-80] PASSED              [ 39%]
tests/test_quoting.py::test_unquoting[c_unquoter-81] PASSED              [ 39%]
tests/test_quoting.py::test_unquoting[c_unquoter-82] PASSED              [ 39%]
tests/test_quoting.py::test_unquoting[c_unquoter-83] PASSED              [ 39%]
tests/test_quoting.py::test_unquoting[c_unquoter-84] PASSED              [ 40%]
tests/test_quoting.py::test_unquoting[c_unquoter-85] PASSED              [ 40%]
tests/test_quoting.py::test_unquoting[c_unquoter-86] PASSED              [ 40%]
tests/test_quoting.py::test_unquoting[c_unquoter-87] PASSED              [ 40%]
tests/test_quoting.py::test_unquoting[c_unquoter-88] PASSED              [ 40%]
tests/test_quoting.py::test_unquoting[c_unquoter-89] PASSED              [ 40%]
tests/test_quoting.py::test_unquoting[c_unquoter-90] PASSED              [ 40%]
tests/test_quoting.py::test_unquoting[c_unquoter-91] PASSED              [ 40%]
tests/test_quoting.py::test_unquoting[c_unquoter-92] PASSED              [ 40%]
tests/test_quoting.py::test_unquoting[c_unquoter-93] PASSED              [ 41%]
tests/test_quoting.py::test_unquoting[c_unquoter-94] PASSED              [ 41%]
tests/test_quoting.py::test_unquoting[c_unquoter-95] PASSED              [ 41%]
tests/test_quoting.py::test_unquoting[c_unquoter-96] PASSED              [ 41%]
tests/test_quoting.py::test_unquoting[c_unquoter-97] PASSED              [ 41%]
tests/test_quoting.py::test_unquoting[c_unquoter-98] PASSED              [ 41%]
tests/test_quoting.py::test_unquoting[c_unquoter-99] PASSED              [ 41%]
tests/test_quoting.py::test_unquoting[c_unquoter-100] PASSED             [ 41%]
tests/test_quoting.py::test_unquoting[c_unquoter-101] PASSED             [ 42%]
tests/test_quoting.py::test_unquoting[c_unquoter-102] PASSED             [ 42%]
tests/test_quoting.py::test_unquoting[c_unquoter-103] PASSED             [ 42%]
tests/test_quoting.py::test_unquoting[c_unquoter-104] PASSED             [ 42%]
tests/test_quoting.py::test_unquoting[c_unquoter-105] PASSED             [ 42%]
tests/test_quoting.py::test_unquoting[c_unquoter-106] PASSED             [ 42%]
tests/test_quoting.py::test_unquoting[c_unquoter-107] PASSED             [ 42%]
tests/test_quoting.py::test_unquoting[c_unquoter-108] PASSED             [ 42%]
tests/test_quoting.py::test_unquoting[c_unquoter-109] PASSED             [ 42%]
tests/test_quoting.py::test_unquoting[c_unquoter-110] PASSED             [ 43%]
tests/test_quoting.py::test_unquoting[c_unquoter-111] PASSED             [ 43%]
tests/test_quoting.py::test_unquoting[c_unquoter-112] PASSED             [ 43%]
tests/test_quoting.py::test_unquoting[c_unquoter-113] PASSED             [ 43%]
tests/test_quoting.py::test_unquoting[c_unquoter-114] PASSED             [ 43%]
tests/test_quoting.py::test_unquoting[c_unquoter-115] PASSED             [ 43%]
tests/test_quoting.py::test_unquoting[c_unquoter-116] PASSED             [ 43%]
tests/test_quoting.py::test_unquoting[c_unquoter-117] PASSED             [ 43%]
tests/test_quoting.py::test_unquoting[c_unquoter-118] PASSED             [ 43%]
tests/test_quoting.py::test_unquoting[c_unquoter-119] PASSED             [ 44%]
tests/test_quoting.py::test_unquoting[c_unquoter-120] PASSED             [ 44%]
tests/test_quoting.py::test_unquoting[c_unquoter-121] PASSED             [ 44%]
tests/test_quoting.py::test_unquoting[c_unquoter-122] PASSED             [ 44%]
tests/test_quoting.py::test_unquoting[c_unquoter-123] PASSED             [ 44%]
tests/test_quoting.py::test_unquoting[c_unquoter-124] PASSED             [ 44%]
tests/test_quoting.py::test_unquoting[c_unquoter-125] PASSED             [ 44%]
tests/test_quoting.py::test_unquoting[c_unquoter-126] PASSED             [ 44%]
tests/test_quoting.py::test_unquoting[c_unquoter-127] PASSED             [ 44%]
tests/test_quoting.py::test_unquoting_bad_percent_escapes_1[py_unquoter] XFAIL [ 45%]
tests/test_quoting.py::test_unquoting_bad_percent_escapes_1[c_unquoter] XFAIL [ 45%]
tests/test_quoting.py::test_unquoting_bad_percent_escapes_2[py_unquoter] XFAIL [ 45%]
tests/test_quoting.py::test_unquoting_bad_percent_escapes_2[c_unquoter] XFAIL [ 45%]
tests/test_quoting.py::test_unquoting_bad_percent_escapes_3[py_unquoter] XFAIL [ 45%]
tests/test_quoting.py::test_unquoting_bad_percent_escapes_3[c_unquoter] XFAIL [ 45%]
tests/test_quoting.py::test_unquoting_invalid_utf8_sequence[py_unquoter] XFAIL [ 45%]
tests/test_quoting.py::test_unquoting_invalid_utf8_sequence[c_unquoter] XFAIL [ 45%]
tests/test_quoting.py::test_unquoting_mixed_case_percent_escapes[py_unquoter] PASSED [ 46%]
tests/test_quoting.py::test_unquoting_mixed_case_percent_escapes[c_unquoter] PASSED [ 46%]
tests/test_quoting.py::test_unquoting_parts[py_unquoter] PASSED          [ 46%]
tests/test_quoting.py::test_unquoting_parts[c_unquoter] PASSED           [ 46%]
tests/test_quoting.py::test_quote_None[py_quoter] PASSED                 [ 46%]
tests/test_quoting.py::test_quote_None[c_quoter] PASSED                  [ 46%]
tests/test_quoting.py::test_unquote_None[py_unquoter] PASSED             [ 46%]
tests/test_quoting.py::test_unquote_None[c_unquoter] PASSED              [ 46%]
tests/test_quoting.py::test_quote_empty_string[py_quoter] PASSED         [ 46%]
tests/test_quoting.py::test_quote_empty_string[c_quoter] PASSED          [ 47%]
tests/test_quoting.py::test_unquote_empty_string[py_unquoter] PASSED     [ 47%]
tests/test_quoting.py::test_unquote_empty_string[c_unquoter] PASSED      [ 47%]
tests/test_quoting.py::test_quote_bad_types[py_quoter] PASSED            [ 47%]
tests/test_quoting.py::test_quote_bad_types[c_quoter] PASSED             [ 47%]
tests/test_quoting.py::test_unquote_bad_types[py_unquoter] PASSED        [ 47%]
tests/test_quoting.py::test_unquote_bad_types[c_unquoter] PASSED         [ 47%]
tests/test_quoting.py::test_quote_lowercase[py_quoter] PASSED            [ 47%]
tests/test_quoting.py::test_quote_lowercase[c_quoter] PASSED             [ 47%]
tests/test_quoting.py::test_quote_unquoted[py_quoter] PASSED             [ 48%]
tests/test_quoting.py::test_quote_unquoted[c_quoter] PASSED              [ 48%]
tests/test_quoting.py::test_quote_space[py_quoter] PASSED                [ 48%]
tests/test_quoting.py::test_quote_space[c_quoter] PASSED                 [ 48%]
tests/test_quoting.py::test_quote_percent_last_character[py_quoter] PASSED [ 48%]
tests/test_quoting.py::test_quote_percent_last_character[c_quoter] PASSED [ 48%]
tests/test_quoting.py::test_unquote_unsafe[py_unquoter] PASSED           [ 48%]
tests/test_quoting.py::test_unquote_unsafe[c_unquoter] PASSED            [ 48%]
tests/test_quoting.py::test_unquote_unsafe2[py_unquoter] PASSED          [ 48%]
tests/test_quoting.py::test_unquote_unsafe2[c_unquoter] PASSED           [ 49%]
tests/test_quoting.py::test_unquote_unsafe3[py_unquoter] PASSED          [ 49%]
tests/test_quoting.py::test_unquote_unsafe3[c_unquoter] PASSED           [ 49%]
tests/test_quoting.py::test_unquote_unsafe4[py_unquoter] PASSED          [ 49%]
tests/test_quoting.py::test_unquote_unsafe4[c_unquoter] PASSED           [ 49%]
tests/test_quoting.py::test_unquote_non_ascii[py_unquoter] PASSED        [ 49%]
tests/test_quoting.py::test_unquote_non_ascii[c_unquoter] PASSED         [ 49%]
tests/test_quoting.py::test_unquote_non_ascii_non_tailing[py_unquoter] PASSED [ 49%]
tests/test_quoting.py::test_unquote_non_ascii_non_tailing[c_unquoter] PASSED [ 50%]
tests/test_quoting.py::test_quote_non_ascii[py_quoter] PASSED            [ 50%]
tests/test_quoting.py::test_quote_non_ascii[c_quoter] PASSED             [ 50%]
tests/test_quoting.py::test_quote_non_ascii2[py_quoter] PASSED           [ 50%]
tests/test_quoting.py::test_quote_non_ascii2[c_quoter] PASSED            [ 50%]
tests/test_quoting.py::test_quote_str_like[py_quoter] PASSED             [ 50%]
tests/test_quoting.py::test_quote_str_like[c_quoter] PASSED              [ 50%]
tests/test_quoting.py::test_unquote_str_like[py_unquoter] PASSED         [ 50%]
tests/test_quoting.py::test_unquote_str_like[c_unquoter] PASSED          [ 50%]
tests/test_quoting.py::test_quote_sub_delims[py_quoter] PASSED           [ 51%]
tests/test_quoting.py::test_quote_sub_delims[c_quoter] PASSED            [ 51%]
tests/test_quoting.py::test_requote_sub_delims[py_quoter] PASSED         [ 51%]
tests/test_quoting.py::test_requote_sub_delims[c_quoter] PASSED          [ 51%]
tests/test_quoting.py::test_unquoting_plus[py_unquoter] PASSED           [ 51%]
tests/test_quoting.py::test_unquoting_plus[c_unquoter] PASSED            [ 51%]
tests/test_quoting.py::test_unquote_plus_to_space[py_unquoter] PASSED    [ 51%]
tests/test_quoting.py::test_unquote_plus_to_space[c_unquoter] PASSED     [ 51%]
tests/test_quoting.py::test_unquote_plus_to_space_unsafe[py_unquoter] PASSED [ 51%]
tests/test_quoting.py::test_unquote_plus_to_space_unsafe[c_unquoter] PASSED [ 52%]
tests/test_quoting.py::test_qoute_qs_with_colon[py_quoter] PASSED        [ 52%]
tests/test_quoting.py::test_qoute_qs_with_colon[c_quoter] PASSED         [ 52%]
tests/test_quoting.py::test_quote_protected[py_quoter] PASSED            [ 52%]
tests/test_quoting.py::test_quote_protected[c_quoter] PASSED             [ 52%]
tests/test_quoting.py::test_quote_fastpath_safe PASSED                   [ 52%]
tests/test_quoting.py::test_quote_fastpath_pct PASSED                    [ 52%]
tests/test_quoting.py::test_quote_very_large_string[py_quoter] PASSED    [ 52%]
tests/test_quoting.py::test_quote_very_large_string[c_quoter] PASSED     [ 52%]
tests/test_quoting.py::test_space[py_quoter] PASSED                      [ 53%]
tests/test_quoting.py::test_space[c_quoter] PASSED                       [ 53%]
tests/test_quoting.py::test_quoter_path_with_plus[py_quoter] PASSED      [ 53%]
tests/test_quoting.py::test_quoter_path_with_plus[c_quoter] PASSED       [ 53%]
tests/test_quoting.py::test_unquoter_path_with_plus[py_unquoter] PASSED  [ 53%]
tests/test_quoting.py::test_unquoter_path_with_plus[c_unquoter] PASSED   [ 53%]
tests/test_update_query.py::test_with_query PASSED                       [ 53%]
tests/test_update_query.py::test_update_query PASSED                     [ 53%]
tests/test_update_query.py::test_update_query_with_args_and_kwargs PASSED [ 53%]
tests/test_update_query.py::test_update_query_with_multiple_args PASSED  [ 54%]
tests/test_update_query.py::test_with_query_list_of_pairs PASSED         [ 54%]
tests/test_update_query.py::test_with_query_list_non_pairs PASSED        [ 54%]
tests/test_update_query.py::test_with_query_kwargs PASSED                [ 54%]
tests/test_update_query.py::test_with_query_kwargs_and_args_are_mutually_exclusive PASSED [ 54%]
tests/test_update_query.py::test_with_query_only_single_arg_is_supported PASSED [ 54%]
tests/test_update_query.py::test_with_query_empty_dict PASSED            [ 54%]
tests/test_update_query.py::test_with_query_empty_str PASSED             [ 54%]
tests/test_update_query.py::test_with_query_empty_value PASSED           [ 55%]
tests/test_update_query.py::test_with_query_str PASSED                   [ 55%]
tests/test_update_query.py::test_with_query_str_non_ascii_and_spaces PASSED [ 55%]
tests/test_update_query.py::test_with_query_int PASSED                   [ 55%]
tests/test_update_query.py::test_with_query_kwargs_int PASSED            [ 55%]
tests/test_update_query.py::test_with_query_list_int PASSED              [ 55%]
tests/test_update_query.py::test_with_query_non_str PASSED               [ 55%]
tests/test_update_query.py::test_with_query_bool PASSED                  [ 55%]
tests/test_update_query.py::test_with_query_none PASSED                  [ 55%]
tests/test_update_query.py::test_with_query_list_non_str PASSED          [ 56%]
tests/test_update_query.py::test_with_query_list_bool PASSED             [ 56%]
tests/test_update_query.py::test_with_query_multidict PASSED             [ 56%]
tests/test_update_query.py::test_with_multidict_with_spaces_and_non_ascii PASSED [ 56%]
tests/test_update_query.py::test_with_query_multidict_with_unsafe PASSED [ 56%]
tests/test_update_query.py::test_with_query_None PASSED                  [ 56%]
tests/test_update_query.py::test_with_query_bad_type PASSED              [ 56%]
tests/test_update_query.py::test_with_query_bytes PASSED                 [ 56%]
tests/test_update_query.py::test_with_query_bytearray PASSED             [ 56%]
tests/test_update_query.py::test_with_query_memoryview PASSED            [ 57%]
tests/test_update_query.py::test_with_query_params PASSED                [ 57%]
tests/test_update_query.py::test_with_query_params2 PASSED               [ 57%]
tests/test_update_query.py::test_with_query_only PASSED                  [ 57%]
tests/test_update_query.py::test_update_query_multiple_keys PASSED       [ 57%]
tests/test_url.py::test_inheritance PASSED                               [ 57%]
tests/test_url.py::test_str_subclass PASSED                              [ 57%]
tests/test_url.py::test_is PASSED                                        [ 57%]
tests/test_url.py::test_bool PASSED                                      [ 57%]
tests/test_url.py::test_absolute_url_without_host PASSED                 [ 58%]
tests/test_url.py::test_url_is_not_str PASSED                            [ 58%]
tests/test_url.py::test_str PASSED                                       [ 58%]
tests/test_url.py::test_repr PASSED                                      [ 58%]
tests/test_url.py::test_origin PASSED                                    [ 58%]
tests/test_url.py::test_origin_not_absolute_url PASSED                   [ 58%]
tests/test_url.py::test_origin_no_scheme PASSED                          [ 58%]
tests/test_url.py::test_drop_dots PASSED                                 [ 58%]
tests/test_url.py::test_abs_cmp PASSED                                   [ 59%]
tests/test_url.py::test_abs_hash PASSED                                  [ 59%]
tests/test_url.py::test_scheme PASSED                                    [ 59%]
tests/test_url.py::test_raw_user PASSED                                  [ 59%]
tests/test_url.py::test_raw_user_non_ascii PASSED                        [ 59%]
tests/test_url.py::test_no_user PASSED                                   [ 59%]
tests/test_url.py::test_user_non_ascii PASSED                            [ 59%]
tests/test_url.py::test_raw_password PASSED                              [ 59%]
tests/test_url.py::test_raw_password_non_ascii PASSED                    [ 59%]
tests/test_url.py::test_password_non_ascii PASSED                        [ 60%]
tests/test_url.py::test_password_without_user PASSED                     [ 60%]
tests/test_url.py::test_user_empty_password PASSED                       [ 60%]
tests/test_url.py::test_raw_host PASSED                                  [ 60%]
tests/test_url.py::test_raw_host_non_ascii PASSED                        [ 60%]
tests/test_url.py::test_host_non_ascii PASSED                            [ 60%]
tests/test_url.py::test_localhost PASSED                                 [ 60%]
tests/test_url.py::test_host_with_underscore PASSED                      [ 60%]
tests/test_url.py::test_raw_host_when_port_is_specified PASSED           [ 60%]
tests/test_url.py::test_raw_host_from_str_with_ipv4 PASSED               [ 61%]
tests/test_url.py::test_raw_host_from_str_with_ipv6 PASSED               [ 61%]
tests/test_url.py::test_lowercase PASSED                                 [ 61%]
tests/test_url.py::test_lowercase_nonascii PASSED                        [ 61%]
tests/test_url.py::test_compressed_ipv6 PASSED                           [ 61%]
tests/test_url.py::test_ipv6_zone PASSED                                 [ 61%]
tests/test_url.py::test_ipv4_zone PASSED                                 [ 61%]
tests/test_url.py::test_port_for_explicit_port PASSED                    [ 61%]
tests/test_url.py::test_port_for_implicit_port PASSED                    [ 61%]
tests/test_url.py::test_port_for_relative_url PASSED                     [ 62%]
tests/test_url.py::test_port_for_unknown_scheme PASSED                   [ 62%]
tests/test_url.py::test_explicit_port_for_explicit_port PASSED           [ 62%]
tests/test_url.py::test_explicit_port_for_implicit_port PASSED           [ 62%]
tests/test_url.py::test_explicit_port_for_relative_url PASSED            [ 62%]
tests/test_url.py::test_explicit_port_for_unknown_scheme PASSED          [ 62%]
tests/test_url.py::test_raw_path_string_empty PASSED                     [ 62%]
tests/test_url.py::test_raw_path PASSED                                  [ 62%]
tests/test_url.py::test_raw_path_non_ascii PASSED                        [ 63%]
tests/test_url.py::test_path_non_ascii PASSED                            [ 63%]
tests/test_url.py::test_path_with_spaces PASSED                          [ 63%]
tests/test_url.py::test_raw_path_for_empty_url PASSED                    [ 63%]
tests/test_url.py::test_raw_path_for_colon_and_at PASSED                 [ 63%]
tests/test_url.py::test_raw_query_string PASSED                          [ 63%]
tests/test_url.py::test_raw_query_string_non_ascii PASSED                [ 63%]
tests/test_url.py::test_query_string_non_ascii PASSED                    [ 63%]
tests/test_url.py::test_path_qs PASSED                                   [ 63%]
tests/test_url.py::test_raw_path_qs PASSED                               [ 64%]
tests/test_url.py::test_query_string_spaces PASSED                       [ 64%]
tests/test_url.py::test_raw_fragment_empty PASSED                        [ 64%]
tests/test_url.py::test_raw_fragment PASSED                              [ 64%]
tests/test_url.py::test_raw_fragment_non_ascii PASSED                    [ 64%]
tests/test_url.py::test_raw_fragment_safe PASSED                         [ 64%]
tests/test_url.py::test_fragment_non_ascii PASSED                        [ 64%]
tests/test_url.py::test_raw_parts_empty PASSED                           [ 64%]
tests/test_url.py::test_raw_parts PASSED                                 [ 64%]
tests/test_url.py::test_raw_parts_without_path PASSED                    [ 65%]
tests/test_url.py::test_raw_path_parts_with_2F_in_path PASSED            [ 65%]
tests/test_url.py::test_raw_path_parts_with_2f_in_path PASSED            [ 65%]
tests/test_url.py::test_raw_parts_for_relative_path PASSED               [ 65%]
tests/test_url.py::test_raw_parts_for_relative_path_starting_from_slash PASSED [ 65%]
tests/test_url.py::test_raw_parts_for_relative_double_path PASSED        [ 65%]
tests/test_url.py::test_parts_for_empty_url PASSED                       [ 65%]
tests/test_url.py::test_raw_parts_non_ascii PASSED                       [ 65%]
tests/test_url.py::test_parts_non_ascii PASSED                           [ 65%]
tests/test_url.py::test_name_for_empty_url PASSED                        [ 66%]
tests/test_url.py::test_raw_name PASSED                                  [ 66%]
tests/test_url.py::test_raw_name_root PASSED                             [ 66%]
tests/test_url.py::test_raw_name_root2 PASSED                            [ 66%]
tests/test_url.py::test_raw_name_root3 PASSED                            [ 66%]
tests/test_url.py::test_relative_raw_name PASSED                         [ 66%]
tests/test_url.py::test_relative_raw_name_starting_from_slash PASSED     [ 66%]
tests/test_url.py::test_relative_raw_name_slash PASSED                   [ 66%]
tests/test_url.py::test_name_non_ascii PASSED                            [ 67%]
tests/test_url.py::test_plus_in_path PASSED                              [ 67%]
tests/test_url.py::test_nonascii_in_qs PASSED                            [ 67%]
tests/test_url.py::test_parent_raw_path PASSED                           [ 67%]
tests/test_url.py::test_parent_raw_parts PASSED                          [ 67%]
tests/test_url.py::test_double_parent_raw_path PASSED                    [ 67%]
tests/test_url.py::test_empty_parent_raw_path PASSED                     [ 67%]
tests/test_url.py::test_empty_parent_raw_path2 PASSED                    [ 67%]
tests/test_url.py::test_clear_fragment_on_getting_parent PASSED          [ 67%]
tests/test_url.py::test_clear_fragment_on_getting_parent_toplevel PASSED [ 68%]
tests/test_url.py::test_clear_query_on_getting_parent PASSED             [ 68%]
tests/test_url.py::test_clear_query_on_getting_parent_toplevel PASSED    [ 68%]
tests/test_url.py::test_div_root PASSED                                  [ 68%]
tests/test_url.py::test_div_root_with_slash PASSED                       [ 68%]
tests/test_url.py::test_div PASSED                                       [ 68%]
tests/test_url.py::test_div_with_slash PASSED                            [ 68%]
tests/test_url.py::test_div_path_starting_from_slash_is_forbidden PASSED [ 68%]
tests/test_url.py::test_div_cleanup_query_and_fragment PASSED            [ 68%]
tests/test_url.py::test_div_for_empty_url PASSED                         [ 69%]
tests/test_url.py::test_div_for_relative_url PASSED                      [ 69%]
tests/test_url.py::test_div_for_relative_url_started_with_slash PASSED   [ 69%]
tests/test_url.py::test_div_non_ascii PASSED                             [ 69%]
tests/test_url.py::test_div_with_colon_and_at PASSED                     [ 69%]
tests/test_url.py::test_div_with_dots PASSED                             [ 69%]
tests/test_url.py::test_with_path PASSED                                 [ 69%]
tests/test_url.py::test_with_path_encoded PASSED                         [ 69%]
tests/test_url.py::test_with_path_dots PASSED                            [ 69%]
tests/test_url.py::test_with_path_relative PASSED                        [ 70%]
tests/test_url.py::test_with_path_query PASSED                           [ 70%]
tests/test_url.py::test_with_path_fragment PASSED                        [ 70%]
tests/test_url.py::test_with_path_empty PASSED                           [ 70%]
tests/test_url.py::test_with_path_leading_slash PASSED                   [ 70%]
tests/test_url.py::test_with_fragment PASSED                             [ 70%]
tests/test_url.py::test_with_fragment_safe PASSED                        [ 70%]
tests/test_url.py::test_with_fragment_non_ascii PASSED                   [ 70%]
tests/test_url.py::test_with_fragment_None PASSED                        [ 71%]
tests/test_url.py::test_with_fragment_None_matching PASSED               [ 71%]
tests/test_url.py::test_with_fragment_matching PASSED                    [ 71%]
tests/test_url.py::test_with_fragment_bad_type PASSED                    [ 71%]
tests/test_url.py::test_with_name PASSED                                 [ 71%]
tests/test_url.py::test_with_name_for_naked_path PASSED                  [ 71%]
tests/test_url.py::test_with_name_for_relative_path PASSED               [ 71%]
tests/test_url.py::test_with_name_for_relative_path2 PASSED              [ 71%]
tests/test_url.py::test_with_name_for_relative_path_starting_from_slash PASSED [ 71%]
tests/test_url.py::test_with_name_for_relative_path_starting_from_slash2 PASSED [ 72%]
tests/test_url.py::test_with_name_empty PASSED                           [ 72%]
tests/test_url.py::test_with_name_non_ascii PASSED                       [ 72%]
tests/test_url.py::test_with_name_with_slash PASSED                      [ 72%]
tests/test_url.py::test_with_name_non_str PASSED                         [ 72%]
tests/test_url.py::test_with_name_within_colon_and_at PASSED             [ 72%]
tests/test_url.py::test_with_name_dot PASSED                             [ 72%]
tests/test_url.py::test_with_name_double_dot PASSED                      [ 72%]
tests/test_url.py::test_is_absolute_for_relative_url PASSED              [ 72%]
tests/test_url.py::test_is_absolute_for_absolute_url PASSED              [ 73%]
tests/test_url.py::test_is_non_absolute_for_empty_url PASSED             [ 73%]
tests/test_url.py::test_is_non_absolute_for_empty_url2 PASSED            [ 73%]
tests/test_url.py::test_is_absolute_path_starting_from_double_slash PASSED [ 73%]
tests/test_url.py::test_is_default_port_for_relative_url PASSED          [ 73%]
tests/test_url.py::test_is_default_port_for_absolute_url_without_port PASSED [ 73%]
tests/test_url.py::test_is_default_port_for_absolute_url_with_default_port PASSED [ 73%]
tests/test_url.py::test_is_default_port_for_absolute_url_with_nondefault_port PASSED [ 73%]
tests/test_url.py::test_is_default_port_for_unknown_scheme PASSED        [ 73%]
tests/test_url.py::test_no_scheme PASSED                                 [ 74%]
tests/test_url.py::test_no_scheme2 PASSED                                [ 74%]
tests/test_url.py::test_from_non_allowed PASSED                          [ 74%]
tests/test_url.py::test_from_idna PASSED                                 [ 74%]
tests/test_url.py::test_to_idna PASSED                                   [ 74%]
tests/test_url.py::test_from_ascii_login PASSED                          [ 74%]
tests/test_url.py::test_from_non_ascii_login PASSED                      [ 74%]
tests/test_url.py::test_from_ascii_login_and_password PASSED             [ 74%]
tests/test_url.py::test_from_non_ascii_login_and_password PASSED         [ 75%]
tests/test_url.py::test_from_ascii_path PASSED                           [ 75%]
tests/test_url.py::test_from_ascii_path_lower_case PASSED                [ 75%]
tests/test_url.py::test_from_non_ascii_path PASSED                       [ 75%]
tests/test_url.py::test_from_ascii_query_parts PASSED                    [ 75%]
tests/test_url.py::test_from_non_ascii_query_parts PASSED                [ 75%]
tests/test_url.py::test_from_non_ascii_query_parts2 PASSED               [ 75%]
tests/test_url.py::test_from_ascii_fragment PASSED                       [ 75%]
tests/test_url.py::test_from_bytes_with_non_ascii_fragment PASSED        [ 75%]
tests/test_url.py::test_to_str PASSED                                    [ 76%]
tests/test_url.py::test_to_str_long PASSED                               [ 76%]
tests/test_url.py::test_decoding_with_2F_in_path PASSED                  [ 76%]
tests/test_url.py::test_decoding_with_26_and_3D_in_query PASSED          [ 76%]
tests/test_url.py::test_fragment_only_url PASSED                         [ 76%]
tests/test_url.py::test_url_from_url PASSED                              [ 76%]
tests/test_url.py::test_lowercase_scheme PASSED                          [ 76%]
tests/test_url.py::test_str_for_empty_url PASSED                         [ 76%]
tests/test_url.py::test_parent_for_empty_url PASSED                      [ 76%]
tests/test_url.py::test_empty_value_for_query PASSED                     [ 77%]
tests/test_url.py::test_none_value_for_query PASSED                      [ 77%]
tests/test_url.py::test_decode_pct_in_path PASSED                        [ 77%]
tests/test_url.py::test_decode_pct_in_path_lower_case PASSED             [ 77%]
tests/test_url.py::test_join PASSED                                      [ 77%]
tests/test_url.py::test_join_absolute PASSED                             [ 77%]
tests/test_url.py::test_join_non_url PASSED                              [ 77%]
tests/test_url.py::test_join_from_rfc_3986_normal[g:h-g:h] PASSED        [ 77%]
tests/test_url.py::test_join_from_rfc_3986_normal[g-http:/a/b/c/g] PASSED [ 77%]
tests/test_url.py::test_join_from_rfc_3986_normal[./g-http:/a/b/c/g] PASSED [ 78%]
tests/test_url.py::test_join_from_rfc_3986_normal[g/-http:/a/b/c/g/] PASSED [ 78%]
tests/test_url.py::test_join_from_rfc_3986_normal[/g-http:/a/g] PASSED   [ 78%]
tests/test_url.py::test_join_from_rfc_3986_normal[/g-http:/g] PASSED     [ 78%]
tests/test_url.py::test_join_from_rfc_3986_normal[?y-http:/a/b/c/d;p?y] PASSED [ 78%]
tests/test_url.py::test_join_from_rfc_3986_normal[g?y-http:/a/b/c/g?y] PASSED [ 78%]
tests/test_url.py::test_join_from_rfc_3986_normal[#s-http:/a/b/c/d;p?q#s] PASSED [ 78%]
tests/test_url.py::test_join_from_rfc_3986_normal[g#s-http:/a/b/c/g#s] PASSED [ 78%]
tests/test_url.py::test_join_from_rfc_3986_normal[g?y#s-http:/a/b/c/g?y#s] PASSED [ 78%]
tests/test_url.py::test_join_from_rfc_3986_normal[;x-http:/a/b/c/;x] PASSED [ 79%]
tests/test_url.py::test_join_from_rfc_3986_normal[g;x-http:/a/b/c/g;x] PASSED [ 79%]
tests/test_url.py::test_join_from_rfc_3986_normal[g;x?y#s-http:/a/b/c/g;x?y#s] PASSED [ 79%]
tests/test_url.py::test_join_from_rfc_3986_normal[-http:/a/b/c/d;p?q] PASSED [ 79%]
tests/test_url.py::test_join_from_rfc_3986_normal[.-http:/a/b/c/] PASSED [ 79%]
tests/test_url.py::test_join_from_rfc_3986_normal[./-http:/a/b/c/] PASSED [ 79%]
tests/test_url.py::test_join_from_rfc_3986_normal[..-http:/a/b/] PASSED  [ 79%]
tests/test_url.py::test_join_from_rfc_3986_normal[../-http:/a/b/] PASSED [ 79%]
tests/test_url.py::test_join_from_rfc_3986_normal[../g-http:/a/b/g] PASSED [ 80%]
tests/test_url.py::test_join_from_rfc_3986_normal[../..-http:/a/] PASSED [ 80%]
tests/-http:/a/] PASSED                                                  [ 80%]
tests/g-http:/a/g] PASSED                                                [ 80%]
g-http:/a/g] PASSED                                                      [ 80%]
../g-http:/a/g] PASSED                                                   [ 80%]
tests/test_url.py::test_join_from_rfc_3986_abnormal[/g-http:/a/g] PASSED [ 80%]
tests/g-http:/a/g] PASSED                                                [ 80%]
tests/test_url.py::test_join_from_rfc_3986_abnormal[g.-http:/a/b/c/g.] PASSED [ 80%]
tests/test_url.py::test_join_from_rfc_3986_abnormal[.g-http:/a/b/c/.g] PASSED [ 81%]
tests/test_url.py::test_join_from_rfc_3986_abnormal[g..-http:/a/b/c/g..] PASSED [ 81%]
tests/test_url.py::test_join_from_rfc_3986_abnormal[..g-http:/a/b/c/..g] PASSED [ 81%]
tests/g-http:/a/b/g] PASSED                                              [ 81%]
tests/test_url.py::test_join_from_rfc_3986_abnormal[./g/.-http:/a/b/c/g/] PASSED [ 81%]
tests/test_url.py::test_join_from_rfc_3986_abnormal[g/h-http:/a/b/c/g/h] PASSED [ 81%]
tests/h-http:/a/b/c/h] PASSED                                            [ 81%]
tests/test_url.py::test_join_from_rfc_3986_abnormal[g;x=1/y-http:/a/b/c/g;x=1/y] PASSED [ 81%]
tests/y-http:/a/b/c/y] PASSED                                            [ 81%]
tests/test_url.py::test_join_from_rfc_3986_abnormal[g?y/x-http:/a/b/c/g?y/x] PASSED [ 82%]
tests/x-http:/a/b/c/x] PASSED                                            [ 82%]
tests/test_url.py::test_join_from_rfc_3986_abnormal[g#s/x-http:/a/b/c/g#s/x] PASSED [ 82%]
tests/x-http:/a/b/c/x] PASSED                                            [ 82%]
tests/test_url.py::test_split_result_non_decoded PASSED                  [ 82%]
tests/test_url.py::test_human_repr PASSED                                [ 82%]
tests/test_url.py::test_human_repr_defaults PASSED                       [ 82%]
tests/test_url.py::test_human_repr_default_port PASSED                   [ 82%]
tests/test_url.py::test_relative PASSED                                  [ 82%]
tests/test_url.py::test_relative_is_relative PASSED                      [ 83%]
tests/test_url.py::test_relative_abs_parts_are_removed PASSED            [ 83%]
tests/test_url.py::test_relative_fails_on_rel_url PASSED                 [ 83%]
tests/test_url.py::test_slash_and_question_in_query PASSED               [ 83%]
tests/test_url.py::test_slash_and_question_in_fragment PASSED            [ 83%]
tests/test_url.py::test_requoting PASSED                                 [ 83%]
tests/test_url_build.py::test_build_without_arguments PASSED             [ 83%]
tests/test_url_build.py::test_build_simple PASSED                        [ 83%]
tests/test_url_build.py::test_build_with_scheme PASSED                   [ 84%]
tests/test_url_build.py::test_build_with_host PASSED                     [ 84%]
tests/test_url_build.py::test_build_with_scheme_and_host PASSED          [ 84%]
tests/test_url_build.py::test_build_with_port PASSED                     [ 84%]
tests/test_url_build.py::test_build_with_user PASSED                     [ 84%]
tests/test_url_build.py::test_build_with_user_password PASSED            [ 84%]
tests/test_url_build.py::test_build_with_query_and_query_string PASSED   [ 84%]
tests/test_url_build.py::test_build_with_all PASSED                      [ 84%]
tests/test_url_build.py::test_query_str PASSED                           [ 84%]
tests/test_url_build.py::test_query_dict PASSED                          [ 85%]
tests/test_url_build.py::test_build_path_quoting PASSED                  [ 85%]
tests/test_url_build.py::test_build_query_quoting PASSED                 [ 85%]
tests/test_url_build.py::test_build_query_only PASSED                    [ 85%]
tests/test_url_build.py::test_build_drop_dots PASSED                     [ 85%]
tests/test_url_build.py::test_build_encode PASSED                        [ 85%]
tests/test_url_build.py::test_build_already_encoded PASSED               [ 85%]
tests/test_url_build.py::test_build_with_authority_with_path_with_leading_slash PASSED [ 85%]
tests/test_url_build.py::test_build_with_authority_with_empty_path PASSED [ 85%]
tests/test_url_build.py::test_build_with_authority_with_path_without_leading_slash PASSED [ 86%]
tests/test_url_build.py::test_build_with_none_path PASSED                [ 86%]
tests/test_url_build.py::test_build_with_none_query_string PASSED        [ 86%]
tests/test_url_build.py::test_build_with_none_fragment PASSED            [ 86%]
tests/test_url_cmp_and_hash.py::test_ne_str PASSED                       [ 86%]
tests/test_url_cmp_and_hash.py::test_eq PASSED                           [ 86%]
tests/test_url_cmp_and_hash.py::test_hash PASSED                         [ 86%]
tests/test_url_cmp_and_hash.py::test_hash_double_call PASSED             [ 86%]
tests/test_url_cmp_and_hash.py::test_le_less PASSED                      [ 86%]
tests/test_url_cmp_and_hash.py::test_le_eq PASSED                        [ 87%]
tests/test_url_cmp_and_hash.py::test_le_not_implemented PASSED           [ 87%]
tests/test_url_cmp_and_hash.py::test_lt PASSED                           [ 87%]
tests/test_url_cmp_and_hash.py::test_lt_not_implemented PASSED           [ 87%]
tests/test_url_cmp_and_hash.py::test_ge_more PASSED                      [ 87%]
tests/test_url_cmp_and_hash.py::test_ge_eq PASSED                        [ 87%]
tests/test_url_cmp_and_hash.py::test_ge_not_implemented PASSED           [ 87%]
tests/test_url_cmp_and_hash.py::test_gt PASSED                           [ 87%]
tests/test_url_cmp_and_hash.py::test_gt_not_implemented PASSED           [ 88%]
tests/test_url_parsing.py::TestScheme::test_scheme_path PASSED           [ 88%]
tests/test_url_parsing.py::TestScheme::test_scheme_path_other PASSED     [ 88%]
tests/test_url_parsing.py::TestScheme::test_complex_scheme PASSED        [ 88%]
tests/test_url_parsing.py::TestScheme::test_scheme_only PASSED           [ 88%]
tests/test_url_parsing.py::TestScheme::test_no_scheme1 FAILED            [ 88%]
tests/test_url_parsing.py::TestScheme::test_no_scheme2 PASSED            [ 88%]
tests/test_url_parsing.py::TestScheme::test_not_a_scheme1 PASSED         [ 88%]
tests/test_url_parsing.py::TestScheme::test_not_a_scheme2 PASSED         [ 88%]
tests/test_url_parsing.py::TestScheme::test_scheme_rel_path1 PASSED      [ 89%]
tests/test_url_parsing.py::TestScheme::test_scheme_rel_path2 PASSED      [ 89%]
tests/test_url_parsing.py::TestScheme::test_scheme_weird PASSED          [ 89%]
tests/test_url_parsing.py::TestHost::test_canonical PASSED               [ 89%]
tests/test_url_parsing.py::TestHost::test_absolute_no_scheme PASSED      [ 89%]
tests/test_url_parsing.py::TestHost::test_absolute_no_scheme_complex_host PASSED [ 89%]
tests/test_url_parsing.py::TestHost::test_absolute_no_scheme_simple_host PASSED [ 89%]
tests/test_url_parsing.py::TestHost::test_weird_host PASSED              [ 89%]
tests/test_url_parsing.py::TestHost::test_scheme_no_host PASSED          [ 89%]
tests/test_url_parsing.py::TestHost::test_scheme_no_host2 PASSED         [ 90%]
tests/test_url_parsing.py::TestHost::test_no_scheme_no_host PASSED       [ 90%]
tests/test_url_parsing.py::TestHost::test_ipv4 PASSED                    [ 90%]
tests/test_url_parsing.py::TestHost::test_masked_ipv4 PASSED             [ 90%]
tests/test_url_parsing.py::TestHost::test_ipv6 PASSED                    [ 90%]
tests/test_url_parsing.py::TestHost::test_strange_ip PASSED              [ 90%]
tests/test_url_parsing.py::TestHost::test_strange_ip_2 PASSED            [ 90%]
tests/test_url_parsing.py::TestHost::test_strange_ip_3 PASSED            [ 90%]
tests/test_url_parsing.py::TestPort::test_canonical PASSED               [ 90%]
tests/test_url_parsing.py::TestPort::test_no_path PASSED                 [ 91%]
tests/test_url_parsing.py::TestPort::test_no_host PASSED                 [ 91%]
tests/test_url_parsing.py::TestPort::test_double_port PASSED             [ 91%]
tests/test_url_parsing.py::TestPort::test_bad_port PASSED                [ 91%]
tests/test_url_parsing.py::TestPort::test_another_bad_port PASSED        [ 91%]
tests/test_url_parsing.py::TestPort::test_bad_port_again PASSED          [ 91%]
tests/test_url_parsing.py::TestUserInfo::test_canonical PASSED           [ 91%]
tests/test_url_parsing.py::TestUserInfo::test_user_pass PASSED           [ 91%]
tests/test_url_parsing.py::TestUserInfo::test_complex_userinfo PASSED    [ 92%]
tests/test_url_parsing.py::TestUserInfo::test_no_user PASSED             [ 92%]
tests/test_url_parsing.py::TestUserInfo::test_weird_user PASSED          [ 92%]
tests/test_url_parsing.py::TestUserInfo::test_weird_user2 PASSED         [ 92%]
tests/test_url_parsing.py::TestUserInfo::test_weird_user3 PASSED         [ 92%]
tests/test_url_parsing.py::TestQuery_String::test_simple PASSED          [ 92%]
tests/test_url_parsing.py::TestQuery_String::test_scheme_query PASSED    [ 92%]
tests/test_url_parsing.py::TestQuery_String::test_abs_url_query PASSED   [ 92%]
tests/test_url_parsing.py::TestQuery_String::test_abs_url_path_query PASSED [ 92%]
tests/test_url_parsing.py::TestQuery_String::test_double_question_mark PASSED [ 93%]
tests/test_url_parsing.py::TestQuery_String::test_complex_query PASSED   [ 93%]
tests/test_url_parsing.py::TestQuery_String::test_query_in_fragment PASSED [ 93%]
tests/test_url_parsing.py::TestFragment::test_simple PASSED              [ 93%]
tests/test_url_parsing.py::TestFragment::test_scheme_frag PASSED         [ 93%]
tests/test_url_parsing.py::TestFragment::test_host_frag PASSED           [ 93%]
tests/test_url_parsing.py::TestFragment::test_scheme_path_frag PASSED    [ 93%]
tests/test_url_parsing.py::TestFragment::test_scheme_query_frag PASSED   [ 93%]
tests/test_url_parsing.py::TestFragment::test_host_frag_query PASSED     [ 93%]
tests/test_url_parsing.py::TestFragment::test_complex_frag PASSED        [ 94%]
tests/test_url_parsing.py::TestStripEmptyParts::test_all_empty PASSED    [ 94%]
tests/test_url_parsing.py::TestStripEmptyParts::test_path_only PASSED    [ 94%]
tests/test_url_parsing.py::TestStripEmptyParts::test_empty_user PASSED   [ 94%]
tests/test_url_parsing.py::TestStripEmptyParts::test_empty_port PASSED   [ 94%]
tests/test_url_parsing.py::TestStripEmptyParts::test_empty_port_and_path PASSED [ 94%]
tests/test_url_parsing.py::TestStripEmptyParts::test_empty_path_only PASSED [ 94%]
tests/test_url_parsing.py::TestStripEmptyParts::test_relative_path_only PASSED [ 94%]
tests/test_url_parsing.py::TestStripEmptyParts::test_path PASSED         [ 94%]
tests/test_url_parsing.py::TestStripEmptyParts::test_empty_query_with_path PASSED [ 95%]
tests/test_url_parsing.py::TestStripEmptyParts::test_empty_query PASSED  [ 95%]
tests/test_url_parsing.py::TestStripEmptyParts::test_empty_query_with_frag PASSED [ 95%]
tests/test_url_parsing.py::TestStripEmptyParts::test_path_empty_frag PASSED [ 95%]
tests/test_url_parsing.py::TestStripEmptyParts::test_empty_path PASSED   [ 95%]
tests/test_url_query.py::test_query_spaces PASSED                        [ 95%]
tests/test_url_query.py::test_query_empty PASSED                         [ 95%]
tests/test_url_query.py::test_query PASSED                               [ 95%]
tests/test_url_query.py::test_query_repeated_args PASSED                 [ 96%]
tests/test_url_query.py::test_query_empty_arg PASSED                     [ 96%]
tests/test_url_query.py::test_query_dont_unqoute_twice PASSED            [ 96%]
tests/test_url_query.py::test_query_nonascii PASSED                      [ 96%]
tests/test_url_query.py::test_ampersand_as_separator PASSED              [ 96%]
tests/test_url_query.py::test_ampersand_as_value PASSED                  [ 96%]
tests/test_url_query.py::test_semicolon_as_separator PASSED              [ 96%]
tests/test_url_query.py::test_semicolon_as_value PASSED                  [ 96%]
tests/test_url_update_netloc.py::test_with_scheme PASSED                 [ 96%]
tests/test_url_update_netloc.py::test_with_scheme_uppercased PASSED      [ 97%]
tests/test_url_update_netloc.py::test_with_scheme_for_relative_url PASSED [ 97%]
tests/test_url_update_netloc.py::test_with_scheme_invalid_type PASSED    [ 97%]
tests/test_url_update_netloc.py::test_with_user PASSED                   [ 97%]
tests/test_url_update_netloc.py::test_with_user_non_ascii PASSED         [ 97%]
tests/test_url_update_netloc.py::test_with_user_for_relative_url PASSED  [ 97%]
tests/test_url_update_netloc.py::test_with_user_invalid_type PASSED      [ 97%]
tests/test_url_update_netloc.py::test_with_user_None PASSED              [ 97%]
tests/test_url_update_netloc.py::test_with_user_None_when_password_present PASSED [ 97%]
tests/test_url_update_netloc.py::test_with_password PASSED               [ 98%]
tests/test_url_update_netloc.py::test_with_password_non_ascii PASSED     [ 98%]
tests/test_url_update_netloc.py::test_with_password_non_ascii_with_colon PASSED [ 98%]
tests/test_url_update_netloc.py::test_with_password_for_relative_url PASSED [ 98%]
tests/test_url_update_netloc.py::test_with_password_None PASSED          [ 98%]
tests/test_url_update_netloc.py::test_with_password_invalid_type PASSED  [ 98%]
tests/test_url_update_netloc.py::test_with_password_and_empty_user PASSED [ 98%]
tests/test_url_update_netloc.py::test_from_str_with_host_ipv4 PASSED     [ 98%]
tests/test_url_update_netloc.py::test_from_str_with_host_ipv6 PASSED     [ 98%]
tests/test_url_update_netloc.py::test_with_host PASSED                   [ 99%]
tests/test_url_update_netloc.py::test_with_host_empty PASSED             [ 99%]
tests/test_url_update_netloc.py::test_with_host_non_ascii PASSED         [ 99%]
tests/test_url_update_netloc.py::test_with_host_for_relative_url PASSED  [ 99%]
tests/test_url_update_netloc.py::test_with_host_invalid_type PASSED      [ 99%]
tests/test_url_update_netloc.py::test_with_port PASSED                   [ 99%]
tests/test_url_update_netloc.py::test_with_port_keeps_query_and_fragment PASSED [ 99%]
tests/test_url_update_netloc.py::test_with_port_for_relative_url PASSED  [ 99%]
tests/test_url_update_netloc.py::test_with_port_invalid_type PASSED      [100%]

=================================== FAILURES ===================================
__________________________ TestScheme.test_no_scheme1 __________________________

self = <test_url_parsing.TestScheme object at 0x7f62eb1d0c70>

    def test_no_scheme1(self):
        u = URL("google.com:80")
        # See: https://bugs.python.org/issue27657
        if sys.version_info >= (3, 8, 1) or sys.version_info >= (2, 7, 15):
>           assert u.scheme == "google.com"
E           AssertionError: assert '' == 'google.com'
E             + google.com

tests/test_url_parsing.py:45: AssertionError

--------- coverage: platform linux, python 3.8.2-candidate-2 ---------
Name               Stmts   Miss  Cover
--------------------------------------
yarl/__init__.py     498     22    96%
yarl/quoting.py      166      1    99%
--------------------------------------
TOTAL                664     23    97%

=============== 1 failed, 867 passed, 8 xfailed in 2.33 seconds ================
E: pybuild pybuild:341: test: plugin distutils failed with: exit code=1: cd /<<PKGBUILDDIR>>/.pybuild/cpython3_3.8_yarl/build; python3.8 -m pytest tests
dh_auto_test: error: pybuild --test --test-pytest -i python{version} -p "3.8 3.7" returned exit code 13
make: *** [debian/rules:9: build] Error 25
dpkg-buildpackage: error: debian/rules build subprocess returned exit status 2
--------------------------------------------------------------------------------
Build finished at 2020-02-25T18:50:50Z

Finished
--------


+------------------------------------------------------------------------------+
| Cleanup                                                                      |
+------------------------------------------------------------------------------+

Purging /<<BUILDDIR>>
Not cleaning session: cloned chroot in use
E: Build failure (dpkg-buildpackage died)

+------------------------------------------------------------------------------+
| Summary                                                                      |
+------------------------------------------------------------------------------+

Build Architecture: amd64
Build Type: binary
Build-Space: 5200
Build-Time: 10
Distribution: unstable
Fail-Stage: build
Host Architecture: amd64
Install-Time: 28
Job: yarl_1.4.2-1
Machine Architecture: amd64
Package: yarl
Package-Time: 54
Source-Version: 1.4.2-1
Space: 5200
Status: attempted
Version: 1.4.2-1
--------------------------------------------------------------------------------
Finished at 2020-02-25T18:50:50Z
Build needed 00:00:54, 5200k disk space
E: Build failure (dpkg-buildpackage died)
DC-Status: Failed 55.173591321s
