DC-Build-Header: ableton-link 3.0.3+dfsg-6 / 2021-10-26 22:21:18 +0000
DC-Task: type:rebuild-binarch-only source:ableton-link version:3.0.3+dfsg-6 chroot:unstable esttime:147 logfile:/tmp/ableton-link_3.0.3+dfsg-6_unstable_clang13.log modes:clang13:binarch-only
DC-Sbuild-call: su user42 -c 'sbuild -n --arch-any --apt-update -d unstable -v --no-run-lintian --chroot-setup-commands=/tmp/clang13 ableton-link_3.0.3+dfsg-6'
sbuild (Debian sbuild) 0.78.1 (09 February 2019) on ip-172-31-9-211.eu-central-1.compute.internal

+==============================================================================+
| ableton-link 3.0.3+dfsg-6 (amd64)            Tue, 26 Oct 2021 22:21:18 +0000 |
+==============================================================================+

Package: ableton-link
Version: 3.0.3+dfsg-6
Source Version: 3.0.3+dfsg-6
Distribution: unstable
Machine Architecture: amd64
Host Architecture: amd64
Build Architecture: amd64
Build Type: binary

I: NOTICE: Log filtering will replace 'var/run/schroot/mount/sid-amd64-sbuild-70cb945a-2108-4912-8143-218fb17ac9c8' with '<<CHROOT>>'

+------------------------------------------------------------------------------+
| Chroot Setup Commands                                                        |
+------------------------------------------------------------------------------+


/tmp/clang13
------------

+ echo 'Entering customization script...'
Entering customization script...
+ CLANG_VERSION=13
+ echo 'Install of clang-13'
Install of clang-13
+ apt-get update
Get:1 http://127.0.0.1:12990/debian sid InRelease [165 kB]
Get:2 http://127.0.0.1:12990/debian sid/main Sources.diff/Index [63.6 kB]
Get:3 http://127.0.0.1:12990/debian sid/main amd64 Packages.diff/Index [63.6 kB]
Get:4 http://127.0.0.1:12990/debian sid/main Sources T-2021-10-26-2004.40-F-2021-10-26-0202.15.pdiff [47.3 kB]
Get:4 http://127.0.0.1:12990/debian sid/main Sources T-2021-10-26-2004.40-F-2021-10-26-0202.15.pdiff [47.3 kB]
Get:5 http://127.0.0.1:12990/debian sid/main amd64 Packages T-2021-10-26-2004.40-F-2021-10-26-0202.15.pdiff [55.9 kB]
Get:5 http://127.0.0.1:12990/debian sid/main amd64 Packages T-2021-10-26-2004.40-F-2021-10-26-0202.15.pdiff [55.9 kB]
Get:6 http://127.0.0.1:12990/debian sid/main Translation-en [6586 kB]
Fetched 6981 kB in 3s (2753 kB/s)
Reading package lists...
+ apt-get install --yes --no-install-recommends --force-yes clang-13 libomp-13-dev libobjc-9-dev
Reading package lists...
Building dependency tree...
The following additional packages will be installed:
  lib32gcc-s1 lib32stdc++6 libasan5 libbsd0 libc6-i386 libclang-common-13-dev
  libclang-cpp13 libclang1-13 libedit2 libgc1 libgcc-9-dev libicu67 libllvm13
  libmd0 libobjc-11-dev libobjc4 libomp5-13 libxml2 libz3-4
Suggested packages:
  clang-13-doc libomp-13-doc
Recommended packages:
  llvm-13-dev python3
The following NEW packages will be installed:
  clang-13 lib32gcc-s1 lib32stdc++6 libasan5 libbsd0 libc6-i386
  libclang-common-13-dev libclang-cpp13 libclang1-13 libedit2 libgc1
  libgcc-9-dev libicu67 libllvm13 libmd0 libobjc-11-dev libobjc-9-dev libobjc4
  libomp-13-dev libomp5-13 libxml2 libz3-4
0 upgraded, 22 newly installed, 0 to remove and 0 not upgraded.
Need to get 68.5 MB of archives.
After this operation, 379 MB of additional disk space will be used.
Get:1 http://127.0.0.1:12990/debian sid/main amd64 libmd0 amd64 1.0.4-1 [29.6 kB]
Get:2 http://127.0.0.1:12990/debian sid/main amd64 libbsd0 amd64 0.11.3-1 [108 kB]
Get:3 http://127.0.0.1:12990/debian sid/main amd64 libedit2 amd64 3.1-20210910-1 [97.5 kB]
Get:4 http://127.0.0.1:12990/debian sid/main amd64 libicu67 amd64 67.1-7 [8622 kB]
Get:5 http://127.0.0.1:12990/debian sid/main amd64 libxml2 amd64 2.9.12+dfsg-5 [696 kB]
Get:6 http://127.0.0.1:12990/debian sid/main amd64 libz3-4 amd64 4.8.12-1+b1 [6997 kB]
Get:7 http://127.0.0.1:12990/debian sid/main amd64 libllvm13 amd64 1:13.0.0-8 [19.7 MB]
Get:8 http://127.0.0.1:12990/debian sid/main amd64 libclang-cpp13 amd64 1:13.0.0-8 [10.5 MB]
Get:9 http://127.0.0.1:12990/debian sid/main amd64 libgc1 amd64 1:8.0.4-3 [239 kB]
Get:10 http://127.0.0.1:12990/debian sid/main amd64 libobjc4 amd64 11.2.0-10 [43.2 kB]
Get:11 http://127.0.0.1:12990/debian sid/main amd64 libobjc-11-dev amd64 11.2.0-10 [170 kB]
Get:12 http://127.0.0.1:12990/debian sid/main amd64 libc6-i386 amd64 2.32-4 [2624 kB]
Get:13 http://127.0.0.1:12990/debian sid/main amd64 lib32gcc-s1 amd64 11.2.0-10 [49.9 kB]
Get:14 http://127.0.0.1:12990/debian sid/main amd64 lib32stdc++6 amd64 11.2.0-10 [601 kB]
Get:15 http://127.0.0.1:12990/debian sid/main amd64 libclang-common-13-dev amd64 1:13.0.0-8 [5730 kB]
Get:16 http://127.0.0.1:12990/debian sid/main amd64 libclang1-13 amd64 1:13.0.0-8 [6093 kB]
Get:17 http://127.0.0.1:12990/debian sid/main amd64 clang-13 amd64 1:13.0.0-8 [119 kB]
Get:18 http://127.0.0.1:12990/debian sid/main amd64 libasan5 amd64 9.4.0-3 [2734 kB]
Get:19 http://127.0.0.1:12990/debian sid/main amd64 libgcc-9-dev amd64 9.4.0-3 [2343 kB]
Get:20 http://127.0.0.1:12990/debian sid/main amd64 libobjc-9-dev amd64 9.4.0-3 [219 kB]
Get:21 http://127.0.0.1:12990/debian sid/main amd64 libomp5-13 amd64 1:13.0.0-8 [377 kB]
Get:22 http://127.0.0.1:12990/debian sid/main amd64 libomp-13-dev amd64 1:13.0.0-8 [482 kB]
debconf: delaying package configuration, since apt-utils is not installed
Fetched 68.5 MB in 0s (146 MB/s)
Selecting previously unselected package libmd0:amd64.
(Reading database ... (Reading database ... 5%(Reading database ... 10%(Reading database ... 15%(Reading database ... 20%(Reading database ... 25%(Reading database ... 30%(Reading database ... 35%(Reading database ... 40%(Reading database ... 45%(Reading database ... 50%(Reading database ... 55%(Reading database ... 60%(Reading database ... 65%(Reading database ... 70%(Reading database ... 75%(Reading database ... 80%(Reading database ... 85%(Reading database ... 90%(Reading database ... 95%(Reading database ... 100%(Reading database ... 12431 files and directories currently installed.)
Preparing to unpack .../00-libmd0_1.0.4-1_amd64.deb ...
Unpacking libmd0:amd64 (1.0.4-1) ...
Selecting previously unselected package libbsd0:amd64.
Preparing to unpack .../01-libbsd0_0.11.3-1_amd64.deb ...
Unpacking libbsd0:amd64 (0.11.3-1) ...
Selecting previously unselected package libedit2:amd64.
Preparing to unpack .../02-libedit2_3.1-20210910-1_amd64.deb ...
Unpacking libedit2:amd64 (3.1-20210910-1) ...
Selecting previously unselected package libicu67:amd64.
Preparing to unpack .../03-libicu67_67.1-7_amd64.deb ...
Unpacking libicu67:amd64 (67.1-7) ...
Selecting previously unselected package libxml2:amd64.
Preparing to unpack .../04-libxml2_2.9.12+dfsg-5_amd64.deb ...
Unpacking libxml2:amd64 (2.9.12+dfsg-5) ...
Selecting previously unselected package libz3-4:amd64.
Preparing to unpack .../05-libz3-4_4.8.12-1+b1_amd64.deb ...
Unpacking libz3-4:amd64 (4.8.12-1+b1) ...
Selecting previously unselected package libllvm13:amd64.
Preparing to unpack .../06-libllvm13_1%3a13.0.0-8_amd64.deb ...
Unpacking libllvm13:amd64 (1:13.0.0-8) ...
Selecting previously unselected package libclang-cpp13.
Preparing to unpack .../07-libclang-cpp13_1%3a13.0.0-8_amd64.deb ...
Unpacking libclang-cpp13 (1:13.0.0-8) ...
Selecting previously unselected package libgc1:amd64.
Preparing to unpack .../08-libgc1_1%3a8.0.4-3_amd64.deb ...
Unpacking libgc1:amd64 (1:8.0.4-3) ...
Selecting previously unselected package libobjc4:amd64.
Preparing to unpack .../09-libobjc4_11.2.0-10_amd64.deb ...
Unpacking libobjc4:amd64 (11.2.0-10) ...
Selecting previously unselected package libobjc-11-dev:amd64.
Preparing to unpack .../10-libobjc-11-dev_11.2.0-10_amd64.deb ...
Unpacking libobjc-11-dev:amd64 (11.2.0-10) ...
Selecting previously unselected package libc6-i386.
Preparing to unpack .../11-libc6-i386_2.32-4_amd64.deb ...
Unpacking libc6-i386 (2.32-4) ...
Selecting previously unselected package lib32gcc-s1.
Preparing to unpack .../12-lib32gcc-s1_11.2.0-10_amd64.deb ...
Unpacking lib32gcc-s1 (11.2.0-10) ...
Selecting previously unselected package lib32stdc++6.
Preparing to unpack .../13-lib32stdc++6_11.2.0-10_amd64.deb ...
Unpacking lib32stdc++6 (11.2.0-10) ...
Selecting previously unselected package libclang-common-13-dev.
Preparing to unpack .../14-libclang-common-13-dev_1%3a13.0.0-8_amd64.deb ...
Unpacking libclang-common-13-dev (1:13.0.0-8) ...
Selecting previously unselected package libclang1-13.
Preparing to unpack .../15-libclang1-13_1%3a13.0.0-8_amd64.deb ...
Unpacking libclang1-13 (1:13.0.0-8) ...
Selecting previously unselected package clang-13.
Preparing to unpack .../16-clang-13_1%3a13.0.0-8_amd64.deb ...
Unpacking clang-13 (1:13.0.0-8) ...
Selecting previously unselected package libasan5:amd64.
Preparing to unpack .../17-libasan5_9.4.0-3_amd64.deb ...
Unpacking libasan5:amd64 (9.4.0-3) ...
Selecting previously unselected package libgcc-9-dev:amd64.
Preparing to unpack .../18-libgcc-9-dev_9.4.0-3_amd64.deb ...
Unpacking libgcc-9-dev:amd64 (9.4.0-3) ...
Selecting previously unselected package libobjc-9-dev:amd64.
Preparing to unpack .../19-libobjc-9-dev_9.4.0-3_amd64.deb ...
Unpacking libobjc-9-dev:amd64 (9.4.0-3) ...
Selecting previously unselected package libomp5-13:amd64.
Preparing to unpack .../20-libomp5-13_1%3a13.0.0-8_amd64.deb ...
Unpacking libomp5-13:amd64 (1:13.0.0-8) ...
Selecting previously unselected package libomp-13-dev.
Preparing to unpack .../21-libomp-13-dev_1%3a13.0.0-8_amd64.deb ...
Unpacking libomp-13-dev (1:13.0.0-8) ...
Setting up libicu67:amd64 (67.1-7) ...
Setting up libasan5:amd64 (9.4.0-3) ...
Setting up libz3-4:amd64 (4.8.12-1+b1) ...
Setting up libgc1:amd64 (1:8.0.4-3) ...
Setting up libmd0:amd64 (1.0.4-1) ...
Setting up libc6-i386 (2.32-4) ...
Setting up libomp5-13:amd64 (1:13.0.0-8) ...
Setting up libbsd0:amd64 (0.11.3-1) ...
Setting up libxml2:amd64 (2.9.12+dfsg-5) ...
Setting up libedit2:amd64 (3.1-20210910-1) ...
Setting up libobjc4:amd64 (11.2.0-10) ...
Setting up libgcc-9-dev:amd64 (9.4.0-3) ...
Setting up lib32gcc-s1 (11.2.0-10) ...
Setting up lib32stdc++6 (11.2.0-10) ...
Setting up libllvm13:amd64 (1:13.0.0-8) ...
Setting up libobjc-9-dev:amd64 (9.4.0-3) ...
Setting up libclang-common-13-dev (1:13.0.0-8) ...
Setting up libomp-13-dev (1:13.0.0-8) ...
Setting up libobjc-11-dev:amd64 (11.2.0-10) ...
Setting up libclang1-13 (1:13.0.0-8) ...
Setting up libclang-cpp13 (1:13.0.0-8) ...
Setting up clang-13 (1:13.0.0-8) ...
Processing triggers for libc-bin (2.32-4) ...
W: --force-yes is deprecated, use one of the options starting with --allow instead.
+ echo 'Replace gcc, g++ & cpp by clang'
Replace gcc, g++ & cpp by clang
+ VERSIONS='4.6 4.7 4.8 4.9 5 6 7 8 9 10 11'
+ cd /usr/bin
+ for VERSION in $VERSIONS
+ rm -f g++-4.6 gcc-4.6 cpp-4.6 gcc
+ ln -s clang++-13 g++-4.6
+ ln -s clang-13 gcc-4.6
+ ln -s clang-13 cpp-4.6
+ ln -s clang-13 gcc
+ echo 'gcc-4.6 hold'
+ dpkg --set-selections
dpkg: warning: package not in status nor available database at line 1: gcc-4.6
dpkg: warning: found unknown packages; this might mean the available database
is outdated, and needs to be updated through a frontend method;
please see the FAQ <https://wiki.debian.org/Teams/Dpkg/FAQ>
+ echo 'g++-4.6 hold'
+ dpkg --set-selections
dpkg: warning: package not in status nor available database at line 1: g++-4.6
dpkg: warning: found unknown packages; this might mean the available database
is outdated, and needs to be updated through a frontend method;
please see the FAQ <https://wiki.debian.org/Teams/Dpkg/FAQ>
+ for VERSION in $VERSIONS
+ rm -f g++-4.7 gcc-4.7 cpp-4.7 gcc
+ ln -s clang++-13 g++-4.7
+ ln -s clang-13 gcc-4.7
+ ln -s clang-13 cpp-4.7
+ ln -s clang-13 gcc
+ echo 'gcc-4.7 hold'
+ dpkg --set-selections
dpkg: warning: package not in status nor available database at line 1: gcc-4.7
dpkg: warning: found unknown packages; this might mean the available database
is outdated, and needs to be updated through a frontend method;
please see the FAQ <https://wiki.debian.org/Teams/Dpkg/FAQ>
+ echo 'g++-4.7 hold'
+ dpkg --set-selections
dpkg: warning: package not in status nor available database at line 1: g++-4.7
dpkg: warning: found unknown packages; this might mean the available database
is outdated, and needs to be updated through a frontend method;
please see the FAQ <https://wiki.debian.org/Teams/Dpkg/FAQ>
+ for VERSION in $VERSIONS
+ rm -f g++-4.8 gcc-4.8 cpp-4.8 gcc
+ ln -s clang++-13 g++-4.8
+ ln -s clang-13 gcc-4.8
+ ln -s clang-13 cpp-4.8
+ ln -s clang-13 gcc
+ echo 'gcc-4.8 hold'
+ dpkg --set-selections
dpkg: warning: package not in status nor available database at line 1: gcc-4.8
dpkg: warning: found unknown packages; this might mean the available database
is outdated, and needs to be updated through a frontend method;
please see the FAQ <https://wiki.debian.org/Teams/Dpkg/FAQ>
+ echo 'g++-4.8 hold'
+ dpkg --set-selections
dpkg: warning: package not in status nor available database at line 1: g++-4.8
dpkg: warning: found unknown packages; this might mean the available database
is outdated, and needs to be updated through a frontend method;
please see the FAQ <https://wiki.debian.org/Teams/Dpkg/FAQ>
+ for VERSION in $VERSIONS
+ rm -f g++-4.9 gcc-4.9 cpp-4.9 gcc
+ ln -s clang++-13 g++-4.9
+ ln -s clang-13 gcc-4.9
+ ln -s clang-13 cpp-4.9
+ ln -s clang-13 gcc
+ echo 'gcc-4.9 hold'
+ dpkg --set-selections
dpkg: warning: package not in status nor available database at line 1: gcc-4.9
dpkg: warning: found unknown packages; this might mean the available database
is outdated, and needs to be updated through a frontend method;
please see the FAQ <https://wiki.debian.org/Teams/Dpkg/FAQ>
+ echo 'g++-4.9 hold'
+ dpkg --set-selections
dpkg: warning: package not in status nor available database at line 1: g++-4.9
dpkg: warning: found unknown packages; this might mean the available database
is outdated, and needs to be updated through a frontend method;
please see the FAQ <https://wiki.debian.org/Teams/Dpkg/FAQ>
+ for VERSION in $VERSIONS
+ rm -f g++-5 gcc-5 cpp-5 gcc
+ ln -s clang++-13 g++-5
+ ln -s clang-13 gcc-5
+ ln -s clang-13 cpp-5
+ ln -s clang-13 gcc
+ echo 'gcc-5 hold'
+ dpkg --set-selections
dpkg: warning: package not in status nor available database at line 1: gcc-5
dpkg: warning: found unknown packages; this might mean the available database
is outdated, and needs to be updated through a frontend method;
please see the FAQ <https://wiki.debian.org/Teams/Dpkg/FAQ>
+ echo 'g++-5 hold'
+ dpkg --set-selections
dpkg: warning: package not in status nor available database at line 1: g++-5
dpkg: warning: found unknown packages; this might mean the available database
is outdated, and needs to be updated through a frontend method;
please see the FAQ <https://wiki.debian.org/Teams/Dpkg/FAQ>
+ for VERSION in $VERSIONS
+ rm -f g++-6 gcc-6 cpp-6 gcc
+ ln -s clang++-13 g++-6
+ ln -s clang-13 gcc-6
+ ln -s clang-13 cpp-6
+ ln -s clang-13 gcc
+ echo 'gcc-6 hold'
+ dpkg --set-selections
dpkg: warning: package not in status nor available database at line 1: gcc-6
dpkg: warning: found unknown packages; this might mean the available database
is outdated, and needs to be updated through a frontend method;
please see the FAQ <https://wiki.debian.org/Teams/Dpkg/FAQ>
+ echo 'g++-6 hold'
+ dpkg --set-selections
dpkg: warning: package not in status nor available database at line 1: g++-6
dpkg: warning: found unknown packages; this might mean the available database
is outdated, and needs to be updated through a frontend method;
please see the FAQ <https://wiki.debian.org/Teams/Dpkg/FAQ>
+ for VERSION in $VERSIONS
+ rm -f g++-7 gcc-7 cpp-7 gcc
+ ln -s clang++-13 g++-7
+ ln -s clang-13 gcc-7
+ ln -s clang-13 cpp-7
+ ln -s clang-13 gcc
+ echo 'gcc-7 hold'
+ dpkg --set-selections
dpkg: warning: package not in status nor available database at line 1: gcc-7
dpkg: warning: found unknown packages; this might mean the available database
is outdated, and needs to be updated through a frontend method;
please see the FAQ <https://wiki.debian.org/Teams/Dpkg/FAQ>
+ echo 'g++-7 hold'
+ dpkg --set-selections
dpkg: warning: package not in status nor available database at line 1: g++-7
dpkg: warning: found unknown packages; this might mean the available database
is outdated, and needs to be updated through a frontend method;
please see the FAQ <https://wiki.debian.org/Teams/Dpkg/FAQ>
+ for VERSION in $VERSIONS
+ rm -f g++-8 gcc-8 cpp-8 gcc
+ ln -s clang++-13 g++-8
+ ln -s clang-13 gcc-8
+ ln -s clang-13 cpp-8
+ ln -s clang-13 gcc
+ echo 'gcc-8 hold'
+ dpkg --set-selections
dpkg: warning: package not in status nor available database at line 1: gcc-8
dpkg: warning: found unknown packages; this might mean the available database
is outdated, and needs to be updated through a frontend method;
please see the FAQ <https://wiki.debian.org/Teams/Dpkg/FAQ>
+ echo 'g++-8 hold'
+ dpkg --set-selections
dpkg: warning: package not in status nor available database at line 1: g++-8
dpkg: warning: found unknown packages; this might mean the available database
is outdated, and needs to be updated through a frontend method;
please see the FAQ <https://wiki.debian.org/Teams/Dpkg/FAQ>
+ for VERSION in $VERSIONS
+ rm -f g++-9 gcc-9 cpp-9 gcc
+ ln -s clang++-13 g++-9
+ ln -s clang-13 gcc-9
+ ln -s clang-13 cpp-9
+ ln -s clang-13 gcc
+ echo 'gcc-9 hold'
+ dpkg --set-selections
dpkg: warning: package not in status nor available database at line 1: gcc-9
dpkg: warning: found unknown packages; this might mean the available database
is outdated, and needs to be updated through a frontend method;
please see the FAQ <https://wiki.debian.org/Teams/Dpkg/FAQ>
+ echo 'g++-9 hold'
+ dpkg --set-selections
dpkg: warning: package not in status nor available database at line 1: g++-9
dpkg: warning: found unknown packages; this might mean the available database
is outdated, and needs to be updated through a frontend method;
please see the FAQ <https://wiki.debian.org/Teams/Dpkg/FAQ>
+ for VERSION in $VERSIONS
+ rm -f g++-10 gcc-10 cpp-10 gcc
+ ln -s clang++-13 g++-10
+ ln -s clang-13 gcc-10
+ ln -s clang-13 cpp-10
+ ln -s clang-13 gcc
+ echo 'gcc-10 hold'
+ dpkg --set-selections
dpkg: warning: package not in status nor available database at line 1: gcc-10
dpkg: warning: found unknown packages; this might mean the available database
is outdated, and needs to be updated through a frontend method;
please see the FAQ <https://wiki.debian.org/Teams/Dpkg/FAQ>
+ echo 'g++-10 hold'
+ dpkg --set-selections
dpkg: warning: package not in status nor available database at line 1: g++-10
dpkg: warning: found unknown packages; this might mean the available database
is outdated, and needs to be updated through a frontend method;
please see the FAQ <https://wiki.debian.org/Teams/Dpkg/FAQ>
+ for VERSION in $VERSIONS
+ rm -f g++-11 gcc-11 cpp-11 gcc
+ ln -s clang++-13 g++-11
+ ln -s clang-13 gcc-11
+ ln -s clang-13 cpp-11
+ ln -s clang-13 gcc
+ echo 'gcc-11 hold'
+ dpkg --set-selections
+ echo 'g++-11 hold'
+ dpkg --set-selections
+ cd -
/build/ableton-link-1CAjJw
+ echo 'Check if gcc, g++ & cpp are actually clang'
Check if gcc, g++ & cpp are actually clang
+ gcc --version
+ grep clang
+ cpp --version
+ grep clang
+ g++ --version
+ grep clang
+ cd /usr/bin/
+ rm -f clang++ clang
+ ln -s clang-13 clang++
+ ln -s clang-13 clang
+ clang++ --version
Debian clang version 13.0.0-8
Target: x86_64-pc-linux-gnu
Thread model: posix
InstalledDir: /usr/bin
+ clang --version
Debian clang version 13.0.0-8
Target: x86_64-pc-linux-gnu
Thread model: posix
InstalledDir: /usr/bin
+ cd -
/build/ableton-link-1CAjJw
+ apt install --yes --no-install-recommends --force-yes qt5-qmake

WARNING: apt does not have a stable CLI interface. Use with caution in scripts.

Reading package lists...
Building dependency tree...
Reading state information...
The following additional packages will be installed:
  qt5-qmake-bin qtchooser
The following NEW packages will be installed:
  qt5-qmake qt5-qmake-bin qtchooser
0 upgraded, 3 newly installed, 0 to remove and 0 not upgraded.
Need to get 1322 kB of archives.
After this operation, 4914 kB of additional disk space will be used.
Get:1 http://127.0.0.1:12990/debian sid/main amd64 qt5-qmake-bin amd64 5.15.2+dfsg-12 [1046 kB]
Get:2 http://127.0.0.1:12990/debian sid/main amd64 qtchooser amd64 66-2 [26.3 kB]
Get:3 http://127.0.0.1:12990/debian sid/main amd64 qt5-qmake amd64 5.15.2+dfsg-12 [249 kB]
debconf: delaying package configuration, since apt-utils is not installed
Fetched 1322 kB in 0s (55.9 MB/s)
Selecting previously unselected package qt5-qmake-bin.
(Reading database ... (Reading database ... 5%(Reading database ... 10%(Reading database ... 15%(Reading database ... 20%(Reading database ... 25%(Reading database ... 30%(Reading database ... 35%(Reading database ... 40%(Reading database ... 45%(Reading database ... 50%(Reading database ... 55%(Reading database ... 60%(Reading database ... 65%(Reading database ... 70%(Reading database ... 75%(Reading database ... 80%(Reading database ... 85%(Reading database ... 90%(Reading database ... 95%(Reading database ... 100%(Reading database ... 13528 files and directories currently installed.)
Preparing to unpack .../qt5-qmake-bin_5.15.2+dfsg-12_amd64.deb ...
Unpacking qt5-qmake-bin (5.15.2+dfsg-12) ...
Selecting previously unselected package qtchooser.
Preparing to unpack .../qtchooser_66-2_amd64.deb ...
Unpacking qtchooser (66-2) ...
Selecting previously unselected package qt5-qmake:amd64.
Preparing to unpack .../qt5-qmake_5.15.2+dfsg-12_amd64.deb ...
Unpacking qt5-qmake:amd64 (5.15.2+dfsg-12) ...
Setting up qt5-qmake-bin (5.15.2+dfsg-12) ...
Setting up qtchooser (66-2) ...
Setting up qt5-qmake:amd64 (5.15.2+dfsg-12) ...
W: --force-yes is deprecated, use one of the options starting with --allow instead.
+ cp /usr/lib/x86_64-linux-gnu/qt5/mkspecs/linux-clang/qmake.conf /usr/lib/x86_64-linux-gnu/qt5/mkspecs/linux-clang/qplatformdefs.h /usr/lib/x86_64-linux-gnu/qt5/mkspecs/linux-g++/
+ ls -al /usr/lib/x86_64-linux-gnu/qt5/mkspecs/linux-g++/
total 16
drwxr-xr-x  2 root root 4096 Oct 26 22:21 .
drwxr-xr-x 76 root root 4096 Oct 26 22:21 ..
-rw-r--r--  1 root root  276 Oct 26 22:21 qmake.conf
-rw-r--r--  1 root root 3218 Oct 26 22:21 qplatformdefs.h
+ cat /usr/lib/x86_64-linux-gnu/qt5/mkspecs/linux-g++/qmake.conf
#
# qmake configuration for linux-clang
#

MAKEFILE_GENERATOR = UNIX
CONFIG += incremental

QMAKE_INCREMENTAL_STYLE = sublib

include(../common/linux.conf)
include(../common/gcc-base-unix.conf)
include(../common/clang.conf)

QMAKE_LFLAGS += -ccc-gcc-name g++

load(qt_config)
+ export QMAKESPEC=/usr/lib/x86_64-linux-gnu/qt5/mkspecs/linux-clang/
+ QMAKESPEC=/usr/lib/x86_64-linux-gnu/qt5/mkspecs/linux-clang/
+ sed -i -e 's|compare_problem(2,|compare_problem(0,|g' /usr/bin/dpkg-gensymbols
+ sed -i -e 's|compare_problem(1,|compare_problem(0,|g' /usr/bin/dpkg-gensymbols
+ grep 'compare_problem(' /usr/bin/dpkg-gensymbols
        compare_problem(4, g_('new libraries appeared in the symbols file: %s'), "@libs");
        compare_problem(3, g_('some libraries disappeared in the symbols file: %s'), "@libs");
        compare_problem(0, g_('some new symbols appeared in the symbols file: %s'),
        compare_problem(0, g_('some symbols or patterns disappeared in the symbols file: %s'),

I: Finished running '/tmp/clang13'.

Finished processing commands.
--------------------------------------------------------------------------------
I: NOTICE: Log filtering will replace 'build/ableton-link-1CAjJw/resolver-BGnWLQ' with '<<RESOLVERDIR>>'

+------------------------------------------------------------------------------+
| Update chroot                                                                |
+------------------------------------------------------------------------------+

Hit:1 http://127.0.0.1:12990/debian sid InRelease
Reading package lists...
Reading package lists...
Building dependency tree...
Reading state information...
Calculating upgrade...
0 upgraded, 0 newly installed, 0 to remove and 0 not upgraded.

+------------------------------------------------------------------------------+
| Fetch source files                                                           |
+------------------------------------------------------------------------------+


Check APT
---------

Checking available source versions...

Download source files with APT
------------------------------

Reading package lists...
NOTICE: 'ableton-link' packaging is maintained in the 'Git' version control system at:
https://salsa.debian.org/multimedia-team/ableton-link.git
Please use:
git clone https://salsa.debian.org/multimedia-team/ableton-link.git
to retrieve the latest (possibly unreleased) updates to the package.
Need to get 159 kB of source archives.
Get:1 http://127.0.0.1:12990/debian sid/main ableton-link 3.0.3+dfsg-6 (dsc) [2343 B]
Get:2 http://127.0.0.1:12990/debian sid/main ableton-link 3.0.3+dfsg-6 (tar) [150 kB]
Get:3 http://127.0.0.1:12990/debian sid/main ableton-link 3.0.3+dfsg-6 (diff) [6036 B]
Fetched 159 kB in 0s (820 kB/s)
Download complete and in download only mode
I: NOTICE: Log filtering will replace 'build/ableton-link-1CAjJw/ableton-link-3.0.3+dfsg' with '<<PKGBUILDDIR>>'
I: NOTICE: Log filtering will replace 'build/ableton-link-1CAjJw' with '<<BUILDDIR>>'

+------------------------------------------------------------------------------+
| Install package build dependencies                                           |
+------------------------------------------------------------------------------+


Setup apt archive
-----------------

Merged Build-Depends: catch, cmake, debhelper-compat (= 13), libasio-dev, libjack-dev, build-essential, fakeroot
Filtered Build-Depends: catch, cmake, debhelper-compat (= 13), libasio-dev, libjack-dev, build-essential, fakeroot
dpkg-deb: building package 'sbuild-build-depends-main-dummy' in '/<<RESOLVERDIR>>/apt_archive/sbuild-build-depends-main-dummy.deb'.
Ign:1 copy:/<<RESOLVERDIR>>/apt_archive ./ InRelease
Get:2 copy:/<<RESOLVERDIR>>/apt_archive ./ Release [957 B]
Ign:3 copy:/<<RESOLVERDIR>>/apt_archive ./ Release.gpg
Get:4 copy:/<<RESOLVERDIR>>/apt_archive ./ Sources [391 B]
Get:5 copy:/<<RESOLVERDIR>>/apt_archive ./ Packages [473 B]
Fetched 1821 B in 0s (179 kB/s)
Reading package lists...
Reading package lists...

Install main build dependencies (apt-based resolver)
----------------------------------------------------

Installing build dependencies
Reading package lists...
Building dependency tree...
Reading state information...
The following additional packages will be installed:
  autoconf automake autopoint autotools-dev bsdextrautils catch cmake
  cmake-data debhelper dh-autoreconf dh-elpa-helper dh-strip-nondeterminism
  dwz emacsen-common file gettext gettext-base groff-base intltool-debian
  libarchive-zip-perl libarchive13 libasio-dev libbrotli1 libcurl4
  libdebhelper-perl libelf1 libexpat1 libfile-stripnondeterminism-perl
  libglib2.0-0 libjack-dev libjack0 libjsoncpp24 libldap-2.4-2 libmagic-mgc
  libmagic1 libncurses6 libncursesw6 libnghttp2-14 libpipeline1 libprocps8
  libpsl5 librhash0 librtmp1 libsasl2-2 libsasl2-modules-db libsigsegv2
  libssh2-1 libsub-override-perl libtool libuchardet0 libuv1 m4 man-db
  pkg-config po-debconf procps sensible-utils uuid-dev
Suggested packages:
  autoconf-archive gnu-standards autoconf-doc cmake-doc ninja-build dh-make
  gettext-doc libasprintf-dev libgettextpo-dev groff lrzip jackd1 libtool-doc
  gfortran | fortran95-compiler gcj-jdk m4-doc apparmor less www-browser
  libmail-box-perl
Recommended packages:
  curl | wget | lynx libboost-regex-dev libssl-dev libboost-dev
  libboost-date-time-dev ca-certificates libarchive-cpio-perl libglib2.0-data
  shared-mime-info xdg-user-dirs libldap-common libgpm2 publicsuffix
  libsasl2-modules libltdl-dev libmail-sendmail-perl psmisc
The following NEW packages will be installed:
  autoconf automake autopoint autotools-dev bsdextrautils catch cmake
  cmake-data debhelper dh-autoreconf dh-elpa-helper dh-strip-nondeterminism
  dwz emacsen-common file gettext gettext-base groff-base intltool-debian
  libarchive-zip-perl libarchive13 libasio-dev libbrotli1 libcurl4
  libdebhelper-perl libelf1 libexpat1 libfile-stripnondeterminism-perl
  libglib2.0-0 libjack-dev libjack0 libjsoncpp24 libldap-2.4-2 libmagic-mgc
  libmagic1 libncurses6 libncursesw6 libnghttp2-14 libpipeline1 libprocps8
  libpsl5 librhash0 librtmp1 libsasl2-2 libsasl2-modules-db libsigsegv2
  libssh2-1 libsub-override-perl libtool libuchardet0 libuv1 m4 man-db
  pkg-config po-debconf procps sbuild-build-depends-main-dummy sensible-utils
  uuid-dev
0 upgraded, 59 newly installed, 0 to remove and 0 not upgraded.
Need to get 24.2 MB of archives.
After this operation, 89.6 MB of additional disk space will be used.
Get:1 copy:/<<RESOLVERDIR>>/apt_archive ./ sbuild-build-depends-main-dummy 0.invalid.0 [896 B]
Get:2 http://127.0.0.1:12990/debian sid/main amd64 bsdextrautils amd64 2.37.2-4 [143 kB]
Get:3 http://127.0.0.1:12990/debian sid/main amd64 libuchardet0 amd64 0.0.7-1 [67.8 kB]
Get:4 http://127.0.0.1:12990/debian sid/main amd64 groff-base amd64 1.22.4-7 [935 kB]
Get:5 http://127.0.0.1:12990/debian sid/main amd64 libpipeline1 amd64 1.5.3-1 [34.3 kB]
Get:6 http://127.0.0.1:12990/debian sid/main amd64 man-db amd64 2.9.4-2 [1354 kB]
Get:7 http://127.0.0.1:12990/debian sid/main amd64 libncurses6 amd64 6.2+20210905-1 [102 kB]
Get:8 http://127.0.0.1:12990/debian sid/main amd64 libncursesw6 amd64 6.2+20210905-1 [133 kB]
Get:9 http://127.0.0.1:12990/debian sid/main amd64 libprocps8 amd64 2:3.3.17-5 [63.9 kB]
Get:10 http://127.0.0.1:12990/debian sid/main amd64 procps amd64 2:3.3.17-5 [502 kB]
Get:11 http://127.0.0.1:12990/debian sid/main amd64 sensible-utils all 0.0.17 [21.5 kB]
Get:12 http://127.0.0.1:12990/debian sid/main amd64 libmagic-mgc amd64 1:5.39-3 [273 kB]
Get:13 http://127.0.0.1:12990/debian sid/main amd64 libmagic1 amd64 1:5.39-3 [126 kB]
Get:14 http://127.0.0.1:12990/debian sid/main amd64 file amd64 1:5.39-3 [69.1 kB]
Get:15 http://127.0.0.1:12990/debian sid/main amd64 gettext-base amd64 0.21-4 [175 kB]
Get:16 http://127.0.0.1:12990/debian sid/main amd64 libsigsegv2 amd64 2.13-1 [34.8 kB]
Get:17 http://127.0.0.1:12990/debian sid/main amd64 m4 amd64 1.4.18-5 [204 kB]
Get:18 http://127.0.0.1:12990/debian sid/main amd64 autoconf all 2.71-2 [343 kB]
Get:19 http://127.0.0.1:12990/debian sid/main amd64 autotools-dev all 20180224.1+nmu1 [77.1 kB]
Get:20 http://127.0.0.1:12990/debian sid/main amd64 automake all 1:1.16.5-1 [823 kB]
Get:21 http://127.0.0.1:12990/debian sid/main amd64 autopoint all 0.21-4 [510 kB]
Get:22 http://127.0.0.1:12990/debian sid/main amd64 catch amd64 1.12.1-1.1 [114 kB]
Get:23 http://127.0.0.1:12990/debian sid/main amd64 libarchive13 amd64 3.4.3-2+b1 [343 kB]
Get:24 http://127.0.0.1:12990/debian sid/main amd64 libbrotli1 amd64 1.0.9-2+b2 [279 kB]
Get:25 http://127.0.0.1:12990/debian sid/main amd64 libsasl2-modules-db amd64 2.1.27+dfsg-2.1 [69.1 kB]
Get:26 http://127.0.0.1:12990/debian sid/main amd64 libsasl2-2 amd64 2.1.27+dfsg-2.1 [106 kB]
Get:27 http://127.0.0.1:12990/debian sid/main amd64 libldap-2.4-2 amd64 2.4.59+dfsg-1 [232 kB]
Get:28 http://127.0.0.1:12990/debian sid/main amd64 libnghttp2-14 amd64 1.43.0-1 [77.1 kB]
Get:29 http://127.0.0.1:12990/debian sid/main amd64 libpsl5 amd64 0.21.0-1.2 [57.3 kB]
Get:30 http://127.0.0.1:12990/debian sid/main amd64 librtmp1 amd64 2.4+20151223.gitfa8646d.1-2+b2 [60.8 kB]
Get:31 http://127.0.0.1:12990/debian sid/main amd64 libssh2-1 amd64 1.10.0-2 [178 kB]
Get:32 http://127.0.0.1:12990/debian sid/main amd64 libcurl4 amd64 7.74.0-1.3+b1 [341 kB]
Get:33 http://127.0.0.1:12990/debian sid/main amd64 libexpat1 amd64 2.4.1-3 [104 kB]
Get:34 http://127.0.0.1:12990/debian sid/main amd64 libjsoncpp24 amd64 1.9.4-5 [78.8 kB]
Get:35 http://127.0.0.1:12990/debian sid/main amd64 librhash0 amd64 1.4.2-1 [129 kB]
Get:36 http://127.0.0.1:12990/debian sid/main amd64 libuv1 amd64 1.42.0-1 [135 kB]
Get:37 http://127.0.0.1:12990/debian sid/main amd64 dh-elpa-helper all 2.0.9 [11.2 kB]
Get:38 http://127.0.0.1:12990/debian sid/main amd64 emacsen-common all 3.0.4 [19.3 kB]
Get:39 http://127.0.0.1:12990/debian sid/main amd64 cmake-data all 3.21.3-5 [1878 kB]
Get:40 http://127.0.0.1:12990/debian sid/main amd64 cmake amd64 3.21.3-5 [7907 kB]
Get:41 http://127.0.0.1:12990/debian sid/main amd64 libdebhelper-perl all 13.5.2 [192 kB]
Get:42 http://127.0.0.1:12990/debian sid/main amd64 libtool all 2.4.6-15 [513 kB]
Get:43 http://127.0.0.1:12990/debian sid/main amd64 dh-autoreconf all 20 [17.1 kB]
Get:44 http://127.0.0.1:12990/debian sid/main amd64 libarchive-zip-perl all 1.68-1 [104 kB]
Get:45 http://127.0.0.1:12990/debian sid/main amd64 libsub-override-perl all 0.09-2 [10.2 kB]
Get:46 http://127.0.0.1:12990/debian sid/main amd64 libfile-stripnondeterminism-perl all 1.12.0-2 [26.3 kB]
Get:47 http://127.0.0.1:12990/debian sid/main amd64 dh-strip-nondeterminism all 1.12.0-2 [15.5 kB]
Get:48 http://127.0.0.1:12990/debian sid/main amd64 libelf1 amd64 0.185-2 [172 kB]
Get:49 http://127.0.0.1:12990/debian sid/main amd64 dwz amd64 0.14-1 [98.3 kB]
Get:50 http://127.0.0.1:12990/debian sid/main amd64 gettext amd64 0.21-4 [1311 kB]
Get:51 http://127.0.0.1:12990/debian sid/main amd64 intltool-debian all 0.35.0+20060710.5 [26.8 kB]
Get:52 http://127.0.0.1:12990/debian sid/main amd64 po-debconf all 1.0.21+nmu1 [248 kB]
Get:53 http://127.0.0.1:12990/debian sid/main amd64 debhelper all 13.5.2 [1056 kB]
Get:54 http://127.0.0.1:12990/debian sid/main amd64 libasio-dev all 1:1.18.1-1 [354 kB]
Get:55 http://127.0.0.1:12990/debian sid/main amd64 libglib2.0-0 amd64 2.70.0-3 [1401 kB]
Get:56 http://127.0.0.1:12990/debian sid/main amd64 libjack0 amd64 1:0.125.0-3+b1 [107 kB]
Get:57 http://127.0.0.1:12990/debian sid/main amd64 pkg-config amd64 0.29.2-1 [65.1 kB]
Get:58 http://127.0.0.1:12990/debian sid/main amd64 uuid-dev amd64 2.37.2-4 [95.8 kB]
Get:59 http://127.0.0.1:12990/debian sid/main amd64 libjack-dev amd64 1:0.125.0-3+b1 [225 kB]
debconf: delaying package configuration, since apt-utils is not installed
Fetched 24.2 MB in 0s (134 MB/s)
Selecting previously unselected package bsdextrautils.
(Reading database ... 14273 files and directories currently installed.)
Preparing to unpack .../00-bsdextrautils_2.37.2-4_amd64.deb ...
Unpacking bsdextrautils (2.37.2-4) ...
Selecting previously unselected package libuchardet0:amd64.
Preparing to unpack .../01-libuchardet0_0.0.7-1_amd64.deb ...
Unpacking libuchardet0:amd64 (0.0.7-1) ...
Selecting previously unselected package groff-base.
Preparing to unpack .../02-groff-base_1.22.4-7_amd64.deb ...
Unpacking groff-base (1.22.4-7) ...
Selecting previously unselected package libpipeline1:amd64.
Preparing to unpack .../03-libpipeline1_1.5.3-1_amd64.deb ...
Unpacking libpipeline1:amd64 (1.5.3-1) ...
Selecting previously unselected package man-db.
Preparing to unpack .../04-man-db_2.9.4-2_amd64.deb ...
Unpacking man-db (2.9.4-2) ...
Selecting previously unselected package libncurses6:amd64.
Preparing to unpack .../05-libncurses6_6.2+20210905-1_amd64.deb ...
Unpacking libncurses6:amd64 (6.2+20210905-1) ...
Selecting previously unselected package libncursesw6:amd64.
Preparing to unpack .../06-libncursesw6_6.2+20210905-1_amd64.deb ...
Unpacking libncursesw6:amd64 (6.2+20210905-1) ...
Selecting previously unselected package libprocps8:amd64.
Preparing to unpack .../07-libprocps8_2%3a3.3.17-5_amd64.deb ...
Unpacking libprocps8:amd64 (2:3.3.17-5) ...
Selecting previously unselected package procps.
Preparing to unpack .../08-procps_2%3a3.3.17-5_amd64.deb ...
Unpacking procps (2:3.3.17-5) ...
Selecting previously unselected package sensible-utils.
Preparing to unpack .../09-sensible-utils_0.0.17_all.deb ...
Unpacking sensible-utils (0.0.17) ...
Selecting previously unselected package libmagic-mgc.
Preparing to unpack .../10-libmagic-mgc_1%3a5.39-3_amd64.deb ...
Unpacking libmagic-mgc (1:5.39-3) ...
Selecting previously unselected package libmagic1:amd64.
Preparing to unpack .../11-libmagic1_1%3a5.39-3_amd64.deb ...
Unpacking libmagic1:amd64 (1:5.39-3) ...
Selecting previously unselected package file.
Preparing to unpack .../12-file_1%3a5.39-3_amd64.deb ...
Unpacking file (1:5.39-3) ...
Selecting previously unselected package gettext-base.
Preparing to unpack .../13-gettext-base_0.21-4_amd64.deb ...
Unpacking gettext-base (0.21-4) ...
Selecting previously unselected package libsigsegv2:amd64.
Preparing to unpack .../14-libsigsegv2_2.13-1_amd64.deb ...
Unpacking libsigsegv2:amd64 (2.13-1) ...
Selecting previously unselected package m4.
Preparing to unpack .../15-m4_1.4.18-5_amd64.deb ...
Unpacking m4 (1.4.18-5) ...
Selecting previously unselected package autoconf.
Preparing to unpack .../16-autoconf_2.71-2_all.deb ...
Unpacking autoconf (2.71-2) ...
Selecting previously unselected package autotools-dev.
Preparing to unpack .../17-autotools-dev_20180224.1+nmu1_all.deb ...
Unpacking autotools-dev (20180224.1+nmu1) ...
Selecting previously unselected package automake.
Preparing to unpack .../18-automake_1%3a1.16.5-1_all.deb ...
Unpacking automake (1:1.16.5-1) ...
Selecting previously unselected package autopoint.
Preparing to unpack .../19-autopoint_0.21-4_all.deb ...
Unpacking autopoint (0.21-4) ...
Selecting previously unselected package catch.
Preparing to unpack .../20-catch_1.12.1-1.1_amd64.deb ...
Unpacking catch (1.12.1-1.1) ...
Selecting previously unselected package libarchive13:amd64.
Preparing to unpack .../21-libarchive13_3.4.3-2+b1_amd64.deb ...
Unpacking libarchive13:amd64 (3.4.3-2+b1) ...
Selecting previously unselected package libbrotli1:amd64.
Preparing to unpack .../22-libbrotli1_1.0.9-2+b2_amd64.deb ...
Unpacking libbrotli1:amd64 (1.0.9-2+b2) ...
Selecting previously unselected package libsasl2-modules-db:amd64.
Preparing to unpack .../23-libsasl2-modules-db_2.1.27+dfsg-2.1_amd64.deb ...
Unpacking libsasl2-modules-db:amd64 (2.1.27+dfsg-2.1) ...
Selecting previously unselected package libsasl2-2:amd64.
Preparing to unpack .../24-libsasl2-2_2.1.27+dfsg-2.1_amd64.deb ...
Unpacking libsasl2-2:amd64 (2.1.27+dfsg-2.1) ...
Selecting previously unselected package libldap-2.4-2:amd64.
Preparing to unpack .../25-libldap-2.4-2_2.4.59+dfsg-1_amd64.deb ...
Unpacking libldap-2.4-2:amd64 (2.4.59+dfsg-1) ...
Selecting previously unselected package libnghttp2-14:amd64.
Preparing to unpack .../26-libnghttp2-14_1.43.0-1_amd64.deb ...
Unpacking libnghttp2-14:amd64 (1.43.0-1) ...
Selecting previously unselected package libpsl5:amd64.
Preparing to unpack .../27-libpsl5_0.21.0-1.2_amd64.deb ...
Unpacking libpsl5:amd64 (0.21.0-1.2) ...
Selecting previously unselected package librtmp1:amd64.
Preparing to unpack .../28-librtmp1_2.4+20151223.gitfa8646d.1-2+b2_amd64.deb ...
Unpacking librtmp1:amd64 (2.4+20151223.gitfa8646d.1-2+b2) ...
Selecting previously unselected package libssh2-1:amd64.
Preparing to unpack .../29-libssh2-1_1.10.0-2_amd64.deb ...
Unpacking libssh2-1:amd64 (1.10.0-2) ...
Selecting previously unselected package libcurl4:amd64.
Preparing to unpack .../30-libcurl4_7.74.0-1.3+b1_amd64.deb ...
Unpacking libcurl4:amd64 (7.74.0-1.3+b1) ...
Selecting previously unselected package libexpat1:amd64.
Preparing to unpack .../31-libexpat1_2.4.1-3_amd64.deb ...
Unpacking libexpat1:amd64 (2.4.1-3) ...
Selecting previously unselected package libjsoncpp24:amd64.
Preparing to unpack .../32-libjsoncpp24_1.9.4-5_amd64.deb ...
Unpacking libjsoncpp24:amd64 (1.9.4-5) ...
Selecting previously unselected package librhash0:amd64.
Preparing to unpack .../33-librhash0_1.4.2-1_amd64.deb ...
Unpacking librhash0:amd64 (1.4.2-1) ...
Selecting previously unselected package libuv1:amd64.
Preparing to unpack .../34-libuv1_1.42.0-1_amd64.deb ...
Unpacking libuv1:amd64 (1.42.0-1) ...
Selecting previously unselected package dh-elpa-helper.
Preparing to unpack .../35-dh-elpa-helper_2.0.9_all.deb ...
Unpacking dh-elpa-helper (2.0.9) ...
Selecting previously unselected package emacsen-common.
Preparing to unpack .../36-emacsen-common_3.0.4_all.deb ...
Unpacking emacsen-common (3.0.4) ...
Selecting previously unselected package cmake-data.
Preparing to unpack .../37-cmake-data_3.21.3-5_all.deb ...
Unpacking cmake-data (3.21.3-5) ...
Selecting previously unselected package cmake.
Preparing to unpack .../38-cmake_3.21.3-5_amd64.deb ...
Unpacking cmake (3.21.3-5) ...
Selecting previously unselected package libdebhelper-perl.
Preparing to unpack .../39-libdebhelper-perl_13.5.2_all.deb ...
Unpacking libdebhelper-perl (13.5.2) ...
Selecting previously unselected package libtool.
Preparing to unpack .../40-libtool_2.4.6-15_all.deb ...
Unpacking libtool (2.4.6-15) ...
Selecting previously unselected package dh-autoreconf.
Preparing to unpack .../41-dh-autoreconf_20_all.deb ...
Unpacking dh-autoreconf (20) ...
Selecting previously unselected package libarchive-zip-perl.
Preparing to unpack .../42-libarchive-zip-perl_1.68-1_all.deb ...
Unpacking libarchive-zip-perl (1.68-1) ...
Selecting previously unselected package libsub-override-perl.
Preparing to unpack .../43-libsub-override-perl_0.09-2_all.deb ...
Unpacking libsub-override-perl (0.09-2) ...
Selecting previously unselected package libfile-stripnondeterminism-perl.
Preparing to unpack .../44-libfile-stripnondeterminism-perl_1.12.0-2_all.deb ...
Unpacking libfile-stripnondeterminism-perl (1.12.0-2) ...
Selecting previously unselected package dh-strip-nondeterminism.
Preparing to unpack .../45-dh-strip-nondeterminism_1.12.0-2_all.deb ...
Unpacking dh-strip-nondeterminism (1.12.0-2) ...
Selecting previously unselected package libelf1:amd64.
Preparing to unpack .../46-libelf1_0.185-2_amd64.deb ...
Unpacking libelf1:amd64 (0.185-2) ...
Selecting previously unselected package dwz.
Preparing to unpack .../47-dwz_0.14-1_amd64.deb ...
Unpacking dwz (0.14-1) ...
Selecting previously unselected package gettext.
Preparing to unpack .../48-gettext_0.21-4_amd64.deb ...
Unpacking gettext (0.21-4) ...
Selecting previously unselected package intltool-debian.
Preparing to unpack .../49-intltool-debian_0.35.0+20060710.5_all.deb ...
Unpacking intltool-debian (0.35.0+20060710.5) ...
Selecting previously unselected package po-debconf.
Preparing to unpack .../50-po-debconf_1.0.21+nmu1_all.deb ...
Unpacking po-debconf (1.0.21+nmu1) ...
Selecting previously unselected package debhelper.
Preparing to unpack .../51-debhelper_13.5.2_all.deb ...
Unpacking debhelper (13.5.2) ...
Selecting previously unselected package libasio-dev.
Preparing to unpack .../52-libasio-dev_1%3a1.18.1-1_all.deb ...
Unpacking libasio-dev (1:1.18.1-1) ...
Selecting previously unselected package libglib2.0-0:amd64.
Preparing to unpack .../53-libglib2.0-0_2.70.0-3_amd64.deb ...
Unpacking libglib2.0-0:amd64 (2.70.0-3) ...
Selecting previously unselected package libjack0:amd64.
Preparing to unpack .../54-libjack0_1%3a0.125.0-3+b1_amd64.deb ...
Unpacking libjack0:amd64 (1:0.125.0-3+b1) ...
Selecting previously unselected package pkg-config.
Preparing to unpack .../55-pkg-config_0.29.2-1_amd64.deb ...
Unpacking pkg-config (0.29.2-1) ...
Selecting previously unselected package uuid-dev:amd64.
Preparing to unpack .../56-uuid-dev_2.37.2-4_amd64.deb ...
Unpacking uuid-dev:amd64 (2.37.2-4) ...
Selecting previously unselected package libjack-dev.
Preparing to unpack .../57-libjack-dev_1%3a0.125.0-3+b1_amd64.deb ...
Unpacking libjack-dev (1:0.125.0-3+b1) ...
Selecting previously unselected package sbuild-build-depends-main-dummy.
Preparing to unpack .../58-sbuild-build-depends-main-dummy_0.invalid.0_amd64.deb ...
Unpacking sbuild-build-depends-main-dummy (0.invalid.0) ...
Setting up libexpat1:amd64 (2.4.1-3) ...
Setting up libpipeline1:amd64 (1.5.3-1) ...
Setting up libpsl5:amd64 (0.21.0-1.2) ...
Setting up bsdextrautils (2.37.2-4) ...
update-alternatives: using /usr/bin/write.ul to provide /usr/bin/write (write) in auto mode
Setting up libmagic-mgc (1:5.39-3) ...
Setting up libarchive13:amd64 (3.4.3-2+b1) ...
Setting up libarchive-zip-perl (1.68-1) ...
Setting up libglib2.0-0:amd64 (2.70.0-3) ...
No schema files found: doing nothing.
Setting up libdebhelper-perl (13.5.2) ...
Setting up libbrotli1:amd64 (1.0.9-2+b2) ...
Setting up libnghttp2-14:amd64 (1.43.0-1) ...
Setting up libmagic1:amd64 (1:5.39-3) ...
Setting up gettext-base (0.21-4) ...
Setting up file (1:5.39-3) ...
Setting up libsasl2-modules-db:amd64 (2.1.27+dfsg-2.1) ...
Setting up autotools-dev (20180224.1+nmu1) ...
Setting up libuv1:amd64 (1.42.0-1) ...
Setting up emacsen-common (3.0.4) ...
Setting up librtmp1:amd64 (2.4+20151223.gitfa8646d.1-2+b2) ...
Setting up dh-elpa-helper (2.0.9) ...
Setting up libjack0:amd64 (1:0.125.0-3+b1) ...
Setting up uuid-dev:amd64 (2.37.2-4) ...
Setting up libncurses6:amd64 (6.2+20210905-1) ...
Setting up libsigsegv2:amd64 (2.13-1) ...
Setting up autopoint (0.21-4) ...
Setting up pkg-config (0.29.2-1) ...
Setting up libncursesw6:amd64 (6.2+20210905-1) ...
Setting up libsasl2-2:amd64 (2.1.27+dfsg-2.1) ...
Setting up libjsoncpp24:amd64 (1.9.4-5) ...
Setting up sensible-utils (0.0.17) ...
Setting up librhash0:amd64 (1.4.2-1) ...
Setting up libuchardet0:amd64 (0.0.7-1) ...
Setting up catch (1.12.1-1.1) ...
Setting up libsub-override-perl (0.09-2) ...
Setting up libssh2-1:amd64 (1.10.0-2) ...
Setting up cmake-data (3.21.3-5) ...
Setting up libjack-dev (1:0.125.0-3+b1) ...
Setting up libasio-dev (1:1.18.1-1) ...
Setting up libelf1:amd64 (0.185-2) ...
Setting up libprocps8:amd64 (2:3.3.17-5) ...
Setting up libfile-stripnondeterminism-perl (1.12.0-2) ...
Setting up gettext (0.21-4) ...
Setting up libtool (2.4.6-15) ...
Setting up libldap-2.4-2:amd64 (2.4.59+dfsg-1) ...
Setting up m4 (1.4.18-5) ...
Setting up intltool-debian (0.35.0+20060710.5) ...
Setting up autoconf (2.71-2) ...
Setting up dh-strip-nondeterminism (1.12.0-2) ...
Setting up dwz (0.14-1) ...
Setting up groff-base (1.22.4-7) ...
Setting up procps (2:3.3.17-5) ...
Setting up libcurl4:amd64 (7.74.0-1.3+b1) ...
Setting up automake (1:1.16.5-1) ...
update-alternatives: using /usr/bin/automake-1.16 to provide /usr/bin/automake (automake) in auto mode
Setting up po-debconf (1.0.21+nmu1) ...
Setting up man-db (2.9.4-2) ...
Not building database; man-db/auto-update is not 'true'.
Setting up dh-autoreconf (20) ...
Setting up cmake (3.21.3-5) ...
Setting up debhelper (13.5.2) ...
Setting up sbuild-build-depends-main-dummy (0.invalid.0) ...
Processing triggers for libc-bin (2.32-4) ...

+------------------------------------------------------------------------------+
| Check architectures                                                          |
+------------------------------------------------------------------------------+

Arch check ok (amd64 included in any all)

+------------------------------------------------------------------------------+
| Build environment                                                            |
+------------------------------------------------------------------------------+

Kernel: Linux 4.19.0-6-cloud-amd64 #1 SMP Debian 4.19.67-2+deb10u2 (2019-11-11) amd64 (x86_64)
Toolchain package versions: binutils_2.37-7 dpkg-dev_1.20.9 g++-11_11.2.0-10 gcc-11_11.2.0-10 libc6-dev_2.32-4 libstdc++-11-dev_11.2.0-10 libstdc++6_11.2.0-10 linux-libc-dev_5.14.12-1
Package versions: adduser_3.118 apt_2.3.11 autoconf_2.71-2 automake_1:1.16.5-1 autopoint_0.21-4 autotools-dev_20180224.1+nmu1 base-files_12 base-passwd_3.5.52 bash_5.1-3+b2 binutils_2.37-7 binutils-common_2.37-7 binutils-x86-64-linux-gnu_2.37-7 bsdextrautils_2.37.2-4 bsdutils_1:2.37.2-4 build-essential_12.9 bzip2_1.0.8-4 catch_1.12.1-1.1 clang-13_1:13.0.0-8 cmake_3.21.3-5 cmake-data_3.21.3-5 coreutils_8.32-4+b1 cpp_4:11.2.0-2 cpp-11_11.2.0-10 dash_0.5.11+git20210120+802ebd4-2 debconf_1.5.78 debhelper_13.5.2 debian-archive-keyring_2021.1.1 debianutils_5.5-1 dh-autoreconf_20 dh-elpa-helper_2.0.9 dh-strip-nondeterminism_1.12.0-2 diffutils_1:3.7-5 dpkg_1.20.9 dpkg-dev_1.20.9 dwz_0.14-1 e2fsprogs_1.46.4-1 emacsen-common_3.0.4 fakeroot_1.26-1 file_1:5.39-3 findutils_4.8.0-1 g++_4:11.2.0-2 g++-11_11.2.0-10 gcc_4:11.2.0-2 gcc-10-base_10.3.0-11 gcc-11_11.2.0-10 gcc-11-base_11.2.0-10 gcc-9-base_9.4.0-3 gettext_0.21-4 gettext-base_0.21-4 gpgv_2.2.27-2 grep_3.7-1 groff-base_1.22.4-7 gzip_1.10-4 hostname_3.23 init-system-helpers_1.60 intltool-debian_0.35.0+20060710.5 lib32gcc-s1_11.2.0-10 lib32stdc++6_11.2.0-10 libacl1_2.3.1-1 libapt-pkg6.0_2.3.11 libarchive-zip-perl_1.68-1 libarchive13_3.4.3-2+b1 libasan5_9.4.0-3 libasan6_11.2.0-10 libasio-dev_1:1.18.1-1 libatomic1_11.2.0-10 libattr1_1:2.5.1-1 libaudit-common_1:3.0.6-1 libaudit1_1:3.0.6-1 libbinutils_2.37-7 libblkid1_2.37.2-4 libbrotli1_1.0.9-2+b2 libbsd0_0.11.3-1 libbz2-1.0_1.0.8-4 libc-bin_2.32-4 libc-dev-bin_2.32-4 libc6_2.32-4 libc6-dev_2.32-4 libc6-i386_2.32-4 libcap-ng0_0.7.9-2.2+b1 libcap2_1:2.44-1 libcc1-0_11.2.0-10 libclang-common-13-dev_1:13.0.0-8 libclang-cpp13_1:13.0.0-8 libclang1-13_1:13.0.0-8 libcom-err2_1.46.4-1 libcrypt-dev_1:4.4.25-2 libcrypt1_1:4.4.25-2 libctf-nobfd0_2.37-7 libctf0_2.37-7 libcurl4_7.74.0-1.3+b1 libdb5.3_5.3.28+dfsg1-0.8 libdebconfclient0_0.260 libdebhelper-perl_13.5.2 libdpkg-perl_1.20.9 libedit2_3.1-20210910-1 libelf1_0.185-2 libexpat1_2.4.1-3 libext2fs2_1.46.4-1 libfakeroot_1.26-1 libffi8_3.4.2-3 libfile-stripnondeterminism-perl_1.12.0-2 libgc1_1:8.0.4-3 libgcc-11-dev_11.2.0-10 libgcc-9-dev_9.4.0-3 libgcc-s1_11.2.0-10 libgcrypt20_1.9.4-3+b1 libgdbm-compat4_1.22-1 libgdbm6_1.22-1 libglib2.0-0_2.70.0-3 libgmp10_2:6.2.1+dfsg-2 libgnutls30_3.7.2-2 libgomp1_11.2.0-10 libgpg-error0_1.42-3 libgssapi-krb5-2_1.18.3-7 libhogweed6_3.7.3-1 libicu67_67.1-7 libidn2-0_2.3.2-2 libisl23_0.24-2 libitm1_11.2.0-10 libjack-dev_1:0.125.0-3+b1 libjack0_1:0.125.0-3+b1 libjsoncpp24_1.9.4-5 libk5crypto3_1.18.3-7 libkeyutils1_1.6.1-2 libkrb5-3_1.18.3-7 libkrb5support0_1.18.3-7 libldap-2.4-2_2.4.59+dfsg-1 libllvm13_1:13.0.0-8 liblsan0_11.2.0-10 liblz4-1_1.9.3-2 liblzma5_5.2.5-2 libmagic-mgc_1:5.39-3 libmagic1_1:5.39-3 libmd0_1.0.4-1 libmount1_2.37.2-4 libmpc3_1.2.1-1 libmpfr6_4.1.0-3 libncurses6_6.2+20210905-1 libncursesw6_6.2+20210905-1 libnettle8_3.7.3-1 libnghttp2-14_1.43.0-1 libnsl-dev_1.3.0-2 libnsl2_1.3.0-2 libobjc-11-dev_11.2.0-10 libobjc-9-dev_9.4.0-3 libobjc4_11.2.0-10 libomp-13-dev_1:13.0.0-8 libomp5-13_1:13.0.0-8 libp11-kit0_0.24.0-5 libpam-modules_1.4.0-10 libpam-modules-bin_1.4.0-10 libpam-runtime_1.4.0-10 libpam0g_1.4.0-10 libpcre2-8-0_10.36-2 libpcre3_2:8.39-13 libperl5.32_5.32.1-6 libpipeline1_1.5.3-1 libprocps8_2:3.3.17-5 libpsl5_0.21.0-1.2 libquadmath0_11.2.0-10 librhash0_1.4.2-1 librtmp1_2.4+20151223.gitfa8646d.1-2+b2 libsasl2-2_2.1.27+dfsg-2.1 libsasl2-modules-db_2.1.27+dfsg-2.1 libseccomp2_2.5.2-2 libselinux1_3.1-3 libsemanage-common_3.1-1 libsemanage1_3.1-1+b2 libsepol1_3.1-1 libsigsegv2_2.13-1 libsmartcols1_2.37.2-4 libss2_1.46.4-1 libssh2-1_1.10.0-2 libssl1.1_1.1.1l-1 libstdc++-11-dev_11.2.0-10 libstdc++6_11.2.0-10 libsub-override-perl_0.09-2 libsystemd0_249.5-1 libtasn1-6_4.17.0-2 libtinfo6_6.2+20210905-1 libtirpc-common_1.3.2-2 libtirpc-dev_1.3.2-2 libtirpc3_1.3.2-2 libtool_2.4.6-15 libtsan0_11.2.0-10 libubsan1_11.2.0-10 libuchardet0_0.0.7-1 libudev1_249.5-1 libunistring2_0.9.10-6 libuuid1_2.37.2-4 libuv1_1.42.0-1 libxml2_2.9.12+dfsg-5 libxxhash0_0.8.0-2 libz3-4_4.8.12-1+b1 libzstd1_1.4.8+dfsg-3 linux-libc-dev_5.14.12-1 login_1:4.8.1-1 logsave_1.46.4-1 lsb-base_11.1.0 m4_1.4.18-5 make_4.3-4.1 man-db_2.9.4-2 mawk_1.3.4.20200120-2 mount_2.37.2-4 ncurses-base_6.2+20210905-1 ncurses-bin_6.2+20210905-1 passwd_1:4.8.1-1 patch_2.7.6-7 perl_5.32.1-6 perl-base_5.32.1-6 perl-modules-5.32_5.32.1-6 pkg-config_0.29.2-1 po-debconf_1.0.21+nmu1 procps_2:3.3.17-5 qt5-qmake_5.15.2+dfsg-12 qt5-qmake-bin_5.15.2+dfsg-12 qtchooser_66-2 rpcsvc-proto_1.4.2-4 sbuild-build-depends-main-dummy_0.invalid.0 sed_4.8-1 sensible-utils_0.0.17 sysvinit-utils_3.00-1 tar_1.34+dfsg-1 tzdata_2021e-1 util-linux_2.37.2-4 uuid-dev_2.37.2-4 xz-utils_5.2.5-2 zlib1g_1:1.2.11.dfsg-2

+------------------------------------------------------------------------------+
| Build                                                                        |
+------------------------------------------------------------------------------+


Unpack source
-------------

-----BEGIN PGP SIGNED MESSAGE-----
Hash: SHA256

Format: 3.0 (quilt)
Source: ableton-link
Binary: ableton-link-dev, ableton-link-utils
Architecture: any all
Version: 3.0.3+dfsg-6
Maintainer: Debian Multimedia Maintainers <debian-multimedia@lists.debian.org>
Uploaders: IOhannes m zmlnig (Debian/GNU) <umlaeute@debian.org>,
Homepage: https://www.ableton.com/en/link/
Standards-Version: 4.6.0
Vcs-Browser: https://salsa.debian.org/multimedia-team/ableton-link
Vcs-Git: https://salsa.debian.org/multimedia-team/ableton-link.git
Testsuite: autopkgtest
Testsuite-Triggers: build-essential, cmake, portaudio19-dev
Build-Depends: catch, cmake, debhelper-compat (= 13), libasio-dev, libjack-dev
Package-List:
 ableton-link-dev deb sound optional arch=all
 ableton-link-utils deb sound optional arch=any
Checksums-Sha1:
 d242cdb526674d3f24cc99f76a54bbedc61fc0c3 150348 ableton-link_3.0.3+dfsg.orig.tar.xz
 11eabfe513934d7cab1f2c10095016b6dcc8363b 6036 ableton-link_3.0.3+dfsg-6.debian.tar.xz
Checksums-Sha256:
 3f63270036f70252ca65be9671069956429fee37acca92b91ad59218b5a974c8 150348 ableton-link_3.0.3+dfsg.orig.tar.xz
 d9d0aaa46093875ea6928c88ca4dd00d529193f56250d8afa06070a3feccbc65 6036 ableton-link_3.0.3+dfsg-6.debian.tar.xz
Files:
 aaf5d5af06cc38e0a1582976f7252729 150348 ableton-link_3.0.3+dfsg.orig.tar.xz
 67589517d2828b27df7aa7da2e45336e 6036 ableton-link_3.0.3+dfsg-6.debian.tar.xz
Dgit: 32c3bb7db528e13539e5f5ca4ec9b0823bf720b8 debian archive/debian/3.0.3+dfsg-6 https://git.dgit.debian.org/ableton-link

-----BEGIN PGP SIGNATURE-----

iQIzBAEBCAAdFiEEdAXnRVdICXNIABVttlAZxH96NvgFAmFJ0J0ACgkQtlAZxH96
NvhP+w/+Kn7cjKW7p4SUvPwWlwqcUuefD0foeGdpKDRCPPipaoyFisRxl6oukM6s
HcfRXuNGLOMGaeuWAjYft99gBCOEk5xTaXr+EnC8Tb/UhEwijKtrnIPS0xszKXiG
Kgjq9rDemZTdbom8lixvH4dkanwCDsEPOLmsVjRpSBNUVuiS0gKq40P3AzbMrvjp
rLxnfTa4fcGl6IGY6SrdpQfctbVkKF1TTlTluDCT4qG2OoIPX+ud2kbxlAlqVVcC
5o8GBJBNFDz96qEDH5sWtGq/kTXVTUBu6hbo9Gz/pOuxtprFChTZZpsntn7d/6b3
lEsS2KLjxFT//Eejnkk+vkJucKB+Su4eqekIc5k6Sjxk2CUpvearSJ8yYynCPPqM
ZnkSFwHwZl5eb2ABEvpxOdjgeqnK55l5HBSFfKUyOwzJvisQdoAN5oWsMfqOxZO0
OXeNrb88pDZvJmvkPB0ulvomJaDMLgCoN1qOyGybZpoi2vZVhb7kxVrZTuJNlmpB
iBnNNvbKD7Z3rUGvmh0YQgHJwHU6nNedOFGIWuhMv129mh8go09Tfe8S8CNMviF+
MnD+yiNkKoUhIRe/yvIIpUgz6xwUa98Ru6jfQ0BRjSvAyyi//aoxpIshQWReBTy8
P+zhoMXL7nuwtXFo02xGZEF8+BMotYuAfYv5QDqS0hoFX2V87S0=
=Ajf3
-----END PGP SIGNATURE-----

gpgv: unknown type of key resource 'trustedkeys.kbx'
gpgv: keyblock resource '/tmp/dpkg-verify-sig.7XbkQiox/trustedkeys.kbx': General error
gpgv: Signature made Tue Sep 21 12:31:25 2021 UTC
gpgv:                using RSA key 7405E745574809734800156DB65019C47F7A36F8
gpgv: Can't check signature: No public key
dpkg-source: warning: failed to verify signature on ./ableton-link_3.0.3+dfsg-6.dsc
dpkg-source: info: extracting ableton-link in /<<PKGBUILDDIR>>
dpkg-source: info: unpacking ableton-link_3.0.3+dfsg.orig.tar.xz
dpkg-source: info: unpacking ableton-link_3.0.3+dfsg-6.debian.tar.xz
dpkg-source: info: using patch list from debian/patches/series
dpkg-source: info: applying DEBIAN_system_libraries.patch
dpkg-source: info: applying kfreebsd_hurd.patch

Check disk space
----------------

Sufficient free space for build

User Environment
----------------

APT_CONFIG=/var/lib/sbuild/apt.conf
HOME=/sbuild-nonexistent
LANG=C.UTF-8
LC_ALL=C.UTF-8
LOGNAME=user42
PATH=/usr/local/sbin:/usr/local/bin:/usr/sbin:/usr/bin:/sbin:/bin:/usr/games
SCHROOT_ALIAS_NAME=unstable
SCHROOT_CHROOT_NAME=sid-amd64-sbuild
SCHROOT_COMMAND=env
SCHROOT_GID=1001
SCHROOT_GROUP=user42
SCHROOT_SESSION_ID=sid-amd64-sbuild-70cb945a-2108-4912-8143-218fb17ac9c8
SCHROOT_UID=1001
SCHROOT_USER=user42
SHELL=/bin/sh
USER=user42

dpkg-buildpackage
-----------------

Command: dpkg-buildpackage -us -uc -b -rfakeroot
dpkg-buildpackage: info: source package ableton-link
dpkg-buildpackage: info: source version 3.0.3+dfsg-6
dpkg-buildpackage: info: source distribution unstable
dpkg-buildpackage: info: source changed by IOhannes m zmlnig (Debian/GNU) <umlaeute@debian.org>
 dpkg-source --before-build .
dpkg-buildpackage: info: host architecture amd64
 debian/rules clean
dh clean
   dh_clean
 debian/rules binary
dh binary
   dh_update_autotools_config
   dh_autoreconf
   debian/rules override_dh_auto_configure
make[1]: Entering directory '/<<PKGBUILDDIR>>'
dh_auto_configure -- \
	-DCMAKE_LIBRARY_PATH=x86_64-linux-gnu \
	-DLINK_BUILD_JACK=ON \
	-DCMAKE_BUILD_TYPE=RelWithDebInfo \
	
	cd obj-x86_64-linux-gnu && cmake -DCMAKE_INSTALL_PREFIX=/usr -DCMAKE_BUILD_TYPE=None -DCMAKE_INSTALL_SYSCONFDIR=/etc -DCMAKE_INSTALL_LOCALSTATEDIR=/var -DCMAKE_EXPORT_NO_PACKAGE_REGISTRY=ON -DCMAKE_FIND_USE_PACKAGE_REGISTRY=OFF -DCMAKE_FIND_PACKAGE_NO_PACKAGE_REGISTRY=ON -DCMAKE_INSTALL_RUNSTATEDIR=/run -DCMAKE_SKIP_INSTALL_ALL_DEPENDENCY=ON "-GUnix Makefiles" -DCMAKE_VERBOSE_MAKEFILE=ON -DCMAKE_INSTALL_LIBDIR=lib/x86_64-linux-gnu -DCMAKE_LIBRARY_PATH=x86_64-linux-gnu -DLINK_BUILD_JACK=ON -DCMAKE_BUILD_TYPE=RelWithDebInfo ..
-- The C compiler identification is Clang 13.0.0
-- The CXX compiler identification is Clang 13.0.0
-- Detecting C compiler ABI info
-- Detecting C compiler ABI info - done
-- Check for working C compiler: /usr/bin/cc - skipped
-- Detecting C compile features
-- Detecting C compile features - done
-- Detecting CXX compiler ABI info
-- Detecting CXX compiler ABI info - done
-- Check for working CXX compiler: /usr/bin/c++ - skipped
-- Detecting CXX compile features
-- Detecting CXX compile features - done
-- Build options
   LINK_BUILD_JACK: ON
   LINK_ENABLE_ASAN: OFF
-- Build configuration
   Build type: RelWithDebInfo
-- Configuring done
-- Generating done
CMake Warning:
  Manually-specified variables were not used by the project:

    CMAKE_EXPORT_NO_PACKAGE_REGISTRY
    CMAKE_FIND_PACKAGE_NO_PACKAGE_REGISTRY
    CMAKE_FIND_USE_PACKAGE_REGISTRY
    CMAKE_INSTALL_LIBDIR
    CMAKE_INSTALL_LOCALSTATEDIR
    CMAKE_INSTALL_RUNSTATEDIR
    CMAKE_INSTALL_SYSCONFDIR
    CMAKE_LIBRARY_PATH


-- Build files have been written to: /<<PKGBUILDDIR>>/obj-x86_64-linux-gnu
make[1]: Leaving directory '/<<PKGBUILDDIR>>'
   dh_auto_build
	cd obj-x86_64-linux-gnu && make -j4 "INSTALL=install --strip-program=true" VERBOSE=1
make[1]: Entering directory '/<<PKGBUILDDIR>>/obj-x86_64-linux-gnu'
/usr/bin/cmake -S/<<PKGBUILDDIR>> -B/<<PKGBUILDDIR>>/obj-x86_64-linux-gnu --check-build-system CMakeFiles/Makefile.cmake 0
/usr/bin/cmake -E cmake_progress_start /<<PKGBUILDDIR>>/obj-x86_64-linux-gnu/CMakeFiles /<<PKGBUILDDIR>>/obj-x86_64-linux-gnu//CMakeFiles/progress.marks
make  -f CMakeFiles/Makefile2 all
make[2]: Entering directory '/<<PKGBUILDDIR>>/obj-x86_64-linux-gnu'
make  -f src/CMakeFiles/LinkDiscoveryTest.dir/build.make src/CMakeFiles/LinkDiscoveryTest.dir/depend
make  -f src/CMakeFiles/LinkCoreTest.dir/build.make src/CMakeFiles/LinkCoreTest.dir/depend
make  -f examples/CMakeFiles/LinkHutSilent.dir/build.make examples/CMakeFiles/LinkHutSilent.dir/depend
make  -f examples/CMakeFiles/LinkHut.dir/build.make examples/CMakeFiles/LinkHut.dir/depend
make[3]: Entering directory '/<<PKGBUILDDIR>>/obj-x86_64-linux-gnu'
cd /<<PKGBUILDDIR>>/obj-x86_64-linux-gnu && /usr/bin/cmake -E cmake_depends "Unix Makefiles" /<<PKGBUILDDIR>> /<<PKGBUILDDIR>>/src /<<PKGBUILDDIR>>/obj-x86_64-linux-gnu /<<PKGBUILDDIR>>/obj-x86_64-linux-gnu/src /<<PKGBUILDDIR>>/obj-x86_64-linux-gnu/src/CMakeFiles/LinkDiscoveryTest.dir/DependInfo.cmake --color=
make[3]: Entering directory '/<<PKGBUILDDIR>>/obj-x86_64-linux-gnu'
make[3]: Entering directory '/<<PKGBUILDDIR>>/obj-x86_64-linux-gnu'
cd /<<PKGBUILDDIR>>/obj-x86_64-linux-gnu && /usr/bin/cmake -E cmake_depends "Unix Makefiles" /<<PKGBUILDDIR>> /<<PKGBUILDDIR>>/src /<<PKGBUILDDIR>>/obj-x86_64-linux-gnu /<<PKGBUILDDIR>>/obj-x86_64-linux-gnu/src /<<PKGBUILDDIR>>/obj-x86_64-linux-gnu/src/CMakeFiles/LinkCoreTest.dir/DependInfo.cmake --color=
cd /<<PKGBUILDDIR>>/obj-x86_64-linux-gnu && /usr/bin/cmake -E cmake_depends "Unix Makefiles" /<<PKGBUILDDIR>> /<<PKGBUILDDIR>>/examples /<<PKGBUILDDIR>>/obj-x86_64-linux-gnu /<<PKGBUILDDIR>>/obj-x86_64-linux-gnu/examples /<<PKGBUILDDIR>>/obj-x86_64-linux-gnu/examples/CMakeFiles/LinkHutSilent.dir/DependInfo.cmake --color=
make[3]: Entering directory '/<<PKGBUILDDIR>>/obj-x86_64-linux-gnu'
cd /<<PKGBUILDDIR>>/obj-x86_64-linux-gnu && /usr/bin/cmake -E cmake_depends "Unix Makefiles" /<<PKGBUILDDIR>> /<<PKGBUILDDIR>>/examples /<<PKGBUILDDIR>>/obj-x86_64-linux-gnu /<<PKGBUILDDIR>>/obj-x86_64-linux-gnu/examples /<<PKGBUILDDIR>>/obj-x86_64-linux-gnu/examples/CMakeFiles/LinkHut.dir/DependInfo.cmake --color=
make[3]: Leaving directory '/<<PKGBUILDDIR>>/obj-x86_64-linux-gnu'
make[3]: Leaving directory '/<<PKGBUILDDIR>>/obj-x86_64-linux-gnu'
make  -f src/CMakeFiles/LinkDiscoveryTest.dir/build.make src/CMakeFiles/LinkDiscoveryTest.dir/build
make[3]: Leaving directory '/<<PKGBUILDDIR>>/obj-x86_64-linux-gnu'
make[3]: Leaving directory '/<<PKGBUILDDIR>>/obj-x86_64-linux-gnu'
make  -f src/CMakeFiles/LinkCoreTest.dir/build.make src/CMakeFiles/LinkCoreTest.dir/build
make  -f examples/CMakeFiles/LinkHutSilent.dir/build.make examples/CMakeFiles/LinkHutSilent.dir/build
make  -f examples/CMakeFiles/LinkHut.dir/build.make examples/CMakeFiles/LinkHut.dir/build
make[3]: Entering directory '/<<PKGBUILDDIR>>/obj-x86_64-linux-gnu'
make[3]: Entering directory '/<<PKGBUILDDIR>>/obj-x86_64-linux-gnu'
make[3]: Entering directory '/<<PKGBUILDDIR>>/obj-x86_64-linux-gnu'
make[3]: Entering directory '/<<PKGBUILDDIR>>/obj-x86_64-linux-gnu'
[  9%] Building CXX object src/CMakeFiles/LinkCoreTest.dir/ableton/link/tst_Beats.cpp.o
[  9%] Building CXX object examples/CMakeFiles/LinkHut.dir/linkaudio/AudioEngine.cpp.o
[  9%] Building CXX object src/CMakeFiles/LinkDiscoveryTest.dir/ableton/discovery/tst_InterfaceScanner.cpp.o
[ 12%] Building CXX object examples/CMakeFiles/LinkHutSilent.dir/linkaudio/AudioEngine.cpp.o
cd /<<PKGBUILDDIR>>/obj-x86_64-linux-gnu/examples && /usr/bin/c++ -DLINKHUT_AUDIO_PLATFORM_JACK=1 -DLINK_PLATFORM_LINUX=1 -DLINK_PLATFORM_UNIX=1 -I/<<PKGBUILDDIR>>/examples/linkaudio -isystem /<<PKGBUILDDIR>>/include -g -O2 -ffile-prefix-map=/<<PKGBUILDDIR>>=. -fstack-protector-strong -Wformat -Werror=format-security -Wdate-time -D_FORTIFY_SOURCE=2 -Weverything -Werror -Wno-c++98-compat -Wno-c++98-compat-pedantic -Wno-deprecated -Wno-disabled-macro-expansion -Wno-exit-time-destructors -Wno-padded -Wno-reserved-id-macro -Wno-unknown-warning-option -Wno-unused-member-function -O2 -g -DNDEBUG -MD -MT examples/CMakeFiles/LinkHut.dir/linkaudio/AudioEngine.cpp.o -MF CMakeFiles/LinkHut.dir/linkaudio/AudioEngine.cpp.o.d -o CMakeFiles/LinkHut.dir/linkaudio/AudioEngine.cpp.o -c /<<PKGBUILDDIR>>/examples/linkaudio/AudioEngine.cpp
cd /<<PKGBUILDDIR>>/obj-x86_64-linux-gnu/src && /usr/bin/c++ -DLINK_PLATFORM_LINUX=1 -DLINK_PLATFORM_UNIX=1 -isystem /<<PKGBUILDDIR>>/include -g -O2 -ffile-prefix-map=/<<PKGBUILDDIR>>=. -fstack-protector-strong -Wformat -Werror=format-security -Wdate-time -D_FORTIFY_SOURCE=2 -Weverything -Werror -Wno-c++98-compat -Wno-c++98-compat-pedantic -Wno-deprecated -Wno-disabled-macro-expansion -Wno-exit-time-destructors -Wno-padded -Wno-reserved-id-macro -Wno-unknown-warning-option -Wno-unused-member-function -O2 -g -DNDEBUG -MD -MT src/CMakeFiles/LinkDiscoveryTest.dir/ableton/discovery/tst_InterfaceScanner.cpp.o -MF CMakeFiles/LinkDiscoveryTest.dir/ableton/discovery/tst_InterfaceScanner.cpp.o.d -o CMakeFiles/LinkDiscoveryTest.dir/ableton/discovery/tst_InterfaceScanner.cpp.o -c /<<PKGBUILDDIR>>/src/ableton/discovery/tst_InterfaceScanner.cpp
cd /<<PKGBUILDDIR>>/obj-x86_64-linux-gnu/examples && /usr/bin/c++ -DLINKHUT_AUDIO_PLATFORM_DUMMY=1 -DLINK_PLATFORM_LINUX=1 -DLINK_PLATFORM_UNIX=1 -I/<<PKGBUILDDIR>>/examples/linkaudio -isystem /<<PKGBUILDDIR>>/include -g -O2 -ffile-prefix-map=/<<PKGBUILDDIR>>=. -fstack-protector-strong -Wformat -Werror=format-security -Wdate-time -D_FORTIFY_SOURCE=2 -Weverything -Werror -Wno-c++98-compat -Wno-c++98-compat-pedantic -Wno-deprecated -Wno-disabled-macro-expansion -Wno-exit-time-destructors -Wno-padded -Wno-reserved-id-macro -Wno-unknown-warning-option -Wno-unused-member-function -O2 -g -DNDEBUG -MD -MT examples/CMakeFiles/LinkHutSilent.dir/linkaudio/AudioEngine.cpp.o -MF CMakeFiles/LinkHutSilent.dir/linkaudio/AudioEngine.cpp.o.d -o CMakeFiles/LinkHutSilent.dir/linkaudio/AudioEngine.cpp.o -c /<<PKGBUILDDIR>>/examples/linkaudio/AudioEngine.cpp
cd /<<PKGBUILDDIR>>/obj-x86_64-linux-gnu/src && /usr/bin/c++ -DLINK_PLATFORM_LINUX=1 -DLINK_PLATFORM_UNIX=1 -isystem /<<PKGBUILDDIR>>/include -g -O2 -ffile-prefix-map=/<<PKGBUILDDIR>>=. -fstack-protector-strong -Wformat -Werror=format-security -Wdate-time -D_FORTIFY_SOURCE=2 -Weverything -Werror -Wno-c++98-compat -Wno-c++98-compat-pedantic -Wno-deprecated -Wno-disabled-macro-expansion -Wno-exit-time-destructors -Wno-padded -Wno-reserved-id-macro -Wno-unknown-warning-option -Wno-unused-member-function -O2 -g -DNDEBUG -MD -MT src/CMakeFiles/LinkCoreTest.dir/ableton/link/tst_Beats.cpp.o -MF CMakeFiles/LinkCoreTest.dir/ableton/link/tst_Beats.cpp.o.d -o CMakeFiles/LinkCoreTest.dir/ableton/link/tst_Beats.cpp.o -c /<<PKGBUILDDIR>>/src/ableton/link/tst_Beats.cpp
/<<PKGBUILDDIR>>/src/ableton/link/tst_Beats.cpp:28:1: error: identifier '____C_A_T_C_H____T_E_S_T____0' is reserved because it starts with '__' [-Werror,-Wreserved-identifier]
TEST_CASE("Beats | ConstructFromFloating", "[Beats]")
^
/usr/include/catch.hpp:11625:26: note: expanded from macro 'TEST_CASE'
#define TEST_CASE( ... ) INTERNAL_CATCH_TESTCASE( __VA_ARGS__ )
                         ^
/usr/include/catch.hpp:784:35: note: expanded from macro 'INTERNAL_CATCH_TESTCASE'
        INTERNAL_CATCH_TESTCASE2( INTERNAL_CATCH_UNIQUE_NAME( ____C_A_T_C_H____T_E_S_T____ ), __VA_ARGS__ )
                                  ^
/usr/include/catch.hpp:376:46: note: expanded from macro 'INTERNAL_CATCH_UNIQUE_NAME'
#  define INTERNAL_CATCH_UNIQUE_NAME( name ) INTERNAL_CATCH_UNIQUE_NAME_LINE( name, __COUNTER__ )
                                             ^
/usr/include/catch.hpp:374:55: note: expanded from macro 'INTERNAL_CATCH_UNIQUE_NAME_LINE'
#define INTERNAL_CATCH_UNIQUE_NAME_LINE( name, line ) INTERNAL_CATCH_UNIQUE_NAME_LINE2( name, line )
                                                      ^
/usr/include/catch.hpp:373:56: note: expanded from macro 'INTERNAL_CATCH_UNIQUE_NAME_LINE2'
#define INTERNAL_CATCH_UNIQUE_NAME_LINE2( name, line ) name##line
                                                       ^
<scratch space>:269:1: note: expanded from here
____C_A_T_C_H____T_E_S_T____0
^
/<<PKGBUILDDIR>>/src/ableton/link/tst_Beats.cpp:31:3: error: identifier '__catchResult' is reserved because it starts with '__' [-Werror,-Wreserved-identifier]
  CHECK(500000 == beats.microBeats());
  ^
/usr/include/catch.hpp:11599:23: note: expanded from macro 'CHECK'
#define CHECK( expr ) INTERNAL_CATCH_TEST( "CHECK", Catch::ResultDisposition::ContinueOnFailure, expr )
                      ^
/usr/include/catch.hpp:2226:30: note: expanded from macro 'INTERNAL_CATCH_TEST'
        Catch::ResultBuilder __catchResult( macroName, CATCH_INTERNAL_LINEINFO, CATCH_INTERNAL_STRINGIFY(expr), resultDisposition ); \
                             ^
/<<PKGBUILDDIR>>/src/ableton/link/tst_Beats.cpp:32:3: error: identifier '__catchResult' is reserved because it starts with '__' [-Werror,-Wreserved-identifier]
  CHECK(0.5 == Approx(beats.floating()));
  ^
/usr/include/catch.hpp:11599:23: note: expanded from macro 'CHECK'
#define CHECK( expr ) INTERNAL_CATCH_TEST( "CHECK", Catch::ResultDisposition::ContinueOnFailure, expr )
                      ^
/usr/include/catch.hpp:2226:30: note: expanded from macro 'INTERNAL_CATCH_TEST'
        Catch::ResultBuilder __catchResult( macroName, CATCH_INTERNAL_LINEINFO, CATCH_INTERNAL_STRINGIFY(expr), resultDisposition ); \
                             ^
/<<PKGBUILDDIR>>/src/ableton/link/tst_Beats.cpp:35:1: error: identifier '____C_A_T_C_H____T_E_S_T____2' is reserved because it starts with '__' [-Werror,-Wreserved-identifier]
TEST_CASE("Beats | ConstructFromMicros", "[Beats]")
^
/usr/include/catch.hpp:11625:26: note: expanded from macro 'TEST_CASE'
#define TEST_CASE( ... ) INTERNAL_CATCH_TESTCASE( __VA_ARGS__ )
                         ^
/usr/include/catch.hpp:784:35: note: expanded from macro 'INTERNAL_CATCH_TESTCASE'
        INTERNAL_CATCH_TESTCASE2( INTERNAL_CATCH_UNIQUE_NAME( ____C_A_T_C_H____T_E_S_T____ ), __VA_ARGS__ )
                                  ^
/usr/include/catch.hpp:376:46: note: expanded from macro 'INTERNAL_CATCH_UNIQUE_NAME'
#  define INTERNAL_CATCH_UNIQUE_NAME( name ) INTERNAL_CATCH_UNIQUE_NAME_LINE( name, __COUNTER__ )
                                             ^
/usr/include/catch.hpp:374:55: note: expanded from macro 'INTERNAL_CATCH_UNIQUE_NAME_LINE'
#define INTERNAL_CATCH_UNIQUE_NAME_LINE( name, line ) INTERNAL_CATCH_UNIQUE_NAME_LINE2( name, line )
                                                      ^
/usr/include/catch.hpp:373:56: note: expanded from macro 'INTERNAL_CATCH_UNIQUE_NAME_LINE2'
#define INTERNAL_CATCH_UNIQUE_NAME_LINE2( name, line ) name##line
                                                       ^
<scratch space>:2:1: note: expanded from here
____C_A_T_C_H____T_E_S_T____2
^
/<<PKGBUILDDIR>>/src/ableton/link/tst_Beats.cpp:38:3: error: identifier '__catchResult' is reserved because it starts with '__' [-Werror,-Wreserved-identifier]
  CHECK(100000 == beats.microBeats());
  ^
/usr/include/catch.hpp:11599:23: note: expanded from macro 'CHECK'
#define CHECK( expr ) INTERNAL_CATCH_TEST( "CHECK", Catch::ResultDisposition::ContinueOnFailure, expr )
                      ^
/usr/include/catch.hpp:2226:30: note: expanded from macro 'INTERNAL_CATCH_TEST'
        Catch::ResultBuilder __catchResult( macroName, CATCH_INTERNAL_LINEINFO, CATCH_INTERNAL_STRINGIFY(expr), resultDisposition ); \
                             ^
/<<PKGBUILDDIR>>/src/ableton/link/tst_Beats.cpp:39:3: error: identifier '__catchResult' is reserved because it starts with '__' [-Werror,-Wreserved-identifier]
  CHECK(0.1 == Approx(beats.floating()));
  ^
/usr/include/catch.hpp:11599:23: note: expanded from macro 'CHECK'
#define CHECK( expr ) INTERNAL_CATCH_TEST( "CHECK", Catch::ResultDisposition::ContinueOnFailure, expr )
                      ^
/usr/include/catch.hpp:2226:30: note: expanded from macro 'INTERNAL_CATCH_TEST'
        Catch::ResultBuilder __catchResult( macroName, CATCH_INTERNAL_LINEINFO, CATCH_INTERNAL_STRINGIFY(expr), resultDisposition ); \
                             ^
/<<PKGBUILDDIR>>/src/ableton/link/tst_Beats.cpp:42:1: error: identifier '____C_A_T_C_H____T_E_S_T____4' is reserved because it starts with '__' [-Werror,-Wreserved-identifier]
TEST_CASE("Beats | Negation", "[Beats]")
^
/usr/include/catch.hpp:11625:26: note: expanded from macro 'TEST_CASE'
#define TEST_CASE( ... ) INTERNAL_CATCH_TESTCASE( __VA_ARGS__ )
                         ^
/usr/include/catch.hpp:784:35: note: expanded from macro 'INTERNAL_CATCH_TESTCASE'
        INTERNAL_CATCH_TESTCASE2( INTERNAL_CATCH_UNIQUE_NAME( ____C_A_T_C_H____T_E_S_T____ ), __VA_ARGS__ )
                                  ^
/usr/include/catch.hpp:376:46: note: expanded from macro 'INTERNAL_CATCH_UNIQUE_NAME'
#  define INTERNAL_CATCH_UNIQUE_NAME( name ) INTERNAL_CATCH_UNIQUE_NAME_LINE( name, __COUNTER__ )
                                             ^
/usr/include/catch.hpp:374:55: note: expanded from macro 'INTERNAL_CATCH_UNIQUE_NAME_LINE'
#define INTERNAL_CATCH_UNIQUE_NAME_LINE( name, line ) INTERNAL_CATCH_UNIQUE_NAME_LINE2( name, line )
                                                      ^
/usr/include/catch.hpp:373:56: note: expanded from macro 'INTERNAL_CATCH_UNIQUE_NAME_LINE2'
#define INTERNAL_CATCH_UNIQUE_NAME_LINE2( name, line ) name##line
                                                       ^
<scratch space>:33:1: note: expanded from here
____C_A_T_C_H____T_E_S_T____4
^
/<<PKGBUILDDIR>>/src/ableton/link/tst_Beats.cpp:45:3: error: identifier '__catchResult' is reserved because it starts with '__' [-Werror,-Wreserved-identifier]
  CHECK(beat > -beat);
  ^
/usr/include/catch.hpp:11599:23: note: expanded from macro 'CHECK'
#define CHECK( expr ) INTERNAL_CATCH_TEST( "CHECK", Catch::ResultDisposition::ContinueOnFailure, expr )
                      ^
/usr/include/catch.hpp:2226:30: note: expanded from macro 'INTERNAL_CATCH_TEST'
        Catch::ResultBuilder __catchResult( macroName, CATCH_INTERNAL_LINEINFO, CATCH_INTERNAL_STRINGIFY(expr), resultDisposition ); \
                             ^
/<<PKGBUILDDIR>>/src/ableton/link/tst_Beats.cpp:46:3: error: identifier '__catchResult' is reserved because it starts with '__' [-Werror,-Wreserved-identifier]
  CHECK(beat == -(-beat));
  ^
/usr/include/catch.hpp:11599:23: note: expanded from macro 'CHECK'
#define CHECK( expr ) INTERNAL_CATCH_TEST( "CHECK", Catch::ResultDisposition::ContinueOnFailure, expr )
                      ^
/usr/include/catch.hpp:2226:30: note: expanded from macro 'INTERNAL_CATCH_TEST'
        Catch::ResultBuilder __catchResult( macroName, CATCH_INTERNAL_LINEINFO, CATCH_INTERNAL_STRINGIFY(expr), resultDisposition ); \
                             ^
/<<PKGBUILDDIR>>/src/ableton/link/tst_Beats.cpp:47:3: error: identifier '__catchResult' is reserved because it starts with '__' [-Werror,-Wreserved-identifier]
  CHECK(-beat < Beats{0.});
  ^
/usr/include/catch.hpp:11599:23: note: expanded from macro 'CHECK'
#define CHECK( expr ) INTERNAL_CATCH_TEST( "CHECK", Catch::ResultDisposition::ContinueOnFailure, expr )
                      ^
/usr/include/catch.hpp:2226:30: note: expanded from macro 'INTERNAL_CATCH_TEST'
        Catch::ResultBuilder __catchResult( macroName, CATCH_INTERNAL_LINEINFO, CATCH_INTERNAL_STRINGIFY(expr), resultDisposition ); \
                             ^
/<<PKGBUILDDIR>>/src/ableton/link/tst_Beats.cpp:50:1: error: identifier '____C_A_T_C_H____T_E_S_T____6' is reserved because it starts with '__' [-Werror,-Wreserved-identifier]
TEST_CASE("Beats | Addition", "[Beats]")
^
/usr/include/catch.hpp:11625:26: note: expanded from macro 'TEST_CASE'
#define TEST_CASE( ... ) INTERNAL_CATCH_TESTCASE( __VA_ARGS__ )
                         ^
/usr/include/catch.hpp:784:35: note: expanded from macro 'INTERNAL_CATCH_TESTCASE'
        INTERNAL_CATCH_TESTCASE2( INTERNAL_CATCH_UNIQUE_NAME( ____C_A_T_C_H____T_E_S_T____ ), __VA_ARGS__ )
                                  ^
/usr/include/catch.hpp:376:46: note: expanded from macro 'INTERNAL_CATCH_UNIQUE_NAME'
#  define INTERNAL_CATCH_UNIQUE_NAME( name ) INTERNAL_CATCH_UNIQUE_NAME_LINE( name, __COUNTER__ )
                                             ^
/usr/include/catch.hpp:374:55: note: expanded from macro 'INTERNAL_CATCH_UNIQUE_NAME_LINE'
#define INTERNAL_CATCH_UNIQUE_NAME_LINE( name, line ) INTERNAL_CATCH_UNIQUE_NAME_LINE2( name, line )
                                                      ^
/usr/include/catch.hpp:373:56: note: expanded from macro 'INTERNAL_CATCH_UNIQUE_NAME_LINE2'
#define INTERNAL_CATCH_UNIQUE_NAME_LINE2( name, line ) name##line
                                                       ^
<scratch space>:72:1: note: expanded from here
____C_A_T_C_H____T_E_S_T____6
^
/<<PKGBUILDDIR>>/src/ableton/link/tst_Beats.cpp:55:3: error: identifier '__catchResult' is reserved because it starts with '__' [-Werror,-Wreserved-identifier]
  CHECK(beat1 == beat2 + beat2 + beat3);
  ^
/usr/include/catch.hpp:11599:23: note: expanded from macro 'CHECK'
#define CHECK( expr ) INTERNAL_CATCH_TEST( "CHECK", Catch::ResultDisposition::ContinueOnFailure, expr )
                      ^
/usr/include/catch.hpp:2226:30: note: expanded from macro 'INTERNAL_CATCH_TEST'
        Catch::ResultBuilder __catchResult( macroName, CATCH_INTERNAL_LINEINFO, CATCH_INTERNAL_STRINGIFY(expr), resultDisposition ); \
                             ^
/<<PKGBUILDDIR>>/src/ableton/link/tst_Beats.cpp:58:1: error: identifier '____C_A_T_C_H____T_E_S_T____8' is reserved because it starts with '__' [-Werror,-Wreserved-identifier]
TEST_CASE("Beats | Subtraction", "[Beats]")
^
/usr/include/catch.hpp:11625:26: note: expanded from macro 'TEST_CASE'
#define TEST_CASE( ... ) INTERNAL_CATCH_TESTCASE( __VA_ARGS__ )
                         ^
/usr/include/catch.hpp:784:35: note: expanded from macro 'INTERNAL_CATCH_TESTCASE'
        INTERNAL_CATCH_TESTCASE2( INTERNAL_CATCH_UNIQUE_NAME( ____C_A_T_C_H____T_E_S_T____ ), __VA_ARGS__ )
                                  ^
/usr/include/catch.hpp:376:46: note: expanded from macro 'INTERNAL_CATCH_UNIQUE_NAME'
#  define INTERNAL_CATCH_UNIQUE_NAME( name ) INTERNAL_CATCH_UNIQUE_NAME_LINE( name, __COUNTER__ )
                                             ^
/usr/include/catch.hpp:374:55: note: expanded from macro 'INTERNAL_CATCH_UNIQUE_NAME_LINE'
#define INTERNAL_CATCH_UNIQUE_NAME_LINE( name, line ) INTERNAL_CATCH_UNIQUE_NAME_LINE2( name, line )
                                                      ^
/usr/include/catch.hpp:373:56: note: expanded from macro 'INTERNAL_CATCH_UNIQUE_NAME_LINE2'
#define INTERNAL_CATCH_UNIQUE_NAME_LINE2( name, line ) name##line
                                                       ^
<scratch space>:94:1: note: expanded from here
____C_A_T_C_H____T_E_S_T____8
^
/<<PKGBUILDDIR>>/src/ableton/link/tst_Beats.cpp:63:3: error: identifier '__catchResult' is reserved because it starts with '__' [-Werror,-Wreserved-identifier]
  CHECK(beat3 == beat1 - beat2 - beat2);
  ^
/usr/include/catch.hpp:11599:23: note: expanded from macro 'CHECK'
#define CHECK( expr ) INTERNAL_CATCH_TEST( "CHECK", Catch::ResultDisposition::ContinueOnFailure, expr )
                      ^
/usr/include/catch.hpp:2226:30: note: expanded from macro 'INTERNAL_CATCH_TEST'
        Catch::ResultBuilder __catchResult( macroName, CATCH_INTERNAL_LINEINFO, CATCH_INTERNAL_STRINGIFY(expr), resultDisposition ); \
                             ^
/<<PKGBUILDDIR>>/src/ableton/link/tst_Beats.cpp:66:1: error: identifier '____C_A_T_C_H____T_E_S_T____10' is reserved because it starts with '__' [-Werror,-Wreserved-identifier]
TEST_CASE("Beats | Modulo", "[Beats]")
^
/usr/include/catch.hpp:11625:26: note: expanded from macro 'TEST_CASE'
#define TEST_CASE( ... ) INTERNAL_CATCH_TESTCASE( __VA_ARGS__ )
                         ^
/usr/include/catch.hpp:784:35: note: expanded from macro 'INTERNAL_CATCH_TESTCASE'
        INTERNAL_CATCH_TESTCASE2( INTERNAL_CATCH_UNIQUE_NAME( ____C_A_T_C_H____T_E_S_T____ ), __VA_ARGS__ )
                                  ^
/usr/include/catch.hpp:376:46: note: expanded from macro 'INTERNAL_CATCH_UNIQUE_NAME'
#  define INTERNAL_CATCH_UNIQUE_NAME( name ) INTERNAL_CATCH_UNIQUE_NAME_LINE( name, __COUNTER__ )
                                             ^
/usr/include/catch.hpp:374:55: note: expanded from macro 'INTERNAL_CATCH_UNIQUE_NAME_LINE'
#define INTERNAL_CATCH_UNIQUE_NAME_LINE( name, line ) INTERNAL_CATCH_UNIQUE_NAME_LINE2( name, line )
                                                      ^
/usr/include/catch.hpp:373:56: note: expanded from macro 'INTERNAL_CATCH_UNIQUE_NAME_LINE2'
#define INTERNAL_CATCH_UNIQUE_NAME_LINE2( name, line ) name##line
                                                       ^
<scratch space>:116:1: note: expanded from here
____C_A_T_C_H____T_E_S_T____10
^
/<<PKGBUILDDIR>>/src/ableton/link/tst_Beats.cpp:72:3: error: identifier '__catchResult' is reserved because it starts with '__' [-Werror,-Wreserved-identifier]
  CHECK(beat1 == beat3 % beat2);
  ^
/usr/include/catch.hpp:11599:23: note: expanded from macro 'CHECK'
#define CHECK( expr ) INTERNAL_CATCH_TEST( "CHECK", Catch::ResultDisposition::ContinueOnFailure, expr )
                      ^
/usr/include/catch.hpp:2226:30: note: expanded from macro 'INTERNAL_CATCH_TEST'
        Catch::ResultBuilder __catchResult( macroName, CATCH_INTERNAL_LINEINFO, CATCH_INTERNAL_STRINGIFY(expr), resultDisposition ); \
                             ^
/<<PKGBUILDDIR>>/src/ableton/link/tst_Beats.cpp:73:3: error: identifier '__catchResult' is reserved because it starts with '__' [-Werror,-Wreserved-identifier]
  CHECK(beat4 == beat3 % beat4);
  ^
/usr/include/catch.hpp:11599:23: note: expanded from macro 'CHECK'
#define CHECK( expr ) INTERNAL_CATCH_TEST( "CHECK", Catch::ResultDisposition::ContinueOnFailure, expr )
                      ^
/usr/include/catch.hpp:2226:30: note: expanded from macro 'INTERNAL_CATCH_TEST'
        Catch::ResultBuilder __catchResult( macroName, CATCH_INTERNAL_LINEINFO, CATCH_INTERNAL_STRINGIFY(expr), resultDisposition ); \
                             ^
/<<PKGBUILDDIR>>/src/ableton/link/tst_Beats.cpp:76:1: error: identifier '____C_A_T_C_H____T_E_S_T____12' is reserved because it starts with '__' [-Werror,-Wreserved-identifier]
TEST_CASE("Beats | SizeInByteStream", "[Beats]")
^
/usr/include/catch.hpp:11625:26: note: expanded from macro 'TEST_CASE'
#define TEST_CASE( ... ) INTERNAL_CATCH_TESTCASE( __VA_ARGS__ )
                         ^
/usr/include/catch.hpp:784:35: note: expanded from macro 'INTERNAL_CATCH_TESTCASE'
        INTERNAL_CATCH_TESTCASE2( INTERNAL_CATCH_UNIQUE_NAME( ____C_A_T_C_H____T_E_S_T____ ), __VA_ARGS__ )
                                  ^
/usr/include/catch.hpp:376:46: note: expanded from macro 'INTERNAL_CATCH_UNIQUE_NAME'
#  define INTERNAL_CATCH_UNIQUE_NAME( name ) INTERNAL_CATCH_UNIQUE_NAME_LINE( name, __COUNTER__ )
                                             ^
/usr/include/catch.hpp:374:55: note: expanded from macro 'INTERNAL_CATCH_UNIQUE_NAME_LINE'
#define INTERNAL_CATCH_UNIQUE_NAME_LINE( name, line ) INTERNAL_CATCH_UNIQUE_NAME_LINE2( name, line )
                                                      ^
/usr/include/catch.hpp:373:56: note: expanded from macro 'INTERNAL_CATCH_UNIQUE_NAME_LINE2'
#define INTERNAL_CATCH_UNIQUE_NAME_LINE2( name, line ) name##line
                                                       ^
<scratch space>:146:1: note: expanded from here
____C_A_T_C_H____T_E_S_T____12
^
/<<PKGBUILDDIR>>/src/ableton/link/tst_Beats.cpp:79:3: error: identifier '__catchResult' is reserved because it starts with '__' [-Werror,-Wreserved-identifier]
  CHECK(8 == sizeInByteStream(beats));
  ^
/usr/include/catch.hpp:11599:23: note: expanded from macro 'CHECK'
#define CHECK( expr ) INTERNAL_CATCH_TEST( "CHECK", Catch::ResultDisposition::ContinueOnFailure, expr )
                      ^
/usr/include/catch.hpp:2226:30: note: expanded from macro 'INTERNAL_CATCH_TEST'
        Catch::ResultBuilder __catchResult( macroName, CATCH_INTERNAL_LINEINFO, CATCH_INTERNAL_STRINGIFY(expr), resultDisposition ); \
                             ^
fatal error: too many errors emitted, stopping now [-ferror-limit=]
20 errors generated.
make[3]: *** [src/CMakeFiles/LinkCoreTest.dir/build.make:79: src/CMakeFiles/LinkCoreTest.dir/ableton/link/tst_Beats.cpp.o] Error 1
make[3]: Leaving directory '/<<PKGBUILDDIR>>/obj-x86_64-linux-gnu'
make[2]: *** [CMakeFiles/Makefile2:167: src/CMakeFiles/LinkCoreTest.dir/all] Error 2
make[2]: *** Waiting for unfinished jobs....
[ 15%] Building CXX object src/CMakeFiles/LinkDiscoveryTest.dir/ableton/discovery/tst_Payload.cpp.o
cd /<<PKGBUILDDIR>>/obj-x86_64-linux-gnu/src && /usr/bin/c++ -DLINK_PLATFORM_LINUX=1 -DLINK_PLATFORM_UNIX=1 -isystem /<<PKGBUILDDIR>>/include -g -O2 -ffile-prefix-map=/<<PKGBUILDDIR>>=. -fstack-protector-strong -Wformat -Werror=format-security -Wdate-time -D_FORTIFY_SOURCE=2 -Weverything -Werror -Wno-c++98-compat -Wno-c++98-compat-pedantic -Wno-deprecated -Wno-disabled-macro-expansion -Wno-exit-time-destructors -Wno-padded -Wno-reserved-id-macro -Wno-unknown-warning-option -Wno-unused-member-function -O2 -g -DNDEBUG -MD -MT src/CMakeFiles/LinkDiscoveryTest.dir/ableton/discovery/tst_Payload.cpp.o -MF CMakeFiles/LinkDiscoveryTest.dir/ableton/discovery/tst_Payload.cpp.o.d -o CMakeFiles/LinkDiscoveryTest.dir/ableton/discovery/tst_Payload.cpp.o -c /<<PKGBUILDDIR>>/src/ableton/discovery/tst_Payload.cpp
/<<PKGBUILDDIR>>/src/ableton/discovery/tst_InterfaceScanner.cpp:48:1: error: identifier '____C_A_T_C_H____T_E_S_T____0' is reserved because it starts with '__' [-Werror,-Wreserved-identifier]
TEST_CASE("InterfaceScanner | NoInterfacesThenOne", "[InterfaceScanner]")
^
/usr/include/catch.hpp:11625:26: note: expanded from macro 'TEST_CASE'
#define TEST_CASE( ... ) INTERNAL_CATCH_TESTCASE( __VA_ARGS__ )
                         ^
/usr/include/catch.hpp:784:35: note: expanded from macro 'INTERNAL_CATCH_TESTCASE'
        INTERNAL_CATCH_TESTCASE2( INTERNAL_CATCH_UNIQUE_NAME( ____C_A_T_C_H____T_E_S_T____ ), __VA_ARGS__ )
                                  ^
/usr/include/catch.hpp:376:46: note: expanded from macro 'INTERNAL_CATCH_UNIQUE_NAME'
#  define INTERNAL_CATCH_UNIQUE_NAME( name ) INTERNAL_CATCH_UNIQUE_NAME_LINE( name, __COUNTER__ )
                                             ^
/usr/include/catch.hpp:374:55: note: expanded from macro 'INTERNAL_CATCH_UNIQUE_NAME_LINE'
#define INTERNAL_CATCH_UNIQUE_NAME_LINE( name, line ) INTERNAL_CATCH_UNIQUE_NAME_LINE2( name, line )
                                                      ^
/usr/include/catch.hpp:373:56: note: expanded from macro 'INTERNAL_CATCH_UNIQUE_NAME_LINE2'
#define INTERNAL_CATCH_UNIQUE_NAME_LINE2( name, line ) name##line
                                                       ^
<scratch space>:304:1: note: expanded from here
____C_A_T_C_H____T_E_S_T____0
^
/<<PKGBUILDDIR>>/src/ableton/discovery/tst_InterfaceScanner.cpp:56:5: error: identifier '__catchResult' is reserved because it starts with '__' [-Werror,-Wreserved-identifier]
    CHECK(1 == callback.addrRanges.size());
    ^
/usr/include/catch.hpp:11599:23: note: expanded from macro 'CHECK'
#define CHECK( expr ) INTERNAL_CATCH_TEST( "CHECK", Catch::ResultDisposition::ContinueOnFailure, expr )
                      ^
/usr/include/catch.hpp:2226:30: note: expanded from macro 'INTERNAL_CATCH_TEST'
        Catch::ResultBuilder __catchResult( macroName, CATCH_INTERNAL_LINEINFO, CATCH_INTERNAL_STRINGIFY(expr), resultDisposition ); \
                             ^
/<<PKGBUILDDIR>>/src/ableton/discovery/tst_InterfaceScanner.cpp:60:3: error: identifier '__catchResult' is reserved because it starts with '__' [-Werror,-Wreserved-identifier]
  REQUIRE(2 == callback.addrRanges.size());
  ^
/usr/include/catch.hpp:11590:25: note: expanded from macro 'REQUIRE'
#define REQUIRE( expr ) INTERNAL_CATCH_TEST( "REQUIRE", Catch::ResultDisposition::Normal, expr  )
                        ^
/usr/include/catch.hpp:2226:30: note: expanded from macro 'INTERNAL_CATCH_TEST'
        Catch::ResultBuilder __catchResult( macroName, CATCH_INTERNAL_LINEINFO, CATCH_INTERNAL_STRINGIFY(expr), resultDisposition ); \
                             ^
/<<PKGBUILDDIR>>/src/ableton/discovery/tst_InterfaceScanner.cpp:61:3: error: identifier '__catchResult' is reserved because it starts with '__' [-Werror,-Wreserved-identifier]
  CHECK(0 == callback.addrRanges[0].size());
  ^
/usr/include/catch.hpp:11599:23: note: expanded from macro 'CHECK'
#define CHECK( expr ) INTERNAL_CATCH_TEST( "CHECK", Catch::ResultDisposition::ContinueOnFailure, expr )
                      ^
/usr/include/catch.hpp:2226:30: note: expanded from macro 'INTERNAL_CATCH_TEST'
        Catch::ResultBuilder __catchResult( macroName, CATCH_INTERNAL_LINEINFO, CATCH_INTERNAL_STRINGIFY(expr), resultDisposition ); \
                             ^
/<<PKGBUILDDIR>>/src/ableton/discovery/tst_InterfaceScanner.cpp:62:3: error: identifier '__catchResult' is reserved because it starts with '__' [-Werror,-Wreserved-identifier]
  REQUIRE(1 == callback.addrRanges[1].size());
  ^
/usr/include/catch.hpp:11590:25: note: expanded from macro 'REQUIRE'
#define REQUIRE( expr ) INTERNAL_CATCH_TEST( "REQUIRE", Catch::ResultDisposition::Normal, expr  )
                        ^
/usr/include/catch.hpp:2226:30: note: expanded from macro 'INTERNAL_CATCH_TEST'
        Catch::ResultBuilder __catchResult( macroName, CATCH_INTERNAL_LINEINFO, CATCH_INTERNAL_STRINGIFY(expr), resultDisposition ); \
                             ^
/<<PKGBUILDDIR>>/src/ableton/discovery/tst_InterfaceScanner.cpp:63:3: error: identifier '__catchResult' is reserved because it starts with '__' [-Werror,-Wreserved-identifier]
  CHECK(addr1 == callback.addrRanges[1].front());
  ^
/usr/include/catch.hpp:11599:23: note: expanded from macro 'CHECK'
#define CHECK( expr ) INTERNAL_CATCH_TEST( "CHECK", Catch::ResultDisposition::ContinueOnFailure, expr )
                      ^
/usr/include/catch.hpp:2226:30: note: expanded from macro 'INTERNAL_CATCH_TEST'
        Catch::ResultBuilder __catchResult( macroName, CATCH_INTERNAL_LINEINFO, CATCH_INTERNAL_STRINGIFY(expr), resultDisposition ); \
                             ^
/<<PKGBUILDDIR>>/src/ableton/discovery/tst_InterfaceScanner.cpp:66:1: error: identifier '____C_A_T_C_H____T_E_S_T____2' is reserved because it starts with '__' [-Werror,-Wreserved-identifier]
TEST_CASE("InterfaceScanner | InterfaceGoesAway", "[InterfaceScanner]")
^
/usr/include/catch.hpp:11625:26: note: expanded from macro 'TEST_CASE'
#define TEST_CASE( ... ) INTERNAL_CATCH_TESTCASE( __VA_ARGS__ )
                         ^
/usr/include/catch.hpp:784:35: note: expanded from macro 'INTERNAL_CATCH_TESTCASE'
        INTERNAL_CATCH_TESTCASE2( INTERNAL_CATCH_UNIQUE_NAME( ____C_A_T_C_H____T_E_S_T____ ), __VA_ARGS__ )
                                  ^
/usr/include/catch.hpp:376:46: note: expanded from macro 'INTERNAL_CATCH_UNIQUE_NAME'
#  define INTERNAL_CATCH_UNIQUE_NAME( name ) INTERNAL_CATCH_UNIQUE_NAME_LINE( name, __COUNTER__ )
                                             ^
/usr/include/catch.hpp:374:55: note: expanded from macro 'INTERNAL_CATCH_UNIQUE_NAME_LINE'
#define INTERNAL_CATCH_UNIQUE_NAME_LINE( name, line ) INTERNAL_CATCH_UNIQUE_NAME_LINE2( name, line )
                                                      ^
/usr/include/catch.hpp:373:56: note: expanded from macro 'INTERNAL_CATCH_UNIQUE_NAME_LINE2'
#define INTERNAL_CATCH_UNIQUE_NAME_LINE2( name, line ) name##line
                                                       ^
<scratch space>:41:1: note: expanded from here
____C_A_T_C_H____T_E_S_T____2
^
/<<PKGBUILDDIR>>/src/ableton/discovery/tst_InterfaceScanner.cpp:78:3: error: identifier '__catchResult' is reserved because it starts with '__' [-Werror,-Wreserved-identifier]
  REQUIRE(2 == callback.addrRanges.size());
  ^
/usr/include/catch.hpp:11590:25: note: expanded from macro 'REQUIRE'
#define REQUIRE( expr ) INTERNAL_CATCH_TEST( "REQUIRE", Catch::ResultDisposition::Normal, expr  )
                        ^
/usr/include/catch.hpp:2226:30: note: expanded from macro 'INTERNAL_CATCH_TEST'
        Catch::ResultBuilder __catchResult( macroName, CATCH_INTERNAL_LINEINFO, CATCH_INTERNAL_STRINGIFY(expr), resultDisposition ); \
                             ^
/<<PKGBUILDDIR>>/src/ableton/discovery/tst_InterfaceScanner.cpp:79:3: error: identifier '__catchResult' is reserved because it starts with '__' [-Werror,-Wreserved-identifier]
  REQUIRE(1 == callback.addrRanges[0].size());
  ^
/usr/include/catch.hpp:11590:25: note: expanded from macro 'REQUIRE'
#define REQUIRE( expr ) INTERNAL_CATCH_TEST( "REQUIRE", Catch::ResultDisposition::Normal, expr  )
                        ^
/usr/include/catch.hpp:2226:30: note: expanded from macro 'INTERNAL_CATCH_TEST'
        Catch::ResultBuilder __catchResult( macroName, CATCH_INTERNAL_LINEINFO, CATCH_INTERNAL_STRINGIFY(expr), resultDisposition ); \
                             ^
/<<PKGBUILDDIR>>/src/ableton/discovery/tst_InterfaceScanner.cpp:80:3: error: identifier '__catchResult' is reserved because it starts with '__' [-Werror,-Wreserved-identifier]
  CHECK(addr1 == callback.addrRanges[0].front());
  ^
/usr/include/catch.hpp:11599:23: note: expanded from macro 'CHECK'
#define CHECK( expr ) INTERNAL_CATCH_TEST( "CHECK", Catch::ResultDisposition::ContinueOnFailure, expr )
                      ^
/usr/include/catch.hpp:2226:30: note: expanded from macro 'INTERNAL_CATCH_TEST'
        Catch::ResultBuilder __catchResult( macroName, CATCH_INTERNAL_LINEINFO, CATCH_INTERNAL_STRINGIFY(expr), resultDisposition ); \
                             ^
/<<PKGBUILDDIR>>/src/ableton/discovery/tst_InterfaceScanner.cpp:81:3: error: identifier '__catchResult' is reserved because it starts with '__' [-Werror,-Wreserved-identifier]
  CHECK(0 == callback.addrRanges[1].size());
  ^
/usr/include/catch.hpp:11599:23: note: expanded from macro 'CHECK'
#define CHECK( expr ) INTERNAL_CATCH_TEST( "CHECK", Catch::ResultDisposition::ContinueOnFailure, expr )
                      ^
/usr/include/catch.hpp:2226:30: note: expanded from macro 'INTERNAL_CATCH_TEST'
        Catch::ResultBuilder __catchResult( macroName, CATCH_INTERNAL_LINEINFO, CATCH_INTERNAL_STRINGIFY(expr), resultDisposition ); \
                             ^
11 errors generated.
make[3]: *** [src/CMakeFiles/LinkDiscoveryTest.dir/build.make:79: src/CMakeFiles/LinkDiscoveryTest.dir/ableton/discovery/tst_InterfaceScanner.cpp.o] Error 1
make[3]: *** Waiting for unfinished jobs....
[ 18%] Building CXX object examples/CMakeFiles/LinkHut.dir/linkhut/main.cpp.o
cd /<<PKGBUILDDIR>>/obj-x86_64-linux-gnu/examples && /usr/bin/c++ -DLINKHUT_AUDIO_PLATFORM_JACK=1 -DLINK_PLATFORM_LINUX=1 -DLINK_PLATFORM_UNIX=1 -I/<<PKGBUILDDIR>>/examples/linkaudio -isystem /<<PKGBUILDDIR>>/include -g -O2 -ffile-prefix-map=/<<PKGBUILDDIR>>=. -fstack-protector-strong -Wformat -Werror=format-security -Wdate-time -D_FORTIFY_SOURCE=2 -Weverything -Werror -Wno-c++98-compat -Wno-c++98-compat-pedantic -Wno-deprecated -Wno-disabled-macro-expansion -Wno-exit-time-destructors -Wno-padded -Wno-reserved-id-macro -Wno-unknown-warning-option -Wno-unused-member-function -O2 -g -DNDEBUG -MD -MT examples/CMakeFiles/LinkHut.dir/linkhut/main.cpp.o -MF CMakeFiles/LinkHut.dir/linkhut/main.cpp.o.d -o CMakeFiles/LinkHut.dir/linkhut/main.cpp.o -c /<<PKGBUILDDIR>>/examples/linkhut/main.cpp
/<<PKGBUILDDIR>>/src/ableton/discovery/tst_Payload.cpp:31:1: error: identifier '____C_A_T_C_H____T_E_S_T____0' is reserved because it starts with '__' [-Werror,-Wreserved-identifier]
TEST_CASE("Payload | EmptyPayload", "[Payload]")
^
/usr/include/catch.hpp:11625:26: note: expanded from macro 'TEST_CASE'
#define TEST_CASE( ... ) INTERNAL_CATCH_TESTCASE( __VA_ARGS__ )
                         ^
/usr/include/catch.hpp:784:35: note: expanded from macro 'INTERNAL_CATCH_TESTCASE'
        INTERNAL_CATCH_TESTCASE2( INTERNAL_CATCH_UNIQUE_NAME( ____C_A_T_C_H____T_E_S_T____ ), __VA_ARGS__ )
                                  ^
/usr/include/catch.hpp:376:46: note: expanded from macro 'INTERNAL_CATCH_UNIQUE_NAME'
#  define INTERNAL_CATCH_UNIQUE_NAME( name ) INTERNAL_CATCH_UNIQUE_NAME_LINE( name, __COUNTER__ )
                                             ^
/usr/include/catch.hpp:374:55: note: expanded from macro 'INTERNAL_CATCH_UNIQUE_NAME_LINE'
#define INTERNAL_CATCH_UNIQUE_NAME_LINE( name, line ) INTERNAL_CATCH_UNIQUE_NAME_LINE2( name, line )
                                                      ^
/usr/include/catch.hpp:373:56: note: expanded from macro 'INTERNAL_CATCH_UNIQUE_NAME_LINE2'
#define INTERNAL_CATCH_UNIQUE_NAME_LINE2( name, line ) name##line
                                                       ^
<scratch space>:293:1: note: expanded from here
____C_A_T_C_H____T_E_S_T____0
^
/<<PKGBUILDDIR>>/src/ableton/discovery/tst_Payload.cpp:33:3: error: identifier '__catchResult' is reserved because it starts with '__' [-Werror,-Wreserved-identifier]
  CHECK(0 == sizeInByteStream(makePayload()));
  ^
/usr/include/catch.hpp:11599:23: note: expanded from macro 'CHECK'
#define CHECK( expr ) INTERNAL_CATCH_TEST( "CHECK", Catch::ResultDisposition::ContinueOnFailure, expr )
                      ^
/usr/include/catch.hpp:2226:30: note: expanded from macro 'INTERNAL_CATCH_TEST'
        Catch::ResultBuilder __catchResult( macroName, CATCH_INTERNAL_LINEINFO, CATCH_INTERNAL_STRINGIFY(expr), resultDisposition ); \
                             ^
/<<PKGBUILDDIR>>/src/ableton/discovery/tst_Payload.cpp:34:3: error: identifier '__catchResult' is reserved because it starts with '__' [-Werror,-Wreserved-identifier]
  CHECK(nullptr == toNetworkByteStream(makePayload(), nullptr));
  ^
/usr/include/catch.hpp:11599:23: note: expanded from macro 'CHECK'
#define CHECK( expr ) INTERNAL_CATCH_TEST( "CHECK", Catch::ResultDisposition::ContinueOnFailure, expr )
                      ^
/usr/include/catch.hpp:2226:30: note: expanded from macro 'INTERNAL_CATCH_TEST'
        Catch::ResultBuilder __catchResult( macroName, CATCH_INTERNAL_LINEINFO, CATCH_INTERNAL_STRINGIFY(expr), resultDisposition ); \
                             ^
/<<PKGBUILDDIR>>/src/ableton/discovery/tst_Payload.cpp:37:1: error: identifier '____C_A_T_C_H____T_E_S_T____2' is reserved because it starts with '__' [-Werror,-Wreserved-identifier]
TEST_CASE("Payload | FixedSizeEntryPayloadSize", "[Payload]")
^
/usr/include/catch.hpp:11625:26: note: expanded from macro 'TEST_CASE'
#define TEST_CASE( ... ) INTERNAL_CATCH_TESTCASE( __VA_ARGS__ )
                         ^
/usr/include/catch.hpp:784:35: note: expanded from macro 'INTERNAL_CATCH_TESTCASE'
        INTERNAL_CATCH_TESTCASE2( INTERNAL_CATCH_UNIQUE_NAME( ____C_A_T_C_H____T_E_S_T____ ), __VA_ARGS__ )
                                  ^
/usr/include/catch.hpp:376:46: note: expanded from macro 'INTERNAL_CATCH_UNIQUE_NAME'
#  define INTERNAL_CATCH_UNIQUE_NAME( name ) INTERNAL_CATCH_UNIQUE_NAME_LINE( name, __COUNTER__ )
                                             ^
/usr/include/catch.hpp:374:55: note: expanded from macro 'INTERNAL_CATCH_UNIQUE_NAME_LINE'
#define INTERNAL_CATCH_UNIQUE_NAME_LINE( name, line ) INTERNAL_CATCH_UNIQUE_NAME_LINE2( name, line )
                                                      ^
/usr/include/catch.hpp:373:56: note: expanded from macro 'INTERNAL_CATCH_UNIQUE_NAME_LINE2'
#define INTERNAL_CATCH_UNIQUE_NAME_LINE2( name, line ) name##line
                                                       ^
<scratch space>:18:1: note: expanded from here
____C_A_T_C_H____T_E_S_T____2
^
/<<PKGBUILDDIR>>/src/ableton/discovery/tst_Payload.cpp:39:3: error: identifier '__catchResult' is reserved because it starts with '__' [-Werror,-Wreserved-identifier]
  CHECK(12 == sizeInByteStream(makePayload(test::Foo{})));
  ^
/usr/include/catch.hpp:11599:23: note: expanded from macro 'CHECK'
#define CHECK( expr ) INTERNAL_CATCH_TEST( "CHECK", Catch::ResultDisposition::ContinueOnFailure, expr )
                      ^
/usr/include/catch.hpp:2226:30: note: expanded from macro 'INTERNAL_CATCH_TEST'
        Catch::ResultBuilder __catchResult( macroName, CATCH_INTERNAL_LINEINFO, CATCH_INTERNAL_STRINGIFY(expr), resultDisposition ); \
                             ^
/<<PKGBUILDDIR>>/src/ableton/discovery/tst_Payload.cpp:42:1: error: identifier '____C_A_T_C_H____T_E_S_T____4' is reserved because it starts with '__' [-Werror,-Wreserved-identifier]
TEST_CASE("Payload | SingleEntryPayloadEncoding", "[Payload]")
^
/usr/include/catch.hpp:11625:26: note: expanded from macro 'TEST_CASE'
#define TEST_CASE( ... ) INTERNAL_CATCH_TESTCASE( __VA_ARGS__ )
                         ^
/usr/include/catch.hpp:784:35: note: expanded from macro 'INTERNAL_CATCH_TESTCASE'
        INTERNAL_CATCH_TESTCASE2( INTERNAL_CATCH_UNIQUE_NAME( ____C_A_T_C_H____T_E_S_T____ ), __VA_ARGS__ )
                                  ^
/usr/include/catch.hpp:376:46: note: expanded from macro 'INTERNAL_CATCH_UNIQUE_NAME'
#  define INTERNAL_CATCH_UNIQUE_NAME( name ) INTERNAL_CATCH_UNIQUE_NAME_LINE( name, __COUNTER__ )
                                             ^
/usr/include/catch.hpp:374:55: note: expanded from macro 'INTERNAL_CATCH_UNIQUE_NAME_LINE'
#define INTERNAL_CATCH_UNIQUE_NAME_LINE( name, line ) INTERNAL_CATCH_UNIQUE_NAME_LINE2( name, line )
                                                      ^
/usr/include/catch.hpp:373:56: note: expanded from macro 'INTERNAL_CATCH_UNIQUE_NAME_LINE2'
#define INTERNAL_CATCH_UNIQUE_NAME_LINE2( name, line ) name##line
                                                       ^
<scratch space>:39:1: note: expanded from here
____C_A_T_C_H____T_E_S_T____4
^
/<<PKGBUILDDIR>>/src/ableton/discovery/tst_Payload.cpp:49:3: error: identifier '__catchResult' is reserved because it starts with '__' [-Werror,-Wreserved-identifier]
  CHECK(bytes.size() == static_cast<size_t>(end - begin(bytes)));
  ^
/usr/include/catch.hpp:11599:23: note: expanded from macro 'CHECK'
#define CHECK( expr ) INTERNAL_CATCH_TEST( "CHECK", Catch::ResultDisposition::ContinueOnFailure, expr )
                      ^
/usr/include/catch.hpp:2226:30: note: expanded from macro 'INTERNAL_CATCH_TEST'
        Catch::ResultBuilder __catchResult( macroName, CATCH_INTERNAL_LINEINFO, CATCH_INTERNAL_STRINGIFY(expr), resultDisposition ); \
                             ^
/<<PKGBUILDDIR>>/src/ableton/discovery/tst_Payload.cpp:53:3: error: identifier '__catchResult' is reserved because it starts with '__' [-Werror,-Wreserved-identifier]
  CHECK(-1 == reinterpret_cast<const std::int32_t&>(uresult));
  ^
/usr/include/catch.hpp:11599:23: note: expanded from macro 'CHECK'
#define CHECK( expr ) INTERNAL_CATCH_TEST( "CHECK", Catch::ResultDisposition::ContinueOnFailure, expr )
                      ^
/usr/include/catch.hpp:2226:30: note: expanded from macro 'INTERNAL_CATCH_TEST'
        Catch::ResultBuilder __catchResult( macroName, CATCH_INTERNAL_LINEINFO, CATCH_INTERNAL_STRINGIFY(expr), resultDisposition ); \
                             ^
/<<PKGBUILDDIR>>/src/ableton/discovery/tst_Payload.cpp:56:1: error: identifier '____C_A_T_C_H____T_E_S_T____6' is reserved because it starts with '__' [-Werror,-Wreserved-identifier]
TEST_CASE("Payload | DoubleEntryPayloadSize", "[Payload]")
^
/usr/include/catch.hpp:11625:26: note: expanded from macro 'TEST_CASE'
#define TEST_CASE( ... ) INTERNAL_CATCH_TESTCASE( __VA_ARGS__ )
                         ^
/usr/include/catch.hpp:784:35: note: expanded from macro 'INTERNAL_CATCH_TESTCASE'
        INTERNAL_CATCH_TESTCASE2( INTERNAL_CATCH_UNIQUE_NAME( ____C_A_T_C_H____T_E_S_T____ ), __VA_ARGS__ )
                                  ^
/usr/include/catch.hpp:376:46: note: expanded from macro 'INTERNAL_CATCH_UNIQUE_NAME'
#  define INTERNAL_CATCH_UNIQUE_NAME( name ) INTERNAL_CATCH_UNIQUE_NAME_LINE( name, __COUNTER__ )
                                             ^
/usr/include/catch.hpp:374:55: note: expanded from macro 'INTERNAL_CATCH_UNIQUE_NAME_LINE'
#define INTERNAL_CATCH_UNIQUE_NAME_LINE( name, line ) INTERNAL_CATCH_UNIQUE_NAME_LINE2( name, line )
                                                      ^
/usr/include/catch.hpp:373:56: note: expanded from macro 'INTERNAL_CATCH_UNIQUE_NAME_LINE2'
#define INTERNAL_CATCH_UNIQUE_NAME_LINE2( name, line ) name##line
                                                       ^
<scratch space>:69:1: note: expanded from here
____C_A_T_C_H____T_E_S_T____6
^
/<<PKGBUILDDIR>>/src/ableton/discovery/tst_Payload.cpp:58:3: error: identifier '__catchResult' is reserved because it starts with '__' [-Werror,-Wreserved-identifier]
  CHECK(48 == sizeInByteStream(makePayload(test::Foo{}, test::Bar{{0, 1, 2}})));
  ^
/usr/include/catch.hpp:11599:23: note: expanded from macro 'CHECK'
#define CHECK( expr ) INTERNAL_CATCH_TEST( "CHECK", Catch::ResultDisposition::ContinueOnFailure, expr )
                      ^
/usr/include/catch.hpp:2226:30: note: expanded from macro 'INTERNAL_CATCH_TEST'
        Catch::ResultBuilder __catchResult( macroName, CATCH_INTERNAL_LINEINFO, CATCH_INTERNAL_STRINGIFY(expr), resultDisposition ); \
                             ^
/<<PKGBUILDDIR>>/src/ableton/discovery/tst_Payload.cpp:61:1: error: identifier '____C_A_T_C_H____T_E_S_T____8' is reserved because it starts with '__' [-Werror,-Wreserved-identifier]
TEST_CASE("Payload | DoubleEntryPayloadEncoding", "[Payload]")
^
/usr/include/catch.hpp:11625:26: note: expanded from macro 'TEST_CASE'
#define TEST_CASE( ... ) INTERNAL_CATCH_TESTCASE( __VA_ARGS__ )
                         ^
/usr/include/catch.hpp:784:35: note: expanded from macro 'INTERNAL_CATCH_TESTCASE'
        INTERNAL_CATCH_TESTCASE2( INTERNAL_CATCH_UNIQUE_NAME( ____C_A_T_C_H____T_E_S_T____ ), __VA_ARGS__ )
                                  ^
/usr/include/catch.hpp:376:46: note: expanded from macro 'INTERNAL_CATCH_UNIQUE_NAME'
#  define INTERNAL_CATCH_UNIQUE_NAME( name ) INTERNAL_CATCH_UNIQUE_NAME_LINE( name, __COUNTER__ )
                                             ^
/usr/include/catch.hpp:374:55: note: expanded from macro 'INTERNAL_CATCH_UNIQUE_NAME_LINE'
#define INTERNAL_CATCH_UNIQUE_NAME_LINE( name, line ) INTERNAL_CATCH_UNIQUE_NAME_LINE2( name, line )
                                                      ^
/usr/include/catch.hpp:373:56: note: expanded from macro 'INTERNAL_CATCH_UNIQUE_NAME_LINE2'
#define INTERNAL_CATCH_UNIQUE_NAME_LINE2( name, line ) name##line
                                                       ^
<scratch space>:90:1: note: expanded from here
____C_A_T_C_H____T_E_S_T____8
^
/<<PKGBUILDDIR>>/src/ableton/discovery/tst_Payload.cpp:68:3: error: identifier '__catchResult' is reserved because it starts with '__' [-Werror,-Wreserved-identifier]
  CHECK(bytes.size() == static_cast<size_t>(end - begin(bytes)));
  ^
/usr/include/catch.hpp:11599:23: note: expanded from macro 'CHECK'
#define CHECK( expr ) INTERNAL_CATCH_TEST( "CHECK", Catch::ResultDisposition::ContinueOnFailure, expr )
                      ^
/usr/include/catch.hpp:2226:30: note: expanded from macro 'INTERNAL_CATCH_TEST'
        Catch::ResultBuilder __catchResult( macroName, CATCH_INTERNAL_LINEINFO, CATCH_INTERNAL_STRINGIFY(expr), resultDisposition ); \
                             ^
/<<PKGBUILDDIR>>/src/ableton/discovery/tst_Payload.cpp:72:3: error: identifier '__catchResult' is reserved because it starts with '__' [-Werror,-Wreserved-identifier]
  CHECK(1 == ntohl(reinterpret_cast<const std::uint32_t&>(*(begin(bytes) + 8))));
  ^
/usr/include/catch.hpp:11599:23: note: expanded from macro 'CHECK'
#define CHECK( expr ) INTERNAL_CATCH_TEST( "CHECK", Catch::ResultDisposition::ContinueOnFailure, expr )
                      ^
/usr/include/catch.hpp:2226:30: note: expanded from macro 'INTERNAL_CATCH_TEST'
        Catch::ResultBuilder __catchResult( macroName, CATCH_INTERNAL_LINEINFO, CATCH_INTERNAL_STRINGIFY(expr), resultDisposition ); \
                             ^
/<<PKGBUILDDIR>>/src/ableton/discovery/tst_Payload.cpp:73:3: error: identifier '__catchResult' is reserved because it starts with '__' [-Werror,-Wreserved-identifier]
  CHECK(3 == ntohl(reinterpret_cast<const std::uint32_t&>(*(begin(bytes) + 20))));
  ^
/usr/include/catch.hpp:11599:23: note: expanded from macro 'CHECK'
#define CHECK( expr ) INTERNAL_CATCH_TEST( "CHECK", Catch::ResultDisposition::ContinueOnFailure, expr )
                      ^
/usr/include/catch.hpp:2226:30: note: expanded from macro 'INTERNAL_CATCH_TEST'
        Catch::ResultBuilder __catchResult( macroName, CATCH_INTERNAL_LINEINFO, CATCH_INTERNAL_STRINGIFY(expr), resultDisposition ); \
                             ^
/<<PKGBUILDDIR>>/src/ableton/discovery/tst_Payload.cpp:74:3: error: identifier '__catchResult' is reserved because it starts with '__' [-Werror,-Wreserved-identifier]
  CHECK(0 == ntohll(reinterpret_cast<const std::uint64_t&>(*(begin(bytes) + 24))));
  ^
/usr/include/catch.hpp:11599:23: note: expanded from macro 'CHECK'
#define CHECK( expr ) INTERNAL_CATCH_TEST( "CHECK", Catch::ResultDisposition::ContinueOnFailure, expr )
                      ^
/usr/include/catch.hpp:2226:30: note: expanded from macro 'INTERNAL_CATCH_TEST'
        Catch::ResultBuilder __catchResult( macroName, CATCH_INTERNAL_LINEINFO, CATCH_INTERNAL_STRINGIFY(expr), resultDisposition ); \
                             ^
/<<PKGBUILDDIR>>/src/ableton/discovery/tst_Payload.cpp:75:3: error: identifier '__catchResult' is reserved because it starts with '__' [-Werror,-Wreserved-identifier]
  CHECK(1 == ntohll(reinterpret_cast<const std::uint64_t&>(*(begin(bytes) + 32))));
  ^
/usr/include/catch.hpp:11599:23: note: expanded from macro 'CHECK'
#define CHECK( expr ) INTERNAL_CATCH_TEST( "CHECK", Catch::ResultDisposition::ContinueOnFailure, expr )
                      ^
/usr/include/catch.hpp:2226:30: note: expanded from macro 'INTERNAL_CATCH_TEST'
        Catch::ResultBuilder __catchResult( macroName, CATCH_INTERNAL_LINEINFO, CATCH_INTERNAL_STRINGIFY(expr), resultDisposition ); \
                             ^
/<<PKGBUILDDIR>>/src/ableton/discovery/tst_Payload.cpp:76:3: error: identifier '__catchResult' is reserved because it starts with '__' [-Werror,-Wreserved-identifier]
  CHECK(2 == ntohll(reinterpret_cast<const std::uint64_t&>(*(begin(bytes) + 40))));
  ^
/usr/include/catch.hpp:11599:23: note: expanded from macro 'CHECK'
#define CHECK( expr ) INTERNAL_CATCH_TEST( "CHECK", Catch::ResultDisposition::ContinueOnFailure, expr )
                      ^
/usr/include/catch.hpp:2226:30: note: expanded from macro 'INTERNAL_CATCH_TEST'
        Catch::ResultBuilder __catchResult( macroName, CATCH_INTERNAL_LINEINFO, CATCH_INTERNAL_STRINGIFY(expr), resultDisposition ); \
                             ^
/<<PKGBUILDDIR>>/src/ableton/discovery/tst_Payload.cpp:79:1: error: identifier '____C_A_T_C_H____T_E_S_T____10' is reserved because it starts with '__' [-Werror,-Wreserved-identifier]
TEST_CASE("Payload | RoundtripSingleEntry", "[Payload]")
^
/usr/include/catch.hpp:11625:26: note: expanded from macro 'TEST_CASE'
#define TEST_CASE( ... ) INTERNAL_CATCH_TESTCASE( __VA_ARGS__ )
                         ^
/usr/include/catch.hpp:784:35: note: expanded from macro 'INTERNAL_CATCH_TESTCASE'
        INTERNAL_CATCH_TESTCASE2( INTERNAL_CATCH_UNIQUE_NAME( ____C_A_T_C_H____T_E_S_T____ ), __VA_ARGS__ )
                                  ^
/usr/include/catch.hpp:376:46: note: expanded from macro 'INTERNAL_CATCH_UNIQUE_NAME'
#  define INTERNAL_CATCH_UNIQUE_NAME( name ) INTERNAL_CATCH_UNIQUE_NAME_LINE( name, __COUNTER__ )
                                             ^
/usr/include/catch.hpp:374:55: note: expanded from macro 'INTERNAL_CATCH_UNIQUE_NAME_LINE'
#define INTERNAL_CATCH_UNIQUE_NAME_LINE( name, line ) INTERNAL_CATCH_UNIQUE_NAME_LINE2( name, line )
                                                      ^
/usr/include/catch.hpp:373:56: note: expanded from macro 'INTERNAL_CATCH_UNIQUE_NAME_LINE2'
#define INTERNAL_CATCH_UNIQUE_NAME_LINE2( name, line ) name##line
                                                       ^
<scratch space>:156:1: note: expanded from here
____C_A_T_C_H____T_E_S_T____10
^
/<<PKGBUILDDIR>>/src/ableton/discovery/tst_Payload.cpp:90:3: error: identifier '__catchResult' is reserved because it starts with '__' [-Werror,-Wreserved-identifier]
  CHECK(expected.fooVal == actual.fooVal);
  ^
/usr/include/catch.hpp:11599:23: note: expanded from macro 'CHECK'
#define CHECK( expr ) INTERNAL_CATCH_TEST( "CHECK", Catch::ResultDisposition::ContinueOnFailure, expr )
                      ^
/usr/include/catch.hpp:2226:30: note: expanded from macro 'INTERNAL_CATCH_TEST'
        Catch::ResultBuilder __catchResult( macroName, CATCH_INTERNAL_LINEINFO, CATCH_INTERNAL_STRINGIFY(expr), resultDisposition ); \
                             ^
fatal error: too many errors emitted, stopping now [-ferror-limit=]
20 errors generated.
make[3]: *** [src/CMakeFiles/LinkDiscoveryTest.dir/build.make:93: src/CMakeFiles/LinkDiscoveryTest.dir/ableton/discovery/tst_Payload.cpp.o] Error 1
make[3]: Leaving directory '/<<PKGBUILDDIR>>/obj-x86_64-linux-gnu'
make[2]: *** [CMakeFiles/Makefile2:141: src/CMakeFiles/LinkDiscoveryTest.dir/all] Error 2
[ 21%] Building CXX object examples/CMakeFiles/LinkHut.dir/linkaudio/AudioPlatform_Jack.cpp.o
cd /<<PKGBUILDDIR>>/obj-x86_64-linux-gnu/examples && /usr/bin/c++ -DLINKHUT_AUDIO_PLATFORM_JACK=1 -DLINK_PLATFORM_LINUX=1 -DLINK_PLATFORM_UNIX=1 -I/<<PKGBUILDDIR>>/examples/linkaudio -isystem /<<PKGBUILDDIR>>/include -g -O2 -ffile-prefix-map=/<<PKGBUILDDIR>>=. -fstack-protector-strong -Wformat -Werror=format-security -Wdate-time -D_FORTIFY_SOURCE=2 -Weverything -Werror -Wno-c++98-compat -Wno-c++98-compat-pedantic -Wno-deprecated -Wno-disabled-macro-expansion -Wno-exit-time-destructors -Wno-padded -Wno-reserved-id-macro -Wno-unknown-warning-option -Wno-unused-member-function -O2 -g -DNDEBUG -MD -MT examples/CMakeFiles/LinkHut.dir/linkaudio/AudioPlatform_Jack.cpp.o -MF CMakeFiles/LinkHut.dir/linkaudio/AudioPlatform_Jack.cpp.o.d -o CMakeFiles/LinkHut.dir/linkaudio/AudioPlatform_Jack.cpp.o -c /<<PKGBUILDDIR>>/examples/linkaudio/AudioPlatform_Jack.cpp
[ 24%] Building CXX object examples/CMakeFiles/LinkHutSilent.dir/linkhut/main.cpp.o
cd /<<PKGBUILDDIR>>/obj-x86_64-linux-gnu/examples && /usr/bin/c++ -DLINKHUT_AUDIO_PLATFORM_DUMMY=1 -DLINK_PLATFORM_LINUX=1 -DLINK_PLATFORM_UNIX=1 -I/<<PKGBUILDDIR>>/examples/linkaudio -isystem /<<PKGBUILDDIR>>/include -g -O2 -ffile-prefix-map=/<<PKGBUILDDIR>>=. -fstack-protector-strong -Wformat -Werror=format-security -Wdate-time -D_FORTIFY_SOURCE=2 -Weverything -Werror -Wno-c++98-compat -Wno-c++98-compat-pedantic -Wno-deprecated -Wno-disabled-macro-expansion -Wno-exit-time-destructors -Wno-padded -Wno-reserved-id-macro -Wno-unknown-warning-option -Wno-unused-member-function -O2 -g -DNDEBUG -MD -MT examples/CMakeFiles/LinkHutSilent.dir/linkhut/main.cpp.o -MF CMakeFiles/LinkHutSilent.dir/linkhut/main.cpp.o.d -o CMakeFiles/LinkHutSilent.dir/linkhut/main.cpp.o -c /<<PKGBUILDDIR>>/examples/linkhut/main.cpp
[ 27%] Linking CXX executable ../bin/LinkHut
cd /<<PKGBUILDDIR>>/obj-x86_64-linux-gnu/examples && /usr/bin/cmake -E cmake_link_script CMakeFiles/LinkHut.dir/link.txt --verbose=1
/usr/bin/c++ -g -O2 -ffile-prefix-map=/<<PKGBUILDDIR>>=. -fstack-protector-strong -Wformat -Werror=format-security -Wdate-time -D_FORTIFY_SOURCE=2 -Weverything -Werror -Wno-c++98-compat -Wno-c++98-compat-pedantic -Wno-deprecated -Wno-disabled-macro-expansion -Wno-exit-time-destructors -Wno-padded -Wno-reserved-id-macro -Wno-unknown-warning-option -Wno-unused-member-function -O2 -g -DNDEBUG -Wl,-z,relro -rdynamic CMakeFiles/LinkHut.dir/linkaudio/AudioEngine.cpp.o CMakeFiles/LinkHut.dir/linkhut/main.cpp.o CMakeFiles/LinkHut.dir/linkaudio/AudioPlatform_Jack.cpp.o -o ../bin/LinkHut  -ljack -latomic -lpthread 
make[3]: Leaving directory '/<<PKGBUILDDIR>>/obj-x86_64-linux-gnu'
[ 27%] Built target LinkHut
[ 30%] Linking CXX executable ../bin/LinkHutSilent
cd /<<PKGBUILDDIR>>/obj-x86_64-linux-gnu/examples && /usr/bin/cmake -E cmake_link_script CMakeFiles/LinkHutSilent.dir/link.txt --verbose=1
/usr/bin/c++ -g -O2 -ffile-prefix-map=/<<PKGBUILDDIR>>=. -fstack-protector-strong -Wformat -Werror=format-security -Wdate-time -D_FORTIFY_SOURCE=2 -Weverything -Werror -Wno-c++98-compat -Wno-c++98-compat-pedantic -Wno-deprecated -Wno-disabled-macro-expansion -Wno-exit-time-destructors -Wno-padded -Wno-reserved-id-macro -Wno-unknown-warning-option -Wno-unused-member-function -O2 -g -DNDEBUG -Wl,-z,relro -rdynamic CMakeFiles/LinkHutSilent.dir/linkaudio/AudioEngine.cpp.o CMakeFiles/LinkHutSilent.dir/linkhut/main.cpp.o -o ../bin/LinkHutSilent  -latomic -lpthread 
make[3]: Leaving directory '/<<PKGBUILDDIR>>/obj-x86_64-linux-gnu'
[ 30%] Built target LinkHutSilent
make[2]: Leaving directory '/<<PKGBUILDDIR>>/obj-x86_64-linux-gnu'
make[1]: *** [Makefile:94: all] Error 2
make[1]: Leaving directory '/<<PKGBUILDDIR>>/obj-x86_64-linux-gnu'
dh_auto_build: error: cd obj-x86_64-linux-gnu && make -j4 "INSTALL=install --strip-program=true" VERBOSE=1 returned exit code 2
make: *** [debian/rules:14: binary] Error 25
dpkg-buildpackage: error: debian/rules binary subprocess returned exit status 2
--------------------------------------------------------------------------------
Build finished at 2021-10-26T22:22:04Z

Finished
--------


+------------------------------------------------------------------------------+
| Cleanup                                                                      |
+------------------------------------------------------------------------------+

Purging /<<BUILDDIR>>
Not cleaning session: cloned chroot in use
E: Build failure (dpkg-buildpackage died)

+------------------------------------------------------------------------------+
| Summary                                                                      |
+------------------------------------------------------------------------------+

Build Architecture: amd64
Build Type: binary
Build-Space: 28324
Build-Time: 17
Distribution: unstable
Fail-Stage: build
Host Architecture: amd64
Install-Time: 7
Job: ableton-link_3.0.3+dfsg-6
Machine Architecture: amd64
Package: ableton-link
Package-Time: 46
Source-Version: 3.0.3+dfsg-6
Space: 28324
Status: attempted
Version: 3.0.3+dfsg-6
--------------------------------------------------------------------------------
Finished at 2021-10-26T22:22:04Z
Build needed 00:00:46, 28324k disk space
E: Build failure (dpkg-buildpackage died)
DC-Status: Failed 46.60435363s
DC-Time-Estimation: 46.60435363 versus expected 147 (r/m: 2.154211753842964 ; m: 46.60435363)
