DC-Build-Header: ayatana-indicator-messages 0.8.2-1 / 2021-10-26 22:52:03 +0000
DC-Task: type:rebuild-binarch-only source:ayatana-indicator-messages version:0.8.2-1 chroot:unstable esttime:88 logfile:/tmp/ayatana-indicator-messages_0.8.2-1_unstable_clang13.log modes:clang13:binarch-only
DC-Sbuild-call: su user42 -c 'sbuild -n --arch-any --apt-update -d unstable -v --no-run-lintian --chroot-setup-commands=/tmp/clang13 ayatana-indicator-messages_0.8.2-1'
sbuild (Debian sbuild) 0.78.1 (09 February 2019) on ip-172-31-1-101.eu-central-1.compute.internal

+==============================================================================+
| ayatana-indicator-messages 0.8.2-1 (amd64)   Tue, 26 Oct 2021 22:52:04 +0000 |
+==============================================================================+

Package: ayatana-indicator-messages
Version: 0.8.2-1
Source Version: 0.8.2-1
Distribution: unstable
Machine Architecture: amd64
Host Architecture: amd64
Build Architecture: amd64
Build Type: binary

I: NOTICE: Log filtering will replace 'var/run/schroot/mount/sid-amd64-sbuild-f86cab88-a847-4c74-9d79-0e6b7e09eee8' with '<<CHROOT>>'

+------------------------------------------------------------------------------+
| Chroot Setup Commands                                                        |
+------------------------------------------------------------------------------+


/tmp/clang13
------------

+ echo 'Entering customization script...'
Entering customization script...
+ CLANG_VERSION=13
+ echo 'Install of clang-13'
Install of clang-13
+ apt-get update
Get:1 http://127.0.0.1:12990/debian sid InRelease [165 kB]
Get:2 http://127.0.0.1:12990/debian sid/main Sources.diff/Index [63.6 kB]
Get:3 http://127.0.0.1:12990/debian sid/main amd64 Packages.diff/Index [63.6 kB]
Get:4 http://127.0.0.1:12990/debian sid/main Sources T-2021-10-26-2004.40-F-2021-10-26-0202.15.pdiff [47.3 kB]
Get:4 http://127.0.0.1:12990/debian sid/main Sources T-2021-10-26-2004.40-F-2021-10-26-0202.15.pdiff [47.3 kB]
Get:5 http://127.0.0.1:12990/debian sid/main amd64 Packages T-2021-10-26-2004.40-F-2021-10-26-0202.15.pdiff [55.9 kB]
Get:5 http://127.0.0.1:12990/debian sid/main amd64 Packages T-2021-10-26-2004.40-F-2021-10-26-0202.15.pdiff [55.9 kB]
Get:6 http://127.0.0.1:12990/debian sid/main Translation-en [6586 kB]
Fetched 6981 kB in 3s (2763 kB/s)
Reading package lists...
+ apt-get install --yes --no-install-recommends --force-yes clang-13 libomp-13-dev libobjc-9-dev
Reading package lists...
Building dependency tree...
The following additional packages will be installed:
  lib32gcc-s1 lib32stdc++6 libasan5 libbsd0 libc6-i386 libclang-common-13-dev
  libclang-cpp13 libclang1-13 libedit2 libgc1 libgcc-9-dev libicu67 libllvm13
  libmd0 libobjc-11-dev libobjc4 libomp5-13 libxml2 libz3-4
Suggested packages:
  clang-13-doc libomp-13-doc
Recommended packages:
  llvm-13-dev python3
The following NEW packages will be installed:
  clang-13 lib32gcc-s1 lib32stdc++6 libasan5 libbsd0 libc6-i386
  libclang-common-13-dev libclang-cpp13 libclang1-13 libedit2 libgc1
  libgcc-9-dev libicu67 libllvm13 libmd0 libobjc-11-dev libobjc-9-dev libobjc4
  libomp-13-dev libomp5-13 libxml2 libz3-4
0 upgraded, 22 newly installed, 0 to remove and 0 not upgraded.
Need to get 68.5 MB of archives.
After this operation, 379 MB of additional disk space will be used.
Get:1 http://127.0.0.1:12990/debian sid/main amd64 libmd0 amd64 1.0.4-1 [29.6 kB]
Get:2 http://127.0.0.1:12990/debian sid/main amd64 libbsd0 amd64 0.11.3-1 [108 kB]
Get:3 http://127.0.0.1:12990/debian sid/main amd64 libedit2 amd64 3.1-20210910-1 [97.5 kB]
Get:4 http://127.0.0.1:12990/debian sid/main amd64 libicu67 amd64 67.1-7 [8622 kB]
Get:5 http://127.0.0.1:12990/debian sid/main amd64 libxml2 amd64 2.9.12+dfsg-5 [696 kB]
Get:6 http://127.0.0.1:12990/debian sid/main amd64 libz3-4 amd64 4.8.12-1+b1 [6997 kB]
Get:7 http://127.0.0.1:12990/debian sid/main amd64 libllvm13 amd64 1:13.0.0-8 [19.7 MB]
Get:8 http://127.0.0.1:12990/debian sid/main amd64 libclang-cpp13 amd64 1:13.0.0-8 [10.5 MB]
Get:9 http://127.0.0.1:12990/debian sid/main amd64 libgc1 amd64 1:8.0.4-3 [239 kB]
Get:10 http://127.0.0.1:12990/debian sid/main amd64 libobjc4 amd64 11.2.0-10 [43.2 kB]
Get:11 http://127.0.0.1:12990/debian sid/main amd64 libobjc-11-dev amd64 11.2.0-10 [170 kB]
Get:12 http://127.0.0.1:12990/debian sid/main amd64 libc6-i386 amd64 2.32-4 [2624 kB]
Get:13 http://127.0.0.1:12990/debian sid/main amd64 lib32gcc-s1 amd64 11.2.0-10 [49.9 kB]
Get:14 http://127.0.0.1:12990/debian sid/main amd64 lib32stdc++6 amd64 11.2.0-10 [601 kB]
Get:15 http://127.0.0.1:12990/debian sid/main amd64 libclang-common-13-dev amd64 1:13.0.0-8 [5730 kB]
Get:16 http://127.0.0.1:12990/debian sid/main amd64 libclang1-13 amd64 1:13.0.0-8 [6093 kB]
Get:17 http://127.0.0.1:12990/debian sid/main amd64 clang-13 amd64 1:13.0.0-8 [119 kB]
Get:18 http://127.0.0.1:12990/debian sid/main amd64 libasan5 amd64 9.4.0-3 [2734 kB]
Get:19 http://127.0.0.1:12990/debian sid/main amd64 libgcc-9-dev amd64 9.4.0-3 [2343 kB]
Get:20 http://127.0.0.1:12990/debian sid/main amd64 libobjc-9-dev amd64 9.4.0-3 [219 kB]
Get:21 http://127.0.0.1:12990/debian sid/main amd64 libomp5-13 amd64 1:13.0.0-8 [377 kB]
Get:22 http://127.0.0.1:12990/debian sid/main amd64 libomp-13-dev amd64 1:13.0.0-8 [482 kB]
debconf: delaying package configuration, since apt-utils is not installed
Fetched 68.5 MB in 1s (135 MB/s)
Selecting previously unselected package libmd0:amd64.
(Reading database ... (Reading database ... 5%(Reading database ... 10%(Reading database ... 15%(Reading database ... 20%(Reading database ... 25%(Reading database ... 30%(Reading database ... 35%(Reading database ... 40%(Reading database ... 45%(Reading database ... 50%(Reading database ... 55%(Reading database ... 60%(Reading database ... 65%(Reading database ... 70%(Reading database ... 75%(Reading database ... 80%(Reading database ... 85%(Reading database ... 90%(Reading database ... 95%(Reading database ... 100%(Reading database ... 12431 files and directories currently installed.)
Preparing to unpack .../00-libmd0_1.0.4-1_amd64.deb ...
Unpacking libmd0:amd64 (1.0.4-1) ...
Selecting previously unselected package libbsd0:amd64.
Preparing to unpack .../01-libbsd0_0.11.3-1_amd64.deb ...
Unpacking libbsd0:amd64 (0.11.3-1) ...
Selecting previously unselected package libedit2:amd64.
Preparing to unpack .../02-libedit2_3.1-20210910-1_amd64.deb ...
Unpacking libedit2:amd64 (3.1-20210910-1) ...
Selecting previously unselected package libicu67:amd64.
Preparing to unpack .../03-libicu67_67.1-7_amd64.deb ...
Unpacking libicu67:amd64 (67.1-7) ...
Selecting previously unselected package libxml2:amd64.
Preparing to unpack .../04-libxml2_2.9.12+dfsg-5_amd64.deb ...
Unpacking libxml2:amd64 (2.9.12+dfsg-5) ...
Selecting previously unselected package libz3-4:amd64.
Preparing to unpack .../05-libz3-4_4.8.12-1+b1_amd64.deb ...
Unpacking libz3-4:amd64 (4.8.12-1+b1) ...
Selecting previously unselected package libllvm13:amd64.
Preparing to unpack .../06-libllvm13_1%3a13.0.0-8_amd64.deb ...
Unpacking libllvm13:amd64 (1:13.0.0-8) ...
Selecting previously unselected package libclang-cpp13.
Preparing to unpack .../07-libclang-cpp13_1%3a13.0.0-8_amd64.deb ...
Unpacking libclang-cpp13 (1:13.0.0-8) ...
Selecting previously unselected package libgc1:amd64.
Preparing to unpack .../08-libgc1_1%3a8.0.4-3_amd64.deb ...
Unpacking libgc1:amd64 (1:8.0.4-3) ...
Selecting previously unselected package libobjc4:amd64.
Preparing to unpack .../09-libobjc4_11.2.0-10_amd64.deb ...
Unpacking libobjc4:amd64 (11.2.0-10) ...
Selecting previously unselected package libobjc-11-dev:amd64.
Preparing to unpack .../10-libobjc-11-dev_11.2.0-10_amd64.deb ...
Unpacking libobjc-11-dev:amd64 (11.2.0-10) ...
Selecting previously unselected package libc6-i386.
Preparing to unpack .../11-libc6-i386_2.32-4_amd64.deb ...
Unpacking libc6-i386 (2.32-4) ...
Selecting previously unselected package lib32gcc-s1.
Preparing to unpack .../12-lib32gcc-s1_11.2.0-10_amd64.deb ...
Unpacking lib32gcc-s1 (11.2.0-10) ...
Selecting previously unselected package lib32stdc++6.
Preparing to unpack .../13-lib32stdc++6_11.2.0-10_amd64.deb ...
Unpacking lib32stdc++6 (11.2.0-10) ...
Selecting previously unselected package libclang-common-13-dev.
Preparing to unpack .../14-libclang-common-13-dev_1%3a13.0.0-8_amd64.deb ...
Unpacking libclang-common-13-dev (1:13.0.0-8) ...
Selecting previously unselected package libclang1-13.
Preparing to unpack .../15-libclang1-13_1%3a13.0.0-8_amd64.deb ...
Unpacking libclang1-13 (1:13.0.0-8) ...
Selecting previously unselected package clang-13.
Preparing to unpack .../16-clang-13_1%3a13.0.0-8_amd64.deb ...
Unpacking clang-13 (1:13.0.0-8) ...
Selecting previously unselected package libasan5:amd64.
Preparing to unpack .../17-libasan5_9.4.0-3_amd64.deb ...
Unpacking libasan5:amd64 (9.4.0-3) ...
Selecting previously unselected package libgcc-9-dev:amd64.
Preparing to unpack .../18-libgcc-9-dev_9.4.0-3_amd64.deb ...
Unpacking libgcc-9-dev:amd64 (9.4.0-3) ...
Selecting previously unselected package libobjc-9-dev:amd64.
Preparing to unpack .../19-libobjc-9-dev_9.4.0-3_amd64.deb ...
Unpacking libobjc-9-dev:amd64 (9.4.0-3) ...
Selecting previously unselected package libomp5-13:amd64.
Preparing to unpack .../20-libomp5-13_1%3a13.0.0-8_amd64.deb ...
Unpacking libomp5-13:amd64 (1:13.0.0-8) ...
Selecting previously unselected package libomp-13-dev.
Preparing to unpack .../21-libomp-13-dev_1%3a13.0.0-8_amd64.deb ...
Unpacking libomp-13-dev (1:13.0.0-8) ...
Setting up libicu67:amd64 (67.1-7) ...
Setting up libasan5:amd64 (9.4.0-3) ...
Setting up libz3-4:amd64 (4.8.12-1+b1) ...
Setting up libgc1:amd64 (1:8.0.4-3) ...
Setting up libmd0:amd64 (1.0.4-1) ...
Setting up libc6-i386 (2.32-4) ...
Setting up libomp5-13:amd64 (1:13.0.0-8) ...
Setting up libbsd0:amd64 (0.11.3-1) ...
Setting up libxml2:amd64 (2.9.12+dfsg-5) ...
Setting up libedit2:amd64 (3.1-20210910-1) ...
Setting up libobjc4:amd64 (11.2.0-10) ...
Setting up libgcc-9-dev:amd64 (9.4.0-3) ...
Setting up lib32gcc-s1 (11.2.0-10) ...
Setting up lib32stdc++6 (11.2.0-10) ...
Setting up libllvm13:amd64 (1:13.0.0-8) ...
Setting up libobjc-9-dev:amd64 (9.4.0-3) ...
Setting up libclang-common-13-dev (1:13.0.0-8) ...
Setting up libomp-13-dev (1:13.0.0-8) ...
Setting up libobjc-11-dev:amd64 (11.2.0-10) ...
Setting up libclang1-13 (1:13.0.0-8) ...
Setting up libclang-cpp13 (1:13.0.0-8) ...
Setting up clang-13 (1:13.0.0-8) ...
Processing triggers for libc-bin (2.32-4) ...
W: --force-yes is deprecated, use one of the options starting with --allow instead.
+ echo 'Replace gcc, g++ & cpp by clang'
Replace gcc, g++ & cpp by clang
+ VERSIONS='4.6 4.7 4.8 4.9 5 6 7 8 9 10 11'
+ cd /usr/bin
+ for VERSION in $VERSIONS
+ rm -f g++-4.6 gcc-4.6 cpp-4.6 gcc
+ ln -s clang++-13 g++-4.6
+ ln -s clang-13 gcc-4.6
+ ln -s clang-13 cpp-4.6
+ ln -s clang-13 gcc
+ echo 'gcc-4.6 hold'
+ dpkg --set-selections
dpkg: warning: package not in status nor available database at line 1: gcc-4.6
dpkg: warning: found unknown packages; this might mean the available database
is outdated, and needs to be updated through a frontend method;
please see the FAQ <https://wiki.debian.org/Teams/Dpkg/FAQ>
+ echo 'g++-4.6 hold'
+ dpkg --set-selections
dpkg: warning: package not in status nor available database at line 1: g++-4.6
dpkg: warning: found unknown packages; this might mean the available database
is outdated, and needs to be updated through a frontend method;
please see the FAQ <https://wiki.debian.org/Teams/Dpkg/FAQ>
+ for VERSION in $VERSIONS
+ rm -f g++-4.7 gcc-4.7 cpp-4.7 gcc
+ ln -s clang++-13 g++-4.7
+ ln -s clang-13 gcc-4.7
+ ln -s clang-13 cpp-4.7
+ ln -s clang-13 gcc
+ echo 'gcc-4.7 hold'
+ dpkg --set-selections
dpkg: warning: package not in status nor available database at line 1: gcc-4.7
dpkg: warning: found unknown packages; this might mean the available database
is outdated, and needs to be updated through a frontend method;
please see the FAQ <https://wiki.debian.org/Teams/Dpkg/FAQ>
+ echo 'g++-4.7 hold'
+ dpkg --set-selections
dpkg: warning: package not in status nor available database at line 1: g++-4.7
dpkg: warning: found unknown packages; this might mean the available database
is outdated, and needs to be updated through a frontend method;
please see the FAQ <https://wiki.debian.org/Teams/Dpkg/FAQ>
+ for VERSION in $VERSIONS
+ rm -f g++-4.8 gcc-4.8 cpp-4.8 gcc
+ ln -s clang++-13 g++-4.8
+ ln -s clang-13 gcc-4.8
+ ln -s clang-13 cpp-4.8
+ ln -s clang-13 gcc
+ echo 'gcc-4.8 hold'
+ dpkg --set-selections
dpkg: warning: package not in status nor available database at line 1: gcc-4.8
dpkg: warning: found unknown packages; this might mean the available database
is outdated, and needs to be updated through a frontend method;
please see the FAQ <https://wiki.debian.org/Teams/Dpkg/FAQ>
+ echo 'g++-4.8 hold'
+ dpkg --set-selections
dpkg: warning: package not in status nor available database at line 1: g++-4.8
dpkg: warning: found unknown packages; this might mean the available database
is outdated, and needs to be updated through a frontend method;
please see the FAQ <https://wiki.debian.org/Teams/Dpkg/FAQ>
+ for VERSION in $VERSIONS
+ rm -f g++-4.9 gcc-4.9 cpp-4.9 gcc
+ ln -s clang++-13 g++-4.9
+ ln -s clang-13 gcc-4.9
+ ln -s clang-13 cpp-4.9
+ ln -s clang-13 gcc
+ echo 'gcc-4.9 hold'
+ dpkg --set-selections
dpkg: warning: package not in status nor available database at line 1: gcc-4.9
dpkg: warning: found unknown packages; this might mean the available database
is outdated, and needs to be updated through a frontend method;
please see the FAQ <https://wiki.debian.org/Teams/Dpkg/FAQ>
+ echo 'g++-4.9 hold'
+ dpkg --set-selections
dpkg: warning: package not in status nor available database at line 1: g++-4.9
dpkg: warning: found unknown packages; this might mean the available database
is outdated, and needs to be updated through a frontend method;
please see the FAQ <https://wiki.debian.org/Teams/Dpkg/FAQ>
+ for VERSION in $VERSIONS
+ rm -f g++-5 gcc-5 cpp-5 gcc
+ ln -s clang++-13 g++-5
+ ln -s clang-13 gcc-5
+ ln -s clang-13 cpp-5
+ ln -s clang-13 gcc
+ echo 'gcc-5 hold'
+ dpkg --set-selections
dpkg: warning: package not in status nor available database at line 1: gcc-5
dpkg: warning: found unknown packages; this might mean the available database
is outdated, and needs to be updated through a frontend method;
please see the FAQ <https://wiki.debian.org/Teams/Dpkg/FAQ>
+ echo 'g++-5 hold'
+ dpkg --set-selections
dpkg: warning: package not in status nor available database at line 1: g++-5
dpkg: warning: found unknown packages; this might mean the available database
is outdated, and needs to be updated through a frontend method;
please see the FAQ <https://wiki.debian.org/Teams/Dpkg/FAQ>
+ for VERSION in $VERSIONS
+ rm -f g++-6 gcc-6 cpp-6 gcc
+ ln -s clang++-13 g++-6
+ ln -s clang-13 gcc-6
+ ln -s clang-13 cpp-6
+ ln -s clang-13 gcc
+ echo 'gcc-6 hold'
+ dpkg --set-selections
dpkg: warning: package not in status nor available database at line 1: gcc-6
dpkg: warning: found unknown packages; this might mean the available database
is outdated, and needs to be updated through a frontend method;
please see the FAQ <https://wiki.debian.org/Teams/Dpkg/FAQ>
+ echo 'g++-6 hold'
+ dpkg --set-selections
dpkg: warning: package not in status nor available database at line 1: g++-6
dpkg: warning: found unknown packages; this might mean the available database
is outdated, and needs to be updated through a frontend method;
please see the FAQ <https://wiki.debian.org/Teams/Dpkg/FAQ>
+ for VERSION in $VERSIONS
+ rm -f g++-7 gcc-7 cpp-7 gcc
+ ln -s clang++-13 g++-7
+ ln -s clang-13 gcc-7
+ ln -s clang-13 cpp-7
+ ln -s clang-13 gcc
+ echo 'gcc-7 hold'
+ dpkg --set-selections
dpkg: warning: package not in status nor available database at line 1: gcc-7
dpkg: warning: found unknown packages; this might mean the available database
is outdated, and needs to be updated through a frontend method;
please see the FAQ <https://wiki.debian.org/Teams/Dpkg/FAQ>
+ echo 'g++-7 hold'
+ dpkg --set-selections
dpkg: warning: package not in status nor available database at line 1: g++-7
dpkg: warning: found unknown packages; this might mean the available database
is outdated, and needs to be updated through a frontend method;
please see the FAQ <https://wiki.debian.org/Teams/Dpkg/FAQ>
+ for VERSION in $VERSIONS
+ rm -f g++-8 gcc-8 cpp-8 gcc
+ ln -s clang++-13 g++-8
+ ln -s clang-13 gcc-8
+ ln -s clang-13 cpp-8
+ ln -s clang-13 gcc
+ echo 'gcc-8 hold'
+ dpkg --set-selections
dpkg: warning: package not in status nor available database at line 1: gcc-8
dpkg: warning: found unknown packages; this might mean the available database
is outdated, and needs to be updated through a frontend method;
please see the FAQ <https://wiki.debian.org/Teams/Dpkg/FAQ>
+ echo 'g++-8 hold'
+ dpkg --set-selections
dpkg: warning: package not in status nor available database at line 1: g++-8
dpkg: warning: found unknown packages; this might mean the available database
is outdated, and needs to be updated through a frontend method;
please see the FAQ <https://wiki.debian.org/Teams/Dpkg/FAQ>
+ for VERSION in $VERSIONS
+ rm -f g++-9 gcc-9 cpp-9 gcc
+ ln -s clang++-13 g++-9
+ ln -s clang-13 gcc-9
+ ln -s clang-13 cpp-9
+ ln -s clang-13 gcc
+ echo 'gcc-9 hold'
+ dpkg --set-selections
dpkg: warning: package not in status nor available database at line 1: gcc-9
dpkg: warning: found unknown packages; this might mean the available database
is outdated, and needs to be updated through a frontend method;
please see the FAQ <https://wiki.debian.org/Teams/Dpkg/FAQ>
+ echo 'g++-9 hold'
+ dpkg --set-selections
dpkg: warning: package not in status nor available database at line 1: g++-9
dpkg: warning: found unknown packages; this might mean the available database
is outdated, and needs to be updated through a frontend method;
please see the FAQ <https://wiki.debian.org/Teams/Dpkg/FAQ>
+ for VERSION in $VERSIONS
+ rm -f g++-10 gcc-10 cpp-10 gcc
+ ln -s clang++-13 g++-10
+ ln -s clang-13 gcc-10
+ ln -s clang-13 cpp-10
+ ln -s clang-13 gcc
+ echo 'gcc-10 hold'
+ dpkg --set-selections
dpkg: warning: package not in status nor available database at line 1: gcc-10
dpkg: warning: found unknown packages; this might mean the available database
is outdated, and needs to be updated through a frontend method;
please see the FAQ <https://wiki.debian.org/Teams/Dpkg/FAQ>
+ echo 'g++-10 hold'
+ dpkg --set-selections
dpkg: warning: package not in status nor available database at line 1: g++-10
dpkg: warning: found unknown packages; this might mean the available database
is outdated, and needs to be updated through a frontend method;
please see the FAQ <https://wiki.debian.org/Teams/Dpkg/FAQ>
+ for VERSION in $VERSIONS
+ rm -f g++-11 gcc-11 cpp-11 gcc
+ ln -s clang++-13 g++-11
+ ln -s clang-13 gcc-11
+ ln -s clang-13 cpp-11
+ ln -s clang-13 gcc
+ echo 'gcc-11 hold'
+ dpkg --set-selections
+ echo 'g++-11 hold'
+ dpkg --set-selections
+ cd -
/build/ayatana-indicator-messages-8eLNMq
+ echo 'Check if gcc, g++ & cpp are actually clang'
Check if gcc, g++ & cpp are actually clang
+ gcc --version
+ grep clang
+ cpp --version
+ grep clang
+ g++ --version
+ grep clang
+ cd /usr/bin/
+ rm -f clang++ clang
+ ln -s clang-13 clang++
+ ln -s clang-13 clang
+ clang++ --version
Debian clang version 13.0.0-8
Target: x86_64-pc-linux-gnu
Thread model: posix
InstalledDir: /usr/bin
+ clang --version
Debian clang version 13.0.0-8
Target: x86_64-pc-linux-gnu
Thread model: posix
InstalledDir: /usr/bin
+ cd -
/build/ayatana-indicator-messages-8eLNMq
+ apt install --yes --no-install-recommends --force-yes qt5-qmake

WARNING: apt does not have a stable CLI interface. Use with caution in scripts.

Reading package lists...
Building dependency tree...
Reading state information...
The following additional packages will be installed:
  qt5-qmake-bin qtchooser
The following NEW packages will be installed:
  qt5-qmake qt5-qmake-bin qtchooser
0 upgraded, 3 newly installed, 0 to remove and 0 not upgraded.
Need to get 1322 kB of archives.
After this operation, 4914 kB of additional disk space will be used.
Get:1 http://127.0.0.1:12990/debian sid/main amd64 qt5-qmake-bin amd64 5.15.2+dfsg-12 [1046 kB]
Get:2 http://127.0.0.1:12990/debian sid/main amd64 qtchooser amd64 66-2 [26.3 kB]
Get:3 http://127.0.0.1:12990/debian sid/main amd64 qt5-qmake amd64 5.15.2+dfsg-12 [249 kB]
debconf: delaying package configuration, since apt-utils is not installed
Fetched 1322 kB in 0s (21.0 MB/s)
Selecting previously unselected package qt5-qmake-bin.
(Reading database ... (Reading database ... 5%(Reading database ... 10%(Reading database ... 15%(Reading database ... 20%(Reading database ... 25%(Reading database ... 30%(Reading database ... 35%(Reading database ... 40%(Reading database ... 45%(Reading database ... 50%(Reading database ... 55%(Reading database ... 60%(Reading database ... 65%(Reading database ... 70%(Reading database ... 75%(Reading database ... 80%(Reading database ... 85%(Reading database ... 90%(Reading database ... 95%(Reading database ... 100%(Reading database ... 13528 files and directories currently installed.)
Preparing to unpack .../qt5-qmake-bin_5.15.2+dfsg-12_amd64.deb ...
Unpacking qt5-qmake-bin (5.15.2+dfsg-12) ...
Selecting previously unselected package qtchooser.
Preparing to unpack .../qtchooser_66-2_amd64.deb ...
Unpacking qtchooser (66-2) ...
Selecting previously unselected package qt5-qmake:amd64.
Preparing to unpack .../qt5-qmake_5.15.2+dfsg-12_amd64.deb ...
Unpacking qt5-qmake:amd64 (5.15.2+dfsg-12) ...
Setting up qt5-qmake-bin (5.15.2+dfsg-12) ...
Setting up qtchooser (66-2) ...
Setting up qt5-qmake:amd64 (5.15.2+dfsg-12) ...
W: --force-yes is deprecated, use one of the options starting with --allow instead.
+ cp /usr/lib/x86_64-linux-gnu/qt5/mkspecs/linux-clang/qmake.conf /usr/lib/x86_64-linux-gnu/qt5/mkspecs/linux-clang/qplatformdefs.h /usr/lib/x86_64-linux-gnu/qt5/mkspecs/linux-g++/
+ ls -al /usr/lib/x86_64-linux-gnu/qt5/mkspecs/linux-g++/
total 16
drwxr-xr-x  2 root root 4096 Oct 26 22:52 .
drwxr-xr-x 76 root root 4096 Oct 26 22:52 ..
-rw-r--r--  1 root root  276 Oct 26 22:52 qmake.conf
-rw-r--r--  1 root root 3218 Oct 26 22:52 qplatformdefs.h
+ cat /usr/lib/x86_64-linux-gnu/qt5/mkspecs/linux-g++/qmake.conf
#
# qmake configuration for linux-clang
#

MAKEFILE_GENERATOR = UNIX
CONFIG += incremental

QMAKE_INCREMENTAL_STYLE = sublib

include(../common/linux.conf)
include(../common/gcc-base-unix.conf)
include(../common/clang.conf)

QMAKE_LFLAGS += -ccc-gcc-name g++

load(qt_config)
+ export QMAKESPEC=/usr/lib/x86_64-linux-gnu/qt5/mkspecs/linux-clang/
+ QMAKESPEC=/usr/lib/x86_64-linux-gnu/qt5/mkspecs/linux-clang/
+ sed -i -e 's|compare_problem(2,|compare_problem(0,|g' /usr/bin/dpkg-gensymbols
+ sed -i -e 's|compare_problem(1,|compare_problem(0,|g' /usr/bin/dpkg-gensymbols
+ grep 'compare_problem(' /usr/bin/dpkg-gensymbols
        compare_problem(4, g_('new libraries appeared in the symbols file: %s'), "@libs");
        compare_problem(3, g_('some libraries disappeared in the symbols file: %s'), "@libs");
        compare_problem(0, g_('some new symbols appeared in the symbols file: %s'),
        compare_problem(0, g_('some symbols or patterns disappeared in the symbols file: %s'),

I: Finished running '/tmp/clang13'.

Finished processing commands.
--------------------------------------------------------------------------------
I: NOTICE: Log filtering will replace 'build/ayatana-indicator-messages-8eLNMq/resolver-Ld0JMz' with '<<RESOLVERDIR>>'

+------------------------------------------------------------------------------+
| Update chroot                                                                |
+------------------------------------------------------------------------------+

Hit:1 http://127.0.0.1:12990/debian sid InRelease
Reading package lists...
Reading package lists...
Building dependency tree...
Reading state information...
Calculating upgrade...
0 upgraded, 0 newly installed, 0 to remove and 0 not upgraded.

+------------------------------------------------------------------------------+
| Fetch source files                                                           |
+------------------------------------------------------------------------------+


Check APT
---------

Checking available source versions...

Download source files with APT
------------------------------

Reading package lists...
NOTICE: 'ayatana-indicator-messages' packaging is maintained in the 'Git' version control system at:
https://salsa.debian.org/debian-ayatana-team/ayatana-indicator-messages.git
Please use:
git clone https://salsa.debian.org/debian-ayatana-team/ayatana-indicator-messages.git
to retrieve the latest (possibly unreleased) updates to the package.
Need to get 230 kB of source archives.
Get:1 http://127.0.0.1:12990/debian sid/main ayatana-indicator-messages 0.8.2-1 (dsc) [2999 B]
Get:2 http://127.0.0.1:12990/debian sid/main ayatana-indicator-messages 0.8.2-1 (tar) [211 kB]
Get:3 http://127.0.0.1:12990/debian sid/main ayatana-indicator-messages 0.8.2-1 (asc) [833 B]
Get:4 http://127.0.0.1:12990/debian sid/main ayatana-indicator-messages 0.8.2-1 (diff) [14.3 kB]
Fetched 230 kB in 0s (2794 kB/s)
Download complete and in download only mode
I: NOTICE: Log filtering will replace 'build/ayatana-indicator-messages-8eLNMq/ayatana-indicator-messages-0.8.2' with '<<PKGBUILDDIR>>'
I: NOTICE: Log filtering will replace 'build/ayatana-indicator-messages-8eLNMq' with '<<BUILDDIR>>'

+------------------------------------------------------------------------------+
| Install package build dependencies                                           |
+------------------------------------------------------------------------------+


Setup apt archive
-----------------

Merged Build-Depends: debhelper-compat (= 13), dh-exec, gobject-introspection (>= 0.9.12-4~), gtk-doc-tools, intltool, libaccountsservice-dev, libdbustest1-dev, libgirepository1.0-dev (>= 0.9.12), libgtest-dev, mate-common, python3-dbusmock, valac, systemd, build-essential, fakeroot
Filtered Build-Depends: debhelper-compat (= 13), dh-exec, gobject-introspection (>= 0.9.12-4~), gtk-doc-tools, intltool, libaccountsservice-dev, libdbustest1-dev, libgirepository1.0-dev (>= 0.9.12), libgtest-dev, mate-common, python3-dbusmock, valac, systemd, build-essential, fakeroot
dpkg-deb: building package 'sbuild-build-depends-main-dummy' in '/<<RESOLVERDIR>>/apt_archive/sbuild-build-depends-main-dummy.deb'.
Ign:1 copy:/<<RESOLVERDIR>>/apt_archive ./ InRelease
Get:2 copy:/<<RESOLVERDIR>>/apt_archive ./ Release [957 B]
Ign:3 copy:/<<RESOLVERDIR>>/apt_archive ./ Release.gpg
Get:4 copy:/<<RESOLVERDIR>>/apt_archive ./ Sources [501 B]
Get:5 copy:/<<RESOLVERDIR>>/apt_archive ./ Packages [574 B]
Fetched 2032 B in 0s (203 kB/s)
Reading package lists...
Reading package lists...

Install main build dependencies (apt-based resolver)
----------------------------------------------------

Installing build dependencies
Reading package lists...
Building dependency tree...
Reading state information...
The following additional packages will be installed:
  autoconf autoconf-archive automake autopoint autotools-dev bsdextrautils
  ca-certificates dbus-bin dbus-daemon dbus-session-bus-common dbus-x11
  debhelper dh-autoreconf dh-exec dh-strip-nondeterminism dmsetup docbook
  docbook-to-man docbook-xml docbook-xsl dwz file gettext gettext-base
  gir1.2-accountsservice-1.0 gir1.2-freedesktop gir1.2-glib-2.0
  gir1.2-polkit-1.0 gobject-introspection googletest groff-base gtk-doc-tools
  intltool intltool-debian libaccountsservice-dev libaccountsservice0
  libapparmor1 libarchive-zip-perl libargon2-1 libblkid-dev libcryptsetup12
  libdbus-1-3 libdbustest1 libdbustest1-dev libdebhelper-perl
  libdevmapper1.02.1 libelf1 libencode-locale-perl libexpat1 libffi-dev
  libfile-listing-perl libfile-stripnondeterminism-perl libgirepository-1.0-1
  libgirepository1.0-dev libglib2.0-0 libglib2.0-bin libglib2.0-data
  libglib2.0-dev libglib2.0-dev-bin libgtest-dev libhtml-parser-perl
  libhtml-tagset-perl libhtml-tree-perl libhttp-cookies-perl libhttp-date-perl
  libhttp-message-perl libhttp-negotiate-perl libio-html-perl
  libio-socket-ssl-perl libip4tc2 libjson-c5 libkmod2 liblwp-mediatypes-perl
  liblwp-protocol-https-perl libmagic-mgc libmagic1 libmount-dev libmpdec3
  libncursesw6 libnet-http-perl libnet-ssleay-perl libosp5 libpcre16-3
  libpcre2-16-0 libpcre2-32-0 libpcre2-dev libpcre2-posix2 libpcre3-dev
  libpcre32-3 libpcrecpp0v5 libpipeline1 libpolkit-agent-1-0
  libpolkit-gobject-1-0 libpolkit-gobject-1-dev libpython3-stdlib
  libpython3.9-minimal libpython3.9-stdlib libreadline8 libselinux1-dev
  libsepol1-dev libsigsegv2 libsqlite3-0 libsub-override-perl libtimedate-perl
  libtool libtry-tiny-perl libuchardet0 liburi-perl libvala-0.54-0
  libvalacodegen-0.54-0 libwww-perl libwww-robotrules-perl libx11-6
  libx11-data libxau6 libxcb1 libxdmcp6 libxml-parser-perl libxslt1.1 m4
  man-db mate-common media-types netbase opensp openssl perl-openssl-defaults
  pkg-config po-debconf python3 python3-dbus python3-dbusmock
  python3-distutils python3-gi python3-lib2to3 python3-lxml python3-mako
  python3-markdown python3-markupsafe python3-minimal python3-pkg-resources
  python3-pygments python3.9 python3.9-minimal readline-common sensible-utils
  sgml-base sgml-data systemd uuid-dev valac valac-0.54-vapi valac-bin
  xml-core xsltproc zlib1g-dev
Suggested packages:
  gnu-standards autoconf-doc dh-make docbook-defguide docbook-dsssl psgml
  dbtoepub docbook-xsl-doc-html | docbook-xsl-doc-pdf | docbook-xsl-doc-text
  | docbook-xsl-doc docbook-xsl-saxon fop libsaxon-java libxalan2-java
  libxslthl-java xalan gettext-doc libasprintf-dev libgettextpo-dev groff
  dblatex libgirepository1.0-doc libglib2.0-doc libgdk-pixbuf2.0-bin
  | libgdk-pixbuf2.0-dev libxml2-utils libdata-dump-perl libcrypt-ssleay-perl
  libtool-doc gfortran | fortran95-compiler gcj-jdk libauthen-ntlm-perl m4-doc
  apparmor less www-browser doc-base libmail-box-perl python3-doc python3-tk
  python3-venv python-dbus-doc python-lxml-doc python3-beaker python-mako-doc
  python-markdown-doc python3-setuptools python-pygments-doc
  ttf-bitstream-vera python3.9-venv python3.9-doc binfmt-support readline-doc
  sgml-base-doc perlsgml w3-recs systemd-container policykit-1
Recommended packages:
  curl | wget | lynx dbus libarchive-cpio-perl shared-mime-info xdg-user-dirs
  libhtml-format-perl libclone-perl libgpm2 libltdl-dev libdata-dump-perl
  libhtml-form-perl libhttp-daemon-perl libmailtools-perl
  libmail-sendmail-perl python3-bs4 python3-html5lib python3-yaml
  systemd-timesyncd | time-daemon
The following NEW packages will be installed:
  autoconf autoconf-archive automake autopoint autotools-dev bsdextrautils
  ca-certificates dbus-bin dbus-daemon dbus-session-bus-common dbus-x11
  debhelper dh-autoreconf dh-exec dh-strip-nondeterminism dmsetup docbook
  docbook-to-man docbook-xml docbook-xsl dwz file gettext gettext-base
  gir1.2-accountsservice-1.0 gir1.2-freedesktop gir1.2-glib-2.0
  gir1.2-polkit-1.0 gobject-introspection googletest groff-base gtk-doc-tools
  intltool intltool-debian libaccountsservice-dev libaccountsservice0
  libapparmor1 libarchive-zip-perl libargon2-1 libblkid-dev libcryptsetup12
  libdbus-1-3 libdbustest1 libdbustest1-dev libdebhelper-perl
  libdevmapper1.02.1 libelf1 libencode-locale-perl libexpat1 libffi-dev
  libfile-listing-perl libfile-stripnondeterminism-perl libgirepository-1.0-1
  libgirepository1.0-dev libglib2.0-0 libglib2.0-bin libglib2.0-data
  libglib2.0-dev libglib2.0-dev-bin libgtest-dev libhtml-parser-perl
  libhtml-tagset-perl libhtml-tree-perl libhttp-cookies-perl libhttp-date-perl
  libhttp-message-perl libhttp-negotiate-perl libio-html-perl
  libio-socket-ssl-perl libip4tc2 libjson-c5 libkmod2 liblwp-mediatypes-perl
  liblwp-protocol-https-perl libmagic-mgc libmagic1 libmount-dev libmpdec3
  libncursesw6 libnet-http-perl libnet-ssleay-perl libosp5 libpcre16-3
  libpcre2-16-0 libpcre2-32-0 libpcre2-dev libpcre2-posix2 libpcre3-dev
  libpcre32-3 libpcrecpp0v5 libpipeline1 libpolkit-agent-1-0
  libpolkit-gobject-1-0 libpolkit-gobject-1-dev libpython3-stdlib
  libpython3.9-minimal libpython3.9-stdlib libreadline8 libselinux1-dev
  libsepol1-dev libsigsegv2 libsqlite3-0 libsub-override-perl libtimedate-perl
  libtool libtry-tiny-perl libuchardet0 liburi-perl libvala-0.54-0
  libvalacodegen-0.54-0 libwww-perl libwww-robotrules-perl libx11-6
  libx11-data libxau6 libxcb1 libxdmcp6 libxml-parser-perl libxslt1.1 m4
  man-db mate-common media-types netbase opensp openssl perl-openssl-defaults
  pkg-config po-debconf python3 python3-dbus python3-dbusmock
  python3-distutils python3-gi python3-lib2to3 python3-lxml python3-mako
  python3-markdown python3-markupsafe python3-minimal python3-pkg-resources
  python3-pygments python3.9 python3.9-minimal readline-common
  sbuild-build-depends-main-dummy sensible-utils sgml-base sgml-data systemd
  uuid-dev valac valac-0.54-vapi valac-bin xml-core xsltproc zlib1g-dev
0 upgraded, 157 newly installed, 0 to remove and 0 not upgraded.
Need to get 46.9 MB of archives.
After this operation, 203 MB of additional disk space will be used.
Get:1 copy:/<<RESOLVERDIR>>/apt_archive ./ sbuild-build-depends-main-dummy 0.invalid.0 [1000 B]
Get:2 http://127.0.0.1:12990/debian sid/main amd64 libapparmor1 amd64 3.0.3-5 [103 kB]
Get:3 http://127.0.0.1:12990/debian sid/main amd64 libargon2-1 amd64 0~20171227-0.2 [19.6 kB]
Get:4 http://127.0.0.1:12990/debian sid/main amd64 dmsetup amd64 2:1.02.175-2.1 [92.1 kB]
Get:5 http://127.0.0.1:12990/debian sid/main amd64 libdevmapper1.02.1 amd64 2:1.02.175-2.1 [143 kB]
Get:6 http://127.0.0.1:12990/debian sid/main amd64 libjson-c5 amd64 0.15-2 [42.8 kB]
Get:7 http://127.0.0.1:12990/debian sid/main amd64 libcryptsetup12 amd64 2:2.4.1-1 [240 kB]
Get:8 http://127.0.0.1:12990/debian sid/main amd64 libip4tc2 amd64 1.8.7-1 [34.6 kB]
Get:9 http://127.0.0.1:12990/debian sid/main amd64 libkmod2 amd64 29-1 [56.5 kB]
Get:10 http://127.0.0.1:12990/debian sid/main amd64 systemd amd64 249.5-1 [4446 kB]
Get:11 http://127.0.0.1:12990/debian sid/main amd64 bsdextrautils amd64 2.37.2-4 [143 kB]
Get:12 http://127.0.0.1:12990/debian sid/main amd64 libuchardet0 amd64 0.0.7-1 [67.8 kB]
Get:13 http://127.0.0.1:12990/debian sid/main amd64 groff-base amd64 1.22.4-7 [935 kB]
Get:14 http://127.0.0.1:12990/debian sid/main amd64 libpipeline1 amd64 1.5.3-1 [34.3 kB]
Get:15 http://127.0.0.1:12990/debian sid/main amd64 man-db amd64 2.9.4-2 [1354 kB]
Get:16 http://127.0.0.1:12990/debian sid/main amd64 autoconf-archive all 20210219-2 [767 kB]
Get:17 http://127.0.0.1:12990/debian sid/main amd64 libsigsegv2 amd64 2.13-1 [34.8 kB]
Get:18 http://127.0.0.1:12990/debian sid/main amd64 m4 amd64 1.4.18-5 [204 kB]
Get:19 http://127.0.0.1:12990/debian sid/main amd64 autoconf all 2.71-2 [343 kB]
Get:20 http://127.0.0.1:12990/debian sid/main amd64 autotools-dev all 20180224.1+nmu1 [77.1 kB]
Get:21 http://127.0.0.1:12990/debian sid/main amd64 automake all 1:1.16.5-1 [823 kB]
Get:22 http://127.0.0.1:12990/debian sid/main amd64 gettext-base amd64 0.21-4 [175 kB]
Get:23 http://127.0.0.1:12990/debian sid/main amd64 gettext amd64 0.21-4 [1311 kB]
Get:24 http://127.0.0.1:12990/debian sid/main amd64 libpython3.9-minimal amd64 3.9.7-4 [804 kB]
Get:25 http://127.0.0.1:12990/debian sid/main amd64 libexpat1 amd64 2.4.1-3 [104 kB]
Get:26 http://127.0.0.1:12990/debian sid/main amd64 python3.9-minimal amd64 3.9.7-4 [1963 kB]
Get:27 http://127.0.0.1:12990/debian sid/main amd64 python3-minimal amd64 3.9.2-3 [38.2 kB]
Get:28 http://127.0.0.1:12990/debian sid/main amd64 media-types all 4.0.0 [30.3 kB]
Get:29 http://127.0.0.1:12990/debian sid/main amd64 libmpdec3 amd64 2.5.1-2 [87.8 kB]
Get:30 http://127.0.0.1:12990/debian sid/main amd64 libncursesw6 amd64 6.2+20210905-1 [133 kB]
Get:31 http://127.0.0.1:12990/debian sid/main amd64 readline-common all 8.1-2 [73.8 kB]
Get:32 http://127.0.0.1:12990/debian sid/main amd64 libreadline8 amd64 8.1-2 [168 kB]
Get:33 http://127.0.0.1:12990/debian sid/main amd64 libsqlite3-0 amd64 3.36.0-2 [815 kB]
Get:34 http://127.0.0.1:12990/debian sid/main amd64 libpython3.9-stdlib amd64 3.9.7-4 [1688 kB]
Get:35 http://127.0.0.1:12990/debian sid/main amd64 python3.9 amd64 3.9.7-4 [480 kB]
Get:36 http://127.0.0.1:12990/debian sid/main amd64 libpython3-stdlib amd64 3.9.2-3 [21.4 kB]
Get:37 http://127.0.0.1:12990/debian sid/main amd64 python3 amd64 3.9.2-3 [37.9 kB]
Get:38 http://127.0.0.1:12990/debian sid/main amd64 libglib2.0-0 amd64 2.70.0-3 [1401 kB]
Get:39 http://127.0.0.1:12990/debian sid/main amd64 pkg-config amd64 0.29.2-1 [65.1 kB]
Get:40 http://127.0.0.1:12990/debian sid/main amd64 libxslt1.1 amd64 1.1.34-4 [239 kB]
Get:41 http://127.0.0.1:12990/debian sid/main amd64 python3-lxml amd64 4.6.3+dfsg-1 [1090 kB]
Get:42 http://127.0.0.1:12990/debian sid/main amd64 python3-pkg-resources all 58.2.0-1 [192 kB]
Get:43 http://127.0.0.1:12990/debian sid/main amd64 python3-pygments all 2.7.1+dfsg-2.1 [657 kB]
Get:44 http://127.0.0.1:12990/debian sid/main amd64 sgml-base all 1.30 [15.1 kB]
Get:45 http://127.0.0.1:12990/debian sid/main amd64 xml-core all 0.18+nmu1 [23.8 kB]
Get:46 http://127.0.0.1:12990/debian sid/main amd64 sgml-data all 2.0.11+nmu1 [179 kB]
Get:47 http://127.0.0.1:12990/debian sid/main amd64 docbook-xml all 4.5-11 [85.0 kB]
Get:48 http://127.0.0.1:12990/debian sid/main amd64 docbook-xsl all 1.79.2+dfsg-1 [1237 kB]
Get:49 http://127.0.0.1:12990/debian sid/main amd64 docbook all 4.5-8 [131 kB]
Get:50 http://127.0.0.1:12990/debian sid/main amd64 libosp5 amd64 1.5.2-13+b2 [934 kB]
Get:51 http://127.0.0.1:12990/debian sid/main amd64 opensp amd64 1.5.2-13+b2 [421 kB]
Get:52 http://127.0.0.1:12990/debian sid/main amd64 docbook-to-man amd64 1:2.0.0-45 [77.4 kB]
Get:53 http://127.0.0.1:12990/debian sid/main amd64 xsltproc amd64 1.1.34-4 [124 kB]
Get:54 http://127.0.0.1:12990/debian sid/main amd64 gtk-doc-tools all 1.33.2-1 [329 kB]
Get:55 http://127.0.0.1:12990/debian sid/main amd64 liburi-perl all 5.08-1 [90.6 kB]
Get:56 http://127.0.0.1:12990/debian sid/main amd64 openssl amd64 1.1.1l-1 [851 kB]
Get:57 http://127.0.0.1:12990/debian sid/main amd64 ca-certificates all 20211016 [156 kB]
Get:58 http://127.0.0.1:12990/debian sid/main amd64 libencode-locale-perl all 1.05-1.1 [13.2 kB]
Get:59 http://127.0.0.1:12990/debian sid/main amd64 libtimedate-perl all 2.3300-2 [39.3 kB]
Get:60 http://127.0.0.1:12990/debian sid/main amd64 libhttp-date-perl all 6.05-1 [10.4 kB]
Get:61 http://127.0.0.1:12990/debian sid/main amd64 libfile-listing-perl all 6.14-1 [12.4 kB]
Get:62 http://127.0.0.1:12990/debian sid/main amd64 libhtml-tagset-perl all 3.20-4 [13.0 kB]
Get:63 http://127.0.0.1:12990/debian sid/main amd64 libhtml-parser-perl amd64 3.76-1 [105 kB]
Get:64 http://127.0.0.1:12990/debian sid/main amd64 libhtml-tree-perl all 5.07-2 [213 kB]
Get:65 http://127.0.0.1:12990/debian sid/main amd64 libio-html-perl all 1.004-2 [16.1 kB]
Get:66 http://127.0.0.1:12990/debian sid/main amd64 liblwp-mediatypes-perl all 6.04-1 [19.9 kB]
Get:67 http://127.0.0.1:12990/debian sid/main amd64 libhttp-message-perl all 6.33-1 [80.1 kB]
Get:68 http://127.0.0.1:12990/debian sid/main amd64 libhttp-cookies-perl all 6.10-1 [19.6 kB]
Get:69 http://127.0.0.1:12990/debian sid/main amd64 libhttp-negotiate-perl all 6.01-1 [12.8 kB]
Get:70 http://127.0.0.1:12990/debian sid/main amd64 perl-openssl-defaults amd64 5 [7360 B]
Get:71 http://127.0.0.1:12990/debian sid/main amd64 libnet-ssleay-perl amd64 1.88-3+b1 [321 kB]
Get:72 http://127.0.0.1:12990/debian sid/main amd64 netbase all 6.3 [19.9 kB]
Get:73 http://127.0.0.1:12990/debian sid/main amd64 libio-socket-ssl-perl all 2.072-1 [221 kB]
Get:74 http://127.0.0.1:12990/debian sid/main amd64 libnet-http-perl all 6.21-1 [25.3 kB]
Get:75 http://127.0.0.1:12990/debian sid/main amd64 liblwp-protocol-https-perl all 6.10-1 [12.2 kB]
Get:76 http://127.0.0.1:12990/debian sid/main amd64 libtry-tiny-perl all 0.30-1 [23.3 kB]
Get:77 http://127.0.0.1:12990/debian sid/main amd64 libwww-robotrules-perl all 6.02-1 [12.9 kB]
Get:78 http://127.0.0.1:12990/debian sid/main amd64 libwww-perl all 6.57-1 [193 kB]
Get:79 http://127.0.0.1:12990/debian sid/main amd64 libxml-parser-perl amd64 2.46-2 [206 kB]
Get:80 http://127.0.0.1:12990/debian sid/main amd64 libmagic-mgc amd64 1:5.39-3 [273 kB]
Get:81 http://127.0.0.1:12990/debian sid/main amd64 libmagic1 amd64 1:5.39-3 [126 kB]
Get:82 http://127.0.0.1:12990/debian sid/main amd64 file amd64 1:5.39-3 [69.1 kB]
Get:83 http://127.0.0.1:12990/debian sid/main amd64 intltool all 0.51.0-6 [50.8 kB]
Get:84 http://127.0.0.1:12990/debian sid/main amd64 libtool all 2.4.6-15 [513 kB]
Get:85 http://127.0.0.1:12990/debian sid/main amd64 mate-common all 1.24.2-1 [18.0 kB]
Get:86 http://127.0.0.1:12990/debian sid/main amd64 sensible-utils all 0.0.17 [21.5 kB]
Get:87 http://127.0.0.1:12990/debian sid/main amd64 autopoint all 0.21-4 [510 kB]
Get:88 http://127.0.0.1:12990/debian sid/main amd64 libdbus-1-3 amd64 1.12.20-3 [219 kB]
Get:89 http://127.0.0.1:12990/debian sid/main amd64 dbus-bin amd64 1.12.20-3 [124 kB]
Get:90 http://127.0.0.1:12990/debian sid/main amd64 dbus-session-bus-common all 1.12.20-3 [97.3 kB]
Get:91 http://127.0.0.1:12990/debian sid/main amd64 dbus-daemon amd64 1.12.20-3 [201 kB]
Get:92 http://127.0.0.1:12990/debian sid/main amd64 libxau6 amd64 1:1.0.9-1 [19.7 kB]
Get:93 http://127.0.0.1:12990/debian sid/main amd64 libxdmcp6 amd64 1:1.1.2-3 [26.3 kB]
Get:94 http://127.0.0.1:12990/debian sid/main amd64 libxcb1 amd64 1.14-3 [140 kB]
Get:95 http://127.0.0.1:12990/debian sid/main amd64 libx11-data all 2:1.7.2-2 [311 kB]
Get:96 http://127.0.0.1:12990/debian sid/main amd64 libx11-6 amd64 2:1.7.2-2+b1 [772 kB]
Get:97 http://127.0.0.1:12990/debian sid/main amd64 dbus-x11 amd64 1.12.20-3 [110 kB]
Get:98 http://127.0.0.1:12990/debian sid/main amd64 libdebhelper-perl all 13.5.2 [192 kB]
Get:99 http://127.0.0.1:12990/debian sid/main amd64 dh-autoreconf all 20 [17.1 kB]
Get:100 http://127.0.0.1:12990/debian sid/main amd64 libarchive-zip-perl all 1.68-1 [104 kB]
Get:101 http://127.0.0.1:12990/debian sid/main amd64 libsub-override-perl all 0.09-2 [10.2 kB]
Get:102 http://127.0.0.1:12990/debian sid/main amd64 libfile-stripnondeterminism-perl all 1.12.0-2 [26.3 kB]
Get:103 http://127.0.0.1:12990/debian sid/main amd64 dh-strip-nondeterminism all 1.12.0-2 [15.5 kB]
Get:104 http://127.0.0.1:12990/debian sid/main amd64 libelf1 amd64 0.185-2 [172 kB]
Get:105 http://127.0.0.1:12990/debian sid/main amd64 dwz amd64 0.14-1 [98.3 kB]
Get:106 http://127.0.0.1:12990/debian sid/main amd64 intltool-debian all 0.35.0+20060710.5 [26.8 kB]
Get:107 http://127.0.0.1:12990/debian sid/main amd64 po-debconf all 1.0.21+nmu1 [248 kB]
Get:108 http://127.0.0.1:12990/debian sid/main amd64 debhelper all 13.5.2 [1056 kB]
Get:109 http://127.0.0.1:12990/debian sid/main amd64 dh-exec amd64 0.23.4 [27.1 kB]
Get:110 http://127.0.0.1:12990/debian sid/main amd64 libgirepository-1.0-1 amd64 1.70.0-2 [97.8 kB]
Get:111 http://127.0.0.1:12990/debian sid/main amd64 gir1.2-glib-2.0 amd64 1.70.0-2 [154 kB]
Get:112 http://127.0.0.1:12990/debian sid/main amd64 libaccountsservice0 amd64 0.6.55-3 [82.8 kB]
Get:113 http://127.0.0.1:12990/debian sid/main amd64 gir1.2-accountsservice-1.0 amd64 0.6.55-3 [17.9 kB]
Get:114 http://127.0.0.1:12990/debian sid/main amd64 gir1.2-freedesktop amd64 1.70.0-2 [33.8 kB]
Get:115 http://127.0.0.1:12990/debian sid/main amd64 libpolkit-gobject-1-0 amd64 0.105-31 [48.5 kB]
Get:116 http://127.0.0.1:12990/debian sid/main amd64 libpolkit-agent-1-0 amd64 0.105-31 [28.1 kB]
Get:117 http://127.0.0.1:12990/debian sid/main amd64 gir1.2-polkit-1.0 amd64 0.105-31 [20.2 kB]
Get:118 http://127.0.0.1:12990/debian sid/main amd64 python3-lib2to3 all 3.9.7-1 [79.4 kB]
Get:119 http://127.0.0.1:12990/debian sid/main amd64 python3-distutils all 3.9.7-1 [146 kB]
Get:120 http://127.0.0.1:12990/debian sid/main amd64 python3-markupsafe amd64 2.0.1-2 [13.6 kB]
Get:121 http://127.0.0.1:12990/debian sid/main amd64 python3-mako all 1.1.3+ds1-2 [80.2 kB]
Get:122 http://127.0.0.1:12990/debian sid/main amd64 python3-markdown all 3.3.4-1 [71.4 kB]
Get:123 http://127.0.0.1:12990/debian sid/main amd64 gobject-introspection amd64 1.70.0-2 [306 kB]
Get:124 http://127.0.0.1:12990/debian sid/main amd64 googletest all 1.11.0-2 [535 kB]
Get:125 http://127.0.0.1:12990/debian sid/main amd64 libffi-dev amd64 3.4.2-3 [60.4 kB]
Get:126 http://127.0.0.1:12990/debian sid/main amd64 libglib2.0-data all 2.70.0-3 [1189 kB]
Get:127 http://127.0.0.1:12990/debian sid/main amd64 libglib2.0-bin amd64 2.70.0-3 [145 kB]
Get:128 http://127.0.0.1:12990/debian sid/main amd64 libglib2.0-dev-bin amd64 2.70.0-3 [183 kB]
Get:129 http://127.0.0.1:12990/debian sid/main amd64 uuid-dev amd64 2.37.2-4 [95.8 kB]
Get:130 http://127.0.0.1:12990/debian sid/main amd64 libblkid-dev amd64 2.37.2-4 [232 kB]
Get:131 http://127.0.0.1:12990/debian sid/main amd64 libsepol1-dev amd64 3.1-1 [338 kB]
Get:132 http://127.0.0.1:12990/debian sid/main amd64 libpcre2-16-0 amd64 10.36-2 [231 kB]
Get:133 http://127.0.0.1:12990/debian sid/main amd64 libpcre2-32-0 amd64 10.36-2 [220 kB]
Get:134 http://127.0.0.1:12990/debian sid/main amd64 libpcre2-posix2 amd64 10.36-2 [49.1 kB]
Get:135 http://127.0.0.1:12990/debian sid/main amd64 libpcre2-dev amd64 10.36-2 [731 kB]
Get:136 http://127.0.0.1:12990/debian sid/main amd64 libselinux1-dev amd64 3.1-3 [168 kB]
Get:137 http://127.0.0.1:12990/debian sid/main amd64 libmount-dev amd64 2.37.2-4 [79.0 kB]
Get:138 http://127.0.0.1:12990/debian sid/main amd64 libpcre16-3 amd64 2:8.39-13 [259 kB]
Get:139 http://127.0.0.1:12990/debian sid/main amd64 libpcre32-3 amd64 2:8.39-13 [250 kB]
Get:140 http://127.0.0.1:12990/debian sid/main amd64 libpcrecpp0v5 amd64 2:8.39-13 [152 kB]
Get:141 http://127.0.0.1:12990/debian sid/main amd64 libpcre3-dev amd64 2:8.39-13 [650 kB]
Get:142 http://127.0.0.1:12990/debian sid/main amd64 zlib1g-dev amd64 1:1.2.11.dfsg-2 [190 kB]
Get:143 http://127.0.0.1:12990/debian sid/main amd64 libglib2.0-dev amd64 2.70.0-3 [1599 kB]
Get:144 http://127.0.0.1:12990/debian sid/main amd64 libpolkit-gobject-1-dev amd64 0.105-31 [72.6 kB]
Get:145 http://127.0.0.1:12990/debian sid/main amd64 libaccountsservice-dev amd64 0.6.55-3 [25.0 kB]
Get:146 http://127.0.0.1:12990/debian sid/main amd64 libdbustest1 amd64 16.10.0~bzr100+repack1-4.1 [37.1 kB]
Get:147 http://127.0.0.1:12990/debian sid/main amd64 libdbustest1-dev amd64 16.10.0~bzr100+repack1-4.1 [9884 B]
Get:148 http://127.0.0.1:12990/debian sid/main amd64 libgirepository1.0-dev amd64 1.70.0-2 [856 kB]
Get:149 http://127.0.0.1:12990/debian sid/main amd64 libgtest-dev amd64 1.11.0-2 [231 kB]
Get:150 http://127.0.0.1:12990/debian sid/main amd64 libvala-0.54-0 amd64 0.54.2-2 [830 kB]
Get:151 http://127.0.0.1:12990/debian sid/main amd64 libvalacodegen-0.54-0 amd64 0.54.2-2 [691 kB]
Get:152 http://127.0.0.1:12990/debian sid/main amd64 python3-dbus amd64 1.2.18-3 [108 kB]
Get:153 http://127.0.0.1:12990/debian sid/main amd64 python3-gi amd64 3.42.0-1+b1 [234 kB]
Get:154 http://127.0.0.1:12990/debian sid/main amd64 python3-dbusmock all 0.24.0-1 [74.1 kB]
Get:155 http://127.0.0.1:12990/debian sid/main amd64 valac-0.54-vapi all 0.54.2-2 [1037 kB]
Get:156 http://127.0.0.1:12990/debian sid/main amd64 valac-bin amd64 0.54.2-2 [321 kB]
Get:157 http://127.0.0.1:12990/debian sid/main amd64 valac amd64 0.54.2-2 [412 kB]
debconf: delaying package configuration, since apt-utils is not installed
Fetched 46.9 MB in 0s (143 MB/s)
Selecting previously unselected package libapparmor1:amd64.
(Reading database ... 14273 files and directories currently installed.)
Preparing to unpack .../00-libapparmor1_3.0.3-5_amd64.deb ...
Unpacking libapparmor1:amd64 (3.0.3-5) ...
Selecting previously unselected package libargon2-1:amd64.
Preparing to unpack .../01-libargon2-1_0~20171227-0.2_amd64.deb ...
Unpacking libargon2-1:amd64 (0~20171227-0.2) ...
Selecting previously unselected package dmsetup.
Preparing to unpack .../02-dmsetup_2%3a1.02.175-2.1_amd64.deb ...
Unpacking dmsetup (2:1.02.175-2.1) ...
Selecting previously unselected package libdevmapper1.02.1:amd64.
Preparing to unpack .../03-libdevmapper1.02.1_2%3a1.02.175-2.1_amd64.deb ...
Unpacking libdevmapper1.02.1:amd64 (2:1.02.175-2.1) ...
Selecting previously unselected package libjson-c5:amd64.
Preparing to unpack .../04-libjson-c5_0.15-2_amd64.deb ...
Unpacking libjson-c5:amd64 (0.15-2) ...
Selecting previously unselected package libcryptsetup12:amd64.
Preparing to unpack .../05-libcryptsetup12_2%3a2.4.1-1_amd64.deb ...
Unpacking libcryptsetup12:amd64 (2:2.4.1-1) ...
Selecting previously unselected package libip4tc2:amd64.
Preparing to unpack .../06-libip4tc2_1.8.7-1_amd64.deb ...
Unpacking libip4tc2:amd64 (1.8.7-1) ...
Selecting previously unselected package libkmod2:amd64.
Preparing to unpack .../07-libkmod2_29-1_amd64.deb ...
Unpacking libkmod2:amd64 (29-1) ...
Selecting previously unselected package systemd.
Preparing to unpack .../08-systemd_249.5-1_amd64.deb ...
Unpacking systemd (249.5-1) ...
Selecting previously unselected package bsdextrautils.
Preparing to unpack .../09-bsdextrautils_2.37.2-4_amd64.deb ...
Unpacking bsdextrautils (2.37.2-4) ...
Selecting previously unselected package libuchardet0:amd64.
Preparing to unpack .../10-libuchardet0_0.0.7-1_amd64.deb ...
Unpacking libuchardet0:amd64 (0.0.7-1) ...
Selecting previously unselected package groff-base.
Preparing to unpack .../11-groff-base_1.22.4-7_amd64.deb ...
Unpacking groff-base (1.22.4-7) ...
Selecting previously unselected package libpipeline1:amd64.
Preparing to unpack .../12-libpipeline1_1.5.3-1_amd64.deb ...
Unpacking libpipeline1:amd64 (1.5.3-1) ...
Selecting previously unselected package man-db.
Preparing to unpack .../13-man-db_2.9.4-2_amd64.deb ...
Unpacking man-db (2.9.4-2) ...
Selecting previously unselected package autoconf-archive.
Preparing to unpack .../14-autoconf-archive_20210219-2_all.deb ...
Unpacking autoconf-archive (20210219-2) ...
Selecting previously unselected package libsigsegv2:amd64.
Preparing to unpack .../15-libsigsegv2_2.13-1_amd64.deb ...
Unpacking libsigsegv2:amd64 (2.13-1) ...
Selecting previously unselected package m4.
Preparing to unpack .../16-m4_1.4.18-5_amd64.deb ...
Unpacking m4 (1.4.18-5) ...
Selecting previously unselected package autoconf.
Preparing to unpack .../17-autoconf_2.71-2_all.deb ...
Unpacking autoconf (2.71-2) ...
Selecting previously unselected package autotools-dev.
Preparing to unpack .../18-autotools-dev_20180224.1+nmu1_all.deb ...
Unpacking autotools-dev (20180224.1+nmu1) ...
Selecting previously unselected package automake.
Preparing to unpack .../19-automake_1%3a1.16.5-1_all.deb ...
Unpacking automake (1:1.16.5-1) ...
Selecting previously unselected package gettext-base.
Preparing to unpack .../20-gettext-base_0.21-4_amd64.deb ...
Unpacking gettext-base (0.21-4) ...
Selecting previously unselected package gettext.
Preparing to unpack .../21-gettext_0.21-4_amd64.deb ...
Unpacking gettext (0.21-4) ...
Selecting previously unselected package libpython3.9-minimal:amd64.
Preparing to unpack .../22-libpython3.9-minimal_3.9.7-4_amd64.deb ...
Unpacking libpython3.9-minimal:amd64 (3.9.7-4) ...
Selecting previously unselected package libexpat1:amd64.
Preparing to unpack .../23-libexpat1_2.4.1-3_amd64.deb ...
Unpacking libexpat1:amd64 (2.4.1-3) ...
Selecting previously unselected package python3.9-minimal.
Preparing to unpack .../24-python3.9-minimal_3.9.7-4_amd64.deb ...
Unpacking python3.9-minimal (3.9.7-4) ...
Setting up libpython3.9-minimal:amd64 (3.9.7-4) ...
Setting up libexpat1:amd64 (2.4.1-3) ...
Setting up python3.9-minimal (3.9.7-4) ...
Selecting previously unselected package python3-minimal.
(Reading database ... 17712 files and directories currently installed.)
Preparing to unpack .../0-python3-minimal_3.9.2-3_amd64.deb ...
Unpacking python3-minimal (3.9.2-3) ...
Selecting previously unselected package media-types.
Preparing to unpack .../1-media-types_4.0.0_all.deb ...
Unpacking media-types (4.0.0) ...
Selecting previously unselected package libmpdec3:amd64.
Preparing to unpack .../2-libmpdec3_2.5.1-2_amd64.deb ...
Unpacking libmpdec3:amd64 (2.5.1-2) ...
Selecting previously unselected package libncursesw6:amd64.
Preparing to unpack .../3-libncursesw6_6.2+20210905-1_amd64.deb ...
Unpacking libncursesw6:amd64 (6.2+20210905-1) ...
Selecting previously unselected package readline-common.
Preparing to unpack .../4-readline-common_8.1-2_all.deb ...
Unpacking readline-common (8.1-2) ...
Selecting previously unselected package libreadline8:amd64.
Preparing to unpack .../5-libreadline8_8.1-2_amd64.deb ...
Unpacking libreadline8:amd64 (8.1-2) ...
Selecting previously unselected package libsqlite3-0:amd64.
Preparing to unpack .../6-libsqlite3-0_3.36.0-2_amd64.deb ...
Unpacking libsqlite3-0:amd64 (3.36.0-2) ...
Selecting previously unselected package libpython3.9-stdlib:amd64.
Preparing to unpack .../7-libpython3.9-stdlib_3.9.7-4_amd64.deb ...
Unpacking libpython3.9-stdlib:amd64 (3.9.7-4) ...
Selecting previously unselected package python3.9.
Preparing to unpack .../8-python3.9_3.9.7-4_amd64.deb ...
Unpacking python3.9 (3.9.7-4) ...
Selecting previously unselected package libpython3-stdlib:amd64.
Preparing to unpack .../9-libpython3-stdlib_3.9.2-3_amd64.deb ...
Unpacking libpython3-stdlib:amd64 (3.9.2-3) ...
Setting up python3-minimal (3.9.2-3) ...
Selecting previously unselected package python3.
(Reading database ... 18151 files and directories currently installed.)
Preparing to unpack .../000-python3_3.9.2-3_amd64.deb ...
Unpacking python3 (3.9.2-3) ...
Selecting previously unselected package libglib2.0-0:amd64.
Preparing to unpack .../001-libglib2.0-0_2.70.0-3_amd64.deb ...
Unpacking libglib2.0-0:amd64 (2.70.0-3) ...
Selecting previously unselected package pkg-config.
Preparing to unpack .../002-pkg-config_0.29.2-1_amd64.deb ...
Unpacking pkg-config (0.29.2-1) ...
Selecting previously unselected package libxslt1.1:amd64.
Preparing to unpack .../003-libxslt1.1_1.1.34-4_amd64.deb ...
Unpacking libxslt1.1:amd64 (1.1.34-4) ...
Selecting previously unselected package python3-lxml:amd64.
Preparing to unpack .../004-python3-lxml_4.6.3+dfsg-1_amd64.deb ...
Unpacking python3-lxml:amd64 (4.6.3+dfsg-1) ...
Selecting previously unselected package python3-pkg-resources.
Preparing to unpack .../005-python3-pkg-resources_58.2.0-1_all.deb ...
Unpacking python3-pkg-resources (58.2.0-1) ...
Selecting previously unselected package python3-pygments.
Preparing to unpack .../006-python3-pygments_2.7.1+dfsg-2.1_all.deb ...
Unpacking python3-pygments (2.7.1+dfsg-2.1) ...
Selecting previously unselected package sgml-base.
Preparing to unpack .../007-sgml-base_1.30_all.deb ...
Unpacking sgml-base (1.30) ...
Selecting previously unselected package xml-core.
Preparing to unpack .../008-xml-core_0.18+nmu1_all.deb ...
Unpacking xml-core (0.18+nmu1) ...
Selecting previously unselected package sgml-data.
Preparing to unpack .../009-sgml-data_2.0.11+nmu1_all.deb ...
Unpacking sgml-data (2.0.11+nmu1) ...
Selecting previously unselected package docbook-xml.
Preparing to unpack .../010-docbook-xml_4.5-11_all.deb ...
Unpacking docbook-xml (4.5-11) ...
Selecting previously unselected package docbook-xsl.
Preparing to unpack .../011-docbook-xsl_1.79.2+dfsg-1_all.deb ...
Unpacking docbook-xsl (1.79.2+dfsg-1) ...
Selecting previously unselected package docbook.
Preparing to unpack .../012-docbook_4.5-8_all.deb ...
Unpacking docbook (4.5-8) ...
Selecting previously unselected package libosp5.
Preparing to unpack .../013-libosp5_1.5.2-13+b2_amd64.deb ...
Unpacking libosp5 (1.5.2-13+b2) ...
Selecting previously unselected package opensp.
Preparing to unpack .../014-opensp_1.5.2-13+b2_amd64.deb ...
Unpacking opensp (1.5.2-13+b2) ...
Selecting previously unselected package docbook-to-man.
Preparing to unpack .../015-docbook-to-man_1%3a2.0.0-45_amd64.deb ...
Unpacking docbook-to-man (1:2.0.0-45) ...
Selecting previously unselected package xsltproc.
Preparing to unpack .../016-xsltproc_1.1.34-4_amd64.deb ...
Unpacking xsltproc (1.1.34-4) ...
Selecting previously unselected package gtk-doc-tools.
Preparing to unpack .../017-gtk-doc-tools_1.33.2-1_all.deb ...
Unpacking gtk-doc-tools (1.33.2-1) ...
Selecting previously unselected package liburi-perl.
Preparing to unpack .../018-liburi-perl_5.08-1_all.deb ...
Unpacking liburi-perl (5.08-1) ...
Selecting previously unselected package openssl.
Preparing to unpack .../019-openssl_1.1.1l-1_amd64.deb ...
Unpacking openssl (1.1.1l-1) ...
Selecting previously unselected package ca-certificates.
Preparing to unpack .../020-ca-certificates_20211016_all.deb ...
Unpacking ca-certificates (20211016) ...
Selecting previously unselected package libencode-locale-perl.
Preparing to unpack .../021-libencode-locale-perl_1.05-1.1_all.deb ...
Unpacking libencode-locale-perl (1.05-1.1) ...
Selecting previously unselected package libtimedate-perl.
Preparing to unpack .../022-libtimedate-perl_2.3300-2_all.deb ...
Unpacking libtimedate-perl (2.3300-2) ...
Selecting previously unselected package libhttp-date-perl.
Preparing to unpack .../023-libhttp-date-perl_6.05-1_all.deb ...
Unpacking libhttp-date-perl (6.05-1) ...
Selecting previously unselected package libfile-listing-perl.
Preparing to unpack .../024-libfile-listing-perl_6.14-1_all.deb ...
Unpacking libfile-listing-perl (6.14-1) ...
Selecting previously unselected package libhtml-tagset-perl.
Preparing to unpack .../025-libhtml-tagset-perl_3.20-4_all.deb ...
Unpacking libhtml-tagset-perl (3.20-4) ...
Selecting previously unselected package libhtml-parser-perl:amd64.
Preparing to unpack .../026-libhtml-parser-perl_3.76-1_amd64.deb ...
Unpacking libhtml-parser-perl:amd64 (3.76-1) ...
Selecting previously unselected package libhtml-tree-perl.
Preparing to unpack .../027-libhtml-tree-perl_5.07-2_all.deb ...
Unpacking libhtml-tree-perl (5.07-2) ...
Selecting previously unselected package libio-html-perl.
Preparing to unpack .../028-libio-html-perl_1.004-2_all.deb ...
Unpacking libio-html-perl (1.004-2) ...
Selecting previously unselected package liblwp-mediatypes-perl.
Preparing to unpack .../029-liblwp-mediatypes-perl_6.04-1_all.deb ...
Unpacking liblwp-mediatypes-perl (6.04-1) ...
Selecting previously unselected package libhttp-message-perl.
Preparing to unpack .../030-libhttp-message-perl_6.33-1_all.deb ...
Unpacking libhttp-message-perl (6.33-1) ...
Selecting previously unselected package libhttp-cookies-perl.
Preparing to unpack .../031-libhttp-cookies-perl_6.10-1_all.deb ...
Unpacking libhttp-cookies-perl (6.10-1) ...
Selecting previously unselected package libhttp-negotiate-perl.
Preparing to unpack .../032-libhttp-negotiate-perl_6.01-1_all.deb ...
Unpacking libhttp-negotiate-perl (6.01-1) ...
Selecting previously unselected package perl-openssl-defaults:amd64.
Preparing to unpack .../033-perl-openssl-defaults_5_amd64.deb ...
Unpacking perl-openssl-defaults:amd64 (5) ...
Selecting previously unselected package libnet-ssleay-perl.
Preparing to unpack .../034-libnet-ssleay-perl_1.88-3+b1_amd64.deb ...
Unpacking libnet-ssleay-perl (1.88-3+b1) ...
Selecting previously unselected package netbase.
Preparing to unpack .../035-netbase_6.3_all.deb ...
Unpacking netbase (6.3) ...
Selecting previously unselected package libio-socket-ssl-perl.
Preparing to unpack .../036-libio-socket-ssl-perl_2.072-1_all.deb ...
Unpacking libio-socket-ssl-perl (2.072-1) ...
Selecting previously unselected package libnet-http-perl.
Preparing to unpack .../037-libnet-http-perl_6.21-1_all.deb ...
Unpacking libnet-http-perl (6.21-1) ...
Selecting previously unselected package liblwp-protocol-https-perl.
Preparing to unpack .../038-liblwp-protocol-https-perl_6.10-1_all.deb ...
Unpacking liblwp-protocol-https-perl (6.10-1) ...
Selecting previously unselected package libtry-tiny-perl.
Preparing to unpack .../039-libtry-tiny-perl_0.30-1_all.deb ...
Unpacking libtry-tiny-perl (0.30-1) ...
Selecting previously unselected package libwww-robotrules-perl.
Preparing to unpack .../040-libwww-robotrules-perl_6.02-1_all.deb ...
Unpacking libwww-robotrules-perl (6.02-1) ...
Selecting previously unselected package libwww-perl.
Preparing to unpack .../041-libwww-perl_6.57-1_all.deb ...
Unpacking libwww-perl (6.57-1) ...
Selecting previously unselected package libxml-parser-perl:amd64.
Preparing to unpack .../042-libxml-parser-perl_2.46-2_amd64.deb ...
Unpacking libxml-parser-perl:amd64 (2.46-2) ...
Selecting previously unselected package libmagic-mgc.
Preparing to unpack .../043-libmagic-mgc_1%3a5.39-3_amd64.deb ...
Unpacking libmagic-mgc (1:5.39-3) ...
Selecting previously unselected package libmagic1:amd64.
Preparing to unpack .../044-libmagic1_1%3a5.39-3_amd64.deb ...
Unpacking libmagic1:amd64 (1:5.39-3) ...
Selecting previously unselected package file.
Preparing to unpack .../045-file_1%3a5.39-3_amd64.deb ...
Unpacking file (1:5.39-3) ...
Selecting previously unselected package intltool.
Preparing to unpack .../046-intltool_0.51.0-6_all.deb ...
Unpacking intltool (0.51.0-6) ...
Selecting previously unselected package libtool.
Preparing to unpack .../047-libtool_2.4.6-15_all.deb ...
Unpacking libtool (2.4.6-15) ...
Selecting previously unselected package mate-common.
Preparing to unpack .../048-mate-common_1.24.2-1_all.deb ...
Unpacking mate-common (1.24.2-1) ...
Selecting previously unselected package sensible-utils.
Preparing to unpack .../049-sensible-utils_0.0.17_all.deb ...
Unpacking sensible-utils (0.0.17) ...
Selecting previously unselected package autopoint.
Preparing to unpack .../050-autopoint_0.21-4_all.deb ...
Unpacking autopoint (0.21-4) ...
Selecting previously unselected package libdbus-1-3:amd64.
Preparing to unpack .../051-libdbus-1-3_1.12.20-3_amd64.deb ...
Unpacking libdbus-1-3:amd64 (1.12.20-3) ...
Selecting previously unselected package dbus-bin.
Preparing to unpack .../052-dbus-bin_1.12.20-3_amd64.deb ...
Unpacking dbus-bin (1.12.20-3) ...
Selecting previously unselected package dbus-session-bus-common.
Preparing to unpack .../053-dbus-session-bus-common_1.12.20-3_all.deb ...
Unpacking dbus-session-bus-common (1.12.20-3) ...
Selecting previously unselected package dbus-daemon.
Preparing to unpack .../054-dbus-daemon_1.12.20-3_amd64.deb ...
Unpacking dbus-daemon (1.12.20-3) ...
Selecting previously unselected package libxau6:amd64.
Preparing to unpack .../055-libxau6_1%3a1.0.9-1_amd64.deb ...
Unpacking libxau6:amd64 (1:1.0.9-1) ...
Selecting previously unselected package libxdmcp6:amd64.
Preparing to unpack .../056-libxdmcp6_1%3a1.1.2-3_amd64.deb ...
Unpacking libxdmcp6:amd64 (1:1.1.2-3) ...
Selecting previously unselected package libxcb1:amd64.
Preparing to unpack .../057-libxcb1_1.14-3_amd64.deb ...
Unpacking libxcb1:amd64 (1.14-3) ...
Selecting previously unselected package libx11-data.
Preparing to unpack .../058-libx11-data_2%3a1.7.2-2_all.deb ...
Unpacking libx11-data (2:1.7.2-2) ...
Selecting previously unselected package libx11-6:amd64.
Preparing to unpack .../059-libx11-6_2%3a1.7.2-2+b1_amd64.deb ...
Unpacking libx11-6:amd64 (2:1.7.2-2+b1) ...
Selecting previously unselected package dbus-x11.
Preparing to unpack .../060-dbus-x11_1.12.20-3_amd64.deb ...
Unpacking dbus-x11 (1.12.20-3) ...
Selecting previously unselected package libdebhelper-perl.
Preparing to unpack .../061-libdebhelper-perl_13.5.2_all.deb ...
Unpacking libdebhelper-perl (13.5.2) ...
Selecting previously unselected package dh-autoreconf.
Preparing to unpack .../062-dh-autoreconf_20_all.deb ...
Unpacking dh-autoreconf (20) ...
Selecting previously unselected package libarchive-zip-perl.
Preparing to unpack .../063-libarchive-zip-perl_1.68-1_all.deb ...
Unpacking libarchive-zip-perl (1.68-1) ...
Selecting previously unselected package libsub-override-perl.
Preparing to unpack .../064-libsub-override-perl_0.09-2_all.deb ...
Unpacking libsub-override-perl (0.09-2) ...
Selecting previously unselected package libfile-stripnondeterminism-perl.
Preparing to unpack .../065-libfile-stripnondeterminism-perl_1.12.0-2_all.deb ...
Unpacking libfile-stripnondeterminism-perl (1.12.0-2) ...
Selecting previously unselected package dh-strip-nondeterminism.
Preparing to unpack .../066-dh-strip-nondeterminism_1.12.0-2_all.deb ...
Unpacking dh-strip-nondeterminism (1.12.0-2) ...
Selecting previously unselected package libelf1:amd64.
Preparing to unpack .../067-libelf1_0.185-2_amd64.deb ...
Unpacking libelf1:amd64 (0.185-2) ...
Selecting previously unselected package dwz.
Preparing to unpack .../068-dwz_0.14-1_amd64.deb ...
Unpacking dwz (0.14-1) ...
Selecting previously unselected package intltool-debian.
Preparing to unpack .../069-intltool-debian_0.35.0+20060710.5_all.deb ...
Unpacking intltool-debian (0.35.0+20060710.5) ...
Selecting previously unselected package po-debconf.
Preparing to unpack .../070-po-debconf_1.0.21+nmu1_all.deb ...
Unpacking po-debconf (1.0.21+nmu1) ...
Selecting previously unselected package debhelper.
Preparing to unpack .../071-debhelper_13.5.2_all.deb ...
Unpacking debhelper (13.5.2) ...
Selecting previously unselected package dh-exec.
Preparing to unpack .../072-dh-exec_0.23.4_amd64.deb ...
Unpacking dh-exec (0.23.4) ...
Selecting previously unselected package libgirepository-1.0-1:amd64.
Preparing to unpack .../073-libgirepository-1.0-1_1.70.0-2_amd64.deb ...
Unpacking libgirepository-1.0-1:amd64 (1.70.0-2) ...
Selecting previously unselected package gir1.2-glib-2.0:amd64.
Preparing to unpack .../074-gir1.2-glib-2.0_1.70.0-2_amd64.deb ...
Unpacking gir1.2-glib-2.0:amd64 (1.70.0-2) ...
Selecting previously unselected package libaccountsservice0:amd64.
Preparing to unpack .../075-libaccountsservice0_0.6.55-3_amd64.deb ...
Unpacking libaccountsservice0:amd64 (0.6.55-3) ...
Selecting previously unselected package gir1.2-accountsservice-1.0:amd64.
Preparing to unpack .../076-gir1.2-accountsservice-1.0_0.6.55-3_amd64.deb ...
Unpacking gir1.2-accountsservice-1.0:amd64 (0.6.55-3) ...
Selecting previously unselected package gir1.2-freedesktop:amd64.
Preparing to unpack .../077-gir1.2-freedesktop_1.70.0-2_amd64.deb ...
Unpacking gir1.2-freedesktop:amd64 (1.70.0-2) ...
Selecting previously unselected package libpolkit-gobject-1-0:amd64.
Preparing to unpack .../078-libpolkit-gobject-1-0_0.105-31_amd64.deb ...
Unpacking libpolkit-gobject-1-0:amd64 (0.105-31) ...
Selecting previously unselected package libpolkit-agent-1-0:amd64.
Preparing to unpack .../079-libpolkit-agent-1-0_0.105-31_amd64.deb ...
Unpacking libpolkit-agent-1-0:amd64 (0.105-31) ...
Selecting previously unselected package gir1.2-polkit-1.0.
Preparing to unpack .../080-gir1.2-polkit-1.0_0.105-31_amd64.deb ...
Unpacking gir1.2-polkit-1.0 (0.105-31) ...
Selecting previously unselected package python3-lib2to3.
Preparing to unpack .../081-python3-lib2to3_3.9.7-1_all.deb ...
Unpacking python3-lib2to3 (3.9.7-1) ...
Selecting previously unselected package python3-distutils.
Preparing to unpack .../082-python3-distutils_3.9.7-1_all.deb ...
Unpacking python3-distutils (3.9.7-1) ...
Selecting previously unselected package python3-markupsafe.
Preparing to unpack .../083-python3-markupsafe_2.0.1-2_amd64.deb ...
Unpacking python3-markupsafe (2.0.1-2) ...
Selecting previously unselected package python3-mako.
Preparing to unpack .../084-python3-mako_1.1.3+ds1-2_all.deb ...
Unpacking python3-mako (1.1.3+ds1-2) ...
Selecting previously unselected package python3-markdown.
Preparing to unpack .../085-python3-markdown_3.3.4-1_all.deb ...
Unpacking python3-markdown (3.3.4-1) ...
Selecting previously unselected package gobject-introspection.
Preparing to unpack .../086-gobject-introspection_1.70.0-2_amd64.deb ...
Unpacking gobject-introspection (1.70.0-2) ...
Selecting previously unselected package googletest.
Preparing to unpack .../087-googletest_1.11.0-2_all.deb ...
Unpacking googletest (1.11.0-2) ...
Selecting previously unselected package libffi-dev:amd64.
Preparing to unpack .../088-libffi-dev_3.4.2-3_amd64.deb ...
Unpacking libffi-dev:amd64 (3.4.2-3) ...
Selecting previously unselected package libglib2.0-data.
Preparing to unpack .../089-libglib2.0-data_2.70.0-3_all.deb ...
Unpacking libglib2.0-data (2.70.0-3) ...
Selecting previously unselected package libglib2.0-bin.
Preparing to unpack .../090-libglib2.0-bin_2.70.0-3_amd64.deb ...
Unpacking libglib2.0-bin (2.70.0-3) ...
Selecting previously unselected package libglib2.0-dev-bin.
Preparing to unpack .../091-libglib2.0-dev-bin_2.70.0-3_amd64.deb ...
Unpacking libglib2.0-dev-bin (2.70.0-3) ...
Selecting previously unselected package uuid-dev:amd64.
Preparing to unpack .../092-uuid-dev_2.37.2-4_amd64.deb ...
Unpacking uuid-dev:amd64 (2.37.2-4) ...
Selecting previously unselected package libblkid-dev:amd64.
Preparing to unpack .../093-libblkid-dev_2.37.2-4_amd64.deb ...
Unpacking libblkid-dev:amd64 (2.37.2-4) ...
Selecting previously unselected package libsepol1-dev:amd64.
Preparing to unpack .../094-libsepol1-dev_3.1-1_amd64.deb ...
Unpacking libsepol1-dev:amd64 (3.1-1) ...
Selecting previously unselected package libpcre2-16-0:amd64.
Preparing to unpack .../095-libpcre2-16-0_10.36-2_amd64.deb ...
Unpacking libpcre2-16-0:amd64 (10.36-2) ...
Selecting previously unselected package libpcre2-32-0:amd64.
Preparing to unpack .../096-libpcre2-32-0_10.36-2_amd64.deb ...
Unpacking libpcre2-32-0:amd64 (10.36-2) ...
Selecting previously unselected package libpcre2-posix2:amd64.
Preparing to unpack .../097-libpcre2-posix2_10.36-2_amd64.deb ...
Unpacking libpcre2-posix2:amd64 (10.36-2) ...
Selecting previously unselected package libpcre2-dev:amd64.
Preparing to unpack .../098-libpcre2-dev_10.36-2_amd64.deb ...
Unpacking libpcre2-dev:amd64 (10.36-2) ...
Selecting previously unselected package libselinux1-dev:amd64.
Preparing to unpack .../099-libselinux1-dev_3.1-3_amd64.deb ...
Unpacking libselinux1-dev:amd64 (3.1-3) ...
Selecting previously unselected package libmount-dev:amd64.
Preparing to unpack .../100-libmount-dev_2.37.2-4_amd64.deb ...
Unpacking libmount-dev:amd64 (2.37.2-4) ...
Selecting previously unselected package libpcre16-3:amd64.
Preparing to unpack .../101-libpcre16-3_2%3a8.39-13_amd64.deb ...
Unpacking libpcre16-3:amd64 (2:8.39-13) ...
Selecting previously unselected package libpcre32-3:amd64.
Preparing to unpack .../102-libpcre32-3_2%3a8.39-13_amd64.deb ...
Unpacking libpcre32-3:amd64 (2:8.39-13) ...
Selecting previously unselected package libpcrecpp0v5:amd64.
Preparing to unpack .../103-libpcrecpp0v5_2%3a8.39-13_amd64.deb ...
Unpacking libpcrecpp0v5:amd64 (2:8.39-13) ...
Selecting previously unselected package libpcre3-dev:amd64.
Preparing to unpack .../104-libpcre3-dev_2%3a8.39-13_amd64.deb ...
Unpacking libpcre3-dev:amd64 (2:8.39-13) ...
Selecting previously unselected package zlib1g-dev:amd64.
Preparing to unpack .../105-zlib1g-dev_1%3a1.2.11.dfsg-2_amd64.deb ...
Unpacking zlib1g-dev:amd64 (1:1.2.11.dfsg-2) ...
Selecting previously unselected package libglib2.0-dev:amd64.
Preparing to unpack .../106-libglib2.0-dev_2.70.0-3_amd64.deb ...
Unpacking libglib2.0-dev:amd64 (2.70.0-3) ...
Selecting previously unselected package libpolkit-gobject-1-dev.
Preparing to unpack .../107-libpolkit-gobject-1-dev_0.105-31_amd64.deb ...
Unpacking libpolkit-gobject-1-dev (0.105-31) ...
Selecting previously unselected package libaccountsservice-dev:amd64.
Preparing to unpack .../108-libaccountsservice-dev_0.6.55-3_amd64.deb ...
Unpacking libaccountsservice-dev:amd64 (0.6.55-3) ...
Selecting previously unselected package libdbustest1:amd64.
Preparing to unpack .../109-libdbustest1_16.10.0~bzr100+repack1-4.1_amd64.deb ...
Unpacking libdbustest1:amd64 (16.10.0~bzr100+repack1-4.1) ...
Selecting previously unselected package libdbustest1-dev:amd64.
Preparing to unpack .../110-libdbustest1-dev_16.10.0~bzr100+repack1-4.1_amd64.deb ...
Unpacking libdbustest1-dev:amd64 (16.10.0~bzr100+repack1-4.1) ...
Selecting previously unselected package libgirepository1.0-dev:amd64.
Preparing to unpack .../111-libgirepository1.0-dev_1.70.0-2_amd64.deb ...
Unpacking libgirepository1.0-dev:amd64 (1.70.0-2) ...
Selecting previously unselected package libgtest-dev:amd64.
Preparing to unpack .../112-libgtest-dev_1.11.0-2_amd64.deb ...
Unpacking libgtest-dev:amd64 (1.11.0-2) ...
Selecting previously unselected package libvala-0.54-0:amd64.
Preparing to unpack .../113-libvala-0.54-0_0.54.2-2_amd64.deb ...
Unpacking libvala-0.54-0:amd64 (0.54.2-2) ...
Selecting previously unselected package libvalacodegen-0.54-0:amd64.
Preparing to unpack .../114-libvalacodegen-0.54-0_0.54.2-2_amd64.deb ...
Unpacking libvalacodegen-0.54-0:amd64 (0.54.2-2) ...
Selecting previously unselected package python3-dbus.
Preparing to unpack .../115-python3-dbus_1.2.18-3_amd64.deb ...
Unpacking python3-dbus (1.2.18-3) ...
Selecting previously unselected package python3-gi.
Preparing to unpack .../116-python3-gi_3.42.0-1+b1_amd64.deb ...
Unpacking python3-gi (3.42.0-1+b1) ...
Selecting previously unselected package python3-dbusmock.
Preparing to unpack .../117-python3-dbusmock_0.24.0-1_all.deb ...
Unpacking python3-dbusmock (0.24.0-1) ...
Selecting previously unselected package valac-0.54-vapi.
Preparing to unpack .../118-valac-0.54-vapi_0.54.2-2_all.deb ...
Unpacking valac-0.54-vapi (0.54.2-2) ...
Selecting previously unselected package valac-bin.
Preparing to unpack .../119-valac-bin_0.54.2-2_amd64.deb ...
Unpacking valac-bin (0.54.2-2) ...
Selecting previously unselected package valac.
Preparing to unpack .../120-valac_0.54.2-2_amd64.deb ...
Unpacking valac (0.54.2-2) ...
Selecting previously unselected package sbuild-build-depends-main-dummy.
Preparing to unpack .../121-sbuild-build-depends-main-dummy_0.invalid.0_amd64.deb ...
Unpacking sbuild-build-depends-main-dummy (0.invalid.0) ...
Setting up libip4tc2:amd64 (1.8.7-1) ...
Setting up media-types (4.0.0) ...
Setting up libpcrecpp0v5:amd64 (2:8.39-13) ...
Setting up libpipeline1:amd64 (1.5.3-1) ...
Setting up libxau6:amd64 (1:1.0.9-1) ...
Setting up libxdmcp6:amd64 (1:1.1.2-3) ...
Setting up libapparmor1:amd64 (3.0.3-5) ...
Setting up libxcb1:amd64 (1.14-3) ...
Setting up bsdextrautils (2.37.2-4) ...
update-alternatives: using /usr/bin/write.ul to provide /usr/bin/write (write) in auto mode
Setting up libpcre16-3:amd64 (2:8.39-13) ...
Setting up libmagic-mgc (1:5.39-3) ...
Setting up libarchive-zip-perl (1.68-1) ...
Setting up libglib2.0-0:amd64 (2.70.0-3) ...
No schema files found: doing nothing.
Setting up valac-0.54-vapi (0.54.2-2) ...
Setting up libhtml-tagset-perl (3.20-4) ...
Setting up libargon2-1:amd64 (0~20171227-0.2) ...
Setting up libdebhelper-perl (13.5.2) ...
Setting up libsqlite3-0:amd64 (3.36.0-2) ...
Setting up liblwp-mediatypes-perl (6.04-1) ...
Setting up libtry-tiny-perl (0.30-1) ...
Setting up libmagic1:amd64 (1:5.39-3) ...
Setting up libsepol1-dev:amd64 (3.1-1) ...
Setting up perl-openssl-defaults:amd64 (5) ...
Setting up gettext-base (0.21-4) ...
Setting up libencode-locale-perl (1.05-1.1) ...
Setting up autoconf-archive (20210219-2) ...
Setting up file (1:5.39-3) ...
Setting up libffi-dev:amd64 (3.4.2-3) ...
Setting up googletest (1.11.0-2) ...
Setting up libpcre2-16-0:amd64 (10.36-2) ...
Setting up libvala-0.54-0:amd64 (0.54.2-2) ...
Setting up libosp5 (1.5.2-13+b2) ...
Setting up autotools-dev (20180224.1+nmu1) ...
Setting up libpcre2-32-0:amd64 (10.36-2) ...
Setting up libglib2.0-data (2.70.0-3) ...
Setting up libx11-data (2:1.7.2-2) ...
Setting up uuid-dev:amd64 (2.37.2-4) ...
Setting up libdbus-1-3:amd64 (1.12.20-3) ...
Setting up libsigsegv2:amd64 (2.13-1) ...
Setting up libpcre32-3:amd64 (2:8.39-13) ...
Setting up libio-html-perl (1.004-2) ...
Setting up autopoint (0.21-4) ...
Setting up pkg-config (0.29.2-1) ...
Setting up libpcre2-posix2:amd64 (10.36-2) ...
Setting up libncursesw6:amd64 (6.2+20210905-1) ...
Setting up libtimedate-perl (2.3300-2) ...
Setting up zlib1g-dev:amd64 (1:1.2.11.dfsg-2) ...
Setting up sensible-utils (0.0.17) ...
Setting up dbus-session-bus-common (1.12.20-3) ...
Setting up libuchardet0:amd64 (0.0.7-1) ...
Setting up libxslt1.1:amd64 (1.1.34-4) ...
Setting up libmpdec3:amd64 (2.5.1-2) ...
Setting up libsub-override-perl (0.09-2) ...
Setting up libx11-6:amd64 (2:1.7.2-2+b1) ...
Setting up libgirepository-1.0-1:amd64 (1.70.0-2) ...
Setting up netbase (6.3) ...
Setting up sgml-base (1.30) ...
Setting up libaccountsservice0:amd64 (0.6.55-3) ...
Setting up libvalacodegen-0.54-0:amd64 (0.54.2-2) ...
Setting up openssl (1.1.1l-1) ...
Setting up libelf1:amd64 (0.185-2) ...
Setting up libjson-c5:amd64 (0.15-2) ...
Setting up readline-common (8.1-2) ...
Setting up libdbustest1:amd64 (16.10.0~bzr100+repack1-4.1) ...
Setting up liburi-perl (5.08-1) ...
Setting up dbus-bin (1.12.20-3) ...
Setting up libpolkit-gobject-1-0:amd64 (0.105-31) ...
Setting up libkmod2:amd64 (29-1) ...
Setting up libnet-ssleay-perl (1.88-3+b1) ...
Setting up libfile-stripnondeterminism-perl (1.12.0-2) ...
Setting up libblkid-dev:amd64 (2.37.2-4) ...
Setting up valac-bin (0.54.2-2) ...
Setting up libhttp-date-perl (6.05-1) ...
Setting up gettext (0.21-4) ...
Setting up libfile-listing-perl (6.14-1) ...
Setting up libgtest-dev:amd64 (1.11.0-2) ...
Setting up libpcre2-dev:amd64 (10.36-2) ...
Setting up libtool (2.4.6-15) ...
Setting up libselinux1-dev:amd64 (3.1-3) ...
Setting up libpcre3-dev:amd64 (2:8.39-13) ...
Setting up libreadline8:amd64 (8.1-2) ...
Setting up xsltproc (1.1.34-4) ...
Setting up libglib2.0-bin (2.70.0-3) ...
Setting up libnet-http-perl (6.21-1) ...
Setting up m4 (1.4.18-5) ...
Setting up dbus-daemon (1.12.20-3) ...
Setting up opensp (1.5.2-13+b2) ...
Setting up intltool-debian (0.35.0+20060710.5) ...
Setting up ca-certificates (20211016) ...
Updating certificates in /etc/ssl/certs...
127 added, 0 removed; done.
Setting up gir1.2-glib-2.0:amd64 (1.70.0-2) ...
Setting up autoconf (2.71-2) ...
Setting up dh-strip-nondeterminism (1.12.0-2) ...
Setting up libwww-robotrules-perl (6.02-1) ...
Setting up dwz (0.14-1) ...
Setting up groff-base (1.22.4-7) ...
Setting up dbus-x11 (1.12.20-3) ...
Setting up xml-core (0.18+nmu1) ...
Setting up libhtml-parser-perl:amd64 (3.76-1) ...
Setting up libpolkit-agent-1-0:amd64 (0.105-31) ...
Setting up libmount-dev:amd64 (2.37.2-4) ...
Setting up libio-socket-ssl-perl (2.072-1) ...
Setting up libpython3.9-stdlib:amd64 (3.9.7-4) ...
Setting up libpython3-stdlib:amd64 (3.9.2-3) ...
Setting up libhttp-message-perl (6.33-1) ...
Setting up automake (1:1.16.5-1) ...
update-alternatives: using /usr/bin/automake-1.16 to provide /usr/bin/automake (automake) in auto mode
Setting up libhttp-negotiate-perl (6.01-1) ...
Setting up gir1.2-freedesktop:amd64 (1.70.0-2) ...
Setting up libhttp-cookies-perl (6.10-1) ...
Setting up po-debconf (1.0.21+nmu1) ...
Setting up libhtml-tree-perl (5.07-2) ...
Setting up gir1.2-accountsservice-1.0:amd64 (0.6.55-3) ...
Setting up man-db (2.9.4-2) ...
Not building database; man-db/auto-update is not 'true'.
Created symlink /etc/systemd/system/timers.target.wants/man-db.timer  /lib/systemd/system/man-db.timer.
Setting up dh-autoreconf (20) ...
Setting up gir1.2-polkit-1.0 (0.105-31) ...
Setting up python3.9 (3.9.7-4) ...
Setting up debhelper (13.5.2) ...
Setting up python3 (3.9.2-3) ...
Setting up dh-exec (0.23.4) ...
Setting up python3-markupsafe (2.0.1-2) ...
Setting up python3-gi (3.42.0-1+b1) ...
Setting up python3-lxml:amd64 (4.6.3+dfsg-1) ...
Setting up python3-lib2to3 (3.9.7-1) ...
Setting up python3-mako (1.1.3+ds1-2) ...
Setting up python3-pkg-resources (58.2.0-1) ...
Setting up python3-distutils (3.9.7-1) ...
Setting up libglib2.0-dev-bin (2.70.0-3) ...
Setting up python3-dbus (1.2.18-3) ...
Setting up python3-dbusmock (0.24.0-1) ...
Setting up python3-pygments (2.7.1+dfsg-2.1) ...
Setting up libglib2.0-dev:amd64 (2.70.0-3) ...
Setting up python3-markdown (3.3.4-1) ...
Setting up libpolkit-gobject-1-dev (0.105-31) ...
Setting up libaccountsservice-dev:amd64 (0.6.55-3) ...
Setting up libdbustest1-dev:amd64 (16.10.0~bzr100+repack1-4.1) ...
Setting up gobject-introspection (1.70.0-2) ...
Setting up valac (0.54.2-2) ...
Setting up libgirepository1.0-dev:amd64 (1.70.0-2) ...
Setting up libdevmapper1.02.1:amd64 (2:1.02.175-2.1) ...
Setting up dmsetup (2:1.02.175-2.1) ...
Setting up libcryptsetup12:amd64 (2:2.4.1-1) ...
Setting up liblwp-protocol-https-perl (6.10-1) ...
Setting up libwww-perl (6.57-1) ...
Setting up systemd (249.5-1) ...
Created symlink /etc/systemd/system/getty.target.wants/getty@tty1.service  /lib/systemd/system/getty@.service.
Created symlink /etc/systemd/system/multi-user.target.wants/remote-fs.target  /lib/systemd/system/remote-fs.target.
Created symlink /etc/systemd/system/sysinit.target.wants/systemd-pstore.service  /lib/systemd/system/systemd-pstore.service.
Initializing machine ID from D-Bus machine ID.
Setting up libxml-parser-perl:amd64 (2.46-2) ...
Setting up intltool (0.51.0-6) ...
Processing triggers for libc-bin (2.32-4) ...
Processing triggers for sgml-base (1.30) ...
Setting up docbook-xsl (1.79.2+dfsg-1) ...
Setting up sgml-data (2.0.11+nmu1) ...
Processing triggers for sgml-base (1.30) ...
Setting up docbook-xml (4.5-11) ...
Setting up docbook (4.5-8) ...
Processing triggers for sgml-base (1.30) ...
Setting up docbook-to-man (1:2.0.0-45) ...
Setting up gtk-doc-tools (1.33.2-1) ...
Setting up mate-common (1.24.2-1) ...
Setting up sbuild-build-depends-main-dummy (0.invalid.0) ...
Processing triggers for ca-certificates (20211016) ...
Updating certificates in /etc/ssl/certs...
0 added, 0 removed; done.
Running hooks in /etc/ca-certificates/update.d...
done.

+------------------------------------------------------------------------------+
| Check architectures                                                          |
+------------------------------------------------------------------------------+

Arch check ok (amd64 included in any)

+------------------------------------------------------------------------------+
| Build environment                                                            |
+------------------------------------------------------------------------------+

Kernel: Linux 4.19.0-6-cloud-amd64 #1 SMP Debian 4.19.67-2+deb10u2 (2019-11-11) amd64 (x86_64)
Toolchain package versions: binutils_2.37-7 dpkg-dev_1.20.9 g++-11_11.2.0-10 gcc-11_11.2.0-10 libc6-dev_2.32-4 libstdc++-11-dev_11.2.0-10 libstdc++6_11.2.0-10 linux-libc-dev_5.14.12-1
Package versions: adduser_3.118 apt_2.3.11 autoconf_2.71-2 autoconf-archive_20210219-2 automake_1:1.16.5-1 autopoint_0.21-4 autotools-dev_20180224.1+nmu1 base-files_12 base-passwd_3.5.52 bash_5.1-3+b2 binutils_2.37-7 binutils-common_2.37-7 binutils-x86-64-linux-gnu_2.37-7 bsdextrautils_2.37.2-4 bsdutils_1:2.37.2-4 build-essential_12.9 bzip2_1.0.8-4 ca-certificates_20211016 clang-13_1:13.0.0-8 coreutils_8.32-4+b1 cpp_4:11.2.0-2 cpp-11_11.2.0-10 dash_0.5.11+git20210120+802ebd4-2 dbus-bin_1.12.20-3 dbus-daemon_1.12.20-3 dbus-session-bus-common_1.12.20-3 dbus-x11_1.12.20-3 debconf_1.5.78 debhelper_13.5.2 debian-archive-keyring_2021.1.1 debianutils_5.5-1 dh-autoreconf_20 dh-exec_0.23.4 dh-strip-nondeterminism_1.12.0-2 diffutils_1:3.7-5 dmsetup_2:1.02.175-2.1 docbook_4.5-8 docbook-to-man_1:2.0.0-45 docbook-xml_4.5-11 docbook-xsl_1.79.2+dfsg-1 dpkg_1.20.9 dpkg-dev_1.20.9 dwz_0.14-1 e2fsprogs_1.46.4-1 fakeroot_1.26-1 file_1:5.39-3 findutils_4.8.0-1 g++_4:11.2.0-2 g++-11_11.2.0-10 gcc_4:11.2.0-2 gcc-10-base_10.3.0-11 gcc-11_11.2.0-10 gcc-11-base_11.2.0-10 gcc-9-base_9.4.0-3 gettext_0.21-4 gettext-base_0.21-4 gir1.2-accountsservice-1.0_0.6.55-3 gir1.2-freedesktop_1.70.0-2 gir1.2-glib-2.0_1.70.0-2 gir1.2-polkit-1.0_0.105-31 gobject-introspection_1.70.0-2 googletest_1.11.0-2 gpgv_2.2.27-2 grep_3.7-1 groff-base_1.22.4-7 gtk-doc-tools_1.33.2-1 gzip_1.10-4 hostname_3.23 init-system-helpers_1.60 intltool_0.51.0-6 intltool-debian_0.35.0+20060710.5 lib32gcc-s1_11.2.0-10 lib32stdc++6_11.2.0-10 libaccountsservice-dev_0.6.55-3 libaccountsservice0_0.6.55-3 libacl1_2.3.1-1 libapparmor1_3.0.3-5 libapt-pkg6.0_2.3.11 libarchive-zip-perl_1.68-1 libargon2-1_0~20171227-0.2 libasan5_9.4.0-3 libasan6_11.2.0-10 libatomic1_11.2.0-10 libattr1_1:2.5.1-1 libaudit-common_1:3.0.6-1 libaudit1_1:3.0.6-1 libbinutils_2.37-7 libblkid-dev_2.37.2-4 libblkid1_2.37.2-4 libbsd0_0.11.3-1 libbz2-1.0_1.0.8-4 libc-bin_2.32-4 libc-dev-bin_2.32-4 libc6_2.32-4 libc6-dev_2.32-4 libc6-i386_2.32-4 libcap-ng0_0.7.9-2.2+b1 libcap2_1:2.44-1 libcc1-0_11.2.0-10 libclang-common-13-dev_1:13.0.0-8 libclang-cpp13_1:13.0.0-8 libclang1-13_1:13.0.0-8 libcom-err2_1.46.4-1 libcrypt-dev_1:4.4.25-2 libcrypt1_1:4.4.25-2 libcryptsetup12_2:2.4.1-1 libctf-nobfd0_2.37-7 libctf0_2.37-7 libdb5.3_5.3.28+dfsg1-0.8 libdbus-1-3_1.12.20-3 libdbustest1_16.10.0~bzr100+repack1-4.1 libdbustest1-dev_16.10.0~bzr100+repack1-4.1 libdebconfclient0_0.260 libdebhelper-perl_13.5.2 libdevmapper1.02.1_2:1.02.175-2.1 libdpkg-perl_1.20.9 libedit2_3.1-20210910-1 libelf1_0.185-2 libencode-locale-perl_1.05-1.1 libexpat1_2.4.1-3 libext2fs2_1.46.4-1 libfakeroot_1.26-1 libffi-dev_3.4.2-3 libffi8_3.4.2-3 libfile-listing-perl_6.14-1 libfile-stripnondeterminism-perl_1.12.0-2 libgc1_1:8.0.4-3 libgcc-11-dev_11.2.0-10 libgcc-9-dev_9.4.0-3 libgcc-s1_11.2.0-10 libgcrypt20_1.9.4-3+b1 libgdbm-compat4_1.22-1 libgdbm6_1.22-1 libgirepository-1.0-1_1.70.0-2 libgirepository1.0-dev_1.70.0-2 libglib2.0-0_2.70.0-3 libglib2.0-bin_2.70.0-3 libglib2.0-data_2.70.0-3 libglib2.0-dev_2.70.0-3 libglib2.0-dev-bin_2.70.0-3 libgmp10_2:6.2.1+dfsg-2 libgnutls30_3.7.2-2 libgomp1_11.2.0-10 libgpg-error0_1.42-3 libgssapi-krb5-2_1.18.3-7 libgtest-dev_1.11.0-2 libhogweed6_3.7.3-1 libhtml-parser-perl_3.76-1 libhtml-tagset-perl_3.20-4 libhtml-tree-perl_5.07-2 libhttp-cookies-perl_6.10-1 libhttp-date-perl_6.05-1 libhttp-message-perl_6.33-1 libhttp-negotiate-perl_6.01-1 libicu67_67.1-7 libidn2-0_2.3.2-2 libio-html-perl_1.004-2 libio-socket-ssl-perl_2.072-1 libip4tc2_1.8.7-1 libisl23_0.24-2 libitm1_11.2.0-10 libjson-c5_0.15-2 libk5crypto3_1.18.3-7 libkeyutils1_1.6.1-2 libkmod2_29-1 libkrb5-3_1.18.3-7 libkrb5support0_1.18.3-7 libllvm13_1:13.0.0-8 liblsan0_11.2.0-10 liblwp-mediatypes-perl_6.04-1 liblwp-protocol-https-perl_6.10-1 liblz4-1_1.9.3-2 liblzma5_5.2.5-2 libmagic-mgc_1:5.39-3 libmagic1_1:5.39-3 libmd0_1.0.4-1 libmount-dev_2.37.2-4 libmount1_2.37.2-4 libmpc3_1.2.1-1 libmpdec3_2.5.1-2 libmpfr6_4.1.0-3 libncursesw6_6.2+20210905-1 libnet-http-perl_6.21-1 libnet-ssleay-perl_1.88-3+b1 libnettle8_3.7.3-1 libnsl-dev_1.3.0-2 libnsl2_1.3.0-2 libobjc-11-dev_11.2.0-10 libobjc-9-dev_9.4.0-3 libobjc4_11.2.0-10 libomp-13-dev_1:13.0.0-8 libomp5-13_1:13.0.0-8 libosp5_1.5.2-13+b2 libp11-kit0_0.24.0-5 libpam-modules_1.4.0-10 libpam-modules-bin_1.4.0-10 libpam-runtime_1.4.0-10 libpam0g_1.4.0-10 libpcre16-3_2:8.39-13 libpcre2-16-0_10.36-2 libpcre2-32-0_10.36-2 libpcre2-8-0_10.36-2 libpcre2-dev_10.36-2 libpcre2-posix2_10.36-2 libpcre3_2:8.39-13 libpcre3-dev_2:8.39-13 libpcre32-3_2:8.39-13 libpcrecpp0v5_2:8.39-13 libperl5.32_5.32.1-6 libpipeline1_1.5.3-1 libpolkit-agent-1-0_0.105-31 libpolkit-gobject-1-0_0.105-31 libpolkit-gobject-1-dev_0.105-31 libpython3-stdlib_3.9.2-3 libpython3.9-minimal_3.9.7-4 libpython3.9-stdlib_3.9.7-4 libquadmath0_11.2.0-10 libreadline8_8.1-2 libseccomp2_2.5.2-2 libselinux1_3.1-3 libselinux1-dev_3.1-3 libsemanage-common_3.1-1 libsemanage1_3.1-1+b2 libsepol1_3.1-1 libsepol1-dev_3.1-1 libsigsegv2_2.13-1 libsmartcols1_2.37.2-4 libsqlite3-0_3.36.0-2 libss2_1.46.4-1 libssl1.1_1.1.1l-1 libstdc++-11-dev_11.2.0-10 libstdc++6_11.2.0-10 libsub-override-perl_0.09-2 libsystemd0_249.5-1 libtasn1-6_4.17.0-2 libtimedate-perl_2.3300-2 libtinfo6_6.2+20210905-1 libtirpc-common_1.3.2-2 libtirpc-dev_1.3.2-2 libtirpc3_1.3.2-2 libtool_2.4.6-15 libtry-tiny-perl_0.30-1 libtsan0_11.2.0-10 libubsan1_11.2.0-10 libuchardet0_0.0.7-1 libudev1_249.5-1 libunistring2_0.9.10-6 liburi-perl_5.08-1 libuuid1_2.37.2-4 libvala-0.54-0_0.54.2-2 libvalacodegen-0.54-0_0.54.2-2 libwww-perl_6.57-1 libwww-robotrules-perl_6.02-1 libx11-6_2:1.7.2-2+b1 libx11-data_2:1.7.2-2 libxau6_1:1.0.9-1 libxcb1_1.14-3 libxdmcp6_1:1.1.2-3 libxml-parser-perl_2.46-2 libxml2_2.9.12+dfsg-5 libxslt1.1_1.1.34-4 libxxhash0_0.8.0-2 libz3-4_4.8.12-1+b1 libzstd1_1.4.8+dfsg-3 linux-libc-dev_5.14.12-1 login_1:4.8.1-1 logsave_1.46.4-1 lsb-base_11.1.0 m4_1.4.18-5 make_4.3-4.1 man-db_2.9.4-2 mate-common_1.24.2-1 mawk_1.3.4.20200120-2 media-types_4.0.0 mount_2.37.2-4 ncurses-base_6.2+20210905-1 ncurses-bin_6.2+20210905-1 netbase_6.3 opensp_1.5.2-13+b2 openssl_1.1.1l-1 passwd_1:4.8.1-1 patch_2.7.6-7 perl_5.32.1-6 perl-base_5.32.1-6 perl-modules-5.32_5.32.1-6 perl-openssl-defaults_5 pkg-config_0.29.2-1 po-debconf_1.0.21+nmu1 python3_3.9.2-3 python3-dbus_1.2.18-3 python3-dbusmock_0.24.0-1 python3-distutils_3.9.7-1 python3-gi_3.42.0-1+b1 python3-lib2to3_3.9.7-1 python3-lxml_4.6.3+dfsg-1 python3-mako_1.1.3+ds1-2 python3-markdown_3.3.4-1 python3-markupsafe_2.0.1-2 python3-minimal_3.9.2-3 python3-pkg-resources_58.2.0-1 python3-pygments_2.7.1+dfsg-2.1 python3.9_3.9.7-4 python3.9-minimal_3.9.7-4 qt5-qmake_5.15.2+dfsg-12 qt5-qmake-bin_5.15.2+dfsg-12 qtchooser_66-2 readline-common_8.1-2 rpcsvc-proto_1.4.2-4 sbuild-build-depends-main-dummy_0.invalid.0 sed_4.8-1 sensible-utils_0.0.17 sgml-base_1.30 sgml-data_2.0.11+nmu1 systemd_249.5-1 sysvinit-utils_3.00-1 tar_1.34+dfsg-1 tzdata_2021e-1 util-linux_2.37.2-4 uuid-dev_2.37.2-4 valac_0.54.2-2 valac-0.54-vapi_0.54.2-2 valac-bin_0.54.2-2 xml-core_0.18+nmu1 xsltproc_1.1.34-4 xz-utils_5.2.5-2 zlib1g_1:1.2.11.dfsg-2 zlib1g-dev_1:1.2.11.dfsg-2

+------------------------------------------------------------------------------+
| Build                                                                        |
+------------------------------------------------------------------------------+


Unpack source
-------------

-----BEGIN PGP SIGNED MESSAGE-----
Hash: SHA256

Format: 3.0 (quilt)
Source: ayatana-indicator-messages
Binary: ayatana-indicator-messages, libmessaging-menu0, libmessaging-menu-dev, gir1.2-messagingmenu-1.0
Architecture: any
Version: 0.8.2-1
Maintainer: Ayatana Packagers <pkg-ayatana-devel@lists.alioth.debian.org>
Uploaders:  Mike Gabriel <sunweaver@debian.org>, Debian UBports Team <team+ubports@tracker.debian.org>,
Homepage: https://github.com/AyatanaIndicators/ayatana-indicator-messages
Standards-Version: 4.5.1
Vcs-Browser: https://salsa.debian.org/debian-edu-ayatana-team/ayatana-indicator-messages
Vcs-Git: https://salsa.debian.org/debian-ayatana-team/ayatana-indicator-messages.git
Build-Depends: debhelper-compat (= 13), dh-exec, gobject-introspection (>= 0.9.12-4~), gtk-doc-tools, intltool, libaccountsservice-dev, libdbustest1-dev, libgirepository1.0-dev (>= 0.9.12), libgtest-dev, mate-common, python3-dbusmock, valac, systemd [linux-any]
Package-List:
 ayatana-indicator-messages deb gnome optional arch=any
 gir1.2-messagingmenu-1.0 deb introspection optional arch=any
 libmessaging-menu-dev deb libdevel optional arch=any
 libmessaging-menu0 deb libs optional arch=any
Checksums-Sha1:
 647607706e40e51da611b99d5e6c48d3b41575e2 211494 ayatana-indicator-messages_0.8.2.orig.tar.gz
 16642de3ba037e18b0c12c33ab545da4b031f47b 833 ayatana-indicator-messages_0.8.2.orig.tar.gz.asc
 1f41b06c7984a5d3bde4c3ee7d7844bedebcbbd3 14276 ayatana-indicator-messages_0.8.2-1.debian.tar.xz
Checksums-Sha256:
 e1ad01cd53f3433051c43ed3a5b188c460d25f732996bb03891611aa03572658 211494 ayatana-indicator-messages_0.8.2.orig.tar.gz
 af218393534778328b50513acb7361bea02da17453c6994e2a84ac2e19e9502a 833 ayatana-indicator-messages_0.8.2.orig.tar.gz.asc
 0b1bbb0a52074d686aa78d74d8bc8abc74593d5dd42f145b150e0a0cb3acc183 14276 ayatana-indicator-messages_0.8.2-1.debian.tar.xz
Files:
 e2a0f2840559f25fbb65d5f2617a26b2 211494 ayatana-indicator-messages_0.8.2.orig.tar.gz
 2f843dc1d6a2416fdf6a94a0ba0303e8 833 ayatana-indicator-messages_0.8.2.orig.tar.gz.asc
 8b4a4dc09b6412547e5bdead310c4a44 14276 ayatana-indicator-messages_0.8.2-1.debian.tar.xz

-----BEGIN PGP SIGNATURE-----

iQJJBAEBCAAzFiEEm/uu6GwKpf+/IgeCmvRrMCV3GzEFAmAamKoVHHN1bndlYXZl
ckBkZWJpYW4ub3JnAAoJEJr0azAldxsxeFIQALZQZzf2EIIgXZVDQsFeV4wL+xJe
eI4cHu4V0Sj1l1+EDmS3Hc71cSab5OFKlch7vl/EAl7Nv8u4qByIaLgs9oHxeq5T
n+3VwjvwqxNTWXgWu2J0Uc7sg9RNdzU8I7/bAfvLDdThHXGOR5UupP5i8MrNU8Ds
2360aNf13vquYfj5H9Rtye80DS3bT8Wtb4D4rvEyCq3kPAeSKsy7z92Na3ic+OCm
PK8yiYPXNuaHITejpK0edH4HYpLDLJW3KCrAQ2IrYK7pnzcs/KOTdBbk/c19VOct
j/Pn/2nSegEHIgD7nU5xKuftJobn0C4tmj03rG0Dd3/qsZ1krHZftl3PT5VLSc+R
oMQLSd7WLcUdOru71oQO+R/FvykeATnwghQnyTKYWkHyAbgCiCAwaldayGdT1ZCo
vzo+pXHs7IDD29TWLnboYPmaw1UDP9GvyMz0pptQYXNGNiCvmr5DsOjsVWMN5M6m
y1af+l6VO2W3hASDL4Tk/jOFWur1wdsphqGFU7RzF2UC0vEFLc0bgakoHDBnnUfN
ABmxviQDOmmCzxrGqB05s+Fg5bT+rOmjuu7hLcnnoLDQworgWz5qlzk3ZZ8Cop46
IX0xthwTUDFS1HYvbKmhJSeopxU0wyjFGUYJRWn776/QvqfUWd15/dTRjjgXHIF+
xCzfuxcbxbbkznmo
=N4fc
-----END PGP SIGNATURE-----

gpgv: unknown type of key resource 'trustedkeys.kbx'
gpgv: keyblock resource '/tmp/dpkg-verify-sig.LpoSxZvH/trustedkeys.kbx': General error
gpgv: Signature made Wed Feb  3 12:35:54 2021 UTC
gpgv:                using RSA key 9BFBAEE86C0AA5FFBF2207829AF46B3025771B31
gpgv:                issuer "sunweaver@debian.org"
gpgv: Can't check signature: No public key
dpkg-source: warning: failed to verify signature on ./ayatana-indicator-messages_0.8.2-1.dsc
dpkg-source: info: extracting ayatana-indicator-messages in /<<PKGBUILDDIR>>
dpkg-source: info: unpacking ayatana-indicator-messages_0.8.2.orig.tar.gz
dpkg-source: info: unpacking ayatana-indicator-messages_0.8.2-1.debian.tar.xz

Check disk space
----------------

Sufficient free space for build

User Environment
----------------

APT_CONFIG=/var/lib/sbuild/apt.conf
HOME=/sbuild-nonexistent
LANG=C.UTF-8
LC_ALL=C.UTF-8
LOGNAME=user42
PATH=/usr/local/sbin:/usr/local/bin:/usr/sbin:/usr/bin:/sbin:/bin:/usr/games
SCHROOT_ALIAS_NAME=unstable
SCHROOT_CHROOT_NAME=sid-amd64-sbuild
SCHROOT_COMMAND=env
SCHROOT_GID=1001
SCHROOT_GROUP=user42
SCHROOT_SESSION_ID=sid-amd64-sbuild-f86cab88-a847-4c74-9d79-0e6b7e09eee8
SCHROOT_UID=1001
SCHROOT_USER=user42
SHELL=/bin/sh
USER=user42

dpkg-buildpackage
-----------------

Command: dpkg-buildpackage -us -uc -b -rfakeroot
dpkg-buildpackage: info: source package ayatana-indicator-messages
dpkg-buildpackage: info: source version 0.8.2-1
dpkg-buildpackage: info: source distribution unstable
dpkg-buildpackage: info: source changed by Mike Gabriel <sunweaver@debian.org>
 dpkg-source --before-build .
dpkg-buildpackage: info: host architecture amd64
 debian/rules clean
dh clean --with autoreconf,gir
   debian/rules override_dh_auto_clean
make[1]: Entering directory '/<<PKGBUILDDIR>>'
dh_auto_clean
if [ -e po/ayatana-indicator-messages.pot.bak ]; then \
    mv -f po/ayatana-indicator-messages.pot.bak po/ayatana-indicator-messages.pot; \
fi
make[1]: Leaving directory '/<<PKGBUILDDIR>>'
   dh_clean
 debian/rules binary
dh binary --with autoreconf,gir
   dh_update_autotools_config
   debian/rules override_dh_autoreconf
make[1]: Entering directory '/<<PKGBUILDDIR>>'
if [ ! -e po/ayatana-indicator-messages.pot.bak ]; then \
    cp po/ayatana-indicator-messages.pot po/ayatana-indicator-messages.pot.bak; \
fi
NOCONFIGURE=1 dh_autoreconf ./autogen.sh
/usr/bin/which: this version of `which' is deprecated; use `command -v' in scripts instead.
/usr/bin/mate-autogen
checking for autoreconf >= 2.53...
  testing autoreconf... found 2.71
configure.ac:12: warning: The macro `AC_ISC_POSIX' is obsolete.
configure.ac:12: You should run autoupdate.
./lib/autoconf/specific.m4:550: AC_ISC_POSIX is expanded from...
configure.ac:12: the top level
configure.ac:15: warning: The macro `AC_STDC_HEADERS' is obsolete.
configure.ac:15: You should run autoupdate.
./lib/autoconf/oldnames.m4:75: AC_STDC_HEADERS is expanded from...
configure.ac:15: the top level
configure.ac:15: warning: The macro `AC_HEADER_STDC' is obsolete.
configure.ac:15: You should run autoupdate.
./lib/autoconf/headers.m4:704: AC_HEADER_STDC is expanded from...
./lib/autoconf/oldnames.m4:75: AC_STDC_HEADERS is expanded from...
configure.ac:15: the top level
configure.ac:122: warning: The macro `AC_HELP_STRING' is obsolete.
configure.ac:122: You should run autoupdate.
./lib/autoconf/general.m4:204: AC_HELP_STRING is expanded from...
configure.ac:122: the top level
configure.ac:164: warning: AC_OUTPUT should be used without arguments.
configure.ac:164: You should run autoupdate.
checking for glib-gettext >= 2.2.0...
  testing glib-gettextize... found 2.70.0
checking for intltool >= 0.25...
  testing intltoolize... found 0.51.0
checking for pkg-config >= 0.14.0...
  testing pkg-config... found 0.29.2
checking for gtk-doc >= 1.0...
  testing gtkdocize... found 1.33.1
Checking for required M4 macros...
Checking for forbidden M4 macros...
Processing ./configure.ac
configure.ac:12: warning: The macro `AC_ISC_POSIX' is obsolete.
configure.ac:12: You should run autoupdate.
./lib/autoconf/specific.m4:550: AC_ISC_POSIX is expanded from...
configure.ac:12: the top level
configure.ac:15: warning: The macro `AC_STDC_HEADERS' is obsolete.
configure.ac:15: You should run autoupdate.
./lib/autoconf/oldnames.m4:75: AC_STDC_HEADERS is expanded from...
configure.ac:15: the top level
configure.ac:15: warning: The macro `AC_HEADER_STDC' is obsolete.
configure.ac:15: You should run autoupdate.
./lib/autoconf/headers.m4:704: AC_HEADER_STDC is expanded from...
./lib/autoconf/oldnames.m4:75: AC_STDC_HEADERS is expanded from...
configure.ac:15: the top level
configure.ac:122: warning: The macro `AC_HELP_STRING' is obsolete.
configure.ac:122: You should run autoupdate.
./lib/autoconf/general.m4:204: AC_HELP_STRING is expanded from...
configure.ac:122: the top level
configure.ac:164: warning: AC_OUTPUT should be used without arguments.
configure.ac:164: You should run autoupdate.
Running glib-gettextize... Ignore non-fatal messages.
Copying file po/Makefile.in.in

Please add the files
  codeset.m4 gettext.m4 glibc21.m4 iconv.m4 isc-posix.m4 lcmessage.m4
  progtest.m4
from the /usr/share/aclocal directory to your autoconf macro directory
or directly to your aclocal.m4 file.
You will also need config.guess and config.sub, which you can get from
ftp://ftp.gnu.org/pub/gnu/config/.

Running gtkdocize...
Running intltoolize...
Running autoreconf...
autoreconf: export WARNINGS=no-portability
autoreconf: Entering directory '.'
autoreconf: configure.ac: not using Gettext
autoreconf: running: aclocal --force 
autoreconf: configure.ac: tracing
autoreconf: running: libtoolize --copy --force
libtoolize: putting auxiliary files in '.'.
libtoolize: copying file './ltmain.sh'
libtoolize: putting macros in AC_CONFIG_MACRO_DIRS, 'm4'.
libtoolize: copying file 'm4/libtool.m4'
libtoolize: copying file 'm4/ltoptions.m4'
libtoolize: copying file 'm4/ltsugar.m4'
libtoolize: copying file 'm4/ltversion.m4'
libtoolize: copying file 'm4/lt~obsolete.m4'
libtoolize: Consider adding '-I m4' to ACLOCAL_AMFLAGS in Makefile.am.
autoreconf: running: intltoolize --copy --force
You should update your 'aclocal.m4' by running aclocal.
autoreconf: running: gtkdocize --copy
autoreconf: running: aclocal --force 
autoreconf: running: /usr/bin/autoconf --force
configure.ac:5: warning: 'AM_CONFIG_HEADER': this macro is obsolete.
configure.ac:5: You should use the 'AC_CONFIG_HEADERS' macro instead.
./lib/autoconf/general.m4:2434: AC_DIAGNOSE is expanded from...
aclocal.m4:1846: AM_CONFIG_HEADER is expanded from...
configure.ac:5: the top level
configure.ac:12: warning: The macro `AC_ISC_POSIX' is obsolete.
configure.ac:12: You should run autoupdate.
./lib/autoconf/specific.m4:550: AC_ISC_POSIX is expanded from...
configure.ac:12: the top level
configure.ac:15: warning: The macro `AC_STDC_HEADERS' is obsolete.
configure.ac:15: You should run autoupdate.
./lib/autoconf/oldnames.m4:75: AC_STDC_HEADERS is expanded from...
configure.ac:15: the top level
configure.ac:15: warning: The macro `AC_HEADER_STDC' is obsolete.
configure.ac:15: You should run autoupdate.
./lib/autoconf/headers.m4:704: AC_HEADER_STDC is expanded from...
./lib/autoconf/oldnames.m4:75: AC_STDC_HEADERS is expanded from...
configure.ac:15: the top level
configure.ac:17: warning: The macro `AC_PROG_LIBTOOL' is obsolete.
configure.ac:17: You should run autoupdate.
m4/libtool.m4:99: AC_PROG_LIBTOOL is expanded from...
configure.ac:17: the top level
configure.ac:104: warning: The macro `AC_PYTHON_MODULE' is obsolete.
configure.ac:104: You should run autoupdate.
m4/ax_python_module.m4:26: AC_PYTHON_MODULE is expanded from...
configure.ac:104: the top level
configure.ac:122: warning: The macro `AC_HELP_STRING' is obsolete.
configure.ac:122: You should run autoupdate.
./lib/autoconf/general.m4:204: AC_HELP_STRING is expanded from...
configure.ac:122: the top level
configure.ac:158: warning: The macro `GLIB_GNU_GETTEXT' is obsolete.
configure.ac:158: You should run autoupdate.
aclocal.m4:388: GLIB_GNU_GETTEXT is expanded from...
aclocal.m4:488: AM_GLIB_GNU_GETTEXT is expanded from...
configure.ac:158: the top level
configure.ac:158: warning: The macro `AC_TRY_LINK' is obsolete.
configure.ac:158: You should run autoupdate.
./lib/autoconf/general.m4:2920: AC_TRY_LINK is expanded from...
lib/m4sugar/m4sh.m4:692: _AS_IF_ELSE is expanded from...
lib/m4sugar/m4sh.m4:699: AS_IF is expanded from...
./lib/autoconf/general.m4:2249: AC_CACHE_VAL is expanded from...
./lib/autoconf/general.m4:2270: AC_CACHE_CHECK is expanded from...
aclocal.m4:73: GLIB_LC_MESSAGES is expanded from...
aclocal.m4:388: GLIB_GNU_GETTEXT is expanded from...
aclocal.m4:488: AM_GLIB_GNU_GETTEXT is expanded from...
configure.ac:158: the top level
configure.ac:158: warning: The macro `AC_TRY_LINK' is obsolete.
configure.ac:158: You should run autoupdate.
./lib/autoconf/general.m4:2920: AC_TRY_LINK is expanded from...
lib/m4sugar/m4sh.m4:692: _AS_IF_ELSE is expanded from...
lib/m4sugar/m4sh.m4:699: AS_IF is expanded from...
./lib/autoconf/general.m4:2249: AC_CACHE_VAL is expanded from...
./lib/autoconf/general.m4:2270: AC_CACHE_CHECK is expanded from...
lib/m4sugar/m4sh.m4:699: AS_IF is expanded from...
./lib/autoconf/headers.m4:89: _AC_CHECK_HEADER_COMPILE is expanded from...
./lib/autoconf/headers.m4:56: AC_CHECK_HEADER is expanded from...
aclocal.m4:172: GLIB_WITH_NLS is expanded from...
aclocal.m4:388: GLIB_GNU_GETTEXT is expanded from...
aclocal.m4:488: AM_GLIB_GNU_GETTEXT is expanded from...
configure.ac:158: the top level
configure.ac:158: warning: The macro `AC_TRY_LINK' is obsolete.
configure.ac:158: You should run autoupdate.
./lib/autoconf/general.m4:2920: AC_TRY_LINK is expanded from...
lib/m4sugar/m4sh.m4:699: AS_IF is expanded from...
./lib/autoconf/headers.m4:89: _AC_CHECK_HEADER_COMPILE is expanded from...
./lib/autoconf/headers.m4:56: AC_CHECK_HEADER is expanded from...
aclocal.m4:172: GLIB_WITH_NLS is expanded from...
aclocal.m4:388: GLIB_GNU_GETTEXT is expanded from...
aclocal.m4:488: AM_GLIB_GNU_GETTEXT is expanded from...
configure.ac:158: the top level
configure.ac:158: warning: The macro `AC_OUTPUT_COMMANDS' is obsolete.
configure.ac:158: You should run autoupdate.
./lib/autoconf/status.m4:1025: AC_OUTPUT_COMMANDS is expanded from...
aclocal.m4:172: GLIB_WITH_NLS is expanded from...
aclocal.m4:388: GLIB_GNU_GETTEXT is expanded from...
aclocal.m4:488: AM_GLIB_GNU_GETTEXT is expanded from...
configure.ac:158: the top level
configure.ac:164: warning: AC_OUTPUT should be used without arguments.
configure.ac:164: You should run autoupdate.
autoreconf: running: /usr/bin/autoheader --force
autoreconf: running: automake --add-missing --copy --force-missing
configure.ac:12: installing './compile'
configure.ac:17: installing './config.guess'
configure.ac:17: installing './config.sub'
configure.ac:6: installing './install-sh'
configure.ac:6: installing './missing'
Makefile.am: installing './INSTALL'
common/Makefile.am: installing './depcomp'
data/Makefile.am:8: warning: '%'-style pattern rules are a GNU make extension
tests/Makefile.am:14: warning: source file '$(GTEST_SOURCE)/src/gtest-all.cc' is in a subdirectory,
tests/Makefile.am:14: but option 'subdir-objects' is disabled
automake: warning: possible forward-incompatibility.
automake: At least one source file is in a subdirectory, but the 'subdir-objects'
automake: automake option hasn't been enabled.  For now, the corresponding output
automake: object file(s) will be placed in the top-level directory.  However, this
automake: behavior may change in a future Automake major version, with object
automake: files being placed in the same subdirectory as the corresponding sources.
automake: You are advised to start using 'subdir-objects' option throughout your
automake: project, to avoid future incompatibilities.
tests/Makefile.am:14: warning: source file '$(GTEST_SOURCE)/src/gtest_main.cc' is in a subdirectory,
tests/Makefile.am:14: but option 'subdir-objects' is disabled
tests/Makefile.am:85: warning: source file '$(top_builddir)/common/indicator-messages-service.c' is in a subdirectory,
tests/Makefile.am:85: but option 'subdir-objects' is disabled
tests/Makefile.am:85: warning: source file '$(top_srcdir)/src/gactionmuxer.c' is in a subdirectory,
tests/Makefile.am:85: but option 'subdir-objects' is disabled
parallel-tests: installing './test-driver'
autoreconf: Leaving directory '.'
Skipping configure process.
make[1]: Leaving directory '/<<PKGBUILDDIR>>'
   debian/rules override_dh_auto_configure
make[1]: Entering directory '/<<PKGBUILDDIR>>'
dh_auto_configure -- --enable-gtk-doc
	./configure --build=x86_64-linux-gnu --prefix=/usr --includedir=\${prefix}/include --mandir=\${prefix}/share/man --infodir=\${prefix}/share/info --sysconfdir=/etc --localstatedir=/var --disable-option-checking --disable-silent-rules --libdir=\${prefix}/lib/x86_64-linux-gnu --runstatedir=/run --disable-maintainer-mode --disable-dependency-tracking --enable-gtk-doc
checking for a BSD-compatible install... /usr/bin/install -c
checking whether build environment is sane... yes
checking for a race-free mkdir -p... /bin/mkdir -p
checking for gawk... no
checking for mawk... mawk
checking whether make sets $(MAKE)... yes
checking whether make supports nested variables... yes
checking whether to enable maintainer-specific portions of Makefiles... no
checking whether NLS is requested... yes
checking for intltool >= 0.35.0... 0.51.0 found
checking for intltool-update... /usr/bin/intltool-update
checking for intltool-merge... /usr/bin/intltool-merge
checking for intltool-extract... /usr/bin/intltool-extract
checking for xgettext... /usr/bin/xgettext
checking for msgmerge... /usr/bin/msgmerge
checking for msgfmt... /usr/bin/msgfmt
checking for gmsgfmt... /usr/bin/msgfmt
checking for perl... /usr/bin/perl
checking for perl >= 5.8.1... 5.32.1
checking for XML::Parser... ok
checking whether make supports the include directive... yes (GNU style)
checking for gcc... gcc
checking whether the C compiler works... yes
checking for C compiler default output file name... a.out
checking for suffix of executables... 
checking whether we are cross compiling... no
checking for suffix of object files... o
checking whether the compiler supports GNU C... yes
checking whether gcc accepts -g... yes
checking for gcc option to enable C11 features... none needed
checking whether gcc understands -c and -o together... yes
checking dependency style of gcc... none
checking for library containing strerror... none required
checking for gcc... (cached) gcc
checking whether the compiler supports GNU C... (cached) yes
checking whether gcc accepts -g... (cached) yes
checking for gcc option to enable C11 features... (cached) none needed
checking whether gcc understands -c and -o together... (cached) yes
checking dependency style of gcc... (cached) none
checking for stdio.h... yes
checking for stdlib.h... yes
checking for string.h... yes
checking for inttypes.h... yes
checking for stdint.h... yes
checking for strings.h... yes
checking for sys/stat.h... yes
checking for sys/types.h... yes
checking for unistd.h... yes
checking for grep that handles long lines and -e... /bin/grep
checking for egrep... /bin/grep -E
checking build system type... x86_64-pc-linux-gnu
checking host system type... x86_64-pc-linux-gnu
checking how to print strings... printf
checking for a sed that does not truncate output... /bin/sed
checking for fgrep... /bin/grep -F
checking for ld used by gcc... /usr/bin/ld
checking if the linker (/usr/bin/ld) is GNU ld... yes
checking for BSD- or MS-compatible name lister (nm)... /usr/bin/nm -B
checking the name lister (/usr/bin/nm -B) interface... BSD nm
checking whether ln -s works... yes
checking the maximum length of command line arguments... 1572864
checking how to convert x86_64-pc-linux-gnu file names to x86_64-pc-linux-gnu format... func_convert_file_noop
checking how to convert x86_64-pc-linux-gnu file names to toolchain format... func_convert_file_noop
checking for /usr/bin/ld option to reload object files... -r
checking for objdump... objdump
checking how to recognize dependent libraries... pass_all
checking for dlltool... no
checking how to associate runtime and link libraries... printf %s\n
checking for ar... ar
checking for archiver @FILE support... @
checking for strip... strip
checking for ranlib... ranlib
checking command to parse /usr/bin/nm -B output from gcc object... ok
checking for sysroot... no
checking for a working dd... /bin/dd
checking how to truncate binary pipes... /bin/dd bs=4096 count=1
checking for mt... no
checking if : is a manifest tool... no
checking for dlfcn.h... yes
checking for objdir... .libs
checking if gcc supports -fno-rtti -fno-exceptions... yes
checking for gcc option to produce PIC... -fPIC -DPIC
checking if gcc PIC flag -fPIC -DPIC works... yes
checking if gcc static flag -static works... yes
checking if gcc supports -c -o file.o... yes
checking if gcc supports -c -o file.o... (cached) yes
checking whether the gcc linker (/usr/bin/ld -m elf_x86_64) supports shared libraries... yes
checking whether -lc should be explicitly linked in... no
checking dynamic linker characteristics... GNU/Linux ld.so
checking how to hardcode library paths into programs... immediate
checking whether stripping libraries is possible... yes
checking if libtool supports shared libraries... yes
checking whether to build shared libraries... yes
checking whether to build static libraries... no
checking whether make supports nested variables... (cached) yes
checking for g++... g++
checking whether the compiler supports GNU C++... yes
checking whether g++ accepts -g... yes
checking for g++ option to enable C++11 features... none needed
checking dependency style of g++... none
checking how to run the C++ preprocessor... g++ -E
checking for ld used by g++... /usr/bin/ld -m elf_x86_64
checking if the linker (/usr/bin/ld -m elf_x86_64) is GNU ld... yes
checking whether the g++ linker (/usr/bin/ld -m elf_x86_64) supports shared libraries... yes
checking for g++ option to produce PIC... -fPIC -DPIC
checking if g++ PIC flag -fPIC -DPIC works... yes
checking if g++ static flag -static works... yes
checking if g++ supports -c -o file.o... yes
checking if g++ supports -c -o file.o... (cached) yes
checking whether the g++ linker (/usr/bin/ld -m elf_x86_64) supports shared libraries... yes
checking dynamic linker characteristics... (cached) GNU/Linux ld.so
checking how to hardcode library paths into programs... immediate
checking for pkg-config... /usr/bin/pkg-config
checking pkg-config is at least version 0.9.0... yes
checking for gio-unix-2.0 >= 2.33.10
                          glib-2.0 >= 2.35.4
                          accountsservice... yes
checking for gio-unix-2.0 >= 2.33.10... yes
checking for pkg-config... (cached) /usr/bin/pkg-config
checking pkg-config is at least version 0.16... yes
checking for gtk-doc... yes
checking for gtkdoc-check... gtkdoc-check.test
checking for gtkdoc-check... /usr/bin/gtkdoc-check
checking for gtkdoc-rebase... /usr/bin/gtkdoc-rebase
checking for gtkdoc-mkpdf... /usr/bin/gtkdoc-mkpdf
checking whether to build gtk-doc documentation... yes
checking for glib-2.0 >= 2.10.0 gobject-2.0  >= 2.10.0... yes
checking for gobject-introspection... yes
checking for systemd... yes
checking for dbustest-1... yes
./configure: line 20159: CHECK_GTEST: command not found
checking for a Python interpreter with version >= 3.0... python3
checking for python3... /usr/bin/python3
checking for python3 version... 3.9
checking for python3 platform... linux
checking for GNU default python3 prefix... ${prefix}
checking for GNU default python3 exec_prefix... ${exec_prefix}
checking for python3 script directory (pythondir)... ${PYTHON_PREFIX}/lib/python3.9/site-packages
checking for python3 extension module directory (pyexecdir)... ${PYTHON_EXEC_PREFIX}/lib/python3.9/site-packages
checking python3 module: dbusmock... yes
checking for vapigen... /usr/bin/vapigen
checking for locale.h... yes
checking for LC_MESSAGES... yes
checking for CFPreferencesCopyAppValue... no
checking for CFLocaleCopyCurrent... no
checking for libintl.h... yes
checking for ngettext in libc... yes
checking for dgettext in libc... yes
checking for bind_textdomain_codeset... yes
checking for msgfmt... (cached) /usr/bin/msgfmt
checking for dcgettext... yes
checking if msgfmt accepts -c... yes
checking for gmsgfmt... (cached) /usr/bin/msgfmt
checking for xgettext... (cached) /usr/bin/xgettext
checking that generated files are newer than configure... done
configure: creating ./config.status
config.status: creating Makefile
config.status: creating src/Makefile
config.status: creating common/Makefile
config.status: creating data/Makefile
config.status: creating data/icons/Makefile
config.status: creating data/icons/16x16/Makefile
config.status: creating data/icons/16x16/status/Makefile
config.status: creating data/icons/16x16/categories/Makefile
config.status: creating data/icons/22x22/Makefile
config.status: creating data/icons/22x22/status/Makefile
config.status: creating data/icons/22x22/categories/Makefile
config.status: creating data/icons/24x24/Makefile
config.status: creating data/icons/24x24/status/Makefile
config.status: creating data/icons/32x32/Makefile
config.status: creating data/icons/32x32/status/Makefile
config.status: creating data/icons/32x32/categories/Makefile
config.status: creating data/icons/48x48/Makefile
config.status: creating data/icons/48x48/status/Makefile
config.status: creating data/icons/scalable/Makefile
config.status: creating data/icons/scalable/status/Makefile
config.status: creating data/icons/scalable/categories/Makefile
config.status: creating po/Makefile.in
config.status: creating tests/Makefile
config.status: creating libmessaging-menu/Makefile
config.status: creating libmessaging-menu/messaging-menu.pc
config.status: creating doc/Makefile
config.status: creating doc/reference/Makefile
config.status: creating doc/reference/messaging-menu-docs.xml
config.status: creating config.h
config.status: executing depfiles commands
config.status: executing libtool commands
config.status: executing default-1 commands
config.status: executing po/stamp-it commands
configure:

Messaging Indicator Configuration:

	Prefix:        /usr
	Indicator Dir: 
	tests:         no
	gcov:          no
	introspecion:  yes
	Vala bindings: yes
	documentation: yes

make[1]: Leaving directory '/<<PKGBUILDDIR>>'
   dh_auto_build
	make -j4
make[1]: Entering directory '/<<PKGBUILDDIR>>'
make  all-recursive
make[2]: Entering directory '/<<PKGBUILDDIR>>'
Making all in common
make[3]: Entering directory '/<<PKGBUILDDIR>>/common'
gdbus-codegen \
    --interface-prefix org.ayatana.indicator.messages. \
    --generate-c-code indicator-messages-service \
    --c-namespace IndicatorMessages \
    org.ayatana.indicator.messages.service.xml
gdbus-codegen \
    --interface-prefix org.ayatana.indicator.messages. \
    --generate-c-code indicator-messages-application \
    --c-namespace IndicatorMessages \
    org.ayatana.indicator.messages.application.xml
make  all-am
make[4]: Entering directory '/<<PKGBUILDDIR>>/common'
/bin/bash ../libtool  --tag=CC   --mode=compile gcc -DHAVE_CONFIG_H -I. -I..   -Wdate-time -D_FORTIFY_SOURCE=2 -pthread -I/usr/include/gio-unix-2.0 -I/usr/include/libmount -I/usr/include/blkid -I/usr/include/glib-2.0 -I/usr/lib/x86_64-linux-gnu/glib-2.0/include -g -O2 -ffile-prefix-map=/<<PKGBUILDDIR>>=. -fstack-protector-strong -Wformat -Werror=format-security -c -o libmessaging_common_la-indicator-messages-service.lo `test -f 'indicator-messages-service.c' || echo './'`indicator-messages-service.c
/bin/bash ../libtool  --tag=CC   --mode=compile gcc -DHAVE_CONFIG_H -I. -I..   -Wdate-time -D_FORTIFY_SOURCE=2 -pthread -I/usr/include/gio-unix-2.0 -I/usr/include/libmount -I/usr/include/blkid -I/usr/include/glib-2.0 -I/usr/lib/x86_64-linux-gnu/glib-2.0/include -g -O2 -ffile-prefix-map=/<<PKGBUILDDIR>>=. -fstack-protector-strong -Wformat -Werror=format-security -c -o libmessaging_common_la-indicator-messages-application.lo `test -f 'indicator-messages-application.c' || echo './'`indicator-messages-application.c
libtool: compile:  gcc -DHAVE_CONFIG_H -I. -I.. -Wdate-time -D_FORTIFY_SOURCE=2 -pthread -I/usr/include/gio-unix-2.0 -I/usr/include/libmount -I/usr/include/blkid -I/usr/include/glib-2.0 -I/usr/lib/x86_64-linux-gnu/glib-2.0/include -g -O2 -ffile-prefix-map=/<<PKGBUILDDIR>>=. -fstack-protector-strong -Wformat -Werror=format-security -c indicator-messages-service.c  -fPIC -DPIC -o .libs/libmessaging_common_la-indicator-messages-service.o
libtool: compile:  gcc -DHAVE_CONFIG_H -I. -I.. -Wdate-time -D_FORTIFY_SOURCE=2 -pthread -I/usr/include/gio-unix-2.0 -I/usr/include/libmount -I/usr/include/blkid -I/usr/include/glib-2.0 -I/usr/lib/x86_64-linux-gnu/glib-2.0/include -g -O2 -ffile-prefix-map=/<<PKGBUILDDIR>>=. -fstack-protector-strong -Wformat -Werror=format-security -c indicator-messages-application.c  -fPIC -DPIC -o .libs/libmessaging_common_la-indicator-messages-application.o
/bin/bash ../libtool  --tag=CC   --mode=link gcc -pthread -I/usr/include/gio-unix-2.0 -I/usr/include/libmount -I/usr/include/blkid -I/usr/include/glib-2.0 -I/usr/lib/x86_64-linux-gnu/glib-2.0/include -g -O2 -ffile-prefix-map=/<<PKGBUILDDIR>>=. -fstack-protector-strong -Wformat -Werror=format-security  -Wl,-z,relro -Wl,-z,now -o libmessaging-common.la  libmessaging_common_la-indicator-messages-service.lo libmessaging_common_la-indicator-messages-application.lo -lgio-2.0 -lgobject-2.0 -lglib-2.0 
libtool: link: ar cr .libs/libmessaging-common.a .libs/libmessaging_common_la-indicator-messages-service.o .libs/libmessaging_common_la-indicator-messages-application.o 
libtool: link: ranlib .libs/libmessaging-common.a
libtool: link: ( cd ".libs" && rm -f "libmessaging-common.la" && ln -s "../libmessaging-common.la" "libmessaging-common.la" )
make[4]: Leaving directory '/<<PKGBUILDDIR>>/common'
make[3]: Leaving directory '/<<PKGBUILDDIR>>/common'
Making all in src
make[3]: Entering directory '/<<PKGBUILDDIR>>/src'
gcc -DHAVE_CONFIG_H -I. -I..   -Wdate-time -D_FORTIFY_SOURCE=2 -pthread -I/usr/include/gio-unix-2.0 -I/usr/include/accountsservice-1.0 -I/usr/include/polkit-1 -I/usr/include/libmount -I/usr/include/blkid -I/usr/include/glib-2.0 -I/usr/lib/x86_64-linux-gnu/glib-2.0/include  -I../common -Wall -Wl,-Bsymbolic-functions -Wl,-z,defs -Wl,--as-needed -Werror -Wno-error=deprecated-declarations -DG_LOG_DOMAIN=\"Ayatana-Indicator-Messages\" -g -O2 -ffile-prefix-map=/<<PKGBUILDDIR>>=. -fstack-protector-strong -Wformat -Werror=format-security -c -o ayatana_indicator_messages_service-messages-service.o `test -f 'messages-service.c' || echo './'`messages-service.c
gcc -DHAVE_CONFIG_H -I. -I..   -Wdate-time -D_FORTIFY_SOURCE=2 -pthread -I/usr/include/gio-unix-2.0 -I/usr/include/accountsservice-1.0 -I/usr/include/polkit-1 -I/usr/include/libmount -I/usr/include/blkid -I/usr/include/glib-2.0 -I/usr/lib/x86_64-linux-gnu/glib-2.0/include  -I../common -Wall -Wl,-Bsymbolic-functions -Wl,-z,defs -Wl,--as-needed -Werror -Wno-error=deprecated-declarations -DG_LOG_DOMAIN=\"Ayatana-Indicator-Messages\" -g -O2 -ffile-prefix-map=/<<PKGBUILDDIR>>=. -fstack-protector-strong -Wformat -Werror=format-security -c -o ayatana_indicator_messages_service-gactionmuxer.o `test -f 'gactionmuxer.c' || echo './'`gactionmuxer.c
gcc -DHAVE_CONFIG_H -I. -I..   -Wdate-time -D_FORTIFY_SOURCE=2 -pthread -I/usr/include/gio-unix-2.0 -I/usr/include/accountsservice-1.0 -I/usr/include/polkit-1 -I/usr/include/libmount -I/usr/include/blkid -I/usr/include/glib-2.0 -I/usr/lib/x86_64-linux-gnu/glib-2.0/include  -I../common -Wall -Wl,-Bsymbolic-functions -Wl,-z,defs -Wl,--as-needed -Werror -Wno-error=deprecated-declarations -DG_LOG_DOMAIN=\"Ayatana-Indicator-Messages\" -g -O2 -ffile-prefix-map=/<<PKGBUILDDIR>>=. -fstack-protector-strong -Wformat -Werror=format-security -c -o ayatana_indicator_messages_service-gsettingsstrv.o `test -f 'gsettingsstrv.c' || echo './'`gsettingsstrv.c
gcc -DHAVE_CONFIG_H -I. -I..   -Wdate-time -D_FORTIFY_SOURCE=2 -pthread -I/usr/include/gio-unix-2.0 -I/usr/include/accountsservice-1.0 -I/usr/include/polkit-1 -I/usr/include/libmount -I/usr/include/blkid -I/usr/include/glib-2.0 -I/usr/lib/x86_64-linux-gnu/glib-2.0/include  -I../common -Wall -Wl,-Bsymbolic-functions -Wl,-z,defs -Wl,--as-needed -Werror -Wno-error=deprecated-declarations -DG_LOG_DOMAIN=\"Ayatana-Indicator-Messages\" -g -O2 -ffile-prefix-map=/<<PKGBUILDDIR>>=. -fstack-protector-strong -Wformat -Werror=format-security -c -o ayatana_indicator_messages_service-im-accounts-service.o `test -f 'im-accounts-service.c' || echo './'`im-accounts-service.c
clangclangclangclang: : : error: -Wl,-Bsymbolic-functions: 'linker' input unused [-Werror,-Wunused-command-line-argument]error: 
-Wl,-Bsymbolic-functions: 'linker' input unused [-Werror,-Wunused-command-line-argument]
error: clang: -Wl,-Bsymbolic-functions: 'linker' input unused [-Werror,-Wunused-command-line-argument]error: clang
-Wl,-z,defs: 'linker' input unused [-Werror,-Wunused-command-line-argument]: 
error: -Wl,-z,defs: 'linker' input unused [-Werror,-Wunused-command-line-argument]clang
clang: : error: clangerror: -Wl,--as-needed: 'linker' input unused [-Werror,-Wunused-command-line-argument]: error: -Wl,-z,defs: 'linker' input unused [-Werror,-Wunused-command-line-argument]
-Wl,--as-needed: 'linker' input unused [-Werror,-Wunused-command-line-argument]

clang: error: -Wl,--as-needed: 'linker' input unused [-Werror,-Wunused-command-line-argument]
: error: -Wl,-Bsymbolic-functions: 'linker' input unused [-Werror,-Wunused-command-line-argument]
clang: error: -Wl,-z,defs: 'linker' input unused [-Werror,-Wunused-command-line-argument]
clang: error: -Wl,--as-needed: 'linker' input unused [-Werror,-Wunused-command-line-argument]
make[3]: *** [Makefile:595: ayatana_indicator_messages_service-gactionmuxer.o] Error 1
make[3]: *** Waiting for unfinished jobs....
make[3]: *** [Makefile:609: ayatana_indicator_messages_service-gsettingsstrv.o] Error 1
make[3]: *** [Makefile:623: ayatana_indicator_messages_service-im-accounts-service.o] Error 1
make[3]: *** [Makefile:581: ayatana_indicator_messages_service-messages-service.o] Error 1
make[3]: Leaving directory '/<<PKGBUILDDIR>>/src'
make[2]: *** [Makefile:493: all-recursive] Error 1
make[2]: Leaving directory '/<<PKGBUILDDIR>>'
make[1]: *** [Makefile:424: all] Error 2
make[1]: Leaving directory '/<<PKGBUILDDIR>>'
dh_auto_build: error: make -j4 returned exit code 2
make: *** [debian/rules:10: binary] Error 25
dpkg-buildpackage: error: debian/rules binary subprocess returned exit status 2
--------------------------------------------------------------------------------
Build finished at 2021-10-26T22:53:09Z

Finished
--------


+------------------------------------------------------------------------------+
| Cleanup                                                                      |
+------------------------------------------------------------------------------+

Purging /<<BUILDDIR>>
Not cleaning session: cloned chroot in use
E: Build failure (dpkg-buildpackage died)

+------------------------------------------------------------------------------+
| Summary                                                                      |
+------------------------------------------------------------------------------+

Build Architecture: amd64
Build Type: binary
Build-Space: 10740
Build-Time: 19
Distribution: unstable
Fail-Stage: build
Host Architecture: amd64
Install-Time: 25
Job: ayatana-indicator-messages_0.8.2-1
Machine Architecture: amd64
Package: ayatana-indicator-messages
Package-Time: 65
Source-Version: 0.8.2-1
Space: 10740
Status: attempted
Version: 0.8.2-1
--------------------------------------------------------------------------------
Finished at 2021-10-26T22:53:09Z
Build needed 00:01:05, 10740k disk space
E: Build failure (dpkg-buildpackage died)
DC-Status: Failed 66.244579233s
