DC-Build-Header: blitz++ 1:1.0.2+ds-2 / 2021-10-26 21:00:29 +0000
DC-Task: type:rebuild-binarch-only source:blitz++ version:1:1.0.2+ds-2 chroot:unstable esttime:801 logfile:/tmp/blitz++_1.0.2+ds-2_unstable_clang13.log modes:clang13:binarch-only
DC-Sbuild-call: su user42 -c 'sbuild -n --arch-any --apt-update -d unstable -v --no-run-lintian --chroot-setup-commands=/tmp/clang13 blitz++_1:1.0.2+ds-2'
sbuild (Debian sbuild) 0.78.1 (09 February 2019) on ip-172-31-8-136.eu-central-1.compute.internal

+==============================================================================+
| blitz++ 1:1.0.2+ds-2 (amd64)                 Tue, 26 Oct 2021 21:00:30 +0000 |
+==============================================================================+

Package: blitz++
Version: 1:1.0.2+ds-2
Source Version: 1:1.0.2+ds-2
Distribution: unstable
Machine Architecture: amd64
Host Architecture: amd64
Build Architecture: amd64
Build Type: binary

I: NOTICE: Log filtering will replace 'var/run/schroot/mount/sid-amd64-sbuild-86deab5b-94ea-45ff-8930-cef634402847' with '<<CHROOT>>'

+------------------------------------------------------------------------------+
| Chroot Setup Commands                                                        |
+------------------------------------------------------------------------------+


/tmp/clang13
------------

+ echo 'Entering customization script...'
Entering customization script...
+ CLANG_VERSION=13
+ echo 'Install of clang-13'
Install of clang-13
+ apt-get update
Get:1 http://127.0.0.1:12990/debian sid InRelease [165 kB]
Get:2 http://127.0.0.1:12990/debian sid/main Sources.diff/Index [63.6 kB]
Get:3 http://127.0.0.1:12990/debian sid/main amd64 Packages.diff/Index [63.6 kB]
Get:4 http://127.0.0.1:12990/debian sid/main Sources T-2021-10-26-2004.40-F-2021-10-26-0202.15.pdiff [47.3 kB]
Get:4 http://127.0.0.1:12990/debian sid/main Sources T-2021-10-26-2004.40-F-2021-10-26-0202.15.pdiff [47.3 kB]
Get:5 http://127.0.0.1:12990/debian sid/main amd64 Packages T-2021-10-26-2004.40-F-2021-10-26-0202.15.pdiff [55.9 kB]
Get:5 http://127.0.0.1:12990/debian sid/main amd64 Packages T-2021-10-26-2004.40-F-2021-10-26-0202.15.pdiff [55.9 kB]
Get:6 http://127.0.0.1:12990/debian sid/main Translation-en [6586 kB]
Fetched 6981 kB in 3s (2759 kB/s)
Reading package lists...
+ apt-get install --yes --no-install-recommends --force-yes clang-13 libomp-13-dev libobjc-9-dev
Reading package lists...
Building dependency tree...
The following additional packages will be installed:
  lib32gcc-s1 lib32stdc++6 libasan5 libbsd0 libc6-i386 libclang-common-13-dev
  libclang-cpp13 libclang1-13 libedit2 libgc1 libgcc-9-dev libicu67 libllvm13
  libmd0 libobjc-11-dev libobjc4 libomp5-13 libxml2 libz3-4
Suggested packages:
  clang-13-doc libomp-13-doc
Recommended packages:
  llvm-13-dev python3
The following NEW packages will be installed:
  clang-13 lib32gcc-s1 lib32stdc++6 libasan5 libbsd0 libc6-i386
  libclang-common-13-dev libclang-cpp13 libclang1-13 libedit2 libgc1
  libgcc-9-dev libicu67 libllvm13 libmd0 libobjc-11-dev libobjc-9-dev libobjc4
  libomp-13-dev libomp5-13 libxml2 libz3-4
0 upgraded, 22 newly installed, 0 to remove and 0 not upgraded.
Need to get 68.5 MB of archives.
After this operation, 379 MB of additional disk space will be used.
Get:1 http://127.0.0.1:12990/debian sid/main amd64 libmd0 amd64 1.0.4-1 [29.6 kB]
Get:2 http://127.0.0.1:12990/debian sid/main amd64 libbsd0 amd64 0.11.3-1 [108 kB]
Get:3 http://127.0.0.1:12990/debian sid/main amd64 libedit2 amd64 3.1-20210910-1 [97.5 kB]
Get:4 http://127.0.0.1:12990/debian sid/main amd64 libicu67 amd64 67.1-7 [8622 kB]
Get:5 http://127.0.0.1:12990/debian sid/main amd64 libxml2 amd64 2.9.12+dfsg-5 [696 kB]
Get:6 http://127.0.0.1:12990/debian sid/main amd64 libz3-4 amd64 4.8.12-1+b1 [6997 kB]
Get:7 http://127.0.0.1:12990/debian sid/main amd64 libllvm13 amd64 1:13.0.0-8 [19.7 MB]
Get:8 http://127.0.0.1:12990/debian sid/main amd64 libclang-cpp13 amd64 1:13.0.0-8 [10.5 MB]
Get:9 http://127.0.0.1:12990/debian sid/main amd64 libgc1 amd64 1:8.0.4-3 [239 kB]
Get:10 http://127.0.0.1:12990/debian sid/main amd64 libobjc4 amd64 11.2.0-10 [43.2 kB]
Get:11 http://127.0.0.1:12990/debian sid/main amd64 libobjc-11-dev amd64 11.2.0-10 [170 kB]
Get:12 http://127.0.0.1:12990/debian sid/main amd64 libc6-i386 amd64 2.32-4 [2624 kB]
Get:13 http://127.0.0.1:12990/debian sid/main amd64 lib32gcc-s1 amd64 11.2.0-10 [49.9 kB]
Get:14 http://127.0.0.1:12990/debian sid/main amd64 lib32stdc++6 amd64 11.2.0-10 [601 kB]
Get:15 http://127.0.0.1:12990/debian sid/main amd64 libclang-common-13-dev amd64 1:13.0.0-8 [5730 kB]
Get:16 http://127.0.0.1:12990/debian sid/main amd64 libclang1-13 amd64 1:13.0.0-8 [6093 kB]
Get:17 http://127.0.0.1:12990/debian sid/main amd64 clang-13 amd64 1:13.0.0-8 [119 kB]
Get:18 http://127.0.0.1:12990/debian sid/main amd64 libasan5 amd64 9.4.0-3 [2734 kB]
Get:19 http://127.0.0.1:12990/debian sid/main amd64 libgcc-9-dev amd64 9.4.0-3 [2343 kB]
Get:20 http://127.0.0.1:12990/debian sid/main amd64 libobjc-9-dev amd64 9.4.0-3 [219 kB]
Get:21 http://127.0.0.1:12990/debian sid/main amd64 libomp5-13 amd64 1:13.0.0-8 [377 kB]
Get:22 http://127.0.0.1:12990/debian sid/main amd64 libomp-13-dev amd64 1:13.0.0-8 [482 kB]
debconf: delaying package configuration, since apt-utils is not installed
Fetched 68.5 MB in 0s (154 MB/s)
Selecting previously unselected package libmd0:amd64.
(Reading database ... (Reading database ... 5%(Reading database ... 10%(Reading database ... 15%(Reading database ... 20%(Reading database ... 25%(Reading database ... 30%(Reading database ... 35%(Reading database ... 40%(Reading database ... 45%(Reading database ... 50%(Reading database ... 55%(Reading database ... 60%(Reading database ... 65%(Reading database ... 70%(Reading database ... 75%(Reading database ... 80%(Reading database ... 85%(Reading database ... 90%(Reading database ... 95%(Reading database ... 100%(Reading database ... 12431 files and directories currently installed.)
Preparing to unpack .../00-libmd0_1.0.4-1_amd64.deb ...
Unpacking libmd0:amd64 (1.0.4-1) ...
Selecting previously unselected package libbsd0:amd64.
Preparing to unpack .../01-libbsd0_0.11.3-1_amd64.deb ...
Unpacking libbsd0:amd64 (0.11.3-1) ...
Selecting previously unselected package libedit2:amd64.
Preparing to unpack .../02-libedit2_3.1-20210910-1_amd64.deb ...
Unpacking libedit2:amd64 (3.1-20210910-1) ...
Selecting previously unselected package libicu67:amd64.
Preparing to unpack .../03-libicu67_67.1-7_amd64.deb ...
Unpacking libicu67:amd64 (67.1-7) ...
Selecting previously unselected package libxml2:amd64.
Preparing to unpack .../04-libxml2_2.9.12+dfsg-5_amd64.deb ...
Unpacking libxml2:amd64 (2.9.12+dfsg-5) ...
Selecting previously unselected package libz3-4:amd64.
Preparing to unpack .../05-libz3-4_4.8.12-1+b1_amd64.deb ...
Unpacking libz3-4:amd64 (4.8.12-1+b1) ...
Selecting previously unselected package libllvm13:amd64.
Preparing to unpack .../06-libllvm13_1%3a13.0.0-8_amd64.deb ...
Unpacking libllvm13:amd64 (1:13.0.0-8) ...
Selecting previously unselected package libclang-cpp13.
Preparing to unpack .../07-libclang-cpp13_1%3a13.0.0-8_amd64.deb ...
Unpacking libclang-cpp13 (1:13.0.0-8) ...
Selecting previously unselected package libgc1:amd64.
Preparing to unpack .../08-libgc1_1%3a8.0.4-3_amd64.deb ...
Unpacking libgc1:amd64 (1:8.0.4-3) ...
Selecting previously unselected package libobjc4:amd64.
Preparing to unpack .../09-libobjc4_11.2.0-10_amd64.deb ...
Unpacking libobjc4:amd64 (11.2.0-10) ...
Selecting previously unselected package libobjc-11-dev:amd64.
Preparing to unpack .../10-libobjc-11-dev_11.2.0-10_amd64.deb ...
Unpacking libobjc-11-dev:amd64 (11.2.0-10) ...
Selecting previously unselected package libc6-i386.
Preparing to unpack .../11-libc6-i386_2.32-4_amd64.deb ...
Unpacking libc6-i386 (2.32-4) ...
Selecting previously unselected package lib32gcc-s1.
Preparing to unpack .../12-lib32gcc-s1_11.2.0-10_amd64.deb ...
Unpacking lib32gcc-s1 (11.2.0-10) ...
Selecting previously unselected package lib32stdc++6.
Preparing to unpack .../13-lib32stdc++6_11.2.0-10_amd64.deb ...
Unpacking lib32stdc++6 (11.2.0-10) ...
Selecting previously unselected package libclang-common-13-dev.
Preparing to unpack .../14-libclang-common-13-dev_1%3a13.0.0-8_amd64.deb ...
Unpacking libclang-common-13-dev (1:13.0.0-8) ...
Selecting previously unselected package libclang1-13.
Preparing to unpack .../15-libclang1-13_1%3a13.0.0-8_amd64.deb ...
Unpacking libclang1-13 (1:13.0.0-8) ...
Selecting previously unselected package clang-13.
Preparing to unpack .../16-clang-13_1%3a13.0.0-8_amd64.deb ...
Unpacking clang-13 (1:13.0.0-8) ...
Selecting previously unselected package libasan5:amd64.
Preparing to unpack .../17-libasan5_9.4.0-3_amd64.deb ...
Unpacking libasan5:amd64 (9.4.0-3) ...
Selecting previously unselected package libgcc-9-dev:amd64.
Preparing to unpack .../18-libgcc-9-dev_9.4.0-3_amd64.deb ...
Unpacking libgcc-9-dev:amd64 (9.4.0-3) ...
Selecting previously unselected package libobjc-9-dev:amd64.
Preparing to unpack .../19-libobjc-9-dev_9.4.0-3_amd64.deb ...
Unpacking libobjc-9-dev:amd64 (9.4.0-3) ...
Selecting previously unselected package libomp5-13:amd64.
Preparing to unpack .../20-libomp5-13_1%3a13.0.0-8_amd64.deb ...
Unpacking libomp5-13:amd64 (1:13.0.0-8) ...
Selecting previously unselected package libomp-13-dev.
Preparing to unpack .../21-libomp-13-dev_1%3a13.0.0-8_amd64.deb ...
Unpacking libomp-13-dev (1:13.0.0-8) ...
Setting up libicu67:amd64 (67.1-7) ...
Setting up libasan5:amd64 (9.4.0-3) ...
Setting up libz3-4:amd64 (4.8.12-1+b1) ...
Setting up libgc1:amd64 (1:8.0.4-3) ...
Setting up libmd0:amd64 (1.0.4-1) ...
Setting up libc6-i386 (2.32-4) ...
Setting up libomp5-13:amd64 (1:13.0.0-8) ...
Setting up libbsd0:amd64 (0.11.3-1) ...
Setting up libxml2:amd64 (2.9.12+dfsg-5) ...
Setting up libedit2:amd64 (3.1-20210910-1) ...
Setting up libobjc4:amd64 (11.2.0-10) ...
Setting up libgcc-9-dev:amd64 (9.4.0-3) ...
Setting up lib32gcc-s1 (11.2.0-10) ...
Setting up lib32stdc++6 (11.2.0-10) ...
Setting up libllvm13:amd64 (1:13.0.0-8) ...
Setting up libobjc-9-dev:amd64 (9.4.0-3) ...
Setting up libclang-common-13-dev (1:13.0.0-8) ...
Setting up libomp-13-dev (1:13.0.0-8) ...
Setting up libobjc-11-dev:amd64 (11.2.0-10) ...
Setting up libclang1-13 (1:13.0.0-8) ...
Setting up libclang-cpp13 (1:13.0.0-8) ...
Setting up clang-13 (1:13.0.0-8) ...
Processing triggers for libc-bin (2.32-4) ...
W: --force-yes is deprecated, use one of the options starting with --allow instead.
+ echo 'Replace gcc, g++ & cpp by clang'
Replace gcc, g++ & cpp by clang
+ VERSIONS='4.6 4.7 4.8 4.9 5 6 7 8 9 10 11'
+ cd /usr/bin
+ for VERSION in $VERSIONS
+ rm -f g++-4.6 gcc-4.6 cpp-4.6 gcc
+ ln -s clang++-13 g++-4.6
+ ln -s clang-13 gcc-4.6
+ ln -s clang-13 cpp-4.6
+ ln -s clang-13 gcc
+ dpkg --set-selections
+ echo 'gcc-4.6 hold'
dpkg: warning: package not in status nor available database at line 1: gcc-4.6
dpkg: warning: found unknown packages; this might mean the available database
is outdated, and needs to be updated through a frontend method;
please see the FAQ <https://wiki.debian.org/Teams/Dpkg/FAQ>
+ echo 'g++-4.6 hold'
+ dpkg --set-selections
dpkg: warning: package not in status nor available database at line 1: g++-4.6
dpkg: warning: found unknown packages; this might mean the available database
is outdated, and needs to be updated through a frontend method;
please see the FAQ <https://wiki.debian.org/Teams/Dpkg/FAQ>
+ for VERSION in $VERSIONS
+ rm -f g++-4.7 gcc-4.7 cpp-4.7 gcc
+ ln -s clang++-13 g++-4.7
+ ln -s clang-13 gcc-4.7
+ ln -s clang-13 cpp-4.7
+ ln -s clang-13 gcc
+ echo 'gcc-4.7 hold'
+ dpkg --set-selections
dpkg: warning: package not in status nor available database at line 1: gcc-4.7
dpkg: warning: found unknown packages; this might mean the available database
is outdated, and needs to be updated through a frontend method;
please see the FAQ <https://wiki.debian.org/Teams/Dpkg/FAQ>
+ echo 'g++-4.7 hold'
+ dpkg --set-selections
dpkg: warning: package not in status nor available database at line 1: g++-4.7
dpkg: warning: found unknown packages; this might mean the available database
is outdated, and needs to be updated through a frontend method;
please see the FAQ <https://wiki.debian.org/Teams/Dpkg/FAQ>
+ for VERSION in $VERSIONS
+ rm -f g++-4.8 gcc-4.8 cpp-4.8 gcc
+ ln -s clang++-13 g++-4.8
+ ln -s clang-13 gcc-4.8
+ ln -s clang-13 cpp-4.8
+ ln -s clang-13 gcc
+ echo 'gcc-4.8 hold'
+ dpkg --set-selections
dpkg: warning: package not in status nor available database at line 1: gcc-4.8
dpkg: warning: found unknown packages; this might mean the available database
is outdated, and needs to be updated through a frontend method;
please see the FAQ <https://wiki.debian.org/Teams/Dpkg/FAQ>
+ echo 'g++-4.8 hold'
+ dpkg --set-selections
dpkg: warning: package not in status nor available database at line 1: g++-4.8
dpkg: warning: found unknown packages; this might mean the available database
is outdated, and needs to be updated through a frontend method;
please see the FAQ <https://wiki.debian.org/Teams/Dpkg/FAQ>
+ for VERSION in $VERSIONS
+ rm -f g++-4.9 gcc-4.9 cpp-4.9 gcc
+ ln -s clang++-13 g++-4.9
+ ln -s clang-13 gcc-4.9
+ ln -s clang-13 cpp-4.9
+ ln -s clang-13 gcc
+ echo 'gcc-4.9 hold'
+ dpkg --set-selections
dpkg: warning: package not in status nor available database at line 1: gcc-4.9
dpkg: warning: found unknown packages; this might mean the available database
is outdated, and needs to be updated through a frontend method;
please see the FAQ <https://wiki.debian.org/Teams/Dpkg/FAQ>
+ echo 'g++-4.9 hold'
+ dpkg --set-selections
dpkg: warning: package not in status nor available database at line 1: g++-4.9
dpkg: warning: found unknown packages; this might mean the available database
is outdated, and needs to be updated through a frontend method;
please see the FAQ <https://wiki.debian.org/Teams/Dpkg/FAQ>
+ for VERSION in $VERSIONS
+ rm -f g++-5 gcc-5 cpp-5 gcc
+ ln -s clang++-13 g++-5
+ ln -s clang-13 gcc-5
+ ln -s clang-13 cpp-5
+ ln -s clang-13 gcc
+ echo 'gcc-5 hold'
+ dpkg --set-selections
dpkg: warning: package not in status nor available database at line 1: gcc-5
dpkg: warning: found unknown packages; this might mean the available database
is outdated, and needs to be updated through a frontend method;
please see the FAQ <https://wiki.debian.org/Teams/Dpkg/FAQ>
+ echo 'g++-5 hold'
+ dpkg --set-selections
dpkg: warning: package not in status nor available database at line 1: g++-5
dpkg: warning: found unknown packages; this might mean the available database
is outdated, and needs to be updated through a frontend method;
please see the FAQ <https://wiki.debian.org/Teams/Dpkg/FAQ>
+ for VERSION in $VERSIONS
+ rm -f g++-6 gcc-6 cpp-6 gcc
+ ln -s clang++-13 g++-6
+ ln -s clang-13 gcc-6
+ ln -s clang-13 cpp-6
+ ln -s clang-13 gcc
+ echo 'gcc-6 hold'
+ dpkg --set-selections
dpkg: warning: package not in status nor available database at line 1: gcc-6
dpkg: warning: found unknown packages; this might mean the available database
is outdated, and needs to be updated through a frontend method;
please see the FAQ <https://wiki.debian.org/Teams/Dpkg/FAQ>
+ echo 'g++-6 hold'
+ dpkg --set-selections
dpkg: warning: package not in status nor available database at line 1: g++-6
dpkg: warning: found unknown packages; this might mean the available database
is outdated, and needs to be updated through a frontend method;
please see the FAQ <https://wiki.debian.org/Teams/Dpkg/FAQ>
+ for VERSION in $VERSIONS
+ rm -f g++-7 gcc-7 cpp-7 gcc
+ ln -s clang++-13 g++-7
+ ln -s clang-13 gcc-7
+ ln -s clang-13 cpp-7
+ ln -s clang-13 gcc
+ echo 'gcc-7 hold'
+ dpkg --set-selections
dpkg: warning: package not in status nor available database at line 1: gcc-7
dpkg: warning: found unknown packages; this might mean the available database
is outdated, and needs to be updated through a frontend method;
please see the FAQ <https://wiki.debian.org/Teams/Dpkg/FAQ>
+ echo 'g++-7 hold'
+ dpkg --set-selections
dpkg: warning: package not in status nor available database at line 1: g++-7
dpkg: warning: found unknown packages; this might mean the available database
is outdated, and needs to be updated through a frontend method;
please see the FAQ <https://wiki.debian.org/Teams/Dpkg/FAQ>
+ for VERSION in $VERSIONS
+ rm -f g++-8 gcc-8 cpp-8 gcc
+ ln -s clang++-13 g++-8
+ ln -s clang-13 gcc-8
+ ln -s clang-13 cpp-8
+ ln -s clang-13 gcc
+ echo 'gcc-8 hold'
+ dpkg --set-selections
dpkg: warning: package not in status nor available database at line 1: gcc-8
dpkg: warning: found unknown packages; this might mean the available database
is outdated, and needs to be updated through a frontend method;
please see the FAQ <https://wiki.debian.org/Teams/Dpkg/FAQ>
+ echo 'g++-8 hold'
+ dpkg --set-selections
dpkg: warning: package not in status nor available database at line 1: g++-8
dpkg: warning: found unknown packages; this might mean the available database
is outdated, and needs to be updated through a frontend method;
please see the FAQ <https://wiki.debian.org/Teams/Dpkg/FAQ>
+ for VERSION in $VERSIONS
+ rm -f g++-9 gcc-9 cpp-9 gcc
+ ln -s clang++-13 g++-9
+ ln -s clang-13 gcc-9
+ ln -s clang-13 cpp-9
+ ln -s clang-13 gcc
+ echo 'gcc-9 hold'
+ dpkg --set-selections
dpkg: warning: package not in status nor available database at line 1: gcc-9
dpkg: warning: found unknown packages; this might mean the available database
is outdated, and needs to be updated through a frontend method;
please see the FAQ <https://wiki.debian.org/Teams/Dpkg/FAQ>
+ echo 'g++-9 hold'
+ dpkg --set-selections
dpkg: warning: package not in status nor available database at line 1: g++-9
dpkg: warning: found unknown packages; this might mean the available database
is outdated, and needs to be updated through a frontend method;
please see the FAQ <https://wiki.debian.org/Teams/Dpkg/FAQ>
+ for VERSION in $VERSIONS
+ rm -f g++-10 gcc-10 cpp-10 gcc
+ ln -s clang++-13 g++-10
+ ln -s clang-13 gcc-10
+ ln -s clang-13 cpp-10
+ ln -s clang-13 gcc
+ echo 'gcc-10 hold'
+ dpkg --set-selections
dpkg: warning: package not in status nor available database at line 1: gcc-10
dpkg: warning: found unknown packages; this might mean the available database
is outdated, and needs to be updated through a frontend method;
please see the FAQ <https://wiki.debian.org/Teams/Dpkg/FAQ>
+ echo 'g++-10 hold'
+ dpkg --set-selections
dpkg: warning: package not in status nor available database at line 1: g++-10
dpkg: warning: found unknown packages; this might mean the available database
is outdated, and needs to be updated through a frontend method;
please see the FAQ <https://wiki.debian.org/Teams/Dpkg/FAQ>
+ for VERSION in $VERSIONS
+ rm -f g++-11 gcc-11 cpp-11 gcc
+ ln -s clang++-13 g++-11
+ ln -s clang-13 gcc-11
+ ln -s clang-13 cpp-11
+ ln -s clang-13 gcc
+ echo 'gcc-11 hold'
+ dpkg --set-selections
+ echo 'g++-11 hold'
+ dpkg --set-selections
+ cd -
/build/blitz++-iGWQh4
+ echo 'Check if gcc, g++ & cpp are actually clang'
Check if gcc, g++ & cpp are actually clang
+ gcc --version
+ grep clang
+ cpp --version
+ grep clang
+ g++ --version
+ grep clang
+ cd /usr/bin/
+ rm -f clang++ clang
+ ln -s clang-13 clang++
+ ln -s clang-13 clang
+ clang++ --version
Debian clang version 13.0.0-8
Target: x86_64-pc-linux-gnu
Thread model: posix
InstalledDir: /usr/bin
+ clang --version
Debian clang version 13.0.0-8
Target: x86_64-pc-linux-gnu
Thread model: posix
InstalledDir: /usr/bin
+ cd -
/build/blitz++-iGWQh4
+ apt install --yes --no-install-recommends --force-yes qt5-qmake

WARNING: apt does not have a stable CLI interface. Use with caution in scripts.

Reading package lists...
Building dependency tree...
Reading state information...
The following additional packages will be installed:
  qt5-qmake-bin qtchooser
The following NEW packages will be installed:
  qt5-qmake qt5-qmake-bin qtchooser
0 upgraded, 3 newly installed, 0 to remove and 0 not upgraded.
Need to get 1322 kB of archives.
After this operation, 4914 kB of additional disk space will be used.
Get:1 http://127.0.0.1:12990/debian sid/main amd64 qt5-qmake-bin amd64 5.15.2+dfsg-12 [1046 kB]
Get:2 http://127.0.0.1:12990/debian sid/main amd64 qtchooser amd64 66-2 [26.3 kB]
Get:3 http://127.0.0.1:12990/debian sid/main amd64 qt5-qmake amd64 5.15.2+dfsg-12 [249 kB]
debconf: delaying package configuration, since apt-utils is not installed
Fetched 1322 kB in 0s (20.6 MB/s)
Selecting previously unselected package qt5-qmake-bin.
(Reading database ... (Reading database ... 5%(Reading database ... 10%(Reading database ... 15%(Reading database ... 20%(Reading database ... 25%(Reading database ... 30%(Reading database ... 35%(Reading database ... 40%(Reading database ... 45%(Reading database ... 50%(Reading database ... 55%(Reading database ... 60%(Reading database ... 65%(Reading database ... 70%(Reading database ... 75%(Reading database ... 80%(Reading database ... 85%(Reading database ... 90%(Reading database ... 95%(Reading database ... 100%(Reading database ... 13528 files and directories currently installed.)
Preparing to unpack .../qt5-qmake-bin_5.15.2+dfsg-12_amd64.deb ...
Unpacking qt5-qmake-bin (5.15.2+dfsg-12) ...
Selecting previously unselected package qtchooser.
Preparing to unpack .../qtchooser_66-2_amd64.deb ...
Unpacking qtchooser (66-2) ...
Selecting previously unselected package qt5-qmake:amd64.
Preparing to unpack .../qt5-qmake_5.15.2+dfsg-12_amd64.deb ...
Unpacking qt5-qmake:amd64 (5.15.2+dfsg-12) ...
Setting up qt5-qmake-bin (5.15.2+dfsg-12) ...
Setting up qtchooser (66-2) ...
Setting up qt5-qmake:amd64 (5.15.2+dfsg-12) ...
W: --force-yes is deprecated, use one of the options starting with --allow instead.
+ cp /usr/lib/x86_64-linux-gnu/qt5/mkspecs/linux-clang/qmake.conf /usr/lib/x86_64-linux-gnu/qt5/mkspecs/linux-clang/qplatformdefs.h /usr/lib/x86_64-linux-gnu/qt5/mkspecs/linux-g++/
+ ls -al /usr/lib/x86_64-linux-gnu/qt5/mkspecs/linux-g++/
total 16
drwxr-xr-x  2 root root 4096 Oct 26 21:00 .
drwxr-xr-x 76 root root 4096 Oct 26 21:00 ..
-rw-r--r--  1 root root  276 Oct 26 21:00 qmake.conf
-rw-r--r--  1 root root 3218 Oct 26 21:00 qplatformdefs.h
+ cat /usr/lib/x86_64-linux-gnu/qt5/mkspecs/linux-g++/qmake.conf
#
# qmake configuration for linux-clang
#

MAKEFILE_GENERATOR = UNIX
CONFIG += incremental

QMAKE_INCREMENTAL_STYLE = sublib

include(../common/linux.conf)
include(../common/gcc-base-unix.conf)
include(../common/clang.conf)

QMAKE_LFLAGS += -ccc-gcc-name g++

load(qt_config)
+ export QMAKESPEC=/usr/lib/x86_64-linux-gnu/qt5/mkspecs/linux-clang/
+ QMAKESPEC=/usr/lib/x86_64-linux-gnu/qt5/mkspecs/linux-clang/
+ sed -i -e 's|compare_problem(2,|compare_problem(0,|g' /usr/bin/dpkg-gensymbols
+ sed -i -e 's|compare_problem(1,|compare_problem(0,|g' /usr/bin/dpkg-gensymbols
+ grep 'compare_problem(' /usr/bin/dpkg-gensymbols
        compare_problem(4, g_('new libraries appeared in the symbols file: %s'), "@libs");
        compare_problem(3, g_('some libraries disappeared in the symbols file: %s'), "@libs");
        compare_problem(0, g_('some new symbols appeared in the symbols file: %s'),
        compare_problem(0, g_('some symbols or patterns disappeared in the symbols file: %s'),

I: Finished running '/tmp/clang13'.

Finished processing commands.
--------------------------------------------------------------------------------
I: NOTICE: Log filtering will replace 'build/blitz++-iGWQh4/resolver-txtDQY' with '<<RESOLVERDIR>>'

+------------------------------------------------------------------------------+
| Update chroot                                                                |
+------------------------------------------------------------------------------+

Hit:1 http://127.0.0.1:12990/debian sid InRelease
Reading package lists...
Reading package lists...
Building dependency tree...
Reading state information...
Calculating upgrade...
0 upgraded, 0 newly installed, 0 to remove and 0 not upgraded.

+------------------------------------------------------------------------------+
| Fetch source files                                                           |
+------------------------------------------------------------------------------+


Check APT
---------

Checking available source versions...

Download source files with APT
------------------------------

Reading package lists...
NOTICE: 'blitz++' packaging is maintained in the 'Git' version control system at:
https://salsa.debian.org/science-team/blitzxx.git
Please use:
git clone https://salsa.debian.org/science-team/blitzxx.git
to retrieve the latest (possibly unreleased) updates to the package.
Need to get 882 kB of source archives.
Get:1 http://127.0.0.1:12990/debian sid/main blitz++ 1:1.0.2+ds-2 (dsc) [3136 B]
Get:2 http://127.0.0.1:12990/debian sid/main blitz++ 1:1.0.2+ds-2 (tar) [867 kB]
Get:3 http://127.0.0.1:12990/debian sid/main blitz++ 1:1.0.2+ds-2 (diff) [12.8 kB]
Fetched 882 kB in 0s (6515 kB/s)
Download complete and in download only mode
I: NOTICE: Log filtering will replace 'build/blitz++-iGWQh4/blitz++-1.0.2+ds' with '<<PKGBUILDDIR>>'
I: NOTICE: Log filtering will replace 'build/blitz++-iGWQh4' with '<<BUILDDIR>>'

+------------------------------------------------------------------------------+
| Install package build dependencies                                           |
+------------------------------------------------------------------------------+


Setup apt archive
-----------------

Merged Build-Depends: debhelper-compat (= 12), autoconf-archive, automake, libtool, python3, gfortran | fortran-compiler, cfortran, libblas-dev | libatlas-base-dev, liblapack-dev | libatlas-base-dev, build-essential, fakeroot, texinfo, texlive-plain-generic, texlive-latex-base
Filtered Build-Depends: debhelper-compat (= 12), autoconf-archive, automake, libtool, python3, gfortran, cfortran, libblas-dev, liblapack-dev, build-essential, fakeroot, texinfo, texlive-plain-generic, texlive-latex-base
dpkg-deb: building package 'sbuild-build-depends-main-dummy' in '/<<RESOLVERDIR>>/apt_archive/sbuild-build-depends-main-dummy.deb'.
Ign:1 copy:/<<RESOLVERDIR>>/apt_archive ./ InRelease
Get:2 copy:/<<RESOLVERDIR>>/apt_archive ./ Release [957 B]
Ign:3 copy:/<<RESOLVERDIR>>/apt_archive ./ Release.gpg
Get:4 copy:/<<RESOLVERDIR>>/apt_archive ./ Sources [475 B]
Get:5 copy:/<<RESOLVERDIR>>/apt_archive ./ Packages [525 B]
Fetched 1957 B in 0s (195 kB/s)
Reading package lists...
Reading package lists...

Install main build dependencies (apt-based resolver)
----------------------------------------------------

Installing build dependencies
Reading package lists...
Building dependency tree...
Reading state information...
The following additional packages will be installed:
  autoconf autoconf-archive automake autopoint autotools-dev bsdextrautils
  cfortran debhelper dh-autoreconf dh-strip-nondeterminism dwz file
  fontconfig-config fonts-dejavu-core fonts-lmodern gettext gettext-base
  gfortran gfortran-11 groff-base intltool-debian libarchive-zip-perl
  libblas-dev libblas3 libbrotli1 libcairo2 libdebhelper-perl libelf1
  libexpat1 libfile-stripnondeterminism-perl libfontconfig1 libfreetype6
  libgfortran-11-dev libgfortran5 libglib2.0-0 libgraphite2-3 libharfbuzz0b
  libice6 libkpathsea6 liblapack-dev liblapack3 libmagic-mgc libmagic1
  libmpdec3 libncursesw6 libpaper-utils libpaper1 libpipeline1 libpixman-1-0
  libpng16-16 libptexenc1 libpython3-stdlib libpython3.9-minimal
  libpython3.9-stdlib libreadline8 libsigsegv2 libsm6 libsqlite3-0
  libsub-override-perl libsynctex2 libteckit0 libtexlua53 libtexluajit2
  libtext-unidecode-perl libtool libuchardet0 libx11-6 libx11-data libxau6
  libxaw7 libxcb-render0 libxcb-shm0 libxcb1 libxdmcp6 libxext6 libxi6
  libxml-libxml-perl libxml-namespacesupport-perl libxml-sax-base-perl
  libxml-sax-perl libxmu6 libxpm4 libxrender1 libxt6 libzzip-0-13 m4 man-db
  media-types po-debconf python3 python3-minimal python3.9 python3.9-minimal
  readline-common sensible-utils t1utils tex-common texinfo texlive-base
  texlive-binaries texlive-latex-base texlive-plain-generic ucf x11-common
  xdg-utils
Suggested packages:
  gnu-standards autoconf-doc dh-make gettext-doc libasprintf-dev
  libgettextpo-dev gfortran-multilib gfortran-doc gfortran-11-multilib
  gfortran-11-doc libcoarrays-dev groff liblapack-doc libtool-doc gcj-jdk
  m4-doc apparmor less www-browser libmail-box-perl python3-doc python3-tk
  python3-venv python3.9-venv python3.9-doc binfmt-support readline-doc
  texlive-fonts-recommended ghostscript gv | postscript-viewer perl-tk xpdf
  | pdf-viewer xzdec texlive-latex-base-doc default-jre-headless
Recommended packages:
  curl | wget | lynx libarchive-cpio-perl libglib2.0-data shared-mime-info
  xdg-user-dirs libgpm2 ca-certificates libltdl-dev libwww-perl
  libxml-sax-expat-perl libmail-sendmail-perl lmodern dvisvgm
  libfile-mimeinfo-perl libnet-dbus-perl libx11-protocol-perl x11-utils
  x11-xserver-utils
The following NEW packages will be installed:
  autoconf autoconf-archive automake autopoint autotools-dev bsdextrautils
  cfortran debhelper dh-autoreconf dh-strip-nondeterminism dwz file
  fontconfig-config fonts-dejavu-core fonts-lmodern gettext gettext-base
  gfortran gfortran-11 groff-base intltool-debian libarchive-zip-perl
  libblas-dev libblas3 libbrotli1 libcairo2 libdebhelper-perl libelf1
  libexpat1 libfile-stripnondeterminism-perl libfontconfig1 libfreetype6
  libgfortran-11-dev libgfortran5 libglib2.0-0 libgraphite2-3 libharfbuzz0b
  libice6 libkpathsea6 liblapack-dev liblapack3 libmagic-mgc libmagic1
  libmpdec3 libncursesw6 libpaper-utils libpaper1 libpipeline1 libpixman-1-0
  libpng16-16 libptexenc1 libpython3-stdlib libpython3.9-minimal
  libpython3.9-stdlib libreadline8 libsigsegv2 libsm6 libsqlite3-0
  libsub-override-perl libsynctex2 libteckit0 libtexlua53 libtexluajit2
  libtext-unidecode-perl libtool libuchardet0 libx11-6 libx11-data libxau6
  libxaw7 libxcb-render0 libxcb-shm0 libxcb1 libxdmcp6 libxext6 libxi6
  libxml-libxml-perl libxml-namespacesupport-perl libxml-sax-base-perl
  libxml-sax-perl libxmu6 libxpm4 libxrender1 libxt6 libzzip-0-13 m4 man-db
  media-types po-debconf python3 python3-minimal python3.9 python3.9-minimal
  readline-common sbuild-build-depends-main-dummy sensible-utils t1utils
  tex-common texinfo texlive-base texlive-binaries texlive-latex-base
  texlive-plain-generic ucf x11-common xdg-utils
0 upgraded, 106 newly installed, 0 to remove and 0 not upgraded.
Need to get 152 MB of archives.
After this operation, 481 MB of additional disk space will be used.
Get:1 copy:/<<RESOLVERDIR>>/apt_archive ./ sbuild-build-depends-main-dummy 0.invalid.0 [960 B]
Get:2 http://127.0.0.1:12990/debian sid/main amd64 bsdextrautils amd64 2.37.2-4 [143 kB]
Get:3 http://127.0.0.1:12990/debian sid/main amd64 libuchardet0 amd64 0.0.7-1 [67.8 kB]
Get:4 http://127.0.0.1:12990/debian sid/main amd64 groff-base amd64 1.22.4-7 [935 kB]
Get:5 http://127.0.0.1:12990/debian sid/main amd64 libpipeline1 amd64 1.5.3-1 [34.3 kB]
Get:6 http://127.0.0.1:12990/debian sid/main amd64 man-db amd64 2.9.4-2 [1354 kB]
Get:7 http://127.0.0.1:12990/debian sid/main amd64 autoconf-archive all 20210219-2 [767 kB]
Get:8 http://127.0.0.1:12990/debian sid/main amd64 libpython3.9-minimal amd64 3.9.7-4 [804 kB]
Get:9 http://127.0.0.1:12990/debian sid/main amd64 libexpat1 amd64 2.4.1-3 [104 kB]
Get:10 http://127.0.0.1:12990/debian sid/main amd64 python3.9-minimal amd64 3.9.7-4 [1963 kB]
Get:11 http://127.0.0.1:12990/debian sid/main amd64 python3-minimal amd64 3.9.2-3 [38.2 kB]
Get:12 http://127.0.0.1:12990/debian sid/main amd64 media-types all 4.0.0 [30.3 kB]
Get:13 http://127.0.0.1:12990/debian sid/main amd64 libmpdec3 amd64 2.5.1-2 [87.8 kB]
Get:14 http://127.0.0.1:12990/debian sid/main amd64 libncursesw6 amd64 6.2+20210905-1 [133 kB]
Get:15 http://127.0.0.1:12990/debian sid/main amd64 readline-common all 8.1-2 [73.8 kB]
Get:16 http://127.0.0.1:12990/debian sid/main amd64 libreadline8 amd64 8.1-2 [168 kB]
Get:17 http://127.0.0.1:12990/debian sid/main amd64 libsqlite3-0 amd64 3.36.0-2 [815 kB]
Get:18 http://127.0.0.1:12990/debian sid/main amd64 libpython3.9-stdlib amd64 3.9.7-4 [1688 kB]
Get:19 http://127.0.0.1:12990/debian sid/main amd64 python3.9 amd64 3.9.7-4 [480 kB]
Get:20 http://127.0.0.1:12990/debian sid/main amd64 libpython3-stdlib amd64 3.9.2-3 [21.4 kB]
Get:21 http://127.0.0.1:12990/debian sid/main amd64 python3 amd64 3.9.2-3 [37.9 kB]
Get:22 http://127.0.0.1:12990/debian sid/main amd64 sensible-utils all 0.0.17 [21.5 kB]
Get:23 http://127.0.0.1:12990/debian sid/main amd64 ucf all 3.0043 [74.0 kB]
Get:24 http://127.0.0.1:12990/debian sid/main amd64 tex-common all 6.17 [53.6 kB]
Get:25 http://127.0.0.1:12990/debian sid/main amd64 libmagic-mgc amd64 1:5.39-3 [273 kB]
Get:26 http://127.0.0.1:12990/debian sid/main amd64 libmagic1 amd64 1:5.39-3 [126 kB]
Get:27 http://127.0.0.1:12990/debian sid/main amd64 file amd64 1:5.39-3 [69.1 kB]
Get:28 http://127.0.0.1:12990/debian sid/main amd64 gettext-base amd64 0.21-4 [175 kB]
Get:29 http://127.0.0.1:12990/debian sid/main amd64 libsigsegv2 amd64 2.13-1 [34.8 kB]
Get:30 http://127.0.0.1:12990/debian sid/main amd64 m4 amd64 1.4.18-5 [204 kB]
Get:31 http://127.0.0.1:12990/debian sid/main amd64 autoconf all 2.71-2 [343 kB]
Get:32 http://127.0.0.1:12990/debian sid/main amd64 autotools-dev all 20180224.1+nmu1 [77.1 kB]
Get:33 http://127.0.0.1:12990/debian sid/main amd64 automake all 1:1.16.5-1 [823 kB]
Get:34 http://127.0.0.1:12990/debian sid/main amd64 autopoint all 0.21-4 [510 kB]
Get:35 http://127.0.0.1:12990/debian sid/main amd64 cfortran all 20210827-1 [67.7 kB]
Get:36 http://127.0.0.1:12990/debian sid/main amd64 libdebhelper-perl all 13.5.2 [192 kB]
Get:37 http://127.0.0.1:12990/debian sid/main amd64 libtool all 2.4.6-15 [513 kB]
Get:38 http://127.0.0.1:12990/debian sid/main amd64 dh-autoreconf all 20 [17.1 kB]
Get:39 http://127.0.0.1:12990/debian sid/main amd64 libarchive-zip-perl all 1.68-1 [104 kB]
Get:40 http://127.0.0.1:12990/debian sid/main amd64 libsub-override-perl all 0.09-2 [10.2 kB]
Get:41 http://127.0.0.1:12990/debian sid/main amd64 libfile-stripnondeterminism-perl all 1.12.0-2 [26.3 kB]
Get:42 http://127.0.0.1:12990/debian sid/main amd64 dh-strip-nondeterminism all 1.12.0-2 [15.5 kB]
Get:43 http://127.0.0.1:12990/debian sid/main amd64 libelf1 amd64 0.185-2 [172 kB]
Get:44 http://127.0.0.1:12990/debian sid/main amd64 dwz amd64 0.14-1 [98.3 kB]
Get:45 http://127.0.0.1:12990/debian sid/main amd64 gettext amd64 0.21-4 [1311 kB]
Get:46 http://127.0.0.1:12990/debian sid/main amd64 intltool-debian all 0.35.0+20060710.5 [26.8 kB]
Get:47 http://127.0.0.1:12990/debian sid/main amd64 po-debconf all 1.0.21+nmu1 [248 kB]
Get:48 http://127.0.0.1:12990/debian sid/main amd64 debhelper all 13.5.2 [1056 kB]
Get:49 http://127.0.0.1:12990/debian sid/main amd64 fonts-dejavu-core all 2.37-2 [1069 kB]
Get:50 http://127.0.0.1:12990/debian sid/main amd64 fontconfig-config all 2.13.1-4.2 [281 kB]
Get:51 http://127.0.0.1:12990/debian sid/main amd64 fonts-lmodern all 2.004.5-6.1 [4540 kB]
Get:52 http://127.0.0.1:12990/debian sid/main amd64 libgfortran5 amd64 11.2.0-10 [710 kB]
Get:53 http://127.0.0.1:12990/debian sid/main amd64 libgfortran-11-dev amd64 11.2.0-10 [749 kB]
Get:54 http://127.0.0.1:12990/debian sid/main amd64 gfortran-11 amd64 11.2.0-10 [50.2 MB]
Get:55 http://127.0.0.1:12990/debian sid/main amd64 gfortran amd64 4:11.2.0-2 [1428 B]
Get:56 http://127.0.0.1:12990/debian sid/main amd64 libblas3 amd64 3.10.0-1 [156 kB]
Get:57 http://127.0.0.1:12990/debian sid/main amd64 libblas-dev amd64 3.10.0-1 [164 kB]
Get:58 http://127.0.0.1:12990/debian sid/main amd64 libbrotli1 amd64 1.0.9-2+b2 [279 kB]
Get:59 http://127.0.0.1:12990/debian sid/main amd64 libpng16-16 amd64 1.6.37-3 [294 kB]
Get:60 http://127.0.0.1:12990/debian sid/main amd64 libfreetype6 amd64 2.11.0+dfsg-1 [453 kB]
Get:61 http://127.0.0.1:12990/debian sid/main amd64 libfontconfig1 amd64 2.13.1-4.2 [347 kB]
Get:62 http://127.0.0.1:12990/debian sid/main amd64 libpixman-1-0 amd64 0.40.0-1 [543 kB]
Get:63 http://127.0.0.1:12990/debian sid/main amd64 libxau6 amd64 1:1.0.9-1 [19.7 kB]
Get:64 http://127.0.0.1:12990/debian sid/main amd64 libxdmcp6 amd64 1:1.1.2-3 [26.3 kB]
Get:65 http://127.0.0.1:12990/debian sid/main amd64 libxcb1 amd64 1.14-3 [140 kB]
Get:66 http://127.0.0.1:12990/debian sid/main amd64 libx11-data all 2:1.7.2-2 [311 kB]
Get:67 http://127.0.0.1:12990/debian sid/main amd64 libx11-6 amd64 2:1.7.2-2+b1 [772 kB]
Get:68 http://127.0.0.1:12990/debian sid/main amd64 libxcb-render0 amd64 1.14-3 [111 kB]
Get:69 http://127.0.0.1:12990/debian sid/main amd64 libxcb-shm0 amd64 1.14-3 [101 kB]
Get:70 http://127.0.0.1:12990/debian sid/main amd64 libxext6 amd64 2:1.3.4-1 [53.1 kB]
Get:71 http://127.0.0.1:12990/debian sid/main amd64 libxrender1 amd64 1:0.9.10-1 [33.0 kB]
Get:72 http://127.0.0.1:12990/debian sid/main amd64 libcairo2 amd64 1.16.0-5 [694 kB]
Get:73 http://127.0.0.1:12990/debian sid/main amd64 libglib2.0-0 amd64 2.70.0-3 [1401 kB]
Get:74 http://127.0.0.1:12990/debian sid/main amd64 libgraphite2-3 amd64 1.3.14-1 [81.2 kB]
Get:75 http://127.0.0.1:12990/debian sid/main amd64 libharfbuzz0b amd64 2.7.4-1 [1471 kB]
Get:76 http://127.0.0.1:12990/debian sid/main amd64 x11-common all 1:7.7+23 [252 kB]
Get:77 http://127.0.0.1:12990/debian sid/main amd64 libice6 amd64 2:1.0.10-1 [58.5 kB]
Get:78 http://127.0.0.1:12990/debian sid/main amd64 libkpathsea6 amd64 2021.20210626.59705-1 [173 kB]
Get:79 http://127.0.0.1:12990/debian sid/main amd64 liblapack3 amd64 3.10.0-1 [2213 kB]
Get:80 http://127.0.0.1:12990/debian sid/main amd64 liblapack-dev amd64 3.10.0-1 [4328 kB]
Get:81 http://127.0.0.1:12990/debian sid/main amd64 libpaper1 amd64 1.1.28+b1 [21.6 kB]
Get:82 http://127.0.0.1:12990/debian sid/main amd64 libpaper-utils amd64 1.1.28+b1 [18.3 kB]
Get:83 http://127.0.0.1:12990/debian sid/main amd64 libptexenc1 amd64 2021.20210626.59705-1 [65.1 kB]
Get:84 http://127.0.0.1:12990/debian sid/main amd64 libsm6 amd64 2:1.2.3-1 [35.1 kB]
Get:85 http://127.0.0.1:12990/debian sid/main amd64 libsynctex2 amd64 2021.20210626.59705-1 [80.5 kB]
Get:86 http://127.0.0.1:12990/debian sid/main amd64 libteckit0 amd64 2.5.10+ds1-3 [329 kB]
Get:87 http://127.0.0.1:12990/debian sid/main amd64 libtexlua53 amd64 2021.20210626.59705-1 [132 kB]
Get:88 http://127.0.0.1:12990/debian sid/main amd64 libtexluajit2 amd64 2021.20210626.59705-1 [267 kB]
Get:89 http://127.0.0.1:12990/debian sid/main amd64 libtext-unidecode-perl all 1.30-1 [103 kB]
Get:90 http://127.0.0.1:12990/debian sid/main amd64 libxt6 amd64 1:1.2.0-1 [189 kB]
Get:91 http://127.0.0.1:12990/debian sid/main amd64 libxmu6 amd64 2:1.1.2-2+b3 [60.8 kB]
Get:92 http://127.0.0.1:12990/debian sid/main amd64 libxpm4 amd64 1:3.5.12-1 [49.1 kB]
Get:93 http://127.0.0.1:12990/debian sid/main amd64 libxaw7 amd64 2:1.0.13-1.1 [202 kB]
Get:94 http://127.0.0.1:12990/debian sid/main amd64 libxi6 amd64 2:1.8-1 [84.0 kB]
Get:95 http://127.0.0.1:12990/debian sid/main amd64 libxml-namespacesupport-perl all 1.12-1.1 [14.9 kB]
Get:96 http://127.0.0.1:12990/debian sid/main amd64 libxml-sax-base-perl all 1.09-1.1 [20.7 kB]
Get:97 http://127.0.0.1:12990/debian sid/main amd64 libxml-sax-perl all 1.02+dfsg-3 [59.4 kB]
Get:98 http://127.0.0.1:12990/debian sid/main amd64 libxml-libxml-perl amd64 2.0134+dfsg-2+b1 [337 kB]
Get:99 http://127.0.0.1:12990/debian sid/main amd64 libzzip-0-13 amd64 0.13.72+dfsg.1-1.1 [58.3 kB]
Get:100 http://127.0.0.1:12990/debian sid/main amd64 t1utils amd64 1.41-4 [62.1 kB]
Get:101 http://127.0.0.1:12990/debian sid/main amd64 texinfo amd64 6.8-3 [1825 kB]
Get:102 http://127.0.0.1:12990/debian sid/main amd64 texlive-binaries amd64 2021.20210626.59705-1 [10.1 MB]
Get:103 http://127.0.0.1:12990/debian sid/main amd64 xdg-utils all 1.1.3-4.1 [75.5 kB]
Get:104 http://127.0.0.1:12990/debian sid/main amd64 texlive-base all 2021.20210921-1 [21.1 MB]
Get:105 http://127.0.0.1:12990/debian sid/main amd64 texlive-latex-base all 2021.20210921-1 [1150 kB]
Get:106 http://127.0.0.1:12990/debian sid/main amd64 texlive-plain-generic all 2021.20210921-1 [27.4 MB]
debconf: delaying package configuration, since apt-utils is not installed
Fetched 152 MB in 1s (149 MB/s)
Selecting previously unselected package bsdextrautils.
(Reading database ... 14273 files and directories currently installed.)
Preparing to unpack .../0-bsdextrautils_2.37.2-4_amd64.deb ...
Unpacking bsdextrautils (2.37.2-4) ...
Selecting previously unselected package libuchardet0:amd64.
Preparing to unpack .../1-libuchardet0_0.0.7-1_amd64.deb ...
Unpacking libuchardet0:amd64 (0.0.7-1) ...
Selecting previously unselected package groff-base.
Preparing to unpack .../2-groff-base_1.22.4-7_amd64.deb ...
Unpacking groff-base (1.22.4-7) ...
Selecting previously unselected package libpipeline1:amd64.
Preparing to unpack .../3-libpipeline1_1.5.3-1_amd64.deb ...
Unpacking libpipeline1:amd64 (1.5.3-1) ...
Selecting previously unselected package man-db.
Preparing to unpack .../4-man-db_2.9.4-2_amd64.deb ...
Unpacking man-db (2.9.4-2) ...
Selecting previously unselected package autoconf-archive.
Preparing to unpack .../5-autoconf-archive_20210219-2_all.deb ...
Unpacking autoconf-archive (20210219-2) ...
Selecting previously unselected package libpython3.9-minimal:amd64.
Preparing to unpack .../6-libpython3.9-minimal_3.9.7-4_amd64.deb ...
Unpacking libpython3.9-minimal:amd64 (3.9.7-4) ...
Selecting previously unselected package libexpat1:amd64.
Preparing to unpack .../7-libexpat1_2.4.1-3_amd64.deb ...
Unpacking libexpat1:amd64 (2.4.1-3) ...
Selecting previously unselected package python3.9-minimal.
Preparing to unpack .../8-python3.9-minimal_3.9.7-4_amd64.deb ...
Unpacking python3.9-minimal (3.9.7-4) ...
Setting up libpython3.9-minimal:amd64 (3.9.7-4) ...
Setting up libexpat1:amd64 (2.4.1-3) ...
Setting up python3.9-minimal (3.9.7-4) ...
Selecting previously unselected package python3-minimal.
(Reading database ... 16314 files and directories currently installed.)
Preparing to unpack .../0-python3-minimal_3.9.2-3_amd64.deb ...
Unpacking python3-minimal (3.9.2-3) ...
Selecting previously unselected package media-types.
Preparing to unpack .../1-media-types_4.0.0_all.deb ...
Unpacking media-types (4.0.0) ...
Selecting previously unselected package libmpdec3:amd64.
Preparing to unpack .../2-libmpdec3_2.5.1-2_amd64.deb ...
Unpacking libmpdec3:amd64 (2.5.1-2) ...
Selecting previously unselected package libncursesw6:amd64.
Preparing to unpack .../3-libncursesw6_6.2+20210905-1_amd64.deb ...
Unpacking libncursesw6:amd64 (6.2+20210905-1) ...
Selecting previously unselected package readline-common.
Preparing to unpack .../4-readline-common_8.1-2_all.deb ...
Unpacking readline-common (8.1-2) ...
Selecting previously unselected package libreadline8:amd64.
Preparing to unpack .../5-libreadline8_8.1-2_amd64.deb ...
Unpacking libreadline8:amd64 (8.1-2) ...
Selecting previously unselected package libsqlite3-0:amd64.
Preparing to unpack .../6-libsqlite3-0_3.36.0-2_amd64.deb ...
Unpacking libsqlite3-0:amd64 (3.36.0-2) ...
Selecting previously unselected package libpython3.9-stdlib:amd64.
Preparing to unpack .../7-libpython3.9-stdlib_3.9.7-4_amd64.deb ...
Unpacking libpython3.9-stdlib:amd64 (3.9.7-4) ...
Selecting previously unselected package python3.9.
Preparing to unpack .../8-python3.9_3.9.7-4_amd64.deb ...
Unpacking python3.9 (3.9.7-4) ...
Selecting previously unselected package libpython3-stdlib:amd64.
Preparing to unpack .../9-libpython3-stdlib_3.9.2-3_amd64.deb ...
Unpacking libpython3-stdlib:amd64 (3.9.2-3) ...
Setting up python3-minimal (3.9.2-3) ...
Selecting previously unselected package python3.
(Reading database ... 16753 files and directories currently installed.)
Preparing to unpack .../00-python3_3.9.2-3_amd64.deb ...
Unpacking python3 (3.9.2-3) ...
Selecting previously unselected package sensible-utils.
Preparing to unpack .../01-sensible-utils_0.0.17_all.deb ...
Unpacking sensible-utils (0.0.17) ...
Selecting previously unselected package ucf.
Preparing to unpack .../02-ucf_3.0043_all.deb ...
Moving old data out of the way
Unpacking ucf (3.0043) ...
Selecting previously unselected package tex-common.
Preparing to unpack .../03-tex-common_6.17_all.deb ...
Unpacking tex-common (6.17) ...
Selecting previously unselected package libmagic-mgc.
Preparing to unpack .../04-libmagic-mgc_1%3a5.39-3_amd64.deb ...
Unpacking libmagic-mgc (1:5.39-3) ...
Selecting previously unselected package libmagic1:amd64.
Preparing to unpack .../05-libmagic1_1%3a5.39-3_amd64.deb ...
Unpacking libmagic1:amd64 (1:5.39-3) ...
Selecting previously unselected package file.
Preparing to unpack .../06-file_1%3a5.39-3_amd64.deb ...
Unpacking file (1:5.39-3) ...
Selecting previously unselected package gettext-base.
Preparing to unpack .../07-gettext-base_0.21-4_amd64.deb ...
Unpacking gettext-base (0.21-4) ...
Selecting previously unselected package libsigsegv2:amd64.
Preparing to unpack .../08-libsigsegv2_2.13-1_amd64.deb ...
Unpacking libsigsegv2:amd64 (2.13-1) ...
Selecting previously unselected package m4.
Preparing to unpack .../09-m4_1.4.18-5_amd64.deb ...
Unpacking m4 (1.4.18-5) ...
Selecting previously unselected package autoconf.
Preparing to unpack .../10-autoconf_2.71-2_all.deb ...
Unpacking autoconf (2.71-2) ...
Selecting previously unselected package autotools-dev.
Preparing to unpack .../11-autotools-dev_20180224.1+nmu1_all.deb ...
Unpacking autotools-dev (20180224.1+nmu1) ...
Selecting previously unselected package automake.
Preparing to unpack .../12-automake_1%3a1.16.5-1_all.deb ...
Unpacking automake (1:1.16.5-1) ...
Selecting previously unselected package autopoint.
Preparing to unpack .../13-autopoint_0.21-4_all.deb ...
Unpacking autopoint (0.21-4) ...
Selecting previously unselected package cfortran.
Preparing to unpack .../14-cfortran_20210827-1_all.deb ...
Unpacking cfortran (20210827-1) ...
Selecting previously unselected package libdebhelper-perl.
Preparing to unpack .../15-libdebhelper-perl_13.5.2_all.deb ...
Unpacking libdebhelper-perl (13.5.2) ...
Selecting previously unselected package libtool.
Preparing to unpack .../16-libtool_2.4.6-15_all.deb ...
Unpacking libtool (2.4.6-15) ...
Selecting previously unselected package dh-autoreconf.
Preparing to unpack .../17-dh-autoreconf_20_all.deb ...
Unpacking dh-autoreconf (20) ...
Selecting previously unselected package libarchive-zip-perl.
Preparing to unpack .../18-libarchive-zip-perl_1.68-1_all.deb ...
Unpacking libarchive-zip-perl (1.68-1) ...
Selecting previously unselected package libsub-override-perl.
Preparing to unpack .../19-libsub-override-perl_0.09-2_all.deb ...
Unpacking libsub-override-perl (0.09-2) ...
Selecting previously unselected package libfile-stripnondeterminism-perl.
Preparing to unpack .../20-libfile-stripnondeterminism-perl_1.12.0-2_all.deb ...
Unpacking libfile-stripnondeterminism-perl (1.12.0-2) ...
Selecting previously unselected package dh-strip-nondeterminism.
Preparing to unpack .../21-dh-strip-nondeterminism_1.12.0-2_all.deb ...
Unpacking dh-strip-nondeterminism (1.12.0-2) ...
Selecting previously unselected package libelf1:amd64.
Preparing to unpack .../22-libelf1_0.185-2_amd64.deb ...
Unpacking libelf1:amd64 (0.185-2) ...
Selecting previously unselected package dwz.
Preparing to unpack .../23-dwz_0.14-1_amd64.deb ...
Unpacking dwz (0.14-1) ...
Selecting previously unselected package gettext.
Preparing to unpack .../24-gettext_0.21-4_amd64.deb ...
Unpacking gettext (0.21-4) ...
Selecting previously unselected package intltool-debian.
Preparing to unpack .../25-intltool-debian_0.35.0+20060710.5_all.deb ...
Unpacking intltool-debian (0.35.0+20060710.5) ...
Selecting previously unselected package po-debconf.
Preparing to unpack .../26-po-debconf_1.0.21+nmu1_all.deb ...
Unpacking po-debconf (1.0.21+nmu1) ...
Selecting previously unselected package debhelper.
Preparing to unpack .../27-debhelper_13.5.2_all.deb ...
Unpacking debhelper (13.5.2) ...
Selecting previously unselected package fonts-dejavu-core.
Preparing to unpack .../28-fonts-dejavu-core_2.37-2_all.deb ...
Unpacking fonts-dejavu-core (2.37-2) ...
Selecting previously unselected package fontconfig-config.
Preparing to unpack .../29-fontconfig-config_2.13.1-4.2_all.deb ...
Unpacking fontconfig-config (2.13.1-4.2) ...
Selecting previously unselected package fonts-lmodern.
Preparing to unpack .../30-fonts-lmodern_2.004.5-6.1_all.deb ...
Unpacking fonts-lmodern (2.004.5-6.1) ...
Selecting previously unselected package libgfortran5:amd64.
Preparing to unpack .../31-libgfortran5_11.2.0-10_amd64.deb ...
Unpacking libgfortran5:amd64 (11.2.0-10) ...
Selecting previously unselected package libgfortran-11-dev:amd64.
Preparing to unpack .../32-libgfortran-11-dev_11.2.0-10_amd64.deb ...
Unpacking libgfortran-11-dev:amd64 (11.2.0-10) ...
Selecting previously unselected package gfortran-11.
Preparing to unpack .../33-gfortran-11_11.2.0-10_amd64.deb ...
Unpacking gfortran-11 (11.2.0-10) ...
Selecting previously unselected package gfortran.
Preparing to unpack .../34-gfortran_4%3a11.2.0-2_amd64.deb ...
Unpacking gfortran (4:11.2.0-2) ...
Selecting previously unselected package libblas3:amd64.
Preparing to unpack .../35-libblas3_3.10.0-1_amd64.deb ...
Unpacking libblas3:amd64 (3.10.0-1) ...
Selecting previously unselected package libblas-dev:amd64.
Preparing to unpack .../36-libblas-dev_3.10.0-1_amd64.deb ...
Unpacking libblas-dev:amd64 (3.10.0-1) ...
Selecting previously unselected package libbrotli1:amd64.
Preparing to unpack .../37-libbrotli1_1.0.9-2+b2_amd64.deb ...
Unpacking libbrotli1:amd64 (1.0.9-2+b2) ...
Selecting previously unselected package libpng16-16:amd64.
Preparing to unpack .../38-libpng16-16_1.6.37-3_amd64.deb ...
Unpacking libpng16-16:amd64 (1.6.37-3) ...
Selecting previously unselected package libfreetype6:amd64.
Preparing to unpack .../39-libfreetype6_2.11.0+dfsg-1_amd64.deb ...
Unpacking libfreetype6:amd64 (2.11.0+dfsg-1) ...
Selecting previously unselected package libfontconfig1:amd64.
Preparing to unpack .../40-libfontconfig1_2.13.1-4.2_amd64.deb ...
Unpacking libfontconfig1:amd64 (2.13.1-4.2) ...
Selecting previously unselected package libpixman-1-0:amd64.
Preparing to unpack .../41-libpixman-1-0_0.40.0-1_amd64.deb ...
Unpacking libpixman-1-0:amd64 (0.40.0-1) ...
Selecting previously unselected package libxau6:amd64.
Preparing to unpack .../42-libxau6_1%3a1.0.9-1_amd64.deb ...
Unpacking libxau6:amd64 (1:1.0.9-1) ...
Selecting previously unselected package libxdmcp6:amd64.
Preparing to unpack .../43-libxdmcp6_1%3a1.1.2-3_amd64.deb ...
Unpacking libxdmcp6:amd64 (1:1.1.2-3) ...
Selecting previously unselected package libxcb1:amd64.
Preparing to unpack .../44-libxcb1_1.14-3_amd64.deb ...
Unpacking libxcb1:amd64 (1.14-3) ...
Selecting previously unselected package libx11-data.
Preparing to unpack .../45-libx11-data_2%3a1.7.2-2_all.deb ...
Unpacking libx11-data (2:1.7.2-2) ...
Selecting previously unselected package libx11-6:amd64.
Preparing to unpack .../46-libx11-6_2%3a1.7.2-2+b1_amd64.deb ...
Unpacking libx11-6:amd64 (2:1.7.2-2+b1) ...
Selecting previously unselected package libxcb-render0:amd64.
Preparing to unpack .../47-libxcb-render0_1.14-3_amd64.deb ...
Unpacking libxcb-render0:amd64 (1.14-3) ...
Selecting previously unselected package libxcb-shm0:amd64.
Preparing to unpack .../48-libxcb-shm0_1.14-3_amd64.deb ...
Unpacking libxcb-shm0:amd64 (1.14-3) ...
Selecting previously unselected package libxext6:amd64.
Preparing to unpack .../49-libxext6_2%3a1.3.4-1_amd64.deb ...
Unpacking libxext6:amd64 (2:1.3.4-1) ...
Selecting previously unselected package libxrender1:amd64.
Preparing to unpack .../50-libxrender1_1%3a0.9.10-1_amd64.deb ...
Unpacking libxrender1:amd64 (1:0.9.10-1) ...
Selecting previously unselected package libcairo2:amd64.
Preparing to unpack .../51-libcairo2_1.16.0-5_amd64.deb ...
Unpacking libcairo2:amd64 (1.16.0-5) ...
Selecting previously unselected package libglib2.0-0:amd64.
Preparing to unpack .../52-libglib2.0-0_2.70.0-3_amd64.deb ...
Unpacking libglib2.0-0:amd64 (2.70.0-3) ...
Selecting previously unselected package libgraphite2-3:amd64.
Preparing to unpack .../53-libgraphite2-3_1.3.14-1_amd64.deb ...
Unpacking libgraphite2-3:amd64 (1.3.14-1) ...
Selecting previously unselected package libharfbuzz0b:amd64.
Preparing to unpack .../54-libharfbuzz0b_2.7.4-1_amd64.deb ...
Unpacking libharfbuzz0b:amd64 (2.7.4-1) ...
Selecting previously unselected package x11-common.
Preparing to unpack .../55-x11-common_1%3a7.7+23_all.deb ...
Unpacking x11-common (1:7.7+23) ...
Selecting previously unselected package libice6:amd64.
Preparing to unpack .../56-libice6_2%3a1.0.10-1_amd64.deb ...
Unpacking libice6:amd64 (2:1.0.10-1) ...
Selecting previously unselected package libkpathsea6:amd64.
Preparing to unpack .../57-libkpathsea6_2021.20210626.59705-1_amd64.deb ...
Unpacking libkpathsea6:amd64 (2021.20210626.59705-1) ...
Selecting previously unselected package liblapack3:amd64.
Preparing to unpack .../58-liblapack3_3.10.0-1_amd64.deb ...
Unpacking liblapack3:amd64 (3.10.0-1) ...
Selecting previously unselected package liblapack-dev:amd64.
Preparing to unpack .../59-liblapack-dev_3.10.0-1_amd64.deb ...
Unpacking liblapack-dev:amd64 (3.10.0-1) ...
Selecting previously unselected package libpaper1:amd64.
Preparing to unpack .../60-libpaper1_1.1.28+b1_amd64.deb ...
Unpacking libpaper1:amd64 (1.1.28+b1) ...
Selecting previously unselected package libpaper-utils.
Preparing to unpack .../61-libpaper-utils_1.1.28+b1_amd64.deb ...
Unpacking libpaper-utils (1.1.28+b1) ...
Selecting previously unselected package libptexenc1:amd64.
Preparing to unpack .../62-libptexenc1_2021.20210626.59705-1_amd64.deb ...
Unpacking libptexenc1:amd64 (2021.20210626.59705-1) ...
Selecting previously unselected package libsm6:amd64.
Preparing to unpack .../63-libsm6_2%3a1.2.3-1_amd64.deb ...
Unpacking libsm6:amd64 (2:1.2.3-1) ...
Selecting previously unselected package libsynctex2:amd64.
Preparing to unpack .../64-libsynctex2_2021.20210626.59705-1_amd64.deb ...
Unpacking libsynctex2:amd64 (2021.20210626.59705-1) ...
Selecting previously unselected package libteckit0:amd64.
Preparing to unpack .../65-libteckit0_2.5.10+ds1-3_amd64.deb ...
Unpacking libteckit0:amd64 (2.5.10+ds1-3) ...
Selecting previously unselected package libtexlua53:amd64.
Preparing to unpack .../66-libtexlua53_2021.20210626.59705-1_amd64.deb ...
Unpacking libtexlua53:amd64 (2021.20210626.59705-1) ...
Selecting previously unselected package libtexluajit2:amd64.
Preparing to unpack .../67-libtexluajit2_2021.20210626.59705-1_amd64.deb ...
Unpacking libtexluajit2:amd64 (2021.20210626.59705-1) ...
Selecting previously unselected package libtext-unidecode-perl.
Preparing to unpack .../68-libtext-unidecode-perl_1.30-1_all.deb ...
Unpacking libtext-unidecode-perl (1.30-1) ...
Selecting previously unselected package libxt6:amd64.
Preparing to unpack .../69-libxt6_1%3a1.2.0-1_amd64.deb ...
Unpacking libxt6:amd64 (1:1.2.0-1) ...
Selecting previously unselected package libxmu6:amd64.
Preparing to unpack .../70-libxmu6_2%3a1.1.2-2+b3_amd64.deb ...
Unpacking libxmu6:amd64 (2:1.1.2-2+b3) ...
Selecting previously unselected package libxpm4:amd64.
Preparing to unpack .../71-libxpm4_1%3a3.5.12-1_amd64.deb ...
Unpacking libxpm4:amd64 (1:3.5.12-1) ...
Selecting previously unselected package libxaw7:amd64.
Preparing to unpack .../72-libxaw7_2%3a1.0.13-1.1_amd64.deb ...
Unpacking libxaw7:amd64 (2:1.0.13-1.1) ...
Selecting previously unselected package libxi6:amd64.
Preparing to unpack .../73-libxi6_2%3a1.8-1_amd64.deb ...
Unpacking libxi6:amd64 (2:1.8-1) ...
Selecting previously unselected package libxml-namespacesupport-perl.
Preparing to unpack .../74-libxml-namespacesupport-perl_1.12-1.1_all.deb ...
Unpacking libxml-namespacesupport-perl (1.12-1.1) ...
Selecting previously unselected package libxml-sax-base-perl.
Preparing to unpack .../75-libxml-sax-base-perl_1.09-1.1_all.deb ...
Unpacking libxml-sax-base-perl (1.09-1.1) ...
Selecting previously unselected package libxml-sax-perl.
Preparing to unpack .../76-libxml-sax-perl_1.02+dfsg-3_all.deb ...
Unpacking libxml-sax-perl (1.02+dfsg-3) ...
Selecting previously unselected package libxml-libxml-perl.
Preparing to unpack .../77-libxml-libxml-perl_2.0134+dfsg-2+b1_amd64.deb ...
Unpacking libxml-libxml-perl (2.0134+dfsg-2+b1) ...
Selecting previously unselected package libzzip-0-13:amd64.
Preparing to unpack .../78-libzzip-0-13_0.13.72+dfsg.1-1.1_amd64.deb ...
Unpacking libzzip-0-13:amd64 (0.13.72+dfsg.1-1.1) ...
Selecting previously unselected package t1utils.
Preparing to unpack .../79-t1utils_1.41-4_amd64.deb ...
Unpacking t1utils (1.41-4) ...
Selecting previously unselected package texinfo.
Preparing to unpack .../80-texinfo_6.8-3_amd64.deb ...
Unpacking texinfo (6.8-3) ...
Selecting previously unselected package texlive-binaries.
Preparing to unpack .../81-texlive-binaries_2021.20210626.59705-1_amd64.deb ...
Unpacking texlive-binaries (2021.20210626.59705-1) ...
Selecting previously unselected package xdg-utils.
Preparing to unpack .../82-xdg-utils_1.1.3-4.1_all.deb ...
Unpacking xdg-utils (1.1.3-4.1) ...
Selecting previously unselected package texlive-base.
Preparing to unpack .../83-texlive-base_2021.20210921-1_all.deb ...
Unpacking texlive-base (2021.20210921-1) ...
Selecting previously unselected package texlive-latex-base.
Preparing to unpack .../84-texlive-latex-base_2021.20210921-1_all.deb ...
Unpacking texlive-latex-base (2021.20210921-1) ...
Selecting previously unselected package texlive-plain-generic.
Preparing to unpack .../85-texlive-plain-generic_2021.20210921-1_all.deb ...
Unpacking texlive-plain-generic (2021.20210921-1) ...
Selecting previously unselected package sbuild-build-depends-main-dummy.
Preparing to unpack .../86-sbuild-build-depends-main-dummy_0.invalid.0_amd64.deb ...
Unpacking sbuild-build-depends-main-dummy (0.invalid.0) ...
Setting up media-types (4.0.0) ...
Setting up libpipeline1:amd64 (1.5.3-1) ...
Setting up libgraphite2-3:amd64 (1.3.14-1) ...
Setting up libpixman-1-0:amd64 (0.40.0-1) ...
Setting up libxau6:amd64 (1:1.0.9-1) ...
Setting up libxdmcp6:amd64 (1:1.1.2-3) ...
Setting up libxcb1:amd64 (1.14-3) ...
Setting up bsdextrautils (2.37.2-4) ...
update-alternatives: using /usr/bin/write.ul to provide /usr/bin/write (write) in auto mode
Setting up libmagic-mgc (1:5.39-3) ...
Setting up libtexlua53:amd64 (2021.20210626.59705-1) ...
Setting up libxcb-render0:amd64 (1.14-3) ...
Setting up libarchive-zip-perl (1.68-1) ...
Setting up libglib2.0-0:amd64 (2.70.0-3) ...
No schema files found: doing nothing.
Setting up libtexluajit2:amd64 (2021.20210626.59705-1) ...
Setting up libdebhelper-perl (13.5.2) ...
Setting up libbrotli1:amd64 (1.0.9-2+b2) ...
Setting up libsqlite3-0:amd64 (3.36.0-2) ...
Setting up x11-common (1:7.7+23) ...
invoke-rc.d: could not determine current runlevel
All runlevel operations denied by policy
invoke-rc.d: policy-rc.d denied execution of restart.
Setting up libmagic1:amd64 (1:5.39-3) ...
Setting up libxml-namespacesupport-perl (1.12-1.1) ...
Setting up gettext-base (0.21-4) ...
Setting up autoconf-archive (20210219-2) ...
Setting up libxcb-shm0:amd64 (1.14-3) ...
Setting up libzzip-0-13:amd64 (0.13.72+dfsg.1-1.1) ...
Setting up file (1:5.39-3) ...
Setting up libxml-sax-base-perl (1.09-1.1) ...
Setting up autotools-dev (20180224.1+nmu1) ...
Setting up libblas3:amd64 (3.10.0-1) ...
update-alternatives: using /usr/lib/x86_64-linux-gnu/blas/libblas.so.3 to provide /usr/lib/x86_64-linux-gnu/libblas.so.3 (libblas.so.3-x86_64-linux-gnu) in auto mode
Setting up libx11-data (2:1.7.2-2) ...
Setting up libteckit0:amd64 (2.5.10+ds1-3) ...
Setting up libsigsegv2:amd64 (2.13-1) ...
Setting up t1utils (1.41-4) ...
Setting up libpng16-16:amd64 (1.6.37-3) ...
Setting up autopoint (0.21-4) ...
Setting up fonts-dejavu-core (2.37-2) ...
Setting up libncursesw6:amd64 (6.2+20210905-1) ...
Setting up libkpathsea6:amd64 (2021.20210626.59705-1) ...
Setting up libgfortran5:amd64 (11.2.0-10) ...
Setting up sensible-utils (0.0.17) ...
Setting up cfortran (20210827-1) ...
Setting up libuchardet0:amd64 (0.0.7-1) ...
Setting up libmpdec3:amd64 (2.5.1-2) ...
Setting up fonts-lmodern (2.004.5-6.1) ...
Setting up libsub-override-perl (0.09-2) ...
Setting up libx11-6:amd64 (2:1.7.2-2+b1) ...
Setting up libtext-unidecode-perl (1.30-1) ...
Setting up libelf1:amd64 (0.185-2) ...
Setting up readline-common (8.1-2) ...
Setting up xdg-utils (1.1.3-4.1) ...
update-alternatives: using /usr/bin/xdg-open to provide /usr/bin/open (open) in auto mode
Setting up libblas-dev:amd64 (3.10.0-1) ...
update-alternatives: using /usr/lib/x86_64-linux-gnu/blas/libblas.so to provide /usr/lib/x86_64-linux-gnu/libblas.so (libblas.so-x86_64-linux-gnu) in auto mode
Setting up libsynctex2:amd64 (2021.20210626.59705-1) ...
Setting up libfile-stripnondeterminism-perl (1.12.0-2) ...
Setting up libice6:amd64 (2:1.0.10-1) ...
Setting up liblapack3:amd64 (3.10.0-1) ...
update-alternatives: using /usr/lib/x86_64-linux-gnu/lapack/liblapack.so.3 to provide /usr/lib/x86_64-linux-gnu/liblapack.so.3 (liblapack.so.3-x86_64-linux-gnu) in auto mode
Setting up gettext (0.21-4) ...
Setting up libxpm4:amd64 (1:3.5.12-1) ...
Setting up libxrender1:amd64 (1:0.9.10-1) ...
Setting up libtool (2.4.6-15) ...
Setting up libgfortran-11-dev:amd64 (11.2.0-10) ...
Setting up libreadline8:amd64 (8.1-2) ...
Setting up libxext6:amd64 (2:1.3.4-1) ...
Setting up m4 (1.4.18-5) ...
Setting up intltool-debian (0.35.0+20060710.5) ...
Setting up libptexenc1:amd64 (2021.20210626.59705-1) ...
Setting up libfreetype6:amd64 (2.11.0+dfsg-1) ...
Setting up liblapack-dev:amd64 (3.10.0-1) ...
update-alternatives: using /usr/lib/x86_64-linux-gnu/lapack/liblapack.so to provide /usr/lib/x86_64-linux-gnu/liblapack.so (liblapack.so-x86_64-linux-gnu) in auto mode
Setting up ucf (3.0043) ...
Setting up gfortran-11 (11.2.0-10) ...
Setting up autoconf (2.71-2) ...
Setting up dh-strip-nondeterminism (1.12.0-2) ...
Setting up dwz (0.14-1) ...
Setting up groff-base (1.22.4-7) ...
Setting up libharfbuzz0b:amd64 (2.7.4-1) ...
Setting up libsm6:amd64 (2:1.2.3-1) ...
Setting up libpython3.9-stdlib:amd64 (3.9.7-4) ...
Setting up libpython3-stdlib:amd64 (3.9.2-3) ...
Setting up automake (1:1.16.5-1) ...
update-alternatives: using /usr/bin/automake-1.16 to provide /usr/bin/automake (automake) in auto mode
Setting up libpaper1:amd64 (1.1.28+b1) ...

Creating config file /etc/papersize with new version
Setting up libxi6:amd64 (2:1.8-1) ...
Setting up fontconfig-config (2.13.1-4.2) ...
Setting up po-debconf (1.0.21+nmu1) ...
Setting up libpaper-utils (1.1.28+b1) ...
Setting up man-db (2.9.4-2) ...
Not building database; man-db/auto-update is not 'true'.
Setting up libxml-sax-perl (1.02+dfsg-3) ...
update-perl-sax-parsers: Registering Perl SAX parser XML::SAX::PurePerl with priority 10...
update-perl-sax-parsers: Updating overall Perl SAX parser modules info file...

Creating config file /etc/perl/XML/SAX/ParserDetails.ini with new version
Setting up gfortran (4:11.2.0-2) ...
update-alternatives: using /usr/bin/gfortran to provide /usr/bin/f95 (f95) in auto mode
update-alternatives: using /usr/bin/gfortran to provide /usr/bin/f77 (f77) in auto mode
Setting up dh-autoreconf (20) ...
Setting up tex-common (6.17) ...
update-language: texlive-base not installed and configured, doing nothing!
Setting up libxt6:amd64 (1:1.2.0-1) ...
Setting up libxml-libxml-perl (2.0134+dfsg-2+b1) ...
update-perl-sax-parsers: Registering Perl SAX parser XML::LibXML::SAX::Parser with priority 50...
update-perl-sax-parsers: Registering Perl SAX parser XML::LibXML::SAX with priority 50...
update-perl-sax-parsers: Updating overall Perl SAX parser modules info file...
Replacing config file /etc/perl/XML/SAX/ParserDetails.ini with new version
Setting up libfontconfig1:amd64 (2.13.1-4.2) ...
Setting up python3.9 (3.9.7-4) ...
Setting up libxmu6:amd64 (2:1.1.2-2+b3) ...
Setting up debhelper (13.5.2) ...
Setting up python3 (3.9.2-3) ...
Setting up libxaw7:amd64 (2:1.0.13-1.1) ...
Setting up libcairo2:amd64 (1.16.0-5) ...
Setting up texinfo (6.8-3) ...
/usr/bin/which: this version of `which' is deprecated; use `command -v' in scripts instead.
/usr/bin/which: this version of `which' is deprecated; use `command -v' in scripts instead.
Running mktexlsr. This may take some time. ... done.
Setting up texlive-binaries (2021.20210626.59705-1) ...
update-alternatives: using /usr/bin/xdvi-xaw to provide /usr/bin/xdvi.bin (xdvi.bin) in auto mode
update-alternatives: using /usr/bin/bibtex.original to provide /usr/bin/bibtex (bibtex) in auto mode
Setting up texlive-base (2021.20210921-1) ...
/usr/bin/which: this version of `which' is deprecated; use `command -v' in scripts instead.
/usr/bin/which: this version of `which' is deprecated; use `command -v' in scripts instead.
/usr/bin/which: this version of `which' is deprecated; use `command -v' in scripts instead.
/usr/bin/which: this version of `which' is deprecated; use `command -v' in scripts instead.
tl-paper: setting paper size for dvips to a4: /var/lib/texmf/dvips/config/config-paper.ps
tl-paper: setting paper size for dvipdfmx to a4: /var/lib/texmf/dvipdfmx/dvipdfmx-paper.cfg
tl-paper: setting paper size for xdvi to a4: /var/lib/texmf/xdvi/XDvi-paper
tl-paper: setting paper size for pdftex to a4: /var/lib/texmf/tex/generic/tex-ini-files/pdftexconfig.tex
Setting up texlive-plain-generic (2021.20210921-1) ...
Setting up texlive-latex-base (2021.20210921-1) ...
Setting up sbuild-build-depends-main-dummy (0.invalid.0) ...
Processing triggers for libc-bin (2.32-4) ...
Processing triggers for tex-common (6.17) ...
Running updmap-sys. This may take some time... done.
Running mktexlsr /var/lib/texmf ... done.
Building format(s) --all.
	This may take some time... done.

+------------------------------------------------------------------------------+
| Check architectures                                                          |
+------------------------------------------------------------------------------+

Arch check ok (amd64 included in any all)

+------------------------------------------------------------------------------+
| Build environment                                                            |
+------------------------------------------------------------------------------+

Kernel: Linux 4.19.0-6-cloud-amd64 #1 SMP Debian 4.19.67-2+deb10u2 (2019-11-11) amd64 (x86_64)
Toolchain package versions: binutils_2.37-7 dpkg-dev_1.20.9 g++-11_11.2.0-10 gcc-11_11.2.0-10 libc6-dev_2.32-4 libstdc++-11-dev_11.2.0-10 libstdc++6_11.2.0-10 linux-libc-dev_5.14.12-1
Package versions: adduser_3.118 apt_2.3.11 autoconf_2.71-2 autoconf-archive_20210219-2 automake_1:1.16.5-1 autopoint_0.21-4 autotools-dev_20180224.1+nmu1 base-files_12 base-passwd_3.5.52 bash_5.1-3+b2 binutils_2.37-7 binutils-common_2.37-7 binutils-x86-64-linux-gnu_2.37-7 bsdextrautils_2.37.2-4 bsdutils_1:2.37.2-4 build-essential_12.9 bzip2_1.0.8-4 cfortran_20210827-1 clang-13_1:13.0.0-8 coreutils_8.32-4+b1 cpp_4:11.2.0-2 cpp-11_11.2.0-10 dash_0.5.11+git20210120+802ebd4-2 debconf_1.5.78 debhelper_13.5.2 debian-archive-keyring_2021.1.1 debianutils_5.5-1 dh-autoreconf_20 dh-strip-nondeterminism_1.12.0-2 diffutils_1:3.7-5 dpkg_1.20.9 dpkg-dev_1.20.9 dwz_0.14-1 e2fsprogs_1.46.4-1 fakeroot_1.26-1 file_1:5.39-3 findutils_4.8.0-1 fontconfig-config_2.13.1-4.2 fonts-dejavu-core_2.37-2 fonts-lmodern_2.004.5-6.1 g++_4:11.2.0-2 g++-11_11.2.0-10 gcc_4:11.2.0-2 gcc-10-base_10.3.0-11 gcc-11_11.2.0-10 gcc-11-base_11.2.0-10 gcc-9-base_9.4.0-3 gettext_0.21-4 gettext-base_0.21-4 gfortran_4:11.2.0-2 gfortran-11_11.2.0-10 gpgv_2.2.27-2 grep_3.7-1 groff-base_1.22.4-7 gzip_1.10-4 hostname_3.23 init-system-helpers_1.60 intltool-debian_0.35.0+20060710.5 lib32gcc-s1_11.2.0-10 lib32stdc++6_11.2.0-10 libacl1_2.3.1-1 libapt-pkg6.0_2.3.11 libarchive-zip-perl_1.68-1 libasan5_9.4.0-3 libasan6_11.2.0-10 libatomic1_11.2.0-10 libattr1_1:2.5.1-1 libaudit-common_1:3.0.6-1 libaudit1_1:3.0.6-1 libbinutils_2.37-7 libblas-dev_3.10.0-1 libblas3_3.10.0-1 libblkid1_2.37.2-4 libbrotli1_1.0.9-2+b2 libbsd0_0.11.3-1 libbz2-1.0_1.0.8-4 libc-bin_2.32-4 libc-dev-bin_2.32-4 libc6_2.32-4 libc6-dev_2.32-4 libc6-i386_2.32-4 libcairo2_1.16.0-5 libcap-ng0_0.7.9-2.2+b1 libcap2_1:2.44-1 libcc1-0_11.2.0-10 libclang-common-13-dev_1:13.0.0-8 libclang-cpp13_1:13.0.0-8 libclang1-13_1:13.0.0-8 libcom-err2_1.46.4-1 libcrypt-dev_1:4.4.25-2 libcrypt1_1:4.4.25-2 libctf-nobfd0_2.37-7 libctf0_2.37-7 libdb5.3_5.3.28+dfsg1-0.8 libdebconfclient0_0.260 libdebhelper-perl_13.5.2 libdpkg-perl_1.20.9 libedit2_3.1-20210910-1 libelf1_0.185-2 libexpat1_2.4.1-3 libext2fs2_1.46.4-1 libfakeroot_1.26-1 libffi8_3.4.2-3 libfile-stripnondeterminism-perl_1.12.0-2 libfontconfig1_2.13.1-4.2 libfreetype6_2.11.0+dfsg-1 libgc1_1:8.0.4-3 libgcc-11-dev_11.2.0-10 libgcc-9-dev_9.4.0-3 libgcc-s1_11.2.0-10 libgcrypt20_1.9.4-3+b1 libgdbm-compat4_1.22-1 libgdbm6_1.22-1 libgfortran-11-dev_11.2.0-10 libgfortran5_11.2.0-10 libglib2.0-0_2.70.0-3 libgmp10_2:6.2.1+dfsg-2 libgnutls30_3.7.2-2 libgomp1_11.2.0-10 libgpg-error0_1.42-3 libgraphite2-3_1.3.14-1 libgssapi-krb5-2_1.18.3-7 libharfbuzz0b_2.7.4-1 libhogweed6_3.7.3-1 libice6_2:1.0.10-1 libicu67_67.1-7 libidn2-0_2.3.2-2 libisl23_0.24-2 libitm1_11.2.0-10 libk5crypto3_1.18.3-7 libkeyutils1_1.6.1-2 libkpathsea6_2021.20210626.59705-1 libkrb5-3_1.18.3-7 libkrb5support0_1.18.3-7 liblapack-dev_3.10.0-1 liblapack3_3.10.0-1 libllvm13_1:13.0.0-8 liblsan0_11.2.0-10 liblz4-1_1.9.3-2 liblzma5_5.2.5-2 libmagic-mgc_1:5.39-3 libmagic1_1:5.39-3 libmd0_1.0.4-1 libmount1_2.37.2-4 libmpc3_1.2.1-1 libmpdec3_2.5.1-2 libmpfr6_4.1.0-3 libncursesw6_6.2+20210905-1 libnettle8_3.7.3-1 libnsl-dev_1.3.0-2 libnsl2_1.3.0-2 libobjc-11-dev_11.2.0-10 libobjc-9-dev_9.4.0-3 libobjc4_11.2.0-10 libomp-13-dev_1:13.0.0-8 libomp5-13_1:13.0.0-8 libp11-kit0_0.24.0-5 libpam-modules_1.4.0-10 libpam-modules-bin_1.4.0-10 libpam-runtime_1.4.0-10 libpam0g_1.4.0-10 libpaper-utils_1.1.28+b1 libpaper1_1.1.28+b1 libpcre2-8-0_10.36-2 libpcre3_2:8.39-13 libperl5.32_5.32.1-6 libpipeline1_1.5.3-1 libpixman-1-0_0.40.0-1 libpng16-16_1.6.37-3 libptexenc1_2021.20210626.59705-1 libpython3-stdlib_3.9.2-3 libpython3.9-minimal_3.9.7-4 libpython3.9-stdlib_3.9.7-4 libquadmath0_11.2.0-10 libreadline8_8.1-2 libseccomp2_2.5.2-2 libselinux1_3.1-3 libsemanage-common_3.1-1 libsemanage1_3.1-1+b2 libsepol1_3.1-1 libsigsegv2_2.13-1 libsm6_2:1.2.3-1 libsmartcols1_2.37.2-4 libsqlite3-0_3.36.0-2 libss2_1.46.4-1 libssl1.1_1.1.1l-1 libstdc++-11-dev_11.2.0-10 libstdc++6_11.2.0-10 libsub-override-perl_0.09-2 libsynctex2_2021.20210626.59705-1 libsystemd0_249.5-1 libtasn1-6_4.17.0-2 libteckit0_2.5.10+ds1-3 libtexlua53_2021.20210626.59705-1 libtexluajit2_2021.20210626.59705-1 libtext-unidecode-perl_1.30-1 libtinfo6_6.2+20210905-1 libtirpc-common_1.3.2-2 libtirpc-dev_1.3.2-2 libtirpc3_1.3.2-2 libtool_2.4.6-15 libtsan0_11.2.0-10 libubsan1_11.2.0-10 libuchardet0_0.0.7-1 libudev1_249.5-1 libunistring2_0.9.10-6 libuuid1_2.37.2-4 libx11-6_2:1.7.2-2+b1 libx11-data_2:1.7.2-2 libxau6_1:1.0.9-1 libxaw7_2:1.0.13-1.1 libxcb-render0_1.14-3 libxcb-shm0_1.14-3 libxcb1_1.14-3 libxdmcp6_1:1.1.2-3 libxext6_2:1.3.4-1 libxi6_2:1.8-1 libxml-libxml-perl_2.0134+dfsg-2+b1 libxml-namespacesupport-perl_1.12-1.1 libxml-sax-base-perl_1.09-1.1 libxml-sax-perl_1.02+dfsg-3 libxml2_2.9.12+dfsg-5 libxmu6_2:1.1.2-2+b3 libxpm4_1:3.5.12-1 libxrender1_1:0.9.10-1 libxt6_1:1.2.0-1 libxxhash0_0.8.0-2 libz3-4_4.8.12-1+b1 libzstd1_1.4.8+dfsg-3 libzzip-0-13_0.13.72+dfsg.1-1.1 linux-libc-dev_5.14.12-1 login_1:4.8.1-1 logsave_1.46.4-1 lsb-base_11.1.0 m4_1.4.18-5 make_4.3-4.1 man-db_2.9.4-2 mawk_1.3.4.20200120-2 media-types_4.0.0 mount_2.37.2-4 ncurses-base_6.2+20210905-1 ncurses-bin_6.2+20210905-1 passwd_1:4.8.1-1 patch_2.7.6-7 perl_5.32.1-6 perl-base_5.32.1-6 perl-modules-5.32_5.32.1-6 po-debconf_1.0.21+nmu1 python3_3.9.2-3 python3-minimal_3.9.2-3 python3.9_3.9.7-4 python3.9-minimal_3.9.7-4 qt5-qmake_5.15.2+dfsg-12 qt5-qmake-bin_5.15.2+dfsg-12 qtchooser_66-2 readline-common_8.1-2 rpcsvc-proto_1.4.2-4 sbuild-build-depends-main-dummy_0.invalid.0 sed_4.8-1 sensible-utils_0.0.17 sysvinit-utils_3.00-1 t1utils_1.41-4 tar_1.34+dfsg-1 tex-common_6.17 texinfo_6.8-3 texlive-base_2021.20210921-1 texlive-binaries_2021.20210626.59705-1 texlive-latex-base_2021.20210921-1 texlive-plain-generic_2021.20210921-1 tzdata_2021e-1 ucf_3.0043 util-linux_2.37.2-4 x11-common_1:7.7+23 xdg-utils_1.1.3-4.1 xz-utils_5.2.5-2 zlib1g_1:1.2.11.dfsg-2

+------------------------------------------------------------------------------+
| Build                                                                        |
+------------------------------------------------------------------------------+


Unpack source
-------------

-----BEGIN PGP SIGNED MESSAGE-----
Hash: SHA512

Format: 3.0 (quilt)
Source: blitz++
Binary: libblitz0v5, libblitz0-dev, libblitz-doc
Architecture: any all
Version: 1:1.0.2+ds-2
Maintainer: Debian Science Team <debian-science-maintainers@lists.alioth.debian.org>
Uploaders: Jerome Benoit <calculus@rezozer.net>, Christophe Trophime <christophe.trophime@lncmi.cnrs.fr>
Homepage: https://github.com/blitzpp/blitz
Standards-Version: 4.4.1
Vcs-Browser: https://salsa.debian.org/science-team/blitzxx
Vcs-Git: https://salsa.debian.org/science-team/blitzxx.git
Testsuite: autopkgtest
Testsuite-Triggers: build-essential, pkg-config
Build-Depends: debhelper-compat (= 12), autoconf-archive, automake, libtool, python3, gfortran | fortran-compiler, cfortran, libblas-dev | libatlas-base-dev, liblapack-dev | libatlas-base-dev
Build-Depends-Indep: texinfo, texlive-plain-generic, texlive-latex-base
Package-List:
 libblitz-doc deb doc optional arch=all
 libblitz0-dev deb libdevel optional arch=any
 libblitz0v5 deb libs optional arch=any
Checksums-Sha1:
 dbde5607ff3df6c8b060684a1a6bf4325279e13e 866536 blitz++_1.0.2+ds.orig.tar.xz
 1ed16295740bb44d57976810265d83469f746fa6 12824 blitz++_1.0.2+ds-2.debian.tar.xz
Checksums-Sha256:
 44db64d9561e3b10b75bf14d75bd92ac0461c170941ef50f9b32ac0238b50f5d 866536 blitz++_1.0.2+ds.orig.tar.xz
 9ad6ed5e59c91bb9fe774d42abe9b8ac6c95c1a439d2f94ffa1354865ea1a221 12824 blitz++_1.0.2+ds-2.debian.tar.xz
Files:
 bf051330e46f05725cfcd943bd53b608 866536 blitz++_1.0.2+ds.orig.tar.xz
 adc7c3f922b7af3f61507de45a027932 12824 blitz++_1.0.2+ds-2.debian.tar.xz

-----BEGIN PGP SIGNATURE-----

iQRJBAEBCgAzFiEEriiuFXEN/x2H5adiP5IZpn82xosFAl29gZkVHGNhbGN1bHVz
QHJlem96ZXIubmV0AAoJED+SGaZ/NsaLfBcgAKVCfWVsKjzIlJEGujQ1H4ycvfyu
l9e9FDpI3Rasr9EzWk9GYkg7BBKPKCu3YSPpxbBLmuZKYpGpmg/Z1nZMH7MXkbZm
K7iC/0Y9RzraLWRubg/Aq48Lp3A1G4tZxPsrm6/NIJQu4E1zcUSzfaofr40b4EF8
HLOp9O5yqKI+CmHrY5WDh/BoweAShm5muRxLEs7IteXVPAJGJszFcI897z9Mg40I
50SfyVpTWikvhwZOGEmfsE4u8fliQ53OuLky1I1brWVn2heBYF9iGAgY1ZCJTXlG
sZotSYFH9OZSlVbeNfmeHPHi1iar2BahS/CAgueji+7oAwQBog6y5/ERoahrzQ+c
CRkUwd2vf9gYzHe+7pze11GP3i+CWhbKziErlZrB54eOkW1YiNFLau0neTyCtSaH
KzAkjgnBSk072vciQz9GIMoYMvwKoE1X4/P6q7AAEaEECv6tS9udsntxf7jtWBWA
OY3zGv2+q9O9kmYhdc30Yl4GRL/Ge5NId8Lgow0HYCIjY0vveewb/wq3646W2uya
JfAiE9HiueFx/E+yOgfCprPIsu4IEcwk7ShKFsDAEDxaSqK9ZEmbwwq6Z+jDPe5p
zjXMnWUr92nGW8S87FsHIzQYvaa94xPegLeemt4UZqrene3XJcETuZ9eAg03rKkB
kIOriiHn4psxc6xVAgzQv0uTg+ZbzdZc/6AtKlFy2PG7dQb1bA47unQv2DX1GcLR
cdPosCC0rbBl3VRsGYEWTmcbpcrdZFaSN30WxGSdN9rsU34jugPsTIOokbMWw1aj
xJABCiTYOJSm21X0Gi7Ia0jz1P7nOfCUVd9E4AKrnDt2lmEw6RkPPJw8OfRDKVd3
30wPTSGeJTQDTSxNAXohyHIpGuahUhTFqMcUIfy/VLTP8Q4kLXjS9Hx+dI1BZYE6
1I/Pca248x7bKBsEPOLs6ZsEmW8qbO8jjb2ZJGTTPWqmHa8YXfd/f2xFv2rXBamH
2GqNKbgr6v5eDoAfsCz315JcLcxj9nvgwpBedsimoJ/EgAMLzce3XIv4hfrDF1B+
veEhg4eQsWyTr6ZOH7jiYzalD/EqY7101olFUPDPEJsNZxn/tpQoAEvRALw5Khdt
n6kFohZ+OyJUlIvMTaswCktA29S+uISq3u+K0Vim2F0EZn7aE7gwsnQhjFssjdbZ
BU6/47dDg+570yC+GJM3Uf4EqvmxPnDJsqZr/w7bkfwIeJ/euDzXtIMmPoctxSkZ
zcFPim144dRs+KDTnMung6zcyHZZ0UNAVPaVLez3/X0CUXe5AzkMSQb1IW7/qyrU
giU9JS6cBgVwIFHq3vQNu0VrS4VRqzcBgtKDjay/d8/INYSHz08IsYI4Zew=
=yrxO
-----END PGP SIGNATURE-----

gpgv: unknown type of key resource 'trustedkeys.kbx'
gpgv: keyblock resource '/tmp/dpkg-verify-sig.5hpEcQIE/trustedkeys.kbx': General error
gpgv: Signature made Sat Nov  2 13:16:09 2019 UTC
gpgv:                using RSA key AE28AE15710DFF1D87E5A7623F9219A67F36C68B
gpgv:                issuer "calculus@rezozer.net"
gpgv: Can't check signature: No public key
dpkg-source: warning: failed to verify signature on ./blitz++_1.0.2+ds-2.dsc
dpkg-source: info: extracting blitz++ in /<<PKGBUILDDIR>>
dpkg-source: info: unpacking blitz++_1.0.2+ds.orig.tar.xz
dpkg-source: info: unpacking blitz++_1.0.2+ds-2.debian.tar.xz
dpkg-source: info: using patch list from debian/patches/series
dpkg-source: info: applying upstream-autotoolization-headers.patch
dpkg-source: info: applying upstream-skip-testsuite.patch
dpkg-source: info: applying debianization.patch
dpkg-source: info: applying debianization-python.patch
dpkg-source: info: applying debianization-examples.patch
dpkg-source: info: applying debianization-examples-neutralization.patch

Check disk space
----------------

Sufficient free space for build

User Environment
----------------

APT_CONFIG=/var/lib/sbuild/apt.conf
HOME=/sbuild-nonexistent
LANG=C.UTF-8
LC_ALL=C.UTF-8
LOGNAME=user42
PATH=/usr/local/sbin:/usr/local/bin:/usr/sbin:/usr/bin:/sbin:/bin:/usr/games
SCHROOT_ALIAS_NAME=unstable
SCHROOT_CHROOT_NAME=sid-amd64-sbuild
SCHROOT_COMMAND=env
SCHROOT_GID=1001
SCHROOT_GROUP=user42
SCHROOT_SESSION_ID=sid-amd64-sbuild-86deab5b-94ea-45ff-8930-cef634402847
SCHROOT_UID=1001
SCHROOT_USER=user42
SHELL=/bin/sh
USER=user42

dpkg-buildpackage
-----------------

Command: dpkg-buildpackage -us -uc -b -rfakeroot
dpkg-buildpackage: info: source package blitz++
dpkg-buildpackage: info: source version 1:1.0.2+ds-2
dpkg-buildpackage: info: source distribution unstable
dpkg-buildpackage: info: source changed by Jerome Benoit <calculus@rezozer.net>
 dpkg-source --before-build .
dpkg-buildpackage: info: host architecture amd64
 fakeroot debian/rules clean
dh clean -with autoreconf --builddirectory=_build --no-parallel
   dh_auto_clean -O--builddirectory=_build -O--no-parallel
   dh_autoreconf_clean -O--builddirectory=_build -O--no-parallel
   dh_clean -O--builddirectory=_build -O--no-parallel
 debian/rules build
dh build -with autoreconf --builddirectory=_build --no-parallel
   dh_update_autotools_config -O--builddirectory=_build -O--no-parallel
   dh_autoreconf -O--builddirectory=_build -O--no-parallel
libtoolize: putting auxiliary files in AC_CONFIG_AUX_DIR, 'config'.
libtoolize: copying file 'config/ltmain.sh'
libtoolize: putting macros in AC_CONFIG_MACRO_DIRS, 'm4'.
libtoolize: copying file 'm4/libtool.m4'
libtoolize: copying file 'm4/ltoptions.m4'
libtoolize: copying file 'm4/ltsugar.m4'
libtoolize: copying file 'm4/ltversion.m4'
libtoolize: copying file 'm4/lt~obsolete.m4'
configure.ac:85: warning: The macro `AM_DISABLE_SHARED' is obsolete.
configure.ac:85: You should run autoupdate.
m4/ltoptions.m4:206: AM_DISABLE_SHARED is expanded from...
configure.ac:85: the top level
configure.ac:86: warning: The macro `AC_PROG_LIBTOOL' is obsolete.
configure.ac:86: You should run autoupdate.
m4/libtool.m4:99: AC_PROG_LIBTOOL is expanded from...
configure.ac:86: the top level
configure.ac:120: warning: The macro `AC_LANG_CPLUSPLUS' is obsolete.
configure.ac:120: You should run autoupdate.
./lib/autoconf/c.m4:262: AC_LANG_CPLUSPLUS is expanded from...
lib/m4sugar/m4sh.m4:692: _AS_IF_ELSE is expanded from...
lib/m4sugar/m4sh.m4:699: AS_IF is expanded from...
./lib/autoconf/general.m4:2249: AC_CACHE_VAL is expanded from...
./lib/autoconf/general.m4:2270: AC_CACHE_CHECK is expanded from...
m4/ac_cxx_alignment_directive.m4:2: AC_ALIGNMENT_DIRECTIVE is expanded from...
lib/m4sugar/m4sh.m4:699: AS_IF is expanded from...
./lib/autoconf/general.m4:1534: AC_ARG_ENABLE is expanded from...
configure.ac:120: the top level
configure.ac:120: warning: The macro `AC_TRY_COMPILE' is obsolete.
configure.ac:120: You should run autoupdate.
./lib/autoconf/general.m4:2847: AC_TRY_COMPILE is expanded from...
lib/m4sugar/m4sh.m4:692: _AS_IF_ELSE is expanded from...
lib/m4sugar/m4sh.m4:699: AS_IF is expanded from...
./lib/autoconf/general.m4:2249: AC_CACHE_VAL is expanded from...
./lib/autoconf/general.m4:2270: AC_CACHE_CHECK is expanded from...
m4/ac_cxx_alignment_directive.m4:2: AC_ALIGNMENT_DIRECTIVE is expanded from...
lib/m4sugar/m4sh.m4:699: AS_IF is expanded from...
./lib/autoconf/general.m4:1534: AC_ARG_ENABLE is expanded from...
configure.ac:120: the top level
configure.ac:173: warning: The macro `AC_LANG_CPLUSPLUS' is obsolete.
configure.ac:173: You should run autoupdate.
./lib/autoconf/c.m4:262: AC_LANG_CPLUSPLUS is expanded from...
lib/m4sugar/m4sh.m4:692: _AS_IF_ELSE is expanded from...
lib/m4sugar/m4sh.m4:699: AS_IF is expanded from...
./lib/autoconf/general.m4:2249: AC_CACHE_VAL is expanded from...
./lib/autoconf/general.m4:2270: AC_CACHE_CHECK is expanded from...
m4/ac_cxx_exceptions.m4:4: AC_CXX_EXCEPTIONS is expanded from...
m4/ac_cxx_general.m4:3: AC_CXX_GENERAL is expanded from...
m4/ac_check_cxx_features.m4:2: AC_CHECK_CXX_FEATURES is expanded from...
configure.ac:173: the top level
configure.ac:173: warning: The macro `AC_TRY_COMPILE' is obsolete.
configure.ac:173: You should run autoupdate.
./lib/autoconf/general.m4:2847: AC_TRY_COMPILE is expanded from...
lib/m4sugar/m4sh.m4:692: _AS_IF_ELSE is expanded from...
lib/m4sugar/m4sh.m4:699: AS_IF is expanded from...
./lib/autoconf/general.m4:2249: AC_CACHE_VAL is expanded from...
./lib/autoconf/general.m4:2270: AC_CACHE_CHECK is expanded from...
m4/ac_cxx_exceptions.m4:4: AC_CXX_EXCEPTIONS is expanded from...
m4/ac_cxx_general.m4:3: AC_CXX_GENERAL is expanded from...
m4/ac_check_cxx_features.m4:2: AC_CHECK_CXX_FEATURES is expanded from...
configure.ac:173: the top level
configure.ac:173: warning: The macro `AC_LANG_CPLUSPLUS' is obsolete.
configure.ac:173: You should run autoupdate.
./lib/autoconf/c.m4:262: AC_LANG_CPLUSPLUS is expanded from...
lib/m4sugar/m4sh.m4:692: _AS_IF_ELSE is expanded from...
lib/m4sugar/m4sh.m4:699: AS_IF is expanded from...
./lib/autoconf/general.m4:2249: AC_CACHE_VAL is expanded from...
./lib/autoconf/general.m4:2270: AC_CACHE_CHECK is expanded from...
m4/ac_cxx_rtti.m4:4: AC_CXX_RTTI is expanded from...
m4/ac_cxx_general.m4:3: AC_CXX_GENERAL is expanded from...
m4/ac_check_cxx_features.m4:2: AC_CHECK_CXX_FEATURES is expanded from...
configure.ac:173: the top level
configure.ac:173: warning: The macro `AC_TRY_COMPILE' is obsolete.
configure.ac:173: You should run autoupdate.
./lib/autoconf/general.m4:2847: AC_TRY_COMPILE is expanded from...
lib/m4sugar/m4sh.m4:692: _AS_IF_ELSE is expanded from...
lib/m4sugar/m4sh.m4:699: AS_IF is expanded from...
./lib/autoconf/general.m4:2249: AC_CACHE_VAL is expanded from...
./lib/autoconf/general.m4:2270: AC_CACHE_CHECK is expanded from...
m4/ac_cxx_rtti.m4:4: AC_CXX_RTTI is expanded from...
m4/ac_cxx_general.m4:3: AC_CXX_GENERAL is expanded from...
m4/ac_check_cxx_features.m4:2: AC_CHECK_CXX_FEATURES is expanded from...
configure.ac:173: the top level
configure.ac:173: warning: The macro `AC_LANG_CPLUSPLUS' is obsolete.
configure.ac:173: You should run autoupdate.
./lib/autoconf/c.m4:262: AC_LANG_CPLUSPLUS is expanded from...
lib/m4sugar/m4sh.m4:692: _AS_IF_ELSE is expanded from...
lib/m4sugar/m4sh.m4:699: AS_IF is expanded from...
./lib/autoconf/general.m4:2249: AC_CACHE_VAL is expanded from...
./lib/autoconf/general.m4:2270: AC_CACHE_CHECK is expanded from...
m4/ac_cxx_member_constants.m4:4: AC_CXX_MEMBER_CONSTANTS is expanded from...
m4/ac_cxx_general.m4:3: AC_CXX_GENERAL is expanded from...
m4/ac_check_cxx_features.m4:2: AC_CHECK_CXX_FEATURES is expanded from...
configure.ac:173: the top level
configure.ac:173: warning: The macro `AC_TRY_COMPILE' is obsolete.
configure.ac:173: You should run autoupdate.
./lib/autoconf/general.m4:2847: AC_TRY_COMPILE is expanded from...
lib/m4sugar/m4sh.m4:692: _AS_IF_ELSE is expanded from...
lib/m4sugar/m4sh.m4:699: AS_IF is expanded from...
./lib/autoconf/general.m4:2249: AC_CACHE_VAL is expanded from...
./lib/autoconf/general.m4:2270: AC_CACHE_CHECK is expanded from...
m4/ac_cxx_member_constants.m4:4: AC_CXX_MEMBER_CONSTANTS is expanded from...
m4/ac_cxx_general.m4:3: AC_CXX_GENERAL is expanded from...
m4/ac_check_cxx_features.m4:2: AC_CHECK_CXX_FEATURES is expanded from...
configure.ac:173: the top level
configure.ac:173: warning: The macro `AC_LANG_CPLUSPLUS' is obsolete.
configure.ac:173: You should run autoupdate.
./lib/autoconf/c.m4:262: AC_LANG_CPLUSPLUS is expanded from...
lib/m4sugar/m4sh.m4:692: _AS_IF_ELSE is expanded from...
lib/m4sugar/m4sh.m4:699: AS_IF is expanded from...
./lib/autoconf/general.m4:2249: AC_CACHE_VAL is expanded from...
./lib/autoconf/general.m4:2270: AC_CACHE_CHECK is expanded from...
m4/ac_cxx_old_for_scoping.m4:4: AC_CXX_OLD_FOR_SCOPING is expanded from...
m4/ac_cxx_general.m4:3: AC_CXX_GENERAL is expanded from...
m4/ac_check_cxx_features.m4:2: AC_CHECK_CXX_FEATURES is expanded from...
configure.ac:173: the top level
configure.ac:173: warning: The macro `AC_TRY_COMPILE' is obsolete.
configure.ac:173: You should run autoupdate.
./lib/autoconf/general.m4:2847: AC_TRY_COMPILE is expanded from...
lib/m4sugar/m4sh.m4:692: _AS_IF_ELSE is expanded from...
lib/m4sugar/m4sh.m4:699: AS_IF is expanded from...
./lib/autoconf/general.m4:2249: AC_CACHE_VAL is expanded from...
./lib/autoconf/general.m4:2270: AC_CACHE_CHECK is expanded from...
m4/ac_cxx_old_for_scoping.m4:4: AC_CXX_OLD_FOR_SCOPING is expanded from...
m4/ac_cxx_general.m4:3: AC_CXX_GENERAL is expanded from...
m4/ac_check_cxx_features.m4:2: AC_CHECK_CXX_FEATURES is expanded from...
configure.ac:173: the top level
configure.ac:173: warning: The macro `AC_LANG_CPLUSPLUS' is obsolete.
configure.ac:173: You should run autoupdate.
./lib/autoconf/c.m4:262: AC_LANG_CPLUSPLUS is expanded from...
lib/m4sugar/m4sh.m4:692: _AS_IF_ELSE is expanded from...
lib/m4sugar/m4sh.m4:699: AS_IF is expanded from...
./lib/autoconf/general.m4:2249: AC_CACHE_VAL is expanded from...
./lib/autoconf/general.m4:2270: AC_CACHE_CHECK is expanded from...
m4/ac_cxx_explicit.m4:4: AC_CXX_EXPLICIT is expanded from...
m4/ac_cxx_keywords.m4:3: AC_CXX_KEYWORDS is expanded from...
m4/ac_check_cxx_features.m4:2: AC_CHECK_CXX_FEATURES is expanded from...
configure.ac:173: the top level
configure.ac:173: warning: The macro `AC_TRY_COMPILE' is obsolete.
configure.ac:173: You should run autoupdate.
./lib/autoconf/general.m4:2847: AC_TRY_COMPILE is expanded from...
lib/m4sugar/m4sh.m4:692: _AS_IF_ELSE is expanded from...
lib/m4sugar/m4sh.m4:699: AS_IF is expanded from...
./lib/autoconf/general.m4:2249: AC_CACHE_VAL is expanded from...
./lib/autoconf/general.m4:2270: AC_CACHE_CHECK is expanded from...
m4/ac_cxx_explicit.m4:4: AC_CXX_EXPLICIT is expanded from...
m4/ac_cxx_keywords.m4:3: AC_CXX_KEYWORDS is expanded from...
m4/ac_check_cxx_features.m4:2: AC_CHECK_CXX_FEATURES is expanded from...
configure.ac:173: the top level
configure.ac:173: warning: The macro `AC_LANG_CPLUSPLUS' is obsolete.
configure.ac:173: You should run autoupdate.
./lib/autoconf/c.m4:262: AC_LANG_CPLUSPLUS is expanded from...
lib/m4sugar/m4sh.m4:692: _AS_IF_ELSE is expanded from...
lib/m4sugar/m4sh.m4:699: AS_IF is expanded from...
./lib/autoconf/general.m4:2249: AC_CACHE_VAL is expanded from...
./lib/autoconf/general.m4:2270: AC_CACHE_CHECK is expanded from...
m4/ac_cxx_mutable.m4:4: AC_CXX_MUTABLE is expanded from...
m4/ac_cxx_keywords.m4:3: AC_CXX_KEYWORDS is expanded from...
m4/ac_check_cxx_features.m4:2: AC_CHECK_CXX_FEATURES is expanded from...
configure.ac:173: the top level
configure.ac:173: warning: The macro `AC_TRY_COMPILE' is obsolete.
configure.ac:173: You should run autoupdate.
./lib/autoconf/general.m4:2847: AC_TRY_COMPILE is expanded from...
lib/m4sugar/m4sh.m4:692: _AS_IF_ELSE is expanded from...
lib/m4sugar/m4sh.m4:699: AS_IF is expanded from...
./lib/autoconf/general.m4:2249: AC_CACHE_VAL is expanded from...
./lib/autoconf/general.m4:2270: AC_CACHE_CHECK is expanded from...
m4/ac_cxx_mutable.m4:4: AC_CXX_MUTABLE is expanded from...
m4/ac_cxx_keywords.m4:3: AC_CXX_KEYWORDS is expanded from...
m4/ac_check_cxx_features.m4:2: AC_CHECK_CXX_FEATURES is expanded from...
configure.ac:173: the top level
configure.ac:173: warning: The macro `AC_LANG_CPLUSPLUS' is obsolete.
configure.ac:173: You should run autoupdate.
./lib/autoconf/c.m4:262: AC_LANG_CPLUSPLUS is expanded from...
lib/m4sugar/m4sh.m4:692: _AS_IF_ELSE is expanded from...
lib/m4sugar/m4sh.m4:699: AS_IF is expanded from...
./lib/autoconf/general.m4:2249: AC_CACHE_VAL is expanded from...
./lib/autoconf/general.m4:2270: AC_CACHE_CHECK is expanded from...
m4/ac_cxx_typename.m4:4: AC_CXX_TYPENAME is expanded from...
m4/ac_cxx_keywords.m4:3: AC_CXX_KEYWORDS is expanded from...
m4/ac_check_cxx_features.m4:2: AC_CHECK_CXX_FEATURES is expanded from...
configure.ac:173: the top level
configure.ac:173: warning: The macro `AC_TRY_COMPILE' is obsolete.
configure.ac:173: You should run autoupdate.
./lib/autoconf/general.m4:2847: AC_TRY_COMPILE is expanded from...
lib/m4sugar/m4sh.m4:692: _AS_IF_ELSE is expanded from...
lib/m4sugar/m4sh.m4:699: AS_IF is expanded from...
./lib/autoconf/general.m4:2249: AC_CACHE_VAL is expanded from...
./lib/autoconf/general.m4:2270: AC_CACHE_CHECK is expanded from...
m4/ac_cxx_typename.m4:4: AC_CXX_TYPENAME is expanded from...
m4/ac_cxx_keywords.m4:3: AC_CXX_KEYWORDS is expanded from...
m4/ac_check_cxx_features.m4:2: AC_CHECK_CXX_FEATURES is expanded from...
configure.ac:173: the top level
configure.ac:173: warning: The macro `AC_LANG_CPLUSPLUS' is obsolete.
configure.ac:173: You should run autoupdate.
./lib/autoconf/c.m4:262: AC_LANG_CPLUSPLUS is expanded from...
lib/m4sugar/m4sh.m4:692: _AS_IF_ELSE is expanded from...
lib/m4sugar/m4sh.m4:699: AS_IF is expanded from...
./lib/autoconf/general.m4:2249: AC_CACHE_VAL is expanded from...
./lib/autoconf/general.m4:2270: AC_CACHE_CHECK is expanded from...
m4/ac_cxx_nceg_restrict.m4:4: AC_CXX_NCEG_RESTRICT is expanded from...
m4/ac_cxx_keywords.m4:3: AC_CXX_KEYWORDS is expanded from...
m4/ac_check_cxx_features.m4:2: AC_CHECK_CXX_FEATURES is expanded from...
configure.ac:173: the top level
configure.ac:173: warning: The macro `AC_TRY_COMPILE' is obsolete.
configure.ac:173: You should run autoupdate.
./lib/autoconf/general.m4:2847: AC_TRY_COMPILE is expanded from...
lib/m4sugar/m4sh.m4:692: _AS_IF_ELSE is expanded from...
lib/m4sugar/m4sh.m4:699: AS_IF is expanded from...
./lib/autoconf/general.m4:2249: AC_CACHE_VAL is expanded from...
./lib/autoconf/general.m4:2270: AC_CACHE_CHECK is expanded from...
m4/ac_cxx_nceg_restrict.m4:4: AC_CXX_NCEG_RESTRICT is expanded from...
m4/ac_cxx_keywords.m4:3: AC_CXX_KEYWORDS is expanded from...
m4/ac_check_cxx_features.m4:2: AC_CHECK_CXX_FEATURES is expanded from...
configure.ac:173: the top level
configure.ac:173: warning: The macro `AC_LANG_CPLUSPLUS' is obsolete.
configure.ac:173: You should run autoupdate.
./lib/autoconf/c.m4:262: AC_LANG_CPLUSPLUS is expanded from...
lib/m4sugar/m4sh.m4:692: _AS_IF_ELSE is expanded from...
lib/m4sugar/m4sh.m4:699: AS_IF is expanded from...
./lib/autoconf/general.m4:2249: AC_CACHE_VAL is expanded from...
./lib/autoconf/general.m4:2270: AC_CACHE_CHECK is expanded from...
m4/ac_cxx_nceg_restrict_egcs.m4:3: AC_CXX_NCEG_RESTRICT_EGCS is expanded from...
m4/ac_cxx_keywords.m4:3: AC_CXX_KEYWORDS is expanded from...
m4/ac_check_cxx_features.m4:2: AC_CHECK_CXX_FEATURES is expanded from...
configure.ac:173: the top level
configure.ac:173: warning: The macro `AC_TRY_COMPILE' is obsolete.
configure.ac:173: You should run autoupdate.
./lib/autoconf/general.m4:2847: AC_TRY_COMPILE is expanded from...
lib/m4sugar/m4sh.m4:692: _AS_IF_ELSE is expanded from...
lib/m4sugar/m4sh.m4:699: AS_IF is expanded from...
./lib/autoconf/general.m4:2249: AC_CACHE_VAL is expanded from...
./lib/autoconf/general.m4:2270: AC_CACHE_CHECK is expanded from...
m4/ac_cxx_nceg_restrict_egcs.m4:3: AC_CXX_NCEG_RESTRICT_EGCS is expanded from...
m4/ac_cxx_keywords.m4:3: AC_CXX_KEYWORDS is expanded from...
m4/ac_check_cxx_features.m4:2: AC_CHECK_CXX_FEATURES is expanded from...
configure.ac:173: the top level
configure.ac:173: warning: The macro `AC_LANG_CPLUSPLUS' is obsolete.
configure.ac:173: You should run autoupdate.
./lib/autoconf/c.m4:262: AC_LANG_CPLUSPLUS is expanded from...
lib/m4sugar/m4sh.m4:692: _AS_IF_ELSE is expanded from...
lib/m4sugar/m4sh.m4:699: AS_IF is expanded from...
./lib/autoconf/general.m4:2249: AC_CACHE_VAL is expanded from...
./lib/autoconf/general.m4:2270: AC_CACHE_CHECK is expanded from...
m4/ac_cxx_bool.m4:4: AC_CXX_BOOL is expanded from...
m4/ac_cxx_keywords.m4:3: AC_CXX_KEYWORDS is expanded from...
m4/ac_check_cxx_features.m4:2: AC_CHECK_CXX_FEATURES is expanded from...
configure.ac:173: the top level
configure.ac:173: warning: The macro `AC_TRY_COMPILE' is obsolete.
configure.ac:173: You should run autoupdate.
./lib/autoconf/general.m4:2847: AC_TRY_COMPILE is expanded from...
lib/m4sugar/m4sh.m4:692: _AS_IF_ELSE is expanded from...
lib/m4sugar/m4sh.m4:699: AS_IF is expanded from...
./lib/autoconf/general.m4:2249: AC_CACHE_VAL is expanded from...
./lib/autoconf/general.m4:2270: AC_CACHE_CHECK is expanded from...
m4/ac_cxx_bool.m4:4: AC_CXX_BOOL is expanded from...
m4/ac_cxx_keywords.m4:3: AC_CXX_KEYWORDS is expanded from...
m4/ac_check_cxx_features.m4:2: AC_CHECK_CXX_FEATURES is expanded from...
configure.ac:173: the top level
configure.ac:173: warning: The macro `AC_LANG_CPLUSPLUS' is obsolete.
configure.ac:173: You should run autoupdate.
./lib/autoconf/c.m4:262: AC_LANG_CPLUSPLUS is expanded from...
lib/m4sugar/m4sh.m4:692: _AS_IF_ELSE is expanded from...
lib/m4sugar/m4sh.m4:699: AS_IF is expanded from...
./lib/autoconf/general.m4:2249: AC_CACHE_VAL is expanded from...
./lib/autoconf/general.m4:2270: AC_CACHE_CHECK is expanded from...
m4/ac_cxx_const_cast.m4:4: AC_CXX_CONST_CAST is expanded from...
m4/ac_cxx_type_casts.m4:2: AC_CXX_TYPE_CASTS is expanded from...
m4/ac_check_cxx_features.m4:2: AC_CHECK_CXX_FEATURES is expanded from...
configure.ac:173: the top level
configure.ac:173: warning: The macro `AC_TRY_COMPILE' is obsolete.
configure.ac:173: You should run autoupdate.
./lib/autoconf/general.m4:2847: AC_TRY_COMPILE is expanded from...
lib/m4sugar/m4sh.m4:692: _AS_IF_ELSE is expanded from...
lib/m4sugar/m4sh.m4:699: AS_IF is expanded from...
./lib/autoconf/general.m4:2249: AC_CACHE_VAL is expanded from...
./lib/autoconf/general.m4:2270: AC_CACHE_CHECK is expanded from...
m4/ac_cxx_const_cast.m4:4: AC_CXX_CONST_CAST is expanded from...
m4/ac_cxx_type_casts.m4:2: AC_CXX_TYPE_CASTS is expanded from...
m4/ac_check_cxx_features.m4:2: AC_CHECK_CXX_FEATURES is expanded from...
configure.ac:173: the top level
configure.ac:173: warning: The macro `AC_LANG_CPLUSPLUS' is obsolete.
configure.ac:173: You should run autoupdate.
./lib/autoconf/c.m4:262: AC_LANG_CPLUSPLUS is expanded from...
lib/m4sugar/m4sh.m4:692: _AS_IF_ELSE is expanded from...
lib/m4sugar/m4sh.m4:699: AS_IF is expanded from...
./lib/autoconf/general.m4:2249: AC_CACHE_VAL is expanded from...
./lib/autoconf/general.m4:2270: AC_CACHE_CHECK is expanded from...
m4/ac_cxx_static_cast.m4:4: AC_CXX_STATIC_CAST is expanded from...
m4/ac_cxx_type_casts.m4:2: AC_CXX_TYPE_CASTS is expanded from...
m4/ac_check_cxx_features.m4:2: AC_CHECK_CXX_FEATURES is expanded from...
configure.ac:173: the top level
configure.ac:173: warning: The macro `AC_TRY_COMPILE' is obsolete.
configure.ac:173: You should run autoupdate.
./lib/autoconf/general.m4:2847: AC_TRY_COMPILE is expanded from...
lib/m4sugar/m4sh.m4:692: _AS_IF_ELSE is expanded from...
lib/m4sugar/m4sh.m4:699: AS_IF is expanded from...
./lib/autoconf/general.m4:2249: AC_CACHE_VAL is expanded from...
./lib/autoconf/general.m4:2270: AC_CACHE_CHECK is expanded from...
m4/ac_cxx_static_cast.m4:4: AC_CXX_STATIC_CAST is expanded from...
m4/ac_cxx_type_casts.m4:2: AC_CXX_TYPE_CASTS is expanded from...
m4/ac_check_cxx_features.m4:2: AC_CHECK_CXX_FEATURES is expanded from...
configure.ac:173: the top level
configure.ac:173: warning: The macro `AC_LANG_CPLUSPLUS' is obsolete.
configure.ac:173: You should run autoupdate.
./lib/autoconf/c.m4:262: AC_LANG_CPLUSPLUS is expanded from...
lib/m4sugar/m4sh.m4:692: _AS_IF_ELSE is expanded from...
lib/m4sugar/m4sh.m4:699: AS_IF is expanded from...
./lib/autoconf/general.m4:2249: AC_CACHE_VAL is expanded from...
./lib/autoconf/general.m4:2270: AC_CACHE_CHECK is expanded from...
m4/ac_cxx_reinterpret_cast.m4:4: AC_CXX_REINTERPRET_CAST is expanded from...
m4/ac_cxx_type_casts.m4:2: AC_CXX_TYPE_CASTS is expanded from...
m4/ac_check_cxx_features.m4:2: AC_CHECK_CXX_FEATURES is expanded from...
configure.ac:173: the top level
configure.ac:173: warning: The macro `AC_TRY_COMPILE' is obsolete.
configure.ac:173: You should run autoupdate.
./lib/autoconf/general.m4:2847: AC_TRY_COMPILE is expanded from...
lib/m4sugar/m4sh.m4:692: _AS_IF_ELSE is expanded from...
lib/m4sugar/m4sh.m4:699: AS_IF is expanded from...
./lib/autoconf/general.m4:2249: AC_CACHE_VAL is expanded from...
./lib/autoconf/general.m4:2270: AC_CACHE_CHECK is expanded from...
m4/ac_cxx_reinterpret_cast.m4:4: AC_CXX_REINTERPRET_CAST is expanded from...
m4/ac_cxx_type_casts.m4:2: AC_CXX_TYPE_CASTS is expanded from...
m4/ac_check_cxx_features.m4:2: AC_CHECK_CXX_FEATURES is expanded from...
configure.ac:173: the top level
configure.ac:173: warning: The macro `AC_LANG_CPLUSPLUS' is obsolete.
configure.ac:173: You should run autoupdate.
./lib/autoconf/c.m4:262: AC_LANG_CPLUSPLUS is expanded from...
lib/m4sugar/m4sh.m4:692: _AS_IF_ELSE is expanded from...
lib/m4sugar/m4sh.m4:699: AS_IF is expanded from...
./lib/autoconf/general.m4:2249: AC_CACHE_VAL is expanded from...
./lib/autoconf/general.m4:2270: AC_CACHE_CHECK is expanded from...
m4/ac_cxx_dynamic_cast.m4:4: AC_CXX_DYNAMIC_CAST is expanded from...
m4/ac_cxx_type_casts.m4:2: AC_CXX_TYPE_CASTS is expanded from...
m4/ac_check_cxx_features.m4:2: AC_CHECK_CXX_FEATURES is expanded from...
configure.ac:173: the top level
configure.ac:173: warning: The macro `AC_TRY_COMPILE' is obsolete.
configure.ac:173: You should run autoupdate.
./lib/autoconf/general.m4:2847: AC_TRY_COMPILE is expanded from...
lib/m4sugar/m4sh.m4:692: _AS_IF_ELSE is expanded from...
lib/m4sugar/m4sh.m4:699: AS_IF is expanded from...
./lib/autoconf/general.m4:2249: AC_CACHE_VAL is expanded from...
./lib/autoconf/general.m4:2270: AC_CACHE_CHECK is expanded from...
m4/ac_cxx_dynamic_cast.m4:4: AC_CXX_DYNAMIC_CAST is expanded from...
m4/ac_cxx_type_casts.m4:2: AC_CXX_TYPE_CASTS is expanded from...
m4/ac_check_cxx_features.m4:2: AC_CHECK_CXX_FEATURES is expanded from...
configure.ac:173: the top level
configure.ac:173: warning: The macro `AC_LANG_CPLUSPLUS' is obsolete.
configure.ac:173: You should run autoupdate.
./lib/autoconf/c.m4:262: AC_LANG_CPLUSPLUS is expanded from...
lib/m4sugar/m4sh.m4:692: _AS_IF_ELSE is expanded from...
lib/m4sugar/m4sh.m4:699: AS_IF is expanded from...
./lib/autoconf/general.m4:2249: AC_CACHE_VAL is expanded from...
./lib/autoconf/general.m4:2270: AC_CACHE_CHECK is expanded from...
m4/ac_cxx_templates.m4:4: AC_CXX_TEMPLATES is expanded from...
m4/ac_cxx_templates_features.m4:3: AC_CXX_TEMPLATES_FEATURES is expanded from...
m4/ac_check_cxx_features.m4:2: AC_CHECK_CXX_FEATURES is expanded from...
configure.ac:173: the top level
configure.ac:173: warning: The macro `AC_TRY_COMPILE' is obsolete.
configure.ac:173: You should run autoupdate.
./lib/autoconf/general.m4:2847: AC_TRY_COMPILE is expanded from...
lib/m4sugar/m4sh.m4:692: _AS_IF_ELSE is expanded from...
lib/m4sugar/m4sh.m4:699: AS_IF is expanded from...
./lib/autoconf/general.m4:2249: AC_CACHE_VAL is expanded from...
./lib/autoconf/general.m4:2270: AC_CACHE_CHECK is expanded from...
m4/ac_cxx_templates.m4:4: AC_CXX_TEMPLATES is expanded from...
m4/ac_cxx_templates_features.m4:3: AC_CXX_TEMPLATES_FEATURES is expanded from...
m4/ac_check_cxx_features.m4:2: AC_CHECK_CXX_FEATURES is expanded from...
configure.ac:173: the top level
configure.ac:173: warning: The macro `AC_LANG_CPLUSPLUS' is obsolete.
configure.ac:173: You should run autoupdate.
./lib/autoconf/c.m4:262: AC_LANG_CPLUSPLUS is expanded from...
lib/m4sugar/m4sh.m4:692: _AS_IF_ELSE is expanded from...
lib/m4sugar/m4sh.m4:699: AS_IF is expanded from...
./lib/autoconf/general.m4:2249: AC_CACHE_VAL is expanded from...
./lib/autoconf/general.m4:2270: AC_CACHE_CHECK is expanded from...
m4/ac_cxx_partial_specialization.m4:4: AC_CXX_PARTIAL_SPECIALIZATION is expanded from...
m4/ac_cxx_templates_features.m4:3: AC_CXX_TEMPLATES_FEATURES is expanded from...
m4/ac_check_cxx_features.m4:2: AC_CHECK_CXX_FEATURES is expanded from...
configure.ac:173: the top level
configure.ac:173: warning: The macro `AC_TRY_COMPILE' is obsolete.
configure.ac:173: You should run autoupdate.
./lib/autoconf/general.m4:2847: AC_TRY_COMPILE is expanded from...
lib/m4sugar/m4sh.m4:692: _AS_IF_ELSE is expanded from...
lib/m4sugar/m4sh.m4:699: AS_IF is expanded from...
./lib/autoconf/general.m4:2249: AC_CACHE_VAL is expanded from...
./lib/autoconf/general.m4:2270: AC_CACHE_CHECK is expanded from...
m4/ac_cxx_partial_specialization.m4:4: AC_CXX_PARTIAL_SPECIALIZATION is expanded from...
m4/ac_cxx_templates_features.m4:3: AC_CXX_TEMPLATES_FEATURES is expanded from...
m4/ac_check_cxx_features.m4:2: AC_CHECK_CXX_FEATURES is expanded from...
configure.ac:173: the top level
configure.ac:173: warning: The macro `AC_LANG_CPLUSPLUS' is obsolete.
configure.ac:173: You should run autoupdate.
./lib/autoconf/c.m4:262: AC_LANG_CPLUSPLUS is expanded from...
lib/m4sugar/m4sh.m4:692: _AS_IF_ELSE is expanded from...
lib/m4sugar/m4sh.m4:699: AS_IF is expanded from...
./lib/autoconf/general.m4:2249: AC_CACHE_VAL is expanded from...
./lib/autoconf/general.m4:2270: AC_CACHE_CHECK is expanded from...
m4/ac_cxx_partial_ordering.m4:4: AC_CXX_PARTIAL_ORDERING is expanded from...
m4/ac_cxx_templates_features.m4:3: AC_CXX_TEMPLATES_FEATURES is expanded from...
m4/ac_check_cxx_features.m4:2: AC_CHECK_CXX_FEATURES is expanded from...
configure.ac:173: the top level
configure.ac:173: warning: The macro `AC_TRY_COMPILE' is obsolete.
configure.ac:173: You should run autoupdate.
./lib/autoconf/general.m4:2847: AC_TRY_COMPILE is expanded from...
lib/m4sugar/m4sh.m4:692: _AS_IF_ELSE is expanded from...
lib/m4sugar/m4sh.m4:699: AS_IF is expanded from...
./lib/autoconf/general.m4:2249: AC_CACHE_VAL is expanded from...
./lib/autoconf/general.m4:2270: AC_CACHE_CHECK is expanded from...
m4/ac_cxx_partial_ordering.m4:4: AC_CXX_PARTIAL_ORDERING is expanded from...
m4/ac_cxx_templates_features.m4:3: AC_CXX_TEMPLATES_FEATURES is expanded from...
m4/ac_check_cxx_features.m4:2: AC_CHECK_CXX_FEATURES is expanded from...
configure.ac:173: the top level
configure.ac:173: warning: The macro `AC_LANG_CPLUSPLUS' is obsolete.
configure.ac:173: You should run autoupdate.
./lib/autoconf/c.m4:262: AC_LANG_CPLUSPLUS is expanded from...
lib/m4sugar/m4sh.m4:692: _AS_IF_ELSE is expanded from...
lib/m4sugar/m4sh.m4:699: AS_IF is expanded from...
./lib/autoconf/general.m4:2249: AC_CACHE_VAL is expanded from...
./lib/autoconf/general.m4:2270: AC_CACHE_CHECK is expanded from...
m4/ac_cxx_default_template_parameters.m4:4: AC_CXX_DEFAULT_TEMPLATE_PARAMETERS is expanded from...
m4/ac_cxx_templates_features.m4:3: AC_CXX_TEMPLATES_FEATURES is expanded from...
m4/ac_check_cxx_features.m4:2: AC_CHECK_CXX_FEATURES is expanded from...
configure.ac:173: the top level
configure.ac:173: warning: The macro `AC_TRY_COMPILE' is obsolete.
configure.ac:173: You should run autoupdate.
./lib/autoconf/general.m4:2847: AC_TRY_COMPILE is expanded from...
lib/m4sugar/m4sh.m4:692: _AS_IF_ELSE is expanded from...
lib/m4sugar/m4sh.m4:699: AS_IF is expanded from...
./lib/autoconf/general.m4:2249: AC_CACHE_VAL is expanded from...
./lib/autoconf/general.m4:2270: AC_CACHE_CHECK is expanded from...
m4/ac_cxx_default_template_parameters.m4:4: AC_CXX_DEFAULT_TEMPLATE_PARAMETERS is expanded from...
m4/ac_cxx_templates_features.m4:3: AC_CXX_TEMPLATES_FEATURES is expanded from...
m4/ac_check_cxx_features.m4:2: AC_CHECK_CXX_FEATURES is expanded from...
configure.ac:173: the top level
configure.ac:173: warning: The macro `AC_LANG_CPLUSPLUS' is obsolete.
configure.ac:173: You should run autoupdate.
./lib/autoconf/c.m4:262: AC_LANG_CPLUSPLUS is expanded from...
lib/m4sugar/m4sh.m4:692: _AS_IF_ELSE is expanded from...
lib/m4sugar/m4sh.m4:699: AS_IF is expanded from...
./lib/autoconf/general.m4:2249: AC_CACHE_VAL is expanded from...
./lib/autoconf/general.m4:2270: AC_CACHE_CHECK is expanded from...
m4/ac_cxx_member_templates.m4:4: AC_CXX_MEMBER_TEMPLATES is expanded from...
m4/ac_cxx_templates_features.m4:3: AC_CXX_TEMPLATES_FEATURES is expanded from...
m4/ac_check_cxx_features.m4:2: AC_CHECK_CXX_FEATURES is expanded from...
configure.ac:173: the top level
configure.ac:173: warning: The macro `AC_TRY_COMPILE' is obsolete.
configure.ac:173: You should run autoupdate.
./lib/autoconf/general.m4:2847: AC_TRY_COMPILE is expanded from...
lib/m4sugar/m4sh.m4:692: _AS_IF_ELSE is expanded from...
lib/m4sugar/m4sh.m4:699: AS_IF is expanded from...
./lib/autoconf/general.m4:2249: AC_CACHE_VAL is expanded from...
./lib/autoconf/general.m4:2270: AC_CACHE_CHECK is expanded from...
m4/ac_cxx_member_templates.m4:4: AC_CXX_MEMBER_TEMPLATES is expanded from...
m4/ac_cxx_templates_features.m4:3: AC_CXX_TEMPLATES_FEATURES is expanded from...
m4/ac_check_cxx_features.m4:2: AC_CHECK_CXX_FEATURES is expanded from...
configure.ac:173: the top level
configure.ac:173: warning: The macro `AC_LANG_CPLUSPLUS' is obsolete.
configure.ac:173: You should run autoupdate.
./lib/autoconf/c.m4:262: AC_LANG_CPLUSPLUS is expanded from...
lib/m4sugar/m4sh.m4:692: _AS_IF_ELSE is expanded from...
lib/m4sugar/m4sh.m4:699: AS_IF is expanded from...
./lib/autoconf/general.m4:2249: AC_CACHE_VAL is expanded from...
./lib/autoconf/general.m4:2270: AC_CACHE_CHECK is expanded from...
m4/ac_cxx_member_templates_outside_class.m4:4: AC_CXX_MEMBER_TEMPLATES_OUTSIDE_CLASS is expanded from...
m4/ac_cxx_templates_features.m4:3: AC_CXX_TEMPLATES_FEATURES is expanded from...
m4/ac_check_cxx_features.m4:2: AC_CHECK_CXX_FEATURES is expanded from...
configure.ac:173: the top level
configure.ac:173: warning: The macro `AC_TRY_COMPILE' is obsolete.
configure.ac:173: You should run autoupdate.
./lib/autoconf/general.m4:2847: AC_TRY_COMPILE is expanded from...
lib/m4sugar/m4sh.m4:692: _AS_IF_ELSE is expanded from...
lib/m4sugar/m4sh.m4:699: AS_IF is expanded from...
./lib/autoconf/general.m4:2249: AC_CACHE_VAL is expanded from...
./lib/autoconf/general.m4:2270: AC_CACHE_CHECK is expanded from...
m4/ac_cxx_member_templates_outside_class.m4:4: AC_CXX_MEMBER_TEMPLATES_OUTSIDE_CLASS is expanded from...
m4/ac_cxx_templates_features.m4:3: AC_CXX_TEMPLATES_FEATURES is expanded from...
m4/ac_check_cxx_features.m4:2: AC_CHECK_CXX_FEATURES is expanded from...
configure.ac:173: the top level
configure.ac:173: warning: The macro `AC_LANG_CPLUSPLUS' is obsolete.
configure.ac:173: You should run autoupdate.
./lib/autoconf/c.m4:262: AC_LANG_CPLUSPLUS is expanded from...
lib/m4sugar/m4sh.m4:692: _AS_IF_ELSE is expanded from...
lib/m4sugar/m4sh.m4:699: AS_IF is expanded from...
./lib/autoconf/general.m4:2249: AC_CACHE_VAL is expanded from...
./lib/autoconf/general.m4:2270: AC_CACHE_CHECK is expanded from...
m4/ac_cxx_full_specialization_syntax.m4:4: AC_CXX_FULL_SPECIALIZATION_SYNTAX is expanded from...
m4/ac_cxx_templates_features.m4:3: AC_CXX_TEMPLATES_FEATURES is expanded from...
m4/ac_check_cxx_features.m4:2: AC_CHECK_CXX_FEATURES is expanded from...
configure.ac:173: the top level
configure.ac:173: warning: The macro `AC_TRY_COMPILE' is obsolete.
configure.ac:173: You should run autoupdate.
./lib/autoconf/general.m4:2847: AC_TRY_COMPILE is expanded from...
lib/m4sugar/m4sh.m4:692: _AS_IF_ELSE is expanded from...
lib/m4sugar/m4sh.m4:699: AS_IF is expanded from...
./lib/autoconf/general.m4:2249: AC_CACHE_VAL is expanded from...
./lib/autoconf/general.m4:2270: AC_CACHE_CHECK is expanded from...
m4/ac_cxx_full_specialization_syntax.m4:4: AC_CXX_FULL_SPECIALIZATION_SYNTAX is expanded from...
m4/ac_cxx_templates_features.m4:3: AC_CXX_TEMPLATES_FEATURES is expanded from...
m4/ac_check_cxx_features.m4:2: AC_CHECK_CXX_FEATURES is expanded from...
configure.ac:173: the top level
configure.ac:173: warning: The macro `AC_LANG_CPLUSPLUS' is obsolete.
configure.ac:173: You should run autoupdate.
./lib/autoconf/c.m4:262: AC_LANG_CPLUSPLUS is expanded from...
lib/m4sugar/m4sh.m4:692: _AS_IF_ELSE is expanded from...
lib/m4sugar/m4sh.m4:699: AS_IF is expanded from...
./lib/autoconf/general.m4:2249: AC_CACHE_VAL is expanded from...
./lib/autoconf/general.m4:2270: AC_CACHE_CHECK is expanded from...
m4/ac_cxx_function_nontype_parameters.m4:4: AC_CXX_FUNCTION_NONTYPE_PARAMETERS is expanded from...
m4/ac_cxx_templates_features.m4:3: AC_CXX_TEMPLATES_FEATURES is expanded from...
m4/ac_check_cxx_features.m4:2: AC_CHECK_CXX_FEATURES is expanded from...
configure.ac:173: the top level
configure.ac:173: warning: The macro `AC_TRY_COMPILE' is obsolete.
configure.ac:173: You should run autoupdate.
./lib/autoconf/general.m4:2847: AC_TRY_COMPILE is expanded from...
lib/m4sugar/m4sh.m4:692: _AS_IF_ELSE is expanded from...
lib/m4sugar/m4sh.m4:699: AS_IF is expanded from...
./lib/autoconf/general.m4:2249: AC_CACHE_VAL is expanded from...
./lib/autoconf/general.m4:2270: AC_CACHE_CHECK is expanded from...
m4/ac_cxx_function_nontype_parameters.m4:4: AC_CXX_FUNCTION_NONTYPE_PARAMETERS is expanded from...
m4/ac_cxx_templates_features.m4:3: AC_CXX_TEMPLATES_FEATURES is expanded from...
m4/ac_check_cxx_features.m4:2: AC_CHECK_CXX_FEATURES is expanded from...
configure.ac:173: the top level
configure.ac:173: warning: The macro `AC_LANG_CPLUSPLUS' is obsolete.
configure.ac:173: You should run autoupdate.
./lib/autoconf/c.m4:262: AC_LANG_CPLUSPLUS is expanded from...
lib/m4sugar/m4sh.m4:692: _AS_IF_ELSE is expanded from...
lib/m4sugar/m4sh.m4:699: AS_IF is expanded from...
./lib/autoconf/general.m4:2249: AC_CACHE_VAL is expanded from...
./lib/autoconf/general.m4:2270: AC_CACHE_CHECK is expanded from...
m4/ac_cxx_template_qualified_base_class.m4:4: AC_CXX_TEMPLATE_QUALIFIED_BASE_CLASS is expanded from...
m4/ac_cxx_templates_features.m4:3: AC_CXX_TEMPLATES_FEATURES is expanded from...
m4/ac_check_cxx_features.m4:2: AC_CHECK_CXX_FEATURES is expanded from...
configure.ac:173: the top level
configure.ac:173: warning: The macro `AC_TRY_COMPILE' is obsolete.
configure.ac:173: You should run autoupdate.
./lib/autoconf/general.m4:2847: AC_TRY_COMPILE is expanded from...
lib/m4sugar/m4sh.m4:692: _AS_IF_ELSE is expanded from...
lib/m4sugar/m4sh.m4:699: AS_IF is expanded from...
./lib/autoconf/general.m4:2249: AC_CACHE_VAL is expanded from...
./lib/autoconf/general.m4:2270: AC_CACHE_CHECK is expanded from...
m4/ac_cxx_template_qualified_base_class.m4:4: AC_CXX_TEMPLATE_QUALIFIED_BASE_CLASS is expanded from...
m4/ac_cxx_templates_features.m4:3: AC_CXX_TEMPLATES_FEATURES is expanded from...
m4/ac_check_cxx_features.m4:2: AC_CHECK_CXX_FEATURES is expanded from...
configure.ac:173: the top level
configure.ac:173: warning: The macro `AC_LANG_CPLUSPLUS' is obsolete.
configure.ac:173: You should run autoupdate.
./lib/autoconf/c.m4:262: AC_LANG_CPLUSPLUS is expanded from...
lib/m4sugar/m4sh.m4:692: _AS_IF_ELSE is expanded from...
lib/m4sugar/m4sh.m4:699: AS_IF is expanded from...
./lib/autoconf/general.m4:2249: AC_CACHE_VAL is expanded from...
./lib/autoconf/general.m4:2270: AC_CACHE_CHECK is expanded from...
m4/ac_cxx_template_qualified_return_type.m4:4: AC_CXX_TEMPLATE_QUALIFIED_RETURN_TYPE is expanded from...
m4/ac_cxx_templates_features.m4:3: AC_CXX_TEMPLATES_FEATURES is expanded from...
m4/ac_check_cxx_features.m4:2: AC_CHECK_CXX_FEATURES is expanded from...
configure.ac:173: the top level
configure.ac:173: warning: The macro `AC_TRY_COMPILE' is obsolete.
configure.ac:173: You should run autoupdate.
./lib/autoconf/general.m4:2847: AC_TRY_COMPILE is expanded from...
lib/m4sugar/m4sh.m4:692: _AS_IF_ELSE is expanded from...
lib/m4sugar/m4sh.m4:699: AS_IF is expanded from...
./lib/autoconf/general.m4:2249: AC_CACHE_VAL is expanded from...
./lib/autoconf/general.m4:2270: AC_CACHE_CHECK is expanded from...
m4/ac_cxx_template_qualified_return_type.m4:4: AC_CXX_TEMPLATE_QUALIFIED_RETURN_TYPE is expanded from...
m4/ac_cxx_templates_features.m4:3: AC_CXX_TEMPLATES_FEATURES is expanded from...
m4/ac_check_cxx_features.m4:2: AC_CHECK_CXX_FEATURES is expanded from...
configure.ac:173: the top level
configure.ac:173: warning: The macro `AC_LANG_CPLUSPLUS' is obsolete.
configure.ac:173: You should run autoupdate.
./lib/autoconf/c.m4:262: AC_LANG_CPLUSPLUS is expanded from...
lib/m4sugar/m4sh.m4:692: _AS_IF_ELSE is expanded from...
lib/m4sugar/m4sh.m4:699: AS_IF is expanded from...
./lib/autoconf/general.m4:2249: AC_CACHE_VAL is expanded from...
./lib/autoconf/general.m4:2270: AC_CACHE_CHECK is expanded from...
m4/ac_cxx_explicit_template_function_qualification.m4:4: AC_CXX_EXPLICIT_TEMPLATE_FUNCTION_QUALIFICATION is expanded from...
m4/ac_cxx_templates_features.m4:3: AC_CXX_TEMPLATES_FEATURES is expanded from...
m4/ac_check_cxx_features.m4:2: AC_CHECK_CXX_FEATURES is expanded from...
configure.ac:173: the top level
configure.ac:173: warning: The macro `AC_TRY_COMPILE' is obsolete.
configure.ac:173: You should run autoupdate.
./lib/autoconf/general.m4:2847: AC_TRY_COMPILE is expanded from...
lib/m4sugar/m4sh.m4:692: _AS_IF_ELSE is expanded from...
lib/m4sugar/m4sh.m4:699: AS_IF is expanded from...
./lib/autoconf/general.m4:2249: AC_CACHE_VAL is expanded from...
./lib/autoconf/general.m4:2270: AC_CACHE_CHECK is expanded from...
m4/ac_cxx_explicit_template_function_qualification.m4:4: AC_CXX_EXPLICIT_TEMPLATE_FUNCTION_QUALIFICATION is expanded from...
m4/ac_cxx_templates_features.m4:3: AC_CXX_TEMPLATES_FEATURES is expanded from...
m4/ac_check_cxx_features.m4:2: AC_CHECK_CXX_FEATURES is expanded from...
configure.ac:173: the top level
configure.ac:173: warning: The macro `AC_LANG_CPLUSPLUS' is obsolete.
configure.ac:173: You should run autoupdate.
./lib/autoconf/c.m4:262: AC_LANG_CPLUSPLUS is expanded from...
lib/m4sugar/m4sh.m4:692: _AS_IF_ELSE is expanded from...
lib/m4sugar/m4sh.m4:699: AS_IF is expanded from...
./lib/autoconf/general.m4:2249: AC_CACHE_VAL is expanded from...
./lib/autoconf/general.m4:2270: AC_CACHE_CHECK is expanded from...
m4/ac_cxx_templates_as_template_arguments.m4:4: AC_CXX_TEMPLATES_AS_TEMPLATE_ARGUMENTS is expanded from...
m4/ac_cxx_templates_features.m4:3: AC_CXX_TEMPLATES_FEATURES is expanded from...
m4/ac_check_cxx_features.m4:2: AC_CHECK_CXX_FEATURES is expanded from...
configure.ac:173: the top level
configure.ac:173: warning: The macro `AC_TRY_COMPILE' is obsolete.
configure.ac:173: You should run autoupdate.
./lib/autoconf/general.m4:2847: AC_TRY_COMPILE is expanded from...
lib/m4sugar/m4sh.m4:692: _AS_IF_ELSE is expanded from...
lib/m4sugar/m4sh.m4:699: AS_IF is expanded from...
./lib/autoconf/general.m4:2249: AC_CACHE_VAL is expanded from...
./lib/autoconf/general.m4:2270: AC_CACHE_CHECK is expanded from...
m4/ac_cxx_templates_as_template_arguments.m4:4: AC_CXX_TEMPLATES_AS_TEMPLATE_ARGUMENTS is expanded from...
m4/ac_cxx_templates_features.m4:3: AC_CXX_TEMPLATES_FEATURES is expanded from...
m4/ac_check_cxx_features.m4:2: AC_CHECK_CXX_FEATURES is expanded from...
configure.ac:173: the top level
configure.ac:173: warning: The macro `AC_LANG_CPLUSPLUS' is obsolete.
configure.ac:173: You should run autoupdate.
./lib/autoconf/c.m4:262: AC_LANG_CPLUSPLUS is expanded from...
lib/m4sugar/m4sh.m4:692: _AS_IF_ELSE is expanded from...
lib/m4sugar/m4sh.m4:699: AS_IF is expanded from...
./lib/autoconf/general.m4:2249: AC_CACHE_VAL is expanded from...
./lib/autoconf/general.m4:2270: AC_CACHE_CHECK is expanded from...
m4/ac_cxx_template_keyword_qualifier.m4:4: AC_CXX_TEMPLATE_KEYWORD_QUALIFIER is expanded from...
m4/ac_cxx_templates_features.m4:3: AC_CXX_TEMPLATES_FEATURES is expanded from...
m4/ac_check_cxx_features.m4:2: AC_CHECK_CXX_FEATURES is expanded from...
configure.ac:173: the top level
configure.ac:173: warning: The macro `AC_TRY_COMPILE' is obsolete.
configure.ac:173: You should run autoupdate.
./lib/autoconf/general.m4:2847: AC_TRY_COMPILE is expanded from...
lib/m4sugar/m4sh.m4:692: _AS_IF_ELSE is expanded from...
lib/m4sugar/m4sh.m4:699: AS_IF is expanded from...
./lib/autoconf/general.m4:2249: AC_CACHE_VAL is expanded from...
./lib/autoconf/general.m4:2270: AC_CACHE_CHECK is expanded from...
m4/ac_cxx_template_keyword_qualifier.m4:4: AC_CXX_TEMPLATE_KEYWORD_QUALIFIER is expanded from...
m4/ac_cxx_templates_features.m4:3: AC_CXX_TEMPLATES_FEATURES is expanded from...
m4/ac_check_cxx_features.m4:2: AC_CHECK_CXX_FEATURES is expanded from...
configure.ac:173: the top level
configure.ac:173: warning: The macro `AC_LANG_CPLUSPLUS' is obsolete.
configure.ac:173: You should run autoupdate.
./lib/autoconf/c.m4:262: AC_LANG_CPLUSPLUS is expanded from...
lib/m4sugar/m4sh.m4:692: _AS_IF_ELSE is expanded from...
lib/m4sugar/m4sh.m4:699: AS_IF is expanded from...
./lib/autoconf/general.m4:2249: AC_CACHE_VAL is expanded from...
./lib/autoconf/general.m4:2270: AC_CACHE_CHECK is expanded from...
m4/ac_cxx_template_scoped_argument_matching.m4:4: AC_CXX_TEMPLATE_SCOPED_ARGUMENT_MATCHING is expanded from...
m4/ac_cxx_templates_features.m4:3: AC_CXX_TEMPLATES_FEATURES is expanded from...
m4/ac_check_cxx_features.m4:2: AC_CHECK_CXX_FEATURES is expanded from...
configure.ac:173: the top level
configure.ac:173: warning: The macro `AC_TRY_COMPILE' is obsolete.
configure.ac:173: You should run autoupdate.
./lib/autoconf/general.m4:2847: AC_TRY_COMPILE is expanded from...
lib/m4sugar/m4sh.m4:692: _AS_IF_ELSE is expanded from...
lib/m4sugar/m4sh.m4:699: AS_IF is expanded from...
./lib/autoconf/general.m4:2249: AC_CACHE_VAL is expanded from...
./lib/autoconf/general.m4:2270: AC_CACHE_CHECK is expanded from...
m4/ac_cxx_template_scoped_argument_matching.m4:4: AC_CXX_TEMPLATE_SCOPED_ARGUMENT_MATCHING is expanded from...
m4/ac_cxx_templates_features.m4:3: AC_CXX_TEMPLATES_FEATURES is expanded from...
m4/ac_check_cxx_features.m4:2: AC_CHECK_CXX_FEATURES is expanded from...
configure.ac:173: the top level
configure.ac:173: warning: The macro `AC_LANG_CPLUSPLUS' is obsolete.
configure.ac:173: You should run autoupdate.
./lib/autoconf/c.m4:262: AC_LANG_CPLUSPLUS is expanded from...
lib/m4sugar/m4sh.m4:692: _AS_IF_ELSE is expanded from...
lib/m4sugar/m4sh.m4:699: AS_IF is expanded from...
./lib/autoconf/general.m4:2249: AC_CACHE_VAL is expanded from...
./lib/autoconf/general.m4:2270: AC_CACHE_CHECK is expanded from...
m4/ac_cxx_type_promotion.m4:4: AC_CXX_TYPE_PROMOTION is expanded from...
m4/ac_cxx_templates_features.m4:3: AC_CXX_TEMPLATES_FEATURES is expanded from...
m4/ac_check_cxx_features.m4:2: AC_CHECK_CXX_FEATURES is expanded from...
configure.ac:173: the top level
configure.ac:173: warning: The macro `AC_TRY_COMPILE' is obsolete.
configure.ac:173: You should run autoupdate.
./lib/autoconf/general.m4:2847: AC_TRY_COMPILE is expanded from...
lib/m4sugar/m4sh.m4:692: _AS_IF_ELSE is expanded from...
lib/m4sugar/m4sh.m4:699: AS_IF is expanded from...
./lib/autoconf/general.m4:2249: AC_CACHE_VAL is expanded from...
./lib/autoconf/general.m4:2270: AC_CACHE_CHECK is expanded from...
m4/ac_cxx_type_promotion.m4:4: AC_CXX_TYPE_PROMOTION is expanded from...
m4/ac_cxx_templates_features.m4:3: AC_CXX_TEMPLATES_FEATURES is expanded from...
m4/ac_check_cxx_features.m4:2: AC_CHECK_CXX_FEATURES is expanded from...
configure.ac:173: the top level
configure.ac:173: warning: The macro `AC_LANG_CPLUSPLUS' is obsolete.
configure.ac:173: You should run autoupdate.
./lib/autoconf/c.m4:262: AC_LANG_CPLUSPLUS is expanded from...
lib/m4sugar/m4sh.m4:692: _AS_IF_ELSE is expanded from...
lib/m4sugar/m4sh.m4:699: AS_IF is expanded from...
./lib/autoconf/general.m4:2249: AC_CACHE_VAL is expanded from...
./lib/autoconf/general.m4:2270: AC_CACHE_CHECK is expanded from...
m4/ac_cxx_use_numtrait.m4:4: AC_CXX_USE_NUMTRAIT is expanded from...
m4/ac_cxx_templates_features.m4:3: AC_CXX_TEMPLATES_FEATURES is expanded from...
m4/ac_check_cxx_features.m4:2: AC_CHECK_CXX_FEATURES is expanded from...
configure.ac:173: the top level
configure.ac:173: warning: The macro `AC_TRY_COMPILE' is obsolete.
configure.ac:173: You should run autoupdate.
./lib/autoconf/general.m4:2847: AC_TRY_COMPILE is expanded from...
lib/m4sugar/m4sh.m4:692: _AS_IF_ELSE is expanded from...
lib/m4sugar/m4sh.m4:699: AS_IF is expanded from...
./lib/autoconf/general.m4:2249: AC_CACHE_VAL is expanded from...
./lib/autoconf/general.m4:2270: AC_CACHE_CHECK is expanded from...
m4/ac_cxx_use_numtrait.m4:4: AC_CXX_USE_NUMTRAIT is expanded from...
m4/ac_cxx_templates_features.m4:3: AC_CXX_TEMPLATES_FEATURES is expanded from...
m4/ac_check_cxx_features.m4:2: AC_CHECK_CXX_FEATURES is expanded from...
configure.ac:173: the top level
configure.ac:173: warning: The macro `AC_LANG_CPLUSPLUS' is obsolete.
configure.ac:173: You should run autoupdate.
./lib/autoconf/c.m4:262: AC_LANG_CPLUSPLUS is expanded from...
lib/m4sugar/m4sh.m4:692: _AS_IF_ELSE is expanded from...
lib/m4sugar/m4sh.m4:699: AS_IF is expanded from...
./lib/autoconf/general.m4:2249: AC_CACHE_VAL is expanded from...
./lib/autoconf/general.m4:2270: AC_CACHE_CHECK is expanded from...
m4/ac_cxx_enum_computations.m4:4: AC_CXX_ENUM_COMPUTATIONS is expanded from...
m4/ac_cxx_templates_features.m4:3: AC_CXX_TEMPLATES_FEATURES is expanded from...
m4/ac_check_cxx_features.m4:2: AC_CHECK_CXX_FEATURES is expanded from...
configure.ac:173: the top level
configure.ac:173: warning: The macro `AC_TRY_COMPILE' is obsolete.
configure.ac:173: You should run autoupdate.
./lib/autoconf/general.m4:2847: AC_TRY_COMPILE is expanded from...
lib/m4sugar/m4sh.m4:692: _AS_IF_ELSE is expanded from...
lib/m4sugar/m4sh.m4:699: AS_IF is expanded from...
./lib/autoconf/general.m4:2249: AC_CACHE_VAL is expanded from...
./lib/autoconf/general.m4:2270: AC_CACHE_CHECK is expanded from...
m4/ac_cxx_enum_computations.m4:4: AC_CXX_ENUM_COMPUTATIONS is expanded from...
m4/ac_cxx_templates_features.m4:3: AC_CXX_TEMPLATES_FEATURES is expanded from...
m4/ac_check_cxx_features.m4:2: AC_CHECK_CXX_FEATURES is expanded from...
configure.ac:173: the top level
configure.ac:173: warning: The macro `AC_LANG_CPLUSPLUS' is obsolete.
configure.ac:173: You should run autoupdate.
./lib/autoconf/c.m4:262: AC_LANG_CPLUSPLUS is expanded from...
lib/m4sugar/m4sh.m4:692: _AS_IF_ELSE is expanded from...
lib/m4sugar/m4sh.m4:699: AS_IF is expanded from...
./lib/autoconf/general.m4:2249: AC_CACHE_VAL is expanded from...
./lib/autoconf/general.m4:2270: AC_CACHE_CHECK is expanded from...
m4/ac_cxx_enum_computations_with_cast.m4:4: AC_CXX_ENUM_COMPUTATIONS_WITH_CAST is expanded from...
m4/ac_cxx_templates_features.m4:3: AC_CXX_TEMPLATES_FEATURES is expanded from...
m4/ac_check_cxx_features.m4:2: AC_CHECK_CXX_FEATURES is expanded from...
configure.ac:173: the top level
configure.ac:173: warning: The macro `AC_TRY_COMPILE' is obsolete.
configure.ac:173: You should run autoupdate.
./lib/autoconf/general.m4:2847: AC_TRY_COMPILE is expanded from...
lib/m4sugar/m4sh.m4:692: _AS_IF_ELSE is expanded from...
lib/m4sugar/m4sh.m4:699: AS_IF is expanded from...
./lib/autoconf/general.m4:2249: AC_CACHE_VAL is expanded from...
./lib/autoconf/general.m4:2270: AC_CACHE_CHECK is expanded from...
m4/ac_cxx_enum_computations_with_cast.m4:4: AC_CXX_ENUM_COMPUTATIONS_WITH_CAST is expanded from...
m4/ac_cxx_templates_features.m4:3: AC_CXX_TEMPLATES_FEATURES is expanded from...
m4/ac_check_cxx_features.m4:2: AC_CHECK_CXX_FEATURES is expanded from...
configure.ac:173: the top level
configure.ac:173: warning: The macro `AC_LANG_CPLUSPLUS' is obsolete.
configure.ac:173: You should run autoupdate.
./lib/autoconf/c.m4:262: AC_LANG_CPLUSPLUS is expanded from...
lib/m4sugar/m4sh.m4:692: _AS_IF_ELSE is expanded from...
lib/m4sugar/m4sh.m4:699: AS_IF is expanded from...
./lib/autoconf/general.m4:2249: AC_CACHE_VAL is expanded from...
./lib/autoconf/general.m4:2270: AC_CACHE_CHECK is expanded from...
m4/ac_cxx_have_complex.m4:4: AC_CXX_HAVE_COMPLEX is expanded from...
m4/ac_cxx_standard_library.m4:3: AC_CXX_STANDARD_LIBRARY is expanded from...
m4/ac_check_cxx_features.m4:2: AC_CHECK_CXX_FEATURES is expanded from...
configure.ac:173: the top level
configure.ac:173: warning: The macro `AC_TRY_COMPILE' is obsolete.
configure.ac:173: You should run autoupdate.
./lib/autoconf/general.m4:2847: AC_TRY_COMPILE is expanded from...
lib/m4sugar/m4sh.m4:692: _AS_IF_ELSE is expanded from...
lib/m4sugar/m4sh.m4:699: AS_IF is expanded from...
./lib/autoconf/general.m4:2249: AC_CACHE_VAL is expanded from...
./lib/autoconf/general.m4:2270: AC_CACHE_CHECK is expanded from...
m4/ac_cxx_have_complex.m4:4: AC_CXX_HAVE_COMPLEX is expanded from...
m4/ac_cxx_standard_library.m4:3: AC_CXX_STANDARD_LIBRARY is expanded from...
m4/ac_check_cxx_features.m4:2: AC_CHECK_CXX_FEATURES is expanded from...
configure.ac:173: the top level
configure.ac:173: warning: The macro `AC_LANG_CPLUSPLUS' is obsolete.
configure.ac:173: You should run autoupdate.
./lib/autoconf/c.m4:262: AC_LANG_CPLUSPLUS is expanded from...
lib/m4sugar/m4sh.m4:692: _AS_IF_ELSE is expanded from...
lib/m4sugar/m4sh.m4:699: AS_IF is expanded from...
./lib/autoconf/general.m4:2249: AC_CACHE_VAL is expanded from...
./lib/autoconf/general.m4:2270: AC_CACHE_CHECK is expanded from...
m4/ac_cxx_have_complex_fcns.m4:4: AC_CXX_HAVE_COMPLEX_FCNS is expanded from...
m4/ac_cxx_standard_library.m4:3: AC_CXX_STANDARD_LIBRARY is expanded from...
m4/ac_check_cxx_features.m4:2: AC_CHECK_CXX_FEATURES is expanded from...
configure.ac:173: the top level
configure.ac:173: warning: The macro `AC_TRY_COMPILE' is obsolete.
configure.ac:173: You should run autoupdate.
./lib/autoconf/general.m4:2847: AC_TRY_COMPILE is expanded from...
lib/m4sugar/m4sh.m4:692: _AS_IF_ELSE is expanded from...
lib/m4sugar/m4sh.m4:699: AS_IF is expanded from...
./lib/autoconf/general.m4:2249: AC_CACHE_VAL is expanded from...
./lib/autoconf/general.m4:2270: AC_CACHE_CHECK is expanded from...
m4/ac_cxx_have_complex_fcns.m4:4: AC_CXX_HAVE_COMPLEX_FCNS is expanded from...
m4/ac_cxx_standard_library.m4:3: AC_CXX_STANDARD_LIBRARY is expanded from...
m4/ac_check_cxx_features.m4:2: AC_CHECK_CXX_FEATURES is expanded from...
configure.ac:173: the top level
configure.ac:173: warning: The macro `AC_LANG_CPLUSPLUS' is obsolete.
configure.ac:173: You should run autoupdate.
./lib/autoconf/c.m4:262: AC_LANG_CPLUSPLUS is expanded from...
m4/ac_cxx_have_cstring.m4:1: AC_CXX_HAVE_CSTRING is expanded from...
m4/ac_cxx_standard_library.m4:3: AC_CXX_STANDARD_LIBRARY is expanded from...
m4/ac_check_cxx_features.m4:2: AC_CHECK_CXX_FEATURES is expanded from...
configure.ac:173: the top level
configure.ac:173: warning: The macro `AC_LANG_CPLUSPLUS' is obsolete.
configure.ac:173: You should run autoupdate.
./lib/autoconf/c.m4:262: AC_LANG_CPLUSPLUS is expanded from...
lib/m4sugar/m4sh.m4:692: _AS_IF_ELSE is expanded from...
lib/m4sugar/m4sh.m4:699: AS_IF is expanded from...
./lib/autoconf/general.m4:2249: AC_CACHE_VAL is expanded from...
./lib/autoconf/general.m4:2270: AC_CACHE_CHECK is expanded from...
m4/ac_cxx_have_numeric_limits.m4:4: AC_CXX_HAVE_NUMERIC_LIMITS is expanded from...
m4/ac_cxx_standard_library.m4:3: AC_CXX_STANDARD_LIBRARY is expanded from...
m4/ac_check_cxx_features.m4:2: AC_CHECK_CXX_FEATURES is expanded from...
configure.ac:173: the top level
configure.ac:173: warning: The macro `AC_TRY_COMPILE' is obsolete.
configure.ac:173: You should run autoupdate.
./lib/autoconf/general.m4:2847: AC_TRY_COMPILE is expanded from...
lib/m4sugar/m4sh.m4:692: _AS_IF_ELSE is expanded from...
lib/m4sugar/m4sh.m4:699: AS_IF is expanded from...
./lib/autoconf/general.m4:2249: AC_CACHE_VAL is expanded from...
./lib/autoconf/general.m4:2270: AC_CACHE_CHECK is expanded from...
m4/ac_cxx_have_numeric_limits.m4:4: AC_CXX_HAVE_NUMERIC_LIMITS is expanded from...
m4/ac_cxx_standard_library.m4:3: AC_CXX_STANDARD_LIBRARY is expanded from...
m4/ac_check_cxx_features.m4:2: AC_CHECK_CXX_FEATURES is expanded from...
configure.ac:173: the top level
configure.ac:173: warning: The macro `AC_LANG_CPLUSPLUS' is obsolete.
configure.ac:173: You should run autoupdate.
./lib/autoconf/c.m4:262: AC_LANG_CPLUSPLUS is expanded from...
lib/m4sugar/m4sh.m4:692: _AS_IF_ELSE is expanded from...
lib/m4sugar/m4sh.m4:699: AS_IF is expanded from...
./lib/autoconf/general.m4:2249: AC_CACHE_VAL is expanded from...
./lib/autoconf/general.m4:2270: AC_CACHE_CHECK is expanded from...
m4/ac_cxx_have_climits.m4:3: AC_CXX_HAVE_CLIMITS is expanded from...
m4/ac_cxx_standard_library.m4:3: AC_CXX_STANDARD_LIBRARY is expanded from...
m4/ac_check_cxx_features.m4:2: AC_CHECK_CXX_FEATURES is expanded from...
configure.ac:173: the top level
configure.ac:173: warning: The macro `AC_TRY_COMPILE' is obsolete.
configure.ac:173: You should run autoupdate.
./lib/autoconf/general.m4:2847: AC_TRY_COMPILE is expanded from...
lib/m4sugar/m4sh.m4:692: _AS_IF_ELSE is expanded from...
lib/m4sugar/m4sh.m4:699: AS_IF is expanded from...
./lib/autoconf/general.m4:2249: AC_CACHE_VAL is expanded from...
./lib/autoconf/general.m4:2270: AC_CACHE_CHECK is expanded from...
m4/ac_cxx_have_climits.m4:3: AC_CXX_HAVE_CLIMITS is expanded from...
m4/ac_cxx_standard_library.m4:3: AC_CXX_STANDARD_LIBRARY is expanded from...
m4/ac_check_cxx_features.m4:2: AC_CHECK_CXX_FEATURES is expanded from...
configure.ac:173: the top level
configure.ac:173: warning: The macro `AC_LANG_CPLUSPLUS' is obsolete.
configure.ac:173: You should run autoupdate.
./lib/autoconf/c.m4:262: AC_LANG_CPLUSPLUS is expanded from...
lib/m4sugar/m4sh.m4:692: _AS_IF_ELSE is expanded from...
lib/m4sugar/m4sh.m4:699: AS_IF is expanded from...
./lib/autoconf/general.m4:2249: AC_CACHE_VAL is expanded from...
./lib/autoconf/general.m4:2270: AC_CACHE_CHECK is expanded from...
m4/ac_cxx_have_valarray.m4:4: AC_CXX_HAVE_VALARRAY is expanded from...
m4/ac_cxx_standard_library.m4:3: AC_CXX_STANDARD_LIBRARY is expanded from...
m4/ac_check_cxx_features.m4:2: AC_CHECK_CXX_FEATURES is expanded from...
configure.ac:173: the top level
configure.ac:173: warning: The macro `AC_TRY_COMPILE' is obsolete.
configure.ac:173: You should run autoupdate.
./lib/autoconf/general.m4:2847: AC_TRY_COMPILE is expanded from...
lib/m4sugar/m4sh.m4:692: _AS_IF_ELSE is expanded from...
lib/m4sugar/m4sh.m4:699: AS_IF is expanded from...
./lib/autoconf/general.m4:2249: AC_CACHE_VAL is expanded from...
./lib/autoconf/general.m4:2270: AC_CACHE_CHECK is expanded from...
m4/ac_cxx_have_valarray.m4:4: AC_CXX_HAVE_VALARRAY is expanded from...
m4/ac_cxx_standard_library.m4:3: AC_CXX_STANDARD_LIBRARY is expanded from...
m4/ac_check_cxx_features.m4:2: AC_CHECK_CXX_FEATURES is expanded from...
configure.ac:173: the top level
configure.ac:173: warning: The macro `AC_LANG_CPLUSPLUS' is obsolete.
configure.ac:173: You should run autoupdate.
./lib/autoconf/c.m4:262: AC_LANG_CPLUSPLUS is expanded from...
lib/m4sugar/m4sh.m4:692: _AS_IF_ELSE is expanded from...
lib/m4sugar/m4sh.m4:699: AS_IF is expanded from...
./lib/autoconf/general.m4:2249: AC_CACHE_VAL is expanded from...
./lib/autoconf/general.m4:2270: AC_CACHE_CHECK is expanded from...
m4/ac_cxx_have_complex_math1.m4:4: AC_CXX_HAVE_COMPLEX_MATH1 is expanded from...
m4/ac_cxx_standard_library.m4:3: AC_CXX_STANDARD_LIBRARY is expanded from...
m4/ac_check_cxx_features.m4:2: AC_CHECK_CXX_FEATURES is expanded from...
configure.ac:173: the top level
configure.ac:173: warning: The macro `AC_TRY_LINK' is obsolete.
configure.ac:173: You should run autoupdate.
./lib/autoconf/general.m4:2920: AC_TRY_LINK is expanded from...
lib/m4sugar/m4sh.m4:692: _AS_IF_ELSE is expanded from...
lib/m4sugar/m4sh.m4:699: AS_IF is expanded from...
./lib/autoconf/general.m4:2249: AC_CACHE_VAL is expanded from...
./lib/autoconf/general.m4:2270: AC_CACHE_CHECK is expanded from...
m4/ac_cxx_have_complex_math1.m4:4: AC_CXX_HAVE_COMPLEX_MATH1 is expanded from...
m4/ac_cxx_standard_library.m4:3: AC_CXX_STANDARD_LIBRARY is expanded from...
m4/ac_check_cxx_features.m4:2: AC_CHECK_CXX_FEATURES is expanded from...
configure.ac:173: the top level
configure.ac:173: warning: The macro `AC_LANG_CPLUSPLUS' is obsolete.
configure.ac:173: You should run autoupdate.
./lib/autoconf/c.m4:262: AC_LANG_CPLUSPLUS is expanded from...
lib/m4sugar/m4sh.m4:692: _AS_IF_ELSE is expanded from...
lib/m4sugar/m4sh.m4:699: AS_IF is expanded from...
./lib/autoconf/general.m4:2249: AC_CACHE_VAL is expanded from...
./lib/autoconf/general.m4:2270: AC_CACHE_CHECK is expanded from...
m4/ac_cxx_have_complex_math2.m4:4: AC_CXX_HAVE_COMPLEX_MATH2 is expanded from...
m4/ac_cxx_standard_library.m4:3: AC_CXX_STANDARD_LIBRARY is expanded from...
m4/ac_check_cxx_features.m4:2: AC_CHECK_CXX_FEATURES is expanded from...
configure.ac:173: the top level
configure.ac:173: warning: The macro `AC_TRY_LINK' is obsolete.
configure.ac:173: You should run autoupdate.
./lib/autoconf/general.m4:2920: AC_TRY_LINK is expanded from...
lib/m4sugar/m4sh.m4:692: _AS_IF_ELSE is expanded from...
lib/m4sugar/m4sh.m4:699: AS_IF is expanded from...
./lib/autoconf/general.m4:2249: AC_CACHE_VAL is expanded from...
./lib/autoconf/general.m4:2270: AC_CACHE_CHECK is expanded from...
m4/ac_cxx_have_complex_math2.m4:4: AC_CXX_HAVE_COMPLEX_MATH2 is expanded from...
m4/ac_cxx_standard_library.m4:3: AC_CXX_STANDARD_LIBRARY is expanded from...
m4/ac_check_cxx_features.m4:2: AC_CHECK_CXX_FEATURES is expanded from...
configure.ac:173: the top level
configure.ac:173: warning: The macro `AC_LANG_CPLUSPLUS' is obsolete.
configure.ac:173: You should run autoupdate.
./lib/autoconf/c.m4:262: AC_LANG_CPLUSPLUS is expanded from...
lib/m4sugar/m4sh.m4:692: _AS_IF_ELSE is expanded from...
lib/m4sugar/m4sh.m4:699: AS_IF is expanded from...
./lib/autoconf/general.m4:2249: AC_CACHE_VAL is expanded from...
./lib/autoconf/general.m4:2270: AC_CACHE_CHECK is expanded from...
m4/ac_cxx_have_ieee_math.m4:4: AC_CXX_HAVE_IEEE_MATH is expanded from...
m4/ac_cxx_standard_library.m4:3: AC_CXX_STANDARD_LIBRARY is expanded from...
m4/ac_check_cxx_features.m4:2: AC_CHECK_CXX_FEATURES is expanded from...
configure.ac:173: the top level
configure.ac:173: warning: The macro `AC_TRY_LINK' is obsolete.
configure.ac:173: You should run autoupdate.
./lib/autoconf/general.m4:2920: AC_TRY_LINK is expanded from...
lib/m4sugar/m4sh.m4:692: _AS_IF_ELSE is expanded from...
lib/m4sugar/m4sh.m4:699: AS_IF is expanded from...
./lib/autoconf/general.m4:2249: AC_CACHE_VAL is expanded from...
./lib/autoconf/general.m4:2270: AC_CACHE_CHECK is expanded from...
m4/ac_cxx_have_ieee_math.m4:4: AC_CXX_HAVE_IEEE_MATH is expanded from...
m4/ac_cxx_standard_library.m4:3: AC_CXX_STANDARD_LIBRARY is expanded from...
m4/ac_check_cxx_features.m4:2: AC_CHECK_CXX_FEATURES is expanded from...
configure.ac:173: the top level
configure.ac:173: warning: The macro `AC_LANG_CPLUSPLUS' is obsolete.
configure.ac:173: You should run autoupdate.
./lib/autoconf/c.m4:262: AC_LANG_CPLUSPLUS is expanded from...
lib/m4sugar/m4sh.m4:692: _AS_IF_ELSE is expanded from...
lib/m4sugar/m4sh.m4:699: AS_IF is expanded from...
./lib/autoconf/general.m4:2249: AC_CACHE_VAL is expanded from...
./lib/autoconf/general.m4:2270: AC_CACHE_CHECK is expanded from...
m4/ac_cxx_have_system_v_math.m4:4: AC_CXX_HAVE_SYSTEM_V_MATH is expanded from...
m4/ac_cxx_standard_library.m4:3: AC_CXX_STANDARD_LIBRARY is expanded from...
m4/ac_check_cxx_features.m4:2: AC_CHECK_CXX_FEATURES is expanded from...
configure.ac:173: the top level
configure.ac:173: warning: The macro `AC_TRY_LINK' is obsolete.
configure.ac:173: You should run autoupdate.
./lib/autoconf/general.m4:2920: AC_TRY_LINK is expanded from...
lib/m4sugar/m4sh.m4:692: _AS_IF_ELSE is expanded from...
lib/m4sugar/m4sh.m4:699: AS_IF is expanded from...
./lib/autoconf/general.m4:2249: AC_CACHE_VAL is expanded from...
./lib/autoconf/general.m4:2270: AC_CACHE_CHECK is expanded from...
m4/ac_cxx_have_system_v_math.m4:4: AC_CXX_HAVE_SYSTEM_V_MATH is expanded from...
m4/ac_cxx_standard_library.m4:3: AC_CXX_STANDARD_LIBRARY is expanded from...
m4/ac_check_cxx_features.m4:2: AC_CHECK_CXX_FEATURES is expanded from...
configure.ac:173: the top level
configure.ac:173: warning: The macro `AC_LANG_CPLUSPLUS' is obsolete.
configure.ac:173: You should run autoupdate.
./lib/autoconf/c.m4:262: AC_LANG_CPLUSPLUS is expanded from...
lib/m4sugar/m4sh.m4:692: _AS_IF_ELSE is expanded from...
lib/m4sugar/m4sh.m4:699: AS_IF is expanded from...
./lib/autoconf/general.m4:2249: AC_CACHE_VAL is expanded from...
./lib/autoconf/general.m4:2270: AC_CACHE_CHECK is expanded from...
m4/ac_cxx_math_fn_in_namespace_std.m4:1: AC_CXX_MATH_FN_IN_NAMESPACE_STD is expanded from...
m4/ac_cxx_standard_library.m4:3: AC_CXX_STANDARD_LIBRARY is expanded from...
m4/ac_check_cxx_features.m4:2: AC_CHECK_CXX_FEATURES is expanded from...
configure.ac:173: the top level
configure.ac:173: warning: The macro `AC_TRY_COMPILE' is obsolete.
configure.ac:173: You should run autoupdate.
./lib/autoconf/general.m4:2847: AC_TRY_COMPILE is expanded from...
lib/m4sugar/m4sh.m4:692: _AS_IF_ELSE is expanded from...
lib/m4sugar/m4sh.m4:699: AS_IF is expanded from...
./lib/autoconf/general.m4:2249: AC_CACHE_VAL is expanded from...
./lib/autoconf/general.m4:2270: AC_CACHE_CHECK is expanded from...
m4/ac_cxx_math_fn_in_namespace_std.m4:1: AC_CXX_MATH_FN_IN_NAMESPACE_STD is expanded from...
m4/ac_cxx_standard_library.m4:3: AC_CXX_STANDARD_LIBRARY is expanded from...
m4/ac_check_cxx_features.m4:2: AC_CHECK_CXX_FEATURES is expanded from...
configure.ac:173: the top level
configure.ac:173: warning: The macro `AC_LANG_CPLUSPLUS' is obsolete.
configure.ac:173: You should run autoupdate.
./lib/autoconf/c.m4:262: AC_LANG_CPLUSPLUS is expanded from...
lib/m4sugar/m4sh.m4:692: _AS_IF_ELSE is expanded from...
lib/m4sugar/m4sh.m4:699: AS_IF is expanded from...
./lib/autoconf/general.m4:2249: AC_CACHE_VAL is expanded from...
./lib/autoconf/general.m4:2270: AC_CACHE_CHECK is expanded from...
m4/ac_cxx_math_absint_in_namespace_std.m4:1: AC_CXX_MATH_ABSINT_IN_NAMESPACE_STD is expanded from...
m4/ac_cxx_standard_library.m4:3: AC_CXX_STANDARD_LIBRARY is expanded from...
m4/ac_check_cxx_features.m4:2: AC_CHECK_CXX_FEATURES is expanded from...
configure.ac:173: the top level
configure.ac:173: warning: The macro `AC_TRY_COMPILE' is obsolete.
configure.ac:173: You should run autoupdate.
./lib/autoconf/general.m4:2847: AC_TRY_COMPILE is expanded from...
lib/m4sugar/m4sh.m4:692: _AS_IF_ELSE is expanded from...
lib/m4sugar/m4sh.m4:699: AS_IF is expanded from...
./lib/autoconf/general.m4:2249: AC_CACHE_VAL is expanded from...
./lib/autoconf/general.m4:2270: AC_CACHE_CHECK is expanded from...
m4/ac_cxx_math_absint_in_namespace_std.m4:1: AC_CXX_MATH_ABSINT_IN_NAMESPACE_STD is expanded from...
m4/ac_cxx_standard_library.m4:3: AC_CXX_STANDARD_LIBRARY is expanded from...
m4/ac_check_cxx_features.m4:2: AC_CHECK_CXX_FEATURES is expanded from...
configure.ac:173: the top level
configure.ac:173: warning: The macro `AC_LANG_CPLUSPLUS' is obsolete.
configure.ac:173: You should run autoupdate.
./lib/autoconf/c.m4:262: AC_LANG_CPLUSPLUS is expanded from...
lib/m4sugar/m4sh.m4:692: _AS_IF_ELSE is expanded from...
lib/m4sugar/m4sh.m4:699: AS_IF is expanded from...
./lib/autoconf/general.m4:2249: AC_CACHE_VAL is expanded from...
./lib/autoconf/general.m4:2270: AC_CACHE_CHECK is expanded from...
m4/ac_cxx_complex_math_in_namespace_std.m4:4: AC_CXX_COMPLEX_MATH_IN_NAMESPACE_STD is expanded from...
m4/ac_cxx_standard_library.m4:3: AC_CXX_STANDARD_LIBRARY is expanded from...
m4/ac_check_cxx_features.m4:2: AC_CHECK_CXX_FEATURES is expanded from...
configure.ac:173: the top level
configure.ac:173: warning: The macro `AC_TRY_COMPILE' is obsolete.
configure.ac:173: You should run autoupdate.
./lib/autoconf/general.m4:2847: AC_TRY_COMPILE is expanded from...
lib/m4sugar/m4sh.m4:692: _AS_IF_ELSE is expanded from...
lib/m4sugar/m4sh.m4:699: AS_IF is expanded from...
./lib/autoconf/general.m4:2249: AC_CACHE_VAL is expanded from...
./lib/autoconf/general.m4:2270: AC_CACHE_CHECK is expanded from...
m4/ac_cxx_complex_math_in_namespace_std.m4:4: AC_CXX_COMPLEX_MATH_IN_NAMESPACE_STD is expanded from...
m4/ac_cxx_standard_library.m4:3: AC_CXX_STANDARD_LIBRARY is expanded from...
m4/ac_check_cxx_features.m4:2: AC_CHECK_CXX_FEATURES is expanded from...
configure.ac:173: the top level
configure.ac:173: warning: The macro `AC_LANG_CPLUSPLUS' is obsolete.
configure.ac:173: You should run autoupdate.
./lib/autoconf/c.m4:262: AC_LANG_CPLUSPLUS is expanded from...
lib/m4sugar/m4sh.m4:692: _AS_IF_ELSE is expanded from...
lib/m4sugar/m4sh.m4:699: AS_IF is expanded from...
./lib/autoconf/general.m4:2249: AC_CACHE_VAL is expanded from...
./lib/autoconf/general.m4:2270: AC_CACHE_CHECK is expanded from...
m4/ac_cxx_isnan_in_namespace_std.m4:1: AC_CXX_ISNAN_IN_NAMESPACE_STD is expanded from...
m4/ac_cxx_standard_library.m4:3: AC_CXX_STANDARD_LIBRARY is expanded from...
m4/ac_check_cxx_features.m4:2: AC_CHECK_CXX_FEATURES is expanded from...
configure.ac:173: the top level
configure.ac:173: warning: The macro `AC_TRY_COMPILE' is obsolete.
configure.ac:173: You should run autoupdate.
./lib/autoconf/general.m4:2847: AC_TRY_COMPILE is expanded from...
lib/m4sugar/m4sh.m4:692: _AS_IF_ELSE is expanded from...
lib/m4sugar/m4sh.m4:699: AS_IF is expanded from...
./lib/autoconf/general.m4:2249: AC_CACHE_VAL is expanded from...
./lib/autoconf/general.m4:2270: AC_CACHE_CHECK is expanded from...
m4/ac_cxx_isnan_in_namespace_std.m4:1: AC_CXX_ISNAN_IN_NAMESPACE_STD is expanded from...
m4/ac_cxx_standard_library.m4:3: AC_CXX_STANDARD_LIBRARY is expanded from...
m4/ac_check_cxx_features.m4:2: AC_CHECK_CXX_FEATURES is expanded from...
configure.ac:173: the top level
configure.ac:173: warning: The macro `AC_LANG_CPLUSPLUS' is obsolete.
configure.ac:173: You should run autoupdate.
./lib/autoconf/c.m4:262: AC_LANG_CPLUSPLUS is expanded from...
lib/m4sugar/m4sh.m4:692: _AS_IF_ELSE is expanded from...
lib/m4sugar/m4sh.m4:699: AS_IF is expanded from...
./lib/autoconf/general.m4:2249: AC_CACHE_VAL is expanded from...
./lib/autoconf/general.m4:2270: AC_CACHE_CHECK is expanded from...
m4/ac_cxx_have_std.m4:4: AC_CXX_HAVE_STD is expanded from...
m4/ac_cxx_standard_library.m4:3: AC_CXX_STANDARD_LIBRARY is expanded from...
m4/ac_check_cxx_features.m4:2: AC_CHECK_CXX_FEATURES is expanded from...
configure.ac:173: the top level
configure.ac:173: warning: The macro `AC_TRY_COMPILE' is obsolete.
configure.ac:173: You should run autoupdate.
./lib/autoconf/general.m4:2847: AC_TRY_COMPILE is expanded from...
lib/m4sugar/m4sh.m4:692: _AS_IF_ELSE is expanded from...
lib/m4sugar/m4sh.m4:699: AS_IF is expanded from...
./lib/autoconf/general.m4:2249: AC_CACHE_VAL is expanded from...
./lib/autoconf/general.m4:2270: AC_CACHE_CHECK is expanded from...
m4/ac_cxx_have_std.m4:4: AC_CXX_HAVE_STD is expanded from...
m4/ac_cxx_standard_library.m4:3: AC_CXX_STANDARD_LIBRARY is expanded from...
m4/ac_check_cxx_features.m4:2: AC_CHECK_CXX_FEATURES is expanded from...
configure.ac:173: the top level
configure.ac:173: warning: The macro `AC_LANG_CPLUSPLUS' is obsolete.
configure.ac:173: You should run autoupdate.
./lib/autoconf/c.m4:262: AC_LANG_CPLUSPLUS is expanded from...
lib/m4sugar/m4sh.m4:692: _AS_IF_ELSE is expanded from...
lib/m4sugar/m4sh.m4:699: AS_IF is expanded from...
./lib/autoconf/general.m4:2249: AC_CACHE_VAL is expanded from...
./lib/autoconf/general.m4:2270: AC_CACHE_CHECK is expanded from...
m4/ac_cxx_have_stl.m4:4: AC_CXX_HAVE_STL is expanded from...
m4/ac_cxx_standard_library.m4:3: AC_CXX_STANDARD_LIBRARY is expanded from...
m4/ac_check_cxx_features.m4:2: AC_CHECK_CXX_FEATURES is expanded from...
configure.ac:173: the top level
configure.ac:173: warning: The macro `AC_TRY_COMPILE' is obsolete.
configure.ac:173: You should run autoupdate.
./lib/autoconf/general.m4:2847: AC_TRY_COMPILE is expanded from...
lib/m4sugar/m4sh.m4:692: _AS_IF_ELSE is expanded from...
lib/m4sugar/m4sh.m4:699: AS_IF is expanded from...
./lib/autoconf/general.m4:2249: AC_CACHE_VAL is expanded from...
./lib/autoconf/general.m4:2270: AC_CACHE_CHECK is expanded from...
m4/ac_cxx_have_stl.m4:4: AC_CXX_HAVE_STL is expanded from...
m4/ac_cxx_standard_library.m4:3: AC_CXX_STANDARD_LIBRARY is expanded from...
m4/ac_check_cxx_features.m4:2: AC_CHECK_CXX_FEATURES is expanded from...
configure.ac:173: the top level
configure.ac:173: warning: The macro `AC_LANG_CPLUSPLUS' is obsolete.
configure.ac:173: You should run autoupdate.
./lib/autoconf/c.m4:262: AC_LANG_CPLUSPLUS is expanded from...
lib/m4sugar/m4sh.m4:692: _AS_IF_ELSE is expanded from...
lib/m4sugar/m4sh.m4:699: AS_IF is expanded from...
./lib/autoconf/general.m4:2249: AC_CACHE_VAL is expanded from...
./lib/autoconf/general.m4:2270: AC_CACHE_CHECK is expanded from...
m4/ac_cxx_have_rusage.m4:4: AC_CXX_HAVE_RUSAGE is expanded from...
m4/ac_cxx_standard_library.m4:3: AC_CXX_STANDARD_LIBRARY is expanded from...
m4/ac_check_cxx_features.m4:2: AC_CHECK_CXX_FEATURES is expanded from...
configure.ac:173: the top level
configure.ac:173: warning: The macro `AC_TRY_COMPILE' is obsolete.
configure.ac:173: You should run autoupdate.
./lib/autoconf/general.m4:2847: AC_TRY_COMPILE is expanded from...
lib/m4sugar/m4sh.m4:692: _AS_IF_ELSE is expanded from...
lib/m4sugar/m4sh.m4:699: AS_IF is expanded from...
./lib/autoconf/general.m4:2249: AC_CACHE_VAL is expanded from...
./lib/autoconf/general.m4:2270: AC_CACHE_CHECK is expanded from...
m4/ac_cxx_have_rusage.m4:4: AC_CXX_HAVE_RUSAGE is expanded from...
m4/ac_cxx_standard_library.m4:3: AC_CXX_STANDARD_LIBRARY is expanded from...
m4/ac_check_cxx_features.m4:2: AC_CHECK_CXX_FEATURES is expanded from...
configure.ac:173: the top level
configure.ac:86: installing 'config/compile'
configure.ac:12: installing 'config/config.guess'
configure.ac:12: installing 'config/config.sub'
configure.ac:14: installing 'config/install-sh'
configure.ac:14: installing 'config/missing'
benchmarks/Makefile.am: installing 'config/depcomp'
doc/Makefile.am:57: installing 'config/mdate-sh'
doc/Makefile.am:57: installing 'config/texinfo.tex'
parallel-tests: installing 'config/test-driver'
lib/Makefile.am:10: warning: source file '$(top_srcdir)/src/globals.cpp' is in a subdirectory,
lib/Makefile.am:10: but option 'subdir-objects' is disabled
automake: warning: possible forward-incompatibility.
automake: At least one source file is in a subdirectory, but the 'subdir-objects'
automake: automake option hasn't been enabled.  For now, the corresponding output
automake: object file(s) will be placed in the top-level directory.  However, this
automake: behavior may change in a future Automake major version, with object
automake: files being placed in the same subdirectory as the corresponding sources.
automake: You are advised to start using 'subdir-objects' option throughout your
automake: project, to avoid future incompatibilities.
testsuite/Makefile.am:43: warning: variable 'alignment_SOURCES' is defined but no program or
testsuite/Makefile.am:43: library has 'alignment' as canonical name (possible typo)
testsuite/Makefile.am:70: warning: variable 'levicivita_SOURCES' is defined but no program or
testsuite/Makefile.am:70: library has 'levicivita' as canonical name (possible typo)
testsuite/Makefile.am:104: warning: variable 'stencil_et_SOURCES' is defined but no program or
testsuite/Makefile.am:104: library has 'stencil_et' as canonical name (possible typo)
   debian/rules override_dh_auto_configure
make[1]: Entering directory '/<<PKGBUILDDIR>>'
dh_auto_configure -- \
	--enable-maintainer-mode \
	--enable-static \
	--enable-shared \
	--enable-debug \
	--enable-64bit \
	--disable-doxygen
	cd _build && ../configure --build=x86_64-linux-gnu --prefix=/usr --includedir=\${prefix}/include --mandir=\${prefix}/share/man --infodir=\${prefix}/share/info --sysconfdir=/etc --localstatedir=/var --disable-option-checking --disable-silent-rules --libdir=\${prefix}/lib/x86_64-linux-gnu --runstatedir=/run --disable-maintainer-mode --disable-dependency-tracking --enable-maintainer-mode --enable-static --enable-shared --enable-debug --enable-64bit --disable-doxygen
checking build system type... x86_64-pc-linux-gnu
checking host system type... x86_64-pc-linux-gnu
checking target system type... x86_64-pc-linux-gnu
checking for a BSD-compatible install... /usr/bin/install -c
checking whether build environment is sane... yes
checking for a race-free mkdir -p... /bin/mkdir -p
checking for gawk... no
checking for mawk... mawk
checking whether make sets $(MAKE)... yes
checking whether make supports nested variables... yes
checking whether to enable maintainer-specific portions of Makefiles... yes
configure:

Configuring blitz 1.0.2 for x86_64-pc-linux-gnu


checking for xlc++... no
checking for xlC... no
checking for icpc... no
checking for pathCC... no
checking for pgCC... no
checking for cxx... no
checking for aCC... no
checking for c++... c++
checking whether the C++ compiler works... yes
checking for C++ compiler default output file name... a.out
checking for suffix of executables... 
checking whether we are cross compiling... no
checking for suffix of object files... o
checking whether the compiler supports GNU C++... yes
checking whether c++ accepts -g... yes
checking for c++ option to enable C++11 features... none needed
checking whether make supports the include directive... yes (GNU style)
checking dependency style of c++... none
checking whether using c++ preset flags... ../configure: line 4967: test: -lt: unary operator expected
yes
configure: Setting compiler flags for GNU c++ (wahoo!)
checking whether to enable Fortran compilation for benchmark codes... yes
checking whether the compiler supports GNU Fortran 77... yes
checking whether gfortran accepts -g... yes
checking for xlf90... no
checking for ifort... no
checking for pathf90... no
checking for pgf90... no
checking for ftn... no
checking for frt... no
checking for f90... no
checking for gfortran... gfortran
checking whether the compiler supports GNU Fortran... yes
checking whether gfortran accepts -g... yes
checking whether using Fortran preset flags... yes
checking how to get verbose linking output from gfortran... -v
checking for Fortran 77 libraries of gfortran...  -L/usr/lib/gcc/x86_64-linux-gnu/11 -L/usr/lib/gcc/x86_64-linux-gnu/11/../../../x86_64-linux-gnu -L/usr/lib/gcc/x86_64-linux-gnu/11/../../../../lib -L/lib/x86_64-linux-gnu -L/lib/../lib -L/usr/lib/x86_64-linux-gnu -L/usr/lib/../lib -L/usr/lib/gcc/x86_64-linux-gnu/11/../../.. -lgfortran -lm -lquadmath
checking how to get verbose linking output from gfortran... -v
checking for Fortran libraries of gfortran...  -L/usr/lib/gcc/x86_64-linux-gnu/11 -L/usr/lib/gcc/x86_64-linux-gnu/11/../../../x86_64-linux-gnu -L/usr/lib/gcc/x86_64-linux-gnu/11/../../../../lib -L/lib/x86_64-linux-gnu -L/lib/../lib -L/usr/lib/x86_64-linux-gnu -L/usr/lib/../lib -L/usr/lib/gcc/x86_64-linux-gnu/11/../../.. -lgfortran -lm -lquadmath
checking for Fortran flag needed to accept free-form source... -ffree-form
checking for Fortran flag to compile .f90 files... none
checking compiler specific header... gnu/bzconfig.h
checking for makeinfo... ${SHELL} '/<<PKGBUILDDIR>>/config/missing' makeinfo
../configure: line 6844: 1: command not found
checking whether to enable C++/Fortran 64-bit compilation flags... yes
checking how to print strings... printf
checking for gcc... gcc
checking whether the compiler supports GNU C... yes
checking whether gcc accepts -g... yes
checking for gcc option to enable C11 features... none needed
checking whether gcc understands -c and -o together... yes
checking dependency style of gcc... none
checking for a sed that does not truncate output... /bin/sed
checking for grep that handles long lines and -e... /bin/grep
checking for egrep... /bin/grep -E
checking for fgrep... /bin/grep -F
checking for ld used by gcc... /usr/bin/ld
checking if the linker (/usr/bin/ld) is GNU ld... yes
checking for BSD- or MS-compatible name lister (nm)... /usr/bin/nm -B
checking the name lister (/usr/bin/nm -B) interface... BSD nm
checking whether ln -s works... yes
checking the maximum length of command line arguments... 1572864
checking how to convert x86_64-pc-linux-gnu file names to x86_64-pc-linux-gnu format... func_convert_file_noop
checking how to convert x86_64-pc-linux-gnu file names to toolchain format... func_convert_file_noop
checking for /usr/bin/ld option to reload object files... -r
checking for objdump... objdump
checking how to recognize dependent libraries... pass_all
checking for dlltool... no
checking how to associate runtime and link libraries... printf %s\n
checking for ar... ar
checking for archiver @FILE support... @
checking for strip... strip
checking for ranlib... ranlib
checking command to parse /usr/bin/nm -B output from gcc object... ok
checking for sysroot... no
checking for a working dd... /bin/dd
checking how to truncate binary pipes... /bin/dd bs=4096 count=1
checking for mt... no
checking if : is a manifest tool... no
checking for stdio.h... yes
checking for stdlib.h... yes
checking for string.h... yes
checking for inttypes.h... yes
checking for stdint.h... yes
checking for strings.h... yes
checking for sys/stat.h... yes
checking for sys/types.h... yes
checking for unistd.h... yes
checking for dlfcn.h... yes
checking for objdir... .libs
checking if gcc supports -fno-rtti -fno-exceptions... yes
checking for gcc option to produce PIC... -fPIC -DPIC
checking if gcc PIC flag -fPIC -DPIC works... yes
checking if gcc static flag -static works... yes
checking if gcc supports -c -o file.o... yes
checking if gcc supports -c -o file.o... (cached) yes
checking whether the gcc linker (/usr/bin/ld -m elf_x86_64) supports shared libraries... yes
checking whether -lc should be explicitly linked in... no
checking dynamic linker characteristics... GNU/Linux ld.so
checking how to hardcode library paths into programs... immediate
checking whether stripping libraries is possible... yes
checking if libtool supports shared libraries... yes
checking whether to build shared libraries... yes
checking whether to build static libraries... yes
checking how to run the C++ preprocessor... c++ -E
checking for ld used by c++... /usr/bin/ld -m elf_x86_64
checking if the linker (/usr/bin/ld -m elf_x86_64) is GNU ld... yes
checking whether the c++ linker (/usr/bin/ld -m elf_x86_64) supports shared libraries... yes
checking for c++ option to produce PIC... -fPIC -DPIC
checking if c++ PIC flag -fPIC -DPIC works... yes
checking if c++ static flag -static works... yes
checking if c++ supports -c -o file.o... yes
checking if c++ supports -c -o file.o... (cached) yes
checking whether the c++ linker (/usr/bin/ld -m elf_x86_64) supports shared libraries... yes
checking dynamic linker characteristics... (cached) GNU/Linux ld.so
checking how to hardcode library paths into programs... immediate
checking if libtool supports shared libraries... yes
checking whether to build shared libraries... yes
checking whether to build static libraries... yes
checking for gfortran option to produce PIC... -fPIC
checking if gfortran PIC flag -fPIC works... yes
checking if gfortran static flag -static works... yes
checking if gfortran supports -c -o file.o... yes
checking if gfortran supports -c -o file.o... (cached) yes
checking whether the gfortran linker (/usr/bin/ld -m elf_x86_64) supports shared libraries... yes
checking dynamic linker characteristics... (cached) GNU/Linux ld.so
checking how to hardcode library paths into programs... immediate
checking if libtool supports shared libraries... yes
checking whether to build shared libraries... yes
checking whether to build static libraries... yes
checking for gfortran option to produce PIC... -fPIC
checking if gfortran PIC flag -fPIC works... yes
checking if gfortran static flag -static works... yes
checking if gfortran supports -c -o file.o... yes
checking if gfortran supports -c -o file.o... (cached) yes
checking whether the gfortran linker (/usr/bin/ld -m elf_x86_64) supports shared libraries... yes
checking dynamic linker characteristics... (cached) GNU/Linux ld.so
checking how to hardcode library paths into programs... immediate
checking for sin... yes
configure:

Checking to see if there is a usable BLAS library kicking around...
(If so, Blitz++ will use BLAS library to run benchmarks against
if you build the benchmarks.  Blitz++ itself does NOT use BLAS).


checking for daxpy_ in -lblas... yes
checking for daxpy in -lblas... no
checking for DAXPY in -lblas... no
checking for daxpy__ in -lblas... no
checking whether to enable c++ optimization flags... no
checking whether to enable c++ debug flags... yes
checking whether to enable Blitz thread-safety features... no
checking if we are using Intel Threading Building Blocks... no
checking for SIMD instruction width... no
checking whether to pad array lengths to SIMD instruction width... no
checking whether to enable Blitz 64-bit dimensions... no
checking whether to enable serialization support... no
checking for main in -lpapi... no
configure:

C++ compiler (c++ -g -O2 -ffile-prefix-map=/<<PKGBUILDDIR>>/_build=. -fstack-protector-strong -Wformat -Werror=format-security -g -DBZ_DEBUG -Wl,-z,relro -Wl,-z,now) characteristics


configure:

Checking major C++ language features


checking whether the compiler supports exceptions... yes
checking whether the compiler supports Run-Time Type Identification... yes
checking whether the compiler supports member constants... yes
checking whether the compiler accepts the old for scoping rules... no
configure:

Now for some of the new keywords


checking whether the compiler supports the explicit keyword... yes
checking whether the compiler supports the mutable keyword... yes
checking whether the compiler recognizes typename... yes
checking whether the compiler supports the Numerical C Extensions Group restrict keyword... no
checking whether the compiler recognizes the '__restrict__' keyword... yes
checking whether the compiler recognizes bool as a built-in type... yes
configure:

Does your compiler understand the newfangled casting syntax?


checking whether the compiler supports const_cast<>... yes
checking whether the compiler supports static_cast<>... yes
checking whether the compiler supports reinterpret_cast<>... yes
checking whether the compiler supports dynamic_cast<>... yes
configure:

Okay, now the important stuff -- templates


checking whether the compiler supports basic templates... yes
checking whether the compiler supports partial specialization... yes
checking whether the compiler supports partial ordering... yes
checking whether the compiler supports default template parameters... yes
checking whether the compiler supports member templates... yes
checking whether the compiler supports member templates outside the class declaration... yes
checking whether the compiler recognizes the full specialization syntax... yes
checking whether the compiler supports function templates with non-type parameters... yes
checking whether the compiler supports template-qualified base class specifiers... yes
checking whether the compiler supports template-qualified return types... yes
checking whether the compiler supports explicit template function qualification... yes
checking whether the compiler supports templates as template arguments... yes
checking whether the compiler supports use of the template keyword as a qualifier... yes
checking whether the compiler supports function matching with argument types which are template scope-qualified... yes
checking whether the compiler will support the vector type promotion mechanism... yes
checking whether the compiler supports numeric traits promotions... yes
checking whether the compiler handle computations inside an enum... yes
checking whether the compiler handles (int) casts in enum computations... yes
configure:

Which library features does your compiler provide?


checking whether the compiler has complex<T>... yes
checking whether the compiler has standard complex<T> functions... yes
checking for cstring... yes
checking whether the compiler has numeric_limits<T>... yes
checking whether the compiler has <climits> header... yes
checking whether the compiler has valarray<T>... yes
checking whether the compiler has complex math functions... yes
checking whether the compiler has more complex math functions... no
checking whether the compiler supports IEEE math library... yes
checking whether the compiler supports System V math library... no
checking whether the compiler has C math functions in namespace std... yes
checking whether the compiler has C math abs(integer type) in namespace std... yes
checking whether complex math functions are in namespace std... yes
checking whether the compiler has isnan function in namespace std... yes
checking whether the compiler supports ISO C++ standard library... yes
checking whether the compiler supports Standard Template Library... yes
checking whether the compiler has getrusage() function... yes
configure:

CXX                = c++
CXXFLAGS           = -g -O2 -ffile-prefix-map=/<<PKGBUILDDIR>>/_build=. -fstack-protector-strong -Wformat -Werror=format-security -g -DBZ_DEBUG
CXX_OPTIMIZE_FLAGS = -O3 -funroll-loops -fstrict-aliasing -fomit-frame-pointer -ffast-math -DUSE_LIBBLAS
CXX_DEBUG_FLAGS    = -g -DBZ_DEBUG
CXXFFLAGS          = -DBZ_FORTRAN_SYMBOLS_WITH_TRAILING_UNDERSCORES

F77                = gfortran
FFLAGS             = -fno-second-underscore
F77_OPTIMIZE_FLAGS = -O3 -funroll-loops
FLIBS              =  -L/usr/lib/gcc/x86_64-linux-gnu/11 -L/usr/lib/gcc/x86_64-linux-gnu/11/../../../x86_64-linux-gnu -L/usr/lib/gcc/x86_64-linux-gnu/11/../../../../lib -L/lib/x86_64-linux-gnu -L/lib/../lib -L/usr/lib/x86_64-linux-gnu -L/usr/lib/../lib -L/usr/lib/gcc/x86_64-linux-gnu/11/../../.. -lgfortran -lm -lquadmath

FC                 = gfortran
FCFLAGS            = -fno-second-underscore -ffree-form
FC_OPTIMIZE_FLAGS  = -O3 -funroll-loops
FCLIBS             =  -L/usr/lib/gcc/x86_64-linux-gnu/11 -L/usr/lib/gcc/x86_64-linux-gnu/11/../../../x86_64-linux-gnu -L/usr/lib/gcc/x86_64-linux-gnu/11/../../../../lib -L/lib/x86_64-linux-gnu -L/lib/../lib -L/usr/lib/x86_64-linux-gnu -L/usr/lib/../lib -L/usr/lib/gcc/x86_64-linux-gnu/11/../../.. -lgfortran -lm -lquadmath

BLASLIB            = -lblas


checking for valgrind... no
checking our pkgconfig libname... blitz
checking our pkgconfig version... 1.0.2
checking our pkgconfig_libdir... ${libdir}/pkgconfig
expanded our pkgconfig_libdir... /usr/lib/x86_64-linux-gnu/pkgconfig
checking our pkgconfig_libfile... blitz.pc
checking our pkgconfig description... blitz Library
checking our pkgconfig requires... 
checking our pkgconfig ext libs... -lblitz
checking our pkgconfig cppflags... -Wdate-time -D_FORTIFY_SOURCE=2 -DBZ_HAVE_STD
noninstalled pkgconfig -L /<<PKGBUILDDIR>>/_build/.libs
noninstalled pkgconfig -I /<<PKGBUILDDIR>>
checking that generated files are newer than configure... done
configure: creating ./config.status
config.status: creating Makefile
config.status: creating bin/Makefile
config.status: creating blitz/Makefile
config.status: creating blitz/array/Makefile
config.status: creating blitz/generate/Makefile
config.status: creating blitz/meta/Makefile
config.status: creating random/Makefile
config.status: creating lib/Makefile
config.status: creating testsuite/Makefile
config.status: creating examples/Makefile
config.status: creating doc/Makefile
config.status: creating doc/examples/Makefile
config.status: creating doc/stencils/Makefile
config.status: creating doc/doxygen/Makefile
config.status: creating doc/doxygen/Doxyfile
config.status: creating benchmarks/Makefile
config.status: creating benchmarks/plot_benchmarks.m
config.status: creating blitz/config.h
config.status: executing depfiles commands
config.status: executing blitz/gnu/bzconfig.h commands
config.status: creating blitz/gnu/bzconfig.h - prefix BZ for blitz/config.h defines
config.status: executing libtool commands
config.status: executing blitz.pc commands
config.status: creating blitz.pc.in
config.status: creating blitz.pc
config.status: creating blitz-uninstalled.pc
configure:

The configure script has generated makefiles for your platform.
You have several options now:

  make lib              Check the compiler and create libblitz.a
  make check-testsuite  Build and check the testsuite
  make check-examples   Build and check the examples
  make check-benchmarks Build and check the benchmarks (takes a long time)
  make install          Install Blitz++
  make info             Build Blitz++ texinfo documentation
  make ps               Build Blitz++ ps documentation
  make pdf              Build Blitz++ pdf documentation
  make html             Build Blitz++ html documentation
  make install-info     Install Blitz++ texinfo documentation
  make install-ps       Install Blitz++ ps documentation
  make install-pdf      Install Blitz++ pdf documentation
  make install-html     Install Blitz++ html documentation



make[1]: Leaving directory '/<<PKGBUILDDIR>>'
   debian/rules override_dh_auto_build-arch
make[1]: Entering directory '/<<PKGBUILDDIR>>'
/usr/bin/make -C _build lib
make[2]: Entering directory '/<<PKGBUILDDIR>>/_build'
make[3]: Entering directory '/<<PKGBUILDDIR>>/_build/blitz'
/usr/bin/make  all-recursive
make[4]: Entering directory '/<<PKGBUILDDIR>>/_build/blitz'
Making all in generate
make[5]: Entering directory '/<<PKGBUILDDIR>>/_build/blitz/generate'
/usr/bin/make  generate-headers
make[6]: Entering directory '/<<PKGBUILDDIR>>/_build/blitz/generate'
python3 ../../../blitz/generate/genstencils.py ../../../blitz/array/stencil-classes.cc
Generating file ../../../blitz/array/stencil-classes.cc
make[6]: Leaving directory '/<<PKGBUILDDIR>>/_build/blitz/generate'
make[5]: Leaving directory '/<<PKGBUILDDIR>>/_build/blitz/generate'
Making all in meta
make[5]: Entering directory '/<<PKGBUILDDIR>>/_build/blitz/meta'
make[5]: Nothing to be done for 'all'.
make[5]: Leaving directory '/<<PKGBUILDDIR>>/_build/blitz/meta'
Making all in array
make[5]: Entering directory '/<<PKGBUILDDIR>>/_build/blitz/array'
make[5]: Nothing to be done for 'all'.
make[5]: Leaving directory '/<<PKGBUILDDIR>>/_build/blitz/array'
make[5]: Entering directory '/<<PKGBUILDDIR>>/_build/blitz'
make[5]: Leaving directory '/<<PKGBUILDDIR>>/_build/blitz'
make[4]: Leaving directory '/<<PKGBUILDDIR>>/_build/blitz'
make[3]: Leaving directory '/<<PKGBUILDDIR>>/_build/blitz'
make[3]: Entering directory '/<<PKGBUILDDIR>>/_build/lib'
/bin/bash ../libtool  --tag=CXX   --mode=compile c++ -DHAVE_CONFIG_H   -I../.. -I..  -Wdate-time -D_FORTIFY_SOURCE=2 -DBZ_HAVE_STD  -g -O2 -ffile-prefix-map=/<<PKGBUILDDIR>>/_build=. -fstack-protector-strong -Wformat -Werror=format-security -g -DBZ_DEBUG -c -o globals.lo `test -f '../../src/globals.cpp' || echo '../../lib/'`../../src/globals.cpp
libtool: compile:  c++ -DHAVE_CONFIG_H -I../.. -I.. -Wdate-time -D_FORTIFY_SOURCE=2 -DBZ_HAVE_STD -g -O2 -ffile-prefix-map=/<<PKGBUILDDIR>>/_build=. -fstack-protector-strong -Wformat -Werror=format-security -g -DBZ_DEBUG -c ../../src/globals.cpp  -fPIC -DPIC -o .libs/globals.o
In file included from ../../src/globals.cpp:11:
In file included from ../../blitz/blitz.h:52:
../../blitz/bzconfig.h:82:10: fatal error: 'blitz/llvm/bzconfig.h' file not found
#include <blitz/llvm/bzconfig.h>
         ^~~~~~~~~~~~~~~~~~~~~~~
1 error generated.
make[3]: *** [Makefile:554: globals.lo] Error 1
make[3]: Leaving directory '/<<PKGBUILDDIR>>/_build/lib'
make[2]: *** [Makefile:991: blitz-library] Error 1
make[2]: Leaving directory '/<<PKGBUILDDIR>>/_build'
make[1]: *** [debian/rules:25: override_dh_auto_build-arch] Error 2
make[1]: Leaving directory '/<<PKGBUILDDIR>>'
make: *** [debian/rules:13: build] Error 2
dpkg-buildpackage: error: debian/rules build subprocess returned exit status 2
--------------------------------------------------------------------------------
Build finished at 2021-10-26T21:01:49Z

Finished
--------


+------------------------------------------------------------------------------+
| Cleanup                                                                      |
+------------------------------------------------------------------------------+

Purging /<<BUILDDIR>>
Not cleaning session: cloned chroot in use
E: Build failure (dpkg-buildpackage died)

+------------------------------------------------------------------------------+
| Summary                                                                      |
+------------------------------------------------------------------------------+

Build Architecture: amd64
Build Type: binary
Build-Space: 18824
Build-Time: 22
Distribution: unstable
Fail-Stage: build
Host Architecture: amd64
Install-Time: 36
Job: blitz++_1:1.0.2+ds-2
Machine Architecture: amd64
Package: blitz++
Package-Time: 79
Source-Version: 1:1.0.2+ds-2
Space: 18824
Status: attempted
Version: 1:1.0.2+ds-2
--------------------------------------------------------------------------------
Finished at 2021-10-26T21:01:49Z
Build needed 00:01:19, 18824k disk space
E: Build failure (dpkg-buildpackage died)
DC-Status: Failed 80.928909926s
DC-Time-Estimation: 80.928909926 versus expected 801 (r/m: 8.897575547878015 ; m: 80.928909926)
