DC-Build-Header: broker 1.4.0+ds1-1 / 2021-10-26 21:31:19 +0000
DC-Task: type:rebuild-binarch-only source:broker version:1.4.0+ds1-1 chroot:unstable esttime:398 logfile:/tmp/broker_1.4.0+ds1-1_unstable_clang13.log modes:clang13:binarch-only
DC-Sbuild-call: su user42 -c 'sbuild -n --arch-any --apt-update -d unstable -v --no-run-lintian --chroot-setup-commands=/tmp/clang13 broker_1.4.0+ds1-1'
sbuild (Debian sbuild) 0.78.1 (09 February 2019) on ip-172-31-13-1.eu-central-1.compute.internal

+==============================================================================+
| broker 1.4.0+ds1-1 (amd64)                   Tue, 26 Oct 2021 21:31:19 +0000 |
+==============================================================================+

Package: broker
Version: 1.4.0+ds1-1
Source Version: 1.4.0+ds1-1
Distribution: unstable
Machine Architecture: amd64
Host Architecture: amd64
Build Architecture: amd64
Build Type: binary

I: NOTICE: Log filtering will replace 'var/run/schroot/mount/sid-amd64-sbuild-ed1fce4c-d981-4ec7-9e47-6b54c343e6fc' with '<<CHROOT>>'

+------------------------------------------------------------------------------+
| Chroot Setup Commands                                                        |
+------------------------------------------------------------------------------+


/tmp/clang13
------------

+ echo 'Entering customization script...'
Entering customization script...
+ CLANG_VERSION=13
+ echo 'Install of clang-13'
Install of clang-13
+ apt-get update
Get:1 http://127.0.0.1:12990/debian sid InRelease [165 kB]
Get:2 http://127.0.0.1:12990/debian sid/main Sources.diff/Index [63.6 kB]
Get:3 http://127.0.0.1:12990/debian sid/main amd64 Packages.diff/Index [63.6 kB]
Get:4 http://127.0.0.1:12990/debian sid/main Sources T-2021-10-26-2004.40-F-2021-10-26-0202.15.pdiff [47.3 kB]
Get:4 http://127.0.0.1:12990/debian sid/main Sources T-2021-10-26-2004.40-F-2021-10-26-0202.15.pdiff [47.3 kB]
Get:5 http://127.0.0.1:12990/debian sid/main amd64 Packages T-2021-10-26-2004.40-F-2021-10-26-0202.15.pdiff [55.9 kB]
Get:5 http://127.0.0.1:12990/debian sid/main amd64 Packages T-2021-10-26-2004.40-F-2021-10-26-0202.15.pdiff [55.9 kB]
Get:6 http://127.0.0.1:12990/debian sid/main Translation-en [6586 kB]
Fetched 6981 kB in 3s (2751 kB/s)
Reading package lists...
+ apt-get install --yes --no-install-recommends --force-yes clang-13 libomp-13-dev libobjc-9-dev
Reading package lists...
Building dependency tree...
The following additional packages will be installed:
  lib32gcc-s1 lib32stdc++6 libasan5 libbsd0 libc6-i386 libclang-common-13-dev
  libclang-cpp13 libclang1-13 libedit2 libgc1 libgcc-9-dev libicu67 libllvm13
  libmd0 libobjc-11-dev libobjc4 libomp5-13 libxml2 libz3-4
Suggested packages:
  clang-13-doc libomp-13-doc
Recommended packages:
  llvm-13-dev python3
The following NEW packages will be installed:
  clang-13 lib32gcc-s1 lib32stdc++6 libasan5 libbsd0 libc6-i386
  libclang-common-13-dev libclang-cpp13 libclang1-13 libedit2 libgc1
  libgcc-9-dev libicu67 libllvm13 libmd0 libobjc-11-dev libobjc-9-dev libobjc4
  libomp-13-dev libomp5-13 libxml2 libz3-4
0 upgraded, 22 newly installed, 0 to remove and 0 not upgraded.
Need to get 68.5 MB of archives.
After this operation, 379 MB of additional disk space will be used.
Get:1 http://127.0.0.1:12990/debian sid/main amd64 libmd0 amd64 1.0.4-1 [29.6 kB]
Get:2 http://127.0.0.1:12990/debian sid/main amd64 libbsd0 amd64 0.11.3-1 [108 kB]
Get:3 http://127.0.0.1:12990/debian sid/main amd64 libedit2 amd64 3.1-20210910-1 [97.5 kB]
Get:4 http://127.0.0.1:12990/debian sid/main amd64 libicu67 amd64 67.1-7 [8622 kB]
Get:5 http://127.0.0.1:12990/debian sid/main amd64 libxml2 amd64 2.9.12+dfsg-5 [696 kB]
Get:6 http://127.0.0.1:12990/debian sid/main amd64 libz3-4 amd64 4.8.12-1+b1 [6997 kB]
Get:7 http://127.0.0.1:12990/debian sid/main amd64 libllvm13 amd64 1:13.0.0-8 [19.7 MB]
Get:8 http://127.0.0.1:12990/debian sid/main amd64 libclang-cpp13 amd64 1:13.0.0-8 [10.5 MB]
Get:9 http://127.0.0.1:12990/debian sid/main amd64 libgc1 amd64 1:8.0.4-3 [239 kB]
Get:10 http://127.0.0.1:12990/debian sid/main amd64 libobjc4 amd64 11.2.0-10 [43.2 kB]
Get:11 http://127.0.0.1:12990/debian sid/main amd64 libobjc-11-dev amd64 11.2.0-10 [170 kB]
Get:12 http://127.0.0.1:12990/debian sid/main amd64 libc6-i386 amd64 2.32-4 [2624 kB]
Get:13 http://127.0.0.1:12990/debian sid/main amd64 lib32gcc-s1 amd64 11.2.0-10 [49.9 kB]
Get:14 http://127.0.0.1:12990/debian sid/main amd64 lib32stdc++6 amd64 11.2.0-10 [601 kB]
Get:15 http://127.0.0.1:12990/debian sid/main amd64 libclang-common-13-dev amd64 1:13.0.0-8 [5730 kB]
Get:16 http://127.0.0.1:12990/debian sid/main amd64 libclang1-13 amd64 1:13.0.0-8 [6093 kB]
Get:17 http://127.0.0.1:12990/debian sid/main amd64 clang-13 amd64 1:13.0.0-8 [119 kB]
Get:18 http://127.0.0.1:12990/debian sid/main amd64 libasan5 amd64 9.4.0-3 [2734 kB]
Get:19 http://127.0.0.1:12990/debian sid/main amd64 libgcc-9-dev amd64 9.4.0-3 [2343 kB]
Get:20 http://127.0.0.1:12990/debian sid/main amd64 libobjc-9-dev amd64 9.4.0-3 [219 kB]
Get:21 http://127.0.0.1:12990/debian sid/main amd64 libomp5-13 amd64 1:13.0.0-8 [377 kB]
Get:22 http://127.0.0.1:12990/debian sid/main amd64 libomp-13-dev amd64 1:13.0.0-8 [482 kB]
debconf: delaying package configuration, since apt-utils is not installed
Fetched 68.5 MB in 0s (141 MB/s)
Selecting previously unselected package libmd0:amd64.
(Reading database ... (Reading database ... 5%(Reading database ... 10%(Reading database ... 15%(Reading database ... 20%(Reading database ... 25%(Reading database ... 30%(Reading database ... 35%(Reading database ... 40%(Reading database ... 45%(Reading database ... 50%(Reading database ... 55%(Reading database ... 60%(Reading database ... 65%(Reading database ... 70%(Reading database ... 75%(Reading database ... 80%(Reading database ... 85%(Reading database ... 90%(Reading database ... 95%(Reading database ... 100%(Reading database ... 12431 files and directories currently installed.)
Preparing to unpack .../00-libmd0_1.0.4-1_amd64.deb ...
Unpacking libmd0:amd64 (1.0.4-1) ...
Selecting previously unselected package libbsd0:amd64.
Preparing to unpack .../01-libbsd0_0.11.3-1_amd64.deb ...
Unpacking libbsd0:amd64 (0.11.3-1) ...
Selecting previously unselected package libedit2:amd64.
Preparing to unpack .../02-libedit2_3.1-20210910-1_amd64.deb ...
Unpacking libedit2:amd64 (3.1-20210910-1) ...
Selecting previously unselected package libicu67:amd64.
Preparing to unpack .../03-libicu67_67.1-7_amd64.deb ...
Unpacking libicu67:amd64 (67.1-7) ...
Selecting previously unselected package libxml2:amd64.
Preparing to unpack .../04-libxml2_2.9.12+dfsg-5_amd64.deb ...
Unpacking libxml2:amd64 (2.9.12+dfsg-5) ...
Selecting previously unselected package libz3-4:amd64.
Preparing to unpack .../05-libz3-4_4.8.12-1+b1_amd64.deb ...
Unpacking libz3-4:amd64 (4.8.12-1+b1) ...
Selecting previously unselected package libllvm13:amd64.
Preparing to unpack .../06-libllvm13_1%3a13.0.0-8_amd64.deb ...
Unpacking libllvm13:amd64 (1:13.0.0-8) ...
Selecting previously unselected package libclang-cpp13.
Preparing to unpack .../07-libclang-cpp13_1%3a13.0.0-8_amd64.deb ...
Unpacking libclang-cpp13 (1:13.0.0-8) ...
Selecting previously unselected package libgc1:amd64.
Preparing to unpack .../08-libgc1_1%3a8.0.4-3_amd64.deb ...
Unpacking libgc1:amd64 (1:8.0.4-3) ...
Selecting previously unselected package libobjc4:amd64.
Preparing to unpack .../09-libobjc4_11.2.0-10_amd64.deb ...
Unpacking libobjc4:amd64 (11.2.0-10) ...
Selecting previously unselected package libobjc-11-dev:amd64.
Preparing to unpack .../10-libobjc-11-dev_11.2.0-10_amd64.deb ...
Unpacking libobjc-11-dev:amd64 (11.2.0-10) ...
Selecting previously unselected package libc6-i386.
Preparing to unpack .../11-libc6-i386_2.32-4_amd64.deb ...
Unpacking libc6-i386 (2.32-4) ...
Selecting previously unselected package lib32gcc-s1.
Preparing to unpack .../12-lib32gcc-s1_11.2.0-10_amd64.deb ...
Unpacking lib32gcc-s1 (11.2.0-10) ...
Selecting previously unselected package lib32stdc++6.
Preparing to unpack .../13-lib32stdc++6_11.2.0-10_amd64.deb ...
Unpacking lib32stdc++6 (11.2.0-10) ...
Selecting previously unselected package libclang-common-13-dev.
Preparing to unpack .../14-libclang-common-13-dev_1%3a13.0.0-8_amd64.deb ...
Unpacking libclang-common-13-dev (1:13.0.0-8) ...
Selecting previously unselected package libclang1-13.
Preparing to unpack .../15-libclang1-13_1%3a13.0.0-8_amd64.deb ...
Unpacking libclang1-13 (1:13.0.0-8) ...
Selecting previously unselected package clang-13.
Preparing to unpack .../16-clang-13_1%3a13.0.0-8_amd64.deb ...
Unpacking clang-13 (1:13.0.0-8) ...
Selecting previously unselected package libasan5:amd64.
Preparing to unpack .../17-libasan5_9.4.0-3_amd64.deb ...
Unpacking libasan5:amd64 (9.4.0-3) ...
Selecting previously unselected package libgcc-9-dev:amd64.
Preparing to unpack .../18-libgcc-9-dev_9.4.0-3_amd64.deb ...
Unpacking libgcc-9-dev:amd64 (9.4.0-3) ...
Selecting previously unselected package libobjc-9-dev:amd64.
Preparing to unpack .../19-libobjc-9-dev_9.4.0-3_amd64.deb ...
Unpacking libobjc-9-dev:amd64 (9.4.0-3) ...
Selecting previously unselected package libomp5-13:amd64.
Preparing to unpack .../20-libomp5-13_1%3a13.0.0-8_amd64.deb ...
Unpacking libomp5-13:amd64 (1:13.0.0-8) ...
Selecting previously unselected package libomp-13-dev.
Preparing to unpack .../21-libomp-13-dev_1%3a13.0.0-8_amd64.deb ...
Unpacking libomp-13-dev (1:13.0.0-8) ...
Setting up libicu67:amd64 (67.1-7) ...
Setting up libasan5:amd64 (9.4.0-3) ...
Setting up libz3-4:amd64 (4.8.12-1+b1) ...
Setting up libgc1:amd64 (1:8.0.4-3) ...
Setting up libmd0:amd64 (1.0.4-1) ...
Setting up libc6-i386 (2.32-4) ...
Setting up libomp5-13:amd64 (1:13.0.0-8) ...
Setting up libbsd0:amd64 (0.11.3-1) ...
Setting up libxml2:amd64 (2.9.12+dfsg-5) ...
Setting up libedit2:amd64 (3.1-20210910-1) ...
Setting up libobjc4:amd64 (11.2.0-10) ...
Setting up libgcc-9-dev:amd64 (9.4.0-3) ...
Setting up lib32gcc-s1 (11.2.0-10) ...
Setting up lib32stdc++6 (11.2.0-10) ...
Setting up libllvm13:amd64 (1:13.0.0-8) ...
Setting up libobjc-9-dev:amd64 (9.4.0-3) ...
Setting up libclang-common-13-dev (1:13.0.0-8) ...
Setting up libomp-13-dev (1:13.0.0-8) ...
Setting up libobjc-11-dev:amd64 (11.2.0-10) ...
Setting up libclang1-13 (1:13.0.0-8) ...
Setting up libclang-cpp13 (1:13.0.0-8) ...
Setting up clang-13 (1:13.0.0-8) ...
Processing triggers for libc-bin (2.32-4) ...
W: --force-yes is deprecated, use one of the options starting with --allow instead.
+ echo 'Replace gcc, g++ & cpp by clang'
Replace gcc, g++ & cpp by clang
+ VERSIONS='4.6 4.7 4.8 4.9 5 6 7 8 9 10 11'
+ cd /usr/bin
+ for VERSION in $VERSIONS
+ rm -f g++-4.6 gcc-4.6 cpp-4.6 gcc
+ ln -s clang++-13 g++-4.6
+ ln -s clang-13 gcc-4.6
+ ln -s clang-13 cpp-4.6
+ ln -s clang-13 gcc
+ dpkg --set-selections
+ echo 'gcc-4.6 hold'
dpkg: warning: package not in status nor available database at line 1: gcc-4.6
dpkg: warning: found unknown packages; this might mean the available database
is outdated, and needs to be updated through a frontend method;
please see the FAQ <https://wiki.debian.org/Teams/Dpkg/FAQ>
+ echo 'g++-4.6 hold'
+ dpkg --set-selections
dpkg: warning: package not in status nor available database at line 1: g++-4.6
dpkg: warning: found unknown packages; this might mean the available database
is outdated, and needs to be updated through a frontend method;
please see the FAQ <https://wiki.debian.org/Teams/Dpkg/FAQ>
+ for VERSION in $VERSIONS
+ rm -f g++-4.7 gcc-4.7 cpp-4.7 gcc
+ ln -s clang++-13 g++-4.7
+ ln -s clang-13 gcc-4.7
+ ln -s clang-13 cpp-4.7
+ ln -s clang-13 gcc
+ echo 'gcc-4.7 hold'
+ dpkg --set-selections
dpkg: warning: package not in status nor available database at line 1: gcc-4.7
dpkg: warning: found unknown packages; this might mean the available database
is outdated, and needs to be updated through a frontend method;
please see the FAQ <https://wiki.debian.org/Teams/Dpkg/FAQ>
+ echo 'g++-4.7 hold'
+ dpkg --set-selections
dpkg: warning: package not in status nor available database at line 1: g++-4.7
dpkg: warning: found unknown packages; this might mean the available database
is outdated, and needs to be updated through a frontend method;
please see the FAQ <https://wiki.debian.org/Teams/Dpkg/FAQ>
+ for VERSION in $VERSIONS
+ rm -f g++-4.8 gcc-4.8 cpp-4.8 gcc
+ ln -s clang++-13 g++-4.8
+ ln -s clang-13 gcc-4.8
+ ln -s clang-13 cpp-4.8
+ ln -s clang-13 gcc
+ echo 'gcc-4.8 hold'
+ dpkg --set-selections
dpkg: warning: package not in status nor available database at line 1: gcc-4.8
dpkg: warning: found unknown packages; this might mean the available database
is outdated, and needs to be updated through a frontend method;
please see the FAQ <https://wiki.debian.org/Teams/Dpkg/FAQ>
+ echo 'g++-4.8 hold'
+ dpkg --set-selections
dpkg: warning: package not in status nor available database at line 1: g++-4.8
dpkg: warning: found unknown packages; this might mean the available database
is outdated, and needs to be updated through a frontend method;
please see the FAQ <https://wiki.debian.org/Teams/Dpkg/FAQ>
+ for VERSION in $VERSIONS
+ rm -f g++-4.9 gcc-4.9 cpp-4.9 gcc
+ ln -s clang++-13 g++-4.9
+ ln -s clang-13 gcc-4.9
+ ln -s clang-13 cpp-4.9
+ ln -s clang-13 gcc
+ echo 'gcc-4.9 hold'
+ dpkg --set-selections
dpkg: warning: package not in status nor available database at line 1: gcc-4.9
dpkg: warning: found unknown packages; this might mean the available database
is outdated, and needs to be updated through a frontend method;
please see the FAQ <https://wiki.debian.org/Teams/Dpkg/FAQ>
+ echo 'g++-4.9 hold'
+ dpkg --set-selections
dpkg: warning: package not in status nor available database at line 1: g++-4.9
dpkg: warning: found unknown packages; this might mean the available database
is outdated, and needs to be updated through a frontend method;
please see the FAQ <https://wiki.debian.org/Teams/Dpkg/FAQ>
+ for VERSION in $VERSIONS
+ rm -f g++-5 gcc-5 cpp-5 gcc
+ ln -s clang++-13 g++-5
+ ln -s clang-13 gcc-5
+ ln -s clang-13 cpp-5
+ ln -s clang-13 gcc
+ echo 'gcc-5 hold'
+ dpkg --set-selections
dpkg: warning: package not in status nor available database at line 1: gcc-5
dpkg: warning: found unknown packages; this might mean the available database
is outdated, and needs to be updated through a frontend method;
please see the FAQ <https://wiki.debian.org/Teams/Dpkg/FAQ>
+ echo 'g++-5 hold'
+ dpkg --set-selections
dpkg: warning: package not in status nor available database at line 1: g++-5
dpkg: warning: found unknown packages; this might mean the available database
is outdated, and needs to be updated through a frontend method;
please see the FAQ <https://wiki.debian.org/Teams/Dpkg/FAQ>
+ for VERSION in $VERSIONS
+ rm -f g++-6 gcc-6 cpp-6 gcc
+ ln -s clang++-13 g++-6
+ ln -s clang-13 gcc-6
+ ln -s clang-13 cpp-6
+ ln -s clang-13 gcc
+ echo 'gcc-6 hold'
+ dpkg --set-selections
dpkg: warning: package not in status nor available database at line 1: gcc-6
dpkg: warning: found unknown packages; this might mean the available database
is outdated, and needs to be updated through a frontend method;
please see the FAQ <https://wiki.debian.org/Teams/Dpkg/FAQ>
+ echo 'g++-6 hold'
+ dpkg --set-selections
dpkg: warning: package not in status nor available database at line 1: g++-6
dpkg: warning: found unknown packages; this might mean the available database
is outdated, and needs to be updated through a frontend method;
please see the FAQ <https://wiki.debian.org/Teams/Dpkg/FAQ>
+ for VERSION in $VERSIONS
+ rm -f g++-7 gcc-7 cpp-7 gcc
+ ln -s clang++-13 g++-7
+ ln -s clang-13 gcc-7
+ ln -s clang-13 cpp-7
+ ln -s clang-13 gcc
+ echo 'gcc-7 hold'
+ dpkg --set-selections
dpkg: warning: package not in status nor available database at line 1: gcc-7
dpkg: warning: found unknown packages; this might mean the available database
is outdated, and needs to be updated through a frontend method;
please see the FAQ <https://wiki.debian.org/Teams/Dpkg/FAQ>
+ echo 'g++-7 hold'
+ dpkg --set-selections
dpkg: warning: package not in status nor available database at line 1: g++-7
dpkg: warning: found unknown packages; this might mean the available database
is outdated, and needs to be updated through a frontend method;
please see the FAQ <https://wiki.debian.org/Teams/Dpkg/FAQ>
+ for VERSION in $VERSIONS
+ rm -f g++-8 gcc-8 cpp-8 gcc
+ ln -s clang++-13 g++-8
+ ln -s clang-13 gcc-8
+ ln -s clang-13 cpp-8
+ ln -s clang-13 gcc
+ echo 'gcc-8 hold'
+ dpkg --set-selections
dpkg: warning: package not in status nor available database at line 1: gcc-8
dpkg: warning: found unknown packages; this might mean the available database
is outdated, and needs to be updated through a frontend method;
please see the FAQ <https://wiki.debian.org/Teams/Dpkg/FAQ>
+ echo 'g++-8 hold'
+ dpkg --set-selections
dpkg: warning: package not in status nor available database at line 1: g++-8
dpkg: warning: found unknown packages; this might mean the available database
is outdated, and needs to be updated through a frontend method;
please see the FAQ <https://wiki.debian.org/Teams/Dpkg/FAQ>
+ for VERSION in $VERSIONS
+ rm -f g++-9 gcc-9 cpp-9 gcc
+ ln -s clang++-13 g++-9
+ ln -s clang-13 gcc-9
+ ln -s clang-13 cpp-9
+ ln -s clang-13 gcc
+ echo 'gcc-9 hold'
+ dpkg --set-selections
dpkg: warning: package not in status nor available database at line 1: gcc-9
dpkg: warning: found unknown packages; this might mean the available database
is outdated, and needs to be updated through a frontend method;
please see the FAQ <https://wiki.debian.org/Teams/Dpkg/FAQ>
+ echo 'g++-9 hold'
+ dpkg --set-selections
dpkg: warning: package not in status nor available database at line 1: g++-9
dpkg: warning: found unknown packages; this might mean the available database
is outdated, and needs to be updated through a frontend method;
please see the FAQ <https://wiki.debian.org/Teams/Dpkg/FAQ>
+ for VERSION in $VERSIONS
+ rm -f g++-10 gcc-10 cpp-10 gcc
+ ln -s clang++-13 g++-10
+ ln -s clang-13 gcc-10
+ ln -s clang-13 cpp-10
+ ln -s clang-13 gcc
+ echo 'gcc-10 hold'
+ dpkg --set-selections
dpkg: warning: package not in status nor available database at line 1: gcc-10
dpkg: warning: found unknown packages; this might mean the available database
is outdated, and needs to be updated through a frontend method;
please see the FAQ <https://wiki.debian.org/Teams/Dpkg/FAQ>
+ echo 'g++-10 hold'
+ dpkg --set-selections
dpkg: warning: package not in status nor available database at line 1: g++-10
dpkg: warning: found unknown packages; this might mean the available database
is outdated, and needs to be updated through a frontend method;
please see the FAQ <https://wiki.debian.org/Teams/Dpkg/FAQ>
+ for VERSION in $VERSIONS
+ rm -f g++-11 gcc-11 cpp-11 gcc
+ ln -s clang++-13 g++-11
+ ln -s clang-13 gcc-11
+ ln -s clang-13 cpp-11
+ ln -s clang-13 gcc
+ echo 'gcc-11 hold'
+ dpkg --set-selections
+ echo 'g++-11 hold'
+ dpkg --set-selections
+ cd -
/build/broker-7VLVqL
+ echo 'Check if gcc, g++ & cpp are actually clang'
Check if gcc, g++ & cpp are actually clang
+ gcc --version
+ grep clang
+ cpp --version
+ grep clang
+ g++ --version
+ grep clang
+ cd /usr/bin/
+ rm -f clang++ clang
+ ln -s clang-13 clang++
+ ln -s clang-13 clang
+ clang++ --version
Debian clang version 13.0.0-8
Target: x86_64-pc-linux-gnu
Thread model: posix
InstalledDir: /usr/bin
+ clang --version
Debian clang version 13.0.0-8
Target: x86_64-pc-linux-gnu
Thread model: posix
InstalledDir: /usr/bin
+ cd -
/build/broker-7VLVqL
+ apt install --yes --no-install-recommends --force-yes qt5-qmake

WARNING: apt does not have a stable CLI interface. Use with caution in scripts.

Reading package lists...
Building dependency tree...
Reading state information...
The following additional packages will be installed:
  qt5-qmake-bin qtchooser
The following NEW packages will be installed:
  qt5-qmake qt5-qmake-bin qtchooser
0 upgraded, 3 newly installed, 0 to remove and 0 not upgraded.
Need to get 1322 kB of archives.
After this operation, 4914 kB of additional disk space will be used.
Get:1 http://127.0.0.1:12990/debian sid/main amd64 qt5-qmake-bin amd64 5.15.2+dfsg-12 [1046 kB]
Get:2 http://127.0.0.1:12990/debian sid/main amd64 qtchooser amd64 66-2 [26.3 kB]
Get:3 http://127.0.0.1:12990/debian sid/main amd64 qt5-qmake amd64 5.15.2+dfsg-12 [249 kB]
debconf: delaying package configuration, since apt-utils is not installed
Fetched 1322 kB in 0s (57.8 MB/s)
Selecting previously unselected package qt5-qmake-bin.
(Reading database ... (Reading database ... 5%(Reading database ... 10%(Reading database ... 15%(Reading database ... 20%(Reading database ... 25%(Reading database ... 30%(Reading database ... 35%(Reading database ... 40%(Reading database ... 45%(Reading database ... 50%(Reading database ... 55%(Reading database ... 60%(Reading database ... 65%(Reading database ... 70%(Reading database ... 75%(Reading database ... 80%(Reading database ... 85%(Reading database ... 90%(Reading database ... 95%(Reading database ... 100%(Reading database ... 13528 files and directories currently installed.)
Preparing to unpack .../qt5-qmake-bin_5.15.2+dfsg-12_amd64.deb ...
Unpacking qt5-qmake-bin (5.15.2+dfsg-12) ...
Selecting previously unselected package qtchooser.
Preparing to unpack .../qtchooser_66-2_amd64.deb ...
Unpacking qtchooser (66-2) ...
Selecting previously unselected package qt5-qmake:amd64.
Preparing to unpack .../qt5-qmake_5.15.2+dfsg-12_amd64.deb ...
Unpacking qt5-qmake:amd64 (5.15.2+dfsg-12) ...
Setting up qt5-qmake-bin (5.15.2+dfsg-12) ...
Setting up qtchooser (66-2) ...
Setting up qt5-qmake:amd64 (5.15.2+dfsg-12) ...
W: --force-yes is deprecated, use one of the options starting with --allow instead.
+ cp /usr/lib/x86_64-linux-gnu/qt5/mkspecs/linux-clang/qmake.conf /usr/lib/x86_64-linux-gnu/qt5/mkspecs/linux-clang/qplatformdefs.h /usr/lib/x86_64-linux-gnu/qt5/mkspecs/linux-g++/
+ ls -al /usr/lib/x86_64-linux-gnu/qt5/mkspecs/linux-g++/
total 16
drwxr-xr-x  2 root root 4096 Oct 26 21:31 .
drwxr-xr-x 76 root root 4096 Oct 26 21:31 ..
-rw-r--r--  1 root root  276 Oct 26 21:31 qmake.conf
-rw-r--r--  1 root root 3218 Oct 26 21:31 qplatformdefs.h
+ cat /usr/lib/x86_64-linux-gnu/qt5/mkspecs/linux-g++/qmake.conf
#
# qmake configuration for linux-clang
#

MAKEFILE_GENERATOR = UNIX
CONFIG += incremental

QMAKE_INCREMENTAL_STYLE = sublib

include(../common/linux.conf)
include(../common/gcc-base-unix.conf)
include(../common/clang.conf)

QMAKE_LFLAGS += -ccc-gcc-name g++

load(qt_config)
+ export QMAKESPEC=/usr/lib/x86_64-linux-gnu/qt5/mkspecs/linux-clang/
+ QMAKESPEC=/usr/lib/x86_64-linux-gnu/qt5/mkspecs/linux-clang/
+ sed -i -e 's|compare_problem(2,|compare_problem(0,|g' /usr/bin/dpkg-gensymbols
+ sed -i -e 's|compare_problem(1,|compare_problem(0,|g' /usr/bin/dpkg-gensymbols
+ grep 'compare_problem(' /usr/bin/dpkg-gensymbols
        compare_problem(4, g_('new libraries appeared in the symbols file: %s'), "@libs");
        compare_problem(3, g_('some libraries disappeared in the symbols file: %s'), "@libs");
        compare_problem(0, g_('some new symbols appeared in the symbols file: %s'),
        compare_problem(0, g_('some symbols or patterns disappeared in the symbols file: %s'),

I: Finished running '/tmp/clang13'.

Finished processing commands.
--------------------------------------------------------------------------------
I: NOTICE: Log filtering will replace 'build/broker-7VLVqL/resolver-GKvD4W' with '<<RESOLVERDIR>>'

+------------------------------------------------------------------------------+
| Update chroot                                                                |
+------------------------------------------------------------------------------+

Hit:1 http://127.0.0.1:12990/debian sid InRelease
Reading package lists...
Reading package lists...
Building dependency tree...
Reading state information...
Calculating upgrade...
0 upgraded, 0 newly installed, 0 to remove and 0 not upgraded.

+------------------------------------------------------------------------------+
| Fetch source files                                                           |
+------------------------------------------------------------------------------+


Check APT
---------

Checking available source versions...

Download source files with APT
------------------------------

Reading package lists...
NOTICE: 'broker' packaging is maintained in the 'Git' version control system at:
https://salsa.debian.org/bro-team/broker.git
Please use:
git clone https://salsa.debian.org/bro-team/broker.git
to retrieve the latest (possibly unreleased) updates to the package.
Need to get 375 kB of source archives.
Get:1 http://127.0.0.1:12990/debian sid/main broker 1.4.0+ds1-1 (dsc) [2043 B]
Get:2 http://127.0.0.1:12990/debian sid/main broker 1.4.0+ds1-1 (tar) [356 kB]
Get:3 http://127.0.0.1:12990/debian sid/main broker 1.4.0+ds1-1 (diff) [16.6 kB]
Fetched 375 kB in 0s (2021 kB/s)
Download complete and in download only mode
I: NOTICE: Log filtering will replace 'build/broker-7VLVqL/broker-1.4.0+ds1' with '<<PKGBUILDDIR>>'
I: NOTICE: Log filtering will replace 'build/broker-7VLVqL' with '<<BUILDDIR>>'

+------------------------------------------------------------------------------+
| Install package build dependencies                                           |
+------------------------------------------------------------------------------+


Setup apt archive
-----------------

Merged Build-Depends: debhelper (>= 12~), dh-python, cmake, libcaf-dev (>= 0.16), libsqlite3-dev, python3-dev, swig, libssl-dev, pybind11-dev, build-essential, fakeroot
Filtered Build-Depends: debhelper (>= 12~), dh-python, cmake, libcaf-dev (>= 0.16), libsqlite3-dev, python3-dev, swig, libssl-dev, pybind11-dev, build-essential, fakeroot
dpkg-deb: building package 'sbuild-build-depends-main-dummy' in '/<<RESOLVERDIR>>/apt_archive/sbuild-build-depends-main-dummy.deb'.
Ign:1 copy:/<<RESOLVERDIR>>/apt_archive ./ InRelease
Get:2 copy:/<<RESOLVERDIR>>/apt_archive ./ Release [957 B]
Ign:3 copy:/<<RESOLVERDIR>>/apt_archive ./ Release.gpg
Get:4 copy:/<<RESOLVERDIR>>/apt_archive ./ Sources [421 B]
Get:5 copy:/<<RESOLVERDIR>>/apt_archive ./ Packages [501 B]
Fetched 1879 B in 0s (0 B/s)
Reading package lists...
Reading package lists...

Install main build dependencies (apt-based resolver)
----------------------------------------------------

Installing build dependencies
Reading package lists...
Building dependency tree...
Reading state information...
The following additional packages will be installed:
  autoconf automake autopoint autotools-dev bsdextrautils cmake cmake-data
  debhelper dh-autoreconf dh-elpa-helper dh-python dh-strip-nondeterminism dwz
  emacsen-common file gettext gettext-base groff-base intltool-debian
  libarchive-zip-perl libarchive13 libbrotli1 libcaf-core0.17 libcaf-dev
  libcaf-io0.17 libcaf-openssl0.17 libcurl4 libdebhelper-perl libelf1
  libexpat1 libexpat1-dev libfile-stripnondeterminism-perl libjs-jquery
  libjs-sphinxdoc libjs-underscore libjsoncpp24 libldap-2.4-2 libmagic-mgc
  libmagic1 libmpdec3 libncurses6 libncursesw6 libnghttp2-14 libpipeline1
  libprocps8 libpsl5 libpython3-dev libpython3-stdlib libpython3.9
  libpython3.9-dev libpython3.9-minimal libpython3.9-stdlib libreadline8
  librhash0 librtmp1 libsasl2-2 libsasl2-modules-db libsigsegv2 libsqlite3-0
  libsqlite3-dev libssh2-1 libssl-dev libsub-override-perl libtool
  libuchardet0 libuv1 m4 man-db media-types po-debconf procps pybind11-dev
  python3 python3-dev python3-distutils python3-lib2to3 python3-minimal
  python3.9 python3.9-dev python3.9-minimal readline-common sensible-utils
  swig swig4.0 zlib1g-dev
Suggested packages:
  autoconf-archive gnu-standards autoconf-doc cmake-doc ninja-build dh-make
  flit python3-toml gettext-doc libasprintf-dev libgettextpo-dev groff lrzip
  sqlite3-doc libssl-doc libtool-doc gfortran | fortran95-compiler gcj-jdk
  m4-doc apparmor less www-browser libmail-box-perl pybind11-doc python3-doc
  python3-tk python3-venv python3.9-venv python3.9-doc binfmt-support
  readline-doc swig-doc swig-examples swig4.0-examples swig4.0-doc
Recommended packages:
  curl | wget | lynx libcaf-doc ca-certificates libarchive-cpio-perl
  javascript-common libldap-common libgpm2 publicsuffix libsasl2-modules
  libltdl-dev libmail-sendmail-perl psmisc libeigen3-dev
The following NEW packages will be installed:
  autoconf automake autopoint autotools-dev bsdextrautils cmake cmake-data
  debhelper dh-autoreconf dh-elpa-helper dh-python dh-strip-nondeterminism dwz
  emacsen-common file gettext gettext-base groff-base intltool-debian
  libarchive-zip-perl libarchive13 libbrotli1 libcaf-core0.17 libcaf-dev
  libcaf-io0.17 libcaf-openssl0.17 libcurl4 libdebhelper-perl libelf1
  libexpat1 libexpat1-dev libfile-stripnondeterminism-perl libjs-jquery
  libjs-sphinxdoc libjs-underscore libjsoncpp24 libldap-2.4-2 libmagic-mgc
  libmagic1 libmpdec3 libncurses6 libncursesw6 libnghttp2-14 libpipeline1
  libprocps8 libpsl5 libpython3-dev libpython3-stdlib libpython3.9
  libpython3.9-dev libpython3.9-minimal libpython3.9-stdlib libreadline8
  librhash0 librtmp1 libsasl2-2 libsasl2-modules-db libsigsegv2 libsqlite3-0
  libsqlite3-dev libssh2-1 libssl-dev libsub-override-perl libtool
  libuchardet0 libuv1 m4 man-db media-types po-debconf procps pybind11-dev
  python3 python3-dev python3-distutils python3-lib2to3 python3-minimal
  python3.9 python3.9-dev python3.9-minimal readline-common
  sbuild-build-depends-main-dummy sensible-utils swig swig4.0 zlib1g-dev
0 upgraded, 86 newly installed, 0 to remove and 0 not upgraded.
Need to get 41.4 MB of archives.
After this operation, 155 MB of additional disk space will be used.
Get:1 copy:/<<RESOLVERDIR>>/apt_archive ./ sbuild-build-depends-main-dummy 0.invalid.0 [928 B]
Get:2 http://127.0.0.1:12990/debian sid/main amd64 bsdextrautils amd64 2.37.2-4 [143 kB]
Get:3 http://127.0.0.1:12990/debian sid/main amd64 libuchardet0 amd64 0.0.7-1 [67.8 kB]
Get:4 http://127.0.0.1:12990/debian sid/main amd64 groff-base amd64 1.22.4-7 [935 kB]
Get:5 http://127.0.0.1:12990/debian sid/main amd64 libpipeline1 amd64 1.5.3-1 [34.3 kB]
Get:6 http://127.0.0.1:12990/debian sid/main amd64 man-db amd64 2.9.4-2 [1354 kB]
Get:7 http://127.0.0.1:12990/debian sid/main amd64 libpython3.9-minimal amd64 3.9.7-4 [804 kB]
Get:8 http://127.0.0.1:12990/debian sid/main amd64 libexpat1 amd64 2.4.1-3 [104 kB]
Get:9 http://127.0.0.1:12990/debian sid/main amd64 python3.9-minimal amd64 3.9.7-4 [1963 kB]
Get:10 http://127.0.0.1:12990/debian sid/main amd64 python3-minimal amd64 3.9.2-3 [38.2 kB]
Get:11 http://127.0.0.1:12990/debian sid/main amd64 media-types all 4.0.0 [30.3 kB]
Get:12 http://127.0.0.1:12990/debian sid/main amd64 libmpdec3 amd64 2.5.1-2 [87.8 kB]
Get:13 http://127.0.0.1:12990/debian sid/main amd64 libncursesw6 amd64 6.2+20210905-1 [133 kB]
Get:14 http://127.0.0.1:12990/debian sid/main amd64 readline-common all 8.1-2 [73.8 kB]
Get:15 http://127.0.0.1:12990/debian sid/main amd64 libreadline8 amd64 8.1-2 [168 kB]
Get:16 http://127.0.0.1:12990/debian sid/main amd64 libsqlite3-0 amd64 3.36.0-2 [815 kB]
Get:17 http://127.0.0.1:12990/debian sid/main amd64 libpython3.9-stdlib amd64 3.9.7-4 [1688 kB]
Get:18 http://127.0.0.1:12990/debian sid/main amd64 python3.9 amd64 3.9.7-4 [480 kB]
Get:19 http://127.0.0.1:12990/debian sid/main amd64 libpython3-stdlib amd64 3.9.2-3 [21.4 kB]
Get:20 http://127.0.0.1:12990/debian sid/main amd64 python3 amd64 3.9.2-3 [37.9 kB]
Get:21 http://127.0.0.1:12990/debian sid/main amd64 libncurses6 amd64 6.2+20210905-1 [102 kB]
Get:22 http://127.0.0.1:12990/debian sid/main amd64 libprocps8 amd64 2:3.3.17-5 [63.9 kB]
Get:23 http://127.0.0.1:12990/debian sid/main amd64 procps amd64 2:3.3.17-5 [502 kB]
Get:24 http://127.0.0.1:12990/debian sid/main amd64 sensible-utils all 0.0.17 [21.5 kB]
Get:25 http://127.0.0.1:12990/debian sid/main amd64 libmagic-mgc amd64 1:5.39-3 [273 kB]
Get:26 http://127.0.0.1:12990/debian sid/main amd64 libmagic1 amd64 1:5.39-3 [126 kB]
Get:27 http://127.0.0.1:12990/debian sid/main amd64 file amd64 1:5.39-3 [69.1 kB]
Get:28 http://127.0.0.1:12990/debian sid/main amd64 gettext-base amd64 0.21-4 [175 kB]
Get:29 http://127.0.0.1:12990/debian sid/main amd64 libsigsegv2 amd64 2.13-1 [34.8 kB]
Get:30 http://127.0.0.1:12990/debian sid/main amd64 m4 amd64 1.4.18-5 [204 kB]
Get:31 http://127.0.0.1:12990/debian sid/main amd64 autoconf all 2.71-2 [343 kB]
Get:32 http://127.0.0.1:12990/debian sid/main amd64 autotools-dev all 20180224.1+nmu1 [77.1 kB]
Get:33 http://127.0.0.1:12990/debian sid/main amd64 automake all 1:1.16.5-1 [823 kB]
Get:34 http://127.0.0.1:12990/debian sid/main amd64 autopoint all 0.21-4 [510 kB]
Get:35 http://127.0.0.1:12990/debian sid/main amd64 libarchive13 amd64 3.4.3-2+b1 [343 kB]
Get:36 http://127.0.0.1:12990/debian sid/main amd64 libbrotli1 amd64 1.0.9-2+b2 [279 kB]
Get:37 http://127.0.0.1:12990/debian sid/main amd64 libsasl2-modules-db amd64 2.1.27+dfsg-2.1 [69.1 kB]
Get:38 http://127.0.0.1:12990/debian sid/main amd64 libsasl2-2 amd64 2.1.27+dfsg-2.1 [106 kB]
Get:39 http://127.0.0.1:12990/debian sid/main amd64 libldap-2.4-2 amd64 2.4.59+dfsg-1 [232 kB]
Get:40 http://127.0.0.1:12990/debian sid/main amd64 libnghttp2-14 amd64 1.43.0-1 [77.1 kB]
Get:41 http://127.0.0.1:12990/debian sid/main amd64 libpsl5 amd64 0.21.0-1.2 [57.3 kB]
Get:42 http://127.0.0.1:12990/debian sid/main amd64 librtmp1 amd64 2.4+20151223.gitfa8646d.1-2+b2 [60.8 kB]
Get:43 http://127.0.0.1:12990/debian sid/main amd64 libssh2-1 amd64 1.10.0-2 [178 kB]
Get:44 http://127.0.0.1:12990/debian sid/main amd64 libcurl4 amd64 7.74.0-1.3+b1 [341 kB]
Get:45 http://127.0.0.1:12990/debian sid/main amd64 libjsoncpp24 amd64 1.9.4-5 [78.8 kB]
Get:46 http://127.0.0.1:12990/debian sid/main amd64 librhash0 amd64 1.4.2-1 [129 kB]
Get:47 http://127.0.0.1:12990/debian sid/main amd64 libuv1 amd64 1.42.0-1 [135 kB]
Get:48 http://127.0.0.1:12990/debian sid/main amd64 dh-elpa-helper all 2.0.9 [11.2 kB]
Get:49 http://127.0.0.1:12990/debian sid/main amd64 emacsen-common all 3.0.4 [19.3 kB]
Get:50 http://127.0.0.1:12990/debian sid/main amd64 cmake-data all 3.21.3-5 [1878 kB]
Get:51 http://127.0.0.1:12990/debian sid/main amd64 cmake amd64 3.21.3-5 [7907 kB]
Get:52 http://127.0.0.1:12990/debian sid/main amd64 libdebhelper-perl all 13.5.2 [192 kB]
Get:53 http://127.0.0.1:12990/debian sid/main amd64 libtool all 2.4.6-15 [513 kB]
Get:54 http://127.0.0.1:12990/debian sid/main amd64 dh-autoreconf all 20 [17.1 kB]
Get:55 http://127.0.0.1:12990/debian sid/main amd64 libarchive-zip-perl all 1.68-1 [104 kB]
Get:56 http://127.0.0.1:12990/debian sid/main amd64 libsub-override-perl all 0.09-2 [10.2 kB]
Get:57 http://127.0.0.1:12990/debian sid/main amd64 libfile-stripnondeterminism-perl all 1.12.0-2 [26.3 kB]
Get:58 http://127.0.0.1:12990/debian sid/main amd64 dh-strip-nondeterminism all 1.12.0-2 [15.5 kB]
Get:59 http://127.0.0.1:12990/debian sid/main amd64 libelf1 amd64 0.185-2 [172 kB]
Get:60 http://127.0.0.1:12990/debian sid/main amd64 dwz amd64 0.14-1 [98.3 kB]
Get:61 http://127.0.0.1:12990/debian sid/main amd64 gettext amd64 0.21-4 [1311 kB]
Get:62 http://127.0.0.1:12990/debian sid/main amd64 intltool-debian all 0.35.0+20060710.5 [26.8 kB]
Get:63 http://127.0.0.1:12990/debian sid/main amd64 po-debconf all 1.0.21+nmu1 [248 kB]
Get:64 http://127.0.0.1:12990/debian sid/main amd64 debhelper all 13.5.2 [1056 kB]
Get:65 http://127.0.0.1:12990/debian sid/main amd64 python3-lib2to3 all 3.9.7-1 [79.4 kB]
Get:66 http://127.0.0.1:12990/debian sid/main amd64 python3-distutils all 3.9.7-1 [146 kB]
Get:67 http://127.0.0.1:12990/debian sid/main amd64 dh-python all 5.20211022.1 [103 kB]
Get:68 http://127.0.0.1:12990/debian sid/main amd64 libcaf-core0.17 amd64 0.17.6-2 [546 kB]
Get:69 http://127.0.0.1:12990/debian sid/main amd64 libcaf-io0.17 amd64 0.17.6-2 [375 kB]
Get:70 http://127.0.0.1:12990/debian sid/main amd64 libcaf-openssl0.17 amd64 0.17.6-2 [65.0 kB]
Get:71 http://127.0.0.1:12990/debian sid/main amd64 libcaf-dev amd64 0.17.6-2 [271 kB]
Get:72 http://127.0.0.1:12990/debian sid/main amd64 libexpat1-dev amd64 2.4.1-3 [156 kB]
Get:73 http://127.0.0.1:12990/debian sid/main amd64 libjs-jquery all 3.5.1+dfsg+~3.5.5-8 [315 kB]
Get:74 http://127.0.0.1:12990/debian sid/main amd64 libjs-underscore all 1.9.1~dfsg-4 [100 kB]
Get:75 http://127.0.0.1:12990/debian sid/main amd64 libjs-sphinxdoc all 4.2.0-5 [137 kB]
Get:76 http://127.0.0.1:12990/debian sid/main amd64 libpython3.9 amd64 3.9.7-4 [1693 kB]
Get:77 http://127.0.0.1:12990/debian sid/main amd64 zlib1g-dev amd64 1:1.2.11.dfsg-2 [190 kB]
Get:78 http://127.0.0.1:12990/debian sid/main amd64 libpython3.9-dev amd64 3.9.7-4 [4032 kB]
Get:79 http://127.0.0.1:12990/debian sid/main amd64 libpython3-dev amd64 3.9.2-3 [21.7 kB]
Get:80 http://127.0.0.1:12990/debian sid/main amd64 libsqlite3-dev amd64 3.36.0-2 [984 kB]
Get:81 http://127.0.0.1:12990/debian sid/main amd64 libssl-dev amd64 1.1.1l-1 [1809 kB]
Get:82 http://127.0.0.1:12990/debian sid/main amd64 pybind11-dev all 2.7.1-1 [162 kB]
Get:83 http://127.0.0.1:12990/debian sid/main amd64 python3.9-dev amd64 3.9.7-4 [508 kB]
Get:84 http://127.0.0.1:12990/debian sid/main amd64 python3-dev amd64 3.9.2-3 [24.8 kB]
Get:85 http://127.0.0.1:12990/debian sid/main amd64 swig4.0 amd64 4.0.2-1 [1377 kB]
Get:86 http://127.0.0.1:12990/debian sid/main amd64 swig all 4.0.2-1 [330 kB]
debconf: delaying package configuration, since apt-utils is not installed
Fetched 41.4 MB in 0s (118 MB/s)
Selecting previously unselected package bsdextrautils.
(Reading database ... 14273 files and directories currently installed.)
Preparing to unpack .../0-bsdextrautils_2.37.2-4_amd64.deb ...
Unpacking bsdextrautils (2.37.2-4) ...
Selecting previously unselected package libuchardet0:amd64.
Preparing to unpack .../1-libuchardet0_0.0.7-1_amd64.deb ...
Unpacking libuchardet0:amd64 (0.0.7-1) ...
Selecting previously unselected package groff-base.
Preparing to unpack .../2-groff-base_1.22.4-7_amd64.deb ...
Unpacking groff-base (1.22.4-7) ...
Selecting previously unselected package libpipeline1:amd64.
Preparing to unpack .../3-libpipeline1_1.5.3-1_amd64.deb ...
Unpacking libpipeline1:amd64 (1.5.3-1) ...
Selecting previously unselected package man-db.
Preparing to unpack .../4-man-db_2.9.4-2_amd64.deb ...
Unpacking man-db (2.9.4-2) ...
Selecting previously unselected package libpython3.9-minimal:amd64.
Preparing to unpack .../5-libpython3.9-minimal_3.9.7-4_amd64.deb ...
Unpacking libpython3.9-minimal:amd64 (3.9.7-4) ...
Selecting previously unselected package libexpat1:amd64.
Preparing to unpack .../6-libexpat1_2.4.1-3_amd64.deb ...
Unpacking libexpat1:amd64 (2.4.1-3) ...
Selecting previously unselected package python3.9-minimal.
Preparing to unpack .../7-python3.9-minimal_3.9.7-4_amd64.deb ...
Unpacking python3.9-minimal (3.9.7-4) ...
Setting up libpython3.9-minimal:amd64 (3.9.7-4) ...
Setting up libexpat1:amd64 (2.4.1-3) ...
Setting up python3.9-minimal (3.9.7-4) ...
Selecting previously unselected package python3-minimal.
(Reading database ... 15140 files and directories currently installed.)
Preparing to unpack .../0-python3-minimal_3.9.2-3_amd64.deb ...
Unpacking python3-minimal (3.9.2-3) ...
Selecting previously unselected package media-types.
Preparing to unpack .../1-media-types_4.0.0_all.deb ...
Unpacking media-types (4.0.0) ...
Selecting previously unselected package libmpdec3:amd64.
Preparing to unpack .../2-libmpdec3_2.5.1-2_amd64.deb ...
Unpacking libmpdec3:amd64 (2.5.1-2) ...
Selecting previously unselected package libncursesw6:amd64.
Preparing to unpack .../3-libncursesw6_6.2+20210905-1_amd64.deb ...
Unpacking libncursesw6:amd64 (6.2+20210905-1) ...
Selecting previously unselected package readline-common.
Preparing to unpack .../4-readline-common_8.1-2_all.deb ...
Unpacking readline-common (8.1-2) ...
Selecting previously unselected package libreadline8:amd64.
Preparing to unpack .../5-libreadline8_8.1-2_amd64.deb ...
Unpacking libreadline8:amd64 (8.1-2) ...
Selecting previously unselected package libsqlite3-0:amd64.
Preparing to unpack .../6-libsqlite3-0_3.36.0-2_amd64.deb ...
Unpacking libsqlite3-0:amd64 (3.36.0-2) ...
Selecting previously unselected package libpython3.9-stdlib:amd64.
Preparing to unpack .../7-libpython3.9-stdlib_3.9.7-4_amd64.deb ...
Unpacking libpython3.9-stdlib:amd64 (3.9.7-4) ...
Selecting previously unselected package python3.9.
Preparing to unpack .../8-python3.9_3.9.7-4_amd64.deb ...
Unpacking python3.9 (3.9.7-4) ...
Selecting previously unselected package libpython3-stdlib:amd64.
Preparing to unpack .../9-libpython3-stdlib_3.9.2-3_amd64.deb ...
Unpacking libpython3-stdlib:amd64 (3.9.2-3) ...
Setting up python3-minimal (3.9.2-3) ...
Selecting previously unselected package python3.
(Reading database ... 15579 files and directories currently installed.)
Preparing to unpack .../00-python3_3.9.2-3_amd64.deb ...
Unpacking python3 (3.9.2-3) ...
Selecting previously unselected package libncurses6:amd64.
Preparing to unpack .../01-libncurses6_6.2+20210905-1_amd64.deb ...
Unpacking libncurses6:amd64 (6.2+20210905-1) ...
Selecting previously unselected package libprocps8:amd64.
Preparing to unpack .../02-libprocps8_2%3a3.3.17-5_amd64.deb ...
Unpacking libprocps8:amd64 (2:3.3.17-5) ...
Selecting previously unselected package procps.
Preparing to unpack .../03-procps_2%3a3.3.17-5_amd64.deb ...
Unpacking procps (2:3.3.17-5) ...
Selecting previously unselected package sensible-utils.
Preparing to unpack .../04-sensible-utils_0.0.17_all.deb ...
Unpacking sensible-utils (0.0.17) ...
Selecting previously unselected package libmagic-mgc.
Preparing to unpack .../05-libmagic-mgc_1%3a5.39-3_amd64.deb ...
Unpacking libmagic-mgc (1:5.39-3) ...
Selecting previously unselected package libmagic1:amd64.
Preparing to unpack .../06-libmagic1_1%3a5.39-3_amd64.deb ...
Unpacking libmagic1:amd64 (1:5.39-3) ...
Selecting previously unselected package file.
Preparing to unpack .../07-file_1%3a5.39-3_amd64.deb ...
Unpacking file (1:5.39-3) ...
Selecting previously unselected package gettext-base.
Preparing to unpack .../08-gettext-base_0.21-4_amd64.deb ...
Unpacking gettext-base (0.21-4) ...
Selecting previously unselected package libsigsegv2:amd64.
Preparing to unpack .../09-libsigsegv2_2.13-1_amd64.deb ...
Unpacking libsigsegv2:amd64 (2.13-1) ...
Selecting previously unselected package m4.
Preparing to unpack .../10-m4_1.4.18-5_amd64.deb ...
Unpacking m4 (1.4.18-5) ...
Selecting previously unselected package autoconf.
Preparing to unpack .../11-autoconf_2.71-2_all.deb ...
Unpacking autoconf (2.71-2) ...
Selecting previously unselected package autotools-dev.
Preparing to unpack .../12-autotools-dev_20180224.1+nmu1_all.deb ...
Unpacking autotools-dev (20180224.1+nmu1) ...
Selecting previously unselected package automake.
Preparing to unpack .../13-automake_1%3a1.16.5-1_all.deb ...
Unpacking automake (1:1.16.5-1) ...
Selecting previously unselected package autopoint.
Preparing to unpack .../14-autopoint_0.21-4_all.deb ...
Unpacking autopoint (0.21-4) ...
Selecting previously unselected package libarchive13:amd64.
Preparing to unpack .../15-libarchive13_3.4.3-2+b1_amd64.deb ...
Unpacking libarchive13:amd64 (3.4.3-2+b1) ...
Selecting previously unselected package libbrotli1:amd64.
Preparing to unpack .../16-libbrotli1_1.0.9-2+b2_amd64.deb ...
Unpacking libbrotli1:amd64 (1.0.9-2+b2) ...
Selecting previously unselected package libsasl2-modules-db:amd64.
Preparing to unpack .../17-libsasl2-modules-db_2.1.27+dfsg-2.1_amd64.deb ...
Unpacking libsasl2-modules-db:amd64 (2.1.27+dfsg-2.1) ...
Selecting previously unselected package libsasl2-2:amd64.
Preparing to unpack .../18-libsasl2-2_2.1.27+dfsg-2.1_amd64.deb ...
Unpacking libsasl2-2:amd64 (2.1.27+dfsg-2.1) ...
Selecting previously unselected package libldap-2.4-2:amd64.
Preparing to unpack .../19-libldap-2.4-2_2.4.59+dfsg-1_amd64.deb ...
Unpacking libldap-2.4-2:amd64 (2.4.59+dfsg-1) ...
Selecting previously unselected package libnghttp2-14:amd64.
Preparing to unpack .../20-libnghttp2-14_1.43.0-1_amd64.deb ...
Unpacking libnghttp2-14:amd64 (1.43.0-1) ...
Selecting previously unselected package libpsl5:amd64.
Preparing to unpack .../21-libpsl5_0.21.0-1.2_amd64.deb ...
Unpacking libpsl5:amd64 (0.21.0-1.2) ...
Selecting previously unselected package librtmp1:amd64.
Preparing to unpack .../22-librtmp1_2.4+20151223.gitfa8646d.1-2+b2_amd64.deb ...
Unpacking librtmp1:amd64 (2.4+20151223.gitfa8646d.1-2+b2) ...
Selecting previously unselected package libssh2-1:amd64.
Preparing to unpack .../23-libssh2-1_1.10.0-2_amd64.deb ...
Unpacking libssh2-1:amd64 (1.10.0-2) ...
Selecting previously unselected package libcurl4:amd64.
Preparing to unpack .../24-libcurl4_7.74.0-1.3+b1_amd64.deb ...
Unpacking libcurl4:amd64 (7.74.0-1.3+b1) ...
Selecting previously unselected package libjsoncpp24:amd64.
Preparing to unpack .../25-libjsoncpp24_1.9.4-5_amd64.deb ...
Unpacking libjsoncpp24:amd64 (1.9.4-5) ...
Selecting previously unselected package librhash0:amd64.
Preparing to unpack .../26-librhash0_1.4.2-1_amd64.deb ...
Unpacking librhash0:amd64 (1.4.2-1) ...
Selecting previously unselected package libuv1:amd64.
Preparing to unpack .../27-libuv1_1.42.0-1_amd64.deb ...
Unpacking libuv1:amd64 (1.42.0-1) ...
Selecting previously unselected package dh-elpa-helper.
Preparing to unpack .../28-dh-elpa-helper_2.0.9_all.deb ...
Unpacking dh-elpa-helper (2.0.9) ...
Selecting previously unselected package emacsen-common.
Preparing to unpack .../29-emacsen-common_3.0.4_all.deb ...
Unpacking emacsen-common (3.0.4) ...
Selecting previously unselected package cmake-data.
Preparing to unpack .../30-cmake-data_3.21.3-5_all.deb ...
Unpacking cmake-data (3.21.3-5) ...
Selecting previously unselected package cmake.
Preparing to unpack .../31-cmake_3.21.3-5_amd64.deb ...
Unpacking cmake (3.21.3-5) ...
Selecting previously unselected package libdebhelper-perl.
Preparing to unpack .../32-libdebhelper-perl_13.5.2_all.deb ...
Unpacking libdebhelper-perl (13.5.2) ...
Selecting previously unselected package libtool.
Preparing to unpack .../33-libtool_2.4.6-15_all.deb ...
Unpacking libtool (2.4.6-15) ...
Selecting previously unselected package dh-autoreconf.
Preparing to unpack .../34-dh-autoreconf_20_all.deb ...
Unpacking dh-autoreconf (20) ...
Selecting previously unselected package libarchive-zip-perl.
Preparing to unpack .../35-libarchive-zip-perl_1.68-1_all.deb ...
Unpacking libarchive-zip-perl (1.68-1) ...
Selecting previously unselected package libsub-override-perl.
Preparing to unpack .../36-libsub-override-perl_0.09-2_all.deb ...
Unpacking libsub-override-perl (0.09-2) ...
Selecting previously unselected package libfile-stripnondeterminism-perl.
Preparing to unpack .../37-libfile-stripnondeterminism-perl_1.12.0-2_all.deb ...
Unpacking libfile-stripnondeterminism-perl (1.12.0-2) ...
Selecting previously unselected package dh-strip-nondeterminism.
Preparing to unpack .../38-dh-strip-nondeterminism_1.12.0-2_all.deb ...
Unpacking dh-strip-nondeterminism (1.12.0-2) ...
Selecting previously unselected package libelf1:amd64.
Preparing to unpack .../39-libelf1_0.185-2_amd64.deb ...
Unpacking libelf1:amd64 (0.185-2) ...
Selecting previously unselected package dwz.
Preparing to unpack .../40-dwz_0.14-1_amd64.deb ...
Unpacking dwz (0.14-1) ...
Selecting previously unselected package gettext.
Preparing to unpack .../41-gettext_0.21-4_amd64.deb ...
Unpacking gettext (0.21-4) ...
Selecting previously unselected package intltool-debian.
Preparing to unpack .../42-intltool-debian_0.35.0+20060710.5_all.deb ...
Unpacking intltool-debian (0.35.0+20060710.5) ...
Selecting previously unselected package po-debconf.
Preparing to unpack .../43-po-debconf_1.0.21+nmu1_all.deb ...
Unpacking po-debconf (1.0.21+nmu1) ...
Selecting previously unselected package debhelper.
Preparing to unpack .../44-debhelper_13.5.2_all.deb ...
Unpacking debhelper (13.5.2) ...
Selecting previously unselected package python3-lib2to3.
Preparing to unpack .../45-python3-lib2to3_3.9.7-1_all.deb ...
Unpacking python3-lib2to3 (3.9.7-1) ...
Selecting previously unselected package python3-distutils.
Preparing to unpack .../46-python3-distutils_3.9.7-1_all.deb ...
Unpacking python3-distutils (3.9.7-1) ...
Selecting previously unselected package dh-python.
Preparing to unpack .../47-dh-python_5.20211022.1_all.deb ...
Unpacking dh-python (5.20211022.1) ...
Selecting previously unselected package libcaf-core0.17.
Preparing to unpack .../48-libcaf-core0.17_0.17.6-2_amd64.deb ...
Unpacking libcaf-core0.17 (0.17.6-2) ...
Selecting previously unselected package libcaf-io0.17.
Preparing to unpack .../49-libcaf-io0.17_0.17.6-2_amd64.deb ...
Unpacking libcaf-io0.17 (0.17.6-2) ...
Selecting previously unselected package libcaf-openssl0.17.
Preparing to unpack .../50-libcaf-openssl0.17_0.17.6-2_amd64.deb ...
Unpacking libcaf-openssl0.17 (0.17.6-2) ...
Selecting previously unselected package libcaf-dev.
Preparing to unpack .../51-libcaf-dev_0.17.6-2_amd64.deb ...
Unpacking libcaf-dev (0.17.6-2) ...
Selecting previously unselected package libexpat1-dev:amd64.
Preparing to unpack .../52-libexpat1-dev_2.4.1-3_amd64.deb ...
Unpacking libexpat1-dev:amd64 (2.4.1-3) ...
Selecting previously unselected package libjs-jquery.
Preparing to unpack .../53-libjs-jquery_3.5.1+dfsg+~3.5.5-8_all.deb ...
Unpacking libjs-jquery (3.5.1+dfsg+~3.5.5-8) ...
Selecting previously unselected package libjs-underscore.
Preparing to unpack .../54-libjs-underscore_1.9.1~dfsg-4_all.deb ...
Unpacking libjs-underscore (1.9.1~dfsg-4) ...
Selecting previously unselected package libjs-sphinxdoc.
Preparing to unpack .../55-libjs-sphinxdoc_4.2.0-5_all.deb ...
Unpacking libjs-sphinxdoc (4.2.0-5) ...
Selecting previously unselected package libpython3.9:amd64.
Preparing to unpack .../56-libpython3.9_3.9.7-4_amd64.deb ...
Unpacking libpython3.9:amd64 (3.9.7-4) ...
Selecting previously unselected package zlib1g-dev:amd64.
Preparing to unpack .../57-zlib1g-dev_1%3a1.2.11.dfsg-2_amd64.deb ...
Unpacking zlib1g-dev:amd64 (1:1.2.11.dfsg-2) ...
Selecting previously unselected package libpython3.9-dev:amd64.
Preparing to unpack .../58-libpython3.9-dev_3.9.7-4_amd64.deb ...
Unpacking libpython3.9-dev:amd64 (3.9.7-4) ...
Selecting previously unselected package libpython3-dev:amd64.
Preparing to unpack .../59-libpython3-dev_3.9.2-3_amd64.deb ...
Unpacking libpython3-dev:amd64 (3.9.2-3) ...
Selecting previously unselected package libsqlite3-dev:amd64.
Preparing to unpack .../60-libsqlite3-dev_3.36.0-2_amd64.deb ...
Unpacking libsqlite3-dev:amd64 (3.36.0-2) ...
Selecting previously unselected package libssl-dev:amd64.
Preparing to unpack .../61-libssl-dev_1.1.1l-1_amd64.deb ...
Unpacking libssl-dev:amd64 (1.1.1l-1) ...
Selecting previously unselected package pybind11-dev.
Preparing to unpack .../62-pybind11-dev_2.7.1-1_all.deb ...
Unpacking pybind11-dev (2.7.1-1) ...
Selecting previously unselected package python3.9-dev.
Preparing to unpack .../63-python3.9-dev_3.9.7-4_amd64.deb ...
Unpacking python3.9-dev (3.9.7-4) ...
Selecting previously unselected package python3-dev.
Preparing to unpack .../64-python3-dev_3.9.2-3_amd64.deb ...
Unpacking python3-dev (3.9.2-3) ...
Selecting previously unselected package swig4.0.
Preparing to unpack .../65-swig4.0_4.0.2-1_amd64.deb ...
Unpacking swig4.0 (4.0.2-1) ...
Selecting previously unselected package swig.
Preparing to unpack .../66-swig_4.0.2-1_all.deb ...
Unpacking swig (4.0.2-1) ...
Selecting previously unselected package sbuild-build-depends-main-dummy.
Preparing to unpack .../67-sbuild-build-depends-main-dummy_0.invalid.0_amd64.deb ...
Unpacking sbuild-build-depends-main-dummy (0.invalid.0) ...
Setting up media-types (4.0.0) ...
Setting up libpipeline1:amd64 (1.5.3-1) ...
Setting up libpsl5:amd64 (0.21.0-1.2) ...
Setting up bsdextrautils (2.37.2-4) ...
update-alternatives: using /usr/bin/write.ul to provide /usr/bin/write (write) in auto mode
Setting up libmagic-mgc (1:5.39-3) ...
Setting up libarchive13:amd64 (3.4.3-2+b1) ...
Setting up libarchive-zip-perl (1.68-1) ...
Setting up libdebhelper-perl (13.5.2) ...
Setting up libbrotli1:amd64 (1.0.9-2+b2) ...
Setting up libsqlite3-0:amd64 (3.36.0-2) ...
Setting up libnghttp2-14:amd64 (1.43.0-1) ...
Setting up libmagic1:amd64 (1:5.39-3) ...
Setting up gettext-base (0.21-4) ...
Setting up file (1:5.39-3) ...
Setting up pybind11-dev (2.7.1-1) ...
Setting up libsasl2-modules-db:amd64 (2.1.27+dfsg-2.1) ...
Setting up autotools-dev (20180224.1+nmu1) ...
Setting up libuv1:amd64 (1.42.0-1) ...
Setting up libexpat1-dev:amd64 (2.4.1-3) ...
Setting up emacsen-common (3.0.4) ...
Setting up libsqlite3-dev:amd64 (3.36.0-2) ...
Setting up librtmp1:amd64 (2.4+20151223.gitfa8646d.1-2+b2) ...
Setting up dh-elpa-helper (2.0.9) ...
Setting up libncurses6:amd64 (6.2+20210905-1) ...
Setting up libsigsegv2:amd64 (2.13-1) ...
Setting up libssl-dev:amd64 (1.1.1l-1) ...
Setting up autopoint (0.21-4) ...
Setting up libcaf-core0.17 (0.17.6-2) ...
Setting up libncursesw6:amd64 (6.2+20210905-1) ...
Setting up libsasl2-2:amd64 (2.1.27+dfsg-2.1) ...
Setting up libjsoncpp24:amd64 (1.9.4-5) ...
Setting up libcaf-io0.17 (0.17.6-2) ...
Setting up zlib1g-dev:amd64 (1:1.2.11.dfsg-2) ...
Setting up sensible-utils (0.0.17) ...
Setting up librhash0:amd64 (1.4.2-1) ...
Setting up libuchardet0:amd64 (0.0.7-1) ...
Setting up libmpdec3:amd64 (2.5.1-2) ...
Setting up libsub-override-perl (0.09-2) ...
Setting up libssh2-1:amd64 (1.10.0-2) ...
Setting up cmake-data (3.21.3-5) ...
Setting up libjs-jquery (3.5.1+dfsg+~3.5.5-8) ...
Setting up swig4.0 (4.0.2-1) ...
Setting up libelf1:amd64 (0.185-2) ...
Setting up readline-common (8.1-2) ...
Setting up libprocps8:amd64 (2:3.3.17-5) ...
Setting up libjs-underscore (1.9.1~dfsg-4) ...
Setting up libfile-stripnondeterminism-perl (1.12.0-2) ...
Setting up gettext (0.21-4) ...
Setting up swig (4.0.2-1) ...
Setting up libtool (2.4.6-15) ...
Setting up libreadline8:amd64 (8.1-2) ...
Setting up libldap-2.4-2:amd64 (2.4.59+dfsg-1) ...
Setting up m4 (1.4.18-5) ...
Setting up intltool-debian (0.35.0+20060710.5) ...
Setting up libcaf-openssl0.17 (0.17.6-2) ...
Setting up libjs-sphinxdoc (4.2.0-5) ...
Setting up autoconf (2.71-2) ...
Setting up dh-strip-nondeterminism (1.12.0-2) ...
Setting up dwz (0.14-1) ...
Setting up libcaf-dev (0.17.6-2) ...
Setting up groff-base (1.22.4-7) ...
Setting up procps (2:3.3.17-5) ...
Setting up libcurl4:amd64 (7.74.0-1.3+b1) ...
Setting up libpython3.9-stdlib:amd64 (3.9.7-4) ...
Setting up libpython3-stdlib:amd64 (3.9.2-3) ...
Setting up automake (1:1.16.5-1) ...
update-alternatives: using /usr/bin/automake-1.16 to provide /usr/bin/automake (automake) in auto mode
Setting up po-debconf (1.0.21+nmu1) ...
Setting up man-db (2.9.4-2) ...
Not building database; man-db/auto-update is not 'true'.
Setting up dh-autoreconf (20) ...
Setting up libpython3.9:amd64 (3.9.7-4) ...
Setting up cmake (3.21.3-5) ...
Setting up python3.9 (3.9.7-4) ...
Setting up libpython3.9-dev:amd64 (3.9.7-4) ...
Setting up debhelper (13.5.2) ...
Setting up python3 (3.9.2-3) ...
Setting up python3.9-dev (3.9.7-4) ...
Setting up python3-lib2to3 (3.9.7-1) ...
Setting up python3-distutils (3.9.7-1) ...
Setting up dh-python (5.20211022.1) ...
Setting up libpython3-dev:amd64 (3.9.2-3) ...
Setting up python3-dev (3.9.2-3) ...
Setting up sbuild-build-depends-main-dummy (0.invalid.0) ...
Processing triggers for libc-bin (2.32-4) ...

+------------------------------------------------------------------------------+
| Check architectures                                                          |
+------------------------------------------------------------------------------+

Arch check ok (amd64 included in any)

+------------------------------------------------------------------------------+
| Build environment                                                            |
+------------------------------------------------------------------------------+

Kernel: Linux 4.19.0-6-cloud-amd64 #1 SMP Debian 4.19.67-2+deb10u2 (2019-11-11) amd64 (x86_64)
Toolchain package versions: binutils_2.37-7 dpkg-dev_1.20.9 g++-11_11.2.0-10 gcc-11_11.2.0-10 libc6-dev_2.32-4 libstdc++-11-dev_11.2.0-10 libstdc++6_11.2.0-10 linux-libc-dev_5.14.12-1
Package versions: adduser_3.118 apt_2.3.11 autoconf_2.71-2 automake_1:1.16.5-1 autopoint_0.21-4 autotools-dev_20180224.1+nmu1 base-files_12 base-passwd_3.5.52 bash_5.1-3+b2 binutils_2.37-7 binutils-common_2.37-7 binutils-x86-64-linux-gnu_2.37-7 bsdextrautils_2.37.2-4 bsdutils_1:2.37.2-4 build-essential_12.9 bzip2_1.0.8-4 clang-13_1:13.0.0-8 cmake_3.21.3-5 cmake-data_3.21.3-5 coreutils_8.32-4+b1 cpp_4:11.2.0-2 cpp-11_11.2.0-10 dash_0.5.11+git20210120+802ebd4-2 debconf_1.5.78 debhelper_13.5.2 debian-archive-keyring_2021.1.1 debianutils_5.5-1 dh-autoreconf_20 dh-elpa-helper_2.0.9 dh-python_5.20211022.1 dh-strip-nondeterminism_1.12.0-2 diffutils_1:3.7-5 dpkg_1.20.9 dpkg-dev_1.20.9 dwz_0.14-1 e2fsprogs_1.46.4-1 emacsen-common_3.0.4 fakeroot_1.26-1 file_1:5.39-3 findutils_4.8.0-1 g++_4:11.2.0-2 g++-11_11.2.0-10 gcc_4:11.2.0-2 gcc-10-base_10.3.0-11 gcc-11_11.2.0-10 gcc-11-base_11.2.0-10 gcc-9-base_9.4.0-3 gettext_0.21-4 gettext-base_0.21-4 gpgv_2.2.27-2 grep_3.7-1 groff-base_1.22.4-7 gzip_1.10-4 hostname_3.23 init-system-helpers_1.60 intltool-debian_0.35.0+20060710.5 lib32gcc-s1_11.2.0-10 lib32stdc++6_11.2.0-10 libacl1_2.3.1-1 libapt-pkg6.0_2.3.11 libarchive-zip-perl_1.68-1 libarchive13_3.4.3-2+b1 libasan5_9.4.0-3 libasan6_11.2.0-10 libatomic1_11.2.0-10 libattr1_1:2.5.1-1 libaudit-common_1:3.0.6-1 libaudit1_1:3.0.6-1 libbinutils_2.37-7 libblkid1_2.37.2-4 libbrotli1_1.0.9-2+b2 libbsd0_0.11.3-1 libbz2-1.0_1.0.8-4 libc-bin_2.32-4 libc-dev-bin_2.32-4 libc6_2.32-4 libc6-dev_2.32-4 libc6-i386_2.32-4 libcaf-core0.17_0.17.6-2 libcaf-dev_0.17.6-2 libcaf-io0.17_0.17.6-2 libcaf-openssl0.17_0.17.6-2 libcap-ng0_0.7.9-2.2+b1 libcap2_1:2.44-1 libcc1-0_11.2.0-10 libclang-common-13-dev_1:13.0.0-8 libclang-cpp13_1:13.0.0-8 libclang1-13_1:13.0.0-8 libcom-err2_1.46.4-1 libcrypt-dev_1:4.4.25-2 libcrypt1_1:4.4.25-2 libctf-nobfd0_2.37-7 libctf0_2.37-7 libcurl4_7.74.0-1.3+b1 libdb5.3_5.3.28+dfsg1-0.8 libdebconfclient0_0.260 libdebhelper-perl_13.5.2 libdpkg-perl_1.20.9 libedit2_3.1-20210910-1 libelf1_0.185-2 libexpat1_2.4.1-3 libexpat1-dev_2.4.1-3 libext2fs2_1.46.4-1 libfakeroot_1.26-1 libffi8_3.4.2-3 libfile-stripnondeterminism-perl_1.12.0-2 libgc1_1:8.0.4-3 libgcc-11-dev_11.2.0-10 libgcc-9-dev_9.4.0-3 libgcc-s1_11.2.0-10 libgcrypt20_1.9.4-3+b1 libgdbm-compat4_1.22-1 libgdbm6_1.22-1 libgmp10_2:6.2.1+dfsg-2 libgnutls30_3.7.2-2 libgomp1_11.2.0-10 libgpg-error0_1.42-3 libgssapi-krb5-2_1.18.3-7 libhogweed6_3.7.3-1 libicu67_67.1-7 libidn2-0_2.3.2-2 libisl23_0.24-2 libitm1_11.2.0-10 libjs-jquery_3.5.1+dfsg+~3.5.5-8 libjs-sphinxdoc_4.2.0-5 libjs-underscore_1.9.1~dfsg-4 libjsoncpp24_1.9.4-5 libk5crypto3_1.18.3-7 libkeyutils1_1.6.1-2 libkrb5-3_1.18.3-7 libkrb5support0_1.18.3-7 libldap-2.4-2_2.4.59+dfsg-1 libllvm13_1:13.0.0-8 liblsan0_11.2.0-10 liblz4-1_1.9.3-2 liblzma5_5.2.5-2 libmagic-mgc_1:5.39-3 libmagic1_1:5.39-3 libmd0_1.0.4-1 libmount1_2.37.2-4 libmpc3_1.2.1-1 libmpdec3_2.5.1-2 libmpfr6_4.1.0-3 libncurses6_6.2+20210905-1 libncursesw6_6.2+20210905-1 libnettle8_3.7.3-1 libnghttp2-14_1.43.0-1 libnsl-dev_1.3.0-2 libnsl2_1.3.0-2 libobjc-11-dev_11.2.0-10 libobjc-9-dev_9.4.0-3 libobjc4_11.2.0-10 libomp-13-dev_1:13.0.0-8 libomp5-13_1:13.0.0-8 libp11-kit0_0.24.0-5 libpam-modules_1.4.0-10 libpam-modules-bin_1.4.0-10 libpam-runtime_1.4.0-10 libpam0g_1.4.0-10 libpcre2-8-0_10.36-2 libpcre3_2:8.39-13 libperl5.32_5.32.1-6 libpipeline1_1.5.3-1 libprocps8_2:3.3.17-5 libpsl5_0.21.0-1.2 libpython3-dev_3.9.2-3 libpython3-stdlib_3.9.2-3 libpython3.9_3.9.7-4 libpython3.9-dev_3.9.7-4 libpython3.9-minimal_3.9.7-4 libpython3.9-stdlib_3.9.7-4 libquadmath0_11.2.0-10 libreadline8_8.1-2 librhash0_1.4.2-1 librtmp1_2.4+20151223.gitfa8646d.1-2+b2 libsasl2-2_2.1.27+dfsg-2.1 libsasl2-modules-db_2.1.27+dfsg-2.1 libseccomp2_2.5.2-2 libselinux1_3.1-3 libsemanage-common_3.1-1 libsemanage1_3.1-1+b2 libsepol1_3.1-1 libsigsegv2_2.13-1 libsmartcols1_2.37.2-4 libsqlite3-0_3.36.0-2 libsqlite3-dev_3.36.0-2 libss2_1.46.4-1 libssh2-1_1.10.0-2 libssl-dev_1.1.1l-1 libssl1.1_1.1.1l-1 libstdc++-11-dev_11.2.0-10 libstdc++6_11.2.0-10 libsub-override-perl_0.09-2 libsystemd0_249.5-1 libtasn1-6_4.17.0-2 libtinfo6_6.2+20210905-1 libtirpc-common_1.3.2-2 libtirpc-dev_1.3.2-2 libtirpc3_1.3.2-2 libtool_2.4.6-15 libtsan0_11.2.0-10 libubsan1_11.2.0-10 libuchardet0_0.0.7-1 libudev1_249.5-1 libunistring2_0.9.10-6 libuuid1_2.37.2-4 libuv1_1.42.0-1 libxml2_2.9.12+dfsg-5 libxxhash0_0.8.0-2 libz3-4_4.8.12-1+b1 libzstd1_1.4.8+dfsg-3 linux-libc-dev_5.14.12-1 login_1:4.8.1-1 logsave_1.46.4-1 lsb-base_11.1.0 m4_1.4.18-5 make_4.3-4.1 man-db_2.9.4-2 mawk_1.3.4.20200120-2 media-types_4.0.0 mount_2.37.2-4 ncurses-base_6.2+20210905-1 ncurses-bin_6.2+20210905-1 passwd_1:4.8.1-1 patch_2.7.6-7 perl_5.32.1-6 perl-base_5.32.1-6 perl-modules-5.32_5.32.1-6 po-debconf_1.0.21+nmu1 procps_2:3.3.17-5 pybind11-dev_2.7.1-1 python3_3.9.2-3 python3-dev_3.9.2-3 python3-distutils_3.9.7-1 python3-lib2to3_3.9.7-1 python3-minimal_3.9.2-3 python3.9_3.9.7-4 python3.9-dev_3.9.7-4 python3.9-minimal_3.9.7-4 qt5-qmake_5.15.2+dfsg-12 qt5-qmake-bin_5.15.2+dfsg-12 qtchooser_66-2 readline-common_8.1-2 rpcsvc-proto_1.4.2-4 sbuild-build-depends-main-dummy_0.invalid.0 sed_4.8-1 sensible-utils_0.0.17 swig_4.0.2-1 swig4.0_4.0.2-1 sysvinit-utils_3.00-1 tar_1.34+dfsg-1 tzdata_2021e-1 util-linux_2.37.2-4 xz-utils_5.2.5-2 zlib1g_1:1.2.11.dfsg-2 zlib1g-dev_1:1.2.11.dfsg-2

+------------------------------------------------------------------------------+
| Build                                                                        |
+------------------------------------------------------------------------------+


Unpack source
-------------

-----BEGIN PGP SIGNED MESSAGE-----
Hash: SHA256

Format: 3.0 (quilt)
Source: broker
Binary: libbroker-dev, libbroker2, python3-broker
Architecture: any
Version: 1.4.0+ds1-1
Maintainer: Hilko Bengen <bengen@debian.org>
Homepage: https://www.bro.org/
Standards-Version: 4.3.0
Vcs-Browser: https://salsa.debian.org/bro-team/broker
Vcs-Git: https://salsa.debian.org/bro-team/broker.git
Build-Depends: debhelper (>= 12~), dh-python, cmake, libcaf-dev (>= 0.16), libsqlite3-dev, python3-dev, swig, libssl-dev, pybind11-dev
Package-List:
 libbroker-dev deb libdevel optional arch=any
 libbroker2 deb libs optional arch=any
 python3-broker deb libs optional arch=any
Checksums-Sha1:
 ff2146910662eccb2a8d18e48cf4228528ba5186 355892 broker_1.4.0+ds1.orig.tar.xz
 eeb033b8314220947aadb8edfa6ce35fdebe9f3e 16600 broker_1.4.0+ds1-1.debian.tar.xz
Checksums-Sha256:
 41613c6d39b0bb4d48e214578bee8b488c7d58686b4fe629dfceadfce0296bc5 355892 broker_1.4.0+ds1.orig.tar.xz
 d01221662d5eef45147a14513df3845ceeb3db0024d5813e0fefb1ae38360d18 16600 broker_1.4.0+ds1-1.debian.tar.xz
Files:
 36f2d596334b620669f16c395b8bd301 355892 broker_1.4.0+ds1.orig.tar.xz
 822d3d708452f1030adbbac229213687 16600 broker_1.4.0+ds1-1.debian.tar.xz

-----BEGIN PGP SIGNATURE-----

iQIzBAEBCAAdFiEErnMQVUQqHZbPTUx4dbcQY1whOn4FAl/mciQACgkQdbcQY1wh
On51Qg/9EqCsdCeH7IfxPe/NbB5FgN1cbH8dLrbK99oahjxVc6CY8y2mV4CzpRlQ
yYctSWZjwvnykRVwbiAgi7PHzS5CXNyTpRguIVnXV4o9kDA9bwNbWJWJOLRtm3ao
iM5G1BP9Y8nPyIzfjXUec+a0XMdAuRXaA8r1NtqOdoAZpmkKJ3tVc+sTQ+K7uN+I
gzKhFCVlSHhZYZkJoHTbpeuX3UzWLVfV5nLSg5uqGh0PS00iDRFshJUthr7OZwV3
6TehUdAySB9wPki8EcI1Q+rcoZceywWFwf73MLJlEa2Ln5fW1sHFGArgC6h4bt+I
Q9QF4ZBnfLkMFVeqIn5sthUYyDpr+4OuvWYqUWfbUWDB+n6dh3yLILTBU+A6K4vA
oTyCeRmZfPmfJCWiGm01s7RY7HdTO28EVGgcra1Xk8Z8JDxZlKBhzYtgIL+4rJOT
2kIY8PoiOQuC5dpbonrrGVziDgIVOKVgwPJrmzJSIVr3pVE1OD3EEwSp78SDLLMl
mrhbu0b+R4yG+hfttoESKQBvqHJ4t4RqXkwi8I2Em46GQ5zauGzs6Tnxs2F8UbPT
KTlIwpAKdqqFjQVCI4X42epSX7caFRM1uo6i7y8brIiI9Ml2u2kvXV1U1DtNyklb
s3DDZHJlb4KwF9qDs3tj7asQ6BBLvwAdgfXA/udk7ezHYwD4EZk=
=oJzC
-----END PGP SIGNATURE-----

gpgv: unknown type of key resource 'trustedkeys.kbx'
gpgv: keyblock resource '/tmp/dpkg-verify-sig.MMDWPplb/trustedkeys.kbx': General error
gpgv: Signature made Fri Dec 25 23:13:40 2020 UTC
gpgv:                using RSA key AE731055442A1D96CF4D4C7875B710635C213A7E
gpgv: Can't check signature: No public key
dpkg-source: warning: failed to verify signature on ./broker_1.4.0+ds1-1.dsc
dpkg-source: info: extracting broker in /<<PKGBUILDDIR>>
dpkg-source: info: unpacking broker_1.4.0+ds1.orig.tar.xz
dpkg-source: info: unpacking broker_1.4.0+ds1-1.debian.tar.xz
dpkg-source: info: using patch list from debian/patches/series
dpkg-source: info: applying fix-lib-version.patch
dpkg-source: info: applying use-system-pybind.patch
dpkg-source: info: applying fix-pybind11-2.6.patch

Check disk space
----------------

Sufficient free space for build

User Environment
----------------

APT_CONFIG=/var/lib/sbuild/apt.conf
HOME=/sbuild-nonexistent
LANG=C.UTF-8
LC_ALL=C.UTF-8
LOGNAME=user42
PATH=/usr/local/sbin:/usr/local/bin:/usr/sbin:/usr/bin:/sbin:/bin:/usr/games
SCHROOT_ALIAS_NAME=unstable
SCHROOT_CHROOT_NAME=sid-amd64-sbuild
SCHROOT_COMMAND=env
SCHROOT_GID=1001
SCHROOT_GROUP=user42
SCHROOT_SESSION_ID=sid-amd64-sbuild-ed1fce4c-d981-4ec7-9e47-6b54c343e6fc
SCHROOT_UID=1001
SCHROOT_USER=user42
SHELL=/bin/sh
USER=user42

dpkg-buildpackage
-----------------

Command: dpkg-buildpackage -us -uc -b -rfakeroot
dpkg-buildpackage: info: source package broker
dpkg-buildpackage: info: source version 1.4.0+ds1-1
dpkg-buildpackage: info: source distribution unstable
dpkg-buildpackage: info: source changed by Hilko Bengen <bengen@debian.org>
 dpkg-source --before-build .
dpkg-buildpackage: info: host architecture amd64
 fakeroot debian/rules clean
dh clean --buildsystem=cmake --with=python3
   dh_auto_clean -O--buildsystem=cmake
   dh_autoreconf_clean -O--buildsystem=cmake
   dh_clean -O--buildsystem=cmake
 debian/rules build
dh build --buildsystem=cmake --with=python3
   dh_update_autotools_config -O--buildsystem=cmake
   dh_autoreconf -O--buildsystem=cmake
   debian/rules override_dh_auto_configure
make[1]: Entering directory '/<<PKGBUILDDIR>>'
dh_auto_configure -- \
-DINSTALL_LIB_DIR=/usr/lib/x86_64-linux-gnu \
-DCAF_ROOT_DIR=/usr/include \
-DBINARY_PACKAGING_MODE=1 \
-DBROKER_EXTERNAL_SQLITE_TARGET=sqlite3
	cd obj-x86_64-linux-gnu && cmake -DCMAKE_INSTALL_PREFIX=/usr -DCMAKE_BUILD_TYPE=None -DCMAKE_INSTALL_SYSCONFDIR=/etc -DCMAKE_INSTALL_LOCALSTATEDIR=/var -DCMAKE_EXPORT_NO_PACKAGE_REGISTRY=ON -DCMAKE_FIND_USE_PACKAGE_REGISTRY=OFF -DCMAKE_FIND_PACKAGE_NO_PACKAGE_REGISTRY=ON -DCMAKE_INSTALL_RUNSTATEDIR=/run "-GUnix Makefiles" -DCMAKE_VERBOSE_MAKEFILE=ON -DCMAKE_INSTALL_LIBDIR=lib/x86_64-linux-gnu -DINSTALL_LIB_DIR=/usr/lib/x86_64-linux-gnu -DCAF_ROOT_DIR=/usr/include -DBINARY_PACKAGING_MODE=1 -DBROKER_EXTERNAL_SQLITE_TARGET=sqlite3 ..
-- The C compiler identification is Clang 13.0.0
-- The CXX compiler identification is Clang 13.0.0
-- Detecting C compiler ABI info
-- Detecting C compiler ABI info - done
-- Check for working C compiler: /usr/bin/cc - skipped
-- Detecting C compile features
-- Detecting C compile features - done
-- Detecting CXX compiler ABI info
-- Detecting CXX compiler ABI info - done
-- Check for working CXX compiler: /usr/bin/c++ - skipped
-- Detecting CXX compile features
-- Detecting CXX compile features - done
-- Looking for pthread.h
-- Looking for pthread.h - found
-- Performing Test CMAKE_HAVE_LIBC_PTHREAD
-- Performing Test CMAKE_HAVE_LIBC_PTHREAD - Failed
-- Looking for pthread_create in pthreads
-- Looking for pthread_create in pthreads - not found
-- Looking for pthread_create in pthread
-- Looking for pthread_create in pthread - found
-- Found Threads: TRUE  
-- Performing Test cxx17_already_works
-- Performing Test cxx17_already_works - Failed
-- Performing Test cxx17_works
-- Performing Test cxx17_works - Success
-- Performing Test BROKER_HAS_STD_FILESYSTEM
-- Performing Test BROKER_HAS_STD_FILESYSTEM - Success
-- Looking for include file emmintrin.h
-- Looking for include file emmintrin.h - found
-- Performing Test atomic64_builtin
-- Performing Test atomic64_builtin - Failed
-- Performing Test atomic64_with_lib
-- Performing Test atomic64_with_lib - Success
-- Found OpenSSL: /usr/lib/x86_64-linux-gnu/libcrypto.so (found version "1.1.1l")  
-- Found CAF: 0.17.6  found components: openssl test io core 
-- Found PythonInterp: /usr/bin/python3 (found version "3.9.7") 
-- Found PythonDev: /usr/bin/python3.9-config  
-- Performing Test HAS_LTO_FLAG
-- Performing Test HAS_LTO_FLAG - Failed
-- Python bindings will be built and installed to:
--   /usr/lib/python3/dist-packages

==================|  Broker Config Summary  |====================
Version:         1.4.0
SO version:      2

Build Type:      None
Install prefix:  /usr
Library prefix:  lib/x86_64-linux-gnu
Shared libs:     yes
Static libs:     no

CC:              /usr/bin/cc
CFLAGS:          -g -O2 -ffile-prefix-map=/<<PKGBUILDDIR>>=. -fstack-protector-strong -Wformat -Werror=format-security -Wdate-time -D_FORTIFY_SOURCE=2 -Wall -Wno-unused 
CXX:             /usr/bin/c++
CXXFLAGS:        -g -O2 -ffile-prefix-map=/<<PKGBUILDDIR>>=. -fstack-protector-strong -Wformat -Werror=format-security -Wdate-time -D_FORTIFY_SOURCE=2 -Wall -Wno-unused -Wno-register -Werror=vla  -Wall -Wno-unused -pedantic -ftemplate-depth=512 -ftemplate-backtrace-limit=0 -std=c++17 

CAF:             /usr/include (0.17.6)
RocksDB:         no
Python bindings: yes
Zeek:            no
=================================================================

-- Configuring done
-- Generating done
CMake Warning:
  Manually-specified variables were not used by the project:

    CMAKE_EXPORT_NO_PACKAGE_REGISTRY
    CMAKE_FIND_PACKAGE_NO_PACKAGE_REGISTRY
    INSTALL_LIB_DIR


-- Build files have been written to: /<<PKGBUILDDIR>>/obj-x86_64-linux-gnu
make[1]: Leaving directory '/<<PKGBUILDDIR>>'
   dh_auto_build -O--buildsystem=cmake
	cd obj-x86_64-linux-gnu && make -j4 "INSTALL=install --strip-program=true" VERBOSE=1
make[1]: Entering directory '/<<PKGBUILDDIR>>/obj-x86_64-linux-gnu'
/usr/bin/cmake -S/<<PKGBUILDDIR>> -B/<<PKGBUILDDIR>>/obj-x86_64-linux-gnu --check-build-system CMakeFiles/Makefile.cmake 0
/usr/bin/cmake -E cmake_progress_start /<<PKGBUILDDIR>>/obj-x86_64-linux-gnu/CMakeFiles /<<PKGBUILDDIR>>/obj-x86_64-linux-gnu//CMakeFiles/progress.marks
make  -f CMakeFiles/Makefile2 all
make[2]: Entering directory '/<<PKGBUILDDIR>>/obj-x86_64-linux-gnu'
make  -f CMakeFiles/broker.dir/build.make CMakeFiles/broker.dir/depend
make  -f bindings/python/CMakeFiles/python-scripts-stage.dir/build.make bindings/python/CMakeFiles/python-scripts-stage.dir/depend
make[3]: Entering directory '/<<PKGBUILDDIR>>/obj-x86_64-linux-gnu'
cd /<<PKGBUILDDIR>>/obj-x86_64-linux-gnu && /usr/bin/cmake -E cmake_depends "Unix Makefiles" /<<PKGBUILDDIR>> /<<PKGBUILDDIR>>/bindings/python /<<PKGBUILDDIR>>/obj-x86_64-linux-gnu /<<PKGBUILDDIR>>/obj-x86_64-linux-gnu/bindings/python /<<PKGBUILDDIR>>/obj-x86_64-linux-gnu/bindings/python/CMakeFiles/python-scripts-stage.dir/DependInfo.cmake --color=
make[3]: Entering directory '/<<PKGBUILDDIR>>/obj-x86_64-linux-gnu'
cd /<<PKGBUILDDIR>>/obj-x86_64-linux-gnu && /usr/bin/cmake -E cmake_depends "Unix Makefiles" /<<PKGBUILDDIR>> /<<PKGBUILDDIR>> /<<PKGBUILDDIR>>/obj-x86_64-linux-gnu /<<PKGBUILDDIR>>/obj-x86_64-linux-gnu /<<PKGBUILDDIR>>/obj-x86_64-linux-gnu/CMakeFiles/broker.dir/DependInfo.cmake --color=
make[3]: Leaving directory '/<<PKGBUILDDIR>>/obj-x86_64-linux-gnu'
make  -f bindings/python/CMakeFiles/python-scripts-stage.dir/build.make bindings/python/CMakeFiles/python-scripts-stage.dir/build
make[3]: Leaving directory '/<<PKGBUILDDIR>>/obj-x86_64-linux-gnu'
make  -f CMakeFiles/broker.dir/build.make CMakeFiles/broker.dir/build
make[3]: Entering directory '/<<PKGBUILDDIR>>/obj-x86_64-linux-gnu'
make[3]: Entering directory '/<<PKGBUILDDIR>>/obj-x86_64-linux-gnu'
[  1%] Staging Python scripts in /<<PKGBUILDDIR>>/obj-x86_64-linux-gnu/python/broker
cd /<<PKGBUILDDIR>>/obj-x86_64-linux-gnu/bindings/python && /usr/bin/cmake -E copy_directory /<<PKGBUILDDIR>>/bindings/python/broker /<<PKGBUILDDIR>>/obj-x86_64-linux-gnu/python/broker
[  3%] Building CXX object CMakeFiles/broker.dir/src/configuration.cc.o
[  3%] Building CXX object CMakeFiles/broker.dir/src/address.cc.o
/usr/bin/c++ -Dbroker_EXPORTS -I/<<PKGBUILDDIR>>/include -I/<<PKGBUILDDIR>>/obj-x86_64-linux-gnu/include -g -O2 -ffile-prefix-map=/<<PKGBUILDDIR>>=. -fstack-protector-strong -Wformat -Werror=format-security -Wdate-time -D_FORTIFY_SOURCE=2 -Wall -Wno-unused -Wno-register -Werror=vla  -Wall -Wno-unused -pedantic -ftemplate-depth=512 -ftemplate-backtrace-limit=0 -std=c++17 -fPIC   -msse2 -MD -MT CMakeFiles/broker.dir/src/address.cc.o -MF CMakeFiles/broker.dir/src/address.cc.o.d -o CMakeFiles/broker.dir/src/address.cc.o -c /<<PKGBUILDDIR>>/src/address.cc
/usr/bin/c++ -Dbroker_EXPORTS -I/<<PKGBUILDDIR>>/include -I/<<PKGBUILDDIR>>/obj-x86_64-linux-gnu/include -g -O2 -ffile-prefix-map=/<<PKGBUILDDIR>>=. -fstack-protector-strong -Wformat -Werror=format-security -Wdate-time -D_FORTIFY_SOURCE=2 -Wall -Wno-unused -Wno-register -Werror=vla  -Wall -Wno-unused -pedantic -ftemplate-depth=512 -ftemplate-backtrace-limit=0 -std=c++17 -fPIC   -msse2 -MD -MT CMakeFiles/broker.dir/src/configuration.cc.o -MF CMakeFiles/broker.dir/src/configuration.cc.o.d -o CMakeFiles/broker.dir/src/configuration.cc.o -c /<<PKGBUILDDIR>>/src/configuration.cc
[  4%] Building CXX object CMakeFiles/broker.dir/src/convert.cc.o
/usr/bin/c++ -Dbroker_EXPORTS -I/<<PKGBUILDDIR>>/include -I/<<PKGBUILDDIR>>/obj-x86_64-linux-gnu/include -g -O2 -ffile-prefix-map=/<<PKGBUILDDIR>>=. -fstack-protector-strong -Wformat -Werror=format-security -Wdate-time -D_FORTIFY_SOURCE=2 -Wall -Wno-unused -Wno-register -Werror=vla  -Wall -Wno-unused -pedantic -ftemplate-depth=512 -ftemplate-backtrace-limit=0 -std=c++17 -fPIC   -msse2 -MD -MT CMakeFiles/broker.dir/src/convert.cc.o -MF CMakeFiles/broker.dir/src/convert.cc.o.d -o CMakeFiles/broker.dir/src/convert.cc.o -c /<<PKGBUILDDIR>>/src/convert.cc
make[3]: Leaving directory '/<<PKGBUILDDIR>>/obj-x86_64-linux-gnu'
[  4%] Built target python-scripts-stage
[  5%] Building CXX object CMakeFiles/broker.dir/src/core_actor.cc.o
/usr/bin/c++ -Dbroker_EXPORTS -I/<<PKGBUILDDIR>>/include -I/<<PKGBUILDDIR>>/obj-x86_64-linux-gnu/include -g -O2 -ffile-prefix-map=/<<PKGBUILDDIR>>=. -fstack-protector-strong -Wformat -Werror=format-security -Wdate-time -D_FORTIFY_SOURCE=2 -Wall -Wno-unused -Wno-register -Werror=vla  -Wall -Wno-unused -pedantic -ftemplate-depth=512 -ftemplate-backtrace-limit=0 -std=c++17 -fPIC   -msse2 -MD -MT CMakeFiles/broker.dir/src/core_actor.cc.o -MF CMakeFiles/broker.dir/src/core_actor.cc.o.d -o CMakeFiles/broker.dir/src/core_actor.cc.o -c /<<PKGBUILDDIR>>/src/core_actor.cc
[  6%] Building CXX object CMakeFiles/broker.dir/src/data.cc.o
/usr/bin/c++ -Dbroker_EXPORTS -I/<<PKGBUILDDIR>>/include -I/<<PKGBUILDDIR>>/obj-x86_64-linux-gnu/include -g -O2 -ffile-prefix-map=/<<PKGBUILDDIR>>=. -fstack-protector-strong -Wformat -Werror=format-security -Wdate-time -D_FORTIFY_SOURCE=2 -Wall -Wno-unused -Wno-register -Werror=vla  -Wall -Wno-unused -pedantic -ftemplate-depth=512 -ftemplate-backtrace-limit=0 -std=c++17 -fPIC   -msse2 -MD -MT CMakeFiles/broker.dir/src/data.cc.o -MF CMakeFiles/broker.dir/src/data.cc.o.d -o CMakeFiles/broker.dir/src/data.cc.o -c /<<PKGBUILDDIR>>/src/data.cc
[  7%] Building CXX object CMakeFiles/broker.dir/src/defaults.cc.o
/usr/bin/c++ -Dbroker_EXPORTS -I/<<PKGBUILDDIR>>/include -I/<<PKGBUILDDIR>>/obj-x86_64-linux-gnu/include -g -O2 -ffile-prefix-map=/<<PKGBUILDDIR>>=. -fstack-protector-strong -Wformat -Werror=format-security -Wdate-time -D_FORTIFY_SOURCE=2 -Wall -Wno-unused -Wno-register -Werror=vla  -Wall -Wno-unused -pedantic -ftemplate-depth=512 -ftemplate-backtrace-limit=0 -std=c++17 -fPIC   -msse2 -MD -MT CMakeFiles/broker.dir/src/defaults.cc.o -MF CMakeFiles/broker.dir/src/defaults.cc.o.d -o CMakeFiles/broker.dir/src/defaults.cc.o -c /<<PKGBUILDDIR>>/src/defaults.cc
[  8%] Building CXX object CMakeFiles/broker.dir/src/detail/abstract_backend.cc.o
/usr/bin/c++ -Dbroker_EXPORTS -I/<<PKGBUILDDIR>>/include -I/<<PKGBUILDDIR>>/obj-x86_64-linux-gnu/include -g -O2 -ffile-prefix-map=/<<PKGBUILDDIR>>=. -fstack-protector-strong -Wformat -Werror=format-security -Wdate-time -D_FORTIFY_SOURCE=2 -Wall -Wno-unused -Wno-register -Werror=vla  -Wall -Wno-unused -pedantic -ftemplate-depth=512 -ftemplate-backtrace-limit=0 -std=c++17 -fPIC   -msse2 -MD -MT CMakeFiles/broker.dir/src/detail/abstract_backend.cc.o -MF CMakeFiles/broker.dir/src/detail/abstract_backend.cc.o.d -o CMakeFiles/broker.dir/src/detail/abstract_backend.cc.o -c /<<PKGBUILDDIR>>/src/detail/abstract_backend.cc
[  9%] Building CXX object CMakeFiles/broker.dir/src/detail/clone_actor.cc.o
/usr/bin/c++ -Dbroker_EXPORTS -I/<<PKGBUILDDIR>>/include -I/<<PKGBUILDDIR>>/obj-x86_64-linux-gnu/include -g -O2 -ffile-prefix-map=/<<PKGBUILDDIR>>=. -fstack-protector-strong -Wformat -Werror=format-security -Wdate-time -D_FORTIFY_SOURCE=2 -Wall -Wno-unused -Wno-register -Werror=vla  -Wall -Wno-unused -pedantic -ftemplate-depth=512 -ftemplate-backtrace-limit=0 -std=c++17 -fPIC   -msse2 -MD -MT CMakeFiles/broker.dir/src/detail/clone_actor.cc.o -MF CMakeFiles/broker.dir/src/detail/clone_actor.cc.o.d -o CMakeFiles/broker.dir/src/detail/clone_actor.cc.o -c /<<PKGBUILDDIR>>/src/detail/clone_actor.cc
[ 10%] Building CXX object CMakeFiles/broker.dir/src/detail/core_recorder.cc.o
/usr/bin/c++ -Dbroker_EXPORTS -I/<<PKGBUILDDIR>>/include -I/<<PKGBUILDDIR>>/obj-x86_64-linux-gnu/include -g -O2 -ffile-prefix-map=/<<PKGBUILDDIR>>=. -fstack-protector-strong -Wformat -Werror=format-security -Wdate-time -D_FORTIFY_SOURCE=2 -Wall -Wno-unused -Wno-register -Werror=vla  -Wall -Wno-unused -pedantic -ftemplate-depth=512 -ftemplate-backtrace-limit=0 -std=c++17 -fPIC   -msse2 -MD -MT CMakeFiles/broker.dir/src/detail/core_recorder.cc.o -MF CMakeFiles/broker.dir/src/detail/core_recorder.cc.o.d -o CMakeFiles/broker.dir/src/detail/core_recorder.cc.o -c /<<PKGBUILDDIR>>/src/detail/core_recorder.cc
[ 11%] Building CXX object CMakeFiles/broker.dir/src/detail/data_generator.cc.o
/usr/bin/c++ -Dbroker_EXPORTS -I/<<PKGBUILDDIR>>/include -I/<<PKGBUILDDIR>>/obj-x86_64-linux-gnu/include -g -O2 -ffile-prefix-map=/<<PKGBUILDDIR>>=. -fstack-protector-strong -Wformat -Werror=format-security -Wdate-time -D_FORTIFY_SOURCE=2 -Wall -Wno-unused -Wno-register -Werror=vla  -Wall -Wno-unused -pedantic -ftemplate-depth=512 -ftemplate-backtrace-limit=0 -std=c++17 -fPIC   -msse2 -MD -MT CMakeFiles/broker.dir/src/detail/data_generator.cc.o -MF CMakeFiles/broker.dir/src/detail/data_generator.cc.o.d -o CMakeFiles/broker.dir/src/detail/data_generator.cc.o -c /<<PKGBUILDDIR>>/src/detail/data_generator.cc
[ 12%] Building CXX object CMakeFiles/broker.dir/src/detail/filesystem.cc.o
/usr/bin/c++ -Dbroker_EXPORTS -I/<<PKGBUILDDIR>>/include -I/<<PKGBUILDDIR>>/obj-x86_64-linux-gnu/include -g -O2 -ffile-prefix-map=/<<PKGBUILDDIR>>=. -fstack-protector-strong -Wformat -Werror=format-security -Wdate-time -D_FORTIFY_SOURCE=2 -Wall -Wno-unused -Wno-register -Werror=vla  -Wall -Wno-unused -pedantic -ftemplate-depth=512 -ftemplate-backtrace-limit=0 -std=c++17 -fPIC   -msse2 -MD -MT CMakeFiles/broker.dir/src/detail/filesystem.cc.o -MF CMakeFiles/broker.dir/src/detail/filesystem.cc.o.d -o CMakeFiles/broker.dir/src/detail/filesystem.cc.o -c /<<PKGBUILDDIR>>/src/detail/filesystem.cc
[ 13%] Building CXX object CMakeFiles/broker.dir/src/detail/flare.cc.o
/usr/bin/c++ -Dbroker_EXPORTS -I/<<PKGBUILDDIR>>/include -I/<<PKGBUILDDIR>>/obj-x86_64-linux-gnu/include -g -O2 -ffile-prefix-map=/<<PKGBUILDDIR>>=. -fstack-protector-strong -Wformat -Werror=format-security -Wdate-time -D_FORTIFY_SOURCE=2 -Wall -Wno-unused -Wno-register -Werror=vla  -Wall -Wno-unused -pedantic -ftemplate-depth=512 -ftemplate-backtrace-limit=0 -std=c++17 -fPIC   -msse2 -MD -MT CMakeFiles/broker.dir/src/detail/flare.cc.o -MF CMakeFiles/broker.dir/src/detail/flare.cc.o.d -o CMakeFiles/broker.dir/src/detail/flare.cc.o -c /<<PKGBUILDDIR>>/src/detail/flare.cc
[ 15%] Building CXX object CMakeFiles/broker.dir/src/detail/flare_actor.cc.o
/usr/bin/c++ -Dbroker_EXPORTS -I/<<PKGBUILDDIR>>/include -I/<<PKGBUILDDIR>>/obj-x86_64-linux-gnu/include -g -O2 -ffile-prefix-map=/<<PKGBUILDDIR>>=. -fstack-protector-strong -Wformat -Werror=format-security -Wdate-time -D_FORTIFY_SOURCE=2 -Wall -Wno-unused -Wno-register -Werror=vla  -Wall -Wno-unused -pedantic -ftemplate-depth=512 -ftemplate-backtrace-limit=0 -std=c++17 -fPIC   -msse2 -MD -MT CMakeFiles/broker.dir/src/detail/flare_actor.cc.o -MF CMakeFiles/broker.dir/src/detail/flare_actor.cc.o.d -o CMakeFiles/broker.dir/src/detail/flare_actor.cc.o -c /<<PKGBUILDDIR>>/src/detail/flare_actor.cc
[ 16%] Building CXX object CMakeFiles/broker.dir/src/detail/generator_file_reader.cc.o
/usr/bin/c++ -Dbroker_EXPORTS -I/<<PKGBUILDDIR>>/include -I/<<PKGBUILDDIR>>/obj-x86_64-linux-gnu/include -g -O2 -ffile-prefix-map=/<<PKGBUILDDIR>>=. -fstack-protector-strong -Wformat -Werror=format-security -Wdate-time -D_FORTIFY_SOURCE=2 -Wall -Wno-unused -Wno-register -Werror=vla  -Wall -Wno-unused -pedantic -ftemplate-depth=512 -ftemplate-backtrace-limit=0 -std=c++17 -fPIC   -msse2 -MD -MT CMakeFiles/broker.dir/src/detail/generator_file_reader.cc.o -MF CMakeFiles/broker.dir/src/detail/generator_file_reader.cc.o.d -o CMakeFiles/broker.dir/src/detail/generator_file_reader.cc.o -c /<<PKGBUILDDIR>>/src/detail/generator_file_reader.cc
[ 17%] Building CXX object CMakeFiles/broker.dir/src/detail/generator_file_writer.cc.o
/usr/bin/c++ -Dbroker_EXPORTS -I/<<PKGBUILDDIR>>/include -I/<<PKGBUILDDIR>>/obj-x86_64-linux-gnu/include -g -O2 -ffile-prefix-map=/<<PKGBUILDDIR>>=. -fstack-protector-strong -Wformat -Werror=format-security -Wdate-time -D_FORTIFY_SOURCE=2 -Wall -Wno-unused -Wno-register -Werror=vla  -Wall -Wno-unused -pedantic -ftemplate-depth=512 -ftemplate-backtrace-limit=0 -std=c++17 -fPIC   -msse2 -MD -MT CMakeFiles/broker.dir/src/detail/generator_file_writer.cc.o -MF CMakeFiles/broker.dir/src/detail/generator_file_writer.cc.o.d -o CMakeFiles/broker.dir/src/detail/generator_file_writer.cc.o -c /<<PKGBUILDDIR>>/src/detail/generator_file_writer.cc
[ 18%] Building CXX object CMakeFiles/broker.dir/src/detail/make_backend.cc.o
/usr/bin/c++ -Dbroker_EXPORTS -I/<<PKGBUILDDIR>>/include -I/<<PKGBUILDDIR>>/obj-x86_64-linux-gnu/include -g -O2 -ffile-prefix-map=/<<PKGBUILDDIR>>=. -fstack-protector-strong -Wformat -Werror=format-security -Wdate-time -D_FORTIFY_SOURCE=2 -Wall -Wno-unused -Wno-register -Werror=vla  -Wall -Wno-unused -pedantic -ftemplate-depth=512 -ftemplate-backtrace-limit=0 -std=c++17 -fPIC   -msse2 -MD -MT CMakeFiles/broker.dir/src/detail/make_backend.cc.o -MF CMakeFiles/broker.dir/src/detail/make_backend.cc.o.d -o CMakeFiles/broker.dir/src/detail/make_backend.cc.o -c /<<PKGBUILDDIR>>/src/detail/make_backend.cc
[ 19%] Building CXX object CMakeFiles/broker.dir/src/detail/master_actor.cc.o
/usr/bin/c++ -Dbroker_EXPORTS -I/<<PKGBUILDDIR>>/include -I/<<PKGBUILDDIR>>/obj-x86_64-linux-gnu/include -g -O2 -ffile-prefix-map=/<<PKGBUILDDIR>>=. -fstack-protector-strong -Wformat -Werror=format-security -Wdate-time -D_FORTIFY_SOURCE=2 -Wall -Wno-unused -Wno-register -Werror=vla  -Wall -Wno-unused -pedantic -ftemplate-depth=512 -ftemplate-backtrace-limit=0 -std=c++17 -fPIC   -msse2 -MD -MT CMakeFiles/broker.dir/src/detail/master_actor.cc.o -MF CMakeFiles/broker.dir/src/detail/master_actor.cc.o.d -o CMakeFiles/broker.dir/src/detail/master_actor.cc.o -c /<<PKGBUILDDIR>>/src/detail/master_actor.cc
[ 20%] Building CXX object CMakeFiles/broker.dir/src/detail/master_resolver.cc.o
/usr/bin/c++ -Dbroker_EXPORTS -I/<<PKGBUILDDIR>>/include -I/<<PKGBUILDDIR>>/obj-x86_64-linux-gnu/include -g -O2 -ffile-prefix-map=/<<PKGBUILDDIR>>=. -fstack-protector-strong -Wformat -Werror=format-security -Wdate-time -D_FORTIFY_SOURCE=2 -Wall -Wno-unused -Wno-register -Werror=vla  -Wall -Wno-unused -pedantic -ftemplate-depth=512 -ftemplate-backtrace-limit=0 -std=c++17 -fPIC   -msse2 -MD -MT CMakeFiles/broker.dir/src/detail/master_resolver.cc.o -MF CMakeFiles/broker.dir/src/detail/master_resolver.cc.o.d -o CMakeFiles/broker.dir/src/detail/master_resolver.cc.o -c /<<PKGBUILDDIR>>/src/detail/master_resolver.cc
[ 21%] Building CXX object CMakeFiles/broker.dir/src/detail/memory_backend.cc.o
/usr/bin/c++ -Dbroker_EXPORTS -I/<<PKGBUILDDIR>>/include -I/<<PKGBUILDDIR>>/obj-x86_64-linux-gnu/include -g -O2 -ffile-prefix-map=/<<PKGBUILDDIR>>=. -fstack-protector-strong -Wformat -Werror=format-security -Wdate-time -D_FORTIFY_SOURCE=2 -Wall -Wno-unused -Wno-register -Werror=vla  -Wall -Wno-unused -pedantic -ftemplate-depth=512 -ftemplate-backtrace-limit=0 -std=c++17 -fPIC   -msse2 -MD -MT CMakeFiles/broker.dir/src/detail/memory_backend.cc.o -MF CMakeFiles/broker.dir/src/detail/memory_backend.cc.o.d -o CMakeFiles/broker.dir/src/detail/memory_backend.cc.o -c /<<PKGBUILDDIR>>/src/detail/memory_backend.cc
[ 22%] Building CXX object CMakeFiles/broker.dir/src/detail/meta_command_writer.cc.o
/usr/bin/c++ -Dbroker_EXPORTS -I/<<PKGBUILDDIR>>/include -I/<<PKGBUILDDIR>>/obj-x86_64-linux-gnu/include -g -O2 -ffile-prefix-map=/<<PKGBUILDDIR>>=. -fstack-protector-strong -Wformat -Werror=format-security -Wdate-time -D_FORTIFY_SOURCE=2 -Wall -Wno-unused -Wno-register -Werror=vla  -Wall -Wno-unused -pedantic -ftemplate-depth=512 -ftemplate-backtrace-limit=0 -std=c++17 -fPIC   -msse2 -MD -MT CMakeFiles/broker.dir/src/detail/meta_command_writer.cc.o -MF CMakeFiles/broker.dir/src/detail/meta_command_writer.cc.o.d -o CMakeFiles/broker.dir/src/detail/meta_command_writer.cc.o -c /<<PKGBUILDDIR>>/src/detail/meta_command_writer.cc
[ 23%] Building CXX object CMakeFiles/broker.dir/src/detail/meta_data_writer.cc.o
/usr/bin/c++ -Dbroker_EXPORTS -I/<<PKGBUILDDIR>>/include -I/<<PKGBUILDDIR>>/obj-x86_64-linux-gnu/include -g -O2 -ffile-prefix-map=/<<PKGBUILDDIR>>=. -fstack-protector-strong -Wformat -Werror=format-security -Wdate-time -D_FORTIFY_SOURCE=2 -Wall -Wno-unused -Wno-register -Werror=vla  -Wall -Wno-unused -pedantic -ftemplate-depth=512 -ftemplate-backtrace-limit=0 -std=c++17 -fPIC   -msse2 -MD -MT CMakeFiles/broker.dir/src/detail/meta_data_writer.cc.o -MF CMakeFiles/broker.dir/src/detail/meta_data_writer.cc.o.d -o CMakeFiles/broker.dir/src/detail/meta_data_writer.cc.o -c /<<PKGBUILDDIR>>/src/detail/meta_data_writer.cc
[ 24%] Building CXX object CMakeFiles/broker.dir/src/detail/network_cache.cc.o
/usr/bin/c++ -Dbroker_EXPORTS -I/<<PKGBUILDDIR>>/include -I/<<PKGBUILDDIR>>/obj-x86_64-linux-gnu/include -g -O2 -ffile-prefix-map=/<<PKGBUILDDIR>>=. -fstack-protector-strong -Wformat -Werror=format-security -Wdate-time -D_FORTIFY_SOURCE=2 -Wall -Wno-unused -Wno-register -Werror=vla  -Wall -Wno-unused -pedantic -ftemplate-depth=512 -ftemplate-backtrace-limit=0 -std=c++17 -fPIC   -msse2 -MD -MT CMakeFiles/broker.dir/src/detail/network_cache.cc.o -MF CMakeFiles/broker.dir/src/detail/network_cache.cc.o.d -o CMakeFiles/broker.dir/src/detail/network_cache.cc.o -c /<<PKGBUILDDIR>>/src/detail/network_cache.cc
[ 25%] Building CXX object CMakeFiles/broker.dir/src/detail/prefix_matcher.cc.o
/usr/bin/c++ -Dbroker_EXPORTS -I/<<PKGBUILDDIR>>/include -I/<<PKGBUILDDIR>>/obj-x86_64-linux-gnu/include -g -O2 -ffile-prefix-map=/<<PKGBUILDDIR>>=. -fstack-protector-strong -Wformat -Werror=format-security -Wdate-time -D_FORTIFY_SOURCE=2 -Wall -Wno-unused -Wno-register -Werror=vla  -Wall -Wno-unused -pedantic -ftemplate-depth=512 -ftemplate-backtrace-limit=0 -std=c++17 -fPIC   -msse2 -MD -MT CMakeFiles/broker.dir/src/detail/prefix_matcher.cc.o -MF CMakeFiles/broker.dir/src/detail/prefix_matcher.cc.o.d -o CMakeFiles/broker.dir/src/detail/prefix_matcher.cc.o -c /<<PKGBUILDDIR>>/src/detail/prefix_matcher.cc
[ 26%] Building CXX object CMakeFiles/broker.dir/src/detail/sqlite_backend.cc.o
/usr/bin/c++ -Dbroker_EXPORTS -I/<<PKGBUILDDIR>>/include -I/<<PKGBUILDDIR>>/obj-x86_64-linux-gnu/include -g -O2 -ffile-prefix-map=/<<PKGBUILDDIR>>=. -fstack-protector-strong -Wformat -Werror=format-security -Wdate-time -D_FORTIFY_SOURCE=2 -Wall -Wno-unused -Wno-register -Werror=vla  -Wall -Wno-unused -pedantic -ftemplate-depth=512 -ftemplate-backtrace-limit=0 -std=c++17 -fPIC   -msse2 -MD -MT CMakeFiles/broker.dir/src/detail/sqlite_backend.cc.o -MF CMakeFiles/broker.dir/src/detail/sqlite_backend.cc.o.d -o CMakeFiles/broker.dir/src/detail/sqlite_backend.cc.o -c /<<PKGBUILDDIR>>/src/detail/sqlite_backend.cc
[ 27%] Building CXX object CMakeFiles/broker.dir/src/detail/store_actor.cc.o
/usr/bin/c++ -Dbroker_EXPORTS -I/<<PKGBUILDDIR>>/include -I/<<PKGBUILDDIR>>/obj-x86_64-linux-gnu/include -g -O2 -ffile-prefix-map=/<<PKGBUILDDIR>>=. -fstack-protector-strong -Wformat -Werror=format-security -Wdate-time -D_FORTIFY_SOURCE=2 -Wall -Wno-unused -Wno-register -Werror=vla  -Wall -Wno-unused -pedantic -ftemplate-depth=512 -ftemplate-backtrace-limit=0 -std=c++17 -fPIC   -msse2 -MD -MT CMakeFiles/broker.dir/src/detail/store_actor.cc.o -MF CMakeFiles/broker.dir/src/detail/store_actor.cc.o.d -o CMakeFiles/broker.dir/src/detail/store_actor.cc.o -c /<<PKGBUILDDIR>>/src/detail/store_actor.cc
[ 29%] Building CXX object CMakeFiles/broker.dir/src/endpoint.cc.o
/usr/bin/c++ -Dbroker_EXPORTS -I/<<PKGBUILDDIR>>/include -I/<<PKGBUILDDIR>>/obj-x86_64-linux-gnu/include -g -O2 -ffile-prefix-map=/<<PKGBUILDDIR>>=. -fstack-protector-strong -Wformat -Werror=format-security -Wdate-time -D_FORTIFY_SOURCE=2 -Wall -Wno-unused -Wno-register -Werror=vla  -Wall -Wno-unused -pedantic -ftemplate-depth=512 -ftemplate-backtrace-limit=0 -std=c++17 -fPIC   -msse2 -MD -MT CMakeFiles/broker.dir/src/endpoint.cc.o -MF CMakeFiles/broker.dir/src/endpoint.cc.o.d -o CMakeFiles/broker.dir/src/endpoint.cc.o -c /<<PKGBUILDDIR>>/src/endpoint.cc
[ 30%] Building CXX object CMakeFiles/broker.dir/src/endpoint_info.cc.o
/usr/bin/c++ -Dbroker_EXPORTS -I/<<PKGBUILDDIR>>/include -I/<<PKGBUILDDIR>>/obj-x86_64-linux-gnu/include -g -O2 -ffile-prefix-map=/<<PKGBUILDDIR>>=. -fstack-protector-strong -Wformat -Werror=format-security -Wdate-time -D_FORTIFY_SOURCE=2 -Wall -Wno-unused -Wno-register -Werror=vla  -Wall -Wno-unused -pedantic -ftemplate-depth=512 -ftemplate-backtrace-limit=0 -std=c++17 -fPIC   -msse2 -MD -MT CMakeFiles/broker.dir/src/endpoint_info.cc.o -MF CMakeFiles/broker.dir/src/endpoint_info.cc.o.d -o CMakeFiles/broker.dir/src/endpoint_info.cc.o -c /<<PKGBUILDDIR>>/src/endpoint_info.cc
[ 31%] Building CXX object CMakeFiles/broker.dir/src/error.cc.o
/usr/bin/c++ -Dbroker_EXPORTS -I/<<PKGBUILDDIR>>/include -I/<<PKGBUILDDIR>>/obj-x86_64-linux-gnu/include -g -O2 -ffile-prefix-map=/<<PKGBUILDDIR>>=. -fstack-protector-strong -Wformat -Werror=format-security -Wdate-time -D_FORTIFY_SOURCE=2 -Wall -Wno-unused -Wno-register -Werror=vla  -Wall -Wno-unused -pedantic -ftemplate-depth=512 -ftemplate-backtrace-limit=0 -std=c++17 -fPIC   -msse2 -MD -MT CMakeFiles/broker.dir/src/error.cc.o -MF CMakeFiles/broker.dir/src/error.cc.o.d -o CMakeFiles/broker.dir/src/error.cc.o -c /<<PKGBUILDDIR>>/src/error.cc
[ 32%] Building CXX object CMakeFiles/broker.dir/src/filter_type.cc.o
/usr/bin/c++ -Dbroker_EXPORTS -I/<<PKGBUILDDIR>>/include -I/<<PKGBUILDDIR>>/obj-x86_64-linux-gnu/include -g -O2 -ffile-prefix-map=/<<PKGBUILDDIR>>=. -fstack-protector-strong -Wformat -Werror=format-security -Wdate-time -D_FORTIFY_SOURCE=2 -Wall -Wno-unused -Wno-register -Werror=vla  -Wall -Wno-unused -pedantic -ftemplate-depth=512 -ftemplate-backtrace-limit=0 -std=c++17 -fPIC   -msse2 -MD -MT CMakeFiles/broker.dir/src/filter_type.cc.o -MF CMakeFiles/broker.dir/src/filter_type.cc.o.d -o CMakeFiles/broker.dir/src/filter_type.cc.o -c /<<PKGBUILDDIR>>/src/filter_type.cc
[ 33%] Building CXX object CMakeFiles/broker.dir/src/internal_command.cc.o
/usr/bin/c++ -Dbroker_EXPORTS -I/<<PKGBUILDDIR>>/include -I/<<PKGBUILDDIR>>/obj-x86_64-linux-gnu/include -g -O2 -ffile-prefix-map=/<<PKGBUILDDIR>>=. -fstack-protector-strong -Wformat -Werror=format-security -Wdate-time -D_FORTIFY_SOURCE=2 -Wall -Wno-unused -Wno-register -Werror=vla  -Wall -Wno-unused -pedantic -ftemplate-depth=512 -ftemplate-backtrace-limit=0 -std=c++17 -fPIC   -msse2 -MD -MT CMakeFiles/broker.dir/src/internal_command.cc.o -MF CMakeFiles/broker.dir/src/internal_command.cc.o.d -o CMakeFiles/broker.dir/src/internal_command.cc.o -c /<<PKGBUILDDIR>>/src/internal_command.cc
[ 34%] Building CXX object CMakeFiles/broker.dir/src/mailbox.cc.o
/usr/bin/c++ -Dbroker_EXPORTS -I/<<PKGBUILDDIR>>/include -I/<<PKGBUILDDIR>>/obj-x86_64-linux-gnu/include -g -O2 -ffile-prefix-map=/<<PKGBUILDDIR>>=. -fstack-protector-strong -Wformat -Werror=format-security -Wdate-time -D_FORTIFY_SOURCE=2 -Wall -Wno-unused -Wno-register -Werror=vla  -Wall -Wno-unused -pedantic -ftemplate-depth=512 -ftemplate-backtrace-limit=0 -std=c++17 -fPIC   -msse2 -MD -MT CMakeFiles/broker.dir/src/mailbox.cc.o -MF CMakeFiles/broker.dir/src/mailbox.cc.o.d -o CMakeFiles/broker.dir/src/mailbox.cc.o -c /<<PKGBUILDDIR>>/src/mailbox.cc
[ 35%] Building CXX object CMakeFiles/broker.dir/src/network_info.cc.o
/usr/bin/c++ -Dbroker_EXPORTS -I/<<PKGBUILDDIR>>/include -I/<<PKGBUILDDIR>>/obj-x86_64-linux-gnu/include -g -O2 -ffile-prefix-map=/<<PKGBUILDDIR>>=. -fstack-protector-strong -Wformat -Werror=format-security -Wdate-time -D_FORTIFY_SOURCE=2 -Wall -Wno-unused -Wno-register -Werror=vla  -Wall -Wno-unused -pedantic -ftemplate-depth=512 -ftemplate-backtrace-limit=0 -std=c++17 -fPIC   -msse2 -MD -MT CMakeFiles/broker.dir/src/network_info.cc.o -MF CMakeFiles/broker.dir/src/network_info.cc.o.d -o CMakeFiles/broker.dir/src/network_info.cc.o -c /<<PKGBUILDDIR>>/src/network_info.cc
[ 36%] Building CXX object CMakeFiles/broker.dir/src/peer_status.cc.o
/usr/bin/c++ -Dbroker_EXPORTS -I/<<PKGBUILDDIR>>/include -I/<<PKGBUILDDIR>>/obj-x86_64-linux-gnu/include -g -O2 -ffile-prefix-map=/<<PKGBUILDDIR>>=. -fstack-protector-strong -Wformat -Werror=format-security -Wdate-time -D_FORTIFY_SOURCE=2 -Wall -Wno-unused -Wno-register -Werror=vla  -Wall -Wno-unused -pedantic -ftemplate-depth=512 -ftemplate-backtrace-limit=0 -std=c++17 -fPIC   -msse2 -MD -MT CMakeFiles/broker.dir/src/peer_status.cc.o -MF CMakeFiles/broker.dir/src/peer_status.cc.o.d -o CMakeFiles/broker.dir/src/peer_status.cc.o -c /<<PKGBUILDDIR>>/src/peer_status.cc
[ 37%] Building CXX object CMakeFiles/broker.dir/src/port.cc.o
/usr/bin/c++ -Dbroker_EXPORTS -I/<<PKGBUILDDIR>>/include -I/<<PKGBUILDDIR>>/obj-x86_64-linux-gnu/include -g -O2 -ffile-prefix-map=/<<PKGBUILDDIR>>=. -fstack-protector-strong -Wformat -Werror=format-security -Wdate-time -D_FORTIFY_SOURCE=2 -Wall -Wno-unused -Wno-register -Werror=vla  -Wall -Wno-unused -pedantic -ftemplate-depth=512 -ftemplate-backtrace-limit=0 -std=c++17 -fPIC   -msse2 -MD -MT CMakeFiles/broker.dir/src/port.cc.o -MF CMakeFiles/broker.dir/src/port.cc.o.d -o CMakeFiles/broker.dir/src/port.cc.o -c /<<PKGBUILDDIR>>/src/port.cc
[ 38%] Building CXX object CMakeFiles/broker.dir/src/publisher.cc.o
/usr/bin/c++ -Dbroker_EXPORTS -I/<<PKGBUILDDIR>>/include -I/<<PKGBUILDDIR>>/obj-x86_64-linux-gnu/include -g -O2 -ffile-prefix-map=/<<PKGBUILDDIR>>=. -fstack-protector-strong -Wformat -Werror=format-security -Wdate-time -D_FORTIFY_SOURCE=2 -Wall -Wno-unused -Wno-register -Werror=vla  -Wall -Wno-unused -pedantic -ftemplate-depth=512 -ftemplate-backtrace-limit=0 -std=c++17 -fPIC   -msse2 -MD -MT CMakeFiles/broker.dir/src/publisher.cc.o -MF CMakeFiles/broker.dir/src/publisher.cc.o.d -o CMakeFiles/broker.dir/src/publisher.cc.o -c /<<PKGBUILDDIR>>/src/publisher.cc
[ 39%] Building CXX object CMakeFiles/broker.dir/src/publisher_id.cc.o
/usr/bin/c++ -Dbroker_EXPORTS -I/<<PKGBUILDDIR>>/include -I/<<PKGBUILDDIR>>/obj-x86_64-linux-gnu/include -g -O2 -ffile-prefix-map=/<<PKGBUILDDIR>>=. -fstack-protector-strong -Wformat -Werror=format-security -Wdate-time -D_FORTIFY_SOURCE=2 -Wall -Wno-unused -Wno-register -Werror=vla  -Wall -Wno-unused -pedantic -ftemplate-depth=512 -ftemplate-backtrace-limit=0 -std=c++17 -fPIC   -msse2 -MD -MT CMakeFiles/broker.dir/src/publisher_id.cc.o -MF CMakeFiles/broker.dir/src/publisher_id.cc.o.d -o CMakeFiles/broker.dir/src/publisher_id.cc.o -c /<<PKGBUILDDIR>>/src/publisher_id.cc
[ 40%] Building CXX object CMakeFiles/broker.dir/src/status.cc.o
/usr/bin/c++ -Dbroker_EXPORTS -I/<<PKGBUILDDIR>>/include -I/<<PKGBUILDDIR>>/obj-x86_64-linux-gnu/include -g -O2 -ffile-prefix-map=/<<PKGBUILDDIR>>=. -fstack-protector-strong -Wformat -Werror=format-security -Wdate-time -D_FORTIFY_SOURCE=2 -Wall -Wno-unused -Wno-register -Werror=vla  -Wall -Wno-unused -pedantic -ftemplate-depth=512 -ftemplate-backtrace-limit=0 -std=c++17 -fPIC   -msse2 -MD -MT CMakeFiles/broker.dir/src/status.cc.o -MF CMakeFiles/broker.dir/src/status.cc.o.d -o CMakeFiles/broker.dir/src/status.cc.o -c /<<PKGBUILDDIR>>/src/status.cc
[ 41%] Building CXX object CMakeFiles/broker.dir/src/status_subscriber.cc.o
/usr/bin/c++ -Dbroker_EXPORTS -I/<<PKGBUILDDIR>>/include -I/<<PKGBUILDDIR>>/obj-x86_64-linux-gnu/include -g -O2 -ffile-prefix-map=/<<PKGBUILDDIR>>=. -fstack-protector-strong -Wformat -Werror=format-security -Wdate-time -D_FORTIFY_SOURCE=2 -Wall -Wno-unused -Wno-register -Werror=vla  -Wall -Wno-unused -pedantic -ftemplate-depth=512 -ftemplate-backtrace-limit=0 -std=c++17 -fPIC   -msse2 -MD -MT CMakeFiles/broker.dir/src/status_subscriber.cc.o -MF CMakeFiles/broker.dir/src/status_subscriber.cc.o.d -o CMakeFiles/broker.dir/src/status_subscriber.cc.o -c /<<PKGBUILDDIR>>/src/status_subscriber.cc
[ 43%] Building CXX object CMakeFiles/broker.dir/src/store.cc.o
/usr/bin/c++ -Dbroker_EXPORTS -I/<<PKGBUILDDIR>>/include -I/<<PKGBUILDDIR>>/obj-x86_64-linux-gnu/include -g -O2 -ffile-prefix-map=/<<PKGBUILDDIR>>=. -fstack-protector-strong -Wformat -Werror=format-security -Wdate-time -D_FORTIFY_SOURCE=2 -Wall -Wno-unused -Wno-register -Werror=vla  -Wall -Wno-unused -pedantic -ftemplate-depth=512 -ftemplate-backtrace-limit=0 -std=c++17 -fPIC   -msse2 -MD -MT CMakeFiles/broker.dir/src/store.cc.o -MF CMakeFiles/broker.dir/src/store.cc.o.d -o CMakeFiles/broker.dir/src/store.cc.o -c /<<PKGBUILDDIR>>/src/store.cc
[ 44%] Building CXX object CMakeFiles/broker.dir/src/store_event.cc.o
/usr/bin/c++ -Dbroker_EXPORTS -I/<<PKGBUILDDIR>>/include -I/<<PKGBUILDDIR>>/obj-x86_64-linux-gnu/include -g -O2 -ffile-prefix-map=/<<PKGBUILDDIR>>=. -fstack-protector-strong -Wformat -Werror=format-security -Wdate-time -D_FORTIFY_SOURCE=2 -Wall -Wno-unused -Wno-register -Werror=vla  -Wall -Wno-unused -pedantic -ftemplate-depth=512 -ftemplate-backtrace-limit=0 -std=c++17 -fPIC   -msse2 -MD -MT CMakeFiles/broker.dir/src/store_event.cc.o -MF CMakeFiles/broker.dir/src/store_event.cc.o.d -o CMakeFiles/broker.dir/src/store_event.cc.o -c /<<PKGBUILDDIR>>/src/store_event.cc
[ 45%] Building CXX object CMakeFiles/broker.dir/src/subnet.cc.o
/usr/bin/c++ -Dbroker_EXPORTS -I/<<PKGBUILDDIR>>/include -I/<<PKGBUILDDIR>>/obj-x86_64-linux-gnu/include -g -O2 -ffile-prefix-map=/<<PKGBUILDDIR>>=. -fstack-protector-strong -Wformat -Werror=format-security -Wdate-time -D_FORTIFY_SOURCE=2 -Wall -Wno-unused -Wno-register -Werror=vla  -Wall -Wno-unused -pedantic -ftemplate-depth=512 -ftemplate-backtrace-limit=0 -std=c++17 -fPIC   -msse2 -MD -MT CMakeFiles/broker.dir/src/subnet.cc.o -MF CMakeFiles/broker.dir/src/subnet.cc.o.d -o CMakeFiles/broker.dir/src/subnet.cc.o -c /<<PKGBUILDDIR>>/src/subnet.cc
[ 46%] Building CXX object CMakeFiles/broker.dir/src/subscriber.cc.o
/usr/bin/c++ -Dbroker_EXPORTS -I/<<PKGBUILDDIR>>/include -I/<<PKGBUILDDIR>>/obj-x86_64-linux-gnu/include -g -O2 -ffile-prefix-map=/<<PKGBUILDDIR>>=. -fstack-protector-strong -Wformat -Werror=format-security -Wdate-time -D_FORTIFY_SOURCE=2 -Wall -Wno-unused -Wno-register -Werror=vla  -Wall -Wno-unused -pedantic -ftemplate-depth=512 -ftemplate-backtrace-limit=0 -std=c++17 -fPIC   -msse2 -MD -MT CMakeFiles/broker.dir/src/subscriber.cc.o -MF CMakeFiles/broker.dir/src/subscriber.cc.o.d -o CMakeFiles/broker.dir/src/subscriber.cc.o -c /<<PKGBUILDDIR>>/src/subscriber.cc
[ 47%] Building CXX object CMakeFiles/broker.dir/src/time.cc.o
/usr/bin/c++ -Dbroker_EXPORTS -I/<<PKGBUILDDIR>>/include -I/<<PKGBUILDDIR>>/obj-x86_64-linux-gnu/include -g -O2 -ffile-prefix-map=/<<PKGBUILDDIR>>=. -fstack-protector-strong -Wformat -Werror=format-security -Wdate-time -D_FORTIFY_SOURCE=2 -Wall -Wno-unused -Wno-register -Werror=vla  -Wall -Wno-unused -pedantic -ftemplate-depth=512 -ftemplate-backtrace-limit=0 -std=c++17 -fPIC   -msse2 -MD -MT CMakeFiles/broker.dir/src/time.cc.o -MF CMakeFiles/broker.dir/src/time.cc.o.d -o CMakeFiles/broker.dir/src/time.cc.o -c /<<PKGBUILDDIR>>/src/time.cc
[ 48%] Building CXX object CMakeFiles/broker.dir/src/topic.cc.o
/usr/bin/c++ -Dbroker_EXPORTS -I/<<PKGBUILDDIR>>/include -I/<<PKGBUILDDIR>>/obj-x86_64-linux-gnu/include -g -O2 -ffile-prefix-map=/<<PKGBUILDDIR>>=. -fstack-protector-strong -Wformat -Werror=format-security -Wdate-time -D_FORTIFY_SOURCE=2 -Wall -Wno-unused -Wno-register -Werror=vla  -Wall -Wno-unused -pedantic -ftemplate-depth=512 -ftemplate-backtrace-limit=0 -std=c++17 -fPIC   -msse2 -MD -MT CMakeFiles/broker.dir/src/topic.cc.o -MF CMakeFiles/broker.dir/src/topic.cc.o.d -o CMakeFiles/broker.dir/src/topic.cc.o -c /<<PKGBUILDDIR>>/src/topic.cc
[ 49%] Building CXX object CMakeFiles/broker.dir/src/version.cc.o
/usr/bin/c++ -Dbroker_EXPORTS -I/<<PKGBUILDDIR>>/include -I/<<PKGBUILDDIR>>/obj-x86_64-linux-gnu/include -g -O2 -ffile-prefix-map=/<<PKGBUILDDIR>>=. -fstack-protector-strong -Wformat -Werror=format-security -Wdate-time -D_FORTIFY_SOURCE=2 -Wall -Wno-unused -Wno-register -Werror=vla  -Wall -Wno-unused -pedantic -ftemplate-depth=512 -ftemplate-backtrace-limit=0 -std=c++17 -fPIC   -msse2 -MD -MT CMakeFiles/broker.dir/src/version.cc.o -MF CMakeFiles/broker.dir/src/version.cc.o.d -o CMakeFiles/broker.dir/src/version.cc.o -c /<<PKGBUILDDIR>>/src/version.cc
[ 50%] Linking CXX shared library lib/libbroker.so
/usr/bin/cmake -E cmake_link_script CMakeFiles/broker.dir/link.txt --verbose=1
/usr/bin/c++ -fPIC -g -O2 -ffile-prefix-map=/<<PKGBUILDDIR>>=. -fstack-protector-strong -Wformat -Werror=format-security -Wdate-time -D_FORTIFY_SOURCE=2 -Wall -Wno-unused -Wno-register -Werror=vla  -Wall -Wno-unused -pedantic -ftemplate-depth=512 -ftemplate-backtrace-limit=0 -std=c++17 -Wl,-z,relro -Wl,-z,now -Wl,--as-needed -shared -Wl,-soname,libbroker.so.2 -o lib/libbroker.so.1.4.0 CMakeFiles/broker.dir/src/address.cc.o CMakeFiles/broker.dir/src/configuration.cc.o CMakeFiles/broker.dir/src/convert.cc.o CMakeFiles/broker.dir/src/core_actor.cc.o CMakeFiles/broker.dir/src/data.cc.o CMakeFiles/broker.dir/src/defaults.cc.o CMakeFiles/broker.dir/src/detail/abstract_backend.cc.o CMakeFiles/broker.dir/src/detail/clone_actor.cc.o CMakeFiles/broker.dir/src/detail/core_recorder.cc.o CMakeFiles/broker.dir/src/detail/data_generator.cc.o CMakeFiles/broker.dir/src/detail/filesystem.cc.o CMakeFiles/broker.dir/src/detail/flare.cc.o CMakeFiles/broker.dir/src/detail/flare_actor.cc.o CMakeFiles/broker.dir/src/detail/generator_file_reader.cc.o CMakeFiles/broker.dir/src/detail/generator_file_writer.cc.o CMakeFiles/broker.dir/src/detail/make_backend.cc.o CMakeFiles/broker.dir/src/detail/master_actor.cc.o CMakeFiles/broker.dir/src/detail/master_resolver.cc.o CMakeFiles/broker.dir/src/detail/memory_backend.cc.o CMakeFiles/broker.dir/src/detail/meta_command_writer.cc.o CMakeFiles/broker.dir/src/detail/meta_data_writer.cc.o CMakeFiles/broker.dir/src/detail/network_cache.cc.o CMakeFiles/broker.dir/src/detail/prefix_matcher.cc.o CMakeFiles/broker.dir/src/detail/sqlite_backend.cc.o CMakeFiles/broker.dir/src/detail/store_actor.cc.o CMakeFiles/broker.dir/src/endpoint.cc.o CMakeFiles/broker.dir/src/endpoint_info.cc.o CMakeFiles/broker.dir/src/error.cc.o CMakeFiles/broker.dir/src/filter_type.cc.o CMakeFiles/broker.dir/src/internal_command.cc.o CMakeFiles/broker.dir/src/mailbox.cc.o CMakeFiles/broker.dir/src/network_info.cc.o CMakeFiles/broker.dir/src/peer_status.cc.o CMakeFiles/broker.dir/src/port.cc.o CMakeFiles/broker.dir/src/publisher.cc.o CMakeFiles/broker.dir/src/publisher_id.cc.o CMakeFiles/broker.dir/src/status.cc.o CMakeFiles/broker.dir/src/status_subscriber.cc.o CMakeFiles/broker.dir/src/store.cc.o CMakeFiles/broker.dir/src/store_event.cc.o CMakeFiles/broker.dir/src/subnet.cc.o CMakeFiles/broker.dir/src/subscriber.cc.o CMakeFiles/broker.dir/src/time.cc.o CMakeFiles/broker.dir/src/topic.cc.o CMakeFiles/broker.dir/src/version.cc.o  -latomic -lssl -lcrypto -lcaf_openssl -lcaf_io -lcaf_core -lsqlite3 -lpthread 
/usr/bin/cmake -E cmake_symlink_library lib/libbroker.so.1.4.0 lib/libbroker.so.2 lib/libbroker.so
make[3]: Leaving directory '/<<PKGBUILDDIR>>/obj-x86_64-linux-gnu'
[ 50%] Built target broker
make  -f CMakeFiles/broker-node.dir/build.make CMakeFiles/broker-node.dir/depend
make  -f CMakeFiles/broker-pipe.dir/build.make CMakeFiles/broker-pipe.dir/depend
make  -f bindings/python/CMakeFiles/_broker.dir/build.make bindings/python/CMakeFiles/_broker.dir/depend
make  -f tests/CMakeFiles/broker-cluster-benchmark.dir/build.make tests/CMakeFiles/broker-cluster-benchmark.dir/depend
make[3]: Entering directory '/<<PKGBUILDDIR>>/obj-x86_64-linux-gnu'
cd /<<PKGBUILDDIR>>/obj-x86_64-linux-gnu && /usr/bin/cmake -E cmake_depends "Unix Makefiles" /<<PKGBUILDDIR>> /<<PKGBUILDDIR>> /<<PKGBUILDDIR>>/obj-x86_64-linux-gnu /<<PKGBUILDDIR>>/obj-x86_64-linux-gnu /<<PKGBUILDDIR>>/obj-x86_64-linux-gnu/CMakeFiles/broker-node.dir/DependInfo.cmake --color=
make[3]: Entering directory '/<<PKGBUILDDIR>>/obj-x86_64-linux-gnu'
cd /<<PKGBUILDDIR>>/obj-x86_64-linux-gnu && /usr/bin/cmake -E cmake_depends "Unix Makefiles" /<<PKGBUILDDIR>> /<<PKGBUILDDIR>> /<<PKGBUILDDIR>>/obj-x86_64-linux-gnu /<<PKGBUILDDIR>>/obj-x86_64-linux-gnu /<<PKGBUILDDIR>>/obj-x86_64-linux-gnu/CMakeFiles/broker-pipe.dir/DependInfo.cmake --color=
make[3]: Entering directory '/<<PKGBUILDDIR>>/obj-x86_64-linux-gnu'
cd /<<PKGBUILDDIR>>/obj-x86_64-linux-gnu && /usr/bin/cmake -E cmake_depends "Unix Makefiles" /<<PKGBUILDDIR>> /<<PKGBUILDDIR>>/bindings/python /<<PKGBUILDDIR>>/obj-x86_64-linux-gnu /<<PKGBUILDDIR>>/obj-x86_64-linux-gnu/bindings/python /<<PKGBUILDDIR>>/obj-x86_64-linux-gnu/bindings/python/CMakeFiles/_broker.dir/DependInfo.cmake --color=
make[3]: Entering directory '/<<PKGBUILDDIR>>/obj-x86_64-linux-gnu'
cd /<<PKGBUILDDIR>>/obj-x86_64-linux-gnu && /usr/bin/cmake -E cmake_depends "Unix Makefiles" /<<PKGBUILDDIR>> /<<PKGBUILDDIR>>/tests /<<PKGBUILDDIR>>/obj-x86_64-linux-gnu /<<PKGBUILDDIR>>/obj-x86_64-linux-gnu/tests /<<PKGBUILDDIR>>/obj-x86_64-linux-gnu/tests/CMakeFiles/broker-cluster-benchmark.dir/DependInfo.cmake --color=
make[3]: Leaving directory '/<<PKGBUILDDIR>>/obj-x86_64-linux-gnu'
make  -f CMakeFiles/broker-node.dir/build.make CMakeFiles/broker-node.dir/build
make[3]: Leaving directory '/<<PKGBUILDDIR>>/obj-x86_64-linux-gnu'
make  -f CMakeFiles/broker-pipe.dir/build.make CMakeFiles/broker-pipe.dir/build
make[3]: Leaving directory '/<<PKGBUILDDIR>>/obj-x86_64-linux-gnu'
make  -f bindings/python/CMakeFiles/_broker.dir/build.make bindings/python/CMakeFiles/_broker.dir/build
make[3]: Leaving directory '/<<PKGBUILDDIR>>/obj-x86_64-linux-gnu'
make  -f tests/CMakeFiles/broker-cluster-benchmark.dir/build.make tests/CMakeFiles/broker-cluster-benchmark.dir/build
make[3]: Entering directory '/<<PKGBUILDDIR>>/obj-x86_64-linux-gnu'
make[3]: Entering directory '/<<PKGBUILDDIR>>/obj-x86_64-linux-gnu'
make[3]: Entering directory '/<<PKGBUILDDIR>>/obj-x86_64-linux-gnu'
make[3]: Entering directory '/<<PKGBUILDDIR>>/obj-x86_64-linux-gnu'
[ 51%] Building CXX object CMakeFiles/broker-node.dir/src/broker-node.cc.o
[ 52%] Building CXX object tests/CMakeFiles/broker-cluster-benchmark.dir/benchmark/broker-cluster-benchmark.cc.o
[ 53%] Building CXX object CMakeFiles/broker-pipe.dir/src/broker-pipe.cc.o
/usr/bin/c++  -I/<<PKGBUILDDIR>>/include -I/<<PKGBUILDDIR>>/obj-x86_64-linux-gnu/include -g -O2 -ffile-prefix-map=/<<PKGBUILDDIR>>=. -fstack-protector-strong -Wformat -Werror=format-security -Wdate-time -D_FORTIFY_SOURCE=2 -Wall -Wno-unused -Wno-register -Werror=vla  -Wall -Wno-unused -pedantic -ftemplate-depth=512 -ftemplate-backtrace-limit=0 -std=c++17   -msse2 -MD -MT CMakeFiles/broker-node.dir/src/broker-node.cc.o -MF CMakeFiles/broker-node.dir/src/broker-node.cc.o.d -o CMakeFiles/broker-node.dir/src/broker-node.cc.o -c /<<PKGBUILDDIR>>/src/broker-node.cc
cd /<<PKGBUILDDIR>>/obj-x86_64-linux-gnu/tests && /usr/bin/c++  -I/<<PKGBUILDDIR>>/include -I/<<PKGBUILDDIR>>/obj-x86_64-linux-gnu/include -I/<<PKGBUILDDIR>>/tests/cpp -g -O2 -ffile-prefix-map=/<<PKGBUILDDIR>>=. -fstack-protector-strong -Wformat -Werror=format-security -Wdate-time -D_FORTIFY_SOURCE=2 -Wall -Wno-unused -Wno-register -Werror=vla  -Wall -Wno-unused -pedantic -ftemplate-depth=512 -ftemplate-backtrace-limit=0 -std=c++17   -msse2 -MD -MT tests/CMakeFiles/broker-cluster-benchmark.dir/benchmark/broker-cluster-benchmark.cc.o -MF CMakeFiles/broker-cluster-benchmark.dir/benchmark/broker-cluster-benchmark.cc.o.d -o CMakeFiles/broker-cluster-benchmark.dir/benchmark/broker-cluster-benchmark.cc.o -c /<<PKGBUILDDIR>>/tests/benchmark/broker-cluster-benchmark.cc
/usr/bin/c++  -I/<<PKGBUILDDIR>>/include -I/<<PKGBUILDDIR>>/obj-x86_64-linux-gnu/include -g -O2 -ffile-prefix-map=/<<PKGBUILDDIR>>=. -fstack-protector-strong -Wformat -Werror=format-security -Wdate-time -D_FORTIFY_SOURCE=2 -Wall -Wno-unused -Wno-register -Werror=vla  -Wall -Wno-unused -pedantic -ftemplate-depth=512 -ftemplate-backtrace-limit=0 -std=c++17   -msse2 -MD -MT CMakeFiles/broker-pipe.dir/src/broker-pipe.cc.o -MF CMakeFiles/broker-pipe.dir/src/broker-pipe.cc.o.d -o CMakeFiles/broker-pipe.dir/src/broker-pipe.cc.o -c /<<PKGBUILDDIR>>/src/broker-pipe.cc
[ 54%] Building CXX object bindings/python/CMakeFiles/_broker.dir/_broker.cpp.o
cd /<<PKGBUILDDIR>>/obj-x86_64-linux-gnu/bindings/python && /usr/bin/c++ -D_broker_EXPORTS -I/<<PKGBUILDDIR>>/include -I/<<PKGBUILDDIR>>/obj-x86_64-linux-gnu/include -I/<<PKGBUILDDIR>>/bindings/python/3rdparty/pybind11/include -I/usr/include/python3.9 -g -O2 -ffile-prefix-map=/<<PKGBUILDDIR>>=. -fstack-protector-strong -Wformat -Werror=format-security -Wdate-time -D_FORTIFY_SOURCE=2 -Wall -Wno-unused -Wno-register -Werror=vla  -Wall -Wno-unused -pedantic -ftemplate-depth=512 -ftemplate-backtrace-limit=0 -std=c++17 -fPIC   -msse2 -fvisibility=hidden -MD -MT bindings/python/CMakeFiles/_broker.dir/_broker.cpp.o -MF CMakeFiles/_broker.dir/_broker.cpp.o.d -o CMakeFiles/_broker.dir/_broker.cpp.o -c /<<PKGBUILDDIR>>/bindings/python/_broker.cpp
[ 55%] Linking CXX executable bin/broker-pipe
/usr/bin/cmake -E cmake_link_script CMakeFiles/broker-pipe.dir/link.txt --verbose=1
/usr/bin/c++ -g -O2 -ffile-prefix-map=/<<PKGBUILDDIR>>=. -fstack-protector-strong -Wformat -Werror=format-security -Wdate-time -D_FORTIFY_SOURCE=2 -Wall -Wno-unused -Wno-register -Werror=vla  -Wall -Wno-unused -pedantic -ftemplate-depth=512 -ftemplate-backtrace-limit=0 -std=c++17 -Wl,-z,relro -Wl,-z,now -Wl,--as-needed -rdynamic CMakeFiles/broker-pipe.dir/src/broker-pipe.cc.o -o bin/broker-pipe  -Wl,-rpath,/<<PKGBUILDDIR>>/obj-x86_64-linux-gnu/lib -latomic -lssl -lcrypto -lcaf_openssl -lcaf_io -lcaf_core -lsqlite3 lib/libbroker.so.1.4.0 -lpthread -latomic -lssl -lcrypto -lcaf_openssl -lcaf_io -lcaf_core -lsqlite3 
make[3]: Leaving directory '/<<PKGBUILDDIR>>/obj-x86_64-linux-gnu'
[ 55%] Built target broker-pipe
make  -f tests/CMakeFiles/broker-benchmark.dir/build.make tests/CMakeFiles/broker-benchmark.dir/depend
make[3]: Entering directory '/<<PKGBUILDDIR>>/obj-x86_64-linux-gnu'
cd /<<PKGBUILDDIR>>/obj-x86_64-linux-gnu && /usr/bin/cmake -E cmake_depends "Unix Makefiles" /<<PKGBUILDDIR>> /<<PKGBUILDDIR>>/tests /<<PKGBUILDDIR>>/obj-x86_64-linux-gnu /<<PKGBUILDDIR>>/obj-x86_64-linux-gnu/tests /<<PKGBUILDDIR>>/obj-x86_64-linux-gnu/tests/CMakeFiles/broker-benchmark.dir/DependInfo.cmake --color=
make[3]: Leaving directory '/<<PKGBUILDDIR>>/obj-x86_64-linux-gnu'
make  -f tests/CMakeFiles/broker-benchmark.dir/build.make tests/CMakeFiles/broker-benchmark.dir/build
make[3]: Entering directory '/<<PKGBUILDDIR>>/obj-x86_64-linux-gnu'
[ 56%] Building CXX object tests/CMakeFiles/broker-benchmark.dir/benchmark/broker-benchmark.cc.o
cd /<<PKGBUILDDIR>>/obj-x86_64-linux-gnu/tests && /usr/bin/c++  -I/<<PKGBUILDDIR>>/include -I/<<PKGBUILDDIR>>/obj-x86_64-linux-gnu/include -I/<<PKGBUILDDIR>>/tests/cpp -g -O2 -ffile-prefix-map=/<<PKGBUILDDIR>>=. -fstack-protector-strong -Wformat -Werror=format-security -Wdate-time -D_FORTIFY_SOURCE=2 -Wall -Wno-unused -Wno-register -Werror=vla  -Wall -Wno-unused -pedantic -ftemplate-depth=512 -ftemplate-backtrace-limit=0 -std=c++17   -msse2 -MD -MT tests/CMakeFiles/broker-benchmark.dir/benchmark/broker-benchmark.cc.o -MF CMakeFiles/broker-benchmark.dir/benchmark/broker-benchmark.cc.o.d -o CMakeFiles/broker-benchmark.dir/benchmark/broker-benchmark.cc.o -c /<<PKGBUILDDIR>>/tests/benchmark/broker-benchmark.cc
[ 58%] Linking CXX executable bin/broker-node
/usr/bin/cmake -E cmake_link_script CMakeFiles/broker-node.dir/link.txt --verbose=1
/usr/bin/c++ -g -O2 -ffile-prefix-map=/<<PKGBUILDDIR>>=. -fstack-protector-strong -Wformat -Werror=format-security -Wdate-time -D_FORTIFY_SOURCE=2 -Wall -Wno-unused -Wno-register -Werror=vla  -Wall -Wno-unused -pedantic -ftemplate-depth=512 -ftemplate-backtrace-limit=0 -std=c++17 -Wl,-z,relro -Wl,-z,now -Wl,--as-needed -rdynamic CMakeFiles/broker-node.dir/src/broker-node.cc.o -o bin/broker-node  -Wl,-rpath,/<<PKGBUILDDIR>>/obj-x86_64-linux-gnu/lib -latomic -lssl -lcrypto -lcaf_openssl -lcaf_io -lcaf_core -lsqlite3 lib/libbroker.so.1.4.0 -lpthread -latomic -lssl -lcrypto -lcaf_openssl -lcaf_io -lcaf_core -lsqlite3 
make[3]: Leaving directory '/<<PKGBUILDDIR>>/obj-x86_64-linux-gnu'
[ 58%] Built target broker-node
make  -f tests/CMakeFiles/broker-test.dir/build.make tests/CMakeFiles/broker-test.dir/depend
make[3]: Entering directory '/<<PKGBUILDDIR>>/obj-x86_64-linux-gnu'
cd /<<PKGBUILDDIR>>/obj-x86_64-linux-gnu && /usr/bin/cmake -E cmake_depends "Unix Makefiles" /<<PKGBUILDDIR>> /<<PKGBUILDDIR>>/tests /<<PKGBUILDDIR>>/obj-x86_64-linux-gnu /<<PKGBUILDDIR>>/obj-x86_64-linux-gnu/tests /<<PKGBUILDDIR>>/obj-x86_64-linux-gnu/tests/CMakeFiles/broker-test.dir/DependInfo.cmake --color=
make[3]: Leaving directory '/<<PKGBUILDDIR>>/obj-x86_64-linux-gnu'
make  -f tests/CMakeFiles/broker-test.dir/build.make tests/CMakeFiles/broker-test.dir/build
make[3]: Entering directory '/<<PKGBUILDDIR>>/obj-x86_64-linux-gnu'
[ 59%] Building CXX object tests/CMakeFiles/broker-test.dir/cpp/backend.cc.o
cd /<<PKGBUILDDIR>>/obj-x86_64-linux-gnu/tests && /usr/bin/c++  -I/<<PKGBUILDDIR>>/include -I/<<PKGBUILDDIR>>/obj-x86_64-linux-gnu/include -I/<<PKGBUILDDIR>>/tests/cpp -g -O2 -ffile-prefix-map=/<<PKGBUILDDIR>>=. -fstack-protector-strong -Wformat -Werror=format-security -Wdate-time -D_FORTIFY_SOURCE=2 -Wall -Wno-unused -Wno-register -Werror=vla  -Wall -Wno-unused -pedantic -ftemplate-depth=512 -ftemplate-backtrace-limit=0 -std=c++17   -msse2 -MD -MT tests/CMakeFiles/broker-test.dir/cpp/backend.cc.o -MF CMakeFiles/broker-test.dir/cpp/backend.cc.o.d -o CMakeFiles/broker-test.dir/cpp/backend.cc.o -c /<<PKGBUILDDIR>>/tests/cpp/backend.cc
[ 60%] Linking CXX executable ../bin/broker-cluster-benchmark
cd /<<PKGBUILDDIR>>/obj-x86_64-linux-gnu/tests && /usr/bin/cmake -E cmake_link_script CMakeFiles/broker-cluster-benchmark.dir/link.txt --verbose=1
/usr/bin/c++ -g -O2 -ffile-prefix-map=/<<PKGBUILDDIR>>=. -fstack-protector-strong -Wformat -Werror=format-security -Wdate-time -D_FORTIFY_SOURCE=2 -Wall -Wno-unused -Wno-register -Werror=vla  -Wall -Wno-unused -pedantic -ftemplate-depth=512 -ftemplate-backtrace-limit=0 -std=c++17 -Wl,-z,relro -Wl,-z,now -Wl,--as-needed -rdynamic CMakeFiles/broker-cluster-benchmark.dir/benchmark/broker-cluster-benchmark.cc.o -o ../bin/broker-cluster-benchmark  -Wl,-rpath,/<<PKGBUILDDIR>>/obj-x86_64-linux-gnu/lib: ../lib/libbroker.so.1.4.0 -lpthread -latomic -lssl -lcrypto -lcaf_openssl -lcaf_io -lcaf_core -lsqlite3 
make[3]: Leaving directory '/<<PKGBUILDDIR>>/obj-x86_64-linux-gnu'
[ 60%] Built target broker-cluster-benchmark
make  -f doc/_examples/CMakeFiles/ping.dir/build.make doc/_examples/CMakeFiles/ping.dir/depend
make[3]: Entering directory '/<<PKGBUILDDIR>>/obj-x86_64-linux-gnu'
cd /<<PKGBUILDDIR>>/obj-x86_64-linux-gnu && /usr/bin/cmake -E cmake_depends "Unix Makefiles" /<<PKGBUILDDIR>> /<<PKGBUILDDIR>>/doc/_examples /<<PKGBUILDDIR>>/obj-x86_64-linux-gnu /<<PKGBUILDDIR>>/obj-x86_64-linux-gnu/doc/_examples /<<PKGBUILDDIR>>/obj-x86_64-linux-gnu/doc/_examples/CMakeFiles/ping.dir/DependInfo.cmake --color=
make[3]: Leaving directory '/<<PKGBUILDDIR>>/obj-x86_64-linux-gnu'
make  -f doc/_examples/CMakeFiles/ping.dir/build.make doc/_examples/CMakeFiles/ping.dir/build
make[3]: Entering directory '/<<PKGBUILDDIR>>/obj-x86_64-linux-gnu'
[ 61%] Building CXX object doc/_examples/CMakeFiles/ping.dir/ping.cc.o
cd /<<PKGBUILDDIR>>/obj-x86_64-linux-gnu/doc/_examples && /usr/bin/c++  -I/<<PKGBUILDDIR>>/include -I/<<PKGBUILDDIR>>/obj-x86_64-linux-gnu/include -I/<<PKGBUILDDIR>>/doc/_examples -g -O2 -ffile-prefix-map=/<<PKGBUILDDIR>>=. -fstack-protector-strong -Wformat -Werror=format-security -Wdate-time -D_FORTIFY_SOURCE=2 -Wall -Wno-unused -Wno-register -Werror=vla  -Wall -Wno-unused -pedantic -ftemplate-depth=512 -ftemplate-backtrace-limit=0 -std=c++17   -msse2 -MD -MT doc/_examples/CMakeFiles/ping.dir/ping.cc.o -MF CMakeFiles/ping.dir/ping.cc.o.d -o CMakeFiles/ping.dir/ping.cc.o -c /<<PKGBUILDDIR>>/doc/_examples/ping.cc
[ 62%] Linking CXX executable ../bin/broker-benchmark
cd /<<PKGBUILDDIR>>/obj-x86_64-linux-gnu/tests && /usr/bin/cmake -E cmake_link_script CMakeFiles/broker-benchmark.dir/link.txt --verbose=1
/usr/bin/c++ -g -O2 -ffile-prefix-map=/<<PKGBUILDDIR>>=. -fstack-protector-strong -Wformat -Werror=format-security -Wdate-time -D_FORTIFY_SOURCE=2 -Wall -Wno-unused -Wno-register -Werror=vla  -Wall -Wno-unused -pedantic -ftemplate-depth=512 -ftemplate-backtrace-limit=0 -std=c++17 -Wl,-z,relro -Wl,-z,now -Wl,--as-needed -rdynamic CMakeFiles/broker-benchmark.dir/benchmark/broker-benchmark.cc.o -o ../bin/broker-benchmark  -Wl,-rpath,/<<PKGBUILDDIR>>/obj-x86_64-linux-gnu/lib: ../lib/libbroker.so.1.4.0 -lpthread -latomic -lssl -lcrypto -lcaf_openssl -lcaf_io -lcaf_core -lsqlite3 
make[3]: Leaving directory '/<<PKGBUILDDIR>>/obj-x86_64-linux-gnu'
[ 62%] Built target broker-benchmark
make  -f doc/_examples/CMakeFiles/comm.dir/build.make doc/_examples/CMakeFiles/comm.dir/depend
make[3]: Entering directory '/<<PKGBUILDDIR>>/obj-x86_64-linux-gnu'
cd /<<PKGBUILDDIR>>/obj-x86_64-linux-gnu && /usr/bin/cmake -E cmake_depends "Unix Makefiles" /<<PKGBUILDDIR>> /<<PKGBUILDDIR>>/doc/_examples /<<PKGBUILDDIR>>/obj-x86_64-linux-gnu /<<PKGBUILDDIR>>/obj-x86_64-linux-gnu/doc/_examples /<<PKGBUILDDIR>>/obj-x86_64-linux-gnu/doc/_examples/CMakeFiles/comm.dir/DependInfo.cmake --color=
make[3]: Leaving directory '/<<PKGBUILDDIR>>/obj-x86_64-linux-gnu'
make  -f doc/_examples/CMakeFiles/comm.dir/build.make doc/_examples/CMakeFiles/comm.dir/build
make[3]: Entering directory '/<<PKGBUILDDIR>>/obj-x86_64-linux-gnu'
[ 63%] Building CXX object doc/_examples/CMakeFiles/comm.dir/comm.cc.o
cd /<<PKGBUILDDIR>>/obj-x86_64-linux-gnu/doc/_examples && /usr/bin/c++  -I/<<PKGBUILDDIR>>/include -I/<<PKGBUILDDIR>>/obj-x86_64-linux-gnu/include -I/<<PKGBUILDDIR>>/doc/_examples -g -O2 -ffile-prefix-map=/<<PKGBUILDDIR>>=. -fstack-protector-strong -Wformat -Werror=format-security -Wdate-time -D_FORTIFY_SOURCE=2 -Wall -Wno-unused -Wno-register -Werror=vla  -Wall -Wno-unused -pedantic -ftemplate-depth=512 -ftemplate-backtrace-limit=0 -std=c++17   -msse2 -MD -MT doc/_examples/CMakeFiles/comm.dir/comm.cc.o -MF CMakeFiles/comm.dir/comm.cc.o.d -o CMakeFiles/comm.dir/comm.cc.o -c /<<PKGBUILDDIR>>/doc/_examples/comm.cc
[ 64%] Building CXX object tests/CMakeFiles/broker-test.dir/cpp/core.cc.o
cd /<<PKGBUILDDIR>>/obj-x86_64-linux-gnu/tests && /usr/bin/c++  -I/<<PKGBUILDDIR>>/include -I/<<PKGBUILDDIR>>/obj-x86_64-linux-gnu/include -I/<<PKGBUILDDIR>>/tests/cpp -g -O2 -ffile-prefix-map=/<<PKGBUILDDIR>>=. -fstack-protector-strong -Wformat -Werror=format-security -Wdate-time -D_FORTIFY_SOURCE=2 -Wall -Wno-unused -Wno-register -Werror=vla  -Wall -Wno-unused -pedantic -ftemplate-depth=512 -ftemplate-backtrace-limit=0 -std=c++17   -msse2 -MD -MT tests/CMakeFiles/broker-test.dir/cpp/core.cc.o -MF CMakeFiles/broker-test.dir/cpp/core.cc.o.d -o CMakeFiles/broker-test.dir/cpp/core.cc.o -c /<<PKGBUILDDIR>>/tests/cpp/core.cc
[ 65%] Linking CXX executable ../../bin/ping
cd /<<PKGBUILDDIR>>/obj-x86_64-linux-gnu/doc/_examples && /usr/bin/cmake -E cmake_link_script CMakeFiles/ping.dir/link.txt --verbose=1
/usr/bin/c++ -g -O2 -ffile-prefix-map=/<<PKGBUILDDIR>>=. -fstack-protector-strong -Wformat -Werror=format-security -Wdate-time -D_FORTIFY_SOURCE=2 -Wall -Wno-unused -Wno-register -Werror=vla  -Wall -Wno-unused -pedantic -ftemplate-depth=512 -ftemplate-backtrace-limit=0 -std=c++17 -Wl,-z,relro -Wl,-z,now -Wl,--as-needed -rdynamic CMakeFiles/ping.dir/ping.cc.o -o ../../bin/ping  -Wl,-rpath,/<<PKGBUILDDIR>>/obj-x86_64-linux-gnu/lib ../../lib/libbroker.so.1.4.0 -lpthread -latomic -lssl -lcrypto -lcaf_openssl -lcaf_io -lcaf_core -lsqlite3 
make[3]: Leaving directory '/<<PKGBUILDDIR>>/obj-x86_64-linux-gnu'
[ 65%] Built target ping
make  -f doc/_examples/CMakeFiles/stores.dir/build.make doc/_examples/CMakeFiles/stores.dir/depend
make[3]: Entering directory '/<<PKGBUILDDIR>>/obj-x86_64-linux-gnu'
cd /<<PKGBUILDDIR>>/obj-x86_64-linux-gnu && /usr/bin/cmake -E cmake_depends "Unix Makefiles" /<<PKGBUILDDIR>> /<<PKGBUILDDIR>>/doc/_examples /<<PKGBUILDDIR>>/obj-x86_64-linux-gnu /<<PKGBUILDDIR>>/obj-x86_64-linux-gnu/doc/_examples /<<PKGBUILDDIR>>/obj-x86_64-linux-gnu/doc/_examples/CMakeFiles/stores.dir/DependInfo.cmake --color=
make[3]: Leaving directory '/<<PKGBUILDDIR>>/obj-x86_64-linux-gnu'
make  -f doc/_examples/CMakeFiles/stores.dir/build.make doc/_examples/CMakeFiles/stores.dir/build
make[3]: Entering directory '/<<PKGBUILDDIR>>/obj-x86_64-linux-gnu'
[ 66%] Building CXX object doc/_examples/CMakeFiles/stores.dir/stores.cc.o
cd /<<PKGBUILDDIR>>/obj-x86_64-linux-gnu/doc/_examples && /usr/bin/c++  -I/<<PKGBUILDDIR>>/include -I/<<PKGBUILDDIR>>/obj-x86_64-linux-gnu/include -I/<<PKGBUILDDIR>>/doc/_examples -g -O2 -ffile-prefix-map=/<<PKGBUILDDIR>>=. -fstack-protector-strong -Wformat -Werror=format-security -Wdate-time -D_FORTIFY_SOURCE=2 -Wall -Wno-unused -Wno-register -Werror=vla  -Wall -Wno-unused -pedantic -ftemplate-depth=512 -ftemplate-backtrace-limit=0 -std=c++17   -msse2 -MD -MT doc/_examples/CMakeFiles/stores.dir/stores.cc.o -MF CMakeFiles/stores.dir/stores.cc.o.d -o CMakeFiles/stores.dir/stores.cc.o -c /<<PKGBUILDDIR>>/doc/_examples/stores.cc
[ 67%] Linking CXX executable ../../bin/comm
cd /<<PKGBUILDDIR>>/obj-x86_64-linux-gnu/doc/_examples && /usr/bin/cmake -E cmake_link_script CMakeFiles/comm.dir/link.txt --verbose=1
/usr/bin/c++ -g -O2 -ffile-prefix-map=/<<PKGBUILDDIR>>=. -fstack-protector-strong -Wformat -Werror=format-security -Wdate-time -D_FORTIFY_SOURCE=2 -Wall -Wno-unused -Wno-register -Werror=vla  -Wall -Wno-unused -pedantic -ftemplate-depth=512 -ftemplate-backtrace-limit=0 -std=c++17 -Wl,-z,relro -Wl,-z,now -Wl,--as-needed -rdynamic CMakeFiles/comm.dir/comm.cc.o -o ../../bin/comm  -Wl,-rpath,/<<PKGBUILDDIR>>/obj-x86_64-linux-gnu/lib ../../lib/libbroker.so.1.4.0 -lpthread -latomic -lssl -lcrypto -lcaf_openssl -lcaf_io -lcaf_core -lsqlite3 
make[3]: Leaving directory '/<<PKGBUILDDIR>>/obj-x86_64-linux-gnu'
[ 67%] Built target comm
make  -f doc/_examples/CMakeFiles/synopsis.dir/build.make doc/_examples/CMakeFiles/synopsis.dir/depend
make[3]: Entering directory '/<<PKGBUILDDIR>>/obj-x86_64-linux-gnu'
cd /<<PKGBUILDDIR>>/obj-x86_64-linux-gnu && /usr/bin/cmake -E cmake_depends "Unix Makefiles" /<<PKGBUILDDIR>> /<<PKGBUILDDIR>>/doc/_examples /<<PKGBUILDDIR>>/obj-x86_64-linux-gnu /<<PKGBUILDDIR>>/obj-x86_64-linux-gnu/doc/_examples /<<PKGBUILDDIR>>/obj-x86_64-linux-gnu/doc/_examples/CMakeFiles/synopsis.dir/DependInfo.cmake --color=
make[3]: Leaving directory '/<<PKGBUILDDIR>>/obj-x86_64-linux-gnu'
make  -f doc/_examples/CMakeFiles/synopsis.dir/build.make doc/_examples/CMakeFiles/synopsis.dir/build
make[3]: Entering directory '/<<PKGBUILDDIR>>/obj-x86_64-linux-gnu'
[ 68%] Building CXX object doc/_examples/CMakeFiles/synopsis.dir/synopsis.cc.o
cd /<<PKGBUILDDIR>>/obj-x86_64-linux-gnu/doc/_examples && /usr/bin/c++  -I/<<PKGBUILDDIR>>/include -I/<<PKGBUILDDIR>>/obj-x86_64-linux-gnu/include -I/<<PKGBUILDDIR>>/doc/_examples -g -O2 -ffile-prefix-map=/<<PKGBUILDDIR>>=. -fstack-protector-strong -Wformat -Werror=format-security -Wdate-time -D_FORTIFY_SOURCE=2 -Wall -Wno-unused -Wno-register -Werror=vla  -Wall -Wno-unused -pedantic -ftemplate-depth=512 -ftemplate-backtrace-limit=0 -std=c++17   -msse2 -MD -MT doc/_examples/CMakeFiles/synopsis.dir/synopsis.cc.o -MF CMakeFiles/synopsis.dir/synopsis.cc.o.d -o CMakeFiles/synopsis.dir/synopsis.cc.o -c /<<PKGBUILDDIR>>/doc/_examples/synopsis.cc
[ 69%] Building CXX object bindings/python/CMakeFiles/_broker.dir/data.cpp.o
cd /<<PKGBUILDDIR>>/obj-x86_64-linux-gnu/bindings/python && /usr/bin/c++ -D_broker_EXPORTS -I/<<PKGBUILDDIR>>/include -I/<<PKGBUILDDIR>>/obj-x86_64-linux-gnu/include -I/<<PKGBUILDDIR>>/bindings/python/3rdparty/pybind11/include -I/usr/include/python3.9 -g -O2 -ffile-prefix-map=/<<PKGBUILDDIR>>=. -fstack-protector-strong -Wformat -Werror=format-security -Wdate-time -D_FORTIFY_SOURCE=2 -Wall -Wno-unused -Wno-register -Werror=vla  -Wall -Wno-unused -pedantic -ftemplate-depth=512 -ftemplate-backtrace-limit=0 -std=c++17 -fPIC   -msse2 -fvisibility=hidden -MD -MT bindings/python/CMakeFiles/_broker.dir/data.cpp.o -MF CMakeFiles/_broker.dir/data.cpp.o.d -o CMakeFiles/_broker.dir/data.cpp.o -c /<<PKGBUILDDIR>>/bindings/python/data.cpp
[ 70%] Linking CXX executable ../../bin/stores
cd /<<PKGBUILDDIR>>/obj-x86_64-linux-gnu/doc/_examples && /usr/bin/cmake -E cmake_link_script CMakeFiles/stores.dir/link.txt --verbose=1
/usr/bin/c++ -g -O2 -ffile-prefix-map=/<<PKGBUILDDIR>>=. -fstack-protector-strong -Wformat -Werror=format-security -Wdate-time -D_FORTIFY_SOURCE=2 -Wall -Wno-unused -Wno-register -Werror=vla  -Wall -Wno-unused -pedantic -ftemplate-depth=512 -ftemplate-backtrace-limit=0 -std=c++17 -Wl,-z,relro -Wl,-z,now -Wl,--as-needed -rdynamic CMakeFiles/stores.dir/stores.cc.o -o ../../bin/stores  -Wl,-rpath,/<<PKGBUILDDIR>>/obj-x86_64-linux-gnu/lib ../../lib/libbroker.so.1.4.0 -lpthread -latomic -lssl -lcrypto -lcaf_openssl -lcaf_io -lcaf_core -lsqlite3 
make[3]: Leaving directory '/<<PKGBUILDDIR>>/obj-x86_64-linux-gnu'
[ 70%] Built target stores
[ 72%] Building CXX object bindings/python/CMakeFiles/_broker.dir/enums.cpp.o
cd /<<PKGBUILDDIR>>/obj-x86_64-linux-gnu/bindings/python && /usr/bin/c++ -D_broker_EXPORTS -I/<<PKGBUILDDIR>>/include -I/<<PKGBUILDDIR>>/obj-x86_64-linux-gnu/include -I/<<PKGBUILDDIR>>/bindings/python/3rdparty/pybind11/include -I/usr/include/python3.9 -g -O2 -ffile-prefix-map=/<<PKGBUILDDIR>>=. -fstack-protector-strong -Wformat -Werror=format-security -Wdate-time -D_FORTIFY_SOURCE=2 -Wall -Wno-unused -Wno-register -Werror=vla  -Wall -Wno-unused -pedantic -ftemplate-depth=512 -ftemplate-backtrace-limit=0 -std=c++17 -fPIC   -msse2 -fvisibility=hidden -MD -MT bindings/python/CMakeFiles/_broker.dir/enums.cpp.o -MF CMakeFiles/_broker.dir/enums.cpp.o.d -o CMakeFiles/_broker.dir/enums.cpp.o -c /<<PKGBUILDDIR>>/bindings/python/enums.cpp
[ 73%] Linking CXX executable ../../bin/synopsis
cd /<<PKGBUILDDIR>>/obj-x86_64-linux-gnu/doc/_examples && /usr/bin/cmake -E cmake_link_script CMakeFiles/synopsis.dir/link.txt --verbose=1
/usr/bin/c++ -g -O2 -ffile-prefix-map=/<<PKGBUILDDIR>>=. -fstack-protector-strong -Wformat -Werror=format-security -Wdate-time -D_FORTIFY_SOURCE=2 -Wall -Wno-unused -Wno-register -Werror=vla  -Wall -Wno-unused -pedantic -ftemplate-depth=512 -ftemplate-backtrace-limit=0 -std=c++17 -Wl,-z,relro -Wl,-z,now -Wl,--as-needed -rdynamic CMakeFiles/synopsis.dir/synopsis.cc.o -o ../../bin/synopsis  -Wl,-rpath,/<<PKGBUILDDIR>>/obj-x86_64-linux-gnu/lib ../../lib/libbroker.so.1.4.0 -lpthread -latomic -lssl -lcrypto -lcaf_openssl -lcaf_io -lcaf_core -lsqlite3 
make[3]: Leaving directory '/<<PKGBUILDDIR>>/obj-x86_64-linux-gnu'
[ 73%] Built target synopsis
[ 74%] Building CXX object bindings/python/CMakeFiles/_broker.dir/store.cpp.o
cd /<<PKGBUILDDIR>>/obj-x86_64-linux-gnu/bindings/python && /usr/bin/c++ -D_broker_EXPORTS -I/<<PKGBUILDDIR>>/include -I/<<PKGBUILDDIR>>/obj-x86_64-linux-gnu/include -I/<<PKGBUILDDIR>>/bindings/python/3rdparty/pybind11/include -I/usr/include/python3.9 -g -O2 -ffile-prefix-map=/<<PKGBUILDDIR>>=. -fstack-protector-strong -Wformat -Werror=format-security -Wdate-time -D_FORTIFY_SOURCE=2 -Wall -Wno-unused -Wno-register -Werror=vla  -Wall -Wno-unused -pedantic -ftemplate-depth=512 -ftemplate-backtrace-limit=0 -std=c++17 -fPIC   -msse2 -fvisibility=hidden -MD -MT bindings/python/CMakeFiles/_broker.dir/store.cpp.o -MF CMakeFiles/_broker.dir/store.cpp.o.d -o CMakeFiles/_broker.dir/store.cpp.o -c /<<PKGBUILDDIR>>/bindings/python/store.cpp
[ 75%] Building CXX object bindings/python/CMakeFiles/_broker.dir/zeek.cpp.o
cd /<<PKGBUILDDIR>>/obj-x86_64-linux-gnu/bindings/python && /usr/bin/c++ -D_broker_EXPORTS -I/<<PKGBUILDDIR>>/include -I/<<PKGBUILDDIR>>/obj-x86_64-linux-gnu/include -I/<<PKGBUILDDIR>>/bindings/python/3rdparty/pybind11/include -I/usr/include/python3.9 -g -O2 -ffile-prefix-map=/<<PKGBUILDDIR>>=. -fstack-protector-strong -Wformat -Werror=format-security -Wdate-time -D_FORTIFY_SOURCE=2 -Wall -Wno-unused -Wno-register -Werror=vla  -Wall -Wno-unused -pedantic -ftemplate-depth=512 -ftemplate-backtrace-limit=0 -std=c++17 -fPIC   -msse2 -fvisibility=hidden -MD -MT bindings/python/CMakeFiles/_broker.dir/zeek.cpp.o -MF CMakeFiles/_broker.dir/zeek.cpp.o.d -o CMakeFiles/_broker.dir/zeek.cpp.o -c /<<PKGBUILDDIR>>/bindings/python/zeek.cpp
[ 76%] Building CXX object tests/CMakeFiles/broker-test.dir/cpp/data.cc.o
cd /<<PKGBUILDDIR>>/obj-x86_64-linux-gnu/tests && /usr/bin/c++  -I/<<PKGBUILDDIR>>/include -I/<<PKGBUILDDIR>>/obj-x86_64-linux-gnu/include -I/<<PKGBUILDDIR>>/tests/cpp -g -O2 -ffile-prefix-map=/<<PKGBUILDDIR>>=. -fstack-protector-strong -Wformat -Werror=format-security -Wdate-time -D_FORTIFY_SOURCE=2 -Wall -Wno-unused -Wno-register -Werror=vla  -Wall -Wno-unused -pedantic -ftemplate-depth=512 -ftemplate-backtrace-limit=0 -std=c++17   -msse2 -MD -MT tests/CMakeFiles/broker-test.dir/cpp/data.cc.o -MF CMakeFiles/broker-test.dir/cpp/data.cc.o.d -o CMakeFiles/broker-test.dir/cpp/data.cc.o -c /<<PKGBUILDDIR>>/tests/cpp/data.cc
[ 77%] Building CXX object tests/CMakeFiles/broker-test.dir/cpp/detail/data_generator.cc.o
cd /<<PKGBUILDDIR>>/obj-x86_64-linux-gnu/tests && /usr/bin/c++  -I/<<PKGBUILDDIR>>/include -I/<<PKGBUILDDIR>>/obj-x86_64-linux-gnu/include -I/<<PKGBUILDDIR>>/tests/cpp -g -O2 -ffile-prefix-map=/<<PKGBUILDDIR>>=. -fstack-protector-strong -Wformat -Werror=format-security -Wdate-time -D_FORTIFY_SOURCE=2 -Wall -Wno-unused -Wno-register -Werror=vla  -Wall -Wno-unused -pedantic -ftemplate-depth=512 -ftemplate-backtrace-limit=0 -std=c++17   -msse2 -MD -MT tests/CMakeFiles/broker-test.dir/cpp/detail/data_generator.cc.o -MF CMakeFiles/broker-test.dir/cpp/detail/data_generator.cc.o.d -o CMakeFiles/broker-test.dir/cpp/detail/data_generator.cc.o -c /<<PKGBUILDDIR>>/tests/cpp/detail/data_generator.cc
[ 78%] Building CXX object tests/CMakeFiles/broker-test.dir/cpp/detail/generator_file_writer.cc.o
cd /<<PKGBUILDDIR>>/obj-x86_64-linux-gnu/tests && /usr/bin/c++  -I/<<PKGBUILDDIR>>/include -I/<<PKGBUILDDIR>>/obj-x86_64-linux-gnu/include -I/<<PKGBUILDDIR>>/tests/cpp -g -O2 -ffile-prefix-map=/<<PKGBUILDDIR>>=. -fstack-protector-strong -Wformat -Werror=format-security -Wdate-time -D_FORTIFY_SOURCE=2 -Wall -Wno-unused -Wno-register -Werror=vla  -Wall -Wno-unused -pedantic -ftemplate-depth=512 -ftemplate-backtrace-limit=0 -std=c++17   -msse2 -MD -MT tests/CMakeFiles/broker-test.dir/cpp/detail/generator_file_writer.cc.o -MF CMakeFiles/broker-test.dir/cpp/detail/generator_file_writer.cc.o.d -o CMakeFiles/broker-test.dir/cpp/detail/generator_file_writer.cc.o -c /<<PKGBUILDDIR>>/tests/cpp/detail/generator_file_writer.cc
[ 79%] Linking CXX shared module ../../python/broker/_broker.so
cd /<<PKGBUILDDIR>>/obj-x86_64-linux-gnu/bindings/python && /usr/bin/cmake -E cmake_link_script CMakeFiles/_broker.dir/link.txt --verbose=1
/usr/bin/c++ -fPIC -g -O2 -ffile-prefix-map=/<<PKGBUILDDIR>>=. -fstack-protector-strong -Wformat -Werror=format-security -Wdate-time -D_FORTIFY_SOURCE=2 -Wall -Wno-unused -Wno-register -Werror=vla  -Wall -Wno-unused -pedantic -ftemplate-depth=512 -ftemplate-backtrace-limit=0 -std=c++17 -Wl,-z,relro -Wl,-z,now -Wl,--as-needed -shared  -o ../../python/broker/_broker.so CMakeFiles/_broker.dir/_broker.cpp.o CMakeFiles/_broker.dir/data.cpp.o CMakeFiles/_broker.dir/enums.cpp.o CMakeFiles/_broker.dir/store.cpp.o CMakeFiles/_broker.dir/zeek.cpp.o  -Wl,-rpath,/<<PKGBUILDDIR>>/obj-x86_64-linux-gnu/lib: ../../lib/libbroker.so.1.4.0 -L/usr/lib/python3.9/config-3.9-x86_64-linux-gnu -L/usr/lib/x86_64-linux-gnu  -lcrypt -lpthread -ldl  -lutil -lm -lm -lpthread -latomic -lssl -lcrypto -lcaf_openssl -lcaf_io -lcaf_core -lsqlite3 
[ 80%] Building CXX object tests/CMakeFiles/broker-test.dir/cpp/detail/meta_command_writer.cc.o
cd /<<PKGBUILDDIR>>/obj-x86_64-linux-gnu/tests && /usr/bin/c++  -I/<<PKGBUILDDIR>>/include -I/<<PKGBUILDDIR>>/obj-x86_64-linux-gnu/include -I/<<PKGBUILDDIR>>/tests/cpp -g -O2 -ffile-prefix-map=/<<PKGBUILDDIR>>=. -fstack-protector-strong -Wformat -Werror=format-security -Wdate-time -D_FORTIFY_SOURCE=2 -Wall -Wno-unused -Wno-register -Werror=vla  -Wall -Wno-unused -pedantic -ftemplate-depth=512 -ftemplate-backtrace-limit=0 -std=c++17   -msse2 -MD -MT tests/CMakeFiles/broker-test.dir/cpp/detail/meta_command_writer.cc.o -MF CMakeFiles/broker-test.dir/cpp/detail/meta_command_writer.cc.o.d -o CMakeFiles/broker-test.dir/cpp/detail/meta_command_writer.cc.o -c /<<PKGBUILDDIR>>/tests/cpp/detail/meta_command_writer.cc
cd /<<PKGBUILDDIR>>/obj-x86_64-linux-gnu/bindings/python && /usr/bin/strip /<<PKGBUILDDIR>>/obj-x86_64-linux-gnu/python/broker/_broker.so
make[3]: Leaving directory '/<<PKGBUILDDIR>>/obj-x86_64-linux-gnu'
[ 80%] Built target _broker
[ 81%] Building CXX object tests/CMakeFiles/broker-test.dir/cpp/detail/meta_data_writer.cc.o
cd /<<PKGBUILDDIR>>/obj-x86_64-linux-gnu/tests && /usr/bin/c++  -I/<<PKGBUILDDIR>>/include -I/<<PKGBUILDDIR>>/obj-x86_64-linux-gnu/include -I/<<PKGBUILDDIR>>/tests/cpp -g -O2 -ffile-prefix-map=/<<PKGBUILDDIR>>=. -fstack-protector-strong -Wformat -Werror=format-security -Wdate-time -D_FORTIFY_SOURCE=2 -Wall -Wno-unused -Wno-register -Werror=vla  -Wall -Wno-unused -pedantic -ftemplate-depth=512 -ftemplate-backtrace-limit=0 -std=c++17   -msse2 -MD -MT tests/CMakeFiles/broker-test.dir/cpp/detail/meta_data_writer.cc.o -MF CMakeFiles/broker-test.dir/cpp/detail/meta_data_writer.cc.o.d -o CMakeFiles/broker-test.dir/cpp/detail/meta_data_writer.cc.o -c /<<PKGBUILDDIR>>/tests/cpp/detail/meta_data_writer.cc
[ 82%] Building CXX object tests/CMakeFiles/broker-test.dir/cpp/error.cc.o
cd /<<PKGBUILDDIR>>/obj-x86_64-linux-gnu/tests && /usr/bin/c++  -I/<<PKGBUILDDIR>>/include -I/<<PKGBUILDDIR>>/obj-x86_64-linux-gnu/include -I/<<PKGBUILDDIR>>/tests/cpp -g -O2 -ffile-prefix-map=/<<PKGBUILDDIR>>=. -fstack-protector-strong -Wformat -Werror=format-security -Wdate-time -D_FORTIFY_SOURCE=2 -Wall -Wno-unused -Wno-register -Werror=vla  -Wall -Wno-unused -pedantic -ftemplate-depth=512 -ftemplate-backtrace-limit=0 -std=c++17   -msse2 -MD -MT tests/CMakeFiles/broker-test.dir/cpp/error.cc.o -MF CMakeFiles/broker-test.dir/cpp/error.cc.o.d -o CMakeFiles/broker-test.dir/cpp/error.cc.o -c /<<PKGBUILDDIR>>/tests/cpp/error.cc
[ 83%] Building CXX object tests/CMakeFiles/broker-test.dir/cpp/filter_type.cc.o
cd /<<PKGBUILDDIR>>/obj-x86_64-linux-gnu/tests && /usr/bin/c++  -I/<<PKGBUILDDIR>>/include -I/<<PKGBUILDDIR>>/obj-x86_64-linux-gnu/include -I/<<PKGBUILDDIR>>/tests/cpp -g -O2 -ffile-prefix-map=/<<PKGBUILDDIR>>=. -fstack-protector-strong -Wformat -Werror=format-security -Wdate-time -D_FORTIFY_SOURCE=2 -Wall -Wno-unused -Wno-register -Werror=vla  -Wall -Wno-unused -pedantic -ftemplate-depth=512 -ftemplate-backtrace-limit=0 -std=c++17   -msse2 -MD -MT tests/CMakeFiles/broker-test.dir/cpp/filter_type.cc.o -MF CMakeFiles/broker-test.dir/cpp/filter_type.cc.o.d -o CMakeFiles/broker-test.dir/cpp/filter_type.cc.o -c /<<PKGBUILDDIR>>/tests/cpp/filter_type.cc
[ 84%] Building CXX object tests/CMakeFiles/broker-test.dir/cpp/integration.cc.o
cd /<<PKGBUILDDIR>>/obj-x86_64-linux-gnu/tests && /usr/bin/c++  -I/<<PKGBUILDDIR>>/include -I/<<PKGBUILDDIR>>/obj-x86_64-linux-gnu/include -I/<<PKGBUILDDIR>>/tests/cpp -g -O2 -ffile-prefix-map=/<<PKGBUILDDIR>>=. -fstack-protector-strong -Wformat -Werror=format-security -Wdate-time -D_FORTIFY_SOURCE=2 -Wall -Wno-unused -Wno-register -Werror=vla  -Wall -Wno-unused -pedantic -ftemplate-depth=512 -ftemplate-backtrace-limit=0 -std=c++17   -msse2 -MD -MT tests/CMakeFiles/broker-test.dir/cpp/integration.cc.o -MF CMakeFiles/broker-test.dir/cpp/integration.cc.o.d -o CMakeFiles/broker-test.dir/cpp/integration.cc.o -c /<<PKGBUILDDIR>>/tests/cpp/integration.cc
[ 86%] Building CXX object tests/CMakeFiles/broker-test.dir/cpp/master.cc.o
cd /<<PKGBUILDDIR>>/obj-x86_64-linux-gnu/tests && /usr/bin/c++  -I/<<PKGBUILDDIR>>/include -I/<<PKGBUILDDIR>>/obj-x86_64-linux-gnu/include -I/<<PKGBUILDDIR>>/tests/cpp -g -O2 -ffile-prefix-map=/<<PKGBUILDDIR>>=. -fstack-protector-strong -Wformat -Werror=format-security -Wdate-time -D_FORTIFY_SOURCE=2 -Wall -Wno-unused -Wno-register -Werror=vla  -Wall -Wno-unused -pedantic -ftemplate-depth=512 -ftemplate-backtrace-limit=0 -std=c++17   -msse2 -MD -MT tests/CMakeFiles/broker-test.dir/cpp/master.cc.o -MF CMakeFiles/broker-test.dir/cpp/master.cc.o.d -o CMakeFiles/broker-test.dir/cpp/master.cc.o -c /<<PKGBUILDDIR>>/tests/cpp/master.cc
[ 87%] Building CXX object tests/CMakeFiles/broker-test.dir/cpp/publisher.cc.o
cd /<<PKGBUILDDIR>>/obj-x86_64-linux-gnu/tests && /usr/bin/c++  -I/<<PKGBUILDDIR>>/include -I/<<PKGBUILDDIR>>/obj-x86_64-linux-gnu/include -I/<<PKGBUILDDIR>>/tests/cpp -g -O2 -ffile-prefix-map=/<<PKGBUILDDIR>>=. -fstack-protector-strong -Wformat -Werror=format-security -Wdate-time -D_FORTIFY_SOURCE=2 -Wall -Wno-unused -Wno-register -Werror=vla  -Wall -Wno-unused -pedantic -ftemplate-depth=512 -ftemplate-backtrace-limit=0 -std=c++17   -msse2 -MD -MT tests/CMakeFiles/broker-test.dir/cpp/publisher.cc.o -MF CMakeFiles/broker-test.dir/cpp/publisher.cc.o.d -o CMakeFiles/broker-test.dir/cpp/publisher.cc.o -c /<<PKGBUILDDIR>>/tests/cpp/publisher.cc
[ 88%] Building CXX object tests/CMakeFiles/broker-test.dir/cpp/publisher_id.cc.o
cd /<<PKGBUILDDIR>>/obj-x86_64-linux-gnu/tests && /usr/bin/c++  -I/<<PKGBUILDDIR>>/include -I/<<PKGBUILDDIR>>/obj-x86_64-linux-gnu/include -I/<<PKGBUILDDIR>>/tests/cpp -g -O2 -ffile-prefix-map=/<<PKGBUILDDIR>>=. -fstack-protector-strong -Wformat -Werror=format-security -Wdate-time -D_FORTIFY_SOURCE=2 -Wall -Wno-unused -Wno-register -Werror=vla  -Wall -Wno-unused -pedantic -ftemplate-depth=512 -ftemplate-backtrace-limit=0 -std=c++17   -msse2 -MD -MT tests/CMakeFiles/broker-test.dir/cpp/publisher_id.cc.o -MF CMakeFiles/broker-test.dir/cpp/publisher_id.cc.o.d -o CMakeFiles/broker-test.dir/cpp/publisher_id.cc.o -c /<<PKGBUILDDIR>>/tests/cpp/publisher_id.cc
[ 89%] Building CXX object tests/CMakeFiles/broker-test.dir/cpp/radix_tree.cc.o
cd /<<PKGBUILDDIR>>/obj-x86_64-linux-gnu/tests && /usr/bin/c++  -I/<<PKGBUILDDIR>>/include -I/<<PKGBUILDDIR>>/obj-x86_64-linux-gnu/include -I/<<PKGBUILDDIR>>/tests/cpp -g -O2 -ffile-prefix-map=/<<PKGBUILDDIR>>=. -fstack-protector-strong -Wformat -Werror=format-security -Wdate-time -D_FORTIFY_SOURCE=2 -Wall -Wno-unused -Wno-register -Werror=vla  -Wall -Wno-unused -pedantic -ftemplate-depth=512 -ftemplate-backtrace-limit=0 -std=c++17   -msse2 -MD -MT tests/CMakeFiles/broker-test.dir/cpp/radix_tree.cc.o -MF CMakeFiles/broker-test.dir/cpp/radix_tree.cc.o.d -o CMakeFiles/broker-test.dir/cpp/radix_tree.cc.o -c /<<PKGBUILDDIR>>/tests/cpp/radix_tree.cc
[ 90%] Building CXX object tests/CMakeFiles/broker-test.dir/cpp/ssl.cc.o
cd /<<PKGBUILDDIR>>/obj-x86_64-linux-gnu/tests && /usr/bin/c++  -I/<<PKGBUILDDIR>>/include -I/<<PKGBUILDDIR>>/obj-x86_64-linux-gnu/include -I/<<PKGBUILDDIR>>/tests/cpp -g -O2 -ffile-prefix-map=/<<PKGBUILDDIR>>=. -fstack-protector-strong -Wformat -Werror=format-security -Wdate-time -D_FORTIFY_SOURCE=2 -Wall -Wno-unused -Wno-register -Werror=vla  -Wall -Wno-unused -pedantic -ftemplate-depth=512 -ftemplate-backtrace-limit=0 -std=c++17   -msse2 -MD -MT tests/CMakeFiles/broker-test.dir/cpp/ssl.cc.o -MF CMakeFiles/broker-test.dir/cpp/ssl.cc.o.d -o CMakeFiles/broker-test.dir/cpp/ssl.cc.o -c /<<PKGBUILDDIR>>/tests/cpp/ssl.cc
[ 91%] Building CXX object tests/CMakeFiles/broker-test.dir/cpp/status.cc.o
cd /<<PKGBUILDDIR>>/obj-x86_64-linux-gnu/tests && /usr/bin/c++  -I/<<PKGBUILDDIR>>/include -I/<<PKGBUILDDIR>>/obj-x86_64-linux-gnu/include -I/<<PKGBUILDDIR>>/tests/cpp -g -O2 -ffile-prefix-map=/<<PKGBUILDDIR>>=. -fstack-protector-strong -Wformat -Werror=format-security -Wdate-time -D_FORTIFY_SOURCE=2 -Wall -Wno-unused -Wno-register -Werror=vla  -Wall -Wno-unused -pedantic -ftemplate-depth=512 -ftemplate-backtrace-limit=0 -std=c++17   -msse2 -MD -MT tests/CMakeFiles/broker-test.dir/cpp/status.cc.o -MF CMakeFiles/broker-test.dir/cpp/status.cc.o.d -o CMakeFiles/broker-test.dir/cpp/status.cc.o -c /<<PKGBUILDDIR>>/tests/cpp/status.cc
[ 92%] Building CXX object tests/CMakeFiles/broker-test.dir/cpp/status_subscriber.cc.o
cd /<<PKGBUILDDIR>>/obj-x86_64-linux-gnu/tests && /usr/bin/c++  -I/<<PKGBUILDDIR>>/include -I/<<PKGBUILDDIR>>/obj-x86_64-linux-gnu/include -I/<<PKGBUILDDIR>>/tests/cpp -g -O2 -ffile-prefix-map=/<<PKGBUILDDIR>>=. -fstack-protector-strong -Wformat -Werror=format-security -Wdate-time -D_FORTIFY_SOURCE=2 -Wall -Wno-unused -Wno-register -Werror=vla  -Wall -Wno-unused -pedantic -ftemplate-depth=512 -ftemplate-backtrace-limit=0 -std=c++17   -msse2 -MD -MT tests/CMakeFiles/broker-test.dir/cpp/status_subscriber.cc.o -MF CMakeFiles/broker-test.dir/cpp/status_subscriber.cc.o.d -o CMakeFiles/broker-test.dir/cpp/status_subscriber.cc.o -c /<<PKGBUILDDIR>>/tests/cpp/status_subscriber.cc
[ 93%] Building CXX object tests/CMakeFiles/broker-test.dir/cpp/store.cc.o
cd /<<PKGBUILDDIR>>/obj-x86_64-linux-gnu/tests && /usr/bin/c++  -I/<<PKGBUILDDIR>>/include -I/<<PKGBUILDDIR>>/obj-x86_64-linux-gnu/include -I/<<PKGBUILDDIR>>/tests/cpp -g -O2 -ffile-prefix-map=/<<PKGBUILDDIR>>=. -fstack-protector-strong -Wformat -Werror=format-security -Wdate-time -D_FORTIFY_SOURCE=2 -Wall -Wno-unused -Wno-register -Werror=vla  -Wall -Wno-unused -pedantic -ftemplate-depth=512 -ftemplate-backtrace-limit=0 -std=c++17   -msse2 -MD -MT tests/CMakeFiles/broker-test.dir/cpp/store.cc.o -MF CMakeFiles/broker-test.dir/cpp/store.cc.o.d -o CMakeFiles/broker-test.dir/cpp/store.cc.o -c /<<PKGBUILDDIR>>/tests/cpp/store.cc
[ 94%] Building CXX object tests/CMakeFiles/broker-test.dir/cpp/store_event.cc.o
cd /<<PKGBUILDDIR>>/obj-x86_64-linux-gnu/tests && /usr/bin/c++  -I/<<PKGBUILDDIR>>/include -I/<<PKGBUILDDIR>>/obj-x86_64-linux-gnu/include -I/<<PKGBUILDDIR>>/tests/cpp -g -O2 -ffile-prefix-map=/<<PKGBUILDDIR>>=. -fstack-protector-strong -Wformat -Werror=format-security -Wdate-time -D_FORTIFY_SOURCE=2 -Wall -Wno-unused -Wno-register -Werror=vla  -Wall -Wno-unused -pedantic -ftemplate-depth=512 -ftemplate-backtrace-limit=0 -std=c++17   -msse2 -MD -MT tests/CMakeFiles/broker-test.dir/cpp/store_event.cc.o -MF CMakeFiles/broker-test.dir/cpp/store_event.cc.o.d -o CMakeFiles/broker-test.dir/cpp/store_event.cc.o -c /<<PKGBUILDDIR>>/tests/cpp/store_event.cc
[ 95%] Building CXX object tests/CMakeFiles/broker-test.dir/cpp/subscriber.cc.o
cd /<<PKGBUILDDIR>>/obj-x86_64-linux-gnu/tests && /usr/bin/c++  -I/<<PKGBUILDDIR>>/include -I/<<PKGBUILDDIR>>/obj-x86_64-linux-gnu/include -I/<<PKGBUILDDIR>>/tests/cpp -g -O2 -ffile-prefix-map=/<<PKGBUILDDIR>>=. -fstack-protector-strong -Wformat -Werror=format-security -Wdate-time -D_FORTIFY_SOURCE=2 -Wall -Wno-unused -Wno-register -Werror=vla  -Wall -Wno-unused -pedantic -ftemplate-depth=512 -ftemplate-backtrace-limit=0 -std=c++17   -msse2 -MD -MT tests/CMakeFiles/broker-test.dir/cpp/subscriber.cc.o -MF CMakeFiles/broker-test.dir/cpp/subscriber.cc.o.d -o CMakeFiles/broker-test.dir/cpp/subscriber.cc.o -c /<<PKGBUILDDIR>>/tests/cpp/subscriber.cc
[ 96%] Building CXX object tests/CMakeFiles/broker-test.dir/cpp/test.cc.o
cd /<<PKGBUILDDIR>>/obj-x86_64-linux-gnu/tests && /usr/bin/c++  -I/<<PKGBUILDDIR>>/include -I/<<PKGBUILDDIR>>/obj-x86_64-linux-gnu/include -I/<<PKGBUILDDIR>>/tests/cpp -g -O2 -ffile-prefix-map=/<<PKGBUILDDIR>>=. -fstack-protector-strong -Wformat -Werror=format-security -Wdate-time -D_FORTIFY_SOURCE=2 -Wall -Wno-unused -Wno-register -Werror=vla  -Wall -Wno-unused -pedantic -ftemplate-depth=512 -ftemplate-backtrace-limit=0 -std=c++17   -msse2 -MD -MT tests/CMakeFiles/broker-test.dir/cpp/test.cc.o -MF CMakeFiles/broker-test.dir/cpp/test.cc.o.d -o CMakeFiles/broker-test.dir/cpp/test.cc.o -c /<<PKGBUILDDIR>>/tests/cpp/test.cc
[ 97%] Building CXX object tests/CMakeFiles/broker-test.dir/cpp/topic.cc.o
cd /<<PKGBUILDDIR>>/obj-x86_64-linux-gnu/tests && /usr/bin/c++  -I/<<PKGBUILDDIR>>/include -I/<<PKGBUILDDIR>>/obj-x86_64-linux-gnu/include -I/<<PKGBUILDDIR>>/tests/cpp -g -O2 -ffile-prefix-map=/<<PKGBUILDDIR>>=. -fstack-protector-strong -Wformat -Werror=format-security -Wdate-time -D_FORTIFY_SOURCE=2 -Wall -Wno-unused -Wno-register -Werror=vla  -Wall -Wno-unused -pedantic -ftemplate-depth=512 -ftemplate-backtrace-limit=0 -std=c++17   -msse2 -MD -MT tests/CMakeFiles/broker-test.dir/cpp/topic.cc.o -MF CMakeFiles/broker-test.dir/cpp/topic.cc.o.d -o CMakeFiles/broker-test.dir/cpp/topic.cc.o -c /<<PKGBUILDDIR>>/tests/cpp/topic.cc
[ 98%] Building CXX object tests/CMakeFiles/broker-test.dir/cpp/zeek.cc.o
cd /<<PKGBUILDDIR>>/obj-x86_64-linux-gnu/tests && /usr/bin/c++  -I/<<PKGBUILDDIR>>/include -I/<<PKGBUILDDIR>>/obj-x86_64-linux-gnu/include -I/<<PKGBUILDDIR>>/tests/cpp -g -O2 -ffile-prefix-map=/<<PKGBUILDDIR>>=. -fstack-protector-strong -Wformat -Werror=format-security -Wdate-time -D_FORTIFY_SOURCE=2 -Wall -Wno-unused -Wno-register -Werror=vla  -Wall -Wno-unused -pedantic -ftemplate-depth=512 -ftemplate-backtrace-limit=0 -std=c++17   -msse2 -MD -MT tests/CMakeFiles/broker-test.dir/cpp/zeek.cc.o -MF CMakeFiles/broker-test.dir/cpp/zeek.cc.o.d -o CMakeFiles/broker-test.dir/cpp/zeek.cc.o -c /<<PKGBUILDDIR>>/tests/cpp/zeek.cc
[100%] Linking CXX executable ../bin/broker-test
cd /<<PKGBUILDDIR>>/obj-x86_64-linux-gnu/tests && /usr/bin/cmake -E cmake_link_script CMakeFiles/broker-test.dir/link.txt --verbose=1
/usr/bin/c++ -g -O2 -ffile-prefix-map=/<<PKGBUILDDIR>>=. -fstack-protector-strong -Wformat -Werror=format-security -Wdate-time -D_FORTIFY_SOURCE=2 -Wall -Wno-unused -Wno-register -Werror=vla  -Wall -Wno-unused -pedantic -ftemplate-depth=512 -ftemplate-backtrace-limit=0 -std=c++17 -Wl,-z,relro -Wl,-z,now -Wl,--as-needed -rdynamic CMakeFiles/broker-test.dir/cpp/backend.cc.o CMakeFiles/broker-test.dir/cpp/core.cc.o CMakeFiles/broker-test.dir/cpp/data.cc.o CMakeFiles/broker-test.dir/cpp/detail/data_generator.cc.o CMakeFiles/broker-test.dir/cpp/detail/generator_file_writer.cc.o CMakeFiles/broker-test.dir/cpp/detail/meta_command_writer.cc.o CMakeFiles/broker-test.dir/cpp/detail/meta_data_writer.cc.o CMakeFiles/broker-test.dir/cpp/error.cc.o CMakeFiles/broker-test.dir/cpp/filter_type.cc.o CMakeFiles/broker-test.dir/cpp/integration.cc.o CMakeFiles/broker-test.dir/cpp/master.cc.o CMakeFiles/broker-test.dir/cpp/publisher.cc.o CMakeFiles/broker-test.dir/cpp/publisher_id.cc.o CMakeFiles/broker-test.dir/cpp/radix_tree.cc.o CMakeFiles/broker-test.dir/cpp/ssl.cc.o CMakeFiles/broker-test.dir/cpp/status.cc.o CMakeFiles/broker-test.dir/cpp/status_subscriber.cc.o CMakeFiles/broker-test.dir/cpp/store.cc.o CMakeFiles/broker-test.dir/cpp/store_event.cc.o CMakeFiles/broker-test.dir/cpp/subscriber.cc.o CMakeFiles/broker-test.dir/cpp/test.cc.o CMakeFiles/broker-test.dir/cpp/topic.cc.o CMakeFiles/broker-test.dir/cpp/zeek.cc.o -o ../bin/broker-test  -Wl,-rpath,/<<PKGBUILDDIR>>/obj-x86_64-linux-gnu/lib ../lib/libbroker.so.1.4.0 -lpthread -latomic -lssl -lcrypto -lcaf_openssl -lcaf_io -lcaf_core -lsqlite3 
make[3]: Leaving directory '/<<PKGBUILDDIR>>/obj-x86_64-linux-gnu'
[100%] Built target broker-test
make[2]: Leaving directory '/<<PKGBUILDDIR>>/obj-x86_64-linux-gnu'
/usr/bin/cmake -E cmake_progress_start /<<PKGBUILDDIR>>/obj-x86_64-linux-gnu/CMakeFiles 0
make[1]: Leaving directory '/<<PKGBUILDDIR>>/obj-x86_64-linux-gnu'
   dh_auto_test -O--buildsystem=cmake
	cd obj-x86_64-linux-gnu && make -j4 test ARGS\+=--verbose ARGS\+=-j4
make[1]: Entering directory '/<<PKGBUILDDIR>>/obj-x86_64-linux-gnu'
Running tests...
/usr/bin/ctest --force-new-ctest-process --verbose -j4
UpdateCTestConfiguration  from :/<<PKGBUILDDIR>>/obj-x86_64-linux-gnu/DartConfiguration.tcl
UpdateCTestConfiguration  from :/<<PKGBUILDDIR>>/obj-x86_64-linux-gnu/DartConfiguration.tcl
Test project /<<PKGBUILDDIR>>/obj-x86_64-linux-gnu
Constructing a list of tests
Done constructing a list of tests
Updating test list for fixtures
Added 0 tests to meet fixture requirements
Checking test dependency graph...
Checking test dependency graph end
test 1
      Start  1: backend

1: Test command: /<<PKGBUILDDIR>>/obj-x86_64-linux-gnu/bin/broker-test "-v" "4" "-s" "backend"
1: Environment variables: 
1:  BROKER_TEST_DIR=/<<PKGBUILDDIR>>/tests
1: Test timeout computed to be: 20
test 2
      Start  2: core

2: Test command: /<<PKGBUILDDIR>>/obj-x86_64-linux-gnu/bin/broker-test "-v" "4" "-s" "core"
2: Environment variables: 
2:  BROKER_TEST_DIR=/<<PKGBUILDDIR>>/tests
2: Test timeout computed to be: 20
test 3
      Start  3: data

3: Test command: /<<PKGBUILDDIR>>/obj-x86_64-linux-gnu/bin/broker-test "-v" "4" "-s" "data"
3: Environment variables: 
3:  BROKER_TEST_DIR=/<<PKGBUILDDIR>>/tests
3: Test timeout computed to be: 20
test 4
      Start  4: data_generator

4: Test command: /<<PKGBUILDDIR>>/obj-x86_64-linux-gnu/bin/broker-test "-v" "4" "-s" "data_generator"
4: Environment variables: 
4:  BROKER_TEST_DIR=/<<PKGBUILDDIR>>/tests
4: Test timeout computed to be: 20
1: +----------------------------------------------------------------------+
1:                                 backend
1: +----------------------------------------------------------------------+
1: 
1: - put/get
3: +----------------------------------------------------------------------+
3:                                   data
3: +----------------------------------------------------------------------+
3: 
3: - basic
2: +----------------------------------------------------------------------+
2:                                   core
2: +----------------------------------------------------------------------+
2: 
2: - local_peers
3: ** ./tests/cpp/data.cc:20   std::is_same<boolean, bool>::value
3: ** ./tests/cpp/data.cc:21   std::is_same<integer, int64_t>::value
3: ** ./tests/cpp/data.cc:22   std::is_same<count, uint64_t>::value
3: ** ./tests/cpp/data.cc:23   std::is_same<real, double>::value
3:   -> 4 checks took 171 us
3: 
3: - timespan
3: ** ./tests/cpp/data.cc:28   std::chrono::nanoseconds{42} == s
3:   -> 1 check took 53 us
3: 
3: - timestamp
3: ** ./tests/cpp/data.cc:33   ts.time_since_epoch() == timespan{42}
3:   -> 1 check took 31 us
3: 
3: - enum
3: ** ./tests/cpp/data.cc:38   ::caf::test::equal_to(e.name, "foo")
3:   -> 1 check took 29 us
3: 
3: - address
3: ** ./tests/cpp/data.cc:44   !a.is_v4()
3: ** ./tests/cpp/data.cc:45   a.is_v6()
3:   -> parsing [line 46]
3: ** ./tests/cpp/data.cc:48   opt
3: ** ./tests/cpp/data.cc:49   !opt->is_v4()
3: ** ./tests/cpp/data.cc:50   opt->is_v6()
3: ** ./tests/cpp/data.cc:52   opt
3: ** ./tests/cpp/data.cc:53   opt->is_v4()
3: ** ./tests/cpp/data.cc:54   !opt->is_v6()
3:   -> printing [line 55]
3: ** ./tests/cpp/data.cc:56   ::caf::test::equal_to(to_string(*opt), "1.2.3.4")
3:   -> masking [line 57]
3: ** ./tests/cpp/data.cc:58   opt->mask(96 + 16)
3: ** ./tests/cpp/data.cc:59   ::caf::test::equal_to(to_string(*opt), "1.2.0.0")
3:   -> 11 checks took 165 us
3: 
3: - port
3: ** ./tests/cpp/data.cc:64   ::caf::test::equal_to(p.number(), 0u)
3: ** ./tests/cpp/data.cc:65   p.type() == port::protocol::unknown
3:   -> parsing [line 67]
3: ** ./tests/cpp/data.cc:69   opt
3: ** ./tests/cpp/data.cc:70   ::caf::test::equal_to(*opt, port(8, port::protocol::icmp))
3: ** ./tests/cpp/data.cc:72   opt
3: ** ./tests/cpp/data.cc:73   ::caf::test::equal_to(*opt, port(42, port::protocol::unknown))
3:   -> printing [line 74]
3: ** ./tests/cpp/data.cc:75   ::caf::test::equal_to(to_string(p), "80/tcp")
3: ** ./tests/cpp/data.cc:77   ::caf::test::equal_to(to_string(p), "0/?")
3:   -> 8 checks took 145 us
3: 
3: - subnet
3: ** ./tests/cpp/data.cc:82   ::caf::test::equal_to(sn.length(), 0u)
3: ** ./tests/cpp/data.cc:83   ::caf::test::equal_to(to_string(sn), "::/0")
3: ** ./tests/cpp/data.cc:86   a
3: ** ./tests/cpp/data.cc:87   b
3: ** ./tests/cpp/data.cc:89   ::caf::test::equal_to(sn.length(), 24u)
3: ** ./tests/cpp/data.cc:90   ::caf::test::equal_to(sn.network(), *b)
3:   -> 6 checks took 93 us
3: 
3: - data - construction
3:   -> default construction [line 94]
3: ** ./tests/cpp/data.cc:96   caf::get_if<none>(&d)
3:   -> 1 check took 38 us
3: 
3: - data - assignment
3: ** ./tests/cpp/data.cc:103  i
3: ** ./tests/cpp/data.cc:104  ::caf::test::equal_to(*i, 42)
3: ** ./tests/cpp/data.cc:107  ::caf::test::equal_to(*i, 7)
3: ** ./tests/cpp/data.cc:110  s
3: ** ./tests/cpp/data.cc:111  ::caf::test::equal_to(*s, "foo")
3:   -> 5 checks took 68 us
3: 
3: - data - relational operators
3: ** ./tests/cpp/data.cc:115  ::caf::test::not_equal_to(data{true}, data{false})
3: ** ./tests/cpp/data.cc:116  ::caf::test::not_equal_to(data{1}, data{true})
3: ** ./tests/cpp/data.cc:117  ::caf::test::not_equal_to(data{-1}, data{1})
3: ** ./tests/cpp/data.cc:118  ::caf::test::not_equal_to(data{1}, data{1u})
3: ** ./tests/cpp/data.cc:119  ::caf::test::not_equal_to(data{1.111}, data{1.11})
3: ** ./tests/cpp/data.cc:120  ::caf::test::equal_to(data{1.111}, data{1.111})
3:   -> 6 checks took 78 us
3: 
3: - data - vector
3: ** ./tests/cpp/data.cc:125  ::caf::test::equal_to(v.size(), 3u)
3: ** ./tests/cpp/data.cc:126  ::caf::test::equal_to(v[1], data{43})
3: ** ./tests/cpp/data.cc:127  ::caf::test::equal_to(to_string(v), "(42, 43, 44)")
3:   -> 3 checks took 55 us
3: 
3: - data - set
3: ** ./tests/cpp/data.cc:132  ::caf::test::equal_to(s.size(), 3u)
3: ** ./tests/cpp/data.cc:133  s.find("bar") != s.end()
3: ** ./tests/cpp/data.cc:134  s.find("qux") == s.end()
3: ** ./tests/cpp/data.cc:135  ::caf::test::equal_to(to_string(s), "{bar, baz, foo}")
3:   -> 4 checks took 67 us
3: 
3: - data - table
3: ** ./tests/cpp/data.cc:141  i != t.end()
3: ** ./tests/cpp/data.cc:142  ::caf::test::equal_to(i->second, data{42})
3: ** ./tests/cpp/data.cc:143  ::caf::test::equal_to(to_string(t), "{bar -> 43, baz -> 44, foo -> 42}")
3:   -> 3 checks took 52 us
3: 
3: 
3: +----------------------------------------------------------------------+
3:                                 summary
3: +----------------------------------------------------------------------+
3: 
3:                         suites:  1
3:                         tests:   13
3:                         checks:  54
3:                         time:    1 ms
3:                         success: 100%
3: 
3: +----------------------------------------------------------------------+
 1/28 Test  #3: data .............................   Passed    0.01 sec
test 5
      Start  5: generator_file_writer

5: Test command: /<<PKGBUILDDIR>>/obj-x86_64-linux-gnu/bin/broker-test "-v" "4" "-s" "generator_file_writer"
5: Environment variables: 
5:  BROKER_TEST_DIR=/<<PKGBUILDDIR>>/tests
5: Test timeout computed to be: 20
4: +----------------------------------------------------------------------+
4:                              data_generator
4: +----------------------------------------------------------------------+
4: 
4: - no data
4: ** ./tests/cpp/detail/data_generator.cc:31   ::caf::test::equal_to(sink(tag), caf::none)
4: ** ./tests/cpp/detail/data_generator.cc:42   ::caf::test::equal_to(generator(result), caf::none)
4: ** ./tests/cpp/detail/data_generator.cc:43   ::caf::test::equal_to(source.remaining(), 0u)
4: ** ./tests/cpp/detail/data_generator.cc:61   ::caf::test::equal_to(generate(), data())
4:   -> 4 checks took 127 us
4: 
4: - boolean data
4: ** ./tests/cpp/detail/data_generator.cc:31   ::caf::test::equal_to(sink(tag), caf::none)
4: ** ./tests/cpp/detail/data_generator.cc:42   ::caf::test::equal_to(generator(result), caf::none)
4: ** ./tests/cpp/detail/data_generator.cc:43   ::caf::test::equal_to(source.remaining(), 0u)
4: ** ./tests/cpp/detail/data_generator.cc:67   holds_alternative<boolean>(x)
4: ** ./tests/cpp/detail/data_generator.cc:42   ::caf::test::equal_to(generator(result), caf::none)
4: ** ./tests/cpp/detail/data_generator.cc:43   ::caf::test::equal_to(source.remaining(), 0u)
4: ** ./tests/cpp/detail/data_generator.cc:68   ::caf::test::equal_to(generate(), x)
4:   -> 7 checks took 94 us
4: 
4: - count data
4: ** ./tests/cpp/detail/data_generator.cc:31   ::caf::test::equal_to(sink(tag), caf::none)
4: ** ./tests/cpp/detail/data_generator.cc:42   ::caf::test::equal_to(generator(result), caf::none)
4: ** ./tests/cpp/detail/data_generator.cc:43   ::caf::test::equal_to(source.remaining(), 0u)
4: ** ./tests/cpp/detail/data_generator.cc:74   holds_alternative<count>(x)
4: ** ./tests/cpp/detail/data_generator.cc:42   ::caf::test::equal_to(generator(result), caf::none)
4: ** ./tests/cpp/detail/data_generator.cc:43   ::caf::test::equal_to(source.remaining(), 0u)
4: ** ./tests/cpp/detail/data_generator.cc:75   ::caf::test::equal_to(generate(), x)
4:   -> 7 checks took 87 us
4: 
4: - integer data
4: ** ./tests/cpp/detail/data_generator.cc:31   ::caf::test::equal_to(sink(tag), caf::none)
4: ** ./tests/cpp/detail/data_generator.cc:42   ::caf::test::equal_to(generator(result), caf::none)
4: ** ./tests/cpp/detail/data_generator.cc:43   ::caf::test::equal_to(source.remaining(), 0u)
4: ** ./tests/cpp/detail/data_generator.cc:81   holds_alternative<integer>(x)
4: ** ./tests/cpp/detail/data_generator.cc:42   ::caf::test::equal_to(generator(result), caf::none)
4: ** ./tests/cpp/detail/data_generator.cc:43   ::caf::test::equal_to(source.remaining(), 0u)
4: ** ./tests/cpp/detail/data_generator.cc:82   ::caf::test::equal_to(generate(), x)
4:   -> 7 checks took 85 us
4: 
4: - real data
4: ** ./tests/cpp/detail/data_generator.cc:31   ::caf::test::equal_to(sink(tag), caf::none)
4: ** ./tests/cpp/detail/data_generator.cc:42   ::caf::test::equal_to(generator(result), caf::none)
4: ** ./tests/cpp/detail/data_generator.cc:43   ::caf::test::equal_to(source.remaining(), 0u)
4: ** ./tests/cpp/detail/data_generator.cc:88   holds_alternative<real>(x)
4: ** ./tests/cpp/detail/data_generator.cc:42   ::caf::test::equal_to(generator(result), caf::none)
4: ** ./tests/cpp/detail/data_generator.cc:43   ::caf::test::equal_to(source.remaining(), 0u)
4: ** ./tests/cpp/detail/data_generator.cc:89   ::caf::test::equal_to(generate(), x)
4:   -> 7 checks took 84 us
4: 
4: - string data
4: ** ./tests/cpp/detail/data_generator.cc:35   ::caf::test::equal_to(sink(tag, container_size), caf::none)
4: ** ./tests/cpp/detail/data_generator.cc:42   ::caf::test::equal_to(generator(result), caf::none)
4: ** ./tests/cpp/detail/data_generator.cc:43   ::caf::test::equal_to(source.remaining(), 0u)
4: ** ./tests/cpp/detail/data_generator.cc:100  std::all_of(x.begin(), x.end(), isprint)
4: ** ./tests/cpp/detail/data_generator.cc:101  ::caf::test::equal_to(x.size(), 42u)
4: ** ./tests/cpp/detail/data_generator.cc:42   ::caf::test::equal_to(generator(result), caf::none)
4: ** ./tests/cpp/detail/data_generator.cc:43   ::caf::test::equal_to(source.remaining(), 0u)
4: ** ./tests/cpp/detail/data_generator.cc:102  ::caf::test::equal_to(generate(), x)
4:   -> 8 checks took 102 us
4: 
4: - address data
4: ** ./tests/cpp/detail/data_generator.cc:31   ::caf::test::equal_to(sink(tag), caf::none)
4: ** ./tests/cpp/detail/data_generator.cc:42   ::caf::test::equal_to(generator(result), caf::none)
4: ** ./tests/cpp/detail/data_generator.cc:43   ::caf::test::equal_to(source.remaining(), 0u)
4: ** ./tests/cpp/detail/data_generator.cc:108  holds_alternative<address>(x)
4: ** ./tests/cpp/detail/data_generator.cc:42   ::caf::test::equal_to(generator(result), caf::none)
4: ** ./tests/cpp/detail/data_generator.cc:43   ::caf::test::equal_to(source.remaining(), 0u)
4: ** ./tests/cpp/detail/data_generator.cc:109  ::caf::test::equal_to(generate(), x)
4:   -> 7 checks took 94 us
4: 
4: - subnet data
4: ** ./tests/cpp/detail/data_generator.cc:31   ::caf::test::equal_to(sink(tag), caf::none)
4: ** ./tests/cpp/detail/data_generator.cc:42   ::caf::test::equal_to(generator(result), caf::none)
4: ** ./tests/cpp/detail/data_generator.cc:43   ::caf::test::equal_to(source.remaining(), 0u)
4: ** ./tests/cpp/detail/data_generator.cc:115  holds_alternative<subnet>(x)
4: ** ./tests/cpp/detail/data_generator.cc:42   ::caf::test::equal_to(generator(result), caf::none)
4: ** ./tests/cpp/detail/data_generator.cc:43   ::caf::test::equal_to(source.remaining(), 0u)
4: ** ./tests/cpp/detail/data_generator.cc:116  ::caf::test::equal_to(generate(), x)
4:   -> 7 checks took 89 us
4: 
4: - port data
4: ** ./tests/cpp/detail/data_generator.cc:31   ::caf::test::equal_to(sink(tag), caf::none)
4: ** ./tests/cpp/detail/data_generator.cc:42   ::caf::test::equal_to(generator(result), caf::none)
4: ** ./tests/cpp/detail/data_generator.cc:43   ::caf::test::equal_to(source.remaining(), 0u)
4: ** ./tests/cpp/detail/data_generator.cc:122  holds_alternative<port>(x)
4: ** ./tests/cpp/detail/data_generator.cc:42   ::caf::test::equal_to(generator(result), caf::none)
4: ** ./tests/cpp/detail/data_generator.cc:43   ::caf::test::equal_to(source.remaining(), 0u)
4: ** ./tests/cpp/detail/data_generator.cc:123  ::caf::test::equal_to(generate(), x)
4:   -> 7 checks took 89 us
4: 
4: - timestamp data
4: ** ./tests/cpp/detail/data_generator.cc:31   ::caf::test::equal_to(sink(tag), caf::none)
4: ** ./tests/cpp/detail/data_generator.cc:42   ::caf::test::equal_to(generator(result), caf::none)
4: ** ./tests/cpp/detail/data_generator.cc:43   ::caf::test::equal_to(source.remaining(), 0u)
4: ** ./tests/cpp/detail/data_generator.cc:129  holds_alternative<timestamp>(x)
4: ** ./tests/cpp/detail/data_generator.cc:42   ::caf::test::equal_to(generator(result), caf::none)
4: ** ./tests/cpp/detail/data_generator.cc:43   ::caf::test::equal_to(source.remaining(), 0u)
4: ** ./tests/cpp/detail/data_generator.cc:130  ::caf::test::equal_to(generate(), x)
4:   -> 7 checks took 86 us
4: 
4: - timespan data
4: ** ./tests/cpp/detail/data_generator.cc:31   ::caf::test::equal_to(sink(tag), caf::none)
4: ** ./tests/cpp/detail/data_generator.cc:42   ::caf::test::equal_to(generator(result), caf::none)
4: ** ./tests/cpp/detail/data_generator.cc:43   ::caf::test::equal_to(source.remaining(), 0u)
4: ** ./tests/cpp/detail/data_generator.cc:136  holds_alternative<timespan>(x)
4: ** ./tests/cpp/detail/data_generator.cc:42   ::caf::test::equal_to(generator(result), caf::none)
4: ** ./tests/cpp/detail/data_generator.cc:43   ::caf::test::equal_to(source.remaining(), 0u)
4: ** ./tests/cpp/detail/data_generator.cc:137  ::caf::test::equal_to(generate(), x)
4:   -> 7 checks took 87 us
4: 
4: - enum_value data
4: ** ./tests/cpp/detail/data_generator.cc:35   ::caf::test::equal_to(sink(tag, container_size), caf::none)
4: ** ./tests/cpp/detail/data_generator.cc:42   ::caf::test::equal_to(generator(result), caf::none)
4: ** ./tests/cpp/detail/data_generator.cc:43   ::caf::test::equal_to(source.remaining(), 0u)
4: ** ./tests/cpp/detail/data_generator.cc:148  std::all_of(x.name.begin(), x.name.end(), isprint)
4: ** ./tests/cpp/detail/data_generator.cc:149  ::caf::test::equal_to(x.name.size(), 42u)
4: ** ./tests/cpp/detail/data_generator.cc:42   ::caf::test::equal_to(generator(result), caf::none)
4: ** ./tests/cpp/detail/data_generator.cc:43   ::caf::test::equal_to(source.remaining(), 0u)
4: ** ./tests/cpp/detail/data_generator.cc:150  ::caf::test::equal_to(generate(), x)
4:   -> 8 checks took 97 us
4: 
4: - set data
4: ** ./tests/cpp/detail/data_generator.cc:35   ::caf::test::equal_to(sink(tag, container_size), caf::none)
4: ** ./tests/cpp/detail/data_generator.cc:31   ::caf::test::equal_to(sink(tag), caf::none)
4: ** ./tests/cpp/detail/data_generator.cc:35   ::caf::test::equal_to(sink(tag, container_size), caf::none)
4: ** ./tests/cpp/detail/data_generator.cc:31   ::caf::test::equal_to(sink(tag), caf::none)
4: ** ./tests/cpp/detail/data_generator.cc:42   ::caf::test::equal_to(generator(result), caf::none)
4: ** ./tests/cpp/detail/data_generator.cc:43   ::caf::test::equal_to(source.remaining(), 0u)
4: ** ./tests/cpp/detail/data_generator.cc:164  ::caf::test::equal_to(x.size(), 3u)
4: ** ./tests/cpp/detail/data_generator.cc:165  std::any_of(x.begin(), x.end(), holds<integer>{})
4: ** ./tests/cpp/detail/data_generator.cc:166  std::any_of(x.begin(), x.end(), holds<real>{})
4: ** ./tests/cpp/detail/data_generator.cc:167  std::any_of(x.begin(), x.end(), holds<std::string>{})
4: ** ./tests/cpp/detail/data_generator.cc:168  std::none_of(x.begin(), x.end(), holds<set>{})
4: ** ./tests/cpp/detail/data_generator.cc:42   ::caf::test::equal_to(generator(result), caf::none)
4: ** ./tests/cpp/detail/data_generator.cc:43   ::caf::test::equal_to(source.remaining(), 0u)
4: ** ./tests/cpp/detail/data_generator.cc:169  ::caf::test::equal_to(generate(), x)
4:   -> 14 checks took 160 us
4: 
4: - table data
4: ** ./tests/cpp/detail/data_generator.cc:35   ::caf::test::equal_to(sink(tag, container_size), caf::none)
4: ** ./tests/cpp/detail/data_generator.cc:31   ::caf::test::equal_to(sink(tag), caf::none)
4: ** ./tests/cpp/detail/data_generator.cc:35   ::caf::test::equal_to(sink(tag, container_size), caf::none)
4: ** ./tests/cpp/detail/data_generator.cc:31   ::caf::test::equal_to(sink(tag), caf::none)
4: ** ./tests/cpp/detail/data_generator.cc:31   ::caf::test::equal_to(sink(tag), caf::none)
4: ** ./tests/cpp/detail/data_generator.cc:42   ::caf::test::equal_to(generator(result), caf::none)
4: ** ./tests/cpp/detail/data_generator.cc:43   ::caf::test::equal_to(source.remaining(), 0u)
4: ** ./tests/cpp/detail/data_generator.cc:190  ::caf::test::equal_to(x.size(), 2u)
4: ** ./tests/cpp/detail/data_generator.cc:191  ::caf::test::equal_to(keys.size(), 2u)
4: ** ./tests/cpp/detail/data_generator.cc:192  ::caf::test::equal_to(values.size(), 2u)
4: ** ./tests/cpp/detail/data_generator.cc:193  std::any_of(keys.begin(), keys.end(), holds<integer>{})
4: ** ./tests/cpp/detail/data_generator.cc:194  std::any_of(keys.begin(), keys.end(), holds<address>{})
4: ** ./tests/cpp/detail/data_generator.cc:195  std::any_of(values.begin(), values.end(), holds<std::string>{})
4: ** ./tests/cpp/detail/data_generator.cc:196  std::any_of(values.begin(), values.end(), holds<real>{})
4: ** ./tests/cpp/detail/data_generator.cc:42   ::caf::test::equal_to(generator(result), caf::none)
4: ** ./tests/cpp/detail/data_generator.cc:43   ::caf::test::equal_to(source.remaining(), 0u)
4: ** ./tests/cpp/detail/data_generator.cc:197  ::caf::test::equal_to(generate(), x)
4:   -> 17 checks took 192 us
4: 
4: - vector data
4: ** ./tests/cpp/detail/data_generator.cc:35   ::caf::test::equal_to(sink(tag, container_size), caf::none)
4: ** ./tests/cpp/detail/data_generator.cc:31   ::caf::test::equal_to(sink(tag), caf::none)
4: ** ./tests/cpp/detail/data_generator.cc:35   ::caf::test::equal_to(sink(tag, container_size), caf::none)
4: ** ./tests/cpp/detail/data_generator.cc:31   ::caf::test::equal_to(sink(tag), caf::none)
4: ** ./tests/cpp/detail/data_generator.cc:42   ::caf::test::equal_to(generator(result), caf::none)
4: ** ./tests/cpp/detail/data_generator.cc:43   ::caf::test::equal_to(source.remaining(), 0u)
4: ** ./tests/cpp/detail/data_generator.cc:215  holds_alternative<real>(x[0])
4: ** ./tests/cpp/detail/data_generator.cc:216  holds_alternative<std::string>(x[1])
4: ** ./tests/cpp/detail/data_generator.cc:217  holds_alternative<integer>(x[2])
4: ** ./tests/cpp/detail/data_generator.cc:42   ::caf::test::equal_to(generator(result), caf::none)
4: ** ./tests/cpp/detail/data_generator.cc:43   ::caf::test::equal_to(source.remaining(), 0u)
4: ** ./tests/cpp/detail/data_generator.cc:218  ::caf::test::equal_to(generate(), x)
4:   -> 12 checks took 137 us
4: 
4: - roundtrip with meta_data_writer
4: ** ./tests/cpp/detail/data_generator.cc:224  ::caf::test::equal_to(writer(x), caf::none)
4: ** ./tests/cpp/detail/data_generator.cc:42   ::caf::test::equal_to(generator(result), caf::none)
4: ** ./tests/cpp/detail/data_generator.cc:43   ::caf::test::equal_to(source.remaining(), 0u)
4: ** ./tests/cpp/detail/data_generator.cc:231  ::caf::test::equal_to(x.size(), y.size())
4: ** ./tests/cpp/detail/data_generator.cc:232  holds_alternative<integer>(y[0])
4: ** ./tests/cpp/detail/data_generator.cc:233  holds_alternative<integer>(y[1])
4: ** ./tests/cpp/detail/data_generator.cc:234  holds_alternative<std::string>(y[2])
4: ** ./tests/cpp/detail/data_generator.cc:235  ::caf::test::equal_to(get<std::string>(x[2]).size(), get<std::string>(y[2]).size())
4: ** ./tests/cpp/detail/data_generator.cc:236  holds_alternative<std::string>(y[3])
4: ** ./tests/cpp/detail/data_generator.cc:237  ::caf::test::equal_to(get<std::string>(x[3]).size(), get<std::string>(y[3]).size())
4:   -> 10 checks took 123 us
4: 
4: 
4: +----------------------------------------------------------------------+
4:                                 summary
4: +----------------------------------------------------------------------+
4: 
4:                         suites:  1
4:                         tests:   16
4:                         checks:  136
4:                         time:    1 ms
4:                         success: 100%
4: 
4: +----------------------------------------------------------------------+
 2/28 Test  #4: data_generator ...................   Passed    0.02 sec
test 6
      Start  6: meta_command_writer

6: Test command: /<<PKGBUILDDIR>>/obj-x86_64-linux-gnu/bin/broker-test "-v" "4" "-s" "meta_command_writer"
6: Environment variables: 
6:  BROKER_TEST_DIR=/<<PKGBUILDDIR>>/tests
6: Test timeout computed to be: 20
 3/28 Test  #1: backend ..........................***Exception: SegFault  0.02 sec
+----------------------------------------------------------------------+
                                backend
+----------------------------------------------------------------------+

- put/get

test 7
      Start  7: meta_data_writer

7: Test command: /<<PKGBUILDDIR>>/obj-x86_64-linux-gnu/bin/broker-test "-v" "4" "-s" "meta_data_writer"
7: Environment variables: 
7:  BROKER_TEST_DIR=/<<PKGBUILDDIR>>/tests
7: Test timeout computed to be: 20
5: +----------------------------------------------------------------------+
5:                          generator_file_writer
5: +----------------------------------------------------------------------+
5: 
5: - data_message roundtrip with generator_file_reader
5: ** ./tests/cpp/detail/generator_file_writer.cc:41   ::caf::test::not_equal_to(reader, nullptr)
5: ** ./tests/cpp/detail/generator_file_writer.cc:43   ::caf::test::equal_to(reader->read(y_msg), caf::none)
5: ** ./tests/cpp/detail/generator_file_writer.cc:44   ::caf::test::equal_to(reader->at_end(), true)
5: ** ./tests/cpp/detail/generator_file_writer.cc:45   ::caf::test::equal_to(get_topic(y_msg), topic{"foo/bar"})
5: ** ./tests/cpp/detail/generator_file_writer.cc:46   is_data_message(y_msg)
5: ** ./tests/cpp/detail/generator_file_writer.cc:48   holds_alternative<vector>(y_data)
5: ** ./tests/cpp/detail/generator_file_writer.cc:50   ::caf::test::equal_to(x.size(), y.size())
5: ** ./tests/cpp/detail/generator_file_writer.cc:51   holds_alternative<integer>(y[0])
5: ** ./tests/cpp/detail/generator_file_writer.cc:52   holds_alternative<integer>(y[1])
5: ** ./tests/cpp/detail/generator_file_writer.cc:53   holds_alternative<std::string>(y[2])
5: ** ./tests/cpp/detail/generator_file_writer.cc:54   ::caf::test::equal_to(get<std::string>(x[2]).size(), get<std::string>(y[2]).size())
5: ** ./tests/cpp/detail/generator_file_writer.cc:55   holds_alternative<std::string>(y[3])
5: ** ./tests/cpp/detail/generator_file_writer.cc:56   ::caf::test::equal_to(get<std::string>(x[3]).size(), get<std::string>(y[3]).size())
5: ** ./tests/cpp/detail/generator_file_writer.cc:57   ::caf::test::equal_to(reader->read(y_msg), ec::end_of_file)
5:   -> 14 checks took 950 us
5: 
5: - command_message roundtrip with generator_file_reader
5: ** ./tests/cpp/detail/generator_file_writer.cc:69   ::caf::test::not_equal_to(reader, nullptr)
5: ** ./tests/cpp/detail/generator_file_writer.cc:71   ::caf::test::equal_to(reader->read(y_msg), caf::none)
5: ** ./tests/cpp/detail/generator_file_writer.cc:72   ::caf::test::equal_to(reader->at_end(), true)
5: ** ./tests/cpp/detail/generator_file_writer.cc:73   ::caf::test::equal_to(get_topic(y_msg), topic{"foo/bar"})
5: ** ./tests/cpp/detail/generator_file_writer.cc:74   is_data_message(y_msg)
5: ** ./tests/cpp/detail/generator_file_writer.cc:76   holds_alternative<vector>(y_data)
5: ** ./tests/cpp/detail/generator_file_writer.cc:78   ::caf::test::equal_to(x.size(), y.size())
5: ** ./tests/cpp/detail/generator_file_writer.cc:79   holds_alternative<integer>(y[0])
5: ** ./tests/cpp/detail/generator_file_writer.cc:80   holds_alternative<integer>(y[1])
5: ** ./tests/cpp/detail/generator_file_writer.cc:81   holds_alternative<std::string>(y[2])
5: ** ./tests/cpp/detail/generator_file_writer.cc:82   ::caf::test::equal_to(get<std::string>(x[2]).size(), get<std::string>(y[2]).size())
5: ** ./tests/cpp/detail/generator_file_writer.cc:83   holds_alternative<std::string>(y[3])
5: ** ./tests/cpp/detail/generator_file_writer.cc:84   ::caf::test::equal_to(get<std::string>(x[3]).size(), get<std::string>(y[3]).size())
5: ** ./tests/cpp/detail/generator_file_writer.cc:85   ::caf::test::equal_to(reader->read(y_msg), ec::end_of_file)
5:   -> 14 checks took 620 us
5: 
5: 
5: +----------------------------------------------------------------------+
5:                                 summary
5: +----------------------------------------------------------------------+
5: 
5:                         suites:  1
5:                         tests:   2
5:                         checks:  28
5:                         time:    1 ms
5:                         success: 100%
5: 
5: +----------------------------------------------------------------------+
 4/28 Test  #5: generator_file_writer ............   Passed    0.01 sec
test 8
      Start  8: error

8: Test command: /<<PKGBUILDDIR>>/obj-x86_64-linux-gnu/bin/broker-test "-v" "4" "-s" "error"
8: Environment variables: 
8:  BROKER_TEST_DIR=/<<PKGBUILDDIR>>/tests
8: Test timeout computed to be: 20
6: +----------------------------------------------------------------------+
6:                           meta_command_writer
6: +----------------------------------------------------------------------+
6: 
6: - default constructed command
6: ** ./tests/cpp/detail/meta_command_writer.cc:31   ::caf::test::equal_to(writer(cmd), caf::none)
6: ** ./tests/cpp/detail/meta_command_writer.cc:39   ::caf::test::equal_to(source(result), caf::none)
6: ** ./tests/cpp/detail/meta_command_writer.cc:55   ::caf::test::equal_to(pull<internal_command::type>(), internal_command::type::none)
6: ** ./tests/cpp/detail/meta_command_writer.cc:56   at_end()
6:   -> 4 checks took 165 us
6: 
6: - put_command
6: ** ./tests/cpp/detail/meta_command_writer.cc:31   ::caf::test::equal_to(writer(cmd), caf::none)
6: ** ./tests/cpp/detail/meta_command_writer.cc:39   ::caf::test::equal_to(source(result), caf::none)
6: ** ./tests/cpp/detail/meta_command_writer.cc:62   ::caf::test::equal_to(pull<internal_command::type>(), internal_command::type::put_command)
6: ** ./tests/cpp/detail/meta_command_writer.cc:39   ::caf::test::equal_to(source(result), caf::none)
6: ** ./tests/cpp/detail/meta_command_writer.cc:63   ::caf::test::equal_to(pull<data::type>(), data::type::string)
6: ** ./tests/cpp/detail/meta_command_writer.cc:39   ::caf::test::equal_to(source(result), caf::none)
6: ** ./tests/cpp/detail/meta_command_writer.cc:64   ::caf::test::equal_to(pull<uint32_t>(), 5u)
6: ** ./tests/cpp/detail/meta_command_writer.cc:39   ::caf::test::equal_to(source(result), caf::none)
6: ** ./tests/cpp/detail/meta_command_writer.cc:65   ::caf::test::equal_to(pull<data::type>(), data::type::string)
6: ** ./tests/cpp/detail/meta_command_writer.cc:39   ::caf::test::equal_to(source(result), caf::none)
6: ** ./tests/cpp/detail/meta_command_writer.cc:66   ::caf::test::equal_to(pull<uint32_t>(), 6u)
6: ** ./tests/cpp/detail/meta_command_writer.cc:67   at_end()
6:   -> 12 checks took 188 us
6: 
6: - put_unique_command
6: ** ./tests/cpp/detail/meta_command_writer.cc:31   ::caf::test::equal_to(writer(cmd), caf::none)
6: ** ./tests/cpp/detail/meta_command_writer.cc:39   ::caf::test::equal_to(source(result), caf::none)
6: ** ./tests/cpp/detail/meta_command_writer.cc:73   ::caf::test::equal_to(pull<internal_command::type>(), internal_command::type::put_unique_command)
6: ** ./tests/cpp/detail/meta_command_writer.cc:39   ::caf::test::equal_to(source(result), caf::none)
6: ** ./tests/cpp/detail/meta_command_writer.cc:74   ::caf::test::equal_to(pull<data::type>(), data::type::string)
6: ** ./tests/cpp/detail/meta_command_writer.cc:39   ::caf::test::equal_to(source(result), caf::none)
6: ** ./tests/cpp/detail/meta_command_writer.cc:75   ::caf::test::equal_to(pull<uint32_t>(), 5u)
6: ** ./tests/cpp/detail/meta_command_writer.cc:39   ::caf::test::equal_to(source(result), caf::none)
6: ** ./tests/cpp/detail/meta_command_writer.cc:76   ::caf::test::equal_to(pull<data::type>(), data::type::string)
6: ** ./tests/cpp/detail/meta_command_writer.cc:39   ::caf::test::equal_to(source(result), caf::none)
6: ** ./tests/cpp/detail/meta_command_writer.cc:77   ::caf::test::equal_to(pull<uint32_t>(), 6u)
6: ** ./tests/cpp/detail/meta_command_writer.cc:78   at_end()
6:   -> 12 checks took 164 us
6: 
6: - erase_command
6: ** ./tests/cpp/detail/meta_command_writer.cc:31   ::caf::test::equal_to(writer(cmd), caf::none)
6: ** ./tests/cpp/detail/meta_command_writer.cc:39   ::caf::test::equal_to(source(result), caf::none)
6: ** ./tests/cpp/detail/meta_command_writer.cc:84   ::caf::test::equal_to(pull<internal_command::type>(), internal_command::type::erase_command)
6: ** ./tests/cpp/detail/meta_command_writer.cc:39   ::caf::test::equal_to(source(result), caf::none)
6: ** ./tests/cpp/detail/meta_command_writer.cc:85   ::caf::test::equal_to(pull<data::type>(), data::type::string)
6: ** ./tests/cpp/detail/meta_command_writer.cc:39   ::caf::test::equal_to(source(result), caf::none)
6: ** ./tests/cpp/detail/meta_command_writer.cc:86   ::caf::test::equal_to(pull<uint32_t>(), 6u)
6: ** ./tests/cpp/detail/meta_command_writer.cc:87   at_end()
6:   -> 8 checks took 116 us
6: 
6: - add_command
6: ** ./tests/cpp/detail/meta_command_writer.cc:31   ::caf::test::equal_to(writer(cmd), caf::none)
6: ** ./tests/cpp/detail/meta_command_writer.cc:39   ::caf::test::equal_to(source(result), caf::none)
6: ** ./tests/cpp/detail/meta_command_writer.cc:93   ::caf::test::equal_to(pull<internal_command::type>(), internal_command::type::add_command)
6: ** ./tests/cpp/detail/meta_command_writer.cc:39   ::caf::test::equal_to(source(result), caf::none)
6: ** ./tests/cpp/detail/meta_command_writer.cc:94   ::caf::test::equal_to(pull<data::type>(), data::type::string)
6: ** ./tests/cpp/detail/meta_command_writer.cc:39   ::caf::test::equal_to(source(result), caf::none)
6: ** ./tests/cpp/detail/meta_command_writer.cc:95   ::caf::test::equal_to(pull<uint32_t>(), 3u)
6: ** ./tests/cpp/detail/meta_command_writer.cc:39   ::caf::test::equal_to(source(result), caf::none)
6: ** ./tests/cpp/detail/meta_command_writer.cc:96   ::caf::test::equal_to(pull<data::type>(), data::type::string)
6: ** ./tests/cpp/detail/meta_command_writer.cc:39   ::caf::test::equal_to(source(result), caf::none)
6: ** ./tests/cpp/detail/meta_command_writer.cc:97   ::caf::test::equal_to(pull<uint32_t>(), 5u)
6: ** ./tests/cpp/detail/meta_command_writer.cc:39   ::caf::test::equal_to(source(result), caf::none)
6: ** ./tests/cpp/detail/meta_command_writer.cc:98   ::caf::test::equal_to(pull<data::type>(), data::type::table)
6: ** ./tests/cpp/detail/meta_command_writer.cc:99   at_end()
6:   -> 14 checks took 183 us
6: 
6: - subtract_command
6: ** ./tests/cpp/detail/meta_command_writer.cc:31   ::caf::test::equal_to(writer(cmd), caf::none)
6: ** ./tests/cpp/detail/meta_command_writer.cc:39   ::caf::test::equal_to(source(result), caf::none)
6: ** ./tests/cpp/detail/meta_command_writer.cc:105  ::caf::test::equal_to(pull<internal_command::type>(), internal_command::type::subtract_command)
6: ** ./tests/cpp/detail/meta_command_writer.cc:39   ::caf::test::equal_to(source(result), caf::none)
6: ** ./tests/cpp/detail/meta_command_writer.cc:106  ::caf::test::equal_to(pull<data::type>(), data::type::string)
6: ** ./tests/cpp/detail/meta_command_writer.cc:39   ::caf::test::equal_to(source(result), caf::none)
6: ** ./tests/cpp/detail/meta_command_writer.cc:107  ::caf::test::equal_to(pull<uint32_t>(), 3u)
6: ** ./tests/cpp/detail/meta_command_writer.cc:39   ::caf::test::equal_to(source(result), caf::none)
6: ** ./tests/cpp/detail/meta_command_writer.cc:108  ::caf::test::equal_to(pull<data::type>(), data::type::string)
6: ** ./tests/cpp/detail/meta_command_writer.cc:39   ::caf::test::equal_to(source(result), caf::none)
6: ** ./tests/cpp/detail/meta_command_writer.cc:109  ::caf::test::equal_to(pull<uint32_t>(), 5u)
6: ** ./tests/cpp/detail/meta_command_writer.cc:110  at_end()
6:   -> 12 checks took 164 us
6: 
6: - snapshot_command
6: ** ./tests/cpp/detail/meta_command_writer.cc:31   ::caf::test::equal_to(writer(cmd), caf::none)
6: ** ./tests/cpp/detail/meta_command_writer.cc:39   ::caf::test::equal_to(source(result), caf::none)
6: ** ./tests/cpp/detail/meta_command_writer.cc:116  ::caf::test::equal_to(pull<internal_command::type>(), internal_command::type::snapshot_command)
6: ** ./tests/cpp/detail/meta_command_writer.cc:117  at_end()
6:   -> 4 checks took 70 us
6: 
6: - snapshot_sync_command
6: ** ./tests/cpp/detail/meta_command_writer.cc:31   ::caf::test::equal_to(writer(cmd), caf::none)
6: ** ./tests/cpp/detail/meta_command_writer.cc:39   ::caf::test::equal_to(source(result), caf::none)
6: ** ./tests/cpp/detail/meta_command_writer.cc:123  ::caf::test::equal_to(pull<internal_command::type>(), internal_command::type::snapshot_sync_command)
6: ** ./tests/cpp/detail/meta_command_writer.cc:124  at_end()
6:   -> 4 checks took 71 us
6: 
6: - set_command
6: ** ./tests/cpp/detail/meta_command_writer.cc:31   ::caf::test::equal_to(writer(cmd), caf::none)
6: ** ./tests/cpp/detail/meta_command_writer.cc:39   ::caf::test::equal_to(source(result), caf::none)
6: ** ./tests/cpp/detail/meta_command_writer.cc:130  ::caf::test::equal_to(pull<internal_command::type>(), internal_command::type::set_command)
6: ** ./tests/cpp/detail/meta_command_writer.cc:39   ::caf::test::equal_to(source(result), caf::none)
6: ** ./tests/cpp/detail/meta_command_writer.cc:131  ::caf::test::equal_to(pull<uint32_t>(), 1u)
6: ** ./tests/cpp/detail/meta_command_writer.cc:39   ::caf::test::equal_to(source(result), caf::none)
6: ** ./tests/cpp/detail/meta_command_writer.cc:132  ::caf::test::equal_to(pull<data::type>(), data::type::string)
6: ** ./tests/cpp/detail/meta_command_writer.cc:39   ::caf::test::equal_to(source(result), caf::none)
6: ** ./tests/cpp/detail/meta_command_writer.cc:133  ::caf::test::equal_to(pull<uint32_t>(), 3u)
6: ** ./tests/cpp/detail/meta_command_writer.cc:39   ::caf::test::equal_to(source(result), caf::none)
6: ** ./tests/cpp/detail/meta_command_writer.cc:134  ::caf::test::equal_to(pull<data::type>(), data::type::string)
6: ** ./tests/cpp/detail/meta_command_writer.cc:39   ::caf::test::equal_to(source(result), caf::none)
6: ** ./tests/cpp/detail/meta_command_writer.cc:135  ::caf::test::equal_to(pull<uint32_t>(), 5u)
6: ** ./tests/cpp/detail/meta_command_writer.cc:136  at_end()
6:   -> 14 checks took 192 us
6: 
6: 
6: +----------------------------------------------------------------------+
6:                                 summary
6: +----------------------------------------------------------------------+
6: 
6:                         suites:  1
6:                         tests:   9
6:                         checks:  84
6:                         time:    1 ms
6:                         success: 100%
6: 
6: +----------------------------------------------------------------------+
7: +----------------------------------------------------------------------+
7:                             meta_data_writer
7: +----------------------------------------------------------------------+
7: 
7: - default constructed data
7: ** ./tests/cpp/detail/meta_data_writer.cc:28   ::caf::test::equal_to(writer(x), caf::none)
7: ** ./tests/cpp/detail/meta_data_writer.cc:36   ::caf::test::equal_to(source(result), caf::none)
7: ** ./tests/cpp/detail/meta_data_writer.cc:52   ::caf::test::equal_to(pull<data::type>(), data::type::none)
7: ** ./tests/cpp/detail/meta_data_writer.cc:53   at_end()
7:   -> 4 checks took 154 us
7: 
7: - boolean data
7: ** ./tests/cpp/detail/meta_data_writer.cc:28   ::caf::test::equal_to(writer(x), caf::none)
7: ** ./tests/cpp/detail/meta_data_writer.cc:36   ::caf::test::equal_to(source(result), caf::none)
7: ** ./tests/cpp/detail/meta_data_writer.cc:58   ::caf::test::equal_to(pull<data::type>(), data::type::boolean)
7: ** ./tests/cpp/detail/meta_data_writer.cc:59   at_end()
 5/28 Test  #6: meta_command_writer ..............   Passed    0.01 sec
test 9
      Start  9: filter

9: Test command: /<<PKGBUILDDIR>>/obj-x86_64-linux-gnu/bin/broker-test "-v" "4" "-s" "filter"
9: Environment variables: 
9:  BROKER_TEST_DIR=/<<PKGBUILDDIR>>/tests
9: Test timeout computed to be: 20
7:   -> 4 checks took 1 ms
7: 
7: - count data
7: ** ./tests/cpp/detail/meta_data_writer.cc:28   ::caf::test::equal_to(writer(x), caf::none)
7: ** ./tests/cpp/detail/meta_data_writer.cc:36   ::caf::test::equal_to(source(result), caf::none)
7: ** ./tests/cpp/detail/meta_data_writer.cc:64   ::caf::test::equal_to(pull<data::type>(), data::type::count)
7: ** ./tests/cpp/detail/meta_data_writer.cc:65   at_end()
7:   -> 4 checks took 92 us
7: 
7: - integer data
7: ** ./tests/cpp/detail/meta_data_writer.cc:28   ::caf::test::equal_to(writer(x), caf::none)
7: ** ./tests/cpp/detail/meta_data_writer.cc:36   ::caf::test::equal_to(source(result), caf::none)
7: ** ./tests/cpp/detail/meta_data_writer.cc:70   ::caf::test::equal_to(pull<data::type>(), data::type::integer)
7: ** ./tests/cpp/detail/meta_data_writer.cc:71   at_end()
7:   -> 4 checks took 80 us
7: 
7: - real data
7: ** ./tests/cpp/detail/meta_data_writer.cc:28   ::caf::test::equal_to(writer(x), caf::none)
7: ** ./tests/cpp/detail/meta_data_writer.cc:36   ::caf::test::equal_to(source(result), caf::none)
7: ** ./tests/cpp/detail/meta_data_writer.cc:76   ::caf::test::equal_to(pull<data::type>(), data::type::real)
7: ** ./tests/cpp/detail/meta_data_writer.cc:77   at_end()
 6/28 Test  #2: core .............................***Exception: SegFault  0.04 sec
+----------------------------------------------------------------------+
                                  core
+----------------------------------------------------------------------+

- local_peers

test 10
      Start 10: integration

10: Test command: /<<PKGBUILDDIR>>/obj-x86_64-linux-gnu/bin/broker-test "-v" "4" "-s" "integration"
10: Environment variables: 
10:  BROKER_TEST_DIR=/<<PKGBUILDDIR>>/tests
10: Test timeout computed to be: 20
7:   -> 4 checks took 1 ms
7: 
7: - string data
7: ** ./tests/cpp/detail/meta_data_writer.cc:28   ::caf::test::equal_to(writer(x), caf::none)
7: ** ./tests/cpp/detail/meta_data_writer.cc:36   ::caf::test::equal_to(source(result), caf::none)
7: ** ./tests/cpp/detail/meta_data_writer.cc:82   ::caf::test::equal_to(pull<data::type>(), data::type::string)
7: ** ./tests/cpp/detail/meta_data_writer.cc:36   ::caf::test::equal_to(source(result), caf::none)
7: ** ./tests/cpp/detail/meta_data_writer.cc:83   ::caf::test::equal_to(pull<uint32_t>(), 11u)
7: ** ./tests/cpp/detail/meta_data_writer.cc:84   at_end()
7:   -> 6 checks took 280 us
7: 
7: - address data
7: ** ./tests/cpp/detail/meta_data_writer.cc:28   ::caf::test::equal_to(writer(x), caf::none)
7: ** ./tests/cpp/detail/meta_data_writer.cc:36   ::caf::test::equal_to(source(result), caf::none)
7: ** ./tests/cpp/detail/meta_data_writer.cc:89   ::caf::test::equal_to(pull<data::type>(), data::type::address)
7: ** ./tests/cpp/detail/meta_data_writer.cc:90   at_end()
7:   -> 4 checks took 221 us
7: 
7: - subnet data
7: ** ./tests/cpp/detail/meta_data_writer.cc:28   ::caf::test::equal_to(writer(x), caf::none)
7: ** ./tests/cpp/detail/meta_data_writer.cc:36   ::caf::test::equal_to(source(result), caf::none)
7: ** ./tests/cpp/detail/meta_data_writer.cc:95   ::caf::test::equal_to(pull<data::type>(), data::type::subnet)
7: ** ./tests/cpp/detail/meta_data_writer.cc:96   at_end()
7:   -> 4 checks took 110 us
7: 
7: - port data
7: ** ./tests/cpp/detail/meta_data_writer.cc:28   ::caf::test::equal_to(writer(x), caf::none)
7: ** ./tests/cpp/detail/meta_data_writer.cc:36   ::caf::test::equal_to(source(result), caf::none)
7: ** ./tests/cpp/detail/meta_data_writer.cc:101  ::caf::test::equal_to(pull<data::type>(), data::type::port)
7: ** ./tests/cpp/detail/meta_data_writer.cc:102  at_end()
7:   -> 4 checks took 99 us
7: 
7: - timestamp data
7: ** ./tests/cpp/detail/meta_data_writer.cc:28   ::caf::test::equal_to(writer(x), caf::none)
7: ** ./tests/cpp/detail/meta_data_writer.cc:36   ::caf::test::equal_to(source(result), caf::none)
7: ** ./tests/cpp/detail/meta_data_writer.cc:107  ::caf::test::equal_to(pull<data::type>(), data::type::timestamp)
7: ** ./tests/cpp/detail/meta_data_writer.cc:108  at_end()
7:   -> 4 checks took 95 us
7: 
7: - timespan data
8: +----------------------------------------------------------------------+
8:                                  error
8: +----------------------------------------------------------------------+
8: 
8: - ec is convertible to and from string
8: ** ./tests/cpp/error.cc:42   ::caf::test::equal_to(to_string(ec::unspecified), "unspecified"s)
8: ** ./tests/cpp/error.cc:43   ::caf::test::equal_to(to_string(ec::peer_incompatible), "peer_incompatible"s)
8: ** ./tests/cpp/error.cc:44   ::caf::test::equal_to(to_string(ec::peer_invalid), "peer_invalid"s)
8: ** ./tests/cpp/error.cc:45   ::caf::test::equal_to(to_string(ec::peer_unavailable), "peer_unavailable"s)
8: ** ./tests/cpp/error.cc:46   ::caf::test::equal_to(to_string(ec::peer_timeout), "peer_timeout"s)
8: ** ./tests/cpp/error.cc:47   ::caf::test::equal_to(to_string(ec::master_exists), "master_exists"s)
8: ** ./tests/cpp/error.cc:48   ::caf::test::equal_to(to_string(ec::no_such_master), "no_such_master"s)
8: ** ./tests/cpp/error.cc:49   ::caf::test::equal_to(to_string(ec::no_such_key), "no_such_key"s)
8: ** ./tests/cpp/error.cc:50   ::caf::test::equal_to(to_string(ec::request_timeout), "request_timeout"s)
8: ** ./tests/cpp/error.cc:51   ::caf::test::equal_to(to_string(ec::type_clash), "type_clash"s)
8: ** ./tests/cpp/error.cc:52   ::caf::test::equal_to(to_string(ec::invalid_data), "invalid_data"s)
8: ** ./tests/cpp/error.cc:53   ::caf::test::equal_to(to_string(ec::backend_failure), "backend_failure"s)
8: ** ./tests/cpp/error.cc:54   ::caf::test::equal_to(to_string(ec::stale_data), "stale_data"s)
8: ** ./tests/cpp/error.cc:55   ::caf::test::equal_to(to_string(ec::cannot_open_file), "cannot_open_file"s)
8: ** ./tests/cpp/error.cc:56   ::caf::test::equal_to(to_string(ec::cannot_write_file), "cannot_write_file"s)
8: ** ./tests/cpp/error.cc:57   ::caf::test::equal_to(to_string(ec::invalid_topic_key), "invalid_topic_key"s)
8: ** ./tests/cpp/error.cc:58   ::caf::test::equal_to(to_string(ec::end_of_file), "end_of_file"s)
8: ** ./tests/cpp/error.cc:59   ::caf::test::equal_to(to_string(ec::invalid_tag), "invalid_tag"s)
8: ** ./tests/cpp/error.cc:60   ::caf::test::equal_to(from_string<ec>("unspecified"), ec::unspecified)
8: ** ./tests/cpp/error.cc:61   ::caf::test::equal_to(from_string<ec>("peer_incompatible"), ec::peer_incompatible)
8: ** ./tests/cpp/error.cc:62   ::caf::test::equal_to(from_string<ec>("peer_invalid"), ec::peer_invalid)
8: ** ./tests/cpp/error.cc:63   ::caf::test::equal_to(from_string<ec>("peer_unavailable"), ec::peer_unavailable)
8: ** ./tests/cpp/error.cc:64   ::caf::test::equal_to(from_string<ec>("peer_timeout"), ec::peer_timeout)
8: ** ./tests/cpp/error.cc:65   ::caf::test::equal_to(from_string<ec>("master_exists"), ec::master_exists)
8: ** ./tests/cpp/error.cc:66   ::caf::test::equal_to(from_string<ec>("no_such_master"), ec::no_such_master)
8: ** ./tests/cpp/error.cc:67   ::caf::test::equal_to(from_string<ec>("no_such_key"), ec::no_such_key)
8: ** ./tests/cpp/error.cc:68   ::caf::test::equal_to(from_string<ec>("request_timeout"), ec::request_timeout)
8: ** ./tests/cpp/error.cc:69   ::caf::test::equal_to(from_string<ec>("type_clash"), ec::type_clash)
8: ** ./tests/cpp/error.cc:70   ::caf::test::equal_to(from_string<ec>("invalid_data"), ec::invalid_data)
8: ** ./tests/cpp/error.cc:71   ::caf::test::equal_to(from_string<ec>("backend_failure"), ec::backend_failure)
8: ** ./tests/cpp/error.cc:72   ::caf::test::equal_to(from_string<ec>("stale_data"), ec::stale_data)
8: ** ./tests/cpp/error.cc:73   ::caf::test::equal_to(from_string<ec>("cannot_open_file"), ec::cannot_open_file)
8: ** ./tests/cpp/error.cc:74   ::caf::test::equal_to(from_string<ec>("cannot_write_file"), ec::cannot_write_file)
8: ** ./tests/cpp/error.cc:75   ::caf::test::equal_to(from_string<ec>("invalid_topic_key"), ec::invalid_topic_key)
8: ** ./tests/cpp/error.cc:76   ::caf::test::equal_to(from_string<ec>("end_of_file"), ec::end_of_file)
8: ** ./tests/cpp/error.cc:77   ::caf::test::equal_to(from_string<ec>("invalid_tag"), ec::invalid_tag)
8: ** ./tests/cpp/error.cc:78   ::caf::test::equal_to(from_string<ec>("none"), nil)
8: ** ./tests/cpp/error.cc:79   ::caf::test::equal_to(from_string<ec>("foo"), nil)
7: ** ./tests/cpp/detail/meta_data_writer.cc:28   ::caf::test::equal_to(writer(x), caf::none)
7: ** ./tests/cpp/detail/meta_data_writer.cc:36   ::caf::test::equal_to(source(result), caf::none)
7: ** ./tests/cpp/detail/meta_data_writer.cc:113  ::caf::test::equal_to(pull<data::type>(), data::type::timespan)
7: ** ./tests/cpp/detail/meta_data_writer.cc:114  at_end()
7:   -> 4 checks took 499 us
7: 
7: - enum_value data
7: ** ./tests/cpp/detail/meta_data_writer.cc:28   ::caf::test::equal_to(writer(x), caf::none)
7: ** ./tests/cpp/detail/meta_data_writer.cc:36   ::caf::test::equal_to(source(result), caf::none)
7: ** ./tests/cpp/detail/meta_data_writer.cc:119  ::caf::test::equal_to(pull<data::type>(), data::type::enum_value)
7: ** ./tests/cpp/detail/meta_data_writer.cc:36   ::caf::test::equal_to(source(result), caf::none)
7: ** ./tests/cpp/detail/meta_data_writer.cc:120  ::caf::test::equal_to(pull<uint32_t>(), 6u)
7: ** ./tests/cpp/detail/meta_data_writer.cc:121  at_end()
7:   -> 6 checks took 151 us
7: 
7: - set data
7: ** ./tests/cpp/detail/meta_data_writer.cc:28   ::caf::test::equal_to(writer(x), caf::none)
7: ** ./tests/cpp/detail/meta_data_writer.cc:36   ::caf::test::equal_to(source(result), caf::none)
7: ** ./tests/cpp/detail/meta_data_writer.cc:130  ::caf::test::equal_to(pull<data::type>(), data::type::set)
7: ** ./tests/cpp/detail/meta_data_writer.cc:36   ::caf::test::equal_to(source(result), caf::none)
7: ** ./tests/cpp/detail/meta_data_writer.cc:131  ::caf::test::equal_to(pull<uint32_t>(), 3u)
7: ** ./tests/cpp/detail/meta_data_writer.cc:36   ::caf::test::equal_to(source(result), caf::none)
7: ** ./tests/cpp/detail/meta_data_writer.cc:132  ::caf::test::equal_to(pull<data::type>(), data::type::integer)
7: ** ./tests/cpp/detail/meta_data_writer.cc:36   ::caf::test::equal_to(source(result), caf::none)
7: ** ./tests/cpp/detail/meta_data_writer.cc:133  ::caf::test::equal_to(pull<data::type>(), data::type::integer)
7: ** ./tests/cpp/detail/meta_data_writer.cc:36   ::caf::test::equal_to(source(result), caf::none)
7: ** ./tests/cpp/detail/meta_data_writer.cc:134  ::caf::test::equal_to(pull<data::type>(), data::type::integer)
7: ** ./tests/cpp/detail/meta_data_writer.cc:135  at_end()
7:   -> 12 checks took 242 us
7: 
7: - table data
7: ** ./tests/cpp/detail/meta_data_writer.cc:28   ::caf::test::equal_to(writer(x), caf::none)
7: ** ./tests/cpp/detail/meta_data_writer.cc:36   ::caf::test::equal_to(source(result), caf::none)
7: ** ./tests/cpp/detail/meta_data_writer.cc:144  ::caf::test::equal_to(pull<data::type>(), data::type::table)
7: ** ./tests/cpp/detail/meta_data_writer.cc:36   ::caf::test::equal_to(source(result), caf::none)
7: ** ./tests/cpp/detail/meta_data_writer.cc:145  ::caf::test::equal_to(pull<uint32_t>(), 3u)
7: ** ./tests/cpp/detail/meta_data_writer.cc:36   ::caf::test::equal_to(source(result), caf::none)
7: ** ./tests/cpp/detail/meta_data_writer.cc:146  ::caf::test::equal_to(pull<data::type>(), data::type::integer)
7: ** ./tests/cpp/detail/meta_data_writer.cc:36   ::caf::test::equal_to(source(result), caf::none)
7: ** ./tests/cpp/detail/meta_data_writer.cc:147  ::caf::test::equal_to(pull<data::type>(), data::type::real)
7: ** ./tests/cpp/detail/meta_data_writer.cc:36   ::caf::test::equal_to(source(result), caf::none)
7: ** ./tests/cpp/detail/meta_data_writer.cc:148  ::caf::test::equal_to(pull<data::type>(), data::type::integer)
7: ** ./tests/cpp/detail/meta_data_writer.cc:36   ::caf::test::equal_to(source(result), caf::none)
7: ** ./tests/cpp/detail/meta_data_writer.cc:149  ::caf::test::equal_to(pull<data::type>(), data::type::string)
7: ** ./tests/cpp/detail/meta_data_writer.cc:36   ::caf::test::equal_to(source(result), caf::none)
7: ** ./tests/cpp/detail/meta_data_writer.cc:150  ::caf::test::equal_to(pull<uint32_t>(), 11u)
7: ** ./tests/cpp/detail/meta_data_writer.cc:36   ::caf::test::equal_to(source(result), caf::none)
7: ** ./tests/cpp/detail/meta_data_writer.cc:151  ::caf::test::equal_to(pull<data::type>(), data::type::integer)
7: ** ./tests/cpp/detail/meta_data_writer.cc:36   ::caf::test::equal_to(source(result), caf::none)
7: ** ./tests/cpp/detail/meta_data_writer.cc:152  ::caf::test::equal_to(pull<data::type>(), data::type::address)
7: ** ./tests/cpp/detail/meta_data_writer.cc:153  at_end()
7:   -> 20 checks took 334 us
7: 
7: - vector data
7: ** ./tests/cpp/detail/meta_data_writer.cc:28   ::caf::test::equal_to(writer(x), caf::none)
7: ** ./tests/cpp/detail/meta_data_writer.cc:36   ::caf::test::equal_to(source(result), caf::none)
7: ** ./tests/cpp/detail/meta_data_writer.cc:162  ::caf::test::equal_to(pull<data::type>(), data::type::vector)
7: ** ./tests/cpp/detail/meta_data_writer.cc:36   ::caf::test::equal_to(source(result), caf::none)
7: ** ./tests/cpp/detail/meta_data_writer.cc:163  ::caf::test::equal_to(pull<uint32_t>(), 3u)
7: ** ./tests/cpp/detail/meta_data_writer.cc:36   ::caf::test::equal_to(source(result), caf::none)
7: ** ./tests/cpp/detail/meta_data_writer.cc:164  ::caf::test::equal_to(pull<data::type>(), data::type::integer)
7: ** ./tests/cpp/detail/meta_data_writer.cc:36   ::caf::test::equal_to(source(result), caf::none)
7: ** ./tests/cpp/detail/meta_data_writer.cc:165  ::caf::test::equal_to(pull<data::type>(), data::type::string)
7: ** ./tests/cpp/detail/meta_data_writer.cc:36   ::caf::test::equal_to(source(result), caf::none)
7: ** ./tests/cpp/detail/meta_data_writer.cc:166  ::caf::test::equal_to(pull<uint32_t>(), 11u)
7: ** ./tests/cpp/detail/meta_data_writer.cc:36   ::caf::test::equal_to(source(result), caf::none)
7: ** ./tests/cpp/detail/meta_data_writer.cc:167  ::caf::test::equal_to(pull<data::type>(), data::type::real)
7: ** ./tests/cpp/detail/meta_data_writer.cc:168  at_end()
7:   -> 14 checks took 249 us
7: 
7: 
7: +----------------------------------------------------------------------+
7:                                 summary
7: +----------------------------------------------------------------------+
7: 
7:                         suites:  1
7:                         tests:   15
7:                         checks:  98
7:                         time:    5 ms
7:                         success: 100%
7: 
7: +----------------------------------------------------------------------+
 7/28 Test  #7: meta_data_writer .................   Passed    0.02 sec
test 11
      Start 11: master

11: Test command: /<<PKGBUILDDIR>>/obj-x86_64-linux-gnu/bin/broker-test "-v" "4" "-s" "master"
11: Environment variables: 
11:  BROKER_TEST_DIR=/<<PKGBUILDDIR>>/tests
11: Test timeout computed to be: 20
8:   -> 38 checks took 4 ms
8: 
8: - default constructed errors have a fixed representation
8: ** ./tests/cpp/error.cc:84   ::caf::test::equal_to(get_as<data>(error{}), vector({"error"s, enum_value{"none"}, nil}))
8: ** ./tests/cpp/error.cc:86   ::caf::test::equal_to(get_as<error>(data{vector{"error"s, enum_value{"none"}, nil}}), error{})
8:   -> 2 checks took 93 us
8: 
8: - errors with category broker are convertible to and from data
8: ** ./tests/cpp/error.cc:91   ::caf::test::equal_to(get_as<data>(make_error(ec::no_such_key)), make_data_error(ec::no_such_key))
8: ** ./tests/cpp/error.cc:93   ::caf::test::equal_to(get_as<error>(make_data_error(ec::no_such_key)), make_error(ec::no_such_key))
8: ** ./tests/cpp/error.cc:95   ::caf::test::equal_to(get_as<data>(make_error(ec::no_such_key, "my-key"s)), make_data_error(ec::no_such_key, {"my-key"s}))
8: ** ./tests/cpp/error.cc:97   ::caf::test::equal_to(get_as<error>(make_data_error(ec::no_such_key, {"my-key"s})), make_error(ec::no_such_key, "my-key"s))
8: ** ./tests/cpp/error.cc:106  ::caf::test::equal_to(get_as<data>(make_error( ec::peer_invalid, endpoint_info{nid, network_info{"foo", 8080, timeout::seconds{42}}}, "invalid host"s)), make_data_error( ec::peer_invalid, {vector{nid_str, "foo"s, port{8080, port::protocol::tcp}, count{42}}, "invalid host"s}))
8: ** ./tests/cpp/error.cc:115  ::caf::test::equal_to(get_as<error>(make_data_error( ec::peer_invalid, {vector{nid_str, "foo"s, port{8080, port::protocol::tcp}, count{42}}, "invalid host"s})), make_error( ec::peer_invalid, endpoint_info{nid, network_info{"foo", 8080, timeout::seconds{42}}}, "invalid host"s))
8: ** ./tests/cpp/error.cc:124  ::caf::test::equal_to(get_as<error>(make_data_error( ec::peer_invalid, {vector{nil, "foo"s, port{8080, port::protocol::tcp}, count{42}}, "no such peer"s})), make_error(ec::peer_invalid, endpoint_info{caf::node_id{}, network_info{"foo", 8080, timeout::seconds{42}}}, "invalid host"s))
8:   -> 7 checks took 203 us
8: 
8: - error view operate directly on raw data
8: ** ./tests/cpp/error.cc:133  view.valid()
8: ** ./tests/cpp/error.cc:134  ::caf::test::equal_to(view.code(), ec::peer_invalid)
8: ** ./tests/cpp/error.cc:135  ::caf::test::equal_to(*view.message(), "invalid host"s)
8: ** ./tests/cpp/error.cc:137  maybe_cxt != nil
8: ** ./tests/cpp/error.cc:139  ::caf::test::equal_to(cxt.node, nid)
8: ** ./tests/cpp/error.cc:140  cxt.network != nil
8: ** ./tests/cpp/error.cc:142  ::caf::test::equal_to(net, network_info("foo", 8080, timeout::seconds{42}))
10: +----------------------------------------------------------------------+
10:                               integration
10: +----------------------------------------------------------------------+
10: 
10: - topic_prefix_matching_async_subscribe
8:   -> 7 checks took 3 ms
8: 
8: 
8: +----------------------------------------------------------------------+
8:                                 summary
8: +----------------------------------------------------------------------+
8: 
8:                         suites:  1
8:                         tests:   4
8:                         checks:  54
8:                         time:    8 ms
8:                         success: 100%
8: 
8: +----------------------------------------------------------------------+
 8/28 Test  #8: error ............................   Passed    0.02 sec
test 12
      Start 12: publisher

12: Test command: /<<PKGBUILDDIR>>/obj-x86_64-linux-gnu/bin/broker-test "-v" "4" "-s" "publisher"
12: Environment variables: 
12:  BROKER_TEST_DIR=/<<PKGBUILDDIR>>/tests
12: Test timeout computed to be: 20
9: +----------------------------------------------------------------------+
9:                                  filter
9: +----------------------------------------------------------------------+
9: 
9: - extending a filter with less specific topics truncates
9: ** ./tests/cpp/filter_type.cc:27   ::caf::test::equal_to(f, make("/foo","/zeek"))
9:   -> 1 check took 143 us
9: 
9: - extending a filter with unrelated topics appends
9: ** ./tests/cpp/filter_type.cc:33   ::caf::test::equal_to(f, make("/foo/boo", "/foo/bar", "/foo/baz", "/zeek"))
9:   -> 1 check took 59 us
9: 
9: - extending a filter with known topics does nothing
9: ** ./tests/cpp/filter_type.cc:39   ::caf::test::equal_to(f, make("/foo/bar", "/foo/baz", "/zeek"))
9:   -> 1 check took 36 us
9: 
9: 
9: +----------------------------------------------------------------------+
9:                                 summary
9: +----------------------------------------------------------------------+
9: 
9:                         suites:  1
9:                         tests:   3
9:                         checks:  3
9:                         time:    238 us
9:                         success: 100%
9: 
9: +----------------------------------------------------------------------+
 9/28 Test  #9: filter ...........................   Passed    0.01 sec
test 13
      Start 13: publisher_id

13: Test command: /<<PKGBUILDDIR>>/obj-x86_64-linux-gnu/bin/broker-test "-v" "4" "-s" "publisher_id"
13: Environment variables: 
13:  BROKER_TEST_DIR=/<<PKGBUILDDIR>>/tests
13: Test timeout computed to be: 20
11: +----------------------------------------------------------------------+
11:                                  master
11: +----------------------------------------------------------------------+
11: 
11: - local_master
12: +----------------------------------------------------------------------+
12:                                publisher
12: +----------------------------------------------------------------------+
12: 
12: - blocking_publishers
10/28 Test #12: publisher ........................***Exception: SegFault  0.01 sec
+----------------------------------------------------------------------+
                               publisher
+----------------------------------------------------------------------+

- blocking_publishers

test 14
      Start 14: radix_tree

14: Test command: /<<PKGBUILDDIR>>/obj-x86_64-linux-gnu/bin/broker-test "-v" "3" "-s" "radix_tree"
14: Environment variables: 
14:  BROKER_TEST_DIR=/<<PKGBUILDDIR>>/tests
14: Test timeout computed to be: 20
13: +----------------------------------------------------------------------+
13:                               publisher_id
13: +----------------------------------------------------------------------+
13: 
13: - todo
13:   -> 0 check took 76 us
13: 
13: 
13: +----------------------------------------------------------------------+
13:                                 summary
13: +----------------------------------------------------------------------+
13: 
13:                         suites:  1
13:                         tests:   1
13:                         checks:  0
13:                         time:    76 us
13:                         success: 100%
13: 
13: +----------------------------------------------------------------------+
11/28 Test #13: publisher_id .....................   Passed    0.01 sec
test 15
      Start 15: ssl

15: Test command: /<<PKGBUILDDIR>>/obj-x86_64-linux-gnu/bin/broker-test "-v" "4" "-s" "ssl"
15: Environment variables: 
15:  BROKER_TEST_DIR=/<<PKGBUILDDIR>>/tests
15: Test timeout computed to be: 20
12/28 Test #11: master ...........................***Exception: SegFault  0.02 sec
+----------------------------------------------------------------------+
                                 master
+----------------------------------------------------------------------+

- local_master

test 16
      Start 16: status

16: Test command: /<<PKGBUILDDIR>>/obj-x86_64-linux-gnu/bin/broker-test "-v" "4" "-s" "status"
16: Environment variables: 
16:  BROKER_TEST_DIR=/<<PKGBUILDDIR>>/tests
16: Test timeout computed to be: 20
14: +----------------------------------------------------------------------+
14:                                radix_tree
14: +----------------------------------------------------------------------+
14: 
14: - very long insert
14:   -> 4 checks took 85 us
14: 
14: - long prefix
14:   -> 8 checks took 48 us
14: 
14: - prefix_of
14:   -> 48 checks took 53 us
14: 
14: - prefix match
14:   -> 10 checks took 35 us
14: 
14: - many keys
14:   -> 7221 checks took 1 ms
14: 
14: - dense nodes
15: +----------------------------------------------------------------------+
15:                                   ssl
15: +----------------------------------------------------------------------+
15: 
15: - authenticated_session
16: +----------------------------------------------------------------------+
16:                                  status
16: +----------------------------------------------------------------------+
16: 
16: - sc is convertible to and from string
16: ** ./tests/cpp/status.cc:57   ::caf::test::equal_to(to_string(sc::unspecified), "unspecified"s)
16: ** ./tests/cpp/status.cc:58   ::caf::test::equal_to(to_string(sc::peer_added), "peer_added"s)
16: ** ./tests/cpp/status.cc:59   ::caf::test::equal_to(to_string(sc::peer_removed), "peer_removed"s)
16: ** ./tests/cpp/status.cc:60   ::caf::test::equal_to(to_string(sc::peer_lost), "peer_lost"s)
16: ** ./tests/cpp/status.cc:61   ::caf::test::equal_to(from_string<sc>("unspecified"), sc::unspecified)
16: ** ./tests/cpp/status.cc:62   ::caf::test::equal_to(to_string(sc::endpoint_discovered), "endpoint_discovered"s)
16: ** ./tests/cpp/status.cc:63   ::caf::test::equal_to(to_string(sc::endpoint_unreachable), "endpoint_unreachable"s)
16: ** ./tests/cpp/status.cc:64   ::caf::test::equal_to(from_string<sc>("peer_added"), sc::peer_added)
16: ** ./tests/cpp/status.cc:65   ::caf::test::equal_to(from_string<sc>("peer_removed"), sc::peer_removed)
16: ** ./tests/cpp/status.cc:66   ::caf::test::equal_to(from_string<sc>("peer_lost"), sc::peer_lost)
16: ** ./tests/cpp/status.cc:67   ::caf::test::equal_to(from_string<sc>("endpoint_discovered"), sc::endpoint_discovered)
16: ** ./tests/cpp/status.cc:68   ::caf::test::equal_to(from_string<sc>("endpoint_unreachable"), sc::endpoint_unreachable)
16: ** ./tests/cpp/status.cc:69   ::caf::test::equal_to(from_string<sc>("foo"), nil)
16:   -> 13 checks took 1 ms
16: 
16: - status is convertible to and from data
16: ** ./tests/cpp/status.cc:74   ::caf::test::equal_to(get_as<data>(status{}), vector({"status"s, enum_value{"unspecified"}, nil, nil}))
16: ** ./tests/cpp/status.cc:77   ::caf::test::equal_to(get_as<data>(status::make<sc::peer_added>({uri_id, nil}, "text")), make_data_status(sc::peer_added, {uri_id_str, nil, nil, nil}, "text"))
16: ** ./tests/cpp/status.cc:80   ::caf::test::equal_to(get_as<status>(make_data_status( sc::peer_added, {uri_id_str, nil, nil, nil}, "text")), status::make<sc::peer_added>({uri_id, nil}, "text"))
16: ** ./tests/cpp/status.cc:83   ::caf::test::equal_to(get_as<data>(status::make<sc::peer_added>({def_id, nil}, "text")), make_data_status(sc::peer_added, {def_id_str, nil, nil, nil}, "text"))
16: ** ./tests/cpp/status.cc:86   ::caf::test::equal_to(get_as<status>(make_data_status( sc::peer_added, {def_id_str, nil, nil, nil}, "text")), status::make<sc::peer_added>({def_id, nil}, "text"))
16: ** ./tests/cpp/status.cc:90   ::caf::test::equal_to(get_as<data>( status::make<sc::endpoint_discovered>(def_id, "text")), make_data_status(sc::endpoint_discovered, {def_id_str, nil, nil, nil}, "text"))
16: ** ./tests/cpp/status.cc:94   ::caf::test::equal_to(get_as<data>( status::make<sc::endpoint_discovered>(def_id, "text")), make_data_status(sc::endpoint_discovered, {def_id_str, nil, nil, nil}, "text"))
16: ** ./tests/cpp/status.cc:101  ::caf::test::equal_to(get_as<data>(status::make<sc::peer_added>( {def_id, network_info{"foo", 8080, timeout::seconds{42}}}, "text")), make_data_status(sc::peer_added, {def_id_str, "foo"s, port{8080, port::protocol::tcp}, count{42}}, "text"))
16: ** ./tests/cpp/status.cc:108  ::caf::test::equal_to(get_as<status>(make_data_status( sc::peer_added, {def_id_str, "foo"s, port{8080, port::protocol::tcp}, count{42}}, "text")), status::make<sc::peer_added>( {def_id, network_info{"foo", 8080, timeout::seconds{42}}}, "text"))
13/28 Test #10: integration ......................***Exception: SegFault  0.04 sec
+----------------------------------------------------------------------+
                              integration
+----------------------------------------------------------------------+

- topic_prefix_matching_async_subscribe

test 17
      Start 17: status_subscriber

17: Test command: /<<PKGBUILDDIR>>/obj-x86_64-linux-gnu/bin/broker-test "-v" "4" "-s" "status_subscriber"
17: Environment variables: 
17:  BROKER_TEST_DIR=/<<PKGBUILDDIR>>/tests
17: Test timeout computed to be: 20
16:   -> 9 checks took 950 us
16: 
16: - status views operate directly on raw data
16: ** ./tests/cpp/status.cc:117  view.valid()
16: ** ./tests/cpp/status.cc:118  ::caf::test::equal_to(view.code(), sc::peer_added)
16: ** ./tests/cpp/status.cc:119  ::caf::test::equal_to(*view.message(), "text"s)
16: ** ./tests/cpp/status.cc:121  cxt
16: ** ./tests/cpp/status.cc:122  cxt->network
16: ** ./tests/cpp/status.cc:123  ::caf::test::equal_to(cxt->node, def_id)
16: ** ./tests/cpp/status.cc:124  ::caf::test::equal_to(cxt->network->address, "foo")
16: ** ./tests/cpp/status.cc:125  ::caf::test::equal_to(cxt->network->port, 8080u)
16:   -> 8 checks took 177 us
16: 
16: 
16: +----------------------------------------------------------------------+
16:                                 summary
16: +----------------------------------------------------------------------+
16: 
16:                         suites:  1
16:                         tests:   3
16:                         checks:  30
16:                         time:    2 ms
16:                         success: 100%
16: 
16: +----------------------------------------------------------------------+
14/28 Test #16: status ...........................   Passed    0.01 sec
test 18
      Start 18: store

18: Test command: /<<PKGBUILDDIR>>/obj-x86_64-linux-gnu/bin/broker-test "-v" "4" "-s" "store"
18: Environment variables: 
18:  BROKER_TEST_DIR=/<<PKGBUILDDIR>>/tests
18: Test timeout computed to be: 20
17: +----------------------------------------------------------------------+
17:                            status_subscriber
17: +----------------------------------------------------------------------+
17: 
17: - base_tests
18: +----------------------------------------------------------------------+
18:                                  store
18: +----------------------------------------------------------------------+
18: 
18: - default construction
18:   -> 0 check took 88 us
18: 
18: - backend option passing
15/28 Test #18: store ............................***Exception: SegFault  0.01 sec
+----------------------------------------------------------------------+
                                 store
+----------------------------------------------------------------------+

- default construction
  -> 0 check took 88 us

- backend option passing

test 19
      Start 19: store_event

19: Test command: /<<PKGBUILDDIR>>/obj-x86_64-linux-gnu/bin/broker-test "-v" "4" "-s" "store_event"
19: Environment variables: 
19:  BROKER_TEST_DIR=/<<PKGBUILDDIR>>/tests
19: Test timeout computed to be: 20
16/28 Test #17: status_subscriber ................***Exception: SegFault  0.02 sec
+----------------------------------------------------------------------+
                           status_subscriber
+----------------------------------------------------------------------+

- base_tests

test 20
      Start 20: subscriber

20: Test command: /<<PKGBUILDDIR>>/obj-x86_64-linux-gnu/bin/broker-test "-v" "4" "-s" "subscriber"
20: Environment variables: 
20:  BROKER_TEST_DIR=/<<PKGBUILDDIR>>/tests
20: Test timeout computed to be: 20
19: +----------------------------------------------------------------------+
19:                               store_event
19: +----------------------------------------------------------------------+
19: 
19: - the event type is convertible to and from string
19: ** ./tests/cpp/store_event.cc:40   ::caf::test::equal_to(to_string(store_event::type::insert), "insert"s)
19: ** ./tests/cpp/store_event.cc:41   ::caf::test::equal_to(to_string(store_event::type::update), "update"s)
19: ** ./tests/cpp/store_event.cc:42   ::caf::test::equal_to(to_string(store_event::type::erase), "erase"s)
19: ** ./tests/cpp/store_event.cc:43   ::caf::test::equal_to(to<store_event::type>("insert"s), store_event::type::insert)
19: ** ./tests/cpp/store_event.cc:44   ::caf::test::equal_to(to<store_event::type>("update"s), store_event::type::update)
19: ** ./tests/cpp/store_event.cc:45   ::caf::test::equal_to(to<store_event::type>("erase"s), store_event::type::erase)
19:   -> 6 checks took 186 us
19: 
19: - insert events consist of key value and expiry
19:   -> a timespan as fifth element denotes the expiry [line 49]
19: ** ./tests/cpp/store_event.cc:53   view
19: ** ./tests/cpp/store_event.cc:54   ::caf::test::equal_to(view.store_id(), "x"s)
19: ** ./tests/cpp/store_event.cc:55   ::caf::test::equal_to(view.key(), "foo"s)
19: ** ./tests/cpp/store_event.cc:56   ::caf::test::equal_to(view.value(), "bar"s)
19: ** ./tests/cpp/store_event.cc:57   ::caf::test::equal_to(view.expiry(), 500_ns)
19: ** ./tests/cpp/store_event.cc:58   ::caf::test::equal_to(view.publisher(), publisher_id{})
19:   -> nil as fifth element is interpreted as no expiry [line 60]
19: ** ./tests/cpp/store_event.cc:64   view
19: ** ./tests/cpp/store_event.cc:65   ::caf::test::equal_to(view.store_id(), "x"s)
19: ** ./tests/cpp/store_event.cc:66   ::caf::test::equal_to(view.key(), "foo"s)
19: ** ./tests/cpp/store_event.cc:67   ::caf::test::equal_to(view.value(), "bar"s)
19: ** ./tests/cpp/store_event.cc:68   ::caf::test::equal_to(view.expiry(), nil)
19: ** ./tests/cpp/store_event.cc:69   ::caf::test::equal_to(view.publisher(), publisher_id{})
19:   -> elements six and seven denote the publisher [line 71]
19: ** ./tests/cpp/store_event.cc:75   view
19: ** ./tests/cpp/store_event.cc:76   ::caf::test::equal_to(view.store_id(), "x"s)
19: ** ./tests/cpp/store_event.cc:77   ::caf::test::equal_to(view.key(), "foo"s)
19: ** ./tests/cpp/store_event.cc:78   ::caf::test::equal_to(view.value(), "bar"s)
19: ** ./tests/cpp/store_event.cc:79   ::caf::test::equal_to(view.expiry(), nil)
19: ** ./tests/cpp/store_event.cc:80   ::caf::test::equal_to(view.publisher(), (publisher_id{node, 42}))
19:   -> make returns an invalid view for malformed data [line 82]
19: ** ./tests/cpp/store_event.cc:84   !store_event::insert::make(tmp)
19: ** ./tests/cpp/store_event.cc:85   !store_event::insert::make(tmp)
19: ** ./tests/cpp/store_event.cc:86   !store_event::insert::make(tmp)
19:   -> 21 checks took 352 us
19: 
19: - update events consist of key value and expiry
19:   -> a timespan as sixth element denotes the expiry [line 91]
19: ** ./tests/cpp/store_event.cc:95   view
19: ** ./tests/cpp/store_event.cc:96   ::caf::test::equal_to(view.store_id(), "x"s)
19: ** ./tests/cpp/store_event.cc:97   ::caf::test::equal_to(view.key(), "foo"s)
19: ** ./tests/cpp/store_event.cc:98   ::caf::test::equal_to(view.old_value(), "bar"s)
19: ** ./tests/cpp/store_event.cc:99   ::caf::test::equal_to(view.new_value(), "baz"s)
19: ** ./tests/cpp/store_event.cc:100  ::caf::test::equal_to(view.expiry(), 500_ns)
19: ** ./tests/cpp/store_event.cc:101  ::caf::test::equal_to(view.publisher(), publisher_id{})
19:   -> nil as sixth element is interpreted as no expiry [line 103]
19: ** ./tests/cpp/store_event.cc:107  view
19: ** ./tests/cpp/store_event.cc:108  ::caf::test::equal_to(view.store_id(), "x"s)
19: ** ./tests/cpp/store_event.cc:109  ::caf::test::equal_to(view.key(), "foo"s)
19: ** ./tests/cpp/store_event.cc:110  ::caf::test::equal_to(view.old_value(), "bar"s)
19: ** ./tests/cpp/store_event.cc:111  ::caf::test::equal_to(view.new_value(), "baz"s)
19: ** ./tests/cpp/store_event.cc:112  ::caf::test::equal_to(view.expiry(), nil)
19: ** ./tests/cpp/store_event.cc:113  ::caf::test::equal_to(view.publisher(), publisher_id{})
19:   -> elements six and seven denote the publisher [line 115]
19: ** ./tests/cpp/store_event.cc:119  view
19: ** ./tests/cpp/store_event.cc:120  ::caf::test::equal_to(view.store_id(), "x"s)
19: ** ./tests/cpp/store_event.cc:121  ::caf::test::equal_to(view.key(), "foo"s)
19: ** ./tests/cpp/store_event.cc:122  ::caf::test::equal_to(view.old_value(), "bar"s)
19: ** ./tests/cpp/store_event.cc:123  ::caf::test::equal_to(view.new_value(), "baz"s)
19: ** ./tests/cpp/store_event.cc:124  ::caf::test::equal_to(view.expiry(), nil)
19: ** ./tests/cpp/store_event.cc:125  ::caf::test::equal_to(view.publisher(), (publisher_id{node, 42}))
19:   -> make returns an invalid view for malformed data [line 127]
19: ** ./tests/cpp/store_event.cc:129  !store_event::update::make(tmp)
19: ** ./tests/cpp/store_event.cc:130  !store_event::update::make(tmp)
19: ** ./tests/cpp/store_event.cc:131  !store_event::update::make(tmp)
19:   -> 24 checks took 343 us
19: 
19: - erase events contain the key and optionally a publisher ID
19:   -> the key can have any value [line 136]
19: ** ./tests/cpp/store_event.cc:140  view
19: ** ./tests/cpp/store_event.cc:141  ::caf::test::equal_to(view.store_id(), "x"s)
19: ** ./tests/cpp/store_event.cc:142  ::caf::test::equal_to(view.key(), "foo"s)
19: ** ./tests/cpp/store_event.cc:143  ::caf::test::equal_to(view.publisher(), publisher_id{})
19:   -> elements three and four denote the publisher [line 145]
19: ** ./tests/cpp/store_event.cc:149  view
19: ** ./tests/cpp/store_event.cc:150  ::caf::test::equal_to(view.store_id(), "x"s)
19: ** ./tests/cpp/store_event.cc:151  ::caf::test::equal_to(view.key(), "foo"s)
19: ** ./tests/cpp/store_event.cc:152  ::caf::test::equal_to(view.publisher(), (publisher_id{node, 42}))
19:   -> make returns an invalid view for malformed data [line 154]
19: ** ./tests/cpp/store_event.cc:156  !store_event::erase::make(tmp)
19: ** ./tests/cpp/store_event.cc:157  !store_event::erase::make(tmp)
19:   -> 10 checks took 172 us
19: 
19: 
19: +----------------------------------------------------------------------+
19:                                 summary
19: +----------------------------------------------------------------------+
19: 
19:                         suites:  1
19:                         tests:   4
19:                         checks:  61
19:                         time:    1 ms
19:                         success: 100%
19: 
19: +----------------------------------------------------------------------+
17/28 Test #19: store_event ......................   Passed    0.01 sec
test 21
      Start 21: topic

21: Test command: /<<PKGBUILDDIR>>/obj-x86_64-linux-gnu/bin/broker-test "-v" "4" "-s" "topic"
21: Environment variables: 
21:  BROKER_TEST_DIR=/<<PKGBUILDDIR>>/tests
21: Test timeout computed to be: 20
20: +----------------------------------------------------------------------+
20:                                subscriber
20: +----------------------------------------------------------------------+
20: 
20: - blocking_subscriber
18/28 Test #15: ssl ..............................***Exception: SegFault  0.05 sec
+----------------------------------------------------------------------+
                                  ssl
+----------------------------------------------------------------------+

- authenticated_session

test 22
      Start 22: zeek

22: Test command: /<<PKGBUILDDIR>>/obj-x86_64-linux-gnu/bin/broker-test "-v" "4" "-s" "zeek"
22: Environment variables: 
22:  BROKER_TEST_DIR=/<<PKGBUILDDIR>>/tests
22: Test timeout computed to be: 20
21: +----------------------------------------------------------------------+
21:                                  topic
21: +----------------------------------------------------------------------+
21: 
21: - concatenation
21: ** ./tests/cpp/topic.cc:18   ::caf::test::equal_to(t, "foo")
21: ** ./tests/cpp/topic.cc:20   ::caf::test::equal_to(t, "foo" + sep + "bar")
21: ** ./tests/cpp/topic.cc:22   ::caf::test::equal_to(t, "foo" + sep + "bar" + sep + "baz")
21:   -> 3 checks took 116 us
21: 
21: - split
21: ** ./tests/cpp/topic.cc:27   ::caf::test::equal_to(xs.size(), 3u)
21: ** ./tests/cpp/topic.cc:28   ::caf::test::equal_to(xs[0], "foo")
21: ** ./tests/cpp/topic.cc:29   ::caf::test::equal_to(xs[1], "bar")
21: ** ./tests/cpp/topic.cc:30   ::caf::test::equal_to(xs[2], "baz")
21: ** ./tests/cpp/topic.cc:32   xs == framed
21:   -> 5 checks took 114 us
21: 
21: - join
21: ** ./tests/cpp/topic.cc:38   ::caf::test::equal_to(t, sep + "foo" + sep + "bar" + sep + "baz")
21:   -> 1 check took 38 us
21: 
21: - prefix
21: ** ./tests/cpp/topic.cc:49   t0.prefix_of(t0)
21: ** ./tests/cpp/topic.cc:50   t0.prefix_of(t1)
21: ** ./tests/cpp/topic.cc:51   t0.prefix_of(t2)
21: ** ./tests/cpp/topic.cc:52   t0.prefix_of(t3)
21: ** ./tests/cpp/topic.cc:53   t0.prefix_of(t4)
21: ** ./tests/cpp/topic.cc:54   !t0.prefix_of(t5)
21: ** ./tests/cpp/topic.cc:56   !t1.prefix_of(t0)
21: ** ./tests/cpp/topic.cc:57   t1.prefix_of(t1)
21: ** ./tests/cpp/topic.cc:58   t1.prefix_of(t2)
21: ** ./tests/cpp/topic.cc:59   !t1.prefix_of(t3)
21: ** ./tests/cpp/topic.cc:60   !t1.prefix_of(t4)
21: ** ./tests/cpp/topic.cc:61   !t1.prefix_of(t5)
21: ** ./tests/cpp/topic.cc:63   !t2.prefix_of(t0)
21: ** ./tests/cpp/topic.cc:64   !t2.prefix_of(t1)
21: ** ./tests/cpp/topic.cc:65   t2.prefix_of(t2)
21: ** ./tests/cpp/topic.cc:66   !t2.prefix_of(t3)
21: ** ./tests/cpp/topic.cc:67   !t2.prefix_of(t4)
21: ** ./tests/cpp/topic.cc:68   !t2.prefix_of(t5)
21: ** ./tests/cpp/topic.cc:70   !t3.prefix_of(t0)
21: ** ./tests/cpp/topic.cc:71   !t3.prefix_of(t1)
21: ** ./tests/cpp/topic.cc:72   !t3.prefix_of(t2)
21: ** ./tests/cpp/topic.cc:73   t3.prefix_of(t3)
21: ** ./tests/cpp/topic.cc:74   t3.prefix_of(t4)
21: ** ./tests/cpp/topic.cc:75   !t3.prefix_of(t5)
21: ** ./tests/cpp/topic.cc:77   !t4.prefix_of(t0)
21: ** ./tests/cpp/topic.cc:78   !t4.prefix_of(t1)
21: ** ./tests/cpp/topic.cc:79   !t4.prefix_of(t2)
21: ** ./tests/cpp/topic.cc:80   !t4.prefix_of(t3)
21: ** ./tests/cpp/topic.cc:81   t4.prefix_of(t4)
21: ** ./tests/cpp/topic.cc:82   !t4.prefix_of(t5)
21: ** ./tests/cpp/topic.cc:84   t5.prefix_of(t0)
21: ** ./tests/cpp/topic.cc:85   t5.prefix_of(t1)
21: ** ./tests/cpp/topic.cc:86   t5.prefix_of(t2)
21: ** ./tests/cpp/topic.cc:87   t5.prefix_of(t3)
21: ** ./tests/cpp/topic.cc:88   t5.prefix_of(t4)
21: ** ./tests/cpp/topic.cc:89   t5.prefix_of(t5)
21:   -> 36 checks took 452 us
21: 
21: 
21: +----------------------------------------------------------------------+
21:                                 summary
21: +----------------------------------------------------------------------+
21: 
21:                         suites:  1
21:                         tests:   4
21:                         checks:  45
21:                         time:    720 us
21:                         success: 100%
21: 
21: +----------------------------------------------------------------------+
19/28 Test #21: topic ............................   Passed    0.02 sec
test 23
      Start 23: python-communication

23: Test command: /usr/bin/python3.9 "/<<PKGBUILDDIR>>/tests/python/communication.py"
23: Environment variables: 
23:  PYTHONPATH=/<<PKGBUILDDIR>>/obj-x86_64-linux-gnu/python
23:  BROKER_TEST_DIR=/<<PKGBUILDDIR>>/tests
23: Test timeout computed to be: 20
22: +----------------------------------------------------------------------+
22:                                   zeek
22: +----------------------------------------------------------------------+
22: 
22: - event
22: ** ./tests/cpp/zeek.cc:20   ::caf::test::equal_to(ev2.name(), "test")
22: ** ./tests/cpp/zeek.cc:21   ::caf::test::equal_to(ev2.args(), args)
22:   -> 2 checks took 118 us
22: 
22: 
22: +----------------------------------------------------------------------+
22:                                 summary
22: +----------------------------------------------------------------------+
22: 
22:                         suites:  1
22:                         tests:   1
22:                         checks:  2
22:                         time:    118 us
22:                         success: 100%
22: 
22: +----------------------------------------------------------------------+
20/28 Test #22: zeek .............................   Passed    0.01 sec
test 24
      Start 24: python-data

24: Test command: /usr/bin/python3.9 "/<<PKGBUILDDIR>>/tests/python/data.py"
24: Environment variables: 
24:  PYTHONPATH=/<<PKGBUILDDIR>>/obj-x86_64-linux-gnu/python
24:  BROKER_TEST_DIR=/<<PKGBUILDDIR>>/tests
24: Test timeout computed to be: 20
21/28 Test #20: subscriber .......................***Exception: SegFault  0.03 sec
+----------------------------------------------------------------------+
                               subscriber
+----------------------------------------------------------------------+

- blocking_subscriber

test 25
      Start 25: python-forwarding

25: Test command: /usr/bin/python3.9 "/<<PKGBUILDDIR>>/tests/python/forwarding.py"
25: Environment variables: 
25:  PYTHONPATH=/<<PKGBUILDDIR>>/obj-x86_64-linux-gnu/python
25:  BROKER_TEST_DIR=/<<PKGBUILDDIR>>/tests
25: Test timeout computed to be: 20
24: test_address_v4 (__main__.TestDataConstruction) ... ok
24: test_address_v6 (__main__.TestDataConstruction) ... ok
24: test_bool (__main__.TestDataConstruction) ... ok
24: test_count (__main__.TestDataConstruction) ... ok
24: test_count_overflow (__main__.TestDataConstruction) ... ok
24: test_integer (__main__.TestDataConstruction) ... ok
24: test_port (__main__.TestDataConstruction) ... ok
24: test_real (__main__.TestDataConstruction) ... ok
24: test_set (__main__.TestDataConstruction) ... ok
24: test_string (__main__.TestDataConstruction) ... ok
24: test_subnet_v4 (__main__.TestDataConstruction) ... ok
24: test_subnet_v6 (__main__.TestDataConstruction) ... ok
25: test_two_hops (__main__.TestCommunication) ... 
22/28 Test #25: python-forwarding ................***Exception: SegFault  0.08 sec
test_two_hops (__main__.TestCommunication) ... 

test 26
      Start 26: python-ssl-tests

26: Test command: /usr/bin/python3.9 "/<<PKGBUILDDIR>>/tests/python/ssl-tests.py"
26: Environment variables: 
26:  PYTHONPATH=/<<PKGBUILDDIR>>/obj-x86_64-linux-gnu/python
26:  BROKER_TEST_DIR=/<<PKGBUILDDIR>>/tests
26: Test timeout computed to be: 20
24: test_table (__main__.TestDataConstruction) ... ok
24: test_timespan (__main__.TestDataConstruction) ... ok
24: test_timestamp (__main__.TestDataConstruction) ... ok
24: test_vector (__main__.TestDataConstruction) ... ok
24: 
24: ----------------------------------------------------------------------
24: Ran 16 tests in 0.008s
24: 
24: OK
23: test_idle_endpoint (__main__.TestCommunication) ... 
23/28 Test #23: python-communication .............***Exception: SegFault  0.10 sec
test_idle_endpoint (__main__.TestCommunication) ... 

test 27
      Start 27: python-store

27: Test command: /usr/bin/python3.9 "/<<PKGBUILDDIR>>/tests/python/store.py"
27: Environment variables: 
27:  PYTHONPATH=/<<PKGBUILDDIR>>/obj-x86_64-linux-gnu/python
27:  BROKER_TEST_DIR=/<<PKGBUILDDIR>>/tests
27: Test timeout computed to be: 20
24/28 Test #24: python-data ......................   Passed    0.10 sec
test 28
      Start 28: python-topic

28: Test command: /usr/bin/python3.9 "/<<PKGBUILDDIR>>/tests/python/topic.py"
28: Environment variables: 
28:  PYTHONPATH=/<<PKGBUILDDIR>>/obj-x86_64-linux-gnu/python
28:  BROKER_TEST_DIR=/<<PKGBUILDDIR>>/tests
28: Test timeout computed to be: 20
27: test_basic (__main__.TestStore) ... 
25/28 Test #27: python-store .....................***Exception: SegFault  0.07 sec
test_basic (__main__.TestStore) ... 

26: test_ssl_auth_failure_no_auth (__main__.TestSSL) ... 
26/28 Test #26: python-ssl-tests .................***Exception: SegFault  0.08 sec
test_ssl_auth_failure_no_auth (__main__.TestSSL) ... 

28: test_append (__main__.TestTopic) ... ok
28: test_string (__main__.TestTopic) ... ok
28: 
28: ----------------------------------------------------------------------
28: Ran 2 tests in 0.000s
28: 
28: OK
27/28 Test #28: python-topic .....................   Passed    0.07 sec
14:   -> 1966089 checks took 878 ms
14: 
14: - general
14:   -> copy construction [line 381]
14:   -> prefix matching [line 398]
14:   -> 119 checks took 167 us
14: 
14: 
14: +----------------------------------------------------------------------+
14:                                 summary
14: +----------------------------------------------------------------------+
14: 
14:                         suites:  1
14:                         tests:   7
14:                         checks:  1973499
14:                         time:    881 ms
14:                         success: 100%
14: 
14: +----------------------------------------------------------------------+
28/28 Test #14: radix_tree .......................   Passed    0.89 sec

54% tests passed, 13 tests failed out of 28

Total Test time (real) =   0.95 sec

The following tests FAILED:
	  1 - backend (SEGFAULT)
	  2 - core (SEGFAULT)
	 10 - integration (SEGFAULT)
	 11 - master (SEGFAULT)
	 12 - publisher (SEGFAULT)
	 15 - ssl (SEGFAULT)
	 17 - status_subscriber (SEGFAULT)
	 18 - store (SEGFAULT)
	 20 - subscriber (SEGFAULT)
	 23 - python-communication (SEGFAULT)
	 25 - python-forwarding (SEGFAULT)
	 26 - python-ssl-tests (SEGFAULT)
	 27 - python-store (SEGFAULT)
Errors while running CTest
make[1]: *** [Makefile:139: test] Error 8
make[1]: Leaving directory '/<<PKGBUILDDIR>>/obj-x86_64-linux-gnu'
dh_auto_test: error: cd obj-x86_64-linux-gnu && make -j4 test ARGS\+=--verbose ARGS\+=-j4 returned exit code 2
make: *** [debian/rules:14: build] Error 25
dpkg-buildpackage: error: debian/rules build subprocess returned exit status 2
--------------------------------------------------------------------------------
Build finished at 2021-10-26T21:35:20Z

Finished
--------


+------------------------------------------------------------------------------+
| Cleanup                                                                      |
+------------------------------------------------------------------------------+

Purging /<<BUILDDIR>>
Not cleaning session: cloned chroot in use
E: Build failure (dpkg-buildpackage died)

+------------------------------------------------------------------------------+
| Summary                                                                      |
+------------------------------------------------------------------------------+

Build Architecture: amd64
Build Type: binary
Build-Space: 342824
Build-Time: 207
Distribution: unstable
Fail-Stage: build
Host Architecture: amd64
Install-Time: 12
Job: broker_1.4.0+ds1-1
Machine Architecture: amd64
Package: broker
Package-Time: 241
Source-Version: 1.4.0+ds1-1
Space: 342824
Status: attempted
Version: 1.4.0+ds1-1
--------------------------------------------------------------------------------
Finished at 2021-10-26T21:35:20Z
Build needed 00:04:01, 342824k disk space
E: Build failure (dpkg-buildpackage died)
DC-Status: Failed 241.642720298s
DC-Time-Estimation: 241.642720298 versus expected 398 (r/m: 0.6470597562764406 ; m: 241.642720298)
