DC-Build-Header: cmocka 1.1.5-2 / 2021-10-26 23:11:03 +0000
DC-Task: type:rebuild-binarch-only source:cmocka version:1.1.5-2 chroot:unstable esttime:57 logfile:/tmp/cmocka_1.1.5-2_unstable_clang13.log modes:clang13:binarch-only
DC-Sbuild-call: su user42 -c 'sbuild -n --arch-any --apt-update -d unstable -v --no-run-lintian --chroot-setup-commands=/tmp/clang13 cmocka_1.1.5-2'
sbuild (Debian sbuild) 0.78.1 (09 February 2019) on ip-172-31-3-0.eu-central-1.compute.internal

+==============================================================================+
| cmocka 1.1.5-2 (amd64)                       Tue, 26 Oct 2021 23:11:03 +0000 |
+==============================================================================+

Package: cmocka
Version: 1.1.5-2
Source Version: 1.1.5-2
Distribution: unstable
Machine Architecture: amd64
Host Architecture: amd64
Build Architecture: amd64
Build Type: binary

I: NOTICE: Log filtering will replace 'var/run/schroot/mount/sid-amd64-sbuild-fa451de7-cc66-4a45-9a12-7722a6e299cc' with '<<CHROOT>>'

+------------------------------------------------------------------------------+
| Chroot Setup Commands                                                        |
+------------------------------------------------------------------------------+


/tmp/clang13
------------

+ echo 'Entering customization script...'
Entering customization script...
+ CLANG_VERSION=13
+ echo 'Install of clang-13'
Install of clang-13
+ apt-get update
Get:1 http://127.0.0.1:12990/debian sid InRelease [165 kB]
Get:2 http://127.0.0.1:12990/debian sid/main Sources.diff/Index [63.6 kB]
Get:3 http://127.0.0.1:12990/debian sid/main amd64 Packages.diff/Index [63.6 kB]
Get:4 http://127.0.0.1:12990/debian sid/main Sources T-2021-10-26-2004.40-F-2021-10-26-0202.15.pdiff [47.3 kB]
Get:4 http://127.0.0.1:12990/debian sid/main Sources T-2021-10-26-2004.40-F-2021-10-26-0202.15.pdiff [47.3 kB]
Get:5 http://127.0.0.1:12990/debian sid/main amd64 Packages T-2021-10-26-2004.40-F-2021-10-26-0202.15.pdiff [55.9 kB]
Get:5 http://127.0.0.1:12990/debian sid/main amd64 Packages T-2021-10-26-2004.40-F-2021-10-26-0202.15.pdiff [55.9 kB]
Get:6 http://127.0.0.1:12990/debian sid/main Translation-en [6586 kB]
Fetched 6981 kB in 3s (2764 kB/s)
Reading package lists...
+ apt-get install --yes --no-install-recommends --force-yes clang-13 libomp-13-dev libobjc-9-dev
Reading package lists...
Building dependency tree...
The following additional packages will be installed:
  lib32gcc-s1 lib32stdc++6 libasan5 libbsd0 libc6-i386 libclang-common-13-dev
  libclang-cpp13 libclang1-13 libedit2 libgc1 libgcc-9-dev libicu67 libllvm13
  libmd0 libobjc-11-dev libobjc4 libomp5-13 libxml2 libz3-4
Suggested packages:
  clang-13-doc libomp-13-doc
Recommended packages:
  llvm-13-dev python3
The following NEW packages will be installed:
  clang-13 lib32gcc-s1 lib32stdc++6 libasan5 libbsd0 libc6-i386
  libclang-common-13-dev libclang-cpp13 libclang1-13 libedit2 libgc1
  libgcc-9-dev libicu67 libllvm13 libmd0 libobjc-11-dev libobjc-9-dev libobjc4
  libomp-13-dev libomp5-13 libxml2 libz3-4
0 upgraded, 22 newly installed, 0 to remove and 0 not upgraded.
Need to get 68.5 MB of archives.
After this operation, 379 MB of additional disk space will be used.
Get:1 http://127.0.0.1:12990/debian sid/main amd64 libmd0 amd64 1.0.4-1 [29.6 kB]
Get:2 http://127.0.0.1:12990/debian sid/main amd64 libbsd0 amd64 0.11.3-1 [108 kB]
Get:3 http://127.0.0.1:12990/debian sid/main amd64 libedit2 amd64 3.1-20210910-1 [97.5 kB]
Get:4 http://127.0.0.1:12990/debian sid/main amd64 libicu67 amd64 67.1-7 [8622 kB]
Get:5 http://127.0.0.1:12990/debian sid/main amd64 libxml2 amd64 2.9.12+dfsg-5 [696 kB]
Get:6 http://127.0.0.1:12990/debian sid/main amd64 libz3-4 amd64 4.8.12-1+b1 [6997 kB]
Get:7 http://127.0.0.1:12990/debian sid/main amd64 libllvm13 amd64 1:13.0.0-8 [19.7 MB]
Get:8 http://127.0.0.1:12990/debian sid/main amd64 libclang-cpp13 amd64 1:13.0.0-8 [10.5 MB]
Get:9 http://127.0.0.1:12990/debian sid/main amd64 libgc1 amd64 1:8.0.4-3 [239 kB]
Get:10 http://127.0.0.1:12990/debian sid/main amd64 libobjc4 amd64 11.2.0-10 [43.2 kB]
Get:11 http://127.0.0.1:12990/debian sid/main amd64 libobjc-11-dev amd64 11.2.0-10 [170 kB]
Get:12 http://127.0.0.1:12990/debian sid/main amd64 libc6-i386 amd64 2.32-4 [2624 kB]
Get:13 http://127.0.0.1:12990/debian sid/main amd64 lib32gcc-s1 amd64 11.2.0-10 [49.9 kB]
Get:14 http://127.0.0.1:12990/debian sid/main amd64 lib32stdc++6 amd64 11.2.0-10 [601 kB]
Get:15 http://127.0.0.1:12990/debian sid/main amd64 libclang-common-13-dev amd64 1:13.0.0-8 [5730 kB]
Get:16 http://127.0.0.1:12990/debian sid/main amd64 libclang1-13 amd64 1:13.0.0-8 [6093 kB]
Get:17 http://127.0.0.1:12990/debian sid/main amd64 clang-13 amd64 1:13.0.0-8 [119 kB]
Get:18 http://127.0.0.1:12990/debian sid/main amd64 libasan5 amd64 9.4.0-3 [2734 kB]
Get:19 http://127.0.0.1:12990/debian sid/main amd64 libgcc-9-dev amd64 9.4.0-3 [2343 kB]
Get:20 http://127.0.0.1:12990/debian sid/main amd64 libobjc-9-dev amd64 9.4.0-3 [219 kB]
Get:21 http://127.0.0.1:12990/debian sid/main amd64 libomp5-13 amd64 1:13.0.0-8 [377 kB]
Get:22 http://127.0.0.1:12990/debian sid/main amd64 libomp-13-dev amd64 1:13.0.0-8 [482 kB]
debconf: delaying package configuration, since apt-utils is not installed
Fetched 68.5 MB in 0s (152 MB/s)
Selecting previously unselected package libmd0:amd64.
(Reading database ... (Reading database ... 5%(Reading database ... 10%(Reading database ... 15%(Reading database ... 20%(Reading database ... 25%(Reading database ... 30%(Reading database ... 35%(Reading database ... 40%(Reading database ... 45%(Reading database ... 50%(Reading database ... 55%(Reading database ... 60%(Reading database ... 65%(Reading database ... 70%(Reading database ... 75%(Reading database ... 80%(Reading database ... 85%(Reading database ... 90%(Reading database ... 95%(Reading database ... 100%(Reading database ... 12431 files and directories currently installed.)
Preparing to unpack .../00-libmd0_1.0.4-1_amd64.deb ...
Unpacking libmd0:amd64 (1.0.4-1) ...
Selecting previously unselected package libbsd0:amd64.
Preparing to unpack .../01-libbsd0_0.11.3-1_amd64.deb ...
Unpacking libbsd0:amd64 (0.11.3-1) ...
Selecting previously unselected package libedit2:amd64.
Preparing to unpack .../02-libedit2_3.1-20210910-1_amd64.deb ...
Unpacking libedit2:amd64 (3.1-20210910-1) ...
Selecting previously unselected package libicu67:amd64.
Preparing to unpack .../03-libicu67_67.1-7_amd64.deb ...
Unpacking libicu67:amd64 (67.1-7) ...
Selecting previously unselected package libxml2:amd64.
Preparing to unpack .../04-libxml2_2.9.12+dfsg-5_amd64.deb ...
Unpacking libxml2:amd64 (2.9.12+dfsg-5) ...
Selecting previously unselected package libz3-4:amd64.
Preparing to unpack .../05-libz3-4_4.8.12-1+b1_amd64.deb ...
Unpacking libz3-4:amd64 (4.8.12-1+b1) ...
Selecting previously unselected package libllvm13:amd64.
Preparing to unpack .../06-libllvm13_1%3a13.0.0-8_amd64.deb ...
Unpacking libllvm13:amd64 (1:13.0.0-8) ...
Selecting previously unselected package libclang-cpp13.
Preparing to unpack .../07-libclang-cpp13_1%3a13.0.0-8_amd64.deb ...
Unpacking libclang-cpp13 (1:13.0.0-8) ...
Selecting previously unselected package libgc1:amd64.
Preparing to unpack .../08-libgc1_1%3a8.0.4-3_amd64.deb ...
Unpacking libgc1:amd64 (1:8.0.4-3) ...
Selecting previously unselected package libobjc4:amd64.
Preparing to unpack .../09-libobjc4_11.2.0-10_amd64.deb ...
Unpacking libobjc4:amd64 (11.2.0-10) ...
Selecting previously unselected package libobjc-11-dev:amd64.
Preparing to unpack .../10-libobjc-11-dev_11.2.0-10_amd64.deb ...
Unpacking libobjc-11-dev:amd64 (11.2.0-10) ...
Selecting previously unselected package libc6-i386.
Preparing to unpack .../11-libc6-i386_2.32-4_amd64.deb ...
Unpacking libc6-i386 (2.32-4) ...
Selecting previously unselected package lib32gcc-s1.
Preparing to unpack .../12-lib32gcc-s1_11.2.0-10_amd64.deb ...
Unpacking lib32gcc-s1 (11.2.0-10) ...
Selecting previously unselected package lib32stdc++6.
Preparing to unpack .../13-lib32stdc++6_11.2.0-10_amd64.deb ...
Unpacking lib32stdc++6 (11.2.0-10) ...
Selecting previously unselected package libclang-common-13-dev.
Preparing to unpack .../14-libclang-common-13-dev_1%3a13.0.0-8_amd64.deb ...
Unpacking libclang-common-13-dev (1:13.0.0-8) ...
Selecting previously unselected package libclang1-13.
Preparing to unpack .../15-libclang1-13_1%3a13.0.0-8_amd64.deb ...
Unpacking libclang1-13 (1:13.0.0-8) ...
Selecting previously unselected package clang-13.
Preparing to unpack .../16-clang-13_1%3a13.0.0-8_amd64.deb ...
Unpacking clang-13 (1:13.0.0-8) ...
Selecting previously unselected package libasan5:amd64.
Preparing to unpack .../17-libasan5_9.4.0-3_amd64.deb ...
Unpacking libasan5:amd64 (9.4.0-3) ...
Selecting previously unselected package libgcc-9-dev:amd64.
Preparing to unpack .../18-libgcc-9-dev_9.4.0-3_amd64.deb ...
Unpacking libgcc-9-dev:amd64 (9.4.0-3) ...
Selecting previously unselected package libobjc-9-dev:amd64.
Preparing to unpack .../19-libobjc-9-dev_9.4.0-3_amd64.deb ...
Unpacking libobjc-9-dev:amd64 (9.4.0-3) ...
Selecting previously unselected package libomp5-13:amd64.
Preparing to unpack .../20-libomp5-13_1%3a13.0.0-8_amd64.deb ...
Unpacking libomp5-13:amd64 (1:13.0.0-8) ...
Selecting previously unselected package libomp-13-dev.
Preparing to unpack .../21-libomp-13-dev_1%3a13.0.0-8_amd64.deb ...
Unpacking libomp-13-dev (1:13.0.0-8) ...
Setting up libicu67:amd64 (67.1-7) ...
Setting up libasan5:amd64 (9.4.0-3) ...
Setting up libz3-4:amd64 (4.8.12-1+b1) ...
Setting up libgc1:amd64 (1:8.0.4-3) ...
Setting up libmd0:amd64 (1.0.4-1) ...
Setting up libc6-i386 (2.32-4) ...
Setting up libomp5-13:amd64 (1:13.0.0-8) ...
Setting up libbsd0:amd64 (0.11.3-1) ...
Setting up libxml2:amd64 (2.9.12+dfsg-5) ...
Setting up libedit2:amd64 (3.1-20210910-1) ...
Setting up libobjc4:amd64 (11.2.0-10) ...
Setting up libgcc-9-dev:amd64 (9.4.0-3) ...
Setting up lib32gcc-s1 (11.2.0-10) ...
Setting up lib32stdc++6 (11.2.0-10) ...
Setting up libllvm13:amd64 (1:13.0.0-8) ...
Setting up libobjc-9-dev:amd64 (9.4.0-3) ...
Setting up libclang-common-13-dev (1:13.0.0-8) ...
Setting up libomp-13-dev (1:13.0.0-8) ...
Setting up libobjc-11-dev:amd64 (11.2.0-10) ...
Setting up libclang1-13 (1:13.0.0-8) ...
Setting up libclang-cpp13 (1:13.0.0-8) ...
Setting up clang-13 (1:13.0.0-8) ...
Processing triggers for libc-bin (2.32-4) ...
W: --force-yes is deprecated, use one of the options starting with --allow instead.
+ echo 'Replace gcc, g++ & cpp by clang'
Replace gcc, g++ & cpp by clang
+ VERSIONS='4.6 4.7 4.8 4.9 5 6 7 8 9 10 11'
+ cd /usr/bin
+ for VERSION in $VERSIONS
+ rm -f g++-4.6 gcc-4.6 cpp-4.6 gcc
+ ln -s clang++-13 g++-4.6
+ ln -s clang-13 gcc-4.6
+ ln -s clang-13 cpp-4.6
+ ln -s clang-13 gcc
+ echo 'gcc-4.6 hold'
+ dpkg --set-selections
dpkg: warning: package not in status nor available database at line 1: gcc-4.6
dpkg: warning: found unknown packages; this might mean the available database
is outdated, and needs to be updated through a frontend method;
please see the FAQ <https://wiki.debian.org/Teams/Dpkg/FAQ>
+ echo 'g++-4.6 hold'
+ dpkg --set-selections
dpkg: warning: package not in status nor available database at line 1: g++-4.6
dpkg: warning: found unknown packages; this might mean the available database
is outdated, and needs to be updated through a frontend method;
please see the FAQ <https://wiki.debian.org/Teams/Dpkg/FAQ>
+ for VERSION in $VERSIONS
+ rm -f g++-4.7 gcc-4.7 cpp-4.7 gcc
+ ln -s clang++-13 g++-4.7
+ ln -s clang-13 gcc-4.7
+ ln -s clang-13 cpp-4.7
+ ln -s clang-13 gcc
+ echo 'gcc-4.7 hold'
+ dpkg --set-selections
dpkg: warning: package not in status nor available database at line 1: gcc-4.7
dpkg: warning: found unknown packages; this might mean the available database
is outdated, and needs to be updated through a frontend method;
please see the FAQ <https://wiki.debian.org/Teams/Dpkg/FAQ>
+ echo 'g++-4.7 hold'
+ dpkg --set-selections
dpkg: warning: package not in status nor available database at line 1: g++-4.7
dpkg: warning: found unknown packages; this might mean the available database
is outdated, and needs to be updated through a frontend method;
please see the FAQ <https://wiki.debian.org/Teams/Dpkg/FAQ>
+ for VERSION in $VERSIONS
+ rm -f g++-4.8 gcc-4.8 cpp-4.8 gcc
+ ln -s clang++-13 g++-4.8
+ ln -s clang-13 gcc-4.8
+ ln -s clang-13 cpp-4.8
+ ln -s clang-13 gcc
+ echo 'gcc-4.8 hold'
+ dpkg --set-selections
dpkg: warning: package not in status nor available database at line 1: gcc-4.8
dpkg: warning: found unknown packages; this might mean the available database
is outdated, and needs to be updated through a frontend method;
please see the FAQ <https://wiki.debian.org/Teams/Dpkg/FAQ>
+ echo 'g++-4.8 hold'
+ dpkg --set-selections
dpkg: warning: package not in status nor available database at line 1: g++-4.8
dpkg: warning: found unknown packages; this might mean the available database
is outdated, and needs to be updated through a frontend method;
please see the FAQ <https://wiki.debian.org/Teams/Dpkg/FAQ>
+ for VERSION in $VERSIONS
+ rm -f g++-4.9 gcc-4.9 cpp-4.9 gcc
+ ln -s clang++-13 g++-4.9
+ ln -s clang-13 gcc-4.9
+ ln -s clang-13 cpp-4.9
+ ln -s clang-13 gcc
+ echo 'gcc-4.9 hold'
+ dpkg --set-selections
dpkg: warning: package not in status nor available database at line 1: gcc-4.9
dpkg: warning: found unknown packages; this might mean the available database
is outdated, and needs to be updated through a frontend method;
please see the FAQ <https://wiki.debian.org/Teams/Dpkg/FAQ>
+ echo 'g++-4.9 hold'
+ dpkg --set-selections
dpkg: warning: package not in status nor available database at line 1: g++-4.9
dpkg: warning: found unknown packages; this might mean the available database
is outdated, and needs to be updated through a frontend method;
please see the FAQ <https://wiki.debian.org/Teams/Dpkg/FAQ>
+ for VERSION in $VERSIONS
+ rm -f g++-5 gcc-5 cpp-5 gcc
+ ln -s clang++-13 g++-5
+ ln -s clang-13 gcc-5
+ ln -s clang-13 cpp-5
+ ln -s clang-13 gcc
+ echo 'gcc-5 hold'
+ dpkg --set-selections
dpkg: warning: package not in status nor available database at line 1: gcc-5
dpkg: warning: found unknown packages; this might mean the available database
is outdated, and needs to be updated through a frontend method;
please see the FAQ <https://wiki.debian.org/Teams/Dpkg/FAQ>
+ echo 'g++-5 hold'
+ dpkg --set-selections
dpkg: warning: package not in status nor available database at line 1: g++-5
dpkg: warning: found unknown packages; this might mean the available database
is outdated, and needs to be updated through a frontend method;
please see the FAQ <https://wiki.debian.org/Teams/Dpkg/FAQ>
+ for VERSION in $VERSIONS
+ rm -f g++-6 gcc-6 cpp-6 gcc
+ ln -s clang++-13 g++-6
+ ln -s clang-13 gcc-6
+ ln -s clang-13 cpp-6
+ ln -s clang-13 gcc
+ echo 'gcc-6 hold'
+ dpkg --set-selections
dpkg: warning: package not in status nor available database at line 1: gcc-6
dpkg: warning: found unknown packages; this might mean the available database
is outdated, and needs to be updated through a frontend method;
please see the FAQ <https://wiki.debian.org/Teams/Dpkg/FAQ>
+ echo 'g++-6 hold'
+ dpkg --set-selections
dpkg: warning: package not in status nor available database at line 1: g++-6
dpkg: warning: found unknown packages; this might mean the available database
is outdated, and needs to be updated through a frontend method;
please see the FAQ <https://wiki.debian.org/Teams/Dpkg/FAQ>
+ for VERSION in $VERSIONS
+ rm -f g++-7 gcc-7 cpp-7 gcc
+ ln -s clang++-13 g++-7
+ ln -s clang-13 gcc-7
+ ln -s clang-13 cpp-7
+ ln -s clang-13 gcc
+ echo 'gcc-7 hold'
+ dpkg --set-selections
dpkg: warning: package not in status nor available database at line 1: gcc-7
dpkg: warning: found unknown packages; this might mean the available database
is outdated, and needs to be updated through a frontend method;
please see the FAQ <https://wiki.debian.org/Teams/Dpkg/FAQ>
+ echo 'g++-7 hold'
+ dpkg --set-selections
dpkg: warning: package not in status nor available database at line 1: g++-7
dpkg: warning: found unknown packages; this might mean the available database
is outdated, and needs to be updated through a frontend method;
please see the FAQ <https://wiki.debian.org/Teams/Dpkg/FAQ>
+ for VERSION in $VERSIONS
+ rm -f g++-8 gcc-8 cpp-8 gcc
+ ln -s clang++-13 g++-8
+ ln -s clang-13 gcc-8
+ ln -s clang-13 cpp-8
+ ln -s clang-13 gcc
+ echo 'gcc-8 hold'
+ dpkg --set-selections
dpkg: warning: package not in status nor available database at line 1: gcc-8
dpkg: warning: found unknown packages; this might mean the available database
is outdated, and needs to be updated through a frontend method;
please see the FAQ <https://wiki.debian.org/Teams/Dpkg/FAQ>
+ echo 'g++-8 hold'
+ dpkg --set-selections
dpkg: warning: package not in status nor available database at line 1: g++-8
dpkg: warning: found unknown packages; this might mean the available database
is outdated, and needs to be updated through a frontend method;
please see the FAQ <https://wiki.debian.org/Teams/Dpkg/FAQ>
+ for VERSION in $VERSIONS
+ rm -f g++-9 gcc-9 cpp-9 gcc
+ ln -s clang++-13 g++-9
+ ln -s clang-13 gcc-9
+ ln -s clang-13 cpp-9
+ ln -s clang-13 gcc
+ echo 'gcc-9 hold'
+ dpkg --set-selections
dpkg: warning: package not in status nor available database at line 1: gcc-9
dpkg: warning: found unknown packages; this might mean the available database
is outdated, and needs to be updated through a frontend method;
please see the FAQ <https://wiki.debian.org/Teams/Dpkg/FAQ>
+ echo 'g++-9 hold'
+ dpkg --set-selections
dpkg: warning: package not in status nor available database at line 1: g++-9
dpkg: warning: found unknown packages; this might mean the available database
is outdated, and needs to be updated through a frontend method;
please see the FAQ <https://wiki.debian.org/Teams/Dpkg/FAQ>
+ for VERSION in $VERSIONS
+ rm -f g++-10 gcc-10 cpp-10 gcc
+ ln -s clang++-13 g++-10
+ ln -s clang-13 gcc-10
+ ln -s clang-13 cpp-10
+ ln -s clang-13 gcc
+ echo 'gcc-10 hold'
+ dpkg --set-selections
dpkg: warning: package not in status nor available database at line 1: gcc-10
dpkg: warning: found unknown packages; this might mean the available database
is outdated, and needs to be updated through a frontend method;
please see the FAQ <https://wiki.debian.org/Teams/Dpkg/FAQ>
+ echo 'g++-10 hold'
+ dpkg --set-selections
dpkg: warning: package not in status nor available database at line 1: g++-10
dpkg: warning: found unknown packages; this might mean the available database
is outdated, and needs to be updated through a frontend method;
please see the FAQ <https://wiki.debian.org/Teams/Dpkg/FAQ>
+ for VERSION in $VERSIONS
+ rm -f g++-11 gcc-11 cpp-11 gcc
+ ln -s clang++-13 g++-11
+ ln -s clang-13 gcc-11
+ ln -s clang-13 cpp-11
+ ln -s clang-13 gcc
+ echo 'gcc-11 hold'
+ dpkg --set-selections
+ echo 'g++-11 hold'
+ dpkg --set-selections
+ cd -
/build/cmocka-AB4RHK
+ echo 'Check if gcc, g++ & cpp are actually clang'
Check if gcc, g++ & cpp are actually clang
+ gcc --version
+ grep clang
+ cpp --version
+ grep clang
+ g++ --version
+ grep clang
+ cd /usr/bin/
+ rm -f clang++ clang
+ ln -s clang-13 clang++
+ ln -s clang-13 clang
+ clang++ --version
Debian clang version 13.0.0-8
Target: x86_64-pc-linux-gnu
Thread model: posix
InstalledDir: /usr/bin
+ clang --version
Debian clang version 13.0.0-8
Target: x86_64-pc-linux-gnu
Thread model: posix
InstalledDir: /usr/bin
+ cd -
/build/cmocka-AB4RHK
+ apt install --yes --no-install-recommends --force-yes qt5-qmake

WARNING: apt does not have a stable CLI interface. Use with caution in scripts.

Reading package lists...
Building dependency tree...
Reading state information...
The following additional packages will be installed:
  qt5-qmake-bin qtchooser
The following NEW packages will be installed:
  qt5-qmake qt5-qmake-bin qtchooser
0 upgraded, 3 newly installed, 0 to remove and 0 not upgraded.
Need to get 1322 kB of archives.
After this operation, 4914 kB of additional disk space will be used.
Get:1 http://127.0.0.1:12990/debian sid/main amd64 qt5-qmake-bin amd64 5.15.2+dfsg-12 [1046 kB]
Get:2 http://127.0.0.1:12990/debian sid/main amd64 qtchooser amd64 66-2 [26.3 kB]
Get:3 http://127.0.0.1:12990/debian sid/main amd64 qt5-qmake amd64 5.15.2+dfsg-12 [249 kB]
debconf: delaying package configuration, since apt-utils is not installed
Fetched 1322 kB in 0s (57.1 MB/s)
Selecting previously unselected package qt5-qmake-bin.
(Reading database ... (Reading database ... 5%(Reading database ... 10%(Reading database ... 15%(Reading database ... 20%(Reading database ... 25%(Reading database ... 30%(Reading database ... 35%(Reading database ... 40%(Reading database ... 45%(Reading database ... 50%(Reading database ... 55%(Reading database ... 60%(Reading database ... 65%(Reading database ... 70%(Reading database ... 75%(Reading database ... 80%(Reading database ... 85%(Reading database ... 90%(Reading database ... 95%(Reading database ... 100%(Reading database ... 13528 files and directories currently installed.)
Preparing to unpack .../qt5-qmake-bin_5.15.2+dfsg-12_amd64.deb ...
Unpacking qt5-qmake-bin (5.15.2+dfsg-12) ...
Selecting previously unselected package qtchooser.
Preparing to unpack .../qtchooser_66-2_amd64.deb ...
Unpacking qtchooser (66-2) ...
Selecting previously unselected package qt5-qmake:amd64.
Preparing to unpack .../qt5-qmake_5.15.2+dfsg-12_amd64.deb ...
Unpacking qt5-qmake:amd64 (5.15.2+dfsg-12) ...
Setting up qt5-qmake-bin (5.15.2+dfsg-12) ...
Setting up qtchooser (66-2) ...
Setting up qt5-qmake:amd64 (5.15.2+dfsg-12) ...
W: --force-yes is deprecated, use one of the options starting with --allow instead.
+ cp /usr/lib/x86_64-linux-gnu/qt5/mkspecs/linux-clang/qmake.conf /usr/lib/x86_64-linux-gnu/qt5/mkspecs/linux-clang/qplatformdefs.h /usr/lib/x86_64-linux-gnu/qt5/mkspecs/linux-g++/
+ ls -al /usr/lib/x86_64-linux-gnu/qt5/mkspecs/linux-g++/
total 16
drwxr-xr-x  2 root root 4096 Oct 26 23:11 .
drwxr-xr-x 76 root root 4096 Oct 26 23:11 ..
-rw-r--r--  1 root root  276 Oct 26 23:11 qmake.conf
-rw-r--r--  1 root root 3218 Oct 26 23:11 qplatformdefs.h
+ cat /usr/lib/x86_64-linux-gnu/qt5/mkspecs/linux-g++/qmake.conf
#
# qmake configuration for linux-clang
#

MAKEFILE_GENERATOR = UNIX
CONFIG += incremental

QMAKE_INCREMENTAL_STYLE = sublib

include(../common/linux.conf)
include(../common/gcc-base-unix.conf)
include(../common/clang.conf)

QMAKE_LFLAGS += -ccc-gcc-name g++

load(qt_config)
+ export QMAKESPEC=/usr/lib/x86_64-linux-gnu/qt5/mkspecs/linux-clang/
+ QMAKESPEC=/usr/lib/x86_64-linux-gnu/qt5/mkspecs/linux-clang/
+ sed -i -e 's|compare_problem(2,|compare_problem(0,|g' /usr/bin/dpkg-gensymbols
+ sed -i -e 's|compare_problem(1,|compare_problem(0,|g' /usr/bin/dpkg-gensymbols
+ grep 'compare_problem(' /usr/bin/dpkg-gensymbols
        compare_problem(4, g_('new libraries appeared in the symbols file: %s'), "@libs");
        compare_problem(3, g_('some libraries disappeared in the symbols file: %s'), "@libs");
        compare_problem(0, g_('some new symbols appeared in the symbols file: %s'),
        compare_problem(0, g_('some symbols or patterns disappeared in the symbols file: %s'),

I: Finished running '/tmp/clang13'.

Finished processing commands.
--------------------------------------------------------------------------------
I: NOTICE: Log filtering will replace 'build/cmocka-AB4RHK/resolver-ANz91j' with '<<RESOLVERDIR>>'

+------------------------------------------------------------------------------+
| Update chroot                                                                |
+------------------------------------------------------------------------------+

Hit:1 http://127.0.0.1:12990/debian sid InRelease
Reading package lists...
Reading package lists...
Building dependency tree...
Reading state information...
Calculating upgrade...
0 upgraded, 0 newly installed, 0 to remove and 0 not upgraded.

+------------------------------------------------------------------------------+
| Fetch source files                                                           |
+------------------------------------------------------------------------------+


Check APT
---------

Checking available source versions...

Download source files with APT
------------------------------

Reading package lists...
NOTICE: 'cmocka' packaging is maintained in the 'Git' version control system at:
https://salsa.debian.org/debian/cmocka.git
Please use:
git clone https://salsa.debian.org/debian/cmocka.git
to retrieve the latest (possibly unreleased) updates to the package.
Need to get 92.2 kB of source archives.
Get:1 http://127.0.0.1:12990/debian sid/main cmocka 1.1.5-2 (dsc) [1914 B]
Get:2 http://127.0.0.1:12990/debian sid/main cmocka 1.1.5-2 (tar) [81.0 kB]
Get:3 http://127.0.0.1:12990/debian sid/main cmocka 1.1.5-2 (asc) [833 B]
Get:4 http://127.0.0.1:12990/debian sid/main cmocka 1.1.5-2 (diff) [8424 B]
Fetched 92.2 kB in 0s (1148 kB/s)
Download complete and in download only mode
I: NOTICE: Log filtering will replace 'build/cmocka-AB4RHK/cmocka-1.1.5' with '<<PKGBUILDDIR>>'
I: NOTICE: Log filtering will replace 'build/cmocka-AB4RHK' with '<<BUILDDIR>>'

+------------------------------------------------------------------------------+
| Install package build dependencies                                           |
+------------------------------------------------------------------------------+


Setup apt archive
-----------------

Merged Build-Depends: cmake (>= 3.10), debhelper-compat (= 12), build-essential, fakeroot, doxygen
Filtered Build-Depends: cmake (>= 3.10), debhelper-compat (= 12), build-essential, fakeroot, doxygen
dpkg-deb: building package 'sbuild-build-depends-main-dummy' in '/<<RESOLVERDIR>>/apt_archive/sbuild-build-depends-main-dummy.deb'.
Ign:1 copy:/<<RESOLVERDIR>>/apt_archive ./ InRelease
Get:2 copy:/<<RESOLVERDIR>>/apt_archive ./ Release [957 B]
Ign:3 copy:/<<RESOLVERDIR>>/apt_archive ./ Release.gpg
Get:4 copy:/<<RESOLVERDIR>>/apt_archive ./ Sources [395 B]
Get:5 copy:/<<RESOLVERDIR>>/apt_archive ./ Packages [470 B]
Fetched 1822 B in 0s (0 B/s)
Reading package lists...
Reading package lists...

Install main build dependencies (apt-based resolver)
----------------------------------------------------

Installing build dependencies
Reading package lists...
Building dependency tree...
Reading state information...
The following additional packages will be installed:
  autoconf automake autopoint autotools-dev bsdextrautils cmake cmake-data
  debhelper dh-autoreconf dh-elpa-helper dh-strip-nondeterminism doxygen dwz
  emacsen-common file gettext gettext-base groff-base intltool-debian
  libarchive-zip-perl libarchive13 libbrotli1 libclang-cpp11 libclang1-11
  libcurl4 libdebhelper-perl libelf1 libexpat1
  libfile-stripnondeterminism-perl libjsoncpp24 libldap-2.4-2 libllvm11
  libmagic-mgc libmagic1 libncurses6 libncursesw6 libnghttp2-14 libpipeline1
  libprocps8 libpsl5 librhash0 librtmp1 libsasl2-2 libsasl2-modules-db
  libsigsegv2 libssh2-1 libsub-override-perl libtool libuchardet0 libuv1
  libxapian30 m4 man-db po-debconf procps sensible-utils
Suggested packages:
  autoconf-archive gnu-standards autoconf-doc cmake-doc ninja-build dh-make
  doxygen-latex doxygen-doc doxygen-gui graphviz gettext-doc libasprintf-dev
  libgettextpo-dev groff lrzip libtool-doc gfortran | fortran95-compiler
  gcj-jdk xapian-tools m4-doc apparmor less www-browser libmail-box-perl
Recommended packages:
  curl | wget | lynx ca-certificates libarchive-cpio-perl libldap-common
  libgpm2 publicsuffix libsasl2-modules libltdl-dev libmail-sendmail-perl
  psmisc
The following NEW packages will be installed:
  autoconf automake autopoint autotools-dev bsdextrautils cmake cmake-data
  debhelper dh-autoreconf dh-elpa-helper dh-strip-nondeterminism doxygen dwz
  emacsen-common file gettext gettext-base groff-base intltool-debian
  libarchive-zip-perl libarchive13 libbrotli1 libclang-cpp11 libclang1-11
  libcurl4 libdebhelper-perl libelf1 libexpat1
  libfile-stripnondeterminism-perl libjsoncpp24 libldap-2.4-2 libllvm11
  libmagic-mgc libmagic1 libncurses6 libncursesw6 libnghttp2-14 libpipeline1
  libprocps8 libpsl5 librhash0 librtmp1 libsasl2-2 libsasl2-modules-db
  libsigsegv2 libssh2-1 libsub-override-perl libtool libuchardet0 libuv1
  libxapian30 m4 man-db po-debconf procps sbuild-build-depends-main-dummy
  sensible-utils
0 upgraded, 57 newly installed, 0 to remove and 0 not upgraded.
Need to get 60.2 MB of archives.
After this operation, 254 MB of additional disk space will be used.
Get:1 copy:/<<RESOLVERDIR>>/apt_archive ./ sbuild-build-depends-main-dummy 0.invalid.0 [896 B]
Get:2 http://127.0.0.1:12990/debian sid/main amd64 bsdextrautils amd64 2.37.2-4 [143 kB]
Get:3 http://127.0.0.1:12990/debian sid/main amd64 libuchardet0 amd64 0.0.7-1 [67.8 kB]
Get:4 http://127.0.0.1:12990/debian sid/main amd64 groff-base amd64 1.22.4-7 [935 kB]
Get:5 http://127.0.0.1:12990/debian sid/main amd64 libpipeline1 amd64 1.5.3-1 [34.3 kB]
Get:6 http://127.0.0.1:12990/debian sid/main amd64 man-db amd64 2.9.4-2 [1354 kB]
Get:7 http://127.0.0.1:12990/debian sid/main amd64 libncurses6 amd64 6.2+20210905-1 [102 kB]
Get:8 http://127.0.0.1:12990/debian sid/main amd64 libncursesw6 amd64 6.2+20210905-1 [133 kB]
Get:9 http://127.0.0.1:12990/debian sid/main amd64 libprocps8 amd64 2:3.3.17-5 [63.9 kB]
Get:10 http://127.0.0.1:12990/debian sid/main amd64 procps amd64 2:3.3.17-5 [502 kB]
Get:11 http://127.0.0.1:12990/debian sid/main amd64 sensible-utils all 0.0.17 [21.5 kB]
Get:12 http://127.0.0.1:12990/debian sid/main amd64 libmagic-mgc amd64 1:5.39-3 [273 kB]
Get:13 http://127.0.0.1:12990/debian sid/main amd64 libmagic1 amd64 1:5.39-3 [126 kB]
Get:14 http://127.0.0.1:12990/debian sid/main amd64 file amd64 1:5.39-3 [69.1 kB]
Get:15 http://127.0.0.1:12990/debian sid/main amd64 gettext-base amd64 0.21-4 [175 kB]
Get:16 http://127.0.0.1:12990/debian sid/main amd64 libsigsegv2 amd64 2.13-1 [34.8 kB]
Get:17 http://127.0.0.1:12990/debian sid/main amd64 m4 amd64 1.4.18-5 [204 kB]
Get:18 http://127.0.0.1:12990/debian sid/main amd64 autoconf all 2.71-2 [343 kB]
Get:19 http://127.0.0.1:12990/debian sid/main amd64 autotools-dev all 20180224.1+nmu1 [77.1 kB]
Get:20 http://127.0.0.1:12990/debian sid/main amd64 automake all 1:1.16.5-1 [823 kB]
Get:21 http://127.0.0.1:12990/debian sid/main amd64 autopoint all 0.21-4 [510 kB]
Get:22 http://127.0.0.1:12990/debian sid/main amd64 libarchive13 amd64 3.4.3-2+b1 [343 kB]
Get:23 http://127.0.0.1:12990/debian sid/main amd64 libbrotli1 amd64 1.0.9-2+b2 [279 kB]
Get:24 http://127.0.0.1:12990/debian sid/main amd64 libsasl2-modules-db amd64 2.1.27+dfsg-2.1 [69.1 kB]
Get:25 http://127.0.0.1:12990/debian sid/main amd64 libsasl2-2 amd64 2.1.27+dfsg-2.1 [106 kB]
Get:26 http://127.0.0.1:12990/debian sid/main amd64 libldap-2.4-2 amd64 2.4.59+dfsg-1 [232 kB]
Get:27 http://127.0.0.1:12990/debian sid/main amd64 libnghttp2-14 amd64 1.43.0-1 [77.1 kB]
Get:28 http://127.0.0.1:12990/debian sid/main amd64 libpsl5 amd64 0.21.0-1.2 [57.3 kB]
Get:29 http://127.0.0.1:12990/debian sid/main amd64 librtmp1 amd64 2.4+20151223.gitfa8646d.1-2+b2 [60.8 kB]
Get:30 http://127.0.0.1:12990/debian sid/main amd64 libssh2-1 amd64 1.10.0-2 [178 kB]
Get:31 http://127.0.0.1:12990/debian sid/main amd64 libcurl4 amd64 7.74.0-1.3+b1 [341 kB]
Get:32 http://127.0.0.1:12990/debian sid/main amd64 libexpat1 amd64 2.4.1-3 [104 kB]
Get:33 http://127.0.0.1:12990/debian sid/main amd64 libjsoncpp24 amd64 1.9.4-5 [78.8 kB]
Get:34 http://127.0.0.1:12990/debian sid/main amd64 librhash0 amd64 1.4.2-1 [129 kB]
Get:35 http://127.0.0.1:12990/debian sid/main amd64 libuv1 amd64 1.42.0-1 [135 kB]
Get:36 http://127.0.0.1:12990/debian sid/main amd64 dh-elpa-helper all 2.0.9 [11.2 kB]
Get:37 http://127.0.0.1:12990/debian sid/main amd64 emacsen-common all 3.0.4 [19.3 kB]
Get:38 http://127.0.0.1:12990/debian sid/main amd64 cmake-data all 3.21.3-5 [1878 kB]
Get:39 http://127.0.0.1:12990/debian sid/main amd64 cmake amd64 3.21.3-5 [7907 kB]
Get:40 http://127.0.0.1:12990/debian sid/main amd64 libdebhelper-perl all 13.5.2 [192 kB]
Get:41 http://127.0.0.1:12990/debian sid/main amd64 libtool all 2.4.6-15 [513 kB]
Get:42 http://127.0.0.1:12990/debian sid/main amd64 dh-autoreconf all 20 [17.1 kB]
Get:43 http://127.0.0.1:12990/debian sid/main amd64 libarchive-zip-perl all 1.68-1 [104 kB]
Get:44 http://127.0.0.1:12990/debian sid/main amd64 libsub-override-perl all 0.09-2 [10.2 kB]
Get:45 http://127.0.0.1:12990/debian sid/main amd64 libfile-stripnondeterminism-perl all 1.12.0-2 [26.3 kB]
Get:46 http://127.0.0.1:12990/debian sid/main amd64 dh-strip-nondeterminism all 1.12.0-2 [15.5 kB]
Get:47 http://127.0.0.1:12990/debian sid/main amd64 libelf1 amd64 0.185-2 [172 kB]
Get:48 http://127.0.0.1:12990/debian sid/main amd64 dwz amd64 0.14-1 [98.3 kB]
Get:49 http://127.0.0.1:12990/debian sid/main amd64 gettext amd64 0.21-4 [1311 kB]
Get:50 http://127.0.0.1:12990/debian sid/main amd64 intltool-debian all 0.35.0+20060710.5 [26.8 kB]
Get:51 http://127.0.0.1:12990/debian sid/main amd64 po-debconf all 1.0.21+nmu1 [248 kB]
Get:52 http://127.0.0.1:12990/debian sid/main amd64 debhelper all 13.5.2 [1056 kB]
Get:53 http://127.0.0.1:12990/debian sid/main amd64 libllvm11 amd64 1:11.1.0-4 [17.9 MB]
Get:54 http://127.0.0.1:12990/debian sid/main amd64 libclang-cpp11 amd64 1:11.1.0-4 [9662 kB]
Get:55 http://127.0.0.1:12990/debian sid/main amd64 libclang1-11 amd64 1:11.1.0-4 [5522 kB]
Get:56 http://127.0.0.1:12990/debian sid/main amd64 libxapian30 amd64 1.4.18-3 [1089 kB]
Get:57 http://127.0.0.1:12990/debian sid/main amd64 doxygen amd64 1.9.1-2 [4234 kB]
debconf: delaying package configuration, since apt-utils is not installed
Fetched 60.2 MB in 0s (150 MB/s)
Selecting previously unselected package bsdextrautils.
(Reading database ... 14273 files and directories currently installed.)
Preparing to unpack .../00-bsdextrautils_2.37.2-4_amd64.deb ...
Unpacking bsdextrautils (2.37.2-4) ...
Selecting previously unselected package libuchardet0:amd64.
Preparing to unpack .../01-libuchardet0_0.0.7-1_amd64.deb ...
Unpacking libuchardet0:amd64 (0.0.7-1) ...
Selecting previously unselected package groff-base.
Preparing to unpack .../02-groff-base_1.22.4-7_amd64.deb ...
Unpacking groff-base (1.22.4-7) ...
Selecting previously unselected package libpipeline1:amd64.
Preparing to unpack .../03-libpipeline1_1.5.3-1_amd64.deb ...
Unpacking libpipeline1:amd64 (1.5.3-1) ...
Selecting previously unselected package man-db.
Preparing to unpack .../04-man-db_2.9.4-2_amd64.deb ...
Unpacking man-db (2.9.4-2) ...
Selecting previously unselected package libncurses6:amd64.
Preparing to unpack .../05-libncurses6_6.2+20210905-1_amd64.deb ...
Unpacking libncurses6:amd64 (6.2+20210905-1) ...
Selecting previously unselected package libncursesw6:amd64.
Preparing to unpack .../06-libncursesw6_6.2+20210905-1_amd64.deb ...
Unpacking libncursesw6:amd64 (6.2+20210905-1) ...
Selecting previously unselected package libprocps8:amd64.
Preparing to unpack .../07-libprocps8_2%3a3.3.17-5_amd64.deb ...
Unpacking libprocps8:amd64 (2:3.3.17-5) ...
Selecting previously unselected package procps.
Preparing to unpack .../08-procps_2%3a3.3.17-5_amd64.deb ...
Unpacking procps (2:3.3.17-5) ...
Selecting previously unselected package sensible-utils.
Preparing to unpack .../09-sensible-utils_0.0.17_all.deb ...
Unpacking sensible-utils (0.0.17) ...
Selecting previously unselected package libmagic-mgc.
Preparing to unpack .../10-libmagic-mgc_1%3a5.39-3_amd64.deb ...
Unpacking libmagic-mgc (1:5.39-3) ...
Selecting previously unselected package libmagic1:amd64.
Preparing to unpack .../11-libmagic1_1%3a5.39-3_amd64.deb ...
Unpacking libmagic1:amd64 (1:5.39-3) ...
Selecting previously unselected package file.
Preparing to unpack .../12-file_1%3a5.39-3_amd64.deb ...
Unpacking file (1:5.39-3) ...
Selecting previously unselected package gettext-base.
Preparing to unpack .../13-gettext-base_0.21-4_amd64.deb ...
Unpacking gettext-base (0.21-4) ...
Selecting previously unselected package libsigsegv2:amd64.
Preparing to unpack .../14-libsigsegv2_2.13-1_amd64.deb ...
Unpacking libsigsegv2:amd64 (2.13-1) ...
Selecting previously unselected package m4.
Preparing to unpack .../15-m4_1.4.18-5_amd64.deb ...
Unpacking m4 (1.4.18-5) ...
Selecting previously unselected package autoconf.
Preparing to unpack .../16-autoconf_2.71-2_all.deb ...
Unpacking autoconf (2.71-2) ...
Selecting previously unselected package autotools-dev.
Preparing to unpack .../17-autotools-dev_20180224.1+nmu1_all.deb ...
Unpacking autotools-dev (20180224.1+nmu1) ...
Selecting previously unselected package automake.
Preparing to unpack .../18-automake_1%3a1.16.5-1_all.deb ...
Unpacking automake (1:1.16.5-1) ...
Selecting previously unselected package autopoint.
Preparing to unpack .../19-autopoint_0.21-4_all.deb ...
Unpacking autopoint (0.21-4) ...
Selecting previously unselected package libarchive13:amd64.
Preparing to unpack .../20-libarchive13_3.4.3-2+b1_amd64.deb ...
Unpacking libarchive13:amd64 (3.4.3-2+b1) ...
Selecting previously unselected package libbrotli1:amd64.
Preparing to unpack .../21-libbrotli1_1.0.9-2+b2_amd64.deb ...
Unpacking libbrotli1:amd64 (1.0.9-2+b2) ...
Selecting previously unselected package libsasl2-modules-db:amd64.
Preparing to unpack .../22-libsasl2-modules-db_2.1.27+dfsg-2.1_amd64.deb ...
Unpacking libsasl2-modules-db:amd64 (2.1.27+dfsg-2.1) ...
Selecting previously unselected package libsasl2-2:amd64.
Preparing to unpack .../23-libsasl2-2_2.1.27+dfsg-2.1_amd64.deb ...
Unpacking libsasl2-2:amd64 (2.1.27+dfsg-2.1) ...
Selecting previously unselected package libldap-2.4-2:amd64.
Preparing to unpack .../24-libldap-2.4-2_2.4.59+dfsg-1_amd64.deb ...
Unpacking libldap-2.4-2:amd64 (2.4.59+dfsg-1) ...
Selecting previously unselected package libnghttp2-14:amd64.
Preparing to unpack .../25-libnghttp2-14_1.43.0-1_amd64.deb ...
Unpacking libnghttp2-14:amd64 (1.43.0-1) ...
Selecting previously unselected package libpsl5:amd64.
Preparing to unpack .../26-libpsl5_0.21.0-1.2_amd64.deb ...
Unpacking libpsl5:amd64 (0.21.0-1.2) ...
Selecting previously unselected package librtmp1:amd64.
Preparing to unpack .../27-librtmp1_2.4+20151223.gitfa8646d.1-2+b2_amd64.deb ...
Unpacking librtmp1:amd64 (2.4+20151223.gitfa8646d.1-2+b2) ...
Selecting previously unselected package libssh2-1:amd64.
Preparing to unpack .../28-libssh2-1_1.10.0-2_amd64.deb ...
Unpacking libssh2-1:amd64 (1.10.0-2) ...
Selecting previously unselected package libcurl4:amd64.
Preparing to unpack .../29-libcurl4_7.74.0-1.3+b1_amd64.deb ...
Unpacking libcurl4:amd64 (7.74.0-1.3+b1) ...
Selecting previously unselected package libexpat1:amd64.
Preparing to unpack .../30-libexpat1_2.4.1-3_amd64.deb ...
Unpacking libexpat1:amd64 (2.4.1-3) ...
Selecting previously unselected package libjsoncpp24:amd64.
Preparing to unpack .../31-libjsoncpp24_1.9.4-5_amd64.deb ...
Unpacking libjsoncpp24:amd64 (1.9.4-5) ...
Selecting previously unselected package librhash0:amd64.
Preparing to unpack .../32-librhash0_1.4.2-1_amd64.deb ...
Unpacking librhash0:amd64 (1.4.2-1) ...
Selecting previously unselected package libuv1:amd64.
Preparing to unpack .../33-libuv1_1.42.0-1_amd64.deb ...
Unpacking libuv1:amd64 (1.42.0-1) ...
Selecting previously unselected package dh-elpa-helper.
Preparing to unpack .../34-dh-elpa-helper_2.0.9_all.deb ...
Unpacking dh-elpa-helper (2.0.9) ...
Selecting previously unselected package emacsen-common.
Preparing to unpack .../35-emacsen-common_3.0.4_all.deb ...
Unpacking emacsen-common (3.0.4) ...
Selecting previously unselected package cmake-data.
Preparing to unpack .../36-cmake-data_3.21.3-5_all.deb ...
Unpacking cmake-data (3.21.3-5) ...
Selecting previously unselected package cmake.
Preparing to unpack .../37-cmake_3.21.3-5_amd64.deb ...
Unpacking cmake (3.21.3-5) ...
Selecting previously unselected package libdebhelper-perl.
Preparing to unpack .../38-libdebhelper-perl_13.5.2_all.deb ...
Unpacking libdebhelper-perl (13.5.2) ...
Selecting previously unselected package libtool.
Preparing to unpack .../39-libtool_2.4.6-15_all.deb ...
Unpacking libtool (2.4.6-15) ...
Selecting previously unselected package dh-autoreconf.
Preparing to unpack .../40-dh-autoreconf_20_all.deb ...
Unpacking dh-autoreconf (20) ...
Selecting previously unselected package libarchive-zip-perl.
Preparing to unpack .../41-libarchive-zip-perl_1.68-1_all.deb ...
Unpacking libarchive-zip-perl (1.68-1) ...
Selecting previously unselected package libsub-override-perl.
Preparing to unpack .../42-libsub-override-perl_0.09-2_all.deb ...
Unpacking libsub-override-perl (0.09-2) ...
Selecting previously unselected package libfile-stripnondeterminism-perl.
Preparing to unpack .../43-libfile-stripnondeterminism-perl_1.12.0-2_all.deb ...
Unpacking libfile-stripnondeterminism-perl (1.12.0-2) ...
Selecting previously unselected package dh-strip-nondeterminism.
Preparing to unpack .../44-dh-strip-nondeterminism_1.12.0-2_all.deb ...
Unpacking dh-strip-nondeterminism (1.12.0-2) ...
Selecting previously unselected package libelf1:amd64.
Preparing to unpack .../45-libelf1_0.185-2_amd64.deb ...
Unpacking libelf1:amd64 (0.185-2) ...
Selecting previously unselected package dwz.
Preparing to unpack .../46-dwz_0.14-1_amd64.deb ...
Unpacking dwz (0.14-1) ...
Selecting previously unselected package gettext.
Preparing to unpack .../47-gettext_0.21-4_amd64.deb ...
Unpacking gettext (0.21-4) ...
Selecting previously unselected package intltool-debian.
Preparing to unpack .../48-intltool-debian_0.35.0+20060710.5_all.deb ...
Unpacking intltool-debian (0.35.0+20060710.5) ...
Selecting previously unselected package po-debconf.
Preparing to unpack .../49-po-debconf_1.0.21+nmu1_all.deb ...
Unpacking po-debconf (1.0.21+nmu1) ...
Selecting previously unselected package debhelper.
Preparing to unpack .../50-debhelper_13.5.2_all.deb ...
Unpacking debhelper (13.5.2) ...
Selecting previously unselected package libllvm11:amd64.
Preparing to unpack .../51-libllvm11_1%3a11.1.0-4_amd64.deb ...
Unpacking libllvm11:amd64 (1:11.1.0-4) ...
Selecting previously unselected package libclang-cpp11.
Preparing to unpack .../52-libclang-cpp11_1%3a11.1.0-4_amd64.deb ...
Unpacking libclang-cpp11 (1:11.1.0-4) ...
Selecting previously unselected package libclang1-11.
Preparing to unpack .../53-libclang1-11_1%3a11.1.0-4_amd64.deb ...
Unpacking libclang1-11 (1:11.1.0-4) ...
Selecting previously unselected package libxapian30:amd64.
Preparing to unpack .../54-libxapian30_1.4.18-3_amd64.deb ...
Unpacking libxapian30:amd64 (1.4.18-3) ...
Selecting previously unselected package doxygen.
Preparing to unpack .../55-doxygen_1.9.1-2_amd64.deb ...
Unpacking doxygen (1.9.1-2) ...
Selecting previously unselected package sbuild-build-depends-main-dummy.
Preparing to unpack .../56-sbuild-build-depends-main-dummy_0.invalid.0_amd64.deb ...
Unpacking sbuild-build-depends-main-dummy (0.invalid.0) ...
Setting up libexpat1:amd64 (2.4.1-3) ...
Setting up libpipeline1:amd64 (1.5.3-1) ...
Setting up libxapian30:amd64 (1.4.18-3) ...
Setting up libpsl5:amd64 (0.21.0-1.2) ...
Setting up bsdextrautils (2.37.2-4) ...
update-alternatives: using /usr/bin/write.ul to provide /usr/bin/write (write) in auto mode
Setting up libmagic-mgc (1:5.39-3) ...
Setting up libarchive13:amd64 (3.4.3-2+b1) ...
Setting up libarchive-zip-perl (1.68-1) ...
Setting up libdebhelper-perl (13.5.2) ...
Setting up libbrotli1:amd64 (1.0.9-2+b2) ...
Setting up libnghttp2-14:amd64 (1.43.0-1) ...
Setting up libmagic1:amd64 (1:5.39-3) ...
Setting up gettext-base (0.21-4) ...
Setting up file (1:5.39-3) ...
Setting up libsasl2-modules-db:amd64 (2.1.27+dfsg-2.1) ...
Setting up autotools-dev (20180224.1+nmu1) ...
Setting up libuv1:amd64 (1.42.0-1) ...
Setting up libllvm11:amd64 (1:11.1.0-4) ...
Setting up emacsen-common (3.0.4) ...
Setting up librtmp1:amd64 (2.4+20151223.gitfa8646d.1-2+b2) ...
Setting up dh-elpa-helper (2.0.9) ...
Setting up libncurses6:amd64 (6.2+20210905-1) ...
Setting up libsigsegv2:amd64 (2.13-1) ...
Setting up libclang1-11 (1:11.1.0-4) ...
Setting up autopoint (0.21-4) ...
Setting up libncursesw6:amd64 (6.2+20210905-1) ...
Setting up libsasl2-2:amd64 (2.1.27+dfsg-2.1) ...
Setting up libjsoncpp24:amd64 (1.9.4-5) ...
Setting up sensible-utils (0.0.17) ...
Setting up librhash0:amd64 (1.4.2-1) ...
Setting up libuchardet0:amd64 (0.0.7-1) ...
Setting up libsub-override-perl (0.09-2) ...
Setting up libssh2-1:amd64 (1.10.0-2) ...
Setting up cmake-data (3.21.3-5) ...
Setting up libelf1:amd64 (0.185-2) ...
Setting up libprocps8:amd64 (2:3.3.17-5) ...
Setting up libfile-stripnondeterminism-perl (1.12.0-2) ...
Setting up gettext (0.21-4) ...
Setting up libtool (2.4.6-15) ...
Setting up libldap-2.4-2:amd64 (2.4.59+dfsg-1) ...
Setting up m4 (1.4.18-5) ...
Setting up intltool-debian (0.35.0+20060710.5) ...
Setting up libclang-cpp11 (1:11.1.0-4) ...
Setting up doxygen (1.9.1-2) ...
Setting up autoconf (2.71-2) ...
Setting up dh-strip-nondeterminism (1.12.0-2) ...
Setting up dwz (0.14-1) ...
Setting up groff-base (1.22.4-7) ...
Setting up procps (2:3.3.17-5) ...
Setting up libcurl4:amd64 (7.74.0-1.3+b1) ...
Setting up automake (1:1.16.5-1) ...
update-alternatives: using /usr/bin/automake-1.16 to provide /usr/bin/automake (automake) in auto mode
Setting up po-debconf (1.0.21+nmu1) ...
Setting up man-db (2.9.4-2) ...
Not building database; man-db/auto-update is not 'true'.
Setting up dh-autoreconf (20) ...
Setting up cmake (3.21.3-5) ...
Setting up debhelper (13.5.2) ...
Setting up sbuild-build-depends-main-dummy (0.invalid.0) ...
Processing triggers for libc-bin (2.32-4) ...

+------------------------------------------------------------------------------+
| Check architectures                                                          |
+------------------------------------------------------------------------------+

Arch check ok (amd64 included in any all)

+------------------------------------------------------------------------------+
| Build environment                                                            |
+------------------------------------------------------------------------------+

Kernel: Linux 4.19.0-6-cloud-amd64 #1 SMP Debian 4.19.67-2+deb10u2 (2019-11-11) amd64 (x86_64)
Toolchain package versions: binutils_2.37-7 dpkg-dev_1.20.9 g++-11_11.2.0-10 gcc-11_11.2.0-10 libc6-dev_2.32-4 libstdc++-11-dev_11.2.0-10 libstdc++6_11.2.0-10 linux-libc-dev_5.14.12-1
Package versions: adduser_3.118 apt_2.3.11 autoconf_2.71-2 automake_1:1.16.5-1 autopoint_0.21-4 autotools-dev_20180224.1+nmu1 base-files_12 base-passwd_3.5.52 bash_5.1-3+b2 binutils_2.37-7 binutils-common_2.37-7 binutils-x86-64-linux-gnu_2.37-7 bsdextrautils_2.37.2-4 bsdutils_1:2.37.2-4 build-essential_12.9 bzip2_1.0.8-4 clang-13_1:13.0.0-8 cmake_3.21.3-5 cmake-data_3.21.3-5 coreutils_8.32-4+b1 cpp_4:11.2.0-2 cpp-11_11.2.0-10 dash_0.5.11+git20210120+802ebd4-2 debconf_1.5.78 debhelper_13.5.2 debian-archive-keyring_2021.1.1 debianutils_5.5-1 dh-autoreconf_20 dh-elpa-helper_2.0.9 dh-strip-nondeterminism_1.12.0-2 diffutils_1:3.7-5 doxygen_1.9.1-2 dpkg_1.20.9 dpkg-dev_1.20.9 dwz_0.14-1 e2fsprogs_1.46.4-1 emacsen-common_3.0.4 fakeroot_1.26-1 file_1:5.39-3 findutils_4.8.0-1 g++_4:11.2.0-2 g++-11_11.2.0-10 gcc_4:11.2.0-2 gcc-10-base_10.3.0-11 gcc-11_11.2.0-10 gcc-11-base_11.2.0-10 gcc-9-base_9.4.0-3 gettext_0.21-4 gettext-base_0.21-4 gpgv_2.2.27-2 grep_3.7-1 groff-base_1.22.4-7 gzip_1.10-4 hostname_3.23 init-system-helpers_1.60 intltool-debian_0.35.0+20060710.5 lib32gcc-s1_11.2.0-10 lib32stdc++6_11.2.0-10 libacl1_2.3.1-1 libapt-pkg6.0_2.3.11 libarchive-zip-perl_1.68-1 libarchive13_3.4.3-2+b1 libasan5_9.4.0-3 libasan6_11.2.0-10 libatomic1_11.2.0-10 libattr1_1:2.5.1-1 libaudit-common_1:3.0.6-1 libaudit1_1:3.0.6-1 libbinutils_2.37-7 libblkid1_2.37.2-4 libbrotli1_1.0.9-2+b2 libbsd0_0.11.3-1 libbz2-1.0_1.0.8-4 libc-bin_2.32-4 libc-dev-bin_2.32-4 libc6_2.32-4 libc6-dev_2.32-4 libc6-i386_2.32-4 libcap-ng0_0.7.9-2.2+b1 libcap2_1:2.44-1 libcc1-0_11.2.0-10 libclang-common-13-dev_1:13.0.0-8 libclang-cpp11_1:11.1.0-4 libclang-cpp13_1:13.0.0-8 libclang1-11_1:11.1.0-4 libclang1-13_1:13.0.0-8 libcom-err2_1.46.4-1 libcrypt-dev_1:4.4.25-2 libcrypt1_1:4.4.25-2 libctf-nobfd0_2.37-7 libctf0_2.37-7 libcurl4_7.74.0-1.3+b1 libdb5.3_5.3.28+dfsg1-0.8 libdebconfclient0_0.260 libdebhelper-perl_13.5.2 libdpkg-perl_1.20.9 libedit2_3.1-20210910-1 libelf1_0.185-2 libexpat1_2.4.1-3 libext2fs2_1.46.4-1 libfakeroot_1.26-1 libffi8_3.4.2-3 libfile-stripnondeterminism-perl_1.12.0-2 libgc1_1:8.0.4-3 libgcc-11-dev_11.2.0-10 libgcc-9-dev_9.4.0-3 libgcc-s1_11.2.0-10 libgcrypt20_1.9.4-3+b1 libgdbm-compat4_1.22-1 libgdbm6_1.22-1 libgmp10_2:6.2.1+dfsg-2 libgnutls30_3.7.2-2 libgomp1_11.2.0-10 libgpg-error0_1.42-3 libgssapi-krb5-2_1.18.3-7 libhogweed6_3.7.3-1 libicu67_67.1-7 libidn2-0_2.3.2-2 libisl23_0.24-2 libitm1_11.2.0-10 libjsoncpp24_1.9.4-5 libk5crypto3_1.18.3-7 libkeyutils1_1.6.1-2 libkrb5-3_1.18.3-7 libkrb5support0_1.18.3-7 libldap-2.4-2_2.4.59+dfsg-1 libllvm11_1:11.1.0-4 libllvm13_1:13.0.0-8 liblsan0_11.2.0-10 liblz4-1_1.9.3-2 liblzma5_5.2.5-2 libmagic-mgc_1:5.39-3 libmagic1_1:5.39-3 libmd0_1.0.4-1 libmount1_2.37.2-4 libmpc3_1.2.1-1 libmpfr6_4.1.0-3 libncurses6_6.2+20210905-1 libncursesw6_6.2+20210905-1 libnettle8_3.7.3-1 libnghttp2-14_1.43.0-1 libnsl-dev_1.3.0-2 libnsl2_1.3.0-2 libobjc-11-dev_11.2.0-10 libobjc-9-dev_9.4.0-3 libobjc4_11.2.0-10 libomp-13-dev_1:13.0.0-8 libomp5-13_1:13.0.0-8 libp11-kit0_0.24.0-5 libpam-modules_1.4.0-10 libpam-modules-bin_1.4.0-10 libpam-runtime_1.4.0-10 libpam0g_1.4.0-10 libpcre2-8-0_10.36-2 libpcre3_2:8.39-13 libperl5.32_5.32.1-6 libpipeline1_1.5.3-1 libprocps8_2:3.3.17-5 libpsl5_0.21.0-1.2 libquadmath0_11.2.0-10 librhash0_1.4.2-1 librtmp1_2.4+20151223.gitfa8646d.1-2+b2 libsasl2-2_2.1.27+dfsg-2.1 libsasl2-modules-db_2.1.27+dfsg-2.1 libseccomp2_2.5.2-2 libselinux1_3.1-3 libsemanage-common_3.1-1 libsemanage1_3.1-1+b2 libsepol1_3.1-1 libsigsegv2_2.13-1 libsmartcols1_2.37.2-4 libss2_1.46.4-1 libssh2-1_1.10.0-2 libssl1.1_1.1.1l-1 libstdc++-11-dev_11.2.0-10 libstdc++6_11.2.0-10 libsub-override-perl_0.09-2 libsystemd0_249.5-1 libtasn1-6_4.17.0-2 libtinfo6_6.2+20210905-1 libtirpc-common_1.3.2-2 libtirpc-dev_1.3.2-2 libtirpc3_1.3.2-2 libtool_2.4.6-15 libtsan0_11.2.0-10 libubsan1_11.2.0-10 libuchardet0_0.0.7-1 libudev1_249.5-1 libunistring2_0.9.10-6 libuuid1_2.37.2-4 libuv1_1.42.0-1 libxapian30_1.4.18-3 libxml2_2.9.12+dfsg-5 libxxhash0_0.8.0-2 libz3-4_4.8.12-1+b1 libzstd1_1.4.8+dfsg-3 linux-libc-dev_5.14.12-1 login_1:4.8.1-1 logsave_1.46.4-1 lsb-base_11.1.0 m4_1.4.18-5 make_4.3-4.1 man-db_2.9.4-2 mawk_1.3.4.20200120-2 mount_2.37.2-4 ncurses-base_6.2+20210905-1 ncurses-bin_6.2+20210905-1 passwd_1:4.8.1-1 patch_2.7.6-7 perl_5.32.1-6 perl-base_5.32.1-6 perl-modules-5.32_5.32.1-6 po-debconf_1.0.21+nmu1 procps_2:3.3.17-5 qt5-qmake_5.15.2+dfsg-12 qt5-qmake-bin_5.15.2+dfsg-12 qtchooser_66-2 rpcsvc-proto_1.4.2-4 sbuild-build-depends-main-dummy_0.invalid.0 sed_4.8-1 sensible-utils_0.0.17 sysvinit-utils_3.00-1 tar_1.34+dfsg-1 tzdata_2021e-1 util-linux_2.37.2-4 xz-utils_5.2.5-2 zlib1g_1:1.2.11.dfsg-2

+------------------------------------------------------------------------------+
| Build                                                                        |
+------------------------------------------------------------------------------+


Unpack source
-------------

-----BEGIN PGP SIGNED MESSAGE-----
Hash: SHA256

Format: 3.0 (quilt)
Source: cmocka
Binary: cmocka-doc, libcmocka0, libcmocka-dev
Architecture: any all
Version: 1.1.5-2
Maintainer: David Prvot <taffit@debian.org>
Uploaders: Sandro Knau <hefee@debian.org>
Homepage: https://cmocka.org/
Standards-Version: 4.4.0
Vcs-Browser: https://salsa.debian.org/debian/cmocka
Vcs-Git: https://salsa.debian.org/debian/cmocka.git
Build-Depends: cmake (>= 3.10), debhelper-compat (= 12)
Build-Depends-Indep: doxygen
Package-List:
 cmocka-doc deb doc optional arch=all
 libcmocka-dev deb libdevel optional arch=any
 libcmocka0 deb libs optional arch=any
Checksums-Sha1:
 eb708adc176e0c60c43e437f9a5f58a8fea79d5a 81004 cmocka_1.1.5.orig.tar.xz
 795c7daa82612cdb73f36ddfa0314f8885856e63 833 cmocka_1.1.5.orig.tar.xz.asc
 d6537b952e4e85f334d31dd04f54361eee93fda1 8424 cmocka_1.1.5-2.debian.tar.xz
Checksums-Sha256:
 f0ccd8242d55e2fd74b16ba518359151f6f8383ff8aef4976e48393f77bba8b6 81004 cmocka_1.1.5.orig.tar.xz
 0dbc0cf7c9cde72d0c911483607421da2aeee5aa99712d7fb393b3da307ee315 833 cmocka_1.1.5.orig.tar.xz.asc
 76777bc7f33ffa985655656b9dee767a8b6ea4bd631e4f5ae224b5a4ff4a85b1 8424 cmocka_1.1.5-2.debian.tar.xz
Files:
 91f95cd5db88b9b120d191b18d367193 81004 cmocka_1.1.5.orig.tar.xz
 c25540cb4925a97fb1f521d08f4c0f89 833 cmocka_1.1.5.orig.tar.xz.asc
 1c191d18137a90cb8993228c5e561549 8424 cmocka_1.1.5-2.debian.tar.xz

-----BEGIN PGP SIGNATURE-----

iQFGBAEBCAAwFiEEeHVNB7wJXHRI941mBYwc+UT2vTwFAl1Pmm4SHHRhZmZpdEBk
ZWJpYW4ub3JnAAoJEAWMHPlE9r088CgH/RQYuaDzVQaKlPcaLZJ9hG6OT8n7+xrt
/xWJFrFit8evIgXfxj+fLeRFsylnaeBhkvsQpqZ98d1q5ik1zk3olzRuenY2tC5y
drdXik2J5RHX3h7U0VyA+84Pe92KMl0FsHir0Drv46dBxInbdZBsQPmB2Js9KnwF
qXZOMuhiSRfTcJ53mJNzuVW+bQPY/2bxa7aGmRvOTmhuNJuXvqv8laMBs6pmatSX
9fursL2VVdKsnzkSkw/mGW3e9MZGhfif/9TTp2Da7MZiJH1XiciISObSTofmkqPc
u1gcXGPHNQ1rllnqSVll4q9wijhsaES1kJ5BdGtNI/tCPXuXD+WRF78=
=qqIl
-----END PGP SIGNATURE-----

gpgv: unknown type of key resource 'trustedkeys.kbx'
gpgv: keyblock resource '/tmp/dpkg-verify-sig.pPwKXut5/trustedkeys.kbx': General error
gpgv: Signature made Sun Aug 11 04:32:46 2019 UTC
gpgv:                using RSA key 78754D07BC095C7448F78D66058C1CF944F6BD3C
gpgv:                issuer "taffit@debian.org"
gpgv: Can't check signature: No public key
dpkg-source: warning: failed to verify signature on ./cmocka_1.1.5-2.dsc
dpkg-source: info: extracting cmocka in /<<PKGBUILDDIR>>
dpkg-source: info: unpacking cmocka_1.1.5.orig.tar.xz
dpkg-source: info: unpacking cmocka_1.1.5-2.debian.tar.xz

Check disk space
----------------

Sufficient free space for build

User Environment
----------------

APT_CONFIG=/var/lib/sbuild/apt.conf
HOME=/sbuild-nonexistent
LANG=C.UTF-8
LC_ALL=C.UTF-8
LOGNAME=user42
PATH=/usr/local/sbin:/usr/local/bin:/usr/sbin:/usr/bin:/sbin:/bin:/usr/games
SCHROOT_ALIAS_NAME=unstable
SCHROOT_CHROOT_NAME=sid-amd64-sbuild
SCHROOT_COMMAND=env
SCHROOT_GID=1001
SCHROOT_GROUP=user42
SCHROOT_SESSION_ID=sid-amd64-sbuild-fa451de7-cc66-4a45-9a12-7722a6e299cc
SCHROOT_UID=1001
SCHROOT_USER=user42
SHELL=/bin/sh
USER=user42

dpkg-buildpackage
-----------------

Command: dpkg-buildpackage -us -uc -b -rfakeroot
dpkg-buildpackage: info: source package cmocka
dpkg-buildpackage: info: source version 1.1.5-2
dpkg-buildpackage: info: source distribution unstable
dpkg-buildpackage: info: source changed by David Prvot <taffit@debian.org>
 dpkg-source --before-build .
dpkg-buildpackage: info: host architecture amd64
 fakeroot debian/rules clean
dh clean
   dh_clean
 debian/rules build
dh build
   dh_update_autotools_config
   dh_autoreconf
   debian/rules override_dh_auto_configure
make[1]: Entering directory '/<<PKGBUILDDIR>>'
dh_auto_configure -- -DLIB_SUFFIX=/x86_64-linux-gnu \
	-DWITH_CMOCKERY_SUPPORT=ON \
	-DUNIT_TESTING=ON
	cd obj-x86_64-linux-gnu && cmake -DCMAKE_INSTALL_PREFIX=/usr -DCMAKE_BUILD_TYPE=None -DCMAKE_INSTALL_SYSCONFDIR=/etc -DCMAKE_INSTALL_LOCALSTATEDIR=/var -DCMAKE_EXPORT_NO_PACKAGE_REGISTRY=ON -DCMAKE_FIND_USE_PACKAGE_REGISTRY=OFF -DCMAKE_FIND_PACKAGE_NO_PACKAGE_REGISTRY=ON -DCMAKE_INSTALL_RUNSTATEDIR=/run "-GUnix Makefiles" -DCMAKE_VERBOSE_MAKEFILE=ON -DCMAKE_INSTALL_LIBDIR=lib/x86_64-linux-gnu -DLIB_SUFFIX=/x86_64-linux-gnu -DWITH_CMOCKERY_SUPPORT=ON -DUNIT_TESTING=ON ..
-- The C compiler identification is Clang 13.0.0
-- Detecting C compiler ABI info
-- Detecting C compiler ABI info - done
-- Check for working C compiler: /usr/bin/cc - skipped
-- Detecting C compile features
-- Detecting C compile features - done
-- Performing Test REQUIRED_FLAGS_WERROR
-- Performing Test REQUIRED_FLAGS_WERROR - Success
-- Performing Test WITH_STD_GNU99_FLAG
-- Performing Test WITH_STD_GNU99_FLAG - Success
-- Performing Test WITH_WPEDANTIC_FLAG
-- Performing Test WITH_WPEDANTIC_FLAG - Success
-- Performing Test WITH_WALL_FLAG
-- Performing Test WITH_WALL_FLAG - Success
-- Performing Test WITH_WSHADOW_FLAG
-- Performing Test WITH_WSHADOW_FLAG - Success
-- Performing Test WITH_WMISSING_PROTOTYPES_FLAG
-- Performing Test WITH_WMISSING_PROTOTYPES_FLAG - Success
-- Performing Test WITH_WCAST_ALIGN_FLAG
-- Performing Test WITH_WCAST_ALIGN_FLAG - Success
-- Performing Test WITH_WERROR_ADDRESS_FLAG
-- Performing Test WITH_WERROR_ADDRESS_FLAG - Success
-- Performing Test WITH_WSTRICT_PROTOTYPES_FLAG
-- Performing Test WITH_WSTRICT_PROTOTYPES_FLAG - Success
-- Performing Test WITH_WERROR_STRICT_PROTOTYPES_FLAG
-- Performing Test WITH_WERROR_STRICT_PROTOTYPES_FLAG - Success
-- Performing Test WITH_WWRITE_STRINGS_FLAG
-- Performing Test WITH_WWRITE_STRINGS_FLAG - Success
-- Performing Test WITH_WERROR_WRITE_STRINGS_FLAG
-- Performing Test WITH_WERROR_WRITE_STRINGS_FLAG - Success
-- Performing Test WITH_WERROR_IMPLICIT_FUNCTION_DECLARATION_FLAG
-- Performing Test WITH_WERROR_IMPLICIT_FUNCTION_DECLARATION_FLAG - Success
-- Performing Test WITH_WPOINTER_ARITH_FLAG
-- Performing Test WITH_WPOINTER_ARITH_FLAG - Success
-- Performing Test WITH_WERROR_POINTER_ARITH_FLAG
-- Performing Test WITH_WERROR_POINTER_ARITH_FLAG - Success
-- Performing Test WITH_WDECLARATION_AFTER_STATEMENT_FLAG
-- Performing Test WITH_WDECLARATION_AFTER_STATEMENT_FLAG - Success
-- Performing Test WITH_WERROR_DECLARATION_AFTER_STATEMENT_FLAG
-- Performing Test WITH_WERROR_DECLARATION_AFTER_STATEMENT_FLAG - Success
-- Performing Test WITH_WRETURN_TYPE_FLAG
-- Performing Test WITH_WRETURN_TYPE_FLAG - Success
-- Performing Test WITH_WERROR_RETURN_TYPE_FLAG
-- Performing Test WITH_WERROR_RETURN_TYPE_FLAG - Success
-- Performing Test WITH_WUNINITIALIZED_FLAG
-- Performing Test WITH_WUNINITIALIZED_FLAG - Success
-- Performing Test WITH_WERROR_UNINITIALIZED_FLAG
-- Performing Test WITH_WERROR_UNINITIALIZED_FLAG - Success
-- Performing Test WITH_WIMPLICIT_FALLTHROUGH_FLAG
-- Performing Test WITH_WIMPLICIT_FALLTHROUGH_FLAG - Success
-- Performing Test WITH_WERROR_STRICT_OVERFLOW_FLAG
-- Performing Test WITH_WERROR_STRICT_OVERFLOW_FLAG - Success
-- Performing Test WITH_WSTRICT_OVERFLOW_2_FLAG
-- Performing Test WITH_WSTRICT_OVERFLOW_2_FLAG - Success
-- Performing Test WITH_WNO_FORMAT_ZERO_LENGTH_FLAG
-- Performing Test WITH_WNO_FORMAT_ZERO_LENGTH_FLAG - Success
-- Performing Test WITH_WMISSING_FIELD_INITIALIZERS_FLAG
-- Performing Test WITH_WMISSING_FIELD_INITIALIZERS_FLAG - Success
-- Performing Test REQUIRED_FLAGS_WFORMAT
-- Performing Test REQUIRED_FLAGS_WFORMAT - Success
-- Performing Test WITH_WFORMAT_SECURITY_FLAG
-- Performing Test WITH_WFORMAT_SECURITY_FLAG - Success
-- Performing Test WITH_WERROR_FORMAT_SECURITY_FLAG
-- Performing Test WITH_WERROR_FORMAT_SECURITY_FLAG - Success
-- Performing Test WITH_WNO_GNU_ZERO_VARIADIC_MACRO_ARGUMENTS_FLAG
-- Performing Test WITH_WNO_GNU_ZERO_VARIADIC_MACRO_ARGUMENTS_FLAG - Success
-- Performing Test WITH_FNO_COMMON_FLAG
-- Performing Test WITH_FNO_COMMON_FLAG - Success
-- Performing Test WITH_STACK_PROTECTOR_STRONG
-- Performing Test WITH_STACK_PROTECTOR_STRONG - Success
-- Performing Test WITH_STACK_CLASH_PROTECTION
-- Performing Test WITH_STACK_CLASH_PROTECTION - Success
-- Looking for assert.h
-- Looking for assert.h - found
-- Looking for inttypes.h
-- Looking for inttypes.h - found
-- Looking for io.h
-- Looking for io.h - not found
-- Looking for malloc.h
-- Looking for malloc.h - found
-- Looking for memory.h
-- Looking for memory.h - found
-- Looking for setjmp.h
-- Looking for setjmp.h - found
-- Looking for signal.h
-- Looking for signal.h - found
-- Looking for stdarg.h
-- Looking for stdarg.h - found
-- Looking for stddef.h
-- Looking for stddef.h - found
-- Looking for stdint.h
-- Looking for stdint.h - found
-- Looking for stdio.h
-- Looking for stdio.h - found
-- Looking for stdlib.h
-- Looking for stdlib.h - found
-- Looking for string.h
-- Looking for string.h - found
-- Looking for strings.h
-- Looking for strings.h - found
-- Looking for sys/stat.h
-- Looking for sys/stat.h - found
-- Looking for sys/types.h
-- Looking for sys/types.h - found
-- Looking for time.h
-- Looking for time.h - found
-- Looking for unistd.h
-- Looking for unistd.h - found
-- Performing Test HAVE_STRUCT_TIMESPEC
-- Performing Test HAVE_STRUCT_TIMESPEC - Success
-- Looking for calloc
-- Looking for calloc - found
-- Looking for exit
-- Looking for exit - found
-- Looking for fprintf
-- Looking for fprintf - found
-- Looking for free
-- Looking for free - found
-- Looking for longjmp
-- Looking for longjmp - found
-- Looking for siglongjmp
-- Looking for siglongjmp - found
-- Looking for malloc
-- Looking for malloc - found
-- Looking for memcpy
-- Looking for memcpy - found
-- Looking for memset
-- Looking for memset - found
-- Looking for printf
-- Looking for printf - found
-- Looking for setjmp
-- Looking for setjmp - found
-- Looking for signal
-- Looking for signal - found
-- Looking for strsignal
-- Looking for strsignal - found
-- Looking for strcmp
-- Looking for strcmp - found
-- Looking for clock_gettime
-- Looking for clock_gettime - found
-- Looking for sprintf
-- Looking for sprintf - found
-- Looking for vsnprintf
-- Looking for vsnprintf - found
-- Performing Test HAVE_GCC_THREAD_LOCAL_STORAGE
-- Performing Test HAVE_GCC_THREAD_LOCAL_STORAGE - Success
-- Performing Test HAVE_CLOCK_REALTIME
-- Performing Test HAVE_CLOCK_REALTIME - Success
-- Found Doxygen: /usr/bin/doxygen (found version "1.9.1") found components: doxygen missing components: dot
-- Configuring done
-- Generating done
CMake Warning:
  Manually-specified variables were not used by the project:

    CMAKE_EXPORT_NO_PACKAGE_REGISTRY
    CMAKE_FIND_PACKAGE_NO_PACKAGE_REGISTRY
    LIB_SUFFIX


-- Build files have been written to: /<<PKGBUILDDIR>>/obj-x86_64-linux-gnu
make[1]: Leaving directory '/<<PKGBUILDDIR>>'
   debian/rules override_dh_auto_build-indep
make[1]: Entering directory '/<<PKGBUILDDIR>>'
/usr/bin/make -C obj-* docs
make[2]: Entering directory '/<<PKGBUILDDIR>>/obj-x86_64-linux-gnu'
/usr/bin/cmake -S/<<PKGBUILDDIR>> -B/<<PKGBUILDDIR>>/obj-x86_64-linux-gnu --check-build-system CMakeFiles/Makefile.cmake 0
/usr/bin/make  -f CMakeFiles/Makefile2 docs
make[3]: Entering directory '/<<PKGBUILDDIR>>/obj-x86_64-linux-gnu'
/usr/bin/cmake -S/<<PKGBUILDDIR>> -B/<<PKGBUILDDIR>>/obj-x86_64-linux-gnu --check-build-system CMakeFiles/Makefile.cmake 0
/usr/bin/cmake -E cmake_progress_start /<<PKGBUILDDIR>>/obj-x86_64-linux-gnu/CMakeFiles 1
/usr/bin/make  -f CMakeFiles/Makefile2 doc/CMakeFiles/docs.dir/all
make[4]: Entering directory '/<<PKGBUILDDIR>>/obj-x86_64-linux-gnu'
/usr/bin/make  -f doc/CMakeFiles/docs.dir/build.make doc/CMakeFiles/docs.dir/depend
make[5]: Entering directory '/<<PKGBUILDDIR>>/obj-x86_64-linux-gnu'
cd /<<PKGBUILDDIR>>/obj-x86_64-linux-gnu && /usr/bin/cmake -E cmake_depends "Unix Makefiles" /<<PKGBUILDDIR>> /<<PKGBUILDDIR>>/doc /<<PKGBUILDDIR>>/obj-x86_64-linux-gnu /<<PKGBUILDDIR>>/obj-x86_64-linux-gnu/doc /<<PKGBUILDDIR>>/obj-x86_64-linux-gnu/doc/CMakeFiles/docs.dir/DependInfo.cmake --color=
make[5]: Leaving directory '/<<PKGBUILDDIR>>/obj-x86_64-linux-gnu'
/usr/bin/make  -f doc/CMakeFiles/docs.dir/build.make doc/CMakeFiles/docs.dir/build
make[5]: Entering directory '/<<PKGBUILDDIR>>/obj-x86_64-linux-gnu'
[100%] Generate API documentation for docs
cd /<<PKGBUILDDIR>>/doc && /usr/bin/cmake -E make_directory /<<PKGBUILDDIR>>/obj-x86_64-linux-gnu/doc
cd /<<PKGBUILDDIR>>/doc && /usr/bin/doxygen /<<PKGBUILDDIR>>/obj-x86_64-linux-gnu/doc/Doxyfile.docs
error: Illegal PREDEFINED format '(', no define name specified
/<<PKGBUILDDIR>>/include/cmocka.h:2156: warning: Compound CMUnitTest is not documented.
/<<PKGBUILDDIR>>/src/cmocka.c:382: warning: Compound CMUnitTestState is not documented.
/<<PKGBUILDDIR>>/src/cmocka.c:201: warning: Compound CheckIntegerRange is not documented.
/<<PKGBUILDDIR>>/src/cmocka.c:208: warning: Compound CheckIntegerSet is not documented.
/<<PKGBUILDDIR>>/src/cmocka.c:216: warning: Compound CheckMemoryData is not documented.
/<<PKGBUILDDIR>>/include/cmocka.h:2171: warning: Compound CheckParameterEvent is not documented.
/<<PKGBUILDDIR>>/src/cmocka.c:192: warning: Compound FuncOrderingValue is not documented.
/<<PKGBUILDDIR>>/include/cmocka.h:2143: warning: Compound GroupTest is not documented.
/<<PKGBUILDDIR>>/src/cmocka.c:144: warning: Compound ListNode is not documented.
/<<PKGBUILDDIR>>/src/cmocka.c:160: warning: Compound MallocBlockInfo is not documented.
/<<PKGBUILDDIR>>/src/cmocka.c:152: warning: Compound MallocBlockInfoData is not documented.
/<<PKGBUILDDIR>>/include/cmocka.h:2165: warning: Compound SourceLocation is not documented.
/<<PKGBUILDDIR>>/src/cmocka.c:186: warning: Compound SymbolMapValue is not documented.
/<<PKGBUILDDIR>>/src/cmocka.c:176: warning: Compound SymbolValue is not documented.
/<<PKGBUILDDIR>>/src/cmocka.c:166: warning: Compound TestState is not documented.
/<<PKGBUILDDIR>>/include/cmocka.h:2137: warning: Compound UnitTest is not documented.
/<<PKGBUILDDIR>>/src/cmocka.c:133: warning: Compound ValuePointer is not documented.
Doxygen version used: 1.9.1
Searching for include files...
Searching for example files...
Searching for images...
Searching for dot files...
Searching for msc files...
Searching for dia files...
Searching for files to exclude
Searching for files in directory /<<PKGBUILDDIR>>/doc/that_style
Searching for files in directory /<<PKGBUILDDIR>>/doc/that_style/img
Searching for files in directory /<<PKGBUILDDIR>>/doc/that_style/js
Searching INPUT for files to process...
Searching for files in directory /<<PKGBUILDDIR>>/src
Searching for files in directory /<<PKGBUILDDIR>>/include
Searching for files in directory /<<PKGBUILDDIR>>/include/cmockery
Searching for files in directory /<<PKGBUILDDIR>>/doc
Searching for files in directory /<<PKGBUILDDIR>>/doc/that_style
Searching for files in directory /<<PKGBUILDDIR>>/doc/that_style/img
Searching for files in directory /<<PKGBUILDDIR>>/doc/that_style/js
Reading and parsing tag files
Parsing files
Preprocessing /<<PKGBUILDDIR>>/src/cmocka.c...
Parsing file /<<PKGBUILDDIR>>/src/cmocka.c...
Preprocessing /<<PKGBUILDDIR>>/include/cmocka.h...
Parsing file /<<PKGBUILDDIR>>/include/cmocka.h...
Preprocessing /<<PKGBUILDDIR>>/include/cmocka_pbc.h...
Parsing file /<<PKGBUILDDIR>>/include/cmocka_pbc.h...
Preprocessing /<<PKGBUILDDIR>>/include/cmocka_private.h...
Parsing file /<<PKGBUILDDIR>>/include/cmocka_private.h...
Preprocessing /<<PKGBUILDDIR>>/include/cmockery/cmockery.h...
Parsing file /<<PKGBUILDDIR>>/include/cmockery/cmockery.h...
Preprocessing /<<PKGBUILDDIR>>/include/cmockery/pbc.h...
Parsing file /<<PKGBUILDDIR>>/include/cmockery/pbc.h...
Preprocessing /<<PKGBUILDDIR>>/doc/mainpage.dox...
Parsing file /<<PKGBUILDDIR>>/doc/mainpage.dox...
Building macro definition list...
Building group list...
Building directory list...
Building namespace list...
Building file list...
Building class list...
Computing nesting relations for classes...
Associating documentation with classes...
Building example list...
Searching for enumerations...
Searching for documented typedefs...
Searching for members imported via using declarations...
Searching for included using directives...
Searching for documented variables...
Building interface member list...
Building member list...
Searching for friends...
Searching for documented defines...
Computing class inheritance relations...
Computing class usage relations...
Flushing cached template relations that have become invalid...
Computing class relations...
Add enum values to enums...
Searching for member function documentation...
Creating members for template instances...
Building page list...
Search for main page...
Computing page relations...
Determining the scope of groups...
Sorting lists...
Determining which enums are documented
Computing member relations...
Building full member lists recursively...
Adding members to member groups.
Computing member references...
Inheriting documentation...
Generating disk names...
Adding source references...
Adding xrefitems...
Sorting member lists...
Setting anonymous enum type...
Computing dependencies between directories...
Generating citations page...
Counting members...
Counting data structures...
Resolving user defined references...
Finding anchors and sections in the documentation...
Transferring function references...
Combining using relations...
Adding members to index pages...
Correcting members for VHDL...
Computing tooltip texts...
Generating style sheet...
Generating search indices...
Generating example documentation...
Generating file sources...
Generating code for file /<<PKGBUILDDIR>>/include/cmocka.h...
Generating code for file /<<PKGBUILDDIR>>/include/cmocka_pbc.h...
Gedeprecated:6: warning: explicit link request to 'function' could not be resolved
/<<PKGBUILDDIR>>/include/cmocka.h:64: warning: Member __WORDSIZE (macro definition) of group cmocka is not documented.
/<<PKGBUILDDIR>>/include/cmocka.h:92: warning: Member LargestIntegralTypePrintfFormat (macro definition) of group cmocka is not documented.
/<<PKGBUILDDIR>>/include/cmocka.h:105: warning: Member LargestIntegralTypePrintfFormatDecimal (macro definition) of group cmocka is not documented.
/<<PKGBUILDDIR>>/include/cmocka.h:111: warning: Member FloatPrintfFormat (macro definition) of group cmocka is not documented.
/<<PKGBUILDDIR>>/include/cmocka.h:115: warning: Member cast_to_largest_integral_type(value) (macro definition) of group cmocka is not documented.
/<<PKGBUILDDIR>>/include/cmocka.h:143: warning: Member _UINTPTR_T (macro definition) of group cmocka is not documented.
/<<PKGBUILDDIR>>/include/cmocka.h:144: warning: Member _UINTPTR_T_DEFINED (macro definition) of group cmocka is not documented.
/<<PKGBUILDDIR>>/include/cmocka.h:148: warning: Member cast_to_pointer_integral_type(value) (macro definition) of group cmocka is not documented.
/<<PKGBUILDDIR>>/include/cmocka.h:152: warning: Member cast_ptr_to_largest_integral_type(value) (macro definition) of group cmocka is not documented.
/<<PKGBUILDDIR>>/include/cmocka.h:160: warning: Member CMOCKA_PRINTF_ATTRIBUTE(a, b) (macro definition) of group cmocka is not documented.
/<<PKGBUILDDIR>>/include/cmocka.h:168: warning: Member CMOCKA_DEPRECATED (macro definition) of group cmocka is not documented.
/<<PKGBUILDDIR>>/include/cmocka.h:171: warning: Member WILL_RETURN_ALWAYS (macro definition) of group cmocka is not documented.
/<<PKGBUILDDIR>>/include/cmocka.h:172: warning: Member WILL_RETURN_ONCE (macro definition) of group cmocka is not documented.
/<<PKGBUILDDIR>>/include/cmocka.h:132: warning: Member uintptr_t (typedef) of group cmocka is not documented.
/<<PKGBUILDDIR>>/include/cmocka.h:2117: warning: Member UnitTestFunction)(void **state) (typedef) of group cmocka is not documented.
/<<PKGBUILDDIR>>/include/cmocka.h:2120: warning: Member CheckParameterValue)(const LargestIntegralType value, const LargestIntegralType check_value_data) (typedef) of group cmocka is not documented.
/<<PKGBUILDDIR>>/include/cmocka.h:2130: warning: Member UnitTestFunctionType (typedef) of group cmocka is not documented.
/<<PKGBUILDDIR>>/include/cmocka.h:2141: warning: Member UnitTest (typedef) of group cmocka is not documented.
/<<PKGBUILDDIR>>/include/cmocka.h:2148: warning: Member GroupTest (typedef) of group cmocka is not documented.
/<<PKGBUILDDIR>>/include/cmocka.h:2151: warning: Member CMUnitTestFunction)(void **state) (typedef) of group cmocka is not documented.
/<<PKGBUILDDIR>>/include/cmocka.h:2154: warning: Member CMFixtureFunction)(void **state) (typedef) of group cmocka is not documented.
/<<PKGBUILDDIR>>/include/cmocka.h:2168: warning: Member SourceLocation (typedef) of group cmocka is not documented.
/<<PKGBUILDDIR>>/include/cmocka.h:2176: warning: Member CheckParameterEvent (typedef) of group cmocka is not documented.
/<<PKGBUILDDIR>>/include/cmocka.h:2124: warning: Member UnitTestFunctionType (enumeration) of group cmocka is not documented.
/<<PKGBUILDDIR>>/include/cmocka.h:2337: warning: Member cm_message_output (enumeration) of group cmocka is not documented.
/<<PKGBUILDDIR>>/include/cmocka.h:2184: warning: Member _mock(const char *const function, const char *const file, const int line) (function) of group cmocka is not documented.
/<<PKGBUILDDIR>>/include/cmocka.h:2187: warning: Member _expect_function_call(const char *const function_name, const char *const file, const int line, const int count) (function) of group cmocka is not documented.
/<<PKGBUILDDIR>>/include/cmocka.h:2193: warning: Member _function_called(const char *const function, const char *const file, const int line) (function) of group cmocka is not documented.
/<<PKGBUILDDIR>>/include/cmocka.h:2196: warning: Member _expect_check(const char *const function, const char *const parameter, const char *const file, const int line, const CheckParameterValue check_function, const LargestIntegralType check_data, CheckParameterEvent *const event, const int count) (function) of group cmocka is not documented.
/<<PKGBUILDDIR>>/include/cmocka.h:2203: warning: Member _expect_in_set(const char *const function, const char *const parameter, const char *const file, const int line, const LargestIntegralType values[], const size_t number_of_values, const int count) (function) of group cmocka is not documented.
/<<PKGBUILDDIR>>/include/cmocka.h:2207: warning: Member _expect_not_in_set(const char *const function, const char *const parameter, const char *const file, const int line, const LargestIntegralType values[], const size_t number_of_values, const int count) (function) of group cmocka is not documented.
/<<PKGBUILDDIR>>/include/cmocka.h:2212: warning: Member _expect_in_range(const char *const function, const char *const parameter, const char *const file, const int line, const LargestIntegralType minimum, const LargestIntegralType maximum, const int count) (function) of group cmocka is not documented.
/<<PKGBUILDDIR>>/include/cmocka.h:2217: warning: Member _expect_not_in_range(const char *const function, const char *const parameter, const char *const file, const int line, const LargestIntegralType minimum, const LargestIntegralType maximum, const int count) (function) of group cmocka is not documented.
/<<PKGBUILDDIR>>/include/cmocka.h:2223: warning: Member _expect_value(const char *const function, const char *const parameter, const char *const file, const int line, const LargestIntegralType value, const int count) (function) of group cmocka is not documented.
/<<PKGBUILDDIR>>/include/cmocka.h:2227: warning: Member _expect_not_value(const char *const function, const char *const parameter, const char *const file, const int line, const LargestIntegralType value, const int count) (function) of group cmocka is not documented.
/<<PKGBUILDDIR>>/include/cmocka.h:2232: warning: Member _expect_string(const char *const function, const char *const parameter, const char *const file, const int line, const char *string, const int count) (function) of group cmocka is not documented.
/<<PKGBUILDDIR>>/include/cmocka.h:2236: warning: Member _expect_not_string(const char *const function, const char *const parameter, const char *const file, const int line, const char *string, const int count) (function) of group cmocka is not documented.
/<<PKGBUILDDIR>>/include/cmocka.h:2241: warning: Member _expect_memory(const char *const function, const char *const parameter, const char *const file, const int line, const void *const memory, const size_t size, const int count) (function) of group cmocka is not documented.
/<<PKGBUILDDIR>>/include/cmocka.h:2245: warning: Member _expect_not_memory(const char *const function, const char *const parameter, const char *const file, const int line, const void *const memory, const size_t size, const int count) (function) of group cmocka is not documented.
/<<PKGBUILDDIR>>/include/cmocka.h:2250: warning: Member _expect_any(const char *const function, const char *const parameter, const char *const file, const int line, const int count) (function) of group cmocka is not documented.
/<<PKGBUILDDIR>>/include/cmocka.h:2254: warning: Member _check_expected(const char *const function_name, const char *const parameter_name, const char *file, const int line, const LargestIntegralType value) (function) of group cmocka is not documented.
/<<PKGBUILDDIR>>/include/cmocka.h:2258: warning: Member _will_return(const char *const function_name, const char *const file, const int line, const LargestIntegralType value, const int count) (function) of group cmocka is not documented.
/<<PKGBUILDDIR>>/include/cmocka.h:2261: warning: Member _assert_true(const LargestIntegralType result, const char *const expression, const char *const file, const int line) (function) of group cmocka is not documented.
/<<PKGBUILDDIR>>/include/cmocka.h:2264: warning: Member _assert_return_code(const LargestIntegralType result, size_t rlen, const LargestIntegralType error, const char *const expression, const char *const file, const int line) (function) of group cmocka is not documented.
/<<PKGBUILDDIR>>/include/cmocka.h:2270: warning: Member _assert_float_equal(const float a, const float n, const float epsilon, const char *const file, const int line) (function) of group cmocka is not documented.
/<<PKGBUILDDIR>>/include/cmocka.h:2273: warning: Member _assert_float_not_equal(const float a, const float n, const float epsilon, const char *const file, const int line) (function) of group cmocka is not documented.
/<<PKGBUILDDIR>>/include/cmocka.h:2276: warning: Member _assert_int_equal(const LargestIntegralType a, const LargestIntegralType b, const char *const file, const int line) (function) of group cmocka is not documented.
/<<PKGBUILDDIR>>/include/cmocka.h:2279: warning: Member _assert_int_not_equal(const LargestIntegralType a, const LargestIntegralType b, const char *const file, const int line) (function) of group cmocka is not documented.
/<<PKGBUILDDIR>>/include/cmocka.h:2282: warning: Member _assert_string_equal(const char *const a, const char *const b, const char *const file, const int line) (function) of group cmocka is not documented.
/<<PKGBUILDDIR>>/include/cmocka.h:2284: warning: Member _assert_string_not_equal(const char *const a, const char *const b, const char *file, const int line) (function) of group cmocka is not documented.
/<<PKGBUILDDIR>>/include/cmocka.h:2286: warning: Member _assert_memory_equal(const void *const a, const void *const b, const size_t size, const char *const file, const int line) (function) of group cmocka is not documented.
/<<PKGBUILDDIR>>/include/cmocka.h:2289: warning: Member _assert_memory_not_equal(const void *const a, const void *const b, const size_t size, const char *const file, const int line) (function) of group cmocka is not documented.
/<<PKGBUILDDIR>>/include/cmocka.h:2292: warning: Member _assert_in_range(const LargestIntegralType value, const LargestIntegralType minimum, const LargestIntegralType maximum, const char *const file, const int line) (function) of group cmocka is not documented.
/<<PKGBUILDDIR>>/include/cmocka.h:2295: warning: Member _assert_not_in_range(const LargestIntegralType value, const LargestIntegralType minimum, const LargestIntegralType maximum, const char *const file, const int line) (function) of group cmocka is not documented.
/<<PKGBUILDDIR>>/include/cmocka.h:2298: warning: Member _assert_in_set(const LargestIntegralType value, const LargestIntegralType values[], const size_t number_of_values, const char *const file, const int line) (function) of group cmocka is not documented.
/<<PKGBUILDDIR>>/include/cmocka.h:2301: warning: Member _assert_not_in_set(const LargestIntegralType value, const LargestIntegralType values[], const size_t number_of_values, const char *const file, const int line) (function) of group cmocka is not documented.
/<<PKGBUILDDIR>>/include/cmocka.h:2305: warning: Member _test_malloc(const size_t size, const char *file, const int line) (function) of group cmocka is not documented.
/<<PKGBUILDDIR>>/include/cmocka.h:2306: warning: Member _test_realloc(void *ptr, const size_t size, const char *file, const int line) (function) of group cmocka is not documented.
/<<PKGBUILDDIR>>/include/cmocka.h:2307: warning: Member _test_calloc(const size_t number_of_elements, const size_t size, const char *file, const int line) (function) of group cmocka is not documented.
/<<PKGBUILDDIR>>/include/cmocka.h:2309: warning: Member _test_free(void *const ptr, const char *file, const int line) (function) of group cmocka is not documented.
/<<PKGBUILDDIR>>/include/cmocka.h:2311: warning: Member _fail(const char *const file, const int line) (function) of group cmocka is not documented.
/<<PKGBUILDDIR>>/include/cmocka.h:2313: warning: Member _skip(const char *const file, const int line) (function) of group cmocka is not documented.
/<<PKGBUILDDIR>>/include/cmocka.h:2315: warning: Member _run_test(const char *const function_name, const UnitTestFunction Function, void **const volatile state, const UnitTestFunctionType function_type, const void *const heap_check_point) (function) of group cmocka is not documented.
/<<PKGBUILDDIR>>/include/cmocka.h:2319: warning: Member _run_tests(const UnitTest *const tests, const size_t number_of_tests) (function) of group cmocka is not documented.
/<<PKGBUILDDIR>>/include/cmocka.h:2321: warning: Member _run_group_tests(const UnitTest *const tests, const size_t number_of_tests) (function) of group cmocka is not documented.
/<<PKGBUILDDIR>>/include/cmocka.h:2325: warning: Member _cmocka_run_group_tests(const char *group_name, const struct CMUnitTest *const tests, const size_t num_tests, CMFixtureFunction group_setup, CMFixtureFunction group_teardown) (function) of group cmocka is not documented.
/<<PKGBUILDDIR>>/include/cmocka.h:2332: warning: Member print_message(const char *const format,...) CMOCKA_PRINTF_ATTRIBUTE(1 (function) of group cmocka is not documented.
/<<PKGBUILDDIR>>/include/cmocka.h:2333: warning: Member print_error(const char *const format,...) CMOCKA_PRINTF_ATTRIBUTE(1 (function) of group cmocka is not documented.
/<<PKGBUILDDIR>>/include/cmocka.h:2334: warning: Member vprint_message(const char *const format, va_list args) CMOCKA_PRINTF_ATTRIBUTE(1 (function) of group cmocka is not documented.
/<<PKGBUILDDIR>>/include/cmocka.h:2335: warning: Member vprint_error(const char *const format, va_list args) CMOCKA_PRINTF_ATTRIBUTE(1 (function) of group cmocka is not documented.
/<<PKGBUILDDIR>>/include/cmocka.h:2179: warning: Member global_expecting_assert (variable) of group cmocka is not documented.
/<<PKGBUILDDIR>>/include/cmocka.h:2180: warning: Member global_expect_assert_env (variable) of group cmocka is not documented.
/<<PKGBUILDDIR>>/include/cmocka.h:2181: warning: Member global_last_failed_assert (variable) of group cmocka is not documented.
/<<PKGBUILDDIR>>/include/cmocka.h:283: warning: argument 'type' from the argument list of mock_ptr_type has multiple @param documentation sections
/<<PKGBUILDDIR>>/include/cmocka.h:1686: warning: Member _unit_test_setup(test, setup) (macro definition) of group cmocka_exec is not documented.
/<<PKGBUILDDIR>>/include/cmocka.h:1698: warning: Member _unit_test_teardown(test, teardown) (macro definition) of group cmocka_exec is not documented.
/<<PKGBUILDDIR>>/include/cmocka.h:1770: warning: Member run_tests(tests) (macro definition) of group cmocka_exec is not documented.
/<<PKGBUILDDIR>>/include/cmocka.h:1771: warning: Member run_group_tests(tests) (macro definition) of group cmocka_exec is not documented.
/<<PKGBUILDDIR>>/src/cmocka.c:202: warning: Member event (variable) of struct CheckIntegerRange is not documented.
/<<PKGBUILDDIR>>/src/cmocka.c:203: warning: Member minimum (variable) of struct CheckIntegerRange is not documented.
/<<PKGBUILDDIR>>/src/cmocka.c:204: warning: Member maximum (variable) of struct CheckIntegerRange is not documented.
/<<PKGBUILDDIR>>/src/cmocka.c:209: warning: Member event (variable) of struct CheckIntegerSet is not documented.
/<<PKGBUILDDIR>>/src/cmocka.c:210: warning: Member set (variable) of struct CheckIntegerSet is not documented.
/<<PKGBUILDDIR>>/src/cmocka.c:211: warning: Member size_of_set (variable) of struct CheckIntegerSet is not documented.
/<<PKGBUILDDIR>>/src/cmocka.c:217: warning: Member event (variable) of struct CheckMemoryData is not documented.
/<<PKGBUILDDIR>>/src/cmocka.c:218: warning: Member memory (variable) of struct CheckMemoryData is not documented.
/<<PKGBUILDDIR>>/src/cmocka.c:219: warning: Member size (variable) of struct CheckMemoryData is not documented.
/<<PKGBUILDDIR>>/include/cmocka.h:2172: warning: Member location (variable) of struct CheckParameterEvent is not documented.
/<<PKGBUILDDIR>>/include/cmocka.h:2173: warning: Member parameter_name (variable) of struct CheckParameterEvent is not documented.
/<<PKGBUILDDIR>>/include/cmocka.h:2174: warning: Member check_value (variable) of struct CheckParameterEvent is not documented.
/<<PKGBUILDDIR>>/include/cmocka.h:2175: warning: Member check_value_data (variable) of struct CheckParameterEvent is not documented.
/<<PKGBUILDDIR>>/include/cmocka.h:2157: warning: Member name (variable) of struct CMUnitTest is not documented.
/<<PKGBUILDDIR>>/include/cmocka.h:2158: warning: Member test_func (variable) of struct CMUnitTest is not documented.
/<<PKGBUILDDIR>>/include/cmocka.h:2159: warning: Member setup_func (variable) of struct CMUnitTest is not documented.
/<<PKGBUILDDIR>>/include/cmocka.h:2160: warning: Member teardown_func (variable) of struct CMUnitTest is not documented.
/<<PKGBUILDDIR>>/include/cmocka.h:2161: warning: Member initial_state (variable) of struct CMUnitTest is not documented.
/<<PKGBUILDDIR>>/src/cmocka.c:383: warning: Member check_point (variable) of struct CMUnitTestState is not documented.
/<<PKGBUILDDIR>>/src/cmocka.c:384: warning: Member test (variable) of struct CMUnitTestState is not documented.
/<<PKGBUILDDIR>>/src/cmocka.c:385: warning: Member state (variable) of struct CMUnitTestState is not documented.
/<<PKGBUILDDIR>>/src/cmocka.c:386: warning: Member error_message (variable) of struct CMUnitTestState is not documented.
/<<PKGBUILDDIR>>/src/cmocka.c:386: warning: Member status (variable) of struct CMUnitTestState is not documented.
/<<PKGBUILDDIR>>/src/cmocka.c:388: warning: Member runtime (variable) of struct CMUnitTestState is not documented.
/<<PKGBUILDDIR>>/src/cmocka.c:193: warning: Member location (variable) of struct FuncOrderingValue is not documented.
/<<PKGBUILDDIR>>/src/cmocka.c:194: warning: Member function (variable) of struct FuncOrderingValue is not documented.
/<<PKGBUILDDIR>>/include/cmocka.h:2144: warning: Member setup (variable) of struct GroupTest is not documented.
/<<PKGBUILDDIR>>/include/cmocka.h:2145: warning: Member teardown (variable) of struct GroupTest is not documented.
/<<PKGBUILDDIR>>/include/cmocka.h:2146: warning: Member tests (variable) of struct GroupTest is not documented.
/<<PKGBUILDDIR>>/include/cmocka.h:2147: warning: Member number_of_tests (variable) of struct GroupTest is not documented.
/<<PKGBUILDDIR>>/src/cmocka.c:145: warning: Member value (variable) of struct ListNode is not documented.
/<<PKGBUILDDIR>>/src/cmocka.c:146: warning: Member refcount (variable) of struct ListNode is not documented.
/<<PKGBUILDDIR>>/src/cmocka.c:147: warning: Member next (variable) of struct ListNode is not documented.
/<<PKGBUILDDIR>>/src/cmocka.c:148: warning: Member prev (variable) of struct ListNode is not documented.
/<<PKGBUILDDIR>>/src/cmocka.c:161: warning: Member data (variable) of union MallocBlockInfo is not documented.
/<<PKGBUILDDIR>>/src/cmocka.c:162: warning: Member ptr (variable) of union MallocBlockInfo is not documented.
/<<PKGBUILDDIR>>/src/cmocka.c:153: warning: Member block (variable) of struct MallocBlockInfoData is not documented.
/<<PKGBUILDDIR>>/src/cmocka.c:154: warning: Member allocated_size (variable) of struct MallocBlockInfoData is not documented.
/<<PKGBUILDDIR>>/src/cmocka.c:155: warning: Member size (variable) of struct MallocBlockInfoData is not documented.
/<<PKGBUILDDIR>>/src/cmocka.c:156: warning: Member location (variable) of struct MallocBlockInfoData is not documented.
/<<PKGBUILDDIR>>/src/cmocka.c:157: warning: Member node (variable) of struct MallocBlockInfoData is not documented.
/<<PKGBUILDDIR>>/include/cmocka.h:2166: warning: Member file (variable) of struct SourceLocation is not documented.
/<<PKGBUILDDIR>>/include/cmocka.h:2167: warning: Member line (variable) of struct SourceLocation is not documented.
/<<PKGBUILDDIR>>/src/cmocka.c:187: warning: Member symbol_name (variable) of struct SymbolMapValue is not documented.
/<<PKGBUILDDIR>>/src/cmocka.c:188: warning: Member symbol_values_list_head (variable) of struct SymbolMapValue is not documented.
/<<PKGBUILDDIR>>/src/cmocka.c:177: warning: Member location (variable) of struct SymbolValue is not documented.
/<<PKGBUILDDIR>>/src/cmocka.c:178: warning: Member value (variable) of struct SymbolValue is not documented.
/<<PKGBUILDDIR>>/src/cmocka.c:167: warning: Member check_point (variable) of struct TestState is not documented.
/<<PKGBUILDDIR>>/src/cmocka.c:169: warning: Member state (variable) of struct TestState is not documented.
/<<PKGBUILDDIR>>/include/cmocka.h:2138: warning: Member name (variable) of struct UnitTest is not documented.
/<<PKGBUILDDIR>>/include/cmocka.h:2139: warning: Member function (variable) of struct UnitTest is not documented.
/<<PKGBUILDDIR>>/include/cmocka.h:2140: warning: Member function_type (variable) of struct UnitTest is not documented.
/<<PKGBUILDDIR>>/src/cmocka.c:134: warning: Member value (variable) of union ValuePointer is not documented.
/<<PKGBUILDDIR>>/src/cmocka.c:140: warning: Member x (variable) of union ValuePointer is not documented.
nerating code for file /<<PKGBUILDDIR>>/include/cmocka_private.h...
Generating code for file /<<PKGBUILDDIR>>/include/cmockery/cmockery.h...
Generating code for file /<<PKGBUILDDIR>>/include/cmockery/pbc.h...
Generating file documentation...
Generating page documentation...
Generating docs for page deprecated...
Generating group documentation...
Generating class documentation...
Generating docs for compound CheckIntegerRange...
Generating docs for compound CheckIntegerSet...
Generating docs for compound CheckMemoryData...
Generating docs for compound CheckParameterEvent...
Generating docs for compound CMUnitTest...
Generating docs for compound CMUnitTestState...
Generating docs for compound FuncOrderingValue...
Generating docs for compound GroupTest...
Generating docs for compound ListNode...
Generating docs for compound MallocBlockInfo...
Generating docs for compound MallocBlockInfoData...
Generating docs for compound SourceLocation...
Generating docs for compound SymbolMapValue...
Generating docs for compound SymbolValue...
Generating docs for compound TestState...
Generating docs for compound UnitTest...
Generating docs for compound ValuePointer...
Generating namespace index...
Generating graph info page...
Generating directory documentation...
Generating index page...
Generating page index...
Generating module index...
Generating namespace index...
Generating namespace member index...
Generating annotated compound index...
Generating alphabetical compound index...
Generating hierarchical class index...
Generating member index...
Generating file index...
Generating file member index...
Generating example index...
finalizing index lists...
writing tag file...
Running plantuml with JAVA...
lookup cache used 231/65536 hits=1189 misses=260
finished...
make[5]: Leaving directory '/<<PKGBUILDDIR>>/obj-x86_64-linux-gnu'
[100%] Built target docs
make[4]: Leaving directory '/<<PKGBUILDDIR>>/obj-x86_64-linux-gnu'
/usr/bin/cmake -E cmake_progress_start /<<PKGBUILDDIR>>/obj-x86_64-linux-gnu/CMakeFiles 0
make[3]: Leaving directory '/<<PKGBUILDDIR>>/obj-x86_64-linux-gnu'
make[2]: Leaving directory '/<<PKGBUILDDIR>>/obj-x86_64-linux-gnu'
make[1]: Leaving directory '/<<PKGBUILDDIR>>'
   dh_auto_build -Ncmocka-doc
	cd obj-x86_64-linux-gnu && make -j4 "INSTALL=install --strip-program=true" VERBOSE=1
make[1]: Entering directory '/<<PKGBUILDDIR>>/obj-x86_64-linux-gnu'
/usr/bin/cmake -S/<<PKGBUILDDIR>> -B/<<PKGBUILDDIR>>/obj-x86_64-linux-gnu --check-build-system CMakeFiles/Makefile.cmake 0
/usr/bin/cmake -E cmake_progress_start /<<PKGBUILDDIR>>/obj-x86_64-linux-gnu/CMakeFiles /<<PKGBUILDDIR>>/obj-x86_64-linux-gnu//CMakeFiles/progress.marks
make  -f CMakeFiles/Makefile2 all
make[2]: Entering directory '/<<PKGBUILDDIR>>/obj-x86_64-linux-gnu'
make  -f src/CMakeFiles/cmocka-static.dir/build.make src/CMakeFiles/cmocka-static.dir/depend
make  -f src/CMakeFiles/cmocka.dir/build.make src/CMakeFiles/cmocka.dir/depend
make  -f example/mock/uptime/CMakeFiles/proc_uptime.dir/build.make example/mock/uptime/CMakeFiles/proc_uptime.dir/depend
make[3]: Entering directory '/<<PKGBUILDDIR>>/obj-x86_64-linux-gnu'
cd /<<PKGBUILDDIR>>/obj-x86_64-linux-gnu && /usr/bin/cmake -E cmake_depends "Unix Makefiles" /<<PKGBUILDDIR>> /<<PKGBUILDDIR>>/src /<<PKGBUILDDIR>>/obj-x86_64-linux-gnu /<<PKGBUILDDIR>>/obj-x86_64-linux-gnu/src /<<PKGBUILDDIR>>/obj-x86_64-linux-gnu/src/CMakeFiles/cmocka-static.dir/DependInfo.cmake --color=
make[3]: Entering directory '/<<PKGBUILDDIR>>/obj-x86_64-linux-gnu'
cd /<<PKGBUILDDIR>>/obj-x86_64-linux-gnu && /usr/bin/cmake -E cmake_depends "Unix Makefiles" /<<PKGBUILDDIR>> /<<PKGBUILDDIR>>/example/mock/uptime /<<PKGBUILDDIR>>/obj-x86_64-linux-gnu /<<PKGBUILDDIR>>/obj-x86_64-linux-gnu/example/mock/uptime /<<PKGBUILDDIR>>/obj-x86_64-linux-gnu/example/mock/uptime/CMakeFiles/proc_uptime.dir/DependInfo.cmake --color=
make[3]: Entering directory '/<<PKGBUILDDIR>>/obj-x86_64-linux-gnu'
cd /<<PKGBUILDDIR>>/obj-x86_64-linux-gnu && /usr/bin/cmake -E cmake_depends "Unix Makefiles" /<<PKGBUILDDIR>> /<<PKGBUILDDIR>>/src /<<PKGBUILDDIR>>/obj-x86_64-linux-gnu /<<PKGBUILDDIR>>/obj-x86_64-linux-gnu/src /<<PKGBUILDDIR>>/obj-x86_64-linux-gnu/src/CMakeFiles/cmocka.dir/DependInfo.cmake --color=
make[3]: Leaving directory '/<<PKGBUILDDIR>>/obj-x86_64-linux-gnu'
make  -f example/mock/uptime/CMakeFiles/proc_uptime.dir/build.make example/mock/uptime/CMakeFiles/proc_uptime.dir/build
make[3]: Entering directory '/<<PKGBUILDDIR>>/obj-x86_64-linux-gnu'
make[3]: Leaving directory '/<<PKGBUILDDIR>>/obj-x86_64-linux-gnu'
make[3]: Leaving directory '/<<PKGBUILDDIR>>/obj-x86_64-linux-gnu'
make  -f src/CMakeFiles/cmocka-static.dir/build.make src/CMakeFiles/cmocka-static.dir/build
make  -f src/CMakeFiles/cmocka.dir/build.make src/CMakeFiles/cmocka.dir/build
make[3]: Entering directory '/<<PKGBUILDDIR>>/obj-x86_64-linux-gnu'
make[3]: Entering directory '/<<PKGBUILDDIR>>/obj-x86_64-linux-gnu'
[  1%] Building C object example/mock/uptime/CMakeFiles/proc_uptime.dir/proc_uptime.c.o
cd /<<PKGBUILDDIR>>/obj-x86_64-linux-gnu/example/mock/uptime && /usr/bin/cc  -I/<<PKGBUILDDIR>>/obj-x86_64-linux-gnu/example/mock/uptime -I/<<PKGBUILDDIR>>/example/mock/uptime -g -O2 -ffile-prefix-map=/<<PKGBUILDDIR>>=. -fstack-protector-strong -Wformat -Werror=format-security -Wdate-time -D_FORTIFY_SOURCE=2 -fPIC -MD -MT example/mock/uptime/CMakeFiles/proc_uptime.dir/proc_uptime.c.o -MF CMakeFiles/proc_uptime.dir/proc_uptime.c.o.d -o CMakeFiles/proc_uptime.dir/proc_uptime.c.o -c /<<PKGBUILDDIR>>/example/mock/uptime/proc_uptime.c
[  3%] Building C object src/CMakeFiles/cmocka.dir/cmocka.c.o
cd /<<PKGBUILDDIR>>/obj-x86_64-linux-gnu/src && /usr/bin/cc -Dcmocka_EXPORTS -I/<<PKGBUILDDIR>>/obj-x86_64-linux-gnu/src -I/<<PKGBUILDDIR>>/src -I/<<PKGBUILDDIR>>/obj-x86_64-linux-gnu -I/<<PKGBUILDDIR>>/include -g -O2 -ffile-prefix-map=/<<PKGBUILDDIR>>=. -fstack-protector-strong -Wformat -Werror=format-security -Wdate-time -D_FORTIFY_SOURCE=2 -fPIC -std=gnu99 -Wpedantic -Wall -Wshadow -Wmissing-prototypes -Wcast-align -Werror=address -Wstrict-prototypes -Werror=strict-prototypes -Wwrite-strings -Werror=write-strings -Werror-implicit-function-declaration -Wpointer-arith -Werror=pointer-arith -Wdeclaration-after-statement -Werror=declaration-after-statement -Wreturn-type -Werror=return-type -Wuninitialized -Werror=uninitialized -Wimplicit-fallthrough -Werror=strict-overflow -Wstrict-overflow=2 -Wno-format-zero-length -Wmissing-field-initializers -Wformat -Wformat-security -Werror=format-security -Wno-gnu-zero-variadic-macro-arguments -fno-common -fstack-protector-strong -fstack-clash-protection -DHAVE_CONFIG_H -MD -MT src/CMakeFiles/cmocka.dir/cmocka.c.o -MF CMakeFiles/cmocka.dir/cmocka.c.o.d -o CMakeFiles/cmocka.dir/cmocka.c.o -c /<<PKGBUILDDIR>>/src/cmocka.c
[  4%] Building C object src/CMakeFiles/cmocka-static.dir/cmocka.c.o
cd /<<PKGBUILDDIR>>/obj-x86_64-linux-gnu/src && /usr/bin/cc  -I/<<PKGBUILDDIR>>/obj-x86_64-linux-gnu/src -I/<<PKGBUILDDIR>>/src -I/<<PKGBUILDDIR>>/obj-x86_64-linux-gnu -I/<<PKGBUILDDIR>>/include -g -O2 -ffile-prefix-map=/<<PKGBUILDDIR>>=. -fstack-protector-strong -Wformat -Werror=format-security -Wdate-time -D_FORTIFY_SOURCE=2 -fPIC -std=gnu99 -Wpedantic -Wall -Wshadow -Wmissing-prototypes -Wcast-align -Werror=address -Wstrict-prototypes -Werror=strict-prototypes -Wwrite-strings -Werror=write-strings -Werror-implicit-function-declaration -Wpointer-arith -Werror=pointer-arith -Wdeclaration-after-statement -Werror=declaration-after-statement -Wreturn-type -Werror=return-type -Wuninitialized -Werror=uninitialized -Wimplicit-fallthrough -Werror=strict-overflow -Wstrict-overflow=2 -Wno-format-zero-length -Wmissing-field-initializers -Wformat -Wformat-security -Werror=format-security -Wno-gnu-zero-variadic-macro-arguments -fno-common -fstack-protector-strong -fstack-clash-protection -DHAVE_CONFIG_H -MD -MT src/CMakeFiles/cmocka-static.dir/cmocka.c.o -MF CMakeFiles/cmocka-static.dir/cmocka.c.o.d -o CMakeFiles/cmocka-static.dir/cmocka.c.o -c /<<PKGBUILDDIR>>/src/cmocka.c
[  6%] Linking C static library libproc_uptime.a
cd /<<PKGBUILDDIR>>/obj-x86_64-linux-gnu/example/mock/uptime && /usr/bin/cmake -P CMakeFiles/proc_uptime.dir/cmake_clean_target.cmake
cd /<<PKGBUILDDIR>>/obj-x86_64-linux-gnu/example/mock/uptime && /usr/bin/cmake -E cmake_link_script CMakeFiles/proc_uptime.dir/link.txt --verbose=1
/usr/bin/ar qc libproc_uptime.a CMakeFiles/proc_uptime.dir/proc_uptime.c.o
/usr/bin/ranlib libproc_uptime.a
make[3]: Leaving directory '/<<PKGBUILDDIR>>/obj-x86_64-linux-gnu'
[  6%] Built target proc_uptime
make  -f example/mock/uptime/CMakeFiles/uptime.dir/build.make example/mock/uptime/CMakeFiles/uptime.dir/depend
make[3]: Entering directory '/<<PKGBUILDDIR>>/obj-x86_64-linux-gnu'
cd /<<PKGBUILDDIR>>/obj-x86_64-linux-gnu && /usr/bin/cmake -E cmake_depends "Unix Makefiles" /<<PKGBUILDDIR>> /<<PKGBUILDDIR>>/example/mock/uptime /<<PKGBUILDDIR>>/obj-x86_64-linux-gnu /<<PKGBUILDDIR>>/obj-x86_64-linux-gnu/example/mock/uptime /<<PKGBUILDDIR>>/obj-x86_64-linux-gnu/example/mock/uptime/CMakeFiles/uptime.dir/DependInfo.cmake --color=
make[3]: Leaving directory '/<<PKGBUILDDIR>>/obj-x86_64-linux-gnu'
make  -f example/mock/uptime/CMakeFiles/uptime.dir/build.make example/mock/uptime/CMakeFiles/uptime.dir/build
make[3]: Entering directory '/<<PKGBUILDDIR>>/obj-x86_64-linux-gnu'
[  7%] Building C object example/mock/uptime/CMakeFiles/uptime.dir/uptime.c.o
cd /<<PKGBUILDDIR>>/obj-x86_64-linux-gnu/example/mock/uptime && /usr/bin/cc  -I/<<PKGBUILDDIR>>/obj-x86_64-linux-gnu/example/mock/uptime -I/<<PKGBUILDDIR>>/example/mock/uptime -g -O2 -ffile-prefix-map=/<<PKGBUILDDIR>>=. -fstack-protector-strong -Wformat -Werror=format-security -Wdate-time -D_FORTIFY_SOURCE=2 -fPIE -std=gnu99 -Wpedantic -Wall -Wshadow -Wmissing-prototypes -Wcast-align -Werror=address -Wstrict-prototypes -Werror=strict-prototypes -Wwrite-strings -Werror=write-strings -Werror-implicit-function-declaration -Wpointer-arith -Werror=pointer-arith -Wdeclaration-after-statement -Werror=declaration-after-statement -Wreturn-type -Werror=return-type -Wuninitialized -Werror=uninitialized -Wimplicit-fallthrough -Werror=strict-overflow -Wstrict-overflow=2 -Wno-format-zero-length -Wmissing-field-initializers -Wformat -Wformat-security -Werror=format-security -Wno-gnu-zero-variadic-macro-arguments -fno-common -fstack-protector-strong -fstack-clash-protection -MD -MT example/mock/uptime/CMakeFiles/uptime.dir/uptime.c.o -MF CMakeFiles/uptime.dir/uptime.c.o.d -o CMakeFiles/uptime.dir/uptime.c.o -c /<<PKGBUILDDIR>>/example/mock/uptime/uptime.c
[  9%] Linking C executable uptime
cd /<<PKGBUILDDIR>>/obj-x86_64-linux-gnu/example/mock/uptime && /usr/bin/cmake -E cmake_link_script CMakeFiles/uptime.dir/link.txt --verbose=1
/usr/bin/cc -g -O2 -ffile-prefix-map=/<<PKGBUILDDIR>>=. -fstack-protector-strong -Wformat -Werror=format-security -Wdate-time -D_FORTIFY_SOURCE=2 -Wl,-z,relro -Wl,-z,now CMakeFiles/uptime.dir/uptime.c.o -o uptime  libproc_uptime.a 
make[3]: Leaving directory '/<<PKGBUILDDIR>>/obj-x86_64-linux-gnu'
[  9%] Built target uptime
[ 10%] Linking C shared library libcmocka.so
cd /<<PKGBUILDDIR>>/obj-x86_64-linux-gnu/src && /usr/bin/cmake -E cmake_link_script CMakeFiles/cmocka.dir/link.txt --verbose=1
/usr/bin/cc -fPIC -g -O2 -ffile-prefix-map=/<<PKGBUILDDIR>>=. -fstack-protector-strong -Wformat -Werror=format-security -Wdate-time -D_FORTIFY_SOURCE=2 -Wl,-z,relro -Wl,-z,now -shared -Wl,-soname,libcmocka.so.0 -o libcmocka.so.0.7.0 CMakeFiles/cmocka.dir/cmocka.c.o  /usr/lib/x86_64-linux-gnu/librt.so 
[ 12%] Linking C static library libcmocka-static.a
cd /<<PKGBUILDDIR>>/obj-x86_64-linux-gnu/src && /usr/bin/cmake -P CMakeFiles/cmocka-static.dir/cmake_clean_target.cmake
cd /<<PKGBUILDDIR>>/obj-x86_64-linux-gnu/src && /usr/bin/cmake -E cmake_link_script CMakeFiles/cmocka-static.dir/link.txt --verbose=1
/usr/bin/ar qc libcmocka-static.a CMakeFiles/cmocka-static.dir/cmocka.c.o
/usr/bin/ranlib libcmocka-static.a
make[3]: Leaving directory '/<<PKGBUILDDIR>>/obj-x86_64-linux-gnu'
cd /<<PKGBUILDDIR>>/obj-x86_64-linux-gnu/src && /usr/bin/cmake -E cmake_symlink_library libcmocka.so.0.7.0 libcmocka.so.0 libcmocka.so
[ 12%] Built target cmocka-static
make  -f tests/CMakeFiles/test_group_setup_assert.dir/build.make tests/CMakeFiles/test_group_setup_assert.dir/depend
make  -f tests/CMakeFiles/test_assert_macros_fail.dir/build.make tests/CMakeFiles/test_assert_macros_fail.dir/depend
make  -f tests/CMakeFiles/test_group_fixtures.dir/build.make tests/CMakeFiles/test_group_fixtures.dir/depend
make[3]: Entering directory '/<<PKGBUILDDIR>>/obj-x86_64-linux-gnu'
cd /<<PKGBUILDDIR>>/obj-x86_64-linux-gnu && /usr/bin/cmake -E cmake_depends "Unix Makefiles" /<<PKGBUILDDIR>> /<<PKGBUILDDIR>>/tests /<<PKGBUILDDIR>>/obj-x86_64-linux-gnu /<<PKGBUILDDIR>>/obj-x86_64-linux-gnu/tests /<<PKGBUILDDIR>>/obj-x86_64-linux-gnu/tests/CMakeFiles/test_group_setup_assert.dir/DependInfo.cmake --color=
make[3]: Entering directory '/<<PKGBUILDDIR>>/obj-x86_64-linux-gnu'
cd /<<PKGBUILDDIR>>/obj-x86_64-linux-gnu && /usr/bin/cmake -E cmake_depends "Unix Makefiles" /<<PKGBUILDDIR>> /<<PKGBUILDDIR>>/tests /<<PKGBUILDDIR>>/obj-x86_64-linux-gnu /<<PKGBUILDDIR>>/obj-x86_64-linux-gnu/tests /<<PKGBUILDDIR>>/obj-x86_64-linux-gnu/tests/CMakeFiles/test_assert_macros_fail.dir/DependInfo.cmake --color=
make[3]: Entering directory '/<<PKGBUILDDIR>>/obj-x86_64-linux-gnu'
cd /<<PKGBUILDDIR>>/obj-x86_64-linux-gnu && /usr/bin/cmake -E cmake_depends "Unix Makefiles" /<<PKGBUILDDIR>> /<<PKGBUILDDIR>>/tests /<<PKGBUILDDIR>>/obj-x86_64-linux-gnu /<<PKGBUILDDIR>>/obj-x86_64-linux-gnu/tests /<<PKGBUILDDIR>>/obj-x86_64-linux-gnu/tests/CMakeFiles/test_group_fixtures.dir/DependInfo.cmake --color=
make[3]: Leaving directory '/<<PKGBUILDDIR>>/obj-x86_64-linux-gnu'
make  -f tests/CMakeFiles/test_assert_macros_fail.dir/build.make tests/CMakeFiles/test_assert_macros_fail.dir/build
make[3]: Leaving directory '/<<PKGBUILDDIR>>/obj-x86_64-linux-gnu'
make[3]: Leaving directory '/<<PKGBUILDDIR>>/obj-x86_64-linux-gnu'
make  -f tests/CMakeFiles/test_group_setup_assert.dir/build.make tests/CMakeFiles/test_group_setup_assert.dir/build
make  -f tests/CMakeFiles/test_group_fixtures.dir/build.make tests/CMakeFiles/test_group_fixtures.dir/build
make[3]: Entering directory '/<<PKGBUILDDIR>>/obj-x86_64-linux-gnu'
make[3]: Entering directory '/<<PKGBUILDDIR>>/obj-x86_64-linux-gnu'
make[3]: Entering directory '/<<PKGBUILDDIR>>/obj-x86_64-linux-gnu'
make[3]: Leaving directory '/<<PKGBUILDDIR>>/obj-x86_64-linux-gnu'
[ 13%] Building C object tests/CMakeFiles/test_assert_macros_fail.dir/test_assert_macros_fail.c.o
[ 15%] Building C object tests/CMakeFiles/test_group_setup_assert.dir/test_group_setup_assert.c.o
cd /<<PKGBUILDDIR>>/obj-x86_64-linux-gnu/tests && /usr/bin/cc  -I/<<PKGBUILDDIR>>/obj-x86_64-linux-gnu/tests -I/<<PKGBUILDDIR>>/tests -I/<<PKGBUILDDIR>>/obj-x86_64-linux-gnu -I/<<PKGBUILDDIR>>/include -g -O2 -ffile-prefix-map=/<<PKGBUILDDIR>>=. -fstack-protector-strong -Wformat -Werror=format-security -Wdate-time -D_FORTIFY_SOURCE=2 -fPIE -std=gnu99 -Wpedantic -Wall -Wshadow -Wmissing-prototypes -Wcast-align -Werror=address -Wstrict-prototypes -Werror=strict-prototypes -Wwrite-strings -Werror=write-strings -Werror-implicit-function-declaration -Wpointer-arith -Werror=pointer-arith -Wdeclaration-after-statement -Werror=declaration-after-statement -Wreturn-type -Werror=return-type -Wuninitialized -Werror=uninitialized -Wimplicit-fallthrough -Werror=strict-overflow -Wstrict-overflow=2 -Wno-format-zero-length -Wmissing-field-initializers -Wformat -Wformat-security -Werror=format-security -Wno-gnu-zero-variadic-macro-arguments -fno-common -fstack-protector-strong -fstack-clash-protection -MD -MT tests/CMakeFiles/test_assert_macros_fail.dir/test_assert_macros_fail.c.o -MF CMakeFiles/test_assert_macros_fail.dir/test_assert_macros_fail.c.o.d -o CMakeFiles/test_assert_macros_fail.dir/test_assert_macros_fail.c.o -c /<<PKGBUILDDIR>>/tests/test_assert_macros_fail.c
[ 16%] Building C object tests/CMakeFiles/test_group_fixtures.dir/test_group_fixtures.c.o
cd /<<PKGBUILDDIR>>/obj-x86_64-linux-gnu/tests && /usr/bin/cc  -I/<<PKGBUILDDIR>>/obj-x86_64-linux-gnu/tests -I/<<PKGBUILDDIR>>/tests -I/<<PKGBUILDDIR>>/obj-x86_64-linux-gnu -I/<<PKGBUILDDIR>>/include -g -O2 -ffile-prefix-map=/<<PKGBUILDDIR>>=. -fstack-protector-strong -Wformat -Werror=format-security -Wdate-time -D_FORTIFY_SOURCE=2 -fPIE -std=gnu99 -Wpedantic -Wall -Wshadow -Wmissing-prototypes -Wcast-align -Werror=address -Wstrict-prototypes -Werror=strict-prototypes -Wwrite-strings -Werror=write-strings -Werror-implicit-function-declaration -Wpointer-arith -Werror=pointer-arith -Wdeclaration-after-statement -Werror=declaration-after-statement -Wreturn-type -Werror=return-type -Wuninitialized -Werror=uninitialized -Wimplicit-fallthrough -Werror=strict-overflow -Wstrict-overflow=2 -Wno-format-zero-length -Wmissing-field-initializers -Wformat -Wformat-security -Werror=format-security -Wno-gnu-zero-variadic-macro-arguments -fno-common -fstack-protector-strong -fstack-clash-protection -MD -MT tests/CMakeFiles/test_group_setup_assert.dir/test_group_setup_assert.c.o -MF CMakeFiles/test_group_setup_assert.dir/test_group_setup_assert.c.o.d -o CMakeFiles/test_group_setup_assert.dir/test_group_setup_assert.c.o -c /<<PKGBUILDDIR>>/tests/test_group_setup_assert.c
cd /<<PKGBUILDDIR>>/obj-x86_64-linux-gnu/tests && /usr/bin/cc  -I/<<PKGBUILDDIR>>/obj-x86_64-linux-gnu/tests -I/<<PKGBUILDDIR>>/tests -I/<<PKGBUILDDIR>>/obj-x86_64-linux-gnu -I/<<PKGBUILDDIR>>/include -g -O2 -ffile-prefix-map=/<<PKGBUILDDIR>>=. -fstack-protector-strong -Wformat -Werror=format-security -Wdate-time -D_FORTIFY_SOURCE=2 -fPIE -std=gnu99 -Wpedantic -Wall -Wshadow -Wmissing-prototypes -Wcast-align -Werror=address -Wstrict-prototypes -Werror=strict-prototypes -Wwrite-strings -Werror=write-strings -Werror-implicit-function-declaration -Wpointer-arith -Werror=pointer-arith -Wdeclaration-after-statement -Werror=declaration-after-statement -Wreturn-type -Werror=return-type -Wuninitialized -Werror=uninitialized -Wimplicit-fallthrough -Werror=strict-overflow -Wstrict-overflow=2 -Wno-format-zero-length -Wmissing-field-initializers -Wformat -Wformat-security -Werror=format-security -Wno-gnu-zero-variadic-macro-arguments -fno-common -fstack-protector-strong -fstack-clash-protection -MD -MT tests/CMakeFiles/test_group_fixtures.dir/test_group_fixtures.c.o -MF CMakeFiles/test_group_fixtures.dir/test_group_fixtures.c.o.d -o CMakeFiles/test_group_fixtures.dir/test_group_fixtures.c.o -c /<<PKGBUILDDIR>>/tests/test_group_fixtures.c
[ 16%] Built target cmocka
make  -f tests/CMakeFiles/test_setup_fail.dir/build.make tests/CMakeFiles/test_setup_fail.dir/depend
make[3]: Entering directory '/<<PKGBUILDDIR>>/obj-x86_64-linux-gnu'
cd /<<PKGBUILDDIR>>/obj-x86_64-linux-gnu && /usr/bin/cmake -E cmake_depends "Unix Makefiles" /<<PKGBUILDDIR>> /<<PKGBUILDDIR>>/tests /<<PKGBUILDDIR>>/obj-x86_64-linux-gnu /<<PKGBUILDDIR>>/obj-x86_64-linux-gnu/tests /<<PKGBUILDDIR>>/obj-x86_64-linux-gnu/tests/CMakeFiles/test_setup_fail.dir/DependInfo.cmake --color=
make[3]: Leaving directory '/<<PKGBUILDDIR>>/obj-x86_64-linux-gnu'
make  -f tests/CMakeFiles/test_setup_fail.dir/build.make tests/CMakeFiles/test_setup_fail.dir/build
make[3]: Entering directory '/<<PKGBUILDDIR>>/obj-x86_64-linux-gnu'
[ 18%] Building C object tests/CMakeFiles/test_setup_fail.dir/test_setup_fail.c.o
cd /<<PKGBUILDDIR>>/obj-x86_64-linux-gnu/tests && /usr/bin/cc  -I/<<PKGBUILDDIR>>/obj-x86_64-linux-gnu/tests -I/<<PKGBUILDDIR>>/tests -I/<<PKGBUILDDIR>>/obj-x86_64-linux-gnu -I/<<PKGBUILDDIR>>/include -g -O2 -ffile-prefix-map=/<<PKGBUILDDIR>>=. -fstack-protector-strong -Wformat -Werror=format-security -Wdate-time -D_FORTIFY_SOURCE=2 -fPIE -std=gnu99 -Wpedantic -Wall -Wshadow -Wmissing-prototypes -Wcast-align -Werror=address -Wstrict-prototypes -Werror=strict-prototypes -Wwrite-strings -Werror=write-strings -Werror-implicit-function-declaration -Wpointer-arith -Werror=pointer-arith -Wdeclaration-after-statement -Werror=declaration-after-statement -Wreturn-type -Werror=return-type -Wuninitialized -Werror=uninitialized -Wimplicit-fallthrough -Werror=strict-overflow -Wstrict-overflow=2 -Wno-format-zero-length -Wmissing-field-initializers -Wformat -Wformat-security -Werror=format-security -Wno-gnu-zero-variadic-macro-arguments -fno-common -fstack-protector-strong -fstack-clash-protection -MD -MT tests/CMakeFiles/test_setup_fail.dir/test_setup_fail.c.o -MF CMakeFiles/test_setup_fail.dir/test_setup_fail.c.o.d -o CMakeFiles/test_setup_fail.dir/test_setup_fail.c.o -c /<<PKGBUILDDIR>>/tests/test_setup_fail.c
[ 19%] Linking C executable test_group_setup_assert
cd /<<PKGBUILDDIR>>/obj-x86_64-linux-gnu/tests && /usr/bin/cmake -E cmake_link_script CMakeFiles/test_group_setup_assert.dir/link.txt --verbose=1
[ 21%] Linking C executable test_group_fixtures
cd /<<PKGBUILDDIR>>/obj-x86_64-linux-gnu/tests && /usr/bin/cmake -E cmake_link_script CMakeFiles/test_group_fixtures.dir/link.txt --verbose=1
[ 22%] Linking C executable test_assert_macros_fail
cd /<<PKGBUILDDIR>>/obj-x86_64-linux-gnu/tests && /usr/bin/cmake -E cmake_link_script CMakeFiles/test_assert_macros_fail.dir/link.txt --verbose=1
/usr/bin/cc -g -O2 -ffile-prefix-map=/<<PKGBUILDDIR>>=. -fstack-protector-strong -Wformat -Werror=format-security -Wdate-time -D_FORTIFY_SOURCE=2 -Wl,-z,relro -Wl,-z,now CMakeFiles/test_group_setup_assert.dir/test_group_setup_assert.c.o -o test_group_setup_assert  ../src/libcmocka-static.a 
/usr/bin/cc -g -O2 -ffile-prefix-map=/<<PKGBUILDDIR>>=. -fstack-protector-strong -Wformat -Werror=format-security -Wdate-time -D_FORTIFY_SOURCE=2 -Wl,-z,relro -Wl,-z,now CMakeFiles/test_group_fixtures.dir/test_group_fixtures.c.o -o test_group_fixtures  ../src/libcmocka-static.a 
/usr/bin/cc -g -O2 -ffile-prefix-map=/<<PKGBUILDDIR>>=. -fstack-protector-strong -Wformat -Werror=format-security -Wdate-time -D_FORTIFY_SOURCE=2 -Wl,-z,relro -Wl,-z,now CMakeFiles/test_assert_macros_fail.dir/test_assert_macros_fail.c.o -o test_assert_macros_fail  ../src/libcmocka-static.a 
[ 24%] Linking C executable test_setup_fail
cd /<<PKGBUILDDIR>>/obj-x86_64-linux-gnu/tests && /usr/bin/cmake -E cmake_link_script CMakeFiles/test_setup_fail.dir/link.txt --verbose=1
/usr/bin/cc -g -O2 -ffile-prefix-map=/<<PKGBUILDDIR>>=. -fstack-protector-strong -Wformat -Werror=format-security -Wdate-time -D_FORTIFY_SOURCE=2 -Wl,-z,relro -Wl,-z,now CMakeFiles/test_setup_fail.dir/test_setup_fail.c.o -o test_setup_fail  ../src/libcmocka-static.a 
make[3]: Leaving directory '/<<PKGBUILDDIR>>/obj-x86_64-linux-gnu'
make[3]: Leaving directory '/<<PKGBUILDDIR>>/obj-x86_64-linux-gnu'
make[3]: Leaving directory '/<<PKGBUILDDIR>>/obj-x86_64-linux-gnu'
[ 24%] Built target test_group_setup_assert
[ 24%] Built target test_group_fixtures
make  -f tests/CMakeFiles/test_fixtures.dir/build.make tests/CMakeFiles/test_fixtures.dir/depend
make  -f tests/CMakeFiles/test_skip.dir/build.make tests/CMakeFiles/test_skip.dir/depend
[ 24%] Built target test_assert_macros_fail
make  -f tests/CMakeFiles/test_assert_macros.dir/build.make tests/CMakeFiles/test_assert_macros.dir/depend
make[3]: Entering directory '/<<PKGBUILDDIR>>/obj-x86_64-linux-gnu'
cd /<<PKGBUILDDIR>>/obj-x86_64-linux-gnu && /usr/bin/cmake -E cmake_depends "Unix Makefiles" /<<PKGBUILDDIR>> /<<PKGBUILDDIR>>/tests /<<PKGBUILDDIR>>/obj-x86_64-linux-gnu /<<PKGBUILDDIR>>/obj-x86_64-linux-gnu/tests /<<PKGBUILDDIR>>/obj-x86_64-linux-gnu/tests/CMakeFiles/test_fixtures.dir/DependInfo.cmake --color=
make[3]: Entering directory '/<<PKGBUILDDIR>>/obj-x86_64-linux-gnu'
cd /<<PKGBUILDDIR>>/obj-x86_64-linux-gnu && /usr/bin/cmake -E cmake_depends "Unix Makefiles" /<<PKGBUILDDIR>> /<<PKGBUILDDIR>>/tests /<<PKGBUILDDIR>>/obj-x86_64-linux-gnu /<<PKGBUILDDIR>>/obj-x86_64-linux-gnu/tests /<<PKGBUILDDIR>>/obj-x86_64-linux-gnu/tests/CMakeFiles/test_skip.dir/DependInfo.cmake --color=
make[3]: Entering directory '/<<PKGBUILDDIR>>/obj-x86_64-linux-gnu'
cd /<<PKGBUILDDIR>>/obj-x86_64-linux-gnu && /usr/bin/cmake -E cmake_depends "Unix Makefiles" /<<PKGBUILDDIR>> /<<PKGBUILDDIR>>/tests /<<PKGBUILDDIR>>/obj-x86_64-linux-gnu /<<PKGBUILDDIR>>/obj-x86_64-linux-gnu/tests /<<PKGBUILDDIR>>/obj-x86_64-linux-gnu/tests/CMakeFiles/test_assert_macros.dir/DependInfo.cmake --color=
make[3]: Leaving directory '/<<PKGBUILDDIR>>/obj-x86_64-linux-gnu'
make  -f tests/CMakeFiles/test_fixtures.dir/build.make tests/CMakeFiles/test_fixtures.dir/build
make[3]: Leaving directory '/<<PKGBUILDDIR>>/obj-x86_64-linux-gnu'
make  -f tests/CMakeFiles/test_skip.dir/build.make tests/CMakeFiles/test_skip.dir/build
make[3]: Leaving directory '/<<PKGBUILDDIR>>/obj-x86_64-linux-gnu'
make  -f tests/CMakeFiles/test_assert_macros.dir/build.make tests/CMakeFiles/test_assert_macros.dir/build
make[3]: Entering directory '/<<PKGBUILDDIR>>/obj-x86_64-linux-gnu'
make[3]: Entering directory '/<<PKGBUILDDIR>>/obj-x86_64-linux-gnu'
make[3]: Entering directory '/<<PKGBUILDDIR>>/obj-x86_64-linux-gnu'
make[3]: Leaving directory '/<<PKGBUILDDIR>>/obj-x86_64-linux-gnu'
[ 25%] Building C object tests/CMakeFiles/test_assert_macros.dir/test_assert_macros.c.o
cd /<<PKGBUILDDIR>>/obj-x86_64-linux-gnu/tests && /usr/bin/cc  -I/<<PKGBUILDDIR>>/obj-x86_64-linux-gnu/tests -I/<<PKGBUILDDIR>>/tests -I/<<PKGBUILDDIR>>/obj-x86_64-linux-gnu -I/<<PKGBUILDDIR>>/include -g -O2 -ffile-prefix-map=/<<PKGBUILDDIR>>=. -fstack-protector-strong -Wformat -Werror=format-security -Wdate-time -D_FORTIFY_SOURCE=2 -fPIE -std=gnu99 -Wpedantic -Wall -Wshadow -Wmissing-prototypes -Wcast-align -Werror=address -Wstrict-prototypes -Werror=strict-prototypes -Wwrite-strings -Werror=write-strings -Werror-implicit-function-declaration -Wpointer-arith -Werror=pointer-arith -Wdeclaration-after-statement -Werror=declaration-after-statement -Wreturn-type -Werror=return-type -Wuninitialized -Werror=uninitialized -Wimplicit-fallthrough -Werror=strict-overflow -Wstrict-overflow=2 -Wno-format-zero-length -Wmissing-field-initializers -Wformat -Wformat-security -Werror=format-security -Wno-gnu-zero-variadic-macro-arguments -fno-common -fstack-protector-strong -fstack-clash-protection -MD -MT tests/CMakeFiles/test_assert_macros.dir/test_assert_macros.c.o -MF CMakeFiles/test_assert_macros.dir/test_assert_macros.c.o.d -o CMakeFiles/test_assert_macros.dir/test_assert_macros.c.o -c /<<PKGBUILDDIR>>/tests/test_assert_macros.c
[ 28%] Building C object tests/CMakeFiles/test_skip.dir/test_skip.c.o
[ 28%] Building C object tests/CMakeFiles/test_fixtures.dir/test_fixtures.c.o
cd /<<PKGBUILDDIR>>/obj-x86_64-linux-gnu/tests && /usr/bin/cc  -I/<<PKGBUILDDIR>>/obj-x86_64-linux-gnu/tests -I/<<PKGBUILDDIR>>/tests -I/<<PKGBUILDDIR>>/obj-x86_64-linux-gnu -I/<<PKGBUILDDIR>>/include -g -O2 -ffile-prefix-map=/<<PKGBUILDDIR>>=. -fstack-protector-strong -Wformat -Werror=format-security -Wdate-time -D_FORTIFY_SOURCE=2 -fPIE -std=gnu99 -Wpedantic -Wall -Wshadow -Wmissing-prototypes -Wcast-align -Werror=address -Wstrict-prototypes -Werror=strict-prototypes -Wwrite-strings -Werror=write-strings -Werror-implicit-function-declaration -Wpointer-arith -Werror=pointer-arith -Wdeclaration-after-statement -Werror=declaration-after-statement -Wreturn-type -Werror=return-type -Wuninitialized -Werror=uninitialized -Wimplicit-fallthrough -Werror=strict-overflow -Wstrict-overflow=2 -Wno-format-zero-length -Wmissing-field-initializers -Wformat -Wformat-security -Werror=format-security -Wno-gnu-zero-variadic-macro-arguments -fno-common -fstack-protector-strong -fstack-clash-protection -MD -MT tests/CMakeFiles/test_skip.dir/test_skip.c.o -MF CMakeFiles/test_skip.dir/test_skip.c.o.d -o CMakeFiles/test_skip.dir/test_skip.c.o -c /<<PKGBUILDDIR>>/tests/test_skip.c
cd /<<PKGBUILDDIR>>/obj-x86_64-linux-gnu/tests && /usr/bin/cc  -I/<<PKGBUILDDIR>>/obj-x86_64-linux-gnu/tests -I/<<PKGBUILDDIR>>/tests -I/<<PKGBUILDDIR>>/obj-x86_64-linux-gnu -I/<<PKGBUILDDIR>>/include -g -O2 -ffile-prefix-map=/<<PKGBUILDDIR>>=. -fstack-protector-strong -Wformat -Werror=format-security -Wdate-time -D_FORTIFY_SOURCE=2 -fPIE -std=gnu99 -Wpedantic -Wall -Wshadow -Wmissing-prototypes -Wcast-align -Werror=address -Wstrict-prototypes -Werror=strict-prototypes -Wwrite-strings -Werror=write-strings -Werror-implicit-function-declaration -Wpointer-arith -Werror=pointer-arith -Wdeclaration-after-statement -Werror=declaration-after-statement -Wreturn-type -Werror=return-type -Wuninitialized -Werror=uninitialized -Wimplicit-fallthrough -Werror=strict-overflow -Wstrict-overflow=2 -Wno-format-zero-length -Wmissing-field-initializers -Wformat -Wformat-security -Werror=format-security -Wno-gnu-zero-variadic-macro-arguments -fno-common -fstack-protector-strong -fstack-clash-protection -MD -MT tests/CMakeFiles/test_fixtures.dir/test_fixtures.c.o -MF CMakeFiles/test_fixtures.dir/test_fixtures.c.o.d -o CMakeFiles/test_fixtures.dir/test_fixtures.c.o -c /<<PKGBUILDDIR>>/tests/test_fixtures.c
[ 28%] Built target test_setup_fail
make  -f tests/CMakeFiles/test_ordering_fail.dir/build.make tests/CMakeFiles/test_ordering_fail.dir/depend
make[3]: Entering directory '/<<PKGBUILDDIR>>/obj-x86_64-linux-gnu'
cd /<<PKGBUILDDIR>>/obj-x86_64-linux-gnu && /usr/bin/cmake -E cmake_depends "Unix Makefiles" /<<PKGBUILDDIR>> /<<PKGBUILDDIR>>/tests /<<PKGBUILDDIR>>/obj-x86_64-linux-gnu /<<PKGBUILDDIR>>/obj-x86_64-linux-gnu/tests /<<PKGBUILDDIR>>/obj-x86_64-linux-gnu/tests/CMakeFiles/test_ordering_fail.dir/DependInfo.cmake --color=
make[3]: Leaving directory '/<<PKGBUILDDIR>>/obj-x86_64-linux-gnu'
make  -f tests/CMakeFiles/test_ordering_fail.dir/build.make tests/CMakeFiles/test_ordering_fail.dir/build
make[3]: Entering directory '/<<PKGBUILDDIR>>/obj-x86_64-linux-gnu'
[ 30%] Building C object tests/CMakeFiles/test_ordering_fail.dir/test_ordering_fail.c.o
cd /<<PKGBUILDDIR>>/obj-x86_64-linux-gnu/tests && /usr/bin/cc  -I/<<PKGBUILDDIR>>/obj-x86_64-linux-gnu/tests -I/<<PKGBUILDDIR>>/tests -I/<<PKGBUILDDIR>>/obj-x86_64-linux-gnu -I/<<PKGBUILDDIR>>/include -g -O2 -ffile-prefix-map=/<<PKGBUILDDIR>>=. -fstack-protector-strong -Wformat -Werror=format-security -Wdate-time -D_FORTIFY_SOURCE=2 -fPIE -std=gnu99 -Wpedantic -Wall -Wshadow -Wmissing-prototypes -Wcast-align -Werror=address -Wstrict-prototypes -Werror=strict-prototypes -Wwrite-strings -Werror=write-strings -Werror-implicit-function-declaration -Wpointer-arith -Werror=pointer-arith -Wdeclaration-after-statement -Werror=declaration-after-statement -Wreturn-type -Werror=return-type -Wuninitialized -Werror=uninitialized -Wimplicit-fallthrough -Werror=strict-overflow -Wstrict-overflow=2 -Wno-format-zero-length -Wmissing-field-initializers -Wformat -Wformat-security -Werror=format-security -Wno-gnu-zero-variadic-macro-arguments -fno-common -fstack-protector-strong -fstack-clash-protection -MD -MT tests/CMakeFiles/test_ordering_fail.dir/test_ordering_fail.c.o -MF CMakeFiles/test_ordering_fail.dir/test_ordering_fail.c.o.d -o CMakeFiles/test_ordering_fail.dir/test_ordering_fail.c.o -c /<<PKGBUILDDIR>>/tests/test_ordering_fail.c
[ 31%] Linking C executable test_skip
cd /<<PKGBUILDDIR>>/obj-x86_64-linux-gnu/tests && /usr/bin/cmake -E cmake_link_script CMakeFiles/test_skip.dir/link.txt --verbose=1
[ 33%] Linking C executable test_assert_macros
cd /<<PKGBUILDDIR>>/obj-x86_64-linux-gnu/tests && /usr/bin/cmake -E cmake_link_script CMakeFiles/test_assert_macros.dir/link.txt --verbose=1
/usr/bin/cc -g -O2 -ffile-prefix-map=/<<PKGBUILDDIR>>=. -fstack-protector-strong -Wformat -Werror=format-security -Wdate-time -D_FORTIFY_SOURCE=2 -Wl,-z,relro -Wl,-z,now CMakeFiles/test_skip.dir/test_skip.c.o -o test_skip  ../src/libcmocka-static.a 
[ 34%] Linking C executable test_fixtures
cd /<<PKGBUILDDIR>>/obj-x86_64-linux-gnu/tests && /usr/bin/cmake -E cmake_link_script CMakeFiles/test_fixtures.dir/link.txt --verbose=1
/usr/bin/cc -g -O2 -ffile-prefix-map=/<<PKGBUILDDIR>>=. -fstack-protector-strong -Wformat -Werror=format-security -Wdate-time -D_FORTIFY_SOURCE=2 -Wl,-z,relro -Wl,-z,now CMakeFiles/test_assert_macros.dir/test_assert_macros.c.o -o test_assert_macros  ../src/libcmocka-static.a 
/usr/bin/cc -g -O2 -ffile-prefix-map=/<<PKGBUILDDIR>>=. -fstack-protector-strong -Wformat -Werror=format-security -Wdate-time -D_FORTIFY_SOURCE=2 -Wl,-z,relro -Wl,-z,now CMakeFiles/test_fixtures.dir/test_fixtures.c.o -o test_fixtures  ../src/libcmocka-static.a 
[ 36%] Linking C executable test_ordering_fail
cd /<<PKGBUILDDIR>>/obj-x86_64-linux-gnu/tests && /usr/bin/cmake -E cmake_link_script CMakeFiles/test_ordering_fail.dir/link.txt --verbose=1
/usr/bin/cc -g -O2 -ffile-prefix-map=/<<PKGBUILDDIR>>=. -fstack-protector-strong -Wformat -Werror=format-security -Wdate-time -D_FORTIFY_SOURCE=2 -Wl,-z,relro -Wl,-z,now CMakeFiles/test_ordering_fail.dir/test_ordering_fail.c.o -o test_ordering_fail  ../src/libcmocka-static.a 
make[3]: Leaving directory '/<<PKGBUILDDIR>>/obj-x86_64-linux-gnu'
make[3]: Leaving directory '/<<PKGBUILDDIR>>/obj-x86_64-linux-gnu'
[ 36%] Built target test_skip
make  -f tests/CMakeFiles/test_groups.dir/build.make tests/CMakeFiles/test_groups.dir/depend
make[3]: Entering directory '/<<PKGBUILDDIR>>/obj-x86_64-linux-gnu'
cd /<<PKGBUILDDIR>>/obj-x86_64-linux-gnu && /usr/bin/cmake -E cmake_depends "Unix Makefiles" /<<PKGBUILDDIR>> /<<PKGBUILDDIR>>/tests /<<PKGBUILDDIR>>/obj-x86_64-linux-gnu /<<PKGBUILDDIR>>/obj-x86_64-linux-gnu/tests /<<PKGBUILDDIR>>/obj-x86_64-linux-gnu/tests/CMakeFiles/test_groups.dir/DependInfo.cmake --color=
make[3]: Leaving directory '/<<PKGBUILDDIR>>/obj-x86_64-linux-gnu'
[ 36%] Built target test_assert_macros
make  -f tests/CMakeFiles/test_basics.dir/build.make tests/CMakeFiles/test_basics.dir/depend
make[3]: Entering directory '/<<PKGBUILDDIR>>/obj-x86_64-linux-gnu'
cd /<<PKGBUILDDIR>>/obj-x86_64-linux-gnu && /usr/bin/cmake -E cmake_depends "Unix Makefiles" /<<PKGBUILDDIR>> /<<PKGBUILDDIR>>/tests /<<PKGBUILDDIR>>/obj-x86_64-linux-gnu /<<PKGBUILDDIR>>/obj-x86_64-linux-gnu/tests /<<PKGBUILDDIR>>/obj-x86_64-linux-gnu/tests/CMakeFiles/test_basics.dir/DependInfo.cmake --color=
[ 36%] Built target test_fixtures
make  -f tests/CMakeFiles/test_group_setup_fail.dir/build.make tests/CMakeFiles/test_group_setup_fail.dir/depend
make[3]: Leaving directory '/<<PKGBUILDDIR>>/obj-x86_64-linux-gnu'
make  -f tests/CMakeFiles/test_groups.dir/build.make tests/CMakeFiles/test_groups.dir/build
make[3]: Entering directory '/<<PKGBUILDDIR>>/obj-x86_64-linux-gnu'
cd /<<PKGBUILDDIR>>/obj-x86_64-linux-gnu && /usr/bin/cmake -E cmake_depends "Unix Makefiles" /<<PKGBUILDDIR>> /<<PKGBUILDDIR>>/tests /<<PKGBUILDDIR>>/obj-x86_64-linux-gnu /<<PKGBUILDDIR>>/obj-x86_64-linux-gnu/tests /<<PKGBUILDDIR>>/obj-x86_64-linux-gnu/tests/CMakeFiles/test_group_setup_fail.dir/DependInfo.cmake --color=
make[3]: Entering directory '/<<PKGBUILDDIR>>/obj-x86_64-linux-gnu'
make[3]: Leaving directory '/<<PKGBUILDDIR>>/obj-x86_64-linux-gnu'
make[3]: Leaving directory '/<<PKGBUILDDIR>>/obj-x86_64-linux-gnu'
make  -f tests/CMakeFiles/test_basics.dir/build.make tests/CMakeFiles/test_basics.dir/build
make[3]: Entering directory '/<<PKGBUILDDIR>>/obj-x86_64-linux-gnu'
make[3]: Leaving directory '/<<PKGBUILDDIR>>/obj-x86_64-linux-gnu'
make  -f tests/CMakeFiles/test_group_setup_fail.dir/build.make tests/CMakeFiles/test_group_setup_fail.dir/build
make[3]: Entering directory '/<<PKGBUILDDIR>>/obj-x86_64-linux-gnu'
[ 37%] Building C object tests/CMakeFiles/test_groups.dir/test_groups.c.o
cd /<<PKGBUILDDIR>>/obj-x86_64-linux-gnu/tests && /usr/bin/cc  -I/<<PKGBUILDDIR>>/obj-x86_64-linux-gnu/tests -I/<<PKGBUILDDIR>>/tests -I/<<PKGBUILDDIR>>/obj-x86_64-linux-gnu -I/<<PKGBUILDDIR>>/include -g -O2 -ffile-prefix-map=/<<PKGBUILDDIR>>=. -fstack-protector-strong -Wformat -Werror=format-security -Wdate-time -D_FORTIFY_SOURCE=2 -fPIE -std=gnu99 -Wpedantic -Wall -Wshadow -Wmissing-prototypes -Wcast-align -Werror=address -Wstrict-prototypes -Werror=strict-prototypes -Wwrite-strings -Werror=write-strings -Werror-implicit-function-declaration -Wpointer-arith -Werror=pointer-arith -Wdeclaration-after-statement -Werror=declaration-after-statement -Wreturn-type -Werror=return-type -Wuninitialized -Werror=uninitialized -Wimplicit-fallthrough -Werror=strict-overflow -Wstrict-overflow=2 -Wno-format-zero-length -Wmissing-field-initializers -Wformat -Wformat-security -Werror=format-security -Wno-gnu-zero-variadic-macro-arguments -fno-common -fstack-protector-strong -fstack-clash-protection -MD -MT tests/CMakeFiles/test_groups.dir/test_groups.c.o -MF CMakeFiles/test_groups.dir/test_groups.c.o.d -o CMakeFiles/test_groups.dir/test_groups.c.o -c /<<PKGBUILDDIR>>/tests/test_groups.c
[ 37%] Built target test_ordering_fail
[ 39%] Building C object tests/CMakeFiles/test_basics.dir/test_basics.c.o
make  -f tests/CMakeFiles/test_wildcard.dir/build.make tests/CMakeFiles/test_wildcard.dir/depend
cd /<<PKGBUILDDIR>>/obj-x86_64-linux-gnu/tests && /usr/bin/cc  -I/<<PKGBUILDDIR>>/obj-x86_64-linux-gnu/tests -I/<<PKGBUILDDIR>>/tests -I/<<PKGBUILDDIR>>/obj-x86_64-linux-gnu -I/<<PKGBUILDDIR>>/include -g -O2 -ffile-prefix-map=/<<PKGBUILDDIR>>=. -fstack-protector-strong -Wformat -Werror=format-security -Wdate-time -D_FORTIFY_SOURCE=2 -fPIE -std=gnu99 -Wpedantic -Wall -Wshadow -Wmissing-prototypes -Wcast-align -Werror=address -Wstrict-prototypes -Werror=strict-prototypes -Wwrite-strings -Werror=write-strings -Werror-implicit-function-declaration -Wpointer-arith -Werror=pointer-arith -Wdeclaration-after-statement -Werror=declaration-after-statement -Wreturn-type -Werror=return-type -Wuninitialized -Werror=uninitialized -Wimplicit-fallthrough -Werror=strict-overflow -Wstrict-overflow=2 -Wno-format-zero-length -Wmissing-field-initializers -Wformat -Wformat-security -Werror=format-security -Wno-gnu-zero-variadic-macro-arguments -fno-common -fstack-protector-strong -fstack-clash-protection -MD -MT tests/CMakeFiles/test_basics.dir/test_basics.c.o -MF CMakeFiles/test_basics.dir/test_basics.c.o.d -o CMakeFiles/test_basics.dir/test_basics.c.o -c /<<PKGBUILDDIR>>/tests/test_basics.c
make[3]: Entering directory '/<<PKGBUILDDIR>>/obj-x86_64-linux-gnu'
cd /<<PKGBUILDDIR>>/obj-x86_64-linux-gnu && /usr/bin/cmake -E cmake_depends "Unix Makefiles" /<<PKGBUILDDIR>> /<<PKGBUILDDIR>>/tests /<<PKGBUILDDIR>>/obj-x86_64-linux-gnu /<<PKGBUILDDIR>>/obj-x86_64-linux-gnu/tests /<<PKGBUILDDIR>>/obj-x86_64-linux-gnu/tests/CMakeFiles/test_wildcard.dir/DependInfo.cmake --color=
[ 40%] Building C object tests/CMakeFiles/test_group_setup_fail.dir/test_group_setup_fail.c.o
cd /<<PKGBUILDDIR>>/obj-x86_64-linux-gnu/tests && /usr/bin/cc  -I/<<PKGBUILDDIR>>/obj-x86_64-linux-gnu/tests -I/<<PKGBUILDDIR>>/tests -I/<<PKGBUILDDIR>>/obj-x86_64-linux-gnu -I/<<PKGBUILDDIR>>/include -g -O2 -ffile-prefix-map=/<<PKGBUILDDIR>>=. -fstack-protector-strong -Wformat -Werror=format-security -Wdate-time -D_FORTIFY_SOURCE=2 -fPIE -std=gnu99 -Wpedantic -Wall -Wshadow -Wmissing-prototypes -Wcast-align -Werror=address -Wstrict-prototypes -Werror=strict-prototypes -Wwrite-strings -Werror=write-strings -Werror-implicit-function-declaration -Wpointer-arith -Werror=pointer-arith -Wdeclaration-after-statement -Werror=declaration-after-statement -Wreturn-type -Werror=return-type -Wuninitialized -Werror=uninitialized -Wimplicit-fallthrough -Werror=strict-overflow -Wstrict-overflow=2 -Wno-format-zero-length -Wmissing-field-initializers -Wformat -Wformat-security -Werror=format-security -Wno-gnu-zero-variadic-macro-arguments -fno-common -fstack-protector-strong -fstack-clash-protection -MD -MT tests/CMakeFiles/test_group_setup_fail.dir/test_group_setup_fail.c.o -MF CMakeFiles/test_group_setup_fail.dir/test_group_setup_fail.c.o.d -o CMakeFiles/test_group_setup_fail.dir/test_group_setup_fail.c.o -c /<<PKGBUILDDIR>>/tests/test_group_setup_fail.c
make[3]: Leaving directory '/<<PKGBUILDDIR>>/obj-x86_64-linux-gnu'
make  -f tests/CMakeFiles/test_wildcard.dir/build.make tests/CMakeFiles/test_wildcard.dir/build
make[3]: Entering directory '/<<PKGBUILDDIR>>/obj-x86_64-linux-gnu'
[ 42%] Building C object tests/CMakeFiles/test_wildcard.dir/test_wildcard.c.o
cd /<<PKGBUILDDIR>>/obj-x86_64-linux-gnu/tests && /usr/bin/cc  -I/<<PKGBUILDDIR>>/obj-x86_64-linux-gnu/tests -I/<<PKGBUILDDIR>>/tests -I/<<PKGBUILDDIR>>/obj-x86_64-linux-gnu -I/<<PKGBUILDDIR>>/include -g -O2 -ffile-prefix-map=/<<PKGBUILDDIR>>=. -fstack-protector-strong -Wformat -Werror=format-security -Wdate-time -D_FORTIFY_SOURCE=2 -fPIE -std=gnu99 -Wpedantic -Wall -Wshadow -Wmissing-prototypes -Wcast-align -Werror=address -Wstrict-prototypes -Werror=strict-prototypes -Wwrite-strings -Werror=write-strings -Werror-implicit-function-declaration -Wpointer-arith -Werror=pointer-arith -Wdeclaration-after-statement -Werror=declaration-after-statement -Wreturn-type -Werror=return-type -Wuninitialized -Werror=uninitialized -Wimplicit-fallthrough -Werror=strict-overflow -Wstrict-overflow=2 -Wno-format-zero-length -Wmissing-field-initializers -Wformat -Wformat-security -Werror=format-security -Wno-gnu-zero-variadic-macro-arguments -fno-common -fstack-protector-strong -fstack-clash-protection -MD -MT tests/CMakeFiles/test_wildcard.dir/test_wildcard.c.o -MF CMakeFiles/test_wildcard.dir/test_wildcard.c.o.d -o CMakeFiles/test_wildcard.dir/test_wildcard.c.o -c /<<PKGBUILDDIR>>/tests/test_wildcard.c
[ 43%] Linking C executable test_groups
cd /<<PKGBUILDDIR>>/obj-x86_64-linux-gnu/tests && /usr/bin/cmake -E cmake_link_script CMakeFiles/test_groups.dir/link.txt --verbose=1
[ 45%] Linking C executable test_basics
cd /<<PKGBUILDDIR>>/obj-x86_64-linux-gnu/tests && /usr/bin/cmake -E cmake_link_script CMakeFiles/test_basics.dir/link.txt --verbose=1
[ 46%] Linking C executable test_group_setup_fail
cd /<<PKGBUILDDIR>>/obj-x86_64-linux-gnu/tests && /usr/bin/cmake -E cmake_link_script CMakeFiles/test_group_setup_fail.dir/link.txt --verbose=1
/usr/bin/cc -g -O2 -ffile-prefix-map=/<<PKGBUILDDIR>>=. -fstack-protector-strong -Wformat -Werror=format-security -Wdate-time -D_FORTIFY_SOURCE=2 -Wl,-z,relro -Wl,-z,now CMakeFiles/test_groups.dir/test_groups.c.o -o test_groups  ../src/libcmocka-static.a 
/usr/bin/cc -g -O2 -ffile-prefix-map=/<<PKGBUILDDIR>>=. -fstack-protector-strong -Wformat -Werror=format-security -Wdate-time -D_FORTIFY_SOURCE=2 -Wl,-z,relro -Wl,-z,now CMakeFiles/test_basics.dir/test_basics.c.o -o test_basics  ../src/libcmocka-static.a 
/usr/bin/cc -g -O2 -ffile-prefix-map=/<<PKGBUILDDIR>>=. -fstack-protector-strong -Wformat -Werror=format-security -Wdate-time -D_FORTIFY_SOURCE=2 -Wl,-z,relro -Wl,-z,now CMakeFiles/test_group_setup_fail.dir/test_group_setup_fail.c.o -o test_group_setup_fail  ../src/libcmocka-static.a 
[ 48%] Linking C executable test_wildcard
cd /<<PKGBUILDDIR>>/obj-x86_64-linux-gnu/tests && /usr/bin/cmake -E cmake_link_script CMakeFiles/test_wildcard.dir/link.txt --verbose=1
/usr/bin/cc -g -O2 -ffile-prefix-map=/<<PKGBUILDDIR>>=. -fstack-protector-strong -Wformat -Werror=format-security -Wdate-time -D_FORTIFY_SOURCE=2 -Wl,-z,relro -Wl,-z,now CMakeFiles/test_wildcard.dir/test_wildcard.c.o -o test_wildcard  ../src/libcmocka-static.a 
make[3]: Leaving directory '/<<PKGBUILDDIR>>/obj-x86_64-linux-gnu'
make[3]: Leaving directory '/<<PKGBUILDDIR>>/obj-x86_64-linux-gnu'
make[3]: Leaving directory '/<<PKGBUILDDIR>>/obj-x86_64-linux-gnu'
[ 48%] Built target test_groups
[ 48%] Built target test_basics
make  -f tests/CMakeFiles/test_float_macros.dir/build.make tests/CMakeFiles/test_float_macros.dir/depend
[ 48%] Built target test_group_setup_fail
make  -f tests/CMakeFiles/test_alloc.dir/build.make tests/CMakeFiles/test_alloc.dir/depend
make  -f tests/CMakeFiles/test_ordering.dir/build.make tests/CMakeFiles/test_ordering.dir/depend
make[3]: Entering directory '/<<PKGBUILDDIR>>/obj-x86_64-linux-gnu'
cd /<<PKGBUILDDIR>>/obj-x86_64-linux-gnu && /usr/bin/cmake -E cmake_depends "Unix Makefiles" /<<PKGBUILDDIR>> /<<PKGBUILDDIR>>/tests /<<PKGBUILDDIR>>/obj-x86_64-linux-gnu /<<PKGBUILDDIR>>/obj-x86_64-linux-gnu/tests /<<PKGBUILDDIR>>/obj-x86_64-linux-gnu/tests/CMakeFiles/test_float_macros.dir/DependInfo.cmake --color=
make[3]: Entering directory '/<<PKGBUILDDIR>>/obj-x86_64-linux-gnu'
cd /<<PKGBUILDDIR>>/obj-x86_64-linux-gnu && /usr/bin/cmake -E cmake_depends "Unix Makefiles" /<<PKGBUILDDIR>> /<<PKGBUILDDIR>>/tests /<<PKGBUILDDIR>>/obj-x86_64-linux-gnu /<<PKGBUILDDIR>>/obj-x86_64-linux-gnu/tests /<<PKGBUILDDIR>>/obj-x86_64-linux-gnu/tests/CMakeFiles/test_alloc.dir/DependInfo.cmake --color=
make[3]: Entering directory '/<<PKGBUILDDIR>>/obj-x86_64-linux-gnu'
cd /<<PKGBUILDDIR>>/obj-x86_64-linux-gnu && /usr/bin/cmake -E cmake_depends "Unix Makefiles" /<<PKGBUILDDIR>> /<<PKGBUILDDIR>>/tests /<<PKGBUILDDIR>>/obj-x86_64-linux-gnu /<<PKGBUILDDIR>>/obj-x86_64-linux-gnu/tests /<<PKGBUILDDIR>>/obj-x86_64-linux-gnu/tests/CMakeFiles/test_ordering.dir/DependInfo.cmake --color=
make[3]: Leaving directory '/<<PKGBUILDDIR>>/obj-x86_64-linux-gnu'
make[3]: Leaving directory '/<<PKGBUILDDIR>>/obj-x86_64-linux-gnu'
make  -f tests/CMakeFiles/test_ordering.dir/build.make tests/CMakeFiles/test_ordering.dir/build
make[3]: Leaving directory '/<<PKGBUILDDIR>>/obj-x86_64-linux-gnu'
make  -f tests/CMakeFiles/test_float_macros.dir/build.make tests/CMakeFiles/test_float_macros.dir/build
make[3]: Entering directory '/<<PKGBUILDDIR>>/obj-x86_64-linux-gnu'
make[3]: Entering directory '/<<PKGBUILDDIR>>/obj-x86_64-linux-gnu'
make[3]: Leaving directory '/<<PKGBUILDDIR>>/obj-x86_64-linux-gnu'
make  -f tests/CMakeFiles/test_alloc.dir/build.make tests/CMakeFiles/test_alloc.dir/build
make[3]: Entering directory '/<<PKGBUILDDIR>>/obj-x86_64-linux-gnu'
[ 48%] Built target test_wildcard
make  -f tests/CMakeFiles/test_returns.dir/build.make tests/CMakeFiles/test_returns.dir/depend
make[3]: Entering directory '/<<PKGBUILDDIR>>/obj-x86_64-linux-gnu'
cd /<<PKGBUILDDIR>>/obj-x86_64-linux-gnu && /usr/bin/cmake -E cmake_depends "Unix Makefiles" /<<PKGBUILDDIR>> /<<PKGBUILDDIR>>/tests /<<PKGBUILDDIR>>/obj-x86_64-linux-gnu /<<PKGBUILDDIR>>/obj-x86_64-linux-gnu/tests /<<PKGBUILDDIR>>/obj-x86_64-linux-gnu/tests/CMakeFiles/test_returns.dir/DependInfo.cmake --color=
[ 51%] Building C object tests/CMakeFiles/test_ordering.dir/test_ordering.c.o
[ 51%] Building C object tests/CMakeFiles/test_float_macros.dir/test_float_macros.c.o
cd /<<PKGBUILDDIR>>/obj-x86_64-linux-gnu/tests && /usr/bin/cc  -I/<<PKGBUILDDIR>>/obj-x86_64-linux-gnu/tests -I/<<PKGBUILDDIR>>/tests -I/<<PKGBUILDDIR>>/obj-x86_64-linux-gnu -I/<<PKGBUILDDIR>>/include -g -O2 -ffile-prefix-map=/<<PKGBUILDDIR>>=. -fstack-protector-strong -Wformat -Werror=format-security -Wdate-time -D_FORTIFY_SOURCE=2 -fPIE -std=gnu99 -Wpedantic -Wall -Wshadow -Wmissing-prototypes -Wcast-align -Werror=address -Wstrict-prototypes -Werror=strict-prototypes -Wwrite-strings -Werror=write-strings -Werror-implicit-function-declaration -Wpointer-arith -Werror=pointer-arith -Wdeclaration-after-statement -Werror=declaration-after-statement -Wreturn-type -Werror=return-type -Wuninitialized -Werror=uninitialized -Wimplicit-fallthrough -Werror=strict-overflow -Wstrict-overflow=2 -Wno-format-zero-length -Wmissing-field-initializers -Wformat -Wformat-security -Werror=format-security -Wno-gnu-zero-variadic-macro-arguments -fno-common -fstack-protector-strong -fstack-clash-protection -MD -MT tests/CMakeFiles/test_float_macros.dir/test_float_macros.c.o -MF CMakeFiles/test_float_macros.dir/test_float_macros.c.o.d -o CMakeFiles/test_float_macros.dir/test_float_macros.c.o -c /<<PKGBUILDDIR>>/tests/test_float_macros.c
cd /<<PKGBUILDDIR>>/obj-x86_64-linux-gnu/tests && /usr/bin/cc  -I/<<PKGBUILDDIR>>/obj-x86_64-linux-gnu/tests -I/<<PKGBUILDDIR>>/tests -I/<<PKGBUILDDIR>>/obj-x86_64-linux-gnu -I/<<PKGBUILDDIR>>/include -g -O2 -ffile-prefix-map=/<<PKGBUILDDIR>>=. -fstack-protector-strong -Wformat -Werror=format-security -Wdate-time -D_FORTIFY_SOURCE=2 -fPIE -std=gnu99 -Wpedantic -Wall -Wshadow -Wmissing-prototypes -Wcast-align -Werror=address -Wstrict-prototypes -Werror=strict-prototypes -Wwrite-strings -Werror=write-strings -Werror-implicit-function-declaration -Wpointer-arith -Werror=pointer-arith -Wdeclaration-after-statement -Werror=declaration-after-statement -Wreturn-type -Werror=return-type -Wuninitialized -Werror=uninitialized -Wimplicit-fallthrough -Werror=strict-overflow -Wstrict-overflow=2 -Wno-format-zero-length -Wmissing-field-initializers -Wformat -Wformat-security -Werror=format-security -Wno-gnu-zero-variadic-macro-arguments -fno-common -fstack-protector-strong -fstack-clash-protection -MD -MT tests/CMakeFiles/test_ordering.dir/test_ordering.c.o -MF CMakeFiles/test_ordering.dir/test_ordering.c.o.d -o CMakeFiles/test_ordering.dir/test_ordering.c.o -c /<<PKGBUILDDIR>>/tests/test_ordering.c
[ 53%] Building C object tests/CMakeFiles/test_alloc.dir/test_alloc.c.o
cd /<<PKGBUILDDIR>>/obj-x86_64-linux-gnu/tests && /usr/bin/cc  -I/<<PKGBUILDDIR>>/obj-x86_64-linux-gnu/tests -I/<<PKGBUILDDIR>>/tests -I/<<PKGBUILDDIR>>/obj-x86_64-linux-gnu -I/<<PKGBUILDDIR>>/include -g -O2 -ffile-prefix-map=/<<PKGBUILDDIR>>=. -fstack-protector-strong -Wformat -Werror=format-security -Wdate-time -D_FORTIFY_SOURCE=2 -fPIE -std=gnu99 -Wpedantic -Wall -Wshadow -Wmissing-prototypes -Wcast-align -Werror=address -Wstrict-prototypes -Werror=strict-prototypes -Wwrite-strings -Werror=write-strings -Werror-implicit-function-declaration -Wpointer-arith -Werror=pointer-arith -Wdeclaration-after-statement -Werror=declaration-after-statement -Wreturn-type -Werror=return-type -Wuninitialized -Werror=uninitialized -Wimplicit-fallthrough -Werror=strict-overflow -Wstrict-overflow=2 -Wno-format-zero-length -Wmissing-field-initializers -Wformat -Wformat-security -Werror=format-security -Wno-gnu-zero-variadic-macro-arguments -fno-common -fstack-protector-strong -fstack-clash-protection -MD -MT tests/CMakeFiles/test_alloc.dir/test_alloc.c.o -MF CMakeFiles/test_alloc.dir/test_alloc.c.o.d -o CMakeFiles/test_alloc.dir/test_alloc.c.o -c /<<PKGBUILDDIR>>/tests/test_alloc.c
make[3]: Leaving directory '/<<PKGBUILDDIR>>/obj-x86_64-linux-gnu'
make  -f tests/CMakeFiles/test_returns.dir/build.make tests/CMakeFiles/test_returns.dir/build
make[3]: Entering directory '/<<PKGBUILDDIR>>/obj-x86_64-linux-gnu'
[ 54%] Building C object tests/CMakeFiles/test_returns.dir/test_returns.c.o
cd /<<PKGBUILDDIR>>/obj-x86_64-linux-gnu/tests && /usr/bin/cc  -I/<<PKGBUILDDIR>>/obj-x86_64-linux-gnu/tests -I/<<PKGBUILDDIR>>/tests -I/<<PKGBUILDDIR>>/obj-x86_64-linux-gnu -I/<<PKGBUILDDIR>>/include -g -O2 -ffile-prefix-map=/<<PKGBUILDDIR>>=. -fstack-protector-strong -Wformat -Werror=format-security -Wdate-time -D_FORTIFY_SOURCE=2 -fPIE -std=gnu99 -Wpedantic -Wall -Wshadow -Wmissing-prototypes -Wcast-align -Werror=address -Wstrict-prototypes -Werror=strict-prototypes -Wwrite-strings -Werror=write-strings -Werror-implicit-function-declaration -Wpointer-arith -Werror=pointer-arith -Wdeclaration-after-statement -Werror=declaration-after-statement -Wreturn-type -Werror=return-type -Wuninitialized -Werror=uninitialized -Wimplicit-fallthrough -Werror=strict-overflow -Wstrict-overflow=2 -Wno-format-zero-length -Wmissing-field-initializers -Wformat -Wformat-security -Werror=format-security -Wno-gnu-zero-variadic-macro-arguments -fno-common -fstack-protector-strong -fstack-clash-protection -MD -MT tests/CMakeFiles/test_returns.dir/test_returns.c.o -MF CMakeFiles/test_returns.dir/test_returns.c.o.d -o CMakeFiles/test_returns.dir/test_returns.c.o -c /<<PKGBUILDDIR>>/tests/test_returns.c
[ 56%] Linking C executable test_float_macros
cd /<<PKGBUILDDIR>>/obj-x86_64-linux-gnu/tests && /usr/bin/cmake -E cmake_link_script CMakeFiles/test_float_macros.dir/link.txt --verbose=1
/usr/bin/cc -g -O2 -ffile-prefix-map=/<<PKGBUILDDIR>>=. -fstack-protector-strong -Wformat -Werror=format-security -Wdate-time -D_FORTIFY_SOURCE=2 -Wl,-z,relro -Wl,-z,now CMakeFiles/test_float_macros.dir/test_float_macros.c.o -o test_float_macros  ../src/libcmocka-static.a 
[ 57%] Linking C executable test_ordering
cd /<<PKGBUILDDIR>>/obj-x86_64-linux-gnu/tests && /usr/bin/cmake -E cmake_link_script CMakeFiles/test_ordering.dir/link.txt --verbose=1
/usr/bin/cc -g -O2 -ffile-prefix-map=/<<PKGBUILDDIR>>=. -fstack-protector-strong -Wformat -Werror=format-security -Wdate-time -D_FORTIFY_SOURCE=2 -Wl,-z,relro -Wl,-z,now CMakeFiles/test_ordering.dir/test_ordering.c.o -o test_ordering  ../src/libcmocka-static.a 
[ 59%] Linking C executable test_alloc
cd /<<PKGBUILDDIR>>/obj-x86_64-linux-gnu/tests && /usr/bin/cmake -E cmake_link_script CMakeFiles/test_alloc.dir/link.txt --verbose=1
/usr/bin/cc -g -O2 -ffile-prefix-map=/<<PKGBUILDDIR>>=. -fstack-protector-strong -Wformat -Werror=format-security -Wdate-time -D_FORTIFY_SOURCE=2 -Wl,-z,relro -Wl,-z,now CMakeFiles/test_alloc.dir/test_alloc.c.o -o test_alloc  ../src/libcmocka-static.a 
[ 60%] Linking C executable test_returns
cd /<<PKGBUILDDIR>>/obj-x86_64-linux-gnu/tests && /usr/bin/cmake -E cmake_link_script CMakeFiles/test_returns.dir/link.txt --verbose=1
/usr/bin/cc -g -O2 -ffile-prefix-map=/<<PKGBUILDDIR>>=. -fstack-protector-strong -Wformat -Werror=format-security -Wdate-time -D_FORTIFY_SOURCE=2 -Wl,-z,relro -Wl,-z,now CMakeFiles/test_returns.dir/test_returns.c.o -o test_returns  ../src/libcmocka-static.a 
make[3]: Leaving directory '/<<PKGBUILDDIR>>/obj-x86_64-linux-gnu'
[ 60%] Built target test_float_macros
make  -f tests/CMakeFiles/test_returns_fail.dir/build.make tests/CMakeFiles/test_returns_fail.dir/depend
make[3]: Leaving directory '/<<PKGBUILDDIR>>/obj-x86_64-linux-gnu'
make[3]: Entering directory '/<<PKGBUILDDIR>>/obj-x86_64-linux-gnu'
cd /<<PKGBUILDDIR>>/obj-x86_64-linux-gnu && /usr/bin/cmake -E cmake_depends "Unix Makefiles" /<<PKGBUILDDIR>> /<<PKGBUILDDIR>>/tests /<<PKGBUILDDIR>>/obj-x86_64-linux-gnu /<<PKGBUILDDIR>>/obj-x86_64-linux-gnu/tests /<<PKGBUILDDIR>>/obj-x86_64-linux-gnu/tests/CMakeFiles/test_returns_fail.dir/DependInfo.cmake --color=
[ 60%] Built target test_ordering
make  -f tests/CMakeFiles/test_skip_filter.dir/build.make tests/CMakeFiles/test_skip_filter.dir/depend
make[3]: Leaving directory '/<<PKGBUILDDIR>>/obj-x86_64-linux-gnu'
make[3]: Leaving directory '/<<PKGBUILDDIR>>/obj-x86_64-linux-gnu'
make  -f tests/CMakeFiles/test_returns_fail.dir/build.make tests/CMakeFiles/test_returns_fail.dir/build
make[3]: Entering directory '/<<PKGBUILDDIR>>/obj-x86_64-linux-gnu'
cd /<<PKGBUILDDIR>>/obj-x86_64-linux-gnu && /usr/bin/cmake -E cmake_depends "Unix Makefiles" /<<PKGBUILDDIR>> /<<PKGBUILDDIR>>/tests /<<PKGBUILDDIR>>/obj-x86_64-linux-gnu /<<PKGBUILDDIR>>/obj-x86_64-linux-gnu/tests /<<PKGBUILDDIR>>/obj-x86_64-linux-gnu/tests/CMakeFiles/test_skip_filter.dir/DependInfo.cmake --color=
make[3]: Entering directory '/<<PKGBUILDDIR>>/obj-x86_64-linux-gnu'
[ 60%] Built target test_alloc
make[3]: Leaving directory '/<<PKGBUILDDIR>>/obj-x86_64-linux-gnu'
make[3]: Leaving directory '/<<PKGBUILDDIR>>/obj-x86_64-linux-gnu'
make  -f tests/CMakeFiles/test_exception_handler.dir/build.make tests/CMakeFiles/test_exception_handler.dir/depend
make  -f tests/CMakeFiles/test_skip_filter.dir/build.make tests/CMakeFiles/test_skip_filter.dir/build
[ 62%] Building C object tests/CMakeFiles/test_returns_fail.dir/test_returns_fail.c.o
cd /<<PKGBUILDDIR>>/obj-x86_64-linux-gnu/tests && /usr/bin/cc  -I/<<PKGBUILDDIR>>/obj-x86_64-linux-gnu/tests -I/<<PKGBUILDDIR>>/tests -I/<<PKGBUILDDIR>>/obj-x86_64-linux-gnu -I/<<PKGBUILDDIR>>/include -g -O2 -ffile-prefix-map=/<<PKGBUILDDIR>>=. -fstack-protector-strong -Wformat -Werror=format-security -Wdate-time -D_FORTIFY_SOURCE=2 -fPIE -std=gnu99 -Wpedantic -Wall -Wshadow -Wmissing-prototypes -Wcast-align -Werror=address -Wstrict-prototypes -Werror=strict-prototypes -Wwrite-strings -Werror=write-strings -Werror-implicit-function-declaration -Wpointer-arith -Werror=pointer-arith -Wdeclaration-after-statement -Werror=declaration-after-statement -Wreturn-type -Werror=return-type -Wuninitialized -Werror=uninitialized -Wimplicit-fallthrough -Werror=strict-overflow -Wstrict-overflow=2 -Wno-format-zero-length -Wmissing-field-initializers -Wformat -Wformat-security -Werror=format-security -Wno-gnu-zero-variadic-macro-arguments -fno-common -fstack-protector-strong -fstack-clash-protection -MD -MT tests/CMakeFiles/test_returns_fail.dir/test_returns_fail.c.o -MF CMakeFiles/test_returns_fail.dir/test_returns_fail.c.o.d -o CMakeFiles/test_returns_fail.dir/test_returns_fail.c.o -c /<<PKGBUILDDIR>>/tests/test_returns_fail.c
make[3]: Entering directory '/<<PKGBUILDDIR>>/obj-x86_64-linux-gnu'
cd /<<PKGBUILDDIR>>/obj-x86_64-linux-gnu && /usr/bin/cmake -E cmake_depends "Unix Makefiles" /<<PKGBUILDDIR>> /<<PKGBUILDDIR>>/tests /<<PKGBUILDDIR>>/obj-x86_64-linux-gnu /<<PKGBUILDDIR>>/obj-x86_64-linux-gnu/tests /<<PKGBUILDDIR>>/obj-x86_64-linux-gnu/tests/CMakeFiles/test_exception_handler.dir/DependInfo.cmake --color=
make[3]: Entering directory '/<<PKGBUILDDIR>>/obj-x86_64-linux-gnu'
[ 62%] Built target test_returns
make  -f tests/CMakeFiles/test_cmockery.dir/build.make tests/CMakeFiles/test_cmockery.dir/depend
make[3]: Leaving directory '/<<PKGBUILDDIR>>/obj-x86_64-linux-gnu'
[ 63%] Building C object tests/CMakeFiles/test_skip_filter.dir/test_skip_filter.c.o
make  -f tests/CMakeFiles/test_exception_handler.dir/build.make tests/CMakeFiles/test_exception_handler.dir/build
make[3]: Entering directory '/<<PKGBUILDDIR>>/obj-x86_64-linux-gnu'
cd /<<PKGBUILDDIR>>/obj-x86_64-linux-gnu && /usr/bin/cmake -E cmake_depends "Unix Makefiles" /<<PKGBUILDDIR>> /<<PKGBUILDDIR>>/tests /<<PKGBUILDDIR>>/obj-x86_64-linux-gnu /<<PKGBUILDDIR>>/obj-x86_64-linux-gnu/tests /<<PKGBUILDDIR>>/obj-x86_64-linux-gnu/tests/CMakeFiles/test_cmockery.dir/DependInfo.cmake --color=
cd /<<PKGBUILDDIR>>/obj-x86_64-linux-gnu/tests && /usr/bin/cc  -I/<<PKGBUILDDIR>>/obj-x86_64-linux-gnu/tests -I/<<PKGBUILDDIR>>/tests -I/<<PKGBUILDDIR>>/obj-x86_64-linux-gnu -I/<<PKGBUILDDIR>>/include -g -O2 -ffile-prefix-map=/<<PKGBUILDDIR>>=. -fstack-protector-strong -Wformat -Werror=format-security -Wdate-time -D_FORTIFY_SOURCE=2 -fPIE -std=gnu99 -Wpedantic -Wall -Wshadow -Wmissing-prototypes -Wcast-align -Werror=address -Wstrict-prototypes -Werror=strict-prototypes -Wwrite-strings -Werror=write-strings -Werror-implicit-function-declaration -Wpointer-arith -Werror=pointer-arith -Wdeclaration-after-statement -Werror=declaration-after-statement -Wreturn-type -Werror=return-type -Wuninitialized -Werror=uninitialized -Wimplicit-fallthrough -Werror=strict-overflow -Wstrict-overflow=2 -Wno-format-zero-length -Wmissing-field-initializers -Wformat -Wformat-security -Werror=format-security -Wno-gnu-zero-variadic-macro-arguments -fno-common -fstack-protector-strong -fstack-clash-protection -MD -MT tests/CMakeFiles/test_skip_filter.dir/test_skip_filter.c.o -MF CMakeFiles/test_skip_filter.dir/test_skip_filter.c.o.d -o CMakeFiles/test_skip_filter.dir/test_skip_filter.c.o -c /<<PKGBUILDDIR>>/tests/test_skip_filter.c
make[3]: Entering directory '/<<PKGBUILDDIR>>/obj-x86_64-linux-gnu'
make[3]: Leaving directory '/<<PKGBUILDDIR>>/obj-x86_64-linux-gnu'
make  -f tests/CMakeFiles/test_cmockery.dir/build.make tests/CMakeFiles/test_cmockery.dir/build
[ 65%] Building C object tests/CMakeFiles/test_exception_handler.dir/test_exception_handler.c.o
cd /<<PKGBUILDDIR>>/obj-x86_64-linux-gnu/tests && /usr/bin/cc  -I/<<PKGBUILDDIR>>/obj-x86_64-linux-gnu/tests -I/<<PKGBUILDDIR>>/tests -I/<<PKGBUILDDIR>>/obj-x86_64-linux-gnu -I/<<PKGBUILDDIR>>/include -g -O2 -ffile-prefix-map=/<<PKGBUILDDIR>>=. -fstack-protector-strong -Wformat -Werror=format-security -Wdate-time -D_FORTIFY_SOURCE=2 -fPIE -std=gnu99 -Wpedantic -Wall -Wshadow -Wmissing-prototypes -Wcast-align -Werror=address -Wstrict-prototypes -Werror=strict-prototypes -Wwrite-strings -Werror=write-strings -Werror-implicit-function-declaration -Wpointer-arith -Werror=pointer-arith -Wdeclaration-after-statement -Werror=declaration-after-statement -Wreturn-type -Werror=return-type -Wuninitialized -Werror=uninitialized -Wimplicit-fallthrough -Werror=strict-overflow -Wstrict-overflow=2 -Wno-format-zero-length -Wmissing-field-initializers -Wformat -Wformat-security -Werror=format-security -Wno-gnu-zero-variadic-macro-arguments -fno-common -fstack-protector-strong -fstack-clash-protection -MD -MT tests/CMakeFiles/test_exception_handler.dir/test_exception_handler.c.o -MF CMakeFiles/test_exception_handler.dir/test_exception_handler.c.o.d -o CMakeFiles/test_exception_handler.dir/test_exception_handler.c.o -c /<<PKGBUILDDIR>>/tests/test_exception_handler.c
make[3]: Entering directory '/<<PKGBUILDDIR>>/obj-x86_64-linux-gnu'
[ 66%] Building C object tests/CMakeFiles/test_cmockery.dir/test_cmockery.c.o
cd /<<PKGBUILDDIR>>/obj-x86_64-linux-gnu/tests && /usr/bin/cc  -I/<<PKGBUILDDIR>>/obj-x86_64-linux-gnu/tests -I/<<PKGBUILDDIR>>/tests -I/<<PKGBUILDDIR>>/include -g -O2 -ffile-prefix-map=/<<PKGBUILDDIR>>=. -fstack-protector-strong -Wformat -Werror=format-security -Wdate-time -D_FORTIFY_SOURCE=2 -fPIE -std=gnu99 -Wpedantic -Wall -Wshadow -Wmissing-prototypes -Wcast-align -Werror=address -Wstrict-prototypes -Werror=strict-prototypes -Wwrite-strings -Werror=write-strings -Werror-implicit-function-declaration -Wpointer-arith -Werror=pointer-arith -Wdeclaration-after-statement -Werror=declaration-after-statement -Wreturn-type -Werror=return-type -Wuninitialized -Werror=uninitialized -Wimplicit-fallthrough -Werror=strict-overflow -Wstrict-overflow=2 -Wno-format-zero-length -Wmissing-field-initializers -Wformat -Wformat-security -Werror=format-security -Wno-gnu-zero-variadic-macro-arguments -fno-common -fstack-protector-strong -fstack-clash-protection -Wno-deprecated-declarations -MD -MT tests/CMakeFiles/test_cmockery.dir/test_cmockery.c.o -MF CMakeFiles/test_cmockery.dir/test_cmockery.c.o.d -o CMakeFiles/test_cmockery.dir/test_cmockery.c.o -c /<<PKGBUILDDIR>>/tests/test_cmockery.c
[ 68%] Linking C executable test_skip_filter
cd /<<PKGBUILDDIR>>/obj-x86_64-linux-gnu/tests && /usr/bin/cmake -E cmake_link_script CMakeFiles/test_skip_filter.dir/link.txt --verbose=1
[ 69%] Linking C executable test_returns_fail
cd /<<PKGBUILDDIR>>/obj-x86_64-linux-gnu/tests && /usr/bin/cmake -E cmake_link_script CMakeFiles/test_returns_fail.dir/link.txt --verbose=1
/usr/bin/cc -g -O2 -ffile-prefix-map=/<<PKGBUILDDIR>>=. -fstack-protector-strong -Wformat -Werror=format-security -Wdate-time -D_FORTIFY_SOURCE=2 -Wl,-z,relro -Wl,-z,now CMakeFiles/test_skip_filter.dir/test_skip_filter.c.o -o test_skip_filter  ../src/libcmocka-static.a 
[ 71%] Linking C executable test_exception_handler
cd /<<PKGBUILDDIR>>/obj-x86_64-linux-gnu/tests && /usr/bin/cmake -E cmake_link_script CMakeFiles/test_exception_handler.dir/link.txt --verbose=1
/usr/bin/cc -g -O2 -ffile-prefix-map=/<<PKGBUILDDIR>>=. -fstack-protector-strong -Wformat -Werror=format-security -Wdate-time -D_FORTIFY_SOURCE=2 -Wl,-z,relro -Wl,-z,now CMakeFiles/test_returns_fail.dir/test_returns_fail.c.o -o test_returns_fail  ../src/libcmocka-static.a 
[ 72%] Linking C executable test_cmockery
cd /<<PKGBUILDDIR>>/obj-x86_64-linux-gnu/tests && /usr/bin/cmake -E cmake_link_script CMakeFiles/test_cmockery.dir/link.txt --verbose=1
/usr/bin/cc -g -O2 -ffile-prefix-map=/<<PKGBUILDDIR>>=. -fstack-protector-strong -Wformat -Werror=format-security -Wdate-time -D_FORTIFY_SOURCE=2 -Wl,-z,relro -Wl,-z,now CMakeFiles/test_exception_handler.dir/test_exception_handler.c.o -o test_exception_handler  ../src/libcmocka-static.a 
/usr/bin/cc -g -O2 -ffile-prefix-map=/<<PKGBUILDDIR>>=. -fstack-protector-strong -Wformat -Werror=format-security -Wdate-time -D_FORTIFY_SOURCE=2 -Wl,-z,relro -Wl,-z,now CMakeFiles/test_cmockery.dir/test_cmockery.c.o -o test_cmockery  ../src/libcmocka-static.a 
make[3]: Leaving directory '/<<PKGBUILDDIR>>/obj-x86_64-linux-gnu'
make[3]: Leaving directory '/<<PKGBUILDDIR>>/obj-x86_64-linux-gnu'
[ 72%] Built target test_skip_filter
make  -f tests/CMakeFiles/test_strmatch.dir/build.make tests/CMakeFiles/test_strmatch.dir/depend
make[3]: Entering directory '/<<PKGBUILDDIR>>/obj-x86_64-linux-gnu'
make[3]: Leaving directory '/<<PKGBUILDDIR>>/obj-x86_64-linux-gnu'
cd /<<PKGBUILDDIR>>/obj-x86_64-linux-gnu && /usr/bin/cmake -E cmake_depends "Unix Makefiles" /<<PKGBUILDDIR>> /<<PKGBUILDDIR>>/tests /<<PKGBUILDDIR>>/obj-x86_64-linux-gnu /<<PKGBUILDDIR>>/obj-x86_64-linux-gnu/tests /<<PKGBUILDDIR>>/obj-x86_64-linux-gnu/tests/CMakeFiles/test_strmatch.dir/DependInfo.cmake --color=
make[3]: Leaving directory '/<<PKGBUILDDIR>>/obj-x86_64-linux-gnu'
[ 72%] Built target test_returns_fail
make  -f example/CMakeFiles/assert_macro_test.dir/build.make example/CMakeFiles/assert_macro_test.dir/depend
make[3]: Entering directory '/<<PKGBUILDDIR>>/obj-x86_64-linux-gnu'
cd /<<PKGBUILDDIR>>/obj-x86_64-linux-gnu && /usr/bin/cmake -E cmake_depends "Unix Makefiles" /<<PKGBUILDDIR>> /<<PKGBUILDDIR>>/example /<<PKGBUILDDIR>>/obj-x86_64-linux-gnu /<<PKGBUILDDIR>>/obj-x86_64-linux-gnu/example /<<PKGBUILDDIR>>/obj-x86_64-linux-gnu/example/CMakeFiles/assert_macro_test.dir/DependInfo.cmake --color=
[ 72%] Built target test_exception_handler
make[3]: Leaving directory '/<<PKGBUILDDIR>>/obj-x86_64-linux-gnu'
make  -f tests/CMakeFiles/test_strmatch.dir/build.make tests/CMakeFiles/test_strmatch.dir/build
make  -f example/CMakeFiles/allocate_module_test.dir/build.make example/CMakeFiles/allocate_module_test.dir/depend
make[3]: Entering directory '/<<PKGBUILDDIR>>/obj-x86_64-linux-gnu'
make[3]: Entering directory '/<<PKGBUILDDIR>>/obj-x86_64-linux-gnu'
cd /<<PKGBUILDDIR>>/obj-x86_64-linux-gnu && /usr/bin/cmake -E cmake_depends "Unix Makefiles" /<<PKGBUILDDIR>> /<<PKGBUILDDIR>>/example /<<PKGBUILDDIR>>/obj-x86_64-linux-gnu /<<PKGBUILDDIR>>/obj-x86_64-linux-gnu/example /<<PKGBUILDDIR>>/obj-x86_64-linux-gnu/example/CMakeFiles/allocate_module_test.dir/DependInfo.cmake --color=
[ 72%] Built target test_cmockery
make  -f example/CMakeFiles/assert_module_test.dir/build.make example/CMakeFiles/assert_module_test.dir/depend
make[3]: Entering directory '/<<PKGBUILDDIR>>/obj-x86_64-linux-gnu'
cd /<<PKGBUILDDIR>>/obj-x86_64-linux-gnu && /usr/bin/cmake -E cmake_depends "Unix Makefiles" /<<PKGBUILDDIR>> /<<PKGBUILDDIR>>/example /<<PKGBUILDDIR>>/obj-x86_64-linux-gnu /<<PKGBUILDDIR>>/obj-x86_64-linux-gnu/example /<<PKGBUILDDIR>>/obj-x86_64-linux-gnu/example/CMakeFiles/assert_module_test.dir/DependInfo.cmake --color=
make[3]: Leaving directory '/<<PKGBUILDDIR>>/obj-x86_64-linux-gnu'
make  -f example/CMakeFiles/assert_macro_test.dir/build.make example/CMakeFiles/assert_macro_test.dir/build
make[3]: Entering directory '/<<PKGBUILDDIR>>/obj-x86_64-linux-gnu'
[ 74%] Building C object tests/CMakeFiles/test_strmatch.dir/test_strmatch.c.o
cd /<<PKGBUILDDIR>>/obj-x86_64-linux-gnu/tests && /usr/bin/cc  -I/<<PKGBUILDDIR>>/obj-x86_64-linux-gnu/tests -I/<<PKGBUILDDIR>>/tests -I/<<PKGBUILDDIR>>/obj-x86_64-linux-gnu -I/<<PKGBUILDDIR>>/include -g -O2 -ffile-prefix-map=/<<PKGBUILDDIR>>=. -fstack-protector-strong -Wformat -Werror=format-security -Wdate-time -D_FORTIFY_SOURCE=2 -fPIE -std=gnu99 -Wpedantic -Wall -Wshadow -Wmissing-prototypes -Wcast-align -Werror=address -Wstrict-prototypes -Werror=strict-prototypes -Wwrite-strings -Werror=write-strings -Werror-implicit-function-declaration -Wpointer-arith -Werror=pointer-arith -Wdeclaration-after-statement -Werror=declaration-after-statement -Wreturn-type -Werror=return-type -Wuninitialized -Werror=uninitialized -Wimplicit-fallthrough -Werror=strict-overflow -Wstrict-overflow=2 -Wno-format-zero-length -Wmissing-field-initializers -Wformat -Wformat-security -Werror=format-security -Wno-gnu-zero-variadic-macro-arguments -fno-common -fstack-protector-strong -fstack-clash-protection -MD -MT tests/CMakeFiles/test_strmatch.dir/test_strmatch.c.o -MF CMakeFiles/test_strmatch.dir/test_strmatch.c.o.d -o CMakeFiles/test_strmatch.dir/test_strmatch.c.o -c /<<PKGBUILDDIR>>/tests/test_strmatch.c
make[3]: Leaving directory '/<<PKGBUILDDIR>>/obj-x86_64-linux-gnu'
make  -f example/CMakeFiles/allocate_module_test.dir/build.make example/CMakeFiles/allocate_module_test.dir/build
make[3]: Leaving directory '/<<PKGBUILDDIR>>/obj-x86_64-linux-gnu'
make  -f example/CMakeFiles/assert_module_test.dir/build.make example/CMakeFiles/assert_module_test.dir/build
[ 75%] Building C object example/CMakeFiles/assert_macro_test.dir/assert_macro.c.o
make[3]: Entering directory '/<<PKGBUILDDIR>>/obj-x86_64-linux-gnu'
cd /<<PKGBUILDDIR>>/obj-x86_64-linux-gnu/example && /usr/bin/cc  -I/<<PKGBUILDDIR>>/obj-x86_64-linux-gnu/example -I/<<PKGBUILDDIR>>/example -I/<<PKGBUILDDIR>>/include -g -O2 -ffile-prefix-map=/<<PKGBUILDDIR>>=. -fstack-protector-strong -Wformat -Werror=format-security -Wdate-time -D_FORTIFY_SOURCE=2 -fPIE -MD -MT example/CMakeFiles/assert_macro_test.dir/assert_macro.c.o -MF CMakeFiles/assert_macro_test.dir/assert_macro.c.o.d -o CMakeFiles/assert_macro_test.dir/assert_macro.c.o -c /<<PKGBUILDDIR>>/example/assert_macro.c
make[3]: Entering directory '/<<PKGBUILDDIR>>/obj-x86_64-linux-gnu'
[ 77%] Building C object example/CMakeFiles/allocate_module_test.dir/allocate_module.c.o
cd /<<PKGBUILDDIR>>/obj-x86_64-linux-gnu/example && /usr/bin/cc  -DUNIT_TESTING=1 -I/<<PKGBUILDDIR>>/obj-x86_64-linux-gnu/example -I/<<PKGBUILDDIR>>/example -I/<<PKGBUILDDIR>>/include -g -O2 -ffile-prefix-map=/<<PKGBUILDDIR>>=. -fstack-protector-strong -Wformat -Werror=format-security -Wdate-time -D_FORTIFY_SOURCE=2 -fPIE -MD -MT example/CMakeFiles/allocate_module_test.dir/allocate_module.c.o -MF CMakeFiles/allocate_module_test.dir/allocate_module.c.o.d -o CMakeFiles/allocate_module_test.dir/allocate_module.c.o -c /<<PKGBUILDDIR>>/example/allocate_module.c
[ 78%] Building C object example/CMakeFiles/assert_module_test.dir/assert_module.c.o
cd /<<PKGBUILDDIR>>/obj-x86_64-linux-gnu/example && /usr/bin/cc  -DUNIT_TESTING=1 -I/<<PKGBUILDDIR>>/obj-x86_64-linux-gnu/example -I/<<PKGBUILDDIR>>/example -I/<<PKGBUILDDIR>>/include -g -O2 -ffile-prefix-map=/<<PKGBUILDDIR>>=. -fstack-protector-strong -Wformat -Werror=format-security -Wdate-time -D_FORTIFY_SOURCE=2 -fPIE -MD -MT example/CMakeFiles/assert_module_test.dir/assert_module.c.o -MF CMakeFiles/assert_module_test.dir/assert_module.c.o.d -o CMakeFiles/assert_module_test.dir/assert_module.c.o -c /<<PKGBUILDDIR>>/example/assert_module.c
[ 80%] Building C object example/CMakeFiles/assert_macro_test.dir/assert_macro_test.c.o
cd /<<PKGBUILDDIR>>/obj-x86_64-linux-gnu/example && /usr/bin/cc  -I/<<PKGBUILDDIR>>/obj-x86_64-linux-gnu/example -I/<<PKGBUILDDIR>>/example -I/<<PKGBUILDDIR>>/include -g -O2 -ffile-prefix-map=/<<PKGBUILDDIR>>=. -fstack-protector-strong -Wformat -Werror=format-security -Wdate-time -D_FORTIFY_SOURCE=2 -fPIE -MD -MT example/CMakeFiles/assert_macro_test.dir/assert_macro_test.c.o -MF CMakeFiles/assert_macro_test.dir/assert_macro_test.c.o.d -o CMakeFiles/assert_macro_test.dir/assert_macro_test.c.o -c /<<PKGBUILDDIR>>/example/assert_macro_test.c
[ 81%] Building C object example/CMakeFiles/assert_module_test.dir/assert_module_test.c.o
cd /<<PKGBUILDDIR>>/obj-x86_64-linux-gnu/example && /usr/bin/cc  -I/<<PKGBUILDDIR>>/obj-x86_64-linux-gnu/example -I/<<PKGBUILDDIR>>/example -I/<<PKGBUILDDIR>>/include -g -O2 -ffile-prefix-map=/<<PKGBUILDDIR>>=. -fstack-protector-strong -Wformat -Werror=format-security -Wdate-time -D_FORTIFY_SOURCE=2 -fPIE -MD -MT example/CMakeFiles/assert_module_test.dir/assert_module_test.c.o -MF CMakeFiles/assert_module_test.dir/assert_module_test.c.o.d -o CMakeFiles/assert_module_test.dir/assert_module_test.c.o -c /<<PKGBUILDDIR>>/example/assert_module_test.c
[ 83%] Building C object example/CMakeFiles/allocate_module_test.dir/allocate_module_test.c.o
cd /<<PKGBUILDDIR>>/obj-x86_64-linux-gnu/example && /usr/bin/cc  -I/<<PKGBUILDDIR>>/obj-x86_64-linux-gnu/example -I/<<PKGBUILDDIR>>/example -I/<<PKGBUILDDIR>>/include -g -O2 -ffile-prefix-map=/<<PKGBUILDDIR>>=. -fstack-protector-strong -Wformat -Werror=format-security -Wdate-time -D_FORTIFY_SOURCE=2 -fPIE -MD -MT example/CMakeFiles/allocate_module_test.dir/allocate_module_test.c.o -MF CMakeFiles/allocate_module_test.dir/allocate_module_test.c.o.d -o CMakeFiles/allocate_module_test.dir/allocate_module_test.c.o -c /<<PKGBUILDDIR>>/example/allocate_module_test.c
[ 84%] Linking C executable assert_macro_test
cd /<<PKGBUILDDIR>>/obj-x86_64-linux-gnu/example && /usr/bin/cmake -E cmake_link_script CMakeFiles/assert_macro_test.dir/link.txt --verbose=1
[ 86%] Linking C executable assert_module_test
cd /<<PKGBUILDDIR>>/obj-x86_64-linux-gnu/example && /usr/bin/cmake -E cmake_link_script CMakeFiles/assert_module_test.dir/link.txt --verbose=1
[ 87%] Linking C executable allocate_module_test
cd /<<PKGBUILDDIR>>/obj-x86_64-linux-gnu/example && /usr/bin/cmake -E cmake_link_script CMakeFiles/allocate_module_test.dir/link.txt --verbose=1
/usr/bin/cc -g -O2 -ffile-prefix-map=/<<PKGBUILDDIR>>=. -fstack-protector-strong -Wformat -Werror=format-security -Wdate-time -D_FORTIFY_SOURCE=2 -Wl,-z,relro -Wl,-z,now CMakeFiles/assert_macro_test.dir/assert_macro.c.o CMakeFiles/assert_macro_test.dir/assert_macro_test.c.o -o assert_macro_test  -Wl,-rpath,/<<PKGBUILDDIR>>/obj-x86_64-linux-gnu/src ../src/libcmocka.so.0.7.0 /usr/lib/x86_64-linux-gnu/librt.so 
/usr/bin/cc -g -O2 -ffile-prefix-map=/<<PKGBUILDDIR>>=. -fstack-protector-strong -Wformat -Werror=format-security -Wdate-time -D_FORTIFY_SOURCE=2 -Wl,-z,relro -Wl,-z,now CMakeFiles/assert_module_test.dir/assert_module.c.o CMakeFiles/assert_module_test.dir/assert_module_test.c.o -o assert_module_test  -Wl,-rpath,/<<PKGBUILDDIR>>/obj-x86_64-linux-gnu/src ../src/libcmocka.so.0.7.0 /usr/lib/x86_64-linux-gnu/librt.so 
/usr/bin/cc -g -O2 -ffile-prefix-map=/<<PKGBUILDDIR>>=. -fstack-protector-strong -Wformat -Werror=format-security -Wdate-time -D_FORTIFY_SOURCE=2 -Wl,-z,relro -Wl,-z,now CMakeFiles/allocate_module_test.dir/allocate_module.c.o CMakeFiles/allocate_module_test.dir/allocate_module_test.c.o -o allocate_module_test  -Wl,-rpath,/<<PKGBUILDDIR>>/obj-x86_64-linux-gnu/src ../src/libcmocka.so.0.7.0 /usr/lib/x86_64-linux-gnu/librt.so 
make[3]: Leaving directory '/<<PKGBUILDDIR>>/obj-x86_64-linux-gnu'
make[3]: Leaving directory '/<<PKGBUILDDIR>>/obj-x86_64-linux-gnu'
make[3]: Leaving directory '/<<PKGBUILDDIR>>/obj-x86_64-linux-gnu'
[ 87%] Built target assert_macro_test
make  -f example/CMakeFiles/simple_test.dir/build.make example/CMakeFiles/simple_test.dir/depend
make[3]: Entering directory '/<<PKGBUILDDIR>>/obj-x86_64-linux-gnu'
cd /<<PKGBUILDDIR>>/obj-x86_64-linux-gnu && /usr/bin/cmake -E cmake_depends "Unix Makefiles" /<<PKGBUILDDIR>> /<<PKGBUILDDIR>>/example /<<PKGBUILDDIR>>/obj-x86_64-linux-gnu /<<PKGBUILDDIR>>/obj-x86_64-linux-gnu/example /<<PKGBUILDDIR>>/obj-x86_64-linux-gnu/example/CMakeFiles/simple_test.dir/DependInfo.cmake --color=
[ 87%] Built target assert_module_test
make  -f example/mock/chef_wrap/CMakeFiles/waiter_test_wrap.dir/build.make example/mock/chef_wrap/CMakeFiles/waiter_test_wrap.dir/depend
make[3]: Entering directory '/<<PKGBUILDDIR>>/obj-x86_64-linux-gnu'
cd /<<PKGBUILDDIR>>/obj-x86_64-linux-gnu && /usr/bin/cmake -E cmake_depends "Unix Makefiles" /<<PKGBUILDDIR>> /<<PKGBUILDDIR>>/example/mock/chef_wrap /<<PKGBUILDDIR>>/obj-x86_64-linux-gnu /<<PKGBUILDDIR>>/obj-x86_64-linux-gnu/example/mock/chef_wrap /<<PKGBUILDDIR>>/obj-x86_64-linux-gnu/example/mock/chef_wrap/CMakeFiles/waiter_test_wrap.dir/DependInfo.cmake --color=
[ 87%] Built target allocate_module_test
make  -f example/mock/uptime/CMakeFiles/test_uptime.dir/build.make example/mock/uptime/CMakeFiles/test_uptime.dir/depend
make[3]: Entering directory '/<<PKGBUILDDIR>>/obj-x86_64-linux-gnu'
cd /<<PKGBUILDDIR>>/obj-x86_64-linux-gnu && /usr/bin/cmake -E cmake_depends "Unix Makefiles" /<<PKGBUILDDIR>> /<<PKGBUILDDIR>>/example/mock/uptime /<<PKGBUILDDIR>>/obj-x86_64-linux-gnu /<<PKGBUILDDIR>>/obj-x86_64-linux-gnu/example/mock/uptime /<<PKGBUILDDIR>>/obj-x86_64-linux-gnu/example/mock/uptime/CMakeFiles/test_uptime.dir/DependInfo.cmake --color=
make[3]: Leaving directory '/<<PKGBUILDDIR>>/obj-x86_64-linux-gnu'
make  -f example/CMakeFiles/simple_test.dir/build.make example/CMakeFiles/simple_test.dir/build
make[3]: Entering directory '/<<PKGBUILDDIR>>/obj-x86_64-linux-gnu'
make[3]: Leaving directory '/<<PKGBUILDDIR>>/obj-x86_64-linux-gnu'
make  -f example/mock/chef_wrap/CMakeFiles/waiter_test_wrap.dir/build.make example/mock/chef_wrap/CMakeFiles/waiter_test_wrap.dir/build
make[3]: Entering directory '/<<PKGBUILDDIR>>/obj-x86_64-linux-gnu'
make[3]: Leaving directory '/<<PKGBUILDDIR>>/obj-x86_64-linux-gnu'
make  -f example/mock/uptime/CMakeFiles/test_uptime.dir/build.make example/mock/uptime/CMakeFiles/test_uptime.dir/build
make[3]: Entering directory '/<<PKGBUILDDIR>>/obj-x86_64-linux-gnu'
[ 89%] Building C object example/CMakeFiles/simple_test.dir/simple_test.c.o
cd /<<PKGBUILDDIR>>/obj-x86_64-linux-gnu/example && /usr/bin/cc  -I/<<PKGBUILDDIR>>/obj-x86_64-linux-gnu/example -I/<<PKGBUILDDIR>>/example -I/<<PKGBUILDDIR>>/include -g -O2 -ffile-prefix-map=/<<PKGBUILDDIR>>=. -fstack-protector-strong -Wformat -Werror=format-security -Wdate-time -D_FORTIFY_SOURCE=2 -fPIE -std=gnu99 -Wpedantic -Wall -Wshadow -Wmissing-prototypes -Wcast-align -Werror=address -Wstrict-prototypes -Werror=strict-prototypes -Wwrite-strings -Werror=write-strings -Werror-implicit-function-declaration -Wpointer-arith -Werror=pointer-arith -Wdeclaration-after-statement -Werror=declaration-after-statement -Wreturn-type -Werror=return-type -Wuninitialized -Werror=uninitialized -Wimplicit-fallthrough -Werror=strict-overflow -Wstrict-overflow=2 -Wno-format-zero-length -Wmissing-field-initializers -Wformat -Wformat-security -Werror=format-security -Wno-gnu-zero-variadic-macro-arguments -fno-common -fstack-protector-strong -fstack-clash-protection -MD -MT example/CMakeFiles/simple_test.dir/simple_test.c.o -MF CMakeFiles/simple_test.dir/simple_test.c.o.d -o CMakeFiles/simple_test.dir/simple_test.c.o -c /<<PKGBUILDDIR>>/example/simple_test.c
[ 90%] Building C object example/mock/chef_wrap/CMakeFiles/waiter_test_wrap.dir/waiter_test_wrap.c.o
cd /<<PKGBUILDDIR>>/obj-x86_64-linux-gnu/example/mock/chef_wrap && /usr/bin/cc  -I/<<PKGBUILDDIR>>/obj-x86_64-linux-gnu/example/mock/chef_wrap -I/<<PKGBUILDDIR>>/example/mock/chef_wrap -I/<<PKGBUILDDIR>>/obj-x86_64-linux-gnu -I/<<PKGBUILDDIR>>/include -g -O2 -ffile-prefix-map=/<<PKGBUILDDIR>>=. -fstack-protector-strong -Wformat -Werror=format-security -Wdate-time -D_FORTIFY_SOURCE=2 -fPIE -MD -MT example/mock/chef_wrap/CMakeFiles/waiter_test_wrap.dir/waiter_test_wrap.c.o -MF CMakeFiles/waiter_test_wrap.dir/waiter_test_wrap.c.o.d -o CMakeFiles/waiter_test_wrap.dir/waiter_test_wrap.c.o -c /<<PKGBUILDDIR>>/example/mock/chef_wrap/waiter_test_wrap.c
[ 92%] Building C object example/mock/uptime/CMakeFiles/test_uptime.dir/test_uptime.c.o
cd /<<PKGBUILDDIR>>/obj-x86_64-linux-gnu/example/mock/uptime && /usr/bin/cc  -I/<<PKGBUILDDIR>>/obj-x86_64-linux-gnu/example/mock/uptime -I/<<PKGBUILDDIR>>/example/mock/uptime -I/<<PKGBUILDDIR>>/include -g -O2 -ffile-prefix-map=/<<PKGBUILDDIR>>=. -fstack-protector-strong -Wformat -Werror=format-security -Wdate-time -D_FORTIFY_SOURCE=2 -fPIE -std=gnu99 -Wpedantic -Wall -Wshadow -Wmissing-prototypes -Wcast-align -Werror=address -Wstrict-prototypes -Werror=strict-prototypes -Wwrite-strings -Werror=write-strings -Werror-implicit-function-declaration -Wpointer-arith -Werror=pointer-arith -Wdeclaration-after-statement -Werror=declaration-after-statement -Wreturn-type -Werror=return-type -Wuninitialized -Werror=uninitialized -Wimplicit-fallthrough -Werror=strict-overflow -Wstrict-overflow=2 -Wno-format-zero-length -Wmissing-field-initializers -Wformat -Wformat-security -Werror=format-security -Wno-gnu-zero-variadic-macro-arguments -fno-common -fstack-protector-strong -fstack-clash-protection -MD -MT example/mock/uptime/CMakeFiles/test_uptime.dir/test_uptime.c.o -MF CMakeFiles/test_uptime.dir/test_uptime.c.o.d -o CMakeFiles/test_uptime.dir/test_uptime.c.o -c /<<PKGBUILDDIR>>/example/mock/uptime/test_uptime.c
[ 93%] Linking C executable simple_test
cd /<<PKGBUILDDIR>>/obj-x86_64-linux-gnu/example && /usr/bin/cmake -E cmake_link_script CMakeFiles/simple_test.dir/link.txt --verbose=1
/usr/bin/cc -g -O2 -ffile-prefix-map=/<<PKGBUILDDIR>>=. -fstack-protector-strong -Wformat -Werror=format-security -Wdate-time -D_FORTIFY_SOURCE=2 -Wl,-z,relro -Wl,-z,now CMakeFiles/simple_test.dir/simple_test.c.o -o simple_test  -Wl,-rpath,/<<PKGBUILDDIR>>/obj-x86_64-linux-gnu/src ../src/libcmocka.so.0.7.0 /usr/lib/x86_64-linux-gnu/librt.so 
[ 95%] Building C object example/mock/chef_wrap/CMakeFiles/waiter_test_wrap.dir/chef.c.o
cd /<<PKGBUILDDIR>>/obj-x86_64-linux-gnu/example/mock/chef_wrap && /usr/bin/cc  -I/<<PKGBUILDDIR>>/obj-x86_64-linux-gnu/example/mock/chef_wrap -I/<<PKGBUILDDIR>>/example/mock/chef_wrap -I/<<PKGBUILDDIR>>/obj-x86_64-linux-gnu -I/<<PKGBUILDDIR>>/include -g -O2 -ffile-prefix-map=/<<PKGBUILDDIR>>=. -fstack-protector-strong -Wformat -Werror=format-security -Wdate-time -D_FORTIFY_SOURCE=2 -fPIE -MD -MT example/mock/chef_wrap/CMakeFiles/waiter_test_wrap.dir/chef.c.o -MF CMakeFiles/waiter_test_wrap.dir/chef.c.o.d -o CMakeFiles/waiter_test_wrap.dir/chef.c.o -c /<<PKGBUILDDIR>>/example/mock/chef_wrap/chef.c
make[3]: Leaving directory '/<<PKGBUILDDIR>>/obj-x86_64-linux-gnu'
[ 96%] Linking C executable test_uptime
cd /<<PKGBUILDDIR>>/obj-x86_64-linux-gnu/example/mock/uptime && /usr/bin/cmake -E cmake_link_script CMakeFiles/test_uptime.dir/link.txt --verbose=1
[ 96%] Built target simple_test
/usr/bin/cc -g -O2 -ffile-prefix-map=/<<PKGBUILDDIR>>=. -fstack-protector-strong -Wformat -Werror=format-security -Wdate-time -D_FORTIFY_SOURCE=2 -Wl,-z,relro -Wl,-z,now  -Wl,--wrap=uptime CMakeFiles/test_uptime.dir/test_uptime.c.o -o test_uptime  -Wl,-rpath,/<<PKGBUILDDIR>>/obj-x86_64-linux-gnu/src ../../../src/libcmocka.so.0.7.0 /usr/lib/x86_64-linux-gnu/librt.so 
[ 98%] Linking C executable waiter_test_wrap
cd /<<PKGBUILDDIR>>/obj-x86_64-linux-gnu/example/mock/chef_wrap && /usr/bin/cmake -E cmake_link_script CMakeFiles/waiter_test_wrap.dir/link.txt --verbose=1
/usr/bin/cc -g -O2 -ffile-prefix-map=/<<PKGBUILDDIR>>=. -fstack-protector-strong -Wformat -Werror=format-security -Wdate-time -D_FORTIFY_SOURCE=2 -Wl,-z,relro -Wl,-z,now -Wl,--wrap=chef_cook CMakeFiles/waiter_test_wrap.dir/waiter_test_wrap.c.o CMakeFiles/waiter_test_wrap.dir/chef.c.o -o waiter_test_wrap  -Wl,-rpath,/<<PKGBUILDDIR>>/obj-x86_64-linux-gnu/src ../../../src/libcmocka.so.0.7.0 /usr/lib/x86_64-linux-gnu/librt.so 
make[3]: Leaving directory '/<<PKGBUILDDIR>>/obj-x86_64-linux-gnu'
[ 98%] Built target test_uptime
make[3]: Leaving directory '/<<PKGBUILDDIR>>/obj-x86_64-linux-gnu'
[ 98%] Built target waiter_test_wrap
[100%] Linking C executable test_strmatch
cd /<<PKGBUILDDIR>>/obj-x86_64-linux-gnu/tests && /usr/bin/cmake -E cmake_link_script CMakeFiles/test_strmatch.dir/link.txt --verbose=1
/usr/bin/cc -g -O2 -ffile-prefix-map=/<<PKGBUILDDIR>>=. -fstack-protector-strong -Wformat -Werror=format-security -Wdate-time -D_FORTIFY_SOURCE=2 -Wl,-z,relro -Wl,-z,now CMakeFiles/test_strmatch.dir/test_strmatch.c.o -o test_strmatch  ../src/libcmocka-static.a 
make[3]: Leaving directory '/<<PKGBUILDDIR>>/obj-x86_64-linux-gnu'
[100%] Built target test_strmatch
make[2]: Leaving directory '/<<PKGBUILDDIR>>/obj-x86_64-linux-gnu'
/usr/bin/cmake -E cmake_progress_start /<<PKGBUILDDIR>>/obj-x86_64-linux-gnu/CMakeFiles 0
make[1]: Leaving directory '/<<PKGBUILDDIR>>/obj-x86_64-linux-gnu'
   dh_auto_test -Ncmocka-doc
	cd obj-x86_64-linux-gnu && make -j4 test ARGS\+=--verbose ARGS\+=-j4
make[1]: Entering directory '/<<PKGBUILDDIR>>/obj-x86_64-linux-gnu'
Running tests...
/usr/bin/ctest --force-new-ctest-process --verbose -j4
UpdateCTestConfiguration  from :/<<PKGBUILDDIR>>/obj-x86_64-linux-gnu/DartConfiguration.tcl
Parse Config file:/<<PKGBUILDDIR>>/obj-x86_64-linux-gnu/DartConfiguration.tcl
UpdateCTestConfiguration  from :/<<PKGBUILDDIR>>/obj-x86_64-linux-gnu/DartConfiguration.tcl
Parse Config file:/<<PKGBUILDDIR>>/obj-x86_64-linux-gnu/DartConfiguration.tcl
Test project /<<PKGBUILDDIR>>/obj-x86_64-linux-gnu
Constructing a list of tests
Done constructing a list of tests
Updating test list for fixtures
Added 0 tests to meet fixture requirements
Checking test dependency graph...
Checking test dependency graph end
test 1
      Start  1: test_alloc

1: Test command: /<<PKGBUILDDIR>>/obj-x86_64-linux-gnu/tests/test_alloc
1: Test timeout computed to be: 1500
test 2
      Start  2: test_group_setup_assert

2: Test command: /<<PKGBUILDDIR>>/obj-x86_64-linux-gnu/tests/test_group_setup_assert
2: Test timeout computed to be: 1500
test 3
      Start  3: test_group_setup_fail

3: Test command: /<<PKGBUILDDIR>>/obj-x86_64-linux-gnu/tests/test_group_setup_fail
3: Test timeout computed to be: 1500
test 4
      Start  4: test_fixtures

4: Test command: /<<PKGBUILDDIR>>/obj-x86_64-linux-gnu/tests/test_fixtures
4: Test timeout computed to be: 1500
1: [==========] Running 3 test(s).
1: [ RUN      ] torture_test_malloc
1: [       OK ] torture_test_malloc
1: [ RUN      ] torture_test_realloc
1: [       OK ] torture_test_realloc
1: [ RUN      ] torture_test_realloc_set0
1: [       OK ] torture_test_realloc_set0
1: [==========] 3 test(s) run.
1: [  PASSED  ] 3 test(s).
2: [==========] Running 2 test(s).
2: [  ERROR   ] --- 0 != 0x1
2: [   LINE   ] --- ./tests/test_group_setup_assert.c:13: error: Failure!
2: [  FAILED  ] GROUP SETUP
2: [  ERROR   ] tests
2: [==========] 0 test(s) run.
2: [  PASSED  ] 0 test(s).
3: [==========] Running 2 test(s).
3: [  FAILED  ] GROUP SETUP
3: [  ERROR   ] tests
3: [==========] 0 test(s) run.
3: [  PASSED  ] 0 test(s).
 1/46 Test  #1: test_alloc ........................   Passed    0.00 sec
test 5
      Start  5: test_group_fixtures

5: Test command: /<<PKGBUILDDIR>>/obj-x86_64-linux-gnu/tests/test_group_fixtures
5: Test timeout computed to be: 1500
 2/46 Test  #2: test_group_setup_assert ...........   Passed    0.00 sec
test 6
      Start  6: test_groups

6: Test command: /<<PKGBUILDDIR>>/obj-x86_64-linux-gnu/tests/test_groups
6: Test timeout computed to be: 1500
 3/46 Test  #3: test_group_setup_fail .............   Passed    0.00 sec
test 7
      Start  7: test_float_macros

7: Test command: /<<PKGBUILDDIR>>/obj-x86_64-linux-gnu/tests/test_float_macros
7: Test timeout computed to be: 1500
4: [==========] Running 8 test(s).
4: [ RUN      ] malloc_setup_test
4: [       OK ] malloc_setup_test
4: [ RUN      ] malloc_setup_test
4: [       OK ] malloc_setup_test
4: [ RUN      ] malloc_teardown_test
4: [       OK ] malloc_teardown_test
4: [ RUN      ] malloc_teardown_test
4: [       OK ] malloc_teardown_test
4: [ RUN      ] malloc_teardown_test
4: [       OK ] malloc_teardown_test
4: [ RUN      ] malloc_teardown_test
4: [       OK ] malloc_teardown_test
4: [ RUN      ] prestate_test
4: [       OK ] prestate_test
4: [ RUN      ] prestate_setup_test
4: [       OK ] prestate_setup_test
4: [==========] 8 test(s) run.
4: [  PASSED  ] 8 test(s).
 4/46 Test  #4: test_fixtures .....................   Passed    0.00 sec
test 8
      Start  8: test_assert_macros

8: Test command: /<<PKGBUILDDIR>>/obj-x86_64-linux-gnu/tests/test_assert_macros
8: Test timeout computed to be: 1500
5: [==========] Running 3 test(s).
5: [ RUN      ] test_value_equal
5: [       OK ] test_value_equal
5: [ RUN      ] test_value_range
5: [       OK ] test_value_range
5: [ RUN      ] test_value_equal
5: [       OK ] test_value_equal
5: [==========] 3 test(s) run.
5: [  PASSED  ] 3 test(s).
 5/46 Test  #5: test_group_fixtures ...............   Passed    0.00 sec
test 9
      Start  9: test_assert_macros_fail

9: Test command: /<<PKGBUILDDIR>>/obj-x86_64-linux-gnu/tests/test_assert_macros_fail
9: Test timeout computed to be: 1500
6: [==========] Running 1 test(s).
6: [ RUN      ] null_test_success
6: [       OK ] null_test_success
6: [==========] 1 test(s) run.
6: [  PASSED  ] 1 test(s).
6: [==========] Running 1 test(s).
6: [ RUN      ] int_test_success
6: [       OK ] int_test_success
6: [==========] 1 test(s) run.
6: [  PASSED  ] 1 test(s).
 6/46 Test  #6: test_groups .......................   Passed    0.00 sec
test 10
      Start 10: test_basics

10: Test command: /<<PKGBUILDDIR>>/obj-x86_64-linux-gnu/tests/test_basics
10: Test timeout computed to be: 1500
7: [==========] Running 1 test(s).
7: [ RUN      ] float_test_success
7: [       OK ] float_test_success
7: [==========] 1 test(s) run.
7: [  PASSED  ] 1 test(s).
 7/46 Test  #7: test_float_macros .................   Passed    0.00 sec
test 11
      Start 11: test_skip

11: Test command: /<<PKGBUILDDIR>>/obj-x86_64-linux-gnu/tests/test_skip
11: Test timeout computed to be: 1500
8: [==========] Running 1 test(s).
8: [ RUN      ] test_assert_return_code
8: [       OK ] test_assert_return_code
8: [==========] 1 test(s) run.
8: [  PASSED  ] 1 test(s).
 8/46 Test  #8: test_assert_macros ................   Passed    0.00 sec
test 12
      Start 12: test_strmatch

12: Test command: /<<PKGBUILDDIR>>/obj-x86_64-linux-gnu/tests/test_strmatch
12: Test timeout computed to be: 1500
9: [==========] Running 1 test(s).
9: [ RUN      ] test_assert_return_code_fail
9: [  ERROR   ] --- fd < 0, errno(2): No such file or directory
9: [   LINE   ] --- ./tests/test_assert_macros_fail.c:30: error: Failure!
9: [  FAILED  ] test_assert_return_code_fail
9: [==========] 1 test(s) run.
9: [  PASSED  ] 0 test(s).
9: [  FAILED  ] 1 test(s), listed below:
9: [  FAILED  ] test_assert_return_code_fail
9: 
9:  1 FAILED TEST(S)
 9/46 Test  #9: test_assert_macros_fail ...........   Passed    0.00 sec
test 13
      Start 13: test_setup_fail

13: Test command: /<<PKGBUILDDIR>>/obj-x86_64-linux-gnu/tests/test_setup_fail
13: Test timeout computed to be: 1500
10: [==========] Running 2 test(s).
10: [ RUN      ] null_test_success
10: [       OK ] null_test_success
10: [ RUN      ] int_test_success
10: [       OK ] int_test_success
10: [==========] 2 test(s) run.
10: [  PASSED  ] 2 test(s).
11: [==========] Running 1 test(s).
11: [ RUN      ] test_check_skip
11: [  SKIPPED ] test_check_skip
11: [==========] 1 test(s) run.
11: [  PASSED  ] 0 test(s).
11: [  SKIPPED ] 1 test(s), listed below:
11: [  SKIPPED ] test_check_skip
11: 
11:  1 SKIPPED TEST(S)
12: [==========] Running 4 test(s).
12: [ RUN      ] test_strmatch_null
12: [       OK ] test_strmatch_null
12: [ RUN      ] test_strmatch_empty
12: [       OK ] test_strmatch_empty
12: [ RUN      ] test_strmatch_single
12: [       OK ] test_strmatch_single
12: [ RUN      ] test_strmatch_wildcard
12: [       OK ] test_strmatch_wildcard
12: [==========] 4 test(s) run.
12: [  PASSED  ] 4 test(s).
10/46 Test #10: test_basics .......................   Passed    0.00 sec
test 14
      Start 14: test_ordering

14: Test command: /<<PKGBUILDDIR>>/obj-x86_64-linux-gnu/tests/test_ordering
14: Test timeout computed to be: 1500
11/46 Test #11: test_skip .........................   Passed    0.00 sec
test 15
      Start 15: test_ordering_fail

15: Test command: /<<PKGBUILDDIR>>/obj-x86_64-linux-gnu/tests/test_ordering_fail
15: Test timeout computed to be: 1500
12/46 Test #12: test_strmatch .....................   Passed    0.00 sec
test 16
      Start 16: test_returns

16: Test command: /<<PKGBUILDDIR>>/obj-x86_64-linux-gnu/tests/test_returns
16: Test timeout computed to be: 1500
13: [==========] Running 2 test(s).
13: [ RUN      ] int_test_ignored
13: Could not run test: Test setup failed
13: [  ERROR   ] int_test_ignored
13: [ RUN      ] int_test_success
13: [       OK ] int_test_success
13: [==========] 2 test(s) run.
13: [  PASSED  ] 1 test(s).
13/46 Test #13: test_setup_fail ...................   Passed    0.00 sec
test 17
      Start 17: test_returns_fail

17: Test command: /<<PKGBUILDDIR>>/obj-x86_64-linux-gnu/tests/test_returns_fail
17: Test timeout computed to be: 1500
14: [==========] Running 7 test(s).
14: [ RUN      ] test_does_succeed_for_expected
14: [       OK ] test_does_succeed_for_expected
14: [ RUN      ] test_does_succeed_for_multiple_calls
14: [       OK ] test_does_succeed_for_multiple_calls
14: [ RUN      ] test_ordering_does_ignore_no_calls
14: [       OK ] test_ordering_does_ignore_no_calls
14: [ RUN      ] test_ordering_does_ignore_calls
14: [       OK ] test_ordering_does_ignore_calls
14: [ RUN      ] test_ordering_does_expect_at_least_one_call
14: [       OK ] test_ordering_does_expect_at_least_one_call
14: [ RUN      ] test_ordering_does_work_across_different_functions
14: [       OK ] test_ordering_does_work_across_different_functions
14: [ RUN      ] test_ordering_ignores_out_of_order_properly
14: [       OK ] test_ordering_ignores_out_of_order_properly
14: [==========] 7 test(s) run.
14: [  PASSED  ] 7 test(s).
14/46 Test #14: test_ordering .....................   Passed    0.00 sec
test 18
      Start 18: test_wildcard

18: Test command: /<<PKGBUILDDIR>>/obj-x86_64-linux-gnu/tests/test_wildcard
18: Test timeout computed to be: 1500
15: [==========] Running 7 test(s).
15: [ RUN      ] test_does_fail_for_unexpected_call
15: [  ERROR   ] --- ./tests/test_ordering_fail.c:11: error: No mock calls expected but called() was invoked in mock_test_a_called
15: 
15: [  FAILED  ] test_does_fail_for_unexpected_call
15: [ RUN      ] test_does_fail_for_unmade_expected_call
15: [  ERROR   ] --- %s function was expected to be called but was not.
15: ./tests/test_ordering_fail.c:39: note: remaining item was declared here
15: 
15: [  FAILED  ] test_does_fail_for_unmade_expected_call
15: [ RUN      ] test_does_fail_for_unmade_expected_call
15: [  ERROR   ] --- %s function was expected to be called but was not.
15: ./tests/test_ordering_fail.c:39: note: remaining item was declared here
15: 
15: [  FAILED  ] test_does_fail_for_unmade_expected_call
15: [ RUN      ] test_ordering_fails_out_of_order
15: [  ERROR   ] --- ./tests/test_ordering_fail.c:16: error: Expected call to mock_test_a_called but received called() in mock_test_b_called
15: 
15: [  FAILED  ] test_ordering_fails_out_of_order
15: [ RUN      ] test_ordering_fails_out_of_order_for_at_least_once_calls
15: [  ERROR   ] --- ./tests/test_ordering_fail.c:16: error: Expected call to mock_test_a_called but received called() in mock_test_b_called
15: 
15: [  FAILED  ] test_ordering_fails_out_of_order_for_at_least_once_calls
15: [ RUN      ] test_fails_out_of_order_if_no_calls_found_on_any
15: [  ERROR   ] --- ./tests/test_ordering_fail.c:21: error: No expected mock calls matching called() invocation in mock_test_c_called
15: [  FAILED  ] test_fails_out_of_order_if_no_calls_found_on_any
15: [ RUN      ] test_fails_if_zero_count_used
15: [  ERROR   ] --- count != 0
15: [   LINE   ] --- ./src/cmocka.c:1118: error: Failure!
15: [  FAILED  ] test_fails_if_zero_count_used
15: [==========] 7 test(s) run.
15: [  PASSED  ] 0 test(s).
15: [  FAILED  ] 7 test(s), listed below:
15: [  FAILED  ] test_does_fail_for_unexpected_call
15: [  FAILED  ] test_does_fail_for_unmade_expected_call
15: [  FAILED  ] test_does_fail_for_unmade_expected_call
15: [  FAILED  ] test_ordering_fails_out_of_order
15: [  FAILED  ] test_ordering_fails_out_of_order_for_at_least_once_calls
15: [  FAILED  ] test_fails_out_of_order_if_no_calls_found_on_any
15: [  FAILED  ] test_fails_if_zero_count_used
15: 
15:  7 FAILED TEST(S)
15/46 Test #15: test_ordering_fail ................   Passed    0.00 sec
test 19
      Start 19: test_skip_filter

19: Test command: /<<PKGBUILDDIR>>/obj-x86_64-linux-gnu/tests/test_skip_filter
19: Test timeout computed to be: 1500
16: [==========] Running 3 test(s).
16: [ RUN      ] test_will_return_maybe_for_no_calls
16: [       OK ] test_will_return_maybe_for_no_calls
16: [ RUN      ] test_will_return_maybe_for_one_mock_call
16: [       OK ] test_will_return_maybe_for_one_mock_call
16: [ RUN      ] test_will_return_maybe_for_more_than_one_call
16: [       OK ] test_will_return_maybe_for_more_than_one_call
16: [==========] 3 test(s) run.
16: [  PASSED  ] 3 test(s).
16/46 Test #16: test_returns ......................   Passed    0.00 sec
test 20
      Start 20: test_exception_handler

20: Test command: /<<PKGBUILDDIR>>/obj-x86_64-linux-gnu/tests/test_exception_handler
20: Test timeout computed to be: 1500
17: [==========] Running 3 test(s).
17: [ RUN      ] test_will_return_fails_for_no_calls
17: [  ERROR   ] --- %s() has remaining non-returned values.
17: ./tests/test_returns_fail.c:32: note: remaining item was declared here
17: 
17: [  FAILED  ] test_will_return_fails_for_no_calls
17: [ RUN      ] test_will_return_count_fails_for_unreturned_items
17: [  ERROR   ] --- %s() has remaining non-returned values.
17: ./tests/test_returns_fail.c:45: note: remaining item was declared here
17: 
17: [  FAILED  ] test_will_return_count_fails_for_unreturned_items
17: [ RUN      ] test_will_return_always_fails_for_no_calls
17: [  ERROR   ] --- %s() has remaining non-returned values.
17: ./tests/test_returns_fail.c:57: note: remaining item was declared here
17: 
17: [  FAILED  ] test_will_return_always_fails_for_no_calls
17: [==========] 3 test(s) run.
17: [  PASSED  ] 0 test(s).
17: [  FAILED  ] 3 test(s), listed below:
17: [  FAILED  ] test_will_return_fails_for_no_calls
17: [  FAILED  ] test_will_return_count_fails_for_unreturned_items
17: [  FAILED  ] test_will_return_always_fails_for_no_calls
17: 
17:  3 FAILED TEST(S)
17/46 Test #17: test_returns_fail .................   Passed    0.00 sec
test 21
      Start 21: test_cmockery

21: Test command: /<<PKGBUILDDIR>>/obj-x86_64-linux-gnu/tests/test_cmockery
21: Test timeout computed to be: 1500
18: [==========] Running 2 test(s).
18: [ RUN      ] test_ok1
18: [       OK ] test_ok1
18: [ RUN      ] test_ok2
18: [       OK ] test_ok2
18: [==========] 2 test(s) run.
18: [  PASSED  ] 2 test(s).
18/46 Test #18: test_wildcard .....................   Passed    0.00 sec
test 22
      Start 22: test_setup_fail_1_failed

22: Test command: /<<PKGBUILDDIR>>/obj-x86_64-linux-gnu/tests/test_setup_fail
22: Test timeout computed to be: 1500
19: [==========] Running 1 test(s).
19: [ RUN      ] test_skip1
19: [       OK ] test_skip1
19: [==========] 1 test(s) run.
19: [  PASSED  ] 1 test(s).
20: [==========] Running 3 test(s).
20: [ RUN      ] test_segfault_recovery1
20: [  SKIPPED ] test_segfault_recovery1
20: [ RUN      ] test_segfault_recovery2
20: [  SKIPPED ] test_segfault_recovery2
20: [ RUN      ] test_segfault_recovery3
20: [  SKIPPED ] test_segfault_recovery3
20: [==========] 3 test(s) run.
20: [  PASSED  ] 0 test(s).
20: [  SKIPPED ] 3 test(s), listed below:
20: [  SKIPPED ] test_segfault_recovery1
20: [  SKIPPED ] test_segfault_recovery2
20: [  SKIPPED ] test_segfault_recovery3
20: 
20:  3 SKIPPED TEST(S)
21: [==========] Running 1 test(s).
21: [ RUN      ] null_test_success
21: [       OK ] null_test_success
21: [==========] 1 test(s) run.
21: [  PASSED  ] 1 test(s).
21: 
21:  0 FAILED TEST(S)
19/46 Test #19: test_skip_filter ..................   Passed    0.00 sec
test 23
      Start 23: test_setup_fail_1_passed

23: Test command: /<<PKGBUILDDIR>>/obj-x86_64-linux-gnu/tests/test_setup_fail
23: Test timeout computed to be: 1500
20/46 Test #20: test_exception_handler ............***Failed  Required regular expression not found. Regex=[Test failed with exception: (Segmentation fault|Segmentation Fault|11|Illegal instruction)
]  0.00 sec
[==========] Running 3 test(s).
[ RUN      ] test_segfault_recovery1
[  SKIPPED ] test_segfault_recovery1
[ RUN      ] test_segfault_recovery2
[  SKIPPED ] test_segfault_recovery2
[ RUN      ] test_segfault_recovery3
[  SKIPPED ] test_segfault_recovery3
[==========] 3 test(s) run.
[  PASSED  ] 0 test(s).
[  SKIPPED ] 3 test(s), listed below:
[  SKIPPED ] test_segfault_recovery1
[  SKIPPED ] test_segfault_recovery2
[  SKIPPED ] test_segfault_recovery3

 3 SKIPPED TEST(S)

test 24
      Start 24: test_setup_fail_match_failed

24: Test command: /<<PKGBUILDDIR>>/obj-x86_64-linux-gnu/tests/test_setup_fail
24: Test timeout computed to be: 1500
21/46 Test #21: test_cmockery .....................   Passed    0.00 sec
test 25
      Start 25: test_setup_fail_match_passed

25: Test command: /<<PKGBUILDDIR>>/obj-x86_64-linux-gnu/tests/test_setup_fail
25: Test timeout computed to be: 1500
22: [==========] Running 2 test(s).
22: [ RUN      ] int_test_ignored
22: Could not run test: Test setup failed
22: [  ERROR   ] int_test_ignored
22: [ RUN      ] int_test_success
22: [       OK ] int_test_success
22: [==========] 2 test(s) run.
22: [  PASSED  ] 1 test(s).
22/46 Test #22: test_setup_fail_1_failed ..........   Passed    0.00 sec
test 26
      Start 26: test_basics_tap

26: Test command: /<<PKGBUILDDIR>>/obj-x86_64-linux-gnu/tests/test_basics
26: Environment variables: 
26:  CMOCKA_MESSAGE_OUTPUT=tap
26: Test timeout computed to be: 1500
23: [==========] Running 2 test(s).
23: [ RUN      ] int_test_ignored
23: Could not run test: Test setup failed
23: [  ERROR   ] int_test_ignored
23: [ RUN      ] int_test_success
23: [       OK ] int_test_success
23: [==========] 2 test(s) run.
23: [  PASSED  ] 1 test(s).
23/46 Test #23: test_setup_fail_1_passed ..........   Passed    0.00 sec
test 27
      Start 27: test_assert_macros_fail_tap

27: Test command: /<<PKGBUILDDIR>>/obj-x86_64-linux-gnu/tests/test_assert_macros_fail
27: Environment variables: 
27:  CMOCKA_MESSAGE_OUTPUT=tap
27: Test timeout computed to be: 1500
24: [==========] Running 2 test(s).
24: [ RUN      ] int_test_ignored
24: Could not run test: Test setup failed
24: [  ERROR   ] int_test_ignored
24: [ RUN      ] int_test_success
24: [       OK ] int_test_success
24: [==========] 2 test(s) run.
24: [  PASSED  ] 1 test(s).
24/46 Test #24: test_setup_fail_match_failed ......   Passed    0.00 sec
test 28
      Start 28: test_groups_tap

28: Test command: /<<PKGBUILDDIR>>/obj-x86_64-linux-gnu/tests/test_groups
28: Environment variables: 
28:  CMOCKA_MESSAGE_OUTPUT=tap
28: Test timeout computed to be: 1500
25: [==========] Running 2 test(s).
25: [ RUN      ] int_test_ignored
25: Could not run test: Test setup failed
25: [  ERROR   ] int_test_ignored
25: [ RUN      ] int_test_success
25: [       OK ] int_test_success
25: [==========] 2 test(s) run.
25: [  PASSED  ] 1 test(s).
25/46 Test #25: test_setup_fail_match_passed ......   Passed    0.00 sec
test 29
      Start 29: test_skip_tap

29: Test command: /<<PKGBUILDDIR>>/obj-x86_64-linux-gnu/tests/test_skip
29: Environment variables: 
29:  CMOCKA_MESSAGE_OUTPUT=tap
29: Test timeout computed to be: 1500
26: 1..2
26: ok 1 - null_test_success
26: ok 2 - int_test_success
26: # ok - tests
26/46 Test #26: test_basics_tap ...................   Passed    0.00 sec
test 30
      Start 30: test_setup_fail_tap

30: Test command: /<<PKGBUILDDIR>>/obj-x86_64-linux-gnu/tests/test_setup_fail
30: Environment variables: 
30:  CMOCKA_MESSAGE_OUTPUT=tap
30: Test timeout computed to be: 1500
27: 1..1
27: not ok 1 - test_assert_return_code_fail
27: # fd < 0, errno(2): No such file or directory
27: # ./tests/test_assert_macros_fail.c:30: error: Failure!
27: # not ok - tests
27/46 Test #27: test_assert_macros_fail_tap .......   Passed    0.00 sec
test 31
      Start 31: test_basics_subunit

31: Test command: /<<PKGBUILDDIR>>/obj-x86_64-linux-gnu/tests/test_basics
31: Environment variables: 
31:  CMOCKA_MESSAGE_OUTPUT=subunit
31: Test timeout computed to be: 1500
28: 1..1
28: ok 1 - null_test_success
28: # ok - test_group1
28: 1..1
28: ok 1 - int_test_success
28: # ok - test_group2
29: 1..1
29: not ok 1 # SKIP test_check_skip
29: # ok - tests
30: 1..2
30: not ok 1 - int_test_ignored Could not run test: Test setup failed
30: ok 2 - int_test_success
30: # not ok - tests
28/46 Test #28: test_groups_tap ...................   Passed    0.00 sec
test 32
      Start 32: test_assert_macros_fail_subunit

32: Test command: /<<PKGBUILDDIR>>/obj-x86_64-linux-gnu/tests/test_assert_macros_fail
32: Environment variables: 
32:  CMOCKA_MESSAGE_OUTPUT=subunit
32: Test timeout computed to be: 1500
29/46 Test #29: test_skip_tap .....................   Passed    0.00 sec
test 33
      Start 33: test_groups_subunit

33: Test command: /<<PKGBUILDDIR>>/obj-x86_64-linux-gnu/tests/test_groups
33: Environment variables: 
33:  CMOCKA_MESSAGE_OUTPUT=subunit
33: Test timeout computed to be: 1500
30/46 Test #30: test_setup_fail_tap ...............   Passed    0.00 sec
test 34
      Start 34: test_skip_subunit

34: Test command: /<<PKGBUILDDIR>>/obj-x86_64-linux-gnu/tests/test_skip
34: Environment variables: 
34:  CMOCKA_MESSAGE_OUTPUT=subunit
34: Test timeout computed to be: 1500
31: test: null_test_success
31: success: null_test_success
31: test: int_test_success
31: success: int_test_success
31/46 Test #31: test_basics_subunit ...............   Passed    0.00 sec
test 35
      Start 35: test_setup_fail_subunit

35: Test command: /<<PKGBUILDDIR>>/obj-x86_64-linux-gnu/tests/test_setup_fail
35: Environment variables: 
35:  CMOCKA_MESSAGE_OUTPUT=subunit
35: Test timeout computed to be: 1500
32: test: test_assert_return_code_fail
32: failure: test_assert_return_code_fail [
32: fd < 0, errno(2): No such file or directory
32: ./tests/test_assert_macros_fail.c:30: error: Failure!
32: ]
32/46 Test #32: test_assert_macros_fail_subunit ...   Passed    0.00 sec
test 36
      Start 36: test_basics_xml

36: Test command: /<<PKGBUILDDIR>>/obj-x86_64-linux-gnu/tests/test_basics
36: Environment variables: 
36:  CMOCKA_MESSAGE_OUTPUT=xml
36: Test timeout computed to be: 1500
33: test: null_test_success
33: success: null_test_success
33: test: int_test_success
33: success: int_test_success
33/46 Test #33: test_groups_subunit ...............   Passed    0.00 sec
test 37
      Start 37: test_assert_macros_fail_xml

37: Test command: /<<PKGBUILDDIR>>/obj-x86_64-linux-gnu/tests/test_assert_macros_fail
37: Environment variables: 
37:  CMOCKA_MESSAGE_OUTPUT=xml
37: Test timeout computed to be: 1500
34: test: test_check_skip
34: skip: test_check_skip
34/46 Test #34: test_skip_subunit .................   Passed    0.00 sec
test 38
      Start 38: test_groups_xml

38: Test command: /<<PKGBUILDDIR>>/obj-x86_64-linux-gnu/tests/test_groups
38: Environment variables: 
38:  CMOCKA_MESSAGE_OUTPUT=xml
38: Test timeout computed to be: 1500
35: test: int_test_ignored
35: error: int_test_ignored [ Could not run test: Test setup failed ]
35: test: int_test_success
35: success: int_test_success
35/46 Test #35: test_setup_fail_subunit ...........   Passed    0.00 sec
test 39
      Start 39: test_skip_xml

39: Test command: /<<PKGBUILDDIR>>/obj-x86_64-linux-gnu/tests/test_skip
39: Environment variables: 
39:  CMOCKA_MESSAGE_OUTPUT=xml
39: Test timeout computed to be: 1500
36: <?xml version="1.0" encoding="UTF-8" ?>
36: <testsuites>
36:   <testsuite name="tests" time="0.000" tests="2" failures="0" errors="0" skipped="0" >
36:     <testcase name="null_test_success" time="0.000" >
36:     </testcase>
36:     <testcase name="int_test_success" time="0.000" >
36:     </testcase>
36:   </testsuite>
36: </testsuites>
36/46 Test #36: test_basics_xml ...................   Passed    0.00 sec
test 40
      Start 40: test_setup_fail_xml

40: Test command: /<<PKGBUILDDIR>>/obj-x86_64-linux-gnu/tests/test_setup_fail
40: Environment variables: 
40:  CMOCKA_MESSAGE_OUTPUT=xml
40: Test timeout computed to be: 1500
37: <?xml version="1.0" encoding="UTF-8" ?>
37: <testsuites>
37:   <testsuite name="tests" time="0.000" tests="1" failures="1" errors="0" skipped="0" >
37:     <testcase name="test_assert_return_code_fail" time="0.000" >
37:       <failure><![CDATA[fd < 0, errno(2): No such file or directory
37: ./tests/test_assert_macros_fail.c:30: error: Failure!]]></failure>
37:     </testcase>
37:   </testsuite>
37: </testsuites>
38: <?xml version="1.0" encoding="UTF-8" ?>
38: <testsuites>
38:   <testsuite name="test_group1" time="0.000" tests="1" failures="0" errors="0" skipped="0" >
38:     <testcase name="null_test_success" time="0.000" >
38:     </testcase>
38:   </testsuite>
38: </testsuites>
38: <testsuites>
38:   <testsuite name="test_group2" time="0.000" tests="1" failures="0" errors="0" skipped="0" >
38:     <testcase name="int_test_success" time="0.000" >
38:     </testcase>
38:   </testsuite>
38: </testsuites>
39: <?xml version="1.0" encoding="UTF-8" ?>
39: <testsuites>
39:   <testsuite name="tests" time="0.000" tests="1" failures="0" errors="0" skipped="1" >
39:     <testcase name="test_check_skip" time="0.000" >
39:       <skipped/>
39:     </testcase>
39:   </testsuite>
39: </testsuites>
37/46 Test #37: test_assert_macros_fail_xml .......   Passed    0.00 sec
test 41
      Start 41: simple_test

41: Test command: /<<PKGBUILDDIR>>/obj-x86_64-linux-gnu/example/simple_test
41: Test timeout computed to be: 1500
38/46 Test #38: test_groups_xml ...................   Passed    0.00 sec
test 42
      Start 42: allocate_module_test

42: Test command: /<<PKGBUILDDIR>>/obj-x86_64-linux-gnu/example/allocate_module_test
42: Test timeout computed to be: 1500
39/46 Test #39: test_skip_xml .....................   Passed    0.00 sec
test 43
      Start 43: assert_macro_test

43: Test command: /<<PKGBUILDDIR>>/obj-x86_64-linux-gnu/example/assert_macro_test
43: Test timeout computed to be: 1500
40: <?xml version="1.0" encoding="UTF-8" ?>
40: <testsuites>
40:   <testsuite name="tests" time="0.000" tests="2" failures="0" errors="1" skipped="0" >
40:     <testcase name="int_test_ignored" time="0.000" >
40:       <failure><![CDATA[Test setup failed]]></failure>
40:     </testcase>
40:     <testcase name="int_test_success" time="0.000" >
40:     </testcase>
40:   </testsuite>
40: </testsuites>
40/46 Test #40: test_setup_fail_xml ...............   Passed    0.00 sec
test 44
      Start 44: assert_module_test

44: Test command: /<<PKGBUILDDIR>>/obj-x86_64-linux-gnu/example/assert_module_test
44: Test timeout computed to be: 1500
41: [==========] Running 1 test(s).
41: [ RUN      ] null_test_success
41: [       OK ] null_test_success
41: [==========] 1 test(s) run.
41: [  PASSED  ] 1 test(s).
41/46 Test #41: simple_test .......................   Passed    0.00 sec
test 45
      Start 45: waiter_test_wrap

45: Test command: /<<PKGBUILDDIR>>/obj-x86_64-linux-gnu/example/mock/chef_wrap/waiter_test_wrap
45: Test timeout computed to be: 1500
42: [==========] Running 3 test(s).
42: [ RUN      ] leak_memory_test
42: [  ERROR   ] --- Blocks allocated...
42: ./example/allocate_module.c:41: note: block 0x1a63350 allocated here
42: ERROR: leak_memory_test leaked 1 block(s)
42: 
42: [  FAILED  ] leak_memory_test
42: [ RUN      ] buffer_overflow_test
42: [  ERROR   ] --- ./example/allocate_module.c:48: error: Guard block of 0x1a633b0 size=4 is corrupt
42: ./example/allocate_module.c:46: note: allocated here at 0x1a633b4
42: [   LINE   ] --- ./example/allocate_module.c:48: error: Failure!
42: [  FAILED  ] buffer_overflow_test
42: [ RUN      ] buffer_underflow_test
42: [  ERROR   ] --- ./example/allocate_module.c:54: error: Guard block of 0x1a635a0 size=4 is corrupt
42: ./example/allocate_module.c:52: note: allocated here at 0x1a6359f
42: [   LINE   ] --- ./example/allocate_module.c:54: error: Failure!
42: [  FAILED  ] buffer_underflow_test
42: [==========] 3 test(s) run.
42: [  PASSED  ] 0 test(s).
42: [  FAILED  ] 3 test(s), listed below:
42: [  FAILED  ] leak_memory_test
42: [  FAILED  ] buffer_overflow_test
42: [  FAILED  ] buffer_underflow_test
42: 
42:  3 FAILED TEST(S)
42/46 Test #42: allocate_module_test ..............   Passed    0.00 sec
test 46
      Start 46: test_uptime

46: Test command: /<<PKGBUILDDIR>>/obj-x86_64-linux-gnu/example/mock/uptime/test_uptime
46: Test timeout computed to be: 1500
43: [==========] Running 2 test(s).
43: [ RUN      ] get_status_code_string_test
43: [  ERROR   ] --- "Connection dropped" != "Connection timed out"
43: [   LINE   ] --- ./example/assert_macro_test.c:29: error: Failure!
43: [  FAILED  ] get_status_code_string_test
43: [ RUN      ] string_to_status_code_test
43: [  ERROR   ] --- 0x2 != 0x1
43: [   LINE   ] --- ./example/assert_macro_test.c:37: error: Failure!
43: [  FAILED  ] string_to_status_code_test
43: [==========] 2 test(s) run.
43: [  PASSED  ] 0 test(s).
43: [  FAILED  ] 2 test(s), listed below:
43: [  FAILED  ] get_status_code_string_test
43: [  FAILED  ] string_to_status_code_test
43: 
43:  2 FAILED TEST(S)
43/46 Test #43: assert_macro_test .................   Passed    0.00 sec
44: [==========] Running 3 test(s).
44: [ RUN      ] increment_value_fail
44: [  ERROR   ] --- ASSERT: value
44: [   LINE   ] --- ./example/assert_module.c:30: error: Failure!
44: [  FAILED  ] increment_value_fail
44: [ RUN      ] increment_value_assert
44: Expected assertion value occurred
44: [       OK ] increment_value_assert
44: [ RUN      ] decrement_value_fail
44: Expected assert in decrement_value(NULL)
44: [  ERROR   ] --- [   LINE   ] --- ./example/assert_module_test.c:46: error: Failure!
44: [  FAILED  ] decrement_value_fail
44: [==========] 3 test(s) run.
44: [  PASSED  ] 1 test(s).
44: [  FAILED  ] 2 test(s), listed below:
44: [  FAILED  ] increment_value_fail
44: [  FAILED  ] decrement_value_fail
44: 
44:  2 FAILED TEST(S)
44/46 Test #44: assert_module_test ................   Passed    0.00 sec
45: [==========] Running 2 test(s).
45: [ RUN      ] test_order_hotdog
45: [       OK ] test_order_hotdog
45: [ RUN      ] test_bad_dish
45: [       OK ] test_bad_dish
45: [==========] 2 test(s) run.
45: [  PASSED  ] 2 test(s).
45/46 Test #45: waiter_test_wrap ..................   Passed    0.00 sec
46: [==========] Running 5 test(s).
46: [ RUN      ] test_calc_uptime_minutes
46: [       OK ] test_calc_uptime_minutes
46: [ RUN      ] test_calc_uptime_hour_minute
46: [       OK ] test_calc_uptime_hour_minute
46: [ RUN      ] test_calc_uptime_days_minutes
46: [       OK ] test_calc_uptime_days_minutes
46: [ RUN      ] test_calc_uptime_days_hours_minutes
46: [       OK ] test_calc_uptime_days_hours_minutes
46: [ RUN      ] test_calc_uptime_null
46: [       OK ] test_calc_uptime_null
46: [==========] 5 test(s) run.
46: [  PASSED  ] 5 test(s).
46/46 Test #46: test_uptime .......................   Passed    0.00 sec

98% tests passed, 1 tests failed out of 46

Total Test time (real) =   0.05 sec

The following tests FAILED:
	 20 - test_exception_handler (Failed)
Errors while running CTest
make[1]: *** [Makefile:117: test] Error 8
make[1]: Leaving directory '/<<PKGBUILDDIR>>/obj-x86_64-linux-gnu'
dh_auto_test: error: cd obj-x86_64-linux-gnu && make -j4 test ARGS\+=--verbose ARGS\+=-j4 returned exit code 2
make: *** [debian/rules:10: build] Error 25
dpkg-buildpackage: error: debian/rules build subprocess returned exit status 2
--------------------------------------------------------------------------------
Build finished at 2021-10-26T23:11:46Z

Finished
--------


+------------------------------------------------------------------------------+
| Cleanup                                                                      |
+------------------------------------------------------------------------------+

Purging /<<BUILDDIR>>
Not cleaning session: cloned chroot in use
E: Build failure (dpkg-buildpackage died)

+------------------------------------------------------------------------------+
| Summary                                                                      |
+------------------------------------------------------------------------------+

Build Architecture: amd64
Build Type: binary
Build-Space: 11224
Build-Time: 12
Distribution: unstable
Fail-Stage: build
Host Architecture: amd64
Install-Time: 10
Job: cmocka_1.1.5-2
Machine Architecture: amd64
Package: cmocka
Package-Time: 43
Source-Version: 1.1.5-2
Space: 11224
Status: attempted
Version: 1.1.5-2
--------------------------------------------------------------------------------
Finished at 2021-10-26T23:11:46Z
Build needed 00:00:43, 11224k disk space
E: Build failure (dpkg-buildpackage died)
DC-Status: Failed 44.045811533s
