DC-Build-Header: cwiid 0.6.91-2 / 2021-10-26 22:30:10 +0000
DC-Task: type:rebuild-binarch-only source:cwiid version:0.6.91-2 chroot:unstable esttime:126 logfile:/tmp/cwiid_0.6.91-2_unstable_clang13.log modes:clang13:binarch-only
DC-Sbuild-call: su user42 -c 'sbuild -n --arch-any --apt-update -d unstable -v --no-run-lintian --chroot-setup-commands=/tmp/clang13 cwiid_0.6.91-2'
sbuild (Debian sbuild) 0.78.1 (09 February 2019) on ip-172-31-1-101.eu-central-1.compute.internal

+==============================================================================+
| cwiid 0.6.91-2 (amd64)                       Tue, 26 Oct 2021 22:30:10 +0000 |
+==============================================================================+

Package: cwiid
Version: 0.6.91-2
Source Version: 0.6.91-2
Distribution: unstable
Machine Architecture: amd64
Host Architecture: amd64
Build Architecture: amd64
Build Type: binary

I: NOTICE: Log filtering will replace 'var/run/schroot/mount/sid-amd64-sbuild-d1af7d0a-2cf9-4fbc-be0b-92bb63c0caac' with '<<CHROOT>>'

+------------------------------------------------------------------------------+
| Chroot Setup Commands                                                        |
+------------------------------------------------------------------------------+


/tmp/clang13
------------

+ echo 'Entering customization script...'
Entering customization script...
+ CLANG_VERSION=13
+ echo 'Install of clang-13'
Install of clang-13
+ apt-get update
Get:1 http://127.0.0.1:12990/debian sid InRelease [165 kB]
Get:2 http://127.0.0.1:12990/debian sid/main Sources.diff/Index [63.6 kB]
Get:3 http://127.0.0.1:12990/debian sid/main amd64 Packages.diff/Index [63.6 kB]
Get:4 http://127.0.0.1:12990/debian sid/main Sources T-2021-10-26-2004.40-F-2021-10-26-0202.15.pdiff [47.3 kB]
Get:4 http://127.0.0.1:12990/debian sid/main Sources T-2021-10-26-2004.40-F-2021-10-26-0202.15.pdiff [47.3 kB]
Get:5 http://127.0.0.1:12990/debian sid/main amd64 Packages T-2021-10-26-2004.40-F-2021-10-26-0202.15.pdiff [55.9 kB]
Get:5 http://127.0.0.1:12990/debian sid/main amd64 Packages T-2021-10-26-2004.40-F-2021-10-26-0202.15.pdiff [55.9 kB]
Get:6 http://127.0.0.1:12990/debian sid/main Translation-en [6586 kB]
Fetched 6981 kB in 2s (2812 kB/s)
Reading package lists...
+ apt-get install --yes --no-install-recommends --force-yes clang-13 libomp-13-dev libobjc-9-dev
Reading package lists...
Building dependency tree...
The following additional packages will be installed:
  lib32gcc-s1 lib32stdc++6 libasan5 libbsd0 libc6-i386 libclang-common-13-dev
  libclang-cpp13 libclang1-13 libedit2 libgc1 libgcc-9-dev libicu67 libllvm13
  libmd0 libobjc-11-dev libobjc4 libomp5-13 libxml2 libz3-4
Suggested packages:
  clang-13-doc libomp-13-doc
Recommended packages:
  llvm-13-dev python3
The following NEW packages will be installed:
  clang-13 lib32gcc-s1 lib32stdc++6 libasan5 libbsd0 libc6-i386
  libclang-common-13-dev libclang-cpp13 libclang1-13 libedit2 libgc1
  libgcc-9-dev libicu67 libllvm13 libmd0 libobjc-11-dev libobjc-9-dev libobjc4
  libomp-13-dev libomp5-13 libxml2 libz3-4
0 upgraded, 22 newly installed, 0 to remove and 0 not upgraded.
Need to get 68.5 MB of archives.
After this operation, 379 MB of additional disk space will be used.
Get:1 http://127.0.0.1:12990/debian sid/main amd64 libmd0 amd64 1.0.4-1 [29.6 kB]
Get:2 http://127.0.0.1:12990/debian sid/main amd64 libbsd0 amd64 0.11.3-1 [108 kB]
Get:3 http://127.0.0.1:12990/debian sid/main amd64 libedit2 amd64 3.1-20210910-1 [97.5 kB]
Get:4 http://127.0.0.1:12990/debian sid/main amd64 libicu67 amd64 67.1-7 [8622 kB]
Get:5 http://127.0.0.1:12990/debian sid/main amd64 libxml2 amd64 2.9.12+dfsg-5 [696 kB]
Get:6 http://127.0.0.1:12990/debian sid/main amd64 libz3-4 amd64 4.8.12-1+b1 [6997 kB]
Get:7 http://127.0.0.1:12990/debian sid/main amd64 libllvm13 amd64 1:13.0.0-8 [19.7 MB]
Get:8 http://127.0.0.1:12990/debian sid/main amd64 libclang-cpp13 amd64 1:13.0.0-8 [10.5 MB]
Get:9 http://127.0.0.1:12990/debian sid/main amd64 libgc1 amd64 1:8.0.4-3 [239 kB]
Get:10 http://127.0.0.1:12990/debian sid/main amd64 libobjc4 amd64 11.2.0-10 [43.2 kB]
Get:11 http://127.0.0.1:12990/debian sid/main amd64 libobjc-11-dev amd64 11.2.0-10 [170 kB]
Get:12 http://127.0.0.1:12990/debian sid/main amd64 libc6-i386 amd64 2.32-4 [2624 kB]
Get:13 http://127.0.0.1:12990/debian sid/main amd64 lib32gcc-s1 amd64 11.2.0-10 [49.9 kB]
Get:14 http://127.0.0.1:12990/debian sid/main amd64 lib32stdc++6 amd64 11.2.0-10 [601 kB]
Get:15 http://127.0.0.1:12990/debian sid/main amd64 libclang-common-13-dev amd64 1:13.0.0-8 [5730 kB]
Get:16 http://127.0.0.1:12990/debian sid/main amd64 libclang1-13 amd64 1:13.0.0-8 [6093 kB]
Get:17 http://127.0.0.1:12990/debian sid/main amd64 clang-13 amd64 1:13.0.0-8 [119 kB]
Get:18 http://127.0.0.1:12990/debian sid/main amd64 libasan5 amd64 9.4.0-3 [2734 kB]
Get:19 http://127.0.0.1:12990/debian sid/main amd64 libgcc-9-dev amd64 9.4.0-3 [2343 kB]
Get:20 http://127.0.0.1:12990/debian sid/main amd64 libobjc-9-dev amd64 9.4.0-3 [219 kB]
Get:21 http://127.0.0.1:12990/debian sid/main amd64 libomp5-13 amd64 1:13.0.0-8 [377 kB]
Get:22 http://127.0.0.1:12990/debian sid/main amd64 libomp-13-dev amd64 1:13.0.0-8 [482 kB]
debconf: delaying package configuration, since apt-utils is not installed
Fetched 68.5 MB in 0s (144 MB/s)
Selecting previously unselected package libmd0:amd64.
(Reading database ... (Reading database ... 5%(Reading database ... 10%(Reading database ... 15%(Reading database ... 20%(Reading database ... 25%(Reading database ... 30%(Reading database ... 35%(Reading database ... 40%(Reading database ... 45%(Reading database ... 50%(Reading database ... 55%(Reading database ... 60%(Reading database ... 65%(Reading database ... 70%(Reading database ... 75%(Reading database ... 80%(Reading database ... 85%(Reading database ... 90%(Reading database ... 95%(Reading database ... 100%(Reading database ... 12431 files and directories currently installed.)
Preparing to unpack .../00-libmd0_1.0.4-1_amd64.deb ...
Unpacking libmd0:amd64 (1.0.4-1) ...
Selecting previously unselected package libbsd0:amd64.
Preparing to unpack .../01-libbsd0_0.11.3-1_amd64.deb ...
Unpacking libbsd0:amd64 (0.11.3-1) ...
Selecting previously unselected package libedit2:amd64.
Preparing to unpack .../02-libedit2_3.1-20210910-1_amd64.deb ...
Unpacking libedit2:amd64 (3.1-20210910-1) ...
Selecting previously unselected package libicu67:amd64.
Preparing to unpack .../03-libicu67_67.1-7_amd64.deb ...
Unpacking libicu67:amd64 (67.1-7) ...
Selecting previously unselected package libxml2:amd64.
Preparing to unpack .../04-libxml2_2.9.12+dfsg-5_amd64.deb ...
Unpacking libxml2:amd64 (2.9.12+dfsg-5) ...
Selecting previously unselected package libz3-4:amd64.
Preparing to unpack .../05-libz3-4_4.8.12-1+b1_amd64.deb ...
Unpacking libz3-4:amd64 (4.8.12-1+b1) ...
Selecting previously unselected package libllvm13:amd64.
Preparing to unpack .../06-libllvm13_1%3a13.0.0-8_amd64.deb ...
Unpacking libllvm13:amd64 (1:13.0.0-8) ...
Selecting previously unselected package libclang-cpp13.
Preparing to unpack .../07-libclang-cpp13_1%3a13.0.0-8_amd64.deb ...
Unpacking libclang-cpp13 (1:13.0.0-8) ...
Selecting previously unselected package libgc1:amd64.
Preparing to unpack .../08-libgc1_1%3a8.0.4-3_amd64.deb ...
Unpacking libgc1:amd64 (1:8.0.4-3) ...
Selecting previously unselected package libobjc4:amd64.
Preparing to unpack .../09-libobjc4_11.2.0-10_amd64.deb ...
Unpacking libobjc4:amd64 (11.2.0-10) ...
Selecting previously unselected package libobjc-11-dev:amd64.
Preparing to unpack .../10-libobjc-11-dev_11.2.0-10_amd64.deb ...
Unpacking libobjc-11-dev:amd64 (11.2.0-10) ...
Selecting previously unselected package libc6-i386.
Preparing to unpack .../11-libc6-i386_2.32-4_amd64.deb ...
Unpacking libc6-i386 (2.32-4) ...
Selecting previously unselected package lib32gcc-s1.
Preparing to unpack .../12-lib32gcc-s1_11.2.0-10_amd64.deb ...
Unpacking lib32gcc-s1 (11.2.0-10) ...
Selecting previously unselected package lib32stdc++6.
Preparing to unpack .../13-lib32stdc++6_11.2.0-10_amd64.deb ...
Unpacking lib32stdc++6 (11.2.0-10) ...
Selecting previously unselected package libclang-common-13-dev.
Preparing to unpack .../14-libclang-common-13-dev_1%3a13.0.0-8_amd64.deb ...
Unpacking libclang-common-13-dev (1:13.0.0-8) ...
Selecting previously unselected package libclang1-13.
Preparing to unpack .../15-libclang1-13_1%3a13.0.0-8_amd64.deb ...
Unpacking libclang1-13 (1:13.0.0-8) ...
Selecting previously unselected package clang-13.
Preparing to unpack .../16-clang-13_1%3a13.0.0-8_amd64.deb ...
Unpacking clang-13 (1:13.0.0-8) ...
Selecting previously unselected package libasan5:amd64.
Preparing to unpack .../17-libasan5_9.4.0-3_amd64.deb ...
Unpacking libasan5:amd64 (9.4.0-3) ...
Selecting previously unselected package libgcc-9-dev:amd64.
Preparing to unpack .../18-libgcc-9-dev_9.4.0-3_amd64.deb ...
Unpacking libgcc-9-dev:amd64 (9.4.0-3) ...
Selecting previously unselected package libobjc-9-dev:amd64.
Preparing to unpack .../19-libobjc-9-dev_9.4.0-3_amd64.deb ...
Unpacking libobjc-9-dev:amd64 (9.4.0-3) ...
Selecting previously unselected package libomp5-13:amd64.
Preparing to unpack .../20-libomp5-13_1%3a13.0.0-8_amd64.deb ...
Unpacking libomp5-13:amd64 (1:13.0.0-8) ...
Selecting previously unselected package libomp-13-dev.
Preparing to unpack .../21-libomp-13-dev_1%3a13.0.0-8_amd64.deb ...
Unpacking libomp-13-dev (1:13.0.0-8) ...
Setting up libicu67:amd64 (67.1-7) ...
Setting up libasan5:amd64 (9.4.0-3) ...
Setting up libz3-4:amd64 (4.8.12-1+b1) ...
Setting up libgc1:amd64 (1:8.0.4-3) ...
Setting up libmd0:amd64 (1.0.4-1) ...
Setting up libc6-i386 (2.32-4) ...
Setting up libomp5-13:amd64 (1:13.0.0-8) ...
Setting up libbsd0:amd64 (0.11.3-1) ...
Setting up libxml2:amd64 (2.9.12+dfsg-5) ...
Setting up libedit2:amd64 (3.1-20210910-1) ...
Setting up libobjc4:amd64 (11.2.0-10) ...
Setting up libgcc-9-dev:amd64 (9.4.0-3) ...
Setting up lib32gcc-s1 (11.2.0-10) ...
Setting up lib32stdc++6 (11.2.0-10) ...
Setting up libllvm13:amd64 (1:13.0.0-8) ...
Setting up libobjc-9-dev:amd64 (9.4.0-3) ...
Setting up libclang-common-13-dev (1:13.0.0-8) ...
Setting up libomp-13-dev (1:13.0.0-8) ...
Setting up libobjc-11-dev:amd64 (11.2.0-10) ...
Setting up libclang1-13 (1:13.0.0-8) ...
Setting up libclang-cpp13 (1:13.0.0-8) ...
Setting up clang-13 (1:13.0.0-8) ...
Processing triggers for libc-bin (2.32-4) ...
W: --force-yes is deprecated, use one of the options starting with --allow instead.
+ echo 'Replace gcc, g++ & cpp by clang'
Replace gcc, g++ & cpp by clang
+ VERSIONS='4.6 4.7 4.8 4.9 5 6 7 8 9 10 11'
+ cd /usr/bin
+ for VERSION in $VERSIONS
+ rm -f g++-4.6 gcc-4.6 cpp-4.6 gcc
+ ln -s clang++-13 g++-4.6
+ ln -s clang-13 gcc-4.6
+ ln -s clang-13 cpp-4.6
+ ln -s clang-13 gcc
+ echo 'gcc-4.6 hold'
+ dpkg --set-selections
dpkg: warning: package not in status nor available database at line 1: gcc-4.6
dpkg: warning: found unknown packages; this might mean the available database
is outdated, and needs to be updated through a frontend method;
please see the FAQ <https://wiki.debian.org/Teams/Dpkg/FAQ>
+ echo 'g++-4.6 hold'
+ dpkg --set-selections
dpkg: warning: package not in status nor available database at line 1: g++-4.6
dpkg: warning: found unknown packages; this might mean the available database
is outdated, and needs to be updated through a frontend method;
please see the FAQ <https://wiki.debian.org/Teams/Dpkg/FAQ>
+ for VERSION in $VERSIONS
+ rm -f g++-4.7 gcc-4.7 cpp-4.7 gcc
+ ln -s clang++-13 g++-4.7
+ ln -s clang-13 gcc-4.7
+ ln -s clang-13 cpp-4.7
+ ln -s clang-13 gcc
+ echo 'gcc-4.7 hold'
+ dpkg --set-selections
dpkg: warning: package not in status nor available database at line 1: gcc-4.7
dpkg: warning: found unknown packages; this might mean the available database
is outdated, and needs to be updated through a frontend method;
please see the FAQ <https://wiki.debian.org/Teams/Dpkg/FAQ>
+ echo 'g++-4.7 hold'
+ dpkg --set-selections
dpkg: warning: package not in status nor available database at line 1: g++-4.7
dpkg: warning: found unknown packages; this might mean the available database
is outdated, and needs to be updated through a frontend method;
please see the FAQ <https://wiki.debian.org/Teams/Dpkg/FAQ>
+ for VERSION in $VERSIONS
+ rm -f g++-4.8 gcc-4.8 cpp-4.8 gcc
+ ln -s clang++-13 g++-4.8
+ ln -s clang-13 gcc-4.8
+ ln -s clang-13 cpp-4.8
+ ln -s clang-13 gcc
+ echo 'gcc-4.8 hold'
+ dpkg --set-selections
dpkg: warning: package not in status nor available database at line 1: gcc-4.8
dpkg: warning: found unknown packages; this might mean the available database
is outdated, and needs to be updated through a frontend method;
please see the FAQ <https://wiki.debian.org/Teams/Dpkg/FAQ>
+ echo 'g++-4.8 hold'
+ dpkg --set-selections
dpkg: warning: package not in status nor available database at line 1: g++-4.8
dpkg: warning: found unknown packages; this might mean the available database
is outdated, and needs to be updated through a frontend method;
please see the FAQ <https://wiki.debian.org/Teams/Dpkg/FAQ>
+ for VERSION in $VERSIONS
+ rm -f g++-4.9 gcc-4.9 cpp-4.9 gcc
+ ln -s clang++-13 g++-4.9
+ ln -s clang-13 gcc-4.9
+ ln -s clang-13 cpp-4.9
+ ln -s clang-13 gcc
+ echo 'gcc-4.9 hold'
+ dpkg --set-selections
dpkg: warning: package not in status nor available database at line 1: gcc-4.9
dpkg: warning: found unknown packages; this might mean the available database
is outdated, and needs to be updated through a frontend method;
please see the FAQ <https://wiki.debian.org/Teams/Dpkg/FAQ>
+ echo 'g++-4.9 hold'
+ dpkg --set-selections
dpkg: warning: package not in status nor available database at line 1: g++-4.9
dpkg: warning: found unknown packages; this might mean the available database
is outdated, and needs to be updated through a frontend method;
please see the FAQ <https://wiki.debian.org/Teams/Dpkg/FAQ>
+ for VERSION in $VERSIONS
+ rm -f g++-5 gcc-5 cpp-5 gcc
+ ln -s clang++-13 g++-5
+ ln -s clang-13 gcc-5
+ ln -s clang-13 cpp-5
+ ln -s clang-13 gcc
+ echo 'gcc-5 hold'
+ dpkg --set-selections
dpkg: warning: package not in status nor available database at line 1: gcc-5
dpkg: warning: found unknown packages; this might mean the available database
is outdated, and needs to be updated through a frontend method;
please see the FAQ <https://wiki.debian.org/Teams/Dpkg/FAQ>
+ echo 'g++-5 hold'
+ dpkg --set-selections
dpkg: warning: package not in status nor available database at line 1: g++-5
dpkg: warning: found unknown packages; this might mean the available database
is outdated, and needs to be updated through a frontend method;
please see the FAQ <https://wiki.debian.org/Teams/Dpkg/FAQ>
+ for VERSION in $VERSIONS
+ rm -f g++-6 gcc-6 cpp-6 gcc
+ ln -s clang++-13 g++-6
+ ln -s clang-13 gcc-6
+ ln -s clang-13 cpp-6
+ ln -s clang-13 gcc
+ echo 'gcc-6 hold'
+ dpkg --set-selections
dpkg: warning: package not in status nor available database at line 1: gcc-6
dpkg: warning: found unknown packages; this might mean the available database
is outdated, and needs to be updated through a frontend method;
please see the FAQ <https://wiki.debian.org/Teams/Dpkg/FAQ>
+ echo 'g++-6 hold'
+ dpkg --set-selections
dpkg: warning: package not in status nor available database at line 1: g++-6
dpkg: warning: found unknown packages; this might mean the available database
is outdated, and needs to be updated through a frontend method;
please see the FAQ <https://wiki.debian.org/Teams/Dpkg/FAQ>
+ for VERSION in $VERSIONS
+ rm -f g++-7 gcc-7 cpp-7 gcc
+ ln -s clang++-13 g++-7
+ ln -s clang-13 gcc-7
+ ln -s clang-13 cpp-7
+ ln -s clang-13 gcc
+ echo 'gcc-7 hold'
+ dpkg --set-selections
dpkg: warning: package not in status nor available database at line 1: gcc-7
dpkg: warning: found unknown packages; this might mean the available database
is outdated, and needs to be updated through a frontend method;
please see the FAQ <https://wiki.debian.org/Teams/Dpkg/FAQ>
+ echo 'g++-7 hold'
+ dpkg --set-selections
dpkg: warning: package not in status nor available database at line 1: g++-7
dpkg: warning: found unknown packages; this might mean the available database
is outdated, and needs to be updated through a frontend method;
please see the FAQ <https://wiki.debian.org/Teams/Dpkg/FAQ>
+ for VERSION in $VERSIONS
+ rm -f g++-8 gcc-8 cpp-8 gcc
+ ln -s clang++-13 g++-8
+ ln -s clang-13 gcc-8
+ ln -s clang-13 cpp-8
+ ln -s clang-13 gcc
+ echo 'gcc-8 hold'
+ dpkg --set-selections
dpkg: warning: package not in status nor available database at line 1: gcc-8
dpkg: warning: found unknown packages; this might mean the available database
is outdated, and needs to be updated through a frontend method;
please see the FAQ <https://wiki.debian.org/Teams/Dpkg/FAQ>
+ echo 'g++-8 hold'
+ dpkg --set-selections
dpkg: warning: package not in status nor available database at line 1: g++-8
dpkg: warning: found unknown packages; this might mean the available database
is outdated, and needs to be updated through a frontend method;
please see the FAQ <https://wiki.debian.org/Teams/Dpkg/FAQ>
+ for VERSION in $VERSIONS
+ rm -f g++-9 gcc-9 cpp-9 gcc
+ ln -s clang++-13 g++-9
+ ln -s clang-13 gcc-9
+ ln -s clang-13 cpp-9
+ ln -s clang-13 gcc
+ echo 'gcc-9 hold'
+ dpkg --set-selections
dpkg: warning: package not in status nor available database at line 1: gcc-9
dpkg: warning: found unknown packages; this might mean the available database
is outdated, and needs to be updated through a frontend method;
please see the FAQ <https://wiki.debian.org/Teams/Dpkg/FAQ>
+ echo 'g++-9 hold'
+ dpkg --set-selections
dpkg: warning: package not in status nor available database at line 1: g++-9
dpkg: warning: found unknown packages; this might mean the available database
is outdated, and needs to be updated through a frontend method;
please see the FAQ <https://wiki.debian.org/Teams/Dpkg/FAQ>
+ for VERSION in $VERSIONS
+ rm -f g++-10 gcc-10 cpp-10 gcc
+ ln -s clang++-13 g++-10
+ ln -s clang-13 gcc-10
+ ln -s clang-13 cpp-10
+ ln -s clang-13 gcc
+ echo 'gcc-10 hold'
+ dpkg --set-selections
dpkg: warning: package not in status nor available database at line 1: gcc-10
dpkg: warning: found unknown packages; this might mean the available database
is outdated, and needs to be updated through a frontend method;
please see the FAQ <https://wiki.debian.org/Teams/Dpkg/FAQ>
+ echo 'g++-10 hold'
+ dpkg --set-selections
dpkg: warning: package not in status nor available database at line 1: g++-10
dpkg: warning: found unknown packages; this might mean the available database
is outdated, and needs to be updated through a frontend method;
please see the FAQ <https://wiki.debian.org/Teams/Dpkg/FAQ>
+ for VERSION in $VERSIONS
+ rm -f g++-11 gcc-11 cpp-11 gcc
+ ln -s clang++-13 g++-11
+ ln -s clang-13 gcc-11
+ ln -s clang-13 cpp-11
+ ln -s clang-13 gcc
+ echo 'gcc-11 hold'
+ dpkg --set-selections
+ echo 'g++-11 hold'
+ dpkg --set-selections
+ cd -
/build/cwiid-4d7PnR
+ echo 'Check if gcc, g++ & cpp are actually clang'
Check if gcc, g++ & cpp are actually clang
+ gcc --version
+ grep clang
+ cpp --version
+ grep clang
+ g++ --version
+ grep clang
+ cd /usr/bin/
+ rm -f clang++ clang
+ ln -s clang-13 clang++
+ ln -s clang-13 clang
+ clang++ --version
Debian clang version 13.0.0-8
Target: x86_64-pc-linux-gnu
Thread model: posix
InstalledDir: /usr/bin
+ clang --version
Debian clang version 13.0.0-8
Target: x86_64-pc-linux-gnu
Thread model: posix
InstalledDir: /usr/bin
+ cd -
/build/cwiid-4d7PnR
+ apt install --yes --no-install-recommends --force-yes qt5-qmake

WARNING: apt does not have a stable CLI interface. Use with caution in scripts.

Reading package lists...
Building dependency tree...
Reading state information...
The following additional packages will be installed:
  qt5-qmake-bin qtchooser
The following NEW packages will be installed:
  qt5-qmake qt5-qmake-bin qtchooser
0 upgraded, 3 newly installed, 0 to remove and 0 not upgraded.
Need to get 1322 kB of archives.
After this operation, 4914 kB of additional disk space will be used.
Get:1 http://127.0.0.1:12990/debian sid/main amd64 qt5-qmake-bin amd64 5.15.2+dfsg-12 [1046 kB]
Get:2 http://127.0.0.1:12990/debian sid/main amd64 qtchooser amd64 66-2 [26.3 kB]
Get:3 http://127.0.0.1:12990/debian sid/main amd64 qt5-qmake amd64 5.15.2+dfsg-12 [249 kB]
debconf: delaying package configuration, since apt-utils is not installed
Fetched 1322 kB in 0s (57.8 MB/s)
Selecting previously unselected package qt5-qmake-bin.
(Reading database ... (Reading database ... 5%(Reading database ... 10%(Reading database ... 15%(Reading database ... 20%(Reading database ... 25%(Reading database ... 30%(Reading database ... 35%(Reading database ... 40%(Reading database ... 45%(Reading database ... 50%(Reading database ... 55%(Reading database ... 60%(Reading database ... 65%(Reading database ... 70%(Reading database ... 75%(Reading database ... 80%(Reading database ... 85%(Reading database ... 90%(Reading database ... 95%(Reading database ... 100%(Reading database ... 13528 files and directories currently installed.)
Preparing to unpack .../qt5-qmake-bin_5.15.2+dfsg-12_amd64.deb ...
Unpacking qt5-qmake-bin (5.15.2+dfsg-12) ...
Selecting previously unselected package qtchooser.
Preparing to unpack .../qtchooser_66-2_amd64.deb ...
Unpacking qtchooser (66-2) ...
Selecting previously unselected package qt5-qmake:amd64.
Preparing to unpack .../qt5-qmake_5.15.2+dfsg-12_amd64.deb ...
Unpacking qt5-qmake:amd64 (5.15.2+dfsg-12) ...
Setting up qt5-qmake-bin (5.15.2+dfsg-12) ...
Setting up qtchooser (66-2) ...
Setting up qt5-qmake:amd64 (5.15.2+dfsg-12) ...
W: --force-yes is deprecated, use one of the options starting with --allow instead.
+ cp /usr/lib/x86_64-linux-gnu/qt5/mkspecs/linux-clang/qmake.conf /usr/lib/x86_64-linux-gnu/qt5/mkspecs/linux-clang/qplatformdefs.h /usr/lib/x86_64-linux-gnu/qt5/mkspecs/linux-g++/
+ ls -al /usr/lib/x86_64-linux-gnu/qt5/mkspecs/linux-g++/
total 16
drwxr-xr-x  2 root root 4096 Oct 26 22:30 .
drwxr-xr-x 76 root root 4096 Oct 26 22:30 ..
-rw-r--r--  1 root root  276 Oct 26 22:30 qmake.conf
-rw-r--r--  1 root root 3218 Oct 26 22:30 qplatformdefs.h
+ cat /usr/lib/x86_64-linux-gnu/qt5/mkspecs/linux-g++/qmake.conf
#
# qmake configuration for linux-clang
#

MAKEFILE_GENERATOR = UNIX
CONFIG += incremental

QMAKE_INCREMENTAL_STYLE = sublib

include(../common/linux.conf)
include(../common/gcc-base-unix.conf)
include(../common/clang.conf)

QMAKE_LFLAGS += -ccc-gcc-name g++

load(qt_config)
+ export QMAKESPEC=/usr/lib/x86_64-linux-gnu/qt5/mkspecs/linux-clang/
+ QMAKESPEC=/usr/lib/x86_64-linux-gnu/qt5/mkspecs/linux-clang/
+ sed -i -e 's|compare_problem(2,|compare_problem(0,|g' /usr/bin/dpkg-gensymbols
+ sed -i -e 's|compare_problem(1,|compare_problem(0,|g' /usr/bin/dpkg-gensymbols
+ grep 'compare_problem(' /usr/bin/dpkg-gensymbols
        compare_problem(4, g_('new libraries appeared in the symbols file: %s'), "@libs");
        compare_problem(3, g_('some libraries disappeared in the symbols file: %s'), "@libs");
        compare_problem(0, g_('some new symbols appeared in the symbols file: %s'),
        compare_problem(0, g_('some symbols or patterns disappeared in the symbols file: %s'),

I: Finished running '/tmp/clang13'.

Finished processing commands.
--------------------------------------------------------------------------------
I: NOTICE: Log filtering will replace 'build/cwiid-4d7PnR/resolver-609rgt' with '<<RESOLVERDIR>>'

+------------------------------------------------------------------------------+
| Update chroot                                                                |
+------------------------------------------------------------------------------+

Hit:1 http://127.0.0.1:12990/debian sid InRelease
Reading package lists...
Reading package lists...
Building dependency tree...
Reading state information...
Calculating upgrade...
0 upgraded, 0 newly installed, 0 to remove and 0 not upgraded.

+------------------------------------------------------------------------------+
| Fetch source files                                                           |
+------------------------------------------------------------------------------+


Check APT
---------

Checking available source versions...

Download source files with APT
------------------------------

Reading package lists...
NOTICE: 'cwiid' packaging is maintained in the 'Git' version control system at:
https://salsa.debian.org/georgesk/cwiid.git
Please use:
git clone https://salsa.debian.org/georgesk/cwiid.git
to retrieve the latest (possibly unreleased) updates to the package.
Need to get 127 kB of source archives.
Get:1 http://127.0.0.1:12990/debian sid/main cwiid 0.6.91-2 (dsc) [2210 B]
Get:2 http://127.0.0.1:12990/debian sid/main cwiid 0.6.91-2 (tar) [108 kB]
Get:3 http://127.0.0.1:12990/debian sid/main cwiid 0.6.91-2 (diff) [16.9 kB]
Fetched 127 kB in 0s (1611 kB/s)
Download complete and in download only mode
I: NOTICE: Log filtering will replace 'build/cwiid-4d7PnR/cwiid-0.6.91' with '<<PKGBUILDDIR>>'
I: NOTICE: Log filtering will replace 'build/cwiid-4d7PnR' with '<<BUILDDIR>>'

+------------------------------------------------------------------------------+
| Install package build dependencies                                           |
+------------------------------------------------------------------------------+


Setup apt archive
-----------------

Merged Build-Depends: debhelper-compat (= 12), libtool, automake, autoconf, python3-dev, python3, libpython3-dev, dh-python, libbluetooth-dev, libgtk2.0-dev, flex, bison, build-essential, fakeroot
Filtered Build-Depends: debhelper-compat (= 12), libtool, automake, autoconf, python3-dev, python3, libpython3-dev, dh-python, libbluetooth-dev, libgtk2.0-dev, flex, bison, build-essential, fakeroot
dpkg-deb: building package 'sbuild-build-depends-main-dummy' in '/<<RESOLVERDIR>>/apt_archive/sbuild-build-depends-main-dummy.deb'.
Ign:1 copy:/<<RESOLVERDIR>>/apt_archive ./ InRelease
Get:2 copy:/<<RESOLVERDIR>>/apt_archive ./ Release [957 B]
Ign:3 copy:/<<RESOLVERDIR>>/apt_archive ./ Release.gpg
Get:4 copy:/<<RESOLVERDIR>>/apt_archive ./ Sources [428 B]
Get:5 copy:/<<RESOLVERDIR>>/apt_archive ./ Packages [509 B]
Fetched 1894 B in 0s (0 B/s)
Reading package lists...
Reading package lists...

Install main build dependencies (apt-based resolver)
----------------------------------------------------

Installing build dependencies
Reading package lists...
Building dependency tree...
Reading state information...
The following additional packages will be installed:
  adwaita-icon-theme autoconf automake autopoint autotools-dev bison
  bsdextrautils debhelper dh-autoreconf dh-python dh-strip-nondeterminism dwz
  file flex fontconfig fontconfig-config fonts-dejavu-core gettext
  gettext-base gir1.2-atk-1.0 gir1.2-freedesktop gir1.2-gdkpixbuf-2.0
  gir1.2-glib-2.0 gir1.2-gtk-2.0 gir1.2-harfbuzz-0.0 gir1.2-pango-1.0
  groff-base gtk-update-icon-cache hicolor-icon-theme icu-devtools
  intltool-debian libarchive-zip-perl libatk1.0-0 libatk1.0-data libatk1.0-dev
  libavahi-client3 libavahi-common-data libavahi-common3 libblkid-dev
  libbluetooth-dev libbluetooth3 libbrotli-dev libbrotli1 libcairo-gobject2
  libcairo-script-interpreter2 libcairo2 libcairo2-dev libcups2 libdatrie-dev
  libdatrie1 libdbus-1-3 libdebhelper-perl libdeflate-dev libdeflate0 libelf1
  libexpat1 libexpat1-dev libffi-dev libfile-stripnondeterminism-perl
  libfontconfig-dev libfontconfig1 libfontconfig1-dev libfreetype-dev
  libfreetype6 libfreetype6-dev libfribidi-dev libfribidi0 libgdk-pixbuf-2.0-0
  libgdk-pixbuf-2.0-dev libgdk-pixbuf2.0-bin libgdk-pixbuf2.0-common
  libgirepository-1.0-1 libglib2.0-0 libglib2.0-bin libglib2.0-data
  libglib2.0-dev libglib2.0-dev-bin libgraphite2-3 libgraphite2-dev
  libgtk2.0-0 libgtk2.0-common libgtk2.0-dev libharfbuzz-dev
  libharfbuzz-gobject0 libharfbuzz-icu0 libharfbuzz0b libice-dev libice6
  libicu-dev libjbig-dev libjbig0 libjpeg-dev libjpeg62-turbo
  libjpeg62-turbo-dev libjs-jquery libjs-sphinxdoc libjs-underscore
  liblzma-dev liblzo2-2 libmagic-mgc libmagic1 libmount-dev libmpdec3
  libncursesw6 libpango-1.0-0 libpango1.0-dev libpangocairo-1.0-0
  libpangoft2-1.0-0 libpangoxft-1.0-0 libpcre16-3 libpcre2-16-0 libpcre2-32-0
  libpcre2-dev libpcre2-posix2 libpcre3-dev libpcre32-3 libpcrecpp0v5
  libpipeline1 libpixman-1-0 libpixman-1-dev libpng-dev libpng16-16
  libpthread-stubs0-dev libpython3-dev libpython3-stdlib libpython3.9
  libpython3.9-dev libpython3.9-minimal libpython3.9-stdlib libreadline8
  libselinux1-dev libsepol1-dev libsigsegv2 libsm-dev libsm6 libsqlite3-0
  libsub-override-perl libthai-data libthai-dev libthai0 libtiff-dev libtiff5
  libtiffxx5 libtool libuchardet0 libwebp6 libx11-6 libx11-data libx11-dev
  libxau-dev libxau6 libxcb-render0 libxcb-render0-dev libxcb-shm0
  libxcb-shm0-dev libxcb1 libxcb1-dev libxcomposite-dev libxcomposite1
  libxcursor-dev libxcursor1 libxdamage-dev libxdamage1 libxdmcp-dev libxdmcp6
  libxext-dev libxext6 libxfixes-dev libxfixes3 libxft-dev libxft2 libxi-dev
  libxi6 libxinerama-dev libxinerama1 libxml2-utils libxrandr-dev libxrandr2
  libxrender-dev libxrender1 m4 man-db media-types pango1.0-tools pkg-config
  po-debconf python3 python3-dev python3-distutils python3-lib2to3
  python3-minimal python3.9 python3.9-dev python3.9-minimal readline-common
  sensible-utils shared-mime-info ucf uuid-dev x11-common x11proto-dev
  xorg-sgml-doctools xtrans-dev zlib1g-dev
Suggested packages:
  autoconf-archive gnu-standards autoconf-doc bison-doc dh-make flit
  python3-toml flex-doc gettext-doc libasprintf-dev libgettextpo-dev groff
  libcairo2-doc cups-common libdatrie-doc freetype2-doc libgirepository1.0-dev
  libglib2.0-doc libgraphite2-utils gvfs libgtk2.0-doc libice-doc icu-doc
  liblzma-doc imagemagick libpango1.0-doc libsm-doc libthai-doc libtool-doc
  gfortran | fortran95-compiler gcj-jdk libx11-doc libxcb-doc libxext-doc
  m4-doc apparmor less www-browser graphicsmagick libmail-box-perl python3-doc
  python3-tk python3-venv python3.9-venv python3.9-doc binfmt-support
  readline-doc
Recommended packages:
  librsvg2-common libfl-dev curl | wget | lynx dbus libarchive-cpio-perl
  xdg-user-dirs libgail-common libgtk2.0-bin javascript-common libgpm2
  libpng-tools ca-certificates libltdl-dev libmail-sendmail-perl
The following NEW packages will be installed:
  adwaita-icon-theme autoconf automake autopoint autotools-dev bison
  bsdextrautils debhelper dh-autoreconf dh-python dh-strip-nondeterminism dwz
  file flex fontconfig fontconfig-config fonts-dejavu-core gettext
  gettext-base gir1.2-atk-1.0 gir1.2-freedesktop gir1.2-gdkpixbuf-2.0
  gir1.2-glib-2.0 gir1.2-gtk-2.0 gir1.2-harfbuzz-0.0 gir1.2-pango-1.0
  groff-base gtk-update-icon-cache hicolor-icon-theme icu-devtools
  intltool-debian libarchive-zip-perl libatk1.0-0 libatk1.0-data libatk1.0-dev
  libavahi-client3 libavahi-common-data libavahi-common3 libblkid-dev
  libbluetooth-dev libbluetooth3 libbrotli-dev libbrotli1 libcairo-gobject2
  libcairo-script-interpreter2 libcairo2 libcairo2-dev libcups2 libdatrie-dev
  libdatrie1 libdbus-1-3 libdebhelper-perl libdeflate-dev libdeflate0 libelf1
  libexpat1 libexpat1-dev libffi-dev libfile-stripnondeterminism-perl
  libfontconfig-dev libfontconfig1 libfontconfig1-dev libfreetype-dev
  libfreetype6 libfreetype6-dev libfribidi-dev libfribidi0 libgdk-pixbuf-2.0-0
  libgdk-pixbuf-2.0-dev libgdk-pixbuf2.0-bin libgdk-pixbuf2.0-common
  libgirepository-1.0-1 libglib2.0-0 libglib2.0-bin libglib2.0-data
  libglib2.0-dev libglib2.0-dev-bin libgraphite2-3 libgraphite2-dev
  libgtk2.0-0 libgtk2.0-common libgtk2.0-dev libharfbuzz-dev
  libharfbuzz-gobject0 libharfbuzz-icu0 libharfbuzz0b libice-dev libice6
  libicu-dev libjbig-dev libjbig0 libjpeg-dev libjpeg62-turbo
  libjpeg62-turbo-dev libjs-jquery libjs-sphinxdoc libjs-underscore
  liblzma-dev liblzo2-2 libmagic-mgc libmagic1 libmount-dev libmpdec3
  libncursesw6 libpango-1.0-0 libpango1.0-dev libpangocairo-1.0-0
  libpangoft2-1.0-0 libpangoxft-1.0-0 libpcre16-3 libpcre2-16-0 libpcre2-32-0
  libpcre2-dev libpcre2-posix2 libpcre3-dev libpcre32-3 libpcrecpp0v5
  libpipeline1 libpixman-1-0 libpixman-1-dev libpng-dev libpng16-16
  libpthread-stubs0-dev libpython3-dev libpython3-stdlib libpython3.9
  libpython3.9-dev libpython3.9-minimal libpython3.9-stdlib libreadline8
  libselinux1-dev libsepol1-dev libsigsegv2 libsm-dev libsm6 libsqlite3-0
  libsub-override-perl libthai-data libthai-dev libthai0 libtiff-dev libtiff5
  libtiffxx5 libtool libuchardet0 libwebp6 libx11-6 libx11-data libx11-dev
  libxau-dev libxau6 libxcb-render0 libxcb-render0-dev libxcb-shm0
  libxcb-shm0-dev libxcb1 libxcb1-dev libxcomposite-dev libxcomposite1
  libxcursor-dev libxcursor1 libxdamage-dev libxdamage1 libxdmcp-dev libxdmcp6
  libxext-dev libxext6 libxfixes-dev libxfixes3 libxft-dev libxft2 libxi-dev
  libxi6 libxinerama-dev libxinerama1 libxml2-utils libxrandr-dev libxrandr2
  libxrender-dev libxrender1 m4 man-db media-types pango1.0-tools pkg-config
  po-debconf python3 python3-dev python3-distutils python3-lib2to3
  python3-minimal python3.9 python3.9-dev python3.9-minimal readline-common
  sbuild-build-depends-main-dummy sensible-utils shared-mime-info ucf uuid-dev
  x11-common x11proto-dev xorg-sgml-doctools xtrans-dev zlib1g-dev
0 upgraded, 205 newly installed, 0 to remove and 0 not upgraded.
Need to get 84.9 MB of archives.
After this operation, 309 MB of additional disk space will be used.
Get:1 copy:/<<RESOLVERDIR>>/apt_archive ./ sbuild-build-depends-main-dummy 0.invalid.0 [936 B]
Get:2 http://127.0.0.1:12990/debian sid/main amd64 bsdextrautils amd64 2.37.2-4 [143 kB]
Get:3 http://127.0.0.1:12990/debian sid/main amd64 libuchardet0 amd64 0.0.7-1 [67.8 kB]
Get:4 http://127.0.0.1:12990/debian sid/main amd64 groff-base amd64 1.22.4-7 [935 kB]
Get:5 http://127.0.0.1:12990/debian sid/main amd64 libpipeline1 amd64 1.5.3-1 [34.3 kB]
Get:6 http://127.0.0.1:12990/debian sid/main amd64 man-db amd64 2.9.4-2 [1354 kB]
Get:7 http://127.0.0.1:12990/debian sid/main amd64 libsigsegv2 amd64 2.13-1 [34.8 kB]
Get:8 http://127.0.0.1:12990/debian sid/main amd64 m4 amd64 1.4.18-5 [204 kB]
Get:9 http://127.0.0.1:12990/debian sid/main amd64 flex amd64 2.6.4-8 [440 kB]
Get:10 http://127.0.0.1:12990/debian sid/main amd64 libpython3.9-minimal amd64 3.9.7-4 [804 kB]
Get:11 http://127.0.0.1:12990/debian sid/main amd64 libexpat1 amd64 2.4.1-3 [104 kB]
Get:12 http://127.0.0.1:12990/debian sid/main amd64 python3.9-minimal amd64 3.9.7-4 [1963 kB]
Get:13 http://127.0.0.1:12990/debian sid/main amd64 python3-minimal amd64 3.9.2-3 [38.2 kB]
Get:14 http://127.0.0.1:12990/debian sid/main amd64 media-types all 4.0.0 [30.3 kB]
Get:15 http://127.0.0.1:12990/debian sid/main amd64 libmpdec3 amd64 2.5.1-2 [87.8 kB]
Get:16 http://127.0.0.1:12990/debian sid/main amd64 libncursesw6 amd64 6.2+20210905-1 [133 kB]
Get:17 http://127.0.0.1:12990/debian sid/main amd64 readline-common all 8.1-2 [73.8 kB]
Get:18 http://127.0.0.1:12990/debian sid/main amd64 libreadline8 amd64 8.1-2 [168 kB]
Get:19 http://127.0.0.1:12990/debian sid/main amd64 libsqlite3-0 amd64 3.36.0-2 [815 kB]
Get:20 http://127.0.0.1:12990/debian sid/main amd64 libpython3.9-stdlib amd64 3.9.7-4 [1688 kB]
Get:21 http://127.0.0.1:12990/debian sid/main amd64 python3.9 amd64 3.9.7-4 [480 kB]
Get:22 http://127.0.0.1:12990/debian sid/main amd64 libpython3-stdlib amd64 3.9.2-3 [21.4 kB]
Get:23 http://127.0.0.1:12990/debian sid/main amd64 python3 amd64 3.9.2-3 [37.9 kB]
Get:24 http://127.0.0.1:12990/debian sid/main amd64 sensible-utils all 0.0.17 [21.5 kB]
Get:25 http://127.0.0.1:12990/debian sid/main amd64 libmagic-mgc amd64 1:5.39-3 [273 kB]
Get:26 http://127.0.0.1:12990/debian sid/main amd64 libmagic1 amd64 1:5.39-3 [126 kB]
Get:27 http://127.0.0.1:12990/debian sid/main amd64 file amd64 1:5.39-3 [69.1 kB]
Get:28 http://127.0.0.1:12990/debian sid/main amd64 gettext-base amd64 0.21-4 [175 kB]
Get:29 http://127.0.0.1:12990/debian sid/main amd64 ucf all 3.0043 [74.0 kB]
Get:30 http://127.0.0.1:12990/debian sid/main amd64 hicolor-icon-theme all 0.17-2 [11.4 kB]
Get:31 http://127.0.0.1:12990/debian sid/main amd64 libgdk-pixbuf2.0-common all 2.42.6+dfsg-2 [327 kB]
Get:32 http://127.0.0.1:12990/debian sid/main amd64 libglib2.0-0 amd64 2.70.0-3 [1401 kB]
Get:33 http://127.0.0.1:12990/debian sid/main amd64 shared-mime-info amd64 2.0-1 [701 kB]
Get:34 http://127.0.0.1:12990/debian sid/main amd64 libjpeg62-turbo amd64 1:2.0.6-4 [151 kB]
Get:35 http://127.0.0.1:12990/debian sid/main amd64 libpng16-16 amd64 1.6.37-3 [294 kB]
Get:36 http://127.0.0.1:12990/debian sid/main amd64 libdeflate0 amd64 1.8-1 [53.1 kB]
Get:37 http://127.0.0.1:12990/debian sid/main amd64 libjbig0 amd64 2.1-3.1+b2 [31.0 kB]
Get:38 http://127.0.0.1:12990/debian sid/main amd64 libwebp6 amd64 0.6.1-2.1 [258 kB]
Get:39 http://127.0.0.1:12990/debian sid/main amd64 libtiff5 amd64 4.3.0-2 [294 kB]
Get:40 http://127.0.0.1:12990/debian sid/main amd64 libgdk-pixbuf-2.0-0 amd64 2.42.6+dfsg-2 [156 kB]
Get:41 http://127.0.0.1:12990/debian sid/main amd64 gtk-update-icon-cache amd64 3.24.30-3 [89.1 kB]
Get:42 http://127.0.0.1:12990/debian sid/main amd64 adwaita-icon-theme all 41.0-1 [10.8 MB]
Get:43 http://127.0.0.1:12990/debian sid/main amd64 autoconf all 2.71-2 [343 kB]
Get:44 http://127.0.0.1:12990/debian sid/main amd64 autotools-dev all 20180224.1+nmu1 [77.1 kB]
Get:45 http://127.0.0.1:12990/debian sid/main amd64 automake all 1:1.16.5-1 [823 kB]
Get:46 http://127.0.0.1:12990/debian sid/main amd64 autopoint all 0.21-4 [510 kB]
Get:47 http://127.0.0.1:12990/debian sid/main amd64 bison amd64 2:3.8.2+dfsg-1 [1173 kB]
Get:48 http://127.0.0.1:12990/debian sid/main amd64 libdebhelper-perl all 13.5.2 [192 kB]
Get:49 http://127.0.0.1:12990/debian sid/main amd64 libtool all 2.4.6-15 [513 kB]
Get:50 http://127.0.0.1:12990/debian sid/main amd64 dh-autoreconf all 20 [17.1 kB]
Get:51 http://127.0.0.1:12990/debian sid/main amd64 libarchive-zip-perl all 1.68-1 [104 kB]
Get:52 http://127.0.0.1:12990/debian sid/main amd64 libsub-override-perl all 0.09-2 [10.2 kB]
Get:53 http://127.0.0.1:12990/debian sid/main amd64 libfile-stripnondeterminism-perl all 1.12.0-2 [26.3 kB]
Get:54 http://127.0.0.1:12990/debian sid/main amd64 dh-strip-nondeterminism all 1.12.0-2 [15.5 kB]
Get:55 http://127.0.0.1:12990/debian sid/main amd64 libelf1 amd64 0.185-2 [172 kB]
Get:56 http://127.0.0.1:12990/debian sid/main amd64 dwz amd64 0.14-1 [98.3 kB]
Get:57 http://127.0.0.1:12990/debian sid/main amd64 gettext amd64 0.21-4 [1311 kB]
Get:58 http://127.0.0.1:12990/debian sid/main amd64 intltool-debian all 0.35.0+20060710.5 [26.8 kB]
Get:59 http://127.0.0.1:12990/debian sid/main amd64 po-debconf all 1.0.21+nmu1 [248 kB]
Get:60 http://127.0.0.1:12990/debian sid/main amd64 debhelper all 13.5.2 [1056 kB]
Get:61 http://127.0.0.1:12990/debian sid/main amd64 python3-lib2to3 all 3.9.7-1 [79.4 kB]
Get:62 http://127.0.0.1:12990/debian sid/main amd64 python3-distutils all 3.9.7-1 [146 kB]
Get:63 http://127.0.0.1:12990/debian sid/main amd64 dh-python all 5.20211022.1 [103 kB]
Get:64 http://127.0.0.1:12990/debian sid/main amd64 libbrotli1 amd64 1.0.9-2+b2 [279 kB]
Get:65 http://127.0.0.1:12990/debian sid/main amd64 libfreetype6 amd64 2.11.0+dfsg-1 [453 kB]
Get:66 http://127.0.0.1:12990/debian sid/main amd64 fonts-dejavu-core all 2.37-2 [1069 kB]
Get:67 http://127.0.0.1:12990/debian sid/main amd64 fontconfig-config all 2.13.1-4.2 [281 kB]
Get:68 http://127.0.0.1:12990/debian sid/main amd64 libfontconfig1 amd64 2.13.1-4.2 [347 kB]
Get:69 http://127.0.0.1:12990/debian sid/main amd64 fontconfig amd64 2.13.1-4.2 [417 kB]
Get:70 http://127.0.0.1:12990/debian sid/main amd64 libgirepository-1.0-1 amd64 1.70.0-2 [97.8 kB]
Get:71 http://127.0.0.1:12990/debian sid/main amd64 gir1.2-glib-2.0 amd64 1.70.0-2 [154 kB]
Get:72 http://127.0.0.1:12990/debian sid/main amd64 libatk1.0-data all 2.36.0-2 [149 kB]
Get:73 http://127.0.0.1:12990/debian sid/main amd64 libatk1.0-0 amd64 2.36.0-2 [52.2 kB]
Get:74 http://127.0.0.1:12990/debian sid/main amd64 gir1.2-atk-1.0 amd64 2.36.0-2 [26.0 kB]
Get:75 http://127.0.0.1:12990/debian sid/main amd64 gir1.2-freedesktop amd64 1.70.0-2 [33.8 kB]
Get:76 http://127.0.0.1:12990/debian sid/main amd64 gir1.2-gdkpixbuf-2.0 amd64 2.42.6+dfsg-2 [30.6 kB]
Get:77 http://127.0.0.1:12990/debian sid/main amd64 libgtk2.0-common all 2.24.33-2 [2700 kB]
Get:78 http://127.0.0.1:12990/debian sid/main amd64 libgraphite2-3 amd64 1.3.14-1 [81.2 kB]
Get:79 http://127.0.0.1:12990/debian sid/main amd64 libharfbuzz0b amd64 2.7.4-1 [1471 kB]
Get:80 http://127.0.0.1:12990/debian sid/main amd64 gir1.2-harfbuzz-0.0 amd64 2.7.4-1 [1154 kB]
Get:81 http://127.0.0.1:12990/debian sid/main amd64 libfribidi0 amd64 1.0.8-2 [64.8 kB]
Get:82 http://127.0.0.1:12990/debian sid/main amd64 libthai-data all 0.1.28-4.1 [171 kB]
Get:83 http://127.0.0.1:12990/debian sid/main amd64 libdatrie1 amd64 0.2.13-2 [43.0 kB]
Get:84 http://127.0.0.1:12990/debian sid/main amd64 libthai0 amd64 0.1.28-4.1 [54.5 kB]
Get:85 http://127.0.0.1:12990/debian sid/main amd64 libpango-1.0-0 amd64 1.48.10+ds1-1 [204 kB]
Get:86 http://127.0.0.1:12990/debian sid/main amd64 libpixman-1-0 amd64 0.40.0-1 [543 kB]
Get:87 http://127.0.0.1:12990/debian sid/main amd64 libxau6 amd64 1:1.0.9-1 [19.7 kB]
Get:88 http://127.0.0.1:12990/debian sid/main amd64 libxdmcp6 amd64 1:1.1.2-3 [26.3 kB]
Get:89 http://127.0.0.1:12990/debian sid/main amd64 libxcb1 amd64 1.14-3 [140 kB]
Get:90 http://127.0.0.1:12990/debian sid/main amd64 libx11-data all 2:1.7.2-2 [311 kB]
Get:91 http://127.0.0.1:12990/debian sid/main amd64 libx11-6 amd64 2:1.7.2-2+b1 [772 kB]
Get:92 http://127.0.0.1:12990/debian sid/main amd64 libxcb-render0 amd64 1.14-3 [111 kB]
Get:93 http://127.0.0.1:12990/debian sid/main amd64 libxcb-shm0 amd64 1.14-3 [101 kB]
Get:94 http://127.0.0.1:12990/debian sid/main amd64 libxext6 amd64 2:1.3.4-1 [53.1 kB]
Get:95 http://127.0.0.1:12990/debian sid/main amd64 libxrender1 amd64 1:0.9.10-1 [33.0 kB]
Get:96 http://127.0.0.1:12990/debian sid/main amd64 libcairo2 amd64 1.16.0-5 [694 kB]
Get:97 http://127.0.0.1:12990/debian sid/main amd64 libpangoft2-1.0-0 amd64 1.48.10+ds1-1 [73.3 kB]
Get:98 http://127.0.0.1:12990/debian sid/main amd64 libpangocairo-1.0-0 amd64 1.48.10+ds1-1 [60.7 kB]
Get:99 http://127.0.0.1:12990/debian sid/main amd64 libxft2 amd64 2.3.2-2 [57.2 kB]
Get:100 http://127.0.0.1:12990/debian sid/main amd64 libpangoxft-1.0-0 amd64 1.48.10+ds1-1 [53.5 kB]
Get:101 http://127.0.0.1:12990/debian sid/main amd64 gir1.2-pango-1.0 amd64 1.48.10+ds1-1 [62.5 kB]
Get:102 http://127.0.0.1:12990/debian sid/main amd64 libavahi-common-data amd64 0.8-5 [124 kB]
Get:103 http://127.0.0.1:12990/debian sid/main amd64 libavahi-common3 amd64 0.8-5 [58.4 kB]
Get:104 http://127.0.0.1:12990/debian sid/main amd64 libdbus-1-3 amd64 1.12.20-3 [219 kB]
Get:105 http://127.0.0.1:12990/debian sid/main amd64 libavahi-client3 amd64 0.8-5 [62.1 kB]
Get:106 http://127.0.0.1:12990/debian sid/main amd64 libcups2 amd64 2.3.3op2-7 [349 kB]
Get:107 http://127.0.0.1:12990/debian sid/main amd64 libxcomposite1 amd64 1:0.4.5-1 [16.6 kB]
Get:108 http://127.0.0.1:12990/debian sid/main amd64 libxfixes3 amd64 1:5.0.3-2 [22.1 kB]
Get:109 http://127.0.0.1:12990/debian sid/main amd64 libxcursor1 amd64 1:1.2.0-2 [37.3 kB]
Get:110 http://127.0.0.1:12990/debian sid/main amd64 libxdamage1 amd64 1:1.1.5-2 [15.7 kB]
Get:111 http://127.0.0.1:12990/debian sid/main amd64 libxi6 amd64 2:1.8-1 [84.0 kB]
Get:112 http://127.0.0.1:12990/debian sid/main amd64 libxinerama1 amd64 2:1.1.4-2 [17.7 kB]
Get:113 http://127.0.0.1:12990/debian sid/main amd64 libxrandr2 amd64 2:1.5.2-1 [38.2 kB]
Get:114 http://127.0.0.1:12990/debian sid/main amd64 libgtk2.0-0 amd64 2.24.33-2 [1855 kB]
Get:115 http://127.0.0.1:12990/debian sid/main amd64 gir1.2-gtk-2.0 amd64 2.24.33-2 [216 kB]
Get:116 http://127.0.0.1:12990/debian sid/main amd64 icu-devtools amd64 67.1-7 [201 kB]
Get:117 http://127.0.0.1:12990/debian sid/main amd64 pkg-config amd64 0.29.2-1 [65.1 kB]
Get:118 http://127.0.0.1:12990/debian sid/main amd64 libffi-dev amd64 3.4.2-3 [60.4 kB]
Get:119 http://127.0.0.1:12990/debian sid/main amd64 libglib2.0-data all 2.70.0-3 [1189 kB]
Get:120 http://127.0.0.1:12990/debian sid/main amd64 libglib2.0-bin amd64 2.70.0-3 [145 kB]
Get:121 http://127.0.0.1:12990/debian sid/main amd64 libglib2.0-dev-bin amd64 2.70.0-3 [183 kB]
Get:122 http://127.0.0.1:12990/debian sid/main amd64 uuid-dev amd64 2.37.2-4 [95.8 kB]
Get:123 http://127.0.0.1:12990/debian sid/main amd64 libblkid-dev amd64 2.37.2-4 [232 kB]
Get:124 http://127.0.0.1:12990/debian sid/main amd64 libsepol1-dev amd64 3.1-1 [338 kB]
Get:125 http://127.0.0.1:12990/debian sid/main amd64 libpcre2-16-0 amd64 10.36-2 [231 kB]
Get:126 http://127.0.0.1:12990/debian sid/main amd64 libpcre2-32-0 amd64 10.36-2 [220 kB]
Get:127 http://127.0.0.1:12990/debian sid/main amd64 libpcre2-posix2 amd64 10.36-2 [49.1 kB]
Get:128 http://127.0.0.1:12990/debian sid/main amd64 libpcre2-dev amd64 10.36-2 [731 kB]
Get:129 http://127.0.0.1:12990/debian sid/main amd64 libselinux1-dev amd64 3.1-3 [168 kB]
Get:130 http://127.0.0.1:12990/debian sid/main amd64 libmount-dev amd64 2.37.2-4 [79.0 kB]
Get:131 http://127.0.0.1:12990/debian sid/main amd64 libpcre16-3 amd64 2:8.39-13 [259 kB]
Get:132 http://127.0.0.1:12990/debian sid/main amd64 libpcre32-3 amd64 2:8.39-13 [250 kB]
Get:133 http://127.0.0.1:12990/debian sid/main amd64 libpcrecpp0v5 amd64 2:8.39-13 [152 kB]
Get:134 http://127.0.0.1:12990/debian sid/main amd64 libpcre3-dev amd64 2:8.39-13 [650 kB]
Get:135 http://127.0.0.1:12990/debian sid/main amd64 zlib1g-dev amd64 1:1.2.11.dfsg-2 [190 kB]
Get:136 http://127.0.0.1:12990/debian sid/main amd64 libglib2.0-dev amd64 2.70.0-3 [1599 kB]
Get:137 http://127.0.0.1:12990/debian sid/main amd64 libatk1.0-dev amd64 2.36.0-2 [104 kB]
Get:138 http://127.0.0.1:12990/debian sid/main amd64 libbluetooth3 amd64 5.61-1 [115 kB]
Get:139 http://127.0.0.1:12990/debian sid/main amd64 libbluetooth-dev amd64 5.61-1 [242 kB]
Get:140 http://127.0.0.1:12990/debian sid/main amd64 libbrotli-dev amd64 1.0.9-2+b2 [288 kB]
Get:141 http://127.0.0.1:12990/debian sid/main amd64 libcairo-gobject2 amd64 1.16.0-5 [125 kB]
Get:142 http://127.0.0.1:12990/debian sid/main amd64 liblzo2-2 amd64 2.10-2 [56.9 kB]
Get:143 http://127.0.0.1:12990/debian sid/main amd64 libcairo-script-interpreter2 amd64 1.16.0-5 [163 kB]
Get:144 http://127.0.0.1:12990/debian sid/main amd64 libexpat1-dev amd64 2.4.1-3 [156 kB]
Get:145 http://127.0.0.1:12990/debian sid/main amd64 libpng-dev amd64 1.6.37-3 [298 kB]
Get:146 http://127.0.0.1:12990/debian sid/main amd64 libfreetype-dev amd64 2.11.0+dfsg-1 [614 kB]
Get:147 http://127.0.0.1:12990/debian sid/main amd64 libfreetype6-dev amd64 2.11.0+dfsg-1 [109 kB]
Get:148 http://127.0.0.1:12990/debian sid/main amd64 libfontconfig-dev amd64 2.13.1-4.2 [368 kB]
Get:149 http://127.0.0.1:12990/debian sid/main amd64 libfontconfig1-dev amd64 2.13.1-4.2 [238 kB]
Get:150 http://127.0.0.1:12990/debian sid/main amd64 xorg-sgml-doctools all 1:1.11-1.1 [22.1 kB]
Get:151 http://127.0.0.1:12990/debian sid/main amd64 x11proto-dev all 2021.5-1 [599 kB]
Get:152 http://127.0.0.1:12990/debian sid/main amd64 libxau-dev amd64 1:1.0.9-1 [22.9 kB]
Get:153 http://127.0.0.1:12990/debian sid/main amd64 libxdmcp-dev amd64 1:1.1.2-3 [42.2 kB]
Get:154 http://127.0.0.1:12990/debian sid/main amd64 xtrans-dev all 1.4.0-1 [98.7 kB]
Get:155 http://127.0.0.1:12990/debian sid/main amd64 libpthread-stubs0-dev amd64 0.4-1 [5344 B]
Get:156 http://127.0.0.1:12990/debian sid/main amd64 libxcb1-dev amd64 1.14-3 [176 kB]
Get:157 http://127.0.0.1:12990/debian sid/main amd64 libx11-dev amd64 2:1.7.2-2+b1 [844 kB]
Get:158 http://127.0.0.1:12990/debian sid/main amd64 libxrender-dev amd64 1:0.9.10-1 [40.8 kB]
Get:159 http://127.0.0.1:12990/debian sid/main amd64 libxext-dev amd64 2:1.3.4-1 [107 kB]
Get:160 http://127.0.0.1:12990/debian sid/main amd64 x11-common all 1:7.7+23 [252 kB]
Get:161 http://127.0.0.1:12990/debian sid/main amd64 libice6 amd64 2:1.0.10-1 [58.5 kB]
Get:162 http://127.0.0.1:12990/debian sid/main amd64 libsm6 amd64 2:1.2.3-1 [35.1 kB]
Get:163 http://127.0.0.1:12990/debian sid/main amd64 libice-dev amd64 2:1.0.10-1 [67.1 kB]
Get:164 http://127.0.0.1:12990/debian sid/main amd64 libsm-dev amd64 2:1.2.3-1 [38.0 kB]
Get:165 http://127.0.0.1:12990/debian sid/main amd64 libpixman-1-dev amd64 0.40.0-1 [560 kB]
Get:166 http://127.0.0.1:12990/debian sid/main amd64 libxcb-render0-dev amd64 1.14-3 [114 kB]
Get:167 http://127.0.0.1:12990/debian sid/main amd64 libxcb-shm0-dev amd64 1.14-3 [102 kB]
Get:168 http://127.0.0.1:12990/debian sid/main amd64 libcairo2-dev amd64 1.16.0-5 [739 kB]
Get:169 http://127.0.0.1:12990/debian sid/main amd64 libdatrie-dev amd64 0.2.13-2 [18.2 kB]
Get:170 http://127.0.0.1:12990/debian sid/main amd64 libdeflate-dev amd64 1.8-1 [46.7 kB]
Get:171 http://127.0.0.1:12990/debian sid/main amd64 libfribidi-dev amd64 1.0.8-2 [105 kB]
Get:172 http://127.0.0.1:12990/debian sid/main amd64 libgdk-pixbuf2.0-bin amd64 2.42.6+dfsg-2 [35.6 kB]
Get:173 http://127.0.0.1:12990/debian sid/main amd64 libjpeg62-turbo-dev amd64 1:2.0.6-4 [278 kB]
Get:174 http://127.0.0.1:12990/debian sid/main amd64 libjpeg-dev amd64 1:2.0.6-4 [67.8 kB]
Get:175 http://127.0.0.1:12990/debian sid/main amd64 libjbig-dev amd64 2.1-3.1+b2 [30.5 kB]
Get:176 http://127.0.0.1:12990/debian sid/main amd64 liblzma-dev amd64 5.2.5-2 [229 kB]
Get:177 http://127.0.0.1:12990/debian sid/main amd64 libtiffxx5 amd64 4.3.0-2 [133 kB]
Get:178 http://127.0.0.1:12990/debian sid/main amd64 libtiff-dev amd64 4.3.0-2 [419 kB]
Get:179 http://127.0.0.1:12990/debian sid/main amd64 libgdk-pixbuf-2.0-dev amd64 2.42.6+dfsg-2 [67.2 kB]
Get:180 http://127.0.0.1:12990/debian sid/main amd64 libgraphite2-dev amd64 1.3.14-1 [24.0 kB]
Get:181 http://127.0.0.1:12990/debian sid/main amd64 libharfbuzz-icu0 amd64 2.7.4-1 [1132 kB]
Get:182 http://127.0.0.1:12990/debian sid/main amd64 libharfbuzz-gobject0 amd64 2.7.4-1 [1147 kB]
Get:183 http://127.0.0.1:12990/debian sid/main amd64 libicu-dev amd64 67.1-7 [9597 kB]
Get:184 http://127.0.0.1:12990/debian sid/main amd64 libharfbuzz-dev amd64 2.7.4-1 [1630 kB]
Get:185 http://127.0.0.1:12990/debian sid/main amd64 libthai-dev amd64 0.1.28-4.1 [24.1 kB]
Get:186 http://127.0.0.1:12990/debian sid/main amd64 libxft-dev amd64 2.3.2-2 [68.7 kB]
Get:187 http://127.0.0.1:12990/debian sid/main amd64 pango1.0-tools amd64 1.48.10+ds1-1 [64.1 kB]
Get:188 http://127.0.0.1:12990/debian sid/main amd64 libpango1.0-dev amd64 1.48.10+ds1-1 [168 kB]
Get:189 http://127.0.0.1:12990/debian sid/main amd64 libxinerama-dev amd64 2:1.1.4-2 [20.1 kB]
Get:190 http://127.0.0.1:12990/debian sid/main amd64 libxfixes-dev amd64 1:5.0.3-2 [24.1 kB]
Get:191 http://127.0.0.1:12990/debian sid/main amd64 libxi-dev amd64 2:1.8-1 [245 kB]
Get:192 http://127.0.0.1:12990/debian sid/main amd64 libxrandr-dev amd64 2:1.5.2-1 [46.1 kB]
Get:193 http://127.0.0.1:12990/debian sid/main amd64 libxcursor-dev amd64 1:1.2.0-2 [44.8 kB]
Get:194 http://127.0.0.1:12990/debian sid/main amd64 libxcomposite-dev amd64 1:0.4.5-1 [20.1 kB]
Get:195 http://127.0.0.1:12990/debian sid/main amd64 libxdamage-dev amd64 1:1.1.5-2 [15.6 kB]
Get:196 http://127.0.0.1:12990/debian sid/main amd64 libxml2-utils amd64 2.9.12+dfsg-5 [110 kB]
Get:197 http://127.0.0.1:12990/debian sid/main amd64 libgtk2.0-dev amd64 2.24.33-2 [827 kB]
Get:198 http://127.0.0.1:12990/debian sid/main amd64 libjs-jquery all 3.5.1+dfsg+~3.5.5-8 [315 kB]
Get:199 http://127.0.0.1:12990/debian sid/main amd64 libjs-underscore all 1.9.1~dfsg-4 [100 kB]
Get:200 http://127.0.0.1:12990/debian sid/main amd64 libjs-sphinxdoc all 4.2.0-5 [137 kB]
Get:201 http://127.0.0.1:12990/debian sid/main amd64 libpython3.9 amd64 3.9.7-4 [1693 kB]
Get:202 http://127.0.0.1:12990/debian sid/main amd64 libpython3.9-dev amd64 3.9.7-4 [4032 kB]
Get:203 http://127.0.0.1:12990/debian sid/main amd64 libpython3-dev amd64 3.9.2-3 [21.7 kB]
Get:204 http://127.0.0.1:12990/debian sid/main amd64 python3.9-dev amd64 3.9.7-4 [508 kB]
Get:205 http://127.0.0.1:12990/debian sid/main amd64 python3-dev amd64 3.9.2-3 [24.8 kB]
debconf: delaying package configuration, since apt-utils is not installed
Fetched 84.9 MB in 1s (127 MB/s)
Selecting previously unselected package bsdextrautils.
(Reading database ... 14273 files and directories currently installed.)
Preparing to unpack .../00-bsdextrautils_2.37.2-4_amd64.deb ...
Unpacking bsdextrautils (2.37.2-4) ...
Selecting previously unselected package libuchardet0:amd64.
Preparing to unpack .../01-libuchardet0_0.0.7-1_amd64.deb ...
Unpacking libuchardet0:amd64 (0.0.7-1) ...
Selecting previously unselected package groff-base.
Preparing to unpack .../02-groff-base_1.22.4-7_amd64.deb ...
Unpacking groff-base (1.22.4-7) ...
Selecting previously unselected package libpipeline1:amd64.
Preparing to unpack .../03-libpipeline1_1.5.3-1_amd64.deb ...
Unpacking libpipeline1:amd64 (1.5.3-1) ...
Selecting previously unselected package man-db.
Preparing to unpack .../04-man-db_2.9.4-2_amd64.deb ...
Unpacking man-db (2.9.4-2) ...
Selecting previously unselected package libsigsegv2:amd64.
Preparing to unpack .../05-libsigsegv2_2.13-1_amd64.deb ...
Unpacking libsigsegv2:amd64 (2.13-1) ...
Selecting previously unselected package m4.
Preparing to unpack .../06-m4_1.4.18-5_amd64.deb ...
Unpacking m4 (1.4.18-5) ...
Selecting previously unselected package flex.
Preparing to unpack .../07-flex_2.6.4-8_amd64.deb ...
Unpacking flex (2.6.4-8) ...
Selecting previously unselected package libpython3.9-minimal:amd64.
Preparing to unpack .../08-libpython3.9-minimal_3.9.7-4_amd64.deb ...
Unpacking libpython3.9-minimal:amd64 (3.9.7-4) ...
Selecting previously unselected package libexpat1:amd64.
Preparing to unpack .../09-libexpat1_2.4.1-3_amd64.deb ...
Unpacking libexpat1:amd64 (2.4.1-3) ...
Selecting previously unselected package python3.9-minimal.
Preparing to unpack .../10-python3.9-minimal_3.9.7-4_amd64.deb ...
Unpacking python3.9-minimal (3.9.7-4) ...
Setting up libpython3.9-minimal:amd64 (3.9.7-4) ...
Setting up libexpat1:amd64 (2.4.1-3) ...
Setting up python3.9-minimal (3.9.7-4) ...
Selecting previously unselected package python3-minimal.
(Reading database ... 15307 files and directories currently installed.)
Preparing to unpack .../0-python3-minimal_3.9.2-3_amd64.deb ...
Unpacking python3-minimal (3.9.2-3) ...
Selecting previously unselected package media-types.
Preparing to unpack .../1-media-types_4.0.0_all.deb ...
Unpacking media-types (4.0.0) ...
Selecting previously unselected package libmpdec3:amd64.
Preparing to unpack .../2-libmpdec3_2.5.1-2_amd64.deb ...
Unpacking libmpdec3:amd64 (2.5.1-2) ...
Selecting previously unselected package libncursesw6:amd64.
Preparing to unpack .../3-libncursesw6_6.2+20210905-1_amd64.deb ...
Unpacking libncursesw6:amd64 (6.2+20210905-1) ...
Selecting previously unselected package readline-common.
Preparing to unpack .../4-readline-common_8.1-2_all.deb ...
Unpacking readline-common (8.1-2) ...
Selecting previously unselected package libreadline8:amd64.
Preparing to unpack .../5-libreadline8_8.1-2_amd64.deb ...
Unpacking libreadline8:amd64 (8.1-2) ...
Selecting previously unselected package libsqlite3-0:amd64.
Preparing to unpack .../6-libsqlite3-0_3.36.0-2_amd64.deb ...
Unpacking libsqlite3-0:amd64 (3.36.0-2) ...
Selecting previously unselected package libpython3.9-stdlib:amd64.
Preparing to unpack .../7-libpython3.9-stdlib_3.9.7-4_amd64.deb ...
Unpacking libpython3.9-stdlib:amd64 (3.9.7-4) ...
Selecting previously unselected package python3.9.
Preparing to unpack .../8-python3.9_3.9.7-4_amd64.deb ...
Unpacking python3.9 (3.9.7-4) ...
Selecting previously unselected package libpython3-stdlib:amd64.
Preparing to unpack .../9-libpython3-stdlib_3.9.2-3_amd64.deb ...
Unpacking libpython3-stdlib:amd64 (3.9.2-3) ...
Setting up python3-minimal (3.9.2-3) ...
Selecting previously unselected package python3.
(Reading database ... 15746 files and directories currently installed.)
Preparing to unpack .../000-python3_3.9.2-3_amd64.deb ...
Unpacking python3 (3.9.2-3) ...
Selecting previously unselected package sensible-utils.
Preparing to unpack .../001-sensible-utils_0.0.17_all.deb ...
Unpacking sensible-utils (0.0.17) ...
Selecting previously unselected package libmagic-mgc.
Preparing to unpack .../002-libmagic-mgc_1%3a5.39-3_amd64.deb ...
Unpacking libmagic-mgc (1:5.39-3) ...
Selecting previously unselected package libmagic1:amd64.
Preparing to unpack .../003-libmagic1_1%3a5.39-3_amd64.deb ...
Unpacking libmagic1:amd64 (1:5.39-3) ...
Selecting previously unselected package file.
Preparing to unpack .../004-file_1%3a5.39-3_amd64.deb ...
Unpacking file (1:5.39-3) ...
Selecting previously unselected package gettext-base.
Preparing to unpack .../005-gettext-base_0.21-4_amd64.deb ...
Unpacking gettext-base (0.21-4) ...
Selecting previously unselected package ucf.
Preparing to unpack .../006-ucf_3.0043_all.deb ...
Moving old data out of the way
Unpacking ucf (3.0043) ...
Selecting previously unselected package hicolor-icon-theme.
Preparing to unpack .../007-hicolor-icon-theme_0.17-2_all.deb ...
Unpacking hicolor-icon-theme (0.17-2) ...
Selecting previously unselected package libgdk-pixbuf2.0-common.
Preparing to unpack .../008-libgdk-pixbuf2.0-common_2.42.6+dfsg-2_all.deb ...
Unpacking libgdk-pixbuf2.0-common (2.42.6+dfsg-2) ...
Selecting previously unselected package libglib2.0-0:amd64.
Preparing to unpack .../009-libglib2.0-0_2.70.0-3_amd64.deb ...
Unpacking libglib2.0-0:amd64 (2.70.0-3) ...
Selecting previously unselected package shared-mime-info.
Preparing to unpack .../010-shared-mime-info_2.0-1_amd64.deb ...
Unpacking shared-mime-info (2.0-1) ...
Selecting previously unselected package libjpeg62-turbo:amd64.
Preparing to unpack .../011-libjpeg62-turbo_1%3a2.0.6-4_amd64.deb ...
Unpacking libjpeg62-turbo:amd64 (1:2.0.6-4) ...
Selecting previously unselected package libpng16-16:amd64.
Preparing to unpack .../012-libpng16-16_1.6.37-3_amd64.deb ...
Unpacking libpng16-16:amd64 (1.6.37-3) ...
Selecting previously unselected package libdeflate0:amd64.
Preparing to unpack .../013-libdeflate0_1.8-1_amd64.deb ...
Unpacking libdeflate0:amd64 (1.8-1) ...
Selecting previously unselected package libjbig0:amd64.
Preparing to unpack .../014-libjbig0_2.1-3.1+b2_amd64.deb ...
Unpacking libjbig0:amd64 (2.1-3.1+b2) ...
Selecting previously unselected package libwebp6:amd64.
Preparing to unpack .../015-libwebp6_0.6.1-2.1_amd64.deb ...
Unpacking libwebp6:amd64 (0.6.1-2.1) ...
Selecting previously unselected package libtiff5:amd64.
Preparing to unpack .../016-libtiff5_4.3.0-2_amd64.deb ...
Unpacking libtiff5:amd64 (4.3.0-2) ...
Selecting previously unselected package libgdk-pixbuf-2.0-0:amd64.
Preparing to unpack .../017-libgdk-pixbuf-2.0-0_2.42.6+dfsg-2_amd64.deb ...
Unpacking libgdk-pixbuf-2.0-0:amd64 (2.42.6+dfsg-2) ...
Selecting previously unselected package gtk-update-icon-cache.
Preparing to unpack .../018-gtk-update-icon-cache_3.24.30-3_amd64.deb ...
Unpacking gtk-update-icon-cache (3.24.30-3) ...
Selecting previously unselected package adwaita-icon-theme.
Preparing to unpack .../019-adwaita-icon-theme_41.0-1_all.deb ...
Unpacking adwaita-icon-theme (41.0-1) ...
Selecting previously unselected package autoconf.
Preparing to unpack .../020-autoconf_2.71-2_all.deb ...
Unpacking autoconf (2.71-2) ...
Selecting previously unselected package autotools-dev.
Preparing to unpack .../021-autotools-dev_20180224.1+nmu1_all.deb ...
Unpacking autotools-dev (20180224.1+nmu1) ...
Selecting previously unselected package automake.
Preparing to unpack .../022-automake_1%3a1.16.5-1_all.deb ...
Unpacking automake (1:1.16.5-1) ...
Selecting previously unselected package autopoint.
Preparing to unpack .../023-autopoint_0.21-4_all.deb ...
Unpacking autopoint (0.21-4) ...
Selecting previously unselected package bison.
Preparing to unpack .../024-bison_2%3a3.8.2+dfsg-1_amd64.deb ...
Unpacking bison (2:3.8.2+dfsg-1) ...
Selecting previously unselected package libdebhelper-perl.
Preparing to unpack .../025-libdebhelper-perl_13.5.2_all.deb ...
Unpacking libdebhelper-perl (13.5.2) ...
Selecting previously unselected package libtool.
Preparing to unpack .../026-libtool_2.4.6-15_all.deb ...
Unpacking libtool (2.4.6-15) ...
Selecting previously unselected package dh-autoreconf.
Preparing to unpack .../027-dh-autoreconf_20_all.deb ...
Unpacking dh-autoreconf (20) ...
Selecting previously unselected package libarchive-zip-perl.
Preparing to unpack .../028-libarchive-zip-perl_1.68-1_all.deb ...
Unpacking libarchive-zip-perl (1.68-1) ...
Selecting previously unselected package libsub-override-perl.
Preparing to unpack .../029-libsub-override-perl_0.09-2_all.deb ...
Unpacking libsub-override-perl (0.09-2) ...
Selecting previously unselected package libfile-stripnondeterminism-perl.
Preparing to unpack .../030-libfile-stripnondeterminism-perl_1.12.0-2_all.deb ...
Unpacking libfile-stripnondeterminism-perl (1.12.0-2) ...
Selecting previously unselected package dh-strip-nondeterminism.
Preparing to unpack .../031-dh-strip-nondeterminism_1.12.0-2_all.deb ...
Unpacking dh-strip-nondeterminism (1.12.0-2) ...
Selecting previously unselected package libelf1:amd64.
Preparing to unpack .../032-libelf1_0.185-2_amd64.deb ...
Unpacking libelf1:amd64 (0.185-2) ...
Selecting previously unselected package dwz.
Preparing to unpack .../033-dwz_0.14-1_amd64.deb ...
Unpacking dwz (0.14-1) ...
Selecting previously unselected package gettext.
Preparing to unpack .../034-gettext_0.21-4_amd64.deb ...
Unpacking gettext (0.21-4) ...
Selecting previously unselected package intltool-debian.
Preparing to unpack .../035-intltool-debian_0.35.0+20060710.5_all.deb ...
Unpacking intltool-debian (0.35.0+20060710.5) ...
Selecting previously unselected package po-debconf.
Preparing to unpack .../036-po-debconf_1.0.21+nmu1_all.deb ...
Unpacking po-debconf (1.0.21+nmu1) ...
Selecting previously unselected package debhelper.
Preparing to unpack .../037-debhelper_13.5.2_all.deb ...
Unpacking debhelper (13.5.2) ...
Selecting previously unselected package python3-lib2to3.
Preparing to unpack .../038-python3-lib2to3_3.9.7-1_all.deb ...
Unpacking python3-lib2to3 (3.9.7-1) ...
Selecting previously unselected package python3-distutils.
Preparing to unpack .../039-python3-distutils_3.9.7-1_all.deb ...
Unpacking python3-distutils (3.9.7-1) ...
Selecting previously unselected package dh-python.
Preparing to unpack .../040-dh-python_5.20211022.1_all.deb ...
Unpacking dh-python (5.20211022.1) ...
Selecting previously unselected package libbrotli1:amd64.
Preparing to unpack .../041-libbrotli1_1.0.9-2+b2_amd64.deb ...
Unpacking libbrotli1:amd64 (1.0.9-2+b2) ...
Selecting previously unselected package libfreetype6:amd64.
Preparing to unpack .../042-libfreetype6_2.11.0+dfsg-1_amd64.deb ...
Unpacking libfreetype6:amd64 (2.11.0+dfsg-1) ...
Selecting previously unselected package fonts-dejavu-core.
Preparing to unpack .../043-fonts-dejavu-core_2.37-2_all.deb ...
Unpacking fonts-dejavu-core (2.37-2) ...
Selecting previously unselected package fontconfig-config.
Preparing to unpack .../044-fontconfig-config_2.13.1-4.2_all.deb ...
Unpacking fontconfig-config (2.13.1-4.2) ...
Selecting previously unselected package libfontconfig1:amd64.
Preparing to unpack .../045-libfontconfig1_2.13.1-4.2_amd64.deb ...
Unpacking libfontconfig1:amd64 (2.13.1-4.2) ...
Selecting previously unselected package fontconfig.
Preparing to unpack .../046-fontconfig_2.13.1-4.2_amd64.deb ...
Unpacking fontconfig (2.13.1-4.2) ...
Selecting previously unselected package libgirepository-1.0-1:amd64.
Preparing to unpack .../047-libgirepository-1.0-1_1.70.0-2_amd64.deb ...
Unpacking libgirepository-1.0-1:amd64 (1.70.0-2) ...
Selecting previously unselected package gir1.2-glib-2.0:amd64.
Preparing to unpack .../048-gir1.2-glib-2.0_1.70.0-2_amd64.deb ...
Unpacking gir1.2-glib-2.0:amd64 (1.70.0-2) ...
Selecting previously unselected package libatk1.0-data.
Preparing to unpack .../049-libatk1.0-data_2.36.0-2_all.deb ...
Unpacking libatk1.0-data (2.36.0-2) ...
Selecting previously unselected package libatk1.0-0:amd64.
Preparing to unpack .../050-libatk1.0-0_2.36.0-2_amd64.deb ...
Unpacking libatk1.0-0:amd64 (2.36.0-2) ...
Selecting previously unselected package gir1.2-atk-1.0:amd64.
Preparing to unpack .../051-gir1.2-atk-1.0_2.36.0-2_amd64.deb ...
Unpacking gir1.2-atk-1.0:amd64 (2.36.0-2) ...
Selecting previously unselected package gir1.2-freedesktop:amd64.
Preparing to unpack .../052-gir1.2-freedesktop_1.70.0-2_amd64.deb ...
Unpacking gir1.2-freedesktop:amd64 (1.70.0-2) ...
Selecting previously unselected package gir1.2-gdkpixbuf-2.0:amd64.
Preparing to unpack .../053-gir1.2-gdkpixbuf-2.0_2.42.6+dfsg-2_amd64.deb ...
Unpacking gir1.2-gdkpixbuf-2.0:amd64 (2.42.6+dfsg-2) ...
Selecting previously unselected package libgtk2.0-common.
Preparing to unpack .../054-libgtk2.0-common_2.24.33-2_all.deb ...
Unpacking libgtk2.0-common (2.24.33-2) ...
Selecting previously unselected package libgraphite2-3:amd64.
Preparing to unpack .../055-libgraphite2-3_1.3.14-1_amd64.deb ...
Unpacking libgraphite2-3:amd64 (1.3.14-1) ...
Selecting previously unselected package libharfbuzz0b:amd64.
Preparing to unpack .../056-libharfbuzz0b_2.7.4-1_amd64.deb ...
Unpacking libharfbuzz0b:amd64 (2.7.4-1) ...
Selecting previously unselected package gir1.2-harfbuzz-0.0:amd64.
Preparing to unpack .../057-gir1.2-harfbuzz-0.0_2.7.4-1_amd64.deb ...
Unpacking gir1.2-harfbuzz-0.0:amd64 (2.7.4-1) ...
Selecting previously unselected package libfribidi0:amd64.
Preparing to unpack .../058-libfribidi0_1.0.8-2_amd64.deb ...
Unpacking libfribidi0:amd64 (1.0.8-2) ...
Selecting previously unselected package libthai-data.
Preparing to unpack .../059-libthai-data_0.1.28-4.1_all.deb ...
Unpacking libthai-data (0.1.28-4.1) ...
Selecting previously unselected package libdatrie1:amd64.
Preparing to unpack .../060-libdatrie1_0.2.13-2_amd64.deb ...
Unpacking libdatrie1:amd64 (0.2.13-2) ...
Selecting previously unselected package libthai0:amd64.
Preparing to unpack .../061-libthai0_0.1.28-4.1_amd64.deb ...
Unpacking libthai0:amd64 (0.1.28-4.1) ...
Selecting previously unselected package libpango-1.0-0:amd64.
Preparing to unpack .../062-libpango-1.0-0_1.48.10+ds1-1_amd64.deb ...
Unpacking libpango-1.0-0:amd64 (1.48.10+ds1-1) ...
Selecting previously unselected package libpixman-1-0:amd64.
Preparing to unpack .../063-libpixman-1-0_0.40.0-1_amd64.deb ...
Unpacking libpixman-1-0:amd64 (0.40.0-1) ...
Selecting previously unselected package libxau6:amd64.
Preparing to unpack .../064-libxau6_1%3a1.0.9-1_amd64.deb ...
Unpacking libxau6:amd64 (1:1.0.9-1) ...
Selecting previously unselected package libxdmcp6:amd64.
Preparing to unpack .../065-libxdmcp6_1%3a1.1.2-3_amd64.deb ...
Unpacking libxdmcp6:amd64 (1:1.1.2-3) ...
Selecting previously unselected package libxcb1:amd64.
Preparing to unpack .../066-libxcb1_1.14-3_amd64.deb ...
Unpacking libxcb1:amd64 (1.14-3) ...
Selecting previously unselected package libx11-data.
Preparing to unpack .../067-libx11-data_2%3a1.7.2-2_all.deb ...
Unpacking libx11-data (2:1.7.2-2) ...
Selecting previously unselected package libx11-6:amd64.
Preparing to unpack .../068-libx11-6_2%3a1.7.2-2+b1_amd64.deb ...
Unpacking libx11-6:amd64 (2:1.7.2-2+b1) ...
Selecting previously unselected package libxcb-render0:amd64.
Preparing to unpack .../069-libxcb-render0_1.14-3_amd64.deb ...
Unpacking libxcb-render0:amd64 (1.14-3) ...
Selecting previously unselected package libxcb-shm0:amd64.
Preparing to unpack .../070-libxcb-shm0_1.14-3_amd64.deb ...
Unpacking libxcb-shm0:amd64 (1.14-3) ...
Selecting previously unselected package libxext6:amd64.
Preparing to unpack .../071-libxext6_2%3a1.3.4-1_amd64.deb ...
Unpacking libxext6:amd64 (2:1.3.4-1) ...
Selecting previously unselected package libxrender1:amd64.
Preparing to unpack .../072-libxrender1_1%3a0.9.10-1_amd64.deb ...
Unpacking libxrender1:amd64 (1:0.9.10-1) ...
Selecting previously unselected package libcairo2:amd64.
Preparing to unpack .../073-libcairo2_1.16.0-5_amd64.deb ...
Unpacking libcairo2:amd64 (1.16.0-5) ...
Selecting previously unselected package libpangoft2-1.0-0:amd64.
Preparing to unpack .../074-libpangoft2-1.0-0_1.48.10+ds1-1_amd64.deb ...
Unpacking libpangoft2-1.0-0:amd64 (1.48.10+ds1-1) ...
Selecting previously unselected package libpangocairo-1.0-0:amd64.
Preparing to unpack .../075-libpangocairo-1.0-0_1.48.10+ds1-1_amd64.deb ...
Unpacking libpangocairo-1.0-0:amd64 (1.48.10+ds1-1) ...
Selecting previously unselected package libxft2:amd64.
Preparing to unpack .../076-libxft2_2.3.2-2_amd64.deb ...
Unpacking libxft2:amd64 (2.3.2-2) ...
Selecting previously unselected package libpangoxft-1.0-0:amd64.
Preparing to unpack .../077-libpangoxft-1.0-0_1.48.10+ds1-1_amd64.deb ...
Unpacking libpangoxft-1.0-0:amd64 (1.48.10+ds1-1) ...
Selecting previously unselected package gir1.2-pango-1.0:amd64.
Preparing to unpack .../078-gir1.2-pango-1.0_1.48.10+ds1-1_amd64.deb ...
Unpacking gir1.2-pango-1.0:amd64 (1.48.10+ds1-1) ...
Selecting previously unselected package libavahi-common-data:amd64.
Preparing to unpack .../079-libavahi-common-data_0.8-5_amd64.deb ...
Unpacking libavahi-common-data:amd64 (0.8-5) ...
Selecting previously unselected package libavahi-common3:amd64.
Preparing to unpack .../080-libavahi-common3_0.8-5_amd64.deb ...
Unpacking libavahi-common3:amd64 (0.8-5) ...
Selecting previously unselected package libdbus-1-3:amd64.
Preparing to unpack .../081-libdbus-1-3_1.12.20-3_amd64.deb ...
Unpacking libdbus-1-3:amd64 (1.12.20-3) ...
Selecting previously unselected package libavahi-client3:amd64.
Preparing to unpack .../082-libavahi-client3_0.8-5_amd64.deb ...
Unpacking libavahi-client3:amd64 (0.8-5) ...
Selecting previously unselected package libcups2:amd64.
Preparing to unpack .../083-libcups2_2.3.3op2-7_amd64.deb ...
Unpacking libcups2:amd64 (2.3.3op2-7) ...
Selecting previously unselected package libxcomposite1:amd64.
Preparing to unpack .../084-libxcomposite1_1%3a0.4.5-1_amd64.deb ...
Unpacking libxcomposite1:amd64 (1:0.4.5-1) ...
Selecting previously unselected package libxfixes3:amd64.
Preparing to unpack .../085-libxfixes3_1%3a5.0.3-2_amd64.deb ...
Unpacking libxfixes3:amd64 (1:5.0.3-2) ...
Selecting previously unselected package libxcursor1:amd64.
Preparing to unpack .../086-libxcursor1_1%3a1.2.0-2_amd64.deb ...
Unpacking libxcursor1:amd64 (1:1.2.0-2) ...
Selecting previously unselected package libxdamage1:amd64.
Preparing to unpack .../087-libxdamage1_1%3a1.1.5-2_amd64.deb ...
Unpacking libxdamage1:amd64 (1:1.1.5-2) ...
Selecting previously unselected package libxi6:amd64.
Preparing to unpack .../088-libxi6_2%3a1.8-1_amd64.deb ...
Unpacking libxi6:amd64 (2:1.8-1) ...
Selecting previously unselected package libxinerama1:amd64.
Preparing to unpack .../089-libxinerama1_2%3a1.1.4-2_amd64.deb ...
Unpacking libxinerama1:amd64 (2:1.1.4-2) ...
Selecting previously unselected package libxrandr2:amd64.
Preparing to unpack .../090-libxrandr2_2%3a1.5.2-1_amd64.deb ...
Unpacking libxrandr2:amd64 (2:1.5.2-1) ...
Selecting previously unselected package libgtk2.0-0:amd64.
Preparing to unpack .../091-libgtk2.0-0_2.24.33-2_amd64.deb ...
Unpacking libgtk2.0-0:amd64 (2.24.33-2) ...
Selecting previously unselected package gir1.2-gtk-2.0:amd64.
Preparing to unpack .../092-gir1.2-gtk-2.0_2.24.33-2_amd64.deb ...
Unpacking gir1.2-gtk-2.0:amd64 (2.24.33-2) ...
Selecting previously unselected package icu-devtools.
Preparing to unpack .../093-icu-devtools_67.1-7_amd64.deb ...
Unpacking icu-devtools (67.1-7) ...
Selecting previously unselected package pkg-config.
Preparing to unpack .../094-pkg-config_0.29.2-1_amd64.deb ...
Unpacking pkg-config (0.29.2-1) ...
Selecting previously unselected package libffi-dev:amd64.
Preparing to unpack .../095-libffi-dev_3.4.2-3_amd64.deb ...
Unpacking libffi-dev:amd64 (3.4.2-3) ...
Selecting previously unselected package libglib2.0-data.
Preparing to unpack .../096-libglib2.0-data_2.70.0-3_all.deb ...
Unpacking libglib2.0-data (2.70.0-3) ...
Selecting previously unselected package libglib2.0-bin.
Preparing to unpack .../097-libglib2.0-bin_2.70.0-3_amd64.deb ...
Unpacking libglib2.0-bin (2.70.0-3) ...
Selecting previously unselected package libglib2.0-dev-bin.
Preparing to unpack .../098-libglib2.0-dev-bin_2.70.0-3_amd64.deb ...
Unpacking libglib2.0-dev-bin (2.70.0-3) ...
Selecting previously unselected package uuid-dev:amd64.
Preparing to unpack .../099-uuid-dev_2.37.2-4_amd64.deb ...
Unpacking uuid-dev:amd64 (2.37.2-4) ...
Selecting previously unselected package libblkid-dev:amd64.
Preparing to unpack .../100-libblkid-dev_2.37.2-4_amd64.deb ...
Unpacking libblkid-dev:amd64 (2.37.2-4) ...
Selecting previously unselected package libsepol1-dev:amd64.
Preparing to unpack .../101-libsepol1-dev_3.1-1_amd64.deb ...
Unpacking libsepol1-dev:amd64 (3.1-1) ...
Selecting previously unselected package libpcre2-16-0:amd64.
Preparing to unpack .../102-libpcre2-16-0_10.36-2_amd64.deb ...
Unpacking libpcre2-16-0:amd64 (10.36-2) ...
Selecting previously unselected package libpcre2-32-0:amd64.
Preparing to unpack .../103-libpcre2-32-0_10.36-2_amd64.deb ...
Unpacking libpcre2-32-0:amd64 (10.36-2) ...
Selecting previously unselected package libpcre2-posix2:amd64.
Preparing to unpack .../104-libpcre2-posix2_10.36-2_amd64.deb ...
Unpacking libpcre2-posix2:amd64 (10.36-2) ...
Selecting previously unselected package libpcre2-dev:amd64.
Preparing to unpack .../105-libpcre2-dev_10.36-2_amd64.deb ...
Unpacking libpcre2-dev:amd64 (10.36-2) ...
Selecting previously unselected package libselinux1-dev:amd64.
Preparing to unpack .../106-libselinux1-dev_3.1-3_amd64.deb ...
Unpacking libselinux1-dev:amd64 (3.1-3) ...
Selecting previously unselected package libmount-dev:amd64.
Preparing to unpack .../107-libmount-dev_2.37.2-4_amd64.deb ...
Unpacking libmount-dev:amd64 (2.37.2-4) ...
Selecting previously unselected package libpcre16-3:amd64.
Preparing to unpack .../108-libpcre16-3_2%3a8.39-13_amd64.deb ...
Unpacking libpcre16-3:amd64 (2:8.39-13) ...
Selecting previously unselected package libpcre32-3:amd64.
Preparing to unpack .../109-libpcre32-3_2%3a8.39-13_amd64.deb ...
Unpacking libpcre32-3:amd64 (2:8.39-13) ...
Selecting previously unselected package libpcrecpp0v5:amd64.
Preparing to unpack .../110-libpcrecpp0v5_2%3a8.39-13_amd64.deb ...
Unpacking libpcrecpp0v5:amd64 (2:8.39-13) ...
Selecting previously unselected package libpcre3-dev:amd64.
Preparing to unpack .../111-libpcre3-dev_2%3a8.39-13_amd64.deb ...
Unpacking libpcre3-dev:amd64 (2:8.39-13) ...
Selecting previously unselected package zlib1g-dev:amd64.
Preparing to unpack .../112-zlib1g-dev_1%3a1.2.11.dfsg-2_amd64.deb ...
Unpacking zlib1g-dev:amd64 (1:1.2.11.dfsg-2) ...
Selecting previously unselected package libglib2.0-dev:amd64.
Preparing to unpack .../113-libglib2.0-dev_2.70.0-3_amd64.deb ...
Unpacking libglib2.0-dev:amd64 (2.70.0-3) ...
Selecting previously unselected package libatk1.0-dev:amd64.
Preparing to unpack .../114-libatk1.0-dev_2.36.0-2_amd64.deb ...
Unpacking libatk1.0-dev:amd64 (2.36.0-2) ...
Selecting previously unselected package libbluetooth3:amd64.
Preparing to unpack .../115-libbluetooth3_5.61-1_amd64.deb ...
Unpacking libbluetooth3:amd64 (5.61-1) ...
Selecting previously unselected package libbluetooth-dev:amd64.
Preparing to unpack .../116-libbluetooth-dev_5.61-1_amd64.deb ...
Unpacking libbluetooth-dev:amd64 (5.61-1) ...
Selecting previously unselected package libbrotli-dev:amd64.
Preparing to unpack .../117-libbrotli-dev_1.0.9-2+b2_amd64.deb ...
Unpacking libbrotli-dev:amd64 (1.0.9-2+b2) ...
Selecting previously unselected package libcairo-gobject2:amd64.
Preparing to unpack .../118-libcairo-gobject2_1.16.0-5_amd64.deb ...
Unpacking libcairo-gobject2:amd64 (1.16.0-5) ...
Selecting previously unselected package liblzo2-2:amd64.
Preparing to unpack .../119-liblzo2-2_2.10-2_amd64.deb ...
Unpacking liblzo2-2:amd64 (2.10-2) ...
Selecting previously unselected package libcairo-script-interpreter2:amd64.
Preparing to unpack .../120-libcairo-script-interpreter2_1.16.0-5_amd64.deb ...
Unpacking libcairo-script-interpreter2:amd64 (1.16.0-5) ...
Selecting previously unselected package libexpat1-dev:amd64.
Preparing to unpack .../121-libexpat1-dev_2.4.1-3_amd64.deb ...
Unpacking libexpat1-dev:amd64 (2.4.1-3) ...
Selecting previously unselected package libpng-dev:amd64.
Preparing to unpack .../122-libpng-dev_1.6.37-3_amd64.deb ...
Unpacking libpng-dev:amd64 (1.6.37-3) ...
Selecting previously unselected package libfreetype-dev:amd64.
Preparing to unpack .../123-libfreetype-dev_2.11.0+dfsg-1_amd64.deb ...
Unpacking libfreetype-dev:amd64 (2.11.0+dfsg-1) ...
Selecting previously unselected package libfreetype6-dev:amd64.
Preparing to unpack .../124-libfreetype6-dev_2.11.0+dfsg-1_amd64.deb ...
Unpacking libfreetype6-dev:amd64 (2.11.0+dfsg-1) ...
Selecting previously unselected package libfontconfig-dev:amd64.
Preparing to unpack .../125-libfontconfig-dev_2.13.1-4.2_amd64.deb ...
Unpacking libfontconfig-dev:amd64 (2.13.1-4.2) ...
Selecting previously unselected package libfontconfig1-dev:amd64.
Preparing to unpack .../126-libfontconfig1-dev_2.13.1-4.2_amd64.deb ...
Unpacking libfontconfig1-dev:amd64 (2.13.1-4.2) ...
Selecting previously unselected package xorg-sgml-doctools.
Preparing to unpack .../127-xorg-sgml-doctools_1%3a1.11-1.1_all.deb ...
Unpacking xorg-sgml-doctools (1:1.11-1.1) ...
Selecting previously unselected package x11proto-dev.
Preparing to unpack .../128-x11proto-dev_2021.5-1_all.deb ...
Unpacking x11proto-dev (2021.5-1) ...
Selecting previously unselected package libxau-dev:amd64.
Preparing to unpack .../129-libxau-dev_1%3a1.0.9-1_amd64.deb ...
Unpacking libxau-dev:amd64 (1:1.0.9-1) ...
Selecting previously unselected package libxdmcp-dev:amd64.
Preparing to unpack .../130-libxdmcp-dev_1%3a1.1.2-3_amd64.deb ...
Unpacking libxdmcp-dev:amd64 (1:1.1.2-3) ...
Selecting previously unselected package xtrans-dev.
Preparing to unpack .../131-xtrans-dev_1.4.0-1_all.deb ...
Unpacking xtrans-dev (1.4.0-1) ...
Selecting previously unselected package libpthread-stubs0-dev:amd64.
Preparing to unpack .../132-libpthread-stubs0-dev_0.4-1_amd64.deb ...
Unpacking libpthread-stubs0-dev:amd64 (0.4-1) ...
Selecting previously unselected package libxcb1-dev:amd64.
Preparing to unpack .../133-libxcb1-dev_1.14-3_amd64.deb ...
Unpacking libxcb1-dev:amd64 (1.14-3) ...
Selecting previously unselected package libx11-dev:amd64.
Preparing to unpack .../134-libx11-dev_2%3a1.7.2-2+b1_amd64.deb ...
Unpacking libx11-dev:amd64 (2:1.7.2-2+b1) ...
Selecting previously unselected package libxrender-dev:amd64.
Preparing to unpack .../135-libxrender-dev_1%3a0.9.10-1_amd64.deb ...
Unpacking libxrender-dev:amd64 (1:0.9.10-1) ...
Selecting previously unselected package libxext-dev:amd64.
Preparing to unpack .../136-libxext-dev_2%3a1.3.4-1_amd64.deb ...
Unpacking libxext-dev:amd64 (2:1.3.4-1) ...
Selecting previously unselected package x11-common.
Preparing to unpack .../137-x11-common_1%3a7.7+23_all.deb ...
Unpacking x11-common (1:7.7+23) ...
Selecting previously unselected package libice6:amd64.
Preparing to unpack .../138-libice6_2%3a1.0.10-1_amd64.deb ...
Unpacking libice6:amd64 (2:1.0.10-1) ...
Selecting previously unselected package libsm6:amd64.
Preparing to unpack .../139-libsm6_2%3a1.2.3-1_amd64.deb ...
Unpacking libsm6:amd64 (2:1.2.3-1) ...
Selecting previously unselected package libice-dev:amd64.
Preparing to unpack .../140-libice-dev_2%3a1.0.10-1_amd64.deb ...
Unpacking libice-dev:amd64 (2:1.0.10-1) ...
Selecting previously unselected package libsm-dev:amd64.
Preparing to unpack .../141-libsm-dev_2%3a1.2.3-1_amd64.deb ...
Unpacking libsm-dev:amd64 (2:1.2.3-1) ...
Selecting previously unselected package libpixman-1-dev:amd64.
Preparing to unpack .../142-libpixman-1-dev_0.40.0-1_amd64.deb ...
Unpacking libpixman-1-dev:amd64 (0.40.0-1) ...
Selecting previously unselected package libxcb-render0-dev:amd64.
Preparing to unpack .../143-libxcb-render0-dev_1.14-3_amd64.deb ...
Unpacking libxcb-render0-dev:amd64 (1.14-3) ...
Selecting previously unselected package libxcb-shm0-dev:amd64.
Preparing to unpack .../144-libxcb-shm0-dev_1.14-3_amd64.deb ...
Unpacking libxcb-shm0-dev:amd64 (1.14-3) ...
Selecting previously unselected package libcairo2-dev:amd64.
Preparing to unpack .../145-libcairo2-dev_1.16.0-5_amd64.deb ...
Unpacking libcairo2-dev:amd64 (1.16.0-5) ...
Selecting previously unselected package libdatrie-dev:amd64.
Preparing to unpack .../146-libdatrie-dev_0.2.13-2_amd64.deb ...
Unpacking libdatrie-dev:amd64 (0.2.13-2) ...
Selecting previously unselected package libdeflate-dev:amd64.
Preparing to unpack .../147-libdeflate-dev_1.8-1_amd64.deb ...
Unpacking libdeflate-dev:amd64 (1.8-1) ...
Selecting previously unselected package libfribidi-dev:amd64.
Preparing to unpack .../148-libfribidi-dev_1.0.8-2_amd64.deb ...
Unpacking libfribidi-dev:amd64 (1.0.8-2) ...
Selecting previously unselected package libgdk-pixbuf2.0-bin.
Preparing to unpack .../149-libgdk-pixbuf2.0-bin_2.42.6+dfsg-2_amd64.deb ...
Unpacking libgdk-pixbuf2.0-bin (2.42.6+dfsg-2) ...
Selecting previously unselected package libjpeg62-turbo-dev:amd64.
Preparing to unpack .../150-libjpeg62-turbo-dev_1%3a2.0.6-4_amd64.deb ...
Unpacking libjpeg62-turbo-dev:amd64 (1:2.0.6-4) ...
Selecting previously unselected package libjpeg-dev:amd64.
Preparing to unpack .../151-libjpeg-dev_1%3a2.0.6-4_amd64.deb ...
Unpacking libjpeg-dev:amd64 (1:2.0.6-4) ...
Selecting previously unselected package libjbig-dev:amd64.
Preparing to unpack .../152-libjbig-dev_2.1-3.1+b2_amd64.deb ...
Unpacking libjbig-dev:amd64 (2.1-3.1+b2) ...
Selecting previously unselected package liblzma-dev:amd64.
Preparing to unpack .../153-liblzma-dev_5.2.5-2_amd64.deb ...
Unpacking liblzma-dev:amd64 (5.2.5-2) ...
Selecting previously unselected package libtiffxx5:amd64.
Preparing to unpack .../154-libtiffxx5_4.3.0-2_amd64.deb ...
Unpacking libtiffxx5:amd64 (4.3.0-2) ...
Selecting previously unselected package libtiff-dev:amd64.
Preparing to unpack .../155-libtiff-dev_4.3.0-2_amd64.deb ...
Unpacking libtiff-dev:amd64 (4.3.0-2) ...
Selecting previously unselected package libgdk-pixbuf-2.0-dev:amd64.
Preparing to unpack .../156-libgdk-pixbuf-2.0-dev_2.42.6+dfsg-2_amd64.deb ...
Unpacking libgdk-pixbuf-2.0-dev:amd64 (2.42.6+dfsg-2) ...
Selecting previously unselected package libgraphite2-dev:amd64.
Preparing to unpack .../157-libgraphite2-dev_1.3.14-1_amd64.deb ...
Unpacking libgraphite2-dev:amd64 (1.3.14-1) ...
Selecting previously unselected package libharfbuzz-icu0:amd64.
Preparing to unpack .../158-libharfbuzz-icu0_2.7.4-1_amd64.deb ...
Unpacking libharfbuzz-icu0:amd64 (2.7.4-1) ...
Selecting previously unselected package libharfbuzz-gobject0:amd64.
Preparing to unpack .../159-libharfbuzz-gobject0_2.7.4-1_amd64.deb ...
Unpacking libharfbuzz-gobject0:amd64 (2.7.4-1) ...
Selecting previously unselected package libicu-dev:amd64.
Preparing to unpack .../160-libicu-dev_67.1-7_amd64.deb ...
Unpacking libicu-dev:amd64 (67.1-7) ...
Selecting previously unselected package libharfbuzz-dev:amd64.
Preparing to unpack .../161-libharfbuzz-dev_2.7.4-1_amd64.deb ...
Unpacking libharfbuzz-dev:amd64 (2.7.4-1) ...
Selecting previously unselected package libthai-dev:amd64.
Preparing to unpack .../162-libthai-dev_0.1.28-4.1_amd64.deb ...
Unpacking libthai-dev:amd64 (0.1.28-4.1) ...
Selecting previously unselected package libxft-dev:amd64.
Preparing to unpack .../163-libxft-dev_2.3.2-2_amd64.deb ...
Unpacking libxft-dev:amd64 (2.3.2-2) ...
Selecting previously unselected package pango1.0-tools.
Preparing to unpack .../164-pango1.0-tools_1.48.10+ds1-1_amd64.deb ...
Unpacking pango1.0-tools (1.48.10+ds1-1) ...
Selecting previously unselected package libpango1.0-dev:amd64.
Preparing to unpack .../165-libpango1.0-dev_1.48.10+ds1-1_amd64.deb ...
Unpacking libpango1.0-dev:amd64 (1.48.10+ds1-1) ...
Selecting previously unselected package libxinerama-dev:amd64.
Preparing to unpack .../166-libxinerama-dev_2%3a1.1.4-2_amd64.deb ...
Unpacking libxinerama-dev:amd64 (2:1.1.4-2) ...
Selecting previously unselected package libxfixes-dev:amd64.
Preparing to unpack .../167-libxfixes-dev_1%3a5.0.3-2_amd64.deb ...
Unpacking libxfixes-dev:amd64 (1:5.0.3-2) ...
Selecting previously unselected package libxi-dev:amd64.
Preparing to unpack .../168-libxi-dev_2%3a1.8-1_amd64.deb ...
Unpacking libxi-dev:amd64 (2:1.8-1) ...
Selecting previously unselected package libxrandr-dev:amd64.
Preparing to unpack .../169-libxrandr-dev_2%3a1.5.2-1_amd64.deb ...
Unpacking libxrandr-dev:amd64 (2:1.5.2-1) ...
Selecting previously unselected package libxcursor-dev:amd64.
Preparing to unpack .../170-libxcursor-dev_1%3a1.2.0-2_amd64.deb ...
Unpacking libxcursor-dev:amd64 (1:1.2.0-2) ...
Selecting previously unselected package libxcomposite-dev:amd64.
Preparing to unpack .../171-libxcomposite-dev_1%3a0.4.5-1_amd64.deb ...
Unpacking libxcomposite-dev:amd64 (1:0.4.5-1) ...
Selecting previously unselected package libxdamage-dev:amd64.
Preparing to unpack .../172-libxdamage-dev_1%3a1.1.5-2_amd64.deb ...
Unpacking libxdamage-dev:amd64 (1:1.1.5-2) ...
Selecting previously unselected package libxml2-utils.
Preparing to unpack .../173-libxml2-utils_2.9.12+dfsg-5_amd64.deb ...
Unpacking libxml2-utils (2.9.12+dfsg-5) ...
Selecting previously unselected package libgtk2.0-dev:amd64.
Preparing to unpack .../174-libgtk2.0-dev_2.24.33-2_amd64.deb ...
Unpacking libgtk2.0-dev:amd64 (2.24.33-2) ...
Selecting previously unselected package libjs-jquery.
Preparing to unpack .../175-libjs-jquery_3.5.1+dfsg+~3.5.5-8_all.deb ...
Unpacking libjs-jquery (3.5.1+dfsg+~3.5.5-8) ...
Selecting previously unselected package libjs-underscore.
Preparing to unpack .../176-libjs-underscore_1.9.1~dfsg-4_all.deb ...
Unpacking libjs-underscore (1.9.1~dfsg-4) ...
Selecting previously unselected package libjs-sphinxdoc.
Preparing to unpack .../177-libjs-sphinxdoc_4.2.0-5_all.deb ...
Unpacking libjs-sphinxdoc (4.2.0-5) ...
Selecting previously unselected package libpython3.9:amd64.
Preparing to unpack .../178-libpython3.9_3.9.7-4_amd64.deb ...
Unpacking libpython3.9:amd64 (3.9.7-4) ...
Selecting previously unselected package libpython3.9-dev:amd64.
Preparing to unpack .../179-libpython3.9-dev_3.9.7-4_amd64.deb ...
Unpacking libpython3.9-dev:amd64 (3.9.7-4) ...
Selecting previously unselected package libpython3-dev:amd64.
Preparing to unpack .../180-libpython3-dev_3.9.2-3_amd64.deb ...
Unpacking libpython3-dev:amd64 (3.9.2-3) ...
Selecting previously unselected package python3.9-dev.
Preparing to unpack .../181-python3.9-dev_3.9.7-4_amd64.deb ...
Unpacking python3.9-dev (3.9.7-4) ...
Selecting previously unselected package python3-dev.
Preparing to unpack .../182-python3-dev_3.9.2-3_amd64.deb ...
Unpacking python3-dev (3.9.2-3) ...
Selecting previously unselected package sbuild-build-depends-main-dummy.
Preparing to unpack .../183-sbuild-build-depends-main-dummy_0.invalid.0_amd64.deb ...
Unpacking sbuild-build-depends-main-dummy (0.invalid.0) ...
Setting up media-types (4.0.0) ...
Setting up libpcrecpp0v5:amd64 (2:8.39-13) ...
Setting up libpipeline1:amd64 (1.5.3-1) ...
Setting up libgraphite2-3:amd64 (1.3.14-1) ...
Setting up libpixman-1-0:amd64 (0.40.0-1) ...
Setting up libxau6:amd64 (1:1.0.9-1) ...
Setting up libxdmcp6:amd64 (1:1.1.2-3) ...
Setting up libxcb1:amd64 (1.14-3) ...
Setting up libpixman-1-dev:amd64 (0.40.0-1) ...
Setting up bsdextrautils (2.37.2-4) ...
update-alternatives: using /usr/bin/write.ul to provide /usr/bin/write (write) in auto mode
Setting up libpcre16-3:amd64 (2:8.39-13) ...
Setting up hicolor-icon-theme (0.17-2) ...
Setting up libdatrie1:amd64 (0.2.13-2) ...
Setting up libmagic-mgc (1:5.39-3) ...
Setting up libxcb-render0:amd64 (1.14-3) ...
Setting up libarchive-zip-perl (1.68-1) ...
Setting up libglib2.0-0:amd64 (2.70.0-3) ...
No schema files found: doing nothing.
Setting up libdebhelper-perl (13.5.2) ...
Setting up libbrotli1:amd64 (1.0.9-2+b2) ...
Setting up libsqlite3-0:amd64 (3.36.0-2) ...
Setting up libgdk-pixbuf2.0-common (2.42.6+dfsg-2) ...
Setting up x11-common (1:7.7+23) ...
invoke-rc.d: could not determine current runlevel
All runlevel operations denied by policy
invoke-rc.d: policy-rc.d denied execution of restart.
Setting up libmagic1:amd64 (1:5.39-3) ...
Setting up libsepol1-dev:amd64 (3.1-1) ...
Setting up libdeflate0:amd64 (1.8-1) ...
Setting up gettext-base (0.21-4) ...
Setting up liblzo2-2:amd64 (2.10-2) ...
Setting up libxcb-shm0:amd64 (1.14-3) ...
Setting up file (1:5.39-3) ...
Setting up libffi-dev:amd64 (3.4.2-3) ...
Setting up libpthread-stubs0-dev:amd64 (0.4-1) ...
Setting up libjbig0:amd64 (2.1-3.1+b2) ...
Setting up libpcre2-16-0:amd64 (10.36-2) ...
Setting up xtrans-dev (1.4.0-1) ...
Setting up libgraphite2-dev:amd64 (1.3.14-1) ...
Setting up autotools-dev (20180224.1+nmu1) ...
Setting up libpcre2-32-0:amd64 (10.36-2) ...
Setting up libglib2.0-data (2.70.0-3) ...
Setting up libexpat1-dev:amd64 (2.4.1-3) ...
Setting up libjpeg62-turbo:amd64 (1:2.0.6-4) ...
Setting up libx11-data (2:1.7.2-2) ...
Setting up libjpeg62-turbo-dev:amd64 (1:2.0.6-4) ...
Setting up uuid-dev:amd64 (2.37.2-4) ...
Setting up libavahi-common-data:amd64 (0.8-5) ...
Setting up libdbus-1-3:amd64 (1.12.20-3) ...
Setting up libsigsegv2:amd64 (2.13-1) ...
Setting up libfribidi0:amd64 (1.0.8-2) ...
Setting up shared-mime-info (2.0-1) ...
Setting up libpng16-16:amd64 (1.6.37-3) ...
Setting up libpcre32-3:amd64 (2:8.39-13) ...
Setting up autopoint (0.21-4) ...
Setting up libwebp6:amd64 (0.6.1-2.1) ...
Setting up icu-devtools (67.1-7) ...
Setting up pkg-config (0.29.2-1) ...
Setting up fonts-dejavu-core (2.37-2) ...
Setting up libpcre2-posix2:amd64 (10.36-2) ...
Setting up libncursesw6:amd64 (6.2+20210905-1) ...
Setting up liblzma-dev:amd64 (5.2.5-2) ...
Setting up zlib1g-dev:amd64 (1:1.2.11.dfsg-2) ...
Setting up libatk1.0-data (2.36.0-2) ...
Setting up libdatrie-dev:amd64 (0.2.13-2) ...
Setting up sensible-utils (0.0.17) ...
Setting up libbluetooth3:amd64 (5.61-1) ...
Setting up libuchardet0:amd64 (0.0.7-1) ...
Setting up libmpdec3:amd64 (2.5.1-2) ...
Setting up libsub-override-perl (0.09-2) ...
Setting up libx11-6:amd64 (2:1.7.2-2+b1) ...
Setting up libthai-data (0.1.28-4.1) ...
Setting up libgirepository-1.0-1:amd64 (1.70.0-2) ...
Setting up xorg-sgml-doctools (1:1.11-1.1) ...
Setting up libgtk2.0-common (2.24.33-2) ...
Setting up libatk1.0-0:amd64 (2.36.0-2) ...
Setting up libtiff5:amd64 (4.3.0-2) ...
Setting up libjs-jquery (3.5.1+dfsg+~3.5.5-8) ...
Setting up libxml2-utils (2.9.12+dfsg-5) ...
Setting up libdeflate-dev:amd64 (1.8-1) ...
Setting up libelf1:amd64 (0.185-2) ...
Setting up libxcomposite1:amd64 (1:0.4.5-1) ...
Setting up readline-common (8.1-2) ...
Setting up libicu-dev:amd64 (67.1-7) ...
Setting up libbrotli-dev:amd64 (1.0.9-2+b2) ...
Setting up libtiffxx5:amd64 (4.3.0-2) ...
Setting up libjs-underscore (1.9.1~dfsg-4) ...
Setting up x11proto-dev (2021.5-1) ...
Setting up libfile-stripnondeterminism-perl (1.12.0-2) ...
Setting up libblkid-dev:amd64 (2.37.2-4) ...
Setting up libice6:amd64 (2:1.0.10-1) ...
Setting up gettext (0.21-4) ...
Setting up libxdamage1:amd64 (1:1.1.5-2) ...
Setting up libxau-dev:amd64 (1:1.0.9-1) ...
Setting up libpcre2-dev:amd64 (10.36-2) ...
Setting up libxrender1:amd64 (1:0.9.10-1) ...
Setting up libice-dev:amd64 (2:1.0.10-1) ...
Setting up libtool (2.4.6-15) ...
Setting up libselinux1-dev:amd64 (3.1-3) ...
Setting up libpcre3-dev:amd64 (2:8.39-13) ...
Setting up libfribidi-dev:amd64 (1.0.8-2) ...
Setting up libreadline8:amd64 (8.1-2) ...
Setting up libpng-dev:amd64 (1.6.37-3) ...
Setting up libavahi-common3:amd64 (0.8-5) ...
Setting up libjpeg-dev:amd64 (1:2.0.6-4) ...
Setting up libjbig-dev:amd64 (2.1-3.1+b2) ...
Setting up libxext6:amd64 (2:1.3.4-1) ...
Setting up libglib2.0-bin (2.70.0-3) ...
Setting up m4 (1.4.18-5) ...
Setting up intltool-debian (0.35.0+20060710.5) ...
Setting up libthai0:amd64 (0.1.28-4.1) ...
Setting up libxdmcp-dev:amd64 (1:1.1.2-3) ...
Setting up libfreetype6:amd64 (2.11.0+dfsg-1) ...
Setting up libtiff-dev:amd64 (4.3.0-2) ...
Setting up libxfixes3:amd64 (1:5.0.3-2) ...
Setting up libxinerama1:amd64 (2:1.1.4-2) ...
Setting up libbluetooth-dev:amd64 (5.61-1) ...
Setting up libxrandr2:amd64 (2:1.5.2-1) ...
Setting up ucf (3.0043) ...
Setting up gir1.2-glib-2.0:amd64 (1.70.0-2) ...
Setting up libjs-sphinxdoc (4.2.0-5) ...
Setting up autoconf (2.71-2) ...
Setting up libthai-dev:amd64 (0.1.28-4.1) ...
Setting up dh-strip-nondeterminism (1.12.0-2) ...
Setting up dwz (0.14-1) ...
Setting up groff-base (1.22.4-7) ...
Setting up bison (2:3.8.2+dfsg-1) ...
update-alternatives: using /usr/bin/bison.yacc to provide /usr/bin/yacc (yacc) in auto mode
Setting up libharfbuzz0b:amd64 (2.7.4-1) ...
Setting up libgdk-pixbuf-2.0-0:amd64 (2.42.6+dfsg-2) ...
Setting up libsm6:amd64 (2:1.2.3-1) ...
Setting up libavahi-client3:amd64 (0.8-5) ...
Setting up libmount-dev:amd64 (2.37.2-4) ...
Setting up libpython3.9-stdlib:amd64 (3.9.7-4) ...
Setting up libpython3-stdlib:amd64 (3.9.2-3) ...
Setting up automake (1:1.16.5-1) ...
update-alternatives: using /usr/bin/automake-1.16 to provide /usr/bin/automake (automake) in auto mode
Setting up gtk-update-icon-cache (3.24.30-3) ...
Setting up flex (2.6.4-8) ...
Setting up gir1.2-freedesktop:amd64 (1.70.0-2) ...
Setting up libharfbuzz-icu0:amd64 (2.7.4-1) ...
Setting up libxcb1-dev:amd64 (1.14-3) ...
Setting up libxi6:amd64 (2:1.8-1) ...
Setting up gir1.2-gdkpixbuf-2.0:amd64 (2.42.6+dfsg-2) ...
Setting up gir1.2-atk-1.0:amd64 (2.36.0-2) ...
Setting up libsm-dev:amd64 (2:1.2.3-1) ...
Setting up fontconfig-config (2.13.1-4.2) ...
Setting up po-debconf (1.0.21+nmu1) ...
Setting up libxcursor1:amd64 (1:1.2.0-2) ...
Setting up libx11-dev:amd64 (2:1.7.2-2+b1) ...
Setting up libharfbuzz-gobject0:amd64 (2.7.4-1) ...
Setting up man-db (2.9.4-2) ...
Not building database; man-db/auto-update is not 'true'.
Setting up gir1.2-harfbuzz-0.0:amd64 (2.7.4-1) ...
Setting up libfreetype-dev:amd64 (2.11.0+dfsg-1) ...
Setting up libxfixes-dev:amd64 (1:5.0.3-2) ...
Setting up dh-autoreconf (20) ...
Setting up libxcb-shm0-dev:amd64 (1.14-3) ...
Setting up libpython3.9:amd64 (3.9.7-4) ...
Setting up adwaita-icon-theme (41.0-1) ...
update-alternatives: using /usr/share/icons/Adwaita/cursor.theme to provide /usr/share/icons/default/index.theme (x-cursor-theme) in auto mode
Setting up libxcb-render0-dev:amd64 (1.14-3) ...
Setting up libxext-dev:amd64 (2:1.3.4-1) ...
Setting up libcups2:amd64 (2.3.3op2-7) ...
Setting up libgdk-pixbuf2.0-bin (2.42.6+dfsg-2) ...
Setting up libfontconfig1:amd64 (2.13.1-4.2) ...
Setting up libxi-dev:amd64 (2:1.8-1) ...
Setting up libxrender-dev:amd64 (1:0.9.10-1) ...
Setting up python3.9 (3.9.7-4) ...
Setting up libxdamage-dev:amd64 (1:1.1.5-2) ...
Setting up fontconfig (2.13.1-4.2) ...
Regenerating fonts cache... done.
Setting up libxft2:amd64 (2.3.2-2) ...
Setting up libxcomposite-dev:amd64 (1:0.4.5-1) ...
Setting up libxcursor-dev:amd64 (1:1.2.0-2) ...
Setting up libpango-1.0-0:amd64 (1.48.10+ds1-1) ...
Setting up libpython3.9-dev:amd64 (3.9.7-4) ...
Setting up debhelper (13.5.2) ...
Setting up python3 (3.9.2-3) ...
Setting up libcairo2:amd64 (1.16.0-5) ...
Setting up libfreetype6-dev:amd64 (2.11.0+dfsg-1) ...
Setting up libxrandr-dev:amd64 (2:1.5.2-1) ...
Setting up libxinerama-dev:amd64 (2:1.1.4-2) ...
Setting up python3.9-dev (3.9.7-4) ...
Setting up libcairo-gobject2:amd64 (1.16.0-5) ...
Setting up libpangoft2-1.0-0:amd64 (1.48.10+ds1-1) ...
Setting up python3-lib2to3 (3.9.7-1) ...
Setting up libpangocairo-1.0-0:amd64 (1.48.10+ds1-1) ...
Setting up python3-distutils (3.9.7-1) ...
Setting up dh-python (5.20211022.1) ...
Setting up libcairo-script-interpreter2:amd64 (1.16.0-5) ...
Setting up libglib2.0-dev-bin (2.70.0-3) ...
Setting up libpython3-dev:amd64 (3.9.2-3) ...
Setting up libpangoxft-1.0-0:amd64 (1.48.10+ds1-1) ...
Setting up libfontconfig-dev:amd64 (2.13.1-4.2) ...
Setting up libgtk2.0-0:amd64 (2.24.33-2) ...
Setting up pango1.0-tools (1.48.10+ds1-1) ...
Setting up gir1.2-pango-1.0:amd64 (1.48.10+ds1-1) ...
Setting up libglib2.0-dev:amd64 (2.70.0-3) ...
Setting up gir1.2-gtk-2.0:amd64 (2.24.33-2) ...
Setting up python3-dev (3.9.2-3) ...
Setting up libcairo2-dev:amd64 (1.16.0-5) ...
Setting up libatk1.0-dev:amd64 (2.36.0-2) ...
Setting up libxft-dev:amd64 (2.3.2-2) ...
Setting up libgdk-pixbuf-2.0-dev:amd64 (2.42.6+dfsg-2) ...
Setting up libharfbuzz-dev:amd64 (2.7.4-1) ...
Setting up libfontconfig1-dev:amd64 (2.13.1-4.2) ...
Setting up libpango1.0-dev:amd64 (1.48.10+ds1-1) ...
Setting up libgtk2.0-dev:amd64 (2.24.33-2) ...
Setting up sbuild-build-depends-main-dummy (0.invalid.0) ...
Processing triggers for libc-bin (2.32-4) ...

+------------------------------------------------------------------------------+
| Check architectures                                                          |
+------------------------------------------------------------------------------+

Arch check ok (amd64 included in any)

+------------------------------------------------------------------------------+
| Build environment                                                            |
+------------------------------------------------------------------------------+

Kernel: Linux 4.19.0-6-cloud-amd64 #1 SMP Debian 4.19.67-2+deb10u2 (2019-11-11) amd64 (x86_64)
Toolchain package versions: binutils_2.37-7 dpkg-dev_1.20.9 g++-11_11.2.0-10 gcc-11_11.2.0-10 libc6-dev_2.32-4 libstdc++-11-dev_11.2.0-10 libstdc++6_11.2.0-10 linux-libc-dev_5.14.12-1
Package versions: adduser_3.118 adwaita-icon-theme_41.0-1 apt_2.3.11 autoconf_2.71-2 automake_1:1.16.5-1 autopoint_0.21-4 autotools-dev_20180224.1+nmu1 base-files_12 base-passwd_3.5.52 bash_5.1-3+b2 binutils_2.37-7 binutils-common_2.37-7 binutils-x86-64-linux-gnu_2.37-7 bison_2:3.8.2+dfsg-1 bsdextrautils_2.37.2-4 bsdutils_1:2.37.2-4 build-essential_12.9 bzip2_1.0.8-4 clang-13_1:13.0.0-8 coreutils_8.32-4+b1 cpp_4:11.2.0-2 cpp-11_11.2.0-10 dash_0.5.11+git20210120+802ebd4-2 debconf_1.5.78 debhelper_13.5.2 debian-archive-keyring_2021.1.1 debianutils_5.5-1 dh-autoreconf_20 dh-python_5.20211022.1 dh-strip-nondeterminism_1.12.0-2 diffutils_1:3.7-5 dpkg_1.20.9 dpkg-dev_1.20.9 dwz_0.14-1 e2fsprogs_1.46.4-1 fakeroot_1.26-1 file_1:5.39-3 findutils_4.8.0-1 flex_2.6.4-8 fontconfig_2.13.1-4.2 fontconfig-config_2.13.1-4.2 fonts-dejavu-core_2.37-2 g++_4:11.2.0-2 g++-11_11.2.0-10 gcc_4:11.2.0-2 gcc-10-base_10.3.0-11 gcc-11_11.2.0-10 gcc-11-base_11.2.0-10 gcc-9-base_9.4.0-3 gettext_0.21-4 gettext-base_0.21-4 gir1.2-atk-1.0_2.36.0-2 gir1.2-freedesktop_1.70.0-2 gir1.2-gdkpixbuf-2.0_2.42.6+dfsg-2 gir1.2-glib-2.0_1.70.0-2 gir1.2-gtk-2.0_2.24.33-2 gir1.2-harfbuzz-0.0_2.7.4-1 gir1.2-pango-1.0_1.48.10+ds1-1 gpgv_2.2.27-2 grep_3.7-1 groff-base_1.22.4-7 gtk-update-icon-cache_3.24.30-3 gzip_1.10-4 hicolor-icon-theme_0.17-2 hostname_3.23 icu-devtools_67.1-7 init-system-helpers_1.60 intltool-debian_0.35.0+20060710.5 lib32gcc-s1_11.2.0-10 lib32stdc++6_11.2.0-10 libacl1_2.3.1-1 libapt-pkg6.0_2.3.11 libarchive-zip-perl_1.68-1 libasan5_9.4.0-3 libasan6_11.2.0-10 libatk1.0-0_2.36.0-2 libatk1.0-data_2.36.0-2 libatk1.0-dev_2.36.0-2 libatomic1_11.2.0-10 libattr1_1:2.5.1-1 libaudit-common_1:3.0.6-1 libaudit1_1:3.0.6-1 libavahi-client3_0.8-5 libavahi-common-data_0.8-5 libavahi-common3_0.8-5 libbinutils_2.37-7 libblkid-dev_2.37.2-4 libblkid1_2.37.2-4 libbluetooth-dev_5.61-1 libbluetooth3_5.61-1 libbrotli-dev_1.0.9-2+b2 libbrotli1_1.0.9-2+b2 libbsd0_0.11.3-1 libbz2-1.0_1.0.8-4 libc-bin_2.32-4 libc-dev-bin_2.32-4 libc6_2.32-4 libc6-dev_2.32-4 libc6-i386_2.32-4 libcairo-gobject2_1.16.0-5 libcairo-script-interpreter2_1.16.0-5 libcairo2_1.16.0-5 libcairo2-dev_1.16.0-5 libcap-ng0_0.7.9-2.2+b1 libcap2_1:2.44-1 libcc1-0_11.2.0-10 libclang-common-13-dev_1:13.0.0-8 libclang-cpp13_1:13.0.0-8 libclang1-13_1:13.0.0-8 libcom-err2_1.46.4-1 libcrypt-dev_1:4.4.25-2 libcrypt1_1:4.4.25-2 libctf-nobfd0_2.37-7 libctf0_2.37-7 libcups2_2.3.3op2-7 libdatrie-dev_0.2.13-2 libdatrie1_0.2.13-2 libdb5.3_5.3.28+dfsg1-0.8 libdbus-1-3_1.12.20-3 libdebconfclient0_0.260 libdebhelper-perl_13.5.2 libdeflate-dev_1.8-1 libdeflate0_1.8-1 libdpkg-perl_1.20.9 libedit2_3.1-20210910-1 libelf1_0.185-2 libexpat1_2.4.1-3 libexpat1-dev_2.4.1-3 libext2fs2_1.46.4-1 libfakeroot_1.26-1 libffi-dev_3.4.2-3 libffi8_3.4.2-3 libfile-stripnondeterminism-perl_1.12.0-2 libfontconfig-dev_2.13.1-4.2 libfontconfig1_2.13.1-4.2 libfontconfig1-dev_2.13.1-4.2 libfreetype-dev_2.11.0+dfsg-1 libfreetype6_2.11.0+dfsg-1 libfreetype6-dev_2.11.0+dfsg-1 libfribidi-dev_1.0.8-2 libfribidi0_1.0.8-2 libgc1_1:8.0.4-3 libgcc-11-dev_11.2.0-10 libgcc-9-dev_9.4.0-3 libgcc-s1_11.2.0-10 libgcrypt20_1.9.4-3+b1 libgdbm-compat4_1.22-1 libgdbm6_1.22-1 libgdk-pixbuf-2.0-0_2.42.6+dfsg-2 libgdk-pixbuf-2.0-dev_2.42.6+dfsg-2 libgdk-pixbuf2.0-bin_2.42.6+dfsg-2 libgdk-pixbuf2.0-common_2.42.6+dfsg-2 libgirepository-1.0-1_1.70.0-2 libglib2.0-0_2.70.0-3 libglib2.0-bin_2.70.0-3 libglib2.0-data_2.70.0-3 libglib2.0-dev_2.70.0-3 libglib2.0-dev-bin_2.70.0-3 libgmp10_2:6.2.1+dfsg-2 libgnutls30_3.7.2-2 libgomp1_11.2.0-10 libgpg-error0_1.42-3 libgraphite2-3_1.3.14-1 libgraphite2-dev_1.3.14-1 libgssapi-krb5-2_1.18.3-7 libgtk2.0-0_2.24.33-2 libgtk2.0-common_2.24.33-2 libgtk2.0-dev_2.24.33-2 libharfbuzz-dev_2.7.4-1 libharfbuzz-gobject0_2.7.4-1 libharfbuzz-icu0_2.7.4-1 libharfbuzz0b_2.7.4-1 libhogweed6_3.7.3-1 libice-dev_2:1.0.10-1 libice6_2:1.0.10-1 libicu-dev_67.1-7 libicu67_67.1-7 libidn2-0_2.3.2-2 libisl23_0.24-2 libitm1_11.2.0-10 libjbig-dev_2.1-3.1+b2 libjbig0_2.1-3.1+b2 libjpeg-dev_1:2.0.6-4 libjpeg62-turbo_1:2.0.6-4 libjpeg62-turbo-dev_1:2.0.6-4 libjs-jquery_3.5.1+dfsg+~3.5.5-8 libjs-sphinxdoc_4.2.0-5 libjs-underscore_1.9.1~dfsg-4 libk5crypto3_1.18.3-7 libkeyutils1_1.6.1-2 libkrb5-3_1.18.3-7 libkrb5support0_1.18.3-7 libllvm13_1:13.0.0-8 liblsan0_11.2.0-10 liblz4-1_1.9.3-2 liblzma-dev_5.2.5-2 liblzma5_5.2.5-2 liblzo2-2_2.10-2 libmagic-mgc_1:5.39-3 libmagic1_1:5.39-3 libmd0_1.0.4-1 libmount-dev_2.37.2-4 libmount1_2.37.2-4 libmpc3_1.2.1-1 libmpdec3_2.5.1-2 libmpfr6_4.1.0-3 libncursesw6_6.2+20210905-1 libnettle8_3.7.3-1 libnsl-dev_1.3.0-2 libnsl2_1.3.0-2 libobjc-11-dev_11.2.0-10 libobjc-9-dev_9.4.0-3 libobjc4_11.2.0-10 libomp-13-dev_1:13.0.0-8 libomp5-13_1:13.0.0-8 libp11-kit0_0.24.0-5 libpam-modules_1.4.0-10 libpam-modules-bin_1.4.0-10 libpam-runtime_1.4.0-10 libpam0g_1.4.0-10 libpango-1.0-0_1.48.10+ds1-1 libpango1.0-dev_1.48.10+ds1-1 libpangocairo-1.0-0_1.48.10+ds1-1 libpangoft2-1.0-0_1.48.10+ds1-1 libpangoxft-1.0-0_1.48.10+ds1-1 libpcre16-3_2:8.39-13 libpcre2-16-0_10.36-2 libpcre2-32-0_10.36-2 libpcre2-8-0_10.36-2 libpcre2-dev_10.36-2 libpcre2-posix2_10.36-2 libpcre3_2:8.39-13 libpcre3-dev_2:8.39-13 libpcre32-3_2:8.39-13 libpcrecpp0v5_2:8.39-13 libperl5.32_5.32.1-6 libpipeline1_1.5.3-1 libpixman-1-0_0.40.0-1 libpixman-1-dev_0.40.0-1 libpng-dev_1.6.37-3 libpng16-16_1.6.37-3 libpthread-stubs0-dev_0.4-1 libpython3-dev_3.9.2-3 libpython3-stdlib_3.9.2-3 libpython3.9_3.9.7-4 libpython3.9-dev_3.9.7-4 libpython3.9-minimal_3.9.7-4 libpython3.9-stdlib_3.9.7-4 libquadmath0_11.2.0-10 libreadline8_8.1-2 libseccomp2_2.5.2-2 libselinux1_3.1-3 libselinux1-dev_3.1-3 libsemanage-common_3.1-1 libsemanage1_3.1-1+b2 libsepol1_3.1-1 libsepol1-dev_3.1-1 libsigsegv2_2.13-1 libsm-dev_2:1.2.3-1 libsm6_2:1.2.3-1 libsmartcols1_2.37.2-4 libsqlite3-0_3.36.0-2 libss2_1.46.4-1 libssl1.1_1.1.1l-1 libstdc++-11-dev_11.2.0-10 libstdc++6_11.2.0-10 libsub-override-perl_0.09-2 libsystemd0_249.5-1 libtasn1-6_4.17.0-2 libthai-data_0.1.28-4.1 libthai-dev_0.1.28-4.1 libthai0_0.1.28-4.1 libtiff-dev_4.3.0-2 libtiff5_4.3.0-2 libtiffxx5_4.3.0-2 libtinfo6_6.2+20210905-1 libtirpc-common_1.3.2-2 libtirpc-dev_1.3.2-2 libtirpc3_1.3.2-2 libtool_2.4.6-15 libtsan0_11.2.0-10 libubsan1_11.2.0-10 libuchardet0_0.0.7-1 libudev1_249.5-1 libunistring2_0.9.10-6 libuuid1_2.37.2-4 libwebp6_0.6.1-2.1 libx11-6_2:1.7.2-2+b1 libx11-data_2:1.7.2-2 libx11-dev_2:1.7.2-2+b1 libxau-dev_1:1.0.9-1 libxau6_1:1.0.9-1 libxcb-render0_1.14-3 libxcb-render0-dev_1.14-3 libxcb-shm0_1.14-3 libxcb-shm0-dev_1.14-3 libxcb1_1.14-3 libxcb1-dev_1.14-3 libxcomposite-dev_1:0.4.5-1 libxcomposite1_1:0.4.5-1 libxcursor-dev_1:1.2.0-2 libxcursor1_1:1.2.0-2 libxdamage-dev_1:1.1.5-2 libxdamage1_1:1.1.5-2 libxdmcp-dev_1:1.1.2-3 libxdmcp6_1:1.1.2-3 libxext-dev_2:1.3.4-1 libxext6_2:1.3.4-1 libxfixes-dev_1:5.0.3-2 libxfixes3_1:5.0.3-2 libxft-dev_2.3.2-2 libxft2_2.3.2-2 libxi-dev_2:1.8-1 libxi6_2:1.8-1 libxinerama-dev_2:1.1.4-2 libxinerama1_2:1.1.4-2 libxml2_2.9.12+dfsg-5 libxml2-utils_2.9.12+dfsg-5 libxrandr-dev_2:1.5.2-1 libxrandr2_2:1.5.2-1 libxrender-dev_1:0.9.10-1 libxrender1_1:0.9.10-1 libxxhash0_0.8.0-2 libz3-4_4.8.12-1+b1 libzstd1_1.4.8+dfsg-3 linux-libc-dev_5.14.12-1 login_1:4.8.1-1 logsave_1.46.4-1 lsb-base_11.1.0 m4_1.4.18-5 make_4.3-4.1 man-db_2.9.4-2 mawk_1.3.4.20200120-2 media-types_4.0.0 mount_2.37.2-4 ncurses-base_6.2+20210905-1 ncurses-bin_6.2+20210905-1 pango1.0-tools_1.48.10+ds1-1 passwd_1:4.8.1-1 patch_2.7.6-7 perl_5.32.1-6 perl-base_5.32.1-6 perl-modules-5.32_5.32.1-6 pkg-config_0.29.2-1 po-debconf_1.0.21+nmu1 python3_3.9.2-3 python3-dev_3.9.2-3 python3-distutils_3.9.7-1 python3-lib2to3_3.9.7-1 python3-minimal_3.9.2-3 python3.9_3.9.7-4 python3.9-dev_3.9.7-4 python3.9-minimal_3.9.7-4 qt5-qmake_5.15.2+dfsg-12 qt5-qmake-bin_5.15.2+dfsg-12 qtchooser_66-2 readline-common_8.1-2 rpcsvc-proto_1.4.2-4 sbuild-build-depends-main-dummy_0.invalid.0 sed_4.8-1 sensible-utils_0.0.17 shared-mime-info_2.0-1 sysvinit-utils_3.00-1 tar_1.34+dfsg-1 tzdata_2021e-1 ucf_3.0043 util-linux_2.37.2-4 uuid-dev_2.37.2-4 x11-common_1:7.7+23 x11proto-dev_2021.5-1 xorg-sgml-doctools_1:1.11-1.1 xtrans-dev_1.4.0-1 xz-utils_5.2.5-2 zlib1g_1:1.2.11.dfsg-2 zlib1g-dev_1:1.2.11.dfsg-2

+------------------------------------------------------------------------------+
| Build                                                                        |
+------------------------------------------------------------------------------+


Unpack source
-------------

-----BEGIN PGP SIGNED MESSAGE-----
Hash: SHA256

Format: 3.0 (quilt)
Source: cwiid
Binary: python3-cwiid, libcwiid1, libcwiid-dev, lswm, wmgui, wminput
Architecture: any
Version: 0.6.91-2
Maintainer: Georges Khaznadar <georgesk@debian.org>
Homepage: http://abstrakraft.org/cwiid/
Standards-Version: 4.1.3
Vcs-Browser: https://salsa.debian.org/georgesk/cwiid
Vcs-Git: https://salsa.debian.org/georgesk/cwiid.git
Build-Depends: debhelper-compat (= 12), libtool, automake, autoconf, python3-dev, python3, libpython3-dev, dh-python, libbluetooth-dev, libgtk2.0-dev, flex, bison
Package-List:
 libcwiid-dev deb libdevel optional arch=any
 libcwiid1 deb libs optional arch=any
 lswm deb utils optional arch=any
 python3-cwiid deb python optional arch=any
 wmgui deb utils optional arch=any
 wminput deb utils optional arch=any
Checksums-Sha1:
 240d2e1310d4b698148b72704889c12a7fa10d36 108244 cwiid_0.6.91.orig.tar.xz
 90b1a2a43d4e87f8d416fc67b7a8b2fab4cf6bcd 16936 cwiid_0.6.91-2.debian.tar.xz
Checksums-Sha256:
 9ecdee115157941f28860ddb6677c928460e2268907451816148001b8e330520 108244 cwiid_0.6.91.orig.tar.xz
 56cb1a4a62afc94cf9a6e91e17bdeacdcc5e0bcf44cd869f1dcaa083e7fe47d9 16936 cwiid_0.6.91-2.debian.tar.xz
Files:
 3af0651c9d81693d39bb69675885c3d7 108244 cwiid_0.6.91.orig.tar.xz
 0a3361ed2a29e4b68d6798e2347725de 16936 cwiid_0.6.91-2.debian.tar.xz

-----BEGIN PGP SIGNATURE-----

iQJIBAEBCAAyFiEEM0CzZP9nFT+3zK6FHCgWkHE2rjkFAl+r0fYUHGdlb3JnZXNr
QGRlYmlhbi5vcmcACgkQHCgWkHE2rjkZOg//cnBqAvqVcAnI+/AagNl5nI4S2wSL
vi76NiCGK0s43lxCTXmoQQ/2QvOZqluil/BUeIXwFL8CIlhvApXWA44pke1oLlkp
WVkBV+vprwvxllbsisQGOJpUpaYt2KBVYhqJVCzO1Sinrb1yQI4uOAEsLQ/uL64P
xL8+cDPeCo+A+GgYWr/7kQPmobPf3H43AVjBqFF6GROMI/lyCZL+4eVXw6BSjwZ5
Pey983fOPqeoG6h5CvmzSS8eBwW2TbcVoSrsjPpOpYYLGipfGow78vSx+3UN3Fgg
K/dktRAI3sd7tlhjRlEBljN8TB/XbmFQSOAVv5rcjPKR7N0oYOxBGJGtixQ2e9Co
693NX44r/kR7sukIiHFIMhpcFqIuIiBJ+Zjs92aL0OJF1ilP3ZSjl1NPUnMob3B7
IgHVfdLmCYD7NgSfmeHtPmxQtrDbAerK3JdlOp4WWuECQvGfBsAmKa+/bKiGhCLY
A6/YkVSy1h9K0qUspQubS3STteP6/B/h/JUHEN8AuPDHDHqkLiyEccgN4g0Ibaq/
4rH5siJls4disYBRUxb4n1+x0+vx8YClQ51GnkRQ+wRf4rOMVGLYlRvrshvbDvU+
G90epRkEoVW/Aqt7+MR69CnycRIUjgVVfTALoogR1UAGxBiPogqYYnapEJq3leP1
8971anAd+frD2Mo=
=wikt
-----END PGP SIGNATURE-----

gpgv: unknown type of key resource 'trustedkeys.kbx'
gpgv: keyblock resource '/tmp/dpkg-verify-sig.n9JBU6SK/trustedkeys.kbx': General error
gpgv: Signature made Wed Nov 11 11:58:46 2020 UTC
gpgv:                using RSA key 3340B364FF67153FB7CCAE851C2816907136AE39
gpgv:                issuer "georgesk@debian.org"
gpgv: Can't check signature: No public key
dpkg-source: warning: failed to verify signature on ./cwiid_0.6.91-2.dsc
dpkg-source: info: extracting cwiid in /<<PKGBUILDDIR>>
dpkg-source: info: unpacking cwiid_0.6.91.orig.tar.xz
dpkg-source: info: unpacking cwiid_0.6.91-2.debian.tar.xz
dpkg-source: info: using patch list from debian/patches/series
dpkg-source: info: applying fix_link_dependencies.patch
dpkg-source: info: applying fix_458245.patch
dpkg-source: info: applying fix_man_hyphen.patch
dpkg-source: info: applying add_other_plugins_#487498.patch
dpkg-source: info: applying fix_wiid_pc.patch
dpkg-source: info: applying python-setup.py.patch
dpkg-source: info: applying wminput-Makefile.in.patch

Check disk space
----------------

Sufficient free space for build

User Environment
----------------

APT_CONFIG=/var/lib/sbuild/apt.conf
HOME=/sbuild-nonexistent
LANG=C.UTF-8
LC_ALL=C.UTF-8
LOGNAME=user42
PATH=/usr/local/sbin:/usr/local/bin:/usr/sbin:/usr/bin:/sbin:/bin:/usr/games
SCHROOT_ALIAS_NAME=unstable
SCHROOT_CHROOT_NAME=sid-amd64-sbuild
SCHROOT_COMMAND=env
SCHROOT_GID=1001
SCHROOT_GROUP=user42
SCHROOT_SESSION_ID=sid-amd64-sbuild-d1af7d0a-2cf9-4fbc-be0b-92bb63c0caac
SCHROOT_UID=1001
SCHROOT_USER=user42
SHELL=/bin/sh
USER=user42

dpkg-buildpackage
-----------------

Command: dpkg-buildpackage -us -uc -b -rfakeroot
dpkg-buildpackage: info: source package cwiid
dpkg-buildpackage: info: source version 0.6.91-2
dpkg-buildpackage: info: source distribution unstable
dpkg-buildpackage: info: source changed by Georges Khaznadar <georgesk@debian.org>
 dpkg-source --before-build .
dpkg-buildpackage: info: host architecture amd64
 fakeroot debian/rules clean
dh clean --with python3 --with autoreconf
   dh_clean
 debian/rules build
dh build --with python3 --with autoreconf
   dh_update_autotools_config
   dh_autoreconf
configure.ac:28: warning: The macro `AC_CONFIG_HEADER' is obsolete.
configure.ac:28: You should run autoupdate.
./lib/autoconf/status.m4:719: AC_CONFIG_HEADER is expanded from...
configure.ac:28: the top level
configure.ac:32: warning: AC_PROG_LEX without either yywrap or noyywrap is obsolete
./lib/autoconf/programs.m4:716: _AC_PROG_LEX is expanded from...
./lib/autoconf/programs.m4:709: AC_PROG_LEX is expanded from...
configure.ac:32: the top level
configure.ac:84: warning: The macro `AC_HEADER_STDC' is obsolete.
configure.ac:84: You should run autoupdate.
./lib/autoconf/headers.m4:704: AC_HEADER_STDC is expanded from...
configure.ac:84: the top level
configure.ac:98: warning: The macro `AC_ISC_POSIX' is obsolete.
configure.ac:98: You should run autoupdate.
./lib/autoconf/specific.m4:550: AC_ISC_POSIX is expanded from...
configure.ac:98: the top level
configure.ac:100: warning: The macro `AC_HELP_STRING' is obsolete.
configure.ac:100: You should run autoupdate.
./lib/autoconf/general.m4:204: AC_HELP_STRING is expanded from...
configure.ac:100: the top level
configure.ac:109: warning: The macro `AC_HELP_STRING' is obsolete.
configure.ac:109: You should run autoupdate.
./lib/autoconf/general.m4:204: AC_HELP_STRING is expanded from...
configure.ac:109: the top level
configure.ac:118: warning: The macro `AC_HELP_STRING' is obsolete.
configure.ac:118: You should run autoupdate.
./lib/autoconf/general.m4:204: AC_HELP_STRING is expanded from...
configure.ac:118: the top level
configure.ac:132: warning: AC_OUTPUT should be used without arguments.
configure.ac:132: You should run autoupdate.
   debian/rules override_dh_auto_configure
make[1]: Entering directory '/<<PKGBUILDDIR>>'
./configure --disable-ldconfig --prefix=/usr --sysconfdir=/etc
configure: WARNING: unrecognized options: --disable-ldconfig
checking for gcc... gcc
checking whether the C compiler works... yes
checking for C compiler default output file name... a.out
checking for suffix of executables... 
checking whether we are cross compiling... no
checking for suffix of object files... o
checking whether the compiler supports GNU C... yes
checking whether gcc accepts -g... yes
checking for gcc option to enable C11 features... none needed
checking for gawk... no
checking for mawk... mawk
checking for flex... flex
checking for lex output file root... lex.yy
checking for lex library... none needed
checking for library containing yywrap... no
checking whether yytext is a pointer... yes
checking for bison... bison -y
checking for python3... python3
checking for pthread_create in -lpthread... yes
checking for hci_devid in -lbluetooth... yes
checking for dlopen in -ldl... yes
checking for stdio.h... yes
checking for stdlib.h... yes
checking for string.h... yes
checking for inttypes.h... yes
checking for stdint.h... yes
checking for strings.h... yes
checking for sys/stat.h... yes
checking for sys/types.h... yes
checking for unistd.h... yes
checking for grep that handles long lines and -e... /bin/grep
checking for egrep... /bin/grep -E
checking for stdint.h... (cached) yes
checking for bluetooth/bluetooth.h... yes
checking for bluetooth/l2cap.h... yes
checking for bluetooth/hci.h... yes
checking for linux/input.h... yes
checking for linux/uinput.h... yes
checking for library containing strerror... none required
checking for pkg-config... /usr/bin/pkg-config
checking pkg-config is at least version 0.9.0... yes
checking for gtk+-2.0 >= 2.0.0 gthread-2.0... yes
configure: creating ./config.status
config.status: creating Makefile
config.status: creating defs.mak
config.status: creating common/include/lib.mak
config.status: creating doc/Makefile
config.status: creating man/Makefile
config.status: creating libcwiid/Makefile
config.status: creating libcwiid/cwiid.pc
config.status: creating wmdemo/Makefile
config.status: creating wmgui/Makefile
config.status: creating wminput/Makefile
config.status: creating wminput/plugins/Makefile
config.status: creating wminput/plugins/ir_ptr/Makefile
config.status: creating wminput/plugins/ir_fps/Makefile
config.status: creating wminput/plugins/acc/Makefile
config.status: creating wminput/plugins/nunchuk_acc/Makefile
config.status: creating wminput/plugins/nunchuk_kb/Makefile
config.status: creating wminput/plugins/led/Makefile
config.status: creating wminput/plugins/nunchuk_stick2btn/Makefile
config.status: creating lswm/Makefile
config.status: creating python/Makefile
config.status: creating common/include/config.h
configure: WARNING: unrecognized options: --disable-ldconfig
make[1]: Leaving directory '/<<PKGBUILDDIR>>'
   dh_auto_build
	make -j4
make[1]: Entering directory '/<<PKGBUILDDIR>>'
make  -C libcwiid
make[2]: Entering directory '/<<PKGBUILDDIR>>/libcwiid'
gcc -g -Wall -W -DHAVE_CONFIG_H -I/<<PKGBUILDDIR>>/common/include -fpic -Wdate-time -D_FORTIFY_SOURCE=2  -c -o bluetooth.o bluetooth.c
gcc -g -Wall -W -DHAVE_CONFIG_H -I/<<PKGBUILDDIR>>/common/include -fpic -Wdate-time -D_FORTIFY_SOURCE=2  -c -o command.o command.c
gcc -g -Wall -W -DHAVE_CONFIG_H -I/<<PKGBUILDDIR>>/common/include -fpic -Wdate-time -D_FORTIFY_SOURCE=2  -c -o connect.o connect.c
gcc -g -Wall -W -DHAVE_CONFIG_H -I/<<PKGBUILDDIR>>/common/include -fpic -Wdate-time -D_FORTIFY_SOURCE=2  -c -o interface.o interface.c
gcc -g -Wall -W -DHAVE_CONFIG_H -I/<<PKGBUILDDIR>>/common/include -fpic -Wdate-time -D_FORTIFY_SOURCE=2  -c -o process.o process.c
gcc -g -Wall -W -DHAVE_CONFIG_H -I/<<PKGBUILDDIR>>/common/include -fpic -Wdate-time -D_FORTIFY_SOURCE=2  -c -o state.o state.c
gcc -g -Wall -W -DHAVE_CONFIG_H -I/<<PKGBUILDDIR>>/common/include -fpic -Wdate-time -D_FORTIFY_SOURCE=2  -c -o thread.o thread.c
gcc -g -Wall -W -DHAVE_CONFIG_H -I/<<PKGBUILDDIR>>/common/include -fpic -Wdate-time -D_FORTIFY_SOURCE=2  -c -o util.o util.c
process.c:49:39: warning: unused parameter 'ma' [-Wunused-parameter]
                   struct mesg_array *ma)
                                      ^
util.c:74:40: warning: unused parameter 'wiimote' [-Wunused-parameter]
void cwiid_err_default(struct wiimote *wiimote, const char *str, va_list ap)
                                       ^
process.c:181:31: warning: unused parameter 'len' [-Wunused-parameter]
                unsigned char len, struct mesg_array *ma)
                              ^
ln -sf libcwiid.so.1.0 libcwiid.so.1
ln -sf libcwiid.so.1 libcwiid.so
1 warning generated.
2 warnings generated.
ar rcs libcwiid.a bluetooth.o command.o connect.o interface.o process.o state.o thread.o util.o
gcc -shared -Wl,-soname,libcwiid.so.1 -Wl,-z,relro \
      -o libcwiid.so.1.0 bluetooth.o command.o connect.o interface.o process.o state.o thread.o util.o -lbluetooth -lpthread -lrt
make[2]: Leaving directory '/<<PKGBUILDDIR>>/libcwiid'
make  -C wmgui
make[2]: Entering directory '/<<PKGBUILDDIR>>/wmgui'
gcc -g -Wall -W -DHAVE_CONFIG_H -I/<<PKGBUILDDIR>>/common/include -pthread -I/usr/include/gtk-2.0 -I/usr/lib/x86_64-linux-gnu/gtk-2.0/include -I/usr/include/pango-1.0 -I/usr/include/atk-1.0 -I/usr/include/gdk-pixbuf-2.0 -I/usr/include/libpng16 -I/usr/include/x86_64-linux-gnu -I/usr/include/pango-1.0 -I/usr/include/harfbuzz -I/usr/include/pango-1.0 -I/usr/include/libmount -I/usr/include/blkid -I/usr/include/fribidi -I/usr/include/cairo -I/usr/include/pixman-1 -I/usr/include/harfbuzz -I/usr/include/uuid -I/usr/include/freetype2 -I/usr/include/libpng16 -I/usr/include/glib-2.0 -I/usr/lib/x86_64-linux-gnu/glib-2.0/include -I../libcwiid -Wdate-time -D_FORTIFY_SOURCE=2  -c -o main.o main.c
gcc -g -Wall -W -DHAVE_CONFIG_H -I/<<PKGBUILDDIR>>/common/include -pthread -I/usr/include/gtk-2.0 -I/usr/lib/x86_64-linux-gnu/gtk-2.0/include -I/usr/include/pango-1.0 -I/usr/include/atk-1.0 -I/usr/include/gdk-pixbuf-2.0 -I/usr/include/libpng16 -I/usr/include/x86_64-linux-gnu -I/usr/include/pango-1.0 -I/usr/include/harfbuzz -I/usr/include/pango-1.0 -I/usr/include/libmount -I/usr/include/blkid -I/usr/include/fribidi -I/usr/include/cairo -I/usr/include/pixman-1 -I/usr/include/harfbuzz -I/usr/include/uuid -I/usr/include/freetype2 -I/usr/include/libpng16 -I/usr/include/glib-2.0 -I/usr/lib/x86_64-linux-gnu/glib-2.0/include -I../libcwiid -Wdate-time -D_FORTIFY_SOURCE=2  -c -o interface.o interface.c
gcc -g -Wall -W -DHAVE_CONFIG_H -I/<<PKGBUILDDIR>>/common/include -pthread -I/usr/include/gtk-2.0 -I/usr/lib/x86_64-linux-gnu/gtk-2.0/include -I/usr/include/pango-1.0 -I/usr/include/atk-1.0 -I/usr/include/gdk-pixbuf-2.0 -I/usr/include/libpng16 -I/usr/include/x86_64-linux-gnu -I/usr/include/pango-1.0 -I/usr/include/harfbuzz -I/usr/include/pango-1.0 -I/usr/include/libmount -I/usr/include/blkid -I/usr/include/fribidi -I/usr/include/cairo -I/usr/include/pixman-1 -I/usr/include/harfbuzz -I/usr/include/uuid -I/usr/include/freetype2 -I/usr/include/libpng16 -I/usr/include/glib-2.0 -I/usr/lib/x86_64-linux-gnu/glib-2.0/include -I../libcwiid -Wdate-time -D_FORTIFY_SOURCE=2  -c -o support.o support.c
In file included from interface.c:16:
In file included from /usr/include/gtk-2.0/gtk/gtk.h:33:
In file included from /usr/include/gtk-2.0/gtk/gtkaboutdialog.h:32:
In file included from /usr/include/gtk-2.0/gtk/gtkdialog.h:35:
In file included from /usr/include/gtk-2.0/gtk/gtkwindow.h:36:
In file included from /usr/include/gtk-2.0/gtk/gtkbin.h:35:
In file included from /usr/include/gtk-2.0/gtk/gtkcontainer.h:35:
In file included from /usr/include/gtk-2.0/gtk/gtkwidget.h:36:
In file included from /usr/include/gtk-2.0/gtk/gtkobject.h:37:
/usr/include/gtk-2.0/gtk/gtktypeutils.h:236:34: warning: 'GTypeDebugFlags' is deprecated [-Wdeprecated-declarations]
void            gtk_type_init   (GTypeDebugFlags    debug_flags);
                                 ^
/usr/include/glib-2.0/gobject/gtype.h:704:19: note: 'GTypeDebugFlags' has been explicitly marked deprecated here
} GTypeDebugFlags GLIB_DEPRECATED_TYPE_IN_2_36;
                  ^
/usr/include/glib-2.0/glib/gversionmacros.h:548:49: note: expanded from macro 'GLIB_DEPRECATED_TYPE_IN_2_36'
# define GLIB_DEPRECATED_TYPE_IN_2_36           GLIB_DEPRECATED_TYPE
                                                ^
/usr/include/glib-2.0/glib/gmacros.h:1179:30: note: expanded from macro 'GLIB_DEPRECATED_TYPE'
#define GLIB_DEPRECATED_TYPE G_DEPRECATED
                             ^
/usr/include/glib-2.0/glib/gmacros.h:1102:37: note: expanded from macro 'G_DEPRECATED'
#define G_DEPRECATED __attribute__((__deprecated__))
                                    ^
In file included from interface.c:16:
In file included from /usr/include/gtk-2.0/gtk/gtk.h:126:
In file included from /usr/include/gtk-2.0/gtk/gtkmenutoolbutton.h:30:
In file included from /usr/include/gtk-2.0/gtk/gtktoolbutton.h:30:
In file included from /usr/include/gtk-2.0/gtk/gtktoolitem.h:31:
/usr/include/gtk-2.0/gtk/gtktooltips.h:73:3: warning: 'GTimeVal' is deprecated: Use 'GDateTime' instead [-Wdeprecated-declarations]
  GTimeVal last_popdown;
  ^
/usr/include/glib-2.0/glib/gtypes.h:545:35: note: 'GTimeVal' has been explicitly marked deprecated here
typedef struct _GTimeVal GTimeVal GLIB_DEPRECATED_TYPE_IN_2_62_FOR(GDateTime);
                                  ^
/usr/include/glib-2.0/glib/gversionmacros.h:961:49: note: expanded from macro 'GLIB_DEPRECATED_TYPE_IN_2_62_FOR'
# define GLIB_DEPRECATED_TYPE_IN_2_62_FOR(f)    GLIB_DEPRECATED_TYPE_FOR(f)
                                                ^
/usr/include/glib-2.0/glib/gmacros.h:1180:37: note: expanded from macro 'GLIB_DEPRECATED_TYPE_FOR'
#define GLIB_DEPRECATED_TYPE_FOR(f) G_DEPRECATED_FOR(f)
                                    ^
/usr/include/glib-2.0/glib/gmacros.h:1112:44: note: expanded from macro 'G_DEPRECATED_FOR'
#define G_DEPRECATED_FOR(f) __attribute__((__deprecated__("Use '" #f "' instead")))
                                           ^
In file included from support.c:15:
In file included from /usr/include/gtk-2.0/gtk/gtk.h:33:
In file included from /usr/include/gtk-2.0/gtk/gtkaboutdialog.h:32:
In file included from /usr/include/gtk-2.0/gtk/gtkdialog.h:35:
In file included from /usr/include/gtk-2.0/gtk/gtkwindow.h:36:
In file included from /usr/include/gtk-2.0/gtk/gtkbin.h:35:
In file included from /usr/include/gtk-2.0/gtk/gtkcontainer.h:35:
In file included from /usr/include/gtk-2.0/gtk/gtkwidget.h:36:
In file included from /usr/include/gtk-2.0/gtk/gtkobject.h:37:
/usr/include/gtk-2.0/gtk/gtktypeutils.h:236:34: warning: 'GTypeDebugFlags' is deprecated [-Wdeprecated-declarations]
void            gtk_type_init   (GTypeDebugFlags    debug_flags);
                                 ^
/usr/include/glib-2.0/gobject/gtype.h:704:19: note: 'GTypeDebugFlags' has been explicitly marked deprecated here
} GTypeDebugFlags GLIB_DEPRECATED_TYPE_IN_2_36;
                  ^
/usr/include/glib-2.0/glib/gversionmacros.h:548:49: note: expanded from macro 'GLIB_DEPRECATED_TYPE_IN_2_36'
# define GLIB_DEPRECATED_TYPE_IN_2_36           GLIB_DEPRECATED_TYPE
                                                ^
/usr/include/glib-2.0/glib/gmacros.h:1179:30: note: expanded from macro 'GLIB_DEPRECATED_TYPE'
#define GLIB_DEPRECATED_TYPE G_DEPRECATED
                             ^
/usr/include/glib-2.0/glib/gmacros.h:1102:37: note: expanded from macro 'G_DEPRECATED'
#define G_DEPRECATED __attribute__((__deprecated__))
                                    ^
In file included from main.c:70:
In file included from /usr/include/gtk-2.0/gtk/gtk.h:33:
In file included from /usr/include/gtk-2.0/gtk/gtkaboutdialog.h:32:
In file included from /usr/include/gtk-2.0/gtk/gtkdialog.h:35:
In file included from /usr/include/gtk-2.0/gtk/gtkwindow.h:36:
In file included from /usr/include/gtk-2.0/gtk/gtkbin.h:35:
In file included from /usr/include/gtk-2.0/gtk/gtkcontainer.h:35:
In file included from /usr/include/gtk-2.0/gtk/gtkwidget.h:36:
In file included from /usr/include/gtk-2.0/gtk/gtkobject.h:37:
/usr/include/gtk-2.0/gtk/gtktypeutils.h:236:34: warning: 'GTypeDebugFlags' is deprecated [-Wdeprecated-declarations]
void            gtk_type_init   (GTypeDebugFlags    debug_flags);
                                 ^
/usr/include/glib-2.0/gobject/gtype.h:704:19: note: 'GTypeDebugFlags' has been explicitly marked deprecated here
} GTypeDebugFlags GLIB_DEPRECATED_TYPE_IN_2_36;
                  ^
/usr/include/glib-2.0/glib/gversionmacros.h:548:49: note: expanded from macro 'GLIB_DEPRECATED_TYPE_IN_2_36'
# define GLIB_DEPRECATED_TYPE_IN_2_36           GLIB_DEPRECATED_TYPE
                                                ^
/usr/include/glib-2.0/glib/gmacros.h:1179:30: note: expanded from macro 'GLIB_DEPRECATED_TYPE'
#define GLIB_DEPRECATED_TYPE G_DEPRECATED
                             ^
/usr/include/glib-2.0/glib/gmacros.h:1102:37: note: expanded from macro 'G_DEPRECATED'
#define G_DEPRECATED __attribute__((__deprecated__))
                                    ^
2 warnings generated.
In file included from support.c:15:
In file included from /usr/include/gtk-2.0/gtk/gtk.h:126:
In file included from /usr/include/gtk-2.0/gtk/gtkmenutoolbutton.h:30:
In file included from /usr/include/gtk-2.0/gtk/gtktoolbutton.h:30:
In file included from /usr/include/gtk-2.0/gtk/gtktoolitem.h:31:
/usr/include/gtk-2.0/gtk/gtktooltips.h:73:3: warning: 'GTimeVal' is deprecated: Use 'GDateTime' instead [-Wdeprecated-declarations]
  GTimeVal last_popdown;
  ^
/usr/include/glib-2.0/glib/gtypes.h:545:35: note: 'GTimeVal' has been explicitly marked deprecated here
typedef struct _GTimeVal GTimeVal GLIB_DEPRECATED_TYPE_IN_2_62_FOR(GDateTime);
                                  ^
/usr/include/glib-2.0/glib/gversionmacros.h:961:49: note: expanded from macro 'GLIB_DEPRECATED_TYPE_IN_2_62_FOR'
# define GLIB_DEPRECATED_TYPE_IN_2_62_FOR(f)    GLIB_DEPRECATED_TYPE_FOR(f)
                                                ^
/usr/include/glib-2.0/glib/gmacros.h:1180:37: note: expanded from macro 'GLIB_DEPRECATED_TYPE_FOR'
#define GLIB_DEPRECATED_TYPE_FOR(f) G_DEPRECATED_FOR(f)
                                    ^
/usr/include/glib-2.0/glib/gmacros.h:1112:44: note: expanded from macro 'G_DEPRECATED_FOR'
#define G_DEPRECATED_FOR(f) __attribute__((__deprecated__("Use '" #f "' instead")))
                                           ^
In file included from main.c:70:
In file included from /usr/include/gtk-2.0/gtk/gtk.h:126:
In file included from /usr/include/gtk-2.0/gtk/gtkmenutoolbutton.h:30:
In file included from /usr/include/gtk-2.0/gtk/gtktoolbutton.h:30:
In file included from /usr/include/gtk-2.0/gtk/gtktoolitem.h:31:
/usr/include/gtk-2.0/gtk/gtktooltips.h:73:3: warning: 'GTimeVal' is deprecated: Use 'GDateTime' instead [-Wdeprecated-declarations]
  GTimeVal last_popdown;
  ^
/usr/include/glib-2.0/glib/gtypes.h:545:35: note: 'GTimeVal' has been explicitly marked deprecated here
typedef struct _GTimeVal GTimeVal GLIB_DEPRECATED_TYPE_IN_2_62_FOR(GDateTime);
                                  ^
/usr/include/glib-2.0/glib/gversionmacros.h:961:49: note: expanded from macro 'GLIB_DEPRECATED_TYPE_IN_2_62_FOR'
# define GLIB_DEPRECATED_TYPE_IN_2_62_FOR(f)    GLIB_DEPRECATED_TYPE_FOR(f)
                                                ^
/usr/include/glib-2.0/glib/gmacros.h:1180:37: note: expanded from macro 'GLIB_DEPRECATED_TYPE_FOR'
#define GLIB_DEPRECATED_TYPE_FOR(f) G_DEPRECATED_FOR(f)
                                    ^
/usr/include/glib-2.0/glib/gmacros.h:1112:44: note: expanded from macro 'G_DEPRECATED_FOR'
#define G_DEPRECATED_FOR(f) __attribute__((__deprecated__("Use '" #f "' instead")))
                                           ^
support.c:77:58: warning: unused parameter 'widget' [-Wunused-parameter]
create_pixmap                          (GtkWidget       *widget,
                                                         ^
3 warnings generated.
main.c:214:7: warning: Deprecated pre-processor symbol [-W#pragma-messages]
        if (!g_thread_supported()) {
             ^
/usr/include/glib-2.0/glib/deprecated/gthread.h:274:38: note: expanded from macro 'g_thread_supported'
#define g_thread_supported()     (1) GLIB_DEPRECATED_MACRO_IN_2_32
                                     ^
/usr/include/glib-2.0/glib/gversionmacros.h:476:49: note: expanded from macro 'GLIB_DEPRECATED_MACRO_IN_2_32'
# define GLIB_DEPRECATED_MACRO_IN_2_32          GLIB_DEPRECATED_MACRO
                                                ^
/usr/include/glib-2.0/glib/gmacros.h:1153:31: note: expanded from macro 'GLIB_DEPRECATED_MACRO'
#define GLIB_DEPRECATED_MACRO _GLIB_GNUC_DO_PRAGMA(GCC warning "Deprecated pre-processor symbol")
                              ^
/usr/include/glib-2.0/glib/gmacros.h:1152:33: note: expanded from macro '_GLIB_GNUC_DO_PRAGMA'
#define _GLIB_GNUC_DO_PRAGMA(x) _Pragma(G_STRINGIFY (x))
                                ^
<scratch space>:29:6: note: expanded from here
 GCC warning "Deprecated pre-processor symbol"
     ^
main.c:215:3: warning: 'g_thread_init' is deprecated [-Wdeprecated-declarations]
                g_thread_init(NULL);
                ^
/usr/include/glib-2.0/glib/deprecated/gthread.h:264:1: note: 'g_thread_init' has been explicitly marked deprecated here
GLIB_DEPRECATED_IN_2_32
^
/usr/include/glib-2.0/glib/gversionmacros.h:474:49: note: expanded from macro 'GLIB_DEPRECATED_IN_2_32'
# define GLIB_DEPRECATED_IN_2_32                GLIB_DEPRECATED
                                                ^
/usr/include/glib-2.0/glib/gmacros.h:1143:25: note: expanded from macro 'GLIB_DEPRECATED'
#define GLIB_DEPRECATED G_DEPRECATED _GLIB_EXTERN
                        ^
/usr/include/glib-2.0/glib/gmacros.h:1102:37: note: expanded from macro 'G_DEPRECATED'
#define G_DEPRECATED __attribute__((__deprecated__))
                                    ^
main.c:454:67: warning: format string is not a string literal (potentially insecure) [-Wformat-security]
        dialog = gtk_message_dialog_new(parent, 0, type, GTK_BUTTONS_OK, message);
                                                                         ^~~~~~~
main.c:454:67: note: treat the string as an argument to avoid this
        dialog = gtk_message_dialog_new(parent, 0, type, GTK_BUTTONS_OK, message);
                                                                         ^
                                                                         "%s", 
main.c:809:67: warning: unused parameter 'event' [-Wunused-parameter]
void drawStick_expose_event(GtkWidget *drawStick, GdkEventExpose *event,
                                                                  ^
main.c:1036:12: warning: enumeration value 'CWIID_EXT_BALANCE' not handled in switch [-Wswitch]
                        switch (mesg_array[i].status_mesg.ext_type) {
                                ^
main.c:1021:69: warning: unused parameter 'timestamp' [-Wunused-parameter]
                    union cwiid_mesg mesg_array[], struct timespec *timestamp)
                                                                    ^
8 warnings generated.
gcc -o wmgui main.o interface.o support.o -Wl,-z,relro -L../libcwiid -lgtk-x11-2.0 -lgdk-x11-2.0 -lpangocairo-1.0 -latk-1.0 -lcairo -lgdk_pixbuf-2.0 -lgio-2.0 -lpangoft2-1.0 -lpango-1.0 -lgobject-2.0 -lharfbuzz -lfontconfig -lfreetype -lgthread-2.0 -pthread -lglib-2.0 -lm -lcwiid -lbluetooth
make[2]: Leaving directory '/<<PKGBUILDDIR>>/wmgui'
make  -C wminput
make[2]: Entering directory '/<<PKGBUILDDIR>>/wminput'
bison -y -d parser.y 
parser.y:44.1-14: warning: POSIX Yacc does not support %error-verbose [-Wyacc]
   44 | %error-verbmawk -f action_enum.awk action_enum.txt > action_enum.c
ose
      | ^~~~~~~~~~~~~~
parser.y:44.1-14: warning: deprecated directive: %error-verbose, use %define parse.error verbose [-Wdeprecated]
   44 | %error-verbose
      | ^~~~~~~~~~~~~~
      | %define parse.error verbose
In file included from uinput.c:44:
./conf.h:56:10: fatal error: 'y.tab.h' file not found
#include "y.tab.h"
         ^~~~~~~~~
1 error generated.
parser.y: warning: fix-its can be applied.  Rerun with option '--update'. [-Wother]
mv -f y.tab.c parser.c
flex  -t lexer.l > lexer.c
gcc -g -Wall -W -DHAVE_CONFIG_H -I/<<PKGBUILDDIR>>/common/include -fPIC -I../libcwiid -DWMINPUT_CONFIG_DIR=\"/etc/cwiid/wminput\" -DCWIID_PLUGINS_DIR=\"/usr/lib/cwiid/plugins\" -I/usr/include/python3.9 -Wdate-time -D_FORTIFY_SOURCE=2  -c -o main.o main.c
gcc -g -Wall -W -DHAVE_CONFIG_H -I/<<PKGBUILDDIR>>/common/include -fPIC -I../libcwiid -DWMINPUT_CONFIG_DIR=\"/etc/cwiid/wminput\" -DCWIID_PLUGINS_DIR=\"/usr/lib/cwiid/plugins\" -I/usr/include/python3.9 -Wdate-time -D_FORTIFY_SOURCE=2  -c -o conf.o conf.c
gcc -g -Wall -W -DHAVE_CONFIG_H -I/<<PKGBUILDDIR>>/common/include -fPIC -I../libcwiid -DWMINPUT_CONFIG_DIR=\"/etc/cwiid/wminput\" -DCWIID_PLUGINS_DIR=\"/usr/lib/cwiid/plugins\" -I/usr/include/python3.9 -Wdate-time -D_FORTIFY_SOURCE=2  -c -o c_plugin.o c_plugin.c
gcc -g -Wall -W -DHAVE_CONFIG_H -I/<<PKGBUILDDIR>>/common/include -fPIC -I../libcwiid -DWMINPUT_CONFIG_DIR=\"/etc/cwiid/wminput\" -DCWIID_PLUGINS_DIR=\"/usr/lib/cwiid/plugins\" -I/usr/include/python3.9 -Wdate-time -D_FORTIFY_SOURCE=2  -c -o uinput.o uinput.c
c_plugin.c:174:23: warning: unused parameter 'id' [-Wunused-parameter]
void wmplugin_err(int id, char *str, ...)
                      ^
main.c:121:40: warning: unused parameter 'wiimote' [-Wunused-parameter]
void cwiid_err_connect(struct wiimote *wiimote, const char *str, va_list ap)
                                       ^
1 warning generated.
main.c:446:38: warning: unused parameter 'wiimote' [-Wunused-parameter]
void cwiid_callback(cwiid_wiimote_t *wiimote, int mesg_count,
                                     ^
main.c:447:63: warning: unused parameter 'timestamp' [-Wunused-parameter]
                    union cwiid_mesg mesg[], struct timespec *timestamp)
                                                              ^
gcc -g -Wall -W -DHAVE_CONFIG_H -I/<<PKGBUILDDIR>>/common/include -fPIC -I../libcwiid -DWMINPUT_CONFIG_DIR=\"/etc/cwiid/wminput\" -DCWIID_PLUGINS_DIR=\"/usr/lib/cwiid/plugins\" -I/usr/include/python3.9 -Wdate-time -D_FORTIFY_SOURCE=2  -c -o action_enum.o action_enum.c
gcc -g -Wall -W -DHAVE_CONFIG_H -I/<<PKGBUILDDIR>>/common/include -fPIC -I../libcwiid -DWMINPUT_CONFIG_DIR=\"/etc/cwiid/wminput\" -DCWIID_PLUGINS_DIR=\"/usr/lib/cwiid/plugins\" -I/usr/include/python3.9 -Wdate-time -D_FORTIFY_SOURCE=2  -c -o util.o util.c
main.c:762:48: warning: address of array 'plugin->data->axes' will always evaluate to 'true' [-Wpointer-bool-conversion]
                        if (plugin->amap[i].active && plugin->data->axes &&
                                                   ~~ ~~~~~~~~~~~~~~^~~~
gcc -g -Wall -W -DHAVE_CONFIG_H -I/<<PKGBUILDDIR>>/common/include -fPIC -I../libcwiid -DWMINPUT_CONFIG_DIR=\"/etc/cwiid/wminput\" -DCWIID_PLUGINS_DIR=\"/usr/lib/cwiid/plugins\" -I/usr/include/python3.9 -Wdate-time -D_FORTIFY_SOURCE=2  -c -o py_plugin.o py_plugin.c
4 warnings generated.
gcc -g -Wall -W -DHAVE_CONFIG_H -I/<<PKGBUILDDIR>>/common/include -fPIC -I../libcwiid -DWMINPUT_CONFIG_DIR=\"/etc/cwiid/wminput\" -DCWIID_PLUGINS_DIR=\"/usr/lib/cwiid/plugins\" -I/usr/include/python3.9 -Wdate-time -D_FORTIFY_SOURCE=2  -c -o parser.o parser.c
gcc -g -Wall -W -DHAVE_CONFIG_H -I/<<PKGBUILDDIR>>/common/include -fPIC -I../libcwiid -DWMINPUT_CONFIG_DIR=\"/etc/cwiid/wminput\" -DCWIID_PLUGINS_DIR=\"/usr/lib/cwiid/plugins\" -I/usr/include/python3.9 -Wdate-time -D_FORTIFY_SOURCE=2  -c -o lexer.o lexer.c
make  -C plugins
make[3]: Entering directory '/<<PKGBUILDDIR>>/wminput/plugins'
make  -C ir_ptr
make[4]: Entering directory '/<<PKGBUILDDIR>>/wminput/plugins/ir_ptr'
make  -C ir_fps
make[4]: Entering directory '/<<PKGBUILDDIR>>/wminput/plugins/ir_fps'
gcc -g -Wall -W -DHAVE_CONFIG_H -I/<<PKGBUILDDIR>>/common/include -I../../../wminput -I../../../libcwiid -fpic -Wdate-time -D_FORTIFY_SOURCE=2  -c -o ir_ptr.o ir_ptr.c
<stdout>:1623:16: warning: function 'input' is not needed and will not be emitted [-Wunneeded-internal-declaration]
    static int input  (void)
               ^
gcc -g -Wall -W -DHAVE_CONFIG_H -I/<<PKGBUILDDIR>>/common/include -I../../../wminput -I../../../libcwiid -fpic -Wdate-time -D_FORTIFY_SOURCE=2  -c -o ir_fps.o ir_fps.c
py_plugin.c:114:22: warning: incompatible pointer types assigning to 'PyVarObject *' from 'PyObject *' (aka 'struct _object *') [-Wincompatible-pointer-types]
        if (!(PyCWiidModule = PyImport_ImportModule("cwiid"))) {
                            ^ ~~~~~~~~~~~~~~~~~~~~~~~~~~~~~~
py_plugin.c:119:20: warning: incompatible pointer types assigning to 'PyVarObject *' from 'PyObject *' (aka 'struct _object *') [-Wincompatible-pointer-types]
        if (!(PySysModule = PyImport_ImportModule("sys"))) {
                          ^ ~~~~~~~~~~~~~~~~~~~~~~~~~~~~
py_plugin.c:124:40: warning: incompatible pointer types passing 'PyVarObject *' to parameter of type 'PyObject *' (aka 'struct _object *') [-Wincompatible-pointer-types]
        if (!(PyPath = PyObject_GetAttrString(PySysModule, "path"))) {
                                              ^~~~~~~~~~~
/usr/include/python3.9/object.h:247:57: note: passing argument to parameter here
PyAPI_FUNC(PyObject *) PyObject_GetAttrString(PyObject *, const char *);
                                                        ^
py_plugin.c:124:15: warning: incompatible pointer types assigning to 'PyVarObject *' from 'PyObject *' (aka 'struct _object *') [-Wincompatible-pointer-types]
        if (!(PyPath = PyObject_GetAttrString(PySysModule, "path"))) {
                     ^ ~~~~~~~~~~~~~~~~~~~~~~~~~~~~~~~~~~~~~~~~~~~
py_plugin.c:129:39: warning: incompatible pointer types passing 'PyVarObject *' to parameter of type 'PyObject *' (aka 'struct _object *') [-Wincompatible-pointer-types]
        if (!(PyObj = PyObject_GetAttrString(PyCWiidModule,
                                             ^~~~~~~~~~~~~
/usr/include/python3.9/object.h:247:57: note: passing argument to parameter here
PyAPI_FUNC(PyObject *) PyObject_GetAttrString(PyObject *, const char *);
                                                        ^
py_plugin.c:129:14: warning: incompatible pointer types assigning to 'PyVarObject *' from 'PyObject *' (aka 'struct _object *') [-Wincompatible-pointer-types]
        if (!(PyObj = PyObject_GetAttrString(PyCWiidModule,
                    ^ ~~~~~~~~~~~~~~~~~~~~~~~~~~~~~~~~~~~~~
py_plugin.c:134:23: warning: incompatible pointer types passing 'PyVarObject *' to parameter of type 'PyObject *' (aka 'struct _object *') [-Wincompatible-pointer-types]
ir_ptr.c:        PyCapsule_GetPointer(PyObj,ConvertMesgArray);
                             ^~~~~
/usr/include/python3.9/pycapsule.h:33:51: note: passing argument to parameter 'capsule' here
PyAPI_FUNC(void *) PyCapsule_GetPointer(PyObject *capsule, const char *name);
                                                  ^
py_plugin.c:134:29: warning: incompatible pointer types passing 'PyVarObject *(*)(int, union cwiid_mesg *)' to parameter of type 'const char *' [-Wincompatible-pointer-types]
107:17: warning: unused variable 'old_flag' [-Wunused-variable]
        static uint8_t old_flag;
                       ^
ir_ptr.c:110:10: warning: unused variable 'flag' [-Wunused-variable]
        PyCapsule_GetPointer(PyObj,ConvertMesgArray);
        uint8_t flag;
                ^
                                   ^~~~~~~~~~~~~~~~
/usr/include/python3.9/pycapsule.h:33:72: note: passing argument to parameter 'name' here
PyAPI_FUNC(void *) PyCapsule_GetPointer(PyObject *capsule, const char *name);
                                                                       ^
py_plugin.c:138:25: warning: incompatible pointer types assigning to 'PyVarObject *' from 'PyObject *' (aka 'struct _object *') [-Wincompatible-pointer-types]
        if (!(PyWmPluginModule = PyModule_Create(&moduledef))) {
                               ^ ~~~~~~~~~~~~~~~~~~~~~~~~~~~
py_plugin.c:144:31: warning: incompatible pointer types passing 'PyVarObject *' to parameter of type 'PyObject *' (aka 'struct _object *') [-Wincompatible-pointer-types]
                if (PyModule_AddIntConstant(PyWmPluginModule,
                                            ^~~~~~~~~~~~~~~~
/usr/include/python3.9/modsupport.h:140:51: note: passing argument to parameter here
PyAPI_FUNC(int) PyModule_AddIntConstant(PyObject *, const char *, long);
                                                  ^
py_plugin.c:179:47: warning: incompatible pointer types passing 'PyVarObject *' to parameter of type 'PyObject *' (aka 'struct _object *') [-Wincompatible-pointer-types]
        if (!(PyWiimoteType = PyObject_GetAttrString(PyCWiidModule, "Wiimote"))) {
                                                     ^~~~~~~~~~~~~
/usr/include/python3.9/object.h:247:57: note: passing argument to parameter here
PyAPI_FUNC(PyObject *) PyObject_GetAttrString(PyObject *, const char *);
                                                        ^
py_plugin.c:179:22: warning: incompatible pointer types assigning to 'PyVarObject *' from 'PyObject *' (aka 'struct _object *') [-Wincompatible-pointer-types]
        if (!(PyWiimoteType = PyObject_GetAttrString(PyCWiidModule, "Wiimote"))) {
                            ^ ~~~~~~~~~~~~~~~~~~~~~~~~~~~~~~~~~~~~~~~~~~~~~~~~
py_plugin.c:184:18: warning: incompatible pointer types assigning to 'PyVarObject *' from 'PyObject *' (aka 'struct _object *') [-Wincompatible-pointer-types]
        if (!(PyCObject = PyCapsule_New(wiimote, NULL, NULL))) {
                        ^ ~~~~~~~~~~~~~~~~~~~~~~~~~~~~~~~~~~
py_plugin.c:190:15: warning: incompatible pointer types assigning to 'PyVarObject *' from 'PyObject *' (aka 'struct _object *') [-Wincompatible-pointer-types]
        if (!(PyArgs = Py_BuildValue("(O)", PyCObject))) {
                     ^ ~~~~~~~~~~~~~~~~~~~~~~~~~~~~~~~
py_plugin.c:199:40: warning: incompatible pointer types passing 'PyVarObject *' to parameter of type 'PyObject *' (aka 'struct _object *') [-Wincompatible-pointer-types]
        if (!(PyWiimote = PyObject_CallObject(PyWiimoteType, PyArgs))) {
                                              ^~~~~~~~~~~~~
/usr/include/python3.9/abstract.h:169:54: note: passing argument to parameter 'callable' here
PyAPI_FUNC(PyObject *) PyObject_CallObject(PyObject *callable,
                                                     ^
py_plugin.c:199:255: warning: incompatible pointer types passing 'PyVarObject *' to parameter of type 'PyObject *' (aka 'struct _object *') [-Wincompatible-pointer-types]
        if (!(PyWiimote = PyObject_CallObject(PyWiimoteType, PyArgs))) {
                                                             ^~~~~~
/usr/include/python3.9/abstract.h:170:54: warnings generated.
 note: passing argument to parameter 'args' here
                                           PyObject *args);
                                                     ^
py_plugin.c:199:18: warning: incompatible pointer types assigning to 'PyVarObject *' from 'PyObject *' (aka 'struct _object *') [-Wincompatible-pointer-types]
        if (!(PyWiimote = PyObject_CallObject(PyWiimoteType, PyArgs))) {
                        ^ ~~~~~~~~~~~~~~~~~~~~~~~~~~~~~~~~~~~~~~~~~~
py_plugin.c:231:14: warning: incompatible pointer types assigning to 'PyVarObject *' from 'PyObject *' (aka 'struct _object *') [-Wincompatible-pointer-types]
        if (!(PyStr = PyBytes_FromString(dir))) {
                    ^ ~~~~~~~~~~~~~~~~~~~~~~~
py_plugin.c:236:20: warning: incompatible pointer types passing 'PyVarObject *' to parameter of type 'PyObject *' (aka 'struct _object *') [-Wincompatible-pointer-types]
        if (PyList_Insert(PyPath, 0, PyStr)) {
                          ^~~~~~
/usr/include/python3.9/listobject.h:33:41: note: passing argument to parameter here
PyAPI_FUNC(int) PyList_Insert(PyObject *, Py_ssize_t, PyObject *);
                                        ^
py_plugin.c:236:31: warning: incompatible pointer types passing 'PyVarObject *' to parameter of type 'PyObject *' (aka 'struct _object *') [-Wincompatible-pointer-types]
        if (PyList_Insert(PyPath, 0, PyStr)) {
                                     ^~~~~
/usr/include/python3.9/listobject.h:33:65: note: passing argument to parameter here
PyAPI_FUNC(int) PyList_Insert(PyObject *, Py_ssize_t, PyObject *);
                                                                ^
py_plugin.c:241:15: warning: incompatible pointer types assigning to 'PyVarObject *' from 'PyObject *' (aka 'struct _object *') [-Wincompatible-pointer-types]
        if (!(handle = PyImport_ImportModule(plugin->name))) {
                     ^ ~~~~~~~~~~~~~~~~~~~~~~~~~~~~~~~~~~~
py_plugin.c:243:15: warning: incompatible pointer types passing 'PyVarObject **' to parameter of type 'PyObject **' (aka 'struct _object **') [-Wincompatible-pointer-types]
                PyErr_Fetch(&PyErrType, &PyErr, &PyTraceback);
                            ^~~~~~~~~~
/usr/include/python3.9/pyerrors.h:19:41: note: passing argument to parameter here
gcc -shared -Wl,-z,relro -L../libcwiid -rdynamic  -o ir_ptr.so ir_ptr.o
PyAPI_FUNC(void) PyErr_Fetch(PyObject **, PyObject **, PyObject **);
                                        ^
py_plugin.c:243:27: warning: incompatible pointer types passing 'PyVarObject **' to parameter of type 'PyObject **' (aka 'struct _object **') [-Wincompatible-pointer-types]
                PyErr_Fetch(&PyErrType, &PyErr, &PyTraceback);
                                        ^~~~~~
/usr/include/python3.9/pyerrors.h:19:54: note: passing argument to parameter here
PyAPI_FUNC(void) PyErr_Fetch(PyObject **, PyObject **, PyObject **);
                                                     ^
py_plugin.c:243:35: warning: incompatible pointer types passing 'PyVarObject **' to parameter of type 'PyObject **' (aka 'struct _object **') [-Wincompatible-pointer-types]
                PyErr_Fetch(&PyErrType, &PyErr, &PyTraceback);
                                                ^~~~~~~~~~~~
/usr/include/python3.9/pyerrors.h:19:67: note: passing argument to parameter here
PyAPI_FUNC(void) PyErr_Fetch(PyObject **, PyObject **, PyObject **);
                                                                  ^
py_plugin.c:244:28: warning: incompatible pointer types passing 'PyVarObject **' to parameter of type 'PyObject **' (aka 'struct _object **') [-Wincompatible-pointer-types]
                PyErr_NormalizeException(&PyErrType, &PyErr, &PyTraceback);
                                         ^~~~~~~~~~
/usr/include/python3.9/pyerrors.h:42:53: note: passing argument to parameter here
PyAPI_FUNC(void) PyErr_NormalizeException(PyObject**, PyObject**, PyObject**);
                                                    ^
py_plugin.c:244:40: warning: incompatible pointer types passing 'PyVarObject **' to parameter of type 'PyObject **' (aka 'struct _object **') [-Wincompatible-pointer-types]
                PyErr_NormalizeException(&PyErrType, &PyErr, &PyTraceback);
                                                     ^~~~~~
/usr/include/python3.9/pyerrors.h:42:65: note: passing argument to parameter here
PyAPI_FUNC(void) PyErr_NormalizeException(PyObject**, PyObject**, PyObject**);
                                                                ^
py_plugin.c:244:48: warning: incompatible pointer types passing 'PyVarObject **' to parameter of type 'PyObject **' (aka 'struct _object **') [-Wincompatible-pointer-types]
                PyErr_NormalizeException(&PyErrType, &PyErr, &PyTraceback);
                                                             ^~~~~~~~~~~~
/usr/include/python3.9/pyerrors.h:42:77: note: passing argument to parameter here
PyAPI_FUNC(void) PyErr_NormalizeException(PyObject**, PyObject**, PyObject**);
                                                                            ^
py_plugin.c:245:35: warning: incompatible pointer types passing 'PyVarObject *' to parameter of type 'PyObject *' (aka 'struct _object *') [-Wincompatible-pointer-types]
                if (PyErr_GivenExceptionMatches(PyErr, PyExc_ImportError) &&
                                                ^~~~~
/usr/include/python3.9/pyerrors.h:40:55: note: passing argument to parameter here
PyAPI_FUNC(int) PyErr_GivenExceptionMatches(PyObject *, PyObject *);
                                                      ^
py_plugin.c:251:18: warning: incompatible pointer types passing 'PyVarObject *' to parameter of type 'PyObject *' (aka 'struct _object *') [-Wincompatible-pointer-types]
                        PyErr_Restore(PyErrType, PyErr, PyTraceback);
                                      ^~~~~~~~~
/usr/include/python3.9/pyerrors.h:20:42: note: passing argument to parameter here
PyAPI_FUNC(void) PyErr_Restore(PyObject *, PyObject *, PyObject *);
                                         ^
py_plugin.c:251:29: warning: incompatible pointer types passing 'PyVarObject *' to parameter of type 'PyObject *' (aka 'struct _object *') [-Wincompatible-pointer-types]
                        PyErr_Restore(PyErrType, PyErr, PyTraceback);
                                                 ^~~~~
/usr/include/python3.9/pyerrors.h:20:54: note: passing argument to parameter here
PyAPI_FUNC(void) PyErr_Restore(PyObject *, PyObject *, PyObject *);
                                                     ^
py_plugin.c:251:36: warning: incompatible pointer types passing 'PyVarObject *' to parameter of type 'PyObject *' (aka 'struct _object *') [-Wincompatible-pointer-types]
                        PyErr_Restore(PyErrType, PyErr, PyTraceback);
                                                        ^~~~~~~~~~~
/usr/include/python3.9/pyerrors.h:20:66: note: passing argument to parameter here
PyAPI_FUNC(void) PyErr_Restore(PyObject *, PyObject *, PyObject *);
                                                                 ^
py_plugin.c:255:26: warning: incompatible pointer types passing 'PyVarObject *' to parameter of type 'PyObject *' (aka 'struct _object *') [-Wincompatible-pointer-types]
                if (PySequence_DelItem(PyPath, 0)) {
                                       ^~~~~~
/usr/include/python3.9/abstract.h:661:46: note: passing argument to parameter 'o' here
PyAPI_FUNC(int) PySequence_DelItem(PyObject *o, Py_ssize_t i);
                                             ^
py_plugin.c:262:25: warning: incompatible pointer types passing 'PyVarObject *' to parameter of type 'PyObject *' (aka 'struct _object *') [-Wincompatible-pointer-types]
        if (PySequence_DelItem(PyPath, 0)) {
                               ^~~~~~
/usr/include/python3.9/abstract.h:661:46: note: passing argument to parameter 'o' here
PyAPI_FUNC(int) PySequence_DelItem(PyObject *o, Py_ssize_t i);
                                             ^
py_plugin.c:287:27: warning: incompatible pointer types passing 'PyVarObject *' to parameter of type 'PyObject *' (aka 'struct _object *') [-Wincompatible-pointer-types]
          PyObject_GetAttrString(handle, "wmplugin_init"))) {
                                 ^~~~~~
/usr/include/python3.9/object.h:247:57: note: passing argument to parameter here
PyAPI_FUNC(PyObject *) PyObject_GetAttrString(PyObject *, const char *);
                                                        ^
py_plugin.c:286:46: warning: incompatible pointer types assigning to 'PyVarObject *' from 'PyObject *' (aka 'struct _object *') [-Wincompatible-pointer-types]
        if (!(((struct py_plugin *)plugin->p)->init =
                                                    ^
py_plugin.c:291:24: warning: incompatible pointer types passing 'PyVarObject *' to parameter of type 'PyObject *' (aka 'struct _object *') [-Wincompatible-pointer-types]
        if (!PyCallable_Check(((struct py_plugin *)plugin->p)->init)) {
                              ^~~~~~~~~~~~~~~~~~~~~~~~~~~~~~~~~~~~~
/usr/include/python3.9/object.h:263:44: note: passing argument to parameter here
PyAPI_FUNC(int) PyCallable_Check(PyObject *);
                                           ^
py_plugin.c:296:27: warning: incompatible pointer types passing 'PyVarObject *' to parameter of type 'PyObject *' (aka 'struct _object *') [-Wincompatible-pointer-types]
          PyObject_GetAttrString(handle, "wmplugin_exec"))) {
                                 ^~~~~~
/usr/include/python3.9/object.h:247:57: note: passing argument to parameter here
PyAPI_FUNC(PyObject *) PyObject_GetAttrString(PyObject *, const char *);
                                                        ^
py_plugin.c:295:46: warning: incompatible pointer types assigning to 'PyVarObject *' from 'PyObject *' (aka 'struct _object *') [-Wincompatible-pointer-types]
        if (!(((struct py_plugin *)plugin->p)->exec =
                                                    ^
py_plugin.c:300:24: warning: incompatible pointer types passing 'PyVarObject *' to parameter of type 'PyObject *' (aka 'struct _object *') [-Wincompatible-pointer-types]
        if (!PyCallable_Check(((struct py_plugin *)plugin->p)->exec)) {
                              ^~~~~~~~~~~~~~~~~~~~~~~~~~~~~~~~~~~~~
/usr/include/python3.9/object.h:263:44: note: passing argument to parameter here
PyAPI_FUNC(int) PyCallable_Check(PyObject *);
                                           ^
py_plugin.c:304:38: warning: incompatible pointer types passing 'PyVarObject *' to parameter of type 'PyObject *' (aka 'struct _object *') [-Wincompatible-pointer-types]
        if (!(info = PyObject_GetAttrString(handle, "wmplugin_info"))) {
                                            ^~~~~~
/usr/include/python3.9/object.h:247:57: note: passing argument to parameter here
PyAPI_FUNC(PyObject *) PyObject_GetAttrString(PyObject *, const char *);
                                                        ^
py_plugin.c:304:13: warning: incompatible pointer types assigning to 'PyVarObject *' from 'PyObject *' (aka 'struct _object *') [-Wincompatible-pointer-types]
        if (!(info = PyObject_GetAttrString(handle, "wmplugin_info"))) {
1 warning generated.
                   ^ ~~~~~~~~~~~~~~~~~~~~~~~~~~~~~~~~~~~~~~~~~~~~~~~
py_plugin.c:308:24: warning: incompatible pointer types passing 'PyVarObject *' to parameter of type 'PyObject *' (aka 'struct _object *') [-Wincompatible-pointer-types]
        if (!PyCallable_Check(info)) {
                              ^~~~
/usr/include/python3.9/object.h:263:44: note: passing argument to parameter here
PyAPI_FUNC(int) PyCallable_Check(PyObject *);
                                           ^
py_plugin.c:362:24: warning: incompatible pointer types passing 'PyVarObject *' to parameter of type 'PyObject *' (aka 'struct _object *') [-Wincompatible-pointer-types]
          PyObject_CallObject(info, NULL))) {
                              ^~~~
/usr/include/python3.9/abstract.h:169:54: note: passing argument to parameter 'callable' here
PyAPI_FUNC(PyObject *) PyObject_CallObject(PyObject *callable,
                                                     ^
py_plugin.c:361:48: warning: incompatible pointer types assigning to 'PyVarObject *' from 'PyObject *' (aka 'struct _object *') [-Wincompatible-pointer-types]
        if (!(((struct py_plugin *)plugin->p)->PyInfo =
                                                      ^
py_plugin.c:367:24: warning: incompatible pointer types passing 'PyVarObject *' to parameter of type 'PyObject *' (aka 'struct _object *') [-Wincompatible-pointer-types]
        if (!PyArg_ParseTuple(((struct py_plugin *)plugin->p)->PyInfo, "OOO",
                              ^~~~~~~~~~~~~~~~~~~~~~~~~~~~~~~~~~~~~~~
/usr/include/python3.9/modsupport.h:40:44: note: passing argument to parameter here
PyAPI_FUNC(int) PyArg_ParseTuple(PyObject *, const char *, ...);
                                           ^
py_plugin.c:373:25: warning: incompatible pointer types passing 'PyVarObject *' to parameter of type 'PyObject *' (aka 'struct _object *') [-Wincompatible-pointer-types]
        if (!(PySequence_Check(PyButtonInfo) && PySequence_Check(PyAxisInfo) &&
                               ^~~~~~~~~~~~
/usr/include/python3.9/abstract.h:620:44: note: passing argument to parameter 'o' here
PyAPI_FUNC(int) PySequence_Check(PyObject *o);
                                           ^
py_plugin.cmake  -C acc
:373:59: warning: incompatible pointer types passing 'PyVarObject *' to parameter of type 'PyObject *' (aka 'struct _object *') [-Wincompatible-pointer-types]
        if (!(PySequence_Check(PyButtonInfo) && PySequence_Check(PyAxisInfo) &&
                                                                 ^~~~~~~~~~
/usr/include/python3.9/abstract.h:620:44: note: passing argument to parameter 'o' here
PyAPI_FUNC(int) PySequence_Check(PyObject *o);
                                           ^
py_plugin.c:374:25: warning: incompatible pointer types passing 'PyVarObject *' to parameter of type 'PyObject *' (aka 'struct _object *') [-Wincompatible-pointer-types]
              PySequence_Check(PyParamInfo))) {
                               ^~~~~~~~~~~
/usr/include/python3.9/abstract.h:620:44: note: passing argument to parameter 'o' here
PyAPI_FUNC(int) PySequence_Check(PyObject *o);
                                           ^
py_plugin.c:379:47: warning: incompatible pointer types passing 'PyVarObject *' to parameter of type 'PyObject *' (aka 'struct _object *') [-Wincompatible-pointer-types]
        plugin->info->button_count = PySequence_Size(PyButtonInfo);
                                                     ^~~~~~~~~~~~
/usr/include/python3.9/abstract.h:623:50: note: passing argument to parameter 'o' here
PyAPI_FUNC(Py_ssize_t) PySequence_Size(PyObject *o);
                                                 ^
py_plugin.c:381:36: warning: incompatible pointer types passing 'PyVarObject *' to parameter of type 'PyObject *' (aka 'struct _object *') [-Wincompatible-pointer-types]
                if (!(PyObj = PySequence_GetItem(PyButtonInfo, i))) {
                                                 ^~~~~~~~~~~~
/usr/include/python3.9/abstract.h:645:53: note: passing argument to parameter 'o' here
PyAPI_FUNC(PyObject *) PySequence_GetItem(PyObject *o, Py_ssize_t i);
                                                    ^
py_plugin.c:381:15: warning: incompatible pointer types assigning to 'PyVarObject *' from 'PyObject *' (aka 'struct _object *') [-Wincompatible-pointer-types]
                if (!(PyObj = PySequence_GetItem(PyButtonInfo, i))) {
                            ^ ~~~~~~~~~~~~~~~~~~~~~~~~~~~~~~~~~~~
py_plugin.c:386:62: warning: incompatible pointer types passing 'PyVarObject *' to parameter of type 'PyObject *' (aka 'struct _object *') [-Wincompatible-pointer-types]
                if (!(plugin->info->button_info[i].name = PyBytes_AsString(PyObj))) {
                                                                           ^~~~~
make[4]: Entering directory '/<<PKGBUILDDIR>>/wminput/plugins/acc'
/usr/include/python3.9/bytesobject.h:45:47: note: passing argument to parameter here
PyAPI_FUNC(char *) PyBytes_AsString(PyObject *);
                                              ^
py_plugin.c:395:45: warning: incompatible pointer types passing 'PyVarObject *' to parameter of type 'PyObject *' (aka 'struct _object *') [-Wincompatible-pointer-types]
        plugin->info->axis_count = PySequence_Size(PyAxisInfo);
                                                   ^~~~~~~~~~
/usr/include/python3.9/abstract.h:623:50: note: passing argument to parameter 'o' here
PyAPI_FUNC(Py_ssize_t) PySequence_Size(PyObject *o);
                                                 ^
py_plugin.c:399:36: warning: incompatible pointer types passing 'PyVarObject *' to parameter of type 'PyObject *' (aka 'struct _object *') [-Wincompatible-pointer-types]
                if (!(PyObj = PySequence_GetItem(PyAxisInfo, i))) {
                                                 ^~~~~~~~~~
/usr/include/python3.9/abstract.h:645:53: note: passing argument to parameter 'o' here
PyAPI_FUNC(PyObject *) PySequence_GetItem(PyObject *o, Py_ssize_t i);
                                                    ^
py_plugin.c:399:15: warning: incompatible pointer types assigning to 'PyVarObject *' from 'PyObject *' (aka 'struct _object *') [-Wincompatible-pointer-types]
                if (!(PyObj = PySequence_GetItem(PyAxisInfo, i))) {
                            ^ ~~~~~~~~~~~~~~~~~~~~~~~~~~~~~~~~~
py_plugin.c:404:25: warning: incompatible pointer types passing 'PyVarObject *' to parameter of type 'PyObject *' (aka 'struct _object *') [-Wincompatible-pointer-types]
                if (!PyArg_ParseTuple(PyObj, "sIiiii",
                                      ^~~~~
/usr/include/python3.9/modsupport.h:40:44: note: passing argument to parameter here
PyAPI_FUNC(int) PyArg_ParseTuple(PyObject *, const char *, ...);
                                           ^
py_plugin.c:421:46: warning: incompatible pointer types passing 'PyVarObject *' to parameter of type 'PyObject *' (aka 'struct _object *') [-Wincompatible-pointer-types]
        plugin->info->param_count = PySequence_Size(PyParamInfo);
                                                    ^~~~~~~~~~~
/usr/include/python3.9/abstract.h:623:50: note: passing argument to parameter 'o' here
PyAPI_FUNC(Py_ssize_t) PySequence_Size(PyObject *o);
                                                 ^
py_plugin.c:423:36: warning: incompatible pointer types passing 'PyVarObject *' to parameter of type 'PyObject *' (aka 'struct _object *') [-Wincompatible-pointer-types]
                if (!(PyObj = PySequence_GetItem(PyParamInfo, i))) {
                                                 ^~~~~~~~~~~
/usr/include/python3.9/abstract.h:645:53: note: passing argument to parameter 'o' here
PyAPI_FUNC(PyObject *) PySequence_GetItem(PyObject *o, Py_ssize_t i);
                                                    ^
py_plugin.c:423:15: warning: incompatible pointer types assigning to 'PyVarObject *' from 'PyObject *' (aka 'struct _object *') [-Wincompatible-pointer-types]
                if (!(PyObj = PySequence_GetItem(PyParamInfo, i))) {
                            ^ ~~~~~~~~~~~~~~~~~~~~~~~~~~~~~~~~~~
py_plugin.c:428:25: warning: incompatible pointer types passing 'PyVarObject *' to parameter of type 'PyObject *' (aka 'struct _object *') [-Wincompatible-pointer-types]
                if (!PyArg_ParseTuple(PyObj, "siO", &plugin->info->param_info[i].name,
                                      ^~~~~
/usr/include/python3.9/modsupport.h:40:44: note: passing argument to parameter here
PyAPI_FUNC(int) PyArg_ParseTuple(PyObject *, const char *, ...);
                                           ^
py_plugin.c:453:15: warning: incompatible pointer types assigning to 'PyVarObject *' from 'PyObject *' (aka 'struct _object *') [-Wincompatible-pointer-types]
        if (!(PyArgs = Py_BuildValue("(i,O)", id, PyWiimote))) {
                     ^ ~~~~~~~~~~~~~~~~~~~~~~~~~~~~~~~~~~~~~
py_plugin.c:458:27: warning: incompatible pointer types passing 'PyVarObject *' to parameter of type 'PyObject *' (aka 'struct _object *') [-Wincompatible-pointer-types]
        if (!PyObject_CallObject(((struct py_plugin *)plugin->p)->init, PyArgs)) {
                                 ^~~~~~~~~~~~~~~~~~~~~~~~~~~~~~~~~~~~~
/usr/include/python3.9/abstract.h:169:54: note: passing argument to parameter 'callable' here
PyAPI_FUNC(PyObject *) PyObject_CallObject(PyObject *callable,
                                                     ^
py_plugin.c:458:66: warning: incompatible pointer types passing 'PyVarObject *' to parameter of type 'PyObject *' (aka 'struct _object *') [-Wincompatible-pointer-types]
        if (!PyObject_CallObject(((struct py_plugin *)plugin->p)->init, PyArgs)) {
                                                                        ^~~~~~
/usr/include/python3.9/abstract.h:170:54: note: passing argument to parameter 'args' here
                                           PyObject *args);
                                                     ^
py_plugin.c:480:15: warning: incompatible pointer types assigning to 'PyVarObject *' from 'PyObject *' (aka 'struct _object *') [-Wincompatible-pointer-types]
        if (!(PyArgs = Py_BuildValue("(O)", PyMesg))) {
                     ^ ~~~~~~~~~~~~~~~~~~~~~~~~~~~~
py_plugin.c:488:37: warning: incompatible pointer types passing 'PyVarObject *' to parameter of type 'PyObject *' (aka 'struct _object *') [-Wincompatible-pointer-types]
        if (!(PyData = PyObject_CallObject(((struct py_plugin *)plugin->p)->exec,
                                           ^~~~~~~~~~~~~~~~~~~~~~~~~~~~~~~~~~~~~
/usr/include/python3.9/abstract.h:169:54: note: passing argument to parameter 'callable' here
PyAPI_FUNC(PyObject *) PyObject_CallObject(PyObject *callable,
                                                     ^
py_plugin.c:489:37: warning: incompatible pointer types passing 'PyVarObject *' to parameter of type 'PyObject *' (aka 'struct _object *') [-Wincompatible-pointer-types]
                                           PyArgs))) {
                                           ^~~~~~
/usr/include/python3.9/abstract.h:170:54: note: passing argument to parameter 'args' here
                                           PyObject *args);
                                                     ^
py_plugin.c:488:15: warning: incompatible pointer types assigning to 'PyVarObject *' from 'PyObject *' (aka 'struct _object *') [-Wincompatible-pointer-types]
        if (!(PyData = PyObject_CallObject(((struct py_plugin *)plugin->p)->exec,
                     ^ ~~~~~~~~~~~~~~~~~~~~~~~~~~~~~~~~~~~~~~~~~~~~~~~~~~~~~~~~~~
py_plugin.c:497:24: warning: incompatible pointer types passing 'PyVarObject *' to parameter of type 'PyObject *' (aka 'struct _object *') [-Wincompatible-pointer-types]
        if (!PyArg_ParseTuple(PyData, "OO", &PyButtonData, &PyAxisData)) {
                              ^~~~~~
/usr/include/python3.9/modsupport.h:40:44: note: passing argument to parameter here
PyAPI_FUNC(int) PyArg_ParseTuple(PyObject *, const char *, ...);
                                           ^
py_plugin.c:503:25: warning: incompatible pointer types passing 'PyVarObject *' to parameter of type 'PyObject *' (aka 'struct _object *') [-Wincompatible-pointer-types]
        if (!(PySequence_Check(PyButtonData) && PySequence_Check(PyAxisData))) {
                               ^~~~~~~~~~~~
/usr/include/python3.9/abstract.h:620:44: note: passing argument to parameter 'o' here
PyAPI_FUNC(int) PySequence_Check(PyObject *o);
                                           ^
py_plugin.c:503:59: warning: incompatible pointer types passing 'PyVarObject *' to parameter of type 'PyObject *' (aka 'struct _object *') [-Wincompatible-pointer-types]
        if (!(PySequence_Check(PyButtonData) && PySequence_Check(PyAxisData))) {
                                                                 ^~~~~~~~~~
/usr/include/python3.9/abstract.h:620:44: note: passing argument to parameter 'o' here
PyAPI_FUNC(int) PySequence_Check(PyObject *o);
                                           ^
py_plugin.c:509:22: warning: incompatible pointer types passing 'PyVarObject *' to parameter of type 'PyObject *' (aka 'struct _object *') [-Wincompatible-pointer-types]
        if (PySequence_Size(PyButtonData) != plugin->info->button_count) {
                            ^~~~~~~~~~~~
/usr/include/python3.9/abstract.h:623:50: note: passing argument to parameter 'o' here
PyAPI_FUNC(Py_ssize_t) PySequence_Size(PyObject *o);
                                                 ^
py_plugin.c:516:36: warning: incompatible pointer types passing 'PyVarObject *' to parameter of type 'PyObject *' (aka 'struct _object *') [-Wincompatible-pointer-types]
                if (!(PyObj = PySequence_GetItem(PyButtonData, i))) {
                                                 ^~~~~~~~~~~~
/usr/include/python3.9/abstract.h:645:53: note: passing argument to parameter 'o' here
PyAPI_FUNC(PyObject *) PySequence_GetItem(PyObject *o, Py_ssize_t i);
                                                    ^
py_plugin.c:516:15: warning: incompatible pointer types assigning to 'PyVarObject *' from 'PyObject *' (aka 'struct _object *') [-Wincompatible-pointer-types]
                if (!(PyObj = PySequence_GetItem(PyButtonData, i))) {
                            ^ ~~~~~~~~~~~~~~~~~~~~~~~~~~~~~~~~~~~
py_plugin.c:522:13: warning: comparison of distinct pointer types ('PyVarObject *' and 'PyObject *' (aka 'struct _object *')) [-Wcompare-distinct-pointer-types]
                if (PyObj == Py_True) {
                    ~~~~~ ^  ~~~~~~~
py_plugin.c:525:18: warning: comparison of distinct pointer types ('PyVarObject *' and 'PyObject *' (aka 'struct _object *')) [-Wcompare-distinct-pointer-types]
                else if (PyObj != Py_False) {
                         ~~~~~ ^  ~~~~~~~~
py_plugin.c:535:22: warning: incompatible pointer types passing 'PyVarObject *' to parameter of type 'PyObject *' (aka 'struct _object *') [-Wincompatible-pointer-types]
        if (PySequence_Size(PyAxisData) != plugin->info->axis_count) {
                            ^~~~~~~~~~
/usr/include/python3.9/abstract.h:623:50: note: passing argument to parameter 'o' here
PyAPI_FUNC(Py_ssize_t) PySequence_Size(PyObject *o);
                                                 ^
py_plugin.c:541:36: warning: incompatible pointer types passing 'PyVarObject *' to parameter of type 'PyObject *' (aka 'struct _object *') [-Wincompatible-pointer-types]
                if (!(PyObj = PySequence_GetItem(PyAxisData, i))) {
                                                 ^~~~~~~~~~
/usr/include/python3.9/abstract.h:645:53: note: passing argument to parameter 'o' here
PyAPI_FUNC(PyObject *) PySequence_GetItem(PyObject *o, Py_ssize_t i);
                                                    ^
py_plugin.c:541:15: warning: incompatible pointer types assigning to 'PyVarObject *' from 'PyObject *' (aka 'struct _object *') [-Wincompatible-pointer-types]
                if (!(PyObj = PySequence_GetItem(PyAxisData, i))) {
                            ^ ~~~~~~~~~~~~~~~~~~~~~~~~~~~~~~~~~
py_plugin.c:547:13: warning: comparison of distinct pointer types ('PyVarObject *' and 'PyObject *' (aka 'struct _object *')) [-Wcompare-distinct-pointer-types]
                if (PyObj == Py_None) {
                    ~~~~~ ^  ~~~~~~~
py_plugin.c:558:48: warning: incompatible pointer types passing 'PyVarObject *' to parameter of type 'PyObject *' (aka 'struct _object *') [-Wincompatible-pointer-types]
                        plugin->data->axes[i].value = PyLong_AsLong(PyObj);
                                                                    ^~~~~
/usr/include/python3.9/longobject.h:23:42: note: passing argument to parameter here
PyAPI_FUNC(long) PyLong_AsLong(PyObject *);
                                         ^
py_plugin.c:575:9: warning: incompatible pointer types assigning to 'PyVarObject *' from 'PyObject *' (aka 'struct _object *') [-Wincompatible-pointer-types]
                PyObj = PyLong_FromLong(value);
                      ^ ~~~~~~~~~~~~~~~~~~~~~~
py_plugin.c:576:30: warning: incompatible pointer types passing 'PyVarObject *' to parameter of type 'PyObject *' (aka 'struct _object *') [-Wincompatible-pointer-types]
                if (PyObject_SetAttrString(((struct py_plugin *)plugin->p)->handle,
                                           ^~~~~~~~~~~~~~~~~~~~~~~~~~~~~~~~~~~~~~~
/usr/include/python3.9/object.h:248:50: note: passing argument to parameter here
PyAPI_FUNC(int) PyObject_SetAttrString(PyObject *, const char *, PyObject *);
                                                 ^
py_plugin.c:578:30: warning: incompatible pointer types passing 'PyVarObject *' to parameter of type 'PyObject *' (aka 'struct _object *') [-Wincompatible-pointer-types]
                                           PyObj)) {
                                           ^~~~~
/usr/include/python3.9/object.h:248:76: note: passing argument to parameter here
PyAPI_FUNC(int) PyObject_SetAttrString(PyObject *, const char *, PyObject *);
                                                                           ^
py_plugin.c:584:9: warning: incompatible pointer types assigning to 'PyVarObject *' from 'PyObject *' (aka 'struct _object *') [-Wincompatible-pointer-types]
                PyObj = PyFloat_FromDouble((double)value);
                      ^ ~~~~~~~~~~~~~~~~~~~~~~~~~~~~~~~~~
py_plugin.c:585:30: warning: incompatible pointer types passing 'PyVarObject *' to parameter of type 'PyObject *' (aka 'struct _object *') [-Wincompatible-pointer-types]
                if (PyObject_SetAttrString(((struct py_plugin *)plugin->p)->handle,
                                           ^~~~~~~~~~~~~~~~~~~~~~~~~~~~~~~~~~~~~~~
/usr/include/python3.9/object.h:248:50: note: passing argument to parameter here
PyAPI_FUNC(int) PyObject_SetAttrString(PyObject *, const char *, PyObject *);
                                                 ^
py_plugin.c:587:30: warning: incompatible pointer types passing 'PyVarObject *' to parameter of type 'PyObject *' (aka 'struct _object *') [-Wincompatible-pointer-types]
                                           PyObj)) {
                                           ^~~~~
/usr/include/python3.9/object.h:248:76: note: passing argument to parameter here
PyAPI_FUNC(int) PyObject_SetAttrString(PyObject *, const char *, PyObject *);
                                                                           ^
py_plugin.c:605:9: warning: incompatible pointer types assigning to 'PyVarObject *' from 'PyObject *' (aka 'struct _object *') [-Wincompatible-pointer-types]
                PyObj = PyLong_FromLong((int)value);
                      ^ ~~~~~~~~~~~~~~~~~~~~~~~~~~~
py_plugin.c:606:30: warning: incompatible pointer types passing 'PyVarObject *' to parameter of type 'PyObject *' (aka 'struct _object *') [-Wincompatible-pointer-types]
                if (PyObject_SetAttrString(((struct py_plugin *)plugin->p)->handle,
                                           ^~~~~~~~~~~~~~~~~~~~~~~~~~~~~~~~~~~~~~~
/usr/include/python3.9/object.h:248:50: note: passing argument to parameter here
PyAPI_FUNC(int) PyObject_SetAttrString(PyObject *, const char *, PyObject *);
                                                 ^
py_plugin.c:608:30: warning: incompatible pointer types passing 'PyVarObject *' to parameter of type 'PyObject *' (aka 'struct _object *') [-Wincompatible-pointer-types]
                                           PyObj)) {
                                           ^~~~~
/usr/include/python3.9/object.h:248:76: note: passing argument to parameter here
PyAPI_FUNC(int) PyObject_SetAttrString(PyObject *, const char *, PyObject *);
                                                                           ^
py_plugin.c:614:9: warning: incompatible pointer types assigning to 'PyVarObject *' from 'PyObject *' (aka 'struct _object *') [-Wincompatible-pointer-types]
                PyObj = PyFloat_FromDouble((double)value);
                      ^ ~~~~~~~~~~~~~~~~~~~~~~~~~~~~~~~~~
py_plugin.c:615:30: warning: incompatible pointer types passing 'PyVarObject *' to parameter of type 'PyObject *' (aka 'struct _object *') [-Wincompatible-pointer-types]
                if (PyObject_SetAttrString(((struct py_plugin *)plugin->p)->handle,
                                           ^~~~~~~~~~~~~~~~~~~~~~~~~~~~~~~~~~~~~~~
/usr/include/python3.9/object.h:248:50: note: passing argument to parameter here
PyAPI_FUNC(int) PyObject_SetAttrString(PyObject *, const char *, PyObject *);
                                                 ^
py_plugin.c:617:30: warning: incompatible pointer types passing 'PyVarObject *' to parameter of type 'PyObject *' (aka 'struct _object *') [-Wincompatible-pointer-types]
                                           PyObj)) {
                                           ^~~~~
/usr/include/python3.9/object.h:248:76: note: passing argument to parameter here
PyAPI_FUNC(int) PyObject_SetAttrString(PyObject *, const char *, PyObject *);
                                                                           ^
py_plugin.c:632:35: warning: incompatible pointer types passing 'PyVarObject *' to parameter of type 'PyObject *' (aka 'struct _object *') [-Wincompatible-pointer-types]
        if (!PyArg_ParseTupleAndKeywords(args, kwds, "ii:wmplugin:set_rpt_mode",
                                         ^~~~
/usr/include/python3.9/modsupport.h:41:55: note: passing argument to parameter here
PyAPI_FUNC(int) PyArg_ParseTupleAndKeywords(PyObject *, PyObject *,
                                                      ^
py_plugin.c:632:41: warning: incompatible pointer types passing 'PyVarObject *' to parameter of type 'PyObject *' (aka 'struct _object *') [-Wincompatible-pointer-types]
        if (!PyArg_ParseTupleAndKeywords(args, kwds, "ii:wmplugin:set_rpt_mode",
                                               ^~~~
/usr/include/python3.9/modsupport.h:41:67: note: passing argument to parameter here
PyAPI_FUNC(int) PyArg_ParseTupleAndKeywords(PyObject *, PyObject *,
                                                                  ^
py_plugin.c:641:2: warning: incompatible pointer types returning 'PyObject *' (aka 'struct _object *') from a function with result type 'PyVarObject *' [-Wincompatible-pointer-types]
        Py_RETURN_NONE;
        ^~~~~~~~~~~~~~
/usr/include/python3.9/object.h:520:31: note: expanded from macro 'Py_RETURN_NONE'
#define Py_RETURN_NONE return Py_INCREF(Py_None), Py_None
                              ^~~~~~~~~~~~~~~~~~~~~~~~~~~
/usr/include/python3.9/object.h:411:23: note: expanded from macro 'Py_INCREF'
#define Py_INCREF(op) _Py_INCREF(_PyObject_CAST(op))
                      ^
py_plugin.c:627:47: warning: unused parameter 'self' [-Wunused-parameter]
static PyVarObject *set_rpt_mode(PyVarObject *self, PyVarObject *args, PyVarObject *kwds)
                                              ^
gcc -shared -Wl,-z,relro -L../libcwiid -rdynamic  -o ir_fps.so ir_fps.o
96 warnings generated.
gcc -o wminput main.o conf.o c_plugin.o uinput.o action_enum.o util.o py_plugin.o parser.o lexer.o -Wl,-z,relro -L../libcwiid -rdynamic -lcwiid -ldl -lbluetooth -lpython3.9 -lpthread
make[4]: Leaving directory '/<<PKGBUILDDIR>>/wminput/plugins/ir_ptr'
make  -C nunchuk_acc
make[4]: Entering directory '/<<PKGBUILDDIR>>/wminput/plugins/nunchuk_acc'
gcc -g -Wall -W -DHAVE_CONFIG_H -I/<<PKGBUILDDIR>>/common/include -I../../../wminput -I../../../libcwiid -fpic -Wdate-time -D_FORTIFY_SOURCE=2  -c -o acc.o acc.c
make[4]: Leaving directory '/<<PKGBUILDDIR>>/wminput/plugins/ir_fps'
make  -C led
make[4]: Entering directory '/<<PKGBUILDDIR>>/wminput/plugins/led'
gcc -g -Wall -W -DHAVE_CONFIG_H -I/<<PKGBUILDDIR>>/common/include -I../../../wminput -I../../../libcwiid -fpic -Wdate-time -D_FORTIFY_SOURCE=2  -c -o nunchuk_acc.o nunchuk_acc.c
make  -C nunchuk_stick2btn
make[4]: Entering directory '/<<PKGBUILDDIR>>/wminput/plugins/nunchuk_stick2btn'
gcc -shared -Wl,-z,relro -L../libcwiid -rdynamic -lm -o acc.so acc.o
gcc -g -Wall -W -DHAVE_CONFIG_H -I/<<PKGBUILDDIR>>/common/include -I../../../wminput -I../../../libcwiid -fpic -Wdate-time -D_FORTIFY_SOURCE=2  -c -o led.o led.c
gcc -g -Wall -W -DHAVE_CONFIG_H -I/<<PKGBUILDDIR>>/common/include -I../../../wminput -I../../../libcwiid -fpic -Wdate-time -D_FORTIFY_SOURCE=2  -c -o nunchuk_stick2btn.o nunchuk_stick2btn.c
gcc -shared -Wl,-z,relro -L../libcwiid -rdynamic -lm -o nunchuk_acc.so nunchuk_acc.o
make[4]: Leaving directory '/<<PKGBUILDDIR>>/wminput/plugins/acc'
make  -C nunchuk_kb
make[4]: Entering directory '/<<PKGBUILDDIR>>/wminput/plugins/nunchuk_kb'
led.c:86:14: warning: incompatible pointer types assigning to 'struct cwiid_btn_message *' from 'struct cwiid_btn_mesg *' [-Wincompatible-pointer-types]
                                btn_mesg = &mesg[i].btn_mesg;
                                         ^ ~~~~~~~~~~~~~~~~~
1 warning generated.
gcc -shared -Wl,-z,relro -L../libcwiid -rdynamic  -o led.so led.o
nunchuk_stick2btn.c:51:44: warning: unused parameter 'arg_wiimote' [-Wunused-parameter]
int wmplugin_init(int id, cwiid_wiimote_t *arg_wiimote)
                                           ^
1 warning generated.
gcc -shared -Wl,-z,relro -L../libcwiid -rdynamic -lm -o nunchuk_stick2btn.so nunchuk_stick2btn.o
make[4]: Leaving directory '/<<PKGBUILDDIR>>/wminput/plugins/nunchuk_acc'
gcc -g -Wall -W -DHAVE_CONFIG_H -I/<<PKGBUILDDIR>>/common/include -I../../../wminput -I../../../libcwiid -fpic -Wdate-time -D_FORTIFY_SOURCE=2  -c -o nunchuk_kb.o nunchuk_kb.c
make[4]: Leaving directory '/<<PKGBUILDDIR>>/wminput/plugins/led'
make[4]: Leaving directory '/<<PKGBUILDDIR>>/wminput/plugins/nunchuk_stick2btn'
nunchuk_kb.c:45:14: warning: unused variable 'Roll_Scale' [-Wunused-variable]
static float Roll_Scale = 1.0;
             ^
nunchuk_kb.c:46:14: warning: unused variable 'Pitch_Scale' [-Wunused-variable]
static float Pitch_Scale = 1.0;
             ^
nunchuk_kb.c:47:14: warning: unused variable 'X_Scale' [-Wunused-variable]
static float X_Scale = 1.0;
             ^
nunchuk_kb.c:48:14: warning: unused variable 'Y_Scale' [-Wunused-variable]
static float Y_Scale = 1.0;
             ^
4 warnings generated.
gcc -shared -Wl,-z,relro -L../libcwiid -rdynamic -lm -o nunchuk_kb.so nunchuk_kb.o
make[4]: Leaving directory '/<<PKGBUILDDIR>>/wminput/plugins/nunchuk_kb'
make[3]: Leaving directory '/<<PKGBUILDDIR>>/wminput/plugins'
make[2]: Leaving directory '/<<PKGBUILDDIR>>/wminput'
make  -C lswm
make[2]: Entering directory '/<<PKGBUILDDIR>>/lswm'
gcc -g -Wall -W -DHAVE_CONFIG_H -I/<<PKGBUILDDIR>>/common/include -I../libcwiid -Wdate-time -D_FORTIFY_SOURCE=2  -c -o lswm.o lswm.c
gcc -o lswm lswm.o -Wl,-z,relro -L../libcwiid -lcwiid -lbluetooth
make[2]: Leaving directory '/<<PKGBUILDDIR>>/lswm'
make  -C python
make[2]: Entering directory '/<<PKGBUILDDIR>>/python'
python3 setup.py build_ext -g -I../libcwiid -L../libcwiid -lcwiid
running build_ext
building 'cwiid' extension
creating build
creating build/temp.linux-x86_64-3.9
x86_64-linux-gnu-gcc -pthread -Wno-unused-result -Wsign-compare -DNDEBUG -g -fwrapv -O2 -Wall -g -fstack-protector-strong -Wformat -Werror=format-security -g -fwrapv -O2 -g -Wall -W -DHAVE_CONFIG_H -I/<<PKGBUILDDIR>>/common/include -Wdate-time -D_FORTIFY_SOURCE=2 -fPIC -g -I../libcwiid -I/usr/include/python3.9 -c Wiimote.c -o build/temp.linux-x86_64-3.9/Wiimote.o
Wiimote.c:152:2: warning: suggest braces around initialization of subobject [-Wmissing-braces]
        PyObject_HEAD_INIT(NULL)
        ^~~~~~~~~~~~~~~~~~~~~~~~
/usr/include/python3.9/object.h:86:5: note: expanded from macro 'PyObject_HEAD_INIT'
    1, type },
    ^~~~~~~
Wiimote.c:152:2: warning: missing field 'ob_size' initializer [-Wmissing-field-initializers]
/usr/include/python3.9/object.h:86:13: note: expanded from macro 'PyObject_HEAD_INIT'
    1, type },
            ^
Wiimote.c:154:2: warning: incompatible pointer to integer conversion initializing 'Py_ssize_t' (aka 'long') with an expression of type 'char [14]' [-Wint-conversion]
        "cwiid.Wiimote",                /* tp_name */
        ^~~~~~~~~~~~~~~
Wiimote.c:157:2: warning: incompatible pointer to integer conversion initializing 'Py_ssize_t' (aka 'long') with an expression of type 'destructor' (aka 'void (*)(struct _object *)') [-Wint-conversion]
        (destructor)Wiimote_dealloc,    /* tp_dealloc */
        ^~~~~~~~~~~~~~~~~~~~~~~~~~~
Wiimote.c:172:2: warning: incompatible integer to pointer conversion initializing 'const char *' with an expression of type 'unsigned long' [-Wint-conversion]
        Py_TPFLAGS_DEFAULT | Py_TPFLAGS_BASETYPE,       /* tp_flags */
        ^~~~~~~~~~~~~~~~~~~~~~~~~~~~~~~~~~~~~~~~
/usr/include/python3.9/object.h:350:29: note: expanded from macro 'Py_TPFLAGS_DEFAULT'
#define Py_TPFLAGS_DEFAULT  ( \
                            ^
Wiimote.c:173:2: warning: incompatible pointer types initializing 'traverseproc' (aka 'int (*)(struct _object *, int (*)(struct _object *, void *), void *)') with an expression of type 'char [32]' [-Wincompatible-pointer-types]
        "CWiid Wiimote connection object",      /* tp_doc */
        ^~~~~~~~~~~~~~~~~~~~~~~~~~~~~~~~~
Wiimote.c:180:2: warning: incompatible pointer types initializing 'struct PyMemberDef *' with an expression of type 'PyMethodDef [11]' [-Wincompatible-pointer-types]
        Wiimote_Methods,                /* tp_methods */
        ^~~~~~~~~~~~~~~
Wiimote.c:182:2: warning: incompatible pointer types initializing 'struct _typeobject *' with an expression of type 'PyGetSetDef [6]' [-Wincompatible-pointer-types]
        Wiimote_GetSet,                 /* tp_getset */
        ^~~~~~~~~~~~~~
Wiimote.c:188:2: warning: incompatible function pointer types initializing 'allocfunc' (aka 'struct _object *(*)(struct _typeobject *, long)') with an expression of type 'initproc' (aka 'int (*)(struct _object *, struct _object *, struct _object *)') [-Wincompatible-function-pointer-types]
        (initproc)Wiimote_init, /* tp_init */
        ^~~~~~~~~~~~~~~~~~~~~~
Wiimote.c:190:2: warning: incompatible function pointer types initializing 'freefunc' (aka 'void (*)(void *)') with an expression of type 'PyVarObject *(PyTypeObject *, PyVarObject *, PyVarObject *)' (aka 'PyVarObject *(struct _typeobject *, PyVarObject *, PyVarObject *)') [-Wincompatible-function-pointer-types]
        Wiimote_new,                    /* tp_new */
        ^~~~~~~~~~~
Wiimote.c:191:1: warning: missing field 'tp_is_gc' initializer [-Wmissing-field-initializers]
};
^
Wiimote.c:204:27: warning: incompatible pointer types assigning to 'PyVarObject *' from 'PyObject *' (aka 'struct _object *') [-Wincompatible-pointer-types]
        Py_INCREF(self->callback = Py_None);
                                 ^ ~~~~~~~
/usr/include/python3.9/object.h:411:49: note: expanded from macro 'Py_INCREF'
#define Py_INCREF(op) _Py_INCREF(_PyObject_CAST(op))
                                                ^~
/usr/include/python3.9/object.h:112:41: note: expanded from macro '_PyObject_CAST'
#define _PyObject_CAST(op) ((PyObject*)(op))
                                        ^~
Wiimote.c:195:47: warning: unused parameter 'args' [-Wunused-parameter]
        Wiimote_new(PyTypeObject *type, PyVarObject *args, PyVarObject *kwds)
                                                     ^
Wiimote.c:195:66: warning: unused parameter 'kwds' [-Wunused-parameter]
        Wiimote_new(PyTypeObject *type, PyVarObject *args, PyVarObject *kwds)
                                                                        ^
Wiimote.c:230:19: warning: incompatible pointer types passing 'PyVarObject *' to parameter of type 'PyObject *' (aka 'struct _object *') [-Wincompatible-pointer-types]
        if (PyTuple_Size(args) == 1) {
                         ^~~~
/usr/include/python3.9/tupleobject.h:31:47: note: passing argument to parameter here
PyAPI_FUNC(Py_ssize_t) PyTuple_Size(PyObject *);
                                              ^
Wiimote.c:231:9: warning: incompatible pointer types assigning to 'PyVarObject *' from 'PyObject *' (aka 'struct _object *') [-Wincompatible-pointer-types]
                PyObj = PyTuple_GET_ITEM(args, 0);
                      ^ ~~~~~~~~~~~~~~~~~~~~~~~~~
Wiimote.c:232:7: warning: implicit declaration of function 'PyCObject_Check' is invalid in C99 [-Wimplicit-function-declaration]
                if (PyCObject_Check(PyObj)) {
                    ^
Wiimote.c:233:14: warning: implicit declaration of function 'PyCObject_AsVoidPtr' is invalid in C99 [-Wimplicit-function-declaration]
                        wiimote = PyCObject_AsVoidPtr(PyObj);
                                  ^
Wiimote.c:233:12: warning: incompatible integer to pointer conversion assigning to 'cwiid_wiimote_t *' (aka 'struct wiimote *') from 'int' [-Wint-conversion]
                        wiimote = PyCObject_AsVoidPtr(PyObj);
                                ^ ~~~~~~~~~~~~~~~~~~~~~~~~~~
Wiimote.c:239:36: warning: incompatible pointer types passing 'PyVarObject *' to parameter of type 'PyObject *' (aka 'struct _object *') [-Wincompatible-pointer-types]
                if (!PyArg_ParseTupleAndKeywords(args, kwds, "|si:cwiid.Wiimote.init",
                                                 ^~~~
/usr/include/python3.9/modsupport.h:41:55: note: passing argument to parameter here
PyAPI_FUNC(int) PyArg_ParseTupleAndKeywords(PyObject *, PyObject *,
                                                      ^
Wiimote.c:239:42: warning: incompatible pointer types passing 'PyVarObject *' to parameter of type 'PyObject *' (aka 'struct _object *') [-Wincompatible-pointer-types]
                if (!PyArg_ParseTupleAndKeywords(args, kwds, "|si:cwiid.Wiimote.init",
                                                       ^~~~
/usr/include/python3.9/modsupport.h:41:67: note: passing argument to parameter here
PyAPI_FUNC(int) PyArg_ParseTupleAndKeywords(PyObject *, PyObject *,
                                                                  ^
Wiimote.c:289:2: warning: incompatible pointer types returning 'PyObject *' (aka 'struct _object *') from a function with result type 'PyVarObject *' [-Wincompatible-pointer-types]
        Py_RETURN_NONE;
        ^~~~~~~~~~~~~~
/usr/include/python3.9/object.h:520:31: note: expanded from macro 'Py_RETURN_NONE'
#define Py_RETURN_NONE return Py_INCREF(Py_None), Py_None
                              ^~~~~~~~~~~~~~~~~~~~~~~~~~~
/usr/include/python3.9/object.h:411:23: note: expanded from macro 'Py_INCREF'
#define Py_INCREF(op) _Py_INCREF(_PyObject_CAST(op))
                      ^
Wiimote.c:302:35: warning: incompatible pointer types passing 'PyVarObject *' to parameter of type 'PyObject *' (aka 'struct _object *') [-Wincompatible-pointer-types]
        if (!PyArg_ParseTupleAndKeywords(args, kwds, "i:cwiid.Wiimote.enable",
                                         ^~~~
/usr/include/python3.9/modsupport.h:41:55: note: passing argument to parameter here
PyAPI_FUNC(int) PyArg_ParseTupleAndKeywords(PyObject *, PyObject *,
                                                      ^
Wiimote.c:302:41: warning: incompatible pointer types passing 'PyVarObject *' to parameter of type 'PyObject *' (aka 'struct _object *') [-Wincompatible-pointer-types]
        if (!PyArg_ParseTupleAndKeywords(args, kwds, "i:cwiid.Wiimote.enable",
                                               ^~~~
/usr/include/python3.9/modsupport.h:41:67: note: passing argument to parameter here
PyAPI_FUNC(int) PyArg_ParseTupleAndKeywords(PyObject *, PyObject *,
                                                                  ^
Wiimote.c:312:2: warning: incompatible pointer types returning 'PyObject *' (aka 'struct _object *') from a function with result type 'PyVarObject *' [-Wincompatible-pointer-types]
        Py_RETURN_NONE;
        ^~~~~~~~~~~~~~
/usr/include/python3.9/object.h:520:31: note: expanded from macro 'Py_RETURN_NONE'
#define Py_RETURN_NONE return Py_INCREF(Py_None), Py_None
                              ^~~~~~~~~~~~~~~~~~~~~~~~~~~
/usr/include/python3.9/object.h:411:23: note: expanded from macro 'Py_INCREF'
#define Py_INCREF(op) _Py_INCREF(_PyObject_CAST(op))
                      ^
Wiimote.c:325:35: warning: incompatible pointer types passing 'PyVarObject *' to parameter of type 'PyObject *' (aka 'struct _object *') [-Wincompatible-pointer-types]
        if (!PyArg_ParseTupleAndKeywords(args, kwds, "i:cwiid.Wiimote.disable",
                                         ^~~~
/usr/include/python3.9/modsupport.h:41:55: note: passing argument to parameter here
PyAPI_FUNC(int) PyArg_ParseTupleAndKeywords(PyObject *, PyObject *,
                                                      ^
Wiimote.c:325:41: warning: incompatible pointer types passing 'PyVarObject *' to parameter of type 'PyObject *' (aka 'struct _object *') [-Wincompatible-pointer-types]
        if (!PyArg_ParseTupleAndKeywords(args, kwds, "i:cwiid.Wiimote.disable",
                                               ^~~~
/usr/include/python3.9/modsupport.h:41:67: note: passing argument to parameter here
PyAPI_FUNC(int) PyArg_ParseTupleAndKeywords(PyObject *, PyObject *,
                                                                  ^
Wiimote.c:335:2: warning: incompatible pointer types returning 'PyObject *' (aka 'struct _object *') from a function with result type 'PyVarObject *' [-Wincompatible-pointer-types]
        Py_RETURN_NONE;
        ^~~~~~~~~~~~~~
/usr/include/python3.9/object.h:520:31: note: expanded from macro 'Py_RETURN_NONE'
#define Py_RETURN_NONE return Py_INCREF(Py_None), Py_None
                              ^~~~~~~~~~~~~~~~~~~~~~~~~~~
/usr/include/python3.9/object.h:411:23: note: expanded from macro 'Py_INCREF'
#define Py_INCREF(op) _Py_INCREF(_PyObject_CAST(op))
                      ^
Wiimote.c:349:24: warning: incompatible pointer types passing 'PyVarObject *' to parameter of type 'PyObject *' (aka 'struct _object *') [-Wincompatible-pointer-types]
        if (!PyCallable_Check(NewCallback)) {
                              ^~~~~~~~~~~
/usr/include/python3.9/object.h:263:44: note: passing argument to parameter here
PyAPI_FUNC(int) PyCallable_Check(PyObject *);
                                           ^
Wiimote.c:354:19: warning: comparison of distinct pointer types ('PyVarObject *' and 'PyObject *' (aka 'struct _object *')) [-Wcompare-distinct-pointer-types]
        if ((OldCallback == Py_None) && (NewCallback != Py_None)) {
             ~~~~~~~~~~~ ^  ~~~~~~~
Wiimote.c:354:47: warning: comparison of distinct pointer types ('PyVarObject *' and 'PyObject *' (aka 'struct _object *')) [-Wcompare-distinct-pointer-types]
        if ((OldCallback == Py_None) && (NewCallback != Py_None)) {
                                         ~~~~~~~~~~~ ^  ~~~~~~~
Wiimote.c:361:24: warning: comparison of distinct pointer types ('PyVarObject *' and 'PyObject *' (aka 'struct _object *')) [-Wcompare-distinct-pointer-types]
        else if ((OldCallback != Py_None) && (NewCallback == Py_None)) {
                  ~~~~~~~~~~~ ^  ~~~~~~~
Wiimote.c:361:52: warning: comparison of distinct pointer types ('PyVarObject *' and 'PyObject *' (aka 'struct _object *')) [-Wcompare-distinct-pointer-types]
        else if ((OldCallback != Py_None) && (NewCallback == Py_None)) {
                                              ~~~~~~~~~~~ ^  ~~~~~~~
Wiimote.c:340:34: warning: unused parameter 'closure' [-Wunused-parameter]
                                  void *closure)
                                        ^
Wiimote.c:390:4: warning: incompatible pointer types returning 'PyObject *' (aka 'struct _object *') from a function with result type 'PyVarObject *' [-Wincompatible-pointer-types]
                        Py_RETURN_NONE;
                        ^~~~~~~~~~~~~~
/usr/include/python3.9/object.h:520:31: note: expanded from macro 'Py_RETURN_NONE'
#define Py_RETURN_NONE return Py_INCREF(Py_None), Py_None
                              ^~~~~~~~~~~~~~~~~~~~~~~~~~~
/usr/include/python3.9/object.h:411:23: note: expanded from macro 'Py_INCREF'
#define Py_INCREF(op) _Py_INCREF(_PyObject_CAST(op))
                      ^
Wiimote.c:421:10: warning: incompatible pointer types assigning to 'PyVarObject *' from 'PyObject *' (aka 'struct _object *') [-Wincompatible-pointer-types]
        PyState = Py_BuildValue("{s:B,s:B,s:B,s:B,s:i,s:i}",
                ^ ~~~~~~~~~~~~~~~~~~~~~~~~~~~~~~~~~~~~~~~~~~
Wiimote.c:430:16: warning: incompatible pointer types initializing 'PyVarObject *' with an expression of type 'PyObject *' (aka 'struct _object *') [-Wincompatible-pointer-types]
                PyVarObject *PyBtn = Py_BuildValue("I", state.buttons);
                             ^       ~~~~~~~~~~~~~~~~~~~~~~~~~~~~~~~~~
Wiimote.c:435:28: warning: incompatible pointer types passing 'PyVarObject *' to parameter of type 'PyObject *' (aka 'struct _object *') [-Wincompatible-pointer-types]
                if (PyDict_SetItemString(PyState, "buttons", PyBtn)) {
                                         ^~~~~~~
/usr/include/python3.9/dictobject.h:58:48: note: passing argument to parameter 'dp' here
PyAPI_FUNC(int) PyDict_SetItemString(PyObject *dp, const char *key, PyObject *item);
                                               ^
Wiimote.c:435:48: warning: incompatible pointer types passing 'PyVarObject *' to parameter of type 'PyObject *' (aka 'struct _object *') [-Wincompatible-pointer-types]
                if (PyDict_SetItemString(PyState, "buttons", PyBtn)) {
                                                             ^~~~~
/usr/include/python3.9/dictobject.h:58:79: note: passing argument to parameter 'item' here
PyAPI_FUNC(int) PyDict_SetItemString(PyObject *dp, const char *key, PyObject *item);
                                                                              ^
Wiimote.c:444:16: warning: incompatible pointer types initializing 'PyVarObject *' with an expression of type 'PyObject *' (aka 'struct _object *') [-Wincompatible-pointer-types]
                PyVarObject *PyAcc = Py_BuildValue("(B,B,B)",
                             ^       ~~~~~~~~~~~~~~~~~~~~~~~~
Wiimote.c:452:28: warning: incompatible pointer types passing 'PyVarObject *' to parameter of type 'PyObject *' (aka 'struct _object *') [-Wincompatible-pointer-types]
                if (PyDict_SetItemString(PyState, "acc", PyAcc)) {
                                         ^~~~~~~
/usr/include/python3.9/dictobject.h:58:48: note: passing argument to parameter 'dp' here
PyAPI_FUNC(int) PyDict_SetItemString(PyObject *dp, const char *key, PyObject *item);
                                               ^
Wiimote.c:452:44: warning: incompatible pointer types passing 'PyVarObject *' to parameter of type 'PyObject *' (aka 'struct _object *') [-Wincompatible-pointer-types]
                if (PyDict_SetItemString(PyState, "acc", PyAcc)) {
                                                         ^~~~~
/usr/include/python3.9/dictobject.h:58:79: note: passing argument to parameter 'item' here
PyAPI_FUNC(int) PyDict_SetItemString(PyObject *dp, const char *key, PyObject *item);
                                                                              ^
Wiimote.c:462:16: warning: incompatible pointer types initializing 'PyVarObject *' with an expression of type 'PyObject *' (aka 'struct _object *') [-Wincompatible-pointer-types]
                PyVarObject *PyIr = PyList_New(CWIID_IR_SRC_COUNT);
                             ^      ~~~~~~~~~~~~~~~~~~~~~~~~~~~~~~
Wiimote.c:469:28: warning: incompatible pointer types passing 'PyVarObject *' to parameter of type 'PyObject *' (aka 'struct _object *') [-Wincompatible-pointer-types]
                if (PyDict_SetItemString(PyState, "ir_src", PyIr)) {
                                         ^~~~~~~
/usr/include/python3.9/dictobject.h:58:48: note: passing argument to parameter 'dp' here
PyAPI_FUNC(int) PyDict_SetItemString(PyObject *dp, const char *key, PyObject *item);
                                               ^
Wiimote.c:469:47: warning: incompatible pointer types passing 'PyVarObject *' to parameter of type 'PyObject *' (aka 'struct _object *') [-Wincompatible-pointer-types]
                if (PyDict_SetItemString(PyState, "ir_src", PyIr)) {
                                                            ^~~~
/usr/include/python3.9/dictobject.h:58:79: note: passing argument to parameter 'item' here
PyAPI_FUNC(int) PyDict_SetItemString(PyObject *dp, const char *key, PyObject *item);
                                                                              ^
Wiimote.c:482:13: warning: incompatible pointer types assigning to 'PyVarObject *' from 'PyObject *' (aka 'struct _object *') [-Wincompatible-pointer-types]
                                PyIrSrc = Py_BuildValue("{s:(I,I)}",
                                        ^ ~~~~~~~~~~~~~~~~~~~~~~~~~~
Wiimote.c:492:21: warning: implicit declaration of function 'PyInt_FromLong' is invalid in C99 [-Wimplicit-function-declaration]
                                        if (!(PySize = PyInt_FromLong(
                                                       ^
Wiimote.c:492:19: warning: incompatible integer to pointer conversion assigning to 'PyVarObject *' from 'int' [-Wint-conversion]
                                        if (!(PySize = PyInt_FromLong(
                                                     ^ ~~~~~~~~~~~~~~~
Wiimote.c:498:31: warning: incompatible pointer types passing 'PyVarObject *' to parameter of type 'PyObject *' (aka 'struct _object *') [-Wincompatible-pointer-types]
                                        if (PyDict_SetItemString(PyIrSrc, "size", PySize)) {
                                                                 ^~~~~~~
/usr/include/python3.9/dictobject.h:58:48: note: passing argument to parameter 'dp' here
PyAPI_FUNC(int) PyDict_SetItemString(PyObject *dp, const char *key, PyObject *item);
                                               ^
Wiimote.c:498:48: warning: incompatible pointer types passing 'PyVarObject *' to parameter of type 'PyObject *' (aka 'struct _object *') [-Wincompatible-pointer-types]
                                        if (PyDict_SetItemString(PyIrSrc, "size", PySize)) {
                                                                                  ^~~~~~
/usr/include/python3.9/dictobject.h:58:79: note: passing argument to parameter 'item' here
PyAPI_FUNC(int) PyDict_SetItemString(PyObject *dp, const char *key, PyObject *item);
                                                                              ^
Wiimote.c:509:23: warning: incompatible pointer types assigning to 'PyVarObject *' from 'PyObject *' (aka 'struct _object *') [-Wincompatible-pointer-types]
                                Py_INCREF(PyIrSrc = Py_None);
                                                  ^ ~~~~~~~
/usr/include/python3.9/object.h:411:49: note: expanded from macro 'Py_INCREF'
#define Py_INCREF(op) _Py_INCREF(_PyObject_CAST(op))
                                                ^~
/usr/include/python3.9/object.h:112:41: note: expanded from macro '_PyObject_CAST'
#define _PyObject_CAST(op) ((PyObject*)(op))
                                        ^~
Wiimote.c:512:4: warning: incompatible pointer types assigning to 'PyObject *' (aka 'struct _object *') from 'PyVarObject *' [-Wincompatible-pointer-types]
                        PyList_SET_ITEM(PyIr, i, PyIrSrc);
                        ^~~~~~~~~~~~~~~~~~~~~~~~~~~~~~~~~
/usr/include/python3.9/cpython/listobject.h:37:65: note: expanded from macro 'PyList_SET_ITEM'
#define PyList_SET_ITEM(op, i, v) (_PyList_CAST(op)->ob_item[i] = (v))
                                                                ^ ~~~
Wiimote.c:520:10: warning: incompatible pointer types assigning to 'PyVarObject *' from 'PyObject *' (aka 'struct _object *') [-Wincompatible-pointer-types]
                        PyExt = Py_BuildValue("{s:(B,B),s:(B,B,B),s:I}",
                              ^ ~~~~~~~~~~~~~~~~~~~~~~~~~~~~~~~~~~~~~~~~
Wiimote.c:535:29: warning: incompatible pointer types passing 'PyVarObject *' to parameter of type 'PyObject *' (aka 'struct _object *') [-Wincompatible-pointer-types]
                        if (PyDict_SetItemString(PyState, "nunchuk", PyExt)) {
                                                 ^~~~~~~
/usr/include/python3.9/dictobject.h:58:48: note: passing argument to parameter 'dp' here
PyAPI_FUNC(int) PyDict_SetItemString(PyObject *dp, const char *key, PyObject *item);
                                               ^
Wiimote.c:535:49: warning: incompatible pointer types passing 'PyVarObject *' to parameter of type 'PyObject *' (aka 'struct _object *') [-Wincompatible-pointer-types]
                        if (PyDict_SetItemString(PyState, "nunchuk", PyExt)) {
                                                                     ^~~~~
/usr/include/python3.9/dictobject.h:58:79: note: passing argument to parameter 'item' here
PyAPI_FUNC(int) PyDict_SetItemString(PyObject *dp, const char *key, PyObject *item);
                                                                              ^
Wiimote.c:546:10: warning: incompatible pointer types assigning to 'PyVarObject *' from 'PyObject *' (aka 'struct _object *') [-Wincompatible-pointer-types]
                        PyExt = Py_BuildValue("{s:(B,B),s:(B,B),s:B,s:B,s:I}",
                              ^ ~~~~~~~~~~~~~~~~~~~~~~~~~~~~~~~~~~~~~~~~~~~~~~
Wiimote.c:562:29: warning: incompatible pointer types passing 'PyVarObject *' to parameter of type 'PyObject *' (aka 'struct _object *') [-Wincompatible-pointer-types]
                        if (PyDict_SetItemString(PyState, "classic", PyExt)) {
                                                 ^~~~~~~
/usr/include/python3.9/dictobject.h:58:48: note: passing argument to parameter 'dp' here
PyAPI_FUNC(int) PyDict_SetItemString(PyObject *dp, const char *key, PyObject *item);
                                               ^
Wiimote.c:562:49: warning: incompatible pointer types passing 'PyVarObject *' to parameter of type 'PyObject *' (aka 'struct _object *') [-Wincompatible-pointer-types]
                        if (PyDict_SetItemString(PyState, "classic", PyExt)) {
                                                                     ^~~~~
/usr/include/python3.9/dictobject.h:58:79: note: passing argument to parameter 'item' here
PyAPI_FUNC(int) PyDict_SetItemString(PyObject *dp, const char *key, PyObject *item);
                                                                              ^
Wiimote.c:573:10: warning: incompatible pointer types assigning to 'PyVarObject *' from 'PyObject *' (aka 'struct _object *') [-Wincompatible-pointer-types]
                        PyExt = Py_BuildValue("{s:I,s:I,s:I,s:I}",
                              ^ ~~~~~~~~~~~~~~~~~~~~~~~~~~~~~~~~~~
Wiimote.c:588:29: warning: incompatible pointer types passing 'PyVarObject *' to parameter of type 'PyObject *' (aka 'struct _object *') [-Wincompatible-pointer-types]
                        if (PyDict_SetItemString(PyState, "balance", PyExt)) {
                                                 ^~~~~~~
/usr/include/python3.9/dictobject.h:58:48: note: passing argument to parameter 'dp' here
PyAPI_FUNC(int) PyDict_SetItemString(PyObject *dp, const char *key, PyObject *item);
                                               ^
Wiimote.c:588:49: warning: incompatible pointer types passing 'PyVarObject *' to parameter of type 'PyObject *' (aka 'struct _object *') [-Wincompatible-pointer-types]
                        if (PyDict_SetItemString(PyState, "balance", PyExt)) {
                                                                     ^~~~~
/usr/include/python3.9/dictobject.h:58:79: note: passing argument to parameter 'item' here
PyAPI_FUNC(int) PyDict_SetItemString(PyObject *dp, const char *key, PyObject *item);
                                                                              ^
Wiimote.c:599:10: warning: incompatible pointer types assigning to 'PyVarObject *' from 'PyObject *' (aka 'struct _object *') [-Wincompatible-pointer-types]
                        PyExt = Py_BuildValue("{s:(I,I,I)}",
                              ^ ~~~~~~~~~~~~~~~~~~~~~~~~~~~~
Wiimote.c:610:29: warning: incompatible pointer types passing 'PyVarObject *' to parameter of type 'PyObject *' (aka 'struct _object *') [-Wincompatible-pointer-types]
                        if (PyDict_SetItemString(PyState, "motionplus", PyExt)) {
                                                 ^~~~~~~
/usr/include/python3.9/dictobject.h:58:48: note: passing argument to parameter 'dp' here
PyAPI_FUNC(int) PyDict_SetItemString(PyObject *dp, const char *key, PyObject *item);
                                               ^
Wiimote.c:610:52: warning: incompatible pointer types passing 'PyVarObject *' to parameter of type 'PyObject *' (aka 'struct _object *') [-Wincompatible-pointer-types]
                        if (PyDict_SetItemString(PyState, "motionplus", PyExt)) {
                                                                        ^~~~~
/usr/include/python3.9/dictobject.h:58:79: note: passing argument to parameter 'item' here
PyAPI_FUNC(int) PyDict_SetItemString(PyObject *dp, const char *key, PyObject *item);
                                                                              ^
Wiimote.c:406:60: warning: unused parameter 'closure' [-Wunused-parameter]
static PyVarObject *Wiimote_get_state(Wiimote* self, void *closure)
                                                           ^
Wiimote.c:639:35: warning: incompatible pointer types passing 'PyVarObject *' to parameter of type 'PyObject *' (aka 'struct _object *') [-Wincompatible-pointer-types]
        if (!PyArg_ParseTupleAndKeywords(args, kwds,
                                         ^~~~
/usr/include/python3.9/modsupport.h:41:55: note: passing argument to parameter here
PyAPI_FUNC(int) PyArg_ParseTupleAndKeywords(PyObject *, PyObject *,
                                                      ^
Wiimote.c:639:41: warning: incompatible pointer types passing 'PyVarObject *' to parameter of type 'PyObject *' (aka 'struct _object *') [-Wincompatible-pointer-types]
        if (!PyArg_ParseTupleAndKeywords(args, kwds,
                                               ^~~~
/usr/include/python3.9/modsupport.h:41:67: note: passing argument to parameter here
PyAPI_FUNC(int) PyArg_ParseTupleAndKeywords(PyObject *, PyObject *,
                                                                  ^
Wiimote.c:651:17: warning: incompatible pointer types assigning to 'PyVarObject *' from 'PyObject *' (aka 'struct _object *') [-Wincompatible-pointer-types]
        if (!(PyAccCal = Py_BuildValue("([i,i,i],[i,i,i])", acc_cal.zero[0],
                       ^ ~~~~~~~~~~~~~~~~~~~~~~~~~~~~~~~~~~~~~~~~~~~~~~~~~~~
Wiimote.c:672:17: warning: incompatible pointer types assigning to 'PyVarObject *' from 'PyObject *' (aka 'struct _object *') [-Wincompatible-pointer-types]
        if (!(PyBalCal = Py_BuildValue("([i,i,i],[i,i,i],[i,i,i],[i,i,i])",
                       ^ ~~~~~~~~~~~~~~~~~~~~~~~~~~~~~~~~~~~~~~~~~~~~~~~~~~
Wiimote.c:703:2: warning: incompatible pointer types returning 'PyObject *' (aka 'struct _object *') from a function with result type 'PyVarObject *' [-Wincompatible-pointer-types]
        Py_RETURN_NONE;
        ^~~~~~~~~~~~~~
/usr/include/python3.9/object.h:520:31: note: expanded from macro 'Py_RETURN_NONE'
#define Py_RETURN_NONE return Py_INCREF(Py_None), Py_None
                              ^~~~~~~~~~~~~~~~~~~~~~~~~~~
/usr/include/python3.9/object.h:411:23: note: expanded from macro 'Py_INCREF'
#define Py_INCREF(op) _Py_INCREF(_PyObject_CAST(op))
                      ^
Wiimote.c:715:14: warning: implicit declaration of function 'PyInt_AsLong' is invalid in C99 [-Wimplicit-function-declaration]
        if (((led = PyInt_AsLong(PyLed)) == -1) && PyErr_Occurred()) {
                    ^
Wiimote.c:706:69: warning: unused parameter 'closure' [-Wunused-parameter]
static int Wiimote_set_led(Wiimote *self, PyVarObject *PyLed, void *closure)
                                                                    ^
Wiimote.c:738:17: warning: implicit declaration of function 'PyInt_AsLong' is invalid in C99 [-Wimplicit-function-declaration]
        if (((rumble = PyInt_AsLong(PyRumble)) == -1) && PyErr_Occurred()) {
                       ^
Wiimote.c:729:65: warning: unused parameter 'closure' [-Wunused-parameter]
        Wiimote_set_rumble(Wiimote *self, PyVarObject *PyRumble, void *closure)
                                                                       ^
Wiimote.c:761:19: warning: implicit declaration of function 'PyInt_AsLong' is invalid in C99 [-Wimplicit-function-declaration]
        if (((rpt_mode = PyInt_AsLong(PyRptMode)) == -1) && PyErr_Occurred()) {
                         ^
Wiimote.c:752:68: warning: unused parameter 'closure' [-Wunused-parameter]
        Wiimote_set_rpt_mode(Wiimote *self, PyVarObject *PyRptMode, void *closure)
                                                                          ^
Wiimote.c:802:35: warning: incompatible pointer types passing 'PyVarObject *' to parameter of type 'PyObject *' (aka 'struct _object *') [-Wincompatible-pointer-types]
        if (!PyArg_ParseTupleAndKeywords(args, kwds, "BBt#:cwiid.Wiimote.send_rpt",
                                         ^~~~
/usr/include/python3.9/modsupport.h:41:55: note: passing argument to parameter here
PyAPI_FUNC(int) PyArg_ParseTupleAndKeywords(PyObject *, PyObject *,
                                                      ^
Wiimote.c:802:41: warning: incompatible pointer types passing 'PyVarObject *' to parameter of type 'PyObject *' (aka 'struct _object *') [-Wincompatible-pointer-types]
        if (!PyArg_ParseTupleAndKeywords(args, kwds, "BBt#:cwiid.Wiimote.send_rpt",
                                               ^~~~
/usr/include/python3.9/modsupport.h:41:67: note: passing argument to parameter here
PyAPI_FUNC(int) PyArg_ParseTupleAndKeywords(PyObject *, PyObject *,
                                                                  ^
Wiimote.c:812:2: warning: incompatible pointer types returning 'PyObject *' (aka 'struct _object *') from a function with result type 'PyVarObject *' [-Wincompatible-pointer-types]
        Py_RETURN_NONE;
        ^~~~~~~~~~~~~~
/usr/include/python3.9/object.h:520:31: note: expanded from macro 'Py_RETURN_NONE'
#define Py_RETURN_NONE return Py_INCREF(Py_None), Py_None
                              ^~~~~~~~~~~~~~~~~~~~~~~~~~~
/usr/include/python3.9/object.h:411:23: note: expanded from macro 'Py_INCREF'
#define Py_INCREF(op) _Py_INCREF(_PyObject_CAST(op))
                      ^
Wiimote.c:829:35: warning: incompatible pointer types passing 'PyVarObject *' to parameter of type 'PyObject *' (aka 'struct _object *') [-Wincompatible-pointer-types]
        if (!PyArg_ParseTupleAndKeywords(args, kwds, "BII:cwiid.Wiimote.read",
                                         ^~~~
/usr/include/python3.9/modsupport.h:41:55: note: passing argument to parameter here
PyAPI_FUNC(int) PyArg_ParseTupleAndKeywords(PyObject *, PyObject *,
                                                      ^
Wiimote.c:829:41: warning: incompatible pointer types passing 'PyVarObject *' to parameter of type 'PyObject *' (aka 'struct _object *') [-Wincompatible-pointer-types]
        if (!PyArg_ParseTupleAndKeywords(args, kwds, "BII:cwiid.Wiimote.read",
                                               ^~~~
/usr/include/python3.9/modsupport.h:41:67: note: passing argument to parameter here
PyAPI_FUNC(int) PyArg_ParseTupleAndKeywords(PyObject *, PyObject *,
                                                                  ^
Wiimote.c:834:19: warning: implicit declaration of function 'PyBuffer_New' is invalid in C99 [-Wimplicit-function-declaration]
        if (!(pyRetBuf = PyBuffer_New(len))) {
                         ^
Wiimote.c:834:17: warning: incompatible integer to pointer conversion assigning to 'PyVarObject *' from 'int' [-Wint-conversion]
        if (!(pyRetBuf = PyBuffer_New(len))) {
                       ^ ~~~~~~~~~~~~~~~~~
Wiimote.c:837:6: warning: implicit declaration of function 'PyVarObject_AsWriteBuffer' is invalid in C99 [-Wimplicit-function-declaration]
        if (PyVarObject_AsWriteBuffer(pyRetBuf, &buf, &len)) {
            ^
Wiimote.c:863:35: warning: incompatible pointer types passing 'PyVarObject *' to parameter of type 'PyObject *' (aka 'struct _object *') [-Wincompatible-pointer-types]
        if (!PyArg_ParseTupleAndKeywords(args, kwds, "BIt#:cwiid.Wiimote.write",
                                         ^~~~
/usr/include/python3.9/modsupport.h:41:55: note: passing argument to parameter here
PyAPI_FUNC(int) PyArg_ParseTupleAndKeywords(PyObject *, PyObject *,
                                                      ^
Wiimote.c:863:41: warning: incompatible pointer types passing 'PyVarObject *' to parameter of type 'PyObject *' (aka 'struct _object *') [-Wincompatible-pointer-types]
        if (!PyArg_ParseTupleAndKeywords(args, kwds, "BIt#:cwiid.Wiimote.write",
                                               ^~~~
/usr/include/python3.9/modsupport.h:41:67: note: passing argument to parameter here
PyAPI_FUNC(int) PyArg_ParseTupleAndKeywords(PyObject *, PyObject *,
                                                                  ^
Wiimote.c:873:2: warning: incompatible pointer types returning 'PyObject *' (aka 'struct _object *') from a function with result type 'PyVarObject *' [-Wincompatible-pointer-types]
        Py_RETURN_NONE;
        ^~~~~~~~~~~~~~
/usr/include/python3.9/object.h:520:31: note: expanded from macro 'Py_RETURN_NONE'
#define Py_RETURN_NONE return Py_INCREF(Py_None), Py_None
                              ^~~~~~~~~~~~~~~~~~~~~~~~~~~
/usr/include/python3.9/object.h:411:23: note: expanded from macro 'Py_INCREF'
#define Py_INCREF(op) _Py_INCREF(_PyObject_CAST(op))
                      ^
Wiimote.c:889:7: warning: implicit declaration of function 'PyVarObject_CallFunction' is invalid in C99 [-Wimplicit-function-declaration]
        if (!PyVarObject_CallFunction(((Wiimote *)PySelf)->callback, "(O, d)",
             ^
Wiimote.c:932:17: warning: incompatible pointer types assigning to 'PyVarObject *' from 'PyObject *' (aka 'struct _object *') [-Wincompatible-pointer-types]
        if (!(mesglist = PyList_New(mesg_count))) {
                       ^ ~~~~~~~~~~~~~~~~~~~~~~
Wiimote.c:939:12: warning: incompatible pointer types assigning to 'PyVarObject *' from 'PyObject *' (aka 'struct _object *') [-Wincompatible-pointer-types]
                        mesgVal = Py_BuildValue("{s:B,s:i}",
                                ^ ~~~~~~~~~~~~~~~~~~~~~~~~~~
Wiimote.c:944:12: warning: incompatible pointer types assigning to 'PyVarObject *' from 'PyObject *' (aka 'struct _object *') [-Wincompatible-pointer-types]
                        mesgVal = Py_BuildValue("I", mesg[i].btn_mesg.buttons);
                                ^ ~~~~~~~~~~~~~~~~~~~~~~~~~~~~~~~~~~~~~~~~~~~~
Wiimote.c:947:12: warning: incompatible pointer types assigning to 'PyVarObject *' from 'PyObject *' (aka 'struct _object *') [-Wincompatible-pointer-types]
                        mesgVal = Py_BuildValue("(B,B,B)", mesg[i].acc_mesg.acc[CWIID_X],
                                ^ ~~~~~~~~~~~~~~~~~~~~~~~~~~~~~~~~~~~~~~~~~~~~~~~~~~~~~~~
Wiimote.c:954:19: warning: incompatible pointer types assigning to 'PyVarObject *' from 'PyObject *' (aka 'struct _object *') [-Wincompatible-pointer-types]
                        if (!(PyIrList = PyList_New(CWIID_IR_SRC_COUNT))) {
                                       ^ ~~~~~~~~~~~~~~~~~~~~~~~~~~~~~~
Wiimote.c:963:14: warning: incompatible pointer types assigning to 'PyVarObject *' from 'PyObject *' (aka 'struct _object *') [-Wincompatible-pointer-types]
                                        PyIrSrc = Py_BuildValue("{s:(I,I)}",
                                                ^ ~~~~~~~~~~~~~~~~~~~~~~~~~~
Wiimote.c:975:22: warning: implicit declaration of function 'PyInt_FromLong' is invalid in C99 [-Wimplicit-function-declaration]
                                                if (!(PySize = PyInt_FromLong(
                                                               ^
Wiimote.c:975:20: warning: incompatible integer to pointer conversion assigning to 'PyVarObject *' from 'int' [-Wint-conversion]
                                                if (!(PySize = PyInt_FromLong(
                                                             ^ ~~~~~~~~~~~~~~~
Wiimote.c:982:32: warning: incompatible pointer types passing 'PyVarObject *' to parameter of type 'PyObject *' (aka 'struct _object *') [-Wincompatible-pointer-types]
                                                if (PyDict_SetItemString(PyIrSrc, "size", PySize)) {
                                                                         ^~~~~~~
/usr/include/python3.9/dictobject.h:58:48: note: passing argument to parameter 'dp' here
PyAPI_FUNC(int) PyDict_SetItemString(PyObject *dp, const char *key, PyObject *item);
                                               ^
Wiimote.c:982:49: warning: incompatible pointer types passing 'PyVarObject *' to parameter of type 'PyObject *' (aka 'struct _object *') [-Wincompatible-pointer-types]
                                                if (PyDict_SetItemString(PyIrSrc, "size", PySize)) {
                                                                                          ^~~~~~
/usr/include/python3.9/dictobject.h:58:79: note: passing argument to parameter 'item' here
PyAPI_FUNC(int) PyDict_SetItemString(PyObject *dp, const char *key, PyObject *item);
                                                                              ^
Wiimote.c:994:24: warning: incompatible pointer types assigning to 'PyVarObject *' from 'PyObject *' (aka 'struct _object *') [-Wincompatible-pointer-types]
                                        Py_INCREF(PyIrSrc = Py_None);
                                                          ^ ~~~~~~~
/usr/include/python3.9/object.h:411:49: note: expanded from macro 'Py_INCREF'
#define Py_INCREF(op) _Py_INCREF(_PyObject_CAST(op))
                                                ^~
/usr/include/python3.9/object.h:112:41: note: expanded from macro '_PyObject_CAST'
#define _PyObject_CAST(op) ((PyObject*)(op))
                                        ^~
Wiimote.c:996:5: warning: incompatible pointer types assigning to 'PyObject *' (aka 'struct _object *') from 'PyVarObject *' [-Wincompatible-pointer-types]
                                PyList_SET_ITEM(PyIrList, j, PyIrSrc);
                                ^~~~~~~~~~~~~~~~~~~~~~~~~~~~~~~~~~~~~
/usr/include/python3.9/cpython/listobject.h:37:65: note: expanded from macro 'PyList_SET_ITEM'
#define PyList_SET_ITEM(op, i, v) (_PyList_CAST(op)->ob_item[i] = (v))
                                                                ^ ~~~
Wiimote.c:1006:12: warning: incompatible pointer types assigning to 'PyVarObject *' from 'PyObject *' (aka 'struct _object *') [-Wincompatible-pointer-types]
                        mesgVal = Py_BuildValue("{s:(B,B),s:(B,B,B),s:I}",
                                ^ ~~~~~~~~~~~~~~~~~~~~~~~~~~~~~~~~~~~~~~~~
Wiimote.c:1017:12: warning: incompatible pointer types assigning to 'PyVarObject *' from 'PyObject *' (aka 'struct _object *') [-Wincompatible-pointer-types]
                        mesgVal = Py_BuildValue("{s:(B,B),s:(B,B),s:B,s:B,s:I}",
                                ^ ~~~~~~~~~~~~~~~~~~~~~~~~~~~~~~~~~~~~~~~~~~~~~~
Wiimote.c:1029:12: warning: incompatible pointer types assigning to 'PyVarObject *' from 'PyObject *' (aka 'struct _object *') [-Wincompatible-pointer-types]
                        mesgVal = Py_BuildValue("{s:I,s:I,s:I,s:I}",
                                ^ ~~~~~~~~~~~~~~~~~~~~~~~~~~~~~~~~~~
Wiimote.c:1040:12: warning: incompatible pointer types assigning to 'PyVarObject *' from 'PyObject *' (aka 'struct _object *') [-Wincompatible-pointer-types]
                        mesgVal = Py_BuildValue("{s:(I,I,I)}",
                                ^ ~~~~~~~~~~~~~~~~~~~~~~~~~~~~
Wiimote.c:1047:12: warning: incompatible pointer types assigning to 'PyVarObject *' from 'PyObject *' (aka 'struct _object *') [-Wincompatible-pointer-types]
                        mesgVal = Py_BuildValue("i", mesg[i].error_mesg.error);
                                ^ ~~~~~~~~~~~~~~~~~~~~~~~~~~~~~~~~~~~~~~~~~~~~
Wiimote.c:1050:22: warning: incompatible pointer types assigning to 'PyVarObject *' from 'PyObject *' (aka 'struct _object *') [-Wincompatible-pointer-types]
                        Py_INCREF(mesgVal = Py_None);
                                          ^ ~~~~~~~
/usr/include/python3.9/object.h:411:49: note: expanded from macro 'Py_INCREF'
#define Py_INCREF(op) _Py_INCREF(_PyObject_CAST(op))
                                                ^~
/usr/include/python3.9/object.h:112:41: note: expanded from macro '_PyObject_CAST'
#define _PyObject_CAST(op) ((PyObject*)(op))
                                        ^~
Wiimote.c:1060:15: warning: incompatible pointer types assigning to 'PyVarObject *' from 'PyObject *' (aka 'struct _object *') [-Wincompatible-pointer-types]
                if (!(amesg = Py_BuildValue("(iO)", mesg[i].type, mesgVal))) {
                            ^ ~~~~~~~~~~~~~~~~~~~~~~~~~~~~~~~~~~~~~~~~~~~~
Wiimote.c:1065:3: warning: incompatible pointer types assigning to 'PyObject *' (aka 'struct _object *') from 'PyVarObject *' [-Wincompatible-pointer-types]
                PyList_SET_ITEM(mesglist, i, amesg);
                ^~~~~~~~~~~~~~~~~~~~~~~~~~~~~~~~~~~
/usr/include/python3.9/cpython/listobject.h:37:65: note: expanded from macro 'PyList_SET_ITEM'
#define PyList_SET_ITEM(op, i, v) (_PyList_CAST(op)->ob_item[i] = (v))
                                                                ^ ~~~
108 warnings generated.
x86_64-linux-gnu-gcc -pthread -Wno-unused-result -Wsign-compare -DNDEBUG -g -fwrapv -O2 -Wall -g -fstack-protector-strong -Wformat -Werror=format-security -g -fwrapv -O2 -g -Wall -W -DHAVE_CONFIG_H -I/<<PKGBUILDDIR>>/common/include -Wdate-time -D_FORTIFY_SOURCE=2 -fPIC -g -I../libcwiid -I/usr/include/python3.9 -c cwiidmodule.c -o build/temp.linux-x86_64-3.9/cwiidmodule.o
cwiidmodule.c:203:2: warning: 'PyEval_InitThreads' is deprecated [-Wdeprecated-declarations]
        PyEval_InitThreads();
        ^
/usr/include/python3.9/ceval.h:130:1: note: 'PyEval_InitThreads' has been explicitly marked deprecated here
Py_DEPRECATED(3.9) PyAPI_FUNC(void) PyEval_InitThreads(void);
^
/usr/include/python3.9/pyport.h:508:54: note: expanded from macro 'Py_DEPRECATED'
#define Py_DEPRECATED(VERSION_UNUSED) __attribute__((__deprecated__))
                                                     ^
cwiidmodule.c:206:3: error: non-void function 'init_cwiid' should return a value [-Wreturn-type]
                return;
                ^
cwiidmodule.c:209:15: warning: incompatible pointer types assigning to 'PyVarObject *' from 'PyObject *' (aka 'struct _object *') [-Wincompatible-pointer-types]
        if (!(Module = PyModule_Create(&moduledef))) {
                     ^ ~~~~~~~~~~~~~~~~~~~~~~~~~~~
cwiidmodule.c:210:3: error: non-void function 'init_cwiid' should return a value [-Wreturn-type]
                return;
                ^
cwiidmodule.c:214:21: warning: incompatible pointer types passing 'PyVarObject *' to parameter of type 'PyObject *' (aka 'struct _object *') [-Wincompatible-pointer-types]
        PyModule_AddObject(Module, "Wiimote", (PyVarObject*)&Wiimote_Type);
                           ^~~~~~
/usr/include/python3.9/modsupport.h:139:46: note: passing argument to parameter here
PyAPI_FUNC(int) PyModule_AddObject(PyObject *, const char *, PyObject *);
                                             ^
cwiidmodule.c:214:40: warning: incompatible pointer types passing 'PyVarObject *' to parameter of type 'PyObject *' (aka 'struct _object *') [-Wincompatible-pointer-types]
        PyModule_AddObject(Module, "Wiimote", (PyVarObject*)&Wiimote_Type);
                                              ^~~~~~~~~~~~~~~~~~~~~~~~~~~
/usr/include/python3.9/modsupport.h:139:72: note: passing argument to parameter here
PyAPI_FUNC(int) PyModule_AddObject(PyObject *, const char *, PyObject *);
                                                                       ^
cwiidmodule.c:219:27: warning: incompatible pointer types passing 'PyVarObject *' to parameter of type 'PyObject *' (aka 'struct _object *') [-Wincompatible-pointer-types]
                PyModule_AddIntConstant(Module, cwiid_constants[i].name,
                                        ^~~~~~
/usr/include/python3.9/modsupport.h:140:51: note: passing argument to parameter here
PyAPI_FUNC(int) PyModule_AddIntConstant(PyObject *, const char *, long);
                                                  ^
cwiidmodule.c:223:15: warning: implicit declaration of function 'PyCObject_FromVoidPtr' is invalid in C99 [-Wimplicit-function-declaration]
        if (!(CObj = PyCObject_FromVoidPtr(ConvertMesgArray, NULL))) {
                     ^
cwiidmodule.c:223:13: warning: incompatible integer to pointer conversion assigning to 'PyVarObject *' from 'int' [-Wint-conversion]
        if (!(CObj = PyCObject_FromVoidPtr(ConvertMesgArray, NULL))) {
                   ^ ~~~~~~~~~~~~~~~~~~~~~~~~~~~~~~~~~~~~~~~~~~~~~
cwiidmodule.c:224:3: error: non-void function 'init_cwiid' should return a value [-Wreturn-type]
                return;
                ^
cwiidmodule.c:226:21: warning: incompatible pointer types passing 'PyVarObject *' to parameter of type 'PyObject *' (aka 'struct _object *') [-Wincompatible-pointer-types]
        PyModule_AddObject(Module, "ConvertMesgArray", CObj);
                           ^~~~~~
/usr/include/python3.9/modsupport.h:139:46: note: passing argument to parameter here
PyAPI_FUNC(int) PyModule_AddObject(PyObject *, const char *, PyObject *);
                                             ^
cwiidmodule.c:226:49: warning: incompatible pointer types passing 'PyVarObject *' to parameter of type 'PyObject *' (aka 'struct _object *') [-Wincompatible-pointer-types]
        PyModule_AddObject(Module, "ConvertMesgArray", CObj);
                                                       ^~~~
/usr/include/python3.9/modsupport.h:139:72: note: passing argument to parameter here
PyAPI_FUNC(int) PyModule_AddObject(PyObject *, const char *, PyObject *);
                                                                       ^
9 warnings and 3 errors generated.
error: command '/usr/bin/x86_64-linux-gnu-gcc' failed with exit code 1
make[2]: *** [Makefile:10: all] Error 1
make[2]: Leaving directory '/<<PKGBUILDDIR>>/python'
make[1]: *** [Makefile:33: python] Error 2
make[1]: Leaving directory '/<<PKGBUILDDIR>>'
dh_auto_build: error: make -j4 returned exit code 2
make: *** [debian/rules:4: build] Error 25
dpkg-buildpackage: error: debian/rules build subprocess returned exit status 2
--------------------------------------------------------------------------------
Build finished at 2021-10-26T22:31:09Z

Finished
--------


+------------------------------------------------------------------------------+
| Cleanup                                                                      |
+------------------------------------------------------------------------------+

Purging /<<BUILDDIR>>
Not cleaning session: cloned chroot in use
E: Build failure (dpkg-buildpackage died)

+------------------------------------------------------------------------------+
| Summary                                                                      |
+------------------------------------------------------------------------------+

Build Architecture: amd64
Build Type: binary
Build-Space: 4512
Build-Time: 7
Distribution: unstable
Fail-Stage: build
Host Architecture: amd64
Install-Time: 31
Job: cwiid_0.6.91-2
Machine Architecture: amd64
Package: cwiid
Package-Time: 59
Source-Version: 0.6.91-2
Space: 4512
Status: attempted
Version: 0.6.91-2
--------------------------------------------------------------------------------
Finished at 2021-10-26T22:31:09Z
Build needed 00:00:59, 4512k disk space
E: Build failure (dpkg-buildpackage died)
DC-Status: Failed 60.434291653s
DC-Time-Estimation: 60.434291653 versus expected 126 (r/m: 1.0849090235633674 ; m: 60.434291653)
