DC-Build-Header: flatbuffers 1.12.1~git20200711.33e2d80+dfsg1-0.6 / 2021-10-26 21:34:43 +0000
DC-Task: type:rebuild-binarch-only source:flatbuffers version:1.12.1~git20200711.33e2d80+dfsg1-0.6 chroot:unstable esttime:366 logfile:/tmp/flatbuffers_1.12.1~git20200711.33e2d80+dfsg1-0.6_unstable_clang13.log modes:clang13:binarch-only
DC-Sbuild-call: su user42 -c 'sbuild -n --arch-any --apt-update -d unstable -v --no-run-lintian --chroot-setup-commands=/tmp/clang13 flatbuffers_1.12.1~git20200711.33e2d80+dfsg1-0.6'
sbuild (Debian sbuild) 0.78.1 (09 February 2019) on ip-172-31-3-154.eu-central-1.compute.internal

+==========================================================================================+
| flatbuffers 1.12.1~git20200711.33e2d80+dfsg1-0.6 (amd64) Tue, 26 Oct 2021 21:34:43 +0000 |
+==========================================================================================+

Package: flatbuffers
Version: 1.12.1~git20200711.33e2d80+dfsg1-0.6
Source Version: 1.12.1~git20200711.33e2d80+dfsg1-0.6
Distribution: unstable
Machine Architecture: amd64
Host Architecture: amd64
Build Architecture: amd64
Build Type: binary

I: NOTICE: Log filtering will replace 'var/run/schroot/mount/sid-amd64-sbuild-41d58db8-ea03-4a23-9e20-89892f030d9c' with '<<CHROOT>>'

+------------------------------------------------------------------------------+
| Chroot Setup Commands                                                        |
+------------------------------------------------------------------------------+


/tmp/clang13
------------

+ echo 'Entering customization script...'
Entering customization script...
+ CLANG_VERSION=13
+ echo 'Install of clang-13'
Install of clang-13
+ apt-get update
Get:1 http://127.0.0.1:12990/debian sid InRelease [165 kB]
Get:2 http://127.0.0.1:12990/debian sid/main Sources.diff/Index [63.6 kB]
Get:3 http://127.0.0.1:12990/debian sid/main amd64 Packages.diff/Index [63.6 kB]
Get:4 http://127.0.0.1:12990/debian sid/main Sources T-2021-10-26-2004.40-F-2021-10-26-0202.15.pdiff [47.3 kB]
Get:4 http://127.0.0.1:12990/debian sid/main Sources T-2021-10-26-2004.40-F-2021-10-26-0202.15.pdiff [47.3 kB]
Get:5 http://127.0.0.1:12990/debian sid/main amd64 Packages T-2021-10-26-2004.40-F-2021-10-26-0202.15.pdiff [55.9 kB]
Get:5 http://127.0.0.1:12990/debian sid/main amd64 Packages T-2021-10-26-2004.40-F-2021-10-26-0202.15.pdiff [55.9 kB]
Get:6 http://127.0.0.1:12990/debian sid/main Translation-en [6586 kB]
Fetched 6981 kB in 3s (2762 kB/s)
Reading package lists...
+ apt-get install --yes --no-install-recommends --force-yes clang-13 libomp-13-dev libobjc-9-dev
Reading package lists...
Building dependency tree...
The following additional packages will be installed:
  lib32gcc-s1 lib32stdc++6 libasan5 libbsd0 libc6-i386 libclang-common-13-dev
  libclang-cpp13 libclang1-13 libedit2 libgc1 libgcc-9-dev libicu67 libllvm13
  libmd0 libobjc-11-dev libobjc4 libomp5-13 libxml2 libz3-4
Suggested packages:
  clang-13-doc libomp-13-doc
Recommended packages:
  llvm-13-dev python3
The following NEW packages will be installed:
  clang-13 lib32gcc-s1 lib32stdc++6 libasan5 libbsd0 libc6-i386
  libclang-common-13-dev libclang-cpp13 libclang1-13 libedit2 libgc1
  libgcc-9-dev libicu67 libllvm13 libmd0 libobjc-11-dev libobjc-9-dev libobjc4
  libomp-13-dev libomp5-13 libxml2 libz3-4
0 upgraded, 22 newly installed, 0 to remove and 0 not upgraded.
Need to get 68.5 MB of archives.
After this operation, 379 MB of additional disk space will be used.
Get:1 http://127.0.0.1:12990/debian sid/main amd64 libmd0 amd64 1.0.4-1 [29.6 kB]
Get:2 http://127.0.0.1:12990/debian sid/main amd64 libbsd0 amd64 0.11.3-1 [108 kB]
Get:3 http://127.0.0.1:12990/debian sid/main amd64 libedit2 amd64 3.1-20210910-1 [97.5 kB]
Get:4 http://127.0.0.1:12990/debian sid/main amd64 libicu67 amd64 67.1-7 [8622 kB]
Get:5 http://127.0.0.1:12990/debian sid/main amd64 libxml2 amd64 2.9.12+dfsg-5 [696 kB]
Get:6 http://127.0.0.1:12990/debian sid/main amd64 libz3-4 amd64 4.8.12-1+b1 [6997 kB]
Get:7 http://127.0.0.1:12990/debian sid/main amd64 libllvm13 amd64 1:13.0.0-8 [19.7 MB]
Get:8 http://127.0.0.1:12990/debian sid/main amd64 libclang-cpp13 amd64 1:13.0.0-8 [10.5 MB]
Get:9 http://127.0.0.1:12990/debian sid/main amd64 libgc1 amd64 1:8.0.4-3 [239 kB]
Get:10 http://127.0.0.1:12990/debian sid/main amd64 libobjc4 amd64 11.2.0-10 [43.2 kB]
Get:11 http://127.0.0.1:12990/debian sid/main amd64 libobjc-11-dev amd64 11.2.0-10 [170 kB]
Get:12 http://127.0.0.1:12990/debian sid/main amd64 libc6-i386 amd64 2.32-4 [2624 kB]
Get:13 http://127.0.0.1:12990/debian sid/main amd64 lib32gcc-s1 amd64 11.2.0-10 [49.9 kB]
Get:14 http://127.0.0.1:12990/debian sid/main amd64 lib32stdc++6 amd64 11.2.0-10 [601 kB]
Get:15 http://127.0.0.1:12990/debian sid/main amd64 libclang-common-13-dev amd64 1:13.0.0-8 [5730 kB]
Get:16 http://127.0.0.1:12990/debian sid/main amd64 libclang1-13 amd64 1:13.0.0-8 [6093 kB]
Get:17 http://127.0.0.1:12990/debian sid/main amd64 clang-13 amd64 1:13.0.0-8 [119 kB]
Get:18 http://127.0.0.1:12990/debian sid/main amd64 libasan5 amd64 9.4.0-3 [2734 kB]
Get:19 http://127.0.0.1:12990/debian sid/main amd64 libgcc-9-dev amd64 9.4.0-3 [2343 kB]
Get:20 http://127.0.0.1:12990/debian sid/main amd64 libobjc-9-dev amd64 9.4.0-3 [219 kB]
Get:21 http://127.0.0.1:12990/debian sid/main amd64 libomp5-13 amd64 1:13.0.0-8 [377 kB]
Get:22 http://127.0.0.1:12990/debian sid/main amd64 libomp-13-dev amd64 1:13.0.0-8 [482 kB]
debconf: delaying package configuration, since apt-utils is not installed
Fetched 68.5 MB in 0s (155 MB/s)
Selecting previously unselected package libmd0:amd64.
(Reading database ... (Reading database ... 5%(Reading database ... 10%(Reading database ... 15%(Reading database ... 20%(Reading database ... 25%(Reading database ... 30%(Reading database ... 35%(Reading database ... 40%(Reading database ... 45%(Reading database ... 50%(Reading database ... 55%(Reading database ... 60%(Reading database ... 65%(Reading database ... 70%(Reading database ... 75%(Reading database ... 80%(Reading database ... 85%(Reading database ... 90%(Reading database ... 95%(Reading database ... 100%(Reading database ... 12431 files and directories currently installed.)
Preparing to unpack .../00-libmd0_1.0.4-1_amd64.deb ...
Unpacking libmd0:amd64 (1.0.4-1) ...
Selecting previously unselected package libbsd0:amd64.
Preparing to unpack .../01-libbsd0_0.11.3-1_amd64.deb ...
Unpacking libbsd0:amd64 (0.11.3-1) ...
Selecting previously unselected package libedit2:amd64.
Preparing to unpack .../02-libedit2_3.1-20210910-1_amd64.deb ...
Unpacking libedit2:amd64 (3.1-20210910-1) ...
Selecting previously unselected package libicu67:amd64.
Preparing to unpack .../03-libicu67_67.1-7_amd64.deb ...
Unpacking libicu67:amd64 (67.1-7) ...
Selecting previously unselected package libxml2:amd64.
Preparing to unpack .../04-libxml2_2.9.12+dfsg-5_amd64.deb ...
Unpacking libxml2:amd64 (2.9.12+dfsg-5) ...
Selecting previously unselected package libz3-4:amd64.
Preparing to unpack .../05-libz3-4_4.8.12-1+b1_amd64.deb ...
Unpacking libz3-4:amd64 (4.8.12-1+b1) ...
Selecting previously unselected package libllvm13:amd64.
Preparing to unpack .../06-libllvm13_1%3a13.0.0-8_amd64.deb ...
Unpacking libllvm13:amd64 (1:13.0.0-8) ...
Selecting previously unselected package libclang-cpp13.
Preparing to unpack .../07-libclang-cpp13_1%3a13.0.0-8_amd64.deb ...
Unpacking libclang-cpp13 (1:13.0.0-8) ...
Selecting previously unselected package libgc1:amd64.
Preparing to unpack .../08-libgc1_1%3a8.0.4-3_amd64.deb ...
Unpacking libgc1:amd64 (1:8.0.4-3) ...
Selecting previously unselected package libobjc4:amd64.
Preparing to unpack .../09-libobjc4_11.2.0-10_amd64.deb ...
Unpacking libobjc4:amd64 (11.2.0-10) ...
Selecting previously unselected package libobjc-11-dev:amd64.
Preparing to unpack .../10-libobjc-11-dev_11.2.0-10_amd64.deb ...
Unpacking libobjc-11-dev:amd64 (11.2.0-10) ...
Selecting previously unselected package libc6-i386.
Preparing to unpack .../11-libc6-i386_2.32-4_amd64.deb ...
Unpacking libc6-i386 (2.32-4) ...
Selecting previously unselected package lib32gcc-s1.
Preparing to unpack .../12-lib32gcc-s1_11.2.0-10_amd64.deb ...
Unpacking lib32gcc-s1 (11.2.0-10) ...
Selecting previously unselected package lib32stdc++6.
Preparing to unpack .../13-lib32stdc++6_11.2.0-10_amd64.deb ...
Unpacking lib32stdc++6 (11.2.0-10) ...
Selecting previously unselected package libclang-common-13-dev.
Preparing to unpack .../14-libclang-common-13-dev_1%3a13.0.0-8_amd64.deb ...
Unpacking libclang-common-13-dev (1:13.0.0-8) ...
Selecting previously unselected package libclang1-13.
Preparing to unpack .../15-libclang1-13_1%3a13.0.0-8_amd64.deb ...
Unpacking libclang1-13 (1:13.0.0-8) ...
Selecting previously unselected package clang-13.
Preparing to unpack .../16-clang-13_1%3a13.0.0-8_amd64.deb ...
Unpacking clang-13 (1:13.0.0-8) ...
Selecting previously unselected package libasan5:amd64.
Preparing to unpack .../17-libasan5_9.4.0-3_amd64.deb ...
Unpacking libasan5:amd64 (9.4.0-3) ...
Selecting previously unselected package libgcc-9-dev:amd64.
Preparing to unpack .../18-libgcc-9-dev_9.4.0-3_amd64.deb ...
Unpacking libgcc-9-dev:amd64 (9.4.0-3) ...
Selecting previously unselected package libobjc-9-dev:amd64.
Preparing to unpack .../19-libobjc-9-dev_9.4.0-3_amd64.deb ...
Unpacking libobjc-9-dev:amd64 (9.4.0-3) ...
Selecting previously unselected package libomp5-13:amd64.
Preparing to unpack .../20-libomp5-13_1%3a13.0.0-8_amd64.deb ...
Unpacking libomp5-13:amd64 (1:13.0.0-8) ...
Selecting previously unselected package libomp-13-dev.
Preparing to unpack .../21-libomp-13-dev_1%3a13.0.0-8_amd64.deb ...
Unpacking libomp-13-dev (1:13.0.0-8) ...
Setting up libicu67:amd64 (67.1-7) ...
Setting up libasan5:amd64 (9.4.0-3) ...
Setting up libz3-4:amd64 (4.8.12-1+b1) ...
Setting up libgc1:amd64 (1:8.0.4-3) ...
Setting up libmd0:amd64 (1.0.4-1) ...
Setting up libc6-i386 (2.32-4) ...
Setting up libomp5-13:amd64 (1:13.0.0-8) ...
Setting up libbsd0:amd64 (0.11.3-1) ...
Setting up libxml2:amd64 (2.9.12+dfsg-5) ...
Setting up libedit2:amd64 (3.1-20210910-1) ...
Setting up libobjc4:amd64 (11.2.0-10) ...
Setting up libgcc-9-dev:amd64 (9.4.0-3) ...
Setting up lib32gcc-s1 (11.2.0-10) ...
Setting up lib32stdc++6 (11.2.0-10) ...
Setting up libllvm13:amd64 (1:13.0.0-8) ...
Setting up libobjc-9-dev:amd64 (9.4.0-3) ...
Setting up libclang-common-13-dev (1:13.0.0-8) ...
Setting up libomp-13-dev (1:13.0.0-8) ...
Setting up libobjc-11-dev:amd64 (11.2.0-10) ...
Setting up libclang1-13 (1:13.0.0-8) ...
Setting up libclang-cpp13 (1:13.0.0-8) ...
Setting up clang-13 (1:13.0.0-8) ...
Processing triggers for libc-bin (2.32-4) ...
W: --force-yes is deprecated, use one of the options starting with --allow instead.
+ echo 'Replace gcc, g++ & cpp by clang'
Replace gcc, g++ & cpp by clang
+ VERSIONS='4.6 4.7 4.8 4.9 5 6 7 8 9 10 11'
+ cd /usr/bin
+ for VERSION in $VERSIONS
+ rm -f g++-4.6 gcc-4.6 cpp-4.6 gcc
+ ln -s clang++-13 g++-4.6
+ ln -s clang-13 gcc-4.6
+ ln -s clang-13 cpp-4.6
+ ln -s clang-13 gcc
+ echo 'gcc-4.6 hold'
+ dpkg --set-selections
dpkg: warning: package not in status nor available database at line 1: gcc-4.6
dpkg: warning: found unknown packages; this might mean the available database
is outdated, and needs to be updated through a frontend method;
please see the FAQ <https://wiki.debian.org/Teams/Dpkg/FAQ>
+ echo 'g++-4.6 hold'
+ dpkg --set-selections
dpkg: warning: package not in status nor available database at line 1: g++-4.6
dpkg: warning: found unknown packages; this might mean the available database
is outdated, and needs to be updated through a frontend method;
please see the FAQ <https://wiki.debian.org/Teams/Dpkg/FAQ>
+ for VERSION in $VERSIONS
+ rm -f g++-4.7 gcc-4.7 cpp-4.7 gcc
+ ln -s clang++-13 g++-4.7
+ ln -s clang-13 gcc-4.7
+ ln -s clang-13 cpp-4.7
+ ln -s clang-13 gcc
+ echo 'gcc-4.7 hold'
+ dpkg --set-selections
dpkg: warning: package not in status nor available database at line 1: gcc-4.7
dpkg: warning: found unknown packages; this might mean the available database
is outdated, and needs to be updated through a frontend method;
please see the FAQ <https://wiki.debian.org/Teams/Dpkg/FAQ>
+ echo 'g++-4.7 hold'
+ dpkg --set-selections
dpkg: warning: package not in status nor available database at line 1: g++-4.7
dpkg: warning: found unknown packages; this might mean the available database
is outdated, and needs to be updated through a frontend method;
please see the FAQ <https://wiki.debian.org/Teams/Dpkg/FAQ>
+ for VERSION in $VERSIONS
+ rm -f g++-4.8 gcc-4.8 cpp-4.8 gcc
+ ln -s clang++-13 g++-4.8
+ ln -s clang-13 gcc-4.8
+ ln -s clang-13 cpp-4.8
+ ln -s clang-13 gcc
+ echo 'gcc-4.8 hold'
+ dpkg --set-selections
dpkg: warning: package not in status nor available database at line 1: gcc-4.8
dpkg: warning: found unknown packages; this might mean the available database
is outdated, and needs to be updated through a frontend method;
please see the FAQ <https://wiki.debian.org/Teams/Dpkg/FAQ>
+ echo 'g++-4.8 hold'
+ dpkg --set-selections
dpkg: warning: package not in status nor available database at line 1: g++-4.8
dpkg: warning: found unknown packages; this might mean the available database
is outdated, and needs to be updated through a frontend method;
please see the FAQ <https://wiki.debian.org/Teams/Dpkg/FAQ>
+ for VERSION in $VERSIONS
+ rm -f g++-4.9 gcc-4.9 cpp-4.9 gcc
+ ln -s clang++-13 g++-4.9
+ ln -s clang-13 gcc-4.9
+ ln -s clang-13 cpp-4.9
+ ln -s clang-13 gcc
+ echo 'gcc-4.9 hold'
+ dpkg --set-selections
dpkg: warning: package not in status nor available database at line 1: gcc-4.9
dpkg: warning: found unknown packages; this might mean the available database
is outdated, and needs to be updated through a frontend method;
please see the FAQ <https://wiki.debian.org/Teams/Dpkg/FAQ>
+ echo 'g++-4.9 hold'
+ dpkg --set-selections
dpkg: warning: package not in status nor available database at line 1: g++-4.9
dpkg: warning: found unknown packages; this might mean the available database
is outdated, and needs to be updated through a frontend method;
please see the FAQ <https://wiki.debian.org/Teams/Dpkg/FAQ>
+ for VERSION in $VERSIONS
+ rm -f g++-5 gcc-5 cpp-5 gcc
+ ln -s clang++-13 g++-5
+ ln -s clang-13 gcc-5
+ ln -s clang-13 cpp-5
+ ln -s clang-13 gcc
+ echo 'gcc-5 hold'
+ dpkg --set-selections
dpkg: warning: package not in status nor available database at line 1: gcc-5
dpkg: warning: found unknown packages; this might mean the available database
is outdated, and needs to be updated through a frontend method;
please see the FAQ <https://wiki.debian.org/Teams/Dpkg/FAQ>
+ echo 'g++-5 hold'
+ dpkg --set-selections
dpkg: warning: package not in status nor available database at line 1: g++-5
dpkg: warning: found unknown packages; this might mean the available database
is outdated, and needs to be updated through a frontend method;
please see the FAQ <https://wiki.debian.org/Teams/Dpkg/FAQ>
+ for VERSION in $VERSIONS
+ rm -f g++-6 gcc-6 cpp-6 gcc
+ ln -s clang++-13 g++-6
+ ln -s clang-13 gcc-6
+ ln -s clang-13 cpp-6
+ ln -s clang-13 gcc
+ echo 'gcc-6 hold'
+ dpkg --set-selections
dpkg: warning: package not in status nor available database at line 1: gcc-6
dpkg: warning: found unknown packages; this might mean the available database
is outdated, and needs to be updated through a frontend method;
please see the FAQ <https://wiki.debian.org/Teams/Dpkg/FAQ>
+ echo 'g++-6 hold'
+ dpkg --set-selections
dpkg: warning: package not in status nor available database at line 1: g++-6
dpkg: warning: found unknown packages; this might mean the available database
is outdated, and needs to be updated through a frontend method;
please see the FAQ <https://wiki.debian.org/Teams/Dpkg/FAQ>
+ for VERSION in $VERSIONS
+ rm -f g++-7 gcc-7 cpp-7 gcc
+ ln -s clang++-13 g++-7
+ ln -s clang-13 gcc-7
+ ln -s clang-13 cpp-7
+ ln -s clang-13 gcc
+ echo 'gcc-7 hold'
+ dpkg --set-selections
dpkg: warning: package not in status nor available database at line 1: gcc-7
dpkg: warning: found unknown packages; this might mean the available database
is outdated, and needs to be updated through a frontend method;
please see the FAQ <https://wiki.debian.org/Teams/Dpkg/FAQ>
+ echo 'g++-7 hold'
+ dpkg --set-selections
dpkg: warning: package not in status nor available database at line 1: g++-7
dpkg: warning: found unknown packages; this might mean the available database
is outdated, and needs to be updated through a frontend method;
please see the FAQ <https://wiki.debian.org/Teams/Dpkg/FAQ>
+ for VERSION in $VERSIONS
+ rm -f g++-8 gcc-8 cpp-8 gcc
+ ln -s clang++-13 g++-8
+ ln -s clang-13 gcc-8
+ ln -s clang-13 cpp-8
+ ln -s clang-13 gcc
+ echo 'gcc-8 hold'
+ dpkg --set-selections
dpkg: warning: package not in status nor available database at line 1: gcc-8
dpkg: warning: found unknown packages; this might mean the available database
is outdated, and needs to be updated through a frontend method;
please see the FAQ <https://wiki.debian.org/Teams/Dpkg/FAQ>
+ echo 'g++-8 hold'
+ dpkg --set-selections
dpkg: warning: package not in status nor available database at line 1: g++-8
dpkg: warning: found unknown packages; this might mean the available database
is outdated, and needs to be updated through a frontend method;
please see the FAQ <https://wiki.debian.org/Teams/Dpkg/FAQ>
+ for VERSION in $VERSIONS
+ rm -f g++-9 gcc-9 cpp-9 gcc
+ ln -s clang++-13 g++-9
+ ln -s clang-13 gcc-9
+ ln -s clang-13 cpp-9
+ ln -s clang-13 gcc
+ echo 'gcc-9 hold'
+ dpkg --set-selections
dpkg: warning: package not in status nor available database at line 1: gcc-9
dpkg: warning: found unknown packages; this might mean the available database
is outdated, and needs to be updated through a frontend method;
please see the FAQ <https://wiki.debian.org/Teams/Dpkg/FAQ>
+ echo 'g++-9 hold'
+ dpkg --set-selections
dpkg: warning: package not in status nor available database at line 1: g++-9
dpkg: warning: found unknown packages; this might mean the available database
is outdated, and needs to be updated through a frontend method;
please see the FAQ <https://wiki.debian.org/Teams/Dpkg/FAQ>
+ for VERSION in $VERSIONS
+ rm -f g++-10 gcc-10 cpp-10 gcc
+ ln -s clang++-13 g++-10
+ ln -s clang-13 gcc-10
+ ln -s clang-13 cpp-10
+ ln -s clang-13 gcc
+ echo 'gcc-10 hold'
+ dpkg --set-selections
dpkg: warning: package not in status nor available database at line 1: gcc-10
dpkg: warning: found unknown packages; this might mean the available database
is outdated, and needs to be updated through a frontend method;
please see the FAQ <https://wiki.debian.org/Teams/Dpkg/FAQ>
+ echo 'g++-10 hold'
+ dpkg --set-selections
dpkg: warning: package not in status nor available database at line 1: g++-10
dpkg: warning: found unknown packages; this might mean the available database
is outdated, and needs to be updated through a frontend method;
please see the FAQ <https://wiki.debian.org/Teams/Dpkg/FAQ>
+ for VERSION in $VERSIONS
+ rm -f g++-11 gcc-11 cpp-11 gcc
+ ln -s clang++-13 g++-11
+ ln -s clang-13 gcc-11
+ ln -s clang-13 cpp-11
+ ln -s clang-13 gcc
+ echo 'gcc-11 hold'
+ dpkg --set-selections
+ echo 'g++-11 hold'
+ dpkg --set-selections
+ cd -
/build/flatbuffers-89zTKQ
+ echo 'Check if gcc, g++ & cpp are actually clang'
Check if gcc, g++ & cpp are actually clang
+ gcc --version
+ grep clang
+ cpp --version
+ grep clang
+ g++ --version
+ grep clang
+ cd /usr/bin/
+ rm -f clang++ clang
+ ln -s clang-13 clang++
+ ln -s clang-13 clang
+ clang++ --version
Debian clang version 13.0.0-8
Target: x86_64-pc-linux-gnu
Thread model: posix
InstalledDir: /usr/bin
+ clang --version
Debian clang version 13.0.0-8
Target: x86_64-pc-linux-gnu
Thread model: posix
InstalledDir: /usr/bin
+ cd -
/build/flatbuffers-89zTKQ
+ apt install --yes --no-install-recommends --force-yes qt5-qmake

WARNING: apt does not have a stable CLI interface. Use with caution in scripts.

Reading package lists...
Building dependency tree...
Reading state information...
The following additional packages will be installed:
  qt5-qmake-bin qtchooser
The following NEW packages will be installed:
  qt5-qmake qt5-qmake-bin qtchooser
0 upgraded, 3 newly installed, 0 to remove and 0 not upgraded.
Need to get 1322 kB of archives.
After this operation, 4914 kB of additional disk space will be used.
Get:1 http://127.0.0.1:12990/debian sid/main amd64 qt5-qmake-bin amd64 5.15.2+dfsg-12 [1046 kB]
Get:2 http://127.0.0.1:12990/debian sid/main amd64 qtchooser amd64 66-2 [26.3 kB]
Get:3 http://127.0.0.1:12990/debian sid/main amd64 qt5-qmake amd64 5.15.2+dfsg-12 [249 kB]
debconf: delaying package configuration, since apt-utils is not installed
Fetched 1322 kB in 0s (56.0 MB/s)
Selecting previously unselected package qt5-qmake-bin.
(Reading database ... (Reading database ... 5%(Reading database ... 10%(Reading database ... 15%(Reading database ... 20%(Reading database ... 25%(Reading database ... 30%(Reading database ... 35%(Reading database ... 40%(Reading database ... 45%(Reading database ... 50%(Reading database ... 55%(Reading database ... 60%(Reading database ... 65%(Reading database ... 70%(Reading database ... 75%(Reading database ... 80%(Reading database ... 85%(Reading database ... 90%(Reading database ... 95%(Reading database ... 100%(Reading database ... 13528 files and directories currently installed.)
Preparing to unpack .../qt5-qmake-bin_5.15.2+dfsg-12_amd64.deb ...
Unpacking qt5-qmake-bin (5.15.2+dfsg-12) ...
Selecting previously unselected package qtchooser.
Preparing to unpack .../qtchooser_66-2_amd64.deb ...
Unpacking qtchooser (66-2) ...
Selecting previously unselected package qt5-qmake:amd64.
Preparing to unpack .../qt5-qmake_5.15.2+dfsg-12_amd64.deb ...
Unpacking qt5-qmake:amd64 (5.15.2+dfsg-12) ...
Setting up qt5-qmake-bin (5.15.2+dfsg-12) ...
Setting up qtchooser (66-2) ...
Setting up qt5-qmake:amd64 (5.15.2+dfsg-12) ...
W: --force-yes is deprecated, use one of the options starting with --allow instead.
+ cp /usr/lib/x86_64-linux-gnu/qt5/mkspecs/linux-clang/qmake.conf /usr/lib/x86_64-linux-gnu/qt5/mkspecs/linux-clang/qplatformdefs.h /usr/lib/x86_64-linux-gnu/qt5/mkspecs/linux-g++/
+ ls -al /usr/lib/x86_64-linux-gnu/qt5/mkspecs/linux-g++/
total 16
drwxr-xr-x  2 root root 4096 Oct 26 21:35 .
drwxr-xr-x 76 root root 4096 Oct 26 21:35 ..
-rw-r--r--  1 root root  276 Oct 26 21:35 qmake.conf
-rw-r--r--  1 root root 3218 Oct 26 21:35 qplatformdefs.h
+ cat /usr/lib/x86_64-linux-gnu/qt5/mkspecs/linux-g++/qmake.conf
#
# qmake configuration for linux-clang
#

MAKEFILE_GENERATOR = UNIX
CONFIG += incremental

QMAKE_INCREMENTAL_STYLE = sublib

include(../common/linux.conf)
include(../common/gcc-base-unix.conf)
include(../common/clang.conf)

QMAKE_LFLAGS += -ccc-gcc-name g++

load(qt_config)
+ export QMAKESPEC=/usr/lib/x86_64-linux-gnu/qt5/mkspecs/linux-clang/
+ QMAKESPEC=/usr/lib/x86_64-linux-gnu/qt5/mkspecs/linux-clang/
+ sed -i -e 's|compare_problem(2,|compare_problem(0,|g' /usr/bin/dpkg-gensymbols
+ sed -i -e 's|compare_problem(1,|compare_problem(0,|g' /usr/bin/dpkg-gensymbols
+ grep 'compare_problem(' /usr/bin/dpkg-gensymbols
        compare_problem(4, g_('new libraries appeared in the symbols file: %s'), "@libs");
        compare_problem(3, g_('some libraries disappeared in the symbols file: %s'), "@libs");
        compare_problem(0, g_('some new symbols appeared in the symbols file: %s'),
        compare_problem(0, g_('some symbols or patterns disappeared in the symbols file: %s'),

I: Finished running '/tmp/clang13'.

Finished processing commands.
--------------------------------------------------------------------------------
I: NOTICE: Log filtering will replace 'build/flatbuffers-89zTKQ/resolver-eWaaIR' with '<<RESOLVERDIR>>'

+------------------------------------------------------------------------------+
| Update chroot                                                                |
+------------------------------------------------------------------------------+

Hit:1 http://127.0.0.1:12990/debian sid InRelease
Reading package lists...
Reading package lists...
Building dependency tree...
Reading state information...
Calculating upgrade...
0 upgraded, 0 newly installed, 0 to remove and 0 not upgraded.

+------------------------------------------------------------------------------+
| Fetch source files                                                           |
+------------------------------------------------------------------------------+


Check APT
---------

Checking available source versions...

Download source files with APT
------------------------------

Reading package lists...
NOTICE: 'flatbuffers' packaging is maintained in the 'Git' version control system at:
https://salsa.debian.org/debian/flatbuffers.git
Please use:
git clone https://salsa.debian.org/debian/flatbuffers.git
to retrieve the latest (possibly unreleased) updates to the package.
Need to get 1159 kB of source archives.
Get:1 http://127.0.0.1:12990/debian sid/main flatbuffers 1.12.1~git20200711.33e2d80+dfsg1-0.6 (dsc) [2478 B]
Get:2 http://127.0.0.1:12990/debian sid/main flatbuffers 1.12.1~git20200711.33e2d80+dfsg1-0.6 (tar) [1146 kB]
Get:3 http://127.0.0.1:12990/debian sid/main flatbuffers 1.12.1~git20200711.33e2d80+dfsg1-0.6 (diff) [11.0 kB]
Fetched 1159 kB in 0s (12.2 MB/s)
Download complete and in download only mode
I: NOTICE: Log filtering will replace 'build/flatbuffers-89zTKQ/flatbuffers-1.12.1~git20200711.33e2d80+dfsg1' with '<<PKGBUILDDIR>>'
I: NOTICE: Log filtering will replace 'build/flatbuffers-89zTKQ' with '<<BUILDDIR>>'

+------------------------------------------------------------------------------+
| Install package build dependencies                                           |
+------------------------------------------------------------------------------+


Setup apt archive
-----------------

Merged Build-Depends: cmake (>= 2.8), debhelper-compat (= 13), dh-python, python3-all, python3-setuptools, build-essential, fakeroot
Filtered Build-Depends: cmake (>= 2.8), debhelper-compat (= 13), dh-python, python3-all, python3-setuptools, build-essential, fakeroot
dpkg-deb: building package 'sbuild-build-depends-main-dummy' in '/<<RESOLVERDIR>>/apt_archive/sbuild-build-depends-main-dummy.deb'.
Ign:1 copy:/<<RESOLVERDIR>>/apt_archive ./ InRelease
Get:2 copy:/<<RESOLVERDIR>>/apt_archive ./ Release [957 B]
Ign:3 copy:/<<RESOLVERDIR>>/apt_archive ./ Release.gpg
Get:4 copy:/<<RESOLVERDIR>>/apt_archive ./ Sources [403 B]
Get:5 copy:/<<RESOLVERDIR>>/apt_archive ./ Packages [482 B]
Fetched 1842 B in 0s (183 kB/s)
Reading package lists...
Reading package lists...

Install main build dependencies (apt-based resolver)
----------------------------------------------------

Installing build dependencies
Reading package lists...
Building dependency tree...
Reading state information...
The following additional packages will be installed:
  autoconf automake autopoint autotools-dev bsdextrautils cmake cmake-data
  debhelper dh-autoreconf dh-elpa-helper dh-python dh-strip-nondeterminism dwz
  emacsen-common file gettext gettext-base groff-base intltool-debian
  libarchive-zip-perl libarchive13 libbrotli1 libcurl4 libdebhelper-perl
  libelf1 libexpat1 libfile-stripnondeterminism-perl libjsoncpp24
  libldap-2.4-2 libmagic-mgc libmagic1 libmpdec3 libncurses6 libncursesw6
  libnghttp2-14 libpipeline1 libprocps8 libpsl5 libpython3-stdlib
  libpython3.9-minimal libpython3.9-stdlib libreadline8 librhash0 librtmp1
  libsasl2-2 libsasl2-modules-db libsigsegv2 libsqlite3-0 libssh2-1
  libsub-override-perl libtool libuchardet0 libuv1 m4 man-db media-types
  po-debconf procps python3 python3-all python3-distutils python3-lib2to3
  python3-minimal python3-pkg-resources python3-setuptools python3.9
  python3.9-minimal readline-common sensible-utils
Suggested packages:
  autoconf-archive gnu-standards autoconf-doc cmake-doc ninja-build dh-make
  flit python3-toml gettext-doc libasprintf-dev libgettextpo-dev groff lrzip
  libtool-doc gfortran | fortran95-compiler gcj-jdk m4-doc apparmor less
  www-browser libmail-box-perl python3-doc python3-tk python3-venv
  python-setuptools-doc python3.9-venv python3.9-doc binfmt-support
  readline-doc
Recommended packages:
  curl | wget | lynx ca-certificates libarchive-cpio-perl libldap-common
  libgpm2 publicsuffix libsasl2-modules libltdl-dev libmail-sendmail-perl
  psmisc
The following NEW packages will be installed:
  autoconf automake autopoint autotools-dev bsdextrautils cmake cmake-data
  debhelper dh-autoreconf dh-elpa-helper dh-python dh-strip-nondeterminism dwz
  emacsen-common file gettext gettext-base groff-base intltool-debian
  libarchive-zip-perl libarchive13 libbrotli1 libcurl4 libdebhelper-perl
  libelf1 libexpat1 libfile-stripnondeterminism-perl libjsoncpp24
  libldap-2.4-2 libmagic-mgc libmagic1 libmpdec3 libncurses6 libncursesw6
  libnghttp2-14 libpipeline1 libprocps8 libpsl5 libpython3-stdlib
  libpython3.9-minimal libpython3.9-stdlib libreadline8 librhash0 librtmp1
  libsasl2-2 libsasl2-modules-db libsigsegv2 libsqlite3-0 libssh2-1
  libsub-override-perl libtool libuchardet0 libuv1 m4 man-db media-types
  po-debconf procps python3 python3-all python3-distutils python3-lib2to3
  python3-minimal python3-pkg-resources python3-setuptools python3.9
  python3.9-minimal readline-common sbuild-build-depends-main-dummy
  sensible-utils
0 upgraded, 70 newly installed, 0 to remove and 0 not upgraded.
Need to get 28.9 MB of archives.
After this operation, 103 MB of additional disk space will be used.
Get:1 copy:/<<RESOLVERDIR>>/apt_archive ./ sbuild-build-depends-main-dummy 0.invalid.0 [908 B]
Get:2 http://127.0.0.1:12990/debian sid/main amd64 bsdextrautils amd64 2.37.2-4 [143 kB]
Get:3 http://127.0.0.1:12990/debian sid/main amd64 libuchardet0 amd64 0.0.7-1 [67.8 kB]
Get:4 http://127.0.0.1:12990/debian sid/main amd64 groff-base amd64 1.22.4-7 [935 kB]
Get:5 http://127.0.0.1:12990/debian sid/main amd64 libpipeline1 amd64 1.5.3-1 [34.3 kB]
Get:6 http://127.0.0.1:12990/debian sid/main amd64 man-db amd64 2.9.4-2 [1354 kB]
Get:7 http://127.0.0.1:12990/debian sid/main amd64 libpython3.9-minimal amd64 3.9.7-4 [804 kB]
Get:8 http://127.0.0.1:12990/debian sid/main amd64 libexpat1 amd64 2.4.1-3 [104 kB]
Get:9 http://127.0.0.1:12990/debian sid/main amd64 python3.9-minimal amd64 3.9.7-4 [1963 kB]
Get:10 http://127.0.0.1:12990/debian sid/main amd64 python3-minimal amd64 3.9.2-3 [38.2 kB]
Get:11 http://127.0.0.1:12990/debian sid/main amd64 media-types all 4.0.0 [30.3 kB]
Get:12 http://127.0.0.1:12990/debian sid/main amd64 libmpdec3 amd64 2.5.1-2 [87.8 kB]
Get:13 http://127.0.0.1:12990/debian sid/main amd64 libncursesw6 amd64 6.2+20210905-1 [133 kB]
Get:14 http://127.0.0.1:12990/debian sid/main amd64 readline-common all 8.1-2 [73.8 kB]
Get:15 http://127.0.0.1:12990/debian sid/main amd64 libreadline8 amd64 8.1-2 [168 kB]
Get:16 http://127.0.0.1:12990/debian sid/main amd64 libsqlite3-0 amd64 3.36.0-2 [815 kB]
Get:17 http://127.0.0.1:12990/debian sid/main amd64 libpython3.9-stdlib amd64 3.9.7-4 [1688 kB]
Get:18 http://127.0.0.1:12990/debian sid/main amd64 python3.9 amd64 3.9.7-4 [480 kB]
Get:19 http://127.0.0.1:12990/debian sid/main amd64 libpython3-stdlib amd64 3.9.2-3 [21.4 kB]
Get:20 http://127.0.0.1:12990/debian sid/main amd64 python3 amd64 3.9.2-3 [37.9 kB]
Get:21 http://127.0.0.1:12990/debian sid/main amd64 libncurses6 amd64 6.2+20210905-1 [102 kB]
Get:22 http://127.0.0.1:12990/debian sid/main amd64 libprocps8 amd64 2:3.3.17-5 [63.9 kB]
Get:23 http://127.0.0.1:12990/debian sid/main amd64 procps amd64 2:3.3.17-5 [502 kB]
Get:24 http://127.0.0.1:12990/debian sid/main amd64 sensible-utils all 0.0.17 [21.5 kB]
Get:25 http://127.0.0.1:12990/debian sid/main amd64 libmagic-mgc amd64 1:5.39-3 [273 kB]
Get:26 http://127.0.0.1:12990/debian sid/main amd64 libmagic1 amd64 1:5.39-3 [126 kB]
Get:27 http://127.0.0.1:12990/debian sid/main amd64 file amd64 1:5.39-3 [69.1 kB]
Get:28 http://127.0.0.1:12990/debian sid/main amd64 gettext-base amd64 0.21-4 [175 kB]
Get:29 http://127.0.0.1:12990/debian sid/main amd64 libsigsegv2 amd64 2.13-1 [34.8 kB]
Get:30 http://127.0.0.1:12990/debian sid/main amd64 m4 amd64 1.4.18-5 [204 kB]
Get:31 http://127.0.0.1:12990/debian sid/main amd64 autoconf all 2.71-2 [343 kB]
Get:32 http://127.0.0.1:12990/debian sid/main amd64 autotools-dev all 20180224.1+nmu1 [77.1 kB]
Get:33 http://127.0.0.1:12990/debian sid/main amd64 automake all 1:1.16.5-1 [823 kB]
Get:34 http://127.0.0.1:12990/debian sid/main amd64 autopoint all 0.21-4 [510 kB]
Get:35 http://127.0.0.1:12990/debian sid/main amd64 libarchive13 amd64 3.4.3-2+b1 [343 kB]
Get:36 http://127.0.0.1:12990/debian sid/main amd64 libbrotli1 amd64 1.0.9-2+b2 [279 kB]
Get:37 http://127.0.0.1:12990/debian sid/main amd64 libsasl2-modules-db amd64 2.1.27+dfsg-2.1 [69.1 kB]
Get:38 http://127.0.0.1:12990/debian sid/main amd64 libsasl2-2 amd64 2.1.27+dfsg-2.1 [106 kB]
Get:39 http://127.0.0.1:12990/debian sid/main amd64 libldap-2.4-2 amd64 2.4.59+dfsg-1 [232 kB]
Get:40 http://127.0.0.1:12990/debian sid/main amd64 libnghttp2-14 amd64 1.43.0-1 [77.1 kB]
Get:41 http://127.0.0.1:12990/debian sid/main amd64 libpsl5 amd64 0.21.0-1.2 [57.3 kB]
Get:42 http://127.0.0.1:12990/debian sid/main amd64 librtmp1 amd64 2.4+20151223.gitfa8646d.1-2+b2 [60.8 kB]
Get:43 http://127.0.0.1:12990/debian sid/main amd64 libssh2-1 amd64 1.10.0-2 [178 kB]
Get:44 http://127.0.0.1:12990/debian sid/main amd64 libcurl4 amd64 7.74.0-1.3+b1 [341 kB]
Get:45 http://127.0.0.1:12990/debian sid/main amd64 libjsoncpp24 amd64 1.9.4-5 [78.8 kB]
Get:46 http://127.0.0.1:12990/debian sid/main amd64 librhash0 amd64 1.4.2-1 [129 kB]
Get:47 http://127.0.0.1:12990/debian sid/main amd64 libuv1 amd64 1.42.0-1 [135 kB]
Get:48 http://127.0.0.1:12990/debian sid/main amd64 dh-elpa-helper all 2.0.9 [11.2 kB]
Get:49 http://127.0.0.1:12990/debian sid/main amd64 emacsen-common all 3.0.4 [19.3 kB]
Get:50 http://127.0.0.1:12990/debian sid/main amd64 cmake-data all 3.21.3-5 [1878 kB]
Get:51 http://127.0.0.1:12990/debian sid/main amd64 cmake amd64 3.21.3-5 [7907 kB]
Get:52 http://127.0.0.1:12990/debian sid/main amd64 libdebhelper-perl all 13.5.2 [192 kB]
Get:53 http://127.0.0.1:12990/debian sid/main amd64 libtool all 2.4.6-15 [513 kB]
Get:54 http://127.0.0.1:12990/debian sid/main amd64 dh-autoreconf all 20 [17.1 kB]
Get:55 http://127.0.0.1:12990/debian sid/main amd64 libarchive-zip-perl all 1.68-1 [104 kB]
Get:56 http://127.0.0.1:12990/debian sid/main amd64 libsub-override-perl all 0.09-2 [10.2 kB]
Get:57 http://127.0.0.1:12990/debian sid/main amd64 libfile-stripnondeterminism-perl all 1.12.0-2 [26.3 kB]
Get:58 http://127.0.0.1:12990/debian sid/main amd64 dh-strip-nondeterminism all 1.12.0-2 [15.5 kB]
Get:59 http://127.0.0.1:12990/debian sid/main amd64 libelf1 amd64 0.185-2 [172 kB]
Get:60 http://127.0.0.1:12990/debian sid/main amd64 dwz amd64 0.14-1 [98.3 kB]
Get:61 http://127.0.0.1:12990/debian sid/main amd64 gettext amd64 0.21-4 [1311 kB]
Get:62 http://127.0.0.1:12990/debian sid/main amd64 intltool-debian all 0.35.0+20060710.5 [26.8 kB]
Get:63 http://127.0.0.1:12990/debian sid/main amd64 po-debconf all 1.0.21+nmu1 [248 kB]
Get:64 http://127.0.0.1:12990/debian sid/main amd64 debhelper all 13.5.2 [1056 kB]
Get:65 http://127.0.0.1:12990/debian sid/main amd64 python3-lib2to3 all 3.9.7-1 [79.4 kB]
Get:66 http://127.0.0.1:12990/debian sid/main amd64 python3-distutils all 3.9.7-1 [146 kB]
Get:67 http://127.0.0.1:12990/debian sid/main amd64 dh-python all 5.20211022.1 [103 kB]
Get:68 http://127.0.0.1:12990/debian sid/main amd64 python3-all amd64 3.9.2-3 [1056 B]
Get:69 http://127.0.0.1:12990/debian sid/main amd64 python3-pkg-resources all 58.2.0-1 [192 kB]
Get:70 http://127.0.0.1:12990/debian sid/main amd64 python3-setuptools all 58.2.0-1 [396 kB]
debconf: delaying package configuration, since apt-utils is not installed
Fetched 28.9 MB in 0s (127 MB/s)
Selecting previously unselected package bsdextrautils.
(Reading database ... 14273 files and directories currently installed.)
Preparing to unpack .../0-bsdextrautils_2.37.2-4_amd64.deb ...
Unpacking bsdextrautils (2.37.2-4) ...
Selecting previously unselected package libuchardet0:amd64.
Preparing to unpack .../1-libuchardet0_0.0.7-1_amd64.deb ...
Unpacking libuchardet0:amd64 (0.0.7-1) ...
Selecting previously unselected package groff-base.
Preparing to unpack .../2-groff-base_1.22.4-7_amd64.deb ...
Unpacking groff-base (1.22.4-7) ...
Selecting previously unselected package libpipeline1:amd64.
Preparing to unpack .../3-libpipeline1_1.5.3-1_amd64.deb ...
Unpacking libpipeline1:amd64 (1.5.3-1) ...
Selecting previously unselected package man-db.
Preparing to unpack .../4-man-db_2.9.4-2_amd64.deb ...
Unpacking man-db (2.9.4-2) ...
Selecting previously unselected package libpython3.9-minimal:amd64.
Preparing to unpack .../5-libpython3.9-minimal_3.9.7-4_amd64.deb ...
Unpacking libpython3.9-minimal:amd64 (3.9.7-4) ...
Selecting previously unselected package libexpat1:amd64.
Preparing to unpack .../6-libexpat1_2.4.1-3_amd64.deb ...
Unpacking libexpat1:amd64 (2.4.1-3) ...
Selecting previously unselected package python3.9-minimal.
Preparing to unpack .../7-python3.9-minimal_3.9.7-4_amd64.deb ...
Unpacking python3.9-minimal (3.9.7-4) ...
Setting up libpython3.9-minimal:amd64 (3.9.7-4) ...
Setting up libexpat1:amd64 (2.4.1-3) ...
Setting up python3.9-minimal (3.9.7-4) ...
Selecting previously unselected package python3-minimal.
(Reading database ... 15140 files and directories currently installed.)
Preparing to unpack .../0-python3-minimal_3.9.2-3_amd64.deb ...
Unpacking python3-minimal (3.9.2-3) ...
Selecting previously unselected package media-types.
Preparing to unpack .../1-media-types_4.0.0_all.deb ...
Unpacking media-types (4.0.0) ...
Selecting previously unselected package libmpdec3:amd64.
Preparing to unpack .../2-libmpdec3_2.5.1-2_amd64.deb ...
Unpacking libmpdec3:amd64 (2.5.1-2) ...
Selecting previously unselected package libncursesw6:amd64.
Preparing to unpack .../3-libncursesw6_6.2+20210905-1_amd64.deb ...
Unpacking libncursesw6:amd64 (6.2+20210905-1) ...
Selecting previously unselected package readline-common.
Preparing to unpack .../4-readline-common_8.1-2_all.deb ...
Unpacking readline-common (8.1-2) ...
Selecting previously unselected package libreadline8:amd64.
Preparing to unpack .../5-libreadline8_8.1-2_amd64.deb ...
Unpacking libreadline8:amd64 (8.1-2) ...
Selecting previously unselected package libsqlite3-0:amd64.
Preparing to unpack .../6-libsqlite3-0_3.36.0-2_amd64.deb ...
Unpacking libsqlite3-0:amd64 (3.36.0-2) ...
Selecting previously unselected package libpython3.9-stdlib:amd64.
Preparing to unpack .../7-libpython3.9-stdlib_3.9.7-4_amd64.deb ...
Unpacking libpython3.9-stdlib:amd64 (3.9.7-4) ...
Selecting previously unselected package python3.9.
Preparing to unpack .../8-python3.9_3.9.7-4_amd64.deb ...
Unpacking python3.9 (3.9.7-4) ...
Selecting previously unselected package libpython3-stdlib:amd64.
Preparing to unpack .../9-libpython3-stdlib_3.9.2-3_amd64.deb ...
Unpacking libpython3-stdlib:amd64 (3.9.2-3) ...
Setting up python3-minimal (3.9.2-3) ...
Selecting previously unselected package python3.
(Reading database ... 15579 files and directories currently installed.)
Preparing to unpack .../00-python3_3.9.2-3_amd64.deb ...
Unpacking python3 (3.9.2-3) ...
Selecting previously unselected package libncurses6:amd64.
Preparing to unpack .../01-libncurses6_6.2+20210905-1_amd64.deb ...
Unpacking libncurses6:amd64 (6.2+20210905-1) ...
Selecting previously unselected package libprocps8:amd64.
Preparing to unpack .../02-libprocps8_2%3a3.3.17-5_amd64.deb ...
Unpacking libprocps8:amd64 (2:3.3.17-5) ...
Selecting previously unselected package procps.
Preparing to unpack .../03-procps_2%3a3.3.17-5_amd64.deb ...
Unpacking procps (2:3.3.17-5) ...
Selecting previously unselected package sensible-utils.
Preparing to unpack .../04-sensible-utils_0.0.17_all.deb ...
Unpacking sensible-utils (0.0.17) ...
Selecting previously unselected package libmagic-mgc.
Preparing to unpack .../05-libmagic-mgc_1%3a5.39-3_amd64.deb ...
Unpacking libmagic-mgc (1:5.39-3) ...
Selecting previously unselected package libmagic1:amd64.
Preparing to unpack .../06-libmagic1_1%3a5.39-3_amd64.deb ...
Unpacking libmagic1:amd64 (1:5.39-3) ...
Selecting previously unselected package file.
Preparing to unpack .../07-file_1%3a5.39-3_amd64.deb ...
Unpacking file (1:5.39-3) ...
Selecting previously unselected package gettext-base.
Preparing to unpack .../08-gettext-base_0.21-4_amd64.deb ...
Unpacking gettext-base (0.21-4) ...
Selecting previously unselected package libsigsegv2:amd64.
Preparing to unpack .../09-libsigsegv2_2.13-1_amd64.deb ...
Unpacking libsigsegv2:amd64 (2.13-1) ...
Selecting previously unselected package m4.
Preparing to unpack .../10-m4_1.4.18-5_amd64.deb ...
Unpacking m4 (1.4.18-5) ...
Selecting previously unselected package autoconf.
Preparing to unpack .../11-autoconf_2.71-2_all.deb ...
Unpacking autoconf (2.71-2) ...
Selecting previously unselected package autotools-dev.
Preparing to unpack .../12-autotools-dev_20180224.1+nmu1_all.deb ...
Unpacking autotools-dev (20180224.1+nmu1) ...
Selecting previously unselected package automake.
Preparing to unpack .../13-automake_1%3a1.16.5-1_all.deb ...
Unpacking automake (1:1.16.5-1) ...
Selecting previously unselected package autopoint.
Preparing to unpack .../14-autopoint_0.21-4_all.deb ...
Unpacking autopoint (0.21-4) ...
Selecting previously unselected package libarchive13:amd64.
Preparing to unpack .../15-libarchive13_3.4.3-2+b1_amd64.deb ...
Unpacking libarchive13:amd64 (3.4.3-2+b1) ...
Selecting previously unselected package libbrotli1:amd64.
Preparing to unpack .../16-libbrotli1_1.0.9-2+b2_amd64.deb ...
Unpacking libbrotli1:amd64 (1.0.9-2+b2) ...
Selecting previously unselected package libsasl2-modules-db:amd64.
Preparing to unpack .../17-libsasl2-modules-db_2.1.27+dfsg-2.1_amd64.deb ...
Unpacking libsasl2-modules-db:amd64 (2.1.27+dfsg-2.1) ...
Selecting previously unselected package libsasl2-2:amd64.
Preparing to unpack .../18-libsasl2-2_2.1.27+dfsg-2.1_amd64.deb ...
Unpacking libsasl2-2:amd64 (2.1.27+dfsg-2.1) ...
Selecting previously unselected package libldap-2.4-2:amd64.
Preparing to unpack .../19-libldap-2.4-2_2.4.59+dfsg-1_amd64.deb ...
Unpacking libldap-2.4-2:amd64 (2.4.59+dfsg-1) ...
Selecting previously unselected package libnghttp2-14:amd64.
Preparing to unpack .../20-libnghttp2-14_1.43.0-1_amd64.deb ...
Unpacking libnghttp2-14:amd64 (1.43.0-1) ...
Selecting previously unselected package libpsl5:amd64.
Preparing to unpack .../21-libpsl5_0.21.0-1.2_amd64.deb ...
Unpacking libpsl5:amd64 (0.21.0-1.2) ...
Selecting previously unselected package librtmp1:amd64.
Preparing to unpack .../22-librtmp1_2.4+20151223.gitfa8646d.1-2+b2_amd64.deb ...
Unpacking librtmp1:amd64 (2.4+20151223.gitfa8646d.1-2+b2) ...
Selecting previously unselected package libssh2-1:amd64.
Preparing to unpack .../23-libssh2-1_1.10.0-2_amd64.deb ...
Unpacking libssh2-1:amd64 (1.10.0-2) ...
Selecting previously unselected package libcurl4:amd64.
Preparing to unpack .../24-libcurl4_7.74.0-1.3+b1_amd64.deb ...
Unpacking libcurl4:amd64 (7.74.0-1.3+b1) ...
Selecting previously unselected package libjsoncpp24:amd64.
Preparing to unpack .../25-libjsoncpp24_1.9.4-5_amd64.deb ...
Unpacking libjsoncpp24:amd64 (1.9.4-5) ...
Selecting previously unselected package librhash0:amd64.
Preparing to unpack .../26-librhash0_1.4.2-1_amd64.deb ...
Unpacking librhash0:amd64 (1.4.2-1) ...
Selecting previously unselected package libuv1:amd64.
Preparing to unpack .../27-libuv1_1.42.0-1_amd64.deb ...
Unpacking libuv1:amd64 (1.42.0-1) ...
Selecting previously unselected package dh-elpa-helper.
Preparing to unpack .../28-dh-elpa-helper_2.0.9_all.deb ...
Unpacking dh-elpa-helper (2.0.9) ...
Selecting previously unselected package emacsen-common.
Preparing to unpack .../29-emacsen-common_3.0.4_all.deb ...
Unpacking emacsen-common (3.0.4) ...
Selecting previously unselected package cmake-data.
Preparing to unpack .../30-cmake-data_3.21.3-5_all.deb ...
Unpacking cmake-data (3.21.3-5) ...
Selecting previously unselected package cmake.
Preparing to unpack .../31-cmake_3.21.3-5_amd64.deb ...
Unpacking cmake (3.21.3-5) ...
Selecting previously unselected package libdebhelper-perl.
Preparing to unpack .../32-libdebhelper-perl_13.5.2_all.deb ...
Unpacking libdebhelper-perl (13.5.2) ...
Selecting previously unselected package libtool.
Preparing to unpack .../33-libtool_2.4.6-15_all.deb ...
Unpacking libtool (2.4.6-15) ...
Selecting previously unselected package dh-autoreconf.
Preparing to unpack .../34-dh-autoreconf_20_all.deb ...
Unpacking dh-autoreconf (20) ...
Selecting previously unselected package libarchive-zip-perl.
Preparing to unpack .../35-libarchive-zip-perl_1.68-1_all.deb ...
Unpacking libarchive-zip-perl (1.68-1) ...
Selecting previously unselected package libsub-override-perl.
Preparing to unpack .../36-libsub-override-perl_0.09-2_all.deb ...
Unpacking libsub-override-perl (0.09-2) ...
Selecting previously unselected package libfile-stripnondeterminism-perl.
Preparing to unpack .../37-libfile-stripnondeterminism-perl_1.12.0-2_all.deb ...
Unpacking libfile-stripnondeterminism-perl (1.12.0-2) ...
Selecting previously unselected package dh-strip-nondeterminism.
Preparing to unpack .../38-dh-strip-nondeterminism_1.12.0-2_all.deb ...
Unpacking dh-strip-nondeterminism (1.12.0-2) ...
Selecting previously unselected package libelf1:amd64.
Preparing to unpack .../39-libelf1_0.185-2_amd64.deb ...
Unpacking libelf1:amd64 (0.185-2) ...
Selecting previously unselected package dwz.
Preparing to unpack .../40-dwz_0.14-1_amd64.deb ...
Unpacking dwz (0.14-1) ...
Selecting previously unselected package gettext.
Preparing to unpack .../41-gettext_0.21-4_amd64.deb ...
Unpacking gettext (0.21-4) ...
Selecting previously unselected package intltool-debian.
Preparing to unpack .../42-intltool-debian_0.35.0+20060710.5_all.deb ...
Unpacking intltool-debian (0.35.0+20060710.5) ...
Selecting previously unselected package po-debconf.
Preparing to unpack .../43-po-debconf_1.0.21+nmu1_all.deb ...
Unpacking po-debconf (1.0.21+nmu1) ...
Selecting previously unselected package debhelper.
Preparing to unpack .../44-debhelper_13.5.2_all.deb ...
Unpacking debhelper (13.5.2) ...
Selecting previously unselected package python3-lib2to3.
Preparing to unpack .../45-python3-lib2to3_3.9.7-1_all.deb ...
Unpacking python3-lib2to3 (3.9.7-1) ...
Selecting previously unselected package python3-distutils.
Preparing to unpack .../46-python3-distutils_3.9.7-1_all.deb ...
Unpacking python3-distutils (3.9.7-1) ...
Selecting previously unselected package dh-python.
Preparing to unpack .../47-dh-python_5.20211022.1_all.deb ...
Unpacking dh-python (5.20211022.1) ...
Selecting previously unselected package python3-all.
Preparing to unpack .../48-python3-all_3.9.2-3_amd64.deb ...
Unpacking python3-all (3.9.2-3) ...
Selecting previously unselected package python3-pkg-resources.
Preparing to unpack .../49-python3-pkg-resources_58.2.0-1_all.deb ...
Unpacking python3-pkg-resources (58.2.0-1) ...
Selecting previously unselected package python3-setuptools.
Preparing to unpack .../50-python3-setuptools_58.2.0-1_all.deb ...
Unpacking python3-setuptools (58.2.0-1) ...
Selecting previously unselected package sbuild-build-depends-main-dummy.
Preparing to unpack .../51-sbuild-build-depends-main-dummy_0.invalid.0_amd64.deb ...
Unpacking sbuild-build-depends-main-dummy (0.invalid.0) ...
Setting up media-types (4.0.0) ...
Setting up libpipeline1:amd64 (1.5.3-1) ...
Setting up libpsl5:amd64 (0.21.0-1.2) ...
Setting up bsdextrautils (2.37.2-4) ...
update-alternatives: using /usr/bin/write.ul to provide /usr/bin/write (write) in auto mode
Setting up libmagic-mgc (1:5.39-3) ...
Setting up libarchive13:amd64 (3.4.3-2+b1) ...
Setting up libarchive-zip-perl (1.68-1) ...
Setting up libdebhelper-perl (13.5.2) ...
Setting up libbrotli1:amd64 (1.0.9-2+b2) ...
Setting up libsqlite3-0:amd64 (3.36.0-2) ...
Setting up libnghttp2-14:amd64 (1.43.0-1) ...
Setting up libmagic1:amd64 (1:5.39-3) ...
Setting up gettext-base (0.21-4) ...
Setting up file (1:5.39-3) ...
Setting up libsasl2-modules-db:amd64 (2.1.27+dfsg-2.1) ...
Setting up autotools-dev (20180224.1+nmu1) ...
Setting up libuv1:amd64 (1.42.0-1) ...
Setting up emacsen-common (3.0.4) ...
Setting up librtmp1:amd64 (2.4+20151223.gitfa8646d.1-2+b2) ...
Setting up dh-elpa-helper (2.0.9) ...
Setting up libncurses6:amd64 (6.2+20210905-1) ...
Setting up libsigsegv2:amd64 (2.13-1) ...
Setting up autopoint (0.21-4) ...
Setting up libncursesw6:amd64 (6.2+20210905-1) ...
Setting up libsasl2-2:amd64 (2.1.27+dfsg-2.1) ...
Setting up libjsoncpp24:amd64 (1.9.4-5) ...
Setting up sensible-utils (0.0.17) ...
Setting up librhash0:amd64 (1.4.2-1) ...
Setting up libuchardet0:amd64 (0.0.7-1) ...
Setting up libmpdec3:amd64 (2.5.1-2) ...
Setting up libsub-override-perl (0.09-2) ...
Setting up libssh2-1:amd64 (1.10.0-2) ...
Setting up cmake-data (3.21.3-5) ...
Setting up libelf1:amd64 (0.185-2) ...
Setting up readline-common (8.1-2) ...
Setting up libprocps8:amd64 (2:3.3.17-5) ...
Setting up libfile-stripnondeterminism-perl (1.12.0-2) ...
Setting up gettext (0.21-4) ...
Setting up libtool (2.4.6-15) ...
Setting up libreadline8:amd64 (8.1-2) ...
Setting up libldap-2.4-2:amd64 (2.4.59+dfsg-1) ...
Setting up m4 (1.4.18-5) ...
Setting up intltool-debian (0.35.0+20060710.5) ...
Setting up autoconf (2.71-2) ...
Setting up dh-strip-nondeterminism (1.12.0-2) ...
Setting up dwz (0.14-1) ...
Setting up groff-base (1.22.4-7) ...
Setting up procps (2:3.3.17-5) ...
Setting up libcurl4:amd64 (7.74.0-1.3+b1) ...
Setting up libpython3.9-stdlib:amd64 (3.9.7-4) ...
Setting up libpython3-stdlib:amd64 (3.9.2-3) ...
Setting up automake (1:1.16.5-1) ...
update-alternatives: using /usr/bin/automake-1.16 to provide /usr/bin/automake (automake) in auto mode
Setting up po-debconf (1.0.21+nmu1) ...
Setting up man-db (2.9.4-2) ...
Not building database; man-db/auto-update is not 'true'.
Setting up dh-autoreconf (20) ...
Setting up cmake (3.21.3-5) ...
Setting up python3.9 (3.9.7-4) ...
Setting up debhelper (13.5.2) ...
Setting up python3 (3.9.2-3) ...
Setting up python3-lib2to3 (3.9.7-1) ...
Setting up python3-pkg-resources (58.2.0-1) ...
Setting up python3-distutils (3.9.7-1) ...
Setting up dh-python (5.20211022.1) ...
Setting up python3-setuptools (58.2.0-1) ...
Setting up python3-all (3.9.2-3) ...
Setting up sbuild-build-depends-main-dummy (0.invalid.0) ...
Processing triggers for libc-bin (2.32-4) ...

+------------------------------------------------------------------------------+
| Check architectures                                                          |
+------------------------------------------------------------------------------+

Arch check ok (amd64 included in any all)

+------------------------------------------------------------------------------+
| Build environment                                                            |
+------------------------------------------------------------------------------+

Kernel: Linux 4.19.0-6-cloud-amd64 #1 SMP Debian 4.19.67-2+deb10u2 (2019-11-11) amd64 (x86_64)
Toolchain package versions: binutils_2.37-7 dpkg-dev_1.20.9 g++-11_11.2.0-10 gcc-11_11.2.0-10 libc6-dev_2.32-4 libstdc++-11-dev_11.2.0-10 libstdc++6_11.2.0-10 linux-libc-dev_5.14.12-1
Package versions: adduser_3.118 apt_2.3.11 autoconf_2.71-2 automake_1:1.16.5-1 autopoint_0.21-4 autotools-dev_20180224.1+nmu1 base-files_12 base-passwd_3.5.52 bash_5.1-3+b2 binutils_2.37-7 binutils-common_2.37-7 binutils-x86-64-linux-gnu_2.37-7 bsdextrautils_2.37.2-4 bsdutils_1:2.37.2-4 build-essential_12.9 bzip2_1.0.8-4 clang-13_1:13.0.0-8 cmake_3.21.3-5 cmake-data_3.21.3-5 coreutils_8.32-4+b1 cpp_4:11.2.0-2 cpp-11_11.2.0-10 dash_0.5.11+git20210120+802ebd4-2 debconf_1.5.78 debhelper_13.5.2 debian-archive-keyring_2021.1.1 debianutils_5.5-1 dh-autoreconf_20 dh-elpa-helper_2.0.9 dh-python_5.20211022.1 dh-strip-nondeterminism_1.12.0-2 diffutils_1:3.7-5 dpkg_1.20.9 dpkg-dev_1.20.9 dwz_0.14-1 e2fsprogs_1.46.4-1 emacsen-common_3.0.4 fakeroot_1.26-1 file_1:5.39-3 findutils_4.8.0-1 g++_4:11.2.0-2 g++-11_11.2.0-10 gcc_4:11.2.0-2 gcc-10-base_10.3.0-11 gcc-11_11.2.0-10 gcc-11-base_11.2.0-10 gcc-9-base_9.4.0-3 gettext_0.21-4 gettext-base_0.21-4 gpgv_2.2.27-2 grep_3.7-1 groff-base_1.22.4-7 gzip_1.10-4 hostname_3.23 init-system-helpers_1.60 intltool-debian_0.35.0+20060710.5 lib32gcc-s1_11.2.0-10 lib32stdc++6_11.2.0-10 libacl1_2.3.1-1 libapt-pkg6.0_2.3.11 libarchive-zip-perl_1.68-1 libarchive13_3.4.3-2+b1 libasan5_9.4.0-3 libasan6_11.2.0-10 libatomic1_11.2.0-10 libattr1_1:2.5.1-1 libaudit-common_1:3.0.6-1 libaudit1_1:3.0.6-1 libbinutils_2.37-7 libblkid1_2.37.2-4 libbrotli1_1.0.9-2+b2 libbsd0_0.11.3-1 libbz2-1.0_1.0.8-4 libc-bin_2.32-4 libc-dev-bin_2.32-4 libc6_2.32-4 libc6-dev_2.32-4 libc6-i386_2.32-4 libcap-ng0_0.7.9-2.2+b1 libcap2_1:2.44-1 libcc1-0_11.2.0-10 libclang-common-13-dev_1:13.0.0-8 libclang-cpp13_1:13.0.0-8 libclang1-13_1:13.0.0-8 libcom-err2_1.46.4-1 libcrypt-dev_1:4.4.25-2 libcrypt1_1:4.4.25-2 libctf-nobfd0_2.37-7 libctf0_2.37-7 libcurl4_7.74.0-1.3+b1 libdb5.3_5.3.28+dfsg1-0.8 libdebconfclient0_0.260 libdebhelper-perl_13.5.2 libdpkg-perl_1.20.9 libedit2_3.1-20210910-1 libelf1_0.185-2 libexpat1_2.4.1-3 libext2fs2_1.46.4-1 libfakeroot_1.26-1 libffi8_3.4.2-3 libfile-stripnondeterminism-perl_1.12.0-2 libgc1_1:8.0.4-3 libgcc-11-dev_11.2.0-10 libgcc-9-dev_9.4.0-3 libgcc-s1_11.2.0-10 libgcrypt20_1.9.4-3+b1 libgdbm-compat4_1.22-1 libgdbm6_1.22-1 libgmp10_2:6.2.1+dfsg-2 libgnutls30_3.7.2-2 libgomp1_11.2.0-10 libgpg-error0_1.42-3 libgssapi-krb5-2_1.18.3-7 libhogweed6_3.7.3-1 libicu67_67.1-7 libidn2-0_2.3.2-2 libisl23_0.24-2 libitm1_11.2.0-10 libjsoncpp24_1.9.4-5 libk5crypto3_1.18.3-7 libkeyutils1_1.6.1-2 libkrb5-3_1.18.3-7 libkrb5support0_1.18.3-7 libldap-2.4-2_2.4.59+dfsg-1 libllvm13_1:13.0.0-8 liblsan0_11.2.0-10 liblz4-1_1.9.3-2 liblzma5_5.2.5-2 libmagic-mgc_1:5.39-3 libmagic1_1:5.39-3 libmd0_1.0.4-1 libmount1_2.37.2-4 libmpc3_1.2.1-1 libmpdec3_2.5.1-2 libmpfr6_4.1.0-3 libncurses6_6.2+20210905-1 libncursesw6_6.2+20210905-1 libnettle8_3.7.3-1 libnghttp2-14_1.43.0-1 libnsl-dev_1.3.0-2 libnsl2_1.3.0-2 libobjc-11-dev_11.2.0-10 libobjc-9-dev_9.4.0-3 libobjc4_11.2.0-10 libomp-13-dev_1:13.0.0-8 libomp5-13_1:13.0.0-8 libp11-kit0_0.24.0-5 libpam-modules_1.4.0-10 libpam-modules-bin_1.4.0-10 libpam-runtime_1.4.0-10 libpam0g_1.4.0-10 libpcre2-8-0_10.36-2 libpcre3_2:8.39-13 libperl5.32_5.32.1-6 libpipeline1_1.5.3-1 libprocps8_2:3.3.17-5 libpsl5_0.21.0-1.2 libpython3-stdlib_3.9.2-3 libpython3.9-minimal_3.9.7-4 libpython3.9-stdlib_3.9.7-4 libquadmath0_11.2.0-10 libreadline8_8.1-2 librhash0_1.4.2-1 librtmp1_2.4+20151223.gitfa8646d.1-2+b2 libsasl2-2_2.1.27+dfsg-2.1 libsasl2-modules-db_2.1.27+dfsg-2.1 libseccomp2_2.5.2-2 libselinux1_3.1-3 libsemanage-common_3.1-1 libsemanage1_3.1-1+b2 libsepol1_3.1-1 libsigsegv2_2.13-1 libsmartcols1_2.37.2-4 libsqlite3-0_3.36.0-2 libss2_1.46.4-1 libssh2-1_1.10.0-2 libssl1.1_1.1.1l-1 libstdc++-11-dev_11.2.0-10 libstdc++6_11.2.0-10 libsub-override-perl_0.09-2 libsystemd0_249.5-1 libtasn1-6_4.17.0-2 libtinfo6_6.2+20210905-1 libtirpc-common_1.3.2-2 libtirpc-dev_1.3.2-2 libtirpc3_1.3.2-2 libtool_2.4.6-15 libtsan0_11.2.0-10 libubsan1_11.2.0-10 libuchardet0_0.0.7-1 libudev1_249.5-1 libunistring2_0.9.10-6 libuuid1_2.37.2-4 libuv1_1.42.0-1 libxml2_2.9.12+dfsg-5 libxxhash0_0.8.0-2 libz3-4_4.8.12-1+b1 libzstd1_1.4.8+dfsg-3 linux-libc-dev_5.14.12-1 login_1:4.8.1-1 logsave_1.46.4-1 lsb-base_11.1.0 m4_1.4.18-5 make_4.3-4.1 man-db_2.9.4-2 mawk_1.3.4.20200120-2 media-types_4.0.0 mount_2.37.2-4 ncurses-base_6.2+20210905-1 ncurses-bin_6.2+20210905-1 passwd_1:4.8.1-1 patch_2.7.6-7 perl_5.32.1-6 perl-base_5.32.1-6 perl-modules-5.32_5.32.1-6 po-debconf_1.0.21+nmu1 procps_2:3.3.17-5 python3_3.9.2-3 python3-all_3.9.2-3 python3-distutils_3.9.7-1 python3-lib2to3_3.9.7-1 python3-minimal_3.9.2-3 python3-pkg-resources_58.2.0-1 python3-setuptools_58.2.0-1 python3.9_3.9.7-4 python3.9-minimal_3.9.7-4 qt5-qmake_5.15.2+dfsg-12 qt5-qmake-bin_5.15.2+dfsg-12 qtchooser_66-2 readline-common_8.1-2 rpcsvc-proto_1.4.2-4 sbuild-build-depends-main-dummy_0.invalid.0 sed_4.8-1 sensible-utils_0.0.17 sysvinit-utils_3.00-1 tar_1.34+dfsg-1 tzdata_2021e-1 util-linux_2.37.2-4 xz-utils_5.2.5-2 zlib1g_1:1.2.11.dfsg-2

+------------------------------------------------------------------------------+
| Build                                                                        |
+------------------------------------------------------------------------------+


Unpack source
-------------

-----BEGIN PGP SIGNED MESSAGE-----
Hash: SHA512

Format: 3.0 (quilt)
Source: flatbuffers
Binary: flatbuffers-compiler, flatbuffers-compiler-dev, libflatbuffers-dev, libflatbuffers1, python3-flatbuffers
Architecture: any all
Version: 1.12.1~git20200711.33e2d80+dfsg1-0.6
Maintainer: Maximiliano Curia <maxy@debian.org>
Uploaders: Nobuhiro Iwamatsu <iwamatsu@debian.org>
Homepage: http://google.github.io/flatbuffers/
Standards-Version: 4.5.1
Vcs-Browser: https://salsa.debian.org/debian/flatbuffers
Vcs-Git: https://salsa.debian.org/debian/flatbuffers.git
Build-Depends: cmake (>= 2.8), debhelper-compat (= 13), dh-python, python3-all, python3-setuptools
Package-List:
 flatbuffers-compiler deb devel optional arch=any
 flatbuffers-compiler-dev deb devel optional arch=any
 libflatbuffers-dev deb libdevel optional arch=any
 libflatbuffers1 deb libs optional arch=any
 python3-flatbuffers deb python optional arch=all
Checksums-Sha1:
 0f3e851cbef31700ac892c40cdac10b3eb25d9ae 1145898 flatbuffers_1.12.1~git20200711.33e2d80+dfsg1.orig.tar.gz
 d05d9d6ba784817ad3e94293a1dfe71a1f1bfcb8 11004 flatbuffers_1.12.1~git20200711.33e2d80+dfsg1-0.6.debian.tar.xz
Checksums-Sha256:
 63f81e75dd815b9ab7dabe0bb14f6a502577340112ff14bc3ac99e1746a7efe6 1145898 flatbuffers_1.12.1~git20200711.33e2d80+dfsg1.orig.tar.gz
 dbb9fe908883dc1fa5a04a0b8f6ac3824635f498c73b0e16303ec06fed6e4eff 11004 flatbuffers_1.12.1~git20200711.33e2d80+dfsg1-0.6.debian.tar.xz
Files:
 b5b46f0ab98299d3d97fe9d1f50b9ce7 1145898 flatbuffers_1.12.1~git20200711.33e2d80+dfsg1.orig.tar.gz
 fed51a391622af56e77558a4b36cef33 11004 flatbuffers_1.12.1~git20200711.33e2d80+dfsg1-0.6.debian.tar.xz

-----BEGIN PGP SIGNATURE-----

iQIzBAEBCgAdFiEEi3hoeGwz5cZMTQpICBa54Yx2K60FAl/4fToACgkQCBa54Yx2
K61JPQ//Z/sRu6YU+NLU9PA93QbyGROgiCQCPsRr3gJE24DUe7brP4g7qlPAOwPj
HGqnPvU/6gEptJ9zLx9/s4IBSZzBK/sdwveO801yLF9hpJZWxTV62ZWSgr7dhP0p
t3BMOy2oWQENrYdkHtDEq/pY0ufqZQB2BuRbjfyQl7NsjeNPth06tKcqBhjiWW7z
26KbAuxadC/TzuaVG4ZsISsjcUENLzKYfu4BZatcDER4hpzAI+5nWmtRujk3e6nZ
RMhbPjpRM7D3GKMv3++MNq4vfEBxAFJYRJ9wOWuSJP7CUlGnyUtcrb/+9q/hug33
heSDG0bATduaCe8LcTdcf2MCnusF5uPRSgAjSAa0kFd5XYyGaKwUU5W4Qq/dktxE
3SFKGlyguNE1Z2JejpT+xNKDJF2eVzQgl03ipe4u4IZj8eFTZGdyTI7rjLjP4cZ1
3H6pkcberNlKEiIDdMKd7ErBrSjiKuZ/Hgy0GBHBMxkWpr3xAY+0npIbRnsjzXrV
e91k5eNkxzREla+NXn1fk0RqnMlS3mGawQKB/emsGrcr85mZz4s63BxnHBdeWvpd
wN5MPZ90fy76wCbgU972uhew071FAAJt4hfvbEgi0dS6Z91lqLceMiTbVqyF74FX
yxsyrx9FKTezgDNfRy3v2wo73raIieOeXnaow+SsG6GP6fVsjiw=
=+V50
-----END PGP SIGNATURE-----

gpgv: unknown type of key resource 'trustedkeys.kbx'
gpgv: keyblock resource '/tmp/dpkg-verify-sig.0oe8vDyl/trustedkeys.kbx': General error
gpgv: Signature made Fri Jan  8 15:41:46 2021 UTC
gpgv:                using RSA key 8B7868786C33E5C64C4D0A480816B9E18C762BAD
gpgv: Can't check signature: No public key
dpkg-source: warning: failed to verify signature on ./flatbuffers_1.12.1~git20200711.33e2d80+dfsg1-0.6.dsc
dpkg-source: info: extracting flatbuffers in /<<PKGBUILDDIR>>
dpkg-source: info: unpacking flatbuffers_1.12.1~git20200711.33e2d80+dfsg1.orig.tar.gz
dpkg-source: info: unpacking flatbuffers_1.12.1~git20200711.33e2d80+dfsg1-0.6.debian.tar.xz
dpkg-source: info: using patch list from debian/patches/series
dpkg-source: info: applying 0001-tests-Check-for-both-quiet-and-signaling-NaN-on-mips.patch

Check disk space
----------------

Sufficient free space for build

User Environment
----------------

APT_CONFIG=/var/lib/sbuild/apt.conf
HOME=/sbuild-nonexistent
LANG=C.UTF-8
LC_ALL=C.UTF-8
LOGNAME=user42
PATH=/usr/local/sbin:/usr/local/bin:/usr/sbin:/usr/bin:/sbin:/bin:/usr/games
SCHROOT_ALIAS_NAME=unstable
SCHROOT_CHROOT_NAME=sid-amd64-sbuild
SCHROOT_COMMAND=env
SCHROOT_GID=1001
SCHROOT_GROUP=user42
SCHROOT_SESSION_ID=sid-amd64-sbuild-41d58db8-ea03-4a23-9e20-89892f030d9c
SCHROOT_UID=1001
SCHROOT_USER=user42
SHELL=/bin/sh
USER=user42

dpkg-buildpackage
-----------------

Command: dpkg-buildpackage -us -uc -b -rfakeroot
dpkg-buildpackage: info: source package flatbuffers
dpkg-buildpackage: info: source version 1.12.1~git20200711.33e2d80+dfsg1-0.6
dpkg-buildpackage: info: source distribution unstable
dpkg-buildpackage: info: source changed by Mattia Rizzolo <mattia@debian.org>
 dpkg-source --before-build .
dpkg-buildpackage: info: host architecture amd64
 debian/rules clean
dh clean --with python3
   dh_clean
 debian/rules binary
dh binary --with python3
   dh_update_autotools_config
   dh_autoreconf
   debian/rules override_dh_auto_configure
make[1]: Entering directory '/<<PKGBUILDDIR>>'
dh_auto_configure -- -DFLATBUFFERS_BUILD_SHAREDLIB=ON
	cd obj-x86_64-linux-gnu && cmake -DCMAKE_INSTALL_PREFIX=/usr -DCMAKE_BUILD_TYPE=None -DCMAKE_INSTALL_SYSCONFDIR=/etc -DCMAKE_INSTALL_LOCALSTATEDIR=/var -DCMAKE_EXPORT_NO_PACKAGE_REGISTRY=ON -DCMAKE_FIND_USE_PACKAGE_REGISTRY=OFF -DCMAKE_FIND_PACKAGE_NO_PACKAGE_REGISTRY=ON -DCMAKE_INSTALL_RUNSTATEDIR=/run -DCMAKE_SKIP_INSTALL_ALL_DEPENDENCY=ON "-GUnix Makefiles" -DCMAKE_VERBOSE_MAKEFILE=ON -DCMAKE_INSTALL_LIBDIR=lib/x86_64-linux-gnu -DFLATBUFFERS_BUILD_SHAREDLIB=ON ..
-- The C compiler identification is Clang 13.0.0
-- The CXX compiler identification is Clang 13.0.0
-- Detecting C compiler ABI info
-- Detecting C compiler ABI info - done
-- Check for working C compiler: /usr/bin/cc - skipped
-- Detecting C compile features
-- Detecting C compile features - done
-- Detecting CXX compiler ABI info
-- Detecting CXX compiler ABI info - done
-- Check for working CXX compiler: /usr/bin/c++ - skipped
-- Detecting CXX compile features
-- Detecting CXX compile features - done
-- Looking for strtof_l
-- Looking for strtof_l - found
-- Looking for strtoull_l
-- Looking for strtoull_l - found
-- `tests/monster_test.fbs`: add generation of C++ code with '--no-includes;--gen-compare'
-- `tests/monster_test.fbs`: add generation of binary (.bfbs) schema
-- `tests/namespace_test/namespace_test1.fbs`: add generation of C++ code with '--no-includes;--gen-compare'
-- `tests/namespace_test/namespace_test2.fbs`: add generation of C++ code with '--no-includes;--gen-compare'
-- `tests/union_vector/union_vector.fbs`: add generation of C++ code with '--no-includes;--gen-compare'
-- `tests/native_type_test.fbs`: add generation of C++ code with ''
-- `tests/arrays_test.fbs`: add generation of C++ code with '--scoped-enums;--gen-compare'
-- `tests/arrays_test.fbs`: add generation of binary (.bfbs) schema
-- `tests/monster_test.fbs`: add generation of C++ embedded binary schema code with '--no-includes;--gen-compare'
-- `tests/monster_extra.fbs`: add generation of C++ code with '--no-includes;--gen-compare'
-- `samples/monster.fbs`: add generation of C++ code with '--no-includes;--gen-compare'
-- `samples/monster.fbs`: add generation of binary (.bfbs) schema
CMake Warning at CMake/Version.cmake:25 (message):
  git is not found
Call Stack (most recent call first):
  CMakeLists.txt:540 (include)


Proceeding with version: 1.12.0.0
-- Configuring done
-- Generating done
CMake Warning:
  Manually-specified variables were not used by the project:

    CMAKE_EXPORT_NO_PACKAGE_REGISTRY
    CMAKE_FIND_PACKAGE_NO_PACKAGE_REGISTRY
    CMAKE_FIND_USE_PACKAGE_REGISTRY


-- Build files have been written to: /<<PKGBUILDDIR>>/obj-x86_64-linux-gnu
make[1]: Leaving directory '/<<PKGBUILDDIR>>'
   debian/rules override_dh_auto_build-arch
make[1]: Entering directory '/<<PKGBUILDDIR>>'
dh_auto_build --arch
	cd obj-x86_64-linux-gnu && make -j4 "INSTALL=install --strip-program=true" VERBOSE=1
make[2]: Entering directory '/<<PKGBUILDDIR>>/obj-x86_64-linux-gnu'
/usr/bin/cmake -S"/<<PKGBUILDDIR>>" -B"/<<PKGBUILDDIR>>/obj-x86_64-linux-gnu" --check-build-system CMakeFiles/Makefile.cmake 0
/usr/bin/cmake -E cmake_progress_start "/<<PKGBUILDDIR>>/obj-x86_64-linux-gnu/CMakeFiles" "/<<PKGBUILDDIR>>/obj-x86_64-linux-gnu//CMakeFiles/progress.marks"
make  -f CMakeFiles/Makefile2 all
make[3]: Entering directory '/<<PKGBUILDDIR>>/obj-x86_64-linux-gnu'
make  -f CMakeFiles/flatbuffers.dir/build.make CMakeFiles/flatbuffers.dir/depend
make  -f CMakeFiles/flatc.dir/build.make CMakeFiles/flatc.dir/depend
make  -f CMakeFiles/flathash.dir/build.make CMakeFiles/flathash.dir/depend
make  -f CMakeFiles/flatbuffers_shared.dir/build.make CMakeFiles/flatbuffers_shared.dir/depend
make[4]: Entering directory '/<<PKGBUILDDIR>>/obj-x86_64-linux-gnu'
cd "/<<PKGBUILDDIR>>/obj-x86_64-linux-gnu" && /usr/bin/cmake -E cmake_depends "Unix Makefiles" "/<<PKGBUILDDIR>>" "/<<PKGBUILDDIR>>" "/<<PKGBUILDDIR>>/obj-x86_64-linux-gnu" "/<<PKGBUILDDIR>>/obj-x86_64-linux-gnu" "/<<PKGBUILDDIR>>/obj-x86_64-linux-gnu/CMakeFiles/flatbuffers.dir/DependInfo.cmake" --color=
make[4]: Entering directory '/<<PKGBUILDDIR>>/obj-x86_64-linux-gnu'
cd "/<<PKGBUILDDIR>>/obj-x86_64-linux-gnu" && /usr/bin/cmake -E cmake_depends "Unix Makefiles" "/<<PKGBUILDDIR>>" "/<<PKGBUILDDIR>>" "/<<PKGBUILDDIR>>/obj-x86_64-linux-gnu" "/<<PKGBUILDDIR>>/obj-x86_64-linux-gnu" "/<<PKGBUILDDIR>>/obj-x86_64-linux-gnu/CMakeFiles/flathash.dir/DependInfo.cmake" --color=
make[4]: Entering directory '/<<PKGBUILDDIR>>/obj-x86_64-linux-gnu'
make[4]: Entering directory '/<<PKGBUILDDIR>>/obj-x86_64-linux-gnu'
cd "/<<PKGBUILDDIR>>/obj-x86_64-linux-gnu" && /usr/bin/cmake -E cmake_depends "Unix Makefiles" "/<<PKGBUILDDIR>>" "/<<PKGBUILDDIR>>" "/<<PKGBUILDDIR>>/obj-x86_64-linux-gnu" "/<<PKGBUILDDIR>>/obj-x86_64-linux-gnu" "/<<PKGBUILDDIR>>/obj-x86_64-linux-gnu/CMakeFiles/flatbuffers_shared.dir/DependInfo.cmake" --color=
cd "/<<PKGBUILDDIR>>/obj-x86_64-linux-gnu" && /usr/bin/cmake -E cmake_depends "Unix Makefiles" "/<<PKGBUILDDIR>>" "/<<PKGBUILDDIR>>" "/<<PKGBUILDDIR>>/obj-x86_64-linux-gnu" "/<<PKGBUILDDIR>>/obj-x86_64-linux-gnu" "/<<PKGBUILDDIR>>/obj-x86_64-linux-gnu/CMakeFiles/flatc.dir/DependInfo.cmake" --color=
make[4]: Leaving directory '/<<PKGBUILDDIR>>/obj-x86_64-linux-gnu'
make[4]: Leaving directory '/<<PKGBUILDDIR>>/obj-x86_64-linux-gnu'
make  -f CMakeFiles/flatbuffers.dir/build.make CMakeFiles/flatbuffers.dir/build
make[4]: Leaving directory '/<<PKGBUILDDIR>>/obj-x86_64-linux-gnu'
make[4]: Leaving directory '/<<PKGBUILDDIR>>/obj-x86_64-linux-gnu'
make  -f CMakeFiles/flatc.dir/build.make CMakeFiles/flatc.dir/build
make  -f CMakeFiles/flathash.dir/build.make CMakeFiles/flathash.dir/build
make  -f CMakeFiles/flatbuffers_shared.dir/build.make CMakeFiles/flatbuffers_shared.dir/build
make[4]: Entering directory '/<<PKGBUILDDIR>>/obj-x86_64-linux-gnu'
make[4]: Entering directory '/<<PKGBUILDDIR>>/obj-x86_64-linux-gnu'
make[4]: Entering directory '/<<PKGBUILDDIR>>/obj-x86_64-linux-gnu'
make[4]: Entering directory '/<<PKGBUILDDIR>>/obj-x86_64-linux-gnu'
[  1%] Building CXX object CMakeFiles/flatc.dir/src/idl_parser.cpp.o
/usr/bin/c++ -DFLATBUFFERS_LOCALE_INDEPENDENT=1 -I"/<<PKGBUILDDIR>>/include" -I"/<<PKGBUILDDIR>>/grpc" -I"/<<PKGBUILDDIR>>/obj-x86_64-linux-gnu/tests" -I"/<<PKGBUILDDIR>>/obj-x86_64-linux-gnu/samples" -g -O2 -ffile-prefix-map=/<<PKGBUILDDIR>>=. -fstack-protector-strong -Wformat -Werror=format-security -Wdate-time -D_FORTIFY_SOURCE=2 -Wno-error=date-time -std=c++0x -Wall -pedantic -Werror -Wextra -Wno-unused-parameter -fsigned-char -Wold-style-cast -Wimplicit-fallthrough -Wextra-semi -Werror=unused-private-field -MD -MT CMakeFiles/flatc.dir/src/idl_parser.cpp.o -MF CMakeFiles/flatc.dir/src/idl_parser.cpp.o.d -o CMakeFiles/flatc.dir/src/idl_parser.cpp.o -c "/<<PKGBUILDDIR>>/src/idl_parser.cpp"
[  2%] Building CXX object CMakeFiles/flathash.dir/src/flathash.cpp.o
/usr/bin/c++ -DFLATBUFFERS_LOCALE_INDEPENDENT=1 -I"/<<PKGBUILDDIR>>/include" -I"/<<PKGBUILDDIR>>/grpc" -I"/<<PKGBUILDDIR>>/obj-x86_64-linux-gnu/tests" -I"/<<PKGBUILDDIR>>/obj-x86_64-linux-gnu/samples" -g -O2 -ffile-prefix-map=/<<PKGBUILDDIR>>=. -fstack-protector-strong -Wformat -Werror=format-security -Wdate-time -D_FORTIFY_SOURCE=2 -Wno-error=date-time -std=c++0x -Wall -pedantic -Werror -Wextra -Wno-unused-parameter -fsigned-char -MD -MT CMakeFiles/flathash.dir/src/flathash.cpp.o -MF CMakeFiles/flathash.dir/src/flathash.cpp.o.d -o CMakeFiles/flathash.dir/src/flathash.cpp.o -c "/<<PKGBUILDDIR>>/src/flathash.cpp"
[  3%] Building CXX object CMakeFiles/flatbuffers.dir/src/idl_parser.cpp.o
/usr/bin/c++ -DFLATBUFFERS_LOCALE_INDEPENDENT=1 -I"/<<PKGBUILDDIR>>/include" -I"/<<PKGBUILDDIR>>/grpc" -I"/<<PKGBUILDDIR>>/obj-x86_64-linux-gnu/tests" -I"/<<PKGBUILDDIR>>/obj-x86_64-linux-gnu/samples" -g -O2 -ffile-prefix-map=/<<PKGBUILDDIR>>=. -fstack-protector-strong -Wformat -Werror=format-security -Wdate-time -D_FORTIFY_SOURCE=2 -Wno-error=date-time -std=c++0x -Wall -pedantic -Werror -Wextra -Wno-unused-parameter -fsigned-char -Wold-style-cast -Wimplicit-fallthrough -Wextra-semi -Werror=unused-private-field -MD -MT CMakeFiles/flatbuffers.dir/src/idl_parser.cpp.o -MF CMakeFiles/flatbuffers.dir/src/idl_parser.cpp.o.d -o CMakeFiles/flatbuffers.dir/src/idl_parser.cpp.o -c "/<<PKGBUILDDIR>>/src/idl_parser.cpp"
[  4%] Building CXX object CMakeFiles/flatbuffers_shared.dir/src/idl_parser.cpp.o
/usr/bin/c++ -DFLATBUFFERS_LOCALE_INDEPENDENT=1 -Dflatbuffers_shared_EXPORTS -I"/<<PKGBUILDDIR>>/include" -I"/<<PKGBUILDDIR>>/grpc" -I"/<<PKGBUILDDIR>>/obj-x86_64-linux-gnu/tests" -I"/<<PKGBUILDDIR>>/obj-x86_64-linux-gnu/samples" -g -O2 -ffile-prefix-map=/<<PKGBUILDDIR>>=. -fstack-protector-strong -Wformat -Werror=format-security -Wdate-time -D_FORTIFY_SOURCE=2 -Wno-error=date-time -std=c++0x -Wall -pedantic -Werror -Wextra -Wno-unused-parameter -fsigned-char -fPIC -MD -MT CMakeFiles/flatbuffers_shared.dir/src/idl_parser.cpp.o -MF CMakeFiles/flatbuffers_shared.dir/src/idl_parser.cpp.o.d -o CMakeFiles/flatbuffers_shared.dir/src/idl_parser.cpp.o -c "/<<PKGBUILDDIR>>/src/idl_parser.cpp"
[  5%] Linking CXX executable flathash
/usr/bin/cmake -E cmake_link_script CMakeFiles/flathash.dir/link.txt --verbose=1
/usr/bin/c++ -g -O2 -ffile-prefix-map=/<<PKGBUILDDIR>>=. -fstack-protector-strong -Wformat -Werror=format-security -Wdate-time -D_FORTIFY_SOURCE=2 -Wno-error=date-time -std=c++0x -Wall -pedantic -Werror -Wextra -Wno-unused-parameter -fsigned-char -Wl,-z,relro -Wl,-z,now -rdynamic CMakeFiles/flathash.dir/src/flathash.cpp.o -o flathash 
make[4]: Leaving directory '/<<PKGBUILDDIR>>/obj-x86_64-linux-gnu'
[  5%] Built target flathash
[  6%] Building CXX object CMakeFiles/flatbuffers_shared.dir/src/idl_gen_text.cpp.o
/usr/bin/c++ -DFLATBUFFERS_LOCALE_INDEPENDENT=1 -Dflatbuffers_shared_EXPORTS -I"/<<PKGBUILDDIR>>/include" -I"/<<PKGBUILDDIR>>/grpc" -I"/<<PKGBUILDDIR>>/obj-x86_64-linux-gnu/tests" -I"/<<PKGBUILDDIR>>/obj-x86_64-linux-gnu/samples" -g -O2 -ffile-prefix-map=/<<PKGBUILDDIR>>=. -fstack-protector-strong -Wformat -Werror=format-security -Wdate-time -D_FORTIFY_SOURCE=2 -Wno-error=date-time -std=c++0x -Wall -pedantic -Werror -Wextra -Wno-unused-parameter -fsigned-char -fPIC -MD -MT CMakeFiles/flatbuffers_shared.dir/src/idl_gen_text.cpp.o -MF CMakeFiles/flatbuffers_shared.dir/src/idl_gen_text.cpp.o.d -o CMakeFiles/flatbuffers_shared.dir/src/idl_gen_text.cpp.o -c "/<<PKGBUILDDIR>>/src/idl_gen_text.cpp"
[  7%] Building CXX object CMakeFiles/flatbuffers_shared.dir/src/reflection.cpp.o
/usr/bin/c++ -DFLATBUFFERS_LOCALE_INDEPENDENT=1 -Dflatbuffers_shared_EXPORTS -I"/<<PKGBUILDDIR>>/include" -I"/<<PKGBUILDDIR>>/grpc" -I"/<<PKGBUILDDIR>>/obj-x86_64-linux-gnu/tests" -I"/<<PKGBUILDDIR>>/obj-x86_64-linux-gnu/samples" -g -O2 -ffile-prefix-map=/<<PKGBUILDDIR>>=. -fstack-protector-strong -Wformat -Werror=format-security -Wdate-time -D_FORTIFY_SOURCE=2 -Wno-error=date-time -std=c++0x -Wall -pedantic -Werror -Wextra -Wno-unused-parameter -fsigned-char -fPIC -MD -MT CMakeFiles/flatbuffers_shared.dir/src/reflection.cpp.o -MF CMakeFiles/flatbuffers_shared.dir/src/reflection.cpp.o.d -o CMakeFiles/flatbuffers_shared.dir/src/reflection.cpp.o -c "/<<PKGBUILDDIR>>/src/reflection.cpp"
[  8%] Building CXX object CMakeFiles/flatbuffers_shared.dir/src/util.cpp.o
/usr/bin/c++ -DFLATBUFFERS_LOCALE_INDEPENDENT=1 -Dflatbuffers_shared_EXPORTS -I"/<<PKGBUILDDIR>>/include" -I"/<<PKGBUILDDIR>>/grpc" -I"/<<PKGBUILDDIR>>/obj-x86_64-linux-gnu/tests" -I"/<<PKGBUILDDIR>>/obj-x86_64-linux-gnu/samples" -g -O2 -ffile-prefix-map=/<<PKGBUILDDIR>>=. -fstack-protector-strong -Wformat -Werror=format-security -Wdate-time -D_FORTIFY_SOURCE=2 -Wno-error=date-time -std=c++0x -Wall -pedantic -Werror -Wextra -Wno-unused-parameter -fsigned-char -fPIC -MD -MT CMakeFiles/flatbuffers_shared.dir/src/util.cpp.o -MF CMakeFiles/flatbuffers_shared.dir/src/util.cpp.o.d -o CMakeFiles/flatbuffers_shared.dir/src/util.cpp.o -c "/<<PKGBUILDDIR>>/src/util.cpp"
[ 10%] Building CXX object CMakeFiles/flatbuffers.dir/src/idl_gen_text.cpp.o
/usr/bin/c++ -DFLATBUFFERS_LOCALE_INDEPENDENT=1 -I"/<<PKGBUILDDIR>>/include" -I"/<<PKGBUILDDIR>>/grpc" -I"/<<PKGBUILDDIR>>/obj-x86_64-linux-gnu/tests" -I"/<<PKGBUILDDIR>>/obj-x86_64-linux-gnu/samples" -g -O2 -ffile-prefix-map=/<<PKGBUILDDIR>>=. -fstack-protector-strong -Wformat -Werror=format-security -Wdate-time -D_FORTIFY_SOURCE=2 -Wno-error=date-time -std=c++0x -Wall -pedantic -Werror -Wextra -Wno-unused-parameter -fsigned-char -Wold-style-cast -Wimplicit-fallthrough -Wextra-semi -Werror=unused-private-field -MD -MT CMakeFiles/flatbuffers.dir/src/idl_gen_text.cpp.o -MF CMakeFiles/flatbuffers.dir/src/idl_gen_text.cpp.o.d -o CMakeFiles/flatbuffers.dir/src/idl_gen_text.cpp.o -c "/<<PKGBUILDDIR>>/src/idl_gen_text.cpp"
[ 11%] Building CXX object CMakeFiles/flatbuffers.dir/src/reflection.cpp.o
/usr/bin/c++ -DFLATBUFFERS_LOCALE_INDEPENDENT=1 -I"/<<PKGBUILDDIR>>/include" -I"/<<PKGBUILDDIR>>/grpc" -I"/<<PKGBUILDDIR>>/obj-x86_64-linux-gnu/tests" -I"/<<PKGBUILDDIR>>/obj-x86_64-linux-gnu/samples" -g -O2 -ffile-prefix-map=/<<PKGBUILDDIR>>=. -fstack-protector-strong -Wformat -Werror=format-security -Wdate-time -D_FORTIFY_SOURCE=2 -Wno-error=date-time -std=c++0x -Wall -pedantic -Werror -Wextra -Wno-unused-parameter -fsigned-char -Wold-style-cast -Wimplicit-fallthrough -Wextra-semi -Werror=unused-private-field -MD -MT CMakeFiles/flatbuffers.dir/src/reflection.cpp.o -MF CMakeFiles/flatbuffers.dir/src/reflection.cpp.o.d -o CMakeFiles/flatbuffers.dir/src/reflection.cpp.o -c "/<<PKGBUILDDIR>>/src/reflection.cpp"
[ 12%] Building CXX object CMakeFiles/flatbuffers.dir/src/util.cpp.o
/usr/bin/c++ -DFLATBUFFERS_LOCALE_INDEPENDENT=1 -I"/<<PKGBUILDDIR>>/include" -I"/<<PKGBUILDDIR>>/grpc" -I"/<<PKGBUILDDIR>>/obj-x86_64-linux-gnu/tests" -I"/<<PKGBUILDDIR>>/obj-x86_64-linux-gnu/samples" -g -O2 -ffile-prefix-map=/<<PKGBUILDDIR>>=. -fstack-protector-strong -Wformat -Werror=format-security -Wdate-time -D_FORTIFY_SOURCE=2 -Wno-error=date-time -std=c++0x -Wall -pedantic -Werror -Wextra -Wno-unused-parameter -fsigned-char -Wold-style-cast -Wimplicit-fallthrough -Wextra-semi -Werror=unused-private-field -MD -MT CMakeFiles/flatbuffers.dir/src/util.cpp.o -MF CMakeFiles/flatbuffers.dir/src/util.cpp.o.d -o CMakeFiles/flatbuffers.dir/src/util.cpp.o -c "/<<PKGBUILDDIR>>/src/util.cpp"
[ 13%] Building CXX object CMakeFiles/flatc.dir/src/idl_gen_text.cpp.o
/usr/bin/c++ -DFLATBUFFERS_LOCALE_INDEPENDENT=1 -I"/<<PKGBUILDDIR>>/include" -I"/<<PKGBUILDDIR>>/grpc" -I"/<<PKGBUILDDIR>>/obj-x86_64-linux-gnu/tests" -I"/<<PKGBUILDDIR>>/obj-x86_64-linux-gnu/samples" -g -O2 -ffile-prefix-map=/<<PKGBUILDDIR>>=. -fstack-protector-strong -Wformat -Werror=format-security -Wdate-time -D_FORTIFY_SOURCE=2 -Wno-error=date-time -std=c++0x -Wall -pedantic -Werror -Wextra -Wno-unused-parameter -fsigned-char -Wold-style-cast -Wimplicit-fallthrough -Wextra-semi -Werror=unused-private-field -MD -MT CMakeFiles/flatc.dir/src/idl_gen_text.cpp.o -MF CMakeFiles/flatc.dir/src/idl_gen_text.cpp.o.d -o CMakeFiles/flatc.dir/src/idl_gen_text.cpp.o -c "/<<PKGBUILDDIR>>/src/idl_gen_text.cpp"
[ 14%] Building CXX object CMakeFiles/flatc.dir/src/reflection.cpp.o
/usr/bin/c++ -DFLATBUFFERS_LOCALE_INDEPENDENT=1 -I"/<<PKGBUILDDIR>>/include" -I"/<<PKGBUILDDIR>>/grpc" -I"/<<PKGBUILDDIR>>/obj-x86_64-linux-gnu/tests" -I"/<<PKGBUILDDIR>>/obj-x86_64-linux-gnu/samples" -g -O2 -ffile-prefix-map=/<<PKGBUILDDIR>>=. -fstack-protector-strong -Wformat -Werror=format-security -Wdate-time -D_FORTIFY_SOURCE=2 -Wno-error=date-time -std=c++0x -Wall -pedantic -Werror -Wextra -Wno-unused-parameter -fsigned-char -Wold-style-cast -Wimplicit-fallthrough -Wextra-semi -Werror=unused-private-field -MD -MT CMakeFiles/flatc.dir/src/reflection.cpp.o -MF CMakeFiles/flatc.dir/src/reflection.cpp.o.d -o CMakeFiles/flatc.dir/src/reflection.cpp.o -c "/<<PKGBUILDDIR>>/src/reflection.cpp"
[ 15%] Linking CXX shared library libflatbuffers.so
/usr/bin/cmake -E cmake_link_script CMakeFiles/flatbuffers_shared.dir/link.txt --verbose=1
/usr/bin/c++ -fPIC -g -O2 -ffile-prefix-map=/<<PKGBUILDDIR>>=. -fstack-protector-strong -Wformat -Werror=format-security -Wdate-time -D_FORTIFY_SOURCE=2 -Wno-error=date-time -std=c++0x -Wall -pedantic -Werror -Wextra -Wno-unused-parameter -fsigned-char -Wl,-z,relro -Wl,-z,now -shared -Wl,-soname,libflatbuffers.so.1 -o libflatbuffers.so.1.12.0 CMakeFiles/flatbuffers_shared.dir/src/idl_parser.cpp.o CMakeFiles/flatbuffers_shared.dir/src/idl_gen_text.cpp.o CMakeFiles/flatbuffers_shared.dir/src/reflection.cpp.o CMakeFiles/flatbuffers_shared.dir/src/util.cpp.o 
/usr/bin/cmake -E cmake_symlink_library libflatbuffers.so.1.12.0 libflatbuffers.so.1 libflatbuffers.so
make[4]: Leaving directory '/<<PKGBUILDDIR>>/obj-x86_64-linux-gnu'
[ 15%] Built target flatbuffers_shared
[ 16%] Building CXX object CMakeFiles/flatc.dir/src/util.cpp.o
/usr/bin/c++ -DFLATBUFFERS_LOCALE_INDEPENDENT=1 -I"/<<PKGBUILDDIR>>/include" -I"/<<PKGBUILDDIR>>/grpc" -I"/<<PKGBUILDDIR>>/obj-x86_64-linux-gnu/tests" -I"/<<PKGBUILDDIR>>/obj-x86_64-linux-gnu/samples" -g -O2 -ffile-prefix-map=/<<PKGBUILDDIR>>=. -fstack-protector-strong -Wformat -Werror=format-security -Wdate-time -D_FORTIFY_SOURCE=2 -Wno-error=date-time -std=c++0x -Wall -pedantic -Werror -Wextra -Wno-unused-parameter -fsigned-char -Wold-style-cast -Wimplicit-fallthrough -Wextra-semi -Werror=unused-private-field -MD -MT CMakeFiles/flatc.dir/src/util.cpp.o -MF CMakeFiles/flatc.dir/src/util.cpp.o.d -o CMakeFiles/flatc.dir/src/util.cpp.o -c "/<<PKGBUILDDIR>>/src/util.cpp"
[ 17%] Linking CXX static library libflatbuffers.a
/usr/bin/cmake -P CMakeFiles/flatbuffers.dir/cmake_clean_target.cmake
/usr/bin/cmake -E cmake_link_script CMakeFiles/flatbuffers.dir/link.txt --verbose=1
/usr/bin/ar qc libflatbuffers.a CMakeFiles/flatbuffers.dir/src/idl_parser.cpp.o CMakeFiles/flatbuffers.dir/src/idl_gen_text.cpp.o CMakeFiles/flatbuffers.dir/src/reflection.cpp.o CMakeFiles/flatbuffers.dir/src/util.cpp.o
/usr/bin/ranlib libflatbuffers.a
make[4]: Leaving directory '/<<PKGBUILDDIR>>/obj-x86_64-linux-gnu'
[ 17%] Built target flatbuffers
[ 18%] Building CXX object CMakeFiles/flatc.dir/src/idl_gen_cpp.cpp.o
/usr/bin/c++ -DFLATBUFFERS_LOCALE_INDEPENDENT=1 -I"/<<PKGBUILDDIR>>/include" -I"/<<PKGBUILDDIR>>/grpc" -I"/<<PKGBUILDDIR>>/obj-x86_64-linux-gnu/tests" -I"/<<PKGBUILDDIR>>/obj-x86_64-linux-gnu/samples" -g -O2 -ffile-prefix-map=/<<PKGBUILDDIR>>=. -fstack-protector-strong -Wformat -Werror=format-security -Wdate-time -D_FORTIFY_SOURCE=2 -Wno-error=date-time -std=c++0x -Wall -pedantic -Werror -Wextra -Wno-unused-parameter -fsigned-char -Wold-style-cast -Wimplicit-fallthrough -Wextra-semi -Werror=unused-private-field -MD -MT CMakeFiles/flatc.dir/src/idl_gen_cpp.cpp.o -MF CMakeFiles/flatc.dir/src/idl_gen_cpp.cpp.o.d -o CMakeFiles/flatc.dir/src/idl_gen_cpp.cpp.o -c "/<<PKGBUILDDIR>>/src/idl_gen_cpp.cpp"
[ 20%] Building CXX object CMakeFiles/flatc.dir/src/idl_gen_csharp.cpp.o
/usr/bin/c++ -DFLATBUFFERS_LOCALE_INDEPENDENT=1 -I"/<<PKGBUILDDIR>>/include" -I"/<<PKGBUILDDIR>>/grpc" -I"/<<PKGBUILDDIR>>/obj-x86_64-linux-gnu/tests" -I"/<<PKGBUILDDIR>>/obj-x86_64-linux-gnu/samples" -g -O2 -ffile-prefix-map=/<<PKGBUILDDIR>>=. -fstack-protector-strong -Wformat -Werror=format-security -Wdate-time -D_FORTIFY_SOURCE=2 -Wno-error=date-time -std=c++0x -Wall -pedantic -Werror -Wextra -Wno-unused-parameter -fsigned-char -Wold-style-cast -Wimplicit-fallthrough -Wextra-semi -Werror=unused-private-field -MD -MT CMakeFiles/flatc.dir/src/idl_gen_csharp.cpp.o -MF CMakeFiles/flatc.dir/src/idl_gen_csharp.cpp.o.d -o CMakeFiles/flatc.dir/src/idl_gen_csharp.cpp.o -c "/<<PKGBUILDDIR>>/src/idl_gen_csharp.cpp"
[ 21%] Building CXX object CMakeFiles/flatc.dir/src/idl_gen_dart.cpp.o
/usr/bin/c++ -DFLATBUFFERS_LOCALE_INDEPENDENT=1 -I"/<<PKGBUILDDIR>>/include" -I"/<<PKGBUILDDIR>>/grpc" -I"/<<PKGBUILDDIR>>/obj-x86_64-linux-gnu/tests" -I"/<<PKGBUILDDIR>>/obj-x86_64-linux-gnu/samples" -g -O2 -ffile-prefix-map=/<<PKGBUILDDIR>>=. -fstack-protector-strong -Wformat -Werror=format-security -Wdate-time -D_FORTIFY_SOURCE=2 -Wno-error=date-time -std=c++0x -Wall -pedantic -Werror -Wextra -Wno-unused-parameter -fsigned-char -Wold-style-cast -Wimplicit-fallthrough -Wextra-semi -Werror=unused-private-field -MD -MT CMakeFiles/flatc.dir/src/idl_gen_dart.cpp.o -MF CMakeFiles/flatc.dir/src/idl_gen_dart.cpp.o.d -o CMakeFiles/flatc.dir/src/idl_gen_dart.cpp.o -c "/<<PKGBUILDDIR>>/src/idl_gen_dart.cpp"
[ 22%] Building CXX object CMakeFiles/flatc.dir/src/idl_gen_kotlin.cpp.o
/usr/bin/c++ -DFLATBUFFERS_LOCALE_INDEPENDENT=1 -I"/<<PKGBUILDDIR>>/include" -I"/<<PKGBUILDDIR>>/grpc" -I"/<<PKGBUILDDIR>>/obj-x86_64-linux-gnu/tests" -I"/<<PKGBUILDDIR>>/obj-x86_64-linux-gnu/samples" -g -O2 -ffile-prefix-map=/<<PKGBUILDDIR>>=. -fstack-protector-strong -Wformat -Werror=format-security -Wdate-time -D_FORTIFY_SOURCE=2 -Wno-error=date-time -std=c++0x -Wall -pedantic -Werror -Wextra -Wno-unused-parameter -fsigned-char -Wold-style-cast -Wimplicit-fallthrough -Wextra-semi -Werror=unused-private-field -MD -MT CMakeFiles/flatc.dir/src/idl_gen_kotlin.cpp.o -MF CMakeFiles/flatc.dir/src/idl_gen_kotlin.cpp.o.d -o CMakeFiles/flatc.dir/src/idl_gen_kotlin.cpp.o -c "/<<PKGBUILDDIR>>/src/idl_gen_kotlin.cpp"
[ 23%] Building CXX object CMakeFiles/flatc.dir/src/idl_gen_go.cpp.o
/usr/bin/c++ -DFLATBUFFERS_LOCALE_INDEPENDENT=1 -I"/<<PKGBUILDDIR>>/include" -I"/<<PKGBUILDDIR>>/grpc" -I"/<<PKGBUILDDIR>>/obj-x86_64-linux-gnu/tests" -I"/<<PKGBUILDDIR>>/obj-x86_64-linux-gnu/samples" -g -O2 -ffile-prefix-map=/<<PKGBUILDDIR>>=. -fstack-protector-strong -Wformat -Werror=format-security -Wdate-time -D_FORTIFY_SOURCE=2 -Wno-error=date-time -std=c++0x -Wall -pedantic -Werror -Wextra -Wno-unused-parameter -fsigned-char -Wold-style-cast -Wimplicit-fallthrough -Wextra-semi -Werror=unused-private-field -MD -MT CMakeFiles/flatc.dir/src/idl_gen_go.cpp.o -MF CMakeFiles/flatc.dir/src/idl_gen_go.cpp.o.d -o CMakeFiles/flatc.dir/src/idl_gen_go.cpp.o -c "/<<PKGBUILDDIR>>/src/idl_gen_go.cpp"
[ 24%] Building CXX object CMakeFiles/flatc.dir/src/idl_gen_java.cpp.o
/usr/bin/c++ -DFLATBUFFERS_LOCALE_INDEPENDENT=1 -I"/<<PKGBUILDDIR>>/include" -I"/<<PKGBUILDDIR>>/grpc" -I"/<<PKGBUILDDIR>>/obj-x86_64-linux-gnu/tests" -I"/<<PKGBUILDDIR>>/obj-x86_64-linux-gnu/samples" -g -O2 -ffile-prefix-map=/<<PKGBUILDDIR>>=. -fstack-protector-strong -Wformat -Werror=format-security -Wdate-time -D_FORTIFY_SOURCE=2 -Wno-error=date-time -std=c++0x -Wall -pedantic -Werror -Wextra -Wno-unused-parameter -fsigned-char -Wold-style-cast -Wimplicit-fallthrough -Wextra-semi -Werror=unused-private-field -MD -MT CMakeFiles/flatc.dir/src/idl_gen_java.cpp.o -MF CMakeFiles/flatc.dir/src/idl_gen_java.cpp.o.d -o CMakeFiles/flatc.dir/src/idl_gen_java.cpp.o -c "/<<PKGBUILDDIR>>/src/idl_gen_java.cpp"
[ 25%] Building CXX object CMakeFiles/flatc.dir/src/idl_gen_js_ts.cpp.o
/usr/bin/c++ -DFLATBUFFERS_LOCALE_INDEPENDENT=1 -I"/<<PKGBUILDDIR>>/include" -I"/<<PKGBUILDDIR>>/grpc" -I"/<<PKGBUILDDIR>>/obj-x86_64-linux-gnu/tests" -I"/<<PKGBUILDDIR>>/obj-x86_64-linux-gnu/samples" -g -O2 -ffile-prefix-map=/<<PKGBUILDDIR>>=. -fstack-protector-strong -Wformat -Werror=format-security -Wdate-time -D_FORTIFY_SOURCE=2 -Wno-error=date-time -std=c++0x -Wall -pedantic -Werror -Wextra -Wno-unused-parameter -fsigned-char -Wold-style-cast -Wimplicit-fallthrough -Wextra-semi -Werror=unused-private-field -MD -MT CMakeFiles/flatc.dir/src/idl_gen_js_ts.cpp.o -MF CMakeFiles/flatc.dir/src/idl_gen_js_ts.cpp.o.d -o CMakeFiles/flatc.dir/src/idl_gen_js_ts.cpp.o -c "/<<PKGBUILDDIR>>/src/idl_gen_js_ts.cpp"
[ 26%] Building CXX object CMakeFiles/flatc.dir/src/idl_gen_php.cpp.o
/usr/bin/c++ -DFLATBUFFERS_LOCALE_INDEPENDENT=1 -I"/<<PKGBUILDDIR>>/include" -I"/<<PKGBUILDDIR>>/grpc" -I"/<<PKGBUILDDIR>>/obj-x86_64-linux-gnu/tests" -I"/<<PKGBUILDDIR>>/obj-x86_64-linux-gnu/samples" -g -O2 -ffile-prefix-map=/<<PKGBUILDDIR>>=. -fstack-protector-strong -Wformat -Werror=format-security -Wdate-time -D_FORTIFY_SOURCE=2 -Wno-error=date-time -std=c++0x -Wall -pedantic -Werror -Wextra -Wno-unused-parameter -fsigned-char -Wold-style-cast -Wimplicit-fallthrough -Wextra-semi -Werror=unused-private-field -MD -MT CMakeFiles/flatc.dir/src/idl_gen_php.cpp.o -MF CMakeFiles/flatc.dir/src/idl_gen_php.cpp.o.d -o CMakeFiles/flatc.dir/src/idl_gen_php.cpp.o -c "/<<PKGBUILDDIR>>/src/idl_gen_php.cpp"
[ 27%] Building CXX object CMakeFiles/flatc.dir/src/idl_gen_python.cpp.o
/usr/bin/c++ -DFLATBUFFERS_LOCALE_INDEPENDENT=1 -I"/<<PKGBUILDDIR>>/include" -I"/<<PKGBUILDDIR>>/grpc" -I"/<<PKGBUILDDIR>>/obj-x86_64-linux-gnu/tests" -I"/<<PKGBUILDDIR>>/obj-x86_64-linux-gnu/samples" -g -O2 -ffile-prefix-map=/<<PKGBUILDDIR>>=. -fstack-protector-strong -Wformat -Werror=format-security -Wdate-time -D_FORTIFY_SOURCE=2 -Wno-error=date-time -std=c++0x -Wall -pedantic -Werror -Wextra -Wno-unused-parameter -fsigned-char -Wold-style-cast -Wimplicit-fallthrough -Wextra-semi -Werror=unused-private-field -MD -MT CMakeFiles/flatc.dir/src/idl_gen_python.cpp.o -MF CMakeFiles/flatc.dir/src/idl_gen_python.cpp.o.d -o CMakeFiles/flatc.dir/src/idl_gen_python.cpp.o -c "/<<PKGBUILDDIR>>/src/idl_gen_python.cpp"
[ 28%] Building CXX object CMakeFiles/flatc.dir/src/idl_gen_lobster.cpp.o
/usr/bin/c++ -DFLATBUFFERS_LOCALE_INDEPENDENT=1 -I"/<<PKGBUILDDIR>>/include" -I"/<<PKGBUILDDIR>>/grpc" -I"/<<PKGBUILDDIR>>/obj-x86_64-linux-gnu/tests" -I"/<<PKGBUILDDIR>>/obj-x86_64-linux-gnu/samples" -g -O2 -ffile-prefix-map=/<<PKGBUILDDIR>>=. -fstack-protector-strong -Wformat -Werror=format-security -Wdate-time -D_FORTIFY_SOURCE=2 -Wno-error=date-time -std=c++0x -Wall -pedantic -Werror -Wextra -Wno-unused-parameter -fsigned-char -Wold-style-cast -Wimplicit-fallthrough -Wextra-semi -Werror=unused-private-field -MD -MT CMakeFiles/flatc.dir/src/idl_gen_lobster.cpp.o -MF CMakeFiles/flatc.dir/src/idl_gen_lobster.cpp.o.d -o CMakeFiles/flatc.dir/src/idl_gen_lobster.cpp.o -c "/<<PKGBUILDDIR>>/src/idl_gen_lobster.cpp"
[ 30%] Building CXX object CMakeFiles/flatc.dir/src/idl_gen_lua.cpp.o
/usr/bin/c++ -DFLATBUFFERS_LOCALE_INDEPENDENT=1 -I"/<<PKGBUILDDIR>>/include" -I"/<<PKGBUILDDIR>>/grpc" -I"/<<PKGBUILDDIR>>/obj-x86_64-linux-gnu/tests" -I"/<<PKGBUILDDIR>>/obj-x86_64-linux-gnu/samples" -g -O2 -ffile-prefix-map=/<<PKGBUILDDIR>>=. -fstack-protector-strong -Wformat -Werror=format-security -Wdate-time -D_FORTIFY_SOURCE=2 -Wno-error=date-time -std=c++0x -Wall -pedantic -Werror -Wextra -Wno-unused-parameter -fsigned-char -Wold-style-cast -Wimplicit-fallthrough -Wextra-semi -Werror=unused-private-field -MD -MT CMakeFiles/flatc.dir/src/idl_gen_lua.cpp.o -MF CMakeFiles/flatc.dir/src/idl_gen_lua.cpp.o.d -o CMakeFiles/flatc.dir/src/idl_gen_lua.cpp.o -c "/<<PKGBUILDDIR>>/src/idl_gen_lua.cpp"
[ 31%] Building CXX object CMakeFiles/flatc.dir/src/idl_gen_rust.cpp.o
/usr/bin/c++ -DFLATBUFFERS_LOCALE_INDEPENDENT=1 -I"/<<PKGBUILDDIR>>/include" -I"/<<PKGBUILDDIR>>/grpc" -I"/<<PKGBUILDDIR>>/obj-x86_64-linux-gnu/tests" -I"/<<PKGBUILDDIR>>/obj-x86_64-linux-gnu/samples" -g -O2 -ffile-prefix-map=/<<PKGBUILDDIR>>=. -fstack-protector-strong -Wformat -Werror=format-security -Wdate-time -D_FORTIFY_SOURCE=2 -Wno-error=date-time -std=c++0x -Wall -pedantic -Werror -Wextra -Wno-unused-parameter -fsigned-char -Wold-style-cast -Wimplicit-fallthrough -Wextra-semi -Werror=unused-private-field -MD -MT CMakeFiles/flatc.dir/src/idl_gen_rust.cpp.o -MF CMakeFiles/flatc.dir/src/idl_gen_rust.cpp.o.d -o CMakeFiles/flatc.dir/src/idl_gen_rust.cpp.o -c "/<<PKGBUILDDIR>>/src/idl_gen_rust.cpp"
[ 32%] Building CXX object CMakeFiles/flatc.dir/src/idl_gen_fbs.cpp.o
/usr/bin/c++ -DFLATBUFFERS_LOCALE_INDEPENDENT=1 -I"/<<PKGBUILDDIR>>/include" -I"/<<PKGBUILDDIR>>/grpc" -I"/<<PKGBUILDDIR>>/obj-x86_64-linux-gnu/tests" -I"/<<PKGBUILDDIR>>/obj-x86_64-linux-gnu/samples" -g -O2 -ffile-prefix-map=/<<PKGBUILDDIR>>=. -fstack-protector-strong -Wformat -Werror=format-security -Wdate-time -D_FORTIFY_SOURCE=2 -Wno-error=date-time -std=c++0x -Wall -pedantic -Werror -Wextra -Wno-unused-parameter -fsigned-char -Wold-style-cast -Wimplicit-fallthrough -Wextra-semi -Werror=unused-private-field -MD -MT CMakeFiles/flatc.dir/src/idl_gen_fbs.cpp.o -MF CMakeFiles/flatc.dir/src/idl_gen_fbs.cpp.o.d -o CMakeFiles/flatc.dir/src/idl_gen_fbs.cpp.o -c "/<<PKGBUILDDIR>>/src/idl_gen_fbs.cpp"
[ 33%] Building CXX object CMakeFiles/flatc.dir/src/idl_gen_grpc.cpp.o
/usr/bin/c++ -DFLATBUFFERS_LOCALE_INDEPENDENT=1 -I"/<<PKGBUILDDIR>>/include" -I"/<<PKGBUILDDIR>>/grpc" -I"/<<PKGBUILDDIR>>/obj-x86_64-linux-gnu/tests" -I"/<<PKGBUILDDIR>>/obj-x86_64-linux-gnu/samples" -g -O2 -ffile-prefix-map=/<<PKGBUILDDIR>>=. -fstack-protector-strong -Wformat -Werror=format-security -Wdate-time -D_FORTIFY_SOURCE=2 -Wno-error=date-time -std=c++0x -Wall -pedantic -Werror -Wextra -Wno-unused-parameter -fsigned-char -Wold-style-cast -Wimplicit-fallthrough -Wextra-semi -Werror=unused-private-field -MD -MT CMakeFiles/flatc.dir/src/idl_gen_grpc.cpp.o -MF CMakeFiles/flatc.dir/src/idl_gen_grpc.cpp.o.d -o CMakeFiles/flatc.dir/src/idl_gen_grpc.cpp.o -c "/<<PKGBUILDDIR>>/src/idl_gen_grpc.cpp"
[ 34%] Building CXX object CMakeFiles/flatc.dir/src/idl_gen_json_schema.cpp.o
/usr/bin/c++ -DFLATBUFFERS_LOCALE_INDEPENDENT=1 -I"/<<PKGBUILDDIR>>/include" -I"/<<PKGBUILDDIR>>/grpc" -I"/<<PKGBUILDDIR>>/obj-x86_64-linux-gnu/tests" -I"/<<PKGBUILDDIR>>/obj-x86_64-linux-gnu/samples" -g -O2 -ffile-prefix-map=/<<PKGBUILDDIR>>=. -fstack-protector-strong -Wformat -Werror=format-security -Wdate-time -D_FORTIFY_SOURCE=2 -Wno-error=date-time -std=c++0x -Wall -pedantic -Werror -Wextra -Wno-unused-parameter -fsigned-char -Wold-style-cast -Wimplicit-fallthrough -Wextra-semi -Werror=unused-private-field -MD -MT CMakeFiles/flatc.dir/src/idl_gen_json_schema.cpp.o -MF CMakeFiles/flatc.dir/src/idl_gen_json_schema.cpp.o.d -o CMakeFiles/flatc.dir/src/idl_gen_json_schema.cpp.o -c "/<<PKGBUILDDIR>>/src/idl_gen_json_schema.cpp"
[ 35%] Building CXX object CMakeFiles/flatc.dir/src/idl_gen_swift.cpp.o
/usr/bin/c++ -DFLATBUFFERS_LOCALE_INDEPENDENT=1 -I"/<<PKGBUILDDIR>>/include" -I"/<<PKGBUILDDIR>>/grpc" -I"/<<PKGBUILDDIR>>/obj-x86_64-linux-gnu/tests" -I"/<<PKGBUILDDIR>>/obj-x86_64-linux-gnu/samples" -g -O2 -ffile-prefix-map=/<<PKGBUILDDIR>>=. -fstack-protector-strong -Wformat -Werror=format-security -Wdate-time -D_FORTIFY_SOURCE=2 -Wno-error=date-time -std=c++0x -Wall -pedantic -Werror -Wextra -Wno-unused-parameter -fsigned-char -Wold-style-cast -Wimplicit-fallthrough -Wextra-semi -Werror=unused-private-field -MD -MT CMakeFiles/flatc.dir/src/idl_gen_swift.cpp.o -MF CMakeFiles/flatc.dir/src/idl_gen_swift.cpp.o.d -o CMakeFiles/flatc.dir/src/idl_gen_swift.cpp.o -c "/<<PKGBUILDDIR>>/src/idl_gen_swift.cpp"
[ 36%] Building CXX object CMakeFiles/flatc.dir/src/flatc.cpp.o
/usr/bin/c++ -DFLATBUFFERS_LOCALE_INDEPENDENT=1 -I"/<<PKGBUILDDIR>>/include" -I"/<<PKGBUILDDIR>>/grpc" -I"/<<PKGBUILDDIR>>/obj-x86_64-linux-gnu/tests" -I"/<<PKGBUILDDIR>>/obj-x86_64-linux-gnu/samples" -g -O2 -ffile-prefix-map=/<<PKGBUILDDIR>>=. -fstack-protector-strong -Wformat -Werror=format-security -Wdate-time -D_FORTIFY_SOURCE=2 -Wno-error=date-time -std=c++0x -Wall -pedantic -Werror -Wextra -Wno-unused-parameter -fsigned-char -Wold-style-cast -Wimplicit-fallthrough -Wextra-semi -Werror=unused-private-field -MD -MT CMakeFiles/flatc.dir/src/flatc.cpp.o -MF CMakeFiles/flatc.dir/src/flatc.cpp.o.d -o CMakeFiles/flatc.dir/src/flatc.cpp.o -c "/<<PKGBUILDDIR>>/src/flatc.cpp"
[ 37%] Building CXX object CMakeFiles/flatc.dir/src/flatc_main.cpp.o
/usr/bin/c++ -DFLATBUFFERS_LOCALE_INDEPENDENT=1 -I"/<<PKGBUILDDIR>>/include" -I"/<<PKGBUILDDIR>>/grpc" -I"/<<PKGBUILDDIR>>/obj-x86_64-linux-gnu/tests" -I"/<<PKGBUILDDIR>>/obj-x86_64-linux-gnu/samples" -g -O2 -ffile-prefix-map=/<<PKGBUILDDIR>>=. -fstack-protector-strong -Wformat -Werror=format-security -Wdate-time -D_FORTIFY_SOURCE=2 -Wno-error=date-time -std=c++0x -Wall -pedantic -Werror -Wextra -Wno-unused-parameter -fsigned-char -Wold-style-cast -Wimplicit-fallthrough -Wextra-semi -Werror=unused-private-field -MD -MT CMakeFiles/flatc.dir/src/flatc_main.cpp.o -MF CMakeFiles/flatc.dir/src/flatc_main.cpp.o.d -o CMakeFiles/flatc.dir/src/flatc_main.cpp.o -c "/<<PKGBUILDDIR>>/src/flatc_main.cpp"
[ 38%] Building CXX object CMakeFiles/flatc.dir/src/code_generators.cpp.o
/usr/bin/c++ -DFLATBUFFERS_LOCALE_INDEPENDENT=1 -I"/<<PKGBUILDDIR>>/include" -I"/<<PKGBUILDDIR>>/grpc" -I"/<<PKGBUILDDIR>>/obj-x86_64-linux-gnu/tests" -I"/<<PKGBUILDDIR>>/obj-x86_64-linux-gnu/samples" -g -O2 -ffile-prefix-map=/<<PKGBUILDDIR>>=. -fstack-protector-strong -Wformat -Werror=format-security -Wdate-time -D_FORTIFY_SOURCE=2 -Wno-error=date-time -std=c++0x -Wall -pedantic -Werror -Wextra -Wno-unused-parameter -fsigned-char -Wold-style-cast -Wimplicit-fallthrough -Wextra-semi -Werror=unused-private-field -MD -MT CMakeFiles/flatc.dir/src/code_generators.cpp.o -MF CMakeFiles/flatc.dir/src/code_generators.cpp.o.d -o CMakeFiles/flatc.dir/src/code_generators.cpp.o -c "/<<PKGBUILDDIR>>/src/code_generators.cpp"
[ 40%] Building CXX object CMakeFiles/flatc.dir/grpc/src/compiler/cpp_generator.cc.o
/usr/bin/c++ -DFLATBUFFERS_LOCALE_INDEPENDENT=1 -I"/<<PKGBUILDDIR>>/include" -I"/<<PKGBUILDDIR>>/grpc" -I"/<<PKGBUILDDIR>>/obj-x86_64-linux-gnu/tests" -I"/<<PKGBUILDDIR>>/obj-x86_64-linux-gnu/samples" -g -O2 -ffile-prefix-map=/<<PKGBUILDDIR>>=. -fstack-protector-strong -Wformat -Werror=format-security -Wdate-time -D_FORTIFY_SOURCE=2 -Wno-error=date-time -std=c++0x -Wall -pedantic -Werror -Wextra -Wno-unused-parameter -fsigned-char -Wold-style-cast -Wimplicit-fallthrough -Wextra-semi -Werror=unused-private-field -MD -MT CMakeFiles/flatc.dir/grpc/src/compiler/cpp_generator.cc.o -MF CMakeFiles/flatc.dir/grpc/src/compiler/cpp_generator.cc.o.d -o CMakeFiles/flatc.dir/grpc/src/compiler/cpp_generator.cc.o -c "/<<PKGBUILDDIR>>/grpc/src/compiler/cpp_generator.cc"
[ 41%] Building CXX object CMakeFiles/flatc.dir/grpc/src/compiler/go_generator.cc.o
/usr/bin/c++ -DFLATBUFFERS_LOCALE_INDEPENDENT=1 -I"/<<PKGBUILDDIR>>/include" -I"/<<PKGBUILDDIR>>/grpc" -I"/<<PKGBUILDDIR>>/obj-x86_64-linux-gnu/tests" -I"/<<PKGBUILDDIR>>/obj-x86_64-linux-gnu/samples" -g -O2 -ffile-prefix-map=/<<PKGBUILDDIR>>=. -fstack-protector-strong -Wformat -Werror=format-security -Wdate-time -D_FORTIFY_SOURCE=2 -Wno-error=date-time -std=c++0x -Wall -pedantic -Werror -Wextra -Wno-unused-parameter -fsigned-char -Wold-style-cast -Wimplicit-fallthrough -Wextra-semi -Werror=unused-private-field -MD -MT CMakeFiles/flatc.dir/grpc/src/compiler/go_generator.cc.o -MF CMakeFiles/flatc.dir/grpc/src/compiler/go_generator.cc.o.d -o CMakeFiles/flatc.dir/grpc/src/compiler/go_generator.cc.o -c "/<<PKGBUILDDIR>>/grpc/src/compiler/go_generator.cc"
[ 42%] Building CXX object CMakeFiles/flatc.dir/grpc/src/compiler/java_generator.cc.o
/usr/bin/c++ -DFLATBUFFERS_LOCALE_INDEPENDENT=1 -I"/<<PKGBUILDDIR>>/include" -I"/<<PKGBUILDDIR>>/grpc" -I"/<<PKGBUILDDIR>>/obj-x86_64-linux-gnu/tests" -I"/<<PKGBUILDDIR>>/obj-x86_64-linux-gnu/samples" -g -O2 -ffile-prefix-map=/<<PKGBUILDDIR>>=. -fstack-protector-strong -Wformat -Werror=format-security -Wdate-time -D_FORTIFY_SOURCE=2 -Wno-error=date-time -std=c++0x -Wall -pedantic -Werror -Wextra -Wno-unused-parameter -fsigned-char -Wold-style-cast -Wimplicit-fallthrough -Wextra-semi -Werror=unused-private-field -MD -MT CMakeFiles/flatc.dir/grpc/src/compiler/java_generator.cc.o -MF CMakeFiles/flatc.dir/grpc/src/compiler/java_generator.cc.o.d -o CMakeFiles/flatc.dir/grpc/src/compiler/java_generator.cc.o -c "/<<PKGBUILDDIR>>/grpc/src/compiler/java_generator.cc"
[ 43%] Building CXX object CMakeFiles/flatc.dir/grpc/src/compiler/python_generator.cc.o
/usr/bin/c++ -DFLATBUFFERS_LOCALE_INDEPENDENT=1 -I"/<<PKGBUILDDIR>>/include" -I"/<<PKGBUILDDIR>>/grpc" -I"/<<PKGBUILDDIR>>/obj-x86_64-linux-gnu/tests" -I"/<<PKGBUILDDIR>>/obj-x86_64-linux-gnu/samples" -g -O2 -ffile-prefix-map=/<<PKGBUILDDIR>>=. -fstack-protector-strong -Wformat -Werror=format-security -Wdate-time -D_FORTIFY_SOURCE=2 -Wno-error=date-time -std=c++0x -Wall -pedantic -Werror -Wextra -Wno-unused-parameter -fsigned-char -Wold-style-cast -Wimplicit-fallthrough -Wextra-semi -Werror=unused-private-field -MD -MT CMakeFiles/flatc.dir/grpc/src/compiler/python_generator.cc.o -MF CMakeFiles/flatc.dir/grpc/src/compiler/python_generator.cc.o.d -o CMakeFiles/flatc.dir/grpc/src/compiler/python_generator.cc.o -c "/<<PKGBUILDDIR>>/grpc/src/compiler/python_generator.cc"
[ 44%] Building CXX object CMakeFiles/flatc.dir/grpc/src/compiler/swift_generator.cc.o
/usr/bin/c++ -DFLATBUFFERS_LOCALE_INDEPENDENT=1 -I"/<<PKGBUILDDIR>>/include" -I"/<<PKGBUILDDIR>>/grpc" -I"/<<PKGBUILDDIR>>/obj-x86_64-linux-gnu/tests" -I"/<<PKGBUILDDIR>>/obj-x86_64-linux-gnu/samples" -g -O2 -ffile-prefix-map=/<<PKGBUILDDIR>>=. -fstack-protector-strong -Wformat -Werror=format-security -Wdate-time -D_FORTIFY_SOURCE=2 -Wno-error=date-time -std=c++0x -Wall -pedantic -Werror -Wextra -Wno-unused-parameter -fsigned-char -Wold-style-cast -Wimplicit-fallthrough -Wextra-semi -Werror=unused-private-field -MD -MT CMakeFiles/flatc.dir/grpc/src/compiler/swift_generator.cc.o -MF CMakeFiles/flatc.dir/grpc/src/compiler/swift_generator.cc.o.d -o CMakeFiles/flatc.dir/grpc/src/compiler/swift_generator.cc.o -c "/<<PKGBUILDDIR>>/grpc/src/compiler/swift_generator.cc"
[ 45%] Linking CXX executable flatc
/usr/bin/cmake -E cmake_link_script CMakeFiles/flatc.dir/link.txt --verbose=1
/usr/bin/c++ -g -O2 -ffile-prefix-map=/<<PKGBUILDDIR>>=. -fstack-protector-strong -Wformat -Werror=format-security -Wdate-time -D_FORTIFY_SOURCE=2 -Wno-error=date-time -std=c++0x -Wall -pedantic -Werror -Wextra -Wno-unused-parameter -fsigned-char -Wl,-z,relro -Wl,-z,now -rdynamic CMakeFiles/flatc.dir/src/idl_parser.cpp.o CMakeFiles/flatc.dir/src/idl_gen_text.cpp.o CMakeFiles/flatc.dir/src/reflection.cpp.o CMakeFiles/flatc.dir/src/util.cpp.o CMakeFiles/flatc.dir/src/idl_gen_cpp.cpp.o CMakeFiles/flatc.dir/src/idl_gen_csharp.cpp.o CMakeFiles/flatc.dir/src/idl_gen_dart.cpp.o CMakeFiles/flatc.dir/src/idl_gen_kotlin.cpp.o CMakeFiles/flatc.dir/src/idl_gen_go.cpp.o CMakeFiles/flatc.dir/src/idl_gen_java.cpp.o CMakeFiles/flatc.dir/src/idl_gen_js_ts.cpp.o CMakeFiles/flatc.dir/src/idl_gen_php.cpp.o CMakeFiles/flatc.dir/src/idl_gen_python.cpp.o CMakeFiles/flatc.dir/src/idl_gen_lobster.cpp.o CMakeFiles/flatc.dir/src/idl_gen_lua.cpp.o CMakeFiles/flatc.dir/src/idl_gen_rust.cpp.o CMakeFiles/flatc.dir/src/idl_gen_fbs.cpp.o CMakeFiles/flatc.dir/src/idl_gen_grpc.cpp.o CMakeFiles/flatc.dir/src/idl_gen_json_schema.cpp.o CMakeFiles/flatc.dir/src/idl_gen_swift.cpp.o CMakeFiles/flatc.dir/src/flatc.cpp.o CMakeFiles/flatc.dir/src/flatc_main.cpp.o CMakeFiles/flatc.dir/src/code_generators.cpp.o CMakeFiles/flatc.dir/grpc/src/compiler/cpp_generator.cc.o CMakeFiles/flatc.dir/grpc/src/compiler/go_generator.cc.o CMakeFiles/flatc.dir/grpc/src/compiler/java_generator.cc.o CMakeFiles/flatc.dir/grpc/src/compiler/python_generator.cc.o CMakeFiles/flatc.dir/grpc/src/compiler/swift_generator.cc.o -o flatc 
make[4]: Leaving directory '/<<PKGBUILDDIR>>/obj-x86_64-linux-gnu'
[ 45%] Built target flatc
make  -f CMakeFiles/generated_code.dir/build.make CMakeFiles/generated_code.dir/depend
make[4]: Entering directory '/<<PKGBUILDDIR>>/obj-x86_64-linux-gnu'
cd "/<<PKGBUILDDIR>>/obj-x86_64-linux-gnu" && /usr/bin/cmake -E cmake_depends "Unix Makefiles" "/<<PKGBUILDDIR>>" "/<<PKGBUILDDIR>>" "/<<PKGBUILDDIR>>/obj-x86_64-linux-gnu" "/<<PKGBUILDDIR>>/obj-x86_64-linux-gnu" "/<<PKGBUILDDIR>>/obj-x86_64-linux-gnu/CMakeFiles/generated_code.dir/DependInfo.cmake" --color=
make[4]: Leaving directory '/<<PKGBUILDDIR>>/obj-x86_64-linux-gnu'
make  -f CMakeFiles/generated_code.dir/build.make CMakeFiles/generated_code.dir/build
make[4]: Entering directory '/<<PKGBUILDDIR>>/obj-x86_64-linux-gnu'
[ 46%] Run generation: 'tests/namespace_test/namespace_test1_generated.h'
./flatc --cpp --gen-mutable --gen-object-api --reflect-names --cpp-ptr-type flatbuffers::unique_ptr --no-includes --gen-compare -I /<<PKGBUILDDIR>>/tests/include_test -o tests/namespace_test /<<PKGBUILDDIR>>/tests/namespace_test/namespace_test1.fbs
[ 48%] Run generation: 'tests/monster_test_generated.h'
[ 48%] Run generation: 'tests/namespace_test/namespace_test2_generated.h'
./flatc --cpp --gen-mutable --gen-object-api --reflect-names --cpp-ptr-type flatbuffers::unique_ptr --no-includes --gen-compare -I /<<PKGBUILDDIR>>/tests/include_test -o tests /<<PKGBUILDDIR>>/tests/monster_test.fbs
./flatc --cpp --gen-mutable --gen-object-api --reflect-names --cpp-ptr-type flatbuffers::unique_ptr --no-includes --gen-compare -I /<<PKGBUILDDIR>>/tests/include_test -o tests/namespace_test /<<PKGBUILDDIR>>/tests/namespace_test/namespace_test2.fbs
[ 50%] Run generation: 'tests/union_vector/union_vector_generated.h'
./flatc --cpp --gen-mutable --gen-object-api --reflect-names --cpp-ptr-type flatbuffers::unique_ptr --no-includes --gen-compare -I /<<PKGBUILDDIR>>/tests/include_test -o tests/union_vector /<<PKGBUILDDIR>>/tests/union_vector/union_vector.fbs
[ 51%] Run generation: 'tests/native_type_test_generated.h'
[ 52%] Run generation: 'tests/arrays_test_generated.h'
./flatc --cpp --gen-mutable --gen-object-api --reflect-names --cpp-ptr-type flatbuffers::unique_ptr -I /<<PKGBUILDDIR>>/tests/include_test -o tests /<<PKGBUILDDIR>>/tests/native_type_test.fbs
./flatc --cpp --gen-mutable --gen-object-api --reflect-names --cpp-ptr-type flatbuffers::unique_ptr --scoped-enums --gen-compare -I /<<PKGBUILDDIR>>/tests/include_test -o tests /<<PKGBUILDDIR>>/tests/arrays_test.fbs
[ 53%] Run generation: 'tests/monster_test_bfbs_generated.h'
[ 54%] Run generation: 'tests/monster_extra_generated.h'
./flatc --cpp --gen-mutable --gen-object-api --reflect-names --cpp-ptr-type flatbuffers::unique_ptr --no-includes --gen-compare --bfbs-comments --bfbs-builtins --bfbs-gen-embed -I /<<PKGBUILDDIR>>/tests/include_test -o tests /<<PKGBUILDDIR>>/tests/monster_test.fbs
./flatc --cpp --gen-mutable --gen-object-api --reflect-names --cpp-ptr-type flatbuffers::unique_ptr --no-includes --gen-compare -I /<<PKGBUILDDIR>>/tests/include_test -o tests /<<PKGBUILDDIR>>/tests/monster_extra.fbs
[ 55%] Run generation: 'samples/monster_generated.h'
[ 56%] Run generation: 'samples/monster.bfbs'
./flatc --cpp --gen-mutable --gen-object-api --reflect-names --cpp-ptr-type flatbuffers::unique_ptr --no-includes --gen-compare -I /<<PKGBUILDDIR>>/tests/include_test -o samples /<<PKGBUILDDIR>>/samples/monster.fbs
./flatc -b --schema --bfbs-comments --bfbs-builtins -I /<<PKGBUILDDIR>>/tests/include_test -o samples /<<PKGBUILDDIR>>/samples/monster.fbs
[ 57%] Run generation: 'tests/arrays_test.bfbs'
./flatc -b --schema --bfbs-comments --bfbs-builtins -I /<<PKGBUILDDIR>>/tests/include_test -o tests /<<PKGBUILDDIR>>/tests/arrays_test.fbs
[ 58%] Run generation: 'tests/monster_test.bfbs'
./flatc -b --schema --bfbs-comments --bfbs-builtins -I /<<PKGBUILDDIR>>/tests/include_test -o tests /<<PKGBUILDDIR>>/tests/monster_test.fbs
[ 60%] All generated files were updated.
make[4]: Leaving directory '/<<PKGBUILDDIR>>/obj-x86_64-linux-gnu'
[ 60%] Built target generated_code
make  -f CMakeFiles/flatsamplebfbs.dir/build.make CMakeFiles/flatsamplebfbs.dir/depend
make  -f CMakeFiles/flatsampletext.dir/build.make CMakeFiles/flatsampletext.dir/depend
make  -f CMakeFiles/flattests.dir/build.make CMakeFiles/flattests.dir/depend
make  -f CMakeFiles/flatsamplebinary.dir/build.make CMakeFiles/flatsamplebinary.dir/depend
make[4]: Entering directory '/<<PKGBUILDDIR>>/obj-x86_64-linux-gnu'
cd "/<<PKGBUILDDIR>>/obj-x86_64-linux-gnu" && /usr/bin/cmake -E cmake_depends "Unix Makefiles" "/<<PKGBUILDDIR>>" "/<<PKGBUILDDIR>>" "/<<PKGBUILDDIR>>/obj-x86_64-linux-gnu" "/<<PKGBUILDDIR>>/obj-x86_64-linux-gnu" "/<<PKGBUILDDIR>>/obj-x86_64-linux-gnu/CMakeFiles/flatsamplebfbs.dir/DependInfo.cmake" --color=
make[4]: Entering directory '/<<PKGBUILDDIR>>/obj-x86_64-linux-gnu'
cd "/<<PKGBUILDDIR>>/obj-x86_64-linux-gnu" && /usr/bin/cmake -E cmake_depends "Unix Makefiles" "/<<PKGBUILDDIR>>" "/<<PKGBUILDDIR>>" "/<<PKGBUILDDIR>>/obj-x86_64-linux-gnu" "/<<PKGBUILDDIR>>/obj-x86_64-linux-gnu" "/<<PKGBUILDDIR>>/obj-x86_64-linux-gnu/CMakeFiles/flatsampletext.dir/DependInfo.cmake" --color=
make[4]: Entering directory '/<<PKGBUILDDIR>>/obj-x86_64-linux-gnu'
cd "/<<PKGBUILDDIR>>/obj-x86_64-linux-gnu" && /usr/bin/cmake -E cmake_depends "Unix Makefiles" "/<<PKGBUILDDIR>>" "/<<PKGBUILDDIR>>" "/<<PKGBUILDDIR>>/obj-x86_64-linux-gnu" "/<<PKGBUILDDIR>>/obj-x86_64-linux-gnu" "/<<PKGBUILDDIR>>/obj-x86_64-linux-gnu/CMakeFiles/flattests.dir/DependInfo.cmake" --color=
make[4]: Entering directory '/<<PKGBUILDDIR>>/obj-x86_64-linux-gnu'
cd "/<<PKGBUILDDIR>>/obj-x86_64-linux-gnu" && /usr/bin/cmake -E cmake_depends "Unix Makefiles" "/<<PKGBUILDDIR>>" "/<<PKGBUILDDIR>>" "/<<PKGBUILDDIR>>/obj-x86_64-linux-gnu" "/<<PKGBUILDDIR>>/obj-x86_64-linux-gnu" "/<<PKGBUILDDIR>>/obj-x86_64-linux-gnu/CMakeFiles/flatsamplebinary.dir/DependInfo.cmake" --color=
make[4]: Leaving directory '/<<PKGBUILDDIR>>/obj-x86_64-linux-gnu'
make  -f CMakeFiles/flatsamplebfbs.dir/build.make CMakeFiles/flatsamplebfbs.dir/build
make[4]: Leaving directory '/<<PKGBUILDDIR>>/obj-x86_64-linux-gnu'
make[4]: Leaving directory '/<<PKGBUILDDIR>>/obj-x86_64-linux-gnu'
make  -f CMakeFiles/flatsampletext.dir/build.make CMakeFiles/flatsampletext.dir/build
make[4]: Leaving directory '/<<PKGBUILDDIR>>/obj-x86_64-linux-gnu'
make  -f CMakeFiles/flattests.dir/build.make CMakeFiles/flattests.dir/build
make  -f CMakeFiles/flatsamplebinary.dir/build.make CMakeFiles/flatsamplebinary.dir/build
make[4]: Entering directory '/<<PKGBUILDDIR>>/obj-x86_64-linux-gnu'
make[4]: Entering directory '/<<PKGBUILDDIR>>/obj-x86_64-linux-gnu'
make[4]: Entering directory '/<<PKGBUILDDIR>>/obj-x86_64-linux-gnu'
make[4]: Entering directory '/<<PKGBUILDDIR>>/obj-x86_64-linux-gnu'
[ 61%] Building CXX object CMakeFiles/flatsamplebfbs.dir/src/idl_parser.cpp.o
[ 62%] Building CXX object CMakeFiles/flatsampletext.dir/src/idl_parser.cpp.o
/usr/bin/c++ -DFLATBUFFERS_LOCALE_INDEPENDENT=1 -I"/<<PKGBUILDDIR>>/include" -I"/<<PKGBUILDDIR>>/grpc" -I"/<<PKGBUILDDIR>>/obj-x86_64-linux-gnu/tests" -I"/<<PKGBUILDDIR>>/obj-x86_64-linux-gnu/samples" -g -O2 -ffile-prefix-map=/<<PKGBUILDDIR>>=. -fstack-protector-strong -Wformat -Werror=format-security -Wdate-time -D_FORTIFY_SOURCE=2 -Wno-error=date-time -std=c++0x -Wall -pedantic -Werror -Wextra -Wno-unused-parameter -fsigned-char -MD -MT CMakeFiles/flatsampletext.dir/src/idl_parser.cpp.o -MF CMakeFiles/flatsampletext.dir/src/idl_parser.cpp.o.d -o CMakeFiles/flatsampletext.dir/src/idl_parser.cpp.o -c "/<<PKGBUILDDIR>>/src/idl_parser.cpp"
/usr/bin/c++ -DFLATBUFFERS_LOCALE_INDEPENDENT=1 -I"/<<PKGBUILDDIR>>/include" -I"/<<PKGBUILDDIR>>/grpc" -I"/<<PKGBUILDDIR>>/obj-x86_64-linux-gnu/tests" -I"/<<PKGBUILDDIR>>/obj-x86_64-linux-gnu/samples" -g -O2 -ffile-prefix-map=/<<PKGBUILDDIR>>=. -fstack-protector-strong -Wformat -Werror=format-security -Wdate-time -D_FORTIFY_SOURCE=2 -Wno-error=date-time -std=c++0x -Wall -pedantic -Werror -Wextra -Wno-unused-parameter -fsigned-char -MD -MT CMakeFiles/flatsamplebfbs.dir/src/idl_parser.cpp.o -MF CMakeFiles/flatsamplebfbs.dir/src/idl_parser.cpp.o.d -o CMakeFiles/flatsamplebfbs.dir/src/idl_parser.cpp.o -c "/<<PKGBUILDDIR>>/src/idl_parser.cpp"
[ 63%] Building CXX object CMakeFiles/flattests.dir/src/idl_parser.cpp.o
/usr/bin/c++ -DFLATBUFFERS_DEBUG_VERIFICATION_FAILURE=1 -DFLATBUFFERS_LOCALE_INDEPENDENT=1 -DFLATBUFFERS_TRACK_VERIFIER_BUFFER_SIZE -I"/<<PKGBUILDDIR>>/include" -I"/<<PKGBUILDDIR>>/grpc" -I"/<<PKGBUILDDIR>>/obj-x86_64-linux-gnu/tests" -I"/<<PKGBUILDDIR>>/obj-x86_64-linux-gnu/samples" -g -O2 -ffile-prefix-map=/<<PKGBUILDDIR>>=. -fstack-protector-strong -Wformat -Werror=format-security -Wdate-time -D_FORTIFY_SOURCE=2 -Wno-error=date-time -std=c++0x -Wall -pedantic -Werror -Wextra -Wno-unused-parameter -fsigned-char -MD -MT CMakeFiles/flattests.dir/src/idl_parser.cpp.o -MF CMakeFiles/flattests.dir/src/idl_parser.cpp.o.d -o CMakeFiles/flattests.dir/src/idl_parser.cpp.o -c "/<<PKGBUILDDIR>>/src/idl_parser.cpp"
[ 64%] Building CXX object CMakeFiles/flatsamplebinary.dir/samples/sample_binary.cpp.o
/usr/bin/c++ -DFLATBUFFERS_LOCALE_INDEPENDENT=1 -I"/<<PKGBUILDDIR>>/include" -I"/<<PKGBUILDDIR>>/grpc" -I"/<<PKGBUILDDIR>>/obj-x86_64-linux-gnu/tests" -I"/<<PKGBUILDDIR>>/obj-x86_64-linux-gnu/samples" -g -O2 -ffile-prefix-map=/<<PKGBUILDDIR>>=. -fstack-protector-strong -Wformat -Werror=format-security -Wdate-time -D_FORTIFY_SOURCE=2 -Wno-error=date-time -std=c++0x -Wall -pedantic -Werror -Wextra -Wno-unused-parameter -fsigned-char -MD -MT CMakeFiles/flatsamplebinary.dir/samples/sample_binary.cpp.o -MF CMakeFiles/flatsamplebinary.dir/samples/sample_binary.cpp.o.d -o CMakeFiles/flatsamplebinary.dir/samples/sample_binary.cpp.o -c "/<<PKGBUILDDIR>>/samples/sample_binary.cpp"
[ 65%] Linking CXX executable flatsamplebinary
/usr/bin/cmake -E cmake_link_script CMakeFiles/flatsamplebinary.dir/link.txt --verbose=1
/usr/bin/c++ -g -O2 -ffile-prefix-map=/<<PKGBUILDDIR>>=. -fstack-protector-strong -Wformat -Werror=format-security -Wdate-time -D_FORTIFY_SOURCE=2 -Wno-error=date-time -std=c++0x -Wall -pedantic -Werror -Wextra -Wno-unused-parameter -fsigned-char -Wl,-z,relro -Wl,-z,now -rdynamic CMakeFiles/flatsamplebinary.dir/samples/sample_binary.cpp.o -o flatsamplebinary 
make[4]: Leaving directory '/<<PKGBUILDDIR>>/obj-x86_64-linux-gnu'
[ 66%] Built target flatsamplebinary
[ 67%] Building CXX object CMakeFiles/flatsampletext.dir/src/idl_gen_text.cpp.o
/usr/bin/c++ -DFLATBUFFERS_LOCALE_INDEPENDENT=1 -I"/<<PKGBUILDDIR>>/include" -I"/<<PKGBUILDDIR>>/grpc" -I"/<<PKGBUILDDIR>>/obj-x86_64-linux-gnu/tests" -I"/<<PKGBUILDDIR>>/obj-x86_64-linux-gnu/samples" -g -O2 -ffile-prefix-map=/<<PKGBUILDDIR>>=. -fstack-protector-strong -Wformat -Werror=format-security -Wdate-time -D_FORTIFY_SOURCE=2 -Wno-error=date-time -std=c++0x -Wall -pedantic -Werror -Wextra -Wno-unused-parameter -fsigned-char -MD -MT CMakeFiles/flatsampletext.dir/src/idl_gen_text.cpp.o -MF CMakeFiles/flatsampletext.dir/src/idl_gen_text.cpp.o.d -o CMakeFiles/flatsampletext.dir/src/idl_gen_text.cpp.o -c "/<<PKGBUILDDIR>>/src/idl_gen_text.cpp"
[ 68%] Building CXX object CMakeFiles/flatsampletext.dir/src/reflection.cpp.o
/usr/bin/c++ -DFLATBUFFERS_LOCALE_INDEPENDENT=1 -I"/<<PKGBUILDDIR>>/include" -I"/<<PKGBUILDDIR>>/grpc" -I"/<<PKGBUILDDIR>>/obj-x86_64-linux-gnu/tests" -I"/<<PKGBUILDDIR>>/obj-x86_64-linux-gnu/samples" -g -O2 -ffile-prefix-map=/<<PKGBUILDDIR>>=. -fstack-protector-strong -Wformat -Werror=format-security -Wdate-time -D_FORTIFY_SOURCE=2 -Wno-error=date-time -std=c++0x -Wall -pedantic -Werror -Wextra -Wno-unused-parameter -fsigned-char -MD -MT CMakeFiles/flatsampletext.dir/src/reflection.cpp.o -MF CMakeFiles/flatsampletext.dir/src/reflection.cpp.o.d -o CMakeFiles/flatsampletext.dir/src/reflection.cpp.o -c "/<<PKGBUILDDIR>>/src/reflection.cpp"
[ 70%] Building CXX object CMakeFiles/flatsampletext.dir/src/util.cpp.o
/usr/bin/c++ -DFLATBUFFERS_LOCALE_INDEPENDENT=1 -I"/<<PKGBUILDDIR>>/include" -I"/<<PKGBUILDDIR>>/grpc" -I"/<<PKGBUILDDIR>>/obj-x86_64-linux-gnu/tests" -I"/<<PKGBUILDDIR>>/obj-x86_64-linux-gnu/samples" -g -O2 -ffile-prefix-map=/<<PKGBUILDDIR>>=. -fstack-protector-strong -Wformat -Werror=format-security -Wdate-time -D_FORTIFY_SOURCE=2 -Wno-error=date-time -std=c++0x -Wall -pedantic -Werror -Wextra -Wno-unused-parameter -fsigned-char -MD -MT CMakeFiles/flatsampletext.dir/src/util.cpp.o -MF CMakeFiles/flatsampletext.dir/src/util.cpp.o.d -o CMakeFiles/flatsampletext.dir/src/util.cpp.o -c "/<<PKGBUILDDIR>>/src/util.cpp"
[ 71%] Building CXX object CMakeFiles/flatsampletext.dir/samples/sample_text.cpp.o
/usr/bin/c++ -DFLATBUFFERS_LOCALE_INDEPENDENT=1 -I"/<<PKGBUILDDIR>>/include" -I"/<<PKGBUILDDIR>>/grpc" -I"/<<PKGBUILDDIR>>/obj-x86_64-linux-gnu/tests" -I"/<<PKGBUILDDIR>>/obj-x86_64-linux-gnu/samples" -g -O2 -ffile-prefix-map=/<<PKGBUILDDIR>>=. -fstack-protector-strong -Wformat -Werror=format-security -Wdate-time -D_FORTIFY_SOURCE=2 -Wno-error=date-time -std=c++0x -Wall -pedantic -Werror -Wextra -Wno-unused-parameter -fsigned-char -MD -MT CMakeFiles/flatsampletext.dir/samples/sample_text.cpp.o -MF CMakeFiles/flatsampletext.dir/samples/sample_text.cpp.o.d -o CMakeFiles/flatsampletext.dir/samples/sample_text.cpp.o -c "/<<PKGBUILDDIR>>/samples/sample_text.cpp"
[ 72%] Building CXX object CMakeFiles/flattests.dir/src/idl_gen_text.cpp.o
/usr/bin/c++ -DFLATBUFFERS_DEBUG_VERIFICATION_FAILURE=1 -DFLATBUFFERS_LOCALE_INDEPENDENT=1 -DFLATBUFFERS_TRACK_VERIFIER_BUFFER_SIZE -I"/<<PKGBUILDDIR>>/include" -I"/<<PKGBUILDDIR>>/grpc" -I"/<<PKGBUILDDIR>>/obj-x86_64-linux-gnu/tests" -I"/<<PKGBUILDDIR>>/obj-x86_64-linux-gnu/samples" -g -O2 -ffile-prefix-map=/<<PKGBUILDDIR>>=. -fstack-protector-strong -Wformat -Werror=format-security -Wdate-time -D_FORTIFY_SOURCE=2 -Wno-error=date-time -std=c++0x -Wall -pedantic -Werror -Wextra -Wno-unused-parameter -fsigned-char -MD -MT CMakeFiles/flattests.dir/src/idl_gen_text.cpp.o -MF CMakeFiles/flattests.dir/src/idl_gen_text.cpp.o.d -o CMakeFiles/flattests.dir/src/idl_gen_text.cpp.o -c "/<<PKGBUILDDIR>>/src/idl_gen_text.cpp"
[ 73%] Building CXX object CMakeFiles/flattests.dir/src/reflection.cpp.o
/usr/bin/c++ -DFLATBUFFERS_DEBUG_VERIFICATION_FAILURE=1 -DFLATBUFFERS_LOCALE_INDEPENDENT=1 -DFLATBUFFERS_TRACK_VERIFIER_BUFFER_SIZE -I"/<<PKGBUILDDIR>>/include" -I"/<<PKGBUILDDIR>>/grpc" -I"/<<PKGBUILDDIR>>/obj-x86_64-linux-gnu/tests" -I"/<<PKGBUILDDIR>>/obj-x86_64-linux-gnu/samples" -g -O2 -ffile-prefix-map=/<<PKGBUILDDIR>>=. -fstack-protector-strong -Wformat -Werror=format-security -Wdate-time -D_FORTIFY_SOURCE=2 -Wno-error=date-time -std=c++0x -Wall -pedantic -Werror -Wextra -Wno-unused-parameter -fsigned-char -MD -MT CMakeFiles/flattests.dir/src/reflection.cpp.o -MF CMakeFiles/flattests.dir/src/reflection.cpp.o.d -o CMakeFiles/flattests.dir/src/reflection.cpp.o -c "/<<PKGBUILDDIR>>/src/reflection.cpp"
[ 74%] Building CXX object CMakeFiles/flattests.dir/src/util.cpp.o
/usr/bin/c++ -DFLATBUFFERS_DEBUG_VERIFICATION_FAILURE=1 -DFLATBUFFERS_LOCALE_INDEPENDENT=1 -DFLATBUFFERS_TRACK_VERIFIER_BUFFER_SIZE -I"/<<PKGBUILDDIR>>/include" -I"/<<PKGBUILDDIR>>/grpc" -I"/<<PKGBUILDDIR>>/obj-x86_64-linux-gnu/tests" -I"/<<PKGBUILDDIR>>/obj-x86_64-linux-gnu/samples" -g -O2 -ffile-prefix-map=/<<PKGBUILDDIR>>=. -fstack-protector-strong -Wformat -Werror=format-security -Wdate-time -D_FORTIFY_SOURCE=2 -Wno-error=date-time -std=c++0x -Wall -pedantic -Werror -Wextra -Wno-unused-parameter -fsigned-char -MD -MT CMakeFiles/flattests.dir/src/util.cpp.o -MF CMakeFiles/flattests.dir/src/util.cpp.o.d -o CMakeFiles/flattests.dir/src/util.cpp.o -c "/<<PKGBUILDDIR>>/src/util.cpp"
[ 75%] Building CXX object CMakeFiles/flatsamplebfbs.dir/src/idl_gen_text.cpp.o
/usr/bin/c++ -DFLATBUFFERS_LOCALE_INDEPENDENT=1 -I"/<<PKGBUILDDIR>>/include" -I"/<<PKGBUILDDIR>>/grpc" -I"/<<PKGBUILDDIR>>/obj-x86_64-linux-gnu/tests" -I"/<<PKGBUILDDIR>>/obj-x86_64-linux-gnu/samples" -g -O2 -ffile-prefix-map=/<<PKGBUILDDIR>>=. -fstack-protector-strong -Wformat -Werror=format-security -Wdate-time -D_FORTIFY_SOURCE=2 -Wno-error=date-time -std=c++0x -Wall -pedantic -Werror -Wextra -Wno-unused-parameter -fsigned-char -MD -MT CMakeFiles/flatsamplebfbs.dir/src/idl_gen_text.cpp.o -MF CMakeFiles/flatsamplebfbs.dir/src/idl_gen_text.cpp.o.d -o CMakeFiles/flatsamplebfbs.dir/src/idl_gen_text.cpp.o -c "/<<PKGBUILDDIR>>/src/idl_gen_text.cpp"
[ 76%] Building CXX object CMakeFiles/flattests.dir/src/idl_gen_fbs.cpp.o
/usr/bin/c++ -DFLATBUFFERS_DEBUG_VERIFICATION_FAILURE=1 -DFLATBUFFERS_LOCALE_INDEPENDENT=1 -DFLATBUFFERS_TRACK_VERIFIER_BUFFER_SIZE -I"/<<PKGBUILDDIR>>/include" -I"/<<PKGBUILDDIR>>/grpc" -I"/<<PKGBUILDDIR>>/obj-x86_64-linux-gnu/tests" -I"/<<PKGBUILDDIR>>/obj-x86_64-linux-gnu/samples" -g -O2 -ffile-prefix-map=/<<PKGBUILDDIR>>=. -fstack-protector-strong -Wformat -Werror=format-security -Wdate-time -D_FORTIFY_SOURCE=2 -Wno-error=date-time -std=c++0x -Wall -pedantic -Werror -Wextra -Wno-unused-parameter -fsigned-char -MD -MT CMakeFiles/flattests.dir/src/idl_gen_fbs.cpp.o -MF CMakeFiles/flattests.dir/src/idl_gen_fbs.cpp.o.d -o CMakeFiles/flattests.dir/src/idl_gen_fbs.cpp.o -c "/<<PKGBUILDDIR>>/src/idl_gen_fbs.cpp"
[ 77%] Linking CXX executable flatsampletext
/usr/bin/cmake -E cmake_link_script CMakeFiles/flatsampletext.dir/link.txt --verbose=1
/usr/bin/c++ -g -O2 -ffile-prefix-map=/<<PKGBUILDDIR>>=. -fstack-protector-strong -Wformat -Werror=format-security -Wdate-time -D_FORTIFY_SOURCE=2 -Wno-error=date-time -std=c++0x -Wall -pedantic -Werror -Wextra -Wno-unused-parameter -fsigned-char -Wl,-z,relro -Wl,-z,now -rdynamic CMakeFiles/flatsampletext.dir/src/idl_parser.cpp.o CMakeFiles/flatsampletext.dir/src/idl_gen_text.cpp.o CMakeFiles/flatsampletext.dir/src/reflection.cpp.o CMakeFiles/flatsampletext.dir/src/util.cpp.o CMakeFiles/flatsampletext.dir/samples/sample_text.cpp.o -o flatsampletext 
make[4]: Leaving directory '/<<PKGBUILDDIR>>/obj-x86_64-linux-gnu'
[ 78%] Built target flatsampletext
[ 80%] Building CXX object CMakeFiles/flattests.dir/tests/test.cpp.o
/usr/bin/c++ -DFLATBUFFERS_DEBUG_VERIFICATION_FAILURE=1 -DFLATBUFFERS_LOCALE_INDEPENDENT=1 -DFLATBUFFERS_TRACK_VERIFIER_BUFFER_SIZE -I"/<<PKGBUILDDIR>>/include" -I"/<<PKGBUILDDIR>>/grpc" -I"/<<PKGBUILDDIR>>/obj-x86_64-linux-gnu/tests" -I"/<<PKGBUILDDIR>>/obj-x86_64-linux-gnu/samples" -g -O2 -ffile-prefix-map=/<<PKGBUILDDIR>>=. -fstack-protector-strong -Wformat -Werror=format-security -Wdate-time -D_FORTIFY_SOURCE=2 -Wno-error=date-time -std=c++0x -Wall -pedantic -Werror -Wextra -Wno-unused-parameter -fsigned-char -MD -MT CMakeFiles/flattests.dir/tests/test.cpp.o -MF CMakeFiles/flattests.dir/tests/test.cpp.o.d -o CMakeFiles/flattests.dir/tests/test.cpp.o -c "/<<PKGBUILDDIR>>/tests/test.cpp"
[ 81%] Building CXX object CMakeFiles/flattests.dir/tests/test_assert.cpp.o
/usr/bin/c++ -DFLATBUFFERS_DEBUG_VERIFICATION_FAILURE=1 -DFLATBUFFERS_LOCALE_INDEPENDENT=1 -DFLATBUFFERS_TRACK_VERIFIER_BUFFER_SIZE -I"/<<PKGBUILDDIR>>/include" -I"/<<PKGBUILDDIR>>/grpc" -I"/<<PKGBUILDDIR>>/obj-x86_64-linux-gnu/tests" -I"/<<PKGBUILDDIR>>/obj-x86_64-linux-gnu/samples" -g -O2 -ffile-prefix-map=/<<PKGBUILDDIR>>=. -fstack-protector-strong -Wformat -Werror=format-security -Wdate-time -D_FORTIFY_SOURCE=2 -Wno-error=date-time -std=c++0x -Wall -pedantic -Werror -Wextra -Wno-unused-parameter -fsigned-char -MD -MT CMakeFiles/flattests.dir/tests/test_assert.cpp.o -MF CMakeFiles/flattests.dir/tests/test_assert.cpp.o.d -o CMakeFiles/flattests.dir/tests/test_assert.cpp.o -c "/<<PKGBUILDDIR>>/tests/test_assert.cpp"
[ 82%] Building CXX object CMakeFiles/flattests.dir/tests/test_builder.cpp.o
/usr/bin/c++ -DFLATBUFFERS_DEBUG_VERIFICATION_FAILURE=1 -DFLATBUFFERS_LOCALE_INDEPENDENT=1 -DFLATBUFFERS_TRACK_VERIFIER_BUFFER_SIZE -I"/<<PKGBUILDDIR>>/include" -I"/<<PKGBUILDDIR>>/grpc" -I"/<<PKGBUILDDIR>>/obj-x86_64-linux-gnu/tests" -I"/<<PKGBUILDDIR>>/obj-x86_64-linux-gnu/samples" -g -O2 -ffile-prefix-map=/<<PKGBUILDDIR>>=. -fstack-protector-strong -Wformat -Werror=format-security -Wdate-time -D_FORTIFY_SOURCE=2 -Wno-error=date-time -std=c++0x -Wall -pedantic -Werror -Wextra -Wno-unused-parameter -fsigned-char -MD -MT CMakeFiles/flattests.dir/tests/test_builder.cpp.o -MF CMakeFiles/flattests.dir/tests/test_builder.cpp.o.d -o CMakeFiles/flattests.dir/tests/test_builder.cpp.o -c "/<<PKGBUILDDIR>>/tests/test_builder.cpp"
[ 83%] Building CXX object CMakeFiles/flattests.dir/tests/native_type_test_impl.cpp.o
/usr/bin/c++ -DFLATBUFFERS_DEBUG_VERIFICATION_FAILURE=1 -DFLATBUFFERS_LOCALE_INDEPENDENT=1 -DFLATBUFFERS_TRACK_VERIFIER_BUFFER_SIZE -I"/<<PKGBUILDDIR>>/include" -I"/<<PKGBUILDDIR>>/grpc" -I"/<<PKGBUILDDIR>>/obj-x86_64-linux-gnu/tests" -I"/<<PKGBUILDDIR>>/obj-x86_64-linux-gnu/samples" -g -O2 -ffile-prefix-map=/<<PKGBUILDDIR>>=. -fstack-protector-strong -Wformat -Werror=format-security -Wdate-time -D_FORTIFY_SOURCE=2 -Wno-error=date-time -std=c++0x -Wall -pedantic -Werror -Wextra -Wno-unused-parameter -fsigned-char -MD -MT CMakeFiles/flattests.dir/tests/native_type_test_impl.cpp.o -MF CMakeFiles/flattests.dir/tests/native_type_test_impl.cpp.o.d -o CMakeFiles/flattests.dir/tests/native_type_test_impl.cpp.o -c "/<<PKGBUILDDIR>>/tests/native_type_test_impl.cpp"
In file included from /<<PKGBUILDDIR>>/tests/test_builder.cpp:1:
In file included from /<<PKGBUILDDIR>>/tests/test_builder.h:7:
/<<PKGBUILDDIR>>/include/flatbuffers/flatbuffers.h:1807:30: error: definition of implicit copy constructor for 'StructKeyComparator<MyGame::Example::Ability>' is deprecated because it has a user-declared copy assignment operator [-Werror,-Wdeprecated-copy]
        StructKeyComparator &operator=(const StructKeyComparator &))
                             ^
/<<PKGBUILDDIR>>/include/flatbuffers/flatbuffers.h:1847:27: note: in implicit copy constructor for 'flatbuffers::FlatBufferBuilder::StructKeyComparator<MyGame::Example::Ability>' first required here
    std::sort(v, v + len, StructKeyComparator<T>());
                          ^
/<<PKGBUILDDIR>>/include/flatbuffers/flatbuffers.h:1820:12: note: in instantiation of function template specialization 'flatbuffers::FlatBufferBuilder::CreateVectorOfSortedStructs<MyGame::Example::Ability>' requested here
    return CreateVectorOfSortedStructs(data(*v), v->size());
           ^
/<<PKGBUILDDIR>>/tests/monster_test_generated.h:2088:67: note: in instantiation of function template specialization 'flatbuffers::FlatBufferBuilder::CreateVectorOfSortedStructs<MyGame::Example::Ability>' requested here
  auto testarrayofsortedstruct__ = testarrayofsortedstruct ? _fbb.CreateVectorOfSortedStructs<MyGame::Example::Ability>(testarrayofsortedstruct) : 0;
                                                                  ^
In file included from /<<PKGBUILDDIR>>/tests/test.cpp:18:
/<<PKGBUILDDIR>>/include/flatbuffers/flatbuffers.h:1807:30: error: definition of implicit copy constructor for 'StructKeyComparator<MyGame::Example::Ability>' is deprecated because it has a user-declared copy assignment operator [-Werror,-Wdeprecated-copy]
        StructKeyComparator &operator=(const StructKeyComparator &))
                             ^
/<<PKGBUILDDIR>>/include/flatbuffers/flatbuffers.h:1847:27: note: in implicit copy constructor for 'flatbuffers::FlatBufferBuilder::StructKeyComparator<MyGame::Example::Ability>' first required here
    std::sort(v, v + len, StructKeyComparator<T>());
                          ^
/<<PKGBUILDDIR>>/include/flatbuffers/flatbuffers.h:1820:12: note: in instantiation of function template specialization 'flatbuffers::FlatBufferBuilder::CreateVectorOfSortedStructs<MyGame::Example::Ability>' requested here
    return CreateVectorOfSortedStructs(data(*v), v->size());
           ^
/<<PKGBUILDDIR>>/tests/monster_test_generated.h:2088:67: note: in instantiation of function template specialization 'flatbuffers::FlatBufferBuilder::CreateVectorOfSortedStructs<MyGame::Example::Ability>' requested here
  auto testarrayofsortedstruct__ = testarrayofsortedstruct ? _fbb.CreateVectorOfSortedStructs<MyGame::Example::Ability>(testarrayofsortedstruct) : 0;
                                                                  ^
1 error generated.
make[4]: *** [CMakeFiles/flattests.dir/build.make:209: CMakeFiles/flattests.dir/tests/test_builder.cpp.o] Error 1
make[4]: *** Waiting for unfinished jobs....
[ 84%] Building CXX object CMakeFiles/flatsamplebfbs.dir/src/reflection.cpp.o
/usr/bin/c++ -DFLATBUFFERS_LOCALE_INDEPENDENT=1 -I"/<<PKGBUILDDIR>>/include" -I"/<<PKGBUILDDIR>>/grpc" -I"/<<PKGBUILDDIR>>/obj-x86_64-linux-gnu/tests" -I"/<<PKGBUILDDIR>>/obj-x86_64-linux-gnu/samples" -g -O2 -ffile-prefix-map=/<<PKGBUILDDIR>>=. -fstack-protector-strong -Wformat -Werror=format-security -Wdate-time -D_FORTIFY_SOURCE=2 -Wno-error=date-time -std=c++0x -Wall -pedantic -Werror -Wextra -Wno-unused-parameter -fsigned-char -MD -MT CMakeFiles/flatsamplebfbs.dir/src/reflection.cpp.o -MF CMakeFiles/flatsamplebfbs.dir/src/reflection.cpp.o.d -o CMakeFiles/flatsamplebfbs.dir/src/reflection.cpp.o -c "/<<PKGBUILDDIR>>/src/reflection.cpp"
[ 85%] Building CXX object CMakeFiles/flatsamplebfbs.dir/src/util.cpp.o
/usr/bin/c++ -DFLATBUFFERS_LOCALE_INDEPENDENT=1 -I"/<<PKGBUILDDIR>>/include" -I"/<<PKGBUILDDIR>>/grpc" -I"/<<PKGBUILDDIR>>/obj-x86_64-linux-gnu/tests" -I"/<<PKGBUILDDIR>>/obj-x86_64-linux-gnu/samples" -g -O2 -ffile-prefix-map=/<<PKGBUILDDIR>>=. -fstack-protector-strong -Wformat -Werror=format-security -Wdate-time -D_FORTIFY_SOURCE=2 -Wno-error=date-time -std=c++0x -Wall -pedantic -Werror -Wextra -Wno-unused-parameter -fsigned-char -MD -MT CMakeFiles/flatsamplebfbs.dir/src/util.cpp.o -MF CMakeFiles/flatsamplebfbs.dir/src/util.cpp.o.d -o CMakeFiles/flatsamplebfbs.dir/src/util.cpp.o -c "/<<PKGBUILDDIR>>/src/util.cpp"
1 error generated.
make[4]: *** [CMakeFiles/flattests.dir/build.make:181: CMakeFiles/flattests.dir/tests/test.cpp.o] Error 1
make[4]: Leaving directory '/<<PKGBUILDDIR>>/obj-x86_64-linux-gnu'
make[3]: *** [CMakeFiles/Makefile2:260: CMakeFiles/flattests.dir/all] Error 2
make[3]: *** Waiting for unfinished jobs....
[ 86%] Building CXX object CMakeFiles/flatsamplebfbs.dir/samples/sample_bfbs.cpp.o
/usr/bin/c++ -DFLATBUFFERS_LOCALE_INDEPENDENT=1 -I"/<<PKGBUILDDIR>>/include" -I"/<<PKGBUILDDIR>>/grpc" -I"/<<PKGBUILDDIR>>/obj-x86_64-linux-gnu/tests" -I"/<<PKGBUILDDIR>>/obj-x86_64-linux-gnu/samples" -g -O2 -ffile-prefix-map=/<<PKGBUILDDIR>>=. -fstack-protector-strong -Wformat -Werror=format-security -Wdate-time -D_FORTIFY_SOURCE=2 -Wno-error=date-time -std=c++0x -Wall -pedantic -Werror -Wextra -Wno-unused-parameter -fsigned-char -MD -MT CMakeFiles/flatsamplebfbs.dir/samples/sample_bfbs.cpp.o -MF CMakeFiles/flatsamplebfbs.dir/samples/sample_bfbs.cpp.o.d -o CMakeFiles/flatsamplebfbs.dir/samples/sample_bfbs.cpp.o -c "/<<PKGBUILDDIR>>/samples/sample_bfbs.cpp"
[ 87%] Linking CXX executable flatsamplebfbs
/usr/bin/cmake -E cmake_link_script CMakeFiles/flatsamplebfbs.dir/link.txt --verbose=1
/usr/bin/c++ -g -O2 -ffile-prefix-map=/<<PKGBUILDDIR>>=. -fstack-protector-strong -Wformat -Werror=format-security -Wdate-time -D_FORTIFY_SOURCE=2 -Wno-error=date-time -std=c++0x -Wall -pedantic -Werror -Wextra -Wno-unused-parameter -fsigned-char -Wl,-z,relro -Wl,-z,now -rdynamic CMakeFiles/flatsamplebfbs.dir/src/idl_parser.cpp.o CMakeFiles/flatsamplebfbs.dir/src/idl_gen_text.cpp.o CMakeFiles/flatsamplebfbs.dir/src/reflection.cpp.o CMakeFiles/flatsamplebfbs.dir/src/util.cpp.o CMakeFiles/flatsamplebfbs.dir/samples/sample_bfbs.cpp.o -o flatsamplebfbs 
make[4]: Leaving directory '/<<PKGBUILDDIR>>/obj-x86_64-linux-gnu'
[ 88%] Built target flatsamplebfbs
make[3]: Leaving directory '/<<PKGBUILDDIR>>/obj-x86_64-linux-gnu'
make[2]: *** [Makefile:149: all] Error 2
make[2]: Leaving directory '/<<PKGBUILDDIR>>/obj-x86_64-linux-gnu'
dh_auto_build: error: cd obj-x86_64-linux-gnu && make -j4 "INSTALL=install --strip-program=true" VERBOSE=1 returned exit code 2
make[1]: *** [debian/rules:17: override_dh_auto_build-arch] Error 25
make[1]: Leaving directory '/<<PKGBUILDDIR>>'
make: *** [debian/rules:11: binary] Error 2
dpkg-buildpackage: error: debian/rules binary subprocess returned exit status 2
--------------------------------------------------------------------------------
Build finished at 2021-10-26T21:36:34Z

Finished
--------


+------------------------------------------------------------------------------+
| Cleanup                                                                      |
+------------------------------------------------------------------------------+

Purging /<<BUILDDIR>>
Not cleaning session: cloned chroot in use
E: Build failure (dpkg-buildpackage died)

+------------------------------------------------------------------------------+
| Summary                                                                      |
+------------------------------------------------------------------------------+

Build Architecture: amd64
Build Type: binary
Build-Space: 164968
Build-Time: 80
Distribution: unstable
Fail-Stage: build
Host Architecture: amd64
Install-Time: 10
Job: flatbuffers_1.12.1~git20200711.33e2d80+dfsg1-0.6
Machine Architecture: amd64
Package: flatbuffers
Package-Time: 111
Source-Version: 1.12.1~git20200711.33e2d80+dfsg1-0.6
Space: 164968
Status: attempted
Version: 1.12.1~git20200711.33e2d80+dfsg1-0.6
--------------------------------------------------------------------------------
Finished at 2021-10-26T21:36:34Z
Build needed 00:01:51, 164968k disk space
E: Build failure (dpkg-buildpackage died)
DC-Status: Failed 112.038947495s
DC-Time-Estimation: 112.038947495 versus expected 366 (r/m: 2.266721155304798 ; m: 112.038947495)
