DC-Build-Header: frr 7.5.1-1.1 / 2021-10-26 21:40:24 +0000
DC-Task: type:rebuild-binarch-only source:frr version:7.5.1-1.1 chroot:unstable esttime:325 logfile:/tmp/frr_7.5.1-1.1_unstable_clang13.log modes:clang13:binarch-only
DC-Sbuild-call: su user42 -c 'sbuild -n --arch-any --apt-update -d unstable -v --no-run-lintian --chroot-setup-commands=/tmp/clang13 frr_7.5.1-1.1'
sbuild (Debian sbuild) 0.78.1 (09 February 2019) on ip-172-31-1-101.eu-central-1.compute.internal

+==============================================================================+
| frr 7.5.1-1.1 (amd64)                        Tue, 26 Oct 2021 21:40:24 +0000 |
+==============================================================================+

Package: frr
Version: 7.5.1-1.1
Source Version: 7.5.1-1.1
Distribution: unstable
Machine Architecture: amd64
Host Architecture: amd64
Build Architecture: amd64
Build Type: binary

I: NOTICE: Log filtering will replace 'var/run/schroot/mount/sid-amd64-sbuild-926c94a7-ab38-4c3b-9d9e-7bb966acf2a5' with '<<CHROOT>>'

+------------------------------------------------------------------------------+
| Chroot Setup Commands                                                        |
+------------------------------------------------------------------------------+


/tmp/clang13
------------

+ echo 'Entering customization script...'
Entering customization script...
+ CLANG_VERSION=13
+ echo 'Install of clang-13'
Install of clang-13
+ apt-get update
Get:1 http://127.0.0.1:12990/debian sid InRelease [165 kB]
Get:2 http://127.0.0.1:12990/debian sid/main Sources.diff/Index [63.6 kB]
Get:3 http://127.0.0.1:12990/debian sid/main amd64 Packages.diff/Index [63.6 kB]
Get:4 http://127.0.0.1:12990/debian sid/main Sources T-2021-10-26-2004.40-F-2021-10-26-0202.15.pdiff [47.3 kB]
Get:4 http://127.0.0.1:12990/debian sid/main Sources T-2021-10-26-2004.40-F-2021-10-26-0202.15.pdiff [47.3 kB]
Get:5 http://127.0.0.1:12990/debian sid/main amd64 Packages T-2021-10-26-2004.40-F-2021-10-26-0202.15.pdiff [55.9 kB]
Get:5 http://127.0.0.1:12990/debian sid/main amd64 Packages T-2021-10-26-2004.40-F-2021-10-26-0202.15.pdiff [55.9 kB]
Get:6 http://127.0.0.1:12990/debian sid/main Translation-en [6586 kB]
Fetched 6981 kB in 3s (2757 kB/s)
Reading package lists...
+ apt-get install --yes --no-install-recommends --force-yes clang-13 libomp-13-dev libobjc-9-dev
Reading package lists...
Building dependency tree...
The following additional packages will be installed:
  lib32gcc-s1 lib32stdc++6 libasan5 libbsd0 libc6-i386 libclang-common-13-dev
  libclang-cpp13 libclang1-13 libedit2 libgc1 libgcc-9-dev libicu67 libllvm13
  libmd0 libobjc-11-dev libobjc4 libomp5-13 libxml2 libz3-4
Suggested packages:
  clang-13-doc libomp-13-doc
Recommended packages:
  llvm-13-dev python3
The following NEW packages will be installed:
  clang-13 lib32gcc-s1 lib32stdc++6 libasan5 libbsd0 libc6-i386
  libclang-common-13-dev libclang-cpp13 libclang1-13 libedit2 libgc1
  libgcc-9-dev libicu67 libllvm13 libmd0 libobjc-11-dev libobjc-9-dev libobjc4
  libomp-13-dev libomp5-13 libxml2 libz3-4
0 upgraded, 22 newly installed, 0 to remove and 0 not upgraded.
Need to get 68.5 MB of archives.
After this operation, 379 MB of additional disk space will be used.
Get:1 http://127.0.0.1:12990/debian sid/main amd64 libmd0 amd64 1.0.4-1 [29.6 kB]
Get:2 http://127.0.0.1:12990/debian sid/main amd64 libbsd0 amd64 0.11.3-1 [108 kB]
Get:3 http://127.0.0.1:12990/debian sid/main amd64 libedit2 amd64 3.1-20210910-1 [97.5 kB]
Get:4 http://127.0.0.1:12990/debian sid/main amd64 libicu67 amd64 67.1-7 [8622 kB]
Get:5 http://127.0.0.1:12990/debian sid/main amd64 libxml2 amd64 2.9.12+dfsg-5 [696 kB]
Get:6 http://127.0.0.1:12990/debian sid/main amd64 libz3-4 amd64 4.8.12-1+b1 [6997 kB]
Get:7 http://127.0.0.1:12990/debian sid/main amd64 libllvm13 amd64 1:13.0.0-8 [19.7 MB]
Get:8 http://127.0.0.1:12990/debian sid/main amd64 libclang-cpp13 amd64 1:13.0.0-8 [10.5 MB]
Get:9 http://127.0.0.1:12990/debian sid/main amd64 libgc1 amd64 1:8.0.4-3 [239 kB]
Get:10 http://127.0.0.1:12990/debian sid/main amd64 libobjc4 amd64 11.2.0-10 [43.2 kB]
Get:11 http://127.0.0.1:12990/debian sid/main amd64 libobjc-11-dev amd64 11.2.0-10 [170 kB]
Get:12 http://127.0.0.1:12990/debian sid/main amd64 libc6-i386 amd64 2.32-4 [2624 kB]
Get:13 http://127.0.0.1:12990/debian sid/main amd64 lib32gcc-s1 amd64 11.2.0-10 [49.9 kB]
Get:14 http://127.0.0.1:12990/debian sid/main amd64 lib32stdc++6 amd64 11.2.0-10 [601 kB]
Get:15 http://127.0.0.1:12990/debian sid/main amd64 libclang-common-13-dev amd64 1:13.0.0-8 [5730 kB]
Get:16 http://127.0.0.1:12990/debian sid/main amd64 libclang1-13 amd64 1:13.0.0-8 [6093 kB]
Get:17 http://127.0.0.1:12990/debian sid/main amd64 clang-13 amd64 1:13.0.0-8 [119 kB]
Get:18 http://127.0.0.1:12990/debian sid/main amd64 libasan5 amd64 9.4.0-3 [2734 kB]
Get:19 http://127.0.0.1:12990/debian sid/main amd64 libgcc-9-dev amd64 9.4.0-3 [2343 kB]
Get:20 http://127.0.0.1:12990/debian sid/main amd64 libobjc-9-dev amd64 9.4.0-3 [219 kB]
Get:21 http://127.0.0.1:12990/debian sid/main amd64 libomp5-13 amd64 1:13.0.0-8 [377 kB]
Get:22 http://127.0.0.1:12990/debian sid/main amd64 libomp-13-dev amd64 1:13.0.0-8 [482 kB]
debconf: delaying package configuration, since apt-utils is not installed
Fetched 68.5 MB in 0s (138 MB/s)
Selecting previously unselected package libmd0:amd64.
(Reading database ... (Reading database ... 5%(Reading database ... 10%(Reading database ... 15%(Reading database ... 20%(Reading database ... 25%(Reading database ... 30%(Reading database ... 35%(Reading database ... 40%(Reading database ... 45%(Reading database ... 50%(Reading database ... 55%(Reading database ... 60%(Reading database ... 65%(Reading database ... 70%(Reading database ... 75%(Reading database ... 80%(Reading database ... 85%(Reading database ... 90%(Reading database ... 95%(Reading database ... 100%(Reading database ... 12431 files and directories currently installed.)
Preparing to unpack .../00-libmd0_1.0.4-1_amd64.deb ...
Unpacking libmd0:amd64 (1.0.4-1) ...
Selecting previously unselected package libbsd0:amd64.
Preparing to unpack .../01-libbsd0_0.11.3-1_amd64.deb ...
Unpacking libbsd0:amd64 (0.11.3-1) ...
Selecting previously unselected package libedit2:amd64.
Preparing to unpack .../02-libedit2_3.1-20210910-1_amd64.deb ...
Unpacking libedit2:amd64 (3.1-20210910-1) ...
Selecting previously unselected package libicu67:amd64.
Preparing to unpack .../03-libicu67_67.1-7_amd64.deb ...
Unpacking libicu67:amd64 (67.1-7) ...
Selecting previously unselected package libxml2:amd64.
Preparing to unpack .../04-libxml2_2.9.12+dfsg-5_amd64.deb ...
Unpacking libxml2:amd64 (2.9.12+dfsg-5) ...
Selecting previously unselected package libz3-4:amd64.
Preparing to unpack .../05-libz3-4_4.8.12-1+b1_amd64.deb ...
Unpacking libz3-4:amd64 (4.8.12-1+b1) ...
Selecting previously unselected package libllvm13:amd64.
Preparing to unpack .../06-libllvm13_1%3a13.0.0-8_amd64.deb ...
Unpacking libllvm13:amd64 (1:13.0.0-8) ...
Selecting previously unselected package libclang-cpp13.
Preparing to unpack .../07-libclang-cpp13_1%3a13.0.0-8_amd64.deb ...
Unpacking libclang-cpp13 (1:13.0.0-8) ...
Selecting previously unselected package libgc1:amd64.
Preparing to unpack .../08-libgc1_1%3a8.0.4-3_amd64.deb ...
Unpacking libgc1:amd64 (1:8.0.4-3) ...
Selecting previously unselected package libobjc4:amd64.
Preparing to unpack .../09-libobjc4_11.2.0-10_amd64.deb ...
Unpacking libobjc4:amd64 (11.2.0-10) ...
Selecting previously unselected package libobjc-11-dev:amd64.
Preparing to unpack .../10-libobjc-11-dev_11.2.0-10_amd64.deb ...
Unpacking libobjc-11-dev:amd64 (11.2.0-10) ...
Selecting previously unselected package libc6-i386.
Preparing to unpack .../11-libc6-i386_2.32-4_amd64.deb ...
Unpacking libc6-i386 (2.32-4) ...
Selecting previously unselected package lib32gcc-s1.
Preparing to unpack .../12-lib32gcc-s1_11.2.0-10_amd64.deb ...
Unpacking lib32gcc-s1 (11.2.0-10) ...
Selecting previously unselected package lib32stdc++6.
Preparing to unpack .../13-lib32stdc++6_11.2.0-10_amd64.deb ...
Unpacking lib32stdc++6 (11.2.0-10) ...
Selecting previously unselected package libclang-common-13-dev.
Preparing to unpack .../14-libclang-common-13-dev_1%3a13.0.0-8_amd64.deb ...
Unpacking libclang-common-13-dev (1:13.0.0-8) ...
Selecting previously unselected package libclang1-13.
Preparing to unpack .../15-libclang1-13_1%3a13.0.0-8_amd64.deb ...
Unpacking libclang1-13 (1:13.0.0-8) ...
Selecting previously unselected package clang-13.
Preparing to unpack .../16-clang-13_1%3a13.0.0-8_amd64.deb ...
Unpacking clang-13 (1:13.0.0-8) ...
Selecting previously unselected package libasan5:amd64.
Preparing to unpack .../17-libasan5_9.4.0-3_amd64.deb ...
Unpacking libasan5:amd64 (9.4.0-3) ...
Selecting previously unselected package libgcc-9-dev:amd64.
Preparing to unpack .../18-libgcc-9-dev_9.4.0-3_amd64.deb ...
Unpacking libgcc-9-dev:amd64 (9.4.0-3) ...
Selecting previously unselected package libobjc-9-dev:amd64.
Preparing to unpack .../19-libobjc-9-dev_9.4.0-3_amd64.deb ...
Unpacking libobjc-9-dev:amd64 (9.4.0-3) ...
Selecting previously unselected package libomp5-13:amd64.
Preparing to unpack .../20-libomp5-13_1%3a13.0.0-8_amd64.deb ...
Unpacking libomp5-13:amd64 (1:13.0.0-8) ...
Selecting previously unselected package libomp-13-dev.
Preparing to unpack .../21-libomp-13-dev_1%3a13.0.0-8_amd64.deb ...
Unpacking libomp-13-dev (1:13.0.0-8) ...
Setting up libicu67:amd64 (67.1-7) ...
Setting up libasan5:amd64 (9.4.0-3) ...
Setting up libz3-4:amd64 (4.8.12-1+b1) ...
Setting up libgc1:amd64 (1:8.0.4-3) ...
Setting up libmd0:amd64 (1.0.4-1) ...
Setting up libc6-i386 (2.32-4) ...
Setting up libomp5-13:amd64 (1:13.0.0-8) ...
Setting up libbsd0:amd64 (0.11.3-1) ...
Setting up libxml2:amd64 (2.9.12+dfsg-5) ...
Setting up libedit2:amd64 (3.1-20210910-1) ...
Setting up libobjc4:amd64 (11.2.0-10) ...
Setting up libgcc-9-dev:amd64 (9.4.0-3) ...
Setting up lib32gcc-s1 (11.2.0-10) ...
Setting up lib32stdc++6 (11.2.0-10) ...
Setting up libllvm13:amd64 (1:13.0.0-8) ...
Setting up libobjc-9-dev:amd64 (9.4.0-3) ...
Setting up libclang-common-13-dev (1:13.0.0-8) ...
Setting up libomp-13-dev (1:13.0.0-8) ...
Setting up libobjc-11-dev:amd64 (11.2.0-10) ...
Setting up libclang1-13 (1:13.0.0-8) ...
Setting up libclang-cpp13 (1:13.0.0-8) ...
Setting up clang-13 (1:13.0.0-8) ...
Processing triggers for libc-bin (2.32-4) ...
W: --force-yes is deprecated, use one of the options starting with --allow instead.
+ echo 'Replace gcc, g++ & cpp by clang'
Replace gcc, g++ & cpp by clang
+ VERSIONS='4.6 4.7 4.8 4.9 5 6 7 8 9 10 11'
+ cd /usr/bin
+ for VERSION in $VERSIONS
+ rm -f g++-4.6 gcc-4.6 cpp-4.6 gcc
+ ln -s clang++-13 g++-4.6
+ ln -s clang-13 gcc-4.6
+ ln -s clang-13 cpp-4.6
+ ln -s clang-13 gcc
+ echo 'gcc-4.6 hold'
+ dpkg --set-selections
dpkg: warning: package not in status nor available database at line 1: gcc-4.6
dpkg: warning: found unknown packages; this might mean the available database
is outdated, and needs to be updated through a frontend method;
please see the FAQ <https://wiki.debian.org/Teams/Dpkg/FAQ>
+ echo 'g++-4.6 hold'
+ dpkg --set-selections
dpkg: warning: package not in status nor available database at line 1: g++-4.6
dpkg: warning: found unknown packages; this might mean the available database
is outdated, and needs to be updated through a frontend method;
please see the FAQ <https://wiki.debian.org/Teams/Dpkg/FAQ>
+ for VERSION in $VERSIONS
+ rm -f g++-4.7 gcc-4.7 cpp-4.7 gcc
+ ln -s clang++-13 g++-4.7
+ ln -s clang-13 gcc-4.7
+ ln -s clang-13 cpp-4.7
+ ln -s clang-13 gcc
+ echo 'gcc-4.7 hold'
+ dpkg --set-selections
dpkg: warning: package not in status nor available database at line 1: gcc-4.7
dpkg: warning: found unknown packages; this might mean the available database
is outdated, and needs to be updated through a frontend method;
please see the FAQ <https://wiki.debian.org/Teams/Dpkg/FAQ>
+ echo 'g++-4.7 hold'
+ dpkg --set-selections
dpkg: warning: package not in status nor available database at line 1: g++-4.7
dpkg: warning: found unknown packages; this might mean the available database
is outdated, and needs to be updated through a frontend method;
please see the FAQ <https://wiki.debian.org/Teams/Dpkg/FAQ>
+ for VERSION in $VERSIONS
+ rm -f g++-4.8 gcc-4.8 cpp-4.8 gcc
+ ln -s clang++-13 g++-4.8
+ ln -s clang-13 gcc-4.8
+ ln -s clang-13 cpp-4.8
+ ln -s clang-13 gcc
+ echo 'gcc-4.8 hold'
+ dpkg --set-selections
dpkg: warning: package not in status nor available database at line 1: gcc-4.8
dpkg: warning: found unknown packages; this might mean the available database
is outdated, and needs to be updated through a frontend method;
please see the FAQ <https://wiki.debian.org/Teams/Dpkg/FAQ>
+ echo 'g++-4.8 hold'
+ dpkg --set-selections
dpkg: warning: package not in status nor available database at line 1: g++-4.8
dpkg: warning: found unknown packages; this might mean the available database
is outdated, and needs to be updated through a frontend method;
please see the FAQ <https://wiki.debian.org/Teams/Dpkg/FAQ>
+ for VERSION in $VERSIONS
+ rm -f g++-4.9 gcc-4.9 cpp-4.9 gcc
+ ln -s clang++-13 g++-4.9
+ ln -s clang-13 gcc-4.9
+ ln -s clang-13 cpp-4.9
+ ln -s clang-13 gcc
+ echo 'gcc-4.9 hold'
+ dpkg --set-selections
dpkg: warning: package not in status nor available database at line 1: gcc-4.9
dpkg: warning: found unknown packages; this might mean the available database
is outdated, and needs to be updated through a frontend method;
please see the FAQ <https://wiki.debian.org/Teams/Dpkg/FAQ>
+ echo 'g++-4.9 hold'
+ dpkg --set-selections
dpkg: warning: package not in status nor available database at line 1: g++-4.9
dpkg: warning: found unknown packages; this might mean the available database
is outdated, and needs to be updated through a frontend method;
please see the FAQ <https://wiki.debian.org/Teams/Dpkg/FAQ>
+ for VERSION in $VERSIONS
+ rm -f g++-5 gcc-5 cpp-5 gcc
+ ln -s clang++-13 g++-5
+ ln -s clang-13 gcc-5
+ ln -s clang-13 cpp-5
+ ln -s clang-13 gcc
+ echo 'gcc-5 hold'
+ dpkg --set-selections
dpkg: warning: package not in status nor available database at line 1: gcc-5
dpkg: warning: found unknown packages; this might mean the available database
is outdated, and needs to be updated through a frontend method;
please see the FAQ <https://wiki.debian.org/Teams/Dpkg/FAQ>
+ echo 'g++-5 hold'
+ dpkg --set-selections
dpkg: warning: package not in status nor available database at line 1: g++-5
dpkg: warning: found unknown packages; this might mean the available database
is outdated, and needs to be updated through a frontend method;
please see the FAQ <https://wiki.debian.org/Teams/Dpkg/FAQ>
+ for VERSION in $VERSIONS
+ rm -f g++-6 gcc-6 cpp-6 gcc
+ ln -s clang++-13 g++-6
+ ln -s clang-13 gcc-6
+ ln -s clang-13 cpp-6
+ ln -s clang-13 gcc
+ echo 'gcc-6 hold'
+ dpkg --set-selections
dpkg: warning: package not in status nor available database at line 1: gcc-6
dpkg: warning: found unknown packages; this might mean the available database
is outdated, and needs to be updated through a frontend method;
please see the FAQ <https://wiki.debian.org/Teams/Dpkg/FAQ>
+ echo 'g++-6 hold'
+ dpkg --set-selections
dpkg: warning: package not in status nor available database at line 1: g++-6
dpkg: warning: found unknown packages; this might mean the available database
is outdated, and needs to be updated through a frontend method;
please see the FAQ <https://wiki.debian.org/Teams/Dpkg/FAQ>
+ for VERSION in $VERSIONS
+ rm -f g++-7 gcc-7 cpp-7 gcc
+ ln -s clang++-13 g++-7
+ ln -s clang-13 gcc-7
+ ln -s clang-13 cpp-7
+ ln -s clang-13 gcc
+ echo 'gcc-7 hold'
+ dpkg --set-selections
dpkg: warning: package not in status nor available database at line 1: gcc-7
dpkg: warning: found unknown packages; this might mean the available database
is outdated, and needs to be updated through a frontend method;
please see the FAQ <https://wiki.debian.org/Teams/Dpkg/FAQ>
+ echo 'g++-7 hold'
+ dpkg --set-selections
dpkg: warning: package not in status nor available database at line 1: g++-7
dpkg: warning: found unknown packages; this might mean the available database
is outdated, and needs to be updated through a frontend method;
please see the FAQ <https://wiki.debian.org/Teams/Dpkg/FAQ>
+ for VERSION in $VERSIONS
+ rm -f g++-8 gcc-8 cpp-8 gcc
+ ln -s clang++-13 g++-8
+ ln -s clang-13 gcc-8
+ ln -s clang-13 cpp-8
+ ln -s clang-13 gcc
+ echo 'gcc-8 hold'
+ dpkg --set-selections
dpkg: warning: package not in status nor available database at line 1: gcc-8
dpkg: warning: found unknown packages; this might mean the available database
is outdated, and needs to be updated through a frontend method;
please see the FAQ <https://wiki.debian.org/Teams/Dpkg/FAQ>
+ echo 'g++-8 hold'
+ dpkg --set-selections
dpkg: warning: package not in status nor available database at line 1: g++-8
dpkg: warning: found unknown packages; this might mean the available database
is outdated, and needs to be updated through a frontend method;
please see the FAQ <https://wiki.debian.org/Teams/Dpkg/FAQ>
+ for VERSION in $VERSIONS
+ rm -f g++-9 gcc-9 cpp-9 gcc
+ ln -s clang++-13 g++-9
+ ln -s clang-13 gcc-9
+ ln -s clang-13 cpp-9
+ ln -s clang-13 gcc
+ echo 'gcc-9 hold'
+ dpkg --set-selections
dpkg: warning: package not in status nor available database at line 1: gcc-9
dpkg: warning: found unknown packages; this might mean the available database
is outdated, and needs to be updated through a frontend method;
please see the FAQ <https://wiki.debian.org/Teams/Dpkg/FAQ>
+ echo 'g++-9 hold'
+ dpkg --set-selections
dpkg: warning: package not in status nor available database at line 1: g++-9
dpkg: warning: found unknown packages; this might mean the available database
is outdated, and needs to be updated through a frontend method;
please see the FAQ <https://wiki.debian.org/Teams/Dpkg/FAQ>
+ for VERSION in $VERSIONS
+ rm -f g++-10 gcc-10 cpp-10 gcc
+ ln -s clang++-13 g++-10
+ ln -s clang-13 gcc-10
+ ln -s clang-13 cpp-10
+ ln -s clang-13 gcc
+ echo 'gcc-10 hold'
+ dpkg --set-selections
dpkg: warning: package not in status nor available database at line 1: gcc-10
dpkg: warning: found unknown packages; this might mean the available database
is outdated, and needs to be updated through a frontend method;
please see the FAQ <https://wiki.debian.org/Teams/Dpkg/FAQ>
+ echo 'g++-10 hold'
+ dpkg --set-selections
dpkg: warning: package not in status nor available database at line 1: g++-10
dpkg: warning: found unknown packages; this might mean the available database
is outdated, and needs to be updated through a frontend method;
please see the FAQ <https://wiki.debian.org/Teams/Dpkg/FAQ>
+ for VERSION in $VERSIONS
+ rm -f g++-11 gcc-11 cpp-11 gcc
+ ln -s clang++-13 g++-11
+ ln -s clang-13 gcc-11
+ ln -s clang-13 cpp-11
+ ln -s clang-13 gcc
+ echo 'gcc-11 hold'
+ dpkg --set-selections
+ echo 'g++-11 hold'
+ dpkg --set-selections
+ cd -
/build/frr-26f2wN
+ echo 'Check if gcc, g++ & cpp are actually clang'
Check if gcc, g++ & cpp are actually clang
+ gcc --version
+ grep clang
+ cpp --version
+ grep clang
+ g++ --version
+ grep clang
+ cd /usr/bin/
+ rm -f clang++ clang
+ ln -s clang-13 clang++
+ ln -s clang-13 clang
+ clang++ --version
Debian clang version 13.0.0-8
Target: x86_64-pc-linux-gnu
Thread model: posix
InstalledDir: /usr/bin
+ clang --version
Debian clang version 13.0.0-8
Target: x86_64-pc-linux-gnu
Thread model: posix
InstalledDir: /usr/bin
+ cd -
/build/frr-26f2wN
+ apt install --yes --no-install-recommends --force-yes qt5-qmake

WARNING: apt does not have a stable CLI interface. Use with caution in scripts.

Reading package lists...
Building dependency tree...
Reading state information...
The following additional packages will be installed:
  qt5-qmake-bin qtchooser
The following NEW packages will be installed:
  qt5-qmake qt5-qmake-bin qtchooser
0 upgraded, 3 newly installed, 0 to remove and 0 not upgraded.
Need to get 1322 kB of archives.
After this operation, 4914 kB of additional disk space will be used.
Get:1 http://127.0.0.1:12990/debian sid/main amd64 qt5-qmake-bin amd64 5.15.2+dfsg-12 [1046 kB]
Get:2 http://127.0.0.1:12990/debian sid/main amd64 qtchooser amd64 66-2 [26.3 kB]
Get:3 http://127.0.0.1:12990/debian sid/main amd64 qt5-qmake amd64 5.15.2+dfsg-12 [249 kB]
debconf: delaying package configuration, since apt-utils is not installed
Fetched 1322 kB in 0s (57.1 MB/s)
Selecting previously unselected package qt5-qmake-bin.
(Reading database ... (Reading database ... 5%(Reading database ... 10%(Reading database ... 15%(Reading database ... 20%(Reading database ... 25%(Reading database ... 30%(Reading database ... 35%(Reading database ... 40%(Reading database ... 45%(Reading database ... 50%(Reading database ... 55%(Reading database ... 60%(Reading database ... 65%(Reading database ... 70%(Reading database ... 75%(Reading database ... 80%(Reading database ... 85%(Reading database ... 90%(Reading database ... 95%(Reading database ... 100%(Reading database ... 13528 files and directories currently installed.)
Preparing to unpack .../qt5-qmake-bin_5.15.2+dfsg-12_amd64.deb ...
Unpacking qt5-qmake-bin (5.15.2+dfsg-12) ...
Selecting previously unselected package qtchooser.
Preparing to unpack .../qtchooser_66-2_amd64.deb ...
Unpacking qtchooser (66-2) ...
Selecting previously unselected package qt5-qmake:amd64.
Preparing to unpack .../qt5-qmake_5.15.2+dfsg-12_amd64.deb ...
Unpacking qt5-qmake:amd64 (5.15.2+dfsg-12) ...
Setting up qt5-qmake-bin (5.15.2+dfsg-12) ...
Setting up qtchooser (66-2) ...
Setting up qt5-qmake:amd64 (5.15.2+dfsg-12) ...
W: --force-yes is deprecated, use one of the options starting with --allow instead.
+ cp /usr/lib/x86_64-linux-gnu/qt5/mkspecs/linux-clang/qmake.conf /usr/lib/x86_64-linux-gnu/qt5/mkspecs/linux-clang/qplatformdefs.h /usr/lib/x86_64-linux-gnu/qt5/mkspecs/linux-g++/
+ ls -al /usr/lib/x86_64-linux-gnu/qt5/mkspecs/linux-g++/
total 16
drwxr-xr-x  2 root root 4096 Oct 26 21:40 .
drwxr-xr-x 76 root root 4096 Oct 26 21:40 ..
-rw-r--r--  1 root root  276 Oct 26 21:40 qmake.conf
-rw-r--r--  1 root root 3218 Oct 26 21:40 qplatformdefs.h
+ cat /usr/lib/x86_64-linux-gnu/qt5/mkspecs/linux-g++/qmake.conf
#
# qmake configuration for linux-clang
#

MAKEFILE_GENERATOR = UNIX
CONFIG += incremental

QMAKE_INCREMENTAL_STYLE = sublib

include(../common/linux.conf)
include(../common/gcc-base-unix.conf)
include(../common/clang.conf)

QMAKE_LFLAGS += -ccc-gcc-name g++

load(qt_config)
+ export QMAKESPEC=/usr/lib/x86_64-linux-gnu/qt5/mkspecs/linux-clang/
+ QMAKESPEC=/usr/lib/x86_64-linux-gnu/qt5/mkspecs/linux-clang/
+ sed -i -e 's|compare_problem(2,|compare_problem(0,|g' /usr/bin/dpkg-gensymbols
+ sed -i -e 's|compare_problem(1,|compare_problem(0,|g' /usr/bin/dpkg-gensymbols
+ grep 'compare_problem(' /usr/bin/dpkg-gensymbols
        compare_problem(4, g_('new libraries appeared in the symbols file: %s'), "@libs");
        compare_problem(3, g_('some libraries disappeared in the symbols file: %s'), "@libs");
        compare_problem(0, g_('some new symbols appeared in the symbols file: %s'),
        compare_problem(0, g_('some symbols or patterns disappeared in the symbols file: %s'),

I: Finished running '/tmp/clang13'.

Finished processing commands.
--------------------------------------------------------------------------------
I: NOTICE: Log filtering will replace 'build/frr-26f2wN/resolver-mZ1aKs' with '<<RESOLVERDIR>>'

+------------------------------------------------------------------------------+
| Update chroot                                                                |
+------------------------------------------------------------------------------+

Hit:1 http://127.0.0.1:12990/debian sid InRelease
Reading package lists...
Reading package lists...
Building dependency tree...
Reading state information...
Calculating upgrade...
0 upgraded, 0 newly installed, 0 to remove and 0 not upgraded.

+------------------------------------------------------------------------------+
| Fetch source files                                                           |
+------------------------------------------------------------------------------+


Check APT
---------

Checking available source versions...

Download source files with APT
------------------------------

Reading package lists...
NOTICE: 'frr' packaging is maintained in the 'Git' version control system at:
https://github.com/FRRouting/frr.git -b debian/master
Please use:
git clone https://github.com/FRRouting/frr.git -b debian/master
to retrieve the latest (possibly unreleased) updates to the package.
Need to get 4182 kB of source archives.
Get:1 http://127.0.0.1:12990/debian sid/main frr 7.5.1-1.1 (dsc) [2600 B]
Get:2 http://127.0.0.1:12990/debian sid/main frr 7.5.1-1.1 (tar) [4155 kB]
Get:3 http://127.0.0.1:12990/debian sid/main frr 7.5.1-1.1 (diff) [24.4 kB]
Fetched 4182 kB in 0s (41.4 MB/s)
Download complete and in download only mode
I: NOTICE: Log filtering will replace 'build/frr-26f2wN/frr-7.5.1' with '<<PKGBUILDDIR>>'
I: NOTICE: Log filtering will replace 'build/frr-26f2wN' with '<<BUILDDIR>>'

+------------------------------------------------------------------------------+
| Install package build dependencies                                           |
+------------------------------------------------------------------------------+


Setup apt archive
-----------------

Merged Build-Depends: bison, chrpath, debhelper (>= 9.20160709~), flex, gawk, install-info, libc-ares-dev, libcap-dev, libjson-c-dev | libjson0-dev, libpam0g-dev | libpam-dev, libpcre3-dev, libpython3-dev, libreadline-dev, librtr-dev, libsnmp-dev, libssh-dev, libsystemd-dev, libyang-dev (>= 1.0.184-1~), pkg-config, python3, python3-dev, python3-pytest, python3-sphinx, texinfo (>= 4.7), build-essential, fakeroot
Filtered Build-Depends: bison, chrpath, debhelper (>= 9.20160709~), flex, gawk, install-info, libc-ares-dev, libcap-dev, libjson-c-dev, libpam0g-dev, libpcre3-dev, libpython3-dev, libreadline-dev, librtr-dev, libsnmp-dev, libssh-dev, libsystemd-dev, libyang-dev (>= 1.0.184-1~), pkg-config, python3, python3-dev, python3-pytest, python3-sphinx, texinfo (>= 4.7), build-essential, fakeroot
dpkg-deb: building package 'sbuild-build-depends-main-dummy' in '/<<RESOLVERDIR>>/apt_archive/sbuild-build-depends-main-dummy.deb'.
Ign:1 copy:/<<RESOLVERDIR>>/apt_archive ./ InRelease
Get:2 copy:/<<RESOLVERDIR>>/apt_archive ./ Release [960 B]
Ign:3 copy:/<<RESOLVERDIR>>/apt_archive ./ Release.gpg
Get:4 copy:/<<RESOLVERDIR>>/apt_archive ./ Sources [551 B]
Get:5 copy:/<<RESOLVERDIR>>/apt_archive ./ Packages [594 B]
Fetched 2105 B in 0s (0 B/s)
Reading package lists...
Reading package lists...

Install main build dependencies (apt-based resolver)
----------------------------------------------------

Installing build dependencies
Reading package lists...
Building dependency tree...
Reading state information...
The following additional packages will be installed:
  autoconf automake autopoint autotools-dev bison bsdextrautils
  ca-certificates chrpath debhelper dh-autoreconf dh-strip-nondeterminism
  docutils-common dwz file flex gawk gettext gettext-base groff-base
  install-info intltool-debian libarchive-zip-perl libc-ares-dev libc-ares2
  libcap-dev libdebhelper-perl libelf1 libexpat1 libexpat1-dev
  libfile-stripnondeterminism-perl libglib2.0-0 libjs-jquery libjs-sphinxdoc
  libjs-underscore libjson-c-dev libjson-c5 libmagic-mgc libmagic1 libmariadb3
  libmpdec3 libncurses-dev libncurses6 libncursesw6 libnetsnmptrapd40
  libpam0g-dev libpci-dev libpci3 libpcre16-3 libpcre3-dev libpcre32-3
  libpcrecpp0v5 libpipeline1 libprocps8 libpython3-dev libpython3-stdlib
  libpython3.9 libpython3.9-dev libpython3.9-minimal libpython3.9-stdlib
  libreadline-dev libreadline8 librtr-dev librtr0 libsensors-config
  libsensors-dev libsensors5 libsigsegv2 libsnmp-base libsnmp-dev libsnmp40
  libsqlite3-0 libssh-4 libssh-dev libssl-dev libsub-override-perl
  libsystemd-dev libtext-unidecode-perl libtool libuchardet0 libudev-dev
  libwrap0 libwrap0-dev libxml-libxml-perl libxml-namespacesupport-perl
  libxml-sax-base-perl libxml-sax-perl libyang-dev libyang1 m4 man-db
  mariadb-common media-types mysql-common openssl pci.ids pkg-config
  po-debconf procps python-babel-localedata python3 python3-alabaster
  python3-attr python3-babel python3-certifi python3-chardet python3-dev
  python3-distutils python3-docutils python3-idna python3-imagesize
  python3-importlib-metadata python3-iniconfig python3-jinja2 python3-lib2to3
  python3-markupsafe python3-minimal python3-more-itertools python3-packaging
  python3-pkg-resources python3-pluggy python3-py python3-pygments
  python3-pyparsing python3-pytest python3-requests python3-roman python3-six
  python3-snowballstemmer python3-sphinx python3-toml python3-tz
  python3-urllib3 python3-zipp python3.9 python3.9-dev python3.9-minimal
  readline-common sensible-utils sgml-base sphinx-common tex-common texinfo
  ucf xml-core zlib1g-dev
Suggested packages:
  autoconf-archive gnu-standards autoconf-doc bison-doc dh-make flex-doc
  gawk-doc gettext-doc libasprintf-dev libgettextpo-dev groff manpages-dev
  ncurses-doc readline-doc librtr-doc lm-sensors snmp-mibs-downloader
  libssh-doc libssl-doc libtool-doc gfortran | fortran95-compiler gcj-jdk
  m4-doc apparmor less www-browser libmail-box-perl python3-doc python3-tk
  python3-venv python-attr-doc docutils-doc fonts-linuxlibertine
  | ttf-linux-libertine texlive-lang-french texlive-latex-base
  texlive-latex-recommended python-jinja2-doc python3-setuptools subversion
  python-pygments-doc ttf-bitstream-vera python-pyparsing-doc
  python3-cryptography python3-openssl python3-socks python-requests-doc
  python3-stemmer dvipng fonts-freefont-otf imagemagick-6.q16 latexmk
  libjs-mathjax python3-sphinx-rtd-theme sphinx-doc tex-gyre
  texlive-fonts-recommended texlive-latex-extra texlive-plain-generic
  python3.9-venv python3.9-doc binfmt-support sgml-base-doc texlive-base
Recommended packages:
  libfl-dev curl | wget | lynx libarchive-cpio-perl libglib2.0-data
  shared-mime-info xdg-user-dirs javascript-common libgpm2 libsnmp-perl
  libltdl-dev libwww-perl libxml-sax-expat-perl libmail-sendmail-perl psmisc
  libpaper-utils python3-pil
The following NEW packages will be installed:
  autoconf automake autopoint autotools-dev bison bsdextrautils
  ca-certificates chrpath debhelper dh-autoreconf dh-strip-nondeterminism
  docutils-common dwz file flex gawk gettext gettext-base groff-base
  install-info intltool-debian libarchive-zip-perl libc-ares-dev libc-ares2
  libcap-dev libdebhelper-perl libelf1 libexpat1 libexpat1-dev
  libfile-stripnondeterminism-perl libglib2.0-0 libjs-jquery libjs-sphinxdoc
  libjs-underscore libjson-c-dev libjson-c5 libmagic-mgc libmagic1 libmariadb3
  libmpdec3 libncurses-dev libncurses6 libncursesw6 libnetsnmptrapd40
  libpam0g-dev libpci-dev libpci3 libpcre16-3 libpcre3-dev libpcre32-3
  libpcrecpp0v5 libpipeline1 libprocps8 libpython3-dev libpython3-stdlib
  libpython3.9 libpython3.9-dev libpython3.9-minimal libpython3.9-stdlib
  libreadline-dev libreadline8 librtr-dev librtr0 libsensors-config
  libsensors-dev libsensors5 libsigsegv2 libsnmp-base libsnmp-dev libsnmp40
  libsqlite3-0 libssh-4 libssh-dev libssl-dev libsub-override-perl
  libsystemd-dev libtext-unidecode-perl libtool libuchardet0 libudev-dev
  libwrap0 libwrap0-dev libxml-libxml-perl libxml-namespacesupport-perl
  libxml-sax-base-perl libxml-sax-perl libyang-dev libyang1 m4 man-db
  mariadb-common media-types mysql-common openssl pci.ids pkg-config
  po-debconf procps python-babel-localedata python3 python3-alabaster
  python3-attr python3-babel python3-certifi python3-chardet python3-dev
  python3-distutils python3-docutils python3-idna python3-imagesize
  python3-importlib-metadata python3-iniconfig python3-jinja2 python3-lib2to3
  python3-markupsafe python3-minimal python3-more-itertools python3-packaging
  python3-pkg-resources python3-pluggy python3-py python3-pygments
  python3-pyparsing python3-pytest python3-requests python3-roman python3-six
  python3-snowballstemmer python3-sphinx python3-toml python3-tz
  python3-urllib3 python3-zipp python3.9 python3.9-dev python3.9-minimal
  readline-common sbuild-build-depends-main-dummy sensible-utils sgml-base
  sphinx-common tex-common texinfo ucf xml-core zlib1g-dev
0 upgraded, 146 newly installed, 0 to remove and 0 not upgraded.
Need to get 51.1 MB of archives.
After this operation, 197 MB of additional disk space will be used.
Get:1 copy:/<<RESOLVERDIR>>/apt_archive ./ sbuild-build-depends-main-dummy 0.invalid.0 [1024 B]
Get:2 http://127.0.0.1:12990/debian sid/main amd64 install-info amd64 6.8-3 [184 kB]
Get:3 http://127.0.0.1:12990/debian sid/main amd64 bsdextrautils amd64 2.37.2-4 [143 kB]
Get:4 http://127.0.0.1:12990/debian sid/main amd64 libuchardet0 amd64 0.0.7-1 [67.8 kB]
Get:5 http://127.0.0.1:12990/debian sid/main amd64 groff-base amd64 1.22.4-7 [935 kB]
Get:6 http://127.0.0.1:12990/debian sid/main amd64 libpipeline1 amd64 1.5.3-1 [34.3 kB]
Get:7 http://127.0.0.1:12990/debian sid/main amd64 man-db amd64 2.9.4-2 [1354 kB]
Get:8 http://127.0.0.1:12990/debian sid/main amd64 libsigsegv2 amd64 2.13-1 [34.8 kB]
Get:9 http://127.0.0.1:12990/debian sid/main amd64 m4 amd64 1.4.18-5 [204 kB]
Get:10 http://127.0.0.1:12990/debian sid/main amd64 flex amd64 2.6.4-8 [440 kB]
Get:11 http://127.0.0.1:12990/debian sid/main amd64 readline-common all 8.1-2 [73.8 kB]
Get:12 http://127.0.0.1:12990/debian sid/main amd64 libreadline8 amd64 8.1-2 [168 kB]
Get:13 http://127.0.0.1:12990/debian sid/main amd64 gawk amd64 1:5.1.0-1 [605 kB]
Get:14 http://127.0.0.1:12990/debian sid/main amd64 libpython3.9-minimal amd64 3.9.7-4 [804 kB]
Get:15 http://127.0.0.1:12990/debian sid/main amd64 libexpat1 amd64 2.4.1-3 [104 kB]
Get:16 http://127.0.0.1:12990/debian sid/main amd64 python3.9-minimal amd64 3.9.7-4 [1963 kB]
Get:17 http://127.0.0.1:12990/debian sid/main amd64 python3-minimal amd64 3.9.2-3 [38.2 kB]
Get:18 http://127.0.0.1:12990/debian sid/main amd64 media-types all 4.0.0 [30.3 kB]
Get:19 http://127.0.0.1:12990/debian sid/main amd64 libmpdec3 amd64 2.5.1-2 [87.8 kB]
Get:20 http://127.0.0.1:12990/debian sid/main amd64 libncursesw6 amd64 6.2+20210905-1 [133 kB]
Get:21 http://127.0.0.1:12990/debian sid/main amd64 libsqlite3-0 amd64 3.36.0-2 [815 kB]
Get:22 http://127.0.0.1:12990/debian sid/main amd64 libpython3.9-stdlib amd64 3.9.7-4 [1688 kB]
Get:23 http://127.0.0.1:12990/debian sid/main amd64 python3.9 amd64 3.9.7-4 [480 kB]
Get:24 http://127.0.0.1:12990/debian sid/main amd64 libpython3-stdlib amd64 3.9.2-3 [21.4 kB]
Get:25 http://127.0.0.1:12990/debian sid/main amd64 python3 amd64 3.9.2-3 [37.9 kB]
Get:26 http://127.0.0.1:12990/debian sid/main amd64 sgml-base all 1.30 [15.1 kB]
Get:27 http://127.0.0.1:12990/debian sid/main amd64 sensible-utils all 0.0.17 [21.5 kB]
Get:28 http://127.0.0.1:12990/debian sid/main amd64 ucf all 3.0043 [74.0 kB]
Get:29 http://127.0.0.1:12990/debian sid/main amd64 tex-common all 6.17 [53.6 kB]
Get:30 http://127.0.0.1:12990/debian sid/main amd64 libncurses6 amd64 6.2+20210905-1 [102 kB]
Get:31 http://127.0.0.1:12990/debian sid/main amd64 libprocps8 amd64 2:3.3.17-5 [63.9 kB]
Get:32 http://127.0.0.1:12990/debian sid/main amd64 procps amd64 2:3.3.17-5 [502 kB]
Get:33 http://127.0.0.1:12990/debian sid/main amd64 openssl amd64 1.1.1l-1 [851 kB]
Get:34 http://127.0.0.1:12990/debian sid/main amd64 ca-certificates all 20211016 [156 kB]
Get:35 http://127.0.0.1:12990/debian sid/main amd64 libmagic-mgc amd64 1:5.39-3 [273 kB]
Get:36 http://127.0.0.1:12990/debian sid/main amd64 libmagic1 amd64 1:5.39-3 [126 kB]
Get:37 http://127.0.0.1:12990/debian sid/main amd64 file amd64 1:5.39-3 [69.1 kB]
Get:38 http://127.0.0.1:12990/debian sid/main amd64 gettext-base amd64 0.21-4 [175 kB]
Get:39 http://127.0.0.1:12990/debian sid/main amd64 autoconf all 2.71-2 [343 kB]
Get:40 http://127.0.0.1:12990/debian sid/main amd64 autotools-dev all 20180224.1+nmu1 [77.1 kB]
Get:41 http://127.0.0.1:12990/debian sid/main amd64 automake all 1:1.16.5-1 [823 kB]
Get:42 http://127.0.0.1:12990/debian sid/main amd64 autopoint all 0.21-4 [510 kB]
Get:43 http://127.0.0.1:12990/debian sid/main amd64 bison amd64 2:3.8.2+dfsg-1 [1173 kB]
Get:44 http://127.0.0.1:12990/debian sid/main amd64 chrpath amd64 0.16-2+b1 [17.1 kB]
Get:45 http://127.0.0.1:12990/debian sid/main amd64 libdebhelper-perl all 13.5.2 [192 kB]
Get:46 http://127.0.0.1:12990/debian sid/main amd64 libtool all 2.4.6-15 [513 kB]
Get:47 http://127.0.0.1:12990/debian sid/main amd64 dh-autoreconf all 20 [17.1 kB]
Get:48 http://127.0.0.1:12990/debian sid/main amd64 libarchive-zip-perl all 1.68-1 [104 kB]
Get:49 http://127.0.0.1:12990/debian sid/main amd64 libsub-override-perl all 0.09-2 [10.2 kB]
Get:50 http://127.0.0.1:12990/debian sid/main amd64 libfile-stripnondeterminism-perl all 1.12.0-2 [26.3 kB]
Get:51 http://127.0.0.1:12990/debian sid/main amd64 dh-strip-nondeterminism all 1.12.0-2 [15.5 kB]
Get:52 http://127.0.0.1:12990/debian sid/main amd64 libelf1 amd64 0.185-2 [172 kB]
Get:53 http://127.0.0.1:12990/debian sid/main amd64 dwz amd64 0.14-1 [98.3 kB]
Get:54 http://127.0.0.1:12990/debian sid/main amd64 gettext amd64 0.21-4 [1311 kB]
Get:55 http://127.0.0.1:12990/debian sid/main amd64 intltool-debian all 0.35.0+20060710.5 [26.8 kB]
Get:56 http://127.0.0.1:12990/debian sid/main amd64 po-debconf all 1.0.21+nmu1 [248 kB]
Get:57 http://127.0.0.1:12990/debian sid/main amd64 debhelper all 13.5.2 [1056 kB]
Get:58 http://127.0.0.1:12990/debian sid/main amd64 xml-core all 0.18+nmu1 [23.8 kB]
Get:59 http://127.0.0.1:12990/debian sid/main amd64 docutils-common all 0.17.1+dfsg-2 [127 kB]
Get:60 http://127.0.0.1:12990/debian sid/main amd64 libc-ares2 amd64 1.18.0-1 [105 kB]
Get:61 http://127.0.0.1:12990/debian sid/main amd64 libc-ares-dev amd64 1.18.0-1 [194 kB]
Get:62 http://127.0.0.1:12990/debian sid/main amd64 libcap-dev amd64 1:2.44-1 [45.3 kB]
Get:63 http://127.0.0.1:12990/debian sid/main amd64 libexpat1-dev amd64 2.4.1-3 [156 kB]
Get:64 http://127.0.0.1:12990/debian sid/main amd64 libglib2.0-0 amd64 2.70.0-3 [1401 kB]
Get:65 http://127.0.0.1:12990/debian sid/main amd64 libjs-jquery all 3.5.1+dfsg+~3.5.5-8 [315 kB]
Get:66 http://127.0.0.1:12990/debian sid/main amd64 libjs-underscore all 1.9.1~dfsg-4 [100 kB]
Get:67 http://127.0.0.1:12990/debian sid/main amd64 libjs-sphinxdoc all 4.2.0-5 [137 kB]
Get:68 http://127.0.0.1:12990/debian sid/main amd64 libjson-c5 amd64 0.15-2 [42.8 kB]
Get:69 http://127.0.0.1:12990/debian sid/main amd64 libjson-c-dev amd64 0.15-2 [69.3 kB]
Get:70 http://127.0.0.1:12990/debian sid/main amd64 mysql-common all 5.8+1.0.7 [7464 B]
Get:71 http://127.0.0.1:12990/debian sid/main amd64 mariadb-common all 1:10.5.12-1 [36.3 kB]
Get:72 http://127.0.0.1:12990/debian sid/main amd64 libmariadb3 amd64 1:10.5.12-1 [175 kB]
Get:73 http://127.0.0.1:12990/debian sid/main amd64 libncurses-dev amd64 6.2+20210905-1 [344 kB]
Get:74 http://127.0.0.1:12990/debian sid/main amd64 pci.ids all 0.0~2021.08.22-1 [230 kB]
Get:75 http://127.0.0.1:12990/debian sid/main amd64 libpci3 amd64 1:3.7.0-6 [62.7 kB]
Get:76 http://127.0.0.1:12990/debian sid/main amd64 libsensors-config all 1:3.6.0-7 [32.3 kB]
Get:77 http://127.0.0.1:12990/debian sid/main amd64 libsensors5 amd64 1:3.6.0-7 [52.3 kB]
Get:78 http://127.0.0.1:12990/debian sid/main amd64 libwrap0 amd64 7.6.q-31 [59.0 kB]
Get:79 http://127.0.0.1:12990/debian sid/main amd64 libsnmp-base all 5.9.1+dfsg-1 [1748 kB]
Get:80 http://127.0.0.1:12990/debian sid/main amd64 libsnmp40 amd64 5.9.1+dfsg-1 [2567 kB]
Get:81 http://127.0.0.1:12990/debian sid/main amd64 libnetsnmptrapd40 amd64 5.9.1+dfsg-1 [23.1 kB]
Get:82 http://127.0.0.1:12990/debian sid/main amd64 libpam0g-dev amd64 1.4.0-10 [190 kB]
Get:83 http://127.0.0.1:12990/debian sid/main amd64 libudev-dev amd64 249.5-1 [126 kB]
Get:84 http://127.0.0.1:12990/debian sid/main amd64 zlib1g-dev amd64 1:1.2.11.dfsg-2 [190 kB]
Get:85 http://127.0.0.1:12990/debian sid/main amd64 libpci-dev amd64 1:3.7.0-6 [60.6 kB]
Get:86 http://127.0.0.1:12990/debian sid/main amd64 libpcre16-3 amd64 2:8.39-13 [259 kB]
Get:87 http://127.0.0.1:12990/debian sid/main amd64 libpcre32-3 amd64 2:8.39-13 [250 kB]
Get:88 http://127.0.0.1:12990/debian sid/main amd64 libpcrecpp0v5 amd64 2:8.39-13 [152 kB]
Get:89 http://127.0.0.1:12990/debian sid/main amd64 libpcre3-dev amd64 2:8.39-13 [650 kB]
Get:90 http://127.0.0.1:12990/debian sid/main amd64 libpython3.9 amd64 3.9.7-4 [1693 kB]
Get:91 http://127.0.0.1:12990/debian sid/main amd64 libpython3.9-dev amd64 3.9.7-4 [4032 kB]
Get:92 http://127.0.0.1:12990/debian sid/main amd64 libpython3-dev amd64 3.9.2-3 [21.7 kB]
Get:93 http://127.0.0.1:12990/debian sid/main amd64 libreadline-dev amd64 8.1-2 [148 kB]
Get:94 http://127.0.0.1:12990/debian sid/main amd64 libssh-4 amd64 0.9.6-1 [187 kB]
Get:95 http://127.0.0.1:12990/debian sid/main amd64 librtr0 amd64 0.8.0-1 [44.1 kB]
Get:96 http://127.0.0.1:12990/debian sid/main amd64 libssl-dev amd64 1.1.1l-1 [1809 kB]
Get:97 http://127.0.0.1:12990/debian sid/main amd64 libssh-dev amd64 0.9.6-1 [234 kB]
Get:98 http://127.0.0.1:12990/debian sid/main amd64 librtr-dev amd64 0.8.0-1 [18.1 kB]
Get:99 http://127.0.0.1:12990/debian sid/main amd64 libsensors-dev amd64 1:3.6.0-7 [62.5 kB]
Get:100 http://127.0.0.1:12990/debian sid/main amd64 libwrap0-dev amd64 7.6.q-31 [21.5 kB]
Get:101 http://127.0.0.1:12990/debian sid/main amd64 libsnmp-dev amd64 5.9.1+dfsg-1 [202 kB]
Get:102 http://127.0.0.1:12990/debian sid/main amd64 libsystemd-dev amd64 249.5-1 [410 kB]
Get:103 http://127.0.0.1:12990/debian sid/main amd64 libtext-unidecode-perl all 1.30-1 [103 kB]
Get:104 http://127.0.0.1:12990/debian sid/main amd64 libxml-namespacesupport-perl all 1.12-1.1 [14.9 kB]
Get:105 http://127.0.0.1:12990/debian sid/main amd64 libxml-sax-base-perl all 1.09-1.1 [20.7 kB]
Get:106 http://127.0.0.1:12990/debian sid/main amd64 libxml-sax-perl all 1.02+dfsg-3 [59.4 kB]
Get:107 http://127.0.0.1:12990/debian sid/main amd64 libxml-libxml-perl amd64 2.0134+dfsg-2+b1 [337 kB]
Get:108 http://127.0.0.1:12990/debian sid/main amd64 libyang1 amd64 1.0.225-1.1 [452 kB]
Get:109 http://127.0.0.1:12990/debian sid/main amd64 libyang-dev amd64 1.0.225-1.1 [71.9 kB]
Get:110 http://127.0.0.1:12990/debian sid/main amd64 pkg-config amd64 0.29.2-1 [65.1 kB]
Get:111 http://127.0.0.1:12990/debian sid/main amd64 python-babel-localedata all 2.8.0+dfsg.1-7 [4997 kB]
Get:112 http://127.0.0.1:12990/debian sid/main amd64 python3-alabaster all 0.7.12-1 [20.8 kB]
Get:113 http://127.0.0.1:12990/debian sid/main amd64 python3-attr all 20.3.0-1 [52.9 kB]
Get:114 http://127.0.0.1:12990/debian sid/main amd64 python3-pkg-resources all 58.2.0-1 [192 kB]
Get:115 http://127.0.0.1:12990/debian sid/main amd64 python3-tz all 2021.3-1 [34.9 kB]
Get:116 http://127.0.0.1:12990/debian sid/main amd64 python3-babel all 2.8.0+dfsg.1-7 [100 kB]
Get:117 http://127.0.0.1:12990/debian sid/main amd64 python3-certifi all 2020.6.20-1 [151 kB]
Get:118 http://127.0.0.1:12990/debian sid/main amd64 python3-chardet all 4.0.0-1 [99.0 kB]
Get:119 http://127.0.0.1:12990/debian sid/main amd64 python3.9-dev amd64 3.9.7-4 [508 kB]
Get:120 http://127.0.0.1:12990/debian sid/main amd64 python3-lib2to3 all 3.9.7-1 [79.4 kB]
Get:121 http://127.0.0.1:12990/debian sid/main amd64 python3-distutils all 3.9.7-1 [146 kB]
Get:122 http://127.0.0.1:12990/debian sid/main amd64 python3-dev amd64 3.9.2-3 [24.8 kB]
Get:123 http://127.0.0.1:12990/debian sid/main amd64 python3-roman all 3.3-1 [10.7 kB]
Get:124 http://127.0.0.1:12990/debian sid/main amd64 python3-docutils all 0.17.1+dfsg-2 [393 kB]
Get:125 http://127.0.0.1:12990/debian sid/main amd64 python3-idna all 2.10-1 [37.4 kB]
Get:126 http://127.0.0.1:12990/debian sid/main amd64 python3-imagesize all 1.2.0-2 [5824 B]
Get:127 http://127.0.0.1:12990/debian sid/main amd64 python3-six all 1.16.0-2 [17.5 kB]
Get:128 http://127.0.0.1:12990/debian sid/main amd64 python3-more-itertools all 4.2.0-3 [42.7 kB]
Get:129 http://127.0.0.1:12990/debian sid/main amd64 python3-zipp all 1.0.0-3 [6060 B]
Get:130 http://127.0.0.1:12990/debian sid/main amd64 python3-importlib-metadata all 4.6.4-1 [22.5 kB]
Get:131 http://127.0.0.1:12990/debian sid/main amd64 python3-iniconfig all 1.1.1-1 [6308 B]
Get:132 http://127.0.0.1:12990/debian sid/main amd64 python3-markupsafe amd64 2.0.1-2 [13.6 kB]
Get:133 http://127.0.0.1:12990/debian sid/main amd64 python3-jinja2 all 3.0.1-2 [121 kB]
Get:134 http://127.0.0.1:12990/debian sid/main amd64 python3-pyparsing all 2.4.7-1 [109 kB]
Get:135 http://127.0.0.1:12990/debian sid/main amd64 python3-packaging all 21.0-1 [33.5 kB]
Get:136 http://127.0.0.1:12990/debian sid/main amd64 python3-pluggy all 0.13.0-7 [22.4 kB]
Get:137 http://127.0.0.1:12990/debian sid/main amd64 python3-py all 1.10.0-1 [94.2 kB]
Get:138 http://127.0.0.1:12990/debian sid/main amd64 python3-pygments all 2.7.1+dfsg-2.1 [657 kB]
Get:139 http://127.0.0.1:12990/debian sid/main amd64 python3-toml all 0.10.2-1 [16.2 kB]
Get:140 http://127.0.0.1:12990/debian sid/main amd64 python3-pytest all 6.2.5-1 [218 kB]
Get:141 http://127.0.0.1:12990/debian sid/main amd64 python3-urllib3 all 1.26.5-1~exp1 [114 kB]
Get:142 http://127.0.0.1:12990/debian sid/main amd64 python3-requests all 2.25.1+dfsg-2 [69.3 kB]
Get:143 http://127.0.0.1:12990/debian sid/main amd64 python3-snowballstemmer all 2.1.0-2 [58.8 kB]
Get:144 http://127.0.0.1:12990/debian sid/main amd64 sphinx-common all 4.2.0-5 [623 kB]
Get:145 http://127.0.0.1:12990/debian sid/main amd64 python3-sphinx all 4.2.0-5 [529 kB]
Get:146 http://127.0.0.1:12990/debian sid/main amd64 texinfo amd64 6.8-3 [1825 kB]
debconf: delaying package configuration, since apt-utils is not installed
Fetched 51.1 MB in 1s (94.0 MB/s)
Selecting previously unselected package install-info.
(Reading database ... 14273 files and directories currently installed.)
Preparing to unpack .../install-info_6.8-3_amd64.deb ...
Unpacking install-info (6.8-3) ...
Setting up install-info (6.8-3) ...
Selecting previously unselected package bsdextrautils.
(Reading database ... 14287 files and directories currently installed.)
Preparing to unpack .../0-bsdextrautils_2.37.2-4_amd64.deb ...
Unpacking bsdextrautils (2.37.2-4) ...
Selecting previously unselected package libuchardet0:amd64.
Preparing to unpack .../1-libuchardet0_0.0.7-1_amd64.deb ...
Unpacking libuchardet0:amd64 (0.0.7-1) ...
Selecting previously unselected package groff-base.
Preparing to unpack .../2-groff-base_1.22.4-7_amd64.deb ...
Unpacking groff-base (1.22.4-7) ...
Selecting previously unselected package libpipeline1:amd64.
Preparing to unpack .../3-libpipeline1_1.5.3-1_amd64.deb ...
Unpacking libpipeline1:amd64 (1.5.3-1) ...
Selecting previously unselected package man-db.
Preparing to unpack .../4-man-db_2.9.4-2_amd64.deb ...
Unpacking man-db (2.9.4-2) ...
Selecting previously unselected package libsigsegv2:amd64.
Preparing to unpack .../5-libsigsegv2_2.13-1_amd64.deb ...
Unpacking libsigsegv2:amd64 (2.13-1) ...
Selecting previously unselected package m4.
Preparing to unpack .../6-m4_1.4.18-5_amd64.deb ...
Unpacking m4 (1.4.18-5) ...
Selecting previously unselected package flex.
Preparing to unpack .../7-flex_2.6.4-8_amd64.deb ...
Unpacking flex (2.6.4-8) ...
Selecting previously unselected package readline-common.
Preparing to unpack .../8-readline-common_8.1-2_all.deb ...
Unpacking readline-common (8.1-2) ...
Selecting previously unselected package libreadline8:amd64.
Preparing to unpack .../9-libreadline8_8.1-2_amd64.deb ...
Unpacking libreadline8:amd64 (8.1-2) ...
Setting up readline-common (8.1-2) ...
Setting up libreadline8:amd64 (8.1-2) ...
Setting up libsigsegv2:amd64 (2.13-1) ...
Selecting previously unselected package gawk.
(Reading database ... 15051 files and directories currently installed.)
Preparing to unpack .../gawk_1%3a5.1.0-1_amd64.deb ...
Unpacking gawk (1:5.1.0-1) ...
Selecting previously unselected package libpython3.9-minimal:amd64.
Preparing to unpack .../libpython3.9-minimal_3.9.7-4_amd64.deb ...
Unpacking libpython3.9-minimal:amd64 (3.9.7-4) ...
Selecting previously unselected package libexpat1:amd64.
Preparing to unpack .../libexpat1_2.4.1-3_amd64.deb ...
Unpacking libexpat1:amd64 (2.4.1-3) ...
Selecting previously unselected package python3.9-minimal.
Preparing to unpack .../python3.9-minimal_3.9.7-4_amd64.deb ...
Unpacking python3.9-minimal (3.9.7-4) ...
Setting up libpython3.9-minimal:amd64 (3.9.7-4) ...
Setting up libexpat1:amd64 (2.4.1-3) ...
Setting up python3.9-minimal (3.9.7-4) ...
Selecting previously unselected package python3-minimal.
(Reading database ... 15520 files and directories currently installed.)
Preparing to unpack .../0-python3-minimal_3.9.2-3_amd64.deb ...
Unpacking python3-minimal (3.9.2-3) ...
Selecting previously unselected package media-types.
Preparing to unpack .../1-media-types_4.0.0_all.deb ...
Unpacking media-types (4.0.0) ...
Selecting previously unselected package libmpdec3:amd64.
Preparing to unpack .../2-libmpdec3_2.5.1-2_amd64.deb ...
Unpacking libmpdec3:amd64 (2.5.1-2) ...
Selecting previously unselected package libncursesw6:amd64.
Preparing to unpack .../3-libncursesw6_6.2+20210905-1_amd64.deb ...
Unpacking libncursesw6:amd64 (6.2+20210905-1) ...
Selecting previously unselected package libsqlite3-0:amd64.
Preparing to unpack .../4-libsqlite3-0_3.36.0-2_amd64.deb ...
Unpacking libsqlite3-0:amd64 (3.36.0-2) ...
Selecting previously unselected package libpython3.9-stdlib:amd64.
Preparing to unpack .../5-libpython3.9-stdlib_3.9.7-4_amd64.deb ...
Unpacking libpython3.9-stdlib:amd64 (3.9.7-4) ...
Selecting previously unselected package python3.9.
Preparing to unpack .../6-python3.9_3.9.7-4_amd64.deb ...
Unpacking python3.9 (3.9.7-4) ...
Selecting previously unselected package libpython3-stdlib:amd64.
Preparing to unpack .../7-libpython3-stdlib_3.9.2-3_amd64.deb ...
Unpacking libpython3-stdlib:amd64 (3.9.2-3) ...
Setting up python3-minimal (3.9.2-3) ...
Selecting previously unselected package python3.
(Reading database ... 15935 files and directories currently installed.)
Preparing to unpack .../000-python3_3.9.2-3_amd64.deb ...
Unpacking python3 (3.9.2-3) ...
Selecting previously unselected package sgml-base.
Preparing to unpack .../001-sgml-base_1.30_all.deb ...
Unpacking sgml-base (1.30) ...
Selecting previously unselected package sensible-utils.
Preparing to unpack .../002-sensible-utils_0.0.17_all.deb ...
Unpacking sensible-utils (0.0.17) ...
Selecting previously unselected package ucf.
Preparing to unpack .../003-ucf_3.0043_all.deb ...
Moving old data out of the way
Unpacking ucf (3.0043) ...
Selecting previously unselected package tex-common.
Preparing to unpack .../004-tex-common_6.17_all.deb ...
Unpacking tex-common (6.17) ...
Selecting previously unselected package libncurses6:amd64.
Preparing to unpack .../005-libncurses6_6.2+20210905-1_amd64.deb ...
Unpacking libncurses6:amd64 (6.2+20210905-1) ...
Selecting previously unselected package libprocps8:amd64.
Preparing to unpack .../006-libprocps8_2%3a3.3.17-5_amd64.deb ...
Unpacking libprocps8:amd64 (2:3.3.17-5) ...
Selecting previously unselected package procps.
Preparing to unpack .../007-procps_2%3a3.3.17-5_amd64.deb ...
Unpacking procps (2:3.3.17-5) ...
Selecting previously unselected package openssl.
Preparing to unpack .../008-openssl_1.1.1l-1_amd64.deb ...
Unpacking openssl (1.1.1l-1) ...
Selecting previously unselected package ca-certificates.
Preparing to unpack .../009-ca-certificates_20211016_all.deb ...
Unpacking ca-certificates (20211016) ...
Selecting previously unselected package libmagic-mgc.
Preparing to unpack .../010-libmagic-mgc_1%3a5.39-3_amd64.deb ...
Unpacking libmagic-mgc (1:5.39-3) ...
Selecting previously unselected package libmagic1:amd64.
Preparing to unpack .../011-libmagic1_1%3a5.39-3_amd64.deb ...
Unpacking libmagic1:amd64 (1:5.39-3) ...
Selecting previously unselected package file.
Preparing to unpack .../012-file_1%3a5.39-3_amd64.deb ...
Unpacking file (1:5.39-3) ...
Selecting previously unselected package gettext-base.
Preparing to unpack .../013-gettext-base_0.21-4_amd64.deb ...
Unpacking gettext-base (0.21-4) ...
Selecting previously unselected package autoconf.
Preparing to unpack .../014-autoconf_2.71-2_all.deb ...
Unpacking autoconf (2.71-2) ...
Selecting previously unselected package autotools-dev.
Preparing to unpack .../015-autotools-dev_20180224.1+nmu1_all.deb ...
Unpacking autotools-dev (20180224.1+nmu1) ...
Selecting previously unselected package automake.
Preparing to unpack .../016-automake_1%3a1.16.5-1_all.deb ...
Unpacking automake (1:1.16.5-1) ...
Selecting previously unselected package autopoint.
Preparing to unpack .../017-autopoint_0.21-4_all.deb ...
Unpacking autopoint (0.21-4) ...
Selecting previously unselected package bison.
Preparing to unpack .../018-bison_2%3a3.8.2+dfsg-1_amd64.deb ...
Unpacking bison (2:3.8.2+dfsg-1) ...
Selecting previously unselected package chrpath.
Preparing to unpack .../019-chrpath_0.16-2+b1_amd64.deb ...
Unpacking chrpath (0.16-2+b1) ...
Selecting previously unselected package libdebhelper-perl.
Preparing to unpack .../020-libdebhelper-perl_13.5.2_all.deb ...
Unpacking libdebhelper-perl (13.5.2) ...
Selecting previously unselected package libtool.
Preparing to unpack .../021-libtool_2.4.6-15_all.deb ...
Unpacking libtool (2.4.6-15) ...
Selecting previously unselected package dh-autoreconf.
Preparing to unpack .../022-dh-autoreconf_20_all.deb ...
Unpacking dh-autoreconf (20) ...
Selecting previously unselected package libarchive-zip-perl.
Preparing to unpack .../023-libarchive-zip-perl_1.68-1_all.deb ...
Unpacking libarchive-zip-perl (1.68-1) ...
Selecting previously unselected package libsub-override-perl.
Preparing to unpack .../024-libsub-override-perl_0.09-2_all.deb ...
Unpacking libsub-override-perl (0.09-2) ...
Selecting previously unselected package libfile-stripnondeterminism-perl.
Preparing to unpack .../025-libfile-stripnondeterminism-perl_1.12.0-2_all.deb ...
Unpacking libfile-stripnondeterminism-perl (1.12.0-2) ...
Selecting previously unselected package dh-strip-nondeterminism.
Preparing to unpack .../026-dh-strip-nondeterminism_1.12.0-2_all.deb ...
Unpacking dh-strip-nondeterminism (1.12.0-2) ...
Selecting previously unselected package libelf1:amd64.
Preparing to unpack .../027-libelf1_0.185-2_amd64.deb ...
Unpacking libelf1:amd64 (0.185-2) ...
Selecting previously unselected package dwz.
Preparing to unpack .../028-dwz_0.14-1_amd64.deb ...
Unpacking dwz (0.14-1) ...
Selecting previously unselected package gettext.
Preparing to unpack .../029-gettext_0.21-4_amd64.deb ...
Unpacking gettext (0.21-4) ...
Selecting previously unselected package intltool-debian.
Preparing to unpack .../030-intltool-debian_0.35.0+20060710.5_all.deb ...
Unpacking intltool-debian (0.35.0+20060710.5) ...
Selecting previously unselected package po-debconf.
Preparing to unpack .../031-po-debconf_1.0.21+nmu1_all.deb ...
Unpacking po-debconf (1.0.21+nmu1) ...
Selecting previously unselected package debhelper.
Preparing to unpack .../032-debhelper_13.5.2_all.deb ...
Unpacking debhelper (13.5.2) ...
Selecting previously unselected package xml-core.
Preparing to unpack .../033-xml-core_0.18+nmu1_all.deb ...
Unpacking xml-core (0.18+nmu1) ...
Selecting previously unselected package docutils-common.
Preparing to unpack .../034-docutils-common_0.17.1+dfsg-2_all.deb ...
Unpacking docutils-common (0.17.1+dfsg-2) ...
Selecting previously unselected package libc-ares2:amd64.
Preparing to unpack .../035-libc-ares2_1.18.0-1_amd64.deb ...
Unpacking libc-ares2:amd64 (1.18.0-1) ...
Selecting previously unselected package libc-ares-dev:amd64.
Preparing to unpack .../036-libc-ares-dev_1.18.0-1_amd64.deb ...
Unpacking libc-ares-dev:amd64 (1.18.0-1) ...
Selecting previously unselected package libcap-dev:amd64.
Preparing to unpack .../037-libcap-dev_1%3a2.44-1_amd64.deb ...
Unpacking libcap-dev:amd64 (1:2.44-1) ...
Selecting previously unselected package libexpat1-dev:amd64.
Preparing to unpack .../038-libexpat1-dev_2.4.1-3_amd64.deb ...
Unpacking libexpat1-dev:amd64 (2.4.1-3) ...
Selecting previously unselected package libglib2.0-0:amd64.
Preparing to unpack .../039-libglib2.0-0_2.70.0-3_amd64.deb ...
Unpacking libglib2.0-0:amd64 (2.70.0-3) ...
Selecting previously unselected package libjs-jquery.
Preparing to unpack .../040-libjs-jquery_3.5.1+dfsg+~3.5.5-8_all.deb ...
Unpacking libjs-jquery (3.5.1+dfsg+~3.5.5-8) ...
Selecting previously unselected package libjs-underscore.
Preparing to unpack .../041-libjs-underscore_1.9.1~dfsg-4_all.deb ...
Unpacking libjs-underscore (1.9.1~dfsg-4) ...
Selecting previously unselected package libjs-sphinxdoc.
Preparing to unpack .../042-libjs-sphinxdoc_4.2.0-5_all.deb ...
Unpacking libjs-sphinxdoc (4.2.0-5) ...
Selecting previously unselected package libjson-c5:amd64.
Preparing to unpack .../043-libjson-c5_0.15-2_amd64.deb ...
Unpacking libjson-c5:amd64 (0.15-2) ...
Selecting previously unselected package libjson-c-dev.
Preparing to unpack .../044-libjson-c-dev_0.15-2_amd64.deb ...
Unpacking libjson-c-dev (0.15-2) ...
Selecting previously unselected package mysql-common.
Preparing to unpack .../045-mysql-common_5.8+1.0.7_all.deb ...
Unpacking mysql-common (5.8+1.0.7) ...
Selecting previously unselected package mariadb-common.
Preparing to unpack .../046-mariadb-common_1%3a10.5.12-1_all.deb ...
Unpacking mariadb-common (1:10.5.12-1) ...
Selecting previously unselected package libmariadb3:amd64.
Preparing to unpack .../047-libmariadb3_1%3a10.5.12-1_amd64.deb ...
Unpacking libmariadb3:amd64 (1:10.5.12-1) ...
Selecting previously unselected package libncurses-dev:amd64.
Preparing to unpack .../048-libncurses-dev_6.2+20210905-1_amd64.deb ...
Unpacking libncurses-dev:amd64 (6.2+20210905-1) ...
Selecting previously unselected package pci.ids.
Preparing to unpack .../049-pci.ids_0.0~2021.08.22-1_all.deb ...
Unpacking pci.ids (0.0~2021.08.22-1) ...
Selecting previously unselected package libpci3:amd64.
Preparing to unpack .../050-libpci3_1%3a3.7.0-6_amd64.deb ...
Unpacking libpci3:amd64 (1:3.7.0-6) ...
Selecting previously unselected package libsensors-config.
Preparing to unpack .../051-libsensors-config_1%3a3.6.0-7_all.deb ...
Unpacking libsensors-config (1:3.6.0-7) ...
Selecting previously unselected package libsensors5:amd64.
Preparing to unpack .../052-libsensors5_1%3a3.6.0-7_amd64.deb ...
Unpacking libsensors5:amd64 (1:3.6.0-7) ...
Selecting previously unselected package libwrap0:amd64.
Preparing to unpack .../053-libwrap0_7.6.q-31_amd64.deb ...
Unpacking libwrap0:amd64 (7.6.q-31) ...
Selecting previously unselected package libsnmp-base.
Preparing to unpack .../054-libsnmp-base_5.9.1+dfsg-1_all.deb ...
Unpacking libsnmp-base (5.9.1+dfsg-1) ...
Selecting previously unselected package libsnmp40:amd64.
Preparing to unpack .../055-libsnmp40_5.9.1+dfsg-1_amd64.deb ...
Unpacking libsnmp40:amd64 (5.9.1+dfsg-1) ...
Selecting previously unselected package libnetsnmptrapd40:amd64.
Preparing to unpack .../056-libnetsnmptrapd40_5.9.1+dfsg-1_amd64.deb ...
Unpacking libnetsnmptrapd40:amd64 (5.9.1+dfsg-1) ...
Selecting previously unselected package libpam0g-dev:amd64.
Preparing to unpack .../057-libpam0g-dev_1.4.0-10_amd64.deb ...
Unpacking libpam0g-dev:amd64 (1.4.0-10) ...
Selecting previously unselected package libudev-dev:amd64.
Preparing to unpack .../058-libudev-dev_249.5-1_amd64.deb ...
Unpacking libudev-dev:amd64 (249.5-1) ...
Selecting previously unselected package zlib1g-dev:amd64.
Preparing to unpack .../059-zlib1g-dev_1%3a1.2.11.dfsg-2_amd64.deb ...
Unpacking zlib1g-dev:amd64 (1:1.2.11.dfsg-2) ...
Selecting previously unselected package libpci-dev:amd64.
Preparing to unpack .../060-libpci-dev_1%3a3.7.0-6_amd64.deb ...
Unpacking libpci-dev:amd64 (1:3.7.0-6) ...
Selecting previously unselected package libpcre16-3:amd64.
Preparing to unpack .../061-libpcre16-3_2%3a8.39-13_amd64.deb ...
Unpacking libpcre16-3:amd64 (2:8.39-13) ...
Selecting previously unselected package libpcre32-3:amd64.
Preparing to unpack .../062-libpcre32-3_2%3a8.39-13_amd64.deb ...
Unpacking libpcre32-3:amd64 (2:8.39-13) ...
Selecting previously unselected package libpcrecpp0v5:amd64.
Preparing to unpack .../063-libpcrecpp0v5_2%3a8.39-13_amd64.deb ...
Unpacking libpcrecpp0v5:amd64 (2:8.39-13) ...
Selecting previously unselected package libpcre3-dev:amd64.
Preparing to unpack .../064-libpcre3-dev_2%3a8.39-13_amd64.deb ...
Unpacking libpcre3-dev:amd64 (2:8.39-13) ...
Selecting previously unselected package libpython3.9:amd64.
Preparing to unpack .../065-libpython3.9_3.9.7-4_amd64.deb ...
Unpacking libpython3.9:amd64 (3.9.7-4) ...
Selecting previously unselected package libpython3.9-dev:amd64.
Preparing to unpack .../066-libpython3.9-dev_3.9.7-4_amd64.deb ...
Unpacking libpython3.9-dev:amd64 (3.9.7-4) ...
Selecting previously unselected package libpython3-dev:amd64.
Preparing to unpack .../067-libpython3-dev_3.9.2-3_amd64.deb ...
Unpacking libpython3-dev:amd64 (3.9.2-3) ...
Selecting previously unselected package libreadline-dev:amd64.
Preparing to unpack .../068-libreadline-dev_8.1-2_amd64.deb ...
Unpacking libreadline-dev:amd64 (8.1-2) ...
Selecting previously unselected package libssh-4:amd64.
Preparing to unpack .../069-libssh-4_0.9.6-1_amd64.deb ...
Unpacking libssh-4:amd64 (0.9.6-1) ...
Selecting previously unselected package librtr0:amd64.
Preparing to unpack .../070-librtr0_0.8.0-1_amd64.deb ...
Unpacking librtr0:amd64 (0.8.0-1) ...
Selecting previously unselected package libssl-dev:amd64.
Preparing to unpack .../071-libssl-dev_1.1.1l-1_amd64.deb ...
Unpacking libssl-dev:amd64 (1.1.1l-1) ...
Selecting previously unselected package libssh-dev:amd64.
Preparing to unpack .../072-libssh-dev_0.9.6-1_amd64.deb ...
Unpacking libssh-dev:amd64 (0.9.6-1) ...
Selecting previously unselected package librtr-dev:amd64.
Preparing to unpack .../073-librtr-dev_0.8.0-1_amd64.deb ...
Unpacking librtr-dev:amd64 (0.8.0-1) ...
Selecting previously unselected package libsensors-dev:amd64.
Preparing to unpack .../074-libsensors-dev_1%3a3.6.0-7_amd64.deb ...
Unpacking libsensors-dev:amd64 (1:3.6.0-7) ...
Selecting previously unselected package libwrap0-dev:amd64.
Preparing to unpack .../075-libwrap0-dev_7.6.q-31_amd64.deb ...
Unpacking libwrap0-dev:amd64 (7.6.q-31) ...
Selecting previously unselected package libsnmp-dev.
Preparing to unpack .../076-libsnmp-dev_5.9.1+dfsg-1_amd64.deb ...
Unpacking libsnmp-dev (5.9.1+dfsg-1) ...
Selecting previously unselected package libsystemd-dev:amd64.
Preparing to unpack .../077-libsystemd-dev_249.5-1_amd64.deb ...
Unpacking libsystemd-dev:amd64 (249.5-1) ...
Selecting previously unselected package libtext-unidecode-perl.
Preparing to unpack .../078-libtext-unidecode-perl_1.30-1_all.deb ...
Unpacking libtext-unidecode-perl (1.30-1) ...
Selecting previously unselected package libxml-namespacesupport-perl.
Preparing to unpack .../079-libxml-namespacesupport-perl_1.12-1.1_all.deb ...
Unpacking libxml-namespacesupport-perl (1.12-1.1) ...
Selecting previously unselected package libxml-sax-base-perl.
Preparing to unpack .../080-libxml-sax-base-perl_1.09-1.1_all.deb ...
Unpacking libxml-sax-base-perl (1.09-1.1) ...
Selecting previously unselected package libxml-sax-perl.
Preparing to unpack .../081-libxml-sax-perl_1.02+dfsg-3_all.deb ...
Unpacking libxml-sax-perl (1.02+dfsg-3) ...
Selecting previously unselected package libxml-libxml-perl.
Preparing to unpack .../082-libxml-libxml-perl_2.0134+dfsg-2+b1_amd64.deb ...
Unpacking libxml-libxml-perl (2.0134+dfsg-2+b1) ...
Selecting previously unselected package libyang1.
Preparing to unpack .../083-libyang1_1.0.225-1.1_amd64.deb ...
Unpacking libyang1 (1.0.225-1.1) ...
Selecting previously unselected package libyang-dev.
Preparing to unpack .../084-libyang-dev_1.0.225-1.1_amd64.deb ...
Unpacking libyang-dev (1.0.225-1.1) ...
Selecting previously unselected package pkg-config.
Preparing to unpack .../085-pkg-config_0.29.2-1_amd64.deb ...
Unpacking pkg-config (0.29.2-1) ...
Selecting previously unselected package python-babel-localedata.
Preparing to unpack .../086-python-babel-localedata_2.8.0+dfsg.1-7_all.deb ...
Unpacking python-babel-localedata (2.8.0+dfsg.1-7) ...
Selecting previously unselected package python3-alabaster.
Preparing to unpack .../087-python3-alabaster_0.7.12-1_all.deb ...
Unpacking python3-alabaster (0.7.12-1) ...
Selecting previously unselected package python3-attr.
Preparing to unpack .../088-python3-attr_20.3.0-1_all.deb ...
Unpacking python3-attr (20.3.0-1) ...
Selecting previously unselected package python3-pkg-resources.
Preparing to unpack .../089-python3-pkg-resources_58.2.0-1_all.deb ...
Unpacking python3-pkg-resources (58.2.0-1) ...
Selecting previously unselected package python3-tz.
Preparing to unpack .../090-python3-tz_2021.3-1_all.deb ...
Unpacking python3-tz (2021.3-1) ...
Selecting previously unselected package python3-babel.
Preparing to unpack .../091-python3-babel_2.8.0+dfsg.1-7_all.deb ...
Unpacking python3-babel (2.8.0+dfsg.1-7) ...
Selecting previously unselected package python3-certifi.
Preparing to unpack .../092-python3-certifi_2020.6.20-1_all.deb ...
Unpacking python3-certifi (2020.6.20-1) ...
Selecting previously unselected package python3-chardet.
Preparing to unpack .../093-python3-chardet_4.0.0-1_all.deb ...
Unpacking python3-chardet (4.0.0-1) ...
Selecting previously unselected package python3.9-dev.
Preparing to unpack .../094-python3.9-dev_3.9.7-4_amd64.deb ...
Unpacking python3.9-dev (3.9.7-4) ...
Selecting previously unselected package python3-lib2to3.
Preparing to unpack .../095-python3-lib2to3_3.9.7-1_all.deb ...
Unpacking python3-lib2to3 (3.9.7-1) ...
Selecting previously unselected package python3-distutils.
Preparing to unpack .../096-python3-distutils_3.9.7-1_all.deb ...
Unpacking python3-distutils (3.9.7-1) ...
Selecting previously unselected package python3-dev.
Preparing to unpack .../097-python3-dev_3.9.2-3_amd64.deb ...
Unpacking python3-dev (3.9.2-3) ...
Selecting previously unselected package python3-roman.
Preparing to unpack .../098-python3-roman_3.3-1_all.deb ...
Unpacking python3-roman (3.3-1) ...
Selecting previously unselected package python3-docutils.
Preparing to unpack .../099-python3-docutils_0.17.1+dfsg-2_all.deb ...
Unpacking python3-docutils (0.17.1+dfsg-2) ...
Selecting previously unselected package python3-idna.
Preparing to unpack .../100-python3-idna_2.10-1_all.deb ...
Unpacking python3-idna (2.10-1) ...
Selecting previously unselected package python3-imagesize.
Preparing to unpack .../101-python3-imagesize_1.2.0-2_all.deb ...
Unpacking python3-imagesize (1.2.0-2) ...
Selecting previously unselected package python3-six.
Preparing to unpack .../102-python3-six_1.16.0-2_all.deb ...
Unpacking python3-six (1.16.0-2) ...
Selecting previously unselected package python3-more-itertools.
Preparing to unpack .../103-python3-more-itertools_4.2.0-3_all.deb ...
Unpacking python3-more-itertools (4.2.0-3) ...
Selecting previously unselected package python3-zipp.
Preparing to unpack .../104-python3-zipp_1.0.0-3_all.deb ...
Unpacking python3-zipp (1.0.0-3) ...
Selecting previously unselected package python3-importlib-metadata.
Preparing to unpack .../105-python3-importlib-metadata_4.6.4-1_all.deb ...
Unpacking python3-importlib-metadata (4.6.4-1) ...
Selecting previously unselected package python3-iniconfig.
Preparing to unpack .../106-python3-iniconfig_1.1.1-1_all.deb ...
Unpacking python3-iniconfig (1.1.1-1) ...
Selecting previously unselected package python3-markupsafe.
Preparing to unpack .../107-python3-markupsafe_2.0.1-2_amd64.deb ...
Unpacking python3-markupsafe (2.0.1-2) ...
Selecting previously unselected package python3-jinja2.
Preparing to unpack .../108-python3-jinja2_3.0.1-2_all.deb ...
Unpacking python3-jinja2 (3.0.1-2) ...
Selecting previously unselected package python3-pyparsing.
Preparing to unpack .../109-python3-pyparsing_2.4.7-1_all.deb ...
Unpacking python3-pyparsing (2.4.7-1) ...
Selecting previously unselected package python3-packaging.
Preparing to unpack .../110-python3-packaging_21.0-1_all.deb ...
Unpacking python3-packaging (21.0-1) ...
Selecting previously unselected package python3-pluggy.
Preparing to unpack .../111-python3-pluggy_0.13.0-7_all.deb ...
Unpacking python3-pluggy (0.13.0-7) ...
Selecting previously unselected package python3-py.
Preparing to unpack .../112-python3-py_1.10.0-1_all.deb ...
Unpacking python3-py (1.10.0-1) ...
Selecting previously unselected package python3-pygments.
Preparing to unpack .../113-python3-pygments_2.7.1+dfsg-2.1_all.deb ...
Unpacking python3-pygments (2.7.1+dfsg-2.1) ...
Selecting previously unselected package python3-toml.
Preparing to unpack .../114-python3-toml_0.10.2-1_all.deb ...
Unpacking python3-toml (0.10.2-1) ...
Selecting previously unselected package python3-pytest.
Preparing to unpack .../115-python3-pytest_6.2.5-1_all.deb ...
Unpacking python3-pytest (6.2.5-1) ...
Selecting previously unselected package python3-urllib3.
Preparing to unpack .../116-python3-urllib3_1.26.5-1~exp1_all.deb ...
Unpacking python3-urllib3 (1.26.5-1~exp1) ...
Selecting previously unselected package python3-requests.
Preparing to unpack .../117-python3-requests_2.25.1+dfsg-2_all.deb ...
Unpacking python3-requests (2.25.1+dfsg-2) ...
Selecting previously unselected package python3-snowballstemmer.
Preparing to unpack .../118-python3-snowballstemmer_2.1.0-2_all.deb ...
Unpacking python3-snowballstemmer (2.1.0-2) ...
Selecting previously unselected package sphinx-common.
Preparing to unpack .../119-sphinx-common_4.2.0-5_all.deb ...
Unpacking sphinx-common (4.2.0-5) ...
Selecting previously unselected package python3-sphinx.
Preparing to unpack .../120-python3-sphinx_4.2.0-5_all.deb ...
Unpacking python3-sphinx (4.2.0-5) ...
Selecting previously unselected package texinfo.
Preparing to unpack .../121-texinfo_6.8-3_amd64.deb ...
Unpacking texinfo (6.8-3) ...
Selecting previously unselected package sbuild-build-depends-main-dummy.
Preparing to unpack .../122-sbuild-build-depends-main-dummy_0.invalid.0_amd64.deb ...
Unpacking sbuild-build-depends-main-dummy (0.invalid.0) ...
Setting up media-types (4.0.0) ...
Setting up libpcrecpp0v5:amd64 (2:8.39-13) ...
Setting up libpipeline1:amd64 (1.5.3-1) ...
Setting up mysql-common (5.8+1.0.7) ...
update-alternatives: using /etc/mysql/my.cnf.fallback to provide /etc/mysql/my.cnf (my.cnf) in auto mode
Setting up pci.ids (0.0~2021.08.22-1) ...
Setting up bsdextrautils (2.37.2-4) ...
update-alternatives: using /usr/bin/write.ul to provide /usr/bin/write (write) in auto mode
Setting up libpcre16-3:amd64 (2:8.39-13) ...
Setting up libpam0g-dev:amd64 (1.4.0-10) ...
Setting up libmagic-mgc (1:5.39-3) ...
Setting up gawk (1:5.1.0-1) ...
Setting up libarchive-zip-perl (1.68-1) ...
Setting up libglib2.0-0:amd64 (2.70.0-3) ...
No schema files found: doing nothing.
Setting up libsnmp-base (5.9.1+dfsg-1) ...
Setting up libdebhelper-perl (13.5.2) ...
Setting up libsqlite3-0:amd64 (3.36.0-2) ...
Setting up libsensors-config (1:3.6.0-7) ...
Setting up libmagic1:amd64 (1:5.39-3) ...
Setting up libxml-namespacesupport-perl (1.12-1.1) ...
Setting up gettext-base (0.21-4) ...
Setting up m4 (1.4.18-5) ...
Setting up libc-ares2:amd64 (1.18.0-1) ...
Setting up file (1:5.39-3) ...
Setting up python-babel-localedata (2.8.0+dfsg.1-7) ...
Setting up mariadb-common (1:10.5.12-1) ...
update-alternatives: using /etc/mysql/mariadb.cnf to provide /etc/mysql/my.cnf (my.cnf) in auto mode
Setting up libxml-sax-base-perl (1.09-1.1) ...
Setting up autotools-dev (20180224.1+nmu1) ...
Setting up libexpat1-dev:amd64 (2.4.1-3) ...
Setting up libwrap0:amd64 (7.6.q-31) ...
Setting up libncurses6:amd64 (6.2+20210905-1) ...
Setting up libssl-dev:amd64 (1.1.1l-1) ...
Setting up libpcre32-3:amd64 (2:8.39-13) ...
Setting up libc-ares-dev:amd64 (1.18.0-1) ...
Setting up autopoint (0.21-4) ...
Setting up pkg-config (0.29.2-1) ...
Setting up libmariadb3:amd64 (1:10.5.12-1) ...
Setting up libudev-dev:amd64 (249.5-1) ...
Setting up libsensors5:amd64 (1:3.6.0-7) ...
Setting up libncursesw6:amd64 (6.2+20210905-1) ...
Setting up libssh-4:amd64 (0.9.6-1) ...
Setting up autoconf (2.71-2) ...
Setting up zlib1g-dev:amd64 (1:1.2.11.dfsg-2) ...
Setting up libpci3:amd64 (1:3.7.0-6) ...
Setting up sensible-utils (0.0.17) ...
Setting up libwrap0-dev:amd64 (7.6.q-31) ...
Setting up libuchardet0:amd64 (0.0.7-1) ...
Setting up bison (2:3.8.2+dfsg-1) ...
update-alternatives: using /usr/bin/bison.yacc to provide /usr/bin/yacc (yacc) in auto mode
Setting up libmpdec3:amd64 (2.5.1-2) ...
Setting up libsub-override-perl (0.09-2) ...
Setting up sgml-base (1.30) ...
Setting up libsensors-dev:amd64 (1:3.6.0-7) ...
Setting up libjs-jquery (3.5.1+dfsg+~3.5.5-8) ...
Setting up libtext-unidecode-perl (1.30-1) ...
Setting up openssl (1.1.1l-1) ...
Setting up libcap-dev:amd64 (1:2.44-1) ...
Setting up libelf1:amd64 (0.185-2) ...
Setting up libjson-c5:amd64 (0.15-2) ...
Setting up librtr0:amd64 (0.8.0-1) ...
Setting up libsystemd-dev:amd64 (249.5-1) ...
Setting up chrpath (0.16-2+b1) ...
Setting up libprocps8:amd64 (2:3.3.17-5) ...
Setting up libpci-dev:amd64 (1:3.7.0-6) ...
Setting up libpython3.9-stdlib:amd64 (3.9.7-4) ...
Setting up libpython3-stdlib:amd64 (3.9.2-3) ...
Setting up libyang1 (1.0.225-1.1) ...
Setting up libjs-underscore (1.9.1~dfsg-4) ...
Setting up automake (1:1.16.5-1) ...
update-alternatives: using /usr/bin/automake-1.16 to provide /usr/bin/automake (automake) in auto mode
Setting up libfile-stripnondeterminism-perl (1.12.0-2) ...
Setting up flex (2.6.4-8) ...
Setting up libncurses-dev:amd64 (6.2+20210905-1) ...
Setting up gettext (0.21-4) ...
Setting up libtool (2.4.6-15) ...
Setting up libpcre3-dev:amd64 (2:8.39-13) ...
Setting up libjson-c-dev (0.15-2) ...
Setting up libyang-dev (1.0.225-1.1) ...
Setting up libreadline-dev:amd64 (8.1-2) ...
Setting up intltool-debian (0.35.0+20060710.5) ...
Setting up dh-autoreconf (20) ...
Setting up ca-certificates (20211016) ...
Updating certificates in /etc/ssl/certs...
127 added, 0 removed; done.
Setting up libssh-dev:amd64 (0.9.6-1) ...
Setting up libsnmp40:amd64 (5.9.1+dfsg-1) ...
Setting up libpython3.9:amd64 (3.9.7-4) ...
Setting up ucf (3.0043) ...
Setting up libjs-sphinxdoc (4.2.0-5) ...
Setting up libnetsnmptrapd40:amd64 (5.9.1+dfsg-1) ...
Setting up dh-strip-nondeterminism (1.12.0-2) ...
Setting up dwz (0.14-1) ...
Setting up groff-base (1.22.4-7) ...
Setting up xml-core (0.18+nmu1) ...
Setting up procps (2:3.3.17-5) ...
Setting up python3.9 (3.9.7-4) ...
Setting up po-debconf (1.0.21+nmu1) ...
Setting up libpython3.9-dev:amd64 (3.9.7-4) ...
Setting up python3 (3.9.2-3) ...
Setting up man-db (2.9.4-2) ...
Not building database; man-db/auto-update is not 'true'.
Setting up python3-markupsafe (2.0.1-2) ...
Setting up libxml-sax-perl (1.02+dfsg-3) ...
update-perl-sax-parsers: Registering Perl SAX parser XML::SAX::PurePerl with priority 10...
update-perl-sax-parsers: Updating overall Perl SAX parser modules info file...

Creating config file /etc/perl/XML/SAX/ParserDetails.ini with new version
Setting up python3-tz (2021.3-1) ...
Setting up librtr-dev:amd64 (0.8.0-1) ...
Setting up python3-six (1.16.0-2) ...
Setting up tex-common (6.17) ...
update-language: texlive-base not installed and configured, doing nothing!
Setting up python3-roman (3.3-1) ...
Setting up python3-pyparsing (2.4.7-1) ...
Setting up python3-certifi (2020.6.20-1) ...
Setting up python3-snowballstemmer (2.1.0-2) ...
Setting up sphinx-common (4.2.0-5) ...
Setting up python3-idna (2.10-1) ...
Setting up python3-toml (0.10.2-1) ...
Setting up python3-urllib3 (1.26.5-1~exp1) ...
Setting up libxml-libxml-perl (2.0134+dfsg-2+b1) ...
update-perl-sax-parsers: Registering Perl SAX parser XML::LibXML::SAX::Parser with priority 50...
update-perl-sax-parsers: Registering Perl SAX parser XML::LibXML::SAX with priority 50...
update-perl-sax-parsers: Updating overall Perl SAX parser modules info file...
Replacing config file /etc/perl/XML/SAX/ParserDetails.ini with new version
Setting up python3.9-dev (3.9.7-4) ...
Setting up libsnmp-dev (5.9.1+dfsg-1) ...
Setting up python3-lib2to3 (3.9.7-1) ...
Setting up python3-imagesize (1.2.0-2) ...
Setting up python3-pkg-resources (58.2.0-1) ...
Setting up python3-distutils (3.9.7-1) ...
Setting up python3-more-itertools (4.2.0-3) ...
Setting up python3-iniconfig (1.1.1-1) ...
Setting up python3-attr (20.3.0-1) ...
Setting up libpython3-dev:amd64 (3.9.2-3) ...
Setting up python3-py (1.10.0-1) ...
Setting up python3-babel (2.8.0+dfsg.1-7) ...
update-alternatives: using /usr/bin/pybabel-python3 to provide /usr/bin/pybabel (pybabel) in auto mode
Setting up python3-alabaster (0.7.12-1) ...
Setting up debhelper (13.5.2) ...
Setting up python3-zipp (1.0.0-3) ...
Setting up python3-jinja2 (3.0.1-2) ...
Setting up python3-pygments (2.7.1+dfsg-2.1) ...
Setting up python3-packaging (21.0-1) ...
Setting up python3-chardet (4.0.0-1) ...
Setting up python3-dev (3.9.2-3) ...
Setting up python3-requests (2.25.1+dfsg-2) ...
Setting up texinfo (6.8-3) ...
/usr/bin/which: this version of `which' is deprecated; use `command -v' in scripts instead.
/usr/bin/which: this version of `which' is deprecated; use `command -v' in scripts instead.
Setting up python3-importlib-metadata (4.6.4-1) ...
Setting up python3-pluggy (0.13.0-7) ...
Setting up python3-pytest (6.2.5-1) ...
Processing triggers for install-info (6.8-3) ...
Processing triggers for libc-bin (2.32-4) ...
Processing triggers for sgml-base (1.30) ...
Setting up docutils-common (0.17.1+dfsg-2) ...
Processing triggers for sgml-base (1.30) ...
Setting up python3-docutils (0.17.1+dfsg-2) ...
Setting up python3-sphinx (4.2.0-5) ...
Setting up sbuild-build-depends-main-dummy (0.invalid.0) ...
Processing triggers for ca-certificates (20211016) ...
Updating certificates in /etc/ssl/certs...
0 added, 0 removed; done.
Running hooks in /etc/ca-certificates/update.d...
done.

+------------------------------------------------------------------------------+
| Check architectures                                                          |
+------------------------------------------------------------------------------+

Arch check ok (amd64 included in linux-any all)

+------------------------------------------------------------------------------+
| Build environment                                                            |
+------------------------------------------------------------------------------+

Kernel: Linux 4.19.0-6-cloud-amd64 #1 SMP Debian 4.19.67-2+deb10u2 (2019-11-11) amd64 (x86_64)
Toolchain package versions: binutils_2.37-7 dpkg-dev_1.20.9 g++-11_11.2.0-10 gcc-11_11.2.0-10 libc6-dev_2.32-4 libstdc++-11-dev_11.2.0-10 libstdc++6_11.2.0-10 linux-libc-dev_5.14.12-1
Package versions: adduser_3.118 apt_2.3.11 autoconf_2.71-2 automake_1:1.16.5-1 autopoint_0.21-4 autotools-dev_20180224.1+nmu1 base-files_12 base-passwd_3.5.52 bash_5.1-3+b2 binutils_2.37-7 binutils-common_2.37-7 binutils-x86-64-linux-gnu_2.37-7 bison_2:3.8.2+dfsg-1 bsdextrautils_2.37.2-4 bsdutils_1:2.37.2-4 build-essential_12.9 bzip2_1.0.8-4 ca-certificates_20211016 chrpath_0.16-2+b1 clang-13_1:13.0.0-8 coreutils_8.32-4+b1 cpp_4:11.2.0-2 cpp-11_11.2.0-10 dash_0.5.11+git20210120+802ebd4-2 debconf_1.5.78 debhelper_13.5.2 debian-archive-keyring_2021.1.1 debianutils_5.5-1 dh-autoreconf_20 dh-strip-nondeterminism_1.12.0-2 diffutils_1:3.7-5 docutils-common_0.17.1+dfsg-2 dpkg_1.20.9 dpkg-dev_1.20.9 dwz_0.14-1 e2fsprogs_1.46.4-1 fakeroot_1.26-1 file_1:5.39-3 findutils_4.8.0-1 flex_2.6.4-8 g++_4:11.2.0-2 g++-11_11.2.0-10 gawk_1:5.1.0-1 gcc_4:11.2.0-2 gcc-10-base_10.3.0-11 gcc-11_11.2.0-10 gcc-11-base_11.2.0-10 gcc-9-base_9.4.0-3 gettext_0.21-4 gettext-base_0.21-4 gpgv_2.2.27-2 grep_3.7-1 groff-base_1.22.4-7 gzip_1.10-4 hostname_3.23 init-system-helpers_1.60 install-info_6.8-3 intltool-debian_0.35.0+20060710.5 lib32gcc-s1_11.2.0-10 lib32stdc++6_11.2.0-10 libacl1_2.3.1-1 libapt-pkg6.0_2.3.11 libarchive-zip-perl_1.68-1 libasan5_9.4.0-3 libasan6_11.2.0-10 libatomic1_11.2.0-10 libattr1_1:2.5.1-1 libaudit-common_1:3.0.6-1 libaudit1_1:3.0.6-1 libbinutils_2.37-7 libblkid1_2.37.2-4 libbsd0_0.11.3-1 libbz2-1.0_1.0.8-4 libc-ares-dev_1.18.0-1 libc-ares2_1.18.0-1 libc-bin_2.32-4 libc-dev-bin_2.32-4 libc6_2.32-4 libc6-dev_2.32-4 libc6-i386_2.32-4 libcap-dev_1:2.44-1 libcap-ng0_0.7.9-2.2+b1 libcap2_1:2.44-1 libcc1-0_11.2.0-10 libclang-common-13-dev_1:13.0.0-8 libclang-cpp13_1:13.0.0-8 libclang1-13_1:13.0.0-8 libcom-err2_1.46.4-1 libcrypt-dev_1:4.4.25-2 libcrypt1_1:4.4.25-2 libctf-nobfd0_2.37-7 libctf0_2.37-7 libdb5.3_5.3.28+dfsg1-0.8 libdebconfclient0_0.260 libdebhelper-perl_13.5.2 libdpkg-perl_1.20.9 libedit2_3.1-20210910-1 libelf1_0.185-2 libexpat1_2.4.1-3 libexpat1-dev_2.4.1-3 libext2fs2_1.46.4-1 libfakeroot_1.26-1 libffi8_3.4.2-3 libfile-stripnondeterminism-perl_1.12.0-2 libgc1_1:8.0.4-3 libgcc-11-dev_11.2.0-10 libgcc-9-dev_9.4.0-3 libgcc-s1_11.2.0-10 libgcrypt20_1.9.4-3+b1 libgdbm-compat4_1.22-1 libgdbm6_1.22-1 libglib2.0-0_2.70.0-3 libgmp10_2:6.2.1+dfsg-2 libgnutls30_3.7.2-2 libgomp1_11.2.0-10 libgpg-error0_1.42-3 libgssapi-krb5-2_1.18.3-7 libhogweed6_3.7.3-1 libicu67_67.1-7 libidn2-0_2.3.2-2 libisl23_0.24-2 libitm1_11.2.0-10 libjs-jquery_3.5.1+dfsg+~3.5.5-8 libjs-sphinxdoc_4.2.0-5 libjs-underscore_1.9.1~dfsg-4 libjson-c-dev_0.15-2 libjson-c5_0.15-2 libk5crypto3_1.18.3-7 libkeyutils1_1.6.1-2 libkrb5-3_1.18.3-7 libkrb5support0_1.18.3-7 libllvm13_1:13.0.0-8 liblsan0_11.2.0-10 liblz4-1_1.9.3-2 liblzma5_5.2.5-2 libmagic-mgc_1:5.39-3 libmagic1_1:5.39-3 libmariadb3_1:10.5.12-1 libmd0_1.0.4-1 libmount1_2.37.2-4 libmpc3_1.2.1-1 libmpdec3_2.5.1-2 libmpfr6_4.1.0-3 libncurses-dev_6.2+20210905-1 libncurses6_6.2+20210905-1 libncursesw6_6.2+20210905-1 libnetsnmptrapd40_5.9.1+dfsg-1 libnettle8_3.7.3-1 libnsl-dev_1.3.0-2 libnsl2_1.3.0-2 libobjc-11-dev_11.2.0-10 libobjc-9-dev_9.4.0-3 libobjc4_11.2.0-10 libomp-13-dev_1:13.0.0-8 libomp5-13_1:13.0.0-8 libp11-kit0_0.24.0-5 libpam-modules_1.4.0-10 libpam-modules-bin_1.4.0-10 libpam-runtime_1.4.0-10 libpam0g_1.4.0-10 libpam0g-dev_1.4.0-10 libpci-dev_1:3.7.0-6 libpci3_1:3.7.0-6 libpcre16-3_2:8.39-13 libpcre2-8-0_10.36-2 libpcre3_2:8.39-13 libpcre3-dev_2:8.39-13 libpcre32-3_2:8.39-13 libpcrecpp0v5_2:8.39-13 libperl5.32_5.32.1-6 libpipeline1_1.5.3-1 libprocps8_2:3.3.17-5 libpython3-dev_3.9.2-3 libpython3-stdlib_3.9.2-3 libpython3.9_3.9.7-4 libpython3.9-dev_3.9.7-4 libpython3.9-minimal_3.9.7-4 libpython3.9-stdlib_3.9.7-4 libquadmath0_11.2.0-10 libreadline-dev_8.1-2 libreadline8_8.1-2 librtr-dev_0.8.0-1 librtr0_0.8.0-1 libseccomp2_2.5.2-2 libselinux1_3.1-3 libsemanage-common_3.1-1 libsemanage1_3.1-1+b2 libsensors-config_1:3.6.0-7 libsensors-dev_1:3.6.0-7 libsensors5_1:3.6.0-7 libsepol1_3.1-1 libsigsegv2_2.13-1 libsmartcols1_2.37.2-4 libsnmp-base_5.9.1+dfsg-1 libsnmp-dev_5.9.1+dfsg-1 libsnmp40_5.9.1+dfsg-1 libsqlite3-0_3.36.0-2 libss2_1.46.4-1 libssh-4_0.9.6-1 libssh-dev_0.9.6-1 libssl-dev_1.1.1l-1 libssl1.1_1.1.1l-1 libstdc++-11-dev_11.2.0-10 libstdc++6_11.2.0-10 libsub-override-perl_0.09-2 libsystemd-dev_249.5-1 libsystemd0_249.5-1 libtasn1-6_4.17.0-2 libtext-unidecode-perl_1.30-1 libtinfo6_6.2+20210905-1 libtirpc-common_1.3.2-2 libtirpc-dev_1.3.2-2 libtirpc3_1.3.2-2 libtool_2.4.6-15 libtsan0_11.2.0-10 libubsan1_11.2.0-10 libuchardet0_0.0.7-1 libudev-dev_249.5-1 libudev1_249.5-1 libunistring2_0.9.10-6 libuuid1_2.37.2-4 libwrap0_7.6.q-31 libwrap0-dev_7.6.q-31 libxml-libxml-perl_2.0134+dfsg-2+b1 libxml-namespacesupport-perl_1.12-1.1 libxml-sax-base-perl_1.09-1.1 libxml-sax-perl_1.02+dfsg-3 libxml2_2.9.12+dfsg-5 libxxhash0_0.8.0-2 libyang-dev_1.0.225-1.1 libyang1_1.0.225-1.1 libz3-4_4.8.12-1+b1 libzstd1_1.4.8+dfsg-3 linux-libc-dev_5.14.12-1 login_1:4.8.1-1 logsave_1.46.4-1 lsb-base_11.1.0 m4_1.4.18-5 make_4.3-4.1 man-db_2.9.4-2 mariadb-common_1:10.5.12-1 mawk_1.3.4.20200120-2 media-types_4.0.0 mount_2.37.2-4 mysql-common_5.8+1.0.7 ncurses-base_6.2+20210905-1 ncurses-bin_6.2+20210905-1 openssl_1.1.1l-1 passwd_1:4.8.1-1 patch_2.7.6-7 pci.ids_0.0~2021.08.22-1 perl_5.32.1-6 perl-base_5.32.1-6 perl-modules-5.32_5.32.1-6 pkg-config_0.29.2-1 po-debconf_1.0.21+nmu1 procps_2:3.3.17-5 python-babel-localedata_2.8.0+dfsg.1-7 python3_3.9.2-3 python3-alabaster_0.7.12-1 python3-attr_20.3.0-1 python3-babel_2.8.0+dfsg.1-7 python3-certifi_2020.6.20-1 python3-chardet_4.0.0-1 python3-dev_3.9.2-3 python3-distutils_3.9.7-1 python3-docutils_0.17.1+dfsg-2 python3-idna_2.10-1 python3-imagesize_1.2.0-2 python3-importlib-metadata_4.6.4-1 python3-iniconfig_1.1.1-1 python3-jinja2_3.0.1-2 python3-lib2to3_3.9.7-1 python3-markupsafe_2.0.1-2 python3-minimal_3.9.2-3 python3-more-itertools_4.2.0-3 python3-packaging_21.0-1 python3-pkg-resources_58.2.0-1 python3-pluggy_0.13.0-7 python3-py_1.10.0-1 python3-pygments_2.7.1+dfsg-2.1 python3-pyparsing_2.4.7-1 python3-pytest_6.2.5-1 python3-requests_2.25.1+dfsg-2 python3-roman_3.3-1 python3-six_1.16.0-2 python3-snowballstemmer_2.1.0-2 python3-sphinx_4.2.0-5 python3-toml_0.10.2-1 python3-tz_2021.3-1 python3-urllib3_1.26.5-1~exp1 python3-zipp_1.0.0-3 python3.9_3.9.7-4 python3.9-dev_3.9.7-4 python3.9-minimal_3.9.7-4 qt5-qmake_5.15.2+dfsg-12 qt5-qmake-bin_5.15.2+dfsg-12 qtchooser_66-2 readline-common_8.1-2 rpcsvc-proto_1.4.2-4 sbuild-build-depends-main-dummy_0.invalid.0 sed_4.8-1 sensible-utils_0.0.17 sgml-base_1.30 sphinx-common_4.2.0-5 sysvinit-utils_3.00-1 tar_1.34+dfsg-1 tex-common_6.17 texinfo_6.8-3 tzdata_2021e-1 ucf_3.0043 util-linux_2.37.2-4 xml-core_0.18+nmu1 xz-utils_5.2.5-2 zlib1g_1:1.2.11.dfsg-2 zlib1g-dev_1:1.2.11.dfsg-2

+------------------------------------------------------------------------------+
| Build                                                                        |
+------------------------------------------------------------------------------+


Unpack source
-------------

-----BEGIN PGP SIGNED MESSAGE-----
Hash: SHA512

Format: 3.0 (quilt)
Source: frr
Binary: frr, frr-snmp, frr-rpki-rtrlib, frr-doc, frr-pythontools
Architecture: linux-any all
Version: 7.5.1-1.1
Maintainer: David Lamparter <equinox-debian@diac24.net>
Uploaders: FRRouting-dev <dev@lists.frrouting.org>, Ondej Sur <ondrej@debian.org>
Homepage: https://www.frrouting.org/
Standards-Version: 4.5.0.2
Vcs-Browser: https://github.com/FRRouting/frr/tree/debian/master
Vcs-Git: https://github.com/FRRouting/frr.git -b debian/master
Testsuite: autopkgtest
Build-Depends: bison, chrpath, debhelper (>= 9.20160709~), flex, gawk, install-info, libc-ares-dev, libcap-dev, libjson-c-dev | libjson0-dev, libpam0g-dev | libpam-dev, libpcre3-dev, libpython3-dev, libreadline-dev, librtr-dev <!pkg.frr.nortrlib>, libsnmp-dev, libssh-dev <!pkg.frr.nortrlib>, libsystemd-dev <!pkg.frr.nosystemd>, libyang-dev (>= 1.0.184-1~), pkg-config, python3, python3-dev, python3-pytest <!nocheck>, python3-sphinx, texinfo (>= 4.7)
Package-List:
 frr deb net optional arch=linux-any
 frr-doc deb doc optional arch=all
 frr-pythontools deb net optional arch=all
 frr-rpki-rtrlib deb net optional arch=linux-any profile=!pkg.frr.nortrlib
 frr-snmp deb net optional arch=linux-any
Checksums-Sha1:
 df0412615ee0096265fe33f1afdd3457e4adbcd8 4155040 frr_7.5.1.orig.tar.xz
 b82ecdb692eb7237561c78721b36e30a59fa7e72 24436 frr_7.5.1-1.1.debian.tar.xz
Checksums-Sha256:
 baa7b90b2ee07dce86dff88d7dabdf1b69783a47a4830f5a6827c6236081efe4 4155040 frr_7.5.1.orig.tar.xz
 5d3d19a17888831754e4bd107707b329eca65a114f599e26609a3cda010f198a 24436 frr_7.5.1-1.1.debian.tar.xz
Files:
 7b8361498c5234f78639c53bb9f96225 4155040 frr_7.5.1.orig.tar.xz
 be8cbbbd9563f819197da0f0325bf69f 24436 frr_7.5.1-1.1.debian.tar.xz

-----BEGIN PGP SIGNATURE-----

iQIzBAEBCgAdFiEEOvp1f6xuoR0v9F3wiNJCh6LYmLEFAmDrGl8ACgkQiNJCh6LY
mLEskxAArPbooeBe+7I8rhSoNAM/2XYcPWbuRgch+XGDmjJNlayQ+yznHgNERmO2
yLHB1kogIDfApPsQbDXB4NT6GYnpmr70DMKWHHmnMiDy+m/hEul2Jle+3nh3LavL
Aq0MGhLnXwAcaBa9BcuP/vFtgT6FFeRsQ4Vlrrxig9wGEUxqAnBZPRCGlGN+4EHC
MvXqZgh1RC0jT5hhfpCtj88ULlJTz2mjMOwQ3+49cgmO9Q/tFtXbwT/q/ivPI7Q4
fwjFehM2cahF2D7JPfyUClFGQUIu2ghKT1xw8zaxzZTli1JoUIuXLbBj2bMSP+MT
zU310+hBtpHd+UxY+Jyp+HocEMPJcFfYLzZeUI27xvvXVVyala2ksI2HvAsZDIZ0
xmRetiNFk+KePLOb5smpEU4z3uRKciLjwpZ9qu0kp0HWOUymiI5yyc6dESKCfrKN
vZ/n6+6LnH0x71DJ0yWY3aaseBKyTkPQsFHEX88iCgIK14Guptc+CaONAMtT1d8a
X7vlF+UaP7YckgLGiBn8BRbpYCZWuhfMwutb0qH/1UZ1UgjKsGzA+AfIW/h5YlQe
IbeE/iAft1ZSVuMorQ6Qwocfh+/kc170sU3t5DR6Q8Rmfnjy2InPbRXEeFDO7Sj7
Y/2w0W70KkuTEqwRMsk9I4uylduYBWIZ4dG7v4bkT1WHl5i88LY=
=8A+g
-----END PGP SIGNATURE-----

gpgv: unknown type of key resource 'trustedkeys.kbx'
gpgv: keyblock resource '/tmp/dpkg-verify-sig.Xy9RJz_2/trustedkeys.kbx': General error
gpgv: Signature made Sun Jul 11 16:20:47 2021 UTC
gpgv:                using RSA key 3AFA757FAC6EA11D2FF45DF088D24287A2D898B1
gpgv: Can't check signature: No public key
dpkg-source: warning: failed to verify signature on ./frr_7.5.1-1.1.dsc
dpkg-source: info: extracting frr in /<<PKGBUILDDIR>>
dpkg-source: info: unpacking frr_7.5.1.orig.tar.xz
dpkg-source: info: unpacking frr_7.5.1-1.1.debian.tar.xz
dpkg-source: info: using patch list from debian/patches/series
dpkg-source: info: applying 0001-yang-fix-zebra-module.patch

Check disk space
----------------

Sufficient free space for build

User Environment
----------------

APT_CONFIG=/var/lib/sbuild/apt.conf
HOME=/sbuild-nonexistent
LANG=C.UTF-8
LC_ALL=C.UTF-8
LOGNAME=user42
PATH=/usr/local/sbin:/usr/local/bin:/usr/sbin:/usr/bin:/sbin:/bin:/usr/games
SCHROOT_ALIAS_NAME=unstable
SCHROOT_CHROOT_NAME=sid-amd64-sbuild
SCHROOT_COMMAND=env
SCHROOT_GID=1001
SCHROOT_GROUP=user42
SCHROOT_SESSION_ID=sid-amd64-sbuild-926c94a7-ab38-4c3b-9d9e-7bb966acf2a5
SCHROOT_UID=1001
SCHROOT_USER=user42
SHELL=/bin/sh
USER=user42

dpkg-buildpackage
-----------------

Command: dpkg-buildpackage -us -uc -b -rfakeroot
dpkg-buildpackage: info: source package frr
dpkg-buildpackage: info: source version 7.5.1-1.1
dpkg-buildpackage: info: source distribution unstable
dpkg-buildpackage: info: source changed by Adrian Bunk <bunk@debian.org>
 dpkg-source --before-build .
dpkg-buildpackage: info: host architecture amd64
 fakeroot debian/rules clean
dh clean 
   dh_testdir
   debian/rules override_dh_auto_clean
make[1]: Entering directory '/<<PKGBUILDDIR>>'
if test -f Makefile; then make redistclean; fi
rm -f debian/frr.init
rm -f debian/frr.service
make[1]: Leaving directory '/<<PKGBUILDDIR>>'
   dh_autoreconf_clean
   dh_clean
	rm -f debian/debhelper-build-stamp
	rm -rf debian/.debhelper/
	rm -f -- debian/frr.substvars debian/frr-snmp.substvars debian/frr-rpki-rtrlib.substvars debian/frr-doc.substvars debian/frr-pythontools.substvars debian/files
	rm -fr -- debian/frr/ debian/tmp/ debian/frr-snmp/ debian/frr-rpki-rtrlib/ debian/frr-doc/ debian/frr-pythontools/
	find .  \( \( \
		\( -path .\*/.git -o -path .\*/.svn -o -path .\*/.bzr -o -path .\*/.hg -o -path .\*/CVS -o -path .\*/.pc -o -path .\*/_darcs \) -prune -o -type f -a \
	        \( -name '#*#' -o -name '.*~' -o -name '*~' -o -name DEADJOE \
		 -o -name '*.orig' -o -name '*.rej' -o -name '*.bak' \
		 -o -name '.*.orig' -o -name .*.rej -o -name '.SUMS' \
		 -o -name TAGS -o \( -path '*/.deps/*' -a -name '*.P' \) \
		\) -exec rm -f {} + \) -o \
		\( -type d -a -name autom4te.cache -prune -exec rm -rf {} + \) \)
 debian/rules build
dh build 
   dh_testdir
   dh_update_autotools_config
	install -d debian/.debhelper/bucket/files
	cp -an --reflink=auto config.guess debian/.debhelper/bucket/files/19c12bb2ca19e68724c2854ed0512469518df19b0710cc2011a5ca540810979c.tmp
	mv debian/.debhelper/bucket/files/19c12bb2ca19e68724c2854ed0512469518df19b0710cc2011a5ca540810979c.tmp debian/.debhelper/bucket/files/19c12bb2ca19e68724c2854ed0512469518df19b0710cc2011a5ca540810979c
	cp -f /usr/share/misc/config.guess ./config.guess
	cp -an --reflink=auto config.sub debian/.debhelper/bucket/files/f7197ddfb309e86d5fbd7d3b440a5ababfbd4aac1e1f53b492e28e54db58b222.tmp
	mv debian/.debhelper/bucket/files/f7197ddfb309e86d5fbd7d3b440a5ababfbd4aac1e1f53b492e28e54db58b222.tmp debian/.debhelper/bucket/files/f7197ddfb309e86d5fbd7d3b440a5ababfbd4aac1e1f53b492e28e54db58b222
	cp -f /usr/share/misc/config.sub ./config.sub
   dh_autoreconf
	find ! -ipath "./debian/*" -a ! \( -path '*/.git/*' -o -path '*/.hg/*' -o -path '*/.bzr/*' -o -path '*/.svn/*' -o -path '*/CVS/*' \) -a  -type f -exec md5sum {} + -o -type l -printf "symlink  %p
" > debian/autoreconf.before
	grep -q ^XDT_ configure.ac
	autoreconf -f -i
libtoolize: putting auxiliary files in '.'.
libtoolize: copying file './ltmain.sh'
libtoolize: putting macros in AC_CONFIG_MACRO_DIRS, 'm4'.
libtoolize: copying file 'm4/libtool.m4'
libtoolize: copying file 'm4/ltoptions.m4'
libtoolize: copying file 'm4/ltsugar.m4'
libtoolize: copying file 'm4/ltversion.m4'
libtoolize: copying file 'm4/lt~obsolete.m4'
configure.ac:171: warning: The macro `AC_PROG_CC_C99' is obsolete.
configure.ac:171: You should run autoupdate.
./lib/autoconf/c.m4:1659: AC_PROG_CC_C99 is expanded from...
configure.ac:171: the top level
configure.ac:1193: warning: The macro `AC_WORDS_BIGENDIAN' is obsolete.
configure.ac:1193: You should run autoupdate.
./lib/autoconf/oldnames.m4:83: AC_WORDS_BIGENDIAN is expanded from...
configure.ac:1193: the top level
configure.ac:1454: warning: The macro `AC_TRY_COMPILE' is obsolete.
configure.ac:1454: You should run autoupdate.
./lib/autoconf/general.m4:2847: AC_TRY_COMPILE is expanded from...
configure.ac:1454: the top level
configure.ac:1464: warning: The macro `AC_TRY_COMPILE' is obsolete.
configure.ac:1464: You should run autoupdate.
./lib/autoconf/general.m4:2847: AC_TRY_COMPILE is expanded from...
configure.ac:1464: the top level
configure.ac:1978: warning: The macro `AC_TRY_COMPILE' is obsolete.
configure.ac:1978: You should run autoupdate.
./lib/autoconf/general.m4:2847: AC_TRY_COMPILE is expanded from...
configure.ac:1978: the top level
configure.ac:1991: warning: The macro `AC_TRY_COMPILE' is obsolete.
configure.ac:1991: You should run autoupdate.
./lib/autoconf/general.m4:2847: AC_TRY_COMPILE is expanded from...
configure.ac:1991: the top level
configure.ac:2004: warning: The macro `AC_TRY_COMPILE' is obsolete.
configure.ac:2004: You should run autoupdate.
./lib/autoconf/general.m4:2847: AC_TRY_COMPILE is expanded from...
configure.ac:2004: the top level
configure.ac:2017: warning: The macro `AC_TRY_COMPILE' is obsolete.
configure.ac:2017: You should run autoupdate.
./lib/autoconf/general.m4:2847: AC_TRY_COMPILE is expanded from...
configure.ac:2017: the top level
configure.ac:2030: warning: The macro `AC_TRY_COMPILE' is obsolete.
configure.ac:2030: You should run autoupdate.
./lib/autoconf/general.m4:2847: AC_TRY_COMPILE is expanded from...
configure.ac:2030: the top level
configure.ac:2061: warning: AC_PROG_LEX without either yywrap or noyywrap is obsolete
./lib/autoconf/programs.m4:716: _AC_PROG_LEX is expanded from...
./lib/autoconf/programs.m4:709: AC_PROG_LEX is expanded from...
aclocal.m4:668: AM_PROG_LEX is expanded from...
configure.ac:2061: the top level
configure.ac:2131: warning: The macro `AC_TRY_COMPILE' is obsolete.
configure.ac:2131: You should run autoupdate.
./lib/autoconf/general.m4:2847: AC_TRY_COMPILE is expanded from...
configure.ac:2131: the top level
configure.ac:2147: warning: The macro `AC_TRY_COMPILE' is obsolete.
configure.ac:2147: You should run autoupdate.
./lib/autoconf/general.m4:2847: AC_TRY_COMPILE is expanded from...
lib/m4sugar/m4sh.m4:699: AS_IF is expanded from...
./lib/autoconf/headers.m4:89: _AC_CHECK_HEADER_COMPILE is expanded from...
./lib/autoconf/headers.m4:56: AC_CHECK_HEADER is expanded from...
lib/m4sugar/m4sh.m4:651: AS_FOR is expanded from...
./lib/autoconf/headers.m4:217: AC_CHECK_HEADERS is expanded from...
configure.ac:2147: the top level
configure.ac:164: installing './compile'
configure.ac:100: installing './missing'
Makefile.am: installing './depcomp'
	find ! -ipath "./debian/*" -a ! \( -path '*/.git/*' -o -path '*/.hg/*' -o -path '*/.bzr/*' -o -path '*/.svn/*' -o -path '*/CVS/*' \) -a  -type f -exec md5sum {} + -o -type l -printf "symlink  %p
" > debian/autoreconf.after
   debian/rules override_dh_auto_configure
make[1]: Entering directory '/<<PKGBUILDDIR>>'
export CFLAGS="-g -O2 -ffile-prefix-map=/<<PKGBUILDDIR>>=. -fstack-protector-strong -Wformat -Werror=format-security" export CPPFLAGS="-Wdate-time -D_FORTIFY_SOURCE=2" export CXXFLAGS="-g -O2 -ffile-prefix-map=/<<PKGBUILDDIR>>=. -fstack-protector-strong -Wformat -Werror=format-security" export DFLAGS="-frelease" export FCFLAGS="-g -O2 -ffile-prefix-map=/<<PKGBUILDDIR>>=. -fstack-protector-strong" export FFLAGS="-g -O2 -ffile-prefix-map=/<<PKGBUILDDIR>>=. -fstack-protector-strong" export GCJFLAGS="-g -O2 -ffile-prefix-map=/<<PKGBUILDDIR>>=. -fstack-protector-strong" export LDFLAGS="-Wl,-z,relro -Wl,-z,now" export OBJCFLAGS="-g -O2 -ffile-prefix-map=/<<PKGBUILDDIR>>=. -fstack-protector-strong -Wformat -Werror=format-security" export OBJCXXFLAGS="-g -O2 -ffile-prefix-map=/<<PKGBUILDDIR>>=. -fstack-protector-strong -Wformat -Werror=format-security"; \
dh_auto_configure -- \
	--enable-exampledir=/usr/share/doc/frr/examples/ \
	--localstatedir=/var/run/frr \
	--sbindir=/usr/lib/frr \
	--sysconfdir=/etc/frr \
	--with-vtysh-pager=/usr/bin/pager \
	--libdir=/usr/lib/x86_64-linux-gnu/frr \
	--with-moduledir=/usr/lib/x86_64-linux-gnu/frr/modules \
	LIBTOOLFLAGS="-rpath /usr/lib/x86_64-linux-gnu/frr" \
	--disable-dependency-tracking \
	\
	--enable-systemd=yes \
	--enable-rpki \
	--with-libpam \
	--enable-doc \
	--enable-doc-html \
	--enable-snmp \
	--enable-fpm \
	--disable-protobuf \
	--disable-zeromq \
	--enable-ospfapi \
	--enable-bgp-vnc \
	--enable-multipath=256 \
	\
	--enable-user=frr \
	--enable-group=frr \
	--enable-vty-group=frrvty \
	--enable-configfile-mask=0640 \
	--enable-logfile-mask=0640 \
	# end
	./configure --build=x86_64-linux-gnu --prefix=/usr --includedir=\${prefix}/include --mandir=\${prefix}/share/man --infodir=\${prefix}/share/info --sysconfdir=/etc --localstatedir=/var --disable-option-checking --disable-silent-rules --libdir=\${prefix}/lib/x86_64-linux-gnu --libexecdir=\${prefix}/lib/x86_64-linux-gnu --disable-maintainer-mode --disable-dependency-tracking --enable-exampledir=/usr/share/doc/frr/examples/ --localstatedir=/var/run/frr --sbindir=/usr/lib/frr --sysconfdir=/etc/frr --with-vtysh-pager=/usr/bin/pager --libdir=/usr/lib/x86_64-linux-gnu/frr --with-moduledir=/usr/lib/x86_64-linux-gnu/frr/modules "LIBTOOLFLAGS=-rpath /usr/lib/x86_64-linux-gnu/frr" --disable-dependency-tracking --enable-systemd=yes --enable-rpki --with-libpam --enable-doc --enable-doc-html --enable-snmp --enable-fpm --disable-protobuf --disable-zeromq --enable-ospfapi --enable-bgp-vnc --enable-multipath=256 --enable-user=frr --enable-group=frr --enable-vty-group=frrvty --enable-configfile-mask=0640 --enable-logfile-mask=0640
checking build system type... x86_64-pc-linux-gnu
checking host system type... x86_64-pc-linux-gnu
checking for a BSD-compatible install... /usr/bin/install -c
checking whether build environment is sane... yes
checking for a race-free mkdir -p... /bin/mkdir -p
checking for gawk... gawk
checking whether make sets $(MAKE)... yes
checking whether make supports nested variables... yes
checking whether make supports nested variables... (cached) yes
checking for perl... /usr/bin/perl
checking for pkg-config... /usr/bin/pkg-config
checking pkg-config is at least version 0.9.0... yes
checking for gcc... gcc
checking whether the C compiler works... yes
checking for C compiler default output file name... a.out
checking for suffix of executables... 
checking whether we are cross compiling... no
checking for suffix of object files... o
checking whether the compiler supports GNU C... yes
checking whether gcc accepts -g... yes
checking for gcc option to enable C11 features... none needed
checking whether gcc understands -c and -o together... yes
checking whether make supports the include directive... yes (GNU style)
checking dependency style of gcc... none
checking how to run the C preprocessor... gcc -E
checking for g++... g++
checking whether the compiler supports GNU C++... yes
checking whether g++ accepts -g... yes
checking for g++ option to enable C++11 features... none needed
checking dependency style of g++... none
checking for pkg-config... (cached) /usr/bin/pkg-config
checking pkg-config is at least version 0.9.0... yes
checking for stdio.h... yes
checking for stdlib.h... yes
checking for string.h... yes
checking for inttypes.h... yes
checking for stdint.h... yes
checking for strings.h... yes
checking for sys/stat.h... yes
checking for sys/types.h... yes
checking for unistd.h... yes
checking for wchar.h... yes
checking for minix/config.h... no
checking whether it is safe to define __EXTENSIONS__... yes
checking whether _XOPEN_SOURCE should be defined... no
checking whether gcc supports -diag-error 10006... no
checking whether gcc supports -std=gnu11... yes
checking whether gcc -std=gnu11 supports -fno-omit-frame-pointer... yes
checking whether gcc -std=gnu11 supports -funwind-tables... yes
checking whether gcc -std=gnu11 supports -Wall... yes
checking whether gcc -std=gnu11 supports -Wextra... yes
checking whether gcc -std=gnu11 supports -Wmissing-prototypes... yes
checking whether gcc -std=gnu11 supports -Wmissing-declarations... yes
checking whether gcc -std=gnu11 supports -Wpointer-arith... yes
checking whether gcc -std=gnu11 supports -Wbad-function-cast... yes
checking whether gcc -std=gnu11 supports -Wwrite-strings... yes
checking whether gcc -std=gnu11 supports -Wundef... yes
checking whether gcc -std=gnu11 supports -Wno-unused-result... yes
checking whether gcc -std=gnu11 supports -Wno-unused-parameter... yes
checking whether gcc -std=gnu11 supports -Wno-missing-field-initializers... yes
checking whether gcc -std=gnu11 supports -Wc++-compat... yes
checking whether gcc -std=gnu11 supports -diag-disable 3179... no
checking whether gcc -std=gnu11 supports -fplugin=tools/gcc-plugins/frr-format.so... no
checking whether gcc -std=gnu11 supports -fplugin=frr-format... no
checking if compiler needs -Werror to reject unknown flags... yes
checking for the pthreads library -lpthreads... no
checking whether pthreads work without any flags... no
checking whether pthreads work with -Kthread... no
checking whether pthreads work with -kthread... no
checking for the pthreads library -llthread... no
checking whether pthreads work with -pthread... no
checking whether pthreads work with -pthreads... no
checking whether pthreads work with -mthreads... no
checking for the pthreads library -lpthread... no
checking whether pthreads work with --thread-safe... no
checking whether pthreads work with -mt... no
checking for pthread-config... no
configure: error: in `/<<PKGBUILDDIR>>':
configure: error: This FRR version needs pthreads
See `config.log' for more details
	tail -v -n \+0 config.log
==> config.log <==
This file contains any messages produced by compilers while
running configure, to aid debugging if configure makes a mistake.

It was created by frr configure 7.5.1, which was
generated by GNU Autoconf 2.71.  Invocation command line was

  $ ./configure --build=x86_64-linux-gnu --prefix=/usr '--includedir=${prefix}/include' '--mandir=${prefix}/share/man' '--infodir=${prefix}/share/info' --sysconfdir=/etc --localstatedir=/var --disable-option-checking --disable-silent-rules '--libdir=${prefix}/lib/x86_64-linux-gnu' '--libexecdir=${prefix}/lib/x86_64-linux-gnu' --disable-maintainer-mode --disable-dependency-tracking --enable-exampledir=/usr/share/doc/frr/examples/ --localstatedir=/var/run/frr --sbindir=/usr/lib/frr --sysconfdir=/etc/frr --with-vtysh-pager=/usr/bin/pager --libdir=/usr/lib/x86_64-linux-gnu/frr --with-moduledir=/usr/lib/x86_64-linux-gnu/frr/modules 'LIBTOOLFLAGS=-rpath /usr/lib/x86_64-linux-gnu/frr' --disable-dependency-tracking --enable-systemd=yes --enable-rpki --with-libpam --enable-doc --enable-doc-html --enable-snmp --enable-fpm --disable-protobuf --disable-zeromq --enable-ospfapi --enable-bgp-vnc --enable-multipath=256 --enable-user=frr --enable-group=frr --enable-vty-group=frrvty --enable-configfile-mask=0640 --enable-logfile-mask=0640

## --------- ##
## Platform. ##
## --------- ##

hostname = ip-172-31-1-101
uname -m = x86_64
uname -r = 4.19.0-6-cloud-amd64
uname -s = Linux
uname -v = #1 SMP Debian 4.19.67-2+deb10u2 (2019-11-11)

/usr/bin/uname -p = unknown
/bin/uname -X     = unknown

/bin/arch              = unknown
/usr/bin/arch -k       = unknown
/usr/convex/getsysinfo = unknown
/usr/bin/hostinfo      = unknown
/bin/machine           = unknown
/usr/bin/oslevel       = unknown
/bin/universe          = unknown

PATH: /usr/local/sbin/
PATH: /usr/local/bin/
PATH: /usr/sbin/
PATH: /usr/bin/
PATH: /sbin/
PATH: /bin/
PATH: /usr/games/


## ----------- ##
## Core tests. ##
## ----------- ##

configure:3420: looking for aux files: ltmain.sh compile missing install-sh config.guess config.sub
configure:3433:  trying ./
configure:3462:   ./ltmain.sh found
configure:3462:   ./compile found
configure:3462:   ./missing found
configure:3444:   ./install-sh found
configure:3462:   ./config.guess found
configure:3462:   ./config.sub found
configure:3591: checking build system type
configure:3606: result: x86_64-pc-linux-gnu
configure:3626: checking host system type
configure:3640: result: x86_64-pc-linux-gnu
configure:3774: checking for a BSD-compatible install
configure:3847: result: /usr/bin/install -c
configure:3858: checking whether build environment is sane
configure:3913: result: yes
configure:4072: checking for a race-free mkdir -p
configure:4116: result: /bin/mkdir -p
configure:4123: checking for gawk
configure:4144: found /usr/bin/gawk
configure:4155: result: gawk
configure:4166: checking whether make sets $(MAKE)
configure:4189: result: yes
configure:4219: checking whether make supports nested variables
configure:4237: result: yes
configure:4386: checking whether make supports nested variables
configure:4404: result: yes
configure:4420: checking for perl
configure:4443: found /usr/bin/perl
configure:4455: result: /usr/bin/perl
configure:4522: checking for pkg-config
configure:4545: found /usr/bin/pkg-config
configure:4557: result: /usr/bin/pkg-config
configure:4582: checking pkg-config is at least version 0.9.0
configure:4585: result: yes
configure:4740: checking for gcc
configure:4761: found /usr/bin/gcc
configure:4772: result: gcc
configure:5125: checking for C compiler version
configure:5134: gcc --version >&5
Debian clang version 13.0.0-8
Target: x86_64-pc-linux-gnu
Thread model: posix
InstalledDir: /usr/bin
configure:5145: $? = 0
configure:5134: gcc -v >&5
Debian clang version 13.0.0-8
Target: x86_64-pc-linux-gnu
Thread model: posix
InstalledDir: /usr/bin
Found candidate GCC installation: /usr/bin/../lib/gcc/x86_64-linux-gnu/11
Found candidate GCC installation: /usr/bin/../lib/gcc/x86_64-linux-gnu/9
Selected GCC installation: /usr/bin/../lib/gcc/x86_64-linux-gnu/11
Candidate multilib: .;@m64
Selected multilib: .;@m64
configure:5145: $? = 0
configure:5134: gcc -V >&5
clang: error: argument to '-V' is missing (expected 1 value)
clang: error: no input files
configure:5145: $? = 1
configure:5134: gcc -qversion >&5
clang: error: unknown argument '-qversion'; did you mean '--version'?
clang: error: no input files
configure:5145: $? = 1
configure:5134: gcc -version >&5
clang: error: unknown argument '-version'; did you mean '--version'?
clang: error: no input files
configure:5145: $? = 1
configure:5165: checking whether the C compiler works
configure:5187: gcc -g -O2 -ffile-prefix-map=/<<PKGBUILDDIR>>=. -fstack-protector-strong -Wformat -Werror=format-security -Wdate-time -D_FORTIFY_SOURCE=2 -Wl,-z,relro -Wl,-z,now conftest.c  >&5
configure:5191: $? = 0
configure:5241: result: yes
configure:5244: checking for C compiler default output file name
configure:5246: result: a.out
configure:5252: checking for suffix of executables
configure:5259: gcc -o conftest -g -O2 -ffile-prefix-map=/<<PKGBUILDDIR>>=. -fstack-protector-strong -Wformat -Werror=format-security -Wdate-time -D_FORTIFY_SOURCE=2 -Wl,-z,relro -Wl,-z,now conftest.c  >&5
configure:5263: $? = 0
configure:5286: result: 
configure:5308: checking whether we are cross compiling
configure:5316: gcc -o conftest -g -O2 -ffile-prefix-map=/<<PKGBUILDDIR>>=. -fstack-protector-strong -Wformat -Werror=format-security -Wdate-time -D_FORTIFY_SOURCE=2 -Wl,-z,relro -Wl,-z,now conftest.c  >&5
configure:5320: $? = 0
configure:5327: ./conftest
configure:5331: $? = 0
configure:5346: result: no
configure:5351: checking for suffix of object files
configure:5374: gcc -c -g -O2 -ffile-prefix-map=/<<PKGBUILDDIR>>=. -fstack-protector-strong -Wformat -Werror=format-security -Wdate-time -D_FORTIFY_SOURCE=2 conftest.c >&5
configure:5378: $? = 0
configure:5400: result: o
configure:5404: checking whether the compiler supports GNU C
configure:5424: gcc -c -g -O2 -ffile-prefix-map=/<<PKGBUILDDIR>>=. -fstack-protector-strong -Wformat -Werror=format-security -Wdate-time -D_FORTIFY_SOURCE=2 conftest.c >&5
configure:5424: $? = 0
configure:5434: result: yes
configure:5445: checking whether gcc accepts -g
configure:5466: gcc -c -g -Wdate-time -D_FORTIFY_SOURCE=2 conftest.c >&5
configure:5466: $? = 0
configure:5510: result: yes
configure:5530: checking for gcc option to enable C11 features
configure:5545: gcc  -c -g -O2 -ffile-prefix-map=/<<PKGBUILDDIR>>=. -fstack-protector-strong -Wformat -Werror=format-security -Wdate-time -D_FORTIFY_SOURCE=2 conftest.c >&5
configure:5545: $? = 0
configure:5563: result: none needed
configure:5679: checking whether gcc understands -c and -o together
configure:5702: gcc -c conftest.c -o conftest2.o
configure:5705: $? = 0
configure:5702: gcc -c conftest.c -o conftest2.o
configure:5705: $? = 0
configure:5717: result: yes
configure:5737: checking whether make supports the include directive
configure:5752: make -f confmf.GNU && cat confinc.out
make[2]: Entering directory '/<<PKGBUILDDIR>>'
make[2]: Leaving directory '/<<PKGBUILDDIR>>'
this is the am__doit target
configure:5755: $? = 0
configure:5774: result: yes (GNU style)
configure:5800: checking dependency style of gcc
configure:5912: result: none
configure:5932: checking how to run the C preprocessor
configure:5958: gcc -E -Wdate-time -D_FORTIFY_SOURCE=2 conftest.c
configure:5958: $? = 0
configure:5973: gcc -E -Wdate-time -D_FORTIFY_SOURCE=2 conftest.c
conftest.c:11:10: fatal error: 'ac_nonexistent.h' file not found
#include <ac_nonexistent.h>
         ^~~~~~~~~~~~~~~~~~
1 error generated.
configure:5973: $? = 1
configure: failed program was:
| /* confdefs.h */
| #define PACKAGE_NAME "frr"
| #define PACKAGE_TARNAME "frr"
| #define PACKAGE_VERSION "7.5.1"
| #define PACKAGE_STRING "frr 7.5.1"
| #define PACKAGE_BUGREPORT "https://github.com/frrouting/frr/issues"
| #define PACKAGE_URL ""
| #define PACKAGE "frr"
| #define VERSION "7.5.1"
| /* end confdefs.h.  */
| #include <ac_nonexistent.h>
configure:6000: result: gcc -E
configure:6014: gcc -E -Wdate-time -D_FORTIFY_SOURCE=2 conftest.c
configure:6014: $? = 0
configure:6029: gcc -E -Wdate-time -D_FORTIFY_SOURCE=2 conftest.c
conftest.c:11:10: fatal error: 'ac_nonexistent.h' file not found
#include <ac_nonexistent.h>
         ^~~~~~~~~~~~~~~~~~
1 error generated.
configure:6029: $? = 1
configure: failed program was:
| /* confdefs.h */
| #define PACKAGE_NAME "frr"
| #define PACKAGE_TARNAME "frr"
| #define PACKAGE_VERSION "7.5.1"
| #define PACKAGE_STRING "frr 7.5.1"
| #define PACKAGE_BUGREPORT "https://github.com/frrouting/frr/issues"
| #define PACKAGE_URL ""
| #define PACKAGE "frr"
| #define VERSION "7.5.1"
| /* end confdefs.h.  */
| #include <ac_nonexistent.h>
configure:6128: checking for g++
configure:6149: found /usr/bin/g++
configure:6160: result: g++
configure:6187: checking for C++ compiler version
configure:6196: g++ --version >&5
Debian clang version 13.0.0-8
Target: x86_64-pc-linux-gnu
Thread model: posix
InstalledDir: /usr/bin
configure:6207: $? = 0
configure:6196: g++ -v >&5
Debian clang version 13.0.0-8
Target: x86_64-pc-linux-gnu
Thread model: posix
InstalledDir: /usr/bin
Found candidate GCC installation: /usr/bin/../lib/gcc/x86_64-linux-gnu/11
Found candidate GCC installation: /usr/bin/../lib/gcc/x86_64-linux-gnu/9
Selected GCC installation: /usr/bin/../lib/gcc/x86_64-linux-gnu/11
Candidate multilib: .;@m64
Selected multilib: .;@m64
configure:6207: $? = 0
configure:6196: g++ -V >&5
clang: error: argument to '-V' is missing (expected 1 value)
clang: error: no input files
configure:6207: $? = 1
configure:6196: g++ -qversion >&5
clang: error: unknown argument '-qversion'; did you mean '--version'?
clang: error: no input files
configure:6207: $? = 1
configure:6211: checking whether the compiler supports GNU C++
configure:6231: g++ -c -g -O2 -ffile-prefix-map=/<<PKGBUILDDIR>>=. -fstack-protector-strong -Wformat -Werror=format-security -Wdate-time -D_FORTIFY_SOURCE=2 conftest.cpp >&5
configure:6231: $? = 0
configure:6241: result: yes
configure:6252: checking whether g++ accepts -g
configure:6273: g++ -c -g -Wdate-time -D_FORTIFY_SOURCE=2 conftest.cpp >&5
configure:6273: $? = 0
configure:6317: result: yes
configure:6337: checking for g++ option to enable C++11 features
configure:6352: g++  -c -g -O2 -ffile-prefix-map=/<<PKGBUILDDIR>>=. -fstack-protector-strong -Wformat -Werror=format-security -Wdate-time -D_FORTIFY_SOURCE=2 conftest.cpp >&5
conftest.cpp:177:25: warning: empty parentheses interpreted as a function declaration [-Wvexing-parse]
  cxx11test::delegate d2();
                        ^~
conftest.cpp:177:25: note: remove parentheses to declare a variable
  cxx11test::delegate d2();
                        ^~
1 warning generated.
configure:6352: $? = 0
configure:6370: result: none needed
configure:6436: checking dependency style of g++
configure:6548: result: none
configure:6627: checking for pkg-config
configure:6662: result: /usr/bin/pkg-config
configure:6687: checking pkg-config is at least version 0.9.0
configure:6690: result: yes
configure:6708: checking for stdio.h
configure:6708: gcc -c -g -O2 -ffile-prefix-map=/<<PKGBUILDDIR>>=. -fstack-protector-strong -Wformat -Werror=format-security -Wdate-time -D_FORTIFY_SOURCE=2 conftest.c >&5
configure:6708: $? = 0
configure:6708: result: yes
configure:6708: checking for stdlib.h
configure:6708: gcc -c -g -O2 -ffile-prefix-map=/<<PKGBUILDDIR>>=. -fstack-protector-strong -Wformat -Werror=format-security -Wdate-time -D_FORTIFY_SOURCE=2 conftest.c >&5
configure:6708: $? = 0
configure:6708: result: yes
configure:6708: checking for string.h
configure:6708: gcc -c -g -O2 -ffile-prefix-map=/<<PKGBUILDDIR>>=. -fstack-protector-strong -Wformat -Werror=format-security -Wdate-time -D_FORTIFY_SOURCE=2 conftest.c >&5
configure:6708: $? = 0
configure:6708: result: yes
configure:6708: checking for inttypes.h
configure:6708: gcc -c -g -O2 -ffile-prefix-map=/<<PKGBUILDDIR>>=. -fstack-protector-strong -Wformat -Werror=format-security -Wdate-time -D_FORTIFY_SOURCE=2 conftest.c >&5
configure:6708: $? = 0
configure:6708: result: yes
configure:6708: checking for stdint.h
configure:6708: gcc -c -g -O2 -ffile-prefix-map=/<<PKGBUILDDIR>>=. -fstack-protector-strong -Wformat -Werror=format-security -Wdate-time -D_FORTIFY_SOURCE=2 conftest.c >&5
configure:6708: $? = 0
configure:6708: result: yes
configure:6708: checking for strings.h
configure:6708: gcc -c -g -O2 -ffile-prefix-map=/<<PKGBUILDDIR>>=. -fstack-protector-strong -Wformat -Werror=format-security -Wdate-time -D_FORTIFY_SOURCE=2 conftest.c >&5
configure:6708: $? = 0
configure:6708: result: yes
configure:6708: checking for sys/stat.h
configure:6708: gcc -c -g -O2 -ffile-prefix-map=/<<PKGBUILDDIR>>=. -fstack-protector-strong -Wformat -Werror=format-security -Wdate-time -D_FORTIFY_SOURCE=2 conftest.c >&5
configure:6708: $? = 0
configure:6708: result: yes
configure:6708: checking for sys/types.h
configure:6708: gcc -c -g -O2 -ffile-prefix-map=/<<PKGBUILDDIR>>=. -fstack-protector-strong -Wformat -Werror=format-security -Wdate-time -D_FORTIFY_SOURCE=2 conftest.c >&5
configure:6708: $? = 0
configure:6708: result: yes
configure:6708: checking for unistd.h
configure:6708: gcc -c -g -O2 -ffile-prefix-map=/<<PKGBUILDDIR>>=. -fstack-protector-strong -Wformat -Werror=format-security -Wdate-time -D_FORTIFY_SOURCE=2 conftest.c >&5
configure:6708: $? = 0
configure:6708: result: yes
configure:6708: checking for wchar.h
configure:6708: gcc -c -g -O2 -ffile-prefix-map=/<<PKGBUILDDIR>>=. -fstack-protector-strong -Wformat -Werror=format-security -Wdate-time -D_FORTIFY_SOURCE=2 conftest.c >&5
configure:6708: $? = 0
configure:6708: result: yes
configure:6708: checking for minix/config.h
configure:6708: gcc -c -g -O2 -ffile-prefix-map=/<<PKGBUILDDIR>>=. -fstack-protector-strong -Wformat -Werror=format-security -Wdate-time -D_FORTIFY_SOURCE=2 conftest.c >&5
conftest.c:49:10: fatal error: 'minix/config.h' file not found
#include <minix/config.h>
         ^~~~~~~~~~~~~~~~
1 error generated.
configure:6708: $? = 1
configure: failed program was:
| /* confdefs.h */
| #define PACKAGE_NAME "frr"
| #define PACKAGE_TARNAME "frr"
| #define PACKAGE_VERSION "7.5.1"
| #define PACKAGE_STRING "frr 7.5.1"
| #define PACKAGE_BUGREPORT "https://github.com/frrouting/frr/issues"
| #define PACKAGE_URL ""
| #define PACKAGE "frr"
| #define VERSION "7.5.1"
| #define HAVE_STDIO_H 1
| #define HAVE_STDLIB_H 1
| #define HAVE_STRING_H 1
| #define HAVE_INTTYPES_H 1
| #define HAVE_STDINT_H 1
| #define HAVE_STRINGS_H 1
| #define HAVE_SYS_STAT_H 1
| #define HAVE_SYS_TYPES_H 1
| #define HAVE_UNISTD_H 1
| #define HAVE_WCHAR_H 1
| /* end confdefs.h.  */
| #include <stddef.h>
| #ifdef HAVE_STDIO_H
| # include <stdio.h>
| #endif
| #ifdef HAVE_STDLIB_H
| # include <stdlib.h>
| #endif
| #ifdef HAVE_STRING_H
| # include <string.h>
| #endif
| #ifdef HAVE_INTTYPES_H
| # include <inttypes.h>
| #endif
| #ifdef HAVE_STDINT_H
| # include <stdint.h>
| #endif
| #ifdef HAVE_STRINGS_H
| # include <strings.h>
| #endif
| #ifdef HAVE_SYS_TYPES_H
| # include <sys/types.h>
| #endif
| #ifdef HAVE_SYS_STAT_H
| # include <sys/stat.h>
| #endif
| #ifdef HAVE_UNISTD_H
| # include <unistd.h>
| #endif
| #include <minix/config.h>
configure:6708: result: no
configure:6739: checking whether it is safe to define __EXTENSIONS__
configure:6758: gcc -c -g -O2 -ffile-prefix-map=/<<PKGBUILDDIR>>=. -fstack-protector-strong -Wformat -Werror=format-security -Wdate-time -D_FORTIFY_SOURCE=2 conftest.c >&5
configure:6758: $? = 0
configure:6766: result: yes
configure:6769: checking whether _XOPEN_SOURCE should be defined
configure:6791: gcc -c -g -O2 -ffile-prefix-map=/<<PKGBUILDDIR>>=. -fstack-protector-strong -Wformat -Werror=format-security -Wdate-time -D_FORTIFY_SOURCE=2 conftest.c >&5
configure:6791: $? = 0
configure:6818: result: no
configure:6880: checking whether gcc supports -diag-error 10006
configure:6906: gcc -c -g -O2 -ffile-prefix-map=/<<PKGBUILDDIR>>=. -fstack-protector-strong -Wformat -Werror=format-security -diag-error 10006 -Wdate-time -D_FORTIFY_SOURCE=2 conftest.c >&5
clang: error: no such file or directory: '10006'
configure:6906: $? = 1
configure: failed program was:
| /* confdefs.h */
| #define PACKAGE_NAME "frr"
| #define PACKAGE_TARNAME "frr"
| #define PACKAGE_VERSION "7.5.1"
| #define PACKAGE_STRING "frr 7.5.1"
| #define PACKAGE_BUGREPORT "https://github.com/frrouting/frr/issues"
| #define PACKAGE_URL ""
| #define PACKAGE "frr"
| #define VERSION "7.5.1"
| #define HAVE_STDIO_H 1
| #define HAVE_STDLIB_H 1
| #define HAVE_STRING_H 1
| #define HAVE_INTTYPES_H 1
| #define HAVE_STDINT_H 1
| #define HAVE_STRINGS_H 1
| #define HAVE_SYS_STAT_H 1
| #define HAVE_SYS_TYPES_H 1
| #define HAVE_UNISTD_H 1
| #define HAVE_WCHAR_H 1
| #define STDC_HEADERS 1
| #define _ALL_SOURCE 1
| #define _DARWIN_C_SOURCE 1
| #define _GNU_SOURCE 1
| #define _HPUX_ALT_XOPEN_SOCKET_API 1
| #define _NETBSD_SOURCE 1
| #define _OPENBSD_SOURCE 1
| #define _POSIX_PTHREAD_SEMANTICS 1
| #define __STDC_WANT_IEC_60559_ATTRIBS_EXT__ 1
| #define __STDC_WANT_IEC_60559_BFP_EXT__ 1
| #define __STDC_WANT_IEC_60559_DFP_EXT__ 1
| #define __STDC_WANT_IEC_60559_FUNCS_EXT__ 1
| #define __STDC_WANT_IEC_60559_TYPES_EXT__ 1
| #define __STDC_WANT_LIB_EXT2__ 1
| #define __STDC_WANT_MATH_SPEC_FUNCS__ 1
| #define _TANDEM_SOURCE 1
| #define __EXTENSIONS__ 1
| /* end confdefs.h.  */
| 
| int
| main (void)
| {
| 
|   ;
|   return 0;
| }
configure:6926: result: no
configure:6943: checking whether gcc supports -std=gnu11
configure:6969: gcc -c -g -O2 -ffile-prefix-map=/<<PKGBUILDDIR>>=. -fstack-protector-strong -Wformat -Werror=format-security -std=gnu11 -Wdate-time -D_FORTIFY_SOURCE=2 conftest.c >&5
configure:6969: $? = 0
configure:6989: result: yes
configure:8512: checking whether gcc -std=gnu11 supports -fno-omit-frame-pointer
configure:8538: gcc -std=gnu11 -c -g -O2 -ffile-prefix-map=/<<PKGBUILDDIR>>=. -fstack-protector-strong -Wformat -Werror=format-security -fno-omit-frame-pointer -Wdate-time -D_FORTIFY_SOURCE=2 conftest.c >&5
configure:8538: $? = 0
configure:8558: result: yes
configure:8570: checking whether gcc -std=gnu11 supports -funwind-tables
configure:8596: gcc -std=gnu11 -c -g -O2 -ffile-prefix-map=/<<PKGBUILDDIR>>=. -fstack-protector-strong -Wformat -Werror=format-security -fno-omit-frame-pointer -funwind-tables -Wdate-time -D_FORTIFY_SOURCE=2 conftest.c >&5
configure:8596: $? = 0
configure:8616: result: yes
configure:8628: checking whether gcc -std=gnu11 supports -Wall
configure:8654: gcc -std=gnu11 -c -g -O2 -ffile-prefix-map=/<<PKGBUILDDIR>>=. -fstack-protector-strong -Wformat -Werror=format-security -fno-omit-frame-pointer -funwind-tables -Wall -Wdate-time -D_FORTIFY_SOURCE=2 conftest.c >&5
configure:8654: $? = 0
configure:8674: result: yes
configure:8686: checking whether gcc -std=gnu11 supports -Wextra
configure:8712: gcc -std=gnu11 -c -g -O2 -ffile-prefix-map=/<<PKGBUILDDIR>>=. -fstack-protector-strong -Wformat -Werror=format-security -fno-omit-frame-pointer -funwind-tables -Wall -Wextra -Wdate-time -D_FORTIFY_SOURCE=2 conftest.c >&5
configure:8712: $? = 0
configure:8732: result: yes
configure:8744: checking whether gcc -std=gnu11 supports -Wmissing-prototypes
configure:8770: gcc -std=gnu11 -c -g -O2 -ffile-prefix-map=/<<PKGBUILDDIR>>=. -fstack-protector-strong -Wformat -Werror=format-security -fno-omit-frame-pointer -funwind-tables -Wall -Wextra -Wmissing-prototypes -Wdate-time -D_FORTIFY_SOURCE=2 conftest.c >&5
configure:8770: $? = 0
configure:8790: result: yes
configure:8802: checking whether gcc -std=gnu11 supports -Wmissing-declarations
configure:8828: gcc -std=gnu11 -c -g -O2 -ffile-prefix-map=/<<PKGBUILDDIR>>=. -fstack-protector-strong -Wformat -Werror=format-security -fno-omit-frame-pointer -funwind-tables -Wall -Wextra -Wmissing-prototypes -Wmissing-declarations -Wdate-time -D_FORTIFY_SOURCE=2 conftest.c >&5
configure:8828: $? = 0
configure:8848: result: yes
configure:8860: checking whether gcc -std=gnu11 supports -Wpointer-arith
configure:8886: gcc -std=gnu11 -c -g -O2 -ffile-prefix-map=/<<PKGBUILDDIR>>=. -fstack-protector-strong -Wformat -Werror=format-security -fno-omit-frame-pointer -funwind-tables -Wall -Wextra -Wmissing-prototypes -Wmissing-declarations -Wpointer-arith -Wdate-time -D_FORTIFY_SOURCE=2 conftest.c >&5
configure:8886: $? = 0
configure:8906: result: yes
configure:8918: checking whether gcc -std=gnu11 supports -Wbad-function-cast
configure:8944: gcc -std=gnu11 -c -g -O2 -ffile-prefix-map=/<<PKGBUILDDIR>>=. -fstack-protector-strong -Wformat -Werror=format-security -fno-omit-frame-pointer -funwind-tables -Wall -Wextra -Wmissing-prototypes -Wmissing-declarations -Wpointer-arith -Wbad-function-cast -Wdate-time -D_FORTIFY_SOURCE=2 conftest.c >&5
configure:8944: $? = 0
configure:8964: result: yes
configure:8976: checking whether gcc -std=gnu11 supports -Wwrite-strings
configure:9002: gcc -std=gnu11 -c -g -O2 -ffile-prefix-map=/<<PKGBUILDDIR>>=. -fstack-protector-strong -Wformat -Werror=format-security -fno-omit-frame-pointer -funwind-tables -Wall -Wextra -Wmissing-prototypes -Wmissing-declarations -Wpointer-arith -Wbad-function-cast -Wwrite-strings -Wdate-time -D_FORTIFY_SOURCE=2 conftest.c >&5
configure:9002: $? = 0
configure:9022: result: yes
configure:9034: checking whether gcc -std=gnu11 supports -Wundef
configure:9060: gcc -std=gnu11 -c -g -O2 -ffile-prefix-map=/<<PKGBUILDDIR>>=. -fstack-protector-strong -Wformat -Werror=format-security -fno-omit-frame-pointer -funwind-tables -Wall -Wextra -Wmissing-prototypes -Wmissing-declarations -Wpointer-arith -Wbad-function-cast -Wwrite-strings -Wundef -Wdate-time -D_FORTIFY_SOURCE=2 conftest.c >&5
configure:9060: $? = 0
configure:9080: result: yes
configure:9558: checking whether gcc -std=gnu11 supports -Wno-unused-result
configure:9584: gcc -std=gnu11 -c -g -O2 -ffile-prefix-map=/<<PKGBUILDDIR>>=. -fstack-protector-strong -Wformat -Werror=format-security -fno-omit-frame-pointer -funwind-tables -Wall -Wextra -Wmissing-prototypes -Wmissing-declarations -Wpointer-arith -Wbad-function-cast -Wwrite-strings -Wundef -Wno-unused-result -Wdate-time -D_FORTIFY_SOURCE=2 conftest.c >&5
configure:9584: $? = 0
configure:9604: result: yes
configure:9617: checking whether gcc -std=gnu11 supports -Wno-unused-parameter
configure:9643: gcc -std=gnu11 -c -g -O2 -ffile-prefix-map=/<<PKGBUILDDIR>>=. -fstack-protector-strong -Wformat -Werror=format-security -fno-omit-frame-pointer -funwind-tables -Wall -Wextra -Wmissing-prototypes -Wmissing-declarations -Wpointer-arith -Wbad-function-cast -Wwrite-strings -Wundef -Wno-unused-result -Wno-unused-parameter -Wdate-time -D_FORTIFY_SOURCE=2 conftest.c >&5
configure:9643: $? = 0
configure:9663: result: yes
configure:9675: checking whether gcc -std=gnu11 supports -Wno-missing-field-initializers
configure:9701: gcc -std=gnu11 -c -g -O2 -ffile-prefix-map=/<<PKGBUILDDIR>>=. -fstack-protector-strong -Wformat -Werror=format-security -fno-omit-frame-pointer -funwind-tables -Wall -Wextra -Wmissing-prototypes -Wmissing-declarations -Wpointer-arith -Wbad-function-cast -Wwrite-strings -Wundef -Wno-unused-result -Wno-unused-parameter -Wno-missing-field-initializers -Wdate-time -D_FORTIFY_SOURCE=2 conftest.c >&5
configure:9701: $? = 0
configure:9721: result: yes
configure:9734: checking whether gcc -std=gnu11 supports -Wc++-compat
configure:9760: gcc -std=gnu11 -c -g -O2 -ffile-prefix-map=/<<PKGBUILDDIR>>=. -fstack-protector-strong -Wformat -Werror=format-security -fno-omit-frame-pointer -funwind-tables -Wall -Wextra -Wmissing-prototypes -Wmissing-declarations -Wpointer-arith -Wbad-function-cast -Wwrite-strings -Wundef -Wno-unused-result -Wno-unused-parameter -Wno-missing-field-initializers -Wc++-compat -Wdate-time -D_FORTIFY_SOURCE=2 conftest.c >&5
configure:9760: $? = 0
configure:9780: result: yes
configure:9794: checking whether gcc -std=gnu11 supports -diag-disable 3179
configure:9820: gcc -std=gnu11 -c -g -O2 -ffile-prefix-map=/<<PKGBUILDDIR>>=. -fstack-protector-strong -Wformat -Werror=format-security -fno-omit-frame-pointer -funwind-tables -Wall -Wextra -Wmissing-prototypes -Wmissing-declarations -Wpointer-arith -Wbad-function-cast -Wwrite-strings -Wundef -Wno-unused-result -Wno-unused-parameter -Wno-missing-field-initializers -diag-disable 3179 -Wdate-time -D_FORTIFY_SOURCE=2 conftest.c >&5
clang: error: no such file or directory: '3179'
configure:9820: $? = 1
configure: failed program was:
| /* confdefs.h */
| #define PACKAGE_NAME "frr"
| #define PACKAGE_TARNAME "frr"
| #define PACKAGE_VERSION "7.5.1"
| #define PACKAGE_STRING "frr 7.5.1"
| #define PACKAGE_BUGREPORT "https://github.com/frrouting/frr/issues"
| #define PACKAGE_URL ""
| #define PACKAGE "frr"
| #define VERSION "7.5.1"
| #define HAVE_STDIO_H 1
| #define HAVE_STDLIB_H 1
| #define HAVE_STRING_H 1
| #define HAVE_INTTYPES_H 1
| #define HAVE_STDINT_H 1
| #define HAVE_STRINGS_H 1
| #define HAVE_SYS_STAT_H 1
| #define HAVE_SYS_TYPES_H 1
| #define HAVE_UNISTD_H 1
| #define HAVE_WCHAR_H 1
| #define STDC_HEADERS 1
| #define _ALL_SOURCE 1
| #define _DARWIN_C_SOURCE 1
| #define _GNU_SOURCE 1
| #define _HPUX_ALT_XOPEN_SOCKET_API 1
| #define _NETBSD_SOURCE 1
| #define _OPENBSD_SOURCE 1
| #define _POSIX_PTHREAD_SEMANTICS 1
| #define __STDC_WANT_IEC_60559_ATTRIBS_EXT__ 1
| #define __STDC_WANT_IEC_60559_BFP_EXT__ 1
| #define __STDC_WANT_IEC_60559_DFP_EXT__ 1
| #define __STDC_WANT_IEC_60559_FUNCS_EXT__ 1
| #define __STDC_WANT_IEC_60559_TYPES_EXT__ 1
| #define __STDC_WANT_LIB_EXT2__ 1
| #define __STDC_WANT_MATH_SPEC_FUNCS__ 1
| #define _TANDEM_SOURCE 1
| #define __EXTENSIONS__ 1
| /* end confdefs.h.  */
| 
| int
| main (void)
| {
| 
|   ;
|   return 0;
| }
configure:9840: result: no
configure:10188: checking whether gcc -std=gnu11 supports -fplugin=tools/gcc-plugins/frr-format.so
configure:10221: gcc -std=gnu11 -c -g -O2 -ffile-prefix-map=/<<PKGBUILDDIR>>=. -fstack-protector-strong -Wformat -Werror=format-security -fno-omit-frame-pointer -funwind-tables -Wall -Wextra -Wmissing-prototypes -Wmissing-declarations -Wpointer-arith -Wbad-function-cast -Wwrite-strings -Wundef -Wno-unused-result -Wno-unused-parameter -Wno-missing-field-initializers -fplugin=tools/gcc-plugins/frr-format.so -Wdate-time -D_FORTIFY_SOURCE=2 conftest.c >&5
error: unable to load plugin 'tools/gcc-plugins/frr-format.so': 'tools/gcc-plugins/frr-format.so: cannot open shared object file: No such file or directory'
configure:10221: $? = 1
configure: failed program was:
| /* confdefs.h */
| #define PACKAGE_NAME "frr"
| #define PACKAGE_TARNAME "frr"
| #define PACKAGE_VERSION "7.5.1"
| #define PACKAGE_STRING "frr 7.5.1"
| #define PACKAGE_BUGREPORT "https://github.com/frrouting/frr/issues"
| #define PACKAGE_URL ""
| #define PACKAGE "frr"
| #define VERSION "7.5.1"
| #define HAVE_STDIO_H 1
| #define HAVE_STDLIB_H 1
| #define HAVE_STRING_H 1
| #define HAVE_INTTYPES_H 1
| #define HAVE_STDINT_H 1
| #define HAVE_STRINGS_H 1
| #define HAVE_SYS_STAT_H 1
| #define HAVE_SYS_TYPES_H 1
| #define HAVE_UNISTD_H 1
| #define HAVE_WCHAR_H 1
| #define STDC_HEADERS 1
| #define _ALL_SOURCE 1
| #define _DARWIN_C_SOURCE 1
| #define _GNU_SOURCE 1
| #define _HPUX_ALT_XOPEN_SOCKET_API 1
| #define _NETBSD_SOURCE 1
| #define _OPENBSD_SOURCE 1
| #define _POSIX_PTHREAD_SEMANTICS 1
| #define __STDC_WANT_IEC_60559_ATTRIBS_EXT__ 1
| #define __STDC_WANT_IEC_60559_BFP_EXT__ 1
| #define __STDC_WANT_IEC_60559_DFP_EXT__ 1
| #define __STDC_WANT_IEC_60559_FUNCS_EXT__ 1
| #define __STDC_WANT_IEC_60559_TYPES_EXT__ 1
| #define __STDC_WANT_LIB_EXT2__ 1
| #define __STDC_WANT_MATH_SPEC_FUNCS__ 1
| #define _TANDEM_SOURCE 1
| #define __EXTENSIONS__ 1
| /* end confdefs.h.  */
| 
| #ifndef _FRR_ATTRIBUTE_PRINTFRR
| #error plugin not loaded
| #endif
| #if _FRR_ATTRIBUTE_PRINTFRR < 0x10000
| #error plugin too old
| #endif
| 
| int
| main (void)
| {
| 
|   ;
|   return 0;
| }
configure:10241: result: no
configure:10250: checking whether gcc -std=gnu11 supports -fplugin=frr-format
configure:10283: gcc -std=gnu11 -c -g -O2 -ffile-prefix-map=/<<PKGBUILDDIR>>=. -fstack-protector-strong -Wformat -Werror=format-security -fno-omit-frame-pointer -funwind-tables -Wall -Wextra -Wmissing-prototypes -Wmissing-declarations -Wpointer-arith -Wbad-function-cast -Wwrite-strings -Wundef -Wno-unused-result -Wno-unused-parameter -Wno-missing-field-initializers -fplugin=frr-format -Wdate-time -D_FORTIFY_SOURCE=2 conftest.c >&5
error: unable to load plugin 'frr-format': 'frr-format: cannot open shared object file: No such file or directory'
configure:10283: $? = 1
configure: failed program was:
| /* confdefs.h */
| #define PACKAGE_NAME "frr"
| #define PACKAGE_TARNAME "frr"
| #define PACKAGE_VERSION "7.5.1"
| #define PACKAGE_STRING "frr 7.5.1"
| #define PACKAGE_BUGREPORT "https://github.com/frrouting/frr/issues"
| #define PACKAGE_URL ""
| #define PACKAGE "frr"
| #define VERSION "7.5.1"
| #define HAVE_STDIO_H 1
| #define HAVE_STDLIB_H 1
| #define HAVE_STRING_H 1
| #define HAVE_INTTYPES_H 1
| #define HAVE_STDINT_H 1
| #define HAVE_STRINGS_H 1
| #define HAVE_SYS_STAT_H 1
| #define HAVE_SYS_TYPES_H 1
| #define HAVE_UNISTD_H 1
| #define HAVE_WCHAR_H 1
| #define STDC_HEADERS 1
| #define _ALL_SOURCE 1
| #define _DARWIN_C_SOURCE 1
| #define _GNU_SOURCE 1
| #define _HPUX_ALT_XOPEN_SOCKET_API 1
| #define _NETBSD_SOURCE 1
| #define _OPENBSD_SOURCE 1
| #define _POSIX_PTHREAD_SEMANTICS 1
| #define __STDC_WANT_IEC_60559_ATTRIBS_EXT__ 1
| #define __STDC_WANT_IEC_60559_BFP_EXT__ 1
| #define __STDC_WANT_IEC_60559_DFP_EXT__ 1
| #define __STDC_WANT_IEC_60559_FUNCS_EXT__ 1
| #define __STDC_WANT_IEC_60559_TYPES_EXT__ 1
| #define __STDC_WANT_LIB_EXT2__ 1
| #define __STDC_WANT_MATH_SPEC_FUNCS__ 1
| #define _TANDEM_SOURCE 1
| #define __EXTENSIONS__ 1
| /* end confdefs.h.  */
| 
| #ifndef _FRR_ATTRIBUTE_PRINTFRR
| #error plugin not loaded
| #endif
| #if _FRR_ATTRIBUTE_PRINTFRR < 0x10000
| #error plugin too old
| #endif
| 
| int
| main (void)
| {
| 
|   ;
|   return 0;
| }
configure:10303: result: no
configure:10434: checking if compiler needs -Werror to reject unknown flags
configure:10450: gcc -std=gnu11 -c -g -O2 -ffile-prefix-map=/<<PKGBUILDDIR>>=. -fstack-protector-strong -Wformat -Werror=format-security -fno-omit-frame-pointer -funwind-tables -Wall -Wextra -Wmissing-prototypes -Wmissing-declarations -Wpointer-arith -Wbad-function-cast -Wwrite-strings -Wundef -Wno-unused-result -Wno-unused-parameter -Wno-missing-field-initializers -Werror -Wunknown-warning-option -Wsizeof-array-argument -Wdate-time -D_FORTIFY_SOURCE=2 conftest.c >&5
configure:10450: $? = 0
configure:10452: result: yes
configure:10527: checking for the pthreads library -lpthreads
configure:10565: gcc -std=gnu11 -o conftest -g -O2 -ffile-prefix-map=/<<PKGBUILDDIR>>=. -fstack-protector-strong -Wformat -Werror=format-security -fno-omit-frame-pointer -funwind-tables -Wall -Wextra -Wmissing-prototypes -Wmissing-declarations -Wpointer-arith -Wbad-function-cast -Wwrite-strings -Wundef -Wno-unused-result -Wno-unused-parameter -Wno-missing-field-initializers  -Werror -Wdate-time -D_FORTIFY_SOURCE=2 -Wl,-z,relro -Wl,-z,now conftest.c -lpthreads  >&5
conftest.c:39:51: error: parameter 'a' set but not used [-Werror,-Wunused-but-set-parameter]
                        static void routine(void *a) { a = 0; }
                                                  ^
1 error generated.
configure:10565: $? = 1
configure: failed program was:
| /* confdefs.h */
| #define PACKAGE_NAME "frr"
| #define PACKAGE_TARNAME "frr"
| #define PACKAGE_VERSION "7.5.1"
| #define PACKAGE_STRING "frr 7.5.1"
| #define PACKAGE_BUGREPORT "https://github.com/frrouting/frr/issues"
| #define PACKAGE_URL ""
| #define PACKAGE "frr"
| #define VERSION "7.5.1"
| #define HAVE_STDIO_H 1
| #define HAVE_STDLIB_H 1
| #define HAVE_STRING_H 1
| #define HAVE_INTTYPES_H 1
| #define HAVE_STDINT_H 1
| #define HAVE_STRINGS_H 1
| #define HAVE_SYS_STAT_H 1
| #define HAVE_SYS_TYPES_H 1
| #define HAVE_UNISTD_H 1
| #define HAVE_WCHAR_H 1
| #define STDC_HEADERS 1
| #define _ALL_SOURCE 1
| #define _DARWIN_C_SOURCE 1
| #define _GNU_SOURCE 1
| #define _HPUX_ALT_XOPEN_SOCKET_API 1
| #define _NETBSD_SOURCE 1
| #define _OPENBSD_SOURCE 1
| #define _POSIX_PTHREAD_SEMANTICS 1
| #define __STDC_WANT_IEC_60559_ATTRIBS_EXT__ 1
| #define __STDC_WANT_IEC_60559_BFP_EXT__ 1
| #define __STDC_WANT_IEC_60559_DFP_EXT__ 1
| #define __STDC_WANT_IEC_60559_FUNCS_EXT__ 1
| #define __STDC_WANT_IEC_60559_TYPES_EXT__ 1
| #define __STDC_WANT_LIB_EXT2__ 1
| #define __STDC_WANT_MATH_SPEC_FUNCS__ 1
| #define _TANDEM_SOURCE 1
| #define __EXTENSIONS__ 1
| /* end confdefs.h.  */
| #include <pthread.h>
|                         static void routine(void *a) { a = 0; }
|                         static void *start_routine(void *a) { return a; }
| int
| main (void)
| {
| pthread_t th; pthread_attr_t attr;
|                         pthread_create(&th, 0, start_routine, 0);
|                         pthread_join(th, 0);
|                         pthread_attr_init(&attr);
|                         pthread_cleanup_push(routine, 0);
|                         pthread_cleanup_pop(0) /* ; */
|   ;
|   return 0;
| }
configure:10575: result: no
configure:10467: checking whether pthreads work without any flags
configure:10565: gcc -std=gnu11 -o conftest -g -O2 -ffile-prefix-map=/<<PKGBUILDDIR>>=. -fstack-protector-strong -Wformat -Werror=format-security -fno-omit-frame-pointer -funwind-tables -Wall -Wextra -Wmissing-prototypes -Wmissing-declarations -Wpointer-arith -Wbad-function-cast -Wwrite-strings -Wundef -Wno-unused-result -Wno-unused-parameter -Wno-missing-field-initializers  -Werror -Wdate-time -D_FORTIFY_SOURCE=2 -Wl,-z,relro -Wl,-z,now conftest.c   >&5
conftest.c:39:51: error: parameter 'a' set but not used [-Werror,-Wunused-but-set-parameter]
                        static void routine(void *a) { a = 0; }
                                                  ^
1 error generated.
configure:10565: $? = 1
configure: failed program was:
| /* confdefs.h */
| #define PACKAGE_NAME "frr"
| #define PACKAGE_TARNAME "frr"
| #define PACKAGE_VERSION "7.5.1"
| #define PACKAGE_STRING "frr 7.5.1"
| #define PACKAGE_BUGREPORT "https://github.com/frrouting/frr/issues"
| #define PACKAGE_URL ""
| #define PACKAGE "frr"
| #define VERSION "7.5.1"
| #define HAVE_STDIO_H 1
| #define HAVE_STDLIB_H 1
| #define HAVE_STRING_H 1
| #define HAVE_INTTYPES_H 1
| #define HAVE_STDINT_H 1
| #define HAVE_STRINGS_H 1
| #define HAVE_SYS_STAT_H 1
| #define HAVE_SYS_TYPES_H 1
| #define HAVE_UNISTD_H 1
| #define HAVE_WCHAR_H 1
| #define STDC_HEADERS 1
| #define _ALL_SOURCE 1
| #define _DARWIN_C_SOURCE 1
| #define _GNU_SOURCE 1
| #define _HPUX_ALT_XOPEN_SOCKET_API 1
| #define _NETBSD_SOURCE 1
| #define _OPENBSD_SOURCE 1
| #define _POSIX_PTHREAD_SEMANTICS 1
| #define __STDC_WANT_IEC_60559_ATTRIBS_EXT__ 1
| #define __STDC_WANT_IEC_60559_BFP_EXT__ 1
| #define __STDC_WANT_IEC_60559_DFP_EXT__ 1
| #define __STDC_WANT_IEC_60559_FUNCS_EXT__ 1
| #define __STDC_WANT_IEC_60559_TYPES_EXT__ 1
| #define __STDC_WANT_LIB_EXT2__ 1
| #define __STDC_WANT_MATH_SPEC_FUNCS__ 1
| #define _TANDEM_SOURCE 1
| #define __EXTENSIONS__ 1
| /* end confdefs.h.  */
| #include <pthread.h>
|                         static void routine(void *a) { a = 0; }
|                         static void *start_routine(void *a) { return a; }
| int
| main (void)
| {
| pthread_t th; pthread_attr_t attr;
|                         pthread_create(&th, 0, start_routine, 0);
|                         pthread_join(th, 0);
|                         pthread_attr_init(&attr);
|                         pthread_cleanup_push(routine, 0);
|                         pthread_cleanup_pop(0) /* ; */
|   ;
|   return 0;
| }
configure:10575: result: no
configure:10472: checking whether pthreads work with -Kthread
configure:10565: gcc -std=gnu11 -o conftest -g -O2 -ffile-prefix-map=/<<PKGBUILDDIR>>=. -fstack-protector-strong -Wformat -Werror=format-security -fno-omit-frame-pointer -funwind-tables -Wall -Wextra -Wmissing-prototypes -Wmissing-declarations -Wpointer-arith -Wbad-function-cast -Wwrite-strings -Wundef -Wno-unused-result -Wno-unused-parameter -Wno-missing-field-initializers -Kthread -Werror -Wdate-time -D_FORTIFY_SOURCE=2 -Wl,-z,relro -Wl,-z,now conftest.c   >&5
clang: error: unknown argument '-Kthread'; did you mean '-pthread'?
configure:10565: $? = 1
configure: failed program was:
| /* confdefs.h */
| #define PACKAGE_NAME "frr"
| #define PACKAGE_TARNAME "frr"
| #define PACKAGE_VERSION "7.5.1"
| #define PACKAGE_STRING "frr 7.5.1"
| #define PACKAGE_BUGREPORT "https://github.com/frrouting/frr/issues"
| #define PACKAGE_URL ""
| #define PACKAGE "frr"
| #define VERSION "7.5.1"
| #define HAVE_STDIO_H 1
| #define HAVE_STDLIB_H 1
| #define HAVE_STRING_H 1
| #define HAVE_INTTYPES_H 1
| #define HAVE_STDINT_H 1
| #define HAVE_STRINGS_H 1
| #define HAVE_SYS_STAT_H 1
| #define HAVE_SYS_TYPES_H 1
| #define HAVE_UNISTD_H 1
| #define HAVE_WCHAR_H 1
| #define STDC_HEADERS 1
| #define _ALL_SOURCE 1
| #define _DARWIN_C_SOURCE 1
| #define _GNU_SOURCE 1
| #define _HPUX_ALT_XOPEN_SOCKET_API 1
| #define _NETBSD_SOURCE 1
| #define _OPENBSD_SOURCE 1
| #define _POSIX_PTHREAD_SEMANTICS 1
| #define __STDC_WANT_IEC_60559_ATTRIBS_EXT__ 1
| #define __STDC_WANT_IEC_60559_BFP_EXT__ 1
| #define __STDC_WANT_IEC_60559_DFP_EXT__ 1
| #define __STDC_WANT_IEC_60559_FUNCS_EXT__ 1
| #define __STDC_WANT_IEC_60559_TYPES_EXT__ 1
| #define __STDC_WANT_LIB_EXT2__ 1
| #define __STDC_WANT_MATH_SPEC_FUNCS__ 1
| #define _TANDEM_SOURCE 1
| #define __EXTENSIONS__ 1
| /* end confdefs.h.  */
| #include <pthread.h>
|                         static void routine(void *a) { a = 0; }
|                         static void *start_routine(void *a) { return a; }
| int
| main (void)
| {
| pthread_t th; pthread_attr_t attr;
|                         pthread_create(&th, 0, start_routine, 0);
|                         pthread_join(th, 0);
|                         pthread_attr_init(&attr);
|                         pthread_cleanup_push(routine, 0);
|                         pthread_cleanup_pop(0) /* ; */
|   ;
|   return 0;
| }
configure:10575: result: no
configure:10472: checking whether pthreads work with -kthread
configure:10565: gcc -std=gnu11 -o conftest -g -O2 -ffile-prefix-map=/<<PKGBUILDDIR>>=. -fstack-protector-strong -Wformat -Werror=format-security -fno-omit-frame-pointer -funwind-tables -Wall -Wextra -Wmissing-prototypes -Wmissing-declarations -Wpointer-arith -Wbad-function-cast -Wwrite-strings -Wundef -Wno-unused-result -Wno-unused-parameter -Wno-missing-field-initializers -kthread -Werror -Wdate-time -D_FORTIFY_SOURCE=2 -Wl,-z,relro -Wl,-z,now conftest.c   >&5
clang: error: unknown argument '-kthread'; did you mean '-pthread'?
configure:10565: $? = 1
configure: failed program was:
| /* confdefs.h */
| #define PACKAGE_NAME "frr"
| #define PACKAGE_TARNAME "frr"
| #define PACKAGE_VERSION "7.5.1"
| #define PACKAGE_STRING "frr 7.5.1"
| #define PACKAGE_BUGREPORT "https://github.com/frrouting/frr/issues"
| #define PACKAGE_URL ""
| #define PACKAGE "frr"
| #define VERSION "7.5.1"
| #define HAVE_STDIO_H 1
| #define HAVE_STDLIB_H 1
| #define HAVE_STRING_H 1
| #define HAVE_INTTYPES_H 1
| #define HAVE_STDINT_H 1
| #define HAVE_STRINGS_H 1
| #define HAVE_SYS_STAT_H 1
| #define HAVE_SYS_TYPES_H 1
| #define HAVE_UNISTD_H 1
| #define HAVE_WCHAR_H 1
| #define STDC_HEADERS 1
| #define _ALL_SOURCE 1
| #define _DARWIN_C_SOURCE 1
| #define _GNU_SOURCE 1
| #define _HPUX_ALT_XOPEN_SOCKET_API 1
| #define _NETBSD_SOURCE 1
| #define _OPENBSD_SOURCE 1
| #define _POSIX_PTHREAD_SEMANTICS 1
| #define __STDC_WANT_IEC_60559_ATTRIBS_EXT__ 1
| #define __STDC_WANT_IEC_60559_BFP_EXT__ 1
| #define __STDC_WANT_IEC_60559_DFP_EXT__ 1
| #define __STDC_WANT_IEC_60559_FUNCS_EXT__ 1
| #define __STDC_WANT_IEC_60559_TYPES_EXT__ 1
| #define __STDC_WANT_LIB_EXT2__ 1
| #define __STDC_WANT_MATH_SPEC_FUNCS__ 1
| #define _TANDEM_SOURCE 1
| #define __EXTENSIONS__ 1
| /* end confdefs.h.  */
| #include <pthread.h>
|                         static void routine(void *a) { a = 0; }
|                         static void *start_routine(void *a) { return a; }
| int
| main (void)
| {
| pthread_t th; pthread_attr_t attr;
|                         pthread_create(&th, 0, start_routine, 0);
|                         pthread_join(th, 0);
|                         pthread_attr_init(&attr);
|                         pthread_cleanup_push(routine, 0);
|                         pthread_cleanup_pop(0) /* ; */
|   ;
|   return 0;
| }
configure:10575: result: no
configure:10527: checking for the pthreads library -llthread
configure:10565: gcc -std=gnu11 -o conftest -g -O2 -ffile-prefix-map=/<<PKGBUILDDIR>>=. -fstack-protector-strong -Wformat -Werror=format-security -fno-omit-frame-pointer -funwind-tables -Wall -Wextra -Wmissing-prototypes -Wmissing-declarations -Wpointer-arith -Wbad-function-cast -Wwrite-strings -Wundef -Wno-unused-result -Wno-unused-parameter -Wno-missing-field-initializers  -Werror -Wdate-time -D_FORTIFY_SOURCE=2 -Wl,-z,relro -Wl,-z,now conftest.c -llthread  >&5
conftest.c:39:51: error: parameter 'a' set but not used [-Werror,-Wunused-but-set-parameter]
                        static void routine(void *a) { a = 0; }
                                                  ^
1 error generated.
configure:10565: $? = 1
configure: failed program was:
| /* confdefs.h */
| #define PACKAGE_NAME "frr"
| #define PACKAGE_TARNAME "frr"
| #define PACKAGE_VERSION "7.5.1"
| #define PACKAGE_STRING "frr 7.5.1"
| #define PACKAGE_BUGREPORT "https://github.com/frrouting/frr/issues"
| #define PACKAGE_URL ""
| #define PACKAGE "frr"
| #define VERSION "7.5.1"
| #define HAVE_STDIO_H 1
| #define HAVE_STDLIB_H 1
| #define HAVE_STRING_H 1
| #define HAVE_INTTYPES_H 1
| #define HAVE_STDINT_H 1
| #define HAVE_STRINGS_H 1
| #define HAVE_SYS_STAT_H 1
| #define HAVE_SYS_TYPES_H 1
| #define HAVE_UNISTD_H 1
| #define HAVE_WCHAR_H 1
| #define STDC_HEADERS 1
| #define _ALL_SOURCE 1
| #define _DARWIN_C_SOURCE 1
| #define _GNU_SOURCE 1
| #define _HPUX_ALT_XOPEN_SOCKET_API 1
| #define _NETBSD_SOURCE 1
| #define _OPENBSD_SOURCE 1
| #define _POSIX_PTHREAD_SEMANTICS 1
| #define __STDC_WANT_IEC_60559_ATTRIBS_EXT__ 1
| #define __STDC_WANT_IEC_60559_BFP_EXT__ 1
| #define __STDC_WANT_IEC_60559_DFP_EXT__ 1
| #define __STDC_WANT_IEC_60559_FUNCS_EXT__ 1
| #define __STDC_WANT_IEC_60559_TYPES_EXT__ 1
| #define __STDC_WANT_LIB_EXT2__ 1
| #define __STDC_WANT_MATH_SPEC_FUNCS__ 1
| #define _TANDEM_SOURCE 1
| #define __EXTENSIONS__ 1
| /* end confdefs.h.  */
| #include <pthread.h>
|                         static void routine(void *a) { a = 0; }
|                         static void *start_routine(void *a) { return a; }
| int
| main (void)
| {
| pthread_t th; pthread_attr_t attr;
|                         pthread_create(&th, 0, start_routine, 0);
|                         pthread_join(th, 0);
|                         pthread_attr_init(&attr);
|                         pthread_cleanup_push(routine, 0);
|                         pthread_cleanup_pop(0) /* ; */
|   ;
|   return 0;
| }
configure:10575: result: no
configure:10472: checking whether pthreads work with -pthread
configure:10565: gcc -std=gnu11 -o conftest -g -O2 -ffile-prefix-map=/<<PKGBUILDDIR>>=. -fstack-protector-strong -Wformat -Werror=format-security -fno-omit-frame-pointer -funwind-tables -Wall -Wextra -Wmissing-prototypes -Wmissing-declarations -Wpointer-arith -Wbad-function-cast -Wwrite-strings -Wundef -Wno-unused-result -Wno-unused-parameter -Wno-missing-field-initializers -pthread -Werror -Wdate-time -D_FORTIFY_SOURCE=2 -Wl,-z,relro -Wl,-z,now conftest.c   >&5
conftest.c:39:51: error: parameter 'a' set but not used [-Werror,-Wunused-but-set-parameter]
                        static void routine(void *a) { a = 0; }
                                                  ^
1 error generated.
configure:10565: $? = 1
configure: failed program was:
| /* confdefs.h */
| #define PACKAGE_NAME "frr"
| #define PACKAGE_TARNAME "frr"
| #define PACKAGE_VERSION "7.5.1"
| #define PACKAGE_STRING "frr 7.5.1"
| #define PACKAGE_BUGREPORT "https://github.com/frrouting/frr/issues"
| #define PACKAGE_URL ""
| #define PACKAGE "frr"
| #define VERSION "7.5.1"
| #define HAVE_STDIO_H 1
| #define HAVE_STDLIB_H 1
| #define HAVE_STRING_H 1
| #define HAVE_INTTYPES_H 1
| #define HAVE_STDINT_H 1
| #define HAVE_STRINGS_H 1
| #define HAVE_SYS_STAT_H 1
| #define HAVE_SYS_TYPES_H 1
| #define HAVE_UNISTD_H 1
| #define HAVE_WCHAR_H 1
| #define STDC_HEADERS 1
| #define _ALL_SOURCE 1
| #define _DARWIN_C_SOURCE 1
| #define _GNU_SOURCE 1
| #define _HPUX_ALT_XOPEN_SOCKET_API 1
| #define _NETBSD_SOURCE 1
| #define _OPENBSD_SOURCE 1
| #define _POSIX_PTHREAD_SEMANTICS 1
| #define __STDC_WANT_IEC_60559_ATTRIBS_EXT__ 1
| #define __STDC_WANT_IEC_60559_BFP_EXT__ 1
| #define __STDC_WANT_IEC_60559_DFP_EXT__ 1
| #define __STDC_WANT_IEC_60559_FUNCS_EXT__ 1
| #define __STDC_WANT_IEC_60559_TYPES_EXT__ 1
| #define __STDC_WANT_LIB_EXT2__ 1
| #define __STDC_WANT_MATH_SPEC_FUNCS__ 1
| #define _TANDEM_SOURCE 1
| #define __EXTENSIONS__ 1
| /* end confdefs.h.  */
| #include <pthread.h>
|                         static void routine(void *a) { a = 0; }
|                         static void *start_routine(void *a) { return a; }
| int
| main (void)
| {
| pthread_t th; pthread_attr_t attr;
|                         pthread_create(&th, 0, start_routine, 0);
|                         pthread_join(th, 0);
|                         pthread_attr_init(&attr);
|                         pthread_cleanup_push(routine, 0);
|                         pthread_cleanup_pop(0) /* ; */
|   ;
|   return 0;
| }
configure:10575: result: no
configure:10472: checking whether pthreads work with -pthreads
configure:10565: gcc -std=gnu11 -o conftest -g -O2 -ffile-prefix-map=/<<PKGBUILDDIR>>=. -fstack-protector-strong -Wformat -Werror=format-security -fno-omit-frame-pointer -funwind-tables -Wall -Wextra -Wmissing-prototypes -Wmissing-declarations -Wpointer-arith -Wbad-function-cast -Wwrite-strings -Wundef -Wno-unused-result -Wno-unused-parameter -Wno-missing-field-initializers -pthreads -Werror -Wdate-time -D_FORTIFY_SOURCE=2 -Wl,-z,relro -Wl,-z,now conftest.c   >&5
conftest.c:39:51: error: parameter 'a' set but not used [-Werror,-Wunused-but-set-parameter]
                        static void routine(void *a) { a = 0; }
                                                  ^
1 error generated.
configure:10565: $? = 1
configure: failed program was:
| /* confdefs.h */
| #define PACKAGE_NAME "frr"
| #define PACKAGE_TARNAME "frr"
| #define PACKAGE_VERSION "7.5.1"
| #define PACKAGE_STRING "frr 7.5.1"
| #define PACKAGE_BUGREPORT "https://github.com/frrouting/frr/issues"
| #define PACKAGE_URL ""
| #define PACKAGE "frr"
| #define VERSION "7.5.1"
| #define HAVE_STDIO_H 1
| #define HAVE_STDLIB_H 1
| #define HAVE_STRING_H 1
| #define HAVE_INTTYPES_H 1
| #define HAVE_STDINT_H 1
| #define HAVE_STRINGS_H 1
| #define HAVE_SYS_STAT_H 1
| #define HAVE_SYS_TYPES_H 1
| #define HAVE_UNISTD_H 1
| #define HAVE_WCHAR_H 1
| #define STDC_HEADERS 1
| #define _ALL_SOURCE 1
| #define _DARWIN_C_SOURCE 1
| #define _GNU_SOURCE 1
| #define _HPUX_ALT_XOPEN_SOCKET_API 1
| #define _NETBSD_SOURCE 1
| #define _OPENBSD_SOURCE 1
| #define _POSIX_PTHREAD_SEMANTICS 1
| #define __STDC_WANT_IEC_60559_ATTRIBS_EXT__ 1
| #define __STDC_WANT_IEC_60559_BFP_EXT__ 1
| #define __STDC_WANT_IEC_60559_DFP_EXT__ 1
| #define __STDC_WANT_IEC_60559_FUNCS_EXT__ 1
| #define __STDC_WANT_IEC_60559_TYPES_EXT__ 1
| #define __STDC_WANT_LIB_EXT2__ 1
| #define __STDC_WANT_MATH_SPEC_FUNCS__ 1
| #define _TANDEM_SOURCE 1
| #define __EXTENSIONS__ 1
| /* end confdefs.h.  */
| #include <pthread.h>
|                         static void routine(void *a) { a = 0; }
|                         static void *start_routine(void *a) { return a; }
| int
| main (void)
| {
| pthread_t th; pthread_attr_t attr;
|                         pthread_create(&th, 0, start_routine, 0);
|                         pthread_join(th, 0);
|                         pthread_attr_init(&attr);
|                         pthread_cleanup_push(routine, 0);
|                         pthread_cleanup_pop(0) /* ; */
|   ;
|   return 0;
| }
configure:10575: result: no
configure:10472: checking whether pthreads work with -mthreads
configure:10565: gcc -std=gnu11 -o conftest -g -O2 -ffile-prefix-map=/<<PKGBUILDDIR>>=. -fstack-protector-strong -Wformat -Werror=format-security -fno-omit-frame-pointer -funwind-tables -Wall -Wextra -Wmissing-prototypes -Wmissing-declarations -Wpointer-arith -Wbad-function-cast -Wwrite-strings -Wundef -Wno-unused-result -Wno-unused-parameter -Wno-missing-field-initializers -mthreads -Werror -Wdate-time -D_FORTIFY_SOURCE=2 -Wl,-z,relro -Wl,-z,now conftest.c   >&5
clang: error: argument unused during compilation: '-mthreads' [-Werror,-Wunused-command-line-argument]
configure:10565: $? = 1
configure: failed program was:
| /* confdefs.h */
| #define PACKAGE_NAME "frr"
| #define PACKAGE_TARNAME "frr"
| #define PACKAGE_VERSION "7.5.1"
| #define PACKAGE_STRING "frr 7.5.1"
| #define PACKAGE_BUGREPORT "https://github.com/frrouting/frr/issues"
| #define PACKAGE_URL ""
| #define PACKAGE "frr"
| #define VERSION "7.5.1"
| #define HAVE_STDIO_H 1
| #define HAVE_STDLIB_H 1
| #define HAVE_STRING_H 1
| #define HAVE_INTTYPES_H 1
| #define HAVE_STDINT_H 1
| #define HAVE_STRINGS_H 1
| #define HAVE_SYS_STAT_H 1
| #define HAVE_SYS_TYPES_H 1
| #define HAVE_UNISTD_H 1
| #define HAVE_WCHAR_H 1
| #define STDC_HEADERS 1
| #define _ALL_SOURCE 1
| #define _DARWIN_C_SOURCE 1
| #define _GNU_SOURCE 1
| #define _HPUX_ALT_XOPEN_SOCKET_API 1
| #define _NETBSD_SOURCE 1
| #define _OPENBSD_SOURCE 1
| #define _POSIX_PTHREAD_SEMANTICS 1
| #define __STDC_WANT_IEC_60559_ATTRIBS_EXT__ 1
| #define __STDC_WANT_IEC_60559_BFP_EXT__ 1
| #define __STDC_WANT_IEC_60559_DFP_EXT__ 1
| #define __STDC_WANT_IEC_60559_FUNCS_EXT__ 1
| #define __STDC_WANT_IEC_60559_TYPES_EXT__ 1
| #define __STDC_WANT_LIB_EXT2__ 1
| #define __STDC_WANT_MATH_SPEC_FUNCS__ 1
| #define _TANDEM_SOURCE 1
| #define __EXTENSIONS__ 1
| /* end confdefs.h.  */
| #include <pthread.h>
|                         static void routine(void *a) { a = 0; }
|                         static void *start_routine(void *a) { return a; }
| int
| main (void)
| {
| pthread_t th; pthread_attr_t attr;
|                         pthread_create(&th, 0, start_routine, 0);
|                         pthread_join(th, 0);
|                         pthread_attr_init(&attr);
|                         pthread_cleanup_push(routine, 0);
|                         pthread_cleanup_pop(0) /* ; */
|   ;
|   return 0;
| }
configure:10575: result: no
configure:10527: checking for the pthreads library -lpthread
configure:10565: gcc -std=gnu11 -o conftest -g -O2 -ffile-prefix-map=/<<PKGBUILDDIR>>=. -fstack-protector-strong -Wformat -Werror=format-security -fno-omit-frame-pointer -funwind-tables -Wall -Wextra -Wmissing-prototypes -Wmissing-declarations -Wpointer-arith -Wbad-function-cast -Wwrite-strings -Wundef -Wno-unused-result -Wno-unused-parameter -Wno-missing-field-initializers  -Werror -Wdate-time -D_FORTIFY_SOURCE=2 -Wl,-z,relro -Wl,-z,now conftest.c -lpthread  >&5
conftest.c:39:51: error: parameter 'a' set but not used [-Werror,-Wunused-but-set-parameter]
                        static void routine(void *a) { a = 0; }
                                                  ^
1 error generated.
configure:10565: $? = 1
configure: failed program was:
| /* confdefs.h */
| #define PACKAGE_NAME "frr"
| #define PACKAGE_TARNAME "frr"
| #define PACKAGE_VERSION "7.5.1"
| #define PACKAGE_STRING "frr 7.5.1"
| #define PACKAGE_BUGREPORT "https://github.com/frrouting/frr/issues"
| #define PACKAGE_URL ""
| #define PACKAGE "frr"
| #define VERSION "7.5.1"
| #define HAVE_STDIO_H 1
| #define HAVE_STDLIB_H 1
| #define HAVE_STRING_H 1
| #define HAVE_INTTYPES_H 1
| #define HAVE_STDINT_H 1
| #define HAVE_STRINGS_H 1
| #define HAVE_SYS_STAT_H 1
| #define HAVE_SYS_TYPES_H 1
| #define HAVE_UNISTD_H 1
| #define HAVE_WCHAR_H 1
| #define STDC_HEADERS 1
| #define _ALL_SOURCE 1
| #define _DARWIN_C_SOURCE 1
| #define _GNU_SOURCE 1
| #define _HPUX_ALT_XOPEN_SOCKET_API 1
| #define _NETBSD_SOURCE 1
| #define _OPENBSD_SOURCE 1
| #define _POSIX_PTHREAD_SEMANTICS 1
| #define __STDC_WANT_IEC_60559_ATTRIBS_EXT__ 1
| #define __STDC_WANT_IEC_60559_BFP_EXT__ 1
| #define __STDC_WANT_IEC_60559_DFP_EXT__ 1
| #define __STDC_WANT_IEC_60559_FUNCS_EXT__ 1
| #define __STDC_WANT_IEC_60559_TYPES_EXT__ 1
| #define __STDC_WANT_LIB_EXT2__ 1
| #define __STDC_WANT_MATH_SPEC_FUNCS__ 1
| #define _TANDEM_SOURCE 1
| #define __EXTENSIONS__ 1
| /* end confdefs.h.  */
| #include <pthread.h>
|                         static void routine(void *a) { a = 0; }
|                         static void *start_routine(void *a) { return a; }
| int
| main (void)
| {
| pthread_t th; pthread_attr_t attr;
|                         pthread_create(&th, 0, start_routine, 0);
|                         pthread_join(th, 0);
|                         pthread_attr_init(&attr);
|                         pthread_cleanup_push(routine, 0);
|                         pthread_cleanup_pop(0) /* ; */
|   ;
|   return 0;
| }
configure:10575: result: no
configure:10472: checking whether pthreads work with --thread-safe
configure:10565: gcc -std=gnu11 -o conftest -g -O2 -ffile-prefix-map=/<<PKGBUILDDIR>>=. -fstack-protector-strong -Wformat -Werror=format-security -fno-omit-frame-pointer -funwind-tables -Wall -Wextra -Wmissing-prototypes -Wmissing-declarations -Wpointer-arith -Wbad-function-cast -Wwrite-strings -Wundef -Wno-unused-result -Wno-unused-parameter -Wno-missing-field-initializers --thread-safe -Werror -Wdate-time -D_FORTIFY_SOURCE=2 -Wl,-z,relro -Wl,-z,now conftest.c   >&5
clang: error: unsupported option '--thread-safe'
configure:10565: $? = 1
configure: failed program was:
| /* confdefs.h */
| #define PACKAGE_NAME "frr"
| #define PACKAGE_TARNAME "frr"
| #define PACKAGE_VERSION "7.5.1"
| #define PACKAGE_STRING "frr 7.5.1"
| #define PACKAGE_BUGREPORT "https://github.com/frrouting/frr/issues"
| #define PACKAGE_URL ""
| #define PACKAGE "frr"
| #define VERSION "7.5.1"
| #define HAVE_STDIO_H 1
| #define HAVE_STDLIB_H 1
| #define HAVE_STRING_H 1
| #define HAVE_INTTYPES_H 1
| #define HAVE_STDINT_H 1
| #define HAVE_STRINGS_H 1
| #define HAVE_SYS_STAT_H 1
| #define HAVE_SYS_TYPES_H 1
| #define HAVE_UNISTD_H 1
| #define HAVE_WCHAR_H 1
| #define STDC_HEADERS 1
| #define _ALL_SOURCE 1
| #define _DARWIN_C_SOURCE 1
| #define _GNU_SOURCE 1
| #define _HPUX_ALT_XOPEN_SOCKET_API 1
| #define _NETBSD_SOURCE 1
| #define _OPENBSD_SOURCE 1
| #define _POSIX_PTHREAD_SEMANTICS 1
| #define __STDC_WANT_IEC_60559_ATTRIBS_EXT__ 1
| #define __STDC_WANT_IEC_60559_BFP_EXT__ 1
| #define __STDC_WANT_IEC_60559_DFP_EXT__ 1
| #define __STDC_WANT_IEC_60559_FUNCS_EXT__ 1
| #define __STDC_WANT_IEC_60559_TYPES_EXT__ 1
| #define __STDC_WANT_LIB_EXT2__ 1
| #define __STDC_WANT_MATH_SPEC_FUNCS__ 1
| #define _TANDEM_SOURCE 1
| #define __EXTENSIONS__ 1
| /* end confdefs.h.  */
| #include <pthread.h>
|                         static void routine(void *a) { a = 0; }
|                         static void *start_routine(void *a) { return a; }
| int
| main (void)
| {
| pthread_t th; pthread_attr_t attr;
|                         pthread_create(&th, 0, start_routine, 0);
|                         pthread_join(th, 0);
|                         pthread_attr_init(&attr);
|                         pthread_cleanup_push(routine, 0);
|                         pthread_cleanup_pop(0) /* ; */
|   ;
|   return 0;
| }
configure:10575: result: no
configure:10472: checking whether pthreads work with -mt
configure:10565: gcc -std=gnu11 -o conftest -g -O2 -ffile-prefix-map=/<<PKGBUILDDIR>>=. -fstack-protector-strong -Wformat -Werror=format-security -fno-omit-frame-pointer -funwind-tables -Wall -Wextra -Wmissing-prototypes -Wmissing-declarations -Wpointer-arith -Wbad-function-cast -Wwrite-strings -Wundef -Wno-unused-result -Wno-unused-parameter -Wno-missing-field-initializers -mt -Werror -Wdate-time -D_FORTIFY_SOURCE=2 -Wl,-z,relro -Wl,-z,now conftest.c   >&5
clang: error: unknown argument: '-mt'
configure:10565: $? = 1
configure: failed program was:
| /* confdefs.h */
| #define PACKAGE_NAME "frr"
| #define PACKAGE_TARNAME "frr"
| #define PACKAGE_VERSION "7.5.1"
| #define PACKAGE_STRING "frr 7.5.1"
| #define PACKAGE_BUGREPORT "https://github.com/frrouting/frr/issues"
| #define PACKAGE_URL ""
| #define PACKAGE "frr"
| #define VERSION "7.5.1"
| #define HAVE_STDIO_H 1
| #define HAVE_STDLIB_H 1
| #define HAVE_STRING_H 1
| #define HAVE_INTTYPES_H 1
| #define HAVE_STDINT_H 1
| #define HAVE_STRINGS_H 1
| #define HAVE_SYS_STAT_H 1
| #define HAVE_SYS_TYPES_H 1
| #define HAVE_UNISTD_H 1
| #define HAVE_WCHAR_H 1
| #define STDC_HEADERS 1
| #define _ALL_SOURCE 1
| #define _DARWIN_C_SOURCE 1
| #define _GNU_SOURCE 1
| #define _HPUX_ALT_XOPEN_SOCKET_API 1
| #define _NETBSD_SOURCE 1
| #define _OPENBSD_SOURCE 1
| #define _POSIX_PTHREAD_SEMANTICS 1
| #define __STDC_WANT_IEC_60559_ATTRIBS_EXT__ 1
| #define __STDC_WANT_IEC_60559_BFP_EXT__ 1
| #define __STDC_WANT_IEC_60559_DFP_EXT__ 1
| #define __STDC_WANT_IEC_60559_FUNCS_EXT__ 1
| #define __STDC_WANT_IEC_60559_TYPES_EXT__ 1
| #define __STDC_WANT_LIB_EXT2__ 1
| #define __STDC_WANT_MATH_SPEC_FUNCS__ 1
| #define _TANDEM_SOURCE 1
| #define __EXTENSIONS__ 1
| /* end confdefs.h.  */
| #include <pthread.h>
|                         static void routine(void *a) { a = 0; }
|                         static void *start_routine(void *a) { return a; }
| int
| main (void)
| {
| pthread_t th; pthread_attr_t attr;
|                         pthread_create(&th, 0, start_routine, 0);
|                         pthread_join(th, 0);
|                         pthread_attr_init(&attr);
|                         pthread_cleanup_push(routine, 0);
|                         pthread_cleanup_pop(0) /* ; */
|   ;
|   return 0;
| }
configure:10575: result: no
configure:10480: checking for pthread-config
configure:10513: result: no
configure:10773: error: in `/<<PKGBUILDDIR>>':
configure:10775: error: This FRR version needs pthreads
See `config.log' for more details

## ---------------- ##
## Cache variables. ##
## ---------------- ##

ac_cv_build=x86_64-pc-linux-gnu
ac_cv_c_compiler_gnu=yes
ac_cv_cxx_compiler_gnu=yes
ac_cv_env_CARES_CFLAGS_set=
ac_cv_env_CARES_CFLAGS_value=
ac_cv_env_CARES_LIBS_set=
ac_cv_env_CARES_LIBS_value=
ac_cv_env_CCC_set=
ac_cv_env_CCC_value=
ac_cv_env_CC_set=
ac_cv_env_CC_value=
ac_cv_env_CFLAGS_set=set
ac_cv_env_CFLAGS_value='-g -O2 -ffile-prefix-map=/<<PKGBUILDDIR>>=. -fstack-protector-strong -Wformat -Werror=format-security'
ac_cv_env_CPPFLAGS_set=set
ac_cv_env_CPPFLAGS_value='-Wdate-time -D_FORTIFY_SOURCE=2'
ac_cv_env_CPP_set=
ac_cv_env_CPP_value=
ac_cv_env_CXXCPP_set=
ac_cv_env_CXXCPP_value=
ac_cv_env_CXXFLAGS_set=set
ac_cv_env_CXXFLAGS_value='-g -O2 -ffile-prefix-map=/<<PKGBUILDDIR>>=. -fstack-protector-strong -Wformat -Werror=format-security'
ac_cv_env_CXX_set=
ac_cv_env_CXX_value=
ac_cv_env_GRPC_CFLAGS_set=
ac_cv_env_GRPC_CFLAGS_value=
ac_cv_env_GRPC_LIBS_set=
ac_cv_env_GRPC_LIBS_value=
ac_cv_env_LDFLAGS_set=set
ac_cv_env_LDFLAGS_value='-Wl,-z,relro -Wl,-z,now'
ac_cv_env_LIBS_set=
ac_cv_env_LIBS_value=
ac_cv_env_LIBYANG_CFLAGS_set=
ac_cv_env_LIBYANG_CFLAGS_value=
ac_cv_env_LIBYANG_LIBS_set=
ac_cv_env_LIBYANG_LIBS_value=
ac_cv_env_LT_SYS_LIBRARY_PATH_set=
ac_cv_env_LT_SYS_LIBRARY_PATH_value=
ac_cv_env_LUA_INCLUDE_set=
ac_cv_env_LUA_INCLUDE_value=
ac_cv_env_LUA_LIB_set=
ac_cv_env_LUA_LIB_value=
ac_cv_env_LUA_set=
ac_cv_env_LUA_value=
ac_cv_env_PKG_CONFIG_LIBDIR_set=
ac_cv_env_PKG_CONFIG_LIBDIR_value=
ac_cv_env_PKG_CONFIG_PATH_set=
ac_cv_env_PKG_CONFIG_PATH_value=
ac_cv_env_PKG_CONFIG_set=
ac_cv_env_PKG_CONFIG_value=
ac_cv_env_PROTOBUF_C_CFLAGS_set=
ac_cv_env_PROTOBUF_C_CFLAGS_value=
ac_cv_env_PROTOBUF_C_LIBS_set=
ac_cv_env_PROTOBUF_C_LIBS_value=
ac_cv_env_PYTHON_CFLAGS_set=
ac_cv_env_PYTHON_CFLAGS_value=
ac_cv_env_PYTHON_LIBS_set=
ac_cv_env_PYTHON_LIBS_value=
ac_cv_env_PYTHON_set=set
ac_cv_env_PYTHON_value=python3
ac_cv_env_RTRLIB_CFLAGS_set=
ac_cv_env_RTRLIB_CFLAGS_value=
ac_cv_env_RTRLIB_LIBS_set=
ac_cv_env_RTRLIB_LIBS_value=
ac_cv_env_SQLITE3_CFLAGS_set=
ac_cv_env_SQLITE3_CFLAGS_value=
ac_cv_env_SQLITE3_LIBS_set=
ac_cv_env_SQLITE3_LIBS_value=
ac_cv_env_SYSREPO_CFLAGS_set=
ac_cv_env_SYSREPO_CFLAGS_value=
ac_cv_env_SYSREPO_LIBS_set=
ac_cv_env_SYSREPO_LIBS_value=
ac_cv_env_UNWIND_CFLAGS_set=
ac_cv_env_UNWIND_CFLAGS_value=
ac_cv_env_UNWIND_LIBS_set=
ac_cv_env_UNWIND_LIBS_value=
ac_cv_env_YACC_set=
ac_cv_env_YACC_value=
ac_cv_env_YFLAGS_set=
ac_cv_env_YFLAGS_value=
ac_cv_env_ZEROMQ_CFLAGS_set=
ac_cv_env_ZEROMQ_CFLAGS_value=
ac_cv_env_ZEROMQ_LIBS_set=
ac_cv_env_ZEROMQ_LIBS_value=
ac_cv_env_build_alias_set=set
ac_cv_env_build_alias_value=x86_64-linux-gnu
ac_cv_env_host_alias_set=
ac_cv_env_host_alias_value=
ac_cv_env_target_alias_set=
ac_cv_env_target_alias_value=
ac_cv_header_inttypes_h=yes
ac_cv_header_minix_config_h=no
ac_cv_header_stdint_h=yes
ac_cv_header_stdio_h=yes
ac_cv_header_stdlib_h=yes
ac_cv_header_string_h=yes
ac_cv_header_strings_h=yes
ac_cv_header_sys_stat_h=yes
ac_cv_header_sys_types_h=yes
ac_cv_header_unistd_h=yes
ac_cv_header_wchar_h=yes
ac_cv_host=x86_64-pc-linux-gnu
ac_cv_objext=o
ac_cv_path_PERL=/usr/bin/perl
ac_cv_path_ac_pt_PKG_CONFIG=/usr/bin/pkg-config
ac_cv_path_install='/usr/bin/install -c'
ac_cv_path_mkdir=/bin/mkdir
ac_cv_prog_AWK=gawk
ac_cv_prog_CPP='gcc -E'
ac_cv_prog_ac_ct_CC=gcc
ac_cv_prog_ac_ct_CXX=g++
ac_cv_prog_ax_pthread_config=no
ac_cv_prog_cc_c11=
ac_cv_prog_cc_g=yes
ac_cv_prog_cc_stdc=
ac_cv_prog_cxx_11=no
ac_cv_prog_cxx_cxx11=
ac_cv_prog_cxx_g=yes
ac_cv_prog_cxx_stdcxx=
ac_cv_prog_make_make_set=yes
ac_cv_safe_to_define___extensions__=yes
ac_cv_should_define__xopen_source=no
am_cv_CC_dependencies_compiler_type=none
am_cv_CXX_dependencies_compiler_type=none
am_cv_make_support_nested_variables=yes
am_cv_prog_cc_c_o=yes
frr_cv_Wall=yes
frr_cv_Wbadfunctioncast=yes
frr_cv_Wccompat=yes
frr_cv_Wextra=yes
frr_cv_Wmissingdeclarations=yes
frr_cv_Wmissingprototypes=yes
frr_cv_Wnomissingfieldinitializers=yes
frr_cv_Wnounusedparameter=yes
frr_cv_Wnounusedresult=yes
frr_cv_Wpointerarith=yes
frr_cv_Wundef=yes
frr_cv_Wwritestrings=yes
frr_cv_diagdisable___=no
frr_cv_diagerror_=no
frr_cv_fnoomitframepointer=yes
frr_cv_fplugin_frrformat=no
frr_cv_fplugin_toolsgccpluginsfrrformatso=no
frr_cv_funwindtables=yes
frr_cv_std_gnu=yes

## ----------------- ##
## Output variables. ##
## ----------------- ##

ACLOCAL='${SHELL} '\''/<<PKGBUILDDIR>>/missing'\'' aclocal-1.16'
AC_LDFLAGS=''
AMDEPBACKSLASH=''
AMDEP_FALSE=''
AMDEP_TRUE='#'
AMTAR='$${TAR-tar}'
AM_BACKSLASH='\'
AM_DEFAULT_V='$(AM_DEFAULT_VERBOSITY)'
AM_DEFAULT_VERBOSITY='1'
AM_V='$(V)'
AR=''
ARFLAGS=''
AR_FLAGS=''
AUTOCONF='${SHELL} '\''/<<PKGBUILDDIR>>/missing'\'' autoconf'
AUTOHEADER='${SHELL} '\''/<<PKGBUILDDIR>>/missing'\'' autoheader'
AUTOMAKE='${SHELL} '\''/<<PKGBUILDDIR>>/missing'\'' automake-1.16'
AWK='gawk'
BABELD_FALSE=''
BABELD_TRUE=''
BFDD_FALSE=''
BFDD_TRUE=''
BGPD_FALSE=''
BGPD_TRUE=''
BGP_BMP_FALSE=''
BGP_BMP_TRUE=''
BISON_CLOSEBRACE=''
BISON_OPENBRACE=''
BISON_VERBOSE=''
BUILD_CLIPPY_FALSE='#'
BUILD_CLIPPY_TRUE=''
CARES_CFLAGS=''
CARES_FALSE=''
CARES_LIBS=''
CARES_TRUE=''
CC='gcc -std=gnu11'
CCDEPMODE='depmode=none'
CFG_MODULE=''
CFG_SBIN=''
CFG_STATE=''
CFG_SYSCONF=''
CFG_YANGMODELS=''
CFLAGS='-g -O2 -ffile-prefix-map=/<<PKGBUILDDIR>>=. -fstack-protector-strong -Wformat -Werror=format-security -fno-omit-frame-pointer -funwind-tables -Wall -Wextra -Wmissing-prototypes -Wmissing-declarations -Wpointer-arith -Wbad-function-cast -Wwrite-strings -Wundef -Wno-unused-result -Wno-unused-parameter -Wno-missing-field-initializers'
CLIPPY='lib/clippy$(EXEEXT)'
CONFD=''
CONFDATE=''
CONFD_CFLAGS=''
CONFD_FALSE=''
CONFD_LIBS=''
CONFD_TRUE=''
CONFIG_ARGS=''\''--build=x86_64-linux-gnu'\'' '\''--prefix=/usr'\'' '\''--includedir=${prefix}/include'\'' '\''--mandir=${prefix}/share/man'\'' '\''--infodir=${prefix}/share/info'\'' '\''--sysconfdir=/etc'\'' '\''--localstatedir=/var'\'' '\''--disable-option-checking'\'' '\''--disable-silent-rules'\'' '\''--libdir=${prefix}/lib/x86_64-linux-gnu'\'' '\''--libexecdir=${prefix}/lib/x86_64-linux-gnu'\'' '\''--disable-maintainer-mode'\'' '\''--enable-exampledir=/usr/share/doc/frr/examples/'\'' '\''--localstatedir=/var/run/frr'\'' '\''--sbindir=/usr/lib/frr'\'' '\''--sysconfdir=/etc/frr'\'' '\''--with-vtysh-pager=/usr/bin/pager'\'' '\''--libdir=/usr/lib/x86_64-linux-gnu/frr'\'' '\''--with-moduledir=/usr/lib/x86_64-linux-gnu/frr/modules'\'' '\''--disable-dependency-tracking'\'' '\''--enable-systemd=yes'\'' '\''--enable-rpki'\'' '\''--with-libpam'\'' '\''--enable-doc'\'' '\''--enable-doc-html'\'' '\''--enable-snmp'\'' '\''--enable-fpm'\'' '\''--disable-protobuf'\'' '\''--disable-zeromq'\'' '\''--enable-ospfapi'\'' '\''--enable-bgp-vnc'\'' '\''--enable-multipath=256'\'' '\''--enable-user=frr'\'' '\''--enable-group=frr'\'' '\''--enable-vty-group=frrvty'\'' '\''--enable-configfile-mask=0640'\'' '\''--enable-logfile-mask=0640'\'' '\''build_alias=x86_64-linux-gnu'\'' '\''PYTHON=python3'\'''
CPP='gcc -E'
CPPFLAGS='-Wdate-time -D_FORTIFY_SOURCE=2'
CSCOPE='cscope'
CTAGS='ctags'
CXX='g++'
CXXCPP=''
CXXDEPMODE='depmode=none'
CXXFLAGS='-g -O2 -ffile-prefix-map=/<<PKGBUILDDIR>>=. -fstack-protector-strong -Wformat -Werror=format-security'
CXX_COMPAT_CFLAGS='-Wc++-compat'
CYGPATH_W='echo'
DEFS=''
DEPDIR='.deps'
DEV_BUILD_FALSE=''
DEV_BUILD_TRUE='#'
DFLT_NAME=''
DLLTOOL=''
DOC_FALSE=''
DOC_HTML_FALSE=''
DOC_HTML_TRUE=''
DOC_TRUE=''
DSYMUTIL=''
DUMPBIN=''
ECHO_C=''
ECHO_N='-n'
ECHO_T=''
EGREP=''
EIGRPD_FALSE=''
EIGRPD_TRUE=''
ENABLE_BGP_VNC_FALSE=''
ENABLE_BGP_VNC_TRUE=''
ETAGS='etags'
EXEEXT=''
EXTRAVERSION=''
FABRICD_FALSE=''
FABRICD_TRUE=''
FGREP=''
FPM_FALSE=''
FPM_TRUE=''
GIT_VERSION_FALSE=''
GIT_VERSION_TRUE=''
GREP=''
GRPC_CFLAGS=''
GRPC_FALSE=''
GRPC_LIBS=''
GRPC_TRUE=''
HAVE_GCOV_FALSE=''
HAVE_GCOV_TRUE=''
HAVE_LIBPCREPOSIX=''
HAVE_PROTOBUF3_FALSE=''
HAVE_PROTOBUF3_TRUE=''
HAVE_PROTOBUF_FALSE=''
HAVE_PROTOBUF_TRUE=''
HOSTTOOLS_CLIPPY_FALSE=''
HOSTTOOLS_CLIPPY_TRUE='#'
INSTALL_DATA='${INSTALL} -m 644'
INSTALL_PROGRAM='${INSTALL}'
INSTALL_SCRIPT='${INSTALL}'
INSTALL_STRIP_PROGRAM='$(install_sh) -c -s'
IRDP_FALSE=''
IRDP_TRUE=''
ISISD_FALSE=''
ISISD_TRUE=''
LD=''
LDFLAGS='-Wl,-z,relro -Wl,-z,now'
LDPD_FALSE=''
LDPD_TRUE=''
LEX=''
LEXLIB=''
LEX_OUTPUT_ROOT=''
LIBCAP=''
LIBM=''
LIBOBJS=''
LIBPAM=''
LIBREADLINE=''
LIBS=''
LIBTOOL=''
LIBYANG_CFLAGS=''
LIBYANG_LIBS=''
LINUX_FALSE=''
LINUX_TRUE=''
LIPO=''
LN_S=''
LTLIBOBJS=''
LT_SYS_LIBRARY_PATH=''
LUA=''
LUA_EXEC_PREFIX=''
LUA_INCLUDE=''
LUA_LIB=''
LUA_PLATFORM=''
LUA_PREFIX=''
LUA_SHORT_VERSION=''
LUA_VERSION=''
MAKEINFO='${SHELL} '\''/<<PKGBUILDDIR>>/missing'\'' makeinfo'
MANIFEST_TOOL=''
MKDIR_P='/bin/mkdir -p'
NETSNMP_CONFIG=''
NHRPD_FALSE=''
NHRPD_TRUE=''
NM=''
NMEDIT=''
OBJCOPY=''
OBJDUMP=''
OBJEXT='o'
ONLY_CLIPPY_FALSE=''
ONLY_CLIPPY_TRUE='#'
OSPF6D_FALSE=''
OSPF6D_TRUE=''
OSPFCLIENT_FALSE=''
OSPFCLIENT_TRUE=''
OSPFD_FALSE=''
OSPFD_TRUE=''
OTOOL64=''
OTOOL=''
PACKAGE='frr'
PACKAGE_BUGREPORT='https://github.com/frrouting/frr/issues'
PACKAGE_EXTRAVERSION=''
PACKAGE_FULLNAME='FRRouting'
PACKAGE_NAME='frr'
PACKAGE_STRING='frr 7.5.1'
PACKAGE_TARNAME='frr'
PACKAGE_URL='https://frrouting.org/'
PACKAGE_VERSION='7.5.1'
PATH_SEPARATOR=':'
PBRD_FALSE=''
PBRD_TRUE=''
PERL='/usr/bin/perl'
PIMD_FALSE=''
PIMD_TRUE=''
PKGSRC_FALSE=''
PKGSRC_TRUE='#'
PKG_CONFIG='/usr/bin/pkg-config'
PKG_CONFIG_LIBDIR=''
PKG_CONFIG_PATH=''
PROTOBUF_C_CFLAGS=''
PROTOBUF_C_LIBS=''
PROTOC=''
PROTOC_C=''
PTHREAD_CC='gcc -std=gnu11'
PTHREAD_CFLAGS=''
PTHREAD_LIBS=''
PYSPHINX=''
PYTHON='python3'
PYTHON_CFLAGS=''
PYTHON_LIBS=''
RANLIB=''
RIPD_FALSE=''
RIPD_TRUE=''
RIPNGD_FALSE=''
RIPNGD_TRUE=''
RPKI_FALSE=''
RPKI_TRUE=''
RTRLIB_CFLAGS=''
RTRLIB_LIBS=''
SAN_FLAGS=''
SED='sed'
SET_MAKE=''
SHARPD_FALSE=''
SHARPD_TRUE=''
SHELL='/bin/bash'
SNMP_CFLAGS=''
SNMP_FALSE=''
SNMP_LIBS=''
SNMP_TRUE=''
SOLARIS=''
SOLARIS_FALSE=''
SOLARIS_TRUE=''
SQLITE3_CFLAGS=''
SQLITE3_FALSE=''
SQLITE3_LIBS=''
SQLITE3_TRUE=''
STATICD_FALSE=''
STATICD_TRUE=''
STATIC_BIN_FALSE=''
STATIC_BIN_TRUE=''
STRIP=''
SUPPORT_REALMS_FALSE=''
SUPPORT_REALMS_TRUE=''
SYSREPO_CFLAGS=''
SYSREPO_FALSE=''
SYSREPO_LIBS=''
SYSREPO_TRUE=''
UNWIND_CFLAGS=''
UNWIND_LIBS=''
VERSION='7.5.1'
VRRPD_FALSE=''
VRRPD_TRUE=''
VTYSH_FALSE=''
VTYSH_TRUE=''
WATCHFRR_FALSE=''
WATCHFRR_TRUE=''
WERROR=''
YACC=''
YFLAGS=''
ZEBRA_FALSE=''
ZEBRA_TRUE=''
ZEROMQ_CFLAGS=''
ZEROMQ_FALSE=''
ZEROMQ_LIBS=''
ZEROMQ_TRUE=''
ac_ct_AR=''
ac_ct_CC='gcc'
ac_ct_CXX='g++'
ac_ct_DUMPBIN=''
am__EXEEXT_FALSE=''
am__EXEEXT_TRUE=''
am__fastdepCC_FALSE=''
am__fastdepCC_TRUE='#'
am__fastdepCXX_FALSE=''
am__fastdepCXX_TRUE='#'
am__include='include'
am__isrc=''
am__leading_dot='.'
am__nodep=''
am__quote=''
am__tar='$${TAR-tar} chof - "$$tardir"'
am__untar='$${TAR-tar} xf -'
ax_pthread_config='no'
bindir='${exec_prefix}/bin'
build='x86_64-pc-linux-gnu'
build_alias='x86_64-linux-gnu'
build_cpu='x86_64'
build_os='linux-gnu'
build_vendor='pc'
datadir='${datarootdir}'
datarootdir='${prefix}/share'
docdir='${datarootdir}/doc/${PACKAGE_TARNAME}'
dvidir='${docdir}'
enable_configfile_mask='0640'
enable_group='frr'
enable_user='frr'
enable_vty_group='frrvty'
exampledir='/usr/share/doc/frr/examples/'
exec_prefix='NONE'
frr_statedir=''
host='x86_64-pc-linux-gnu'
host_alias=''
host_cpu='x86_64'
host_os='linux-gnu'
host_vendor='pc'
htmldir='${docdir}'
includedir='${prefix}/include'
infodir='${prefix}/share/info'
install_sh='${SHELL} /<<PKGBUILDDIR>>/install-sh'
libdir='/usr/lib/x86_64-linux-gnu/frr'
libexecdir='${prefix}/lib/x86_64-linux-gnu'
localedir='${datarootdir}/locale'
localstatedir='/var/run/frr'
luadir=''
luaexecdir=''
mandir='${prefix}/share/man'
mkdir_p='$(MKDIR_P)'
moduledir='/usr/lib/x86_64-linux-gnu/frr/modules'
oldincludedir='/usr/include'
pdfdir='${docdir}'
pkgluadir=''
pkgluaexecdir=''
pkgsrcrcdir=''
prefix='/usr'
program_transform_name='s,x,x,'
psdir='${docdir}'
runstatedir='${localstatedir}/run'
sbindir='/usr/lib/frr'
sharedstatedir='${prefix}/com'
sysconfdir='/etc/frr'
target_alias=''
vtysh_bin=''
yangmodelsdir='${datarootdir}/yang'

## ----------- ##
## confdefs.h. ##
## ----------- ##

/* confdefs.h */
#define PACKAGE_NAME "frr"
#define PACKAGE_TARNAME "frr"
#define PACKAGE_VERSION "7.5.1"
#define PACKAGE_STRING "frr 7.5.1"
#define PACKAGE_BUGREPORT "https://github.com/frrouting/frr/issues"
#define PACKAGE_URL ""
#define PACKAGE "frr"
#define VERSION "7.5.1"
#define HAVE_STDIO_H 1
#define HAVE_STDLIB_H 1
#define HAVE_STRING_H 1
#define HAVE_INTTYPES_H 1
#define HAVE_STDINT_H 1
#define HAVE_STRINGS_H 1
#define HAVE_SYS_STAT_H 1
#define HAVE_SYS_TYPES_H 1
#define HAVE_UNISTD_H 1
#define HAVE_WCHAR_H 1
#define STDC_HEADERS 1
#define _ALL_SOURCE 1
#define _DARWIN_C_SOURCE 1
#define _GNU_SOURCE 1
#define _HPUX_ALT_XOPEN_SOCKET_API 1
#define _NETBSD_SOURCE 1
#define _OPENBSD_SOURCE 1
#define _POSIX_PTHREAD_SEMANTICS 1
#define __STDC_WANT_IEC_60559_ATTRIBS_EXT__ 1
#define __STDC_WANT_IEC_60559_BFP_EXT__ 1
#define __STDC_WANT_IEC_60559_DFP_EXT__ 1
#define __STDC_WANT_IEC_60559_FUNCS_EXT__ 1
#define __STDC_WANT_IEC_60559_TYPES_EXT__ 1
#define __STDC_WANT_LIB_EXT2__ 1
#define __STDC_WANT_MATH_SPEC_FUNCS__ 1
#define _TANDEM_SOURCE 1
#define __EXTENSIONS__ 1

configure: exit 1
dh_auto_configure: error: ./configure --build=x86_64-linux-gnu --prefix=/usr --includedir=\${prefix}/include --mandir=\${prefix}/share/man --infodir=\${prefix}/share/info --sysconfdir=/etc --localstatedir=/var --disable-option-checking --disable-silent-rules --libdir=\${prefix}/lib/x86_64-linux-gnu --libexecdir=\${prefix}/lib/x86_64-linux-gnu --disable-maintainer-mode --disable-dependency-tracking --enable-exampledir=/usr/share/doc/frr/examples/ --localstatedir=/var/run/frr --sbindir=/usr/lib/frr --sysconfdir=/etc/frr --with-vtysh-pager=/usr/bin/pager --libdir=/usr/lib/x86_64-linux-gnu/frr --with-moduledir=/usr/lib/x86_64-linux-gnu/frr/modules "LIBTOOLFLAGS=-rpath /usr/lib/x86_64-linux-gnu/frr" --disable-dependency-tracking --enable-systemd=yes --enable-rpki --with-libpam --enable-doc --enable-doc-html --enable-snmp --enable-fpm --disable-protobuf --disable-zeromq --enable-ospfapi --enable-bgp-vnc --enable-multipath=256 --enable-user=frr --enable-group=frr --enable-vty-group=frrvty --enable-configfile-mask=0640 --enable-logfile-mask=0640 returned exit code 1
make[1]: *** [debian/rules:38: override_dh_auto_configure] Error 25
make[1]: Leaving directory '/<<PKGBUILDDIR>>'
make: *** [debian/rules:35: build] Error 2
dpkg-buildpackage: error: debian/rules build subprocess returned exit status 2
--------------------------------------------------------------------------------
Build finished at 2021-10-26T21:41:22Z

Finished
--------


+------------------------------------------------------------------------------+
| Cleanup                                                                      |
+------------------------------------------------------------------------------+

Purging /<<BUILDDIR>>
Not cleaning session: cloned chroot in use
E: Build failure (dpkg-buildpackage died)

+------------------------------------------------------------------------------+
| Summary                                                                      |
+------------------------------------------------------------------------------+

Build Architecture: amd64
Build Type: binary
Build-Space: 33688
Build-Time: 10
Distribution: unstable
Fail-Stage: build
Host Architecture: amd64
Install-Time: 26
Job: frr_7.5.1-1.1
Machine Architecture: amd64
Package: frr
Package-Time: 58
Source-Version: 7.5.1-1.1
Space: 33688
Status: attempted
Version: 7.5.1-1.1
--------------------------------------------------------------------------------
Finished at 2021-10-26T21:41:22Z
Build needed 00:00:58, 33688k disk space
E: Build failure (dpkg-buildpackage died)
DC-Status: Failed 59.306375837s
DC-Time-Estimation: 59.306375837 versus expected 325 (r/m: 4.4800178802569715 ; m: 59.306375837)
