DC-Build-Header: g-wrap 1.9.15-3.1 / 2021-10-26 22:58:46 +0000
DC-Task: type:rebuild-binarch-only source:g-wrap version:1.9.15-3.1 chroot:unstable esttime:74 logfile:/tmp/g-wrap_1.9.15-3.1_unstable_clang13.log modes:clang13:binarch-only
DC-Sbuild-call: su user42 -c 'sbuild -n --arch-any --apt-update -d unstable -v --no-run-lintian --chroot-setup-commands=/tmp/clang13 g-wrap_1.9.15-3.1'
sbuild (Debian sbuild) 0.78.1 (09 February 2019) on ip-172-31-11-58.eu-central-1.compute.internal

+==============================================================================+
| g-wrap 1.9.15-3.1 (amd64)                    Tue, 26 Oct 2021 22:58:47 +0000 |
+==============================================================================+

Package: g-wrap
Version: 1.9.15-3.1
Source Version: 1.9.15-3.1
Distribution: unstable
Machine Architecture: amd64
Host Architecture: amd64
Build Architecture: amd64
Build Type: binary

I: NOTICE: Log filtering will replace 'var/run/schroot/mount/sid-amd64-sbuild-6dfe94fe-0535-4dba-acf1-a8c74ef76c93' with '<<CHROOT>>'

+------------------------------------------------------------------------------+
| Chroot Setup Commands                                                        |
+------------------------------------------------------------------------------+


/tmp/clang13
------------

+ echo 'Entering customization script...'
Entering customization script...
+ CLANG_VERSION=13
+ echo 'Install of clang-13'
Install of clang-13
+ apt-get update
Get:1 http://127.0.0.1:12990/debian sid InRelease [165 kB]
Get:2 http://127.0.0.1:12990/debian sid/main Sources.diff/Index [63.6 kB]
Get:3 http://127.0.0.1:12990/debian sid/main amd64 Packages.diff/Index [63.6 kB]
Get:4 http://127.0.0.1:12990/debian sid/main Sources T-2021-10-26-2004.40-F-2021-10-26-0202.15.pdiff [47.3 kB]
Get:4 http://127.0.0.1:12990/debian sid/main Sources T-2021-10-26-2004.40-F-2021-10-26-0202.15.pdiff [47.3 kB]
Get:5 http://127.0.0.1:12990/debian sid/main amd64 Packages T-2021-10-26-2004.40-F-2021-10-26-0202.15.pdiff [55.9 kB]
Get:5 http://127.0.0.1:12990/debian sid/main amd64 Packages T-2021-10-26-2004.40-F-2021-10-26-0202.15.pdiff [55.9 kB]
Get:6 http://127.0.0.1:12990/debian sid/main Translation-en [6586 kB]
Fetched 6981 kB in 3s (2719 kB/s)
Reading package lists...
+ apt-get install --yes --no-install-recommends --force-yes clang-13 libomp-13-dev libobjc-9-dev
Reading package lists...
Building dependency tree...
The following additional packages will be installed:
  lib32gcc-s1 lib32stdc++6 libasan5 libbsd0 libc6-i386 libclang-common-13-dev
  libclang-cpp13 libclang1-13 libedit2 libgc1 libgcc-9-dev libicu67 libllvm13
  libmd0 libobjc-11-dev libobjc4 libomp5-13 libxml2 libz3-4
Suggested packages:
  clang-13-doc libomp-13-doc
Recommended packages:
  llvm-13-dev python3
The following NEW packages will be installed:
  clang-13 lib32gcc-s1 lib32stdc++6 libasan5 libbsd0 libc6-i386
  libclang-common-13-dev libclang-cpp13 libclang1-13 libedit2 libgc1
  libgcc-9-dev libicu67 libllvm13 libmd0 libobjc-11-dev libobjc-9-dev libobjc4
  libomp-13-dev libomp5-13 libxml2 libz3-4
0 upgraded, 22 newly installed, 0 to remove and 0 not upgraded.
Need to get 68.5 MB of archives.
After this operation, 379 MB of additional disk space will be used.
Get:1 http://127.0.0.1:12990/debian sid/main amd64 libmd0 amd64 1.0.4-1 [29.6 kB]
Get:2 http://127.0.0.1:12990/debian sid/main amd64 libbsd0 amd64 0.11.3-1 [108 kB]
Get:3 http://127.0.0.1:12990/debian sid/main amd64 libedit2 amd64 3.1-20210910-1 [97.5 kB]
Get:4 http://127.0.0.1:12990/debian sid/main amd64 libicu67 amd64 67.1-7 [8622 kB]
Get:5 http://127.0.0.1:12990/debian sid/main amd64 libxml2 amd64 2.9.12+dfsg-5 [696 kB]
Get:6 http://127.0.0.1:12990/debian sid/main amd64 libz3-4 amd64 4.8.12-1+b1 [6997 kB]
Get:7 http://127.0.0.1:12990/debian sid/main amd64 libllvm13 amd64 1:13.0.0-8 [19.7 MB]
Get:8 http://127.0.0.1:12990/debian sid/main amd64 libclang-cpp13 amd64 1:13.0.0-8 [10.5 MB]
Get:9 http://127.0.0.1:12990/debian sid/main amd64 libgc1 amd64 1:8.0.4-3 [239 kB]
Get:10 http://127.0.0.1:12990/debian sid/main amd64 libobjc4 amd64 11.2.0-10 [43.2 kB]
Get:11 http://127.0.0.1:12990/debian sid/main amd64 libobjc-11-dev amd64 11.2.0-10 [170 kB]
Get:12 http://127.0.0.1:12990/debian sid/main amd64 libc6-i386 amd64 2.32-4 [2624 kB]
Get:13 http://127.0.0.1:12990/debian sid/main amd64 lib32gcc-s1 amd64 11.2.0-10 [49.9 kB]
Get:14 http://127.0.0.1:12990/debian sid/main amd64 lib32stdc++6 amd64 11.2.0-10 [601 kB]
Get:15 http://127.0.0.1:12990/debian sid/main amd64 libclang-common-13-dev amd64 1:13.0.0-8 [5730 kB]
Get:16 http://127.0.0.1:12990/debian sid/main amd64 libclang1-13 amd64 1:13.0.0-8 [6093 kB]
Get:17 http://127.0.0.1:12990/debian sid/main amd64 clang-13 amd64 1:13.0.0-8 [119 kB]
Get:18 http://127.0.0.1:12990/debian sid/main amd64 libasan5 amd64 9.4.0-3 [2734 kB]
Get:19 http://127.0.0.1:12990/debian sid/main amd64 libgcc-9-dev amd64 9.4.0-3 [2343 kB]
Get:20 http://127.0.0.1:12990/debian sid/main amd64 libobjc-9-dev amd64 9.4.0-3 [219 kB]
Get:21 http://127.0.0.1:12990/debian sid/main amd64 libomp5-13 amd64 1:13.0.0-8 [377 kB]
Get:22 http://127.0.0.1:12990/debian sid/main amd64 libomp-13-dev amd64 1:13.0.0-8 [482 kB]
debconf: delaying package configuration, since apt-utils is not installed
Fetched 68.5 MB in 0s (153 MB/s)
Selecting previously unselected package libmd0:amd64.
(Reading database ... (Reading database ... 5%(Reading database ... 10%(Reading database ... 15%(Reading database ... 20%(Reading database ... 25%(Reading database ... 30%(Reading database ... 35%(Reading database ... 40%(Reading database ... 45%(Reading database ... 50%(Reading database ... 55%(Reading database ... 60%(Reading database ... 65%(Reading database ... 70%(Reading database ... 75%(Reading database ... 80%(Reading database ... 85%(Reading database ... 90%(Reading database ... 95%(Reading database ... 100%(Reading database ... 12431 files and directories currently installed.)
Preparing to unpack .../00-libmd0_1.0.4-1_amd64.deb ...
Unpacking libmd0:amd64 (1.0.4-1) ...
Selecting previously unselected package libbsd0:amd64.
Preparing to unpack .../01-libbsd0_0.11.3-1_amd64.deb ...
Unpacking libbsd0:amd64 (0.11.3-1) ...
Selecting previously unselected package libedit2:amd64.
Preparing to unpack .../02-libedit2_3.1-20210910-1_amd64.deb ...
Unpacking libedit2:amd64 (3.1-20210910-1) ...
Selecting previously unselected package libicu67:amd64.
Preparing to unpack .../03-libicu67_67.1-7_amd64.deb ...
Unpacking libicu67:amd64 (67.1-7) ...
Selecting previously unselected package libxml2:amd64.
Preparing to unpack .../04-libxml2_2.9.12+dfsg-5_amd64.deb ...
Unpacking libxml2:amd64 (2.9.12+dfsg-5) ...
Selecting previously unselected package libz3-4:amd64.
Preparing to unpack .../05-libz3-4_4.8.12-1+b1_amd64.deb ...
Unpacking libz3-4:amd64 (4.8.12-1+b1) ...
Selecting previously unselected package libllvm13:amd64.
Preparing to unpack .../06-libllvm13_1%3a13.0.0-8_amd64.deb ...
Unpacking libllvm13:amd64 (1:13.0.0-8) ...
Selecting previously unselected package libclang-cpp13.
Preparing to unpack .../07-libclang-cpp13_1%3a13.0.0-8_amd64.deb ...
Unpacking libclang-cpp13 (1:13.0.0-8) ...
Selecting previously unselected package libgc1:amd64.
Preparing to unpack .../08-libgc1_1%3a8.0.4-3_amd64.deb ...
Unpacking libgc1:amd64 (1:8.0.4-3) ...
Selecting previously unselected package libobjc4:amd64.
Preparing to unpack .../09-libobjc4_11.2.0-10_amd64.deb ...
Unpacking libobjc4:amd64 (11.2.0-10) ...
Selecting previously unselected package libobjc-11-dev:amd64.
Preparing to unpack .../10-libobjc-11-dev_11.2.0-10_amd64.deb ...
Unpacking libobjc-11-dev:amd64 (11.2.0-10) ...
Selecting previously unselected package libc6-i386.
Preparing to unpack .../11-libc6-i386_2.32-4_amd64.deb ...
Unpacking libc6-i386 (2.32-4) ...
Selecting previously unselected package lib32gcc-s1.
Preparing to unpack .../12-lib32gcc-s1_11.2.0-10_amd64.deb ...
Unpacking lib32gcc-s1 (11.2.0-10) ...
Selecting previously unselected package lib32stdc++6.
Preparing to unpack .../13-lib32stdc++6_11.2.0-10_amd64.deb ...
Unpacking lib32stdc++6 (11.2.0-10) ...
Selecting previously unselected package libclang-common-13-dev.
Preparing to unpack .../14-libclang-common-13-dev_1%3a13.0.0-8_amd64.deb ...
Unpacking libclang-common-13-dev (1:13.0.0-8) ...
Selecting previously unselected package libclang1-13.
Preparing to unpack .../15-libclang1-13_1%3a13.0.0-8_amd64.deb ...
Unpacking libclang1-13 (1:13.0.0-8) ...
Selecting previously unselected package clang-13.
Preparing to unpack .../16-clang-13_1%3a13.0.0-8_amd64.deb ...
Unpacking clang-13 (1:13.0.0-8) ...
Selecting previously unselected package libasan5:amd64.
Preparing to unpack .../17-libasan5_9.4.0-3_amd64.deb ...
Unpacking libasan5:amd64 (9.4.0-3) ...
Selecting previously unselected package libgcc-9-dev:amd64.
Preparing to unpack .../18-libgcc-9-dev_9.4.0-3_amd64.deb ...
Unpacking libgcc-9-dev:amd64 (9.4.0-3) ...
Selecting previously unselected package libobjc-9-dev:amd64.
Preparing to unpack .../19-libobjc-9-dev_9.4.0-3_amd64.deb ...
Unpacking libobjc-9-dev:amd64 (9.4.0-3) ...
Selecting previously unselected package libomp5-13:amd64.
Preparing to unpack .../20-libomp5-13_1%3a13.0.0-8_amd64.deb ...
Unpacking libomp5-13:amd64 (1:13.0.0-8) ...
Selecting previously unselected package libomp-13-dev.
Preparing to unpack .../21-libomp-13-dev_1%3a13.0.0-8_amd64.deb ...
Unpacking libomp-13-dev (1:13.0.0-8) ...
Setting up libicu67:amd64 (67.1-7) ...
Setting up libasan5:amd64 (9.4.0-3) ...
Setting up libz3-4:amd64 (4.8.12-1+b1) ...
Setting up libgc1:amd64 (1:8.0.4-3) ...
Setting up libmd0:amd64 (1.0.4-1) ...
Setting up libc6-i386 (2.32-4) ...
Setting up libomp5-13:amd64 (1:13.0.0-8) ...
Setting up libbsd0:amd64 (0.11.3-1) ...
Setting up libxml2:amd64 (2.9.12+dfsg-5) ...
Setting up libedit2:amd64 (3.1-20210910-1) ...
Setting up libobjc4:amd64 (11.2.0-10) ...
Setting up libgcc-9-dev:amd64 (9.4.0-3) ...
Setting up lib32gcc-s1 (11.2.0-10) ...
Setting up lib32stdc++6 (11.2.0-10) ...
Setting up libllvm13:amd64 (1:13.0.0-8) ...
Setting up libobjc-9-dev:amd64 (9.4.0-3) ...
Setting up libclang-common-13-dev (1:13.0.0-8) ...
Setting up libomp-13-dev (1:13.0.0-8) ...
Setting up libobjc-11-dev:amd64 (11.2.0-10) ...
Setting up libclang1-13 (1:13.0.0-8) ...
Setting up libclang-cpp13 (1:13.0.0-8) ...
Setting up clang-13 (1:13.0.0-8) ...
Processing triggers for libc-bin (2.32-4) ...
W: --force-yes is deprecated, use one of the options starting with --allow instead.
+ echo 'Replace gcc, g++ & cpp by clang'
Replace gcc, g++ & cpp by clang
+ VERSIONS='4.6 4.7 4.8 4.9 5 6 7 8 9 10 11'
+ cd /usr/bin
+ for VERSION in $VERSIONS
+ rm -f g++-4.6 gcc-4.6 cpp-4.6 gcc
+ ln -s clang++-13 g++-4.6
+ ln -s clang-13 gcc-4.6
+ ln -s clang-13 cpp-4.6
+ ln -s clang-13 gcc
+ echo 'gcc-4.6 hold'
+ dpkg --set-selections
dpkg: warning: package not in status nor available database at line 1: gcc-4.6
dpkg: warning: found unknown packages; this might mean the available database
is outdated, and needs to be updated through a frontend method;
please see the FAQ <https://wiki.debian.org/Teams/Dpkg/FAQ>
+ echo 'g++-4.6 hold'
+ dpkg --set-selections
dpkg: warning: package not in status nor available database at line 1: g++-4.6
dpkg: warning: found unknown packages; this might mean the available database
is outdated, and needs to be updated through a frontend method;
please see the FAQ <https://wiki.debian.org/Teams/Dpkg/FAQ>
+ for VERSION in $VERSIONS
+ rm -f g++-4.7 gcc-4.7 cpp-4.7 gcc
+ ln -s clang++-13 g++-4.7
+ ln -s clang-13 gcc-4.7
+ ln -s clang-13 cpp-4.7
+ ln -s clang-13 gcc
+ echo 'gcc-4.7 hold'
+ dpkg --set-selections
dpkg: warning: package not in status nor available database at line 1: gcc-4.7
dpkg: warning: found unknown packages; this might mean the available database
is outdated, and needs to be updated through a frontend method;
please see the FAQ <https://wiki.debian.org/Teams/Dpkg/FAQ>
+ echo 'g++-4.7 hold'
+ dpkg --set-selections
dpkg: warning: package not in status nor available database at line 1: g++-4.7
dpkg: warning: found unknown packages; this might mean the available database
is outdated, and needs to be updated through a frontend method;
please see the FAQ <https://wiki.debian.org/Teams/Dpkg/FAQ>
+ for VERSION in $VERSIONS
+ rm -f g++-4.8 gcc-4.8 cpp-4.8 gcc
+ ln -s clang++-13 g++-4.8
+ ln -s clang-13 gcc-4.8
+ ln -s clang-13 cpp-4.8
+ ln -s clang-13 gcc
+ echo 'gcc-4.8 hold'
+ dpkg --set-selections
dpkg: warning: package not in status nor available database at line 1: gcc-4.8
dpkg: warning: found unknown packages; this might mean the available database
is outdated, and needs to be updated through a frontend method;
please see the FAQ <https://wiki.debian.org/Teams/Dpkg/FAQ>
+ echo 'g++-4.8 hold'
+ dpkg --set-selections
dpkg: warning: package not in status nor available database at line 1: g++-4.8
dpkg: warning: found unknown packages; this might mean the available database
is outdated, and needs to be updated through a frontend method;
please see the FAQ <https://wiki.debian.org/Teams/Dpkg/FAQ>
+ for VERSION in $VERSIONS
+ rm -f g++-4.9 gcc-4.9 cpp-4.9 gcc
+ ln -s clang++-13 g++-4.9
+ ln -s clang-13 gcc-4.9
+ ln -s clang-13 cpp-4.9
+ ln -s clang-13 gcc
+ echo 'gcc-4.9 hold'
+ dpkg --set-selections
dpkg: warning: package not in status nor available database at line 1: gcc-4.9
dpkg: warning: found unknown packages; this might mean the available database
is outdated, and needs to be updated through a frontend method;
please see the FAQ <https://wiki.debian.org/Teams/Dpkg/FAQ>
+ echo 'g++-4.9 hold'
+ dpkg --set-selections
dpkg: warning: package not in status nor available database at line 1: g++-4.9
dpkg: warning: found unknown packages; this might mean the available database
is outdated, and needs to be updated through a frontend method;
please see the FAQ <https://wiki.debian.org/Teams/Dpkg/FAQ>
+ for VERSION in $VERSIONS
+ rm -f g++-5 gcc-5 cpp-5 gcc
+ ln -s clang++-13 g++-5
+ ln -s clang-13 gcc-5
+ ln -s clang-13 cpp-5
+ ln -s clang-13 gcc
+ echo 'gcc-5 hold'
+ dpkg --set-selections
dpkg: warning: package not in status nor available database at line 1: gcc-5
dpkg: warning: found unknown packages; this might mean the available database
is outdated, and needs to be updated through a frontend method;
please see the FAQ <https://wiki.debian.org/Teams/Dpkg/FAQ>
+ echo 'g++-5 hold'
+ dpkg --set-selections
dpkg: warning: package not in status nor available database at line 1: g++-5
dpkg: warning: found unknown packages; this might mean the available database
is outdated, and needs to be updated through a frontend method;
please see the FAQ <https://wiki.debian.org/Teams/Dpkg/FAQ>
+ for VERSION in $VERSIONS
+ rm -f g++-6 gcc-6 cpp-6 gcc
+ ln -s clang++-13 g++-6
+ ln -s clang-13 gcc-6
+ ln -s clang-13 cpp-6
+ ln -s clang-13 gcc
+ echo 'gcc-6 hold'
+ dpkg --set-selections
dpkg: warning: package not in status nor available database at line 1: gcc-6
dpkg: warning: found unknown packages; this might mean the available database
is outdated, and needs to be updated through a frontend method;
please see the FAQ <https://wiki.debian.org/Teams/Dpkg/FAQ>
+ echo 'g++-6 hold'
+ dpkg --set-selections
dpkg: warning: package not in status nor available database at line 1: g++-6
dpkg: warning: found unknown packages; this might mean the available database
is outdated, and needs to be updated through a frontend method;
please see the FAQ <https://wiki.debian.org/Teams/Dpkg/FAQ>
+ for VERSION in $VERSIONS
+ rm -f g++-7 gcc-7 cpp-7 gcc
+ ln -s clang++-13 g++-7
+ ln -s clang-13 gcc-7
+ ln -s clang-13 cpp-7
+ ln -s clang-13 gcc
+ echo 'gcc-7 hold'
+ dpkg --set-selections
dpkg: warning: package not in status nor available database at line 1: gcc-7
dpkg: warning: found unknown packages; this might mean the available database
is outdated, and needs to be updated through a frontend method;
please see the FAQ <https://wiki.debian.org/Teams/Dpkg/FAQ>
+ echo 'g++-7 hold'
+ dpkg --set-selections
dpkg: warning: package not in status nor available database at line 1: g++-7
dpkg: warning: found unknown packages; this might mean the available database
is outdated, and needs to be updated through a frontend method;
please see the FAQ <https://wiki.debian.org/Teams/Dpkg/FAQ>
+ for VERSION in $VERSIONS
+ rm -f g++-8 gcc-8 cpp-8 gcc
+ ln -s clang++-13 g++-8
+ ln -s clang-13 gcc-8
+ ln -s clang-13 cpp-8
+ ln -s clang-13 gcc
+ echo 'gcc-8 hold'
+ dpkg --set-selections
dpkg: warning: package not in status nor available database at line 1: gcc-8
dpkg: warning: found unknown packages; this might mean the available database
is outdated, and needs to be updated through a frontend method;
please see the FAQ <https://wiki.debian.org/Teams/Dpkg/FAQ>
+ echo 'g++-8 hold'
+ dpkg --set-selections
dpkg: warning: package not in status nor available database at line 1: g++-8
dpkg: warning: found unknown packages; this might mean the available database
is outdated, and needs to be updated through a frontend method;
please see the FAQ <https://wiki.debian.org/Teams/Dpkg/FAQ>
+ for VERSION in $VERSIONS
+ rm -f g++-9 gcc-9 cpp-9 gcc
+ ln -s clang++-13 g++-9
+ ln -s clang-13 gcc-9
+ ln -s clang-13 cpp-9
+ ln -s clang-13 gcc
+ echo 'gcc-9 hold'
+ dpkg --set-selections
dpkg: warning: package not in status nor available database at line 1: gcc-9
dpkg: warning: found unknown packages; this might mean the available database
is outdated, and needs to be updated through a frontend method;
please see the FAQ <https://wiki.debian.org/Teams/Dpkg/FAQ>
+ echo 'g++-9 hold'
+ dpkg --set-selections
dpkg: warning: package not in status nor available database at line 1: g++-9
dpkg: warning: found unknown packages; this might mean the available database
is outdated, and needs to be updated through a frontend method;
please see the FAQ <https://wiki.debian.org/Teams/Dpkg/FAQ>
+ for VERSION in $VERSIONS
+ rm -f g++-10 gcc-10 cpp-10 gcc
+ ln -s clang++-13 g++-10
+ ln -s clang-13 gcc-10
+ ln -s clang-13 cpp-10
+ ln -s clang-13 gcc
+ echo 'gcc-10 hold'
+ dpkg --set-selections
dpkg: warning: package not in status nor available database at line 1: gcc-10
dpkg: warning: found unknown packages; this might mean the available database
is outdated, and needs to be updated through a frontend method;
please see the FAQ <https://wiki.debian.org/Teams/Dpkg/FAQ>
+ echo 'g++-10 hold'
+ dpkg --set-selections
dpkg: warning: package not in status nor available database at line 1: g++-10
dpkg: warning: found unknown packages; this might mean the available database
is outdated, and needs to be updated through a frontend method;
please see the FAQ <https://wiki.debian.org/Teams/Dpkg/FAQ>
+ for VERSION in $VERSIONS
+ rm -f g++-11 gcc-11 cpp-11 gcc
+ ln -s clang++-13 g++-11
+ ln -s clang-13 gcc-11
+ ln -s clang-13 cpp-11
+ ln -s clang-13 gcc
+ echo 'gcc-11 hold'
+ dpkg --set-selections
+ echo 'g++-11 hold'
+ dpkg --set-selections
+ cd -
/build/g-wrap-62lNz3
+ echo 'Check if gcc, g++ & cpp are actually clang'
Check if gcc, g++ & cpp are actually clang
+ gcc --version
+ grep clang
+ cpp --version
+ grep clang
+ g++ --version
+ grep clang
+ cd /usr/bin/
+ rm -f clang++ clang
+ ln -s clang-13 clang++
+ ln -s clang-13 clang
+ clang++ --version
Debian clang version 13.0.0-8
Target: x86_64-pc-linux-gnu
Thread model: posix
InstalledDir: /usr/bin
+ clang --version
Debian clang version 13.0.0-8
Target: x86_64-pc-linux-gnu
Thread model: posix
InstalledDir: /usr/bin
+ cd -
/build/g-wrap-62lNz3
+ apt install --yes --no-install-recommends --force-yes qt5-qmake

WARNING: apt does not have a stable CLI interface. Use with caution in scripts.

Reading package lists...
Building dependency tree...
Reading state information...
The following additional packages will be installed:
  qt5-qmake-bin qtchooser
The following NEW packages will be installed:
  qt5-qmake qt5-qmake-bin qtchooser
0 upgraded, 3 newly installed, 0 to remove and 0 not upgraded.
Need to get 1322 kB of archives.
After this operation, 4914 kB of additional disk space will be used.
Get:1 http://127.0.0.1:12990/debian sid/main amd64 qt5-qmake-bin amd64 5.15.2+dfsg-12 [1046 kB]
Get:2 http://127.0.0.1:12990/debian sid/main amd64 qtchooser amd64 66-2 [26.3 kB]
Get:3 http://127.0.0.1:12990/debian sid/main amd64 qt5-qmake amd64 5.15.2+dfsg-12 [249 kB]
debconf: delaying package configuration, since apt-utils is not installed
Fetched 1322 kB in 0s (20.0 MB/s)
Selecting previously unselected package qt5-qmake-bin.
(Reading database ... (Reading database ... 5%(Reading database ... 10%(Reading database ... 15%(Reading database ... 20%(Reading database ... 25%(Reading database ... 30%(Reading database ... 35%(Reading database ... 40%(Reading database ... 45%(Reading database ... 50%(Reading database ... 55%(Reading database ... 60%(Reading database ... 65%(Reading database ... 70%(Reading database ... 75%(Reading database ... 80%(Reading database ... 85%(Reading database ... 90%(Reading database ... 95%(Reading database ... 100%(Reading database ... 13528 files and directories currently installed.)
Preparing to unpack .../qt5-qmake-bin_5.15.2+dfsg-12_amd64.deb ...
Unpacking qt5-qmake-bin (5.15.2+dfsg-12) ...
Selecting previously unselected package qtchooser.
Preparing to unpack .../qtchooser_66-2_amd64.deb ...
Unpacking qtchooser (66-2) ...
Selecting previously unselected package qt5-qmake:amd64.
Preparing to unpack .../qt5-qmake_5.15.2+dfsg-12_amd64.deb ...
Unpacking qt5-qmake:amd64 (5.15.2+dfsg-12) ...
Setting up qt5-qmake-bin (5.15.2+dfsg-12) ...
Setting up qtchooser (66-2) ...
Setting up qt5-qmake:amd64 (5.15.2+dfsg-12) ...
W: --force-yes is deprecated, use one of the options starting with --allow instead.
+ cp /usr/lib/x86_64-linux-gnu/qt5/mkspecs/linux-clang/qmake.conf /usr/lib/x86_64-linux-gnu/qt5/mkspecs/linux-clang/qplatformdefs.h /usr/lib/x86_64-linux-gnu/qt5/mkspecs/linux-g++/
+ ls -al /usr/lib/x86_64-linux-gnu/qt5/mkspecs/linux-g++/
total 16
drwxr-xr-x  2 root root 4096 Oct 26 22:59 .
drwxr-xr-x 76 root root 4096 Oct 26 22:59 ..
-rw-r--r--  1 root root  276 Oct 26 22:59 qmake.conf
-rw-r--r--  1 root root 3218 Oct 26 22:59 qplatformdefs.h
+ cat /usr/lib/x86_64-linux-gnu/qt5/mkspecs/linux-g++/qmake.conf
#
# qmake configuration for linux-clang
#

MAKEFILE_GENERATOR = UNIX
CONFIG += incremental

QMAKE_INCREMENTAL_STYLE = sublib

include(../common/linux.conf)
include(../common/gcc-base-unix.conf)
include(../common/clang.conf)

QMAKE_LFLAGS += -ccc-gcc-name g++

load(qt_config)
+ export QMAKESPEC=/usr/lib/x86_64-linux-gnu/qt5/mkspecs/linux-clang/
+ QMAKESPEC=/usr/lib/x86_64-linux-gnu/qt5/mkspecs/linux-clang/
+ sed -i -e 's|compare_problem(2,|compare_problem(0,|g' /usr/bin/dpkg-gensymbols
+ sed -i -e 's|compare_problem(1,|compare_problem(0,|g' /usr/bin/dpkg-gensymbols
+ grep 'compare_problem(' /usr/bin/dpkg-gensymbols
        compare_problem(4, g_('new libraries appeared in the symbols file: %s'), "@libs");
        compare_problem(3, g_('some libraries disappeared in the symbols file: %s'), "@libs");
        compare_problem(0, g_('some new symbols appeared in the symbols file: %s'),
        compare_problem(0, g_('some symbols or patterns disappeared in the symbols file: %s'),

I: Finished running '/tmp/clang13'.

Finished processing commands.
--------------------------------------------------------------------------------
I: NOTICE: Log filtering will replace 'build/g-wrap-62lNz3/resolver-v7KmxK' with '<<RESOLVERDIR>>'

+------------------------------------------------------------------------------+
| Update chroot                                                                |
+------------------------------------------------------------------------------+

Hit:1 http://127.0.0.1:12990/debian sid InRelease
Reading package lists...
Reading package lists...
Building dependency tree...
Reading state information...
Calculating upgrade...
0 upgraded, 0 newly installed, 0 to remove and 0 not upgraded.

+------------------------------------------------------------------------------+
| Fetch source files                                                           |
+------------------------------------------------------------------------------+


Check APT
---------

Checking available source versions...

Download source files with APT
------------------------------

Reading package lists...
NOTICE: 'g-wrap' packaging is maintained in the 'Git' version control system at:
https://salsa.debian.org/tohoyn-guest/g-wrap.git
Please use:
git clone https://salsa.debian.org/tohoyn-guest/g-wrap.git
to retrieve the latest (possibly unreleased) updates to the package.
Need to get 715 kB of source archives.
Get:1 http://127.0.0.1:12990/debian sid/main g-wrap 1.9.15-3.1 (dsc) [2372 B]
Get:2 http://127.0.0.1:12990/debian sid/main g-wrap 1.9.15-3.1 (tar) [702 kB]
Get:3 http://127.0.0.1:12990/debian sid/main g-wrap 1.9.15-3.1 (asc) [310 B]
Get:4 http://127.0.0.1:12990/debian sid/main g-wrap 1.9.15-3.1 (diff) [10.4 kB]
Fetched 715 kB in 0s (7658 kB/s)
Download complete and in download only mode
I: NOTICE: Log filtering will replace 'build/g-wrap-62lNz3/g-wrap-1.9.15' with '<<PKGBUILDDIR>>'
I: NOTICE: Log filtering will replace 'build/g-wrap-62lNz3' with '<<BUILDDIR>>'

+------------------------------------------------------------------------------+
| Install package build dependencies                                           |
+------------------------------------------------------------------------------+


Setup apt archive
-----------------

Merged Build-Depends: debhelper (>= 10), cdbs, texinfo, guile-2.2-dev (>= 2.0.5), guile-library (>= 0.2.6.1), libglib2.0-dev, libffi-dev, build-essential, fakeroot
Filtered Build-Depends: debhelper (>= 10), cdbs, texinfo, guile-2.2-dev (>= 2.0.5), guile-library (>= 0.2.6.1), libglib2.0-dev, libffi-dev, build-essential, fakeroot
dpkg-deb: building package 'sbuild-build-depends-main-dummy' in '/<<RESOLVERDIR>>/apt_archive/sbuild-build-depends-main-dummy.deb'.
Ign:1 copy:/<<RESOLVERDIR>>/apt_archive ./ InRelease
Get:2 copy:/<<RESOLVERDIR>>/apt_archive ./ Release [957 B]
Ign:3 copy:/<<RESOLVERDIR>>/apt_archive ./ Release.gpg
Get:4 copy:/<<RESOLVERDIR>>/apt_archive ./ Sources [417 B]
Get:5 copy:/<<RESOLVERDIR>>/apt_archive ./ Packages [503 B]
Fetched 1877 B in 0s (172 kB/s)
Reading package lists...
Reading package lists...

Install main build dependencies (apt-based resolver)
----------------------------------------------------

Installing build dependencies
Reading package lists...
Building dependency tree...
Reading state information...
The following additional packages will be installed:
  autoconf automake autopoint autotools-dev bsdextrautils cdbs debhelper
  dh-autoreconf dh-strip-nondeterminism dwz file gettext gettext-base
  groff-base guile-2.2 guile-2.2-dev guile-2.2-libs guile-library
  intltool-debian libarchive-zip-perl libblkid-dev libdebhelper-perl libelf1
  libexpat1 libffi-dev libfile-stripnondeterminism-perl libgc-dev libglib2.0-0
  libglib2.0-bin libglib2.0-data libglib2.0-dev libglib2.0-dev-bin libgmp-dev
  libgmpxx4ldbl libltdl-dev libltdl7 libmagic-mgc libmagic1 libmount-dev
  libmpdec3 libncurses-dev libncurses5-dev libncurses6 libncursesw6
  libpcre16-3 libpcre2-16-0 libpcre2-32-0 libpcre2-dev libpcre2-posix2
  libpcre3-dev libpcre32-3 libpcrecpp0v5 libpipeline1 libpython3-stdlib
  libpython3.9-minimal libpython3.9-stdlib libreadline-dev libreadline8
  libselinux1-dev libsepol1-dev libsigsegv2 libsqlite3-0 libsub-override-perl
  libtext-unidecode-perl libtool libuchardet0 libxml-libxml-perl
  libxml-namespacesupport-perl libxml-sax-base-perl libxml-sax-perl m4 man-db
  media-types pkg-config po-debconf python3 python3-distutils python3-lib2to3
  python3-minimal python3.9 python3.9-minimal readline-common sensible-utils
  tex-common texinfo ucf uuid-dev zlib1g-dev
Suggested packages:
  autoconf-archive gnu-standards autoconf-doc devscripts dh-make gettext-doc
  libasprintf-dev libgettextpo-dev groff guile-2.2-doc libgirepository1.0-dev
  libglib2.0-doc libgdk-pixbuf2.0-bin | libgdk-pixbuf2.0-dev libxml2-utils
  gmp-doc libgmp10-doc libmpfr-dev libtool-doc ncurses-doc readline-doc
  gfortran | fortran95-compiler gcj-jdk m4-doc apparmor less www-browser
  libmail-box-perl python3-doc python3-tk python3-venv python3.9-venv
  python3.9-doc binfmt-support texlive-base texlive-latex-base
  texlive-plain-generic texlive-fonts-recommended
Recommended packages:
  curl | wget | lynx libarchive-cpio-perl shared-mime-info xdg-user-dirs
  libgpm2 ca-certificates libwww-perl libxml-sax-expat-perl
  libmail-sendmail-perl
The following NEW packages will be installed:
  autoconf automake autopoint autotools-dev bsdextrautils cdbs debhelper
  dh-autoreconf dh-strip-nondeterminism dwz file gettext gettext-base
  groff-base guile-2.2 guile-2.2-dev guile-2.2-libs guile-library
  intltool-debian libarchive-zip-perl libblkid-dev libdebhelper-perl libelf1
  libexpat1 libffi-dev libfile-stripnondeterminism-perl libgc-dev libglib2.0-0
  libglib2.0-bin libglib2.0-data libglib2.0-dev libglib2.0-dev-bin libgmp-dev
  libgmpxx4ldbl libltdl-dev libltdl7 libmagic-mgc libmagic1 libmount-dev
  libmpdec3 libncurses-dev libncurses5-dev libncurses6 libncursesw6
  libpcre16-3 libpcre2-16-0 libpcre2-32-0 libpcre2-dev libpcre2-posix2
  libpcre3-dev libpcre32-3 libpcrecpp0v5 libpipeline1 libpython3-stdlib
  libpython3.9-minimal libpython3.9-stdlib libreadline-dev libreadline8
  libselinux1-dev libsepol1-dev libsigsegv2 libsqlite3-0 libsub-override-perl
  libtext-unidecode-perl libtool libuchardet0 libxml-libxml-perl
  libxml-namespacesupport-perl libxml-sax-base-perl libxml-sax-perl m4 man-db
  media-types pkg-config po-debconf python3 python3-distutils python3-lib2to3
  python3-minimal python3.9 python3.9-minimal readline-common
  sbuild-build-depends-main-dummy sensible-utils tex-common texinfo ucf
  uuid-dev zlib1g-dev
0 upgraded, 89 newly installed, 0 to remove and 0 not upgraded.
Need to get 35.2 MB of archives.
After this operation, 171 MB of additional disk space will be used.
Get:1 copy:/<<RESOLVERDIR>>/apt_archive ./ sbuild-build-depends-main-dummy 0.invalid.0 [924 B]
Get:2 http://127.0.0.1:12990/debian sid/main amd64 bsdextrautils amd64 2.37.2-4 [143 kB]
Get:3 http://127.0.0.1:12990/debian sid/main amd64 libuchardet0 amd64 0.0.7-1 [67.8 kB]
Get:4 http://127.0.0.1:12990/debian sid/main amd64 groff-base amd64 1.22.4-7 [935 kB]
Get:5 http://127.0.0.1:12990/debian sid/main amd64 libpipeline1 amd64 1.5.3-1 [34.3 kB]
Get:6 http://127.0.0.1:12990/debian sid/main amd64 man-db amd64 2.9.4-2 [1354 kB]
Get:7 http://127.0.0.1:12990/debian sid/main amd64 libpython3.9-minimal amd64 3.9.7-4 [804 kB]
Get:8 http://127.0.0.1:12990/debian sid/main amd64 libexpat1 amd64 2.4.1-3 [104 kB]
Get:9 http://127.0.0.1:12990/debian sid/main amd64 python3.9-minimal amd64 3.9.7-4 [1963 kB]
Get:10 http://127.0.0.1:12990/debian sid/main amd64 python3-minimal amd64 3.9.2-3 [38.2 kB]
Get:11 http://127.0.0.1:12990/debian sid/main amd64 media-types all 4.0.0 [30.3 kB]
Get:12 http://127.0.0.1:12990/debian sid/main amd64 libmpdec3 amd64 2.5.1-2 [87.8 kB]
Get:13 http://127.0.0.1:12990/debian sid/main amd64 libncursesw6 amd64 6.2+20210905-1 [133 kB]
Get:14 http://127.0.0.1:12990/debian sid/main amd64 readline-common all 8.1-2 [73.8 kB]
Get:15 http://127.0.0.1:12990/debian sid/main amd64 libreadline8 amd64 8.1-2 [168 kB]
Get:16 http://127.0.0.1:12990/debian sid/main amd64 libsqlite3-0 amd64 3.36.0-2 [815 kB]
Get:17 http://127.0.0.1:12990/debian sid/main amd64 libpython3.9-stdlib amd64 3.9.7-4 [1688 kB]
Get:18 http://127.0.0.1:12990/debian sid/main amd64 python3.9 amd64 3.9.7-4 [480 kB]
Get:19 http://127.0.0.1:12990/debian sid/main amd64 libpython3-stdlib amd64 3.9.2-3 [21.4 kB]
Get:20 http://127.0.0.1:12990/debian sid/main amd64 python3 amd64 3.9.2-3 [37.9 kB]
Get:21 http://127.0.0.1:12990/debian sid/main amd64 sensible-utils all 0.0.17 [21.5 kB]
Get:22 http://127.0.0.1:12990/debian sid/main amd64 ucf all 3.0043 [74.0 kB]
Get:23 http://127.0.0.1:12990/debian sid/main amd64 tex-common all 6.17 [53.6 kB]
Get:24 http://127.0.0.1:12990/debian sid/main amd64 libmagic-mgc amd64 1:5.39-3 [273 kB]
Get:25 http://127.0.0.1:12990/debian sid/main amd64 libmagic1 amd64 1:5.39-3 [126 kB]
Get:26 http://127.0.0.1:12990/debian sid/main amd64 file amd64 1:5.39-3 [69.1 kB]
Get:27 http://127.0.0.1:12990/debian sid/main amd64 gettext-base amd64 0.21-4 [175 kB]
Get:28 http://127.0.0.1:12990/debian sid/main amd64 libsigsegv2 amd64 2.13-1 [34.8 kB]
Get:29 http://127.0.0.1:12990/debian sid/main amd64 m4 amd64 1.4.18-5 [204 kB]
Get:30 http://127.0.0.1:12990/debian sid/main amd64 autoconf all 2.71-2 [343 kB]
Get:31 http://127.0.0.1:12990/debian sid/main amd64 autotools-dev all 20180224.1+nmu1 [77.1 kB]
Get:32 http://127.0.0.1:12990/debian sid/main amd64 automake all 1:1.16.5-1 [823 kB]
Get:33 http://127.0.0.1:12990/debian sid/main amd64 autopoint all 0.21-4 [510 kB]
Get:34 http://127.0.0.1:12990/debian sid/main amd64 cdbs all 0.4.163 [82.6 kB]
Get:35 http://127.0.0.1:12990/debian sid/main amd64 libdebhelper-perl all 13.5.2 [192 kB]
Get:36 http://127.0.0.1:12990/debian sid/main amd64 libtool all 2.4.6-15 [513 kB]
Get:37 http://127.0.0.1:12990/debian sid/main amd64 dh-autoreconf all 20 [17.1 kB]
Get:38 http://127.0.0.1:12990/debian sid/main amd64 libarchive-zip-perl all 1.68-1 [104 kB]
Get:39 http://127.0.0.1:12990/debian sid/main amd64 libsub-override-perl all 0.09-2 [10.2 kB]
Get:40 http://127.0.0.1:12990/debian sid/main amd64 libfile-stripnondeterminism-perl all 1.12.0-2 [26.3 kB]
Get:41 http://127.0.0.1:12990/debian sid/main amd64 dh-strip-nondeterminism all 1.12.0-2 [15.5 kB]
Get:42 http://127.0.0.1:12990/debian sid/main amd64 libelf1 amd64 0.185-2 [172 kB]
Get:43 http://127.0.0.1:12990/debian sid/main amd64 dwz amd64 0.14-1 [98.3 kB]
Get:44 http://127.0.0.1:12990/debian sid/main amd64 gettext amd64 0.21-4 [1311 kB]
Get:45 http://127.0.0.1:12990/debian sid/main amd64 intltool-debian all 0.35.0+20060710.5 [26.8 kB]
Get:46 http://127.0.0.1:12990/debian sid/main amd64 po-debconf all 1.0.21+nmu1 [248 kB]
Get:47 http://127.0.0.1:12990/debian sid/main amd64 debhelper all 13.5.2 [1056 kB]
Get:48 http://127.0.0.1:12990/debian sid/main amd64 libltdl7 amd64 2.4.6-15 [391 kB]
Get:49 http://127.0.0.1:12990/debian sid/main amd64 guile-2.2-libs amd64 2.2.7+1-6+b1 [4982 kB]
Get:50 http://127.0.0.1:12990/debian sid/main amd64 guile-2.2 amd64 2.2.7+1-6+b1 [22.3 kB]
Get:51 http://127.0.0.1:12990/debian sid/main amd64 libncurses6 amd64 6.2+20210905-1 [102 kB]
Get:52 http://127.0.0.1:12990/debian sid/main amd64 libncurses-dev amd64 6.2+20210905-1 [344 kB]
Get:53 http://127.0.0.1:12990/debian sid/main amd64 libncurses5-dev amd64 6.2+20210905-1 [940 B]
Get:54 http://127.0.0.1:12990/debian sid/main amd64 libreadline-dev amd64 8.1-2 [148 kB]
Get:55 http://127.0.0.1:12990/debian sid/main amd64 libltdl-dev amd64 2.4.6-15 [162 kB]
Get:56 http://127.0.0.1:12990/debian sid/main amd64 libgmpxx4ldbl amd64 2:6.2.1+dfsg-2 [338 kB]
Get:57 http://127.0.0.1:12990/debian sid/main amd64 libgmp-dev amd64 2:6.2.1+dfsg-2 [641 kB]
Get:58 http://127.0.0.1:12990/debian sid/main amd64 libgc-dev amd64 1:8.0.4-3 [398 kB]
Get:59 http://127.0.0.1:12990/debian sid/main amd64 libglib2.0-0 amd64 2.70.0-3 [1401 kB]
Get:60 http://127.0.0.1:12990/debian sid/main amd64 pkg-config amd64 0.29.2-1 [65.1 kB]
Get:61 http://127.0.0.1:12990/debian sid/main amd64 guile-2.2-dev amd64 2.2.7+1-6+b1 [623 kB]
Get:62 http://127.0.0.1:12990/debian sid/main amd64 guile-library amd64 0.2.7-2 [558 kB]
Get:63 http://127.0.0.1:12990/debian sid/main amd64 uuid-dev amd64 2.37.2-4 [95.8 kB]
Get:64 http://127.0.0.1:12990/debian sid/main amd64 libblkid-dev amd64 2.37.2-4 [232 kB]
Get:65 http://127.0.0.1:12990/debian sid/main amd64 libffi-dev amd64 3.4.2-3 [60.4 kB]
Get:66 http://127.0.0.1:12990/debian sid/main amd64 libglib2.0-data all 2.70.0-3 [1189 kB]
Get:67 http://127.0.0.1:12990/debian sid/main amd64 libglib2.0-bin amd64 2.70.0-3 [145 kB]
Get:68 http://127.0.0.1:12990/debian sid/main amd64 python3-lib2to3 all 3.9.7-1 [79.4 kB]
Get:69 http://127.0.0.1:12990/debian sid/main amd64 python3-distutils all 3.9.7-1 [146 kB]
Get:70 http://127.0.0.1:12990/debian sid/main amd64 libglib2.0-dev-bin amd64 2.70.0-3 [183 kB]
Get:71 http://127.0.0.1:12990/debian sid/main amd64 libsepol1-dev amd64 3.1-1 [338 kB]
Get:72 http://127.0.0.1:12990/debian sid/main amd64 libpcre2-16-0 amd64 10.36-2 [231 kB]
Get:73 http://127.0.0.1:12990/debian sid/main amd64 libpcre2-32-0 amd64 10.36-2 [220 kB]
Get:74 http://127.0.0.1:12990/debian sid/main amd64 libpcre2-posix2 amd64 10.36-2 [49.1 kB]
Get:75 http://127.0.0.1:12990/debian sid/main amd64 libpcre2-dev amd64 10.36-2 [731 kB]
Get:76 http://127.0.0.1:12990/debian sid/main amd64 libselinux1-dev amd64 3.1-3 [168 kB]
Get:77 http://127.0.0.1:12990/debian sid/main amd64 libmount-dev amd64 2.37.2-4 [79.0 kB]
Get:78 http://127.0.0.1:12990/debian sid/main amd64 libpcre16-3 amd64 2:8.39-13 [259 kB]
Get:79 http://127.0.0.1:12990/debian sid/main amd64 libpcre32-3 amd64 2:8.39-13 [250 kB]
Get:80 http://127.0.0.1:12990/debian sid/main amd64 libpcrecpp0v5 amd64 2:8.39-13 [152 kB]
Get:81 http://127.0.0.1:12990/debian sid/main amd64 libpcre3-dev amd64 2:8.39-13 [650 kB]
Get:82 http://127.0.0.1:12990/debian sid/main amd64 zlib1g-dev amd64 1:1.2.11.dfsg-2 [190 kB]
Get:83 http://127.0.0.1:12990/debian sid/main amd64 libglib2.0-dev amd64 2.70.0-3 [1599 kB]
Get:84 http://127.0.0.1:12990/debian sid/main amd64 libtext-unidecode-perl all 1.30-1 [103 kB]
Get:85 http://127.0.0.1:12990/debian sid/main amd64 libxml-namespacesupport-perl all 1.12-1.1 [14.9 kB]
Get:86 http://127.0.0.1:12990/debian sid/main amd64 libxml-sax-base-perl all 1.09-1.1 [20.7 kB]
Get:87 http://127.0.0.1:12990/debian sid/main amd64 libxml-sax-perl all 1.02+dfsg-3 [59.4 kB]
Get:88 http://127.0.0.1:12990/debian sid/main amd64 libxml-libxml-perl amd64 2.0134+dfsg-2+b1 [337 kB]
Get:89 http://127.0.0.1:12990/debian sid/main amd64 texinfo amd64 6.8-3 [1825 kB]
debconf: delaying package configuration, since apt-utils is not installed
Fetched 35.2 MB in 0s (110 MB/s)
Selecting previously unselected package bsdextrautils.
(Reading database ... 14273 files and directories currently installed.)
Preparing to unpack .../0-bsdextrautils_2.37.2-4_amd64.deb ...
Unpacking bsdextrautils (2.37.2-4) ...
Selecting previously unselected package libuchardet0:amd64.
Preparing to unpack .../1-libuchardet0_0.0.7-1_amd64.deb ...
Unpacking libuchardet0:amd64 (0.0.7-1) ...
Selecting previously unselected package groff-base.
Preparing to unpack .../2-groff-base_1.22.4-7_amd64.deb ...
Unpacking groff-base (1.22.4-7) ...
Selecting previously unselected package libpipeline1:amd64.
Preparing to unpack .../3-libpipeline1_1.5.3-1_amd64.deb ...
Unpacking libpipeline1:amd64 (1.5.3-1) ...
Selecting previously unselected package man-db.
Preparing to unpack .../4-man-db_2.9.4-2_amd64.deb ...
Unpacking man-db (2.9.4-2) ...
Selecting previously unselected package libpython3.9-minimal:amd64.
Preparing to unpack .../5-libpython3.9-minimal_3.9.7-4_amd64.deb ...
Unpacking libpython3.9-minimal:amd64 (3.9.7-4) ...
Selecting previously unselected package libexpat1:amd64.
Preparing to unpack .../6-libexpat1_2.4.1-3_amd64.deb ...
Unpacking libexpat1:amd64 (2.4.1-3) ...
Selecting previously unselected package python3.9-minimal.
Preparing to unpack .../7-python3.9-minimal_3.9.7-4_amd64.deb ...
Unpacking python3.9-minimal (3.9.7-4) ...
Setting up libpython3.9-minimal:amd64 (3.9.7-4) ...
Setting up libexpat1:amd64 (2.4.1-3) ...
Setting up python3.9-minimal (3.9.7-4) ...
Selecting previously unselected package python3-minimal.
(Reading database ... 15140 files and directories currently installed.)
Preparing to unpack .../0-python3-minimal_3.9.2-3_amd64.deb ...
Unpacking python3-minimal (3.9.2-3) ...
Selecting previously unselected package media-types.
Preparing to unpack .../1-media-types_4.0.0_all.deb ...
Unpacking media-types (4.0.0) ...
Selecting previously unselected package libmpdec3:amd64.
Preparing to unpack .../2-libmpdec3_2.5.1-2_amd64.deb ...
Unpacking libmpdec3:amd64 (2.5.1-2) ...
Selecting previously unselected package libncursesw6:amd64.
Preparing to unpack .../3-libncursesw6_6.2+20210905-1_amd64.deb ...
Unpacking libncursesw6:amd64 (6.2+20210905-1) ...
Selecting previously unselected package readline-common.
Preparing to unpack .../4-readline-common_8.1-2_all.deb ...
Unpacking readline-common (8.1-2) ...
Selecting previously unselected package libreadline8:amd64.
Preparing to unpack .../5-libreadline8_8.1-2_amd64.deb ...
Unpacking libreadline8:amd64 (8.1-2) ...
Selecting previously unselected package libsqlite3-0:amd64.
Preparing to unpack .../6-libsqlite3-0_3.36.0-2_amd64.deb ...
Unpacking libsqlite3-0:amd64 (3.36.0-2) ...
Selecting previously unselected package libpython3.9-stdlib:amd64.
Preparing to unpack .../7-libpython3.9-stdlib_3.9.7-4_amd64.deb ...
Unpacking libpython3.9-stdlib:amd64 (3.9.7-4) ...
Selecting previously unselected package python3.9.
Preparing to unpack .../8-python3.9_3.9.7-4_amd64.deb ...
Unpacking python3.9 (3.9.7-4) ...
Selecting previously unselected package libpython3-stdlib:amd64.
Preparing to unpack .../9-libpython3-stdlib_3.9.2-3_amd64.deb ...
Unpacking libpython3-stdlib:amd64 (3.9.2-3) ...
Setting up python3-minimal (3.9.2-3) ...
Selecting previously unselected package python3.
(Reading database ... 15579 files and directories currently installed.)
Preparing to unpack .../00-python3_3.9.2-3_amd64.deb ...
Unpacking python3 (3.9.2-3) ...
Selecting previously unselected package sensible-utils.
Preparing to unpack .../01-sensible-utils_0.0.17_all.deb ...
Unpacking sensible-utils (0.0.17) ...
Selecting previously unselected package ucf.
Preparing to unpack .../02-ucf_3.0043_all.deb ...
Moving old data out of the way
Unpacking ucf (3.0043) ...
Selecting previously unselected package tex-common.
Preparing to unpack .../03-tex-common_6.17_all.deb ...
Unpacking tex-common (6.17) ...
Selecting previously unselected package libmagic-mgc.
Preparing to unpack .../04-libmagic-mgc_1%3a5.39-3_amd64.deb ...
Unpacking libmagic-mgc (1:5.39-3) ...
Selecting previously unselected package libmagic1:amd64.
Preparing to unpack .../05-libmagic1_1%3a5.39-3_amd64.deb ...
Unpacking libmagic1:amd64 (1:5.39-3) ...
Selecting previously unselected package file.
Preparing to unpack .../06-file_1%3a5.39-3_amd64.deb ...
Unpacking file (1:5.39-3) ...
Selecting previously unselected package gettext-base.
Preparing to unpack .../07-gettext-base_0.21-4_amd64.deb ...
Unpacking gettext-base (0.21-4) ...
Selecting previously unselected package libsigsegv2:amd64.
Preparing to unpack .../08-libsigsegv2_2.13-1_amd64.deb ...
Unpacking libsigsegv2:amd64 (2.13-1) ...
Selecting previously unselected package m4.
Preparing to unpack .../09-m4_1.4.18-5_amd64.deb ...
Unpacking m4 (1.4.18-5) ...
Selecting previously unselected package autoconf.
Preparing to unpack .../10-autoconf_2.71-2_all.deb ...
Unpacking autoconf (2.71-2) ...
Selecting previously unselected package autotools-dev.
Preparing to unpack .../11-autotools-dev_20180224.1+nmu1_all.deb ...
Unpacking autotools-dev (20180224.1+nmu1) ...
Selecting previously unselected package automake.
Preparing to unpack .../12-automake_1%3a1.16.5-1_all.deb ...
Unpacking automake (1:1.16.5-1) ...
Selecting previously unselected package autopoint.
Preparing to unpack .../13-autopoint_0.21-4_all.deb ...
Unpacking autopoint (0.21-4) ...
Selecting previously unselected package cdbs.
Preparing to unpack .../14-cdbs_0.4.163_all.deb ...
Unpacking cdbs (0.4.163) ...
Selecting previously unselected package libdebhelper-perl.
Preparing to unpack .../15-libdebhelper-perl_13.5.2_all.deb ...
Unpacking libdebhelper-perl (13.5.2) ...
Selecting previously unselected package libtool.
Preparing to unpack .../16-libtool_2.4.6-15_all.deb ...
Unpacking libtool (2.4.6-15) ...
Selecting previously unselected package dh-autoreconf.
Preparing to unpack .../17-dh-autoreconf_20_all.deb ...
Unpacking dh-autoreconf (20) ...
Selecting previously unselected package libarchive-zip-perl.
Preparing to unpack .../18-libarchive-zip-perl_1.68-1_all.deb ...
Unpacking libarchive-zip-perl (1.68-1) ...
Selecting previously unselected package libsub-override-perl.
Preparing to unpack .../19-libsub-override-perl_0.09-2_all.deb ...
Unpacking libsub-override-perl (0.09-2) ...
Selecting previously unselected package libfile-stripnondeterminism-perl.
Preparing to unpack .../20-libfile-stripnondeterminism-perl_1.12.0-2_all.deb ...
Unpacking libfile-stripnondeterminism-perl (1.12.0-2) ...
Selecting previously unselected package dh-strip-nondeterminism.
Preparing to unpack .../21-dh-strip-nondeterminism_1.12.0-2_all.deb ...
Unpacking dh-strip-nondeterminism (1.12.0-2) ...
Selecting previously unselected package libelf1:amd64.
Preparing to unpack .../22-libelf1_0.185-2_amd64.deb ...
Unpacking libelf1:amd64 (0.185-2) ...
Selecting previously unselected package dwz.
Preparing to unpack .../23-dwz_0.14-1_amd64.deb ...
Unpacking dwz (0.14-1) ...
Selecting previously unselected package gettext.
Preparing to unpack .../24-gettext_0.21-4_amd64.deb ...
Unpacking gettext (0.21-4) ...
Selecting previously unselected package intltool-debian.
Preparing to unpack .../25-intltool-debian_0.35.0+20060710.5_all.deb ...
Unpacking intltool-debian (0.35.0+20060710.5) ...
Selecting previously unselected package po-debconf.
Preparing to unpack .../26-po-debconf_1.0.21+nmu1_all.deb ...
Unpacking po-debconf (1.0.21+nmu1) ...
Selecting previously unselected package debhelper.
Preparing to unpack .../27-debhelper_13.5.2_all.deb ...
Unpacking debhelper (13.5.2) ...
Selecting previously unselected package libltdl7:amd64.
Preparing to unpack .../28-libltdl7_2.4.6-15_amd64.deb ...
Unpacking libltdl7:amd64 (2.4.6-15) ...
Selecting previously unselected package guile-2.2-libs:amd64.
Preparing to unpack .../29-guile-2.2-libs_2.2.7+1-6+b1_amd64.deb ...
Unpacking guile-2.2-libs:amd64 (2.2.7+1-6+b1) ...
Selecting previously unselected package guile-2.2.
Preparing to unpack .../30-guile-2.2_2.2.7+1-6+b1_amd64.deb ...
Unpacking guile-2.2 (2.2.7+1-6+b1) ...
Selecting previously unselected package libncurses6:amd64.
Preparing to unpack .../31-libncurses6_6.2+20210905-1_amd64.deb ...
Unpacking libncurses6:amd64 (6.2+20210905-1) ...
Selecting previously unselected package libncurses-dev:amd64.
Preparing to unpack .../32-libncurses-dev_6.2+20210905-1_amd64.deb ...
Unpacking libncurses-dev:amd64 (6.2+20210905-1) ...
Selecting previously unselected package libncurses5-dev:amd64.
Preparing to unpack .../33-libncurses5-dev_6.2+20210905-1_amd64.deb ...
Unpacking libncurses5-dev:amd64 (6.2+20210905-1) ...
Selecting previously unselected package libreadline-dev:amd64.
Preparing to unpack .../34-libreadline-dev_8.1-2_amd64.deb ...
Unpacking libreadline-dev:amd64 (8.1-2) ...
Selecting previously unselected package libltdl-dev:amd64.
Preparing to unpack .../35-libltdl-dev_2.4.6-15_amd64.deb ...
Unpacking libltdl-dev:amd64 (2.4.6-15) ...
Selecting previously unselected package libgmpxx4ldbl:amd64.
Preparing to unpack .../36-libgmpxx4ldbl_2%3a6.2.1+dfsg-2_amd64.deb ...
Unpacking libgmpxx4ldbl:amd64 (2:6.2.1+dfsg-2) ...
Selecting previously unselected package libgmp-dev:amd64.
Preparing to unpack .../37-libgmp-dev_2%3a6.2.1+dfsg-2_amd64.deb ...
Unpacking libgmp-dev:amd64 (2:6.2.1+dfsg-2) ...
Selecting previously unselected package libgc-dev:amd64.
Preparing to unpack .../38-libgc-dev_1%3a8.0.4-3_amd64.deb ...
Unpacking libgc-dev:amd64 (1:8.0.4-3) ...
Selecting previously unselected package libglib2.0-0:amd64.
Preparing to unpack .../39-libglib2.0-0_2.70.0-3_amd64.deb ...
Unpacking libglib2.0-0:amd64 (2.70.0-3) ...
Selecting previously unselected package pkg-config.
Preparing to unpack .../40-pkg-config_0.29.2-1_amd64.deb ...
Unpacking pkg-config (0.29.2-1) ...
Selecting previously unselected package guile-2.2-dev.
Preparing to unpack .../41-guile-2.2-dev_2.2.7+1-6+b1_amd64.deb ...
Unpacking guile-2.2-dev (2.2.7+1-6+b1) ...
Selecting previously unselected package guile-library:amd64.
Preparing to unpack .../42-guile-library_0.2.7-2_amd64.deb ...
Unpacking guile-library:amd64 (0.2.7-2) ...
Selecting previously unselected package uuid-dev:amd64.
Preparing to unpack .../43-uuid-dev_2.37.2-4_amd64.deb ...
Unpacking uuid-dev:amd64 (2.37.2-4) ...
Selecting previously unselected package libblkid-dev:amd64.
Preparing to unpack .../44-libblkid-dev_2.37.2-4_amd64.deb ...
Unpacking libblkid-dev:amd64 (2.37.2-4) ...
Selecting previously unselected package libffi-dev:amd64.
Preparing to unpack .../45-libffi-dev_3.4.2-3_amd64.deb ...
Unpacking libffi-dev:amd64 (3.4.2-3) ...
Selecting previously unselected package libglib2.0-data.
Preparing to unpack .../46-libglib2.0-data_2.70.0-3_all.deb ...
Unpacking libglib2.0-data (2.70.0-3) ...
Selecting previously unselected package libglib2.0-bin.
Preparing to unpack .../47-libglib2.0-bin_2.70.0-3_amd64.deb ...
Unpacking libglib2.0-bin (2.70.0-3) ...
Selecting previously unselected package python3-lib2to3.
Preparing to unpack .../48-python3-lib2to3_3.9.7-1_all.deb ...
Unpacking python3-lib2to3 (3.9.7-1) ...
Selecting previously unselected package python3-distutils.
Preparing to unpack .../49-python3-distutils_3.9.7-1_all.deb ...
Unpacking python3-distutils (3.9.7-1) ...
Selecting previously unselected package libglib2.0-dev-bin.
Preparing to unpack .../50-libglib2.0-dev-bin_2.70.0-3_amd64.deb ...
Unpacking libglib2.0-dev-bin (2.70.0-3) ...
Selecting previously unselected package libsepol1-dev:amd64.
Preparing to unpack .../51-libsepol1-dev_3.1-1_amd64.deb ...
Unpacking libsepol1-dev:amd64 (3.1-1) ...
Selecting previously unselected package libpcre2-16-0:amd64.
Preparing to unpack .../52-libpcre2-16-0_10.36-2_amd64.deb ...
Unpacking libpcre2-16-0:amd64 (10.36-2) ...
Selecting previously unselected package libpcre2-32-0:amd64.
Preparing to unpack .../53-libpcre2-32-0_10.36-2_amd64.deb ...
Unpacking libpcre2-32-0:amd64 (10.36-2) ...
Selecting previously unselected package libpcre2-posix2:amd64.
Preparing to unpack .../54-libpcre2-posix2_10.36-2_amd64.deb ...
Unpacking libpcre2-posix2:amd64 (10.36-2) ...
Selecting previously unselected package libpcre2-dev:amd64.
Preparing to unpack .../55-libpcre2-dev_10.36-2_amd64.deb ...
Unpacking libpcre2-dev:amd64 (10.36-2) ...
Selecting previously unselected package libselinux1-dev:amd64.
Preparing to unpack .../56-libselinux1-dev_3.1-3_amd64.deb ...
Unpacking libselinux1-dev:amd64 (3.1-3) ...
Selecting previously unselected package libmount-dev:amd64.
Preparing to unpack .../57-libmount-dev_2.37.2-4_amd64.deb ...
Unpacking libmount-dev:amd64 (2.37.2-4) ...
Selecting previously unselected package libpcre16-3:amd64.
Preparing to unpack .../58-libpcre16-3_2%3a8.39-13_amd64.deb ...
Unpacking libpcre16-3:amd64 (2:8.39-13) ...
Selecting previously unselected package libpcre32-3:amd64.
Preparing to unpack .../59-libpcre32-3_2%3a8.39-13_amd64.deb ...
Unpacking libpcre32-3:amd64 (2:8.39-13) ...
Selecting previously unselected package libpcrecpp0v5:amd64.
Preparing to unpack .../60-libpcrecpp0v5_2%3a8.39-13_amd64.deb ...
Unpacking libpcrecpp0v5:amd64 (2:8.39-13) ...
Selecting previously unselected package libpcre3-dev:amd64.
Preparing to unpack .../61-libpcre3-dev_2%3a8.39-13_amd64.deb ...
Unpacking libpcre3-dev:amd64 (2:8.39-13) ...
Selecting previously unselected package zlib1g-dev:amd64.
Preparing to unpack .../62-zlib1g-dev_1%3a1.2.11.dfsg-2_amd64.deb ...
Unpacking zlib1g-dev:amd64 (1:1.2.11.dfsg-2) ...
Selecting previously unselected package libglib2.0-dev:amd64.
Preparing to unpack .../63-libglib2.0-dev_2.70.0-3_amd64.deb ...
Unpacking libglib2.0-dev:amd64 (2.70.0-3) ...
Selecting previously unselected package libtext-unidecode-perl.
Preparing to unpack .../64-libtext-unidecode-perl_1.30-1_all.deb ...
Unpacking libtext-unidecode-perl (1.30-1) ...
Selecting previously unselected package libxml-namespacesupport-perl.
Preparing to unpack .../65-libxml-namespacesupport-perl_1.12-1.1_all.deb ...
Unpacking libxml-namespacesupport-perl (1.12-1.1) ...
Selecting previously unselected package libxml-sax-base-perl.
Preparing to unpack .../66-libxml-sax-base-perl_1.09-1.1_all.deb ...
Unpacking libxml-sax-base-perl (1.09-1.1) ...
Selecting previously unselected package libxml-sax-perl.
Preparing to unpack .../67-libxml-sax-perl_1.02+dfsg-3_all.deb ...
Unpacking libxml-sax-perl (1.02+dfsg-3) ...
Selecting previously unselected package libxml-libxml-perl.
Preparing to unpack .../68-libxml-libxml-perl_2.0134+dfsg-2+b1_amd64.deb ...
Unpacking libxml-libxml-perl (2.0134+dfsg-2+b1) ...
Selecting previously unselected package texinfo.
Preparing to unpack .../69-texinfo_6.8-3_amd64.deb ...
Unpacking texinfo (6.8-3) ...
Selecting previously unselected package sbuild-build-depends-main-dummy.
Preparing to unpack .../70-sbuild-build-depends-main-dummy_0.invalid.0_amd64.deb ...
Unpacking sbuild-build-depends-main-dummy (0.invalid.0) ...
Setting up media-types (4.0.0) ...
Setting up libpcrecpp0v5:amd64 (2:8.39-13) ...
Setting up libpipeline1:amd64 (1.5.3-1) ...
Setting up bsdextrautils (2.37.2-4) ...
update-alternatives: using /usr/bin/write.ul to provide /usr/bin/write (write) in auto mode
Setting up libpcre16-3:amd64 (2:8.39-13) ...
Setting up libmagic-mgc (1:5.39-3) ...
Setting up libarchive-zip-perl (1.68-1) ...
Setting up libglib2.0-0:amd64 (2.70.0-3) ...
No schema files found: doing nothing.
Setting up libdebhelper-perl (13.5.2) ...
Setting up libsqlite3-0:amd64 (3.36.0-2) ...
Setting up libmagic1:amd64 (1:5.39-3) ...
Setting up libsepol1-dev:amd64 (3.1-1) ...
Setting up libxml-namespacesupport-perl (1.12-1.1) ...
Setting up gettext-base (0.21-4) ...
Setting up file (1:5.39-3) ...
Setting up libffi-dev:amd64 (3.4.2-3) ...
Setting up libpcre2-16-0:amd64 (10.36-2) ...
Setting up libxml-sax-base-perl (1.09-1.1) ...
Setting up autotools-dev (20180224.1+nmu1) ...
Setting up libpcre2-32-0:amd64 (10.36-2) ...
Setting up libglib2.0-data (2.70.0-3) ...
Setting up libgmpxx4ldbl:amd64 (2:6.2.1+dfsg-2) ...
Setting up uuid-dev:amd64 (2.37.2-4) ...
Setting up libncurses6:amd64 (6.2+20210905-1) ...
Setting up libsigsegv2:amd64 (2.13-1) ...
Setting up libpcre32-3:amd64 (2:8.39-13) ...
Setting up autopoint (0.21-4) ...
Setting up pkg-config (0.29.2-1) ...
Setting up libpcre2-posix2:amd64 (10.36-2) ...
Setting up libncursesw6:amd64 (6.2+20210905-1) ...
Setting up libltdl7:amd64 (2.4.6-15) ...
Setting up zlib1g-dev:amd64 (1:1.2.11.dfsg-2) ...
Setting up sensible-utils (0.0.17) ...
Setting up libuchardet0:amd64 (0.0.7-1) ...
Setting up libmpdec3:amd64 (2.5.1-2) ...
Setting up libsub-override-perl (0.09-2) ...
Setting up libtext-unidecode-perl (1.30-1) ...
Setting up libgc-dev:amd64 (1:8.0.4-3) ...
Setting up cdbs (0.4.163) ...
Setting up libelf1:amd64 (0.185-2) ...
Setting up readline-common (8.1-2) ...
Setting up libfile-stripnondeterminism-perl (1.12.0-2) ...
Setting up libblkid-dev:amd64 (2.37.2-4) ...
Setting up libncurses-dev:amd64 (6.2+20210905-1) ...
Setting up gettext (0.21-4) ...
Setting up libgmp-dev:amd64 (2:6.2.1+dfsg-2) ...
Setting up libpcre2-dev:amd64 (10.36-2) ...
Setting up libtool (2.4.6-15) ...
Setting up libselinux1-dev:amd64 (3.1-3) ...
Setting up libpcre3-dev:amd64 (2:8.39-13) ...
Setting up libreadline8:amd64 (8.1-2) ...
Setting up libglib2.0-bin (2.70.0-3) ...
Setting up m4 (1.4.18-5) ...
Setting up libreadline-dev:amd64 (8.1-2) ...
Setting up intltool-debian (0.35.0+20060710.5) ...
Setting up ucf (3.0043) ...
Setting up autoconf (2.71-2) ...
Setting up dh-strip-nondeterminism (1.12.0-2) ...
Setting up dwz (0.14-1) ...
Setting up groff-base (1.22.4-7) ...
Setting up libncurses5-dev:amd64 (6.2+20210905-1) ...
Setting up libmount-dev:amd64 (2.37.2-4) ...
Setting up guile-2.2-libs:amd64 (2.2.7+1-6+b1) ...
Setting up libpython3.9-stdlib:amd64 (3.9.7-4) ...
Setting up libpython3-stdlib:amd64 (3.9.2-3) ...
Setting up automake (1:1.16.5-1) ...
update-alternatives: using /usr/bin/automake-1.16 to provide /usr/bin/automake (automake) in auto mode
Setting up guile-2.2 (2.2.7+1-6+b1) ...
update-alternatives: using /usr/lib/x86_64-linux-gnu/guile/2.2/bin/guile to provide /usr/bin/guile (guile) in auto mode
Setting up po-debconf (1.0.21+nmu1) ...
Setting up man-db (2.9.4-2) ...
Not building database; man-db/auto-update is not 'true'.
Setting up libxml-sax-perl (1.02+dfsg-3) ...
update-perl-sax-parsers: Registering Perl SAX parser XML::SAX::PurePerl with priority 10...
update-perl-sax-parsers: Updating overall Perl SAX parser modules info file...

Creating config file /etc/perl/XML/SAX/ParserDetails.ini with new version
Setting up dh-autoreconf (20) ...
Setting up tex-common (6.17) ...
update-language: texlive-base not installed and configured, doing nothing!
Setting up libltdl-dev:amd64 (2.4.6-15) ...
Setting up guile-2.2-dev (2.2.7+1-6+b1) ...
update-alternatives: using /usr/bin/guile-config-2.2 to provide /usr/bin/guile-config (guile-config) in auto mode
update-alternatives: using /usr/share/aclocal/guile-2.2.m4 to provide /usr/share/aclocal/guile.m4 (guile-autoconf-macros) in auto mode
Setting up guile-library:amd64 (0.2.7-2) ...
Setting up libxml-libxml-perl (2.0134+dfsg-2+b1) ...
update-perl-sax-parsers: Registering Perl SAX parser XML::LibXML::SAX::Parser with priority 50...
update-perl-sax-parsers: Registering Perl SAX parser XML::LibXML::SAX with priority 50...
update-perl-sax-parsers: Updating overall Perl SAX parser modules info file...
Replacing config file /etc/perl/XML/SAX/ParserDetails.ini with new version
Setting up python3.9 (3.9.7-4) ...
Setting up debhelper (13.5.2) ...
Setting up python3 (3.9.2-3) ...
Setting up texinfo (6.8-3) ...
/usr/bin/which: this version of `which' is deprecated; use `command -v' in scripts instead.
/usr/bin/which: this version of `which' is deprecated; use `command -v' in scripts instead.
Setting up python3-lib2to3 (3.9.7-1) ...
Setting up python3-distutils (3.9.7-1) ...
Setting up libglib2.0-dev-bin (2.70.0-3) ...
Setting up libglib2.0-dev:amd64 (2.70.0-3) ...
Setting up sbuild-build-depends-main-dummy (0.invalid.0) ...
Processing triggers for libc-bin (2.32-4) ...

+------------------------------------------------------------------------------+
| Check architectures                                                          |
+------------------------------------------------------------------------------+

Arch check ok (amd64 included in any all)

+------------------------------------------------------------------------------+
| Build environment                                                            |
+------------------------------------------------------------------------------+

Kernel: Linux 4.19.0-6-cloud-amd64 #1 SMP Debian 4.19.67-2+deb10u2 (2019-11-11) amd64 (x86_64)
Toolchain package versions: binutils_2.37-7 dpkg-dev_1.20.9 g++-11_11.2.0-10 gcc-11_11.2.0-10 libc6-dev_2.32-4 libstdc++-11-dev_11.2.0-10 libstdc++6_11.2.0-10 linux-libc-dev_5.14.12-1
Package versions: adduser_3.118 apt_2.3.11 autoconf_2.71-2 automake_1:1.16.5-1 autopoint_0.21-4 autotools-dev_20180224.1+nmu1 base-files_12 base-passwd_3.5.52 bash_5.1-3+b2 binutils_2.37-7 binutils-common_2.37-7 binutils-x86-64-linux-gnu_2.37-7 bsdextrautils_2.37.2-4 bsdutils_1:2.37.2-4 build-essential_12.9 bzip2_1.0.8-4 cdbs_0.4.163 clang-13_1:13.0.0-8 coreutils_8.32-4+b1 cpp_4:11.2.0-2 cpp-11_11.2.0-10 dash_0.5.11+git20210120+802ebd4-2 debconf_1.5.78 debhelper_13.5.2 debian-archive-keyring_2021.1.1 debianutils_5.5-1 dh-autoreconf_20 dh-strip-nondeterminism_1.12.0-2 diffutils_1:3.7-5 dpkg_1.20.9 dpkg-dev_1.20.9 dwz_0.14-1 e2fsprogs_1.46.4-1 fakeroot_1.26-1 file_1:5.39-3 findutils_4.8.0-1 g++_4:11.2.0-2 g++-11_11.2.0-10 gcc_4:11.2.0-2 gcc-10-base_10.3.0-11 gcc-11_11.2.0-10 gcc-11-base_11.2.0-10 gcc-9-base_9.4.0-3 gettext_0.21-4 gettext-base_0.21-4 gpgv_2.2.27-2 grep_3.7-1 groff-base_1.22.4-7 guile-2.2_2.2.7+1-6+b1 guile-2.2-dev_2.2.7+1-6+b1 guile-2.2-libs_2.2.7+1-6+b1 guile-library_0.2.7-2 gzip_1.10-4 hostname_3.23 init-system-helpers_1.60 intltool-debian_0.35.0+20060710.5 lib32gcc-s1_11.2.0-10 lib32stdc++6_11.2.0-10 libacl1_2.3.1-1 libapt-pkg6.0_2.3.11 libarchive-zip-perl_1.68-1 libasan5_9.4.0-3 libasan6_11.2.0-10 libatomic1_11.2.0-10 libattr1_1:2.5.1-1 libaudit-common_1:3.0.6-1 libaudit1_1:3.0.6-1 libbinutils_2.37-7 libblkid-dev_2.37.2-4 libblkid1_2.37.2-4 libbsd0_0.11.3-1 libbz2-1.0_1.0.8-4 libc-bin_2.32-4 libc-dev-bin_2.32-4 libc6_2.32-4 libc6-dev_2.32-4 libc6-i386_2.32-4 libcap-ng0_0.7.9-2.2+b1 libcap2_1:2.44-1 libcc1-0_11.2.0-10 libclang-common-13-dev_1:13.0.0-8 libclang-cpp13_1:13.0.0-8 libclang1-13_1:13.0.0-8 libcom-err2_1.46.4-1 libcrypt-dev_1:4.4.25-2 libcrypt1_1:4.4.25-2 libctf-nobfd0_2.37-7 libctf0_2.37-7 libdb5.3_5.3.28+dfsg1-0.8 libdebconfclient0_0.260 libdebhelper-perl_13.5.2 libdpkg-perl_1.20.9 libedit2_3.1-20210910-1 libelf1_0.185-2 libexpat1_2.4.1-3 libext2fs2_1.46.4-1 libfakeroot_1.26-1 libffi-dev_3.4.2-3 libffi8_3.4.2-3 libfile-stripnondeterminism-perl_1.12.0-2 libgc-dev_1:8.0.4-3 libgc1_1:8.0.4-3 libgcc-11-dev_11.2.0-10 libgcc-9-dev_9.4.0-3 libgcc-s1_11.2.0-10 libgcrypt20_1.9.4-3+b1 libgdbm-compat4_1.22-1 libgdbm6_1.22-1 libglib2.0-0_2.70.0-3 libglib2.0-bin_2.70.0-3 libglib2.0-data_2.70.0-3 libglib2.0-dev_2.70.0-3 libglib2.0-dev-bin_2.70.0-3 libgmp-dev_2:6.2.1+dfsg-2 libgmp10_2:6.2.1+dfsg-2 libgmpxx4ldbl_2:6.2.1+dfsg-2 libgnutls30_3.7.2-2 libgomp1_11.2.0-10 libgpg-error0_1.42-3 libgssapi-krb5-2_1.18.3-7 libhogweed6_3.7.3-1 libicu67_67.1-7 libidn2-0_2.3.2-2 libisl23_0.24-2 libitm1_11.2.0-10 libk5crypto3_1.18.3-7 libkeyutils1_1.6.1-2 libkrb5-3_1.18.3-7 libkrb5support0_1.18.3-7 libllvm13_1:13.0.0-8 liblsan0_11.2.0-10 libltdl-dev_2.4.6-15 libltdl7_2.4.6-15 liblz4-1_1.9.3-2 liblzma5_5.2.5-2 libmagic-mgc_1:5.39-3 libmagic1_1:5.39-3 libmd0_1.0.4-1 libmount-dev_2.37.2-4 libmount1_2.37.2-4 libmpc3_1.2.1-1 libmpdec3_2.5.1-2 libmpfr6_4.1.0-3 libncurses-dev_6.2+20210905-1 libncurses5-dev_6.2+20210905-1 libncurses6_6.2+20210905-1 libncursesw6_6.2+20210905-1 libnettle8_3.7.3-1 libnsl-dev_1.3.0-2 libnsl2_1.3.0-2 libobjc-11-dev_11.2.0-10 libobjc-9-dev_9.4.0-3 libobjc4_11.2.0-10 libomp-13-dev_1:13.0.0-8 libomp5-13_1:13.0.0-8 libp11-kit0_0.24.0-5 libpam-modules_1.4.0-10 libpam-modules-bin_1.4.0-10 libpam-runtime_1.4.0-10 libpam0g_1.4.0-10 libpcre16-3_2:8.39-13 libpcre2-16-0_10.36-2 libpcre2-32-0_10.36-2 libpcre2-8-0_10.36-2 libpcre2-dev_10.36-2 libpcre2-posix2_10.36-2 libpcre3_2:8.39-13 libpcre3-dev_2:8.39-13 libpcre32-3_2:8.39-13 libpcrecpp0v5_2:8.39-13 libperl5.32_5.32.1-6 libpipeline1_1.5.3-1 libpython3-stdlib_3.9.2-3 libpython3.9-minimal_3.9.7-4 libpython3.9-stdlib_3.9.7-4 libquadmath0_11.2.0-10 libreadline-dev_8.1-2 libreadline8_8.1-2 libseccomp2_2.5.2-2 libselinux1_3.1-3 libselinux1-dev_3.1-3 libsemanage-common_3.1-1 libsemanage1_3.1-1+b2 libsepol1_3.1-1 libsepol1-dev_3.1-1 libsigsegv2_2.13-1 libsmartcols1_2.37.2-4 libsqlite3-0_3.36.0-2 libss2_1.46.4-1 libssl1.1_1.1.1l-1 libstdc++-11-dev_11.2.0-10 libstdc++6_11.2.0-10 libsub-override-perl_0.09-2 libsystemd0_249.5-1 libtasn1-6_4.17.0-2 libtext-unidecode-perl_1.30-1 libtinfo6_6.2+20210905-1 libtirpc-common_1.3.2-2 libtirpc-dev_1.3.2-2 libtirpc3_1.3.2-2 libtool_2.4.6-15 libtsan0_11.2.0-10 libubsan1_11.2.0-10 libuchardet0_0.0.7-1 libudev1_249.5-1 libunistring2_0.9.10-6 libuuid1_2.37.2-4 libxml-libxml-perl_2.0134+dfsg-2+b1 libxml-namespacesupport-perl_1.12-1.1 libxml-sax-base-perl_1.09-1.1 libxml-sax-perl_1.02+dfsg-3 libxml2_2.9.12+dfsg-5 libxxhash0_0.8.0-2 libz3-4_4.8.12-1+b1 libzstd1_1.4.8+dfsg-3 linux-libc-dev_5.14.12-1 login_1:4.8.1-1 logsave_1.46.4-1 lsb-base_11.1.0 m4_1.4.18-5 make_4.3-4.1 man-db_2.9.4-2 mawk_1.3.4.20200120-2 media-types_4.0.0 mount_2.37.2-4 ncurses-base_6.2+20210905-1 ncurses-bin_6.2+20210905-1 passwd_1:4.8.1-1 patch_2.7.6-7 perl_5.32.1-6 perl-base_5.32.1-6 perl-modules-5.32_5.32.1-6 pkg-config_0.29.2-1 po-debconf_1.0.21+nmu1 python3_3.9.2-3 python3-distutils_3.9.7-1 python3-lib2to3_3.9.7-1 python3-minimal_3.9.2-3 python3.9_3.9.7-4 python3.9-minimal_3.9.7-4 qt5-qmake_5.15.2+dfsg-12 qt5-qmake-bin_5.15.2+dfsg-12 qtchooser_66-2 readline-common_8.1-2 rpcsvc-proto_1.4.2-4 sbuild-build-depends-main-dummy_0.invalid.0 sed_4.8-1 sensible-utils_0.0.17 sysvinit-utils_3.00-1 tar_1.34+dfsg-1 tex-common_6.17 texinfo_6.8-3 tzdata_2021e-1 ucf_3.0043 util-linux_2.37.2-4 uuid-dev_2.37.2-4 xz-utils_5.2.5-2 zlib1g_1:1.2.11.dfsg-2 zlib1g-dev_1:1.2.11.dfsg-2

+------------------------------------------------------------------------------+
| Build                                                                        |
+------------------------------------------------------------------------------+


Unpack source
-------------

-----BEGIN PGP SIGNED MESSAGE-----
Hash: SHA512

Format: 3.0 (quilt)
Source: g-wrap
Binary: g-wrap, libgwrap-runtime-dev, libgwrap-runtime2, guile-g-wrap
Architecture: any all
Version: 1.9.15-3.1
Maintainer: Tommi Hynlnmaa <tommi.hoynalanmaa@iki.fi>
Homepage: http://www.nongnu.org/g-wrap/
Standards-Version: 4.2.1
Vcs-Browser: https://salsa.debian.org/tohoyn-guest/g-wrap
Vcs-Git: https://salsa.debian.org/tohoyn-guest/g-wrap.git
Build-Depends: debhelper (>= 10), cdbs, texinfo, guile-2.2-dev (>= 2.0.5), guile-library (>= 0.2.6.1), libglib2.0-dev, libffi-dev
Package-List:
 g-wrap deb lisp optional arch=all
 guile-g-wrap deb lisp optional arch=any
 libgwrap-runtime-dev deb libdevel optional arch=any
 libgwrap-runtime2 deb libs optional arch=any
Checksums-Sha1:
 f15b30b8a1a9da32b69bac3f2f32f15875fb76a6 701601 g-wrap_1.9.15.orig.tar.gz
 f964d2045b7fe8b01c2d7a6d0c7c7378e62764a8 310 g-wrap_1.9.15.orig.tar.gz.asc
 e9c8bce8a777c61b92bc8bbc10374aea408f3452 10392 g-wrap_1.9.15-3.1.debian.tar.xz
Checksums-Sha256:
 0ff6e2700e74b457323726f7c2551a466d8ba44339705f6792d7b533145c602a 701601 g-wrap_1.9.15.orig.tar.gz
 468a755d3585e9e5d34724fc40f5fef55f941c2a6b25816aba11fd93067e54cd 310 g-wrap_1.9.15.orig.tar.gz.asc
 6ceeaad3dea91a462bf5362a8f2bb90c6b539e5c17b6436e0ed9202709a2c5a5 10392 g-wrap_1.9.15-3.1.debian.tar.xz
Files:
 037d465a28782636a995cf0179f1d7ff 701601 g-wrap_1.9.15.orig.tar.gz
 4f1997fb5594b98b08ca1ef7dc99ee9f 310 g-wrap_1.9.15.orig.tar.gz.asc
 eeafcdf5ec425ca206a7fd96ca3c5030 10392 g-wrap_1.9.15-3.1.debian.tar.xz

-----BEGIN PGP SIGNATURE-----

iQIzBAEBCgAdFiEEuL9UE3sJ01zwJv6dCRq4VgaaqhwFAl/wlfQACgkQCRq4Vgaa
qhx7vg/+NSQ0tp08bu2i8GR5n/OKTx372U0WbFswEhky5aAPaupJwguoBJmsxwn+
yxVvBZuC5ezjevprLDS3A4kYqzrruI8S7Bv/3s8F8QTPBgO9jwWFNpo7RRKhUs/8
q2ZefPsm+FnrCohcpaymfL9NeLDL04psvzYXkd2f2LQmMayxe8KLJgIPn16GOdUf
kYkDFAqxo7kAhWuAPGqPi3MxEUG+j8mCMV00/gWGBs5kZTgEW+9rqhQ9t8yDZjWp
x5yEb/UVhwqqc5d3XZ9Z28xU2NUFFk9MKYp7ll40TC9DSC5CZOg8lCFUlXjRhstf
rgLuKqgX+XPIzacDXiXIcra9jIreoT2KHjEhacPQy1R0+b4/Z9my7GE8A+pUfpmR
pGyeJpWYaGLJ9PwuR9CjGiMvsZnnr2WWCPErt8DQYIb44rSyN6yNhHrFJc9f9iIC
XAzdLt1nlMlkak++IshoJcdFwyT8n43FjWbGF+OGstkgQBCJ+NwaZ+NdjYN5qXz6
jkGm0q84rI9ngVmkODlmwtvJivtWYKIhjXiqUTa0vk4+9wcvCBziUmK9w3iuin5L
0E5wMgj7qwQxBvw47Yt/1EuVj5+fw8Y+JUIPrp+yYKHvzaeu1qFR27tdJv4bUrpm
HopY95h1GE3/nm1iEisbRtrXSg2MRdIW4M+TgIhO9lS1ZqGWqko=
=MNhp
-----END PGP SIGNATURE-----

gpgv: unknown type of key resource 'trustedkeys.kbx'
gpgv: keyblock resource '/tmp/dpkg-verify-sig.4xr4iGXP/trustedkeys.kbx': General error
gpgv: Signature made Sat Jan  2 15:49:08 2021 UTC
gpgv:                using RSA key B8BF54137B09D35CF026FE9D091AB856069AAA1C
gpgv: Can't check signature: No public key
dpkg-source: warning: failed to verify signature on ./g-wrap_1.9.15-3.1.dsc
dpkg-source: info: extracting g-wrap in /<<PKGBUILDDIR>>
dpkg-source: info: unpacking g-wrap_1.9.15.orig.tar.gz
dpkg-source: info: unpacking g-wrap_1.9.15-3.1.debian.tar.xz
dpkg-source: info: using patch list from debian/patches/series
dpkg-source: info: applying 001-correct-spelling-error-in-manpage.patch
dpkg-source: info: applying delete_aclocal_flags.patch

Check disk space
----------------

Sufficient free space for build

User Environment
----------------

APT_CONFIG=/var/lib/sbuild/apt.conf
HOME=/sbuild-nonexistent
LANG=C.UTF-8
LC_ALL=C.UTF-8
LOGNAME=user42
PATH=/usr/local/sbin:/usr/local/bin:/usr/sbin:/usr/bin:/sbin:/bin:/usr/games
SCHROOT_ALIAS_NAME=unstable
SCHROOT_CHROOT_NAME=sid-amd64-sbuild
SCHROOT_COMMAND=env
SCHROOT_GID=1001
SCHROOT_GROUP=user42
SCHROOT_SESSION_ID=sid-amd64-sbuild-6dfe94fe-0535-4dba-acf1-a8c74ef76c93
SCHROOT_UID=1001
SCHROOT_USER=user42
SHELL=/bin/sh
USER=user42

dpkg-buildpackage
-----------------

Command: dpkg-buildpackage -us -uc -b -rfakeroot
dpkg-buildpackage: info: source package g-wrap
dpkg-buildpackage: info: source version 1.9.15-3.1
dpkg-buildpackage: info: source distribution unstable
dpkg-buildpackage: info: source changed by Holger Levsen <holger@debian.org>
 dpkg-source --before-build .
dpkg-buildpackage: info: host architecture amd64
 fakeroot debian/rules clean
test -x debian/rules
rm -f debian/stamp-makefile-build debian/stamp-makefile-install
/usr/bin/make -C . -k distclean
make[1]: Entering directory '/<<PKGBUILDDIR>>'
make[1]: *** No rule to make target 'distclean'.
make[1]: Leaving directory '/<<PKGBUILDDIR>>'
make: [/usr/share/cdbs/1/class/makefile.mk:91: makefile-clean] Error 2 (ignored)
rm -f debian/stamp-makefile-check
rm -f debian/stamp-autotools
rmdir --ignore-fail-on-non-empty .
rmdir: failed to remove '.': Invalid argument
make: [/usr/share/cdbs/1/class/autotools.mk:64: makefile-clean] Error 1 (ignored)
set -e;      
if test -e debian/autoreconf.before; then \
	dh_autoreconf_clean ; \
fi
dh_clean 
	rm -f debian/debhelper-build-stamp
	rm -rf debian/.debhelper/
	rm -f -- debian/g-wrap.substvars debian/libgwrap-runtime-dev.substvars debian/libgwrap-runtime2.substvars debian/guile-g-wrap.substvars debian/files
	rm -fr -- debian/g-wrap/ debian/tmp/ debian/libgwrap-runtime-dev/ debian/libgwrap-runtime2/ debian/guile-g-wrap/
	find .  \( \( \
		\( -path .\*/.git -o -path .\*/.svn -o -path .\*/.bzr -o -path .\*/.hg -o -path .\*/CVS -o -path .\*/.pc -o -path .\*/_darcs \) -prune -o -type f -a \
	        \( -name '#*#' -o -name '.*~' -o -name '*~' -o -name DEADJOE \
		 -o -name '*.orig' -o -name '*.rej' -o -name '*.bak' \
		 -o -name '.*.orig' -o -name .*.rej -o -name '.SUMS' \
		 -o -name TAGS -o \( -path '*/.deps/*' -a -name '*.P' \) \
		\) -exec rm -f {} + \) -o \
		\( -type d -a -name autom4te.cache -prune -exec rm -rf {} + \) \)
rm -f debian/stamp-autotools-files
rm -f config.status config.log
 debian/rules build
test -x debian/rules
mkdir -p "."
CDBS WARNING:    DEB_DH_INSTALL_ARGS is deprecated since 0.4.85
set -e;   mv ./build-aux/config.guess ./build-aux/config.guess.cdbs-orig; cp --remove-destination /usr/share/misc/config.guess ./build-aux/config.guess;
set -e;   mv ./build-aux/config.sub ./build-aux/config.sub.cdbs-orig; cp --remove-destination /usr/share/misc/config.sub ./build-aux/config.sub;
dh_autoreconf 
	find ! -ipath "./debian/*" -a ! \( -path '*/.git/*' -o -path '*/.hg/*' -o -path '*/.bzr/*' -o -path '*/.svn/*' -o -path '*/CVS/*' \) -a  -type f -exec md5sum {} + -o -type l -printf "symlink  %p
" > debian/autoreconf.before
	grep -q ^XDT_ configure.ac
	autoreconf -f -i
libtoolize: putting auxiliary files in AC_CONFIG_AUX_DIR, 'build-aux'.
libtoolize: copying file 'build-aux/ltmain.sh'
libtoolize: putting macros in AC_CONFIG_MACRO_DIRS, 'm4'.
libtoolize: copying file 'm4/libtool.m4'
libtoolize: copying file 'm4/ltoptions.m4'
libtoolize: copying file 'm4/ltsugar.m4'
libtoolize: copying file 'm4/ltversion.m4'
libtoolize: copying file 'm4/lt~obsolete.m4'
configure.ac:42: warning: The macro `AC_GNU_SOURCE' is obsolete.
configure.ac:42: You should run autoupdate.
./lib/autoconf/specific.m4:312: AC_GNU_SOURCE is expanded from...
m4/gnulib-comp.m4:21: gl_EARLY is expanded from...
configure.ac:42: the top level
configure.ac:44: warning: The macro `AC_LIBTOOL_DLOPEN' is obsolete.
configure.ac:44: You should run autoupdate.
m4/ltoptions.m4:113: AC_LIBTOOL_DLOPEN is expanded from...
configure.ac:44: the top level
configure.ac:44: warning: AC_LIBTOOL_DLOPEN: Remove this warning and the call to _LT_SET_OPTION when you
configure.ac:44: put the 'dlopen' option into LT_INIT's first parameter.
./lib/autoconf/general.m4:2434: AC_DIAGNOSE is expanded from...
m4/ltoptions.m4:113: AC_LIBTOOL_DLOPEN is expanded from...
configure.ac:44: the top level
configure.ac:45: warning: The macro `AM_PROG_LIBTOOL' is obsolete.
configure.ac:45: You should run autoupdate.
m4/libtool.m4:100: AM_PROG_LIBTOOL is expanded from...
configure.ac:45: the top level
configure.ac:57: warning: The macro `AC_TRY_COMPILE' is obsolete.
configure.ac:57: You should run autoupdate.
./lib/autoconf/general.m4:2847: AC_TRY_COMPILE is expanded from...
lib/m4sugar/m4sh.m4:692: _AS_IF_ELSE is expanded from...
lib/m4sugar/m4sh.m4:699: AS_IF is expanded from...
./lib/autoconf/general.m4:2249: AC_CACHE_VAL is expanded from...
m4/size_max.m4:9: gl_SIZE_MAX is expanded from...
m4/gnulib-comp.m4:33: gl_INIT is expanded from...
configure.ac:57: the top level
configure.ac:57: warning: AC_CHECK_HEADERS($gl_header_list): you should use literals
./lib/autoconf/headers.m4:217: AC_CHECK_HEADERS is expanded from...
configure.ac:57: gl_CHECK_HEADER_stdint_h is expanded from...
./lib/autoconf/general.m4:191: AC_FOREACH is expanded from...
m4/onceonly_2_57.m4:34: AC_CHECK_HEADERS_ONCE is expanded from...
lib/m4sugar/m4sh.m4:692: _AS_IF_ELSE is expanded from...
lib/m4sugar/m4sh.m4:699: AS_IF is expanded from...
./lib/autoconf/general.m4:2249: AC_CACHE_VAL is expanded from...
./lib/autoconf/general.m4:2270: AC_CACHE_CHECK is expanded from...
./lib/autoconf/general.m4:191: AC_FOREACH is expanded from...
m4/absolute-header.m4:19: gl_ABSOLUTE_HEADER is expanded from...
m4/stdint.m4:10: gl_STDINT_H is expanded from...
m4/gnulib-comp.m4:33: gl_INIT is expanded from...
configure.ac:57: the top level
configure.ac:57: warning: The macro `AC_FOREACH' is obsolete.
configure.ac:57: You should run autoupdate.
./lib/autoconf/general.m4:191: AC_FOREACH is expanded from...
m4/onceonly_2_57.m4:34: AC_CHECK_HEADERS_ONCE is expanded from...
lib/m4sugar/m4sh.m4:692: _AS_IF_ELSE is expanded from...
lib/m4sugar/m4sh.m4:699: AS_IF is expanded from...
./lib/autoconf/general.m4:2249: AC_CACHE_VAL is expanded from...
./lib/autoconf/general.m4:2270: AC_CACHE_CHECK is expanded from...
./lib/autoconf/general.m4:191: AC_FOREACH is expanded from...
m4/absolute-header.m4:19: gl_ABSOLUTE_HEADER is expanded from...
m4/stdint.m4:10: gl_STDINT_H is expanded from...
m4/gnulib-comp.m4:33: gl_INIT is expanded from...
configure.ac:57: the top level
configure.ac:57: warning: The macro `AC_FOREACH' is obsolete.
configure.ac:57: You should run autoupdate.
./lib/autoconf/general.m4:191: AC_FOREACH is expanded from...
m4/absolute-header.m4:19: gl_ABSOLUTE_HEADER is expanded from...
m4/stdint.m4:10: gl_STDINT_H is expanded from...
m4/gnulib-comp.m4:33: gl_INIT is expanded from...
configure.ac:57: the top level
configure.ac:57: warning: The macro `AC_FOREACH' is obsolete.
configure.ac:57: You should run autoupdate.
./lib/autoconf/general.m4:191: AC_FOREACH is expanded from...
m4/stdint.m4:213: gl_STDINT_BITSIZEOF is expanded from...
m4/stdint.m4:348: gl_STDINT_TYPE_PROPERTIES is expanded from...
m4/stdint.m4:10: gl_STDINT_H is expanded from...
m4/gnulib-comp.m4:33: gl_INIT is expanded from...
configure.ac:57: the top level
configure.ac:57: warning: The macro `AC_FOREACH' is obsolete.
configure.ac:57: You should run autoupdate.
./lib/autoconf/general.m4:191: AC_FOREACH is expanded from...
m4/stdint.m4:251: gl_CHECK_TYPES_SIGNED is expanded from...
m4/stdint.m4:348: gl_STDINT_TYPE_PROPERTIES is expanded from...
m4/stdint.m4:10: gl_STDINT_H is expanded from...
m4/gnulib-comp.m4:33: gl_INIT is expanded from...
configure.ac:57: the top level
configure.ac:57: warning: The macro `AC_FOREACH' is obsolete.
configure.ac:57: You should run autoupdate.
./lib/autoconf/general.m4:191: AC_FOREACH is expanded from...
m4/stdint.m4:284: gl_INTEGER_TYPE_SUFFIX is expanded from...
m4/stdint.m4:348: gl_STDINT_TYPE_PROPERTIES is expanded from...
m4/stdint.m4:10: gl_STDINT_H is expanded from...
m4/gnulib-comp.m4:33: gl_INIT is expanded from...
configure.ac:57: the top level
configure.ac:57: warning: The macro `AC_FOREACH' is obsolete.
configure.ac:57: You should run autoupdate.
./lib/autoconf/general.m4:191: AC_FOREACH is expanded from...
m4/onceonly_2_57.m4:34: AC_CHECK_HEADERS_ONCE is expanded from...
lib/m4sugar/m4sh.m4:692: _AS_IF_ELSE is expanded from...
lib/m4sugar/m4sh.m4:699: AS_IF is expanded from...
./lib/autoconf/general.m4:2249: AC_CACHE_VAL is expanded from...
./lib/autoconf/general.m4:2270: AC_CACHE_CHECK is expanded from...
./lib/autoconf/general.m4:191: AC_FOREACH is expanded from...
m4/absolute-header.m4:19: gl_ABSOLUTE_HEADER is expanded from...
m4/stdio_h.m4:7: gl_STDIO_H is expanded from...
m4/gnulib-comp.m4:33: gl_INIT is expanded from...
configure.ac:57: the top level
configure.ac:57: warning: The macro `AC_FOREACH' is obsolete.
configure.ac:57: You should run autoupdate.
./lib/autoconf/general.m4:191: AC_FOREACH is expanded from...
m4/absolute-header.m4:19: gl_ABSOLUTE_HEADER is expanded from...
m4/stdio_h.m4:7: gl_STDIO_H is expanded from...
m4/gnulib-comp.m4:33: gl_INIT is expanded from...
configure.ac:57: the top level
configure.ac:57: warning: AC_CHECK_FUNCS($gl_func_list): you should use literals
./lib/autoconf/functions.m4:117: AC_CHECK_FUNCS is expanded from...
configure.ac:57: gl_CHECK_FUNC_vasnprintf is expanded from...
./lib/autoconf/general.m4:191: AC_FOREACH is expanded from...
m4/onceonly_2_57.m4:57: AC_CHECK_FUNCS_ONCE is expanded from...
m4/vasnprintf.m4:7: gl_FUNC_VASNPRINTF is expanded from...
m4/gnulib-comp.m4:33: gl_INIT is expanded from...
configure.ac:57: the top level
configure.ac:57: warning: The macro `AC_FOREACH' is obsolete.
configure.ac:57: You should run autoupdate.
./lib/autoconf/general.m4:191: AC_FOREACH is expanded from...
m4/onceonly_2_57.m4:57: AC_CHECK_FUNCS_ONCE is expanded from...
m4/vasnprintf.m4:7: gl_FUNC_VASNPRINTF is expanded from...
m4/gnulib-comp.m4:33: gl_INIT is expanded from...
configure.ac:57: the top level
configure.ac:57: warning: The macro `AC_FOREACH' is obsolete.
configure.ac:57: You should run autoupdate.
./lib/autoconf/general.m4:191: AC_FOREACH is expanded from...
m4/onceonly_2_57.m4:57: AC_CHECK_FUNCS_ONCE is expanded from...
m4/vasnprintf.m4:16: gl_REPLACE_VASNPRINTF is expanded from...
m4/vasnprintf.m4:7: gl_FUNC_VASNPRINTF is expanded from...
m4/gnulib-comp.m4:33: gl_INIT is expanded from...
configure.ac:57: the top level
configure.ac:57: warning: The macro `AC_TRY_COMPILE' is obsolete.
configure.ac:57: You should run autoupdate.
./lib/autoconf/general.m4:2847: AC_TRY_COMPILE is expanded from...
lib/m4sugar/m4sh.m4:692: _AS_IF_ELSE is expanded from...
lib/m4sugar/m4sh.m4:699: AS_IF is expanded from...
./lib/autoconf/general.m4:2249: AC_CACHE_VAL is expanded from...
./lib/autoconf/general.m4:2270: AC_CACHE_CHECK is expanded from...
m4/longdouble.m4:14: gt_TYPE_LONGDOUBLE is expanded from...
m4/vasnprintf.m4:34: gl_PREREQ_PRINTF_ARGS is expanded from...
m4/vasnprintf.m4:16: gl_REPLACE_VASNPRINTF is expanded from...
m4/vasnprintf.m4:7: gl_FUNC_VASNPRINTF is expanded from...
m4/gnulib-comp.m4:33: gl_INIT is expanded from...
configure.ac:57: the top level
configure.ac:57: warning: The macro `AC_TRY_COMPILE' is obsolete.
configure.ac:57: You should run autoupdate.
./lib/autoconf/general.m4:2847: AC_TRY_COMPILE is expanded from...
lib/m4sugar/m4sh.m4:692: _AS_IF_ELSE is expanded from...
lib/m4sugar/m4sh.m4:699: AS_IF is expanded from...
./lib/autoconf/general.m4:2249: AC_CACHE_VAL is expanded from...
./lib/autoconf/general.m4:2270: AC_CACHE_CHECK is expanded from...
m4/wchar_t.m4:11: gt_TYPE_WCHAR_T is expanded from...
m4/vasnprintf.m4:34: gl_PREREQ_PRINTF_ARGS is expanded from...
m4/vasnprintf.m4:16: gl_REPLACE_VASNPRINTF is expanded from...
m4/vasnprintf.m4:7: gl_FUNC_VASNPRINTF is expanded from...
m4/gnulib-comp.m4:33: gl_INIT is expanded from...
configure.ac:57: the top level
configure.ac:57: warning: The macro `AC_TRY_COMPILE' is obsolete.
configure.ac:57: You should run autoupdate.
./lib/autoconf/general.m4:2847: AC_TRY_COMPILE is expanded from...
lib/m4sugar/m4sh.m4:692: _AS_IF_ELSE is expanded from...
lib/m4sugar/m4sh.m4:699: AS_IF is expanded from...
./lib/autoconf/general.m4:2249: AC_CACHE_VAL is expanded from...
./lib/autoconf/general.m4:2270: AC_CACHE_CHECK is expanded from...
m4/wint_t.m4:11: gt_TYPE_WINT_T is expanded from...
m4/vasnprintf.m4:34: gl_PREREQ_PRINTF_ARGS is expanded from...
m4/vasnprintf.m4:16: gl_REPLACE_VASNPRINTF is expanded from...
m4/vasnprintf.m4:7: gl_FUNC_VASNPRINTF is expanded from...
m4/gnulib-comp.m4:33: gl_INIT is expanded from...
configure.ac:57: the top level
configure.ac:57: warning: The macro `AC_TRY_COMPILE' is obsolete.
configure.ac:57: You should run autoupdate.
./lib/autoconf/general.m4:2847: AC_TRY_COMPILE is expanded from...
lib/m4sugar/m4sh.m4:692: _AS_IF_ELSE is expanded from...
lib/m4sugar/m4sh.m4:699: AS_IF is expanded from...
./lib/autoconf/general.m4:2249: AC_CACHE_VAL is expanded from...
./lib/autoconf/general.m4:2270: AC_CACHE_CHECK is expanded from...
m4/inttypes_h.m4:12: gl_AC_HEADER_INTTYPES_H is expanded from...
m4/intmax_t.m4:35: gt_AC_TYPE_INTMAX_T is expanded from...
m4/vasnprintf.m4:43: gl_PREREQ_PRINTF_PARSE is expanded from...
m4/vasnprintf.m4:16: gl_REPLACE_VASNPRINTF is expanded from...
m4/vasnprintf.m4:7: gl_FUNC_VASNPRINTF is expanded from...
m4/gnulib-comp.m4:33: gl_INIT is expanded from...
configure.ac:57: the top level
configure.ac:57: warning: The macro `AC_TRY_COMPILE' is obsolete.
configure.ac:57: You should run autoupdate.
./lib/autoconf/general.m4:2847: AC_TRY_COMPILE is expanded from...
lib/m4sugar/m4sh.m4:692: _AS_IF_ELSE is expanded from...
lib/m4sugar/m4sh.m4:699: AS_IF is expanded from...
./lib/autoconf/general.m4:2249: AC_CACHE_VAL is expanded from...
./lib/autoconf/general.m4:2270: AC_CACHE_CHECK is expanded from...
m4/stdint_h.m4:12: gl_AC_HEADER_STDINT_H is expanded from...
m4/intmax_t.m4:35: gt_AC_TYPE_INTMAX_T is expanded from...
m4/vasnprintf.m4:43: gl_PREREQ_PRINTF_PARSE is expanded from...
m4/vasnprintf.m4:16: gl_REPLACE_VASNPRINTF is expanded from...
m4/vasnprintf.m4:7: gl_FUNC_VASNPRINTF is expanded from...
m4/gnulib-comp.m4:33: gl_INIT is expanded from...
configure.ac:57: the top level
configure.ac:57: warning: The macro `AC_TRY_COMPILE' is obsolete.
configure.ac:57: You should run autoupdate.
./lib/autoconf/general.m4:2847: AC_TRY_COMPILE is expanded from...
lib/m4sugar/m4sh.m4:692: _AS_IF_ELSE is expanded from...
lib/m4sugar/m4sh.m4:699: AS_IF is expanded from...
./lib/autoconf/general.m4:2249: AC_CACHE_VAL is expanded from...
./lib/autoconf/general.m4:2270: AC_CACHE_CHECK is expanded from...
m4/intmax_t.m4:35: gt_AC_TYPE_INTMAX_T is expanded from...
m4/vasnprintf.m4:43: gl_PREREQ_PRINTF_PARSE is expanded from...
m4/vasnprintf.m4:16: gl_REPLACE_VASNPRINTF is expanded from...
m4/vasnprintf.m4:7: gl_FUNC_VASNPRINTF is expanded from...
m4/gnulib-comp.m4:33: gl_INIT is expanded from...
configure.ac:57: the top level
configure.ac:57: warning: AC_LANG_CONFTEST: no AC_LANG_SOURCE call detected in body
./lib/autoconf/lang.m4:199: AC_LANG_CONFTEST is expanded from...
./lib/autoconf/general.m4:2823: _AC_COMPILE_IFELSE is expanded from...
./lib/autoconf/general.m4:2839: AC_COMPILE_IFELSE is expanded from...
lib/m4sugar/m4sh.m4:692: _AS_IF_ELSE is expanded from...
lib/m4sugar/m4sh.m4:699: AS_IF is expanded from...
./lib/autoconf/general.m4:2249: AC_CACHE_VAL is expanded from...
./lib/autoconf/general.m4:2270: AC_CACHE_CHECK is expanded from...
m4/wchar.m4:12: gl_WCHAR_H is expanded from...
m4/gnulib-comp.m4:33: gl_INIT is expanded from...
configure.ac:57: the top level
configure.ac:57: warning: The macro `AC_FOREACH' is obsolete.
configure.ac:57: You should run autoupdate.
./lib/autoconf/general.m4:191: AC_FOREACH is expanded from...
m4/onceonly_2_57.m4:34: AC_CHECK_HEADERS_ONCE is expanded from...
lib/m4sugar/m4sh.m4:692: _AS_IF_ELSE is expanded from...
lib/m4sugar/m4sh.m4:699: AS_IF is expanded from...
./lib/autoconf/general.m4:2249: AC_CACHE_VAL is expanded from...
./lib/autoconf/general.m4:2270: AC_CACHE_CHECK is expanded from...
./lib/autoconf/general.m4:191: AC_FOREACH is expanded from...
m4/absolute-header.m4:19: gl_ABSOLUTE_HEADER is expanded from...
m4/wchar.m4:12: gl_WCHAR_H is expanded from...
m4/gnulib-comp.m4:33: gl_INIT is expanded from...
configure.ac:57: the top level
configure.ac:57: warning: The macro `AC_FOREACH' is obsolete.
configure.ac:57: You should run autoupdate.
./lib/autoconf/general.m4:191: AC_FOREACH is expanded from...
m4/absolute-header.m4:19: gl_ABSOLUTE_HEADER is expanded from...
m4/wchar.m4:12: gl_WCHAR_H is expanded from...
m4/gnulib-comp.m4:33: gl_INIT is expanded from...
configure.ac:57: the top level
configure.ac:125: warning: The macro `AC_HELP_STRING' is obsolete.
configure.ac:125: You should run autoupdate.
./lib/autoconf/general.m4:204: AC_HELP_STRING is expanded from...
configure.ac:125: the top level
configure.ac:132: warning: AC_LANG_CONFTEST: no AC_LANG_SOURCE call detected in body
./lib/autoconf/lang.m4:199: AC_LANG_CONFTEST is expanded from...
./lib/autoconf/general.m4:2823: _AC_COMPILE_IFELSE is expanded from...
./lib/autoconf/general.m4:2839: AC_COMPILE_IFELSE is expanded from...
configure.ac:132: the top level
configure.ac:41: installing 'build-aux/compile'
configure.ac:12: installing 'build-aux/missing'
g-wrap/Makefile.am: installing 'build-aux/depcomp'
	find ! -ipath "./debian/*" -a ! \( -path '*/.git/*' -o -path '*/.hg/*' -o -path '*/.bzr/*' -o -path '*/.svn/*' -o -path '*/CVS/*' \) -a  -type f -exec md5sum {} + -o -type l -printf "symlink  %p
" > debian/autoreconf.after
touch debian/stamp-autotools-files
chmod a+x /<<PKGBUILDDIR>>/./configure
mkdir -p .
cd . && CFLAGS="-g -O2 -ffile-prefix-map=/<<PKGBUILDDIR>>=. -fstack-protector-strong -Wformat -Werror=format-security" CXXFLAGS="-g -O2 -ffile-prefix-map=/<<PKGBUILDDIR>>=. -fstack-protector-strong -Wformat -Werror=format-security" CPPFLAGS="-Wdate-time -D_FORTIFY_SOURCE=2" LDFLAGS="-Wl,-z,relro -Wl,-z,now" /<<PKGBUILDDIR>>/./configure --build=x86_64-linux-gnu --prefix=/usr --includedir="\${prefix}/include" --mandir="\${prefix}/share/man" --infodir="\${prefix}/share/info" --sysconfdir=/etc --localstatedir=/var --libexecdir="\${prefix}/lib/g-wrap" --srcdir=. --disable-maintainer-mode --disable-dependency-tracking --disable-silent-rules --disable-Werror GUILE=/usr/bin/guile-2.2 --libdir="\${prefix}/lib/x86_64-linux-gnu"
checking for a BSD-compatible install... /usr/bin/install -c
checking whether build environment is sane... yes
checking for a race-free mkdir -p... /bin/mkdir -p
checking for gawk... no
checking for mawk... mawk
checking whether make sets $(MAKE)... yes
checking whether make supports nested variables... yes
checking whether to enable maintainer-specific portions of Makefiles... no
checking whether make supports nested variables... (cached) yes
checking for gcc... gcc
checking whether the C compiler works... yes
checking for C compiler default output file name... a.out
checking for suffix of executables... 
checking whether we are cross compiling... no
checking for suffix of object files... o
checking whether the compiler supports GNU C... yes
checking whether gcc accepts -g... yes
checking for gcc option to enable C11 features... none needed
checking whether gcc understands -c and -o together... yes
checking whether make supports the include directive... yes (GNU style)
checking dependency style of gcc... none
checking for ranlib... ranlib
checking for stdio.h... yes
checking for stdlib.h... yes
checking for string.h... yes
checking for inttypes.h... yes
checking for stdint.h... yes
checking for strings.h... yes
checking for sys/stat.h... yes
checking for sys/types.h... yes
checking for unistd.h... yes
checking for wchar.h... yes
checking for minix/config.h... no
checking whether it is safe to define __EXTENSIONS__... yes
checking whether _XOPEN_SOURCE should be defined... no
checking build system type... x86_64-pc-linux-gnu
checking host system type... x86_64-pc-linux-gnu
checking how to print strings... printf
checking for a sed that does not truncate output... /bin/sed
checking for grep that handles long lines and -e... /bin/grep
checking for egrep... /bin/grep -E
checking for fgrep... /bin/grep -F
checking for ld used by gcc... /usr/bin/ld
checking if the linker (/usr/bin/ld) is GNU ld... yes
checking for BSD- or MS-compatible name lister (nm)... /usr/bin/nm -B
checking the name lister (/usr/bin/nm -B) interface... BSD nm
checking whether ln -s works... yes
checking the maximum length of command line arguments... 1572864
checking how to convert x86_64-pc-linux-gnu file names to x86_64-pc-linux-gnu format... func_convert_file_noop
checking how to convert x86_64-pc-linux-gnu file names to toolchain format... func_convert_file_noop
checking for /usr/bin/ld option to reload object files... -r
checking for objdump... objdump
checking how to recognize dependent libraries... pass_all
checking for dlltool... no
checking how to associate runtime and link libraries... printf %s\n
checking for ar... ar
checking for archiver @FILE support... @
checking for strip... strip
checking for ranlib... (cached) ranlib
checking command to parse /usr/bin/nm -B output from gcc object... ok
checking for sysroot... no
checking for a working dd... /bin/dd
checking how to truncate binary pipes... /bin/dd bs=4096 count=1
checking for mt... no
checking if : is a manifest tool... no
checking for dlfcn.h... yes
checking for objdir... .libs
checking if gcc supports -fno-rtti -fno-exceptions... yes
checking for gcc option to produce PIC... -fPIC -DPIC
checking if gcc PIC flag -fPIC -DPIC works... yes
checking if gcc static flag -static works... yes
checking if gcc supports -c -o file.o... yes
checking if gcc supports -c -o file.o... (cached) yes
checking whether the gcc linker (/usr/bin/ld -m elf_x86_64) supports shared libraries... yes
checking whether -lc should be explicitly linked in... no
checking dynamic linker characteristics... GNU/Linux ld.so
checking how to hardcode library paths into programs... immediate
checking for shl_load... no
checking for shl_load in -ldld... no
checking for dlopen... no
checking for dlopen in -ldl... yes
checking whether a program can dlopen itself... yes
checking whether a statically linked program can dlopen itself... no
checking whether stripping libraries is possible... yes
checking if libtool supports shared libraries... yes
checking whether to build shared libraries... yes
checking whether to build static libraries... yes
checking size of long... 8
checking whether byte ordering is bigendian... no
checking how to run the C preprocessor... gcc -E
checking for size_t... yes
checking for working alloca.h... yes
checking for alloca... yes
checking for long long int... yes
checking for unsigned long long int... yes
checking for stdint.h... (cached) yes
checking for stdio.h... (cached) yes
checking for wchar.h... (cached) yes
checking for EOVERFLOW... yes
checking for vasnprintf... no
checking for long double... yes
checking for wchar_t... yes
checking for wint_t... yes
checking for inttypes.h... yes
checking for stdint.h... yes
checking for intmax_t... yes
checking for inline... inline
checking for alloca as a compiler built-in... yes
checking for stdint.h... (cached) yes
checking for SIZE_MAX... yes
checking absolute name of <stdint.h>... ///usr/lib/llvm-13/lib/clang/13.0.0/include/stdint.h
checking whether stdint.h conforms to C99... no
checking for sys/inttypes.h... no
checking for sys/bitypes.h... yes
checking for bit size of ptrdiff_t... 64
checking for bit size of sig_atomic_t... 32
checking for bit size of size_t... 64
checking for bit size of wchar_t... 32
checking for bit size of wint_t... 32
checking whether sig_atomic_t is signed... yes
checking whether wchar_t is signed... yes
checking whether wint_t is signed... no
checking for ptrdiff_t integer literal suffix... l
checking for sig_atomic_t integer literal suffix... 
checking for size_t integer literal suffix... ul
checking for wchar_t integer literal suffix... 
checking for wint_t integer literal suffix... u
checking absolute name of <stdio.h>... ///usr/include/stdio.h
checking for ptrdiff_t... yes
checking for snprintf... yes
checking for wcslen... yes
checking for vasprintf... yes
checking whether <wchar.h> is standalone... yes
checking for stdint.h... (cached) yes
checking for alloca as a compiler built-in... (cached) yes
checking for vasprintf... (cached) yes
checking for pkg-config... /usr/bin/pkg-config
checking pkg-config is at least version 0.9.0... yes
checking for libffi... yes
checking size of size_t... 8
checking size of ssize_t... 8
checking for pkg-config... (cached) /usr/bin/pkg-config
checking pkg-config is at least version 0.9.0... yes
configure: checking for guile 2.2
configure: found guile 2.2
checking for guile-2.2... /usr/bin/guile-2.2
checking for Guile version >= 2.2... 2.2.7
checking for guild-2.2... /usr/bin/guild-2.2
checking for guile-config-2.2... /usr/bin/guile-config-2.2
checking for ld... /usr/bin/ld -m elf_x86_64
checking if the linker (/usr/bin/ld -m elf_x86_64) is GNU ld... yes
checking for shared library run path origin... done
checking 32-bit host C ABI... no
checking for ELF binary format... yes
checking for the common suffixes of directories in the library search path... lib,lib,lib64
checking for guile-2.2... yes
checking for guile-2.2... /usr/bin/guile-2.2
configure: Using /usr/bin/guile-2.2
checking for glib-2.0... yes
configure: building GLib 2.0 support
checking whether gcc accepts -std=gnu99... yes
checking that generated files are newer than configure... done
configure: creating ./config.status
config.status: creating Makefile
config.status: creating lib/Makefile
config.status: creating g-wrap/Makefile
config.status: creating test/Makefile
config.status: creating guile/Makefile
config.status: creating guile/g-wrap-2.0-guile.pc
config.status: creating guile/g-wrap/Makefile
config.status: creating guile/g-wrap/gw/Makefile
config.status: creating guile/test/Makefile
config.status: creating guile/run-guile
config.status: creating guile/examples/Makefile
config.status: creating scheme48/Makefile
config.status: creating scheme48/g-wrap/Makefile
config.status: creating scheme48/g-wrap/gw/Makefile
config.status: creating scheme48/test/Makefile
config.status: creating doc/Makefile
config.status: creating g-wrap-config
config.status: creating config.h
config.status: creating g-wrap/ffi-support.h
config.status: g-wrap/ffi-support.h is unchanged
config.status: executing depfiles commands
config.status: executing libtool commands
config.status: executing run-guile-exec commands
touch debian/stamp-autotools
/usr/bin/make -C . 
make[1]: Entering directory '/<<PKGBUILDDIR>>'
/usr/bin/make  all-recursive
make[2]: Entering directory '/<<PKGBUILDDIR>>'
Making all in lib
make[3]: Entering directory '/<<PKGBUILDDIR>>/lib'
{ echo '/* DO NOT EDIT! GENERATED AUTOMATICALLY! */'; \
  cat ./alloca_.h; \
} > alloca.h-t
mv -f alloca.h-t alloca.h
rm -f stdint.h-t stdint.h
{ echo '/* DO NOT EDIT! GENERATED AUTOMATICALLY! */'; \
  sed -e 's/@''HAVE_STDINT_H''@/1/g' \
      -e 's|@''ABSOLUTE_STDINT_H''@|"///usr/lib/llvm-13/lib/clang/13.0.0/include/stdint.h"|g' \
      -e 's/@''HAVE_SYS_TYPES_H''@/1/g' \
      -e 's/@''HAVE_INTTYPES_H''@/1/g' \
      -e 's/@''HAVE_SYS_INTTYPES_H''@/0/g' \
      -e 's/@''HAVE_SYS_BITYPES_H''@/1/g' \
      -e 's/@''HAVE_LONG_LONG_INT''@/1/g' \
      -e 's/@''HAVE_UNSIGNED_LONG_LONG_INT''@/1/g' \
      -e 's/@''BITSIZEOF_PTRDIFF_T''@/64/g' \
      -e 's/@''PTRDIFF_T_SUFFIX''@/l/g' \
      -e 's/@''BITSIZEOF_SIG_ATOMIC_T''@/32/g' \
      -e 's/@''HAVE_SIGNED_SIG_ATOMIC_T''@/1/g' \
      -e 's/@''SIG_ATOMIC_T_SUFFIX''@//g' \
      -e 's/@''BITSIZEOF_SIZE_T''@/64/g' \
      -e 's/@''SIZE_T_SUFFIX''@/ul/g' \
      -e 's/@''BITSIZEOF_WCHAR_T''@/32/g' \
      -e 's/@''HAVE_SIGNED_WCHAR_T''@/1/g' \
      -e 's/@''WCHAR_T_SUFFIX''@//g' \
      -e 's/@''BITSIZEOF_WINT_T''@/32/g' \
      -e 's/@''HAVE_SIGNED_WINT_T''@/0/g' \
      -e 's/@''WINT_T_SUFFIX''@/u/g' \
      < ./stdint_.h; \
} > stdint.h-t
mv stdint.h-t stdint.h
rm -f stdio.h-t stdio.h
{ echo '/* DO NOT EDIT! GENERATED AUTOMATICALLY! */' && \
  sed -e 's|@''ABSOLUTE_STDIO_H''@|"///usr/include/stdio.h"|g' \
      -e 's|@''GNULIB_FPRINTF_POSIX''@|0|g' \
      -e 's|@''GNULIB_PRINTF_POSIX''@|0|g' \
      -e 's|@''GNULIB_SNPRINTF''@|0|g' \
      -e 's|@''GNULIB_SPRINTF_POSIX''@|0|g' \
      -e 's|@''GNULIB_VFPRINTF_POSIX''@|0|g' \
      -e 's|@''GNULIB_VPRINTF_POSIX''@|0|g' \
      -e 's|@''GNULIB_VSNPRINTF''@|0|g' \
      -e 's|@''GNULIB_VSPRINTF_POSIX''@|0|g' \
      -e 's|@''GNULIB_VASPRINTF''@|1|g' \
      -e 's|@''REPLACE_FPRINTF''@|0|g' \
      -e 's|@''REPLACE_VFPRINTF''@|0|g' \
      -e 's|@''REPLACE_PRINTF''@|0|g' \
      -e 's|@''REPLACE_VPRINTF''@|0|g' \
      -e 's|@''REPLACE_SNPRINTF''@|0|g' \
      -e 's|@''HAVE_DECL_SNPRINTF''@|1|g' \
      -e 's|@''REPLACE_VSNPRINTF''@|0|g' \
      -e 's|@''HAVE_DECL_VSNPRINTF''@|1|g' \
      -e 's|@''REPLACE_SPRINTF''@|0|g' \
      -e 's|@''REPLACE_VSPRINTF''@|0|g' \
      -e 's|@''HAVE_VASPRINTF''@|1|g' \
      -e 's|@''REPLACE_VASPRINTF''@|0|g' \
      -e '/definition of GL_LINK_WARNING/r .././link-warning.h' \
      < ./stdio_.h; \
} > stdio.h-t
mv stdio.h-t stdio.h
/usr/bin/make  all-am
make[4]: Entering directory '/<<PKGBUILDDIR>>/lib'
/bin/bash ../libtool  --tag=CC   --mode=compile gcc -DHAVE_CONFIG_H -I. -I.. -I../g-wrap   -Wdate-time -D_FORTIFY_SOURCE=2  -g -O2 -ffile-prefix-map=/<<PKGBUILDDIR>>=. -fstack-protector-strong -Wformat -Werror=format-security -Wall -Wmissing-prototypes -std=gnu99 -c -o dummy.lo dummy.c
libtool: compile:  gcc -DHAVE_CONFIG_H -I. -I.. -I../g-wrap -Wdate-time -D_FORTIFY_SOURCE=2 -g -O2 -ffile-prefix-map=/<<PKGBUILDDIR>>=. -fstack-protector-strong -Wformat -Werror=format-security -Wall -Wmissing-prototypes -std=gnu99 -c dummy.c  -fPIC -DPIC -o .libs/dummy.o
libtool: compile:  gcc -DHAVE_CONFIG_H -I. -I.. -I../g-wrap -Wdate-time -D_FORTIFY_SOURCE=2 -g -O2 -ffile-prefix-map=/<<PKGBUILDDIR>>=. -fstack-protector-strong -Wformat -Werror=format-security -Wall -Wmissing-prototypes -std=gnu99 -c dummy.c -o dummy.o >/dev/null 2>&1
/bin/bash ../libtool  --tag=CC   --mode=compile gcc -DHAVE_CONFIG_H -I. -I.. -I../g-wrap   -Wdate-time -D_FORTIFY_SOURCE=2  -g -O2 -ffile-prefix-map=/<<PKGBUILDDIR>>=. -fstack-protector-strong -Wformat -Werror=format-security -Wall -Wmissing-prototypes -std=gnu99 -c -o asnprintf.lo asnprintf.c
libtool: compile:  gcc -DHAVE_CONFIG_H -I. -I.. -I../g-wrap -Wdate-time -D_FORTIFY_SOURCE=2 -g -O2 -ffile-prefix-map=/<<PKGBUILDDIR>>=. -fstack-protector-strong -Wformat -Werror=format-security -Wall -Wmissing-prototypes -std=gnu99 -c asnprintf.c  -fPIC -DPIC -o .libs/asnprintf.o
libtool: compile:  gcc -DHAVE_CONFIG_H -I. -I.. -I../g-wrap -Wdate-time -D_FORTIFY_SOURCE=2 -g -O2 -ffile-prefix-map=/<<PKGBUILDDIR>>=. -fstack-protector-strong -Wformat -Werror=format-security -Wall -Wmissing-prototypes -std=gnu99 -c asnprintf.c -o asnprintf.o >/dev/null 2>&1
/bin/bash ../libtool  --tag=CC   --mode=compile gcc -DHAVE_CONFIG_H -I. -I.. -I../g-wrap   -Wdate-time -D_FORTIFY_SOURCE=2  -g -O2 -ffile-prefix-map=/<<PKGBUILDDIR>>=. -fstack-protector-strong -Wformat -Werror=format-security -Wall -Wmissing-prototypes -std=gnu99 -c -o printf-args.lo printf-args.c
libtool: compile:  gcc -DHAVE_CONFIG_H -I. -I.. -I../g-wrap -Wdate-time -D_FORTIFY_SOURCE=2 -g -O2 -ffile-prefix-map=/<<PKGBUILDDIR>>=. -fstack-protector-strong -Wformat -Werror=format-security -Wall -Wmissing-prototypes -std=gnu99 -c printf-args.c  -fPIC -DPIC -o .libs/printf-args.o
libtool: compile:  gcc -DHAVE_CONFIG_H -I. -I.. -I../g-wrap -Wdate-time -D_FORTIFY_SOURCE=2 -g -O2 -ffile-prefix-map=/<<PKGBUILDDIR>>=. -fstack-protector-strong -Wformat -Werror=format-security -Wall -Wmissing-prototypes -std=gnu99 -c printf-args.c -o printf-args.o >/dev/null 2>&1
/bin/bash ../libtool  --tag=CC   --mode=compile gcc -DHAVE_CONFIG_H -I. -I.. -I../g-wrap   -Wdate-time -D_FORTIFY_SOURCE=2  -g -O2 -ffile-prefix-map=/<<PKGBUILDDIR>>=. -fstack-protector-strong -Wformat -Werror=format-security -Wall -Wmissing-prototypes -std=gnu99 -c -o printf-parse.lo printf-parse.c
libtool: compile:  gcc -DHAVE_CONFIG_H -I. -I.. -I../g-wrap -Wdate-time -D_FORTIFY_SOURCE=2 -g -O2 -ffile-prefix-map=/<<PKGBUILDDIR>>=. -fstack-protector-strong -Wformat -Werror=format-security -Wall -Wmissing-prototypes -std=gnu99 -c printf-parse.c  -fPIC -DPIC -o .libs/printf-parse.o
In file included from printf-parse.c:39:
In file included from ./stdint.h:47:
///usr/lib/llvm-13/lib/clang/13.0.0/include/stdint.h:20:24: warning: #include_next in file found relative to primary source file or found by absolute path; will search from start of include path [-Winclude-next-absolute-path]
#if __STDC_HOSTED__ && __has_include_next(<stdint.h>)
                       ^
///usr/lib/llvm-13/lib/clang/13.0.0/include/stdint.h:52:3: warning: #include_next in file found relative to primary source file or found by absolute path; will search from start of include path [-Winclude-next-absolute-path]
# include_next <stdint.h>
  ^
In file included from printf-parse.c:39:
In file included from ./stdint.h:68:
In file included from /usr/lib/llvm-13/lib/clang/13.0.0/include/inttypes.h:21:
/usr/include/inttypes.h:290:8: error: unknown type name 'intmax_t'; did you mean '__intmax_t'?
extern intmax_t imaxabs (intmax_t __n) __THROW __attribute__ ((__const__));
       ^
/usr/include/x86_64-linux-gnu/bits/types.h:72:18: note: '__intmax_t' declared here
typedef long int __intmax_t;
                 ^
In file included from printf-parse.c:39:
In file included from ./stdint.h:68:
In file included from /usr/lib/llvm-13/lib/clang/13.0.0/include/inttypes.h:21:
/usr/include/inttypes.h:290:26: error: unknown type name 'intmax_t'; did you mean '__intmax_t'?
extern intmax_t imaxabs (intmax_t __n) __THROW __attribute__ ((__const__));
                         ^
/usr/include/x86_64-linux-gnu/bits/types.h:72:18: note: '__intmax_t' declared here
typedef long int __intmax_t;
                 ^
In file included from printf-parse.c:39:
In file included from ./stdint.h:68:
In file included from /usr/lib/llvm-13/lib/clang/13.0.0/include/inttypes.h:21:
/usr/include/inttypes.h:293:27: error: unknown type name 'intmax_t'; did you mean '__intmax_t'?
extern imaxdiv_t imaxdiv (intmax_t __numer, intmax_t __denom)
                          ^
/usr/include/x86_64-linux-gnu/bits/types.h:72:18: note: '__intmax_t' declared here
typedef long int __intmax_t;
                 ^
In file included from printf-parse.c:39:
In file included from ./stdint.h:68:
In file included from /usr/lib/llvm-13/lib/clang/13.0.0/include/inttypes.h:21:
/usr/include/inttypes.h:293:45: error: unknown type name 'intmax_t'; did you mean '__intmax_t'?
extern imaxdiv_t imaxdiv (intmax_t __numer, intmax_t __denom)
                                            ^
/usr/include/x86_64-linux-gnu/bits/types.h:72:18: note: '__intmax_t' declared here
typedef long int __intmax_t;
                 ^
In file included from printf-parse.c:39:
In file included from ./stdint.h:68:
In file included from /usr/lib/llvm-13/lib/clang/13.0.0/include/inttypes.h:21:
/usr/include/inttypes.h:297:8: error: unknown type name 'intmax_t'; did you mean '__intmax_t'?
extern intmax_t strtoimax (const char *__restrict __nptr,
       ^
/usr/include/x86_64-linux-gnu/bits/types.h:72:18: note: '__intmax_t' declared here
typedef long int __intmax_t;
                 ^
In file included from printf-parse.c:39:
In file included from ./stdint.h:68:
In file included from /usr/lib/llvm-13/lib/clang/13.0.0/include/inttypes.h:21:
/usr/include/inttypes.h:301:8: error: unknown type name 'uintmax_t'
extern uintmax_t strtoumax (const char *__restrict __nptr,
       ^
/usr/include/inttypes.h:305:8: error: unknown type name 'intmax_t'; did you mean '__intmax_t'?
extern intmax_t wcstoimax (const __gwchar_t *__restrict __nptr,
       ^
/usr/include/x86_64-linux-gnu/bits/types.h:72:18: note: '__intmax_t' declared here
typedef long int __intmax_t;
                 ^
In file included from printf-parse.c:39:
In file included from ./stdint.h:68:
In file included from /usr/lib/llvm-13/lib/clang/13.0.0/include/inttypes.h:21:
/usr/include/inttypes.h:310:8: error: unknown type name 'uintmax_t'
extern uintmax_t wcstoumax (const __gwchar_t *__restrict __nptr,
       ^
/usr/include/inttypes.h:323:17: error: unknown type name 'intmax_t'; did you mean '__intmax_t'?
__extern_inline intmax_t
                ^
/usr/include/x86_64-linux-gnu/bits/types.h:72:18: note: '__intmax_t' declared here
typedef long int __intmax_t;
                 ^
In file included from printf-parse.c:39:
In file included from ./stdint.h:68:
In file included from /usr/lib/llvm-13/lib/clang/13.0.0/include/inttypes.h:21:
/usr/include/inttypes.h:335:17: error: unknown type name 'uintmax_t'
__extern_inline uintmax_t
                ^
/usr/include/inttypes.h:347:17: error: unknown type name 'intmax_t'; did you mean '__intmax_t'?
__extern_inline intmax_t
                ^
/usr/include/x86_64-linux-gnu/bits/types.h:72:18: note: '__intmax_t' declared here
typedef long int __intmax_t;
                 ^
In file included from printf-parse.c:39:
In file included from ./stdint.h:68:
In file included from /usr/lib/llvm-13/lib/clang/13.0.0/include/inttypes.h:21:
/usr/include/inttypes.h:361:17: error: unknown type name 'uintmax_t'
__extern_inline uintmax_t
                ^
2 warnings and 12 errors generated.
make[4]: *** [Makefile:517: printf-parse.lo] Error 1
make[4]: Leaving directory '/<<PKGBUILDDIR>>/lib'
make[3]: *** [Makefile:427: all] Error 2
make[3]: Leaving directory '/<<PKGBUILDDIR>>/lib'
make[2]: *** [Makefile:678: all-recursive] Error 1
make[2]: Leaving directory '/<<PKGBUILDDIR>>'
make[1]: *** [Makefile:484: all] Error 2
make[1]: Leaving directory '/<<PKGBUILDDIR>>'
make: *** [/usr/share/cdbs/1/class/makefile.mk:77: debian/stamp-makefile-build] Error 2
dpkg-buildpackage: error: debian/rules build subprocess returned exit status 2
--------------------------------------------------------------------------------
Build finished at 2021-10-26T22:59:35Z

Finished
--------


+------------------------------------------------------------------------------+
| Cleanup                                                                      |
+------------------------------------------------------------------------------+

Purging /<<BUILDDIR>>
Not cleaning session: cloned chroot in use
E: Build failure (dpkg-buildpackage died)

+------------------------------------------------------------------------------+
| Summary                                                                      |
+------------------------------------------------------------------------------+

Build Architecture: amd64
Build Type: binary
Build-Space: 7396
Build-Time: 13
Distribution: unstable
Fail-Stage: build
Host Architecture: amd64
Install-Time: 13
Job: g-wrap_1.9.15-3.1
Machine Architecture: amd64
Package: g-wrap
Package-Time: 48
Source-Version: 1.9.15-3.1
Space: 7396
Status: attempted
Version: 1.9.15-3.1
--------------------------------------------------------------------------------
Finished at 2021-10-26T22:59:35Z
Build needed 00:00:48, 7396k disk space
E: Build failure (dpkg-buildpackage died)
DC-Status: Failed 49.07525616s
