DC-Build-Header: gnustep-base 1.27.0-4 / 2021-10-26 21:44:22 +0000
DC-Task: type:rebuild-binarch-only source:gnustep-base version:1.27.0-4 chroot:unstable esttime:311 logfile:/tmp/gnustep-base_1.27.0-4_unstable_clang13.log modes:clang13:binarch-only
DC-Sbuild-call: su user42 -c 'sbuild -n --arch-any --apt-update -d unstable -v --no-run-lintian --chroot-setup-commands=/tmp/clang13 gnustep-base_1.27.0-4'
sbuild (Debian sbuild) 0.78.1 (09 February 2019) on ip-172-31-14-214.eu-central-1.compute.internal

+==============================================================================+
| gnustep-base 1.27.0-4 (amd64)                Tue, 26 Oct 2021 21:44:22 +0000 |
+==============================================================================+

Package: gnustep-base
Version: 1.27.0-4
Source Version: 1.27.0-4
Distribution: unstable
Machine Architecture: amd64
Host Architecture: amd64
Build Architecture: amd64
Build Type: binary

I: NOTICE: Log filtering will replace 'var/run/schroot/mount/sid-amd64-sbuild-d59b5a08-1e26-48f3-a2c4-3aae07d9a28f' with '<<CHROOT>>'

+------------------------------------------------------------------------------+
| Chroot Setup Commands                                                        |
+------------------------------------------------------------------------------+


/tmp/clang13
------------

+ echo 'Entering customization script...'
Entering customization script...
+ CLANG_VERSION=13
+ echo 'Install of clang-13'
Install of clang-13
+ apt-get update
Get:1 http://127.0.0.1:12990/debian sid InRelease [165 kB]
Get:2 http://127.0.0.1:12990/debian sid/main Sources.diff/Index [63.6 kB]
Get:3 http://127.0.0.1:12990/debian sid/main amd64 Packages.diff/Index [63.6 kB]
Get:4 http://127.0.0.1:12990/debian sid/main Sources T-2021-10-26-2004.40-F-2021-10-26-0202.15.pdiff [47.3 kB]
Get:4 http://127.0.0.1:12990/debian sid/main Sources T-2021-10-26-2004.40-F-2021-10-26-0202.15.pdiff [47.3 kB]
Get:5 http://127.0.0.1:12990/debian sid/main amd64 Packages T-2021-10-26-2004.40-F-2021-10-26-0202.15.pdiff [55.9 kB]
Get:5 http://127.0.0.1:12990/debian sid/main amd64 Packages T-2021-10-26-2004.40-F-2021-10-26-0202.15.pdiff [55.9 kB]
Get:6 http://127.0.0.1:12990/debian sid/main Translation-en [6586 kB]
Fetched 6981 kB in 3s (2589 kB/s)
Reading package lists...
+ apt-get install --yes --no-install-recommends --force-yes clang-13 libomp-13-dev libobjc-9-dev
Reading package lists...
Building dependency tree...
The following additional packages will be installed:
  lib32gcc-s1 lib32stdc++6 libasan5 libbsd0 libc6-i386 libclang-common-13-dev
  libclang-cpp13 libclang1-13 libedit2 libgc1 libgcc-9-dev libicu67 libllvm13
  libmd0 libobjc-11-dev libobjc4 libomp5-13 libxml2 libz3-4
Suggested packages:
  clang-13-doc libomp-13-doc
Recommended packages:
  llvm-13-dev python3
The following NEW packages will be installed:
  clang-13 lib32gcc-s1 lib32stdc++6 libasan5 libbsd0 libc6-i386
  libclang-common-13-dev libclang-cpp13 libclang1-13 libedit2 libgc1
  libgcc-9-dev libicu67 libllvm13 libmd0 libobjc-11-dev libobjc-9-dev libobjc4
  libomp-13-dev libomp5-13 libxml2 libz3-4
0 upgraded, 22 newly installed, 0 to remove and 0 not upgraded.
Need to get 68.5 MB of archives.
After this operation, 379 MB of additional disk space will be used.
Get:1 http://127.0.0.1:12990/debian sid/main amd64 libmd0 amd64 1.0.4-1 [29.6 kB]
Get:2 http://127.0.0.1:12990/debian sid/main amd64 libbsd0 amd64 0.11.3-1 [108 kB]
Get:3 http://127.0.0.1:12990/debian sid/main amd64 libedit2 amd64 3.1-20210910-1 [97.5 kB]
Get:4 http://127.0.0.1:12990/debian sid/main amd64 libicu67 amd64 67.1-7 [8622 kB]
Get:5 http://127.0.0.1:12990/debian sid/main amd64 libxml2 amd64 2.9.12+dfsg-5 [696 kB]
Get:6 http://127.0.0.1:12990/debian sid/main amd64 libz3-4 amd64 4.8.12-1+b1 [6997 kB]
Get:7 http://127.0.0.1:12990/debian sid/main amd64 libllvm13 amd64 1:13.0.0-8 [19.7 MB]
Get:8 http://127.0.0.1:12990/debian sid/main amd64 libclang-cpp13 amd64 1:13.0.0-8 [10.5 MB]
Get:9 http://127.0.0.1:12990/debian sid/main amd64 libgc1 amd64 1:8.0.4-3 [239 kB]
Get:10 http://127.0.0.1:12990/debian sid/main amd64 libobjc4 amd64 11.2.0-10 [43.2 kB]
Get:11 http://127.0.0.1:12990/debian sid/main amd64 libobjc-11-dev amd64 11.2.0-10 [170 kB]
Get:12 http://127.0.0.1:12990/debian sid/main amd64 libc6-i386 amd64 2.32-4 [2624 kB]
Get:13 http://127.0.0.1:12990/debian sid/main amd64 lib32gcc-s1 amd64 11.2.0-10 [49.9 kB]
Get:14 http://127.0.0.1:12990/debian sid/main amd64 lib32stdc++6 amd64 11.2.0-10 [601 kB]
Get:15 http://127.0.0.1:12990/debian sid/main amd64 libclang-common-13-dev amd64 1:13.0.0-8 [5730 kB]
Get:16 http://127.0.0.1:12990/debian sid/main amd64 libclang1-13 amd64 1:13.0.0-8 [6093 kB]
Get:17 http://127.0.0.1:12990/debian sid/main amd64 clang-13 amd64 1:13.0.0-8 [119 kB]
Get:18 http://127.0.0.1:12990/debian sid/main amd64 libasan5 amd64 9.4.0-3 [2734 kB]
Get:19 http://127.0.0.1:12990/debian sid/main amd64 libgcc-9-dev amd64 9.4.0-3 [2343 kB]
Get:20 http://127.0.0.1:12990/debian sid/main amd64 libobjc-9-dev amd64 9.4.0-3 [219 kB]
Get:21 http://127.0.0.1:12990/debian sid/main amd64 libomp5-13 amd64 1:13.0.0-8 [377 kB]
Get:22 http://127.0.0.1:12990/debian sid/main amd64 libomp-13-dev amd64 1:13.0.0-8 [482 kB]
debconf: delaying package configuration, since apt-utils is not installed
Fetched 68.5 MB in 0s (156 MB/s)
Selecting previously unselected package libmd0:amd64.
(Reading database ... (Reading database ... 5%(Reading database ... 10%(Reading database ... 15%(Reading database ... 20%(Reading database ... 25%(Reading database ... 30%(Reading database ... 35%(Reading database ... 40%(Reading database ... 45%(Reading database ... 50%(Reading database ... 55%(Reading database ... 60%(Reading database ... 65%(Reading database ... 70%(Reading database ... 75%(Reading database ... 80%(Reading database ... 85%(Reading database ... 90%(Reading database ... 95%(Reading database ... 100%(Reading database ... 12431 files and directories currently installed.)
Preparing to unpack .../00-libmd0_1.0.4-1_amd64.deb ...
Unpacking libmd0:amd64 (1.0.4-1) ...
Selecting previously unselected package libbsd0:amd64.
Preparing to unpack .../01-libbsd0_0.11.3-1_amd64.deb ...
Unpacking libbsd0:amd64 (0.11.3-1) ...
Selecting previously unselected package libedit2:amd64.
Preparing to unpack .../02-libedit2_3.1-20210910-1_amd64.deb ...
Unpacking libedit2:amd64 (3.1-20210910-1) ...
Selecting previously unselected package libicu67:amd64.
Preparing to unpack .../03-libicu67_67.1-7_amd64.deb ...
Unpacking libicu67:amd64 (67.1-7) ...
Selecting previously unselected package libxml2:amd64.
Preparing to unpack .../04-libxml2_2.9.12+dfsg-5_amd64.deb ...
Unpacking libxml2:amd64 (2.9.12+dfsg-5) ...
Selecting previously unselected package libz3-4:amd64.
Preparing to unpack .../05-libz3-4_4.8.12-1+b1_amd64.deb ...
Unpacking libz3-4:amd64 (4.8.12-1+b1) ...
Selecting previously unselected package libllvm13:amd64.
Preparing to unpack .../06-libllvm13_1%3a13.0.0-8_amd64.deb ...
Unpacking libllvm13:amd64 (1:13.0.0-8) ...
Selecting previously unselected package libclang-cpp13.
Preparing to unpack .../07-libclang-cpp13_1%3a13.0.0-8_amd64.deb ...
Unpacking libclang-cpp13 (1:13.0.0-8) ...
Selecting previously unselected package libgc1:amd64.
Preparing to unpack .../08-libgc1_1%3a8.0.4-3_amd64.deb ...
Unpacking libgc1:amd64 (1:8.0.4-3) ...
Selecting previously unselected package libobjc4:amd64.
Preparing to unpack .../09-libobjc4_11.2.0-10_amd64.deb ...
Unpacking libobjc4:amd64 (11.2.0-10) ...
Selecting previously unselected package libobjc-11-dev:amd64.
Preparing to unpack .../10-libobjc-11-dev_11.2.0-10_amd64.deb ...
Unpacking libobjc-11-dev:amd64 (11.2.0-10) ...
Selecting previously unselected package libc6-i386.
Preparing to unpack .../11-libc6-i386_2.32-4_amd64.deb ...
Unpacking libc6-i386 (2.32-4) ...
Selecting previously unselected package lib32gcc-s1.
Preparing to unpack .../12-lib32gcc-s1_11.2.0-10_amd64.deb ...
Unpacking lib32gcc-s1 (11.2.0-10) ...
Selecting previously unselected package lib32stdc++6.
Preparing to unpack .../13-lib32stdc++6_11.2.0-10_amd64.deb ...
Unpacking lib32stdc++6 (11.2.0-10) ...
Selecting previously unselected package libclang-common-13-dev.
Preparing to unpack .../14-libclang-common-13-dev_1%3a13.0.0-8_amd64.deb ...
Unpacking libclang-common-13-dev (1:13.0.0-8) ...
Selecting previously unselected package libclang1-13.
Preparing to unpack .../15-libclang1-13_1%3a13.0.0-8_amd64.deb ...
Unpacking libclang1-13 (1:13.0.0-8) ...
Selecting previously unselected package clang-13.
Preparing to unpack .../16-clang-13_1%3a13.0.0-8_amd64.deb ...
Unpacking clang-13 (1:13.0.0-8) ...
Selecting previously unselected package libasan5:amd64.
Preparing to unpack .../17-libasan5_9.4.0-3_amd64.deb ...
Unpacking libasan5:amd64 (9.4.0-3) ...
Selecting previously unselected package libgcc-9-dev:amd64.
Preparing to unpack .../18-libgcc-9-dev_9.4.0-3_amd64.deb ...
Unpacking libgcc-9-dev:amd64 (9.4.0-3) ...
Selecting previously unselected package libobjc-9-dev:amd64.
Preparing to unpack .../19-libobjc-9-dev_9.4.0-3_amd64.deb ...
Unpacking libobjc-9-dev:amd64 (9.4.0-3) ...
Selecting previously unselected package libomp5-13:amd64.
Preparing to unpack .../20-libomp5-13_1%3a13.0.0-8_amd64.deb ...
Unpacking libomp5-13:amd64 (1:13.0.0-8) ...
Selecting previously unselected package libomp-13-dev.
Preparing to unpack .../21-libomp-13-dev_1%3a13.0.0-8_amd64.deb ...
Unpacking libomp-13-dev (1:13.0.0-8) ...
Setting up libicu67:amd64 (67.1-7) ...
Setting up libasan5:amd64 (9.4.0-3) ...
Setting up libz3-4:amd64 (4.8.12-1+b1) ...
Setting up libgc1:amd64 (1:8.0.4-3) ...
Setting up libmd0:amd64 (1.0.4-1) ...
Setting up libc6-i386 (2.32-4) ...
Setting up libomp5-13:amd64 (1:13.0.0-8) ...
Setting up libbsd0:amd64 (0.11.3-1) ...
Setting up libxml2:amd64 (2.9.12+dfsg-5) ...
Setting up libedit2:amd64 (3.1-20210910-1) ...
Setting up libobjc4:amd64 (11.2.0-10) ...
Setting up libgcc-9-dev:amd64 (9.4.0-3) ...
Setting up lib32gcc-s1 (11.2.0-10) ...
Setting up lib32stdc++6 (11.2.0-10) ...
Setting up libllvm13:amd64 (1:13.0.0-8) ...
Setting up libobjc-9-dev:amd64 (9.4.0-3) ...
Setting up libclang-common-13-dev (1:13.0.0-8) ...
Setting up libomp-13-dev (1:13.0.0-8) ...
Setting up libobjc-11-dev:amd64 (11.2.0-10) ...
Setting up libclang1-13 (1:13.0.0-8) ...
Setting up libclang-cpp13 (1:13.0.0-8) ...
Setting up clang-13 (1:13.0.0-8) ...
Processing triggers for libc-bin (2.32-4) ...
W: --force-yes is deprecated, use one of the options starting with --allow instead.
+ echo 'Replace gcc, g++ & cpp by clang'
Replace gcc, g++ & cpp by clang
+ VERSIONS='4.6 4.7 4.8 4.9 5 6 7 8 9 10 11'
+ cd /usr/bin
+ for VERSION in $VERSIONS
+ rm -f g++-4.6 gcc-4.6 cpp-4.6 gcc
+ ln -s clang++-13 g++-4.6
+ ln -s clang-13 gcc-4.6
+ ln -s clang-13 cpp-4.6
+ ln -s clang-13 gcc
+ echo 'gcc-4.6 hold'
+ dpkg --set-selections
dpkg: warning: package not in status nor available database at line 1: gcc-4.6
dpkg: warning: found unknown packages; this might mean the available database
is outdated, and needs to be updated through a frontend method;
please see the FAQ <https://wiki.debian.org/Teams/Dpkg/FAQ>
+ echo 'g++-4.6 hold'
+ dpkg --set-selections
dpkg: warning: package not in status nor available database at line 1: g++-4.6
dpkg: warning: found unknown packages; this might mean the available database
is outdated, and needs to be updated through a frontend method;
please see the FAQ <https://wiki.debian.org/Teams/Dpkg/FAQ>
+ for VERSION in $VERSIONS
+ rm -f g++-4.7 gcc-4.7 cpp-4.7 gcc
+ ln -s clang++-13 g++-4.7
+ ln -s clang-13 gcc-4.7
+ ln -s clang-13 cpp-4.7
+ ln -s clang-13 gcc
+ echo 'gcc-4.7 hold'
+ dpkg --set-selections
dpkg: warning: package not in status nor available database at line 1: gcc-4.7
dpkg: warning: found unknown packages; this might mean the available database
is outdated, and needs to be updated through a frontend method;
please see the FAQ <https://wiki.debian.org/Teams/Dpkg/FAQ>
+ echo 'g++-4.7 hold'
+ dpkg --set-selections
dpkg: warning: package not in status nor available database at line 1: g++-4.7
dpkg: warning: found unknown packages; this might mean the available database
is outdated, and needs to be updated through a frontend method;
please see the FAQ <https://wiki.debian.org/Teams/Dpkg/FAQ>
+ for VERSION in $VERSIONS
+ rm -f g++-4.8 gcc-4.8 cpp-4.8 gcc
+ ln -s clang++-13 g++-4.8
+ ln -s clang-13 gcc-4.8
+ ln -s clang-13 cpp-4.8
+ ln -s clang-13 gcc
+ echo 'gcc-4.8 hold'
+ dpkg --set-selections
dpkg: warning: package not in status nor available database at line 1: gcc-4.8
dpkg: warning: found unknown packages; this might mean the available database
is outdated, and needs to be updated through a frontend method;
please see the FAQ <https://wiki.debian.org/Teams/Dpkg/FAQ>
+ echo 'g++-4.8 hold'
+ dpkg --set-selections
dpkg: warning: package not in status nor available database at line 1: g++-4.8
dpkg: warning: found unknown packages; this might mean the available database
is outdated, and needs to be updated through a frontend method;
please see the FAQ <https://wiki.debian.org/Teams/Dpkg/FAQ>
+ for VERSION in $VERSIONS
+ rm -f g++-4.9 gcc-4.9 cpp-4.9 gcc
+ ln -s clang++-13 g++-4.9
+ ln -s clang-13 gcc-4.9
+ ln -s clang-13 cpp-4.9
+ ln -s clang-13 gcc
+ echo 'gcc-4.9 hold'
+ dpkg --set-selections
dpkg: warning: package not in status nor available database at line 1: gcc-4.9
dpkg: warning: found unknown packages; this might mean the available database
is outdated, and needs to be updated through a frontend method;
please see the FAQ <https://wiki.debian.org/Teams/Dpkg/FAQ>
+ echo 'g++-4.9 hold'
+ dpkg --set-selections
dpkg: warning: package not in status nor available database at line 1: g++-4.9
dpkg: warning: found unknown packages; this might mean the available database
is outdated, and needs to be updated through a frontend method;
please see the FAQ <https://wiki.debian.org/Teams/Dpkg/FAQ>
+ for VERSION in $VERSIONS
+ rm -f g++-5 gcc-5 cpp-5 gcc
+ ln -s clang++-13 g++-5
+ ln -s clang-13 gcc-5
+ ln -s clang-13 cpp-5
+ ln -s clang-13 gcc
+ echo 'gcc-5 hold'
+ dpkg --set-selections
dpkg: warning: package not in status nor available database at line 1: gcc-5
dpkg: warning: found unknown packages; this might mean the available database
is outdated, and needs to be updated through a frontend method;
please see the FAQ <https://wiki.debian.org/Teams/Dpkg/FAQ>
+ echo 'g++-5 hold'
+ dpkg --set-selections
dpkg: warning: package not in status nor available database at line 1: g++-5
dpkg: warning: found unknown packages; this might mean the available database
is outdated, and needs to be updated through a frontend method;
please see the FAQ <https://wiki.debian.org/Teams/Dpkg/FAQ>
+ for VERSION in $VERSIONS
+ rm -f g++-6 gcc-6 cpp-6 gcc
+ ln -s clang++-13 g++-6
+ ln -s clang-13 gcc-6
+ ln -s clang-13 cpp-6
+ ln -s clang-13 gcc
+ echo 'gcc-6 hold'
+ dpkg --set-selections
dpkg: warning: package not in status nor available database at line 1: gcc-6
dpkg: warning: found unknown packages; this might mean the available database
is outdated, and needs to be updated through a frontend method;
please see the FAQ <https://wiki.debian.org/Teams/Dpkg/FAQ>
+ echo 'g++-6 hold'
+ dpkg --set-selections
dpkg: warning: package not in status nor available database at line 1: g++-6
dpkg: warning: found unknown packages; this might mean the available database
is outdated, and needs to be updated through a frontend method;
please see the FAQ <https://wiki.debian.org/Teams/Dpkg/FAQ>
+ for VERSION in $VERSIONS
+ rm -f g++-7 gcc-7 cpp-7 gcc
+ ln -s clang++-13 g++-7
+ ln -s clang-13 gcc-7
+ ln -s clang-13 cpp-7
+ ln -s clang-13 gcc
+ echo 'gcc-7 hold'
+ dpkg --set-selections
dpkg: warning: package not in status nor available database at line 1: gcc-7
dpkg: warning: found unknown packages; this might mean the available database
is outdated, and needs to be updated through a frontend method;
please see the FAQ <https://wiki.debian.org/Teams/Dpkg/FAQ>
+ echo 'g++-7 hold'
+ dpkg --set-selections
dpkg: warning: package not in status nor available database at line 1: g++-7
dpkg: warning: found unknown packages; this might mean the available database
is outdated, and needs to be updated through a frontend method;
please see the FAQ <https://wiki.debian.org/Teams/Dpkg/FAQ>
+ for VERSION in $VERSIONS
+ rm -f g++-8 gcc-8 cpp-8 gcc
+ ln -s clang++-13 g++-8
+ ln -s clang-13 gcc-8
+ ln -s clang-13 cpp-8
+ ln -s clang-13 gcc
+ echo 'gcc-8 hold'
+ dpkg --set-selections
dpkg: warning: package not in status nor available database at line 1: gcc-8
dpkg: warning: found unknown packages; this might mean the available database
is outdated, and needs to be updated through a frontend method;
please see the FAQ <https://wiki.debian.org/Teams/Dpkg/FAQ>
+ echo 'g++-8 hold'
+ dpkg --set-selections
dpkg: warning: package not in status nor available database at line 1: g++-8
dpkg: warning: found unknown packages; this might mean the available database
is outdated, and needs to be updated through a frontend method;
please see the FAQ <https://wiki.debian.org/Teams/Dpkg/FAQ>
+ for VERSION in $VERSIONS
+ rm -f g++-9 gcc-9 cpp-9 gcc
+ ln -s clang++-13 g++-9
+ ln -s clang-13 gcc-9
+ ln -s clang-13 cpp-9
+ ln -s clang-13 gcc
+ echo 'gcc-9 hold'
+ dpkg --set-selections
dpkg: warning: package not in status nor available database at line 1: gcc-9
dpkg: warning: found unknown packages; this might mean the available database
is outdated, and needs to be updated through a frontend method;
please see the FAQ <https://wiki.debian.org/Teams/Dpkg/FAQ>
+ echo 'g++-9 hold'
+ dpkg --set-selections
dpkg: warning: package not in status nor available database at line 1: g++-9
dpkg: warning: found unknown packages; this might mean the available database
is outdated, and needs to be updated through a frontend method;
please see the FAQ <https://wiki.debian.org/Teams/Dpkg/FAQ>
+ for VERSION in $VERSIONS
+ rm -f g++-10 gcc-10 cpp-10 gcc
+ ln -s clang++-13 g++-10
+ ln -s clang-13 gcc-10
+ ln -s clang-13 cpp-10
+ ln -s clang-13 gcc
+ echo 'gcc-10 hold'
+ dpkg --set-selections
dpkg: warning: package not in status nor available database at line 1: gcc-10
dpkg: warning: found unknown packages; this might mean the available database
is outdated, and needs to be updated through a frontend method;
please see the FAQ <https://wiki.debian.org/Teams/Dpkg/FAQ>
+ echo 'g++-10 hold'
+ dpkg --set-selections
dpkg: warning: package not in status nor available database at line 1: g++-10
dpkg: warning: found unknown packages; this might mean the available database
is outdated, and needs to be updated through a frontend method;
please see the FAQ <https://wiki.debian.org/Teams/Dpkg/FAQ>
+ for VERSION in $VERSIONS
+ rm -f g++-11 gcc-11 cpp-11 gcc
+ ln -s clang++-13 g++-11
+ ln -s clang-13 gcc-11
+ ln -s clang-13 cpp-11
+ ln -s clang-13 gcc
+ echo 'gcc-11 hold'
+ dpkg --set-selections
+ echo 'g++-11 hold'
+ dpkg --set-selections
+ cd -
/build/gnustep-base-YSCGrJ
+ echo 'Check if gcc, g++ & cpp are actually clang'
Check if gcc, g++ & cpp are actually clang
+ gcc --version
+ grep clang
+ cpp --version
+ grep clang
+ g++ --version
+ grep clang
+ cd /usr/bin/
+ rm -f clang++ clang
+ ln -s clang-13 clang++
+ ln -s clang-13 clang
+ clang++ --version
Debian clang version 13.0.0-8
Target: x86_64-pc-linux-gnu
Thread model: posix
InstalledDir: /usr/bin
+ clang --version
Debian clang version 13.0.0-8
Target: x86_64-pc-linux-gnu
Thread model: posix
InstalledDir: /usr/bin
+ cd -
/build/gnustep-base-YSCGrJ
+ apt install --yes --no-install-recommends --force-yes qt5-qmake

WARNING: apt does not have a stable CLI interface. Use with caution in scripts.

Reading package lists...
Building dependency tree...
Reading state information...
The following additional packages will be installed:
  qt5-qmake-bin qtchooser
The following NEW packages will be installed:
  qt5-qmake qt5-qmake-bin qtchooser
0 upgraded, 3 newly installed, 0 to remove and 0 not upgraded.
Need to get 1322 kB of archives.
After this operation, 4914 kB of additional disk space will be used.
Get:1 http://127.0.0.1:12990/debian sid/main amd64 qt5-qmake-bin amd64 5.15.2+dfsg-12 [1046 kB]
Get:2 http://127.0.0.1:12990/debian sid/main amd64 qtchooser amd64 66-2 [26.3 kB]
Get:3 http://127.0.0.1:12990/debian sid/main amd64 qt5-qmake amd64 5.15.2+dfsg-12 [249 kB]
debconf: delaying package configuration, since apt-utils is not installed
Fetched 1322 kB in 0s (57.2 MB/s)
Selecting previously unselected package qt5-qmake-bin.
(Reading database ... (Reading database ... 5%(Reading database ... 10%(Reading database ... 15%(Reading database ... 20%(Reading database ... 25%(Reading database ... 30%(Reading database ... 35%(Reading database ... 40%(Reading database ... 45%(Reading database ... 50%(Reading database ... 55%(Reading database ... 60%(Reading database ... 65%(Reading database ... 70%(Reading database ... 75%(Reading database ... 80%(Reading database ... 85%(Reading database ... 90%(Reading database ... 95%(Reading database ... 100%(Reading database ... 13528 files and directories currently installed.)
Preparing to unpack .../qt5-qmake-bin_5.15.2+dfsg-12_amd64.deb ...
Unpacking qt5-qmake-bin (5.15.2+dfsg-12) ...
Selecting previously unselected package qtchooser.
Preparing to unpack .../qtchooser_66-2_amd64.deb ...
Unpacking qtchooser (66-2) ...
Selecting previously unselected package qt5-qmake:amd64.
Preparing to unpack .../qt5-qmake_5.15.2+dfsg-12_amd64.deb ...
Unpacking qt5-qmake:amd64 (5.15.2+dfsg-12) ...
Setting up qt5-qmake-bin (5.15.2+dfsg-12) ...
Setting up qtchooser (66-2) ...
Setting up qt5-qmake:amd64 (5.15.2+dfsg-12) ...
W: --force-yes is deprecated, use one of the options starting with --allow instead.
+ cp /usr/lib/x86_64-linux-gnu/qt5/mkspecs/linux-clang/qmake.conf /usr/lib/x86_64-linux-gnu/qt5/mkspecs/linux-clang/qplatformdefs.h /usr/lib/x86_64-linux-gnu/qt5/mkspecs/linux-g++/
+ ls -al /usr/lib/x86_64-linux-gnu/qt5/mkspecs/linux-g++/
total 16
drwxr-xr-x  2 root root 4096 Oct 26 21:44 .
drwxr-xr-x 76 root root 4096 Oct 26 21:44 ..
-rw-r--r--  1 root root  276 Oct 26 21:44 qmake.conf
-rw-r--r--  1 root root 3218 Oct 26 21:44 qplatformdefs.h
+ cat /usr/lib/x86_64-linux-gnu/qt5/mkspecs/linux-g++/qmake.conf
#
# qmake configuration for linux-clang
#

MAKEFILE_GENERATOR = UNIX
CONFIG += incremental

QMAKE_INCREMENTAL_STYLE = sublib

include(../common/linux.conf)
include(../common/gcc-base-unix.conf)
include(../common/clang.conf)

QMAKE_LFLAGS += -ccc-gcc-name g++

load(qt_config)
+ export QMAKESPEC=/usr/lib/x86_64-linux-gnu/qt5/mkspecs/linux-clang/
+ QMAKESPEC=/usr/lib/x86_64-linux-gnu/qt5/mkspecs/linux-clang/
+ sed -i -e 's|compare_problem(2,|compare_problem(0,|g' /usr/bin/dpkg-gensymbols
+ sed -i -e 's|compare_problem(1,|compare_problem(0,|g' /usr/bin/dpkg-gensymbols
+ grep 'compare_problem(' /usr/bin/dpkg-gensymbols
        compare_problem(4, g_('new libraries appeared in the symbols file: %s'), "@libs");
        compare_problem(3, g_('some libraries disappeared in the symbols file: %s'), "@libs");
        compare_problem(0, g_('some new symbols appeared in the symbols file: %s'),
        compare_problem(0, g_('some symbols or patterns disappeared in the symbols file: %s'),

I: Finished running '/tmp/clang13'.

Finished processing commands.
--------------------------------------------------------------------------------
I: NOTICE: Log filtering will replace 'build/gnustep-base-YSCGrJ/resolver-0KoEq2' with '<<RESOLVERDIR>>'

+------------------------------------------------------------------------------+
| Update chroot                                                                |
+------------------------------------------------------------------------------+

Hit:1 http://127.0.0.1:12990/debian sid InRelease
Reading package lists...
Reading package lists...
Building dependency tree...
Reading state information...
Calculating upgrade...
0 upgraded, 0 newly installed, 0 to remove and 0 not upgraded.

+------------------------------------------------------------------------------+
| Fetch source files                                                           |
+------------------------------------------------------------------------------+


Check APT
---------

Checking available source versions...

Download source files with APT
------------------------------

Reading package lists...
NOTICE: 'gnustep-base' packaging is maintained in the 'Git' version control system at:
https://salsa.debian.org/gnustep-team/gnustep-base.git
Please use:
git clone https://salsa.debian.org/gnustep-team/gnustep-base.git
to retrieve the latest (possibly unreleased) updates to the package.
Need to get 4178 kB of source archives.
Get:1 http://127.0.0.1:12990/debian sid/main gnustep-base 1.27.0-4 (dsc) [2965 B]
Get:2 http://127.0.0.1:12990/debian sid/main gnustep-base 1.27.0-4 (tar) [4141 kB]
Get:3 http://127.0.0.1:12990/debian sid/main gnustep-base 1.27.0-4 (asc) [232 B]
Get:4 http://127.0.0.1:12990/debian sid/main gnustep-base 1.27.0-4 (diff) [33.2 kB]
Fetched 4178 kB in 0s (14.7 MB/s)
Download complete and in download only mode
I: NOTICE: Log filtering will replace 'build/gnustep-base-YSCGrJ/gnustep-base-1.27.0' with '<<PKGBUILDDIR>>'
I: NOTICE: Log filtering will replace 'build/gnustep-base-YSCGrJ' with '<<BUILDDIR>>'

+------------------------------------------------------------------------------+
| Install package build dependencies                                           |
+------------------------------------------------------------------------------+


Setup apt archive
-----------------

Merged Build-Depends: debhelper (>= 13~), gnustep-make (>= 2.7.0-4), gobjc, libffi-dev, libxml2-dev, libxslt1-dev, libgnutls28-dev, zlib1g-dev, m4, libavahi-client-dev, libicu-dev, dh-exec, tzdata, build-essential, fakeroot, texinfo, texlive-latex-base, texlive-fonts-recommended, xml-core
Merged Build-Conflicts: libgmp3-dev
Filtered Build-Depends: debhelper (>= 13~), gnustep-make (>= 2.7.0-4), gobjc, libffi-dev, libxml2-dev, libxslt1-dev, libgnutls28-dev, zlib1g-dev, m4, libavahi-client-dev, libicu-dev, dh-exec, tzdata, build-essential, fakeroot, texinfo, texlive-latex-base, texlive-fonts-recommended, xml-core
Filtered Build-Conflicts: libgmp3-dev
dpkg-deb: building package 'sbuild-build-depends-main-dummy' in '/<<RESOLVERDIR>>/apt_archive/sbuild-build-depends-main-dummy.deb'.
Ign:1 copy:/<<RESOLVERDIR>>/apt_archive ./ InRelease
Get:2 copy:/<<RESOLVERDIR>>/apt_archive ./ Release [957 B]
Ign:3 copy:/<<RESOLVERDIR>>/apt_archive ./ Release.gpg
Get:4 copy:/<<RESOLVERDIR>>/apt_archive ./ Sources [507 B]
Get:5 copy:/<<RESOLVERDIR>>/apt_archive ./ Packages [581 B]
Fetched 2045 B in 0s (203 kB/s)
Reading package lists...
Reading package lists...

Install main build dependencies (apt-based resolver)
----------------------------------------------------

Installing build dependencies
Reading package lists...
Building dependency tree...
Reading state information...
The following additional packages will be installed:
  autoconf automake autopoint autotools-dev bsdextrautils debhelper
  dh-autoreconf dh-exec dh-strip-nondeterminism dwz file fontconfig-config
  fonts-dejavu-core fonts-lmodern gettext gettext-base gnustep-common
  gnustep-make gobjc gobjc-11 groff-base icu-devtools intltool-debian
  libarchive-zip-perl libavahi-client-dev libavahi-client3
  libavahi-common-data libavahi-common-dev libavahi-common3 libbrotli1
  libcairo2 libdbus-1-3 libdbus-1-dev libdebhelper-perl libelf1 libevent-2.1-7
  libexpat1 libffi-dev libfile-stripnondeterminism-perl libfontconfig1
  libfreetype6 libglib2.0-0 libgmp-dev libgmpxx4ldbl libgnutls-dane0
  libgnutls-openssl27 libgnutls28-dev libgnutlsxx28 libgraphite2-3
  libharfbuzz0b libice6 libicu-dev libidn2-dev libkpathsea6 libmagic-mgc
  libmagic1 libp11-kit-dev libpaper-utils libpaper1 libpipeline1 libpixman-1-0
  libpng16-16 libptexenc1 libsigsegv2 libsm6 libsub-override-perl libsynctex2
  libtasn1-6-dev libteckit0 libtexlua53 libtexluajit2 libtext-unidecode-perl
  libtool libuchardet0 libunbound8 libx11-6 libx11-data libxau6 libxaw7
  libxcb-render0 libxcb-shm0 libxcb1 libxdmcp6 libxext6 libxi6
  libxml-libxml-perl libxml-namespacesupport-perl libxml-sax-base-perl
  libxml-sax-perl libxml2-dev libxmu6 libxpm4 libxrender1 libxslt1-dev
  libxslt1.1 libxt6 libzzip-0-13 m4 man-db nettle-dev pkg-config po-debconf
  sensible-utils sgml-base t1utils tex-common texinfo texlive-base
  texlive-binaries texlive-fonts-recommended texlive-latex-base ucf x11-common
  xdg-utils xml-core zlib1g-dev
Suggested packages:
  autoconf-archive gnu-standards autoconf-doc dh-make gettext-doc
  libasprintf-dev libgettextpo-dev gnustep-make-doc gobjc-multilib
  gobjc-11-multilib gcc-11-doc groff gmp-doc libgmp10-doc libmpfr-dev
  dns-root-data gnutls-bin gnutls-doc icu-doc libtool-doc gfortran
  | fortran95-compiler gcj-jdk m4-doc apparmor less www-browser
  libmail-box-perl sgml-base-doc texlive-plain-generic ghostscript gv
  | postscript-viewer perl-tk xpdf | pdf-viewer xzdec
  texlive-fonts-recommended-doc texlive-latex-base-doc
Recommended packages:
  curl | wget | lynx dbus libarchive-cpio-perl libglib2.0-data
  shared-mime-info xdg-user-dirs libtasn1-doc libltdl-dev libwww-perl
  libxml-sax-expat-perl libmail-sendmail-perl lmodern dvisvgm tex-gyre tipa
  libfile-mimeinfo-perl libnet-dbus-perl libx11-protocol-perl x11-utils
  x11-xserver-utils
The following NEW packages will be installed:
  autoconf automake autopoint autotools-dev bsdextrautils debhelper
  dh-autoreconf dh-exec dh-strip-nondeterminism dwz file fontconfig-config
  fonts-dejavu-core fonts-lmodern gettext gettext-base gnustep-common
  gnustep-make gobjc gobjc-11 groff-base icu-devtools intltool-debian
  libarchive-zip-perl libavahi-client-dev libavahi-client3
  libavahi-common-data libavahi-common-dev libavahi-common3 libbrotli1
  libcairo2 libdbus-1-3 libdbus-1-dev libdebhelper-perl libelf1 libevent-2.1-7
  libexpat1 libffi-dev libfile-stripnondeterminism-perl libfontconfig1
  libfreetype6 libglib2.0-0 libgmp-dev libgmpxx4ldbl libgnutls-dane0
  libgnutls-openssl27 libgnutls28-dev libgnutlsxx28 libgraphite2-3
  libharfbuzz0b libice6 libicu-dev libidn2-dev libkpathsea6 libmagic-mgc
  libmagic1 libp11-kit-dev libpaper-utils libpaper1 libpipeline1 libpixman-1-0
  libpng16-16 libptexenc1 libsigsegv2 libsm6 libsub-override-perl libsynctex2
  libtasn1-6-dev libteckit0 libtexlua53 libtexluajit2 libtext-unidecode-perl
  libtool libuchardet0 libunbound8 libx11-6 libx11-data libxau6 libxaw7
  libxcb-render0 libxcb-shm0 libxcb1 libxdmcp6 libxext6 libxi6
  libxml-libxml-perl libxml-namespacesupport-perl libxml-sax-base-perl
  libxml-sax-perl libxml2-dev libxmu6 libxpm4 libxrender1 libxslt1-dev
  libxslt1.1 libxt6 libzzip-0-13 m4 man-db nettle-dev pkg-config po-debconf
  sbuild-build-depends-main-dummy sensible-utils sgml-base t1utils tex-common
  texinfo texlive-base texlive-binaries texlive-fonts-recommended
  texlive-latex-base ucf x11-common xdg-utils xml-core zlib1g-dev
0 upgraded, 117 newly installed, 0 to remove and 0 not upgraded.
Need to get 128 MB of archives.
After this operation, 422 MB of additional disk space will be used.
Get:1 copy:/<<RESOLVERDIR>>/apt_archive ./ sbuild-build-depends-main-dummy 0.invalid.0 [1016 B]
Get:2 http://127.0.0.1:12990/debian sid/main amd64 bsdextrautils amd64 2.37.2-4 [143 kB]
Get:3 http://127.0.0.1:12990/debian sid/main amd64 libuchardet0 amd64 0.0.7-1 [67.8 kB]
Get:4 http://127.0.0.1:12990/debian sid/main amd64 groff-base amd64 1.22.4-7 [935 kB]
Get:5 http://127.0.0.1:12990/debian sid/main amd64 libpipeline1 amd64 1.5.3-1 [34.3 kB]
Get:6 http://127.0.0.1:12990/debian sid/main amd64 man-db amd64 2.9.4-2 [1354 kB]
Get:7 http://127.0.0.1:12990/debian sid/main amd64 sgml-base all 1.30 [15.1 kB]
Get:8 http://127.0.0.1:12990/debian sid/main amd64 sensible-utils all 0.0.17 [21.5 kB]
Get:9 http://127.0.0.1:12990/debian sid/main amd64 ucf all 3.0043 [74.0 kB]
Get:10 http://127.0.0.1:12990/debian sid/main amd64 tex-common all 6.17 [53.6 kB]
Get:11 http://127.0.0.1:12990/debian sid/main amd64 libmagic-mgc amd64 1:5.39-3 [273 kB]
Get:12 http://127.0.0.1:12990/debian sid/main amd64 libmagic1 amd64 1:5.39-3 [126 kB]
Get:13 http://127.0.0.1:12990/debian sid/main amd64 file amd64 1:5.39-3 [69.1 kB]
Get:14 http://127.0.0.1:12990/debian sid/main amd64 gettext-base amd64 0.21-4 [175 kB]
Get:15 http://127.0.0.1:12990/debian sid/main amd64 libsigsegv2 amd64 2.13-1 [34.8 kB]
Get:16 http://127.0.0.1:12990/debian sid/main amd64 m4 amd64 1.4.18-5 [204 kB]
Get:17 http://127.0.0.1:12990/debian sid/main amd64 autoconf all 2.71-2 [343 kB]
Get:18 http://127.0.0.1:12990/debian sid/main amd64 autotools-dev all 20180224.1+nmu1 [77.1 kB]
Get:19 http://127.0.0.1:12990/debian sid/main amd64 automake all 1:1.16.5-1 [823 kB]
Get:20 http://127.0.0.1:12990/debian sid/main amd64 autopoint all 0.21-4 [510 kB]
Get:21 http://127.0.0.1:12990/debian sid/main amd64 libdebhelper-perl all 13.5.2 [192 kB]
Get:22 http://127.0.0.1:12990/debian sid/main amd64 libtool all 2.4.6-15 [513 kB]
Get:23 http://127.0.0.1:12990/debian sid/main amd64 dh-autoreconf all 20 [17.1 kB]
Get:24 http://127.0.0.1:12990/debian sid/main amd64 libarchive-zip-perl all 1.68-1 [104 kB]
Get:25 http://127.0.0.1:12990/debian sid/main amd64 libsub-override-perl all 0.09-2 [10.2 kB]
Get:26 http://127.0.0.1:12990/debian sid/main amd64 libfile-stripnondeterminism-perl all 1.12.0-2 [26.3 kB]
Get:27 http://127.0.0.1:12990/debian sid/main amd64 dh-strip-nondeterminism all 1.12.0-2 [15.5 kB]
Get:28 http://127.0.0.1:12990/debian sid/main amd64 libelf1 amd64 0.185-2 [172 kB]
Get:29 http://127.0.0.1:12990/debian sid/main amd64 dwz amd64 0.14-1 [98.3 kB]
Get:30 http://127.0.0.1:12990/debian sid/main amd64 gettext amd64 0.21-4 [1311 kB]
Get:31 http://127.0.0.1:12990/debian sid/main amd64 intltool-debian all 0.35.0+20060710.5 [26.8 kB]
Get:32 http://127.0.0.1:12990/debian sid/main amd64 po-debconf all 1.0.21+nmu1 [248 kB]
Get:33 http://127.0.0.1:12990/debian sid/main amd64 debhelper all 13.5.2 [1056 kB]
Get:34 http://127.0.0.1:12990/debian sid/main amd64 dh-exec amd64 0.23.4 [27.1 kB]
Get:35 http://127.0.0.1:12990/debian sid/main amd64 fonts-dejavu-core all 2.37-2 [1069 kB]
Get:36 http://127.0.0.1:12990/debian sid/main amd64 fontconfig-config all 2.13.1-4.2 [281 kB]
Get:37 http://127.0.0.1:12990/debian sid/main amd64 fonts-lmodern all 2.004.5-6.1 [4540 kB]
Get:38 http://127.0.0.1:12990/debian sid/main amd64 gnustep-common amd64 2.8.0-1 [118 kB]
Get:39 http://127.0.0.1:12990/debian sid/main amd64 gobjc-11 amd64 11.2.0-10 [45.8 MB]
Get:40 http://127.0.0.1:12990/debian sid/main amd64 gobjc amd64 4:11.2.0-2 [1004 B]
Get:41 http://127.0.0.1:12990/debian sid/main amd64 gnustep-make all 2.8.0-1 [216 kB]
Get:42 http://127.0.0.1:12990/debian sid/main amd64 icu-devtools amd64 67.1-7 [201 kB]
Get:43 http://127.0.0.1:12990/debian sid/main amd64 libavahi-common-data amd64 0.8-5 [124 kB]
Get:44 http://127.0.0.1:12990/debian sid/main amd64 libavahi-common3 amd64 0.8-5 [58.4 kB]
Get:45 http://127.0.0.1:12990/debian sid/main amd64 libdbus-1-3 amd64 1.12.20-3 [219 kB]
Get:46 http://127.0.0.1:12990/debian sid/main amd64 libavahi-client3 amd64 0.8-5 [62.1 kB]
Get:47 http://127.0.0.1:12990/debian sid/main amd64 libavahi-common-dev amd64 0.8-5 [73.4 kB]
Get:48 http://127.0.0.1:12990/debian sid/main amd64 libglib2.0-0 amd64 2.70.0-3 [1401 kB]
Get:49 http://127.0.0.1:12990/debian sid/main amd64 pkg-config amd64 0.29.2-1 [65.1 kB]
Get:50 http://127.0.0.1:12990/debian sid/main amd64 libdbus-1-dev amd64 1.12.20-3 [256 kB]
Get:51 http://127.0.0.1:12990/debian sid/main amd64 libavahi-client-dev amd64 0.8-5 [70.6 kB]
Get:52 http://127.0.0.1:12990/debian sid/main amd64 libbrotli1 amd64 1.0.9-2+b2 [279 kB]
Get:53 http://127.0.0.1:12990/debian sid/main amd64 libexpat1 amd64 2.4.1-3 [104 kB]
Get:54 http://127.0.0.1:12990/debian sid/main amd64 libpng16-16 amd64 1.6.37-3 [294 kB]
Get:55 http://127.0.0.1:12990/debian sid/main amd64 libfreetype6 amd64 2.11.0+dfsg-1 [453 kB]
Get:56 http://127.0.0.1:12990/debian sid/main amd64 libfontconfig1 amd64 2.13.1-4.2 [347 kB]
Get:57 http://127.0.0.1:12990/debian sid/main amd64 libpixman-1-0 amd64 0.40.0-1 [543 kB]
Get:58 http://127.0.0.1:12990/debian sid/main amd64 libxau6 amd64 1:1.0.9-1 [19.7 kB]
Get:59 http://127.0.0.1:12990/debian sid/main amd64 libxdmcp6 amd64 1:1.1.2-3 [26.3 kB]
Get:60 http://127.0.0.1:12990/debian sid/main amd64 libxcb1 amd64 1.14-3 [140 kB]
Get:61 http://127.0.0.1:12990/debian sid/main amd64 libx11-data all 2:1.7.2-2 [311 kB]
Get:62 http://127.0.0.1:12990/debian sid/main amd64 libx11-6 amd64 2:1.7.2-2+b1 [772 kB]
Get:63 http://127.0.0.1:12990/debian sid/main amd64 libxcb-render0 amd64 1.14-3 [111 kB]
Get:64 http://127.0.0.1:12990/debian sid/main amd64 libxcb-shm0 amd64 1.14-3 [101 kB]
Get:65 http://127.0.0.1:12990/debian sid/main amd64 libxext6 amd64 2:1.3.4-1 [53.1 kB]
Get:66 http://127.0.0.1:12990/debian sid/main amd64 libxrender1 amd64 1:0.9.10-1 [33.0 kB]
Get:67 http://127.0.0.1:12990/debian sid/main amd64 libcairo2 amd64 1.16.0-5 [694 kB]
Get:68 http://127.0.0.1:12990/debian sid/main amd64 libevent-2.1-7 amd64 2.1.12-stable-1 [188 kB]
Get:69 http://127.0.0.1:12990/debian sid/main amd64 libffi-dev amd64 3.4.2-3 [60.4 kB]
Get:70 http://127.0.0.1:12990/debian sid/main amd64 libgmpxx4ldbl amd64 2:6.2.1+dfsg-2 [338 kB]
Get:71 http://127.0.0.1:12990/debian sid/main amd64 libgmp-dev amd64 2:6.2.1+dfsg-2 [641 kB]
Get:72 http://127.0.0.1:12990/debian sid/main amd64 libunbound8 amd64 1.13.1-1 [504 kB]
Get:73 http://127.0.0.1:12990/debian sid/main amd64 libgnutls-dane0 amd64 3.7.2-2 [404 kB]
Get:74 http://127.0.0.1:12990/debian sid/main amd64 libgnutls-openssl27 amd64 3.7.2-2 [404 kB]
Get:75 http://127.0.0.1:12990/debian sid/main amd64 libgnutlsxx28 amd64 3.7.2-2 [14.7 kB]
Get:76 http://127.0.0.1:12990/debian sid/main amd64 libidn2-dev amd64 2.3.2-2 [91.0 kB]
Get:77 http://127.0.0.1:12990/debian sid/main amd64 libp11-kit-dev amd64 0.24.0-5 [175 kB]
Get:78 http://127.0.0.1:12990/debian sid/main amd64 libtasn1-6-dev amd64 4.17.0-2 [105 kB]
Get:79 http://127.0.0.1:12990/debian sid/main amd64 nettle-dev amd64 3.7.3-1 [1263 kB]
Get:80 http://127.0.0.1:12990/debian sid/main amd64 libgnutls28-dev amd64 3.7.2-2 [1311 kB]
Get:81 http://127.0.0.1:12990/debian sid/main amd64 libgraphite2-3 amd64 1.3.14-1 [81.2 kB]
Get:82 http://127.0.0.1:12990/debian sid/main amd64 libharfbuzz0b amd64 2.7.4-1 [1471 kB]
Get:83 http://127.0.0.1:12990/debian sid/main amd64 x11-common all 1:7.7+23 [252 kB]
Get:84 http://127.0.0.1:12990/debian sid/main amd64 libice6 amd64 2:1.0.10-1 [58.5 kB]
Get:85 http://127.0.0.1:12990/debian sid/main amd64 libicu-dev amd64 67.1-7 [9597 kB]
Get:86 http://127.0.0.1:12990/debian sid/main amd64 libkpathsea6 amd64 2021.20210626.59705-1 [173 kB]
Get:87 http://127.0.0.1:12990/debian sid/main amd64 libpaper1 amd64 1.1.28+b1 [21.6 kB]
Get:88 http://127.0.0.1:12990/debian sid/main amd64 libpaper-utils amd64 1.1.28+b1 [18.3 kB]
Get:89 http://127.0.0.1:12990/debian sid/main amd64 libptexenc1 amd64 2021.20210626.59705-1 [65.1 kB]
Get:90 http://127.0.0.1:12990/debian sid/main amd64 libsm6 amd64 2:1.2.3-1 [35.1 kB]
Get:91 http://127.0.0.1:12990/debian sid/main amd64 libsynctex2 amd64 2021.20210626.59705-1 [80.5 kB]
Get:92 http://127.0.0.1:12990/debian sid/main amd64 libteckit0 amd64 2.5.10+ds1-3 [329 kB]
Get:93 http://127.0.0.1:12990/debian sid/main amd64 libtexlua53 amd64 2021.20210626.59705-1 [132 kB]
Get:94 http://127.0.0.1:12990/debian sid/main amd64 libtexluajit2 amd64 2021.20210626.59705-1 [267 kB]
Get:95 http://127.0.0.1:12990/debian sid/main amd64 libtext-unidecode-perl all 1.30-1 [103 kB]
Get:96 http://127.0.0.1:12990/debian sid/main amd64 libxt6 amd64 1:1.2.0-1 [189 kB]
Get:97 http://127.0.0.1:12990/debian sid/main amd64 libxmu6 amd64 2:1.1.2-2+b3 [60.8 kB]
Get:98 http://127.0.0.1:12990/debian sid/main amd64 libxpm4 amd64 1:3.5.12-1 [49.1 kB]
Get:99 http://127.0.0.1:12990/debian sid/main amd64 libxaw7 amd64 2:1.0.13-1.1 [202 kB]
Get:100 http://127.0.0.1:12990/debian sid/main amd64 libxi6 amd64 2:1.8-1 [84.0 kB]
Get:101 http://127.0.0.1:12990/debian sid/main amd64 libxml-namespacesupport-perl all 1.12-1.1 [14.9 kB]
Get:102 http://127.0.0.1:12990/debian sid/main amd64 libxml-sax-base-perl all 1.09-1.1 [20.7 kB]
Get:103 http://127.0.0.1:12990/debian sid/main amd64 libxml-sax-perl all 1.02+dfsg-3 [59.4 kB]
Get:104 http://127.0.0.1:12990/debian sid/main amd64 libxml-libxml-perl amd64 2.0134+dfsg-2+b1 [337 kB]
Get:105 http://127.0.0.1:12990/debian sid/main amd64 libxml2-dev amd64 2.9.12+dfsg-5 [792 kB]
Get:106 http://127.0.0.1:12990/debian sid/main amd64 libxslt1.1 amd64 1.1.34-4 [239 kB]
Get:107 http://127.0.0.1:12990/debian sid/main amd64 libxslt1-dev amd64 1.1.34-4 [329 kB]
Get:108 http://127.0.0.1:12990/debian sid/main amd64 libzzip-0-13 amd64 0.13.72+dfsg.1-1.1 [58.3 kB]
Get:109 http://127.0.0.1:12990/debian sid/main amd64 t1utils amd64 1.41-4 [62.1 kB]
Get:110 http://127.0.0.1:12990/debian sid/main amd64 texinfo amd64 6.8-3 [1825 kB]
Get:111 http://127.0.0.1:12990/debian sid/main amd64 texlive-binaries amd64 2021.20210626.59705-1 [10.1 MB]
Get:112 http://127.0.0.1:12990/debian sid/main amd64 xdg-utils all 1.1.3-4.1 [75.5 kB]
Get:113 http://127.0.0.1:12990/debian sid/main amd64 texlive-base all 2021.20210921-1 [21.1 MB]
Get:114 http://127.0.0.1:12990/debian sid/main amd64 texlive-fonts-recommended all 2021.20210921-1 [5004 kB]
Get:115 http://127.0.0.1:12990/debian sid/main amd64 texlive-latex-base all 2021.20210921-1 [1150 kB]
Get:116 http://127.0.0.1:12990/debian sid/main amd64 xml-core all 0.18+nmu1 [23.8 kB]
Get:117 http://127.0.0.1:12990/debian sid/main amd64 zlib1g-dev amd64 1:1.2.11.dfsg-2 [190 kB]
debconf: delaying package configuration, since apt-utils is not installed
Fetched 128 MB in 1s (147 MB/s)
Selecting previously unselected package bsdextrautils.
(Reading database ... 14273 files and directories currently installed.)
Preparing to unpack .../000-bsdextrautils_2.37.2-4_amd64.deb ...
Unpacking bsdextrautils (2.37.2-4) ...
Selecting previously unselected package libuchardet0:amd64.
Preparing to unpack .../001-libuchardet0_0.0.7-1_amd64.deb ...
Unpacking libuchardet0:amd64 (0.0.7-1) ...
Selecting previously unselected package groff-base.
Preparing to unpack .../002-groff-base_1.22.4-7_amd64.deb ...
Unpacking groff-base (1.22.4-7) ...
Selecting previously unselected package libpipeline1:amd64.
Preparing to unpack .../003-libpipeline1_1.5.3-1_amd64.deb ...
Unpacking libpipeline1:amd64 (1.5.3-1) ...
Selecting previously unselected package man-db.
Preparing to unpack .../004-man-db_2.9.4-2_amd64.deb ...
Unpacking man-db (2.9.4-2) ...
Selecting previously unselected package sgml-base.
Preparing to unpack .../005-sgml-base_1.30_all.deb ...
Unpacking sgml-base (1.30) ...
Selecting previously unselected package sensible-utils.
Preparing to unpack .../006-sensible-utils_0.0.17_all.deb ...
Unpacking sensible-utils (0.0.17) ...
Selecting previously unselected package ucf.
Preparing to unpack .../007-ucf_3.0043_all.deb ...
Moving old data out of the way
Unpacking ucf (3.0043) ...
Selecting previously unselected package tex-common.
Preparing to unpack .../008-tex-common_6.17_all.deb ...
Unpacking tex-common (6.17) ...
Selecting previously unselected package libmagic-mgc.
Preparing to unpack .../009-libmagic-mgc_1%3a5.39-3_amd64.deb ...
Unpacking libmagic-mgc (1:5.39-3) ...
Selecting previously unselected package libmagic1:amd64.
Preparing to unpack .../010-libmagic1_1%3a5.39-3_amd64.deb ...
Unpacking libmagic1:amd64 (1:5.39-3) ...
Selecting previously unselected package file.
Preparing to unpack .../011-file_1%3a5.39-3_amd64.deb ...
Unpacking file (1:5.39-3) ...
Selecting previously unselected package gettext-base.
Preparing to unpack .../012-gettext-base_0.21-4_amd64.deb ...
Unpacking gettext-base (0.21-4) ...
Selecting previously unselected package libsigsegv2:amd64.
Preparing to unpack .../013-libsigsegv2_2.13-1_amd64.deb ...
Unpacking libsigsegv2:amd64 (2.13-1) ...
Selecting previously unselected package m4.
Preparing to unpack .../014-m4_1.4.18-5_amd64.deb ...
Unpacking m4 (1.4.18-5) ...
Selecting previously unselected package autoconf.
Preparing to unpack .../015-autoconf_2.71-2_all.deb ...
Unpacking autoconf (2.71-2) ...
Selecting previously unselected package autotools-dev.
Preparing to unpack .../016-autotools-dev_20180224.1+nmu1_all.deb ...
Unpacking autotools-dev (20180224.1+nmu1) ...
Selecting previously unselected package automake.
Preparing to unpack .../017-automake_1%3a1.16.5-1_all.deb ...
Unpacking automake (1:1.16.5-1) ...
Selecting previously unselected package autopoint.
Preparing to unpack .../018-autopoint_0.21-4_all.deb ...
Unpacking autopoint (0.21-4) ...
Selecting previously unselected package libdebhelper-perl.
Preparing to unpack .../019-libdebhelper-perl_13.5.2_all.deb ...
Unpacking libdebhelper-perl (13.5.2) ...
Selecting previously unselected package libtool.
Preparing to unpack .../020-libtool_2.4.6-15_all.deb ...
Unpacking libtool (2.4.6-15) ...
Selecting previously unselected package dh-autoreconf.
Preparing to unpack .../021-dh-autoreconf_20_all.deb ...
Unpacking dh-autoreconf (20) ...
Selecting previously unselected package libarchive-zip-perl.
Preparing to unpack .../022-libarchive-zip-perl_1.68-1_all.deb ...
Unpacking libarchive-zip-perl (1.68-1) ...
Selecting previously unselected package libsub-override-perl.
Preparing to unpack .../023-libsub-override-perl_0.09-2_all.deb ...
Unpacking libsub-override-perl (0.09-2) ...
Selecting previously unselected package libfile-stripnondeterminism-perl.
Preparing to unpack .../024-libfile-stripnondeterminism-perl_1.12.0-2_all.deb ...
Unpacking libfile-stripnondeterminism-perl (1.12.0-2) ...
Selecting previously unselected package dh-strip-nondeterminism.
Preparing to unpack .../025-dh-strip-nondeterminism_1.12.0-2_all.deb ...
Unpacking dh-strip-nondeterminism (1.12.0-2) ...
Selecting previously unselected package libelf1:amd64.
Preparing to unpack .../026-libelf1_0.185-2_amd64.deb ...
Unpacking libelf1:amd64 (0.185-2) ...
Selecting previously unselected package dwz.
Preparing to unpack .../027-dwz_0.14-1_amd64.deb ...
Unpacking dwz (0.14-1) ...
Selecting previously unselected package gettext.
Preparing to unpack .../028-gettext_0.21-4_amd64.deb ...
Unpacking gettext (0.21-4) ...
Selecting previously unselected package intltool-debian.
Preparing to unpack .../029-intltool-debian_0.35.0+20060710.5_all.deb ...
Unpacking intltool-debian (0.35.0+20060710.5) ...
Selecting previously unselected package po-debconf.
Preparing to unpack .../030-po-debconf_1.0.21+nmu1_all.deb ...
Unpacking po-debconf (1.0.21+nmu1) ...
Selecting previously unselected package debhelper.
Preparing to unpack .../031-debhelper_13.5.2_all.deb ...
Unpacking debhelper (13.5.2) ...
Selecting previously unselected package dh-exec.
Preparing to unpack .../032-dh-exec_0.23.4_amd64.deb ...
Unpacking dh-exec (0.23.4) ...
Selecting previously unselected package fonts-dejavu-core.
Preparing to unpack .../033-fonts-dejavu-core_2.37-2_all.deb ...
Unpacking fonts-dejavu-core (2.37-2) ...
Selecting previously unselected package fontconfig-config.
Preparing to unpack .../034-fontconfig-config_2.13.1-4.2_all.deb ...
Unpacking fontconfig-config (2.13.1-4.2) ...
Selecting previously unselected package fonts-lmodern.
Preparing to unpack .../035-fonts-lmodern_2.004.5-6.1_all.deb ...
Unpacking fonts-lmodern (2.004.5-6.1) ...
Selecting previously unselected package gnustep-common.
Preparing to unpack .../036-gnustep-common_2.8.0-1_amd64.deb ...
Unpacking gnustep-common (2.8.0-1) ...
Selecting previously unselected package gobjc-11.
Preparing to unpack .../037-gobjc-11_11.2.0-10_amd64.deb ...
Unpacking gobjc-11 (11.2.0-10) ...
Selecting previously unselected package gobjc.
Preparing to unpack .../038-gobjc_4%3a11.2.0-2_amd64.deb ...
Unpacking gobjc (4:11.2.0-2) ...
Selecting previously unselected package gnustep-make.
Preparing to unpack .../039-gnustep-make_2.8.0-1_all.deb ...
Unpacking gnustep-make (2.8.0-1) ...
Selecting previously unselected package icu-devtools.
Preparing to unpack .../040-icu-devtools_67.1-7_amd64.deb ...
Unpacking icu-devtools (67.1-7) ...
Selecting previously unselected package libavahi-common-data:amd64.
Preparing to unpack .../041-libavahi-common-data_0.8-5_amd64.deb ...
Unpacking libavahi-common-data:amd64 (0.8-5) ...
Selecting previously unselected package libavahi-common3:amd64.
Preparing to unpack .../042-libavahi-common3_0.8-5_amd64.deb ...
Unpacking libavahi-common3:amd64 (0.8-5) ...
Selecting previously unselected package libdbus-1-3:amd64.
Preparing to unpack .../043-libdbus-1-3_1.12.20-3_amd64.deb ...
Unpacking libdbus-1-3:amd64 (1.12.20-3) ...
Selecting previously unselected package libavahi-client3:amd64.
Preparing to unpack .../044-libavahi-client3_0.8-5_amd64.deb ...
Unpacking libavahi-client3:amd64 (0.8-5) ...
Selecting previously unselected package libavahi-common-dev:amd64.
Preparing to unpack .../045-libavahi-common-dev_0.8-5_amd64.deb ...
Unpacking libavahi-common-dev:amd64 (0.8-5) ...
Selecting previously unselected package libglib2.0-0:amd64.
Preparing to unpack .../046-libglib2.0-0_2.70.0-3_amd64.deb ...
Unpacking libglib2.0-0:amd64 (2.70.0-3) ...
Selecting previously unselected package pkg-config.
Preparing to unpack .../047-pkg-config_0.29.2-1_amd64.deb ...
Unpacking pkg-config (0.29.2-1) ...
Selecting previously unselected package libdbus-1-dev:amd64.
Preparing to unpack .../048-libdbus-1-dev_1.12.20-3_amd64.deb ...
Unpacking libdbus-1-dev:amd64 (1.12.20-3) ...
Selecting previously unselected package libavahi-client-dev:amd64.
Preparing to unpack .../049-libavahi-client-dev_0.8-5_amd64.deb ...
Unpacking libavahi-client-dev:amd64 (0.8-5) ...
Selecting previously unselected package libbrotli1:amd64.
Preparing to unpack .../050-libbrotli1_1.0.9-2+b2_amd64.deb ...
Unpacking libbrotli1:amd64 (1.0.9-2+b2) ...
Selecting previously unselected package libexpat1:amd64.
Preparing to unpack .../051-libexpat1_2.4.1-3_amd64.deb ...
Unpacking libexpat1:amd64 (2.4.1-3) ...
Selecting previously unselected package libpng16-16:amd64.
Preparing to unpack .../052-libpng16-16_1.6.37-3_amd64.deb ...
Unpacking libpng16-16:amd64 (1.6.37-3) ...
Selecting previously unselected package libfreetype6:amd64.
Preparing to unpack .../053-libfreetype6_2.11.0+dfsg-1_amd64.deb ...
Unpacking libfreetype6:amd64 (2.11.0+dfsg-1) ...
Selecting previously unselected package libfontconfig1:amd64.
Preparing to unpack .../054-libfontconfig1_2.13.1-4.2_amd64.deb ...
Unpacking libfontconfig1:amd64 (2.13.1-4.2) ...
Selecting previously unselected package libpixman-1-0:amd64.
Preparing to unpack .../055-libpixman-1-0_0.40.0-1_amd64.deb ...
Unpacking libpixman-1-0:amd64 (0.40.0-1) ...
Selecting previously unselected package libxau6:amd64.
Preparing to unpack .../056-libxau6_1%3a1.0.9-1_amd64.deb ...
Unpacking libxau6:amd64 (1:1.0.9-1) ...
Selecting previously unselected package libxdmcp6:amd64.
Preparing to unpack .../057-libxdmcp6_1%3a1.1.2-3_amd64.deb ...
Unpacking libxdmcp6:amd64 (1:1.1.2-3) ...
Selecting previously unselected package libxcb1:amd64.
Preparing to unpack .../058-libxcb1_1.14-3_amd64.deb ...
Unpacking libxcb1:amd64 (1.14-3) ...
Selecting previously unselected package libx11-data.
Preparing to unpack .../059-libx11-data_2%3a1.7.2-2_all.deb ...
Unpacking libx11-data (2:1.7.2-2) ...
Selecting previously unselected package libx11-6:amd64.
Preparing to unpack .../060-libx11-6_2%3a1.7.2-2+b1_amd64.deb ...
Unpacking libx11-6:amd64 (2:1.7.2-2+b1) ...
Selecting previously unselected package libxcb-render0:amd64.
Preparing to unpack .../061-libxcb-render0_1.14-3_amd64.deb ...
Unpacking libxcb-render0:amd64 (1.14-3) ...
Selecting previously unselected package libxcb-shm0:amd64.
Preparing to unpack .../062-libxcb-shm0_1.14-3_amd64.deb ...
Unpacking libxcb-shm0:amd64 (1.14-3) ...
Selecting previously unselected package libxext6:amd64.
Preparing to unpack .../063-libxext6_2%3a1.3.4-1_amd64.deb ...
Unpacking libxext6:amd64 (2:1.3.4-1) ...
Selecting previously unselected package libxrender1:amd64.
Preparing to unpack .../064-libxrender1_1%3a0.9.10-1_amd64.deb ...
Unpacking libxrender1:amd64 (1:0.9.10-1) ...
Selecting previously unselected package libcairo2:amd64.
Preparing to unpack .../065-libcairo2_1.16.0-5_amd64.deb ...
Unpacking libcairo2:amd64 (1.16.0-5) ...
Selecting previously unselected package libevent-2.1-7:amd64.
Preparing to unpack .../066-libevent-2.1-7_2.1.12-stable-1_amd64.deb ...
Unpacking libevent-2.1-7:amd64 (2.1.12-stable-1) ...
Selecting previously unselected package libffi-dev:amd64.
Preparing to unpack .../067-libffi-dev_3.4.2-3_amd64.deb ...
Unpacking libffi-dev:amd64 (3.4.2-3) ...
Selecting previously unselected package libgmpxx4ldbl:amd64.
Preparing to unpack .../068-libgmpxx4ldbl_2%3a6.2.1+dfsg-2_amd64.deb ...
Unpacking libgmpxx4ldbl:amd64 (2:6.2.1+dfsg-2) ...
Selecting previously unselected package libgmp-dev:amd64.
Preparing to unpack .../069-libgmp-dev_2%3a6.2.1+dfsg-2_amd64.deb ...
Unpacking libgmp-dev:amd64 (2:6.2.1+dfsg-2) ...
Selecting previously unselected package libunbound8:amd64.
Preparing to unpack .../070-libunbound8_1.13.1-1_amd64.deb ...
Unpacking libunbound8:amd64 (1.13.1-1) ...
Selecting previously unselected package libgnutls-dane0:amd64.
Preparing to unpack .../071-libgnutls-dane0_3.7.2-2_amd64.deb ...
Unpacking libgnutls-dane0:amd64 (3.7.2-2) ...
Selecting previously unselected package libgnutls-openssl27:amd64.
Preparing to unpack .../072-libgnutls-openssl27_3.7.2-2_amd64.deb ...
Unpacking libgnutls-openssl27:amd64 (3.7.2-2) ...
Selecting previously unselected package libgnutlsxx28:amd64.
Preparing to unpack .../073-libgnutlsxx28_3.7.2-2_amd64.deb ...
Unpacking libgnutlsxx28:amd64 (3.7.2-2) ...
Selecting previously unselected package libidn2-dev:amd64.
Preparing to unpack .../074-libidn2-dev_2.3.2-2_amd64.deb ...
Unpacking libidn2-dev:amd64 (2.3.2-2) ...
Selecting previously unselected package libp11-kit-dev:amd64.
Preparing to unpack .../075-libp11-kit-dev_0.24.0-5_amd64.deb ...
Unpacking libp11-kit-dev:amd64 (0.24.0-5) ...
Selecting previously unselected package libtasn1-6-dev:amd64.
Preparing to unpack .../076-libtasn1-6-dev_4.17.0-2_amd64.deb ...
Unpacking libtasn1-6-dev:amd64 (4.17.0-2) ...
Selecting previously unselected package nettle-dev:amd64.
Preparing to unpack .../077-nettle-dev_3.7.3-1_amd64.deb ...
Unpacking nettle-dev:amd64 (3.7.3-1) ...
Selecting previously unselected package libgnutls28-dev:amd64.
Preparing to unpack .../078-libgnutls28-dev_3.7.2-2_amd64.deb ...
Unpacking libgnutls28-dev:amd64 (3.7.2-2) ...
Selecting previously unselected package libgraphite2-3:amd64.
Preparing to unpack .../079-libgraphite2-3_1.3.14-1_amd64.deb ...
Unpacking libgraphite2-3:amd64 (1.3.14-1) ...
Selecting previously unselected package libharfbuzz0b:amd64.
Preparing to unpack .../080-libharfbuzz0b_2.7.4-1_amd64.deb ...
Unpacking libharfbuzz0b:amd64 (2.7.4-1) ...
Selecting previously unselected package x11-common.
Preparing to unpack .../081-x11-common_1%3a7.7+23_all.deb ...
Unpacking x11-common (1:7.7+23) ...
Selecting previously unselected package libice6:amd64.
Preparing to unpack .../082-libice6_2%3a1.0.10-1_amd64.deb ...
Unpacking libice6:amd64 (2:1.0.10-1) ...
Selecting previously unselected package libicu-dev:amd64.
Preparing to unpack .../083-libicu-dev_67.1-7_amd64.deb ...
Unpacking libicu-dev:amd64 (67.1-7) ...
Selecting previously unselected package libkpathsea6:amd64.
Preparing to unpack .../084-libkpathsea6_2021.20210626.59705-1_amd64.deb ...
Unpacking libkpathsea6:amd64 (2021.20210626.59705-1) ...
Selecting previously unselected package libpaper1:amd64.
Preparing to unpack .../085-libpaper1_1.1.28+b1_amd64.deb ...
Unpacking libpaper1:amd64 (1.1.28+b1) ...
Selecting previously unselected package libpaper-utils.
Preparing to unpack .../086-libpaper-utils_1.1.28+b1_amd64.deb ...
Unpacking libpaper-utils (1.1.28+b1) ...
Selecting previously unselected package libptexenc1:amd64.
Preparing to unpack .../087-libptexenc1_2021.20210626.59705-1_amd64.deb ...
Unpacking libptexenc1:amd64 (2021.20210626.59705-1) ...
Selecting previously unselected package libsm6:amd64.
Preparing to unpack .../088-libsm6_2%3a1.2.3-1_amd64.deb ...
Unpacking libsm6:amd64 (2:1.2.3-1) ...
Selecting previously unselected package libsynctex2:amd64.
Preparing to unpack .../089-libsynctex2_2021.20210626.59705-1_amd64.deb ...
Unpacking libsynctex2:amd64 (2021.20210626.59705-1) ...
Selecting previously unselected package libteckit0:amd64.
Preparing to unpack .../090-libteckit0_2.5.10+ds1-3_amd64.deb ...
Unpacking libteckit0:amd64 (2.5.10+ds1-3) ...
Selecting previously unselected package libtexlua53:amd64.
Preparing to unpack .../091-libtexlua53_2021.20210626.59705-1_amd64.deb ...
Unpacking libtexlua53:amd64 (2021.20210626.59705-1) ...
Selecting previously unselected package libtexluajit2:amd64.
Preparing to unpack .../092-libtexluajit2_2021.20210626.59705-1_amd64.deb ...
Unpacking libtexluajit2:amd64 (2021.20210626.59705-1) ...
Selecting previously unselected package libtext-unidecode-perl.
Preparing to unpack .../093-libtext-unidecode-perl_1.30-1_all.deb ...
Unpacking libtext-unidecode-perl (1.30-1) ...
Selecting previously unselected package libxt6:amd64.
Preparing to unpack .../094-libxt6_1%3a1.2.0-1_amd64.deb ...
Unpacking libxt6:amd64 (1:1.2.0-1) ...
Selecting previously unselected package libxmu6:amd64.
Preparing to unpack .../095-libxmu6_2%3a1.1.2-2+b3_amd64.deb ...
Unpacking libxmu6:amd64 (2:1.1.2-2+b3) ...
Selecting previously unselected package libxpm4:amd64.
Preparing to unpack .../096-libxpm4_1%3a3.5.12-1_amd64.deb ...
Unpacking libxpm4:amd64 (1:3.5.12-1) ...
Selecting previously unselected package libxaw7:amd64.
Preparing to unpack .../097-libxaw7_2%3a1.0.13-1.1_amd64.deb ...
Unpacking libxaw7:amd64 (2:1.0.13-1.1) ...
Selecting previously unselected package libxi6:amd64.
Preparing to unpack .../098-libxi6_2%3a1.8-1_amd64.deb ...
Unpacking libxi6:amd64 (2:1.8-1) ...
Selecting previously unselected package libxml-namespacesupport-perl.
Preparing to unpack .../099-libxml-namespacesupport-perl_1.12-1.1_all.deb ...
Unpacking libxml-namespacesupport-perl (1.12-1.1) ...
Selecting previously unselected package libxml-sax-base-perl.
Preparing to unpack .../100-libxml-sax-base-perl_1.09-1.1_all.deb ...
Unpacking libxml-sax-base-perl (1.09-1.1) ...
Selecting previously unselected package libxml-sax-perl.
Preparing to unpack .../101-libxml-sax-perl_1.02+dfsg-3_all.deb ...
Unpacking libxml-sax-perl (1.02+dfsg-3) ...
Selecting previously unselected package libxml-libxml-perl.
Preparing to unpack .../102-libxml-libxml-perl_2.0134+dfsg-2+b1_amd64.deb ...
Unpacking libxml-libxml-perl (2.0134+dfsg-2+b1) ...
Selecting previously unselected package libxml2-dev:amd64.
Preparing to unpack .../103-libxml2-dev_2.9.12+dfsg-5_amd64.deb ...
Unpacking libxml2-dev:amd64 (2.9.12+dfsg-5) ...
Selecting previously unselected package libxslt1.1:amd64.
Preparing to unpack .../104-libxslt1.1_1.1.34-4_amd64.deb ...
Unpacking libxslt1.1:amd64 (1.1.34-4) ...
Selecting previously unselected package libxslt1-dev:amd64.
Preparing to unpack .../105-libxslt1-dev_1.1.34-4_amd64.deb ...
Unpacking libxslt1-dev:amd64 (1.1.34-4) ...
Selecting previously unselected package libzzip-0-13:amd64.
Preparing to unpack .../106-libzzip-0-13_0.13.72+dfsg.1-1.1_amd64.deb ...
Unpacking libzzip-0-13:amd64 (0.13.72+dfsg.1-1.1) ...
Selecting previously unselected package t1utils.
Preparing to unpack .../107-t1utils_1.41-4_amd64.deb ...
Unpacking t1utils (1.41-4) ...
Selecting previously unselected package texinfo.
Preparing to unpack .../108-texinfo_6.8-3_amd64.deb ...
Unpacking texinfo (6.8-3) ...
Selecting previously unselected package texlive-binaries.
Preparing to unpack .../109-texlive-binaries_2021.20210626.59705-1_amd64.deb ...
Unpacking texlive-binaries (2021.20210626.59705-1) ...
Selecting previously unselected package xdg-utils.
Preparing to unpack .../110-xdg-utils_1.1.3-4.1_all.deb ...
Unpacking xdg-utils (1.1.3-4.1) ...
Selecting previously unselected package texlive-base.
Preparing to unpack .../111-texlive-base_2021.20210921-1_all.deb ...
Unpacking texlive-base (2021.20210921-1) ...
Selecting previously unselected package texlive-fonts-recommended.
Preparing to unpack .../112-texlive-fonts-recommended_2021.20210921-1_all.deb ...
Unpacking texlive-fonts-recommended (2021.20210921-1) ...
Selecting previously unselected package texlive-latex-base.
Preparing to unpack .../113-texlive-latex-base_2021.20210921-1_all.deb ...
Unpacking texlive-latex-base (2021.20210921-1) ...
Selecting previously unselected package xml-core.
Preparing to unpack .../114-xml-core_0.18+nmu1_all.deb ...
Unpacking xml-core (0.18+nmu1) ...
Selecting previously unselected package zlib1g-dev:amd64.
Preparing to unpack .../115-zlib1g-dev_1%3a1.2.11.dfsg-2_amd64.deb ...
Unpacking zlib1g-dev:amd64 (1:1.2.11.dfsg-2) ...
Selecting previously unselected package sbuild-build-depends-main-dummy.
Preparing to unpack .../116-sbuild-build-depends-main-dummy_0.invalid.0_amd64.deb ...
Unpacking sbuild-build-depends-main-dummy (0.invalid.0) ...
Setting up libexpat1:amd64 (2.4.1-3) ...
Setting up libpipeline1:amd64 (1.5.3-1) ...
Setting up libgraphite2-3:amd64 (1.3.14-1) ...
Setting up libpixman-1-0:amd64 (0.40.0-1) ...
Setting up libxau6:amd64 (1:1.0.9-1) ...
Setting up libxdmcp6:amd64 (1:1.1.2-3) ...
Setting up libxcb1:amd64 (1.14-3) ...
Setting up libgnutls-openssl27:amd64 (3.7.2-2) ...
Setting up gnustep-common (2.8.0-1) ...
Setting up bsdextrautils (2.37.2-4) ...
update-alternatives: using /usr/bin/write.ul to provide /usr/bin/write (write) in auto mode
Setting up gobjc-11 (11.2.0-10) ...
Setting up libmagic-mgc (1:5.39-3) ...
Setting up libtexlua53:amd64 (2021.20210626.59705-1) ...
Setting up libxcb-render0:amd64 (1.14-3) ...
Setting up libarchive-zip-perl (1.68-1) ...
Setting up libglib2.0-0:amd64 (2.70.0-3) ...
No schema files found: doing nothing.
Setting up libtexluajit2:amd64 (2021.20210626.59705-1) ...
Setting up libdebhelper-perl (13.5.2) ...
Setting up libbrotli1:amd64 (1.0.9-2+b2) ...
Setting up x11-common (1:7.7+23) ...
invoke-rc.d: could not determine current runlevel
All runlevel operations denied by policy
invoke-rc.d: policy-rc.d denied execution of restart.
Setting up libmagic1:amd64 (1:5.39-3) ...
Setting up libxml-namespacesupport-perl (1.12-1.1) ...
Setting up gettext-base (0.21-4) ...
Setting up libxcb-shm0:amd64 (1.14-3) ...
Setting up libzzip-0-13:amd64 (0.13.72+dfsg.1-1.1) ...
Setting up file (1:5.39-3) ...
Setting up libffi-dev:amd64 (3.4.2-3) ...
Setting up libxml-sax-base-perl (1.09-1.1) ...
Setting up autotools-dev (20180224.1+nmu1) ...
Setting up libgmpxx4ldbl:amd64 (2:6.2.1+dfsg-2) ...
Setting up libx11-data (2:1.7.2-2) ...
Setting up libteckit0:amd64 (2.5.10+ds1-3) ...
Setting up libavahi-common-data:amd64 (0.8-5) ...
Setting up libdbus-1-3:amd64 (1.12.20-3) ...
Setting up libsigsegv2:amd64 (2.13-1) ...
Setting up t1utils (1.41-4) ...
Setting up libpng16-16:amd64 (1.6.37-3) ...
Setting up libevent-2.1-7:amd64 (2.1.12-stable-1) ...
Setting up autopoint (0.21-4) ...
Setting up icu-devtools (67.1-7) ...
Setting up pkg-config (0.29.2-1) ...
Setting up fonts-dejavu-core (2.37-2) ...
Setting up libgnutlsxx28:amd64 (3.7.2-2) ...
Setting up libidn2-dev:amd64 (2.3.2-2) ...
Setting up libkpathsea6:amd64 (2021.20210626.59705-1) ...
Setting up zlib1g-dev:amd64 (1:1.2.11.dfsg-2) ...
Setting up sensible-utils (0.0.17) ...
Setting up libuchardet0:amd64 (0.0.7-1) ...
Setting up libxslt1.1:amd64 (1.1.34-4) ...
Setting up fonts-lmodern (2.004.5-6.1) ...
Setting up libsub-override-perl (0.09-2) ...
Setting up libx11-6:amd64 (2:1.7.2-2+b1) ...
Setting up sgml-base (1.30) ...
Setting up libtext-unidecode-perl (1.30-1) ...
Setting up libtasn1-6-dev:amd64 (4.17.0-2) ...
Setting up libelf1:amd64 (0.185-2) ...
Setting up libicu-dev:amd64 (67.1-7) ...
Setting up xdg-utils (1.1.3-4.1) ...
update-alternatives: using /usr/bin/xdg-open to provide /usr/bin/open (open) in auto mode
Setting up libp11-kit-dev:amd64 (0.24.0-5) ...
Setting up libsynctex2:amd64 (2021.20210626.59705-1) ...
Setting up libfile-stripnondeterminism-perl (1.12.0-2) ...
Setting up gobjc (4:11.2.0-2) ...
Setting up libice6:amd64 (2:1.0.10-1) ...
Setting up gettext (0.21-4) ...
Setting up libgmp-dev:amd64 (2:6.2.1+dfsg-2) ...
Setting up libxpm4:amd64 (1:3.5.12-1) ...
Setting up gnustep-make (2.8.0-1) ...
Setting up nettle-dev:amd64 (3.7.3-1) ...
Setting up libxrender1:amd64 (1:0.9.10-1) ...
Setting up libtool (2.4.6-15) ...
Setting up libavahi-common3:amd64 (0.8-5) ...
Setting up libxext6:amd64 (2:1.3.4-1) ...
Setting up m4 (1.4.18-5) ...
Setting up intltool-debian (0.35.0+20060710.5) ...
Setting up libxml2-dev:amd64 (2.9.12+dfsg-5) ...
Setting up libunbound8:amd64 (1.13.1-1) ...
Setting up libptexenc1:amd64 (2021.20210626.59705-1) ...
Setting up libfreetype6:amd64 (2.11.0+dfsg-1) ...
Setting up libdbus-1-dev:amd64 (1.12.20-3) ...
Setting up ucf (3.0043) ...
Setting up autoconf (2.71-2) ...
Setting up dh-strip-nondeterminism (1.12.0-2) ...
Setting up dwz (0.14-1) ...
Setting up groff-base (1.22.4-7) ...
Setting up libavahi-common-dev:amd64 (0.8-5) ...
Setting up xml-core (0.18+nmu1) ...
Setting up libharfbuzz0b:amd64 (2.7.4-1) ...
Setting up libsm6:amd64 (2:1.2.3-1) ...
Setting up libavahi-client3:amd64 (0.8-5) ...
Setting up automake (1:1.16.5-1) ...
update-alternatives: using /usr/bin/automake-1.16 to provide /usr/bin/automake (automake) in auto mode
Setting up libpaper1:amd64 (1.1.28+b1) ...

Creating config file /etc/papersize with new version
Setting up libgnutls-dane0:amd64 (3.7.2-2) ...
Setting up libxslt1-dev:amd64 (1.1.34-4) ...
Setting up libxi6:amd64 (2:1.8-1) ...
Setting up fontconfig-config (2.13.1-4.2) ...
Setting up po-debconf (1.0.21+nmu1) ...
Setting up libavahi-client-dev:amd64 (0.8-5) ...
Setting up libpaper-utils (1.1.28+b1) ...
Setting up man-db (2.9.4-2) ...
Not building database; man-db/auto-update is not 'true'.
Setting up libxml-sax-perl (1.02+dfsg-3) ...
update-perl-sax-parsers: Registering Perl SAX parser XML::SAX::PurePerl with priority 10...
update-perl-sax-parsers: Updating overall Perl SAX parser modules info file...

Creating config file /etc/perl/XML/SAX/ParserDetails.ini with new version
Setting up dh-autoreconf (20) ...
Setting up tex-common (6.17) ...
update-language: texlive-base not installed and configured, doing nothing!
Setting up libxt6:amd64 (1:1.2.0-1) ...
Setting up libxml-libxml-perl (2.0134+dfsg-2+b1) ...
update-perl-sax-parsers: Registering Perl SAX parser XML::LibXML::SAX::Parser with priority 50...
update-perl-sax-parsers: Registering Perl SAX parser XML::LibXML::SAX with priority 50...
update-perl-sax-parsers: Updating overall Perl SAX parser modules info file...
Replacing config file /etc/perl/XML/SAX/ParserDetails.ini with new version
Setting up libfontconfig1:amd64 (2.13.1-4.2) ...
Setting up libgnutls28-dev:amd64 (3.7.2-2) ...
Setting up libxmu6:amd64 (2:1.1.2-2+b3) ...
Setting up debhelper (13.5.2) ...
Setting up dh-exec (0.23.4) ...
Setting up libxaw7:amd64 (2:1.0.13-1.1) ...
Setting up libcairo2:amd64 (1.16.0-5) ...
Setting up texinfo (6.8-3) ...
/usr/bin/which: this version of `which' is deprecated; use `command -v' in scripts instead.
/usr/bin/which: this version of `which' is deprecated; use `command -v' in scripts instead.
Running mktexlsr. This may take some time. ... done.
Setting up texlive-binaries (2021.20210626.59705-1) ...
update-alternatives: using /usr/bin/xdvi-xaw to provide /usr/bin/xdvi.bin (xdvi.bin) in auto mode
update-alternatives: using /usr/bin/bibtex.original to provide /usr/bin/bibtex (bibtex) in auto mode
Setting up texlive-base (2021.20210921-1) ...
/usr/bin/which: this version of `which' is deprecated; use `command -v' in scripts instead.
/usr/bin/which: this version of `which' is deprecated; use `command -v' in scripts instead.
/usr/bin/which: this version of `which' is deprecated; use `command -v' in scripts instead.
/usr/bin/which: this version of `which' is deprecated; use `command -v' in scripts instead.
tl-paper: setting paper size for dvips to a4: /var/lib/texmf/dvips/config/config-paper.ps
tl-paper: setting paper size for dvipdfmx to a4: /var/lib/texmf/dvipdfmx/dvipdfmx-paper.cfg
tl-paper: setting paper size for xdvi to a4: /var/lib/texmf/xdvi/XDvi-paper
tl-paper: setting paper size for pdftex to a4: /var/lib/texmf/tex/generic/tex-ini-files/pdftexconfig.tex
Setting up texlive-latex-base (2021.20210921-1) ...
Setting up texlive-fonts-recommended (2021.20210921-1) ...
Processing triggers for libc-bin (2.32-4) ...
Processing triggers for sgml-base (1.30) ...
Setting up sbuild-build-depends-main-dummy (0.invalid.0) ...
Processing triggers for tex-common (6.17) ...
Running updmap-sys. This may take some time... done.
Running mktexlsr /var/lib/texmf ... done.
Building format(s) --all.
	This may take some time... done.

+------------------------------------------------------------------------------+
| Check architectures                                                          |
+------------------------------------------------------------------------------+

Arch check ok (amd64 included in any all)

+------------------------------------------------------------------------------+
| Build environment                                                            |
+------------------------------------------------------------------------------+

Kernel: Linux 4.19.0-6-cloud-amd64 #1 SMP Debian 4.19.67-2+deb10u2 (2019-11-11) amd64 (x86_64)
Toolchain package versions: binutils_2.37-7 dpkg-dev_1.20.9 g++-11_11.2.0-10 gcc-11_11.2.0-10 libc6-dev_2.32-4 libstdc++-11-dev_11.2.0-10 libstdc++6_11.2.0-10 linux-libc-dev_5.14.12-1
Package versions: adduser_3.118 apt_2.3.11 autoconf_2.71-2 automake_1:1.16.5-1 autopoint_0.21-4 autotools-dev_20180224.1+nmu1 base-files_12 base-passwd_3.5.52 bash_5.1-3+b2 binutils_2.37-7 binutils-common_2.37-7 binutils-x86-64-linux-gnu_2.37-7 bsdextrautils_2.37.2-4 bsdutils_1:2.37.2-4 build-essential_12.9 bzip2_1.0.8-4 clang-13_1:13.0.0-8 coreutils_8.32-4+b1 cpp_4:11.2.0-2 cpp-11_11.2.0-10 dash_0.5.11+git20210120+802ebd4-2 debconf_1.5.78 debhelper_13.5.2 debian-archive-keyring_2021.1.1 debianutils_5.5-1 dh-autoreconf_20 dh-exec_0.23.4 dh-strip-nondeterminism_1.12.0-2 diffutils_1:3.7-5 dpkg_1.20.9 dpkg-dev_1.20.9 dwz_0.14-1 e2fsprogs_1.46.4-1 fakeroot_1.26-1 file_1:5.39-3 findutils_4.8.0-1 fontconfig-config_2.13.1-4.2 fonts-dejavu-core_2.37-2 fonts-lmodern_2.004.5-6.1 g++_4:11.2.0-2 g++-11_11.2.0-10 gcc_4:11.2.0-2 gcc-10-base_10.3.0-11 gcc-11_11.2.0-10 gcc-11-base_11.2.0-10 gcc-9-base_9.4.0-3 gettext_0.21-4 gettext-base_0.21-4 gnustep-common_2.8.0-1 gnustep-make_2.8.0-1 gobjc_4:11.2.0-2 gobjc-11_11.2.0-10 gpgv_2.2.27-2 grep_3.7-1 groff-base_1.22.4-7 gzip_1.10-4 hostname_3.23 icu-devtools_67.1-7 init-system-helpers_1.60 intltool-debian_0.35.0+20060710.5 lib32gcc-s1_11.2.0-10 lib32stdc++6_11.2.0-10 libacl1_2.3.1-1 libapt-pkg6.0_2.3.11 libarchive-zip-perl_1.68-1 libasan5_9.4.0-3 libasan6_11.2.0-10 libatomic1_11.2.0-10 libattr1_1:2.5.1-1 libaudit-common_1:3.0.6-1 libaudit1_1:3.0.6-1 libavahi-client-dev_0.8-5 libavahi-client3_0.8-5 libavahi-common-data_0.8-5 libavahi-common-dev_0.8-5 libavahi-common3_0.8-5 libbinutils_2.37-7 libblkid1_2.37.2-4 libbrotli1_1.0.9-2+b2 libbsd0_0.11.3-1 libbz2-1.0_1.0.8-4 libc-bin_2.32-4 libc-dev-bin_2.32-4 libc6_2.32-4 libc6-dev_2.32-4 libc6-i386_2.32-4 libcairo2_1.16.0-5 libcap-ng0_0.7.9-2.2+b1 libcap2_1:2.44-1 libcc1-0_11.2.0-10 libclang-common-13-dev_1:13.0.0-8 libclang-cpp13_1:13.0.0-8 libclang1-13_1:13.0.0-8 libcom-err2_1.46.4-1 libcrypt-dev_1:4.4.25-2 libcrypt1_1:4.4.25-2 libctf-nobfd0_2.37-7 libctf0_2.37-7 libdb5.3_5.3.28+dfsg1-0.8 libdbus-1-3_1.12.20-3 libdbus-1-dev_1.12.20-3 libdebconfclient0_0.260 libdebhelper-perl_13.5.2 libdpkg-perl_1.20.9 libedit2_3.1-20210910-1 libelf1_0.185-2 libevent-2.1-7_2.1.12-stable-1 libexpat1_2.4.1-3 libext2fs2_1.46.4-1 libfakeroot_1.26-1 libffi-dev_3.4.2-3 libffi8_3.4.2-3 libfile-stripnondeterminism-perl_1.12.0-2 libfontconfig1_2.13.1-4.2 libfreetype6_2.11.0+dfsg-1 libgc1_1:8.0.4-3 libgcc-11-dev_11.2.0-10 libgcc-9-dev_9.4.0-3 libgcc-s1_11.2.0-10 libgcrypt20_1.9.4-3+b1 libgdbm-compat4_1.22-1 libgdbm6_1.22-1 libglib2.0-0_2.70.0-3 libgmp-dev_2:6.2.1+dfsg-2 libgmp10_2:6.2.1+dfsg-2 libgmpxx4ldbl_2:6.2.1+dfsg-2 libgnutls-dane0_3.7.2-2 libgnutls-openssl27_3.7.2-2 libgnutls28-dev_3.7.2-2 libgnutls30_3.7.2-2 libgnutlsxx28_3.7.2-2 libgomp1_11.2.0-10 libgpg-error0_1.42-3 libgraphite2-3_1.3.14-1 libgssapi-krb5-2_1.18.3-7 libharfbuzz0b_2.7.4-1 libhogweed6_3.7.3-1 libice6_2:1.0.10-1 libicu-dev_67.1-7 libicu67_67.1-7 libidn2-0_2.3.2-2 libidn2-dev_2.3.2-2 libisl23_0.24-2 libitm1_11.2.0-10 libk5crypto3_1.18.3-7 libkeyutils1_1.6.1-2 libkpathsea6_2021.20210626.59705-1 libkrb5-3_1.18.3-7 libkrb5support0_1.18.3-7 libllvm13_1:13.0.0-8 liblsan0_11.2.0-10 liblz4-1_1.9.3-2 liblzma5_5.2.5-2 libmagic-mgc_1:5.39-3 libmagic1_1:5.39-3 libmd0_1.0.4-1 libmount1_2.37.2-4 libmpc3_1.2.1-1 libmpfr6_4.1.0-3 libnettle8_3.7.3-1 libnsl-dev_1.3.0-2 libnsl2_1.3.0-2 libobjc-11-dev_11.2.0-10 libobjc-9-dev_9.4.0-3 libobjc4_11.2.0-10 libomp-13-dev_1:13.0.0-8 libomp5-13_1:13.0.0-8 libp11-kit-dev_0.24.0-5 libp11-kit0_0.24.0-5 libpam-modules_1.4.0-10 libpam-modules-bin_1.4.0-10 libpam-runtime_1.4.0-10 libpam0g_1.4.0-10 libpaper-utils_1.1.28+b1 libpaper1_1.1.28+b1 libpcre2-8-0_10.36-2 libpcre3_2:8.39-13 libperl5.32_5.32.1-6 libpipeline1_1.5.3-1 libpixman-1-0_0.40.0-1 libpng16-16_1.6.37-3 libptexenc1_2021.20210626.59705-1 libquadmath0_11.2.0-10 libseccomp2_2.5.2-2 libselinux1_3.1-3 libsemanage-common_3.1-1 libsemanage1_3.1-1+b2 libsepol1_3.1-1 libsigsegv2_2.13-1 libsm6_2:1.2.3-1 libsmartcols1_2.37.2-4 libss2_1.46.4-1 libssl1.1_1.1.1l-1 libstdc++-11-dev_11.2.0-10 libstdc++6_11.2.0-10 libsub-override-perl_0.09-2 libsynctex2_2021.20210626.59705-1 libsystemd0_249.5-1 libtasn1-6_4.17.0-2 libtasn1-6-dev_4.17.0-2 libteckit0_2.5.10+ds1-3 libtexlua53_2021.20210626.59705-1 libtexluajit2_2021.20210626.59705-1 libtext-unidecode-perl_1.30-1 libtinfo6_6.2+20210905-1 libtirpc-common_1.3.2-2 libtirpc-dev_1.3.2-2 libtirpc3_1.3.2-2 libtool_2.4.6-15 libtsan0_11.2.0-10 libubsan1_11.2.0-10 libuchardet0_0.0.7-1 libudev1_249.5-1 libunbound8_1.13.1-1 libunistring2_0.9.10-6 libuuid1_2.37.2-4 libx11-6_2:1.7.2-2+b1 libx11-data_2:1.7.2-2 libxau6_1:1.0.9-1 libxaw7_2:1.0.13-1.1 libxcb-render0_1.14-3 libxcb-shm0_1.14-3 libxcb1_1.14-3 libxdmcp6_1:1.1.2-3 libxext6_2:1.3.4-1 libxi6_2:1.8-1 libxml-libxml-perl_2.0134+dfsg-2+b1 libxml-namespacesupport-perl_1.12-1.1 libxml-sax-base-perl_1.09-1.1 libxml-sax-perl_1.02+dfsg-3 libxml2_2.9.12+dfsg-5 libxml2-dev_2.9.12+dfsg-5 libxmu6_2:1.1.2-2+b3 libxpm4_1:3.5.12-1 libxrender1_1:0.9.10-1 libxslt1-dev_1.1.34-4 libxslt1.1_1.1.34-4 libxt6_1:1.2.0-1 libxxhash0_0.8.0-2 libz3-4_4.8.12-1+b1 libzstd1_1.4.8+dfsg-3 libzzip-0-13_0.13.72+dfsg.1-1.1 linux-libc-dev_5.14.12-1 login_1:4.8.1-1 logsave_1.46.4-1 lsb-base_11.1.0 m4_1.4.18-5 make_4.3-4.1 man-db_2.9.4-2 mawk_1.3.4.20200120-2 mount_2.37.2-4 ncurses-base_6.2+20210905-1 ncurses-bin_6.2+20210905-1 nettle-dev_3.7.3-1 passwd_1:4.8.1-1 patch_2.7.6-7 perl_5.32.1-6 perl-base_5.32.1-6 perl-modules-5.32_5.32.1-6 pkg-config_0.29.2-1 po-debconf_1.0.21+nmu1 qt5-qmake_5.15.2+dfsg-12 qt5-qmake-bin_5.15.2+dfsg-12 qtchooser_66-2 rpcsvc-proto_1.4.2-4 sbuild-build-depends-main-dummy_0.invalid.0 sed_4.8-1 sensible-utils_0.0.17 sgml-base_1.30 sysvinit-utils_3.00-1 t1utils_1.41-4 tar_1.34+dfsg-1 tex-common_6.17 texinfo_6.8-3 texlive-base_2021.20210921-1 texlive-binaries_2021.20210626.59705-1 texlive-fonts-recommended_2021.20210921-1 texlive-latex-base_2021.20210921-1 tzdata_2021e-1 ucf_3.0043 util-linux_2.37.2-4 x11-common_1:7.7+23 xdg-utils_1.1.3-4.1 xml-core_0.18+nmu1 xz-utils_5.2.5-2 zlib1g_1:1.2.11.dfsg-2 zlib1g-dev_1:1.2.11.dfsg-2

+------------------------------------------------------------------------------+
| Build                                                                        |
+------------------------------------------------------------------------------+


Unpack source
-------------

-----BEGIN PGP SIGNED MESSAGE-----
Hash: SHA256

Format: 3.0 (quilt)
Source: gnustep-base
Binary: gnustep-base-common, gnustep-base-runtime, libgnustep-base1.27, libgnustep-base-dev, gnustep-base-doc
Architecture: any all
Version: 1.27.0-4
Maintainer: Debian GNUstep maintainers <pkg-gnustep-maintainers@lists.alioth.debian.org>
Uploaders: Eric Heintzmann <heintzmann.eric@free.fr>, Grkan Myczko <gurkan@phys.ethz.ch>, Yavor Doganov <yavor@gnu.org>
Homepage: http://gnustep.org
Standards-Version: 4.5.0
Vcs-Browser: https://salsa.debian.org/gnustep-team/gnustep-base
Vcs-Git: https://salsa.debian.org/gnustep-team/gnustep-base.git
Testsuite: autopkgtest
Testsuite-Triggers: @builddeps@, file, shunit2
Build-Depends: debhelper (>= 13~), gnustep-make (>= 2.7.0-4), gobjc, libffi-dev, libxml2-dev, libxslt1-dev, libgnutls28-dev, zlib1g-dev, m4, libavahi-client-dev, libicu-dev, dh-exec, tzdata
Build-Depends-Indep: texinfo, texlive-latex-base, texlive-fonts-recommended, xml-core
Build-Conflicts: libgmp3-dev
Package-List:
 gnustep-base-common deb gnustep optional arch=all
 gnustep-base-doc deb doc optional arch=all
 gnustep-base-runtime deb gnustep optional arch=any
 libgnustep-base-dev deb libdevel optional arch=any
 libgnustep-base1.27 deb libs optional arch=any
Checksums-Sha1:
 fea6c63ac901bd60a2d7a42ff8e4b54d385e220f 4141163 gnustep-base_1.27.0.orig.tar.gz
 a03844ffb41f5518f76e53f483f1242e3a716b06 232 gnustep-base_1.27.0.orig.tar.gz.asc
 386bd5e3f475c93156e622185db8e53592219f33 33208 gnustep-base_1.27.0-4.debian.tar.xz
Checksums-Sha256:
 8803fa1fdf23f90264a81ad2d9fbe97ba66d6e313e396a28fd7c10d2caceb283 4141163 gnustep-base_1.27.0.orig.tar.gz
 d6432196faf09f59c54b552c493e91df00c2d79433248f78e4752142784ee7e4 232 gnustep-base_1.27.0.orig.tar.gz.asc
 3433524342ea6716428feb36efa002b8e5f3a1379cd45948c9aaa6b778f13948 33208 gnustep-base_1.27.0-4.debian.tar.xz
Files:
 6f1876a867d1862267a562d4cbb9ede3 4141163 gnustep-base_1.27.0.orig.tar.gz
 af85ced19a46968d890426518532e674 232 gnustep-base_1.27.0.orig.tar.gz.asc
 a2912f9e65a6fb6a88732d4cf314f6c6 33208 gnustep-base_1.27.0-4.debian.tar.xz

-----BEGIN PGP SIGNATURE-----

iQJIBAEBCAAyFiEEU0DQATYMplbjSX63DEjqKnqP/XsFAmFaOd8UHHBsdWd3YXNo
QGRlYmlhbi5vcmcACgkQDEjqKnqP/XvUfQ/+KDrbdPLOrStP9nHPREcRjnH0ghxT
h2HaTWzFQKQCEtd4J7cxWX8QLuA+PnjsqPCM8GVDMzebD3hO5D4FSGuFdCQzrhqs
xZHp/EknZYzq46J2kUEC8uysmv0v3L5rVRiuBW9GXfX1OdU28J5U9QTQ/E9LznAr
0Xmo/GbONik5WPv3Zln7Bg7/gZhdwZtHIxPT2lH3y2aj1D7kjLi0GsB95nikMK10
ZU/ROORvAvCO5TAEZ5SAJv/WQb7N48RyD6cIEAfROp9Bp3N0nn4GCV3qmaom855i
MPn8pedrX7WwCMJIklDxfWvHib4PqnoDpQmcKZWNWATkbRHwYUY+PudClgw5kLKy
d4KPHm0AjqkJlLRv0XPKZyv5QpP/Lm20aDuX0/OVBuXUwPJf9QZCI/kebCNiBSDD
J7EfbeHTOW/r5r/f+kuB+UGliJsPMGC1E8fZe83od+RTKcUHMuZ/05JZwOkgSQri
6/dhGlD07keK9Pei8OxIuuv3GzreuqhkIDgR9/yTJ+UhDvhaqBNI1mpLHdgxbJQb
wt8nMvgMkEEcfj68yjG1WRw1ejvYo4pH7FKVaUFvaAqiSJ5F9emcwgOkvl8ky1ni
C+ZYiADFCN9oSyd8hQHg+1nFyWyCXAaSpB27EHS2vzlYioFS6vlYF4HeK6Iyf1lb
UxQC82FT2RIn5hs=
=/rTp
-----END PGP SIGNATURE-----

gpgv: unknown type of key resource 'trustedkeys.kbx'
gpgv: keyblock resource '/tmp/dpkg-verify-sig.zuIwVm9x/trustedkeys.kbx': General error
gpgv: Signature made Sun Oct  3 23:16:47 2021 UTC
gpgv:                using RSA key 5340D001360CA656E3497EB70C48EA2A7A8FFD7B
gpgv:                issuer "plugwash@debian.org"
gpgv: Can't check signature: No public key
dpkg-source: warning: failed to verify signature on ./gnustep-base_1.27.0-4.dsc
dpkg-source: info: extracting gnustep-base in /<<PKGBUILDDIR>>
dpkg-source: info: unpacking gnustep-base_1.27.0.orig.tar.gz
dpkg-source: info: unpacking gnustep-base_1.27.0-4.debian.tar.xz
dpkg-source: info: using patch list from debian/patches/series
dpkg-source: info: applying pkg-config-macro.patch
dpkg-source: info: applying fix-spelling-error.patch
dpkg-source: info: applying fix-tests-network.patch
dpkg-source: info: applying doc-links.patch
dpkg-source: info: applying pldes-manpage-rename.patch
dpkg-source: info: applying manpage-fixes.patch
dpkg-source: info: applying texinfo5.diff
dpkg-source: info: applying fix-tests-timings.patch
dpkg-source: info: applying autogsdoc-reproducibility.patch
dpkg-source: info: applying icu65.patch
dpkg-source: info: applying gstls-time_t-limitation.patch
dpkg-source: info: applying hurd-nsurlconnection.patch

Check disk space
----------------

Sufficient free space for build

User Environment
----------------

APT_CONFIG=/var/lib/sbuild/apt.conf
HOME=/sbuild-nonexistent
LANG=C.UTF-8
LC_ALL=C.UTF-8
LOGNAME=user42
PATH=/usr/local/sbin:/usr/local/bin:/usr/sbin:/usr/bin:/sbin:/bin:/usr/games
SCHROOT_ALIAS_NAME=unstable
SCHROOT_CHROOT_NAME=sid-amd64-sbuild
SCHROOT_COMMAND=env
SCHROOT_GID=1001
SCHROOT_GROUP=user42
SCHROOT_SESSION_ID=sid-amd64-sbuild-d59b5a08-1e26-48f3-a2c4-3aae07d9a28f
SCHROOT_UID=1001
SCHROOT_USER=user42
SHELL=/bin/sh
USER=user42

dpkg-buildpackage
-----------------

Command: dpkg-buildpackage -us -uc -b -rfakeroot
dpkg-buildpackage: info: source package gnustep-base
dpkg-buildpackage: info: source version 1.27.0-4
dpkg-buildpackage: info: source distribution unstable
dpkg-buildpackage: info: source changed by Yavor Doganov <yavor@gnu.org>
 dpkg-source --before-build .
dpkg-buildpackage: info: host architecture amd64
 debian/rules clean
dh clean
   debian/rules override_dh_testdir
make[1]: Entering directory '/<<PKGBUILDDIR>>'
m4 \
    -DV_OBJC='4:7.2' \
    -DV_MAKE='2.7.0-4' \
    -DSOV_BASE='1.27' \
    debian/templates/control.m4 > debian/control
dh_testdir
make[1]: Leaving directory '/<<PKGBUILDDIR>>'
   debian/rules override_dh_auto_clean-indep
make[1]: Entering directory '/<<PKGBUILDDIR>>'
dh_auto_clean -- \
    doc=yes
	make -j4 distclean doc=yes
make[2]: Entering directory '/<<PKGBUILDDIR>>'
This is gnustep-make 2.8.0. Type 'make print-gnustep-make-help' for help.
Running in gnustep-make version 2 strict mode.
rm -rf ./*~ ./obj
make[2]: Leaving directory '/<<PKGBUILDDIR>>'
make[1]: Leaving directory '/<<PKGBUILDDIR>>'
   dh_auto_clean -Ngnustep-base-common -Ngnustep-base-doc
	make -j4 distclean
make[1]: Entering directory '/<<PKGBUILDDIR>>'
This is gnustep-make 2.8.0. Type 'make print-gnustep-make-help' for help.
Running in gnustep-make version 2 strict mode.
rm -rf ./*~ ./obj
make[1]: Leaving directory '/<<PKGBUILDDIR>>'
   dh_clean
 debian/rules binary
dh binary
   debian/rules override_dh_testdir
make[1]: Entering directory '/<<PKGBUILDDIR>>'
m4 \
    -DV_OBJC='4:7.2' \
    -DV_MAKE='2.7.0-4' \
    -DSOV_BASE='1.27' \
    debian/templates/control.m4 > debian/control
dh_testdir
make[1]: Leaving directory '/<<PKGBUILDDIR>>'
   dh_update_autotools_config
   dh_autoreconf
configure.ac:3148: warning: macro 'AM_PATH_XML' not found in library
configure.ac:3231: warning: macro 'AM_PATH_TLS' not found in library
configure.ac:3442: warning: macro 'AM_LANGINFO_CODESET' not found in library
configure.ac:148: warning: The macro `AC_CONFIG_HEADER' is obsolete.
configure.ac:148: You should run autoupdate.
./lib/autoconf/status.m4:719: AC_CONFIG_HEADER is expanded from...
configure.ac:148: the top level
configure.ac:1362: warning: The macro `AC_TRY_COMPILE' is obsolete.
configure.ac:1362: You should run autoupdate.
./lib/autoconf/general.m4:2847: AC_TRY_COMPILE is expanded from...
configure.ac:1362: the top level
configure.ac:1399: warning: The macro `AC_TRY_RUN' is obsolete.
configure.ac:1399: You should run autoupdate.
./lib/autoconf/general.m4:2997: AC_TRY_RUN is expanded from...
configure.ac:1399: the top level
configure.ac:1683: warning: The macro `AC_TRY_RUN' is obsolete.
configure.ac:1683: You should run autoupdate.
./lib/autoconf/general.m4:2997: AC_TRY_RUN is expanded from...
lib/m4sugar/m4sh.m4:692: _AS_IF_ELSE is expanded from...
lib/m4sugar/m4sh.m4:699: AS_IF is expanded from...
./lib/autoconf/general.m4:2249: AC_CACHE_VAL is expanded from...
config/objc-con-autoload.m4:1: OBJC_CON_AUTOLOAD is expanded from...
config/objc-sys-dynamic.m4:1: OBJC_SYS_DYNAMIC_LINKER is expanded from...
configure.ac:1683: the top level
configure.ac:1849: warning: The macro `AC_TRY_RUN' is obsolete.
configure.ac:1849: You should run autoupdate.
./lib/autoconf/general.m4:2997: AC_TRY_RUN is expanded from...
lib/m4sugar/m4sh.m4:692: _AS_IF_ELSE is expanded from...
lib/m4sugar/m4sh.m4:699: AS_IF is expanded from...
./lib/autoconf/general.m4:2249: AC_CACHE_VAL is expanded from...
./lib/autoconf/general.m4:2270: AC_CACHE_CHECK is expanded from...
configure.ac:1849: the top level
configure.ac:1874: warning: The macro `AC_TRY_RUN' is obsolete.
configure.ac:1874: You should run autoupdate.
./lib/autoconf/general.m4:2997: AC_TRY_RUN is expanded from...
configure.ac:1874: the top level
configure.ac:1909: warning: The macro `AC_TRY_RUN' is obsolete.
configure.ac:1909: You should run autoupdate.
./lib/autoconf/general.m4:2997: AC_TRY_RUN is expanded from...
configure.ac:1909: the top level
configure.ac:1948: warning: The macro `AC_TRY_RUN' is obsolete.
configure.ac:1948: You should run autoupdate.
./lib/autoconf/general.m4:2997: AC_TRY_RUN is expanded from...
configure.ac:1948: the top level
configure.ac:2196: warning: The macro `AC_HEADER_STDC' is obsolete.
configure.ac:2196: You should run autoupdate.
./lib/autoconf/headers.m4:704: AC_HEADER_STDC is expanded from...
configure.ac:2196: the top level
configure.ac:2348: warning: The macro `AC_TRY_RUN' is obsolete.
configure.ac:2348: You should run autoupdate.
./lib/autoconf/general.m4:2997: AC_TRY_RUN is expanded from...
configure.ac:2348: the top level
configure.ac:2365: warning: The macro `AC_TRY_RUN' is obsolete.
configure.ac:2365: You should run autoupdate.
./lib/autoconf/general.m4:2997: AC_TRY_RUN is expanded from...
configure.ac:2365: the top level
configure.ac:2373: warning: The macro `AC_TRY_RUN' is obsolete.
configure.ac:2373: You should run autoupdate.
./lib/autoconf/general.m4:2997: AC_TRY_RUN is expanded from...
configure.ac:2373: the top level
configure.ac:2558: warning: The macro `AC_TRY_RUN' is obsolete.
configure.ac:2558: You should run autoupdate.
./lib/autoconf/general.m4:2997: AC_TRY_RUN is expanded from...
configure.ac:2558: the top level
configure.ac:2578: warning: The macro `AC_TRY_RUN' is obsolete.
configure.ac:2578: You should run autoupdate.
./lib/autoconf/general.m4:2997: AC_TRY_RUN is expanded from...
configure.ac:2578: the top level
configure.ac:2584: warning: The macro `AC_TRY_RUN' is obsolete.
configure.ac:2584: You should run autoupdate.
./lib/autoconf/general.m4:2997: AC_TRY_RUN is expanded from...
configure.ac:2584: the top level
configure.ac:2605: warning: The macro `AC_TRY_RUN' is obsolete.
configure.ac:2605: You should run autoupdate.
./lib/autoconf/general.m4:2997: AC_TRY_RUN is expanded from...
lib/m4sugar/m4sh.m4:692: _AS_IF_ELSE is expanded from...
lib/m4sugar/m4sh.m4:699: AS_IF is expanded from...
./lib/autoconf/general.m4:2249: AC_CACHE_VAL is expanded from...
configure.ac:2605: the top level
configure.ac:2641: warning: The macro `AC_TRY_RUN' is obsolete.
configure.ac:2641: You should run autoupdate.
./lib/autoconf/general.m4:2997: AC_TRY_RUN is expanded from...
lib/m4sugar/m4sh.m4:692: _AS_IF_ELSE is expanded from...
lib/m4sugar/m4sh.m4:699: AS_IF is expanded from...
./lib/autoconf/general.m4:2249: AC_CACHE_VAL is expanded from...
./lib/autoconf/general.m4:2270: AC_CACHE_CHECK is expanded from...
config/procfs.m4:51: AC_SYS_PROCFS_PSINFO is expanded from...
configure.ac:2641: the top level
configure.ac:2648: warning: The macro `AC_TRY_RUN' is obsolete.
configure.ac:2648: You should run autoupdate.
./lib/autoconf/general.m4:2997: AC_TRY_RUN is expanded from...
configure.ac:2648: the top level
configure.ac:2668: warning: The macro `AC_TRY_RUN' is obsolete.
configure.ac:2668: You should run autoupdate.
./lib/autoconf/general.m4:2997: AC_TRY_RUN is expanded from...
configure.ac:2668: the top level
configure.ac:2897: warning: The macro `AC_TRY_RUN' is obsolete.
configure.ac:2897: You should run autoupdate.
./lib/autoconf/general.m4:2997: AC_TRY_RUN is expanded from...
configure.ac:2897: the top level
configure.ac:2913: warning: The macro `AC_TRY_LINK' is obsolete.
configure.ac:2913: You should run autoupdate.
./lib/autoconf/general.m4:2920: AC_TRY_LINK is expanded from...
configure.ac:2913: the top level
configure.ac:3147: warning: The macro `AC_TRY_RUN' is obsolete.
configure.ac:3147: You should run autoupdate.
./lib/autoconf/general.m4:2997: AC_TRY_RUN is expanded from...
config/pathxml.m4:7: AM_PATH_XML is expanded from...
config/pkg.m4:139: PKG_CHECK_MODULES is expanded from...
configure.ac:3147: the top level
configure.ac:3231: warning: The macro `AC_TRY_RUN' is obsolete.
configure.ac:3231: You should run autoupdate.
./lib/autoconf/general.m4:2997: AC_TRY_RUN is expanded from...
config/pathtls.m4:7: AM_PATH_TLS is expanded from...
configure.ac:3231: the top level
configure.ac:3368: warning: The macro `AC_TRY_LINK' is obsolete.
configure.ac:3368: You should run autoupdate.
./lib/autoconf/general.m4:2920: AC_TRY_LINK is expanded from...
configure.ac:3368: the top level
configure.ac:3442: warning: The macro `AC_TRY_LINK' is obsolete.
configure.ac:3442: You should run autoupdate.
./lib/autoconf/general.m4:2920: AC_TRY_LINK is expanded from...
lib/m4sugar/m4sh.m4:692: _AS_IF_ELSE is expanded from...
lib/m4sugar/m4sh.m4:699: AS_IF is expanded from...
./lib/autoconf/general.m4:2249: AC_CACHE_VAL is expanded from...
./lib/autoconf/general.m4:2270: AC_CACHE_CHECK is expanded from...
config/codeset.m4:11: AM_LANGINFO_CODESET is expanded from...
configure.ac:3442: the top level
   debian/rules override_dh_auto_configure
make[1]: Entering directory '/<<PKGBUILDDIR>>'
m4 \
    -DSOV_BASE='1.27' \
    debian/templates/libgnustep-baseN.lintian-overrides.m4 > debian/libgnustep-base1.27.lintian-overrides
b=gnustep-base-runtime; \
for ext in preinst postinst prerm postrm; do \
    if [ -f debian/templates/$b.$ext.in ]; then \
	sed -e 's,@GDOMAP@,/usr/bin/gdomap,g' \
	    debian/templates/$b.$ext.in > debian/$b.$ext; \
    fi; \
done
sed -e 's,@GDOMAP@,/usr/bin/gdomap,g' \
	    -e 's,@GSMAKEFILES@,/usr/share/GNUstep/Makefiles,g' \
	    debian/templates/gnustep-base-runtime.gdomap.init.in > debian/gnustep-base-runtime.gdomap.init;
sed -e 's,@GS_TOOLS@,/usr/bin,g' \
    debian/templates/gnustep-base-runtime.install.in > debian/gnustep-base-runtime.install; \
	chmod a+x debian/gnustep-base-runtime.install
sed -e 's,@GS_MANPAGES@,/usr/share/man,g' \
    debian/templates/gnustep-base-runtime.links.in > debian/gnustep-base-runtime.links;
sed -e 's,@GS_BASE_RESOURCES_UPSTREAM@,/usr/lib/GNUstep/Libraries/gnustep-base/Versions/1.27/Resources,g' \
    -e 's,@GS_BASE_RESOURCES_DEBIAN@,usr/share/GNUstep/Libraries/gnustep-base/Versions/1.27/Resources,g' \
    debian/templates/gnustep-base-common.install.in > debian/gnustep-base-common.install
sed -e 's,@GS_BASE_RESOURCES_DEBIAN@,usr/share/GNUstep/Libraries/gnustep-base/Versions/1.27/Resources,g' \
    debian/templates/gnustep-base-common.links.in > debian/gnustep-base-common.links
sed -e 's,@GS_DTDs_DEBIAN@,/usr/share/xml/gnustep,g' \
    debian/templates/gnustep-base-common.xmlcatalogs.in > debian/gnustep-base-common.xmlcatalogs
sed -e 's,@GS_LIBS@,/usr/lib,g' \
    debian/templates/libgnustep-baseN.install.in > debian/libgnustep-base1.27.install
sed -e 's,@GS_HEADERS@,/usr/include/GNUstep,g' \
    -e 's,@GS_LIBS@,/usr/lib,g' \
    -e 's,@GS_MAKEFILES@,/usr/share/GNUstep/Makefiles,g' \
    debian/templates/libgnustep-base-dev.install.in > debian/libgnustep-base-dev.install
sed -e 's,@GS_DOC@,/usr/share/GNUstep/Documentation,g' \
    -e 's,@GS_INFO@,/usr/share/info,g' \
    debian/templates/gnustep-base-doc.install.in > debian/gnustep-base-doc.install; \
	chmod a+x debian/gnustep-base-doc.install
dh_auto_configure -- \
    CURRENT_GNUSTEP_MAKEFILES=/usr/share/GNUstep/Makefiles \
    ac_cv_lib_kvm_kvm_getenvv=no \
    --disable-bfd  || (cat config.log; exit 1)
	./configure --build=x86_64-linux-gnu --prefix=/usr --includedir=\${prefix}/include --mandir=\${prefix}/share/man --infodir=\${prefix}/share/info --sysconfdir=/etc --localstatedir=/var --disable-option-checking --disable-silent-rules --libdir=\${prefix}/lib/x86_64-linux-gnu --runstatedir=/run --disable-maintainer-mode --disable-dependency-tracking CURRENT_GNUSTEP_MAKEFILES=/usr/share/GNUstep/Makefiles ac_cv_lib_kvm_kvm_getenvv=no --disable-bfd
configure: WARNING: You are running configure with the preprocessor options (-Wdate-time -D_FORTIFY_SOURCE=2) set to a different value from that used by gnustep-make ().  To avoid conflicts/problems, reconfigure/reinstall gnustep-make to use CPPFLAGS=-Wdate-time -D_FORTIFY_SOURCE=2 or run the gnustep-base configure again with your CPPFLAGS environment variable set to 
configure: WARNING: You are running configure with the link options (-Wl,-z,relro -Wl,-z,now -Wl,--no-undefined) set to a different value from that used by gnustep-make ( -shared-libgcc).  To avoid conflicts/problems, reconfigure/reinstall gnustep-make to use LDFLAGS=-Wl,-z,relro -Wl,-z,now -Wl,--no-undefined or run the gnustep-base configure again with your LDFLAGS environment variable set to  -shared-libgcc
checking build system type... x86_64-pc-linux-gnu
checking host system type... x86_64-pc-linux-gnu
checking target system type... x86_64-pc-linux-gnu
checking for GNUstep configuration file to use at runtime... /etc/GNUstep/GNUstep.conf
checking whether the GNUstep.conf file path can be set in the environment... yes
checking if we should import an existing configuration file now... yes
checking for default GNUstep configuration file to use... /etc/GNUstep/GNUstep.conf
trying to import "/etc/GNUstep/GNUstep.conf"
configure: If this fails, please run configure again with the --disable-importing-config-file option or specifying an alternative file using the --with-default-config= option
checking for GNUstep-base installation domain... SYSTEM
checking if we are hardcoding any relative paths in gnustep-base... no
configure: We store the following filesystem layout into gnustep-base, to be used when no config file is found
checking for Makefiles directory... /usr/share/GNUstep/Makefiles
checking for user defaults directory... GNUstep/Defaults
checking for user config file... .GNUstep.conf
checking for System Applications directory... /usr/lib/GNUstep/Applications
checking for System Admin Applications directory... /usr/lib/GNUstep/Applications
checking for System Web Applications directory... /usr/lib/GNUstep/WebApplications
checking for System Tools directory... /usr/bin
checking for System Admin Tools directory... /usr/sbin
checking for System Library directory... /usr/lib/GNUstep
checking for System Libraries directory... /usr/lib
checking for System Headers directory... /usr/include/GNUstep
checking for System Documentation directory... /usr/share/GNUstep/Documentation
checking for System Info Documentation directory... /usr/share/info
checking for System Man Documentation directory... /usr/share/man
checking for Network Applications directory... /usr/local/lib/GNUstep/Applications
checking for Network Admin Applications directory... /usr/local/lib/GNUstep/Applications
checking for Network Web Applications directory... /usr/lib/GNUstep/WebApplications
checking for Network Tools directory... /usr/local/bin
checking for Network Admin Tools directory... /usr/local/sbin
checking for Network Library directory... /usr/local/lib/GNUstep
checking for Network Libraries directory... /usr/local/lib
checking for Network Headers directory... /usr/local/include/GNUstep
checking for Network Documentation directory... /usr/local/share/GNUstep/Documentation
checking for Network Info Documentation directory... /usr/local/share/info
checking for Network Man Documentation directory... /usr/local/share/man
checking for Local Applications directory... /usr/local/lib/GNUstep/Applications
checking for Local Admin Applications directory... /usr/local/lib/GNUstep/Applications
checking for Local Web Applications directory... /usr/local/lib/GNUstep/WebApplications
checking for Local Tools directory... /usr/local/bin
checking for Local Admin Tools directory... /usr/local/sbin
checking for Local Library directory... /usr/local/lib/GNUstep
checking for Local Libraries directory... /usr/local/lib
checking for Local Headers directory... /usr/local/include/GNUstep
checking for Local Documentation directory... /usr/local/share/GNUstep/Documentation
checking for Local Info Documentation directory... /usr/local/share/info
checking for Local Man Documentation directory... /usr/local/share/man
checking for User Applications directory... GNUstep/Applications
checking for User Admin Applications directory... GNUstep/Applications/Admin
checking for User Web Applications directory... GNUstep/WebApplications
checking for User Tools directory... GNUstep/Tools
checking for User Admin Tools directory... GNUstep/Tools/Admin
checking for User Library directory... GNUstep/Library
checking for User Libraries directory... GNUstep/Library/Libraries
checking for User Headers directory... GNUstep/Library/Headers
checking for User Documentation directory... GNUstep/Library/Documentation
checking for User Info Documentation directory... GNUstep/Library/Documentation/info
checking for User Man Documentation directory... GNUstep/Library/Documentation/man
checking for System User directory... /home
checking for Network User directory... /home
checking for Local User directory... /home
checking for gcc... gcc
checking whether the C compiler works... yes
checking for C compiler default output file name... a.out
checking for suffix of executables... 
checking whether we are cross compiling... no
checking for suffix of object files... o
checking whether the compiler supports GNU C... yes
checking whether gcc accepts -g... yes
checking for gcc option to enable C11 features... none needed
checking how to run the C preprocessor... gcc -E
checking for stdio.h... yes
checking for stdlib.h... yes
checking for string.h... yes
checking for inttypes.h... yes
checking for stdint.h... yes
checking for strings.h... yes
checking for sys/stat.h... yes
checking for sys/types.h... yes
checking for unistd.h... yes
checking for wchar.h... yes
checking for minix/config.h... no
checking whether it is safe to define __EXTENSIONS__... yes
checking whether _XOPEN_SOURCE should be defined... no
checking whether the compiler is clang... yes
checking for _LARGEFILE_SOURCE value needed for large files... no
checking for special C compiler options needed for large files... no
checking for _FILE_OFFSET_BITS value needed for large files... no
checking for off_t... yes
checking whether the compiler supports atomic operations... yes
checking for whoami... /usr/bin/whoami
checking for pkg-config... /usr/bin/pkg-config
checking pkg-config is at least version 0.9.0... yes
checking the Objective-C runtime... GNU
checking for custom shared objc library... NONE
checking for objc/runtime.h... no
checking for objc/objc.h... no
Check to make sure you have the Objective-C runtime library
and its headers installed.
configure: error: Could not find Objective-C headers
	tail -v -n \+0 config.log
==> config.log <==
This file contains any messages produced by compilers while
running configure, to aid debugging if configure makes a mistake.

It was created by configure, which was
generated by GNU Autoconf 2.71.  Invocation command line was

  $ ./configure --build=x86_64-linux-gnu --prefix=/usr '--includedir=${prefix}/include' '--mandir=${prefix}/share/man' '--infodir=${prefix}/share/info' --sysconfdir=/etc --localstatedir=/var --disable-option-checking --disable-silent-rules '--libdir=${prefix}/lib/x86_64-linux-gnu' --runstatedir=/run --disable-maintainer-mode --disable-dependency-tracking CURRENT_GNUSTEP_MAKEFILES=/usr/share/GNUstep/Makefiles ac_cv_lib_kvm_kvm_getenvv=no --disable-bfd

## --------- ##
## Platform. ##
## --------- ##

hostname = ip-172-31-14-214
uname -m = x86_64
uname -r = 4.19.0-6-cloud-amd64
uname -s = Linux
uname -v = #1 SMP Debian 4.19.67-2+deb10u2 (2019-11-11)

/usr/bin/uname -p = unknown
/bin/uname -X     = unknown

/bin/arch              = unknown
/usr/bin/arch -k       = unknown
/usr/convex/getsysinfo = unknown
/usr/bin/hostinfo      = unknown
/bin/machine           = unknown
/usr/bin/oslevel       = unknown
/bin/universe          = unknown

PATH: /usr/local/sbin/
PATH: /usr/local/bin/
PATH: /usr/sbin/
PATH: /usr/bin/
PATH: /sbin/
PATH: /bin/
PATH: /usr/games/


## ----------- ##
## Core tests. ##
## ----------- ##

configure:2965: looking for aux files: config.guess config.sub
configure:2978:  trying /usr/share/GNUstep/Makefiles/
configure:3007:   /usr/share/GNUstep/Makefiles/config.guess found
configure:3007:   /usr/share/GNUstep/Makefiles/config.sub found
configure:3156: WARNING: You are running configure with the preprocessor options (-Wdate-time -D_FORTIFY_SOURCE=2) set to a different value from that used by gnustep-make ().  To avoid conflicts/problems, reconfigure/reinstall gnustep-make to use CPPFLAGS=-Wdate-time -D_FORTIFY_SOURCE=2 or run the gnustep-base configure again with your CPPFLAGS environment variable set to 
configure:3167: WARNING: You are running configure with the link options (-Wl,-z,relro -Wl,-z,now -Wl,--no-undefined) set to a different value from that used by gnustep-make ( -shared-libgcc).  To avoid conflicts/problems, reconfigure/reinstall gnustep-make to use LDFLAGS=-Wl,-z,relro -Wl,-z,now -Wl,--no-undefined or run the gnustep-base configure again with your LDFLAGS environment variable set to  -shared-libgcc
configure:3205: checking build system type
configure:3220: result: x86_64-pc-linux-gnu
configure:3240: checking host system type
configure:3254: result: x86_64-pc-linux-gnu
configure:3274: checking target system type
configure:3288: result: x86_64-pc-linux-gnu
configure:3348: checking for GNUstep configuration file to use at runtime
configure:3388: result: /etc/GNUstep/GNUstep.conf
configure:3403: checking whether the GNUstep.conf file path can be set in the environment
configure:3417: result: yes
configure:3457: checking if we should import an existing configuration file now
configure:3471: result: yes
configure:3478: checking for default GNUstep configuration file to use
configure:3507: result: /etc/GNUstep/GNUstep.conf
configure:3537: result: trying to import "/etc/GNUstep/GNUstep.conf"
configure:3541: If this fails, please run configure again with the --disable-importing-config-file option or specifying an alternative file using the --with-default-config= option
configure:3617: checking for GNUstep-base installation domain
--installation-domain-for=xxx: prints the value of the default installation domain
                personalized using an installation-domains.conf file.
configure:3654: result: SYSTEM
configure:3765: checking if we are hardcoding any relative paths in gnustep-base
configure:3767: result: no
configure:3776: We store the following filesystem layout into gnustep-base, to be used when no config file is found
configure:3778: checking for Makefiles directory
configure:3780: result: /usr/share/GNUstep/Makefiles
configure:3782: checking for user defaults directory
configure:3784: result: GNUstep/Defaults
configure:3786: checking for user config file
configure:3788: result: .GNUstep.conf
configure:3791: checking for System Applications directory
configure:3793: result: /usr/lib/GNUstep/Applications
configure:3795: checking for System Admin Applications directory
configure:3797: result: /usr/lib/GNUstep/Applications
configure:3799: checking for System Web Applications directory
configure:3801: result: /usr/lib/GNUstep/WebApplications
configure:3803: checking for System Tools directory
configure:3805: result: /usr/bin
configure:3807: checking for System Admin Tools directory
configure:3809: result: /usr/sbin
configure:3811: checking for System Library directory
configure:3813: result: /usr/lib/GNUstep
configure:3815: checking for System Libraries directory
configure:3817: result: /usr/lib
configure:3819: checking for System Headers directory
configure:3821: result: /usr/include/GNUstep
configure:3823: checking for System Documentation directory
configure:3825: result: /usr/share/GNUstep/Documentation
configure:3827: checking for System Info Documentation directory
configure:3829: result: /usr/share/info
configure:3831: checking for System Man Documentation directory
configure:3833: result: /usr/share/man
configure:3836: checking for Network Applications directory
configure:3838: result: /usr/local/lib/GNUstep/Applications
configure:3840: checking for Network Admin Applications directory
configure:3842: result: /usr/local/lib/GNUstep/Applications
configure:3844: checking for Network Web Applications directory
configure:3846: result: /usr/lib/GNUstep/WebApplications
configure:3848: checking for Network Tools directory
configure:3850: result: /usr/local/bin
configure:3852: checking for Network Admin Tools directory
configure:3854: result: /usr/local/sbin
configure:3856: checking for Network Library directory
configure:3858: result: /usr/local/lib/GNUstep
configure:3860: checking for Network Libraries directory
configure:3862: result: /usr/local/lib
configure:3864: checking for Network Headers directory
configure:3866: result: /usr/local/include/GNUstep
configure:3868: checking for Network Documentation directory
configure:3870: result: /usr/local/share/GNUstep/Documentation
configure:3872: checking for Network Info Documentation directory
configure:3874: result: /usr/local/share/info
configure:3876: checking for Network Man Documentation directory
configure:3878: result: /usr/local/share/man
configure:3881: checking for Local Applications directory
configure:3883: result: /usr/local/lib/GNUstep/Applications
configure:3885: checking for Local Admin Applications directory
configure:3887: result: /usr/local/lib/GNUstep/Applications
configure:3889: checking for Local Web Applications directory
configure:3891: result: /usr/local/lib/GNUstep/WebApplications
configure:3893: checking for Local Tools directory
configure:3895: result: /usr/local/bin
configure:3897: checking for Local Admin Tools directory
configure:3899: result: /usr/local/sbin
configure:3901: checking for Local Library directory
configure:3903: result: /usr/local/lib/GNUstep
configure:3905: checking for Local Libraries directory
configure:3907: result: /usr/local/lib
configure:3909: checking for Local Headers directory
configure:3911: result: /usr/local/include/GNUstep
configure:3913: checking for Local Documentation directory
configure:3915: result: /usr/local/share/GNUstep/Documentation
configure:3917: checking for Local Info Documentation directory
configure:3919: result: /usr/local/share/info
configure:3921: checking for Local Man Documentation directory
configure:3923: result: /usr/local/share/man
configure:3926: checking for User Applications directory
configure:3928: result: GNUstep/Applications
configure:3930: checking for User Admin Applications directory
configure:3932: result: GNUstep/Applications/Admin
configure:3934: checking for User Web Applications directory
configure:3936: result: GNUstep/WebApplications
configure:3938: checking for User Tools directory
configure:3940: result: GNUstep/Tools
configure:3942: checking for User Admin Tools directory
configure:3944: result: GNUstep/Tools/Admin
configure:3946: checking for User Library directory
configure:3948: result: GNUstep/Library
configure:3950: checking for User Libraries directory
configure:3952: result: GNUstep/Library/Libraries
configure:3954: checking for User Headers directory
configure:3956: result: GNUstep/Library/Headers
configure:3958: checking for User Documentation directory
configure:3960: result: GNUstep/Library/Documentation
configure:3962: checking for User Info Documentation directory
configure:3964: result: GNUstep/Library/Documentation/info
configure:3966: checking for User Man Documentation directory
configure:3968: result: GNUstep/Library/Documentation/man
configure:3971: checking for System User directory
configure:3973: result: /home
configure:3975: checking for Network User directory
configure:3977: result: /home
configure:3979: checking for Local User directory
configure:3981: result: /home
configure:4436: checking for gcc
configure:4468: result: gcc
configure:4821: checking for C compiler version
configure:4830: gcc --version >&5
Debian clang version 13.0.0-8
Target: x86_64-pc-linux-gnu
Thread model: posix
InstalledDir: /usr/bin
configure:4841: $? = 0
configure:4830: gcc -v >&5
Debian clang version 13.0.0-8
Target: x86_64-pc-linux-gnu
Thread model: posix
InstalledDir: /usr/bin
Found candidate GCC installation: /usr/bin/../lib/gcc/x86_64-linux-gnu/11
Found candidate GCC installation: /usr/bin/../lib/gcc/x86_64-linux-gnu/9
Selected GCC installation: /usr/bin/../lib/gcc/x86_64-linux-gnu/11
Candidate multilib: .;@m64
Selected multilib: .;@m64
configure:4841: $? = 0
configure:4830: gcc -V >&5
clang: error: argument to '-V' is missing (expected 1 value)
clang: error: no input files
configure:4841: $? = 1
configure:4830: gcc -qversion >&5
clang: error: unknown argument '-qversion'; did you mean '--version'?
clang: error: no input files
configure:4841: $? = 1
configure:4830: gcc -version >&5
clang: error: unknown argument '-version'; did you mean '--version'?
clang: error: no input files
configure:4841: $? = 1
configure:4861: checking whether the C compiler works
configure:4883: gcc -g -O2 -ffile-prefix-map=/<<PKGBUILDDIR>>=. -fstack-protector-strong -Wformat -Werror=format-security -Wdate-time -D_FORTIFY_SOURCE=2 -I/usr/local/include/GNUstep -I/usr/local/include/GNUstep -I/usr/include/GNUstep -Wl,-z,relro -Wl,-z,now -Wl,--no-undefined -L/usr/local/lib -L/usr/local/lib -L/usr/lib conftest.c  >&5
configure:4887: $? = 0
configure:4937: result: yes
configure:4940: checking for C compiler default output file name
configure:4942: result: a.out
configure:4948: checking for suffix of executables
configure:4955: gcc -o conftest -g -O2 -ffile-prefix-map=/<<PKGBUILDDIR>>=. -fstack-protector-strong -Wformat -Werror=format-security -Wdate-time -D_FORTIFY_SOURCE=2 -I/usr/local/include/GNUstep -I/usr/local/include/GNUstep -I/usr/include/GNUstep -Wl,-z,relro -Wl,-z,now -Wl,--no-undefined -L/usr/local/lib -L/usr/local/lib -L/usr/lib conftest.c  >&5
configure:4959: $? = 0
configure:4982: result: 
configure:5004: checking whether we are cross compiling
configure:5012: gcc -o conftest -g -O2 -ffile-prefix-map=/<<PKGBUILDDIR>>=. -fstack-protector-strong -Wformat -Werror=format-security -Wdate-time -D_FORTIFY_SOURCE=2 -I/usr/local/include/GNUstep -I/usr/local/include/GNUstep -I/usr/include/GNUstep -Wl,-z,relro -Wl,-z,now -Wl,--no-undefined -L/usr/local/lib -L/usr/local/lib -L/usr/lib conftest.c  >&5
configure:5016: $? = 0
configure:5023: ./conftest
configure:5027: $? = 0
configure:5042: result: no
configure:5047: checking for suffix of object files
configure:5070: gcc -c -g -O2 -ffile-prefix-map=/<<PKGBUILDDIR>>=. -fstack-protector-strong -Wformat -Werror=format-security -Wdate-time -D_FORTIFY_SOURCE=2 -I/usr/local/include/GNUstep -I/usr/local/include/GNUstep -I/usr/include/GNUstep conftest.c >&5
configure:5074: $? = 0
configure:5096: result: o
configure:5100: checking whether the compiler supports GNU C
configure:5120: gcc -c -g -O2 -ffile-prefix-map=/<<PKGBUILDDIR>>=. -fstack-protector-strong -Wformat -Werror=format-security -Wdate-time -D_FORTIFY_SOURCE=2 -I/usr/local/include/GNUstep -I/usr/local/include/GNUstep -I/usr/include/GNUstep conftest.c >&5
configure:5120: $? = 0
configure:5130: result: yes
configure:5141: checking whether gcc accepts -g
configure:5162: gcc -c -g -Wdate-time -D_FORTIFY_SOURCE=2 -I/usr/local/include/GNUstep -I/usr/local/include/GNUstep -I/usr/include/GNUstep conftest.c >&5
configure:5162: $? = 0
configure:5206: result: yes
configure:5226: checking for gcc option to enable C11 features
configure:5241: gcc  -c -g -O2 -ffile-prefix-map=/<<PKGBUILDDIR>>=. -fstack-protector-strong -Wformat -Werror=format-security -Wdate-time -D_FORTIFY_SOURCE=2 -I/usr/local/include/GNUstep -I/usr/local/include/GNUstep -I/usr/include/GNUstep conftest.c >&5
configure:5241: $? = 0
configure:5259: result: none needed
configure:5374: checking how to run the C preprocessor
configure:5442: result: gcc -E
configure:5456: gcc -E -Wdate-time -D_FORTIFY_SOURCE=2 -I/usr/local/include/GNUstep -I/usr/local/include/GNUstep -I/usr/include/GNUstep conftest.c
configure:5456: $? = 0
configure:5471: gcc -E -Wdate-time -D_FORTIFY_SOURCE=2 -I/usr/local/include/GNUstep -I/usr/local/include/GNUstep -I/usr/include/GNUstep conftest.c
conftest.c:61:10: fatal error: 'ac_nonexistent.h' file not found
#include <ac_nonexistent.h>
         ^~~~~~~~~~~~~~~~~~
1 error generated.
configure:5471: $? = 1
configure: failed program was:
| /* confdefs.h */
| #define PACKAGE_NAME ""
| #define PACKAGE_TARNAME ""
| #define PACKAGE_VERSION ""
| #define PACKAGE_STRING ""
| #define PACKAGE_BUGREPORT ""
| #define PACKAGE_URL ""
| #define OPTION_NO_ENVIRONMENT 0
| #define GNUSTEP_TARGET_MAKEFILES "/usr/share/GNUstep/Makefiles"
| #define GNUSTEP_TARGET_USER_DEFAULTS_DIR "GNUstep/Defaults"
| #define GNUSTEP_TARGET_USER_CONFIG_FILE ".GNUstep.conf"
| #define GNUSTEP_TARGET_CONFIG_FILE "/etc/GNUstep/GNUstep.conf"
| #define GNUSTEP_TARGET_SYSTEM_APPS "/usr/lib/GNUstep/Applications"
| #define GNUSTEP_TARGET_SYSTEM_ADMIN_APPS "/usr/lib/GNUstep/Applications"
| #define GNUSTEP_TARGET_SYSTEM_WEB_APPS "/usr/lib/GNUstep/WebApplications"
| #define GNUSTEP_TARGET_SYSTEM_TOOLS "/usr/bin"
| #define GNUSTEP_TARGET_SYSTEM_ADMIN_TOOLS "/usr/sbin"
| #define GNUSTEP_TARGET_SYSTEM_LIBRARY "/usr/lib/GNUstep"
| #define GNUSTEP_TARGET_SYSTEM_LIBRARIES "/usr/lib"
| #define GNUSTEP_TARGET_SYSTEM_HEADERS "/usr/include/GNUstep"
| #define GNUSTEP_TARGET_SYSTEM_DOC "/usr/share/GNUstep/Documentation"
| #define GNUSTEP_TARGET_SYSTEM_DOC_MAN "/usr/share/man"
| #define GNUSTEP_TARGET_SYSTEM_DOC_INFO "/usr/share/info"
| #define GNUSTEP_TARGET_NETWORK_APPS "/usr/local/lib/GNUstep/Applications"
| #define GNUSTEP_TARGET_NETWORK_ADMIN_APPS "/usr/local/lib/GNUstep/Applications"
| #define GNUSTEP_TARGET_NETWORK_WEB_APPS "/usr/lib/GNUstep/WebApplications"
| #define GNUSTEP_TARGET_NETWORK_TOOLS "/usr/local/bin"
| #define GNUSTEP_TARGET_NETWORK_ADMIN_TOOLS "/usr/local/sbin"
| #define GNUSTEP_TARGET_NETWORK_LIBRARY "/usr/local/lib/GNUstep"
| #define GNUSTEP_TARGET_NETWORK_LIBRARIES "/usr/local/lib"
| #define GNUSTEP_TARGET_NETWORK_HEADERS "/usr/local/include/GNUstep"
| #define GNUSTEP_TARGET_NETWORK_DOC "/usr/local/share/GNUstep/Documentation"
| #define GNUSTEP_TARGET_NETWORK_DOC_MAN "/usr/local/share/man"
| #define GNUSTEP_TARGET_NETWORK_DOC_INFO "/usr/local/share/info"
| #define GNUSTEP_TARGET_LOCAL_APPS "/usr/local/lib/GNUstep/Applications"
| #define GNUSTEP_TARGET_LOCAL_ADMIN_APPS "/usr/local/lib/GNUstep/Applications"
| #define GNUSTEP_TARGET_LOCAL_WEB_APPS "/usr/local/lib/GNUstep/WebApplications"
| #define GNUSTEP_TARGET_LOCAL_TOOLS "/usr/local/bin"
| #define GNUSTEP_TARGET_LOCAL_ADMIN_TOOLS "/usr/local/sbin"
| #define GNUSTEP_TARGET_LOCAL_LIBRARY "/usr/local/lib/GNUstep"
| #define GNUSTEP_TARGET_LOCAL_LIBRARIES "/usr/local/lib"
| #define GNUSTEP_TARGET_LOCAL_HEADERS "/usr/local/include/GNUstep"
| #define GNUSTEP_TARGET_LOCAL_DOC "/usr/local/share/GNUstep/Documentation"
| #define GNUSTEP_TARGET_LOCAL_DOC_MAN "/usr/local/share/man"
| #define GNUSTEP_TARGET_LOCAL_DOC_INFO "/usr/local/share/info"
| #define GNUSTEP_TARGET_USER_DIR_APPS "GNUstep/Applications"
| #define GNUSTEP_TARGET_USER_DIR_ADMIN_APPS "GNUstep/Applications/Admin"
| #define GNUSTEP_TARGET_USER_DIR_WEB_APPS "GNUstep/WebApplications"
| #define GNUSTEP_TARGET_USER_DIR_TOOLS "GNUstep/Tools"
| #define GNUSTEP_TARGET_USER_DIR_ADMIN_TOOLS "GNUstep/Tools/Admin"
| #define GNUSTEP_TARGET_USER_DIR_LIBRARY "GNUstep/Library"
| #define GNUSTEP_TARGET_USER_DIR_LIBRARIES "GNUstep/Library/Libraries"
| #define GNUSTEP_TARGET_USER_DIR_HEADERS "GNUstep/Library/Headers"
| #define GNUSTEP_TARGET_USER_DIR_DOC "GNUstep/Library/Documentation"
| #define GNUSTEP_TARGET_USER_DIR_DOC_MAN "GNUstep/Library/Documentation/man"
| #define GNUSTEP_TARGET_USER_DIR_DOC_INFO "GNUstep/Library/Documentation/info"
| #define GNUSTEP_TARGET_SYSTEM_USERS_DIR ""
| #define GNUSTEP_TARGET_NETWORK_USERS_DIR ""
| #define GNUSTEP_TARGET_LOCAL_USERS_DIR ""
| /* end confdefs.h.  */
| #include <ac_nonexistent.h>
configure:5506: checking for stdio.h
configure:5506: gcc -c -g -O2 -ffile-prefix-map=/<<PKGBUILDDIR>>=. -fstack-protector-strong -Wformat -Werror=format-security -Wdate-time -D_FORTIFY_SOURCE=2 -I/usr/local/include/GNUstep -I/usr/local/include/GNUstep -I/usr/include/GNUstep conftest.c >&5
configure:5506: $? = 0
configure:5506: result: yes
configure:5506: checking for stdlib.h
configure:5506: gcc -c -g -O2 -ffile-prefix-map=/<<PKGBUILDDIR>>=. -fstack-protector-strong -Wformat -Werror=format-security -Wdate-time -D_FORTIFY_SOURCE=2 -I/usr/local/include/GNUstep -I/usr/local/include/GNUstep -I/usr/include/GNUstep conftest.c >&5
configure:5506: $? = 0
configure:5506: result: yes
configure:5506: checking for string.h
configure:5506: gcc -c -g -O2 -ffile-prefix-map=/<<PKGBUILDDIR>>=. -fstack-protector-strong -Wformat -Werror=format-security -Wdate-time -D_FORTIFY_SOURCE=2 -I/usr/local/include/GNUstep -I/usr/local/include/GNUstep -I/usr/include/GNUstep conftest.c >&5
configure:5506: $? = 0
configure:5506: result: yes
configure:5506: checking for inttypes.h
configure:5506: gcc -c -g -O2 -ffile-prefix-map=/<<PKGBUILDDIR>>=. -fstack-protector-strong -Wformat -Werror=format-security -Wdate-time -D_FORTIFY_SOURCE=2 -I/usr/local/include/GNUstep -I/usr/local/include/GNUstep -I/usr/include/GNUstep conftest.c >&5
configure:5506: $? = 0
configure:5506: result: yes
configure:5506: checking for stdint.h
configure:5506: gcc -c -g -O2 -ffile-prefix-map=/<<PKGBUILDDIR>>=. -fstack-protector-strong -Wformat -Werror=format-security -Wdate-time -D_FORTIFY_SOURCE=2 -I/usr/local/include/GNUstep -I/usr/local/include/GNUstep -I/usr/include/GNUstep conftest.c >&5
configure:5506: $? = 0
configure:5506: result: yes
configure:5506: checking for strings.h
configure:5506: gcc -c -g -O2 -ffile-prefix-map=/<<PKGBUILDDIR>>=. -fstack-protector-strong -Wformat -Werror=format-security -Wdate-time -D_FORTIFY_SOURCE=2 -I/usr/local/include/GNUstep -I/usr/local/include/GNUstep -I/usr/include/GNUstep conftest.c >&5
configure:5506: $? = 0
configure:5506: result: yes
configure:5506: checking for sys/stat.h
configure:5506: gcc -c -g -O2 -ffile-prefix-map=/<<PKGBUILDDIR>>=. -fstack-protector-strong -Wformat -Werror=format-security -Wdate-time -D_FORTIFY_SOURCE=2 -I/usr/local/include/GNUstep -I/usr/local/include/GNUstep -I/usr/include/GNUstep conftest.c >&5
configure:5506: $? = 0
configure:5506: result: yes
configure:5506: checking for sys/types.h
configure:5506: gcc -c -g -O2 -ffile-prefix-map=/<<PKGBUILDDIR>>=. -fstack-protector-strong -Wformat -Werror=format-security -Wdate-time -D_FORTIFY_SOURCE=2 -I/usr/local/include/GNUstep -I/usr/local/include/GNUstep -I/usr/include/GNUstep conftest.c >&5
configure:5506: $? = 0
configure:5506: result: yes
configure:5506: checking for unistd.h
configure:5506: gcc -c -g -O2 -ffile-prefix-map=/<<PKGBUILDDIR>>=. -fstack-protector-strong -Wformat -Werror=format-security -Wdate-time -D_FORTIFY_SOURCE=2 -I/usr/local/include/GNUstep -I/usr/local/include/GNUstep -I/usr/include/GNUstep conftest.c >&5
configure:5506: $? = 0
configure:5506: result: yes
configure:5506: checking for wchar.h
configure:5506: gcc -c -g -O2 -ffile-prefix-map=/<<PKGBUILDDIR>>=. -fstack-protector-strong -Wformat -Werror=format-security -Wdate-time -D_FORTIFY_SOURCE=2 -I/usr/local/include/GNUstep -I/usr/local/include/GNUstep -I/usr/include/GNUstep conftest.c >&5
configure:5506: $? = 0
configure:5506: result: yes
configure:5506: checking for minix/config.h
configure:5506: gcc -c -g -O2 -ffile-prefix-map=/<<PKGBUILDDIR>>=. -fstack-protector-strong -Wformat -Werror=format-security -Wdate-time -D_FORTIFY_SOURCE=2 -I/usr/local/include/GNUstep -I/usr/local/include/GNUstep -I/usr/include/GNUstep conftest.c >&5
conftest.c:99:10: fatal error: 'minix/config.h' file not found
#include <minix/config.h>
         ^~~~~~~~~~~~~~~~
1 error generated.
configure:5506: $? = 1
configure: failed program was:
| /* confdefs.h */
| #define PACKAGE_NAME ""
| #define PACKAGE_TARNAME ""
| #define PACKAGE_VERSION ""
| #define PACKAGE_STRING ""
| #define PACKAGE_BUGREPORT ""
| #define PACKAGE_URL ""
| #define OPTION_NO_ENVIRONMENT 0
| #define GNUSTEP_TARGET_MAKEFILES "/usr/share/GNUstep/Makefiles"
| #define GNUSTEP_TARGET_USER_DEFAULTS_DIR "GNUstep/Defaults"
| #define GNUSTEP_TARGET_USER_CONFIG_FILE ".GNUstep.conf"
| #define GNUSTEP_TARGET_CONFIG_FILE "/etc/GNUstep/GNUstep.conf"
| #define GNUSTEP_TARGET_SYSTEM_APPS "/usr/lib/GNUstep/Applications"
| #define GNUSTEP_TARGET_SYSTEM_ADMIN_APPS "/usr/lib/GNUstep/Applications"
| #define GNUSTEP_TARGET_SYSTEM_WEB_APPS "/usr/lib/GNUstep/WebApplications"
| #define GNUSTEP_TARGET_SYSTEM_TOOLS "/usr/bin"
| #define GNUSTEP_TARGET_SYSTEM_ADMIN_TOOLS "/usr/sbin"
| #define GNUSTEP_TARGET_SYSTEM_LIBRARY "/usr/lib/GNUstep"
| #define GNUSTEP_TARGET_SYSTEM_LIBRARIES "/usr/lib"
| #define GNUSTEP_TARGET_SYSTEM_HEADERS "/usr/include/GNUstep"
| #define GNUSTEP_TARGET_SYSTEM_DOC "/usr/share/GNUstep/Documentation"
| #define GNUSTEP_TARGET_SYSTEM_DOC_MAN "/usr/share/man"
| #define GNUSTEP_TARGET_SYSTEM_DOC_INFO "/usr/share/info"
| #define GNUSTEP_TARGET_NETWORK_APPS "/usr/local/lib/GNUstep/Applications"
| #define GNUSTEP_TARGET_NETWORK_ADMIN_APPS "/usr/local/lib/GNUstep/Applications"
| #define GNUSTEP_TARGET_NETWORK_WEB_APPS "/usr/lib/GNUstep/WebApplications"
| #define GNUSTEP_TARGET_NETWORK_TOOLS "/usr/local/bin"
| #define GNUSTEP_TARGET_NETWORK_ADMIN_TOOLS "/usr/local/sbin"
| #define GNUSTEP_TARGET_NETWORK_LIBRARY "/usr/local/lib/GNUstep"
| #define GNUSTEP_TARGET_NETWORK_LIBRARIES "/usr/local/lib"
| #define GNUSTEP_TARGET_NETWORK_HEADERS "/usr/local/include/GNUstep"
| #define GNUSTEP_TARGET_NETWORK_DOC "/usr/local/share/GNUstep/Documentation"
| #define GNUSTEP_TARGET_NETWORK_DOC_MAN "/usr/local/share/man"
| #define GNUSTEP_TARGET_NETWORK_DOC_INFO "/usr/local/share/info"
| #define GNUSTEP_TARGET_LOCAL_APPS "/usr/local/lib/GNUstep/Applications"
| #define GNUSTEP_TARGET_LOCAL_ADMIN_APPS "/usr/local/lib/GNUstep/Applications"
| #define GNUSTEP_TARGET_LOCAL_WEB_APPS "/usr/local/lib/GNUstep/WebApplications"
| #define GNUSTEP_TARGET_LOCAL_TOOLS "/usr/local/bin"
| #define GNUSTEP_TARGET_LOCAL_ADMIN_TOOLS "/usr/local/sbin"
| #define GNUSTEP_TARGET_LOCAL_LIBRARY "/usr/local/lib/GNUstep"
| #define GNUSTEP_TARGET_LOCAL_LIBRARIES "/usr/local/lib"
| #define GNUSTEP_TARGET_LOCAL_HEADERS "/usr/local/include/GNUstep"
| #define GNUSTEP_TARGET_LOCAL_DOC "/usr/local/share/GNUstep/Documentation"
| #define GNUSTEP_TARGET_LOCAL_DOC_MAN "/usr/local/share/man"
| #define GNUSTEP_TARGET_LOCAL_DOC_INFO "/usr/local/share/info"
| #define GNUSTEP_TARGET_USER_DIR_APPS "GNUstep/Applications"
| #define GNUSTEP_TARGET_USER_DIR_ADMIN_APPS "GNUstep/Applications/Admin"
| #define GNUSTEP_TARGET_USER_DIR_WEB_APPS "GNUstep/WebApplications"
| #define GNUSTEP_TARGET_USER_DIR_TOOLS "GNUstep/Tools"
| #define GNUSTEP_TARGET_USER_DIR_ADMIN_TOOLS "GNUstep/Tools/Admin"
| #define GNUSTEP_TARGET_USER_DIR_LIBRARY "GNUstep/Library"
| #define GNUSTEP_TARGET_USER_DIR_LIBRARIES "GNUstep/Library/Libraries"
| #define GNUSTEP_TARGET_USER_DIR_HEADERS "GNUstep/Library/Headers"
| #define GNUSTEP_TARGET_USER_DIR_DOC "GNUstep/Library/Documentation"
| #define GNUSTEP_TARGET_USER_DIR_DOC_MAN "GNUstep/Library/Documentation/man"
| #define GNUSTEP_TARGET_USER_DIR_DOC_INFO "GNUstep/Library/Documentation/info"
| #define GNUSTEP_TARGET_SYSTEM_USERS_DIR ""
| #define GNUSTEP_TARGET_NETWORK_USERS_DIR ""
| #define GNUSTEP_TARGET_LOCAL_USERS_DIR ""
| #define HAVE_STDIO_H 1
| #define HAVE_STDLIB_H 1
| #define HAVE_STRING_H 1
| #define HAVE_INTTYPES_H 1
| #define HAVE_STDINT_H 1
| #define HAVE_STRINGS_H 1
| #define HAVE_SYS_STAT_H 1
| #define HAVE_SYS_TYPES_H 1
| #define HAVE_UNISTD_H 1
| #define HAVE_WCHAR_H 1
| /* end confdefs.h.  */
| #include <stddef.h>
| #ifdef HAVE_STDIO_H
| # include <stdio.h>
| #endif
| #ifdef HAVE_STDLIB_H
| # include <stdlib.h>
| #endif
| #ifdef HAVE_STRING_H
| # include <string.h>
| #endif
| #ifdef HAVE_INTTYPES_H
| # include <inttypes.h>
| #endif
| #ifdef HAVE_STDINT_H
| # include <stdint.h>
| #endif
| #ifdef HAVE_STRINGS_H
| # include <strings.h>
| #endif
| #ifdef HAVE_SYS_TYPES_H
| # include <sys/types.h>
| #endif
| #ifdef HAVE_SYS_STAT_H
| # include <sys/stat.h>
| #endif
| #ifdef HAVE_UNISTD_H
| # include <unistd.h>
| #endif
| #include <minix/config.h>
configure:5506: result: no
configure:5537: checking whether it is safe to define __EXTENSIONS__
configure:5556: gcc -c -g -O2 -ffile-prefix-map=/<<PKGBUILDDIR>>=. -fstack-protector-strong -Wformat -Werror=format-security -Wdate-time -D_FORTIFY_SOURCE=2 -I/usr/local/include/GNUstep -I/usr/local/include/GNUstep -I/usr/include/GNUstep conftest.c >&5
configure:5556: $? = 0
configure:5564: result: yes
configure:5567: checking whether _XOPEN_SOURCE should be defined
configure:5589: gcc -c -g -O2 -ffile-prefix-map=/<<PKGBUILDDIR>>=. -fstack-protector-strong -Wformat -Werror=format-security -Wdate-time -D_FORTIFY_SOURCE=2 -I/usr/local/include/GNUstep -I/usr/local/include/GNUstep -I/usr/include/GNUstep conftest.c >&5
configure:5589: $? = 0
configure:5616: result: no
configure:5673: checking whether the compiler is clang
configure:5682: result: yes
configure:5696: checking for _LARGEFILE_SOURCE value needed for large files
configure:5716: gcc -o conftest -g -O2 -ffile-prefix-map=/<<PKGBUILDDIR>>=. -fstack-protector-strong -Wformat -Werror=format-security -Wdate-time -D_FORTIFY_SOURCE=2 -I/usr/local/include/GNUstep -I/usr/local/include/GNUstep -I/usr/include/GNUstep -Wl,-z,relro -Wl,-z,now -Wl,--no-undefined -L/usr/local/lib -L/usr/local/lib -L/usr/lib conftest.c  >&5
configure:5716: $? = 0
configure:5746: result: no
configure:5774: checking for special C compiler options needed for large files
configure:5822: result: no
configure:5828: checking for _FILE_OFFSET_BITS value needed for large files
configure:5854: gcc -c -g -O2 -ffile-prefix-map=/<<PKGBUILDDIR>>=. -fstack-protector-strong -Wformat -Werror=format-security -Wdate-time -D_FORTIFY_SOURCE=2 -I/usr/local/include/GNUstep -I/usr/local/include/GNUstep -I/usr/include/GNUstep conftest.c >&5
configure:5854: $? = 0
configure:5888: result: no
configure:5970: checking for off_t
configure:5970: gcc -c -g -O2 -ffile-prefix-map=/<<PKGBUILDDIR>>=. -fstack-protector-strong -Wformat -Werror=format-security -Wdate-time -D_FORTIFY_SOURCE=2 -I/usr/local/include/GNUstep -I/usr/local/include/GNUstep -I/usr/include/GNUstep conftest.c >&5
configure:5970: $? = 0
configure:5970: gcc -c -g -O2 -ffile-prefix-map=/<<PKGBUILDDIR>>=. -fstack-protector-strong -Wformat -Werror=format-security -Wdate-time -D_FORTIFY_SOURCE=2 -I/usr/local/include/GNUstep -I/usr/local/include/GNUstep -I/usr/include/GNUstep conftest.c >&5
conftest.c:120:20: error: expected expression
if (sizeof ((off_t)))
                   ^
1 error generated.
configure:5970: $? = 1
configure: failed program was:
| /* confdefs.h */
| #define PACKAGE_NAME ""
| #define PACKAGE_TARNAME ""
| #define PACKAGE_VERSION ""
| #define PACKAGE_STRING ""
| #define PACKAGE_BUGREPORT ""
| #define PACKAGE_URL ""
| #define OPTION_NO_ENVIRONMENT 0
| #define GNUSTEP_TARGET_MAKEFILES "/usr/share/GNUstep/Makefiles"
| #define GNUSTEP_TARGET_USER_DEFAULTS_DIR "GNUstep/Defaults"
| #define GNUSTEP_TARGET_USER_CONFIG_FILE ".GNUstep.conf"
| #define GNUSTEP_TARGET_CONFIG_FILE "/etc/GNUstep/GNUstep.conf"
| #define GNUSTEP_TARGET_SYSTEM_APPS "/usr/lib/GNUstep/Applications"
| #define GNUSTEP_TARGET_SYSTEM_ADMIN_APPS "/usr/lib/GNUstep/Applications"
| #define GNUSTEP_TARGET_SYSTEM_WEB_APPS "/usr/lib/GNUstep/WebApplications"
| #define GNUSTEP_TARGET_SYSTEM_TOOLS "/usr/bin"
| #define GNUSTEP_TARGET_SYSTEM_ADMIN_TOOLS "/usr/sbin"
| #define GNUSTEP_TARGET_SYSTEM_LIBRARY "/usr/lib/GNUstep"
| #define GNUSTEP_TARGET_SYSTEM_LIBRARIES "/usr/lib"
| #define GNUSTEP_TARGET_SYSTEM_HEADERS "/usr/include/GNUstep"
| #define GNUSTEP_TARGET_SYSTEM_DOC "/usr/share/GNUstep/Documentation"
| #define GNUSTEP_TARGET_SYSTEM_DOC_MAN "/usr/share/man"
| #define GNUSTEP_TARGET_SYSTEM_DOC_INFO "/usr/share/info"
| #define GNUSTEP_TARGET_NETWORK_APPS "/usr/local/lib/GNUstep/Applications"
| #define GNUSTEP_TARGET_NETWORK_ADMIN_APPS "/usr/local/lib/GNUstep/Applications"
| #define GNUSTEP_TARGET_NETWORK_WEB_APPS "/usr/lib/GNUstep/WebApplications"
| #define GNUSTEP_TARGET_NETWORK_TOOLS "/usr/local/bin"
| #define GNUSTEP_TARGET_NETWORK_ADMIN_TOOLS "/usr/local/sbin"
| #define GNUSTEP_TARGET_NETWORK_LIBRARY "/usr/local/lib/GNUstep"
| #define GNUSTEP_TARGET_NETWORK_LIBRARIES "/usr/local/lib"
| #define GNUSTEP_TARGET_NETWORK_HEADERS "/usr/local/include/GNUstep"
| #define GNUSTEP_TARGET_NETWORK_DOC "/usr/local/share/GNUstep/Documentation"
| #define GNUSTEP_TARGET_NETWORK_DOC_MAN "/usr/local/share/man"
| #define GNUSTEP_TARGET_NETWORK_DOC_INFO "/usr/local/share/info"
| #define GNUSTEP_TARGET_LOCAL_APPS "/usr/local/lib/GNUstep/Applications"
| #define GNUSTEP_TARGET_LOCAL_ADMIN_APPS "/usr/local/lib/GNUstep/Applications"
| #define GNUSTEP_TARGET_LOCAL_WEB_APPS "/usr/local/lib/GNUstep/WebApplications"
| #define GNUSTEP_TARGET_LOCAL_TOOLS "/usr/local/bin"
| #define GNUSTEP_TARGET_LOCAL_ADMIN_TOOLS "/usr/local/sbin"
| #define GNUSTEP_TARGET_LOCAL_LIBRARY "/usr/local/lib/GNUstep"
| #define GNUSTEP_TARGET_LOCAL_LIBRARIES "/usr/local/lib"
| #define GNUSTEP_TARGET_LOCAL_HEADERS "/usr/local/include/GNUstep"
| #define GNUSTEP_TARGET_LOCAL_DOC "/usr/local/share/GNUstep/Documentation"
| #define GNUSTEP_TARGET_LOCAL_DOC_MAN "/usr/local/share/man"
| #define GNUSTEP_TARGET_LOCAL_DOC_INFO "/usr/local/share/info"
| #define GNUSTEP_TARGET_USER_DIR_APPS "GNUstep/Applications"
| #define GNUSTEP_TARGET_USER_DIR_ADMIN_APPS "GNUstep/Applications/Admin"
| #define GNUSTEP_TARGET_USER_DIR_WEB_APPS "GNUstep/WebApplications"
| #define GNUSTEP_TARGET_USER_DIR_TOOLS "GNUstep/Tools"
| #define GNUSTEP_TARGET_USER_DIR_ADMIN_TOOLS "GNUstep/Tools/Admin"
| #define GNUSTEP_TARGET_USER_DIR_LIBRARY "GNUstep/Library"
| #define GNUSTEP_TARGET_USER_DIR_LIBRARIES "GNUstep/Library/Libraries"
| #define GNUSTEP_TARGET_USER_DIR_HEADERS "GNUstep/Library/Headers"
| #define GNUSTEP_TARGET_USER_DIR_DOC "GNUstep/Library/Documentation"
| #define GNUSTEP_TARGET_USER_DIR_DOC_MAN "GNUstep/Library/Documentation/man"
| #define GNUSTEP_TARGET_USER_DIR_DOC_INFO "GNUstep/Library/Documentation/info"
| #define GNUSTEP_TARGET_SYSTEM_USERS_DIR ""
| #define GNUSTEP_TARGET_NETWORK_USERS_DIR ""
| #define GNUSTEP_TARGET_LOCAL_USERS_DIR ""
| #define HAVE_STDIO_H 1
| #define HAVE_STDLIB_H 1
| #define HAVE_STRING_H 1
| #define HAVE_INTTYPES_H 1
| #define HAVE_STDINT_H 1
| #define HAVE_STRINGS_H 1
| #define HAVE_SYS_STAT_H 1
| #define HAVE_SYS_TYPES_H 1
| #define HAVE_UNISTD_H 1
| #define HAVE_WCHAR_H 1
| #define STDC_HEADERS 1
| #define _ALL_SOURCE 1
| #define _DARWIN_C_SOURCE 1
| #define _GNU_SOURCE 1
| #define _HPUX_ALT_XOPEN_SOCKET_API 1
| #define _NETBSD_SOURCE 1
| #define _OPENBSD_SOURCE 1
| #define _POSIX_PTHREAD_SEMANTICS 1
| #define __STDC_WANT_IEC_60559_ATTRIBS_EXT__ 1
| #define __STDC_WANT_IEC_60559_BFP_EXT__ 1
| #define __STDC_WANT_IEC_60559_DFP_EXT__ 1
| #define __STDC_WANT_IEC_60559_FUNCS_EXT__ 1
| #define __STDC_WANT_IEC_60559_TYPES_EXT__ 1
| #define __STDC_WANT_LIB_EXT2__ 1
| #define __STDC_WANT_MATH_SPEC_FUNCS__ 1
| #define _TANDEM_SOURCE 1
| #define __EXTENSIONS__ 1
| #define HAVE_FSEEKO 1
| /* end confdefs.h.  */
| #include <stddef.h>
| #ifdef HAVE_STDIO_H
| # include <stdio.h>
| #endif
| #ifdef HAVE_STDLIB_H
| # include <stdlib.h>
| #endif
| #ifdef HAVE_STRING_H
| # include <string.h>
| #endif
| #ifdef HAVE_INTTYPES_H
| # include <inttypes.h>
| #endif
| #ifdef HAVE_STDINT_H
| # include <stdint.h>
| #endif
| #ifdef HAVE_STRINGS_H
| # include <strings.h>
| #endif
| #ifdef HAVE_SYS_TYPES_H
| # include <sys/types.h>
| #endif
| #ifdef HAVE_SYS_STAT_H
| # include <sys/stat.h>
| #endif
| #ifdef HAVE_UNISTD_H
| # include <unistd.h>
| #endif
| int
| main (void)
| {
| if (sizeof ((off_t)))
| 	    return 0;
|   ;
|   return 0;
| }
configure:5970: result: yes
configure:5991: checking whether the compiler supports atomic operations
configure:6004: gcc -o conftest -g -O2 -ffile-prefix-map=/<<PKGBUILDDIR>>=. -fstack-protector-strong -Wformat -Werror=format-security -Wdate-time -D_FORTIFY_SOURCE=2 -I/usr/local/include/GNUstep -I/usr/local/include/GNUstep -I/usr/include/GNUstep -Wl,-z,relro -Wl,-z,now -Wl,--no-undefined -L/usr/local/lib -L/usr/local/lib -L/usr/lib conftest.c  >&5
configure:6004: $? = 0
configure:6013: result: yes
configure:6122: checking for whoami
configure:6146: found /usr/bin/whoami
configure:6159: result: /usr/bin/whoami
configure:6226: checking for pkg-config
configure:6249: found /usr/bin/pkg-config
configure:6261: result: /usr/bin/pkg-config
configure:6286: checking pkg-config is at least version 0.9.0
configure:6289: result: yes
configure:6321: checking the Objective-C runtime
configure:6331: result: GNU
configure:6350: checking for custom shared objc library
configure:6410: result: NONE
configure:6427: checking for objc/runtime.h
configure:6427: gcc -c -g -O2 -ffile-prefix-map=/<<PKGBUILDDIR>>=. -fstack-protector-strong -Wformat -Werror=format-security -Wdate-time -D_FORTIFY_SOURCE=2 -I/usr/local/include/GNUstep -I/usr/local/include/GNUstep -I/usr/include/GNUstep conftest.c >&5
conftest.c:118:10: fatal error: 'objc/runtime.h' file not found
#include <objc/runtime.h>
         ^~~~~~~~~~~~~~~~
1 error generated.
configure:6427: $? = 1
configure: failed program was:
| /* confdefs.h */
| #define PACKAGE_NAME ""
| #define PACKAGE_TARNAME ""
| #define PACKAGE_VERSION ""
| #define PACKAGE_STRING ""
| #define PACKAGE_BUGREPORT ""
| #define PACKAGE_URL ""
| #define OPTION_NO_ENVIRONMENT 0
| #define GNUSTEP_TARGET_MAKEFILES "/usr/share/GNUstep/Makefiles"
| #define GNUSTEP_TARGET_USER_DEFAULTS_DIR "GNUstep/Defaults"
| #define GNUSTEP_TARGET_USER_CONFIG_FILE ".GNUstep.conf"
| #define GNUSTEP_TARGET_CONFIG_FILE "/etc/GNUstep/GNUstep.conf"
| #define GNUSTEP_TARGET_SYSTEM_APPS "/usr/lib/GNUstep/Applications"
| #define GNUSTEP_TARGET_SYSTEM_ADMIN_APPS "/usr/lib/GNUstep/Applications"
| #define GNUSTEP_TARGET_SYSTEM_WEB_APPS "/usr/lib/GNUstep/WebApplications"
| #define GNUSTEP_TARGET_SYSTEM_TOOLS "/usr/bin"
| #define GNUSTEP_TARGET_SYSTEM_ADMIN_TOOLS "/usr/sbin"
| #define GNUSTEP_TARGET_SYSTEM_LIBRARY "/usr/lib/GNUstep"
| #define GNUSTEP_TARGET_SYSTEM_LIBRARIES "/usr/lib"
| #define GNUSTEP_TARGET_SYSTEM_HEADERS "/usr/include/GNUstep"
| #define GNUSTEP_TARGET_SYSTEM_DOC "/usr/share/GNUstep/Documentation"
| #define GNUSTEP_TARGET_SYSTEM_DOC_MAN "/usr/share/man"
| #define GNUSTEP_TARGET_SYSTEM_DOC_INFO "/usr/share/info"
| #define GNUSTEP_TARGET_NETWORK_APPS "/usr/local/lib/GNUstep/Applications"
| #define GNUSTEP_TARGET_NETWORK_ADMIN_APPS "/usr/local/lib/GNUstep/Applications"
| #define GNUSTEP_TARGET_NETWORK_WEB_APPS "/usr/lib/GNUstep/WebApplications"
| #define GNUSTEP_TARGET_NETWORK_TOOLS "/usr/local/bin"
| #define GNUSTEP_TARGET_NETWORK_ADMIN_TOOLS "/usr/local/sbin"
| #define GNUSTEP_TARGET_NETWORK_LIBRARY "/usr/local/lib/GNUstep"
| #define GNUSTEP_TARGET_NETWORK_LIBRARIES "/usr/local/lib"
| #define GNUSTEP_TARGET_NETWORK_HEADERS "/usr/local/include/GNUstep"
| #define GNUSTEP_TARGET_NETWORK_DOC "/usr/local/share/GNUstep/Documentation"
| #define GNUSTEP_TARGET_NETWORK_DOC_MAN "/usr/local/share/man"
| #define GNUSTEP_TARGET_NETWORK_DOC_INFO "/usr/local/share/info"
| #define GNUSTEP_TARGET_LOCAL_APPS "/usr/local/lib/GNUstep/Applications"
| #define GNUSTEP_TARGET_LOCAL_ADMIN_APPS "/usr/local/lib/GNUstep/Applications"
| #define GNUSTEP_TARGET_LOCAL_WEB_APPS "/usr/local/lib/GNUstep/WebApplications"
| #define GNUSTEP_TARGET_LOCAL_TOOLS "/usr/local/bin"
| #define GNUSTEP_TARGET_LOCAL_ADMIN_TOOLS "/usr/local/sbin"
| #define GNUSTEP_TARGET_LOCAL_LIBRARY "/usr/local/lib/GNUstep"
| #define GNUSTEP_TARGET_LOCAL_LIBRARIES "/usr/local/lib"
| #define GNUSTEP_TARGET_LOCAL_HEADERS "/usr/local/include/GNUstep"
| #define GNUSTEP_TARGET_LOCAL_DOC "/usr/local/share/GNUstep/Documentation"
| #define GNUSTEP_TARGET_LOCAL_DOC_MAN "/usr/local/share/man"
| #define GNUSTEP_TARGET_LOCAL_DOC_INFO "/usr/local/share/info"
| #define GNUSTEP_TARGET_USER_DIR_APPS "GNUstep/Applications"
| #define GNUSTEP_TARGET_USER_DIR_ADMIN_APPS "GNUstep/Applications/Admin"
| #define GNUSTEP_TARGET_USER_DIR_WEB_APPS "GNUstep/WebApplications"
| #define GNUSTEP_TARGET_USER_DIR_TOOLS "GNUstep/Tools"
| #define GNUSTEP_TARGET_USER_DIR_ADMIN_TOOLS "GNUstep/Tools/Admin"
| #define GNUSTEP_TARGET_USER_DIR_LIBRARY "GNUstep/Library"
| #define GNUSTEP_TARGET_USER_DIR_LIBRARIES "GNUstep/Library/Libraries"
| #define GNUSTEP_TARGET_USER_DIR_HEADERS "GNUstep/Library/Headers"
| #define GNUSTEP_TARGET_USER_DIR_DOC "GNUstep/Library/Documentation"
| #define GNUSTEP_TARGET_USER_DIR_DOC_MAN "GNUstep/Library/Documentation/man"
| #define GNUSTEP_TARGET_USER_DIR_DOC_INFO "GNUstep/Library/Documentation/info"
| #define GNUSTEP_TARGET_SYSTEM_USERS_DIR ""
| #define GNUSTEP_TARGET_NETWORK_USERS_DIR ""
| #define GNUSTEP_TARGET_LOCAL_USERS_DIR ""
| #define HAVE_STDIO_H 1
| #define HAVE_STDLIB_H 1
| #define HAVE_STRING_H 1
| #define HAVE_INTTYPES_H 1
| #define HAVE_STDINT_H 1
| #define HAVE_STRINGS_H 1
| #define HAVE_SYS_STAT_H 1
| #define HAVE_SYS_TYPES_H 1
| #define HAVE_UNISTD_H 1
| #define HAVE_WCHAR_H 1
| #define STDC_HEADERS 1
| #define _ALL_SOURCE 1
| #define _DARWIN_C_SOURCE 1
| #define _GNU_SOURCE 1
| #define _HPUX_ALT_XOPEN_SOCKET_API 1
| #define _NETBSD_SOURCE 1
| #define _OPENBSD_SOURCE 1
| #define _POSIX_PTHREAD_SEMANTICS 1
| #define __STDC_WANT_IEC_60559_ATTRIBS_EXT__ 1
| #define __STDC_WANT_IEC_60559_BFP_EXT__ 1
| #define __STDC_WANT_IEC_60559_DFP_EXT__ 1
| #define __STDC_WANT_IEC_60559_FUNCS_EXT__ 1
| #define __STDC_WANT_IEC_60559_TYPES_EXT__ 1
| #define __STDC_WANT_LIB_EXT2__ 1
| #define __STDC_WANT_MATH_SPEC_FUNCS__ 1
| #define _TANDEM_SOURCE 1
| #define __EXTENSIONS__ 1
| #define HAVE_FSEEKO 1
| #define USE_ATOMIC_BUILTINS 1
| /* end confdefs.h.  */
| #include <stddef.h>
| #ifdef HAVE_STDIO_H
| # include <stdio.h>
| #endif
| #ifdef HAVE_STDLIB_H
| # include <stdlib.h>
| #endif
| #ifdef HAVE_STRING_H
| # include <string.h>
| #endif
| #ifdef HAVE_INTTYPES_H
| # include <inttypes.h>
| #endif
| #ifdef HAVE_STDINT_H
| # include <stdint.h>
| #endif
| #ifdef HAVE_STRINGS_H
| # include <strings.h>
| #endif
| #ifdef HAVE_SYS_TYPES_H
| # include <sys/types.h>
| #endif
| #ifdef HAVE_SYS_STAT_H
| # include <sys/stat.h>
| #endif
| #ifdef HAVE_UNISTD_H
| # include <unistd.h>
| #endif
| #include <objc/runtime.h>
configure:6427: result: no
configure:6434: checking for objc/objc.h
configure:6434: gcc -c -g -O2 -ffile-prefix-map=/<<PKGBUILDDIR>>=. -fstack-protector-strong -Wformat -Werror=format-security -Wdate-time -D_FORTIFY_SOURCE=2 -I/usr/local/include/GNUstep -I/usr/local/include/GNUstep -I/usr/include/GNUstep conftest.c >&5
conftest.c:118:10: fatal error: 'objc/objc.h' file not found
#include <objc/objc.h>
         ^~~~~~~~~~~~~
1 error generated.
configure:6434: $? = 1
configure: failed program was:
| /* confdefs.h */
| #define PACKAGE_NAME ""
| #define PACKAGE_TARNAME ""
| #define PACKAGE_VERSION ""
| #define PACKAGE_STRING ""
| #define PACKAGE_BUGREPORT ""
| #define PACKAGE_URL ""
| #define OPTION_NO_ENVIRONMENT 0
| #define GNUSTEP_TARGET_MAKEFILES "/usr/share/GNUstep/Makefiles"
| #define GNUSTEP_TARGET_USER_DEFAULTS_DIR "GNUstep/Defaults"
| #define GNUSTEP_TARGET_USER_CONFIG_FILE ".GNUstep.conf"
| #define GNUSTEP_TARGET_CONFIG_FILE "/etc/GNUstep/GNUstep.conf"
| #define GNUSTEP_TARGET_SYSTEM_APPS "/usr/lib/GNUstep/Applications"
| #define GNUSTEP_TARGET_SYSTEM_ADMIN_APPS "/usr/lib/GNUstep/Applications"
| #define GNUSTEP_TARGET_SYSTEM_WEB_APPS "/usr/lib/GNUstep/WebApplications"
| #define GNUSTEP_TARGET_SYSTEM_TOOLS "/usr/bin"
| #define GNUSTEP_TARGET_SYSTEM_ADMIN_TOOLS "/usr/sbin"
| #define GNUSTEP_TARGET_SYSTEM_LIBRARY "/usr/lib/GNUstep"
| #define GNUSTEP_TARGET_SYSTEM_LIBRARIES "/usr/lib"
| #define GNUSTEP_TARGET_SYSTEM_HEADERS "/usr/include/GNUstep"
| #define GNUSTEP_TARGET_SYSTEM_DOC "/usr/share/GNUstep/Documentation"
| #define GNUSTEP_TARGET_SYSTEM_DOC_MAN "/usr/share/man"
| #define GNUSTEP_TARGET_SYSTEM_DOC_INFO "/usr/share/info"
| #define GNUSTEP_TARGET_NETWORK_APPS "/usr/local/lib/GNUstep/Applications"
| #define GNUSTEP_TARGET_NETWORK_ADMIN_APPS "/usr/local/lib/GNUstep/Applications"
| #define GNUSTEP_TARGET_NETWORK_WEB_APPS "/usr/lib/GNUstep/WebApplications"
| #define GNUSTEP_TARGET_NETWORK_TOOLS "/usr/local/bin"
| #define GNUSTEP_TARGET_NETWORK_ADMIN_TOOLS "/usr/local/sbin"
| #define GNUSTEP_TARGET_NETWORK_LIBRARY "/usr/local/lib/GNUstep"
| #define GNUSTEP_TARGET_NETWORK_LIBRARIES "/usr/local/lib"
| #define GNUSTEP_TARGET_NETWORK_HEADERS "/usr/local/include/GNUstep"
| #define GNUSTEP_TARGET_NETWORK_DOC "/usr/local/share/GNUstep/Documentation"
| #define GNUSTEP_TARGET_NETWORK_DOC_MAN "/usr/local/share/man"
| #define GNUSTEP_TARGET_NETWORK_DOC_INFO "/usr/local/share/info"
| #define GNUSTEP_TARGET_LOCAL_APPS "/usr/local/lib/GNUstep/Applications"
| #define GNUSTEP_TARGET_LOCAL_ADMIN_APPS "/usr/local/lib/GNUstep/Applications"
| #define GNUSTEP_TARGET_LOCAL_WEB_APPS "/usr/local/lib/GNUstep/WebApplications"
| #define GNUSTEP_TARGET_LOCAL_TOOLS "/usr/local/bin"
| #define GNUSTEP_TARGET_LOCAL_ADMIN_TOOLS "/usr/local/sbin"
| #define GNUSTEP_TARGET_LOCAL_LIBRARY "/usr/local/lib/GNUstep"
| #define GNUSTEP_TARGET_LOCAL_LIBRARIES "/usr/local/lib"
| #define GNUSTEP_TARGET_LOCAL_HEADERS "/usr/local/include/GNUstep"
| #define GNUSTEP_TARGET_LOCAL_DOC "/usr/local/share/GNUstep/Documentation"
| #define GNUSTEP_TARGET_LOCAL_DOC_MAN "/usr/local/share/man"
| #define GNUSTEP_TARGET_LOCAL_DOC_INFO "/usr/local/share/info"
| #define GNUSTEP_TARGET_USER_DIR_APPS "GNUstep/Applications"
| #define GNUSTEP_TARGET_USER_DIR_ADMIN_APPS "GNUstep/Applications/Admin"
| #define GNUSTEP_TARGET_USER_DIR_WEB_APPS "GNUstep/WebApplications"
| #define GNUSTEP_TARGET_USER_DIR_TOOLS "GNUstep/Tools"
| #define GNUSTEP_TARGET_USER_DIR_ADMIN_TOOLS "GNUstep/Tools/Admin"
| #define GNUSTEP_TARGET_USER_DIR_LIBRARY "GNUstep/Library"
| #define GNUSTEP_TARGET_USER_DIR_LIBRARIES "GNUstep/Library/Libraries"
| #define GNUSTEP_TARGET_USER_DIR_HEADERS "GNUstep/Library/Headers"
| #define GNUSTEP_TARGET_USER_DIR_DOC "GNUstep/Library/Documentation"
| #define GNUSTEP_TARGET_USER_DIR_DOC_MAN "GNUstep/Library/Documentation/man"
| #define GNUSTEP_TARGET_USER_DIR_DOC_INFO "GNUstep/Library/Documentation/info"
| #define GNUSTEP_TARGET_SYSTEM_USERS_DIR ""
| #define GNUSTEP_TARGET_NETWORK_USERS_DIR ""
| #define GNUSTEP_TARGET_LOCAL_USERS_DIR ""
| #define HAVE_STDIO_H 1
| #define HAVE_STDLIB_H 1
| #define HAVE_STRING_H 1
| #define HAVE_INTTYPES_H 1
| #define HAVE_STDINT_H 1
| #define HAVE_STRINGS_H 1
| #define HAVE_SYS_STAT_H 1
| #define HAVE_SYS_TYPES_H 1
| #define HAVE_UNISTD_H 1
| #define HAVE_WCHAR_H 1
| #define STDC_HEADERS 1
| #define _ALL_SOURCE 1
| #define _DARWIN_C_SOURCE 1
| #define _GNU_SOURCE 1
| #define _HPUX_ALT_XOPEN_SOCKET_API 1
| #define _NETBSD_SOURCE 1
| #define _OPENBSD_SOURCE 1
| #define _POSIX_PTHREAD_SEMANTICS 1
| #define __STDC_WANT_IEC_60559_ATTRIBS_EXT__ 1
| #define __STDC_WANT_IEC_60559_BFP_EXT__ 1
| #define __STDC_WANT_IEC_60559_DFP_EXT__ 1
| #define __STDC_WANT_IEC_60559_FUNCS_EXT__ 1
| #define __STDC_WANT_IEC_60559_TYPES_EXT__ 1
| #define __STDC_WANT_LIB_EXT2__ 1
| #define __STDC_WANT_MATH_SPEC_FUNCS__ 1
| #define _TANDEM_SOURCE 1
| #define __EXTENSIONS__ 1
| #define HAVE_FSEEKO 1
| #define USE_ATOMIC_BUILTINS 1
| /* end confdefs.h.  */
| #include <stddef.h>
| #ifdef HAVE_STDIO_H
| # include <stdio.h>
| #endif
| #ifdef HAVE_STDLIB_H
| # include <stdlib.h>
| #endif
| #ifdef HAVE_STRING_H
| # include <string.h>
| #endif
| #ifdef HAVE_INTTYPES_H
| # include <inttypes.h>
| #endif
| #ifdef HAVE_STDINT_H
| # include <stdint.h>
| #endif
| #ifdef HAVE_STRINGS_H
| # include <strings.h>
| #endif
| #ifdef HAVE_SYS_TYPES_H
| # include <sys/types.h>
| #endif
| #ifdef HAVE_SYS_STAT_H
| # include <sys/stat.h>
| #endif
| #ifdef HAVE_UNISTD_H
| # include <unistd.h>
| #endif
| #include <objc/objc.h>
configure:6434: result: no
configure:6444: error: Could not find Objective-C headers

## ---------------- ##
## Cache variables. ##
## ---------------- ##

ac_cv_build=x86_64-pc-linux-gnu
ac_cv_c_compiler_gnu=yes
ac_cv_env_CC_set=
ac_cv_env_CC_value=
ac_cv_env_CFLAGS_set=set
ac_cv_env_CFLAGS_value='-g -O2 -ffile-prefix-map=/<<PKGBUILDDIR>>=. -fstack-protector-strong -Wformat -Werror=format-security'
ac_cv_env_CPPFLAGS_set=set
ac_cv_env_CPPFLAGS_value='-Wdate-time -D_FORTIFY_SOURCE=2'
ac_cv_env_CPP_set=
ac_cv_env_CPP_value=
ac_cv_env_ICU_CFLAGS_set=
ac_cv_env_ICU_CFLAGS_value=
ac_cv_env_ICU_LIBS_set=
ac_cv_env_ICU_LIBS_value=
ac_cv_env_LDFLAGS_set=set
ac_cv_env_LDFLAGS_value='-Wl,-z,relro -Wl,-z,now -Wl,--no-undefined'
ac_cv_env_LIBS_set=
ac_cv_env_LIBS_value=
ac_cv_env_PKG_CONFIG_LIBDIR_set=
ac_cv_env_PKG_CONFIG_LIBDIR_value=
ac_cv_env_PKG_CONFIG_PATH_set=
ac_cv_env_PKG_CONFIG_PATH_value=
ac_cv_env_PKG_CONFIG_set=
ac_cv_env_PKG_CONFIG_value=
ac_cv_env_XML_CFLAGS_set=
ac_cv_env_XML_CFLAGS_value=
ac_cv_env_XML_LIBS_set=
ac_cv_env_XML_LIBS_value=
ac_cv_env_build_alias_set=set
ac_cv_env_build_alias_value=x86_64-linux-gnu
ac_cv_env_host_alias_set=
ac_cv_env_host_alias_value=
ac_cv_env_target_alias_set=
ac_cv_env_target_alias_value=
ac_cv_environment_config_file=yes
ac_cv_func_setpgrp_void=yes
ac_cv_header_inttypes_h=yes
ac_cv_header_minix_config_h=no
ac_cv_header_objc_objc_h=no
ac_cv_header_objc_runtime_h=no
ac_cv_header_stdint_h=yes
ac_cv_header_stdio_h=yes
ac_cv_header_stdlib_h=yes
ac_cv_header_string_h=yes
ac_cv_header_strings_h=yes
ac_cv_header_sys_stat_h=yes
ac_cv_header_sys_types_h=yes
ac_cv_header_unistd_h=yes
ac_cv_header_wchar_h=yes
ac_cv_host=x86_64-pc-linux-gnu
ac_cv_importing_config_file=yes
ac_cv_lib_kvm_kvm_getenvv=no
ac_cv_objext=o
ac_cv_path_WHOAMI=/usr/bin/whoami
ac_cv_path_ac_pt_PKG_CONFIG=/usr/bin/pkg-config
ac_cv_prog_CPP='gcc -E'
ac_cv_prog_ac_ct_CC=gcc
ac_cv_prog_cc_c11=
ac_cv_prog_cc_g=yes
ac_cv_prog_cc_stdc=
ac_cv_safe_to_define___extensions__=yes
ac_cv_should_define__xopen_source=no
ac_cv_sys_file_offset_bits=no
ac_cv_sys_largefile_CC=no
ac_cv_sys_largefile_source=no
ac_cv_target=x86_64-pc-linux-gnu
ac_cv_type_off_t=yes
cross_gs_cv_objc_compiler_supports_constant_string_class=no
cross_gs_cv_objc_load_method_worked=no
cross_gs_cv_objc_works=yes
cross_gs_cv_program_invocation_name_worked=no
gs_cv_objc_incdir=NONE
gs_cv_objc_libdir=NONE

## ----------------- ##
## Output variables. ##
## ----------------- ##

BASE_NATIVE_OBJC_EXCEPTIONS=''
BASE_NONFRAGILE_ABI='0'
BUGGY_PTR_LIMITS=''
CC='gcc'
CFLAGS='-g -O2 -ffile-prefix-map=/<<PKGBUILDDIR>>=. -fstack-protector-strong -Wformat -Werror=format-security'
CLANG_CC='yes'
CPP='gcc -E'
CPPFLAGS='-Wdate-time -D_FORTIFY_SOURCE=2 -I/usr/local/include/GNUstep -I/usr/local/include/GNUstep -I/usr/include/GNUstep'
DEFINE_INT16_T=''
DEFINE_INT32_T=''
DEFINE_INT64_T=''
DEFINE_INT8_T=''
DEFINE_INTPTR_T=''
DEFINE_UINT16_T=''
DEFINE_UINT32_T=''
DEFINE_UINT64_T=''
DEFINE_UINT8_T=''
DEFINE_UINTPTR_T=''
DEFS=''
DYNAMIC_LINKER=''
ECHO_C=''
ECHO_N='-n'
ECHO_T=''
EGREP=''
EXEEXT=''
GCC_VERSION=''
GNUSTEP_BASE_DOMAIN='SYSTEM'
GNUSTEP_BASE_RELATIVE_PATHS='no'
GNUSTEP_GDOMAP_PORT_OVERRIDE=''
GNUSTEP_INSTALL_GDOMAP_AS_SETUID=''
GREP=''
GS_ALIGNOF_COND_T=''
GS_ALIGNOF_MUTEX_T=''
GS_FAKE_MAIN=''
GS_FLT32=''
GS_FLT64=''
GS_HAVE_I128=''
GS_HAVE_I64=''
GS_HAVE_OBJC_ROOT_CLASS_ATTR=''
GS_INTPTR_MAX=''
GS_INTPTR_MIN=''
GS_MIXEDABI=''
GS_NONFRAGILE=''
GS_PASS_ARGUMENTS=''
GS_SADDR=''
GS_SINT128=''
GS_SINT16=''
GS_SINT32=''
GS_SINT64=''
GS_SINT8=''
GS_SIZEOF_COND_T=''
GS_SIZEOF_MUTEX_T=''
GS_UADDR=''
GS_UINT128=''
GS_UINT16=''
GS_UINT32=''
GS_UINT64=''
GS_UINT8=''
GS_UINTPTR_MAX=''
GS_WORDS_BIGENDIAN=''
HAVE_AVAHI=''
HAVE_BLOCKS=''
HAVE_GNUTLS=''
HAVE_ICU=''
HAVE_INET_NTOP=''
HAVE_INET_PTON=''
HAVE_LIBDISPATCH=''
HAVE_LIBDISPATCH_RUNLOOP=''
HAVE_LIBXML=''
HAVE_LIBXSLT=''
HAVE_MDNS=''
HAVE_OBJC_SYNC_ENTER=''
HAVE_PTS_STREAM_MODULES=''
ICU_CFLAGS=''
ICU_LIBS=''
INCLUDE_FLAGS='-Wdate-time -D_FORTIFY_SOURCE=2 -I/usr/local/include/GNUstep -I/usr/local/include/GNUstep -I/usr/include/GNUstep'
INCLUDE_INTTYPES=''
LDFLAGS='-Wl,-z,relro -Wl,-z,now -Wl,--no-undefined -L/usr/local/lib -L/usr/local/lib -L/usr/lib'
LDIR_FLAGS='-Wl,-z,relro -Wl,-z,now -Wl,--no-undefined -L/usr/local/lib -L/usr/local/lib -L/usr/lib'
LIBOBJS=''
LIBS=''
LTLIBOBJS=''
MAJOR_VERSION=''
MINOR_VERSION=''
NX_CONST_STRING_CLASS=''
NX_CONST_STRING_OBJCFLAGS=''
OBJC2RUNTIME=''
OBJCFLAGS='-g -O2 -ffile-prefix-map=/<<PKGBUILDDIR>>=. -fstack-protector-strong -Wformat -Werror=format-security -fobjc-runtime=gcc'
OBJCSYNC=''
OBJEXT='o'
PACKAGE_BUGREPORT=''
PACKAGE_NAME=''
PACKAGE_STRING=''
PACKAGE_TARNAME=''
PACKAGE_URL=''
PACKAGE_VERSION=''
PATH_SEPARATOR=':'
PKG_CONFIG='/usr/bin/pkg-config'
PKG_CONFIG_LIBDIR=''
PKG_CONFIG_PATH='/<<PKGBUILDDIR>>/debian/.debhelper/generated/_source/home/GNUstep/Library/Libraries/pkgconfig:/usr/local/lib/pkgconfig:/usr/lib/pkgconfig'
SHELL='/bin/bash'
SUBMINOR_VERSION=''
TLS_CFLAGS=''
TLS_CONFIG=''
TLS_LIBS=''
USE_GMP=''
USE_ZLIB=''
VERSION=''
WARN_FLAGS=''
WHOAMI='/usr/bin/whoami'
WITH_FFI=''
XML2_CONFIG=''
XML_CFLAGS=''
XML_CONFIG=''
XML_LIBS=''
_GSC_S_INT=''
_GSC_S_LNG=''
_GSC_S_LNG_LNG=''
_GSC_S_SHT=''
ac_ct_CC='gcc'
ac_cv_sizeof_double=''
ac_cv_sizeof_float=''
ac_cv_sizeof_int=''
ac_cv_sizeof_long=''
ac_cv_sizeof_long_long=''
ac_cv_sizeof_short=''
ac_cv_sizeof_voidp=''
bindir='${exec_prefix}/bin'
build='x86_64-pc-linux-gnu'
build_alias='x86_64-linux-gnu'
build_cpu='x86_64'
build_os='linux-gnu'
build_vendor='pc'
datadir='${datarootdir}'
datarootdir='${prefix}/share'
docdir='${datarootdir}/doc/${PACKAGE}'
dvidir='${docdir}'
exec_prefix='NONE'
host='x86_64-pc-linux-gnu'
host_alias=''
host_cpu='x86_64'
host_os='linux-gnu'
host_vendor='pc'
htmldir='${docdir}'
includedir='${prefix}/include'
infodir='${prefix}/share/info'
libdir='${prefix}/lib/x86_64-linux-gnu'
libexecdir='${exec_prefix}/libexec'
localedir='${datarootdir}/locale'
localstatedir='/var'
mandir='${prefix}/share/man'
oldincludedir='/usr/include'
pdfdir='${docdir}'
prefix='/usr'
program_transform_name='s,x,x,'
psdir='${docdir}'
runstatedir='/run'
sbindir='${exec_prefix}/sbin'
sharedstatedir='${prefix}/com'
sysconfdir='/etc'
target='x86_64-pc-linux-gnu'
target_alias=''
target_cpu='x86_64'
target_os='linux-gnu'
target_vendor='pc'

## ----------- ##
## confdefs.h. ##
## ----------- ##

/* confdefs.h */
#define PACKAGE_NAME ""
#define PACKAGE_TARNAME ""
#define PACKAGE_VERSION ""
#define PACKAGE_STRING ""
#define PACKAGE_BUGREPORT ""
#define PACKAGE_URL ""
#define OPTION_NO_ENVIRONMENT 0
#define GNUSTEP_TARGET_MAKEFILES "/usr/share/GNUstep/Makefiles"
#define GNUSTEP_TARGET_USER_DEFAULTS_DIR "GNUstep/Defaults"
#define GNUSTEP_TARGET_USER_CONFIG_FILE ".GNUstep.conf"
#define GNUSTEP_TARGET_CONFIG_FILE "/etc/GNUstep/GNUstep.conf"
#define GNUSTEP_TARGET_SYSTEM_APPS "/usr/lib/GNUstep/Applications"
#define GNUSTEP_TARGET_SYSTEM_ADMIN_APPS "/usr/lib/GNUstep/Applications"
#define GNUSTEP_TARGET_SYSTEM_WEB_APPS "/usr/lib/GNUstep/WebApplications"
#define GNUSTEP_TARGET_SYSTEM_TOOLS "/usr/bin"
#define GNUSTEP_TARGET_SYSTEM_ADMIN_TOOLS "/usr/sbin"
#define GNUSTEP_TARGET_SYSTEM_LIBRARY "/usr/lib/GNUstep"
#define GNUSTEP_TARGET_SYSTEM_LIBRARIES "/usr/lib"
#define GNUSTEP_TARGET_SYSTEM_HEADERS "/usr/include/GNUstep"
#define GNUSTEP_TARGET_SYSTEM_DOC "/usr/share/GNUstep/Documentation"
#define GNUSTEP_TARGET_SYSTEM_DOC_MAN "/usr/share/man"
#define GNUSTEP_TARGET_SYSTEM_DOC_INFO "/usr/share/info"
#define GNUSTEP_TARGET_NETWORK_APPS "/usr/local/lib/GNUstep/Applications"
#define GNUSTEP_TARGET_NETWORK_ADMIN_APPS "/usr/local/lib/GNUstep/Applications"
#define GNUSTEP_TARGET_NETWORK_WEB_APPS "/usr/lib/GNUstep/WebApplications"
#define GNUSTEP_TARGET_NETWORK_TOOLS "/usr/local/bin"
#define GNUSTEP_TARGET_NETWORK_ADMIN_TOOLS "/usr/local/sbin"
#define GNUSTEP_TARGET_NETWORK_LIBRARY "/usr/local/lib/GNUstep"
#define GNUSTEP_TARGET_NETWORK_LIBRARIES "/usr/local/lib"
#define GNUSTEP_TARGET_NETWORK_HEADERS "/usr/local/include/GNUstep"
#define GNUSTEP_TARGET_NETWORK_DOC "/usr/local/share/GNUstep/Documentation"
#define GNUSTEP_TARGET_NETWORK_DOC_MAN "/usr/local/share/man"
#define GNUSTEP_TARGET_NETWORK_DOC_INFO "/usr/local/share/info"
#define GNUSTEP_TARGET_LOCAL_APPS "/usr/local/lib/GNUstep/Applications"
#define GNUSTEP_TARGET_LOCAL_ADMIN_APPS "/usr/local/lib/GNUstep/Applications"
#define GNUSTEP_TARGET_LOCAL_WEB_APPS "/usr/local/lib/GNUstep/WebApplications"
#define GNUSTEP_TARGET_LOCAL_TOOLS "/usr/local/bin"
#define GNUSTEP_TARGET_LOCAL_ADMIN_TOOLS "/usr/local/sbin"
#define GNUSTEP_TARGET_LOCAL_LIBRARY "/usr/local/lib/GNUstep"
#define GNUSTEP_TARGET_LOCAL_LIBRARIES "/usr/local/lib"
#define GNUSTEP_TARGET_LOCAL_HEADERS "/usr/local/include/GNUstep"
#define GNUSTEP_TARGET_LOCAL_DOC "/usr/local/share/GNUstep/Documentation"
#define GNUSTEP_TARGET_LOCAL_DOC_MAN "/usr/local/share/man"
#define GNUSTEP_TARGET_LOCAL_DOC_INFO "/usr/local/share/info"
#define GNUSTEP_TARGET_USER_DIR_APPS "GNUstep/Applications"
#define GNUSTEP_TARGET_USER_DIR_ADMIN_APPS "GNUstep/Applications/Admin"
#define GNUSTEP_TARGET_USER_DIR_WEB_APPS "GNUstep/WebApplications"
#define GNUSTEP_TARGET_USER_DIR_TOOLS "GNUstep/Tools"
#define GNUSTEP_TARGET_USER_DIR_ADMIN_TOOLS "GNUstep/Tools/Admin"
#define GNUSTEP_TARGET_USER_DIR_LIBRARY "GNUstep/Library"
#define GNUSTEP_TARGET_USER_DIR_LIBRARIES "GNUstep/Library/Libraries"
#define GNUSTEP_TARGET_USER_DIR_HEADERS "GNUstep/Library/Headers"
#define GNUSTEP_TARGET_USER_DIR_DOC "GNUstep/Library/Documentation"
#define GNUSTEP_TARGET_USER_DIR_DOC_MAN "GNUstep/Library/Documentation/man"
#define GNUSTEP_TARGET_USER_DIR_DOC_INFO "GNUstep/Library/Documentation/info"
#define GNUSTEP_TARGET_SYSTEM_USERS_DIR ""
#define GNUSTEP_TARGET_NETWORK_USERS_DIR ""
#define GNUSTEP_TARGET_LOCAL_USERS_DIR ""
#define HAVE_STDIO_H 1
#define HAVE_STDLIB_H 1
#define HAVE_STRING_H 1
#define HAVE_INTTYPES_H 1
#define HAVE_STDINT_H 1
#define HAVE_STRINGS_H 1
#define HAVE_SYS_STAT_H 1
#define HAVE_SYS_TYPES_H 1
#define HAVE_UNISTD_H 1
#define HAVE_WCHAR_H 1
#define STDC_HEADERS 1
#define _ALL_SOURCE 1
#define _DARWIN_C_SOURCE 1
#define _GNU_SOURCE 1
#define _HPUX_ALT_XOPEN_SOCKET_API 1
#define _NETBSD_SOURCE 1
#define _OPENBSD_SOURCE 1
#define _POSIX_PTHREAD_SEMANTICS 1
#define __STDC_WANT_IEC_60559_ATTRIBS_EXT__ 1
#define __STDC_WANT_IEC_60559_BFP_EXT__ 1
#define __STDC_WANT_IEC_60559_DFP_EXT__ 1
#define __STDC_WANT_IEC_60559_FUNCS_EXT__ 1
#define __STDC_WANT_IEC_60559_TYPES_EXT__ 1
#define __STDC_WANT_LIB_EXT2__ 1
#define __STDC_WANT_MATH_SPEC_FUNCS__ 1
#define _TANDEM_SOURCE 1
#define __EXTENSIONS__ 1
#define HAVE_FSEEKO 1
#define USE_ATOMIC_BUILTINS 1

configure: exit 1
dh_auto_configure: error: ./configure --build=x86_64-linux-gnu --prefix=/usr --includedir=\${prefix}/include --mandir=\${prefix}/share/man --infodir=\${prefix}/share/info --sysconfdir=/etc --localstatedir=/var --disable-option-checking --disable-silent-rules --libdir=\${prefix}/lib/x86_64-linux-gnu --runstatedir=/run --disable-maintainer-mode --disable-dependency-tracking CURRENT_GNUSTEP_MAKEFILES=/usr/share/GNUstep/Makefiles ac_cv_lib_kvm_kvm_getenvv=no --disable-bfd returned exit code 1
This file contains any messages produced by compilers while
running configure, to aid debugging if configure makes a mistake.

It was created by configure, which was
generated by GNU Autoconf 2.71.  Invocation command line was

  $ ./configure --build=x86_64-linux-gnu --prefix=/usr '--includedir=${prefix}/include' '--mandir=${prefix}/share/man' '--infodir=${prefix}/share/info' --sysconfdir=/etc --localstatedir=/var --disable-option-checking --disable-silent-rules '--libdir=${prefix}/lib/x86_64-linux-gnu' --runstatedir=/run --disable-maintainer-mode --disable-dependency-tracking CURRENT_GNUSTEP_MAKEFILES=/usr/share/GNUstep/Makefiles ac_cv_lib_kvm_kvm_getenvv=no --disable-bfd

## --------- ##
## Platform. ##
## --------- ##

hostname = ip-172-31-14-214
uname -m = x86_64
uname -r = 4.19.0-6-cloud-amd64
uname -s = Linux
uname -v = #1 SMP Debian 4.19.67-2+deb10u2 (2019-11-11)

/usr/bin/uname -p = unknown
/bin/uname -X     = unknown

/bin/arch              = unknown
/usr/bin/arch -k       = unknown
/usr/convex/getsysinfo = unknown
/usr/bin/hostinfo      = unknown
/bin/machine           = unknown
/usr/bin/oslevel       = unknown
/bin/universe          = unknown

PATH: /usr/local/sbin/
PATH: /usr/local/bin/
PATH: /usr/sbin/
PATH: /usr/bin/
PATH: /sbin/
PATH: /bin/
PATH: /usr/games/


## ----------- ##
## Core tests. ##
## ----------- ##

configure:2965: looking for aux files: config.guess config.sub
configure:2978:  trying /usr/share/GNUstep/Makefiles/
configure:3007:   /usr/share/GNUstep/Makefiles/config.guess found
configure:3007:   /usr/share/GNUstep/Makefiles/config.sub found
configure:3156: WARNING: You are running configure with the preprocessor options (-Wdate-time -D_FORTIFY_SOURCE=2) set to a different value from that used by gnustep-make ().  To avoid conflicts/problems, reconfigure/reinstall gnustep-make to use CPPFLAGS=-Wdate-time -D_FORTIFY_SOURCE=2 or run the gnustep-base configure again with your CPPFLAGS environment variable set to 
configure:3167: WARNING: You are running configure with the link options (-Wl,-z,relro -Wl,-z,now -Wl,--no-undefined) set to a different value from that used by gnustep-make ( -shared-libgcc).  To avoid conflicts/problems, reconfigure/reinstall gnustep-make to use LDFLAGS=-Wl,-z,relro -Wl,-z,now -Wl,--no-undefined or run the gnustep-base configure again with your LDFLAGS environment variable set to  -shared-libgcc
configure:3205: checking build system type
configure:3220: result: x86_64-pc-linux-gnu
configure:3240: checking host system type
configure:3254: result: x86_64-pc-linux-gnu
configure:3274: checking target system type
configure:3288: result: x86_64-pc-linux-gnu
configure:3348: checking for GNUstep configuration file to use at runtime
configure:3388: result: /etc/GNUstep/GNUstep.conf
configure:3403: checking whether the GNUstep.conf file path can be set in the environment
configure:3417: result: yes
configure:3457: checking if we should import an existing configuration file now
configure:3471: result: yes
configure:3478: checking for default GNUstep configuration file to use
configure:3507: result: /etc/GNUstep/GNUstep.conf
configure:3537: result: trying to import "/etc/GNUstep/GNUstep.conf"
configure:3541: If this fails, please run configure again with the --disable-importing-config-file option or specifying an alternative file using the --with-default-config= option
configure:3617: checking for GNUstep-base installation domain
--installation-domain-for=xxx: prints the value of the default installation domain
                personalized using an installation-domains.conf file.
configure:3654: result: SYSTEM
configure:3765: checking if we are hardcoding any relative paths in gnustep-base
configure:3767: result: no
configure:3776: We store the following filesystem layout into gnustep-base, to be used when no config file is found
configure:3778: checking for Makefiles directory
configure:3780: result: /usr/share/GNUstep/Makefiles
configure:3782: checking for user defaults directory
configure:3784: result: GNUstep/Defaults
configure:3786: checking for user config file
configure:3788: result: .GNUstep.conf
configure:3791: checking for System Applications directory
configure:3793: result: /usr/lib/GNUstep/Applications
configure:3795: checking for System Admin Applications directory
configure:3797: result: /usr/lib/GNUstep/Applications
configure:3799: checking for System Web Applications directory
configure:3801: result: /usr/lib/GNUstep/WebApplications
configure:3803: checking for System Tools directory
configure:3805: result: /usr/bin
configure:3807: checking for System Admin Tools directory
configure:3809: result: /usr/sbin
configure:3811: checking for System Library directory
configure:3813: result: /usr/lib/GNUstep
configure:3815: checking for System Libraries directory
configure:3817: result: /usr/lib
configure:3819: checking for System Headers directory
configure:3821: result: /usr/include/GNUstep
configure:3823: checking for System Documentation directory
configure:3825: result: /usr/share/GNUstep/Documentation
configure:3827: checking for System Info Documentation directory
configure:3829: result: /usr/share/info
configure:3831: checking for System Man Documentation directory
configure:3833: result: /usr/share/man
configure:3836: checking for Network Applications directory
configure:3838: result: /usr/local/lib/GNUstep/Applications
configure:3840: checking for Network Admin Applications directory
configure:3842: result: /usr/local/lib/GNUstep/Applications
configure:3844: checking for Network Web Applications directory
configure:3846: result: /usr/lib/GNUstep/WebApplications
configure:3848: checking for Network Tools directory
configure:3850: result: /usr/local/bin
configure:3852: checking for Network Admin Tools directory
configure:3854: result: /usr/local/sbin
configure:3856: checking for Network Library directory
configure:3858: result: /usr/local/lib/GNUstep
configure:3860: checking for Network Libraries directory
configure:3862: result: /usr/local/lib
configure:3864: checking for Network Headers directory
configure:3866: result: /usr/local/include/GNUstep
configure:3868: checking for Network Documentation directory
configure:3870: result: /usr/local/share/GNUstep/Documentation
configure:3872: checking for Network Info Documentation directory
configure:3874: result: /usr/local/share/info
configure:3876: checking for Network Man Documentation directory
configure:3878: result: /usr/local/share/man
configure:3881: checking for Local Applications directory
configure:3883: result: /usr/local/lib/GNUstep/Applications
configure:3885: checking for Local Admin Applications directory
configure:3887: result: /usr/local/lib/GNUstep/Applications
configure:3889: checking for Local Web Applications directory
configure:3891: result: /usr/local/lib/GNUstep/WebApplications
configure:3893: checking for Local Tools directory
configure:3895: result: /usr/local/bin
configure:3897: checking for Local Admin Tools directory
configure:3899: result: /usr/local/sbin
configure:3901: checking for Local Library directory
configure:3903: result: /usr/local/lib/GNUstep
configure:3905: checking for Local Libraries directory
configure:3907: result: /usr/local/lib
configure:3909: checking for Local Headers directory
configure:3911: result: /usr/local/include/GNUstep
configure:3913: checking for Local Documentation directory
configure:3915: result: /usr/local/share/GNUstep/Documentation
configure:3917: checking for Local Info Documentation directory
configure:3919: result: /usr/local/share/info
configure:3921: checking for Local Man Documentation directory
configure:3923: result: /usr/local/share/man
configure:3926: checking for User Applications directory
configure:3928: result: GNUstep/Applications
configure:3930: checking for User Admin Applications directory
configure:3932: result: GNUstep/Applications/Admin
configure:3934: checking for User Web Applications directory
configure:3936: result: GNUstep/WebApplications
configure:3938: checking for User Tools directory
configure:3940: result: GNUstep/Tools
configure:3942: checking for User Admin Tools directory
configure:3944: result: GNUstep/Tools/Admin
configure:3946: checking for User Library directory
configure:3948: result: GNUstep/Library
configure:3950: checking for User Libraries directory
configure:3952: result: GNUstep/Library/Libraries
configure:3954: checking for User Headers directory
configure:3956: result: GNUstep/Library/Headers
configure:3958: checking for User Documentation directory
configure:3960: result: GNUstep/Library/Documentation
configure:3962: checking for User Info Documentation directory
configure:3964: result: GNUstep/Library/Documentation/info
configure:3966: checking for User Man Documentation directory
configure:3968: result: GNUstep/Library/Documentation/man
configure:3971: checking for System User directory
configure:3973: result: /home
configure:3975: checking for Network User directory
configure:3977: result: /home
configure:3979: checking for Local User directory
configure:3981: result: /home
configure:4436: checking for gcc
configure:4468: result: gcc
configure:4821: checking for C compiler version
configure:4830: gcc --version >&5
Debian clang version 13.0.0-8
Target: x86_64-pc-linux-gnu
Thread model: posix
InstalledDir: /usr/bin
configure:4841: $? = 0
configure:4830: gcc -v >&5
Debian clang version 13.0.0-8
Target: x86_64-pc-linux-gnu
Thread model: posix
InstalledDir: /usr/bin
Found candidate GCC installation: /usr/bin/../lib/gcc/x86_64-linux-gnu/11
Found candidate GCC installation: /usr/bin/../lib/gcc/x86_64-linux-gnu/9
Selected GCC installation: /usr/bin/../lib/gcc/x86_64-linux-gnu/11
Candidate multilib: .;@m64
Selected multilib: .;@m64
configure:4841: $? = 0
configure:4830: gcc -V >&5
clang: error: argument to '-V' is missing (expected 1 value)
clang: error: no input files
configure:4841: $? = 1
configure:4830: gcc -qversion >&5
clang: error: unknown argument '-qversion'; did you mean '--version'?
clang: error: no input files
configure:4841: $? = 1
configure:4830: gcc -version >&5
clang: error: unknown argument '-version'; did you mean '--version'?
clang: error: no input files
configure:4841: $? = 1
configure:4861: checking whether the C compiler works
configure:4883: gcc -g -O2 -ffile-prefix-map=/<<PKGBUILDDIR>>=. -fstack-protector-strong -Wformat -Werror=format-security -Wdate-time -D_FORTIFY_SOURCE=2 -I/usr/local/include/GNUstep -I/usr/local/include/GNUstep -I/usr/include/GNUstep -Wl,-z,relro -Wl,-z,now -Wl,--no-undefined -L/usr/local/lib -L/usr/local/lib -L/usr/lib conftest.c  >&5
configure:4887: $? = 0
configure:4937: result: yes
configure:4940: checking for C compiler default output file name
configure:4942: result: a.out
configure:4948: checking for suffix of executables
configure:4955: gcc -o conftest -g -O2 -ffile-prefix-map=/<<PKGBUILDDIR>>=. -fstack-protector-strong -Wformat -Werror=format-security -Wdate-time -D_FORTIFY_SOURCE=2 -I/usr/local/include/GNUstep -I/usr/local/include/GNUstep -I/usr/include/GNUstep -Wl,-z,relro -Wl,-z,now -Wl,--no-undefined -L/usr/local/lib -L/usr/local/lib -L/usr/lib conftest.c  >&5
configure:4959: $? = 0
configure:4982: result: 
configure:5004: checking whether we are cross compiling
configure:5012: gcc -o conftest -g -O2 -ffile-prefix-map=/<<PKGBUILDDIR>>=. -fstack-protector-strong -Wformat -Werror=format-security -Wdate-time -D_FORTIFY_SOURCE=2 -I/usr/local/include/GNUstep -I/usr/local/include/GNUstep -I/usr/include/GNUstep -Wl,-z,relro -Wl,-z,now -Wl,--no-undefined -L/usr/local/lib -L/usr/local/lib -L/usr/lib conftest.c  >&5
configure:5016: $? = 0
configure:5023: ./conftest
configure:5027: $? = 0
configure:5042: result: no
configure:5047: checking for suffix of object files
configure:5070: gcc -c -g -O2 -ffile-prefix-map=/<<PKGBUILDDIR>>=. -fstack-protector-strong -Wformat -Werror=format-security -Wdate-time -D_FORTIFY_SOURCE=2 -I/usr/local/include/GNUstep -I/usr/local/include/GNUstep -I/usr/include/GNUstep conftest.c >&5
configure:5074: $? = 0
configure:5096: result: o
configure:5100: checking whether the compiler supports GNU C
configure:5120: gcc -c -g -O2 -ffile-prefix-map=/<<PKGBUILDDIR>>=. -fstack-protector-strong -Wformat -Werror=format-security -Wdate-time -D_FORTIFY_SOURCE=2 -I/usr/local/include/GNUstep -I/usr/local/include/GNUstep -I/usr/include/GNUstep conftest.c >&5
configure:5120: $? = 0
configure:5130: result: yes
configure:5141: checking whether gcc accepts -g
configure:5162: gcc -c -g -Wdate-time -D_FORTIFY_SOURCE=2 -I/usr/local/include/GNUstep -I/usr/local/include/GNUstep -I/usr/include/GNUstep conftest.c >&5
configure:5162: $? = 0
configure:5206: result: yes
configure:5226: checking for gcc option to enable C11 features
configure:5241: gcc  -c -g -O2 -ffile-prefix-map=/<<PKGBUILDDIR>>=. -fstack-protector-strong -Wformat -Werror=format-security -Wdate-time -D_FORTIFY_SOURCE=2 -I/usr/local/include/GNUstep -I/usr/local/include/GNUstep -I/usr/include/GNUstep conftest.c >&5
configure:5241: $? = 0
configure:5259: result: none needed
configure:5374: checking how to run the C preprocessor
configure:5442: result: gcc -E
configure:5456: gcc -E -Wdate-time -D_FORTIFY_SOURCE=2 -I/usr/local/include/GNUstep -I/usr/local/include/GNUstep -I/usr/include/GNUstep conftest.c
configure:5456: $? = 0
configure:5471: gcc -E -Wdate-time -D_FORTIFY_SOURCE=2 -I/usr/local/include/GNUstep -I/usr/local/include/GNUstep -I/usr/include/GNUstep conftest.c
conftest.c:61:10: fatal error: 'ac_nonexistent.h' file not found
#include <ac_nonexistent.h>
         ^~~~~~~~~~~~~~~~~~
1 error generated.
configure:5471: $? = 1
configure: failed program was:
| /* confdefs.h */
| #define PACKAGE_NAME ""
| #define PACKAGE_TARNAME ""
| #define PACKAGE_VERSION ""
| #define PACKAGE_STRING ""
| #define PACKAGE_BUGREPORT ""
| #define PACKAGE_URL ""
| #define OPTION_NO_ENVIRONMENT 0
| #define GNUSTEP_TARGET_MAKEFILES "/usr/share/GNUstep/Makefiles"
| #define GNUSTEP_TARGET_USER_DEFAULTS_DIR "GNUstep/Defaults"
| #define GNUSTEP_TARGET_USER_CONFIG_FILE ".GNUstep.conf"
| #define GNUSTEP_TARGET_CONFIG_FILE "/etc/GNUstep/GNUstep.conf"
| #define GNUSTEP_TARGET_SYSTEM_APPS "/usr/lib/GNUstep/Applications"
| #define GNUSTEP_TARGET_SYSTEM_ADMIN_APPS "/usr/lib/GNUstep/Applications"
| #define GNUSTEP_TARGET_SYSTEM_WEB_APPS "/usr/lib/GNUstep/WebApplications"
| #define GNUSTEP_TARGET_SYSTEM_TOOLS "/usr/bin"
| #define GNUSTEP_TARGET_SYSTEM_ADMIN_TOOLS "/usr/sbin"
| #define GNUSTEP_TARGET_SYSTEM_LIBRARY "/usr/lib/GNUstep"
| #define GNUSTEP_TARGET_SYSTEM_LIBRARIES "/usr/lib"
| #define GNUSTEP_TARGET_SYSTEM_HEADERS "/usr/include/GNUstep"
| #define GNUSTEP_TARGET_SYSTEM_DOC "/usr/share/GNUstep/Documentation"
| #define GNUSTEP_TARGET_SYSTEM_DOC_MAN "/usr/share/man"
| #define GNUSTEP_TARGET_SYSTEM_DOC_INFO "/usr/share/info"
| #define GNUSTEP_TARGET_NETWORK_APPS "/usr/local/lib/GNUstep/Applications"
| #define GNUSTEP_TARGET_NETWORK_ADMIN_APPS "/usr/local/lib/GNUstep/Applications"
| #define GNUSTEP_TARGET_NETWORK_WEB_APPS "/usr/lib/GNUstep/WebApplications"
| #define GNUSTEP_TARGET_NETWORK_TOOLS "/usr/local/bin"
| #define GNUSTEP_TARGET_NETWORK_ADMIN_TOOLS "/usr/local/sbin"
| #define GNUSTEP_TARGET_NETWORK_LIBRARY "/usr/local/lib/GNUstep"
| #define GNUSTEP_TARGET_NETWORK_LIBRARIES "/usr/local/lib"
| #define GNUSTEP_TARGET_NETWORK_HEADERS "/usr/local/include/GNUstep"
| #define GNUSTEP_TARGET_NETWORK_DOC "/usr/local/share/GNUstep/Documentation"
| #define GNUSTEP_TARGET_NETWORK_DOC_MAN "/usr/local/share/man"
| #define GNUSTEP_TARGET_NETWORK_DOC_INFO "/usr/local/share/info"
| #define GNUSTEP_TARGET_LOCAL_APPS "/usr/local/lib/GNUstep/Applications"
| #define GNUSTEP_TARGET_LOCAL_ADMIN_APPS "/usr/local/lib/GNUstep/Applications"
| #define GNUSTEP_TARGET_LOCAL_WEB_APPS "/usr/local/lib/GNUstep/WebApplications"
| #define GNUSTEP_TARGET_LOCAL_TOOLS "/usr/local/bin"
| #define GNUSTEP_TARGET_LOCAL_ADMIN_TOOLS "/usr/local/sbin"
| #define GNUSTEP_TARGET_LOCAL_LIBRARY "/usr/local/lib/GNUstep"
| #define GNUSTEP_TARGET_LOCAL_LIBRARIES "/usr/local/lib"
| #define GNUSTEP_TARGET_LOCAL_HEADERS "/usr/local/include/GNUstep"
| #define GNUSTEP_TARGET_LOCAL_DOC "/usr/local/share/GNUstep/Documentation"
| #define GNUSTEP_TARGET_LOCAL_DOC_MAN "/usr/local/share/man"
| #define GNUSTEP_TARGET_LOCAL_DOC_INFO "/usr/local/share/info"
| #define GNUSTEP_TARGET_USER_DIR_APPS "GNUstep/Applications"
| #define GNUSTEP_TARGET_USER_DIR_ADMIN_APPS "GNUstep/Applications/Admin"
| #define GNUSTEP_TARGET_USER_DIR_WEB_APPS "GNUstep/WebApplications"
| #define GNUSTEP_TARGET_USER_DIR_TOOLS "GNUstep/Tools"
| #define GNUSTEP_TARGET_USER_DIR_ADMIN_TOOLS "GNUstep/Tools/Admin"
| #define GNUSTEP_TARGET_USER_DIR_LIBRARY "GNUstep/Library"
| #define GNUSTEP_TARGET_USER_DIR_LIBRARIES "GNUstep/Library/Libraries"
| #define GNUSTEP_TARGET_USER_DIR_HEADERS "GNUstep/Library/Headers"
| #define GNUSTEP_TARGET_USER_DIR_DOC "GNUstep/Library/Documentation"
| #define GNUSTEP_TARGET_USER_DIR_DOC_MAN "GNUstep/Library/Documentation/man"
| #define GNUSTEP_TARGET_USER_DIR_DOC_INFO "GNUstep/Library/Documentation/info"
| #define GNUSTEP_TARGET_SYSTEM_USERS_DIR ""
| #define GNUSTEP_TARGET_NETWORK_USERS_DIR ""
| #define GNUSTEP_TARGET_LOCAL_USERS_DIR ""
| /* end confdefs.h.  */
| #include <ac_nonexistent.h>
configure:5506: checking for stdio.h
configure:5506: gcc -c -g -O2 -ffile-prefix-map=/<<PKGBUILDDIR>>=. -fstack-protector-strong -Wformat -Werror=format-security -Wdate-time -D_FORTIFY_SOURCE=2 -I/usr/local/include/GNUstep -I/usr/local/include/GNUstep -I/usr/include/GNUstep conftest.c >&5
configure:5506: $? = 0
configure:5506: result: yes
configure:5506: checking for stdlib.h
configure:5506: gcc -c -g -O2 -ffile-prefix-map=/<<PKGBUILDDIR>>=. -fstack-protector-strong -Wformat -Werror=format-security -Wdate-time -D_FORTIFY_SOURCE=2 -I/usr/local/include/GNUstep -I/usr/local/include/GNUstep -I/usr/include/GNUstep conftest.c >&5
configure:5506: $? = 0
configure:5506: result: yes
configure:5506: checking for string.h
configure:5506: gcc -c -g -O2 -ffile-prefix-map=/<<PKGBUILDDIR>>=. -fstack-protector-strong -Wformat -Werror=format-security -Wdate-time -D_FORTIFY_SOURCE=2 -I/usr/local/include/GNUstep -I/usr/local/include/GNUstep -I/usr/include/GNUstep conftest.c >&5
configure:5506: $? = 0
configure:5506: result: yes
configure:5506: checking for inttypes.h
configure:5506: gcc -c -g -O2 -ffile-prefix-map=/<<PKGBUILDDIR>>=. -fstack-protector-strong -Wformat -Werror=format-security -Wdate-time -D_FORTIFY_SOURCE=2 -I/usr/local/include/GNUstep -I/usr/local/include/GNUstep -I/usr/include/GNUstep conftest.c >&5
configure:5506: $? = 0
configure:5506: result: yes
configure:5506: checking for stdint.h
configure:5506: gcc -c -g -O2 -ffile-prefix-map=/<<PKGBUILDDIR>>=. -fstack-protector-strong -Wformat -Werror=format-security -Wdate-time -D_FORTIFY_SOURCE=2 -I/usr/local/include/GNUstep -I/usr/local/include/GNUstep -I/usr/include/GNUstep conftest.c >&5
configure:5506: $? = 0
configure:5506: result: yes
configure:5506: checking for strings.h
configure:5506: gcc -c -g -O2 -ffile-prefix-map=/<<PKGBUILDDIR>>=. -fstack-protector-strong -Wformat -Werror=format-security -Wdate-time -D_FORTIFY_SOURCE=2 -I/usr/local/include/GNUstep -I/usr/local/include/GNUstep -I/usr/include/GNUstep conftest.c >&5
configure:5506: $? = 0
configure:5506: result: yes
configure:5506: checking for sys/stat.h
configure:5506: gcc -c -g -O2 -ffile-prefix-map=/<<PKGBUILDDIR>>=. -fstack-protector-strong -Wformat -Werror=format-security -Wdate-time -D_FORTIFY_SOURCE=2 -I/usr/local/include/GNUstep -I/usr/local/include/GNUstep -I/usr/include/GNUstep conftest.c >&5
configure:5506: $? = 0
configure:5506: result: yes
configure:5506: checking for sys/types.h
configure:5506: gcc -c -g -O2 -ffile-prefix-map=/<<PKGBUILDDIR>>=. -fstack-protector-strong -Wformat -Werror=format-security -Wdate-time -D_FORTIFY_SOURCE=2 -I/usr/local/include/GNUstep -I/usr/local/include/GNUstep -I/usr/include/GNUstep conftest.c >&5
configure:5506: $? = 0
configure:5506: result: yes
configure:5506: checking for unistd.h
configure:5506: gcc -c -g -O2 -ffile-prefix-map=/<<PKGBUILDDIR>>=. -fstack-protector-strong -Wformat -Werror=format-security -Wdate-time -D_FORTIFY_SOURCE=2 -I/usr/local/include/GNUstep -I/usr/local/include/GNUstep -I/usr/include/GNUstep conftest.c >&5
configure:5506: $? = 0
configure:5506: result: yes
configure:5506: checking for wchar.h
configure:5506: gcc -c -g -O2 -ffile-prefix-map=/<<PKGBUILDDIR>>=. -fstack-protector-strong -Wformat -Werror=format-security -Wdate-time -D_FORTIFY_SOURCE=2 -I/usr/local/include/GNUstep -I/usr/local/include/GNUstep -I/usr/include/GNUstep conftest.c >&5
configure:5506: $? = 0
configure:5506: result: yes
configure:5506: checking for minix/config.h
configure:5506: gcc -c -g -O2 -ffile-prefix-map=/<<PKGBUILDDIR>>=. -fstack-protector-strong -Wformat -Werror=format-security -Wdate-time -D_FORTIFY_SOURCE=2 -I/usr/local/include/GNUstep -I/usr/local/include/GNUstep -I/usr/include/GNUstep conftest.c >&5
conftest.c:99:10: fatal error: 'minix/config.h' file not found
#include <minix/config.h>
         ^~~~~~~~~~~~~~~~
1 error generated.
configure:5506: $? = 1
configure: failed program was:
| /* confdefs.h */
| #define PACKAGE_NAME ""
| #define PACKAGE_TARNAME ""
| #define PACKAGE_VERSION ""
| #define PACKAGE_STRING ""
| #define PACKAGE_BUGREPORT ""
| #define PACKAGE_URL ""
| #define OPTION_NO_ENVIRONMENT 0
| #define GNUSTEP_TARGET_MAKEFILES "/usr/share/GNUstep/Makefiles"
| #define GNUSTEP_TARGET_USER_DEFAULTS_DIR "GNUstep/Defaults"
| #define GNUSTEP_TARGET_USER_CONFIG_FILE ".GNUstep.conf"
| #define GNUSTEP_TARGET_CONFIG_FILE "/etc/GNUstep/GNUstep.conf"
| #define GNUSTEP_TARGET_SYSTEM_APPS "/usr/lib/GNUstep/Applications"
| #define GNUSTEP_TARGET_SYSTEM_ADMIN_APPS "/usr/lib/GNUstep/Applications"
| #define GNUSTEP_TARGET_SYSTEM_WEB_APPS "/usr/lib/GNUstep/WebApplications"
| #define GNUSTEP_TARGET_SYSTEM_TOOLS "/usr/bin"
| #define GNUSTEP_TARGET_SYSTEM_ADMIN_TOOLS "/usr/sbin"
| #define GNUSTEP_TARGET_SYSTEM_LIBRARY "/usr/lib/GNUstep"
| #define GNUSTEP_TARGET_SYSTEM_LIBRARIES "/usr/lib"
| #define GNUSTEP_TARGET_SYSTEM_HEADERS "/usr/include/GNUstep"
| #define GNUSTEP_TARGET_SYSTEM_DOC "/usr/share/GNUstep/Documentation"
| #define GNUSTEP_TARGET_SYSTEM_DOC_MAN "/usr/share/man"
| #define GNUSTEP_TARGET_SYSTEM_DOC_INFO "/usr/share/info"
| #define GNUSTEP_TARGET_NETWORK_APPS "/usr/local/lib/GNUstep/Applications"
| #define GNUSTEP_TARGET_NETWORK_ADMIN_APPS "/usr/local/lib/GNUstep/Applications"
| #define GNUSTEP_TARGET_NETWORK_WEB_APPS "/usr/lib/GNUstep/WebApplications"
| #define GNUSTEP_TARGET_NETWORK_TOOLS "/usr/local/bin"
| #define GNUSTEP_TARGET_NETWORK_ADMIN_TOOLS "/usr/local/sbin"
| #define GNUSTEP_TARGET_NETWORK_LIBRARY "/usr/local/lib/GNUstep"
| #define GNUSTEP_TARGET_NETWORK_LIBRARIES "/usr/local/lib"
| #define GNUSTEP_TARGET_NETWORK_HEADERS "/usr/local/include/GNUstep"
| #define GNUSTEP_TARGET_NETWORK_DOC "/usr/local/share/GNUstep/Documentation"
| #define GNUSTEP_TARGET_NETWORK_DOC_MAN "/usr/local/share/man"
| #define GNUSTEP_TARGET_NETWORK_DOC_INFO "/usr/local/share/info"
| #define GNUSTEP_TARGET_LOCAL_APPS "/usr/local/lib/GNUstep/Applications"
| #define GNUSTEP_TARGET_LOCAL_ADMIN_APPS "/usr/local/lib/GNUstep/Applications"
| #define GNUSTEP_TARGET_LOCAL_WEB_APPS "/usr/local/lib/GNUstep/WebApplications"
| #define GNUSTEP_TARGET_LOCAL_TOOLS "/usr/local/bin"
| #define GNUSTEP_TARGET_LOCAL_ADMIN_TOOLS "/usr/local/sbin"
| #define GNUSTEP_TARGET_LOCAL_LIBRARY "/usr/local/lib/GNUstep"
| #define GNUSTEP_TARGET_LOCAL_LIBRARIES "/usr/local/lib"
| #define GNUSTEP_TARGET_LOCAL_HEADERS "/usr/local/include/GNUstep"
| #define GNUSTEP_TARGET_LOCAL_DOC "/usr/local/share/GNUstep/Documentation"
| #define GNUSTEP_TARGET_LOCAL_DOC_MAN "/usr/local/share/man"
| #define GNUSTEP_TARGET_LOCAL_DOC_INFO "/usr/local/share/info"
| #define GNUSTEP_TARGET_USER_DIR_APPS "GNUstep/Applications"
| #define GNUSTEP_TARGET_USER_DIR_ADMIN_APPS "GNUstep/Applications/Admin"
| #define GNUSTEP_TARGET_USER_DIR_WEB_APPS "GNUstep/WebApplications"
| #define GNUSTEP_TARGET_USER_DIR_TOOLS "GNUstep/Tools"
| #define GNUSTEP_TARGET_USER_DIR_ADMIN_TOOLS "GNUstep/Tools/Admin"
| #define GNUSTEP_TARGET_USER_DIR_LIBRARY "GNUstep/Library"
| #define GNUSTEP_TARGET_USER_DIR_LIBRARIES "GNUstep/Library/Libraries"
| #define GNUSTEP_TARGET_USER_DIR_HEADERS "GNUstep/Library/Headers"
| #define GNUSTEP_TARGET_USER_DIR_DOC "GNUstep/Library/Documentation"
| #define GNUSTEP_TARGET_USER_DIR_DOC_MAN "GNUstep/Library/Documentation/man"
| #define GNUSTEP_TARGET_USER_DIR_DOC_INFO "GNUstep/Library/Documentation/info"
| #define GNUSTEP_TARGET_SYSTEM_USERS_DIR ""
| #define GNUSTEP_TARGET_NETWORK_USERS_DIR ""
| #define GNUSTEP_TARGET_LOCAL_USERS_DIR ""
| #define HAVE_STDIO_H 1
| #define HAVE_STDLIB_H 1
| #define HAVE_STRING_H 1
| #define HAVE_INTTYPES_H 1
| #define HAVE_STDINT_H 1
| #define HAVE_STRINGS_H 1
| #define HAVE_SYS_STAT_H 1
| #define HAVE_SYS_TYPES_H 1
| #define HAVE_UNISTD_H 1
| #define HAVE_WCHAR_H 1
| /* end confdefs.h.  */
| #include <stddef.h>
| #ifdef HAVE_STDIO_H
| # include <stdio.h>
| #endif
| #ifdef HAVE_STDLIB_H
| # include <stdlib.h>
| #endif
| #ifdef HAVE_STRING_H
| # include <string.h>
| #endif
| #ifdef HAVE_INTTYPES_H
| # include <inttypes.h>
| #endif
| #ifdef HAVE_STDINT_H
| # include <stdint.h>
| #endif
| #ifdef HAVE_STRINGS_H
| # include <strings.h>
| #endif
| #ifdef HAVE_SYS_TYPES_H
| # include <sys/types.h>
| #endif
| #ifdef HAVE_SYS_STAT_H
| # include <sys/stat.h>
| #endif
| #ifdef HAVE_UNISTD_H
| # include <unistd.h>
| #endif
| #include <minix/config.h>
configure:5506: result: no
configure:5537: checking whether it is safe to define __EXTENSIONS__
configure:5556: gcc -c -g -O2 -ffile-prefix-map=/<<PKGBUILDDIR>>=. -fstack-protector-strong -Wformat -Werror=format-security -Wdate-time -D_FORTIFY_SOURCE=2 -I/usr/local/include/GNUstep -I/usr/local/include/GNUstep -I/usr/include/GNUstep conftest.c >&5
configure:5556: $? = 0
configure:5564: result: yes
configure:5567: checking whether _XOPEN_SOURCE should be defined
configure:5589: gcc -c -g -O2 -ffile-prefix-map=/<<PKGBUILDDIR>>=. -fstack-protector-strong -Wformat -Werror=format-security -Wdate-time -D_FORTIFY_SOURCE=2 -I/usr/local/include/GNUstep -I/usr/local/include/GNUstep -I/usr/include/GNUstep conftest.c >&5
configure:5589: $? = 0
configure:5616: result: no
configure:5673: checking whether the compiler is clang
configure:5682: result: yes
configure:5696: checking for _LARGEFILE_SOURCE value needed for large files
configure:5716: gcc -o conftest -g -O2 -ffile-prefix-map=/<<PKGBUILDDIR>>=. -fstack-protector-strong -Wformat -Werror=format-security -Wdate-time -D_FORTIFY_SOURCE=2 -I/usr/local/include/GNUstep -I/usr/local/include/GNUstep -I/usr/include/GNUstep -Wl,-z,relro -Wl,-z,now -Wl,--no-undefined -L/usr/local/lib -L/usr/local/lib -L/usr/lib conftest.c  >&5
configure:5716: $? = 0
configure:5746: result: no
configure:5774: checking for special C compiler options needed for large files
configure:5822: result: no
configure:5828: checking for _FILE_OFFSET_BITS value needed for large files
configure:5854: gcc -c -g -O2 -ffile-prefix-map=/<<PKGBUILDDIR>>=. -fstack-protector-strong -Wformat -Werror=format-security -Wdate-time -D_FORTIFY_SOURCE=2 -I/usr/local/include/GNUstep -I/usr/local/include/GNUstep -I/usr/include/GNUstep conftest.c >&5
configure:5854: $? = 0
configure:5888: result: no
configure:5970: checking for off_t
configure:5970: gcc -c -g -O2 -ffile-prefix-map=/<<PKGBUILDDIR>>=. -fstack-protector-strong -Wformat -Werror=format-security -Wdate-time -D_FORTIFY_SOURCE=2 -I/usr/local/include/GNUstep -I/usr/local/include/GNUstep -I/usr/include/GNUstep conftest.c >&5
configure:5970: $? = 0
configure:5970: gcc -c -g -O2 -ffile-prefix-map=/<<PKGBUILDDIR>>=. -fstack-protector-strong -Wformat -Werror=format-security -Wdate-time -D_FORTIFY_SOURCE=2 -I/usr/local/include/GNUstep -I/usr/local/include/GNUstep -I/usr/include/GNUstep conftest.c >&5
conftest.c:120:20: error: expected expression
if (sizeof ((off_t)))
                   ^
1 error generated.
configure:5970: $? = 1
configure: failed program was:
| /* confdefs.h */
| #define PACKAGE_NAME ""
| #define PACKAGE_TARNAME ""
| #define PACKAGE_VERSION ""
| #define PACKAGE_STRING ""
| #define PACKAGE_BUGREPORT ""
| #define PACKAGE_URL ""
| #define OPTION_NO_ENVIRONMENT 0
| #define GNUSTEP_TARGET_MAKEFILES "/usr/share/GNUstep/Makefiles"
| #define GNUSTEP_TARGET_USER_DEFAULTS_DIR "GNUstep/Defaults"
| #define GNUSTEP_TARGET_USER_CONFIG_FILE ".GNUstep.conf"
| #define GNUSTEP_TARGET_CONFIG_FILE "/etc/GNUstep/GNUstep.conf"
| #define GNUSTEP_TARGET_SYSTEM_APPS "/usr/lib/GNUstep/Applications"
| #define GNUSTEP_TARGET_SYSTEM_ADMIN_APPS "/usr/lib/GNUstep/Applications"
| #define GNUSTEP_TARGET_SYSTEM_WEB_APPS "/usr/lib/GNUstep/WebApplications"
| #define GNUSTEP_TARGET_SYSTEM_TOOLS "/usr/bin"
| #define GNUSTEP_TARGET_SYSTEM_ADMIN_TOOLS "/usr/sbin"
| #define GNUSTEP_TARGET_SYSTEM_LIBRARY "/usr/lib/GNUstep"
| #define GNUSTEP_TARGET_SYSTEM_LIBRARIES "/usr/lib"
| #define GNUSTEP_TARGET_SYSTEM_HEADERS "/usr/include/GNUstep"
| #define GNUSTEP_TARGET_SYSTEM_DOC "/usr/share/GNUstep/Documentation"
| #define GNUSTEP_TARGET_SYSTEM_DOC_MAN "/usr/share/man"
| #define GNUSTEP_TARGET_SYSTEM_DOC_INFO "/usr/share/info"
| #define GNUSTEP_TARGET_NETWORK_APPS "/usr/local/lib/GNUstep/Applications"
| #define GNUSTEP_TARGET_NETWORK_ADMIN_APPS "/usr/local/lib/GNUstep/Applications"
| #define GNUSTEP_TARGET_NETWORK_WEB_APPS "/usr/lib/GNUstep/WebApplications"
| #define GNUSTEP_TARGET_NETWORK_TOOLS "/usr/local/bin"
| #define GNUSTEP_TARGET_NETWORK_ADMIN_TOOLS "/usr/local/sbin"
| #define GNUSTEP_TARGET_NETWORK_LIBRARY "/usr/local/lib/GNUstep"
| #define GNUSTEP_TARGET_NETWORK_LIBRARIES "/usr/local/lib"
| #define GNUSTEP_TARGET_NETWORK_HEADERS "/usr/local/include/GNUstep"
| #define GNUSTEP_TARGET_NETWORK_DOC "/usr/local/share/GNUstep/Documentation"
| #define GNUSTEP_TARGET_NETWORK_DOC_MAN "/usr/local/share/man"
| #define GNUSTEP_TARGET_NETWORK_DOC_INFO "/usr/local/share/info"
| #define GNUSTEP_TARGET_LOCAL_APPS "/usr/local/lib/GNUstep/Applications"
| #define GNUSTEP_TARGET_LOCAL_ADMIN_APPS "/usr/local/lib/GNUstep/Applications"
| #define GNUSTEP_TARGET_LOCAL_WEB_APPS "/usr/local/lib/GNUstep/WebApplications"
| #define GNUSTEP_TARGET_LOCAL_TOOLS "/usr/local/bin"
| #define GNUSTEP_TARGET_LOCAL_ADMIN_TOOLS "/usr/local/sbin"
| #define GNUSTEP_TARGET_LOCAL_LIBRARY "/usr/local/lib/GNUstep"
| #define GNUSTEP_TARGET_LOCAL_LIBRARIES "/usr/local/lib"
| #define GNUSTEP_TARGET_LOCAL_HEADERS "/usr/local/include/GNUstep"
| #define GNUSTEP_TARGET_LOCAL_DOC "/usr/local/share/GNUstep/Documentation"
| #define GNUSTEP_TARGET_LOCAL_DOC_MAN "/usr/local/share/man"
| #define GNUSTEP_TARGET_LOCAL_DOC_INFO "/usr/local/share/info"
| #define GNUSTEP_TARGET_USER_DIR_APPS "GNUstep/Applications"
| #define GNUSTEP_TARGET_USER_DIR_ADMIN_APPS "GNUstep/Applications/Admin"
| #define GNUSTEP_TARGET_USER_DIR_WEB_APPS "GNUstep/WebApplications"
| #define GNUSTEP_TARGET_USER_DIR_TOOLS "GNUstep/Tools"
| #define GNUSTEP_TARGET_USER_DIR_ADMIN_TOOLS "GNUstep/Tools/Admin"
| #define GNUSTEP_TARGET_USER_DIR_LIBRARY "GNUstep/Library"
| #define GNUSTEP_TARGET_USER_DIR_LIBRARIES "GNUstep/Library/Libraries"
| #define GNUSTEP_TARGET_USER_DIR_HEADERS "GNUstep/Library/Headers"
| #define GNUSTEP_TARGET_USER_DIR_DOC "GNUstep/Library/Documentation"
| #define GNUSTEP_TARGET_USER_DIR_DOC_MAN "GNUstep/Library/Documentation/man"
| #define GNUSTEP_TARGET_USER_DIR_DOC_INFO "GNUstep/Library/Documentation/info"
| #define GNUSTEP_TARGET_SYSTEM_USERS_DIR ""
| #define GNUSTEP_TARGET_NETWORK_USERS_DIR ""
| #define GNUSTEP_TARGET_LOCAL_USERS_DIR ""
| #define HAVE_STDIO_H 1
| #define HAVE_STDLIB_H 1
| #define HAVE_STRING_H 1
| #define HAVE_INTTYPES_H 1
| #define HAVE_STDINT_H 1
| #define HAVE_STRINGS_H 1
| #define HAVE_SYS_STAT_H 1
| #define HAVE_SYS_TYPES_H 1
| #define HAVE_UNISTD_H 1
| #define HAVE_WCHAR_H 1
| #define STDC_HEADERS 1
| #define _ALL_SOURCE 1
| #define _DARWIN_C_SOURCE 1
| #define _GNU_SOURCE 1
| #define _HPUX_ALT_XOPEN_SOCKET_API 1
| #define _NETBSD_SOURCE 1
| #define _OPENBSD_SOURCE 1
| #define _POSIX_PTHREAD_SEMANTICS 1
| #define __STDC_WANT_IEC_60559_ATTRIBS_EXT__ 1
| #define __STDC_WANT_IEC_60559_BFP_EXT__ 1
| #define __STDC_WANT_IEC_60559_DFP_EXT__ 1
| #define __STDC_WANT_IEC_60559_FUNCS_EXT__ 1
| #define __STDC_WANT_IEC_60559_TYPES_EXT__ 1
| #define __STDC_WANT_LIB_EXT2__ 1
| #define __STDC_WANT_MATH_SPEC_FUNCS__ 1
| #define _TANDEM_SOURCE 1
| #define __EXTENSIONS__ 1
| #define HAVE_FSEEKO 1
| /* end confdefs.h.  */
| #include <stddef.h>
| #ifdef HAVE_STDIO_H
| # include <stdio.h>
| #endif
| #ifdef HAVE_STDLIB_H
| # include <stdlib.h>
| #endif
| #ifdef HAVE_STRING_H
| # include <string.h>
| #endif
| #ifdef HAVE_INTTYPES_H
| # include <inttypes.h>
| #endif
| #ifdef HAVE_STDINT_H
| # include <stdint.h>
| #endif
| #ifdef HAVE_STRINGS_H
| # include <strings.h>
| #endif
| #ifdef HAVE_SYS_TYPES_H
| # include <sys/types.h>
| #endif
| #ifdef HAVE_SYS_STAT_H
| # include <sys/stat.h>
| #endif
| #ifdef HAVE_UNISTD_H
| # include <unistd.h>
| #endif
| int
| main (void)
| {
| if (sizeof ((off_t)))
| 	    return 0;
|   ;
|   return 0;
| }
configure:5970: result: yes
configure:5991: checking whether the compiler supports atomic operations
configure:6004: gcc -o conftest -g -O2 -ffile-prefix-map=/<<PKGBUILDDIR>>=. -fstack-protector-strong -Wformat -Werror=format-security -Wdate-time -D_FORTIFY_SOURCE=2 -I/usr/local/include/GNUstep -I/usr/local/include/GNUstep -I/usr/include/GNUstep -Wl,-z,relro -Wl,-z,now -Wl,--no-undefined -L/usr/local/lib -L/usr/local/lib -L/usr/lib conftest.c  >&5
configure:6004: $? = 0
configure:6013: result: yes
configure:6122: checking for whoami
configure:6146: found /usr/bin/whoami
configure:6159: result: /usr/bin/whoami
configure:6226: checking for pkg-config
configure:6249: found /usr/bin/pkg-config
configure:6261: result: /usr/bin/pkg-config
configure:6286: checking pkg-config is at least version 0.9.0
configure:6289: result: yes
configure:6321: checking the Objective-C runtime
configure:6331: result: GNU
configure:6350: checking for custom shared objc library
configure:6410: result: NONE
configure:6427: checking for objc/runtime.h
configure:6427: gcc -c -g -O2 -ffile-prefix-map=/<<PKGBUILDDIR>>=. -fstack-protector-strong -Wformat -Werror=format-security -Wdate-time -D_FORTIFY_SOURCE=2 -I/usr/local/include/GNUstep -I/usr/local/include/GNUstep -I/usr/include/GNUstep conftest.c >&5
conftest.c:118:10: fatal error: 'objc/runtime.h' file not found
#include <objc/runtime.h>
         ^~~~~~~~~~~~~~~~
1 error generated.
configure:6427: $? = 1
configure: failed program was:
| /* confdefs.h */
| #define PACKAGE_NAME ""
| #define PACKAGE_TARNAME ""
| #define PACKAGE_VERSION ""
| #define PACKAGE_STRING ""
| #define PACKAGE_BUGREPORT ""
| #define PACKAGE_URL ""
| #define OPTION_NO_ENVIRONMENT 0
| #define GNUSTEP_TARGET_MAKEFILES "/usr/share/GNUstep/Makefiles"
| #define GNUSTEP_TARGET_USER_DEFAULTS_DIR "GNUstep/Defaults"
| #define GNUSTEP_TARGET_USER_CONFIG_FILE ".GNUstep.conf"
| #define GNUSTEP_TARGET_CONFIG_FILE "/etc/GNUstep/GNUstep.conf"
| #define GNUSTEP_TARGET_SYSTEM_APPS "/usr/lib/GNUstep/Applications"
| #define GNUSTEP_TARGET_SYSTEM_ADMIN_APPS "/usr/lib/GNUstep/Applications"
| #define GNUSTEP_TARGET_SYSTEM_WEB_APPS "/usr/lib/GNUstep/WebApplications"
| #define GNUSTEP_TARGET_SYSTEM_TOOLS "/usr/bin"
| #define GNUSTEP_TARGET_SYSTEM_ADMIN_TOOLS "/usr/sbin"
| #define GNUSTEP_TARGET_SYSTEM_LIBRARY "/usr/lib/GNUstep"
| #define GNUSTEP_TARGET_SYSTEM_LIBRARIES "/usr/lib"
| #define GNUSTEP_TARGET_SYSTEM_HEADERS "/usr/include/GNUstep"
| #define GNUSTEP_TARGET_SYSTEM_DOC "/usr/share/GNUstep/Documentation"
| #define GNUSTEP_TARGET_SYSTEM_DOC_MAN "/usr/share/man"
| #define GNUSTEP_TARGET_SYSTEM_DOC_INFO "/usr/share/info"
| #define GNUSTEP_TARGET_NETWORK_APPS "/usr/local/lib/GNUstep/Applications"
| #define GNUSTEP_TARGET_NETWORK_ADMIN_APPS "/usr/local/lib/GNUstep/Applications"
| #define GNUSTEP_TARGET_NETWORK_WEB_APPS "/usr/lib/GNUstep/WebApplications"
| #define GNUSTEP_TARGET_NETWORK_TOOLS "/usr/local/bin"
| #define GNUSTEP_TARGET_NETWORK_ADMIN_TOOLS "/usr/local/sbin"
| #define GNUSTEP_TARGET_NETWORK_LIBRARY "/usr/local/lib/GNUstep"
| #define GNUSTEP_TARGET_NETWORK_LIBRARIES "/usr/local/lib"
| #define GNUSTEP_TARGET_NETWORK_HEADERS "/usr/local/include/GNUstep"
| #define GNUSTEP_TARGET_NETWORK_DOC "/usr/local/share/GNUstep/Documentation"
| #define GNUSTEP_TARGET_NETWORK_DOC_MAN "/usr/local/share/man"
| #define GNUSTEP_TARGET_NETWORK_DOC_INFO "/usr/local/share/info"
| #define GNUSTEP_TARGET_LOCAL_APPS "/usr/local/lib/GNUstep/Applications"
| #define GNUSTEP_TARGET_LOCAL_ADMIN_APPS "/usr/local/lib/GNUstep/Applications"
| #define GNUSTEP_TARGET_LOCAL_WEB_APPS "/usr/local/lib/GNUstep/WebApplications"
| #define GNUSTEP_TARGET_LOCAL_TOOLS "/usr/local/bin"
| #define GNUSTEP_TARGET_LOCAL_ADMIN_TOOLS "/usr/local/sbin"
| #define GNUSTEP_TARGET_LOCAL_LIBRARY "/usr/local/lib/GNUstep"
| #define GNUSTEP_TARGET_LOCAL_LIBRARIES "/usr/local/lib"
| #define GNUSTEP_TARGET_LOCAL_HEADERS "/usr/local/include/GNUstep"
| #define GNUSTEP_TARGET_LOCAL_DOC "/usr/local/share/GNUstep/Documentation"
| #define GNUSTEP_TARGET_LOCAL_DOC_MAN "/usr/local/share/man"
| #define GNUSTEP_TARGET_LOCAL_DOC_INFO "/usr/local/share/info"
| #define GNUSTEP_TARGET_USER_DIR_APPS "GNUstep/Applications"
| #define GNUSTEP_TARGET_USER_DIR_ADMIN_APPS "GNUstep/Applications/Admin"
| #define GNUSTEP_TARGET_USER_DIR_WEB_APPS "GNUstep/WebApplications"
| #define GNUSTEP_TARGET_USER_DIR_TOOLS "GNUstep/Tools"
| #define GNUSTEP_TARGET_USER_DIR_ADMIN_TOOLS "GNUstep/Tools/Admin"
| #define GNUSTEP_TARGET_USER_DIR_LIBRARY "GNUstep/Library"
| #define GNUSTEP_TARGET_USER_DIR_LIBRARIES "GNUstep/Library/Libraries"
| #define GNUSTEP_TARGET_USER_DIR_HEADERS "GNUstep/Library/Headers"
| #define GNUSTEP_TARGET_USER_DIR_DOC "GNUstep/Library/Documentation"
| #define GNUSTEP_TARGET_USER_DIR_DOC_MAN "GNUstep/Library/Documentation/man"
| #define GNUSTEP_TARGET_USER_DIR_DOC_INFO "GNUstep/Library/Documentation/info"
| #define GNUSTEP_TARGET_SYSTEM_USERS_DIR ""
| #define GNUSTEP_TARGET_NETWORK_USERS_DIR ""
| #define GNUSTEP_TARGET_LOCAL_USERS_DIR ""
| #define HAVE_STDIO_H 1
| #define HAVE_STDLIB_H 1
| #define HAVE_STRING_H 1
| #define HAVE_INTTYPES_H 1
| #define HAVE_STDINT_H 1
| #define HAVE_STRINGS_H 1
| #define HAVE_SYS_STAT_H 1
| #define HAVE_SYS_TYPES_H 1
| #define HAVE_UNISTD_H 1
| #define HAVE_WCHAR_H 1
| #define STDC_HEADERS 1
| #define _ALL_SOURCE 1
| #define _DARWIN_C_SOURCE 1
| #define _GNU_SOURCE 1
| #define _HPUX_ALT_XOPEN_SOCKET_API 1
| #define _NETBSD_SOURCE 1
| #define _OPENBSD_SOURCE 1
| #define _POSIX_PTHREAD_SEMANTICS 1
| #define __STDC_WANT_IEC_60559_ATTRIBS_EXT__ 1
| #define __STDC_WANT_IEC_60559_BFP_EXT__ 1
| #define __STDC_WANT_IEC_60559_DFP_EXT__ 1
| #define __STDC_WANT_IEC_60559_FUNCS_EXT__ 1
| #define __STDC_WANT_IEC_60559_TYPES_EXT__ 1
| #define __STDC_WANT_LIB_EXT2__ 1
| #define __STDC_WANT_MATH_SPEC_FUNCS__ 1
| #define _TANDEM_SOURCE 1
| #define __EXTENSIONS__ 1
| #define HAVE_FSEEKO 1
| #define USE_ATOMIC_BUILTINS 1
| /* end confdefs.h.  */
| #include <stddef.h>
| #ifdef HAVE_STDIO_H
| # include <stdio.h>
| #endif
| #ifdef HAVE_STDLIB_H
| # include <stdlib.h>
| #endif
| #ifdef HAVE_STRING_H
| # include <string.h>
| #endif
| #ifdef HAVE_INTTYPES_H
| # include <inttypes.h>
| #endif
| #ifdef HAVE_STDINT_H
| # include <stdint.h>
| #endif
| #ifdef HAVE_STRINGS_H
| # include <strings.h>
| #endif
| #ifdef HAVE_SYS_TYPES_H
| # include <sys/types.h>
| #endif
| #ifdef HAVE_SYS_STAT_H
| # include <sys/stat.h>
| #endif
| #ifdef HAVE_UNISTD_H
| # include <unistd.h>
| #endif
| #include <objc/runtime.h>
configure:6427: result: no
configure:6434: checking for objc/objc.h
configure:6434: gcc -c -g -O2 -ffile-prefix-map=/<<PKGBUILDDIR>>=. -fstack-protector-strong -Wformat -Werror=format-security -Wdate-time -D_FORTIFY_SOURCE=2 -I/usr/local/include/GNUstep -I/usr/local/include/GNUstep -I/usr/include/GNUstep conftest.c >&5
conftest.c:118:10: fatal error: 'objc/objc.h' file not found
#include <objc/objc.h>
         ^~~~~~~~~~~~~
1 error generated.
configure:6434: $? = 1
configure: failed program was:
| /* confdefs.h */
| #define PACKAGE_NAME ""
| #define PACKAGE_TARNAME ""
| #define PACKAGE_VERSION ""
| #define PACKAGE_STRING ""
| #define PACKAGE_BUGREPORT ""
| #define PACKAGE_URL ""
| #define OPTION_NO_ENVIRONMENT 0
| #define GNUSTEP_TARGET_MAKEFILES "/usr/share/GNUstep/Makefiles"
| #define GNUSTEP_TARGET_USER_DEFAULTS_DIR "GNUstep/Defaults"
| #define GNUSTEP_TARGET_USER_CONFIG_FILE ".GNUstep.conf"
| #define GNUSTEP_TARGET_CONFIG_FILE "/etc/GNUstep/GNUstep.conf"
| #define GNUSTEP_TARGET_SYSTEM_APPS "/usr/lib/GNUstep/Applications"
| #define GNUSTEP_TARGET_SYSTEM_ADMIN_APPS "/usr/lib/GNUstep/Applications"
| #define GNUSTEP_TARGET_SYSTEM_WEB_APPS "/usr/lib/GNUstep/WebApplications"
| #define GNUSTEP_TARGET_SYSTEM_TOOLS "/usr/bin"
| #define GNUSTEP_TARGET_SYSTEM_ADMIN_TOOLS "/usr/sbin"
| #define GNUSTEP_TARGET_SYSTEM_LIBRARY "/usr/lib/GNUstep"
| #define GNUSTEP_TARGET_SYSTEM_LIBRARIES "/usr/lib"
| #define GNUSTEP_TARGET_SYSTEM_HEADERS "/usr/include/GNUstep"
| #define GNUSTEP_TARGET_SYSTEM_DOC "/usr/share/GNUstep/Documentation"
| #define GNUSTEP_TARGET_SYSTEM_DOC_MAN "/usr/share/man"
| #define GNUSTEP_TARGET_SYSTEM_DOC_INFO "/usr/share/info"
| #define GNUSTEP_TARGET_NETWORK_APPS "/usr/local/lib/GNUstep/Applications"
| #define GNUSTEP_TARGET_NETWORK_ADMIN_APPS "/usr/local/lib/GNUstep/Applications"
| #define GNUSTEP_TARGET_NETWORK_WEB_APPS "/usr/lib/GNUstep/WebApplications"
| #define GNUSTEP_TARGET_NETWORK_TOOLS "/usr/local/bin"
| #define GNUSTEP_TARGET_NETWORK_ADMIN_TOOLS "/usr/local/sbin"
| #define GNUSTEP_TARGET_NETWORK_LIBRARY "/usr/local/lib/GNUstep"
| #define GNUSTEP_TARGET_NETWORK_LIBRARIES "/usr/local/lib"
| #define GNUSTEP_TARGET_NETWORK_HEADERS "/usr/local/include/GNUstep"
| #define GNUSTEP_TARGET_NETWORK_DOC "/usr/local/share/GNUstep/Documentation"
| #define GNUSTEP_TARGET_NETWORK_DOC_MAN "/usr/local/share/man"
| #define GNUSTEP_TARGET_NETWORK_DOC_INFO "/usr/local/share/info"
| #define GNUSTEP_TARGET_LOCAL_APPS "/usr/local/lib/GNUstep/Applications"
| #define GNUSTEP_TARGET_LOCAL_ADMIN_APPS "/usr/local/lib/GNUstep/Applications"
| #define GNUSTEP_TARGET_LOCAL_WEB_APPS "/usr/local/lib/GNUstep/WebApplications"
| #define GNUSTEP_TARGET_LOCAL_TOOLS "/usr/local/bin"
| #define GNUSTEP_TARGET_LOCAL_ADMIN_TOOLS "/usr/local/sbin"
| #define GNUSTEP_TARGET_LOCAL_LIBRARY "/usr/local/lib/GNUstep"
| #define GNUSTEP_TARGET_LOCAL_LIBRARIES "/usr/local/lib"
| #define GNUSTEP_TARGET_LOCAL_HEADERS "/usr/local/include/GNUstep"
| #define GNUSTEP_TARGET_LOCAL_DOC "/usr/local/share/GNUstep/Documentation"
| #define GNUSTEP_TARGET_LOCAL_DOC_MAN "/usr/local/share/man"
| #define GNUSTEP_TARGET_LOCAL_DOC_INFO "/usr/local/share/info"
| #define GNUSTEP_TARGET_USER_DIR_APPS "GNUstep/Applications"
| #define GNUSTEP_TARGET_USER_DIR_ADMIN_APPS "GNUstep/Applications/Admin"
| #define GNUSTEP_TARGET_USER_DIR_WEB_APPS "GNUstep/WebApplications"
| #define GNUSTEP_TARGET_USER_DIR_TOOLS "GNUstep/Tools"
| #define GNUSTEP_TARGET_USER_DIR_ADMIN_TOOLS "GNUstep/Tools/Admin"
| #define GNUSTEP_TARGET_USER_DIR_LIBRARY "GNUstep/Library"
| #define GNUSTEP_TARGET_USER_DIR_LIBRARIES "GNUstep/Library/Libraries"
| #define GNUSTEP_TARGET_USER_DIR_HEADERS "GNUstep/Library/Headers"
| #define GNUSTEP_TARGET_USER_DIR_DOC "GNUstep/Library/Documentation"
| #define GNUSTEP_TARGET_USER_DIR_DOC_MAN "GNUstep/Library/Documentation/man"
| #define GNUSTEP_TARGET_USER_DIR_DOC_INFO "GNUstep/Library/Documentation/info"
| #define GNUSTEP_TARGET_SYSTEM_USERS_DIR ""
| #define GNUSTEP_TARGET_NETWORK_USERS_DIR ""
| #define GNUSTEP_TARGET_LOCAL_USERS_DIR ""
| #define HAVE_STDIO_H 1
| #define HAVE_STDLIB_H 1
| #define HAVE_STRING_H 1
| #define HAVE_INTTYPES_H 1
| #define HAVE_STDINT_H 1
| #define HAVE_STRINGS_H 1
| #define HAVE_SYS_STAT_H 1
| #define HAVE_SYS_TYPES_H 1
| #define HAVE_UNISTD_H 1
| #define HAVE_WCHAR_H 1
| #define STDC_HEADERS 1
| #define _ALL_SOURCE 1
| #define _DARWIN_C_SOURCE 1
| #define _GNU_SOURCE 1
| #define _HPUX_ALT_XOPEN_SOCKET_API 1
| #define _NETBSD_SOURCE 1
| #define _OPENBSD_SOURCE 1
| #define _POSIX_PTHREAD_SEMANTICS 1
| #define __STDC_WANT_IEC_60559_ATTRIBS_EXT__ 1
| #define __STDC_WANT_IEC_60559_BFP_EXT__ 1
| #define __STDC_WANT_IEC_60559_DFP_EXT__ 1
| #define __STDC_WANT_IEC_60559_FUNCS_EXT__ 1
| #define __STDC_WANT_IEC_60559_TYPES_EXT__ 1
| #define __STDC_WANT_LIB_EXT2__ 1
| #define __STDC_WANT_MATH_SPEC_FUNCS__ 1
| #define _TANDEM_SOURCE 1
| #define __EXTENSIONS__ 1
| #define HAVE_FSEEKO 1
| #define USE_ATOMIC_BUILTINS 1
| /* end confdefs.h.  */
| #include <stddef.h>
| #ifdef HAVE_STDIO_H
| # include <stdio.h>
| #endif
| #ifdef HAVE_STDLIB_H
| # include <stdlib.h>
| #endif
| #ifdef HAVE_STRING_H
| # include <string.h>
| #endif
| #ifdef HAVE_INTTYPES_H
| # include <inttypes.h>
| #endif
| #ifdef HAVE_STDINT_H
| # include <stdint.h>
| #endif
| #ifdef HAVE_STRINGS_H
| # include <strings.h>
| #endif
| #ifdef HAVE_SYS_TYPES_H
| # include <sys/types.h>
| #endif
| #ifdef HAVE_SYS_STAT_H
| # include <sys/stat.h>
| #endif
| #ifdef HAVE_UNISTD_H
| # include <unistd.h>
| #endif
| #include <objc/objc.h>
configure:6434: result: no
configure:6444: error: Could not find Objective-C headers

## ---------------- ##
## Cache variables. ##
## ---------------- ##

ac_cv_build=x86_64-pc-linux-gnu
ac_cv_c_compiler_gnu=yes
ac_cv_env_CC_set=
ac_cv_env_CC_value=
ac_cv_env_CFLAGS_set=set
ac_cv_env_CFLAGS_value='-g -O2 -ffile-prefix-map=/<<PKGBUILDDIR>>=. -fstack-protector-strong -Wformat -Werror=format-security'
ac_cv_env_CPPFLAGS_set=set
ac_cv_env_CPPFLAGS_value='-Wdate-time -D_FORTIFY_SOURCE=2'
ac_cv_env_CPP_set=
ac_cv_env_CPP_value=
ac_cv_env_ICU_CFLAGS_set=
ac_cv_env_ICU_CFLAGS_value=
ac_cv_env_ICU_LIBS_set=
ac_cv_env_ICU_LIBS_value=
ac_cv_env_LDFLAGS_set=set
ac_cv_env_LDFLAGS_value='-Wl,-z,relro -Wl,-z,now -Wl,--no-undefined'
ac_cv_env_LIBS_set=
ac_cv_env_LIBS_value=
ac_cv_env_PKG_CONFIG_LIBDIR_set=
ac_cv_env_PKG_CONFIG_LIBDIR_value=
ac_cv_env_PKG_CONFIG_PATH_set=
ac_cv_env_PKG_CONFIG_PATH_value=
ac_cv_env_PKG_CONFIG_set=
ac_cv_env_PKG_CONFIG_value=
ac_cv_env_XML_CFLAGS_set=
ac_cv_env_XML_CFLAGS_value=
ac_cv_env_XML_LIBS_set=
ac_cv_env_XML_LIBS_value=
ac_cv_env_build_alias_set=set
ac_cv_env_build_alias_value=x86_64-linux-gnu
ac_cv_env_host_alias_set=
ac_cv_env_host_alias_value=
ac_cv_env_target_alias_set=
ac_cv_env_target_alias_value=
ac_cv_environment_config_file=yes
ac_cv_func_setpgrp_void=yes
ac_cv_header_inttypes_h=yes
ac_cv_header_minix_config_h=no
ac_cv_header_objc_objc_h=no
ac_cv_header_objc_runtime_h=no
ac_cv_header_stdint_h=yes
ac_cv_header_stdio_h=yes
ac_cv_header_stdlib_h=yes
ac_cv_header_string_h=yes
ac_cv_header_strings_h=yes
ac_cv_header_sys_stat_h=yes
ac_cv_header_sys_types_h=yes
ac_cv_header_unistd_h=yes
ac_cv_header_wchar_h=yes
ac_cv_host=x86_64-pc-linux-gnu
ac_cv_importing_config_file=yes
ac_cv_lib_kvm_kvm_getenvv=no
ac_cv_objext=o
ac_cv_path_WHOAMI=/usr/bin/whoami
ac_cv_path_ac_pt_PKG_CONFIG=/usr/bin/pkg-config
ac_cv_prog_CPP='gcc -E'
ac_cv_prog_ac_ct_CC=gcc
ac_cv_prog_cc_c11=
ac_cv_prog_cc_g=yes
ac_cv_prog_cc_stdc=
ac_cv_safe_to_define___extensions__=yes
ac_cv_should_define__xopen_source=no
ac_cv_sys_file_offset_bits=no
ac_cv_sys_largefile_CC=no
ac_cv_sys_largefile_source=no
ac_cv_target=x86_64-pc-linux-gnu
ac_cv_type_off_t=yes
cross_gs_cv_objc_compiler_supports_constant_string_class=no
cross_gs_cv_objc_load_method_worked=no
cross_gs_cv_objc_works=yes
cross_gs_cv_program_invocation_name_worked=no
gs_cv_objc_incdir=NONE
gs_cv_objc_libdir=NONE

## ----------------- ##
## Output variables. ##
## ----------------- ##

BASE_NATIVE_OBJC_EXCEPTIONS=''
BASE_NONFRAGILE_ABI='0'
BUGGY_PTR_LIMITS=''
CC='gcc'
CFLAGS='-g -O2 -ffile-prefix-map=/<<PKGBUILDDIR>>=. -fstack-protector-strong -Wformat -Werror=format-security'
CLANG_CC='yes'
CPP='gcc -E'
CPPFLAGS='-Wdate-time -D_FORTIFY_SOURCE=2 -I/usr/local/include/GNUstep -I/usr/local/include/GNUstep -I/usr/include/GNUstep'
DEFINE_INT16_T=''
DEFINE_INT32_T=''
DEFINE_INT64_T=''
DEFINE_INT8_T=''
DEFINE_INTPTR_T=''
DEFINE_UINT16_T=''
DEFINE_UINT32_T=''
DEFINE_UINT64_T=''
DEFINE_UINT8_T=''
DEFINE_UINTPTR_T=''
DEFS=''
DYNAMIC_LINKER=''
ECHO_C=''
ECHO_N='-n'
ECHO_T=''
EGREP=''
EXEEXT=''
GCC_VERSION=''
GNUSTEP_BASE_DOMAIN='SYSTEM'
GNUSTEP_BASE_RELATIVE_PATHS='no'
GNUSTEP_GDOMAP_PORT_OVERRIDE=''
GNUSTEP_INSTALL_GDOMAP_AS_SETUID=''
GREP=''
GS_ALIGNOF_COND_T=''
GS_ALIGNOF_MUTEX_T=''
GS_FAKE_MAIN=''
GS_FLT32=''
GS_FLT64=''
GS_HAVE_I128=''
GS_HAVE_I64=''
GS_HAVE_OBJC_ROOT_CLASS_ATTR=''
GS_INTPTR_MAX=''
GS_INTPTR_MIN=''
GS_MIXEDABI=''
GS_NONFRAGILE=''
GS_PASS_ARGUMENTS=''
GS_SADDR=''
GS_SINT128=''
GS_SINT16=''
GS_SINT32=''
GS_SINT64=''
GS_SINT8=''
GS_SIZEOF_COND_T=''
GS_SIZEOF_MUTEX_T=''
GS_UADDR=''
GS_UINT128=''
GS_UINT16=''
GS_UINT32=''
GS_UINT64=''
GS_UINT8=''
GS_UINTPTR_MAX=''
GS_WORDS_BIGENDIAN=''
HAVE_AVAHI=''
HAVE_BLOCKS=''
HAVE_GNUTLS=''
HAVE_ICU=''
HAVE_INET_NTOP=''
HAVE_INET_PTON=''
HAVE_LIBDISPATCH=''
HAVE_LIBDISPATCH_RUNLOOP=''
HAVE_LIBXML=''
HAVE_LIBXSLT=''
HAVE_MDNS=''
HAVE_OBJC_SYNC_ENTER=''
HAVE_PTS_STREAM_MODULES=''
ICU_CFLAGS=''
ICU_LIBS=''
INCLUDE_FLAGS='-Wdate-time -D_FORTIFY_SOURCE=2 -I/usr/local/include/GNUstep -I/usr/local/include/GNUstep -I/usr/include/GNUstep'
INCLUDE_INTTYPES=''
LDFLAGS='-Wl,-z,relro -Wl,-z,now -Wl,--no-undefined -L/usr/local/lib -L/usr/local/lib -L/usr/lib'
LDIR_FLAGS='-Wl,-z,relro -Wl,-z,now -Wl,--no-undefined -L/usr/local/lib -L/usr/local/lib -L/usr/lib'
LIBOBJS=''
LIBS=''
LTLIBOBJS=''
MAJOR_VERSION=''
MINOR_VERSION=''
NX_CONST_STRING_CLASS=''
NX_CONST_STRING_OBJCFLAGS=''
OBJC2RUNTIME=''
OBJCFLAGS='-g -O2 -ffile-prefix-map=/<<PKGBUILDDIR>>=. -fstack-protector-strong -Wformat -Werror=format-security -fobjc-runtime=gcc'
OBJCSYNC=''
OBJEXT='o'
PACKAGE_BUGREPORT=''
PACKAGE_NAME=''
PACKAGE_STRING=''
PACKAGE_TARNAME=''
PACKAGE_URL=''
PACKAGE_VERSION=''
PATH_SEPARATOR=':'
PKG_CONFIG='/usr/bin/pkg-config'
PKG_CONFIG_LIBDIR=''
PKG_CONFIG_PATH='/<<PKGBUILDDIR>>/debian/.debhelper/generated/_source/home/GNUstep/Library/Libraries/pkgconfig:/usr/local/lib/pkgconfig:/usr/lib/pkgconfig'
SHELL='/bin/bash'
SUBMINOR_VERSION=''
TLS_CFLAGS=''
TLS_CONFIG=''
TLS_LIBS=''
USE_GMP=''
USE_ZLIB=''
VERSION=''
WARN_FLAGS=''
WHOAMI='/usr/bin/whoami'
WITH_FFI=''
XML2_CONFIG=''
XML_CFLAGS=''
XML_CONFIG=''
XML_LIBS=''
_GSC_S_INT=''
_GSC_S_LNG=''
_GSC_S_LNG_LNG=''
_GSC_S_SHT=''
ac_ct_CC='gcc'
ac_cv_sizeof_double=''
ac_cv_sizeof_float=''
ac_cv_sizeof_int=''
ac_cv_sizeof_long=''
ac_cv_sizeof_long_long=''
ac_cv_sizeof_short=''
ac_cv_sizeof_voidp=''
bindir='${exec_prefix}/bin'
build='x86_64-pc-linux-gnu'
build_alias='x86_64-linux-gnu'
build_cpu='x86_64'
build_os='linux-gnu'
build_vendor='pc'
datadir='${datarootdir}'
datarootdir='${prefix}/share'
docdir='${datarootdir}/doc/${PACKAGE}'
dvidir='${docdir}'
exec_prefix='NONE'
host='x86_64-pc-linux-gnu'
host_alias=''
host_cpu='x86_64'
host_os='linux-gnu'
host_vendor='pc'
htmldir='${docdir}'
includedir='${prefix}/include'
infodir='${prefix}/share/info'
libdir='${prefix}/lib/x86_64-linux-gnu'
libexecdir='${exec_prefix}/libexec'
localedir='${datarootdir}/locale'
localstatedir='/var'
mandir='${prefix}/share/man'
oldincludedir='/usr/include'
pdfdir='${docdir}'
prefix='/usr'
program_transform_name='s,x,x,'
psdir='${docdir}'
runstatedir='/run'
sbindir='${exec_prefix}/sbin'
sharedstatedir='${prefix}/com'
sysconfdir='/etc'
target='x86_64-pc-linux-gnu'
target_alias=''
target_cpu='x86_64'
target_os='linux-gnu'
target_vendor='pc'

## ----------- ##
## confdefs.h. ##
## ----------- ##

/* confdefs.h */
#define PACKAGE_NAME ""
#define PACKAGE_TARNAME ""
#define PACKAGE_VERSION ""
#define PACKAGE_STRING ""
#define PACKAGE_BUGREPORT ""
#define PACKAGE_URL ""
#define OPTION_NO_ENVIRONMENT 0
#define GNUSTEP_TARGET_MAKEFILES "/usr/share/GNUstep/Makefiles"
#define GNUSTEP_TARGET_USER_DEFAULTS_DIR "GNUstep/Defaults"
#define GNUSTEP_TARGET_USER_CONFIG_FILE ".GNUstep.conf"
#define GNUSTEP_TARGET_CONFIG_FILE "/etc/GNUstep/GNUstep.conf"
#define GNUSTEP_TARGET_SYSTEM_APPS "/usr/lib/GNUstep/Applications"
#define GNUSTEP_TARGET_SYSTEM_ADMIN_APPS "/usr/lib/GNUstep/Applications"
#define GNUSTEP_TARGET_SYSTEM_WEB_APPS "/usr/lib/GNUstep/WebApplications"
#define GNUSTEP_TARGET_SYSTEM_TOOLS "/usr/bin"
#define GNUSTEP_TARGET_SYSTEM_ADMIN_TOOLS "/usr/sbin"
#define GNUSTEP_TARGET_SYSTEM_LIBRARY "/usr/lib/GNUstep"
#define GNUSTEP_TARGET_SYSTEM_LIBRARIES "/usr/lib"
#define GNUSTEP_TARGET_SYSTEM_HEADERS "/usr/include/GNUstep"
#define GNUSTEP_TARGET_SYSTEM_DOC "/usr/share/GNUstep/Documentation"
#define GNUSTEP_TARGET_SYSTEM_DOC_MAN "/usr/share/man"
#define GNUSTEP_TARGET_SYSTEM_DOC_INFO "/usr/share/info"
#define GNUSTEP_TARGET_NETWORK_APPS "/usr/local/lib/GNUstep/Applications"
#define GNUSTEP_TARGET_NETWORK_ADMIN_APPS "/usr/local/lib/GNUstep/Applications"
#define GNUSTEP_TARGET_NETWORK_WEB_APPS "/usr/lib/GNUstep/WebApplications"
#define GNUSTEP_TARGET_NETWORK_TOOLS "/usr/local/bin"
#define GNUSTEP_TARGET_NETWORK_ADMIN_TOOLS "/usr/local/sbin"
#define GNUSTEP_TARGET_NETWORK_LIBRARY "/usr/local/lib/GNUstep"
#define GNUSTEP_TARGET_NETWORK_LIBRARIES "/usr/local/lib"
#define GNUSTEP_TARGET_NETWORK_HEADERS "/usr/local/include/GNUstep"
#define GNUSTEP_TARGET_NETWORK_DOC "/usr/local/share/GNUstep/Documentation"
#define GNUSTEP_TARGET_NETWORK_DOC_MAN "/usr/local/share/man"
#define GNUSTEP_TARGET_NETWORK_DOC_INFO "/usr/local/share/info"
#define GNUSTEP_TARGET_LOCAL_APPS "/usr/local/lib/GNUstep/Applications"
#define GNUSTEP_TARGET_LOCAL_ADMIN_APPS "/usr/local/lib/GNUstep/Applications"
#define GNUSTEP_TARGET_LOCAL_WEB_APPS "/usr/local/lib/GNUstep/WebApplications"
#define GNUSTEP_TARGET_LOCAL_TOOLS "/usr/local/bin"
#define GNUSTEP_TARGET_LOCAL_ADMIN_TOOLS "/usr/local/sbin"
#define GNUSTEP_TARGET_LOCAL_LIBRARY "/usr/local/lib/GNUstep"
#define GNUSTEP_TARGET_LOCAL_LIBRARIES "/usr/local/lib"
#define GNUSTEP_TARGET_LOCAL_HEADERS "/usr/local/include/GNUstep"
#define GNUSTEP_TARGET_LOCAL_DOC "/usr/local/share/GNUstep/Documentation"
#define GNUSTEP_TARGET_LOCAL_DOC_MAN "/usr/local/share/man"
#define GNUSTEP_TARGET_LOCAL_DOC_INFO "/usr/local/share/info"
#define GNUSTEP_TARGET_USER_DIR_APPS "GNUstep/Applications"
#define GNUSTEP_TARGET_USER_DIR_ADMIN_APPS "GNUstep/Applications/Admin"
#define GNUSTEP_TARGET_USER_DIR_WEB_APPS "GNUstep/WebApplications"
#define GNUSTEP_TARGET_USER_DIR_TOOLS "GNUstep/Tools"
#define GNUSTEP_TARGET_USER_DIR_ADMIN_TOOLS "GNUstep/Tools/Admin"
#define GNUSTEP_TARGET_USER_DIR_LIBRARY "GNUstep/Library"
#define GNUSTEP_TARGET_USER_DIR_LIBRARIES "GNUstep/Library/Libraries"
#define GNUSTEP_TARGET_USER_DIR_HEADERS "GNUstep/Library/Headers"
#define GNUSTEP_TARGET_USER_DIR_DOC "GNUstep/Library/Documentation"
#define GNUSTEP_TARGET_USER_DIR_DOC_MAN "GNUstep/Library/Documentation/man"
#define GNUSTEP_TARGET_USER_DIR_DOC_INFO "GNUstep/Library/Documentation/info"
#define GNUSTEP_TARGET_SYSTEM_USERS_DIR ""
#define GNUSTEP_TARGET_NETWORK_USERS_DIR ""
#define GNUSTEP_TARGET_LOCAL_USERS_DIR ""
#define HAVE_STDIO_H 1
#define HAVE_STDLIB_H 1
#define HAVE_STRING_H 1
#define HAVE_INTTYPES_H 1
#define HAVE_STDINT_H 1
#define HAVE_STRINGS_H 1
#define HAVE_SYS_STAT_H 1
#define HAVE_SYS_TYPES_H 1
#define HAVE_UNISTD_H 1
#define HAVE_WCHAR_H 1
#define STDC_HEADERS 1
#define _ALL_SOURCE 1
#define _DARWIN_C_SOURCE 1
#define _GNU_SOURCE 1
#define _HPUX_ALT_XOPEN_SOCKET_API 1
#define _NETBSD_SOURCE 1
#define _OPENBSD_SOURCE 1
#define _POSIX_PTHREAD_SEMANTICS 1
#define __STDC_WANT_IEC_60559_ATTRIBS_EXT__ 1
#define __STDC_WANT_IEC_60559_BFP_EXT__ 1
#define __STDC_WANT_IEC_60559_DFP_EXT__ 1
#define __STDC_WANT_IEC_60559_FUNCS_EXT__ 1
#define __STDC_WANT_IEC_60559_TYPES_EXT__ 1
#define __STDC_WANT_LIB_EXT2__ 1
#define __STDC_WANT_MATH_SPEC_FUNCS__ 1
#define _TANDEM_SOURCE 1
#define __EXTENSIONS__ 1
#define HAVE_FSEEKO 1
#define USE_ATOMIC_BUILTINS 1

configure: exit 1
make[1]: *** [debian/rules:66: override_dh_auto_configure] Error 1
make[1]: Leaving directory '/<<PKGBUILDDIR>>'
make: *** [debian/rules:42: binary] Error 2
dpkg-buildpackage: error: debian/rules binary subprocess returned exit status 2
--------------------------------------------------------------------------------
Build finished at 2021-10-26T21:45:20Z

Finished
--------


+------------------------------------------------------------------------------+
| Cleanup                                                                      |
+------------------------------------------------------------------------------+

Purging /<<BUILDDIR>>
Not cleaning session: cloned chroot in use
E: Build failure (dpkg-buildpackage died)

+------------------------------------------------------------------------------+
| Summary                                                                      |
+------------------------------------------------------------------------------+

Build Architecture: amd64
Build Type: binary
Build-Space: 31804
Build-Time: 6
Distribution: unstable
Fail-Stage: build
Host Architecture: amd64
Install-Time: 31
Job: gnustep-base_1.27.0-4
Machine Architecture: amd64
Package: gnustep-base
Package-Time: 58
Source-Version: 1.27.0-4
Space: 31804
Status: attempted
Version: 1.27.0-4
--------------------------------------------------------------------------------
Finished at 2021-10-26T21:45:20Z
Build needed 00:00:58, 31804k disk space
E: Build failure (dpkg-buildpackage died)
DC-Status: Failed 59.26652039s
DC-Time-Estimation: 59.26652039 versus expected 311 (r/m: 4.247482017730787 ; m: 59.26652039)
