DC-Build-Header: lastpass-cli 1.3.3-4 / 2021-10-26 23:05:44 +0000
DC-Task: type:rebuild-binarch-only source:lastpass-cli version:1.3.3-4 chroot:unstable esttime:64 logfile:/tmp/lastpass-cli_1.3.3-4_unstable_clang13.log modes:clang13:binarch-only
DC-Sbuild-call: su user42 -c 'sbuild -n --arch-any --apt-update -d unstable -v --no-run-lintian --chroot-setup-commands=/tmp/clang13 lastpass-cli_1.3.3-4'
sbuild (Debian sbuild) 0.78.1 (09 February 2019) on ip-172-31-3-154.eu-central-1.compute.internal

+==============================================================================+
| lastpass-cli 1.3.3-4 (amd64)                 Tue, 26 Oct 2021 23:05:44 +0000 |
+==============================================================================+

Package: lastpass-cli
Version: 1.3.3-4
Source Version: 1.3.3-4
Distribution: unstable
Machine Architecture: amd64
Host Architecture: amd64
Build Architecture: amd64
Build Type: binary

I: NOTICE: Log filtering will replace 'var/run/schroot/mount/sid-amd64-sbuild-1653989d-f2ca-4a12-87e7-00ffe2569ce9' with '<<CHROOT>>'

+------------------------------------------------------------------------------+
| Chroot Setup Commands                                                        |
+------------------------------------------------------------------------------+


/tmp/clang13
------------

+ echo 'Entering customization script...'
Entering customization script...
+ CLANG_VERSION=13
+ echo 'Install of clang-13'
Install of clang-13
+ apt-get update
Get:1 http://127.0.0.1:12990/debian sid InRelease [165 kB]
Get:2 http://127.0.0.1:12990/debian sid/main Sources.diff/Index [63.6 kB]
Get:3 http://127.0.0.1:12990/debian sid/main amd64 Packages.diff/Index [63.6 kB]
Get:4 http://127.0.0.1:12990/debian sid/main Sources T-2021-10-26-2004.40-F-2021-10-26-0202.15.pdiff [47.3 kB]
Get:4 http://127.0.0.1:12990/debian sid/main Sources T-2021-10-26-2004.40-F-2021-10-26-0202.15.pdiff [47.3 kB]
Get:5 http://127.0.0.1:12990/debian sid/main amd64 Packages T-2021-10-26-2004.40-F-2021-10-26-0202.15.pdiff [55.9 kB]
Get:5 http://127.0.0.1:12990/debian sid/main amd64 Packages T-2021-10-26-2004.40-F-2021-10-26-0202.15.pdiff [55.9 kB]
Get:6 http://127.0.0.1:12990/debian sid/main Translation-en [6586 kB]
Fetched 6981 kB in 3s (2757 kB/s)
Reading package lists...
+ apt-get install --yes --no-install-recommends --force-yes clang-13 libomp-13-dev libobjc-9-dev
Reading package lists...
Building dependency tree...
The following additional packages will be installed:
  lib32gcc-s1 lib32stdc++6 libasan5 libbsd0 libc6-i386 libclang-common-13-dev
  libclang-cpp13 libclang1-13 libedit2 libgc1 libgcc-9-dev libicu67 libllvm13
  libmd0 libobjc-11-dev libobjc4 libomp5-13 libxml2 libz3-4
Suggested packages:
  clang-13-doc libomp-13-doc
Recommended packages:
  llvm-13-dev python3
The following NEW packages will be installed:
  clang-13 lib32gcc-s1 lib32stdc++6 libasan5 libbsd0 libc6-i386
  libclang-common-13-dev libclang-cpp13 libclang1-13 libedit2 libgc1
  libgcc-9-dev libicu67 libllvm13 libmd0 libobjc-11-dev libobjc-9-dev libobjc4
  libomp-13-dev libomp5-13 libxml2 libz3-4
0 upgraded, 22 newly installed, 0 to remove and 0 not upgraded.
Need to get 68.5 MB of archives.
After this operation, 379 MB of additional disk space will be used.
Get:1 http://127.0.0.1:12990/debian sid/main amd64 libmd0 amd64 1.0.4-1 [29.6 kB]
Get:2 http://127.0.0.1:12990/debian sid/main amd64 libbsd0 amd64 0.11.3-1 [108 kB]
Get:3 http://127.0.0.1:12990/debian sid/main amd64 libedit2 amd64 3.1-20210910-1 [97.5 kB]
Get:4 http://127.0.0.1:12990/debian sid/main amd64 libicu67 amd64 67.1-7 [8622 kB]
Get:5 http://127.0.0.1:12990/debian sid/main amd64 libxml2 amd64 2.9.12+dfsg-5 [696 kB]
Get:6 http://127.0.0.1:12990/debian sid/main amd64 libz3-4 amd64 4.8.12-1+b1 [6997 kB]
Get:7 http://127.0.0.1:12990/debian sid/main amd64 libllvm13 amd64 1:13.0.0-8 [19.7 MB]
Get:8 http://127.0.0.1:12990/debian sid/main amd64 libclang-cpp13 amd64 1:13.0.0-8 [10.5 MB]
Get:9 http://127.0.0.1:12990/debian sid/main amd64 libgc1 amd64 1:8.0.4-3 [239 kB]
Get:10 http://127.0.0.1:12990/debian sid/main amd64 libobjc4 amd64 11.2.0-10 [43.2 kB]
Get:11 http://127.0.0.1:12990/debian sid/main amd64 libobjc-11-dev amd64 11.2.0-10 [170 kB]
Get:12 http://127.0.0.1:12990/debian sid/main amd64 libc6-i386 amd64 2.32-4 [2624 kB]
Get:13 http://127.0.0.1:12990/debian sid/main amd64 lib32gcc-s1 amd64 11.2.0-10 [49.9 kB]
Get:14 http://127.0.0.1:12990/debian sid/main amd64 lib32stdc++6 amd64 11.2.0-10 [601 kB]
Get:15 http://127.0.0.1:12990/debian sid/main amd64 libclang-common-13-dev amd64 1:13.0.0-8 [5730 kB]
Get:16 http://127.0.0.1:12990/debian sid/main amd64 libclang1-13 amd64 1:13.0.0-8 [6093 kB]
Get:17 http://127.0.0.1:12990/debian sid/main amd64 clang-13 amd64 1:13.0.0-8 [119 kB]
Get:18 http://127.0.0.1:12990/debian sid/main amd64 libasan5 amd64 9.4.0-3 [2734 kB]
Get:19 http://127.0.0.1:12990/debian sid/main amd64 libgcc-9-dev amd64 9.4.0-3 [2343 kB]
Get:20 http://127.0.0.1:12990/debian sid/main amd64 libobjc-9-dev amd64 9.4.0-3 [219 kB]
Get:21 http://127.0.0.1:12990/debian sid/main amd64 libomp5-13 amd64 1:13.0.0-8 [377 kB]
Get:22 http://127.0.0.1:12990/debian sid/main amd64 libomp-13-dev amd64 1:13.0.0-8 [482 kB]
debconf: delaying package configuration, since apt-utils is not installed
Fetched 68.5 MB in 0s (155 MB/s)
Selecting previously unselected package libmd0:amd64.
(Reading database ... (Reading database ... 5%(Reading database ... 10%(Reading database ... 15%(Reading database ... 20%(Reading database ... 25%(Reading database ... 30%(Reading database ... 35%(Reading database ... 40%(Reading database ... 45%(Reading database ... 50%(Reading database ... 55%(Reading database ... 60%(Reading database ... 65%(Reading database ... 70%(Reading database ... 75%(Reading database ... 80%(Reading database ... 85%(Reading database ... 90%(Reading database ... 95%(Reading database ... 100%(Reading database ... 12431 files and directories currently installed.)
Preparing to unpack .../00-libmd0_1.0.4-1_amd64.deb ...
Unpacking libmd0:amd64 (1.0.4-1) ...
Selecting previously unselected package libbsd0:amd64.
Preparing to unpack .../01-libbsd0_0.11.3-1_amd64.deb ...
Unpacking libbsd0:amd64 (0.11.3-1) ...
Selecting previously unselected package libedit2:amd64.
Preparing to unpack .../02-libedit2_3.1-20210910-1_amd64.deb ...
Unpacking libedit2:amd64 (3.1-20210910-1) ...
Selecting previously unselected package libicu67:amd64.
Preparing to unpack .../03-libicu67_67.1-7_amd64.deb ...
Unpacking libicu67:amd64 (67.1-7) ...
Selecting previously unselected package libxml2:amd64.
Preparing to unpack .../04-libxml2_2.9.12+dfsg-5_amd64.deb ...
Unpacking libxml2:amd64 (2.9.12+dfsg-5) ...
Selecting previously unselected package libz3-4:amd64.
Preparing to unpack .../05-libz3-4_4.8.12-1+b1_amd64.deb ...
Unpacking libz3-4:amd64 (4.8.12-1+b1) ...
Selecting previously unselected package libllvm13:amd64.
Preparing to unpack .../06-libllvm13_1%3a13.0.0-8_amd64.deb ...
Unpacking libllvm13:amd64 (1:13.0.0-8) ...
Selecting previously unselected package libclang-cpp13.
Preparing to unpack .../07-libclang-cpp13_1%3a13.0.0-8_amd64.deb ...
Unpacking libclang-cpp13 (1:13.0.0-8) ...
Selecting previously unselected package libgc1:amd64.
Preparing to unpack .../08-libgc1_1%3a8.0.4-3_amd64.deb ...
Unpacking libgc1:amd64 (1:8.0.4-3) ...
Selecting previously unselected package libobjc4:amd64.
Preparing to unpack .../09-libobjc4_11.2.0-10_amd64.deb ...
Unpacking libobjc4:amd64 (11.2.0-10) ...
Selecting previously unselected package libobjc-11-dev:amd64.
Preparing to unpack .../10-libobjc-11-dev_11.2.0-10_amd64.deb ...
Unpacking libobjc-11-dev:amd64 (11.2.0-10) ...
Selecting previously unselected package libc6-i386.
Preparing to unpack .../11-libc6-i386_2.32-4_amd64.deb ...
Unpacking libc6-i386 (2.32-4) ...
Selecting previously unselected package lib32gcc-s1.
Preparing to unpack .../12-lib32gcc-s1_11.2.0-10_amd64.deb ...
Unpacking lib32gcc-s1 (11.2.0-10) ...
Selecting previously unselected package lib32stdc++6.
Preparing to unpack .../13-lib32stdc++6_11.2.0-10_amd64.deb ...
Unpacking lib32stdc++6 (11.2.0-10) ...
Selecting previously unselected package libclang-common-13-dev.
Preparing to unpack .../14-libclang-common-13-dev_1%3a13.0.0-8_amd64.deb ...
Unpacking libclang-common-13-dev (1:13.0.0-8) ...
Selecting previously unselected package libclang1-13.
Preparing to unpack .../15-libclang1-13_1%3a13.0.0-8_amd64.deb ...
Unpacking libclang1-13 (1:13.0.0-8) ...
Selecting previously unselected package clang-13.
Preparing to unpack .../16-clang-13_1%3a13.0.0-8_amd64.deb ...
Unpacking clang-13 (1:13.0.0-8) ...
Selecting previously unselected package libasan5:amd64.
Preparing to unpack .../17-libasan5_9.4.0-3_amd64.deb ...
Unpacking libasan5:amd64 (9.4.0-3) ...
Selecting previously unselected package libgcc-9-dev:amd64.
Preparing to unpack .../18-libgcc-9-dev_9.4.0-3_amd64.deb ...
Unpacking libgcc-9-dev:amd64 (9.4.0-3) ...
Selecting previously unselected package libobjc-9-dev:amd64.
Preparing to unpack .../19-libobjc-9-dev_9.4.0-3_amd64.deb ...
Unpacking libobjc-9-dev:amd64 (9.4.0-3) ...
Selecting previously unselected package libomp5-13:amd64.
Preparing to unpack .../20-libomp5-13_1%3a13.0.0-8_amd64.deb ...
Unpacking libomp5-13:amd64 (1:13.0.0-8) ...
Selecting previously unselected package libomp-13-dev.
Preparing to unpack .../21-libomp-13-dev_1%3a13.0.0-8_amd64.deb ...
Unpacking libomp-13-dev (1:13.0.0-8) ...
Setting up libicu67:amd64 (67.1-7) ...
Setting up libasan5:amd64 (9.4.0-3) ...
Setting up libz3-4:amd64 (4.8.12-1+b1) ...
Setting up libgc1:amd64 (1:8.0.4-3) ...
Setting up libmd0:amd64 (1.0.4-1) ...
Setting up libc6-i386 (2.32-4) ...
Setting up libomp5-13:amd64 (1:13.0.0-8) ...
Setting up libbsd0:amd64 (0.11.3-1) ...
Setting up libxml2:amd64 (2.9.12+dfsg-5) ...
Setting up libedit2:amd64 (3.1-20210910-1) ...
Setting up libobjc4:amd64 (11.2.0-10) ...
Setting up libgcc-9-dev:amd64 (9.4.0-3) ...
Setting up lib32gcc-s1 (11.2.0-10) ...
Setting up lib32stdc++6 (11.2.0-10) ...
Setting up libllvm13:amd64 (1:13.0.0-8) ...
Setting up libobjc-9-dev:amd64 (9.4.0-3) ...
Setting up libclang-common-13-dev (1:13.0.0-8) ...
Setting up libomp-13-dev (1:13.0.0-8) ...
Setting up libobjc-11-dev:amd64 (11.2.0-10) ...
Setting up libclang1-13 (1:13.0.0-8) ...
Setting up libclang-cpp13 (1:13.0.0-8) ...
Setting up clang-13 (1:13.0.0-8) ...
Processing triggers for libc-bin (2.32-4) ...
W: --force-yes is deprecated, use one of the options starting with --allow instead.
+ echo 'Replace gcc, g++ & cpp by clang'
Replace gcc, g++ & cpp by clang
+ VERSIONS='4.6 4.7 4.8 4.9 5 6 7 8 9 10 11'
+ cd /usr/bin
+ for VERSION in $VERSIONS
+ rm -f g++-4.6 gcc-4.6 cpp-4.6 gcc
+ ln -s clang++-13 g++-4.6
+ ln -s clang-13 gcc-4.6
+ ln -s clang-13 cpp-4.6
+ ln -s clang-13 gcc
+ echo 'gcc-4.6 hold'
+ dpkg --set-selections
dpkg: warning: package not in status nor available database at line 1: gcc-4.6
dpkg: warning: found unknown packages; this might mean the available database
is outdated, and needs to be updated through a frontend method;
please see the FAQ <https://wiki.debian.org/Teams/Dpkg/FAQ>
+ echo 'g++-4.6 hold'
+ dpkg --set-selections
dpkg: warning: package not in status nor available database at line 1: g++-4.6
dpkg: warning: found unknown packages; this might mean the available database
is outdated, and needs to be updated through a frontend method;
please see the FAQ <https://wiki.debian.org/Teams/Dpkg/FAQ>
+ for VERSION in $VERSIONS
+ rm -f g++-4.7 gcc-4.7 cpp-4.7 gcc
+ ln -s clang++-13 g++-4.7
+ ln -s clang-13 gcc-4.7
+ ln -s clang-13 cpp-4.7
+ ln -s clang-13 gcc
+ echo 'gcc-4.7 hold'
+ dpkg --set-selections
dpkg: warning: package not in status nor available database at line 1: gcc-4.7
dpkg: warning: found unknown packages; this might mean the available database
is outdated, and needs to be updated through a frontend method;
please see the FAQ <https://wiki.debian.org/Teams/Dpkg/FAQ>
+ echo 'g++-4.7 hold'
+ dpkg --set-selections
dpkg: warning: package not in status nor available database at line 1: g++-4.7
dpkg: warning: found unknown packages; this might mean the available database
is outdated, and needs to be updated through a frontend method;
please see the FAQ <https://wiki.debian.org/Teams/Dpkg/FAQ>
+ for VERSION in $VERSIONS
+ rm -f g++-4.8 gcc-4.8 cpp-4.8 gcc
+ ln -s clang++-13 g++-4.8
+ ln -s clang-13 gcc-4.8
+ ln -s clang-13 cpp-4.8
+ ln -s clang-13 gcc
+ echo 'gcc-4.8 hold'
+ dpkg --set-selections
dpkg: warning: package not in status nor available database at line 1: gcc-4.8
dpkg: warning: found unknown packages; this might mean the available database
is outdated, and needs to be updated through a frontend method;
please see the FAQ <https://wiki.debian.org/Teams/Dpkg/FAQ>
+ echo 'g++-4.8 hold'
+ dpkg --set-selections
dpkg: warning: package not in status nor available database at line 1: g++-4.8
dpkg: warning: found unknown packages; this might mean the available database
is outdated, and needs to be updated through a frontend method;
please see the FAQ <https://wiki.debian.org/Teams/Dpkg/FAQ>
+ for VERSION in $VERSIONS
+ rm -f g++-4.9 gcc-4.9 cpp-4.9 gcc
+ ln -s clang++-13 g++-4.9
+ ln -s clang-13 gcc-4.9
+ ln -s clang-13 cpp-4.9
+ ln -s clang-13 gcc
+ echo 'gcc-4.9 hold'
+ dpkg --set-selections
dpkg: warning: package not in status nor available database at line 1: gcc-4.9
dpkg: warning: found unknown packages; this might mean the available database
is outdated, and needs to be updated through a frontend method;
please see the FAQ <https://wiki.debian.org/Teams/Dpkg/FAQ>
+ echo 'g++-4.9 hold'
+ dpkg --set-selections
dpkg: warning: package not in status nor available database at line 1: g++-4.9
dpkg: warning: found unknown packages; this might mean the available database
is outdated, and needs to be updated through a frontend method;
please see the FAQ <https://wiki.debian.org/Teams/Dpkg/FAQ>
+ for VERSION in $VERSIONS
+ rm -f g++-5 gcc-5 cpp-5 gcc
+ ln -s clang++-13 g++-5
+ ln -s clang-13 gcc-5
+ ln -s clang-13 cpp-5
+ ln -s clang-13 gcc
+ echo 'gcc-5 hold'
+ dpkg --set-selections
dpkg: warning: package not in status nor available database at line 1: gcc-5
dpkg: warning: found unknown packages; this might mean the available database
is outdated, and needs to be updated through a frontend method;
please see the FAQ <https://wiki.debian.org/Teams/Dpkg/FAQ>
+ echo 'g++-5 hold'
+ dpkg --set-selections
dpkg: warning: package not in status nor available database at line 1: g++-5
dpkg: warning: found unknown packages; this might mean the available database
is outdated, and needs to be updated through a frontend method;
please see the FAQ <https://wiki.debian.org/Teams/Dpkg/FAQ>
+ for VERSION in $VERSIONS
+ rm -f g++-6 gcc-6 cpp-6 gcc
+ ln -s clang++-13 g++-6
+ ln -s clang-13 gcc-6
+ ln -s clang-13 cpp-6
+ ln -s clang-13 gcc
+ echo 'gcc-6 hold'
+ dpkg --set-selections
dpkg: warning: package not in status nor available database at line 1: gcc-6
dpkg: warning: found unknown packages; this might mean the available database
is outdated, and needs to be updated through a frontend method;
please see the FAQ <https://wiki.debian.org/Teams/Dpkg/FAQ>
+ echo 'g++-6 hold'
+ dpkg --set-selections
dpkg: warning: package not in status nor available database at line 1: g++-6
dpkg: warning: found unknown packages; this might mean the available database
is outdated, and needs to be updated through a frontend method;
please see the FAQ <https://wiki.debian.org/Teams/Dpkg/FAQ>
+ for VERSION in $VERSIONS
+ rm -f g++-7 gcc-7 cpp-7 gcc
+ ln -s clang++-13 g++-7
+ ln -s clang-13 gcc-7
+ ln -s clang-13 cpp-7
+ ln -s clang-13 gcc
+ echo 'gcc-7 hold'
+ dpkg --set-selections
dpkg: warning: package not in status nor available database at line 1: gcc-7
dpkg: warning: found unknown packages; this might mean the available database
is outdated, and needs to be updated through a frontend method;
please see the FAQ <https://wiki.debian.org/Teams/Dpkg/FAQ>
+ echo 'g++-7 hold'
+ dpkg --set-selections
dpkg: warning: package not in status nor available database at line 1: g++-7
dpkg: warning: found unknown packages; this might mean the available database
is outdated, and needs to be updated through a frontend method;
please see the FAQ <https://wiki.debian.org/Teams/Dpkg/FAQ>
+ for VERSION in $VERSIONS
+ rm -f g++-8 gcc-8 cpp-8 gcc
+ ln -s clang++-13 g++-8
+ ln -s clang-13 gcc-8
+ ln -s clang-13 cpp-8
+ ln -s clang-13 gcc
+ echo 'gcc-8 hold'
+ dpkg --set-selections
dpkg: warning: package not in status nor available database at line 1: gcc-8
dpkg: warning: found unknown packages; this might mean the available database
is outdated, and needs to be updated through a frontend method;
please see the FAQ <https://wiki.debian.org/Teams/Dpkg/FAQ>
+ echo 'g++-8 hold'
+ dpkg --set-selections
dpkg: warning: package not in status nor available database at line 1: g++-8
dpkg: warning: found unknown packages; this might mean the available database
is outdated, and needs to be updated through a frontend method;
please see the FAQ <https://wiki.debian.org/Teams/Dpkg/FAQ>
+ for VERSION in $VERSIONS
+ rm -f g++-9 gcc-9 cpp-9 gcc
+ ln -s clang++-13 g++-9
+ ln -s clang-13 gcc-9
+ ln -s clang-13 cpp-9
+ ln -s clang-13 gcc
+ echo 'gcc-9 hold'
+ dpkg --set-selections
dpkg: warning: package not in status nor available database at line 1: gcc-9
dpkg: warning: found unknown packages; this might mean the available database
is outdated, and needs to be updated through a frontend method;
please see the FAQ <https://wiki.debian.org/Teams/Dpkg/FAQ>
+ echo 'g++-9 hold'
+ dpkg --set-selections
dpkg: warning: package not in status nor available database at line 1: g++-9
dpkg: warning: found unknown packages; this might mean the available database
is outdated, and needs to be updated through a frontend method;
please see the FAQ <https://wiki.debian.org/Teams/Dpkg/FAQ>
+ for VERSION in $VERSIONS
+ rm -f g++-10 gcc-10 cpp-10 gcc
+ ln -s clang++-13 g++-10
+ ln -s clang-13 gcc-10
+ ln -s clang-13 cpp-10
+ ln -s clang-13 gcc
+ echo 'gcc-10 hold'
+ dpkg --set-selections
dpkg: warning: package not in status nor available database at line 1: gcc-10
dpkg: warning: found unknown packages; this might mean the available database
is outdated, and needs to be updated through a frontend method;
please see the FAQ <https://wiki.debian.org/Teams/Dpkg/FAQ>
+ echo 'g++-10 hold'
+ dpkg --set-selections
dpkg: warning: package not in status nor available database at line 1: g++-10
dpkg: warning: found unknown packages; this might mean the available database
is outdated, and needs to be updated through a frontend method;
please see the FAQ <https://wiki.debian.org/Teams/Dpkg/FAQ>
+ for VERSION in $VERSIONS
+ rm -f g++-11 gcc-11 cpp-11 gcc
+ ln -s clang++-13 g++-11
+ ln -s clang-13 gcc-11
+ ln -s clang-13 cpp-11
+ ln -s clang-13 gcc
+ echo 'gcc-11 hold'
+ dpkg --set-selections
+ echo 'g++-11 hold'
+ dpkg --set-selections
+ cd -
/build/lastpass-cli-QSSQ7C
+ echo 'Check if gcc, g++ & cpp are actually clang'
Check if gcc, g++ & cpp are actually clang
+ gcc --version
+ grep clang
+ cpp --version
+ grep clang
+ g++ --version
+ grep clang
+ cd /usr/bin/
+ rm -f clang++ clang
+ ln -s clang-13 clang++
+ ln -s clang-13 clang
+ clang++ --version
Debian clang version 13.0.0-8
Target: x86_64-pc-linux-gnu
Thread model: posix
InstalledDir: /usr/bin
+ clang --version
Debian clang version 13.0.0-8
Target: x86_64-pc-linux-gnu
Thread model: posix
InstalledDir: /usr/bin
+ cd -
/build/lastpass-cli-QSSQ7C
+ apt install --yes --no-install-recommends --force-yes qt5-qmake

WARNING: apt does not have a stable CLI interface. Use with caution in scripts.

Reading package lists...
Building dependency tree...
Reading state information...
The following additional packages will be installed:
  qt5-qmake-bin qtchooser
The following NEW packages will be installed:
  qt5-qmake qt5-qmake-bin qtchooser
0 upgraded, 3 newly installed, 0 to remove and 0 not upgraded.
Need to get 1322 kB of archives.
After this operation, 4914 kB of additional disk space will be used.
Get:1 http://127.0.0.1:12990/debian sid/main amd64 qt5-qmake-bin amd64 5.15.2+dfsg-12 [1046 kB]
Get:2 http://127.0.0.1:12990/debian sid/main amd64 qtchooser amd64 66-2 [26.3 kB]
Get:3 http://127.0.0.1:12990/debian sid/main amd64 qt5-qmake amd64 5.15.2+dfsg-12 [249 kB]
debconf: delaying package configuration, since apt-utils is not installed
Fetched 1322 kB in 0s (56.8 MB/s)
Selecting previously unselected package qt5-qmake-bin.
(Reading database ... (Reading database ... 5%(Reading database ... 10%(Reading database ... 15%(Reading database ... 20%(Reading database ... 25%(Reading database ... 30%(Reading database ... 35%(Reading database ... 40%(Reading database ... 45%(Reading database ... 50%(Reading database ... 55%(Reading database ... 60%(Reading database ... 65%(Reading database ... 70%(Reading database ... 75%(Reading database ... 80%(Reading database ... 85%(Reading database ... 90%(Reading database ... 95%(Reading database ... 100%(Reading database ... 13528 files and directories currently installed.)
Preparing to unpack .../qt5-qmake-bin_5.15.2+dfsg-12_amd64.deb ...
Unpacking qt5-qmake-bin (5.15.2+dfsg-12) ...
Selecting previously unselected package qtchooser.
Preparing to unpack .../qtchooser_66-2_amd64.deb ...
Unpacking qtchooser (66-2) ...
Selecting previously unselected package qt5-qmake:amd64.
Preparing to unpack .../qt5-qmake_5.15.2+dfsg-12_amd64.deb ...
Unpacking qt5-qmake:amd64 (5.15.2+dfsg-12) ...
Setting up qt5-qmake-bin (5.15.2+dfsg-12) ...
Setting up qtchooser (66-2) ...
Setting up qt5-qmake:amd64 (5.15.2+dfsg-12) ...
W: --force-yes is deprecated, use one of the options starting with --allow instead.
+ cp /usr/lib/x86_64-linux-gnu/qt5/mkspecs/linux-clang/qmake.conf /usr/lib/x86_64-linux-gnu/qt5/mkspecs/linux-clang/qplatformdefs.h /usr/lib/x86_64-linux-gnu/qt5/mkspecs/linux-g++/
+ ls -al /usr/lib/x86_64-linux-gnu/qt5/mkspecs/linux-g++/
total 16
drwxr-xr-x  2 root root 4096 Oct 26 23:06 .
drwxr-xr-x 76 root root 4096 Oct 26 23:06 ..
-rw-r--r--  1 root root  276 Oct 26 23:06 qmake.conf
-rw-r--r--  1 root root 3218 Oct 26 23:06 qplatformdefs.h
+ cat /usr/lib/x86_64-linux-gnu/qt5/mkspecs/linux-g++/qmake.conf
#
# qmake configuration for linux-clang
#

MAKEFILE_GENERATOR = UNIX
CONFIG += incremental

QMAKE_INCREMENTAL_STYLE = sublib

include(../common/linux.conf)
include(../common/gcc-base-unix.conf)
include(../common/clang.conf)

QMAKE_LFLAGS += -ccc-gcc-name g++

load(qt_config)
+ export QMAKESPEC=/usr/lib/x86_64-linux-gnu/qt5/mkspecs/linux-clang/
+ QMAKESPEC=/usr/lib/x86_64-linux-gnu/qt5/mkspecs/linux-clang/
+ sed -i -e 's|compare_problem(2,|compare_problem(0,|g' /usr/bin/dpkg-gensymbols
+ sed -i -e 's|compare_problem(1,|compare_problem(0,|g' /usr/bin/dpkg-gensymbols
+ grep 'compare_problem(' /usr/bin/dpkg-gensymbols
        compare_problem(4, g_('new libraries appeared in the symbols file: %s'), "@libs");
        compare_problem(3, g_('some libraries disappeared in the symbols file: %s'), "@libs");
        compare_problem(0, g_('some new symbols appeared in the symbols file: %s'),
        compare_problem(0, g_('some symbols or patterns disappeared in the symbols file: %s'),

I: Finished running '/tmp/clang13'.

Finished processing commands.
--------------------------------------------------------------------------------
I: NOTICE: Log filtering will replace 'build/lastpass-cli-QSSQ7C/resolver-qreLPP' with '<<RESOLVERDIR>>'

+------------------------------------------------------------------------------+
| Update chroot                                                                |
+------------------------------------------------------------------------------+

Hit:1 http://127.0.0.1:12990/debian sid InRelease
Reading package lists...
Reading package lists...
Building dependency tree...
Reading state information...
Calculating upgrade...
0 upgraded, 0 newly installed, 0 to remove and 0 not upgraded.

+------------------------------------------------------------------------------+
| Fetch source files                                                           |
+------------------------------------------------------------------------------+


Check APT
---------

Checking available source versions...

Download source files with APT
------------------------------

Reading package lists...
NOTICE: 'lastpass-cli' packaging is maintained in the 'Git' version control system at:
https://salsa.debian.org/lamby/pkg-lastpass-cli.git
Please use:
git clone https://salsa.debian.org/lamby/pkg-lastpass-cli.git
to retrieve the latest (possibly unreleased) updates to the package.
Need to get 125 kB of source archives.
Get:1 http://127.0.0.1:12990/debian sid/main lastpass-cli 1.3.3-4 (dsc) [2041 B]
Get:2 http://127.0.0.1:12990/debian sid/main lastpass-cli 1.3.3-4 (tar) [116 kB]
Get:3 http://127.0.0.1:12990/debian sid/main lastpass-cli 1.3.3-4 (diff) [6484 B]
Fetched 125 kB in 0s (1564 kB/s)
Download complete and in download only mode
I: NOTICE: Log filtering will replace 'build/lastpass-cli-QSSQ7C/lastpass-cli-1.3.3' with '<<PKGBUILDDIR>>'
I: NOTICE: Log filtering will replace 'build/lastpass-cli-QSSQ7C' with '<<BUILDDIR>>'

+------------------------------------------------------------------------------+
| Install package build dependencies                                           |
+------------------------------------------------------------------------------+


Setup apt archive
-----------------

Merged Build-Depends: asciidoc, bash-completion, cmake, debhelper-compat (= 13), docbook-xsl, libcurl4-openssl-dev, libssl-dev, libxml2-dev, pkg-config, xsltproc, build-essential, fakeroot
Filtered Build-Depends: asciidoc, bash-completion, cmake, debhelper-compat (= 13), docbook-xsl, libcurl4-openssl-dev, libssl-dev, libxml2-dev, pkg-config, xsltproc, build-essential, fakeroot
dpkg-deb: building package 'sbuild-build-depends-main-dummy' in '/<<RESOLVERDIR>>/apt_archive/sbuild-build-depends-main-dummy.deb'.
Ign:1 copy:/<<RESOLVERDIR>>/apt_archive ./ InRelease
Get:2 copy:/<<RESOLVERDIR>>/apt_archive ./ Release [957 B]
Ign:3 copy:/<<RESOLVERDIR>>/apt_archive ./ Release.gpg
Get:4 copy:/<<RESOLVERDIR>>/apt_archive ./ Sources [434 B]
Get:5 copy:/<<RESOLVERDIR>>/apt_archive ./ Packages [518 B]
Fetched 1909 B in 0s (0 B/s)
Reading package lists...
Reading package lists...

Install main build dependencies (apt-based resolver)
----------------------------------------------------

Installing build dependencies
Reading package lists...
Building dependency tree...
Reading state information...
The following additional packages will be installed:
  asciidoc asciidoc-base asciidoc-common autoconf automake autopoint
  autotools-dev bash-completion bsdextrautils cmake cmake-data debhelper
  dh-autoreconf dh-elpa-helper dh-strip-nondeterminism docbook-xsl dwz
  emacsen-common file gettext gettext-base groff-base icu-devtools
  intltool-debian libarchive-zip-perl libarchive13 libbrotli1 libcurl4
  libcurl4-openssl-dev libdebhelper-perl libelf1 libexpat1
  libfile-stripnondeterminism-perl libglib2.0-0 libicu-dev libjsoncpp24
  libldap-2.4-2 libmagic-mgc libmagic1 libmpdec3 libncurses6 libncursesw6
  libnghttp2-14 libpipeline1 libprocps8 libpsl5 libpython3-stdlib
  libpython3.9-minimal libpython3.9-stdlib libreadline8 librhash0 librtmp1
  libsasl2-2 libsasl2-modules-db libsigsegv2 libsqlite3-0 libssh2-1 libssl-dev
  libsub-override-perl libtool libuchardet0 libuv1 libxml2-dev libxml2-utils
  libxslt1.1 m4 man-db media-types pkg-config po-debconf procps python3
  python3-minimal python3.9 python3.9-minimal readline-common sensible-utils
  sgml-base xml-core xsltproc
Suggested packages:
  asciidoc-doc docbook-utils source-highlight autoconf-archive gnu-standards
  autoconf-doc cmake-doc ninja-build dh-make dbtoepub docbook-xsl-doc-html
  | docbook-xsl-doc-pdf | docbook-xsl-doc-text | docbook-xsl-doc
  docbook-xsl-saxon fop libsaxon-java libxalan2-java libxslthl-java xalan
  gettext-doc libasprintf-dev libgettextpo-dev groff lrzip libcurl4-doc
  libidn11-dev libkrb5-dev libldap2-dev librtmp-dev libssh2-1-dev zlib1g-dev
  icu-doc libssl-doc libtool-doc gfortran | fortran95-compiler gcj-jdk m4-doc
  apparmor less www-browser libmail-box-perl python3-doc python3-tk
  python3-venv python3.9-venv python3.9-doc binfmt-support readline-doc
  sgml-base-doc
Recommended packages:
  asciidoc-dblatex asciidoc-doc vim-asciidoc xmlto docbook-xml curl | wget
  | lynx ca-certificates libarchive-cpio-perl libglib2.0-data shared-mime-info
  xdg-user-dirs libldap-common libgpm2 publicsuffix libsasl2-modules
  libltdl-dev libmail-sendmail-perl psmisc
The following NEW packages will be installed:
  asciidoc asciidoc-base asciidoc-common autoconf automake autopoint
  autotools-dev bash-completion bsdextrautils cmake cmake-data debhelper
  dh-autoreconf dh-elpa-helper dh-strip-nondeterminism docbook-xsl dwz
  emacsen-common file gettext gettext-base groff-base icu-devtools
  intltool-debian libarchive-zip-perl libarchive13 libbrotli1 libcurl4
  libcurl4-openssl-dev libdebhelper-perl libelf1 libexpat1
  libfile-stripnondeterminism-perl libglib2.0-0 libicu-dev libjsoncpp24
  libldap-2.4-2 libmagic-mgc libmagic1 libmpdec3 libncurses6 libncursesw6
  libnghttp2-14 libpipeline1 libprocps8 libpsl5 libpython3-stdlib
  libpython3.9-minimal libpython3.9-stdlib libreadline8 librhash0 librtmp1
  libsasl2-2 libsasl2-modules-db libsigsegv2 libsqlite3-0 libssh2-1 libssl-dev
  libsub-override-perl libtool libuchardet0 libuv1 libxml2-dev libxml2-utils
  libxslt1.1 m4 man-db media-types pkg-config po-debconf procps python3
  python3-minimal python3.9 python3.9-minimal readline-common
  sbuild-build-depends-main-dummy sensible-utils sgml-base xml-core xsltproc
0 upgraded, 81 newly installed, 0 to remove and 0 not upgraded.
Need to get 44.8 MB of archives.
After this operation, 182 MB of additional disk space will be used.
Get:1 copy:/<<RESOLVERDIR>>/apt_archive ./ sbuild-build-depends-main-dummy 0.invalid.0 [948 B]
Get:2 http://127.0.0.1:12990/debian sid/main amd64 bsdextrautils amd64 2.37.2-4 [143 kB]
Get:3 http://127.0.0.1:12990/debian sid/main amd64 libuchardet0 amd64 0.0.7-1 [67.8 kB]
Get:4 http://127.0.0.1:12990/debian sid/main amd64 groff-base amd64 1.22.4-7 [935 kB]
Get:5 http://127.0.0.1:12990/debian sid/main amd64 libpipeline1 amd64 1.5.3-1 [34.3 kB]
Get:6 http://127.0.0.1:12990/debian sid/main amd64 man-db amd64 2.9.4-2 [1354 kB]
Get:7 http://127.0.0.1:12990/debian sid/main amd64 libpython3.9-minimal amd64 3.9.7-4 [804 kB]
Get:8 http://127.0.0.1:12990/debian sid/main amd64 libexpat1 amd64 2.4.1-3 [104 kB]
Get:9 http://127.0.0.1:12990/debian sid/main amd64 python3.9-minimal amd64 3.9.7-4 [1963 kB]
Get:10 http://127.0.0.1:12990/debian sid/main amd64 python3-minimal amd64 3.9.2-3 [38.2 kB]
Get:11 http://127.0.0.1:12990/debian sid/main amd64 media-types all 4.0.0 [30.3 kB]
Get:12 http://127.0.0.1:12990/debian sid/main amd64 libmpdec3 amd64 2.5.1-2 [87.8 kB]
Get:13 http://127.0.0.1:12990/debian sid/main amd64 libncursesw6 amd64 6.2+20210905-1 [133 kB]
Get:14 http://127.0.0.1:12990/debian sid/main amd64 readline-common all 8.1-2 [73.8 kB]
Get:15 http://127.0.0.1:12990/debian sid/main amd64 libreadline8 amd64 8.1-2 [168 kB]
Get:16 http://127.0.0.1:12990/debian sid/main amd64 libsqlite3-0 amd64 3.36.0-2 [815 kB]
Get:17 http://127.0.0.1:12990/debian sid/main amd64 libpython3.9-stdlib amd64 3.9.7-4 [1688 kB]
Get:18 http://127.0.0.1:12990/debian sid/main amd64 python3.9 amd64 3.9.7-4 [480 kB]
Get:19 http://127.0.0.1:12990/debian sid/main amd64 libpython3-stdlib amd64 3.9.2-3 [21.4 kB]
Get:20 http://127.0.0.1:12990/debian sid/main amd64 python3 amd64 3.9.2-3 [37.9 kB]
Get:21 http://127.0.0.1:12990/debian sid/main amd64 sgml-base all 1.30 [15.1 kB]
Get:22 http://127.0.0.1:12990/debian sid/main amd64 libncurses6 amd64 6.2+20210905-1 [102 kB]
Get:23 http://127.0.0.1:12990/debian sid/main amd64 libprocps8 amd64 2:3.3.17-5 [63.9 kB]
Get:24 http://127.0.0.1:12990/debian sid/main amd64 procps amd64 2:3.3.17-5 [502 kB]
Get:25 http://127.0.0.1:12990/debian sid/main amd64 sensible-utils all 0.0.17 [21.5 kB]
Get:26 http://127.0.0.1:12990/debian sid/main amd64 bash-completion all 1:2.11-4 [234 kB]
Get:27 http://127.0.0.1:12990/debian sid/main amd64 libmagic-mgc amd64 1:5.39-3 [273 kB]
Get:28 http://127.0.0.1:12990/debian sid/main amd64 libmagic1 amd64 1:5.39-3 [126 kB]
Get:29 http://127.0.0.1:12990/debian sid/main amd64 file amd64 1:5.39-3 [69.1 kB]
Get:30 http://127.0.0.1:12990/debian sid/main amd64 gettext-base amd64 0.21-4 [175 kB]
Get:31 http://127.0.0.1:12990/debian sid/main amd64 asciidoc-common all 9.0.0~rc2-1 [286 kB]
Get:32 http://127.0.0.1:12990/debian sid/main amd64 libxml2-utils amd64 2.9.12+dfsg-5 [110 kB]
Get:33 http://127.0.0.1:12990/debian sid/main amd64 libxslt1.1 amd64 1.1.34-4 [239 kB]
Get:34 http://127.0.0.1:12990/debian sid/main amd64 xsltproc amd64 1.1.34-4 [124 kB]
Get:35 http://127.0.0.1:12990/debian sid/main amd64 asciidoc-base all 9.0.0~rc2-1 [135 kB]
Get:36 http://127.0.0.1:12990/debian sid/main amd64 asciidoc all 9.0.0~rc2-1 [59.0 kB]
Get:37 http://127.0.0.1:12990/debian sid/main amd64 libsigsegv2 amd64 2.13-1 [34.8 kB]
Get:38 http://127.0.0.1:12990/debian sid/main amd64 m4 amd64 1.4.18-5 [204 kB]
Get:39 http://127.0.0.1:12990/debian sid/main amd64 autoconf all 2.71-2 [343 kB]
Get:40 http://127.0.0.1:12990/debian sid/main amd64 autotools-dev all 20180224.1+nmu1 [77.1 kB]
Get:41 http://127.0.0.1:12990/debian sid/main amd64 automake all 1:1.16.5-1 [823 kB]
Get:42 http://127.0.0.1:12990/debian sid/main amd64 autopoint all 0.21-4 [510 kB]
Get:43 http://127.0.0.1:12990/debian sid/main amd64 libarchive13 amd64 3.4.3-2+b1 [343 kB]
Get:44 http://127.0.0.1:12990/debian sid/main amd64 libbrotli1 amd64 1.0.9-2+b2 [279 kB]
Get:45 http://127.0.0.1:12990/debian sid/main amd64 libsasl2-modules-db amd64 2.1.27+dfsg-2.1 [69.1 kB]
Get:46 http://127.0.0.1:12990/debian sid/main amd64 libsasl2-2 amd64 2.1.27+dfsg-2.1 [106 kB]
Get:47 http://127.0.0.1:12990/debian sid/main amd64 libldap-2.4-2 amd64 2.4.59+dfsg-1 [232 kB]
Get:48 http://127.0.0.1:12990/debian sid/main amd64 libnghttp2-14 amd64 1.43.0-1 [77.1 kB]
Get:49 http://127.0.0.1:12990/debian sid/main amd64 libpsl5 amd64 0.21.0-1.2 [57.3 kB]
Get:50 http://127.0.0.1:12990/debian sid/main amd64 librtmp1 amd64 2.4+20151223.gitfa8646d.1-2+b2 [60.8 kB]
Get:51 http://127.0.0.1:12990/debian sid/main amd64 libssh2-1 amd64 1.10.0-2 [178 kB]
Get:52 http://127.0.0.1:12990/debian sid/main amd64 libcurl4 amd64 7.74.0-1.3+b1 [341 kB]
Get:53 http://127.0.0.1:12990/debian sid/main amd64 libjsoncpp24 amd64 1.9.4-5 [78.8 kB]
Get:54 http://127.0.0.1:12990/debian sid/main amd64 librhash0 amd64 1.4.2-1 [129 kB]
Get:55 http://127.0.0.1:12990/debian sid/main amd64 libuv1 amd64 1.42.0-1 [135 kB]
Get:56 http://127.0.0.1:12990/debian sid/main amd64 dh-elpa-helper all 2.0.9 [11.2 kB]
Get:57 http://127.0.0.1:12990/debian sid/main amd64 emacsen-common all 3.0.4 [19.3 kB]
Get:58 http://127.0.0.1:12990/debian sid/main amd64 cmake-data all 3.21.3-5 [1878 kB]
Get:59 http://127.0.0.1:12990/debian sid/main amd64 cmake amd64 3.21.3-5 [7907 kB]
Get:60 http://127.0.0.1:12990/debian sid/main amd64 libdebhelper-perl all 13.5.2 [192 kB]
Get:61 http://127.0.0.1:12990/debian sid/main amd64 libtool all 2.4.6-15 [513 kB]
Get:62 http://127.0.0.1:12990/debian sid/main amd64 dh-autoreconf all 20 [17.1 kB]
Get:63 http://127.0.0.1:12990/debian sid/main amd64 libarchive-zip-perl all 1.68-1 [104 kB]
Get:64 http://127.0.0.1:12990/debian sid/main amd64 libsub-override-perl all 0.09-2 [10.2 kB]
Get:65 http://127.0.0.1:12990/debian sid/main amd64 libfile-stripnondeterminism-perl all 1.12.0-2 [26.3 kB]
Get:66 http://127.0.0.1:12990/debian sid/main amd64 dh-strip-nondeterminism all 1.12.0-2 [15.5 kB]
Get:67 http://127.0.0.1:12990/debian sid/main amd64 libelf1 amd64 0.185-2 [172 kB]
Get:68 http://127.0.0.1:12990/debian sid/main amd64 dwz amd64 0.14-1 [98.3 kB]
Get:69 http://127.0.0.1:12990/debian sid/main amd64 gettext amd64 0.21-4 [1311 kB]
Get:70 http://127.0.0.1:12990/debian sid/main amd64 intltool-debian all 0.35.0+20060710.5 [26.8 kB]
Get:71 http://127.0.0.1:12990/debian sid/main amd64 po-debconf all 1.0.21+nmu1 [248 kB]
Get:72 http://127.0.0.1:12990/debian sid/main amd64 debhelper all 13.5.2 [1056 kB]
Get:73 http://127.0.0.1:12990/debian sid/main amd64 xml-core all 0.18+nmu1 [23.8 kB]
Get:74 http://127.0.0.1:12990/debian sid/main amd64 docbook-xsl all 1.79.2+dfsg-1 [1237 kB]
Get:75 http://127.0.0.1:12990/debian sid/main amd64 icu-devtools amd64 67.1-7 [201 kB]
Get:76 http://127.0.0.1:12990/debian sid/main amd64 libcurl4-openssl-dev amd64 7.74.0-1.3+b1 [432 kB]
Get:77 http://127.0.0.1:12990/debian sid/main amd64 libglib2.0-0 amd64 2.70.0-3 [1401 kB]
Get:78 http://127.0.0.1:12990/debian sid/main amd64 libicu-dev amd64 67.1-7 [9597 kB]
Get:79 http://127.0.0.1:12990/debian sid/main amd64 libssl-dev amd64 1.1.1l-1 [1809 kB]
Get:80 http://127.0.0.1:12990/debian sid/main amd64 libxml2-dev amd64 2.9.12+dfsg-5 [792 kB]
Get:81 http://127.0.0.1:12990/debian sid/main amd64 pkg-config amd64 0.29.2-1 [65.1 kB]
debconf: delaying package configuration, since apt-utils is not installed
Fetched 44.8 MB in 0s (136 MB/s)
Selecting previously unselected package bsdextrautils.
(Reading database ... 14273 files and directories currently installed.)
Preparing to unpack .../0-bsdextrautils_2.37.2-4_amd64.deb ...
Unpacking bsdextrautils (2.37.2-4) ...
Selecting previously unselected package libuchardet0:amd64.
Preparing to unpack .../1-libuchardet0_0.0.7-1_amd64.deb ...
Unpacking libuchardet0:amd64 (0.0.7-1) ...
Selecting previously unselected package groff-base.
Preparing to unpack .../2-groff-base_1.22.4-7_amd64.deb ...
Unpacking groff-base (1.22.4-7) ...
Selecting previously unselected package libpipeline1:amd64.
Preparing to unpack .../3-libpipeline1_1.5.3-1_amd64.deb ...
Unpacking libpipeline1:amd64 (1.5.3-1) ...
Selecting previously unselected package man-db.
Preparing to unpack .../4-man-db_2.9.4-2_amd64.deb ...
Unpacking man-db (2.9.4-2) ...
Selecting previously unselected package libpython3.9-minimal:amd64.
Preparing to unpack .../5-libpython3.9-minimal_3.9.7-4_amd64.deb ...
Unpacking libpython3.9-minimal:amd64 (3.9.7-4) ...
Selecting previously unselected package libexpat1:amd64.
Preparing to unpack .../6-libexpat1_2.4.1-3_amd64.deb ...
Unpacking libexpat1:amd64 (2.4.1-3) ...
Selecting previously unselected package python3.9-minimal.
Preparing to unpack .../7-python3.9-minimal_3.9.7-4_amd64.deb ...
Unpacking python3.9-minimal (3.9.7-4) ...
Setting up libpython3.9-minimal:amd64 (3.9.7-4) ...
Setting up libexpat1:amd64 (2.4.1-3) ...
Setting up python3.9-minimal (3.9.7-4) ...
Selecting previously unselected package python3-minimal.
(Reading database ... 15140 files and directories currently installed.)
Preparing to unpack .../0-python3-minimal_3.9.2-3_amd64.deb ...
Unpacking python3-minimal (3.9.2-3) ...
Selecting previously unselected package media-types.
Preparing to unpack .../1-media-types_4.0.0_all.deb ...
Unpacking media-types (4.0.0) ...
Selecting previously unselected package libmpdec3:amd64.
Preparing to unpack .../2-libmpdec3_2.5.1-2_amd64.deb ...
Unpacking libmpdec3:amd64 (2.5.1-2) ...
Selecting previously unselected package libncursesw6:amd64.
Preparing to unpack .../3-libncursesw6_6.2+20210905-1_amd64.deb ...
Unpacking libncursesw6:amd64 (6.2+20210905-1) ...
Selecting previously unselected package readline-common.
Preparing to unpack .../4-readline-common_8.1-2_all.deb ...
Unpacking readline-common (8.1-2) ...
Selecting previously unselected package libreadline8:amd64.
Preparing to unpack .../5-libreadline8_8.1-2_amd64.deb ...
Unpacking libreadline8:amd64 (8.1-2) ...
Selecting previously unselected package libsqlite3-0:amd64.
Preparing to unpack .../6-libsqlite3-0_3.36.0-2_amd64.deb ...
Unpacking libsqlite3-0:amd64 (3.36.0-2) ...
Selecting previously unselected package libpython3.9-stdlib:amd64.
Preparing to unpack .../7-libpython3.9-stdlib_3.9.7-4_amd64.deb ...
Unpacking libpython3.9-stdlib:amd64 (3.9.7-4) ...
Selecting previously unselected package python3.9.
Preparing to unpack .../8-python3.9_3.9.7-4_amd64.deb ...
Unpacking python3.9 (3.9.7-4) ...
Selecting previously unselected package libpython3-stdlib:amd64.
Preparing to unpack .../9-libpython3-stdlib_3.9.2-3_amd64.deb ...
Unpacking libpython3-stdlib:amd64 (3.9.2-3) ...
Setting up python3-minimal (3.9.2-3) ...
Selecting previously unselected package python3.
(Reading database ... 15579 files and directories currently installed.)
Preparing to unpack .../00-python3_3.9.2-3_amd64.deb ...
Unpacking python3 (3.9.2-3) ...
Selecting previously unselected package sgml-base.
Preparing to unpack .../01-sgml-base_1.30_all.deb ...
Unpacking sgml-base (1.30) ...
Selecting previously unselected package libncurses6:amd64.
Preparing to unpack .../02-libncurses6_6.2+20210905-1_amd64.deb ...
Unpacking libncurses6:amd64 (6.2+20210905-1) ...
Selecting previously unselected package libprocps8:amd64.
Preparing to unpack .../03-libprocps8_2%3a3.3.17-5_amd64.deb ...
Unpacking libprocps8:amd64 (2:3.3.17-5) ...
Selecting previously unselected package procps.
Preparing to unpack .../04-procps_2%3a3.3.17-5_amd64.deb ...
Unpacking procps (2:3.3.17-5) ...
Selecting previously unselected package sensible-utils.
Preparing to unpack .../05-sensible-utils_0.0.17_all.deb ...
Unpacking sensible-utils (0.0.17) ...
Selecting previously unselected package bash-completion.
Preparing to unpack .../06-bash-completion_1%3a2.11-4_all.deb ...
Unpacking bash-completion (1:2.11-4) ...
Selecting previously unselected package libmagic-mgc.
Preparing to unpack .../07-libmagic-mgc_1%3a5.39-3_amd64.deb ...
Unpacking libmagic-mgc (1:5.39-3) ...
Selecting previously unselected package libmagic1:amd64.
Preparing to unpack .../08-libmagic1_1%3a5.39-3_amd64.deb ...
Unpacking libmagic1:amd64 (1:5.39-3) ...
Selecting previously unselected package file.
Preparing to unpack .../09-file_1%3a5.39-3_amd64.deb ...
Unpacking file (1:5.39-3) ...
Selecting previously unselected package gettext-base.
Preparing to unpack .../10-gettext-base_0.21-4_amd64.deb ...
Unpacking gettext-base (0.21-4) ...
Selecting previously unselected package asciidoc-common.
Preparing to unpack .../11-asciidoc-common_9.0.0~rc2-1_all.deb ...
Unpacking asciidoc-common (9.0.0~rc2-1) ...
Selecting previously unselected package libxml2-utils.
Preparing to unpack .../12-libxml2-utils_2.9.12+dfsg-5_amd64.deb ...
Unpacking libxml2-utils (2.9.12+dfsg-5) ...
Selecting previously unselected package libxslt1.1:amd64.
Preparing to unpack .../13-libxslt1.1_1.1.34-4_amd64.deb ...
Unpacking libxslt1.1:amd64 (1.1.34-4) ...
Selecting previously unselected package xsltproc.
Preparing to unpack .../14-xsltproc_1.1.34-4_amd64.deb ...
Unpacking xsltproc (1.1.34-4) ...
Selecting previously unselected package asciidoc-base.
Preparing to unpack .../15-asciidoc-base_9.0.0~rc2-1_all.deb ...
Unpacking asciidoc-base (9.0.0~rc2-1) ...
Selecting previously unselected package asciidoc.
Preparing to unpack .../16-asciidoc_9.0.0~rc2-1_all.deb ...
Unpacking asciidoc (9.0.0~rc2-1) ...
Selecting previously unselected package libsigsegv2:amd64.
Preparing to unpack .../17-libsigsegv2_2.13-1_amd64.deb ...
Unpacking libsigsegv2:amd64 (2.13-1) ...
Selecting previously unselected package m4.
Preparing to unpack .../18-m4_1.4.18-5_amd64.deb ...
Unpacking m4 (1.4.18-5) ...
Selecting previously unselected package autoconf.
Preparing to unpack .../19-autoconf_2.71-2_all.deb ...
Unpacking autoconf (2.71-2) ...
Selecting previously unselected package autotools-dev.
Preparing to unpack .../20-autotools-dev_20180224.1+nmu1_all.deb ...
Unpacking autotools-dev (20180224.1+nmu1) ...
Selecting previously unselected package automake.
Preparing to unpack .../21-automake_1%3a1.16.5-1_all.deb ...
Unpacking automake (1:1.16.5-1) ...
Selecting previously unselected package autopoint.
Preparing to unpack .../22-autopoint_0.21-4_all.deb ...
Unpacking autopoint (0.21-4) ...
Selecting previously unselected package libarchive13:amd64.
Preparing to unpack .../23-libarchive13_3.4.3-2+b1_amd64.deb ...
Unpacking libarchive13:amd64 (3.4.3-2+b1) ...
Selecting previously unselected package libbrotli1:amd64.
Preparing to unpack .../24-libbrotli1_1.0.9-2+b2_amd64.deb ...
Unpacking libbrotli1:amd64 (1.0.9-2+b2) ...
Selecting previously unselected package libsasl2-modules-db:amd64.
Preparing to unpack .../25-libsasl2-modules-db_2.1.27+dfsg-2.1_amd64.deb ...
Unpacking libsasl2-modules-db:amd64 (2.1.27+dfsg-2.1) ...
Selecting previously unselected package libsasl2-2:amd64.
Preparing to unpack .../26-libsasl2-2_2.1.27+dfsg-2.1_amd64.deb ...
Unpacking libsasl2-2:amd64 (2.1.27+dfsg-2.1) ...
Selecting previously unselected package libldap-2.4-2:amd64.
Preparing to unpack .../27-libldap-2.4-2_2.4.59+dfsg-1_amd64.deb ...
Unpacking libldap-2.4-2:amd64 (2.4.59+dfsg-1) ...
Selecting previously unselected package libnghttp2-14:amd64.
Preparing to unpack .../28-libnghttp2-14_1.43.0-1_amd64.deb ...
Unpacking libnghttp2-14:amd64 (1.43.0-1) ...
Selecting previously unselected package libpsl5:amd64.
Preparing to unpack .../29-libpsl5_0.21.0-1.2_amd64.deb ...
Unpacking libpsl5:amd64 (0.21.0-1.2) ...
Selecting previously unselected package librtmp1:amd64.
Preparing to unpack .../30-librtmp1_2.4+20151223.gitfa8646d.1-2+b2_amd64.deb ...
Unpacking librtmp1:amd64 (2.4+20151223.gitfa8646d.1-2+b2) ...
Selecting previously unselected package libssh2-1:amd64.
Preparing to unpack .../31-libssh2-1_1.10.0-2_amd64.deb ...
Unpacking libssh2-1:amd64 (1.10.0-2) ...
Selecting previously unselected package libcurl4:amd64.
Preparing to unpack .../32-libcurl4_7.74.0-1.3+b1_amd64.deb ...
Unpacking libcurl4:amd64 (7.74.0-1.3+b1) ...
Selecting previously unselected package libjsoncpp24:amd64.
Preparing to unpack .../33-libjsoncpp24_1.9.4-5_amd64.deb ...
Unpacking libjsoncpp24:amd64 (1.9.4-5) ...
Selecting previously unselected package librhash0:amd64.
Preparing to unpack .../34-librhash0_1.4.2-1_amd64.deb ...
Unpacking librhash0:amd64 (1.4.2-1) ...
Selecting previously unselected package libuv1:amd64.
Preparing to unpack .../35-libuv1_1.42.0-1_amd64.deb ...
Unpacking libuv1:amd64 (1.42.0-1) ...
Selecting previously unselected package dh-elpa-helper.
Preparing to unpack .../36-dh-elpa-helper_2.0.9_all.deb ...
Unpacking dh-elpa-helper (2.0.9) ...
Selecting previously unselected package emacsen-common.
Preparing to unpack .../37-emacsen-common_3.0.4_all.deb ...
Unpacking emacsen-common (3.0.4) ...
Selecting previously unselected package cmake-data.
Preparing to unpack .../38-cmake-data_3.21.3-5_all.deb ...
Unpacking cmake-data (3.21.3-5) ...
Selecting previously unselected package cmake.
Preparing to unpack .../39-cmake_3.21.3-5_amd64.deb ...
Unpacking cmake (3.21.3-5) ...
Selecting previously unselected package libdebhelper-perl.
Preparing to unpack .../40-libdebhelper-perl_13.5.2_all.deb ...
Unpacking libdebhelper-perl (13.5.2) ...
Selecting previously unselected package libtool.
Preparing to unpack .../41-libtool_2.4.6-15_all.deb ...
Unpacking libtool (2.4.6-15) ...
Selecting previously unselected package dh-autoreconf.
Preparing to unpack .../42-dh-autoreconf_20_all.deb ...
Unpacking dh-autoreconf (20) ...
Selecting previously unselected package libarchive-zip-perl.
Preparing to unpack .../43-libarchive-zip-perl_1.68-1_all.deb ...
Unpacking libarchive-zip-perl (1.68-1) ...
Selecting previously unselected package libsub-override-perl.
Preparing to unpack .../44-libsub-override-perl_0.09-2_all.deb ...
Unpacking libsub-override-perl (0.09-2) ...
Selecting previously unselected package libfile-stripnondeterminism-perl.
Preparing to unpack .../45-libfile-stripnondeterminism-perl_1.12.0-2_all.deb ...
Unpacking libfile-stripnondeterminism-perl (1.12.0-2) ...
Selecting previously unselected package dh-strip-nondeterminism.
Preparing to unpack .../46-dh-strip-nondeterminism_1.12.0-2_all.deb ...
Unpacking dh-strip-nondeterminism (1.12.0-2) ...
Selecting previously unselected package libelf1:amd64.
Preparing to unpack .../47-libelf1_0.185-2_amd64.deb ...
Unpacking libelf1:amd64 (0.185-2) ...
Selecting previously unselected package dwz.
Preparing to unpack .../48-dwz_0.14-1_amd64.deb ...
Unpacking dwz (0.14-1) ...
Selecting previously unselected package gettext.
Preparing to unpack .../49-gettext_0.21-4_amd64.deb ...
Unpacking gettext (0.21-4) ...
Selecting previously unselected package intltool-debian.
Preparing to unpack .../50-intltool-debian_0.35.0+20060710.5_all.deb ...
Unpacking intltool-debian (0.35.0+20060710.5) ...
Selecting previously unselected package po-debconf.
Preparing to unpack .../51-po-debconf_1.0.21+nmu1_all.deb ...
Unpacking po-debconf (1.0.21+nmu1) ...
Selecting previously unselected package debhelper.
Preparing to unpack .../52-debhelper_13.5.2_all.deb ...
Unpacking debhelper (13.5.2) ...
Selecting previously unselected package xml-core.
Preparing to unpack .../53-xml-core_0.18+nmu1_all.deb ...
Unpacking xml-core (0.18+nmu1) ...
Selecting previously unselected package docbook-xsl.
Preparing to unpack .../54-docbook-xsl_1.79.2+dfsg-1_all.deb ...
Unpacking docbook-xsl (1.79.2+dfsg-1) ...
Selecting previously unselected package icu-devtools.
Preparing to unpack .../55-icu-devtools_67.1-7_amd64.deb ...
Unpacking icu-devtools (67.1-7) ...
Selecting previously unselected package libcurl4-openssl-dev:amd64.
Preparing to unpack .../56-libcurl4-openssl-dev_7.74.0-1.3+b1_amd64.deb ...
Unpacking libcurl4-openssl-dev:amd64 (7.74.0-1.3+b1) ...
Selecting previously unselected package libglib2.0-0:amd64.
Preparing to unpack .../57-libglib2.0-0_2.70.0-3_amd64.deb ...
Unpacking libglib2.0-0:amd64 (2.70.0-3) ...
Selecting previously unselected package libicu-dev:amd64.
Preparing to unpack .../58-libicu-dev_67.1-7_amd64.deb ...
Unpacking libicu-dev:amd64 (67.1-7) ...
Selecting previously unselected package libssl-dev:amd64.
Preparing to unpack .../59-libssl-dev_1.1.1l-1_amd64.deb ...
Unpacking libssl-dev:amd64 (1.1.1l-1) ...
Selecting previously unselected package libxml2-dev:amd64.
Preparing to unpack .../60-libxml2-dev_2.9.12+dfsg-5_amd64.deb ...
Unpacking libxml2-dev:amd64 (2.9.12+dfsg-5) ...
Selecting previously unselected package pkg-config.
Preparing to unpack .../61-pkg-config_0.29.2-1_amd64.deb ...
Unpacking pkg-config (0.29.2-1) ...
Selecting previously unselected package sbuild-build-depends-main-dummy.
Preparing to unpack .../62-sbuild-build-depends-main-dummy_0.invalid.0_amd64.deb ...
Unpacking sbuild-build-depends-main-dummy (0.invalid.0) ...
Setting up media-types (4.0.0) ...
Setting up libpipeline1:amd64 (1.5.3-1) ...
Setting up libpsl5:amd64 (0.21.0-1.2) ...
Setting up bsdextrautils (2.37.2-4) ...
update-alternatives: using /usr/bin/write.ul to provide /usr/bin/write (write) in auto mode
Setting up libmagic-mgc (1:5.39-3) ...
Setting up libarchive13:amd64 (3.4.3-2+b1) ...
Setting up libarchive-zip-perl (1.68-1) ...
Setting up libglib2.0-0:amd64 (2.70.0-3) ...
No schema files found: doing nothing.
Setting up libdebhelper-perl (13.5.2) ...
Setting up libbrotli1:amd64 (1.0.9-2+b2) ...
Setting up libsqlite3-0:amd64 (3.36.0-2) ...
Setting up libnghttp2-14:amd64 (1.43.0-1) ...
Setting up libmagic1:amd64 (1:5.39-3) ...
Setting up gettext-base (0.21-4) ...
Setting up file (1:5.39-3) ...
Setting up libsasl2-modules-db:amd64 (2.1.27+dfsg-2.1) ...
Setting up asciidoc-common (9.0.0~rc2-1) ...
Setting up autotools-dev (20180224.1+nmu1) ...
Setting up libuv1:amd64 (1.42.0-1) ...
Setting up emacsen-common (3.0.4) ...
Setting up librtmp1:amd64 (2.4+20151223.gitfa8646d.1-2+b2) ...
Setting up dh-elpa-helper (2.0.9) ...
Setting up bash-completion (1:2.11-4) ...
Setting up libncurses6:amd64 (6.2+20210905-1) ...
Setting up libsigsegv2:amd64 (2.13-1) ...
Setting up libssl-dev:amd64 (1.1.1l-1) ...
Setting up autopoint (0.21-4) ...
Setting up icu-devtools (67.1-7) ...
Setting up pkg-config (0.29.2-1) ...
Setting up libncursesw6:amd64 (6.2+20210905-1) ...
Setting up libsasl2-2:amd64 (2.1.27+dfsg-2.1) ...
Setting up libjsoncpp24:amd64 (1.9.4-5) ...
Setting up sensible-utils (0.0.17) ...
Setting up librhash0:amd64 (1.4.2-1) ...
Setting up libuchardet0:amd64 (0.0.7-1) ...
Setting up libxslt1.1:amd64 (1.1.34-4) ...
Setting up libmpdec3:amd64 (2.5.1-2) ...
Setting up libsub-override-perl (0.09-2) ...
Setting up libssh2-1:amd64 (1.10.0-2) ...
Setting up sgml-base (1.30) ...
Setting up cmake-data (3.21.3-5) ...
Setting up libxml2-utils (2.9.12+dfsg-5) ...
Setting up libelf1:amd64 (0.185-2) ...
Setting up readline-common (8.1-2) ...
Setting up libicu-dev:amd64 (67.1-7) ...
Setting up libprocps8:amd64 (2:3.3.17-5) ...
Setting up libfile-stripnondeterminism-perl (1.12.0-2) ...
Setting up gettext (0.21-4) ...
Setting up libtool (2.4.6-15) ...
Setting up libreadline8:amd64 (8.1-2) ...
Setting up xsltproc (1.1.34-4) ...
Setting up libldap-2.4-2:amd64 (2.4.59+dfsg-1) ...
Setting up m4 (1.4.18-5) ...
Setting up intltool-debian (0.35.0+20060710.5) ...
Setting up libxml2-dev:amd64 (2.9.12+dfsg-5) ...
Setting up autoconf (2.71-2) ...
Setting up dh-strip-nondeterminism (1.12.0-2) ...
Setting up dwz (0.14-1) ...
Setting up groff-base (1.22.4-7) ...
Setting up xml-core (0.18+nmu1) ...
Setting up procps (2:3.3.17-5) ...
Setting up libcurl4:amd64 (7.74.0-1.3+b1) ...
Setting up libpython3.9-stdlib:amd64 (3.9.7-4) ...
Setting up libpython3-stdlib:amd64 (3.9.2-3) ...
Setting up automake (1:1.16.5-1) ...
update-alternatives: using /usr/bin/automake-1.16 to provide /usr/bin/automake (automake) in auto mode
Setting up po-debconf (1.0.21+nmu1) ...
Setting up man-db (2.9.4-2) ...
Not building database; man-db/auto-update is not 'true'.
Setting up dh-autoreconf (20) ...
Setting up libcurl4-openssl-dev:amd64 (7.74.0-1.3+b1) ...
Setting up cmake (3.21.3-5) ...
Setting up python3.9 (3.9.7-4) ...
Setting up debhelper (13.5.2) ...
Setting up python3 (3.9.2-3) ...
Setting up asciidoc-base (9.0.0~rc2-1) ...
Setting up asciidoc (9.0.0~rc2-1) ...
Processing triggers for libc-bin (2.32-4) ...
Processing triggers for sgml-base (1.30) ...
Setting up docbook-xsl (1.79.2+dfsg-1) ...
Setting up sbuild-build-depends-main-dummy (0.invalid.0) ...

+------------------------------------------------------------------------------+
| Check architectures                                                          |
+------------------------------------------------------------------------------+

Arch check ok (amd64 included in any)

+------------------------------------------------------------------------------+
| Build environment                                                            |
+------------------------------------------------------------------------------+

Kernel: Linux 4.19.0-6-cloud-amd64 #1 SMP Debian 4.19.67-2+deb10u2 (2019-11-11) amd64 (x86_64)
Toolchain package versions: binutils_2.37-7 dpkg-dev_1.20.9 g++-11_11.2.0-10 gcc-11_11.2.0-10 libc6-dev_2.32-4 libstdc++-11-dev_11.2.0-10 libstdc++6_11.2.0-10 linux-libc-dev_5.14.12-1
Package versions: adduser_3.118 apt_2.3.11 asciidoc_9.0.0~rc2-1 asciidoc-base_9.0.0~rc2-1 asciidoc-common_9.0.0~rc2-1 autoconf_2.71-2 automake_1:1.16.5-1 autopoint_0.21-4 autotools-dev_20180224.1+nmu1 base-files_12 base-passwd_3.5.52 bash_5.1-3+b2 bash-completion_1:2.11-4 binutils_2.37-7 binutils-common_2.37-7 binutils-x86-64-linux-gnu_2.37-7 bsdextrautils_2.37.2-4 bsdutils_1:2.37.2-4 build-essential_12.9 bzip2_1.0.8-4 clang-13_1:13.0.0-8 cmake_3.21.3-5 cmake-data_3.21.3-5 coreutils_8.32-4+b1 cpp_4:11.2.0-2 cpp-11_11.2.0-10 dash_0.5.11+git20210120+802ebd4-2 debconf_1.5.78 debhelper_13.5.2 debian-archive-keyring_2021.1.1 debianutils_5.5-1 dh-autoreconf_20 dh-elpa-helper_2.0.9 dh-strip-nondeterminism_1.12.0-2 diffutils_1:3.7-5 docbook-xsl_1.79.2+dfsg-1 dpkg_1.20.9 dpkg-dev_1.20.9 dwz_0.14-1 e2fsprogs_1.46.4-1 emacsen-common_3.0.4 fakeroot_1.26-1 file_1:5.39-3 findutils_4.8.0-1 g++_4:11.2.0-2 g++-11_11.2.0-10 gcc_4:11.2.0-2 gcc-10-base_10.3.0-11 gcc-11_11.2.0-10 gcc-11-base_11.2.0-10 gcc-9-base_9.4.0-3 gettext_0.21-4 gettext-base_0.21-4 gpgv_2.2.27-2 grep_3.7-1 groff-base_1.22.4-7 gzip_1.10-4 hostname_3.23 icu-devtools_67.1-7 init-system-helpers_1.60 intltool-debian_0.35.0+20060710.5 lib32gcc-s1_11.2.0-10 lib32stdc++6_11.2.0-10 libacl1_2.3.1-1 libapt-pkg6.0_2.3.11 libarchive-zip-perl_1.68-1 libarchive13_3.4.3-2+b1 libasan5_9.4.0-3 libasan6_11.2.0-10 libatomic1_11.2.0-10 libattr1_1:2.5.1-1 libaudit-common_1:3.0.6-1 libaudit1_1:3.0.6-1 libbinutils_2.37-7 libblkid1_2.37.2-4 libbrotli1_1.0.9-2+b2 libbsd0_0.11.3-1 libbz2-1.0_1.0.8-4 libc-bin_2.32-4 libc-dev-bin_2.32-4 libc6_2.32-4 libc6-dev_2.32-4 libc6-i386_2.32-4 libcap-ng0_0.7.9-2.2+b1 libcap2_1:2.44-1 libcc1-0_11.2.0-10 libclang-common-13-dev_1:13.0.0-8 libclang-cpp13_1:13.0.0-8 libclang1-13_1:13.0.0-8 libcom-err2_1.46.4-1 libcrypt-dev_1:4.4.25-2 libcrypt1_1:4.4.25-2 libctf-nobfd0_2.37-7 libctf0_2.37-7 libcurl4_7.74.0-1.3+b1 libcurl4-openssl-dev_7.74.0-1.3+b1 libdb5.3_5.3.28+dfsg1-0.8 libdebconfclient0_0.260 libdebhelper-perl_13.5.2 libdpkg-perl_1.20.9 libedit2_3.1-20210910-1 libelf1_0.185-2 libexpat1_2.4.1-3 libext2fs2_1.46.4-1 libfakeroot_1.26-1 libffi8_3.4.2-3 libfile-stripnondeterminism-perl_1.12.0-2 libgc1_1:8.0.4-3 libgcc-11-dev_11.2.0-10 libgcc-9-dev_9.4.0-3 libgcc-s1_11.2.0-10 libgcrypt20_1.9.4-3+b1 libgdbm-compat4_1.22-1 libgdbm6_1.22-1 libglib2.0-0_2.70.0-3 libgmp10_2:6.2.1+dfsg-2 libgnutls30_3.7.2-2 libgomp1_11.2.0-10 libgpg-error0_1.42-3 libgssapi-krb5-2_1.18.3-7 libhogweed6_3.7.3-1 libicu-dev_67.1-7 libicu67_67.1-7 libidn2-0_2.3.2-2 libisl23_0.24-2 libitm1_11.2.0-10 libjsoncpp24_1.9.4-5 libk5crypto3_1.18.3-7 libkeyutils1_1.6.1-2 libkrb5-3_1.18.3-7 libkrb5support0_1.18.3-7 libldap-2.4-2_2.4.59+dfsg-1 libllvm13_1:13.0.0-8 liblsan0_11.2.0-10 liblz4-1_1.9.3-2 liblzma5_5.2.5-2 libmagic-mgc_1:5.39-3 libmagic1_1:5.39-3 libmd0_1.0.4-1 libmount1_2.37.2-4 libmpc3_1.2.1-1 libmpdec3_2.5.1-2 libmpfr6_4.1.0-3 libncurses6_6.2+20210905-1 libncursesw6_6.2+20210905-1 libnettle8_3.7.3-1 libnghttp2-14_1.43.0-1 libnsl-dev_1.3.0-2 libnsl2_1.3.0-2 libobjc-11-dev_11.2.0-10 libobjc-9-dev_9.4.0-3 libobjc4_11.2.0-10 libomp-13-dev_1:13.0.0-8 libomp5-13_1:13.0.0-8 libp11-kit0_0.24.0-5 libpam-modules_1.4.0-10 libpam-modules-bin_1.4.0-10 libpam-runtime_1.4.0-10 libpam0g_1.4.0-10 libpcre2-8-0_10.36-2 libpcre3_2:8.39-13 libperl5.32_5.32.1-6 libpipeline1_1.5.3-1 libprocps8_2:3.3.17-5 libpsl5_0.21.0-1.2 libpython3-stdlib_3.9.2-3 libpython3.9-minimal_3.9.7-4 libpython3.9-stdlib_3.9.7-4 libquadmath0_11.2.0-10 libreadline8_8.1-2 librhash0_1.4.2-1 librtmp1_2.4+20151223.gitfa8646d.1-2+b2 libsasl2-2_2.1.27+dfsg-2.1 libsasl2-modules-db_2.1.27+dfsg-2.1 libseccomp2_2.5.2-2 libselinux1_3.1-3 libsemanage-common_3.1-1 libsemanage1_3.1-1+b2 libsepol1_3.1-1 libsigsegv2_2.13-1 libsmartcols1_2.37.2-4 libsqlite3-0_3.36.0-2 libss2_1.46.4-1 libssh2-1_1.10.0-2 libssl-dev_1.1.1l-1 libssl1.1_1.1.1l-1 libstdc++-11-dev_11.2.0-10 libstdc++6_11.2.0-10 libsub-override-perl_0.09-2 libsystemd0_249.5-1 libtasn1-6_4.17.0-2 libtinfo6_6.2+20210905-1 libtirpc-common_1.3.2-2 libtirpc-dev_1.3.2-2 libtirpc3_1.3.2-2 libtool_2.4.6-15 libtsan0_11.2.0-10 libubsan1_11.2.0-10 libuchardet0_0.0.7-1 libudev1_249.5-1 libunistring2_0.9.10-6 libuuid1_2.37.2-4 libuv1_1.42.0-1 libxml2_2.9.12+dfsg-5 libxml2-dev_2.9.12+dfsg-5 libxml2-utils_2.9.12+dfsg-5 libxslt1.1_1.1.34-4 libxxhash0_0.8.0-2 libz3-4_4.8.12-1+b1 libzstd1_1.4.8+dfsg-3 linux-libc-dev_5.14.12-1 login_1:4.8.1-1 logsave_1.46.4-1 lsb-base_11.1.0 m4_1.4.18-5 make_4.3-4.1 man-db_2.9.4-2 mawk_1.3.4.20200120-2 media-types_4.0.0 mount_2.37.2-4 ncurses-base_6.2+20210905-1 ncurses-bin_6.2+20210905-1 passwd_1:4.8.1-1 patch_2.7.6-7 perl_5.32.1-6 perl-base_5.32.1-6 perl-modules-5.32_5.32.1-6 pkg-config_0.29.2-1 po-debconf_1.0.21+nmu1 procps_2:3.3.17-5 python3_3.9.2-3 python3-minimal_3.9.2-3 python3.9_3.9.7-4 python3.9-minimal_3.9.7-4 qt5-qmake_5.15.2+dfsg-12 qt5-qmake-bin_5.15.2+dfsg-12 qtchooser_66-2 readline-common_8.1-2 rpcsvc-proto_1.4.2-4 sbuild-build-depends-main-dummy_0.invalid.0 sed_4.8-1 sensible-utils_0.0.17 sgml-base_1.30 sysvinit-utils_3.00-1 tar_1.34+dfsg-1 tzdata_2021e-1 util-linux_2.37.2-4 xml-core_0.18+nmu1 xsltproc_1.1.34-4 xz-utils_5.2.5-2 zlib1g_1:1.2.11.dfsg-2

+------------------------------------------------------------------------------+
| Build                                                                        |
+------------------------------------------------------------------------------+


Unpack source
-------------

-----BEGIN PGP SIGNED MESSAGE-----
Hash: SHA256

Format: 3.0 (quilt)
Source: lastpass-cli
Binary: lastpass-cli
Architecture: any
Version: 1.3.3-4
Maintainer: Chris Lamb <lamby@debian.org>
Homepage: https://github.com/lastpass/lastpass-cli
Standards-Version: 4.5.0
Vcs-Browser: https://salsa.debian.org/lamby/pkg-lastpass-cli
Vcs-Git: https://salsa.debian.org/lamby/pkg-lastpass-cli.git
Testsuite: autopkgtest
Testsuite-Triggers: shunit2
Build-Depends: asciidoc, bash-completion, cmake, debhelper-compat (= 13), docbook-xsl, libcurl4-openssl-dev, libssl-dev, libxml2-dev, pkg-config, xsltproc
Package-List:
 lastpass-cli deb utils optional arch=any
Checksums-Sha1:
 a3bc6c4648b0540546061b5bc286e5fbff121f4f 116434 lastpass-cli_1.3.3.orig.tar.gz
 7329fb95862bf9b2f51fee1debc9ccd15ff624a3 6484 lastpass-cli_1.3.3-4.debian.tar.xz
Checksums-Sha256:
 f38e1ee7e06e660433a575a23b061c2f66ec666d746e988716b2c88de59aed73 116434 lastpass-cli_1.3.3.orig.tar.gz
 9359d6e8d803003a52483438e66db65a04a98d72cc0bb93b28e368adc5180152 6484 lastpass-cli_1.3.3-4.debian.tar.xz
Files:
 55854659f53282aa7f0cf1248ba35183 116434 lastpass-cli_1.3.3.orig.tar.gz
 e1d7a936e16ddb65f6968338ab8e8a5b 6484 lastpass-cli_1.3.3-4.debian.tar.xz

-----BEGIN PGP SIGNATURE-----

iQIzBAEBCAAdFiEEwv5L0nHBObhsUz5GHpU+J9QxHlgFAl8YEXMACgkQHpU+J9Qx
HlijvA/8C7t+5zJ7XaU2Ivx76qlih5Y6wsM6k3bkjyDMiE0cvSMU+Ujg9u+VkzBw
Ix1m0pZOecxm91AURBN57iEYiMlgfPLYYy9xcW3MzHSY+wuqyBuZgAtjVkL8XQRM
5fv251mCJC/iLqsow3HdGT4Nhh9vHTW4UNWLUzvcfmXuuqAdWp+MEfCkGWx2ZTwg
40XY3ZVdTuoK4edM+Y6981Sxjy63qr9rga1C/bGTlk3s6sMnfZV4ZmIgc/5Gxir9
SI3oK4z4Jotvr2OfJ+vu4QsdJjRYr2LMZ/nB0tmKqzuABbxP4yNNH083OD8exGI/
PvNcQQMjWhCAVL9XAv/PgG17tU+FB5HIRB450Wv7vOJnz1HasZWklQJtwpIaf4Il
UvIKVV4SCmns5nD331U/epS5EQGgC8xH3VZT384GYFr4WhDILojVKik1KoxRUztr
C+E9dGrfsWhv0Uz61jhbfqlZsCdWYg8LMXazOKXXFMVjclHAC912/iEpVnHP3Nm3
+T7a8veHwMK/bETMb814Qz+zJKQiRCvIo1kZSWrEFwhOrLWyC5bdUUzNa5MBQUMQ
z7WE61TGXioETuHfpMVs7LLJW3CeTXpPU0zMAGPGIhg8gvyplwXnXVTDyW+OnH7c
++BckqJ8b02OURTtasPia3g2a8rTGG8ZQAFa/+TQAPGnKjxATZk=
=daob
-----END PGP SIGNATURE-----

gpgv: unknown type of key resource 'trustedkeys.kbx'
gpgv: keyblock resource '/tmp/dpkg-verify-sig.QGeDfq3f/trustedkeys.kbx': General error
gpgv: Signature made Wed Jul 22 10:14:11 2020 UTC
gpgv:                using RSA key C2FE4BD271C139B86C533E461E953E27D4311E58
gpgv: Can't check signature: No public key
dpkg-source: warning: failed to verify signature on ./lastpass-cli_1.3.3-4.dsc
dpkg-source: info: extracting lastpass-cli in /<<PKGBUILDDIR>>
dpkg-source: info: unpacking lastpass-cli_1.3.3.orig.tar.gz
dpkg-source: info: unpacking lastpass-cli_1.3.3-4.debian.tar.xz
dpkg-source: info: using patch list from debian/patches/series
dpkg-source: info: applying 0001-Fix-FTBFS-with-GCC-10.0.patch

Check disk space
----------------

Sufficient free space for build

User Environment
----------------

APT_CONFIG=/var/lib/sbuild/apt.conf
HOME=/sbuild-nonexistent
LANG=C.UTF-8
LC_ALL=C.UTF-8
LOGNAME=user42
PATH=/usr/local/sbin:/usr/local/bin:/usr/sbin:/usr/bin:/sbin:/bin:/usr/games
SCHROOT_ALIAS_NAME=unstable
SCHROOT_CHROOT_NAME=sid-amd64-sbuild
SCHROOT_COMMAND=env
SCHROOT_GID=1001
SCHROOT_GROUP=user42
SCHROOT_SESSION_ID=sid-amd64-sbuild-1653989d-f2ca-4a12-87e7-00ffe2569ce9
SCHROOT_UID=1001
SCHROOT_USER=user42
SHELL=/bin/sh
USER=user42

dpkg-buildpackage
-----------------

Command: dpkg-buildpackage -us -uc -b -rfakeroot
dpkg-buildpackage: info: source package lastpass-cli
dpkg-buildpackage: info: source version 1.3.3-4
dpkg-buildpackage: info: source distribution unstable
dpkg-buildpackage: info: source changed by Chris Lamb <lamby@debian.org>
 dpkg-source --before-build .
dpkg-buildpackage: info: host architecture amd64
 debian/rules clean
dh clean --buildsystem=cmake --builddirectory=build
   debian/rules override_dh_auto_clean
make[1]: Entering directory '/<<PKGBUILDDIR>>'
dh_auto_clean
rm -f version.h
make[1]: Leaving directory '/<<PKGBUILDDIR>>'
   dh_autoreconf_clean -O--buildsystem=cmake -O--builddirectory=build
   dh_clean -O--buildsystem=cmake -O--builddirectory=build
 debian/rules binary
dh binary --buildsystem=cmake --builddirectory=build
   dh_update_autotools_config -O--buildsystem=cmake -O--builddirectory=build
   dh_autoreconf -O--buildsystem=cmake -O--builddirectory=build
   dh_auto_configure -O--buildsystem=cmake -O--builddirectory=build
	cd build && cmake -DCMAKE_INSTALL_PREFIX=/usr -DCMAKE_BUILD_TYPE=None -DCMAKE_INSTALL_SYSCONFDIR=/etc -DCMAKE_INSTALL_LOCALSTATEDIR=/var -DCMAKE_EXPORT_NO_PACKAGE_REGISTRY=ON -DCMAKE_FIND_USE_PACKAGE_REGISTRY=OFF -DCMAKE_FIND_PACKAGE_NO_PACKAGE_REGISTRY=ON -DCMAKE_INSTALL_RUNSTATEDIR=/run -DCMAKE_SKIP_INSTALL_ALL_DEPENDENCY=ON "-GUnix Makefiles" -DCMAKE_VERBOSE_MAKEFILE=ON -DCMAKE_INSTALL_LIBDIR=lib/x86_64-linux-gnu ..
-- The C compiler identification is Clang 13.0.0
-- The CXX compiler identification is Clang 13.0.0
-- Detecting C compiler ABI info
-- Detecting C compiler ABI info - failed
-- Check for working C compiler: /usr/bin/cc
-- Check for working C compiler: /usr/bin/cc - broken
CMake Error at /usr/share/cmake-3.21/Modules/CMakeTestCCompiler.cmake:69 (message):
  The C compiler

    "/usr/bin/cc"

  is not able to compile a simple test program.

  It fails with the following output:

    Change Dir: /<<PKGBUILDDIR>>/build/CMakeFiles/CMakeTmp
    
    Run Build Command(s):/usr/bin/gmake -f Makefile cmTC_2480c/fast && gmake[1]: Entering directory '/<<PKGBUILDDIR>>/build/CMakeFiles/CMakeTmp'
    /usr/bin/gmake  -f CMakeFiles/cmTC_2480c.dir/build.make CMakeFiles/cmTC_2480c.dir/build
    gmake[2]: Entering directory '/<<PKGBUILDDIR>>/build/CMakeFiles/CMakeTmp'
    Building C object CMakeFiles/cmTC_2480c.dir/testCCompiler.c.o
    /usr/bin/cc   -g -O2 -ffile-prefix-map=/<<PKGBUILDDIR>>=. -fstack-protector-strong -Wformat -Werror=format-security -Wall -fno-aggressive-loop-optimizations -Wdate-time -D_FORTIFY_SOURCE=2  -MD -MT CMakeFiles/cmTC_2480c.dir/testCCompiler.c.o -MF CMakeFiles/cmTC_2480c.dir/testCCompiler.c.o.d -o CMakeFiles/cmTC_2480c.dir/testCCompiler.c.o -c /<<PKGBUILDDIR>>/build/CMakeFiles/CMakeTmp/testCCompiler.c
    clang: error: unknown argument: '-fno-aggressive-loop-optimizations'
    gmake[2]: *** [CMakeFiles/cmTC_2480c.dir/build.make:79: CMakeFiles/cmTC_2480c.dir/testCCompiler.c.o] Error 1
    gmake[2]: Leaving directory '/<<PKGBUILDDIR>>/build/CMakeFiles/CMakeTmp'
    gmake[1]: *** [Makefile:127: cmTC_2480c/fast] Error 2
    gmake[1]: Leaving directory '/<<PKGBUILDDIR>>/build/CMakeFiles/CMakeTmp'
    
    

  

  CMake will not be able to correctly generate this project.
Call Stack (most recent call first):
  CMakeLists.txt:8 (project)


-- Configuring incomplete, errors occurred!
See also "/<<PKGBUILDDIR>>/build/CMakeFiles/CMakeOutput.log".
See also "/<<PKGBUILDDIR>>/build/CMakeFiles/CMakeError.log".
	cd build && tail -v -n \+0 CMakeCache.txt
==> CMakeCache.txt <==
# This is the CMakeCache file.
# For build in directory: /<<PKGBUILDDIR>>/build
# It was generated by CMake: /usr/bin/cmake
# You can edit this file to change values found and used by cmake.
# If you do not want to change any of the values, simply exit the editor.
# If you do want to change a value, simply edit, save, and exit the editor.
# The syntax for the file is as follows:
# KEY:TYPE=VALUE
# KEY is the name of a variable in the cache.
# TYPE is a hint to GUIs for the type of VALUE, DO NOT EDIT TYPE!.
# VALUE is the current value for the KEY.

########################
# EXTERNAL cache entries
########################

//Path to a program.
CMAKE_ADDR2LINE:FILEPATH=/usr/bin/addr2line

//Path to a program.
CMAKE_AR:FILEPATH=/usr/bin/ar

//Choose the type of build, options are: None Debug Release RelWithDebInfo
// MinSizeRel ...
CMAKE_BUILD_TYPE:STRING=None

//Enable/Disable color output during build.
CMAKE_COLOR_MAKEFILE:BOOL=ON

//CXX compiler
CMAKE_CXX_COMPILER:FILEPATH=/usr/bin/c++

//LLVM archiver
CMAKE_CXX_COMPILER_AR:FILEPATH=CMAKE_CXX_COMPILER_AR-NOTFOUND

//Generate index for LLVM archive
CMAKE_CXX_COMPILER_RANLIB:FILEPATH=CMAKE_CXX_COMPILER_RANLIB-NOTFOUND

//C compiler
CMAKE_C_COMPILER:FILEPATH=/usr/bin/cc

//LLVM archiver
CMAKE_C_COMPILER_AR:FILEPATH=CMAKE_C_COMPILER_AR-NOTFOUND

//Generate index for LLVM archive
CMAKE_C_COMPILER_RANLIB:FILEPATH=CMAKE_C_COMPILER_RANLIB-NOTFOUND

//Flags used by the C compiler during all build types.
CMAKE_C_FLAGS:STRING=-g -O2 -ffile-prefix-map=/<<PKGBUILDDIR>>=. -fstack-protector-strong -Wformat -Werror=format-security -Wall -fno-aggressive-loop-optimizations -Wdate-time -D_FORTIFY_SOURCE=2

//Flags used by the C compiler during DEBUG builds.
CMAKE_C_FLAGS_DEBUG:STRING=-g

//Flags used by the C compiler during MINSIZEREL builds.
CMAKE_C_FLAGS_MINSIZEREL:STRING=-Os -DNDEBUG

//Flags used by the C compiler during NONE builds.
CMAKE_C_FLAGS_NONE:STRING=

//Flags used by the C compiler during RELEASE builds.
CMAKE_C_FLAGS_RELEASE:STRING=-O3 -DNDEBUG

//Flags used by the C compiler during RELWITHDEBINFO builds.
CMAKE_C_FLAGS_RELWITHDEBINFO:STRING=-O2 -g -DNDEBUG

//Path to a program.
CMAKE_DLLTOOL:FILEPATH=CMAKE_DLLTOOL-NOTFOUND

//Flags used by the linker during all build types.
CMAKE_EXE_LINKER_FLAGS:STRING=-Wl,-z,relro -Wl,-z,now

//Flags used by the linker during DEBUG builds.
CMAKE_EXE_LINKER_FLAGS_DEBUG:STRING=

//Flags used by the linker during MINSIZEREL builds.
CMAKE_EXE_LINKER_FLAGS_MINSIZEREL:STRING=

//Flags used by the linker during NONE builds.
CMAKE_EXE_LINKER_FLAGS_NONE:STRING=

//Flags used by the linker during RELEASE builds.
CMAKE_EXE_LINKER_FLAGS_RELEASE:STRING=

//Flags used by the linker during RELWITHDEBINFO builds.
CMAKE_EXE_LINKER_FLAGS_RELWITHDEBINFO:STRING=

//Enable/Disable output of compile commands during generation.
CMAKE_EXPORT_COMPILE_COMMANDS:BOOL=

//No help, variable specified on the command line.
CMAKE_EXPORT_NO_PACKAGE_REGISTRY:UNINITIALIZED=ON

//No help, variable specified on the command line.
CMAKE_FIND_PACKAGE_NO_PACKAGE_REGISTRY:UNINITIALIZED=ON

//No help, variable specified on the command line.
CMAKE_FIND_USE_PACKAGE_REGISTRY:UNINITIALIZED=OFF

//No help, variable specified on the command line.
CMAKE_INSTALL_LIBDIR:UNINITIALIZED=lib/x86_64-linux-gnu

//No help, variable specified on the command line.
CMAKE_INSTALL_LOCALSTATEDIR:UNINITIALIZED=/var

//Install path prefix, prepended onto install directories.
CMAKE_INSTALL_PREFIX:PATH=/usr

//No help, variable specified on the command line.
CMAKE_INSTALL_RUNSTATEDIR:UNINITIALIZED=/run

//No help, variable specified on the command line.
CMAKE_INSTALL_SYSCONFDIR:UNINITIALIZED=/etc

//Path to a program.
CMAKE_LINKER:FILEPATH=/usr/bin/ld

//Path to a program.
CMAKE_MAKE_PROGRAM:FILEPATH=/usr/bin/gmake

//Flags used by the linker during the creation of modules during
// all build types.
CMAKE_MODULE_LINKER_FLAGS:STRING=-Wl,-z,relro -Wl,-z,now

//Flags used by the linker during the creation of modules during
// DEBUG builds.
CMAKE_MODULE_LINKER_FLAGS_DEBUG:STRING=

//Flags used by the linker during the creation of modules during
// MINSIZEREL builds.
CMAKE_MODULE_LINKER_FLAGS_MINSIZEREL:STRING=

//Flags used by the linker during the creation of modules during
// NONE builds.
CMAKE_MODULE_LINKER_FLAGS_NONE:STRING=

//Flags used by the linker during the creation of modules during
// RELEASE builds.
CMAKE_MODULE_LINKER_FLAGS_RELEASE:STRING=

//Flags used by the linker during the creation of modules during
// RELWITHDEBINFO builds.
CMAKE_MODULE_LINKER_FLAGS_RELWITHDEBINFO:STRING=

//Path to a program.
CMAKE_NM:FILEPATH=/usr/bin/nm

//Path to a program.
CMAKE_OBJCOPY:FILEPATH=/usr/bin/objcopy

//Path to a program.
CMAKE_OBJDUMP:FILEPATH=/usr/bin/objdump

//Value Computed by CMake
CMAKE_PROJECT_DESCRIPTION:STATIC=

//Value Computed by CMake
CMAKE_PROJECT_HOMEPAGE_URL:STATIC=

//Value Computed by CMake
CMAKE_PROJECT_NAME:STATIC=lpass

//Path to a program.
CMAKE_RANLIB:FILEPATH=/usr/bin/ranlib

//Path to a program.
CMAKE_READELF:FILEPATH=/usr/bin/readelf

//Flags used by the linker during the creation of shared libraries
// during all build types.
CMAKE_SHARED_LINKER_FLAGS:STRING=-Wl,-z,relro -Wl,-z,now

//Flags used by the linker during the creation of shared libraries
// during DEBUG builds.
CMAKE_SHARED_LINKER_FLAGS_DEBUG:STRING=

//Flags used by the linker during the creation of shared libraries
// during MINSIZEREL builds.
CMAKE_SHARED_LINKER_FLAGS_MINSIZEREL:STRING=

//Flags used by the linker during the creation of shared libraries
// during NONE builds.
CMAKE_SHARED_LINKER_FLAGS_NONE:STRING=

//Flags used by the linker during the creation of shared libraries
// during RELEASE builds.
CMAKE_SHARED_LINKER_FLAGS_RELEASE:STRING=

//Flags used by the linker during the creation of shared libraries
// during RELWITHDEBINFO builds.
CMAKE_SHARED_LINKER_FLAGS_RELWITHDEBINFO:STRING=

//No help, variable specified on the command line.
CMAKE_SKIP_INSTALL_ALL_DEPENDENCY:UNINITIALIZED=ON

//If set, runtime paths are not added when installing shared libraries,
// but are added when building.
CMAKE_SKIP_INSTALL_RPATH:BOOL=NO

//If set, runtime paths are not added when using shared libraries.
CMAKE_SKIP_RPATH:BOOL=NO

//Flags used by the linker during the creation of static libraries
// during all build types.
CMAKE_STATIC_LINKER_FLAGS:STRING=

//Flags used by the linker during the creation of static libraries
// during DEBUG builds.
CMAKE_STATIC_LINKER_FLAGS_DEBUG:STRING=

//Flags used by the linker during the creation of static libraries
// during MINSIZEREL builds.
CMAKE_STATIC_LINKER_FLAGS_MINSIZEREL:STRING=

//Flags used by the linker during the creation of static libraries
// during NONE builds.
CMAKE_STATIC_LINKER_FLAGS_NONE:STRING=

//Flags used by the linker during the creation of static libraries
// during RELEASE builds.
CMAKE_STATIC_LINKER_FLAGS_RELEASE:STRING=

//Flags used by the linker during the creation of static libraries
// during RELWITHDEBINFO builds.
CMAKE_STATIC_LINKER_FLAGS_RELWITHDEBINFO:STRING=

//Path to a program.
CMAKE_STRIP:FILEPATH=/usr/bin/strip

//If this value is on, makefiles will be generated without the
// .SILENT directive, and all commands will be echoed to the console
// during the make.  This is useful for debugging only. With Visual
// Studio IDE projects all commands are done without /nologo.
CMAKE_VERBOSE_MAKEFILE:BOOL=ON

//Value Computed by CMake
lpass_BINARY_DIR:STATIC=/<<PKGBUILDDIR>>/build

//Value Computed by CMake
lpass_IS_TOP_LEVEL:STATIC=ON

//Value Computed by CMake
lpass_SOURCE_DIR:STATIC=/<<PKGBUILDDIR>>


########################
# INTERNAL cache entries
########################

//ADVANCED property for variable: CMAKE_ADDR2LINE
CMAKE_ADDR2LINE-ADVANCED:INTERNAL=1
//ADVANCED property for variable: CMAKE_AR
CMAKE_AR-ADVANCED:INTERNAL=1
//This is the directory where this CMakeCache.txt was created
CMAKE_CACHEFILE_DIR:INTERNAL=/<<PKGBUILDDIR>>/build
//Major version of cmake used to create the current loaded cache
CMAKE_CACHE_MAJOR_VERSION:INTERNAL=3
//Minor version of cmake used to create the current loaded cache
CMAKE_CACHE_MINOR_VERSION:INTERNAL=21
//Patch version of cmake used to create the current loaded cache
CMAKE_CACHE_PATCH_VERSION:INTERNAL=3
//ADVANCED property for variable: CMAKE_COLOR_MAKEFILE
CMAKE_COLOR_MAKEFILE-ADVANCED:INTERNAL=1
//Path to CMake executable.
CMAKE_COMMAND:INTERNAL=/usr/bin/cmake
//Path to cpack program executable.
CMAKE_CPACK_COMMAND:INTERNAL=/usr/bin/cpack
//Path to ctest program executable.
CMAKE_CTEST_COMMAND:INTERNAL=/usr/bin/ctest
//ADVANCED property for variable: CMAKE_CXX_COMPILER
CMAKE_CXX_COMPILER-ADVANCED:INTERNAL=1
//ADVANCED property for variable: CMAKE_CXX_COMPILER_AR
CMAKE_CXX_COMPILER_AR-ADVANCED:INTERNAL=1
//ADVANCED property for variable: CMAKE_CXX_COMPILER_RANLIB
CMAKE_CXX_COMPILER_RANLIB-ADVANCED:INTERNAL=1
//ADVANCED property for variable: CMAKE_C_COMPILER
CMAKE_C_COMPILER-ADVANCED:INTERNAL=1
//ADVANCED property for variable: CMAKE_C_COMPILER_AR
CMAKE_C_COMPILER_AR-ADVANCED:INTERNAL=1
//ADVANCED property for variable: CMAKE_C_COMPILER_RANLIB
CMAKE_C_COMPILER_RANLIB-ADVANCED:INTERNAL=1
//ADVANCED property for variable: CMAKE_C_FLAGS
CMAKE_C_FLAGS-ADVANCED:INTERNAL=1
//ADVANCED property for variable: CMAKE_C_FLAGS_DEBUG
CMAKE_C_FLAGS_DEBUG-ADVANCED:INTERNAL=1
//ADVANCED property for variable: CMAKE_C_FLAGS_MINSIZEREL
CMAKE_C_FLAGS_MINSIZEREL-ADVANCED:INTERNAL=1
//ADVANCED property for variable: CMAKE_C_FLAGS_NONE
CMAKE_C_FLAGS_NONE-ADVANCED:INTERNAL=1
//ADVANCED property for variable: CMAKE_C_FLAGS_RELEASE
CMAKE_C_FLAGS_RELEASE-ADVANCED:INTERNAL=1
//ADVANCED property for variable: CMAKE_C_FLAGS_RELWITHDEBINFO
CMAKE_C_FLAGS_RELWITHDEBINFO-ADVANCED:INTERNAL=1
//ADVANCED property for variable: CMAKE_DLLTOOL
CMAKE_DLLTOOL-ADVANCED:INTERNAL=1
//Executable file format
CMAKE_EXECUTABLE_FORMAT:INTERNAL=ELF
//ADVANCED property for variable: CMAKE_EXE_LINKER_FLAGS
CMAKE_EXE_LINKER_FLAGS-ADVANCED:INTERNAL=1
//ADVANCED property for variable: CMAKE_EXE_LINKER_FLAGS_DEBUG
CMAKE_EXE_LINKER_FLAGS_DEBUG-ADVANCED:INTERNAL=1
//ADVANCED property for variable: CMAKE_EXE_LINKER_FLAGS_MINSIZEREL
CMAKE_EXE_LINKER_FLAGS_MINSIZEREL-ADVANCED:INTERNAL=1
//ADVANCED property for variable: CMAKE_EXE_LINKER_FLAGS_NONE
CMAKE_EXE_LINKER_FLAGS_NONE-ADVANCED:INTERNAL=1
//ADVANCED property for variable: CMAKE_EXE_LINKER_FLAGS_RELEASE
CMAKE_EXE_LINKER_FLAGS_RELEASE-ADVANCED:INTERNAL=1
//ADVANCED property for variable: CMAKE_EXE_LINKER_FLAGS_RELWITHDEBINFO
CMAKE_EXE_LINKER_FLAGS_RELWITHDEBINFO-ADVANCED:INTERNAL=1
//ADVANCED property for variable: CMAKE_EXPORT_COMPILE_COMMANDS
CMAKE_EXPORT_COMPILE_COMMANDS-ADVANCED:INTERNAL=1
//Name of external makefile project generator.
CMAKE_EXTRA_GENERATOR:INTERNAL=
//Name of generator.
CMAKE_GENERATOR:INTERNAL=Unix Makefiles
//Generator instance identifier.
CMAKE_GENERATOR_INSTANCE:INTERNAL=
//Name of generator platform.
CMAKE_GENERATOR_PLATFORM:INTERNAL=
//Name of generator toolset.
CMAKE_GENERATOR_TOOLSET:INTERNAL=
//Source directory with the top level CMakeLists.txt file for this
// project
CMAKE_HOME_DIRECTORY:INTERNAL=/<<PKGBUILDDIR>>
//Install .so files without execute permission.
CMAKE_INSTALL_SO_NO_EXE:INTERNAL=1
//ADVANCED property for variable: CMAKE_LINKER
CMAKE_LINKER-ADVANCED:INTERNAL=1
//ADVANCED property for variable: CMAKE_MAKE_PROGRAM
CMAKE_MAKE_PROGRAM-ADVANCED:INTERNAL=1
//ADVANCED property for variable: CMAKE_MODULE_LINKER_FLAGS
CMAKE_MODULE_LINKER_FLAGS-ADVANCED:INTERNAL=1
//ADVANCED property for variable: CMAKE_MODULE_LINKER_FLAGS_DEBUG
CMAKE_MODULE_LINKER_FLAGS_DEBUG-ADVANCED:INTERNAL=1
//ADVANCED property for variable: CMAKE_MODULE_LINKER_FLAGS_MINSIZEREL
CMAKE_MODULE_LINKER_FLAGS_MINSIZEREL-ADVANCED:INTERNAL=1
//ADVANCED property for variable: CMAKE_MODULE_LINKER_FLAGS_NONE
CMAKE_MODULE_LINKER_FLAGS_NONE-ADVANCED:INTERNAL=1
//ADVANCED property for variable: CMAKE_MODULE_LINKER_FLAGS_RELEASE
CMAKE_MODULE_LINKER_FLAGS_RELEASE-ADVANCED:INTERNAL=1
//ADVANCED property for variable: CMAKE_MODULE_LINKER_FLAGS_RELWITHDEBINFO
CMAKE_MODULE_LINKER_FLAGS_RELWITHDEBINFO-ADVANCED:INTERNAL=1
//ADVANCED property for variable: CMAKE_NM
CMAKE_NM-ADVANCED:INTERNAL=1
//number of local generators
CMAKE_NUMBER_OF_MAKEFILES:INTERNAL=1
//ADVANCED property for variable: CMAKE_OBJCOPY
CMAKE_OBJCOPY-ADVANCED:INTERNAL=1
//ADVANCED property for variable: CMAKE_OBJDUMP
CMAKE_OBJDUMP-ADVANCED:INTERNAL=1
//Platform information initialized
CMAKE_PLATFORM_INFO_INITIALIZED:INTERNAL=1
//ADVANCED property for variable: CMAKE_RANLIB
CMAKE_RANLIB-ADVANCED:INTERNAL=1
//ADVANCED property for variable: CMAKE_READELF
CMAKE_READELF-ADVANCED:INTERNAL=1
//Path to CMake installation.
CMAKE_ROOT:INTERNAL=/usr/share/cmake-3.21
//ADVANCED property for variable: CMAKE_SHARED_LINKER_FLAGS
CMAKE_SHARED_LINKER_FLAGS-ADVANCED:INTERNAL=1
//ADVANCED property for variable: CMAKE_SHARED_LINKER_FLAGS_DEBUG
CMAKE_SHARED_LINKER_FLAGS_DEBUG-ADVANCED:INTERNAL=1
//ADVANCED property for variable: CMAKE_SHARED_LINKER_FLAGS_MINSIZEREL
CMAKE_SHARED_LINKER_FLAGS_MINSIZEREL-ADVANCED:INTERNAL=1
//ADVANCED property for variable: CMAKE_SHARED_LINKER_FLAGS_NONE
CMAKE_SHARED_LINKER_FLAGS_NONE-ADVANCED:INTERNAL=1
//ADVANCED property for variable: CMAKE_SHARED_LINKER_FLAGS_RELEASE
CMAKE_SHARED_LINKER_FLAGS_RELEASE-ADVANCED:INTERNAL=1
//ADVANCED property for variable: CMAKE_SHARED_LINKER_FLAGS_RELWITHDEBINFO
CMAKE_SHARED_LINKER_FLAGS_RELWITHDEBINFO-ADVANCED:INTERNAL=1
//ADVANCED property for variable: CMAKE_SKIP_INSTALL_RPATH
CMAKE_SKIP_INSTALL_RPATH-ADVANCED:INTERNAL=1
//ADVANCED property for variable: CMAKE_SKIP_RPATH
CMAKE_SKIP_RPATH-ADVANCED:INTERNAL=1
//ADVANCED property for variable: CMAKE_STATIC_LINKER_FLAGS
CMAKE_STATIC_LINKER_FLAGS-ADVANCED:INTERNAL=1
//ADVANCED property for variable: CMAKE_STATIC_LINKER_FLAGS_DEBUG
CMAKE_STATIC_LINKER_FLAGS_DEBUG-ADVANCED:INTERNAL=1
//ADVANCED property for variable: CMAKE_STATIC_LINKER_FLAGS_MINSIZEREL
CMAKE_STATIC_LINKER_FLAGS_MINSIZEREL-ADVANCED:INTERNAL=1
//ADVANCED property for variable: CMAKE_STATIC_LINKER_FLAGS_NONE
CMAKE_STATIC_LINKER_FLAGS_NONE-ADVANCED:INTERNAL=1
//ADVANCED property for variable: CMAKE_STATIC_LINKER_FLAGS_RELEASE
CMAKE_STATIC_LINKER_FLAGS_RELEASE-ADVANCED:INTERNAL=1
//ADVANCED property for variable: CMAKE_STATIC_LINKER_FLAGS_RELWITHDEBINFO
CMAKE_STATIC_LINKER_FLAGS_RELWITHDEBINFO-ADVANCED:INTERNAL=1
//ADVANCED property for variable: CMAKE_STRIP
CMAKE_STRIP-ADVANCED:INTERNAL=1
//uname command
CMAKE_UNAME:INTERNAL=/bin/uname
//ADVANCED property for variable: CMAKE_VERBOSE_MAKEFILE
CMAKE_VERBOSE_MAKEFILE-ADVANCED:INTERNAL=1

	cd build && tail -v -n \+0 CMakeFiles/CMakeOutput.log
==> CMakeFiles/CMakeOutput.log <==
The system is: Linux - 4.19.0-6-cloud-amd64 - x86_64
Compiling the C compiler identification source file "CMakeCCompilerId.c" succeeded.
Compiler: /usr/bin/cc 
Build flags: 
Id flags:  

The output was:
0


Compilation of the C compiler identification source "CMakeCCompilerId.c" produced "a.out"

The C compiler identification is Clang, found in "/<<PKGBUILDDIR>>/build/CMakeFiles/3.21.3/CompilerIdC/a.out"

Compiling the CXX compiler identification source file "CMakeCXXCompilerId.cpp" succeeded.
Compiler: /usr/bin/c++ 
Build flags: -g;-O2;-ffile-prefix-map=/<<PKGBUILDDIR>>=.;-fstack-protector-strong;-Wformat;-Werror=format-security;-Wdate-time;-D_FORTIFY_SOURCE=2
Id flags:  

The output was:
0


Compilation of the CXX compiler identification source "CMakeCXXCompilerId.cpp" produced "a.out"

The CXX compiler identification is Clang, found in "/<<PKGBUILDDIR>>/build/CMakeFiles/3.21.3/CompilerIdCXX/a.out"

	cd build && tail -v -n \+0 CMakeFiles/CMakeError.log
==> CMakeFiles/CMakeError.log <==
Compiling the C compiler identification source file "CMakeCCompilerId.c" failed.
Compiler: /usr/bin/cc 
Build flags: -g;-O2;-ffile-prefix-map=/<<PKGBUILDDIR>>=.;-fstack-protector-strong;-Wformat;-Werror=format-security;-Wall;-fno-aggressive-loop-optimizations;-Wdate-time;-D_FORTIFY_SOURCE=2
Id flags:  

The output was:
1
clang: error: unknown argument: '-fno-aggressive-loop-optimizations'


Compiling the C compiler identification source file "CMakeCCompilerId.c" failed.
Compiler: /usr/bin/cc 
Build flags: -g;-O2;-ffile-prefix-map=/<<PKGBUILDDIR>>=.;-fstack-protector-strong;-Wformat;-Werror=format-security;-Wall;-fno-aggressive-loop-optimizations;-Wdate-time;-D_FORTIFY_SOURCE=2
Id flags: -c 

The output was:
1
clang: error: unknown argument: '-fno-aggressive-loop-optimizations'


Compiling the C compiler identification source file "CMakeCCompilerId.c" failed.
Compiler: /usr/bin/cc 
Build flags: -g;-O2;-ffile-prefix-map=/<<PKGBUILDDIR>>=.;-fstack-protector-strong;-Wformat;-Werror=format-security;-Wall;-fno-aggressive-loop-optimizations;-Wdate-time;-D_FORTIFY_SOURCE=2
Id flags: -Aa 

The output was:
1
clang: error: unknown argument: '-fno-aggressive-loop-optimizations'


Compiling the C compiler identification source file "CMakeCCompilerId.c" failed.
Compiler: /usr/bin/cc 
Build flags: -g;-O2;-ffile-prefix-map=/<<PKGBUILDDIR>>=.;-fstack-protector-strong;-Wformat;-Werror=format-security;-Wall;-fno-aggressive-loop-optimizations;-Wdate-time;-D_FORTIFY_SOURCE=2
Id flags: -D__CLASSIC_C__ 

The output was:
1
clang: error: unknown argument: '-fno-aggressive-loop-optimizations'


Compiling the C compiler identification source file "CMakeCCompilerId.c" failed.
Compiler: /usr/bin/cc 
Build flags: -g;-O2;-ffile-prefix-map=/<<PKGBUILDDIR>>=.;-fstack-protector-strong;-Wformat;-Werror=format-security;-Wall;-fno-aggressive-loop-optimizations;-Wdate-time;-D_FORTIFY_SOURCE=2
Id flags: --target=arm-arm-none-eabi;-mcpu=cortex-m3 

The output was:
1
clang: error: unknown argument: '-fno-aggressive-loop-optimizations'


Compiling the C compiler identification source file "CMakeCCompilerId.c" failed.
Compiler: /usr/bin/cc 
Build flags: -g;-O2;-ffile-prefix-map=/<<PKGBUILDDIR>>=.;-fstack-protector-strong;-Wformat;-Werror=format-security;-Wall;-fno-aggressive-loop-optimizations;-Wdate-time;-D_FORTIFY_SOURCE=2
Id flags: -c;-I__does_not_exist__ 

The output was:
1
clang: error: unknown argument: '-fno-aggressive-loop-optimizations'


Detecting C compiler ABI info failed to compile with the following output:
Change Dir: /<<PKGBUILDDIR>>/build/CMakeFiles/CMakeTmp

Run Build Command(s):/usr/bin/gmake -f Makefile cmTC_53ce2/fast && gmake[1]: Entering directory '/<<PKGBUILDDIR>>/build/CMakeFiles/CMakeTmp'
/usr/bin/gmake  -f CMakeFiles/cmTC_53ce2.dir/build.make CMakeFiles/cmTC_53ce2.dir/build
gmake[2]: Entering directory '/<<PKGBUILDDIR>>/build/CMakeFiles/CMakeTmp'
Building C object CMakeFiles/cmTC_53ce2.dir/CMakeCCompilerABI.c.o
/usr/bin/cc   -g -O2 -ffile-prefix-map=/<<PKGBUILDDIR>>=. -fstack-protector-strong -Wformat -Wall -fno-aggressive-loop-optimizations -Wdate-time -D_FORTIFY_SOURCE=2    -v -MD -MT CMakeFiles/cmTC_53ce2.dir/CMakeCCompilerABI.c.o -MF CMakeFiles/cmTC_53ce2.dir/CMakeCCompilerABI.c.o.d -o CMakeFiles/cmTC_53ce2.dir/CMakeCCompilerABI.c.o -c /usr/share/cmake-3.21/Modules/CMakeCCompilerABI.c
clang: error: unknown argument: '-fno-aggressive-loop-optimizations'
Debian clang version 13.0.0-8
Target: x86_64-pc-linux-gnu
Thread model: posix
InstalledDir: /usr/bin
Found candidate GCC installation: /usr/bin/../lib/gcc/x86_64-linux-gnu/11
Found candidate GCC installation: /usr/bin/../lib/gcc/x86_64-linux-gnu/9
Selected GCC installation: /usr/bin/../lib/gcc/x86_64-linux-gnu/11
Candidate multilib: .;@m64
Selected multilib: .;@m64
gmake[2]: *** [CMakeFiles/cmTC_53ce2.dir/build.make:79: CMakeFiles/cmTC_53ce2.dir/CMakeCCompilerABI.c.o] Error 1
gmake[2]: Leaving directory '/<<PKGBUILDDIR>>/build/CMakeFiles/CMakeTmp'
gmake[1]: *** [Makefile:127: cmTC_53ce2/fast] Error 2
gmake[1]: Leaving directory '/<<PKGBUILDDIR>>/build/CMakeFiles/CMakeTmp'




Determining if the C compiler works failed with the following output:
Change Dir: /<<PKGBUILDDIR>>/build/CMakeFiles/CMakeTmp

Run Build Command(s):/usr/bin/gmake -f Makefile cmTC_2480c/fast && gmake[1]: Entering directory '/<<PKGBUILDDIR>>/build/CMakeFiles/CMakeTmp'
/usr/bin/gmake  -f CMakeFiles/cmTC_2480c.dir/build.make CMakeFiles/cmTC_2480c.dir/build
gmake[2]: Entering directory '/<<PKGBUILDDIR>>/build/CMakeFiles/CMakeTmp'
Building C object CMakeFiles/cmTC_2480c.dir/testCCompiler.c.o
/usr/bin/cc   -g -O2 -ffile-prefix-map=/<<PKGBUILDDIR>>=. -fstack-protector-strong -Wformat -Werror=format-security -Wall -fno-aggressive-loop-optimizations -Wdate-time -D_FORTIFY_SOURCE=2  -MD -MT CMakeFiles/cmTC_2480c.dir/testCCompiler.c.o -MF CMakeFiles/cmTC_2480c.dir/testCCompiler.c.o.d -o CMakeFiles/cmTC_2480c.dir/testCCompiler.c.o -c /<<PKGBUILDDIR>>/build/CMakeFiles/CMakeTmp/testCCompiler.c
clang: error: unknown argument: '-fno-aggressive-loop-optimizations'
gmake[2]: *** [CMakeFiles/cmTC_2480c.dir/build.make:79: CMakeFiles/cmTC_2480c.dir/testCCompiler.c.o] Error 1
gmake[2]: Leaving directory '/<<PKGBUILDDIR>>/build/CMakeFiles/CMakeTmp'
gmake[1]: *** [Makefile:127: cmTC_2480c/fast] Error 2
gmake[1]: Leaving directory '/<<PKGBUILDDIR>>/build/CMakeFiles/CMakeTmp'



dh_auto_configure: error: cd build && cmake -DCMAKE_INSTALL_PREFIX=/usr -DCMAKE_BUILD_TYPE=None -DCMAKE_INSTALL_SYSCONFDIR=/etc -DCMAKE_INSTALL_LOCALSTATEDIR=/var -DCMAKE_EXPORT_NO_PACKAGE_REGISTRY=ON -DCMAKE_FIND_USE_PACKAGE_REGISTRY=OFF -DCMAKE_FIND_PACKAGE_NO_PACKAGE_REGISTRY=ON -DCMAKE_INSTALL_RUNSTATEDIR=/run -DCMAKE_SKIP_INSTALL_ALL_DEPENDENCY=ON "-GUnix Makefiles" -DCMAKE_VERBOSE_MAKEFILE=ON -DCMAKE_INSTALL_LIBDIR=lib/x86_64-linux-gnu .. returned exit code 1
make: *** [debian/rules:13: binary] Error 25
dpkg-buildpackage: error: debian/rules binary subprocess returned exit status 2
--------------------------------------------------------------------------------
Build finished at 2021-10-26T23:06:19Z

Finished
--------


+------------------------------------------------------------------------------+
| Cleanup                                                                      |
+------------------------------------------------------------------------------+

Purging /<<BUILDDIR>>
Not cleaning session: cloned chroot in use
E: Build failure (dpkg-buildpackage died)

+------------------------------------------------------------------------------+
| Summary                                                                      |
+------------------------------------------------------------------------------+

Build Architecture: amd64
Build Type: binary
Build-Space: 1052
Build-Time: 2
Distribution: unstable
Fail-Stage: build
Host Architecture: amd64
Install-Time: 12
Job: lastpass-cli_1.3.3-4
Machine Architecture: amd64
Package: lastpass-cli
Package-Time: 35
Source-Version: 1.3.3-4
Space: 1052
Status: attempted
Version: 1.3.3-4
--------------------------------------------------------------------------------
Finished at 2021-10-26T23:06:19Z
Build needed 00:00:35, 1052k disk space
E: Build failure (dpkg-buildpackage died)
DC-Status: Failed 35.208635472s
