DC-Build-Header: libixion 0.16.1-3 / 2021-10-26 21:25:40 +0000
DC-Task: type:rebuild-binarch-only source:libixion version:0.16.1-3 chroot:unstable esttime:446 logfile:/tmp/libixion_0.16.1-3_unstable_clang13.log modes:clang13:binarch-only
DC-Sbuild-call: su user42 -c 'sbuild -n --arch-any --apt-update -d unstable -v --no-run-lintian --chroot-setup-commands=/tmp/clang13 libixion_0.16.1-3'
sbuild (Debian sbuild) 0.78.1 (09 February 2019) on ip-172-31-13-23.eu-central-1.compute.internal

+==============================================================================+
| libixion 0.16.1-3 (amd64)                    Tue, 26 Oct 2021 21:25:40 +0000 |
+==============================================================================+

Package: libixion
Version: 0.16.1-3
Source Version: 0.16.1-3
Distribution: unstable
Machine Architecture: amd64
Host Architecture: amd64
Build Architecture: amd64
Build Type: binary

I: NOTICE: Log filtering will replace 'var/run/schroot/mount/sid-amd64-sbuild-41a45505-9bae-4f3f-99e2-375f7631e261' with '<<CHROOT>>'

+------------------------------------------------------------------------------+
| Chroot Setup Commands                                                        |
+------------------------------------------------------------------------------+


/tmp/clang13
------------

+ echo 'Entering customization script...'
Entering customization script...
+ CLANG_VERSION=13
+ echo 'Install of clang-13'
Install of clang-13
+ apt-get update
Get:1 http://127.0.0.1:12990/debian sid InRelease [165 kB]
Get:2 http://127.0.0.1:12990/debian sid/main Sources.diff/Index [63.6 kB]
Get:3 http://127.0.0.1:12990/debian sid/main amd64 Packages.diff/Index [63.6 kB]
Get:4 http://127.0.0.1:12990/debian sid/main Sources T-2021-10-26-2004.40-F-2021-10-26-0202.15.pdiff [47.3 kB]
Get:4 http://127.0.0.1:12990/debian sid/main Sources T-2021-10-26-2004.40-F-2021-10-26-0202.15.pdiff [47.3 kB]
Get:5 http://127.0.0.1:12990/debian sid/main amd64 Packages T-2021-10-26-2004.40-F-2021-10-26-0202.15.pdiff [55.9 kB]
Get:5 http://127.0.0.1:12990/debian sid/main amd64 Packages T-2021-10-26-2004.40-F-2021-10-26-0202.15.pdiff [55.9 kB]
Get:6 http://127.0.0.1:12990/debian sid/main Translation-en [6586 kB]
Fetched 6981 kB in 3s (2741 kB/s)
Reading package lists...
+ apt-get install --yes --no-install-recommends --force-yes clang-13 libomp-13-dev libobjc-9-dev
Reading package lists...
Building dependency tree...
The following additional packages will be installed:
  lib32gcc-s1 lib32stdc++6 libasan5 libbsd0 libc6-i386 libclang-common-13-dev
  libclang-cpp13 libclang1-13 libedit2 libgc1 libgcc-9-dev libicu67 libllvm13
  libmd0 libobjc-11-dev libobjc4 libomp5-13 libxml2 libz3-4
Suggested packages:
  clang-13-doc libomp-13-doc
Recommended packages:
  llvm-13-dev python3
The following NEW packages will be installed:
  clang-13 lib32gcc-s1 lib32stdc++6 libasan5 libbsd0 libc6-i386
  libclang-common-13-dev libclang-cpp13 libclang1-13 libedit2 libgc1
  libgcc-9-dev libicu67 libllvm13 libmd0 libobjc-11-dev libobjc-9-dev libobjc4
  libomp-13-dev libomp5-13 libxml2 libz3-4
0 upgraded, 22 newly installed, 0 to remove and 0 not upgraded.
Need to get 68.5 MB of archives.
After this operation, 379 MB of additional disk space will be used.
Get:1 http://127.0.0.1:12990/debian sid/main amd64 libmd0 amd64 1.0.4-1 [29.6 kB]
Get:2 http://127.0.0.1:12990/debian sid/main amd64 libbsd0 amd64 0.11.3-1 [108 kB]
Get:3 http://127.0.0.1:12990/debian sid/main amd64 libedit2 amd64 3.1-20210910-1 [97.5 kB]
Get:4 http://127.0.0.1:12990/debian sid/main amd64 libicu67 amd64 67.1-7 [8622 kB]
Get:5 http://127.0.0.1:12990/debian sid/main amd64 libxml2 amd64 2.9.12+dfsg-5 [696 kB]
Get:6 http://127.0.0.1:12990/debian sid/main amd64 libz3-4 amd64 4.8.12-1+b1 [6997 kB]
Get:7 http://127.0.0.1:12990/debian sid/main amd64 libllvm13 amd64 1:13.0.0-8 [19.7 MB]
Get:8 http://127.0.0.1:12990/debian sid/main amd64 libclang-cpp13 amd64 1:13.0.0-8 [10.5 MB]
Get:9 http://127.0.0.1:12990/debian sid/main amd64 libgc1 amd64 1:8.0.4-3 [239 kB]
Get:10 http://127.0.0.1:12990/debian sid/main amd64 libobjc4 amd64 11.2.0-10 [43.2 kB]
Get:11 http://127.0.0.1:12990/debian sid/main amd64 libobjc-11-dev amd64 11.2.0-10 [170 kB]
Get:12 http://127.0.0.1:12990/debian sid/main amd64 libc6-i386 amd64 2.32-4 [2624 kB]
Get:13 http://127.0.0.1:12990/debian sid/main amd64 lib32gcc-s1 amd64 11.2.0-10 [49.9 kB]
Get:14 http://127.0.0.1:12990/debian sid/main amd64 lib32stdc++6 amd64 11.2.0-10 [601 kB]
Get:15 http://127.0.0.1:12990/debian sid/main amd64 libclang-common-13-dev amd64 1:13.0.0-8 [5730 kB]
Get:16 http://127.0.0.1:12990/debian sid/main amd64 libclang1-13 amd64 1:13.0.0-8 [6093 kB]
Get:17 http://127.0.0.1:12990/debian sid/main amd64 clang-13 amd64 1:13.0.0-8 [119 kB]
Get:18 http://127.0.0.1:12990/debian sid/main amd64 libasan5 amd64 9.4.0-3 [2734 kB]
Get:19 http://127.0.0.1:12990/debian sid/main amd64 libgcc-9-dev amd64 9.4.0-3 [2343 kB]
Get:20 http://127.0.0.1:12990/debian sid/main amd64 libobjc-9-dev amd64 9.4.0-3 [219 kB]
Get:21 http://127.0.0.1:12990/debian sid/main amd64 libomp5-13 amd64 1:13.0.0-8 [377 kB]
Get:22 http://127.0.0.1:12990/debian sid/main amd64 libomp-13-dev amd64 1:13.0.0-8 [482 kB]
debconf: delaying package configuration, since apt-utils is not installed
Fetched 68.5 MB in 0s (151 MB/s)
Selecting previously unselected package libmd0:amd64.
(Reading database ... (Reading database ... 5%(Reading database ... 10%(Reading database ... 15%(Reading database ... 20%(Reading database ... 25%(Reading database ... 30%(Reading database ... 35%(Reading database ... 40%(Reading database ... 45%(Reading database ... 50%(Reading database ... 55%(Reading database ... 60%(Reading database ... 65%(Reading database ... 70%(Reading database ... 75%(Reading database ... 80%(Reading database ... 85%(Reading database ... 90%(Reading database ... 95%(Reading database ... 100%(Reading database ... 12431 files and directories currently installed.)
Preparing to unpack .../00-libmd0_1.0.4-1_amd64.deb ...
Unpacking libmd0:amd64 (1.0.4-1) ...
Selecting previously unselected package libbsd0:amd64.
Preparing to unpack .../01-libbsd0_0.11.3-1_amd64.deb ...
Unpacking libbsd0:amd64 (0.11.3-1) ...
Selecting previously unselected package libedit2:amd64.
Preparing to unpack .../02-libedit2_3.1-20210910-1_amd64.deb ...
Unpacking libedit2:amd64 (3.1-20210910-1) ...
Selecting previously unselected package libicu67:amd64.
Preparing to unpack .../03-libicu67_67.1-7_amd64.deb ...
Unpacking libicu67:amd64 (67.1-7) ...
Selecting previously unselected package libxml2:amd64.
Preparing to unpack .../04-libxml2_2.9.12+dfsg-5_amd64.deb ...
Unpacking libxml2:amd64 (2.9.12+dfsg-5) ...
Selecting previously unselected package libz3-4:amd64.
Preparing to unpack .../05-libz3-4_4.8.12-1+b1_amd64.deb ...
Unpacking libz3-4:amd64 (4.8.12-1+b1) ...
Selecting previously unselected package libllvm13:amd64.
Preparing to unpack .../06-libllvm13_1%3a13.0.0-8_amd64.deb ...
Unpacking libllvm13:amd64 (1:13.0.0-8) ...
Selecting previously unselected package libclang-cpp13.
Preparing to unpack .../07-libclang-cpp13_1%3a13.0.0-8_amd64.deb ...
Unpacking libclang-cpp13 (1:13.0.0-8) ...
Selecting previously unselected package libgc1:amd64.
Preparing to unpack .../08-libgc1_1%3a8.0.4-3_amd64.deb ...
Unpacking libgc1:amd64 (1:8.0.4-3) ...
Selecting previously unselected package libobjc4:amd64.
Preparing to unpack .../09-libobjc4_11.2.0-10_amd64.deb ...
Unpacking libobjc4:amd64 (11.2.0-10) ...
Selecting previously unselected package libobjc-11-dev:amd64.
Preparing to unpack .../10-libobjc-11-dev_11.2.0-10_amd64.deb ...
Unpacking libobjc-11-dev:amd64 (11.2.0-10) ...
Selecting previously unselected package libc6-i386.
Preparing to unpack .../11-libc6-i386_2.32-4_amd64.deb ...
Unpacking libc6-i386 (2.32-4) ...
Selecting previously unselected package lib32gcc-s1.
Preparing to unpack .../12-lib32gcc-s1_11.2.0-10_amd64.deb ...
Unpacking lib32gcc-s1 (11.2.0-10) ...
Selecting previously unselected package lib32stdc++6.
Preparing to unpack .../13-lib32stdc++6_11.2.0-10_amd64.deb ...
Unpacking lib32stdc++6 (11.2.0-10) ...
Selecting previously unselected package libclang-common-13-dev.
Preparing to unpack .../14-libclang-common-13-dev_1%3a13.0.0-8_amd64.deb ...
Unpacking libclang-common-13-dev (1:13.0.0-8) ...
Selecting previously unselected package libclang1-13.
Preparing to unpack .../15-libclang1-13_1%3a13.0.0-8_amd64.deb ...
Unpacking libclang1-13 (1:13.0.0-8) ...
Selecting previously unselected package clang-13.
Preparing to unpack .../16-clang-13_1%3a13.0.0-8_amd64.deb ...
Unpacking clang-13 (1:13.0.0-8) ...
Selecting previously unselected package libasan5:amd64.
Preparing to unpack .../17-libasan5_9.4.0-3_amd64.deb ...
Unpacking libasan5:amd64 (9.4.0-3) ...
Selecting previously unselected package libgcc-9-dev:amd64.
Preparing to unpack .../18-libgcc-9-dev_9.4.0-3_amd64.deb ...
Unpacking libgcc-9-dev:amd64 (9.4.0-3) ...
Selecting previously unselected package libobjc-9-dev:amd64.
Preparing to unpack .../19-libobjc-9-dev_9.4.0-3_amd64.deb ...
Unpacking libobjc-9-dev:amd64 (9.4.0-3) ...
Selecting previously unselected package libomp5-13:amd64.
Preparing to unpack .../20-libomp5-13_1%3a13.0.0-8_amd64.deb ...
Unpacking libomp5-13:amd64 (1:13.0.0-8) ...
Selecting previously unselected package libomp-13-dev.
Preparing to unpack .../21-libomp-13-dev_1%3a13.0.0-8_amd64.deb ...
Unpacking libomp-13-dev (1:13.0.0-8) ...
Setting up libicu67:amd64 (67.1-7) ...
Setting up libasan5:amd64 (9.4.0-3) ...
Setting up libz3-4:amd64 (4.8.12-1+b1) ...
Setting up libgc1:amd64 (1:8.0.4-3) ...
Setting up libmd0:amd64 (1.0.4-1) ...
Setting up libc6-i386 (2.32-4) ...
Setting up libomp5-13:amd64 (1:13.0.0-8) ...
Setting up libbsd0:amd64 (0.11.3-1) ...
Setting up libxml2:amd64 (2.9.12+dfsg-5) ...
Setting up libedit2:amd64 (3.1-20210910-1) ...
Setting up libobjc4:amd64 (11.2.0-10) ...
Setting up libgcc-9-dev:amd64 (9.4.0-3) ...
Setting up lib32gcc-s1 (11.2.0-10) ...
Setting up lib32stdc++6 (11.2.0-10) ...
Setting up libllvm13:amd64 (1:13.0.0-8) ...
Setting up libobjc-9-dev:amd64 (9.4.0-3) ...
Setting up libclang-common-13-dev (1:13.0.0-8) ...
Setting up libomp-13-dev (1:13.0.0-8) ...
Setting up libobjc-11-dev:amd64 (11.2.0-10) ...
Setting up libclang1-13 (1:13.0.0-8) ...
Setting up libclang-cpp13 (1:13.0.0-8) ...
Setting up clang-13 (1:13.0.0-8) ...
Processing triggers for libc-bin (2.32-4) ...
W: --force-yes is deprecated, use one of the options starting with --allow instead.
+ echo 'Replace gcc, g++ & cpp by clang'
Replace gcc, g++ & cpp by clang
+ VERSIONS='4.6 4.7 4.8 4.9 5 6 7 8 9 10 11'
+ cd /usr/bin
+ for VERSION in $VERSIONS
+ rm -f g++-4.6 gcc-4.6 cpp-4.6 gcc
+ ln -s clang++-13 g++-4.6
+ ln -s clang-13 gcc-4.6
+ ln -s clang-13 cpp-4.6
+ ln -s clang-13 gcc
+ echo 'gcc-4.6 hold'
+ dpkg --set-selections
dpkg: warning: package not in status nor available database at line 1: gcc-4.6
dpkg: warning: found unknown packages; this might mean the available database
is outdated, and needs to be updated through a frontend method;
please see the FAQ <https://wiki.debian.org/Teams/Dpkg/FAQ>
+ echo 'g++-4.6 hold'
+ dpkg --set-selections
dpkg: warning: package not in status nor available database at line 1: g++-4.6
dpkg: warning: found unknown packages; this might mean the available database
is outdated, and needs to be updated through a frontend method;
please see the FAQ <https://wiki.debian.org/Teams/Dpkg/FAQ>
+ for VERSION in $VERSIONS
+ rm -f g++-4.7 gcc-4.7 cpp-4.7 gcc
+ ln -s clang++-13 g++-4.7
+ ln -s clang-13 gcc-4.7
+ ln -s clang-13 cpp-4.7
+ ln -s clang-13 gcc
+ echo 'gcc-4.7 hold'
+ dpkg --set-selections
dpkg: warning: package not in status nor available database at line 1: gcc-4.7
dpkg: warning: found unknown packages; this might mean the available database
is outdated, and needs to be updated through a frontend method;
please see the FAQ <https://wiki.debian.org/Teams/Dpkg/FAQ>
+ echo 'g++-4.7 hold'
+ dpkg --set-selections
dpkg: warning: package not in status nor available database at line 1: g++-4.7
dpkg: warning: found unknown packages; this might mean the available database
is outdated, and needs to be updated through a frontend method;
please see the FAQ <https://wiki.debian.org/Teams/Dpkg/FAQ>
+ for VERSION in $VERSIONS
+ rm -f g++-4.8 gcc-4.8 cpp-4.8 gcc
+ ln -s clang++-13 g++-4.8
+ ln -s clang-13 gcc-4.8
+ ln -s clang-13 cpp-4.8
+ ln -s clang-13 gcc
+ echo 'gcc-4.8 hold'
+ dpkg --set-selections
dpkg: warning: package not in status nor available database at line 1: gcc-4.8
dpkg: warning: found unknown packages; this might mean the available database
is outdated, and needs to be updated through a frontend method;
please see the FAQ <https://wiki.debian.org/Teams/Dpkg/FAQ>
+ echo 'g++-4.8 hold'
+ dpkg --set-selections
dpkg: warning: package not in status nor available database at line 1: g++-4.8
dpkg: warning: found unknown packages; this might mean the available database
is outdated, and needs to be updated through a frontend method;
please see the FAQ <https://wiki.debian.org/Teams/Dpkg/FAQ>
+ for VERSION in $VERSIONS
+ rm -f g++-4.9 gcc-4.9 cpp-4.9 gcc
+ ln -s clang++-13 g++-4.9
+ ln -s clang-13 gcc-4.9
+ ln -s clang-13 cpp-4.9
+ ln -s clang-13 gcc
+ echo 'gcc-4.9 hold'
+ dpkg --set-selections
dpkg: warning: package not in status nor available database at line 1: gcc-4.9
dpkg: warning: found unknown packages; this might mean the available database
is outdated, and needs to be updated through a frontend method;
please see the FAQ <https://wiki.debian.org/Teams/Dpkg/FAQ>
+ echo 'g++-4.9 hold'
+ dpkg --set-selections
dpkg: warning: package not in status nor available database at line 1: g++-4.9
dpkg: warning: found unknown packages; this might mean the available database
is outdated, and needs to be updated through a frontend method;
please see the FAQ <https://wiki.debian.org/Teams/Dpkg/FAQ>
+ for VERSION in $VERSIONS
+ rm -f g++-5 gcc-5 cpp-5 gcc
+ ln -s clang++-13 g++-5
+ ln -s clang-13 gcc-5
+ ln -s clang-13 cpp-5
+ ln -s clang-13 gcc
+ echo 'gcc-5 hold'
+ dpkg --set-selections
dpkg: warning: package not in status nor available database at line 1: gcc-5
dpkg: warning: found unknown packages; this might mean the available database
is outdated, and needs to be updated through a frontend method;
please see the FAQ <https://wiki.debian.org/Teams/Dpkg/FAQ>
+ echo 'g++-5 hold'
+ dpkg --set-selections
dpkg: warning: package not in status nor available database at line 1: g++-5
dpkg: warning: found unknown packages; this might mean the available database
is outdated, and needs to be updated through a frontend method;
please see the FAQ <https://wiki.debian.org/Teams/Dpkg/FAQ>
+ for VERSION in $VERSIONS
+ rm -f g++-6 gcc-6 cpp-6 gcc
+ ln -s clang++-13 g++-6
+ ln -s clang-13 gcc-6
+ ln -s clang-13 cpp-6
+ ln -s clang-13 gcc
+ echo 'gcc-6 hold'
+ dpkg --set-selections
dpkg: warning: package not in status nor available database at line 1: gcc-6
dpkg: warning: found unknown packages; this might mean the available database
is outdated, and needs to be updated through a frontend method;
please see the FAQ <https://wiki.debian.org/Teams/Dpkg/FAQ>
+ echo 'g++-6 hold'
+ dpkg --set-selections
dpkg: warning: package not in status nor available database at line 1: g++-6
dpkg: warning: found unknown packages; this might mean the available database
is outdated, and needs to be updated through a frontend method;
please see the FAQ <https://wiki.debian.org/Teams/Dpkg/FAQ>
+ for VERSION in $VERSIONS
+ rm -f g++-7 gcc-7 cpp-7 gcc
+ ln -s clang++-13 g++-7
+ ln -s clang-13 gcc-7
+ ln -s clang-13 cpp-7
+ ln -s clang-13 gcc
+ echo 'gcc-7 hold'
+ dpkg --set-selections
dpkg: warning: package not in status nor available database at line 1: gcc-7
dpkg: warning: found unknown packages; this might mean the available database
is outdated, and needs to be updated through a frontend method;
please see the FAQ <https://wiki.debian.org/Teams/Dpkg/FAQ>
+ echo 'g++-7 hold'
+ dpkg --set-selections
dpkg: warning: package not in status nor available database at line 1: g++-7
dpkg: warning: found unknown packages; this might mean the available database
is outdated, and needs to be updated through a frontend method;
please see the FAQ <https://wiki.debian.org/Teams/Dpkg/FAQ>
+ for VERSION in $VERSIONS
+ rm -f g++-8 gcc-8 cpp-8 gcc
+ ln -s clang++-13 g++-8
+ ln -s clang-13 gcc-8
+ ln -s clang-13 cpp-8
+ ln -s clang-13 gcc
+ echo 'gcc-8 hold'
+ dpkg --set-selections
dpkg: warning: package not in status nor available database at line 1: gcc-8
dpkg: warning: found unknown packages; this might mean the available database
is outdated, and needs to be updated through a frontend method;
please see the FAQ <https://wiki.debian.org/Teams/Dpkg/FAQ>
+ echo 'g++-8 hold'
+ dpkg --set-selections
dpkg: warning: package not in status nor available database at line 1: g++-8
dpkg: warning: found unknown packages; this might mean the available database
is outdated, and needs to be updated through a frontend method;
please see the FAQ <https://wiki.debian.org/Teams/Dpkg/FAQ>
+ for VERSION in $VERSIONS
+ rm -f g++-9 gcc-9 cpp-9 gcc
+ ln -s clang++-13 g++-9
+ ln -s clang-13 gcc-9
+ ln -s clang-13 cpp-9
+ ln -s clang-13 gcc
+ echo 'gcc-9 hold'
+ dpkg --set-selections
dpkg: warning: package not in status nor available database at line 1: gcc-9
dpkg: warning: found unknown packages; this might mean the available database
is outdated, and needs to be updated through a frontend method;
please see the FAQ <https://wiki.debian.org/Teams/Dpkg/FAQ>
+ echo 'g++-9 hold'
+ dpkg --set-selections
dpkg: warning: package not in status nor available database at line 1: g++-9
dpkg: warning: found unknown packages; this might mean the available database
is outdated, and needs to be updated through a frontend method;
please see the FAQ <https://wiki.debian.org/Teams/Dpkg/FAQ>
+ for VERSION in $VERSIONS
+ rm -f g++-10 gcc-10 cpp-10 gcc
+ ln -s clang++-13 g++-10
+ ln -s clang-13 gcc-10
+ ln -s clang-13 cpp-10
+ ln -s clang-13 gcc
+ echo 'gcc-10 hold'
+ dpkg --set-selections
dpkg: warning: package not in status nor available database at line 1: gcc-10
dpkg: warning: found unknown packages; this might mean the available database
is outdated, and needs to be updated through a frontend method;
please see the FAQ <https://wiki.debian.org/Teams/Dpkg/FAQ>
+ echo 'g++-10 hold'
+ dpkg --set-selections
dpkg: warning: package not in status nor available database at line 1: g++-10
dpkg: warning: found unknown packages; this might mean the available database
is outdated, and needs to be updated through a frontend method;
please see the FAQ <https://wiki.debian.org/Teams/Dpkg/FAQ>
+ for VERSION in $VERSIONS
+ rm -f g++-11 gcc-11 cpp-11 gcc
+ ln -s clang++-13 g++-11
+ ln -s clang-13 gcc-11
+ ln -s clang-13 cpp-11
+ ln -s clang-13 gcc
+ echo 'gcc-11 hold'
+ dpkg --set-selections
+ echo 'g++-11 hold'
+ dpkg --set-selections
+ cd -
/build/libixion-ndiCa5
+ echo 'Check if gcc, g++ & cpp are actually clang'
Check if gcc, g++ & cpp are actually clang
+ gcc --version
+ grep clang
+ cpp --version
+ grep clang
+ g++ --version
+ grep clang
+ cd /usr/bin/
+ rm -f clang++ clang
+ ln -s clang-13 clang++
+ ln -s clang-13 clang
+ clang++ --version
Debian clang version 13.0.0-8
Target: x86_64-pc-linux-gnu
Thread model: posix
InstalledDir: /usr/bin
+ clang --version
Debian clang version 13.0.0-8
Target: x86_64-pc-linux-gnu
Thread model: posix
InstalledDir: /usr/bin
+ cd -
/build/libixion-ndiCa5
+ apt install --yes --no-install-recommends --force-yes qt5-qmake

WARNING: apt does not have a stable CLI interface. Use with caution in scripts.

Reading package lists...
Building dependency tree...
Reading state information...
The following additional packages will be installed:
  qt5-qmake-bin qtchooser
The following NEW packages will be installed:
  qt5-qmake qt5-qmake-bin qtchooser
0 upgraded, 3 newly installed, 0 to remove and 0 not upgraded.
Need to get 1322 kB of archives.
After this operation, 4914 kB of additional disk space will be used.
Get:1 http://127.0.0.1:12990/debian sid/main amd64 qt5-qmake-bin amd64 5.15.2+dfsg-12 [1046 kB]
Get:2 http://127.0.0.1:12990/debian sid/main amd64 qtchooser amd64 66-2 [26.3 kB]
Get:3 http://127.0.0.1:12990/debian sid/main amd64 qt5-qmake amd64 5.15.2+dfsg-12 [249 kB]
debconf: delaying package configuration, since apt-utils is not installed
Fetched 1322 kB in 0s (58.1 MB/s)
Selecting previously unselected package qt5-qmake-bin.
(Reading database ... (Reading database ... 5%(Reading database ... 10%(Reading database ... 15%(Reading database ... 20%(Reading database ... 25%(Reading database ... 30%(Reading database ... 35%(Reading database ... 40%(Reading database ... 45%(Reading database ... 50%(Reading database ... 55%(Reading database ... 60%(Reading database ... 65%(Reading database ... 70%(Reading database ... 75%(Reading database ... 80%(Reading database ... 85%(Reading database ... 90%(Reading database ... 95%(Reading database ... 100%(Reading database ... 13528 files and directories currently installed.)
Preparing to unpack .../qt5-qmake-bin_5.15.2+dfsg-12_amd64.deb ...
Unpacking qt5-qmake-bin (5.15.2+dfsg-12) ...
Selecting previously unselected package qtchooser.
Preparing to unpack .../qtchooser_66-2_amd64.deb ...
Unpacking qtchooser (66-2) ...
Selecting previously unselected package qt5-qmake:amd64.
Preparing to unpack .../qt5-qmake_5.15.2+dfsg-12_amd64.deb ...
Unpacking qt5-qmake:amd64 (5.15.2+dfsg-12) ...
Setting up qt5-qmake-bin (5.15.2+dfsg-12) ...
Setting up qtchooser (66-2) ...
Setting up qt5-qmake:amd64 (5.15.2+dfsg-12) ...
W: --force-yes is deprecated, use one of the options starting with --allow instead.
+ cp /usr/lib/x86_64-linux-gnu/qt5/mkspecs/linux-clang/qmake.conf /usr/lib/x86_64-linux-gnu/qt5/mkspecs/linux-clang/qplatformdefs.h /usr/lib/x86_64-linux-gnu/qt5/mkspecs/linux-g++/
+ ls -al /usr/lib/x86_64-linux-gnu/qt5/mkspecs/linux-g++/
total 16
drwxr-xr-x  2 root root 4096 Oct 26 21:26 .
drwxr-xr-x 76 root root 4096 Oct 26 21:26 ..
-rw-r--r--  1 root root  276 Oct 26 21:26 qmake.conf
-rw-r--r--  1 root root 3218 Oct 26 21:26 qplatformdefs.h
+ cat /usr/lib/x86_64-linux-gnu/qt5/mkspecs/linux-g++/qmake.conf
#
# qmake configuration for linux-clang
#

MAKEFILE_GENERATOR = UNIX
CONFIG += incremental

QMAKE_INCREMENTAL_STYLE = sublib

include(../common/linux.conf)
include(../common/gcc-base-unix.conf)
include(../common/clang.conf)

QMAKE_LFLAGS += -ccc-gcc-name g++

load(qt_config)
+ export QMAKESPEC=/usr/lib/x86_64-linux-gnu/qt5/mkspecs/linux-clang/
+ QMAKESPEC=/usr/lib/x86_64-linux-gnu/qt5/mkspecs/linux-clang/
+ sed -i -e 's|compare_problem(2,|compare_problem(0,|g' /usr/bin/dpkg-gensymbols
+ sed -i -e 's|compare_problem(1,|compare_problem(0,|g' /usr/bin/dpkg-gensymbols
+ grep 'compare_problem(' /usr/bin/dpkg-gensymbols
        compare_problem(4, g_('new libraries appeared in the symbols file: %s'), "@libs");
        compare_problem(3, g_('some libraries disappeared in the symbols file: %s'), "@libs");
        compare_problem(0, g_('some new symbols appeared in the symbols file: %s'),
        compare_problem(0, g_('some symbols or patterns disappeared in the symbols file: %s'),

I: Finished running '/tmp/clang13'.

Finished processing commands.
--------------------------------------------------------------------------------
I: NOTICE: Log filtering will replace 'build/libixion-ndiCa5/resolver-U1I7rq' with '<<RESOLVERDIR>>'

+------------------------------------------------------------------------------+
| Update chroot                                                                |
+------------------------------------------------------------------------------+

Hit:1 http://127.0.0.1:12990/debian sid InRelease
Reading package lists...
Reading package lists...
Building dependency tree...
Reading state information...
Calculating upgrade...
0 upgraded, 0 newly installed, 0 to remove and 0 not upgraded.

+------------------------------------------------------------------------------+
| Fetch source files                                                           |
+------------------------------------------------------------------------------+


Check APT
---------

Checking available source versions...

Download source files with APT
------------------------------

Reading package lists...
NOTICE: 'libixion' packaging is maintained in the 'Git' version control system at:
https://salsa.debian.org/libreoffice-team/libixion.git
Please use:
git clone https://salsa.debian.org/libreoffice-team/libixion.git
to retrieve the latest (possibly unreleased) updates to the package.
Need to get 495 kB of source archives.
Get:1 http://127.0.0.1:12990/debian sid/main libixion 0.16.1-3 (dsc) [2525 B]
Get:2 http://127.0.0.1:12990/debian sid/main libixion 0.16.1-3 (tar) [482 kB]
Get:3 http://127.0.0.1:12990/debian sid/main libixion 0.16.1-3 (diff) [9900 B]
Fetched 495 kB in 0s (5614 kB/s)
Download complete and in download only mode
I: NOTICE: Log filtering will replace 'build/libixion-ndiCa5/libixion-0.16.1' with '<<PKGBUILDDIR>>'
I: NOTICE: Log filtering will replace 'build/libixion-ndiCa5' with '<<BUILDDIR>>'

+------------------------------------------------------------------------------+
| Install package build dependencies                                           |
+------------------------------------------------------------------------------+


Setup apt archive
-----------------

Merged Build-Depends: debhelper-compat (= 13), build-essential, fakeroot, dh-sequence-python3, libboost-filesystem-dev, libboost-program-options-dev, libboost-system-dev, libboost-thread-dev, libmdds-dev (>= 1.5), pkg-config, python3, python3-dev, zlib1g-dev, dh-sequence-sphinxdoc, doxygen, python3-breathe, python3-sphinx, python3-sphinx-rtd-theme
Merged Build-Conflicts: python-sphinx
Filtered Build-Depends: debhelper-compat (= 13), build-essential, fakeroot, dh-sequence-python3, libboost-filesystem-dev, libboost-program-options-dev, libboost-system-dev, libboost-thread-dev, libmdds-dev (>= 1.5), pkg-config, python3, python3-dev, zlib1g-dev, dh-sequence-sphinxdoc, doxygen, python3-breathe, python3-sphinx, python3-sphinx-rtd-theme
Filtered Build-Conflicts: python-sphinx
dpkg-deb: building package 'sbuild-build-depends-main-dummy' in '/<<RESOLVERDIR>>/apt_archive/sbuild-build-depends-main-dummy.deb'.
Ign:1 copy:/<<RESOLVERDIR>>/apt_archive ./ InRelease
Get:2 copy:/<<RESOLVERDIR>>/apt_archive ./ Release [957 B]
Ign:3 copy:/<<RESOLVERDIR>>/apt_archive ./ Release.gpg
Get:4 copy:/<<RESOLVERDIR>>/apt_archive ./ Sources [518 B]
Get:5 copy:/<<RESOLVERDIR>>/apt_archive ./ Packages [582 B]
Fetched 2057 B in 0s (205 kB/s)
Reading package lists...
Reading package lists...

Install main build dependencies (apt-based resolver)
----------------------------------------------------

Installing build dependencies
Reading package lists...
Building dependency tree...
Reading state information...
The following additional packages will be installed:
  autoconf automake autopoint autotools-dev bsdextrautils ca-certificates
  debhelper dh-autoreconf dh-python dh-strip-nondeterminism docutils-common
  doxygen dwz file fonts-font-awesome fonts-lato gettext gettext-base
  groff-base intltool-debian libarchive-zip-perl libboost-atomic1.74-dev
  libboost-atomic1.74.0 libboost-chrono1.74-dev libboost-chrono1.74.0
  libboost-date-time1.74-dev libboost-date-time1.74.0 libboost-dev
  libboost-filesystem-dev libboost-filesystem1.74-dev
  libboost-filesystem1.74.0 libboost-program-options-dev
  libboost-program-options1.74-dev libboost-program-options1.74.0
  libboost-serialization1.74-dev libboost-serialization1.74.0
  libboost-system-dev libboost-system1.74-dev libboost-system1.74.0
  libboost-thread-dev libboost-thread1.74-dev libboost-thread1.74.0
  libboost1.74-dev libclang-cpp11 libclang1-11 libdebhelper-perl libelf1
  libexpat1 libexpat1-dev libfile-stripnondeterminism-perl libgcc-10-dev
  libglib2.0-0 libjs-jquery libjs-sphinxdoc libjs-underscore libllvm11
  libmagic-mgc libmagic1 libmdds-dev libmpdec3 libncursesw6 libpipeline1
  libpython3-dev libpython3-stdlib libpython3.9 libpython3.9-dev
  libpython3.9-minimal libpython3.9-stdlib libreadline8 libsigsegv2
  libsqlite3-0 libstdc++-10-dev libsub-override-perl libtool libuchardet0
  libxapian30 m4 man-db media-types openssl pkg-config po-debconf
  python-babel-localedata python3 python3-alabaster python3-babel
  python3-breathe python3-certifi python3-chardet python3-dev
  python3-distutils python3-docutils python3-idna python3-imagesize
  python3-jinja2 python3-lib2to3 python3-markupsafe python3-minimal
  python3-packaging python3-pkg-resources python3-pygments python3-pyparsing
  python3-requests python3-roman python3-six python3-snowballstemmer
  python3-sphinx python3-sphinx-rtd-theme python3-tz python3-urllib3 python3.9
  python3.9-dev python3.9-minimal readline-common sensible-utils sgml-base
  sphinx-common sphinx-rtd-theme-common xml-core zlib1g-dev
Suggested packages:
  autoconf-archive gnu-standards autoconf-doc dh-make flit python3-toml
  doxygen-latex doxygen-doc doxygen-gui graphviz gettext-doc libasprintf-dev
  libgettextpo-dev groff libboost-doc libboost1.74-doc
  libboost-container1.74-dev libboost-context1.74-dev
  libboost-contract1.74-dev libboost-coroutine1.74-dev
  libboost-exception1.74-dev libboost-fiber1.74-dev libboost-graph1.74-dev
  libboost-graph-parallel1.74-dev libboost-iostreams1.74-dev
  libboost-locale1.74-dev libboost-log1.74-dev libboost-math1.74-dev
  libboost-mpi1.74-dev libboost-mpi-python1.74-dev libboost-numpy1.74-dev
  libboost-python1.74-dev libboost-random1.74-dev libboost-regex1.74-dev
  libboost-stacktrace1.74-dev libboost-test1.74-dev libboost-timer1.74-dev
  libboost-type-erasure1.74-dev libboost-wave1.74-dev libboost1.74-tools-dev
  libmpfrc++-dev libntl-dev libboost-nowide1.74-dev libstdc++-10-doc
  libtool-doc gfortran | fortran95-compiler gcj-jdk xapian-tools m4-doc
  apparmor less www-browser libmail-box-perl python3-doc python3-tk
  python3-venv breathe-doc docutils-doc fonts-linuxlibertine
  | ttf-linux-libertine texlive-lang-french texlive-latex-base
  texlive-latex-recommended python-jinja2-doc python3-setuptools
  python-pygments-doc ttf-bitstream-vera python-pyparsing-doc
  python3-cryptography python3-openssl python3-socks python-requests-doc
  python3-stemmer dvipng fonts-freefont-otf imagemagick-6.q16 latexmk
  libjs-mathjax sphinx-doc tex-gyre texlive-fonts-recommended
  texlive-latex-extra texlive-plain-generic python3.9-venv python3.9-doc
  binfmt-support readline-doc sgml-base-doc
Recommended packages:
  curl | wget | lynx libarchive-cpio-perl libglib2.0-data shared-mime-info
  xdg-user-dirs javascript-common libgpm2 libltdl-dev libmail-sendmail-perl
  libpaper-utils python3-pil
The following NEW packages will be installed:
  autoconf automake autopoint autotools-dev bsdextrautils ca-certificates
  debhelper dh-autoreconf dh-python dh-strip-nondeterminism docutils-common
  doxygen dwz file fonts-font-awesome fonts-lato gettext gettext-base
  groff-base intltool-debian libarchive-zip-perl libboost-atomic1.74-dev
  libboost-atomic1.74.0 libboost-chrono1.74-dev libboost-chrono1.74.0
  libboost-date-time1.74-dev libboost-date-time1.74.0 libboost-dev
  libboost-filesystem-dev libboost-filesystem1.74-dev
  libboost-filesystem1.74.0 libboost-program-options-dev
  libboost-program-options1.74-dev libboost-program-options1.74.0
  libboost-serialization1.74-dev libboost-serialization1.74.0
  libboost-system-dev libboost-system1.74-dev libboost-system1.74.0
  libboost-thread-dev libboost-thread1.74-dev libboost-thread1.74.0
  libboost1.74-dev libclang-cpp11 libclang1-11 libdebhelper-perl libelf1
  libexpat1 libexpat1-dev libfile-stripnondeterminism-perl libgcc-10-dev
  libglib2.0-0 libjs-jquery libjs-sphinxdoc libjs-underscore libllvm11
  libmagic-mgc libmagic1 libmdds-dev libmpdec3 libncursesw6 libpipeline1
  libpython3-dev libpython3-stdlib libpython3.9 libpython3.9-dev
  libpython3.9-minimal libpython3.9-stdlib libreadline8 libsigsegv2
  libsqlite3-0 libstdc++-10-dev libsub-override-perl libtool libuchardet0
  libxapian30 m4 man-db media-types openssl pkg-config po-debconf
  python-babel-localedata python3 python3-alabaster python3-babel
  python3-breathe python3-certifi python3-chardet python3-dev
  python3-distutils python3-docutils python3-idna python3-imagesize
  python3-jinja2 python3-lib2to3 python3-markupsafe python3-minimal
  python3-packaging python3-pkg-resources python3-pygments python3-pyparsing
  python3-requests python3-roman python3-six python3-snowballstemmer
  python3-sphinx python3-sphinx-rtd-theme python3-tz python3-urllib3 python3.9
  python3.9-dev python3.9-minimal readline-common
  sbuild-build-depends-main-dummy sensible-utils sgml-base sphinx-common
  sphinx-rtd-theme-common xml-core zlib1g-dev
0 upgraded, 121 newly installed, 0 to remove and 0 not upgraded.
Need to get 95.0 MB of archives.
After this operation, 544 MB of additional disk space will be used.
Get:1 copy:/<<RESOLVERDIR>>/apt_archive ./ sbuild-build-depends-main-dummy 0.invalid.0 [1008 B]
Get:2 http://127.0.0.1:12990/debian sid/main amd64 bsdextrautils amd64 2.37.2-4 [143 kB]
Get:3 http://127.0.0.1:12990/debian sid/main amd64 libuchardet0 amd64 0.0.7-1 [67.8 kB]
Get:4 http://127.0.0.1:12990/debian sid/main amd64 groff-base amd64 1.22.4-7 [935 kB]
Get:5 http://127.0.0.1:12990/debian sid/main amd64 libpipeline1 amd64 1.5.3-1 [34.3 kB]
Get:6 http://127.0.0.1:12990/debian sid/main amd64 man-db amd64 2.9.4-2 [1354 kB]
Get:7 http://127.0.0.1:12990/debian sid/main amd64 fonts-lato all 2.0-2.1 [2696 kB]
Get:8 http://127.0.0.1:12990/debian sid/main amd64 libpython3.9-minimal amd64 3.9.7-4 [804 kB]
Get:9 http://127.0.0.1:12990/debian sid/main amd64 libexpat1 amd64 2.4.1-3 [104 kB]
Get:10 http://127.0.0.1:12990/debian sid/main amd64 python3.9-minimal amd64 3.9.7-4 [1963 kB]
Get:11 http://127.0.0.1:12990/debian sid/main amd64 python3-minimal amd64 3.9.2-3 [38.2 kB]
Get:12 http://127.0.0.1:12990/debian sid/main amd64 media-types all 4.0.0 [30.3 kB]
Get:13 http://127.0.0.1:12990/debian sid/main amd64 libmpdec3 amd64 2.5.1-2 [87.8 kB]
Get:14 http://127.0.0.1:12990/debian sid/main amd64 libncursesw6 amd64 6.2+20210905-1 [133 kB]
Get:15 http://127.0.0.1:12990/debian sid/main amd64 readline-common all 8.1-2 [73.8 kB]
Get:16 http://127.0.0.1:12990/debian sid/main amd64 libreadline8 amd64 8.1-2 [168 kB]
Get:17 http://127.0.0.1:12990/debian sid/main amd64 libsqlite3-0 amd64 3.36.0-2 [815 kB]
Get:18 http://127.0.0.1:12990/debian sid/main amd64 libpython3.9-stdlib amd64 3.9.7-4 [1688 kB]
Get:19 http://127.0.0.1:12990/debian sid/main amd64 python3.9 amd64 3.9.7-4 [480 kB]
Get:20 http://127.0.0.1:12990/debian sid/main amd64 libpython3-stdlib amd64 3.9.2-3 [21.4 kB]
Get:21 http://127.0.0.1:12990/debian sid/main amd64 python3 amd64 3.9.2-3 [37.9 kB]
Get:22 http://127.0.0.1:12990/debian sid/main amd64 sgml-base all 1.30 [15.1 kB]
Get:23 http://127.0.0.1:12990/debian sid/main amd64 sensible-utils all 0.0.17 [21.5 kB]
Get:24 http://127.0.0.1:12990/debian sid/main amd64 openssl amd64 1.1.1l-1 [851 kB]
Get:25 http://127.0.0.1:12990/debian sid/main amd64 ca-certificates all 20211016 [156 kB]
Get:26 http://127.0.0.1:12990/debian sid/main amd64 libmagic-mgc amd64 1:5.39-3 [273 kB]
Get:27 http://127.0.0.1:12990/debian sid/main amd64 libmagic1 amd64 1:5.39-3 [126 kB]
Get:28 http://127.0.0.1:12990/debian sid/main amd64 file amd64 1:5.39-3 [69.1 kB]
Get:29 http://127.0.0.1:12990/debian sid/main amd64 gettext-base amd64 0.21-4 [175 kB]
Get:30 http://127.0.0.1:12990/debian sid/main amd64 libsigsegv2 amd64 2.13-1 [34.8 kB]
Get:31 http://127.0.0.1:12990/debian sid/main amd64 m4 amd64 1.4.18-5 [204 kB]
Get:32 http://127.0.0.1:12990/debian sid/main amd64 autoconf all 2.71-2 [343 kB]
Get:33 http://127.0.0.1:12990/debian sid/main amd64 autotools-dev all 20180224.1+nmu1 [77.1 kB]
Get:34 http://127.0.0.1:12990/debian sid/main amd64 automake all 1:1.16.5-1 [823 kB]
Get:35 http://127.0.0.1:12990/debian sid/main amd64 autopoint all 0.21-4 [510 kB]
Get:36 http://127.0.0.1:12990/debian sid/main amd64 libdebhelper-perl all 13.5.2 [192 kB]
Get:37 http://127.0.0.1:12990/debian sid/main amd64 libtool all 2.4.6-15 [513 kB]
Get:38 http://127.0.0.1:12990/debian sid/main amd64 dh-autoreconf all 20 [17.1 kB]
Get:39 http://127.0.0.1:12990/debian sid/main amd64 libarchive-zip-perl all 1.68-1 [104 kB]
Get:40 http://127.0.0.1:12990/debian sid/main amd64 libsub-override-perl all 0.09-2 [10.2 kB]
Get:41 http://127.0.0.1:12990/debian sid/main amd64 libfile-stripnondeterminism-perl all 1.12.0-2 [26.3 kB]
Get:42 http://127.0.0.1:12990/debian sid/main amd64 dh-strip-nondeterminism all 1.12.0-2 [15.5 kB]
Get:43 http://127.0.0.1:12990/debian sid/main amd64 libelf1 amd64 0.185-2 [172 kB]
Get:44 http://127.0.0.1:12990/debian sid/main amd64 dwz amd64 0.14-1 [98.3 kB]
Get:45 http://127.0.0.1:12990/debian sid/main amd64 gettext amd64 0.21-4 [1311 kB]
Get:46 http://127.0.0.1:12990/debian sid/main amd64 intltool-debian all 0.35.0+20060710.5 [26.8 kB]
Get:47 http://127.0.0.1:12990/debian sid/main amd64 po-debconf all 1.0.21+nmu1 [248 kB]
Get:48 http://127.0.0.1:12990/debian sid/main amd64 debhelper all 13.5.2 [1056 kB]
Get:49 http://127.0.0.1:12990/debian sid/main amd64 python3-lib2to3 all 3.9.7-1 [79.4 kB]
Get:50 http://127.0.0.1:12990/debian sid/main amd64 python3-distutils all 3.9.7-1 [146 kB]
Get:51 http://127.0.0.1:12990/debian sid/main amd64 dh-python all 5.20211022.1 [103 kB]
Get:52 http://127.0.0.1:12990/debian sid/main amd64 xml-core all 0.18+nmu1 [23.8 kB]
Get:53 http://127.0.0.1:12990/debian sid/main amd64 docutils-common all 0.17.1+dfsg-2 [127 kB]
Get:54 http://127.0.0.1:12990/debian sid/main amd64 libllvm11 amd64 1:11.1.0-4 [17.9 MB]
Get:55 http://127.0.0.1:12990/debian sid/main amd64 libclang-cpp11 amd64 1:11.1.0-4 [9662 kB]
Get:56 http://127.0.0.1:12990/debian sid/main amd64 libclang1-11 amd64 1:11.1.0-4 [5522 kB]
Get:57 http://127.0.0.1:12990/debian sid/main amd64 libxapian30 amd64 1.4.18-3 [1089 kB]
Get:58 http://127.0.0.1:12990/debian sid/main amd64 doxygen amd64 1.9.1-2 [4234 kB]
Get:59 http://127.0.0.1:12990/debian sid/main amd64 fonts-font-awesome all 5.0.10+really4.7.0~dfsg-4.1 [517 kB]
Get:60 http://127.0.0.1:12990/debian sid/main amd64 libgcc-10-dev amd64 10.3.0-11 [2323 kB]
Get:61 http://127.0.0.1:12990/debian sid/main amd64 libstdc++-10-dev amd64 10.3.0-11 [1750 kB]
Get:62 http://127.0.0.1:12990/debian sid/main amd64 libboost1.74-dev amd64 1.74.0-11 [9533 kB]
Get:63 http://127.0.0.1:12990/debian sid/main amd64 libboost-atomic1.74.0 amd64 1.74.0-11 [244 kB]
Get:64 http://127.0.0.1:12990/debian sid/main amd64 libboost-atomic1.74-dev amd64 1.74.0-11 [245 kB]
Get:65 http://127.0.0.1:12990/debian sid/main amd64 libboost-chrono1.74.0 amd64 1.74.0-11 [252 kB]
Get:66 http://127.0.0.1:12990/debian sid/main amd64 libboost-chrono1.74-dev amd64 1.74.0-11 [260 kB]
Get:67 http://127.0.0.1:12990/debian sid/main amd64 libboost-date-time1.74.0 amd64 1.74.0-11 [241 kB]
Get:68 http://127.0.0.1:12990/debian sid/main amd64 libboost-serialization1.74.0 amd64 1.74.0-11 [340 kB]
Get:69 http://127.0.0.1:12990/debian sid/main amd64 libboost-serialization1.74-dev amd64 1.74.0-11 [381 kB]
Get:70 http://127.0.0.1:12990/debian sid/main amd64 libboost-date-time1.74-dev amd64 1.74.0-11 [251 kB]
Get:71 http://127.0.0.1:12990/debian sid/main amd64 libboost-dev amd64 1.74.0.3 [4548 B]
Get:72 http://127.0.0.1:12990/debian sid/main amd64 libboost-filesystem1.74.0 amd64 1.74.0-11 [283 kB]
Get:73 http://127.0.0.1:12990/debian sid/main amd64 libboost-system1.74.0 amd64 1.74.0-11 [242 kB]
Get:74 http://127.0.0.1:12990/debian sid/main amd64 libboost-system1.74-dev amd64 1.74.0-11 [243 kB]
Get:75 http://127.0.0.1:12990/debian sid/main amd64 libboost-filesystem1.74-dev amd64 1.74.0-11 [303 kB]
Get:76 http://127.0.0.1:12990/debian sid/main amd64 libboost-filesystem-dev amd64 1.74.0.3 [4368 B]
Get:77 http://127.0.0.1:12990/debian sid/main amd64 libboost-program-options1.74.0 amd64 1.74.0-11 [356 kB]
Get:78 http://127.0.0.1:12990/debian sid/main amd64 libboost-program-options1.74-dev amd64 1.74.0-11 [385 kB]
Get:79 http://127.0.0.1:12990/debian sid/main amd64 libboost-program-options-dev amd64 1.74.0.3 [4340 B]
Get:80 http://127.0.0.1:12990/debian sid/main amd64 libboost-system-dev amd64 1.74.0.3 [4468 B]
Get:81 http://127.0.0.1:12990/debian sid/main amd64 libboost-thread1.74.0 amd64 1.74.0-11 [280 kB]
Get:82 http://127.0.0.1:12990/debian sid/main amd64 libboost-thread1.74-dev amd64 1.74.0-11 [289 kB]
Get:83 http://127.0.0.1:12990/debian sid/main amd64 libboost-thread-dev amd64 1.74.0.3 [4356 B]
Get:84 http://127.0.0.1:12990/debian sid/main amd64 libexpat1-dev amd64 2.4.1-3 [156 kB]
Get:85 http://127.0.0.1:12990/debian sid/main amd64 libglib2.0-0 amd64 2.70.0-3 [1401 kB]
Get:86 http://127.0.0.1:12990/debian sid/main amd64 libjs-jquery all 3.5.1+dfsg+~3.5.5-8 [315 kB]
Get:87 http://127.0.0.1:12990/debian sid/main amd64 libjs-underscore all 1.9.1~dfsg-4 [100 kB]
Get:88 http://127.0.0.1:12990/debian sid/main amd64 libjs-sphinxdoc all 4.2.0-5 [137 kB]
Get:89 http://127.0.0.1:12990/debian sid/main amd64 libmdds-dev all 1.7.0-1 [130 kB]
Get:90 http://127.0.0.1:12990/debian sid/main amd64 libpython3.9 amd64 3.9.7-4 [1693 kB]
Get:91 http://127.0.0.1:12990/debian sid/main amd64 zlib1g-dev amd64 1:1.2.11.dfsg-2 [190 kB]
Get:92 http://127.0.0.1:12990/debian sid/main amd64 libpython3.9-dev amd64 3.9.7-4 [4032 kB]
Get:93 http://127.0.0.1:12990/debian sid/main amd64 libpython3-dev amd64 3.9.2-3 [21.7 kB]
Get:94 http://127.0.0.1:12990/debian sid/main amd64 pkg-config amd64 0.29.2-1 [65.1 kB]
Get:95 http://127.0.0.1:12990/debian sid/main amd64 python-babel-localedata all 2.8.0+dfsg.1-7 [4997 kB]
Get:96 http://127.0.0.1:12990/debian sid/main amd64 python3-alabaster all 0.7.12-1 [20.8 kB]
Get:97 http://127.0.0.1:12990/debian sid/main amd64 python3-pkg-resources all 58.2.0-1 [192 kB]
Get:98 http://127.0.0.1:12990/debian sid/main amd64 python3-tz all 2021.3-1 [34.9 kB]
Get:99 http://127.0.0.1:12990/debian sid/main amd64 python3-babel all 2.8.0+dfsg.1-7 [100 kB]
Get:100 http://127.0.0.1:12990/debian sid/main amd64 python3-roman all 3.3-1 [10.7 kB]
Get:101 http://127.0.0.1:12990/debian sid/main amd64 python3-docutils all 0.17.1+dfsg-2 [393 kB]
Get:102 http://127.0.0.1:12990/debian sid/main amd64 sphinx-common all 4.2.0-5 [623 kB]
Get:103 http://127.0.0.1:12990/debian sid/main amd64 python3-imagesize all 1.2.0-2 [5824 B]
Get:104 http://127.0.0.1:12990/debian sid/main amd64 python3-markupsafe amd64 2.0.1-2 [13.6 kB]
Get:105 http://127.0.0.1:12990/debian sid/main amd64 python3-jinja2 all 3.0.1-2 [121 kB]
Get:106 http://127.0.0.1:12990/debian sid/main amd64 python3-pyparsing all 2.4.7-1 [109 kB]
Get:107 http://127.0.0.1:12990/debian sid/main amd64 python3-packaging all 21.0-1 [33.5 kB]
Get:108 http://127.0.0.1:12990/debian sid/main amd64 python3-pygments all 2.7.1+dfsg-2.1 [657 kB]
Get:109 http://127.0.0.1:12990/debian sid/main amd64 python3-certifi all 2020.6.20-1 [151 kB]
Get:110 http://127.0.0.1:12990/debian sid/main amd64 python3-chardet all 4.0.0-1 [99.0 kB]
Get:111 http://127.0.0.1:12990/debian sid/main amd64 python3-idna all 2.10-1 [37.4 kB]
Get:112 http://127.0.0.1:12990/debian sid/main amd64 python3-six all 1.16.0-2 [17.5 kB]
Get:113 http://127.0.0.1:12990/debian sid/main amd64 python3-urllib3 all 1.26.5-1~exp1 [114 kB]
Get:114 http://127.0.0.1:12990/debian sid/main amd64 python3-requests all 2.25.1+dfsg-2 [69.3 kB]
Get:115 http://127.0.0.1:12990/debian sid/main amd64 python3-snowballstemmer all 2.1.0-2 [58.8 kB]
Get:116 http://127.0.0.1:12990/debian sid/main amd64 python3-sphinx all 4.2.0-5 [529 kB]
Get:117 http://127.0.0.1:12990/debian sid/main amd64 python3-breathe all 4.31.0-3 [74.0 kB]
Get:118 http://127.0.0.1:12990/debian sid/main amd64 python3.9-dev amd64 3.9.7-4 [508 kB]
Get:119 http://127.0.0.1:12990/debian sid/main amd64 python3-dev amd64 3.9.2-3 [24.8 kB]
Get:120 http://127.0.0.1:12990/debian sid/main amd64 sphinx-rtd-theme-common all 1.0.0+dfsg-1 [996 kB]
Get:121 http://127.0.0.1:12990/debian sid/main amd64 python3-sphinx-rtd-theme all 1.0.0+dfsg-1 [26.5 kB]
debconf: delaying package configuration, since apt-utils is not installed
Fetched 95.0 MB in 1s (133 MB/s)
Selecting previously unselected package bsdextrautils.
(Reading database ... 14273 files and directories currently installed.)
Preparing to unpack .../0-bsdextrautils_2.37.2-4_amd64.deb ...
Unpacking bsdextrautils (2.37.2-4) ...
Selecting previously unselected package libuchardet0:amd64.
Preparing to unpack .../1-libuchardet0_0.0.7-1_amd64.deb ...
Unpacking libuchardet0:amd64 (0.0.7-1) ...
Selecting previously unselected package groff-base.
Preparing to unpack .../2-groff-base_1.22.4-7_amd64.deb ...
Unpacking groff-base (1.22.4-7) ...
Selecting previously unselected package libpipeline1:amd64.
Preparing to unpack .../3-libpipeline1_1.5.3-1_amd64.deb ...
Unpacking libpipeline1:amd64 (1.5.3-1) ...
Selecting previously unselected package man-db.
Preparing to unpack .../4-man-db_2.9.4-2_amd64.deb ...
Unpacking man-db (2.9.4-2) ...
Selecting previously unselected package fonts-lato.
Preparing to unpack .../5-fonts-lato_2.0-2.1_all.deb ...
Unpacking fonts-lato (2.0-2.1) ...
Selecting previously unselected package libpython3.9-minimal:amd64.
Preparing to unpack .../6-libpython3.9-minimal_3.9.7-4_amd64.deb ...
Unpacking libpython3.9-minimal:amd64 (3.9.7-4) ...
Selecting previously unselected package libexpat1:amd64.
Preparing to unpack .../7-libexpat1_2.4.1-3_amd64.deb ...
Unpacking libexpat1:amd64 (2.4.1-3) ...
Selecting previously unselected package python3.9-minimal.
Preparing to unpack .../8-python3.9-minimal_3.9.7-4_amd64.deb ...
Unpacking python3.9-minimal (3.9.7-4) ...
Setting up libpython3.9-minimal:amd64 (3.9.7-4) ...
Setting up libexpat1:amd64 (2.4.1-3) ...
Setting up python3.9-minimal (3.9.7-4) ...
Selecting previously unselected package python3-minimal.
(Reading database ... 15166 files and directories currently installed.)
Preparing to unpack .../0-python3-minimal_3.9.2-3_amd64.deb ...
Unpacking python3-minimal (3.9.2-3) ...
Selecting previously unselected package media-types.
Preparing to unpack .../1-media-types_4.0.0_all.deb ...
Unpacking media-types (4.0.0) ...
Selecting previously unselected package libmpdec3:amd64.
Preparing to unpack .../2-libmpdec3_2.5.1-2_amd64.deb ...
Unpacking libmpdec3:amd64 (2.5.1-2) ...
Selecting previously unselected package libncursesw6:amd64.
Preparing to unpack .../3-libncursesw6_6.2+20210905-1_amd64.deb ...
Unpacking libncursesw6:amd64 (6.2+20210905-1) ...
Selecting previously unselected package readline-common.
Preparing to unpack .../4-readline-common_8.1-2_all.deb ...
Unpacking readline-common (8.1-2) ...
Selecting previously unselected package libreadline8:amd64.
Preparing to unpack .../5-libreadline8_8.1-2_amd64.deb ...
Unpacking libreadline8:amd64 (8.1-2) ...
Selecting previously unselected package libsqlite3-0:amd64.
Preparing to unpack .../6-libsqlite3-0_3.36.0-2_amd64.deb ...
Unpacking libsqlite3-0:amd64 (3.36.0-2) ...
Selecting previously unselected package libpython3.9-stdlib:amd64.
Preparing to unpack .../7-libpython3.9-stdlib_3.9.7-4_amd64.deb ...
Unpacking libpython3.9-stdlib:amd64 (3.9.7-4) ...
Selecting previously unselected package python3.9.
Preparing to unpack .../8-python3.9_3.9.7-4_amd64.deb ...
Unpacking python3.9 (3.9.7-4) ...
Selecting previously unselected package libpython3-stdlib:amd64.
Preparing to unpack .../9-libpython3-stdlib_3.9.2-3_amd64.deb ...
Unpacking libpython3-stdlib:amd64 (3.9.2-3) ...
Setting up python3-minimal (3.9.2-3) ...
Selecting previously unselected package python3.
(Reading database ... 15605 files and directories currently installed.)
Preparing to unpack .../000-python3_3.9.2-3_amd64.deb ...
Unpacking python3 (3.9.2-3) ...
Selecting previously unselected package sgml-base.
Preparing to unpack .../001-sgml-base_1.30_all.deb ...
Unpacking sgml-base (1.30) ...
Selecting previously unselected package sensible-utils.
Preparing to unpack .../002-sensible-utils_0.0.17_all.deb ...
Unpacking sensible-utils (0.0.17) ...
Selecting previously unselected package openssl.
Preparing to unpack .../003-openssl_1.1.1l-1_amd64.deb ...
Unpacking openssl (1.1.1l-1) ...
Selecting previously unselected package ca-certificates.
Preparing to unpack .../004-ca-certificates_20211016_all.deb ...
Unpacking ca-certificates (20211016) ...
Selecting previously unselected package libmagic-mgc.
Preparing to unpack .../005-libmagic-mgc_1%3a5.39-3_amd64.deb ...
Unpacking libmagic-mgc (1:5.39-3) ...
Selecting previously unselected package libmagic1:amd64.
Preparing to unpack .../006-libmagic1_1%3a5.39-3_amd64.deb ...
Unpacking libmagic1:amd64 (1:5.39-3) ...
Selecting previously unselected package file.
Preparing to unpack .../007-file_1%3a5.39-3_amd64.deb ...
Unpacking file (1:5.39-3) ...
Selecting previously unselected package gettext-base.
Preparing to unpack .../008-gettext-base_0.21-4_amd64.deb ...
Unpacking gettext-base (0.21-4) ...
Selecting previously unselected package libsigsegv2:amd64.
Preparing to unpack .../009-libsigsegv2_2.13-1_amd64.deb ...
Unpacking libsigsegv2:amd64 (2.13-1) ...
Selecting previously unselected package m4.
Preparing to unpack .../010-m4_1.4.18-5_amd64.deb ...
Unpacking m4 (1.4.18-5) ...
Selecting previously unselected package autoconf.
Preparing to unpack .../011-autoconf_2.71-2_all.deb ...
Unpacking autoconf (2.71-2) ...
Selecting previously unselected package autotools-dev.
Preparing to unpack .../012-autotools-dev_20180224.1+nmu1_all.deb ...
Unpacking autotools-dev (20180224.1+nmu1) ...
Selecting previously unselected package automake.
Preparing to unpack .../013-automake_1%3a1.16.5-1_all.deb ...
Unpacking automake (1:1.16.5-1) ...
Selecting previously unselected package autopoint.
Preparing to unpack .../014-autopoint_0.21-4_all.deb ...
Unpacking autopoint (0.21-4) ...
Selecting previously unselected package libdebhelper-perl.
Preparing to unpack .../015-libdebhelper-perl_13.5.2_all.deb ...
Unpacking libdebhelper-perl (13.5.2) ...
Selecting previously unselected package libtool.
Preparing to unpack .../016-libtool_2.4.6-15_all.deb ...
Unpacking libtool (2.4.6-15) ...
Selecting previously unselected package dh-autoreconf.
Preparing to unpack .../017-dh-autoreconf_20_all.deb ...
Unpacking dh-autoreconf (20) ...
Selecting previously unselected package libarchive-zip-perl.
Preparing to unpack .../018-libarchive-zip-perl_1.68-1_all.deb ...
Unpacking libarchive-zip-perl (1.68-1) ...
Selecting previously unselected package libsub-override-perl.
Preparing to unpack .../019-libsub-override-perl_0.09-2_all.deb ...
Unpacking libsub-override-perl (0.09-2) ...
Selecting previously unselected package libfile-stripnondeterminism-perl.
Preparing to unpack .../020-libfile-stripnondeterminism-perl_1.12.0-2_all.deb ...
Unpacking libfile-stripnondeterminism-perl (1.12.0-2) ...
Selecting previously unselected package dh-strip-nondeterminism.
Preparing to unpack .../021-dh-strip-nondeterminism_1.12.0-2_all.deb ...
Unpacking dh-strip-nondeterminism (1.12.0-2) ...
Selecting previously unselected package libelf1:amd64.
Preparing to unpack .../022-libelf1_0.185-2_amd64.deb ...
Unpacking libelf1:amd64 (0.185-2) ...
Selecting previously unselected package dwz.
Preparing to unpack .../023-dwz_0.14-1_amd64.deb ...
Unpacking dwz (0.14-1) ...
Selecting previously unselected package gettext.
Preparing to unpack .../024-gettext_0.21-4_amd64.deb ...
Unpacking gettext (0.21-4) ...
Selecting previously unselected package intltool-debian.
Preparing to unpack .../025-intltool-debian_0.35.0+20060710.5_all.deb ...
Unpacking intltool-debian (0.35.0+20060710.5) ...
Selecting previously unselected package po-debconf.
Preparing to unpack .../026-po-debconf_1.0.21+nmu1_all.deb ...
Unpacking po-debconf (1.0.21+nmu1) ...
Selecting previously unselected package debhelper.
Preparing to unpack .../027-debhelper_13.5.2_all.deb ...
Unpacking debhelper (13.5.2) ...
Selecting previously unselected package python3-lib2to3.
Preparing to unpack .../028-python3-lib2to3_3.9.7-1_all.deb ...
Unpacking python3-lib2to3 (3.9.7-1) ...
Selecting previously unselected package python3-distutils.
Preparing to unpack .../029-python3-distutils_3.9.7-1_all.deb ...
Unpacking python3-distutils (3.9.7-1) ...
Selecting previously unselected package dh-python.
Preparing to unpack .../030-dh-python_5.20211022.1_all.deb ...
Unpacking dh-python (5.20211022.1) ...
Selecting previously unselected package xml-core.
Preparing to unpack .../031-xml-core_0.18+nmu1_all.deb ...
Unpacking xml-core (0.18+nmu1) ...
Selecting previously unselected package docutils-common.
Preparing to unpack .../032-docutils-common_0.17.1+dfsg-2_all.deb ...
Unpacking docutils-common (0.17.1+dfsg-2) ...
Selecting previously unselected package libllvm11:amd64.
Preparing to unpack .../033-libllvm11_1%3a11.1.0-4_amd64.deb ...
Unpacking libllvm11:amd64 (1:11.1.0-4) ...
Selecting previously unselected package libclang-cpp11.
Preparing to unpack .../034-libclang-cpp11_1%3a11.1.0-4_amd64.deb ...
Unpacking libclang-cpp11 (1:11.1.0-4) ...
Selecting previously unselected package libclang1-11.
Preparing to unpack .../035-libclang1-11_1%3a11.1.0-4_amd64.deb ...
Unpacking libclang1-11 (1:11.1.0-4) ...
Selecting previously unselected package libxapian30:amd64.
Preparing to unpack .../036-libxapian30_1.4.18-3_amd64.deb ...
Unpacking libxapian30:amd64 (1.4.18-3) ...
Selecting previously unselected package doxygen.
Preparing to unpack .../037-doxygen_1.9.1-2_amd64.deb ...
Unpacking doxygen (1.9.1-2) ...
Selecting previously unselected package fonts-font-awesome.
Preparing to unpack .../038-fonts-font-awesome_5.0.10+really4.7.0~dfsg-4.1_all.deb ...
Unpacking fonts-font-awesome (5.0.10+really4.7.0~dfsg-4.1) ...
Selecting previously unselected package libgcc-10-dev:amd64.
Preparing to unpack .../039-libgcc-10-dev_10.3.0-11_amd64.deb ...
Unpacking libgcc-10-dev:amd64 (10.3.0-11) ...
Selecting previously unselected package libstdc++-10-dev:amd64.
Preparing to unpack .../040-libstdc++-10-dev_10.3.0-11_amd64.deb ...
Unpacking libstdc++-10-dev:amd64 (10.3.0-11) ...
Selecting previously unselected package libboost1.74-dev:amd64.
Preparing to unpack .../041-libboost1.74-dev_1.74.0-11_amd64.deb ...
Unpacking libboost1.74-dev:amd64 (1.74.0-11) ...
Selecting previously unselected package libboost-atomic1.74.0:amd64.
Preparing to unpack .../042-libboost-atomic1.74.0_1.74.0-11_amd64.deb ...
Unpacking libboost-atomic1.74.0:amd64 (1.74.0-11) ...
Selecting previously unselected package libboost-atomic1.74-dev:amd64.
Preparing to unpack .../043-libboost-atomic1.74-dev_1.74.0-11_amd64.deb ...
Unpacking libboost-atomic1.74-dev:amd64 (1.74.0-11) ...
Selecting previously unselected package libboost-chrono1.74.0:amd64.
Preparing to unpack .../044-libboost-chrono1.74.0_1.74.0-11_amd64.deb ...
Unpacking libboost-chrono1.74.0:amd64 (1.74.0-11) ...
Selecting previously unselected package libboost-chrono1.74-dev:amd64.
Preparing to unpack .../045-libboost-chrono1.74-dev_1.74.0-11_amd64.deb ...
Unpacking libboost-chrono1.74-dev:amd64 (1.74.0-11) ...
Selecting previously unselected package libboost-date-time1.74.0:amd64.
Preparing to unpack .../046-libboost-date-time1.74.0_1.74.0-11_amd64.deb ...
Unpacking libboost-date-time1.74.0:amd64 (1.74.0-11) ...
Selecting previously unselected package libboost-serialization1.74.0:amd64.
Preparing to unpack .../047-libboost-serialization1.74.0_1.74.0-11_amd64.deb ...
Unpacking libboost-serialization1.74.0:amd64 (1.74.0-11) ...
Selecting previously unselected package libboost-serialization1.74-dev:amd64.
Preparing to unpack .../048-libboost-serialization1.74-dev_1.74.0-11_amd64.deb ...
Unpacking libboost-serialization1.74-dev:amd64 (1.74.0-11) ...
Selecting previously unselected package libboost-date-time1.74-dev:amd64.
Preparing to unpack .../049-libboost-date-time1.74-dev_1.74.0-11_amd64.deb ...
Unpacking libboost-date-time1.74-dev:amd64 (1.74.0-11) ...
Selecting previously unselected package libboost-dev:amd64.
Preparing to unpack .../050-libboost-dev_1.74.0.3_amd64.deb ...
Unpacking libboost-dev:amd64 (1.74.0.3) ...
Selecting previously unselected package libboost-filesystem1.74.0:amd64.
Preparing to unpack .../051-libboost-filesystem1.74.0_1.74.0-11_amd64.deb ...
Unpacking libboost-filesystem1.74.0:amd64 (1.74.0-11) ...
Selecting previously unselected package libboost-system1.74.0:amd64.
Preparing to unpack .../052-libboost-system1.74.0_1.74.0-11_amd64.deb ...
Unpacking libboost-system1.74.0:amd64 (1.74.0-11) ...
Selecting previously unselected package libboost-system1.74-dev:amd64.
Preparing to unpack .../053-libboost-system1.74-dev_1.74.0-11_amd64.deb ...
Unpacking libboost-system1.74-dev:amd64 (1.74.0-11) ...
Selecting previously unselected package libboost-filesystem1.74-dev:amd64.
Preparing to unpack .../054-libboost-filesystem1.74-dev_1.74.0-11_amd64.deb ...
Unpacking libboost-filesystem1.74-dev:amd64 (1.74.0-11) ...
Selecting previously unselected package libboost-filesystem-dev:amd64.
Preparing to unpack .../055-libboost-filesystem-dev_1.74.0.3_amd64.deb ...
Unpacking libboost-filesystem-dev:amd64 (1.74.0.3) ...
Selecting previously unselected package libboost-program-options1.74.0:amd64.
Preparing to unpack .../056-libboost-program-options1.74.0_1.74.0-11_amd64.deb ...
Unpacking libboost-program-options1.74.0:amd64 (1.74.0-11) ...
Selecting previously unselected package libboost-program-options1.74-dev:amd64.
Preparing to unpack .../057-libboost-program-options1.74-dev_1.74.0-11_amd64.deb ...
Unpacking libboost-program-options1.74-dev:amd64 (1.74.0-11) ...
Selecting previously unselected package libboost-program-options-dev:amd64.
Preparing to unpack .../058-libboost-program-options-dev_1.74.0.3_amd64.deb ...
Unpacking libboost-program-options-dev:amd64 (1.74.0.3) ...
Selecting previously unselected package libboost-system-dev:amd64.
Preparing to unpack .../059-libboost-system-dev_1.74.0.3_amd64.deb ...
Unpacking libboost-system-dev:amd64 (1.74.0.3) ...
Selecting previously unselected package libboost-thread1.74.0:amd64.
Preparing to unpack .../060-libboost-thread1.74.0_1.74.0-11_amd64.deb ...
Unpacking libboost-thread1.74.0:amd64 (1.74.0-11) ...
Selecting previously unselected package libboost-thread1.74-dev:amd64.
Preparing to unpack .../061-libboost-thread1.74-dev_1.74.0-11_amd64.deb ...
Unpacking libboost-thread1.74-dev:amd64 (1.74.0-11) ...
Selecting previously unselected package libboost-thread-dev:amd64.
Preparing to unpack .../062-libboost-thread-dev_1.74.0.3_amd64.deb ...
Unpacking libboost-thread-dev:amd64 (1.74.0.3) ...
Selecting previously unselected package libexpat1-dev:amd64.
Preparing to unpack .../063-libexpat1-dev_2.4.1-3_amd64.deb ...
Unpacking libexpat1-dev:amd64 (2.4.1-3) ...
Selecting previously unselected package libglib2.0-0:amd64.
Preparing to unpack .../064-libglib2.0-0_2.70.0-3_amd64.deb ...
Unpacking libglib2.0-0:amd64 (2.70.0-3) ...
Selecting previously unselected package libjs-jquery.
Preparing to unpack .../065-libjs-jquery_3.5.1+dfsg+~3.5.5-8_all.deb ...
Unpacking libjs-jquery (3.5.1+dfsg+~3.5.5-8) ...
Selecting previously unselected package libjs-underscore.
Preparing to unpack .../066-libjs-underscore_1.9.1~dfsg-4_all.deb ...
Unpacking libjs-underscore (1.9.1~dfsg-4) ...
Selecting previously unselected package libjs-sphinxdoc.
Preparing to unpack .../067-libjs-sphinxdoc_4.2.0-5_all.deb ...
Unpacking libjs-sphinxdoc (4.2.0-5) ...
Selecting previously unselected package libmdds-dev.
Preparing to unpack .../068-libmdds-dev_1.7.0-1_all.deb ...
Unpacking libmdds-dev (1.7.0-1) ...
Selecting previously unselected package libpython3.9:amd64.
Preparing to unpack .../069-libpython3.9_3.9.7-4_amd64.deb ...
Unpacking libpython3.9:amd64 (3.9.7-4) ...
Selecting previously unselected package zlib1g-dev:amd64.
Preparing to unpack .../070-zlib1g-dev_1%3a1.2.11.dfsg-2_amd64.deb ...
Unpacking zlib1g-dev:amd64 (1:1.2.11.dfsg-2) ...
Selecting previously unselected package libpython3.9-dev:amd64.
Preparing to unpack .../071-libpython3.9-dev_3.9.7-4_amd64.deb ...
Unpacking libpython3.9-dev:amd64 (3.9.7-4) ...
Selecting previously unselected package libpython3-dev:amd64.
Preparing to unpack .../072-libpython3-dev_3.9.2-3_amd64.deb ...
Unpacking libpython3-dev:amd64 (3.9.2-3) ...
Selecting previously unselected package pkg-config.
Preparing to unpack .../073-pkg-config_0.29.2-1_amd64.deb ...
Unpacking pkg-config (0.29.2-1) ...
Selecting previously unselected package python-babel-localedata.
Preparing to unpack .../074-python-babel-localedata_2.8.0+dfsg.1-7_all.deb ...
Unpacking python-babel-localedata (2.8.0+dfsg.1-7) ...
Selecting previously unselected package python3-alabaster.
Preparing to unpack .../075-python3-alabaster_0.7.12-1_all.deb ...
Unpacking python3-alabaster (0.7.12-1) ...
Selecting previously unselected package python3-pkg-resources.
Preparing to unpack .../076-python3-pkg-resources_58.2.0-1_all.deb ...
Unpacking python3-pkg-resources (58.2.0-1) ...
Selecting previously unselected package python3-tz.
Preparing to unpack .../077-python3-tz_2021.3-1_all.deb ...
Unpacking python3-tz (2021.3-1) ...
Selecting previously unselected package python3-babel.
Preparing to unpack .../078-python3-babel_2.8.0+dfsg.1-7_all.deb ...
Unpacking python3-babel (2.8.0+dfsg.1-7) ...
Selecting previously unselected package python3-roman.
Preparing to unpack .../079-python3-roman_3.3-1_all.deb ...
Unpacking python3-roman (3.3-1) ...
Selecting previously unselected package python3-docutils.
Preparing to unpack .../080-python3-docutils_0.17.1+dfsg-2_all.deb ...
Unpacking python3-docutils (0.17.1+dfsg-2) ...
Selecting previously unselected package sphinx-common.
Preparing to unpack .../081-sphinx-common_4.2.0-5_all.deb ...
Unpacking sphinx-common (4.2.0-5) ...
Selecting previously unselected package python3-imagesize.
Preparing to unpack .../082-python3-imagesize_1.2.0-2_all.deb ...
Unpacking python3-imagesize (1.2.0-2) ...
Selecting previously unselected package python3-markupsafe.
Preparing to unpack .../083-python3-markupsafe_2.0.1-2_amd64.deb ...
Unpacking python3-markupsafe (2.0.1-2) ...
Selecting previously unselected package python3-jinja2.
Preparing to unpack .../084-python3-jinja2_3.0.1-2_all.deb ...
Unpacking python3-jinja2 (3.0.1-2) ...
Selecting previously unselected package python3-pyparsing.
Preparing to unpack .../085-python3-pyparsing_2.4.7-1_all.deb ...
Unpacking python3-pyparsing (2.4.7-1) ...
Selecting previously unselected package python3-packaging.
Preparing to unpack .../086-python3-packaging_21.0-1_all.deb ...
Unpacking python3-packaging (21.0-1) ...
Selecting previously unselected package python3-pygments.
Preparing to unpack .../087-python3-pygments_2.7.1+dfsg-2.1_all.deb ...
Unpacking python3-pygments (2.7.1+dfsg-2.1) ...
Selecting previously unselected package python3-certifi.
Preparing to unpack .../088-python3-certifi_2020.6.20-1_all.deb ...
Unpacking python3-certifi (2020.6.20-1) ...
Selecting previously unselected package python3-chardet.
Preparing to unpack .../089-python3-chardet_4.0.0-1_all.deb ...
Unpacking python3-chardet (4.0.0-1) ...
Selecting previously unselected package python3-idna.
Preparing to unpack .../090-python3-idna_2.10-1_all.deb ...
Unpacking python3-idna (2.10-1) ...
Selecting previously unselected package python3-six.
Preparing to unpack .../091-python3-six_1.16.0-2_all.deb ...
Unpacking python3-six (1.16.0-2) ...
Selecting previously unselected package python3-urllib3.
Preparing to unpack .../092-python3-urllib3_1.26.5-1~exp1_all.deb ...
Unpacking python3-urllib3 (1.26.5-1~exp1) ...
Selecting previously unselected package python3-requests.
Preparing to unpack .../093-python3-requests_2.25.1+dfsg-2_all.deb ...
Unpacking python3-requests (2.25.1+dfsg-2) ...
Selecting previously unselected package python3-snowballstemmer.
Preparing to unpack .../094-python3-snowballstemmer_2.1.0-2_all.deb ...
Unpacking python3-snowballstemmer (2.1.0-2) ...
Selecting previously unselected package python3-sphinx.
Preparing to unpack .../095-python3-sphinx_4.2.0-5_all.deb ...
Unpacking python3-sphinx (4.2.0-5) ...
Selecting previously unselected package python3-breathe.
Preparing to unpack .../096-python3-breathe_4.31.0-3_all.deb ...
Unpacking python3-breathe (4.31.0-3) ...
Selecting previously unselected package python3.9-dev.
Preparing to unpack .../097-python3.9-dev_3.9.7-4_amd64.deb ...
Unpacking python3.9-dev (3.9.7-4) ...
Selecting previously unselected package python3-dev.
Preparing to unpack .../098-python3-dev_3.9.2-3_amd64.deb ...
Unpacking python3-dev (3.9.2-3) ...
Selecting previously unselected package sphinx-rtd-theme-common.
Preparing to unpack .../099-sphinx-rtd-theme-common_1.0.0+dfsg-1_all.deb ...
Unpacking sphinx-rtd-theme-common (1.0.0+dfsg-1) ...
Selecting previously unselected package python3-sphinx-rtd-theme.
Preparing to unpack .../100-python3-sphinx-rtd-theme_1.0.0+dfsg-1_all.deb ...
Unpacking python3-sphinx-rtd-theme (1.0.0+dfsg-1) ...
Selecting previously unselected package sbuild-build-depends-main-dummy.
Preparing to unpack .../101-sbuild-build-depends-main-dummy_0.invalid.0_amd64.deb ...
Unpacking sbuild-build-depends-main-dummy (0.invalid.0) ...
Setting up libboost-chrono1.74.0:amd64 (1.74.0-11) ...
Setting up media-types (4.0.0) ...
Setting up libpipeline1:amd64 (1.5.3-1) ...
Setting up libboost-system1.74.0:amd64 (1.74.0-11) ...
Setting up libxapian30:amd64 (1.4.18-3) ...
Setting up fonts-lato (2.0-2.1) ...
Setting up libboost-atomic1.74.0:amd64 (1.74.0-11) ...
Setting up bsdextrautils (2.37.2-4) ...
update-alternatives: using /usr/bin/write.ul to provide /usr/bin/write (write) in auto mode
Setting up libmagic-mgc (1:5.39-3) ...
Setting up libarchive-zip-perl (1.68-1) ...
Setting up libglib2.0-0:amd64 (2.70.0-3) ...
No schema files found: doing nothing.
Setting up libboost-program-options1.74.0:amd64 (1.74.0-11) ...
Setting up libgcc-10-dev:amd64 (10.3.0-11) ...
Setting up libdebhelper-perl (13.5.2) ...
Setting up libsqlite3-0:amd64 (3.36.0-2) ...
Setting up libmagic1:amd64 (1:5.39-3) ...
Setting up gettext-base (0.21-4) ...
Setting up libboost-filesystem1.74.0:amd64 (1.74.0-11) ...
Setting up file (1:5.39-3) ...
Setting up python-babel-localedata (2.8.0+dfsg.1-7) ...
Setting up autotools-dev (20180224.1+nmu1) ...
Setting up libllvm11:amd64 (1:11.1.0-4) ...
Setting up libexpat1-dev:amd64 (2.4.1-3) ...
Setting up libsigsegv2:amd64 (2.13-1) ...
Setting up libclang1-11 (1:11.1.0-4) ...
Setting up autopoint (0.21-4) ...
Setting up pkg-config (0.29.2-1) ...
Setting up libncursesw6:amd64 (6.2+20210905-1) ...
Setting up libboost-serialization1.74.0:amd64 (1.74.0-11) ...
Setting up zlib1g-dev:amd64 (1:1.2.11.dfsg-2) ...
Setting up sensible-utils (0.0.17) ...
Setting up libuchardet0:amd64 (0.0.7-1) ...
Setting up libmpdec3:amd64 (2.5.1-2) ...
Setting up libsub-override-perl (0.09-2) ...
Setting up sgml-base (1.30) ...
Setting up libjs-jquery (3.5.1+dfsg+~3.5.5-8) ...
Setting up libboost-date-time1.74.0:amd64 (1.74.0-11) ...
Setting up openssl (1.1.1l-1) ...
Setting up libelf1:amd64 (0.185-2) ...
Setting up readline-common (8.1-2) ...
Setting up fonts-font-awesome (5.0.10+really4.7.0~dfsg-4.1) ...
Setting up sphinx-rtd-theme-common (1.0.0+dfsg-1) ...
Setting up libjs-underscore (1.9.1~dfsg-4) ...
Setting up libboost-thread1.74.0:amd64 (1.74.0-11) ...
Setting up libfile-stripnondeterminism-perl (1.12.0-2) ...
Setting up gettext (0.21-4) ...
Setting up libstdc++-10-dev:amd64 (10.3.0-11) ...
Setting up libboost1.74-dev:amd64 (1.74.0-11) ...
Setting up libtool (2.4.6-15) ...
Setting up libreadline8:amd64 (8.1-2) ...
Setting up libboost-chrono1.74-dev:amd64 (1.74.0-11) ...
Setting up m4 (1.4.18-5) ...
Setting up libboost-program-options1.74-dev:amd64 (1.74.0-11) ...
Setting up intltool-debian (0.35.0+20060710.5) ...
Setting up libclang-cpp11 (1:11.1.0-4) ...
Setting up ca-certificates (20211016) ...
Updating certificates in /etc/ssl/certs...
127 added, 0 removed; done.
Setting up doxygen (1.9.1-2) ...
Setting up libboost-program-options-dev:amd64 (1.74.0.3) ...
Setting up libboost-system1.74-dev:amd64 (1.74.0-11) ...
Setting up libjs-sphinxdoc (4.2.0-5) ...
Setting up autoconf (2.71-2) ...
Setting up libboost-serialization1.74-dev:amd64 (1.74.0-11) ...
Setting up libboost-atomic1.74-dev:amd64 (1.74.0-11) ...
Setting up dh-strip-nondeterminism (1.12.0-2) ...
Setting up dwz (0.14-1) ...
Setting up groff-base (1.22.4-7) ...
Setting up xml-core (0.18+nmu1) ...
Setting up libboost-dev:amd64 (1.74.0.3) ...
Setting up libboost-filesystem1.74-dev:amd64 (1.74.0-11) ...
Setting up libboost-filesystem-dev:amd64 (1.74.0.3) ...
Setting up libpython3.9-stdlib:amd64 (3.9.7-4) ...
Setting up libpython3-stdlib:amd64 (3.9.2-3) ...
Setting up automake (1:1.16.5-1) ...
update-alternatives: using /usr/bin/automake-1.16 to provide /usr/bin/automake (automake) in auto mode
Setting up libmdds-dev (1.7.0-1) ...
Setting up po-debconf (1.0.21+nmu1) ...
Setting up libboost-system-dev:amd64 (1.74.0.3) ...
Setting up man-db (2.9.4-2) ...
Not building database; man-db/auto-update is not 'true'.
Setting up dh-autoreconf (20) ...
Setting up libboost-date-time1.74-dev:amd64 (1.74.0-11) ...
Setting up libpython3.9:amd64 (3.9.7-4) ...
Setting up sphinx-common (4.2.0-5) ...
Setting up libboost-thread1.74-dev:amd64 (1.74.0-11) ...
Setting up python3.9 (3.9.7-4) ...
Setting up libboost-thread-dev:amd64 (1.74.0.3) ...
Setting up libpython3.9-dev:amd64 (3.9.7-4) ...
Setting up debhelper (13.5.2) ...
Setting up python3 (3.9.2-3) ...
Setting up python3-markupsafe (2.0.1-2) ...
Setting up python3-tz (2021.3-1) ...
Setting up python3-six (1.16.0-2) ...
Setting up python3-roman (3.3-1) ...
Setting up python3-pyparsing (2.4.7-1) ...
Setting up python3-certifi (2020.6.20-1) ...
Setting up python3-snowballstemmer (2.1.0-2) ...
Setting up python3-idna (2.10-1) ...
Setting up python3-urllib3 (1.26.5-1~exp1) ...
Setting up python3.9-dev (3.9.7-4) ...
Setting up python3-lib2to3 (3.9.7-1) ...
Setting up python3-imagesize (1.2.0-2) ...
Setting up python3-pkg-resources (58.2.0-1) ...
Setting up python3-distutils (3.9.7-1) ...
Setting up dh-python (5.20211022.1) ...
Setting up libpython3-dev:amd64 (3.9.2-3) ...
Setting up python3-babel (2.8.0+dfsg.1-7) ...
update-alternatives: using /usr/bin/pybabel-python3 to provide /usr/bin/pybabel (pybabel) in auto mode
Setting up python3-alabaster (0.7.12-1) ...
Setting up python3-jinja2 (3.0.1-2) ...
Setting up python3-pygments (2.7.1+dfsg-2.1) ...
Setting up python3-packaging (21.0-1) ...
Setting up python3-chardet (4.0.0-1) ...
Setting up python3-dev (3.9.2-3) ...
Setting up python3-requests (2.25.1+dfsg-2) ...
Processing triggers for libc-bin (2.32-4) ...
Processing triggers for sgml-base (1.30) ...
Setting up docutils-common (0.17.1+dfsg-2) ...
Processing triggers for sgml-base (1.30) ...
Setting up python3-docutils (0.17.1+dfsg-2) ...
Setting up python3-sphinx (4.2.0-5) ...
Setting up python3-sphinx-rtd-theme (1.0.0+dfsg-1) ...
Setting up python3-breathe (4.31.0-3) ...
Setting up sbuild-build-depends-main-dummy (0.invalid.0) ...
Processing triggers for ca-certificates (20211016) ...
Updating certificates in /etc/ssl/certs...
0 added, 0 removed; done.
Running hooks in /etc/ca-certificates/update.d...
done.

+------------------------------------------------------------------------------+
| Check architectures                                                          |
+------------------------------------------------------------------------------+

Arch check ok (amd64 included in any all)

+------------------------------------------------------------------------------+
| Build environment                                                            |
+------------------------------------------------------------------------------+

Kernel: Linux 4.19.0-6-cloud-amd64 #1 SMP Debian 4.19.67-2+deb10u2 (2019-11-11) amd64 (x86_64)
Toolchain package versions: binutils_2.37-7 dpkg-dev_1.20.9 g++-11_11.2.0-10 gcc-11_11.2.0-10 libc6-dev_2.32-4 libstdc++-10-dev_10.3.0-11 libstdc++-11-dev_11.2.0-10 libstdc++6_11.2.0-10 linux-libc-dev_5.14.12-1
Package versions: adduser_3.118 apt_2.3.11 autoconf_2.71-2 automake_1:1.16.5-1 autopoint_0.21-4 autotools-dev_20180224.1+nmu1 base-files_12 base-passwd_3.5.52 bash_5.1-3+b2 binutils_2.37-7 binutils-common_2.37-7 binutils-x86-64-linux-gnu_2.37-7 bsdextrautils_2.37.2-4 bsdutils_1:2.37.2-4 build-essential_12.9 bzip2_1.0.8-4 ca-certificates_20211016 clang-13_1:13.0.0-8 coreutils_8.32-4+b1 cpp_4:11.2.0-2 cpp-11_11.2.0-10 dash_0.5.11+git20210120+802ebd4-2 debconf_1.5.78 debhelper_13.5.2 debian-archive-keyring_2021.1.1 debianutils_5.5-1 dh-autoreconf_20 dh-python_5.20211022.1 dh-strip-nondeterminism_1.12.0-2 diffutils_1:3.7-5 docutils-common_0.17.1+dfsg-2 doxygen_1.9.1-2 dpkg_1.20.9 dpkg-dev_1.20.9 dwz_0.14-1 e2fsprogs_1.46.4-1 fakeroot_1.26-1 file_1:5.39-3 findutils_4.8.0-1 fonts-font-awesome_5.0.10+really4.7.0~dfsg-4.1 fonts-lato_2.0-2.1 g++_4:11.2.0-2 g++-11_11.2.0-10 gcc_4:11.2.0-2 gcc-10-base_10.3.0-11 gcc-11_11.2.0-10 gcc-11-base_11.2.0-10 gcc-9-base_9.4.0-3 gettext_0.21-4 gettext-base_0.21-4 gpgv_2.2.27-2 grep_3.7-1 groff-base_1.22.4-7 gzip_1.10-4 hostname_3.23 init-system-helpers_1.60 intltool-debian_0.35.0+20060710.5 lib32gcc-s1_11.2.0-10 lib32stdc++6_11.2.0-10 libacl1_2.3.1-1 libapt-pkg6.0_2.3.11 libarchive-zip-perl_1.68-1 libasan5_9.4.0-3 libasan6_11.2.0-10 libatomic1_11.2.0-10 libattr1_1:2.5.1-1 libaudit-common_1:3.0.6-1 libaudit1_1:3.0.6-1 libbinutils_2.37-7 libblkid1_2.37.2-4 libboost-atomic1.74-dev_1.74.0-11 libboost-atomic1.74.0_1.74.0-11 libboost-chrono1.74-dev_1.74.0-11 libboost-chrono1.74.0_1.74.0-11 libboost-date-time1.74-dev_1.74.0-11 libboost-date-time1.74.0_1.74.0-11 libboost-dev_1.74.0.3 libboost-filesystem-dev_1.74.0.3 libboost-filesystem1.74-dev_1.74.0-11 libboost-filesystem1.74.0_1.74.0-11 libboost-program-options-dev_1.74.0.3 libboost-program-options1.74-dev_1.74.0-11 libboost-program-options1.74.0_1.74.0-11 libboost-serialization1.74-dev_1.74.0-11 libboost-serialization1.74.0_1.74.0-11 libboost-system-dev_1.74.0.3 libboost-system1.74-dev_1.74.0-11 libboost-system1.74.0_1.74.0-11 libboost-thread-dev_1.74.0.3 libboost-thread1.74-dev_1.74.0-11 libboost-thread1.74.0_1.74.0-11 libboost1.74-dev_1.74.0-11 libbsd0_0.11.3-1 libbz2-1.0_1.0.8-4 libc-bin_2.32-4 libc-dev-bin_2.32-4 libc6_2.32-4 libc6-dev_2.32-4 libc6-i386_2.32-4 libcap-ng0_0.7.9-2.2+b1 libcap2_1:2.44-1 libcc1-0_11.2.0-10 libclang-common-13-dev_1:13.0.0-8 libclang-cpp11_1:11.1.0-4 libclang-cpp13_1:13.0.0-8 libclang1-11_1:11.1.0-4 libclang1-13_1:13.0.0-8 libcom-err2_1.46.4-1 libcrypt-dev_1:4.4.25-2 libcrypt1_1:4.4.25-2 libctf-nobfd0_2.37-7 libctf0_2.37-7 libdb5.3_5.3.28+dfsg1-0.8 libdebconfclient0_0.260 libdebhelper-perl_13.5.2 libdpkg-perl_1.20.9 libedit2_3.1-20210910-1 libelf1_0.185-2 libexpat1_2.4.1-3 libexpat1-dev_2.4.1-3 libext2fs2_1.46.4-1 libfakeroot_1.26-1 libffi8_3.4.2-3 libfile-stripnondeterminism-perl_1.12.0-2 libgc1_1:8.0.4-3 libgcc-10-dev_10.3.0-11 libgcc-11-dev_11.2.0-10 libgcc-9-dev_9.4.0-3 libgcc-s1_11.2.0-10 libgcrypt20_1.9.4-3+b1 libgdbm-compat4_1.22-1 libgdbm6_1.22-1 libglib2.0-0_2.70.0-3 libgmp10_2:6.2.1+dfsg-2 libgnutls30_3.7.2-2 libgomp1_11.2.0-10 libgpg-error0_1.42-3 libgssapi-krb5-2_1.18.3-7 libhogweed6_3.7.3-1 libicu67_67.1-7 libidn2-0_2.3.2-2 libisl23_0.24-2 libitm1_11.2.0-10 libjs-jquery_3.5.1+dfsg+~3.5.5-8 libjs-sphinxdoc_4.2.0-5 libjs-underscore_1.9.1~dfsg-4 libk5crypto3_1.18.3-7 libkeyutils1_1.6.1-2 libkrb5-3_1.18.3-7 libkrb5support0_1.18.3-7 libllvm11_1:11.1.0-4 libllvm13_1:13.0.0-8 liblsan0_11.2.0-10 liblz4-1_1.9.3-2 liblzma5_5.2.5-2 libmagic-mgc_1:5.39-3 libmagic1_1:5.39-3 libmd0_1.0.4-1 libmdds-dev_1.7.0-1 libmount1_2.37.2-4 libmpc3_1.2.1-1 libmpdec3_2.5.1-2 libmpfr6_4.1.0-3 libncursesw6_6.2+20210905-1 libnettle8_3.7.3-1 libnsl-dev_1.3.0-2 libnsl2_1.3.0-2 libobjc-11-dev_11.2.0-10 libobjc-9-dev_9.4.0-3 libobjc4_11.2.0-10 libomp-13-dev_1:13.0.0-8 libomp5-13_1:13.0.0-8 libp11-kit0_0.24.0-5 libpam-modules_1.4.0-10 libpam-modules-bin_1.4.0-10 libpam-runtime_1.4.0-10 libpam0g_1.4.0-10 libpcre2-8-0_10.36-2 libpcre3_2:8.39-13 libperl5.32_5.32.1-6 libpipeline1_1.5.3-1 libpython3-dev_3.9.2-3 libpython3-stdlib_3.9.2-3 libpython3.9_3.9.7-4 libpython3.9-dev_3.9.7-4 libpython3.9-minimal_3.9.7-4 libpython3.9-stdlib_3.9.7-4 libquadmath0_11.2.0-10 libreadline8_8.1-2 libseccomp2_2.5.2-2 libselinux1_3.1-3 libsemanage-common_3.1-1 libsemanage1_3.1-1+b2 libsepol1_3.1-1 libsigsegv2_2.13-1 libsmartcols1_2.37.2-4 libsqlite3-0_3.36.0-2 libss2_1.46.4-1 libssl1.1_1.1.1l-1 libstdc++-10-dev_10.3.0-11 libstdc++-11-dev_11.2.0-10 libstdc++6_11.2.0-10 libsub-override-perl_0.09-2 libsystemd0_249.5-1 libtasn1-6_4.17.0-2 libtinfo6_6.2+20210905-1 libtirpc-common_1.3.2-2 libtirpc-dev_1.3.2-2 libtirpc3_1.3.2-2 libtool_2.4.6-15 libtsan0_11.2.0-10 libubsan1_11.2.0-10 libuchardet0_0.0.7-1 libudev1_249.5-1 libunistring2_0.9.10-6 libuuid1_2.37.2-4 libxapian30_1.4.18-3 libxml2_2.9.12+dfsg-5 libxxhash0_0.8.0-2 libz3-4_4.8.12-1+b1 libzstd1_1.4.8+dfsg-3 linux-libc-dev_5.14.12-1 login_1:4.8.1-1 logsave_1.46.4-1 lsb-base_11.1.0 m4_1.4.18-5 make_4.3-4.1 man-db_2.9.4-2 mawk_1.3.4.20200120-2 media-types_4.0.0 mount_2.37.2-4 ncurses-base_6.2+20210905-1 ncurses-bin_6.2+20210905-1 openssl_1.1.1l-1 passwd_1:4.8.1-1 patch_2.7.6-7 perl_5.32.1-6 perl-base_5.32.1-6 perl-modules-5.32_5.32.1-6 pkg-config_0.29.2-1 po-debconf_1.0.21+nmu1 python-babel-localedata_2.8.0+dfsg.1-7 python3_3.9.2-3 python3-alabaster_0.7.12-1 python3-babel_2.8.0+dfsg.1-7 python3-breathe_4.31.0-3 python3-certifi_2020.6.20-1 python3-chardet_4.0.0-1 python3-dev_3.9.2-3 python3-distutils_3.9.7-1 python3-docutils_0.17.1+dfsg-2 python3-idna_2.10-1 python3-imagesize_1.2.0-2 python3-jinja2_3.0.1-2 python3-lib2to3_3.9.7-1 python3-markupsafe_2.0.1-2 python3-minimal_3.9.2-3 python3-packaging_21.0-1 python3-pkg-resources_58.2.0-1 python3-pygments_2.7.1+dfsg-2.1 python3-pyparsing_2.4.7-1 python3-requests_2.25.1+dfsg-2 python3-roman_3.3-1 python3-six_1.16.0-2 python3-snowballstemmer_2.1.0-2 python3-sphinx_4.2.0-5 python3-sphinx-rtd-theme_1.0.0+dfsg-1 python3-tz_2021.3-1 python3-urllib3_1.26.5-1~exp1 python3.9_3.9.7-4 python3.9-dev_3.9.7-4 python3.9-minimal_3.9.7-4 qt5-qmake_5.15.2+dfsg-12 qt5-qmake-bin_5.15.2+dfsg-12 qtchooser_66-2 readline-common_8.1-2 rpcsvc-proto_1.4.2-4 sbuild-build-depends-main-dummy_0.invalid.0 sed_4.8-1 sensible-utils_0.0.17 sgml-base_1.30 sphinx-common_4.2.0-5 sphinx-rtd-theme-common_1.0.0+dfsg-1 sysvinit-utils_3.00-1 tar_1.34+dfsg-1 tzdata_2021e-1 util-linux_2.37.2-4 xml-core_0.18+nmu1 xz-utils_5.2.5-2 zlib1g_1:1.2.11.dfsg-2 zlib1g-dev_1:1.2.11.dfsg-2

+------------------------------------------------------------------------------+
| Build                                                                        |
+------------------------------------------------------------------------------+


Unpack source
-------------

-----BEGIN PGP SIGNED MESSAGE-----
Hash: SHA512

Format: 3.0 (quilt)
Source: libixion
Binary: libixion-dev, libixion-0.16-0, python3-ixion, libixion-doc
Architecture: any all
Version: 0.16.1-3
Maintainer: Debian LibreOffice Maintainers <debian-openoffice@lists.debian.org>
Uploaders:  Rene Engelhard <rene@debian.org>,
Homepage: https://gitlab.com/ixion/ixion
Standards-Version: 4.6.0
Vcs-Browser: https://salsa.debian.org/libreoffice-team/libixion
Vcs-Git: https://salsa.debian.org/libreoffice-team/libixion.git
Testsuite: autopkgtest
Testsuite-Triggers: @builddeps@, python3
Build-Depends: debhelper-compat (= 13)
Build-Depends-Arch: dh-sequence-python3, libboost-filesystem-dev, libboost-program-options-dev, libboost-system-dev, libboost-thread-dev, libmdds-dev (>= 1.5), pkg-config, python3, python3-dev, zlib1g-dev
Build-Depends-Indep: dh-sequence-sphinxdoc, doxygen, python3-breathe, python3-sphinx, python3-sphinx-rtd-theme
Build-Conflicts: python-sphinx
Package-List:
 libixion-0.16-0 deb libs optional arch=any
 libixion-dev deb libdevel optional arch=any
 libixion-doc deb doc optional arch=all
 python3-ixion deb python optional arch=any
Checksums-Sha1:
 967b8f3dbf7b37f723138a73767c6915bbd50409 482500 libixion_0.16.1.orig.tar.xz
 635d57577041e3437bc40a0551b8ed2974958a04 9900 libixion_0.16.1-3.debian.tar.xz
Checksums-Sha256:
 426c643b3c346d546027c0226619abb2e59848e94470b9b5aa6365e26125089f 482500 libixion_0.16.1.orig.tar.xz
 63e9905d30e95c85430e1d7fca6f0be130a18f113fcb7c0164884e2d87759289 9900 libixion_0.16.1-3.debian.tar.xz
Files:
 6aef823752990d193e5cf80a87d0ef58 482500 libixion_0.16.1.orig.tar.xz
 18349490110b7616e18e32beec31a798 9900 libixion_0.16.1-3.debian.tar.xz

-----BEGIN PGP SIGNATURE-----

iQIzBAEBCgAdFiEEi3hoeGwz5cZMTQpICBa54Yx2K60FAmFNsqgACgkQCBa54Yx2
K606Pw/+KwN6TcxVoEssX4SznldbNoCse6017hcfu3G8FQaMXEbHX6apRlafVLk/
qKLbukK1b86ONIO3sr0saLqA8zjzJ5XhKvgPGoQiTkR6U8M/QlT8nNuNAs1ihZhB
uLS25C9HPUeY2RHDDOb6qul16rXP6cgGJsHdzmhjjnwGnZGCzEZ/0rlqDF4b8uwE
k4XFWJsI+N8NvSPp/5JnQ/A34VF/Q6UIX6+qFRpLXe3751i7pCqXzsF0KZkQyD7o
QWJ1z1AirR8s+hfTNqP+N8I0kOc7CXvszv2QYblb/g5Q45eR2O6eTHl7uVnT/TBS
8z+1wvqdJUwKWtiwSx4HOfjIPGDLD8ig997N7M/SyIk2ZYniTlTyIxKlEo4i+5kx
K+36pYmKeb5NJZ8hZXg4o2GZGTjLiPaPXFWF6Hl6RxR9aBZA3va929eKhonpFsZW
UV5QiQhVsfMf+HOBz2Ov65JP2xpcsASK2MqIAp4nSScpE31B6V4mpzvZG+6lVwm9
k7KtEvC7hE5hODRlNIfGV3G9VuXhaJASZAXw3McFT6XD0G4K9ukAJWW1fMapFn91
PpQYU9y7lBqju36BKdAX51kqBA5TbyCISAhAH6kMBUdrMbmQGjjVSWUSKVmRavSU
K67/zkoeC7hrF7f0Zu1rH4DZ9zRq08TDfIG6BOtdZwx/FkCb9nY=
=3vAh
-----END PGP SIGNATURE-----

gpgv: unknown type of key resource 'trustedkeys.kbx'
gpgv: keyblock resource '/tmp/dpkg-verify-sig.RcI2SNC6/trustedkeys.kbx': General error
gpgv: Signature made Fri Sep 24 11:12:40 2021 UTC
gpgv:                using RSA key 8B7868786C33E5C64C4D0A480816B9E18C762BAD
gpgv: Can't check signature: No public key
dpkg-source: warning: failed to verify signature on ./libixion_0.16.1-3.dsc
dpkg-source: info: extracting libixion in /<<PKGBUILDDIR>>
dpkg-source: info: unpacking libixion_0.16.1.orig.tar.xz
dpkg-source: info: unpacking libixion_0.16.1-3.debian.tar.xz

Check disk space
----------------

Sufficient free space for build

User Environment
----------------

APT_CONFIG=/var/lib/sbuild/apt.conf
HOME=/sbuild-nonexistent
LANG=C.UTF-8
LC_ALL=C.UTF-8
LOGNAME=user42
PATH=/usr/local/sbin:/usr/local/bin:/usr/sbin:/usr/bin:/sbin:/bin:/usr/games
SCHROOT_ALIAS_NAME=unstable
SCHROOT_CHROOT_NAME=sid-amd64-sbuild
SCHROOT_COMMAND=env
SCHROOT_GID=1001
SCHROOT_GROUP=user42
SCHROOT_SESSION_ID=sid-amd64-sbuild-41a45505-9bae-4f3f-99e2-375f7631e261
SCHROOT_UID=1001
SCHROOT_USER=user42
SHELL=/bin/sh
USER=user42

dpkg-buildpackage
-----------------

Command: dpkg-buildpackage -us -uc -b -rfakeroot
dpkg-buildpackage: info: source package libixion
dpkg-buildpackage: info: source version 0.16.1-3
dpkg-buildpackage: info: source distribution unstable
dpkg-buildpackage: info: source changed by Mattia Rizzolo <mattia@debian.org>
 dpkg-source --before-build .
dpkg-buildpackage: info: host architecture amd64
 debian/rules clean
dh clean
   dh_clean
 debian/rules binary
dh binary
   dh_update_autotools_config
   dh_autoreconf -Nlibixion-doc
libtoolize: putting auxiliary files in '.'.
libtoolize: copying file './ltmain.sh'
libtoolize: putting macros in AC_CONFIG_MACRO_DIRS, 'm4'.
libtoolize: copying file 'm4/libtool.m4'
libtoolize: copying file 'm4/ltoptions.m4'
libtoolize: copying file 'm4/ltsugar.m4'
libtoolize: copying file 'm4/ltversion.m4'
libtoolize: copying file 'm4/lt~obsolete.m4'
configure.ac:43: warning: The macro `AC_HELP_STRING' is obsolete.
configure.ac:43: You should run autoupdate.
./lib/autoconf/general.m4:204: AC_HELP_STRING is expanded from...
configure.ac:43: the top level
configure.ac:92: installing './compile'
configure.ac:21: installing './missing'
doc_example/Makefile.am: installing './depcomp'
   debian/rules override_dh_auto_configure-arch
make[1]: Entering directory '/<<PKGBUILDDIR>>'
dh_auto_configure -- --disable-silent-rules --with-boost-libdir=/usr/lib/x86_64-linux-gnu --enable-static
	./configure --build=x86_64-linux-gnu --prefix=/usr --includedir=\${prefix}/include --mandir=\${prefix}/share/man --infodir=\${prefix}/share/info --sysconfdir=/etc --localstatedir=/var --disable-option-checking --disable-silent-rules --libdir=\${prefix}/lib/x86_64-linux-gnu --runstatedir=/run --disable-maintainer-mode --disable-dependency-tracking --disable-silent-rules --with-boost-libdir=/usr/lib/x86_64-linux-gnu --enable-static
checking for a BSD-compatible install... /usr/bin/install -c
checking whether build environment is sane... yes
checking for a race-free mkdir -p... /bin/mkdir -p
checking for gawk... no
checking for mawk... mawk
checking whether make sets $(MAKE)... yes
checking whether make supports nested variables... yes
checking whether make supports nested variables... (cached) yes
checking whether make supports the include directive... yes (GNU style)
checking for g++... g++
checking whether the C++ compiler works... yes
checking for C++ compiler default output file name... a.out
checking for suffix of executables... 
checking whether we are cross compiling... no
checking for suffix of object files... o
checking whether the compiler supports GNU C++... yes
checking whether g++ accepts -g... yes
checking for g++ option to enable C++11 features... none needed
checking dependency style of g++... none
checking whether g++ supports C++11 features by default... yes
checking build system type... x86_64-pc-linux-gnu
checking host system type... x86_64-pc-linux-gnu
checking whether the compiler supports GNU C++... (cached) yes
checking whether g++ accepts -g... (cached) yes
checking for g++ option to enable C++11 features... (cached) none needed
checking dependency style of g++... (cached) none
checking how to print strings... printf
checking for gcc... gcc
checking whether the compiler supports GNU C... yes
checking whether gcc accepts -g... yes
checking for gcc option to enable C11 features... none needed
checking whether gcc understands -c and -o together... yes
checking dependency style of gcc... none
checking for a sed that does not truncate output... /bin/sed
checking for grep that handles long lines and -e... /bin/grep
checking for egrep... /bin/grep -E
checking for fgrep... /bin/grep -F
checking for ld used by gcc... /usr/bin/ld
checking if the linker (/usr/bin/ld) is GNU ld... yes
checking for BSD- or MS-compatible name lister (nm)... /usr/bin/nm -B
checking the name lister (/usr/bin/nm -B) interface... BSD nm
checking whether ln -s works... yes
checking the maximum length of command line arguments... 1572864
checking how to convert x86_64-pc-linux-gnu file names to x86_64-pc-linux-gnu format... func_convert_file_noop
checking how to convert x86_64-pc-linux-gnu file names to toolchain format... func_convert_file_noop
checking for /usr/bin/ld option to reload object files... -r
checking for objdump... objdump
checking how to recognize dependent libraries... pass_all
checking for dlltool... no
checking how to associate runtime and link libraries... printf %s\n
checking for ar... ar
checking for archiver @FILE support... @
checking for strip... strip
checking for ranlib... ranlib
checking command to parse /usr/bin/nm -B output from gcc object... ok
checking for sysroot... no
checking for a working dd... /bin/dd
checking how to truncate binary pipes... /bin/dd bs=4096 count=1
checking for mt... no
checking if : is a manifest tool... no
checking for stdio.h... yes
checking for stdlib.h... yes
checking for string.h... yes
checking for inttypes.h... yes
checking for stdint.h... yes
checking for strings.h... yes
checking for sys/stat.h... yes
checking for sys/types.h... yes
checking for unistd.h... yes
checking for dlfcn.h... yes
checking for objdir... .libs
checking if gcc supports -fno-rtti -fno-exceptions... yes
checking for gcc option to produce PIC... -fPIC -DPIC
checking if gcc PIC flag -fPIC -DPIC works... yes
checking if gcc static flag -static works... yes
checking if gcc supports -c -o file.o... yes
checking if gcc supports -c -o file.o... (cached) yes
checking whether the gcc linker (/usr/bin/ld -m elf_x86_64) supports shared libraries... yes
checking whether -lc should be explicitly linked in... no
checking dynamic linker characteristics... GNU/Linux ld.so
checking how to hardcode library paths into programs... immediate
checking whether stripping libraries is possible... yes
checking if libtool supports shared libraries... yes
checking whether to build shared libraries... yes
checking whether to build static libraries... yes
checking how to run the C++ preprocessor... g++ -E
checking for ld used by g++... /usr/bin/ld -m elf_x86_64
checking if the linker (/usr/bin/ld -m elf_x86_64) is GNU ld... yes
checking whether the g++ linker (/usr/bin/ld -m elf_x86_64) supports shared libraries... yes
checking for g++ option to produce PIC... -fPIC -DPIC
checking if g++ PIC flag -fPIC -DPIC works... yes
checking if g++ static flag -static works... yes
checking if g++ supports -c -o file.o... yes
checking if g++ supports -c -o file.o... (cached) yes
checking whether the g++ linker (/usr/bin/ld -m elf_x86_64) supports shared libraries... yes
checking dynamic linker characteristics... (cached) GNU/Linux ld.so
checking how to hardcode library paths into programs... immediate
checking for stdlib.h... (cached) yes
checking for sys/time.h... yes
checking for unistd.h... (cached) yes
checking for _Bool... yes
checking for stdbool.h that conforms to C99... yes
checking for inline... inline
checking for mode_t... yes
checking for size_t... yes
checking for working strtod... yes
checking size of void *... 8
checking for Boost headers version >= 1.36.0... yes
checking for Boost's header version... 1_74
checking for the toolset name used by Boost for g++... gcc42 -gcc
checking for boost/system/error_code.hpp... yes
checking for the Boost system library... yes
checking for boost/filesystem/path.hpp... yes
checking for the Boost filesystem library... (cached) yes
checking for pkg-config... /usr/bin/pkg-config
checking pkg-config is at least version 0.9.0... yes
checking for mdds-1.5 >= 1.4.99... yes
checking for a Python interpreter with version >= 3... python3
checking for python3... /usr/bin/python3
checking for python3 version... 3.9
checking for python3 platform... linux
checking for GNU default python3 prefix... ${prefix}
checking for GNU default python3 exec_prefix... ${exec_prefix}
checking for python3 script directory (pythondir)... ${PYTHON_PREFIX}/lib/python3.9/site-packages
checking for python3 extension module directory (pyexecdir)... ${PYTHON_EXEC_PREFIX}/lib/python3.9/site-packages
checking for python3 >= 3.4... yes
checking for boost/program_options.hpp... yes
checking for the Boost program_options library... (cached) yes
checking that generated files are newer than configure... done
configure: creating ./config.status
config.status: creating Makefile
config.status: creating libixion-0.16.pc
config.status: creating bin/env.sh
config.status: creating doc_example/Makefile
config.status: creating doc_example/section_examples/Makefile
config.status: creating include/Makefile
config.status: creating include/ixion/Makefile
config.status: creating include/ixion/interface/Makefile
config.status: creating misc/libixion.spec
config.status: creating src/Makefile
config.status: creating src/include/Makefile
config.status: creating src/libixion/Makefile
config.status: creating src/libixion/constants.inl
config.status: creating src/python/Makefile
config.status: creating config.h
config.status: executing depfiles commands
config.status: executing libtool commands
configure:
==============================================================================
Build configuration:
        debug-utils           no
        host os:              linux-gnu
        python:               yes
        threads:              yes
        cuda:                 no
        log (debug)           no
        log (trace)           no
==============================================================================

make[1]: Leaving directory '/<<PKGBUILDDIR>>'
   debian/rules override_dh_auto_configure-indep
make[1]: Entering directory '/<<PKGBUILDDIR>>'
make[1]: Leaving directory '/<<PKGBUILDDIR>>'
   debian/rules override_dh_auto_build-indep
make[1]: Entering directory '/<<PKGBUILDDIR>>'
cd doc && \
	doxygen doxygen.conf && \
	mkdir tmp && sphinx-build -v -a . tmp
warning: Tag 'TCL_SUBST' at line 229 of file 'doxygen.conf' has become obsolete.
         To avoid this warning please remove this line from your configuration file or upgrade it using "doxygen -u"
warning: Tag 'COLS_IN_ALPHA_INDEX' at line 986 of file 'doxygen.conf' has become obsolete.
         To avoid this warning please remove this line from your configuration file or upgrade it using "doxygen -u"
warning: Tag 'XML_SCHEMA' at line 1796 of file 'doxygen.conf' has become obsolete.
         To avoid this warning please remove this line from your configuration file or upgrade it using "doxygen -u"
warning: Tag 'XML_DTD' at line 1802 of file 'doxygen.conf' has become obsolete.
         To avoid this warning please remove this line from your configuration file or upgrade it using "doxygen -u"
warning: Tag 'PERL_PATH' at line 2008 of file 'doxygen.conf' has become obsolete.
         To avoid this warning please remove this line from your configuration file or upgrade it using "doxygen -u"
warning: Tag 'MSCGEN_PATH' at line 2030 of file 'doxygen.conf' has become obsolete.
         To avoid this warning please remove this line from your configuration file or upgrade it using "doxygen -u"
Doxygen version used: 1.9.1
Notice: Output directory '_doxygen' does not exist. I have created it for you.
Searching for include files...
Searching for example files...
Searching for images...
Searching for dot files...
Searching for msc files...
Searching for dia files...
Searching for files to exclude
Searching INPUT for files to process...
Searching for files in directory /<<PKGBUILDDIR>>/include
Searching for files in directory /<<PKGBUILDDIR>>/include/ixion
Searching for files in directory /<<PKGBUILDDIR>>/include/ixion/interface
Reading and parsing tag files
Parsing files
Preprocessing /<<PKGBUILDDIR>>/include/ixion/address.hpp...
Parsing file /<<PKGBUILDDIR>>/include/ixion/address.hpp...
Preprocessing /<<PKGBUILDDIR>>/include/ixion/address_iterator.hpp...
Parsing file /<<PKGBUILDDIR>>/include/ixion/address_iterator.hpp...
Preprocessing /<<PKGBUILDDIR>>/include/ixion/cell.hpp...
Parsing file /<<PKGBUILDDIR>>/include/ixion/cell.hpp...
Preprocessing /<<PKGBUILDDIR>>/include/ixion/cell_access.hpp...
Parsing file /<<PKGBUILDDIR>>/include/ixion/cell_access.hpp...
Preprocessing /<<PKGBUILDDIR>>/include/ixion/column_store_type.hpp...
Parsing file /<<PKGBUILDDIR>>/include/ixion/column_store_type.hpp...
Preprocessing /<<PKGBUILDDIR>>/include/ixion/compute_engine.hpp...
Parsing file /<<PKGBUILDDIR>>/include/ixion/compute_engine.hpp...
Preprocessing /<<PKGBUILDDIR>>/include/ixion/config.hpp...
Parsing file /<<PKGBUILDDIR>>/include/ixion/config.hpp...
Preprocessing /<<PKGBUILDDIR>>/include/ixion/dirty_cell_tracker.hpp...
Parsing file /<<PKGBUILDDIR>>/include/ixion/dirty_cell_tracker.hpp...
Preprocessing /<<PKGBUILDDIR>>/include/ixion/document.hpp...
Parsing file /<<PKGBUILDDIR>>/include/ixion/document.hpp...
Preprocessing /<<PKGBUILDDIR>>/include/ixion/env.hpp...
Parsing file /<<PKGBUILDDIR>>/include/ixion/env.hpp...
Preprocessing /<<PKGBUILDDIR>>/include/ixion/exceptions.hpp...
Parsing file /<<PKGBUILDDIR>>/include/ixion/exceptions.hpp...
Preprocessing /<<PKGBUILDDIR>>/include/ixion/formula.hpp...
Parsing file /<<PKGBUILDDIR>>/include/ixion/formula.hpp...
Preprocessing /<<PKGBUILDDIR>>/include/ixion/formula_function_opcode.hpp...
Parsing file /<<PKGBUILDDIR>>/include/ixion/formula_function_opcode.hpp...
Preprocessing /<<PKGBUILDDIR>>/include/ixion/formula_name_resolver.hpp...
Parsing file /<<PKGBUILDDIR>>/include/ixion/formula_name_resolver.hpp...
Preprocessing /<<PKGBUILDDIR>>/include/ixion/formula_opcode.hpp...
Parsing file /<<PKGBUILDDIR>>/include/ixion/formula_opcode.hpp...
Preprocessing /<<PKGBUILDDIR>>/include/ixion/formula_result.hpp...
Parsing file /<<PKGBUILDDIR>>/include/ixion/formula_result.hpp...
Preprocessing /<<PKGBUILDDIR>>/include/ixion/formula_tokens.hpp...
Parsing file /<<PKGBUILDDIR>>/include/ixion/formula_tokens.hpp...
Preprocessing /<<PKGBUILDDIR>>/include/ixion/formula_tokens_fwd.hpp...
Parsing file /<<PKGBUILDDIR>>/include/ixion/formula_tokens_fwd.hpp...
Preprocessing /<<PKGBUILDDIR>>/include/ixion/global.hpp...
Parsing file /<<PKGBUILDDIR>>/include/ixion/global.hpp...
Preprocessing /<<PKGBUILDDIR>>/include/ixion/info.hpp...
Parsing file /<<PKGBUILDDIR>>/include/ixion/info.hp/<<PKGBUILDDIR>>/include/ixion/address_iterator.hpp:21: warning: Compound ixion::abs_address_iterator is not documented.
/<<PKGBUILDDIR>>/include/ixion/address_iterator.hpp:27: warning: Compound ixion::abs_address_iterator::const_iterator is not documented.
/<<PKGBUILDDIR>>/include/ixion/address.hpp:63: warning: Compound ixion::abs_address_t::hash is not documented.
/<<PKGBUILDDIR>>/include/ixion/address.hpp:178: warning: Compound ixion::abs_range_t::hash is not documented.
/<<PKGBUILDDIR>>/include/ixion/address.hpp:107: warning: Compound ixion::abs_rc_address_t is not documented.
/<<PKGBUILDDIR>>/include/ixion/address.hpp:122: warning: Compound ixion::abs_rc_address_t::hash is not documented.
/<<PKGBUILDDIR>>/include/ixion/address.hpp:224: warning: Compound ixion::abs_rc_range_t is not documented.
/<<PKGBUILDDIR>>/include/ixion/address.hpp:236: warning: Compound ixion::abs_rc_range_t::hash is not documented.
/<<PKGBUILDDIR>>/include/ixion/address.hpp:97: warning: Compound ixion::address_t::hash is not documented.
/<<PKGBUILDDIR>>/include/ixion/global.hpp:95: warning: Compound ixion::default_deleter is not documented.
/<<PKGBUILDDIR>>/include/ixion/global.hpp:77: warning: Compound ixion::delete_element is not documented.
/<<PKGBUILDDIR>>/include/ixion/global.hpp:86: warning: Compound ixion::delete_map_value is not documented.
/<<PKGBUILDDIR>>/include/ixion/document.hpp:41: warning: Compound ixion::document::cell_pos is not documented.
/<<PKGBUILDDIR>>/include/ixion/module.hpp:27: warning: Compound ixion::draft::module_def is not documented.
/<<PKGBUILDDIR>>/include/ixion/exceptions.hpp:33: warning: Compound ixion::file_not_found is not documented.
/<<PKGBUILDDIR>>/include/ixion/cell.hpp:35: warning: Compound ixion::formula_cell is not documented.
/<<PKGBUILDDIR>>/include/ixion/global.hpp:61: warning: Compound ixion::formula_error is not documented.
/<<PKGBUILDDIR>>/include/ixion/exceptions.hpp:40: warning: Compound ixion::formula_registration_error is not documented.
/<<PKGBUILDDIR>>/include/ixion/formula_tokens.hpp:40: warning: Compound ixion::formula_token is not documented.
/<<PKGBUILDDIR>>/include/ixion/formula_tokens.hpp:65: warning: Compound ixion::formula_tokens_store is not documented.
/<<PKGBUILDDIR>>/include/ixion/exceptions.hpp:18: warning: Compound ixion::general_error is not documented.
/<<PKGBUILDDIR>>/include/ixion/global.hpp:27: warning: Compound ixion::global is not documented.
/<<PKGBUILDDIR>>/include/ixion/interface/session_handler.hpp:28: warning: Compound ixion::iface::session_handler is not documented.
/<<PKGBUILDDIR>>/include/ixion/interface/table_handler.hpp:21: warning: Compound ixion::iface::table_handler is not documented.
/<<PKGBUILDDIR>>/include/ixion/matrix.hpp:35: warning: Compound ixion::matrix::element is not documented.
/<<PKGBUILDDIR>>/include/ixion/mem_str_buf.hpp:25: warning: Compound ixion::mem_str_buf::hash is not documented.
/<<PKGBUILDDIR>>/include/ixion/model_context.hpp:87: warning: Compound ixion::model_context::input_row is not documented.
/<<PKGBUILDDIR>>/include/ixion/model_context.hpp:52: warning: Compound ixion::model_context::session_handler_factory is not documented.
/<<PKGBUILDDIR>>/include/ixion/model_iterator.hpp:22: warning: Compound ixion::model_iterator is not documented.
/<<PKGBUILDDIR>>/include/ixion/model_iterator.hpp:34: warning: Compound ixion::model_iterator::cell is not documented.
/<<PKGBUILDDIR>>/include/ixion/formula_tokens.hpp:103: warning: Compound ixion::named_expression_t is not documented.
/<<PKGBUILDDIR>>/include/ixion/named_expressions_iterator.hpp:23: warning: Compound ixion::named_expressions_iterator is not documented.
/<<PKGBUILDDIR>>/include/ixion/named_expressions_iterator.hpp:37: warning: Compound ixion::named_expressions_iterator::named_expression is not documented.
/<<PKGBUILDDIR>>/include/ixion/exceptions.hpp:70: warning: Compound ixion::not_implemented_error is not documented.
/<<PKGBUILDDIR>>/include/ixion/matrix.hpp:89: warning: Compound ixion::numeric_matrix is not documented.
/<<PKGBUILDDIR>>/include/ixion/address.hpp:320: warning: Compound ixion::range_t::hash is not documented.
/<<PKGBUILDDIR>>/include/ixion/address.hpp:147: warning: Compound ixion::rc_address_t::hash is not documented.
/<<PKGBUILDDIR>>/include/ixion/table.hpp:16: warning: Compound ixion::table_t is not documented.
p...
Preprocessing /<<PKGBUILDDIR>>/include/ixion/interface/formula_model_access.hpp...
Parsing file /<<PKGBUILDDIR>>/include/ixion/interface/formula_model_access.hpp...
Preprocessing /<<PKGBUILDDIR>>/include/ixion/interface/session_handler.hpp...
Parsing file /<<PKGBUILDDIR>>/include/ixion/interface/session_handler.hpp...
Preprocessing /<<PKGBUILDDIR>>/include/ixion/interface/table_handler.hpp...
Parsing file /<<PKGBUILDDIR>>/include/ixion/interface/table_handler.hpp...
Preprocessing /<<PKGBUILDDIR>>/include/ixion/macros.hpp...
Parsing file /<<PKGBUILDDIR>>/include/ixion/macros.hpp...
Preprocessing /<<PKGBUILDDIR>>/include/ixion/matrix.hpp...
Parsing file /<<PKGBUILDDIR>>/include/ixion/matrix.hpp...
Preprocessing /<<PKGBUILDDIR>>/include/ixion/mem_str_buf.hpp...
Parsing file /<<PKGBUILDDIR>>/include/ixion/mem_str_buf.hpp...
Preprocessing /<<PKGBUILDDIR>>/include/ixion/model_context.hpp...
Parsing file /<<PKGBUILDDIR>>/include/ixion/model_context.hpp...
Preprocessing /<<PKGBUILDDIR>>/include/ixion/model_iterator.hpp...
Parsing file /<<PKGBUILDDIR>>/include/ixion/model_iterator.hpp...
Preprocessing /<<PKGBUILDDIR>>/include/ixion/module.hpp...
Parsing file /<<PKGBUILDDIR>>/include/ixion/module.hpp...
Preprocessing /<<PKGBUILDDIR>>/include/ixion/named_expressions_iterator.hpp...
Parsing file /<<PKGBUILDDIR>>/include/ixion/named_expressions_iterator.hpp...
Preprocessing /<<PKGBUILDDIR>>/include/ixion/table.hpp...
Parsing file /<<PKGBUILDDIR>>/include/ixion/table.hpp...
Preprocessing /<<PKGBUILDDIR>>/include/ixion/types.hpp...
Parsing file /<<PKGBUILDDIR>>/include/ixion/types.hpp...
Building macro definition list...
Building group list...
Building directory list...
Building namespace list...
Building file list...
Building class list...
Computing nesting relations for classes...
Associating documentation with classes...
Building example list...
Searching for enumerations...
Searching for documented typedefs...
Searching for members imported via using declarations...
Searching for included using directives...
Searching for documented variables...
Building interface member list...
Building member list...
Searching for friends...
Searching for documented defines...
Computing class inheritance relations...
Computing class usage relations...
Flushing cached template relations that have become invalid...
Computing class relations...
Add enum values to enums...
Searching for member function documentation...
Creating members for template instances...
Building page list...
Search for main page...
Computing page relations...
Determining the scope of groups...
Sorting lists...
Determining which enums are documented
Computing member relations...
Building full member lists recursively...
Adding members to member groups.
Computing member references...
Inheriting documentation...
Generating disk names...
Adding source references...
Adding xrefitems...
Sorting member lists...
Setting anonymous enum type...
Computing dependencies between directories...
Generating citations page...
Counting members...
Counting data structures...
Resolving user defined references...
Finding anchors and sections in the documentation...
Transferring function references...
Combining using relations...
Adding members to index pages...
Correcting members for VHDL...
Computing tooltip texts...
Generating style sheet...
Generating search indices...
Generating example documentation...
Generating file sources...
Generating code for file /<<PKGBUILDDIR>>/include/ixion/address.hpp...
Generating code for file /<<BUILDDIR>>/li/<<PKGBUILDDIR>>/include/ixion/address.hpp:49: warning: Member init_invalid (enumeration) of struct ixion::abs_address_t is not documented.
/<<PKGBUILDDIR>>/include/ixion/address.hpp:56: warning: Member abs_address_t(init_invalid) (function) of struct ixion::abs_address_t is not documented.
/<<PKGBUILDDIR>>/include/ixion/address.hpp:57: warning: Member abs_address_t(sheet_t _sheet, row_t _row, col_t _column) (function) of struct ixion::abs_address_t is not documented.
/<<PKGBUILDDIR>>/include/ixion/address.hpp:58: warning: Member abs_address_t(const abs_address_t &r) (function) of struct ixion::abs_address_t is not documented.
/<<PKGBUILDDIR>>/include/ixion/address.hpp:60: warning: Member valid() const (function) of struct ixion::abs_address_t is not documented.
/<<PKGBUILDDIR>>/include/ixion/address.hpp:61: warning: Member get_name() const (function) of struct ixion::abs_address_t is not documented.
/<<PKGBUILDDIR>>/include/ixion/address.hpp:51: warning: Member sheet (variable) of struct ixion::abs_address_t is not documented.
/<<PKGBUILDDIR>>/include/ixion/address.hpp:52: warning: Member row (variable) of struct ixion::abs_address_t is not documented.
/<<PKGBUILDDIR>>/include/ixion/address.hpp:53: warning: Member column (variable) of struct ixion::abs_address_t is not documented.
/<<PKGBUILDDIR>>/include/ixion/address.hpp:65: warning: Member operator()(const abs_address_t &addr) const (function) of struct ixion::abs_address_t::hash is not documented.
/<<PKGBUILDDIR>>/include/ixion/address.hpp:86: warning: Member address_t(sheet_t _sheet, row_t _row, col_t _column, bool _abs_sheet=true, bool _abs_row=true, bool _abs_column=true) (function) of struct ixion::address_t is not documented.
/<<PKGBUILDDIR>>/include/ixion/address.hpp:88: warning: Member address_t(const address_t &r) (function) of struct ixion::address_t is not documented.
/<<PKGBUILDDIR>>/include/ixion/address.hpp:89: warning: Member address_t(const abs_address_t &r) (function) of struct ixion::address_t is not documented.
/<<PKGBUILDDIR>>/include/ixion/address.hpp:91: warning: Member valid() const (function) of struct ixion::address_t is not documented.
/<<PKGBUILDDIR>>/include/ixion/address.hpp:92: warning: Member to_abs(const abs_address_t &origin) const (function) of struct ixion::address_t is not documented.
/<<PKGBUILDDIR>>/include/ixion/address.hpp:93: warning: Member get_name() const (function) of struct ixion::address_t is not documented.
/<<PKGBUILDDIR>>/include/ixion/address.hpp:95: warning: Member set_absolute(bool abs) (function) of struct ixion::address_t is not documented.
/<<PKGBUILDDIR>>/include/ixion/address.hpp:78: warning: Member sheet (variable) of struct ixion::address_t is not documented.
/<<PKGBUILDDIR>>/include/ixion/address.hpp:79: warning: Member row (variable) of struct ixion::address_t is not documented.
/<<PKGBUILDDIR>>/include/ixion/address.hpp:80: warning: Member column (variable) of struct ixion::address_t is not documented.
/<<PKGBUILDDIR>>/include/ixion/address.hpp:81: warning: Member abs_sheet (variable) of struct ixion::address_t is not documented.
/<<PKGBUILDDIR>>/include/ixion/address.hpp:82: warning: Member abs_row (variable) of struct ixion::address_t is not documented.
/<<PKGBUILDDIR>>/include/ixion/address.hpp:83: warning: Member abs_column (variable) of struct ixion::address_t is not documented.
/<<PKGBUILDDIR>>/include/ixion/address.hpp:99: warning: Member operator()(const address_t &addr) const (function) of struct ixion::address_t::hash is not documented.
/<<PKGBUILDDIR>>/include/ixion/address.hpp:109: warning: Member init_invalid (enumeration) of struct ixion::abs_rc_address_t is not documented.
/<<PKGBUILDDIR>>/include/ixion/address.hpp:115: warning: Member abs_rc_address_t(init_invalid) (function) of struct ixion::abs_rc_address_t is not documented.
/<<PKGBUILDDIR>>/include/ixion/address.hpp:116: warning: Member abs_rc_address_t(row_t _row, col_t _column) (function) of struct ixion::abs_rc_address_t is not documented.
/<<PKGBUILDDIR>>/include/ixion/address.hpp:117: warning: Member abs_rc_address_t(const abs_rc_address_t &r) (function) of struct ixion::abs_rc_address_t is not documented.
/<<PKGBUILDDIR>>/include/ixion/address.hpp:118: warning: Member abs_rc_address_t(const abs_address_t &r) (function) of struct ixion::abs_rc_address_t is not documented.
/<<PKGBUILDDIR>>/include/ixion/address.hpp:120: warning: Member valid() const (function) of struct ixion::abs_rc_address_t is not documented.
/<<PKGBUILDDIR>>/include/ixion/address.hpp:111: warning: Member row (variable) of struct ixion::abs_rc_address_t is not documented.
/<<PKGBUILDDIR>>/include/ixion/address.hpp:112: warning: Member column (variable) of struct ixion::abs_rc_address_t is not documented.
/<<PKGBUILDDIR>>/include/ixion/address.hpp:124: warning: Member operator()(const abs_rc_address_t &addr) const (function) of struct ixion::abs_rc_address_t::hash is not documented.
/<<PKGBUILDDIR>>/include/ixion/address.hpp:144: warning: Member rc_address_t(row_t _row, col_t _column, bool _abs_row=true, bool _abs_column=true) (function) of struct ixion::rc_address_t is not documented.
/<<PKGBUILDDIR>>/include/ixion/address.hpp:145: warning: Member rc_address_t(const rc_address_t &r) (function) of struct ixion::rc_address_t is not documented.
/<<PKGBUILDDIR>>/include/ixion/address.hpp:138: warning: Member row (variable) of struct ixion::rc_address_t is not documented.
/<<PKGBUILDDIR>>/include/ixion/address.hpp:139: warning: Member column (variable) of struct ixion::rc_address_t is not documented.
/<<PKGBUILDDIR>>/include/ixion/address.hpp:140: warning: Member abs_row (variable) of struct ixion::rc_address_t is not documented.
/<<PKGBUILDDIR>>/include/ixion/address.hpp:141: warning: Member abs_column (variable) of struct ixion::rc_address_t is not documented.
/<<PKGBUILDDIR>>/include/ixion/address.hpp:135: warning: Unexpected end of comment while inside link command

/<<PKGBUILDDIR>>/include/ixion/address.hpp:149: warning: Member operator()(const rc_address_t &addr) const (function) of struct ixion::rc_address_t::hash is not documented.
/<<PKGBUILDDIR>>/include/ixion/address.hpp:158: warning: Member init_invalid (enumeration) of struct ixion::abs_range_t is not documented.
/<<PKGBUILDDIR>>/include/ixion/address.hpp:164: warning: Member abs_range_t(init_invalid) (function) of struct ixion::abs_range_t is not documented.
/<<PKGBUILDDIR>>/include/ixion/address.hpp:165: warning: Member abs_range_t(sheet_t _sheet, row_t _row, col_t _col) (function) of struct ixion::abs_range_t is not documented.
/<<PKGBUILDDIR>>/include/ixion/address.hpp:175: warning: Member abs_range_t(const abs_address_t &addr) (function) of struct ixion::abs_range_t is not documented.
/<<PKGBUILDDIR>>/include/ixion/address.hpp:176: warning: Member abs_range_t(const abs_address_t &addr, row_t row_span, col_t col_span) (function) of struct ixion::abs_range_t is not documented.
/<<PKGBUILDDIR>>/include/ixion/address.hpp:183: warning: Member valid() const (function) of struct ixion::abs_range_t is not documented.
/<<PKGBUILDDIR>>/include/ixion/address.hpp:160: warning: Member first (variable) of struct ixion::abs_range_t is not documented.
/<<PKGBUILDDIR>>/include/ixion/address.hpp:161: warning: Member last (variable) of struct ixion::abs_range_t is not documented.
/<<PKGBUILDDIR>>/include/ixion/address.hpp:180: warning: Member operator()(const abs_range_t &range) const (function) of struct ixion::abs_range_t::hash is not documented.
/<<PKGBUILDDIR>>/include/ixion/address.hpp:226: warning: Member init_invalid (enumeration) of struct ixion::abs_rc_range_t is not documented.
/<<PKGBUILDDIR>>/include/ixion/address.hpp:232: warning: Member abs_rc_range_t(init_invalid) (function) of struct ixion::abs_rc_range_t is not documented.
/<<PKGBUILDDIR>>/include/ixion/address.hpp:233: warning: Member abs_rc_range_t(const abs_rc_range_t &other) (function) of struct ixion::abs_rc_range_t is not documented.
/<<PKGBUILDDIR>>/include/ixion/address.hpp:234: warning: Member abs_rc_range_t(const abs_range_t &other) (function) of struct ixion::abs_rc_range_t is not documented.
/<<PKGBUILDDIR>>/include/ixion/address.hpp:241: warning: Member valid() const (function) of struct ixion::abs_rc_range_t is not documented.
/<<PKGBUILDDIR>>/include/ixion/address.hpp:228: warning: Member first (variable) of struct ixion::abs_rc_range_t is not documented.
/<<PKGBUILDDIR>>/include/ixion/address.hpp:229: warning: Member last (variable) of struct ixion::abs_rc_range_t is not documented.
/<<PKGBUILDDIR>>/include/ixion/address.hpp:238: warning: Member operator()(const abs_rc_range_t &range) const (function) of struct ixion::abs_rc_range_t::hash is not documented.
/<<PKGBUILDDIR>>/include/ixion/address.hpp:286: warning: Member range_t(const address_t &_first, const address_t &_last) (function) of struct ixion::range_t is not documented.
/<<PKGBUILDDIR>>/include/ixion/address.hpp:287: warning: Member range_t(const range_t &r) (function) of struct ixion::range_t is not documented.
/<<PKGBUILDDIR>>/include/ixion/address.hpp:288: warning: Member range_t(const abs_range_t &r) (function) of struct ixion::range_t is not documented.
/<<PKGBUILDDIR>>/include/ixion/address.hpp:290: warning: Member valid() const (function) of struct ixion::range_t is not documented.
/<<PKGBUILDDIR>>/include/ixion/address.hpp:316: warning: Member to_abs(const abs_address_t &origin) const (function) of struct ixion::range_t is not documented.
/<<PKGBUILDDIR>>/include/ixion/address.hpp:318: warning: Member set_absolute(bool abs) (function) of struct ixion::range_t is not documented.
/<<PKGBUILDDIR>>/include/ixion/address.hpp:282: warning: Member first (variable) of struct ixion::range_t is not documented.
/<<PKGBUILDDIR>>/include/ixion/address.hpp:283: warning: Member last (variable) of struct ixion::range_t is not documented.
/<<PKGBUILDDIR>>/include/ixion/address.hpp:322: warning: Member operator()(const range_t &range) const (function) of struct ixion::range_t::hash is not documented.
/<<PKGBUILDDIR>>/include/ixion/address_iterator.hpp:55: warning: Member abs_address_iterator(const abs_range_t &range, rc_direction_t dir) (function) of class ixion::abs_address_iterator is not documented.
/<<PKGBUILDDIR>>/include/ixion/address_iterator.hpp:58: warning: Member begin() const (function) of class ixion::abs_address_iterator is not documented.
/<<PKGBUILDDIR>>/include/ixion/address_iterator.hpp:59: warning: Member end() const (function) of class ixion::abs_address_iterator is not documented.
/<<PKGBUILDDIR>>/include/ixion/address_iterator.hpp:60: warning: Member cbegin() const (function) of class ixion::abs_address_iterator is not documented.
/<<PKGBUILDDIR>>/include/ixion/address_iterator.hpp:61: warning: Member cend() const (function) of class ixion::abs_address_iterator is not documented.
bixion-0.16.1/include/ixion/address_iterator.hpp...
Generating code for file /<<PKGBUILDDIR>>/include/ixion/cell.hpp...
Generating code for file /<<PKGBUILDDIR>>/include/ixion/cell_access.hpp...
Generating code for file /<<PKGBUILDDIR>>/include/ixion/column_store_type.hpp...
Generating code for file /<<PKGBUILDDIR>>/include/ixion/compute_engine.hpp...
Generating code for file /<<PKGBUILDDIR>>/include/ixion/config.hpp...
Generating code for file /<<PKGBUILDDIR>>/include/ixion/dirty_cell_tracker.hpp...
Generating code for file /<<PKGBUILDDIR>>/include/ixion/document.hpp...
Generating code for file /<<PKGBUILDDIR>>/include/ixion/env.hpp...
Generating code for file /<<PKGBUILDDIR>>/include/ixion/exceptions.hpp...
Generating code for file /<<PKGBUILDDIR>>/include/ixion/formula.hpp...
Generating code for file /<<PKGBUILDDIR>>/include/ixion/formula_function_opcode.hpp...
Generating code for file /<<PKGBUILDDIR>>/include/ixion/formula_name_resolver.hpp...
Generating code for file /<<PKGBUILDDIR>>/include/ixion/formula_opcode.hpp...
Generating code for file /<<PKGBUILDDIR>>/include/ixion/formula_result.hpp...
Generating code for file /<<PKGBUILDDIR>>/include/ixion/formula_tokens.hpp...
Generating code for file /<<PKGBUILDDIR>>/include/ixion/formula_tokens_fwd.hpp...
Generating code for file /<<PKGBUILDDIR>>/include/ixion/global.hpp...
Generating code for file /<<PKGBUILDDIR>>/include/ixion/info.hpp...
Generating code for file /<<PKGBUILDDIR>>/include/ixion/interface/formula_model_access.hpp...
Generating code for file /<<PKGBUILDDIR>>/include/ixion/interface/session_handler.hpp...
Generating code for file /<<PKGBUILDDIR>>/include/ixion/interface/table_handler.hpp...
Generating code for file /<<PKGBUILDDIR>>/include/ixion/macros.hpp...
Generating code for file /<<PKGBUILDDIR>>/include/ixion/matrix.hpp...
Generating code for file /<<PKGBUILDDIR>>/include/ixion/mem_str_buf.hpp...
Generating code for file /<<PKGBUILDDIR>>/include/ixion/model_context.hpp...
Generating code for file /<<PKGBUILDDIR>>/include/ixion/model_iterator.hpp...
Generating code for file /<<PKGBUILDDIR>>/include/ixion/module.hpp...
Generating code for file /<<PKGBUILDDIR>>/include/ixion/named_expressions_iterator.hpp...
Generating code for file /<<PKGBUILDDIR>>/include/ixion/table.hpp...
Generating code for file /<<PKGBUILDDIR>>/include/ixion/types.hpp...
Generating file documentation...
Generating page documentation...
Generating docs for page deprecated...
Generating group documentation...
Generating class documentation...
Generating namespace index...
Generating docs for compound ixion::abs_address_t...
Generating docs for nested compound ixion::abs_address_t::hash...
Generating docs for compound ixion::address_t...
Generating docs for nested compound ixion::address_t::hash...
Generating docs for compound ixion::abs_rc_address_t...
Generating docs for nested compound ixion::abs_rc_address_t::hash...
Generating docs for compound ixion::rc_address_t...
Generating docs for nested compound ixion::rc_address_t::hash...
Generating docs for compound ixion::abs_range_t...
Generating docs for nested compound ixion::abs_range_t::hash...
Generating docs for compound ixion::abs_rc_range_t...
Generating docs for nested compound ixion::abs_rc_range_t::hash...
Generating docs for compound ixion::range_t...
Generating docs for nested compound ixion::range_t::hash...
Generating docs for compound ixion::abs_address_iterator...
Gene/<<PKGBUILDDIR>>/include/ixion/address_iterator.hpp:36: warning: Member value_type (typedef) of class ixion::abs_address_iterator::const_iterator is not documented.
/<<PKGBUILDDIR>>/include/ixion/address_iterator.hpp:39: warning: Member const_iterator(const const_iterator &r) (function) of class ixion::abs_address_iterator::const_iterator is not documented.
/<<PKGBUILDDIR>>/include/ixion/address_iterator.hpp:40: warning: Member const_iterator(const_iterator &&r) (function) of class ixion::abs_address_iterator::const_iterator is not documented.
/<<PKGBUILDDIR>>/include/ixion/address_iterator.hpp:43: warning: Member operator++() (function) of class ixion::abs_address_iterator::const_iterator is not documented.
/<<PKGBUILDDIR>>/include/ixion/address_iterator.hpp:44: warning: Member operator++(int) (function) of class ixion::abs_address_iterator::const_iterator is not documented.
/<<PKGBUILDDIR>>/include/ixion/address_iterator.hpp:45: warning: Member operator--() (function) of class ixion::abs_address_iterator::const_iterator is not documented.
/<<PKGBUILDDIR>>/include/ixion/address_iterator.hpp:46: warning: Member operator--(int) (function) of class ixion::abs_address_iterator::const_iterator is not documented.
/<<PKGBUILDDIR>>/include/ixion/address_iterator.hpp:48: warning: Member operator*() const (function) of class ixion::abs_address_iterator::const_iterator is not documented.
/<<PKGBUILDDIR>>/include/ixion/address_iterator.hpp:49: warning: Member operator->() const (function) of class ixion::abs_address_iterator::const_iterator is not documented.
/<<PKGBUILDDIR>>/include/ixion/address_iterator.hpp:51: warning: Member operator==(const const_iterator &r) const (function) of class ixion::abs_address_iterator::const_iterator is not documented.
/<<PKGBUILDDIR>>/include/ixion/address_iterator.hpp:52: warning: Member operator!=(const const_iterator &r) const (function) of class ixion::abs_address_iterator::const_iterator is not documented.
/<<PKGBUILDDIR>>/include/ixion/cell.hpp:45: warning: Member formula_cell(const formula_tokens_store_ptr_t &tokens) (function) of class ixion::formula_cell is not documented.
/<<PKGBUILDDIR>>/include/ixion/cell.hpp:47: warning: Member formula_cell(row_t group_row, col_t group_col, const calc_status_ptr_t &cs, const formula_tokens_store_ptr_t &tokens) (function) of class ixion::formula_cell is not documented.
/<<PKGBUILDDIR>>/include/ixion/cell.hpp:54: warning: Member get_tokens() const (function) of class ixion::formula_cell is not documented.
/<<PKGBUILDDIR>>/include/ixion/cell.hpp:55: warning: Member set_tokens(const formula_tokens_store_ptr_t &tokens) (function) of class ixion::formula_cell is not documented.
/<<PKGBUILDDIR>>/include/ixion/cell.hpp:57: warning: Member get_value(formula_result_wait_policy_t policy) const (function) of class ixion::formula_cell is not documented.
/<<PKGBUILDDIR>>/include/ixion/cell.hpp:58: warning: Member get_string(formula_result_wait_policy_t policy) const (function) of class ixion::formula_cell is not documented.
/<<PKGBUILDDIR>>/include/ixion/cell.hpp:60: warning: Member interpret(iface::formula_model_access &context, const abs_address_t &pos) (function) of class ixion::formula_cell is not documented.
/<<PKGBUILDDIR>>/include/ixion/cell.hpp:88: warning: Member get_raw_result_cache(formula_result_wait_policy_t policy) const (function) of class ixion::formula_cell is not documented.
/<<PKGBUILDDIR>>/include/ixion/cell.hpp:109: warning: Member get_group_properties() const (function) of class ixion::formula_cell is not documented.
/<<PKGBUILDDIR>>/include/ixion/cell.hpp:93: warning: unable to resolve link to 'get_raw_result_cache' for \link command
/<<PKGBUILDDIR>>/include/ixion/cell.hpp:97: warning: Illegal command @return as part of a \link
/<<PKGBUILDDIR>>/include/ixion/cell.hpp:98: warning: Unexpected end of comment while inside link command

/<<PKGBUILDDIR>>/include/ixion/cell_access.hpp:40: warning: Member cell_access(cell_access &&other) (function) of class ixion::cell_access is not documented.
/<<PKGBUILDDIR>>/include/ixion/cell_access.hpp:41: warning: Member operator=(cell_access &&other) (function) of class ixion::cell_access is not documented.
/<<PKGBUILDDIR>>/include/ixion/cell_access.hpp:44: warning: Member get_type() const (function) of class ixion::cell_access is not documented.
/<<PKGBUILDDIR>>/include/ixion/cell_access.hpp:46: warning: Member get_value_type() const (function) of class ixion::cell_access is not documented.
/<<PKGBUILDDIR>>/include/ixion/cell_access.hpp:48: warning: Member get_formula_cell() const (function) of class ixion::cell_access is not documented.
/<<PKGBUILDDIR>>/include/ixion/cell_access.hpp:50: warning: Member get_formula_result() const (function) of class ixion::cell_access is not documented.
/<<PKGBUILDDIR>>/include/ixion/cell_access.hpp:52: warning: Member get_numeric_value() const (function) of class ixion::cell_access is not documented.
/<<PKGBUILDDIR>>/include/ixion/cell_access.hpp:54: warning: Member get_boolean_value() const (function) of class ixion::cell_access is not documented.
/<<PKGBUILDDIR>>/include/ixion/cell_access.hpp:56: warning: Member get_string_value() const (function) of class ixion::cell_access is not documented.
/<<PKGBUILDDIR>>/include/ixion/cell_access.hpp:58: warning: Member get_string_identifier() const (function) of class ixion::cell_access is not documented.
/<<PKGBUILDDIR>>/include/ixion/cell_access.hpp:60: warning: Member get_error_value() const (function) of class ixion::cell_access is not documented.
/<<PKGBUILDDIR>>/include/ixion/column_store_type.hpp:66: warning: Member integer_element_block (typedef) of struct ixion::matrix_store_trait is not documented.
/<<PKGBUILDDIR>>/include/ixion/column_store_type.hpp:67: warning: Member string_element_block (typedef) of struct ixion::matrix_store_trait is not documented.
/<<PKGBUILDDIR>>/include/ixion/column_store_type.hpp:69: warning: Member element_block_func (typedef) of struct ixion::matrix_store_trait is not documented.
/<<PKGBUILDDIR>>/include/ixion/config.hpp:43: warning: Member config(const config &r) (function) of struct ixion::config is not documented.
/<<PKGBUILDDIR>>/include/ixion/dirty_cell_tracker.hpp:81: warning: Member query_dirty_cells(const abs_range_t &modified_cell) const (function) of class ixion::dirty_cell_tracker is not documented.
/<<PKGBUILDDIR>>/include/ixion/dirty_cell_tracker.hpp:83: warning: Member query_dirty_cells(const abs_range_set_t &modified_cells) const (function) of class ixion::dirty_cell_tracker is not documented.
/<<PKGBUILDDIR>>/include/ixion/dirty_cell_tracker.hpp:85: warning: Member query_and_sort_dirty_cells(const abs_range_t &modified_cell) const (function) of class ixion::dirty_cell_tracker is not documented.
/<<PKGBUILDDIR>>/include/ixion/dirty_cell_tracker.hpp:87: warning: Member query_and_sort_dirty_cells(const abs_range_set_t &modified_cells, const abs_range_set_t *dirty_formula_cells=nullptr) const (function) of class ixion::dirty_cell_tracker is not documented.
/<<PKGBUILDDIR>>/include/ixion/dirty_cell_tracker.hpp:90: warning: Member to_string() const (function) of class ixion::dirty_cell_tracker is not documented.
/<<PKGBUILDDIR>>/include/ixion/dirty_cell_tracker.hpp:92: warning: Member empty() const (function) of class ixion::dirty_cell_tracker is not documented.
/<<PKGBUILDDIR>>/include/ixion/document.hpp:59: warning: Member append_sheet(std::string name) (function) of class ixion::document is not documented.
/<<PKGBUILDDIR>>/include/ixion/document.hpp:61: warning: Member get_cell_access(cell_pos pos) const (function) of class ixion::document is not documented.
/<<PKGBUILDDIR>>/include/ixion/document.hpp:63: warning: Member set_numeric_cell(cell_pos pos, double val) (function) of class ixion::document is not documented.
/<<PKGBUILDDIR>>/include/ixion/document.hpp:65: warning: Member set_string_cell(cell_pos pos, const char *p, size_t n) (function) of class ixion::document is not documented.
/<<PKGBUILDDIR>>/include/ixion/document.hpp:67: warning: Member set_string_cell(cell_pos pos, const std::string &s) (function) of class ixion::document is not documented.
/<<PKGBUILDDIR>>/include/ixion/document.hpp:69: warning: Member set_boolean_cell(cell_pos pos, bool val) (function) of class ixion::document is not documented.
/<<PKGBUILDDIR>>/include/ixion/document.hpp:71: warning: Member empty_cell(cell_pos pos) (function) of class ixion::document is not documented.
/<<PKGBUILDDIR>>/include/ixion/document.hpp:73: warning: Member get_numeric_value(cell_pos pos) const (function) of class ixion::document is not documented.
/<<PKGBUILDDIR>>/include/ixion/document.hpp:75: warning: Member get_string_value(cell_pos pos) const (function) of class ixion::document is not documented.
/<<PKGBUILDDIR>>/include/ixion/document.hpp:77: warning: Member set_formula_cell(cell_pos pos, const std::string &formula) (function) of class ixion::document is not documented.
/<<PKGBUILDDIR>>/include/ixion/document.hpp:43: warning: Member cp_type (enumeration) of struct ixion::document::cell_pos is not documented.
/<<PKGBUILDDIR>>/include/ixion/document.hpp:53: warning: Member cell_pos(const char *p) (function) of struct ixion::document::cell_pos is not documented.
/<<PKGBUILDDIR>>/include/ixion/document.hpp:54: warning: Member cell_pos(const char *p, size_t n) (function) of struct ixion::document::cell_pos is not documented.
/<<PKGBUILDDIR>>/include/ixion/document.hpp:55: warning: Member cell_pos(const std::string &s) (function) of struct ixion::document::cell_pos is not documented.
/<<PKGBUILDDIR>>/include/ixion/document.hpp:56: warning: Member cell_pos(const abs_address_t &addr) (function) of struct ixion::document::cell_pos is not documented.
/<<PKGBUILDDIR>>/include/ixion/document.hpp:44: warning: Member type (variable) of struct ixion::document::cell_pos is not documented.
/<<PKGBUILDDIR>>/include/ixion/document.hpp:51: warning: Member value (variable) of struct ixion::document::cell_pos is not documented.
sh: 1: epstopdf: not found
error: Problems running epstopdf. Check your TeX installation!
/<<PKGBUILDDIR>>/include/ixion/exceptions.hpp:22: warning: Member general_error(const std::string &msg) (function) of class ixion::general_error is not documented.
/<<PKGBUILDDIR>>/include/ixion/exceptions.hpp:24: warning: Member what() const override (function) of class ixion::general_error is not documented.
/<<PKGBUILDDIR>>/include/ixion/exceptions.hpp:27: warning: Member set_message(const std::string &msg) (function) of class ixion::general_error is not documented.
sh: 1: epstopdf: not found
error: Problems running epstopdf. Check your TeX installation!
/<<PKGBUILDDIR>>/include/ixion/exceptions.hpp:36: warning: Member file_not_found(const std::string &fpath) (function) of class ixion::file_not_found is not documented.
/<<PKGBUILDDIR>>/include/ixion/exceptions.hpp:22: warning: Member general_error(const std::string &msg) (function) of class ixion::general_error is not documented.
/<<PKGBUILDDIR>>/include/ixion/exceptions.hpp:24: warning: Member what() const override (function) of class ixion::general_error is not documented.
/<<PKGBUILDDIR>>/include/ixion/exceptions.hpp:27: warning: Member set_message(const std::string &msg) (function) of class ixion::general_error is not documented.
sh: 1: epstopdf: not found
error: Problems running epstopdf. Check your TeX installation!
/<<PKGBUILDDIR>>/include/ixion/exceptions.hpp:43: warning: Member formula_registration_error(const std::string &msg) (function) of class ixion::formula_registration_error is not documented.
/<<PKGBUILDDIR>>/include/ixion/exceptions.hpp:22: warning: Member general_error(const std::string &msg) (function) of class ixion::general_error is not documented.
/<<PKGBUILDDIR>>/include/ixion/exceptions.hpp:24: warning: Member what() const override (function) of class ixion::general_error is not documented.
/<<PKGBUILDDIR>>/include/ixion/exceptions.hpp:27: warning: Member set_message(const std::string &msg) (function) of class ixion::general_error is not documented.
sh: 1: epstopdf: not found
error: Problems running epstopdf. Check your TeX installation!
/<<PKGBUILDDIR>>/include/ixion/exceptions.hpp:53: warning: Member error_type (enumeration) of class ixion::model_context_error is not documented.
/<<PKGBUILDDIR>>/include/ixion/exceptions.hpp:61: warning: Member model_context_error(const std::string &msg, error_type type) (function) of class ixion::model_context_error is not documented.
/<<PKGBUILDDIR>>/include/ixion/exceptions.hpp:64: warning: Member get_error_type() const (function) of class ixion::model_context_error is not documented.
/<<PKGBUILDDIR>>/include/ixion/exceptions.hpp:22: warning: Member general_error(const std::string &msg) (function) of class ixion::general_error is not documented.
/<<PKGBUILDDIR>>/include/ixion/exceptions.hpp:24: warning: Member what() const override (function) of class ixion::general_error is not documented.
/<<PKGBUILDDIR>>/include/ixion/exceptions.hpp:27: warning: Member set_message(const std::string &msg) (function) of class ixion::general_error is not documented.
sh: 1: epstopdf: not found
error: Problems running epstopdf. Check your TeX installation!
/<<PKGBUILDDIR>>/include/ixion/exceptions.hpp:73: warning: Member not_implemented_error(const std::string &msg) (function) of class ixion::not_implemented_error is not documented.
/<<PKGBUILDDIR>>/include/ixion/exceptions.hpp:22: warning: Member general_error(const std::string &msg) (function) of class ixion::general_error is not documented.
/<<PKGBUILDDIR>>/include/ixion/exceptions.hpp:24: warning: Member what() const override (function) of class ixion::general_error is not documented.
/<<PKGBUILDDIR>>/include/ixion/exceptions.hpp:27: warning: Member set_message(const std::string &msg) (function) of class ixion::general_error is not documented.
/<<PKGBUILDDIR>>/include/ixion/formula_name_resolver.hpp:41: warning: Member name_type (enumeration) of struct ixion::formula_name_t is not documented.
/<<PKGBUILDDIR>>/include/ixion/formula_name_resolver.hpp:87: warning: Member type (variable) of struct ixion::formula_name_t is not documented.
/<<PKGBUILDDIR>>/include/ixion/formula_name_resolver.hpp:56: warning: Member sheet (variable) of struct ixion::formula_name_t::address_type is not documented.
/<<PKGBUILDDIR>>/include/ixion/formula_name_resolver.hpp:57: warning: Member row (variable) of struct ixion::formula_name_t::address_type is not documented.
/<<PKGBUILDDIR>>/include/ixion/formula_name_resolver.hpp:58: warning: Member col (variable) of struct ixion::formula_name_t::address_type is not documented.
/<<PKGBUILDDIR>>/include/ixion/formula_name_resolver.hpp:59: warning: Member abs_sheet (variable) of struct ixion::formula_name_t::address_type is not documented.
/<<PKGBUILDDIR>>/include/ixion/formula_name_resolver.hpp:60: warning: Member abs_row (variable) of struct ixion::formula_name_t::address_type is not documented.
/<<PKGBUILDDIR>>/include/ixion/formula_name_resolver.hpp:61: warning: Member abs_col (variable) of struct ixion::formula_name_t::address_type is not documented.
/<<PKGBUILDDIR>>/include/ixion/formula_name_resolver.hpp:69: warning: Member first (variable) of struct ixion::formula_name_t::range_type is not documented.
/<<PKGBUILDDIR>>/include/ixion/formula_name_resolver.hpp:70: warning: Member last (variable) of struct ixion::formula_name_t::range_type is not documented.
/<<PKGBUILDDIR>>/include/ixion/formula_name_resolver.hpp:78: warning: Member name (variable) of struct ixion::formula_name_t::table_type is not documented.
/<<PKGBUILDDIR>>/include/ixion/formula_name_resolver.hpp:79: warning: Member name_length (variable) of struct ixion::formula_name_t::table_type is not documented.
/<<PKGBUILDDIR>>/include/ixion/formula_name_resolver.hpp:80: warning: Member column_first (variable) of struct ixion::formula_name_t::table_type is not documented.
/<<PKGBUILDDIR>>/include/ixion/formula_name_resolver.hpp:81: warning: Member column_first_length (variable) of struct ixion::formula_name_t::table_type is not documented.
/<<PKGBUILDDIR>>/include/ixion/formula_name_resolver.hpp:82: warning: Member column_last (variable) of struct ixion::formula_name_t::table_type is not documented.
/<<PKGBUILDDIR>>/include/ixion/formula_name_resolver.hpp:83: warning: Member column_last_length (variable) of struct ixion::formula_name_t::table_type is not documented.
/<<PKGBUILDDIR>>/include/ixion/formula_name_resolver.hpp:84: warning: Member areas (variable) of struct ixion::formula_name_t::table_type is not documented.
/<<PKGBUILDDIR>>/include/ixion/formula_name_resolver.hpp:133: warning: Member get_name(const address_t &addr, const abs_address_t &pos, bool sheet_name) const =0 (function) of class ixion::formula_name_resolver is not documented.
/<<PKGBUILDDIR>>/include/ixion/formula_name_resolver.hpp:134: warning: Member get_name(const range_t &range, const abs_address_t &pos, bool sheet_name) const =0 (function) of class ixion::formula_name_resolver is not documented.
/<<PKGBUILDDIR>>/include/ixion/formula_name_resolver.hpp:135: warning: Member get_name(const table_t &table) const =0 (function) of class ixion::formula_name_resolver is not documented.
/<<PKGBUILDDIR>>/include/ixion/formula_result.hpp:37: warning: Member result_type (enumeration) of class ixion::formula_result is not documented.
/<<PKGBUILDDIR>>/include/ixion/formula_result.hpp:40: warning: Member formula_result(const formula_result &r) (function) of class ixion::formula_result is not documented.
/<<PKGBUILDDIR>>/include/ixion/formula_result.hpp:41: warning: Member formula_result(formula_result &&r) (function) of class ixion::formula_result is not documented.
/<<PKGBUILDDIR>>/include/ixion/formula_result.hpp:42: warning: Member formula_result(double v) (function) of class ixion::formula_result is not documented.
/<<PKGBUILDDIR>>/include/ixion/formula_result.hpp:43: warning: Member formula_result(std::string str) (function) of class ixion::formula_result is not documented.
/<<PKGBUILDDIR>>/include/ixion/formula_result.hpp:44: warning: Member formula_result(formula_error_t e) (function) of class ixion::formula_result is not documented.
/<<PKGBUILDDIR>>/include/ixion/formula_result.hpp:45: warning: Member formula_result(matrix mtx) (function) of class ixion::formula_result is not documented.
/<<PKGBUILDDIR>>/include/ixion/formula_result.hpp:48: warning: Member reset() (function) of class ixion::formula_result is not documented.
/<<PKGBUILDDIR>>/include/ixion/formula_result.hpp:49: warning: Member set_value(double v) (function) of class ixion::formula_result is not documented.
/<<PKGBUILDDIR>>/include/ixion/formula_result.hpp:50: warning: Member set_string_value(std::string str) (function) of class ixion::formula_result is not documented.
/<<PKGBUILDDIR>>/include/ixion/formula_result.hpp:51: warning: Member set_error(formula_error_t e) (function) of class ixion::formula_result is not documented.
/<<PKGBUILDDIR>>/include/ixion/formula_result.hpp:52: warning: Member set_matrix(matrix mtx) (function) of class ixion::formula_result is not documented.
/<<PKGBUILDDIR>>/include/ixion/formula_result.hpp:118: warning: Member operator=(formula_result r) (function) of class ixion::formula_result is not documented.
/<<PKGBUILDDIR>>/include/ixion/formula_result.hpp:119: warning: Member operator==(const formula_result &r) const (function) of class ixion::formula_result is not documented.
/<<PKGBUILDDIR>>/include/ixion/formula_result.hpp:120: warning: Member operator!=(const formula_result &r) const (function) of class ixion::formula_result is not documented.
/<<PKGBUILDDIR>>/include/ixion/formula_tokens.hpp:47: warning: Member formula_token(fopcode_t op) (function) of class ixion::formula_token is not documented.
/<<PKGBUILDDIR>>/include/ixion/formula_tokens.hpp:48: warning: Member formula_token(const formula_token &r) (function) of class ixion::formula_token is not documented.
/<<PKGBUILDDIR>>/include/ixion/formula_tokens.hpp:51: warning: Member get_opcode() const (function) of class ixion::formula_token is not documented.
/<<PKGBUILDDIR>>/include/ixion/formula_tokens.hpp:53: warning: Member operator==(const formula_token &r) const (function) of class ixion::formula_token is not documented.
/<<PKGBUILDDIR>>/include/ixion/formula_tokens.hpp:54: warning: Member operator!=(const formula_token &r) const (function) of class ixion::formula_token is not documented.
/<<PKGBUILDDIR>>/include/ixion/formula_tokens.hpp:56: warning: Member get_single_ref() const (function) of class ixion::formula_token is not documented.
/<<PKGBUILDDIR>>/include/ixion/formula_tokens.hpp:57: warning: Member get_range_ref() const (function) of class ixion::formula_token is not documented.
/<<PKGBUILDDIR>>/include/ixion/formula_tokens.hpp:58: warning: Member get_table_ref() const (function) of class ixion::formula_token is not documented.
/<<PKGBUILDDIR>>/include/ixion/formula_tokens.hpp:59: warning: Member get_value() const (function) of class ixion::formula_token is not documented.
/<<PKGBUILDDIR>>/include/ixion/formula_tokens.hpp:60: warning: Member get_index() const (function) of class ixion::formula_token is not documented.
/<<PKGBUILDDIR>>/include/ixion/formula_tokens.hpp:61: warning: Member get_name() const (function) of class ixion::formula_token is not documented.
/<<PKGBUILDDIR>>/include/ixion/formula_tokens.hpp:62: warning: Member write_string(std::ostream &os) const (function) of class ixion::formula_token is not documented.
/<<PKGBUILDDIR>>/include/ixion/formula_tokens.hpp:87: warning: Member get_reference_count() const (function) of class ixion::formula_tokens_store is not documented.
/<<PKGBUILDDIR>>/include/ixion/formula_tokens.hpp:89: warning: Member get() (function) of class ixion::formula_tokens_store is not documented.
/<<PKGBUILDDIR>>/include/ixion/formula_tokens.hpp:90: warning: Member get() const (function) of class ixion::formula_tokens_store is not documented.
/<<PKGBUILDDIR>>/include/ixion/formula_tokens.hpp:80: warning: Member create() (function) of class ixion::formula_tokens_store is not documented.
/<<PKGBUILDDIR>>/include/ixion/formula_tokens.hpp:109: warning: Member named_expression_t(const abs_address_t &_origin, formula_tokens_t _tokens) (function) of struct ixion::named_expression_t is not documented.
/<<PKGBUILDDIR>>/include/ixion/formula_tokens.hpp:111: warning: Member named_expression_t(named_expression_t &&other) (function) of struct ixion::named_expression_t is not documented.
/<<PKGBUILDDIR>>/include/ixion/formula_tokens.hpp:105: warning: Member origin (variable) of struct ixion::named_expression_t is not documented.
/<<PKGBUILDDIR>>/include/ixion/formula_tokens.hpp:106: warning: Member tokens (variable) of struct ixion::named_expression_t is not documented.
/<<PKGBUILDDIR>>/include/ixion/global.hpp:50: warning: Member to_double(const char *p, size_t n) (function) of class ixion::global is not documented.
/<<PKGBUILDDIR>>/include/ixion/global.hpp:52: warning: Member to_bool(const char *p, size_t n) (function) of class ixion::global is not documented.
sh: 1: epstopdf: not found
error: Problems running epstopdf. Check your TeX installation!
/<<PKGBUILDDIR>>/include/ixion/global.hpp:66: warning: Member formula_error(formula_error_t fe) (function) of class ixion::formula_error is not documented.
/<<PKGBUILDDIR>>/include/ixion/global.hpp:67: warning: Member formula_error(formula_error_t fe, std::string msg) (function) of class ixion::formula_error is not documented.
/<<PKGBUILDDIR>>/include/ixion/global.hpp:68: warning: Member formula_error(formula_error &&other) (function) of class ixion::formula_error is not documented.
/<<PKGBUILDDIR>>/include/ixion/global.hpp:71: warning: Member what() const (function) of class ixion::formula_error is not documented.
/<<PKGBUILDDIR>>/include/ixion/global.hpp:73: warning: Member get_error() const (function) of class ixion::formula_error is not documented.
sh: 1: epstopdf: not found
error: Problems running epstopdf. Check your TeX installation!
/<<PKGBUILDDIR>>/include/ixion/global.hpp:79: warning: Member operator()(_T *p) (function) of struct ixion::delete_element is not documented.
sh: 1: epstopdf: not found
error: Problems running epstopdf. Check your TeX installation!
/<<PKGBUILDDIR>>/include/ixion/global.hpp:88: warning: Member operator()(typename _T::value_type &v) (function) of struct ixion::delete_map_value is not documented.
/<<PKGBUILDDIR>>/include/ixion/global.hpp:97: warning: Member operator()(const _T *p) const (function) of struct ixion::default_deleter is not documented.
/<<PKGBUILDDIR>>/include/ixion/matrix.hpp:33: warning: Member element_type (enumeration) of class ixion::matrix is not documented.
/<<PKGBUILDDIR>>/include/ixion/matrix.hpp:49: warning: Member matrix(size_t rows, size_t cols) (function) of class ixion::matrix is not documented.
/<<PKGBUILDDIR>>/include/ixion/matrix.hpp:50: warning: Member matrix(size_t rows, size_t cols, double numeric) (function) of class ixion::matrix is not documented.
/<<PKGBUILDDIR>>/include/ixion/matrix.hpp:51: warning: Member matrix(size_t rows, size_t cols, bool boolean) (function) of class ixion::matrix is not documented.
/<<PKGBUILDDIR>>/include/ixion/matrix.hpp:52: warning: Member matrix(size_t rows, size_t cols, const std::string &str) (function) of class ixion::matrix is not documented.
/<<PKGBUILDDIR>>/include/ixion/matrix.hpp:53: warning: Member matrix(size_t rows, size_t cols, formula_error_t error) (function) of class ixion::matrix is not documented.
/<<PKGBUILDDIR>>/include/ixion/matrix.hpp:54: warning: Member matrix(const matrix &other) (function) of class ixion::matrix is not documented.
/<<PKGBUILDDIR>>/include/ixion/matrix.hpp:55: warning: Member matrix(matrix &&other) (function) of class ixion::matrix is not documented.
/<<PKGBUILDDIR>>/include/ixion/matrix.hpp:56: warning: Member matrix(const numeric_matrix &other) (function) of class ixion::matrix is not documented.
/<<PKGBUILDDIR>>/include/ixion/matrix.hpp:59: warning: Member operator=(matrix other) (function) of class ixion::matrix is not documented.
/<<PKGBUILDDIR>>/include/ixion/matrix.hpp:69: warning: Member is_numeric(size_t row, size_t col) const (function) of class ixion::matrix is not documented.
/<<PKGBUILDDIR>>/include/ixion/matrix.hpp:70: warning: Member get_numeric(size_t row, size_t col) const (function) of class ixion::matrix is not documented.
/<<PKGBUILDDIR>>/include/ixion/matrix.hpp:71: warning: Member set(size_t row, size_t col, double val) (function) of class ixion::matrix is not documented.
/<<PKGBUILDDIR>>/include/ixion/matrix.hpp:72: warning: Member set(size_t row, size_t col, bool val) (function) of class ixion::matrix is not documented.
/<<PKGBUILDDIR>>/include/ixion/matrix.hpp:73: warning: Member set(size_t row, size_t col, const std::string &str) (function) of class ixion::matrix is not documented.
/<<PKGBUILDDIR>>/include/ixion/matrix.hpp:74: warning: Member set(size_t row, size_t col, formula_error_t val) (function) of class ixion::matrix is not documented.
/<<PKGBUILDDIR>>/include/ixion/matrix.hpp:76: warning: Member get(size_t row, size_t col) const (function) of class ixion::matrix is not documented.
/<<PKGBUILDDIR>>/include/ixion/matrix.hpp:78: warning: Member row_size() const (function) of class ixion::matrix is not documented.
/<<PKGBUILDDIR>>/include/ixion/matrix.hpp:79: warning: Member col_size() const (function) of class ixion::matrix is not documented.
/<<PKGBUILDDIR>>/include/ixion/matrix.hpp:81: warning: Member swap(matrix &r) (function) of class ixion::matrix is not documented.
/<<PKGBUILDDIR>>/include/ixion/matrix.hpp:83: warning: Member as_numeric() const (function) of class ixion::matrix is not documented.
/<<PKGBUILDDIR>>/include/ixion/matrix.hpp:85: warning: Member operator==(const matrix &r) const (function) of class ixion::matrix is not documented.
/<<PKGBUILDDIR>>/include/ixion/matrix.hpp:86: warning: Member operator!=(const matrix &r) const (function) of class ixion::matrix is not documented.
/<<PKGBUILDDIR>>/include/ixion/matrix.hpp:37: warning: Member type (variable) of struct ixion::matrix::element is not documented.
/<<PKGBUILDDIR>>/include/ixion/matrix.hpp:98: warning: Member numeric_matrix(size_t rows, size_t cols) (function) of class ixion::numeric_matrix is not documented.
/<<PKGBUILDDIR>>/include/ixion/matrix.hpp:99: warning: Member numeric_matrix(std::vector< double > array, size_t rows, size_t cols) (function) of class ixion::numeric_matrix is not documented.
/<<PKGBUILDDIR>>/include/ixion/matrix.hpp:100: warning: Member numeric_matrix(numeric_matrix &&r) (function) of class ixion::numeric_matrix is not documented.
/<<PKGBUILDDIR>>/include/ixion/matrix.hpp:103: warning: Member operator=(numeric_matrix other) (function) of class ixion::numeric_matrix is not documented.
/<<PKGBUILDDIR>>/include/ixion/matrix.hpp:105: warning: Member operator()(size_t row, size_t col) (function) of class ixion::numeric_matrix is not documented.
/<<PKGBUILDDIR>>/include/ixion/matrix.hpp:106: warning: Member operator()(size_t row, size_t col) const (function) of class ixion::numeric_matrix is not documented.
/<<PKGBUILDDIR>>/include/ixion/matrix.hpp:108: warning: Member swap(numeric_matrix &r) (function) of class ixion::numeric_matrix is not documented.
/<<PKGBUILDDIR>>/include/ixion/matrix.hpp:110: warning: Member row_size() const (function) of class ixion::numeric_matrix is not documented.
/<<PKGBUILDDIR>>/include/ixion/matrix.hpp:111: warning: Member col_size() const (function) of class ixion::numeric_matrix is not documented.
/<<PKGBUILDDIR>>/include/ixion/mem_str_buf.hpp:31: warning: Member mem_str_buf(const char *p) (function) of class ixion::mem_str_buf is not documented.
/<<PKGBUILDDIR>>/include/ixion/mem_str_buf.hpp:32: warning: Member mem_str_buf(const char *p, size_t n) (function) of class ixion::mem_str_buf is not documented.
/<<PKGBUILDDIR>>/include/ixion/mem_str_buf.hpp:33: warning: Member mem_str_buf(const mem_str_buf &r) (function) of class ixion::mem_str_buf is not documented.
/<<PKGBUILDDIR>>/include/ixion/mem_str_buf.hpp:35: warning: Member append(const char *p) (function) of class ixion::mem_str_buf is not documented.
/<<PKGBUILDDIR>>/include/ixion/mem_str_buf.hpp:36: warning: Member set_start(const char *p) (function) of class ixion::mem_str_buf is not documented.
/<<PKGBUILDDIR>>/include/ixion/mem_str_buf.hpp:37: warning: Member inc() (function) of class ixion::mem_str_buf is not documented.
/<<PKGBUILDDIR>>/include/ixion/mem_str_buf.hpp:38: warning: Member dec() (function) of class ixion::mem_str_buf is not documented.
/<<PKGBUILDDIR>>/include/ixion/mem_str_buf.hpp:39: warning: Member pop_front() (function) of class ixion::mem_str_buf is not documented.
/<<PKGBUILDDIR>>/include/ixion/mem_str_buf.hpp:40: warning: Member empty() const (function) of class ixion::mem_str_buf is not documented.
/<<PKGBUILDDIR>>/include/ixion/mem_str_buf.hpp:41: warning: Member size() const (function) of class ixion::mem_str_buf is not documented.
/<<PKGBUILDDIR>>/include/ixion/mem_str_buf.hpp:42: warning: Member get() const (function) of class ixion::mem_str_buf is not documented.
/<<PKGBUILDDIR>>/include/ixion/mem_str_buf.hpp:43: warning: Member clear() (function) of class ixion::mem_str_buf is not documented.
/<<PKGBUILDDIR>>/include/ixion/mem_str_buf.hpp:44: warning: Member swap(mem_str_buf &r) (function) of class ixion::mem_str_buf is not documented.
/<<PKGBUILDDIR>>/include/ixion/mem_str_buf.hpp:45: warning: Member equals(const char *s) const (function) of class ixion::mem_str_buf is not documented.
/<<PKGBUILDDIR>>/include/ixion/mem_str_buf.hpp:46: warning: Member str() const (function) of class ixion::mem_str_buf is not documented.
/<<PKGBUILDDIR>>/include/ixion/mem_str_buf.hpp:47: warning: Member operator=(const mem_str_buf &r) (function) of class ixion::mem_str_buf is not documented.
/<<PKGBUILDDIR>>/include/ixion/mem_str_buf.hpp:48: warning: Member operator[](size_t pos) const (function) of class ixion::mem_str_buf is not documented.
/<<PKGBUILDDIR>>/include/ixion/mem_str_buf.hpp:49: warning: Member operator==(const mem_str_buf &r) const (function) of class ixion::mem_str_buf is not documented.
/<<PKGBUILDDIR>>/include/ixion/mem_str_buf.hpp:50: warning: Member operator!=(const mem_str_buf &r) const (function) of class ixion::mem_str_buf is not documented.
/<<PKGBUILDDIR>>/include/ixion/mem_str_buf.hpp:51: warning: Member back() const (function) of class ixion::mem_str_buf is not documented.
/<<PKGBUILDDIR>>/include/ixion/mem_str_buf.hpp:27: warning: Member operator()(const mem_str_buf &s) const (function) of struct ixion::mem_str_buf::hash is not documented.
sh: 1: epstopdf: not found
error: Problems running epstopdf. Check your TeX installation!
/<<PKGBUILDDIR>>/include/ixion/model_context.hpp:97: warning: Member model_context(const rc_size_t &sheet_size) (function) of class ixion::model_context is not documented.
/<<PKGBUILDDIR>>/include/ixion/model_context.hpp:102: warning: Member get_config() const override (function) of class ixion::model_context is not documented.
/<<PKGBUILDDIR>>/include/ixion/model_context.hpp:103: warning: Member get_cell_tracker() override (function) of class ixion::model_context is not documented.
/<<PKGBUILDDIR>>/include/ixion/model_context.hpp:104: warning: Member get_cell_tracker() const override (function) of class ixion::model_context is not documented.
/<<PKGBUILDDIR>>/include/ixion/model_context.hpp:106: warning: Member is_empty(const abs_address_t &addr) const override (function) of class ixion::model_context is not documented.
/<<PKGBUILDDIR>>/include/ixion/model_context.hpp:107: warning: Member get_celltype(const abs_address_t &addr) const override (function) of class ixion::model_context is not documented.
/<<PKGBUILDDIR>>/include/ixion/model_context.hpp:109: warning: Member get_boolean_value(const abs_address_t &addr) const override (function) of class ixion::model_context is not documented.
/<<PKGBUILDDIR>>/include/ixion/model_context.hpp:110: warning: Member get_string_identifier(const abs_address_t &addr) const override (function) of class ixion::model_context is not documented.
/<<PKGBUILDDIR>>/include/ixion/model_context.hpp:112: warning: Member get_formula_cell(const abs_address_t &addr) const override (function) of class ixion::model_context is not documented.
/<<PKGBUILDDIR>>/include/ixion/model_context.hpp:113: warning: Member get_formula_cell(const abs_address_t &addr) override (function) of class ixion::model_context is not documented.
/<<PKGBUILDDIR>>/include/ixion/model_context.hpp:115: warning: Member get_formula_result(const abs_address_t &addr) const override (function) of class ixion::model_context is not documented.
/<<PKGBUILDDIR>>/include/ixion/model_context.hpp:119: warning: Member count_range(const abs_range_t &range, const values_t &values_type) const override (function) of class ixion::model_context is not documented.
/<<PKGBUILDDIR>>/include/ixion/model_context.hpp:123: warning: Member get_table_handler() const override (function) of class ixion::model_context is not documented.
/<<PKGBUILDDIR>>/include/ixion/model_context.hpp:125: warning: Member append_string(const char *p, size_t n) override (function) of class ixion::model_context is not documented.
/<<PKGBUILDDIR>>/include/ixion/model_context.hpp:126: warning: Member add_string(const char *p, size_t n) override (function) of class ixion::model_context is not documented.
/<<PKGBUILDDIR>>/include/ixion/model_context.hpp:127: warning: Member get_string(string_id_t identifier) const override (function) of class ixion::model_context is not documented.
/<<PKGBUILDDIR>>/include/ixion/model_context.hpp:129: warning: Member get_sheet_name(sheet_t sheet) const override (function) of class ixion::model_context is not documented.
/<<PKGBUILDDIR>>/include/ixion/model_context.hpp:133: warning: Member set_sheet_size(const rc_size_t &sheet_size) (function) of class ixion::model_context is not documented.
/<<PKGBUILDDIR>>/include/ixion/model_context.hpp:134: warning: Member set_config(const config &cfg) (function) of class ixion::model_context is not documented.
/<<PKGBUILDDIR>>/include/ixion/model_context.hpp:136: warning: Member erase_cell(const abs_address_t &addr) (function) of class ixion::model_context is not documented.
/<<PKGBUILDDIR>>/include/ixion/model_context.hpp:137: warning: Member empty_cell(const abs_address_t &addr) (function) of class ixion::model_context is not documented.
/<<PKGBUILDDIR>>/include/ixion/model_context.hpp:139: warning: Member set_numeric_cell(const abs_address_t &addr, double val) (function) of class ixion::model_context is not documented.
/<<PKGBUILDDIR>>/include/ixion/model_context.hpp:140: warning: Member set_boolean_cell(const abs_address_t &adr, bool val) (function) of class ixion::model_context is not documented.
/<<PKGBUILDDIR>>/include/ixion/model_context.hpp:141: warning: Member set_string_cell(const abs_address_t &addr, const char *p, size_t n) (function) of class ixion::model_context is not documented.
/<<PKGBUILDDIR>>/include/ixion/model_context.hpp:142: warning: Member set_string_cell(const abs_address_t &addr, string_id_t identifier) (function) of class ixion::model_context is not documented.
/<<PKGBUILDDIR>>/include/ixion/model_context.hpp:144: warning: Member get_cell_access(const abs_address_t &addr) const (function) of class ixion::model_context is not documented.
/<<PKGBUILDDIR>>/include/ixion/model_context.hpp:191: warning: Member set_grouped_formula_cells(const abs_range_t &group_range, formula_tokens_t tokens) (function) of class ixion::model_context is not documented.
/<<PKGBUILDDIR>>/include/ixion/model_context.hpp:193: warning: Member set_grouped_formula_cells(const abs_range_t &group_range, formula_tokens_t tokens, formula_result result) (function) of class ixion::model_context is not documented.
/<<PKGBUILDDIR>>/include/ixion/model_context.hpp:195: warning: Member get_data_range(sheet_t sheet) const (function) of class ixion::model_context is not documented.
/<<PKGBUILDDIR>>/include/ixion/model_context.hpp:288: warning: Member set_session_handler_factory(session_handler_factory *factory) (function) of class ixion::model_context is not documented.
/<<PKGBUILDDIR>>/include/ixion/model_context.hpp:290: warning: Member set_table_handler(iface::table_handler *handler) (function) of class ixion::model_context is not documented.
/<<PKGBUILDDIR>>/include/ixion/model_context.hpp:292: warning: Member get_string_count() const (function) of class ixion::model_context is not documented.
/<<PKGBUILDDIR>>/include/ixion/model_context.hpp:294: warning: Member dump_strings() const (function) of class ixion::model_context is not documented.
/<<PKGBUILDDIR>>/include/ixion/model_context.hpp:296: warning: Member get_identifier_from_string(const char *p, size_t n) const (function) of class ixion::model_context is not documented.
/<<PKGBUILDDIR>>/include/ixion/model_context.hpp:355: warning: Member empty() const (function) of class ixion::model_context is not documented.
/<<PKGBUILDDIR>>/include/ixion/model_context.hpp:257: warning: Illegal command @param as part of a \link
/<<PKGBUILDDIR>>/include/ixion/model_context.hpp:259: warning: Illegal command @param as part of a \link
/<<PKGBUILDDIR>>/include/ixion/model_context.hpp:261: warning: Illegal command @return as part of a \link
/<<PKGBUILDDIR>>/include/ixion/model_context.hpp:262: warning: Unexpected end of comment while inside link command

/<<PKGBUILDDIR>>/include/ixion/model_context.hpp:271: warning: Illegal command @param as part of a \link
/<<PKGBUILDDIR>>/include/ixion/model_context.hpp:273: warning: Illegal command @return as part of a \link
/<<PKGBUILDDIR>>/include/ixion/model_context.hpp:274: warning: Unexpected end of comment while inside link command

/<<PKGBUILDDIR>>/include/ixion/model_context.hpp:84: warning: Member input_cell(const input_cell &other) (function) of struct ixion::model_context::input_cell is not documented.
/<<PKGBUILDDIR>>/include/ixion/model_context.hpp:65: warning: Member type (variable) of struct ixion::model_context::input_cell is not documented.
/<<PKGBUILDDIR>>/include/ixion/model_context.hpp:73: warning: Member value (variable) of struct ixion::model_context::input_cell is not documented.
/<<PKGBUILDDIR>>/include/ixion/model_context.hpp:91: warning: Member input_row(std::initializer_list< input_cell > cells) (function) of class ixion::model_context::input_row is not documented.
/<<PKGBUILDDIR>>/include/ixion/model_context.hpp:93: warning: Member cells() const (function) of class ixion::model_context::input_row is not documented.
/<<PKGBUILDDIR>>/include/ixion/model_context.hpp:55: warning: Member create() (function) of class ixion::model_context::session_handler_factory is not documented.
/<<PKGBUILDDIR>>/include/ixion/model_iterator.hpp:62: warning: Member model_iterator(model_iterator &&other) (function) of class ixion::model_iterator is not documented.
/<<PKGBUILDDIR>>/include/ixion/model_iterator.hpp:66: warning: Member operator=(model_iterator &&other) (function) of class ixion::model_iterator is not documented.
/<<PKGBUILDDIR>>/include/ixion/model_iterator.hpp:68: warning: Member has() const (function) of class ixion::model_iterator is not documented.
/<<PKGBUILDDIR>>/include/ixion/model_iterator.hpp:70: warning: Member next() (function) of class ixion::model_iterator is not documented.
/<<PKGBUILDDIR>>/include/ixion/model_iterator.hpp:72: warning: Member get() const (function) of class ixion::model_iterator is not documented.
/<<PKGBUILDDIR>>/include/ixion/model_iterator.hpp:50: warning: Member cell(row_t _row, col_t _col) (function) of struct ixion::model_iterator::cell is not documented.
/<<PKGBUILDDIR>>/include/ixion/model_iterator.hpp:51: warning: Member cell(row_t _row, col_t _col, bool _b) (function) of struct ixion::model_iterator::cell is not documented.
/<<PKGBUILDDIR>>/include/ixion/model_iterator.hpp:52: warning: Member cell(row_t _row, col_t _col, string_id_t _s) (function) of struct ixion::model_iterator::cell is not documented.
/<<PKGBUILDDIR>>/include/ixion/model_iterator.hpp:53: warning: Member cell(row_t _row, col_t _col, double _v) (function) of struct ixion::model_iterator::cell is not documented.
/<<PKGBUILDDIR>>/include/ixion/model_iterator.hpp:54: warning: Member cell(row_t _row, col_t _col, const formula_cell *_f) (function) of struct ixion::model_iterator::cell is not documented.
/<<PKGBUILDDIR>>/include/ixion/model_iterator.hpp:56: warning: Member operator==(const cell &other) const (function) of struct ixion::model_iterator::cell is not documented.
/<<PKGBUILDDIR>>/include/ixion/model_iterator.hpp:57: warning: Member operator!=(const cell &other) const (function) of struct ixion::model_iterator::cell is not documented.
/<<PKGBUILDDIR>>/include/ixion/model_iterator.hpp:36: warning: Member row (variable) of struct ixion::model_iterator::cell is not documented.
/<<PKGBUILDDIR>>/include/ixion/model_iterator.hpp:37: warning: Member col (variable) of struct ixion::model_iterator::cell is not documented.
/<<PKGBUILDDIR>>/include/ixion/model_iterator.hpp:38: warning: Member type (variable) of struct ixion::model_iterator::cell is not documented.
/<<PKGBUILDDIR>>/include/ixion/model_iterator.hpp:47: warning: Member value (variable) of struct ixion::model_iterator::cell is not documented.
/<<PKGBUILDDIR>>/include/ixion/named_expressions_iterator.hpp:34: warning: Member named_expressions_iterator(const named_expressions_iterator &other) (function) of class ixion::named_expressions_iterator is not documented.
/<<PKGBUILDDIR>>/include/ixion/named_expressions_iterator.hpp:43: warning: Member size() const (function) of class ixion::named_expressions_iterator is not documented.
/<<PKGBUILDDIR>>/include/ixion/named_expressions_iterator.hpp:44: warning: Member has() const (function) of class ixion::named_expressions_iterator is not documented.
/<<PKGBUILDDIR>>/include/ixion/named_expressions_iterator.hpp:45: warning: Member next() (function) of class ixion::named_expressions_iterator is not documented.
/<<PKGBUILDDIR>>/include/ixion/named_expressions_iterator.hpp:47: warning: Member get() const (function) of class ixion::named_expressions_iterator is not documented.
/<<PKGBUILDDIR>>/include/ixion/named_expressions_iterator.hpp:49: warning: Member operator=(const named_expressions_iterator &other) (function) of class ixion::named_expressions_iterator is not documented.
/<<PKGBUILDDIR>>/include/ixion/named_expressions_iterator.hpp:39: warning: Member name (variable) of struct ixion::named_expressions_iterator::named_expression is not documented.
/<<PKGBUILDDIR>>/include/ixion/named_expressions_iterator.hpp:40: warning: Member expression (variable) of struct ixion::named_expressions_iterator::named_expression is not documented.
/<<PKGBUILDDIR>>/include/ixion/table.hpp:18: warning: Member name (variable) of struct ixion::table_t is not documented.
/<<PKGBUILDDIR>>/include/ixion/table.hpp:19: warning: Member column_first (variable) of struct ixion::table_t is not documented.
/<<PKGBUILDDIR>>/include/ixion/table.hpp:20: warning: Member column_last (variable) of struct ixion::table_t is not documented.
/<<PKGBUILDDIR>>/include/ixion/table.hpp:21: warning: Member areas (variable) of struct ixion::table_t is not documented.
/<<PKGBUILDDIR>>/include/ixion/types.hpp:137: warning: Member values_t(int val) (function) of class ixion::values_t is not documented.
/<<PKGBUILDDIR>>/include/ixion/types.hpp:138: warning: Member is_numeric() const (function) of class ixion::values_t is not documented.
/<<PKGBUILDDIR>>/include/ixion/types.hpp:139: warning: Member is_boolean() const (function) of class ixion::values_t is not documented.
/<<PKGBUILDDIR>>/include/ixion/types.hpp:140: warning: Member is_string() const (function) of class ixion::values_t is not documented.
/<<PKGBUILDDIR>>/include/ixion/types.hpp:141: warning: Member is_empty() const (function) of class ixion::values_t is not documented.
/<<PKGBUILDDIR>>/include/ixion/types.hpp:132: warning: unable to resolve link to 'value_t' for \link command
/<<PKGBUILDDIR>>/include/ixion/types.hpp:233: warning: Member rc_size_t(const rc_size_t &other) (function) of struct ixion::rc_size_t is not documented.
/<<PKGBUILDDIR>>/include/ixion/types.hpp:234: warning: Member rc_size_t(row_t _row, col_t _column) (function) of struct ixion::rc_size_t is not documented.
/<<PKGBUILDDIR>>/include/ixion/types.hpp:237: warning: Member operator=(const rc_size_t &other) (function) of struct ixion::rc_size_t is not documented.
/<<PKGBUILDDIR>>/include/ixion/types.hpp:229: warning: Member row (variable) of struct ixion::rc_size_t is not documented.
/<<PKGBUILDDIR>>/include/ixion/types.hpp:230: warning: Member column (variable) of struct ixion::rc_size_t is not documented.
/<<PKGBUILDDIR>>/include/ixion/types.hpp:258: warning: Member formula_group_t(const formula_group_t &r) (function) of struct ixion::formula_group_t is not documented.
/<<PKGBUILDDIR>>/include/ixion/types.hpp:259: warning: Member formula_group_t(const rc_size_t &_group_size, uintptr_t _identity, bool _grouped) (function) of struct ixion::formula_group_t is not documented.
/<<PKGBUILDDIR>>/include/ixion/types.hpp:262: warning: Member operator=(const formula_group_t &other) (function) of struct ixion::formula_group_t is not documented.
/<<PKGBUILDDIR>>/include/ixion/compute_engine.hpp:61: warning: Member get_name() const (function) of class ixion::draft::compute_engine is not documented.
/<<PKGBUILDDIR>>/include/ixion/module.hpp:29: warning: Member create_compute_engine (variable) of struct ixion::draft::module_def is not documented.
/<<PKGBUILDDIR>>/include/ixion/module.hpp:30: warning: Member destroy_compute_engine (variable) of struct ixion::draft::module_def is not documented.
sh: 1: epstopdf: not found
error: Problems running epstopdf. Check your TeX installation!
/<<PKGBUILDDIR>>/include/ixion/interface/formula_model_access.hpp:57: warning: Member get_config() const =0 (function) of class ixion::iface::formula_model_access is not documented.
/<<PKGBUILDDIR>>/include/ixion/interface/formula_model_access.hpp:58: warning: Member get_cell_tracker()=0 (function) of class ixion::iface::formula_model_access is not documented.
/<<PKGBUILDDIR>>/include/ixion/interface/formula_model_access.hpp:59: warning: Member get_cell_tracker() const =0 (function) of class ixion::iface::formula_model_access is not documented.
/<<PKGBUILDDIR>>/include/ixion/interface/formula_model_access.hpp:61: warning: Member is_empty(const abs_address_t &addr) const =0 (function) of class ixion::iface::formula_model_access is not documented.
/<<PKGBUILDDIR>>/include/ixion/interface/formula_model_access.hpp:62: warning: Member get_celltype(const abs_address_t &addr) const =0 (function) of class ixion::iface::formula_model_access is not documented.
/<<PKGBUILDDIR>>/include/ixion/interface/formula_model_access.hpp:75: warning: Member get_boolean_value(const abs_address_t &addr) const =0 (function) of class ixion::iface::formula_model_access is not documented.
/<<PKGBUILDDIR>>/include/ixion/interface/formula_model_access.hpp:76: warning: Member get_string_identifier(const abs_address_t &addr) const =0 (function) of class ixion::iface::formula_model_access is not documented.
/<<PKGBUILDDIR>>/include/ixion/interface/formula_model_access.hpp:90: warning: Member get_formula_cell(const abs_address_t &addr) const =0 (function) of class ixion::iface::formula_model_access is not documented.
/<<PKGBUILDDIR>>/include/ixion/interface/formula_model_access.hpp:91: warning: Member get_formula_cell(const abs_address_t &addr)=0 (function) of class ixion::iface::formula_model_access is not documented.
/<<PKGBUILDDIR>>/include/ixion/interface/formula_model_access.hpp:93: warning: Member get_formula_result(const abs_address_t &addr) const =0 (function) of class ixion::iface::formula_model_access is not documented.
/<<PKGBUILDDIR>>/include/ixion/interface/formula_model_access.hpp:106: warning: Member count_range(const abs_range_t &range, const values_t &values_type) const =0 (function) of class ixion::iface::formula_model_access is not documented.
/<<PKGBUILDDIR>>/include/ixion/interface/formula_model_access.hpp:142: warning: Member get_table_handler() const (function) of class ixion::iface::formula_model_access is not documented.
/<<PKGBUILDDIR>>/include/ixion/interface/formula_model_access.hpp:144: warning: Member append_string(const char *p, size_t n)=0 (function) of class ixion::iface::formula_model_access is not documented.
/<<PKGBUILDDIR>>/include/ixion/interface/formula_model_access.hpp:145: warning: Member add_string(const char *p, size_t n)=0 (function) of class ixion::iface::formula_model_access is not documented.
/<<PKGBUILDDIR>>/include/ixion/interface/formula_model_access.hpp:146: warning: Member get_string(string_id_t identifier) const =0 (function) of class ixion::iface::formula_model_access is not documented.
/<<PKGBUILDDIR>>/include/ixion/interface/formula_model_access.hpp:158: warning: Member get_sheet_name(sheet_t sheet) const =0 (function) of class ixion::iface::formula_model_access is not documented.
/<<PKGBUILDDIR>>/include/ixion/interface/session_handler.hpp:33: warning: Member begin_cell_interpret(const abs_address_t &pos)=0 (function) of class ixion::iface::session_handler is not documented.
/<<PKGBUILDDIR>>/include/ixion/interface/session_handler.hpp:34: warning: Member end_cell_interpret()=0 (function) of class ixion::iface::session_handler is not documented.
/<<PKGBUILDDIR>>/include/ixion/interface/session_handler.hpp:35: warning: Member set_result(const formula_result &result)=0 (function) of class ixion::iface::session_handler is not documented.
/<<PKGBUILDDIR>>/include/ixion/interface/session_handler.hpp:36: warning: Member set_invalid_expression(const char *msg)=0 (function) of class ixion::iface::session_handler is not documented.
/<<PKGBUILDDIR>>/include/ixion/interface/session_handler.hpp:37: warning: Member set_formula_error(const char *msg)=0 (function) of class ixion::iface::session_handler is not documented.
/<<PKGBUILDDIR>>/include/ixion/interface/session_handler.hpp:38: warning: Member push_token(fopcode_t fop)=0 (function) of class ixion::iface::session_handler is not documented.
/<<PKGBUILDDIR>>/include/ixion/interface/session_handler.hpp:39: warning: Member push_value(double val)=0 (function) of class ixion::iface::session_handler is not documented.
/<<PKGBUILDDIR>>/include/ixion/interface/session_handler.hpp:40: warning: Member push_string(size_t sid)=0 (function) of class ixion::iface::session_handler is not documented.
/<<PKGBUILDDIR>>/include/ixion/interface/session_handler.hpp:41: warning: Member push_single_ref(const address_t &addr, const abs_address_t &pos)=0 (function) of class ixion::iface::session_handler is not documented.
/<<PKGBUILDDIR>>/include/ixion/interface/session_handler.hpp:42: warning: Member push_range_ref(const range_t &range, const abs_address_t &pos)=0 (function) of class ixion::iface::session_handler is not documented.
/<<PKGBUILDDIR>>/include/ixion/interface/session_handler.hpp:43: warning: Member push_table_ref(const table_t &table)=0 (function) of class ixion::iface::session_handler is not documented.
/<<PKGBUILDDIR>>/include/ixion/interface/session_handler.hpp:44: warning: Member push_function(formula_function_t foc)=0 (function) of class ixion::iface::session_handler is not documented.
/<<PKGBUILDDIR>>/include/ixion/interface/table_handler.hpp:33: warning: unable to resolve link to 'empty_string_id' for \link command
/<<PKGBUILDDIR>>/include/ixion/interface/table_handler.hpp:35: warning: unable to resolve link to 'table_area_t' for \link command
/<<PKGBUILDDIR>>/include/ixion/interface/table_handler.hpp:49: warning: unable to resolve link to 'empty_string_id' for \link command
/<<PKGBUILDDIR>>/include/ixion/interface/table_handler.hpp:51: warning: unable to resolve link to 'table_area_t' for \link command
rating docs for nested compound ixion::abs_address_iterator::const_iterator...
Generating docs for compound ixion::formula_cell...
Generating docs for compound ixion::cell_access...
Generating docs for compound ixion::matrix_store_trait...
Generating docs for compound ixion::config...
Generating docs for compound ixion::dirty_cell_tracker...
Generating docs for compound ixion::document...
Generating docs for nested compound ixion::document::cell_pos...
Generating docs for compound ixion::general_error...
Generating docs for compound ixion::file_not_found...
Generating docs for compound ixion::formula_registration_error...
Generating docs for compound ixion::model_context_error...
Generating docs for compound ixion::not_implemented_error...
Generating docs for compound ixion::formula_name_t...
Generating docs for nested compound ixion::formula_name_t::address_type...
Generating docs for nested compound ixion::formula_name_t::range_type...
Generating docs for nested compound ixion::formula_name_t::table_type...
Generating docs for compound ixion::formula_name_resolver...
Generating docs for compound ixion::formula_result...
Generating docs for compound ixion::formula_token...
Generating docs for compound ixion::formula_tokens_store...
Generating docs for compound ixion::named_expression_t...
Generating docs for compound ixion::global...
Generating docs for compound ixion::formula_error...
Generating docs for compound ixion::delete_element...
Generating docs for compound ixion::delete_map_value...
Generating docs for compound ixion::default_deleter...
Generating docs for compound ixion::matrix...
Generating docs for nested compound ixion::matrix::element...
Generating docs for compound ixion::numeric_matrix...
Generating docs for compound ixion::mem_str_buf...
Generating docs for nested compound ixion::mem_str_buf::hash...
Generating docs for compound ixion::model_context...
Generating docs for nested compound ixion::model_context::input_cell...
Generating docs for nested compound ixion::model_context::input_row...
Generating docs for nested compound ixion::model_context::session_handler_factory...
Generating docs for compound ixion::model_iterator...
Generating docs for nested compound ixion::model_iterator::cell...
Generating docs for compound ixion::named_expressions_iterator...
Generating docs for nested compound ixion::named_expressions_iterator::named_expression...
Generating docs for compound ixion::table_t...
Generating docs for compound ixion::values_t...
Generating docs for compound ixion::rc_size_t...
Generating docs for compound ixion::formula_group_t...
Generating docs for compound ixion::draft::compute_engine...
Generating docs for compound ixion::draft::module_def...
Generating docs for compound ixion::iface::formula_model_access...
Generating docs for compound ixion::iface::session_handler...
Generating docs for compound ixion::iface::table_handler...
Generating graph info page...
Generating directory documentation...
Generating index page...
Generating page index...
Generating module index...
Generating namespace index...
Generating namespace member index...
Generating annotated compound index...
Generating alphabetical compound index...
Generating hierarchical class index...
Generating member index...
Generating file index...
Generating file member index...
Generating example index...
finalizing index lists...
writing tag file...
Generating XML output...
Generating XML output for class ixion::abs_address_iterator
Generating XML output for class ixion::abs_address_t
Generating XML output for class ixion::abs_range_t
Generating XML output for class ixion::abs_rc_address_t
Generating XML output for class ixion::abs_rc_range_t
Generating XML output for class ixion::address_t
Generating XML output for class ixion::formula_name_t::address_type
Generating XML output for class ixion::model_iterator::cell
Generating XML output for class ixion::cell_access
Generating XML output for class ixion::document::cell_pos
Generating XML output for class ixion::draft::compute_engine
Generating XML output for class ixion::conf/<<PKGBUILDDIR>>/include/ixion/cell.hpp:93: warning: unable to resolve link to 'get_raw_result_cache' for \link command
/<<PKGBUILDDIR>>/include/ixion/cell.hpp:97: warning: Illegal command @return as part of a \link
/<<PKGBUILDDIR>>/include/ixion/cell.hpp:98: warning: Unexpected end of comment while inside link command

/<<PKGBUILDDIR>>/include/ixion/model_context.hpp:257: warning: Illegal command @param as part of a \link
/<<PKGBUILDDIR>>/include/ixion/model_context.hpp:259: warning: Illegal command @param as part of a \link
/<<PKGBUILDDIR>>/include/ixion/model_context.hpp:261: warning: Illegal command @return as part of a \link
/<<PKGBUILDDIR>>/include/ixion/model_context.hpp:262: warning: Unexpected end of comment while inside link command

/<<PKGBUILDDIR>>/include/ixion/model_context.hpp:271: warning: Illegal command @param as part of a \link
/<<PKGBUILDDIR>>/include/ixion/model_context.hpp:273: warning: Illegal command @return as part of a \link
/<<PKGBUILDDIR>>/include/ixion/model_context.hpp:274: warning: Unexpected end of comment while inside link command

/<<PKGBUILDDIR>>/include/ixion/address.hpp:135: warning: Unexpected end of comment while inside link command

/<<PKGBUILDDIR>>/include/ixion/interface/table_handler.hpp:33: warning: unable to resolve link to 'empty_string_id' for \link command
/<<PKGBUILDDIR>>/include/ixion/interface/table_handler.hpp:35: warning: unable to resolve link to 'table_area_t' for \link command
/<<PKGBUILDDIR>>/include/ixion/interface/table_handler.hpp:49: warning: unable to resolve link to 'empty_string_id' for \link command
/<<PKGBUILDDIR>>/include/ixion/interface/table_handler.hpp:51: warning: unable to resolve link to 'table_area_t' for \link command
/<<PKGBUILDDIR>>/include/ixion/types.hpp:132: warning: unable to resolve link to 'value_t' for \link command
/<<PKGBUILDDIR>>/include/ixion/types.hpp:89: warning: unable to resolve link to 'celltype_t' for \link command
/<<PKGBUILDDIR>>/include/ixion/types.hpp:179: warning: unable to resolve link to 'ixion::get_formula_error_name' for \link command
/<<PKGBUILDDIR>>/include/ixion/types.hpp:181: warning: Unexpected end of comment while inside link command

/<<PKGBUILDDIR>>/include/ixion/formula.hpp:48: warning: unable to resolve link to 'fop_error' for \link command
/<<PKGBUILDDIR>>/include/ixion/formula.hpp:51: warning: Unexpected end of comment while inside link command

/<<PKGBUILDDIR>>/include/ixion/formula.hpp:135: warning: unable to resolve link to 'ixion::query_dirty_cells' for \link command
/<<PKGBUILDDIR>>/include/ixion/formula.hpp:170: warning: unable to resolve link to 'ixion::query_and_sort_dirty_cells' for \link command
/<<PKGBUILDDIR>>/include/ixion/formula.hpp:171: warning: Illegal command @param as part of a \link
/<<PKGBUILDDIR>>/include/ixion/formula.hpp:177: warning: Unexpected end of comment while inside link command

/<<PKGBUILDDIR>>/include/ixion/formula.hpp:178: warning: The following parameter of ixion::calculate_sorted_cells(iface::formula_model_access &cxt, const std::vector< abs_range_t > &formula_cells, size_t thread_count) is not documented:
  parameter 'thread_count'
ig
Generating XML output for class ixion::abs_address_iterator::const_iterator
Generating XML output for class ixion::default_deleter
Generating XML output for class ixion::delete_element
Generating XML output for class ixion::delete_map_value
Generating XML output for class ixion::dirty_cell_tracker
Generating XML output for class ixion::document
Generating XML output for class ixion::matrix::element
Generating XML output for class ixion::file_not_found
Generating XML output for class ixion::formula_cell
Generating XML output for class ixion::formula_error
Generating XML output for class ixion::formula_group_t
Generating XML output for class ixion::iface::formula_model_access
Generating XML output for class ixion::formula_name_resolver
Generating XML output for class ixion::formula_name_t
Generating XML output for class ixion::formula_registration_error
Generating XML output for class ixion::formula_result
Generating XML output for class ixion::formula_token
Generating XML output for class ixion::formula_tokens_store
Generating XML output for class ixion::general_error
Generating XML output for class ixion::global
Generating XML output for class ixion::abs_address_t::hash
Generating XML output for class ixion::abs_range_t::hash
Generating XML output for class ixion::abs_rc_address_t::hash
Generating XML output for class ixion::abs_rc_range_t::hash
Generating XML output for class ixion::address_t::hash
Generating XML output for class ixion::mem_str_buf::hash
Generating XML output for class ixion::range_t::hash
Generating XML output for class ixion::rc_address_t::hash
Generating XML output for class ixion::model_context::input_cell
Generating XML output for class ixion::model_context::input_row
Generating XML output for class ixion::matrix
Generating XML output for class ixion::matrix_store_trait
Generating XML output for class ixion::mem_str_buf
Generating XML output for class ixion::model_context
Generating XML output for class ixion::model_context_error
Generating XML output for class ixion::model_iterator
Generating XML output for class ixion::draft::module_def
Generating XML output for class ixion::named_expressions_iterator::named_expression
Generating XML output for class ixion::named_expression_t
Generating XML output for class ixion::named_expressions_iterator
Generating XML output for class ixion::not_implemented_error
Generating XML output for class ixion::numeric_matrix
Generating XML output for class ixion::range_t
Generating XML output for class ixion::formula_name_t::range_type
Generating XML output for class ixion::rc_address_t
Generating XML output for class ixion::rc_size_t
Generating XML output for class ixion::iface::session_handler
Generating XML output for class ixion::model_context::session_handler_factory
Generating XML output for class ixion::iface::table_handler
Generating XML output for class ixion::table_t
Generating XML output for class ixion::formula_name_t::table_type
Generating XML output for class ixion::values_t
Generating XML output for namespace ixion
Generating XML output for namespace ixion::detail
Generating XML output for namespace ixion::draft
Generating XML output for namespace ixion::iface
Generating XML output for namespace std
Generating XML output for file address.hpp
Generating XML output for file address_iterator.hpp
Generating XML output for file cell.hpp
Generating XML output for file cell_access.hpp
Generating XML output for file column_store_type.hpp
Generating XML output for file compute_engine.hpp
Generating XML output for file config.hpp
Generating XML output for file dirty_cell_tracker.hpp
Generating XML output for file document.hpp
Generating XML output for file env.hpp
Generating XML output for file exceptions.hpp
Generating XML output for file formula.hpp
Generating XML output for file formula_function_opcode.hpp
Generating XML output for file formula_name_resolver.hpp
Generating XML output for file formula_opcode.hpp
Generating XML output for file formula_result.hpp
Generating XML output for file formula_tokens.hpp
Generating XML output for file formula_tokens_fwd.hpp
Generating XML output for file global.hpp
Generating XML output for file info.hpp
Generating XML output for file formula_model_access.hpp
Generating XML output for file session_handler.hpp
Generating XML output for file table_handler.hpp
Generating XML output for file macros.hpp
Generating XML output for file matrix.hpp
Generating XML output for file mem_str_buf.hpp
Generating XML output for file model_context.hpp
Generating XML output for file model_iterator.hpp
Generating XML output for file module.hpp
Generating XML output for file named_expressions_iterator.hpp
Generating XML output for file table.hpp
Generating XML output for file types.hpp
Generating XML output for page deprecated
Generate XML output for dir /<<PKGBUILDDIR>>/include/
Generate XML output for dir /<<PKGBUILDDIR>>/include/ixion/interface/
Generate XML output for dir /<<PKGBUILDDIR>>/include/ixion/
Running plantuml with JAVA...
lookup cache used 1577/65536 hits=13203 misses=1674
finished...
Running Sphinx v4.2.0
WARNING: html_static_path entry '_static' does not exist
building [mo]: all of 0 po files
building [html]: all source files
updating environment: [new config] 23 added, 0 changed, 0 removed
reading sources... [  4%] cpp/data_store/cell_access
reading sources... [  8%] cpp/data_store/dirty_cell_tracker
reading sources... [ 13%] cpp/data_store/document
reading sources... [ 17%] cpp/data_store/index
reading sources... [ 21%] cpp/data_store/model_context
reading sources... [ 26%] cpp/data_store/types
reading sources... [ 30%] cpp/formula/formula_cell
reading sources... [ 34%] cpp/formula/formula_engine
reading sources... [ 39%] cpp/formula/formula_name_resolver
reading sources... [ 43%] cpp/formula/formula_tokens
reading sources... [ 47%] cpp/formula/index
reading sources... [ 52%] cpp/formula/types
reading sources... [ 56%] cpp/index
reading sources... [ 60%] cpp/interface/index
reading sources... [ 65%] cpp/quickstart/index
reading sources... [ 69%] cpp/quickstart/using_document
reading sources... [ 73%] cpp/quickstart/using_model_context
reading sources... [ 78%] index
reading sources... [ 82%] overview/index
reading sources... [ 86%] python/document
reading sources... [ 91%] python/index
reading sources... [ 95%] python/quickstart
reading sources... [100%] python/sheet

looking for now-outdated files... none found
pickling environment... done
checking consistency... done
preparing documents... done
writing output... [  4%] cpp/data_store/cell_access
writing output... [  8%] cpp/data_store/dirty_cell_tracker
writing output... [ 13%] cpp/data_store/document
writing output... [ 17%] cpp/data_store/index
writing output... [ 21%] cpp/data_store/model_context
writing output... [ 26%] cpp/data_store/types
writing output... [ 30%] cpp/formula/formula_cell
writing output... [ 34%] cpp/formula/formula_engine
writing output... [ 39%] cpp/formula/formula_name_resolver
writing output... [ 43%] cpp/formula/formula_tokens
writing output... [ 47%] cpp/formula/index
writing output... [ 52%] cpp/formula/types
writing output... [ 56%] cpp/index
writing output... [ 60%] cpp/interface/index
writing output... [ 65%] cpp/quickstart/index
writing output... [ 69%] cpp/quickstart/using_document
writing output... [ 73%] cpp/quickstart/using_model_context
writing output... [ 78%] index
writing output... [ 82%] overview/index
writing output... [ 86%] python/document
writing output... [ 91%] python/index
writing output... [ 95%] python/quickstart
writing output... [100%] python/sheet

generating indices... genindex done
writing additional pages... search done
copying static files... done
copying extra files... done
dumping search index in English (code: en)... done
dumping object inventory... done
build succeeded, 1 warning.

The HTML pages are in tmp.
make[1]: Leaving directory '/<<PKGBUILDDIR>>'
   dh_auto_build -Nlibixion-doc
	make -j4
make[1]: Entering directory '/<<PKGBUILDDIR>>'
make  all-recursive
make[2]: Entering directory '/<<PKGBUILDDIR>>'
Making all in src
make[3]: Entering directory '/<<PKGBUILDDIR>>/src'
Making all in include
make[4]: Entering directory '/<<PKGBUILDDIR>>/src/include'
make[4]: Nothing to be done for 'all'.
make[4]: Leaving directory '/<<PKGBUILDDIR>>/src/include'
Making all in libixion
make[4]: Entering directory '/<<PKGBUILDDIR>>/src/libixion'
/bin/bash ../../libtool  --tag=CXX   --mode=compile g++ -DHAVE_CONFIG_H -I. -I../..  -I../../include -I../../src/include -DIXION_BUILD -I/usr/include/mdds-1.5   -Wdate-time -D_FORTIFY_SOURCE=2  -g -O2 -ffile-prefix-map=/<<PKGBUILDDIR>>=. -fstack-protector-strong -Wformat -Werror=format-security -fvisibility=hidden -Wall -Wshadow -Wno-write-strings -pthread -DSIZEOF_VOID_P=8 -O2 -DIXION_THREADS=1 -c -o address.lo address.cpp
/bin/bash ../../libtool  --tag=CXX   --mode=compile g++ -DHAVE_CONFIG_H -I. -I../..  -I../../include -I../../src/include -DIXION_BUILD -I/usr/include/mdds-1.5   -Wdate-time -D_FORTIFY_SOURCE=2  -g -O2 -ffile-prefix-map=/<<PKGBUILDDIR>>=. -fstack-protector-strong -Wformat -Werror=format-security -fvisibility=hidden -Wall -Wshadow -Wno-write-strings -pthread -DSIZEOF_VOID_P=8 -O2 -DIXION_THREADS=1 -c -o address_iterator.lo address_iterator.cpp
/bin/bash ../../libtool  --tag=CXX   --mode=compile g++ -DHAVE_CONFIG_H -I. -I../..  -I../../include -I../../src/include -DIXION_BUILD -I/usr/include/mdds-1.5   -Wdate-time -D_FORTIFY_SOURCE=2  -g -O2 -ffile-prefix-map=/<<PKGBUILDDIR>>=. -fstack-protector-strong -Wformat -Werror=format-security -fvisibility=hidden -Wall -Wshadow -Wno-write-strings -pthread -DSIZEOF_VOID_P=8 -O2 -DIXION_THREADS=1 -c -o calc_status.lo calc_status.cpp
/bin/bash ../../libtool  --tag=CXX   --mode=compile g++ -DHAVE_CONFIG_H -I. -I../..  -I../../include -I../../src/include -DIXION_BUILD -I/usr/include/mdds-1.5   -Wdate-time -D_FORTIFY_SOURCE=2  -g -O2 -ffile-prefix-map=/<<PKGBUILDDIR>>=. -fstack-protector-strong -Wformat -Werror=format-security -fvisibility=hidden -Wall -Wshadow -Wno-write-strings -pthread -DSIZEOF_VOID_P=8 -O2 -DIXION_THREADS=1 -c -o cell.lo cell.cpp
libtool: compile:  g++ -DHAVE_CONFIG_H -I. -I../.. -I../../include -I../../src/include -DIXION_BUILD -I/usr/include/mdds-1.5 -Wdate-time -D_FORTIFY_SOURCE=2 -g -O2 -ffile-prefix-map=/<<PKGBUILDDIR>>=. -fstack-protector-strong -Wformat -Werror=format-security -fvisibility=hidden -Wall -Wshadow -Wno-write-strings -pthread -DSIZEOF_VOID_P=8 -O2 -DIXION_THREADS=1 -c address.cpp  -fPIC -DPIC -o .libs/address.o
libtool: compile:  g++ -DHAVE_CONFIG_H -I. -I../.. -I../../include -I../../src/include -DIXION_BUILD -I/usr/include/mdds-1.5 -Wdate-time -D_FORTIFY_SOURCE=2 -g -O2 -ffile-prefix-map=/<<PKGBUILDDIR>>=. -fstack-protector-strong -Wformat -Werror=format-security -fvisibility=hidden -Wall -Wshadow -Wno-write-strings -pthread -DSIZEOF_VOID_P=8 -O2 -DIXION_THREADS=1 -c address_iterator.cpp  -fPIC -DPIC -o .libs/address_iterator.o
libtool: compile:  g++ -DHAVE_CONFIG_H -I. -I../.. -I../../include -I../../src/include -DIXION_BUILD -I/usr/include/mdds-1.5 -Wdate-time -D_FORTIFY_SOURCE=2 -g -O2 -ffile-prefix-map=/<<PKGBUILDDIR>>=. -fstack-protector-strong -Wformat -Werror=format-security -fvisibility=hidden -Wall -Wshadow -Wno-write-strings -pthread -DSIZEOF_VOID_P=8 -O2 -DIXION_THREADS=1 -c calc_status.cpp  -fPIC -DPIC -o .libs/calc_status.o
libtool: compile:  g++ -DHAVE_CONFIG_H -I. -I../.. -I../../include -I../../src/include -DIXION_BUILD -I/usr/include/mdds-1.5 -Wdate-time -D_FORTIFY_SOURCE=2 -g -O2 -ffile-prefix-map=/<<PKGBUILDDIR>>=. -fstack-protector-strong -Wformat -Werror=format-security -fvisibility=hidden -Wall -Wshadow -Wno-write-strings -pthread -DSIZEOF_VOID_P=8 -O2 -DIXION_THREADS=1 -c cell.cpp  -fPIC -DPIC -o .libs/cell.o
libtool: compile:  g++ -DHAVE_CONFIG_H -I. -I../.. -I../../include -I../../src/include -DIXION_BUILD -I/usr/include/mdds-1.5 -Wdate-time -D_FORTIFY_SOURCE=2 -g -O2 -ffile-prefix-map=/<<PKGBUILDDIR>>=. -fstack-protector-strong -Wformat -Werror=format-security -fvisibility=hidden -Wall -Wshadow -Wno-write-strings -pthread -DSIZEOF_VOID_P=8 -O2 -DIXION_THREADS=1 -c calc_status.cpp  -fPIC -DPIC -o calc_status.o >/dev/null 2>&1
In file included from cell.cpp:16:
In file included from ../../include/ixion/matrix.hpp:12:
In file included from ../../include/ixion/column_store_type.hpp:16:
In file included from /usr/include/mdds-1.5/mdds/multi_type_vector.hpp:1358:
/usr/include/mdds-1.5/mdds/multi_type_vector_def.inl:851:15: warning: variable 'start_pos' set but not used [-Wunused-but-set-variable]
    size_type start_pos = m_cur_size;
              ^
libtool: compile:  g++ -DHAVE_CONFIG_H -I. -I../.. -I../../include -I../../src/include -DIXION_BUILD -I/usr/include/mdds-1.5 -Wdate-time -D_FORTIFY_SOURCE=2 -g -O2 -ffile-prefix-map=/<<PKGBUILDDIR>>=. -fstack-protector-strong -Wformat -Werror=format-security -fvisibility=hidden -Wall -Wshadow -Wno-write-strings -pthread -DSIZEOF_VOID_P=8 -O2 -DIXION_THREADS=1 -c address_iterator.cpp  -fPIC -DPIC -o address_iterator.o >/dev/null 2>&1
libtool: compile:  g++ -DHAVE_CONFIG_H -I. -I../.. -I../../include -I../../src/include -DIXION_BUILD -I/usr/include/mdds-1.5 -Wdate-time -D_FORTIFY_SOURCE=2 -g -O2 -ffile-prefix-map=/<<PKGBUILDDIR>>=. -fstack-protector-strong -Wformat -Werror=format-security -fvisibility=hidden -Wall -Wshadow -Wno-write-strings -pthread -DSIZEOF_VOID_P=8 -O2 -DIXION_THREADS=1 -c address.cpp  -fPIC -DPIC -o address.o >/dev/null 2>&1
/bin/bash ../../libtool  --tag=CXX   --mode=compile g++ -DHAVE_CONFIG_H -I. -I../..  -I../../include -I../../src/include -DIXION_BUILD -I/usr/include/mdds-1.5   -Wdate-time -D_FORTIFY_SOURCE=2  -g -O2 -ffile-prefix-map=/<<PKGBUILDDIR>>=. -fstack-protector-strong -Wformat -Werror=format-security -fvisibility=hidden -Wall -Wshadow -Wno-write-strings -pthread -DSIZEOF_VOID_P=8 -O2 -DIXION_THREADS=1 -c -o cell_access.lo cell_access.cpp
libtool: compile:  g++ -DHAVE_CONFIG_H -I. -I../.. -I../../include -I../../src/include -DIXION_BUILD -I/usr/include/mdds-1.5 -Wdate-time -D_FORTIFY_SOURCE=2 -g -O2 -ffile-prefix-map=/<<PKGBUILDDIR>>=. -fstack-protector-strong -Wformat -Werror=format-security -fvisibility=hidden -Wall -Wshadow -Wno-write-strings -pthread -DSIZEOF_VOID_P=8 -O2 -DIXION_THREADS=1 -c cell_access.cpp  -fPIC -DPIC -o .libs/cell_access.o
/bin/bash ../../libtool  --tag=CXX   --mode=compile g++ -DHAVE_CONFIG_H -I. -I../..  -I../../include -I../../src/include -DIXION_BUILD -I/usr/include/mdds-1.5   -Wdate-time -D_FORTIFY_SOURCE=2  -g -O2 -ffile-prefix-map=/<<PKGBUILDDIR>>=. -fstack-protector-strong -Wformat -Werror=format-security -fvisibility=hidden -Wall -Wshadow -Wno-write-strings -pthread -DSIZEOF_VOID_P=8 -O2 -DIXION_THREADS=1 -c -o compute_engine.lo compute_engine.cpp
libtool: compile:  g++ -DHAVE_CONFIG_H -I. -I../.. -I../../include -I../../src/include -DIXION_BUILD -I/usr/include/mdds-1.5 -Wdate-time -D_FORTIFY_SOURCE=2 -g -O2 -ffile-prefix-map=/<<PKGBUILDDIR>>=. -fstack-protector-strong -Wformat -Werror=format-security -fvisibility=hidden -Wall -Wshadow -Wno-write-strings -pthread -DSIZEOF_VOID_P=8 -O2 -DIXION_THREADS=1 -c compute_engine.cpp  -fPIC -DPIC -o .libs/compute_engine.o
In file included from cell_access.cpp:10:
In file included from ../../include/ixion/model_context.hpp:11:
In file included from ../../include/ixion/column_store_type.hpp:16:
In file included from /usr/include/mdds-1.5/mdds/multi_type_vector.hpp:1358:
/usr/include/mdds-1.5/mdds/multi_type_vector_def.inl:851:15: warning: variable 'start_pos' set but not used [-Wunused-but-set-variable]
    size_type start_pos = m_cur_size;
              ^
/bin/bash ../../libtool  --tag=CXX   --mode=compile g++ -DHAVE_CONFIG_H -I. -I../..  -I../../include -I../../src/include -DIXION_BUILD -I/usr/include/mdds-1.5   -Wdate-time -D_FORTIFY_SOURCE=2  -g -O2 -ffile-prefix-map=/<<PKGBUILDDIR>>=. -fstack-protector-strong -Wformat -Werror=format-security -fvisibility=hidden -Wall -Wshadow -Wno-write-strings -pthread -DSIZEOF_VOID_P=8 -O2 -DIXION_THREADS=1 -c -o concrete_formula_tokens.lo concrete_formula_tokens.cpp
libtool: compile:  g++ -DHAVE_CONFIG_H -I. -I../.. -I../../include -I../../src/include -DIXION_BUILD -I/usr/include/mdds-1.5 -Wdate-time -D_FORTIFY_SOURCE=2 -g -O2 -ffile-prefix-map=/<<PKGBUILDDIR>>=. -fstack-protector-strong -Wformat -Werror=format-security -fvisibility=hidden -Wall -Wshadow -Wno-write-strings -pthread -DSIZEOF_VOID_P=8 -O2 -DIXION_THREADS=1 -c concrete_formula_tokens.cpp  -fPIC -DPIC -o .libs/concrete_formula_tokens.o
1 warning generated.
libtool: compile:  g++ -DHAVE_CONFIG_H -I. -I../.. -I../../include -I../../src/include -DIXION_BUILD -I/usr/include/mdds-1.5 -Wdate-time -D_FORTIFY_SOURCE=2 -g -O2 -ffile-prefix-map=/<<PKGBUILDDIR>>=. -fstack-protector-strong -Wformat -Werror=format-security -fvisibility=hidden -Wall -Wshadow -Wno-write-strings -pthread -DSIZEOF_VOID_P=8 -O2 -DIXION_THREADS=1 -c cell.cpp  -fPIC -DPIC -o cell.o >/dev/null 2>&1
libtool: compile:  g++ -DHAVE_CONFIG_H -I. -I../.. -I../../include -I../../src/include -DIXION_BUILD -I/usr/include/mdds-1.5 -Wdate-time -D_FORTIFY_SOURCE=2 -g -O2 -ffile-prefix-map=/<<PKGBUILDDIR>>=. -fstack-protector-strong -Wformat -Werror=format-security -fvisibility=hidden -Wall -Wshadow -Wno-write-strings -pthread -DSIZEOF_VOID_P=8 -O2 -DIXION_THREADS=1 -c compute_engine.cpp  -fPIC -DPIC -o compute_engine.o >/dev/null 2>&1
libtool: compile:  g++ -DHAVE_CONFIG_H -I. -I../.. -I../../include -I../../src/include -DIXION_BUILD -I/usr/include/mdds-1.5 -Wdate-time -D_FORTIFY_SOURCE=2 -g -O2 -ffile-prefix-map=/<<PKGBUILDDIR>>=. -fstack-protector-strong -Wformat -Werror=format-security -fvisibility=hidden -Wall -Wshadow -Wno-write-strings -pthread -DSIZEOF_VOID_P=8 -O2 -DIXION_THREADS=1 -c concrete_formula_tokens.cpp  -fPIC -DPIC -o concrete_formula_tokens.o >/dev/null 2>&1
1 warning generated.
libtool: compile:  g++ -DHAVE_CONFIG_H -I. -I../.. -I../../include -I../../src/include -DIXION_BUILD -I/usr/include/mdds-1.5 -Wdate-time -D_FORTIFY_SOURCE=2 -g -O2 -ffile-prefix-map=/<<PKGBUILDDIR>>=. -fstack-protector-strong -Wformat -Werror=format-security -fvisibility=hidden -Wall -Wshadow -Wno-write-strings -pthread -DSIZEOF_VOID_P=8 -O2 -DIXION_THREADS=1 -c cell_access.cpp  -fPIC -DPIC -o cell_access.o >/dev/null 2>&1
/bin/bash ../../libtool  --tag=CXX   --mode=compile g++ -DHAVE_CONFIG_H -I. -I../..  -I../../include -I../../src/include -DIXION_BUILD -I/usr/include/mdds-1.5   -Wdate-time -D_FORTIFY_SOURCE=2  -g -O2 -ffile-prefix-map=/<<PKGBUILDDIR>>=. -fstack-protector-strong -Wformat -Werror=format-security -fvisibility=hidden -Wall -Wshadow -Wno-write-strings -pthread -DSIZEOF_VOID_P=8 -O2 -DIXION_THREADS=1 -c -o config.lo config.cpp
libtool: compile:  g++ -DHAVE_CONFIG_H -I. -I../.. -I../../include -I../../src/include -DIXION_BUILD -I/usr/include/mdds-1.5 -Wdate-time -D_FORTIFY_SOURCE=2 -g -O2 -ffile-prefix-map=/<<PKGBUILDDIR>>=. -fstack-protector-strong -Wformat -Werror=format-security -fvisibility=hidden -Wall -Wshadow -Wno-write-strings -pthread -DSIZEOF_VOID_P=8 -O2 -DIXION_THREADS=1 -c config.cpp  -fPIC -DPIC -o .libs/config.o
libtool: compile:  g++ -DHAVE_CONFIG_H -I. -I../.. -I../../include -I../../src/include -DIXION_BUILD -I/usr/include/mdds-1.5 -Wdate-time -D_FORTIFY_SOURCE=2 -g -O2 -ffile-prefix-map=/<<PKGBUILDDIR>>=. -fstack-protector-strong -Wformat -Werror=format-security -fvisibility=hidden -Wall -Wshadow -Wno-write-strings -pthread -DSIZEOF_VOID_P=8 -O2 -DIXION_THREADS=1 -c config.cpp  -fPIC -DPIC -o config.o >/dev/null 2>&1
/bin/bash ../../libtool  --tag=CXX   --mode=compile g++ -DHAVE_CONFIG_H -I. -I../..  -I../../include -I../../src/include -DIXION_BUILD -I/usr/include/mdds-1.5   -Wdate-time -D_FORTIFY_SOURCE=2  -g -O2 -ffile-prefix-map=/<<PKGBUILDDIR>>=. -fstack-protector-strong -Wformat -Werror=format-security -fvisibility=hidden -Wall -Wshadow -Wno-write-strings -pthread -DSIZEOF_VOID_P=8 -O2 -DIXION_THREADS=1 -c -o debug.lo debug.cpp
libtool: compile:  g++ -DHAVE_CONFIG_H -I. -I../.. -I../../include -I../../src/include -DIXION_BUILD -I/usr/include/mdds-1.5 -Wdate-time -D_FORTIFY_SOURCE=2 -g -O2 -ffile-prefix-map=/<<PKGBUILDDIR>>=. -fstack-protector-strong -Wformat -Werror=format-security -fvisibility=hidden -Wall -Wshadow -Wno-write-strings -pthread -DSIZEOF_VOID_P=8 -O2 -DIXION_THREADS=1 -c debug.cpp  -fPIC -DPIC -o .libs/debug.o
/bin/bash ../../libtool  --tag=CXX   --mode=compile g++ -DHAVE_CONFIG_H -I. -I../..  -I../../include -I../../src/include -DIXION_BUILD -I/usr/include/mdds-1.5   -Wdate-time -D_FORTIFY_SOURCE=2  -g -O2 -ffile-prefix-map=/<<PKGBUILDDIR>>=. -fstack-protector-strong -Wformat -Werror=format-security -fvisibility=hidden -Wall -Wshadow -Wno-write-strings -pthread -DSIZEOF_VOID_P=8 -O2 -DIXION_THREADS=1 -c -o dirty_cell_tracker.lo dirty_cell_tracker.cpp
libtool: compile:  g++ -DHAVE_CONFIG_H -I. -I../.. -I../../include -I../../src/include -DIXION_BUILD -I/usr/include/mdds-1.5 -Wdate-time -D_FORTIFY_SOURCE=2 -g -O2 -ffile-prefix-map=/<<PKGBUILDDIR>>=. -fstack-protector-strong -Wformat -Werror=format-security -fvisibility=hidden -Wall -Wshadow -Wno-write-strings -pthread -DSIZEOF_VOID_P=8 -O2 -DIXION_THREADS=1 -c dirty_cell_tracker.cpp  -fPIC -DPIC -o .libs/dirty_cell_tracker.o
libtool: compile:  g++ -DHAVE_CONFIG_H -I. -I../.. -I../../include -I../../src/include -DIXION_BUILD -I/usr/include/mdds-1.5 -Wdate-time -D_FORTIFY_SOURCE=2 -g -O2 -ffile-prefix-map=/<<PKGBUILDDIR>>=. -fstack-protector-strong -Wformat -Werror=format-security -fvisibility=hidden -Wall -Wshadow -Wno-write-strings -pthread -DSIZEOF_VOID_P=8 -O2 -DIXION_THREADS=1 -c debug.cpp  -fPIC -DPIC -o debug.o >/dev/null 2>&1
/bin/bash ../../libtool  --tag=CXX   --mode=compile g++ -DHAVE_CONFIG_H -I. -I../..  -I../../include -I../../src/include -DIXION_BUILD -I/usr/include/mdds-1.5   -Wdate-time -D_FORTIFY_SOURCE=2  -g -O2 -ffile-prefix-map=/<<PKGBUILDDIR>>=. -fstack-protector-strong -Wformat -Werror=format-security -fvisibility=hidden -Wall -Wshadow -Wno-write-strings -pthread -DSIZEOF_VOID_P=8 -O2 -DIXION_THREADS=1 -c -o document.lo document.cpp
libtool: compile:  g++ -DHAVE_CONFIG_H -I. -I../.. -I../../include -I../../src/include -DIXION_BUILD -I/usr/include/mdds-1.5 -Wdate-time -D_FORTIFY_SOURCE=2 -g -O2 -ffile-prefix-map=/<<PKGBUILDDIR>>=. -fstack-protector-strong -Wformat -Werror=format-security -fvisibility=hidden -Wall -Wshadow -Wno-write-strings -pthread -DSIZEOF_VOID_P=8 -O2 -DIXION_THREADS=1 -c document.cpp  -fPIC -DPIC -o .libs/document.o
/bin/bash ../../libtool  --tag=CXX   --mode=compile g++ -DHAVE_CONFIG_H -I. -I../..  -I../../include -I../../src/include -DIXION_BUILD -I/usr/include/mdds-1.5   -Wdate-time -D_FORTIFY_SOURCE=2  -g -O2 -ffile-prefix-map=/<<PKGBUILDDIR>>=. -fstack-protector-strong -Wformat -Werror=format-security -fvisibility=hidden -Wall -Wshadow -Wno-write-strings -pthread -DSIZEOF_VOID_P=8 -O2 -DIXION_THREADS=1 -c -o exceptions.lo exceptions.cpp
libtool: compile:  g++ -DHAVE_CONFIG_H -I. -I../.. -I../../include -I../../src/include -DIXION_BUILD -I/usr/include/mdds-1.5 -Wdate-time -D_FORTIFY_SOURCE=2 -g -O2 -ffile-prefix-map=/<<PKGBUILDDIR>>=. -fstack-protector-strong -Wformat -Werror=format-security -fvisibility=hidden -Wall -Wshadow -Wno-write-strings -pthread -DSIZEOF_VOID_P=8 -O2 -DIXION_THREADS=1 -c exceptions.cpp  -fPIC -DPIC -o .libs/exceptions.o
/bin/bash ../../libtool  --tag=CXX   --mode=compile g++ -DHAVE_CONFIG_H -I. -I../..  -I../../include -I../../src/include -DIXION_BUILD -I/usr/include/mdds-1.5   -Wdate-time -D_FORTIFY_SOURCE=2  -g -O2 -ffile-prefix-map=/<<PKGBUILDDIR>>=. -fstack-protector-strong -Wformat -Werror=format-security -fvisibility=hidden -Wall -Wshadow -Wno-write-strings -pthread -DSIZEOF_VOID_P=8 -O2 -DIXION_THREADS=1 -c -o formula.lo formula.cpp
libtool: compile:  g++ -DHAVE_CONFIG_H -I. -I../.. -I../../include -I../../src/include -DIXION_BUILD -I/usr/include/mdds-1.5 -Wdate-time -D_FORTIFY_SOURCE=2 -g -O2 -ffile-prefix-map=/<<PKGBUILDDIR>>=. -fstack-protector-strong -Wformat -Werror=format-security -fvisibility=hidden -Wall -Wshadow -Wno-write-strings -pthread -DSIZEOF_VOID_P=8 -O2 -DIXION_THREADS=1 -c formula.cpp  -fPIC -DPIC -o .libs/formula.o
In file included from document.cpp:10:
In file included from ../../include/ixion/model_context.hpp:11:
In file included from ../../include/ixion/column_store_type.hpp:16:
In file included from /usr/include/mdds-1.5/mdds/multi_type_vector.hpp:1358:
/usr/include/mdds-1.5/mdds/multi_type_vector_def.inl:851:15: warning: variable 'start_pos' set but not used [-Wunused-but-set-variable]
    size_type start_pos = m_cur_size;
              ^
exceptions.cpp:38:29: warning: function previously declared with an explicit exception specification redeclared with an implicit exception specification [-Wimplicit-exception-spec-mismatch]
formula_registration_error::~formula_registration_error() {}
                            ^
../../include/ixion/exceptions.hpp:44:13: note: previous declaration is here
    virtual ~formula_registration_error() throw() override;
            ^
exceptions.cpp:67:24: warning: function previously declared with an explicit exception specification redeclared with an implicit exception specification [-Wimplicit-exception-spec-mismatch]
not_implemented_error::~not_implemented_error() {}
                       ^
../../include/ixion/exceptions.hpp:74:13: note: previous declaration is here
    virtual ~not_implemented_error() throw() override;
            ^
2 warnings generated.
libtool: compile:  g++ -DHAVE_CONFIG_H -I. -I../.. -I../../include -I../../src/include -DIXION_BUILD -I/usr/include/mdds-1.5 -Wdate-time -D_FORTIFY_SOURCE=2 -g -O2 -ffile-prefix-map=/<<PKGBUILDDIR>>=. -fstack-protector-strong -Wformat -Werror=format-security -fvisibility=hidden -Wall -Wshadow -Wno-write-strings -pthread -DSIZEOF_VOID_P=8 -O2 -DIXION_THREADS=1 -c exceptions.cpp  -fPIC -DPIC -o exceptions.o >/dev/null 2>&1
/bin/bash ../../libtool  --tag=CXX   --mode=compile g++ -DHAVE_CONFIG_H -I. -I../..  -I../../include -I../../src/include -DIXION_BUILD -I/usr/include/mdds-1.5   -Wdate-time -D_FORTIFY_SOURCE=2  -g -O2 -ffile-prefix-map=/<<PKGBUILDDIR>>=. -fstack-protector-strong -Wformat -Werror=format-security -fvisibility=hidden -Wall -Wshadow -Wno-write-strings -pthread -DSIZEOF_VOID_P=8 -O2 -DIXION_THREADS=1 -c -o formula_calc.lo formula_calc.cpp
libtool: compile:  g++ -DHAVE_CONFIG_H -I. -I../.. -I../../include -I../../src/include -DIXION_BUILD -I/usr/include/mdds-1.5 -Wdate-time -D_FORTIFY_SOURCE=2 -g -O2 -ffile-prefix-map=/<<PKGBUILDDIR>>=. -fstack-protector-strong -Wformat -Werror=format-security -fvisibility=hidden -Wall -Wshadow -Wno-write-strings -pthread -DSIZEOF_VOID_P=8 -O2 -DIXION_THREADS=1 -c formula_calc.cpp  -fPIC -DPIC -o .libs/formula_calc.o
1 warning generated.
libtool: compile:  g++ -DHAVE_CONFIG_H -I. -I../.. -I../../include -I../../src/include -DIXION_BUILD -I/usr/include/mdds-1.5 -Wdate-time -D_FORTIFY_SOURCE=2 -g -O2 -ffile-prefix-map=/<<PKGBUILDDIR>>=. -fstack-protector-strong -Wformat -Werror=format-security -fvisibility=hidden -Wall -Wshadow -Wno-write-strings -pthread -DSIZEOF_VOID_P=8 -O2 -DIXION_THREADS=1 -c document.cpp  -fPIC -DPIC -o document.o >/dev/null 2>&1
libtool: compile:  g++ -DHAVE_CONFIG_H -I. -I../.. -I../../include -I../../src/include -DIXION_BUILD -I/usr/include/mdds-1.5 -Wdate-time -D_FORTIFY_SOURCE=2 -g -O2 -ffile-prefix-map=/<<PKGBUILDDIR>>=. -fstack-protector-strong -Wformat -Werror=format-security -fvisibility=hidden -Wall -Wshadow -Wno-write-strings -pthread -DSIZEOF_VOID_P=8 -O2 -DIXION_THREADS=1 -c formula.cpp  -fPIC -DPIC -o formula.o >/dev/null 2>&1
libtool: compile:  g++ -DHAVE_CONFIG_H -I. -I../.. -I../../include -I../../src/include -DIXION_BUILD -I/usr/include/mdds-1.5 -Wdate-time -D_FORTIFY_SOURCE=2 -g -O2 -ffile-prefix-map=/<<PKGBUILDDIR>>=. -fstack-protector-strong -Wformat -Werror=format-security -fvisibility=hidden -Wall -Wshadow -Wno-write-strings -pthread -DSIZEOF_VOID_P=8 -O2 -DIXION_THREADS=1 -c formula_calc.cpp  -fPIC -DPIC -o formula_calc.o >/dev/null 2>&1
/bin/bash ../../libtool  --tag=CXX   --mode=compile g++ -DHAVE_CONFIG_H -I. -I../..  -I../../include -I../../src/include -DIXION_BUILD -I/usr/include/mdds-1.5   -Wdate-time -D_FORTIFY_SOURCE=2  -g -O2 -ffile-prefix-map=/<<PKGBUILDDIR>>=. -fstack-protector-strong -Wformat -Werror=format-security -fvisibility=hidden -Wall -Wshadow -Wno-write-strings -pthread -DSIZEOF_VOID_P=8 -O2 -DIXION_THREADS=1 -c -o formula_function_opcode.lo formula_function_opcode.cpp
libtool: compile:  g++ -DHAVE_CONFIG_H -I. -I../.. -I../../include -I../../src/include -DIXION_BUILD -I/usr/include/mdds-1.5 -Wdate-time -D_FORTIFY_SOURCE=2 -g -O2 -ffile-prefix-map=/<<PKGBUILDDIR>>=. -fstack-protector-strong -Wformat -Werror=format-security -fvisibility=hidden -Wall -Wshadow -Wno-write-strings -pthread -DSIZEOF_VOID_P=8 -O2 -DIXION_THREADS=1 -c formula_function_opcode.cpp  -fPIC -DPIC -o .libs/formula_function_opcode.o
libtool: compile:  g++ -DHAVE_CONFIG_H -I. -I../.. -I../../include -I../../src/include -DIXION_BUILD -I/usr/include/mdds-1.5 -Wdate-time -D_FORTIFY_SOURCE=2 -g -O2 -ffile-prefix-map=/<<PKGBUILDDIR>>=. -fstack-protector-strong -Wformat -Werror=format-security -fvisibility=hidden -Wall -Wshadow -Wno-write-strings -pthread -DSIZEOF_VOID_P=8 -O2 -DIXION_THREADS=1 -c formula_function_opcode.cpp  -fPIC -DPIC -o formula_function_opcode.o >/dev/null 2>&1
/bin/bash ../../libtool  --tag=CXX   --mode=compile g++ -DHAVE_CONFIG_H -I. -I../..  -I../../include -I../../src/include -DIXION_BUILD -I/usr/include/mdds-1.5   -Wdate-time -D_FORTIFY_SOURCE=2  -g -O2 -ffile-prefix-map=/<<PKGBUILDDIR>>=. -fstack-protector-strong -Wformat -Werror=format-security -fvisibility=hidden -Wall -Wshadow -Wno-write-strings -pthread -DSIZEOF_VOID_P=8 -O2 -DIXION_THREADS=1 -c -o formula_functions.lo formula_functions.cpp
libtool: compile:  g++ -DHAVE_CONFIG_H -I. -I../.. -I../../include -I../../src/include -DIXION_BUILD -I/usr/include/mdds-1.5 -Wdate-time -D_FORTIFY_SOURCE=2 -g -O2 -ffile-prefix-map=/<<PKGBUILDDIR>>=. -fstack-protector-strong -Wformat -Werror=format-security -fvisibility=hidden -Wall -Wshadow -Wno-write-strings -pthread -DSIZEOF_VOID_P=8 -O2 -DIXION_THREADS=1 -c formula_functions.cpp  -fPIC -DPIC -o .libs/formula_functions.o
/bin/bash ../../libtool  --tag=CXX   --mode=compile g++ -DHAVE_CONFIG_H -I. -I../..  -I../../include -I../../src/include -DIXION_BUILD -I/usr/include/mdds-1.5   -Wdate-time -D_FORTIFY_SOURCE=2  -g -O2 -ffile-prefix-map=/<<PKGBUILDDIR>>=. -fstack-protector-strong -Wformat -Werror=format-security -fvisibility=hidden -Wall -Wshadow -Wno-write-strings -pthread -DSIZEOF_VOID_P=8 -O2 -DIXION_THREADS=1 -c -o formula_interpreter.lo formula_interpreter.cpp
libtool: compile:  g++ -DHAVE_CONFIG_H -I. -I../.. -I../../include -I../../src/include -DIXION_BUILD -I/usr/include/mdds-1.5 -Wdate-time -D_FORTIFY_SOURCE=2 -g -O2 -ffile-prefix-map=/<<PKGBUILDDIR>>=. -fstack-protector-strong -Wformat -Werror=format-security -fvisibility=hidden -Wall -Wshadow -Wno-write-strings -pthread -DSIZEOF_VOID_P=8 -O2 -DIXION_THREADS=1 -c formula_interpreter.cpp  -fPIC -DPIC -o .libs/formula_interpreter.o
/bin/bash ../../libtool  --tag=CXX   --mode=compile g++ -DHAVE_CONFIG_H -I. -I../..  -I../../include -I../../src/include -DIXION_BUILD -I/usr/include/mdds-1.5   -Wdate-time -D_FORTIFY_SOURCE=2  -g -O2 -ffile-prefix-map=/<<PKGBUILDDIR>>=. -fstack-protector-strong -Wformat -Werror=format-security -fvisibility=hidden -Wall -Wshadow -Wno-write-strings -pthread -DSIZEOF_VOID_P=8 -O2 -DIXION_THREADS=1 -c -o formula_lexer.lo formula_lexer.cpp
libtool: compile:  g++ -DHAVE_CONFIG_H -I. -I../.. -I../../include -I../../src/include -DIXION_BUILD -I/usr/include/mdds-1.5 -Wdate-time -D_FORTIFY_SOURCE=2 -g -O2 -ffile-prefix-map=/<<PKGBUILDDIR>>=. -fstack-protector-strong -Wformat -Werror=format-security -fvisibility=hidden -Wall -Wshadow -Wno-write-strings -pthread -DSIZEOF_VOID_P=8 -O2 -DIXION_THREADS=1 -c formula_lexer.cpp  -fPIC -DPIC -o .libs/formula_lexer.o
libtool: compile:  g++ -DHAVE_CONFIG_H -I. -I../.. -I../../include -I../../src/include -DIXION_BUILD -I/usr/include/mdds-1.5 -Wdate-time -D_FORTIFY_SOURCE=2 -g -O2 -ffile-prefix-map=/<<PKGBUILDDIR>>=. -fstack-protector-strong -Wformat -Werror=format-security -fvisibility=hidden -Wall -Wshadow -Wno-write-strings -pthread -DSIZEOF_VOID_P=8 -O2 -DIXION_THREADS=1 -c dirty_cell_tracker.cpp  -fPIC -DPIC -o dirty_cell_tracker.o >/dev/null 2>&1
In file included from formula_functions.cpp:12:
In file included from ../../include/ixion/matrix.hpp:12:
In file included from ../../include/ixion/column_store_type.hpp:16:
In file included from /usr/include/mdds-1.5/mdds/multi_type_vector.hpp:1358:
/usr/include/mdds-1.5/mdds/multi_type_vector_def.inl:851:15: warning: variable 'start_pos' set but not used [-Wunused-but-set-variable]
    size_type start_pos = m_cur_size;
              ^
In file included from formula_interpreter.cpp:15:
In file included from ../../include/ixion/matrix.hpp:12:
In file included from ../../include/ixion/column_store_type.hpp:16:
In file included from /usr/include/mdds-1.5/mdds/multi_type_vector.hpp:1358:
/usr/include/mdds-1.5/mdds/multi_type_vector_def.inl:851:15: warning: variable 'start_pos' set but not used [-Wunused-but-set-variable]
    size_type start_pos = m_cur_size;
              ^
libtool: compile:  g++ -DHAVE_CONFIG_H -I. -I../.. -I../../include -I../../src/include -DIXION_BUILD -I/usr/include/mdds-1.5 -Wdate-time -D_FORTIFY_SOURCE=2 -g -O2 -ffile-prefix-map=/<<PKGBUILDDIR>>=. -fstack-protector-strong -Wformat -Werror=format-security -fvisibility=hidden -Wall -Wshadow -Wno-write-strings -pthread -DSIZEOF_VOID_P=8 -O2 -DIXION_THREADS=1 -c formula_lexer.cpp  -fPIC -DPIC -o formula_lexer.o >/dev/null 2>&1
1 warning generated.
libtool: compile:  g++ -DHAVE_CONFIG_H -I. -I../.. -I../../include -I../../src/include -DIXION_BUILD -I/usr/include/mdds-1.5 -Wdate-time -D_FORTIFY_SOURCE=2 -g -O2 -ffile-prefix-map=/<<PKGBUILDDIR>>=. -fstack-protector-strong -Wformat -Werror=format-security -fvisibility=hidden -Wall -Wshadow -Wno-write-strings -pthread -DSIZEOF_VOID_P=8 -O2 -DIXION_THREADS=1 -c formula_functions.cpp  -fPIC -DPIC -o formula_functions.o >/dev/null 2>&1
/bin/bash ../../libtool  --tag=CXX   --mode=compile g++ -DHAVE_CONFIG_H -I. -I../..  -I../../include -I../../src/include -DIXION_BUILD -I/usr/include/mdds-1.5   -Wdate-time -D_FORTIFY_SOURCE=2  -g -O2 -ffile-prefix-map=/<<PKGBUILDDIR>>=. -fstack-protector-strong -Wformat -Werror=format-security -fvisibility=hidden -Wall -Wshadow -Wno-write-strings -pthread -DSIZEOF_VOID_P=8 -O2 -DIXION_THREADS=1 -c -o formula_name_resolver.lo formula_name_resolver.cpp
libtool: compile:  g++ -DHAVE_CONFIG_H -I. -I../.. -I../../include -I../../src/include -DIXION_BUILD -I/usr/include/mdds-1.5 -Wdate-time -D_FORTIFY_SOURCE=2 -g -O2 -ffile-prefix-map=/<<PKGBUILDDIR>>=. -fstack-protector-strong -Wformat -Werror=format-security -fvisibility=hidden -Wall -Wshadow -Wno-write-strings -pthread -DSIZEOF_VOID_P=8 -O2 -DIXION_THREADS=1 -c formula_name_resolver.cpp  -fPIC -DPIC -o .libs/formula_name_resolver.o
1 warning generated.
libtool: compile:  g++ -DHAVE_CONFIG_H -I. -I../.. -I../../include -I../../src/include -DIXION_BUILD -I/usr/include/mdds-1.5 -Wdate-time -D_FORTIFY_SOURCE=2 -g -O2 -ffile-prefix-map=/<<PKGBUILDDIR>>=. -fstack-protector-strong -Wformat -Werror=format-security -fvisibility=hidden -Wall -Wshadow -Wno-write-strings -pthread -DSIZEOF_VOID_P=8 -O2 -DIXION_THREADS=1 -c formula_interpreter.cpp  -fPIC -DPIC -o formula_interpreter.o >/dev/null 2>&1
libtool: compile:  g++ -DHAVE_CONFIG_H -I. -I../.. -I../../include -I../../src/include -DIXION_BUILD -I/usr/include/mdds-1.5 -Wdate-time -D_FORTIFY_SOURCE=2 -g -O2 -ffile-prefix-map=/<<PKGBUILDDIR>>=. -fstack-protector-strong -Wformat -Werror=format-security -fvisibility=hidden -Wall -Wshadow -Wno-write-strings -pthread -DSIZEOF_VOID_P=8 -O2 -DIXION_THREADS=1 -c formula_name_resolver.cpp  -fPIC -DPIC -o formula_name_resolver.o >/dev/null 2>&1
/bin/bash ../../libtool  --tag=CXX   --mode=compile g++ -DHAVE_CONFIG_H -I. -I../..  -I../../include -I../../src/include -DIXION_BUILD -I/usr/include/mdds-1.5   -Wdate-time -D_FORTIFY_SOURCE=2  -g -O2 -ffile-prefix-map=/<<PKGBUILDDIR>>=. -fstack-protector-strong -Wformat -Werror=format-security -fvisibility=hidden -Wall -Wshadow -Wno-write-strings -pthread -DSIZEOF_VOID_P=8 -O2 -DIXION_THREADS=1 -c -o formula_parser.lo formula_parser.cpp
libtool: compile:  g++ -DHAVE_CONFIG_H -I. -I../.. -I../../include -I../../src/include -DIXION_BUILD -I/usr/include/mdds-1.5 -Wdate-time -D_FORTIFY_SOURCE=2 -g -O2 -ffile-prefix-map=/<<PKGBUILDDIR>>=. -fstack-protector-strong -Wformat -Werror=format-security -fvisibility=hidden -Wall -Wshadow -Wno-write-strings -pthread -DSIZEOF_VOID_P=8 -O2 -DIXION_THREADS=1 -c formula_parser.cpp  -fPIC -DPIC -o .libs/formula_parser.o
/bin/bash ../../libtool  --tag=CXX   --mode=compile g++ -DHAVE_CONFIG_H -I. -I../..  -I../../include -I../../src/include -DIXION_BUILD -I/usr/include/mdds-1.5   -Wdate-time -D_FORTIFY_SOURCE=2  -g -O2 -ffile-prefix-map=/<<PKGBUILDDIR>>=. -fstack-protector-strong -Wformat -Werror=format-security -fvisibility=hidden -Wall -Wshadow -Wno-write-strings -pthread -DSIZEOF_VOID_P=8 -O2 -DIXION_THREADS=1 -c -o formula_result.lo formula_result.cpp
libtool: compile:  g++ -DHAVE_CONFIG_H -I. -I../.. -I../../include -I../../src/include -DIXION_BUILD -I/usr/include/mdds-1.5 -Wdate-time -D_FORTIFY_SOURCE=2 -g -O2 -ffile-prefix-map=/<<PKGBUILDDIR>>=. -fstack-protector-strong -Wformat -Werror=format-security -fvisibility=hidden -Wall -Wshadow -Wno-write-strings -pthread -DSIZEOF_VOID_P=8 -O2 -DIXION_THREADS=1 -c formula_result.cpp  -fPIC -DPIC -o .libs/formula_result.o
libtool: compile:  g++ -DHAVE_CONFIG_H -I. -I../.. -I../../include -I../../src/include -DIXION_BUILD -I/usr/include/mdds-1.5 -Wdate-time -D_FORTIFY_SOURCE=2 -g -O2 -ffile-prefix-map=/<<PKGBUILDDIR>>=. -fstack-protector-strong -Wformat -Werror=format-security -fvisibility=hidden -Wall -Wshadow -Wno-write-strings -pthread -DSIZEOF_VOID_P=8 -O2 -DIXION_THREADS=1 -c formula_parser.cpp  -fPIC -DPIC -o formula_parser.o >/dev/null 2>&1
/bin/bash ../../libtool  --tag=CXX   --mode=compile g++ -DHAVE_CONFIG_H -I. -I../..  -I../../include -I../../src/include -DIXION_BUILD -I/usr/include/mdds-1.5   -Wdate-time -D_FORTIFY_SOURCE=2  -g -O2 -ffile-prefix-map=/<<PKGBUILDDIR>>=. -fstack-protector-strong -Wformat -Werror=format-security -fvisibility=hidden -Wall -Wshadow -Wno-write-strings -pthread -DSIZEOF_VOID_P=8 -O2 -DIXION_THREADS=1 -c -o formula_tokens.lo formula_tokens.cpp
libtool: compile:  g++ -DHAVE_CONFIG_H -I. -I../.. -I../../include -I../../src/include -DIXION_BUILD -I/usr/include/mdds-1.5 -Wdate-time -D_FORTIFY_SOURCE=2 -g -O2 -ffile-prefix-map=/<<PKGBUILDDIR>>=. -fstack-protector-strong -Wformat -Werror=format-security -fvisibility=hidden -Wall -Wshadow -Wno-write-strings -pthread -DSIZEOF_VOID_P=8 -O2 -DIXION_THREADS=1 -c formula_tokens.cpp  -fPIC -DPIC -o .libs/formula_tokens.o
/bin/bash ../../libtool  --tag=CXX   --mode=compile g++ -DHAVE_CONFIG_H -I. -I../..  -I../../include -I../../src/include -DIXION_BUILD -I/usr/include/mdds-1.5   -Wdate-time -D_FORTIFY_SOURCE=2  -g -O2 -ffile-prefix-map=/<<PKGBUILDDIR>>=. -fstack-protector-strong -Wformat -Werror=format-security -fvisibility=hidden -Wall -Wshadow -Wno-write-strings -pthread -DSIZEOF_VOID_P=8 -O2 -DIXION_THREADS=1 -c -o formula_value_stack.lo formula_value_stack.cpp
libtool: compile:  g++ -DHAVE_CONFIG_H -I. -I../.. -I../../include -I../../src/include -DIXION_BUILD -I/usr/include/mdds-1.5 -Wdate-time -D_FORTIFY_SOURCE=2 -g -O2 -ffile-prefix-map=/<<PKGBUILDDIR>>=. -fstack-protector-strong -Wformat -Werror=format-security -fvisibility=hidden -Wall -Wshadow -Wno-write-strings -pthread -DSIZEOF_VOID_P=8 -O2 -DIXION_THREADS=1 -c formula_value_stack.cpp  -fPIC -DPIC -o .libs/formula_value_stack.o
In file included from formula_result.cpp:13:
In file included from ../../include/ixion/matrix.hpp:12:
In file included from ../../include/ixion/column_store_type.hpp:16:
In file included from /usr/include/mdds-1.5/mdds/multi_type_vector.hpp:1358:
/usr/include/mdds-1.5/mdds/multi_type_vector_def.inl:851:15: warning: variable 'start_pos' set but not used [-Wunused-but-set-variable]
    size_type start_pos = m_cur_size;
              ^
In file included from formula_value_stack.cpp:13:
In file included from ../../include/ixion/matrix.hpp:12:
In file included from ../../include/ixion/column_store_type.hpp:16:
In file included from /usr/include/mdds-1.5/mdds/multi_type_vector.hpp:1358:
/usr/include/mdds-1.5/mdds/multi_type_vector_def.inl:851:15: warning: variable 'start_pos' set but not used [-Wunused-but-set-variable]
    size_type start_pos = m_cur_size;
              ^
libtool: compile:  g++ -DHAVE_CONFIG_H -I. -I../.. -I../../include -I../../src/include -DIXION_BUILD -I/usr/include/mdds-1.5 -Wdate-time -D_FORTIFY_SOURCE=2 -g -O2 -ffile-prefix-map=/<<PKGBUILDDIR>>=. -fstack-protector-strong -Wformat -Werror=format-security -fvisibility=hidden -Wall -Wshadow -Wno-write-strings -pthread -DSIZEOF_VOID_P=8 -O2 -DIXION_THREADS=1 -c formula_tokens.cpp  -fPIC -DPIC -o formula_tokens.o >/dev/null 2>&1
/bin/bash ../../libtool  --tag=CXX   --mode=compile g++ -DHAVE_CONFIG_H -I. -I../..  -I../../include -I../../src/include -DIXION_BUILD -I/usr/include/mdds-1.5   -Wdate-time -D_FORTIFY_SOURCE=2  -g -O2 -ffile-prefix-map=/<<PKGBUILDDIR>>=. -fstack-protector-strong -Wformat -Werror=format-security -fvisibility=hidden -Wall -Wshadow -Wno-write-strings -pthread -DSIZEOF_VOID_P=8 -O2 -DIXION_THREADS=1 -c -o global.lo global.cpp
libtool: compile:  g++ -DHAVE_CONFIG_H -I. -I../.. -I../../include -I../../src/include -DIXION_BUILD -I/usr/include/mdds-1.5 -Wdate-time -D_FORTIFY_SOURCE=2 -g -O2 -ffile-prefix-map=/<<PKGBUILDDIR>>=. -fstack-protector-strong -Wformat -Werror=format-security -fvisibility=hidden -Wall -Wshadow -Wno-write-strings -pthread -DSIZEOF_VOID_P=8 -O2 -DIXION_THREADS=1 -c global.cpp  -fPIC -DPIC -o .libs/global.o
1 warning generated.
libtool: compile:  g++ -DHAVE_CONFIG_H -I. -I../.. -I../../include -I../../src/include -DIXION_BUILD -I/usr/include/mdds-1.5 -Wdate-time -D_FORTIFY_SOURCE=2 -g -O2 -ffile-prefix-map=/<<PKGBUILDDIR>>=. -fstack-protector-strong -Wformat -Werror=format-security -fvisibility=hidden -Wall -Wshadow -Wno-write-strings -pthread -DSIZEOF_VOID_P=8 -O2 -DIXION_THREADS=1 -c formula_result.cpp  -fPIC -DPIC -o formula_result.o >/dev/null 2>&1
/bin/bash ../../libtool  --tag=CXX   --mode=compile g++ -DHAVE_CONFIG_H -I. -I../..  -I../../include -I../../src/include -DIXION_BUILD -I/usr/include/mdds-1.5   -Wdate-time -D_FORTIFY_SOURCE=2  -g -O2 -ffile-prefix-map=/<<PKGBUILDDIR>>=. -fstack-protector-strong -Wformat -Werror=format-security -fvisibility=hidden -Wall -Wshadow -Wno-write-strings -pthread -DSIZEOF_VOID_P=8 -O2 -DIXION_THREADS=1 -c -o info.lo info.cpp
libtool: compile:  g++ -DHAVE_CONFIG_H -I. -I../.. -I../../include -I../../src/include -DIXION_BUILD -I/usr/include/mdds-1.5 -Wdate-time -D_FORTIFY_SOURCE=2 -g -O2 -ffile-prefix-map=/<<PKGBUILDDIR>>=. -fstack-protector-strong -Wformat -Werror=format-security -fvisibility=hidden -Wall -Wshadow -Wno-write-strings -pthread -DSIZEOF_VOID_P=8 -O2 -DIXION_THREADS=1 -c info.cpp  -fPIC -DPIC -o .libs/info.o
libtool: compile:  g++ -DHAVE_CONFIG_H -I. -I../.. -I../../include -I../../src/include -DIXION_BUILD -I/usr/include/mdds-1.5 -Wdate-time -D_FORTIFY_SOURCE=2 -g -O2 -ffile-prefix-map=/<<PKGBUILDDIR>>=. -fstack-protector-strong -Wformat -Werror=format-security -fvisibility=hidden -Wall -Wshadow -Wno-write-strings -pthread -DSIZEOF_VOID_P=8 -O2 -DIXION_THREADS=1 -c info.cpp  -fPIC -DPIC -o info.o >/dev/null 2>&1
/bin/bash ../../libtool  --tag=CXX   --mode=compile g++ -DHAVE_CONFIG_H -I. -I../..  -I../../include -I../../src/include -DIXION_BUILD -I/usr/include/mdds-1.5   -Wdate-time -D_FORTIFY_SOURCE=2  -g -O2 -ffile-prefix-map=/<<PKGBUILDDIR>>=. -fstack-protector-strong -Wformat -Werror=format-security -fvisibility=hidden -Wall -Wshadow -Wno-write-strings -pthread -DSIZEOF_VOID_P=8 -O2 -DIXION_THREADS=1 -c -o lexer_tokens.lo lexer_tokens.cpp
libtool: compile:  g++ -DHAVE_CONFIG_H -I. -I../.. -I../../include -I../../src/include -DIXION_BUILD -I/usr/include/mdds-1.5 -Wdate-time -D_FORTIFY_SOURCE=2 -g -O2 -ffile-prefix-map=/<<PKGBUILDDIR>>=. -fstack-protector-strong -Wformat -Werror=format-security -fvisibility=hidden -Wall -Wshadow -Wno-write-strings -pthread -DSIZEOF_VOID_P=8 -O2 -DIXION_THREADS=1 -c lexer_tokens.cpp  -fPIC -DPIC -o .libs/lexer_tokens.o
In file included from global.cpp:11:
In file included from ../../include/ixion/matrix.hpp:12:
In file included from ../../include/ixion/column_store_type.hpp:16:
In file included from /usr/include/mdds-1.5/mdds/multi_type_vector.hpp:1358:
/usr/include/mdds-1.5/mdds/multi_type_vector_def.inl:851:15: warning: variable 'start_pos' set but not used [-Wunused-but-set-variable]
    size_type start_pos = m_cur_size;
              ^
1 warning generated.
libtool: compile:  g++ -DHAVE_CONFIG_H -I. -I../.. -I../../include -I../../src/include -DIXION_BUILD -I/usr/include/mdds-1.5 -Wdate-time -D_FORTIFY_SOURCE=2 -g -O2 -ffile-prefix-map=/<<PKGBUILDDIR>>=. -fstack-protector-strong -Wformat -Werror=format-security -fvisibility=hidden -Wall -Wshadow -Wno-write-strings -pthread -DSIZEOF_VOID_P=8 -O2 -DIXION_THREADS=1 -c formula_value_stack.cpp  -fPIC -DPIC -o formula_value_stack.o >/dev/null 2>&1
libtool: compile:  g++ -DHAVE_CONFIG_H -I. -I../.. -I../../include -I../../src/include -DIXION_BUILD -I/usr/include/mdds-1.5 -Wdate-time -D_FORTIFY_SOURCE=2 -g -O2 -ffile-prefix-map=/<<PKGBUILDDIR>>=. -fstack-protector-strong -Wformat -Werror=format-security -fvisibility=hidden -Wall -Wshadow -Wno-write-strings -pthread -DSIZEOF_VOID_P=8 -O2 -DIXION_THREADS=1 -c lexer_tokens.cpp  -fPIC -DPIC -o lexer_tokens.o >/dev/null 2>&1
1 warning generated.
libtool: compile:  g++ -DHAVE_CONFIG_H -I. -I../.. -I../../include -I../../src/include -DIXION_BUILD -I/usr/include/mdds-1.5 -Wdate-time -D_FORTIFY_SOURCE=2 -g -O2 -ffile-prefix-map=/<<PKGBUILDDIR>>=. -fstack-protector-strong -Wformat -Werror=format-security -fvisibility=hidden -Wall -Wshadow -Wno-write-strings -pthread -DSIZEOF_VOID_P=8 -O2 -DIXION_THREADS=1 -c global.cpp  -fPIC -DPIC -o global.o >/dev/null 2>&1
/bin/bash ../../libtool  --tag=CXX   --mode=compile g++ -DHAVE_CONFIG_H -I. -I../..  -I../../include -I../../src/include -DIXION_BUILD -I/usr/include/mdds-1.5   -Wdate-time -D_FORTIFY_SOURCE=2  -g -O2 -ffile-prefix-map=/<<PKGBUILDDIR>>=. -fstack-protector-strong -Wformat -Werror=format-security -fvisibility=hidden -Wall -Wshadow -Wno-write-strings -pthread -DSIZEOF_VOID_P=8 -O2 -DIXION_THREADS=1 -c -o matrix.lo matrix.cpp
libtool: compile:  g++ -DHAVE_CONFIG_H -I. -I../.. -I../../include -I../../src/include -DIXION_BUILD -I/usr/include/mdds-1.5 -Wdate-time -D_FORTIFY_SOURCE=2 -g -O2 -ffile-prefix-map=/<<PKGBUILDDIR>>=. -fstack-protector-strong -Wformat -Werror=format-security -fvisibility=hidden -Wall -Wshadow -Wno-write-strings -pthread -DSIZEOF_VOID_P=8 -O2 -DIXION_THREADS=1 -c matrix.cpp  -fPIC -DPIC -o .libs/matrix.o
/bin/bash ../../libtool  --tag=CXX   --mode=compile g++ -DHAVE_CONFIG_H -I. -I../..  -I../../include -I../../src/include -DIXION_BUILD -I/usr/include/mdds-1.5   -Wdate-time -D_FORTIFY_SOURCE=2  -g -O2 -ffile-prefix-map=/<<PKGBUILDDIR>>=. -fstack-protector-strong -Wformat -Werror=format-security -fvisibility=hidden -Wall -Wshadow -Wno-write-strings -pthread -DSIZEOF_VOID_P=8 -O2 -DIXION_THREADS=1 -c -o mem_str_buf.lo mem_str_buf.cpp
libtool: compile:  g++ -DHAVE_CONFIG_H -I. -I../.. -I../../include -I../../src/include -DIXION_BUILD -I/usr/include/mdds-1.5 -Wdate-time -D_FORTIFY_SOURCE=2 -g -O2 -ffile-prefix-map=/<<PKGBUILDDIR>>=. -fstack-protector-strong -Wformat -Werror=format-security -fvisibility=hidden -Wall -Wshadow -Wno-write-strings -pthread -DSIZEOF_VOID_P=8 -O2 -DIXION_THREADS=1 -c mem_str_buf.cpp  -fPIC -DPIC -o .libs/mem_str_buf.o
libtool: compile:  g++ -DHAVE_CONFIG_H -I. -I../.. -I../../include -I../../src/include -DIXION_BUILD -I/usr/include/mdds-1.5 -Wdate-time -D_FORTIFY_SOURCE=2 -g -O2 -ffile-prefix-map=/<<PKGBUILDDIR>>=. -fstack-protector-strong -Wformat -Werror=format-security -fvisibility=hidden -Wall -Wshadow -Wno-write-strings -pthread -DSIZEOF_VOID_P=8 -O2 -DIXION_THREADS=1 -c mem_str_buf.cpp  -fPIC -DPIC -o mem_str_buf.o >/dev/null 2>&1
In file included from matrix.cpp:8:
In file included from ../../include/ixion/matrix.hpp:12:
In file included from ../../include/ixion/column_store_type.hpp:16:
In file included from /usr/include/mdds-1.5/mdds/multi_type_vector.hpp:1358:
/usr/include/mdds-1.5/mdds/multi_type_vector_def.inl:851:15: warning: variable 'start_pos' set but not used [-Wunused-but-set-variable]
    size_type start_pos = m_cur_size;
              ^
/bin/bash ../../libtool  --tag=CXX   --mode=compile g++ -DHAVE_CONFIG_H -I. -I../..  -I../../include -I../../src/include -DIXION_BUILD -I/usr/include/mdds-1.5   -Wdate-time -D_FORTIFY_SOURCE=2  -g -O2 -ffile-prefix-map=/<<PKGBUILDDIR>>=. -fstack-protector-strong -Wformat -Werror=format-security -fvisibility=hidden -Wall -Wshadow -Wno-write-strings -pthread -DSIZEOF_VOID_P=8 -O2 -DIXION_THREADS=1 -c -o model_context.lo model_context.cpp
libtool: compile:  g++ -DHAVE_CONFIG_H -I. -I../.. -I../../include -I../../src/include -DIXION_BUILD -I/usr/include/mdds-1.5 -Wdate-time -D_FORTIFY_SOURCE=2 -g -O2 -ffile-prefix-map=/<<PKGBUILDDIR>>=. -fstack-protector-strong -Wformat -Werror=format-security -fvisibility=hidden -Wall -Wshadow -Wno-write-strings -pthread -DSIZEOF_VOID_P=8 -O2 -DIXION_THREADS=1 -c model_context.cpp  -fPIC -DPIC -o .libs/model_context.o
/bin/bash ../../libtool  --tag=CXX   --mode=compile g++ -DHAVE_CONFIG_H -I. -I../..  -I../../include -I../../src/include -DIXION_BUILD -I/usr/include/mdds-1.5   -Wdate-time -D_FORTIFY_SOURCE=2  -g -O2 -ffile-prefix-map=/<<PKGBUILDDIR>>=. -fstack-protector-strong -Wformat -Werror=format-security -fvisibility=hidden -Wall -Wshadow -Wno-write-strings -pthread -DSIZEOF_VOID_P=8 -O2 -DIXION_THREADS=1 -c -o model_context_impl.lo model_context_impl.cpp
libtool: compile:  g++ -DHAVE_CONFIG_H -I. -I../.. -I../../include -I../../src/include -DIXION_BUILD -I/usr/include/mdds-1.5 -Wdate-time -D_FORTIFY_SOURCE=2 -g -O2 -ffile-prefix-map=/<<PKGBUILDDIR>>=. -fstack-protector-strong -Wformat -Werror=format-security -fvisibility=hidden -Wall -Wshadow -Wno-write-strings -pthread -DSIZEOF_VOID_P=8 -O2 -DIXION_THREADS=1 -c model_context_impl.cpp  -fPIC -DPIC -o .libs/model_context_impl.o
/bin/bash ../../libtool  --tag=CXX   --mode=compile g++ -DHAVE_CONFIG_H -I. -I../..  -I../../include -I../../src/include -DIXION_BUILD -I/usr/include/mdds-1.5   -Wdate-time -D_FORTIFY_SOURCE=2  -g -O2 -ffile-prefix-map=/<<PKGBUILDDIR>>=. -fstack-protector-strong -Wformat -Werror=format-security -fvisibility=hidden -Wall -Wshadow -Wno-write-strings -pthread -DSIZEOF_VOID_P=8 -O2 -DIXION_THREADS=1 -c -o model_iterator.lo model_iterator.cpp
libtool: compile:  g++ -DHAVE_CONFIG_H -I. -I../.. -I../../include -I../../src/include -DIXION_BUILD -I/usr/include/mdds-1.5 -Wdate-time -D_FORTIFY_SOURCE=2 -g -O2 -ffile-prefix-map=/<<PKGBUILDDIR>>=. -fstack-protector-strong -Wformat -Werror=format-security -fvisibility=hidden -Wall -Wshadow -Wno-write-strings -pthread -DSIZEOF_VOID_P=8 -O2 -DIXION_THREADS=1 -c model_iterator.cpp  -fPIC -DPIC -o .libs/model_iterator.o
In file included from model_context.cpp:8:
In file included from ../../include/ixion/model_context.hpp:11:
In file included from ../../include/ixion/column_store_type.hpp:16:
In file included from /usr/include/mdds-1.5/mdds/multi_type_vector.hpp:1358:
/usr/include/mdds-1.5/mdds/multi_type_vector_def.inl:851:15: warning: variable 'start_pos' set but not used [-Wunused-but-set-variable]
    size_type start_pos = m_cur_size;
              ^
In file included from model_context_impl.cpp:8:
In file included from ./model_context_impl.hpp:11:
In file included from ../../include/ixion/model_context.hpp:11:
In file included from ../../include/ixion/column_store_type.hpp:16:
In file included from /usr/include/mdds-1.5/mdds/multi_type_vector.hpp:1358:
/usr/include/mdds-1.5/mdds/multi_type_vector_def.inl:851:15: warning: variable 'start_pos' set but not used [-Wunused-but-set-variable]
    size_type start_pos = m_cur_size;
              ^
In file included from model_iterator.cpp:11:
In file included from ../../include/ixion/model_context.hpp:11:
In file included from ../../include/ixion/column_store_type.hpp:16:
In file included from /usr/include/mdds-1.5/mdds/multi_type_vector.hpp:1358:
/usr/include/mdds-1.5/mdds/multi_type_vector_def.inl:851:15: warning: variable 'start_pos' set but not used [-Wunused-but-set-variable]
    size_type start_pos = m_cur_size;
              ^
model_context.cpp:20:39: error: unknown type name 'nullptr_t'; did you mean 'std::nullptr_t'?
model_context::input_cell::input_cell(nullptr_t) : type(celltype_t::empty) {}
                                      ^~~~~~~~~
                                      std::nullptr_t
/usr/bin/../lib/gcc/x86_64-linux-gnu/11/../../../../include/x86_64-linux-gnu/c++/11/bits/c++config.h:284:29: note: 'std::nullptr_t' declared here
  typedef decltype(nullptr)     nullptr_t;
                                ^
1 warning and 1 error generated.
make[4]: *** [Makefile:966: model_context.lo] Error 1
make[4]: *** Waiting for unfinished jobs....
In file included from model_context_impl.cpp:8:
./model_context_impl.hpp:174:20: warning: private field 'm_parent' is not used [-Wunused-private-field]
    model_context& m_parent;
                   ^
1 warning generated.
libtool: compile:  g++ -DHAVE_CONFIG_H -I. -I../.. -I../../include -I../../src/include -DIXION_BUILD -I/usr/include/mdds-1.5 -Wdate-time -D_FORTIFY_SOURCE=2 -g -O2 -ffile-prefix-map=/<<PKGBUILDDIR>>=. -fstack-protector-strong -Wformat -Werror=format-security -fvisibility=hidden -Wall -Wshadow -Wno-write-strings -pthread -DSIZEOF_VOID_P=8 -O2 -DIXION_THREADS=1 -c model_iterator.cpp  -fPIC -DPIC -o model_iterator.o >/dev/null 2>&1
1 warning generated.
libtool: compile:  g++ -DHAVE_CONFIG_H -I. -I../.. -I../../include -I../../src/include -DIXION_BUILD -I/usr/include/mdds-1.5 -Wdate-time -D_FORTIFY_SOURCE=2 -g -O2 -ffile-prefix-map=/<<PKGBUILDDIR>>=. -fstack-protector-strong -Wformat -Werror=format-security -fvisibility=hidden -Wall -Wshadow -Wno-write-strings -pthread -DSIZEOF_VOID_P=8 -O2 -DIXION_THREADS=1 -c matrix.cpp  -fPIC -DPIC -o matrix.o >/dev/null 2>&1
2 warnings generated.
libtool: compile:  g++ -DHAVE_CONFIG_H -I. -I../.. -I../../include -I../../src/include -DIXION_BUILD -I/usr/include/mdds-1.5 -Wdate-time -D_FORTIFY_SOURCE=2 -g -O2 -ffile-prefix-map=/<<PKGBUILDDIR>>=. -fstack-protector-strong -Wformat -Werror=format-security -fvisibility=hidden -Wall -Wshadow -Wno-write-strings -pthread -DSIZEOF_VOID_P=8 -O2 -DIXION_THREADS=1 -c model_context_impl.cpp  -fPIC -DPIC -o model_context_impl.o >/dev/null 2>&1
make[4]: Leaving directory '/<<PKGBUILDDIR>>/src/libixion'
make[3]: *** [Makefile:820: all-recursive] Error 1
make[3]: Leaving directory '/<<PKGBUILDDIR>>/src'
make[2]: *** [Makefile:580: all-recursive] Error 1
make[2]: Leaving directory '/<<PKGBUILDDIR>>'
make[1]: *** [Makefile:487: all] Error 2
make[1]: Leaving directory '/<<PKGBUILDDIR>>'
dh_auto_build: error: make -j4 returned exit code 2
make: *** [debian/rules:9: binary] Error 25
dpkg-buildpackage: error: debian/rules binary subprocess returned exit status 2
--------------------------------------------------------------------------------
Build finished at 2021-10-26T21:27:58Z

Finished
--------


+------------------------------------------------------------------------------+
| Cleanup                                                                      |
+------------------------------------------------------------------------------+

Purging /<<BUILDDIR>>
Not cleaning session: cloned chroot in use
E: Build failure (dpkg-buildpackage died)

+------------------------------------------------------------------------------+
| Summary                                                                      |
+------------------------------------------------------------------------------+

Build Architecture: amd64
Build Type: binary
Build-Space: 57152
Build-Time: 85
Distribution: unstable
Fail-Stage: build
Host Architecture: amd64
Install-Time: 32
Job: libixion_0.16.1-3
Machine Architecture: amd64
Package: libixion
Package-Time: 138
Source-Version: 0.16.1-3
Space: 57152
Status: attempted
Version: 0.16.1-3
--------------------------------------------------------------------------------
Finished at 2021-10-26T21:27:58Z
Build needed 00:02:18, 57152k disk space
E: Build failure (dpkg-buildpackage died)
DC-Status: Failed 138.841629556s
DC-Time-Estimation: 138.841629556 versus expected 446 (r/m: 2.212293037947323 ; m: 138.841629556)
