DC-Build-Header: libsass-python 0.20.1-3 / 2021-10-26 23:08:49 +0000
DC-Task: type:rebuild-binarch-only source:libsass-python version:0.20.1-3 chroot:unstable esttime:61 logfile:/tmp/libsass-python_0.20.1-3_unstable_clang13.log modes:clang13:binarch-only
DC-Sbuild-call: su user42 -c 'sbuild -n --arch-any --apt-update -d unstable -v --no-run-lintian --chroot-setup-commands=/tmp/clang13 libsass-python_0.20.1-3'
sbuild (Debian sbuild) 0.78.1 (09 February 2019) on ip-172-31-6-10.eu-central-1.compute.internal

+==============================================================================+
| libsass-python 0.20.1-3 (amd64)              Tue, 26 Oct 2021 23:08:49 +0000 |
+==============================================================================+

Package: libsass-python
Version: 0.20.1-3
Source Version: 0.20.1-3
Distribution: unstable
Machine Architecture: amd64
Host Architecture: amd64
Build Architecture: amd64
Build Type: binary

I: NOTICE: Log filtering will replace 'var/run/schroot/mount/sid-amd64-sbuild-aacbbe10-1de1-4f63-9a9d-f0916635056c' with '<<CHROOT>>'

+------------------------------------------------------------------------------+
| Chroot Setup Commands                                                        |
+------------------------------------------------------------------------------+


/tmp/clang13
------------

+ echo 'Entering customization script...'
Entering customization script...
+ CLANG_VERSION=13
+ echo 'Install of clang-13'
Install of clang-13
+ apt-get update
Get:1 http://127.0.0.1:12990/debian sid InRelease [165 kB]
Get:2 http://127.0.0.1:12990/debian sid/main Sources.diff/Index [63.6 kB]
Get:3 http://127.0.0.1:12990/debian sid/main amd64 Packages.diff/Index [63.6 kB]
Get:4 http://127.0.0.1:12990/debian sid/main Sources T-2021-10-26-2004.40-F-2021-10-26-0202.15.pdiff [47.3 kB]
Get:4 http://127.0.0.1:12990/debian sid/main Sources T-2021-10-26-2004.40-F-2021-10-26-0202.15.pdiff [47.3 kB]
Get:5 http://127.0.0.1:12990/debian sid/main amd64 Packages T-2021-10-26-2004.40-F-2021-10-26-0202.15.pdiff [55.9 kB]
Get:5 http://127.0.0.1:12990/debian sid/main amd64 Packages T-2021-10-26-2004.40-F-2021-10-26-0202.15.pdiff [55.9 kB]
Get:6 http://127.0.0.1:12990/debian sid/main Translation-en [6586 kB]
Fetched 6981 kB in 3s (2743 kB/s)
Reading package lists...
+ apt-get install --yes --no-install-recommends --force-yes clang-13 libomp-13-dev libobjc-9-dev
Reading package lists...
Building dependency tree...
The following additional packages will be installed:
  lib32gcc-s1 lib32stdc++6 libasan5 libbsd0 libc6-i386 libclang-common-13-dev
  libclang-cpp13 libclang1-13 libedit2 libgc1 libgcc-9-dev libicu67 libllvm13
  libmd0 libobjc-11-dev libobjc4 libomp5-13 libxml2 libz3-4
Suggested packages:
  clang-13-doc libomp-13-doc
Recommended packages:
  llvm-13-dev python3
The following NEW packages will be installed:
  clang-13 lib32gcc-s1 lib32stdc++6 libasan5 libbsd0 libc6-i386
  libclang-common-13-dev libclang-cpp13 libclang1-13 libedit2 libgc1
  libgcc-9-dev libicu67 libllvm13 libmd0 libobjc-11-dev libobjc-9-dev libobjc4
  libomp-13-dev libomp5-13 libxml2 libz3-4
0 upgraded, 22 newly installed, 0 to remove and 0 not upgraded.
Need to get 68.5 MB of archives.
After this operation, 379 MB of additional disk space will be used.
Get:1 http://127.0.0.1:12990/debian sid/main amd64 libmd0 amd64 1.0.4-1 [29.6 kB]
Get:2 http://127.0.0.1:12990/debian sid/main amd64 libbsd0 amd64 0.11.3-1 [108 kB]
Get:3 http://127.0.0.1:12990/debian sid/main amd64 libedit2 amd64 3.1-20210910-1 [97.5 kB]
Get:4 http://127.0.0.1:12990/debian sid/main amd64 libicu67 amd64 67.1-7 [8622 kB]
Get:5 http://127.0.0.1:12990/debian sid/main amd64 libxml2 amd64 2.9.12+dfsg-5 [696 kB]
Get:6 http://127.0.0.1:12990/debian sid/main amd64 libz3-4 amd64 4.8.12-1+b1 [6997 kB]
Get:7 http://127.0.0.1:12990/debian sid/main amd64 libllvm13 amd64 1:13.0.0-8 [19.7 MB]
Get:8 http://127.0.0.1:12990/debian sid/main amd64 libclang-cpp13 amd64 1:13.0.0-8 [10.5 MB]
Get:9 http://127.0.0.1:12990/debian sid/main amd64 libgc1 amd64 1:8.0.4-3 [239 kB]
Get:10 http://127.0.0.1:12990/debian sid/main amd64 libobjc4 amd64 11.2.0-10 [43.2 kB]
Get:11 http://127.0.0.1:12990/debian sid/main amd64 libobjc-11-dev amd64 11.2.0-10 [170 kB]
Get:12 http://127.0.0.1:12990/debian sid/main amd64 libc6-i386 amd64 2.32-4 [2624 kB]
Get:13 http://127.0.0.1:12990/debian sid/main amd64 lib32gcc-s1 amd64 11.2.0-10 [49.9 kB]
Get:14 http://127.0.0.1:12990/debian sid/main amd64 lib32stdc++6 amd64 11.2.0-10 [601 kB]
Get:15 http://127.0.0.1:12990/debian sid/main amd64 libclang-common-13-dev amd64 1:13.0.0-8 [5730 kB]
Get:16 http://127.0.0.1:12990/debian sid/main amd64 libclang1-13 amd64 1:13.0.0-8 [6093 kB]
Get:17 http://127.0.0.1:12990/debian sid/main amd64 clang-13 amd64 1:13.0.0-8 [119 kB]
Get:18 http://127.0.0.1:12990/debian sid/main amd64 libasan5 amd64 9.4.0-3 [2734 kB]
Get:19 http://127.0.0.1:12990/debian sid/main amd64 libgcc-9-dev amd64 9.4.0-3 [2343 kB]
Get:20 http://127.0.0.1:12990/debian sid/main amd64 libobjc-9-dev amd64 9.4.0-3 [219 kB]
Get:21 http://127.0.0.1:12990/debian sid/main amd64 libomp5-13 amd64 1:13.0.0-8 [377 kB]
Get:22 http://127.0.0.1:12990/debian sid/main amd64 libomp-13-dev amd64 1:13.0.0-8 [482 kB]
debconf: delaying package configuration, since apt-utils is not installed
Fetched 68.5 MB in 0s (155 MB/s)
Selecting previously unselected package libmd0:amd64.
(Reading database ... (Reading database ... 5%(Reading database ... 10%(Reading database ... 15%(Reading database ... 20%(Reading database ... 25%(Reading database ... 30%(Reading database ... 35%(Reading database ... 40%(Reading database ... 45%(Reading database ... 50%(Reading database ... 55%(Reading database ... 60%(Reading database ... 65%(Reading database ... 70%(Reading database ... 75%(Reading database ... 80%(Reading database ... 85%(Reading database ... 90%(Reading database ... 95%(Reading database ... 100%(Reading database ... 12431 files and directories currently installed.)
Preparing to unpack .../00-libmd0_1.0.4-1_amd64.deb ...
Unpacking libmd0:amd64 (1.0.4-1) ...
Selecting previously unselected package libbsd0:amd64.
Preparing to unpack .../01-libbsd0_0.11.3-1_amd64.deb ...
Unpacking libbsd0:amd64 (0.11.3-1) ...
Selecting previously unselected package libedit2:amd64.
Preparing to unpack .../02-libedit2_3.1-20210910-1_amd64.deb ...
Unpacking libedit2:amd64 (3.1-20210910-1) ...
Selecting previously unselected package libicu67:amd64.
Preparing to unpack .../03-libicu67_67.1-7_amd64.deb ...
Unpacking libicu67:amd64 (67.1-7) ...
Selecting previously unselected package libxml2:amd64.
Preparing to unpack .../04-libxml2_2.9.12+dfsg-5_amd64.deb ...
Unpacking libxml2:amd64 (2.9.12+dfsg-5) ...
Selecting previously unselected package libz3-4:amd64.
Preparing to unpack .../05-libz3-4_4.8.12-1+b1_amd64.deb ...
Unpacking libz3-4:amd64 (4.8.12-1+b1) ...
Selecting previously unselected package libllvm13:amd64.
Preparing to unpack .../06-libllvm13_1%3a13.0.0-8_amd64.deb ...
Unpacking libllvm13:amd64 (1:13.0.0-8) ...
Selecting previously unselected package libclang-cpp13.
Preparing to unpack .../07-libclang-cpp13_1%3a13.0.0-8_amd64.deb ...
Unpacking libclang-cpp13 (1:13.0.0-8) ...
Selecting previously unselected package libgc1:amd64.
Preparing to unpack .../08-libgc1_1%3a8.0.4-3_amd64.deb ...
Unpacking libgc1:amd64 (1:8.0.4-3) ...
Selecting previously unselected package libobjc4:amd64.
Preparing to unpack .../09-libobjc4_11.2.0-10_amd64.deb ...
Unpacking libobjc4:amd64 (11.2.0-10) ...
Selecting previously unselected package libobjc-11-dev:amd64.
Preparing to unpack .../10-libobjc-11-dev_11.2.0-10_amd64.deb ...
Unpacking libobjc-11-dev:amd64 (11.2.0-10) ...
Selecting previously unselected package libc6-i386.
Preparing to unpack .../11-libc6-i386_2.32-4_amd64.deb ...
Unpacking libc6-i386 (2.32-4) ...
Selecting previously unselected package lib32gcc-s1.
Preparing to unpack .../12-lib32gcc-s1_11.2.0-10_amd64.deb ...
Unpacking lib32gcc-s1 (11.2.0-10) ...
Selecting previously unselected package lib32stdc++6.
Preparing to unpack .../13-lib32stdc++6_11.2.0-10_amd64.deb ...
Unpacking lib32stdc++6 (11.2.0-10) ...
Selecting previously unselected package libclang-common-13-dev.
Preparing to unpack .../14-libclang-common-13-dev_1%3a13.0.0-8_amd64.deb ...
Unpacking libclang-common-13-dev (1:13.0.0-8) ...
Selecting previously unselected package libclang1-13.
Preparing to unpack .../15-libclang1-13_1%3a13.0.0-8_amd64.deb ...
Unpacking libclang1-13 (1:13.0.0-8) ...
Selecting previously unselected package clang-13.
Preparing to unpack .../16-clang-13_1%3a13.0.0-8_amd64.deb ...
Unpacking clang-13 (1:13.0.0-8) ...
Selecting previously unselected package libasan5:amd64.
Preparing to unpack .../17-libasan5_9.4.0-3_amd64.deb ...
Unpacking libasan5:amd64 (9.4.0-3) ...
Selecting previously unselected package libgcc-9-dev:amd64.
Preparing to unpack .../18-libgcc-9-dev_9.4.0-3_amd64.deb ...
Unpacking libgcc-9-dev:amd64 (9.4.0-3) ...
Selecting previously unselected package libobjc-9-dev:amd64.
Preparing to unpack .../19-libobjc-9-dev_9.4.0-3_amd64.deb ...
Unpacking libobjc-9-dev:amd64 (9.4.0-3) ...
Selecting previously unselected package libomp5-13:amd64.
Preparing to unpack .../20-libomp5-13_1%3a13.0.0-8_amd64.deb ...
Unpacking libomp5-13:amd64 (1:13.0.0-8) ...
Selecting previously unselected package libomp-13-dev.
Preparing to unpack .../21-libomp-13-dev_1%3a13.0.0-8_amd64.deb ...
Unpacking libomp-13-dev (1:13.0.0-8) ...
Setting up libicu67:amd64 (67.1-7) ...
Setting up libasan5:amd64 (9.4.0-3) ...
Setting up libz3-4:amd64 (4.8.12-1+b1) ...
Setting up libgc1:amd64 (1:8.0.4-3) ...
Setting up libmd0:amd64 (1.0.4-1) ...
Setting up libc6-i386 (2.32-4) ...
Setting up libomp5-13:amd64 (1:13.0.0-8) ...
Setting up libbsd0:amd64 (0.11.3-1) ...
Setting up libxml2:amd64 (2.9.12+dfsg-5) ...
Setting up libedit2:amd64 (3.1-20210910-1) ...
Setting up libobjc4:amd64 (11.2.0-10) ...
Setting up libgcc-9-dev:amd64 (9.4.0-3) ...
Setting up lib32gcc-s1 (11.2.0-10) ...
Setting up lib32stdc++6 (11.2.0-10) ...
Setting up libllvm13:amd64 (1:13.0.0-8) ...
Setting up libobjc-9-dev:amd64 (9.4.0-3) ...
Setting up libclang-common-13-dev (1:13.0.0-8) ...
Setting up libomp-13-dev (1:13.0.0-8) ...
Setting up libobjc-11-dev:amd64 (11.2.0-10) ...
Setting up libclang1-13 (1:13.0.0-8) ...
Setting up libclang-cpp13 (1:13.0.0-8) ...
Setting up clang-13 (1:13.0.0-8) ...
Processing triggers for libc-bin (2.32-4) ...
W: --force-yes is deprecated, use one of the options starting with --allow instead.
+ echo 'Replace gcc, g++ & cpp by clang'
Replace gcc, g++ & cpp by clang
+ VERSIONS='4.6 4.7 4.8 4.9 5 6 7 8 9 10 11'
+ cd /usr/bin
+ for VERSION in $VERSIONS
+ rm -f g++-4.6 gcc-4.6 cpp-4.6 gcc
+ ln -s clang++-13 g++-4.6
+ ln -s clang-13 gcc-4.6
+ ln -s clang-13 cpp-4.6
+ ln -s clang-13 gcc
+ echo 'gcc-4.6 hold'
+ dpkg --set-selections
dpkg: warning: package not in status nor available database at line 1: gcc-4.6
dpkg: warning: found unknown packages; this might mean the available database
is outdated, and needs to be updated through a frontend method;
please see the FAQ <https://wiki.debian.org/Teams/Dpkg/FAQ>
+ echo 'g++-4.6 hold'
+ dpkg --set-selections
dpkg: warning: package not in status nor available database at line 1: g++-4.6
dpkg: warning: found unknown packages; this might mean the available database
is outdated, and needs to be updated through a frontend method;
please see the FAQ <https://wiki.debian.org/Teams/Dpkg/FAQ>
+ for VERSION in $VERSIONS
+ rm -f g++-4.7 gcc-4.7 cpp-4.7 gcc
+ ln -s clang++-13 g++-4.7
+ ln -s clang-13 gcc-4.7
+ ln -s clang-13 cpp-4.7
+ ln -s clang-13 gcc
+ echo 'gcc-4.7 hold'
+ dpkg --set-selections
dpkg: warning: package not in status nor available database at line 1: gcc-4.7
dpkg: warning: found unknown packages; this might mean the available database
is outdated, and needs to be updated through a frontend method;
please see the FAQ <https://wiki.debian.org/Teams/Dpkg/FAQ>
+ echo 'g++-4.7 hold'
+ dpkg --set-selections
dpkg: warning: package not in status nor available database at line 1: g++-4.7
dpkg: warning: found unknown packages; this might mean the available database
is outdated, and needs to be updated through a frontend method;
please see the FAQ <https://wiki.debian.org/Teams/Dpkg/FAQ>
+ for VERSION in $VERSIONS
+ rm -f g++-4.8 gcc-4.8 cpp-4.8 gcc
+ ln -s clang++-13 g++-4.8
+ ln -s clang-13 gcc-4.8
+ ln -s clang-13 cpp-4.8
+ ln -s clang-13 gcc
+ echo 'gcc-4.8 hold'
+ dpkg --set-selections
dpkg: warning: package not in status nor available database at line 1: gcc-4.8
dpkg: warning: found unknown packages; this might mean the available database
is outdated, and needs to be updated through a frontend method;
please see the FAQ <https://wiki.debian.org/Teams/Dpkg/FAQ>
+ echo 'g++-4.8 hold'
+ dpkg --set-selections
dpkg: warning: package not in status nor available database at line 1: g++-4.8
dpkg: warning: found unknown packages; this might mean the available database
is outdated, and needs to be updated through a frontend method;
please see the FAQ <https://wiki.debian.org/Teams/Dpkg/FAQ>
+ for VERSION in $VERSIONS
+ rm -f g++-4.9 gcc-4.9 cpp-4.9 gcc
+ ln -s clang++-13 g++-4.9
+ ln -s clang-13 gcc-4.9
+ ln -s clang-13 cpp-4.9
+ ln -s clang-13 gcc
+ echo 'gcc-4.9 hold'
+ dpkg --set-selections
dpkg: warning: package not in status nor available database at line 1: gcc-4.9
dpkg: warning: found unknown packages; this might mean the available database
is outdated, and needs to be updated through a frontend method;
please see the FAQ <https://wiki.debian.org/Teams/Dpkg/FAQ>
+ echo 'g++-4.9 hold'
+ dpkg --set-selections
dpkg: warning: package not in status nor available database at line 1: g++-4.9
dpkg: warning: found unknown packages; this might mean the available database
is outdated, and needs to be updated through a frontend method;
please see the FAQ <https://wiki.debian.org/Teams/Dpkg/FAQ>
+ for VERSION in $VERSIONS
+ rm -f g++-5 gcc-5 cpp-5 gcc
+ ln -s clang++-13 g++-5
+ ln -s clang-13 gcc-5
+ ln -s clang-13 cpp-5
+ ln -s clang-13 gcc
+ echo 'gcc-5 hold'
+ dpkg --set-selections
dpkg: warning: package not in status nor available database at line 1: gcc-5
dpkg: warning: found unknown packages; this might mean the available database
is outdated, and needs to be updated through a frontend method;
please see the FAQ <https://wiki.debian.org/Teams/Dpkg/FAQ>
+ echo 'g++-5 hold'
+ dpkg --set-selections
dpkg: warning: package not in status nor available database at line 1: g++-5
dpkg: warning: found unknown packages; this might mean the available database
is outdated, and needs to be updated through a frontend method;
please see the FAQ <https://wiki.debian.org/Teams/Dpkg/FAQ>
+ for VERSION in $VERSIONS
+ rm -f g++-6 gcc-6 cpp-6 gcc
+ ln -s clang++-13 g++-6
+ ln -s clang-13 gcc-6
+ ln -s clang-13 cpp-6
+ ln -s clang-13 gcc
+ echo 'gcc-6 hold'
+ dpkg --set-selections
dpkg: warning: package not in status nor available database at line 1: gcc-6
dpkg: warning: found unknown packages; this might mean the available database
is outdated, and needs to be updated through a frontend method;
please see the FAQ <https://wiki.debian.org/Teams/Dpkg/FAQ>
+ echo 'g++-6 hold'
+ dpkg --set-selections
dpkg: warning: package not in status nor available database at line 1: g++-6
dpkg: warning: found unknown packages; this might mean the available database
is outdated, and needs to be updated through a frontend method;
please see the FAQ <https://wiki.debian.org/Teams/Dpkg/FAQ>
+ for VERSION in $VERSIONS
+ rm -f g++-7 gcc-7 cpp-7 gcc
+ ln -s clang++-13 g++-7
+ ln -s clang-13 gcc-7
+ ln -s clang-13 cpp-7
+ ln -s clang-13 gcc
+ echo 'gcc-7 hold'
+ dpkg --set-selections
dpkg: warning: package not in status nor available database at line 1: gcc-7
dpkg: warning: found unknown packages; this might mean the available database
is outdated, and needs to be updated through a frontend method;
please see the FAQ <https://wiki.debian.org/Teams/Dpkg/FAQ>
+ echo 'g++-7 hold'
+ dpkg --set-selections
dpkg: warning: package not in status nor available database at line 1: g++-7
dpkg: warning: found unknown packages; this might mean the available database
is outdated, and needs to be updated through a frontend method;
please see the FAQ <https://wiki.debian.org/Teams/Dpkg/FAQ>
+ for VERSION in $VERSIONS
+ rm -f g++-8 gcc-8 cpp-8 gcc
+ ln -s clang++-13 g++-8
+ ln -s clang-13 gcc-8
+ ln -s clang-13 cpp-8
+ ln -s clang-13 gcc
+ echo 'gcc-8 hold'
+ dpkg --set-selections
dpkg: warning: package not in status nor available database at line 1: gcc-8
dpkg: warning: found unknown packages; this might mean the available database
is outdated, and needs to be updated through a frontend method;
please see the FAQ <https://wiki.debian.org/Teams/Dpkg/FAQ>
+ echo 'g++-8 hold'
+ dpkg --set-selections
dpkg: warning: package not in status nor available database at line 1: g++-8
dpkg: warning: found unknown packages; this might mean the available database
is outdated, and needs to be updated through a frontend method;
please see the FAQ <https://wiki.debian.org/Teams/Dpkg/FAQ>
+ for VERSION in $VERSIONS
+ rm -f g++-9 gcc-9 cpp-9 gcc
+ ln -s clang++-13 g++-9
+ ln -s clang-13 gcc-9
+ ln -s clang-13 cpp-9
+ ln -s clang-13 gcc
+ echo 'gcc-9 hold'
+ dpkg --set-selections
dpkg: warning: package not in status nor available database at line 1: gcc-9
dpkg: warning: found unknown packages; this might mean the available database
is outdated, and needs to be updated through a frontend method;
please see the FAQ <https://wiki.debian.org/Teams/Dpkg/FAQ>
+ echo 'g++-9 hold'
+ dpkg --set-selections
dpkg: warning: package not in status nor available database at line 1: g++-9
dpkg: warning: found unknown packages; this might mean the available database
is outdated, and needs to be updated through a frontend method;
please see the FAQ <https://wiki.debian.org/Teams/Dpkg/FAQ>
+ for VERSION in $VERSIONS
+ rm -f g++-10 gcc-10 cpp-10 gcc
+ ln -s clang++-13 g++-10
+ ln -s clang-13 gcc-10
+ ln -s clang-13 cpp-10
+ ln -s clang-13 gcc
+ echo 'gcc-10 hold'
+ dpkg --set-selections
dpkg: warning: package not in status nor available database at line 1: gcc-10
dpkg: warning: found unknown packages; this might mean the available database
is outdated, and needs to be updated through a frontend method;
please see the FAQ <https://wiki.debian.org/Teams/Dpkg/FAQ>
+ echo 'g++-10 hold'
+ dpkg --set-selections
dpkg: warning: package not in status nor available database at line 1: g++-10
dpkg: warning: found unknown packages; this might mean the available database
is outdated, and needs to be updated through a frontend method;
please see the FAQ <https://wiki.debian.org/Teams/Dpkg/FAQ>
+ for VERSION in $VERSIONS
+ rm -f g++-11 gcc-11 cpp-11 gcc
+ ln -s clang++-13 g++-11
+ ln -s clang-13 gcc-11
+ ln -s clang-13 cpp-11
+ ln -s clang-13 gcc
+ echo 'gcc-11 hold'
+ dpkg --set-selections
+ echo 'g++-11 hold'
+ dpkg --set-selections
+ cd -
/build/libsass-python-3rlZGP
+ echo 'Check if gcc, g++ & cpp are actually clang'
Check if gcc, g++ & cpp are actually clang
+ gcc --version
+ grep clang
+ cpp --version
+ grep clang
+ g++ --version
+ grep clang
+ cd /usr/bin/
+ rm -f clang++ clang
+ ln -s clang-13 clang++
+ ln -s clang-13 clang
+ clang++ --version
Debian clang version 13.0.0-8
Target: x86_64-pc-linux-gnu
Thread model: posix
InstalledDir: /usr/bin
+ clang --version
Debian clang version 13.0.0-8
Target: x86_64-pc-linux-gnu
Thread model: posix
InstalledDir: /usr/bin
+ cd -
/build/libsass-python-3rlZGP
+ apt install --yes --no-install-recommends --force-yes qt5-qmake

WARNING: apt does not have a stable CLI interface. Use with caution in scripts.

Reading package lists...
Building dependency tree...
Reading state information...
The following additional packages will be installed:
  qt5-qmake-bin qtchooser
The following NEW packages will be installed:
  qt5-qmake qt5-qmake-bin qtchooser
0 upgraded, 3 newly installed, 0 to remove and 0 not upgraded.
Need to get 1322 kB of archives.
After this operation, 4914 kB of additional disk space will be used.
Get:1 http://127.0.0.1:12990/debian sid/main amd64 qt5-qmake-bin amd64 5.15.2+dfsg-12 [1046 kB]
Get:2 http://127.0.0.1:12990/debian sid/main amd64 qtchooser amd64 66-2 [26.3 kB]
Get:3 http://127.0.0.1:12990/debian sid/main amd64 qt5-qmake amd64 5.15.2+dfsg-12 [249 kB]
debconf: delaying package configuration, since apt-utils is not installed
Fetched 1322 kB in 0s (21.3 MB/s)
Selecting previously unselected package qt5-qmake-bin.
(Reading database ... (Reading database ... 5%(Reading database ... 10%(Reading database ... 15%(Reading database ... 20%(Reading database ... 25%(Reading database ... 30%(Reading database ... 35%(Reading database ... 40%(Reading database ... 45%(Reading database ... 50%(Reading database ... 55%(Reading database ... 60%(Reading database ... 65%(Reading database ... 70%(Reading database ... 75%(Reading database ... 80%(Reading database ... 85%(Reading database ... 90%(Reading database ... 95%(Reading database ... 100%(Reading database ... 13528 files and directories currently installed.)
Preparing to unpack .../qt5-qmake-bin_5.15.2+dfsg-12_amd64.deb ...
Unpacking qt5-qmake-bin (5.15.2+dfsg-12) ...
Selecting previously unselected package qtchooser.
Preparing to unpack .../qtchooser_66-2_amd64.deb ...
Unpacking qtchooser (66-2) ...
Selecting previously unselected package qt5-qmake:amd64.
Preparing to unpack .../qt5-qmake_5.15.2+dfsg-12_amd64.deb ...
Unpacking qt5-qmake:amd64 (5.15.2+dfsg-12) ...
Setting up qt5-qmake-bin (5.15.2+dfsg-12) ...
Setting up qtchooser (66-2) ...
Setting up qt5-qmake:amd64 (5.15.2+dfsg-12) ...
W: --force-yes is deprecated, use one of the options starting with --allow instead.
+ cp /usr/lib/x86_64-linux-gnu/qt5/mkspecs/linux-clang/qmake.conf /usr/lib/x86_64-linux-gnu/qt5/mkspecs/linux-clang/qplatformdefs.h /usr/lib/x86_64-linux-gnu/qt5/mkspecs/linux-g++/
+ ls -al /usr/lib/x86_64-linux-gnu/qt5/mkspecs/linux-g++/
total 16
drwxr-xr-x  2 root root 4096 Oct 26 23:09 .
drwxr-xr-x 76 root root 4096 Oct 26 23:09 ..
-rw-r--r--  1 root root  276 Oct 26 23:09 qmake.conf
-rw-r--r--  1 root root 3218 Oct 26 23:09 qplatformdefs.h
+ cat /usr/lib/x86_64-linux-gnu/qt5/mkspecs/linux-g++/qmake.conf
#
# qmake configuration for linux-clang
#

MAKEFILE_GENERATOR = UNIX
CONFIG += incremental

QMAKE_INCREMENTAL_STYLE = sublib

include(../common/linux.conf)
include(../common/gcc-base-unix.conf)
include(../common/clang.conf)

QMAKE_LFLAGS += -ccc-gcc-name g++

load(qt_config)
+ export QMAKESPEC=/usr/lib/x86_64-linux-gnu/qt5/mkspecs/linux-clang/
+ QMAKESPEC=/usr/lib/x86_64-linux-gnu/qt5/mkspecs/linux-clang/
+ sed -i -e 's|compare_problem(2,|compare_problem(0,|g' /usr/bin/dpkg-gensymbols
+ sed -i -e 's|compare_problem(1,|compare_problem(0,|g' /usr/bin/dpkg-gensymbols
+ grep 'compare_problem(' /usr/bin/dpkg-gensymbols
        compare_problem(4, g_('new libraries appeared in the symbols file: %s'), "@libs");
        compare_problem(3, g_('some libraries disappeared in the symbols file: %s'), "@libs");
        compare_problem(0, g_('some new symbols appeared in the symbols file: %s'),
        compare_problem(0, g_('some symbols or patterns disappeared in the symbols file: %s'),

I: Finished running '/tmp/clang13'.

Finished processing commands.
--------------------------------------------------------------------------------
I: NOTICE: Log filtering will replace 'build/libsass-python-3rlZGP/resolver-t6eFrZ' with '<<RESOLVERDIR>>'

+------------------------------------------------------------------------------+
| Update chroot                                                                |
+------------------------------------------------------------------------------+

Hit:1 http://127.0.0.1:12990/debian sid InRelease
Reading package lists...
Reading package lists...
Building dependency tree...
Reading state information...
Calculating upgrade...
0 upgraded, 0 newly installed, 0 to remove and 0 not upgraded.

+------------------------------------------------------------------------------+
| Fetch source files                                                           |
+------------------------------------------------------------------------------+


Check APT
---------

Checking available source versions...

Download source files with APT
------------------------------

Reading package lists...
NOTICE: 'libsass-python' packaging is maintained in the 'Git' version control system at:
https://salsa.debian.org/debian/libsass-python.git
Please use:
git clone https://salsa.debian.org/debian/libsass-python.git
to retrieve the latest (possibly unreleased) updates to the package.
Need to get 63.3 kB of source archives.
Get:1 http://127.0.0.1:12990/debian sid/main libsass-python 0.20.1-3 (dsc) [2182 B]
Get:2 http://127.0.0.1:12990/debian sid/main libsass-python 0.20.1-3 (tar) [55.6 kB]
Get:3 http://127.0.0.1:12990/debian sid/main libsass-python 0.20.1-3 (diff) [5440 B]
Fetched 63.3 kB in 0s (776 kB/s)
Download complete and in download only mode
I: NOTICE: Log filtering will replace 'build/libsass-python-3rlZGP/libsass-python-0.20.1' with '<<PKGBUILDDIR>>'
I: NOTICE: Log filtering will replace 'build/libsass-python-3rlZGP' with '<<BUILDDIR>>'

+------------------------------------------------------------------------------+
| Install package build dependencies                                           |
+------------------------------------------------------------------------------+


Setup apt archive
-----------------

Merged Build-Depends: debhelper-compat (= 13), dh-python, python3-all-dev, python3-setuptools, python3-six, python3-sphinx, python3-werkzeug, python3-flake8, python3-pytest, python3-doc, python-flask-doc, python-setuptools-doc, libsass-dev (>= 3.6.4), build-essential, fakeroot
Filtered Build-Depends: debhelper-compat (= 13), dh-python, python3-all-dev, python3-setuptools, python3-six, python3-sphinx, python3-werkzeug, python3-flake8, python3-pytest, python3-doc, python-flask-doc, python-setuptools-doc, libsass-dev (>= 3.6.4), build-essential, fakeroot
dpkg-deb: building package 'sbuild-build-depends-main-dummy' in '/<<RESOLVERDIR>>/apt_archive/sbuild-build-depends-main-dummy.deb'.
Ign:1 copy:/<<RESOLVERDIR>>/apt_archive ./ InRelease
Get:2 copy:/<<RESOLVERDIR>>/apt_archive ./ Release [957 B]
Ign:3 copy:/<<RESOLVERDIR>>/apt_archive ./ Release.gpg
Get:4 copy:/<<RESOLVERDIR>>/apt_archive ./ Sources [449 B]
Get:5 copy:/<<RESOLVERDIR>>/apt_archive ./ Packages [535 B]
Fetched 1941 B in 0s (0 B/s)
Reading package lists...
Reading package lists...

Install main build dependencies (apt-based resolver)
----------------------------------------------------

Installing build dependencies
Reading package lists...
Building dependency tree...
Reading state information...
The following additional packages will be installed:
  autoconf automake autopoint autotools-dev bsdextrautils ca-certificates
  debhelper dh-autoreconf dh-python dh-strip-nondeterminism docutils-common
  dwz file gettext gettext-base groff-base intltool-debian libarchive-zip-perl
  libdebhelper-perl libelf1 libexpat1 libexpat1-dev
  libfile-stripnondeterminism-perl libjs-jquery libjs-sphinxdoc
  libjs-underscore libmagic-mgc libmagic1 libmpdec3 libncursesw6 libpipeline1
  libpython3-all-dev libpython3-dev libpython3-stdlib libpython3.9
  libpython3.9-dev libpython3.9-minimal libpython3.9-stdlib libreadline8
  libsass-dev libsass1 libsigsegv2 libsqlite3-0 libsub-override-perl libtool
  libuchardet0 m4 man-db media-types openssl po-debconf
  python-babel-localedata python-flask-doc python-setuptools-doc python3
  python3-alabaster python3-all python3-all-dev python3-attr python3-babel
  python3-certifi python3-chardet python3-dev python3-distutils python3-doc
  python3-docutils python3-flake8 python3-idna python3-imagesize
  python3-importlib-metadata python3-iniconfig python3-jinja2 python3-lib2to3
  python3-markupsafe python3-mccabe python3-minimal python3-more-itertools
  python3-packaging python3-pkg-resources python3-pluggy python3-py
  python3-pycodestyle python3-pyflakes python3-pygments python3-pyparsing
  python3-pytest python3-requests python3-roman python3-setuptools python3-six
  python3-snowballstemmer python3-sphinx python3-toml python3-tz
  python3-urllib3 python3-werkzeug python3-zipp python3.9 python3.9-dev
  python3.9-doc python3.9-minimal readline-common sensible-utils sgml-base
  sphinx-common xml-core zlib1g-dev
Suggested packages:
  autoconf-archive gnu-standards autoconf-doc dh-make flit gettext-doc
  libasprintf-dev libgettextpo-dev groff libtool-doc gfortran
  | fortran95-compiler gcj-jdk m4-doc apparmor less www-browser
  libmail-box-perl python3-tk python3-venv python-attr-doc python3-examples
  docutils-doc fonts-linuxlibertine | ttf-linux-libertine texlive-lang-french
  texlive-latex-base texlive-latex-recommended python-jinja2-doc subversion
  python-pygments-doc ttf-bitstream-vera python-pyparsing-doc
  python3-cryptography python3-openssl python3-socks python-requests-doc
  python3-stemmer dvipng fonts-freefont-otf imagemagick-6.q16 latexmk
  libjs-mathjax python3-sphinx-rtd-theme sphinx-doc tex-gyre
  texlive-fonts-recommended texlive-latex-extra texlive-plain-generic ipython3
  python-werkzeug-doc python3-lxml python3-watchdog python3.9-venv
  binfmt-support readline-doc sgml-base-doc
Recommended packages:
  curl | wget | lynx libarchive-cpio-perl javascript-common libgpm2
  libltdl-dev libmail-sendmail-perl python3-flask libpaper-utils python3-pil
  pyflakes3 python3-openssl python3-pyinotify
The following NEW packages will be installed:
  autoconf automake autopoint autotools-dev bsdextrautils ca-certificates
  debhelper dh-autoreconf dh-python dh-strip-nondeterminism docutils-common
  dwz file gettext gettext-base groff-base intltool-debian libarchive-zip-perl
  libdebhelper-perl libelf1 libexpat1 libexpat1-dev
  libfile-stripnondeterminism-perl libjs-jquery libjs-sphinxdoc
  libjs-underscore libmagic-mgc libmagic1 libmpdec3 libncursesw6 libpipeline1
  libpython3-all-dev libpython3-dev libpython3-stdlib libpython3.9
  libpython3.9-dev libpython3.9-minimal libpython3.9-stdlib libreadline8
  libsass-dev libsass1 libsigsegv2 libsqlite3-0 libsub-override-perl libtool
  libuchardet0 m4 man-db media-types openssl po-debconf
  python-babel-localedata python-flask-doc python-setuptools-doc python3
  python3-alabaster python3-all python3-all-dev python3-attr python3-babel
  python3-certifi python3-chardet python3-dev python3-distutils python3-doc
  python3-docutils python3-flake8 python3-idna python3-imagesize
  python3-importlib-metadata python3-iniconfig python3-jinja2 python3-lib2to3
  python3-markupsafe python3-mccabe python3-minimal python3-more-itertools
  python3-packaging python3-pkg-resources python3-pluggy python3-py
  python3-pycodestyle python3-pyflakes python3-pygments python3-pyparsing
  python3-pytest python3-requests python3-roman python3-setuptools python3-six
  python3-snowballstemmer python3-sphinx python3-toml python3-tz
  python3-urllib3 python3-werkzeug python3-zipp python3.9 python3.9-dev
  python3.9-doc python3.9-minimal readline-common
  sbuild-build-depends-main-dummy sensible-utils sgml-base sphinx-common
  xml-core zlib1g-dev
0 upgraded, 108 newly installed, 0 to remove and 0 not upgraded.
Need to get 47.3 MB of archives.
After this operation, 210 MB of additional disk space will be used.
Get:1 copy:/<<RESOLVERDIR>>/apt_archive ./ sbuild-build-depends-main-dummy 0.invalid.0 [964 B]
Get:2 http://127.0.0.1:12990/debian sid/main amd64 bsdextrautils amd64 2.37.2-4 [143 kB]
Get:3 http://127.0.0.1:12990/debian sid/main amd64 libuchardet0 amd64 0.0.7-1 [67.8 kB]
Get:4 http://127.0.0.1:12990/debian sid/main amd64 groff-base amd64 1.22.4-7 [935 kB]
Get:5 http://127.0.0.1:12990/debian sid/main amd64 libpipeline1 amd64 1.5.3-1 [34.3 kB]
Get:6 http://127.0.0.1:12990/debian sid/main amd64 man-db amd64 2.9.4-2 [1354 kB]
Get:7 http://127.0.0.1:12990/debian sid/main amd64 libpython3.9-minimal amd64 3.9.7-4 [804 kB]
Get:8 http://127.0.0.1:12990/debian sid/main amd64 libexpat1 amd64 2.4.1-3 [104 kB]
Get:9 http://127.0.0.1:12990/debian sid/main amd64 python3.9-minimal amd64 3.9.7-4 [1963 kB]
Get:10 http://127.0.0.1:12990/debian sid/main amd64 python3-minimal amd64 3.9.2-3 [38.2 kB]
Get:11 http://127.0.0.1:12990/debian sid/main amd64 media-types all 4.0.0 [30.3 kB]
Get:12 http://127.0.0.1:12990/debian sid/main amd64 libmpdec3 amd64 2.5.1-2 [87.8 kB]
Get:13 http://127.0.0.1:12990/debian sid/main amd64 libncursesw6 amd64 6.2+20210905-1 [133 kB]
Get:14 http://127.0.0.1:12990/debian sid/main amd64 readline-common all 8.1-2 [73.8 kB]
Get:15 http://127.0.0.1:12990/debian sid/main amd64 libreadline8 amd64 8.1-2 [168 kB]
Get:16 http://127.0.0.1:12990/debian sid/main amd64 libsqlite3-0 amd64 3.36.0-2 [815 kB]
Get:17 http://127.0.0.1:12990/debian sid/main amd64 libpython3.9-stdlib amd64 3.9.7-4 [1688 kB]
Get:18 http://127.0.0.1:12990/debian sid/main amd64 python3.9 amd64 3.9.7-4 [480 kB]
Get:19 http://127.0.0.1:12990/debian sid/main amd64 libpython3-stdlib amd64 3.9.2-3 [21.4 kB]
Get:20 http://127.0.0.1:12990/debian sid/main amd64 python3 amd64 3.9.2-3 [37.9 kB]
Get:21 http://127.0.0.1:12990/debian sid/main amd64 sgml-base all 1.30 [15.1 kB]
Get:22 http://127.0.0.1:12990/debian sid/main amd64 sensible-utils all 0.0.17 [21.5 kB]
Get:23 http://127.0.0.1:12990/debian sid/main amd64 openssl amd64 1.1.1l-1 [851 kB]
Get:24 http://127.0.0.1:12990/debian sid/main amd64 ca-certificates all 20211016 [156 kB]
Get:25 http://127.0.0.1:12990/debian sid/main amd64 libmagic-mgc amd64 1:5.39-3 [273 kB]
Get:26 http://127.0.0.1:12990/debian sid/main amd64 libmagic1 amd64 1:5.39-3 [126 kB]
Get:27 http://127.0.0.1:12990/debian sid/main amd64 file amd64 1:5.39-3 [69.1 kB]
Get:28 http://127.0.0.1:12990/debian sid/main amd64 gettext-base amd64 0.21-4 [175 kB]
Get:29 http://127.0.0.1:12990/debian sid/main amd64 libsigsegv2 amd64 2.13-1 [34.8 kB]
Get:30 http://127.0.0.1:12990/debian sid/main amd64 m4 amd64 1.4.18-5 [204 kB]
Get:31 http://127.0.0.1:12990/debian sid/main amd64 autoconf all 2.71-2 [343 kB]
Get:32 http://127.0.0.1:12990/debian sid/main amd64 autotools-dev all 20180224.1+nmu1 [77.1 kB]
Get:33 http://127.0.0.1:12990/debian sid/main amd64 automake all 1:1.16.5-1 [823 kB]
Get:34 http://127.0.0.1:12990/debian sid/main amd64 autopoint all 0.21-4 [510 kB]
Get:35 http://127.0.0.1:12990/debian sid/main amd64 libdebhelper-perl all 13.5.2 [192 kB]
Get:36 http://127.0.0.1:12990/debian sid/main amd64 libtool all 2.4.6-15 [513 kB]
Get:37 http://127.0.0.1:12990/debian sid/main amd64 dh-autoreconf all 20 [17.1 kB]
Get:38 http://127.0.0.1:12990/debian sid/main amd64 libarchive-zip-perl all 1.68-1 [104 kB]
Get:39 http://127.0.0.1:12990/debian sid/main amd64 libsub-override-perl all 0.09-2 [10.2 kB]
Get:40 http://127.0.0.1:12990/debian sid/main amd64 libfile-stripnondeterminism-perl all 1.12.0-2 [26.3 kB]
Get:41 http://127.0.0.1:12990/debian sid/main amd64 dh-strip-nondeterminism all 1.12.0-2 [15.5 kB]
Get:42 http://127.0.0.1:12990/debian sid/main amd64 libelf1 amd64 0.185-2 [172 kB]
Get:43 http://127.0.0.1:12990/debian sid/main amd64 dwz amd64 0.14-1 [98.3 kB]
Get:44 http://127.0.0.1:12990/debian sid/main amd64 gettext amd64 0.21-4 [1311 kB]
Get:45 http://127.0.0.1:12990/debian sid/main amd64 intltool-debian all 0.35.0+20060710.5 [26.8 kB]
Get:46 http://127.0.0.1:12990/debian sid/main amd64 po-debconf all 1.0.21+nmu1 [248 kB]
Get:47 http://127.0.0.1:12990/debian sid/main amd64 debhelper all 13.5.2 [1056 kB]
Get:48 http://127.0.0.1:12990/debian sid/main amd64 python3-lib2to3 all 3.9.7-1 [79.4 kB]
Get:49 http://127.0.0.1:12990/debian sid/main amd64 python3-distutils all 3.9.7-1 [146 kB]
Get:50 http://127.0.0.1:12990/debian sid/main amd64 dh-python all 5.20211022.1 [103 kB]
Get:51 http://127.0.0.1:12990/debian sid/main amd64 xml-core all 0.18+nmu1 [23.8 kB]
Get:52 http://127.0.0.1:12990/debian sid/main amd64 docutils-common all 0.17.1+dfsg-2 [127 kB]
Get:53 http://127.0.0.1:12990/debian sid/main amd64 libexpat1-dev amd64 2.4.1-3 [156 kB]
Get:54 http://127.0.0.1:12990/debian sid/main amd64 libjs-jquery all 3.5.1+dfsg+~3.5.5-8 [315 kB]
Get:55 http://127.0.0.1:12990/debian sid/main amd64 libjs-underscore all 1.9.1~dfsg-4 [100 kB]
Get:56 http://127.0.0.1:12990/debian sid/main amd64 libjs-sphinxdoc all 4.2.0-5 [137 kB]
Get:57 http://127.0.0.1:12990/debian sid/main amd64 libpython3.9 amd64 3.9.7-4 [1693 kB]
Get:58 http://127.0.0.1:12990/debian sid/main amd64 zlib1g-dev amd64 1:1.2.11.dfsg-2 [190 kB]
Get:59 http://127.0.0.1:12990/debian sid/main amd64 libpython3.9-dev amd64 3.9.7-4 [4032 kB]
Get:60 http://127.0.0.1:12990/debian sid/main amd64 libpython3-dev amd64 3.9.2-3 [21.7 kB]
Get:61 http://127.0.0.1:12990/debian sid/main amd64 libpython3-all-dev amd64 3.9.2-3 [1068 B]
Get:62 http://127.0.0.1:12990/debian sid/main amd64 libsass1 amd64 3.6.5+20210718-1 [706 kB]
Get:63 http://127.0.0.1:12990/debian sid/main amd64 libsass-dev amd64 3.6.5+20210718-1 [774 kB]
Get:64 http://127.0.0.1:12990/debian sid/main amd64 python-babel-localedata all 2.8.0+dfsg.1-7 [4997 kB]
Get:65 http://127.0.0.1:12990/debian sid/main amd64 python-flask-doc all 2.0.1-2 [640 kB]
Get:66 http://127.0.0.1:12990/debian sid/main amd64 python-setuptools-doc all 58.2.0-1 [383 kB]
Get:67 http://127.0.0.1:12990/debian sid/main amd64 python3-alabaster all 0.7.12-1 [20.8 kB]
Get:68 http://127.0.0.1:12990/debian sid/main amd64 python3-all amd64 3.9.2-3 [1056 B]
Get:69 http://127.0.0.1:12990/debian sid/main amd64 python3.9-dev amd64 3.9.7-4 [508 kB]
Get:70 http://127.0.0.1:12990/debian sid/main amd64 python3-dev amd64 3.9.2-3 [24.8 kB]
Get:71 http://127.0.0.1:12990/debian sid/main amd64 python3-all-dev amd64 3.9.2-3 [1064 B]
Get:72 http://127.0.0.1:12990/debian sid/main amd64 python3-attr all 20.3.0-1 [52.9 kB]
Get:73 http://127.0.0.1:12990/debian sid/main amd64 python3-pkg-resources all 58.2.0-1 [192 kB]
Get:74 http://127.0.0.1:12990/debian sid/main amd64 python3-tz all 2021.3-1 [34.9 kB]
Get:75 http://127.0.0.1:12990/debian sid/main amd64 python3-babel all 2.8.0+dfsg.1-7 [100 kB]
Get:76 http://127.0.0.1:12990/debian sid/main amd64 python3-certifi all 2020.6.20-1 [151 kB]
Get:77 http://127.0.0.1:12990/debian sid/main amd64 python3-chardet all 4.0.0-1 [99.0 kB]
Get:78 http://127.0.0.1:12990/debian sid/main amd64 python3.9-doc all 3.9.7-4 [11.0 MB]
Get:79 http://127.0.0.1:12990/debian sid/main amd64 python3-doc all 3.9.2-3 [21.6 kB]
Get:80 http://127.0.0.1:12990/debian sid/main amd64 python3-roman all 3.3-1 [10.7 kB]
Get:81 http://127.0.0.1:12990/debian sid/main amd64 python3-docutils all 0.17.1+dfsg-2 [393 kB]
Get:82 http://127.0.0.1:12990/debian sid/main amd64 python3-mccabe all 0.6.1-3 [9988 B]
Get:83 http://127.0.0.1:12990/debian sid/main amd64 python3-pycodestyle all 2.6.0-1 [47.1 kB]
Get:84 http://127.0.0.1:12990/debian sid/main amd64 python3-pyflakes all 2.2.0-3 [62.2 kB]
Get:85 http://127.0.0.1:12990/debian sid/main amd64 python3-setuptools all 58.2.0-1 [396 kB]
Get:86 http://127.0.0.1:12990/debian sid/main amd64 python3-flake8 all 3.8.4-1 [69.1 kB]
Get:87 http://127.0.0.1:12990/debian sid/main amd64 python3-idna all 2.10-1 [37.4 kB]
Get:88 http://127.0.0.1:12990/debian sid/main amd64 python3-imagesize all 1.2.0-2 [5824 B]
Get:89 http://127.0.0.1:12990/debian sid/main amd64 python3-six all 1.16.0-2 [17.5 kB]
Get:90 http://127.0.0.1:12990/debian sid/main amd64 python3-more-itertools all 4.2.0-3 [42.7 kB]
Get:91 http://127.0.0.1:12990/debian sid/main amd64 python3-zipp all 1.0.0-3 [6060 B]
Get:92 http://127.0.0.1:12990/debian sid/main amd64 python3-importlib-metadata all 4.6.4-1 [22.5 kB]
Get:93 http://127.0.0.1:12990/debian sid/main amd64 python3-iniconfig all 1.1.1-1 [6308 B]
Get:94 http://127.0.0.1:12990/debian sid/main amd64 python3-markupsafe amd64 2.0.1-2 [13.6 kB]
Get:95 http://127.0.0.1:12990/debian sid/main amd64 python3-jinja2 all 3.0.1-2 [121 kB]
Get:96 http://127.0.0.1:12990/debian sid/main amd64 python3-pyparsing all 2.4.7-1 [109 kB]
Get:97 http://127.0.0.1:12990/debian sid/main amd64 python3-packaging all 21.0-1 [33.5 kB]
Get:98 http://127.0.0.1:12990/debian sid/main amd64 python3-pluggy all 0.13.0-7 [22.4 kB]
Get:99 http://127.0.0.1:12990/debian sid/main amd64 python3-py all 1.10.0-1 [94.2 kB]
Get:100 http://127.0.0.1:12990/debian sid/main amd64 python3-pygments all 2.7.1+dfsg-2.1 [657 kB]
Get:101 http://127.0.0.1:12990/debian sid/main amd64 python3-toml all 0.10.2-1 [16.2 kB]
Get:102 http://127.0.0.1:12990/debian sid/main amd64 python3-pytest all 6.2.5-1 [218 kB]
Get:103 http://127.0.0.1:12990/debian sid/main amd64 python3-urllib3 all 1.26.5-1~exp1 [114 kB]
Get:104 http://127.0.0.1:12990/debian sid/main amd64 python3-requests all 2.25.1+dfsg-2 [69.3 kB]
Get:105 http://127.0.0.1:12990/debian sid/main amd64 python3-snowballstemmer all 2.1.0-2 [58.8 kB]
Get:106 http://127.0.0.1:12990/debian sid/main amd64 sphinx-common all 4.2.0-5 [623 kB]
Get:107 http://127.0.0.1:12990/debian sid/main amd64 python3-sphinx all 4.2.0-5 [529 kB]
Get:108 http://127.0.0.1:12990/debian sid/main amd64 python3-werkzeug all 2.0.1+dfsg1-2 [211 kB]
debconf: delaying package configuration, since apt-utils is not installed
Fetched 47.3 MB in 0s (112 MB/s)
Selecting previously unselected package bsdextrautils.
(Reading database ... 14273 files and directories currently installed.)
Preparing to unpack .../0-bsdextrautils_2.37.2-4_amd64.deb ...
Unpacking bsdextrautils (2.37.2-4) ...
Selecting previously unselected package libuchardet0:amd64.
Preparing to unpack .../1-libuchardet0_0.0.7-1_amd64.deb ...
Unpacking libuchardet0:amd64 (0.0.7-1) ...
Selecting previously unselected package groff-base.
Preparing to unpack .../2-groff-base_1.22.4-7_amd64.deb ...
Unpacking groff-base (1.22.4-7) ...
Selecting previously unselected package libpipeline1:amd64.
Preparing to unpack .../3-libpipeline1_1.5.3-1_amd64.deb ...
Unpacking libpipeline1:amd64 (1.5.3-1) ...
Selecting previously unselected package man-db.
Preparing to unpack .../4-man-db_2.9.4-2_amd64.deb ...
Unpacking man-db (2.9.4-2) ...
Selecting previously unselected package libpython3.9-minimal:amd64.
Preparing to unpack .../5-libpython3.9-minimal_3.9.7-4_amd64.deb ...
Unpacking libpython3.9-minimal:amd64 (3.9.7-4) ...
Selecting previously unselected package libexpat1:amd64.
Preparing to unpack .../6-libexpat1_2.4.1-3_amd64.deb ...
Unpacking libexpat1:amd64 (2.4.1-3) ...
Selecting previously unselected package python3.9-minimal.
Preparing to unpack .../7-python3.9-minimal_3.9.7-4_amd64.deb ...
Unpacking python3.9-minimal (3.9.7-4) ...
Setting up libpython3.9-minimal:amd64 (3.9.7-4) ...
Setting up libexpat1:amd64 (2.4.1-3) ...
Setting up python3.9-minimal (3.9.7-4) ...
Selecting previously unselected package python3-minimal.
(Reading database ... 15140 files and directories currently installed.)
Preparing to unpack .../0-python3-minimal_3.9.2-3_amd64.deb ...
Unpacking python3-minimal (3.9.2-3) ...
Selecting previously unselected package media-types.
Preparing to unpack .../1-media-types_4.0.0_all.deb ...
Unpacking media-types (4.0.0) ...
Selecting previously unselected package libmpdec3:amd64.
Preparing to unpack .../2-libmpdec3_2.5.1-2_amd64.deb ...
Unpacking libmpdec3:amd64 (2.5.1-2) ...
Selecting previously unselected package libncursesw6:amd64.
Preparing to unpack .../3-libncursesw6_6.2+20210905-1_amd64.deb ...
Unpacking libncursesw6:amd64 (6.2+20210905-1) ...
Selecting previously unselected package readline-common.
Preparing to unpack .../4-readline-common_8.1-2_all.deb ...
Unpacking readline-common (8.1-2) ...
Selecting previously unselected package libreadline8:amd64.
Preparing to unpack .../5-libreadline8_8.1-2_amd64.deb ...
Unpacking libreadline8:amd64 (8.1-2) ...
Selecting previously unselected package libsqlite3-0:amd64.
Preparing to unpack .../6-libsqlite3-0_3.36.0-2_amd64.deb ...
Unpacking libsqlite3-0:amd64 (3.36.0-2) ...
Selecting previously unselected package libpython3.9-stdlib:amd64.
Preparing to unpack .../7-libpython3.9-stdlib_3.9.7-4_amd64.deb ...
Unpacking libpython3.9-stdlib:amd64 (3.9.7-4) ...
Selecting previously unselected package python3.9.
Preparing to unpack .../8-python3.9_3.9.7-4_amd64.deb ...
Unpacking python3.9 (3.9.7-4) ...
Selecting previously unselected package libpython3-stdlib:amd64.
Preparing to unpack .../9-libpython3-stdlib_3.9.2-3_amd64.deb ...
Unpacking libpython3-stdlib:amd64 (3.9.2-3) ...
Setting up python3-minimal (3.9.2-3) ...
Selecting previously unselected package python3.
(Reading database ... 15579 files and directories currently installed.)
Preparing to unpack .../00-python3_3.9.2-3_amd64.deb ...
Unpacking python3 (3.9.2-3) ...
Selecting previously unselected package sgml-base.
Preparing to unpack .../01-sgml-base_1.30_all.deb ...
Unpacking sgml-base (1.30) ...
Selecting previously unselected package sensible-utils.
Preparing to unpack .../02-sensible-utils_0.0.17_all.deb ...
Unpacking sensible-utils (0.0.17) ...
Selecting previously unselected package openssl.
Preparing to unpack .../03-openssl_1.1.1l-1_amd64.deb ...
Unpacking openssl (1.1.1l-1) ...
Selecting previously unselected package ca-certificates.
Preparing to unpack .../04-ca-certificates_20211016_all.deb ...
Unpacking ca-certificates (20211016) ...
Selecting previously unselected package libmagic-mgc.
Preparing to unpack .../05-libmagic-mgc_1%3a5.39-3_amd64.deb ...
Unpacking libmagic-mgc (1:5.39-3) ...
Selecting previously unselected package libmagic1:amd64.
Preparing to unpack .../06-libmagic1_1%3a5.39-3_amd64.deb ...
Unpacking libmagic1:amd64 (1:5.39-3) ...
Selecting previously unselected package file.
Preparing to unpack .../07-file_1%3a5.39-3_amd64.deb ...
Unpacking file (1:5.39-3) ...
Selecting previously unselected package gettext-base.
Preparing to unpack .../08-gettext-base_0.21-4_amd64.deb ...
Unpacking gettext-base (0.21-4) ...
Selecting previously unselected package libsigsegv2:amd64.
Preparing to unpack .../09-libsigsegv2_2.13-1_amd64.deb ...
Unpacking libsigsegv2:amd64 (2.13-1) ...
Selecting previously unselected package m4.
Preparing to unpack .../10-m4_1.4.18-5_amd64.deb ...
Unpacking m4 (1.4.18-5) ...
Selecting previously unselected package autoconf.
Preparing to unpack .../11-autoconf_2.71-2_all.deb ...
Unpacking autoconf (2.71-2) ...
Selecting previously unselected package autotools-dev.
Preparing to unpack .../12-autotools-dev_20180224.1+nmu1_all.deb ...
Unpacking autotools-dev (20180224.1+nmu1) ...
Selecting previously unselected package automake.
Preparing to unpack .../13-automake_1%3a1.16.5-1_all.deb ...
Unpacking automake (1:1.16.5-1) ...
Selecting previously unselected package autopoint.
Preparing to unpack .../14-autopoint_0.21-4_all.deb ...
Unpacking autopoint (0.21-4) ...
Selecting previously unselected package libdebhelper-perl.
Preparing to unpack .../15-libdebhelper-perl_13.5.2_all.deb ...
Unpacking libdebhelper-perl (13.5.2) ...
Selecting previously unselected package libtool.
Preparing to unpack .../16-libtool_2.4.6-15_all.deb ...
Unpacking libtool (2.4.6-15) ...
Selecting previously unselected package dh-autoreconf.
Preparing to unpack .../17-dh-autoreconf_20_all.deb ...
Unpacking dh-autoreconf (20) ...
Selecting previously unselected package libarchive-zip-perl.
Preparing to unpack .../18-libarchive-zip-perl_1.68-1_all.deb ...
Unpacking libarchive-zip-perl (1.68-1) ...
Selecting previously unselected package libsub-override-perl.
Preparing to unpack .../19-libsub-override-perl_0.09-2_all.deb ...
Unpacking libsub-override-perl (0.09-2) ...
Selecting previously unselected package libfile-stripnondeterminism-perl.
Preparing to unpack .../20-libfile-stripnondeterminism-perl_1.12.0-2_all.deb ...
Unpacking libfile-stripnondeterminism-perl (1.12.0-2) ...
Selecting previously unselected package dh-strip-nondeterminism.
Preparing to unpack .../21-dh-strip-nondeterminism_1.12.0-2_all.deb ...
Unpacking dh-strip-nondeterminism (1.12.0-2) ...
Selecting previously unselected package libelf1:amd64.
Preparing to unpack .../22-libelf1_0.185-2_amd64.deb ...
Unpacking libelf1:amd64 (0.185-2) ...
Selecting previously unselected package dwz.
Preparing to unpack .../23-dwz_0.14-1_amd64.deb ...
Unpacking dwz (0.14-1) ...
Selecting previously unselected package gettext.
Preparing to unpack .../24-gettext_0.21-4_amd64.deb ...
Unpacking gettext (0.21-4) ...
Selecting previously unselected package intltool-debian.
Preparing to unpack .../25-intltool-debian_0.35.0+20060710.5_all.deb ...
Unpacking intltool-debian (0.35.0+20060710.5) ...
Selecting previously unselected package po-debconf.
Preparing to unpack .../26-po-debconf_1.0.21+nmu1_all.deb ...
Unpacking po-debconf (1.0.21+nmu1) ...
Selecting previously unselected package debhelper.
Preparing to unpack .../27-debhelper_13.5.2_all.deb ...
Unpacking debhelper (13.5.2) ...
Selecting previously unselected package python3-lib2to3.
Preparing to unpack .../28-python3-lib2to3_3.9.7-1_all.deb ...
Unpacking python3-lib2to3 (3.9.7-1) ...
Selecting previously unselected package python3-distutils.
Preparing to unpack .../29-python3-distutils_3.9.7-1_all.deb ...
Unpacking python3-distutils (3.9.7-1) ...
Selecting previously unselected package dh-python.
Preparing to unpack .../30-dh-python_5.20211022.1_all.deb ...
Unpacking dh-python (5.20211022.1) ...
Selecting previously unselected package xml-core.
Preparing to unpack .../31-xml-core_0.18+nmu1_all.deb ...
Unpacking xml-core (0.18+nmu1) ...
Selecting previously unselected package docutils-common.
Preparing to unpack .../32-docutils-common_0.17.1+dfsg-2_all.deb ...
Unpacking docutils-common (0.17.1+dfsg-2) ...
Selecting previously unselected package libexpat1-dev:amd64.
Preparing to unpack .../33-libexpat1-dev_2.4.1-3_amd64.deb ...
Unpacking libexpat1-dev:amd64 (2.4.1-3) ...
Selecting previously unselected package libjs-jquery.
Preparing to unpack .../34-libjs-jquery_3.5.1+dfsg+~3.5.5-8_all.deb ...
Unpacking libjs-jquery (3.5.1+dfsg+~3.5.5-8) ...
Selecting previously unselected package libjs-underscore.
Preparing to unpack .../35-libjs-underscore_1.9.1~dfsg-4_all.deb ...
Unpacking libjs-underscore (1.9.1~dfsg-4) ...
Selecting previously unselected package libjs-sphinxdoc.
Preparing to unpack .../36-libjs-sphinxdoc_4.2.0-5_all.deb ...
Unpacking libjs-sphinxdoc (4.2.0-5) ...
Selecting previously unselected package libpython3.9:amd64.
Preparing to unpack .../37-libpython3.9_3.9.7-4_amd64.deb ...
Unpacking libpython3.9:amd64 (3.9.7-4) ...
Selecting previously unselected package zlib1g-dev:amd64.
Preparing to unpack .../38-zlib1g-dev_1%3a1.2.11.dfsg-2_amd64.deb ...
Unpacking zlib1g-dev:amd64 (1:1.2.11.dfsg-2) ...
Selecting previously unselected package libpython3.9-dev:amd64.
Preparing to unpack .../39-libpython3.9-dev_3.9.7-4_amd64.deb ...
Unpacking libpython3.9-dev:amd64 (3.9.7-4) ...
Selecting previously unselected package libpython3-dev:amd64.
Preparing to unpack .../40-libpython3-dev_3.9.2-3_amd64.deb ...
Unpacking libpython3-dev:amd64 (3.9.2-3) ...
Selecting previously unselected package libpython3-all-dev:amd64.
Preparing to unpack .../41-libpython3-all-dev_3.9.2-3_amd64.deb ...
Unpacking libpython3-all-dev:amd64 (3.9.2-3) ...
Selecting previously unselected package libsass1:amd64.
Preparing to unpack .../42-libsass1_3.6.5+20210718-1_amd64.deb ...
Unpacking libsass1:amd64 (3.6.5+20210718-1) ...
Selecting previously unselected package libsass-dev:amd64.
Preparing to unpack .../43-libsass-dev_3.6.5+20210718-1_amd64.deb ...
Unpacking libsass-dev:amd64 (3.6.5+20210718-1) ...
Selecting previously unselected package python-babel-localedata.
Preparing to unpack .../44-python-babel-localedata_2.8.0+dfsg.1-7_all.deb ...
Unpacking python-babel-localedata (2.8.0+dfsg.1-7) ...
Selecting previously unselected package python-flask-doc.
Preparing to unpack .../45-python-flask-doc_2.0.1-2_all.deb ...
Unpacking python-flask-doc (2.0.1-2) ...
Selecting previously unselected package python-setuptools-doc.
Preparing to unpack .../46-python-setuptools-doc_58.2.0-1_all.deb ...
Unpacking python-setuptools-doc (58.2.0-1) ...
Selecting previously unselected package python3-alabaster.
Preparing to unpack .../47-python3-alabaster_0.7.12-1_all.deb ...
Unpacking python3-alabaster (0.7.12-1) ...
Selecting previously unselected package python3-all.
Preparing to unpack .../48-python3-all_3.9.2-3_amd64.deb ...
Unpacking python3-all (3.9.2-3) ...
Selecting previously unselected package python3.9-dev.
Preparing to unpack .../49-python3.9-dev_3.9.7-4_amd64.deb ...
Unpacking python3.9-dev (3.9.7-4) ...
Selecting previously unselected package python3-dev.
Preparing to unpack .../50-python3-dev_3.9.2-3_amd64.deb ...
Unpacking python3-dev (3.9.2-3) ...
Selecting previously unselected package python3-all-dev.
Preparing to unpack .../51-python3-all-dev_3.9.2-3_amd64.deb ...
Unpacking python3-all-dev (3.9.2-3) ...
Selecting previously unselected package python3-attr.
Preparing to unpack .../52-python3-attr_20.3.0-1_all.deb ...
Unpacking python3-attr (20.3.0-1) ...
Selecting previously unselected package python3-pkg-resources.
Preparing to unpack .../53-python3-pkg-resources_58.2.0-1_all.deb ...
Unpacking python3-pkg-resources (58.2.0-1) ...
Selecting previously unselected package python3-tz.
Preparing to unpack .../54-python3-tz_2021.3-1_all.deb ...
Unpacking python3-tz (2021.3-1) ...
Selecting previously unselected package python3-babel.
Preparing to unpack .../55-python3-babel_2.8.0+dfsg.1-7_all.deb ...
Unpacking python3-babel (2.8.0+dfsg.1-7) ...
Selecting previously unselected package python3-certifi.
Preparing to unpack .../56-python3-certifi_2020.6.20-1_all.deb ...
Unpacking python3-certifi (2020.6.20-1) ...
Selecting previously unselected package python3-chardet.
Preparing to unpack .../57-python3-chardet_4.0.0-1_all.deb ...
Unpacking python3-chardet (4.0.0-1) ...
Selecting previously unselected package python3.9-doc.
Preparing to unpack .../58-python3.9-doc_3.9.7-4_all.deb ...
Unpacking python3.9-doc (3.9.7-4) ...
Selecting previously unselected package python3-doc.
Preparing to unpack .../59-python3-doc_3.9.2-3_all.deb ...
Unpacking python3-doc (3.9.2-3) ...
Selecting previously unselected package python3-roman.
Preparing to unpack .../60-python3-roman_3.3-1_all.deb ...
Unpacking python3-roman (3.3-1) ...
Selecting previously unselected package python3-docutils.
Preparing to unpack .../61-python3-docutils_0.17.1+dfsg-2_all.deb ...
Unpacking python3-docutils (0.17.1+dfsg-2) ...
Selecting previously unselected package python3-mccabe.
Preparing to unpack .../62-python3-mccabe_0.6.1-3_all.deb ...
Unpacking python3-mccabe (0.6.1-3) ...
Selecting previously unselected package python3-pycodestyle.
Preparing to unpack .../63-python3-pycodestyle_2.6.0-1_all.deb ...
Unpacking python3-pycodestyle (2.6.0-1) ...
Selecting previously unselected package python3-pyflakes.
Preparing to unpack .../64-python3-pyflakes_2.2.0-3_all.deb ...
Unpacking python3-pyflakes (2.2.0-3) ...
Selecting previously unselected package python3-setuptools.
Preparing to unpack .../65-python3-setuptools_58.2.0-1_all.deb ...
Unpacking python3-setuptools (58.2.0-1) ...
Selecting previously unselected package python3-flake8.
Preparing to unpack .../66-python3-flake8_3.8.4-1_all.deb ...
Unpacking python3-flake8 (3.8.4-1) ...
Selecting previously unselected package python3-idna.
Preparing to unpack .../67-python3-idna_2.10-1_all.deb ...
Unpacking python3-idna (2.10-1) ...
Selecting previously unselected package python3-imagesize.
Preparing to unpack .../68-python3-imagesize_1.2.0-2_all.deb ...
Unpacking python3-imagesize (1.2.0-2) ...
Selecting previously unselected package python3-six.
Preparing to unpack .../69-python3-six_1.16.0-2_all.deb ...
Unpacking python3-six (1.16.0-2) ...
Selecting previously unselected package python3-more-itertools.
Preparing to unpack .../70-python3-more-itertools_4.2.0-3_all.deb ...
Unpacking python3-more-itertools (4.2.0-3) ...
Selecting previously unselected package python3-zipp.
Preparing to unpack .../71-python3-zipp_1.0.0-3_all.deb ...
Unpacking python3-zipp (1.0.0-3) ...
Selecting previously unselected package python3-importlib-metadata.
Preparing to unpack .../72-python3-importlib-metadata_4.6.4-1_all.deb ...
Unpacking python3-importlib-metadata (4.6.4-1) ...
Selecting previously unselected package python3-iniconfig.
Preparing to unpack .../73-python3-iniconfig_1.1.1-1_all.deb ...
Unpacking python3-iniconfig (1.1.1-1) ...
Selecting previously unselected package python3-markupsafe.
Preparing to unpack .../74-python3-markupsafe_2.0.1-2_amd64.deb ...
Unpacking python3-markupsafe (2.0.1-2) ...
Selecting previously unselected package python3-jinja2.
Preparing to unpack .../75-python3-jinja2_3.0.1-2_all.deb ...
Unpacking python3-jinja2 (3.0.1-2) ...
Selecting previously unselected package python3-pyparsing.
Preparing to unpack .../76-python3-pyparsing_2.4.7-1_all.deb ...
Unpacking python3-pyparsing (2.4.7-1) ...
Selecting previously unselected package python3-packaging.
Preparing to unpack .../77-python3-packaging_21.0-1_all.deb ...
Unpacking python3-packaging (21.0-1) ...
Selecting previously unselected package python3-pluggy.
Preparing to unpack .../78-python3-pluggy_0.13.0-7_all.deb ...
Unpacking python3-pluggy (0.13.0-7) ...
Selecting previously unselected package python3-py.
Preparing to unpack .../79-python3-py_1.10.0-1_all.deb ...
Unpacking python3-py (1.10.0-1) ...
Selecting previously unselected package python3-pygments.
Preparing to unpack .../80-python3-pygments_2.7.1+dfsg-2.1_all.deb ...
Unpacking python3-pygments (2.7.1+dfsg-2.1) ...
Selecting previously unselected package python3-toml.
Preparing to unpack .../81-python3-toml_0.10.2-1_all.deb ...
Unpacking python3-toml (0.10.2-1) ...
Selecting previously unselected package python3-pytest.
Preparing to unpack .../82-python3-pytest_6.2.5-1_all.deb ...
Unpacking python3-pytest (6.2.5-1) ...
Selecting previously unselected package python3-urllib3.
Preparing to unpack .../83-python3-urllib3_1.26.5-1~exp1_all.deb ...
Unpacking python3-urllib3 (1.26.5-1~exp1) ...
Selecting previously unselected package python3-requests.
Preparing to unpack .../84-python3-requests_2.25.1+dfsg-2_all.deb ...
Unpacking python3-requests (2.25.1+dfsg-2) ...
Selecting previously unselected package python3-snowballstemmer.
Preparing to unpack .../85-python3-snowballstemmer_2.1.0-2_all.deb ...
Unpacking python3-snowballstemmer (2.1.0-2) ...
Selecting previously unselected package sphinx-common.
Preparing to unpack .../86-sphinx-common_4.2.0-5_all.deb ...
Unpacking sphinx-common (4.2.0-5) ...
Selecting previously unselected package python3-sphinx.
Preparing to unpack .../87-python3-sphinx_4.2.0-5_all.deb ...
Unpacking python3-sphinx (4.2.0-5) ...
Selecting previously unselected package python3-werkzeug.
Preparing to unpack .../88-python3-werkzeug_2.0.1+dfsg1-2_all.deb ...
Unpacking python3-werkzeug (2.0.1+dfsg1-2) ...
Selecting previously unselected package sbuild-build-depends-main-dummy.
Preparing to unpack .../89-sbuild-build-depends-main-dummy_0.invalid.0_amd64.deb ...
Unpacking sbuild-build-depends-main-dummy (0.invalid.0) ...
Setting up media-types (4.0.0) ...
Setting up libpipeline1:amd64 (1.5.3-1) ...
Setting up bsdextrautils (2.37.2-4) ...
update-alternatives: using /usr/bin/write.ul to provide /usr/bin/write (write) in auto mode
Setting up libsass1:amd64 (3.6.5+20210718-1) ...
Setting up libmagic-mgc (1:5.39-3) ...
Setting up libarchive-zip-perl (1.68-1) ...
Setting up libdebhelper-perl (13.5.2) ...
Setting up libsqlite3-0:amd64 (3.36.0-2) ...
Setting up libmagic1:amd64 (1:5.39-3) ...
Setting up gettext-base (0.21-4) ...
Setting up file (1:5.39-3) ...
Setting up python-babel-localedata (2.8.0+dfsg.1-7) ...
Setting up autotools-dev (20180224.1+nmu1) ...
Setting up libexpat1-dev:amd64 (2.4.1-3) ...
Setting up libsigsegv2:amd64 (2.13-1) ...
Setting up autopoint (0.21-4) ...
Setting up libncursesw6:amd64 (6.2+20210905-1) ...
Setting up zlib1g-dev:amd64 (1:1.2.11.dfsg-2) ...
Setting up sensible-utils (0.0.17) ...
Setting up libuchardet0:amd64 (0.0.7-1) ...
Setting up libmpdec3:amd64 (2.5.1-2) ...
Setting up libsub-override-perl (0.09-2) ...
Setting up sgml-base (1.30) ...
Setting up libjs-jquery (3.5.1+dfsg+~3.5.5-8) ...
Setting up openssl (1.1.1l-1) ...
Setting up libelf1:amd64 (0.185-2) ...
Setting up readline-common (8.1-2) ...
Setting up libjs-underscore (1.9.1~dfsg-4) ...
Setting up libfile-stripnondeterminism-perl (1.12.0-2) ...
Setting up libsass-dev:amd64 (3.6.5+20210718-1) ...
Setting up gettext (0.21-4) ...
Setting up libtool (2.4.6-15) ...
Setting up libreadline8:amd64 (8.1-2) ...
Setting up m4 (1.4.18-5) ...
Setting up python3.9-doc (3.9.7-4) ...
Setting up intltool-debian (0.35.0+20060710.5) ...
Setting up ca-certificates (20211016) ...
Updating certificates in /etc/ssl/certs...
127 added, 0 removed; done.
Setting up libjs-sphinxdoc (4.2.0-5) ...
Setting up autoconf (2.71-2) ...
Setting up dh-strip-nondeterminism (1.12.0-2) ...
Setting up dwz (0.14-1) ...
Setting up groff-base (1.22.4-7) ...
Setting up xml-core (0.18+nmu1) ...
Setting up python3-doc (3.9.2-3) ...
Setting up libpython3.9-stdlib:amd64 (3.9.7-4) ...
Setting up libpython3-stdlib:amd64 (3.9.2-3) ...
Setting up automake (1:1.16.5-1) ...
update-alternatives: using /usr/bin/automake-1.16 to provide /usr/bin/automake (automake) in auto mode
Setting up po-debconf (1.0.21+nmu1) ...
Setting up python-flask-doc (2.0.1-2) ...
Setting up man-db (2.9.4-2) ...
Not building database; man-db/auto-update is not 'true'.
Setting up dh-autoreconf (20) ...
Setting up libpython3.9:amd64 (3.9.7-4) ...
Setting up sphinx-common (4.2.0-5) ...
Setting up python-setuptools-doc (58.2.0-1) ...
Setting up python3.9 (3.9.7-4) ...
Setting up libpython3.9-dev:amd64 (3.9.7-4) ...
Setting up debhelper (13.5.2) ...
Setting up python3 (3.9.2-3) ...
Setting up python3-markupsafe (2.0.1-2) ...
Setting up python3-tz (2021.3-1) ...
Setting up python3-six (1.16.0-2) ...
Setting up python3-roman (3.3-1) ...
Setting up python3-pycodestyle (2.6.0-1) ...
Setting up python3-pyparsing (2.4.7-1) ...
Setting up python3-certifi (2020.6.20-1) ...
Setting up python3-snowballstemmer (2.1.0-2) ...
Setting up python3-werkzeug (2.0.1+dfsg1-2) ...
Setting up python3-idna (2.10-1) ...
Setting up python3-toml (0.10.2-1) ...
Setting up python3-urllib3 (1.26.5-1~exp1) ...
Setting up python3.9-dev (3.9.7-4) ...
Setting up python3-mccabe (0.6.1-3) ...
Setting up python3-lib2to3 (3.9.7-1) ...
Setting up python3-imagesize (1.2.0-2) ...
Setting up python3-pkg-resources (58.2.0-1) ...
Setting up python3-distutils (3.9.7-1) ...
Setting up dh-python (5.20211022.1) ...
Setting up python3-more-itertools (4.2.0-3) ...
Setting up python3-iniconfig (1.1.1-1) ...
Setting up python3-attr (20.3.0-1) ...
Setting up libpython3-dev:amd64 (3.9.2-3) ...
Setting up python3-setuptools (58.2.0-1) ...
Setting up python3-py (1.10.0-1) ...
Setting up python3-babel (2.8.0+dfsg.1-7) ...
update-alternatives: using /usr/bin/pybabel-python3 to provide /usr/bin/pybabel (pybabel) in auto mode
Setting up python3-alabaster (0.7.12-1) ...
Setting up python3-pyflakes (2.2.0-3) ...
Setting up python3-all (3.9.2-3) ...
Setting up python3-zipp (1.0.0-3) ...
Setting up python3-flake8 (3.8.4-1) ...
Setting up python3-jinja2 (3.0.1-2) ...
Setting up python3-pygments (2.7.1+dfsg-2.1) ...
Setting up python3-packaging (21.0-1) ...
Setting up python3-chardet (4.0.0-1) ...
Setting up libpython3-all-dev:amd64 (3.9.2-3) ...
Setting up python3-dev (3.9.2-3) ...
Setting up python3-requests (2.25.1+dfsg-2) ...
Setting up python3-all-dev (3.9.2-3) ...
Setting up python3-importlib-metadata (4.6.4-1) ...
Setting up python3-pluggy (0.13.0-7) ...
Setting up python3-pytest (6.2.5-1) ...
Processing triggers for libc-bin (2.32-4) ...
Processing triggers for sgml-base (1.30) ...
Setting up docutils-common (0.17.1+dfsg-2) ...
Processing triggers for sgml-base (1.30) ...
Setting up python3-docutils (0.17.1+dfsg-2) ...
Setting up python3-sphinx (4.2.0-5) ...
Setting up sbuild-build-depends-main-dummy (0.invalid.0) ...
Processing triggers for ca-certificates (20211016) ...
Updating certificates in /etc/ssl/certs...
0 added, 0 removed; done.
Running hooks in /etc/ca-certificates/update.d...
done.

+------------------------------------------------------------------------------+
| Check architectures                                                          |
+------------------------------------------------------------------------------+

Arch check ok (amd64 included in any all)

+------------------------------------------------------------------------------+
| Build environment                                                            |
+------------------------------------------------------------------------------+

Kernel: Linux 4.19.0-6-cloud-amd64 #1 SMP Debian 4.19.67-2+deb10u2 (2019-11-11) amd64 (x86_64)
Toolchain package versions: binutils_2.37-7 dpkg-dev_1.20.9 g++-11_11.2.0-10 gcc-11_11.2.0-10 libc6-dev_2.32-4 libstdc++-11-dev_11.2.0-10 libstdc++6_11.2.0-10 linux-libc-dev_5.14.12-1
Package versions: adduser_3.118 apt_2.3.11 autoconf_2.71-2 automake_1:1.16.5-1 autopoint_0.21-4 autotools-dev_20180224.1+nmu1 base-files_12 base-passwd_3.5.52 bash_5.1-3+b2 binutils_2.37-7 binutils-common_2.37-7 binutils-x86-64-linux-gnu_2.37-7 bsdextrautils_2.37.2-4 bsdutils_1:2.37.2-4 build-essential_12.9 bzip2_1.0.8-4 ca-certificates_20211016 clang-13_1:13.0.0-8 coreutils_8.32-4+b1 cpp_4:11.2.0-2 cpp-11_11.2.0-10 dash_0.5.11+git20210120+802ebd4-2 debconf_1.5.78 debhelper_13.5.2 debian-archive-keyring_2021.1.1 debianutils_5.5-1 dh-autoreconf_20 dh-python_5.20211022.1 dh-strip-nondeterminism_1.12.0-2 diffutils_1:3.7-5 docutils-common_0.17.1+dfsg-2 dpkg_1.20.9 dpkg-dev_1.20.9 dwz_0.14-1 e2fsprogs_1.46.4-1 fakeroot_1.26-1 file_1:5.39-3 findutils_4.8.0-1 g++_4:11.2.0-2 g++-11_11.2.0-10 gcc_4:11.2.0-2 gcc-10-base_10.3.0-11 gcc-11_11.2.0-10 gcc-11-base_11.2.0-10 gcc-9-base_9.4.0-3 gettext_0.21-4 gettext-base_0.21-4 gpgv_2.2.27-2 grep_3.7-1 groff-base_1.22.4-7 gzip_1.10-4 hostname_3.23 init-system-helpers_1.60 intltool-debian_0.35.0+20060710.5 lib32gcc-s1_11.2.0-10 lib32stdc++6_11.2.0-10 libacl1_2.3.1-1 libapt-pkg6.0_2.3.11 libarchive-zip-perl_1.68-1 libasan5_9.4.0-3 libasan6_11.2.0-10 libatomic1_11.2.0-10 libattr1_1:2.5.1-1 libaudit-common_1:3.0.6-1 libaudit1_1:3.0.6-1 libbinutils_2.37-7 libblkid1_2.37.2-4 libbsd0_0.11.3-1 libbz2-1.0_1.0.8-4 libc-bin_2.32-4 libc-dev-bin_2.32-4 libc6_2.32-4 libc6-dev_2.32-4 libc6-i386_2.32-4 libcap-ng0_0.7.9-2.2+b1 libcap2_1:2.44-1 libcc1-0_11.2.0-10 libclang-common-13-dev_1:13.0.0-8 libclang-cpp13_1:13.0.0-8 libclang1-13_1:13.0.0-8 libcom-err2_1.46.4-1 libcrypt-dev_1:4.4.25-2 libcrypt1_1:4.4.25-2 libctf-nobfd0_2.37-7 libctf0_2.37-7 libdb5.3_5.3.28+dfsg1-0.8 libdebconfclient0_0.260 libdebhelper-perl_13.5.2 libdpkg-perl_1.20.9 libedit2_3.1-20210910-1 libelf1_0.185-2 libexpat1_2.4.1-3 libexpat1-dev_2.4.1-3 libext2fs2_1.46.4-1 libfakeroot_1.26-1 libffi8_3.4.2-3 libfile-stripnondeterminism-perl_1.12.0-2 libgc1_1:8.0.4-3 libgcc-11-dev_11.2.0-10 libgcc-9-dev_9.4.0-3 libgcc-s1_11.2.0-10 libgcrypt20_1.9.4-3+b1 libgdbm-compat4_1.22-1 libgdbm6_1.22-1 libgmp10_2:6.2.1+dfsg-2 libgnutls30_3.7.2-2 libgomp1_11.2.0-10 libgpg-error0_1.42-3 libgssapi-krb5-2_1.18.3-7 libhogweed6_3.7.3-1 libicu67_67.1-7 libidn2-0_2.3.2-2 libisl23_0.24-2 libitm1_11.2.0-10 libjs-jquery_3.5.1+dfsg+~3.5.5-8 libjs-sphinxdoc_4.2.0-5 libjs-underscore_1.9.1~dfsg-4 libk5crypto3_1.18.3-7 libkeyutils1_1.6.1-2 libkrb5-3_1.18.3-7 libkrb5support0_1.18.3-7 libllvm13_1:13.0.0-8 liblsan0_11.2.0-10 liblz4-1_1.9.3-2 liblzma5_5.2.5-2 libmagic-mgc_1:5.39-3 libmagic1_1:5.39-3 libmd0_1.0.4-1 libmount1_2.37.2-4 libmpc3_1.2.1-1 libmpdec3_2.5.1-2 libmpfr6_4.1.0-3 libncursesw6_6.2+20210905-1 libnettle8_3.7.3-1 libnsl-dev_1.3.0-2 libnsl2_1.3.0-2 libobjc-11-dev_11.2.0-10 libobjc-9-dev_9.4.0-3 libobjc4_11.2.0-10 libomp-13-dev_1:13.0.0-8 libomp5-13_1:13.0.0-8 libp11-kit0_0.24.0-5 libpam-modules_1.4.0-10 libpam-modules-bin_1.4.0-10 libpam-runtime_1.4.0-10 libpam0g_1.4.0-10 libpcre2-8-0_10.36-2 libpcre3_2:8.39-13 libperl5.32_5.32.1-6 libpipeline1_1.5.3-1 libpython3-all-dev_3.9.2-3 libpython3-dev_3.9.2-3 libpython3-stdlib_3.9.2-3 libpython3.9_3.9.7-4 libpython3.9-dev_3.9.7-4 libpython3.9-minimal_3.9.7-4 libpython3.9-stdlib_3.9.7-4 libquadmath0_11.2.0-10 libreadline8_8.1-2 libsass-dev_3.6.5+20210718-1 libsass1_3.6.5+20210718-1 libseccomp2_2.5.2-2 libselinux1_3.1-3 libsemanage-common_3.1-1 libsemanage1_3.1-1+b2 libsepol1_3.1-1 libsigsegv2_2.13-1 libsmartcols1_2.37.2-4 libsqlite3-0_3.36.0-2 libss2_1.46.4-1 libssl1.1_1.1.1l-1 libstdc++-11-dev_11.2.0-10 libstdc++6_11.2.0-10 libsub-override-perl_0.09-2 libsystemd0_249.5-1 libtasn1-6_4.17.0-2 libtinfo6_6.2+20210905-1 libtirpc-common_1.3.2-2 libtirpc-dev_1.3.2-2 libtirpc3_1.3.2-2 libtool_2.4.6-15 libtsan0_11.2.0-10 libubsan1_11.2.0-10 libuchardet0_0.0.7-1 libudev1_249.5-1 libunistring2_0.9.10-6 libuuid1_2.37.2-4 libxml2_2.9.12+dfsg-5 libxxhash0_0.8.0-2 libz3-4_4.8.12-1+b1 libzstd1_1.4.8+dfsg-3 linux-libc-dev_5.14.12-1 login_1:4.8.1-1 logsave_1.46.4-1 lsb-base_11.1.0 m4_1.4.18-5 make_4.3-4.1 man-db_2.9.4-2 mawk_1.3.4.20200120-2 media-types_4.0.0 mount_2.37.2-4 ncurses-base_6.2+20210905-1 ncurses-bin_6.2+20210905-1 openssl_1.1.1l-1 passwd_1:4.8.1-1 patch_2.7.6-7 perl_5.32.1-6 perl-base_5.32.1-6 perl-modules-5.32_5.32.1-6 po-debconf_1.0.21+nmu1 python-babel-localedata_2.8.0+dfsg.1-7 python-flask-doc_2.0.1-2 python-setuptools-doc_58.2.0-1 python3_3.9.2-3 python3-alabaster_0.7.12-1 python3-all_3.9.2-3 python3-all-dev_3.9.2-3 python3-attr_20.3.0-1 python3-babel_2.8.0+dfsg.1-7 python3-certifi_2020.6.20-1 python3-chardet_4.0.0-1 python3-dev_3.9.2-3 python3-distutils_3.9.7-1 python3-doc_3.9.2-3 python3-docutils_0.17.1+dfsg-2 python3-flake8_3.8.4-1 python3-idna_2.10-1 python3-imagesize_1.2.0-2 python3-importlib-metadata_4.6.4-1 python3-iniconfig_1.1.1-1 python3-jinja2_3.0.1-2 python3-lib2to3_3.9.7-1 python3-markupsafe_2.0.1-2 python3-mccabe_0.6.1-3 python3-minimal_3.9.2-3 python3-more-itertools_4.2.0-3 python3-packaging_21.0-1 python3-pkg-resources_58.2.0-1 python3-pluggy_0.13.0-7 python3-py_1.10.0-1 python3-pycodestyle_2.6.0-1 python3-pyflakes_2.2.0-3 python3-pygments_2.7.1+dfsg-2.1 python3-pyparsing_2.4.7-1 python3-pytest_6.2.5-1 python3-requests_2.25.1+dfsg-2 python3-roman_3.3-1 python3-setuptools_58.2.0-1 python3-six_1.16.0-2 python3-snowballstemmer_2.1.0-2 python3-sphinx_4.2.0-5 python3-toml_0.10.2-1 python3-tz_2021.3-1 python3-urllib3_1.26.5-1~exp1 python3-werkzeug_2.0.1+dfsg1-2 python3-zipp_1.0.0-3 python3.9_3.9.7-4 python3.9-dev_3.9.7-4 python3.9-doc_3.9.7-4 python3.9-minimal_3.9.7-4 qt5-qmake_5.15.2+dfsg-12 qt5-qmake-bin_5.15.2+dfsg-12 qtchooser_66-2 readline-common_8.1-2 rpcsvc-proto_1.4.2-4 sbuild-build-depends-main-dummy_0.invalid.0 sed_4.8-1 sensible-utils_0.0.17 sgml-base_1.30 sphinx-common_4.2.0-5 sysvinit-utils_3.00-1 tar_1.34+dfsg-1 tzdata_2021e-1 util-linux_2.37.2-4 xml-core_0.18+nmu1 xz-utils_5.2.5-2 zlib1g_1:1.2.11.dfsg-2 zlib1g-dev_1:1.2.11.dfsg-2

+------------------------------------------------------------------------------+
| Build                                                                        |
+------------------------------------------------------------------------------+


Unpack source
-------------

-----BEGIN PGP SIGNED MESSAGE-----
Hash: SHA512

Format: 3.0 (quilt)
Source: libsass-python
Binary: python3-libsass, pysassc
Architecture: any all
Version: 0.20.1-3
Maintainer: Frdric Bonnard <frediz@debian.org>
Homepage: https://hongminhee.org/libsass-python/
Standards-Version: 4.5.0
Vcs-Browser: https://salsa.debian.org/debian/libsass-python
Vcs-Git: https://salsa.debian.org/debian/libsass-python.git
Build-Depends: debhelper-compat (= 13), dh-python, python3-all-dev, python3-setuptools, python3-six, python3-sphinx, python3-werkzeug, python3-flake8, python3-pytest, python3-doc, python-flask-doc, python-setuptools-doc, libsass-dev (>= 3.6.4)
Package-List:
 pysassc deb web optional arch=all
 python3-libsass deb python optional arch=any
Checksums-Sha1:
 89295877a0c14fe77047b0ece8f99ac7a2b325ba 55649 libsass-python_0.20.1.orig.tar.gz
 5a338631f228be4b9bdb11df2ce323178c07752e 5440 libsass-python_0.20.1-3.debian.tar.xz
Checksums-Sha256:
 00e5fc8d1befd02c687fc1bed43865a813d21d4ef8bf99d14849420b81de2e3e 55649 libsass-python_0.20.1.orig.tar.gz
 61e3137bffdd39df96faa956f6e6001a37763241141edad374f65f4fc36eb150 5440 libsass-python_0.20.1-3.debian.tar.xz
Files:
 3239ebe4aa2d00a25c0ca54a42435324 55649 libsass-python_0.20.1.orig.tar.gz
 92d2c8a2bba933b22e964008d244c234 5440 libsass-python_0.20.1-3.debian.tar.xz

-----BEGIN PGP SIGNATURE-----

iQJGBAEBCgAwFiEEh9vVdWFVIC7DiF6Ta3SY/LmzWKwFAmBti2oSHGZyZWRpekBk
ZWJpYW4ub3JnAAoJEGt0mPy5s1isci8P/jTaL5ICIw33XzGVbMOfgeX3pGzS47wi
hL5/AGgx96S+fVte0TV/ckyA6cawQTMrBjuB0MN1leFVTx45PYc64JUuyhn69+lC
0GPofL8voR5GypC8OPX9LXhtt7PoHTFGXPWb+a9vAi1OmlFlqEju1DrGVME2wwzl
2YS6/prD+vmN7+Rowox6jjAXaTVyY1crZDAOyWFEeLuBQB/dliWIgkwwslMKR/3F
zZxZx58xyO5ss8PCU1MYSpwHzGPvdc62fY6ds6kMTW5j38QF4MsxcujMKvA+jEKX
AeMkTKPqfG6tZu2xFdM5hp/RU6fdZa7ubtoq82hjfMQYx1S3j1AVKWZ1NHZCcvJM
biSXLv15iYCQFS4DaxlihiOqYPxY5DXix1xWNOito5o3GTq3XOm49CzMVG+hxa+1
c923Eo7JAz0aONJSCfA+Ab3os7/UEcYUya3OU6bI1bh6IOemYZUPV1FwgvVy0XeY
trjn6xFnOWvv71oWGOwor4F7AdkKhT5FQZ3zIjKNUAVo8h/yNHxntpABMrEECOKc
PK+m6HHtOZFCLoPpFl/5VmZo7ObxLZmkW3007/hL2oBQWjWHcjeuO9Q8wovw9Ip2
MpdolBvDs7zTM4rayyqMjrUJDaHeeNIXsjVr6x8jS5rKiEGjJxs6cpAPOSufmwR5
X8mkvba6xTXo
=IZ6c
-----END PGP SIGNATURE-----

gpgv: unknown type of key resource 'trustedkeys.kbx'
gpgv: keyblock resource '/tmp/dpkg-verify-sig.aWy0wogJ/trustedkeys.kbx': General error
gpgv: Signature made Wed Apr  7 10:37:30 2021 UTC
gpgv:                using RSA key 87DBD5756155202EC3885E936B7498FCB9B358AC
gpgv:                issuer "frediz@debian.org"
gpgv: Can't check signature: No public key
dpkg-source: warning: failed to verify signature on ./libsass-python_0.20.1-3.dsc
dpkg-source: info: extracting libsass-python in /<<PKGBUILDDIR>>
dpkg-source: info: unpacking libsass-python_0.20.1.orig.tar.gz
dpkg-source: info: unpacking libsass-python_0.20.1-3.debian.tar.xz
dpkg-source: info: using patch list from debian/patches/series
dpkg-source: info: applying pysassc-man.patch
dpkg-source: info: applying local-intersphinx-mapping.patch
dpkg-source: info: applying reproducible-build.patch

Check disk space
----------------

Sufficient free space for build

User Environment
----------------

APT_CONFIG=/var/lib/sbuild/apt.conf
HOME=/sbuild-nonexistent
LANG=C.UTF-8
LC_ALL=C.UTF-8
LOGNAME=user42
PATH=/usr/local/sbin:/usr/local/bin:/usr/sbin:/usr/bin:/sbin:/bin:/usr/games
SCHROOT_ALIAS_NAME=unstable
SCHROOT_CHROOT_NAME=sid-amd64-sbuild
SCHROOT_COMMAND=env
SCHROOT_GID=1001
SCHROOT_GROUP=user42
SCHROOT_SESSION_ID=sid-amd64-sbuild-aacbbe10-1de1-4f63-9a9d-f0916635056c
SCHROOT_UID=1001
SCHROOT_USER=user42
SHELL=/bin/sh
USER=user42

dpkg-buildpackage
-----------------

Command: dpkg-buildpackage -us -uc -b -rfakeroot
dpkg-buildpackage: info: source package libsass-python
dpkg-buildpackage: info: source version 0.20.1-3
dpkg-buildpackage: info: source distribution unstable
dpkg-buildpackage: info: source changed by Frdric Bonnard <frediz@debian.org>
 dpkg-source --before-build .
dpkg-buildpackage: info: host architecture amd64
 debian/rules clean
dpkg-query -f '${Version}\n' -W libsass-dev|sed 's/-.*//' > .libsass-upstream-version
dh debian/rules --with python3 --buildsystem=pybuild
dh clean --with python3 --buildsystem=pybuild
   debian/rules override_dh_auto_clean
make[1]: Entering directory '/<<PKGBUILDDIR>>'
dh debian/rules --with python3 --buildsystem=pybuild
dh_auto_clean -O--buildsystem=pybuild
	install -d /<<PKGBUILDDIR>>/debian/.debhelper/generated/_source/home
	pybuild --clean --test-pytest -i python{version} -p 3.9
I: pybuild base:232: python3.9 setup.py clean 
running clean
removing '/<<PKGBUILDDIR>>/.pybuild/cpython3_3.9/build' (and everything under it)
'build/bdist.linux-x86_64' does not exist -- can't clean it
'build/scripts-3.9' does not exist -- can't clean it
	rm -rf .pybuild/
	find . -name \*.pyc -exec rm {} \;
rm -fr libsass.egg-info .libsass-upstream-version
make[1]: Leaving directory '/<<PKGBUILDDIR>>'
   dh_autoreconf_clean -O--buildsystem=pybuild
   dh_clean -O--buildsystem=pybuild
	rm -f debian/debhelper-build-stamp
	rm -rf debian/.debhelper/
	rm -f -- debian/python3-libsass.substvars debian/pysassc.substvars debian/files
	rm -fr -- debian/python3-libsass/ debian/tmp/ debian/pysassc/
	find .  \( \( \
		\( -path .\*/.git -o -path .\*/.svn -o -path .\*/.bzr -o -path .\*/.hg -o -path .\*/CVS -o -path .\*/.pc -o -path .\*/_darcs \) -prune -o -type f -a \
	        \( -name '#*#' -o -name '.*~' -o -name '*~' -o -name DEADJOE \
		 -o -name '*.orig' -o -name '*.rej' -o -name '*.bak' \
		 -o -name '.*.orig' -o -name .*.rej -o -name '.SUMS' \
		 -o -name TAGS -o \( -path '*/.deps/*' -a -name '*.P' \) \
		\) -exec rm -f {} + \) -o \
		\( -type d -a -name autom4te.cache -prune -exec rm -rf {} + \) \)
 debian/rules binary
dpkg-query -f '${Version}\n' -W libsass-dev|sed 's/-.*//' > .libsass-upstream-version
dh debian/rules --with python3 --buildsystem=pybuild
dh binary --with python3 --buildsystem=pybuild
   dh_update_autotools_config -O--buildsystem=pybuild
   dh_autoreconf -O--buildsystem=pybuild
   dh_auto_configure -O--buildsystem=pybuild
	install -d /<<PKGBUILDDIR>>/debian/.debhelper/generated/_source/home
	pybuild --configure --test-pytest -i python{version} -p 3.9
I: pybuild base:232: python3.9 setup.py config 
running config
   debian/rules override_dh_auto_build
make[1]: Entering directory '/<<PKGBUILDDIR>>'
dh debian/rules --with python3 --buildsystem=pybuild
py3versions: no X-Python3-Version in control file, using supported versions
pybuild --build -p "3.9"
I: pybuild base:232: /usr/bin/python3 setup.py build 
running build
running build_py
copying pysassc.py -> /<<PKGBUILDDIR>>/.pybuild/cpython3_3.9/build
copying sass.py -> /<<PKGBUILDDIR>>/.pybuild/cpython3_3.9/build
copying sassc.py -> /<<PKGBUILDDIR>>/.pybuild/cpython3_3.9/build
copying sasstests.py -> /<<PKGBUILDDIR>>/.pybuild/cpython3_3.9/build
creating /<<PKGBUILDDIR>>/.pybuild/cpython3_3.9/build/sassutils
copying sassutils/__init__.py -> /<<PKGBUILDDIR>>/.pybuild/cpython3_3.9/build/sassutils
copying sassutils/_compat.py -> /<<PKGBUILDDIR>>/.pybuild/cpython3_3.9/build/sassutils
copying sassutils/wsgi.py -> /<<PKGBUILDDIR>>/.pybuild/cpython3_3.9/build/sassutils
copying sassutils/distutils.py -> /<<PKGBUILDDIR>>/.pybuild/cpython3_3.9/build/sassutils
copying sassutils/builder.py -> /<<PKGBUILDDIR>>/.pybuild/cpython3_3.9/build/sassutils
running build_ext
building '_sass' extension
creating build
creating build/temp.linux-x86_64-3.9
x86_64-linux-gnu-gcc -pthread -Wno-unused-result -Wsign-compare -DNDEBUG -g -fwrapv -O2 -Wall -g -fstack-protector-strong -Wformat -Werror=format-security -g -fwrapv -O2 -g -O2 -ffile-prefix-map=/<<PKGBUILDDIR>>=. -fstack-protector-strong -Wformat -Werror=format-security -Wdate-time -D_FORTIFY_SOURCE=2 -fPIC -DPy_LIMITED_API -I/usr/include/python3.9 -c _sass.c -o build/temp.linux-x86_64-3.9/_sass.o -fPIC -std=gnu++0x -Wall -Wno-parentheses -Werror=switch
error: invalid argument '-std=gnu++0x' not allowed with 'C'
error: command '/usr/bin/x86_64-linux-gnu-gcc' failed with exit code 1
E: pybuild pybuild:354: build: plugin distutils failed with: exit code=1: /usr/bin/python3 setup.py build 
make[1]: *** [debian/rules:15: override_dh_auto_build] Error 13
make[1]: Leaving directory '/<<PKGBUILDDIR>>'
make: *** [debian/rules:9: binary] Error 2
dpkg-buildpackage: error: debian/rules binary subprocess returned exit status 2
--------------------------------------------------------------------------------
Build finished at 2021-10-26T23:09:35Z

Finished
--------


+------------------------------------------------------------------------------+
| Cleanup                                                                      |
+------------------------------------------------------------------------------+

Purging /<<BUILDDIR>>
Not cleaning session: cloned chroot in use
E: Build failure (dpkg-buildpackage died)

+------------------------------------------------------------------------------+
| Summary                                                                      |
+------------------------------------------------------------------------------+

Build Architecture: amd64
Build Type: binary
Build-Space: 792
Build-Time: 2
Distribution: unstable
Fail-Stage: build
Host Architecture: amd64
Install-Time: 23
Job: libsass-python_0.20.1-3
Machine Architecture: amd64
Package: libsass-python
Package-Time: 46
Source-Version: 0.20.1-3
Space: 792
Status: attempted
Version: 0.20.1-3
--------------------------------------------------------------------------------
Finished at 2021-10-26T23:09:35Z
Build needed 00:00:46, 792k disk space
E: Build failure (dpkg-buildpackage died)
DC-Status: Failed 46.821412643s
