DC-Build-Header: libwebsockets 4.0.20-2 / 2021-10-26 22:57:21 +0000
DC-Task: type:rebuild-binarch-only source:libwebsockets version:4.0.20-2 chroot:unstable esttime:78 logfile:/tmp/libwebsockets_4.0.20-2_unstable_clang13.log modes:clang13:binarch-only
DC-Sbuild-call: su user42 -c 'sbuild -n --arch-any --apt-update -d unstable -v --no-run-lintian --chroot-setup-commands=/tmp/clang13 libwebsockets_4.0.20-2'
sbuild (Debian sbuild) 0.78.1 (09 February 2019) on ip-172-31-9-143.eu-central-1.compute.internal

+==============================================================================+
| libwebsockets 4.0.20-2 (amd64)               Tue, 26 Oct 2021 22:57:21 +0000 |
+==============================================================================+

Package: libwebsockets
Version: 4.0.20-2
Source Version: 4.0.20-2
Distribution: unstable
Machine Architecture: amd64
Host Architecture: amd64
Build Architecture: amd64
Build Type: binary

I: NOTICE: Log filtering will replace 'var/run/schroot/mount/sid-amd64-sbuild-cc62aa9e-007d-45b3-9456-7e041151da9d' with '<<CHROOT>>'

+------------------------------------------------------------------------------+
| Chroot Setup Commands                                                        |
+------------------------------------------------------------------------------+


/tmp/clang13
------------

+ echo 'Entering customization script...'
Entering customization script...
+ CLANG_VERSION=13
+ echo 'Install of clang-13'
Install of clang-13
+ apt-get update
Get:1 http://127.0.0.1:12990/debian sid InRelease [165 kB]
Get:2 http://127.0.0.1:12990/debian sid/main Sources.diff/Index [63.6 kB]
Get:3 http://127.0.0.1:12990/debian sid/main amd64 Packages.diff/Index [63.6 kB]
Get:4 http://127.0.0.1:12990/debian sid/main Sources T-2021-10-26-2004.40-F-2021-10-26-0202.15.pdiff [47.3 kB]
Get:4 http://127.0.0.1:12990/debian sid/main Sources T-2021-10-26-2004.40-F-2021-10-26-0202.15.pdiff [47.3 kB]
Get:5 http://127.0.0.1:12990/debian sid/main amd64 Packages T-2021-10-26-2004.40-F-2021-10-26-0202.15.pdiff [55.9 kB]
Get:5 http://127.0.0.1:12990/debian sid/main amd64 Packages T-2021-10-26-2004.40-F-2021-10-26-0202.15.pdiff [55.9 kB]
Get:6 http://127.0.0.1:12990/debian sid/main Translation-en [6586 kB]
Fetched 6981 kB in 2s (2820 kB/s)
Reading package lists...
+ apt-get install --yes --no-install-recommends --force-yes clang-13 libomp-13-dev libobjc-9-dev
Reading package lists...
Building dependency tree...
The following additional packages will be installed:
  lib32gcc-s1 lib32stdc++6 libasan5 libbsd0 libc6-i386 libclang-common-13-dev
  libclang-cpp13 libclang1-13 libedit2 libgc1 libgcc-9-dev libicu67 libllvm13
  libmd0 libobjc-11-dev libobjc4 libomp5-13 libxml2 libz3-4
Suggested packages:
  clang-13-doc libomp-13-doc
Recommended packages:
  llvm-13-dev python3
The following NEW packages will be installed:
  clang-13 lib32gcc-s1 lib32stdc++6 libasan5 libbsd0 libc6-i386
  libclang-common-13-dev libclang-cpp13 libclang1-13 libedit2 libgc1
  libgcc-9-dev libicu67 libllvm13 libmd0 libobjc-11-dev libobjc-9-dev libobjc4
  libomp-13-dev libomp5-13 libxml2 libz3-4
0 upgraded, 22 newly installed, 0 to remove and 0 not upgraded.
Need to get 68.5 MB of archives.
After this operation, 379 MB of additional disk space will be used.
Get:1 http://127.0.0.1:12990/debian sid/main amd64 libmd0 amd64 1.0.4-1 [29.6 kB]
Get:2 http://127.0.0.1:12990/debian sid/main amd64 libbsd0 amd64 0.11.3-1 [108 kB]
Get:3 http://127.0.0.1:12990/debian sid/main amd64 libedit2 amd64 3.1-20210910-1 [97.5 kB]
Get:4 http://127.0.0.1:12990/debian sid/main amd64 libicu67 amd64 67.1-7 [8622 kB]
Get:5 http://127.0.0.1:12990/debian sid/main amd64 libxml2 amd64 2.9.12+dfsg-5 [696 kB]
Get:6 http://127.0.0.1:12990/debian sid/main amd64 libz3-4 amd64 4.8.12-1+b1 [6997 kB]
Get:7 http://127.0.0.1:12990/debian sid/main amd64 libllvm13 amd64 1:13.0.0-8 [19.7 MB]
Get:8 http://127.0.0.1:12990/debian sid/main amd64 libclang-cpp13 amd64 1:13.0.0-8 [10.5 MB]
Get:9 http://127.0.0.1:12990/debian sid/main amd64 libgc1 amd64 1:8.0.4-3 [239 kB]
Get:10 http://127.0.0.1:12990/debian sid/main amd64 libobjc4 amd64 11.2.0-10 [43.2 kB]
Get:11 http://127.0.0.1:12990/debian sid/main amd64 libobjc-11-dev amd64 11.2.0-10 [170 kB]
Get:12 http://127.0.0.1:12990/debian sid/main amd64 libc6-i386 amd64 2.32-4 [2624 kB]
Get:13 http://127.0.0.1:12990/debian sid/main amd64 lib32gcc-s1 amd64 11.2.0-10 [49.9 kB]
Get:14 http://127.0.0.1:12990/debian sid/main amd64 lib32stdc++6 amd64 11.2.0-10 [601 kB]
Get:15 http://127.0.0.1:12990/debian sid/main amd64 libclang-common-13-dev amd64 1:13.0.0-8 [5730 kB]
Get:16 http://127.0.0.1:12990/debian sid/main amd64 libclang1-13 amd64 1:13.0.0-8 [6093 kB]
Get:17 http://127.0.0.1:12990/debian sid/main amd64 clang-13 amd64 1:13.0.0-8 [119 kB]
Get:18 http://127.0.0.1:12990/debian sid/main amd64 libasan5 amd64 9.4.0-3 [2734 kB]
Get:19 http://127.0.0.1:12990/debian sid/main amd64 libgcc-9-dev amd64 9.4.0-3 [2343 kB]
Get:20 http://127.0.0.1:12990/debian sid/main amd64 libobjc-9-dev amd64 9.4.0-3 [219 kB]
Get:21 http://127.0.0.1:12990/debian sid/main amd64 libomp5-13 amd64 1:13.0.0-8 [377 kB]
Get:22 http://127.0.0.1:12990/debian sid/main amd64 libomp-13-dev amd64 1:13.0.0-8 [482 kB]
debconf: delaying package configuration, since apt-utils is not installed
Fetched 68.5 MB in 0s (153 MB/s)
Selecting previously unselected package libmd0:amd64.
(Reading database ... (Reading database ... 5%(Reading database ... 10%(Reading database ... 15%(Reading database ... 20%(Reading database ... 25%(Reading database ... 30%(Reading database ... 35%(Reading database ... 40%(Reading database ... 45%(Reading database ... 50%(Reading database ... 55%(Reading database ... 60%(Reading database ... 65%(Reading database ... 70%(Reading database ... 75%(Reading database ... 80%(Reading database ... 85%(Reading database ... 90%(Reading database ... 95%(Reading database ... 100%(Reading database ... 12431 files and directories currently installed.)
Preparing to unpack .../00-libmd0_1.0.4-1_amd64.deb ...
Unpacking libmd0:amd64 (1.0.4-1) ...
Selecting previously unselected package libbsd0:amd64.
Preparing to unpack .../01-libbsd0_0.11.3-1_amd64.deb ...
Unpacking libbsd0:amd64 (0.11.3-1) ...
Selecting previously unselected package libedit2:amd64.
Preparing to unpack .../02-libedit2_3.1-20210910-1_amd64.deb ...
Unpacking libedit2:amd64 (3.1-20210910-1) ...
Selecting previously unselected package libicu67:amd64.
Preparing to unpack .../03-libicu67_67.1-7_amd64.deb ...
Unpacking libicu67:amd64 (67.1-7) ...
Selecting previously unselected package libxml2:amd64.
Preparing to unpack .../04-libxml2_2.9.12+dfsg-5_amd64.deb ...
Unpacking libxml2:amd64 (2.9.12+dfsg-5) ...
Selecting previously unselected package libz3-4:amd64.
Preparing to unpack .../05-libz3-4_4.8.12-1+b1_amd64.deb ...
Unpacking libz3-4:amd64 (4.8.12-1+b1) ...
Selecting previously unselected package libllvm13:amd64.
Preparing to unpack .../06-libllvm13_1%3a13.0.0-8_amd64.deb ...
Unpacking libllvm13:amd64 (1:13.0.0-8) ...
Selecting previously unselected package libclang-cpp13.
Preparing to unpack .../07-libclang-cpp13_1%3a13.0.0-8_amd64.deb ...
Unpacking libclang-cpp13 (1:13.0.0-8) ...
Selecting previously unselected package libgc1:amd64.
Preparing to unpack .../08-libgc1_1%3a8.0.4-3_amd64.deb ...
Unpacking libgc1:amd64 (1:8.0.4-3) ...
Selecting previously unselected package libobjc4:amd64.
Preparing to unpack .../09-libobjc4_11.2.0-10_amd64.deb ...
Unpacking libobjc4:amd64 (11.2.0-10) ...
Selecting previously unselected package libobjc-11-dev:amd64.
Preparing to unpack .../10-libobjc-11-dev_11.2.0-10_amd64.deb ...
Unpacking libobjc-11-dev:amd64 (11.2.0-10) ...
Selecting previously unselected package libc6-i386.
Preparing to unpack .../11-libc6-i386_2.32-4_amd64.deb ...
Unpacking libc6-i386 (2.32-4) ...
Selecting previously unselected package lib32gcc-s1.
Preparing to unpack .../12-lib32gcc-s1_11.2.0-10_amd64.deb ...
Unpacking lib32gcc-s1 (11.2.0-10) ...
Selecting previously unselected package lib32stdc++6.
Preparing to unpack .../13-lib32stdc++6_11.2.0-10_amd64.deb ...
Unpacking lib32stdc++6 (11.2.0-10) ...
Selecting previously unselected package libclang-common-13-dev.
Preparing to unpack .../14-libclang-common-13-dev_1%3a13.0.0-8_amd64.deb ...
Unpacking libclang-common-13-dev (1:13.0.0-8) ...
Selecting previously unselected package libclang1-13.
Preparing to unpack .../15-libclang1-13_1%3a13.0.0-8_amd64.deb ...
Unpacking libclang1-13 (1:13.0.0-8) ...
Selecting previously unselected package clang-13.
Preparing to unpack .../16-clang-13_1%3a13.0.0-8_amd64.deb ...
Unpacking clang-13 (1:13.0.0-8) ...
Selecting previously unselected package libasan5:amd64.
Preparing to unpack .../17-libasan5_9.4.0-3_amd64.deb ...
Unpacking libasan5:amd64 (9.4.0-3) ...
Selecting previously unselected package libgcc-9-dev:amd64.
Preparing to unpack .../18-libgcc-9-dev_9.4.0-3_amd64.deb ...
Unpacking libgcc-9-dev:amd64 (9.4.0-3) ...
Selecting previously unselected package libobjc-9-dev:amd64.
Preparing to unpack .../19-libobjc-9-dev_9.4.0-3_amd64.deb ...
Unpacking libobjc-9-dev:amd64 (9.4.0-3) ...
Selecting previously unselected package libomp5-13:amd64.
Preparing to unpack .../20-libomp5-13_1%3a13.0.0-8_amd64.deb ...
Unpacking libomp5-13:amd64 (1:13.0.0-8) ...
Selecting previously unselected package libomp-13-dev.
Preparing to unpack .../21-libomp-13-dev_1%3a13.0.0-8_amd64.deb ...
Unpacking libomp-13-dev (1:13.0.0-8) ...
Setting up libicu67:amd64 (67.1-7) ...
Setting up libasan5:amd64 (9.4.0-3) ...
Setting up libz3-4:amd64 (4.8.12-1+b1) ...
Setting up libgc1:amd64 (1:8.0.4-3) ...
Setting up libmd0:amd64 (1.0.4-1) ...
Setting up libc6-i386 (2.32-4) ...
Setting up libomp5-13:amd64 (1:13.0.0-8) ...
Setting up libbsd0:amd64 (0.11.3-1) ...
Setting up libxml2:amd64 (2.9.12+dfsg-5) ...
Setting up libedit2:amd64 (3.1-20210910-1) ...
Setting up libobjc4:amd64 (11.2.0-10) ...
Setting up libgcc-9-dev:amd64 (9.4.0-3) ...
Setting up lib32gcc-s1 (11.2.0-10) ...
Setting up lib32stdc++6 (11.2.0-10) ...
Setting up libllvm13:amd64 (1:13.0.0-8) ...
Setting up libobjc-9-dev:amd64 (9.4.0-3) ...
Setting up libclang-common-13-dev (1:13.0.0-8) ...
Setting up libomp-13-dev (1:13.0.0-8) ...
Setting up libobjc-11-dev:amd64 (11.2.0-10) ...
Setting up libclang1-13 (1:13.0.0-8) ...
Setting up libclang-cpp13 (1:13.0.0-8) ...
Setting up clang-13 (1:13.0.0-8) ...
Processing triggers for libc-bin (2.32-4) ...
W: --force-yes is deprecated, use one of the options starting with --allow instead.
+ echo 'Replace gcc, g++ & cpp by clang'
Replace gcc, g++ & cpp by clang
+ VERSIONS='4.6 4.7 4.8 4.9 5 6 7 8 9 10 11'
+ cd /usr/bin
+ for VERSION in $VERSIONS
+ rm -f g++-4.6 gcc-4.6 cpp-4.6 gcc
+ ln -s clang++-13 g++-4.6
+ ln -s clang-13 gcc-4.6
+ ln -s clang-13 cpp-4.6
+ ln -s clang-13 gcc
+ echo 'gcc-4.6 hold'
+ dpkg --set-selections
dpkg: warning: package not in status nor available database at line 1: gcc-4.6
dpkg: warning: found unknown packages; this might mean the available database
is outdated, and needs to be updated through a frontend method;
please see the FAQ <https://wiki.debian.org/Teams/Dpkg/FAQ>
+ echo 'g++-4.6 hold'
+ dpkg --set-selections
dpkg: warning: package not in status nor available database at line 1: g++-4.6
dpkg: warning: found unknown packages; this might mean the available database
is outdated, and needs to be updated through a frontend method;
please see the FAQ <https://wiki.debian.org/Teams/Dpkg/FAQ>
+ for VERSION in $VERSIONS
+ rm -f g++-4.7 gcc-4.7 cpp-4.7 gcc
+ ln -s clang++-13 g++-4.7
+ ln -s clang-13 gcc-4.7
+ ln -s clang-13 cpp-4.7
+ ln -s clang-13 gcc
+ echo 'gcc-4.7 hold'
+ dpkg --set-selections
dpkg: warning: package not in status nor available database at line 1: gcc-4.7
dpkg: warning: found unknown packages; this might mean the available database
is outdated, and needs to be updated through a frontend method;
please see the FAQ <https://wiki.debian.org/Teams/Dpkg/FAQ>
+ echo 'g++-4.7 hold'
+ dpkg --set-selections
dpkg: warning: package not in status nor available database at line 1: g++-4.7
dpkg: warning: found unknown packages; this might mean the available database
is outdated, and needs to be updated through a frontend method;
please see the FAQ <https://wiki.debian.org/Teams/Dpkg/FAQ>
+ for VERSION in $VERSIONS
+ rm -f g++-4.8 gcc-4.8 cpp-4.8 gcc
+ ln -s clang++-13 g++-4.8
+ ln -s clang-13 gcc-4.8
+ ln -s clang-13 cpp-4.8
+ ln -s clang-13 gcc
+ echo 'gcc-4.8 hold'
+ dpkg --set-selections
dpkg: warning: package not in status nor available database at line 1: gcc-4.8
dpkg: warning: found unknown packages; this might mean the available database
is outdated, and needs to be updated through a frontend method;
please see the FAQ <https://wiki.debian.org/Teams/Dpkg/FAQ>
+ echo 'g++-4.8 hold'
+ dpkg --set-selections
dpkg: warning: package not in status nor available database at line 1: g++-4.8
dpkg: warning: found unknown packages; this might mean the available database
is outdated, and needs to be updated through a frontend method;
please see the FAQ <https://wiki.debian.org/Teams/Dpkg/FAQ>
+ for VERSION in $VERSIONS
+ rm -f g++-4.9 gcc-4.9 cpp-4.9 gcc
+ ln -s clang++-13 g++-4.9
+ ln -s clang-13 gcc-4.9
+ ln -s clang-13 cpp-4.9
+ ln -s clang-13 gcc
+ echo 'gcc-4.9 hold'
+ dpkg --set-selections
dpkg: warning: package not in status nor available database at line 1: gcc-4.9
dpkg: warning: found unknown packages; this might mean the available database
is outdated, and needs to be updated through a frontend method;
please see the FAQ <https://wiki.debian.org/Teams/Dpkg/FAQ>
+ echo 'g++-4.9 hold'
+ dpkg --set-selections
dpkg: warning: package not in status nor available database at line 1: g++-4.9
dpkg: warning: found unknown packages; this might mean the available database
is outdated, and needs to be updated through a frontend method;
please see the FAQ <https://wiki.debian.org/Teams/Dpkg/FAQ>
+ for VERSION in $VERSIONS
+ rm -f g++-5 gcc-5 cpp-5 gcc
+ ln -s clang++-13 g++-5
+ ln -s clang-13 gcc-5
+ ln -s clang-13 cpp-5
+ ln -s clang-13 gcc
+ echo 'gcc-5 hold'
+ dpkg --set-selections
dpkg: warning: package not in status nor available database at line 1: gcc-5
dpkg: warning: found unknown packages; this might mean the available database
is outdated, and needs to be updated through a frontend method;
please see the FAQ <https://wiki.debian.org/Teams/Dpkg/FAQ>
+ echo 'g++-5 hold'
+ dpkg --set-selections
dpkg: warning: package not in status nor available database at line 1: g++-5
dpkg: warning: found unknown packages; this might mean the available database
is outdated, and needs to be updated through a frontend method;
please see the FAQ <https://wiki.debian.org/Teams/Dpkg/FAQ>
+ for VERSION in $VERSIONS
+ rm -f g++-6 gcc-6 cpp-6 gcc
+ ln -s clang++-13 g++-6
+ ln -s clang-13 gcc-6
+ ln -s clang-13 cpp-6
+ ln -s clang-13 gcc
+ echo 'gcc-6 hold'
+ dpkg --set-selections
dpkg: warning: package not in status nor available database at line 1: gcc-6
dpkg: warning: found unknown packages; this might mean the available database
is outdated, and needs to be updated through a frontend method;
please see the FAQ <https://wiki.debian.org/Teams/Dpkg/FAQ>
+ echo 'g++-6 hold'
+ dpkg --set-selections
dpkg: warning: package not in status nor available database at line 1: g++-6
dpkg: warning: found unknown packages; this might mean the available database
is outdated, and needs to be updated through a frontend method;
please see the FAQ <https://wiki.debian.org/Teams/Dpkg/FAQ>
+ for VERSION in $VERSIONS
+ rm -f g++-7 gcc-7 cpp-7 gcc
+ ln -s clang++-13 g++-7
+ ln -s clang-13 gcc-7
+ ln -s clang-13 cpp-7
+ ln -s clang-13 gcc
+ echo 'gcc-7 hold'
+ dpkg --set-selections
dpkg: warning: package not in status nor available database at line 1: gcc-7
dpkg: warning: found unknown packages; this might mean the available database
is outdated, and needs to be updated through a frontend method;
please see the FAQ <https://wiki.debian.org/Teams/Dpkg/FAQ>
+ echo 'g++-7 hold'
+ dpkg --set-selections
dpkg: warning: package not in status nor available database at line 1: g++-7
dpkg: warning: found unknown packages; this might mean the available database
is outdated, and needs to be updated through a frontend method;
please see the FAQ <https://wiki.debian.org/Teams/Dpkg/FAQ>
+ for VERSION in $VERSIONS
+ rm -f g++-8 gcc-8 cpp-8 gcc
+ ln -s clang++-13 g++-8
+ ln -s clang-13 gcc-8
+ ln -s clang-13 cpp-8
+ ln -s clang-13 gcc
+ echo 'gcc-8 hold'
+ dpkg --set-selections
dpkg: warning: package not in status nor available database at line 1: gcc-8
dpkg: warning: found unknown packages; this might mean the available database
is outdated, and needs to be updated through a frontend method;
please see the FAQ <https://wiki.debian.org/Teams/Dpkg/FAQ>
+ echo 'g++-8 hold'
+ dpkg --set-selections
dpkg: warning: package not in status nor available database at line 1: g++-8
dpkg: warning: found unknown packages; this might mean the available database
is outdated, and needs to be updated through a frontend method;
please see the FAQ <https://wiki.debian.org/Teams/Dpkg/FAQ>
+ for VERSION in $VERSIONS
+ rm -f g++-9 gcc-9 cpp-9 gcc
+ ln -s clang++-13 g++-9
+ ln -s clang-13 gcc-9
+ ln -s clang-13 cpp-9
+ ln -s clang-13 gcc
+ echo 'gcc-9 hold'
+ dpkg --set-selections
dpkg: warning: package not in status nor available database at line 1: gcc-9
dpkg: warning: found unknown packages; this might mean the available database
is outdated, and needs to be updated through a frontend method;
please see the FAQ <https://wiki.debian.org/Teams/Dpkg/FAQ>
+ echo 'g++-9 hold'
+ dpkg --set-selections
dpkg: warning: package not in status nor available database at line 1: g++-9
dpkg: warning: found unknown packages; this might mean the available database
is outdated, and needs to be updated through a frontend method;
please see the FAQ <https://wiki.debian.org/Teams/Dpkg/FAQ>
+ for VERSION in $VERSIONS
+ rm -f g++-10 gcc-10 cpp-10 gcc
+ ln -s clang++-13 g++-10
+ ln -s clang-13 gcc-10
+ ln -s clang-13 cpp-10
+ ln -s clang-13 gcc
+ echo 'gcc-10 hold'
+ dpkg --set-selections
dpkg: warning: package not in status nor available database at line 1: gcc-10
dpkg: warning: found unknown packages; this might mean the available database
is outdated, and needs to be updated through a frontend method;
please see the FAQ <https://wiki.debian.org/Teams/Dpkg/FAQ>
+ echo 'g++-10 hold'
+ dpkg --set-selections
dpkg: warning: package not in status nor available database at line 1: g++-10
dpkg: warning: found unknown packages; this might mean the available database
is outdated, and needs to be updated through a frontend method;
please see the FAQ <https://wiki.debian.org/Teams/Dpkg/FAQ>
+ for VERSION in $VERSIONS
+ rm -f g++-11 gcc-11 cpp-11 gcc
+ ln -s clang++-13 g++-11
+ ln -s clang-13 gcc-11
+ ln -s clang-13 cpp-11
+ ln -s clang-13 gcc
+ echo 'gcc-11 hold'
+ dpkg --set-selections
+ echo 'g++-11 hold'
+ dpkg --set-selections
+ cd -
/build/libwebsockets-DOXNiv
+ echo 'Check if gcc, g++ & cpp are actually clang'
Check if gcc, g++ & cpp are actually clang
+ gcc --version
+ grep clang
+ cpp --version
+ grep clang
+ g++ --version
+ grep clang
+ cd /usr/bin/
+ rm -f clang++ clang
+ ln -s clang-13 clang++
+ ln -s clang-13 clang
+ clang++ --version
Debian clang version 13.0.0-8
Target: x86_64-pc-linux-gnu
Thread model: posix
InstalledDir: /usr/bin
+ clang --version
Debian clang version 13.0.0-8
Target: x86_64-pc-linux-gnu
Thread model: posix
InstalledDir: /usr/bin
+ cd -
/build/libwebsockets-DOXNiv
+ apt install --yes --no-install-recommends --force-yes qt5-qmake

WARNING: apt does not have a stable CLI interface. Use with caution in scripts.

Reading package lists...
Building dependency tree...
Reading state information...
The following additional packages will be installed:
  qt5-qmake-bin qtchooser
The following NEW packages will be installed:
  qt5-qmake qt5-qmake-bin qtchooser
0 upgraded, 3 newly installed, 0 to remove and 0 not upgraded.
Need to get 1322 kB of archives.
After this operation, 4914 kB of additional disk space will be used.
Get:1 http://127.0.0.1:12990/debian sid/main amd64 qt5-qmake-bin amd64 5.15.2+dfsg-12 [1046 kB]
Get:2 http://127.0.0.1:12990/debian sid/main amd64 qtchooser amd64 66-2 [26.3 kB]
Get:3 http://127.0.0.1:12990/debian sid/main amd64 qt5-qmake amd64 5.15.2+dfsg-12 [249 kB]
debconf: delaying package configuration, since apt-utils is not installed
Fetched 1322 kB in 0s (56.1 MB/s)
Selecting previously unselected package qt5-qmake-bin.
(Reading database ... (Reading database ... 5%(Reading database ... 10%(Reading database ... 15%(Reading database ... 20%(Reading database ... 25%(Reading database ... 30%(Reading database ... 35%(Reading database ... 40%(Reading database ... 45%(Reading database ... 50%(Reading database ... 55%(Reading database ... 60%(Reading database ... 65%(Reading database ... 70%(Reading database ... 75%(Reading database ... 80%(Reading database ... 85%(Reading database ... 90%(Reading database ... 95%(Reading database ... 100%(Reading database ... 13528 files and directories currently installed.)
Preparing to unpack .../qt5-qmake-bin_5.15.2+dfsg-12_amd64.deb ...
Unpacking qt5-qmake-bin (5.15.2+dfsg-12) ...
Selecting previously unselected package qtchooser.
Preparing to unpack .../qtchooser_66-2_amd64.deb ...
Unpacking qtchooser (66-2) ...
Selecting previously unselected package qt5-qmake:amd64.
Preparing to unpack .../qt5-qmake_5.15.2+dfsg-12_amd64.deb ...
Unpacking qt5-qmake:amd64 (5.15.2+dfsg-12) ...
Setting up qt5-qmake-bin (5.15.2+dfsg-12) ...
Setting up qtchooser (66-2) ...
Setting up qt5-qmake:amd64 (5.15.2+dfsg-12) ...
W: --force-yes is deprecated, use one of the options starting with --allow instead.
+ cp /usr/lib/x86_64-linux-gnu/qt5/mkspecs/linux-clang/qmake.conf /usr/lib/x86_64-linux-gnu/qt5/mkspecs/linux-clang/qplatformdefs.h /usr/lib/x86_64-linux-gnu/qt5/mkspecs/linux-g++/
+ ls -al /usr/lib/x86_64-linux-gnu/qt5/mkspecs/linux-g++/
total 16
drwxr-xr-x  2 root root 4096 Oct 26 22:57 .
drwxr-xr-x 76 root root 4096 Oct 26 22:57 ..
-rw-r--r--  1 root root  276 Oct 26 22:57 qmake.conf
-rw-r--r--  1 root root 3218 Oct 26 22:57 qplatformdefs.h
+ cat /usr/lib/x86_64-linux-gnu/qt5/mkspecs/linux-g++/qmake.conf
#
# qmake configuration for linux-clang
#

MAKEFILE_GENERATOR = UNIX
CONFIG += incremental

QMAKE_INCREMENTAL_STYLE = sublib

include(../common/linux.conf)
include(../common/gcc-base-unix.conf)
include(../common/clang.conf)

QMAKE_LFLAGS += -ccc-gcc-name g++

load(qt_config)
+ export QMAKESPEC=/usr/lib/x86_64-linux-gnu/qt5/mkspecs/linux-clang/
+ QMAKESPEC=/usr/lib/x86_64-linux-gnu/qt5/mkspecs/linux-clang/
+ sed -i -e 's|compare_problem(2,|compare_problem(0,|g' /usr/bin/dpkg-gensymbols
+ sed -i -e 's|compare_problem(1,|compare_problem(0,|g' /usr/bin/dpkg-gensymbols
+ grep 'compare_problem(' /usr/bin/dpkg-gensymbols
        compare_problem(4, g_('new libraries appeared in the symbols file: %s'), "@libs");
        compare_problem(3, g_('some libraries disappeared in the symbols file: %s'), "@libs");
        compare_problem(0, g_('some new symbols appeared in the symbols file: %s'),
        compare_problem(0, g_('some symbols or patterns disappeared in the symbols file: %s'),

I: Finished running '/tmp/clang13'.

Finished processing commands.
--------------------------------------------------------------------------------
I: NOTICE: Log filtering will replace 'build/libwebsockets-DOXNiv/resolver-ihvaVJ' with '<<RESOLVERDIR>>'

+------------------------------------------------------------------------------+
| Update chroot                                                                |
+------------------------------------------------------------------------------+

Hit:1 http://127.0.0.1:12990/debian sid InRelease
Reading package lists...
Reading package lists...
Building dependency tree...
Reading state information...
Calculating upgrade...
0 upgraded, 0 newly installed, 0 to remove and 0 not upgraded.

+------------------------------------------------------------------------------+
| Fetch source files                                                           |
+------------------------------------------------------------------------------+


Check APT
---------

Checking available source versions...

Download source files with APT
------------------------------

Reading package lists...
Need to get 12.4 MB of source archives.
Get:1 http://127.0.0.1:12990/debian sid/main libwebsockets 4.0.20-2 (dsc) [2297 B]
Get:2 http://127.0.0.1:12990/debian sid/main libwebsockets 4.0.20-2 (tar) [12.3 MB]
Get:3 http://127.0.0.1:12990/debian sid/main libwebsockets 4.0.20-2 (diff) [18.3 kB]
Fetched 12.4 MB in 0s (94.8 MB/s)
Download complete and in download only mode
I: NOTICE: Log filtering will replace 'build/libwebsockets-DOXNiv/libwebsockets-4.0.20' with '<<PKGBUILDDIR>>'
I: NOTICE: Log filtering will replace 'build/libwebsockets-DOXNiv' with '<<BUILDDIR>>'

+------------------------------------------------------------------------------+
| Install package build dependencies                                           |
+------------------------------------------------------------------------------+


Setup apt archive
-----------------

Merged Build-Depends: debhelper-compat (= 11), cmake, libcap-dev, libev-dev, libssl-dev, libuv1-dev, openssl, zlib1g-dev, build-essential, fakeroot
Filtered Build-Depends: debhelper-compat (= 11), cmake, libcap-dev, libev-dev, libssl-dev, libuv1-dev, openssl, zlib1g-dev, build-essential, fakeroot
dpkg-deb: building package 'sbuild-build-depends-main-dummy' in '/<<RESOLVERDIR>>/apt_archive/sbuild-build-depends-main-dummy.deb'.
Ign:1 copy:/<<RESOLVERDIR>>/apt_archive ./ InRelease
Get:2 copy:/<<RESOLVERDIR>>/apt_archive ./ Release [957 B]
Ign:3 copy:/<<RESOLVERDIR>>/apt_archive ./ Release.gpg
Get:4 copy:/<<RESOLVERDIR>>/apt_archive ./ Sources [417 B]
Get:5 copy:/<<RESOLVERDIR>>/apt_archive ./ Packages [485 B]
Fetched 1859 B in 0s (0 B/s)
Reading package lists...
Reading package lists...

Install main build dependencies (apt-based resolver)
----------------------------------------------------

Installing build dependencies
Reading package lists...
Building dependency tree...
Reading state information...
The following additional packages will be installed:
  autoconf automake autopoint autotools-dev bsdextrautils cmake cmake-data
  debhelper dh-autoreconf dh-elpa-helper dh-strip-nondeterminism dwz
  emacsen-common file gettext gettext-base groff-base intltool-debian
  libarchive-zip-perl libarchive13 libbrotli1 libcap-dev libcurl4
  libdebhelper-perl libelf1 libev-dev libev4 libexpat1
  libfile-stripnondeterminism-perl libjsoncpp24 libldap-2.4-2 libmagic-mgc
  libmagic1 libncurses6 libncursesw6 libnghttp2-14 libpipeline1 libprocps8
  libpsl5 librhash0 librtmp1 libsasl2-2 libsasl2-modules-db libsigsegv2
  libssh2-1 libssl-dev libsub-override-perl libtool libuchardet0 libuv1
  libuv1-dev m4 man-db openssl po-debconf procps sensible-utils zlib1g-dev
Suggested packages:
  autoconf-archive gnu-standards autoconf-doc cmake-doc ninja-build dh-make
  gettext-doc libasprintf-dev libgettextpo-dev groff lrzip manpages-dev
  libssl-doc libtool-doc gfortran | fortran95-compiler gcj-jdk m4-doc apparmor
  less www-browser ca-certificates libmail-box-perl
Recommended packages:
  curl | wget | lynx ca-certificates libarchive-cpio-perl libldap-common
  libgpm2 publicsuffix libsasl2-modules libltdl-dev libmail-sendmail-perl
  psmisc
The following NEW packages will be installed:
  autoconf automake autopoint autotools-dev bsdextrautils cmake cmake-data
  debhelper dh-autoreconf dh-elpa-helper dh-strip-nondeterminism dwz
  emacsen-common file gettext gettext-base groff-base intltool-debian
  libarchive-zip-perl libarchive13 libbrotli1 libcap-dev libcurl4
  libdebhelper-perl libelf1 libev-dev libev4 libexpat1
  libfile-stripnondeterminism-perl libjsoncpp24 libldap-2.4-2 libmagic-mgc
  libmagic1 libncurses6 libncursesw6 libnghttp2-14 libpipeline1 libprocps8
  libpsl5 librhash0 librtmp1 libsasl2-2 libsasl2-modules-db libsigsegv2
  libssh2-1 libssl-dev libsub-override-perl libtool libuchardet0 libuv1
  libuv1-dev m4 man-db openssl po-debconf procps
  sbuild-build-depends-main-dummy sensible-utils zlib1g-dev
0 upgraded, 59 newly installed, 0 to remove and 0 not upgraded.
Need to get 25.0 MB of archives.
After this operation, 88.2 MB of additional disk space will be used.
Get:1 copy:/<<RESOLVERDIR>>/apt_archive ./ sbuild-build-depends-main-dummy 0.invalid.0 [912 B]
Get:2 http://127.0.0.1:12990/debian sid/main amd64 bsdextrautils amd64 2.37.2-4 [143 kB]
Get:3 http://127.0.0.1:12990/debian sid/main amd64 libuchardet0 amd64 0.0.7-1 [67.8 kB]
Get:4 http://127.0.0.1:12990/debian sid/main amd64 groff-base amd64 1.22.4-7 [935 kB]
Get:5 http://127.0.0.1:12990/debian sid/main amd64 libpipeline1 amd64 1.5.3-1 [34.3 kB]
Get:6 http://127.0.0.1:12990/debian sid/main amd64 man-db amd64 2.9.4-2 [1354 kB]
Get:7 http://127.0.0.1:12990/debian sid/main amd64 libncurses6 amd64 6.2+20210905-1 [102 kB]
Get:8 http://127.0.0.1:12990/debian sid/main amd64 libncursesw6 amd64 6.2+20210905-1 [133 kB]
Get:9 http://127.0.0.1:12990/debian sid/main amd64 libprocps8 amd64 2:3.3.17-5 [63.9 kB]
Get:10 http://127.0.0.1:12990/debian sid/main amd64 procps amd64 2:3.3.17-5 [502 kB]
Get:11 http://127.0.0.1:12990/debian sid/main amd64 sensible-utils all 0.0.17 [21.5 kB]
Get:12 http://127.0.0.1:12990/debian sid/main amd64 libmagic-mgc amd64 1:5.39-3 [273 kB]
Get:13 http://127.0.0.1:12990/debian sid/main amd64 libmagic1 amd64 1:5.39-3 [126 kB]
Get:14 http://127.0.0.1:12990/debian sid/main amd64 file amd64 1:5.39-3 [69.1 kB]
Get:15 http://127.0.0.1:12990/debian sid/main amd64 gettext-base amd64 0.21-4 [175 kB]
Get:16 http://127.0.0.1:12990/debian sid/main amd64 libsigsegv2 amd64 2.13-1 [34.8 kB]
Get:17 http://127.0.0.1:12990/debian sid/main amd64 m4 amd64 1.4.18-5 [204 kB]
Get:18 http://127.0.0.1:12990/debian sid/main amd64 autoconf all 2.71-2 [343 kB]
Get:19 http://127.0.0.1:12990/debian sid/main amd64 autotools-dev all 20180224.1+nmu1 [77.1 kB]
Get:20 http://127.0.0.1:12990/debian sid/main amd64 automake all 1:1.16.5-1 [823 kB]
Get:21 http://127.0.0.1:12990/debian sid/main amd64 autopoint all 0.21-4 [510 kB]
Get:22 http://127.0.0.1:12990/debian sid/main amd64 libarchive13 amd64 3.4.3-2+b1 [343 kB]
Get:23 http://127.0.0.1:12990/debian sid/main amd64 libbrotli1 amd64 1.0.9-2+b2 [279 kB]
Get:24 http://127.0.0.1:12990/debian sid/main amd64 libsasl2-modules-db amd64 2.1.27+dfsg-2.1 [69.1 kB]
Get:25 http://127.0.0.1:12990/debian sid/main amd64 libsasl2-2 amd64 2.1.27+dfsg-2.1 [106 kB]
Get:26 http://127.0.0.1:12990/debian sid/main amd64 libldap-2.4-2 amd64 2.4.59+dfsg-1 [232 kB]
Get:27 http://127.0.0.1:12990/debian sid/main amd64 libnghttp2-14 amd64 1.43.0-1 [77.1 kB]
Get:28 http://127.0.0.1:12990/debian sid/main amd64 libpsl5 amd64 0.21.0-1.2 [57.3 kB]
Get:29 http://127.0.0.1:12990/debian sid/main amd64 librtmp1 amd64 2.4+20151223.gitfa8646d.1-2+b2 [60.8 kB]
Get:30 http://127.0.0.1:12990/debian sid/main amd64 libssh2-1 amd64 1.10.0-2 [178 kB]
Get:31 http://127.0.0.1:12990/debian sid/main amd64 libcurl4 amd64 7.74.0-1.3+b1 [341 kB]
Get:32 http://127.0.0.1:12990/debian sid/main amd64 libexpat1 amd64 2.4.1-3 [104 kB]
Get:33 http://127.0.0.1:12990/debian sid/main amd64 libjsoncpp24 amd64 1.9.4-5 [78.8 kB]
Get:34 http://127.0.0.1:12990/debian sid/main amd64 librhash0 amd64 1.4.2-1 [129 kB]
Get:35 http://127.0.0.1:12990/debian sid/main amd64 libuv1 amd64 1.42.0-1 [135 kB]
Get:36 http://127.0.0.1:12990/debian sid/main amd64 dh-elpa-helper all 2.0.9 [11.2 kB]
Get:37 http://127.0.0.1:12990/debian sid/main amd64 emacsen-common all 3.0.4 [19.3 kB]
Get:38 http://127.0.0.1:12990/debian sid/main amd64 cmake-data all 3.21.3-5 [1878 kB]
Get:39 http://127.0.0.1:12990/debian sid/main amd64 cmake amd64 3.21.3-5 [7907 kB]
Get:40 http://127.0.0.1:12990/debian sid/main amd64 libdebhelper-perl all 13.5.2 [192 kB]
Get:41 http://127.0.0.1:12990/debian sid/main amd64 libtool all 2.4.6-15 [513 kB]
Get:42 http://127.0.0.1:12990/debian sid/main amd64 dh-autoreconf all 20 [17.1 kB]
Get:43 http://127.0.0.1:12990/debian sid/main amd64 libarchive-zip-perl all 1.68-1 [104 kB]
Get:44 http://127.0.0.1:12990/debian sid/main amd64 libsub-override-perl all 0.09-2 [10.2 kB]
Get:45 http://127.0.0.1:12990/debian sid/main amd64 libfile-stripnondeterminism-perl all 1.12.0-2 [26.3 kB]
Get:46 http://127.0.0.1:12990/debian sid/main amd64 dh-strip-nondeterminism all 1.12.0-2 [15.5 kB]
Get:47 http://127.0.0.1:12990/debian sid/main amd64 libelf1 amd64 0.185-2 [172 kB]
Get:48 http://127.0.0.1:12990/debian sid/main amd64 dwz amd64 0.14-1 [98.3 kB]
Get:49 http://127.0.0.1:12990/debian sid/main amd64 gettext amd64 0.21-4 [1311 kB]
Get:50 http://127.0.0.1:12990/debian sid/main amd64 intltool-debian all 0.35.0+20060710.5 [26.8 kB]
Get:51 http://127.0.0.1:12990/debian sid/main amd64 po-debconf all 1.0.21+nmu1 [248 kB]
Get:52 http://127.0.0.1:12990/debian sid/main amd64 debhelper all 13.5.2 [1056 kB]
Get:53 http://127.0.0.1:12990/debian sid/main amd64 libcap-dev amd64 1:2.44-1 [45.3 kB]
Get:54 http://127.0.0.1:12990/debian sid/main amd64 libev4 amd64 1:4.33-1 [43.2 kB]
Get:55 http://127.0.0.1:12990/debian sid/main amd64 libev-dev amd64 1:4.33-1 [137 kB]
Get:56 http://127.0.0.1:12990/debian sid/main amd64 libssl-dev amd64 1.1.1l-1 [1809 kB]
Get:57 http://127.0.0.1:12990/debian sid/main amd64 libuv1-dev amd64 1.42.0-1 [172 kB]
Get:58 http://127.0.0.1:12990/debian sid/main amd64 openssl amd64 1.1.1l-1 [851 kB]
Get:59 http://127.0.0.1:12990/debian sid/main amd64 zlib1g-dev amd64 1:1.2.11.dfsg-2 [190 kB]
debconf: delaying package configuration, since apt-utils is not installed
Fetched 25.0 MB in 0s (107 MB/s)
Selecting previously unselected package bsdextrautils.
(Reading database ... 14273 files and directories currently installed.)
Preparing to unpack .../00-bsdextrautils_2.37.2-4_amd64.deb ...
Unpacking bsdextrautils (2.37.2-4) ...
Selecting previously unselected package libuchardet0:amd64.
Preparing to unpack .../01-libuchardet0_0.0.7-1_amd64.deb ...
Unpacking libuchardet0:amd64 (0.0.7-1) ...
Selecting previously unselected package groff-base.
Preparing to unpack .../02-groff-base_1.22.4-7_amd64.deb ...
Unpacking groff-base (1.22.4-7) ...
Selecting previously unselected package libpipeline1:amd64.
Preparing to unpack .../03-libpipeline1_1.5.3-1_amd64.deb ...
Unpacking libpipeline1:amd64 (1.5.3-1) ...
Selecting previously unselected package man-db.
Preparing to unpack .../04-man-db_2.9.4-2_amd64.deb ...
Unpacking man-db (2.9.4-2) ...
Selecting previously unselected package libncurses6:amd64.
Preparing to unpack .../05-libncurses6_6.2+20210905-1_amd64.deb ...
Unpacking libncurses6:amd64 (6.2+20210905-1) ...
Selecting previously unselected package libncursesw6:amd64.
Preparing to unpack .../06-libncursesw6_6.2+20210905-1_amd64.deb ...
Unpacking libncursesw6:amd64 (6.2+20210905-1) ...
Selecting previously unselected package libprocps8:amd64.
Preparing to unpack .../07-libprocps8_2%3a3.3.17-5_amd64.deb ...
Unpacking libprocps8:amd64 (2:3.3.17-5) ...
Selecting previously unselected package procps.
Preparing to unpack .../08-procps_2%3a3.3.17-5_amd64.deb ...
Unpacking procps (2:3.3.17-5) ...
Selecting previously unselected package sensible-utils.
Preparing to unpack .../09-sensible-utils_0.0.17_all.deb ...
Unpacking sensible-utils (0.0.17) ...
Selecting previously unselected package libmagic-mgc.
Preparing to unpack .../10-libmagic-mgc_1%3a5.39-3_amd64.deb ...
Unpacking libmagic-mgc (1:5.39-3) ...
Selecting previously unselected package libmagic1:amd64.
Preparing to unpack .../11-libmagic1_1%3a5.39-3_amd64.deb ...
Unpacking libmagic1:amd64 (1:5.39-3) ...
Selecting previously unselected package file.
Preparing to unpack .../12-file_1%3a5.39-3_amd64.deb ...
Unpacking file (1:5.39-3) ...
Selecting previously unselected package gettext-base.
Preparing to unpack .../13-gettext-base_0.21-4_amd64.deb ...
Unpacking gettext-base (0.21-4) ...
Selecting previously unselected package libsigsegv2:amd64.
Preparing to unpack .../14-libsigsegv2_2.13-1_amd64.deb ...
Unpacking libsigsegv2:amd64 (2.13-1) ...
Selecting previously unselected package m4.
Preparing to unpack .../15-m4_1.4.18-5_amd64.deb ...
Unpacking m4 (1.4.18-5) ...
Selecting previously unselected package autoconf.
Preparing to unpack .../16-autoconf_2.71-2_all.deb ...
Unpacking autoconf (2.71-2) ...
Selecting previously unselected package autotools-dev.
Preparing to unpack .../17-autotools-dev_20180224.1+nmu1_all.deb ...
Unpacking autotools-dev (20180224.1+nmu1) ...
Selecting previously unselected package automake.
Preparing to unpack .../18-automake_1%3a1.16.5-1_all.deb ...
Unpacking automake (1:1.16.5-1) ...
Selecting previously unselected package autopoint.
Preparing to unpack .../19-autopoint_0.21-4_all.deb ...
Unpacking autopoint (0.21-4) ...
Selecting previously unselected package libarchive13:amd64.
Preparing to unpack .../20-libarchive13_3.4.3-2+b1_amd64.deb ...
Unpacking libarchive13:amd64 (3.4.3-2+b1) ...
Selecting previously unselected package libbrotli1:amd64.
Preparing to unpack .../21-libbrotli1_1.0.9-2+b2_amd64.deb ...
Unpacking libbrotli1:amd64 (1.0.9-2+b2) ...
Selecting previously unselected package libsasl2-modules-db:amd64.
Preparing to unpack .../22-libsasl2-modules-db_2.1.27+dfsg-2.1_amd64.deb ...
Unpacking libsasl2-modules-db:amd64 (2.1.27+dfsg-2.1) ...
Selecting previously unselected package libsasl2-2:amd64.
Preparing to unpack .../23-libsasl2-2_2.1.27+dfsg-2.1_amd64.deb ...
Unpacking libsasl2-2:amd64 (2.1.27+dfsg-2.1) ...
Selecting previously unselected package libldap-2.4-2:amd64.
Preparing to unpack .../24-libldap-2.4-2_2.4.59+dfsg-1_amd64.deb ...
Unpacking libldap-2.4-2:amd64 (2.4.59+dfsg-1) ...
Selecting previously unselected package libnghttp2-14:amd64.
Preparing to unpack .../25-libnghttp2-14_1.43.0-1_amd64.deb ...
Unpacking libnghttp2-14:amd64 (1.43.0-1) ...
Selecting previously unselected package libpsl5:amd64.
Preparing to unpack .../26-libpsl5_0.21.0-1.2_amd64.deb ...
Unpacking libpsl5:amd64 (0.21.0-1.2) ...
Selecting previously unselected package librtmp1:amd64.
Preparing to unpack .../27-librtmp1_2.4+20151223.gitfa8646d.1-2+b2_amd64.deb ...
Unpacking librtmp1:amd64 (2.4+20151223.gitfa8646d.1-2+b2) ...
Selecting previously unselected package libssh2-1:amd64.
Preparing to unpack .../28-libssh2-1_1.10.0-2_amd64.deb ...
Unpacking libssh2-1:amd64 (1.10.0-2) ...
Selecting previously unselected package libcurl4:amd64.
Preparing to unpack .../29-libcurl4_7.74.0-1.3+b1_amd64.deb ...
Unpacking libcurl4:amd64 (7.74.0-1.3+b1) ...
Selecting previously unselected package libexpat1:amd64.
Preparing to unpack .../30-libexpat1_2.4.1-3_amd64.deb ...
Unpacking libexpat1:amd64 (2.4.1-3) ...
Selecting previously unselected package libjsoncpp24:amd64.
Preparing to unpack .../31-libjsoncpp24_1.9.4-5_amd64.deb ...
Unpacking libjsoncpp24:amd64 (1.9.4-5) ...
Selecting previously unselected package librhash0:amd64.
Preparing to unpack .../32-librhash0_1.4.2-1_amd64.deb ...
Unpacking librhash0:amd64 (1.4.2-1) ...
Selecting previously unselected package libuv1:amd64.
Preparing to unpack .../33-libuv1_1.42.0-1_amd64.deb ...
Unpacking libuv1:amd64 (1.42.0-1) ...
Selecting previously unselected package dh-elpa-helper.
Preparing to unpack .../34-dh-elpa-helper_2.0.9_all.deb ...
Unpacking dh-elpa-helper (2.0.9) ...
Selecting previously unselected package emacsen-common.
Preparing to unpack .../35-emacsen-common_3.0.4_all.deb ...
Unpacking emacsen-common (3.0.4) ...
Selecting previously unselected package cmake-data.
Preparing to unpack .../36-cmake-data_3.21.3-5_all.deb ...
Unpacking cmake-data (3.21.3-5) ...
Selecting previously unselected package cmake.
Preparing to unpack .../37-cmake_3.21.3-5_amd64.deb ...
Unpacking cmake (3.21.3-5) ...
Selecting previously unselected package libdebhelper-perl.
Preparing to unpack .../38-libdebhelper-perl_13.5.2_all.deb ...
Unpacking libdebhelper-perl (13.5.2) ...
Selecting previously unselected package libtool.
Preparing to unpack .../39-libtool_2.4.6-15_all.deb ...
Unpacking libtool (2.4.6-15) ...
Selecting previously unselected package dh-autoreconf.
Preparing to unpack .../40-dh-autoreconf_20_all.deb ...
Unpacking dh-autoreconf (20) ...
Selecting previously unselected package libarchive-zip-perl.
Preparing to unpack .../41-libarchive-zip-perl_1.68-1_all.deb ...
Unpacking libarchive-zip-perl (1.68-1) ...
Selecting previously unselected package libsub-override-perl.
Preparing to unpack .../42-libsub-override-perl_0.09-2_all.deb ...
Unpacking libsub-override-perl (0.09-2) ...
Selecting previously unselected package libfile-stripnondeterminism-perl.
Preparing to unpack .../43-libfile-stripnondeterminism-perl_1.12.0-2_all.deb ...
Unpacking libfile-stripnondeterminism-perl (1.12.0-2) ...
Selecting previously unselected package dh-strip-nondeterminism.
Preparing to unpack .../44-dh-strip-nondeterminism_1.12.0-2_all.deb ...
Unpacking dh-strip-nondeterminism (1.12.0-2) ...
Selecting previously unselected package libelf1:amd64.
Preparing to unpack .../45-libelf1_0.185-2_amd64.deb ...
Unpacking libelf1:amd64 (0.185-2) ...
Selecting previously unselected package dwz.
Preparing to unpack .../46-dwz_0.14-1_amd64.deb ...
Unpacking dwz (0.14-1) ...
Selecting previously unselected package gettext.
Preparing to unpack .../47-gettext_0.21-4_amd64.deb ...
Unpacking gettext (0.21-4) ...
Selecting previously unselected package intltool-debian.
Preparing to unpack .../48-intltool-debian_0.35.0+20060710.5_all.deb ...
Unpacking intltool-debian (0.35.0+20060710.5) ...
Selecting previously unselected package po-debconf.
Preparing to unpack .../49-po-debconf_1.0.21+nmu1_all.deb ...
Unpacking po-debconf (1.0.21+nmu1) ...
Selecting previously unselected package debhelper.
Preparing to unpack .../50-debhelper_13.5.2_all.deb ...
Unpacking debhelper (13.5.2) ...
Selecting previously unselected package libcap-dev:amd64.
Preparing to unpack .../51-libcap-dev_1%3a2.44-1_amd64.deb ...
Unpacking libcap-dev:amd64 (1:2.44-1) ...
Selecting previously unselected package libev4:amd64.
Preparing to unpack .../52-libev4_1%3a4.33-1_amd64.deb ...
Unpacking libev4:amd64 (1:4.33-1) ...
Selecting previously unselected package libev-dev:amd64.
Preparing to unpack .../53-libev-dev_1%3a4.33-1_amd64.deb ...
Unpacking libev-dev:amd64 (1:4.33-1) ...
Selecting previously unselected package libssl-dev:amd64.
Preparing to unpack .../54-libssl-dev_1.1.1l-1_amd64.deb ...
Unpacking libssl-dev:amd64 (1.1.1l-1) ...
Selecting previously unselected package libuv1-dev:amd64.
Preparing to unpack .../55-libuv1-dev_1.42.0-1_amd64.deb ...
Unpacking libuv1-dev:amd64 (1.42.0-1) ...
Selecting previously unselected package openssl.
Preparing to unpack .../56-openssl_1.1.1l-1_amd64.deb ...
Unpacking openssl (1.1.1l-1) ...
Selecting previously unselected package zlib1g-dev:amd64.
Preparing to unpack .../57-zlib1g-dev_1%3a1.2.11.dfsg-2_amd64.deb ...
Unpacking zlib1g-dev:amd64 (1:1.2.11.dfsg-2) ...
Selecting previously unselected package sbuild-build-depends-main-dummy.
Preparing to unpack .../58-sbuild-build-depends-main-dummy_0.invalid.0_amd64.deb ...
Unpacking sbuild-build-depends-main-dummy (0.invalid.0) ...
Setting up libexpat1:amd64 (2.4.1-3) ...
Setting up libpipeline1:amd64 (1.5.3-1) ...
Setting up libpsl5:amd64 (0.21.0-1.2) ...
Setting up bsdextrautils (2.37.2-4) ...
update-alternatives: using /usr/bin/write.ul to provide /usr/bin/write (write) in auto mode
Setting up libmagic-mgc (1:5.39-3) ...
Setting up libarchive13:amd64 (3.4.3-2+b1) ...
Setting up libarchive-zip-perl (1.68-1) ...
Setting up libev4:amd64 (1:4.33-1) ...
Setting up libdebhelper-perl (13.5.2) ...
Setting up libbrotli1:amd64 (1.0.9-2+b2) ...
Setting up libnghttp2-14:amd64 (1.43.0-1) ...
Setting up libmagic1:amd64 (1:5.39-3) ...
Setting up gettext-base (0.21-4) ...
Setting up file (1:5.39-3) ...
Setting up libsasl2-modules-db:amd64 (2.1.27+dfsg-2.1) ...
Setting up autotools-dev (20180224.1+nmu1) ...
Setting up libuv1:amd64 (1.42.0-1) ...
Setting up emacsen-common (3.0.4) ...
Setting up librtmp1:amd64 (2.4+20151223.gitfa8646d.1-2+b2) ...
Setting up dh-elpa-helper (2.0.9) ...
Setting up libncurses6:amd64 (6.2+20210905-1) ...
Setting up libsigsegv2:amd64 (2.13-1) ...
Setting up libssl-dev:amd64 (1.1.1l-1) ...
Setting up autopoint (0.21-4) ...
Setting up libncursesw6:amd64 (6.2+20210905-1) ...
Setting up libsasl2-2:amd64 (2.1.27+dfsg-2.1) ...
Setting up libjsoncpp24:amd64 (1.9.4-5) ...
Setting up zlib1g-dev:amd64 (1:1.2.11.dfsg-2) ...
Setting up sensible-utils (0.0.17) ...
Setting up librhash0:amd64 (1.4.2-1) ...
Setting up libuchardet0:amd64 (0.0.7-1) ...
Setting up libsub-override-perl (0.09-2) ...
Setting up libssh2-1:amd64 (1.10.0-2) ...
Setting up cmake-data (3.21.3-5) ...
Setting up libev-dev:amd64 (1:4.33-1) ...
Setting up openssl (1.1.1l-1) ...
Setting up libcap-dev:amd64 (1:2.44-1) ...
Setting up libelf1:amd64 (0.185-2) ...
Setting up libprocps8:amd64 (2:3.3.17-5) ...
Setting up libfile-stripnondeterminism-perl (1.12.0-2) ...
Setting up libuv1-dev:amd64 (1.42.0-1) ...
Setting up gettext (0.21-4) ...
Setting up libtool (2.4.6-15) ...
Setting up libldap-2.4-2:amd64 (2.4.59+dfsg-1) ...
Setting up m4 (1.4.18-5) ...
Setting up intltool-debian (0.35.0+20060710.5) ...
Setting up autoconf (2.71-2) ...
Setting up dh-strip-nondeterminism (1.12.0-2) ...
Setting up dwz (0.14-1) ...
Setting up groff-base (1.22.4-7) ...
Setting up procps (2:3.3.17-5) ...
Setting up libcurl4:amd64 (7.74.0-1.3+b1) ...
Setting up automake (1:1.16.5-1) ...
update-alternatives: using /usr/bin/automake-1.16 to provide /usr/bin/automake (automake) in auto mode
Setting up po-debconf (1.0.21+nmu1) ...
Setting up man-db (2.9.4-2) ...
Not building database; man-db/auto-update is not 'true'.
Setting up dh-autoreconf (20) ...
Setting up cmake (3.21.3-5) ...
Setting up debhelper (13.5.2) ...
Setting up sbuild-build-depends-main-dummy (0.invalid.0) ...
Processing triggers for libc-bin (2.32-4) ...

+------------------------------------------------------------------------------+
| Check architectures                                                          |
+------------------------------------------------------------------------------+

Arch check ok (amd64 included in any all)

+------------------------------------------------------------------------------+
| Build environment                                                            |
+------------------------------------------------------------------------------+

Kernel: Linux 4.19.0-6-cloud-amd64 #1 SMP Debian 4.19.67-2+deb10u2 (2019-11-11) amd64 (x86_64)
Toolchain package versions: binutils_2.37-7 dpkg-dev_1.20.9 g++-11_11.2.0-10 gcc-11_11.2.0-10 libc6-dev_2.32-4 libstdc++-11-dev_11.2.0-10 libstdc++6_11.2.0-10 linux-libc-dev_5.14.12-1
Package versions: adduser_3.118 apt_2.3.11 autoconf_2.71-2 automake_1:1.16.5-1 autopoint_0.21-4 autotools-dev_20180224.1+nmu1 base-files_12 base-passwd_3.5.52 bash_5.1-3+b2 binutils_2.37-7 binutils-common_2.37-7 binutils-x86-64-linux-gnu_2.37-7 bsdextrautils_2.37.2-4 bsdutils_1:2.37.2-4 build-essential_12.9 bzip2_1.0.8-4 clang-13_1:13.0.0-8 cmake_3.21.3-5 cmake-data_3.21.3-5 coreutils_8.32-4+b1 cpp_4:11.2.0-2 cpp-11_11.2.0-10 dash_0.5.11+git20210120+802ebd4-2 debconf_1.5.78 debhelper_13.5.2 debian-archive-keyring_2021.1.1 debianutils_5.5-1 dh-autoreconf_20 dh-elpa-helper_2.0.9 dh-strip-nondeterminism_1.12.0-2 diffutils_1:3.7-5 dpkg_1.20.9 dpkg-dev_1.20.9 dwz_0.14-1 e2fsprogs_1.46.4-1 emacsen-common_3.0.4 fakeroot_1.26-1 file_1:5.39-3 findutils_4.8.0-1 g++_4:11.2.0-2 g++-11_11.2.0-10 gcc_4:11.2.0-2 gcc-10-base_10.3.0-11 gcc-11_11.2.0-10 gcc-11-base_11.2.0-10 gcc-9-base_9.4.0-3 gettext_0.21-4 gettext-base_0.21-4 gpgv_2.2.27-2 grep_3.7-1 groff-base_1.22.4-7 gzip_1.10-4 hostname_3.23 init-system-helpers_1.60 intltool-debian_0.35.0+20060710.5 lib32gcc-s1_11.2.0-10 lib32stdc++6_11.2.0-10 libacl1_2.3.1-1 libapt-pkg6.0_2.3.11 libarchive-zip-perl_1.68-1 libarchive13_3.4.3-2+b1 libasan5_9.4.0-3 libasan6_11.2.0-10 libatomic1_11.2.0-10 libattr1_1:2.5.1-1 libaudit-common_1:3.0.6-1 libaudit1_1:3.0.6-1 libbinutils_2.37-7 libblkid1_2.37.2-4 libbrotli1_1.0.9-2+b2 libbsd0_0.11.3-1 libbz2-1.0_1.0.8-4 libc-bin_2.32-4 libc-dev-bin_2.32-4 libc6_2.32-4 libc6-dev_2.32-4 libc6-i386_2.32-4 libcap-dev_1:2.44-1 libcap-ng0_0.7.9-2.2+b1 libcap2_1:2.44-1 libcc1-0_11.2.0-10 libclang-common-13-dev_1:13.0.0-8 libclang-cpp13_1:13.0.0-8 libclang1-13_1:13.0.0-8 libcom-err2_1.46.4-1 libcrypt-dev_1:4.4.25-2 libcrypt1_1:4.4.25-2 libctf-nobfd0_2.37-7 libctf0_2.37-7 libcurl4_7.74.0-1.3+b1 libdb5.3_5.3.28+dfsg1-0.8 libdebconfclient0_0.260 libdebhelper-perl_13.5.2 libdpkg-perl_1.20.9 libedit2_3.1-20210910-1 libelf1_0.185-2 libev-dev_1:4.33-1 libev4_1:4.33-1 libexpat1_2.4.1-3 libext2fs2_1.46.4-1 libfakeroot_1.26-1 libffi8_3.4.2-3 libfile-stripnondeterminism-perl_1.12.0-2 libgc1_1:8.0.4-3 libgcc-11-dev_11.2.0-10 libgcc-9-dev_9.4.0-3 libgcc-s1_11.2.0-10 libgcrypt20_1.9.4-3+b1 libgdbm-compat4_1.22-1 libgdbm6_1.22-1 libgmp10_2:6.2.1+dfsg-2 libgnutls30_3.7.2-2 libgomp1_11.2.0-10 libgpg-error0_1.42-3 libgssapi-krb5-2_1.18.3-7 libhogweed6_3.7.3-1 libicu67_67.1-7 libidn2-0_2.3.2-2 libisl23_0.24-2 libitm1_11.2.0-10 libjsoncpp24_1.9.4-5 libk5crypto3_1.18.3-7 libkeyutils1_1.6.1-2 libkrb5-3_1.18.3-7 libkrb5support0_1.18.3-7 libldap-2.4-2_2.4.59+dfsg-1 libllvm13_1:13.0.0-8 liblsan0_11.2.0-10 liblz4-1_1.9.3-2 liblzma5_5.2.5-2 libmagic-mgc_1:5.39-3 libmagic1_1:5.39-3 libmd0_1.0.4-1 libmount1_2.37.2-4 libmpc3_1.2.1-1 libmpfr6_4.1.0-3 libncurses6_6.2+20210905-1 libncursesw6_6.2+20210905-1 libnettle8_3.7.3-1 libnghttp2-14_1.43.0-1 libnsl-dev_1.3.0-2 libnsl2_1.3.0-2 libobjc-11-dev_11.2.0-10 libobjc-9-dev_9.4.0-3 libobjc4_11.2.0-10 libomp-13-dev_1:13.0.0-8 libomp5-13_1:13.0.0-8 libp11-kit0_0.24.0-5 libpam-modules_1.4.0-10 libpam-modules-bin_1.4.0-10 libpam-runtime_1.4.0-10 libpam0g_1.4.0-10 libpcre2-8-0_10.36-2 libpcre3_2:8.39-13 libperl5.32_5.32.1-6 libpipeline1_1.5.3-1 libprocps8_2:3.3.17-5 libpsl5_0.21.0-1.2 libquadmath0_11.2.0-10 librhash0_1.4.2-1 librtmp1_2.4+20151223.gitfa8646d.1-2+b2 libsasl2-2_2.1.27+dfsg-2.1 libsasl2-modules-db_2.1.27+dfsg-2.1 libseccomp2_2.5.2-2 libselinux1_3.1-3 libsemanage-common_3.1-1 libsemanage1_3.1-1+b2 libsepol1_3.1-1 libsigsegv2_2.13-1 libsmartcols1_2.37.2-4 libss2_1.46.4-1 libssh2-1_1.10.0-2 libssl-dev_1.1.1l-1 libssl1.1_1.1.1l-1 libstdc++-11-dev_11.2.0-10 libstdc++6_11.2.0-10 libsub-override-perl_0.09-2 libsystemd0_249.5-1 libtasn1-6_4.17.0-2 libtinfo6_6.2+20210905-1 libtirpc-common_1.3.2-2 libtirpc-dev_1.3.2-2 libtirpc3_1.3.2-2 libtool_2.4.6-15 libtsan0_11.2.0-10 libubsan1_11.2.0-10 libuchardet0_0.0.7-1 libudev1_249.5-1 libunistring2_0.9.10-6 libuuid1_2.37.2-4 libuv1_1.42.0-1 libuv1-dev_1.42.0-1 libxml2_2.9.12+dfsg-5 libxxhash0_0.8.0-2 libz3-4_4.8.12-1+b1 libzstd1_1.4.8+dfsg-3 linux-libc-dev_5.14.12-1 login_1:4.8.1-1 logsave_1.46.4-1 lsb-base_11.1.0 m4_1.4.18-5 make_4.3-4.1 man-db_2.9.4-2 mawk_1.3.4.20200120-2 mount_2.37.2-4 ncurses-base_6.2+20210905-1 ncurses-bin_6.2+20210905-1 openssl_1.1.1l-1 passwd_1:4.8.1-1 patch_2.7.6-7 perl_5.32.1-6 perl-base_5.32.1-6 perl-modules-5.32_5.32.1-6 po-debconf_1.0.21+nmu1 procps_2:3.3.17-5 qt5-qmake_5.15.2+dfsg-12 qt5-qmake-bin_5.15.2+dfsg-12 qtchooser_66-2 rpcsvc-proto_1.4.2-4 sbuild-build-depends-main-dummy_0.invalid.0 sed_4.8-1 sensible-utils_0.0.17 sysvinit-utils_3.00-1 tar_1.34+dfsg-1 tzdata_2021e-1 util-linux_2.37.2-4 xz-utils_5.2.5-2 zlib1g_1:1.2.11.dfsg-2 zlib1g-dev_1:1.2.11.dfsg-2

+------------------------------------------------------------------------------+
| Build                                                                        |
+------------------------------------------------------------------------------+


Unpack source
-------------

-----BEGIN PGP SIGNED MESSAGE-----
Hash: SHA512

Format: 3.0 (quilt)
Source: libwebsockets
Binary: libwebsockets16, libwebsockets-dev, libwebsockets-test-server, libwebsockets-test-server-common
Architecture: any all
Version: 4.0.20-2
Maintainer: Laszlo Boszormenyi (GCS) <gcs@debian.org>
Uploaders: Peter Pentchev <roam@ringlet.net>
Homepage: https://libwebsockets.org/
Standards-Version: 4.5.0
Testsuite: autopkgtest
Testsuite-Triggers: build-essential, libanyevent-perl, libpath-tiny-perl, libtest-command-perl, perl, pkg-config
Build-Depends: debhelper-compat (= 11), cmake, libcap-dev [linux-any], libev-dev, libssl-dev, libuv1-dev, openssl, zlib1g-dev
Package-List:
 libwebsockets-dev deb libdevel optional arch=any
 libwebsockets-test-server deb utils optional arch=any
 libwebsockets-test-server-common deb utils optional arch=all
 libwebsockets16 deb libs optional arch=any
Checksums-Sha1:
 b3a010400038fd777bf127173527a1f2c43d5093 12342036 libwebsockets_4.0.20.orig.tar.gz
 7b23f5a190f2521635f140b471681a6687c720d2 18316 libwebsockets_4.0.20-2.debian.tar.xz
Checksums-Sha256:
 a26d243f2642a9b810e7d91f1e66b149d1da978decdca58ce1c9218c454f397e 12342036 libwebsockets_4.0.20.orig.tar.gz
 2c67150d2381142fa7787822b3326da77f003337292fa90cfa884e59bb9731e3 18316 libwebsockets_4.0.20-2.debian.tar.xz
Files:
 eb5f75a1a99546f7a564f9aa49835ba1 12342036 libwebsockets_4.0.20.orig.tar.gz
 9fbd9a67cf7ca0379322966e50239845 18316 libwebsockets_4.0.20-2.debian.tar.xz

-----BEGIN PGP SIGNATURE-----

iQIzBAEBCgAdFiEEfYh9yLp7u6e4NeO63OMQ54ZMyL8FAmAlircACgkQ3OMQ54ZM
yL8cEA//ao+Iypflpg5AQUFHFLy46Qo2EN5G4oPc2FijAzS9RNgw0Y758/vJT3Uf
DYU+rKnrD8US2kfx5AtR4J6/eFlMDtSExjVSNgN8RvGAj/0MzYExGDOCLP/oMzQw
AielCCa0ChO+ew6DbbITtOarAXtw5ipbDOpw4UHWatVZNsyZhdxGO20nuzGMwvOm
nTmnyN5yHDH+PtP/IFKVt+S6VNRxRMlusfutNpySC2F8RZ+7gPUEs1YV7xj9a+Mf
hPNMVqC25vENoZLW1GxgtmWRleHIYXYSnBEXRHHEV/VeV5/4EsXQQMrVUmfXw/ab
9JckenCsiUeNhXRYrQ1incYIA3QGi0bXI58dDQEuvsEeYcVo2AXrkI4OBXhW7WLG
diW7nf9gUTKCLGt8I//NXh3yLOSu/LfGtGWrKjgLarcDzJVjdcej94vYw+sBY204
CUZ+QgIUXEctOJh9HhV01r7YWXszsT5BYFAbUpD+VpJyKQESn6RMaJkcY3HzCXOe
pa1mEyOI3ryQbeO4FHPpF+nA51jQ87RYaFFCYDi7BE29kDRwFVoUEh2CkYTwvmz4
XvErg+hKOEGDS33+uX3wtw50OpbqjwpmlwdGN8XrFx+JspqR565GwUjyRtnJ1CND
lPJ3seovv2rd7k/+b3XSPh4lHS1bru8gfdhCgbyienFkiG29VpQ=
=7ZnA
-----END PGP SIGNATURE-----

gpgv: unknown type of key resource 'trustedkeys.kbx'
gpgv: keyblock resource '/tmp/dpkg-verify-sig.IpqLFmwx/trustedkeys.kbx': General error
gpgv: Signature made Thu Feb 11 19:51:19 2021 UTC
gpgv:                using RSA key 7D887DC8BA7BBBA7B835E3BADCE310E7864CC8BF
gpgv: Can't check signature: No public key
dpkg-source: warning: failed to verify signature on ./libwebsockets_4.0.20-2.dsc
dpkg-source: info: extracting libwebsockets in /<<PKGBUILDDIR>>
dpkg-source: info: unpacking libwebsockets_4.0.20.orig.tar.gz
dpkg-source: info: unpacking libwebsockets_4.0.20-2.debian.tar.xz

Check disk space
----------------

Sufficient free space for build

User Environment
----------------

APT_CONFIG=/var/lib/sbuild/apt.conf
HOME=/sbuild-nonexistent
LANG=C.UTF-8
LC_ALL=C.UTF-8
LOGNAME=user42
PATH=/usr/local/sbin:/usr/local/bin:/usr/sbin:/usr/bin:/sbin:/bin:/usr/games
SCHROOT_ALIAS_NAME=unstable
SCHROOT_CHROOT_NAME=sid-amd64-sbuild
SCHROOT_COMMAND=env
SCHROOT_GID=1001
SCHROOT_GROUP=user42
SCHROOT_SESSION_ID=sid-amd64-sbuild-cc62aa9e-007d-45b3-9456-7e041151da9d
SCHROOT_UID=1001
SCHROOT_USER=user42
SHELL=/bin/sh
USER=user42

dpkg-buildpackage
-----------------

Command: dpkg-buildpackage -us -uc -b -rfakeroot
dpkg-buildpackage: info: source package libwebsockets
dpkg-buildpackage: info: source version 4.0.20-2
dpkg-buildpackage: info: source distribution unstable
dpkg-buildpackage: info: source changed by Laszlo Boszormenyi (GCS) <gcs@debian.org>
 dpkg-source --before-build .
dpkg-buildpackage: info: host architecture amd64
 debian/rules clean
dh clean
   dh_clean
 debian/rules binary
dh binary
   dh_update_autotools_config
   dh_autoreconf
   debian/rules override_dh_auto_configure
make[1]: Entering directory '/<<PKGBUILDDIR>>'
dh_auto_configure -- -DCMAKE_LIBRARY_ARCHITECTURE=x86_64-linux-gnu \
    -DLIB_SUFFIX=/x86_64-linux-gnu -DLWS_WITHOUT_DAEMONIZE=OFF \
    -DLWS_WITH_LIBEV=ON -DLWS_WITH_LIBUV=ON \
    -DLWS_UNIX_SOCK=ON -DLWS_IPV6=ON \
    -DLWS_WITH_ZLIB=ON -DLWS_WITH_EXTERNAL_POLL=ON \
    -DLWS_WITHOUT_EXTENSIONS=OFF
	cd obj-x86_64-linux-gnu && cmake -DCMAKE_INSTALL_PREFIX=/usr -DCMAKE_BUILD_TYPE=None -DCMAKE_INSTALL_SYSCONFDIR=/etc -DCMAKE_INSTALL_LOCALSTATEDIR=/var -DCMAKE_EXPORT_NO_PACKAGE_REGISTRY=ON -DCMAKE_FIND_USE_PACKAGE_REGISTRY=OFF -DCMAKE_FIND_PACKAGE_NO_PACKAGE_REGISTRY=ON -DCMAKE_INSTALL_RUNSTATEDIR=/run "-GUnix Makefiles" -DCMAKE_VERBOSE_MAKEFILE=ON -DCMAKE_INSTALL_LIBDIR=lib/x86_64-linux-gnu -DCMAKE_LIBRARY_ARCHITECTURE=x86_64-linux-gnu -DLIB_SUFFIX=/x86_64-linux-gnu -DLWS_WITHOUT_DAEMONIZE=OFF -DLWS_WITH_LIBEV=ON -DLWS_WITH_LIBUV=ON -DLWS_UNIX_SOCK=ON -DLWS_IPV6=ON -DLWS_WITH_ZLIB=ON -DLWS_WITH_EXTERNAL_POLL=ON -DLWS_WITHOUT_EXTENSIONS=OFF ..
CMake Deprecation Warning at CMakeLists.txt:1 (cmake_minimum_required):
  Compatibility with CMake < 2.8.12 will be removed from a future version of
  CMake.

  Update the VERSION argument <min> value or use a ...<max> suffix to tell
  CMake that the project does not need compatibility with older versions.


-- The C compiler identification is Clang 13.0.0
-- Detecting C compiler ABI info
-- Detecting C compiler ABI info - done
-- Check for working C compiler: /usr/bin/cc - skipped
-- Detecting C compile features
-- Detecting C compile features - done
-- Compiled with LWS_WITH_DIR and LWS_WITH_LEJP_CONF
-- CMAKE_TOOLCHAIN_FILE=''
-- Could NOT find Git (missing: GIT_EXECUTABLE) 
-- Performing Test LWS_HAVE_inline
-- Performing Test LWS_HAVE_inline - Success
-- Performing Test LWS_HAVE___inline__
-- Performing Test LWS_HAVE___inline__ - Success
-- Performing Test LWS_HAVE___inline
-- Performing Test LWS_HAVE___inline - Success
-- Performing Test LWS_HAVE_MALLOC_TRIM
-- Performing Test LWS_HAVE_MALLOC_TRIM - Success
-- Performing Test LWS_HAVE_MALLOC_USABLE_SIZE
-- Performing Test LWS_HAVE_MALLOC_USABLE_SIZE - Success
-- Looking for fork
-- Looking for fork - found
-- Looking for getenv
-- Looking for getenv - found
-- Looking for malloc
-- Looking for malloc - found
-- Looking for memset
-- Looking for memset - found
-- Looking for realloc
-- Looking for realloc - found
-- Looking for socket
-- Looking for socket - found
-- Looking for strerror
-- Looking for strerror - found
-- Looking for vfork
-- Looking for vfork - found
-- Looking for execvpe
-- Looking for execvpe - found
-- Looking for getifaddrs
-- Looking for getifaddrs - found
-- Looking for snprintf
-- Looking for snprintf - found
-- Looking for _snprintf
-- Looking for _snprintf - not found
-- Looking for _vsnprintf
-- Looking for _vsnprintf - not found
-- Looking for getloadavg
-- Looking for getloadavg - found
-- Looking for atoll
-- Looking for atoll - found
-- Looking for _atoi64
-- Looking for _atoi64 - not found
-- Looking for _stat32i64
-- Looking for _stat32i64 - not found
-- Looking for clock_gettime
-- Looking for clock_gettime - found
-- Looking for eventfd
-- Looking for eventfd - found
-- Looking for dlfcn.h
-- Looking for dlfcn.h - found
-- Looking for fcntl.h
-- Looking for fcntl.h - found
-- Looking for in6addr.h
-- Looking for in6addr.h - not found
-- Looking for memory.h
-- Looking for memory.h - found
-- Looking for netinet/in.h
-- Looking for netinet/in.h - found
-- Looking for stdint.h
-- Looking for stdint.h - found
-- Looking for stdlib.h
-- Looking for stdlib.h - found
-- Looking for strings.h
-- Looking for strings.h - found
-- Looking for string.h
-- Looking for string.h - found
-- Looking for sys/prctl.h
-- Looking for sys/prctl.h - found
-- Looking for sys/socket.h
-- Looking for sys/socket.h - found
-- Looking for sys/sockio.h
-- Looking for sys/sockio.h - not found
-- Looking for sys/stat.h
-- Looking for sys/stat.h - found
-- Looking for sys/types.h
-- Looking for sys/types.h - found
-- Looking for unistd.h
-- Looking for unistd.h - found
-- Looking for vfork.h
-- Looking for vfork.h - not found
-- Looking for sys/capability.h
-- Looking for sys/capability.h - found
-- Looking for malloc.h
-- Looking for malloc.h - found
-- Looking for pthread.h
-- Looking for pthread.h - found
-- Looking for inttypes.h
-- Looking for inttypes.h - found
-- Looking for cap_set_flag in cap
-- Looking for cap_set_flag in cap - found
-- Looking for uv-version.h
-- Looking for uv-version.h - not found
-- Looking for uv/version.h
-- Looking for uv/version.h - found
-- Performing Test LWS_HAVE_EVBACKEND_LINUXAIO
-- Performing Test LWS_HAVE_EVBACKEND_LINUXAIO - Success
-- Performing Test LWS_HAVE_EVBACKEND_IOURING
-- Performing Test LWS_HAVE_EVBACKEND_IOURING - Success
-- Looking for zlib.h
-- Looking for zlib.h - found
-- Looking for 4 include files stdlib.h, ..., float.h
-- Looking for 4 include files stdlib.h, ..., float.h - found
-- Performing Test LWS_HAS_INTPTR_T
-- Performing Test LWS_HAS_INTPTR_T - Success
-- Performing Test LWS_HAS_PTHREAD_SETNAME_NP
-- Performing Test LWS_HAS_PTHREAD_SETNAME_NP - Success
-- Performing Test LWS_HAS_GETOPT_LONG
-- Performing Test LWS_HAS_GETOPT_LONG - Success
-- Performing Test LWS_HAVE_VISIBILITY
-- Performing Test LWS_HAVE_VISIBILITY - Failed
-- Performing Test LWS_GCC_HAS_IGNORED_QUALIFIERS
-- Performing Test LWS_GCC_HAS_IGNORED_QUALIFIERS - Failed
-- Performing Test LWS_GCC_HAS_TYPE_LIMITS
-- Performing Test LWS_GCC_HAS_TYPE_LIMITS - Failed
-- Found ZLIB: /usr/lib/x86_64-linux-gnu/libz.so (found version "1.2.11") 
zlib/miniz include dirs: /usr/include
zlib/miniz libraries: /usr/lib/x86_64-linux-gnu/libz.so
Compiling with SSL support
-- Found OpenSSL: /usr/lib/x86_64-linux-gnu/libcrypto.so (found version "1.1.1l")  
OpenSSL include dir: /usr/include
OpenSSL libraries: /usr/lib/x86_64-linux-gnu/libssl.so;/usr/lib/x86_64-linux-gnu/libcrypto.so
-- Looking for openssl/ecdh.h
-- Looking for openssl/ecdh.h - not found
libev include dir: /usr/include
libev libraries: /usr/lib/x86_64-linux-gnu/libev.so
libuv include dir: /usr/include
libuv libraries: /usr/lib/x86_64-linux-gnu/libuv.so
-- Looking for SSL_CTX_set1_param
-- Looking for SSL_CTX_set1_param - not found
-- Looking for SSL_set_info_callback
-- Looking for SSL_set_info_callback - not found
-- Looking for X509_VERIFY_PARAM_set1_host
-- Looking for X509_VERIFY_PARAM_set1_host - not found
-- Looking for RSA_set0_key
-- Looking for RSA_set0_key - not found
-- Looking for X509_get_key_usage
-- Looking for X509_get_key_usage - not found
-- Looking for EVP_PKEY_new_raw_private_key
-- Looking for EVP_PKEY_new_raw_private_key - not found
-- Looking for SSL_CTX_get0_certificate
-- Looking for SSL_CTX_get0_certificate - not found
-- Looking for SSL_get0_alpn_selected
-- Looking for SSL_get0_alpn_selected - not found
-- Looking for SSL_set_alpn_protos
-- Looking for SSL_set_alpn_protos - not found
-- Looking for EVP_aes_128_cfb8
-- Looking for EVP_aes_128_cfb8 - not found
-- Looking for EVP_aes_128_cfb128
-- Looking for EVP_aes_128_cfb128 - not found
-- Looking for EVP_aes_192_cfb8
-- Looking for EVP_aes_192_cfb8 - not found
-- Looking for EVP_aes_192_cfb128
-- Looking for EVP_aes_192_cfb128 - not found
-- Looking for EVP_aes_256_cfb8
-- Looking for EVP_aes_256_cfb8 - not found
-- Looking for EVP_aes_256_cfb128
-- Looking for EVP_aes_256_cfb128 - not found
-- Looking for EVP_aes_128_xts
-- Looking for EVP_aes_128_xts - not found
-- Looking for RSA_verify_pss_mgf1
-- Looking for RSA_verify_pss_mgf1 - not found
-- Looking for HMAC_CTX_new
-- Looking for HMAC_CTX_new - not found
-- Looking for SSL_CTX_set_ciphersuites
-- Looking for SSL_CTX_set_ciphersuites - not found
-- Performing Test LWS_HAVE_SSL_EXTRA_CHAIN_CERTS
-- Performing Test LWS_HAVE_SSL_EXTRA_CHAIN_CERTS - Failed
-- Performing Test LWS_HAVE_EVP_MD_CTX_free
-- Performing Test LWS_HAVE_EVP_MD_CTX_free - Failed
-- Looking for ECDSA_SIG_set0
-- Looking for ECDSA_SIG_set0 - not found
-- Looking for BN_bn2binpad
-- Looking for BN_bn2binpad - not found
-- Looking for EVP_aes_128_wrap
-- Looking for EVP_aes_128_wrap - not found
-- Looking for EC_POINT_get_affine_coordinates
-- Looking for EC_POINT_get_affine_coordinates - not found
-- Looking for TLS_client_method
-- Looking for TLS_client_method - not found
-- Looking for TLSv1_2_client_method
-- Looking for TLSv1_2_client_method - not found
-- Performing Test LWS_HAVE_PIPE2
-- Performing Test LWS_HAVE_PIPE2 - Failed
-- Performing Test LWS_HAVE_MBEDTLS_NET_SOCKETS
-- Performing Test LWS_HAVE_MBEDTLS_NET_SOCKETS - Failed
-- Performing Test LWS_HAVE_TCP_USER_TIMEOUT
-- Performing Test LWS_HAVE_TCP_USER_TIMEOUT - Failed
Searching for OpenSSL executable and dlls
OpenSSL executable: /usr/bin/openssl
 GENCERTS = 1
Generating SSL Certificates for the test-server...
Generating a RSA private key
..........+++++
.........................+++++
writing new private key to '/<<PKGBUILDDIR>>/obj-x86_64-linux-gnu/libwebsockets-test-server.key.pem'
-----
You are about to be asked to enter information that will be incorporated
into your certificate request.
What you are about to enter is what is called a Distinguished Name or a DN.
There are quite a few fields but you can leave some blank
For some fields there will be a default value,
If you enter '.', the field will be left blank.
-----
Country Name (2 letter code) [AU]:State or Province Name (full name) [Some-State]:Locality Name (eg, city) []:Organization Name (eg, company) [Internet Widgits Pty Ltd]:Organizational Unit Name (eg, section) []:Common Name (e.g. server FQDN or YOUR name) []:Email Address []:SUCCESSFULLY generated SSL certificate
-- Looking for RPMTools... - rpmbuild NOT FOUND
---------------------------------------------------------------------
  Settings:  (For more help do cmake -LH <srcpath>)
---------------------------------------------------------------------
 LWS_WITH_STATIC = ON
 LWS_WITH_SHARED = ON
 LWS_WITH_SSL = ON (SSL Support)
 LWS_SSL_CLIENT_USE_OS_CA_CERTS = 1
 LWS_WITH_WOLFSSL = OFF (wolfSSL/CyaSSL replacement for OpenSSL)
 LWS_WITH_MBEDTLS = OFF (mbedTLS replacement for OpenSSL)
 LWS_WITHOUT_BUILTIN_SHA1 = OFF
 LWS_WITHOUT_BUILTIN_GETIFADDRS = OFF
 LWS_WITHOUT_CLIENT = OFF
 LWS_WITHOUT_SERVER = OFF
 LWS_LINK_TESTAPPS_DYNAMIC = OFF
 LWS_WITHOUT_TESTAPPS = OFF
 LWS_WITHOUT_TEST_SERVER = OFF
 LWS_WITHOUT_TEST_SERVER_EXTPOLL = OFF
 LWS_WITHOUT_TEST_PING = OFF
 LWS_WITHOUT_TEST_CLIENT = OFF
 LWS_WITHOUT_EXTENSIONS = OFF
 LWS_WITHOUT_DAEMONIZE = OFF
 LWS_WITH_LIBEV = 1
 LWS_WITH_LIBUV = 1
 LWS_WITH_LIBEVENT = OFF
 LWS_WITH_GLIB = OFF
 LWS_IPV6 = ON
 LWS_UNIX_SOCK = ON
 LWS_WITH_HTTP2 = 1
 LWS_ROLE_MQTT = OFF
 LWS_SSL_SERVER_WITH_ECDH_CERT = OFF
 LWS_MAX_SMP = 1
 LWS_HAVE_PTHREAD_H = 1
 LWS_WITH_CGI = OFF
 LWS_HAVE_OPENSSL_ECDH_H = 
 LWS_HAVE_SSL_CTX_set1_param = 
 LWS_HAVE_RSA_SET0_KEY = 
 LWS_WITH_HTTP_PROXY = OFF
 LIBHUBBUB_LIBRARIES = 
 PLUGINS = 
 LWS_WITH_ACCESS_LOG = OFF
 LWS_WITH_SERVER_STATUS = OFF
 LWS_WITH_LEJP = ON
 LWS_WITH_LEJP_CONF = ON
 LWS_WITH_GENERIC_SESSIONS = OFF
 LWS_STATIC_PIC = OFF
 LWS_WITH_RANGES = OFF
 LWS_PLAT_OPTEE = OFF
 LWS_PLAT_FREERTOS = OFF
 LWS_WITH_ZIP_FOPS = OFF
 LWS_AVOID_SIGPIPE_IGN = OFF
 LWS_WITH_STATS = OFF
 LWS_WITH_SOCKS5 = OFF
 LWS_HAVE_SYS_CAPABILITY_H = 1
 LWS_HAVE_LIBCAP = 1
 LWS_WITH_PEER_LIMITS = OFF
 LWS_HAVE_ATOLL = 1
 LWS_HAVE__ATOI64 = 
 LWS_HAVE_STAT32I64 = 
 LWS_HAS_INTPTR_T = 1
 LWS_WITH_EXPORT_LWSTARGETS = ON
 LWS_WITH_ABSTRACT = 
---------------------------------------------------------------------
-- Configuring done
-- Generating done
CMake Warning:
  Manually-specified variables were not used by the project:

    CMAKE_FIND_PACKAGE_NO_PACKAGE_REGISTRY
    CMAKE_INSTALL_LIBDIR
    CMAKE_INSTALL_LOCALSTATEDIR
    CMAKE_INSTALL_RUNSTATEDIR
    CMAKE_INSTALL_SYSCONFDIR


-- Build files have been written to: /<<PKGBUILDDIR>>/obj-x86_64-linux-gnu
make[1]: Leaving directory '/<<PKGBUILDDIR>>'
   dh_auto_build
	cd obj-x86_64-linux-gnu && make -j4 "INSTALL=install --strip-program=true" VERBOSE=1
make[1]: Entering directory '/<<PKGBUILDDIR>>/obj-x86_64-linux-gnu'
/usr/bin/cmake -S/<<PKGBUILDDIR>> -B/<<PKGBUILDDIR>>/obj-x86_64-linux-gnu --check-build-system CMakeFiles/Makefile.cmake 0
/usr/bin/cmake -E cmake_progress_start /<<PKGBUILDDIR>>/obj-x86_64-linux-gnu/CMakeFiles /<<PKGBUILDDIR>>/obj-x86_64-linux-gnu//CMakeFiles/progress.marks
make  -f CMakeFiles/Makefile2 all
make[2]: Entering directory '/<<PKGBUILDDIR>>/obj-x86_64-linux-gnu'
make  -f CMakeFiles/websockets.dir/build.make CMakeFiles/websockets.dir/depend
make  -f CMakeFiles/websockets_shared.dir/build.make CMakeFiles/websockets_shared.dir/depend
make[3]: Entering directory '/<<PKGBUILDDIR>>/obj-x86_64-linux-gnu'
cd /<<PKGBUILDDIR>>/obj-x86_64-linux-gnu && /usr/bin/cmake -E cmake_depends "Unix Makefiles" /<<PKGBUILDDIR>> /<<PKGBUILDDIR>> /<<PKGBUILDDIR>>/obj-x86_64-linux-gnu /<<PKGBUILDDIR>>/obj-x86_64-linux-gnu /<<PKGBUILDDIR>>/obj-x86_64-linux-gnu/CMakeFiles/websockets.dir/DependInfo.cmake --color=
make[3]: Entering directory '/<<PKGBUILDDIR>>/obj-x86_64-linux-gnu'
cd /<<PKGBUILDDIR>>/obj-x86_64-linux-gnu && /usr/bin/cmake -E cmake_depends "Unix Makefiles" /<<PKGBUILDDIR>> /<<PKGBUILDDIR>> /<<PKGBUILDDIR>>/obj-x86_64-linux-gnu /<<PKGBUILDDIR>>/obj-x86_64-linux-gnu /<<PKGBUILDDIR>>/obj-x86_64-linux-gnu/CMakeFiles/websockets_shared.dir/DependInfo.cmake --color=
make[3]: Leaving directory '/<<PKGBUILDDIR>>/obj-x86_64-linux-gnu'
make[3]: Leaving directory '/<<PKGBUILDDIR>>/obj-x86_64-linux-gnu'
make  -f CMakeFiles/websockets.dir/build.make CMakeFiles/websockets.dir/build
make  -f CMakeFiles/websockets_shared.dir/build.make CMakeFiles/websockets_shared.dir/build
make[3]: Entering directory '/<<PKGBUILDDIR>>/obj-x86_64-linux-gnu'
make[3]: Entering directory '/<<PKGBUILDDIR>>/obj-x86_64-linux-gnu'
[  2%] Building C object CMakeFiles/websockets.dir/lib/core/buflist.c.o
[  2%] Building C object CMakeFiles/websockets_shared.dir/lib/core/alloc.c.o
[  2%] Building C object CMakeFiles/websockets.dir/lib/core/alloc.c.o
[  2%] Building C object CMakeFiles/websockets_shared.dir/lib/core/buflist.c.o
/usr/bin/cc -Dwebsockets_shared_EXPORTS -I/<<PKGBUILDDIR>>/include -I/<<PKGBUILDDIR>>/plugins -I/<<PKGBUILDDIR>>/lib/core -I/<<PKGBUILDDIR>>/lib/core-net -I/<<PKGBUILDDIR>>/lib/event-libs -I/<<PKGBUILDDIR>>/include/abstract -I/<<PKGBUILDDIR>>/lib/tls -I/<<PKGBUILDDIR>>/lib/roles -I/<<PKGBUILDDIR>>/lib/event-libs/libuv -I/<<PKGBUILDDIR>>/lib/event-libs/poll -I/<<PKGBUILDDIR>>/lib/event-libs/libevent -I/<<PKGBUILDDIR>>/lib/event-libs/glib -I/<<PKGBUILDDIR>>/lib/event-libs/libev -I/<<PKGBUILDDIR>>/lib/jose/jwe -I/<<PKGBUILDDIR>>/lib/jose/jws -I/<<PKGBUILDDIR>>/lib/jose -I/<<PKGBUILDDIR>>/lib/misc -I/<<PKGBUILDDIR>>/lib/roles/http -I/<<PKGBUILDDIR>>/lib/roles/http/compression -I/<<PKGBUILDDIR>>/lib/roles/h1 -I/<<PKGBUILDDIR>>/lib/roles/h2 -I/<<PKGBUILDDIR>>/lib/roles/ws -I/<<PKGBUILDDIR>>/lib/roles/cgi -I/<<PKGBUILDDIR>>/lib/roles/dbus -I/<<PKGBUILDDIR>>/lib/roles/raw-proxy -I/<<PKGBUILDDIR>>/lib/abstract -I/<<PKGBUILDDIR>>/lib/system/async-dns -I/<<PKGBUILDDIR>>/lib/roles/mqtt -I/<<PKGBUILDDIR>>/lib/plat/unix -I/<<PKGBUILDDIR>>/obj-x86_64-linux-gnu -I/<<PKGBUILDDIR>>/lib -Wall -Wsign-compare -Wstrict-aliasing -Wuninitialized -Werror  -Wundef  -g -O2 -ffile-prefix-map=/<<PKGBUILDDIR>>=. -fstack-protector-strong -Wformat -Werror=format-security -fno-strict-aliasing -Wno-error=format-truncation -Wno-error=format-overflow -Wdate-time -D_FORTIFY_SOURCE=2  -Wno-deprecated-declarations -pthread -Wno-error=unused-command-line-argument -fPIC -MD -MT CMakeFiles/websockets_shared.dir/lib/core/alloc.c.o -MF CMakeFiles/websockets_shared.dir/lib/core/alloc.c.o.d -o CMakeFiles/websockets_shared.dir/lib/core/alloc.c.o -c /<<PKGBUILDDIR>>/lib/core/alloc.c
/usr/bin/cc  -I/<<PKGBUILDDIR>>/include -I/<<PKGBUILDDIR>>/plugins -I/<<PKGBUILDDIR>>/lib/core -I/<<PKGBUILDDIR>>/lib/core-net -I/<<PKGBUILDDIR>>/lib/event-libs -I/<<PKGBUILDDIR>>/include/abstract -I/<<PKGBUILDDIR>>/lib/tls -I/<<PKGBUILDDIR>>/lib/roles -I/<<PKGBUILDDIR>>/lib/event-libs/libuv -I/<<PKGBUILDDIR>>/lib/event-libs/poll -I/<<PKGBUILDDIR>>/lib/event-libs/libevent -I/<<PKGBUILDDIR>>/lib/event-libs/glib -I/<<PKGBUILDDIR>>/lib/event-libs/libev -I/<<PKGBUILDDIR>>/lib/jose/jwe -I/<<PKGBUILDDIR>>/lib/jose/jws -I/<<PKGBUILDDIR>>/lib/jose -I/<<PKGBUILDDIR>>/lib/misc -I/<<PKGBUILDDIR>>/lib/roles/http -I/<<PKGBUILDDIR>>/lib/roles/http/compression -I/<<PKGBUILDDIR>>/lib/roles/h1 -I/<<PKGBUILDDIR>>/lib/roles/h2 -I/<<PKGBUILDDIR>>/lib/roles/ws -I/<<PKGBUILDDIR>>/lib/roles/cgi -I/<<PKGBUILDDIR>>/lib/roles/dbus -I/<<PKGBUILDDIR>>/lib/roles/raw-proxy -I/<<PKGBUILDDIR>>/lib/abstract -I/<<PKGBUILDDIR>>/lib/system/async-dns -I/<<PKGBUILDDIR>>/lib/roles/mqtt -I/<<PKGBUILDDIR>>/lib/plat/unix -I/<<PKGBUILDDIR>>/obj-x86_64-linux-gnu -I/<<PKGBUILDDIR>>/lib -Wall -Wsign-compare -Wstrict-aliasing -Wuninitialized -Werror  -Wundef  -g -O2 -ffile-prefix-map=/<<PKGBUILDDIR>>=. -fstack-protector-strong -Wformat -Werror=format-security -fno-strict-aliasing -Wno-error=format-truncation -Wno-error=format-overflow -Wdate-time -D_FORTIFY_SOURCE=2  -Wno-deprecated-declarations -pthread -Wno-error=unused-command-line-argument -MD -MT CMakeFiles/websockets.dir/lib/core/alloc.c.o -MF CMakeFiles/websockets.dir/lib/core/alloc.c.o.d -o CMakeFiles/websockets.dir/lib/core/alloc.c.o -c /<<PKGBUILDDIR>>/lib/core/alloc.c
/usr/bin/cc  -I/<<PKGBUILDDIR>>/include -I/<<PKGBUILDDIR>>/plugins -I/<<PKGBUILDDIR>>/lib/core -I/<<PKGBUILDDIR>>/lib/core-net -I/<<PKGBUILDDIR>>/lib/event-libs -I/<<PKGBUILDDIR>>/include/abstract -I/<<PKGBUILDDIR>>/lib/tls -I/<<PKGBUILDDIR>>/lib/roles -I/<<PKGBUILDDIR>>/lib/event-libs/libuv -I/<<PKGBUILDDIR>>/lib/event-libs/poll -I/<<PKGBUILDDIR>>/lib/event-libs/libevent -I/<<PKGBUILDDIR>>/lib/event-libs/glib -I/<<PKGBUILDDIR>>/lib/event-libs/libev -I/<<PKGBUILDDIR>>/lib/jose/jwe -I/<<PKGBUILDDIR>>/lib/jose/jws -I/<<PKGBUILDDIR>>/lib/jose -I/<<PKGBUILDDIR>>/lib/misc -I/<<PKGBUILDDIR>>/lib/roles/http -I/<<PKGBUILDDIR>>/lib/roles/http/compression -I/<<PKGBUILDDIR>>/lib/roles/h1 -I/<<PKGBUILDDIR>>/lib/roles/h2 -I/<<PKGBUILDDIR>>/lib/roles/ws -I/<<PKGBUILDDIR>>/lib/roles/cgi -I/<<PKGBUILDDIR>>/lib/roles/dbus -I/<<PKGBUILDDIR>>/lib/roles/raw-proxy -I/<<PKGBUILDDIR>>/lib/abstract -I/<<PKGBUILDDIR>>/lib/system/async-dns -I/<<PKGBUILDDIR>>/lib/roles/mqtt -I/<<PKGBUILDDIR>>/lib/plat/unix -I/<<PKGBUILDDIR>>/obj-x86_64-linux-gnu -I/<<PKGBUILDDIR>>/lib -Wall -Wsign-compare -Wstrict-aliasing -Wuninitialized -Werror  -Wundef  -g -O2 -ffile-prefix-map=/<<PKGBUILDDIR>>=. -fstack-protector-strong -Wformat -Werror=format-security -fno-strict-aliasing -Wno-error=format-truncation -Wno-error=format-overflow -Wdate-time -D_FORTIFY_SOURCE=2  -Wno-deprecated-declarations -pthread -Wno-error=unused-command-line-argument -MD -MT CMakeFiles/websockets.dir/lib/core/buflist.c.o -MF CMakeFiles/websockets.dir/lib/core/buflist.c.o.d -o CMakeFiles/websockets.dir/lib/core/buflist.c.o -c /<<PKGBUILDDIR>>/lib/core/buflist.c
/usr/bin/cc -Dwebsockets_shared_EXPORTS -I/<<PKGBUILDDIR>>/include -I/<<PKGBUILDDIR>>/plugins -I/<<PKGBUILDDIR>>/lib/core -I/<<PKGBUILDDIR>>/lib/core-net -I/<<PKGBUILDDIR>>/lib/event-libs -I/<<PKGBUILDDIR>>/include/abstract -I/<<PKGBUILDDIR>>/lib/tls -I/<<PKGBUILDDIR>>/lib/roles -I/<<PKGBUILDDIR>>/lib/event-libs/libuv -I/<<PKGBUILDDIR>>/lib/event-libs/poll -I/<<PKGBUILDDIR>>/lib/event-libs/libevent -I/<<PKGBUILDDIR>>/lib/event-libs/glib -I/<<PKGBUILDDIR>>/lib/event-libs/libev -I/<<PKGBUILDDIR>>/lib/jose/jwe -I/<<PKGBUILDDIR>>/lib/jose/jws -I/<<PKGBUILDDIR>>/lib/jose -I/<<PKGBUILDDIR>>/lib/misc -I/<<PKGBUILDDIR>>/lib/roles/http -I/<<PKGBUILDDIR>>/lib/roles/http/compression -I/<<PKGBUILDDIR>>/lib/roles/h1 -I/<<PKGBUILDDIR>>/lib/roles/h2 -I/<<PKGBUILDDIR>>/lib/roles/ws -I/<<PKGBUILDDIR>>/lib/roles/cgi -I/<<PKGBUILDDIR>>/lib/roles/dbus -I/<<PKGBUILDDIR>>/lib/roles/raw-proxy -I/<<PKGBUILDDIR>>/lib/abstract -I/<<PKGBUILDDIR>>/lib/system/async-dns -I/<<PKGBUILDDIR>>/lib/roles/mqtt -I/<<PKGBUILDDIR>>/lib/plat/unix -I/<<PKGBUILDDIR>>/obj-x86_64-linux-gnu -I/<<PKGBUILDDIR>>/lib -Wall -Wsign-compare -Wstrict-aliasing -Wuninitialized -Werror  -Wundef  -g -O2 -ffile-prefix-map=/<<PKGBUILDDIR>>=. -fstack-protector-strong -Wformat -Werror=format-security -fno-strict-aliasing -Wno-error=format-truncation -Wno-error=format-overflow -Wdate-time -D_FORTIFY_SOURCE=2  -Wno-deprecated-declarations -pthread -Wno-error=unused-command-line-argument -fPIC -MD -MT CMakeFiles/websockets_shared.dir/lib/core/buflist.c.o -MF CMakeFiles/websockets_shared.dir/lib/core/buflist.c.o.d -o CMakeFiles/websockets_shared.dir/lib/core/buflist.c.o -c /<<PKGBUILDDIR>>/lib/core/buflist.c
error: error: error: error: unknown warning option '-Werror=format-truncation' [-Werror,-Wunknown-warning-option]unknown warning option '-Werror=format-truncation' [-Werror,-Wunknown-warning-option]unknown warning option '-Werror=format-truncation' [-Werror,-Wunknown-warning-option]


unknown warning option '-Werror=format-truncation' [-Werror,-Wunknown-warning-option]
error: unknown warning option '-Werror=format-overflow'; did you mean '-Werror=shift-overflow'? [-Werror,-Wunknown-warning-option]
error: error: unknown warning option '-Werror=format-overflow'; did you mean '-Werror=shift-overflow'? [-Werror,-Wunknown-warning-option]
unknown warning option '-Werror=format-overflow'; did you mean '-Werror=shift-overflow'? [-Werror,-Wunknown-warning-option]
error: unknown warning option '-Werror=format-overflow'; did you mean '-Werror=shift-overflow'? [-Werror,-Wunknown-warning-option]
make[3]: *** [CMakeFiles/websockets_shared.dir/build.make:93: CMakeFiles/websockets_shared.dir/lib/core/buflist.c.o] Error 1
make[3]: *** Waiting for unfinished jobs....
make[3]: *** [CMakeFiles/websockets.dir/build.make:79: CMakeFiles/websockets.dir/lib/core/alloc.c.o] Error 1
make[3]: *** Waiting for unfinished jobs....
make[3]: *** [CMakeFiles/websockets.dir/build.make:93: CMakeFiles/websockets.dir/lib/core/buflist.c.o] Error 1
make[3]: *** [CMakeFiles/websockets_shared.dir/build.make:79: CMakeFiles/websockets_shared.dir/lib/core/alloc.c.o] Error 1
make[3]: Leaving directory '/<<PKGBUILDDIR>>/obj-x86_64-linux-gnu'
make[2]: *** [CMakeFiles/Makefile2:123: CMakeFiles/websockets_shared.dir/all] Error 2
make[2]: *** Waiting for unfinished jobs....
[  2%] Building C object CMakeFiles/websockets.dir/lib/core/context.c.o
/usr/bin/cc  -I/<<PKGBUILDDIR>>/include -I/<<PKGBUILDDIR>>/plugins -I/<<PKGBUILDDIR>>/lib/core -I/<<PKGBUILDDIR>>/lib/core-net -I/<<PKGBUILDDIR>>/lib/event-libs -I/<<PKGBUILDDIR>>/include/abstract -I/<<PKGBUILDDIR>>/lib/tls -I/<<PKGBUILDDIR>>/lib/roles -I/<<PKGBUILDDIR>>/lib/event-libs/libuv -I/<<PKGBUILDDIR>>/lib/event-libs/poll -I/<<PKGBUILDDIR>>/lib/event-libs/libevent -I/<<PKGBUILDDIR>>/lib/event-libs/glib -I/<<PKGBUILDDIR>>/lib/event-libs/libev -I/<<PKGBUILDDIR>>/lib/jose/jwe -I/<<PKGBUILDDIR>>/lib/jose/jws -I/<<PKGBUILDDIR>>/lib/jose -I/<<PKGBUILDDIR>>/lib/misc -I/<<PKGBUILDDIR>>/lib/roles/http -I/<<PKGBUILDDIR>>/lib/roles/http/compression -I/<<PKGBUILDDIR>>/lib/roles/h1 -I/<<PKGBUILDDIR>>/lib/roles/h2 -I/<<PKGBUILDDIR>>/lib/roles/ws -I/<<PKGBUILDDIR>>/lib/roles/cgi -I/<<PKGBUILDDIR>>/lib/roles/dbus -I/<<PKGBUILDDIR>>/lib/roles/raw-proxy -I/<<PKGBUILDDIR>>/lib/abstract -I/<<PKGBUILDDIR>>/lib/system/async-dns -I/<<PKGBUILDDIR>>/lib/roles/mqtt -I/<<PKGBUILDDIR>>/lib/plat/unix -I/<<PKGBUILDDIR>>/obj-x86_64-linux-gnu -I/<<PKGBUILDDIR>>/lib -Wall -Wsign-compare -Wstrict-aliasing -Wuninitialized -Werror  -Wundef  -g -O2 -ffile-prefix-map=/<<PKGBUILDDIR>>=. -fstack-protector-strong -Wformat -Werror=format-security -fno-strict-aliasing -Wno-error=format-truncation -Wno-error=format-overflow -Wdate-time -D_FORTIFY_SOURCE=2  -Wno-deprecated-declarations -pthread -Wno-error=unused-command-line-argument -MD -MT CMakeFiles/websockets.dir/lib/core/context.c.o -MF CMakeFiles/websockets.dir/lib/core/context.c.o.d -o CMakeFiles/websockets.dir/lib/core/context.c.o -c /<<PKGBUILDDIR>>/lib/core/context.c
error: unknown warning option '-Werror=format-truncation' [-Werror,-Wunknown-warning-option]
error: unknown warning option '-Werror=format-overflow'; did you mean '-Werror=shift-overflow'? [-Werror,-Wunknown-warning-option]
make[3]: *** [CMakeFiles/websockets.dir/build.make:107: CMakeFiles/websockets.dir/lib/core/context.c.o] Error 1
make[3]: Leaving directory '/<<PKGBUILDDIR>>/obj-x86_64-linux-gnu'
make[2]: *** [CMakeFiles/Makefile2:97: CMakeFiles/websockets.dir/all] Error 2
make[2]: Leaving directory '/<<PKGBUILDDIR>>/obj-x86_64-linux-gnu'
make[1]: *** [Makefile:159: all] Error 2
make[1]: Leaving directory '/<<PKGBUILDDIR>>/obj-x86_64-linux-gnu'
dh_auto_build: error: cd obj-x86_64-linux-gnu && make -j4 "INSTALL=install --strip-program=true" VERBOSE=1 returned exit code 2
make: *** [debian/rules:21: binary] Error 25
dpkg-buildpackage: error: debian/rules binary subprocess returned exit status 2
--------------------------------------------------------------------------------
Build finished at 2021-10-26T22:57:57Z

Finished
--------


+------------------------------------------------------------------------------+
| Cleanup                                                                      |
+------------------------------------------------------------------------------+

Purging /<<BUILDDIR>>
Not cleaning session: cloned chroot in use
E: Build failure (dpkg-buildpackage died)

+------------------------------------------------------------------------------+
| Summary                                                                      |
+------------------------------------------------------------------------------+

Build Architecture: amd64
Build Type: binary
Build-Space: 25296
Build-Time: 8
Distribution: unstable
Fail-Stage: build
Host Architecture: amd64
Install-Time: 6
Job: libwebsockets_4.0.20-2
Machine Architecture: amd64
Package: libwebsockets
Package-Time: 36
Source-Version: 4.0.20-2
Space: 25296
Status: attempted
Version: 4.0.20-2
--------------------------------------------------------------------------------
Finished at 2021-10-26T22:57:57Z
Build needed 00:00:36, 25296k disk space
E: Build failure (dpkg-buildpackage died)
DC-Status: Failed 36.911387362s
DC-Time-Estimation: 36.911387362 versus expected 78 (r/m: 1.1131690129940883 ; m: 36.911387362)
