DC-Build-Header: netplan.io 0.103-3 / 2021-10-26 22:29:33 +0000
DC-Task: type:rebuild-binarch-only source:netplan.io version:0.103-3 chroot:unstable esttime:129 logfile:/tmp/netplan.io_0.103-3_unstable_clang13.log modes:clang13:binarch-only
DC-Sbuild-call: su user42 -c 'sbuild -n --arch-any --apt-update -d unstable -v --no-run-lintian --chroot-setup-commands=/tmp/clang13 netplan.io_0.103-3'
sbuild (Debian sbuild) 0.78.1 (09 February 2019) on ip-172-31-7-189.eu-central-1.compute.internal

+==============================================================================+
| netplan.io 0.103-3 (amd64)                   Tue, 26 Oct 2021 22:29:33 +0000 |
+==============================================================================+

Package: netplan.io
Version: 0.103-3
Source Version: 0.103-3
Distribution: unstable
Machine Architecture: amd64
Host Architecture: amd64
Build Architecture: amd64
Build Type: binary

I: NOTICE: Log filtering will replace 'var/run/schroot/mount/sid-amd64-sbuild-e78e91df-8606-49c3-983c-167e193f5147' with '<<CHROOT>>'

+------------------------------------------------------------------------------+
| Chroot Setup Commands                                                        |
+------------------------------------------------------------------------------+


/tmp/clang13
------------

+ echo 'Entering customization script...'
Entering customization script...
+ CLANG_VERSION=13
+ echo 'Install of clang-13'
Install of clang-13
+ apt-get update
Get:1 http://127.0.0.1:12990/debian sid InRelease [165 kB]
Get:2 http://127.0.0.1:12990/debian sid/main Sources.diff/Index [63.6 kB]
Get:3 http://127.0.0.1:12990/debian sid/main amd64 Packages.diff/Index [63.6 kB]
Get:4 http://127.0.0.1:12990/debian sid/main Sources T-2021-10-26-2004.40-F-2021-10-26-0202.15.pdiff [47.3 kB]
Get:4 http://127.0.0.1:12990/debian sid/main Sources T-2021-10-26-2004.40-F-2021-10-26-0202.15.pdiff [47.3 kB]
Get:5 http://127.0.0.1:12990/debian sid/main amd64 Packages T-2021-10-26-2004.40-F-2021-10-26-0202.15.pdiff [55.9 kB]
Get:5 http://127.0.0.1:12990/debian sid/main amd64 Packages T-2021-10-26-2004.40-F-2021-10-26-0202.15.pdiff [55.9 kB]
Get:6 http://127.0.0.1:12990/debian sid/main Translation-en [6586 kB]
Fetched 6981 kB in 3s (2756 kB/s)
Reading package lists...
+ apt-get install --yes --no-install-recommends --force-yes clang-13 libomp-13-dev libobjc-9-dev
Reading package lists...
Building dependency tree...
The following additional packages will be installed:
  lib32gcc-s1 lib32stdc++6 libasan5 libbsd0 libc6-i386 libclang-common-13-dev
  libclang-cpp13 libclang1-13 libedit2 libgc1 libgcc-9-dev libicu67 libllvm13
  libmd0 libobjc-11-dev libobjc4 libomp5-13 libxml2 libz3-4
Suggested packages:
  clang-13-doc libomp-13-doc
Recommended packages:
  llvm-13-dev python3
The following NEW packages will be installed:
  clang-13 lib32gcc-s1 lib32stdc++6 libasan5 libbsd0 libc6-i386
  libclang-common-13-dev libclang-cpp13 libclang1-13 libedit2 libgc1
  libgcc-9-dev libicu67 libllvm13 libmd0 libobjc-11-dev libobjc-9-dev libobjc4
  libomp-13-dev libomp5-13 libxml2 libz3-4
0 upgraded, 22 newly installed, 0 to remove and 0 not upgraded.
Need to get 68.5 MB of archives.
After this operation, 379 MB of additional disk space will be used.
Get:1 http://127.0.0.1:12990/debian sid/main amd64 libmd0 amd64 1.0.4-1 [29.6 kB]
Get:2 http://127.0.0.1:12990/debian sid/main amd64 libbsd0 amd64 0.11.3-1 [108 kB]
Get:3 http://127.0.0.1:12990/debian sid/main amd64 libedit2 amd64 3.1-20210910-1 [97.5 kB]
Get:4 http://127.0.0.1:12990/debian sid/main amd64 libicu67 amd64 67.1-7 [8622 kB]
Get:5 http://127.0.0.1:12990/debian sid/main amd64 libxml2 amd64 2.9.12+dfsg-5 [696 kB]
Get:6 http://127.0.0.1:12990/debian sid/main amd64 libz3-4 amd64 4.8.12-1+b1 [6997 kB]
Get:7 http://127.0.0.1:12990/debian sid/main amd64 libllvm13 amd64 1:13.0.0-8 [19.7 MB]
Get:8 http://127.0.0.1:12990/debian sid/main amd64 libclang-cpp13 amd64 1:13.0.0-8 [10.5 MB]
Get:9 http://127.0.0.1:12990/debian sid/main amd64 libgc1 amd64 1:8.0.4-3 [239 kB]
Get:10 http://127.0.0.1:12990/debian sid/main amd64 libobjc4 amd64 11.2.0-10 [43.2 kB]
Get:11 http://127.0.0.1:12990/debian sid/main amd64 libobjc-11-dev amd64 11.2.0-10 [170 kB]
Get:12 http://127.0.0.1:12990/debian sid/main amd64 libc6-i386 amd64 2.32-4 [2624 kB]
Get:13 http://127.0.0.1:12990/debian sid/main amd64 lib32gcc-s1 amd64 11.2.0-10 [49.9 kB]
Get:14 http://127.0.0.1:12990/debian sid/main amd64 lib32stdc++6 amd64 11.2.0-10 [601 kB]
Get:15 http://127.0.0.1:12990/debian sid/main amd64 libclang-common-13-dev amd64 1:13.0.0-8 [5730 kB]
Get:16 http://127.0.0.1:12990/debian sid/main amd64 libclang1-13 amd64 1:13.0.0-8 [6093 kB]
Get:17 http://127.0.0.1:12990/debian sid/main amd64 clang-13 amd64 1:13.0.0-8 [119 kB]
Get:18 http://127.0.0.1:12990/debian sid/main amd64 libasan5 amd64 9.4.0-3 [2734 kB]
Get:19 http://127.0.0.1:12990/debian sid/main amd64 libgcc-9-dev amd64 9.4.0-3 [2343 kB]
Get:20 http://127.0.0.1:12990/debian sid/main amd64 libobjc-9-dev amd64 9.4.0-3 [219 kB]
Get:21 http://127.0.0.1:12990/debian sid/main amd64 libomp5-13 amd64 1:13.0.0-8 [377 kB]
Get:22 http://127.0.0.1:12990/debian sid/main amd64 libomp-13-dev amd64 1:13.0.0-8 [482 kB]
debconf: delaying package configuration, since apt-utils is not installed
Fetched 68.5 MB in 0s (155 MB/s)
Selecting previously unselected package libmd0:amd64.
(Reading database ... (Reading database ... 5%(Reading database ... 10%(Reading database ... 15%(Reading database ... 20%(Reading database ... 25%(Reading database ... 30%(Reading database ... 35%(Reading database ... 40%(Reading database ... 45%(Reading database ... 50%(Reading database ... 55%(Reading database ... 60%(Reading database ... 65%(Reading database ... 70%(Reading database ... 75%(Reading database ... 80%(Reading database ... 85%(Reading database ... 90%(Reading database ... 95%(Reading database ... 100%(Reading database ... 12431 files and directories currently installed.)
Preparing to unpack .../00-libmd0_1.0.4-1_amd64.deb ...
Unpacking libmd0:amd64 (1.0.4-1) ...
Selecting previously unselected package libbsd0:amd64.
Preparing to unpack .../01-libbsd0_0.11.3-1_amd64.deb ...
Unpacking libbsd0:amd64 (0.11.3-1) ...
Selecting previously unselected package libedit2:amd64.
Preparing to unpack .../02-libedit2_3.1-20210910-1_amd64.deb ...
Unpacking libedit2:amd64 (3.1-20210910-1) ...
Selecting previously unselected package libicu67:amd64.
Preparing to unpack .../03-libicu67_67.1-7_amd64.deb ...
Unpacking libicu67:amd64 (67.1-7) ...
Selecting previously unselected package libxml2:amd64.
Preparing to unpack .../04-libxml2_2.9.12+dfsg-5_amd64.deb ...
Unpacking libxml2:amd64 (2.9.12+dfsg-5) ...
Selecting previously unselected package libz3-4:amd64.
Preparing to unpack .../05-libz3-4_4.8.12-1+b1_amd64.deb ...
Unpacking libz3-4:amd64 (4.8.12-1+b1) ...
Selecting previously unselected package libllvm13:amd64.
Preparing to unpack .../06-libllvm13_1%3a13.0.0-8_amd64.deb ...
Unpacking libllvm13:amd64 (1:13.0.0-8) ...
Selecting previously unselected package libclang-cpp13.
Preparing to unpack .../07-libclang-cpp13_1%3a13.0.0-8_amd64.deb ...
Unpacking libclang-cpp13 (1:13.0.0-8) ...
Selecting previously unselected package libgc1:amd64.
Preparing to unpack .../08-libgc1_1%3a8.0.4-3_amd64.deb ...
Unpacking libgc1:amd64 (1:8.0.4-3) ...
Selecting previously unselected package libobjc4:amd64.
Preparing to unpack .../09-libobjc4_11.2.0-10_amd64.deb ...
Unpacking libobjc4:amd64 (11.2.0-10) ...
Selecting previously unselected package libobjc-11-dev:amd64.
Preparing to unpack .../10-libobjc-11-dev_11.2.0-10_amd64.deb ...
Unpacking libobjc-11-dev:amd64 (11.2.0-10) ...
Selecting previously unselected package libc6-i386.
Preparing to unpack .../11-libc6-i386_2.32-4_amd64.deb ...
Unpacking libc6-i386 (2.32-4) ...
Selecting previously unselected package lib32gcc-s1.
Preparing to unpack .../12-lib32gcc-s1_11.2.0-10_amd64.deb ...
Unpacking lib32gcc-s1 (11.2.0-10) ...
Selecting previously unselected package lib32stdc++6.
Preparing to unpack .../13-lib32stdc++6_11.2.0-10_amd64.deb ...
Unpacking lib32stdc++6 (11.2.0-10) ...
Selecting previously unselected package libclang-common-13-dev.
Preparing to unpack .../14-libclang-common-13-dev_1%3a13.0.0-8_amd64.deb ...
Unpacking libclang-common-13-dev (1:13.0.0-8) ...
Selecting previously unselected package libclang1-13.
Preparing to unpack .../15-libclang1-13_1%3a13.0.0-8_amd64.deb ...
Unpacking libclang1-13 (1:13.0.0-8) ...
Selecting previously unselected package clang-13.
Preparing to unpack .../16-clang-13_1%3a13.0.0-8_amd64.deb ...
Unpacking clang-13 (1:13.0.0-8) ...
Selecting previously unselected package libasan5:amd64.
Preparing to unpack .../17-libasan5_9.4.0-3_amd64.deb ...
Unpacking libasan5:amd64 (9.4.0-3) ...
Selecting previously unselected package libgcc-9-dev:amd64.
Preparing to unpack .../18-libgcc-9-dev_9.4.0-3_amd64.deb ...
Unpacking libgcc-9-dev:amd64 (9.4.0-3) ...
Selecting previously unselected package libobjc-9-dev:amd64.
Preparing to unpack .../19-libobjc-9-dev_9.4.0-3_amd64.deb ...
Unpacking libobjc-9-dev:amd64 (9.4.0-3) ...
Selecting previously unselected package libomp5-13:amd64.
Preparing to unpack .../20-libomp5-13_1%3a13.0.0-8_amd64.deb ...
Unpacking libomp5-13:amd64 (1:13.0.0-8) ...
Selecting previously unselected package libomp-13-dev.
Preparing to unpack .../21-libomp-13-dev_1%3a13.0.0-8_amd64.deb ...
Unpacking libomp-13-dev (1:13.0.0-8) ...
Setting up libicu67:amd64 (67.1-7) ...
Setting up libasan5:amd64 (9.4.0-3) ...
Setting up libz3-4:amd64 (4.8.12-1+b1) ...
Setting up libgc1:amd64 (1:8.0.4-3) ...
Setting up libmd0:amd64 (1.0.4-1) ...
Setting up libc6-i386 (2.32-4) ...
Setting up libomp5-13:amd64 (1:13.0.0-8) ...
Setting up libbsd0:amd64 (0.11.3-1) ...
Setting up libxml2:amd64 (2.9.12+dfsg-5) ...
Setting up libedit2:amd64 (3.1-20210910-1) ...
Setting up libobjc4:amd64 (11.2.0-10) ...
Setting up libgcc-9-dev:amd64 (9.4.0-3) ...
Setting up lib32gcc-s1 (11.2.0-10) ...
Setting up lib32stdc++6 (11.2.0-10) ...
Setting up libllvm13:amd64 (1:13.0.0-8) ...
Setting up libobjc-9-dev:amd64 (9.4.0-3) ...
Setting up libclang-common-13-dev (1:13.0.0-8) ...
Setting up libomp-13-dev (1:13.0.0-8) ...
Setting up libobjc-11-dev:amd64 (11.2.0-10) ...
Setting up libclang1-13 (1:13.0.0-8) ...
Setting up libclang-cpp13 (1:13.0.0-8) ...
Setting up clang-13 (1:13.0.0-8) ...
Processing triggers for libc-bin (2.32-4) ...
W: --force-yes is deprecated, use one of the options starting with --allow instead.
+ echo 'Replace gcc, g++ & cpp by clang'
Replace gcc, g++ & cpp by clang
+ VERSIONS='4.6 4.7 4.8 4.9 5 6 7 8 9 10 11'
+ cd /usr/bin
+ for VERSION in $VERSIONS
+ rm -f g++-4.6 gcc-4.6 cpp-4.6 gcc
+ ln -s clang++-13 g++-4.6
+ ln -s clang-13 gcc-4.6
+ ln -s clang-13 cpp-4.6
+ ln -s clang-13 gcc
+ echo 'gcc-4.6 hold'
+ dpkg --set-selections
dpkg: warning: package not in status nor available database at line 1: gcc-4.6
dpkg: warning: found unknown packages; this might mean the available database
is outdated, and needs to be updated through a frontend method;
please see the FAQ <https://wiki.debian.org/Teams/Dpkg/FAQ>
+ echo 'g++-4.6 hold'
+ dpkg --set-selections
dpkg: warning: package not in status nor available database at line 1: g++-4.6
dpkg: warning: found unknown packages; this might mean the available database
is outdated, and needs to be updated through a frontend method;
please see the FAQ <https://wiki.debian.org/Teams/Dpkg/FAQ>
+ for VERSION in $VERSIONS
+ rm -f g++-4.7 gcc-4.7 cpp-4.7 gcc
+ ln -s clang++-13 g++-4.7
+ ln -s clang-13 gcc-4.7
+ ln -s clang-13 cpp-4.7
+ ln -s clang-13 gcc
+ echo 'gcc-4.7 hold'
+ dpkg --set-selections
dpkg: warning: package not in status nor available database at line 1: gcc-4.7
dpkg: warning: found unknown packages; this might mean the available database
is outdated, and needs to be updated through a frontend method;
please see the FAQ <https://wiki.debian.org/Teams/Dpkg/FAQ>
+ echo 'g++-4.7 hold'
+ dpkg --set-selections
dpkg: warning: package not in status nor available database at line 1: g++-4.7
dpkg: warning: found unknown packages; this might mean the available database
is outdated, and needs to be updated through a frontend method;
please see the FAQ <https://wiki.debian.org/Teams/Dpkg/FAQ>
+ for VERSION in $VERSIONS
+ rm -f g++-4.8 gcc-4.8 cpp-4.8 gcc
+ ln -s clang++-13 g++-4.8
+ ln -s clang-13 gcc-4.8
+ ln -s clang-13 cpp-4.8
+ ln -s clang-13 gcc
+ echo 'gcc-4.8 hold'
+ dpkg --set-selections
dpkg: warning: package not in status nor available database at line 1: gcc-4.8
dpkg: warning: found unknown packages; this might mean the available database
is outdated, and needs to be updated through a frontend method;
please see the FAQ <https://wiki.debian.org/Teams/Dpkg/FAQ>
+ echo 'g++-4.8 hold'
+ dpkg --set-selections
dpkg: warning: package not in status nor available database at line 1: g++-4.8
dpkg: warning: found unknown packages; this might mean the available database
is outdated, and needs to be updated through a frontend method;
please see the FAQ <https://wiki.debian.org/Teams/Dpkg/FAQ>
+ for VERSION in $VERSIONS
+ rm -f g++-4.9 gcc-4.9 cpp-4.9 gcc
+ ln -s clang++-13 g++-4.9
+ ln -s clang-13 gcc-4.9
+ ln -s clang-13 cpp-4.9
+ ln -s clang-13 gcc
+ echo 'gcc-4.9 hold'
+ dpkg --set-selections
dpkg: warning: package not in status nor available database at line 1: gcc-4.9
dpkg: warning: found unknown packages; this might mean the available database
is outdated, and needs to be updated through a frontend method;
please see the FAQ <https://wiki.debian.org/Teams/Dpkg/FAQ>
+ echo 'g++-4.9 hold'
+ dpkg --set-selections
dpkg: warning: package not in status nor available database at line 1: g++-4.9
dpkg: warning: found unknown packages; this might mean the available database
is outdated, and needs to be updated through a frontend method;
please see the FAQ <https://wiki.debian.org/Teams/Dpkg/FAQ>
+ for VERSION in $VERSIONS
+ rm -f g++-5 gcc-5 cpp-5 gcc
+ ln -s clang++-13 g++-5
+ ln -s clang-13 gcc-5
+ ln -s clang-13 cpp-5
+ ln -s clang-13 gcc
+ echo 'gcc-5 hold'
+ dpkg --set-selections
dpkg: warning: package not in status nor available database at line 1: gcc-5
dpkg: warning: found unknown packages; this might mean the available database
is outdated, and needs to be updated through a frontend method;
please see the FAQ <https://wiki.debian.org/Teams/Dpkg/FAQ>
+ echo 'g++-5 hold'
+ dpkg --set-selections
dpkg: warning: package not in status nor available database at line 1: g++-5
dpkg: warning: found unknown packages; this might mean the available database
is outdated, and needs to be updated through a frontend method;
please see the FAQ <https://wiki.debian.org/Teams/Dpkg/FAQ>
+ for VERSION in $VERSIONS
+ rm -f g++-6 gcc-6 cpp-6 gcc
+ ln -s clang++-13 g++-6
+ ln -s clang-13 gcc-6
+ ln -s clang-13 cpp-6
+ ln -s clang-13 gcc
+ echo 'gcc-6 hold'
+ dpkg --set-selections
dpkg: warning: package not in status nor available database at line 1: gcc-6
dpkg: warning: found unknown packages; this might mean the available database
is outdated, and needs to be updated through a frontend method;
please see the FAQ <https://wiki.debian.org/Teams/Dpkg/FAQ>
+ echo 'g++-6 hold'
+ dpkg --set-selections
dpkg: warning: package not in status nor available database at line 1: g++-6
dpkg: warning: found unknown packages; this might mean the available database
is outdated, and needs to be updated through a frontend method;
please see the FAQ <https://wiki.debian.org/Teams/Dpkg/FAQ>
+ for VERSION in $VERSIONS
+ rm -f g++-7 gcc-7 cpp-7 gcc
+ ln -s clang++-13 g++-7
+ ln -s clang-13 gcc-7
+ ln -s clang-13 cpp-7
+ ln -s clang-13 gcc
+ echo 'gcc-7 hold'
+ dpkg --set-selections
dpkg: warning: package not in status nor available database at line 1: gcc-7
dpkg: warning: found unknown packages; this might mean the available database
is outdated, and needs to be updated through a frontend method;
please see the FAQ <https://wiki.debian.org/Teams/Dpkg/FAQ>
+ echo 'g++-7 hold'
+ dpkg --set-selections
dpkg: warning: package not in status nor available database at line 1: g++-7
dpkg: warning: found unknown packages; this might mean the available database
is outdated, and needs to be updated through a frontend method;
please see the FAQ <https://wiki.debian.org/Teams/Dpkg/FAQ>
+ for VERSION in $VERSIONS
+ rm -f g++-8 gcc-8 cpp-8 gcc
+ ln -s clang++-13 g++-8
+ ln -s clang-13 gcc-8
+ ln -s clang-13 cpp-8
+ ln -s clang-13 gcc
+ echo 'gcc-8 hold'
+ dpkg --set-selections
dpkg: warning: package not in status nor available database at line 1: gcc-8
dpkg: warning: found unknown packages; this might mean the available database
is outdated, and needs to be updated through a frontend method;
please see the FAQ <https://wiki.debian.org/Teams/Dpkg/FAQ>
+ echo 'g++-8 hold'
+ dpkg --set-selections
dpkg: warning: package not in status nor available database at line 1: g++-8
dpkg: warning: found unknown packages; this might mean the available database
is outdated, and needs to be updated through a frontend method;
please see the FAQ <https://wiki.debian.org/Teams/Dpkg/FAQ>
+ for VERSION in $VERSIONS
+ rm -f g++-9 gcc-9 cpp-9 gcc
+ ln -s clang++-13 g++-9
+ ln -s clang-13 gcc-9
+ ln -s clang-13 cpp-9
+ ln -s clang-13 gcc
+ echo 'gcc-9 hold'
+ dpkg --set-selections
dpkg: warning: package not in status nor available database at line 1: gcc-9
dpkg: warning: found unknown packages; this might mean the available database
is outdated, and needs to be updated through a frontend method;
please see the FAQ <https://wiki.debian.org/Teams/Dpkg/FAQ>
+ echo 'g++-9 hold'
+ dpkg --set-selections
dpkg: warning: package not in status nor available database at line 1: g++-9
dpkg: warning: found unknown packages; this might mean the available database
is outdated, and needs to be updated through a frontend method;
please see the FAQ <https://wiki.debian.org/Teams/Dpkg/FAQ>
+ for VERSION in $VERSIONS
+ rm -f g++-10 gcc-10 cpp-10 gcc
+ ln -s clang++-13 g++-10
+ ln -s clang-13 gcc-10
+ ln -s clang-13 cpp-10
+ ln -s clang-13 gcc
+ echo 'gcc-10 hold'
+ dpkg --set-selections
dpkg: warning: package not in status nor available database at line 1: gcc-10
dpkg: warning: found unknown packages; this might mean the available database
is outdated, and needs to be updated through a frontend method;
please see the FAQ <https://wiki.debian.org/Teams/Dpkg/FAQ>
+ echo 'g++-10 hold'
+ dpkg --set-selections
dpkg: warning: package not in status nor available database at line 1: g++-10
dpkg: warning: found unknown packages; this might mean the available database
is outdated, and needs to be updated through a frontend method;
please see the FAQ <https://wiki.debian.org/Teams/Dpkg/FAQ>
+ for VERSION in $VERSIONS
+ rm -f g++-11 gcc-11 cpp-11 gcc
+ ln -s clang++-13 g++-11
+ ln -s clang-13 gcc-11
+ ln -s clang-13 cpp-11
+ ln -s clang-13 gcc
+ echo 'gcc-11 hold'
+ dpkg --set-selections
+ echo 'g++-11 hold'
+ dpkg --set-selections
+ cd -
/build/netplan.io-E60xmQ
+ echo 'Check if gcc, g++ & cpp are actually clang'
Check if gcc, g++ & cpp are actually clang
+ gcc --version
+ grep clang
+ cpp --version
+ grep clang
+ g++ --version
+ grep clang
+ cd /usr/bin/
+ rm -f clang++ clang
+ ln -s clang-13 clang++
+ ln -s clang-13 clang
+ clang++ --version
Debian clang version 13.0.0-8
Target: x86_64-pc-linux-gnu
Thread model: posix
InstalledDir: /usr/bin
+ clang --version
Debian clang version 13.0.0-8
Target: x86_64-pc-linux-gnu
Thread model: posix
InstalledDir: /usr/bin
+ cd -
/build/netplan.io-E60xmQ
+ apt install --yes --no-install-recommends --force-yes qt5-qmake

WARNING: apt does not have a stable CLI interface. Use with caution in scripts.

Reading package lists...
Building dependency tree...
Reading state information...
The following additional packages will be installed:
  qt5-qmake-bin qtchooser
The following NEW packages will be installed:
  qt5-qmake qt5-qmake-bin qtchooser
0 upgraded, 3 newly installed, 0 to remove and 0 not upgraded.
Need to get 1322 kB of archives.
After this operation, 4914 kB of additional disk space will be used.
Get:1 http://127.0.0.1:12990/debian sid/main amd64 qt5-qmake-bin amd64 5.15.2+dfsg-12 [1046 kB]
Get:2 http://127.0.0.1:12990/debian sid/main amd64 qtchooser amd64 66-2 [26.3 kB]
Get:3 http://127.0.0.1:12990/debian sid/main amd64 qt5-qmake amd64 5.15.2+dfsg-12 [249 kB]
debconf: delaying package configuration, since apt-utils is not installed
Fetched 1322 kB in 0s (57.2 MB/s)
Selecting previously unselected package qt5-qmake-bin.
(Reading database ... (Reading database ... 5%(Reading database ... 10%(Reading database ... 15%(Reading database ... 20%(Reading database ... 25%(Reading database ... 30%(Reading database ... 35%(Reading database ... 40%(Reading database ... 45%(Reading database ... 50%(Reading database ... 55%(Reading database ... 60%(Reading database ... 65%(Reading database ... 70%(Reading database ... 75%(Reading database ... 80%(Reading database ... 85%(Reading database ... 90%(Reading database ... 95%(Reading database ... 100%(Reading database ... 13528 files and directories currently installed.)
Preparing to unpack .../qt5-qmake-bin_5.15.2+dfsg-12_amd64.deb ...
Unpacking qt5-qmake-bin (5.15.2+dfsg-12) ...
Selecting previously unselected package qtchooser.
Preparing to unpack .../qtchooser_66-2_amd64.deb ...
Unpacking qtchooser (66-2) ...
Selecting previously unselected package qt5-qmake:amd64.
Preparing to unpack .../qt5-qmake_5.15.2+dfsg-12_amd64.deb ...
Unpacking qt5-qmake:amd64 (5.15.2+dfsg-12) ...
Setting up qt5-qmake-bin (5.15.2+dfsg-12) ...
Setting up qtchooser (66-2) ...
Setting up qt5-qmake:amd64 (5.15.2+dfsg-12) ...
W: --force-yes is deprecated, use one of the options starting with --allow instead.
+ cp /usr/lib/x86_64-linux-gnu/qt5/mkspecs/linux-clang/qmake.conf /usr/lib/x86_64-linux-gnu/qt5/mkspecs/linux-clang/qplatformdefs.h /usr/lib/x86_64-linux-gnu/qt5/mkspecs/linux-g++/
+ ls -al /usr/lib/x86_64-linux-gnu/qt5/mkspecs/linux-g++/
total 16
drwxr-xr-x  2 root root 4096 Oct 26 22:29 .
drwxr-xr-x 76 root root 4096 Oct 26 22:29 ..
-rw-r--r--  1 root root  276 Oct 26 22:29 qmake.conf
-rw-r--r--  1 root root 3218 Oct 26 22:29 qplatformdefs.h
+ cat /usr/lib/x86_64-linux-gnu/qt5/mkspecs/linux-g++/qmake.conf
#
# qmake configuration for linux-clang
#

MAKEFILE_GENERATOR = UNIX
CONFIG += incremental

QMAKE_INCREMENTAL_STYLE = sublib

include(../common/linux.conf)
include(../common/gcc-base-unix.conf)
include(../common/clang.conf)

QMAKE_LFLAGS += -ccc-gcc-name g++

load(qt_config)
+ export QMAKESPEC=/usr/lib/x86_64-linux-gnu/qt5/mkspecs/linux-clang/
+ QMAKESPEC=/usr/lib/x86_64-linux-gnu/qt5/mkspecs/linux-clang/
+ sed -i -e 's|compare_problem(2,|compare_problem(0,|g' /usr/bin/dpkg-gensymbols
+ sed -i -e 's|compare_problem(1,|compare_problem(0,|g' /usr/bin/dpkg-gensymbols
+ grep 'compare_problem(' /usr/bin/dpkg-gensymbols
        compare_problem(4, g_('new libraries appeared in the symbols file: %s'), "@libs");
        compare_problem(3, g_('some libraries disappeared in the symbols file: %s'), "@libs");
        compare_problem(0, g_('some new symbols appeared in the symbols file: %s'),
        compare_problem(0, g_('some symbols or patterns disappeared in the symbols file: %s'),

I: Finished running '/tmp/clang13'.

Finished processing commands.
--------------------------------------------------------------------------------
I: NOTICE: Log filtering will replace 'build/netplan.io-E60xmQ/resolver-n7XLFR' with '<<RESOLVERDIR>>'

+------------------------------------------------------------------------------+
| Update chroot                                                                |
+------------------------------------------------------------------------------+

Hit:1 http://127.0.0.1:12990/debian sid InRelease
Reading package lists...
Reading package lists...
Building dependency tree...
Reading state information...
Calculating upgrade...
0 upgraded, 0 newly installed, 0 to remove and 0 not upgraded.

+------------------------------------------------------------------------------+
| Fetch source files                                                           |
+------------------------------------------------------------------------------+


Check APT
---------

Checking available source versions...

Download source files with APT
------------------------------

Reading package lists...
NOTICE: 'netplan.io' packaging is maintained in the 'Git' version control system at:
https://salsa.debian.org/debian/netplan.io.git
Please use:
git clone https://salsa.debian.org/debian/netplan.io.git
to retrieve the latest (possibly unreleased) updates to the package.
Need to get 246 kB of source archives.
Get:1 http://127.0.0.1:12990/debian sid/main netplan.io 0.103-3 (dsc) [2212 B]
Get:2 http://127.0.0.1:12990/debian sid/main netplan.io 0.103-3 (tar) [235 kB]
Get:3 http://127.0.0.1:12990/debian sid/main netplan.io 0.103-3 (diff) [9044 B]
Fetched 246 kB in 0s (3074 kB/s)
Download complete and in download only mode
I: NOTICE: Log filtering will replace 'build/netplan.io-E60xmQ/netplan.io-0.103' with '<<PKGBUILDDIR>>'
I: NOTICE: Log filtering will replace 'build/netplan.io-E60xmQ' with '<<BUILDDIR>>'

+------------------------------------------------------------------------------+
| Install package build dependencies                                           |
+------------------------------------------------------------------------------+


Setup apt archive
-----------------

Merged Build-Depends: debhelper-compat (= 13), pkg-config, bash-completion, libyaml-dev, libglib2.0-dev (>= 2.70.0~), uuid-dev, python3 (>= 3.1), python3-coverage, python3-yaml, python3-netifaces, libsystemd-dev, systemd, dbus-x11, pyflakes3, pycodestyle | pep8, python3-nose, pandoc, openvswitch-switch, build-essential, fakeroot
Filtered Build-Depends: debhelper-compat (= 13), pkg-config, bash-completion, libyaml-dev, libglib2.0-dev (>= 2.70.0~), uuid-dev, python3 (>= 3.1), python3-coverage, python3-yaml, python3-netifaces, libsystemd-dev, systemd, dbus-x11, pyflakes3, pycodestyle, python3-nose, pandoc, openvswitch-switch, build-essential, fakeroot
dpkg-deb: building package 'sbuild-build-depends-main-dummy' in '/<<RESOLVERDIR>>/apt_archive/sbuild-build-depends-main-dummy.deb'.
Ign:1 copy:/<<RESOLVERDIR>>/apt_archive ./ InRelease
Get:2 copy:/<<RESOLVERDIR>>/apt_archive ./ Release [957 B]
Ign:3 copy:/<<RESOLVERDIR>>/apt_archive ./ Release.gpg
Get:4 copy:/<<RESOLVERDIR>>/apt_archive ./ Sources [523 B]
Get:5 copy:/<<RESOLVERDIR>>/apt_archive ./ Packages [583 B]
Fetched 2063 B in 0s (205 kB/s)
Reading package lists...
Reading package lists...

Install main build dependencies (apt-based resolver)
----------------------------------------------------

Installing build dependencies
Reading package lists...
Building dependency tree...
Reading state information...
The following additional packages will be installed:
  autoconf automake autopoint autotools-dev bash-completion bsdextrautils
  dbus-bin dbus-daemon dbus-session-bus-common dbus-x11 debhelper
  dh-autoreconf dh-strip-nondeterminism dmsetup dwz file gettext gettext-base
  groff-base intltool-debian iproute2 kmod libapparmor1 libarchive-zip-perl
  libargon2-1 libblkid-dev libbpf0 libcap2-bin libcmark-gfm-extensions0
  libcmark-gfm0 libcryptsetup12 libdbus-1-3 libdebhelper-perl
  libdevmapper1.02.1 libelf1 libevent-2.1-7 libexpat1 libffi-dev
  libfile-stripnondeterminism-perl libglib2.0-0 libglib2.0-bin libglib2.0-data
  libglib2.0-dev libglib2.0-dev-bin libip4tc2 libjson-c5 libkmod2 libmagic-mgc
  libmagic1 libmnl0 libmount-dev libmpdec3 libncurses6 libncursesw6
  libpcre16-3 libpcre2-16-0 libpcre2-32-0 libpcre2-dev libpcre2-posix2
  libpcre3-dev libpcre32-3 libpcrecpp0v5 libpipeline1 libprocps8
  libpython3-stdlib libpython3.9-minimal libpython3.9-stdlib libreadline8
  libselinux1-dev libsepol1-dev libsigsegv2 libsqlite3-0 libsub-override-perl
  libsystemd-dev libtool libuchardet0 libunbound8 libx11-6 libx11-data libxau6
  libxcb1 libxdmcp6 libxtables12 libyaml-0-2 libyaml-dev m4 man-db media-types
  netbase openssl openvswitch-common openvswitch-switch pandoc pandoc-data
  pkg-config po-debconf procps pycodestyle pyflakes3 python3 python3-coverage
  python3-distutils python3-lib2to3 python3-minimal python3-netifaces
  python3-nose python3-pkg-resources python3-pycodestyle python3-pyflakes
  python3-six python3-yaml python3.9 python3.9-minimal readline-common
  sensible-utils systemd uuid-dev uuid-runtime zlib1g-dev
Suggested packages:
  autoconf-archive gnu-standards autoconf-doc dh-make gettext-doc
  libasprintf-dev libgettextpo-dev groff iproute2-doc libgirepository1.0-dev
  libglib2.0-doc libgdk-pixbuf2.0-bin | libgdk-pixbuf2.0-dev libxml2-utils
  libtool-doc gfortran | fortran95-compiler gcj-jdk libyaml-doc m4-doc
  apparmor less www-browser ca-certificates ethtool texlive-latex-recommended
  texlive-xetex texlive-luatex pandoc-citeproc texlive-latex-extra context
  wkhtmltopdf librsvg2-bin ghc nodejs php python ruby r-base-core
  libjs-mathjax node-katex citation-style-language-styles libmail-box-perl
  python3-doc python3-tk python3-venv python-coverage-doc python-nose-doc
  python3-setuptools python3.9-venv python3.9-doc binfmt-support readline-doc
  systemd-container policykit-1
Recommended packages:
  curl | wget | lynx libatm1 libpam-cap dbus libarchive-cpio-perl
  shared-mime-info xdg-user-dirs libgpm2 ca-certificates libltdl-dev
  libmail-sendmail-perl psmisc libjs-jquery-isonscreen
  libjs-jquery-tablesorter libjs-jquery-throttle-debounce libjs-jquery
  systemd-timesyncd | time-daemon
The following NEW packages will be installed:
  autoconf automake autopoint autotools-dev bash-completion bsdextrautils
  dbus-bin dbus-daemon dbus-session-bus-common dbus-x11 debhelper
  dh-autoreconf dh-strip-nondeterminism dmsetup dwz file gettext gettext-base
  groff-base intltool-debian iproute2 kmod libapparmor1 libarchive-zip-perl
  libargon2-1 libblkid-dev libbpf0 libcap2-bin libcmark-gfm-extensions0
  libcmark-gfm0 libcryptsetup12 libdbus-1-3 libdebhelper-perl
  libdevmapper1.02.1 libelf1 libevent-2.1-7 libexpat1 libffi-dev
  libfile-stripnondeterminism-perl libglib2.0-0 libglib2.0-bin libglib2.0-data
  libglib2.0-dev libglib2.0-dev-bin libip4tc2 libjson-c5 libkmod2 libmagic-mgc
  libmagic1 libmnl0 libmount-dev libmpdec3 libncurses6 libncursesw6
  libpcre16-3 libpcre2-16-0 libpcre2-32-0 libpcre2-dev libpcre2-posix2
  libpcre3-dev libpcre32-3 libpcrecpp0v5 libpipeline1 libprocps8
  libpython3-stdlib libpython3.9-minimal libpython3.9-stdlib libreadline8
  libselinux1-dev libsepol1-dev libsigsegv2 libsqlite3-0 libsub-override-perl
  libsystemd-dev libtool libuchardet0 libunbound8 libx11-6 libx11-data libxau6
  libxcb1 libxdmcp6 libxtables12 libyaml-0-2 libyaml-dev m4 man-db media-types
  netbase openssl openvswitch-common openvswitch-switch pandoc pandoc-data
  pkg-config po-debconf procps pycodestyle pyflakes3 python3 python3-coverage
  python3-distutils python3-lib2to3 python3-minimal python3-netifaces
  python3-nose python3-pkg-resources python3-pycodestyle python3-pyflakes
  python3-six python3-yaml python3.9 python3.9-minimal readline-common
  sbuild-build-depends-main-dummy sensible-utils systemd uuid-dev uuid-runtime
  zlib1g-dev
0 upgraded, 120 newly installed, 0 to remove and 0 not upgraded.
Need to get 57.2 MB of archives.
After this operation, 294 MB of additional disk space will be used.
Get:1 copy:/<<RESOLVERDIR>>/apt_archive ./ sbuild-build-depends-main-dummy 0.invalid.0 [1012 B]
Get:2 http://127.0.0.1:12990/debian sid/main amd64 libapparmor1 amd64 3.0.3-5 [103 kB]
Get:3 http://127.0.0.1:12990/debian sid/main amd64 libargon2-1 amd64 0~20171227-0.2 [19.6 kB]
Get:4 http://127.0.0.1:12990/debian sid/main amd64 dmsetup amd64 2:1.02.175-2.1 [92.1 kB]
Get:5 http://127.0.0.1:12990/debian sid/main amd64 libdevmapper1.02.1 amd64 2:1.02.175-2.1 [143 kB]
Get:6 http://127.0.0.1:12990/debian sid/main amd64 libjson-c5 amd64 0.15-2 [42.8 kB]
Get:7 http://127.0.0.1:12990/debian sid/main amd64 libcryptsetup12 amd64 2:2.4.1-1 [240 kB]
Get:8 http://127.0.0.1:12990/debian sid/main amd64 libip4tc2 amd64 1.8.7-1 [34.6 kB]
Get:9 http://127.0.0.1:12990/debian sid/main amd64 libkmod2 amd64 29-1 [56.5 kB]
Get:10 http://127.0.0.1:12990/debian sid/main amd64 systemd amd64 249.5-1 [4446 kB]
Get:11 http://127.0.0.1:12990/debian sid/main amd64 bsdextrautils amd64 2.37.2-4 [143 kB]
Get:12 http://127.0.0.1:12990/debian sid/main amd64 libuchardet0 amd64 0.0.7-1 [67.8 kB]
Get:13 http://127.0.0.1:12990/debian sid/main amd64 groff-base amd64 1.22.4-7 [935 kB]
Get:14 http://127.0.0.1:12990/debian sid/main amd64 libpipeline1 amd64 1.5.3-1 [34.3 kB]
Get:15 http://127.0.0.1:12990/debian sid/main amd64 man-db amd64 2.9.4-2 [1354 kB]
Get:16 http://127.0.0.1:12990/debian sid/main amd64 libpython3.9-minimal amd64 3.9.7-4 [804 kB]
Get:17 http://127.0.0.1:12990/debian sid/main amd64 libexpat1 amd64 2.4.1-3 [104 kB]
Get:18 http://127.0.0.1:12990/debian sid/main amd64 python3.9-minimal amd64 3.9.7-4 [1963 kB]
Get:19 http://127.0.0.1:12990/debian sid/main amd64 python3-minimal amd64 3.9.2-3 [38.2 kB]
Get:20 http://127.0.0.1:12990/debian sid/main amd64 media-types all 4.0.0 [30.3 kB]
Get:21 http://127.0.0.1:12990/debian sid/main amd64 libmpdec3 amd64 2.5.1-2 [87.8 kB]
Get:22 http://127.0.0.1:12990/debian sid/main amd64 libncursesw6 amd64 6.2+20210905-1 [133 kB]
Get:23 http://127.0.0.1:12990/debian sid/main amd64 readline-common all 8.1-2 [73.8 kB]
Get:24 http://127.0.0.1:12990/debian sid/main amd64 libreadline8 amd64 8.1-2 [168 kB]
Get:25 http://127.0.0.1:12990/debian sid/main amd64 libsqlite3-0 amd64 3.36.0-2 [815 kB]
Get:26 http://127.0.0.1:12990/debian sid/main amd64 libpython3.9-stdlib amd64 3.9.7-4 [1688 kB]
Get:27 http://127.0.0.1:12990/debian sid/main amd64 python3.9 amd64 3.9.7-4 [480 kB]
Get:28 http://127.0.0.1:12990/debian sid/main amd64 libpython3-stdlib amd64 3.9.2-3 [21.4 kB]
Get:29 http://127.0.0.1:12990/debian sid/main amd64 python3 amd64 3.9.2-3 [37.9 kB]
Get:30 http://127.0.0.1:12990/debian sid/main amd64 uuid-runtime amd64 2.37.2-4 [103 kB]
Get:31 http://127.0.0.1:12990/debian sid/main amd64 libelf1 amd64 0.185-2 [172 kB]
Get:32 http://127.0.0.1:12990/debian sid/main amd64 libbpf0 amd64 1:0.5.0-1 [130 kB]
Get:33 http://127.0.0.1:12990/debian sid/main amd64 libmnl0 amd64 1.0.4-3 [12.5 kB]
Get:34 http://127.0.0.1:12990/debian sid/main amd64 libxtables12 amd64 1.8.7-1 [45.1 kB]
Get:35 http://127.0.0.1:12990/debian sid/main amd64 libcap2-bin amd64 1:2.44-1 [32.6 kB]
Get:36 http://127.0.0.1:12990/debian sid/main amd64 iproute2 amd64 5.14.0-1 [1005 kB]
Get:37 http://127.0.0.1:12990/debian sid/main amd64 kmod amd64 29-1 [92.8 kB]
Get:38 http://127.0.0.1:12990/debian sid/main amd64 netbase all 6.3 [19.9 kB]
Get:39 http://127.0.0.1:12990/debian sid/main amd64 libncurses6 amd64 6.2+20210905-1 [102 kB]
Get:40 http://127.0.0.1:12990/debian sid/main amd64 libprocps8 amd64 2:3.3.17-5 [63.9 kB]
Get:41 http://127.0.0.1:12990/debian sid/main amd64 procps amd64 2:3.3.17-5 [502 kB]
Get:42 http://127.0.0.1:12990/debian sid/main amd64 sensible-utils all 0.0.17 [21.5 kB]
Get:43 http://127.0.0.1:12990/debian sid/main amd64 bash-completion all 1:2.11-4 [234 kB]
Get:44 http://127.0.0.1:12990/debian sid/main amd64 libmagic-mgc amd64 1:5.39-3 [273 kB]
Get:45 http://127.0.0.1:12990/debian sid/main amd64 libmagic1 amd64 1:5.39-3 [126 kB]
Get:46 http://127.0.0.1:12990/debian sid/main amd64 file amd64 1:5.39-3 [69.1 kB]
Get:47 http://127.0.0.1:12990/debian sid/main amd64 gettext-base amd64 0.21-4 [175 kB]
Get:48 http://127.0.0.1:12990/debian sid/main amd64 libsigsegv2 amd64 2.13-1 [34.8 kB]
Get:49 http://127.0.0.1:12990/debian sid/main amd64 m4 amd64 1.4.18-5 [204 kB]
Get:50 http://127.0.0.1:12990/debian sid/main amd64 autoconf all 2.71-2 [343 kB]
Get:51 http://127.0.0.1:12990/debian sid/main amd64 autotools-dev all 20180224.1+nmu1 [77.1 kB]
Get:52 http://127.0.0.1:12990/debian sid/main amd64 automake all 1:1.16.5-1 [823 kB]
Get:53 http://127.0.0.1:12990/debian sid/main amd64 autopoint all 0.21-4 [510 kB]
Get:54 http://127.0.0.1:12990/debian sid/main amd64 libdbus-1-3 amd64 1.12.20-3 [219 kB]
Get:55 http://127.0.0.1:12990/debian sid/main amd64 dbus-bin amd64 1.12.20-3 [124 kB]
Get:56 http://127.0.0.1:12990/debian sid/main amd64 dbus-session-bus-common all 1.12.20-3 [97.3 kB]
Get:57 http://127.0.0.1:12990/debian sid/main amd64 dbus-daemon amd64 1.12.20-3 [201 kB]
Get:58 http://127.0.0.1:12990/debian sid/main amd64 libxau6 amd64 1:1.0.9-1 [19.7 kB]
Get:59 http://127.0.0.1:12990/debian sid/main amd64 libxdmcp6 amd64 1:1.1.2-3 [26.3 kB]
Get:60 http://127.0.0.1:12990/debian sid/main amd64 libxcb1 amd64 1.14-3 [140 kB]
Get:61 http://127.0.0.1:12990/debian sid/main amd64 libx11-data all 2:1.7.2-2 [311 kB]
Get:62 http://127.0.0.1:12990/debian sid/main amd64 libx11-6 amd64 2:1.7.2-2+b1 [772 kB]
Get:63 http://127.0.0.1:12990/debian sid/main amd64 dbus-x11 amd64 1.12.20-3 [110 kB]
Get:64 http://127.0.0.1:12990/debian sid/main amd64 libdebhelper-perl all 13.5.2 [192 kB]
Get:65 http://127.0.0.1:12990/debian sid/main amd64 libtool all 2.4.6-15 [513 kB]
Get:66 http://127.0.0.1:12990/debian sid/main amd64 dh-autoreconf all 20 [17.1 kB]
Get:67 http://127.0.0.1:12990/debian sid/main amd64 libarchive-zip-perl all 1.68-1 [104 kB]
Get:68 http://127.0.0.1:12990/debian sid/main amd64 libsub-override-perl all 0.09-2 [10.2 kB]
Get:69 http://127.0.0.1:12990/debian sid/main amd64 libfile-stripnondeterminism-perl all 1.12.0-2 [26.3 kB]
Get:70 http://127.0.0.1:12990/debian sid/main amd64 dh-strip-nondeterminism all 1.12.0-2 [15.5 kB]
Get:71 http://127.0.0.1:12990/debian sid/main amd64 dwz amd64 0.14-1 [98.3 kB]
Get:72 http://127.0.0.1:12990/debian sid/main amd64 gettext amd64 0.21-4 [1311 kB]
Get:73 http://127.0.0.1:12990/debian sid/main amd64 intltool-debian all 0.35.0+20060710.5 [26.8 kB]
Get:74 http://127.0.0.1:12990/debian sid/main amd64 po-debconf all 1.0.21+nmu1 [248 kB]
Get:75 http://127.0.0.1:12990/debian sid/main amd64 debhelper all 13.5.2 [1056 kB]
Get:76 http://127.0.0.1:12990/debian sid/main amd64 uuid-dev amd64 2.37.2-4 [95.8 kB]
Get:77 http://127.0.0.1:12990/debian sid/main amd64 libblkid-dev amd64 2.37.2-4 [232 kB]
Get:78 http://127.0.0.1:12990/debian sid/main amd64 libcmark-gfm0 amd64 0.29.0.gfm.0-6 [117 kB]
Get:79 http://127.0.0.1:12990/debian sid/main amd64 libcmark-gfm-extensions0 amd64 0.29.0.gfm.0-6 [46.1 kB]
Get:80 http://127.0.0.1:12990/debian sid/main amd64 libevent-2.1-7 amd64 2.1.12-stable-1 [188 kB]
Get:81 http://127.0.0.1:12990/debian sid/main amd64 libffi-dev amd64 3.4.2-3 [60.4 kB]
Get:82 http://127.0.0.1:12990/debian sid/main amd64 libglib2.0-0 amd64 2.70.0-3 [1401 kB]
Get:83 http://127.0.0.1:12990/debian sid/main amd64 libglib2.0-data all 2.70.0-3 [1189 kB]
Get:84 http://127.0.0.1:12990/debian sid/main amd64 libglib2.0-bin amd64 2.70.0-3 [145 kB]
Get:85 http://127.0.0.1:12990/debian sid/main amd64 python3-lib2to3 all 3.9.7-1 [79.4 kB]
Get:86 http://127.0.0.1:12990/debian sid/main amd64 python3-distutils all 3.9.7-1 [146 kB]
Get:87 http://127.0.0.1:12990/debian sid/main amd64 libglib2.0-dev-bin amd64 2.70.0-3 [183 kB]
Get:88 http://127.0.0.1:12990/debian sid/main amd64 libsepol1-dev amd64 3.1-1 [338 kB]
Get:89 http://127.0.0.1:12990/debian sid/main amd64 libpcre2-16-0 amd64 10.36-2 [231 kB]
Get:90 http://127.0.0.1:12990/debian sid/main amd64 libpcre2-32-0 amd64 10.36-2 [220 kB]
Get:91 http://127.0.0.1:12990/debian sid/main amd64 libpcre2-posix2 amd64 10.36-2 [49.1 kB]
Get:92 http://127.0.0.1:12990/debian sid/main amd64 libpcre2-dev amd64 10.36-2 [731 kB]
Get:93 http://127.0.0.1:12990/debian sid/main amd64 libselinux1-dev amd64 3.1-3 [168 kB]
Get:94 http://127.0.0.1:12990/debian sid/main amd64 libmount-dev amd64 2.37.2-4 [79.0 kB]
Get:95 http://127.0.0.1:12990/debian sid/main amd64 libpcre16-3 amd64 2:8.39-13 [259 kB]
Get:96 http://127.0.0.1:12990/debian sid/main amd64 libpcre32-3 amd64 2:8.39-13 [250 kB]
Get:97 http://127.0.0.1:12990/debian sid/main amd64 libpcrecpp0v5 amd64 2:8.39-13 [152 kB]
Get:98 http://127.0.0.1:12990/debian sid/main amd64 libpcre3-dev amd64 2:8.39-13 [650 kB]
Get:99 http://127.0.0.1:12990/debian sid/main amd64 pkg-config amd64 0.29.2-1 [65.1 kB]
Get:100 http://127.0.0.1:12990/debian sid/main amd64 zlib1g-dev amd64 1:1.2.11.dfsg-2 [190 kB]
Get:101 http://127.0.0.1:12990/debian sid/main amd64 libglib2.0-dev amd64 2.70.0-3 [1599 kB]
Get:102 http://127.0.0.1:12990/debian sid/main amd64 libsystemd-dev amd64 249.5-1 [410 kB]
Get:103 http://127.0.0.1:12990/debian sid/main amd64 libunbound8 amd64 1.13.1-1 [504 kB]
Get:104 http://127.0.0.1:12990/debian sid/main amd64 libyaml-0-2 amd64 0.2.2-1 [49.6 kB]
Get:105 http://127.0.0.1:12990/debian sid/main amd64 libyaml-dev amd64 0.2.2-1 [60.1 kB]
Get:106 http://127.0.0.1:12990/debian sid/main amd64 openssl amd64 1.1.1l-1 [851 kB]
Get:107 http://127.0.0.1:12990/debian sid/main amd64 python3-six all 1.16.0-2 [17.5 kB]
Get:108 http://127.0.0.1:12990/debian sid/main amd64 openvswitch-common amd64 2.15.0+ds1-8 [1775 kB]
Get:109 http://127.0.0.1:12990/debian sid/main amd64 openvswitch-switch amd64 2.15.0+ds1-8 [54.7 kB]
Get:110 http://127.0.0.1:12990/debian sid/main amd64 pandoc-data all 2.9.2.1-1 [376 kB]
Get:111 http://127.0.0.1:12990/debian sid/main amd64 pandoc amd64 2.9.2.1-1+b2 [18.5 MB]
Get:112 http://127.0.0.1:12990/debian sid/main amd64 python3-pkg-resources all 58.2.0-1 [192 kB]
Get:113 http://127.0.0.1:12990/debian sid/main amd64 python3-pycodestyle all 2.6.0-1 [47.1 kB]
Get:114 http://127.0.0.1:12990/debian sid/main amd64 pycodestyle all 2.6.0-1 [15.4 kB]
Get:115 http://127.0.0.1:12990/debian sid/main amd64 python3-pyflakes all 2.2.0-3 [62.2 kB]
Get:116 http://127.0.0.1:12990/debian sid/main amd64 pyflakes3 all 2.2.0-3 [12.8 kB]
Get:117 http://127.0.0.1:12990/debian sid/main amd64 python3-coverage amd64 5.1+dfsg.1-2+b2 [169 kB]
Get:118 http://127.0.0.1:12990/debian sid/main amd64 python3-netifaces amd64 0.11.0-1 [17.6 kB]
Get:119 http://127.0.0.1:12990/debian sid/main amd64 python3-nose all 1.3.7-7 [133 kB]
Get:120 http://127.0.0.1:12990/debian sid/main amd64 python3-yaml amd64 5.4.1-1 [128 kB]
debconf: delaying package configuration, since apt-utils is not installed
Fetched 57.2 MB in 0s (139 MB/s)
Selecting previously unselected package libapparmor1:amd64.
(Reading database ... 14273 files and directories currently installed.)
Preparing to unpack .../00-libapparmor1_3.0.3-5_amd64.deb ...
Unpacking libapparmor1:amd64 (3.0.3-5) ...
Selecting previously unselected package libargon2-1:amd64.
Preparing to unpack .../01-libargon2-1_0~20171227-0.2_amd64.deb ...
Unpacking libargon2-1:amd64 (0~20171227-0.2) ...
Selecting previously unselected package dmsetup.
Preparing to unpack .../02-dmsetup_2%3a1.02.175-2.1_amd64.deb ...
Unpacking dmsetup (2:1.02.175-2.1) ...
Selecting previously unselected package libdevmapper1.02.1:amd64.
Preparing to unpack .../03-libdevmapper1.02.1_2%3a1.02.175-2.1_amd64.deb ...
Unpacking libdevmapper1.02.1:amd64 (2:1.02.175-2.1) ...
Selecting previously unselected package libjson-c5:amd64.
Preparing to unpack .../04-libjson-c5_0.15-2_amd64.deb ...
Unpacking libjson-c5:amd64 (0.15-2) ...
Selecting previously unselected package libcryptsetup12:amd64.
Preparing to unpack .../05-libcryptsetup12_2%3a2.4.1-1_amd64.deb ...
Unpacking libcryptsetup12:amd64 (2:2.4.1-1) ...
Selecting previously unselected package libip4tc2:amd64.
Preparing to unpack .../06-libip4tc2_1.8.7-1_amd64.deb ...
Unpacking libip4tc2:amd64 (1.8.7-1) ...
Selecting previously unselected package libkmod2:amd64.
Preparing to unpack .../07-libkmod2_29-1_amd64.deb ...
Unpacking libkmod2:amd64 (29-1) ...
Selecting previously unselected package systemd.
Preparing to unpack .../08-systemd_249.5-1_amd64.deb ...
Unpacking systemd (249.5-1) ...
Selecting previously unselected package bsdextrautils.
Preparing to unpack .../09-bsdextrautils_2.37.2-4_amd64.deb ...
Unpacking bsdextrautils (2.37.2-4) ...
Selecting previously unselected package libuchardet0:amd64.
Preparing to unpack .../10-libuchardet0_0.0.7-1_amd64.deb ...
Unpacking libuchardet0:amd64 (0.0.7-1) ...
Selecting previously unselected package groff-base.
Preparing to unpack .../11-groff-base_1.22.4-7_amd64.deb ...
Unpacking groff-base (1.22.4-7) ...
Selecting previously unselected package libpipeline1:amd64.
Preparing to unpack .../12-libpipeline1_1.5.3-1_amd64.deb ...
Unpacking libpipeline1:amd64 (1.5.3-1) ...
Selecting previously unselected package man-db.
Preparing to unpack .../13-man-db_2.9.4-2_amd64.deb ...
Unpacking man-db (2.9.4-2) ...
Selecting previously unselected package libpython3.9-minimal:amd64.
Preparing to unpack .../14-libpython3.9-minimal_3.9.7-4_amd64.deb ...
Unpacking libpython3.9-minimal:amd64 (3.9.7-4) ...
Selecting previously unselected package libexpat1:amd64.
Preparing to unpack .../15-libexpat1_2.4.1-3_amd64.deb ...
Unpacking libexpat1:amd64 (2.4.1-3) ...
Selecting previously unselected package python3.9-minimal.
Preparing to unpack .../16-python3.9-minimal_3.9.7-4_amd64.deb ...
Unpacking python3.9-minimal (3.9.7-4) ...
Setting up libpython3.9-minimal:amd64 (3.9.7-4) ...
Setting up libexpat1:amd64 (2.4.1-3) ...
Setting up python3.9-minimal (3.9.7-4) ...
Selecting previously unselected package python3-minimal.
(Reading database ... 16012 files and directories currently installed.)
Preparing to unpack .../0-python3-minimal_3.9.2-3_amd64.deb ...
Unpacking python3-minimal (3.9.2-3) ...
Selecting previously unselected package media-types.
Preparing to unpack .../1-media-types_4.0.0_all.deb ...
Unpacking media-types (4.0.0) ...
Selecting previously unselected package libmpdec3:amd64.
Preparing to unpack .../2-libmpdec3_2.5.1-2_amd64.deb ...
Unpacking libmpdec3:amd64 (2.5.1-2) ...
Selecting previously unselected package libncursesw6:amd64.
Preparing to unpack .../3-libncursesw6_6.2+20210905-1_amd64.deb ...
Unpacking libncursesw6:amd64 (6.2+20210905-1) ...
Selecting previously unselected package readline-common.
Preparing to unpack .../4-readline-common_8.1-2_all.deb ...
Unpacking readline-common (8.1-2) ...
Selecting previously unselected package libreadline8:amd64.
Preparing to unpack .../5-libreadline8_8.1-2_amd64.deb ...
Unpacking libreadline8:amd64 (8.1-2) ...
Selecting previously unselected package libsqlite3-0:amd64.
Preparing to unpack .../6-libsqlite3-0_3.36.0-2_amd64.deb ...
Unpacking libsqlite3-0:amd64 (3.36.0-2) ...
Selecting previously unselected package libpython3.9-stdlib:amd64.
Preparing to unpack .../7-libpython3.9-stdlib_3.9.7-4_amd64.deb ...
Unpacking libpython3.9-stdlib:amd64 (3.9.7-4) ...
Selecting previously unselected package python3.9.
Preparing to unpack .../8-python3.9_3.9.7-4_amd64.deb ...
Unpacking python3.9 (3.9.7-4) ...
Selecting previously unselected package libpython3-stdlib:amd64.
Preparing to unpack .../9-libpython3-stdlib_3.9.2-3_amd64.deb ...
Unpacking libpython3-stdlib:amd64 (3.9.2-3) ...
Setting up python3-minimal (3.9.2-3) ...
Selecting previously unselected package python3.
(Reading database ... 16451 files and directories currently installed.)
Preparing to unpack .../00-python3_3.9.2-3_amd64.deb ...
Unpacking python3 (3.9.2-3) ...
Selecting previously unselected package uuid-runtime.
Preparing to unpack .../01-uuid-runtime_2.37.2-4_amd64.deb ...
Unpacking uuid-runtime (2.37.2-4) ...
Selecting previously unselected package libelf1:amd64.
Preparing to unpack .../02-libelf1_0.185-2_amd64.deb ...
Unpacking libelf1:amd64 (0.185-2) ...
Selecting previously unselected package libbpf0:amd64.
Preparing to unpack .../03-libbpf0_1%3a0.5.0-1_amd64.deb ...
Unpacking libbpf0:amd64 (1:0.5.0-1) ...
Selecting previously unselected package libmnl0:amd64.
Preparing to unpack .../04-libmnl0_1.0.4-3_amd64.deb ...
Unpacking libmnl0:amd64 (1.0.4-3) ...
Selecting previously unselected package libxtables12:amd64.
Preparing to unpack .../05-libxtables12_1.8.7-1_amd64.deb ...
Unpacking libxtables12:amd64 (1.8.7-1) ...
Selecting previously unselected package libcap2-bin.
Preparing to unpack .../06-libcap2-bin_1%3a2.44-1_amd64.deb ...
Unpacking libcap2-bin (1:2.44-1) ...
Selecting previously unselected package iproute2.
Preparing to unpack .../07-iproute2_5.14.0-1_amd64.deb ...
Unpacking iproute2 (5.14.0-1) ...
Selecting previously unselected package kmod.
Preparing to unpack .../08-kmod_29-1_amd64.deb ...
Unpacking kmod (29-1) ...
Selecting previously unselected package netbase.
Preparing to unpack .../09-netbase_6.3_all.deb ...
Unpacking netbase (6.3) ...
Selecting previously unselected package libncurses6:amd64.
Preparing to unpack .../10-libncurses6_6.2+20210905-1_amd64.deb ...
Unpacking libncurses6:amd64 (6.2+20210905-1) ...
Selecting previously unselected package libprocps8:amd64.
Preparing to unpack .../11-libprocps8_2%3a3.3.17-5_amd64.deb ...
Unpacking libprocps8:amd64 (2:3.3.17-5) ...
Selecting previously unselected package procps.
Preparing to unpack .../12-procps_2%3a3.3.17-5_amd64.deb ...
Unpacking procps (2:3.3.17-5) ...
Selecting previously unselected package sensible-utils.
Preparing to unpack .../13-sensible-utils_0.0.17_all.deb ...
Unpacking sensible-utils (0.0.17) ...
Selecting previously unselected package bash-completion.
Preparing to unpack .../14-bash-completion_1%3a2.11-4_all.deb ...
Unpacking bash-completion (1:2.11-4) ...
Selecting previously unselected package libmagic-mgc.
Preparing to unpack .../15-libmagic-mgc_1%3a5.39-3_amd64.deb ...
Unpacking libmagic-mgc (1:5.39-3) ...
Selecting previously unselected package libmagic1:amd64.
Preparing to unpack .../16-libmagic1_1%3a5.39-3_amd64.deb ...
Unpacking libmagic1:amd64 (1:5.39-3) ...
Selecting previously unselected package file.
Preparing to unpack .../17-file_1%3a5.39-3_amd64.deb ...
Unpacking file (1:5.39-3) ...
Selecting previously unselected package gettext-base.
Preparing to unpack .../18-gettext-base_0.21-4_amd64.deb ...
Unpacking gettext-base (0.21-4) ...
Selecting previously unselected package libsigsegv2:amd64.
Preparing to unpack .../19-libsigsegv2_2.13-1_amd64.deb ...
Unpacking libsigsegv2:amd64 (2.13-1) ...
Selecting previously unselected package m4.
Preparing to unpack .../20-m4_1.4.18-5_amd64.deb ...
Unpacking m4 (1.4.18-5) ...
Selecting previously unselected package autoconf.
Preparing to unpack .../21-autoconf_2.71-2_all.deb ...
Unpacking autoconf (2.71-2) ...
Selecting previously unselected package autotools-dev.
Preparing to unpack .../22-autotools-dev_20180224.1+nmu1_all.deb ...
Unpacking autotools-dev (20180224.1+nmu1) ...
Selecting previously unselected package automake.
Preparing to unpack .../23-automake_1%3a1.16.5-1_all.deb ...
Unpacking automake (1:1.16.5-1) ...
Selecting previously unselected package autopoint.
Preparing to unpack .../24-autopoint_0.21-4_all.deb ...
Unpacking autopoint (0.21-4) ...
Selecting previously unselected package libdbus-1-3:amd64.
Preparing to unpack .../25-libdbus-1-3_1.12.20-3_amd64.deb ...
Unpacking libdbus-1-3:amd64 (1.12.20-3) ...
Selecting previously unselected package dbus-bin.
Preparing to unpack .../26-dbus-bin_1.12.20-3_amd64.deb ...
Unpacking dbus-bin (1.12.20-3) ...
Selecting previously unselected package dbus-session-bus-common.
Preparing to unpack .../27-dbus-session-bus-common_1.12.20-3_all.deb ...
Unpacking dbus-session-bus-common (1.12.20-3) ...
Selecting previously unselected package dbus-daemon.
Preparing to unpack .../28-dbus-daemon_1.12.20-3_amd64.deb ...
Unpacking dbus-daemon (1.12.20-3) ...
Selecting previously unselected package libxau6:amd64.
Preparing to unpack .../29-libxau6_1%3a1.0.9-1_amd64.deb ...
Unpacking libxau6:amd64 (1:1.0.9-1) ...
Selecting previously unselected package libxdmcp6:amd64.
Preparing to unpack .../30-libxdmcp6_1%3a1.1.2-3_amd64.deb ...
Unpacking libxdmcp6:amd64 (1:1.1.2-3) ...
Selecting previously unselected package libxcb1:amd64.
Preparing to unpack .../31-libxcb1_1.14-3_amd64.deb ...
Unpacking libxcb1:amd64 (1.14-3) ...
Selecting previously unselected package libx11-data.
Preparing to unpack .../32-libx11-data_2%3a1.7.2-2_all.deb ...
Unpacking libx11-data (2:1.7.2-2) ...
Selecting previously unselected package libx11-6:amd64.
Preparing to unpack .../33-libx11-6_2%3a1.7.2-2+b1_amd64.deb ...
Unpacking libx11-6:amd64 (2:1.7.2-2+b1) ...
Selecting previously unselected package dbus-x11.
Preparing to unpack .../34-dbus-x11_1.12.20-3_amd64.deb ...
Unpacking dbus-x11 (1.12.20-3) ...
Selecting previously unselected package libdebhelper-perl.
Preparing to unpack .../35-libdebhelper-perl_13.5.2_all.deb ...
Unpacking libdebhelper-perl (13.5.2) ...
Selecting previously unselected package libtool.
Preparing to unpack .../36-libtool_2.4.6-15_all.deb ...
Unpacking libtool (2.4.6-15) ...
Selecting previously unselected package dh-autoreconf.
Preparing to unpack .../37-dh-autoreconf_20_all.deb ...
Unpacking dh-autoreconf (20) ...
Selecting previously unselected package libarchive-zip-perl.
Preparing to unpack .../38-libarchive-zip-perl_1.68-1_all.deb ...
Unpacking libarchive-zip-perl (1.68-1) ...
Selecting previously unselected package libsub-override-perl.
Preparing to unpack .../39-libsub-override-perl_0.09-2_all.deb ...
Unpacking libsub-override-perl (0.09-2) ...
Selecting previously unselected package libfile-stripnondeterminism-perl.
Preparing to unpack .../40-libfile-stripnondeterminism-perl_1.12.0-2_all.deb ...
Unpacking libfile-stripnondeterminism-perl (1.12.0-2) ...
Selecting previously unselected package dh-strip-nondeterminism.
Preparing to unpack .../41-dh-strip-nondeterminism_1.12.0-2_all.deb ...
Unpacking dh-strip-nondeterminism (1.12.0-2) ...
Selecting previously unselected package dwz.
Preparing to unpack .../42-dwz_0.14-1_amd64.deb ...
Unpacking dwz (0.14-1) ...
Selecting previously unselected package gettext.
Preparing to unpack .../43-gettext_0.21-4_amd64.deb ...
Unpacking gettext (0.21-4) ...
Selecting previously unselected package intltool-debian.
Preparing to unpack .../44-intltool-debian_0.35.0+20060710.5_all.deb ...
Unpacking intltool-debian (0.35.0+20060710.5) ...
Selecting previously unselected package po-debconf.
Preparing to unpack .../45-po-debconf_1.0.21+nmu1_all.deb ...
Unpacking po-debconf (1.0.21+nmu1) ...
Selecting previously unselected package debhelper.
Preparing to unpack .../46-debhelper_13.5.2_all.deb ...
Unpacking debhelper (13.5.2) ...
Selecting previously unselected package uuid-dev:amd64.
Preparing to unpack .../47-uuid-dev_2.37.2-4_amd64.deb ...
Unpacking uuid-dev:amd64 (2.37.2-4) ...
Selecting previously unselected package libblkid-dev:amd64.
Preparing to unpack .../48-libblkid-dev_2.37.2-4_amd64.deb ...
Unpacking libblkid-dev:amd64 (2.37.2-4) ...
Selecting previously unselected package libcmark-gfm0:amd64.
Preparing to unpack .../49-libcmark-gfm0_0.29.0.gfm.0-6_amd64.deb ...
Unpacking libcmark-gfm0:amd64 (0.29.0.gfm.0-6) ...
Selecting previously unselected package libcmark-gfm-extensions0:amd64.
Preparing to unpack .../50-libcmark-gfm-extensions0_0.29.0.gfm.0-6_amd64.deb ...
Unpacking libcmark-gfm-extensions0:amd64 (0.29.0.gfm.0-6) ...
Selecting previously unselected package libevent-2.1-7:amd64.
Preparing to unpack .../51-libevent-2.1-7_2.1.12-stable-1_amd64.deb ...
Unpacking libevent-2.1-7:amd64 (2.1.12-stable-1) ...
Selecting previously unselected package libffi-dev:amd64.
Preparing to unpack .../52-libffi-dev_3.4.2-3_amd64.deb ...
Unpacking libffi-dev:amd64 (3.4.2-3) ...
Selecting previously unselected package libglib2.0-0:amd64.
Preparing to unpack .../53-libglib2.0-0_2.70.0-3_amd64.deb ...
Unpacking libglib2.0-0:amd64 (2.70.0-3) ...
Selecting previously unselected package libglib2.0-data.
Preparing to unpack .../54-libglib2.0-data_2.70.0-3_all.deb ...
Unpacking libglib2.0-data (2.70.0-3) ...
Selecting previously unselected package libglib2.0-bin.
Preparing to unpack .../55-libglib2.0-bin_2.70.0-3_amd64.deb ...
Unpacking libglib2.0-bin (2.70.0-3) ...
Selecting previously unselected package python3-lib2to3.
Preparing to unpack .../56-python3-lib2to3_3.9.7-1_all.deb ...
Unpacking python3-lib2to3 (3.9.7-1) ...
Selecting previously unselected package python3-distutils.
Preparing to unpack .../57-python3-distutils_3.9.7-1_all.deb ...
Unpacking python3-distutils (3.9.7-1) ...
Selecting previously unselected package libglib2.0-dev-bin.
Preparing to unpack .../58-libglib2.0-dev-bin_2.70.0-3_amd64.deb ...
Unpacking libglib2.0-dev-bin (2.70.0-3) ...
Selecting previously unselected package libsepol1-dev:amd64.
Preparing to unpack .../59-libsepol1-dev_3.1-1_amd64.deb ...
Unpacking libsepol1-dev:amd64 (3.1-1) ...
Selecting previously unselected package libpcre2-16-0:amd64.
Preparing to unpack .../60-libpcre2-16-0_10.36-2_amd64.deb ...
Unpacking libpcre2-16-0:amd64 (10.36-2) ...
Selecting previously unselected package libpcre2-32-0:amd64.
Preparing to unpack .../61-libpcre2-32-0_10.36-2_amd64.deb ...
Unpacking libpcre2-32-0:amd64 (10.36-2) ...
Selecting previously unselected package libpcre2-posix2:amd64.
Preparing to unpack .../62-libpcre2-posix2_10.36-2_amd64.deb ...
Unpacking libpcre2-posix2:amd64 (10.36-2) ...
Selecting previously unselected package libpcre2-dev:amd64.
Preparing to unpack .../63-libpcre2-dev_10.36-2_amd64.deb ...
Unpacking libpcre2-dev:amd64 (10.36-2) ...
Selecting previously unselected package libselinux1-dev:amd64.
Preparing to unpack .../64-libselinux1-dev_3.1-3_amd64.deb ...
Unpacking libselinux1-dev:amd64 (3.1-3) ...
Selecting previously unselected package libmount-dev:amd64.
Preparing to unpack .../65-libmount-dev_2.37.2-4_amd64.deb ...
Unpacking libmount-dev:amd64 (2.37.2-4) ...
Selecting previously unselected package libpcre16-3:amd64.
Preparing to unpack .../66-libpcre16-3_2%3a8.39-13_amd64.deb ...
Unpacking libpcre16-3:amd64 (2:8.39-13) ...
Selecting previously unselected package libpcre32-3:amd64.
Preparing to unpack .../67-libpcre32-3_2%3a8.39-13_amd64.deb ...
Unpacking libpcre32-3:amd64 (2:8.39-13) ...
Selecting previously unselected package libpcrecpp0v5:amd64.
Preparing to unpack .../68-libpcrecpp0v5_2%3a8.39-13_amd64.deb ...
Unpacking libpcrecpp0v5:amd64 (2:8.39-13) ...
Selecting previously unselected package libpcre3-dev:amd64.
Preparing to unpack .../69-libpcre3-dev_2%3a8.39-13_amd64.deb ...
Unpacking libpcre3-dev:amd64 (2:8.39-13) ...
Selecting previously unselected package pkg-config.
Preparing to unpack .../70-pkg-config_0.29.2-1_amd64.deb ...
Unpacking pkg-config (0.29.2-1) ...
Selecting previously unselected package zlib1g-dev:amd64.
Preparing to unpack .../71-zlib1g-dev_1%3a1.2.11.dfsg-2_amd64.deb ...
Unpacking zlib1g-dev:amd64 (1:1.2.11.dfsg-2) ...
Selecting previously unselected package libglib2.0-dev:amd64.
Preparing to unpack .../72-libglib2.0-dev_2.70.0-3_amd64.deb ...
Unpacking libglib2.0-dev:amd64 (2.70.0-3) ...
Selecting previously unselected package libsystemd-dev:amd64.
Preparing to unpack .../73-libsystemd-dev_249.5-1_amd64.deb ...
Unpacking libsystemd-dev:amd64 (249.5-1) ...
Selecting previously unselected package libunbound8:amd64.
Preparing to unpack .../74-libunbound8_1.13.1-1_amd64.deb ...
Unpacking libunbound8:amd64 (1.13.1-1) ...
Selecting previously unselected package libyaml-0-2:amd64.
Preparing to unpack .../75-libyaml-0-2_0.2.2-1_amd64.deb ...
Unpacking libyaml-0-2:amd64 (0.2.2-1) ...
Selecting previously unselected package libyaml-dev:amd64.
Preparing to unpack .../76-libyaml-dev_0.2.2-1_amd64.deb ...
Unpacking libyaml-dev:amd64 (0.2.2-1) ...
Selecting previously unselected package openssl.
Preparing to unpack .../77-openssl_1.1.1l-1_amd64.deb ...
Unpacking openssl (1.1.1l-1) ...
Selecting previously unselected package python3-six.
Preparing to unpack .../78-python3-six_1.16.0-2_all.deb ...
Unpacking python3-six (1.16.0-2) ...
Selecting previously unselected package openvswitch-common.
Preparing to unpack .../79-openvswitch-common_2.15.0+ds1-8_amd64.deb ...
Unpacking openvswitch-common (2.15.0+ds1-8) ...
Selecting previously unselected package openvswitch-switch.
Preparing to unpack .../80-openvswitch-switch_2.15.0+ds1-8_amd64.deb ...
Unpacking openvswitch-switch (2.15.0+ds1-8) ...
Selecting previously unselected package pandoc-data.
Preparing to unpack .../81-pandoc-data_2.9.2.1-1_all.deb ...
Unpacking pandoc-data (2.9.2.1-1) ...
Selecting previously unselected package pandoc.
Preparing to unpack .../82-pandoc_2.9.2.1-1+b2_amd64.deb ...
Unpacking pandoc (2.9.2.1-1+b2) ...
Selecting previously unselected package python3-pkg-resources.
Preparing to unpack .../83-python3-pkg-resources_58.2.0-1_all.deb ...
Unpacking python3-pkg-resources (58.2.0-1) ...
Selecting previously unselected package python3-pycodestyle.
Preparing to unpack .../84-python3-pycodestyle_2.6.0-1_all.deb ...
Unpacking python3-pycodestyle (2.6.0-1) ...
Selecting previously unselected package pycodestyle.
Preparing to unpack .../85-pycodestyle_2.6.0-1_all.deb ...
Unpacking pycodestyle (2.6.0-1) ...
Selecting previously unselected package python3-pyflakes.
Preparing to unpack .../86-python3-pyflakes_2.2.0-3_all.deb ...
Unpacking python3-pyflakes (2.2.0-3) ...
Selecting previously unselected package pyflakes3.
Preparing to unpack .../87-pyflakes3_2.2.0-3_all.deb ...
Unpacking pyflakes3 (2.2.0-3) ...
Selecting previously unselected package python3-coverage.
Preparing to unpack .../88-python3-coverage_5.1+dfsg.1-2+b2_amd64.deb ...
Unpacking python3-coverage (5.1+dfsg.1-2+b2) ...
Selecting previously unselected package python3-netifaces:amd64.
Preparing to unpack .../89-python3-netifaces_0.11.0-1_amd64.deb ...
Unpacking python3-netifaces:amd64 (0.11.0-1) ...
Selecting previously unselected package python3-nose.
Preparing to unpack .../90-python3-nose_1.3.7-7_all.deb ...
Unpacking python3-nose (1.3.7-7) ...
Selecting previously unselected package python3-yaml.
Preparing to unpack .../91-python3-yaml_5.4.1-1_amd64.deb ...
Unpacking python3-yaml (5.4.1-1) ...
Selecting previously unselected package sbuild-build-depends-main-dummy.
Preparing to unpack .../92-sbuild-build-depends-main-dummy_0.invalid.0_amd64.deb ...
Unpacking sbuild-build-depends-main-dummy (0.invalid.0) ...
Setting up libip4tc2:amd64 (1.8.7-1) ...
Setting up media-types (4.0.0) ...
Setting up libpcrecpp0v5:amd64 (2:8.39-13) ...
Setting up libpipeline1:amd64 (1.5.3-1) ...
Setting up libxau6:amd64 (1:1.0.9-1) ...
Setting up libxdmcp6:amd64 (1:1.1.2-3) ...
Setting up libapparmor1:amd64 (3.0.3-5) ...
Setting up libxcb1:amd64 (1.14-3) ...
Setting up bsdextrautils (2.37.2-4) ...
update-alternatives: using /usr/bin/write.ul to provide /usr/bin/write (write) in auto mode
Setting up libpcre16-3:amd64 (2:8.39-13) ...
Setting up libmagic-mgc (1:5.39-3) ...
Setting up libarchive-zip-perl (1.68-1) ...
Setting up libyaml-0-2:amd64 (0.2.2-1) ...
Setting up libglib2.0-0:amd64 (2.70.0-3) ...
No schema files found: doing nothing.
Setting up libargon2-1:amd64 (0~20171227-0.2) ...
Setting up libdebhelper-perl (13.5.2) ...
Setting up libsqlite3-0:amd64 (3.36.0-2) ...
Setting up libmagic1:amd64 (1:5.39-3) ...
Setting up libsepol1-dev:amd64 (3.1-1) ...
Setting up gettext-base (0.21-4) ...
Setting up file (1:5.39-3) ...
Setting up libffi-dev:amd64 (3.4.2-3) ...
Setting up libpcre2-16-0:amd64 (10.36-2) ...
Setting up libcap2-bin (1:2.44-1) ...
Setting up autotools-dev (20180224.1+nmu1) ...
Setting up libpcre2-32-0:amd64 (10.36-2) ...
Setting up libglib2.0-data (2.70.0-3) ...
Setting up libx11-data (2:1.7.2-2) ...
Setting up bash-completion (1:2.11-4) ...
Setting up uuid-dev:amd64 (2.37.2-4) ...
Setting up libncurses6:amd64 (6.2+20210905-1) ...
Setting up libdbus-1-3:amd64 (1.12.20-3) ...
Setting up libsigsegv2:amd64 (2.13-1) ...
Setting up libpcre32-3:amd64 (2:8.39-13) ...
Setting up libmnl0:amd64 (1.0.4-3) ...
Setting up libevent-2.1-7:amd64 (2.1.12-stable-1) ...
Setting up autopoint (0.21-4) ...
Setting up pkg-config (0.29.2-1) ...
Setting up libpcre2-posix2:amd64 (10.36-2) ...
Setting up libcmark-gfm0:amd64 (0.29.0.gfm.0-6) ...
Setting up libncursesw6:amd64 (6.2+20210905-1) ...
Setting up libxtables12:amd64 (1.8.7-1) ...
Setting up zlib1g-dev:amd64 (1:1.2.11.dfsg-2) ...
Setting up sensible-utils (0.0.17) ...
Setting up uuid-runtime (2.37.2-4) ...
invoke-rc.d: could not determine current runlevel
All runlevel operations denied by policy
invoke-rc.d: policy-rc.d denied execution of restart.
Created symlink /etc/systemd/system/sockets.target.wants/uuidd.socket  /lib/systemd/system/uuidd.socket.
Setting up dbus-session-bus-common (1.12.20-3) ...
Setting up libuchardet0:amd64 (0.0.7-1) ...
Setting up libmpdec3:amd64 (2.5.1-2) ...
Setting up libsub-override-perl (0.09-2) ...
Setting up libx11-6:amd64 (2:1.7.2-2+b1) ...
Setting up netbase (6.3) ...
Setting up pandoc-data (2.9.2.1-1) ...
Setting up openssl (1.1.1l-1) ...
Setting up libelf1:amd64 (0.185-2) ...
Setting up libjson-c5:amd64 (0.15-2) ...
Setting up readline-common (8.1-2) ...
Setting up dbus-bin (1.12.20-3) ...
Setting up libsystemd-dev:amd64 (249.5-1) ...
Setting up libprocps8:amd64 (2:3.3.17-5) ...
Setting up libkmod2:amd64 (29-1) ...
Setting up libfile-stripnondeterminism-perl (1.12.0-2) ...
Setting up libblkid-dev:amd64 (2.37.2-4) ...
Setting up gettext (0.21-4) ...
Setting up libpcre2-dev:amd64 (10.36-2) ...
Setting up libyaml-dev:amd64 (0.2.2-1) ...
Setting up libtool (2.4.6-15) ...
Setting up libselinux1-dev:amd64 (3.1-3) ...
Setting up libpcre3-dev:amd64 (2:8.39-13) ...
Setting up libreadline8:amd64 (8.1-2) ...
Setting up libglib2.0-bin (2.70.0-3) ...
Setting up m4 (1.4.18-5) ...
Setting up dbus-daemon (1.12.20-3) ...
Setting up kmod (29-1) ...
Setting up libcmark-gfm-extensions0:amd64 (0.29.0.gfm.0-6) ...
Setting up intltool-debian (0.35.0+20060710.5) ...
Setting up libunbound8:amd64 (1.13.1-1) ...
Setting up pandoc (2.9.2.1-1+b2) ...
Setting up autoconf (2.71-2) ...
Setting up dh-strip-nondeterminism (1.12.0-2) ...
Setting up dwz (0.14-1) ...
Setting up groff-base (1.22.4-7) ...
Setting up dbus-x11 (1.12.20-3) ...
Setting up procps (2:3.3.17-5) ...
Setting up libbpf0:amd64 (1:0.5.0-1) ...
Setting up libmount-dev:amd64 (2.37.2-4) ...
Setting up libpython3.9-stdlib:amd64 (3.9.7-4) ...
Setting up libpython3-stdlib:amd64 (3.9.2-3) ...
Setting up automake (1:1.16.5-1) ...
update-alternatives: using /usr/bin/automake-1.16 to provide /usr/bin/automake (automake) in auto mode
Setting up iproute2 (5.14.0-1) ...
Setting up po-debconf (1.0.21+nmu1) ...
Setting up man-db (2.9.4-2) ...
Not building database; man-db/auto-update is not 'true'.
Created symlink /etc/systemd/system/timers.target.wants/man-db.timer  /lib/systemd/system/man-db.timer.
Setting up dh-autoreconf (20) ...
Setting up python3.9 (3.9.7-4) ...
Setting up debhelper (13.5.2) ...
Setting up python3 (3.9.2-3) ...
Setting up python3-six (1.16.0-2) ...
Setting up python3-pycodestyle (2.6.0-1) ...
Setting up python3-netifaces:amd64 (0.11.0-1) ...
Setting up openvswitch-common (2.15.0+ds1-8) ...
update-alternatives: using /usr/lib/openvswitch-common/ovs-vswitchd to provide /usr/sbin/ovs-vswitchd (ovs-vswitchd) in auto mode
Setting up python3-lib2to3 (3.9.7-1) ...
Setting up python3-pkg-resources (58.2.0-1) ...
Setting up python3-distutils (3.9.7-1) ...
Setting up openvswitch-switch (2.15.0+ds1-8) ...
invoke-rc.d: could not determine current runlevel
All runlevel operations denied by policy
invoke-rc.d: policy-rc.d denied execution of restart.
Created symlink /etc/systemd/system/multi-user.target.wants/openvswitch-switch.service  /lib/systemd/system/openvswitch-switch.service.
Setting up libglib2.0-dev-bin (2.70.0-3) ...
Setting up python3-pyflakes (2.2.0-3) ...
Setting up python3-coverage (5.1+dfsg.1-2+b2) ...
Setting up python3-yaml (5.4.1-1) ...
Setting up python3-nose (1.3.7-7) ...
Setting up libglib2.0-dev:amd64 (2.70.0-3) ...
Setting up pycodestyle (2.6.0-1) ...
Setting up pyflakes3 (2.2.0-3) ...
Setting up libdevmapper1.02.1:amd64 (2:1.02.175-2.1) ...
Setting up dmsetup (2:1.02.175-2.1) ...
Setting up libcryptsetup12:amd64 (2:2.4.1-1) ...
Setting up systemd (249.5-1) ...
Created symlink /etc/systemd/system/getty.target.wants/getty@tty1.service  /lib/systemd/system/getty@.service.
Created symlink /etc/systemd/system/multi-user.target.wants/remote-fs.target  /lib/systemd/system/remote-fs.target.
Created symlink /etc/systemd/system/sysinit.target.wants/systemd-pstore.service  /lib/systemd/system/systemd-pstore.service.
Initializing machine ID from D-Bus machine ID.
Setting up sbuild-build-depends-main-dummy (0.invalid.0) ...
Processing triggers for libc-bin (2.32-4) ...

+------------------------------------------------------------------------------+
| Check architectures                                                          |
+------------------------------------------------------------------------------+

Arch check ok (amd64 included in linux-any)

+------------------------------------------------------------------------------+
| Build environment                                                            |
+------------------------------------------------------------------------------+

Kernel: Linux 4.19.0-6-cloud-amd64 #1 SMP Debian 4.19.67-2+deb10u2 (2019-11-11) amd64 (x86_64)
Toolchain package versions: binutils_2.37-7 dpkg-dev_1.20.9 g++-11_11.2.0-10 gcc-11_11.2.0-10 libc6-dev_2.32-4 libstdc++-11-dev_11.2.0-10 libstdc++6_11.2.0-10 linux-libc-dev_5.14.12-1
Package versions: adduser_3.118 apt_2.3.11 autoconf_2.71-2 automake_1:1.16.5-1 autopoint_0.21-4 autotools-dev_20180224.1+nmu1 base-files_12 base-passwd_3.5.52 bash_5.1-3+b2 bash-completion_1:2.11-4 binutils_2.37-7 binutils-common_2.37-7 binutils-x86-64-linux-gnu_2.37-7 bsdextrautils_2.37.2-4 bsdutils_1:2.37.2-4 build-essential_12.9 bzip2_1.0.8-4 clang-13_1:13.0.0-8 coreutils_8.32-4+b1 cpp_4:11.2.0-2 cpp-11_11.2.0-10 dash_0.5.11+git20210120+802ebd4-2 dbus-bin_1.12.20-3 dbus-daemon_1.12.20-3 dbus-session-bus-common_1.12.20-3 dbus-x11_1.12.20-3 debconf_1.5.78 debhelper_13.5.2 debian-archive-keyring_2021.1.1 debianutils_5.5-1 dh-autoreconf_20 dh-strip-nondeterminism_1.12.0-2 diffutils_1:3.7-5 dmsetup_2:1.02.175-2.1 dpkg_1.20.9 dpkg-dev_1.20.9 dwz_0.14-1 e2fsprogs_1.46.4-1 fakeroot_1.26-1 file_1:5.39-3 findutils_4.8.0-1 g++_4:11.2.0-2 g++-11_11.2.0-10 gcc_4:11.2.0-2 gcc-10-base_10.3.0-11 gcc-11_11.2.0-10 gcc-11-base_11.2.0-10 gcc-9-base_9.4.0-3 gettext_0.21-4 gettext-base_0.21-4 gpgv_2.2.27-2 grep_3.7-1 groff-base_1.22.4-7 gzip_1.10-4 hostname_3.23 init-system-helpers_1.60 intltool-debian_0.35.0+20060710.5 iproute2_5.14.0-1 kmod_29-1 lib32gcc-s1_11.2.0-10 lib32stdc++6_11.2.0-10 libacl1_2.3.1-1 libapparmor1_3.0.3-5 libapt-pkg6.0_2.3.11 libarchive-zip-perl_1.68-1 libargon2-1_0~20171227-0.2 libasan5_9.4.0-3 libasan6_11.2.0-10 libatomic1_11.2.0-10 libattr1_1:2.5.1-1 libaudit-common_1:3.0.6-1 libaudit1_1:3.0.6-1 libbinutils_2.37-7 libblkid-dev_2.37.2-4 libblkid1_2.37.2-4 libbpf0_1:0.5.0-1 libbsd0_0.11.3-1 libbz2-1.0_1.0.8-4 libc-bin_2.32-4 libc-dev-bin_2.32-4 libc6_2.32-4 libc6-dev_2.32-4 libc6-i386_2.32-4 libcap-ng0_0.7.9-2.2+b1 libcap2_1:2.44-1 libcap2-bin_1:2.44-1 libcc1-0_11.2.0-10 libclang-common-13-dev_1:13.0.0-8 libclang-cpp13_1:13.0.0-8 libclang1-13_1:13.0.0-8 libcmark-gfm-extensions0_0.29.0.gfm.0-6 libcmark-gfm0_0.29.0.gfm.0-6 libcom-err2_1.46.4-1 libcrypt-dev_1:4.4.25-2 libcrypt1_1:4.4.25-2 libcryptsetup12_2:2.4.1-1 libctf-nobfd0_2.37-7 libctf0_2.37-7 libdb5.3_5.3.28+dfsg1-0.8 libdbus-1-3_1.12.20-3 libdebconfclient0_0.260 libdebhelper-perl_13.5.2 libdevmapper1.02.1_2:1.02.175-2.1 libdpkg-perl_1.20.9 libedit2_3.1-20210910-1 libelf1_0.185-2 libevent-2.1-7_2.1.12-stable-1 libexpat1_2.4.1-3 libext2fs2_1.46.4-1 libfakeroot_1.26-1 libffi-dev_3.4.2-3 libffi8_3.4.2-3 libfile-stripnondeterminism-perl_1.12.0-2 libgc1_1:8.0.4-3 libgcc-11-dev_11.2.0-10 libgcc-9-dev_9.4.0-3 libgcc-s1_11.2.0-10 libgcrypt20_1.9.4-3+b1 libgdbm-compat4_1.22-1 libgdbm6_1.22-1 libglib2.0-0_2.70.0-3 libglib2.0-bin_2.70.0-3 libglib2.0-data_2.70.0-3 libglib2.0-dev_2.70.0-3 libglib2.0-dev-bin_2.70.0-3 libgmp10_2:6.2.1+dfsg-2 libgnutls30_3.7.2-2 libgomp1_11.2.0-10 libgpg-error0_1.42-3 libgssapi-krb5-2_1.18.3-7 libhogweed6_3.7.3-1 libicu67_67.1-7 libidn2-0_2.3.2-2 libip4tc2_1.8.7-1 libisl23_0.24-2 libitm1_11.2.0-10 libjson-c5_0.15-2 libk5crypto3_1.18.3-7 libkeyutils1_1.6.1-2 libkmod2_29-1 libkrb5-3_1.18.3-7 libkrb5support0_1.18.3-7 libllvm13_1:13.0.0-8 liblsan0_11.2.0-10 liblz4-1_1.9.3-2 liblzma5_5.2.5-2 libmagic-mgc_1:5.39-3 libmagic1_1:5.39-3 libmd0_1.0.4-1 libmnl0_1.0.4-3 libmount-dev_2.37.2-4 libmount1_2.37.2-4 libmpc3_1.2.1-1 libmpdec3_2.5.1-2 libmpfr6_4.1.0-3 libncurses6_6.2+20210905-1 libncursesw6_6.2+20210905-1 libnettle8_3.7.3-1 libnsl-dev_1.3.0-2 libnsl2_1.3.0-2 libobjc-11-dev_11.2.0-10 libobjc-9-dev_9.4.0-3 libobjc4_11.2.0-10 libomp-13-dev_1:13.0.0-8 libomp5-13_1:13.0.0-8 libp11-kit0_0.24.0-5 libpam-modules_1.4.0-10 libpam-modules-bin_1.4.0-10 libpam-runtime_1.4.0-10 libpam0g_1.4.0-10 libpcre16-3_2:8.39-13 libpcre2-16-0_10.36-2 libpcre2-32-0_10.36-2 libpcre2-8-0_10.36-2 libpcre2-dev_10.36-2 libpcre2-posix2_10.36-2 libpcre3_2:8.39-13 libpcre3-dev_2:8.39-13 libpcre32-3_2:8.39-13 libpcrecpp0v5_2:8.39-13 libperl5.32_5.32.1-6 libpipeline1_1.5.3-1 libprocps8_2:3.3.17-5 libpython3-stdlib_3.9.2-3 libpython3.9-minimal_3.9.7-4 libpython3.9-stdlib_3.9.7-4 libquadmath0_11.2.0-10 libreadline8_8.1-2 libseccomp2_2.5.2-2 libselinux1_3.1-3 libselinux1-dev_3.1-3 libsemanage-common_3.1-1 libsemanage1_3.1-1+b2 libsepol1_3.1-1 libsepol1-dev_3.1-1 libsigsegv2_2.13-1 libsmartcols1_2.37.2-4 libsqlite3-0_3.36.0-2 libss2_1.46.4-1 libssl1.1_1.1.1l-1 libstdc++-11-dev_11.2.0-10 libstdc++6_11.2.0-10 libsub-override-perl_0.09-2 libsystemd-dev_249.5-1 libsystemd0_249.5-1 libtasn1-6_4.17.0-2 libtinfo6_6.2+20210905-1 libtirpc-common_1.3.2-2 libtirpc-dev_1.3.2-2 libtirpc3_1.3.2-2 libtool_2.4.6-15 libtsan0_11.2.0-10 libubsan1_11.2.0-10 libuchardet0_0.0.7-1 libudev1_249.5-1 libunbound8_1.13.1-1 libunistring2_0.9.10-6 libuuid1_2.37.2-4 libx11-6_2:1.7.2-2+b1 libx11-data_2:1.7.2-2 libxau6_1:1.0.9-1 libxcb1_1.14-3 libxdmcp6_1:1.1.2-3 libxml2_2.9.12+dfsg-5 libxtables12_1.8.7-1 libxxhash0_0.8.0-2 libyaml-0-2_0.2.2-1 libyaml-dev_0.2.2-1 libz3-4_4.8.12-1+b1 libzstd1_1.4.8+dfsg-3 linux-libc-dev_5.14.12-1 login_1:4.8.1-1 logsave_1.46.4-1 lsb-base_11.1.0 m4_1.4.18-5 make_4.3-4.1 man-db_2.9.4-2 mawk_1.3.4.20200120-2 media-types_4.0.0 mount_2.37.2-4 ncurses-base_6.2+20210905-1 ncurses-bin_6.2+20210905-1 netbase_6.3 openssl_1.1.1l-1 openvswitch-common_2.15.0+ds1-8 openvswitch-switch_2.15.0+ds1-8 pandoc_2.9.2.1-1+b2 pandoc-data_2.9.2.1-1 passwd_1:4.8.1-1 patch_2.7.6-7 perl_5.32.1-6 perl-base_5.32.1-6 perl-modules-5.32_5.32.1-6 pkg-config_0.29.2-1 po-debconf_1.0.21+nmu1 procps_2:3.3.17-5 pycodestyle_2.6.0-1 pyflakes3_2.2.0-3 python3_3.9.2-3 python3-coverage_5.1+dfsg.1-2+b2 python3-distutils_3.9.7-1 python3-lib2to3_3.9.7-1 python3-minimal_3.9.2-3 python3-netifaces_0.11.0-1 python3-nose_1.3.7-7 python3-pkg-resources_58.2.0-1 python3-pycodestyle_2.6.0-1 python3-pyflakes_2.2.0-3 python3-six_1.16.0-2 python3-yaml_5.4.1-1 python3.9_3.9.7-4 python3.9-minimal_3.9.7-4 qt5-qmake_5.15.2+dfsg-12 qt5-qmake-bin_5.15.2+dfsg-12 qtchooser_66-2 readline-common_8.1-2 rpcsvc-proto_1.4.2-4 sbuild-build-depends-main-dummy_0.invalid.0 sed_4.8-1 sensible-utils_0.0.17 systemd_249.5-1 sysvinit-utils_3.00-1 tar_1.34+dfsg-1 tzdata_2021e-1 util-linux_2.37.2-4 uuid-dev_2.37.2-4 uuid-runtime_2.37.2-4 xz-utils_5.2.5-2 zlib1g_1:1.2.11.dfsg-2 zlib1g-dev_1:1.2.11.dfsg-2

+------------------------------------------------------------------------------+
| Build                                                                        |
+------------------------------------------------------------------------------+


Unpack source
-------------

-----BEGIN PGP SIGNED MESSAGE-----
Hash: SHA256

Format: 3.0 (quilt)
Source: netplan.io
Binary: netplan.io, libnetplan0, libnetplan-dev
Architecture: linux-any
Version: 0.103-3
Maintainer: Debian netplan Maintainers <team+netplan@tracker.debian.org>
Uploaders: Andrej Shadura <andrewsh@debian.org>, Mathieu Trudel-Lapierre <mathieu.tl@gmail.com>, ukasz 'sil2100' Zemczak <lukasz.zemczak@canonical.com>, Lukas Mrdian <luk@slyon.de>
Homepage: https://netplan.io/
Standards-Version: 4.6.0.1
Vcs-Browser: https://salsa.debian.org/debian/netplan.io
Vcs-Git: https://salsa.debian.org/debian/netplan.io.git
Testsuite: autopkgtest
Testsuite-Triggers: dnsmasq-base, gir1.2-nm-1.0, hostapd, libnm0, network-manager, openvswitch-switch, python3-gi, systemd, udev, wireguard-tools
Build-Depends: debhelper-compat (= 13), pkg-config, bash-completion, libyaml-dev, libglib2.0-dev (>= 2.70.0~), uuid-dev, python3 (>= 3.1), python3-coverage <!nocheck>, python3-yaml <!nocheck>, python3-netifaces <!nocheck>, libsystemd-dev, systemd, dbus-x11 <!nocheck>, pyflakes3 <!nocheck>, pycodestyle <!nocheck> | pep8 <!nocheck>, python3-nose <!nocheck>, pandoc, openvswitch-switch <!nocheck>
Package-List:
 libnetplan-dev deb net optional arch=linux-any
 libnetplan0 deb net optional arch=linux-any
 netplan.io deb net optional arch=linux-any
Checksums-Sha1:
 1b18511a239f31be02f64152fa8077007ec498df 235165 netplan.io_0.103.orig.tar.gz
 e7bde51117b2ce3bad6470f8c5e70b5c98af6e73 9044 netplan.io_0.103-3.debian.tar.xz
Checksums-Sha256:
 bee47045484145bb606118a37d341596bf652284432f9834354ca5336bada8fa 235165 netplan.io_0.103.orig.tar.gz
 d378e15106c0e400c912384fb1190a60f348c06ac27cd297231f7c6294e338e3 9044 netplan.io_0.103-3.debian.tar.xz
Files:
 2ef79bcf5febd99590ffcce20d1e9afc 235165 netplan.io_0.103.orig.tar.gz
 1b15e16417a779f61183092139751964 9044 netplan.io_0.103-3.debian.tar.xz
Dgit: fa0a88fe244a6f43cd70bb65539cb5a33349ef55 debian archive/debian/0.103-3 https://git.dgit.debian.org/netplan.io

-----BEGIN PGP SIGNATURE-----

iHUEARYIAB0WIQSD3NF/RLIsyDZW7aHoRGtKyMdyYQUCYXJnEAAKCRDoRGtKyMdy
YYTBAPoCBeJwPFfepv1XZDfCkHux14tjaAnAXCitlHPzQGaROQEAtDoVQIqX8Lyy
6M9WtuUUBZKedECBi0CttWJPm0+l+Ag=
=mRmL
-----END PGP SIGNATURE-----

gpgv: unknown type of key resource 'trustedkeys.kbx'
gpgv: keyblock resource '/tmp/dpkg-verify-sig.caY_blFr/trustedkeys.kbx': General error
gpgv: Signature made Fri Oct 22 07:24:00 2021 UTC
gpgv:                using EDDSA key 83DCD17F44B22CC83656EDA1E8446B4AC8C77261
gpgv: Can't check signature: No public key
dpkg-source: warning: failed to verify signature on ./netplan.io_0.103-3.dsc
dpkg-source: info: extracting netplan.io in /<<PKGBUILDDIR>>
dpkg-source: info: unpacking netplan.io_0.103.orig.tar.gz
dpkg-source: info: unpacking netplan.io_0.103-3.debian.tar.xz
dpkg-source: info: using patch list from debian/patches/series
dpkg-source: info: applying 0001-parse-nm-fix-32bit-format-string.patch
dpkg-source: info: applying autopkgtest-fixes.patch
dpkg-source: info: applying nm-1.32.10-compat.patch
dpkg-source: info: applying glib-2.70-compat.patch

Check disk space
----------------

Sufficient free space for build

User Environment
----------------

APT_CONFIG=/var/lib/sbuild/apt.conf
HOME=/sbuild-nonexistent
LANG=C.UTF-8
LC_ALL=C.UTF-8
LOGNAME=user42
PATH=/usr/local/sbin:/usr/local/bin:/usr/sbin:/usr/bin:/sbin:/bin:/usr/games
SCHROOT_ALIAS_NAME=unstable
SCHROOT_CHROOT_NAME=sid-amd64-sbuild
SCHROOT_COMMAND=env
SCHROOT_GID=1001
SCHROOT_GROUP=user42
SCHROOT_SESSION_ID=sid-amd64-sbuild-e78e91df-8606-49c3-983c-167e193f5147
SCHROOT_UID=1001
SCHROOT_USER=user42
SHELL=/bin/sh
USER=user42

dpkg-buildpackage
-----------------

Command: dpkg-buildpackage -us -uc -b -rfakeroot
dpkg-buildpackage: info: source package netplan.io
dpkg-buildpackage: info: source version 0.103-3
dpkg-buildpackage: info: source distribution unstable
dpkg-buildpackage: info: source changed by Lukas Mrdian <luk@slyon.de>
 dpkg-source --before-build .
dpkg-buildpackage: info: host architecture amd64
 debian/rules clean
dh clean
   dh_auto_clean
	make -j4 clean
make[1]: Entering directory '/<<PKGBUILDDIR>>'
rm -f netplan/_features.py src/_features.h
rm -f generate doc/*.html doc/*.[1-9]
rm -f *.o *.so*
rm -f netplan-dbus dbus/*.service
rm -f *.gcda *.gcno generate.info
rm -rf test-coverage .coverage coverage.xml
find . | grep -E "(__pycache__|\.pyc)" | xargs rm -rf
make[1]: Leaving directory '/<<PKGBUILDDIR>>'
   dh_clean
 debian/rules binary
dh binary
   dh_update_autotools_config
   dh_autoreconf
   dh_auto_configure
   dh_auto_build
	make -j4 "INSTALL=install --strip-program=true"
make[1]: Entering directory '/<<PKGBUILDDIR>>'
echo "# Generated file" > netplan/_features.py
cc -g -fPIC -std=c99 -D_XOPEN_SOURCE=500 -DSBINDIR=\"/usr/sbin\" -Wall -Werror  -g -O2 -ffile-prefix-map=/<<PKGBUILDDIR>>=. -fstack-protector-strong -Wformat -Werror=format-security -Wl,-z,relro -c src/parse.c `pkg-config --cflags --libs glib-2.0 gio-2.0 yaml-0.1 uuid`
cc -g -fPIC -std=c99 -D_XOPEN_SOURCE=500 -DSBINDIR=\"/usr/sbin\" -Wall -Werror  -g -O2 -ffile-prefix-map=/<<PKGBUILDDIR>>=. -fstack-protector-strong -Wformat -Werror=format-security -Wl,-z,relro -c src/netplan.c `pkg-config --cflags --libs glib-2.0 gio-2.0 yaml-0.1 uuid`
echo "NETPLAN_FEATURE_FLAGS = [" >> netplan/_features.py
cc -g -fPIC -std=c99 -D_XOPEN_SOURCE=500 -DSBINDIR=\"/usr/sbin\" -Wall -Werror  -g -O2 -ffile-prefix-map=/<<PKGBUILDDIR>>=. -fstack-protector-strong -Wformat -Werror=format-security -Wl,-z,relro -c src/util.c `pkg-config --cflags --libs glib-2.0 gio-2.0 yaml-0.1 uuid`
awk 'match ($0, /netplan-feature:.*/ ) { $0=substr($0, RSTART, RLENGTH); print "    \""$2"\"," }' src/dbus.c src/error.c src/error.h src/generate.c src/netplan.c src/netplan.h src/networkd.c src/networkd.h src/nm.c src/nm.h src/openvswitch.c src/openvswitch.h src/parse-nm.c src/parse-nm.h src/parse.c src/parse.h src/sriov.c src/sriov.h src/util.c src/util.h src/validation.c src/validation.h >> netplan/_features.py
echo "]" >> netplan/_features.py
cc -g -fPIC -std=c99 -D_XOPEN_SOURCE=500 -DSBINDIR=\"/usr/sbin\" -Wall -Werror  -g -O2 -ffile-prefix-map=/<<PKGBUILDDIR>>=. -fstack-protector-strong -Wformat -Werror=format-security -Wl,-z,relro -c src/validation.c `pkg-config --cflags --libs glib-2.0 gio-2.0 yaml-0.1 uuid`
clang: error: -Wl,-z,relro: 'linker' input unused [-Werror,-Wunused-command-line-argument]
clang: error: -lgio-2.0: 'linker' input unused [-Werror,-Wunused-command-line-argument]
clang: error: -lgobject-2.0: 'linker' input unused [-Werror,-Wunused-command-line-argument]
clang: error: -lglib-2.0: 'linker' input unused [-Werror,-Wunused-command-line-argument]
clang: error: -lyaml: 'linker' input unused [-Werror,-Wunused-command-line-argument]
clang: error: -luuid: 'linker' input unused [-Werror,-Wunused-command-line-argument]
clangclang: error: -Wl,-z,relro: 'linker' input unused [-Werror,-Wunused-command-line-argument]
clang: error: -lgio-2.0: 'linker' input unused [-Werror,-Wunused-command-line-argument]
clang: error: -lgobject-2.0: 'linker' input unused [-Werror,-Wunused-command-line-argument]
clang: error: -lglib-2.0: 'linker' input unused [-Werror,-Wunused-command-line-argument]
clang: error: -lyaml: 'linker' input unused [-Werror,-Wunused-command-line-argument]
clang: error: -luuid: 'linker' input unused [-Werror,-Wunused-command-line-argument]
: error: -Wl,-z,relro: 'linker' input unused [-Werror,-Wunused-command-line-argument]
clang: error: -lgio-2.0: 'linker' input unused [-Werror,-Wunused-command-line-argument]
clang: error: -lgobject-2.0: 'linker' input unused [-Werror,-Wunused-command-line-argument]
clang: error: -lglib-2.0: 'linker' input unused [-Werror,-Wunused-command-line-argument]
clang: error: -lyaml: 'linker' input unused [-Werror,-Wunused-command-line-argument]
clang: error: -luuid: 'linker' input unused [-Werror,-Wunused-command-line-argument]
make[1]: *** [Makefile:39: netplan.o] Error 1
make[1]: *** Waiting for unfinished jobs....
make[1]: *** [Makefile:39: util.o] Error 1
make[1]: *** [Makefile:39: parse.o] Error 1
clang: error: -Wl,-z,relro: 'linker' input unused [-Werror,-Wunused-command-line-argument]
clang: error: -lgio-2.0: 'linker' input unused [-Werror,-Wunused-command-line-argument]
clang: error: -lgobject-2.0: 'linker' input unused [-Werror,-Wunused-command-line-argument]
clang: error: -lglib-2.0: 'linker' input unused [-Werror,-Wunused-command-line-argument]
clang: error: -lyaml: 'linker' input unused [-Werror,-Wunused-command-line-argument]
clang: error: -luuid: 'linker' input unused [-Werror,-Wunused-command-line-argument]
make[1]: *** [Makefile:39: validation.o] Error 1
make[1]: Leaving directory '/<<PKGBUILDDIR>>'
dh_auto_build: error: make -j4 "INSTALL=install --strip-program=true" returned exit code 2
make: *** [debian/rules:6: binary] Error 25
dpkg-buildpackage: error: debian/rules binary subprocess returned exit status 2
--------------------------------------------------------------------------------
Build finished at 2021-10-26T22:30:15Z

Finished
--------


+------------------------------------------------------------------------------+
| Cleanup                                                                      |
+------------------------------------------------------------------------------+

Purging /<<BUILDDIR>>
Not cleaning session: cloned chroot in use
E: Build failure (dpkg-buildpackage died)

+------------------------------------------------------------------------------+
| Summary                                                                      |
+------------------------------------------------------------------------------+

Build Architecture: amd64
Build Type: binary
Build-Space: 2016
Build-Time: 1
Distribution: unstable
Fail-Stage: build
Host Architecture: amd64
Install-Time: 20
Job: netplan.io_0.103-3
Machine Architecture: amd64
Package: netplan.io
Package-Time: 42
Source-Version: 0.103-3
Space: 2016
Status: attempted
Version: 0.103-3
--------------------------------------------------------------------------------
Finished at 2021-10-26T22:30:15Z
Build needed 00:00:42, 2016k disk space
E: Build failure (dpkg-buildpackage died)
DC-Status: Failed 43.117981872s
DC-Time-Estimation: 43.117981872 versus expected 129 (r/m: 1.9917912295373488 ; m: 43.117981872)
