DC-Build-Header: nifticlib 3.0.1-8 / 2021-10-26 22:42:40 +0000
DC-Task: type:rebuild-binarch-only source:nifticlib version:3.0.1-8 chroot:unstable esttime:103 logfile:/tmp/nifticlib_3.0.1-8_unstable_clang13.log modes:clang13:binarch-only
DC-Sbuild-call: su user42 -c 'sbuild -n --arch-any --apt-update -d unstable -v --no-run-lintian --chroot-setup-commands=/tmp/clang13 nifticlib_3.0.1-8'
sbuild (Debian sbuild) 0.78.1 (09 February 2019) on ip-172-31-6-254.eu-central-1.compute.internal

+==============================================================================+
| nifticlib 3.0.1-8 (amd64)                    Tue, 26 Oct 2021 22:42:40 +0000 |
+==============================================================================+

Package: nifticlib
Version: 3.0.1-8
Source Version: 3.0.1-8
Distribution: unstable
Machine Architecture: amd64
Host Architecture: amd64
Build Architecture: amd64
Build Type: binary

I: NOTICE: Log filtering will replace 'var/run/schroot/mount/sid-amd64-sbuild-688090ad-c511-48d6-bea3-1058f4dd2f9f' with '<<CHROOT>>'

+------------------------------------------------------------------------------+
| Chroot Setup Commands                                                        |
+------------------------------------------------------------------------------+


/tmp/clang13
------------

+ echo 'Entering customization script...'
Entering customization script...
+ CLANG_VERSION=13
+ echo 'Install of clang-13'
Install of clang-13
+ apt-get update
Get:1 http://127.0.0.1:12990/debian sid InRelease [165 kB]
Get:2 http://127.0.0.1:12990/debian sid/main Sources.diff/Index [63.6 kB]
Get:3 http://127.0.0.1:12990/debian sid/main amd64 Packages.diff/Index [63.6 kB]
Get:4 http://127.0.0.1:12990/debian sid/main Sources T-2021-10-26-2004.40-F-2021-10-26-0202.15.pdiff [47.3 kB]
Get:4 http://127.0.0.1:12990/debian sid/main Sources T-2021-10-26-2004.40-F-2021-10-26-0202.15.pdiff [47.3 kB]
Get:5 http://127.0.0.1:12990/debian sid/main amd64 Packages T-2021-10-26-2004.40-F-2021-10-26-0202.15.pdiff [55.9 kB]
Get:5 http://127.0.0.1:12990/debian sid/main amd64 Packages T-2021-10-26-2004.40-F-2021-10-26-0202.15.pdiff [55.9 kB]
Get:6 http://127.0.0.1:12990/debian sid/main Translation-en [6586 kB]
Fetched 6981 kB in 3s (2746 kB/s)
Reading package lists...
+ apt-get install --yes --no-install-recommends --force-yes clang-13 libomp-13-dev libobjc-9-dev
Reading package lists...
Building dependency tree...
The following additional packages will be installed:
  lib32gcc-s1 lib32stdc++6 libasan5 libbsd0 libc6-i386 libclang-common-13-dev
  libclang-cpp13 libclang1-13 libedit2 libgc1 libgcc-9-dev libicu67 libllvm13
  libmd0 libobjc-11-dev libobjc4 libomp5-13 libxml2 libz3-4
Suggested packages:
  clang-13-doc libomp-13-doc
Recommended packages:
  llvm-13-dev python3
The following NEW packages will be installed:
  clang-13 lib32gcc-s1 lib32stdc++6 libasan5 libbsd0 libc6-i386
  libclang-common-13-dev libclang-cpp13 libclang1-13 libedit2 libgc1
  libgcc-9-dev libicu67 libllvm13 libmd0 libobjc-11-dev libobjc-9-dev libobjc4
  libomp-13-dev libomp5-13 libxml2 libz3-4
0 upgraded, 22 newly installed, 0 to remove and 0 not upgraded.
Need to get 68.5 MB of archives.
After this operation, 379 MB of additional disk space will be used.
Get:1 http://127.0.0.1:12990/debian sid/main amd64 libmd0 amd64 1.0.4-1 [29.6 kB]
Get:2 http://127.0.0.1:12990/debian sid/main amd64 libbsd0 amd64 0.11.3-1 [108 kB]
Get:3 http://127.0.0.1:12990/debian sid/main amd64 libedit2 amd64 3.1-20210910-1 [97.5 kB]
Get:4 http://127.0.0.1:12990/debian sid/main amd64 libicu67 amd64 67.1-7 [8622 kB]
Get:5 http://127.0.0.1:12990/debian sid/main amd64 libxml2 amd64 2.9.12+dfsg-5 [696 kB]
Get:6 http://127.0.0.1:12990/debian sid/main amd64 libz3-4 amd64 4.8.12-1+b1 [6997 kB]
Get:7 http://127.0.0.1:12990/debian sid/main amd64 libllvm13 amd64 1:13.0.0-8 [19.7 MB]
Get:8 http://127.0.0.1:12990/debian sid/main amd64 libclang-cpp13 amd64 1:13.0.0-8 [10.5 MB]
Get:9 http://127.0.0.1:12990/debian sid/main amd64 libgc1 amd64 1:8.0.4-3 [239 kB]
Get:10 http://127.0.0.1:12990/debian sid/main amd64 libobjc4 amd64 11.2.0-10 [43.2 kB]
Get:11 http://127.0.0.1:12990/debian sid/main amd64 libobjc-11-dev amd64 11.2.0-10 [170 kB]
Get:12 http://127.0.0.1:12990/debian sid/main amd64 libc6-i386 amd64 2.32-4 [2624 kB]
Get:13 http://127.0.0.1:12990/debian sid/main amd64 lib32gcc-s1 amd64 11.2.0-10 [49.9 kB]
Get:14 http://127.0.0.1:12990/debian sid/main amd64 lib32stdc++6 amd64 11.2.0-10 [601 kB]
Get:15 http://127.0.0.1:12990/debian sid/main amd64 libclang-common-13-dev amd64 1:13.0.0-8 [5730 kB]
Get:16 http://127.0.0.1:12990/debian sid/main amd64 libclang1-13 amd64 1:13.0.0-8 [6093 kB]
Get:17 http://127.0.0.1:12990/debian sid/main amd64 clang-13 amd64 1:13.0.0-8 [119 kB]
Get:18 http://127.0.0.1:12990/debian sid/main amd64 libasan5 amd64 9.4.0-3 [2734 kB]
Get:19 http://127.0.0.1:12990/debian sid/main amd64 libgcc-9-dev amd64 9.4.0-3 [2343 kB]
Get:20 http://127.0.0.1:12990/debian sid/main amd64 libobjc-9-dev amd64 9.4.0-3 [219 kB]
Get:21 http://127.0.0.1:12990/debian sid/main amd64 libomp5-13 amd64 1:13.0.0-8 [377 kB]
Get:22 http://127.0.0.1:12990/debian sid/main amd64 libomp-13-dev amd64 1:13.0.0-8 [482 kB]
debconf: delaying package configuration, since apt-utils is not installed
Fetched 68.5 MB in 0s (145 MB/s)
Selecting previously unselected package libmd0:amd64.
(Reading database ... (Reading database ... 5%(Reading database ... 10%(Reading database ... 15%(Reading database ... 20%(Reading database ... 25%(Reading database ... 30%(Reading database ... 35%(Reading database ... 40%(Reading database ... 45%(Reading database ... 50%(Reading database ... 55%(Reading database ... 60%(Reading database ... 65%(Reading database ... 70%(Reading database ... 75%(Reading database ... 80%(Reading database ... 85%(Reading database ... 90%(Reading database ... 95%(Reading database ... 100%(Reading database ... 12431 files and directories currently installed.)
Preparing to unpack .../00-libmd0_1.0.4-1_amd64.deb ...
Unpacking libmd0:amd64 (1.0.4-1) ...
Selecting previously unselected package libbsd0:amd64.
Preparing to unpack .../01-libbsd0_0.11.3-1_amd64.deb ...
Unpacking libbsd0:amd64 (0.11.3-1) ...
Selecting previously unselected package libedit2:amd64.
Preparing to unpack .../02-libedit2_3.1-20210910-1_amd64.deb ...
Unpacking libedit2:amd64 (3.1-20210910-1) ...
Selecting previously unselected package libicu67:amd64.
Preparing to unpack .../03-libicu67_67.1-7_amd64.deb ...
Unpacking libicu67:amd64 (67.1-7) ...
Selecting previously unselected package libxml2:amd64.
Preparing to unpack .../04-libxml2_2.9.12+dfsg-5_amd64.deb ...
Unpacking libxml2:amd64 (2.9.12+dfsg-5) ...
Selecting previously unselected package libz3-4:amd64.
Preparing to unpack .../05-libz3-4_4.8.12-1+b1_amd64.deb ...
Unpacking libz3-4:amd64 (4.8.12-1+b1) ...
Selecting previously unselected package libllvm13:amd64.
Preparing to unpack .../06-libllvm13_1%3a13.0.0-8_amd64.deb ...
Unpacking libllvm13:amd64 (1:13.0.0-8) ...
Selecting previously unselected package libclang-cpp13.
Preparing to unpack .../07-libclang-cpp13_1%3a13.0.0-8_amd64.deb ...
Unpacking libclang-cpp13 (1:13.0.0-8) ...
Selecting previously unselected package libgc1:amd64.
Preparing to unpack .../08-libgc1_1%3a8.0.4-3_amd64.deb ...
Unpacking libgc1:amd64 (1:8.0.4-3) ...
Selecting previously unselected package libobjc4:amd64.
Preparing to unpack .../09-libobjc4_11.2.0-10_amd64.deb ...
Unpacking libobjc4:amd64 (11.2.0-10) ...
Selecting previously unselected package libobjc-11-dev:amd64.
Preparing to unpack .../10-libobjc-11-dev_11.2.0-10_amd64.deb ...
Unpacking libobjc-11-dev:amd64 (11.2.0-10) ...
Selecting previously unselected package libc6-i386.
Preparing to unpack .../11-libc6-i386_2.32-4_amd64.deb ...
Unpacking libc6-i386 (2.32-4) ...
Selecting previously unselected package lib32gcc-s1.
Preparing to unpack .../12-lib32gcc-s1_11.2.0-10_amd64.deb ...
Unpacking lib32gcc-s1 (11.2.0-10) ...
Selecting previously unselected package lib32stdc++6.
Preparing to unpack .../13-lib32stdc++6_11.2.0-10_amd64.deb ...
Unpacking lib32stdc++6 (11.2.0-10) ...
Selecting previously unselected package libclang-common-13-dev.
Preparing to unpack .../14-libclang-common-13-dev_1%3a13.0.0-8_amd64.deb ...
Unpacking libclang-common-13-dev (1:13.0.0-8) ...
Selecting previously unselected package libclang1-13.
Preparing to unpack .../15-libclang1-13_1%3a13.0.0-8_amd64.deb ...
Unpacking libclang1-13 (1:13.0.0-8) ...
Selecting previously unselected package clang-13.
Preparing to unpack .../16-clang-13_1%3a13.0.0-8_amd64.deb ...
Unpacking clang-13 (1:13.0.0-8) ...
Selecting previously unselected package libasan5:amd64.
Preparing to unpack .../17-libasan5_9.4.0-3_amd64.deb ...
Unpacking libasan5:amd64 (9.4.0-3) ...
Selecting previously unselected package libgcc-9-dev:amd64.
Preparing to unpack .../18-libgcc-9-dev_9.4.0-3_amd64.deb ...
Unpacking libgcc-9-dev:amd64 (9.4.0-3) ...
Selecting previously unselected package libobjc-9-dev:amd64.
Preparing to unpack .../19-libobjc-9-dev_9.4.0-3_amd64.deb ...
Unpacking libobjc-9-dev:amd64 (9.4.0-3) ...
Selecting previously unselected package libomp5-13:amd64.
Preparing to unpack .../20-libomp5-13_1%3a13.0.0-8_amd64.deb ...
Unpacking libomp5-13:amd64 (1:13.0.0-8) ...
Selecting previously unselected package libomp-13-dev.
Preparing to unpack .../21-libomp-13-dev_1%3a13.0.0-8_amd64.deb ...
Unpacking libomp-13-dev (1:13.0.0-8) ...
Setting up libicu67:amd64 (67.1-7) ...
Setting up libasan5:amd64 (9.4.0-3) ...
Setting up libz3-4:amd64 (4.8.12-1+b1) ...
Setting up libgc1:amd64 (1:8.0.4-3) ...
Setting up libmd0:amd64 (1.0.4-1) ...
Setting up libc6-i386 (2.32-4) ...
Setting up libomp5-13:amd64 (1:13.0.0-8) ...
Setting up libbsd0:amd64 (0.11.3-1) ...
Setting up libxml2:amd64 (2.9.12+dfsg-5) ...
Setting up libedit2:amd64 (3.1-20210910-1) ...
Setting up libobjc4:amd64 (11.2.0-10) ...
Setting up libgcc-9-dev:amd64 (9.4.0-3) ...
Setting up lib32gcc-s1 (11.2.0-10) ...
Setting up lib32stdc++6 (11.2.0-10) ...
Setting up libllvm13:amd64 (1:13.0.0-8) ...
Setting up libobjc-9-dev:amd64 (9.4.0-3) ...
Setting up libclang-common-13-dev (1:13.0.0-8) ...
Setting up libomp-13-dev (1:13.0.0-8) ...
Setting up libobjc-11-dev:amd64 (11.2.0-10) ...
Setting up libclang1-13 (1:13.0.0-8) ...
Setting up libclang-cpp13 (1:13.0.0-8) ...
Setting up clang-13 (1:13.0.0-8) ...
Processing triggers for libc-bin (2.32-4) ...
W: --force-yes is deprecated, use one of the options starting with --allow instead.
+ echo 'Replace gcc, g++ & cpp by clang'
Replace gcc, g++ & cpp by clang
+ VERSIONS='4.6 4.7 4.8 4.9 5 6 7 8 9 10 11'
+ cd /usr/bin
+ for VERSION in $VERSIONS
+ rm -f g++-4.6 gcc-4.6 cpp-4.6 gcc
+ ln -s clang++-13 g++-4.6
+ ln -s clang-13 gcc-4.6
+ ln -s clang-13 cpp-4.6
+ ln -s clang-13 gcc
+ echo 'gcc-4.6 hold'
+ dpkg --set-selections
dpkg: warning: package not in status nor available database at line 1: gcc-4.6
dpkg: warning: found unknown packages; this might mean the available database
is outdated, and needs to be updated through a frontend method;
please see the FAQ <https://wiki.debian.org/Teams/Dpkg/FAQ>
+ echo 'g++-4.6 hold'
+ dpkg --set-selections
dpkg: warning: package not in status nor available database at line 1: g++-4.6
dpkg: warning: found unknown packages; this might mean the available database
is outdated, and needs to be updated through a frontend method;
please see the FAQ <https://wiki.debian.org/Teams/Dpkg/FAQ>
+ for VERSION in $VERSIONS
+ rm -f g++-4.7 gcc-4.7 cpp-4.7 gcc
+ ln -s clang++-13 g++-4.7
+ ln -s clang-13 gcc-4.7
+ ln -s clang-13 cpp-4.7
+ ln -s clang-13 gcc
+ echo 'gcc-4.7 hold'
+ dpkg --set-selections
dpkg: warning: package not in status nor available database at line 1: gcc-4.7
dpkg: warning: found unknown packages; this might mean the available database
is outdated, and needs to be updated through a frontend method;
please see the FAQ <https://wiki.debian.org/Teams/Dpkg/FAQ>
+ echo 'g++-4.7 hold'
+ dpkg --set-selections
dpkg: warning: package not in status nor available database at line 1: g++-4.7
dpkg: warning: found unknown packages; this might mean the available database
is outdated, and needs to be updated through a frontend method;
please see the FAQ <https://wiki.debian.org/Teams/Dpkg/FAQ>
+ for VERSION in $VERSIONS
+ rm -f g++-4.8 gcc-4.8 cpp-4.8 gcc
+ ln -s clang++-13 g++-4.8
+ ln -s clang-13 gcc-4.8
+ ln -s clang-13 cpp-4.8
+ ln -s clang-13 gcc
+ echo 'gcc-4.8 hold'
+ dpkg --set-selections
dpkg: warning: package not in status nor available database at line 1: gcc-4.8
dpkg: warning: found unknown packages; this might mean the available database
is outdated, and needs to be updated through a frontend method;
please see the FAQ <https://wiki.debian.org/Teams/Dpkg/FAQ>
+ echo 'g++-4.8 hold'
+ dpkg --set-selections
dpkg: warning: package not in status nor available database at line 1: g++-4.8
dpkg: warning: found unknown packages; this might mean the available database
is outdated, and needs to be updated through a frontend method;
please see the FAQ <https://wiki.debian.org/Teams/Dpkg/FAQ>
+ for VERSION in $VERSIONS
+ rm -f g++-4.9 gcc-4.9 cpp-4.9 gcc
+ ln -s clang++-13 g++-4.9
+ ln -s clang-13 gcc-4.9
+ ln -s clang-13 cpp-4.9
+ ln -s clang-13 gcc
+ echo 'gcc-4.9 hold'
+ dpkg --set-selections
dpkg: warning: package not in status nor available database at line 1: gcc-4.9
dpkg: warning: found unknown packages; this might mean the available database
is outdated, and needs to be updated through a frontend method;
please see the FAQ <https://wiki.debian.org/Teams/Dpkg/FAQ>
+ echo 'g++-4.9 hold'
+ dpkg --set-selections
dpkg: warning: package not in status nor available database at line 1: g++-4.9
dpkg: warning: found unknown packages; this might mean the available database
is outdated, and needs to be updated through a frontend method;
please see the FAQ <https://wiki.debian.org/Teams/Dpkg/FAQ>
+ for VERSION in $VERSIONS
+ rm -f g++-5 gcc-5 cpp-5 gcc
+ ln -s clang++-13 g++-5
+ ln -s clang-13 gcc-5
+ ln -s clang-13 cpp-5
+ ln -s clang-13 gcc
+ echo 'gcc-5 hold'
+ dpkg --set-selections
dpkg: warning: package not in status nor available database at line 1: gcc-5
dpkg: warning: found unknown packages; this might mean the available database
is outdated, and needs to be updated through a frontend method;
please see the FAQ <https://wiki.debian.org/Teams/Dpkg/FAQ>
+ echo 'g++-5 hold'
+ dpkg --set-selections
dpkg: warning: package not in status nor available database at line 1: g++-5
dpkg: warning: found unknown packages; this might mean the available database
is outdated, and needs to be updated through a frontend method;
please see the FAQ <https://wiki.debian.org/Teams/Dpkg/FAQ>
+ for VERSION in $VERSIONS
+ rm -f g++-6 gcc-6 cpp-6 gcc
+ ln -s clang++-13 g++-6
+ ln -s clang-13 gcc-6
+ ln -s clang-13 cpp-6
+ ln -s clang-13 gcc
+ echo 'gcc-6 hold'
+ dpkg --set-selections
dpkg: warning: package not in status nor available database at line 1: gcc-6
dpkg: warning: found unknown packages; this might mean the available database
is outdated, and needs to be updated through a frontend method;
please see the FAQ <https://wiki.debian.org/Teams/Dpkg/FAQ>
+ echo 'g++-6 hold'
+ dpkg --set-selections
dpkg: warning: package not in status nor available database at line 1: g++-6
dpkg: warning: found unknown packages; this might mean the available database
is outdated, and needs to be updated through a frontend method;
please see the FAQ <https://wiki.debian.org/Teams/Dpkg/FAQ>
+ for VERSION in $VERSIONS
+ rm -f g++-7 gcc-7 cpp-7 gcc
+ ln -s clang++-13 g++-7
+ ln -s clang-13 gcc-7
+ ln -s clang-13 cpp-7
+ ln -s clang-13 gcc
+ echo 'gcc-7 hold'
+ dpkg --set-selections
dpkg: warning: package not in status nor available database at line 1: gcc-7
dpkg: warning: found unknown packages; this might mean the available database
is outdated, and needs to be updated through a frontend method;
please see the FAQ <https://wiki.debian.org/Teams/Dpkg/FAQ>
+ echo 'g++-7 hold'
+ dpkg --set-selections
dpkg: warning: package not in status nor available database at line 1: g++-7
dpkg: warning: found unknown packages; this might mean the available database
is outdated, and needs to be updated through a frontend method;
please see the FAQ <https://wiki.debian.org/Teams/Dpkg/FAQ>
+ for VERSION in $VERSIONS
+ rm -f g++-8 gcc-8 cpp-8 gcc
+ ln -s clang++-13 g++-8
+ ln -s clang-13 gcc-8
+ ln -s clang-13 cpp-8
+ ln -s clang-13 gcc
+ echo 'gcc-8 hold'
+ dpkg --set-selections
dpkg: warning: package not in status nor available database at line 1: gcc-8
dpkg: warning: found unknown packages; this might mean the available database
is outdated, and needs to be updated through a frontend method;
please see the FAQ <https://wiki.debian.org/Teams/Dpkg/FAQ>
+ echo 'g++-8 hold'
+ dpkg --set-selections
dpkg: warning: package not in status nor available database at line 1: g++-8
dpkg: warning: found unknown packages; this might mean the available database
is outdated, and needs to be updated through a frontend method;
please see the FAQ <https://wiki.debian.org/Teams/Dpkg/FAQ>
+ for VERSION in $VERSIONS
+ rm -f g++-9 gcc-9 cpp-9 gcc
+ ln -s clang++-13 g++-9
+ ln -s clang-13 gcc-9
+ ln -s clang-13 cpp-9
+ ln -s clang-13 gcc
+ echo 'gcc-9 hold'
+ dpkg --set-selections
dpkg: warning: package not in status nor available database at line 1: gcc-9
dpkg: warning: found unknown packages; this might mean the available database
is outdated, and needs to be updated through a frontend method;
please see the FAQ <https://wiki.debian.org/Teams/Dpkg/FAQ>
+ echo 'g++-9 hold'
+ dpkg --set-selections
dpkg: warning: package not in status nor available database at line 1: g++-9
dpkg: warning: found unknown packages; this might mean the available database
is outdated, and needs to be updated through a frontend method;
please see the FAQ <https://wiki.debian.org/Teams/Dpkg/FAQ>
+ for VERSION in $VERSIONS
+ rm -f g++-10 gcc-10 cpp-10 gcc
+ ln -s clang++-13 g++-10
+ ln -s clang-13 gcc-10
+ ln -s clang-13 cpp-10
+ ln -s clang-13 gcc
+ echo 'gcc-10 hold'
+ dpkg --set-selections
dpkg: warning: package not in status nor available database at line 1: gcc-10
dpkg: warning: found unknown packages; this might mean the available database
is outdated, and needs to be updated through a frontend method;
please see the FAQ <https://wiki.debian.org/Teams/Dpkg/FAQ>
+ echo 'g++-10 hold'
+ dpkg --set-selections
dpkg: warning: package not in status nor available database at line 1: g++-10
dpkg: warning: found unknown packages; this might mean the available database
is outdated, and needs to be updated through a frontend method;
please see the FAQ <https://wiki.debian.org/Teams/Dpkg/FAQ>
+ for VERSION in $VERSIONS
+ rm -f g++-11 gcc-11 cpp-11 gcc
+ ln -s clang++-13 g++-11
+ ln -s clang-13 gcc-11
+ ln -s clang-13 cpp-11
+ ln -s clang-13 gcc
+ echo 'gcc-11 hold'
+ dpkg --set-selections
+ echo 'g++-11 hold'
+ dpkg --set-selections
+ cd -
/build/nifticlib-osTGwu
+ echo 'Check if gcc, g++ & cpp are actually clang'
Check if gcc, g++ & cpp are actually clang
+ gcc --version
+ grep clang
+ cpp --version
+ grep clang
+ g++ --version
+ grep clang
+ cd /usr/bin/
+ rm -f clang++ clang
+ ln -s clang-13 clang++
+ ln -s clang-13 clang
+ clang++ --version
Debian clang version 13.0.0-8
Target: x86_64-pc-linux-gnu
Thread model: posix
InstalledDir: /usr/bin
+ clang --version
Debian clang version 13.0.0-8
Target: x86_64-pc-linux-gnu
Thread model: posix
InstalledDir: /usr/bin
+ cd -
/build/nifticlib-osTGwu
+ apt install --yes --no-install-recommends --force-yes qt5-qmake

WARNING: apt does not have a stable CLI interface. Use with caution in scripts.

Reading package lists...
Building dependency tree...
Reading state information...
The following additional packages will be installed:
  qt5-qmake-bin qtchooser
The following NEW packages will be installed:
  qt5-qmake qt5-qmake-bin qtchooser
0 upgraded, 3 newly installed, 0 to remove and 0 not upgraded.
Need to get 1322 kB of archives.
After this operation, 4914 kB of additional disk space will be used.
Get:1 http://127.0.0.1:12990/debian sid/main amd64 qt5-qmake-bin amd64 5.15.2+dfsg-12 [1046 kB]
Get:2 http://127.0.0.1:12990/debian sid/main amd64 qtchooser amd64 66-2 [26.3 kB]
Get:3 http://127.0.0.1:12990/debian sid/main amd64 qt5-qmake amd64 5.15.2+dfsg-12 [249 kB]
debconf: delaying package configuration, since apt-utils is not installed
Fetched 1322 kB in 0s (57.8 MB/s)
Selecting previously unselected package qt5-qmake-bin.
(Reading database ... (Reading database ... 5%(Reading database ... 10%(Reading database ... 15%(Reading database ... 20%(Reading database ... 25%(Reading database ... 30%(Reading database ... 35%(Reading database ... 40%(Reading database ... 45%(Reading database ... 50%(Reading database ... 55%(Reading database ... 60%(Reading database ... 65%(Reading database ... 70%(Reading database ... 75%(Reading database ... 80%(Reading database ... 85%(Reading database ... 90%(Reading database ... 95%(Reading database ... 100%(Reading database ... 13528 files and directories currently installed.)
Preparing to unpack .../qt5-qmake-bin_5.15.2+dfsg-12_amd64.deb ...
Unpacking qt5-qmake-bin (5.15.2+dfsg-12) ...
Selecting previously unselected package qtchooser.
Preparing to unpack .../qtchooser_66-2_amd64.deb ...
Unpacking qtchooser (66-2) ...
Selecting previously unselected package qt5-qmake:amd64.
Preparing to unpack .../qt5-qmake_5.15.2+dfsg-12_amd64.deb ...
Unpacking qt5-qmake:amd64 (5.15.2+dfsg-12) ...
Setting up qt5-qmake-bin (5.15.2+dfsg-12) ...
Setting up qtchooser (66-2) ...
Setting up qt5-qmake:amd64 (5.15.2+dfsg-12) ...
W: --force-yes is deprecated, use one of the options starting with --allow instead.
+ cp /usr/lib/x86_64-linux-gnu/qt5/mkspecs/linux-clang/qmake.conf /usr/lib/x86_64-linux-gnu/qt5/mkspecs/linux-clang/qplatformdefs.h /usr/lib/x86_64-linux-gnu/qt5/mkspecs/linux-g++/
+ ls -al /usr/lib/x86_64-linux-gnu/qt5/mkspecs/linux-g++/
total 16
drwxr-xr-x  2 root root 4096 Oct 26 22:42 .
drwxr-xr-x 76 root root 4096 Oct 26 22:42 ..
-rw-r--r--  1 root root  276 Oct 26 22:43 qmake.conf
-rw-r--r--  1 root root 3218 Oct 26 22:43 qplatformdefs.h
+ cat /usr/lib/x86_64-linux-gnu/qt5/mkspecs/linux-g++/qmake.conf
#
# qmake configuration for linux-clang
#

MAKEFILE_GENERATOR = UNIX
CONFIG += incremental

QMAKE_INCREMENTAL_STYLE = sublib

include(../common/linux.conf)
include(../common/gcc-base-unix.conf)
include(../common/clang.conf)

QMAKE_LFLAGS += -ccc-gcc-name g++

load(qt_config)
+ export QMAKESPEC=/usr/lib/x86_64-linux-gnu/qt5/mkspecs/linux-clang/
+ QMAKESPEC=/usr/lib/x86_64-linux-gnu/qt5/mkspecs/linux-clang/
+ sed -i -e 's|compare_problem(2,|compare_problem(0,|g' /usr/bin/dpkg-gensymbols
+ sed -i -e 's|compare_problem(1,|compare_problem(0,|g' /usr/bin/dpkg-gensymbols
+ grep 'compare_problem(' /usr/bin/dpkg-gensymbols
        compare_problem(4, g_('new libraries appeared in the symbols file: %s'), "@libs");
        compare_problem(3, g_('some libraries disappeared in the symbols file: %s'), "@libs");
        compare_problem(0, g_('some new symbols appeared in the symbols file: %s'),
        compare_problem(0, g_('some symbols or patterns disappeared in the symbols file: %s'),

I: Finished running '/tmp/clang13'.

Finished processing commands.
--------------------------------------------------------------------------------
I: NOTICE: Log filtering will replace 'build/nifticlib-osTGwu/resolver-X2N5QA' with '<<RESOLVERDIR>>'

+------------------------------------------------------------------------------+
| Update chroot                                                                |
+------------------------------------------------------------------------------+

Hit:1 http://127.0.0.1:12990/debian sid InRelease
Reading package lists...
Reading package lists...
Building dependency tree...
Reading state information...
Calculating upgrade...
0 upgraded, 0 newly installed, 0 to remove and 0 not upgraded.

+------------------------------------------------------------------------------+
| Fetch source files                                                           |
+------------------------------------------------------------------------------+


Check APT
---------

Checking available source versions...

Download source files with APT
------------------------------

Reading package lists...
NOTICE: 'nifticlib' packaging is maintained in the 'Git' version control system at:
https://salsa.debian.org/med-team/nifticlib.git
Please use:
git clone https://salsa.debian.org/med-team/nifticlib.git
to retrieve the latest (possibly unreleased) updates to the package.
Need to get 453 kB of source archives.
Get:1 http://127.0.0.1:12990/debian sid/main nifticlib 3.0.1-8 (dsc) [2599 B]
Get:2 http://127.0.0.1:12990/debian sid/main nifticlib 3.0.1-8 (tar) [439 kB]
Get:3 http://127.0.0.1:12990/debian sid/main nifticlib 3.0.1-8 (diff) [11.8 kB]
Fetched 453 kB in 0s (5435 kB/s)
Download complete and in download only mode
I: NOTICE: Log filtering will replace 'build/nifticlib-osTGwu/nifticlib-3.0.1' with '<<PKGBUILDDIR>>'
I: NOTICE: Log filtering will replace 'build/nifticlib-osTGwu' with '<<BUILDDIR>>'

+------------------------------------------------------------------------------+
| Install package build dependencies                                           |
+------------------------------------------------------------------------------+


Setup apt archive
-----------------

Merged Build-Depends: debhelper-compat (= 13), d-shlibs, cmake, zlib1g-dev, doxygen, python3, graphviz, build-essential, fakeroot
Filtered Build-Depends: debhelper-compat (= 13), d-shlibs, cmake, zlib1g-dev, doxygen, python3, graphviz, build-essential, fakeroot
dpkg-deb: building package 'sbuild-build-depends-main-dummy' in '/<<RESOLVERDIR>>/apt_archive/sbuild-build-depends-main-dummy.deb'.
Ign:1 copy:/<<RESOLVERDIR>>/apt_archive ./ InRelease
Get:2 copy:/<<RESOLVERDIR>>/apt_archive ./ Release [957 B]
Ign:3 copy:/<<RESOLVERDIR>>/apt_archive ./ Release.gpg
Get:4 copy:/<<RESOLVERDIR>>/apt_archive ./ Sources [410 B]
Get:5 copy:/<<RESOLVERDIR>>/apt_archive ./ Packages [489 B]
Fetched 1856 B in 0s (182 kB/s)
Reading package lists...
Reading package lists...

Install main build dependencies (apt-based resolver)
----------------------------------------------------

Installing build dependencies
Reading package lists...
Building dependency tree...
Reading state information...
The following additional packages will be installed:
  autoconf automake autopoint autotools-dev bsdextrautils cmake cmake-data
  d-shlibs debhelper dh-autoreconf dh-elpa-helper dh-strip-nondeterminism
  doxygen dwz emacsen-common file fontconfig fontconfig-config
  fonts-dejavu-core gettext gettext-base graphviz groff-base intltool-debian
  libann0 libarchive-zip-perl libarchive13 libbrotli1 libcairo2 libcdt5
  libcgraph6 libclang-cpp11 libclang1-11 libcurl4 libdatrie1 libdebhelper-perl
  libdeflate0 libelf1 libexpat1 libfile-stripnondeterminism-perl
  libfontconfig1 libfreetype6 libfribidi0 libgd3 libglib2.0-0 libgraphite2-3
  libgts-0.7-5 libgvc6 libgvpr2 libharfbuzz0b libice6 libjbig0 libjpeg62-turbo
  libjsoncpp24 liblab-gamut1 libldap-2.4-2 libllvm11 libltdl7 libmagic-mgc
  libmagic1 libmpdec3 libncurses6 libncursesw6 libnghttp2-14 libpango-1.0-0
  libpangocairo-1.0-0 libpangoft2-1.0-0 libpathplan4 libpipeline1
  libpixman-1-0 libpng16-16 libprocps8 libpsl5 libpython3-stdlib
  libpython3.9-minimal libpython3.9-stdlib libreadline8 librhash0 librtmp1
  libsasl2-2 libsasl2-modules-db libsigsegv2 libsm6 libsqlite3-0 libssh2-1
  libsub-override-perl libthai-data libthai0 libtiff5 libtool libuchardet0
  libuv1 libwebp6 libx11-6 libx11-data libxapian30 libxau6 libxaw7
  libxcb-render0 libxcb-shm0 libxcb1 libxdmcp6 libxext6 libxmu6 libxpm4
  libxrender1 libxt6 m4 man-db media-types po-debconf procps python3
  python3-minimal python3.9 python3.9-minimal readline-common sensible-utils
  ucf x11-common zlib1g-dev
Suggested packages:
  autoconf-archive gnu-standards autoconf-doc cmake-doc ninja-build dh-make
  doxygen-latex doxygen-doc doxygen-gui gettext-doc libasprintf-dev
  libgettextpo-dev gsfonts graphviz-doc groff lrzip libgd-tools libtool-doc
  gfortran | fortran95-compiler gcj-jdk xapian-tools m4-doc apparmor less
  www-browser libmail-box-perl python3-doc python3-tk python3-venv
  python3.9-venv python3.9-doc binfmt-support readline-doc
Recommended packages:
  curl | wget | lynx fonts-liberation ca-certificates libarchive-cpio-perl
  libglib2.0-data shared-mime-info xdg-user-dirs libgts-bin libldap-common
  libgpm2 publicsuffix libsasl2-modules libltdl-dev libmail-sendmail-perl
  psmisc
The following NEW packages will be installed:
  autoconf automake autopoint autotools-dev bsdextrautils cmake cmake-data
  d-shlibs debhelper dh-autoreconf dh-elpa-helper dh-strip-nondeterminism
  doxygen dwz emacsen-common file fontconfig fontconfig-config
  fonts-dejavu-core gettext gettext-base graphviz groff-base intltool-debian
  libann0 libarchive-zip-perl libarchive13 libbrotli1 libcairo2 libcdt5
  libcgraph6 libclang-cpp11 libclang1-11 libcurl4 libdatrie1 libdebhelper-perl
  libdeflate0 libelf1 libexpat1 libfile-stripnondeterminism-perl
  libfontconfig1 libfreetype6 libfribidi0 libgd3 libglib2.0-0 libgraphite2-3
  libgts-0.7-5 libgvc6 libgvpr2 libharfbuzz0b libice6 libjbig0 libjpeg62-turbo
  libjsoncpp24 liblab-gamut1 libldap-2.4-2 libllvm11 libltdl7 libmagic-mgc
  libmagic1 libmpdec3 libncurses6 libncursesw6 libnghttp2-14 libpango-1.0-0
  libpangocairo-1.0-0 libpangoft2-1.0-0 libpathplan4 libpipeline1
  libpixman-1-0 libpng16-16 libprocps8 libpsl5 libpython3-stdlib
  libpython3.9-minimal libpython3.9-stdlib libreadline8 librhash0 librtmp1
  libsasl2-2 libsasl2-modules-db libsigsegv2 libsm6 libsqlite3-0 libssh2-1
  libsub-override-perl libthai-data libthai0 libtiff5 libtool libuchardet0
  libuv1 libwebp6 libx11-6 libx11-data libxapian30 libxau6 libxaw7
  libxcb-render0 libxcb-shm0 libxcb1 libxdmcp6 libxext6 libxmu6 libxpm4
  libxrender1 libxt6 m4 man-db media-types po-debconf procps python3
  python3-minimal python3.9 python3.9-minimal readline-common
  sbuild-build-depends-main-dummy sensible-utils ucf x11-common zlib1g-dev
0 upgraded, 122 newly installed, 0 to remove and 0 not upgraded.
Need to get 80.3 MB of archives.
After this operation, 312 MB of additional disk space will be used.
Get:1 copy:/<<RESOLVERDIR>>/apt_archive ./ sbuild-build-depends-main-dummy 0.invalid.0 [920 B]
Get:2 http://127.0.0.1:12990/debian sid/main amd64 bsdextrautils amd64 2.37.2-4 [143 kB]
Get:3 http://127.0.0.1:12990/debian sid/main amd64 libuchardet0 amd64 0.0.7-1 [67.8 kB]
Get:4 http://127.0.0.1:12990/debian sid/main amd64 groff-base amd64 1.22.4-7 [935 kB]
Get:5 http://127.0.0.1:12990/debian sid/main amd64 libpipeline1 amd64 1.5.3-1 [34.3 kB]
Get:6 http://127.0.0.1:12990/debian sid/main amd64 man-db amd64 2.9.4-2 [1354 kB]
Get:7 http://127.0.0.1:12990/debian sid/main amd64 libpython3.9-minimal amd64 3.9.7-4 [804 kB]
Get:8 http://127.0.0.1:12990/debian sid/main amd64 libexpat1 amd64 2.4.1-3 [104 kB]
Get:9 http://127.0.0.1:12990/debian sid/main amd64 python3.9-minimal amd64 3.9.7-4 [1963 kB]
Get:10 http://127.0.0.1:12990/debian sid/main amd64 python3-minimal amd64 3.9.2-3 [38.2 kB]
Get:11 http://127.0.0.1:12990/debian sid/main amd64 media-types all 4.0.0 [30.3 kB]
Get:12 http://127.0.0.1:12990/debian sid/main amd64 libmpdec3 amd64 2.5.1-2 [87.8 kB]
Get:13 http://127.0.0.1:12990/debian sid/main amd64 libncursesw6 amd64 6.2+20210905-1 [133 kB]
Get:14 http://127.0.0.1:12990/debian sid/main amd64 readline-common all 8.1-2 [73.8 kB]
Get:15 http://127.0.0.1:12990/debian sid/main amd64 libreadline8 amd64 8.1-2 [168 kB]
Get:16 http://127.0.0.1:12990/debian sid/main amd64 libsqlite3-0 amd64 3.36.0-2 [815 kB]
Get:17 http://127.0.0.1:12990/debian sid/main amd64 libpython3.9-stdlib amd64 3.9.7-4 [1688 kB]
Get:18 http://127.0.0.1:12990/debian sid/main amd64 python3.9 amd64 3.9.7-4 [480 kB]
Get:19 http://127.0.0.1:12990/debian sid/main amd64 libpython3-stdlib amd64 3.9.2-3 [21.4 kB]
Get:20 http://127.0.0.1:12990/debian sid/main amd64 python3 amd64 3.9.2-3 [37.9 kB]
Get:21 http://127.0.0.1:12990/debian sid/main amd64 libncurses6 amd64 6.2+20210905-1 [102 kB]
Get:22 http://127.0.0.1:12990/debian sid/main amd64 libprocps8 amd64 2:3.3.17-5 [63.9 kB]
Get:23 http://127.0.0.1:12990/debian sid/main amd64 procps amd64 2:3.3.17-5 [502 kB]
Get:24 http://127.0.0.1:12990/debian sid/main amd64 sensible-utils all 0.0.17 [21.5 kB]
Get:25 http://127.0.0.1:12990/debian sid/main amd64 libmagic-mgc amd64 1:5.39-3 [273 kB]
Get:26 http://127.0.0.1:12990/debian sid/main amd64 libmagic1 amd64 1:5.39-3 [126 kB]
Get:27 http://127.0.0.1:12990/debian sid/main amd64 file amd64 1:5.39-3 [69.1 kB]
Get:28 http://127.0.0.1:12990/debian sid/main amd64 gettext-base amd64 0.21-4 [175 kB]
Get:29 http://127.0.0.1:12990/debian sid/main amd64 ucf all 3.0043 [74.0 kB]
Get:30 http://127.0.0.1:12990/debian sid/main amd64 libsigsegv2 amd64 2.13-1 [34.8 kB]
Get:31 http://127.0.0.1:12990/debian sid/main amd64 m4 amd64 1.4.18-5 [204 kB]
Get:32 http://127.0.0.1:12990/debian sid/main amd64 autoconf all 2.71-2 [343 kB]
Get:33 http://127.0.0.1:12990/debian sid/main amd64 autotools-dev all 20180224.1+nmu1 [77.1 kB]
Get:34 http://127.0.0.1:12990/debian sid/main amd64 automake all 1:1.16.5-1 [823 kB]
Get:35 http://127.0.0.1:12990/debian sid/main amd64 autopoint all 0.21-4 [510 kB]
Get:36 http://127.0.0.1:12990/debian sid/main amd64 libarchive13 amd64 3.4.3-2+b1 [343 kB]
Get:37 http://127.0.0.1:12990/debian sid/main amd64 libbrotli1 amd64 1.0.9-2+b2 [279 kB]
Get:38 http://127.0.0.1:12990/debian sid/main amd64 libsasl2-modules-db amd64 2.1.27+dfsg-2.1 [69.1 kB]
Get:39 http://127.0.0.1:12990/debian sid/main amd64 libsasl2-2 amd64 2.1.27+dfsg-2.1 [106 kB]
Get:40 http://127.0.0.1:12990/debian sid/main amd64 libldap-2.4-2 amd64 2.4.59+dfsg-1 [232 kB]
Get:41 http://127.0.0.1:12990/debian sid/main amd64 libnghttp2-14 amd64 1.43.0-1 [77.1 kB]
Get:42 http://127.0.0.1:12990/debian sid/main amd64 libpsl5 amd64 0.21.0-1.2 [57.3 kB]
Get:43 http://127.0.0.1:12990/debian sid/main amd64 librtmp1 amd64 2.4+20151223.gitfa8646d.1-2+b2 [60.8 kB]
Get:44 http://127.0.0.1:12990/debian sid/main amd64 libssh2-1 amd64 1.10.0-2 [178 kB]
Get:45 http://127.0.0.1:12990/debian sid/main amd64 libcurl4 amd64 7.74.0-1.3+b1 [341 kB]
Get:46 http://127.0.0.1:12990/debian sid/main amd64 libjsoncpp24 amd64 1.9.4-5 [78.8 kB]
Get:47 http://127.0.0.1:12990/debian sid/main amd64 librhash0 amd64 1.4.2-1 [129 kB]
Get:48 http://127.0.0.1:12990/debian sid/main amd64 libuv1 amd64 1.42.0-1 [135 kB]
Get:49 http://127.0.0.1:12990/debian sid/main amd64 dh-elpa-helper all 2.0.9 [11.2 kB]
Get:50 http://127.0.0.1:12990/debian sid/main amd64 emacsen-common all 3.0.4 [19.3 kB]
Get:51 http://127.0.0.1:12990/debian sid/main amd64 cmake-data all 3.21.3-5 [1878 kB]
Get:52 http://127.0.0.1:12990/debian sid/main amd64 cmake amd64 3.21.3-5 [7907 kB]
Get:53 http://127.0.0.1:12990/debian sid/main amd64 d-shlibs all 0.103 [18.2 kB]
Get:54 http://127.0.0.1:12990/debian sid/main amd64 libdebhelper-perl all 13.5.2 [192 kB]
Get:55 http://127.0.0.1:12990/debian sid/main amd64 libtool all 2.4.6-15 [513 kB]
Get:56 http://127.0.0.1:12990/debian sid/main amd64 dh-autoreconf all 20 [17.1 kB]
Get:57 http://127.0.0.1:12990/debian sid/main amd64 libarchive-zip-perl all 1.68-1 [104 kB]
Get:58 http://127.0.0.1:12990/debian sid/main amd64 libsub-override-perl all 0.09-2 [10.2 kB]
Get:59 http://127.0.0.1:12990/debian sid/main amd64 libfile-stripnondeterminism-perl all 1.12.0-2 [26.3 kB]
Get:60 http://127.0.0.1:12990/debian sid/main amd64 dh-strip-nondeterminism all 1.12.0-2 [15.5 kB]
Get:61 http://127.0.0.1:12990/debian sid/main amd64 libelf1 amd64 0.185-2 [172 kB]
Get:62 http://127.0.0.1:12990/debian sid/main amd64 dwz amd64 0.14-1 [98.3 kB]
Get:63 http://127.0.0.1:12990/debian sid/main amd64 gettext amd64 0.21-4 [1311 kB]
Get:64 http://127.0.0.1:12990/debian sid/main amd64 intltool-debian all 0.35.0+20060710.5 [26.8 kB]
Get:65 http://127.0.0.1:12990/debian sid/main amd64 po-debconf all 1.0.21+nmu1 [248 kB]
Get:66 http://127.0.0.1:12990/debian sid/main amd64 debhelper all 13.5.2 [1056 kB]
Get:67 http://127.0.0.1:12990/debian sid/main amd64 libllvm11 amd64 1:11.1.0-4 [17.9 MB]
Get:68 http://127.0.0.1:12990/debian sid/main amd64 libclang-cpp11 amd64 1:11.1.0-4 [9662 kB]
Get:69 http://127.0.0.1:12990/debian sid/main amd64 libclang1-11 amd64 1:11.1.0-4 [5522 kB]
Get:70 http://127.0.0.1:12990/debian sid/main amd64 libxapian30 amd64 1.4.18-3 [1089 kB]
Get:71 http://127.0.0.1:12990/debian sid/main amd64 doxygen amd64 1.9.1-2 [4234 kB]
Get:72 http://127.0.0.1:12990/debian sid/main amd64 libpng16-16 amd64 1.6.37-3 [294 kB]
Get:73 http://127.0.0.1:12990/debian sid/main amd64 libfreetype6 amd64 2.11.0+dfsg-1 [453 kB]
Get:74 http://127.0.0.1:12990/debian sid/main amd64 fonts-dejavu-core all 2.37-2 [1069 kB]
Get:75 http://127.0.0.1:12990/debian sid/main amd64 fontconfig-config all 2.13.1-4.2 [281 kB]
Get:76 http://127.0.0.1:12990/debian sid/main amd64 libfontconfig1 amd64 2.13.1-4.2 [347 kB]
Get:77 http://127.0.0.1:12990/debian sid/main amd64 fontconfig amd64 2.13.1-4.2 [417 kB]
Get:78 http://127.0.0.1:12990/debian sid/main amd64 libann0 amd64 1.1.2+doc-7 [25.3 kB]
Get:79 http://127.0.0.1:12990/debian sid/main amd64 libcdt5 amd64 2.42.2-5 [62.2 kB]
Get:80 http://127.0.0.1:12990/debian sid/main amd64 libcgraph6 amd64 2.42.2-5 [85.5 kB]
Get:81 http://127.0.0.1:12990/debian sid/main amd64 libjpeg62-turbo amd64 1:2.0.6-4 [151 kB]
Get:82 http://127.0.0.1:12990/debian sid/main amd64 libdeflate0 amd64 1.8-1 [53.1 kB]
Get:83 http://127.0.0.1:12990/debian sid/main amd64 libjbig0 amd64 2.1-3.1+b2 [31.0 kB]
Get:84 http://127.0.0.1:12990/debian sid/main amd64 libwebp6 amd64 0.6.1-2.1 [258 kB]
Get:85 http://127.0.0.1:12990/debian sid/main amd64 libtiff5 amd64 4.3.0-2 [294 kB]
Get:86 http://127.0.0.1:12990/debian sid/main amd64 libxau6 amd64 1:1.0.9-1 [19.7 kB]
Get:87 http://127.0.0.1:12990/debian sid/main amd64 libxdmcp6 amd64 1:1.1.2-3 [26.3 kB]
Get:88 http://127.0.0.1:12990/debian sid/main amd64 libxcb1 amd64 1.14-3 [140 kB]
Get:89 http://127.0.0.1:12990/debian sid/main amd64 libx11-data all 2:1.7.2-2 [311 kB]
Get:90 http://127.0.0.1:12990/debian sid/main amd64 libx11-6 amd64 2:1.7.2-2+b1 [772 kB]
Get:91 http://127.0.0.1:12990/debian sid/main amd64 libxpm4 amd64 1:3.5.12-1 [49.1 kB]
Get:92 http://127.0.0.1:12990/debian sid/main amd64 libgd3 amd64 2.3.0-2 [137 kB]
Get:93 http://127.0.0.1:12990/debian sid/main amd64 libglib2.0-0 amd64 2.70.0-3 [1401 kB]
Get:94 http://127.0.0.1:12990/debian sid/main amd64 libgts-0.7-5 amd64 0.7.6+darcs121130-4+b1 [158 kB]
Get:95 http://127.0.0.1:12990/debian sid/main amd64 libpixman-1-0 amd64 0.40.0-1 [543 kB]
Get:96 http://127.0.0.1:12990/debian sid/main amd64 libxcb-render0 amd64 1.14-3 [111 kB]
Get:97 http://127.0.0.1:12990/debian sid/main amd64 libxcb-shm0 amd64 1.14-3 [101 kB]
Get:98 http://127.0.0.1:12990/debian sid/main amd64 libxext6 amd64 2:1.3.4-1 [53.1 kB]
Get:99 http://127.0.0.1:12990/debian sid/main amd64 libxrender1 amd64 1:0.9.10-1 [33.0 kB]
Get:100 http://127.0.0.1:12990/debian sid/main amd64 libcairo2 amd64 1.16.0-5 [694 kB]
Get:101 http://127.0.0.1:12990/debian sid/main amd64 libltdl7 amd64 2.4.6-15 [391 kB]
Get:102 http://127.0.0.1:12990/debian sid/main amd64 libfribidi0 amd64 1.0.8-2 [64.8 kB]
Get:103 http://127.0.0.1:12990/debian sid/main amd64 libgraphite2-3 amd64 1.3.14-1 [81.2 kB]
Get:104 http://127.0.0.1:12990/debian sid/main amd64 libharfbuzz0b amd64 2.7.4-1 [1471 kB]
Get:105 http://127.0.0.1:12990/debian sid/main amd64 libthai-data all 0.1.28-4.1 [171 kB]
Get:106 http://127.0.0.1:12990/debian sid/main amd64 libdatrie1 amd64 0.2.13-2 [43.0 kB]
Get:107 http://127.0.0.1:12990/debian sid/main amd64 libthai0 amd64 0.1.28-4.1 [54.5 kB]
Get:108 http://127.0.0.1:12990/debian sid/main amd64 libpango-1.0-0 amd64 1.48.10+ds1-1 [204 kB]
Get:109 http://127.0.0.1:12990/debian sid/main amd64 libpangoft2-1.0-0 amd64 1.48.10+ds1-1 [73.3 kB]
Get:110 http://127.0.0.1:12990/debian sid/main amd64 libpangocairo-1.0-0 amd64 1.48.10+ds1-1 [60.7 kB]
Get:111 http://127.0.0.1:12990/debian sid/main amd64 libpathplan4 amd64 2.42.2-5 [64.3 kB]
Get:112 http://127.0.0.1:12990/debian sid/main amd64 libgvc6 amd64 2.42.2-5 [695 kB]
Get:113 http://127.0.0.1:12990/debian sid/main amd64 libgvpr2 amd64 2.42.2-5 [212 kB]
Get:114 http://127.0.0.1:12990/debian sid/main amd64 liblab-gamut1 amd64 2.42.2-5 [221 kB]
Get:115 http://127.0.0.1:12990/debian sid/main amd64 x11-common all 1:7.7+23 [252 kB]
Get:116 http://127.0.0.1:12990/debian sid/main amd64 libice6 amd64 2:1.0.10-1 [58.5 kB]
Get:117 http://127.0.0.1:12990/debian sid/main amd64 libsm6 amd64 2:1.2.3-1 [35.1 kB]
Get:118 http://127.0.0.1:12990/debian sid/main amd64 libxt6 amd64 1:1.2.0-1 [189 kB]
Get:119 http://127.0.0.1:12990/debian sid/main amd64 libxmu6 amd64 2:1.1.2-2+b3 [60.8 kB]
Get:120 http://127.0.0.1:12990/debian sid/main amd64 libxaw7 amd64 2:1.0.13-1.1 [202 kB]
Get:121 http://127.0.0.1:12990/debian sid/main amd64 graphviz amd64 2.42.2-5 [632 kB]
Get:122 http://127.0.0.1:12990/debian sid/main amd64 zlib1g-dev amd64 1:1.2.11.dfsg-2 [190 kB]
debconf: delaying package configuration, since apt-utils is not installed
Fetched 80.3 MB in 1s (146 MB/s)
Selecting previously unselected package bsdextrautils.
(Reading database ... 14273 files and directories currently installed.)
Preparing to unpack .../0-bsdextrautils_2.37.2-4_amd64.deb ...
Unpacking bsdextrautils (2.37.2-4) ...
Selecting previously unselected package libuchardet0:amd64.
Preparing to unpack .../1-libuchardet0_0.0.7-1_amd64.deb ...
Unpacking libuchardet0:amd64 (0.0.7-1) ...
Selecting previously unselected package groff-base.
Preparing to unpack .../2-groff-base_1.22.4-7_amd64.deb ...
Unpacking groff-base (1.22.4-7) ...
Selecting previously unselected package libpipeline1:amd64.
Preparing to unpack .../3-libpipeline1_1.5.3-1_amd64.deb ...
Unpacking libpipeline1:amd64 (1.5.3-1) ...
Selecting previously unselected package man-db.
Preparing to unpack .../4-man-db_2.9.4-2_amd64.deb ...
Unpacking man-db (2.9.4-2) ...
Selecting previously unselected package libpython3.9-minimal:amd64.
Preparing to unpack .../5-libpython3.9-minimal_3.9.7-4_amd64.deb ...
Unpacking libpython3.9-minimal:amd64 (3.9.7-4) ...
Selecting previously unselected package libexpat1:amd64.
Preparing to unpack .../6-libexpat1_2.4.1-3_amd64.deb ...
Unpacking libexpat1:amd64 (2.4.1-3) ...
Selecting previously unselected package python3.9-minimal.
Preparing to unpack .../7-python3.9-minimal_3.9.7-4_amd64.deb ...
Unpacking python3.9-minimal (3.9.7-4) ...
Setting up libpython3.9-minimal:amd64 (3.9.7-4) ...
Setting up libexpat1:amd64 (2.4.1-3) ...
Setting up python3.9-minimal (3.9.7-4) ...
Selecting previously unselected package python3-minimal.
(Reading database ... 15140 files and directories currently installed.)
Preparing to unpack .../0-python3-minimal_3.9.2-3_amd64.deb ...
Unpacking python3-minimal (3.9.2-3) ...
Selecting previously unselected package media-types.
Preparing to unpack .../1-media-types_4.0.0_all.deb ...
Unpacking media-types (4.0.0) ...
Selecting previously unselected package libmpdec3:amd64.
Preparing to unpack .../2-libmpdec3_2.5.1-2_amd64.deb ...
Unpacking libmpdec3:amd64 (2.5.1-2) ...
Selecting previously unselected package libncursesw6:amd64.
Preparing to unpack .../3-libncursesw6_6.2+20210905-1_amd64.deb ...
Unpacking libncursesw6:amd64 (6.2+20210905-1) ...
Selecting previously unselected package readline-common.
Preparing to unpack .../4-readline-common_8.1-2_all.deb ...
Unpacking readline-common (8.1-2) ...
Selecting previously unselected package libreadline8:amd64.
Preparing to unpack .../5-libreadline8_8.1-2_amd64.deb ...
Unpacking libreadline8:amd64 (8.1-2) ...
Selecting previously unselected package libsqlite3-0:amd64.
Preparing to unpack .../6-libsqlite3-0_3.36.0-2_amd64.deb ...
Unpacking libsqlite3-0:amd64 (3.36.0-2) ...
Selecting previously unselected package libpython3.9-stdlib:amd64.
Preparing to unpack .../7-libpython3.9-stdlib_3.9.7-4_amd64.deb ...
Unpacking libpython3.9-stdlib:amd64 (3.9.7-4) ...
Selecting previously unselected package python3.9.
Preparing to unpack .../8-python3.9_3.9.7-4_amd64.deb ...
Unpacking python3.9 (3.9.7-4) ...
Selecting previously unselected package libpython3-stdlib:amd64.
Preparing to unpack .../9-libpython3-stdlib_3.9.2-3_amd64.deb ...
Unpacking libpython3-stdlib:amd64 (3.9.2-3) ...
Setting up python3-minimal (3.9.2-3) ...
Selecting previously unselected package python3.
(Reading database ... 15579 files and directories currently installed.)
Preparing to unpack .../000-python3_3.9.2-3_amd64.deb ...
Unpacking python3 (3.9.2-3) ...
Selecting previously unselected package libncurses6:amd64.
Preparing to unpack .../001-libncurses6_6.2+20210905-1_amd64.deb ...
Unpacking libncurses6:amd64 (6.2+20210905-1) ...
Selecting previously unselected package libprocps8:amd64.
Preparing to unpack .../002-libprocps8_2%3a3.3.17-5_amd64.deb ...
Unpacking libprocps8:amd64 (2:3.3.17-5) ...
Selecting previously unselected package procps.
Preparing to unpack .../003-procps_2%3a3.3.17-5_amd64.deb ...
Unpacking procps (2:3.3.17-5) ...
Selecting previously unselected package sensible-utils.
Preparing to unpack .../004-sensible-utils_0.0.17_all.deb ...
Unpacking sensible-utils (0.0.17) ...
Selecting previously unselected package libmagic-mgc.
Preparing to unpack .../005-libmagic-mgc_1%3a5.39-3_amd64.deb ...
Unpacking libmagic-mgc (1:5.39-3) ...
Selecting previously unselected package libmagic1:amd64.
Preparing to unpack .../006-libmagic1_1%3a5.39-3_amd64.deb ...
Unpacking libmagic1:amd64 (1:5.39-3) ...
Selecting previously unselected package file.
Preparing to unpack .../007-file_1%3a5.39-3_amd64.deb ...
Unpacking file (1:5.39-3) ...
Selecting previously unselected package gettext-base.
Preparing to unpack .../008-gettext-base_0.21-4_amd64.deb ...
Unpacking gettext-base (0.21-4) ...
Selecting previously unselected package ucf.
Preparing to unpack .../009-ucf_3.0043_all.deb ...
Moving old data out of the way
Unpacking ucf (3.0043) ...
Selecting previously unselected package libsigsegv2:amd64.
Preparing to unpack .../010-libsigsegv2_2.13-1_amd64.deb ...
Unpacking libsigsegv2:amd64 (2.13-1) ...
Selecting previously unselected package m4.
Preparing to unpack .../011-m4_1.4.18-5_amd64.deb ...
Unpacking m4 (1.4.18-5) ...
Selecting previously unselected package autoconf.
Preparing to unpack .../012-autoconf_2.71-2_all.deb ...
Unpacking autoconf (2.71-2) ...
Selecting previously unselected package autotools-dev.
Preparing to unpack .../013-autotools-dev_20180224.1+nmu1_all.deb ...
Unpacking autotools-dev (20180224.1+nmu1) ...
Selecting previously unselected package automake.
Preparing to unpack .../014-automake_1%3a1.16.5-1_all.deb ...
Unpacking automake (1:1.16.5-1) ...
Selecting previously unselected package autopoint.
Preparing to unpack .../015-autopoint_0.21-4_all.deb ...
Unpacking autopoint (0.21-4) ...
Selecting previously unselected package libarchive13:amd64.
Preparing to unpack .../016-libarchive13_3.4.3-2+b1_amd64.deb ...
Unpacking libarchive13:amd64 (3.4.3-2+b1) ...
Selecting previously unselected package libbrotli1:amd64.
Preparing to unpack .../017-libbrotli1_1.0.9-2+b2_amd64.deb ...
Unpacking libbrotli1:amd64 (1.0.9-2+b2) ...
Selecting previously unselected package libsasl2-modules-db:amd64.
Preparing to unpack .../018-libsasl2-modules-db_2.1.27+dfsg-2.1_amd64.deb ...
Unpacking libsasl2-modules-db:amd64 (2.1.27+dfsg-2.1) ...
Selecting previously unselected package libsasl2-2:amd64.
Preparing to unpack .../019-libsasl2-2_2.1.27+dfsg-2.1_amd64.deb ...
Unpacking libsasl2-2:amd64 (2.1.27+dfsg-2.1) ...
Selecting previously unselected package libldap-2.4-2:amd64.
Preparing to unpack .../020-libldap-2.4-2_2.4.59+dfsg-1_amd64.deb ...
Unpacking libldap-2.4-2:amd64 (2.4.59+dfsg-1) ...
Selecting previously unselected package libnghttp2-14:amd64.
Preparing to unpack .../021-libnghttp2-14_1.43.0-1_amd64.deb ...
Unpacking libnghttp2-14:amd64 (1.43.0-1) ...
Selecting previously unselected package libpsl5:amd64.
Preparing to unpack .../022-libpsl5_0.21.0-1.2_amd64.deb ...
Unpacking libpsl5:amd64 (0.21.0-1.2) ...
Selecting previously unselected package librtmp1:amd64.
Preparing to unpack .../023-librtmp1_2.4+20151223.gitfa8646d.1-2+b2_amd64.deb ...
Unpacking librtmp1:amd64 (2.4+20151223.gitfa8646d.1-2+b2) ...
Selecting previously unselected package libssh2-1:amd64.
Preparing to unpack .../024-libssh2-1_1.10.0-2_amd64.deb ...
Unpacking libssh2-1:amd64 (1.10.0-2) ...
Selecting previously unselected package libcurl4:amd64.
Preparing to unpack .../025-libcurl4_7.74.0-1.3+b1_amd64.deb ...
Unpacking libcurl4:amd64 (7.74.0-1.3+b1) ...
Selecting previously unselected package libjsoncpp24:amd64.
Preparing to unpack .../026-libjsoncpp24_1.9.4-5_amd64.deb ...
Unpacking libjsoncpp24:amd64 (1.9.4-5) ...
Selecting previously unselected package librhash0:amd64.
Preparing to unpack .../027-librhash0_1.4.2-1_amd64.deb ...
Unpacking librhash0:amd64 (1.4.2-1) ...
Selecting previously unselected package libuv1:amd64.
Preparing to unpack .../028-libuv1_1.42.0-1_amd64.deb ...
Unpacking libuv1:amd64 (1.42.0-1) ...
Selecting previously unselected package dh-elpa-helper.
Preparing to unpack .../029-dh-elpa-helper_2.0.9_all.deb ...
Unpacking dh-elpa-helper (2.0.9) ...
Selecting previously unselected package emacsen-common.
Preparing to unpack .../030-emacsen-common_3.0.4_all.deb ...
Unpacking emacsen-common (3.0.4) ...
Selecting previously unselected package cmake-data.
Preparing to unpack .../031-cmake-data_3.21.3-5_all.deb ...
Unpacking cmake-data (3.21.3-5) ...
Selecting previously unselected package cmake.
Preparing to unpack .../032-cmake_3.21.3-5_amd64.deb ...
Unpacking cmake (3.21.3-5) ...
Selecting previously unselected package d-shlibs.
Preparing to unpack .../033-d-shlibs_0.103_all.deb ...
Unpacking d-shlibs (0.103) ...
Selecting previously unselected package libdebhelper-perl.
Preparing to unpack .../034-libdebhelper-perl_13.5.2_all.deb ...
Unpacking libdebhelper-perl (13.5.2) ...
Selecting previously unselected package libtool.
Preparing to unpack .../035-libtool_2.4.6-15_all.deb ...
Unpacking libtool (2.4.6-15) ...
Selecting previously unselected package dh-autoreconf.
Preparing to unpack .../036-dh-autoreconf_20_all.deb ...
Unpacking dh-autoreconf (20) ...
Selecting previously unselected package libarchive-zip-perl.
Preparing to unpack .../037-libarchive-zip-perl_1.68-1_all.deb ...
Unpacking libarchive-zip-perl (1.68-1) ...
Selecting previously unselected package libsub-override-perl.
Preparing to unpack .../038-libsub-override-perl_0.09-2_all.deb ...
Unpacking libsub-override-perl (0.09-2) ...
Selecting previously unselected package libfile-stripnondeterminism-perl.
Preparing to unpack .../039-libfile-stripnondeterminism-perl_1.12.0-2_all.deb ...
Unpacking libfile-stripnondeterminism-perl (1.12.0-2) ...
Selecting previously unselected package dh-strip-nondeterminism.
Preparing to unpack .../040-dh-strip-nondeterminism_1.12.0-2_all.deb ...
Unpacking dh-strip-nondeterminism (1.12.0-2) ...
Selecting previously unselected package libelf1:amd64.
Preparing to unpack .../041-libelf1_0.185-2_amd64.deb ...
Unpacking libelf1:amd64 (0.185-2) ...
Selecting previously unselected package dwz.
Preparing to unpack .../042-dwz_0.14-1_amd64.deb ...
Unpacking dwz (0.14-1) ...
Selecting previously unselected package gettext.
Preparing to unpack .../043-gettext_0.21-4_amd64.deb ...
Unpacking gettext (0.21-4) ...
Selecting previously unselected package intltool-debian.
Preparing to unpack .../044-intltool-debian_0.35.0+20060710.5_all.deb ...
Unpacking intltool-debian (0.35.0+20060710.5) ...
Selecting previously unselected package po-debconf.
Preparing to unpack .../045-po-debconf_1.0.21+nmu1_all.deb ...
Unpacking po-debconf (1.0.21+nmu1) ...
Selecting previously unselected package debhelper.
Preparing to unpack .../046-debhelper_13.5.2_all.deb ...
Unpacking debhelper (13.5.2) ...
Selecting previously unselected package libllvm11:amd64.
Preparing to unpack .../047-libllvm11_1%3a11.1.0-4_amd64.deb ...
Unpacking libllvm11:amd64 (1:11.1.0-4) ...
Selecting previously unselected package libclang-cpp11.
Preparing to unpack .../048-libclang-cpp11_1%3a11.1.0-4_amd64.deb ...
Unpacking libclang-cpp11 (1:11.1.0-4) ...
Selecting previously unselected package libclang1-11.
Preparing to unpack .../049-libclang1-11_1%3a11.1.0-4_amd64.deb ...
Unpacking libclang1-11 (1:11.1.0-4) ...
Selecting previously unselected package libxapian30:amd64.
Preparing to unpack .../050-libxapian30_1.4.18-3_amd64.deb ...
Unpacking libxapian30:amd64 (1.4.18-3) ...
Selecting previously unselected package doxygen.
Preparing to unpack .../051-doxygen_1.9.1-2_amd64.deb ...
Unpacking doxygen (1.9.1-2) ...
Selecting previously unselected package libpng16-16:amd64.
Preparing to unpack .../052-libpng16-16_1.6.37-3_amd64.deb ...
Unpacking libpng16-16:amd64 (1.6.37-3) ...
Selecting previously unselected package libfreetype6:amd64.
Preparing to unpack .../053-libfreetype6_2.11.0+dfsg-1_amd64.deb ...
Unpacking libfreetype6:amd64 (2.11.0+dfsg-1) ...
Selecting previously unselected package fonts-dejavu-core.
Preparing to unpack .../054-fonts-dejavu-core_2.37-2_all.deb ...
Unpacking fonts-dejavu-core (2.37-2) ...
Selecting previously unselected package fontconfig-config.
Preparing to unpack .../055-fontconfig-config_2.13.1-4.2_all.deb ...
Unpacking fontconfig-config (2.13.1-4.2) ...
Selecting previously unselected package libfontconfig1:amd64.
Preparing to unpack .../056-libfontconfig1_2.13.1-4.2_amd64.deb ...
Unpacking libfontconfig1:amd64 (2.13.1-4.2) ...
Selecting previously unselected package fontconfig.
Preparing to unpack .../057-fontconfig_2.13.1-4.2_amd64.deb ...
Unpacking fontconfig (2.13.1-4.2) ...
Selecting previously unselected package libann0.
Preparing to unpack .../058-libann0_1.1.2+doc-7_amd64.deb ...
Unpacking libann0 (1.1.2+doc-7) ...
Selecting previously unselected package libcdt5:amd64.
Preparing to unpack .../059-libcdt5_2.42.2-5_amd64.deb ...
Unpacking libcdt5:amd64 (2.42.2-5) ...
Selecting previously unselected package libcgraph6:amd64.
Preparing to unpack .../060-libcgraph6_2.42.2-5_amd64.deb ...
Unpacking libcgraph6:amd64 (2.42.2-5) ...
Selecting previously unselected package libjpeg62-turbo:amd64.
Preparing to unpack .../061-libjpeg62-turbo_1%3a2.0.6-4_amd64.deb ...
Unpacking libjpeg62-turbo:amd64 (1:2.0.6-4) ...
Selecting previously unselected package libdeflate0:amd64.
Preparing to unpack .../062-libdeflate0_1.8-1_amd64.deb ...
Unpacking libdeflate0:amd64 (1.8-1) ...
Selecting previously unselected package libjbig0:amd64.
Preparing to unpack .../063-libjbig0_2.1-3.1+b2_amd64.deb ...
Unpacking libjbig0:amd64 (2.1-3.1+b2) ...
Selecting previously unselected package libwebp6:amd64.
Preparing to unpack .../064-libwebp6_0.6.1-2.1_amd64.deb ...
Unpacking libwebp6:amd64 (0.6.1-2.1) ...
Selecting previously unselected package libtiff5:amd64.
Preparing to unpack .../065-libtiff5_4.3.0-2_amd64.deb ...
Unpacking libtiff5:amd64 (4.3.0-2) ...
Selecting previously unselected package libxau6:amd64.
Preparing to unpack .../066-libxau6_1%3a1.0.9-1_amd64.deb ...
Unpacking libxau6:amd64 (1:1.0.9-1) ...
Selecting previously unselected package libxdmcp6:amd64.
Preparing to unpack .../067-libxdmcp6_1%3a1.1.2-3_amd64.deb ...
Unpacking libxdmcp6:amd64 (1:1.1.2-3) ...
Selecting previously unselected package libxcb1:amd64.
Preparing to unpack .../068-libxcb1_1.14-3_amd64.deb ...
Unpacking libxcb1:amd64 (1.14-3) ...
Selecting previously unselected package libx11-data.
Preparing to unpack .../069-libx11-data_2%3a1.7.2-2_all.deb ...
Unpacking libx11-data (2:1.7.2-2) ...
Selecting previously unselected package libx11-6:amd64.
Preparing to unpack .../070-libx11-6_2%3a1.7.2-2+b1_amd64.deb ...
Unpacking libx11-6:amd64 (2:1.7.2-2+b1) ...
Selecting previously unselected package libxpm4:amd64.
Preparing to unpack .../071-libxpm4_1%3a3.5.12-1_amd64.deb ...
Unpacking libxpm4:amd64 (1:3.5.12-1) ...
Selecting previously unselected package libgd3:amd64.
Preparing to unpack .../072-libgd3_2.3.0-2_amd64.deb ...
Unpacking libgd3:amd64 (2.3.0-2) ...
Selecting previously unselected package libglib2.0-0:amd64.
Preparing to unpack .../073-libglib2.0-0_2.70.0-3_amd64.deb ...
Unpacking libglib2.0-0:amd64 (2.70.0-3) ...
Selecting previously unselected package libgts-0.7-5:amd64.
Preparing to unpack .../074-libgts-0.7-5_0.7.6+darcs121130-4+b1_amd64.deb ...
Unpacking libgts-0.7-5:amd64 (0.7.6+darcs121130-4+b1) ...
Selecting previously unselected package libpixman-1-0:amd64.
Preparing to unpack .../075-libpixman-1-0_0.40.0-1_amd64.deb ...
Unpacking libpixman-1-0:amd64 (0.40.0-1) ...
Selecting previously unselected package libxcb-render0:amd64.
Preparing to unpack .../076-libxcb-render0_1.14-3_amd64.deb ...
Unpacking libxcb-render0:amd64 (1.14-3) ...
Selecting previously unselected package libxcb-shm0:amd64.
Preparing to unpack .../077-libxcb-shm0_1.14-3_amd64.deb ...
Unpacking libxcb-shm0:amd64 (1.14-3) ...
Selecting previously unselected package libxext6:amd64.
Preparing to unpack .../078-libxext6_2%3a1.3.4-1_amd64.deb ...
Unpacking libxext6:amd64 (2:1.3.4-1) ...
Selecting previously unselected package libxrender1:amd64.
Preparing to unpack .../079-libxrender1_1%3a0.9.10-1_amd64.deb ...
Unpacking libxrender1:amd64 (1:0.9.10-1) ...
Selecting previously unselected package libcairo2:amd64.
Preparing to unpack .../080-libcairo2_1.16.0-5_amd64.deb ...
Unpacking libcairo2:amd64 (1.16.0-5) ...
Selecting previously unselected package libltdl7:amd64.
Preparing to unpack .../081-libltdl7_2.4.6-15_amd64.deb ...
Unpacking libltdl7:amd64 (2.4.6-15) ...
Selecting previously unselected package libfribidi0:amd64.
Preparing to unpack .../082-libfribidi0_1.0.8-2_amd64.deb ...
Unpacking libfribidi0:amd64 (1.0.8-2) ...
Selecting previously unselected package libgraphite2-3:amd64.
Preparing to unpack .../083-libgraphite2-3_1.3.14-1_amd64.deb ...
Unpacking libgraphite2-3:amd64 (1.3.14-1) ...
Selecting previously unselected package libharfbuzz0b:amd64.
Preparing to unpack .../084-libharfbuzz0b_2.7.4-1_amd64.deb ...
Unpacking libharfbuzz0b:amd64 (2.7.4-1) ...
Selecting previously unselected package libthai-data.
Preparing to unpack .../085-libthai-data_0.1.28-4.1_all.deb ...
Unpacking libthai-data (0.1.28-4.1) ...
Selecting previously unselected package libdatrie1:amd64.
Preparing to unpack .../086-libdatrie1_0.2.13-2_amd64.deb ...
Unpacking libdatrie1:amd64 (0.2.13-2) ...
Selecting previously unselected package libthai0:amd64.
Preparing to unpack .../087-libthai0_0.1.28-4.1_amd64.deb ...
Unpacking libthai0:amd64 (0.1.28-4.1) ...
Selecting previously unselected package libpango-1.0-0:amd64.
Preparing to unpack .../088-libpango-1.0-0_1.48.10+ds1-1_amd64.deb ...
Unpacking libpango-1.0-0:amd64 (1.48.10+ds1-1) ...
Selecting previously unselected package libpangoft2-1.0-0:amd64.
Preparing to unpack .../089-libpangoft2-1.0-0_1.48.10+ds1-1_amd64.deb ...
Unpacking libpangoft2-1.0-0:amd64 (1.48.10+ds1-1) ...
Selecting previously unselected package libpangocairo-1.0-0:amd64.
Preparing to unpack .../090-libpangocairo-1.0-0_1.48.10+ds1-1_amd64.deb ...
Unpacking libpangocairo-1.0-0:amd64 (1.48.10+ds1-1) ...
Selecting previously unselected package libpathplan4:amd64.
Preparing to unpack .../091-libpathplan4_2.42.2-5_amd64.deb ...
Unpacking libpathplan4:amd64 (2.42.2-5) ...
Selecting previously unselected package libgvc6.
Preparing to unpack .../092-libgvc6_2.42.2-5_amd64.deb ...
Unpacking libgvc6 (2.42.2-5) ...
Selecting previously unselected package libgvpr2:amd64.
Preparing to unpack .../093-libgvpr2_2.42.2-5_amd64.deb ...
Unpacking libgvpr2:amd64 (2.42.2-5) ...
Selecting previously unselected package liblab-gamut1:amd64.
Preparing to unpack .../094-liblab-gamut1_2.42.2-5_amd64.deb ...
Unpacking liblab-gamut1:amd64 (2.42.2-5) ...
Selecting previously unselected package x11-common.
Preparing to unpack .../095-x11-common_1%3a7.7+23_all.deb ...
Unpacking x11-common (1:7.7+23) ...
Selecting previously unselected package libice6:amd64.
Preparing to unpack .../096-libice6_2%3a1.0.10-1_amd64.deb ...
Unpacking libice6:amd64 (2:1.0.10-1) ...
Selecting previously unselected package libsm6:amd64.
Preparing to unpack .../097-libsm6_2%3a1.2.3-1_amd64.deb ...
Unpacking libsm6:amd64 (2:1.2.3-1) ...
Selecting previously unselected package libxt6:amd64.
Preparing to unpack .../098-libxt6_1%3a1.2.0-1_amd64.deb ...
Unpacking libxt6:amd64 (1:1.2.0-1) ...
Selecting previously unselected package libxmu6:amd64.
Preparing to unpack .../099-libxmu6_2%3a1.1.2-2+b3_amd64.deb ...
Unpacking libxmu6:amd64 (2:1.1.2-2+b3) ...
Selecting previously unselected package libxaw7:amd64.
Preparing to unpack .../100-libxaw7_2%3a1.0.13-1.1_amd64.deb ...
Unpacking libxaw7:amd64 (2:1.0.13-1.1) ...
Selecting previously unselected package graphviz.
Preparing to unpack .../101-graphviz_2.42.2-5_amd64.deb ...
Unpacking graphviz (2.42.2-5) ...
Selecting previously unselected package zlib1g-dev:amd64.
Preparing to unpack .../102-zlib1g-dev_1%3a1.2.11.dfsg-2_amd64.deb ...
Unpacking zlib1g-dev:amd64 (1:1.2.11.dfsg-2) ...
Selecting previously unselected package sbuild-build-depends-main-dummy.
Preparing to unpack .../103-sbuild-build-depends-main-dummy_0.invalid.0_amd64.deb ...
Unpacking sbuild-build-depends-main-dummy (0.invalid.0) ...
Setting up media-types (4.0.0) ...
Setting up libpipeline1:amd64 (1.5.3-1) ...
Setting up libgraphite2-3:amd64 (1.3.14-1) ...
Setting up libpixman-1-0:amd64 (0.40.0-1) ...
Setting up libxapian30:amd64 (1.4.18-3) ...
Setting up libxau6:amd64 (1:1.0.9-1) ...
Setting up libxdmcp6:amd64 (1:1.1.2-3) ...
Setting up libpsl5:amd64 (0.21.0-1.2) ...
Setting up libxcb1:amd64 (1.14-3) ...
Setting up bsdextrautils (2.37.2-4) ...
update-alternatives: using /usr/bin/write.ul to provide /usr/bin/write (write) in auto mode
Setting up libdatrie1:amd64 (0.2.13-2) ...
Setting up libmagic-mgc (1:5.39-3) ...
Setting up libarchive13:amd64 (3.4.3-2+b1) ...
Setting up libxcb-render0:amd64 (1.14-3) ...
Setting up libarchive-zip-perl (1.68-1) ...
Setting up libglib2.0-0:amd64 (2.70.0-3) ...
No schema files found: doing nothing.
Setting up libdebhelper-perl (13.5.2) ...
Setting up libbrotli1:amd64 (1.0.9-2+b2) ...
Setting up libsqlite3-0:amd64 (3.36.0-2) ...
Setting up liblab-gamut1:amd64 (2.42.2-5) ...
Setting up x11-common (1:7.7+23) ...
invoke-rc.d: could not determine current runlevel
All runlevel operations denied by policy
invoke-rc.d: policy-rc.d denied execution of restart.
Setting up libnghttp2-14:amd64 (1.43.0-1) ...
Setting up libmagic1:amd64 (1:5.39-3) ...
Setting up libdeflate0:amd64 (1.8-1) ...
Setting up gettext-base (0.21-4) ...
Setting up libxcb-shm0:amd64 (1.14-3) ...
Setting up file (1:5.39-3) ...
Setting up libjbig0:amd64 (2.1-3.1+b2) ...
Setting up libsasl2-modules-db:amd64 (2.1.27+dfsg-2.1) ...
Setting up libgts-0.7-5:amd64 (0.7.6+darcs121130-4+b1) ...
Setting up autotools-dev (20180224.1+nmu1) ...
Setting up libuv1:amd64 (1.42.0-1) ...
Setting up libllvm11:amd64 (1:11.1.0-4) ...
Setting up libjpeg62-turbo:amd64 (1:2.0.6-4) ...
Setting up emacsen-common (3.0.4) ...
Setting up libx11-data (2:1.7.2-2) ...
Setting up librtmp1:amd64 (2.4+20151223.gitfa8646d.1-2+b2) ...
Setting up dh-elpa-helper (2.0.9) ...
Setting up libpathplan4:amd64 (2.42.2-5) ...
Setting up libann0 (1.1.2+doc-7) ...
Setting up libncurses6:amd64 (6.2+20210905-1) ...
Setting up libsigsegv2:amd64 (2.13-1) ...
Setting up libfribidi0:amd64 (1.0.8-2) ...
Setting up libpng16-16:amd64 (1.6.37-3) ...
Setting up libclang1-11 (1:11.1.0-4) ...
Setting up autopoint (0.21-4) ...
Setting up libwebp6:amd64 (0.6.1-2.1) ...
Setting up fonts-dejavu-core (2.37-2) ...
Setting up d-shlibs (0.103) ...
Setting up libncursesw6:amd64 (6.2+20210905-1) ...
Setting up libltdl7:amd64 (2.4.6-15) ...
Setting up libsasl2-2:amd64 (2.1.27+dfsg-2.1) ...
Setting up libjsoncpp24:amd64 (1.9.4-5) ...
Setting up zlib1g-dev:amd64 (1:1.2.11.dfsg-2) ...
Setting up sensible-utils (0.0.17) ...
Setting up librhash0:amd64 (1.4.2-1) ...
Setting up libuchardet0:amd64 (0.0.7-1) ...
Setting up libmpdec3:amd64 (2.5.1-2) ...
Setting up libsub-override-perl (0.09-2) ...
Setting up libx11-6:amd64 (2:1.7.2-2+b1) ...
Setting up libthai-data (0.1.28-4.1) ...
Setting up libssh2-1:amd64 (1.10.0-2) ...
Setting up cmake-data (3.21.3-5) ...
Setting up libcdt5:amd64 (2.42.2-5) ...
Setting up libcgraph6:amd64 (2.42.2-5) ...
Setting up libtiff5:amd64 (4.3.0-2) ...
Setting up libelf1:amd64 (0.185-2) ...
Setting up readline-common (8.1-2) ...
Setting up libprocps8:amd64 (2:3.3.17-5) ...
Setting up libfile-stripnondeterminism-perl (1.12.0-2) ...
Setting up libice6:amd64 (2:1.0.10-1) ...
Setting up gettext (0.21-4) ...
Setting up libxpm4:amd64 (1:3.5.12-1) ...
Setting up libxrender1:amd64 (1:0.9.10-1) ...
Setting up libtool (2.4.6-15) ...
Setting up libreadline8:amd64 (8.1-2) ...
Setting up libxext6:amd64 (2:1.3.4-1) ...
Setting up libldap-2.4-2:amd64 (2.4.59+dfsg-1) ...
Setting up m4 (1.4.18-5) ...
Setting up intltool-debian (0.35.0+20060710.5) ...
Setting up libclang-cpp11 (1:11.1.0-4) ...
Setting up libthai0:amd64 (0.1.28-4.1) ...
Setting up doxygen (1.9.1-2) ...
Setting up libfreetype6:amd64 (2.11.0+dfsg-1) ...
Setting up ucf (3.0043) ...
Setting up autoconf (2.71-2) ...
Setting up dh-strip-nondeterminism (1.12.0-2) ...
Setting up libgvpr2:amd64 (2.42.2-5) ...
Setting up dwz (0.14-1) ...
Setting up groff-base (1.22.4-7) ...
Setting up procps (2:3.3.17-5) ...
Setting up libcurl4:amd64 (7.74.0-1.3+b1) ...
Setting up libharfbuzz0b:amd64 (2.7.4-1) ...
Setting up libsm6:amd64 (2:1.2.3-1) ...
Setting up libpython3.9-stdlib:amd64 (3.9.7-4) ...
Setting up libpython3-stdlib:amd64 (3.9.2-3) ...
Setting up automake (1:1.16.5-1) ...
update-alternatives: using /usr/bin/automake-1.16 to provide /usr/bin/automake (automake) in auto mode
Setting up fontconfig-config (2.13.1-4.2) ...
Setting up po-debconf (1.0.21+nmu1) ...
Setting up man-db (2.9.4-2) ...
Not building database; man-db/auto-update is not 'true'.
Setting up dh-autoreconf (20) ...
Setting up libxt6:amd64 (1:1.2.0-1) ...
Setting up cmake (3.21.3-5) ...
Setting up libfontconfig1:amd64 (2.13.1-4.2) ...
Setting up python3.9 (3.9.7-4) ...
Setting up fontconfig (2.13.1-4.2) ...
Regenerating fonts cache... done.
Setting up libxmu6:amd64 (2:1.1.2-2+b3) ...
Setting up libpango-1.0-0:amd64 (1.48.10+ds1-1) ...
Setting up debhelper (13.5.2) ...
Setting up python3 (3.9.2-3) ...
Setting up libxaw7:amd64 (2:1.0.13-1.1) ...
Setting up libcairo2:amd64 (1.16.0-5) ...
Setting up libgd3:amd64 (2.3.0-2) ...
Setting up libpangoft2-1.0-0:amd64 (1.48.10+ds1-1) ...
Setting up libpangocairo-1.0-0:amd64 (1.48.10+ds1-1) ...
Setting up libgvc6 (2.42.2-5) ...
Setting up graphviz (2.42.2-5) ...
Setting up sbuild-build-depends-main-dummy (0.invalid.0) ...
Processing triggers for libc-bin (2.32-4) ...

+------------------------------------------------------------------------------+
| Check architectures                                                          |
+------------------------------------------------------------------------------+

Arch check ok (amd64 included in any all)

+------------------------------------------------------------------------------+
| Build environment                                                            |
+------------------------------------------------------------------------------+

Kernel: Linux 4.19.0-6-cloud-amd64 #1 SMP Debian 4.19.67-2+deb10u2 (2019-11-11) amd64 (x86_64)
Toolchain package versions: binutils_2.37-7 dpkg-dev_1.20.9 g++-11_11.2.0-10 gcc-11_11.2.0-10 libc6-dev_2.32-4 libstdc++-11-dev_11.2.0-10 libstdc++6_11.2.0-10 linux-libc-dev_5.14.12-1
Package versions: adduser_3.118 apt_2.3.11 autoconf_2.71-2 automake_1:1.16.5-1 autopoint_0.21-4 autotools-dev_20180224.1+nmu1 base-files_12 base-passwd_3.5.52 bash_5.1-3+b2 binutils_2.37-7 binutils-common_2.37-7 binutils-x86-64-linux-gnu_2.37-7 bsdextrautils_2.37.2-4 bsdutils_1:2.37.2-4 build-essential_12.9 bzip2_1.0.8-4 clang-13_1:13.0.0-8 cmake_3.21.3-5 cmake-data_3.21.3-5 coreutils_8.32-4+b1 cpp_4:11.2.0-2 cpp-11_11.2.0-10 d-shlibs_0.103 dash_0.5.11+git20210120+802ebd4-2 debconf_1.5.78 debhelper_13.5.2 debian-archive-keyring_2021.1.1 debianutils_5.5-1 dh-autoreconf_20 dh-elpa-helper_2.0.9 dh-strip-nondeterminism_1.12.0-2 diffutils_1:3.7-5 doxygen_1.9.1-2 dpkg_1.20.9 dpkg-dev_1.20.9 dwz_0.14-1 e2fsprogs_1.46.4-1 emacsen-common_3.0.4 fakeroot_1.26-1 file_1:5.39-3 findutils_4.8.0-1 fontconfig_2.13.1-4.2 fontconfig-config_2.13.1-4.2 fonts-dejavu-core_2.37-2 g++_4:11.2.0-2 g++-11_11.2.0-10 gcc_4:11.2.0-2 gcc-10-base_10.3.0-11 gcc-11_11.2.0-10 gcc-11-base_11.2.0-10 gcc-9-base_9.4.0-3 gettext_0.21-4 gettext-base_0.21-4 gpgv_2.2.27-2 graphviz_2.42.2-5 grep_3.7-1 groff-base_1.22.4-7 gzip_1.10-4 hostname_3.23 init-system-helpers_1.60 intltool-debian_0.35.0+20060710.5 lib32gcc-s1_11.2.0-10 lib32stdc++6_11.2.0-10 libacl1_2.3.1-1 libann0_1.1.2+doc-7 libapt-pkg6.0_2.3.11 libarchive-zip-perl_1.68-1 libarchive13_3.4.3-2+b1 libasan5_9.4.0-3 libasan6_11.2.0-10 libatomic1_11.2.0-10 libattr1_1:2.5.1-1 libaudit-common_1:3.0.6-1 libaudit1_1:3.0.6-1 libbinutils_2.37-7 libblkid1_2.37.2-4 libbrotli1_1.0.9-2+b2 libbsd0_0.11.3-1 libbz2-1.0_1.0.8-4 libc-bin_2.32-4 libc-dev-bin_2.32-4 libc6_2.32-4 libc6-dev_2.32-4 libc6-i386_2.32-4 libcairo2_1.16.0-5 libcap-ng0_0.7.9-2.2+b1 libcap2_1:2.44-1 libcc1-0_11.2.0-10 libcdt5_2.42.2-5 libcgraph6_2.42.2-5 libclang-common-13-dev_1:13.0.0-8 libclang-cpp11_1:11.1.0-4 libclang-cpp13_1:13.0.0-8 libclang1-11_1:11.1.0-4 libclang1-13_1:13.0.0-8 libcom-err2_1.46.4-1 libcrypt-dev_1:4.4.25-2 libcrypt1_1:4.4.25-2 libctf-nobfd0_2.37-7 libctf0_2.37-7 libcurl4_7.74.0-1.3+b1 libdatrie1_0.2.13-2 libdb5.3_5.3.28+dfsg1-0.8 libdebconfclient0_0.260 libdebhelper-perl_13.5.2 libdeflate0_1.8-1 libdpkg-perl_1.20.9 libedit2_3.1-20210910-1 libelf1_0.185-2 libexpat1_2.4.1-3 libext2fs2_1.46.4-1 libfakeroot_1.26-1 libffi8_3.4.2-3 libfile-stripnondeterminism-perl_1.12.0-2 libfontconfig1_2.13.1-4.2 libfreetype6_2.11.0+dfsg-1 libfribidi0_1.0.8-2 libgc1_1:8.0.4-3 libgcc-11-dev_11.2.0-10 libgcc-9-dev_9.4.0-3 libgcc-s1_11.2.0-10 libgcrypt20_1.9.4-3+b1 libgd3_2.3.0-2 libgdbm-compat4_1.22-1 libgdbm6_1.22-1 libglib2.0-0_2.70.0-3 libgmp10_2:6.2.1+dfsg-2 libgnutls30_3.7.2-2 libgomp1_11.2.0-10 libgpg-error0_1.42-3 libgraphite2-3_1.3.14-1 libgssapi-krb5-2_1.18.3-7 libgts-0.7-5_0.7.6+darcs121130-4+b1 libgvc6_2.42.2-5 libgvpr2_2.42.2-5 libharfbuzz0b_2.7.4-1 libhogweed6_3.7.3-1 libice6_2:1.0.10-1 libicu67_67.1-7 libidn2-0_2.3.2-2 libisl23_0.24-2 libitm1_11.2.0-10 libjbig0_2.1-3.1+b2 libjpeg62-turbo_1:2.0.6-4 libjsoncpp24_1.9.4-5 libk5crypto3_1.18.3-7 libkeyutils1_1.6.1-2 libkrb5-3_1.18.3-7 libkrb5support0_1.18.3-7 liblab-gamut1_2.42.2-5 libldap-2.4-2_2.4.59+dfsg-1 libllvm11_1:11.1.0-4 libllvm13_1:13.0.0-8 liblsan0_11.2.0-10 libltdl7_2.4.6-15 liblz4-1_1.9.3-2 liblzma5_5.2.5-2 libmagic-mgc_1:5.39-3 libmagic1_1:5.39-3 libmd0_1.0.4-1 libmount1_2.37.2-4 libmpc3_1.2.1-1 libmpdec3_2.5.1-2 libmpfr6_4.1.0-3 libncurses6_6.2+20210905-1 libncursesw6_6.2+20210905-1 libnettle8_3.7.3-1 libnghttp2-14_1.43.0-1 libnsl-dev_1.3.0-2 libnsl2_1.3.0-2 libobjc-11-dev_11.2.0-10 libobjc-9-dev_9.4.0-3 libobjc4_11.2.0-10 libomp-13-dev_1:13.0.0-8 libomp5-13_1:13.0.0-8 libp11-kit0_0.24.0-5 libpam-modules_1.4.0-10 libpam-modules-bin_1.4.0-10 libpam-runtime_1.4.0-10 libpam0g_1.4.0-10 libpango-1.0-0_1.48.10+ds1-1 libpangocairo-1.0-0_1.48.10+ds1-1 libpangoft2-1.0-0_1.48.10+ds1-1 libpathplan4_2.42.2-5 libpcre2-8-0_10.36-2 libpcre3_2:8.39-13 libperl5.32_5.32.1-6 libpipeline1_1.5.3-1 libpixman-1-0_0.40.0-1 libpng16-16_1.6.37-3 libprocps8_2:3.3.17-5 libpsl5_0.21.0-1.2 libpython3-stdlib_3.9.2-3 libpython3.9-minimal_3.9.7-4 libpython3.9-stdlib_3.9.7-4 libquadmath0_11.2.0-10 libreadline8_8.1-2 librhash0_1.4.2-1 librtmp1_2.4+20151223.gitfa8646d.1-2+b2 libsasl2-2_2.1.27+dfsg-2.1 libsasl2-modules-db_2.1.27+dfsg-2.1 libseccomp2_2.5.2-2 libselinux1_3.1-3 libsemanage-common_3.1-1 libsemanage1_3.1-1+b2 libsepol1_3.1-1 libsigsegv2_2.13-1 libsm6_2:1.2.3-1 libsmartcols1_2.37.2-4 libsqlite3-0_3.36.0-2 libss2_1.46.4-1 libssh2-1_1.10.0-2 libssl1.1_1.1.1l-1 libstdc++-11-dev_11.2.0-10 libstdc++6_11.2.0-10 libsub-override-perl_0.09-2 libsystemd0_249.5-1 libtasn1-6_4.17.0-2 libthai-data_0.1.28-4.1 libthai0_0.1.28-4.1 libtiff5_4.3.0-2 libtinfo6_6.2+20210905-1 libtirpc-common_1.3.2-2 libtirpc-dev_1.3.2-2 libtirpc3_1.3.2-2 libtool_2.4.6-15 libtsan0_11.2.0-10 libubsan1_11.2.0-10 libuchardet0_0.0.7-1 libudev1_249.5-1 libunistring2_0.9.10-6 libuuid1_2.37.2-4 libuv1_1.42.0-1 libwebp6_0.6.1-2.1 libx11-6_2:1.7.2-2+b1 libx11-data_2:1.7.2-2 libxapian30_1.4.18-3 libxau6_1:1.0.9-1 libxaw7_2:1.0.13-1.1 libxcb-render0_1.14-3 libxcb-shm0_1.14-3 libxcb1_1.14-3 libxdmcp6_1:1.1.2-3 libxext6_2:1.3.4-1 libxml2_2.9.12+dfsg-5 libxmu6_2:1.1.2-2+b3 libxpm4_1:3.5.12-1 libxrender1_1:0.9.10-1 libxt6_1:1.2.0-1 libxxhash0_0.8.0-2 libz3-4_4.8.12-1+b1 libzstd1_1.4.8+dfsg-3 linux-libc-dev_5.14.12-1 login_1:4.8.1-1 logsave_1.46.4-1 lsb-base_11.1.0 m4_1.4.18-5 make_4.3-4.1 man-db_2.9.4-2 mawk_1.3.4.20200120-2 media-types_4.0.0 mount_2.37.2-4 ncurses-base_6.2+20210905-1 ncurses-bin_6.2+20210905-1 passwd_1:4.8.1-1 patch_2.7.6-7 perl_5.32.1-6 perl-base_5.32.1-6 perl-modules-5.32_5.32.1-6 po-debconf_1.0.21+nmu1 procps_2:3.3.17-5 python3_3.9.2-3 python3-minimal_3.9.2-3 python3.9_3.9.7-4 python3.9-minimal_3.9.7-4 qt5-qmake_5.15.2+dfsg-12 qt5-qmake-bin_5.15.2+dfsg-12 qtchooser_66-2 readline-common_8.1-2 rpcsvc-proto_1.4.2-4 sbuild-build-depends-main-dummy_0.invalid.0 sed_4.8-1 sensible-utils_0.0.17 sysvinit-utils_3.00-1 tar_1.34+dfsg-1 tzdata_2021e-1 ucf_3.0043 util-linux_2.37.2-4 x11-common_1:7.7+23 xz-utils_5.2.5-2 zlib1g_1:1.2.11.dfsg-2 zlib1g-dev_1:1.2.11.dfsg-2

+------------------------------------------------------------------------------+
| Build                                                                        |
+------------------------------------------------------------------------------+


Unpack source
-------------

-----BEGIN PGP SIGNED MESSAGE-----
Hash: SHA512

Format: 3.0 (quilt)
Source: nifticlib
Binary: libnifti2-2, libnifti2-dev, libnifti-dev, libniftiio2, libniftiio-dev, libnifticdf2, libnifticdf-dev, libznz3, libznz-dev, nifti-bin, libnifti-doc
Architecture: any all
Version: 3.0.1-8
Maintainer: Debian Med Packaging Team <debian-med-packaging@lists.alioth.debian.org>
Uploaders: Michael Hanke <mih@debian.org>, Yaroslav Halchenko <debian@onerussian.com>
Homepage: https://github.com/NIFTI-Imaging/nifti_clib
Standards-Version: 4.5.1
Vcs-Browser: https://salsa.debian.org/med-team/nifticlib
Vcs-Git: https://salsa.debian.org/med-team/nifticlib.git
Build-Depends: debhelper-compat (= 13), d-shlibs, cmake, zlib1g-dev, doxygen, python3, graphviz
Package-List:
 libnifti-dev deb oldlibs optional arch=all
 libnifti-doc deb doc optional arch=all
 libnifti2-2 deb libs optional arch=any
 libnifti2-dev deb libdevel optional arch=any
 libnifticdf-dev deb libdevel optional arch=any
 libnifticdf2 deb libs optional arch=any
 libniftiio-dev deb libdevel optional arch=any
 libniftiio2 deb libs optional arch=any
 libznz-dev deb libdevel optional arch=any
 libznz3 deb libs optional arch=any
 nifti-bin deb science optional arch=any
Checksums-Sha1:
 0005c0b8dfbb2bd9e6ac0a768b36e8f35725a20e 438871 nifticlib_3.0.1.orig.tar.gz
 47ea5031f6af5e9989bad63b6a9b247f72acbc92 11848 nifticlib_3.0.1-8.debian.tar.xz
Checksums-Sha256:
 868b611b5f8a3a73809436c9072db50db4975615905f0bd5fb7b1432e6d24b37 438871 nifticlib_3.0.1.orig.tar.gz
 d73d8a917be084885880d211a92b1db8da93d259c25fad5dd4204ac05d3d2664 11848 nifticlib_3.0.1-8.debian.tar.xz
Files:
 9fbfd9f113e941d0d983c453f6e49b35 438871 nifticlib_3.0.1.orig.tar.gz
 fdc4b6f4e4e29fa073d86c5bf2d28b7b 11848 nifticlib_3.0.1-8.debian.tar.xz

-----BEGIN PGP SIGNATURE-----

iQIzBAEBCgAdFiEEck1gkzcRPHEFUNdHPCZ2P2xn5uIFAl/wll4ACgkQPCZ2P2xn
5uK8WA//VX0ddoOaYlJ6CxPrOThulvxSHOE+Zfpyoayx2gNkmwRW3Wc+P3MBMO3l
GEpe5B2C5Dg/G+J1cIRNNyb8T0Eol4WS5FPCD6Z4EWpGu8YH8b5C3z4LNNwqVUrZ
P1x5hjiuScOmHWqtzc55XRqL3NOWbFOHKosikl3hFb58AL00Z3mNNkoz6SRXO4hg
UNkDFdWEa+dNobN8w7VDcLkmheKKBEbZuVjV3pwhULB8xy4uiLpQBR5Ea6Xnp/qQ
28esqkWPGzpWJkLnMbqi3DAKKPnTKo6eghp6Vg3acixujajhReUH6zMQFVJKWz1u
WKSi07negmyWCj1KQHFOhILncRhO96z1ktQvY5FaKuVcfZoE0ow3cRw9xDKa01bH
QVOw6JjuB/Oil7LD1YH5s/lOAd5eNdhwNdJFyuYZFE0A56B8cX/uVYb1YcSGpZ1I
VyG8ApXNRGhnQryg4qPOplhNtTEBc+j/SZ+spyNX/D2/pqsObVYaTtriyRyrU9SS
eTdB48Y4FSI+0O/O3jAeb0TEDtVlYVbJEHDCuhW6rldiGfSi+HowuhK8Z1qIWzmt
ejBBIq5obE3yGT05Db/FFZXDKNGsiyoTKXHdVEPSity1/LYFqlmApiCUkB4Q0noG
soj6L4uEe45upX+74/2cHsz6l3mErru++XZqm2PB0mlORDf8um0=
=RPpQ
-----END PGP SIGNATURE-----

gpgv: unknown type of key resource 'trustedkeys.kbx'
gpgv: keyblock resource '/tmp/dpkg-verify-sig.xDiTzlJU/trustedkeys.kbx': General error
gpgv: Signature made Sat Jan  2 15:50:54 2021 UTC
gpgv:                using RSA key 724D609337113C710550D7473C26763F6C67E6E2
gpgv: Can't check signature: No public key
dpkg-source: warning: failed to verify signature on ./nifticlib_3.0.1-8.dsc
dpkg-source: info: extracting nifticlib in /<<PKGBUILDDIR>>
dpkg-source: info: unpacking nifticlib_3.0.1.orig.tar.gz
dpkg-source: info: unpacking nifticlib_3.0.1-8.debian.tar.xz

Check disk space
----------------

Sufficient free space for build

User Environment
----------------

APT_CONFIG=/var/lib/sbuild/apt.conf
HOME=/sbuild-nonexistent
LANG=C.UTF-8
LC_ALL=C.UTF-8
LOGNAME=user42
PATH=/usr/local/sbin:/usr/local/bin:/usr/sbin:/usr/bin:/sbin:/bin:/usr/games
SCHROOT_ALIAS_NAME=unstable
SCHROOT_CHROOT_NAME=sid-amd64-sbuild
SCHROOT_COMMAND=env
SCHROOT_GID=1001
SCHROOT_GROUP=user42
SCHROOT_SESSION_ID=sid-amd64-sbuild-688090ad-c511-48d6-bea3-1058f4dd2f9f
SCHROOT_UID=1001
SCHROOT_USER=user42
SHELL=/bin/sh
USER=user42

dpkg-buildpackage
-----------------

Command: dpkg-buildpackage -us -uc -b -rfakeroot
dpkg-buildpackage: info: source package nifticlib
dpkg-buildpackage: info: source version 3.0.1-8
dpkg-buildpackage: info: source distribution unstable
dpkg-buildpackage: info: source changed by Michael R. Crusoe <crusoe@debian.org>
 dpkg-source --before-build .
dpkg-buildpackage: info: host architecture amd64
 debian/rules clean
dh clean --buildsystem=cmake
   debian/rules override_dh_auto_clean
make[1]: Entering directory '/<<PKGBUILDDIR>>'
rm -rf DEB_build_static DEB_build_shared
rm -rf docs/html
dh_clean
make[1]: Leaving directory '/<<PKGBUILDDIR>>'
   dh_autoreconf_clean -O--buildsystem=cmake
   dh_clean -O--buildsystem=cmake
 debian/rules binary
dh binary --buildsystem=cmake
   dh_update_autotools_config -O--buildsystem=cmake
   dh_autoreconf -O--buildsystem=cmake
   debian/rules override_dh_auto_configure
make[1]: Entering directory '/<<PKGBUILDDIR>>'
dh_auto_configure --builddir=DEB_build_static -- \
    -DNIFTI_INSTALL_INCLUDE_DIR:PATH=include/nifti -DUSE_FSL_CODE:BOOL=OFF -DUSE_CIFTI_CODE=OFF -DNIFTI_BUILD_TESTING:BOOL=OFF \
    -DBUILD_SHARED_LIBS:BOOL=OFF \
    -DBUILD_TESTING:BOOL=ON
	cd DEB_build_static && cmake -DCMAKE_INSTALL_PREFIX=/usr -DCMAKE_BUILD_TYPE=None -DCMAKE_INSTALL_SYSCONFDIR=/etc -DCMAKE_INSTALL_LOCALSTATEDIR=/var -DCMAKE_EXPORT_NO_PACKAGE_REGISTRY=ON -DCMAKE_FIND_USE_PACKAGE_REGISTRY=OFF -DCMAKE_FIND_PACKAGE_NO_PACKAGE_REGISTRY=ON -DCMAKE_INSTALL_RUNSTATEDIR=/run -DCMAKE_SKIP_INSTALL_ALL_DEPENDENCY=ON "-GUnix Makefiles" -DCMAKE_VERBOSE_MAKEFILE=ON -DCMAKE_INSTALL_LIBDIR=lib/x86_64-linux-gnu -DNIFTI_INSTALL_INCLUDE_DIR:PATH=include/nifti -DUSE_FSL_CODE:BOOL=OFF -DUSE_CIFTI_CODE=OFF -DNIFTI_BUILD_TESTING:BOOL=OFF -DBUILD_SHARED_LIBS:BOOL=OFF -DBUILD_TESTING:BOOL=ON ..
NOTEInvalid git tag does not match required regular expression, can not extract version information from ''
-- The C compiler identification is Clang 13.0.0
-- Detecting C compiler ABI info
-- Detecting C compiler ABI info - done
-- Check for working C compiler: /usr/bin/cc - skipped
-- Detecting C compile features
-- Detecting C compile features - done
-- Setting 'NIFTI_PACKAGE_PREFIX' variable with default value ''
-- Setting 'NIFTI_INSTALL_EXPORT_NAME' variable with default value 'NIFTITargets'
-- Setting 'NIFTI_INSTALL_RUNTIME_DIR' variable with default value 'bin'
-- Setting 'NIFTI_INSTALL_LIBRARY_DIR' variable with default value 'lib'
-- Setting 'NIFTI_INSTALL_ARCHIVE_DIR' variable with default value 'lib'
-- Setting 'NIFTI_INSTALL_MAN_DIR' variable with default value 'share/man/man1'
-- Setting 'NIFTI_INSTALL_DOC_DIR' variable with default value 'share/doc/NIFTI'
-- Setting 'NIFTI_ZLIB_LIBRARIES' variable with default value ''
-- Setting 'ZNZ_COMPILE_DEF' variable with default value ''
-- Found ZLIB: /usr/lib/x86_64-linux-gnu/libz.so (found version "1.2.11") 
-- Setting 'NIFTI_INSTALL_NO_DOCS' variable with default value 'TRUE'
-- Setting 'CMAKE_INSTALL_RPATH' variable with default value '$ORIGIN/../lib'
nifti_installed_targets: znz;niftiio;nifti1_tool;nifticdf;nifti_stats;nifti2;nifti_tool
-- Configuring done
-- Generating done
CMake Warning:
  Manually-specified variables were not used by the project:

    CMAKE_EXPORT_NO_PACKAGE_REGISTRY
    CMAKE_FIND_PACKAGE_NO_PACKAGE_REGISTRY
    CMAKE_INSTALL_LIBDIR
    CMAKE_INSTALL_LOCALSTATEDIR
    CMAKE_INSTALL_RUNSTATEDIR
    CMAKE_INSTALL_SYSCONFDIR


-- Build files have been written to: /<<PKGBUILDDIR>>/DEB_build_static
dh_auto_configure --builddir=DEB_build_shared -- \
    -DNIFTI_INSTALL_INCLUDE_DIR:PATH=include/nifti -DUSE_FSL_CODE:BOOL=OFF -DUSE_CIFTI_CODE=OFF -DNIFTI_BUILD_TESTING:BOOL=OFF \
    -DBUILD_SHARED_LIBS:BOOL=ON \
    -DBUILD_TESTING:BOOL=OFF
	cd DEB_build_shared && cmake -DCMAKE_INSTALL_PREFIX=/usr -DCMAKE_BUILD_TYPE=None -DCMAKE_INSTALL_SYSCONFDIR=/etc -DCMAKE_INSTALL_LOCALSTATEDIR=/var -DCMAKE_EXPORT_NO_PACKAGE_REGISTRY=ON -DCMAKE_FIND_USE_PACKAGE_REGISTRY=OFF -DCMAKE_FIND_PACKAGE_NO_PACKAGE_REGISTRY=ON -DCMAKE_INSTALL_RUNSTATEDIR=/run -DCMAKE_SKIP_INSTALL_ALL_DEPENDENCY=ON "-GUnix Makefiles" -DCMAKE_VERBOSE_MAKEFILE=ON -DCMAKE_INSTALL_LIBDIR=lib/x86_64-linux-gnu -DNIFTI_INSTALL_INCLUDE_DIR:PATH=include/nifti -DUSE_FSL_CODE:BOOL=OFF -DUSE_CIFTI_CODE=OFF -DNIFTI_BUILD_TESTING:BOOL=OFF -DBUILD_SHARED_LIBS:BOOL=ON -DBUILD_TESTING:BOOL=OFF ..
NOTEInvalid git tag does not match required regular expression, can not extract version information from ''
-- The C compiler identification is Clang 13.0.0
-- Detecting C compiler ABI info
-- Detecting C compiler ABI info - done
-- Check for working C compiler: /usr/bin/cc - skipped
-- Detecting C compile features
-- Detecting C compile features - done
-- Setting 'NIFTI_PACKAGE_PREFIX' variable with default value ''
-- Setting 'NIFTI_INSTALL_EXPORT_NAME' variable with default value 'NIFTITargets'
-- Setting 'NIFTI_INSTALL_RUNTIME_DIR' variable with default value 'bin'
-- Setting 'NIFTI_INSTALL_LIBRARY_DIR' variable with default value 'lib'
-- Setting 'NIFTI_INSTALL_ARCHIVE_DIR' variable with default value 'lib'
-- Setting 'NIFTI_INSTALL_MAN_DIR' variable with default value 'share/man/man1'
-- Setting 'NIFTI_INSTALL_DOC_DIR' variable with default value 'share/doc/NIFTI'
-- Setting 'NIFTI_ZLIB_LIBRARIES' variable with default value ''
-- Setting 'ZNZ_COMPILE_DEF' variable with default value ''
-- Found ZLIB: /usr/lib/x86_64-linux-gnu/libz.so (found version "1.2.11") 
-- Setting 'NIFTI_INSTALL_NO_DOCS' variable with default value 'TRUE'
-- Setting 'CMAKE_INSTALL_RPATH' variable with default value '$ORIGIN/../lib'
nifti_installed_targets: znz;niftiio;nifti1_tool;nifticdf;nifti_stats;nifti2;nifti_tool
-- Configuring done
-- Generating done
CMake Warning:
  Manually-specified variables were not used by the project:

    CMAKE_EXPORT_NO_PACKAGE_REGISTRY
    CMAKE_FIND_PACKAGE_NO_PACKAGE_REGISTRY
    CMAKE_INSTALL_LIBDIR
    CMAKE_INSTALL_LOCALSTATEDIR
    CMAKE_INSTALL_RUNSTATEDIR
    CMAKE_INSTALL_SYSCONFDIR


-- Build files have been written to: /<<PKGBUILDDIR>>/DEB_build_shared
make[1]: Leaving directory '/<<PKGBUILDDIR>>'
   debian/rules override_dh_auto_build
make[1]: Entering directory '/<<PKGBUILDDIR>>'
# build static libs
cd DEB_build_static && /usr/bin/make VERBOSE=1
make[2]: Entering directory '/<<PKGBUILDDIR>>/DEB_build_static'
/usr/bin/cmake -S/<<PKGBUILDDIR>> -B/<<PKGBUILDDIR>>/DEB_build_static --check-build-system CMakeFiles/Makefile.cmake 0
/usr/bin/cmake -E cmake_progress_start /<<PKGBUILDDIR>>/DEB_build_static/CMakeFiles /<<PKGBUILDDIR>>/DEB_build_static//CMakeFiles/progress.marks
/usr/bin/make  -f CMakeFiles/Makefile2 all
make[3]: Entering directory '/<<PKGBUILDDIR>>/DEB_build_static'
/usr/bin/make  -f znzlib/CMakeFiles/znz.dir/build.make znzlib/CMakeFiles/znz.dir/depend
make[4]: Entering directory '/<<PKGBUILDDIR>>/DEB_build_static'
cd /<<PKGBUILDDIR>>/DEB_build_static && /usr/bin/cmake -E cmake_depends "Unix Makefiles" /<<PKGBUILDDIR>> /<<PKGBUILDDIR>>/znzlib /<<PKGBUILDDIR>>/DEB_build_static /<<PKGBUILDDIR>>/DEB_build_static/znzlib /<<PKGBUILDDIR>>/DEB_build_static/znzlib/CMakeFiles/znz.dir/DependInfo.cmake --color=
make[4]: Leaving directory '/<<PKGBUILDDIR>>/DEB_build_static'
/usr/bin/make  -f znzlib/CMakeFiles/znz.dir/build.make znzlib/CMakeFiles/znz.dir/build
make[4]: Entering directory '/<<PKGBUILDDIR>>/DEB_build_static'
[  7%] Building C object znzlib/CMakeFiles/znz.dir/znzlib.c.o
cd /<<PKGBUILDDIR>>/DEB_build_static/znzlib && /usr/bin/cc -DHAVE_ZLIB -I/<<PKGBUILDDIR>>/DEB_build_static/znzlib -I/<<PKGBUILDDIR>>/znzlib -g -O2 -ffile-prefix-map=/<<PKGBUILDDIR>>=. -fstack-protector-strong -Wformat -Werror=format-security -Wdate-time -D_FORTIFY_SOURCE=2 -MD -MT znzlib/CMakeFiles/znz.dir/znzlib.c.o -MF CMakeFiles/znz.dir/znzlib.c.o.d -o CMakeFiles/znz.dir/znzlib.c.o -c /<<PKGBUILDDIR>>/znzlib/znzlib.c
[ 14%] Linking C static library libznz.a
cd /<<PKGBUILDDIR>>/DEB_build_static/znzlib && /usr/bin/cmake -P CMakeFiles/znz.dir/cmake_clean_target.cmake
cd /<<PKGBUILDDIR>>/DEB_build_static/znzlib && /usr/bin/cmake -E cmake_link_script CMakeFiles/znz.dir/link.txt --verbose=1
/usr/bin/ar qc libznz.a CMakeFiles/znz.dir/znzlib.c.o
/usr/bin/ranlib libznz.a
make[4]: Leaving directory '/<<PKGBUILDDIR>>/DEB_build_static'
[ 14%] Built target znz
/usr/bin/make  -f niftilib/CMakeFiles/niftiio.dir/build.make niftilib/CMakeFiles/niftiio.dir/depend
make[4]: Entering directory '/<<PKGBUILDDIR>>/DEB_build_static'
cd /<<PKGBUILDDIR>>/DEB_build_static && /usr/bin/cmake -E cmake_depends "Unix Makefiles" /<<PKGBUILDDIR>> /<<PKGBUILDDIR>>/niftilib /<<PKGBUILDDIR>>/DEB_build_static /<<PKGBUILDDIR>>/DEB_build_static/niftilib /<<PKGBUILDDIR>>/DEB_build_static/niftilib/CMakeFiles/niftiio.dir/DependInfo.cmake --color=
make[4]: Leaving directory '/<<PKGBUILDDIR>>/DEB_build_static'
/usr/bin/make  -f niftilib/CMakeFiles/niftiio.dir/build.make niftilib/CMakeFiles/niftiio.dir/build
make[4]: Entering directory '/<<PKGBUILDDIR>>/DEB_build_static'
[ 21%] Building C object niftilib/CMakeFiles/niftiio.dir/nifti1_io.c.o
cd /<<PKGBUILDDIR>>/DEB_build_static/niftilib && /usr/bin/cc -DHAVE_ZLIB -I/<<PKGBUILDDIR>>/DEB_build_static/niftilib -I/<<PKGBUILDDIR>>/niftilib -I/<<PKGBUILDDIR>>/DEB_build_static/znzlib -I/<<PKGBUILDDIR>>/znzlib -g -O2 -ffile-prefix-map=/<<PKGBUILDDIR>>=. -fstack-protector-strong -Wformat -Werror=format-security -Wdate-time -D_FORTIFY_SOURCE=2 -MD -MT niftilib/CMakeFiles/niftiio.dir/nifti1_io.c.o -MF CMakeFiles/niftiio.dir/nifti1_io.c.o.d -o CMakeFiles/niftiio.dir/nifti1_io.c.o -c /<<PKGBUILDDIR>>/niftilib/nifti1_io.c
/<<PKGBUILDDIR>>/niftilib/nifti1_io.c:471:45: warning: expansion of date or time macro is not reproducible [-Wdate-time]
   printf("%s, compiled %s\n", gni_version, __DATE__);
                                            ^
1 warning generated.
[ 28%] Linking C static library libniftiio.a
cd /<<PKGBUILDDIR>>/DEB_build_static/niftilib && /usr/bin/cmake -P CMakeFiles/niftiio.dir/cmake_clean_target.cmake
cd /<<PKGBUILDDIR>>/DEB_build_static/niftilib && /usr/bin/cmake -E cmake_link_script CMakeFiles/niftiio.dir/link.txt --verbose=1
/usr/bin/ar qc libniftiio.a CMakeFiles/niftiio.dir/nifti1_io.c.o
/usr/bin/ranlib libniftiio.a
make[4]: Leaving directory '/<<PKGBUILDDIR>>/DEB_build_static'
[ 28%] Built target niftiio
/usr/bin/make  -f niftilib/CMakeFiles/nifti1_tool.dir/build.make niftilib/CMakeFiles/nifti1_tool.dir/depend
make[4]: Entering directory '/<<PKGBUILDDIR>>/DEB_build_static'
cd /<<PKGBUILDDIR>>/DEB_build_static && /usr/bin/cmake -E cmake_depends "Unix Makefiles" /<<PKGBUILDDIR>> /<<PKGBUILDDIR>>/niftilib /<<PKGBUILDDIR>>/DEB_build_static /<<PKGBUILDDIR>>/DEB_build_static/niftilib /<<PKGBUILDDIR>>/DEB_build_static/niftilib/CMakeFiles/nifti1_tool.dir/DependInfo.cmake --color=
make[4]: Leaving directory '/<<PKGBUILDDIR>>/DEB_build_static'
/usr/bin/make  -f niftilib/CMakeFiles/nifti1_tool.dir/build.make niftilib/CMakeFiles/nifti1_tool.dir/build
make[4]: Entering directory '/<<PKGBUILDDIR>>/DEB_build_static'
[ 35%] Building C object niftilib/CMakeFiles/nifti1_tool.dir/nifti1_tool.c.o
cd /<<PKGBUILDDIR>>/DEB_build_static/niftilib && /usr/bin/cc -DHAVE_ZLIB -I/<<PKGBUILDDIR>>/DEB_build_static/niftilib -I/<<PKGBUILDDIR>>/niftilib -I/<<PKGBUILDDIR>>/DEB_build_static/znzlib -I/<<PKGBUILDDIR>>/znzlib -g -O2 -ffile-prefix-map=/<<PKGBUILDDIR>>=. -fstack-protector-strong -Wformat -Werror=format-security -Wdate-time -D_FORTIFY_SOURCE=2 -MD -MT niftilib/CMakeFiles/nifti1_tool.dir/nifti1_tool.c.o -MF CMakeFiles/nifti1_tool.dir/nifti1_tool.c.o.d -o CMakeFiles/nifti1_tool.dir/nifti1_tool.c.o -c /<<PKGBUILDDIR>>/niftilib/nifti1_tool.c
/<<PKGBUILDDIR>>/niftilib/nifti1_tool.c:1732:4: warning: expansion of date or time macro is not reproducible [-Wdate-time]
   __DATE__, g_version );
   ^
1 warning generated.
[ 42%] Linking C executable nifti1_tool
cd /<<PKGBUILDDIR>>/DEB_build_static/niftilib && /usr/bin/cmake -E cmake_link_script CMakeFiles/nifti1_tool.dir/link.txt --verbose=1
/usr/bin/cc -g -O2 -ffile-prefix-map=/<<PKGBUILDDIR>>=. -fstack-protector-strong -Wformat -Werror=format-security -Wdate-time -D_FORTIFY_SOURCE=2 -Wl,-z,relro -Wl,-z,now CMakeFiles/nifti1_tool.dir/nifti1_tool.c.o -o nifti1_tool  -Wl,-rpath,:::::::::::::: libniftiio.a ../znzlib/libznz.a /usr/lib/x86_64-linux-gnu/libz.so -lm 
make[4]: Leaving directory '/<<PKGBUILDDIR>>/DEB_build_static'
[ 42%] Built target nifti1_tool
/usr/bin/make  -f nifticdf/CMakeFiles/nifticdf.dir/build.make nifticdf/CMakeFiles/nifticdf.dir/depend
make[4]: Entering directory '/<<PKGBUILDDIR>>/DEB_build_static'
cd /<<PKGBUILDDIR>>/DEB_build_static && /usr/bin/cmake -E cmake_depends "Unix Makefiles" /<<PKGBUILDDIR>> /<<PKGBUILDDIR>>/nifticdf /<<PKGBUILDDIR>>/DEB_build_static /<<PKGBUILDDIR>>/DEB_build_static/nifticdf /<<PKGBUILDDIR>>/DEB_build_static/nifticdf/CMakeFiles/nifticdf.dir/DependInfo.cmake --color=
make[4]: Leaving directory '/<<PKGBUILDDIR>>/DEB_build_static'
/usr/bin/make  -f nifticdf/CMakeFiles/nifticdf.dir/build.make nifticdf/CMakeFiles/nifticdf.dir/build
make[4]: Entering directory '/<<PKGBUILDDIR>>/DEB_build_static'
[ 50%] Building C object nifticdf/CMakeFiles/nifticdf.dir/nifticdf.c.o
cd /<<PKGBUILDDIR>>/DEB_build_static/nifticdf && /usr/bin/cc -DHAVE_ZLIB -I/<<PKGBUILDDIR>>/DEB_build_static/nifticdf -I/<<PKGBUILDDIR>>/nifticdf -I/<<PKGBUILDDIR>>/DEB_build_static/niftilib -I/<<PKGBUILDDIR>>/niftilib -I/<<PKGBUILDDIR>>/DEB_build_static/znzlib -I/<<PKGBUILDDIR>>/znzlib -g -O2 -ffile-prefix-map=/<<PKGBUILDDIR>>=. -fstack-protector-strong -Wformat -Werror=format-security -Wdate-time -D_FORTIFY_SOURCE=2 -D__COMPILE_UNUSED_FUNCTIONS__ -MD -MT nifticdf/CMakeFiles/nifticdf.dir/nifticdf.c.o -MF CMakeFiles/nifticdf.dir/nifticdf.c.o.d -o CMakeFiles/nifticdf.dir/nifticdf.c.o -c /<<PKGBUILDDIR>>/nifticdf/nifticdf.c
[ 57%] Linking C static library libnifticdf.a
cd /<<PKGBUILDDIR>>/DEB_build_static/nifticdf && /usr/bin/cmake -P CMakeFiles/nifticdf.dir/cmake_clean_target.cmake
cd /<<PKGBUILDDIR>>/DEB_build_static/nifticdf && /usr/bin/cmake -E cmake_link_script CMakeFiles/nifticdf.dir/link.txt --verbose=1
/usr/bin/ar qc libnifticdf.a CMakeFiles/nifticdf.dir/nifticdf.c.o
/usr/bin/ranlib libnifticdf.a
make[4]: Leaving directory '/<<PKGBUILDDIR>>/DEB_build_static'
[ 57%] Built target nifticdf
/usr/bin/make  -f nifticdf/CMakeFiles/nifti_stats.dir/build.make nifticdf/CMakeFiles/nifti_stats.dir/depend
make[4]: Entering directory '/<<PKGBUILDDIR>>/DEB_build_static'
cd /<<PKGBUILDDIR>>/DEB_build_static && /usr/bin/cmake -E cmake_depends "Unix Makefiles" /<<PKGBUILDDIR>> /<<PKGBUILDDIR>>/nifticdf /<<PKGBUILDDIR>>/DEB_build_static /<<PKGBUILDDIR>>/DEB_build_static/nifticdf /<<PKGBUILDDIR>>/DEB_build_static/nifticdf/CMakeFiles/nifti_stats.dir/DependInfo.cmake --color=
make[4]: Leaving directory '/<<PKGBUILDDIR>>/DEB_build_static'
/usr/bin/make  -f nifticdf/CMakeFiles/nifti_stats.dir/build.make nifticdf/CMakeFiles/nifti_stats.dir/build
make[4]: Entering directory '/<<PKGBUILDDIR>>/DEB_build_static'
[ 64%] Building C object nifticdf/CMakeFiles/nifti_stats.dir/nifti_stats.c.o
cd /<<PKGBUILDDIR>>/DEB_build_static/nifticdf && /usr/bin/cc -DHAVE_ZLIB -I/<<PKGBUILDDIR>>/DEB_build_static/nifticdf -I/<<PKGBUILDDIR>>/nifticdf -I/<<PKGBUILDDIR>>/DEB_build_static/niftilib -I/<<PKGBUILDDIR>>/niftilib -I/<<PKGBUILDDIR>>/DEB_build_static/znzlib -I/<<PKGBUILDDIR>>/znzlib -g -O2 -ffile-prefix-map=/<<PKGBUILDDIR>>=. -fstack-protector-strong -Wformat -Werror=format-security -Wdate-time -D_FORTIFY_SOURCE=2 -MD -MT nifticdf/CMakeFiles/nifti_stats.dir/nifti_stats.c.o -MF CMakeFiles/nifti_stats.dir/nifti_stats.c.o.d -o CMakeFiles/nifti_stats.dir/nifti_stats.c.o -c /<<PKGBUILDDIR>>/nifticdf/nifti_stats.c
[ 71%] Linking C executable nifti_stats
cd /<<PKGBUILDDIR>>/DEB_build_static/nifticdf && /usr/bin/cmake -E cmake_link_script CMakeFiles/nifti_stats.dir/link.txt --verbose=1
/usr/bin/cc -g -O2 -ffile-prefix-map=/<<PKGBUILDDIR>>=. -fstack-protector-strong -Wformat -Werror=format-security -Wdate-time -D_FORTIFY_SOURCE=2 -Wl,-z,relro -Wl,-z,now CMakeFiles/nifti_stats.dir/nifti_stats.c.o -o nifti_stats  -Wl,-rpath,:::::::::::::: ../niftilib/libniftiio.a libnifticdf.a ../niftilib/libniftiio.a ../znzlib/libznz.a /usr/lib/x86_64-linux-gnu/libz.so -lm 
make[4]: Leaving directory '/<<PKGBUILDDIR>>/DEB_build_static'
[ 71%] Built target nifti_stats
/usr/bin/make  -f nifti2/CMakeFiles/nifti2.dir/build.make nifti2/CMakeFiles/nifti2.dir/depend
make[4]: Entering directory '/<<PKGBUILDDIR>>/DEB_build_static'
cd /<<PKGBUILDDIR>>/DEB_build_static && /usr/bin/cmake -E cmake_depends "Unix Makefiles" /<<PKGBUILDDIR>> /<<PKGBUILDDIR>>/nifti2 /<<PKGBUILDDIR>>/DEB_build_static /<<PKGBUILDDIR>>/DEB_build_static/nifti2 /<<PKGBUILDDIR>>/DEB_build_static/nifti2/CMakeFiles/nifti2.dir/DependInfo.cmake --color=
make[4]: Leaving directory '/<<PKGBUILDDIR>>/DEB_build_static'
/usr/bin/make  -f nifti2/CMakeFiles/nifti2.dir/build.make nifti2/CMakeFiles/nifti2.dir/build
make[4]: Entering directory '/<<PKGBUILDDIR>>/DEB_build_static'
[ 78%] Building C object nifti2/CMakeFiles/nifti2.dir/nifti2_io.c.o
cd /<<PKGBUILDDIR>>/DEB_build_static/nifti2 && /usr/bin/cc -DHAVE_ZLIB -I/<<PKGBUILDDIR>>/DEB_build_static/nifti2 -I/<<PKGBUILDDIR>>/nifti2 -I/<<PKGBUILDDIR>>/DEB_build_static/znzlib -I/<<PKGBUILDDIR>>/znzlib -g -O2 -ffile-prefix-map=/<<PKGBUILDDIR>>=. -fstack-protector-strong -Wformat -Werror=format-security -Wdate-time -D_FORTIFY_SOURCE=2 -MD -MT nifti2/CMakeFiles/nifti2.dir/nifti2_io.c.o -MF CMakeFiles/nifti2.dir/nifti2_io.c.o.d -o CMakeFiles/nifti2.dir/nifti2_io.c.o -c /<<PKGBUILDDIR>>/nifti2/nifti2_io.c
/<<PKGBUILDDIR>>/nifti2/nifti2_io.c:560:45: warning: expansion of date or time macro is not reproducible [-Wdate-time]
   printf("%s, compiled %s\n", gni_version, __DATE__);
                                            ^
1 warning generated.
[ 85%] Linking C static library libnifti2.a
cd /<<PKGBUILDDIR>>/DEB_build_static/nifti2 && /usr/bin/cmake -P CMakeFiles/nifti2.dir/cmake_clean_target.cmake
cd /<<PKGBUILDDIR>>/DEB_build_static/nifti2 && /usr/bin/cmake -E cmake_link_script CMakeFiles/nifti2.dir/link.txt --verbose=1
/usr/bin/ar qc libnifti2.a CMakeFiles/nifti2.dir/nifti2_io.c.o
/usr/bin/ranlib libnifti2.a
make[4]: Leaving directory '/<<PKGBUILDDIR>>/DEB_build_static'
[ 85%] Built target nifti2
/usr/bin/make  -f nifti2/CMakeFiles/nifti_tool.dir/build.make nifti2/CMakeFiles/nifti_tool.dir/depend
make[4]: Entering directory '/<<PKGBUILDDIR>>/DEB_build_static'
cd /<<PKGBUILDDIR>>/DEB_build_static && /usr/bin/cmake -E cmake_depends "Unix Makefiles" /<<PKGBUILDDIR>> /<<PKGBUILDDIR>>/nifti2 /<<PKGBUILDDIR>>/DEB_build_static /<<PKGBUILDDIR>>/DEB_build_static/nifti2 /<<PKGBUILDDIR>>/DEB_build_static/nifti2/CMakeFiles/nifti_tool.dir/DependInfo.cmake --color=
make[4]: Leaving directory '/<<PKGBUILDDIR>>/DEB_build_static'
/usr/bin/make  -f nifti2/CMakeFiles/nifti_tool.dir/build.make nifti2/CMakeFiles/nifti_tool.dir/build
make[4]: Entering directory '/<<PKGBUILDDIR>>/DEB_build_static'
[ 92%] Building C object nifti2/CMakeFiles/nifti_tool.dir/nifti_tool.c.o
cd /<<PKGBUILDDIR>>/DEB_build_static/nifti2 && /usr/bin/cc -DHAVE_ZLIB -I/<<PKGBUILDDIR>>/DEB_build_static/nifti2 -I/<<PKGBUILDDIR>>/nifti2 -I/<<PKGBUILDDIR>>/DEB_build_static/znzlib -I/<<PKGBUILDDIR>>/znzlib -g -O2 -ffile-prefix-map=/<<PKGBUILDDIR>>=. -fstack-protector-strong -Wformat -Werror=format-security -Wdate-time -D_FORTIFY_SOURCE=2 -MD -MT nifti2/CMakeFiles/nifti_tool.dir/nifti_tool.c.o -MF CMakeFiles/nifti_tool.dir/nifti_tool.c.o.d -o CMakeFiles/nifti_tool.dir/nifti_tool.c.o -c /<<PKGBUILDDIR>>/nifti2/nifti_tool.c
/<<PKGBUILDDIR>>/nifti2/nifti_tool.c:2006:4: warning: expansion of date or time macro is not reproducible [-Wdate-time]
   __DATE__, g_version, g_version_date );
   ^
1 warning generated.
[100%] Linking C executable nifti_tool
cd /<<PKGBUILDDIR>>/DEB_build_static/nifti2 && /usr/bin/cmake -E cmake_link_script CMakeFiles/nifti_tool.dir/link.txt --verbose=1
/usr/bin/cc -g -O2 -ffile-prefix-map=/<<PKGBUILDDIR>>=. -fstack-protector-strong -Wformat -Werror=format-security -Wdate-time -D_FORTIFY_SOURCE=2 -Wl,-z,relro -Wl,-z,now CMakeFiles/nifti_tool.dir/nifti_tool.c.o -o nifti_tool  -Wl,-rpath,:::::::::::::: libnifti2.a ../znzlib/libznz.a /usr/lib/x86_64-linux-gnu/libz.so -lm 
make[4]: Leaving directory '/<<PKGBUILDDIR>>/DEB_build_static'
[100%] Built target nifti_tool
make[3]: Leaving directory '/<<PKGBUILDDIR>>/DEB_build_static'
/usr/bin/cmake -E cmake_progress_start /<<PKGBUILDDIR>>/DEB_build_static/CMakeFiles 0
make[2]: Leaving directory '/<<PKGBUILDDIR>>/DEB_build_static'
# build shared libs and binaries
cd DEB_build_shared && /usr/bin/make VERBOSE=1
make[2]: Entering directory '/<<PKGBUILDDIR>>/DEB_build_shared'
/usr/bin/cmake -S/<<PKGBUILDDIR>> -B/<<PKGBUILDDIR>>/DEB_build_shared --check-build-system CMakeFiles/Makefile.cmake 0
/usr/bin/cmake -E cmake_progress_start /<<PKGBUILDDIR>>/DEB_build_shared/CMakeFiles /<<PKGBUILDDIR>>/DEB_build_shared//CMakeFiles/progress.marks
/usr/bin/make  -f CMakeFiles/Makefile2 all
make[3]: Entering directory '/<<PKGBUILDDIR>>/DEB_build_shared'
/usr/bin/make  -f znzlib/CMakeFiles/znz.dir/build.make znzlib/CMakeFiles/znz.dir/depend
make[4]: Entering directory '/<<PKGBUILDDIR>>/DEB_build_shared'
cd /<<PKGBUILDDIR>>/DEB_build_shared && /usr/bin/cmake -E cmake_depends "Unix Makefiles" /<<PKGBUILDDIR>> /<<PKGBUILDDIR>>/znzlib /<<PKGBUILDDIR>>/DEB_build_shared /<<PKGBUILDDIR>>/DEB_build_shared/znzlib /<<PKGBUILDDIR>>/DEB_build_shared/znzlib/CMakeFiles/znz.dir/DependInfo.cmake --color=
make[4]: Leaving directory '/<<PKGBUILDDIR>>/DEB_build_shared'
/usr/bin/make  -f znzlib/CMakeFiles/znz.dir/build.make znzlib/CMakeFiles/znz.dir/build
make[4]: Entering directory '/<<PKGBUILDDIR>>/DEB_build_shared'
[  7%] Building C object znzlib/CMakeFiles/znz.dir/znzlib.c.o
cd /<<PKGBUILDDIR>>/DEB_build_shared/znzlib && /usr/bin/cc -DHAVE_ZLIB -Dznz_EXPORTS -I/<<PKGBUILDDIR>>/DEB_build_shared/znzlib -I/<<PKGBUILDDIR>>/znzlib -g -O2 -ffile-prefix-map=/<<PKGBUILDDIR>>=. -fstack-protector-strong -Wformat -Werror=format-security -Wdate-time -D_FORTIFY_SOURCE=2 -fPIC -MD -MT znzlib/CMakeFiles/znz.dir/znzlib.c.o -MF CMakeFiles/znz.dir/znzlib.c.o.d -o CMakeFiles/znz.dir/znzlib.c.o -c /<<PKGBUILDDIR>>/znzlib/znzlib.c
[ 14%] Linking C shared library libznz.so
cd /<<PKGBUILDDIR>>/DEB_build_shared/znzlib && /usr/bin/cmake -E cmake_link_script CMakeFiles/znz.dir/link.txt --verbose=1
/usr/bin/cc -fPIC -g -O2 -ffile-prefix-map=/<<PKGBUILDDIR>>=. -fstack-protector-strong -Wformat -Werror=format-security -Wdate-time -D_FORTIFY_SOURCE=2 -Wl,-z,relro -Wl,-z,now -shared -Wl,-soname,libznz.so.3 -o libznz.so.3.0.0 CMakeFiles/znz.dir/znzlib.c.o  -Wl,-rpath,:::::::::::::: /usr/lib/x86_64-linux-gnu/libz.so 
cd /<<PKGBUILDDIR>>/DEB_build_shared/znzlib && /usr/bin/cmake -E cmake_symlink_library libznz.so.3.0.0 libznz.so.3 libznz.so
make[4]: Leaving directory '/<<PKGBUILDDIR>>/DEB_build_shared'
[ 14%] Built target znz
/usr/bin/make  -f niftilib/CMakeFiles/niftiio.dir/build.make niftilib/CMakeFiles/niftiio.dir/depend
make[4]: Entering directory '/<<PKGBUILDDIR>>/DEB_build_shared'
cd /<<PKGBUILDDIR>>/DEB_build_shared && /usr/bin/cmake -E cmake_depends "Unix Makefiles" /<<PKGBUILDDIR>> /<<PKGBUILDDIR>>/niftilib /<<PKGBUILDDIR>>/DEB_build_shared /<<PKGBUILDDIR>>/DEB_build_shared/niftilib /<<PKGBUILDDIR>>/DEB_build_shared/niftilib/CMakeFiles/niftiio.dir/DependInfo.cmake --color=
make[4]: Leaving directory '/<<PKGBUILDDIR>>/DEB_build_shared'
/usr/bin/make  -f niftilib/CMakeFiles/niftiio.dir/build.make niftilib/CMakeFiles/niftiio.dir/build
make[4]: Entering directory '/<<PKGBUILDDIR>>/DEB_build_shared'
[ 21%] Building C object niftilib/CMakeFiles/niftiio.dir/nifti1_io.c.o
cd /<<PKGBUILDDIR>>/DEB_build_shared/niftilib && /usr/bin/cc -DHAVE_ZLIB -Dniftiio_EXPORTS -I/<<PKGBUILDDIR>>/DEB_build_shared/niftilib -I/<<PKGBUILDDIR>>/niftilib -I/<<PKGBUILDDIR>>/DEB_build_shared/znzlib -I/<<PKGBUILDDIR>>/znzlib -g -O2 -ffile-prefix-map=/<<PKGBUILDDIR>>=. -fstack-protector-strong -Wformat -Werror=format-security -Wdate-time -D_FORTIFY_SOURCE=2 -fPIC -MD -MT niftilib/CMakeFiles/niftiio.dir/nifti1_io.c.o -MF CMakeFiles/niftiio.dir/nifti1_io.c.o.d -o CMakeFiles/niftiio.dir/nifti1_io.c.o -c /<<PKGBUILDDIR>>/niftilib/nifti1_io.c
/<<PKGBUILDDIR>>/niftilib/nifti1_io.c:471:45: warning: expansion of date or time macro is not reproducible [-Wdate-time]
   printf("%s, compiled %s\n", gni_version, __DATE__);
                                            ^
1 warning generated.
[ 28%] Linking C shared library libniftiio.so
cd /<<PKGBUILDDIR>>/DEB_build_shared/niftilib && /usr/bin/cmake -E cmake_link_script CMakeFiles/niftiio.dir/link.txt --verbose=1
/usr/bin/cc -fPIC -g -O2 -ffile-prefix-map=/<<PKGBUILDDIR>>=. -fstack-protector-strong -Wformat -Werror=format-security -Wdate-time -D_FORTIFY_SOURCE=2 -Wl,-z,relro -Wl,-z,now -shared -Wl,-soname,libniftiio.so.2 -o libniftiio.so.2.1.0 CMakeFiles/niftiio.dir/nifti1_io.c.o  -Wl,-rpath,/<<PKGBUILDDIR>>/DEB_build_shared/znzlib: ../znzlib/libznz.so.3.0.0 -lm /usr/lib/x86_64-linux-gnu/libz.so 
cd /<<PKGBUILDDIR>>/DEB_build_shared/niftilib && /usr/bin/cmake -E cmake_symlink_library libniftiio.so.2.1.0 libniftiio.so.2 libniftiio.so
make[4]: Leaving directory '/<<PKGBUILDDIR>>/DEB_build_shared'
[ 28%] Built target niftiio
/usr/bin/make  -f niftilib/CMakeFiles/nifti1_tool.dir/build.make niftilib/CMakeFiles/nifti1_tool.dir/depend
make[4]: Entering directory '/<<PKGBUILDDIR>>/DEB_build_shared'
cd /<<PKGBUILDDIR>>/DEB_build_shared && /usr/bin/cmake -E cmake_depends "Unix Makefiles" /<<PKGBUILDDIR>> /<<PKGBUILDDIR>>/niftilib /<<PKGBUILDDIR>>/DEB_build_shared /<<PKGBUILDDIR>>/DEB_build_shared/niftilib /<<PKGBUILDDIR>>/DEB_build_shared/niftilib/CMakeFiles/nifti1_tool.dir/DependInfo.cmake --color=
make[4]: Leaving directory '/<<PKGBUILDDIR>>/DEB_build_shared'
/usr/bin/make  -f niftilib/CMakeFiles/nifti1_tool.dir/build.make niftilib/CMakeFiles/nifti1_tool.dir/build
make[4]: Entering directory '/<<PKGBUILDDIR>>/DEB_build_shared'
[ 35%] Building C object niftilib/CMakeFiles/nifti1_tool.dir/nifti1_tool.c.o
cd /<<PKGBUILDDIR>>/DEB_build_shared/niftilib && /usr/bin/cc -DHAVE_ZLIB -I/<<PKGBUILDDIR>>/DEB_build_shared/niftilib -I/<<PKGBUILDDIR>>/niftilib -I/<<PKGBUILDDIR>>/DEB_build_shared/znzlib -I/<<PKGBUILDDIR>>/znzlib -g -O2 -ffile-prefix-map=/<<PKGBUILDDIR>>=. -fstack-protector-strong -Wformat -Werror=format-security -Wdate-time -D_FORTIFY_SOURCE=2 -MD -MT niftilib/CMakeFiles/nifti1_tool.dir/nifti1_tool.c.o -MF CMakeFiles/nifti1_tool.dir/nifti1_tool.c.o.d -o CMakeFiles/nifti1_tool.dir/nifti1_tool.c.o -c /<<PKGBUILDDIR>>/niftilib/nifti1_tool.c
/<<PKGBUILDDIR>>/niftilib/nifti1_tool.c:1732:4: warning: expansion of date or time macro is not reproducible [-Wdate-time]
   __DATE__, g_version );
   ^
1 warning generated.
[ 42%] Linking C executable nifti1_tool
cd /<<PKGBUILDDIR>>/DEB_build_shared/niftilib && /usr/bin/cmake -E cmake_link_script CMakeFiles/nifti1_tool.dir/link.txt --verbose=1
/usr/bin/cc -g -O2 -ffile-prefix-map=/<<PKGBUILDDIR>>=. -fstack-protector-strong -Wformat -Werror=format-security -Wdate-time -D_FORTIFY_SOURCE=2 -Wl,-z,relro -Wl,-z,now CMakeFiles/nifti1_tool.dir/nifti1_tool.c.o -o nifti1_tool  -Wl,-rpath,/<<PKGBUILDDIR>>/DEB_build_shared/niftilib:/<<PKGBUILDDIR>>/DEB_build_shared/znzlib: libniftiio.so.2.1.0 ../znzlib/libznz.so.3.0.0 /usr/lib/x86_64-linux-gnu/libz.so -lm 
make[4]: Leaving directory '/<<PKGBUILDDIR>>/DEB_build_shared'
[ 42%] Built target nifti1_tool
/usr/bin/make  -f nifticdf/CMakeFiles/nifticdf.dir/build.make nifticdf/CMakeFiles/nifticdf.dir/depend
make[4]: Entering directory '/<<PKGBUILDDIR>>/DEB_build_shared'
cd /<<PKGBUILDDIR>>/DEB_build_shared && /usr/bin/cmake -E cmake_depends "Unix Makefiles" /<<PKGBUILDDIR>> /<<PKGBUILDDIR>>/nifticdf /<<PKGBUILDDIR>>/DEB_build_shared /<<PKGBUILDDIR>>/DEB_build_shared/nifticdf /<<PKGBUILDDIR>>/DEB_build_shared/nifticdf/CMakeFiles/nifticdf.dir/DependInfo.cmake --color=
make[4]: Leaving directory '/<<PKGBUILDDIR>>/DEB_build_shared'
/usr/bin/make  -f nifticdf/CMakeFiles/nifticdf.dir/build.make nifticdf/CMakeFiles/nifticdf.dir/build
make[4]: Entering directory '/<<PKGBUILDDIR>>/DEB_build_shared'
[ 50%] Building C object nifticdf/CMakeFiles/nifticdf.dir/nifticdf.c.o
cd /<<PKGBUILDDIR>>/DEB_build_shared/nifticdf && /usr/bin/cc -DHAVE_ZLIB -Dnifticdf_EXPORTS -I/<<PKGBUILDDIR>>/DEB_build_shared/nifticdf -I/<<PKGBUILDDIR>>/nifticdf -I/<<PKGBUILDDIR>>/DEB_build_shared/niftilib -I/<<PKGBUILDDIR>>/niftilib -I/<<PKGBUILDDIR>>/DEB_build_shared/znzlib -I/<<PKGBUILDDIR>>/znzlib -g -O2 -ffile-prefix-map=/<<PKGBUILDDIR>>=. -fstack-protector-strong -Wformat -Werror=format-security -Wdate-time -D_FORTIFY_SOURCE=2 -fPIC -D__COMPILE_UNUSED_FUNCTIONS__ -MD -MT nifticdf/CMakeFiles/nifticdf.dir/nifticdf.c.o -MF CMakeFiles/nifticdf.dir/nifticdf.c.o.d -o CMakeFiles/nifticdf.dir/nifticdf.c.o -c /<<PKGBUILDDIR>>/nifticdf/nifticdf.c
[ 57%] Linking C shared library libnifticdf.so
cd /<<PKGBUILDDIR>>/DEB_build_shared/nifticdf && /usr/bin/cmake -E cmake_link_script CMakeFiles/nifticdf.dir/link.txt --verbose=1
/usr/bin/cc -fPIC -g -O2 -ffile-prefix-map=/<<PKGBUILDDIR>>=. -fstack-protector-strong -Wformat -Werror=format-security -Wdate-time -D_FORTIFY_SOURCE=2 -Wl,-z,relro -Wl,-z,now -shared -Wl,-soname,libnifticdf.so.2 -o libnifticdf.so.2.1.0 CMakeFiles/nifticdf.dir/nifticdf.c.o  -Wl,-rpath,/<<PKGBUILDDIR>>/DEB_build_shared/niftilib:/<<PKGBUILDDIR>>/DEB_build_shared/znzlib: ../niftilib/libniftiio.so.2.1.0 ../znzlib/libznz.so.3.0.0 /usr/lib/x86_64-linux-gnu/libz.so -lm 
cd /<<PKGBUILDDIR>>/DEB_build_shared/nifticdf && /usr/bin/cmake -E cmake_symlink_library libnifticdf.so.2.1.0 libnifticdf.so.2 libnifticdf.so
make[4]: Leaving directory '/<<PKGBUILDDIR>>/DEB_build_shared'
[ 57%] Built target nifticdf
/usr/bin/make  -f nifticdf/CMakeFiles/nifti_stats.dir/build.make nifticdf/CMakeFiles/nifti_stats.dir/depend
make[4]: Entering directory '/<<PKGBUILDDIR>>/DEB_build_shared'
cd /<<PKGBUILDDIR>>/DEB_build_shared && /usr/bin/cmake -E cmake_depends "Unix Makefiles" /<<PKGBUILDDIR>> /<<PKGBUILDDIR>>/nifticdf /<<PKGBUILDDIR>>/DEB_build_shared /<<PKGBUILDDIR>>/DEB_build_shared/nifticdf /<<PKGBUILDDIR>>/DEB_build_shared/nifticdf/CMakeFiles/nifti_stats.dir/DependInfo.cmake --color=
make[4]: Leaving directory '/<<PKGBUILDDIR>>/DEB_build_shared'
/usr/bin/make  -f nifticdf/CMakeFiles/nifti_stats.dir/build.make nifticdf/CMakeFiles/nifti_stats.dir/build
make[4]: Entering directory '/<<PKGBUILDDIR>>/DEB_build_shared'
[ 64%] Building C object nifticdf/CMakeFiles/nifti_stats.dir/nifti_stats.c.o
cd /<<PKGBUILDDIR>>/DEB_build_shared/nifticdf && /usr/bin/cc -DHAVE_ZLIB -I/<<PKGBUILDDIR>>/DEB_build_shared/nifticdf -I/<<PKGBUILDDIR>>/nifticdf -I/<<PKGBUILDDIR>>/DEB_build_shared/niftilib -I/<<PKGBUILDDIR>>/niftilib -I/<<PKGBUILDDIR>>/DEB_build_shared/znzlib -I/<<PKGBUILDDIR>>/znzlib -g -O2 -ffile-prefix-map=/<<PKGBUILDDIR>>=. -fstack-protector-strong -Wformat -Werror=format-security -Wdate-time -D_FORTIFY_SOURCE=2 -MD -MT nifticdf/CMakeFiles/nifti_stats.dir/nifti_stats.c.o -MF CMakeFiles/nifti_stats.dir/nifti_stats.c.o.d -o CMakeFiles/nifti_stats.dir/nifti_stats.c.o -c /<<PKGBUILDDIR>>/nifticdf/nifti_stats.c
[ 71%] Linking C executable nifti_stats
cd /<<PKGBUILDDIR>>/DEB_build_shared/nifticdf && /usr/bin/cmake -E cmake_link_script CMakeFiles/nifti_stats.dir/link.txt --verbose=1
/usr/bin/cc -g -O2 -ffile-prefix-map=/<<PKGBUILDDIR>>=. -fstack-protector-strong -Wformat -Werror=format-security -Wdate-time -D_FORTIFY_SOURCE=2 -Wl,-z,relro -Wl,-z,now CMakeFiles/nifti_stats.dir/nifti_stats.c.o -o nifti_stats  -Wl,-rpath,/<<PKGBUILDDIR>>/DEB_build_shared/nifticdf:/<<PKGBUILDDIR>>/DEB_build_shared/niftilib:/<<PKGBUILDDIR>>/DEB_build_shared/znzlib: libnifticdf.so.2.1.0 ../niftilib/libniftiio.so.2.1.0 ../znzlib/libznz.so.3.0.0 /usr/lib/x86_64-linux-gnu/libz.so -lm 
make[4]: Leaving directory '/<<PKGBUILDDIR>>/DEB_build_shared'
[ 71%] Built target nifti_stats
/usr/bin/make  -f nifti2/CMakeFiles/nifti2.dir/build.make nifti2/CMakeFiles/nifti2.dir/depend
make[4]: Entering directory '/<<PKGBUILDDIR>>/DEB_build_shared'
cd /<<PKGBUILDDIR>>/DEB_build_shared && /usr/bin/cmake -E cmake_depends "Unix Makefiles" /<<PKGBUILDDIR>> /<<PKGBUILDDIR>>/nifti2 /<<PKGBUILDDIR>>/DEB_build_shared /<<PKGBUILDDIR>>/DEB_build_shared/nifti2 /<<PKGBUILDDIR>>/DEB_build_shared/nifti2/CMakeFiles/nifti2.dir/DependInfo.cmake --color=
make[4]: Leaving directory '/<<PKGBUILDDIR>>/DEB_build_shared'
/usr/bin/make  -f nifti2/CMakeFiles/nifti2.dir/build.make nifti2/CMakeFiles/nifti2.dir/build
make[4]: Entering directory '/<<PKGBUILDDIR>>/DEB_build_shared'
[ 78%] Building C object nifti2/CMakeFiles/nifti2.dir/nifti2_io.c.o
cd /<<PKGBUILDDIR>>/DEB_build_shared/nifti2 && /usr/bin/cc -DHAVE_ZLIB -Dnifti2_EXPORTS -I/<<PKGBUILDDIR>>/DEB_build_shared/nifti2 -I/<<PKGBUILDDIR>>/nifti2 -I/<<PKGBUILDDIR>>/DEB_build_shared/znzlib -I/<<PKGBUILDDIR>>/znzlib -g -O2 -ffile-prefix-map=/<<PKGBUILDDIR>>=. -fstack-protector-strong -Wformat -Werror=format-security -Wdate-time -D_FORTIFY_SOURCE=2 -fPIC -MD -MT nifti2/CMakeFiles/nifti2.dir/nifti2_io.c.o -MF CMakeFiles/nifti2.dir/nifti2_io.c.o.d -o CMakeFiles/nifti2.dir/nifti2_io.c.o -c /<<PKGBUILDDIR>>/nifti2/nifti2_io.c
/<<PKGBUILDDIR>>/nifti2/nifti2_io.c:560:45: warning: expansion of date or time macro is not reproducible [-Wdate-time]
   printf("%s, compiled %s\n", gni_version, __DATE__);
                                            ^
1 warning generated.
[ 85%] Linking C shared library libnifti2.so
cd /<<PKGBUILDDIR>>/DEB_build_shared/nifti2 && /usr/bin/cmake -E cmake_link_script CMakeFiles/nifti2.dir/link.txt --verbose=1
/usr/bin/cc -fPIC -g -O2 -ffile-prefix-map=/<<PKGBUILDDIR>>=. -fstack-protector-strong -Wformat -Werror=format-security -Wdate-time -D_FORTIFY_SOURCE=2 -Wl,-z,relro -Wl,-z,now -shared -Wl,-soname,libnifti2.so.2 -o libnifti2.so.2.1.0 CMakeFiles/nifti2.dir/nifti2_io.c.o  -Wl,-rpath,/<<PKGBUILDDIR>>/DEB_build_shared/znzlib: ../znzlib/libznz.so.3.0.0 -lm /usr/lib/x86_64-linux-gnu/libz.so 
cd /<<PKGBUILDDIR>>/DEB_build_shared/nifti2 && /usr/bin/cmake -E cmake_symlink_library libnifti2.so.2.1.0 libnifti2.so.2 libnifti2.so
make[4]: Leaving directory '/<<PKGBUILDDIR>>/DEB_build_shared'
[ 85%] Built target nifti2
/usr/bin/make  -f nifti2/CMakeFiles/nifti_tool.dir/build.make nifti2/CMakeFiles/nifti_tool.dir/depend
make[4]: Entering directory '/<<PKGBUILDDIR>>/DEB_build_shared'
cd /<<PKGBUILDDIR>>/DEB_build_shared && /usr/bin/cmake -E cmake_depends "Unix Makefiles" /<<PKGBUILDDIR>> /<<PKGBUILDDIR>>/nifti2 /<<PKGBUILDDIR>>/DEB_build_shared /<<PKGBUILDDIR>>/DEB_build_shared/nifti2 /<<PKGBUILDDIR>>/DEB_build_shared/nifti2/CMakeFiles/nifti_tool.dir/DependInfo.cmake --color=
make[4]: Leaving directory '/<<PKGBUILDDIR>>/DEB_build_shared'
/usr/bin/make  -f nifti2/CMakeFiles/nifti_tool.dir/build.make nifti2/CMakeFiles/nifti_tool.dir/build
make[4]: Entering directory '/<<PKGBUILDDIR>>/DEB_build_shared'
[ 92%] Building C object nifti2/CMakeFiles/nifti_tool.dir/nifti_tool.c.o
cd /<<PKGBUILDDIR>>/DEB_build_shared/nifti2 && /usr/bin/cc -DHAVE_ZLIB -I/<<PKGBUILDDIR>>/DEB_build_shared/nifti2 -I/<<PKGBUILDDIR>>/nifti2 -I/<<PKGBUILDDIR>>/DEB_build_shared/znzlib -I/<<PKGBUILDDIR>>/znzlib -g -O2 -ffile-prefix-map=/<<PKGBUILDDIR>>=. -fstack-protector-strong -Wformat -Werror=format-security -Wdate-time -D_FORTIFY_SOURCE=2 -MD -MT nifti2/CMakeFiles/nifti_tool.dir/nifti_tool.c.o -MF CMakeFiles/nifti_tool.dir/nifti_tool.c.o.d -o CMakeFiles/nifti_tool.dir/nifti_tool.c.o -c /<<PKGBUILDDIR>>/nifti2/nifti_tool.c
/<<PKGBUILDDIR>>/nifti2/nifti_tool.c:2006:4: warning: expansion of date or time macro is not reproducible [-Wdate-time]
   __DATE__, g_version, g_version_date );
   ^
1 warning generated.
[100%] Linking C executable nifti_tool
cd /<<PKGBUILDDIR>>/DEB_build_shared/nifti2 && /usr/bin/cmake -E cmake_link_script CMakeFiles/nifti_tool.dir/link.txt --verbose=1
/usr/bin/cc -g -O2 -ffile-prefix-map=/<<PKGBUILDDIR>>=. -fstack-protector-strong -Wformat -Werror=format-security -Wdate-time -D_FORTIFY_SOURCE=2 -Wl,-z,relro -Wl,-z,now CMakeFiles/nifti_tool.dir/nifti_tool.c.o -o nifti_tool  -Wl,-rpath,/<<PKGBUILDDIR>>/DEB_build_shared/nifti2:/<<PKGBUILDDIR>>/DEB_build_shared/znzlib: libnifti2.so.2.1.0 ../znzlib/libznz.so.3.0.0 /usr/lib/x86_64-linux-gnu/libz.so -lm 
make[4]: Leaving directory '/<<PKGBUILDDIR>>/DEB_build_shared'
[100%] Built target nifti_tool
make[3]: Leaving directory '/<<PKGBUILDDIR>>/DEB_build_shared'
/usr/bin/cmake -E cmake_progress_start /<<PKGBUILDDIR>>/DEB_build_shared/CMakeFiles 0
make[2]: Leaving directory '/<<PKGBUILDDIR>>/DEB_build_shared'
# build api reference
cd docs && doxygen Doxy_nifti.txt
/<<PKGBUILDDIR>>/fsliolib/fslio.h:100: warning: missing title after \defgroup FSL_TYPE
/<<PKGBUILDDIR>>/fsliolib/fslio.h:271: warning: end of file while inside a group
/<<PKGBUILDDIR>>/niftilib/nifti1.h:483: warning: missing title after \defgroup NIFTI1_DATATYPES
/<<PKGBUILDDIR>>/niftilib/nifti1.h:524: warning: missing title after \defgroup NIFTI1_DATATYPE_ALIASES
/<<PKGBUILDDIR>>/niftilib/nifti1.h:688: warning: missing title after \defgroup NIFTI1_INTENT_CODES
/<<PKGBUILDDIR>>/niftilib/nifti1.h:1240: warning: missing title after \defgroup NIFTI1_XFORM_CODES
/<<PKGBUILDDIR>>/niftilib/nifti1.h:1311: warning: missing title after \defgroup NIFTI1_UNITS
/<<PKGBUILDDIR>>/niftilib/nifti1.h:1452: warning: missing title after \defgroup NIFTI1_SLICE_ORDER
/<<PKGBUILDDIR>>/niftilib/nifti1.h:1529: warning: end of file while inside a group
/<<PKGBUILDDIR>>/niftilib/nifti1_tool.c:2: warning: the name 'nifti_tool.c' supplied as the argument in the \file statement is not an input file
/<<PKGBUILDDIR>>/fsliolib/dbh.h:96: warning: Compound COMPLEX is not documented.
/<<PKGBUILDDIR>>/fsliolib/dbh.h:55: warning: Compound data_history is not documented.
/<<PKGBUILDDIR>>/fsliolib/dbh.h:75: warning: Compound dsr is not documented.
/<<PKGBUILDDIR>>/niftilib/nifti1_tool.h:80: warning: Compound field_s is not documented.
/<<PKGBUILDDIR>>/fsliolib/dbh.h:16: warning: Compound header_key is not documented.
/<<PKGBUILDDIR>>/fsliolib/dbh.h:27: warning: Compound image_dimension is not documented.
/<<PKGBUILDDIR>>/niftilib/nifti1_tool.h:11: warning: Compound int_list is not documented.
/<<PKGBUILDDIR>>/niftilib/nifti1_io.h:62: warning: Compound mat33 is not documented.
/<<PKGBUILDDIR>>/niftilib/nifti1_io.h:58: warning: Compound mat44 is not documented.
/<<PKGBUILDDIR>>/niftilib/nifti1_io.h:187: warning: Compound nifti_analyze75 is not documented.
/<<PKGBUILDDIR>>/niftilib/nifti1_io.h:175: warning: Compound nifti_brick_list is not documented.
/<<PKGBUILDDIR>>/niftilib/nifti1_io.h:491: warning: Compound nifti_global_options is not documented.
/<<PKGBUILDDIR>>/niftilib/nifti1_io.h:497: warning: Compound nifti_type_ele is not documented.
/<<PKGBUILDDIR>>/niftilib/nifti1_tool.h:16: warning: Compound nt_opts is not documented.
/<<PKGBUILDDIR>>/niftilib/nifti1_tool.h:6: warning: Compound str_list is not documented.
/<<PKGBUILDDIR>>/znzlib/znzlib.h:79: warning: Compound znzptr is not documented.
/<<PKGBUILDDIR>>/niftilib/nifti1_io.h:68: warning: Documentation for undefined enum 'analyze_75_orient_code' found.
Doxygen version used: 1.9.1
Searching for include files...
Searching for example files...
Searching for images...
Searching for dot files...
Searching for msc files...
Searching for dia files...
Searching for files to exclude
Searching INPUT for files to process...
Searching for files in directory /<<PKGBUILDDIR>>/fsliolib
Searching for files in directory /<<PKGBUILDDIR>>/niftilib
Searching for files in directory /<<PKGBUILDDIR>>/znzlib
Reading and parsing tag files
Parsing files
Preprocessing /<<PKGBUILDDIR>>/fsliolib/dbh.h...
Parsing file /<<PKGBUILDDIR>>/fsliolib/dbh.h...
Preprocessing /<<PKGBUILDDIR>>/fsliolib/fslio.c...
Parsing file /<<PKGBUILDDIR>>/fsliolib/fslio.c...
Preprocessing /<<PKGBUILDDIR>>/fsliolib/fslio.h...
Parsing file /<<PKGBUILDDIR>>/fsliolib/fslio.h...
Preprocessing /<<PKGBUILDDIR>>/niftilib/nifti1.h...
Parsing file /<<PKGBUILDDIR>>/niftilib/nifti1.h...
Preprocessing /<<PKGBUILDDIR>>/niftilib/nifti1_io.c...
Parsing file /<<PKGBUILDDIR>>/niftilib/nifti1_io.c...
Preprocessing /<<PKGBUILDDIR>>/niftilib/nifti1_io.h...
Parsing file /<<PKGBUILDDIR>>/niftilib/nifti1_io.h...
Preprocessing /<<PKGBUILDDIR>>/niftilib/nifti1_io_version.h...
Parsing file /<<PKGBUILDDIR>>/niftilib/nifti1_io_version.h...
Preprocessing /<<PKGBUILDDIR>>/niftilib/nifti1_test.c...
Parsing file /<<PKGBUILDDIR>>/niftilib/nifti1_test.c...
Preprocessing /<<PKGBUILDDIR>>/niftilib/nifti1_tool.c...
Parsing file /<<PKGBUILDDIR>>/niftilib/nifti1_tool.c...
Preprocessing /<<PKGBUILDDIR>>/niftilib/nifti1_tool.h...
Parsing file /<<PKGBUILDDIR>>/niftilib/nifti1_tool.h...
Preprocessing /<<PKGBUILDDIR>>/niftilib/nifti_tester001.c...
Parsing file /<<PKGBUILDDIR>>/niftilib/nifti_tester001.c...
Preprocessing /<<PKGBUILDDIR>>/niftilib/nifti_tester002.c...
Parsing file /<<PKGBUILDDIR>>/niftilib/nifti_tester002.c...
Preprocessing /<<PKGBUILDDIR>>/znzlib/znzlib.c...
Parsing file /<<PKGBUILDDIR>>/znzlib/znzlib.c...
Preprocessing /<<PKGBUILDDIR>>/znzlib/znzlib.h...
Parsing file /<<PKGBUILDDIR>>/znzlib/znzlib.h...
Preprocessing /<<PKGBUILDDIR>>/znzlib/znzlib_version.h...
Parsing file /<<PKGBUILDDIR>>/znzlib/znzlib_version.h...
Building macro definition list...
Building group list...
Building directory list...
Building namespace list...
Building file list...
Building class list...
Computing nesting relations for classes...
Associating documentation with classes...
Building example list...
Searching for enumerations...
Searching for documented typedefs...
Searching for members imported via using declarations...
Searching for included using directives...
Searching for documented variables...
Building interface member list...
Building member list...
Searching for friends...
Searching for documented defines...
Computing class inheritance relations...
Computing class usage relations...
Flushing cached template relations that have become invalid...
Computing class relations...
Add enum values to enums...
Searching for member function documentation...
Creating members for template instances...
Building page list...
Search for main page...
Computing page relations...
Determining the scope of groups...
Sorting lists...
Determining which enums are documented
Computing member relations...
Building full member lists recursively...
Adding members to member groups.
Computing member references...
Inheriting documentation...
Generati/<<PKGBUILDDIR>>/fsliolib/fslio.c:2107: warning: explicit link request to 'vol' could not be resolved
/<<PKGBUILDDIR>>/fsliolib/fslio.c:2107: warning: explicit link request to 'vol' could not be resolved
/<<PKGBUILDDIR>>/fsliolib/fslio.c:34: warning: Member FSLIOERR(x) (macro definition) of file fslio.c is not documented.
/<<PKGBUILDDIR>>/fsliolib/fslio.c:59: warning: Member FslIsValidFileType(int filetype) (function) of file fslio.c is not documented.
/<<PKGBUILDDIR>>/fsliolib/fslio.c:72: warning: Member FslBaseFileType(int filetype) (function) of group FSL_TYPE is not documented.
/<<PKGBUILDDIR>>/fsliolib/fslio.c:88: warning: Member FslGetFileType2(const FSLIO *fslio, int quiet) (function) of file fslio.c is not documented.
/<<PKGBUILDDIR>>/fsliolib/fslio.c:111: warning: Member FslGetFileType(const FSLIO *fslio) (function) of group FSL_TYPE is not documented.
/<<PKGBUILDDIR>>/fsliolib/fslio.c:118: warning: Member FslSetFileType(FSLIO *fslio, int filetype) (function) of group FSL_TYPE is not documented.
/<<PKGBUILDDIR>>/fsliolib/fslio.c:135: warning: Member FslIsSingleFileType(int filetype) (function) of group FSL_TYPE is not documented.
/<<PKGBUILDDIR>>/fsliolib/fslio.c:144: warning: Member FslIsCompressedFileType(int filetype) (function) of group FSL_TYPE is not documented.
/<<PKGBUILDDIR>>/fsliolib/fslio.c:151: warning: Member FslGetWriteMode(const FSLIO *fslio) (function) of group FSL_TYPE is not documented.
/<<PKGBUILDDIR>>/fsliolib/fslio.c:158: warning: Member FslSetWriteMode(FSLIO *fslio, int mode) (function) of group FSL_TYPE is not documented.
/<<PKGBUILDDIR>>/fsliolib/fslio.c:165: warning: Member FslGetEnvOutputType(void) (function) of group FSL_TYPE is not documented.
/<<PKGBUILDDIR>>/fsliolib/fslio.c:193: warning: Member FslFileType(const char *fname) (function) of file fslio.c is not documented.
/<<PKGBUILDDIR>>/fsliolib/fslio.c:275: warning: Member FslFileExists(const char *filename) (function) of group FSL_TYPE is not documented.
/<<PKGBUILDDIR>>/fsliolib/fslio.c:289: warning: Member FslMakeBaseName(const char *fname) (function) of group FSL_TYPE is not documented.
/<<PKGBUILDDIR>>/fsliolib/fslio.c:305: warning: Member FslGetHdrImgNames(const char *filename, const FSLIO *fslio, char **hdrname, char **imgname) (function) of file fslio.c is not documented.
/<<PKGBUILDDIR>>/fsliolib/fslio.c:380: warning: Member FslSetInit(FSLIO *fslio) (function) of group FSL_TYPE is not documented.
/<<PKGBUILDDIR>>/fsliolib/fslio.c:392: warning: Member FslInit4Write(FSLIO *fslio, const char *filename, int ft) (function) of file fslio.c is not documented.
/<<PKGBUILDDIR>>/fsliolib/fslio.c:435: warning: Member FslInitHeader(FSLIO *fslio, short t, size_t x, size_t y, size_t z, size_t v, float vx, float vy, float vz, float tr, size_t dim) (function) of group FSL_TYPE is not documented.
/<<PKGBUILDDIR>>/fsliolib/fslio.c:458: warning: Member FslCloneHeader(FSLIO *dest, const FSLIO *src) (function) of group FSL_TYPE is not documented.
/<<PKGBUILDDIR>>/fsliolib/fslio.c:505: warning: Member fsl_fileexists(const char *fname) (function) of file fslio.c is not documented.
/<<PKGBUILDDIR>>/fsliolib/fslio.c:514: warning: Member FslCheckForMultipleFileNames(const char *filename) (function) of group FSL_TYPE is not documented.
/<<PKGBUILDDIR>>/fsliolib/fslio.c:562: warning: Member check_for_multiple_filenames(const char *filename) (function) of file fslio.c is not documented.
/<<PKGBUILDDIR>>/fsliolib/fslio.c:1158: warning: Member FslSeekVolume(FSLIO *fslio, size_t vols) (function) of group FSL_TYPE is not documented.
/<<PKGBUILDDIR>>/fsliolib/fslio.c:1175: warning: Member FslGetVolSize(FSLIO *fslio) (function) of group FSL_TYPE is not documented.
/<<PKGBUILDDIR>>/fsliolib/fslio.c:1189: warning: Member FslSetDim(FSLIO *fslio, short x, short y, short z, short v) (function) of group FSL_TYPE is not documented.
/<<PKGBUILDDIR>>/fsliolib/fslio.c:1228: warning: Member FslGetDim(FSLIO *fslio, short *x, short *y, short *z, short *v) (function) of group FSL_TYPE is not documented.
/<<PKGBUILDDIR>>/fsliolib/fslio.c:1243: warning: Member FslSetDimensionality(FSLIO *fslio, size_t dim) (function) of group FSL_TYPE is not documented.
/<<PKGBUILDDIR>>/fsliolib/fslio.c:1256: warning: Member FslGetDimensionality(FSLIO *fslio, size_t *dim) (function) of group FSL_TYPE is not documented.
/<<PKGBUILDDIR>>/fsliolib/fslio.c:1268: warning: Member FslSetVoxDim(FSLIO *fslio, float x, float y, float z, float tr) (function) of group FSL_TYPE is not documented.
/<<PKGBUILDDIR>>/fsliolib/fslio.c:1290: warning: Member FslGetVoxDim(FSLIO *fslio, float *x, float *y, float *z, float *tr) (function) of group FSL_TYPE is not documented.
/<<PKGBUILDDIR>>/fsliolib/fslio.c:1315: warning: Member FslGetCalMinMax(FSLIO *fslio, float *min, float *max) (function) of group FSL_TYPE is not documented.
/<<PKGBUILDDIR>>/fsliolib/fslio.c:1328: warning: Member FslSetCalMinMax(FSLIO *fslio, float min, float max) (function) of group FSL_TYPE is not documented.
/<<PKGBUILDDIR>>/fsliolib/fslio.c:1341: warning: Member FslGetAuxFile(FSLIO *fslio, char *aux_file) (function) of group FSL_TYPE is not documented.
/<<PKGBUILDDIR>>/fsliolib/fslio.c:1354: warning: Member FslSetAuxFile(FSLIO *fslio, const char *aux_file) (function) of group FSL_TYPE is not documented.
/<<PKGBUILDDIR>>/fsliolib/fslio.c:1366: warning: Member FslSetVoxUnits(FSLIO *fslio, const char *units) (function) of file fslio.c is not documented.
/<<PKGBUILDDIR>>/fsliolib/fslio.c:1386: warning: Member FslGetVoxUnits(FSLIO *fslio, char *units) (function) of file fslio.c is not documented.
/<<PKGBUILDDIR>>/fsliolib/fslio.c:1397: warning: Member FslSetTimeUnits(FSLIO *fslio, const char *units) (function) of group FSL_TYPE is not documented.
/<<PKGBUILDDIR>>/fsliolib/fslio.c:1425: warning: Member FslGetTimeUnits(FSLIO *fslio, char *units) (function) of group FSL_TYPE is not documented.
/<<PKGBUILDDIR>>/fsliolib/fslio.c:1437: warning: Member FslSetDataType(FSLIO *fslio, short t) (function) of group FSL_TYPE is not documented.
/<<PKGBUILDDIR>>/fsliolib/fslio.c:1451: warning: Member FslGetDataType(FSLIO *fslio, short *t) (function) of group FSL_TYPE is not documented.
/<<PKGBUILDDIR>>/fsliolib/fslio.c:1467: warning: Member FslGetMMCoord(mat44 stdmat, float voxx, float voxy, float voxz, float *mmx, float *mmy, float *mmz) (function) of group FSL_TYPE is not documented.
/<<PKGBUILDDIR>>/fsliolib/fslio.c:1479: warning: Member FslGetVoxCoord(mat44 stdmat, float mmx, float mmy, float mmz, float *voxx, float *voxy, float *voxz) (function) of group FSL_TYPE is not documented.
/<<PKGBUILDDIR>>/fsliolib/fslio.c:1494: warning: Member FslSetStdXform(FSLIO *fslio, short sform_code, mat44 stdmat) (function) of group FSL_TYPE is not documented.
/<<PKGBUILDDIR>>/fsliolib/fslio.c:1524: warning: Member FslGetStdXform(FSLIO *fslio, mat44 *stdmat) (function) of group FSL_TYPE is not documented.
/<<PKGBUILDDIR>>/fsliolib/fslio.c:1576: warning: Member FslSetRigidXform(FSLIO *fslio, short qform_code, mat44 rigidmat) (function) of group FSL_TYPE is not documented.
/<<PKGBUILDDIR>>/fsliolib/fslio.c:1613: warning: Member FslGetRigidXform(FSLIO *fslio, mat44 *rigidmat) (function) of group FSL_TYPE is not documented.
/<<PKGBUILDDIR>>/fsliolib/fslio.c:1664: warning: Member FslSetIntent(FSLIO *fslio, short intent_code, float p1, float p2, float p3) (function) of group FSL_TYPE is not documented.
/<<PKGBUILDDIR>>/fsliolib/fslio.c:1679: warning: Member FslGetIntent(FSLIO *fslio, short *intent_code, float *p1, float *p2, float *p3) (function) of group FSL_TYPE is not documented.
/<<PKGBUILDDIR>>/fsliolib/fslio.c:1700: warning: Member FslSetIntensityScaling(FSLIO *fslio, float slope, float intercept) (function) of file fslio.c is not documented.
/<<PKGBUILDDIR>>/fsliolib/fslio.c:1713: warning: Member FslGetIntensityScaling(FSLIO *fslio, float *slope, float *intercept) (function) of group FSL_TYPE is not documented.
/<<PKGBUILDDIR>>/fsliolib/fslio.c:1739: warning: Member mat44_to_mat33(mat44 x) (function) of group FSL_TYPE is not documented.
/<<PKGBUILDDIR>>/fsliolib/fslio.c:1752: warning: Member FslGetLeftRightOrder(FSLIO *fslio) (function) of group FSL_TYPE is not documented.
/<<PKGBUILDDIR>>/fsliolib/fslio.c:1782: warning: Member FslSetAnalyzeSform(FSLIO *fslio, const short *orig, float dx, float dy, float dz) (function) of group FSL_TYPE is not documented.
/<<PKGBUILDDIR>>/fsliolib/fslio.c:1864: warning: Member FslGetAnalyzeOrigin(FSLIO *fslio, short orig[5]) (function) of group FSL_TYPE is not documented.
/<<PKGBUILDDIR>>/fsliolib/fslio.c:1993: warning: Member AvwSwapHeader(struct dsr *avw) (function) of group FSL_TYPE is not documented.
/<<PKGBUILDDIR>>/fsliolib/fslio.c:2020: warning: Member FslReadRawHeader(void *buffer, const char *filename) (function) of group FSL_TYPE is not documented.
/<<PKGBUILDDIR>>/fsliolib/fslio.c:2038: warning: Member FslSetOverrideOutputType(int type) (function) of group FSL_TYPE is not documented.
/<<PKGBUILDDIR>>/fsliolib/fslio.c:2047: warning: Member FslGetOverrideOutputType(void) (function) of group FSL_TYPE is not documented.
/<<PKGBUILDDIR>>/fsliolib/fslio.c:2052: warning: Member FslSetIgnoreMFQ(int flag) (function) of group FSL_TYPE is not documented.
/<<PKGBUILDDIR>>/fsliolib/fslio.c:2059: warning: Member FslGetIgnoreMFQ(void) (function) of group FSL_TYPE is not documented.
/<<PKGBUILDDIR>>/fsliolib/fslio.c:2107: warning: explicit link request to 'vol' could not be resolved
/<<PKGBUILDDIR>>/fsliolib/fslio.h:104: warning: Member FSL_TYPE_ANALYZE (macro definition) of group FSL_TYPE is not documented.
/<<PKGBUILDDIR>>/fsliolib/fslio.h:105: warning: Member FSL_TYPE_NIFTI (macro definition) of group FSL_TYPE is not documented.
/<<PKGBUILDDIR>>/fsliolib/fslio.h:106: warning: Member FSL_TYPE_NIFTI_PAIR (macro definition) of group FSL_TYPE is not documented.
/<<PKGBUILDDIR>>/fsliolib/fslio.h:107: warning: Member FSL_TYPE_MINC (macro definition) of group FSL_TYPE is not documented.
/<<PKGBUILDDIR>>/fsliolib/fslio.h:108: warning: Member FSL_TYPE_ANALYZE_GZ (macro definition) of group FSL_TYPE is not documented.
/<<PKGBUILDDIR>>/fsliolib/fslio.h:109: warning: Member FSL_TYPE_NIFTI_GZ (macro definition) of group FSL_TYPE is not documented.
/<<PKGBUILDDIR>>/fsliolib/fslio.h:110: warning: Member FSL_TYPE_NIFTI_PAIR_GZ (macro definition) of group FSL_TYPE is not documented.
/<<PKGBUILDDIR>>/fsliolib/fslio.h:111: warning: Member FSL_TYPE_MINC_GZ (macro definition) of group FSL_TYPE is not documented.
/<<PKGBUILDDIR>>/fsliolib/fslio.h:114: warning: Member FSL_RADIOLOGICAL (macro definition) of group FSL_TYPE is not documented.
/<<PKGBUILDDIR>>/fsliolib/fslio.h:115: warning: Member FSL_NEUROLOGICAL (macro definition) of group FSL_TYPE is not documented.
/<<PKGBUILDDIR>>/fsliolib/fslio.h:247: warning: Member THIS_UINT8 (typedef) of group FSL_TYPE is not documented.
/<<PKGBUILDDIR>>/fsliolib/fslio.h:248: warning: Member THIS_INT8 (typedef) of group FSL_TYPE is not documented.
/<<PKGBUILDDIR>>/fsliolib/fslio.h:249: warning: Member THIS_UINT16 (typedef) of group FSL_TYPE is not documented.
/<<PKGBUILDDIR>>/fsliolib/fslio.h:250: warning: Member THIS_INT16 (typedef) of group FSL_TYPE is not documented.
/<<PKGBUILDDIR>>/fsliolib/fslio.h:251: warning: Member THIS_UINT32 (typedef) of group FSL_TYPE is not documented.
/<<PKGBUILDDIR>>/fsliolib/fslio.h:252: warning: Member THIS_INT32 (typedef) of group FSL_TYPE is not documented.
/<<PKGBUILDDIR>>/fsliolib/fslio.h:253: warning: Member THIS_UINT64 (typedef) of group FSL_TYPE is not documented.
/<<PKGBUILDDIR>>/fsliolib/fslio.h:254: warning: Member THIS_INT64 (typedef) of group FSL_TYPE is not documented.
/<<PKGBUILDDIR>>/fsliolib/fslio.h:255: warning: Member THIS_FLOAT32 (typedef) of group FSL_TYPE is not documented.
/<<PKGBUILDDIR>>/fsliolib/fslio.h:256: warning: Member THIS_FLOAT64 (typedef) of group FSL_TYPE is not documented.
/<<PKGBUILDDIR>>/fsliolib/fslio.h:142: warning: Member FslSeekVolume(FSLIO *fslio, size_t vols) (function) of group FSL_TYPE is not documented.
/<<PKGBUILDDIR>>/fsliolib/fslio.h:157: warning: Member FslFileExists(const char *filename) (function) of group FSL_TYPE is not documented.
/<<PKGBUILDDIR>>/fsliolib/fslio.h:158: warning: Member FslMakeBaseName(const char *fname) (function) of group FSL_TYPE is not documented.
/<<PKGBUILDDIR>>/fsliolib/fslio.h:159: warning: Member FslCheckForMultipleFileNames(const char *filename) (function) of group FSL_TYPE is not documented.
/<<PKGBUILDDIR>>/fsliolib/fslio.h:160: warning: Member FslGetEnvOutputType(void) (function) of group FSL_TYPE is not documented.
/<<PKGBUILDDIR>>/fsliolib/fslio.h:162: warning: Member FslSetIgnoreMFQ(int flag) (function) of group FSL_TYPE is not documented.
/<<PKGBUILDDIR>>/fsliolib/fslio.h:163: warning: Member FslGetIgnoreMFQ(void) (function) of group FSL_TYPE is not documented.
/<<PKGBUILDDIR>>/fsliolib/fslio.h:164: warning: Member FslSetOverrideOutputType(int type) (function) of group FSL_TYPE is not documented.
/<<PKGBUILDDIR>>/fsliolib/fslio.h:165: warning: Member FslGetOverrideOutputType(void) (function) of group FSL_TYPE is not documented.
/<<PKGBUILDDIR>>/fsliolib/fslio.h:168: warning: Member FslGetFileType(const FSLIO *fslio) (function) of group FSL_TYPE is not documented.
/<<PKGBUILDDIR>>/fsliolib/fslio.h:169: warning: Member FslSetFileType(FSLIO *fslio, int filetype) (function) of group FSL_TYPE is not documented.
/<<PKGBUILDDIR>>/fsliolib/fslio.h:170: warning: Member FslIsSingleFileType(int filetype) (function) of group FSL_TYPE is not documented.
/<<PKGBUILDDIR>>/fsliolib/fslio.h:171: warning: Member FslIsCompressedFileType(int filetype) (function) of group FSL_TYPE is not documented.
/<<PKGBUILDDIR>>/fsliolib/fslio.h:172: warning: Member FslBaseFileType(int filetype) (function) of group FSL_TYPE is not documented.
/<<PKGBUILDDIR>>/fsliolib/fslio.h:175: warning: Member FslGetWriteMode(const FSLIO *fslio) (function) of group FSL_TYPE is not documented.
/<<PKGBUILDDIR>>/fsliolib/fslio.h:176: warning: Member FslSetWriteMode(FSLIO *fslio, int mode) (function) of group FSL_TYPE is not documented.
/<<PKGBUILDDIR>>/fsliolib/fslio.h:178: warning: Member AvwSwapHeader(struct dsr *avw) (function) of group FSL_TYPE is not documented.
/<<PKGBUILDDIR>>/fsliolib/fslio.h:179: warning: Member FslReadRawHeader(void *buffer, const char *filename) (function) of group FSL_TYPE is not documented.
/<<PKGBUILDDIR>>/fsliolib/fslio.h:185: warning: Member FslInitHeader(FSLIO *fslio, short t, size_t x, size_t y, size_t z, size_t v, float vx, float vy, float vz, float tr, size_t dim) (function) of group FSL_TYPE is not documented.
/<<PKGBUILDDIR>>/fsliolib/fslio.h:189: warning: Member FslSetInit(FSLIO *fslio) (function) of group FSL_TYPE is not documented.
/<<PKGBUILDDIR>>/fsliolib/fslio.h:190: warning: Member FslCloneHeader(FSLIO *dest, const FSLIO *src) (function) of group FSL_TYPE is not documented.
/<<PKGBUILDDIR>>/fsliolib/fslio.h:195: warning: Member FslGetVolSize(FSLIO *fslio) (function) of group FSL_TYPE is not documented.
/<<PKGBUILDDIR>>/fsliolib/fslio.h:197: warning: Member FslSetDim(FSLIO *fslio, short x, short y, short z, short v) (function) of group FSL_TYPE is not documented.
/<<PKGBUILDDIR>>/fsliolib/fslio.h:198: warning: Member FslGetDim(FSLIO *fslio, short *x, short *y, short *z, short *v) (function) of group FSL_TYPE is not documented.
/<<PKGBUILDDIR>>/fsliolib/fslio.h:199: warning: Member FslSetDimensionality(FSLIO *fslio, size_t dim) (function) of group FSL_TYPE is not documented.
/<<PKGBUILDDIR>>/fsliolib/fslio.h:200: warning: Member FslGetDimensionality(FSLIO *fslio, size_t *dim) (function) of group FSL_TYPE is not documented.
/<<PKGBUILDDIR>>/fsliolib/fslio.h:201: warning: Member FslSetVoxDim(FSLIO *fslio, float x, float y, float z, float tr) (function) of group FSL_TYPE is not documented.
/<<PKGBUILDDIR>>/fsliolib/fslio.h:202: warning: Member FslGetVoxDim(FSLIO *fslio, float *x, float *y, float *z, float *tr) (function) of group FSL_TYPE is not documented.
/<<PKGBUILDDIR>>/fsliolib/fslio.h:203: warning: Member FslGetCalMinMax(FSLIO *fslio, float *min, float *max) (function) of group FSL_TYPE is not documented.
/<<PKGBUILDDIR>>/fsliolib/fslio.h:204: warning: Member FslSetCalMinMax(FSLIO *fslio, float min, float max) (function) of group FSL_TYPE is not documented.
/<<PKGBUILDDIR>>/fsliolib/fslio.h:205: warning: Member FslGetAuxFile(FSLIO *fslio, char *aux_file) (function) of group FSL_TYPE is not documented.
/<<PKGBUILDDIR>>/fsliolib/fslio.h:206: warning: Member FslSetAuxFile(FSLIO *fslio, const char *aux_file) (function) of group FSL_TYPE is not documented.
/<<PKGBUILDDIR>>/fsliolib/fslio.h:207: warning: Member FslSetTimeUnits(FSLIO *fslio, const char *units) (function) of group FSL_TYPE is not documented.
/<<PKGBUILDDIR>>/fsliolib/fslio.h:208: warning: Member FslGetTimeUnits(FSLIO *fslio, char *units) (function) of group FSL_TYPE is not documented.
/<<PKGBUILDDIR>>/fsliolib/fslio.h:209: warning: Member FslSetDataType(FSLIO *fslio, short t) (function) of group FSL_TYPE is not documented.
/<<PKGBUILDDIR>>/fsliolib/fslio.h:210: warning: Member FslGetDataType(FSLIO *fslio, short *t) (function) of group FSL_TYPE is not documented.
/<<PKGBUILDDIR>>/fsliolib/fslio.h:211: warning: Member FslGetIntensityScaling(FSLIO *fslio, float *slope, float *intercept) (function) of group FSL_TYPE is not documented.
/<<PKGBUILDDIR>>/fsliolib/fslio.h:212: warning: Member FslSetIntent(FSLIO *fslio, short intent_code, float p1, float p2, float p3) (function) of group FSL_TYPE is not documented.
/<<PKGBUILDDIR>>/fsliolib/fslio.h:213: warning: Member FslGetIntent(FSLIO *fslio, short *intent_code, float *p1, float *p2, float *p3) (function) of group FSL_TYPE is not documented.
/<<PKGBUILDDIR>>/fsliolib/fslio.h:217: warning: Member FslGetStdXform(FSLIO *fslio, mat44 *stdmat) (function) of group FSL_TYPE is not documented.
/<<PKGBUILDDIR>>/fsliolib/fslio.h:218: warning: Member FslSetStdXform(FSLIO *fslio, short sform_code, mat44 stdmat) (function) of group FSL_TYPE is not documented.
/<<PKGBUILDDIR>>/fsliolib/fslio.h:219: warning: Member FslGetMMCoord(mat44 stdmat, float voxx, float voxy, float voxz, float *mmx, float *mmy, float *mmz) (function) of group FSL_TYPE is not documented.
/<<PKGBUILDDIR>>/fsliolib/fslio.h:222: warning: Member FslGetVoxCoord(mat44 stdmat, float mmx, float mmy, float mmz, float *voxx, float *voxy, float *voxz) (function) of group FSL_TYPE is not documented.
/<<PKGBUILDDIR>>/fsliolib/fslio.h:224: warning: Member FslGetRigidXform(FSLIO *fslio, mat44 *rigidmat) (function) of group FSL_TYPE is not documented.
/<<PKGBUILDDIR>>/fsliolib/fslio.h:225: warning: Member FslSetRigidXform(FSLIO *fslio, short qform_code, mat44 rigidmat) (function) of group FSL_TYPE is not documented.
/<<PKGBUILDDIR>>/fsliolib/fslio.h:226: warning: Member FslGetLeftRightOrder(FSLIO *fslio) (function) of group FSL_TYPE is not documented.
/<<PKGBUILDDIR>>/fsliolib/fslio.h:230: warning: Member FslSetAnalyzeSform(FSLIO *fslio, const short *orig, float dx, float dy, float dz) (function) of group FSL_TYPE is not documented.
/<<PKGBUILDDIR>>/fsliolib/fslio.h:232: warning: Member FslGetAnalyzeOrigin(FSLIO *fslio, short orig[5]) (function) of group FSL_TYPE is not documented.
/<<PKGBUILDDIR>>/fsliolib/fslio.h:242: warning: Member mat44_to_mat33(mat44 x) (function) of group FSL_TYPE is not documented.
/<<PKGBUILDDIR>>/fsliolib/fslio.c:2107: warning: explicit link request to 'vol' could not be resolved
/<<PKGBUILDDIR>>/niftilib/nifti1.h:488: warning: Member DT_NONE (macro definition) of group NIFTI1_DATATYPES is not documented.
/<<PKGBUILDDIR>>/niftilib/nifti1.h:489: warning: Member DT_UNKNOWN (macro definition) of group NIFTI1_DATATYPES is not documented.
/<<PKGBUILDDIR>>/niftilib/nifti1.h:490: warning: Member DT_BINARY (macro definition) of group NIFTI1_DATATYPES is not documented.
/<<PKGBUILDDIR>>/niftilib/nifti1.h:491: warning: Member DT_UNSIGNED_CHAR (macro definition) of group NIFTI1_DATATYPES is not documented.
/<<PKGBUILDDIR>>/niftilib/nifti1.h:492: warning: Member DT_SIGNED_SHORT (macro definition) of group NIFTI1_DATATYPES is not documented.
/<<PKGBUILDDIR>>/niftilib/nifti1.h:493: warning: Member DT_SIGNED_INT (macro definition) of group NIFTI1_DATATYPES is not documented.
/<<PKGBUILDDIR>>/niftilib/nifti1.h:494: warning: Member DT_FLOAT (macro definition) of group NIFTI1_DATATYPES is not documented.
/<<PKGBUILDDIR>>/niftilib/nifti1.h:495: warning: Member DT_COMPLEX (macro definition) of group NIFTI1_DATATYPES is not documented.
/<<PKGBUILDDIR>>/niftilib/nifti1.h:496: warning: Member DT_DOUBLE (macro definition) of group NIFTI1_DATATYPES is not documented.
/<<PKGBUILDDIR>>/niftilib/nifti1.h:497: warning: Member DT_RGB (macro definition) of group NIFTI1_DATATYPES is not documented.
/<<PKGBUILDDIR>>/niftilib/nifti1.h:498: warning: Member DT_ALL (macro definition) of group NIFTI1_DATATYPES is not documented.
/<<PKGBUILDDIR>>/niftilib/nifti1.h:501: warning: Member DT_UINT8 (macro definition) of group NIFTI1_DATATYPES is not documented.
/<<PKGBUILDDIR>>/niftilib/nifti1.h:502: warning: Member DT_INT16 (macro definition) of group NIFTI1_DATATYPES is not documented.
/<<PKGBUILDDIR>>/niftilib/nifti1.h:503: warning: Member DT_INT32 (macro definition) of group NIFTI1_DATATYPES is not documented.
/<<PKGBUILDDIR>>/niftilib/nifti1.h:504: warning: Member DT_FLOAT32 (macro definition) of group NIFTI1_DATATYPES is not documented.
/<<PKGBUILDDIR>>/niftilib/nifti1.h:505: warning: Member DT_COMPLEX64 (macro definition) of group NIFTI1_DATATYPES is not documented.
/<<PKGBUILDDIR>>/niftilib/nifti1.h:506: warning: Member DT_FLOAT64 (macro definition) of group NIFTI1_DATATYPES is not documented.
/<<PKGBUILDDIR>>/niftilib/nifti1.h:507: warning: Member DT_RGB24 (macro definition) of group NIFTI1_DATATYPES is not documented.
/<<PKGBUILDDIR>>/niftilib/nifti1.h:510: warning: Member DT_INT8 (macro definition) of group NIFTI1_DATATYPES is not documented.
/<<PKGBUILDDIR>>/niftilib/nifti1.h:511: warning: Member DT_UINT16 (macro definition) of group NIFTI1_DATATYPES is not documented.
/<<PKGBUILDDIR>>/niftilib/nifti1.h:512: warning: Member DT_UINT32 (macro definition) of group NIFTI1_DATATYPES is not documented.
/<<PKGBUILDDIR>>/niftilib/nifti1.h:513: warning: Member DT_INT64 (macro definition) of group NIFTI1_DATATYPES is not documented.
/<<PKGBUILDDIR>>/niftilib/nifti1.h:514: warning: Member DT_UINT64 (macro definition) of group NIFTI1_DATATYPES is not documented.
/<<PKGBUILDDIR>>/niftilib/nifti1.h:515: warning: Member DT_FLOAT128 (macro definition) of group NIFTI1_DATATYPES is not documented.
/<<PKGBUILDDIR>>/niftilib/nifti1.h:516: warning: Member DT_COMPLEX128 (macro definition) of group NIFTI1_DATATYPES is not documented.
/<<PKGBUILDDIR>>/niftilib/nifti1.h:517: warning: Member DT_COMPLEX256 (macro definition) of group NIFTI1_DATATYPES is not documented.
/<<PKGBUILDDIR>>/niftilib/nifti1.h:518: warning: Member DT_RGBA32 (macro definition) of group NIFTI1_DATATYPES is not documented.
/<<PKGBUILDDIR>>/niftilib/nifti1.h:692: warning: Member NIFTI_INTENT_CORREL (macro definition) of group NIFTI1_INTENT_CODES is not documented.
/<<PKGBUILDDIR>>/niftilib/nifti1.h:880: warning: Member NIFTI_INTENT_VECTOR (macro definition) of group NIFTI1_INTENT_CODES is not documented.
/<<PKGBUILDDIR>>/niftilib/nifti1.h:970: warning: Member NIFTI_INTENT_FSL_CUBIC_SPLINE_COEFFICIENTS (macro definition) of group NIFTI1_INTENT_CODES is not documented.
/<<PKGBUILDDIR>>/niftilib/nifti1.h:971: warning: Member NIFTI_INTENT_FSL_DCT_COEFFICIENTS (macro definition) of group NIFTI1_INTENT_CODES is not documented.
/<<PKGBUILDDIR>>/niftilib/nifti1.h:972: warning: Member NIFTI_INTENT_FSL_QUADRATIC_SPLINE_COEFFICIENTS (macro definition) of group NIFTI1_INTENT_CODES is not documented.
/<<PKGBUILDDIR>>/niftilib/nifti1.h:984: warning: Member NIFTI_INTENT_FSL_TOPUP_QUADRATIC_SPLINE_COEFFICIENTS (macro definition) of group NIFTI1_INTENT_CODES is not documented.
/<<PKGBUILDDIR>>/niftilib/nifti1.h:985: warning: Member NIFTI_INTENT_FSL_TOPUP_FIELD (macro definition) of group NIFTI1_INTENT_CODES is not documented.
/<<PKGBUILDDIR>>/niftilib/nifti1.h:1346: warning: Member XYZT_TO_SPACE(xyzt) (macro definition) of group NIFTI1_UNITS is not documented.
/<<PKGBUILDDIR>>/niftilib/nifti1.h:1347: warning: Member XYZT_TO_TIME(xyzt) (macro definition) of group NIFTI1_UNITS is not documented.
/<<PKGBUILDDIR>>/niftilib/nifti1.h:1350: warning: Member SPACE_TIME_TO_XYZT(ss, tt) (macro definition) of group NIFTI1_UNITS is not documented.
/<<PKGBUILDDIR>>/niftilib/nifti1.h:1443: warning: Member DIM_INFO_TO_FREQ_DIM(di) (macro definition) of group NIFTI1_UNITS is not documented.
/<<PKGBUILDDIR>>/niftilib/nifti1.h:1444: warning: Member DIM_INFO_TO_PHASE_DIM(di) (macro definition) of group NIFTI1_UNITS is not documented.
/<<PKGBUILDDIR>>/niftilib/nifti1.h:1445: warning: Member DIM_INFO_TO_SLICE_DIM(di) (macro definition) of group NIFTI1_UNITS is not documented.
/<<PKGBUILDDIR>>/niftilib/nifti1.h:1448: warning: Member FPS_INTO_DIM_INFO(fd, pd, sd) (macro definition) of group NIFTI1_UNITS is not documented.
/<<PKGBUILDDIR>>/niftilib/nifti1.h:1457: warning: Member NIFTI_SLICE_UNKNOWN (macro definition) of group NIFTI1_SLICE_ORDER is not documented.
/<<PKGBUILDDIR>>/niftilib/nifti1.h:1458: warning: Member NIFTI_SLICE_SEQ_INC (macro definition) of group NIFTI1_SLICE_ORDER is not documented.
/<<PKGBUILDDIR>>/niftilib/nifti1.h:1459: warning: Member NIFTI_SLICE_SEQ_DEC (macro definition) of group NIFTI1_SLICE_ORDER is not documented.
/<<PKGBUILDDIR>>/niftilib/nifti1.h:1460: warning: Member NIFTI_SLICE_ALT_INC (macro definition) of group NIFTI1_SLICE_ORDER is not documented.
/<<PKGBUILDDIR>>/niftilib/nifti1.h:1461: warning: Member NIFTI_SLICE_ALT_DEC (macro definition) of group NIFTI1_SLICE_ORDER is not documented.
/<<PKGBUILDDIR>>/niftilib/nifti1.h:1462: warning: Member NIFTI_SLICE_ALT_INC2 (macro definition) of group NIFTI1_SLICE_ORDER is not documented.
/<<PKGBUILDDIR>>/niftilib/nifti1.h:1463: warning: Member NIFTI_SLICE_ALT_DEC2 (macro definition) of group NIFTI1_SLICE_ORDER is not documented.
/<<PKGBUILDDIR>>/niftilib/nifti1.h:1: warning: Member nifti_1_header (typedef) of file nifti1.h is not documented.
/<<PKGBUILDDIR>>/niftilib/nifti1.h:1: warning: Member nifti1_extender (typedef) of file nifti1.h is not documented.
/<<PKGBUILDDIR>>/niftilib/nifti1.h:1: warning: Member nifti1_extension (typedef) of file nifti1.h is not documented.
/<<PKGBUILDDIR>>/niftilib/nifti1_io.c:1: warning: Member _NIFTI1_IO_C_ (macro definition) of file nifti1_io.c is not documented.
/<<PKGBUILDDIR>>/niftilib/nifti1_io.c:2415: warning: Member USE_STAT (macro definition) of file nifti1_io.c is not documented.
/<<PKGBUILDDIR>>/niftilib/nifti1_io.c:3605: warning: Member ERREX(msg) (macro definition) of file nifti1_io.c is not documented.
/<<PKGBUILDDIR>>/niftilib/nifti1_io.c:3899: warning: Member ERREX(msg) (macro definition) of file nifti1_io.c is not documented.
/<<PKGBUILDDIR>>/niftilib/nifti1_io.c:5687: warning: Member ERREX(msg) (macro definition) of file nifti1_io.c is not documented.
/<<PKGBUILDDIR>>/niftilib/nifti1_io.c:5942: warning: Member CR (macro definition) of file nifti1_io.c is not documented.
/<<PKGBUILDDIR>>/niftilib/nifti1_io.c:5943: warning: Member LF (macro definition) of file nifti1_io.c is not documented.
/<<PKGBUILDDIR>>/niftilib/nifti1_io.c:6374: warning: Member QQNUM(n1, n2, tt) (macro definition) of file nifti1_io.c is not documented.
/<<PKGBUILDDIR>>/niftilib/nifti1_io.c:6378: warning: Member QNUM(nam, tt) (macro definition) of file nifti1_io.c is not documented.
/<<PKGBUILDDIR>>/niftilib/nifti1_io.c:6383: warning: Member QSTR(nam, ml) (macro definition) of file nifti1_io.c is not documented.
/<<PKGBUILDDIR>>/niftilib/nifti1_io.c:7218: warning: Member ISEND(c) (macro definition) of file nifti1_io.c is not documented.
/<<PKGBUILDDIR>>/niftilib/nifti1_io.c:5119: warning: Member nifti_write_buffer(znzFile fp, const void *buffer, size_t numbytes) (function) of file nifti1_io.c is not documented.
/<<PKGBUILDDIR>>/niftilib/nifti1_io.c:5546: warning: Member nifti_copy_extensions(nifti_image *nim_dest, const nifti_image *nim_src) (function) of file nifti1_io.c is not documented.
/<<PKGBUILDDIR>>/niftilib/nifti1_io.c:3451: warning: found </pre> at different nesting level (4) than expected (2)
/<<PKGBUILDDIR>>/niftilib/nifti1_io.c:3452: warning: end of comment block while expecting command </pre>
/<<PKGBUILDDIR>>/niftilib/nifti1_io.c:4479: warning: argument 'length' of command @param is not found in the argument list of nifti_add_extension(nifti_image *nim, const char *data, int len, int ecode)
/<<PKGBUILDDIR>>/niftilib/nifti1_io.c:4495: warning: The following parameter of nifti_add_extension(nifti_image *nim, const char *data, int len, int ecode) is not documented:
  parameter 'len'
/<<PKGBUILDDIR>>/niftilib/nifti1_io.c:2579: warning: Found unknown command '\caution'
/<<PKGBUILDDIR>>/niftilib/nifti1_io.c:2908: warning: Found unknown command '\nifti_type'
/<<PKGBUILDDIR>>/niftilib/nifti1_io.c:2841: warning: The following parameter of nifti_findimgname(const char *fname, int nifti_type) is not documented:
  parameter 'nifti_type'
/<<PKGBUILDDIR>>/niftilib/nifti1_io.c:1671: warning: found </pre> at different nesting level (5) than expected (2)
/<<PKGBUILDDIR>>/niftilib/nifti1_io.c:1672: warning: end of comment block while expecting command </pre>
/<<PKGBUILDDIR>>/niftilib/nifti1_io.c:6887: warning: found </pre> at different nesting level (7) than expected (2)
/<<PKGBUILDDIR>>/niftilib/nifti1_io.c:6891: warning: end of comment block while expecting command </pre>
/<<PKGBUILDDIR>>/niftilib/nifti1_io.c:6876: warning: found </pre> tag without matching <pre>
/<<PKGBUILDDIR>>/niftilib/nifti1_io.h:16: warning: Member DONT_INCLUDE_ANALYZE_STRUCT (macro definition) of file nifti1_io.h is not documented.
/<<PKGBUILDDIR>>/niftilib/nifti1_io.h:374: warning: Member NIFTI_L2R (macro definition) of file nifti1_io.h is not documented.
/<<PKGBUILDDIR>>/niftilib/nifti1_io.h:375: warning: Member NIFTI_R2L (macro definition) of file nifti1_io.h is not documented.
/<<PKGBUILDDIR>>/niftilib/nifti1_io.h:376: warning: Member NIFTI_P2A (macro definition) of file nifti1_io.h is not documented.
/<<PKGBUILDDIR>>/niftilib/nifti1_io.h:377: warning: Member NIFTI_A2P (macro definition) of file nifti1_io.h is not documented.
/<<PKGBUILDDIR>>/niftilib/nifti1_io.h:378: warning: Member NIFTI_I2S (macro definition) of file nifti1_io.h is not documented.
/<<PKGBUILDDIR>>/niftilib/nifti1_io.h:379: warning: Member NIFTI_S2I (macro definition) of file nifti1_io.h is not documented.
/<<PKGBUILDDIR>>/niftilib/nifti1_io.h:429: warning: Member NIFTI_ECODE_IGNORE (macro definition) of file nifti1_io.h is not documented.
/<<PKGBUILDDIR>>/niftilib/nifti1_io.h:431: warning: Member NIFTI_ECODE_DICOM (macro definition) of file nifti1_io.h is not documented.
/<<PKGBUILDDIR>>/niftilib/nifti1_io.h:434: warning: Member NIFTI_ECODE_AFNI (macro definition) of file nifti1_io.h is not documented.
/<<PKGBUILDDIR>>/niftilib/nifti1_io.h:436: warning: Member NIFTI_ECODE_COMMENT (macro definition) of file nifti1_io.h is not documented.
/<<PKGBUILDDIR>>/niftilib/nifti1_io.h:441: warning: Member NIFTI_ECODE_XCEDE (macro definition) of file nifti1_io.h is not documented.
/<<PKGBUILDDIR>>/niftilib/nifti1_io.h:445: warning: Member NIFTI_ECODE_JIMDIMINFO (macro definition) of file nifti1_io.h is not documented.
/<<PKGBUILDDIR>>/niftilib/nifti1_io.h:450: warning: Member NIFTI_ECODE_WORKFLOW_FWDS (macro definition) of file nifti1_io.h is not documented.
/<<PKGBUILDDIR>>/niftilib/nifti1_io.h:452: warning: Member NIFTI_ECODE_FREESURFER (macro definition) of file nifti1_io.h is not documented.
/<<PKGBUILDDIR>>/niftilib/nifti1_io.h:456: warning: Member NIFTI_ECODE_PYPICKLE (macro definition) of file nifti1_io.h is not documented.
/<<PKGBUILDDIR>>/niftilib/nifti1_io.h:459: warning: Member NIFTI_ECODE_MIND_IDENT (macro definition) of file nifti1_io.h is not documented.
/<<PKGBUILDDIR>>/niftilib/nifti1_io.h:460: warning: Member NIFTI_ECODE_B_VALUE (macro definition) of file nifti1_io.h is not documented.
/<<PKGBUILDDIR>>/niftilib/nifti1_io.h:461: warning: Member NIFTI_ECODE_SPHERICAL_DIRECTION (macro definition) of file nifti1_io.h is not documented.
/<<PKGBUILDDIR>>/niftilib/nifti1_io.h:462: warning: Member NIFTI_ECODE_DT_COMPONENT (macro definition) of file nifti1_io.h is not documented.
/<<PKGBUILDDIR>>/niftilib/nifti1_io.h:463: warning: Member NIFTI_ECODE_SHC_DEGREEORDER (macro definition) of file nifti1_io.h is not documented.
/<<PKGBUILDDIR>>/niftilib/nifti1_io.h:465: warning: Member NIFTI_ECODE_VOXBO (macro definition) of file nifti1_io.h is not documented.
/<<PKGBUILDDIR>>/niftilib/nifti1_io.h:470: warning: Member NIFTI_ECODE_CARET (macro definition) of file nifti1_io.h is not documented.
/<<PKGBUILDDIR>>/niftilib/nifti1_io.h:472: warning: Member NIFTI_ECODE_CIFTI (macro definition) of file nifti1_io.h is not documented.
/<<PKGBUILDDIR>>/niftilib/nifti1_io.h:474: warning: Member NIFTI_ECODE_VARIABLE_FRAME_TIMING (macro definition) of file nifti1_io.h is not documented.
/<<PKGBUILDDIR>>/niftilib/nifti1_io.h:478: warning: Member NIFTI_ECODE_EVAL (macro definition) of file nifti1_io.h is not documented.
/<<PKGBUILDDIR>>/niftilib/nifti1_io.h:481: warning: Member NIFTI_ECODE_MATLAB (macro definition) of file nifti1_io.h is not documented.
/<<PKGBUILDDIR>>/niftilib/nifti1_io.h:485: warning: Member NIFTI_ECODE_QUANTIPHYSE (macro definition) of file nifti1_io.h is not documented.
/<<PKGBUILDDIR>>/niftilib/nifti1_io.h:489: warning: Member NIFTI_ECODE_MRS (macro definition) of file nifti1_io.h is not documented.
/<<PKGBUILDDIR>>/niftilib/nifti1_io.h:491: warning: Member NIFTI_MAX_ECODE (macro definition) of file nifti1_io.h is not documented.
/<<PKGBUILDDIR>>/niftilib/nifti1_io.h:494: warning: Member NIFTI_FTYPE_ANALYZE (macro definition) of file nifti1_io.h is not documented.
/<<PKGBUILDDIR>>/niftilib/nifti1_io.h:495: warning: Member NIFTI_FTYPE_NIFTI1_1 (macro definition) of file nifti1_io.h is not documented.
/<<PKGBUILDDIR>>/niftilib/nifti1_io.h:496: warning: Member NIFTI_FTYPE_NIFTI1_2 (macro definition) of file nifti1_io.h is not documented.
/<<PKGBUILDDIR>>/niftilib/nifti1_io.h:497: warning: Member NIFTI_FTYPE_ASCII (macro definition) of file nifti1_io.h is not documented.
/<<PKGBUILDDIR>>/niftilib/nifti1_io.h:498: warning: Member NIFTI_MAX_FTYPE (macro definition) of file nifti1_io.h is not documented.
/<<PKGBUILDDIR>>/niftilib/nifti1_io.h:519: warning: Member LNI_FERR(func, msg, file) (macro definition) of file nifti1_io.h is not documented.
/<<PKGBUILDDIR>>/niftilib/nifti1_io.h:524: warning: Member swap_2(s) (macro definition) of file nifti1_io.h is not documented.
/<<PKGBUILDDIR>>/niftilib/nifti1_io.h:525: warning: Member swap_4(v) (macro definition) of file nifti1_io.h is not documented.
/<<PKGBUILDDIR>>/niftilib/nifti1_io.h:537: warning: Member IS_GOOD_FLOAT(x) (macro definition) of file nifti1_io.h is not documented.
/<<PKGBUILDDIR>>/niftilib/nifti1_io.h:538: warning: Member FIXED_FLOAT(x) (macro definition) of file nifti1_io.h is not documented.
/<<PKGBUILDDIR>>/niftilib/nifti1_io.h:542: warning: Member ASSIF(p, v) (macro definition) of file nifti1_io.h is not documented.
/<<PKGBUILDDIR>>/niftilib/nifti1_io.h:547: warning: Member LSB_FIRST (macro definition) of file nifti1_io.h is not documented.
/<<PKGBUILDDIR>>/niftilib/nifti1_io.h:548: warning: Member MSB_FIRST (macro definition) of file nifti1_io.h is not documented.
/<<PKGBUILDDIR>>/niftilib/nifti1_io.h:549: warning: Member REVERSE_ORDER(x) (macro definition) of file nifti1_io.h is not documented.
/<<PKGBUILDDIR>>/niftilib/nifti1_io.h:551: warning: Member LNI_MAX_NIA_EXT_LEN (macro definition) of file nifti1_io.h is not documented.
/<<PKGBUILDDIR>>/niftilib/nifti1_io.h:80: warning: Member analyze_75_orient_code (typedef) of file nifti1_io.h is not documented.
/<<PKGBUILDDIR>>/niftilib/nifti1_io.h:72: warning: Member _analyze75_orient_code (enumeration) of file nifti1_io.h is not documented.
/<<PKGBUILDDIR>>/niftilib/nifti1_io.h:347: warning: Member nifti_write_buffer(znzFile fp, const void *buffer, size_t numbytes) (function) of file nifti1_io.h is not documented.
/<<PKGBUILDDIR>>/niftilib/nifti1_io.h:417: warning: Member nifti_copy_extensions(nifti_image *nim_dest, const nifti_image *nim_src) (function) of file nifti1_io.h is not documented.
/<<PKGBUILDDIR>>/niftilib/nifti1_io.c:3451: warning: found </pre> at different nesting level (4) than expected (2)
/<<PKGBUILDDIR>>/niftilib/nifti1_io.c:3452: warning: end of comment block while expecting command </pre>
/<<PKGBUILDDIR>>/niftilib/nifti1_io.c:4479: warning: argument 'length' of command @param is not found in the argument list of nifti_add_extension(nifti_image *nim, const char *data, int len, int ecode)
/<<PKGBUILDDIR>>/niftilib/nifti1_io.h:414: warning: The following parameter of nifti_add_extension(nifti_image *nim, const char *data, int len, int ecode) is not documented:
  parameter 'len'
/<<PKGBUILDDIR>>/niftilib/nifti1_io.c:2579: warning: Found unknown command '\caution'
/<<PKGBUILDDIR>>/niftilib/nifti1_io.c:2908: warning: Found unknown command '\nifti_type'
/<<PKGBUILDDIR>>/niftilib/nifti1_io.h:386: warning: The following parameter of nifti_findimgname(const char *fname, int nifti_type) is not documented:
  parameter 'nifti_type'
/<<PKGBUILDDIR>>/niftilib/nifti1_io.c:1671: warning: found </pre> at different nesting level (5) than expected (2)
/<<PKGBUILDDIR>>/niftilib/nifti1_io.c:1672: warning: end of comment block while expecting command </pre>
/<<PKGBUILDDIR>>/niftilib/nifti1_io.c:6887: warning: found </pre> at different nesting level (7) than expected (2)
/<<PKGBUILDDIR>>/niftilib/nifti1_io.c:6891: warning: end of comment block while expecting command </pre>
/<<PKGBUILDDIR>>/niftilib/nifti1_io.c:6876: warning: found </pre> tag without matching <pre>
/<<PKGBUILDDIR>>/znzlib/znzlib.c:131: warning: Member ZNZ_MAX_BLOCK_SIZE (macro definition) of file znzlib.c is not documented.
/<<PKGBUILDDIR>>/znzlib/znzlib.c:48: warning: Member znzopen(const char *path, const char *mode, int use_compression) (function) of file znzlib.c is not documented.
/<<PKGBUILDDIR>>/znzlib/znzlib.c:113: warning: Member Xznzclose(znzFile *file) (function) of file znzlib.c is not documented.
/<<PKGBUILDDIR>>/znzlib/znzlib.c:133: warning: Member znzread(void *buf, size_t size, size_t nmemb, znzFile file) (function) of file znzlib.c is not documented.
/<<PKGBUILDDIR>>/znzlib/znzlib.c:167: warning: Member znzwrite(const void *buf, size_t size, size_t nmemb, znzFile file) (function) of file znzlib.c is not documented.
/<<PKGBUILDDIR>>/znzlib/znzlib.c:201: warning: Member znzseek(znzFile file, znz_off_t offset, int whence) (function) of file znzlib.c is not documented.
/<<PKGBUILDDIR>>/znzlib/znzlib.c:210: warning: Member znzrewind(znzFile stream) (function) of file znzlib.c is not documented.
/<<PKGBUILDDIR>>/znzlib/znzlib.c:226: warning: Member znztell(znzFile file) (function) of file znzlib.c is not documented.
/<<PKGBUILDDIR>>/znzlib/znzlib.c:235: warning: Member znzputs(const char *str, znzFile file) (function) of file znzlib.c is not documented.
/<<PKGBUILDDIR>>/fsliolib/fslio.h:104: warning: Member FSL_TYPE_ANALYZE (macro definition) of group FSL_TYPE is not documented.
/<<PKGBUILDDIR>>/fsliolib/fslio.h:105: warning: Member FSL_TYPE_NIFTI (macro definition) of group FSL_TYPE is not documented.
/<<PKGBUILDDIR>>/fsliolib/fslio.h:106: warning: Member FSL_TYPE_NIFTI_PAIR (macro definition) of group FSL_TYPE is not documented.
/<<PKGBUILDDIR>>/fsliolib/fslio.h:107: warning: Member FSL_TYPE_MINC (macro definition) of group FSL_TYPE is not documented.
/<<PKGBUILDDIR>>/fsliolib/fslio.h:108: warning: Member FSL_TYPE_ANALYZE_GZ (macro definition) of group FSL_TYPE is not documented.
/<<PKGBUILDDIR>>/fsliolib/fslio.h:109: warning: Member FSL_TYPE_NIFTI_GZ (macro definition) of group FSL_TYPE is not documented.
/<<PKGBUILDDIR>>/fsliolib/fslio.h:110: warning: Member FSL_TYPE_NIFTI_PAIR_GZ (macro definition) of group FSL_TYPE is not documented.
/<<PKGBUILDDIR>>/fsliolib/fslio.h:111: warning: Member FSL_TYPE_MINC_GZ (macro definition) of group FSL_TYPE is not documented.
/<<PKGBUILDDIR>>/fsliolib/fslio.h:114: warning: Member FSL_RADIOLOGICAL (macro definition) of group FSL_TYPE is not documented.
/<<PKGBUILDDIR>>/fsliolib/fslio.h:115: warning: Member FSL_NEUROLOGICAL (macro definition) of group FSL_TYPE is not documented.
/<<PKGBUILDDIR>>/fsliolib/fslio.h:247: warning: Member THIS_UINT8 (typedef) of group FSL_TYPE is not documented.
/<<PKGBUILDDIR>>/fsliolib/fslio.h:248: warning: Member THIS_INT8 (typedef) of group FSL_TYPE is not documented.
/<<PKGBUILDDIR>>/fsliolib/fslio.h:249: warning: Member THIS_UINT16 (typedef) of group FSL_TYPE is not documented.
/<<PKGBUILDDIR>>/fsliolib/fslio.h:250: warning: Member THIS_INT16 (typedef) of group FSL_TYPE is not documented.
/<<PKGBUILDDIR>>/fsliolib/fslio.h:251: warning: Member THIS_UINT32 (typedef) of group FSL_TYPE is not documented.
/<<PKGBUILDDIR>>/fsliolib/fslio.h:252: warning: Member THIS_INT32 (typedef) of group FSL_TYPE is not documented.
/<<PKGBUILDDIR>>/fsliolib/fslio.h:253: warning: Member THIS_UINT64 (typedef) of group FSL_TYPE is not documented.
/<<PKGBUILDDIR>>/fsliolib/fslio.h:254: warning: Member THIS_INT64 (typedef) of group FSL_TYPE is not documented.
/<<PKGBUILDDIR>>/fsliolib/fslio.h:255: warning: Member THIS_FLOAT32 (typedef) of group FSL_TYPE is not documented.
/<<PKGBUILDDIR>>/fsliolib/fslio.h:256: warning: Member THIS_FLOAT64 (typedef) of group FSL_TYPE is not documented.
/<<PKGBUILDDIR>>/fsliolib/fslio.h:142: warning: Member FslSeekVolume(FSLIO *fslio, size_t vols) (function) of group FSL_TYPE is not documented.
/<<PKGBUILDDIR>>/fsliolib/fslio.h:157: warning: Member FslFileExists(const char *filename) (function) of group FSL_TYPE is not documented.
/<<PKGBUILDDIR>>/fsliolib/fslio.h:158: warning: Member FslMakeBaseName(const char *fname) (function) of group FSL_TYPE is not documented.
/<<PKGBUILDDIR>>/fsliolib/fslio.h:159: warning: Member FslCheckForMultipleFileNames(const char *filename) (function) of group FSL_TYPE is not documented.
/<<PKGBUILDDIR>>/fsliolib/fslio.h:160: warning: Member FslGetEnvOutputType(void) (function) of group FSL_TYPE is not documented.
/<<PKGBUILDDIR>>/fsliolib/fslio.h:162: warning: Member FslSetIgnoreMFQ(int flag) (function) of group FSL_TYPE is not documented.
/<<PKGBUILDDIR>>/fsliolib/fslio.h:163: warning: Member FslGetIgnoreMFQ(void) (function) of group FSL_TYPE is not documented.
/<<PKGBUILDDIR>>/fsliolib/fslio.h:164: warning: Member FslSetOverrideOutputType(int type) (function) of group FSL_TYPE is not documented.
/<<PKGBUILDDIR>>/fsliolib/fslio.h:165: warning: Member FslGetOverrideOutputType(void) (function) of group FSL_TYPE is not documented.
/<<PKGBUILDDIR>>/fsliolib/fslio.h:168: warning: Member FslGetFileType(const FSLIO *fslio) (function) of group FSL_TYPE is not documented.
/<<PKGBUILDDIR>>/fsliolib/fslio.h:169: warning: Member FslSetFileType(FSLIO *fslio, int filetype) (function) of group FSL_TYPE is not documented.
/<<PKGBUILDDIR>>/fsliolib/fslio.h:170: warning: Member FslIsSingleFileType(int filetype) (function) of group FSL_TYPE is not documented.
/<<PKGBUILDDIR>>/fsliolib/fslio.h:171: warning: Member FslIsCompressedFileType(int filetype) (function) of group FSL_TYPE is not documented.
/<<PKGBUILDDIR>>/fsliolib/fslio.h:172: warning: Member FslBaseFileType(int filetype) (function) of group FSL_TYPE is not documented.
/<<PKGBUILDDIR>>/fsliolib/fslio.h:175: warning: Member FslGetWriteMode(const FSLIO *fslio) (function) of group FSL_TYPE is not documented.
/<<PKGBUILDDIR>>/fsliolib/fslio.h:176: warning: Member FslSetWriteMode(FSLIO *fslio, int mode) (function) of group FSL_TYPE is not documented.
/<<PKGBUILDDIR>>/fsliolib/fslio.h:178: warning: Member AvwSwapHeader(struct dsr *avw) (function) of group FSL_TYPE is not documented.
/<<PKGBUILDDIR>>/fsliolib/fslio.h:179: warning: Member FslReadRawHeader(void *buffer, const char *filename) (function) of group FSL_TYPE is not documented.
/<<PKGBUILDDIR>>/fsliolib/fslio.h:185: warning: Member FslInitHeader(FSLIO *fslio, short t, size_t x, size_t y, size_t z, size_t v, float vx, float vy, float vz, float tr, size_t dim) (function) of group FSL_TYPE is not documented.
/<<PKGBUILDDIR>>/fsliolib/fslio.h:189: warning: Member FslSetInit(FSLIO *fslio) (function) of group FSL_TYPE is not documented.
/<<PKGBUILDDIR>>/fsliolib/fslio.h:190: warning: Member FslCloneHeader(FSLIO *dest, const FSLIO *src) (function) of group FSL_TYPE is not documented.
/<<PKGBUILDDIR>>/fsliolib/fslio.h:195: warning: Member FslGetVolSize(FSLIO *fslio) (function) of group FSL_TYPE is not documented.
/<<PKGBUILDDIR>>/fsliolib/fslio.h:197: warning: Member FslSetDim(FSLIO *fslio, short x, short y, short z, short v) (function) of group FSL_TYPE is not documented.
/<<PKGBUILDDIR>>/fsliolib/fslio.h:198: warning: Member FslGetDim(FSLIO *fslio, short *x, short *y, short *z, short *v) (function) of group FSL_TYPE is not documented.
/<<PKGBUILDDIR>>/fsliolib/fslio.h:199: warning: Member FslSetDimensionality(FSLIO *fslio, size_t dim) (function) of group FSL_TYPE is not documented.
/<<PKGBUILDDIR>>/fsliolib/fslio.h:200: warning: Member FslGetDimensionality(FSLIO *fslio, size_t *dim) (function) of group FSL_TYPE is not documented.
/<<PKGBUILDDIR>>/fsliolib/fslio.h:201: warning: Member FslSetVoxDim(FSLIO *fslio, float x, float y, float z, float tr) (function) of group FSL_TYPE is not documented.
/<<PKGBUILDDIR>>/fsliolib/fslio.h:202: warning: Member FslGetVoxDim(FSLIO *fslio, float *x, float *y, float *z, float *tr) (function) of group FSL_TYPE is not documented.
/<<PKGBUILDDIR>>/fsliolib/fslio.h:203: warning: Member FslGetCalMinMax(FSLIO *fslio, float *min, float *max) (function) of group FSL_TYPE is not documented.
/<<PKGBUILDDIR>>/fsliolib/fslio.h:204: warning: Member FslSetCalMinMax(FSLIO *fslio, float min, float max) (function) of group FSL_TYPE is not documented.
/<<PKGBUILDDIR>>/fsliolib/fslio.h:205: warning: Member FslGetAuxFile(FSLIO *fslio, char *aux_file) (function) of group FSL_TYPE is not documented.
/<<PKGBUILDDIR>>/fsliolib/fslio.h:206: warning: Member FslSetAuxFile(FSLIO *fslio, const char *aux_file) (function) of group FSL_TYPE is not documented.
/<<PKGBUILDDIR>>/fsliolib/fslio.h:207: warning: Member FslSetTimeUnits(FSLIO *fslio, const char *units) (function) of group FSL_TYPE is not documented.
/<<PKGBUILDDIR>>/fsliolib/fslio.h:208: warning: Member FslGetTimeUnits(FSLIO *fslio, char *units) (function) of group FSL_TYPE is not documented.
/<<PKGBUILDDIR>>/fsliolib/fslio.h:209: warning: Member FslSetDataType(FSLIO *fslio, short t) (function) of group FSL_TYPE is not documented.
/<<PKGBUILDDIR>>/fsliolib/fslio.h:210: warning: Member FslGetDataType(FSLIO *fslio, short *t) (function) of group FSL_TYPE is not documented.
/<<PKGBUILDDIR>>/fsliolib/fslio.h:211: warning: Member FslGetIntensityScaling(FSLIO *fslio, float *slope, float *intercept) (function) of group FSL_TYPE is not documented.
/<<PKGBUILDDIR>>/fsliolib/fslio.h:212: warning: Member FslSetIntent(FSLIO *fslio, short intent_code, float p1, float p2, float p3) (function) of group FSL_TYPE is not documented.
/<<PKGBUILDDIR>>/fsliolib/fslio.h:213: warning: Member FslGetIntent(FSLIO *fslio, short *intent_code, float *p1, float *p2, float *p3) (function) of group FSL_TYPE is not documented.
/<<PKGBUILDDIR>>/fsliolib/fslio.h:217: warning: Member FslGetStdXform(FSLIO *fslio, mat44 *stdmat) (function) of group FSL_TYPE is not documented.
/<<PKGBUILDDIR>>/fsliolib/fslio.h:218: warning: Member FslSetStdXform(FSLIO *fslio, short sform_code, mat44 stdmat) (function) of group FSL_TYPE is not documented.
/<<PKGBUILDDIR>>/fsliolib/fslio.h:219: warning: Member FslGetMMCoord(mat44 stdmat, float voxx, float voxy, float voxz, float *mmx, float *mmy, float *mmz) (function) of group FSL_TYPE is not documented.
/<<PKGBUILDDIR>>/fsliolib/fslio.h:222: warning: Member FslGetVoxCoord(mat44 stdmat, float mmx, float mmy, float mmz, float *voxx, float *voxy, float *voxz) (function) of group FSL_TYPE is not documented.
/<<PKGBUILDDIR>>/fsliolib/fslio.h:224: warning: Member FslGetRigidXform(FSLIO *fslio, mat44 *rigidmat) (function) of group FSL_TYPE is not documented.
/<<PKGBUILDDIR>>/fsliolib/fslio.h:225: warning: Member FslSetRigidXform(FSLIO *fslio, short qform_code, mat44 rigidmat) (function) of group FSL_TYPE is not documented.
/<<PKGBUILDDIR>>/fsliolib/fslio.h:226: warning: Member FslGetLeftRightOrder(FSLIO *fslio) (function) of group FSL_TYPE is not documented.
/<<PKGBUILDDIR>>/fsliolib/fslio.h:230: warning: Member FslSetAnalyzeSform(FSLIO *fslio, const short *orig, float dx, float dy, float dz) (function) of group FSL_TYPE is not documented.
/<<PKGBUILDDIR>>/fsliolib/fslio.h:232: warning: Member FslGetAnalyzeOrigin(FSLIO *fslio, short orig[5]) (function) of group FSL_TYPE is not documented.
/<<PKGBUILDDIR>>/fsliolib/fslio.h:242: warning: Member mat44_to_mat33(mat44 x) (function) of group FSL_TYPE is not documented.
/<<PKGBUILDDIR>>/fsliolib/fslio.c:2107: warning: explicit link request to 'vol' could not be resolved
/<<PKGBUILDDIR>>/fsliolib/fslio.h:125: warning: Member fileptr (variable) of struct FSLIO is not documented.
/<<PKGBUILDDIR>>/fsliolib/fslio.h:126: warning: Member niftiptr (variable) of struct FSLIO is not documented.
/<<PKGBUILDDIR>>/fsliolib/fslio.h:130: warning: Member mincptr (variable) of struct FSLIO is not documented.
/<<PKGBUILDDIR>>/fsliolib/fslio.h:132: warning: Member file_mode (variable) of struct FSLIO is not documented.
/<<PKGBUILDDIR>>/fsliolib/fslio.h:133: warning: Member write_mode (variable) of struct FSLIO is not documented.
/<<PKGBUILDDIR>>/fsliolib/fslio.h:134: warning: Member written_hdr (variable) of struct FSLIO is not documented.
/<<PKGBUILDDIR>>/fsliolib/fslio.c:2107: warning: explicit link request to 'vol' could not be resolved
/<<PKGBUILDDIR>>/niftilib/nifti1.h:488: warning: Member DT_NONE (macro definition) of group NIFTI1_DATATYPES is not documented.
/<<PKGBUILDDIR>>/niftilib/nifti1.h:489: warning: Member DT_UNKNOWN (macro definition) of group NIFTI1_DATATYPES is not documented.
/<<PKGBUILDDIR>>/niftilib/nifti1.h:490: warning: Member DT_BINARY (macro definition) of group NIFTI1_DATATYPES is not documented.
/<<PKGBUILDDIR>>/niftilib/nifti1.h:491: warning: Member DT_UNSIGNED_CHAR (macro definition) of group NIFTI1_DATATYPES is not documented.
/<<PKGBUILDDIR>>/niftilib/nifti1.h:492: warning: Member DT_SIGNED_SHORT (macro definition) of group NIFTI1_DATATYPES is not documented.
/<<PKGBUILDDIR>>/niftilib/nifti1.h:493: warning: Member DT_SIGNED_INT (macro definition) of group NIFTI1_DATATYPES is not documented.
/<<PKGBUILDDIR>>/niftilib/nifti1.h:494: warning: Member DT_FLOAT (macro definition) of group NIFTI1_DATATYPES is not documented.
/<<PKGBUILDDIR>>/niftilib/nifti1.h:495: warning: Member DT_COMPLEX (macro definition) of group NIFTI1_DATATYPES is not documented.
/<<PKGBUILDDIR>>/niftilib/nifti1.h:496: warning: Member DT_DOUBLE (macro definition) of group NIFTI1_DATATYPES is not documented.
/<<PKGBUILDDIR>>/niftilib/nifti1.h:497: warning: Member DT_RGB (macro definition) of group NIFTI1_DATATYPES is not documented.
/<<PKGBUILDDIR>>/niftilib/nifti1.h:498: warning: Member DT_ALL (macro definition) of group NIFTI1_DATATYPES is not documented.
/<<PKGBUILDDIR>>/niftilib/nifti1.h:501: warning: Member DT_UINT8 (macro definition) of group NIFTI1_DATATYPES is not documented.
/<<PKGBUILDDIR>>/niftilib/nifti1.h:502: warning: Member DT_INT16 (macro definition) of group NIFTI1_DATATYPES is not documented.
/<<PKGBUILDDIR>>/niftilib/nifti1.h:503: warning: Member DT_INT32 (macro definition) of group NIFTI1_DATATYPES is not documented.
/<<PKGBUILDDIR>>/niftilib/nifti1.h:504: warning: Member DT_FLOAT32 (macro definition) of group NIFTI1_DATATYPES is not documented.
/<<PKGBUILDDIR>>/niftilib/nifti1.h:505: warning: Member DT_COMPLEX64 (macro definition) of group NIFTI1_DATATYPES is not documented.
/<<PKGBUILDDIR>>/niftilib/nifti1.h:506: warning: Member DT_FLOAT64 (macro definition) of group NIFTI1_DATATYPES is not documented.
/<<PKGBUILDDIR>>/niftilib/nifti1.h:507: warning: Member DT_RGB24 (macro definition) of group NIFTI1_DATATYPES is not documented.
/<<PKGBUILDDIR>>/niftilib/nifti1.h:510: warning: Member DT_INT8 (macro definition) of group NIFTI1_DATATYPES is not documented.
/<<PKGBUILDDIR>>/niftilib/nifti1.h:511: warning: Member DT_UINT16 (macro definition) of group NIFTI1_DATATYPES is not documented.
/<<PKGBUILDDIR>>/niftilib/nifti1.h:512: warning: Member DT_UINT32 (macro definition) of group NIFTI1_DATATYPES is not documented.
/<<PKGBUILDDIR>>/niftilib/nifti1.h:513: warning: Member DT_INT64 (macro definition) of group NIFTI1_DATATYPES is not documented.
/<<PKGBUILDDIR>>/niftilib/nifti1.h:514: warning: Member DT_UINT64 (macro definition) of group NIFTI1_DATATYPES is not documented.
/<<PKGBUILDDIR>>/niftilib/nifti1.h:515: warning: Member DT_FLOAT128 (macro definition) of group NIFTI1_DATATYPES is not documented.
/<<PKGBUILDDIR>>/niftilib/nifti1.h:516: warning: Member DT_COMPLEX128 (macro definition) of group NIFTI1_DATATYPES is not documented.
/<<PKGBUILDDIR>>/niftilib/nifti1.h:517: warning: Member DT_COMPLEX256 (macro definition) of group NIFTI1_DATATYPES is not documented.
/<<PKGBUILDDIR>>/niftilib/nifti1.h:518: warning: Member DT_RGBA32 (macro definition) of group NIFTI1_DATATYPES is not documented.
/<<PKGBUILDDIR>>/niftilib/nifti1.h:692: warning: Member NIFTI_INTENT_CORREL (macro definition) of group NIFTI1_INTENT_CODES is not documented.
/<<PKGBUILDDIR>>/niftilib/nifti1.h:880: warning: Member NIFTI_INTENT_VECTOR (macro definition) of group NIFTI1_INTENT_CODES is not documented.
/<<PKGBUILDDIR>>/niftilib/nifti1.h:970: warning: Member NIFTI_INTENT_FSL_CUBIC_SPLINE_COEFFICIENTS (macro definition) of group NIFTI1_INTENT_CODES is not documented.
/<<PKGBUILDDIR>>/niftilib/nifti1.h:971: warning: Member NIFTI_INTENT_FSL_DCT_COEFFICIENTS (macro definition) of group NIFTI1_INTENT_CODES is not documented.
/<<PKGBUILDDIR>>/niftilib/nifti1.h:972: warning: Member NIFTI_INTENT_FSL_QUADRATIC_SPLINE_COEFFICIENTS (macro definition) of group NIFTI1_INTENT_CODES is not documented.
/<<PKGBUILDDIR>>/niftilib/nifti1.h:984: warning: Member NIFTI_INTENT_FSL_TOPUP_QUADRATIC_SPLINE_COEFFICIENTS (macro definition) of group NIFTI1_INTENT_CODES is not documented.
/<<PKGBUILDDIR>>/niftilib/nifti1.h:985: warning: Member NIFTI_INTENT_FSL_TOPUP_FIELD (macro definition) of group NIFTI1_INTENT_CODES is not documented.
/<<PKGBUILDDIR>>/niftilib/nifti1.h:1346: warning: Member XYZT_TO_SPACE(xyzt) (macro definition) of group NIFTI1_UNITS is not documented.
/<<PKGBUILDDIR>>/niftilib/nifti1.h:1347: warning: Member XYZT_TO_TIME(xyzt) (macro definition) of group NIFTI1_UNITS is not documented.
/<<PKGBUILDDIR>>/niftilib/nifti1.h:1350: warning: Member SPACE_TIME_TO_XYZT(ss, tt) (macro definition) of group NIFTI1_UNITS is not documented.
/<<PKGBUILDDIR>>/niftilib/nifti1.h:1443: warning: Member DIM_INFO_TO_FREQ_DIM(di) (macro definition) of group NIFTI1_UNITS is not documented.
/<<PKGBUILDDIR>>/niftilib/nifti1.h:1444: warning: Member DIM_INFO_TO_PHASE_DIM(di) (macro definition) of group NIFTI1_UNITS is not documented.
/<<PKGBUILDDIR>>/niftilib/nifti1.h:1445: warning: Member DIM_INFO_TO_SLICE_DIM(di) (macro definition) of group NIFTI1_UNITS is not documented.
/<<PKGBUILDDIR>>/niftilib/nifti1.h:1448: warning: Member FPS_INTO_DIM_INFO(fd, pd, sd) (macro definition) of group NIFTI1_UNITS is not documented.
/<<PKGBUILDDIR>>/niftilib/nifti1.h:1457: warning: Member NIFTI_SLICE_UNKNOWN (macro definition) of group NIFTI1_SLICE_ORDER is not documented.
/<<PKGBUILDDIR>>/niftilib/nifti1.h:1458: warning: Member NIFTI_SLICE_SEQ_INC (macro definition) of group NIFTI1_SLICE_ORDER is not documented.
/<<PKGBUILDDIR>>/niftilib/nifti1.h:1459: warning: Member NIFTI_SLICE_SEQ_DEC (macro definition) of group NIFTI1_SLICE_ORDER is not documented.
/<<PKGBUILDDIR>>/niftilib/nifti1.h:1460: warning: Member NIFTI_SLICE_ALT_INC (macro definition) of group NIFTI1_SLICE_ORDER is not documented.
/<<PKGBUILDDIR>>/niftilib/nifti1.h:1461: warning: Member NIFTI_SLICE_ALT_DEC (macro definition) of group NIFTI1_SLICE_ORDER is not documented.
/<<PKGBUILDDIR>>/niftilib/nifti1.h:1462: warning: Member NIFTI_SLICE_ALT_INC2 (macro definition) of group NIFTI1_SLICE_ORDER is not documented.
/<<PKGBUILDDIR>>/niftilib/nifti1.h:1463: warning: Member NIFTI_SLICE_ALT_DEC2 (macro definition) of group NIFTI1_SLICE_ORDER is not documented.
/<<PKGBUILDDIR>>/niftilib/nifti1.h:291: warning: Member extension[4] (variable) of struct nifti1_extender is not documented.
/<<PKGBUILDDIR>>/fsliolib/dbh.h:98: warning: Member real (variable) of struct COMPLEX is not documented.
/<<PKGBUILDDIR>>/fsliolib/dbh.h:99: warning: Member imag (variable) of struct COMPLEX is not documented.
/<<PKGBUILDDIR>>/fsliolib/dbh.h:57: warning: Member descrip[80] (variable) of struct data_history is not documented.
/<<PKGBUILDDIR>>/fsliolib/dbh.h:58: warning: Member aux_file[24] (variable) of struct data_history is not documented.
/<<PKGBUILDDIR>>/fsliolib/dbh.h:59: warning: Member orient (variable) of struct data_history is not documented.
/<<PKGBUILDDIR>>/fsliolib/dbh.h:60: warning: Member originator[10] (variable) of struct data_history is not documented.
/<<PKGBUILDDIR>>/fsliolib/dbh.h:61: warning: Member generated[10] (variable) of struct data_history is not documented.
/<<PKGBUILDDIR>>/fsliolib/dbh.h:62: warning: Member scannum[10] (variable) of struct data_history is not documented.
/<<PKGBUILDDIR>>/fsliolib/dbh.h:63: warning: Member patient_id[10] (variable) of struct data_history is not documented.
/<<PKGBUILDDIR>>/fsliolib/dbh.h:64: warning: Member exp_date[10] (variable) of struct data_history is not documented.
/<<PKGBUILDDIR>>/fsliolib/dbh.h:65: warning: Member exp_time[10] (variable) of struct data_history is not documented.
/<<PKGBUILDDIR>>/fsliolib/dbh.h:66: warning: Member hist_un0[3] (variable) of struct data_history is not documented.
/<<PKGBUILDDIR>>/fsliolib/dbh.h:67: warning: Member views (variable) of struct data_history is not documented.
/<<PKGBUILDDIR>>/fsliolib/dbh.h:68: warning: Member vols_added (variable) of struct data_history is not documented.
/<<PKGBUILDDIR>>/fsliolib/dbh.h:69: warning: Member start_field (variable) of struct data_history is not documented.
/<<PKGBUILDDIR>>/fsliolib/dbh.h:70: warning: Member field_skip (variable) of struct data_history is not documented.
/<<PKGBUILDDIR>>/fsliolib/dbh.h:71: warning: Member omax (variable) of struct data_history is not documented.
/<<PKGBUILDDIR>>/fsliolib/dbh.h:71: warning: Member omin (variable) of struct data_history is not documented.
/<<PKGBUILDDIR>>/fsliolib/dbh.h:72: warning: Member smax (variable) of struct data_history is not documented.
/<<PKGBUILDDIR>>/fsliolib/dbh.h:72: warning: Member smin (variable) of struct data_history is not documented.
/<<PKGBUILDDIR>>/fsliolib/dbh.h:72: warning: Member hk (variable) of struct dsr is not documented.
/<<PKGBUILDDIR>>/fsliolib/dbh.h:72: warning: Member dime (variable) of struct dsr is not documented.
/<<PKGBUILDDIR>>/fsliolib/dbh.h:72: warning: Member hist (variable) of struct dsr is not documented.
/<<PKGBUILDDIR>>/niftilib/nifti1_tool.h:81: warning: Member type (variable) of struct field_s is not documented.
/<<PKGBUILDDIR>>/niftilib/nifti1_tool.h:82: warning: Member offset (variable) of struct field_s is not documented.
/<<PKGBUILDDIR>>/niftilib/nifti1_tool.h:83: warning: Member size (variable) of struct field_s is not documented.
/<<PKGBUILDDIR>>/niftilib/nifti1_tool.h:84: warning: Member len (variable) of struct field_s is not documented.
/<<PKGBUILDDIR>>/niftilib/nifti1_tool.h:85: warning: Member name[NT_FIELD_NAME_LEN] (variable) of struct field_s is not documented.
/<<PKGBUILDDIR>>/fsliolib/fslio.h:125: warning: Member fileptr (variable) of struct FSLIO is not documented.
/<<PKGBUILDDIR>>/fsliolib/fslio.h:126: warning: Member niftiptr (variable) of struct FSLIO is not documented.
/<<PKGBUILDDIR>>/fsliolib/fslio.h:130: warning: Member mincptr (variable) of struct FSLIO is not documented.
/<<PKGBUILDDIR>>/fsliolib/fslio.h:132: warning: Member file_mode (variable) of struct FSLIO is not documented.
/<<PKGBUILDDIR>>/fsliolib/fslio.h:133: warning: Member write_mode (variable) of struct FSLIO is not documented.
/<<PKGBUILDDIR>>/fsliolib/fslio.h:134: warning: Member written_hdr (variable) of struct FSLIO is not documented.
/<<PKGBUILDDIR>>/fsliolib/dbh.h:18: warning: Member sizeof_hdr (variable) of struct header_key is not documented.
/<<PKGBUILDDIR>>/fsliolib/dbh.h:19: warning: Member data_type[10] (variable) of struct header_key is not documented.
/<<PKGBUILDDIR>>/fsliolib/dbh.h:20: warning: Member db_name[18] (variable) of struct header_key is not documented.
/<<PKGBUILDDIR>>/fsliolib/dbh.h:21: warning: Member extents (variable) of struct header_key is not documented.
/<<PKGBUILDDIR>>/fsliolib/dbh.h:22: warning: Member session_error (variable) of struct header_key is not documented.
/<<PKGBUILDDIR>>/fsliolib/dbh.h:23: warning: Member regular (variable) of struct header_key is not documented.
/<<PKGBUILDDIR>>/fsliolib/dbh.h:24: warning: Member hkey_un0 (variable) of struct header_key is not documented.
/<<PKGBUILDDIR>>/fsliolib/dbh.h:29: warning: Member dim[8] (variable) of struct image_dimension is not documented.
/<<PKGBUILDDIR>>/fsliolib/dbh.h:30: warning: Member vox_units[4] (variable) of struct image_dimension is not documented.
/<<PKGBUILDDIR>>/fsliolib/dbh.h:31: warning: Member cal_units[8] (variable) of struct image_dimension is not documented.
/<<PKGBUILDDIR>>/fsliolib/dbh.h:32: warning: Member unused1 (variable) of struct image_dimension is not documented.
/<<PKGBUILDDIR>>/fsliolib/dbh.h:33: warning: Member datatype (variable) of struct image_dimension is not documented.
/<<PKGBUILDDIR>>/fsliolib/dbh.h:34: warning: Member bitpix (variable) of struct image_dimension is not documented.
/<<PKGBUILDDIR>>/fsliolib/dbh.h:35: warning: Member dim_un0 (variable) of struct image_dimension is not documented.
/<<PKGBUILDDIR>>/fsliolib/dbh.h:36: warning: Member pixdim[8] (variable) of struct image_dimension is not documented.
/<<PKGBUILDDIR>>/fsliolib/dbh.h:44: warning: Member vox_offset (variable) of struct image_dimension is not documented.
/<<PKGBUILDDIR>>/fsliolib/dbh.h:45: warning: Member funused1 (variable) of struct image_dimension is not documented.
/<<PKGBUILDDIR>>/fsliolib/dbh.h:46: warning: Member funused2 (variable) of struct image_dimension is not documented.
/<<PKGBUILDDIR>>/fsliolib/dbh.h:47: warning: Member funused3 (variable) of struct image_dimension is not documented.
/<<PKGBUILDDIR>>/fsliolib/dbh.h:48: warning: Member cal_max (variable) of struct image_dimension is not documented.
/<<PKGBUILDDIR>>/fsliolib/dbh.h:49: warning: Member cal_min (variable) of struct image_dimension is not documented.
/<<PKGBUILDDIR>>/fsliolib/dbh.h:50: warning: Member compressed (variable) of struct image_dimension is not documented.
/<<PKGBUILDDIR>>/fsliolib/dbh.h:51: warning: Member verified (variable) of struct image_dimension is not documented.
/<<PKGBUILDDIR>>/fsliolib/dbh.h:52: warning: Member glmax (variable) of struct image_dimension is not documented.
/<<PKGBUILDDIR>>/fsliolib/dbh.h:52: warning: Member glmin (variable) of struct image_dimension is not documented.
/<<PKGBUILDDIR>>/niftilib/nifti1_tool.h:12: warning: Member len (variable) of struct int_list is not documented.
/<<PKGBUILDDIR>>/niftilib/nifti1_tool.h:13: warning: Member list (variable) of struct int_list is not documented.
/<<PKGBUILDDIR>>/niftilib/nifti1.h:291: warning: Member extension[4] (variable) of struct nifti1_extender is not documented.
/<<PKGBUILDDIR>>/niftilib/nifti1_io.h:190: warning: Member sizeof_hdr (variable) of struct nifti_analyze75 is not documented.
/<<PKGBUILDDIR>>/niftilib/nifti1_io.h:191: warning: Member data_type[10] (variable) of struct nifti_analyze75 is not documented.
/<<PKGBUILDDIR>>/niftilib/nifti1_io.h:192: warning: Member db_name[18] (variable) of struct nifti_analyze75 is not documented.
/<<PKGBUILDDIR>>/niftilib/nifti1_io.h:193: warning: Member extents (variable) of struct nifti_analyze75 is not documented.
/<<PKGBUILDDIR>>/niftilib/nifti1_io.h:194: warning: Member session_error (variable) of struct nifti_analyze75 is not documented.
/<<PKGBUILDDIR>>/niftilib/nifti1_io.h:195: warning: Member regular (variable) of struct nifti_analyze75 is not documented.
/<<PKGBUILDDIR>>/niftilib/nifti1_io.h:196: warning: Member hkey_un0 (variable) of struct nifti_analyze75 is not documented.
/<<PKGBUILDDIR>>/niftilib/nifti1_io.h:199: warning: Member dim[8] (variable) of struct nifti_analyze75 is not documented.
/<<PKGBUILDDIR>>/niftilib/nifti1_io.h:200: warning: Member unused8 (variable) of struct nifti_analyze75 is not documented.
/<<PKGBUILDDIR>>/niftilib/nifti1_io.h:201: warning: Member unused9 (variable) of struct nifti_analyze75 is not documented.
/<<PKGBUILDDIR>>/niftilib/nifti1_io.h:202: warning: Member unused10 (variable) of struct nifti_analyze75 is not documented.
/<<PKGBUILDDIR>>/niftilib/nifti1_io.h:203: warning: Member unused11 (variable) of struct nifti_analyze75 is not documented.
/<<PKGBUILDDIR>>/niftilib/nifti1_io.h:204: warning: Member unused12 (variable) of struct nifti_analyze75 is not documented.
/<<PKGBUILDDIR>>/niftilib/nifti1_io.h:205: warning: Member unused13 (variable) of struct nifti_analyze75 is not documented.
/<<PKGBUILDDIR>>/niftilib/nifti1_io.h:206: warning: Member unused14 (variable) of struct nifti_analyze75 is not documented.
/<<PKGBUILDDIR>>/niftilib/nifti1_io.h:207: warning: Member datatype (variable) of struct nifti_analyze75 is not documented.
/<<PKGBUILDDIR>>/niftilib/nifti1_io.h:208: warning: Member bitpix (variable) of struct nifti_analyze75 is not documented.
/<<PKGBUILDDIR>>/niftilib/nifti1_io.h:209: warning: Member dim_un0 (variable) of struct nifti_analyze75 is not documented.
/<<PKGBUILDDIR>>/niftilib/nifti1_io.h:210: warning: Member pixdim[8] (variable) of struct nifti_analyze75 is not documented.
/<<PKGBUILDDIR>>/niftilib/nifti1_io.h:212: warning: Member vox_offset (variable) of struct nifti_analyze75 is not documented.
/<<PKGBUILDDIR>>/niftilib/nifti1_io.h:213: warning: Member funused1 (variable) of struct nifti_analyze75 is not documented.
/<<PKGBUILDDIR>>/niftilib/nifti1_io.h:214: warning: Member funused2 (variable) of struct nifti_analyze75 is not documented.
/<<PKGBUILDDIR>>/niftilib/nifti1_io.h:215: warning: Member funused3 (variable) of struct nifti_analyze75 is not documented.
/<<PKGBUILDDIR>>/niftilib/nifti1_io.h:218: warning: Member cal_max (variable) of struct nifti_analyze75 is not documented.
/<<PKGBUILDDIR>>/niftilib/nifti1_io.h:219: warning: Member cal_min (variable) of struct nifti_analyze75 is not documented.
/<<PKGBUILDDIR>>/niftilib/nifti1_io.h:220: warning: Member compressed (variable) of struct nifti_analyze75 is not documented.
/<<PKGBUILDDIR>>/niftilib/nifti1_io.h:221: warning: Member verified (variable) of struct nifti_analyze75 is not documented.
/<<PKGBUILDDIR>>/niftilib/nifti1_io.h:222: warning: Member glmax (variable) of struct nifti_analyze75 is not documented.
/<<PKGBUILDDIR>>/niftilib/nifti1_io.h:222: warning: Member glmin (variable) of struct nifti_analyze75 is not documented.
/<<PKGBUILDDIR>>/niftilib/nifti1_io.h:225: warning: Member descrip[80] (variable) of struct nifti_analyze75 is not documented.
/<<PKGBUILDDIR>>/niftilib/nifti1_io.h:226: warning: Member aux_file[24] (variable) of struct nifti_analyze75 is not documented.
/<<PKGBUILDDIR>>/niftilib/nifti1_io.h:227: warning: Member orient (variable) of struct nifti_analyze75 is not documented.
/<<PKGBUILDDIR>>/niftilib/nifti1_io.h:228: warning: Member originator[10] (variable) of struct nifti_analyze75 is not documented.
/<<PKGBUILDDIR>>/niftilib/nifti1_io.h:229: warning: Member generated[10] (variable) of struct nifti_analyze75 is not documented.
/<<PKGBUILDDIR>>/niftilib/nifti1_io.h:230: warning: Member scannum[10] (variable) of struct nifti_analyze75 is not documented.
/<<PKGBUILDDIR>>/niftilib/nifti1_io.h:231: warning: Member patient_id[10] (variable) of struct nifti_analyze75 is not documented.
/<<PKGBUILDDIR>>/niftilib/nifti1_io.h:232: warning: Member exp_date[10] (variable) of struct nifti_analyze75 is not documented.
/<<PKGBUILDDIR>>/niftilib/nifti1_io.h:233: warning: Member exp_time[10] (variable) of struct nifti_analyze75 is not documented.
/<<PKGBUILDDIR>>/niftilib/nifti1_io.h:234: warning: Member hist_un0[3] (variable) of struct nifti_analyze75 is not documented.
/<<PKGBUILDDIR>>/niftilib/nifti1_io.h:235: warning: Member views (variable) of struct nifti_analyze75 is not documented.
/<<PKGBUILDDIR>>/niftilib/nifti1_io.h:236: warning: Member vols_added (variable) of struct nifti_analyze75 is not documented.
/<<PKGBUILDDIR>>/niftilib/nifti1_io.h:237: warning: Member start_field (variable) of struct nifti_analyze75 is not documented.
/<<PKGBUILDDIR>>/niftilib/nifti1_io.h:238: warning: Member field_skip (variable) of struct nifti_analyze75 is not documented.
/<<PKGBUILDDIR>>/niftilib/nifti1_io.h:239: warning: Member omax (variable) of struct nifti_analyze75 is not documented.
/<<PKGBUILDDIR>>/niftilib/nifti1_io.h:239: warning: Member omin (variable) of struct nifti_analyze75 is not documented.
/<<PKGBUILDDIR>>/niftilib/nifti1_io.h:240: warning: Member smax (variable) of struct nifti_analyze75 is not documented.
/<<PKGBUILDDIR>>/niftilib/nifti1_io.h:240: warning: Member smin (variable) of struct nifti_analyze75 is not documented.
/<<PKGBUILDDIR>>/niftilib/nifti1_io.h:176: warning: Member nbricks (variable) of struct nifti_brick_list is not documented.
/<<PKGBUILDDIR>>/niftilib/nifti1_io.h:177: warning: Member bsize (variable) of struct nifti_brick_list is not documented.
/<<PKGBUILDDIR>>/niftilib/nifti1_io.h:178: warning: Member bricks (variable) of struct nifti_brick_list is not documented.
/<<PKGBUILDDIR>>/niftilib/nifti1_io.h:132: warning: Member quatern_c (variable) of struct nifti_image is not documented.
/<<PKGBUILDDIR>>/niftilib/nifti1_io.h:132: warning: Member quatern_d (variable) of struct nifti_image is not documented.
/<<PKGBUILDDIR>>/niftilib/nifti1_io.h:133: warning: Member qoffset_x (variable) of struct nifti_image is not documented.
/<<PKGBUILDDIR>>/niftilib/nifti1_io.h:133: warning: Member qoffset_y (variable) of struct nifti_image is not documented.
/<<PKGBUILDDIR>>/niftilib/nifti1_io.h:133: warning: Member qoffset_z (variable) of struct nifti_image is not documented.
/<<PKGBUILDDIR>>/niftilib/nifti1_io.h:134: warning: Member qfac (variable) of struct nifti_image is not documented.
/<<PKGBUILDDIR>>/niftilib/nifti1_io.h:498: warning: Member type (variable) of struct nifti_type_ele is not documented.
/<<PKGBUILDDIR>>/niftilib/nifti1_io.h:499: warning: Member nbyper (variable) of struct nifti_type_ele is not documented.
/<<PKGBUILDDIR>>/niftilib/nifti1_io.h:500: warning: Member swapsize (variable) of struct nifti_type_ele is not documented.
/<<PKGBUILDDIR>>/niftilib/nifti1_io.h:501: warning: Member name (variable) of struct nifti_type_ele is not documented.
/<<PKGBUILDDIR>>/niftilib/nifti1_tool.h:18: warning: Member check_hdr (variable) of struct nt_opts is not documented.
/<<PKGBUILDDIR>>/niftilib/nifti1_tool.h:18: warning: Member check_nim (variable) of struct nt_opts is not documented.
/<<PKGBUILDDIR>>/niftilib/nifti1_tool.h:19: warning: Member diff_hdr (variable) of struct nt_opts is not documented.
/<<PKGBUILDDIR>>/niftilib/nifti1_tool.h:19: warning: Member diff_nim (variable) of struct nt_opts is not documented.
/<<PKGBUILDDIR>>/niftilib/nifti1_tool.h:20: warning: Member disp_hdr (variable) of struct nt_opts is not documented.
/<<PKGBUILDDIR>>/niftilib/nifti1_tool.h:20: warning: Member disp_nim (variable) of struct nt_opts is not documented.
/<<PKGBUILDDIR>>/niftilib/nifti1_tool.h:20: warning: Member disp_ana (variable) of struct nt_opts is not documented.
/<<PKGBUILDDIR>>/niftilib/nifti1_tool.h:21: warning: Member disp_exts (variable) of struct nt_opts is not documented.
/<<PKGBUILDDIR>>/niftilib/nifti1_tool.h:21: warning: Member add_exts (variable) of struct nt_opts is not documented.
/<<PKGBUILDDIR>>/niftilib/nifti1_tool.h:21: warning: Member rm_exts (variable) of struct nt_opts is not documented.
/<<PKGBUILDDIR>>/niftilib/nifti1_tool.h:22: warning: Member mod_hdr (variable) of struct nt_opts is not documented.
/<<PKGBUILDDIR>>/niftilib/nifti1_tool.h:22: warning: Member mod_nim (variable) of struct nt_opts is not documented.
/<<PKGBUILDDIR>>/niftilib/nifti1_tool.h:23: warning: Member swap_hdr (variable) of struct nt_opts is not documented.
/<<PKGBUILDDIR>>/niftilib/nifti1_tool.h:23: warning: Member swap_ana (variable) of struct nt_opts is not documented.
/<<PKGBUILDDIR>>/niftilib/nifti1_tool.h:23: warning: Member swap_old (variable) of struct nt_opts is not documented.
/<<PKGBUILDDIR>>/niftilib/nifti1_tool.h:25: warning: Member strip (variable) of struct nt_opts is not documented.
/<<PKGBUILDDIR>>/niftilib/nifti1_tool.h:26: warning: Member cbl (variable) of struct nt_opts is not documented.
/<<PKGBUILDDIR>>/niftilib/nifti1_tool.h:26: warning: Member cci (variable) of struct nt_opts is not documented.
/<<PKGBUILDDIR>>/niftilib/nifti1_tool.h:27: warning: Member dts (variable) of struct nt_opts is not documented.
/<<PKGBUILDDIR>>/niftilib/nifti1_tool.h:27: warning: Member dci (variable) of struct nt_opts is not documented.
/<<PKGBUILDDIR>>/niftilib/nifti1_tool.h:27: warning: Member dci_lines (variable) of struct nt_opts is not documented.
/<<PKGBUILDDIR>>/niftilib/nifti1_tool.h:28: warning: Member make_im (variable) of struct nt_opts is not documented.
/<<PKGBUILDDIR>>/niftilib/nifti1_tool.h:29: warning: Member ci_dims[8] (variable) of struct nt_opts is not documented.
/<<PKGBUILDDIR>>/niftilib/nifti1_tool.h:30: warning: Member new_dim[8] (variable) of struct nt_opts is not documented.
/<<PKGBUILDDIR>>/niftilib/nifti1_tool.h:31: warning: Member new_datatype (variable) of struct nt_opts is not documented.
/<<PKGBUILDDIR>>/niftilib/nifti1_tool.h:32: warning: Member debug (variable) of struct nt_opts is not documented.
/<<PKGBUILDDIR>>/niftilib/nifti1_tool.h:32: warning: Member keep_hist (variable) of struct nt_opts is not documented.
/<<PKGBUILDDIR>>/niftilib/nifti1_tool.h:33: warning: Member overwrite (variable) of struct nt_opts is not documented.
/<<PKGBUILDDIR>>/niftilib/nifti1_tool.h:34: warning: Member prefix (variable) of struct nt_opts is not documented.
/<<PKGBUILDDIR>>/niftilib/nifti1_tool.h:35: warning: Member elist (variable) of struct nt_opts is not documented.
/<<PKGBUILDDIR>>/niftilib/nifti1_tool.h:36: warning: Member etypes (variable) of struct nt_opts is not documented.
/<<PKGBUILDDIR>>/niftilib/nifti1_tool.h:37: warning: Member flist (variable) of struct nt_opts is not documented.
/<<PKGBUILDDIR>>/niftilib/nifti1_tool.h:38: warning: Member vlist (variable) of struct nt_opts is not documented.
/<<PKGBUILDDIR>>/niftilib/nifti1_tool.h:39: warning: Member infiles (variable) of struct nt_opts is not documented.
/<<PKGBUILDDIR>>/niftilib/nifti1_tool.h:40: warning: Member command[NT_CMD_LEN] (variable) of struct nt_opts is not documented.
/<<PKGBUILDDIR>>/niftilib/nifti1_tool.h:7: warning: Member len (variable) of struct str_list is not documented.
/<<PKGBUILDDIR>>/niftilib/nifti1_tool.h:8: warning: Member list (variable) of struct str_list is not documented.
/<<PKGBUILDDIR>>/znzlib/znzlib.h:80: warning: Member withz (variable) of struct znzptr is not documented.
/<<PKGBUILDDIR>>/znzlib/znzlib.h:81: warning: Member nzfptr (variable) of struct znzptr is not documented.
ng disk names...
Adding source references...
Adding xrefitems...
Sorting member lists...
Setting anonymous enum type...
Computing dependencies between directories...
Generating citations page...
Counting members...
Counting data structures...
Resolving user defined references...
Finding anchors and sections in the documentation...
Transferring function references...
Combining using relations...
Adding members to index pages...
Correcting members for VHDL...
Computing tooltip texts...
Generating style sheet...
Generating search indices...
Generating example documentation...
Generating file sources...
Generating code for file /<<PKGBUILDDIR>>/fsliolib/dbh.h...
Generating code for file /<<PKGBUILDDIR>>/fsliolib/fslio.h...
Generating code for file /<<PKGBUILDDIR>>/niftilib/nifti1.h...
Generating code for file /<<PKGBUILDDIR>>/niftilib/nifti1_io.h...
Generating code for file /<<PKGBUILDDIR>>/niftilib/nifti1_io_version.h...
Generating code for file /<<PKGBUILDDIR>>/niftilib/nifti1_tool.h...
Generating code for file /<<PKGBUILDDIR>>/znzlib/znzlib.h...
Generating code for file /<<PKGBUILDDIR>>/znzlib/znzlib_version.h...
Generating file documentation...
Generating docs for file /<<PKGBUILDDIR>>/fsliolib/fslio.c...
Generating docs for file /<<PKGBUILDDIR>>/fsliolib/fslio.h...
Generating docs for file /<<PKGBUILDDIR>>/niftilib/nifti1.h...
Generating docs for file /<<PKGBUILDDIR>>/niftilib/nifti1_io.c...
Generating docs for file /<<PKGBUILDDIR>>/niftilib/nifti1_io.h...
Generating docs for file /<<PKGBUILDDIR>>/znzlib/znzlib.c...
Generating page documentation...
Generating group documentation...
Generating dependency graph for group NIFTI1_DATATYPES
Generating dependency graph for group NIFTI1_DATATYPE_ALIASES
Generating dependency graph for group NIFTI1_INTENT_CODES
Generating dependency graph for group NIFTI1_XFORM_CODES
Generating dependency graph for group NIFTI1_UNITS
Generating dependency graph for group NIFTI1_SLICE_ORDER
Generating class documentation...
Generating docs for compound COMPLEX...
Generating docs for compound data_history...
Generating docs for compound dsr...
Generating docs for compound field_s...
Generating docs for compound FSLIO...
Generating docs for compound header_key...
Generating docs for compound image_dimension...
Generating docs for compound int_list...
Generating docs for compound mat33...
Generating docs for compound mat44...
Generating docs for compound nifti1_extender...
Generating docs for compound nifti1_extension...
Generating docs for compound nifti_1_header...
Generating docs for compound nifti_analyze75...
Generating docs for compound nifti_brick_list...
Generating docs for compound nifti_global_options...
Generating docs for compound nifti_image...
Generating docs for compound nifti_type_ele...
Generating docs for compound nt_opts...
Generating docs for compound str_list...
Generating docs for compound znzptr...
Generating namespace index...
Generating graph info page...
Generating directory documentation...
Generating dependency graph for directory /<<PKGBUILDDIR>>/fsliolib
Generating index page...
Generating page index...
Generating module index...
Generating namespace index...
Generating namespace member index...
Generating annotated compound index...
Generating alphabetical compound index...
Generating hierarchical class index...
Generating graphical class hierarchy...
Generating member index...
Generating file index...
Generating file member index...
Generating example index...
finalizing index lists...
writing tag file...
Running plantuml with JAVA...
Running dot...
Generating dot graphs using 5 parallel threads...
Running dot for graph 1/20
Running dot for graph 2/20
Running dot for graph 3/20
Running dot for graph 4/20
Running dot for graph 5/20
Running dot for graph 6/20
Running dot for graph 7/20
Running dot for graph 8/20
Running dot for graph 9/20
Running dot for graph 10/20
Running dot for graph 11/20
Running dot for graph 12/20
Running dot for graph 13/20
Running dot for graph 14/20
Running dot for graph 15/20
Running dot for graph 16/20
Running dot for graph 17/20
Running dot for graph 18/20
Running dot for graph 19/20
Running dot for graph 20/20
Patching output file 1/17
Patching output file 2/17
Patching output file 3/17
Patching output file 4/17
Patching output file 5/17
Patching output file 6/17
Patching output file 7/17
Patching output file 8/17
Patching output file 9/17
Patching output file 10/17
Patching output file 11/17
Patching output file 12/17
Patching output file 13/17
Patching output file 14/17
Patching output file 15/17
Patching output file 16/17
Patching output file 17/17
lookup cache used 702/65536 hits=2465 misses=727
finished...
# remove jquery (use from package dependency)
rm -f docs/html/jquery.js
make[1]: Leaving directory '/<<PKGBUILDDIR>>'
   debian/rules override_dh_auto_test
make[1]: Entering directory '/<<PKGBUILDDIR>>'
cd DEB_build_static && ctest
*********************************
No test configuration file found!
*********************************
Usage

  ctest [options]

make[1]: Leaving directory '/<<PKGBUILDDIR>>'
   create-stamp debian/debhelper-build-stamp
   dh_testroot -O--buildsystem=cmake
   dh_prep -O--buildsystem=cmake
   dh_installdirs -O--buildsystem=cmake
   debian/rules override_dh_auto_install
make[1]: Entering directory '/<<PKGBUILDDIR>>'
# install binaries and shared libs
cd DEB_build_shared && /usr/bin/make install DESTDIR=/<<PKGBUILDDIR>>/debian/tmp
make[2]: Entering directory '/<<PKGBUILDDIR>>/DEB_build_shared'
/usr/bin/cmake -S/<<PKGBUILDDIR>> -B/<<PKGBUILDDIR>>/DEB_build_shared --check-build-system CMakeFiles/Makefile.cmake 0
/usr/bin/make  -f CMakeFiles/Makefile2 preinstall
make[3]: Entering directory '/<<PKGBUILDDIR>>/DEB_build_shared'
make[3]: Nothing to be done for 'preinstall'.
make[3]: Leaving directory '/<<PKGBUILDDIR>>/DEB_build_shared'
Install the project...
/usr/bin/cmake -P cmake_install.cmake
-- Install configuration: "None"
-- Installing: /<<PKGBUILDDIR>>/debian/tmp/usr/lib/libznz.so.3.0.0
-- Installing: /<<PKGBUILDDIR>>/debian/tmp/usr/lib/libznz.so.3
-- Set runtime path of "/<<PKGBUILDDIR>>/debian/tmp/usr/lib/libznz.so.3.0.0" to "$ORIGIN/../lib"
-- Installing: /<<PKGBUILDDIR>>/debian/tmp/usr/lib/libznz.so
-- Installing: /<<PKGBUILDDIR>>/debian/tmp/usr/include/nifti/znzlib.h
-- Installing: /<<PKGBUILDDIR>>/debian/tmp/usr/lib/libniftiio.so.2.1.0
-- Installing: /<<PKGBUILDDIR>>/debian/tmp/usr/lib/libniftiio.so.2
-- Set runtime path of "/<<PKGBUILDDIR>>/debian/tmp/usr/lib/libniftiio.so.2.1.0" to "$ORIGIN/../lib"
-- Installing: /<<PKGBUILDDIR>>/debian/tmp/usr/lib/libniftiio.so
-- Installing: /<<PKGBUILDDIR>>/debian/tmp/usr/include/nifti/nifti1_io.h
-- Installing: /<<PKGBUILDDIR>>/debian/tmp/usr/include/nifti/nifti1.h
-- Installing: /<<PKGBUILDDIR>>/debian/tmp/usr/bin/nifti1_tool
-- Set runtime path of "/<<PKGBUILDDIR>>/debian/tmp/usr/bin/nifti1_tool" to "$ORIGIN/../lib"
-- Installing: /<<PKGBUILDDIR>>/debian/tmp/usr/lib/libnifticdf.so.2.1.0
-- Installing: /<<PKGBUILDDIR>>/debian/tmp/usr/lib/libnifticdf.so.2
-- Set runtime path of "/<<PKGBUILDDIR>>/debian/tmp/usr/lib/libnifticdf.so.2.1.0" to "$ORIGIN/../lib"
-- Installing: /<<PKGBUILDDIR>>/debian/tmp/usr/lib/libnifticdf.so
-- Installing: /<<PKGBUILDDIR>>/debian/tmp/usr/include/nifti/nifticdf.h
-- Installing: /<<PKGBUILDDIR>>/debian/tmp/usr/bin/nifti_stats
-- Set runtime path of "/<<PKGBUILDDIR>>/debian/tmp/usr/bin/nifti_stats" to "$ORIGIN/../lib"
-- Installing: /<<PKGBUILDDIR>>/debian/tmp/usr/lib/libnifti2.so.2.1.0
-- Installing: /<<PKGBUILDDIR>>/debian/tmp/usr/lib/libnifti2.so.2
-- Set runtime path of "/<<PKGBUILDDIR>>/debian/tmp/usr/lib/libnifti2.so.2.1.0" to "$ORIGIN/../lib"
-- Installing: /<<PKGBUILDDIR>>/debian/tmp/usr/lib/libnifti2.so
-- Up-to-date: /<<PKGBUILDDIR>>/debian/tmp/usr/include/nifti/nifti1.h
-- Installing: /<<PKGBUILDDIR>>/debian/tmp/usr/include/nifti/nifti2.h
-- Installing: /<<PKGBUILDDIR>>/debian/tmp/usr/include/nifti/nifti2_io.h
-- Installing: /<<PKGBUILDDIR>>/debian/tmp/usr/bin/nifti_tool
-- Set runtime path of "/<<PKGBUILDDIR>>/debian/tmp/usr/bin/nifti_tool" to "$ORIGIN/../lib"
-- Installing: /<<PKGBUILDDIR>>/debian/tmp/usr/share/cmake/NIFTI/NIFTITargets.cmake
-- Installing: /<<PKGBUILDDIR>>/debian/tmp/usr/share/cmake/NIFTI/NIFTITargets-none.cmake
-- Installing: /<<PKGBUILDDIR>>/debian/tmp/usr/share/cmake/NIFTI/NIFTIConfig.cmake
-- Installing: /<<PKGBUILDDIR>>/debian/tmp/usr/share/cmake/NIFTI/NIFTIConfigVersion.cmake
make[2]: Leaving directory '/<<PKGBUILDDIR>>/DEB_build_shared'
# install static libs
cd DEB_build_static/znzlib \
	&& /usr/bin/make install DESTDIR=/<<PKGBUILDDIR>>/debian/tmp
make[2]: Entering directory '/<<PKGBUILDDIR>>/DEB_build_static/znzlib'
cd /<<PKGBUILDDIR>>/DEB_build_static && /usr/bin/cmake -S/<<PKGBUILDDIR>> -B/<<PKGBUILDDIR>>/DEB_build_static --check-build-system CMakeFiles/Makefile.cmake 0
cd /<<PKGBUILDDIR>>/DEB_build_static && /usr/bin/make  -f CMakeFiles/Makefile2 znzlib/preinstall
make[3]: Entering directory '/<<PKGBUILDDIR>>/DEB_build_static'
make[3]: Nothing to be done for 'znzlib/preinstall'.
make[3]: Leaving directory '/<<PKGBUILDDIR>>/DEB_build_static'
Install the project...
/usr/bin/cmake -P cmake_install.cmake
-- Install configuration: "None"
make[2]: Leaving directory '/<<PKGBUILDDIR>>/DEB_build_static/znzlib'
cd DEB_build_static/niftilib \
	&& /usr/bin/make	install DESTDIR=/<<PKGBUILDDIR>>/debian/tmp
make[2]: Entering directory '/<<PKGBUILDDIR>>/DEB_build_static/niftilib'
cd /<<PKGBUILDDIR>>/DEB_build_static && /usr/bin/cmake -S/<<PKGBUILDDIR>> -B/<<PKGBUILDDIR>>/DEB_build_static --check-build-system CMakeFiles/Makefile.cmake 0
cd /<<PKGBUILDDIR>>/DEB_build_static && /usr/bin/make  -f CMakeFiles/Makefile2 niftilib/preinstall
make[3]: Entering directory '/<<PKGBUILDDIR>>/DEB_build_static'
make[3]: Nothing to be done for 'niftilib/preinstall'.
make[3]: Leaving directory '/<<PKGBUILDDIR>>/DEB_build_static'
Install the project...
/usr/bin/cmake -P cmake_install.cmake
-- Install configuration: "None"
make[2]: Leaving directory '/<<PKGBUILDDIR>>/DEB_build_static/niftilib'
cd DEB_build_static/nifticdf \
	&& /usr/bin/make	install DESTDIR=/<<PKGBUILDDIR>>/debian/tmp
make[2]: Entering directory '/<<PKGBUILDDIR>>/DEB_build_static/nifticdf'
cd /<<PKGBUILDDIR>>/DEB_build_static && /usr/bin/cmake -S/<<PKGBUILDDIR>> -B/<<PKGBUILDDIR>>/DEB_build_static --check-build-system CMakeFiles/Makefile.cmake 0
cd /<<PKGBUILDDIR>>/DEB_build_static && /usr/bin/make  -f CMakeFiles/Makefile2 nifticdf/preinstall
make[3]: Entering directory '/<<PKGBUILDDIR>>/DEB_build_static'
make[3]: Nothing to be done for 'nifticdf/preinstall'.
make[3]: Leaving directory '/<<PKGBUILDDIR>>/DEB_build_static'
Install the project...
/usr/bin/cmake -P cmake_install.cmake
-- Install configuration: "None"
make[2]: Leaving directory '/<<PKGBUILDDIR>>/DEB_build_static/nifticdf'
cp -a DEB_build_static/*/lib*.a debian/tmp/usr/lib
# install manpage
DEB_build_static/utils/nifti_tool -help | \
	python3 debian/makeniftitoolmanpage.py > debian/tmp/nifti_tool.1
/bin/sh: 1: DEB_build_static/utils/nifti_tool: not found
# Remove unecessary header file
rm -f /<<PKGBUILDDIR>>/debian/tmp/usr/include/nifti/nifti_tool.h
d-shlibmove --commit \
	    --multiarch \
	    --devunversioned \
	    --exclude-la \
	    --override s/libznz[0-9.]*-dev/libznz-dev/ \
	    --movedev debian/tmp/usr/include/* usr/include \
	    debian/tmp/usr/lib/libnifti*.so
Library package automatic movement utility
 --> libznz-dev package from same source package.
 --> zlib1g-dev package exists.
set -e
install -d -m 755 debian/libnifti2-dev/usr/lib/x86_64-linux-gnu
install -d -m 755 debian/libnifti2-2/usr/lib/x86_64-linux-gnu
mv debian/tmp/usr/lib/libnifti2.a debian/libnifti2-dev/usr/lib/x86_64-linux-gnu
mv debian/tmp/usr/lib/libnifti2.so debian/libnifti2-dev/usr/lib/x86_64-linux-gnu
mv /<<PKGBUILDDIR>>/debian/tmp/usr/lib/libnifti2.so.2 debian/libnifti2-2/usr/lib/x86_64-linux-gnu
mv /<<PKGBUILDDIR>>/debian/tmp/usr/lib/libnifti2.so.2.1.0 debian/libnifti2-2/usr/lib/x86_64-linux-gnu
PKGDEV=libnifti2-dev
PKGSHL=libnifti2-2
install -d -m 755 debian/libnifti2-dev/usr/include
mv debian/tmp/usr/include/nifti debian/libnifti2-dev/usr/include
d-shlibmove --commit \
	    --multiarch \
	    --devunversioned \
	    --exclude-la \
	    --movedev debian/libnifti2-dev/usr/include/nifti/znzlib.h usr/include/nifti \
	    debian/tmp/usr/lib/libznz*.so
Library package automatic movement utility
 --> zlib1g-dev package exists.
set -e
install -d -m 755 debian/libznz-dev/usr/lib/x86_64-linux-gnu
install -d -m 755 debian/libznz3/usr/lib/x86_64-linux-gnu
mv debian/tmp/usr/lib/libznz.a debian/libznz-dev/usr/lib/x86_64-linux-gnu
mv debian/tmp/usr/lib/libznz.so debian/libznz-dev/usr/lib/x86_64-linux-gnu
mv /<<PKGBUILDDIR>>/debian/tmp/usr/lib/libznz.so.3 debian/libznz3/usr/lib/x86_64-linux-gnu
mv /<<PKGBUILDDIR>>/debian/tmp/usr/lib/libznz.so.3.0.0 debian/libznz3/usr/lib/x86_64-linux-gnu
PKGDEV=libznz-dev
PKGSHL=libznz3
install -d -m 755 debian/libznz-dev/usr/include/nifti
mv debian/libnifti2-dev/usr/include/nifti/znzlib.h debian/libznz-dev/usr/include/nifti
d-shlibmove --commit \
	    --multiarch \
	    --devunversioned \
	    --exclude-la \
	    --override s/libznz[0-9.]*-dev/libznz-dev/ \
	    --movedev debian/libnifti2-dev/usr/include/nifti/nifti1_io.h usr/include/nifti \
	    --movedev debian/libnifti2-dev/usr/include/nifti/nifti2_io.h usr/include/nifti \
	    debian/tmp/usr/lib/libniftiio*.so
Library package automatic movement utility
 --> libznz-dev package from same source package.
 --> zlib1g-dev package exists.
set -e
install -d -m 755 debian/libniftiio-dev/usr/lib/x86_64-linux-gnu
install -d -m 755 debian/libniftiio2/usr/lib/x86_64-linux-gnu
mv debian/tmp/usr/lib/libniftiio.a debian/libniftiio-dev/usr/lib/x86_64-linux-gnu
mv debian/tmp/usr/lib/libniftiio.so debian/libniftiio-dev/usr/lib/x86_64-linux-gnu
mv /<<PKGBUILDDIR>>/debian/tmp/usr/lib/libniftiio.so.2 debian/libniftiio2/usr/lib/x86_64-linux-gnu
mv /<<PKGBUILDDIR>>/debian/tmp/usr/lib/libniftiio.so.2.1.0 debian/libniftiio2/usr/lib/x86_64-linux-gnu
PKGDEV=libniftiio-dev
PKGSHL=libniftiio2
install -d -m 755 debian/libniftiio-dev/usr/include/nifti
mv debian/libnifti2-dev/usr/include/nifti/nifti1_io.h debian/libniftiio-dev/usr/include/nifti
install -d -m 755 debian/libniftiio-dev/usr/include/nifti
mv debian/libnifti2-dev/usr/include/nifti/nifti2_io.h debian/libniftiio-dev/usr/include/nifti
d-shlibmove --commit \
	    --multiarch \
	    --devunversioned \
	    --exclude-la \
	    --override s/libznz[0-9.]*-dev/libznz-dev/ \
	    --movedev debian/libnifti2-dev/usr/include/nifti/nifticdf.h usr/include/nifti \
	    debian/tmp/usr/lib/libnifticdf*.so
Library package automatic movement utility
devlibs error: There is no package matching [libniftiio2-dev] and noone provides it, please report bug to d-shlibs maintainer
 --> libznz-dev package from same source package.
 --> zlib1g-dev package exists.
make[1]: *** [debian/rules:71: override_dh_auto_install] Error 1
make[1]: Leaving directory '/<<PKGBUILDDIR>>'
make: *** [debian/rules:24: binary] Error 2
dpkg-buildpackage: error: debian/rules binary subprocess returned exit status 2
--------------------------------------------------------------------------------
Build finished at 2021-10-26T22:43:43Z

Finished
--------


+------------------------------------------------------------------------------+
| Cleanup                                                                      |
+------------------------------------------------------------------------------+

Purging /<<BUILDDIR>>
Not cleaning session: cloned chroot in use
E: Build failure (dpkg-buildpackage died)

+------------------------------------------------------------------------------+
| Summary                                                                      |
+------------------------------------------------------------------------------+

Build Architecture: amd64
Build Type: binary
Build-Space: 20312
Build-Time: 19
Distribution: unstable
Fail-Stage: build
Host Architecture: amd64
Install-Time: 23
Job: nifticlib_3.0.1-8
Machine Architecture: amd64
Package: nifticlib
Package-Time: 63
Source-Version: 3.0.1-8
Space: 20312
Status: attempted
Version: 3.0.1-8
--------------------------------------------------------------------------------
Finished at 2021-10-26T22:43:43Z
Build needed 00:01:03, 20312k disk space
E: Build failure (dpkg-buildpackage died)
DC-Status: Failed 63.961462236s
