DC-Build-Header: papi 6.0.0~dfsg-2 / 2021-10-26 22:56:19 +0000
DC-Task: type:rebuild-binarch-only source:papi version:6.0.0~dfsg-2 chroot:unstable esttime:80 logfile:/tmp/papi_6.0.0~dfsg-2_unstable_clang13.log modes:clang13:binarch-only
DC-Sbuild-call: su user42 -c 'sbuild -n --arch-any --apt-update -d unstable -v --no-run-lintian --chroot-setup-commands=/tmp/clang13 papi_6.0.0~dfsg-2'
sbuild (Debian sbuild) 0.78.1 (09 February 2019) on ip-172-31-7-189.eu-central-1.compute.internal

+==============================================================================+
| papi 6.0.0~dfsg-2 (amd64)                    Tue, 26 Oct 2021 22:56:19 +0000 |
+==============================================================================+

Package: papi
Version: 6.0.0~dfsg-2
Source Version: 6.0.0~dfsg-2
Distribution: unstable
Machine Architecture: amd64
Host Architecture: amd64
Build Architecture: amd64
Build Type: binary

I: NOTICE: Log filtering will replace 'var/run/schroot/mount/sid-amd64-sbuild-49ff029c-53d3-4d48-b33e-af7b2a1b363d' with '<<CHROOT>>'

+------------------------------------------------------------------------------+
| Chroot Setup Commands                                                        |
+------------------------------------------------------------------------------+


/tmp/clang13
------------

+ echo 'Entering customization script...'
Entering customization script...
+ CLANG_VERSION=13
+ echo 'Install of clang-13'
Install of clang-13
+ apt-get update
Get:1 http://127.0.0.1:12990/debian sid InRelease [165 kB]
Get:2 http://127.0.0.1:12990/debian sid/main Sources.diff/Index [63.6 kB]
Get:3 http://127.0.0.1:12990/debian sid/main amd64 Packages.diff/Index [63.6 kB]
Get:4 http://127.0.0.1:12990/debian sid/main Sources T-2021-10-26-2004.40-F-2021-10-26-0202.15.pdiff [47.3 kB]
Get:4 http://127.0.0.1:12990/debian sid/main Sources T-2021-10-26-2004.40-F-2021-10-26-0202.15.pdiff [47.3 kB]
Get:5 http://127.0.0.1:12990/debian sid/main amd64 Packages T-2021-10-26-2004.40-F-2021-10-26-0202.15.pdiff [55.9 kB]
Get:5 http://127.0.0.1:12990/debian sid/main amd64 Packages T-2021-10-26-2004.40-F-2021-10-26-0202.15.pdiff [55.9 kB]
Get:6 http://127.0.0.1:12990/debian sid/main Translation-en [6586 kB]
Fetched 6981 kB in 3s (2754 kB/s)
Reading package lists...
+ apt-get install --yes --no-install-recommends --force-yes clang-13 libomp-13-dev libobjc-9-dev
Reading package lists...
Building dependency tree...
The following additional packages will be installed:
  lib32gcc-s1 lib32stdc++6 libasan5 libbsd0 libc6-i386 libclang-common-13-dev
  libclang-cpp13 libclang1-13 libedit2 libgc1 libgcc-9-dev libicu67 libllvm13
  libmd0 libobjc-11-dev libobjc4 libomp5-13 libxml2 libz3-4
Suggested packages:
  clang-13-doc libomp-13-doc
Recommended packages:
  llvm-13-dev python3
The following NEW packages will be installed:
  clang-13 lib32gcc-s1 lib32stdc++6 libasan5 libbsd0 libc6-i386
  libclang-common-13-dev libclang-cpp13 libclang1-13 libedit2 libgc1
  libgcc-9-dev libicu67 libllvm13 libmd0 libobjc-11-dev libobjc-9-dev libobjc4
  libomp-13-dev libomp5-13 libxml2 libz3-4
0 upgraded, 22 newly installed, 0 to remove and 0 not upgraded.
Need to get 68.5 MB of archives.
After this operation, 379 MB of additional disk space will be used.
Get:1 http://127.0.0.1:12990/debian sid/main amd64 libmd0 amd64 1.0.4-1 [29.6 kB]
Get:2 http://127.0.0.1:12990/debian sid/main amd64 libbsd0 amd64 0.11.3-1 [108 kB]
Get:3 http://127.0.0.1:12990/debian sid/main amd64 libedit2 amd64 3.1-20210910-1 [97.5 kB]
Get:4 http://127.0.0.1:12990/debian sid/main amd64 libicu67 amd64 67.1-7 [8622 kB]
Get:5 http://127.0.0.1:12990/debian sid/main amd64 libxml2 amd64 2.9.12+dfsg-5 [696 kB]
Get:6 http://127.0.0.1:12990/debian sid/main amd64 libz3-4 amd64 4.8.12-1+b1 [6997 kB]
Get:7 http://127.0.0.1:12990/debian sid/main amd64 libllvm13 amd64 1:13.0.0-8 [19.7 MB]
Get:8 http://127.0.0.1:12990/debian sid/main amd64 libclang-cpp13 amd64 1:13.0.0-8 [10.5 MB]
Get:9 http://127.0.0.1:12990/debian sid/main amd64 libgc1 amd64 1:8.0.4-3 [239 kB]
Get:10 http://127.0.0.1:12990/debian sid/main amd64 libobjc4 amd64 11.2.0-10 [43.2 kB]
Get:11 http://127.0.0.1:12990/debian sid/main amd64 libobjc-11-dev amd64 11.2.0-10 [170 kB]
Get:12 http://127.0.0.1:12990/debian sid/main amd64 libc6-i386 amd64 2.32-4 [2624 kB]
Get:13 http://127.0.0.1:12990/debian sid/main amd64 lib32gcc-s1 amd64 11.2.0-10 [49.9 kB]
Get:14 http://127.0.0.1:12990/debian sid/main amd64 lib32stdc++6 amd64 11.2.0-10 [601 kB]
Get:15 http://127.0.0.1:12990/debian sid/main amd64 libclang-common-13-dev amd64 1:13.0.0-8 [5730 kB]
Get:16 http://127.0.0.1:12990/debian sid/main amd64 libclang1-13 amd64 1:13.0.0-8 [6093 kB]
Get:17 http://127.0.0.1:12990/debian sid/main amd64 clang-13 amd64 1:13.0.0-8 [119 kB]
Get:18 http://127.0.0.1:12990/debian sid/main amd64 libasan5 amd64 9.4.0-3 [2734 kB]
Get:19 http://127.0.0.1:12990/debian sid/main amd64 libgcc-9-dev amd64 9.4.0-3 [2343 kB]
Get:20 http://127.0.0.1:12990/debian sid/main amd64 libobjc-9-dev amd64 9.4.0-3 [219 kB]
Get:21 http://127.0.0.1:12990/debian sid/main amd64 libomp5-13 amd64 1:13.0.0-8 [377 kB]
Get:22 http://127.0.0.1:12990/debian sid/main amd64 libomp-13-dev amd64 1:13.0.0-8 [482 kB]
debconf: delaying package configuration, since apt-utils is not installed
Fetched 68.5 MB in 0s (156 MB/s)
Selecting previously unselected package libmd0:amd64.
(Reading database ... (Reading database ... 5%(Reading database ... 10%(Reading database ... 15%(Reading database ... 20%(Reading database ... 25%(Reading database ... 30%(Reading database ... 35%(Reading database ... 40%(Reading database ... 45%(Reading database ... 50%(Reading database ... 55%(Reading database ... 60%(Reading database ... 65%(Reading database ... 70%(Reading database ... 75%(Reading database ... 80%(Reading database ... 85%(Reading database ... 90%(Reading database ... 95%(Reading database ... 100%(Reading database ... 12431 files and directories currently installed.)
Preparing to unpack .../00-libmd0_1.0.4-1_amd64.deb ...
Unpacking libmd0:amd64 (1.0.4-1) ...
Selecting previously unselected package libbsd0:amd64.
Preparing to unpack .../01-libbsd0_0.11.3-1_amd64.deb ...
Unpacking libbsd0:amd64 (0.11.3-1) ...
Selecting previously unselected package libedit2:amd64.
Preparing to unpack .../02-libedit2_3.1-20210910-1_amd64.deb ...
Unpacking libedit2:amd64 (3.1-20210910-1) ...
Selecting previously unselected package libicu67:amd64.
Preparing to unpack .../03-libicu67_67.1-7_amd64.deb ...
Unpacking libicu67:amd64 (67.1-7) ...
Selecting previously unselected package libxml2:amd64.
Preparing to unpack .../04-libxml2_2.9.12+dfsg-5_amd64.deb ...
Unpacking libxml2:amd64 (2.9.12+dfsg-5) ...
Selecting previously unselected package libz3-4:amd64.
Preparing to unpack .../05-libz3-4_4.8.12-1+b1_amd64.deb ...
Unpacking libz3-4:amd64 (4.8.12-1+b1) ...
Selecting previously unselected package libllvm13:amd64.
Preparing to unpack .../06-libllvm13_1%3a13.0.0-8_amd64.deb ...
Unpacking libllvm13:amd64 (1:13.0.0-8) ...
Selecting previously unselected package libclang-cpp13.
Preparing to unpack .../07-libclang-cpp13_1%3a13.0.0-8_amd64.deb ...
Unpacking libclang-cpp13 (1:13.0.0-8) ...
Selecting previously unselected package libgc1:amd64.
Preparing to unpack .../08-libgc1_1%3a8.0.4-3_amd64.deb ...
Unpacking libgc1:amd64 (1:8.0.4-3) ...
Selecting previously unselected package libobjc4:amd64.
Preparing to unpack .../09-libobjc4_11.2.0-10_amd64.deb ...
Unpacking libobjc4:amd64 (11.2.0-10) ...
Selecting previously unselected package libobjc-11-dev:amd64.
Preparing to unpack .../10-libobjc-11-dev_11.2.0-10_amd64.deb ...
Unpacking libobjc-11-dev:amd64 (11.2.0-10) ...
Selecting previously unselected package libc6-i386.
Preparing to unpack .../11-libc6-i386_2.32-4_amd64.deb ...
Unpacking libc6-i386 (2.32-4) ...
Selecting previously unselected package lib32gcc-s1.
Preparing to unpack .../12-lib32gcc-s1_11.2.0-10_amd64.deb ...
Unpacking lib32gcc-s1 (11.2.0-10) ...
Selecting previously unselected package lib32stdc++6.
Preparing to unpack .../13-lib32stdc++6_11.2.0-10_amd64.deb ...
Unpacking lib32stdc++6 (11.2.0-10) ...
Selecting previously unselected package libclang-common-13-dev.
Preparing to unpack .../14-libclang-common-13-dev_1%3a13.0.0-8_amd64.deb ...
Unpacking libclang-common-13-dev (1:13.0.0-8) ...
Selecting previously unselected package libclang1-13.
Preparing to unpack .../15-libclang1-13_1%3a13.0.0-8_amd64.deb ...
Unpacking libclang1-13 (1:13.0.0-8) ...
Selecting previously unselected package clang-13.
Preparing to unpack .../16-clang-13_1%3a13.0.0-8_amd64.deb ...
Unpacking clang-13 (1:13.0.0-8) ...
Selecting previously unselected package libasan5:amd64.
Preparing to unpack .../17-libasan5_9.4.0-3_amd64.deb ...
Unpacking libasan5:amd64 (9.4.0-3) ...
Selecting previously unselected package libgcc-9-dev:amd64.
Preparing to unpack .../18-libgcc-9-dev_9.4.0-3_amd64.deb ...
Unpacking libgcc-9-dev:amd64 (9.4.0-3) ...
Selecting previously unselected package libobjc-9-dev:amd64.
Preparing to unpack .../19-libobjc-9-dev_9.4.0-3_amd64.deb ...
Unpacking libobjc-9-dev:amd64 (9.4.0-3) ...
Selecting previously unselected package libomp5-13:amd64.
Preparing to unpack .../20-libomp5-13_1%3a13.0.0-8_amd64.deb ...
Unpacking libomp5-13:amd64 (1:13.0.0-8) ...
Selecting previously unselected package libomp-13-dev.
Preparing to unpack .../21-libomp-13-dev_1%3a13.0.0-8_amd64.deb ...
Unpacking libomp-13-dev (1:13.0.0-8) ...
Setting up libicu67:amd64 (67.1-7) ...
Setting up libasan5:amd64 (9.4.0-3) ...
Setting up libz3-4:amd64 (4.8.12-1+b1) ...
Setting up libgc1:amd64 (1:8.0.4-3) ...
Setting up libmd0:amd64 (1.0.4-1) ...
Setting up libc6-i386 (2.32-4) ...
Setting up libomp5-13:amd64 (1:13.0.0-8) ...
Setting up libbsd0:amd64 (0.11.3-1) ...
Setting up libxml2:amd64 (2.9.12+dfsg-5) ...
Setting up libedit2:amd64 (3.1-20210910-1) ...
Setting up libobjc4:amd64 (11.2.0-10) ...
Setting up libgcc-9-dev:amd64 (9.4.0-3) ...
Setting up lib32gcc-s1 (11.2.0-10) ...
Setting up lib32stdc++6 (11.2.0-10) ...
Setting up libllvm13:amd64 (1:13.0.0-8) ...
Setting up libobjc-9-dev:amd64 (9.4.0-3) ...
Setting up libclang-common-13-dev (1:13.0.0-8) ...
Setting up libomp-13-dev (1:13.0.0-8) ...
Setting up libobjc-11-dev:amd64 (11.2.0-10) ...
Setting up libclang1-13 (1:13.0.0-8) ...
Setting up libclang-cpp13 (1:13.0.0-8) ...
Setting up clang-13 (1:13.0.0-8) ...
Processing triggers for libc-bin (2.32-4) ...
W: --force-yes is deprecated, use one of the options starting with --allow instead.
+ echo 'Replace gcc, g++ & cpp by clang'
Replace gcc, g++ & cpp by clang
+ VERSIONS='4.6 4.7 4.8 4.9 5 6 7 8 9 10 11'
+ cd /usr/bin
+ for VERSION in $VERSIONS
+ rm -f g++-4.6 gcc-4.6 cpp-4.6 gcc
+ ln -s clang++-13 g++-4.6
+ ln -s clang-13 gcc-4.6
+ ln -s clang-13 cpp-4.6
+ ln -s clang-13 gcc
+ echo 'gcc-4.6 hold'
+ dpkg --set-selections
dpkg: warning: package not in status nor available database at line 1: gcc-4.6
dpkg: warning: found unknown packages; this might mean the available database
is outdated, and needs to be updated through a frontend method;
please see the FAQ <https://wiki.debian.org/Teams/Dpkg/FAQ>
+ echo 'g++-4.6 hold'
+ dpkg --set-selections
dpkg: warning: package not in status nor available database at line 1: g++-4.6
dpkg: warning: found unknown packages; this might mean the available database
is outdated, and needs to be updated through a frontend method;
please see the FAQ <https://wiki.debian.org/Teams/Dpkg/FAQ>
+ for VERSION in $VERSIONS
+ rm -f g++-4.7 gcc-4.7 cpp-4.7 gcc
+ ln -s clang++-13 g++-4.7
+ ln -s clang-13 gcc-4.7
+ ln -s clang-13 cpp-4.7
+ ln -s clang-13 gcc
+ echo 'gcc-4.7 hold'
+ dpkg --set-selections
dpkg: warning: package not in status nor available database at line 1: gcc-4.7
dpkg: warning: found unknown packages; this might mean the available database
is outdated, and needs to be updated through a frontend method;
please see the FAQ <https://wiki.debian.org/Teams/Dpkg/FAQ>
+ echo 'g++-4.7 hold'
+ dpkg --set-selections
dpkg: warning: package not in status nor available database at line 1: g++-4.7
dpkg: warning: found unknown packages; this might mean the available database
is outdated, and needs to be updated through a frontend method;
please see the FAQ <https://wiki.debian.org/Teams/Dpkg/FAQ>
+ for VERSION in $VERSIONS
+ rm -f g++-4.8 gcc-4.8 cpp-4.8 gcc
+ ln -s clang++-13 g++-4.8
+ ln -s clang-13 gcc-4.8
+ ln -s clang-13 cpp-4.8
+ ln -s clang-13 gcc
+ echo 'gcc-4.8 hold'
+ dpkg --set-selections
dpkg: warning: package not in status nor available database at line 1: gcc-4.8
dpkg: warning: found unknown packages; this might mean the available database
is outdated, and needs to be updated through a frontend method;
please see the FAQ <https://wiki.debian.org/Teams/Dpkg/FAQ>
+ echo 'g++-4.8 hold'
+ dpkg --set-selections
dpkg: warning: package not in status nor available database at line 1: g++-4.8
dpkg: warning: found unknown packages; this might mean the available database
is outdated, and needs to be updated through a frontend method;
please see the FAQ <https://wiki.debian.org/Teams/Dpkg/FAQ>
+ for VERSION in $VERSIONS
+ rm -f g++-4.9 gcc-4.9 cpp-4.9 gcc
+ ln -s clang++-13 g++-4.9
+ ln -s clang-13 gcc-4.9
+ ln -s clang-13 cpp-4.9
+ ln -s clang-13 gcc
+ echo 'gcc-4.9 hold'
+ dpkg --set-selections
dpkg: warning: package not in status nor available database at line 1: gcc-4.9
dpkg: warning: found unknown packages; this might mean the available database
is outdated, and needs to be updated through a frontend method;
please see the FAQ <https://wiki.debian.org/Teams/Dpkg/FAQ>
+ echo 'g++-4.9 hold'
+ dpkg --set-selections
dpkg: warning: package not in status nor available database at line 1: g++-4.9
dpkg: warning: found unknown packages; this might mean the available database
is outdated, and needs to be updated through a frontend method;
please see the FAQ <https://wiki.debian.org/Teams/Dpkg/FAQ>
+ for VERSION in $VERSIONS
+ rm -f g++-5 gcc-5 cpp-5 gcc
+ ln -s clang++-13 g++-5
+ ln -s clang-13 gcc-5
+ ln -s clang-13 cpp-5
+ ln -s clang-13 gcc
+ echo 'gcc-5 hold'
+ dpkg --set-selections
dpkg: warning: package not in status nor available database at line 1: gcc-5
dpkg: warning: found unknown packages; this might mean the available database
is outdated, and needs to be updated through a frontend method;
please see the FAQ <https://wiki.debian.org/Teams/Dpkg/FAQ>
+ echo 'g++-5 hold'
+ dpkg --set-selections
dpkg: warning: package not in status nor available database at line 1: g++-5
dpkg: warning: found unknown packages; this might mean the available database
is outdated, and needs to be updated through a frontend method;
please see the FAQ <https://wiki.debian.org/Teams/Dpkg/FAQ>
+ for VERSION in $VERSIONS
+ rm -f g++-6 gcc-6 cpp-6 gcc
+ ln -s clang++-13 g++-6
+ ln -s clang-13 gcc-6
+ ln -s clang-13 cpp-6
+ ln -s clang-13 gcc
+ echo 'gcc-6 hold'
+ dpkg --set-selections
dpkg: warning: package not in status nor available database at line 1: gcc-6
dpkg: warning: found unknown packages; this might mean the available database
is outdated, and needs to be updated through a frontend method;
please see the FAQ <https://wiki.debian.org/Teams/Dpkg/FAQ>
+ echo 'g++-6 hold'
+ dpkg --set-selections
dpkg: warning: package not in status nor available database at line 1: g++-6
dpkg: warning: found unknown packages; this might mean the available database
is outdated, and needs to be updated through a frontend method;
please see the FAQ <https://wiki.debian.org/Teams/Dpkg/FAQ>
+ for VERSION in $VERSIONS
+ rm -f g++-7 gcc-7 cpp-7 gcc
+ ln -s clang++-13 g++-7
+ ln -s clang-13 gcc-7
+ ln -s clang-13 cpp-7
+ ln -s clang-13 gcc
+ echo 'gcc-7 hold'
+ dpkg --set-selections
dpkg: warning: package not in status nor available database at line 1: gcc-7
dpkg: warning: found unknown packages; this might mean the available database
is outdated, and needs to be updated through a frontend method;
please see the FAQ <https://wiki.debian.org/Teams/Dpkg/FAQ>
+ echo 'g++-7 hold'
+ dpkg --set-selections
dpkg: warning: package not in status nor available database at line 1: g++-7
dpkg: warning: found unknown packages; this might mean the available database
is outdated, and needs to be updated through a frontend method;
please see the FAQ <https://wiki.debian.org/Teams/Dpkg/FAQ>
+ for VERSION in $VERSIONS
+ rm -f g++-8 gcc-8 cpp-8 gcc
+ ln -s clang++-13 g++-8
+ ln -s clang-13 gcc-8
+ ln -s clang-13 cpp-8
+ ln -s clang-13 gcc
+ echo 'gcc-8 hold'
+ dpkg --set-selections
dpkg: warning: package not in status nor available database at line 1: gcc-8
dpkg: warning: found unknown packages; this might mean the available database
is outdated, and needs to be updated through a frontend method;
please see the FAQ <https://wiki.debian.org/Teams/Dpkg/FAQ>
+ echo 'g++-8 hold'
+ dpkg --set-selections
dpkg: warning: package not in status nor available database at line 1: g++-8
dpkg: warning: found unknown packages; this might mean the available database
is outdated, and needs to be updated through a frontend method;
please see the FAQ <https://wiki.debian.org/Teams/Dpkg/FAQ>
+ for VERSION in $VERSIONS
+ rm -f g++-9 gcc-9 cpp-9 gcc
+ ln -s clang++-13 g++-9
+ ln -s clang-13 gcc-9
+ ln -s clang-13 cpp-9
+ ln -s clang-13 gcc
+ echo 'gcc-9 hold'
+ dpkg --set-selections
dpkg: warning: package not in status nor available database at line 1: gcc-9
dpkg: warning: found unknown packages; this might mean the available database
is outdated, and needs to be updated through a frontend method;
please see the FAQ <https://wiki.debian.org/Teams/Dpkg/FAQ>
+ echo 'g++-9 hold'
+ dpkg --set-selections
dpkg: warning: package not in status nor available database at line 1: g++-9
dpkg: warning: found unknown packages; this might mean the available database
is outdated, and needs to be updated through a frontend method;
please see the FAQ <https://wiki.debian.org/Teams/Dpkg/FAQ>
+ for VERSION in $VERSIONS
+ rm -f g++-10 gcc-10 cpp-10 gcc
+ ln -s clang++-13 g++-10
+ ln -s clang-13 gcc-10
+ ln -s clang-13 cpp-10
+ ln -s clang-13 gcc
+ echo 'gcc-10 hold'
+ dpkg --set-selections
dpkg: warning: package not in status nor available database at line 1: gcc-10
dpkg: warning: found unknown packages; this might mean the available database
is outdated, and needs to be updated through a frontend method;
please see the FAQ <https://wiki.debian.org/Teams/Dpkg/FAQ>
+ echo 'g++-10 hold'
+ dpkg --set-selections
dpkg: warning: package not in status nor available database at line 1: g++-10
dpkg: warning: found unknown packages; this might mean the available database
is outdated, and needs to be updated through a frontend method;
please see the FAQ <https://wiki.debian.org/Teams/Dpkg/FAQ>
+ for VERSION in $VERSIONS
+ rm -f g++-11 gcc-11 cpp-11 gcc
+ ln -s clang++-13 g++-11
+ ln -s clang-13 gcc-11
+ ln -s clang-13 cpp-11
+ ln -s clang-13 gcc
+ echo 'gcc-11 hold'
+ dpkg --set-selections
+ echo 'g++-11 hold'
+ dpkg --set-selections
+ cd -
/build/papi-z8fX17
+ echo 'Check if gcc, g++ & cpp are actually clang'
Check if gcc, g++ & cpp are actually clang
+ gcc --version
+ grep clang
+ cpp --version
+ grep clang
+ g++ --version
+ grep clang
+ cd /usr/bin/
+ rm -f clang++ clang
+ ln -s clang-13 clang++
+ ln -s clang-13 clang
+ clang++ --version
Debian clang version 13.0.0-8
Target: x86_64-pc-linux-gnu
Thread model: posix
InstalledDir: /usr/bin
+ clang --version
Debian clang version 13.0.0-8
Target: x86_64-pc-linux-gnu
Thread model: posix
InstalledDir: /usr/bin
+ cd -
/build/papi-z8fX17
+ apt install --yes --no-install-recommends --force-yes qt5-qmake

WARNING: apt does not have a stable CLI interface. Use with caution in scripts.

Reading package lists...
Building dependency tree...
Reading state information...
The following additional packages will be installed:
  qt5-qmake-bin qtchooser
The following NEW packages will be installed:
  qt5-qmake qt5-qmake-bin qtchooser
0 upgraded, 3 newly installed, 0 to remove and 0 not upgraded.
Need to get 1322 kB of archives.
After this operation, 4914 kB of additional disk space will be used.
Get:1 http://127.0.0.1:12990/debian sid/main amd64 qt5-qmake-bin amd64 5.15.2+dfsg-12 [1046 kB]
Get:2 http://127.0.0.1:12990/debian sid/main amd64 qtchooser amd64 66-2 [26.3 kB]
Get:3 http://127.0.0.1:12990/debian sid/main amd64 qt5-qmake amd64 5.15.2+dfsg-12 [249 kB]
debconf: delaying package configuration, since apt-utils is not installed
Fetched 1322 kB in 0s (21.2 MB/s)
Selecting previously unselected package qt5-qmake-bin.
(Reading database ... (Reading database ... 5%(Reading database ... 10%(Reading database ... 15%(Reading database ... 20%(Reading database ... 25%(Reading database ... 30%(Reading database ... 35%(Reading database ... 40%(Reading database ... 45%(Reading database ... 50%(Reading database ... 55%(Reading database ... 60%(Reading database ... 65%(Reading database ... 70%(Reading database ... 75%(Reading database ... 80%(Reading database ... 85%(Reading database ... 90%(Reading database ... 95%(Reading database ... 100%(Reading database ... 13528 files and directories currently installed.)
Preparing to unpack .../qt5-qmake-bin_5.15.2+dfsg-12_amd64.deb ...
Unpacking qt5-qmake-bin (5.15.2+dfsg-12) ...
Selecting previously unselected package qtchooser.
Preparing to unpack .../qtchooser_66-2_amd64.deb ...
Unpacking qtchooser (66-2) ...
Selecting previously unselected package qt5-qmake:amd64.
Preparing to unpack .../qt5-qmake_5.15.2+dfsg-12_amd64.deb ...
Unpacking qt5-qmake:amd64 (5.15.2+dfsg-12) ...
Setting up qt5-qmake-bin (5.15.2+dfsg-12) ...
Setting up qtchooser (66-2) ...
Setting up qt5-qmake:amd64 (5.15.2+dfsg-12) ...
W: --force-yes is deprecated, use one of the options starting with --allow instead.
+ cp /usr/lib/x86_64-linux-gnu/qt5/mkspecs/linux-clang/qmake.conf /usr/lib/x86_64-linux-gnu/qt5/mkspecs/linux-clang/qplatformdefs.h /usr/lib/x86_64-linux-gnu/qt5/mkspecs/linux-g++/
+ ls -al /usr/lib/x86_64-linux-gnu/qt5/mkspecs/linux-g++/
total 16
drwxr-xr-x  2 root root 4096 Oct 26 22:56 .
drwxr-xr-x 76 root root 4096 Oct 26 22:56 ..
-rw-r--r--  1 root root  276 Oct 26 22:56 qmake.conf
-rw-r--r--  1 root root 3218 Oct 26 22:56 qplatformdefs.h
+ cat /usr/lib/x86_64-linux-gnu/qt5/mkspecs/linux-g++/qmake.conf
#
# qmake configuration for linux-clang
#

MAKEFILE_GENERATOR = UNIX
CONFIG += incremental

QMAKE_INCREMENTAL_STYLE = sublib

include(../common/linux.conf)
include(../common/gcc-base-unix.conf)
include(../common/clang.conf)

QMAKE_LFLAGS += -ccc-gcc-name g++

load(qt_config)
+ export QMAKESPEC=/usr/lib/x86_64-linux-gnu/qt5/mkspecs/linux-clang/
+ QMAKESPEC=/usr/lib/x86_64-linux-gnu/qt5/mkspecs/linux-clang/
+ sed -i -e 's|compare_problem(2,|compare_problem(0,|g' /usr/bin/dpkg-gensymbols
+ sed -i -e 's|compare_problem(1,|compare_problem(0,|g' /usr/bin/dpkg-gensymbols
+ grep 'compare_problem(' /usr/bin/dpkg-gensymbols
        compare_problem(4, g_('new libraries appeared in the symbols file: %s'), "@libs");
        compare_problem(3, g_('some libraries disappeared in the symbols file: %s'), "@libs");
        compare_problem(0, g_('some new symbols appeared in the symbols file: %s'),
        compare_problem(0, g_('some symbols or patterns disappeared in the symbols file: %s'),

I: Finished running '/tmp/clang13'.

Finished processing commands.
--------------------------------------------------------------------------------
I: NOTICE: Log filtering will replace 'build/papi-z8fX17/resolver-jhYrLR' with '<<RESOLVERDIR>>'

+------------------------------------------------------------------------------+
| Update chroot                                                                |
+------------------------------------------------------------------------------+

Hit:1 http://127.0.0.1:12990/debian sid InRelease
Reading package lists...
Reading package lists...
Building dependency tree...
Reading state information...
Calculating upgrade...
0 upgraded, 0 newly installed, 0 to remove and 0 not upgraded.

+------------------------------------------------------------------------------+
| Fetch source files                                                           |
+------------------------------------------------------------------------------+


Check APT
---------

Checking available source versions...

Download source files with APT
------------------------------

Reading package lists...
NOTICE: 'papi' packaging is maintained in the 'Git' version control system at:
https://salsa.debian.org/hpc-team/papi.git
Please use:
git clone https://salsa.debian.org/hpc-team/papi.git
to retrieve the latest (possibly unreleased) updates to the package.
Need to get 1237 kB of source archives.
Get:1 http://127.0.0.1:12990/debian sid/main papi 6.0.0~dfsg-2 (dsc) [2200 B]
Get:2 http://127.0.0.1:12990/debian sid/main papi 6.0.0~dfsg-2 (tar) [1219 kB]
Get:3 http://127.0.0.1:12990/debian sid/main papi 6.0.0~dfsg-2 (diff) [16.1 kB]
Fetched 1237 kB in 0s (14.8 MB/s)
Download complete and in download only mode
I: NOTICE: Log filtering will replace 'build/papi-z8fX17/papi-6.0.0~dfsg' with '<<PKGBUILDDIR>>'
I: NOTICE: Log filtering will replace 'build/papi-z8fX17' with '<<BUILDDIR>>'

+------------------------------------------------------------------------------+
| Install package build dependencies                                           |
+------------------------------------------------------------------------------+


Setup apt archive
-----------------

Merged Build-Depends: debhelper-compat (= 12), dh-sequence-python3, libpfm4-dev (>= 4.10.1+git41), gfortran, build-essential, fakeroot
Filtered Build-Depends: debhelper-compat (= 12), dh-sequence-python3, libpfm4-dev (>= 4.10.1+git41), gfortran, build-essential, fakeroot
dpkg-deb: building package 'sbuild-build-depends-main-dummy' in '/<<RESOLVERDIR>>/apt_archive/sbuild-build-depends-main-dummy.deb'.
Ign:1 copy:/<<RESOLVERDIR>>/apt_archive ./ InRelease
Get:2 copy:/<<RESOLVERDIR>>/apt_archive ./ Release [957 B]
Ign:3 copy:/<<RESOLVERDIR>>/apt_archive ./ Release.gpg
Get:4 copy:/<<RESOLVERDIR>>/apt_archive ./ Sources [415 B]
Get:5 copy:/<<RESOLVERDIR>>/apt_archive ./ Packages [496 B]
Fetched 1868 B in 0s (182 kB/s)
Reading package lists...
Reading package lists...

Install main build dependencies (apt-based resolver)
----------------------------------------------------

Installing build dependencies
Reading package lists...
Building dependency tree...
Reading state information...
The following additional packages will be installed:
  autoconf automake autopoint autotools-dev bsdextrautils debhelper
  dh-autoreconf dh-python dh-strip-nondeterminism dwz file gettext
  gettext-base gfortran gfortran-11 groff-base intltool-debian
  libarchive-zip-perl libdebhelper-perl libelf1 libexpat1
  libfile-stripnondeterminism-perl libgfortran-11-dev libgfortran5
  libmagic-mgc libmagic1 libmpdec3 libncursesw6 libpfm4 libpfm4-dev
  libpipeline1 libpython3-stdlib libpython3.9-minimal libpython3.9-stdlib
  libreadline8 libsigsegv2 libsqlite3-0 libsub-override-perl libtool
  libuchardet0 m4 man-db media-types po-debconf python3 python3-distutils
  python3-lib2to3 python3-minimal python3.9 python3.9-minimal readline-common
  sensible-utils
Suggested packages:
  autoconf-archive gnu-standards autoconf-doc dh-make flit python3-toml
  gettext-doc libasprintf-dev libgettextpo-dev gfortran-multilib gfortran-doc
  gfortran-11-multilib gfortran-11-doc libcoarrays-dev groff libtool-doc
  gcj-jdk m4-doc apparmor less www-browser libmail-box-perl python3-doc
  python3-tk python3-venv python3.9-venv python3.9-doc binfmt-support
  readline-doc
Recommended packages:
  curl | wget | lynx libarchive-cpio-perl libgpm2 ca-certificates libltdl-dev
  libmail-sendmail-perl
The following NEW packages will be installed:
  autoconf automake autopoint autotools-dev bsdextrautils debhelper
  dh-autoreconf dh-python dh-strip-nondeterminism dwz file gettext
  gettext-base gfortran gfortran-11 groff-base intltool-debian
  libarchive-zip-perl libdebhelper-perl libelf1 libexpat1
  libfile-stripnondeterminism-perl libgfortran-11-dev libgfortran5
  libmagic-mgc libmagic1 libmpdec3 libncursesw6 libpfm4 libpfm4-dev
  libpipeline1 libpython3-stdlib libpython3.9-minimal libpython3.9-stdlib
  libreadline8 libsigsegv2 libsqlite3-0 libsub-override-perl libtool
  libuchardet0 m4 man-db media-types po-debconf python3 python3-distutils
  python3-lib2to3 python3-minimal python3.9 python3.9-minimal readline-common
  sbuild-build-depends-main-dummy sensible-utils
0 upgraded, 53 newly installed, 0 to remove and 0 not upgraded.
Need to get 68.1 MB of archives.
After this operation, 228 MB of additional disk space will be used.
Get:1 copy:/<<RESOLVERDIR>>/apt_archive ./ sbuild-build-depends-main-dummy 0.invalid.0 [924 B]
Get:2 http://127.0.0.1:12990/debian sid/main amd64 bsdextrautils amd64 2.37.2-4 [143 kB]
Get:3 http://127.0.0.1:12990/debian sid/main amd64 libuchardet0 amd64 0.0.7-1 [67.8 kB]
Get:4 http://127.0.0.1:12990/debian sid/main amd64 groff-base amd64 1.22.4-7 [935 kB]
Get:5 http://127.0.0.1:12990/debian sid/main amd64 libpipeline1 amd64 1.5.3-1 [34.3 kB]
Get:6 http://127.0.0.1:12990/debian sid/main amd64 man-db amd64 2.9.4-2 [1354 kB]
Get:7 http://127.0.0.1:12990/debian sid/main amd64 libpython3.9-minimal amd64 3.9.7-4 [804 kB]
Get:8 http://127.0.0.1:12990/debian sid/main amd64 libexpat1 amd64 2.4.1-3 [104 kB]
Get:9 http://127.0.0.1:12990/debian sid/main amd64 python3.9-minimal amd64 3.9.7-4 [1963 kB]
Get:10 http://127.0.0.1:12990/debian sid/main amd64 python3-minimal amd64 3.9.2-3 [38.2 kB]
Get:11 http://127.0.0.1:12990/debian sid/main amd64 media-types all 4.0.0 [30.3 kB]
Get:12 http://127.0.0.1:12990/debian sid/main amd64 libmpdec3 amd64 2.5.1-2 [87.8 kB]
Get:13 http://127.0.0.1:12990/debian sid/main amd64 libncursesw6 amd64 6.2+20210905-1 [133 kB]
Get:14 http://127.0.0.1:12990/debian sid/main amd64 readline-common all 8.1-2 [73.8 kB]
Get:15 http://127.0.0.1:12990/debian sid/main amd64 libreadline8 amd64 8.1-2 [168 kB]
Get:16 http://127.0.0.1:12990/debian sid/main amd64 libsqlite3-0 amd64 3.36.0-2 [815 kB]
Get:17 http://127.0.0.1:12990/debian sid/main amd64 libpython3.9-stdlib amd64 3.9.7-4 [1688 kB]
Get:18 http://127.0.0.1:12990/debian sid/main amd64 python3.9 amd64 3.9.7-4 [480 kB]
Get:19 http://127.0.0.1:12990/debian sid/main amd64 libpython3-stdlib amd64 3.9.2-3 [21.4 kB]
Get:20 http://127.0.0.1:12990/debian sid/main amd64 python3 amd64 3.9.2-3 [37.9 kB]
Get:21 http://127.0.0.1:12990/debian sid/main amd64 sensible-utils all 0.0.17 [21.5 kB]
Get:22 http://127.0.0.1:12990/debian sid/main amd64 libmagic-mgc amd64 1:5.39-3 [273 kB]
Get:23 http://127.0.0.1:12990/debian sid/main amd64 libmagic1 amd64 1:5.39-3 [126 kB]
Get:24 http://127.0.0.1:12990/debian sid/main amd64 file amd64 1:5.39-3 [69.1 kB]
Get:25 http://127.0.0.1:12990/debian sid/main amd64 gettext-base amd64 0.21-4 [175 kB]
Get:26 http://127.0.0.1:12990/debian sid/main amd64 libsigsegv2 amd64 2.13-1 [34.8 kB]
Get:27 http://127.0.0.1:12990/debian sid/main amd64 m4 amd64 1.4.18-5 [204 kB]
Get:28 http://127.0.0.1:12990/debian sid/main amd64 autoconf all 2.71-2 [343 kB]
Get:29 http://127.0.0.1:12990/debian sid/main amd64 autotools-dev all 20180224.1+nmu1 [77.1 kB]
Get:30 http://127.0.0.1:12990/debian sid/main amd64 automake all 1:1.16.5-1 [823 kB]
Get:31 http://127.0.0.1:12990/debian sid/main amd64 autopoint all 0.21-4 [510 kB]
Get:32 http://127.0.0.1:12990/debian sid/main amd64 libdebhelper-perl all 13.5.2 [192 kB]
Get:33 http://127.0.0.1:12990/debian sid/main amd64 libtool all 2.4.6-15 [513 kB]
Get:34 http://127.0.0.1:12990/debian sid/main amd64 dh-autoreconf all 20 [17.1 kB]
Get:35 http://127.0.0.1:12990/debian sid/main amd64 libarchive-zip-perl all 1.68-1 [104 kB]
Get:36 http://127.0.0.1:12990/debian sid/main amd64 libsub-override-perl all 0.09-2 [10.2 kB]
Get:37 http://127.0.0.1:12990/debian sid/main amd64 libfile-stripnondeterminism-perl all 1.12.0-2 [26.3 kB]
Get:38 http://127.0.0.1:12990/debian sid/main amd64 dh-strip-nondeterminism all 1.12.0-2 [15.5 kB]
Get:39 http://127.0.0.1:12990/debian sid/main amd64 libelf1 amd64 0.185-2 [172 kB]
Get:40 http://127.0.0.1:12990/debian sid/main amd64 dwz amd64 0.14-1 [98.3 kB]
Get:41 http://127.0.0.1:12990/debian sid/main amd64 gettext amd64 0.21-4 [1311 kB]
Get:42 http://127.0.0.1:12990/debian sid/main amd64 intltool-debian all 0.35.0+20060710.5 [26.8 kB]
Get:43 http://127.0.0.1:12990/debian sid/main amd64 po-debconf all 1.0.21+nmu1 [248 kB]
Get:44 http://127.0.0.1:12990/debian sid/main amd64 debhelper all 13.5.2 [1056 kB]
Get:45 http://127.0.0.1:12990/debian sid/main amd64 python3-lib2to3 all 3.9.7-1 [79.4 kB]
Get:46 http://127.0.0.1:12990/debian sid/main amd64 python3-distutils all 3.9.7-1 [146 kB]
Get:47 http://127.0.0.1:12990/debian sid/main amd64 dh-python all 5.20211022.1 [103 kB]
Get:48 http://127.0.0.1:12990/debian sid/main amd64 libgfortran5 amd64 11.2.0-10 [710 kB]
Get:49 http://127.0.0.1:12990/debian sid/main amd64 libgfortran-11-dev amd64 11.2.0-10 [749 kB]
Get:50 http://127.0.0.1:12990/debian sid/main amd64 gfortran-11 amd64 11.2.0-10 [50.2 MB]
Get:51 http://127.0.0.1:12990/debian sid/main amd64 gfortran amd64 4:11.2.0-2 [1428 B]
Get:52 http://127.0.0.1:12990/debian sid/main amd64 libpfm4 amd64 4.11.1+git32-gd0b85fb-1 [286 kB]
Get:53 http://127.0.0.1:12990/debian sid/main amd64 libpfm4-dev amd64 4.11.1+git32-gd0b85fb-1 [427 kB]
debconf: delaying package configuration, since apt-utils is not installed
Fetched 68.1 MB in 0s (141 MB/s)
Selecting previously unselected package bsdextrautils.
(Reading database ... 14273 files and directories currently installed.)
Preparing to unpack .../0-bsdextrautils_2.37.2-4_amd64.deb ...
Unpacking bsdextrautils (2.37.2-4) ...
Selecting previously unselected package libuchardet0:amd64.
Preparing to unpack .../1-libuchardet0_0.0.7-1_amd64.deb ...
Unpacking libuchardet0:amd64 (0.0.7-1) ...
Selecting previously unselected package groff-base.
Preparing to unpack .../2-groff-base_1.22.4-7_amd64.deb ...
Unpacking groff-base (1.22.4-7) ...
Selecting previously unselected package libpipeline1:amd64.
Preparing to unpack .../3-libpipeline1_1.5.3-1_amd64.deb ...
Unpacking libpipeline1:amd64 (1.5.3-1) ...
Selecting previously unselected package man-db.
Preparing to unpack .../4-man-db_2.9.4-2_amd64.deb ...
Unpacking man-db (2.9.4-2) ...
Selecting previously unselected package libpython3.9-minimal:amd64.
Preparing to unpack .../5-libpython3.9-minimal_3.9.7-4_amd64.deb ...
Unpacking libpython3.9-minimal:amd64 (3.9.7-4) ...
Selecting previously unselected package libexpat1:amd64.
Preparing to unpack .../6-libexpat1_2.4.1-3_amd64.deb ...
Unpacking libexpat1:amd64 (2.4.1-3) ...
Selecting previously unselected package python3.9-minimal.
Preparing to unpack .../7-python3.9-minimal_3.9.7-4_amd64.deb ...
Unpacking python3.9-minimal (3.9.7-4) ...
Setting up libpython3.9-minimal:amd64 (3.9.7-4) ...
Setting up libexpat1:amd64 (2.4.1-3) ...
Setting up python3.9-minimal (3.9.7-4) ...
Selecting previously unselected package python3-minimal.
(Reading database ... 15140 files and directories currently installed.)
Preparing to unpack .../0-python3-minimal_3.9.2-3_amd64.deb ...
Unpacking python3-minimal (3.9.2-3) ...
Selecting previously unselected package media-types.
Preparing to unpack .../1-media-types_4.0.0_all.deb ...
Unpacking media-types (4.0.0) ...
Selecting previously unselected package libmpdec3:amd64.
Preparing to unpack .../2-libmpdec3_2.5.1-2_amd64.deb ...
Unpacking libmpdec3:amd64 (2.5.1-2) ...
Selecting previously unselected package libncursesw6:amd64.
Preparing to unpack .../3-libncursesw6_6.2+20210905-1_amd64.deb ...
Unpacking libncursesw6:amd64 (6.2+20210905-1) ...
Selecting previously unselected package readline-common.
Preparing to unpack .../4-readline-common_8.1-2_all.deb ...
Unpacking readline-common (8.1-2) ...
Selecting previously unselected package libreadline8:amd64.
Preparing to unpack .../5-libreadline8_8.1-2_amd64.deb ...
Unpacking libreadline8:amd64 (8.1-2) ...
Selecting previously unselected package libsqlite3-0:amd64.
Preparing to unpack .../6-libsqlite3-0_3.36.0-2_amd64.deb ...
Unpacking libsqlite3-0:amd64 (3.36.0-2) ...
Selecting previously unselected package libpython3.9-stdlib:amd64.
Preparing to unpack .../7-libpython3.9-stdlib_3.9.7-4_amd64.deb ...
Unpacking libpython3.9-stdlib:amd64 (3.9.7-4) ...
Selecting previously unselected package python3.9.
Preparing to unpack .../8-python3.9_3.9.7-4_amd64.deb ...
Unpacking python3.9 (3.9.7-4) ...
Selecting previously unselected package libpython3-stdlib:amd64.
Preparing to unpack .../9-libpython3-stdlib_3.9.2-3_amd64.deb ...
Unpacking libpython3-stdlib:amd64 (3.9.2-3) ...
Setting up python3-minimal (3.9.2-3) ...
Selecting previously unselected package python3.
(Reading database ... 15579 files and directories currently installed.)
Preparing to unpack .../00-python3_3.9.2-3_amd64.deb ...
Unpacking python3 (3.9.2-3) ...
Selecting previously unselected package sensible-utils.
Preparing to unpack .../01-sensible-utils_0.0.17_all.deb ...
Unpacking sensible-utils (0.0.17) ...
Selecting previously unselected package libmagic-mgc.
Preparing to unpack .../02-libmagic-mgc_1%3a5.39-3_amd64.deb ...
Unpacking libmagic-mgc (1:5.39-3) ...
Selecting previously unselected package libmagic1:amd64.
Preparing to unpack .../03-libmagic1_1%3a5.39-3_amd64.deb ...
Unpacking libmagic1:amd64 (1:5.39-3) ...
Selecting previously unselected package file.
Preparing to unpack .../04-file_1%3a5.39-3_amd64.deb ...
Unpacking file (1:5.39-3) ...
Selecting previously unselected package gettext-base.
Preparing to unpack .../05-gettext-base_0.21-4_amd64.deb ...
Unpacking gettext-base (0.21-4) ...
Selecting previously unselected package libsigsegv2:amd64.
Preparing to unpack .../06-libsigsegv2_2.13-1_amd64.deb ...
Unpacking libsigsegv2:amd64 (2.13-1) ...
Selecting previously unselected package m4.
Preparing to unpack .../07-m4_1.4.18-5_amd64.deb ...
Unpacking m4 (1.4.18-5) ...
Selecting previously unselected package autoconf.
Preparing to unpack .../08-autoconf_2.71-2_all.deb ...
Unpacking autoconf (2.71-2) ...
Selecting previously unselected package autotools-dev.
Preparing to unpack .../09-autotools-dev_20180224.1+nmu1_all.deb ...
Unpacking autotools-dev (20180224.1+nmu1) ...
Selecting previously unselected package automake.
Preparing to unpack .../10-automake_1%3a1.16.5-1_all.deb ...
Unpacking automake (1:1.16.5-1) ...
Selecting previously unselected package autopoint.
Preparing to unpack .../11-autopoint_0.21-4_all.deb ...
Unpacking autopoint (0.21-4) ...
Selecting previously unselected package libdebhelper-perl.
Preparing to unpack .../12-libdebhelper-perl_13.5.2_all.deb ...
Unpacking libdebhelper-perl (13.5.2) ...
Selecting previously unselected package libtool.
Preparing to unpack .../13-libtool_2.4.6-15_all.deb ...
Unpacking libtool (2.4.6-15) ...
Selecting previously unselected package dh-autoreconf.
Preparing to unpack .../14-dh-autoreconf_20_all.deb ...
Unpacking dh-autoreconf (20) ...
Selecting previously unselected package libarchive-zip-perl.
Preparing to unpack .../15-libarchive-zip-perl_1.68-1_all.deb ...
Unpacking libarchive-zip-perl (1.68-1) ...
Selecting previously unselected package libsub-override-perl.
Preparing to unpack .../16-libsub-override-perl_0.09-2_all.deb ...
Unpacking libsub-override-perl (0.09-2) ...
Selecting previously unselected package libfile-stripnondeterminism-perl.
Preparing to unpack .../17-libfile-stripnondeterminism-perl_1.12.0-2_all.deb ...
Unpacking libfile-stripnondeterminism-perl (1.12.0-2) ...
Selecting previously unselected package dh-strip-nondeterminism.
Preparing to unpack .../18-dh-strip-nondeterminism_1.12.0-2_all.deb ...
Unpacking dh-strip-nondeterminism (1.12.0-2) ...
Selecting previously unselected package libelf1:amd64.
Preparing to unpack .../19-libelf1_0.185-2_amd64.deb ...
Unpacking libelf1:amd64 (0.185-2) ...
Selecting previously unselected package dwz.
Preparing to unpack .../20-dwz_0.14-1_amd64.deb ...
Unpacking dwz (0.14-1) ...
Selecting previously unselected package gettext.
Preparing to unpack .../21-gettext_0.21-4_amd64.deb ...
Unpacking gettext (0.21-4) ...
Selecting previously unselected package intltool-debian.
Preparing to unpack .../22-intltool-debian_0.35.0+20060710.5_all.deb ...
Unpacking intltool-debian (0.35.0+20060710.5) ...
Selecting previously unselected package po-debconf.
Preparing to unpack .../23-po-debconf_1.0.21+nmu1_all.deb ...
Unpacking po-debconf (1.0.21+nmu1) ...
Selecting previously unselected package debhelper.
Preparing to unpack .../24-debhelper_13.5.2_all.deb ...
Unpacking debhelper (13.5.2) ...
Selecting previously unselected package python3-lib2to3.
Preparing to unpack .../25-python3-lib2to3_3.9.7-1_all.deb ...
Unpacking python3-lib2to3 (3.9.7-1) ...
Selecting previously unselected package python3-distutils.
Preparing to unpack .../26-python3-distutils_3.9.7-1_all.deb ...
Unpacking python3-distutils (3.9.7-1) ...
Selecting previously unselected package dh-python.
Preparing to unpack .../27-dh-python_5.20211022.1_all.deb ...
Unpacking dh-python (5.20211022.1) ...
Selecting previously unselected package libgfortran5:amd64.
Preparing to unpack .../28-libgfortran5_11.2.0-10_amd64.deb ...
Unpacking libgfortran5:amd64 (11.2.0-10) ...
Selecting previously unselected package libgfortran-11-dev:amd64.
Preparing to unpack .../29-libgfortran-11-dev_11.2.0-10_amd64.deb ...
Unpacking libgfortran-11-dev:amd64 (11.2.0-10) ...
Selecting previously unselected package gfortran-11.
Preparing to unpack .../30-gfortran-11_11.2.0-10_amd64.deb ...
Unpacking gfortran-11 (11.2.0-10) ...
Selecting previously unselected package gfortran.
Preparing to unpack .../31-gfortran_4%3a11.2.0-2_amd64.deb ...
Unpacking gfortran (4:11.2.0-2) ...
Selecting previously unselected package libpfm4:amd64.
Preparing to unpack .../32-libpfm4_4.11.1+git32-gd0b85fb-1_amd64.deb ...
Unpacking libpfm4:amd64 (4.11.1+git32-gd0b85fb-1) ...
Selecting previously unselected package libpfm4-dev:amd64.
Preparing to unpack .../33-libpfm4-dev_4.11.1+git32-gd0b85fb-1_amd64.deb ...
Unpacking libpfm4-dev:amd64 (4.11.1+git32-gd0b85fb-1) ...
Selecting previously unselected package sbuild-build-depends-main-dummy.
Preparing to unpack .../34-sbuild-build-depends-main-dummy_0.invalid.0_amd64.deb ...
Unpacking sbuild-build-depends-main-dummy (0.invalid.0) ...
Setting up media-types (4.0.0) ...
Setting up libpipeline1:amd64 (1.5.3-1) ...
Setting up bsdextrautils (2.37.2-4) ...
update-alternatives: using /usr/bin/write.ul to provide /usr/bin/write (write) in auto mode
Setting up libmagic-mgc (1:5.39-3) ...
Setting up libarchive-zip-perl (1.68-1) ...
Setting up libdebhelper-perl (13.5.2) ...
Setting up libsqlite3-0:amd64 (3.36.0-2) ...
Setting up libmagic1:amd64 (1:5.39-3) ...
Setting up gettext-base (0.21-4) ...
Setting up file (1:5.39-3) ...
Setting up autotools-dev (20180224.1+nmu1) ...
Setting up libpfm4:amd64 (4.11.1+git32-gd0b85fb-1) ...
Setting up libsigsegv2:amd64 (2.13-1) ...
Setting up autopoint (0.21-4) ...
Setting up libncursesw6:amd64 (6.2+20210905-1) ...
Setting up libgfortran5:amd64 (11.2.0-10) ...
Setting up sensible-utils (0.0.17) ...
Setting up libuchardet0:amd64 (0.0.7-1) ...
Setting up libmpdec3:amd64 (2.5.1-2) ...
Setting up libsub-override-perl (0.09-2) ...
Setting up libelf1:amd64 (0.185-2) ...
Setting up readline-common (8.1-2) ...
Setting up libfile-stripnondeterminism-perl (1.12.0-2) ...
Setting up gettext (0.21-4) ...
Setting up libtool (2.4.6-15) ...
Setting up libpfm4-dev:amd64 (4.11.1+git32-gd0b85fb-1) ...
Setting up libgfortran-11-dev:amd64 (11.2.0-10) ...
Setting up libreadline8:amd64 (8.1-2) ...
Setting up m4 (1.4.18-5) ...
Setting up intltool-debian (0.35.0+20060710.5) ...
Setting up gfortran-11 (11.2.0-10) ...
Setting up autoconf (2.71-2) ...
Setting up dh-strip-nondeterminism (1.12.0-2) ...
Setting up dwz (0.14-1) ...
Setting up groff-base (1.22.4-7) ...
Setting up libpython3.9-stdlib:amd64 (3.9.7-4) ...
Setting up libpython3-stdlib:amd64 (3.9.2-3) ...
Setting up automake (1:1.16.5-1) ...
update-alternatives: using /usr/bin/automake-1.16 to provide /usr/bin/automake (automake) in auto mode
Setting up po-debconf (1.0.21+nmu1) ...
Setting up man-db (2.9.4-2) ...
Not building database; man-db/auto-update is not 'true'.
Setting up gfortran (4:11.2.0-2) ...
update-alternatives: using /usr/bin/gfortran to provide /usr/bin/f95 (f95) in auto mode
update-alternatives: using /usr/bin/gfortran to provide /usr/bin/f77 (f77) in auto mode
Setting up dh-autoreconf (20) ...
Setting up python3.9 (3.9.7-4) ...
Setting up debhelper (13.5.2) ...
Setting up python3 (3.9.2-3) ...
Setting up python3-lib2to3 (3.9.7-1) ...
Setting up python3-distutils (3.9.7-1) ...
Setting up dh-python (5.20211022.1) ...
Setting up sbuild-build-depends-main-dummy (0.invalid.0) ...
Processing triggers for libc-bin (2.32-4) ...

+------------------------------------------------------------------------------+
| Check architectures                                                          |
+------------------------------------------------------------------------------+

Arch check ok (amd64 included in any all)

+------------------------------------------------------------------------------+
| Build environment                                                            |
+------------------------------------------------------------------------------+

Kernel: Linux 4.19.0-6-cloud-amd64 #1 SMP Debian 4.19.67-2+deb10u2 (2019-11-11) amd64 (x86_64)
Toolchain package versions: binutils_2.37-7 dpkg-dev_1.20.9 g++-11_11.2.0-10 gcc-11_11.2.0-10 libc6-dev_2.32-4 libstdc++-11-dev_11.2.0-10 libstdc++6_11.2.0-10 linux-libc-dev_5.14.12-1
Package versions: adduser_3.118 apt_2.3.11 autoconf_2.71-2 automake_1:1.16.5-1 autopoint_0.21-4 autotools-dev_20180224.1+nmu1 base-files_12 base-passwd_3.5.52 bash_5.1-3+b2 binutils_2.37-7 binutils-common_2.37-7 binutils-x86-64-linux-gnu_2.37-7 bsdextrautils_2.37.2-4 bsdutils_1:2.37.2-4 build-essential_12.9 bzip2_1.0.8-4 clang-13_1:13.0.0-8 coreutils_8.32-4+b1 cpp_4:11.2.0-2 cpp-11_11.2.0-10 dash_0.5.11+git20210120+802ebd4-2 debconf_1.5.78 debhelper_13.5.2 debian-archive-keyring_2021.1.1 debianutils_5.5-1 dh-autoreconf_20 dh-python_5.20211022.1 dh-strip-nondeterminism_1.12.0-2 diffutils_1:3.7-5 dpkg_1.20.9 dpkg-dev_1.20.9 dwz_0.14-1 e2fsprogs_1.46.4-1 fakeroot_1.26-1 file_1:5.39-3 findutils_4.8.0-1 g++_4:11.2.0-2 g++-11_11.2.0-10 gcc_4:11.2.0-2 gcc-10-base_10.3.0-11 gcc-11_11.2.0-10 gcc-11-base_11.2.0-10 gcc-9-base_9.4.0-3 gettext_0.21-4 gettext-base_0.21-4 gfortran_4:11.2.0-2 gfortran-11_11.2.0-10 gpgv_2.2.27-2 grep_3.7-1 groff-base_1.22.4-7 gzip_1.10-4 hostname_3.23 init-system-helpers_1.60 intltool-debian_0.35.0+20060710.5 lib32gcc-s1_11.2.0-10 lib32stdc++6_11.2.0-10 libacl1_2.3.1-1 libapt-pkg6.0_2.3.11 libarchive-zip-perl_1.68-1 libasan5_9.4.0-3 libasan6_11.2.0-10 libatomic1_11.2.0-10 libattr1_1:2.5.1-1 libaudit-common_1:3.0.6-1 libaudit1_1:3.0.6-1 libbinutils_2.37-7 libblkid1_2.37.2-4 libbsd0_0.11.3-1 libbz2-1.0_1.0.8-4 libc-bin_2.32-4 libc-dev-bin_2.32-4 libc6_2.32-4 libc6-dev_2.32-4 libc6-i386_2.32-4 libcap-ng0_0.7.9-2.2+b1 libcap2_1:2.44-1 libcc1-0_11.2.0-10 libclang-common-13-dev_1:13.0.0-8 libclang-cpp13_1:13.0.0-8 libclang1-13_1:13.0.0-8 libcom-err2_1.46.4-1 libcrypt-dev_1:4.4.25-2 libcrypt1_1:4.4.25-2 libctf-nobfd0_2.37-7 libctf0_2.37-7 libdb5.3_5.3.28+dfsg1-0.8 libdebconfclient0_0.260 libdebhelper-perl_13.5.2 libdpkg-perl_1.20.9 libedit2_3.1-20210910-1 libelf1_0.185-2 libexpat1_2.4.1-3 libext2fs2_1.46.4-1 libfakeroot_1.26-1 libffi8_3.4.2-3 libfile-stripnondeterminism-perl_1.12.0-2 libgc1_1:8.0.4-3 libgcc-11-dev_11.2.0-10 libgcc-9-dev_9.4.0-3 libgcc-s1_11.2.0-10 libgcrypt20_1.9.4-3+b1 libgdbm-compat4_1.22-1 libgdbm6_1.22-1 libgfortran-11-dev_11.2.0-10 libgfortran5_11.2.0-10 libgmp10_2:6.2.1+dfsg-2 libgnutls30_3.7.2-2 libgomp1_11.2.0-10 libgpg-error0_1.42-3 libgssapi-krb5-2_1.18.3-7 libhogweed6_3.7.3-1 libicu67_67.1-7 libidn2-0_2.3.2-2 libisl23_0.24-2 libitm1_11.2.0-10 libk5crypto3_1.18.3-7 libkeyutils1_1.6.1-2 libkrb5-3_1.18.3-7 libkrb5support0_1.18.3-7 libllvm13_1:13.0.0-8 liblsan0_11.2.0-10 liblz4-1_1.9.3-2 liblzma5_5.2.5-2 libmagic-mgc_1:5.39-3 libmagic1_1:5.39-3 libmd0_1.0.4-1 libmount1_2.37.2-4 libmpc3_1.2.1-1 libmpdec3_2.5.1-2 libmpfr6_4.1.0-3 libncursesw6_6.2+20210905-1 libnettle8_3.7.3-1 libnsl-dev_1.3.0-2 libnsl2_1.3.0-2 libobjc-11-dev_11.2.0-10 libobjc-9-dev_9.4.0-3 libobjc4_11.2.0-10 libomp-13-dev_1:13.0.0-8 libomp5-13_1:13.0.0-8 libp11-kit0_0.24.0-5 libpam-modules_1.4.0-10 libpam-modules-bin_1.4.0-10 libpam-runtime_1.4.0-10 libpam0g_1.4.0-10 libpcre2-8-0_10.36-2 libpcre3_2:8.39-13 libperl5.32_5.32.1-6 libpfm4_4.11.1+git32-gd0b85fb-1 libpfm4-dev_4.11.1+git32-gd0b85fb-1 libpipeline1_1.5.3-1 libpython3-stdlib_3.9.2-3 libpython3.9-minimal_3.9.7-4 libpython3.9-stdlib_3.9.7-4 libquadmath0_11.2.0-10 libreadline8_8.1-2 libseccomp2_2.5.2-2 libselinux1_3.1-3 libsemanage-common_3.1-1 libsemanage1_3.1-1+b2 libsepol1_3.1-1 libsigsegv2_2.13-1 libsmartcols1_2.37.2-4 libsqlite3-0_3.36.0-2 libss2_1.46.4-1 libssl1.1_1.1.1l-1 libstdc++-11-dev_11.2.0-10 libstdc++6_11.2.0-10 libsub-override-perl_0.09-2 libsystemd0_249.5-1 libtasn1-6_4.17.0-2 libtinfo6_6.2+20210905-1 libtirpc-common_1.3.2-2 libtirpc-dev_1.3.2-2 libtirpc3_1.3.2-2 libtool_2.4.6-15 libtsan0_11.2.0-10 libubsan1_11.2.0-10 libuchardet0_0.0.7-1 libudev1_249.5-1 libunistring2_0.9.10-6 libuuid1_2.37.2-4 libxml2_2.9.12+dfsg-5 libxxhash0_0.8.0-2 libz3-4_4.8.12-1+b1 libzstd1_1.4.8+dfsg-3 linux-libc-dev_5.14.12-1 login_1:4.8.1-1 logsave_1.46.4-1 lsb-base_11.1.0 m4_1.4.18-5 make_4.3-4.1 man-db_2.9.4-2 mawk_1.3.4.20200120-2 media-types_4.0.0 mount_2.37.2-4 ncurses-base_6.2+20210905-1 ncurses-bin_6.2+20210905-1 passwd_1:4.8.1-1 patch_2.7.6-7 perl_5.32.1-6 perl-base_5.32.1-6 perl-modules-5.32_5.32.1-6 po-debconf_1.0.21+nmu1 python3_3.9.2-3 python3-distutils_3.9.7-1 python3-lib2to3_3.9.7-1 python3-minimal_3.9.2-3 python3.9_3.9.7-4 python3.9-minimal_3.9.7-4 qt5-qmake_5.15.2+dfsg-12 qt5-qmake-bin_5.15.2+dfsg-12 qtchooser_66-2 readline-common_8.1-2 rpcsvc-proto_1.4.2-4 sbuild-build-depends-main-dummy_0.invalid.0 sed_4.8-1 sensible-utils_0.0.17 sysvinit-utils_3.00-1 tar_1.34+dfsg-1 tzdata_2021e-1 util-linux_2.37.2-4 xz-utils_5.2.5-2 zlib1g_1:1.2.11.dfsg-2

+------------------------------------------------------------------------------+
| Build                                                                        |
+------------------------------------------------------------------------------+


Unpack source
-------------

-----BEGIN PGP SIGNED MESSAGE-----
Hash: SHA256

Format: 3.0 (quilt)
Source: papi
Binary: libpapi6.0, libpapi-dev, papi-tools, papi-examples
Architecture: any all
Version: 6.0.0~dfsg-2
Maintainer: Debian HPC Team <debian-hpc@lists.debian.org>
Uploaders:  Vincent Danjean <vdanjean@debian.org>, Andreas Beckmann <anbe@debian.org>
Homepage: https://icl.utk.edu/papi/software/index.html
Standards-Version: 4.5.0
Vcs-Browser: https://salsa.debian.org/hpc-team/papi
Vcs-Git: https://salsa.debian.org/hpc-team/papi.git
Build-Depends: debhelper-compat (= 12), dh-sequence-python3, libpfm4-dev (>= 4.10.1+git41), gfortran
Package-List:
 libpapi-dev deb libdevel optional arch=any
 libpapi6.0 deb libs optional arch=any
 papi-examples deb devel optional arch=all
 papi-tools deb devel optional arch=any
Checksums-Sha1:
 fe86885d3bf8d0bddf2f9132fd6e27c79c9104ac 1219084 papi_6.0.0~dfsg.orig.tar.xz
 e5c6cee52ca70d7e67ececf6d8925d4e46b9f2e8 16064 papi_6.0.0~dfsg-2.debian.tar.xz
Checksums-Sha256:
 75f98f980c0826f18f28afc488de19708e0c618e8a9300fd6a4945ea86cc576e 1219084 papi_6.0.0~dfsg.orig.tar.xz
 fbd9d82ca47ba30e35be89d9df0f8306483c28e045603445c3b225c616d6519f 16064 papi_6.0.0~dfsg-2.debian.tar.xz
Files:
 e0f603b34c05ae0ae70c46e4d290e2fe 1219084 papi_6.0.0~dfsg.orig.tar.xz
 f974dcb9a8596a30ed10f7ebe3f1875c 16064 papi_6.0.0~dfsg-2.debian.tar.xz

-----BEGIN PGP SIGNATURE-----

iQJEBAEBCAAuFiEE6/MKMKjZxjvaRMaUX7M/k1np7QgFAl6I7QkQHGFuYmVAZGVi
aWFuLm9yZwAKCRBfsz+TWentCF0/D/94ZyddsrOqZiHcct886z04SvveZ8LauduL
BqzPyL/uRcReVpOohSZpvOqtoJ2VqfG++U/EFw4IxK0XTOvBL5JbkZ0geZqfAk5z
9vx7c5zhX3I9fxfwcSDRZTf395MqcVTMVDksAqkXsBoNJsiOcRKIJzmamYlvVcbA
F6uiBAHxeK5ObTRRmJ4CZSJJjGmIEcDq098TUvdFHY2nbUdgIrlc9V0X7rtoV3lF
d0hYuWsiSP085C5OxImKoX08qkLffZLKdajpqpxjryNixBgFXJiBSOovEyL0krwb
J7u97W/XQcVZcbRnq1ejx3xZioAj06+xxQCYaxIWp+3Mj/GfUl7IPlAhOQfzLRTD
RsQDEZDb1Ygp11vaMl36vdAC80mAEe0G9Eqjgbn4DHBV/LXusuDZY8Y8PV/mlapx
oxnLcDIsDHyBqfXTVOdJA/4UaCirN7uPsQpcQ+9W/TbAhJNulHuvB9se2s+e+wp3
PEDnLmVLC4l1Jv84fVMkR493PbwIXmRrFKPOGMwXM5BqHel1jM1Nhn6MYpNgEzES
PfdV5EMoX35dR6ra6Zbrmegx3ApkfExXWACoG7jfQ1z01xgQVO5f2Or7l6t9k4oK
fg3hxFZHaDMgVSAPhIvtTUW3Jo5s6xtDnWU1YoeEU6gk9FOr5vRBq2wJUuV7zsX2
izqIrn7NRQ==
=BaHS
-----END PGP SIGNATURE-----

gpgv: unknown type of key resource 'trustedkeys.kbx'
gpgv: keyblock resource '/tmp/dpkg-verify-sig.UMuFDXKm/trustedkeys.kbx': General error
gpgv: Signature made Sat Apr  4 20:24:41 2020 UTC
gpgv:                using RSA key EBF30A30A8D9C63BDA44C6945FB33F9359E9ED08
gpgv:                issuer "anbe@debian.org"
gpgv: Can't check signature: No public key
dpkg-source: warning: failed to verify signature on ./papi_6.0.0~dfsg-2.dsc
dpkg-source: info: extracting papi in /<<PKGBUILDDIR>>
dpkg-source: info: unpacking papi_6.0.0~dfsg.orig.tar.xz
dpkg-source: info: unpacking papi_6.0.0~dfsg-2.debian.tar.xz
dpkg-source: info: using patch list from debian/patches/series
dpkg-source: info: applying fix-typos.patch
dpkg-source: info: applying for-debian-no-rpath.patch
dpkg-source: info: applying for-debian-do-not-embed-libpfm4.patch
dpkg-source: info: applying for-debian-fix-hyphenation.patch
dpkg-source: info: applying do-not-ignore-failures.patch
dpkg-source: info: applying man-section.patch

Check disk space
----------------

Sufficient free space for build

User Environment
----------------

APT_CONFIG=/var/lib/sbuild/apt.conf
HOME=/sbuild-nonexistent
LANG=C.UTF-8
LC_ALL=C.UTF-8
LOGNAME=user42
PATH=/usr/local/sbin:/usr/local/bin:/usr/sbin:/usr/bin:/sbin:/bin:/usr/games
SCHROOT_ALIAS_NAME=unstable
SCHROOT_CHROOT_NAME=sid-amd64-sbuild
SCHROOT_COMMAND=env
SCHROOT_GID=1001
SCHROOT_GROUP=user42
SCHROOT_SESSION_ID=sid-amd64-sbuild-49ff029c-53d3-4d48-b33e-af7b2a1b363d
SCHROOT_UID=1001
SCHROOT_USER=user42
SHELL=/bin/sh
USER=user42

dpkg-buildpackage
-----------------

Command: dpkg-buildpackage -us -uc -b -rfakeroot
dpkg-buildpackage: info: source package papi
dpkg-buildpackage: info: source version 6.0.0~dfsg-2
dpkg-buildpackage: info: source distribution unstable
dpkg-buildpackage: info: source changed by Andreas Beckmann <anbe@debian.org>
 dpkg-source --before-build .
dpkg-buildpackage: info: host architecture amd64
 debian/rules clean
rm -f debian/libpapi6.0.README.Debian debian/libpapi6.0.docs debian/libpapi6.0.install debian/libpapi6.0.symbols
dh clean --sourcedirectory=src
   dh_auto_clean -O--sourcedirectory=src
   dh_autoreconf_clean -O--sourcedirectory=src
   dh_clean -O--sourcedirectory=src
 debian/rules binary
dh binary --sourcedirectory=src
   dh_update_autotools_config -O--sourcedirectory=src
   dh_autoreconf -O--sourcedirectory=src
autoreconf: warning: autoconf input should be named 'configure.ac', not 'configure.in'
aclocal: warning: autoconf input should be named 'configure.ac', not 'configure.in'
configure.in:11: warning: The macro `AC_CONFIG_HEADER' is obsolete.
configure.in:11: You should run autoupdate.
./lib/autoconf/status.m4:719: AC_CONFIG_HEADER is expanded from...
configure.in:11: the top level
configure.in:136: warning: The macro `AC_GNU_SOURCE' is obsolete.
configure.in:136: You should run autoupdate.
./lib/autoconf/specific.m4:312: AC_GNU_SOURCE is expanded from...
configure.in:136: the top level
configure.in:137: warning: The macro `AC_HEADER_STDC' is obsolete.
configure.in:137: You should run autoupdate.
./lib/autoconf/headers.m4:704: AC_HEADER_STDC is expanded from...
configure.in:137: the top level
configure.in:139: warning: The macro `AC_HEADER_TIME' is obsolete.
configure.in:139: You should run autoupdate.
./lib/autoconf/headers.m4:743: AC_HEADER_TIME is expanded from...
configure.in:139: the top level
configure.in:149: warning: The macro `AC_TRY_LINK' is obsolete.
configure.in:149: You should run autoupdate.
./lib/autoconf/general.m4:2920: AC_TRY_LINK is expanded from...
configure.in:149: the top level
configure.in:161: warning: The macro `AC_TRY_LINK' is obsolete.
configure.in:161: You should run autoupdate.
./lib/autoconf/general.m4:2920: AC_TRY_LINK is expanded from...
configure.in:161: the top level
configure.in:181: warning: The macro `AC_TRY_LINK' is obsolete.
configure.in:181: You should run autoupdate.
./lib/autoconf/general.m4:2920: AC_TRY_LINK is expanded from...
configure.in:181: the top level
configure.in:192: warning: The macro `AC_TRY_LINK' is obsolete.
configure.in:192: You should run autoupdate.
./lib/autoconf/general.m4:2920: AC_TRY_LINK is expanded from...
configure.in:192: the top level
configure.in:216: warning: The macro `AC_TRY_LINK' is obsolete.
configure.in:216: You should run autoupdate.
./lib/autoconf/general.m4:2920: AC_TRY_LINK is expanded from...
configure.in:216: the top level
configure.in:320: warning: The macro `AC_TRY_RUN' is obsolete.
configure.in:320: You should run autoupdate.
./lib/autoconf/general.m4:2997: AC_TRY_RUN is expanded from...
lib/m4sugar/m4sh.m4:699: AS_IF is expanded from...
./lib/autoconf/headers.m4:89: _AC_CHECK_HEADER_COMPILE is expanded from...
./lib/autoconf/headers.m4:56: AC_CHECK_HEADER is expanded from...
lib/m4sugar/m4sh.m4:692: _AS_IF_ELSE is expanded from...
lib/m4sugar/m4sh.m4:699: AS_IF is expanded from...
./lib/autoconf/general.m4:1553: AC_ARG_WITH is expanded from...
configure.in:320: the top level
configure.in:460: warning: The macro `AC_TRY_RUN' is obsolete.
configure.in:460: You should run autoupdate.
./lib/autoconf/general.m4:2997: AC_TRY_RUN is expanded from...
lib/m4sugar/m4sh.m4:692: _AS_IF_ELSE is expanded from...
lib/m4sugar/m4sh.m4:699: AS_IF is expanded from...
./lib/autoconf/general.m4:1553: AC_ARG_WITH is expanded from...
configure.in:460: the top level
configure.in:460: warning: The macro `AC_TRY_RUN' is obsolete.
configure.in:460: You should run autoupdate.
./lib/autoconf/general.m4:2997: AC_TRY_RUN is expanded from...
lib/m4sugar/m4sh.m4:692: _AS_IF_ELSE is expanded from...
lib/m4sugar/m4sh.m4:699: AS_IF is expanded from...
./lib/autoconf/general.m4:2962: _AC_RUN_IFELSE is expanded from...
lib/m4sugar/m4sh.m4:692: _AS_IF_ELSE is expanded from...
lib/m4sugar/m4sh.m4:699: AS_IF is expanded from...
./lib/autoconf/general.m4:2981: AC_RUN_IFELSE is expanded from...
./lib/autoconf/general.m4:2997: AC_TRY_RUN is expanded from...
lib/m4sugar/m4sh.m4:692: _AS_IF_ELSE is expanded from...
lib/m4sugar/m4sh.m4:699: AS_IF is expanded from...
./lib/autoconf/general.m4:1553: AC_ARG_WITH is expanded from...
configure.in:460: the top level
configure.in:460: warning: The macro `AC_TRY_RUN' is obsolete.
configure.in:460: You should run autoupdate.
./lib/autoconf/general.m4:2997: AC_TRY_RUN is expanded from...
lib/m4sugar/m4sh.m4:692: _AS_IF_ELSE is expanded from...
lib/m4sugar/m4sh.m4:699: AS_IF is expanded from...
./lib/autoconf/general.m4:2962: _AC_RUN_IFELSE is expanded from...
lib/m4sugar/m4sh.m4:692: _AS_IF_ELSE is expanded from...
lib/m4sugar/m4sh.m4:699: AS_IF is expanded from...
./lib/autoconf/general.m4:2981: AC_RUN_IFELSE is expanded from...
./lib/autoconf/general.m4:2997: AC_TRY_RUN is expanded from...
lib/m4sugar/m4sh.m4:692: _AS_IF_ELSE is expanded from...
lib/m4sugar/m4sh.m4:699: AS_IF is expanded from...
./lib/autoconf/general.m4:2962: _AC_RUN_IFELSE is expanded from...
lib/m4sugar/m4sh.m4:692: _AS_IF_ELSE is expanded from...
lib/m4sugar/m4sh.m4:699: AS_IF is expanded from...
./lib/autoconf/general.m4:2981: AC_RUN_IFELSE is expanded from...
./lib/autoconf/general.m4:2997: AC_TRY_RUN is expanded from...
lib/m4sugar/m4sh.m4:692: _AS_IF_ELSE is expanded from...
lib/m4sugar/m4sh.m4:699: AS_IF is expanded from...
./lib/autoconf/general.m4:1553: AC_ARG_WITH is expanded from...
configure.in:460: the top level
configure.in:558: warning: The macro `AC_TRY_RUN' is obsolete.
configure.in:558: You should run autoupdate.
./lib/autoconf/general.m4:2997: AC_TRY_RUN is expanded from...
lib/m4sugar/m4sh.m4:692: _AS_IF_ELSE is expanded from...
lib/m4sugar/m4sh.m4:699: AS_IF is expanded from...
./lib/autoconf/general.m4:1553: AC_ARG_WITH is expanded from...
configure.in:558: the top level
configure.in:618: warning: The macro `AC_TRY_RUN' is obsolete.
configure.in:618: You should run autoupdate.
./lib/autoconf/general.m4:2997: AC_TRY_RUN is expanded from...
lib/m4sugar/m4sh.m4:692: _AS_IF_ELSE is expanded from...
lib/m4sugar/m4sh.m4:699: AS_IF is expanded from...
./lib/autoconf/general.m4:1553: AC_ARG_WITH is expanded from...
configure.in:618: the top level
configure.in:618: warning: The macro `AC_TRY_RUN' is obsolete.
configure.in:618: You should run autoupdate.
./lib/autoconf/general.m4:2997: AC_TRY_RUN is expanded from...
lib/m4sugar/m4sh.m4:692: _AS_IF_ELSE is expanded from...
lib/m4sugar/m4sh.m4:699: AS_IF is expanded from...
./lib/autoconf/general.m4:2962: _AC_RUN_IFELSE is expanded from...
lib/m4sugar/m4sh.m4:692: _AS_IF_ELSE is expanded from...
lib/m4sugar/m4sh.m4:699: AS_IF is expanded from...
./lib/autoconf/general.m4:2981: AC_RUN_IFELSE is expanded from...
./lib/autoconf/general.m4:2997: AC_TRY_RUN is expanded from...
lib/m4sugar/m4sh.m4:692: _AS_IF_ELSE is expanded from...
lib/m4sugar/m4sh.m4:699: AS_IF is expanded from...
./lib/autoconf/general.m4:1553: AC_ARG_WITH is expanded from...
configure.in:618: the top level
configure.in:929: warning: The macro `AC_TRY_RUN' is obsolete.
configure.in:929: You should run autoupdate.
./lib/autoconf/general.m4:2997: AC_TRY_RUN is expanded from...
lib/m4sugar/m4sh.m4:699: AS_IF is expanded from...
./lib/autoconf/headers.m4:89: _AC_CHECK_HEADER_COMPILE is expanded from...
./lib/autoconf/headers.m4:56: AC_CHECK_HEADER is expanded from...
lib/m4sugar/m4sh.m4:651: AS_FOR is expanded from...
./lib/autoconf/headers.m4:217: AC_CHECK_HEADERS is expanded from...
lib/m4sugar/m4sh.m4:699: AS_IF is expanded from...
./lib/autoconf/libs.m4:100: AC_CHECK_LIB is expanded from...
configure.in:929: the top level
configure.in:1209: warning: The macro `AC_TRY_LINK' is obsolete.
configure.in:1209: You should run autoupdate.
./lib/autoconf/general.m4:2920: AC_TRY_LINK is expanded from...
configure.in:1209: the top level
configure.in:1216: warning: The macro `AC_TRY_RUN' is obsolete.
configure.in:1216: You should run autoupdate.
./lib/autoconf/general.m4:2997: AC_TRY_RUN is expanded from...
configure.in:1216: the top level
autoheader: warning: autoconf input should be named 'configure.ac', not 'configure.in'
   debian/rules override_dh_auto_configure
make[1]: Entering directory '/<<PKGBUILDDIR>>'
sed 's/@SOVERSION@/6.0/g' debian/libpapiSOVERSION.README.Debian > debian/libpapi6.0.README.Debian
sed 's/@SOVERSION@/6.0/g' debian/libpapiSOVERSION.docs > debian/libpapi6.0.docs
sed 's/@SOVERSION@/6.0/g' debian/libpapiSOVERSION.install > debian/libpapi6.0.install
sed 's/@SOVERSION@/6.0/g' debian/libpapiSOVERSION.symbols > debian/libpapi6.0.symbols
dh_auto_configure --sourcedirectory=src -- \
	--with-static-lib=yes \
	--with-shared-lib=yes \
	--with-shlib-tools \
	--with-perf-events \
	--with-pfm-incdir=/usr/include \
	--with-pfm-libdir=/usr/lib/x86_64-linux-gnu \
	CC=cc
	cd src && ./configure --build=x86_64-linux-gnu --prefix=/usr --includedir=\${prefix}/include --mandir=\${prefix}/share/man --infodir=\${prefix}/share/info --sysconfdir=/etc --localstatedir=/var --disable-option-checking --disable-silent-rules --libdir=\${prefix}/lib/x86_64-linux-gnu --runstatedir=/run --disable-maintainer-mode --disable-dependency-tracking --with-static-lib=yes --with-shared-lib=yes --with-shlib-tools --with-perf-events --with-pfm-incdir=/usr/include --with-pfm-libdir=/usr/lib/x86_64-linux-gnu CC=cc
checking for architecture... x86_64
checking for OS... linux
checking for OS version... 4.19.0-6-cloud-amd64
checking for perf_event workaround level... autodetect
checking for if MIC should be used... no
checking whether the C compiler works... yes
checking for C compiler default output file name... a.out
checking for suffix of executables... 
checking whether we are cross compiling... no
checking for suffix of object files... o
checking whether the compiler supports GNU C... yes
checking whether cc accepts -g... yes
checking for cc option to enable C11 features... none needed
checking for xlf... no
checking for ifort... no
checking for gfortran... gfortran
checking whether the compiler supports GNU Fortran 77... yes
checking whether gfortran accepts -g... yes
checking for mpicc... no
checking for gawk... no
checking for mawk... mawk
checking how to run the C preprocessor... cc -E
checking whether ln -s works... yes
checking whether make sets $(MAKE)... yes
checking for ranlib... ranlib
checking for stdio.h... yes
checking for stdlib.h... yes
checking for string.h... yes
checking for inttypes.h... yes
checking for stdint.h... yes
checking for strings.h... yes
checking for sys/stat.h... yes
checking for sys/types.h... yes
checking for unistd.h... yes
checking for wchar.h... yes
checking for minix/config.h... no
checking for sys/time.h... yes
checking whether it is safe to define __EXTENSIONS__... yes
checking whether _XOPEN_SOURCE should be defined... no
checking for grep that handles long lines and -e... /bin/grep
checking for egrep... /bin/grep -E
checking for inline... inline
checking for sys/time.h... (cached) yes
checking for c_asm.h... no
checking for intrinsics.h... no
checking for mach/mach_time.h... no
checking for sched.h... yes
checking for gethrtime... no
checking for read_real_time... no
checking for time_base_to_time... no
checking for clock_gettime... yes
checking for mach_absolute_time... no
checking for sched_getcpu... yes
checking for timer_create and timer_*ettime symbols in base system... not found
checking for timer_create and timer_*ettime symbols in -lrt... found
checking for dlopen and dlerror symbols in base system... not found
checking for dlopen and dlerror symbols in -ldl... found
checking for debug build... 
checking for CPU type... x86
checking for ffsll... yes
checking for working gettid... yes
checking for working MMTIMER... no
checking for working CLOCK_REALTIME_HR POSIX 1b timer... no
checking for working CLOCK_REALTIME POSIX 1b timer... yes
checking for which real time clock to use... clock_realtime
checking for working __thread... yes
checking for high performance thread local storage... __thread
checking for working CLOCK_THREAD_CPUTIME_ID POSIX 1b timer... yes
checking for which virtual timer to use... clock_thread_cputime_id
checking for static user preset events... no
checking for static PAPI preset events... yes
checking for whether to build static library... yes
checking for whether to build shared library... yes
checking for static compile of tests and utilities... no
checking for linking with papi shared library of tests and utilities... yes
checking for /sys/class/perfctr... no
checking for /dev/perfctr... no
checking for /sys/kernel/perfmon/version... no
checking for /proc/perfmon... no
checking for /proc/sys/kernel/perf_event_paranoid... yes
checking for /usr/include/perfmon/perf_event.h... yes
checking for pfm_initialize in -lpfm... yes
checking for perfmon/pfmlib.h... yes
checking for pfm_get_event_description... no
checking for pfmlib_reg_t.reg_evt_idx... no
checking for pfmlib_output_param_t.pfp_pmd_count... no
checking for pfm_msg_t.type... no
checking platform... linux-pe
checking for components to build... perf_event perf_event_uncore
checking for PAPI event CSV filename to use... papi_events.csv
configure: Compiling genpapifdef with cc
configure: Generating fpapi.h
configure: Generating f77papi.h
configure: Generating f90papi.h
configure: Rules.pfm4_pe will be included in the generated Makefile
configure: creating ./config.status
config.status: creating Makefile
config.status: creating papi.pc
config.status: creating components/Makefile_comp_tests.target
config.status: creating testlib/Makefile.target
config.status: creating utils/Makefile.target
config.status: creating ctests/Makefile.target
config.status: creating ftests/Makefile.target
config.status: creating validation_tests/Makefile.target
config.status: creating config.h
# for reproducibility
sed -r -i '/^[CF]FLAGS/s/-fdebug-prefix-map=\S*\s*//' \
	src/ctests/Makefile.target \
	src/ftests/Makefile.target \
	src/testlib/Makefile.target \
	src/validation_tests/Makefile.target \
	src/components/Makefile_comp_tests.target
make[1]: Leaving directory '/<<PKGBUILDDIR>>'
   dh_auto_build -O--sourcedirectory=src
	cd src && make -j4
make[1]: Entering directory '/<<PKGBUILDDIR>>/src'
Host architecture   : Linux with perf_event kernel support and libpfm4
sh papi_events_table.sh papi_events.csv > papi_events_table.h
Host CPU component  : perf_event
cc -DPAPI_NO_MEMORY_MANAGEMENT -DSTATIC_PAPI_EVENTS_TABLE  -DUSE_PERFEVENT_RDPMC=1 -DPEINCLUDE=\"/usr/include/perfmon/perf_event.h\" -D_REENTRANT -D_GNU_SOURCE -DUSE_COMPILER_TLS -fvisibility=hidden -I. -g -O2 -ffile-prefix-map=/<<PKGBUILDDIR>>=. -fstack-protector-strong -Wformat -Werror=format-security -Wdate-time -D_FORTIFY_SOURCE=2 -g  -DOSLOCK=\"linux-lock.h\" -DOSCONTEXT=\"linux-context.h\" -O2 -c components/perf_event/perf_event.c -o perf_event.o 
cc -DPAPI_NO_MEMORY_MANAGEMENT -DSTATIC_PAPI_EVENTS_TABLE  -DUSE_PERFEVENT_RDPMC=1 -DPEINCLUDE=\"/usr/include/perfmon/perf_event.h\" -D_REENTRANT -D_GNU_SOURCE -DUSE_COMPILER_TLS -fvisibility=hidden -I. -g -O2 -ffile-prefix-map=/<<PKGBUILDDIR>>=. -fstack-protector-strong -Wformat -Werror=format-security -Wdate-time -D_FORTIFY_SOURCE=2 -g  -DOSLOCK=\"linux-lock.h\" -DOSCONTEXT=\"linux-context.h\" -O2 -c components/perf_event/pe_libpfm4_events.c -o pe_libpfm4_events.o 
Installation DESTDIR: 
Installation PREFIX : /usr
cc -DPAPI_NO_MEMORY_MANAGEMENT -DSTATIC_PAPI_EVENTS_TABLE  -DUSE_PERFEVENT_RDPMC=1 -DPEINCLUDE=\"/usr/include/perfmon/perf_event.h\" -D_REENTRANT -D_GNU_SOURCE -DUSE_COMPILER_TLS -fvisibility=hidden -I. -g -O2 -ffile-prefix-map=/<<PKGBUILDDIR>>=. -fstack-protector-strong -Wformat -Werror=format-security -Wdate-time -D_FORTIFY_SOURCE=2 -g  -DOSLOCK=\"linux-lock.h\" -DOSCONTEXT=\"linux-context.h\" -O2 -Icomponents/perf_event/ -c components/perf_event_uncore/perf_event_uncore.c -o perf_event_uncore.o 
Installation EPREFIX: /usr
Installation INCDIR : /usr/include
Installation LIBDIR : /usr/lib/x86_64-linux-gnu
Installation BINDIR : /usr/bin
Installation MANDIR : /usr/share/man
Installation DOCDIR : /usr/share/doc/papi
Installation DATADIR: /usr/share/papi

make -C testlib
make[2]: Entering directory '/<<PKGBUILDDIR>>/src/testlib'
cc -I. -I.. -g -O2 -ffile-prefix-map=/<<PKGBUILDDIR>>=. -fstack-protector-strong -Wformat -Werror=format-security -Wdate-time -D_FORTIFY_SOURCE=2 -g  -O1  -c test_utils.c
gfortran -I. -I.. -g -O2 -ffile-prefix-map=/<<PKGBUILDDIR>>=. -fstack-protector-strong -Wformat -Werror=format-security -Wdate-time -D_FORTIFY_SOURCE=2 -g   -g -O2 -ffile-prefix-map=/<<PKGBUILDDIR>>=. -fstack-protector-strong -Dlinux -ffixed-line-length-132  -c ftests_util.F
f951: Warning: command-line option -Wformat=1 is valid for C/C++/ObjC/ObjC++ but not for Fortran
f951: Warning: -Werror= argument -Werror=format-security is not valid for Fortran
cc -E -Wdate-time -D_FORTIFY_SOURCE=2 -I/usr/include -DFORTRANUNDERSCORE papi_fwrappers.c > papi_fwrappers_.c
cc -E -Wdate-time -D_FORTIFY_SOURCE=2 -I/usr/include -DFORTRANDOUBLEUNDERSCORE papi_fwrappers.c > papi_fwrappers__.c
cc -E -Wdate-time -D_FORTIFY_SOURCE=2 -I/usr/include -DFORTRANCAPS papi_fwrappers.c > upper_PAPI_FWRAPPERS.c
cc -DPAPI_NO_MEMORY_MANAGEMENT -DSTATIC_PAPI_EVENTS_TABLE  -DUSE_PERFEVENT_RDPMC=1 -DPEINCLUDE=\"/usr/include/perfmon/perf_event.h\" -D_REENTRANT -D_GNU_SOURCE -DUSE_COMPILER_TLS -fvisibility=hidden -I. -g -O2 -ffile-prefix-map=/<<PKGBUILDDIR>>=. -fstack-protector-strong -Wformat -Werror=format-security -Wdate-time -D_FORTIFY_SOURCE=2 -g  -DOSLOCK=\"linux-lock.h\" -DOSCONTEXT=\"linux-context.h\" -O2 -c x86_cpuid_info.c -o x86_cpuid_info.o
cc -DPAPI_NO_MEMORY_MANAGEMENT -DSTATIC_PAPI_EVENTS_TABLE  -DUSE_PERFEVENT_RDPMC=1 -DPEINCLUDE=\"/usr/include/perfmon/perf_event.h\" -D_REENTRANT -D_GNU_SOURCE -DUSE_COMPILER_TLS -fvisibility=hidden -I. -g -O2 -ffile-prefix-map=/<<PKGBUILDDIR>>=. -fstack-protector-strong -Wformat -Werror=format-security -Wdate-time -D_FORTIFY_SOURCE=2 -g  -DOSLOCK=\"linux-lock.h\" -DOSCONTEXT=\"linux-context.h\" -O2 -c papi_libpfm4_events.c -o papi_libpfm4_events.o
cc -I. -I.. -g -O2 -ffile-prefix-map=/<<PKGBUILDDIR>>=. -fstack-protector-strong -Wformat -Werror=format-security -Wdate-time -D_FORTIFY_SOURCE=2 -g  -O1 -O0 -c do_loops.c
cc -DPAPI_NO_MEMORY_MANAGEMENT -DSTATIC_PAPI_EVENTS_TABLE  -DUSE_PERFEVENT_RDPMC=1 -DPEINCLUDE=\"/usr/include/perfmon/perf_event.h\" -D_REENTRANT -D_GNU_SOURCE -DUSE_COMPILER_TLS -fvisibility=hidden -I. -g -O2 -ffile-prefix-map=/<<PKGBUILDDIR>>=. -fstack-protector-strong -Wformat -Werror=format-security -Wdate-time -D_FORTIFY_SOURCE=2 -g  -DOSLOCK=\"linux-lock.h\" -DOSCONTEXT=\"linux-context.h\" -O2 -c papi.c -o papi.o
cc -I. -I.. -g -O2 -ffile-prefix-map=/<<PKGBUILDDIR>>=. -fstack-protector-strong -Wformat -Werror=format-security -Wdate-time -D_FORTIFY_SOURCE=2 -g  -O1  -c clockcore.c
cc -DPAPI_NO_MEMORY_MANAGEMENT -DSTATIC_PAPI_EVENTS_TABLE  -DUSE_PERFEVENT_RDPMC=1 -DPEINCLUDE=\"/usr/include/perfmon/perf_event.h\" -D_REENTRANT -D_GNU_SOURCE -DUSE_COMPILER_TLS -fvisibility=hidden -I. -g -O2 -ffile-prefix-map=/<<PKGBUILDDIR>>=. -fstack-protector-strong -Wformat -Werror=format-security -Wdate-time -D_FORTIFY_SOURCE=2 -g  -DOSLOCK=\"linux-lock.h\" -DOSCONTEXT=\"linux-context.h\" -O2 -c papi_internal.c -o papi_internal.o
ar  rv libtestlib.a test_utils.o ftests_util.o
ar: creating libtestlib.a
a - test_utils.o
a - ftests_util.o
make[2]: Leaving directory '/<<PKGBUILDDIR>>/src/testlib'
cc -DPAPI_NO_MEMORY_MANAGEMENT -DSTATIC_PAPI_EVENTS_TABLE  -DUSE_PERFEVENT_RDPMC=1 -DPEINCLUDE=\"/usr/include/perfmon/perf_event.h\" -D_REENTRANT -D_GNU_SOURCE -DUSE_COMPILER_TLS -fvisibility=hidden -I. -g -O2 -ffile-prefix-map=/<<PKGBUILDDIR>>=. -fstack-protector-strong -Wformat -Werror=format-security -Wdate-time -D_FORTIFY_SOURCE=2 -g  -DOSLOCK=\"linux-lock.h\" -DOSCONTEXT=\"linux-context.h\" -O2 -c high-level/papi_hl.c -o papi_hl.o
cc -DPAPI_NO_MEMORY_MANAGEMENT -DSTATIC_PAPI_EVENTS_TABLE  -DUSE_PERFEVENT_RDPMC=1 -DPEINCLUDE=\"/usr/include/perfmon/perf_event.h\" -D_REENTRANT -D_GNU_SOURCE -DUSE_COMPILER_TLS -fvisibility=hidden -I. -g -O2 -ffile-prefix-map=/<<PKGBUILDDIR>>=. -fstack-protector-strong -Wformat -Werror=format-security -Wdate-time -D_FORTIFY_SOURCE=2 -g  -DOSLOCK=\"linux-lock.h\" -DOSCONTEXT=\"linux-context.h\" -O2 -c extras.c -o extras.o
cc -DPAPI_NO_MEMORY_MANAGEMENT -DSTATIC_PAPI_EVENTS_TABLE  -DUSE_PERFEVENT_RDPMC=1 -DPEINCLUDE=\"/usr/include/perfmon/perf_event.h\" -D_REENTRANT -D_GNU_SOURCE -DUSE_COMPILER_TLS -fvisibility=hidden -I. -g -O2 -ffile-prefix-map=/<<PKGBUILDDIR>>=. -fstack-protector-strong -Wformat -Werror=format-security -Wdate-time -D_FORTIFY_SOURCE=2 -g  -DOSLOCK=\"linux-lock.h\" -DOSCONTEXT=\"linux-context.h\" -O2 -c sw_multiplex.c -o sw_multiplex.o
cc -DPAPI_NO_MEMORY_MANAGEMENT -DSTATIC_PAPI_EVENTS_TABLE  -DUSE_PERFEVENT_RDPMC=1 -DPEINCLUDE=\"/usr/include/perfmon/perf_event.h\" -D_REENTRANT -D_GNU_SOURCE -DUSE_COMPILER_TLS -fvisibility=hidden -I. -g -O2 -ffile-prefix-map=/<<PKGBUILDDIR>>=. -fstack-protector-strong -Wformat -Werror=format-security -Wdate-time -D_FORTIFY_SOURCE=2 -g  -DOSLOCK=\"linux-lock.h\" -DOSCONTEXT=\"linux-context.h\" -O2 -c papi_fwrappers.c -o papi_fwrappers.o
cc -DPAPI_NO_MEMORY_MANAGEMENT -DSTATIC_PAPI_EVENTS_TABLE  -DUSE_PERFEVENT_RDPMC=1 -DPEINCLUDE=\"/usr/include/perfmon/perf_event.h\" -D_REENTRANT -D_GNU_SOURCE -DUSE_COMPILER_TLS -fvisibility=hidden -I. -g -O2 -ffile-prefix-map=/<<PKGBUILDDIR>>=. -fstack-protector-strong -Wformat -Werror=format-security -Wdate-time -D_FORTIFY_SOURCE=2 -g  -DOSLOCK=\"linux-lock.h\" -DOSCONTEXT=\"linux-context.h\" -O2 -c papi_fwrappers_.c -o papi_fwrappers_.o 
cc -DPAPI_NO_MEMORY_MANAGEMENT -DSTATIC_PAPI_EVENTS_TABLE  -DUSE_PERFEVENT_RDPMC=1 -DPEINCLUDE=\"/usr/include/perfmon/perf_event.h\" -D_REENTRANT -D_GNU_SOURCE -DUSE_COMPILER_TLS -fvisibility=hidden -I. -g -O2 -ffile-prefix-map=/<<PKGBUILDDIR>>=. -fstack-protector-strong -Wformat -Werror=format-security -Wdate-time -D_FORTIFY_SOURCE=2 -g  -DOSLOCK=\"linux-lock.h\" -DOSCONTEXT=\"linux-context.h\" -O2 -c papi_fwrappers__.c -o papi_fwrappers__.o
cc -DPAPI_NO_MEMORY_MANAGEMENT -DSTATIC_PAPI_EVENTS_TABLE  -DUSE_PERFEVENT_RDPMC=1 -DPEINCLUDE=\"/usr/include/perfmon/perf_event.h\" -D_REENTRANT -D_GNU_SOURCE -DUSE_COMPILER_TLS -fvisibility=hidden -I. -g -O2 -ffile-prefix-map=/<<PKGBUILDDIR>>=. -fstack-protector-strong -Wformat -Werror=format-security -Wdate-time -D_FORTIFY_SOURCE=2 -g  -DOSLOCK=\"linux-lock.h\" -DOSCONTEXT=\"linux-context.h\" -O2 -c upper_PAPI_FWRAPPERS.c -o upper_PAPI_FWRAPPERS.o
cc -DPAPI_NO_MEMORY_MANAGEMENT -DSTATIC_PAPI_EVENTS_TABLE  -DUSE_PERFEVENT_RDPMC=1 -DPEINCLUDE=\"/usr/include/perfmon/perf_event.h\" -D_REENTRANT -D_GNU_SOURCE -DUSE_COMPILER_TLS -fvisibility=hidden -I. -g -O2 -ffile-prefix-map=/<<PKGBUILDDIR>>=. -fstack-protector-strong -Wformat -Werror=format-security -Wdate-time -D_FORTIFY_SOURCE=2 -g  -DOSLOCK=\"linux-lock.h\" -DOSCONTEXT=\"linux-context.h\" -O2 -c threads.c -o threads.o
cc -DPAPI_NO_MEMORY_MANAGEMENT -DSTATIC_PAPI_EVENTS_TABLE  -DUSE_PERFEVENT_RDPMC=1 -DPEINCLUDE=\"/usr/include/perfmon/perf_event.h\" -D_REENTRANT -D_GNU_SOURCE -DUSE_COMPILER_TLS -fvisibility=hidden -I. -g -O2 -ffile-prefix-map=/<<PKGBUILDDIR>>=. -fstack-protector-strong -Wformat -Werror=format-security -Wdate-time -D_FORTIFY_SOURCE=2 -g  -DOSLOCK=\"linux-lock.h\" -DOSCONTEXT=\"linux-context.h\" -O2 -c cpus.c -o cpus.o
cc -DPAPI_NO_MEMORY_MANAGEMENT -DSTATIC_PAPI_EVENTS_TABLE  -DUSE_PERFEVENT_RDPMC=1 -DPEINCLUDE=\"/usr/include/perfmon/perf_event.h\" -D_REENTRANT -D_GNU_SOURCE -DUSE_COMPILER_TLS -fvisibility=hidden -I. -g -O2 -ffile-prefix-map=/<<PKGBUILDDIR>>=. -fstack-protector-strong -Wformat -Werror=format-security -Wdate-time -D_FORTIFY_SOURCE=2 -g  -DOSLOCK=\"linux-lock.h\" -DOSCONTEXT=\"linux-context.h\" -O2 -c linux-memory.c -o linux-memory.o
cc -DPAPI_NO_MEMORY_MANAGEMENT -DSTATIC_PAPI_EVENTS_TABLE  -DUSE_PERFEVENT_RDPMC=1 -DPEINCLUDE=\"/usr/include/perfmon/perf_event.h\" -D_REENTRANT -D_GNU_SOURCE -DUSE_COMPILER_TLS -fvisibility=hidden -I. -g -O2 -ffile-prefix-map=/<<PKGBUILDDIR>>=. -fstack-protector-strong -Wformat -Werror=format-security -Wdate-time -D_FORTIFY_SOURCE=2 -g  -DOSLOCK=\"linux-lock.h\" -DOSCONTEXT=\"linux-context.h\" -O2 -c linux-timer.c -o linux-timer.o
cc -DPAPI_NO_MEMORY_MANAGEMENT -DSTATIC_PAPI_EVENTS_TABLE  -DUSE_PERFEVENT_RDPMC=1 -DPEINCLUDE=\"/usr/include/perfmon/perf_event.h\" -D_REENTRANT -D_GNU_SOURCE -DUSE_COMPILER_TLS -fvisibility=hidden -I. -g -O2 -ffile-prefix-map=/<<PKGBUILDDIR>>=. -fstack-protector-strong -Wformat -Werror=format-security -Wdate-time -D_FORTIFY_SOURCE=2 -g  -DOSLOCK=\"linux-lock.h\" -DOSCONTEXT=\"linux-context.h\" -O2 -c linux-common.c -o linux-common.o
cc -DPAPI_NO_MEMORY_MANAGEMENT -DSTATIC_PAPI_EVENTS_TABLE  -DUSE_PERFEVENT_RDPMC=1 -DPEINCLUDE=\"/usr/include/perfmon/perf_event.h\" -D_REENTRANT -D_GNU_SOURCE -DUSE_COMPILER_TLS -fvisibility=hidden -I. -g -O2 -ffile-prefix-map=/<<PKGBUILDDIR>>=. -fstack-protector-strong -Wformat -Werror=format-security -Wdate-time -D_FORTIFY_SOURCE=2 -g  -DOSLOCK=\"linux-lock.h\" -DOSCONTEXT=\"linux-context.h\" -O2 -c papi_preset.c -o papi_preset.o
cc -DPAPI_NO_MEMORY_MANAGEMENT -DSTATIC_PAPI_EVENTS_TABLE  -DUSE_PERFEVENT_RDPMC=1 -DPEINCLUDE=\"/usr/include/perfmon/perf_event.h\" -D_REENTRANT -D_GNU_SOURCE -DUSE_COMPILER_TLS -fvisibility=hidden -I. -g -O2 -ffile-prefix-map=/<<PKGBUILDDIR>>=. -fstack-protector-strong -Wformat -Werror=format-security -Wdate-time -D_FORTIFY_SOURCE=2 -g  -DOSLOCK=\"linux-lock.h\" -DOSCONTEXT=\"linux-context.h\" -O2 -c papi_vector.c -o papi_vector.o
cc -DPAPI_NO_MEMORY_MANAGEMENT -DSTATIC_PAPI_EVENTS_TABLE  -DUSE_PERFEVENT_RDPMC=1 -DPEINCLUDE=\"/usr/include/perfmon/perf_event.h\" -D_REENTRANT -D_GNU_SOURCE -DUSE_COMPILER_TLS -fvisibility=hidden -I. -g -O2 -ffile-prefix-map=/<<PKGBUILDDIR>>=. -fstack-protector-strong -Wformat -Werror=format-security -Wdate-time -D_FORTIFY_SOURCE=2 -g  -DOSLOCK=\"linux-lock.h\" -DOSCONTEXT=\"linux-context.h\" -O2 -c papi_memory.c -o papi_memory.o
rm -f libpapi.so.6.0.0.0 libpapi.so libpapi.so.6.0
cc -fPIC -DPIC -shared -Wl,-soname -Wl,libpapi.so.6.0 -DPAPI_NO_MEMORY_MANAGEMENT -DSTATIC_PAPI_EVENTS_TABLE  -DUSE_PERFEVENT_RDPMC=1 -DPEINCLUDE=\"/usr/include/perfmon/perf_event.h\" -D_REENTRANT -D_GNU_SOURCE -DUSE_COMPILER_TLS -fvisibility=hidden -I. -g -O2 -ffile-prefix-map=/<<PKGBUILDDIR>>=. -fstack-protector-strong -Wformat -Werror=format-security -Wdate-time -D_FORTIFY_SOURCE=2 -g  -DOSLOCK=\"linux-lock.h\" -DOSCONTEXT=\"linux-context.h\" -O2 x86_cpuid_info.c papi_libpfm4_events.c papi.c papi_internal.c high-level/papi_hl.c extras.c sw_multiplex.c papi_fwrappers.c papi_fwrappers_.c papi_fwrappers__.c upper_PAPI_FWRAPPERS.c threads.c cpus.c linux-memory.c linux-timer.c linux-common.c  papi_preset.c papi_vector.c papi_memory.c components/perf_event/perf_event.c components/perf_event/pe_libpfm4_events.c components/perf_event_uncore/perf_event_uncore.c  -o libpapi.so.6.0.0.0 -Bdynamic -L/usr/lib/x86_64-linux-gnu -lpfm -Wl,-z,relro -Wl,-z,now
rm -f libpapi.a
ar  rv libpapi.a x86_cpuid_info.o papi_libpfm4_events.o papi.o papi_internal.o papi_hl.o extras.o sw_multiplex.o papi_fwrappers.o papi_fwrappers_.o papi_fwrappers__.o upper_PAPI_FWRAPPERS.o threads.o cpus.o linux-memory.o linux-timer.o linux-common.o  papi_preset.o papi_vector.o papi_memory.o perf_event.o pe_libpfm4_events.o perf_event_uncore.o
ar: creating libpapi.a
a - x86_cpuid_info.o
a - papi_libpfm4_events.o
a - papi.o
a - papi_internal.o
a - papi_hl.o
a - extras.o
a - sw_multiplex.o
a - papi_fwrappers.o
a - papi_fwrappers_.o
a - papi_fwrappers__.o
a - upper_PAPI_FWRAPPERS.o
a - threads.o
a - cpus.o
a - linux-memory.o
a - linux-timer.o
a - linux-common.o
a - papi_preset.o
a - papi_vector.o
a - papi_memory.o
a - perf_event.o
a - pe_libpfm4_events.o
a - perf_event_uncore.o
ln -sf libpapi.so.6.0.0.0 libpapi.so
ln -sf libpapi.so.6.0.0.0 libpapi.so.6.0
make -C utils
make -C validation_tests
make -C ftests
+ make -C components/perf_event/tests
make[2]: Entering directory '/<<PKGBUILDDIR>>/src/utils'
cc -g -O2 -ffile-prefix-map=/<<PKGBUILDDIR>>=. -fstack-protector-strong -Wformat -Werror=format-security -Wdate-time -D_FORTIFY_SOURCE=2 -g  -O2  -I../testlib -I.. -I. -c papi_avail.c
make[2]: Entering directory '/<<PKGBUILDDIR>>/src/validation_tests'
cc -g -O2 -ffile-prefix-map=/<<PKGBUILDDIR>>=. -fstack-protector-strong -Wformat -Werror=format-security -Wdate-time -D_FORTIFY_SOURCE=2 -g  -O2  -I../testlib -I.. -I. -c fp_validation_hl.c
make[2]: Entering directory '/<<PKGBUILDDIR>>/src/ftests'
gfortran -I../testlib -I. -I.. -g -O2 -ffile-prefix-map=/<<PKGBUILDDIR>>=. -fstack-protector-strong -Wformat -Werror=format-security -Wdate-time -D_FORTIFY_SOURCE=2 -g  -ffixed-line-length-132 -O1 strtest.F ../testlib/libtestlib.a ../libpapi.so.6.0.0.0 -Wl,-z,relro -Wl,-z,now -ldl -o strtest
make[2]: Entering directory '/<<PKGBUILDDIR>>/src/components/perf_event/tests'
cc -g -O2 -ffile-prefix-map=/<<PKGBUILDDIR>>=. -fstack-protector-strong -Wformat -Werror=format-security -Wdate-time -D_FORTIFY_SOURCE=2 -g  -O2 -I. -I/usr/include -I../../.. -I../../../testlib -I../../../validation_tests -c broken_events.c
f951: Warning: command-line option -Wformat=1 is valid for C/C++/ObjC/ObjC++ but not for Fortran
f951: Warning: -Werror= argument -Werror=format-security is not valid for Fortran
cc -g -O2 -ffile-prefix-map=/<<PKGBUILDDIR>>=. -fstack-protector-strong -Wformat -Werror=format-security -Wdate-time -D_FORTIFY_SOURCE=2 -g  -O2 -I. -I/usr/include -I../../.. -I../../../testlib -I../../../validation_tests -c event_name_lib.c
cc -I../testlib -I.. -I. -g -O2 -ffile-prefix-map=/<<PKGBUILDDIR>>=. -fstack-protector-strong -Wformat -Werror=format-security -Wdate-time -D_FORTIFY_SOURCE=2 -g  -O2  -c flops_testcode.c
cc -g -O2 -ffile-prefix-map=/<<PKGBUILDDIR>>=. -fstack-protector-strong -Wformat -Werror=format-security -Wdate-time -D_FORTIFY_SOURCE=2 -g  -O2 -I. -I/usr/include -I../../.. -I../../../testlib -I../../../validation_tests -c nmi_watchdog.c
gfortran -I../testlib -I. -I.. -g -O2 -ffile-prefix-map=/<<PKGBUILDDIR>>=. -fstack-protector-strong -Wformat -Werror=format-security -Wdate-time -D_FORTIFY_SOURCE=2 -g  -ffixed-line-length-132 -O1 zero.F ../testlib/libtestlib.a ../testlib/do_loops.o ../libpapi.so.6.0.0.0 -o zero -Wl,-z,relro -Wl,-z,now -ldl
f951: Warning: command-line option -Wformat=1 is valid for C/C++/ObjC/ObjC++ but not for Fortran
f951: Warning: -Werror= argument -Werror=format-security is not valid for Fortran
cc -g -O2 -ffile-prefix-map=/<<PKGBUILDDIR>>=. -fstack-protector-strong -Wformat -Werror=format-security -Wdate-time -D_FORTIFY_SOURCE=2 -g  -O2  -I../testlib -I.. -I. -c cycles_validation.c
cc -I../testlib -I.. -I. -g -O2 -ffile-prefix-map=/<<PKGBUILDDIR>>=. -fstack-protector-strong -Wformat -Werror=format-security -Wdate-time -D_FORTIFY_SOURCE=2 -g  -O2  -c print_header.c
cc -g -O2 -ffile-prefix-map=/<<PKGBUILDDIR>>=. -fstack-protector-strong -Wformat -Werror=format-security -Wdate-time -D_FORTIFY_SOURCE=2 -g  -O2 -I. -I/usr/include -I../../.. -I../../../testlib -I../../../validation_tests -c perf_event_offcore_response.c
cc -g -O2 -ffile-prefix-map=/<<PKGBUILDDIR>>=. -fstack-protector-strong -Wformat -Werror=format-security -Wdate-time -D_FORTIFY_SOURCE=2 -g  -O2  -I../testlib -I.. -I. -c papi_mem_info.c
cc -g -O2 -ffile-prefix-map=/<<PKGBUILDDIR>>=. -fstack-protector-strong -Wformat -Werror=format-security -Wdate-time -D_FORTIFY_SOURCE=2 -g  -O2 -I. -I/usr/include -I../../.. -I../../../testlib -I../../../validation_tests -c perf_event_system_wide.c
/usr/bin/ld: ../testlib/do_loops.o: relocation R_X86_64_32S against `.data' can not be used when making a PIE object; recompile with -fPIE
cc -I../testlib -I.. -I. -g -O2 -ffile-prefix-map=/<<PKGBUILDDIR>>=. -fstack-protector-strong -Wformat -Werror=format-security -Wdate-time -D_FORTIFY_SOURCE=2 -g  -O2  -c display_error.c
collect2: error: ld returned 1 exit status
make[2]: *** [Makefile.recipies:47: zero] Error 1
make[2]: Leaving directory '/<<PKGBUILDDIR>>/src/ftests'
make[1]: *** [Makefile.inc:245: ftests] Error 2
make[1]: *** Waiting for unfinished jobs....
cc -I../testlib -I.. -I. -g -O2 -ffile-prefix-map=/<<PKGBUILDDIR>>=. -fstack-protector-strong -Wformat -Werror=format-security -Wdate-time -D_FORTIFY_SOURCE=2 -g  -O2  -c instructions_testcode.c
cc -g -O2 -ffile-prefix-map=/<<PKGBUILDDIR>>=. -fstack-protector-strong -Wformat -Werror=format-security -Wdate-time -D_FORTIFY_SOURCE=2 -g  -O2  -I../testlib -I.. -I. -c flops_validation.c
cc -I../testlib -I.. -I. -g -O2 -ffile-prefix-map=/<<PKGBUILDDIR>>=. -fstack-protector-strong -Wformat -Werror=format-security -Wdate-time -D_FORTIFY_SOURCE=2 -g  -O2  -c branches_testcode.c
cc -g -O2 -ffile-prefix-map=/<<PKGBUILDDIR>>=. -fstack-protector-strong -Wformat -Werror=format-security -Wdate-time -D_FORTIFY_SOURCE=2 -g  -O2  -I../testlib -I.. -I. -c papi_cost.c
cc -g -O2 -ffile-prefix-map=/<<PKGBUILDDIR>>=. -fstack-protector-strong -Wformat -Werror=format-security -Wdate-time -D_FORTIFY_SOURCE=2 -g  -O2  -I../testlib -I.. -I. -c papi_br_cn.c
cc -g -O2 -ffile-prefix-map=/<<PKGBUILDDIR>>=. -fstack-protector-strong -Wformat -Werror=format-security -Wdate-time -D_FORTIFY_SOURCE=2 -g  -O2 -I. -I/usr/include -I../../.. -I../../../testlib -I../../../validation_tests -c perf_event_user_kernel.c
cc -g -O2 -ffile-prefix-map=/<<PKGBUILDDIR>>=. -fstack-protector-strong -Wformat -Werror=format-security -Wdate-time -D_FORTIFY_SOURCE=2 -g  -O2  -I../testlib -I.. -I. -c papi_br_ins.c
cc -g -O2 -ffile-prefix-map=/<<PKGBUILDDIR>>=. -fstack-protector-strong -Wformat -Werror=format-security -Wdate-time -D_FORTIFY_SOURCE=2 -g  -O2  -I../testlib -I.. -I. -c papi_br_msp.c
cc -g -O2 -ffile-prefix-map=/<<PKGBUILDDIR>>=. -fstack-protector-strong -Wformat -Werror=format-security -Wdate-time -D_FORTIFY_SOURCE=2 -g  -O2  -I../testlib -I.. -I. -c papi_br_ntk.c
cc -I. -I/usr/include -I../../.. -I../../../testlib -I../../../validation_tests -o broken_events broken_events.o event_name_lib.o ../../../testlib/libtestlib.a ../../../libpapi.so.6.0.0.0 -Wl,-z,relro -Wl,-z,now -ldl
cc -I../testlib -I.. -I. -g -O2 -ffile-prefix-map=/<<PKGBUILDDIR>>=. -fstack-protector-strong -Wformat -Werror=format-security -Wdate-time -D_FORTIFY_SOURCE=2 -g  -O2  -c cost_utils.c
cc -g -O2 -ffile-prefix-map=/<<PKGBUILDDIR>>=. -fstack-protector-strong -Wformat -Werror=format-security -Wdate-time -D_FORTIFY_SOURCE=2 -g  -O2  -I../testlib -I.. -I. -c papi_br_prc.c
cc -g -O2 -ffile-prefix-map=/<<PKGBUILDDIR>>=. -fstack-protector-strong -Wformat -Werror=format-security -Wdate-time -D_FORTIFY_SOURCE=2 -g  -O2  -I../testlib -I.. -I. -c papi_br_tkn.c
cc -I. -I/usr/include -I../../.. -I../../../testlib -I../../../validation_tests -o nmi_watchdog nmi_watchdog.o ../../../testlib/libtestlib.a ../../../libpapi.so.6.0.0.0 -Wl,-z,relro -Wl,-z,now -ldl
cc -I. -I/usr/include -I../../.. -I../../../testlib -I../../../validation_tests -o perf_event_offcore_response perf_event_offcore_response.o event_name_lib.o ../../../testlib/libtestlib.a ../../../testlib/do_loops.o ../../../libpapi.so.6.0.0.0 -Wl,-z,relro -Wl,-z,now -ldl
cc -g -O2 -ffile-prefix-map=/<<PKGBUILDDIR>>=. -fstack-protector-strong -Wformat -Werror=format-security -Wdate-time -D_FORTIFY_SOURCE=2 -g  -O2  -I../testlib -I.. -I. -c papi_clockres.c
cc -g -O2 -ffile-prefix-map=/<<PKGBUILDDIR>>=. -fstack-protector-strong -Wformat -Werror=format-security -Wdate-time -D_FORTIFY_SOURCE=2 -g  -O2  -I../testlib -I.. -I. -c papi_br_ucn.c
cc -I. -I/usr/include -I../../.. -I../../../testlib -I../../../validation_tests -o perf_event_system_wide perf_event_system_wide.o ../../../testlib/libtestlib.a ../../../testlib/do_loops.o ../../../libpapi.so.6.0.0.0 -Wl,-z,relro -Wl,-z,now -ldl
cc -I. -I/usr/include -I../../.. -I../../../testlib -I../../../validation_tests -o perf_event_user_kernel perf_event_user_kernel.o event_name_lib.o ../../../testlib/libtestlib.a ../../../testlib/do_loops.o ../../../libpapi.so.6.0.0.0 -Wl,-z,relro -Wl,-z,now -ldl
cc -g -O2 -ffile-prefix-map=/<<PKGBUILDDIR>>=. -fstack-protector-strong -Wformat -Werror=format-security -Wdate-time -D_FORTIFY_SOURCE=2 -g  -O2  -I../testlib -I.. -I. -c papi_dp_ops.c
cc -g -O2 -ffile-prefix-map=/<<PKGBUILDDIR>>=. -fstack-protector-strong -Wformat -Werror=format-security -Wdate-time -D_FORTIFY_SOURCE=2 -g  -O2  -I../testlib -I.. -I. -c papi_native_avail.c
make[2]: Leaving directory '/<<PKGBUILDDIR>>/src/components/perf_event/tests'
+ make -C components/perf_event_uncore/tests
make[2]: Entering directory '/<<PKGBUILDDIR>>/src/components/perf_event_uncore/tests'
cc -g -O2 -ffile-prefix-map=/<<PKGBUILDDIR>>=. -fstack-protector-strong -Wformat -Werror=format-security -Wdate-time -D_FORTIFY_SOURCE=2 -g  -O2 -I. -I/usr/include -I../../.. -I../../../testlib -I../../../validation_tests -c -o perf_event_uncore.o perf_event_uncore.c
cc -g -O2 -ffile-prefix-map=/<<PKGBUILDDIR>>=. -fstack-protector-strong -Wformat -Werror=format-security -Wdate-time -D_FORTIFY_SOURCE=2 -g  -I. -I/usr/include -I../../.. -I../../../testlib -I../../../validation_tests -c perf_event_uncore_lib.c
cc -g -O2 -ffile-prefix-map=/<<PKGBUILDDIR>>=. -fstack-protector-strong -Wformat -Werror=format-security -Wdate-time -D_FORTIFY_SOURCE=2 -g  -O2  -I../testlib -I.. -I. -c papi_fp_ops.c
cc -g -O2 -ffile-prefix-map=/<<PKGBUILDDIR>>=. -fstack-protector-strong -Wformat -Werror=format-security -Wdate-time -D_FORTIFY_SOURCE=2 -g  -O2 -I. -I/usr/include -I../../.. -I../../../testlib -I../../../validation_tests -c -o perf_event_uncore_attach.o perf_event_uncore_attach.c
cc -I../testlib -I.. -I. -g -O2 -ffile-prefix-map=/<<PKGBUILDDIR>>=. -fstack-protector-strong -Wformat -Werror=format-security -Wdate-time -D_FORTIFY_SOURCE=2 -g  -O2  -c papi_sde_interface.c
cc -g -O2 -ffile-prefix-map=/<<PKGBUILDDIR>>=. -fstack-protector-strong -Wformat -Werror=format-security -Wdate-time -D_FORTIFY_SOURCE=2 -g  -O2 -I. -I/usr/include -I../../.. -I../../../testlib -I../../../validation_tests -c -o perf_event_uncore_multiple.o perf_event_uncore_multiple.c
cc -g -O2 -ffile-prefix-map=/<<PKGBUILDDIR>>=. -fstack-protector-strong -Wformat -Werror=format-security -Wdate-time -D_FORTIFY_SOURCE=2 -g  -O2  -I../testlib -I.. -I. -c papi_command_line.c
cc -g -O2 -ffile-prefix-map=/<<PKGBUILDDIR>>=. -fstack-protector-strong -Wformat -Werror=format-security -Wdate-time -D_FORTIFY_SOURCE=2 -g  -O2  -I../testlib -I.. -I. -c papi_sp_ops.c
cc -g -O2 -ffile-prefix-map=/<<PKGBUILDDIR>>=. -fstack-protector-strong -Wformat -Werror=format-security -Wdate-time -D_FORTIFY_SOURCE=2 -g  -O2 -I. -I/usr/include -I../../.. -I../../../testlib -I../../../validation_tests -c -o perf_event_amd_northbridge.o perf_event_amd_northbridge.c
cc -g -O2 -ffile-prefix-map=/<<PKGBUILDDIR>>=. -fstack-protector-strong -Wformat -Werror=format-security -Wdate-time -D_FORTIFY_SOURCE=2 -g  -O2 -I. -I/usr/include -I../../.. -I../../../testlib -I../../../validation_tests -c -o perf_event_uncore_cbox.o perf_event_uncore_cbox.c
cc -g -O2 -ffile-prefix-map=/<<PKGBUILDDIR>>=. -fstack-protector-strong -Wformat -Werror=format-security -Wdate-time -D_FORTIFY_SOURCE=2 -g  -O2  -I../testlib -I.. -I. -c papi_event_chooser.c
cc -g -O2 -ffile-prefix-map=/<<PKGBUILDDIR>>=. -fstack-protector-strong -Wformat -Werror=format-security -Wdate-time -D_FORTIFY_SOURCE=2 -g  -O2  -I../testlib -I.. -I. -c papi_hw_int.c
cc -g -O2 -ffile-prefix-map=/<<PKGBUILDDIR>>=. -fstack-protector-strong -Wformat -Werror=format-security -Wdate-time -D_FORTIFY_SOURCE=2 -g  -o perf_event_uncore perf_event_uncore.o perf_event_uncore_lib.o ../../../testlib/libtestlib.a ../../../testlib/do_loops.o ../../../libpapi.so.6.0.0.0 -Wl,-z,relro -Wl,-z,now -ldl
cc -g -O2 -ffile-prefix-map=/<<PKGBUILDDIR>>=. -fstack-protector-strong -Wformat -Werror=format-security -Wdate-time -D_FORTIFY_SOURCE=2 -g  -o perf_event_uncore_attach perf_event_uncore_attach.o perf_event_uncore_lib.o ../../../testlib/libtestlib.a ../../../testlib/do_loops.o ../../../libpapi.so.6.0.0.0 -Wl,-z,relro -Wl,-z,now -ldl
cc -g -O2 -ffile-prefix-map=/<<PKGBUILDDIR>>=. -fstack-protector-strong -Wformat -Werror=format-security -Wdate-time -D_FORTIFY_SOURCE=2 -g  -I. -I/usr/include -I../../.. -I../../../testlib -I../../../validation_tests -o perf_event_uncore_multiple perf_event_uncore_multiple.o perf_event_uncore_lib.o ../../../testlib/libtestlib.a ../../../testlib/do_loops.o ../../../libpapi.so.6.0.0.0 -Wl,-z,relro -Wl,-z,now -ldl 
cc -g -O2 -ffile-prefix-map=/<<PKGBUILDDIR>>=. -fstack-protector-strong -Wformat -Werror=format-security -Wdate-time -D_FORTIFY_SOURCE=2 -g  -O2  -I../testlib -I.. -I. -c papi_decode.c
cc -g -O2 -ffile-prefix-map=/<<PKGBUILDDIR>>=. -fstack-protector-strong -Wformat -Werror=format-security -Wdate-time -D_FORTIFY_SOURCE=2 -g  -o perf_event_amd_northbridge perf_event_amd_northbridge.o ../../../testlib/libtestlib.a ../../../testlib/do_loops.o ../../../libpapi.so.6.0.0.0 -Wl,-z,relro -Wl,-z,now -ldl
cc -g -O2 -ffile-prefix-map=/<<PKGBUILDDIR>>=. -fstack-protector-strong -Wformat -Werror=format-security -Wdate-time -D_FORTIFY_SOURCE=2 -g  -O2  -I../testlib -I.. -I. -c papi_l1_dca.c
cc -g -O2 -ffile-prefix-map=/<<PKGBUILDDIR>>=. -fstack-protector-strong -Wformat -Werror=format-security -Wdate-time -D_FORTIFY_SOURCE=2 -g  -I. -I/usr/include -I../../.. -I../../../testlib -I../../../validation_tests -o perf_event_uncore_cbox perf_event_uncore_cbox.o perf_event_uncore_lib.o ../../../testlib/libtestlib.a ../../../testlib/do_loops.o ../../../libpapi.so.6.0.0.0 -Wl,-z,relro -Wl,-z,now -ldl
cc -I../testlib -I.. -I. -g -O2 -ffile-prefix-map=/<<PKGBUILDDIR>>=. -fstack-protector-strong -Wformat -Werror=format-security -Wdate-time -D_FORTIFY_SOURCE=2 -g  -O2  -c cache_testcode.c
make[2]: Leaving directory '/<<PKGBUILDDIR>>/src/components/perf_event_uncore/tests'
cc -I../testlib -I.. -I. -g -O2 -ffile-prefix-map=/<<PKGBUILDDIR>>=. -fstack-protector-strong -Wformat -Werror=format-security -Wdate-time -D_FORTIFY_SOURCE=2 -g  -O2  -c matrix_multiply.c
cc -g -O2 -ffile-prefix-map=/<<PKGBUILDDIR>>=. -fstack-protector-strong -Wformat -Werror=format-security -Wdate-time -D_FORTIFY_SOURCE=2 -g  -O2  -I../testlib -I.. -I. -c papi_xml_event_info.c
cc -g -O2 -ffile-prefix-map=/<<PKGBUILDDIR>>=. -fstack-protector-strong -Wformat -Werror=format-security -Wdate-time -D_FORTIFY_SOURCE=2 -g  -O2  -I../testlib -I.. -I. -c papi_l1_dcm.c
cc -I../testlib -I.. -I. -g -O2 -ffile-prefix-map=/<<PKGBUILDDIR>>=. -fstack-protector-strong -Wformat -Werror=format-security -Wdate-time -D_FORTIFY_SOURCE=2 -g  -O2  -c cache_helper.c
cc -g -O2 -ffile-prefix-map=/<<PKGBUILDDIR>>=. -fstack-protector-strong -Wformat -Werror=format-security -Wdate-time -D_FORTIFY_SOURCE=2 -g  -O2  -I../testlib -I.. -I. -c papi_l2_dca.c
cc -g -O2 -ffile-prefix-map=/<<PKGBUILDDIR>>=. -fstack-protector-strong -Wformat -Werror=format-security -Wdate-time -D_FORTIFY_SOURCE=2 -g  -O2  -I../testlib -I.. -I. -c papi_l2_dcm.c
cc -g -O2 -ffile-prefix-map=/<<PKGBUILDDIR>>=. -fstack-protector-strong -Wformat -Werror=format-security -Wdate-time -D_FORTIFY_SOURCE=2 -g  -O2  -I../testlib -I.. -I. -c papi_l2_dcr.c
cc -g -O2 -ffile-prefix-map=/<<PKGBUILDDIR>>=. -fstack-protector-strong -Wformat -Werror=format-security -Wdate-time -D_FORTIFY_SOURCE=2 -g  -O2  -I../testlib -I.. -I. -c papi_version.c
cc -g -O2 -ffile-prefix-map=/<<PKGBUILDDIR>>=. -fstack-protector-strong -Wformat -Werror=format-security -Wdate-time -D_FORTIFY_SOURCE=2 -g  -O2  -I../testlib -I.. -I. -c papi_l2_dcw.c
cc -g -O2 -ffile-prefix-map=/<<PKGBUILDDIR>>=. -fstack-protector-strong -Wformat -Werror=format-security -Wdate-time -D_FORTIFY_SOURCE=2 -g  -O2  -I../testlib -I.. -I. -c papi_multiplex_cost.c
cc -g -O2 -ffile-prefix-map=/<<PKGBUILDDIR>>=. -fstack-protector-strong -Wformat -Werror=format-security -Wdate-time -D_FORTIFY_SOURCE=2 -g  -O2  -I../testlib -I.. -I. -c papi_component_avail.c
cc -g -O2 -ffile-prefix-map=/<<PKGBUILDDIR>>=. -fstack-protector-strong -Wformat -Werror=format-security -Wdate-time -D_FORTIFY_SOURCE=2 -g  -O2  -I../testlib -I.. -I. -c papi_error_codes.c
cc -g -O2 -ffile-prefix-map=/<<PKGBUILDDIR>>=. -fstack-protector-strong -Wformat -Werror=format-security -Wdate-time -D_FORTIFY_SOURCE=2 -g  -O2  -I../testlib -I.. -I. -c papi_ld_ins.c
cc -o papi_avail papi_avail.o print_header.o ../libpapi.so.6.0.0.0 -Wl,-z,relro -Wl,-z,now -ldl 
cc -o papi_mem_info papi_mem_info.o ../libpapi.so.6.0.0.0 -Wl,-z,relro -Wl,-z,now -ldl 
cc -o papi_cost papi_cost.o cost_utils.o ../libpapi.so.6.0.0.0 -lm -Wl,-z,relro -Wl,-z,now -ldl 
cc -o papi_clockres papi_clockres.o ../libpapi.so.6.0.0.0 ../testlib/clockcore.o -lm -Wl,-z,relro -Wl,-z,now -ldl 
cc -g -O2 -ffile-prefix-map=/<<PKGBUILDDIR>>=. -fstack-protector-strong -Wformat -Werror=format-security -Wdate-time -D_FORTIFY_SOURCE=2 -g  -O2  -I../testlib -I.. -I. -c papi_sr_ins.c
cc -o papi_native_avail papi_native_avail.o ../libpapi.so.6.0.0.0 print_header.o -Wl,-z,relro -Wl,-z,now -ldl  papi_sde_interface.o
cc -o papi_command_line papi_command_line.o ../libpapi.so.6.0.0.0 ../testlib/do_loops.o -Wl,-z,relro -Wl,-z,now -ldl 
cc -o papi_event_chooser papi_event_chooser.o print_header.o ../libpapi.so.6.0.0.0 -Wl,-z,relro -Wl,-z,now -ldl 
cc -o papi_decode papi_decode.o ../libpapi.so.6.0.0.0 -Wl,-z,relro -Wl,-z,now -ldl 
cc -o papi_xml_event_info papi_xml_event_info.o ../libpapi.so.6.0.0.0 -Wl,-z,relro -Wl,-z,now -ldl 
cc -o papi_version papi_version.o ../libpapi.so.6.0.0.0 -Wl,-z,relro -Wl,-z,now -ldl 
cc -g -O2 -ffile-prefix-map=/<<PKGBUILDDIR>>=. -fstack-protector-strong -Wformat -Werror=format-security -Wdate-time -D_FORTIFY_SOURCE=2 -g  -O2  -I../testlib -I.. -I. -c papi_ref_cyc.c
cc -o papi_multiplex_cost papi_multiplex_cost.o cost_utils.o ../libpapi.so.6.0.0.0 -lm -Wl,-z,relro -Wl,-z,now -ldl 
cc -o papi_component_avail papi_component_avail.o ../libpapi.so.6.0.0.0 print_header.o -Wl,-z,relro -Wl,-z,now -ldl 
cc -o papi_error_codes papi_error_codes.o ../libpapi.so.6.0.0.0 -Wl,-z,relro -Wl,-z,now -ldl 
cc -g -O2 -ffile-prefix-map=/<<PKGBUILDDIR>>=. -fstack-protector-strong -Wformat -Werror=format-security -Wdate-time -D_FORTIFY_SOURCE=2 -g  -O2  -I../testlib -I.. -I. -c papi_tot_cyc.c
cc -g -O2 -ffile-prefix-map=/<<PKGBUILDDIR>>=. -fstack-protector-strong -Wformat -Werror=format-security -Wdate-time -D_FORTIFY_SOURCE=2 -g  -O2  -I../testlib -I.. -I. -c papi_tot_ins.c
make[2]: Leaving directory '/<<PKGBUILDDIR>>/src/utils'
cc -o fp_validation_hl fp_validation_hl.o ../testlib/libtestlib.a flops_testcode.o ../libpapi.so.6.0.0.0 -Wl,-z,relro -Wl,-z,now -ldl  -lrt -lpthread
cc -o cycles_validation cycles_validation.o ../testlib/libtestlib.a display_error.o instructions_testcode.o ../libpapi.so.6.0.0.0 -Wl,-z,relro -Wl,-z,now -ldl  -lrt
cc -o flops_validation flops_validation.o ../testlib/libtestlib.a display_error.o branches_testcode.o flops_testcode.o ../libpapi.so.6.0.0.0 -Wl,-z,relro -Wl,-z,now -ldl  -lrt
cc -o papi_br_cn papi_br_cn.o ../testlib/libtestlib.a display_error.o branches_testcode.o ../libpapi.so.6.0.0.0 -Wl,-z,relro -Wl,-z,now -ldl  -Wl,-z,relro -Wl,-z,now -ldl  -lrt
cc -o papi_br_ins papi_br_ins.o ../testlib/libtestlib.a display_error.o branches_testcode.o ../libpapi.so.6.0.0.0 -Wl,-z,relro -Wl,-z,now -ldl  -lrt
cc -o papi_br_msp papi_br_msp.o ../testlib/libtestlib.a display_error.o branches_testcode.o ../libpapi.so.6.0.0.0 -Wl,-z,relro -Wl,-z,now -ldl  -lrt
cc -o papi_br_ntk papi_br_ntk.o ../testlib/libtestlib.a display_error.o branches_testcode.o ../libpapi.so.6.0.0.0 -Wl,-z,relro -Wl,-z,now -ldl  -lrt
cc -o papi_br_prc papi_br_prc.o ../testlib/libtestlib.a display_error.o branches_testcode.o ../libpapi.so.6.0.0.0 -Wl,-z,relro -Wl,-z,now -ldl  -lrt
cc -o papi_br_tkn papi_br_tkn.o ../testlib/libtestlib.a display_error.o branches_testcode.o ../libpapi.so.6.0.0.0 -Wl,-z,relro -Wl,-z,now -ldl  -lrt
cc -o papi_br_ucn papi_br_ucn.o ../testlib/libtestlib.a display_error.o branches_testcode.o ../libpapi.so.6.0.0.0 -Wl,-z,relro -Wl,-z,now -ldl  -lrt
cc -o papi_dp_ops papi_dp_ops.o ../testlib/libtestlib.a display_error.o branches_testcode.o flops_testcode.o ../libpapi.so.6.0.0.0 -Wl,-z,relro -Wl,-z,now -ldl  -lrt
cc -o papi_fp_ops papi_fp_ops.o ../testlib/libtestlib.a display_error.o branches_testcode.o flops_testcode.o ../libpapi.so.6.0.0.0 -Wl,-z,relro -Wl,-z,now -ldl  -lrt
cc -o papi_sp_ops papi_sp_ops.o ../testlib/libtestlib.a display_error.o branches_testcode.o flops_testcode.o ../libpapi.so.6.0.0.0 -Wl,-z,relro -Wl,-z,now -ldl  -lrt
cc -o papi_hw_int papi_hw_int.o ../testlib/libtestlib.a ../libpapi.so.6.0.0.0 -Wl,-z,relro -Wl,-z,now -ldl  -lrt
cc -o papi_l1_dca papi_l1_dca.o ../testlib/libtestlib.a cache_testcode.o display_error.o matrix_multiply.o ../libpapi.so.6.0.0.0 -Wl,-z,relro -Wl,-z,now -ldl  -lrt
cc -o papi_l1_dcm papi_l1_dcm.o ../testlib/libtestlib.a cache_helper.o cache_testcode.o display_error.o matrix_multiply.o ../libpapi.so.6.0.0.0 -Wl,-z,relro -Wl,-z,now -ldl  -lrt
cc -o papi_l2_dca papi_l2_dca.o ../testlib/libtestlib.a cache_helper.o cache_testcode.o display_error.o matrix_multiply.o ../libpapi.so.6.0.0.0 -Wl,-z,relro -Wl,-z,now -ldl  -lrt
cc -o papi_l2_dcm papi_l2_dcm.o ../testlib/libtestlib.a cache_helper.o cache_testcode.o display_error.o matrix_multiply.o ../libpapi.so.6.0.0.0 -Wl,-z,relro -Wl,-z,now -ldl  -lrt
cc -o papi_l2_dcr papi_l2_dcr.o ../testlib/libtestlib.a cache_helper.o cache_testcode.o display_error.o matrix_multiply.o ../libpapi.so.6.0.0.0 -Wl,-z,relro -Wl,-z,now -ldl  -lrt
cc -o papi_l2_dcw papi_l2_dcw.o ../testlib/libtestlib.a cache_helper.o cache_testcode.o display_error.o matrix_multiply.o ../libpapi.so.6.0.0.0 -Wl,-z,relro -Wl,-z,now -ldl  -lrt
cc -o papi_ld_ins papi_ld_ins.o ../testlib/libtestlib.a display_error.o matrix_multiply.o ../libpapi.so.6.0.0.0 -Wl,-z,relro -Wl,-z,now -ldl  -lrt
cc -o papi_sr_ins papi_sr_ins.o ../testlib/libtestlib.a display_error.o matrix_multiply.o ../libpapi.so.6.0.0.0 -Wl,-z,relro -Wl,-z,now -ldl  -lrt
cc -o papi_ref_cyc papi_ref_cyc.o ../testlib/libtestlib.a display_error.o flops_testcode.o ../libpapi.so.6.0.0.0 -Wl,-z,relro -Wl,-z,now -ldl  -lrt
cc -o papi_tot_cyc papi_tot_cyc.o ../testlib/libtestlib.a display_error.o matrix_multiply.o ../libpapi.so.6.0.0.0 -Wl,-z,relro -Wl,-z,now -ldl  -lrt
cc -o papi_tot_ins papi_tot_ins.o ../testlib/libtestlib.a display_error.o instructions_testcode.o ../libpapi.so.6.0.0.0 -Wl,-z,relro -Wl,-z,now -ldl  -lrt
make[2]: Leaving directory '/<<PKGBUILDDIR>>/src/validation_tests'
make[1]: Leaving directory '/<<PKGBUILDDIR>>/src'
dh_auto_build: error: cd src && make -j4 returned exit code 2
make: *** [debian/rules:19: binary] Error 25
dpkg-buildpackage: error: debian/rules binary subprocess returned exit status 2
--------------------------------------------------------------------------------
Build finished at 2021-10-26T22:57:12Z

Finished
--------


+------------------------------------------------------------------------------+
| Cleanup                                                                      |
+------------------------------------------------------------------------------+

Purging /<<BUILDDIR>>
Not cleaning session: cloned chroot in use
E: Build failure (dpkg-buildpackage died)

+------------------------------------------------------------------------------+
| Summary                                                                      |
+------------------------------------------------------------------------------+

Build Architecture: amd64
Build Type: binary
Build-Space: 22172
Build-Time: 19
Distribution: unstable
Fail-Stage: build
Host Architecture: amd64
Install-Time: 12
Job: papi_6.0.0~dfsg-2
Machine Architecture: amd64
Package: papi
Package-Time: 53
Source-Version: 6.0.0~dfsg-2
Space: 22172
Status: attempted
Version: 6.0.0~dfsg-2
--------------------------------------------------------------------------------
Finished at 2021-10-26T22:57:12Z
Build needed 00:00:53, 22172k disk space
E: Build failure (dpkg-buildpackage died)
DC-Status: Failed 53.713498948s
