DC-Build-Header: posterazor 1.5.1-10 / 2021-10-26 23:07:40 +0000
DC-Task: type:rebuild-binarch-only source:posterazor version:1.5.1-10 chroot:unstable esttime:62 logfile:/tmp/posterazor_1.5.1-10_unstable_clang13.log modes:clang13:binarch-only
DC-Sbuild-call: su user42 -c 'sbuild -n --arch-any --apt-update -d unstable -v --no-run-lintian --chroot-setup-commands=/tmp/clang13 posterazor_1.5.1-10'
sbuild (Debian sbuild) 0.78.1 (09 February 2019) on ip-172-31-9-211.eu-central-1.compute.internal

+==============================================================================+
| posterazor 1.5.1-10 (amd64)                  Tue, 26 Oct 2021 23:07:40 +0000 |
+==============================================================================+

Package: posterazor
Version: 1.5.1-10
Source Version: 1.5.1-10
Distribution: unstable
Machine Architecture: amd64
Host Architecture: amd64
Build Architecture: amd64
Build Type: binary

I: NOTICE: Log filtering will replace 'var/run/schroot/mount/sid-amd64-sbuild-5e12d057-99ac-4dd0-86b8-e1949535b517' with '<<CHROOT>>'

+------------------------------------------------------------------------------+
| Chroot Setup Commands                                                        |
+------------------------------------------------------------------------------+


/tmp/clang13
------------

+ echo 'Entering customization script...'
Entering customization script...
+ CLANG_VERSION=13
+ echo 'Install of clang-13'
Install of clang-13
+ apt-get update
Get:1 http://127.0.0.1:12990/debian sid InRelease [165 kB]
Get:2 http://127.0.0.1:12990/debian sid/main Sources.diff/Index [63.6 kB]
Get:3 http://127.0.0.1:12990/debian sid/main amd64 Packages.diff/Index [63.6 kB]
Get:4 http://127.0.0.1:12990/debian sid/main Sources T-2021-10-26-2004.40-F-2021-10-26-0202.15.pdiff [47.3 kB]
Get:4 http://127.0.0.1:12990/debian sid/main Sources T-2021-10-26-2004.40-F-2021-10-26-0202.15.pdiff [47.3 kB]
Get:5 http://127.0.0.1:12990/debian sid/main amd64 Packages T-2021-10-26-2004.40-F-2021-10-26-0202.15.pdiff [55.9 kB]
Get:5 http://127.0.0.1:12990/debian sid/main amd64 Packages T-2021-10-26-2004.40-F-2021-10-26-0202.15.pdiff [55.9 kB]
Get:6 http://127.0.0.1:12990/debian sid/main Translation-en [6586 kB]
Fetched 6981 kB in 3s (2747 kB/s)
Reading package lists...
+ apt-get install --yes --no-install-recommends --force-yes clang-13 libomp-13-dev libobjc-9-dev
Reading package lists...
Building dependency tree...
The following additional packages will be installed:
  lib32gcc-s1 lib32stdc++6 libasan5 libbsd0 libc6-i386 libclang-common-13-dev
  libclang-cpp13 libclang1-13 libedit2 libgc1 libgcc-9-dev libicu67 libllvm13
  libmd0 libobjc-11-dev libobjc4 libomp5-13 libxml2 libz3-4
Suggested packages:
  clang-13-doc libomp-13-doc
Recommended packages:
  llvm-13-dev python3
The following NEW packages will be installed:
  clang-13 lib32gcc-s1 lib32stdc++6 libasan5 libbsd0 libc6-i386
  libclang-common-13-dev libclang-cpp13 libclang1-13 libedit2 libgc1
  libgcc-9-dev libicu67 libllvm13 libmd0 libobjc-11-dev libobjc-9-dev libobjc4
  libomp-13-dev libomp5-13 libxml2 libz3-4
0 upgraded, 22 newly installed, 0 to remove and 0 not upgraded.
Need to get 68.5 MB of archives.
After this operation, 379 MB of additional disk space will be used.
Get:1 http://127.0.0.1:12990/debian sid/main amd64 libmd0 amd64 1.0.4-1 [29.6 kB]
Get:2 http://127.0.0.1:12990/debian sid/main amd64 libbsd0 amd64 0.11.3-1 [108 kB]
Get:3 http://127.0.0.1:12990/debian sid/main amd64 libedit2 amd64 3.1-20210910-1 [97.5 kB]
Get:4 http://127.0.0.1:12990/debian sid/main amd64 libicu67 amd64 67.1-7 [8622 kB]
Get:5 http://127.0.0.1:12990/debian sid/main amd64 libxml2 amd64 2.9.12+dfsg-5 [696 kB]
Get:6 http://127.0.0.1:12990/debian sid/main amd64 libz3-4 amd64 4.8.12-1+b1 [6997 kB]
Get:7 http://127.0.0.1:12990/debian sid/main amd64 libllvm13 amd64 1:13.0.0-8 [19.7 MB]
Get:8 http://127.0.0.1:12990/debian sid/main amd64 libclang-cpp13 amd64 1:13.0.0-8 [10.5 MB]
Get:9 http://127.0.0.1:12990/debian sid/main amd64 libgc1 amd64 1:8.0.4-3 [239 kB]
Get:10 http://127.0.0.1:12990/debian sid/main amd64 libobjc4 amd64 11.2.0-10 [43.2 kB]
Get:11 http://127.0.0.1:12990/debian sid/main amd64 libobjc-11-dev amd64 11.2.0-10 [170 kB]
Get:12 http://127.0.0.1:12990/debian sid/main amd64 libc6-i386 amd64 2.32-4 [2624 kB]
Get:13 http://127.0.0.1:12990/debian sid/main amd64 lib32gcc-s1 amd64 11.2.0-10 [49.9 kB]
Get:14 http://127.0.0.1:12990/debian sid/main amd64 lib32stdc++6 amd64 11.2.0-10 [601 kB]
Get:15 http://127.0.0.1:12990/debian sid/main amd64 libclang-common-13-dev amd64 1:13.0.0-8 [5730 kB]
Get:16 http://127.0.0.1:12990/debian sid/main amd64 libclang1-13 amd64 1:13.0.0-8 [6093 kB]
Get:17 http://127.0.0.1:12990/debian sid/main amd64 clang-13 amd64 1:13.0.0-8 [119 kB]
Get:18 http://127.0.0.1:12990/debian sid/main amd64 libasan5 amd64 9.4.0-3 [2734 kB]
Get:19 http://127.0.0.1:12990/debian sid/main amd64 libgcc-9-dev amd64 9.4.0-3 [2343 kB]
Get:20 http://127.0.0.1:12990/debian sid/main amd64 libobjc-9-dev amd64 9.4.0-3 [219 kB]
Get:21 http://127.0.0.1:12990/debian sid/main amd64 libomp5-13 amd64 1:13.0.0-8 [377 kB]
Get:22 http://127.0.0.1:12990/debian sid/main amd64 libomp-13-dev amd64 1:13.0.0-8 [482 kB]
debconf: delaying package configuration, since apt-utils is not installed
Fetched 68.5 MB in 0s (153 MB/s)
Selecting previously unselected package libmd0:amd64.
(Reading database ... (Reading database ... 5%(Reading database ... 10%(Reading database ... 15%(Reading database ... 20%(Reading database ... 25%(Reading database ... 30%(Reading database ... 35%(Reading database ... 40%(Reading database ... 45%(Reading database ... 50%(Reading database ... 55%(Reading database ... 60%(Reading database ... 65%(Reading database ... 70%(Reading database ... 75%(Reading database ... 80%(Reading database ... 85%(Reading database ... 90%(Reading database ... 95%(Reading database ... 100%(Reading database ... 12431 files and directories currently installed.)
Preparing to unpack .../00-libmd0_1.0.4-1_amd64.deb ...
Unpacking libmd0:amd64 (1.0.4-1) ...
Selecting previously unselected package libbsd0:amd64.
Preparing to unpack .../01-libbsd0_0.11.3-1_amd64.deb ...
Unpacking libbsd0:amd64 (0.11.3-1) ...
Selecting previously unselected package libedit2:amd64.
Preparing to unpack .../02-libedit2_3.1-20210910-1_amd64.deb ...
Unpacking libedit2:amd64 (3.1-20210910-1) ...
Selecting previously unselected package libicu67:amd64.
Preparing to unpack .../03-libicu67_67.1-7_amd64.deb ...
Unpacking libicu67:amd64 (67.1-7) ...
Selecting previously unselected package libxml2:amd64.
Preparing to unpack .../04-libxml2_2.9.12+dfsg-5_amd64.deb ...
Unpacking libxml2:amd64 (2.9.12+dfsg-5) ...
Selecting previously unselected package libz3-4:amd64.
Preparing to unpack .../05-libz3-4_4.8.12-1+b1_amd64.deb ...
Unpacking libz3-4:amd64 (4.8.12-1+b1) ...
Selecting previously unselected package libllvm13:amd64.
Preparing to unpack .../06-libllvm13_1%3a13.0.0-8_amd64.deb ...
Unpacking libllvm13:amd64 (1:13.0.0-8) ...
Selecting previously unselected package libclang-cpp13.
Preparing to unpack .../07-libclang-cpp13_1%3a13.0.0-8_amd64.deb ...
Unpacking libclang-cpp13 (1:13.0.0-8) ...
Selecting previously unselected package libgc1:amd64.
Preparing to unpack .../08-libgc1_1%3a8.0.4-3_amd64.deb ...
Unpacking libgc1:amd64 (1:8.0.4-3) ...
Selecting previously unselected package libobjc4:amd64.
Preparing to unpack .../09-libobjc4_11.2.0-10_amd64.deb ...
Unpacking libobjc4:amd64 (11.2.0-10) ...
Selecting previously unselected package libobjc-11-dev:amd64.
Preparing to unpack .../10-libobjc-11-dev_11.2.0-10_amd64.deb ...
Unpacking libobjc-11-dev:amd64 (11.2.0-10) ...
Selecting previously unselected package libc6-i386.
Preparing to unpack .../11-libc6-i386_2.32-4_amd64.deb ...
Unpacking libc6-i386 (2.32-4) ...
Selecting previously unselected package lib32gcc-s1.
Preparing to unpack .../12-lib32gcc-s1_11.2.0-10_amd64.deb ...
Unpacking lib32gcc-s1 (11.2.0-10) ...
Selecting previously unselected package lib32stdc++6.
Preparing to unpack .../13-lib32stdc++6_11.2.0-10_amd64.deb ...
Unpacking lib32stdc++6 (11.2.0-10) ...
Selecting previously unselected package libclang-common-13-dev.
Preparing to unpack .../14-libclang-common-13-dev_1%3a13.0.0-8_amd64.deb ...
Unpacking libclang-common-13-dev (1:13.0.0-8) ...
Selecting previously unselected package libclang1-13.
Preparing to unpack .../15-libclang1-13_1%3a13.0.0-8_amd64.deb ...
Unpacking libclang1-13 (1:13.0.0-8) ...
Selecting previously unselected package clang-13.
Preparing to unpack .../16-clang-13_1%3a13.0.0-8_amd64.deb ...
Unpacking clang-13 (1:13.0.0-8) ...
Selecting previously unselected package libasan5:amd64.
Preparing to unpack .../17-libasan5_9.4.0-3_amd64.deb ...
Unpacking libasan5:amd64 (9.4.0-3) ...
Selecting previously unselected package libgcc-9-dev:amd64.
Preparing to unpack .../18-libgcc-9-dev_9.4.0-3_amd64.deb ...
Unpacking libgcc-9-dev:amd64 (9.4.0-3) ...
Selecting previously unselected package libobjc-9-dev:amd64.
Preparing to unpack .../19-libobjc-9-dev_9.4.0-3_amd64.deb ...
Unpacking libobjc-9-dev:amd64 (9.4.0-3) ...
Selecting previously unselected package libomp5-13:amd64.
Preparing to unpack .../20-libomp5-13_1%3a13.0.0-8_amd64.deb ...
Unpacking libomp5-13:amd64 (1:13.0.0-8) ...
Selecting previously unselected package libomp-13-dev.
Preparing to unpack .../21-libomp-13-dev_1%3a13.0.0-8_amd64.deb ...
Unpacking libomp-13-dev (1:13.0.0-8) ...
Setting up libicu67:amd64 (67.1-7) ...
Setting up libasan5:amd64 (9.4.0-3) ...
Setting up libz3-4:amd64 (4.8.12-1+b1) ...
Setting up libgc1:amd64 (1:8.0.4-3) ...
Setting up libmd0:amd64 (1.0.4-1) ...
Setting up libc6-i386 (2.32-4) ...
Setting up libomp5-13:amd64 (1:13.0.0-8) ...
Setting up libbsd0:amd64 (0.11.3-1) ...
Setting up libxml2:amd64 (2.9.12+dfsg-5) ...
Setting up libedit2:amd64 (3.1-20210910-1) ...
Setting up libobjc4:amd64 (11.2.0-10) ...
Setting up libgcc-9-dev:amd64 (9.4.0-3) ...
Setting up lib32gcc-s1 (11.2.0-10) ...
Setting up lib32stdc++6 (11.2.0-10) ...
Setting up libllvm13:amd64 (1:13.0.0-8) ...
Setting up libobjc-9-dev:amd64 (9.4.0-3) ...
Setting up libclang-common-13-dev (1:13.0.0-8) ...
Setting up libomp-13-dev (1:13.0.0-8) ...
Setting up libobjc-11-dev:amd64 (11.2.0-10) ...
Setting up libclang1-13 (1:13.0.0-8) ...
Setting up libclang-cpp13 (1:13.0.0-8) ...
Setting up clang-13 (1:13.0.0-8) ...
Processing triggers for libc-bin (2.32-4) ...
W: --force-yes is deprecated, use one of the options starting with --allow instead.
+ echo 'Replace gcc, g++ & cpp by clang'
Replace gcc, g++ & cpp by clang
+ VERSIONS='4.6 4.7 4.8 4.9 5 6 7 8 9 10 11'
+ cd /usr/bin
+ for VERSION in $VERSIONS
+ rm -f g++-4.6 gcc-4.6 cpp-4.6 gcc
+ ln -s clang++-13 g++-4.6
+ ln -s clang-13 gcc-4.6
+ ln -s clang-13 cpp-4.6
+ ln -s clang-13 gcc
+ dpkg --set-selections
+ echo 'gcc-4.6 hold'
dpkg: warning: package not in status nor available database at line 1: gcc-4.6
dpkg: warning: found unknown packages; this might mean the available database
is outdated, and needs to be updated through a frontend method;
please see the FAQ <https://wiki.debian.org/Teams/Dpkg/FAQ>
+ echo 'g++-4.6 hold'
+ dpkg --set-selections
dpkg: warning: package not in status nor available database at line 1: g++-4.6
dpkg: warning: found unknown packages; this might mean the available database
is outdated, and needs to be updated through a frontend method;
please see the FAQ <https://wiki.debian.org/Teams/Dpkg/FAQ>
+ for VERSION in $VERSIONS
+ rm -f g++-4.7 gcc-4.7 cpp-4.7 gcc
+ ln -s clang++-13 g++-4.7
+ ln -s clang-13 gcc-4.7
+ ln -s clang-13 cpp-4.7
+ ln -s clang-13 gcc
+ echo 'gcc-4.7 hold'
+ dpkg --set-selections
dpkg: warning: package not in status nor available database at line 1: gcc-4.7
dpkg: warning: found unknown packages; this might mean the available database
is outdated, and needs to be updated through a frontend method;
please see the FAQ <https://wiki.debian.org/Teams/Dpkg/FAQ>
+ echo 'g++-4.7 hold'
+ dpkg --set-selections
dpkg: warning: package not in status nor available database at line 1: g++-4.7
dpkg: warning: found unknown packages; this might mean the available database
is outdated, and needs to be updated through a frontend method;
please see the FAQ <https://wiki.debian.org/Teams/Dpkg/FAQ>
+ for VERSION in $VERSIONS
+ rm -f g++-4.8 gcc-4.8 cpp-4.8 gcc
+ ln -s clang++-13 g++-4.8
+ ln -s clang-13 gcc-4.8
+ ln -s clang-13 cpp-4.8
+ ln -s clang-13 gcc
+ echo 'gcc-4.8 hold'
+ dpkg --set-selections
dpkg: warning: package not in status nor available database at line 1: gcc-4.8
dpkg: warning: found unknown packages; this might mean the available database
is outdated, and needs to be updated through a frontend method;
please see the FAQ <https://wiki.debian.org/Teams/Dpkg/FAQ>
+ echo 'g++-4.8 hold'
+ dpkg --set-selections
dpkg: warning: package not in status nor available database at line 1: g++-4.8
dpkg: warning: found unknown packages; this might mean the available database
is outdated, and needs to be updated through a frontend method;
please see the FAQ <https://wiki.debian.org/Teams/Dpkg/FAQ>
+ for VERSION in $VERSIONS
+ rm -f g++-4.9 gcc-4.9 cpp-4.9 gcc
+ ln -s clang++-13 g++-4.9
+ ln -s clang-13 gcc-4.9
+ ln -s clang-13 cpp-4.9
+ ln -s clang-13 gcc
+ echo 'gcc-4.9 hold'
+ dpkg --set-selections
dpkg: warning: package not in status nor available database at line 1: gcc-4.9
dpkg: warning: found unknown packages; this might mean the available database
is outdated, and needs to be updated through a frontend method;
please see the FAQ <https://wiki.debian.org/Teams/Dpkg/FAQ>
+ echo 'g++-4.9 hold'
+ dpkg --set-selections
dpkg: warning: package not in status nor available database at line 1: g++-4.9
dpkg: warning: found unknown packages; this might mean the available database
is outdated, and needs to be updated through a frontend method;
please see the FAQ <https://wiki.debian.org/Teams/Dpkg/FAQ>
+ for VERSION in $VERSIONS
+ rm -f g++-5 gcc-5 cpp-5 gcc
+ ln -s clang++-13 g++-5
+ ln -s clang-13 gcc-5
+ ln -s clang-13 cpp-5
+ ln -s clang-13 gcc
+ echo 'gcc-5 hold'
+ dpkg --set-selections
dpkg: warning: package not in status nor available database at line 1: gcc-5
dpkg: warning: found unknown packages; this might mean the available database
is outdated, and needs to be updated through a frontend method;
please see the FAQ <https://wiki.debian.org/Teams/Dpkg/FAQ>
+ echo 'g++-5 hold'
+ dpkg --set-selections
dpkg: warning: package not in status nor available database at line 1: g++-5
dpkg: warning: found unknown packages; this might mean the available database
is outdated, and needs to be updated through a frontend method;
please see the FAQ <https://wiki.debian.org/Teams/Dpkg/FAQ>
+ for VERSION in $VERSIONS
+ rm -f g++-6 gcc-6 cpp-6 gcc
+ ln -s clang++-13 g++-6
+ ln -s clang-13 gcc-6
+ ln -s clang-13 cpp-6
+ ln -s clang-13 gcc
+ echo 'gcc-6 hold'
+ dpkg --set-selections
dpkg: warning: package not in status nor available database at line 1: gcc-6
dpkg: warning: found unknown packages; this might mean the available database
is outdated, and needs to be updated through a frontend method;
please see the FAQ <https://wiki.debian.org/Teams/Dpkg/FAQ>
+ echo 'g++-6 hold'
+ dpkg --set-selections
dpkg: warning: package not in status nor available database at line 1: g++-6
dpkg: warning: found unknown packages; this might mean the available database
is outdated, and needs to be updated through a frontend method;
please see the FAQ <https://wiki.debian.org/Teams/Dpkg/FAQ>
+ for VERSION in $VERSIONS
+ rm -f g++-7 gcc-7 cpp-7 gcc
+ ln -s clang++-13 g++-7
+ ln -s clang-13 gcc-7
+ ln -s clang-13 cpp-7
+ ln -s clang-13 gcc
+ echo 'gcc-7 hold'
+ dpkg --set-selections
dpkg: warning: package not in status nor available database at line 1: gcc-7
dpkg: warning: found unknown packages; this might mean the available database
is outdated, and needs to be updated through a frontend method;
please see the FAQ <https://wiki.debian.org/Teams/Dpkg/FAQ>
+ echo 'g++-7 hold'
+ dpkg --set-selections
dpkg: warning: package not in status nor available database at line 1: g++-7
dpkg: warning: found unknown packages; this might mean the available database
is outdated, and needs to be updated through a frontend method;
please see the FAQ <https://wiki.debian.org/Teams/Dpkg/FAQ>
+ for VERSION in $VERSIONS
+ rm -f g++-8 gcc-8 cpp-8 gcc
+ ln -s clang++-13 g++-8
+ ln -s clang-13 gcc-8
+ ln -s clang-13 cpp-8
+ ln -s clang-13 gcc
+ echo 'gcc-8 hold'
+ dpkg --set-selections
dpkg: warning: package not in status nor available database at line 1: gcc-8
dpkg: warning: found unknown packages; this might mean the available database
is outdated, and needs to be updated through a frontend method;
please see the FAQ <https://wiki.debian.org/Teams/Dpkg/FAQ>
+ echo 'g++-8 hold'
+ dpkg --set-selections
dpkg: warning: package not in status nor available database at line 1: g++-8
dpkg: warning: found unknown packages; this might mean the available database
is outdated, and needs to be updated through a frontend method;
please see the FAQ <https://wiki.debian.org/Teams/Dpkg/FAQ>
+ for VERSION in $VERSIONS
+ rm -f g++-9 gcc-9 cpp-9 gcc
+ ln -s clang++-13 g++-9
+ ln -s clang-13 gcc-9
+ ln -s clang-13 cpp-9
+ ln -s clang-13 gcc
+ echo 'gcc-9 hold'
+ dpkg --set-selections
dpkg: warning: package not in status nor available database at line 1: gcc-9
dpkg: warning: found unknown packages; this might mean the available database
is outdated, and needs to be updated through a frontend method;
please see the FAQ <https://wiki.debian.org/Teams/Dpkg/FAQ>
+ echo 'g++-9 hold'
+ dpkg --set-selections
dpkg: warning: package not in status nor available database at line 1: g++-9
dpkg: warning: found unknown packages; this might mean the available database
is outdated, and needs to be updated through a frontend method;
please see the FAQ <https://wiki.debian.org/Teams/Dpkg/FAQ>
+ for VERSION in $VERSIONS
+ rm -f g++-10 gcc-10 cpp-10 gcc
+ ln -s clang++-13 g++-10
+ ln -s clang-13 gcc-10
+ ln -s clang-13 cpp-10
+ ln -s clang-13 gcc
+ echo 'gcc-10 hold'
+ dpkg --set-selections
dpkg: warning: package not in status nor available database at line 1: gcc-10
dpkg: warning: found unknown packages; this might mean the available database
is outdated, and needs to be updated through a frontend method;
please see the FAQ <https://wiki.debian.org/Teams/Dpkg/FAQ>
+ echo 'g++-10 hold'
+ dpkg --set-selections
dpkg: warning: package not in status nor available database at line 1: g++-10
dpkg: warning: found unknown packages; this might mean the available database
is outdated, and needs to be updated through a frontend method;
please see the FAQ <https://wiki.debian.org/Teams/Dpkg/FAQ>
+ for VERSION in $VERSIONS
+ rm -f g++-11 gcc-11 cpp-11 gcc
+ ln -s clang++-13 g++-11
+ ln -s clang-13 gcc-11
+ ln -s clang-13 cpp-11
+ ln -s clang-13 gcc
+ echo 'gcc-11 hold'
+ dpkg --set-selections
+ echo 'g++-11 hold'
+ dpkg --set-selections
+ cd -
/build/posterazor-ZxmnBG
+ echo 'Check if gcc, g++ & cpp are actually clang'
Check if gcc, g++ & cpp are actually clang
+ gcc --version
+ grep clang
+ cpp --version
+ grep clang
+ g++ --version
+ grep clang
+ cd /usr/bin/
+ rm -f clang++ clang
+ ln -s clang-13 clang++
+ ln -s clang-13 clang
+ clang++ --version
Debian clang version 13.0.0-8
Target: x86_64-pc-linux-gnu
Thread model: posix
InstalledDir: /usr/bin
+ clang --version
Debian clang version 13.0.0-8
Target: x86_64-pc-linux-gnu
Thread model: posix
InstalledDir: /usr/bin
+ cd -
/build/posterazor-ZxmnBG
+ apt install --yes --no-install-recommends --force-yes qt5-qmake

WARNING: apt does not have a stable CLI interface. Use with caution in scripts.

Reading package lists...
Building dependency tree...
Reading state information...
The following additional packages will be installed:
  qt5-qmake-bin qtchooser
The following NEW packages will be installed:
  qt5-qmake qt5-qmake-bin qtchooser
0 upgraded, 3 newly installed, 0 to remove and 0 not upgraded.
Need to get 1322 kB of archives.
After this operation, 4914 kB of additional disk space will be used.
Get:1 http://127.0.0.1:12990/debian sid/main amd64 qt5-qmake-bin amd64 5.15.2+dfsg-12 [1046 kB]
Get:2 http://127.0.0.1:12990/debian sid/main amd64 qtchooser amd64 66-2 [26.3 kB]
Get:3 http://127.0.0.1:12990/debian sid/main amd64 qt5-qmake amd64 5.15.2+dfsg-12 [249 kB]
debconf: delaying package configuration, since apt-utils is not installed
Fetched 1322 kB in 0s (19.8 MB/s)
Selecting previously unselected package qt5-qmake-bin.
(Reading database ... (Reading database ... 5%(Reading database ... 10%(Reading database ... 15%(Reading database ... 20%(Reading database ... 25%(Reading database ... 30%(Reading database ... 35%(Reading database ... 40%(Reading database ... 45%(Reading database ... 50%(Reading database ... 55%(Reading database ... 60%(Reading database ... 65%(Reading database ... 70%(Reading database ... 75%(Reading database ... 80%(Reading database ... 85%(Reading database ... 90%(Reading database ... 95%(Reading database ... 100%(Reading database ... 13528 files and directories currently installed.)
Preparing to unpack .../qt5-qmake-bin_5.15.2+dfsg-12_amd64.deb ...
Unpacking qt5-qmake-bin (5.15.2+dfsg-12) ...
Selecting previously unselected package qtchooser.
Preparing to unpack .../qtchooser_66-2_amd64.deb ...
Unpacking qtchooser (66-2) ...
Selecting previously unselected package qt5-qmake:amd64.
Preparing to unpack .../qt5-qmake_5.15.2+dfsg-12_amd64.deb ...
Unpacking qt5-qmake:amd64 (5.15.2+dfsg-12) ...
Setting up qt5-qmake-bin (5.15.2+dfsg-12) ...
Setting up qtchooser (66-2) ...
Setting up qt5-qmake:amd64 (5.15.2+dfsg-12) ...
W: --force-yes is deprecated, use one of the options starting with --allow instead.
+ cp /usr/lib/x86_64-linux-gnu/qt5/mkspecs/linux-clang/qmake.conf /usr/lib/x86_64-linux-gnu/qt5/mkspecs/linux-clang/qplatformdefs.h /usr/lib/x86_64-linux-gnu/qt5/mkspecs/linux-g++/
+ ls -al /usr/lib/x86_64-linux-gnu/qt5/mkspecs/linux-g++/
total 16
drwxr-xr-x  2 root root 4096 Oct 26 23:08 .
drwxr-xr-x 76 root root 4096 Oct 26 23:08 ..
-rw-r--r--  1 root root  276 Oct 26 23:08 qmake.conf
-rw-r--r--  1 root root 3218 Oct 26 23:08 qplatformdefs.h
+ cat /usr/lib/x86_64-linux-gnu/qt5/mkspecs/linux-g++/qmake.conf
#
# qmake configuration for linux-clang
#

MAKEFILE_GENERATOR = UNIX
CONFIG += incremental

QMAKE_INCREMENTAL_STYLE = sublib

include(../common/linux.conf)
include(../common/gcc-base-unix.conf)
include(../common/clang.conf)

QMAKE_LFLAGS += -ccc-gcc-name g++

load(qt_config)
+ export QMAKESPEC=/usr/lib/x86_64-linux-gnu/qt5/mkspecs/linux-clang/
+ QMAKESPEC=/usr/lib/x86_64-linux-gnu/qt5/mkspecs/linux-clang/
+ sed -i -e 's|compare_problem(2,|compare_problem(0,|g' /usr/bin/dpkg-gensymbols
+ sed -i -e 's|compare_problem(1,|compare_problem(0,|g' /usr/bin/dpkg-gensymbols
+ grep 'compare_problem(' /usr/bin/dpkg-gensymbols
        compare_problem(4, g_('new libraries appeared in the symbols file: %s'), "@libs");
        compare_problem(3, g_('some libraries disappeared in the symbols file: %s'), "@libs");
        compare_problem(0, g_('some new symbols appeared in the symbols file: %s'),
        compare_problem(0, g_('some symbols or patterns disappeared in the symbols file: %s'),

I: Finished running '/tmp/clang13'.

Finished processing commands.
--------------------------------------------------------------------------------
I: NOTICE: Log filtering will replace 'build/posterazor-ZxmnBG/resolver-fq6RfM' with '<<RESOLVERDIR>>'

+------------------------------------------------------------------------------+
| Update chroot                                                                |
+------------------------------------------------------------------------------+

Hit:1 http://127.0.0.1:12990/debian sid InRelease
Reading package lists...
Reading package lists...
Building dependency tree...
Reading state information...
Calculating upgrade...
0 upgraded, 0 newly installed, 0 to remove and 0 not upgraded.

+------------------------------------------------------------------------------+
| Fetch source files                                                           |
+------------------------------------------------------------------------------+


Check APT
---------

Checking available source versions...

Download source files with APT
------------------------------

Reading package lists...
NOTICE: 'posterazor' packaging is maintained in the 'Git' version control system at:
https://salsa.debian.org/debian/posterazor.git
Please use:
git clone https://salsa.debian.org/debian/posterazor.git
to retrieve the latest (possibly unreleased) updates to the package.
Need to get 303 kB of source archives.
Get:1 http://127.0.0.1:12990/debian sid/main posterazor 1.5.1-10 (dsc) [1973 B]
Get:2 http://127.0.0.1:12990/debian sid/main posterazor 1.5.1-10 (tar) [221 kB]
Get:3 http://127.0.0.1:12990/debian sid/main posterazor 1.5.1-10 (diff) [79.9 kB]
Fetched 303 kB in 0s (3323 kB/s)
Download complete and in download only mode
I: NOTICE: Log filtering will replace 'build/posterazor-ZxmnBG/posterazor-1.5.1' with '<<PKGBUILDDIR>>'
I: NOTICE: Log filtering will replace 'build/posterazor-ZxmnBG' with '<<BUILDDIR>>'

+------------------------------------------------------------------------------+
| Install package build dependencies                                           |
+------------------------------------------------------------------------------+


Setup apt archive
-----------------

Merged Build-Depends: debhelper-compat (= 13), cmake, libfltk1.3-dev, libfreeimage-dev, libxpm-dev, build-essential, fakeroot
Filtered Build-Depends: debhelper-compat (= 13), cmake, libfltk1.3-dev, libfreeimage-dev, libxpm-dev, build-essential, fakeroot
dpkg-deb: building package 'sbuild-build-depends-main-dummy' in '/<<RESOLVERDIR>>/apt_archive/sbuild-build-depends-main-dummy.deb'.
Ign:1 copy:/<<RESOLVERDIR>>/apt_archive ./ InRelease
Get:2 copy:/<<RESOLVERDIR>>/apt_archive ./ Release [957 B]
Ign:3 copy:/<<RESOLVERDIR>>/apt_archive ./ Release.gpg
Get:4 copy:/<<RESOLVERDIR>>/apt_archive ./ Sources [394 B]
Get:5 copy:/<<RESOLVERDIR>>/apt_archive ./ Packages [481 B]
Fetched 1832 B in 0s (175 kB/s)
Reading package lists...
Reading package lists...

Install main build dependencies (apt-based resolver)
----------------------------------------------------

Installing build dependencies
Reading package lists...
Building dependency tree...
Reading state information...
The following additional packages will be installed:
  autoconf automake autopoint autotools-dev bsdextrautils cmake cmake-data
  debhelper dh-autoreconf dh-elpa-helper dh-strip-nondeterminism dwz
  emacsen-common file fontconfig-config fonts-dejavu-core gettext gettext-base
  groff-base intltool-debian libarchive-zip-perl libarchive13 libbrotli1
  libcairo2 libcurl4 libdebhelper-perl libdeflate0 libdrm-amdgpu1
  libdrm-common libdrm-intel1 libdrm-nouveau2 libdrm-radeon1 libdrm2 libelf1
  libexpat1 libfile-stripnondeterminism-perl libfltk-cairo1.3 libfltk-forms1.3
  libfltk-gl1.3 libfltk-images1.3 libfltk1.3 libfltk1.3-dev libfontconfig1
  libfreeimage-dev libfreeimage3 libfreetype6 libgl1 libgl1-mesa-dri
  libglapi-mesa libglvnd0 libglx-mesa0 libglx0 libilmbase25 libjbig0
  libjpeg62-turbo libjsoncpp24 libjxr0 liblcms2-2 libldap-2.4-2 libllvm12
  libmagic-mgc libmagic1 libncurses6 libncursesw6 libnghttp2-14 libopenexr25
  libopenjp2-7 libpciaccess0 libpipeline1 libpixman-1-0 libpng16-16 libprocps8
  libpsl5 libpthread-stubs0-dev libraw20 librhash0 librtmp1 libsasl2-2
  libsasl2-modules-db libsensors-config libsensors5 libsigsegv2 libssh2-1
  libsub-override-perl libtiff5 libtool libuchardet0 libuv1 libvulkan1
  libwebp6 libwebpmux3 libx11-6 libx11-data libx11-dev libx11-xcb1 libxau-dev
  libxau6 libxcb-dri2-0 libxcb-dri3-0 libxcb-glx0 libxcb-present0
  libxcb-render0 libxcb-shm0 libxcb-sync1 libxcb-xfixes0 libxcb1 libxcb1-dev
  libxcursor1 libxdmcp-dev libxdmcp6 libxext6 libxfixes3 libxft2 libxinerama1
  libxpm-dev libxpm4 libxrender1 libxshmfence1 libxxf86vm1 m4 man-db
  po-debconf procps sensible-utils ucf x11proto-dev xorg-sgml-doctools
  xtrans-dev
Suggested packages:
  autoconf-archive gnu-standards autoconf-doc cmake-doc ninja-build dh-make
  gettext-doc libasprintf-dev libgettextpo-dev groff lrzip fltk1.3-doc
  libcairo2-dev libjpeg-dev libpng-dev libxext-dev libxft-dev libxinerama-dev
  zlib1g-dev | libz-dev liblcms2-utils pciutils lm-sensors libtool-doc
  gfortran | fortran95-compiler gcj-jdk libx11-doc libxcb-doc m4-doc apparmor
  less www-browser libmail-box-perl
Recommended packages:
  curl | wget | lynx ca-certificates libarchive-cpio-perl fluid libgl-dev
  libglu1-mesa-dev | libglu-dev libldap-common libgpm2 publicsuffix
  libsasl2-modules libltdl-dev mesa-vulkan-drivers | vulkan-icd
  libmail-sendmail-perl psmisc
The following NEW packages will be installed:
  autoconf automake autopoint autotools-dev bsdextrautils cmake cmake-data
  debhelper dh-autoreconf dh-elpa-helper dh-strip-nondeterminism dwz
  emacsen-common file fontconfig-config fonts-dejavu-core gettext gettext-base
  groff-base intltool-debian libarchive-zip-perl libarchive13 libbrotli1
  libcairo2 libcurl4 libdebhelper-perl libdeflate0 libdrm-amdgpu1
  libdrm-common libdrm-intel1 libdrm-nouveau2 libdrm-radeon1 libdrm2 libelf1
  libexpat1 libfile-stripnondeterminism-perl libfltk-cairo1.3 libfltk-forms1.3
  libfltk-gl1.3 libfltk-images1.3 libfltk1.3 libfltk1.3-dev libfontconfig1
  libfreeimage-dev libfreeimage3 libfreetype6 libgl1 libgl1-mesa-dri
  libglapi-mesa libglvnd0 libglx-mesa0 libglx0 libilmbase25 libjbig0
  libjpeg62-turbo libjsoncpp24 libjxr0 liblcms2-2 libldap-2.4-2 libllvm12
  libmagic-mgc libmagic1 libncurses6 libncursesw6 libnghttp2-14 libopenexr25
  libopenjp2-7 libpciaccess0 libpipeline1 libpixman-1-0 libpng16-16 libprocps8
  libpsl5 libpthread-stubs0-dev libraw20 librhash0 librtmp1 libsasl2-2
  libsasl2-modules-db libsensors-config libsensors5 libsigsegv2 libssh2-1
  libsub-override-perl libtiff5 libtool libuchardet0 libuv1 libvulkan1
  libwebp6 libwebpmux3 libx11-6 libx11-data libx11-dev libx11-xcb1 libxau-dev
  libxau6 libxcb-dri2-0 libxcb-dri3-0 libxcb-glx0 libxcb-present0
  libxcb-render0 libxcb-shm0 libxcb-sync1 libxcb-xfixes0 libxcb1 libxcb1-dev
  libxcursor1 libxdmcp-dev libxdmcp6 libxext6 libxfixes3 libxft2 libxinerama1
  libxpm-dev libxpm4 libxrender1 libxshmfence1 libxxf86vm1 m4 man-db
  po-debconf procps sbuild-build-depends-main-dummy sensible-utils ucf
  x11proto-dev xorg-sgml-doctools xtrans-dev
0 upgraded, 129 newly installed, 0 to remove and 0 not upgraded.
Need to get 65.7 MB of archives.
After this operation, 257 MB of additional disk space will be used.
Get:1 copy:/<<RESOLVERDIR>>/apt_archive ./ sbuild-build-depends-main-dummy 0.invalid.0 [904 B]
Get:2 http://127.0.0.1:12990/debian sid/main amd64 bsdextrautils amd64 2.37.2-4 [143 kB]
Get:3 http://127.0.0.1:12990/debian sid/main amd64 libuchardet0 amd64 0.0.7-1 [67.8 kB]
Get:4 http://127.0.0.1:12990/debian sid/main amd64 groff-base amd64 1.22.4-7 [935 kB]
Get:5 http://127.0.0.1:12990/debian sid/main amd64 libpipeline1 amd64 1.5.3-1 [34.3 kB]
Get:6 http://127.0.0.1:12990/debian sid/main amd64 man-db amd64 2.9.4-2 [1354 kB]
Get:7 http://127.0.0.1:12990/debian sid/main amd64 libncurses6 amd64 6.2+20210905-1 [102 kB]
Get:8 http://127.0.0.1:12990/debian sid/main amd64 libncursesw6 amd64 6.2+20210905-1 [133 kB]
Get:9 http://127.0.0.1:12990/debian sid/main amd64 libprocps8 amd64 2:3.3.17-5 [63.9 kB]
Get:10 http://127.0.0.1:12990/debian sid/main amd64 procps amd64 2:3.3.17-5 [502 kB]
Get:11 http://127.0.0.1:12990/debian sid/main amd64 sensible-utils all 0.0.17 [21.5 kB]
Get:12 http://127.0.0.1:12990/debian sid/main amd64 libmagic-mgc amd64 1:5.39-3 [273 kB]
Get:13 http://127.0.0.1:12990/debian sid/main amd64 libmagic1 amd64 1:5.39-3 [126 kB]
Get:14 http://127.0.0.1:12990/debian sid/main amd64 file amd64 1:5.39-3 [69.1 kB]
Get:15 http://127.0.0.1:12990/debian sid/main amd64 gettext-base amd64 0.21-4 [175 kB]
Get:16 http://127.0.0.1:12990/debian sid/main amd64 ucf all 3.0043 [74.0 kB]
Get:17 http://127.0.0.1:12990/debian sid/main amd64 libsigsegv2 amd64 2.13-1 [34.8 kB]
Get:18 http://127.0.0.1:12990/debian sid/main amd64 m4 amd64 1.4.18-5 [204 kB]
Get:19 http://127.0.0.1:12990/debian sid/main amd64 autoconf all 2.71-2 [343 kB]
Get:20 http://127.0.0.1:12990/debian sid/main amd64 autotools-dev all 20180224.1+nmu1 [77.1 kB]
Get:21 http://127.0.0.1:12990/debian sid/main amd64 automake all 1:1.16.5-1 [823 kB]
Get:22 http://127.0.0.1:12990/debian sid/main amd64 autopoint all 0.21-4 [510 kB]
Get:23 http://127.0.0.1:12990/debian sid/main amd64 libarchive13 amd64 3.4.3-2+b1 [343 kB]
Get:24 http://127.0.0.1:12990/debian sid/main amd64 libbrotli1 amd64 1.0.9-2+b2 [279 kB]
Get:25 http://127.0.0.1:12990/debian sid/main amd64 libsasl2-modules-db amd64 2.1.27+dfsg-2.1 [69.1 kB]
Get:26 http://127.0.0.1:12990/debian sid/main amd64 libsasl2-2 amd64 2.1.27+dfsg-2.1 [106 kB]
Get:27 http://127.0.0.1:12990/debian sid/main amd64 libldap-2.4-2 amd64 2.4.59+dfsg-1 [232 kB]
Get:28 http://127.0.0.1:12990/debian sid/main amd64 libnghttp2-14 amd64 1.43.0-1 [77.1 kB]
Get:29 http://127.0.0.1:12990/debian sid/main amd64 libpsl5 amd64 0.21.0-1.2 [57.3 kB]
Get:30 http://127.0.0.1:12990/debian sid/main amd64 librtmp1 amd64 2.4+20151223.gitfa8646d.1-2+b2 [60.8 kB]
Get:31 http://127.0.0.1:12990/debian sid/main amd64 libssh2-1 amd64 1.10.0-2 [178 kB]
Get:32 http://127.0.0.1:12990/debian sid/main amd64 libcurl4 amd64 7.74.0-1.3+b1 [341 kB]
Get:33 http://127.0.0.1:12990/debian sid/main amd64 libexpat1 amd64 2.4.1-3 [104 kB]
Get:34 http://127.0.0.1:12990/debian sid/main amd64 libjsoncpp24 amd64 1.9.4-5 [78.8 kB]
Get:35 http://127.0.0.1:12990/debian sid/main amd64 librhash0 amd64 1.4.2-1 [129 kB]
Get:36 http://127.0.0.1:12990/debian sid/main amd64 libuv1 amd64 1.42.0-1 [135 kB]
Get:37 http://127.0.0.1:12990/debian sid/main amd64 dh-elpa-helper all 2.0.9 [11.2 kB]
Get:38 http://127.0.0.1:12990/debian sid/main amd64 emacsen-common all 3.0.4 [19.3 kB]
Get:39 http://127.0.0.1:12990/debian sid/main amd64 cmake-data all 3.21.3-5 [1878 kB]
Get:40 http://127.0.0.1:12990/debian sid/main amd64 cmake amd64 3.21.3-5 [7907 kB]
Get:41 http://127.0.0.1:12990/debian sid/main amd64 libdebhelper-perl all 13.5.2 [192 kB]
Get:42 http://127.0.0.1:12990/debian sid/main amd64 libtool all 2.4.6-15 [513 kB]
Get:43 http://127.0.0.1:12990/debian sid/main amd64 dh-autoreconf all 20 [17.1 kB]
Get:44 http://127.0.0.1:12990/debian sid/main amd64 libarchive-zip-perl all 1.68-1 [104 kB]
Get:45 http://127.0.0.1:12990/debian sid/main amd64 libsub-override-perl all 0.09-2 [10.2 kB]
Get:46 http://127.0.0.1:12990/debian sid/main amd64 libfile-stripnondeterminism-perl all 1.12.0-2 [26.3 kB]
Get:47 http://127.0.0.1:12990/debian sid/main amd64 dh-strip-nondeterminism all 1.12.0-2 [15.5 kB]
Get:48 http://127.0.0.1:12990/debian sid/main amd64 libelf1 amd64 0.185-2 [172 kB]
Get:49 http://127.0.0.1:12990/debian sid/main amd64 dwz amd64 0.14-1 [98.3 kB]
Get:50 http://127.0.0.1:12990/debian sid/main amd64 gettext amd64 0.21-4 [1311 kB]
Get:51 http://127.0.0.1:12990/debian sid/main amd64 intltool-debian all 0.35.0+20060710.5 [26.8 kB]
Get:52 http://127.0.0.1:12990/debian sid/main amd64 po-debconf all 1.0.21+nmu1 [248 kB]
Get:53 http://127.0.0.1:12990/debian sid/main amd64 debhelper all 13.5.2 [1056 kB]
Get:54 http://127.0.0.1:12990/debian sid/main amd64 fonts-dejavu-core all 2.37-2 [1069 kB]
Get:55 http://127.0.0.1:12990/debian sid/main amd64 fontconfig-config all 2.13.1-4.2 [281 kB]
Get:56 http://127.0.0.1:12990/debian sid/main amd64 libpng16-16 amd64 1.6.37-3 [294 kB]
Get:57 http://127.0.0.1:12990/debian sid/main amd64 libfreetype6 amd64 2.11.0+dfsg-1 [453 kB]
Get:58 http://127.0.0.1:12990/debian sid/main amd64 libfontconfig1 amd64 2.13.1-4.2 [347 kB]
Get:59 http://127.0.0.1:12990/debian sid/main amd64 libpixman-1-0 amd64 0.40.0-1 [543 kB]
Get:60 http://127.0.0.1:12990/debian sid/main amd64 libxau6 amd64 1:1.0.9-1 [19.7 kB]
Get:61 http://127.0.0.1:12990/debian sid/main amd64 libxdmcp6 amd64 1:1.1.2-3 [26.3 kB]
Get:62 http://127.0.0.1:12990/debian sid/main amd64 libxcb1 amd64 1.14-3 [140 kB]
Get:63 http://127.0.0.1:12990/debian sid/main amd64 libx11-data all 2:1.7.2-2 [311 kB]
Get:64 http://127.0.0.1:12990/debian sid/main amd64 libx11-6 amd64 2:1.7.2-2+b1 [772 kB]
Get:65 http://127.0.0.1:12990/debian sid/main amd64 libxcb-render0 amd64 1.14-3 [111 kB]
Get:66 http://127.0.0.1:12990/debian sid/main amd64 libxcb-shm0 amd64 1.14-3 [101 kB]
Get:67 http://127.0.0.1:12990/debian sid/main amd64 libxext6 amd64 2:1.3.4-1 [53.1 kB]
Get:68 http://127.0.0.1:12990/debian sid/main amd64 libxrender1 amd64 1:0.9.10-1 [33.0 kB]
Get:69 http://127.0.0.1:12990/debian sid/main amd64 libcairo2 amd64 1.16.0-5 [694 kB]
Get:70 http://127.0.0.1:12990/debian sid/main amd64 libdeflate0 amd64 1.8-1 [53.1 kB]
Get:71 http://127.0.0.1:12990/debian sid/main amd64 libdrm-common all 2.4.107-8 [15.3 kB]
Get:72 http://127.0.0.1:12990/debian sid/main amd64 libdrm2 amd64 2.4.107-8 [44.0 kB]
Get:73 http://127.0.0.1:12990/debian sid/main amd64 libdrm-amdgpu1 amd64 2.4.107-8 [29.0 kB]
Get:74 http://127.0.0.1:12990/debian sid/main amd64 libpciaccess0 amd64 0.16-1 [53.6 kB]
Get:75 http://127.0.0.1:12990/debian sid/main amd64 libdrm-intel1 amd64 2.4.107-8 [72.5 kB]
Get:76 http://127.0.0.1:12990/debian sid/main amd64 libdrm-nouveau2 amd64 2.4.107-8 [27.3 kB]
Get:77 http://127.0.0.1:12990/debian sid/main amd64 libdrm-radeon1 amd64 2.4.107-8 [30.6 kB]
Get:78 http://127.0.0.1:12990/debian sid/main amd64 libxfixes3 amd64 1:5.0.3-2 [22.1 kB]
Get:79 http://127.0.0.1:12990/debian sid/main amd64 libxcursor1 amd64 1:1.2.0-2 [37.3 kB]
Get:80 http://127.0.0.1:12990/debian sid/main amd64 libxft2 amd64 2.3.2-2 [57.2 kB]
Get:81 http://127.0.0.1:12990/debian sid/main amd64 libxinerama1 amd64 2:1.1.4-2 [17.7 kB]
Get:82 http://127.0.0.1:12990/debian sid/main amd64 libfltk1.3 amd64 1.3.5-3 [566 kB]
Get:83 http://127.0.0.1:12990/debian sid/main amd64 libfltk-cairo1.3 amd64 1.3.5-3 [43.4 kB]
Get:84 http://127.0.0.1:12990/debian sid/main amd64 libfltk-forms1.3 amd64 1.3.5-3 [50.0 kB]
Get:85 http://127.0.0.1:12990/debian sid/main amd64 libglvnd0 amd64 1.3.4-2+b1 [51.7 kB]
Get:86 http://127.0.0.1:12990/debian sid/main amd64 libglapi-mesa amd64 21.2.4-1 [74.9 kB]
Get:87 http://127.0.0.1:12990/debian sid/main amd64 libx11-xcb1 amd64 2:1.7.2-2+b1 [203 kB]
Get:88 http://127.0.0.1:12990/debian sid/main amd64 libxcb-dri2-0 amd64 1.14-3 [103 kB]
Get:89 http://127.0.0.1:12990/debian sid/main amd64 libxcb-dri3-0 amd64 1.14-3 [102 kB]
Get:90 http://127.0.0.1:12990/debian sid/main amd64 libxcb-glx0 amd64 1.14-3 [118 kB]
Get:91 http://127.0.0.1:12990/debian sid/main amd64 libxcb-present0 amd64 1.14-3 [101 kB]
Get:92 http://127.0.0.1:12990/debian sid/main amd64 libxcb-sync1 amd64 1.14-3 [105 kB]
Get:93 http://127.0.0.1:12990/debian sid/main amd64 libxcb-xfixes0 amd64 1.14-3 [105 kB]
Get:94 http://127.0.0.1:12990/debian sid/main amd64 libxshmfence1 amd64 1.3-1 [8820 B]
Get:95 http://127.0.0.1:12990/debian sid/main amd64 libxxf86vm1 amd64 1:1.1.4-1+b2 [20.8 kB]
Get:96 http://127.0.0.1:12990/debian sid/main amd64 libllvm12 amd64 1:12.0.1-15 [19.4 MB]
Get:97 http://127.0.0.1:12990/debian sid/main amd64 libsensors-config all 1:3.6.0-7 [32.3 kB]
Get:98 http://127.0.0.1:12990/debian sid/main amd64 libsensors5 amd64 1:3.6.0-7 [52.3 kB]
Get:99 http://127.0.0.1:12990/debian sid/main amd64 libvulkan1 amd64 1.2.189.0-2 [104 kB]
Get:100 http://127.0.0.1:12990/debian sid/main amd64 libgl1-mesa-dri amd64 21.2.4-1 [10.3 MB]
Get:101 http://127.0.0.1:12990/debian sid/main amd64 libglx-mesa0 amd64 21.2.4-1 [184 kB]
Get:102 http://127.0.0.1:12990/debian sid/main amd64 libglx0 amd64 1.3.4-2+b1 [36.5 kB]
Get:103 http://127.0.0.1:12990/debian sid/main amd64 libgl1 amd64 1.3.4-2+b1 [89.6 kB]
Get:104 http://127.0.0.1:12990/debian sid/main amd64 libfltk-gl1.3 amd64 1.3.5-3 [76.4 kB]
Get:105 http://127.0.0.1:12990/debian sid/main amd64 libjpeg62-turbo amd64 1:2.0.6-4 [151 kB]
Get:106 http://127.0.0.1:12990/debian sid/main amd64 libfltk-images1.3 amd64 1.3.5-3 [62.9 kB]
Get:107 http://127.0.0.1:12990/debian sid/main amd64 xorg-sgml-doctools all 1:1.11-1.1 [22.1 kB]
Get:108 http://127.0.0.1:12990/debian sid/main amd64 x11proto-dev all 2021.5-1 [599 kB]
Get:109 http://127.0.0.1:12990/debian sid/main amd64 libxau-dev amd64 1:1.0.9-1 [22.9 kB]
Get:110 http://127.0.0.1:12990/debian sid/main amd64 libxdmcp-dev amd64 1:1.1.2-3 [42.2 kB]
Get:111 http://127.0.0.1:12990/debian sid/main amd64 xtrans-dev all 1.4.0-1 [98.7 kB]
Get:112 http://127.0.0.1:12990/debian sid/main amd64 libpthread-stubs0-dev amd64 0.4-1 [5344 B]
Get:113 http://127.0.0.1:12990/debian sid/main amd64 libxcb1-dev amd64 1.14-3 [176 kB]
Get:114 http://127.0.0.1:12990/debian sid/main amd64 libx11-dev amd64 2:1.7.2-2+b1 [844 kB]
Get:115 http://127.0.0.1:12990/debian sid/main amd64 libfltk1.3-dev amd64 1.3.5-3 [855 kB]
Get:116 http://127.0.0.1:12990/debian sid/main amd64 libilmbase25 amd64 2.5.7-2 [204 kB]
Get:117 http://127.0.0.1:12990/debian sid/main amd64 libjxr0 amd64 1.1-6+b1 [160 kB]
Get:118 http://127.0.0.1:12990/debian sid/main amd64 libopenexr25 amd64 2.5.7-1 [685 kB]
Get:119 http://127.0.0.1:12990/debian sid/main amd64 libopenjp2-7 amd64 2.4.0-3 [172 kB]
Get:120 http://127.0.0.1:12990/debian sid/main amd64 liblcms2-2 amd64 2.12~rc1-2 [150 kB]
Get:121 http://127.0.0.1:12990/debian sid/main amd64 libraw20 amd64 0.20.2-2 [349 kB]
Get:122 http://127.0.0.1:12990/debian sid/main amd64 libjbig0 amd64 2.1-3.1+b2 [31.0 kB]
Get:123 http://127.0.0.1:12990/debian sid/main amd64 libwebp6 amd64 0.6.1-2.1 [258 kB]
Get:124 http://127.0.0.1:12990/debian sid/main amd64 libtiff5 amd64 4.3.0-2 [294 kB]
Get:125 http://127.0.0.1:12990/debian sid/main amd64 libwebpmux3 amd64 0.6.1-2.1 [97.6 kB]
Get:126 http://127.0.0.1:12990/debian sid/main amd64 libfreeimage3 amd64 3.18.0+ds2-6 [298 kB]
Get:127 http://127.0.0.1:12990/debian sid/main amd64 libfreeimage-dev amd64 3.18.0+ds2-6 [361 kB]
Get:128 http://127.0.0.1:12990/debian sid/main amd64 libxpm4 amd64 1:3.5.12-1 [49.1 kB]
Get:129 http://127.0.0.1:12990/debian sid/main amd64 libxpm-dev amd64 1:3.5.12-1 [104 kB]
debconf: delaying package configuration, since apt-utils is not installed
Fetched 65.7 MB in 0s (134 MB/s)
Selecting previously unselected package bsdextrautils.
(Reading database ... 14273 files and directories currently installed.)
Preparing to unpack .../000-bsdextrautils_2.37.2-4_amd64.deb ...
Unpacking bsdextrautils (2.37.2-4) ...
Selecting previously unselected package libuchardet0:amd64.
Preparing to unpack .../001-libuchardet0_0.0.7-1_amd64.deb ...
Unpacking libuchardet0:amd64 (0.0.7-1) ...
Selecting previously unselected package groff-base.
Preparing to unpack .../002-groff-base_1.22.4-7_amd64.deb ...
Unpacking groff-base (1.22.4-7) ...
Selecting previously unselected package libpipeline1:amd64.
Preparing to unpack .../003-libpipeline1_1.5.3-1_amd64.deb ...
Unpacking libpipeline1:amd64 (1.5.3-1) ...
Selecting previously unselected package man-db.
Preparing to unpack .../004-man-db_2.9.4-2_amd64.deb ...
Unpacking man-db (2.9.4-2) ...
Selecting previously unselected package libncurses6:amd64.
Preparing to unpack .../005-libncurses6_6.2+20210905-1_amd64.deb ...
Unpacking libncurses6:amd64 (6.2+20210905-1) ...
Selecting previously unselected package libncursesw6:amd64.
Preparing to unpack .../006-libncursesw6_6.2+20210905-1_amd64.deb ...
Unpacking libncursesw6:amd64 (6.2+20210905-1) ...
Selecting previously unselected package libprocps8:amd64.
Preparing to unpack .../007-libprocps8_2%3a3.3.17-5_amd64.deb ...
Unpacking libprocps8:amd64 (2:3.3.17-5) ...
Selecting previously unselected package procps.
Preparing to unpack .../008-procps_2%3a3.3.17-5_amd64.deb ...
Unpacking procps (2:3.3.17-5) ...
Selecting previously unselected package sensible-utils.
Preparing to unpack .../009-sensible-utils_0.0.17_all.deb ...
Unpacking sensible-utils (0.0.17) ...
Selecting previously unselected package libmagic-mgc.
Preparing to unpack .../010-libmagic-mgc_1%3a5.39-3_amd64.deb ...
Unpacking libmagic-mgc (1:5.39-3) ...
Selecting previously unselected package libmagic1:amd64.
Preparing to unpack .../011-libmagic1_1%3a5.39-3_amd64.deb ...
Unpacking libmagic1:amd64 (1:5.39-3) ...
Selecting previously unselected package file.
Preparing to unpack .../012-file_1%3a5.39-3_amd64.deb ...
Unpacking file (1:5.39-3) ...
Selecting previously unselected package gettext-base.
Preparing to unpack .../013-gettext-base_0.21-4_amd64.deb ...
Unpacking gettext-base (0.21-4) ...
Selecting previously unselected package ucf.
Preparing to unpack .../014-ucf_3.0043_all.deb ...
Moving old data out of the way
Unpacking ucf (3.0043) ...
Selecting previously unselected package libsigsegv2:amd64.
Preparing to unpack .../015-libsigsegv2_2.13-1_amd64.deb ...
Unpacking libsigsegv2:amd64 (2.13-1) ...
Selecting previously unselected package m4.
Preparing to unpack .../016-m4_1.4.18-5_amd64.deb ...
Unpacking m4 (1.4.18-5) ...
Selecting previously unselected package autoconf.
Preparing to unpack .../017-autoconf_2.71-2_all.deb ...
Unpacking autoconf (2.71-2) ...
Selecting previously unselected package autotools-dev.
Preparing to unpack .../018-autotools-dev_20180224.1+nmu1_all.deb ...
Unpacking autotools-dev (20180224.1+nmu1) ...
Selecting previously unselected package automake.
Preparing to unpack .../019-automake_1%3a1.16.5-1_all.deb ...
Unpacking automake (1:1.16.5-1) ...
Selecting previously unselected package autopoint.
Preparing to unpack .../020-autopoint_0.21-4_all.deb ...
Unpacking autopoint (0.21-4) ...
Selecting previously unselected package libarchive13:amd64.
Preparing to unpack .../021-libarchive13_3.4.3-2+b1_amd64.deb ...
Unpacking libarchive13:amd64 (3.4.3-2+b1) ...
Selecting previously unselected package libbrotli1:amd64.
Preparing to unpack .../022-libbrotli1_1.0.9-2+b2_amd64.deb ...
Unpacking libbrotli1:amd64 (1.0.9-2+b2) ...
Selecting previously unselected package libsasl2-modules-db:amd64.
Preparing to unpack .../023-libsasl2-modules-db_2.1.27+dfsg-2.1_amd64.deb ...
Unpacking libsasl2-modules-db:amd64 (2.1.27+dfsg-2.1) ...
Selecting previously unselected package libsasl2-2:amd64.
Preparing to unpack .../024-libsasl2-2_2.1.27+dfsg-2.1_amd64.deb ...
Unpacking libsasl2-2:amd64 (2.1.27+dfsg-2.1) ...
Selecting previously unselected package libldap-2.4-2:amd64.
Preparing to unpack .../025-libldap-2.4-2_2.4.59+dfsg-1_amd64.deb ...
Unpacking libldap-2.4-2:amd64 (2.4.59+dfsg-1) ...
Selecting previously unselected package libnghttp2-14:amd64.
Preparing to unpack .../026-libnghttp2-14_1.43.0-1_amd64.deb ...
Unpacking libnghttp2-14:amd64 (1.43.0-1) ...
Selecting previously unselected package libpsl5:amd64.
Preparing to unpack .../027-libpsl5_0.21.0-1.2_amd64.deb ...
Unpacking libpsl5:amd64 (0.21.0-1.2) ...
Selecting previously unselected package librtmp1:amd64.
Preparing to unpack .../028-librtmp1_2.4+20151223.gitfa8646d.1-2+b2_amd64.deb ...
Unpacking librtmp1:amd64 (2.4+20151223.gitfa8646d.1-2+b2) ...
Selecting previously unselected package libssh2-1:amd64.
Preparing to unpack .../029-libssh2-1_1.10.0-2_amd64.deb ...
Unpacking libssh2-1:amd64 (1.10.0-2) ...
Selecting previously unselected package libcurl4:amd64.
Preparing to unpack .../030-libcurl4_7.74.0-1.3+b1_amd64.deb ...
Unpacking libcurl4:amd64 (7.74.0-1.3+b1) ...
Selecting previously unselected package libexpat1:amd64.
Preparing to unpack .../031-libexpat1_2.4.1-3_amd64.deb ...
Unpacking libexpat1:amd64 (2.4.1-3) ...
Selecting previously unselected package libjsoncpp24:amd64.
Preparing to unpack .../032-libjsoncpp24_1.9.4-5_amd64.deb ...
Unpacking libjsoncpp24:amd64 (1.9.4-5) ...
Selecting previously unselected package librhash0:amd64.
Preparing to unpack .../033-librhash0_1.4.2-1_amd64.deb ...
Unpacking librhash0:amd64 (1.4.2-1) ...
Selecting previously unselected package libuv1:amd64.
Preparing to unpack .../034-libuv1_1.42.0-1_amd64.deb ...
Unpacking libuv1:amd64 (1.42.0-1) ...
Selecting previously unselected package dh-elpa-helper.
Preparing to unpack .../035-dh-elpa-helper_2.0.9_all.deb ...
Unpacking dh-elpa-helper (2.0.9) ...
Selecting previously unselected package emacsen-common.
Preparing to unpack .../036-emacsen-common_3.0.4_all.deb ...
Unpacking emacsen-common (3.0.4) ...
Selecting previously unselected package cmake-data.
Preparing to unpack .../037-cmake-data_3.21.3-5_all.deb ...
Unpacking cmake-data (3.21.3-5) ...
Selecting previously unselected package cmake.
Preparing to unpack .../038-cmake_3.21.3-5_amd64.deb ...
Unpacking cmake (3.21.3-5) ...
Selecting previously unselected package libdebhelper-perl.
Preparing to unpack .../039-libdebhelper-perl_13.5.2_all.deb ...
Unpacking libdebhelper-perl (13.5.2) ...
Selecting previously unselected package libtool.
Preparing to unpack .../040-libtool_2.4.6-15_all.deb ...
Unpacking libtool (2.4.6-15) ...
Selecting previously unselected package dh-autoreconf.
Preparing to unpack .../041-dh-autoreconf_20_all.deb ...
Unpacking dh-autoreconf (20) ...
Selecting previously unselected package libarchive-zip-perl.
Preparing to unpack .../042-libarchive-zip-perl_1.68-1_all.deb ...
Unpacking libarchive-zip-perl (1.68-1) ...
Selecting previously unselected package libsub-override-perl.
Preparing to unpack .../043-libsub-override-perl_0.09-2_all.deb ...
Unpacking libsub-override-perl (0.09-2) ...
Selecting previously unselected package libfile-stripnondeterminism-perl.
Preparing to unpack .../044-libfile-stripnondeterminism-perl_1.12.0-2_all.deb ...
Unpacking libfile-stripnondeterminism-perl (1.12.0-2) ...
Selecting previously unselected package dh-strip-nondeterminism.
Preparing to unpack .../045-dh-strip-nondeterminism_1.12.0-2_all.deb ...
Unpacking dh-strip-nondeterminism (1.12.0-2) ...
Selecting previously unselected package libelf1:amd64.
Preparing to unpack .../046-libelf1_0.185-2_amd64.deb ...
Unpacking libelf1:amd64 (0.185-2) ...
Selecting previously unselected package dwz.
Preparing to unpack .../047-dwz_0.14-1_amd64.deb ...
Unpacking dwz (0.14-1) ...
Selecting previously unselected package gettext.
Preparing to unpack .../048-gettext_0.21-4_amd64.deb ...
Unpacking gettext (0.21-4) ...
Selecting previously unselected package intltool-debian.
Preparing to unpack .../049-intltool-debian_0.35.0+20060710.5_all.deb ...
Unpacking intltool-debian (0.35.0+20060710.5) ...
Selecting previously unselected package po-debconf.
Preparing to unpack .../050-po-debconf_1.0.21+nmu1_all.deb ...
Unpacking po-debconf (1.0.21+nmu1) ...
Selecting previously unselected package debhelper.
Preparing to unpack .../051-debhelper_13.5.2_all.deb ...
Unpacking debhelper (13.5.2) ...
Selecting previously unselected package fonts-dejavu-core.
Preparing to unpack .../052-fonts-dejavu-core_2.37-2_all.deb ...
Unpacking fonts-dejavu-core (2.37-2) ...
Selecting previously unselected package fontconfig-config.
Preparing to unpack .../053-fontconfig-config_2.13.1-4.2_all.deb ...
Unpacking fontconfig-config (2.13.1-4.2) ...
Selecting previously unselected package libpng16-16:amd64.
Preparing to unpack .../054-libpng16-16_1.6.37-3_amd64.deb ...
Unpacking libpng16-16:amd64 (1.6.37-3) ...
Selecting previously unselected package libfreetype6:amd64.
Preparing to unpack .../055-libfreetype6_2.11.0+dfsg-1_amd64.deb ...
Unpacking libfreetype6:amd64 (2.11.0+dfsg-1) ...
Selecting previously unselected package libfontconfig1:amd64.
Preparing to unpack .../056-libfontconfig1_2.13.1-4.2_amd64.deb ...
Unpacking libfontconfig1:amd64 (2.13.1-4.2) ...
Selecting previously unselected package libpixman-1-0:amd64.
Preparing to unpack .../057-libpixman-1-0_0.40.0-1_amd64.deb ...
Unpacking libpixman-1-0:amd64 (0.40.0-1) ...
Selecting previously unselected package libxau6:amd64.
Preparing to unpack .../058-libxau6_1%3a1.0.9-1_amd64.deb ...
Unpacking libxau6:amd64 (1:1.0.9-1) ...
Selecting previously unselected package libxdmcp6:amd64.
Preparing to unpack .../059-libxdmcp6_1%3a1.1.2-3_amd64.deb ...
Unpacking libxdmcp6:amd64 (1:1.1.2-3) ...
Selecting previously unselected package libxcb1:amd64.
Preparing to unpack .../060-libxcb1_1.14-3_amd64.deb ...
Unpacking libxcb1:amd64 (1.14-3) ...
Selecting previously unselected package libx11-data.
Preparing to unpack .../061-libx11-data_2%3a1.7.2-2_all.deb ...
Unpacking libx11-data (2:1.7.2-2) ...
Selecting previously unselected package libx11-6:amd64.
Preparing to unpack .../062-libx11-6_2%3a1.7.2-2+b1_amd64.deb ...
Unpacking libx11-6:amd64 (2:1.7.2-2+b1) ...
Selecting previously unselected package libxcb-render0:amd64.
Preparing to unpack .../063-libxcb-render0_1.14-3_amd64.deb ...
Unpacking libxcb-render0:amd64 (1.14-3) ...
Selecting previously unselected package libxcb-shm0:amd64.
Preparing to unpack .../064-libxcb-shm0_1.14-3_amd64.deb ...
Unpacking libxcb-shm0:amd64 (1.14-3) ...
Selecting previously unselected package libxext6:amd64.
Preparing to unpack .../065-libxext6_2%3a1.3.4-1_amd64.deb ...
Unpacking libxext6:amd64 (2:1.3.4-1) ...
Selecting previously unselected package libxrender1:amd64.
Preparing to unpack .../066-libxrender1_1%3a0.9.10-1_amd64.deb ...
Unpacking libxrender1:amd64 (1:0.9.10-1) ...
Selecting previously unselected package libcairo2:amd64.
Preparing to unpack .../067-libcairo2_1.16.0-5_amd64.deb ...
Unpacking libcairo2:amd64 (1.16.0-5) ...
Selecting previously unselected package libdeflate0:amd64.
Preparing to unpack .../068-libdeflate0_1.8-1_amd64.deb ...
Unpacking libdeflate0:amd64 (1.8-1) ...
Selecting previously unselected package libdrm-common.
Preparing to unpack .../069-libdrm-common_2.4.107-8_all.deb ...
Unpacking libdrm-common (2.4.107-8) ...
Selecting previously unselected package libdrm2:amd64.
Preparing to unpack .../070-libdrm2_2.4.107-8_amd64.deb ...
Unpacking libdrm2:amd64 (2.4.107-8) ...
Selecting previously unselected package libdrm-amdgpu1:amd64.
Preparing to unpack .../071-libdrm-amdgpu1_2.4.107-8_amd64.deb ...
Unpacking libdrm-amdgpu1:amd64 (2.4.107-8) ...
Selecting previously unselected package libpciaccess0:amd64.
Preparing to unpack .../072-libpciaccess0_0.16-1_amd64.deb ...
Unpacking libpciaccess0:amd64 (0.16-1) ...
Selecting previously unselected package libdrm-intel1:amd64.
Preparing to unpack .../073-libdrm-intel1_2.4.107-8_amd64.deb ...
Unpacking libdrm-intel1:amd64 (2.4.107-8) ...
Selecting previously unselected package libdrm-nouveau2:amd64.
Preparing to unpack .../074-libdrm-nouveau2_2.4.107-8_amd64.deb ...
Unpacking libdrm-nouveau2:amd64 (2.4.107-8) ...
Selecting previously unselected package libdrm-radeon1:amd64.
Preparing to unpack .../075-libdrm-radeon1_2.4.107-8_amd64.deb ...
Unpacking libdrm-radeon1:amd64 (2.4.107-8) ...
Selecting previously unselected package libxfixes3:amd64.
Preparing to unpack .../076-libxfixes3_1%3a5.0.3-2_amd64.deb ...
Unpacking libxfixes3:amd64 (1:5.0.3-2) ...
Selecting previously unselected package libxcursor1:amd64.
Preparing to unpack .../077-libxcursor1_1%3a1.2.0-2_amd64.deb ...
Unpacking libxcursor1:amd64 (1:1.2.0-2) ...
Selecting previously unselected package libxft2:amd64.
Preparing to unpack .../078-libxft2_2.3.2-2_amd64.deb ...
Unpacking libxft2:amd64 (2.3.2-2) ...
Selecting previously unselected package libxinerama1:amd64.
Preparing to unpack .../079-libxinerama1_2%3a1.1.4-2_amd64.deb ...
Unpacking libxinerama1:amd64 (2:1.1.4-2) ...
Selecting previously unselected package libfltk1.3:amd64.
Preparing to unpack .../080-libfltk1.3_1.3.5-3_amd64.deb ...
Unpacking libfltk1.3:amd64 (1.3.5-3) ...
Selecting previously unselected package libfltk-cairo1.3:amd64.
Preparing to unpack .../081-libfltk-cairo1.3_1.3.5-3_amd64.deb ...
Unpacking libfltk-cairo1.3:amd64 (1.3.5-3) ...
Selecting previously unselected package libfltk-forms1.3:amd64.
Preparing to unpack .../082-libfltk-forms1.3_1.3.5-3_amd64.deb ...
Unpacking libfltk-forms1.3:amd64 (1.3.5-3) ...
Selecting previously unselected package libglvnd0:amd64.
Preparing to unpack .../083-libglvnd0_1.3.4-2+b1_amd64.deb ...
Unpacking libglvnd0:amd64 (1.3.4-2+b1) ...
Selecting previously unselected package libglapi-mesa:amd64.
Preparing to unpack .../084-libglapi-mesa_21.2.4-1_amd64.deb ...
Unpacking libglapi-mesa:amd64 (21.2.4-1) ...
Selecting previously unselected package libx11-xcb1:amd64.
Preparing to unpack .../085-libx11-xcb1_2%3a1.7.2-2+b1_amd64.deb ...
Unpacking libx11-xcb1:amd64 (2:1.7.2-2+b1) ...
Selecting previously unselected package libxcb-dri2-0:amd64.
Preparing to unpack .../086-libxcb-dri2-0_1.14-3_amd64.deb ...
Unpacking libxcb-dri2-0:amd64 (1.14-3) ...
Selecting previously unselected package libxcb-dri3-0:amd64.
Preparing to unpack .../087-libxcb-dri3-0_1.14-3_amd64.deb ...
Unpacking libxcb-dri3-0:amd64 (1.14-3) ...
Selecting previously unselected package libxcb-glx0:amd64.
Preparing to unpack .../088-libxcb-glx0_1.14-3_amd64.deb ...
Unpacking libxcb-glx0:amd64 (1.14-3) ...
Selecting previously unselected package libxcb-present0:amd64.
Preparing to unpack .../089-libxcb-present0_1.14-3_amd64.deb ...
Unpacking libxcb-present0:amd64 (1.14-3) ...
Selecting previously unselected package libxcb-sync1:amd64.
Preparing to unpack .../090-libxcb-sync1_1.14-3_amd64.deb ...
Unpacking libxcb-sync1:amd64 (1.14-3) ...
Selecting previously unselected package libxcb-xfixes0:amd64.
Preparing to unpack .../091-libxcb-xfixes0_1.14-3_amd64.deb ...
Unpacking libxcb-xfixes0:amd64 (1.14-3) ...
Selecting previously unselected package libxshmfence1:amd64.
Preparing to unpack .../092-libxshmfence1_1.3-1_amd64.deb ...
Unpacking libxshmfence1:amd64 (1.3-1) ...
Selecting previously unselected package libxxf86vm1:amd64.
Preparing to unpack .../093-libxxf86vm1_1%3a1.1.4-1+b2_amd64.deb ...
Unpacking libxxf86vm1:amd64 (1:1.1.4-1+b2) ...
Selecting previously unselected package libllvm12:amd64.
Preparing to unpack .../094-libllvm12_1%3a12.0.1-15_amd64.deb ...
Unpacking libllvm12:amd64 (1:12.0.1-15) ...
Selecting previously unselected package libsensors-config.
Preparing to unpack .../095-libsensors-config_1%3a3.6.0-7_all.deb ...
Unpacking libsensors-config (1:3.6.0-7) ...
Selecting previously unselected package libsensors5:amd64.
Preparing to unpack .../096-libsensors5_1%3a3.6.0-7_amd64.deb ...
Unpacking libsensors5:amd64 (1:3.6.0-7) ...
Selecting previously unselected package libvulkan1:amd64.
Preparing to unpack .../097-libvulkan1_1.2.189.0-2_amd64.deb ...
Unpacking libvulkan1:amd64 (1.2.189.0-2) ...
Selecting previously unselected package libgl1-mesa-dri:amd64.
Preparing to unpack .../098-libgl1-mesa-dri_21.2.4-1_amd64.deb ...
Unpacking libgl1-mesa-dri:amd64 (21.2.4-1) ...
Selecting previously unselected package libglx-mesa0:amd64.
Preparing to unpack .../099-libglx-mesa0_21.2.4-1_amd64.deb ...
Unpacking libglx-mesa0:amd64 (21.2.4-1) ...
Selecting previously unselected package libglx0:amd64.
Preparing to unpack .../100-libglx0_1.3.4-2+b1_amd64.deb ...
Unpacking libglx0:amd64 (1.3.4-2+b1) ...
Selecting previously unselected package libgl1:amd64.
Preparing to unpack .../101-libgl1_1.3.4-2+b1_amd64.deb ...
Unpacking libgl1:amd64 (1.3.4-2+b1) ...
Selecting previously unselected package libfltk-gl1.3:amd64.
Preparing to unpack .../102-libfltk-gl1.3_1.3.5-3_amd64.deb ...
Unpacking libfltk-gl1.3:amd64 (1.3.5-3) ...
Selecting previously unselected package libjpeg62-turbo:amd64.
Preparing to unpack .../103-libjpeg62-turbo_1%3a2.0.6-4_amd64.deb ...
Unpacking libjpeg62-turbo:amd64 (1:2.0.6-4) ...
Selecting previously unselected package libfltk-images1.3:amd64.
Preparing to unpack .../104-libfltk-images1.3_1.3.5-3_amd64.deb ...
Unpacking libfltk-images1.3:amd64 (1.3.5-3) ...
Selecting previously unselected package xorg-sgml-doctools.
Preparing to unpack .../105-xorg-sgml-doctools_1%3a1.11-1.1_all.deb ...
Unpacking xorg-sgml-doctools (1:1.11-1.1) ...
Selecting previously unselected package x11proto-dev.
Preparing to unpack .../106-x11proto-dev_2021.5-1_all.deb ...
Unpacking x11proto-dev (2021.5-1) ...
Selecting previously unselected package libxau-dev:amd64.
Preparing to unpack .../107-libxau-dev_1%3a1.0.9-1_amd64.deb ...
Unpacking libxau-dev:amd64 (1:1.0.9-1) ...
Selecting previously unselected package libxdmcp-dev:amd64.
Preparing to unpack .../108-libxdmcp-dev_1%3a1.1.2-3_amd64.deb ...
Unpacking libxdmcp-dev:amd64 (1:1.1.2-3) ...
Selecting previously unselected package xtrans-dev.
Preparing to unpack .../109-xtrans-dev_1.4.0-1_all.deb ...
Unpacking xtrans-dev (1.4.0-1) ...
Selecting previously unselected package libpthread-stubs0-dev:amd64.
Preparing to unpack .../110-libpthread-stubs0-dev_0.4-1_amd64.deb ...
Unpacking libpthread-stubs0-dev:amd64 (0.4-1) ...
Selecting previously unselected package libxcb1-dev:amd64.
Preparing to unpack .../111-libxcb1-dev_1.14-3_amd64.deb ...
Unpacking libxcb1-dev:amd64 (1.14-3) ...
Selecting previously unselected package libx11-dev:amd64.
Preparing to unpack .../112-libx11-dev_2%3a1.7.2-2+b1_amd64.deb ...
Unpacking libx11-dev:amd64 (2:1.7.2-2+b1) ...
Selecting previously unselected package libfltk1.3-dev.
Preparing to unpack .../113-libfltk1.3-dev_1.3.5-3_amd64.deb ...
Unpacking libfltk1.3-dev (1.3.5-3) ...
Selecting previously unselected package libilmbase25:amd64.
Preparing to unpack .../114-libilmbase25_2.5.7-2_amd64.deb ...
Unpacking libilmbase25:amd64 (2.5.7-2) ...
Selecting previously unselected package libjxr0:amd64.
Preparing to unpack .../115-libjxr0_1.1-6+b1_amd64.deb ...
Unpacking libjxr0:amd64 (1.1-6+b1) ...
Selecting previously unselected package libopenexr25:amd64.
Preparing to unpack .../116-libopenexr25_2.5.7-1_amd64.deb ...
Unpacking libopenexr25:amd64 (2.5.7-1) ...
Selecting previously unselected package libopenjp2-7:amd64.
Preparing to unpack .../117-libopenjp2-7_2.4.0-3_amd64.deb ...
Unpacking libopenjp2-7:amd64 (2.4.0-3) ...
Selecting previously unselected package liblcms2-2:amd64.
Preparing to unpack .../118-liblcms2-2_2.12~rc1-2_amd64.deb ...
Unpacking liblcms2-2:amd64 (2.12~rc1-2) ...
Selecting previously unselected package libraw20:amd64.
Preparing to unpack .../119-libraw20_0.20.2-2_amd64.deb ...
Unpacking libraw20:amd64 (0.20.2-2) ...
Selecting previously unselected package libjbig0:amd64.
Preparing to unpack .../120-libjbig0_2.1-3.1+b2_amd64.deb ...
Unpacking libjbig0:amd64 (2.1-3.1+b2) ...
Selecting previously unselected package libwebp6:amd64.
Preparing to unpack .../121-libwebp6_0.6.1-2.1_amd64.deb ...
Unpacking libwebp6:amd64 (0.6.1-2.1) ...
Selecting previously unselected package libtiff5:amd64.
Preparing to unpack .../122-libtiff5_4.3.0-2_amd64.deb ...
Unpacking libtiff5:amd64 (4.3.0-2) ...
Selecting previously unselected package libwebpmux3:amd64.
Preparing to unpack .../123-libwebpmux3_0.6.1-2.1_amd64.deb ...
Unpacking libwebpmux3:amd64 (0.6.1-2.1) ...
Selecting previously unselected package libfreeimage3:amd64.
Preparing to unpack .../124-libfreeimage3_3.18.0+ds2-6_amd64.deb ...
Unpacking libfreeimage3:amd64 (3.18.0+ds2-6) ...
Selecting previously unselected package libfreeimage-dev.
Preparing to unpack .../125-libfreeimage-dev_3.18.0+ds2-6_amd64.deb ...
Unpacking libfreeimage-dev (3.18.0+ds2-6) ...
Selecting previously unselected package libxpm4:amd64.
Preparing to unpack .../126-libxpm4_1%3a3.5.12-1_amd64.deb ...
Unpacking libxpm4:amd64 (1:3.5.12-1) ...
Selecting previously unselected package libxpm-dev:amd64.
Preparing to unpack .../127-libxpm-dev_1%3a3.5.12-1_amd64.deb ...
Unpacking libxpm-dev:amd64 (1:3.5.12-1) ...
Selecting previously unselected package sbuild-build-depends-main-dummy.
Preparing to unpack .../128-sbuild-build-depends-main-dummy_0.invalid.0_amd64.deb ...
Unpacking sbuild-build-depends-main-dummy (0.invalid.0) ...
Setting up libexpat1:amd64 (2.4.1-3) ...
Setting up libpipeline1:amd64 (1.5.3-1) ...
Setting up liblcms2-2:amd64 (2.12~rc1-2) ...
Setting up libpixman-1-0:amd64 (0.40.0-1) ...
Setting up libpciaccess0:amd64 (0.16-1) ...
Setting up libxau6:amd64 (1:1.0.9-1) ...
Setting up libxdmcp6:amd64 (1:1.1.2-3) ...
Setting up libpsl5:amd64 (0.21.0-1.2) ...
Setting up libxcb1:amd64 (1.14-3) ...
Setting up libxcb-xfixes0:amd64 (1.14-3) ...
Setting up bsdextrautils (2.37.2-4) ...
update-alternatives: using /usr/bin/write.ul to provide /usr/bin/write (write) in auto mode
Setting up libmagic-mgc (1:5.39-3) ...
Setting up libarchive13:amd64 (3.4.3-2+b1) ...
Setting up libxcb-render0:amd64 (1.14-3) ...
Setting up libarchive-zip-perl (1.68-1) ...
Setting up libglvnd0:amd64 (1.3.4-2+b1) ...
Setting up libjxr0:amd64 (1.1-6+b1) ...
Setting up libxcb-glx0:amd64 (1.14-3) ...
Setting up libdebhelper-perl (13.5.2) ...
Setting up libbrotli1:amd64 (1.0.9-2+b2) ...
Setting up libsensors-config (1:3.6.0-7) ...
Setting up libnghttp2-14:amd64 (1.43.0-1) ...
Setting up libmagic1:amd64 (1:5.39-3) ...
Setting up libdeflate0:amd64 (1.8-1) ...
Setting up gettext-base (0.21-4) ...
Setting up libilmbase25:amd64 (2.5.7-2) ...
Setting up libxcb-shm0:amd64 (1.14-3) ...
Setting up file (1:5.39-3) ...
Setting up libpthread-stubs0-dev:amd64 (0.4-1) ...
Setting up libjbig0:amd64 (2.1-3.1+b2) ...
Setting up libsasl2-modules-db:amd64 (2.1.27+dfsg-2.1) ...
Setting up libopenexr25:amd64 (2.5.7-1) ...
Setting up libxcb-present0:amd64 (1.14-3) ...
Setting up xtrans-dev (1.4.0-1) ...
Setting up autotools-dev (20180224.1+nmu1) ...
Setting up libuv1:amd64 (1.42.0-1) ...
Setting up libjpeg62-turbo:amd64 (1:2.0.6-4) ...
Setting up emacsen-common (3.0.4) ...
Setting up libx11-data (2:1.7.2-2) ...
Setting up libxcb-sync1:amd64 (1.14-3) ...
Setting up librtmp1:amd64 (2.4+20151223.gitfa8646d.1-2+b2) ...
Setting up dh-elpa-helper (2.0.9) ...
Setting up libllvm12:amd64 (1:12.0.1-15) ...
Setting up libncurses6:amd64 (6.2+20210905-1) ...
Setting up libsigsegv2:amd64 (2.13-1) ...
Setting up libpng16-16:amd64 (1.6.37-3) ...
Setting up autopoint (0.21-4) ...
Setting up libwebp6:amd64 (0.6.1-2.1) ...
Setting up fonts-dejavu-core (2.37-2) ...
Setting up libsensors5:amd64 (1:3.6.0-7) ...
Setting up libncursesw6:amd64 (6.2+20210905-1) ...
Setting up libraw20:amd64 (0.20.2-2) ...
Setting up libglapi-mesa:amd64 (21.2.4-1) ...
Setting up libsasl2-2:amd64 (2.1.27+dfsg-2.1) ...
Setting up libvulkan1:amd64 (1.2.189.0-2) ...
Setting up libjsoncpp24:amd64 (1.9.4-5) ...
Setting up libxcb-dri2-0:amd64 (1.14-3) ...
Setting up sensible-utils (0.0.17) ...
Setting up libxshmfence1:amd64 (1.3-1) ...
Setting up librhash0:amd64 (1.4.2-1) ...
Setting up libuchardet0:amd64 (0.0.7-1) ...
Setting up libopenjp2-7:amd64 (2.4.0-3) ...
Setting up libsub-override-perl (0.09-2) ...
Setting up libx11-6:amd64 (2:1.7.2-2+b1) ...
Setting up libssh2-1:amd64 (1.10.0-2) ...
Setting up xorg-sgml-doctools (1:1.11-1.1) ...
Setting up cmake-data (3.21.3-5) ...
Setting up libtiff5:amd64 (4.3.0-2) ...
Setting up libwebpmux3:amd64 (0.6.1-2.1) ...
Setting up libdrm-common (2.4.107-8) ...
Setting up libelf1:amd64 (0.185-2) ...
Setting up libprocps8:amd64 (2:3.3.17-5) ...
Setting up x11proto-dev (2021.5-1) ...
Setting up libfile-stripnondeterminism-perl (1.12.0-2) ...
Setting up libxcb-dri3-0:amd64 (1.14-3) ...
Setting up libx11-xcb1:amd64 (2:1.7.2-2+b1) ...
Setting up libfreeimage3:amd64 (3.18.0+ds2-6) ...
Setting up gettext (0.21-4) ...
Setting up libxau-dev:amd64 (1:1.0.9-1) ...
Setting up libxpm4:amd64 (1:3.5.12-1) ...
Setting up libxrender1:amd64 (1:0.9.10-1) ...
Setting up libtool (2.4.6-15) ...
Setting up libxext6:amd64 (2:1.3.4-1) ...
Setting up libldap-2.4-2:amd64 (2.4.59+dfsg-1) ...
Setting up m4 (1.4.18-5) ...
Setting up libxxf86vm1:amd64 (1:1.1.4-1+b2) ...
Setting up intltool-debian (0.35.0+20060710.5) ...
Setting up libxdmcp-dev:amd64 (1:1.1.2-3) ...
Setting up libfreetype6:amd64 (2.11.0+dfsg-1) ...
Setting up libxfixes3:amd64 (1:5.0.3-2) ...
Setting up libxinerama1:amd64 (2:1.1.4-2) ...
Setting up ucf (3.0043) ...
Setting up autoconf (2.71-2) ...
Setting up dh-strip-nondeterminism (1.12.0-2) ...
Setting up libdrm2:amd64 (2.4.107-8) ...
Setting up dwz (0.14-1) ...
Setting up groff-base (1.22.4-7) ...
Setting up procps (2:3.3.17-5) ...
Setting up libcurl4:amd64 (7.74.0-1.3+b1) ...
Setting up libfreeimage-dev (3.18.0+ds2-6) ...
Setting up libdrm-amdgpu1:amd64 (2.4.107-8) ...
Setting up automake (1:1.16.5-1) ...
update-alternatives: using /usr/bin/automake-1.16 to provide /usr/bin/automake (automake) in auto mode
Setting up libdrm-nouveau2:amd64 (2.4.107-8) ...
Setting up libxcb1-dev:amd64 (1.14-3) ...
Setting up libdrm-radeon1:amd64 (2.4.107-8) ...
Setting up fontconfig-config (2.13.1-4.2) ...
Setting up po-debconf (1.0.21+nmu1) ...
Setting up libxcursor1:amd64 (1:1.2.0-2) ...
Setting up libdrm-intel1:amd64 (2.4.107-8) ...
Setting up libgl1-mesa-dri:amd64 (21.2.4-1) ...
Setting up libx11-dev:amd64 (2:1.7.2-2+b1) ...
Setting up man-db (2.9.4-2) ...
Not building database; man-db/auto-update is not 'true'.
Setting up dh-autoreconf (20) ...
Setting up libxpm-dev:amd64 (1:3.5.12-1) ...
Setting up cmake (3.21.3-5) ...
Setting up libfontconfig1:amd64 (2.13.1-4.2) ...
Setting up libxft2:amd64 (2.3.2-2) ...
Setting up libglx-mesa0:amd64 (21.2.4-1) ...
Setting up libglx0:amd64 (1.3.4-2+b1) ...
Setting up libfltk1.3:amd64 (1.3.5-3) ...
Setting up debhelper (13.5.2) ...
Setting up libfltk-images1.3:amd64 (1.3.5-3) ...
Setting up libcairo2:amd64 (1.16.0-5) ...
Setting up libfltk-forms1.3:amd64 (1.3.5-3) ...
Setting up libgl1:amd64 (1.3.4-2+b1) ...
Setting up libfltk-gl1.3:amd64 (1.3.5-3) ...
Setting up libfltk-cairo1.3:amd64 (1.3.5-3) ...
Setting up libfltk1.3-dev (1.3.5-3) ...
Setting up sbuild-build-depends-main-dummy (0.invalid.0) ...
Processing triggers for libc-bin (2.32-4) ...

+------------------------------------------------------------------------------+
| Check architectures                                                          |
+------------------------------------------------------------------------------+

Arch check ok (amd64 included in any)

+------------------------------------------------------------------------------+
| Build environment                                                            |
+------------------------------------------------------------------------------+

Kernel: Linux 4.19.0-6-cloud-amd64 #1 SMP Debian 4.19.67-2+deb10u2 (2019-11-11) amd64 (x86_64)
Toolchain package versions: binutils_2.37-7 dpkg-dev_1.20.9 g++-11_11.2.0-10 gcc-11_11.2.0-10 libc6-dev_2.32-4 libstdc++-11-dev_11.2.0-10 libstdc++6_11.2.0-10 linux-libc-dev_5.14.12-1
Package versions: adduser_3.118 apt_2.3.11 autoconf_2.71-2 automake_1:1.16.5-1 autopoint_0.21-4 autotools-dev_20180224.1+nmu1 base-files_12 base-passwd_3.5.52 bash_5.1-3+b2 binutils_2.37-7 binutils-common_2.37-7 binutils-x86-64-linux-gnu_2.37-7 bsdextrautils_2.37.2-4 bsdutils_1:2.37.2-4 build-essential_12.9 bzip2_1.0.8-4 clang-13_1:13.0.0-8 cmake_3.21.3-5 cmake-data_3.21.3-5 coreutils_8.32-4+b1 cpp_4:11.2.0-2 cpp-11_11.2.0-10 dash_0.5.11+git20210120+802ebd4-2 debconf_1.5.78 debhelper_13.5.2 debian-archive-keyring_2021.1.1 debianutils_5.5-1 dh-autoreconf_20 dh-elpa-helper_2.0.9 dh-strip-nondeterminism_1.12.0-2 diffutils_1:3.7-5 dpkg_1.20.9 dpkg-dev_1.20.9 dwz_0.14-1 e2fsprogs_1.46.4-1 emacsen-common_3.0.4 fakeroot_1.26-1 file_1:5.39-3 findutils_4.8.0-1 fontconfig-config_2.13.1-4.2 fonts-dejavu-core_2.37-2 g++_4:11.2.0-2 g++-11_11.2.0-10 gcc_4:11.2.0-2 gcc-10-base_10.3.0-11 gcc-11_11.2.0-10 gcc-11-base_11.2.0-10 gcc-9-base_9.4.0-3 gettext_0.21-4 gettext-base_0.21-4 gpgv_2.2.27-2 grep_3.7-1 groff-base_1.22.4-7 gzip_1.10-4 hostname_3.23 init-system-helpers_1.60 intltool-debian_0.35.0+20060710.5 lib32gcc-s1_11.2.0-10 lib32stdc++6_11.2.0-10 libacl1_2.3.1-1 libapt-pkg6.0_2.3.11 libarchive-zip-perl_1.68-1 libarchive13_3.4.3-2+b1 libasan5_9.4.0-3 libasan6_11.2.0-10 libatomic1_11.2.0-10 libattr1_1:2.5.1-1 libaudit-common_1:3.0.6-1 libaudit1_1:3.0.6-1 libbinutils_2.37-7 libblkid1_2.37.2-4 libbrotli1_1.0.9-2+b2 libbsd0_0.11.3-1 libbz2-1.0_1.0.8-4 libc-bin_2.32-4 libc-dev-bin_2.32-4 libc6_2.32-4 libc6-dev_2.32-4 libc6-i386_2.32-4 libcairo2_1.16.0-5 libcap-ng0_0.7.9-2.2+b1 libcap2_1:2.44-1 libcc1-0_11.2.0-10 libclang-common-13-dev_1:13.0.0-8 libclang-cpp13_1:13.0.0-8 libclang1-13_1:13.0.0-8 libcom-err2_1.46.4-1 libcrypt-dev_1:4.4.25-2 libcrypt1_1:4.4.25-2 libctf-nobfd0_2.37-7 libctf0_2.37-7 libcurl4_7.74.0-1.3+b1 libdb5.3_5.3.28+dfsg1-0.8 libdebconfclient0_0.260 libdebhelper-perl_13.5.2 libdeflate0_1.8-1 libdpkg-perl_1.20.9 libdrm-amdgpu1_2.4.107-8 libdrm-common_2.4.107-8 libdrm-intel1_2.4.107-8 libdrm-nouveau2_2.4.107-8 libdrm-radeon1_2.4.107-8 libdrm2_2.4.107-8 libedit2_3.1-20210910-1 libelf1_0.185-2 libexpat1_2.4.1-3 libext2fs2_1.46.4-1 libfakeroot_1.26-1 libffi8_3.4.2-3 libfile-stripnondeterminism-perl_1.12.0-2 libfltk-cairo1.3_1.3.5-3 libfltk-forms1.3_1.3.5-3 libfltk-gl1.3_1.3.5-3 libfltk-images1.3_1.3.5-3 libfltk1.3_1.3.5-3 libfltk1.3-dev_1.3.5-3 libfontconfig1_2.13.1-4.2 libfreeimage-dev_3.18.0+ds2-6 libfreeimage3_3.18.0+ds2-6 libfreetype6_2.11.0+dfsg-1 libgc1_1:8.0.4-3 libgcc-11-dev_11.2.0-10 libgcc-9-dev_9.4.0-3 libgcc-s1_11.2.0-10 libgcrypt20_1.9.4-3+b1 libgdbm-compat4_1.22-1 libgdbm6_1.22-1 libgl1_1.3.4-2+b1 libgl1-mesa-dri_21.2.4-1 libglapi-mesa_21.2.4-1 libglvnd0_1.3.4-2+b1 libglx-mesa0_21.2.4-1 libglx0_1.3.4-2+b1 libgmp10_2:6.2.1+dfsg-2 libgnutls30_3.7.2-2 libgomp1_11.2.0-10 libgpg-error0_1.42-3 libgssapi-krb5-2_1.18.3-7 libhogweed6_3.7.3-1 libicu67_67.1-7 libidn2-0_2.3.2-2 libilmbase25_2.5.7-2 libisl23_0.24-2 libitm1_11.2.0-10 libjbig0_2.1-3.1+b2 libjpeg62-turbo_1:2.0.6-4 libjsoncpp24_1.9.4-5 libjxr0_1.1-6+b1 libk5crypto3_1.18.3-7 libkeyutils1_1.6.1-2 libkrb5-3_1.18.3-7 libkrb5support0_1.18.3-7 liblcms2-2_2.12~rc1-2 libldap-2.4-2_2.4.59+dfsg-1 libllvm12_1:12.0.1-15 libllvm13_1:13.0.0-8 liblsan0_11.2.0-10 liblz4-1_1.9.3-2 liblzma5_5.2.5-2 libmagic-mgc_1:5.39-3 libmagic1_1:5.39-3 libmd0_1.0.4-1 libmount1_2.37.2-4 libmpc3_1.2.1-1 libmpfr6_4.1.0-3 libncurses6_6.2+20210905-1 libncursesw6_6.2+20210905-1 libnettle8_3.7.3-1 libnghttp2-14_1.43.0-1 libnsl-dev_1.3.0-2 libnsl2_1.3.0-2 libobjc-11-dev_11.2.0-10 libobjc-9-dev_9.4.0-3 libobjc4_11.2.0-10 libomp-13-dev_1:13.0.0-8 libomp5-13_1:13.0.0-8 libopenexr25_2.5.7-1 libopenjp2-7_2.4.0-3 libp11-kit0_0.24.0-5 libpam-modules_1.4.0-10 libpam-modules-bin_1.4.0-10 libpam-runtime_1.4.0-10 libpam0g_1.4.0-10 libpciaccess0_0.16-1 libpcre2-8-0_10.36-2 libpcre3_2:8.39-13 libperl5.32_5.32.1-6 libpipeline1_1.5.3-1 libpixman-1-0_0.40.0-1 libpng16-16_1.6.37-3 libprocps8_2:3.3.17-5 libpsl5_0.21.0-1.2 libpthread-stubs0-dev_0.4-1 libquadmath0_11.2.0-10 libraw20_0.20.2-2 librhash0_1.4.2-1 librtmp1_2.4+20151223.gitfa8646d.1-2+b2 libsasl2-2_2.1.27+dfsg-2.1 libsasl2-modules-db_2.1.27+dfsg-2.1 libseccomp2_2.5.2-2 libselinux1_3.1-3 libsemanage-common_3.1-1 libsemanage1_3.1-1+b2 libsensors-config_1:3.6.0-7 libsensors5_1:3.6.0-7 libsepol1_3.1-1 libsigsegv2_2.13-1 libsmartcols1_2.37.2-4 libss2_1.46.4-1 libssh2-1_1.10.0-2 libssl1.1_1.1.1l-1 libstdc++-11-dev_11.2.0-10 libstdc++6_11.2.0-10 libsub-override-perl_0.09-2 libsystemd0_249.5-1 libtasn1-6_4.17.0-2 libtiff5_4.3.0-2 libtinfo6_6.2+20210905-1 libtirpc-common_1.3.2-2 libtirpc-dev_1.3.2-2 libtirpc3_1.3.2-2 libtool_2.4.6-15 libtsan0_11.2.0-10 libubsan1_11.2.0-10 libuchardet0_0.0.7-1 libudev1_249.5-1 libunistring2_0.9.10-6 libuuid1_2.37.2-4 libuv1_1.42.0-1 libvulkan1_1.2.189.0-2 libwebp6_0.6.1-2.1 libwebpmux3_0.6.1-2.1 libx11-6_2:1.7.2-2+b1 libx11-data_2:1.7.2-2 libx11-dev_2:1.7.2-2+b1 libx11-xcb1_2:1.7.2-2+b1 libxau-dev_1:1.0.9-1 libxau6_1:1.0.9-1 libxcb-dri2-0_1.14-3 libxcb-dri3-0_1.14-3 libxcb-glx0_1.14-3 libxcb-present0_1.14-3 libxcb-render0_1.14-3 libxcb-shm0_1.14-3 libxcb-sync1_1.14-3 libxcb-xfixes0_1.14-3 libxcb1_1.14-3 libxcb1-dev_1.14-3 libxcursor1_1:1.2.0-2 libxdmcp-dev_1:1.1.2-3 libxdmcp6_1:1.1.2-3 libxext6_2:1.3.4-1 libxfixes3_1:5.0.3-2 libxft2_2.3.2-2 libxinerama1_2:1.1.4-2 libxml2_2.9.12+dfsg-5 libxpm-dev_1:3.5.12-1 libxpm4_1:3.5.12-1 libxrender1_1:0.9.10-1 libxshmfence1_1.3-1 libxxf86vm1_1:1.1.4-1+b2 libxxhash0_0.8.0-2 libz3-4_4.8.12-1+b1 libzstd1_1.4.8+dfsg-3 linux-libc-dev_5.14.12-1 login_1:4.8.1-1 logsave_1.46.4-1 lsb-base_11.1.0 m4_1.4.18-5 make_4.3-4.1 man-db_2.9.4-2 mawk_1.3.4.20200120-2 mount_2.37.2-4 ncurses-base_6.2+20210905-1 ncurses-bin_6.2+20210905-1 passwd_1:4.8.1-1 patch_2.7.6-7 perl_5.32.1-6 perl-base_5.32.1-6 perl-modules-5.32_5.32.1-6 po-debconf_1.0.21+nmu1 procps_2:3.3.17-5 qt5-qmake_5.15.2+dfsg-12 qt5-qmake-bin_5.15.2+dfsg-12 qtchooser_66-2 rpcsvc-proto_1.4.2-4 sbuild-build-depends-main-dummy_0.invalid.0 sed_4.8-1 sensible-utils_0.0.17 sysvinit-utils_3.00-1 tar_1.34+dfsg-1 tzdata_2021e-1 ucf_3.0043 util-linux_2.37.2-4 x11proto-dev_2021.5-1 xorg-sgml-doctools_1:1.11-1.1 xtrans-dev_1.4.0-1 xz-utils_5.2.5-2 zlib1g_1:1.2.11.dfsg-2

+------------------------------------------------------------------------------+
| Build                                                                        |
+------------------------------------------------------------------------------+


Unpack source
-------------

-----BEGIN PGP SIGNED MESSAGE-----
Hash: SHA512

Format: 3.0 (quilt)
Source: posterazor
Binary: posterazor
Architecture: any
Version: 1.5.1-10
Maintainer: Marcelo Soares Mota <motasmarcelo@gmail.com>
Homepage: https://posterazor.sourceforge.io/
Standards-Version: 4.5.1
Vcs-Browser: https://salsa.debian.org/debian/posterazor
Vcs-Git: https://salsa.debian.org/debian/posterazor.git
Testsuite: autopkgtest
Testsuite-Triggers: xauth, xvfb
Build-Depends: debhelper-compat (= 13), cmake, libfltk1.3-dev, libfreeimage-dev, libxpm-dev
Package-List:
 posterazor deb graphics optional arch=any
Checksums-Sha1:
 e4f71693c973dc22c8883d4526cce5ec12c82240 221280 posterazor_1.5.1.orig.tar.gz
 8ed2e04157098164b1ff3f55954e99cbf838ef43 79868 posterazor_1.5.1-10.debian.tar.xz
Checksums-Sha256:
 35d7e0a52a5fd82c2ef47836d04c0123e408ff2418a2e0b72f2bd1f7bc1f9137 221280 posterazor_1.5.1.orig.tar.gz
 a4788777de7627c9fe6cdc1f3d26e1153e012155f5f0e4c3b7023ae7406e2b46 79868 posterazor_1.5.1-10.debian.tar.xz
Files:
 f353ca16d986e41d593cb6d9e45abf86 221280 posterazor_1.5.1.orig.tar.gz
 f53057565d94c73df8a126ad93236a96 79868 posterazor_1.5.1-10.debian.tar.xz

-----BEGIN PGP SIGNATURE-----

iQIzBAEBCgAdFiEEOvp1f6xuoR0v9F3wiNJCh6LYmLEFAmAyy8EACgkQiNJCh6LY
mLEX3g/+KaRVszgA0yK0PL31jw/IXQ4yxr25OxjpQi9vZEb9DOQxCHIVnkWWypNj
z1atIqEHWILl0kiwfD7svCljG/CCdxDtIW3u5LdEra91xhd8FeZax678swxP/iy3
YFncqSWPqZvPo5lkGEvz/mpMnYATPu1gYQgllPvSS/Ll+vy6kJkO5S2j/j7sODOd
X6swS/JmwFb2y7FDMdATS/Gu6IpnOvchabDu3/ut6pgzn8b+9+AZA5JAWJhc3oPi
NYjHYu3Ik4/kzTcOPc5vB9KHkYrlKaYaow8mdU+9FxtHA1t4xods0I5yCDeqrMfX
5e4H8glrubzSESEPADUUI2yn7whZsutCBWBtLZS/TH1dY23QKhGKOw1jOXLXcC+X
o14SFMrA7SI+8eAbQnmmuP9KH0LMs55wSG8TrNbB7v1QJwKeQtFnVAi05AhFg/Vq
VQ8Mn5QjGXAptN4sMsMK2nSgFeDeS9+hWCsyxAmaT/8bhNJiAqxx9Xreo51Od6+D
DExC6aJiO83Nn6Z/GmHiS/v1QzgckLh/F2AILExbibCCbKpLEn0HWJZfkmXRbrPo
PVPfywKRkzISLShdsb48qRWwXO/tjuKKlRNBHycBBsVGglIdfDHaZc3wi0/hKfTx
eyOwO/2w3OxbY3nMBoOu2kM4NtKiPVl1ow69PLUaXGZaFgH8XMc=
=jcsy
-----END PGP SIGNATURE-----

gpgv: unknown type of key resource 'trustedkeys.kbx'
gpgv: keyblock resource '/tmp/dpkg-verify-sig.hruyJk5j/trustedkeys.kbx': General error
gpgv: Signature made Sun Feb 21 21:08:17 2021 UTC
gpgv:                using RSA key 3AFA757FAC6EA11D2FF45DF088D24287A2D898B1
gpgv: Can't check signature: No public key
dpkg-source: warning: failed to verify signature on ./posterazor_1.5.1-10.dsc
dpkg-source: info: extracting posterazor in /<<PKGBUILDDIR>>
dpkg-source: info: unpacking posterazor_1.5.1.orig.tar.gz
dpkg-source: info: unpacking posterazor_1.5.1-10.debian.tar.xz
dpkg-source: info: using patch list from debian/patches/series
dpkg-source: info: applying 010_ftbfs-werror-format-security.patch
dpkg-source: info: applying 020_ftbfs-gcc-4.7.patch
dpkg-source: info: applying 030_fix-spelling-binary.patch
dpkg-source: info: applying 040_add-cmake-minimum-required-command.patch

Check disk space
----------------

Sufficient free space for build

User Environment
----------------

APT_CONFIG=/var/lib/sbuild/apt.conf
HOME=/sbuild-nonexistent
LANG=C.UTF-8
LC_ALL=C.UTF-8
LOGNAME=user42
PATH=/usr/local/sbin:/usr/local/bin:/usr/sbin:/usr/bin:/sbin:/bin:/usr/games
SCHROOT_ALIAS_NAME=unstable
SCHROOT_CHROOT_NAME=sid-amd64-sbuild
SCHROOT_COMMAND=env
SCHROOT_GID=1001
SCHROOT_GROUP=user42
SCHROOT_SESSION_ID=sid-amd64-sbuild-5e12d057-99ac-4dd0-86b8-e1949535b517
SCHROOT_UID=1001
SCHROOT_USER=user42
SHELL=/bin/sh
USER=user42

dpkg-buildpackage
-----------------

Command: dpkg-buildpackage -us -uc -b -rfakeroot
dpkg-buildpackage: info: source package posterazor
dpkg-buildpackage: info: source version 1.5.1-10
dpkg-buildpackage: info: source distribution unstable
dpkg-buildpackage: info: source changed by Marcelo Soares Mota <motasmarcelo@gmail.com>
 dpkg-source --before-build .
dpkg-buildpackage: info: host architecture amd64
 debian/rules clean
dh clean --sourcedirectory=src --builddirectory=src/build
   dh_auto_clean -O--sourcedirectory=src -O--builddirectory=src/build
   dh_autoreconf_clean -O--sourcedirectory=src -O--builddirectory=src/build
   dh_clean -O--sourcedirectory=src -O--builddirectory=src/build
 debian/rules binary
dh binary --sourcedirectory=src --builddirectory=src/build
   dh_update_autotools_config -O--sourcedirectory=src -O--builddirectory=src/build
   dh_autoreconf -O--sourcedirectory=src -O--builddirectory=src/build
   dh_auto_configure -O--sourcedirectory=src -O--builddirectory=src/build
	cd src/build && cmake -DCMAKE_INSTALL_PREFIX=/usr -DCMAKE_BUILD_TYPE=None -DCMAKE_INSTALL_SYSCONFDIR=/etc -DCMAKE_INSTALL_LOCALSTATEDIR=/var -DCMAKE_EXPORT_NO_PACKAGE_REGISTRY=ON -DCMAKE_FIND_USE_PACKAGE_REGISTRY=OFF -DCMAKE_FIND_PACKAGE_NO_PACKAGE_REGISTRY=ON -DCMAKE_INSTALL_RUNSTATEDIR=/run -DCMAKE_SKIP_INSTALL_ALL_DEPENDENCY=ON "-GUnix Makefiles" -DCMAKE_VERBOSE_MAKEFILE=ON -DCMAKE_INSTALL_LIBDIR=lib/x86_64-linux-gnu ..
-- The C compiler identification is Clang 13.0.0
-- The CXX compiler identification is Clang 13.0.0
-- Detecting C compiler ABI info
-- Detecting C compiler ABI info - done
-- Check for working C compiler: /usr/bin/cc - skipped
-- Detecting C compile features
-- Detecting C compile features - done
-- Detecting CXX compiler ABI info
-- Detecting CXX compiler ABI info - done
-- Check for working CXX compiler: /usr/bin/c++ - skipped
-- Detecting CXX compile features
-- Detecting CXX compile features - done
-- Configuring done
-- Generating done
CMake Warning:
  Manually-specified variables were not used by the project:

    CMAKE_EXPORT_NO_PACKAGE_REGISTRY
    CMAKE_FIND_PACKAGE_NO_PACKAGE_REGISTRY
    CMAKE_FIND_USE_PACKAGE_REGISTRY
    CMAKE_INSTALL_LIBDIR
    CMAKE_INSTALL_LOCALSTATEDIR
    CMAKE_INSTALL_RUNSTATEDIR
    CMAKE_INSTALL_SYSCONFDIR


-- Build files have been written to: /<<PKGBUILDDIR>>/src/build
   dh_auto_build -O--sourcedirectory=src -O--builddirectory=src/build
	cd src/build && make -j4 "INSTALL=install --strip-program=true" VERBOSE=1
make[1]: Entering directory '/<<PKGBUILDDIR>>/src/build'
/usr/bin/cmake -S/<<PKGBUILDDIR>>/src -B/<<PKGBUILDDIR>>/src/build --check-build-system CMakeFiles/Makefile.cmake 0
/usr/bin/cmake -E cmake_progress_start /<<PKGBUILDDIR>>/src/build/CMakeFiles /<<PKGBUILDDIR>>/src/build//CMakeFiles/progress.marks
make  -f CMakeFiles/Makefile2 all
make[2]: Entering directory '/<<PKGBUILDDIR>>/src/build'
make  -f CMakeFiles/PosteRazor.dir/build.make CMakeFiles/PosteRazor.dir/depend
make[3]: Entering directory '/<<PKGBUILDDIR>>/src/build'
cd /<<PKGBUILDDIR>>/src/build && /usr/bin/cmake -E cmake_depends "Unix Makefiles" /<<PKGBUILDDIR>>/src /<<PKGBUILDDIR>>/src /<<PKGBUILDDIR>>/src/build /<<PKGBUILDDIR>>/src/build /<<PKGBUILDDIR>>/src/build/CMakeFiles/PosteRazor.dir/DependInfo.cmake --color=
make[3]: Leaving directory '/<<PKGBUILDDIR>>/src/build'
make  -f CMakeFiles/PosteRazor.dir/build.make CMakeFiles/PosteRazor.dir/build
make[3]: Entering directory '/<<PKGBUILDDIR>>/src/build'
[  9%] Building CXX object CMakeFiles/PosteRazor.dir/ImageIOTypes.cpp.o
[  9%] Building CXX object CMakeFiles/PosteRazor.dir/PosteRazor.cpp.o
[ 19%] Building CXX object CMakeFiles/PosteRazor.dir/PosteRazorPDFOutput.cpp.o
[ 19%] Building CXX object CMakeFiles/PosteRazor.dir/PosteRazorImageIO.cpp.o
/usr/bin/c++ -DFREEIMAGE_LIB -DNO_LAUNCH_URLS_OR_FILES -DNO_OPENGL_PREVIEW -I/<<PKGBUILDDIR>>/src/thirdparty/Fl_Native_File_Chooser -g -O2 -ffile-prefix-map=/<<PKGBUILDDIR>>=. -fstack-protector-strong -Wformat -Werror=format-security -Wdate-time -D_FORTIFY_SOURCE=2 -MD -MT CMakeFiles/PosteRazor.dir/PosteRazor.cpp.o -MF CMakeFiles/PosteRazor.dir/PosteRazor.cpp.o.d -o CMakeFiles/PosteRazor.dir/PosteRazor.cpp.o -c /<<PKGBUILDDIR>>/src/PosteRazor.cpp
/usr/bin/c++ -DFREEIMAGE_LIB -DNO_LAUNCH_URLS_OR_FILES -DNO_OPENGL_PREVIEW -I/<<PKGBUILDDIR>>/src/thirdparty/Fl_Native_File_Chooser -g -O2 -ffile-prefix-map=/<<PKGBUILDDIR>>=. -fstack-protector-strong -Wformat -Werror=format-security -Wdate-time -D_FORTIFY_SOURCE=2 -MD -MT CMakeFiles/PosteRazor.dir/ImageIOTypes.cpp.o -MF CMakeFiles/PosteRazor.dir/ImageIOTypes.cpp.o.d -o CMakeFiles/PosteRazor.dir/ImageIOTypes.cpp.o -c /<<PKGBUILDDIR>>/src/ImageIOTypes.cpp
/usr/bin/c++ -DFREEIMAGE_LIB -DNO_LAUNCH_URLS_OR_FILES -DNO_OPENGL_PREVIEW -I/<<PKGBUILDDIR>>/src/thirdparty/Fl_Native_File_Chooser -g -O2 -ffile-prefix-map=/<<PKGBUILDDIR>>=. -fstack-protector-strong -Wformat -Werror=format-security -Wdate-time -D_FORTIFY_SOURCE=2 -MD -MT CMakeFiles/PosteRazor.dir/PosteRazorImageIO.cpp.o -MF CMakeFiles/PosteRazor.dir/PosteRazorImageIO.cpp.o.d -o CMakeFiles/PosteRazor.dir/PosteRazorImageIO.cpp.o -c /<<PKGBUILDDIR>>/src/PosteRazorImageIO.cpp
/usr/bin/c++ -DFREEIMAGE_LIB -DNO_LAUNCH_URLS_OR_FILES -DNO_OPENGL_PREVIEW -I/<<PKGBUILDDIR>>/src/thirdparty/Fl_Native_File_Chooser -g -O2 -ffile-prefix-map=/<<PKGBUILDDIR>>=. -fstack-protector-strong -Wformat -Werror=format-security -Wdate-time -D_FORTIFY_SOURCE=2 -MD -MT CMakeFiles/PosteRazor.dir/PosteRazorPDFOutput.cpp.o -MF CMakeFiles/PosteRazor.dir/PosteRazorPDFOutput.cpp.o.d -o CMakeFiles/PosteRazor.dir/PosteRazorPDFOutput.cpp.o -c /<<PKGBUILDDIR>>/src/PosteRazorPDFOutput.cpp
[ 23%] Building CXX object CMakeFiles/PosteRazor.dir/UnitsOfLength.cpp.o
/usr/bin/c++ -DFREEIMAGE_LIB -DNO_LAUNCH_URLS_OR_FILES -DNO_OPENGL_PREVIEW -I/<<PKGBUILDDIR>>/src/thirdparty/Fl_Native_File_Chooser -g -O2 -ffile-prefix-map=/<<PKGBUILDDIR>>=. -fstack-protector-strong -Wformat -Werror=format-security -Wdate-time -D_FORTIFY_SOURCE=2 -MD -MT CMakeFiles/PosteRazor.dir/UnitsOfLength.cpp.o -MF CMakeFiles/PosteRazor.dir/UnitsOfLength.cpp.o.d -o CMakeFiles/PosteRazor.dir/UnitsOfLength.cpp.o -c /<<PKGBUILDDIR>>/src/UnitsOfLength.cpp
/<<PKGBUILDDIR>>/src/UnitsOfLength.cpp:36:38: warning: ISO C++11 does not allow conversion from string literal to 'char *' [-Wwritable-strings]
        {UnitsOfLength::eUnitOfLengthMeter, "m", 100},
                                            ^
/<<PKGBUILDDIR>>/src/UnitsOfLength.cpp:37:43: warning: ISO C++11 does not allow conversion from string literal to 'char *' [-Wwritable-strings]
        {UnitsOfLength::eUnitOfLengthMillimeter, "mm", 0.1},
                                                 ^
/<<PKGBUILDDIR>>/src/UnitsOfLength.cpp:38:43: warning: ISO C++11 does not allow conversion from string literal to 'char *' [-Wwritable-strings]
        {UnitsOfLength::eUnitOfLengthCentimeter, "cm", 1.0},
                                                 ^
/<<PKGBUILDDIR>>/src/UnitsOfLength.cpp:39:37: warning: ISO C++11 does not allow conversion from string literal to 'char *' [-Wwritable-strings]
        {UnitsOfLength::eUnitOfLengthInch, "in", 2.54},
                                           ^
/<<PKGBUILDDIR>>/src/UnitsOfLength.cpp:40:37: warning: ISO C++11 does not allow conversion from string literal to 'char *' [-Wwritable-strings]
        {UnitsOfLength::eUnitOfLengthFeet, "ft", 2.54 * 12.0},
                                           ^
/<<PKGBUILDDIR>>/src/UnitsOfLength.cpp:41:39: warning: ISO C++11 does not allow conversion from string literal to 'char *' [-Wwritable-strings]
        {UnitsOfLength::eUnitOfLengthPoints, "pt", 2.54 / 72.0}
                                             ^
6 warnings generated.
/<<PKGBUILDDIR>>/src/PosteRazorPDFOutput.cpp:336:50: warning: illegal character encoding in string literal [-Winvalid-source-encoding]
                        fprintf(m_outputFile, "%%PDF-1.3" LINEFEED "%%<E2><E3><CF><D3>");
                                                                      ^~~~~~~~~~~~~~~~
[ 28%] Building CXX object CMakeFiles/PosteRazor.dir/PaperFormats.cpp.o
/usr/bin/c++ -DFREEIMAGE_LIB -DNO_LAUNCH_URLS_OR_FILES -DNO_OPENGL_PREVIEW -I/<<PKGBUILDDIR>>/src/thirdparty/Fl_Native_File_Chooser -g -O2 -ffile-prefix-map=/<<PKGBUILDDIR>>=. -fstack-protector-strong -Wformat -Werror=format-security -Wdate-time -D_FORTIFY_SOURCE=2 -MD -MT CMakeFiles/PosteRazor.dir/PaperFormats.cpp.o -MF CMakeFiles/PosteRazor.dir/PaperFormats.cpp.o.d -o CMakeFiles/PosteRazor.dir/PaperFormats.cpp.o -c /<<PKGBUILDDIR>>/src/PaperFormats.cpp
/<<PKGBUILDDIR>>/src/PaperFormats.cpp:37:33: warning: ISO C++11 does not allow conversion from string literal to 'char *' [-Wwritable-strings]
        {PaperFormats::ePaperFormatA4, "DIN A4", 21.0, 29.7},
                                       ^
/<<PKGBUILDDIR>>/src/PaperFormats.cpp:38:33: warning: ISO C++11 does not allow conversion from string literal to 'char *' [-Wwritable-strings]
        {PaperFormats::ePaperFormatA3, "DIN A3", 29.7, 42.0},
                                       ^
/<<PKGBUILDDIR>>/src/PaperFormats.cpp:39:36: warning: ISO C++11 does not allow conversion from string literal to 'char *' [-Wwritable-strings]
        {PaperFormats::ePaperFormatLegal, "Legal", 21.6, 35.6},
                                          ^
/<<PKGBUILDDIR>>/src/PaperFormats.cpp:40:37: warning: ISO C++11 does not allow conversion from string literal to 'char *' [-Wwritable-strings]
        {PaperFormats::ePaperFormatLetter, "Letter", 21.6, 27.9},
                                           ^
/<<PKGBUILDDIR>>/src/PaperFormats.cpp:41:38: warning: ISO C++11 does not allow conversion from string literal to 'char *' [-Wwritable-strings]
        {PaperFormats::ePaperFormatTabloid, "Tabloid", 27.9, 43.2}
                                            ^
5 warnings generated.
[ 33%] Building CXX object CMakeFiles/PosteRazor.dir/PaintCanvasBase.cpp.o
/usr/bin/c++ -DFREEIMAGE_LIB -DNO_LAUNCH_URLS_OR_FILES -DNO_OPENGL_PREVIEW -I/<<PKGBUILDDIR>>/src/thirdparty/Fl_Native_File_Chooser -g -O2 -ffile-prefix-map=/<<PKGBUILDDIR>>=. -fstack-protector-strong -Wformat -Werror=format-security -Wdate-time -D_FORTIFY_SOURCE=2 -MD -MT CMakeFiles/PosteRazor.dir/PaintCanvasBase.cpp.o -MF CMakeFiles/PosteRazor.dir/PaintCanvasBase.cpp.o.d -o CMakeFiles/PosteRazor.dir/PaintCanvasBase.cpp.o -c /<<PKGBUILDDIR>>/src/PaintCanvasBase.cpp
[ 38%] Building CXX object CMakeFiles/PosteRazor.dir/Translations.cpp.o
/usr/bin/c++ -DFREEIMAGE_LIB -DNO_LAUNCH_URLS_OR_FILES -DNO_OPENGL_PREVIEW -I/<<PKGBUILDDIR>>/src/thirdparty/Fl_Native_File_Chooser -g -O2 -ffile-prefix-map=/<<PKGBUILDDIR>>=. -fstack-protector-strong -Wformat -Werror=format-security -Wdate-time -D_FORTIFY_SOURCE=2 -MD -MT CMakeFiles/PosteRazor.dir/Translations.cpp.o -MF CMakeFiles/PosteRazor.dir/Translations.cpp.o.d -o CMakeFiles/PosteRazor.dir/Translations.cpp.o -c /<<PKGBUILDDIR>>/src/Translations.cpp
1 warning generated.
[ 42%] Building CXX object CMakeFiles/PosteRazor.dir/FlPaintCanvasGroup.cpp.o
/usr/bin/c++ -DFREEIMAGE_LIB -DNO_LAUNCH_URLS_OR_FILES -DNO_OPENGL_PREVIEW -I/<<PKGBUILDDIR>>/src/thirdparty/Fl_Native_File_Chooser -g -O2 -ffile-prefix-map=/<<PKGBUILDDIR>>=. -fstack-protector-strong -Wformat -Werror=format-security -Wdate-time -D_FORTIFY_SOURCE=2 -MD -MT CMakeFiles/PosteRazor.dir/FlPaintCanvasGroup.cpp.o -MF CMakeFiles/PosteRazor.dir/FlPaintCanvasGroup.cpp.o.d -o CMakeFiles/PosteRazor.dir/FlPaintCanvasGroup.cpp.o -c /<<PKGBUILDDIR>>/src/FlPaintCanvasGroup.cpp
In file included from /<<PKGBUILDDIR>>/src/Translations.cpp:25:
/<<PKGBUILDDIR>>/src/TranslationEnglish.h:121:71: error: invalid suffix on literal; C++11 requires a space between literal and identifier [-Wreserved-user-defined-literal]
                                        "<A name=\"" POSTERAZORHELPANCHORTOP "\"><CENTER><H1>PosteRazor "POSTERAZORVERSION" Help</H1></CENTER></A>" POSTERAZORHELPENDLINE \
                                                                                                         ^
                                                                                                          
/<<PKGBUILDDIR>>/src/TranslationEnglish.h:202:18: error: invalid suffix on literal; C++11 requires a space between literal and identifier [-Wreserved-user-defined-literal]
                                        "<a href=\""ENGLISH_POSTERAZORWEBSITEURL"\">posterazor.sourceforge.net</a><br>" POSTERAZORHELPENDLINE \
                                                    ^
                                                     
In file included from /<<PKGBUILDDIR>>/src/Translations.cpp:26:
/<<PKGBUILDDIR>>/src/TranslationGerman.h:124:71: error: invalid suffix on literal; C++11 requires a space between literal and identifier [-Wreserved-user-defined-literal]
                                        "<A name=\"" POSTERAZORHELPANCHORTOP "\"><CENTER><H1>PosteRazor "POSTERAZORVERSION" Hilfe</H1></CENTER></A>" POSTERAZORHELPENDLINE \
                                                                                                         ^
                                                                                                          
/<<PKGBUILDDIR>>/src/TranslationGerman.h:205:18: error: invalid suffix on literal; C++11 requires a space between literal and identifier [-Wreserved-user-defined-literal]
                                        "<a href=\""GERMAN_POSTERAZORWEBSITEURL"\">posterazor.sourceforge.net</a><br>" POSTERAZORHELPENDLINE \
                                                    ^
                                                     
/<<PKGBUILDDIR>>/src/TranslationGerman.h:36:78: warning: illegal character encoding in string literal [-Winvalid-source-encoding]
        const char* absoluteSize(void) const                    {return "Absolute Ma<DF>e:";}
                                                                                    ^~~~
/<<PKGBUILDDIR>>/src/TranslationGerman.h:38:70: warning: illegal character encoding in string literal [-Winvalid-source-encoding]
        const char* back(void) const                            {return "Zur<FC>ck";}
                                                                            ^~~~
/<<PKGBUILDDIR>>/src/TranslationGerman.h:39:68: warning: illegal character encoding in string literal [-Winvalid-source-encoding]
        const char* borders(void) const                         {return "R<E4>nder";}
                                                                          ^~~~
/<<PKGBUILDDIR>>/src/TranslationGerman.h:50:68: warning: illegal character encoding in string literal [-Winvalid-source-encoding]
        const char* height(void) const                          {return "H<F6>he:";}
                                                                          ^~~~
/<<PKGBUILDDIR>>/src/TranslationGerman.h:53:73: warning: illegal character encoding in string literal [-Winvalid-source-encoding]
        const char* imageSize(void) const                       {return "Bildgr<F6><DF>e";}
                                                                               ^~~~~~~~
/<<PKGBUILDDIR>>/src/TranslationGerman.h:57:68: warning: illegal character encoding in string literal [-Winvalid-source-encoding]
        const char* languageExplanation(void) const             {return "W<E4>hlen Sie ihre Sprache";}
                                                                          ^~~~
/<<PKGBUILDDIR>>/src/TranslationGerman.h:64:67: warning: illegal character encoding in string literal [-Winvalid-source-encoding]
        const char* overlappingPosition(void) const             {return "<DC>berlappende Seiten";}
                                                                         ^~~~
/<<PKGBUILDDIR>>/src/TranslationGerman.h:65:69: warning: illegal character encoding in string literal [-Winvalid-source-encoding]
        const char* overlappingSize(void) const                 {return "Ma<DF>e der <DC>berlappung";}
                                                                           ^~~~      ~~~~
/<<PKGBUILDDIR>>/src/TranslationGerman.h:66:112: warning: illegal character encoding in string literal [-Winvalid-source-encoding]
        const char* overwriteFile(void) const                   {return "Die Datei '%s' extistiert bereits.\nSoll sie <FC>berschrieben werden?";}
                                                                                                                      ^~~~
/<<PKGBUILDDIR>>/src/TranslationGerman.h:76:77: warning: illegal character encoding in string literal [-Winvalid-source-encoding]
        const char* previewWithOpenGLExplanation(void) const    {return "OpenGL erm<F6>glicht eine bessere Vorschau. Auf alter Hardware k<F6>nnte OpenGL jedoch langsamer sein.";}
                                                                                   ^~~~                                                  ~~~~
/<<PKGBUILDDIR>>/src/TranslationGerman.h:77:71: warning: illegal character encoding in string literal [-Winvalid-source-encoding]
        const char* resolution(void) const                      {return "Aufl<F6>sung:";}
                                                                             ^~~~
/<<PKGBUILDDIR>>/src/TranslationGerman.h:82:69: warning: illegal character encoding in string literal [-Winvalid-source-encoding]
        const char* Size(void) const                            {return "Gr<F6><DF>e:";}
                                                                           ^~~~~~~~
/<<PKGBUILDDIR>>/src/TranslationGerman.h:83:69: warning: illegal character encoding in string literal [-Winvalid-source-encoding]
        const char* sizeInPages(void) const                     {return "Gr<F6><DF>e in Seiten:";}
                                                                           ^~~~~~~~
/<<PKGBUILDDIR>>/src/TranslationGerman.h:84:82: warning: illegal character encoding in string literal [-Winvalid-source-encoding]
        const char* sizeInPercent(void) const                   {return "Prozentuelle Gr<F6><DF>e:";}
                                                                                        ^~~~~~~~
/<<PKGBUILDDIR>>/src/TranslationGerman.h:85:69: warning: illegal character encoding in string literal [-Winvalid-source-encoding]
        const char* sizeInPixels(void) const                    {return "Gr<F6><DF>e (in Pixeln):";}
                                                                           ^~~~~~~~
/<<PKGBUILDDIR>>/src/TranslationGerman.h:86:69: warning: illegal character encoding in string literal [-Winvalid-source-encoding]
        const char* sizeInUnitOfLength(void) const              {return "Gr<F6><DF>e (in %s):";}
                                                                           ^~~~~~~~
/<<PKGBUILDDIR>>/src/TranslationGerman.h:92:68: warning: illegal character encoding in string literal [-Winvalid-source-encoding]
        const char* unitOfLength(void) const                    {return "L<E4>ngeneinheit";}
                                                                          ^~~~
/<<PKGBUILDDIR>>/src/TranslationGerman.h:93:68: warning: illegal character encoding in string literal [-Winvalid-source-encoding]
        const char* unitOfLengthExplanation(void) const         {return "W<E4>hlen Sie die L<E4>ngeneinheit, mit der Sie arbeiten m<F6>chten";}
                                                                          ^~~~              ~~~~                                   ~~~~
/<<PKGBUILDDIR>>/src/TranslationGerman.h:116:66: warning: illegal character encoding in string literal [-Winvalid-source-encoding]
        const char* stepTitle02(void) const                     {return GERMAN_POSTERAZORHELPSTEPTITLENOHTML02;}
                                                                        ^~~~~~~~~~~~~~~~~~~~~~~~~~~~~~~~~~~~~~
/<<PKGBUILDDIR>>/src/TranslationGerman.h:103:72: note: expanded from macro 'GERMAN_POSTERAZORHELPSTEPTITLENOHTML02'
#define GERMAN_POSTERAZORHELPSTEPTITLENOHTML02        "Druckerpapier-Ma<DF>e definieren"
                                                                       ^~~~
/<<PKGBUILDDIR>>/src/TranslationGerman.h:117:66: warning: illegal character encoding in string literal [-Winvalid-source-encoding]
        const char* stepTitle03(void) const                     {return GERMAN_POSTERAZORHELPSTEPTITLENOHTML03;}
                                                                        ^~~~~~~~~~~~~~~~~~~~~~~~~~~~~~~~~~~~~~
/<<PKGBUILDDIR>>/src/TranslationGerman.h:105:56: note: expanded from macro 'GERMAN_POSTERAZORHELPSTEPTITLENOHTML03'
#define GERMAN_POSTERAZORHELPSTEPTITLENOHTML03        "<DC>berlappung der Bildabschnitte definieren"
                                                       ^~~~
/<<PKGBUILDDIR>>/src/TranslationGerman.h:118:66: warning: illegal character encoding in string literal [-Winvalid-source-encoding]
        const char* stepTitle04(void) const                     {return GERMAN_POSTERAZORHELPSTEPTITLENOHTML04;}
                                                                        ^~~~~~~~~~~~~~~~~~~~~~~~~~~~~~~~~~~~~~
/<<PKGBUILDDIR>>/src/TranslationGerman.h:107:75: note: expanded from macro 'GERMAN_POSTERAZORHELPSTEPTITLENOHTML04'
#define GERMAN_POSTERAZORHELPSTEPTITLENOHTML04        "Die finale Postergr<F6><DF>e definieren"
                                                                          ^~~~~~~~
In file included from /<<PKGBUILDDIR>>/src/Translations.cpp:27:
/<<PKGBUILDDIR>>/src/TranslationFrench.h:130:79: error: invalid suffix on literal; C++11 requires a space between literal and identifier [-Wreserved-user-defined-literal]
                                        "<A name=\"" POSTERAZORHELPANCHORTOP "\"><CENTER><H1>Aide de PosteRazor "POSTERAZORVERSION"</H1></CENTER></A>" POSTERAZORHELPENDLINE \
                                                                                                                 ^
                                                                                                                  
/<<PKGBUILDDIR>>/src/TranslationFrench.h:211:18: error: invalid suffix on literal; C++11 requires a space between literal and identifier [-Wreserved-user-defined-literal]
                                        "<a href=\""FRENCH_POSTERAZORWEBSITEURL"\">posterazor.sourceforge.net</a><br>" POSTERAZORHELPENDLINE \
                                                    ^
                                                     
/<<PKGBUILDDIR>>/src/TranslationFrench.h:36:71: warning: illegal character encoding in string literal [-Winvalid-source-encoding]
        const char* languageName(void) const                    {return "Fran<E7>ais";}
                                                                             ^~~~
/<<PKGBUILDDIR>>/src/TranslationFrench.h:38:75: warning: illegal character encoding in string literal [-Winvalid-source-encoding]
        const char* absoluteSize(void) const                    {return "Taille r<E9>elle :";}
                                                                                 ^~~~
/<<PKGBUILDDIR>>/src/TranslationFrench.h:40:69: warning: illegal character encoding in string literal [-Winvalid-source-encoding]
        const char* back(void) const                            {return "Pr<E9>c<E9>dent";}
                                                                           ^~~~ ~~~~
/<<PKGBUILDDIR>>/src/TranslationFrench.h:43:74: warning: illegal character encoding in string literal [-Winvalid-source-encoding]
        const char* bottomLeft(void) const                      {return "En bas <E0> gauche";}
                                                                                ^~~~
/<<PKGBUILDDIR>>/src/TranslationFrench.h:44:74: warning: illegal character encoding in string literal [-Winvalid-source-encoding]
        const char* bottomRight(void) const                     {return "En bas <E0> droite";}
                                                                                ^~~~
/<<PKGBUILDDIR>>/src/TranslationFrench.h:47:78: warning: illegal character encoding in string literal [-Winvalid-source-encoding]
        const char* custom(void) const                          {return "Personnalis<E9>";}
                                                                                    ^~~~
/<<PKGBUILDDIR>>/src/TranslationFrench.h:48:97: warning: illegal character encoding in string literal [-Winvalid-source-encoding]
        const char* fileCouldNotBeLoaded(void) const            {return "Le fichier \"%s\" ne peut pas <EA>tre charg<E9>.";}
                                                                                                       ^~~~         ~~~~
/<<PKGBUILDDIR>>/src/TranslationFrench.h:49:97: warning: illegal character encoding in string literal [-Winvalid-source-encoding]
        const char* fileCouldNotBeSaved(void) const             {return "Le fichier \"%s\" ne peut pas <EA>tre enregistr<E9>.";}
                                                                                                       ^~~~             ~~~~
/<<PKGBUILDDIR>>/src/TranslationFrench.h:56:73: warning: illegal character encoding in string literal [-Winvalid-source-encoding]
        const char* inputImage(void) const                      {return "Image <E0> d<E9>couper";}
                                                                               ^~~~  ~~~~
/<<PKGBUILDDIR>>/src/TranslationFrench.h:60:84: warning: illegal character encoding in string literal [-Winvalid-source-encoding]
        const char* launchPDFApplication(void) const            {return "Ouvrir le PDF apr<E8>s avoir sauv<E9> le poster";}
                                                                                          ^~~~            ~~~~
/<<PKGBUILDDIR>>/src/TranslationFrench.h:68:91: warning: illegal character encoding in string literal [-Winvalid-source-encoding]
        const char* overwriteFile(void) const                   {return "Le fichier '%s' existe d<E9>j<E0>.\nVoulez-vous le remplacer ?";}
                                                                                                 ^~~~ ~~~~
/<<PKGBUILDDIR>>/src/TranslationFrench.h:79:17: warning: illegal character encoding in string literal [-Winvalid-source-encoding]
                                                                                                                "R<E9>glages de PosteRazor"
                                                                                                                  ^~~~
/<<PKGBUILDDIR>>/src/TranslationFrench.h:84:69: warning: illegal character encoding in string literal [-Winvalid-source-encoding]
        const char* previewWithOpenGL(void) const               {return "Pr<E9>visualisation OpenGL";}
                                                                           ^~~~
/<<PKGBUILDDIR>>/src/TranslationFrench.h:85:127: warning: illegal character encoding in string literal [-Winvalid-source-encoding]
        const char* previewWithOpenGLExplanation(void) const    {return "OpenGL permet un rendu plus net. Mais il peut ralentir la pr<E9>visualisation sur les machines moins r<E9>cente.";}
                                                                                                                                     ^~~~                                      ~~~~
/<<PKGBUILDDIR>>/src/TranslationFrench.h:86:68: warning: illegal character encoding in string literal [-Winvalid-source-encoding]
        const char* resolution(void) const                      {return "R<E9>solution :";}
                                                                          ^~~~
/<<PKGBUILDDIR>>/src/TranslationFrench.h:90:68: warning: illegal character encoding in string literal [-Winvalid-source-encoding]
        const char* settings(void) const                        {return "R<E9>glages...";}
                                                                          ^~~~
/<<PKGBUILDDIR>>/src/TranslationFrench.h:97:67: warning: illegal character encoding in string literal [-Winvalid-source-encoding]
        const char* stepXOfY(void) const                        {return "<C9>tape %d de %d";}
                                                                         ^~~~
/<<PKGBUILDDIR>>/src/TranslationFrench.h:99:75: warning: illegal character encoding in string literal [-Winvalid-source-encoding]
        const char* topLeft(void) const                         {return "En haut <E0> gauche";}
                                                                                 ^~~~
/<<PKGBUILDDIR>>/src/TranslationFrench.h:100:75: warning: illegal character encoding in string literal [-Winvalid-source-encoding]
        const char* topRight(void) const                        {return "En haut <E0> droite";}
                                                                                 ^~~~
/<<PKGBUILDDIR>>/src/TranslationFrench.h:101:71: warning: illegal character encoding in string literal [-Winvalid-source-encoding]
        const char* unitOfLength(void) const                    {return "Unit<E9> de mesure";}
                                                                             ^~~~
/<<PKGBUILDDIR>>/src/TranslationFrench.h:102:84: warning: illegal character encoding in string literal [-Winvalid-source-encoding]
        const char* unitOfLengthExplanation(void) const         {return "Choisissez l'unit<E9> de mesure qui vous convient.";}
                                                                                          ^~~~
[ 47%] Building CXX object CMakeFiles/PosteRazor.dir/FlDrawPaintCanvas.cpp.o
/usr/bin/c++ -DFREEIMAGE_LIB -DNO_LAUNCH_URLS_OR_FILES -DNO_OPENGL_PREVIEW -I/<<PKGBUILDDIR>>/src/thirdparty/Fl_Native_File_Chooser -g -O2 -ffile-prefix-map=/<<PKGBUILDDIR>>=. -fstack-protector-strong -Wformat -Werror=format-security -Wdate-time -D_FORTIFY_SOURCE=2 -MD -MT CMakeFiles/PosteRazor.dir/FlDrawPaintCanvas.cpp.o -MF CMakeFiles/PosteRazor.dir/FlDrawPaintCanvas.cpp.o.d -o CMakeFiles/PosteRazor.dir/FlDrawPaintCanvas.cpp.o -c /<<PKGBUILDDIR>>/src/FlDrawPaintCanvas.cpp
In file included from /<<PKGBUILDDIR>>/src/Translations.cpp:31:
/<<PKGBUILDDIR>>/src/TranslationItalian.h:123:71: error: invalid suffix on literal; C++11 requires a space between literal and identifier [-Wreserved-user-defined-literal]
                                        "<A name=\"" POSTERAZORHELPANCHORTOP "\"><CENTER><H1>PosteRazor "POSTERAZORVERSION" Aiuto</H1></CENTER></A>" POSTERAZORHELPENDLINE \
                                                                                                         ^
                                                                                                          
/<<PKGBUILDDIR>>/src/TranslationItalian.h:204:18: error: invalid suffix on literal; C++11 requires a space between literal and identifier [-Wreserved-user-defined-literal]
                                        "<a href=\""ITALIAN_POSTERAZORWEBSITEURL"\">posterazor.sourceforge.net</a><br>" POSTERAZORHELPENDLINE \
                                                    ^
                                                     
/<<PKGBUILDDIR>>/src/TranslationItalian.h:48:88: warning: illegal character encoding in string literal [-Winvalid-source-encoding]
        const char* fileCouldNotBeLoaded(void) const            {return "Il file \"%s\" non pu<F2> essere caricato.";}
                                                                                              ^~~~
/<<PKGBUILDDIR>>/src/TranslationItalian.h:49:88: warning: illegal character encoding in string literal [-Winvalid-source-encoding]
        const char* fileCouldNotBeSaved(void) const             {return "Il file \"%s\" non pu<F2> essere salvato.";}
                                                                                              ^~~~
/<<PKGBUILDDIR>>/src/TranslationItalian.h:60:112: warning: illegal character encoding in string literal [-Winvalid-source-encoding]
        const char* launchPDFApplication(void) const            {return "Lancia l'applicazione PDF dopo che il poster <E8> stato salvato";}
                                                                                                                      ^~~~
/<<PKGBUILDDIR>>/src/TranslationItalian.h:68:89: warning: illegal character encoding in string literal [-Winvalid-source-encoding]
        const char* overwriteFile(void) const                   {return "Il file '%s' esiste gi<E0>.\nVuoi sovrascriverlo?";}
                                                                                               ^~~~
/<<PKGBUILDDIR>>/src/TranslationItalian.h:78:89: warning: illegal character encoding in string literal [-Winvalid-source-encoding]
        const char* previewWithOpenGLExplanation(void) const    {return "OpenGL permette una pi<F9> accurata anteprima sui sistemi moderni, sebbene possa risultare pi<F9> lenta nei computer meno recenti";}
                                                                                               ^~~~                                                                   ~~~~
/<<PKGBUILDDIR>>/src/TranslationItalian.h:94:71: warning: illegal character encoding in string literal [-Winvalid-source-encoding]
        const char* unitOfLength(void) const                    {return "Unit<E0> di misura";}
                                                                             ^~~~
/<<PKGBUILDDIR>>/src/TranslationItalian.h:95:80: warning: illegal character encoding in string literal [-Winvalid-source-encoding]
        const char* unitOfLengthExplanation(void) const         {return "Scegli l'unit<E0> di misura della distanza con cui intendi lavorare";}
                                                                                      ^~~~
In file included from /<<PKGBUILDDIR>>/src/Translations.cpp:32:
/<<PKGBUILDDIR>>/src/TranslationDutch.h:126:71: error: invalid suffix on literal; C++11 requires a space between literal and identifier [-Wreserved-user-defined-literal]
                                        "<A name=\"" POSTERAZORHELPANCHORTOP "\"><CENTER><H1>PosteRazor "POSTERAZORVERSION" Help</H1></CENTER></A>" POSTERAZORHELPENDLINE \
                                                                                                         ^
                                                                                                          
/<<PKGBUILDDIR>>/src/TranslationDutch.h:207:18: error: invalid suffix on literal; C++11 requires a space between literal and identifier [-Wreserved-user-defined-literal]
                                        "<a href=\""DUTCH_POSTERAZORWEBSITEURL"\">posterazor.sourceforge.net</a><br>" POSTERAZORHELPENDLINE \
                                                    ^
                                                     
/<<PKGBUILDDIR>>/src/TranslationDutch.h:65:70: warning: illegal character encoding in string literal [-Winvalid-source-encoding]
        const char* orientation(void) const                     {return "Ori<EB>ntatie:";}
                                                                            ^~~~
/<<PKGBUILDDIR>>/src/TranslationDutch.h:118:66: warning: illegal character encoding in string literal [-Winvalid-source-encoding]
        const char* stepTitle02(void) const                     {return DUTCH_POSTERAZORHELPSTEPTITLENOHTML02;};
                                                                        ^~~~~~~~~~~~~~~~~~~~~~~~~~~~~~~~~~~~~
/<<PKGBUILDDIR>>/src/TranslationDutch.h:105:77: note: expanded from macro 'DUTCH_POSTERAZORHELPSTEPTITLENOHTML02'
#define DUTCH_POSTERAZORHELPSTEPTITLENOHTML02         "Papierafmeting defini<EB>ren"
                                                                            ^~~~
/<<PKGBUILDDIR>>/src/TranslationDutch.h:119:66: warning: illegal character encoding in string literal [-Winvalid-source-encoding]
        const char* stepTitle03(void) const                     {return DUTCH_POSTERAZORHELPSTEPTITLENOHTML03;};
                                                                        ^~~~~~~~~~~~~~~~~~~~~~~~~~~~~~~~~~~~~
/<<PKGBUILDDIR>>/src/TranslationDutch.h:107:74: note: expanded from macro 'DUTCH_POSTERAZORHELPSTEPTITLENOHTML03'
#define DUTCH_POSTERAZORHELPSTEPTITLENOHTML03         "Overlapping defini<EB>ren"
                                                                         ^~~~
/<<PKGBUILDDIR>>/src/TranslationDutch.h:120:66: warning: illegal character encoding in string literal [-Winvalid-source-encoding]
        const char* stepTitle04(void) const                     {return DUTCH_POSTERAZORHELPSTEPTITLENOHTML04;};
                                                                        ^~~~~~~~~~~~~~~~~~~~~~~~~~~~~~~~~~~~~
/<<PKGBUILDDIR>>/src/TranslationDutch.h:109:76: note: expanded from macro 'DUTCH_POSTERAZORHELPSTEPTITLENOHTML04'
#define DUTCH_POSTERAZORHELPSTEPTITLENOHTML04         "Postergrootte defini<EB>ren"
                                                                           ^~~~
In file included from /<<PKGBUILDDIR>>/src/Translations.cpp:33:
/<<PKGBUILDDIR>>/src/TranslationSpanish.h:133:80: error: invalid suffix on literal; C++11 requires a space between literal and identifier [-Wreserved-user-defined-literal]
                                        "<A name=\"" POSTERAZORHELPANCHORTOP "\"><CENTER><H1>Ayuda de PosteRazor "POSTERAZORVERSION"</H1></CENTER></A>" POSTERAZORHELPENDLINE \
                                                                                                                  ^
                                                                                                                   
/<<PKGBUILDDIR>>/src/TranslationSpanish.h:214:18: error: invalid suffix on literal; C++11 requires a space between literal and identifier [-Wreserved-user-defined-literal]
                                        "<a href=\""SPANISH_POSTERAZORWEBSITEURL"\">posterazor.sourceforge.net</a><br>" POSTERAZORHELPENDLINE \
                                                    ^
                                                     
/<<PKGBUILDDIR>>/src/TranslationSpanish.h:36:71: warning: illegal character encoding in string literal [-Winvalid-source-encoding]
        const char* languageName(void) const                    {return "Espa<F1>ol";}
                                                                             ^~~~
/<<PKGBUILDDIR>>/src/TranslationSpanish.h:38:71: warning: illegal character encoding in string literal [-Winvalid-source-encoding]
        const char* absoluteSize(void) const                    {return "Tama<F1>o total:";}
                                                                             ^~~~
/<<PKGBUILDDIR>>/src/TranslationSpanish.h:40:70: warning: illegal character encoding in string literal [-Winvalid-source-encoding]
        const char* back(void) const                            {return "Atr<E1>s";}
                                                                            ^~~~
/<<PKGBUILDDIR>>/src/TranslationSpanish.h:41:68: warning: illegal character encoding in string literal [-Winvalid-source-encoding]
        const char* borders(void) const                         {return "M<E1>rgenes";}
                                                                          ^~~~
/<<PKGBUILDDIR>>/src/TranslationSpanish.h:53:75: warning: illegal character encoding in string literal [-Winvalid-source-encoding]
        const char* imageAlignment(void) const                  {return "Alineaci<F3>n de imagen";}
                                                                                 ^~~~
/<<PKGBUILDDIR>>/src/TranslationSpanish.h:55:71: warning: illegal character encoding in string literal [-Winvalid-source-encoding]
        const char* imageSize(void) const                       {return "Tama<F1>o de imagen";}
                                                                             ^~~~
/<<PKGBUILDDIR>>/src/TranslationSpanish.h:60:87: warning: illegal character encoding in string literal [-Winvalid-source-encoding]
        const char* launchPDFApplication(void) const            {return "Ejecutar la aplicaci<F3>n PDF tras guardar el poster";}
                                                                                             ^~~~
/<<PKGBUILDDIR>>/src/TranslationSpanish.h:65:76: warning: illegal character encoding in string literal [-Winvalid-source-encoding]
        const char* orientation(void) const                     {return "Orientaci<F3>n:";}
                                                                                  ^~~~
/<<PKGBUILDDIR>>/src/TranslationSpanish.h:66:73: warning: illegal character encoding in string literal [-Winvalid-source-encoding]
        const char* overlappingPosition(void) const             {return "Posici<F3>n de superposici<F3>n";}
                                                                               ^~~~                ~~~~
/<<PKGBUILDDIR>>/src/TranslationSpanish.h:67:71: warning: illegal character encoding in string literal [-Winvalid-source-encoding]
        const char* overlappingSize(void) const                 {return "Tama<F1>o de superposici<F3>n";}
                                                                             ^~~~                ~~~~
/<<PKGBUILDDIR>>/src/TranslationSpanish.h:68:95: warning: illegal character encoding in string literal [-Winvalid-source-encoding]
        const char* overwriteFile(void) const                   {return "El archivo '%s' ya existe.\n<BF>Desea sobrescribirlo?";}
                                                                                                     ^~~~
/<<PKGBUILDDIR>>/src/TranslationSpanish.h:69:68: warning: illegal character encoding in string literal [-Winvalid-source-encoding]
        const char* pages(void) const                           {return "p<E1>ginas";}
                                                                          ^~~~
/<<PKGBUILDDIR>>/src/TranslationSpanish.h:79:69: warning: illegal character encoding in string literal [-Winvalid-source-encoding]
                                                        "Configuraci<F3>n de PosteRazor"
                                                                    ^~~~
/<<PKGBUILDDIR>>/src/TranslationSpanish.h:85:103: warning: illegal character encoding in string literal [-Winvalid-source-encoding]
        const char* previewWithOpenGLExplanation(void) const    {return "OpenGL posibilita una previsualizaci<F3>n f<E1>cil en los sistemas modernos. En sistemas antiguos puede ralentizar la previsualizaci<F3>n.";}
                                                                                                             ^~~~   ~~~~                                                                                     ~~~~
/<<PKGBUILDDIR>>/src/TranslationSpanish.h:86:75: warning: illegal character encoding in string literal [-Winvalid-source-encoding]
        const char* resolution(void) const                      {return "Resoluci<F3>n:";}
                                                                                 ^~~~
/<<PKGBUILDDIR>>/src/TranslationSpanish.h:88:79: warning: illegal character encoding in string literal [-Winvalid-source-encoding]
        const char* saveThePoster(void) const                   {return "Guardar el p<F3>ster";}
                                                                                     ^~~~
/<<PKGBUILDDIR>>/src/TranslationSpanish.h:89:79: warning: illegal character encoding in string literal [-Winvalid-source-encoding]
        const char* saveThePosterAs(void) const                 {return "Guardar el p<F3>ster como";}
                                                                                     ^~~~
/<<PKGBUILDDIR>>/src/TranslationSpanish.h:91:71: warning: illegal character encoding in string literal [-Winvalid-source-encoding]
        const char* Size(void) const                            {return "Tama<F1>o:";}
                                                                             ^~~~
/<<PKGBUILDDIR>>/src/TranslationSpanish.h:92:71: warning: illegal character encoding in string literal [-Winvalid-source-encoding]
        const char* sizeInPages(void) const                     {return "Tama<F1>o en p<E1>ginas:";}
                                                                             ^~~~      ~~~~
/<<PKGBUILDDIR>>/src/TranslationSpanish.h:93:71: warning: illegal character encoding in string literal [-Winvalid-source-encoding]
        const char* sizeInPercent(void) const                   {return "Tama<F1>o en porcentaje:";}
                                                                             ^~~~
/<<PKGBUILDDIR>>/src/TranslationSpanish.h:94:71: warning: illegal character encoding in string literal [-Winvalid-source-encoding]
        const char* sizeInPixels(void) const                    {return "Tama<F1>o (en p<ED>x.):";}
                                                                             ^~~~       ~~~~
/<<PKGBUILDDIR>>/src/TranslationSpanish.h:95:71: warning: illegal character encoding in string literal [-Winvalid-source-encoding]
        const char* sizeInUnitOfLength(void) const              {return "Tama<F1>o (en %s):";}
                                                                             ^~~~
/<<PKGBUILDDIR>>/src/TranslationSpanish.h:96:70: warning: illegal character encoding in string literal [-Winvalid-source-encoding]
        const char* standard(void) const                        {return "Est<E1>ndar";}
                                                                            ^~~~
/<<PKGBUILDDIR>>/src/TranslationSpanish.h:126:66: warning: illegal character encoding in string literal [-Winvalid-source-encoding]
        const char* stepTitle03(void) const                     {return SPANISH_POSTERAZORHELPSTEPTITLENOHTML03;}
                                                                        ^~~~~~~~~~~~~~~~~~~~~~~~~~~~~~~~~~~~~~~
/<<PKGBUILDDIR>>/src/TranslationSpanish.h:113:82: note: expanded from macro 'SPANISH_POSTERAZORHELPSTEPTITLENOHTML03'
#define SPANISH_POSTERAZORHELPSTEPTITLENOHTML03           "Definir la superposici<F3>n del mosaico de imagen"
                                                                                 ^~~~
/<<PKGBUILDDIR>>/src/TranslationSpanish.h:127:66: warning: illegal character encoding in string literal [-Winvalid-source-encoding]
        const char* stepTitle04(void) const                     {return SPANISH_POSTERAZORHELPSTEPTITLENOHTML04;}
                                                                        ^~~~~~~~~~~~~~~~~~~~~~~~~~~~~~~~~~~~~~~
/<<PKGBUILDDIR>>/src/TranslationSpanish.h:115:75: note: expanded from macro 'SPANISH_POSTERAZORHELPSTEPTITLENOHTML04'
#define SPANISH_POSTERAZORHELPSTEPTITLENOHTML04           "Definir el tama<F1>o final del p<F3>ster"
                                                                          ^~~~             ~~~~
/<<PKGBUILDDIR>>/src/TranslationSpanish.h:128:66: warning: illegal character encoding in string literal [-Winvalid-source-encoding]
        const char* stepTitle05(void) const                     {return SPANISH_POSTERAZORHELPSTEPTITLENOHTML05;}
                                                                        ^~~~~~~~~~~~~~~~~~~~~~~~~~~~~~~~~~~~~~~
/<<PKGBUILDDIR>>/src/TranslationSpanish.h:117:72: note: expanded from macro 'SPANISH_POSTERAZORHELPSTEPTITLENOHTML05'
#define SPANISH_POSTERAZORHELPSTEPTITLENOHTML05           "Guardar el p<F3>ster"
                                                                       ^~~~
In file included from /<<PKGBUILDDIR>>/src/Translations.cpp:34:
/<<PKGBUILDDIR>>/src/TranslationBrazilianPortuguese.h:124:71: error: invalid suffix on literal; C++11 requires a space between literal and identifier [-Wreserved-user-defined-literal]
                                        "<A name=\"" POSTERAZORHELPANCHORTOP "\"><CENTER><H1>PosteRazor "POSTERAZORVERSION" Help</H1></CENTER></A>" POSTERAZORHELPENDLINE \
                                                                                                         ^
                                                                                                          
/<<PKGBUILDDIR>>/src/TranslationBrazilianPortuguese.h:205:18: error: invalid suffix on literal; C++11 requires a space between literal and identifier [-Wreserved-user-defined-literal]
                                        "<a href=\""BRAZILIANPORTUGUESE_POSTERAZORWEBSITEURL"\">posterazor.sourceforge.net</a><br>" POSTERAZORHELPENDLINE \
                                                    ^
                                                     
/<<PKGBUILDDIR>>/src/TranslationBrazilianPortuguese.h:36:74: warning: illegal character encoding in string literal [-Winvalid-source-encoding]
        const char* languageName(void) const                    {return "Portugu<EA>s do Brasil";}
                                                                                ^~~~
/<<PKGBUILDDIR>>/src/TranslationBrazilianPortuguese.h:48:85: warning: illegal character encoding in string literal [-Winvalid-source-encoding]
        const char* fileCouldNotBeLoaded(void) const            {return "O arquivo \"%s\" n<E3>o p<F4>de ser carregado.";}
                                                                                           ^~~~   ~~~~
/<<PKGBUILDDIR>>/src/TranslationBrazilianPortuguese.h:49:85: warning: illegal character encoding in string literal [-Winvalid-source-encoding]
        const char* fileCouldNotBeSaved(void) const             {return "O arquivo \"%s\" n<E3>o p<F4>de ser salvo.";}
                                                                                           ^~~~   ~~~~
/<<PKGBUILDDIR>>/src/TranslationBrazilianPortuguese.h:54:74: warning: illegal character encoding in string literal [-Winvalid-source-encoding]
        const char* imageInformations(void) const               {return "Informa<E7><F5>es da imagem";}
                                                                                ^~~~~~~~
/<<PKGBUILDDIR>>/src/TranslationBrazilianPortuguese.h:60:90: warning: illegal character encoding in string literal [-Winvalid-source-encoding]
        const char* launchPDFApplication(void) const            {return "Execute o leitor PDF ap<F3>s salvar o poster";}
                                                                                                ^~~~
/<<PKGBUILDDIR>>/src/TranslationBrazilianPortuguese.h:63:75: warning: illegal character encoding in string literal [-Winvalid-source-encoding]
        const char* monochrome(void) const                      {return "Monocrom<E1>tico";}
                                                                                 ^~~~
/<<PKGBUILDDIR>>/src/TranslationBrazilianPortuguese.h:64:69: warning: illegal character encoding in string literal [-Winvalid-source-encoding]
        const char* next(void) const                            {return "Pr<F3>ximo";}
                                                                           ^~~~
/<<PKGBUILDDIR>>/src/TranslationBrazilianPortuguese.h:65:74: warning: illegal character encoding in string literal [-Winvalid-source-encoding]
        const char* orientation(void) const                     {return "Orienta<E7><E3>o:";}
                                                                                ^~~~~~~~
/<<PKGBUILDDIR>>/src/TranslationBrazilianPortuguese.h:66:71: warning: illegal character encoding in string literal [-Winvalid-source-encoding]
        const char* overlappingPosition(void) const             {return "Posi<E7><E3>o da Superposi<E7><E3>o";}
                                                                             ^~~~~~~~              ~~~~~~~~
/<<PKGBUILDDIR>>/src/TranslationBrazilianPortuguese.h:67:87: warning: illegal character encoding in string literal [-Winvalid-source-encoding]
        const char* overlappingSize(void) const                 {return "Tamanho da Superposi<E7><E3>o";}
                                                                                             ^~~~~~~~
/<<PKGBUILDDIR>>/src/TranslationBrazilianPortuguese.h:68:83: warning: illegal character encoding in string literal [-Winvalid-source-encoding]
        const char* overwriteFile(void) const                   {return "O arquivo '%s' j<E1> existe.\nQuer sobrescrev<EA>-lo?";}
                                                                                         ^~~~
/<<PKGBUILDDIR>>/src/TranslationBrazilianPortuguese.h:68:109: warning: illegal character encoding in string literal [-Winvalid-source-encoding]
        const char* overwriteFile(void) const                   {return "O arquivo '%s' j<E1> existe.\nQuer sobrescrev<EA>-lo?";}
                                                                                                                      ^~~~
/<<PKGBUILDDIR>>/src/TranslationBrazilianPortuguese.h:69:68: warning: illegal character encoding in string literal [-Winvalid-source-encoding]
        const char* pages(void) const                           {return "P<E1>ginas";}
                                                                          ^~~~
/<<PKGBUILDDIR>>/src/TranslationBrazilianPortuguese.h:74:76: warning: illegal character encoding in string literal [-Winvalid-source-encoding]
        const char* posteRazorSettings(void) const              {return "Configura<E7><F5>es do PosteRazor";}
                                                                                  ^~~~~~~~
/<<PKGBUILDDIR>>/src/TranslationBrazilianPortuguese.h:78:102: warning: illegal character encoding in string literal [-Winvalid-source-encoding]
        const char* previewWithOpenGLExplanation(void) const    {return "OpenGL possibilita uma previsualiza<E7><E3>o f<E1>cil em sistemas modernos. Em sistemas mais antigos a previsualiza<E7><E3>o fica mais lenta.";}
                                                                                                            ^~~~~~~~   ~~~~                                                                 ~~~~~~~~
/<<PKGBUILDDIR>>/src/TranslationBrazilianPortuguese.h:79:73: warning: illegal character encoding in string literal [-Winvalid-source-encoding]
        const char* resolution(void) const                      {return "Resolu<E7><E3>o:";}
                                                                               ^~~~~~~~
/<<PKGBUILDDIR>>/src/TranslationBrazilianPortuguese.h:83:76: warning: illegal character encoding in string literal [-Winvalid-source-encoding]
        const char* settings(void) const                        {return "Configura<E7><F5>es...";}
                                                                                  ^~~~~~~~
/<<PKGBUILDDIR>>/src/TranslationBrazilianPortuguese.h:85:79: warning: illegal character encoding in string literal [-Winvalid-source-encoding]
        const char* sizeInPages(void) const                     {return "Tamanho em p<E1>ginas:";}
                                                                                     ^~~~
/<<PKGBUILDDIR>>/src/TranslationBrazilianPortuguese.h:89:71: warning: illegal character encoding in string literal [-Winvalid-source-encoding]
        const char* standard(void) const                        {return "Padr<E3>o";}
                                                                             ^~~~
/<<PKGBUILDDIR>>/src/TranslationBrazilianPortuguese.h:117:66: warning: illegal character encoding in string literal [-Winvalid-source-encoding]
        const char* stepTitle03(void) const                     {return BRAZILIANPORTUGUESE_POSTERAZORHELPSTEPTITLENOHTML03;}
                                                                        ^~~~~~~~~~~~~~~~~~~~~~~~~~~~~~~~~~~~~~~~~~~~~~~~~~~
/<<PKGBUILDDIR>>/src/TranslationBrazilianPortuguese.h:106:87: note: expanded from macro 'BRAZILIANPORTUGUESE_POSTERAZORHELPSTEPTITLENOHTML03'
#define BRAZILIANPORTUGUESE_POSTERAZORHELPSTEPTITLENOHTML03       "Definir a superposi<E7><E3>o do mosaico da imagem"
                                                                                      ^~~~~~~~
99 warnings and 14 errors generated.
make[3]: *** [CMakeFiles/PosteRazor.dir/build.make:177: CMakeFiles/PosteRazor.dir/Translations.cpp.o] Error 1
make[3]: *** Waiting for unfinished jobs....
make[3]: Leaving directory '/<<PKGBUILDDIR>>/src/build'
make[2]: *** [CMakeFiles/Makefile2:86: CMakeFiles/PosteRazor.dir/all] Error 2
make[2]: Leaving directory '/<<PKGBUILDDIR>>/src/build'
make[1]: *** [Makefile:94: all] Error 2
make[1]: Leaving directory '/<<PKGBUILDDIR>>/src/build'
dh_auto_build: error: cd src/build && make -j4 "INSTALL=install --strip-program=true" VERBOSE=1 returned exit code 2
make: *** [debian/rules:7: binary] Error 25
dpkg-buildpackage: error: debian/rules binary subprocess returned exit status 2
--------------------------------------------------------------------------------
Build finished at 2021-10-26T23:08:24Z

Finished
--------


+------------------------------------------------------------------------------+
| Cleanup                                                                      |
+------------------------------------------------------------------------------+

Purging /<<BUILDDIR>>
Not cleaning session: cloned chroot in use
E: Build failure (dpkg-buildpackage died)

+------------------------------------------------------------------------------+
| Summary                                                                      |
+------------------------------------------------------------------------------+

Build Architecture: amd64
Build Type: binary
Build-Space: 2612
Build-Time: 2
Distribution: unstable
Fail-Stage: build
Host Architecture: amd64
Install-Time: 21
Job: posterazor_1.5.1-10
Machine Architecture: amd64
Package: posterazor
Package-Time: 44
Source-Version: 1.5.1-10
Space: 2612
Status: attempted
Version: 1.5.1-10
--------------------------------------------------------------------------------
Finished at 2021-10-26T23:08:24Z
Build needed 00:00:44, 2612k disk space
E: Build failure (dpkg-buildpackage died)
DC-Status: Failed 44.496500235s
