DC-Build-Header: purify 2.0.0-6 / 2021-10-26 21:46:50 +0000
DC-Task: type:rebuild-binarch-only source:purify version:2.0.0-6 chroot:unstable esttime:296 logfile:/tmp/purify_2.0.0-6_unstable_clang13.log modes:clang13:binarch-only
DC-Sbuild-call: su user42 -c 'sbuild -n --arch-any --apt-update -d unstable -v --no-run-lintian --chroot-setup-commands=/tmp/clang13 purify_2.0.0-6'
sbuild (Debian sbuild) 0.78.1 (09 February 2019) on ip-172-31-3-182.eu-central-1.compute.internal

+==============================================================================+
| purify 2.0.0-6 (amd64)                       Tue, 26 Oct 2021 21:46:50 +0000 |
+==============================================================================+

Package: purify
Version: 2.0.0-6
Source Version: 2.0.0-6
Distribution: unstable
Machine Architecture: amd64
Host Architecture: amd64
Build Architecture: amd64
Build Type: binary

I: NOTICE: Log filtering will replace 'var/run/schroot/mount/sid-amd64-sbuild-7790057a-ed95-4434-93f6-b9c8f558dd9c' with '<<CHROOT>>'

+------------------------------------------------------------------------------+
| Chroot Setup Commands                                                        |
+------------------------------------------------------------------------------+


/tmp/clang13
------------

+ echo 'Entering customization script...'
Entering customization script...
+ CLANG_VERSION=13
+ echo 'Install of clang-13'
Install of clang-13
+ apt-get update
Get:1 http://127.0.0.1:12990/debian sid InRelease [165 kB]
Get:2 http://127.0.0.1:12990/debian sid/main Sources.diff/Index [63.6 kB]
Get:3 http://127.0.0.1:12990/debian sid/main amd64 Packages.diff/Index [63.6 kB]
Get:4 http://127.0.0.1:12990/debian sid/main Sources T-2021-10-26-2004.40-F-2021-10-26-0202.15.pdiff [47.3 kB]
Get:4 http://127.0.0.1:12990/debian sid/main Sources T-2021-10-26-2004.40-F-2021-10-26-0202.15.pdiff [47.3 kB]
Get:5 http://127.0.0.1:12990/debian sid/main amd64 Packages T-2021-10-26-2004.40-F-2021-10-26-0202.15.pdiff [55.9 kB]
Get:5 http://127.0.0.1:12990/debian sid/main amd64 Packages T-2021-10-26-2004.40-F-2021-10-26-0202.15.pdiff [55.9 kB]
Get:6 http://127.0.0.1:12990/debian sid/main Translation-en [6586 kB]
Fetched 6981 kB in 3s (2749 kB/s)
Reading package lists...
+ apt-get install --yes --no-install-recommends --force-yes clang-13 libomp-13-dev libobjc-9-dev
Reading package lists...
Building dependency tree...
The following additional packages will be installed:
  lib32gcc-s1 lib32stdc++6 libasan5 libbsd0 libc6-i386 libclang-common-13-dev
  libclang-cpp13 libclang1-13 libedit2 libgc1 libgcc-9-dev libicu67 libllvm13
  libmd0 libobjc-11-dev libobjc4 libomp5-13 libxml2 libz3-4
Suggested packages:
  clang-13-doc libomp-13-doc
Recommended packages:
  llvm-13-dev python3
The following NEW packages will be installed:
  clang-13 lib32gcc-s1 lib32stdc++6 libasan5 libbsd0 libc6-i386
  libclang-common-13-dev libclang-cpp13 libclang1-13 libedit2 libgc1
  libgcc-9-dev libicu67 libllvm13 libmd0 libobjc-11-dev libobjc-9-dev libobjc4
  libomp-13-dev libomp5-13 libxml2 libz3-4
0 upgraded, 22 newly installed, 0 to remove and 0 not upgraded.
Need to get 68.5 MB of archives.
After this operation, 379 MB of additional disk space will be used.
Get:1 http://127.0.0.1:12990/debian sid/main amd64 libmd0 amd64 1.0.4-1 [29.6 kB]
Get:2 http://127.0.0.1:12990/debian sid/main amd64 libbsd0 amd64 0.11.3-1 [108 kB]
Get:3 http://127.0.0.1:12990/debian sid/main amd64 libedit2 amd64 3.1-20210910-1 [97.5 kB]
Get:4 http://127.0.0.1:12990/debian sid/main amd64 libicu67 amd64 67.1-7 [8622 kB]
Get:5 http://127.0.0.1:12990/debian sid/main amd64 libxml2 amd64 2.9.12+dfsg-5 [696 kB]
Get:6 http://127.0.0.1:12990/debian sid/main amd64 libz3-4 amd64 4.8.12-1+b1 [6997 kB]
Get:7 http://127.0.0.1:12990/debian sid/main amd64 libllvm13 amd64 1:13.0.0-8 [19.7 MB]
Get:8 http://127.0.0.1:12990/debian sid/main amd64 libclang-cpp13 amd64 1:13.0.0-8 [10.5 MB]
Get:9 http://127.0.0.1:12990/debian sid/main amd64 libgc1 amd64 1:8.0.4-3 [239 kB]
Get:10 http://127.0.0.1:12990/debian sid/main amd64 libobjc4 amd64 11.2.0-10 [43.2 kB]
Get:11 http://127.0.0.1:12990/debian sid/main amd64 libobjc-11-dev amd64 11.2.0-10 [170 kB]
Get:12 http://127.0.0.1:12990/debian sid/main amd64 libc6-i386 amd64 2.32-4 [2624 kB]
Get:13 http://127.0.0.1:12990/debian sid/main amd64 lib32gcc-s1 amd64 11.2.0-10 [49.9 kB]
Get:14 http://127.0.0.1:12990/debian sid/main amd64 lib32stdc++6 amd64 11.2.0-10 [601 kB]
Get:15 http://127.0.0.1:12990/debian sid/main amd64 libclang-common-13-dev amd64 1:13.0.0-8 [5730 kB]
Get:16 http://127.0.0.1:12990/debian sid/main amd64 libclang1-13 amd64 1:13.0.0-8 [6093 kB]
Get:17 http://127.0.0.1:12990/debian sid/main amd64 clang-13 amd64 1:13.0.0-8 [119 kB]
Get:18 http://127.0.0.1:12990/debian sid/main amd64 libasan5 amd64 9.4.0-3 [2734 kB]
Get:19 http://127.0.0.1:12990/debian sid/main amd64 libgcc-9-dev amd64 9.4.0-3 [2343 kB]
Get:20 http://127.0.0.1:12990/debian sid/main amd64 libobjc-9-dev amd64 9.4.0-3 [219 kB]
Get:21 http://127.0.0.1:12990/debian sid/main amd64 libomp5-13 amd64 1:13.0.0-8 [377 kB]
Get:22 http://127.0.0.1:12990/debian sid/main amd64 libomp-13-dev amd64 1:13.0.0-8 [482 kB]
debconf: delaying package configuration, since apt-utils is not installed
Fetched 68.5 MB in 0s (145 MB/s)
Selecting previously unselected package libmd0:amd64.
(Reading database ... (Reading database ... 5%(Reading database ... 10%(Reading database ... 15%(Reading database ... 20%(Reading database ... 25%(Reading database ... 30%(Reading database ... 35%(Reading database ... 40%(Reading database ... 45%(Reading database ... 50%(Reading database ... 55%(Reading database ... 60%(Reading database ... 65%(Reading database ... 70%(Reading database ... 75%(Reading database ... 80%(Reading database ... 85%(Reading database ... 90%(Reading database ... 95%(Reading database ... 100%(Reading database ... 12431 files and directories currently installed.)
Preparing to unpack .../00-libmd0_1.0.4-1_amd64.deb ...
Unpacking libmd0:amd64 (1.0.4-1) ...
Selecting previously unselected package libbsd0:amd64.
Preparing to unpack .../01-libbsd0_0.11.3-1_amd64.deb ...
Unpacking libbsd0:amd64 (0.11.3-1) ...
Selecting previously unselected package libedit2:amd64.
Preparing to unpack .../02-libedit2_3.1-20210910-1_amd64.deb ...
Unpacking libedit2:amd64 (3.1-20210910-1) ...
Selecting previously unselected package libicu67:amd64.
Preparing to unpack .../03-libicu67_67.1-7_amd64.deb ...
Unpacking libicu67:amd64 (67.1-7) ...
Selecting previously unselected package libxml2:amd64.
Preparing to unpack .../04-libxml2_2.9.12+dfsg-5_amd64.deb ...
Unpacking libxml2:amd64 (2.9.12+dfsg-5) ...
Selecting previously unselected package libz3-4:amd64.
Preparing to unpack .../05-libz3-4_4.8.12-1+b1_amd64.deb ...
Unpacking libz3-4:amd64 (4.8.12-1+b1) ...
Selecting previously unselected package libllvm13:amd64.
Preparing to unpack .../06-libllvm13_1%3a13.0.0-8_amd64.deb ...
Unpacking libllvm13:amd64 (1:13.0.0-8) ...
Selecting previously unselected package libclang-cpp13.
Preparing to unpack .../07-libclang-cpp13_1%3a13.0.0-8_amd64.deb ...
Unpacking libclang-cpp13 (1:13.0.0-8) ...
Selecting previously unselected package libgc1:amd64.
Preparing to unpack .../08-libgc1_1%3a8.0.4-3_amd64.deb ...
Unpacking libgc1:amd64 (1:8.0.4-3) ...
Selecting previously unselected package libobjc4:amd64.
Preparing to unpack .../09-libobjc4_11.2.0-10_amd64.deb ...
Unpacking libobjc4:amd64 (11.2.0-10) ...
Selecting previously unselected package libobjc-11-dev:amd64.
Preparing to unpack .../10-libobjc-11-dev_11.2.0-10_amd64.deb ...
Unpacking libobjc-11-dev:amd64 (11.2.0-10) ...
Selecting previously unselected package libc6-i386.
Preparing to unpack .../11-libc6-i386_2.32-4_amd64.deb ...
Unpacking libc6-i386 (2.32-4) ...
Selecting previously unselected package lib32gcc-s1.
Preparing to unpack .../12-lib32gcc-s1_11.2.0-10_amd64.deb ...
Unpacking lib32gcc-s1 (11.2.0-10) ...
Selecting previously unselected package lib32stdc++6.
Preparing to unpack .../13-lib32stdc++6_11.2.0-10_amd64.deb ...
Unpacking lib32stdc++6 (11.2.0-10) ...
Selecting previously unselected package libclang-common-13-dev.
Preparing to unpack .../14-libclang-common-13-dev_1%3a13.0.0-8_amd64.deb ...
Unpacking libclang-common-13-dev (1:13.0.0-8) ...
Selecting previously unselected package libclang1-13.
Preparing to unpack .../15-libclang1-13_1%3a13.0.0-8_amd64.deb ...
Unpacking libclang1-13 (1:13.0.0-8) ...
Selecting previously unselected package clang-13.
Preparing to unpack .../16-clang-13_1%3a13.0.0-8_amd64.deb ...
Unpacking clang-13 (1:13.0.0-8) ...
Selecting previously unselected package libasan5:amd64.
Preparing to unpack .../17-libasan5_9.4.0-3_amd64.deb ...
Unpacking libasan5:amd64 (9.4.0-3) ...
Selecting previously unselected package libgcc-9-dev:amd64.
Preparing to unpack .../18-libgcc-9-dev_9.4.0-3_amd64.deb ...
Unpacking libgcc-9-dev:amd64 (9.4.0-3) ...
Selecting previously unselected package libobjc-9-dev:amd64.
Preparing to unpack .../19-libobjc-9-dev_9.4.0-3_amd64.deb ...
Unpacking libobjc-9-dev:amd64 (9.4.0-3) ...
Selecting previously unselected package libomp5-13:amd64.
Preparing to unpack .../20-libomp5-13_1%3a13.0.0-8_amd64.deb ...
Unpacking libomp5-13:amd64 (1:13.0.0-8) ...
Selecting previously unselected package libomp-13-dev.
Preparing to unpack .../21-libomp-13-dev_1%3a13.0.0-8_amd64.deb ...
Unpacking libomp-13-dev (1:13.0.0-8) ...
Setting up libicu67:amd64 (67.1-7) ...
Setting up libasan5:amd64 (9.4.0-3) ...
Setting up libz3-4:amd64 (4.8.12-1+b1) ...
Setting up libgc1:amd64 (1:8.0.4-3) ...
Setting up libmd0:amd64 (1.0.4-1) ...
Setting up libc6-i386 (2.32-4) ...
Setting up libomp5-13:amd64 (1:13.0.0-8) ...
Setting up libbsd0:amd64 (0.11.3-1) ...
Setting up libxml2:amd64 (2.9.12+dfsg-5) ...
Setting up libedit2:amd64 (3.1-20210910-1) ...
Setting up libobjc4:amd64 (11.2.0-10) ...
Setting up libgcc-9-dev:amd64 (9.4.0-3) ...
Setting up lib32gcc-s1 (11.2.0-10) ...
Setting up lib32stdc++6 (11.2.0-10) ...
Setting up libllvm13:amd64 (1:13.0.0-8) ...
Setting up libobjc-9-dev:amd64 (9.4.0-3) ...
Setting up libclang-common-13-dev (1:13.0.0-8) ...
Setting up libomp-13-dev (1:13.0.0-8) ...
Setting up libobjc-11-dev:amd64 (11.2.0-10) ...
Setting up libclang1-13 (1:13.0.0-8) ...
Setting up libclang-cpp13 (1:13.0.0-8) ...
Setting up clang-13 (1:13.0.0-8) ...
Processing triggers for libc-bin (2.32-4) ...
W: --force-yes is deprecated, use one of the options starting with --allow instead.
+ echo 'Replace gcc, g++ & cpp by clang'
Replace gcc, g++ & cpp by clang
+ VERSIONS='4.6 4.7 4.8 4.9 5 6 7 8 9 10 11'
+ cd /usr/bin
+ for VERSION in $VERSIONS
+ rm -f g++-4.6 gcc-4.6 cpp-4.6 gcc
+ ln -s clang++-13 g++-4.6
+ ln -s clang-13 gcc-4.6
+ ln -s clang-13 cpp-4.6
+ ln -s clang-13 gcc
+ echo 'gcc-4.6 hold'
+ dpkg --set-selections
dpkg: warning: package not in status nor available database at line 1: gcc-4.6
dpkg: warning: found unknown packages; this might mean the available database
is outdated, and needs to be updated through a frontend method;
please see the FAQ <https://wiki.debian.org/Teams/Dpkg/FAQ>
+ echo 'g++-4.6 hold'
+ dpkg --set-selections
dpkg: warning: package not in status nor available database at line 1: g++-4.6
dpkg: warning: found unknown packages; this might mean the available database
is outdated, and needs to be updated through a frontend method;
please see the FAQ <https://wiki.debian.org/Teams/Dpkg/FAQ>
+ for VERSION in $VERSIONS
+ rm -f g++-4.7 gcc-4.7 cpp-4.7 gcc
+ ln -s clang++-13 g++-4.7
+ ln -s clang-13 gcc-4.7
+ ln -s clang-13 cpp-4.7
+ ln -s clang-13 gcc
+ echo 'gcc-4.7 hold'
+ dpkg --set-selections
dpkg: warning: package not in status nor available database at line 1: gcc-4.7
dpkg: warning: found unknown packages; this might mean the available database
is outdated, and needs to be updated through a frontend method;
please see the FAQ <https://wiki.debian.org/Teams/Dpkg/FAQ>
+ echo 'g++-4.7 hold'
+ dpkg --set-selections
dpkg: warning: package not in status nor available database at line 1: g++-4.7
dpkg: warning: found unknown packages; this might mean the available database
is outdated, and needs to be updated through a frontend method;
please see the FAQ <https://wiki.debian.org/Teams/Dpkg/FAQ>
+ for VERSION in $VERSIONS
+ rm -f g++-4.8 gcc-4.8 cpp-4.8 gcc
+ ln -s clang++-13 g++-4.8
+ ln -s clang-13 gcc-4.8
+ ln -s clang-13 cpp-4.8
+ ln -s clang-13 gcc
+ echo 'gcc-4.8 hold'
+ dpkg --set-selections
dpkg: warning: package not in status nor available database at line 1: gcc-4.8
dpkg: warning: found unknown packages; this might mean the available database
is outdated, and needs to be updated through a frontend method;
please see the FAQ <https://wiki.debian.org/Teams/Dpkg/FAQ>
+ echo 'g++-4.8 hold'
+ dpkg --set-selections
dpkg: warning: package not in status nor available database at line 1: g++-4.8
dpkg: warning: found unknown packages; this might mean the available database
is outdated, and needs to be updated through a frontend method;
please see the FAQ <https://wiki.debian.org/Teams/Dpkg/FAQ>
+ for VERSION in $VERSIONS
+ rm -f g++-4.9 gcc-4.9 cpp-4.9 gcc
+ ln -s clang++-13 g++-4.9
+ ln -s clang-13 gcc-4.9
+ ln -s clang-13 cpp-4.9
+ ln -s clang-13 gcc
+ echo 'gcc-4.9 hold'
+ dpkg --set-selections
dpkg: warning: package not in status nor available database at line 1: gcc-4.9
dpkg: warning: found unknown packages; this might mean the available database
is outdated, and needs to be updated through a frontend method;
please see the FAQ <https://wiki.debian.org/Teams/Dpkg/FAQ>
+ echo 'g++-4.9 hold'
+ dpkg --set-selections
dpkg: warning: package not in status nor available database at line 1: g++-4.9
dpkg: warning: found unknown packages; this might mean the available database
is outdated, and needs to be updated through a frontend method;
please see the FAQ <https://wiki.debian.org/Teams/Dpkg/FAQ>
+ for VERSION in $VERSIONS
+ rm -f g++-5 gcc-5 cpp-5 gcc
+ ln -s clang++-13 g++-5
+ ln -s clang-13 gcc-5
+ ln -s clang-13 cpp-5
+ ln -s clang-13 gcc
+ echo 'gcc-5 hold'
+ dpkg --set-selections
dpkg: warning: package not in status nor available database at line 1: gcc-5
dpkg: warning: found unknown packages; this might mean the available database
is outdated, and needs to be updated through a frontend method;
please see the FAQ <https://wiki.debian.org/Teams/Dpkg/FAQ>
+ echo 'g++-5 hold'
+ dpkg --set-selections
dpkg: warning: package not in status nor available database at line 1: g++-5
dpkg: warning: found unknown packages; this might mean the available database
is outdated, and needs to be updated through a frontend method;
please see the FAQ <https://wiki.debian.org/Teams/Dpkg/FAQ>
+ for VERSION in $VERSIONS
+ rm -f g++-6 gcc-6 cpp-6 gcc
+ ln -s clang++-13 g++-6
+ ln -s clang-13 gcc-6
+ ln -s clang-13 cpp-6
+ ln -s clang-13 gcc
+ echo 'gcc-6 hold'
+ dpkg --set-selections
dpkg: warning: package not in status nor available database at line 1: gcc-6
dpkg: warning: found unknown packages; this might mean the available database
is outdated, and needs to be updated through a frontend method;
please see the FAQ <https://wiki.debian.org/Teams/Dpkg/FAQ>
+ echo 'g++-6 hold'
+ dpkg --set-selections
dpkg: warning: package not in status nor available database at line 1: g++-6
dpkg: warning: found unknown packages; this might mean the available database
is outdated, and needs to be updated through a frontend method;
please see the FAQ <https://wiki.debian.org/Teams/Dpkg/FAQ>
+ for VERSION in $VERSIONS
+ rm -f g++-7 gcc-7 cpp-7 gcc
+ ln -s clang++-13 g++-7
+ ln -s clang-13 gcc-7
+ ln -s clang-13 cpp-7
+ ln -s clang-13 gcc
+ echo 'gcc-7 hold'
+ dpkg --set-selections
dpkg: warning: package not in status nor available database at line 1: gcc-7
dpkg: warning: found unknown packages; this might mean the available database
is outdated, and needs to be updated through a frontend method;
please see the FAQ <https://wiki.debian.org/Teams/Dpkg/FAQ>
+ echo 'g++-7 hold'
+ dpkg --set-selections
dpkg: warning: package not in status nor available database at line 1: g++-7
dpkg: warning: found unknown packages; this might mean the available database
is outdated, and needs to be updated through a frontend method;
please see the FAQ <https://wiki.debian.org/Teams/Dpkg/FAQ>
+ for VERSION in $VERSIONS
+ rm -f g++-8 gcc-8 cpp-8 gcc
+ ln -s clang++-13 g++-8
+ ln -s clang-13 gcc-8
+ ln -s clang-13 cpp-8
+ ln -s clang-13 gcc
+ echo 'gcc-8 hold'
+ dpkg --set-selections
dpkg: warning: package not in status nor available database at line 1: gcc-8
dpkg: warning: found unknown packages; this might mean the available database
is outdated, and needs to be updated through a frontend method;
please see the FAQ <https://wiki.debian.org/Teams/Dpkg/FAQ>
+ echo 'g++-8 hold'
+ dpkg --set-selections
dpkg: warning: package not in status nor available database at line 1: g++-8
dpkg: warning: found unknown packages; this might mean the available database
is outdated, and needs to be updated through a frontend method;
please see the FAQ <https://wiki.debian.org/Teams/Dpkg/FAQ>
+ for VERSION in $VERSIONS
+ rm -f g++-9 gcc-9 cpp-9 gcc
+ ln -s clang++-13 g++-9
+ ln -s clang-13 gcc-9
+ ln -s clang-13 cpp-9
+ ln -s clang-13 gcc
+ echo 'gcc-9 hold'
+ dpkg --set-selections
dpkg: warning: package not in status nor available database at line 1: gcc-9
dpkg: warning: found unknown packages; this might mean the available database
is outdated, and needs to be updated through a frontend method;
please see the FAQ <https://wiki.debian.org/Teams/Dpkg/FAQ>
+ echo 'g++-9 hold'
+ dpkg --set-selections
dpkg: warning: package not in status nor available database at line 1: g++-9
dpkg: warning: found unknown packages; this might mean the available database
is outdated, and needs to be updated through a frontend method;
please see the FAQ <https://wiki.debian.org/Teams/Dpkg/FAQ>
+ for VERSION in $VERSIONS
+ rm -f g++-10 gcc-10 cpp-10 gcc
+ ln -s clang++-13 g++-10
+ ln -s clang-13 gcc-10
+ ln -s clang-13 cpp-10
+ ln -s clang-13 gcc
+ echo 'gcc-10 hold'
+ dpkg --set-selections
dpkg: warning: package not in status nor available database at line 1: gcc-10
dpkg: warning: found unknown packages; this might mean the available database
is outdated, and needs to be updated through a frontend method;
please see the FAQ <https://wiki.debian.org/Teams/Dpkg/FAQ>
+ echo 'g++-10 hold'
+ dpkg --set-selections
dpkg: warning: package not in status nor available database at line 1: g++-10
dpkg: warning: found unknown packages; this might mean the available database
is outdated, and needs to be updated through a frontend method;
please see the FAQ <https://wiki.debian.org/Teams/Dpkg/FAQ>
+ for VERSION in $VERSIONS
+ rm -f g++-11 gcc-11 cpp-11 gcc
+ ln -s clang++-13 g++-11
+ ln -s clang-13 gcc-11
+ ln -s clang-13 cpp-11
+ ln -s clang-13 gcc
+ echo 'gcc-11 hold'
+ dpkg --set-selections
+ echo 'g++-11 hold'
+ dpkg --set-selections
+ cd -
/build/purify-nXkBW6
+ echo 'Check if gcc, g++ & cpp are actually clang'
Check if gcc, g++ & cpp are actually clang
+ gcc --version
+ grep clang
+ cpp --version
+ grep clang
+ g++ --version
+ grep clang
+ cd /usr/bin/
+ rm -f clang++ clang
+ ln -s clang-13 clang++
+ ln -s clang-13 clang
+ clang++ --version
Debian clang version 13.0.0-8
Target: x86_64-pc-linux-gnu
Thread model: posix
InstalledDir: /usr/bin
+ clang --version
Debian clang version 13.0.0-8
Target: x86_64-pc-linux-gnu
Thread model: posix
InstalledDir: /usr/bin
+ cd -
/build/purify-nXkBW6
+ apt install --yes --no-install-recommends --force-yes qt5-qmake

WARNING: apt does not have a stable CLI interface. Use with caution in scripts.

Reading package lists...
Building dependency tree...
Reading state information...
The following additional packages will be installed:
  qt5-qmake-bin qtchooser
The following NEW packages will be installed:
  qt5-qmake qt5-qmake-bin qtchooser
0 upgraded, 3 newly installed, 0 to remove and 0 not upgraded.
Need to get 1322 kB of archives.
After this operation, 4914 kB of additional disk space will be used.
Get:1 http://127.0.0.1:12990/debian sid/main amd64 qt5-qmake-bin amd64 5.15.2+dfsg-12 [1046 kB]
Get:2 http://127.0.0.1:12990/debian sid/main amd64 qtchooser amd64 66-2 [26.3 kB]
Get:3 http://127.0.0.1:12990/debian sid/main amd64 qt5-qmake amd64 5.15.2+dfsg-12 [249 kB]
debconf: delaying package configuration, since apt-utils is not installed
Fetched 1322 kB in 0s (58.1 MB/s)
Selecting previously unselected package qt5-qmake-bin.
(Reading database ... (Reading database ... 5%(Reading database ... 10%(Reading database ... 15%(Reading database ... 20%(Reading database ... 25%(Reading database ... 30%(Reading database ... 35%(Reading database ... 40%(Reading database ... 45%(Reading database ... 50%(Reading database ... 55%(Reading database ... 60%(Reading database ... 65%(Reading database ... 70%(Reading database ... 75%(Reading database ... 80%(Reading database ... 85%(Reading database ... 90%(Reading database ... 95%(Reading database ... 100%(Reading database ... 13528 files and directories currently installed.)
Preparing to unpack .../qt5-qmake-bin_5.15.2+dfsg-12_amd64.deb ...
Unpacking qt5-qmake-bin (5.15.2+dfsg-12) ...
Selecting previously unselected package qtchooser.
Preparing to unpack .../qtchooser_66-2_amd64.deb ...
Unpacking qtchooser (66-2) ...
Selecting previously unselected package qt5-qmake:amd64.
Preparing to unpack .../qt5-qmake_5.15.2+dfsg-12_amd64.deb ...
Unpacking qt5-qmake:amd64 (5.15.2+dfsg-12) ...
Setting up qt5-qmake-bin (5.15.2+dfsg-12) ...
Setting up qtchooser (66-2) ...
Setting up qt5-qmake:amd64 (5.15.2+dfsg-12) ...
W: --force-yes is deprecated, use one of the options starting with --allow instead.
+ cp /usr/lib/x86_64-linux-gnu/qt5/mkspecs/linux-clang/qmake.conf /usr/lib/x86_64-linux-gnu/qt5/mkspecs/linux-clang/qplatformdefs.h /usr/lib/x86_64-linux-gnu/qt5/mkspecs/linux-g++/
+ ls -al /usr/lib/x86_64-linux-gnu/qt5/mkspecs/linux-g++/
total 16
drwxr-xr-x  2 root root 4096 Oct 26 21:47 .
drwxr-xr-x 76 root root 4096 Oct 26 21:47 ..
-rw-r--r--  1 root root  276 Oct 26 21:47 qmake.conf
-rw-r--r--  1 root root 3218 Oct 26 21:47 qplatformdefs.h
+ cat /usr/lib/x86_64-linux-gnu/qt5/mkspecs/linux-g++/qmake.conf
#
# qmake configuration for linux-clang
#

MAKEFILE_GENERATOR = UNIX
CONFIG += incremental

QMAKE_INCREMENTAL_STYLE = sublib

include(../common/linux.conf)
include(../common/gcc-base-unix.conf)
include(../common/clang.conf)

QMAKE_LFLAGS += -ccc-gcc-name g++

load(qt_config)
+ export QMAKESPEC=/usr/lib/x86_64-linux-gnu/qt5/mkspecs/linux-clang/
+ QMAKESPEC=/usr/lib/x86_64-linux-gnu/qt5/mkspecs/linux-clang/
+ sed -i -e 's|compare_problem(2,|compare_problem(0,|g' /usr/bin/dpkg-gensymbols
+ sed -i -e 's|compare_problem(1,|compare_problem(0,|g' /usr/bin/dpkg-gensymbols
+ grep 'compare_problem(' /usr/bin/dpkg-gensymbols
        compare_problem(4, g_('new libraries appeared in the symbols file: %s'), "@libs");
        compare_problem(3, g_('some libraries disappeared in the symbols file: %s'), "@libs");
        compare_problem(0, g_('some new symbols appeared in the symbols file: %s'),
        compare_problem(0, g_('some symbols or patterns disappeared in the symbols file: %s'),

I: Finished running '/tmp/clang13'.

Finished processing commands.
--------------------------------------------------------------------------------
I: NOTICE: Log filtering will replace 'build/purify-nXkBW6/resolver-YqXd1L' with '<<RESOLVERDIR>>'

+------------------------------------------------------------------------------+
| Update chroot                                                                |
+------------------------------------------------------------------------------+

Hit:1 http://127.0.0.1:12990/debian sid InRelease
Reading package lists...
Reading package lists...
Building dependency tree...
Reading state information...
Calculating upgrade...
0 upgraded, 0 newly installed, 0 to remove and 0 not upgraded.

+------------------------------------------------------------------------------+
| Fetch source files                                                           |
+------------------------------------------------------------------------------+


Check APT
---------

Checking available source versions...

Download source files with APT
------------------------------

Reading package lists...
NOTICE: 'purify' packaging is maintained in the 'Git' version control system at:
https://salsa.debian.org/debian-astro-team/purify.git
Please use:
git clone https://salsa.debian.org/debian-astro-team/purify.git
to retrieve the latest (possibly unreleased) updates to the package.
Need to get 39.4 MB of source archives.
Get:1 http://127.0.0.1:12990/debian sid/main purify 2.0.0-6 (dsc) [2243 B]
Get:2 http://127.0.0.1:12990/debian sid/main purify 2.0.0-6 (tar) [39.4 MB]
Get:3 http://127.0.0.1:12990/debian sid/main purify 2.0.0-6 (diff) [19.2 kB]
Fetched 39.4 MB in 0s (123 MB/s)
Download complete and in download only mode
I: NOTICE: Log filtering will replace 'build/purify-nXkBW6/purify-2.0.0' with '<<PKGBUILDDIR>>'
I: NOTICE: Log filtering will replace 'build/purify-nXkBW6' with '<<BUILDDIR>>'

+------------------------------------------------------------------------------+
| Install package build dependencies                                           |
+------------------------------------------------------------------------------+


Setup apt archive
-----------------

Merged Build-Depends: casacore-dev, catch, cmake, debhelper-compat (= 13), libblas-dev, libboost-dev, libccfits-dev, libeigen3-dev, libfftw3-dev, libsopt-dev, libspdlog-dev, libtiff5-dev, build-essential, fakeroot
Filtered Build-Depends: casacore-dev, catch, cmake, debhelper-compat (= 13), libblas-dev, libboost-dev, libccfits-dev, libeigen3-dev, libfftw3-dev, libsopt-dev, libspdlog-dev, libtiff5-dev, build-essential, fakeroot
dpkg-deb: building package 'sbuild-build-depends-main-dummy' in '/<<RESOLVERDIR>>/apt_archive/sbuild-build-depends-main-dummy.deb'.
Ign:1 copy:/<<RESOLVERDIR>>/apt_archive ./ InRelease
Get:2 copy:/<<RESOLVERDIR>>/apt_archive ./ Release [957 B]
Ign:3 copy:/<<RESOLVERDIR>>/apt_archive ./ Release.gpg
Get:4 copy:/<<RESOLVERDIR>>/apt_archive ./ Sources [428 B]
Get:5 copy:/<<RESOLVERDIR>>/apt_archive ./ Packages [511 B]
Fetched 1896 B in 0s (0 B/s)
Reading package lists...
Reading package lists...

Install main build dependencies (apt-based resolver)
----------------------------------------------------

Installing build dependencies
Reading package lists...
Building dependency tree...
Reading state information...
The following additional packages will be installed:
  autoconf automake autopoint autotools-dev bsdextrautils casacore-dev catch
  catch2 cmake cmake-data cpp-10 debhelper dh-autoreconf dh-elpa-helper
  dh-strip-nondeterminism dwz emacsen-common file gcc-10 gettext gettext-base
  gfortran-10 groff-base ibverbs-providers intltool-debian libarchive-zip-perl
  libarchive13 libblas-dev libblas3 libboost-dev libboost-python1.74.0
  libboost1.74-dev libbrotli1 libcasa-casa5 libcasa-coordinates5
  libcasa-derivedmscal5 libcasa-fits5 libcasa-images5 libcasa-lattices5
  libcasa-meas5 libcasa-measures5 libcasa-mirlib5 libcasa-ms5 libcasa-msfits5
  libcasa-python3-5 libcasa-scimath-f5 libcasa-scimath5 libcasa-tables5
  libcbor0.8 libccfits-dev libccfits0v5 libcfitsio-dev libcfitsio9
  libcurl3-gnutls libcurl4 libdebhelper-perl libdeflate-dev libdeflate0
  libeigen3-dev libelf1 libevent-2.1-7 libevent-core-2.1-7 libevent-dev
  libevent-extra-2.1-7 libevent-openssl-2.1-7 libevent-pthreads-2.1-7
  libexpat1 libfabric1 libfftw3-bin libfftw3-dev libfftw3-double3
  libfftw3-long3 libfftw3-quad3 libfftw3-single3 libfido2-1
  libfile-stripnondeterminism-perl libfmt-dev libfmt7 libgcc-10-dev
  libgfortran-10-dev libgfortran5 libglib2.0-0 libhwloc-dev libhwloc-plugins
  libhwloc15 libibverbs-dev libibverbs1 libjbig-dev libjbig0 libjpeg-dev
  libjpeg62-turbo libjpeg62-turbo-dev libjs-jquery libjs-jquery-ui
  libjsoncpp24 liblapack3 libldap-2.4-2 libltdl-dev libltdl7 liblzma-dev
  libmagic-mgc libmagic1 libmpdec3 libncurses6 libncursesw6 libnghttp2-14
  libnl-3-200 libnl-3-dev libnl-route-3-200 libnl-route-3-dev libnuma-dev
  libnuma1 libopenmpi-dev libopenmpi3 libpciaccess0 libpipeline1 libpmix-dev
  libpmix2 libprocps8 libpsl5 libpsm-infinipath1 libpsm2-2 libpython3.9
  libpython3.9-minimal libpython3.9-stdlib librdmacm1 libreadline8 librhash0
  librtmp1 libsasl2-2 libsasl2-modules-db libsigsegv2 libsopt-dev libsopt3.0
  libspdlog-dev libspdlog1 libsqlite3-0 libssh2-1 libstdc++-10-dev
  libsub-override-perl libtiff-dev libtiff5 libtiff5-dev libtiffxx5 libtool
  libuchardet0 libucx0 libuv1 libwcs7 libwebp6 libx11-6 libx11-data libxau6
  libxcb1 libxdmcp6 libxext6 libxnvctrl0 m4 man-db media-types
  ocl-icd-libopencl1 openmpi-bin openmpi-common openssh-client pkg-config
  po-debconf procps readline-common sensible-utils zlib1g-dev
Suggested packages:
  autoconf-archive gnu-standards autoconf-doc cmake-doc ninja-build
  gcc-10-locales dh-make gcc-10-multilib gcc-10-doc gettext-doc
  libasprintf-dev libgettextpo-dev gfortran-10-multilib gfortran-10-doc
  libcoarrays-dev groff lrzip liblapack-doc libboost-doc python3
  libboost1.74-doc libboost-atomic1.74-dev libboost-chrono1.74-dev
  libboost-container1.74-dev libboost-context1.74-dev
  libboost-contract1.74-dev libboost-coroutine1.74-dev
  libboost-date-time1.74-dev libboost-exception1.74-dev libboost-fiber1.74-dev
  libboost-filesystem1.74-dev libboost-graph1.74-dev
  libboost-graph-parallel1.74-dev libboost-iostreams1.74-dev
  libboost-locale1.74-dev libboost-log1.74-dev libboost-math1.74-dev
  libboost-mpi1.74-dev libboost-mpi-python1.74-dev libboost-numpy1.74-dev
  libboost-program-options1.74-dev libboost-python1.74-dev
  libboost-random1.74-dev libboost-regex1.74-dev
  libboost-serialization1.74-dev libboost-stacktrace1.74-dev
  libboost-system1.74-dev libboost-test1.74-dev libboost-thread1.74-dev
  libboost-timer1.74-dev libboost-type-erasure1.74-dev libboost-wave1.74-dev
  libboost1.74-tools-dev libmpfrc++-dev libntl-dev libboost-nowide1.74-dev
  libccfits-doc libeigen3-doc libfftw3-doc libfmt-doc libhwloc-contrib-plugins
  libjs-jquery-ui-docs libtool-doc liblzma-doc openmpi-doc pciutils
  libstdc++-10-doc gcj-jdk m4-doc apparmor less www-browser opencl-icd
  gfortran | fortran-compiler keychain libpam-ssh monkeysphere ssh-askpass
  libmail-box-perl readline-doc
Recommended packages:
  curl | wget | lynx casacore-data libcfitsio-doc ca-certificates
  libarchive-cpio-perl libglib2.0-data shared-mime-info xdg-user-dirs
  javascript-common libldap-common libgpm2 libcoarrays-openmpi-dev
  publicsuffix libsasl2-modules xauth libmail-sendmail-perl psmisc
The following NEW packages will be installed:
  autoconf automake autopoint autotools-dev bsdextrautils casacore-dev catch
  catch2 cmake cmake-data cpp-10 debhelper dh-autoreconf dh-elpa-helper
  dh-strip-nondeterminism dwz emacsen-common file gcc-10 gettext gettext-base
  gfortran-10 groff-base ibverbs-providers intltool-debian libarchive-zip-perl
  libarchive13 libblas-dev libblas3 libboost-dev libboost-python1.74.0
  libboost1.74-dev libbrotli1 libcasa-casa5 libcasa-coordinates5
  libcasa-derivedmscal5 libcasa-fits5 libcasa-images5 libcasa-lattices5
  libcasa-meas5 libcasa-measures5 libcasa-mirlib5 libcasa-ms5 libcasa-msfits5
  libcasa-python3-5 libcasa-scimath-f5 libcasa-scimath5 libcasa-tables5
  libcbor0.8 libccfits-dev libccfits0v5 libcfitsio-dev libcfitsio9
  libcurl3-gnutls libcurl4 libdebhelper-perl libdeflate-dev libdeflate0
  libeigen3-dev libelf1 libevent-2.1-7 libevent-core-2.1-7 libevent-dev
  libevent-extra-2.1-7 libevent-openssl-2.1-7 libevent-pthreads-2.1-7
  libexpat1 libfabric1 libfftw3-bin libfftw3-dev libfftw3-double3
  libfftw3-long3 libfftw3-quad3 libfftw3-single3 libfido2-1
  libfile-stripnondeterminism-perl libfmt-dev libfmt7 libgcc-10-dev
  libgfortran-10-dev libgfortran5 libglib2.0-0 libhwloc-dev libhwloc-plugins
  libhwloc15 libibverbs-dev libibverbs1 libjbig-dev libjbig0 libjpeg-dev
  libjpeg62-turbo libjpeg62-turbo-dev libjs-jquery libjs-jquery-ui
  libjsoncpp24 liblapack3 libldap-2.4-2 libltdl-dev libltdl7 liblzma-dev
  libmagic-mgc libmagic1 libmpdec3 libncurses6 libncursesw6 libnghttp2-14
  libnl-3-200 libnl-3-dev libnl-route-3-200 libnl-route-3-dev libnuma-dev
  libnuma1 libopenmpi-dev libopenmpi3 libpciaccess0 libpipeline1 libpmix-dev
  libpmix2 libprocps8 libpsl5 libpsm-infinipath1 libpsm2-2 libpython3.9
  libpython3.9-minimal libpython3.9-stdlib librdmacm1 libreadline8 librhash0
  librtmp1 libsasl2-2 libsasl2-modules-db libsigsegv2 libsopt-dev libsopt3.0
  libspdlog-dev libspdlog1 libsqlite3-0 libssh2-1 libstdc++-10-dev
  libsub-override-perl libtiff-dev libtiff5 libtiff5-dev libtiffxx5 libtool
  libuchardet0 libucx0 libuv1 libwcs7 libwebp6 libx11-6 libx11-data libxau6
  libxcb1 libxdmcp6 libxext6 libxnvctrl0 m4 man-db media-types
  ocl-icd-libopencl1 openmpi-bin openmpi-common openssh-client pkg-config
  po-debconf procps readline-common sbuild-build-depends-main-dummy
  sensible-utils zlib1g-dev
0 upgraded, 171 newly installed, 0 to remove and 0 not upgraded.
Need to get 115 MB of archives.
After this operation, 559 MB of additional disk space will be used.
Get:1 copy:/<<RESOLVERDIR>>/apt_archive ./ sbuild-build-depends-main-dummy 0.invalid.0 [940 B]
Get:2 http://127.0.0.1:12990/debian sid/main amd64 bsdextrautils amd64 2.37.2-4 [143 kB]
Get:3 http://127.0.0.1:12990/debian sid/main amd64 libuchardet0 amd64 0.0.7-1 [67.8 kB]
Get:4 http://127.0.0.1:12990/debian sid/main amd64 groff-base amd64 1.22.4-7 [935 kB]
Get:5 http://127.0.0.1:12990/debian sid/main amd64 libpipeline1 amd64 1.5.3-1 [34.3 kB]
Get:6 http://127.0.0.1:12990/debian sid/main amd64 man-db amd64 2.9.4-2 [1354 kB]
Get:7 http://127.0.0.1:12990/debian sid/main amd64 readline-common all 8.1-2 [73.8 kB]
Get:8 http://127.0.0.1:12990/debian sid/main amd64 libreadline8 amd64 8.1-2 [168 kB]
Get:9 http://127.0.0.1:12990/debian sid/main amd64 libncurses6 amd64 6.2+20210905-1 [102 kB]
Get:10 http://127.0.0.1:12990/debian sid/main amd64 libncursesw6 amd64 6.2+20210905-1 [133 kB]
Get:11 http://127.0.0.1:12990/debian sid/main amd64 libprocps8 amd64 2:3.3.17-5 [63.9 kB]
Get:12 http://127.0.0.1:12990/debian sid/main amd64 procps amd64 2:3.3.17-5 [502 kB]
Get:13 http://127.0.0.1:12990/debian sid/main amd64 sensible-utils all 0.0.17 [21.5 kB]
Get:14 http://127.0.0.1:12990/debian sid/main amd64 libmagic-mgc amd64 1:5.39-3 [273 kB]
Get:15 http://127.0.0.1:12990/debian sid/main amd64 libmagic1 amd64 1:5.39-3 [126 kB]
Get:16 http://127.0.0.1:12990/debian sid/main amd64 file amd64 1:5.39-3 [69.1 kB]
Get:17 http://127.0.0.1:12990/debian sid/main amd64 gettext-base amd64 0.21-4 [175 kB]
Get:18 http://127.0.0.1:12990/debian sid/main amd64 media-types all 4.0.0 [30.3 kB]
Get:19 http://127.0.0.1:12990/debian sid/main amd64 libcbor0.8 amd64 0.8.0-1 [27.1 kB]
Get:20 http://127.0.0.1:12990/debian sid/main amd64 libfido2-1 amd64 1.8.0-1+b1 [63.4 kB]
Get:21 http://127.0.0.1:12990/debian sid/main amd64 openssh-client amd64 1:8.4p1-6 [929 kB]
Get:22 http://127.0.0.1:12990/debian sid/main amd64 libsigsegv2 amd64 2.13-1 [34.8 kB]
Get:23 http://127.0.0.1:12990/debian sid/main amd64 m4 amd64 1.4.18-5 [204 kB]
Get:24 http://127.0.0.1:12990/debian sid/main amd64 autoconf all 2.71-2 [343 kB]
Get:25 http://127.0.0.1:12990/debian sid/main amd64 autotools-dev all 20180224.1+nmu1 [77.1 kB]
Get:26 http://127.0.0.1:12990/debian sid/main amd64 automake all 1:1.16.5-1 [823 kB]
Get:27 http://127.0.0.1:12990/debian sid/main amd64 autopoint all 0.21-4 [510 kB]
Get:28 http://127.0.0.1:12990/debian sid/main amd64 libcasa-casa5 amd64 3.3.0-4+b3 [901 kB]
Get:29 http://127.0.0.1:12990/debian sid/main amd64 libcasa-tables5 amd64 3.3.0-4+b3 [1669 kB]
Get:30 http://127.0.0.1:12990/debian sid/main amd64 libcasa-measures5 amd64 3.3.0-4+b3 [451 kB]
Get:31 http://127.0.0.1:12990/debian sid/main amd64 libbrotli1 amd64 1.0.9-2+b2 [279 kB]
Get:32 http://127.0.0.1:12990/debian sid/main amd64 libsasl2-modules-db amd64 2.1.27+dfsg-2.1 [69.1 kB]
Get:33 http://127.0.0.1:12990/debian sid/main amd64 libsasl2-2 amd64 2.1.27+dfsg-2.1 [106 kB]
Get:34 http://127.0.0.1:12990/debian sid/main amd64 libldap-2.4-2 amd64 2.4.59+dfsg-1 [232 kB]
Get:35 http://127.0.0.1:12990/debian sid/main amd64 libnghttp2-14 amd64 1.43.0-1 [77.1 kB]
Get:36 http://127.0.0.1:12990/debian sid/main amd64 libpsl5 amd64 0.21.0-1.2 [57.3 kB]
Get:37 http://127.0.0.1:12990/debian sid/main amd64 librtmp1 amd64 2.4+20151223.gitfa8646d.1-2+b2 [60.8 kB]
Get:38 http://127.0.0.1:12990/debian sid/main amd64 libssh2-1 amd64 1.10.0-2 [178 kB]
Get:39 http://127.0.0.1:12990/debian sid/main amd64 libcurl3-gnutls amd64 7.74.0-1.3+b1 [338 kB]
Get:40 http://127.0.0.1:12990/debian sid/main amd64 libcfitsio9 amd64 4.0.0-1 [555 kB]
Get:41 http://127.0.0.1:12990/debian sid/main amd64 libcasa-fits5 amd64 3.3.0-4+b3 [328 kB]
Get:42 http://127.0.0.1:12990/debian sid/main amd64 libblas3 amd64 3.10.0-1 [156 kB]
Get:43 http://127.0.0.1:12990/debian sid/main amd64 libgfortran5 amd64 11.2.0-10 [710 kB]
Get:44 http://127.0.0.1:12990/debian sid/main amd64 liblapack3 amd64 3.10.0-1 [2213 kB]
Get:45 http://127.0.0.1:12990/debian sid/main amd64 libwcs7 amd64 7.7+ds-1 [278 kB]
Get:46 http://127.0.0.1:12990/debian sid/main amd64 libcasa-coordinates5 amd64 3.3.0-4+b3 [359 kB]
Get:47 http://127.0.0.1:12990/debian sid/main amd64 libcasa-scimath-f5 amd64 3.3.0-4+b3 [74.7 kB]
Get:48 http://127.0.0.1:12990/debian sid/main amd64 libfftw3-double3 amd64 3.3.8-2 [733 kB]
Get:49 http://127.0.0.1:12990/debian sid/main amd64 libfftw3-single3 amd64 3.3.8-2 [762 kB]
Get:50 http://127.0.0.1:12990/debian sid/main amd64 libcasa-scimath5 amd64 3.3.0-4+b3 [382 kB]
Get:51 http://127.0.0.1:12990/debian sid/main amd64 libcasa-ms5 amd64 3.3.0-4+b3 [1222 kB]
Get:52 http://127.0.0.1:12990/debian sid/main amd64 libcasa-derivedmscal5 amd64 3.3.0-4+b3 [142 kB]
Get:53 http://127.0.0.1:12990/debian sid/main amd64 libcasa-lattices5 amd64 3.3.0-4+b3 [808 kB]
Get:54 http://127.0.0.1:12990/debian sid/main amd64 libcasa-mirlib5 amd64 3.3.0-4+b3 [69.8 kB]
Get:55 http://127.0.0.1:12990/debian sid/main amd64 libcasa-images5 amd64 3.3.0-4+b3 [766 kB]
Get:56 http://127.0.0.1:12990/debian sid/main amd64 libcasa-meas5 amd64 3.3.0-4+b3 [251 kB]
Get:57 http://127.0.0.1:12990/debian sid/main amd64 libcasa-msfits5 amd64 3.3.0-4+b3 [479 kB]
Get:58 http://127.0.0.1:12990/debian sid/main amd64 libboost-python1.74.0 amd64 1.74.0-11 [313 kB]
Get:59 http://127.0.0.1:12990/debian sid/main amd64 libpython3.9-minimal amd64 3.9.7-4 [804 kB]
Get:60 http://127.0.0.1:12990/debian sid/main amd64 libmpdec3 amd64 2.5.1-2 [87.8 kB]
Get:61 http://127.0.0.1:12990/debian sid/main amd64 libsqlite3-0 amd64 3.36.0-2 [815 kB]
Get:62 http://127.0.0.1:12990/debian sid/main amd64 libpython3.9-stdlib amd64 3.9.7-4 [1688 kB]
Get:63 http://127.0.0.1:12990/debian sid/main amd64 libexpat1 amd64 2.4.1-3 [104 kB]
Get:64 http://127.0.0.1:12990/debian sid/main amd64 libpython3.9 amd64 3.9.7-4 [1693 kB]
Get:65 http://127.0.0.1:12990/debian sid/main amd64 libcasa-python3-5 amd64 3.3.0-4+b3 [68.4 kB]
Get:66 http://127.0.0.1:12990/debian sid/main amd64 casacore-dev amd64 3.3.0-4+b3 [1517 kB]
Get:67 http://127.0.0.1:12990/debian sid/main amd64 catch amd64 1.12.1-1.1 [114 kB]
Get:68 http://127.0.0.1:12990/debian sid/main amd64 catch2 amd64 2.13.7-1 [457 kB]
Get:69 http://127.0.0.1:12990/debian sid/main amd64 libarchive13 amd64 3.4.3-2+b1 [343 kB]
Get:70 http://127.0.0.1:12990/debian sid/main amd64 libcurl4 amd64 7.74.0-1.3+b1 [341 kB]
Get:71 http://127.0.0.1:12990/debian sid/main amd64 libjsoncpp24 amd64 1.9.4-5 [78.8 kB]
Get:72 http://127.0.0.1:12990/debian sid/main amd64 librhash0 amd64 1.4.2-1 [129 kB]
Get:73 http://127.0.0.1:12990/debian sid/main amd64 libuv1 amd64 1.42.0-1 [135 kB]
Get:74 http://127.0.0.1:12990/debian sid/main amd64 dh-elpa-helper all 2.0.9 [11.2 kB]
Get:75 http://127.0.0.1:12990/debian sid/main amd64 emacsen-common all 3.0.4 [19.3 kB]
Get:76 http://127.0.0.1:12990/debian sid/main amd64 cmake-data all 3.21.3-5 [1878 kB]
Get:77 http://127.0.0.1:12990/debian sid/main amd64 cmake amd64 3.21.3-5 [7907 kB]
Get:78 http://127.0.0.1:12990/debian sid/main amd64 cpp-10 amd64 10.3.0-11 [8569 kB]
Get:79 http://127.0.0.1:12990/debian sid/main amd64 libdebhelper-perl all 13.5.2 [192 kB]
Get:80 http://127.0.0.1:12990/debian sid/main amd64 libgcc-10-dev amd64 10.3.0-11 [2323 kB]
Get:81 http://127.0.0.1:12990/debian sid/main amd64 gcc-10 amd64 10.3.0-11 [17.1 MB]
Get:82 http://127.0.0.1:12990/debian sid/main amd64 libtool all 2.4.6-15 [513 kB]
Get:83 http://127.0.0.1:12990/debian sid/main amd64 dh-autoreconf all 20 [17.1 kB]
Get:84 http://127.0.0.1:12990/debian sid/main amd64 libarchive-zip-perl all 1.68-1 [104 kB]
Get:85 http://127.0.0.1:12990/debian sid/main amd64 libsub-override-perl all 0.09-2 [10.2 kB]
Get:86 http://127.0.0.1:12990/debian sid/main amd64 libfile-stripnondeterminism-perl all 1.12.0-2 [26.3 kB]
Get:87 http://127.0.0.1:12990/debian sid/main amd64 dh-strip-nondeterminism all 1.12.0-2 [15.5 kB]
Get:88 http://127.0.0.1:12990/debian sid/main amd64 libelf1 amd64 0.185-2 [172 kB]
Get:89 http://127.0.0.1:12990/debian sid/main amd64 dwz amd64 0.14-1 [98.3 kB]
Get:90 http://127.0.0.1:12990/debian sid/main amd64 gettext amd64 0.21-4 [1311 kB]
Get:91 http://127.0.0.1:12990/debian sid/main amd64 intltool-debian all 0.35.0+20060710.5 [26.8 kB]
Get:92 http://127.0.0.1:12990/debian sid/main amd64 po-debconf all 1.0.21+nmu1 [248 kB]
Get:93 http://127.0.0.1:12990/debian sid/main amd64 debhelper all 13.5.2 [1056 kB]
Get:94 http://127.0.0.1:12990/debian sid/main amd64 libgfortran-10-dev amd64 10.3.0-11 [769 kB]
Get:95 http://127.0.0.1:12990/debian sid/main amd64 gfortran-10 amd64 10.3.0-11 [9491 kB]
Get:96 http://127.0.0.1:12990/debian sid/main amd64 libnl-3-200 amd64 3.4.0-1+b1 [63.6 kB]
Get:97 http://127.0.0.1:12990/debian sid/main amd64 libnl-route-3-200 amd64 3.4.0-1+b1 [161 kB]
Get:98 http://127.0.0.1:12990/debian sid/main amd64 libibverbs1 amd64 36.0-1 [60.3 kB]
Get:99 http://127.0.0.1:12990/debian sid/main amd64 ibverbs-providers amd64 36.0-1 [275 kB]
Get:100 http://127.0.0.1:12990/debian sid/main amd64 libblas-dev amd64 3.10.0-1 [164 kB]
Get:101 http://127.0.0.1:12990/debian sid/main amd64 libstdc++-10-dev amd64 10.3.0-11 [1750 kB]
Get:102 http://127.0.0.1:12990/debian sid/main amd64 libboost1.74-dev amd64 1.74.0-11 [9533 kB]
Get:103 http://127.0.0.1:12990/debian sid/main amd64 libboost-dev amd64 1.74.0.3 [4548 B]
Get:104 http://127.0.0.1:12990/debian sid/main amd64 libccfits0v5 amd64 2.6+dfsg-1 [203 kB]
Get:105 http://127.0.0.1:12990/debian sid/main amd64 libcfitsio-dev amd64 4.0.0-1 [600 kB]
Get:106 http://127.0.0.1:12990/debian sid/main amd64 libccfits-dev amd64 2.6+dfsg-1 [285 kB]
Get:107 http://127.0.0.1:12990/debian sid/main amd64 libdeflate0 amd64 1.8-1 [53.1 kB]
Get:108 http://127.0.0.1:12990/debian sid/main amd64 libdeflate-dev amd64 1.8-1 [46.7 kB]
Get:109 http://127.0.0.1:12990/debian sid/main amd64 libglib2.0-0 amd64 2.70.0-3 [1401 kB]
Get:110 http://127.0.0.1:12990/debian sid/main amd64 pkg-config amd64 0.29.2-1 [65.1 kB]
Get:111 http://127.0.0.1:12990/debian sid/main amd64 libeigen3-dev all 3.3.9-2 [858 kB]
Get:112 http://127.0.0.1:12990/debian sid/main amd64 libevent-2.1-7 amd64 2.1.12-stable-1 [188 kB]
Get:113 http://127.0.0.1:12990/debian sid/main amd64 libevent-core-2.1-7 amd64 2.1.12-stable-1 [139 kB]
Get:114 http://127.0.0.1:12990/debian sid/main amd64 libevent-extra-2.1-7 amd64 2.1.12-stable-1 [110 kB]
Get:115 http://127.0.0.1:12990/debian sid/main amd64 libevent-pthreads-2.1-7 amd64 2.1.12-stable-1 [57.1 kB]
Get:116 http://127.0.0.1:12990/debian sid/main amd64 libevent-openssl-2.1-7 amd64 2.1.12-stable-1 [64.1 kB]
Get:117 http://127.0.0.1:12990/debian sid/main amd64 libevent-dev amd64 2.1.12-stable-1 [311 kB]
Get:118 http://127.0.0.1:12990/debian sid/main amd64 libpsm-infinipath1 amd64 3.3+20.604758e7-6.1 [169 kB]
Get:119 http://127.0.0.1:12990/debian sid/main amd64 libnuma1 amd64 2.0.14-3 [24.4 kB]
Get:120 http://127.0.0.1:12990/debian sid/main amd64 libpsm2-2 amd64 11.2.185-1 [181 kB]
Get:121 http://127.0.0.1:12990/debian sid/main amd64 librdmacm1 amd64 36.0-1 [69.1 kB]
Get:122 http://127.0.0.1:12990/debian sid/main amd64 libfabric1 amd64 1.11.0-2 [521 kB]
Get:123 http://127.0.0.1:12990/debian sid/main amd64 libfftw3-long3 amd64 3.3.8-2 [319 kB]
Get:124 http://127.0.0.1:12990/debian sid/main amd64 libfftw3-quad3 amd64 3.3.8-2 [558 kB]
Get:125 http://127.0.0.1:12990/debian sid/main amd64 libfftw3-bin amd64 3.3.8-2 [50.7 kB]
Get:126 http://127.0.0.1:12990/debian sid/main amd64 libfftw3-dev amd64 3.3.8-2 [2106 kB]
Get:127 http://127.0.0.1:12990/debian sid/main amd64 libfmt7 amd64 7.1.3+ds1-6 [110 kB]
Get:128 http://127.0.0.1:12990/debian sid/main amd64 libfmt-dev amd64 7.1.3+ds1-6 [142 kB]
Get:129 http://127.0.0.1:12990/debian sid/main amd64 libhwloc15 amd64 2.5.0+dfsg-2 [154 kB]
Get:130 http://127.0.0.1:12990/debian sid/main amd64 libnuma-dev amd64 2.0.14-3 [37.8 kB]
Get:131 http://127.0.0.1:12990/debian sid/main amd64 libltdl7 amd64 2.4.6-15 [391 kB]
Get:132 http://127.0.0.1:12990/debian sid/main amd64 libltdl-dev amd64 2.4.6-15 [162 kB]
Get:133 http://127.0.0.1:12990/debian sid/main amd64 libhwloc-dev amd64 2.5.0+dfsg-2 [239 kB]
Get:134 http://127.0.0.1:12990/debian sid/main amd64 libpciaccess0 amd64 0.16-1 [53.6 kB]
Get:135 http://127.0.0.1:12990/debian sid/main amd64 libxau6 amd64 1:1.0.9-1 [19.7 kB]
Get:136 http://127.0.0.1:12990/debian sid/main amd64 libxdmcp6 amd64 1:1.1.2-3 [26.3 kB]
Get:137 http://127.0.0.1:12990/debian sid/main amd64 libxcb1 amd64 1.14-3 [140 kB]
Get:138 http://127.0.0.1:12990/debian sid/main amd64 libx11-data all 2:1.7.2-2 [311 kB]
Get:139 http://127.0.0.1:12990/debian sid/main amd64 libx11-6 amd64 2:1.7.2-2+b1 [772 kB]
Get:140 http://127.0.0.1:12990/debian sid/main amd64 libxext6 amd64 2:1.3.4-1 [53.1 kB]
Get:141 http://127.0.0.1:12990/debian sid/main amd64 libxnvctrl0 amd64 470.57.02-2 [27.1 kB]
Get:142 http://127.0.0.1:12990/debian sid/main amd64 ocl-icd-libopencl1 amd64 2.2.14-3 [42.6 kB]
Get:143 http://127.0.0.1:12990/debian sid/main amd64 libhwloc-plugins amd64 2.5.0+dfsg-2 [21.6 kB]
Get:144 http://127.0.0.1:12990/debian sid/main amd64 libnl-3-dev amd64 3.4.0-1+b1 [102 kB]
Get:145 http://127.0.0.1:12990/debian sid/main amd64 libnl-route-3-dev amd64 3.4.0-1+b1 [176 kB]
Get:146 http://127.0.0.1:12990/debian sid/main amd64 libibverbs-dev amd64 36.0-1 [533 kB]
Get:147 http://127.0.0.1:12990/debian sid/main amd64 libjbig0 amd64 2.1-3.1+b2 [31.0 kB]
Get:148 http://127.0.0.1:12990/debian sid/main amd64 libjbig-dev amd64 2.1-3.1+b2 [30.5 kB]
Get:149 http://127.0.0.1:12990/debian sid/main amd64 libjpeg62-turbo amd64 1:2.0.6-4 [151 kB]
Get:150 http://127.0.0.1:12990/debian sid/main amd64 libjpeg62-turbo-dev amd64 1:2.0.6-4 [278 kB]
Get:151 http://127.0.0.1:12990/debian sid/main amd64 libjpeg-dev amd64 1:2.0.6-4 [67.8 kB]
Get:152 http://127.0.0.1:12990/debian sid/main amd64 libjs-jquery all 3.5.1+dfsg+~3.5.5-8 [315 kB]
Get:153 http://127.0.0.1:12990/debian sid/main amd64 libjs-jquery-ui all 1.12.1+dfsg-8 [232 kB]
Get:154 http://127.0.0.1:12990/debian sid/main amd64 liblzma-dev amd64 5.2.5-2 [229 kB]
Get:155 http://127.0.0.1:12990/debian sid/main amd64 libpmix2 amd64 4.1.1~rc4-1 [572 kB]
Get:156 http://127.0.0.1:12990/debian sid/main amd64 libucx0 amd64 1.11.2-1 [765 kB]
Get:157 http://127.0.0.1:12990/debian sid/main amd64 libopenmpi3 amd64 4.1.2~rc1-4 [2388 kB]
Get:158 http://127.0.0.1:12990/debian sid/main amd64 openmpi-common all 4.1.2~rc1-4 [183 kB]
Get:159 http://127.0.0.1:12990/debian sid/main amd64 zlib1g-dev amd64 1:1.2.11.dfsg-2 [190 kB]
Get:160 http://127.0.0.1:12990/debian sid/main amd64 libpmix-dev amd64 4.1.1~rc4-1 [715 kB]
Get:161 http://127.0.0.1:12990/debian sid/main amd64 openmpi-bin amd64 4.1.2~rc1-4 [241 kB]
Get:162 http://127.0.0.1:12990/debian sid/main amd64 libopenmpi-dev amd64 4.1.2~rc1-4 [986 kB]
Get:163 http://127.0.0.1:12990/debian sid/main amd64 libwebp6 amd64 0.6.1-2.1 [258 kB]
Get:164 http://127.0.0.1:12990/debian sid/main amd64 libtiff5 amd64 4.3.0-2 [294 kB]
Get:165 http://127.0.0.1:12990/debian sid/main amd64 libsopt3.0 amd64 3.0.1-11+b1 [93.1 kB]
Get:166 http://127.0.0.1:12990/debian sid/main amd64 libsopt-dev amd64 3.0.1-11+b1 [47.2 kB]
Get:167 http://127.0.0.1:12990/debian sid/main amd64 libspdlog1 amd64 1:1.8.5+ds-3 [89.8 kB]
Get:168 http://127.0.0.1:12990/debian sid/main amd64 libspdlog-dev amd64 1:1.8.5+ds-3 [181 kB]
Get:169 http://127.0.0.1:12990/debian sid/main amd64 libtiffxx5 amd64 4.3.0-2 [133 kB]
Get:170 http://127.0.0.1:12990/debian sid/main amd64 libtiff-dev amd64 4.3.0-2 [419 kB]
Get:171 http://127.0.0.1:12990/debian sid/main amd64 libtiff5-dev amd64 4.3.0-2 [130 kB]
debconf: delaying package configuration, since apt-utils is not installed
Fetched 115 MB in 1s (123 MB/s)
Selecting previously unselected package bsdextrautils.
(Reading database ... 14273 files and directories currently installed.)
Preparing to unpack .../000-bsdextrautils_2.37.2-4_amd64.deb ...
Unpacking bsdextrautils (2.37.2-4) ...
Selecting previously unselected package libuchardet0:amd64.
Preparing to unpack .../001-libuchardet0_0.0.7-1_amd64.deb ...
Unpacking libuchardet0:amd64 (0.0.7-1) ...
Selecting previously unselected package groff-base.
Preparing to unpack .../002-groff-base_1.22.4-7_amd64.deb ...
Unpacking groff-base (1.22.4-7) ...
Selecting previously unselected package libpipeline1:amd64.
Preparing to unpack .../003-libpipeline1_1.5.3-1_amd64.deb ...
Unpacking libpipeline1:amd64 (1.5.3-1) ...
Selecting previously unselected package man-db.
Preparing to unpack .../004-man-db_2.9.4-2_amd64.deb ...
Unpacking man-db (2.9.4-2) ...
Selecting previously unselected package readline-common.
Preparing to unpack .../005-readline-common_8.1-2_all.deb ...
Unpacking readline-common (8.1-2) ...
Selecting previously unselected package libreadline8:amd64.
Preparing to unpack .../006-libreadline8_8.1-2_amd64.deb ...
Unpacking libreadline8:amd64 (8.1-2) ...
Selecting previously unselected package libncurses6:amd64.
Preparing to unpack .../007-libncurses6_6.2+20210905-1_amd64.deb ...
Unpacking libncurses6:amd64 (6.2+20210905-1) ...
Selecting previously unselected package libncursesw6:amd64.
Preparing to unpack .../008-libncursesw6_6.2+20210905-1_amd64.deb ...
Unpacking libncursesw6:amd64 (6.2+20210905-1) ...
Selecting previously unselected package libprocps8:amd64.
Preparing to unpack .../009-libprocps8_2%3a3.3.17-5_amd64.deb ...
Unpacking libprocps8:amd64 (2:3.3.17-5) ...
Selecting previously unselected package procps.
Preparing to unpack .../010-procps_2%3a3.3.17-5_amd64.deb ...
Unpacking procps (2:3.3.17-5) ...
Selecting previously unselected package sensible-utils.
Preparing to unpack .../011-sensible-utils_0.0.17_all.deb ...
Unpacking sensible-utils (0.0.17) ...
Selecting previously unselected package libmagic-mgc.
Preparing to unpack .../012-libmagic-mgc_1%3a5.39-3_amd64.deb ...
Unpacking libmagic-mgc (1:5.39-3) ...
Selecting previously unselected package libmagic1:amd64.
Preparing to unpack .../013-libmagic1_1%3a5.39-3_amd64.deb ...
Unpacking libmagic1:amd64 (1:5.39-3) ...
Selecting previously unselected package file.
Preparing to unpack .../014-file_1%3a5.39-3_amd64.deb ...
Unpacking file (1:5.39-3) ...
Selecting previously unselected package gettext-base.
Preparing to unpack .../015-gettext-base_0.21-4_amd64.deb ...
Unpacking gettext-base (0.21-4) ...
Selecting previously unselected package media-types.
Preparing to unpack .../016-media-types_4.0.0_all.deb ...
Unpacking media-types (4.0.0) ...
Selecting previously unselected package libcbor0.8:amd64.
Preparing to unpack .../017-libcbor0.8_0.8.0-1_amd64.deb ...
Unpacking libcbor0.8:amd64 (0.8.0-1) ...
Selecting previously unselected package libfido2-1:amd64.
Preparing to unpack .../018-libfido2-1_1.8.0-1+b1_amd64.deb ...
Unpacking libfido2-1:amd64 (1.8.0-1+b1) ...
Selecting previously unselected package openssh-client.
Preparing to unpack .../019-openssh-client_1%3a8.4p1-6_amd64.deb ...
Unpacking openssh-client (1:8.4p1-6) ...
Selecting previously unselected package libsigsegv2:amd64.
Preparing to unpack .../020-libsigsegv2_2.13-1_amd64.deb ...
Unpacking libsigsegv2:amd64 (2.13-1) ...
Selecting previously unselected package m4.
Preparing to unpack .../021-m4_1.4.18-5_amd64.deb ...
Unpacking m4 (1.4.18-5) ...
Selecting previously unselected package autoconf.
Preparing to unpack .../022-autoconf_2.71-2_all.deb ...
Unpacking autoconf (2.71-2) ...
Selecting previously unselected package autotools-dev.
Preparing to unpack .../023-autotools-dev_20180224.1+nmu1_all.deb ...
Unpacking autotools-dev (20180224.1+nmu1) ...
Selecting previously unselected package automake.
Preparing to unpack .../024-automake_1%3a1.16.5-1_all.deb ...
Unpacking automake (1:1.16.5-1) ...
Selecting previously unselected package autopoint.
Preparing to unpack .../025-autopoint_0.21-4_all.deb ...
Unpacking autopoint (0.21-4) ...
Selecting previously unselected package libcasa-casa5:amd64.
Preparing to unpack .../026-libcasa-casa5_3.3.0-4+b3_amd64.deb ...
Unpacking libcasa-casa5:amd64 (3.3.0-4+b3) ...
Selecting previously unselected package libcasa-tables5:amd64.
Preparing to unpack .../027-libcasa-tables5_3.3.0-4+b3_amd64.deb ...
Unpacking libcasa-tables5:amd64 (3.3.0-4+b3) ...
Selecting previously unselected package libcasa-measures5:amd64.
Preparing to unpack .../028-libcasa-measures5_3.3.0-4+b3_amd64.deb ...
Unpacking libcasa-measures5:amd64 (3.3.0-4+b3) ...
Selecting previously unselected package libbrotli1:amd64.
Preparing to unpack .../029-libbrotli1_1.0.9-2+b2_amd64.deb ...
Unpacking libbrotli1:amd64 (1.0.9-2+b2) ...
Selecting previously unselected package libsasl2-modules-db:amd64.
Preparing to unpack .../030-libsasl2-modules-db_2.1.27+dfsg-2.1_amd64.deb ...
Unpacking libsasl2-modules-db:amd64 (2.1.27+dfsg-2.1) ...
Selecting previously unselected package libsasl2-2:amd64.
Preparing to unpack .../031-libsasl2-2_2.1.27+dfsg-2.1_amd64.deb ...
Unpacking libsasl2-2:amd64 (2.1.27+dfsg-2.1) ...
Selecting previously unselected package libldap-2.4-2:amd64.
Preparing to unpack .../032-libldap-2.4-2_2.4.59+dfsg-1_amd64.deb ...
Unpacking libldap-2.4-2:amd64 (2.4.59+dfsg-1) ...
Selecting previously unselected package libnghttp2-14:amd64.
Preparing to unpack .../033-libnghttp2-14_1.43.0-1_amd64.deb ...
Unpacking libnghttp2-14:amd64 (1.43.0-1) ...
Selecting previously unselected package libpsl5:amd64.
Preparing to unpack .../034-libpsl5_0.21.0-1.2_amd64.deb ...
Unpacking libpsl5:amd64 (0.21.0-1.2) ...
Selecting previously unselected package librtmp1:amd64.
Preparing to unpack .../035-librtmp1_2.4+20151223.gitfa8646d.1-2+b2_amd64.deb ...
Unpacking librtmp1:amd64 (2.4+20151223.gitfa8646d.1-2+b2) ...
Selecting previously unselected package libssh2-1:amd64.
Preparing to unpack .../036-libssh2-1_1.10.0-2_amd64.deb ...
Unpacking libssh2-1:amd64 (1.10.0-2) ...
Selecting previously unselected package libcurl3-gnutls:amd64.
Preparing to unpack .../037-libcurl3-gnutls_7.74.0-1.3+b1_amd64.deb ...
Unpacking libcurl3-gnutls:amd64 (7.74.0-1.3+b1) ...
Selecting previously unselected package libcfitsio9:amd64.
Preparing to unpack .../038-libcfitsio9_4.0.0-1_amd64.deb ...
Unpacking libcfitsio9:amd64 (4.0.0-1) ...
Selecting previously unselected package libcasa-fits5:amd64.
Preparing to unpack .../039-libcasa-fits5_3.3.0-4+b3_amd64.deb ...
Unpacking libcasa-fits5:amd64 (3.3.0-4+b3) ...
Selecting previously unselected package libblas3:amd64.
Preparing to unpack .../040-libblas3_3.10.0-1_amd64.deb ...
Unpacking libblas3:amd64 (3.10.0-1) ...
Selecting previously unselected package libgfortran5:amd64.
Preparing to unpack .../041-libgfortran5_11.2.0-10_amd64.deb ...
Unpacking libgfortran5:amd64 (11.2.0-10) ...
Selecting previously unselected package liblapack3:amd64.
Preparing to unpack .../042-liblapack3_3.10.0-1_amd64.deb ...
Unpacking liblapack3:amd64 (3.10.0-1) ...
Selecting previously unselected package libwcs7:amd64.
Preparing to unpack .../043-libwcs7_7.7+ds-1_amd64.deb ...
Unpacking libwcs7:amd64 (7.7+ds-1) ...
Selecting previously unselected package libcasa-coordinates5:amd64.
Preparing to unpack .../044-libcasa-coordinates5_3.3.0-4+b3_amd64.deb ...
Unpacking libcasa-coordinates5:amd64 (3.3.0-4+b3) ...
Selecting previously unselected package libcasa-scimath-f5:amd64.
Preparing to unpack .../045-libcasa-scimath-f5_3.3.0-4+b3_amd64.deb ...
Unpacking libcasa-scimath-f5:amd64 (3.3.0-4+b3) ...
Selecting previously unselected package libfftw3-double3:amd64.
Preparing to unpack .../046-libfftw3-double3_3.3.8-2_amd64.deb ...
Unpacking libfftw3-double3:amd64 (3.3.8-2) ...
Selecting previously unselected package libfftw3-single3:amd64.
Preparing to unpack .../047-libfftw3-single3_3.3.8-2_amd64.deb ...
Unpacking libfftw3-single3:amd64 (3.3.8-2) ...
Selecting previously unselected package libcasa-scimath5:amd64.
Preparing to unpack .../048-libcasa-scimath5_3.3.0-4+b3_amd64.deb ...
Unpacking libcasa-scimath5:amd64 (3.3.0-4+b3) ...
Selecting previously unselected package libcasa-ms5:amd64.
Preparing to unpack .../049-libcasa-ms5_3.3.0-4+b3_amd64.deb ...
Unpacking libcasa-ms5:amd64 (3.3.0-4+b3) ...
Selecting previously unselected package libcasa-derivedmscal5:amd64.
Preparing to unpack .../050-libcasa-derivedmscal5_3.3.0-4+b3_amd64.deb ...
Unpacking libcasa-derivedmscal5:amd64 (3.3.0-4+b3) ...
Selecting previously unselected package libcasa-lattices5:amd64.
Preparing to unpack .../051-libcasa-lattices5_3.3.0-4+b3_amd64.deb ...
Unpacking libcasa-lattices5:amd64 (3.3.0-4+b3) ...
Selecting previously unselected package libcasa-mirlib5:amd64.
Preparing to unpack .../052-libcasa-mirlib5_3.3.0-4+b3_amd64.deb ...
Unpacking libcasa-mirlib5:amd64 (3.3.0-4+b3) ...
Selecting previously unselected package libcasa-images5:amd64.
Preparing to unpack .../053-libcasa-images5_3.3.0-4+b3_amd64.deb ...
Unpacking libcasa-images5:amd64 (3.3.0-4+b3) ...
Selecting previously unselected package libcasa-meas5:amd64.
Preparing to unpack .../054-libcasa-meas5_3.3.0-4+b3_amd64.deb ...
Unpacking libcasa-meas5:amd64 (3.3.0-4+b3) ...
Selecting previously unselected package libcasa-msfits5:amd64.
Preparing to unpack .../055-libcasa-msfits5_3.3.0-4+b3_amd64.deb ...
Unpacking libcasa-msfits5:amd64 (3.3.0-4+b3) ...
Selecting previously unselected package libboost-python1.74.0.
Preparing to unpack .../056-libboost-python1.74.0_1.74.0-11_amd64.deb ...
Unpacking libboost-python1.74.0 (1.74.0-11) ...
Selecting previously unselected package libpython3.9-minimal:amd64.
Preparing to unpack .../057-libpython3.9-minimal_3.9.7-4_amd64.deb ...
Unpacking libpython3.9-minimal:amd64 (3.9.7-4) ...
Selecting previously unselected package libmpdec3:amd64.
Preparing to unpack .../058-libmpdec3_2.5.1-2_amd64.deb ...
Unpacking libmpdec3:amd64 (2.5.1-2) ...
Selecting previously unselected package libsqlite3-0:amd64.
Preparing to unpack .../059-libsqlite3-0_3.36.0-2_amd64.deb ...
Unpacking libsqlite3-0:amd64 (3.36.0-2) ...
Selecting previously unselected package libpython3.9-stdlib:amd64.
Preparing to unpack .../060-libpython3.9-stdlib_3.9.7-4_amd64.deb ...
Unpacking libpython3.9-stdlib:amd64 (3.9.7-4) ...
Selecting previously unselected package libexpat1:amd64.
Preparing to unpack .../061-libexpat1_2.4.1-3_amd64.deb ...
Unpacking libexpat1:amd64 (2.4.1-3) ...
Selecting previously unselected package libpython3.9:amd64.
Preparing to unpack .../062-libpython3.9_3.9.7-4_amd64.deb ...
Unpacking libpython3.9:amd64 (3.9.7-4) ...
Selecting previously unselected package libcasa-python3-5:amd64.
Preparing to unpack .../063-libcasa-python3-5_3.3.0-4+b3_amd64.deb ...
Unpacking libcasa-python3-5:amd64 (3.3.0-4+b3) ...
Selecting previously unselected package casacore-dev:amd64.
Preparing to unpack .../064-casacore-dev_3.3.0-4+b3_amd64.deb ...
Unpacking casacore-dev:amd64 (3.3.0-4+b3) ...
Selecting previously unselected package catch.
Preparing to unpack .../065-catch_1.12.1-1.1_amd64.deb ...
Unpacking catch (1.12.1-1.1) ...
Selecting previously unselected package catch2.
Preparing to unpack .../066-catch2_2.13.7-1_amd64.deb ...
Unpacking catch2 (2.13.7-1) ...
Selecting previously unselected package libarchive13:amd64.
Preparing to unpack .../067-libarchive13_3.4.3-2+b1_amd64.deb ...
Unpacking libarchive13:amd64 (3.4.3-2+b1) ...
Selecting previously unselected package libcurl4:amd64.
Preparing to unpack .../068-libcurl4_7.74.0-1.3+b1_amd64.deb ...
Unpacking libcurl4:amd64 (7.74.0-1.3+b1) ...
Selecting previously unselected package libjsoncpp24:amd64.
Preparing to unpack .../069-libjsoncpp24_1.9.4-5_amd64.deb ...
Unpacking libjsoncpp24:amd64 (1.9.4-5) ...
Selecting previously unselected package librhash0:amd64.
Preparing to unpack .../070-librhash0_1.4.2-1_amd64.deb ...
Unpacking librhash0:amd64 (1.4.2-1) ...
Selecting previously unselected package libuv1:amd64.
Preparing to unpack .../071-libuv1_1.42.0-1_amd64.deb ...
Unpacking libuv1:amd64 (1.42.0-1) ...
Selecting previously unselected package dh-elpa-helper.
Preparing to unpack .../072-dh-elpa-helper_2.0.9_all.deb ...
Unpacking dh-elpa-helper (2.0.9) ...
Selecting previously unselected package emacsen-common.
Preparing to unpack .../073-emacsen-common_3.0.4_all.deb ...
Unpacking emacsen-common (3.0.4) ...
Selecting previously unselected package cmake-data.
Preparing to unpack .../074-cmake-data_3.21.3-5_all.deb ...
Unpacking cmake-data (3.21.3-5) ...
Selecting previously unselected package cmake.
Preparing to unpack .../075-cmake_3.21.3-5_amd64.deb ...
Unpacking cmake (3.21.3-5) ...
Selecting previously unselected package cpp-10.
Preparing to unpack .../076-cpp-10_10.3.0-11_amd64.deb ...
Unpacking cpp-10 (10.3.0-11) ...
Selecting previously unselected package libdebhelper-perl.
Preparing to unpack .../077-libdebhelper-perl_13.5.2_all.deb ...
Unpacking libdebhelper-perl (13.5.2) ...
Selecting previously unselected package libgcc-10-dev:amd64.
Preparing to unpack .../078-libgcc-10-dev_10.3.0-11_amd64.deb ...
Unpacking libgcc-10-dev:amd64 (10.3.0-11) ...
Selecting previously unselected package gcc-10.
Preparing to unpack .../079-gcc-10_10.3.0-11_amd64.deb ...
Unpacking gcc-10 (10.3.0-11) ...
Selecting previously unselected package libtool.
Preparing to unpack .../080-libtool_2.4.6-15_all.deb ...
Unpacking libtool (2.4.6-15) ...
Selecting previously unselected package dh-autoreconf.
Preparing to unpack .../081-dh-autoreconf_20_all.deb ...
Unpacking dh-autoreconf (20) ...
Selecting previously unselected package libarchive-zip-perl.
Preparing to unpack .../082-libarchive-zip-perl_1.68-1_all.deb ...
Unpacking libarchive-zip-perl (1.68-1) ...
Selecting previously unselected package libsub-override-perl.
Preparing to unpack .../083-libsub-override-perl_0.09-2_all.deb ...
Unpacking libsub-override-perl (0.09-2) ...
Selecting previously unselected package libfile-stripnondeterminism-perl.
Preparing to unpack .../084-libfile-stripnondeterminism-perl_1.12.0-2_all.deb ...
Unpacking libfile-stripnondeterminism-perl (1.12.0-2) ...
Selecting previously unselected package dh-strip-nondeterminism.
Preparing to unpack .../085-dh-strip-nondeterminism_1.12.0-2_all.deb ...
Unpacking dh-strip-nondeterminism (1.12.0-2) ...
Selecting previously unselected package libelf1:amd64.
Preparing to unpack .../086-libelf1_0.185-2_amd64.deb ...
Unpacking libelf1:amd64 (0.185-2) ...
Selecting previously unselected package dwz.
Preparing to unpack .../087-dwz_0.14-1_amd64.deb ...
Unpacking dwz (0.14-1) ...
Selecting previously unselected package gettext.
Preparing to unpack .../088-gettext_0.21-4_amd64.deb ...
Unpacking gettext (0.21-4) ...
Selecting previously unselected package intltool-debian.
Preparing to unpack .../089-intltool-debian_0.35.0+20060710.5_all.deb ...
Unpacking intltool-debian (0.35.0+20060710.5) ...
Selecting previously unselected package po-debconf.
Preparing to unpack .../090-po-debconf_1.0.21+nmu1_all.deb ...
Unpacking po-debconf (1.0.21+nmu1) ...
Selecting previously unselected package debhelper.
Preparing to unpack .../091-debhelper_13.5.2_all.deb ...
Unpacking debhelper (13.5.2) ...
Selecting previously unselected package libgfortran-10-dev:amd64.
Preparing to unpack .../092-libgfortran-10-dev_10.3.0-11_amd64.deb ...
Unpacking libgfortran-10-dev:amd64 (10.3.0-11) ...
Selecting previously unselected package gfortran-10.
Preparing to unpack .../093-gfortran-10_10.3.0-11_amd64.deb ...
Unpacking gfortran-10 (10.3.0-11) ...
Selecting previously unselected package libnl-3-200:amd64.
Preparing to unpack .../094-libnl-3-200_3.4.0-1+b1_amd64.deb ...
Unpacking libnl-3-200:amd64 (3.4.0-1+b1) ...
Selecting previously unselected package libnl-route-3-200:amd64.
Preparing to unpack .../095-libnl-route-3-200_3.4.0-1+b1_amd64.deb ...
Unpacking libnl-route-3-200:amd64 (3.4.0-1+b1) ...
Selecting previously unselected package libibverbs1:amd64.
Preparing to unpack .../096-libibverbs1_36.0-1_amd64.deb ...
Unpacking libibverbs1:amd64 (36.0-1) ...
Selecting previously unselected package ibverbs-providers:amd64.
Preparing to unpack .../097-ibverbs-providers_36.0-1_amd64.deb ...
Unpacking ibverbs-providers:amd64 (36.0-1) ...
Selecting previously unselected package libblas-dev:amd64.
Preparing to unpack .../098-libblas-dev_3.10.0-1_amd64.deb ...
Unpacking libblas-dev:amd64 (3.10.0-1) ...
Selecting previously unselected package libstdc++-10-dev:amd64.
Preparing to unpack .../099-libstdc++-10-dev_10.3.0-11_amd64.deb ...
Unpacking libstdc++-10-dev:amd64 (10.3.0-11) ...
Selecting previously unselected package libboost1.74-dev:amd64.
Preparing to unpack .../100-libboost1.74-dev_1.74.0-11_amd64.deb ...
Unpacking libboost1.74-dev:amd64 (1.74.0-11) ...
Selecting previously unselected package libboost-dev:amd64.
Preparing to unpack .../101-libboost-dev_1.74.0.3_amd64.deb ...
Unpacking libboost-dev:amd64 (1.74.0.3) ...
Selecting previously unselected package libccfits0v5:amd64.
Preparing to unpack .../102-libccfits0v5_2.6+dfsg-1_amd64.deb ...
Unpacking libccfits0v5:amd64 (2.6+dfsg-1) ...
Selecting previously unselected package libcfitsio-dev:amd64.
Preparing to unpack .../103-libcfitsio-dev_4.0.0-1_amd64.deb ...
Unpacking libcfitsio-dev:amd64 (4.0.0-1) ...
Selecting previously unselected package libccfits-dev:amd64.
Preparing to unpack .../104-libccfits-dev_2.6+dfsg-1_amd64.deb ...
Unpacking libccfits-dev:amd64 (2.6+dfsg-1) ...
Selecting previously unselected package libdeflate0:amd64.
Preparing to unpack .../105-libdeflate0_1.8-1_amd64.deb ...
Unpacking libdeflate0:amd64 (1.8-1) ...
Selecting previously unselected package libdeflate-dev:amd64.
Preparing to unpack .../106-libdeflate-dev_1.8-1_amd64.deb ...
Unpacking libdeflate-dev:amd64 (1.8-1) ...
Selecting previously unselected package libglib2.0-0:amd64.
Preparing to unpack .../107-libglib2.0-0_2.70.0-3_amd64.deb ...
Unpacking libglib2.0-0:amd64 (2.70.0-3) ...
Selecting previously unselected package pkg-config.
Preparing to unpack .../108-pkg-config_0.29.2-1_amd64.deb ...
Unpacking pkg-config (0.29.2-1) ...
Selecting previously unselected package libeigen3-dev.
Preparing to unpack .../109-libeigen3-dev_3.3.9-2_all.deb ...
Unpacking libeigen3-dev (3.3.9-2) ...
Selecting previously unselected package libevent-2.1-7:amd64.
Preparing to unpack .../110-libevent-2.1-7_2.1.12-stable-1_amd64.deb ...
Unpacking libevent-2.1-7:amd64 (2.1.12-stable-1) ...
Selecting previously unselected package libevent-core-2.1-7:amd64.
Preparing to unpack .../111-libevent-core-2.1-7_2.1.12-stable-1_amd64.deb ...
Unpacking libevent-core-2.1-7:amd64 (2.1.12-stable-1) ...
Selecting previously unselected package libevent-extra-2.1-7:amd64.
Preparing to unpack .../112-libevent-extra-2.1-7_2.1.12-stable-1_amd64.deb ...
Unpacking libevent-extra-2.1-7:amd64 (2.1.12-stable-1) ...
Selecting previously unselected package libevent-pthreads-2.1-7:amd64.
Preparing to unpack .../113-libevent-pthreads-2.1-7_2.1.12-stable-1_amd64.deb ...
Unpacking libevent-pthreads-2.1-7:amd64 (2.1.12-stable-1) ...
Selecting previously unselected package libevent-openssl-2.1-7:amd64.
Preparing to unpack .../114-libevent-openssl-2.1-7_2.1.12-stable-1_amd64.deb ...
Unpacking libevent-openssl-2.1-7:amd64 (2.1.12-stable-1) ...
Selecting previously unselected package libevent-dev.
Preparing to unpack .../115-libevent-dev_2.1.12-stable-1_amd64.deb ...
Unpacking libevent-dev (2.1.12-stable-1) ...
Selecting previously unselected package libpsm-infinipath1.
Preparing to unpack .../116-libpsm-infinipath1_3.3+20.604758e7-6.1_amd64.deb ...
Unpacking libpsm-infinipath1 (3.3+20.604758e7-6.1) ...
Selecting previously unselected package libnuma1:amd64.
Preparing to unpack .../117-libnuma1_2.0.14-3_amd64.deb ...
Unpacking libnuma1:amd64 (2.0.14-3) ...
Selecting previously unselected package libpsm2-2.
Preparing to unpack .../118-libpsm2-2_11.2.185-1_amd64.deb ...
Unpacking libpsm2-2 (11.2.185-1) ...
Selecting previously unselected package librdmacm1:amd64.
Preparing to unpack .../119-librdmacm1_36.0-1_amd64.deb ...
Unpacking librdmacm1:amd64 (36.0-1) ...
Selecting previously unselected package libfabric1.
Preparing to unpack .../120-libfabric1_1.11.0-2_amd64.deb ...
Unpacking libfabric1 (1.11.0-2) ...
Selecting previously unselected package libfftw3-long3:amd64.
Preparing to unpack .../121-libfftw3-long3_3.3.8-2_amd64.deb ...
Unpacking libfftw3-long3:amd64 (3.3.8-2) ...
Selecting previously unselected package libfftw3-quad3:amd64.
Preparing to unpack .../122-libfftw3-quad3_3.3.8-2_amd64.deb ...
Unpacking libfftw3-quad3:amd64 (3.3.8-2) ...
Selecting previously unselected package libfftw3-bin.
Preparing to unpack .../123-libfftw3-bin_3.3.8-2_amd64.deb ...
Unpacking libfftw3-bin (3.3.8-2) ...
Selecting previously unselected package libfftw3-dev:amd64.
Preparing to unpack .../124-libfftw3-dev_3.3.8-2_amd64.deb ...
Unpacking libfftw3-dev:amd64 (3.3.8-2) ...
Selecting previously unselected package libfmt7:amd64.
Preparing to unpack .../125-libfmt7_7.1.3+ds1-6_amd64.deb ...
Unpacking libfmt7:amd64 (7.1.3+ds1-6) ...
Selecting previously unselected package libfmt-dev:amd64.
Preparing to unpack .../126-libfmt-dev_7.1.3+ds1-6_amd64.deb ...
Unpacking libfmt-dev:amd64 (7.1.3+ds1-6) ...
Selecting previously unselected package libhwloc15:amd64.
Preparing to unpack .../127-libhwloc15_2.5.0+dfsg-2_amd64.deb ...
Unpacking libhwloc15:amd64 (2.5.0+dfsg-2) ...
Selecting previously unselected package libnuma-dev:amd64.
Preparing to unpack .../128-libnuma-dev_2.0.14-3_amd64.deb ...
Unpacking libnuma-dev:amd64 (2.0.14-3) ...
Selecting previously unselected package libltdl7:amd64.
Preparing to unpack .../129-libltdl7_2.4.6-15_amd64.deb ...
Unpacking libltdl7:amd64 (2.4.6-15) ...
Selecting previously unselected package libltdl-dev:amd64.
Preparing to unpack .../130-libltdl-dev_2.4.6-15_amd64.deb ...
Unpacking libltdl-dev:amd64 (2.4.6-15) ...
Selecting previously unselected package libhwloc-dev:amd64.
Preparing to unpack .../131-libhwloc-dev_2.5.0+dfsg-2_amd64.deb ...
Unpacking libhwloc-dev:amd64 (2.5.0+dfsg-2) ...
Selecting previously unselected package libpciaccess0:amd64.
Preparing to unpack .../132-libpciaccess0_0.16-1_amd64.deb ...
Unpacking libpciaccess0:amd64 (0.16-1) ...
Selecting previously unselected package libxau6:amd64.
Preparing to unpack .../133-libxau6_1%3a1.0.9-1_amd64.deb ...
Unpacking libxau6:amd64 (1:1.0.9-1) ...
Selecting previously unselected package libxdmcp6:amd64.
Preparing to unpack .../134-libxdmcp6_1%3a1.1.2-3_amd64.deb ...
Unpacking libxdmcp6:amd64 (1:1.1.2-3) ...
Selecting previously unselected package libxcb1:amd64.
Preparing to unpack .../135-libxcb1_1.14-3_amd64.deb ...
Unpacking libxcb1:amd64 (1.14-3) ...
Selecting previously unselected package libx11-data.
Preparing to unpack .../136-libx11-data_2%3a1.7.2-2_all.deb ...
Unpacking libx11-data (2:1.7.2-2) ...
Selecting previously unselected package libx11-6:amd64.
Preparing to unpack .../137-libx11-6_2%3a1.7.2-2+b1_amd64.deb ...
Unpacking libx11-6:amd64 (2:1.7.2-2+b1) ...
Selecting previously unselected package libxext6:amd64.
Preparing to unpack .../138-libxext6_2%3a1.3.4-1_amd64.deb ...
Unpacking libxext6:amd64 (2:1.3.4-1) ...
Selecting previously unselected package libxnvctrl0:amd64.
Preparing to unpack .../139-libxnvctrl0_470.57.02-2_amd64.deb ...
Unpacking libxnvctrl0:amd64 (470.57.02-2) ...
Selecting previously unselected package ocl-icd-libopencl1:amd64.
Preparing to unpack .../140-ocl-icd-libopencl1_2.2.14-3_amd64.deb ...
Unpacking ocl-icd-libopencl1:amd64 (2.2.14-3) ...
Selecting previously unselected package libhwloc-plugins:amd64.
Preparing to unpack .../141-libhwloc-plugins_2.5.0+dfsg-2_amd64.deb ...
Unpacking libhwloc-plugins:amd64 (2.5.0+dfsg-2) ...
Selecting previously unselected package libnl-3-dev:amd64.
Preparing to unpack .../142-libnl-3-dev_3.4.0-1+b1_amd64.deb ...
Unpacking libnl-3-dev:amd64 (3.4.0-1+b1) ...
Selecting previously unselected package libnl-route-3-dev:amd64.
Preparing to unpack .../143-libnl-route-3-dev_3.4.0-1+b1_amd64.deb ...
Unpacking libnl-route-3-dev:amd64 (3.4.0-1+b1) ...
Selecting previously unselected package libibverbs-dev:amd64.
Preparing to unpack .../144-libibverbs-dev_36.0-1_amd64.deb ...
Unpacking libibverbs-dev:amd64 (36.0-1) ...
Selecting previously unselected package libjbig0:amd64.
Preparing to unpack .../145-libjbig0_2.1-3.1+b2_amd64.deb ...
Unpacking libjbig0:amd64 (2.1-3.1+b2) ...
Selecting previously unselected package libjbig-dev:amd64.
Preparing to unpack .../146-libjbig-dev_2.1-3.1+b2_amd64.deb ...
Unpacking libjbig-dev:amd64 (2.1-3.1+b2) ...
Selecting previously unselected package libjpeg62-turbo:amd64.
Preparing to unpack .../147-libjpeg62-turbo_1%3a2.0.6-4_amd64.deb ...
Unpacking libjpeg62-turbo:amd64 (1:2.0.6-4) ...
Selecting previously unselected package libjpeg62-turbo-dev:amd64.
Preparing to unpack .../148-libjpeg62-turbo-dev_1%3a2.0.6-4_amd64.deb ...
Unpacking libjpeg62-turbo-dev:amd64 (1:2.0.6-4) ...
Selecting previously unselected package libjpeg-dev:amd64.
Preparing to unpack .../149-libjpeg-dev_1%3a2.0.6-4_amd64.deb ...
Unpacking libjpeg-dev:amd64 (1:2.0.6-4) ...
Selecting previously unselected package libjs-jquery.
Preparing to unpack .../150-libjs-jquery_3.5.1+dfsg+~3.5.5-8_all.deb ...
Unpacking libjs-jquery (3.5.1+dfsg+~3.5.5-8) ...
Selecting previously unselected package libjs-jquery-ui.
Preparing to unpack .../151-libjs-jquery-ui_1.12.1+dfsg-8_all.deb ...
Unpacking libjs-jquery-ui (1.12.1+dfsg-8) ...
Selecting previously unselected package liblzma-dev:amd64.
Preparing to unpack .../152-liblzma-dev_5.2.5-2_amd64.deb ...
Unpacking liblzma-dev:amd64 (5.2.5-2) ...
Selecting previously unselected package libpmix2:amd64.
Preparing to unpack .../153-libpmix2_4.1.1~rc4-1_amd64.deb ...
Unpacking libpmix2:amd64 (4.1.1~rc4-1) ...
Selecting previously unselected package libucx0:amd64.
Preparing to unpack .../154-libucx0_1.11.2-1_amd64.deb ...
Unpacking libucx0:amd64 (1.11.2-1) ...
Selecting previously unselected package libopenmpi3:amd64.
Preparing to unpack .../155-libopenmpi3_4.1.2~rc1-4_amd64.deb ...
Unpacking libopenmpi3:amd64 (4.1.2~rc1-4) ...
Selecting previously unselected package openmpi-common.
Preparing to unpack .../156-openmpi-common_4.1.2~rc1-4_all.deb ...
Unpacking openmpi-common (4.1.2~rc1-4) ...
Selecting previously unselected package zlib1g-dev:amd64.
Preparing to unpack .../157-zlib1g-dev_1%3a1.2.11.dfsg-2_amd64.deb ...
Unpacking zlib1g-dev:amd64 (1:1.2.11.dfsg-2) ...
Selecting previously unselected package libpmix-dev:amd64.
Preparing to unpack .../158-libpmix-dev_4.1.1~rc4-1_amd64.deb ...
Unpacking libpmix-dev:amd64 (4.1.1~rc4-1) ...
Selecting previously unselected package openmpi-bin.
Preparing to unpack .../159-openmpi-bin_4.1.2~rc1-4_amd64.deb ...
Unpacking openmpi-bin (4.1.2~rc1-4) ...
Selecting previously unselected package libopenmpi-dev:amd64.
Preparing to unpack .../160-libopenmpi-dev_4.1.2~rc1-4_amd64.deb ...
Unpacking libopenmpi-dev:amd64 (4.1.2~rc1-4) ...
Selecting previously unselected package libwebp6:amd64.
Preparing to unpack .../161-libwebp6_0.6.1-2.1_amd64.deb ...
Unpacking libwebp6:amd64 (0.6.1-2.1) ...
Selecting previously unselected package libtiff5:amd64.
Preparing to unpack .../162-libtiff5_4.3.0-2_amd64.deb ...
Unpacking libtiff5:amd64 (4.3.0-2) ...
Selecting previously unselected package libsopt3.0:amd64.
Preparing to unpack .../163-libsopt3.0_3.0.1-11+b1_amd64.deb ...
Unpacking libsopt3.0:amd64 (3.0.1-11+b1) ...
Selecting previously unselected package libsopt-dev.
Preparing to unpack .../164-libsopt-dev_3.0.1-11+b1_amd64.deb ...
Unpacking libsopt-dev (3.0.1-11+b1) ...
Selecting previously unselected package libspdlog1:amd64.
Preparing to unpack .../165-libspdlog1_1%3a1.8.5+ds-3_amd64.deb ...
Unpacking libspdlog1:amd64 (1:1.8.5+ds-3) ...
Selecting previously unselected package libspdlog-dev:amd64.
Preparing to unpack .../166-libspdlog-dev_1%3a1.8.5+ds-3_amd64.deb ...
Unpacking libspdlog-dev:amd64 (1:1.8.5+ds-3) ...
Selecting previously unselected package libtiffxx5:amd64.
Preparing to unpack .../167-libtiffxx5_4.3.0-2_amd64.deb ...
Unpacking libtiffxx5:amd64 (4.3.0-2) ...
Selecting previously unselected package libtiff-dev:amd64.
Preparing to unpack .../168-libtiff-dev_4.3.0-2_amd64.deb ...
Unpacking libtiff-dev:amd64 (4.3.0-2) ...
Selecting previously unselected package libtiff5-dev.
Preparing to unpack .../169-libtiff5-dev_4.3.0-2_amd64.deb ...
Unpacking libtiff5-dev (4.3.0-2) ...
Selecting previously unselected package sbuild-build-depends-main-dummy.
Preparing to unpack .../170-sbuild-build-depends-main-dummy_0.invalid.0_amd64.deb ...
Unpacking sbuild-build-depends-main-dummy (0.invalid.0) ...
Setting up libexpat1:amd64 (2.4.1-3) ...
Setting up media-types (4.0.0) ...
Setting up libpipeline1:amd64 (1.5.3-1) ...
Setting up catch2 (2.13.7-1) ...
Setting up libpciaccess0:amd64 (0.16-1) ...
Setting up libxau6:amd64 (1:1.0.9-1) ...
Setting up libxdmcp6:amd64 (1:1.1.2-3) ...
Setting up libwcs7:amd64 (7.7+ds-1) ...
Setting up libpsl5:amd64 (0.21.0-1.2) ...
Setting up libxcb1:amd64 (1.14-3) ...
Setting up libfftw3-single3:amd64 (3.3.8-2) ...
Setting up bsdextrautils (2.37.2-4) ...
update-alternatives: using /usr/bin/write.ul to provide /usr/bin/write (write) in auto mode
Setting up libmagic-mgc (1:5.39-3) ...
Setting up libarchive13:amd64 (3.4.3-2+b1) ...
Setting up libarchive-zip-perl (1.68-1) ...
Setting up libglib2.0-0:amd64 (2.70.0-3) ...
No schema files found: doing nothing.
Setting up libpython3.9-minimal:amd64 (3.9.7-4) ...
Setting up libcbor0.8:amd64 (0.8.0-1) ...
Setting up libgcc-10-dev:amd64 (10.3.0-11) ...
Setting up libdebhelper-perl (13.5.2) ...
Setting up libbrotli1:amd64 (1.0.9-2+b2) ...
Setting up libsqlite3-0:amd64 (3.36.0-2) ...
Setting up libnghttp2-14:amd64 (1.43.0-1) ...
Setting up libmagic1:amd64 (1:5.39-3) ...
Setting up libdeflate0:amd64 (1.8-1) ...
Setting up libfftw3-long3:amd64 (3.3.8-2) ...
Setting up gettext-base (0.21-4) ...
Setting up file (1:5.39-3) ...
Setting up libjbig0:amd64 (2.1-3.1+b2) ...
Setting up libsasl2-modules-db:amd64 (2.1.27+dfsg-2.1) ...
Setting up autotools-dev (20180224.1+nmu1) ...
Setting up libblas3:amd64 (3.10.0-1) ...
update-alternatives: using /usr/lib/x86_64-linux-gnu/blas/libblas.so.3 to provide /usr/lib/x86_64-linux-gnu/libblas.so.3 (libblas.so.3-x86_64-linux-gnu) in auto mode
Setting up libuv1:amd64 (1.42.0-1) ...
Setting up libjpeg62-turbo:amd64 (1:2.0.6-4) ...
Setting up emacsen-common (3.0.4) ...
Setting up libx11-data (2:1.7.2-2) ...
Setting up libjpeg62-turbo-dev:amd64 (1:2.0.6-4) ...
Setting up librtmp1:amd64 (2.4+20151223.gitfa8646d.1-2+b2) ...
Setting up dh-elpa-helper (2.0.9) ...
Setting up libncurses6:amd64 (6.2+20210905-1) ...
Setting up libsigsegv2:amd64 (2.13-1) ...
Setting up libfftw3-quad3:amd64 (3.3.8-2) ...
Setting up libhwloc15:amd64 (2.5.0+dfsg-2) ...
Setting up libevent-core-2.1-7:amd64 (2.1.12-stable-1) ...
Setting up libevent-2.1-7:amd64 (2.1.12-stable-1) ...
Setting up autopoint (0.21-4) ...
Setting up libwebp6:amd64 (0.6.1-2.1) ...
Setting up pkg-config (0.29.2-1) ...
Setting up libncursesw6:amd64 (6.2+20210905-1) ...
Setting up libltdl7:amd64 (2.4.6-15) ...
Setting up libfftw3-double3:amd64 (3.3.8-2) ...
Setting up libsasl2-2:amd64 (2.1.27+dfsg-2.1) ...
Setting up libgfortran5:amd64 (11.2.0-10) ...
Setting up libjsoncpp24:amd64 (1.9.4-5) ...
Setting up liblzma-dev:amd64 (5.2.5-2) ...
Setting up zlib1g-dev:amd64 (1:1.2.11.dfsg-2) ...
Setting up libnuma1:amd64 (2.0.14-3) ...
Setting up libcasa-mirlib5:amd64 (3.3.0-4+b3) ...
Setting up libcasa-casa5:amd64 (3.3.0-4+b3) ...
Setting up sensible-utils (0.0.17) ...
Setting up ocl-icd-libopencl1:amd64 (2.2.14-3) ...
Setting up librhash0:amd64 (1.4.2-1) ...
Setting up libuchardet0:amd64 (0.0.7-1) ...
Setting up libnl-3-200:amd64 (3.4.0-1+b1) ...
Setting up libmpdec3:amd64 (2.5.1-2) ...
Setting up libpsm2-2 (11.2.185-1) ...
Setting up openmpi-common (4.1.2~rc1-4) ...
Setting up libfmt7:amd64 (7.1.3+ds1-6) ...
Setting up libspdlog1:amd64 (1:1.8.5+ds-3) ...
Setting up catch (1.12.1-1.1) ...
Setting up libsub-override-perl (0.09-2) ...
Setting up libx11-6:amd64 (2:1.7.2-2+b1) ...
Setting up libgfortran-10-dev:amd64 (10.3.0-11) ...
Setting up libssh2-1:amd64 (1.10.0-2) ...
Setting up cmake-data (3.21.3-5) ...
Setting up libtiff5:amd64 (4.3.0-2) ...
Setting up libpsm-infinipath1 (3.3+20.604758e7-6.1) ...
update-alternatives: using /usr/lib/libpsm1/libpsm_infinipath.so.1.16 to provide /usr/lib/x86_64-linux-gnu/libpsm_infinipath.so.1 (libpsm_infinipath.so.1) in auto mode
Setting up libjs-jquery (3.5.1+dfsg+~3.5.5-8) ...
Setting up libfido2-1:amd64 (1.8.0-1+b1) ...
Setting up libboost-python1.74.0 (1.74.0-11) ...
Setting up libcasa-tables5:amd64 (3.3.0-4+b3) ...
Setting up libdeflate-dev:amd64 (1.8-1) ...
Setting up libelf1:amd64 (0.185-2) ...
Setting up readline-common (8.1-2) ...
Setting up libprocps8:amd64 (2:3.3.17-5) ...
Setting up cpp-10 (10.3.0-11) ...
Setting up libblas-dev:amd64 (3.10.0-1) ...
update-alternatives: using /usr/lib/x86_64-linux-gnu/blas/libblas.so to provide /usr/lib/x86_64-linux-gnu/libblas.so (libblas.so-x86_64-linux-gnu) in auto mode
Setting up libtiffxx5:amd64 (4.3.0-2) ...
Setting up libevent-pthreads-2.1-7:amd64 (2.1.12-stable-1) ...
Setting up libfile-stripnondeterminism-perl (1.12.0-2) ...
Setting up libevent-extra-2.1-7:amd64 (2.1.12-stable-1) ...
Setting up liblapack3:amd64 (3.10.0-1) ...
update-alternatives: using /usr/lib/x86_64-linux-gnu/lapack/liblapack.so.3 to provide /usr/lib/x86_64-linux-gnu/liblapack.so.3 (liblapack.so.3-x86_64-linux-gnu) in auto mode
Setting up gettext (0.21-4) ...
Setting up libstdc++-10-dev:amd64 (10.3.0-11) ...
Setting up libboost1.74-dev:amd64 (1.74.0-11) ...
Setting up libcasa-measures5:amd64 (3.3.0-4+b3) ...
Setting up libtool (2.4.6-15) ...
Setting up libfftw3-bin (3.3.8-2) ...
Setting up openssh-client (1:8.4p1-6) ...
Setting up libreadline8:amd64 (8.1-2) ...
Setting up libjpeg-dev:amd64 (1:2.0.6-4) ...
Setting up libjbig-dev:amd64 (2.1-3.1+b2) ...
Setting up libxext6:amd64 (2:1.3.4-1) ...
Setting up libevent-openssl-2.1-7:amd64 (2.1.12-stable-1) ...
Setting up libldap-2.4-2:amd64 (2.4.59+dfsg-1) ...
Setting up m4 (1.4.18-5) ...
Setting up libcurl3-gnutls:amd64 (7.74.0-1.3+b1) ...
Setting up intltool-debian (0.35.0+20060710.5) ...
Setting up libnuma-dev:amd64 (2.0.14-3) ...
Setting up libcfitsio9:amd64 (4.0.0-1) ...
Setting up libnl-route-3-200:amd64 (3.4.0-1+b1) ...
Setting up libxnvctrl0:amd64 (470.57.02-2) ...
Setting up libcasa-fits5:amd64 (3.3.0-4+b3) ...
Setting up libjs-jquery-ui (1.12.1+dfsg-8) ...
Setting up libtiff-dev:amd64 (4.3.0-2) ...
Setting up libevent-dev (2.1.12-stable-1) ...
Setting up libeigen3-dev (3.3.9-2) ...
Setting up libfmt-dev:amd64 (7.1.3+ds1-6) ...
Setting up libcasa-meas5:amd64 (3.3.0-4+b3) ...
Setting up gcc-10 (10.3.0-11) ...
Setting up autoconf (2.71-2) ...
Setting up dh-strip-nondeterminism (1.12.0-2) ...
Setting up dwz (0.14-1) ...
Setting up libnl-3-dev:amd64 (3.4.0-1+b1) ...
Setting up groff-base (1.22.4-7) ...
Setting up procps (2:3.3.17-5) ...
Setting up libcurl4:amd64 (7.74.0-1.3+b1) ...
Setting up libboost-dev:amd64 (1.74.0.3) ...
Setting up libcasa-scimath-f5:amd64 (3.3.0-4+b3) ...
Setting up libfftw3-dev:amd64 (3.3.8-2) ...
Setting up libpython3.9-stdlib:amd64 (3.9.7-4) ...
Setting up automake (1:1.16.5-1) ...
update-alternatives: using /usr/bin/automake-1.16 to provide /usr/bin/automake (automake) in auto mode
Setting up libibverbs1:amd64 (36.0-1) ...
Setting up libcfitsio-dev:amd64 (4.0.0-1) ...
Setting up libcasa-scimath5:amd64 (3.3.0-4+b3) ...
Setting up ibverbs-providers:amd64 (36.0-1) ...
Setting up po-debconf (1.0.21+nmu1) ...
Setting up libtiff5-dev (4.3.0-2) ...
Setting up libhwloc-plugins:amd64 (2.5.0+dfsg-2) ...
Setting up libspdlog-dev:amd64 (1:1.8.5+ds-3) ...
Setting up man-db (2.9.4-2) ...
Not building database; man-db/auto-update is not 'true'.
Setting up libccfits0v5:amd64 (2.6+dfsg-1) ...
Setting up libcasa-coordinates5:amd64 (3.3.0-4+b3) ...
Setting up dh-autoreconf (20) ...
Setting up libnl-route-3-dev:amd64 (3.4.0-1+b1) ...
Setting up libltdl-dev:amd64 (2.4.6-15) ...
Setting up libpython3.9:amd64 (3.9.7-4) ...
Setting up libcasa-lattices5:amd64 (3.3.0-4+b3) ...
Setting up gfortran-10 (10.3.0-11) ...
Setting up libcasa-images5:amd64 (3.3.0-4+b3) ...
Setting up cmake (3.21.3-5) ...
Setting up libhwloc-dev:amd64 (2.5.0+dfsg-2) ...
Setting up librdmacm1:amd64 (36.0-1) ...
Setting up libcasa-ms5:amd64 (3.3.0-4+b3) ...
Setting up libucx0:amd64 (1.11.2-1) ...
Setting up libpmix2:amd64 (4.1.1~rc4-1) ...
Setting up libcasa-python3-5:amd64 (3.3.0-4+b3) ...
Setting up debhelper (13.5.2) ...
Setting up libccfits-dev:amd64 (2.6+dfsg-1) ...
Setting up libibverbs-dev:amd64 (36.0-1) ...
Setting up libcasa-derivedmscal5:amd64 (3.3.0-4+b3) ...
Setting up libpmix-dev:amd64 (4.1.1~rc4-1) ...
Setting up libcasa-msfits5:amd64 (3.3.0-4+b3) ...
Setting up libfabric1 (1.11.0-2) ...
Setting up libopenmpi3:amd64 (4.1.2~rc1-4) ...
Setting up openmpi-bin (4.1.2~rc1-4) ...
update-alternatives: using /usr/bin/mpirun.openmpi to provide /usr/bin/mpirun (mpirun) in auto mode
update-alternatives: using /usr/bin/mpicc.openmpi to provide /usr/bin/mpicc (mpi) in auto mode
Setting up casacore-dev:amd64 (3.3.0-4+b3) ...
Setting up libsopt3.0:amd64 (3.0.1-11+b1) ...
Setting up libopenmpi-dev:amd64 (4.1.2~rc1-4) ...
update-alternatives: using /usr/lib/x86_64-linux-gnu/openmpi/include to provide /usr/include/x86_64-linux-gnu/mpi (mpi-x86_64-linux-gnu) in auto mode
Setting up libsopt-dev (3.0.1-11+b1) ...
Setting up sbuild-build-depends-main-dummy (0.invalid.0) ...
Processing triggers for libc-bin (2.32-4) ...

+------------------------------------------------------------------------------+
| Check architectures                                                          |
+------------------------------------------------------------------------------+

Arch check ok (amd64 included in any)

+------------------------------------------------------------------------------+
| Build environment                                                            |
+------------------------------------------------------------------------------+

Kernel: Linux 4.19.0-6-cloud-amd64 #1 SMP Debian 4.19.67-2+deb10u2 (2019-11-11) amd64 (x86_64)
Toolchain package versions: binutils_2.37-7 dpkg-dev_1.20.9 g++-11_11.2.0-10 gcc-10_10.3.0-11 gcc-11_11.2.0-10 libc6-dev_2.32-4 libstdc++-10-dev_10.3.0-11 libstdc++-11-dev_11.2.0-10 libstdc++6_11.2.0-10 linux-libc-dev_5.14.12-1
Package versions: adduser_3.118 apt_2.3.11 autoconf_2.71-2 automake_1:1.16.5-1 autopoint_0.21-4 autotools-dev_20180224.1+nmu1 base-files_12 base-passwd_3.5.52 bash_5.1-3+b2 binutils_2.37-7 binutils-common_2.37-7 binutils-x86-64-linux-gnu_2.37-7 bsdextrautils_2.37.2-4 bsdutils_1:2.37.2-4 build-essential_12.9 bzip2_1.0.8-4 casacore-dev_3.3.0-4+b3 catch_1.12.1-1.1 catch2_2.13.7-1 clang-13_1:13.0.0-8 cmake_3.21.3-5 cmake-data_3.21.3-5 coreutils_8.32-4+b1 cpp_4:11.2.0-2 cpp-10_10.3.0-11 cpp-11_11.2.0-10 dash_0.5.11+git20210120+802ebd4-2 debconf_1.5.78 debhelper_13.5.2 debian-archive-keyring_2021.1.1 debianutils_5.5-1 dh-autoreconf_20 dh-elpa-helper_2.0.9 dh-strip-nondeterminism_1.12.0-2 diffutils_1:3.7-5 dpkg_1.20.9 dpkg-dev_1.20.9 dwz_0.14-1 e2fsprogs_1.46.4-1 emacsen-common_3.0.4 fakeroot_1.26-1 file_1:5.39-3 findutils_4.8.0-1 g++_4:11.2.0-2 g++-11_11.2.0-10 gcc_4:11.2.0-2 gcc-10_10.3.0-11 gcc-10-base_10.3.0-11 gcc-11_11.2.0-10 gcc-11-base_11.2.0-10 gcc-9-base_9.4.0-3 gettext_0.21-4 gettext-base_0.21-4 gfortran-10_10.3.0-11 gpgv_2.2.27-2 grep_3.7-1 groff-base_1.22.4-7 gzip_1.10-4 hostname_3.23 ibverbs-providers_36.0-1 init-system-helpers_1.60 intltool-debian_0.35.0+20060710.5 lib32gcc-s1_11.2.0-10 lib32stdc++6_11.2.0-10 libacl1_2.3.1-1 libapt-pkg6.0_2.3.11 libarchive-zip-perl_1.68-1 libarchive13_3.4.3-2+b1 libasan5_9.4.0-3 libasan6_11.2.0-10 libatomic1_11.2.0-10 libattr1_1:2.5.1-1 libaudit-common_1:3.0.6-1 libaudit1_1:3.0.6-1 libbinutils_2.37-7 libblas-dev_3.10.0-1 libblas3_3.10.0-1 libblkid1_2.37.2-4 libboost-dev_1.74.0.3 libboost-python1.74.0_1.74.0-11 libboost1.74-dev_1.74.0-11 libbrotli1_1.0.9-2+b2 libbsd0_0.11.3-1 libbz2-1.0_1.0.8-4 libc-bin_2.32-4 libc-dev-bin_2.32-4 libc6_2.32-4 libc6-dev_2.32-4 libc6-i386_2.32-4 libcap-ng0_0.7.9-2.2+b1 libcap2_1:2.44-1 libcasa-casa5_3.3.0-4+b3 libcasa-coordinates5_3.3.0-4+b3 libcasa-derivedmscal5_3.3.0-4+b3 libcasa-fits5_3.3.0-4+b3 libcasa-images5_3.3.0-4+b3 libcasa-lattices5_3.3.0-4+b3 libcasa-meas5_3.3.0-4+b3 libcasa-measures5_3.3.0-4+b3 libcasa-mirlib5_3.3.0-4+b3 libcasa-ms5_3.3.0-4+b3 libcasa-msfits5_3.3.0-4+b3 libcasa-python3-5_3.3.0-4+b3 libcasa-scimath-f5_3.3.0-4+b3 libcasa-scimath5_3.3.0-4+b3 libcasa-tables5_3.3.0-4+b3 libcbor0.8_0.8.0-1 libcc1-0_11.2.0-10 libccfits-dev_2.6+dfsg-1 libccfits0v5_2.6+dfsg-1 libcfitsio-dev_4.0.0-1 libcfitsio9_4.0.0-1 libclang-common-13-dev_1:13.0.0-8 libclang-cpp13_1:13.0.0-8 libclang1-13_1:13.0.0-8 libcom-err2_1.46.4-1 libcrypt-dev_1:4.4.25-2 libcrypt1_1:4.4.25-2 libctf-nobfd0_2.37-7 libctf0_2.37-7 libcurl3-gnutls_7.74.0-1.3+b1 libcurl4_7.74.0-1.3+b1 libdb5.3_5.3.28+dfsg1-0.8 libdebconfclient0_0.260 libdebhelper-perl_13.5.2 libdeflate-dev_1.8-1 libdeflate0_1.8-1 libdpkg-perl_1.20.9 libedit2_3.1-20210910-1 libeigen3-dev_3.3.9-2 libelf1_0.185-2 libevent-2.1-7_2.1.12-stable-1 libevent-core-2.1-7_2.1.12-stable-1 libevent-dev_2.1.12-stable-1 libevent-extra-2.1-7_2.1.12-stable-1 libevent-openssl-2.1-7_2.1.12-stable-1 libevent-pthreads-2.1-7_2.1.12-stable-1 libexpat1_2.4.1-3 libext2fs2_1.46.4-1 libfabric1_1.11.0-2 libfakeroot_1.26-1 libffi8_3.4.2-3 libfftw3-bin_3.3.8-2 libfftw3-dev_3.3.8-2 libfftw3-double3_3.3.8-2 libfftw3-long3_3.3.8-2 libfftw3-quad3_3.3.8-2 libfftw3-single3_3.3.8-2 libfido2-1_1.8.0-1+b1 libfile-stripnondeterminism-perl_1.12.0-2 libfmt-dev_7.1.3+ds1-6 libfmt7_7.1.3+ds1-6 libgc1_1:8.0.4-3 libgcc-10-dev_10.3.0-11 libgcc-11-dev_11.2.0-10 libgcc-9-dev_9.4.0-3 libgcc-s1_11.2.0-10 libgcrypt20_1.9.4-3+b1 libgdbm-compat4_1.22-1 libgdbm6_1.22-1 libgfortran-10-dev_10.3.0-11 libgfortran5_11.2.0-10 libglib2.0-0_2.70.0-3 libgmp10_2:6.2.1+dfsg-2 libgnutls30_3.7.2-2 libgomp1_11.2.0-10 libgpg-error0_1.42-3 libgssapi-krb5-2_1.18.3-7 libhogweed6_3.7.3-1 libhwloc-dev_2.5.0+dfsg-2 libhwloc-plugins_2.5.0+dfsg-2 libhwloc15_2.5.0+dfsg-2 libibverbs-dev_36.0-1 libibverbs1_36.0-1 libicu67_67.1-7 libidn2-0_2.3.2-2 libisl23_0.24-2 libitm1_11.2.0-10 libjbig-dev_2.1-3.1+b2 libjbig0_2.1-3.1+b2 libjpeg-dev_1:2.0.6-4 libjpeg62-turbo_1:2.0.6-4 libjpeg62-turbo-dev_1:2.0.6-4 libjs-jquery_3.5.1+dfsg+~3.5.5-8 libjs-jquery-ui_1.12.1+dfsg-8 libjsoncpp24_1.9.4-5 libk5crypto3_1.18.3-7 libkeyutils1_1.6.1-2 libkrb5-3_1.18.3-7 libkrb5support0_1.18.3-7 liblapack3_3.10.0-1 libldap-2.4-2_2.4.59+dfsg-1 libllvm13_1:13.0.0-8 liblsan0_11.2.0-10 libltdl-dev_2.4.6-15 libltdl7_2.4.6-15 liblz4-1_1.9.3-2 liblzma-dev_5.2.5-2 liblzma5_5.2.5-2 libmagic-mgc_1:5.39-3 libmagic1_1:5.39-3 libmd0_1.0.4-1 libmount1_2.37.2-4 libmpc3_1.2.1-1 libmpdec3_2.5.1-2 libmpfr6_4.1.0-3 libncurses6_6.2+20210905-1 libncursesw6_6.2+20210905-1 libnettle8_3.7.3-1 libnghttp2-14_1.43.0-1 libnl-3-200_3.4.0-1+b1 libnl-3-dev_3.4.0-1+b1 libnl-route-3-200_3.4.0-1+b1 libnl-route-3-dev_3.4.0-1+b1 libnsl-dev_1.3.0-2 libnsl2_1.3.0-2 libnuma-dev_2.0.14-3 libnuma1_2.0.14-3 libobjc-11-dev_11.2.0-10 libobjc-9-dev_9.4.0-3 libobjc4_11.2.0-10 libomp-13-dev_1:13.0.0-8 libomp5-13_1:13.0.0-8 libopenmpi-dev_4.1.2~rc1-4 libopenmpi3_4.1.2~rc1-4 libp11-kit0_0.24.0-5 libpam-modules_1.4.0-10 libpam-modules-bin_1.4.0-10 libpam-runtime_1.4.0-10 libpam0g_1.4.0-10 libpciaccess0_0.16-1 libpcre2-8-0_10.36-2 libpcre3_2:8.39-13 libperl5.32_5.32.1-6 libpipeline1_1.5.3-1 libpmix-dev_4.1.1~rc4-1 libpmix2_4.1.1~rc4-1 libprocps8_2:3.3.17-5 libpsl5_0.21.0-1.2 libpsm-infinipath1_3.3+20.604758e7-6.1 libpsm2-2_11.2.185-1 libpython3.9_3.9.7-4 libpython3.9-minimal_3.9.7-4 libpython3.9-stdlib_3.9.7-4 libquadmath0_11.2.0-10 librdmacm1_36.0-1 libreadline8_8.1-2 librhash0_1.4.2-1 librtmp1_2.4+20151223.gitfa8646d.1-2+b2 libsasl2-2_2.1.27+dfsg-2.1 libsasl2-modules-db_2.1.27+dfsg-2.1 libseccomp2_2.5.2-2 libselinux1_3.1-3 libsemanage-common_3.1-1 libsemanage1_3.1-1+b2 libsepol1_3.1-1 libsigsegv2_2.13-1 libsmartcols1_2.37.2-4 libsopt-dev_3.0.1-11+b1 libsopt3.0_3.0.1-11+b1 libspdlog-dev_1:1.8.5+ds-3 libspdlog1_1:1.8.5+ds-3 libsqlite3-0_3.36.0-2 libss2_1.46.4-1 libssh2-1_1.10.0-2 libssl1.1_1.1.1l-1 libstdc++-10-dev_10.3.0-11 libstdc++-11-dev_11.2.0-10 libstdc++6_11.2.0-10 libsub-override-perl_0.09-2 libsystemd0_249.5-1 libtasn1-6_4.17.0-2 libtiff-dev_4.3.0-2 libtiff5_4.3.0-2 libtiff5-dev_4.3.0-2 libtiffxx5_4.3.0-2 libtinfo6_6.2+20210905-1 libtirpc-common_1.3.2-2 libtirpc-dev_1.3.2-2 libtirpc3_1.3.2-2 libtool_2.4.6-15 libtsan0_11.2.0-10 libubsan1_11.2.0-10 libuchardet0_0.0.7-1 libucx0_1.11.2-1 libudev1_249.5-1 libunistring2_0.9.10-6 libuuid1_2.37.2-4 libuv1_1.42.0-1 libwcs7_7.7+ds-1 libwebp6_0.6.1-2.1 libx11-6_2:1.7.2-2+b1 libx11-data_2:1.7.2-2 libxau6_1:1.0.9-1 libxcb1_1.14-3 libxdmcp6_1:1.1.2-3 libxext6_2:1.3.4-1 libxml2_2.9.12+dfsg-5 libxnvctrl0_470.57.02-2 libxxhash0_0.8.0-2 libz3-4_4.8.12-1+b1 libzstd1_1.4.8+dfsg-3 linux-libc-dev_5.14.12-1 login_1:4.8.1-1 logsave_1.46.4-1 lsb-base_11.1.0 m4_1.4.18-5 make_4.3-4.1 man-db_2.9.4-2 mawk_1.3.4.20200120-2 media-types_4.0.0 mount_2.37.2-4 ncurses-base_6.2+20210905-1 ncurses-bin_6.2+20210905-1 ocl-icd-libopencl1_2.2.14-3 openmpi-bin_4.1.2~rc1-4 openmpi-common_4.1.2~rc1-4 openssh-client_1:8.4p1-6 passwd_1:4.8.1-1 patch_2.7.6-7 perl_5.32.1-6 perl-base_5.32.1-6 perl-modules-5.32_5.32.1-6 pkg-config_0.29.2-1 po-debconf_1.0.21+nmu1 procps_2:3.3.17-5 qt5-qmake_5.15.2+dfsg-12 qt5-qmake-bin_5.15.2+dfsg-12 qtchooser_66-2 readline-common_8.1-2 rpcsvc-proto_1.4.2-4 sbuild-build-depends-main-dummy_0.invalid.0 sed_4.8-1 sensible-utils_0.0.17 sysvinit-utils_3.00-1 tar_1.34+dfsg-1 tzdata_2021e-1 util-linux_2.37.2-4 xz-utils_5.2.5-2 zlib1g_1:1.2.11.dfsg-2 zlib1g-dev_1:1.2.11.dfsg-2

+------------------------------------------------------------------------------+
| Build                                                                        |
+------------------------------------------------------------------------------+


Unpack source
-------------

-----BEGIN PGP SIGNED MESSAGE-----
Hash: SHA512

Format: 3.0 (quilt)
Source: purify
Binary: purify, libpurify2.0, libpurify-dev
Architecture: any
Version: 2.0.0-6
Maintainer: Debian Astro Team <debian-astro-maintainers@lists.alioth.debian.org>
Uploaders: Gijs Molenaar <gijs@pythonic.nl>, Ole Streicher <olebole@debian.org>
Homepage: https://astro-informatics.github.io/purify/
Standards-Version: 4.5.0
Vcs-Browser: https://salsa.debian.org/debian-astro-team/purify
Vcs-Git: https://salsa.debian.org/debian-astro-team/purify.git
Build-Depends: casacore-dev, catch, cmake, debhelper-compat (= 13), libblas-dev, libboost-dev, libccfits-dev, libeigen3-dev, libfftw3-dev, libsopt-dev, libspdlog-dev, libtiff5-dev
Package-List:
 libpurify-dev deb libdevel optional arch=any
 libpurify2.0 deb libs optional arch=any
 purify deb science optional arch=any
Checksums-Sha1:
 3c9b37272218bae603d41ca2d02dd31b053de093 39428267 purify_2.0.0.orig.tar.gz
 e6014bfb47f20febd31d37d0b4e8098cf0609c38 19156 purify_2.0.0-6.debian.tar.xz
Checksums-Sha256:
 9a350a7e14a9368644e9d16a00e47a1e339a181fc2bffea7202b0aa61a9b6c90 39428267 purify_2.0.0.orig.tar.gz
 66abaf9b8fc82e6f157790a68e61b32575edc0e0f5edc9a2d32274133c4cea7c 19156 purify_2.0.0-6.debian.tar.xz
Files:
 d46d9871ec5be1bc175ac9854c634a6a 39428267 purify_2.0.0.orig.tar.gz
 04357a9fc3c45afb00dcf0ae72ec73b4 19156 purify_2.0.0-6.debian.tar.xz

-----BEGIN PGP SIGNATURE-----

iQJIBAEBCgAyFiEEPpmlJvXcwMu/HO6mALrnSzQzafEFAmEY3WgUHG5wYXRyYTk3
NEBnbWFpbC5jb20ACgkQALrnSzQzafEgqxAAmpjmy90BKaPnSq7+F2REUxcnH8NK
coUmA5DJN/Jp4jKk9v3zlueuUlhwJ419VttvX2mW6gyKx89MZioYm/kbA84L50n8
AM4eiul2HcGJiGHDl6vaVidDjBfT4QNhpe6a1rMCMjoEHjEWrretYloM4sSEKRGQ
8E+kHUQx8WjZIO5Z1JxCamsO29C7YrDChX0K5YEQD2NLJsCu6vnCFljjAVFrNaXH
iLeidlN0cvhVzUOuyVHmrmeGX15gnPCLFhDYauqcWPmLCWahp5x+iJ/sBh/Qv+yL
sUG3SR+4D80Y3tPeayzWOCccfdVjG4AZYXiKLA+xUFOJxZZU/iXajWUTIMvgIiQY
E0f24qXdDNZgEu3YjMZSIR4lg+3UK4MoFBLbUP9mm+688isKAURoR4ai8dvNQ+P0
qMkQGBzrc0lMnA0e31n35zvn7azlYL/S1hEn01Qugmut9Qk2kNqj99502ORSDhVt
Vu8WUBZZOLftkOZQ0NTwBviJiW8A1LH8CmgxfRQDrjnN4NbWnvbUKrhjuxxHwHFq
U4fOAwWRvbJTlCfCncd0ahMUl+l5w422xzfTmyvn6qdqUCHBv6nd08qL6u0bVCGD
A4irwFmMUXwhej6lA0hqPAVLPRcmTzdqvcCPFHtWLY2k3q6NWkb7h0CezoO+eAh2
3xBTViAhKS9RMSY=
=NHDO
-----END PGP SIGNATURE-----

gpgv: unknown type of key resource 'trustedkeys.kbx'
gpgv: keyblock resource '/tmp/dpkg-verify-sig.aXmm7ooa/trustedkeys.kbx': General error
gpgv: Signature made Sun Aug 15 09:24:56 2021 UTC
gpgv:                using RSA key 3E99A526F5DCC0CBBF1CEEA600BAE74B343369F1
gpgv:                issuer "npatra974@gmail.com"
gpgv: Can't check signature: No public key
dpkg-source: warning: failed to verify signature on ./purify_2.0.0-6.dsc
dpkg-source: info: extracting purify in /<<PKGBUILDDIR>>
dpkg-source: info: unpacking purify_2.0.0.orig.tar.gz
dpkg-source: info: unpacking purify_2.0.0-6.debian.tar.xz
dpkg-source: info: using patch list from debian/patches/series
dpkg-source: info: applying remove-GreatCMakeCookOff-dependency.patch
dpkg-source: info: applying Add-local-Eigen3-include-dir.patch
dpkg-source: info: applying Fix-executable-installation-issue.patch
dpkg-source: info: applying Fix-SOVERSION-and-library-name.patch
dpkg-source: info: applying Multiarch-patch.patch
dpkg-source: info: applying spdlog-modified-API.patch
dpkg-source: info: applying Add-spdlog-header.patch
dpkg-source: info: applying Disable-measurement_operator-test-on-aarch64.patch

Check disk space
----------------

Sufficient free space for build

User Environment
----------------

APT_CONFIG=/var/lib/sbuild/apt.conf
HOME=/sbuild-nonexistent
LANG=C.UTF-8
LC_ALL=C.UTF-8
LOGNAME=user42
PATH=/usr/local/sbin:/usr/local/bin:/usr/sbin:/usr/bin:/sbin:/bin:/usr/games
SCHROOT_ALIAS_NAME=unstable
SCHROOT_CHROOT_NAME=sid-amd64-sbuild
SCHROOT_COMMAND=env
SCHROOT_GID=1001
SCHROOT_GROUP=user42
SCHROOT_SESSION_ID=sid-amd64-sbuild-7790057a-ed95-4434-93f6-b9c8f558dd9c
SCHROOT_UID=1001
SCHROOT_USER=user42
SHELL=/bin/sh
USER=user42

dpkg-buildpackage
-----------------

Command: dpkg-buildpackage -us -uc -b -rfakeroot
dpkg-buildpackage: info: source package purify
dpkg-buildpackage: info: source version 2.0.0-6
dpkg-buildpackage: info: source distribution unstable
dpkg-buildpackage: info: source changed by Nilesh Patra <nilesh@debian.org>
 dpkg-source --before-build .
dpkg-buildpackage: info: host architecture amd64
 debian/rules clean
dh clean --buildsystem=cmake
   dh_auto_clean -O--buildsystem=cmake
   dh_autoreconf_clean -O--buildsystem=cmake
   dh_clean -O--buildsystem=cmake
 debian/rules binary
dh binary --buildsystem=cmake
   dh_update_autotools_config -O--buildsystem=cmake
   dh_autoreconf -O--buildsystem=cmake
   debian/rules override_dh_auto_configure
make[1]: Entering directory '/<<PKGBUILDDIR>>'
cp -r /usr/include/eigen3 .
cd eigen3 && patch -p1 < ../debian/eigen3_LukePratley.patch
patching file unsupported/Eigen/FFT
Hunk #3 succeeded at 385 (offset 1 line).
Hunk #4 succeeded at 436 (offset 1 line).
patching file unsupported/Eigen/src/FFT/ei_fftw_impl.h
Hunk #6 succeeded at 254 (offset 2 lines).
Hunk #7 succeeded at 270 (offset 2 lines).
dh_auto_configure -- -DDEB_HOST_MULTIARCH=`dpkg-architecture -qDEB_HOST_MULTIARCH`
	cd obj-x86_64-linux-gnu && cmake -DCMAKE_INSTALL_PREFIX=/usr -DCMAKE_BUILD_TYPE=None -DCMAKE_INSTALL_SYSCONFDIR=/etc -DCMAKE_INSTALL_LOCALSTATEDIR=/var -DCMAKE_EXPORT_NO_PACKAGE_REGISTRY=ON -DCMAKE_FIND_USE_PACKAGE_REGISTRY=OFF -DCMAKE_FIND_PACKAGE_NO_PACKAGE_REGISTRY=ON -DCMAKE_INSTALL_RUNSTATEDIR=/run -DCMAKE_SKIP_INSTALL_ALL_DEPENDENCY=ON "-GUnix Makefiles" -DCMAKE_VERBOSE_MAKEFILE=ON -DCMAKE_INSTALL_LIBDIR=lib/x86_64-linux-gnu -DDEB_HOST_MULTIARCH=x86_64-linux-gnu ..
CMake Deprecation Warning at CMakeLists.txt:1 (cmake_minimum_required):
  Compatibility with CMake < 2.8.12 will be removed from a future version of
  CMake.

  Update the VERSION argument <min> value or use a ...<max> suffix to tell
  CMake that the project does not need compatibility with older versions.


-- The C compiler identification is Clang 13.0.0
-- The CXX compiler identification is Clang 13.0.0
-- Detecting C compiler ABI info
-- Detecting C compiler ABI info - done
-- Check for working C compiler: /usr/bin/cc - skipped
-- Detecting C compile features
-- Detecting C compile features - done
-- Detecting CXX compiler ABI info
-- Detecting CXX compiler ABI info - done
-- Check for working CXX compiler: /usr/bin/c++ - skipped
-- Detecting CXX compile features
-- Detecting CXX compile features - done
-- Looking for pthread.h
-- Looking for pthread.h - found
-- Performing Test CMAKE_HAVE_LIBC_PTHREAD
-- Performing Test CMAKE_HAVE_LIBC_PTHREAD - Failed
-- Looking for pthread_create in pthreads
-- Looking for pthread_create in pthreads - not found
-- Looking for pthread_create in pthread
-- Looking for pthread_create in pthread - found
-- Found Threads: TRUE  
-- Found OpenMP_C: -fopenmp=libomp (found version "5.0") 
-- Found OpenMP_CXX: -fopenmp=libomp (found version "5.0") 
-- Found OpenMP: TRUE (found version "5.0")  
-- Found PkgConfig: /usr/bin/pkg-config (found version "0.29.2") 
-- Found FFTW3: /usr/lib/x86_64-linux-gnu/libfftw3.so;/usr/lib/x86_64-linux-gnu/libfftw3_omp.so (found version "3.3.8") found components: DOUBLE_SERIAL DOUBLE_OPENMP 
-- Found TIFF: /usr/lib/x86_64-linux-gnu/libtiff.so (found version "4.3.0")  
-- Found Boost: /usr/lib/x86_64-linux-gnu/cmake/Boost-1.74.0/BoostConfig.cmake (found version "1.74.0")  
-- If downloading Sopt locally, then it will be branch v2.0
-- Linking to sopt package in /usr/share/cmake/sopt
-- Found CFitsIO: /usr/lib/x86_64-linux-gnu/libcfitsio.so (found version "4.0") 
-- Found CCFits: /usr/include/CCfits  
-- Found CasaCore: casacore::casa;casacore::scimath_f;casacore::scimath;casacore::tables;casacore::measures;casacore::ms  
-- Configuring done
CMake Warning (dev) at cpp/purify/CMakeLists.txt:61 (add_dependencies):
  Policy CMP0046 is not set: Error on non-existent dependency in
  add_dependencies.  Run "cmake --help-policy CMP0046" for policy details.
  Use the cmake_policy command to set the policy and suppress this warning.

  The dependency target "lookup_dependencies" of target "libpurify" does not
  exist.
This warning is for project developers.  Use -Wno-dev to suppress it.

-- Generating done
CMake Warning:
  Manually-specified variables were not used by the project:

    CMAKE_FIND_PACKAGE_NO_PACKAGE_REGISTRY
    CMAKE_INSTALL_LIBDIR
    CMAKE_INSTALL_LOCALSTATEDIR
    CMAKE_INSTALL_RUNSTATEDIR
    CMAKE_INSTALL_SYSCONFDIR


-- Build files have been written to: /<<PKGBUILDDIR>>/obj-x86_64-linux-gnu
make[1]: Leaving directory '/<<PKGBUILDDIR>>'
   dh_auto_build -O--buildsystem=cmake
	cd obj-x86_64-linux-gnu && make -j4 "INSTALL=install --strip-program=true" VERBOSE=1
make[1]: Entering directory '/<<PKGBUILDDIR>>/obj-x86_64-linux-gnu'
/usr/bin/cmake -S/<<PKGBUILDDIR>> -B/<<PKGBUILDDIR>>/obj-x86_64-linux-gnu --check-build-system CMakeFiles/Makefile.cmake 0
/usr/bin/cmake -E cmake_progress_start /<<PKGBUILDDIR>>/obj-x86_64-linux-gnu/CMakeFiles /<<PKGBUILDDIR>>/obj-x86_64-linux-gnu//CMakeFiles/progress.marks
make  -f CMakeFiles/Makefile2 all
make[2]: Entering directory '/<<PKGBUILDDIR>>/obj-x86_64-linux-gnu'
make  -f cpp/purify/CMakeFiles/libpurify.dir/build.make cpp/purify/CMakeFiles/libpurify.dir/depend
make  -f cpp/tests/CMakeFiles/common_catch_main_object.dir/build.make cpp/tests/CMakeFiles/common_catch_main_object.dir/depend
make[3]: Entering directory '/<<PKGBUILDDIR>>/obj-x86_64-linux-gnu'
cd /<<PKGBUILDDIR>>/obj-x86_64-linux-gnu && /usr/bin/cmake -E cmake_depends "Unix Makefiles" /<<PKGBUILDDIR>> /<<PKGBUILDDIR>>/cpp/purify /<<PKGBUILDDIR>>/obj-x86_64-linux-gnu /<<PKGBUILDDIR>>/obj-x86_64-linux-gnu/cpp/purify /<<PKGBUILDDIR>>/obj-x86_64-linux-gnu/cpp/purify/CMakeFiles/libpurify.dir/DependInfo.cmake --color=
make[3]: Entering directory '/<<PKGBUILDDIR>>/obj-x86_64-linux-gnu'
cd /<<PKGBUILDDIR>>/obj-x86_64-linux-gnu && /usr/bin/cmake -E cmake_depends "Unix Makefiles" /<<PKGBUILDDIR>> /<<PKGBUILDDIR>>/cpp/tests /<<PKGBUILDDIR>>/obj-x86_64-linux-gnu /<<PKGBUILDDIR>>/obj-x86_64-linux-gnu/cpp/tests /<<PKGBUILDDIR>>/obj-x86_64-linux-gnu/cpp/tests/CMakeFiles/common_catch_main_object.dir/DependInfo.cmake --color=
make[3]: Leaving directory '/<<PKGBUILDDIR>>/obj-x86_64-linux-gnu'
make  -f cpp/purify/CMakeFiles/libpurify.dir/build.make cpp/purify/CMakeFiles/libpurify.dir/build
make[3]: Leaving directory '/<<PKGBUILDDIR>>/obj-x86_64-linux-gnu'
make  -f cpp/tests/CMakeFiles/common_catch_main_object.dir/build.make cpp/tests/CMakeFiles/common_catch_main_object.dir/build
make[3]: Entering directory '/<<PKGBUILDDIR>>/obj-x86_64-linux-gnu'
make[3]: Entering directory '/<<PKGBUILDDIR>>/obj-x86_64-linux-gnu'
[  4%] Building CXX object cpp/purify/CMakeFiles/libpurify.dir/MeasurementOperator.cc.o
cd /<<PKGBUILDDIR>>/obj-x86_64-linux-gnu/cpp/purify && /usr/bin/c++ -DFMT_LOCALE -DFMT_SHARED -DSPDLOG_FMT_EXTERNAL -Dlibpurify_EXPORTS -I/<<PKGBUILDDIR>>/eigen3 -I/<<PKGBUILDDIR>>/obj-x86_64-linux-gnu/include -I/<<PKGBUILDDIR>>/cpp -isystem /usr/include/eigen3 -isystem /usr/lib/x86_64-linux-gnu/openmpi/include/openmpi -isystem /usr/lib/x86_64-linux-gnu/openmpi/include -g -O2 -ffile-prefix-map=/<<PKGBUILDDIR>>=. -fstack-protector-strong -Wformat -Werror=format-security -Wdate-time -D_FORTIFY_SOURCE=2  -std=gnu++11 -fPIC -pthread -fopenmp=libomp -MD -MT cpp/purify/CMakeFiles/libpurify.dir/MeasurementOperator.cc.o -MF CMakeFiles/libpurify.dir/MeasurementOperator.cc.o.d -o CMakeFiles/libpurify.dir/MeasurementOperator.cc.o -c /<<PKGBUILDDIR>>/cpp/purify/MeasurementOperator.cc
[  8%] Building CXX object cpp/purify/CMakeFiles/libpurify.dir/FFTOperator.cc.o
[ 12%] Building CXX object cpp/tests/CMakeFiles/common_catch_main_object.dir/__/__/common_catch_main.cc.o
cd /<<PKGBUILDDIR>>/obj-x86_64-linux-gnu/cpp/purify && /usr/bin/c++ -DFMT_LOCALE -DFMT_SHARED -DSPDLOG_FMT_EXTERNAL -Dlibpurify_EXPORTS -I/<<PKGBUILDDIR>>/eigen3 -I/<<PKGBUILDDIR>>/obj-x86_64-linux-gnu/include -I/<<PKGBUILDDIR>>/cpp -isystem /usr/include/eigen3 -isystem /usr/lib/x86_64-linux-gnu/openmpi/include/openmpi -isystem /usr/lib/x86_64-linux-gnu/openmpi/include -g -O2 -ffile-prefix-map=/<<PKGBUILDDIR>>=. -fstack-protector-strong -Wformat -Werror=format-security -Wdate-time -D_FORTIFY_SOURCE=2  -std=gnu++11 -fPIC -pthread -fopenmp=libomp -MD -MT cpp/purify/CMakeFiles/libpurify.dir/FFTOperator.cc.o -MF CMakeFiles/libpurify.dir/FFTOperator.cc.o.d -o CMakeFiles/libpurify.dir/FFTOperator.cc.o -c /<<PKGBUILDDIR>>/cpp/purify/FFTOperator.cc
cd /<<PKGBUILDDIR>>/obj-x86_64-linux-gnu/cpp/tests && /usr/bin/c++ -DSPDLOG_FMT_EXTERNAL -I/<<PKGBUILDDIR>>/eigen3 -I/<<PKGBUILDDIR>>/cpp -I/<<PKGBUILDDIR>>/obj-x86_64-linux-gnu/cpp/tests/include/purify -g -O2 -ffile-prefix-map=/<<PKGBUILDDIR>>=. -fstack-protector-strong -Wformat -Werror=format-security -Wdate-time -D_FORTIFY_SOURCE=2  -std=gnu++11 -pthread -MD -MT cpp/tests/CMakeFiles/common_catch_main_object.dir/__/__/common_catch_main.cc.o -MF CMakeFiles/common_catch_main_object.dir/__/__/common_catch_main.cc.o.d -o CMakeFiles/common_catch_main_object.dir/__/__/common_catch_main.cc.o -c /<<PKGBUILDDIR>>/obj-x86_64-linux-gnu/common_catch_main.cc
[ 16%] Building CXX object cpp/purify/CMakeFiles/libpurify.dir/clean.cc.o
cd /<<PKGBUILDDIR>>/obj-x86_64-linux-gnu/cpp/purify && /usr/bin/c++ -DFMT_LOCALE -DFMT_SHARED -DSPDLOG_FMT_EXTERNAL -Dlibpurify_EXPORTS -I/<<PKGBUILDDIR>>/eigen3 -I/<<PKGBUILDDIR>>/obj-x86_64-linux-gnu/include -I/<<PKGBUILDDIR>>/cpp -isystem /usr/include/eigen3 -isystem /usr/lib/x86_64-linux-gnu/openmpi/include/openmpi -isystem /usr/lib/x86_64-linux-gnu/openmpi/include -g -O2 -ffile-prefix-map=/<<PKGBUILDDIR>>=. -fstack-protector-strong -Wformat -Werror=format-security -Wdate-time -D_FORTIFY_SOURCE=2  -std=gnu++11 -fPIC -pthread -fopenmp=libomp -MD -MT cpp/purify/CMakeFiles/libpurify.dir/clean.cc.o -MF CMakeFiles/libpurify.dir/clean.cc.o.d -o CMakeFiles/libpurify.dir/clean.cc.o -c /<<PKGBUILDDIR>>/cpp/purify/clean.cc
In file included from /<<PKGBUILDDIR>>/cpp/purify/FFTOperator.cc:2:
In file included from /<<PKGBUILDDIR>>/cpp/purify/FFTOperator.h:12:
/<<PKGBUILDDIR>>/eigen3/unsupported/Eigen/FFT:283:44: warning: | has lower precedence than !=; != will be evaluated first [-Wparentheses]
        if (FFTW_plan_flag != FFTW_ESTIMATE|FFTW_PRESERVE_INPUT)
            ~~~~~~~~~~~~~~~~~~~~~~~~~~~~~~~^
/<<PKGBUILDDIR>>/eigen3/unsupported/Eigen/FFT:283:44: note: place parentheses around the '!=' expression to silence this warning
        if (FFTW_plan_flag != FFTW_ESTIMATE|FFTW_PRESERVE_INPUT)
            ~~~~~~~~~~~~~~~~~~~~~~~~~~~~~~~^
/<<PKGBUILDDIR>>/eigen3/unsupported/Eigen/FFT:283:44: note: place parentheses around the | expression to evaluate it first
        if (FFTW_plan_flag != FFTW_ESTIMATE|FFTW_PRESERVE_INPUT)
                              ~~~~~~~~~~~~~^~~~~~~~~~~~~~~~~~~~
/<<PKGBUILDDIR>>/eigen3/unsupported/Eigen/FFT:416:44: warning: | has lower precedence than !=; != will be evaluated first [-Wparentheses]
        if (FFTW_plan_flag != FFTW_ESTIMATE|FFTW_PRESERVE_INPUT)
            ~~~~~~~~~~~~~~~~~~~~~~~~~~~~~~~^
/<<PKGBUILDDIR>>/eigen3/unsupported/Eigen/FFT:416:44: note: place parentheses around the '!=' expression to silence this warning
        if (FFTW_plan_flag != FFTW_ESTIMATE|FFTW_PRESERVE_INPUT)
            ~~~~~~~~~~~~~~~~~~~~~~~~~~~~~~~^
/<<PKGBUILDDIR>>/eigen3/unsupported/Eigen/FFT:416:44: note: place parentheses around the | expression to evaluate it first
        if (FFTW_plan_flag != FFTW_ESTIMATE|FFTW_PRESERVE_INPUT)
                              ~~~~~~~~~~~~~^~~~~~~~~~~~~~~~~~~~
In file included from /<<PKGBUILDDIR>>/cpp/purify/clean.cc:2:
In file included from /<<PKGBUILDDIR>>/cpp/purify/clean.h:9:
In file included from /<<PKGBUILDDIR>>/cpp/purify/FFTOperator.h:12:
/<<PKGBUILDDIR>>/eigen3/unsupported/Eigen/FFT:283:44: warning: | has lower precedence than !=; != will be evaluated first [-Wparentheses]
        if (FFTW_plan_flag != FFTW_ESTIMATE|FFTW_PRESERVE_INPUT)
            ~~~~~~~~~~~~~~~~~~~~~~~~~~~~~~~^
/<<PKGBUILDDIR>>/eigen3/unsupported/Eigen/FFT:283:44: note: place parentheses around the '!=' expression to silence this warning
        if (FFTW_plan_flag != FFTW_ESTIMATE|FFTW_PRESERVE_INPUT)
            ~~~~~~~~~~~~~~~~~~~~~~~~~~~~~~~^
/<<PKGBUILDDIR>>/eigen3/unsupported/Eigen/FFT:283:44: note: place parentheses around the | expression to evaluate it first
        if (FFTW_plan_flag != FFTW_ESTIMATE|FFTW_PRESERVE_INPUT)
                              ~~~~~~~~~~~~~^~~~~~~~~~~~~~~~~~~~
/<<PKGBUILDDIR>>/eigen3/unsupported/Eigen/FFT:416:44: warning: | has lower precedence than !=; != will be evaluated first [-Wparentheses]
        if (FFTW_plan_flag != FFTW_ESTIMATE|FFTW_PRESERVE_INPUT)
            ~~~~~~~~~~~~~~~~~~~~~~~~~~~~~~~^
/<<PKGBUILDDIR>>/eigen3/unsupported/Eigen/FFT:416:44: note: place parentheses around the '!=' expression to silence this warning
        if (FFTW_plan_flag != FFTW_ESTIMATE|FFTW_PRESERVE_INPUT)
            ~~~~~~~~~~~~~~~~~~~~~~~~~~~~~~~^
/<<PKGBUILDDIR>>/eigen3/unsupported/Eigen/FFT:416:44: note: place parentheses around the | expression to evaluate it first
        if (FFTW_plan_flag != FFTW_ESTIMATE|FFTW_PRESERVE_INPUT)
                              ~~~~~~~~~~~~~^~~~~~~~~~~~~~~~~~~~
In file included from /<<PKGBUILDDIR>>/cpp/purify/MeasurementOperator.cc:2:
In file included from /<<PKGBUILDDIR>>/cpp/purify/MeasurementOperator.h:6:
In file included from /<<PKGBUILDDIR>>/cpp/purify/FFTOperator.h:12:
/<<PKGBUILDDIR>>/eigen3/unsupported/Eigen/FFT:283:44: warning: | has lower precedence than !=; != will be evaluated first [-Wparentheses]
        if (FFTW_plan_flag != FFTW_ESTIMATE|FFTW_PRESERVE_INPUT)
            ~~~~~~~~~~~~~~~~~~~~~~~~~~~~~~~^
/<<PKGBUILDDIR>>/eigen3/unsupported/Eigen/FFT:283:44: note: place parentheses around the '!=' expression to silence this warning
        if (FFTW_plan_flag != FFTW_ESTIMATE|FFTW_PRESERVE_INPUT)
            ~~~~~~~~~~~~~~~~~~~~~~~~~~~~~~~^
/<<PKGBUILDDIR>>/eigen3/unsupported/Eigen/FFT:283:44: note: place parentheses around the | expression to evaluate it first
        if (FFTW_plan_flag != FFTW_ESTIMATE|FFTW_PRESERVE_INPUT)
                              ~~~~~~~~~~~~~^~~~~~~~~~~~~~~~~~~~
/<<PKGBUILDDIR>>/eigen3/unsupported/Eigen/FFT:416:44: warning: | has lower precedence than !=; != will be evaluated first [-Wparentheses]
        if (FFTW_plan_flag != FFTW_ESTIMATE|FFTW_PRESERVE_INPUT)
            ~~~~~~~~~~~~~~~~~~~~~~~~~~~~~~~^
/<<PKGBUILDDIR>>/eigen3/unsupported/Eigen/FFT:416:44: note: place parentheses around the '!=' expression to silence this warning
        if (FFTW_plan_flag != FFTW_ESTIMATE|FFTW_PRESERVE_INPUT)
            ~~~~~~~~~~~~~~~~~~~~~~~~~~~~~~~^
/<<PKGBUILDDIR>>/eigen3/unsupported/Eigen/FFT:416:44: note: place parentheses around the | expression to evaluate it first
        if (FFTW_plan_flag != FFTW_ESTIMATE|FFTW_PRESERVE_INPUT)
                              ~~~~~~~~~~~~~^~~~~~~~~~~~~~~~~~~~
2 warnings generated.
[ 20%] Building CXX object cpp/purify/CMakeFiles/libpurify.dir/utilities.cc.o
cd /<<PKGBUILDDIR>>/obj-x86_64-linux-gnu/cpp/purify && /usr/bin/c++ -DFMT_LOCALE -DFMT_SHARED -DSPDLOG_FMT_EXTERNAL -Dlibpurify_EXPORTS -I/<<PKGBUILDDIR>>/eigen3 -I/<<PKGBUILDDIR>>/obj-x86_64-linux-gnu/include -I/<<PKGBUILDDIR>>/cpp -isystem /usr/include/eigen3 -isystem /usr/lib/x86_64-linux-gnu/openmpi/include/openmpi -isystem /usr/lib/x86_64-linux-gnu/openmpi/include -g -O2 -ffile-prefix-map=/<<PKGBUILDDIR>>=. -fstack-protector-strong -Wformat -Werror=format-security -Wdate-time -D_FORTIFY_SOURCE=2  -std=gnu++11 -fPIC -pthread -fopenmp=libomp -MD -MT cpp/purify/CMakeFiles/libpurify.dir/utilities.cc.o -MF CMakeFiles/libpurify.dir/utilities.cc.o.d -o CMakeFiles/libpurify.dir/utilities.cc.o -c /<<PKGBUILDDIR>>/cpp/purify/utilities.cc
In file included from /<<PKGBUILDDIR>>/cpp/purify/utilities.cc:3:
In file included from /<<PKGBUILDDIR>>/cpp/purify/utilities.h:13:
In file included from /<<PKGBUILDDIR>>/cpp/purify/FFTOperator.h:12:
/<<PKGBUILDDIR>>/eigen3/unsupported/Eigen/FFT:283:44: warning: | has lower precedence than !=; != will be evaluated first [-Wparentheses]
        if (FFTW_plan_flag != FFTW_ESTIMATE|FFTW_PRESERVE_INPUT)
            ~~~~~~~~~~~~~~~~~~~~~~~~~~~~~~~^
/<<PKGBUILDDIR>>/eigen3/unsupported/Eigen/FFT:283:44: note: place parentheses around the '!=' expression to silence this warning
        if (FFTW_plan_flag != FFTW_ESTIMATE|FFTW_PRESERVE_INPUT)
            ~~~~~~~~~~~~~~~~~~~~~~~~~~~~~~~^
/<<PKGBUILDDIR>>/eigen3/unsupported/Eigen/FFT:283:44: note: place parentheses around the | expression to evaluate it first
        if (FFTW_plan_flag != FFTW_ESTIMATE|FFTW_PRESERVE_INPUT)
                              ~~~~~~~~~~~~~^~~~~~~~~~~~~~~~~~~~
/<<PKGBUILDDIR>>/eigen3/unsupported/Eigen/FFT:416:44: warning: | has lower precedence than !=; != will be evaluated first [-Wparentheses]
        if (FFTW_plan_flag != FFTW_ESTIMATE|FFTW_PRESERVE_INPUT)
            ~~~~~~~~~~~~~~~~~~~~~~~~~~~~~~~^
/<<PKGBUILDDIR>>/eigen3/unsupported/Eigen/FFT:416:44: note: place parentheses around the '!=' expression to silence this warning
        if (FFTW_plan_flag != FFTW_ESTIMATE|FFTW_PRESERVE_INPUT)
            ~~~~~~~~~~~~~~~~~~~~~~~~~~~~~~~^
/<<PKGBUILDDIR>>/eigen3/unsupported/Eigen/FFT:416:44: note: place parentheses around the | expression to evaluate it first
        if (FFTW_plan_flag != FFTW_ESTIMATE|FFTW_PRESERVE_INPUT)
                              ~~~~~~~~~~~~~^~~~~~~~~~~~~~~~~~~~
make[3]: Leaving directory '/<<PKGBUILDDIR>>/obj-x86_64-linux-gnu'
[ 20%] Built target common_catch_main_object
[ 24%] Building CXX object cpp/purify/CMakeFiles/libpurify.dir/pfitsio.cc.o
cd /<<PKGBUILDDIR>>/obj-x86_64-linux-gnu/cpp/purify && /usr/bin/c++ -DFMT_LOCALE -DFMT_SHARED -DSPDLOG_FMT_EXTERNAL -Dlibpurify_EXPORTS -I/<<PKGBUILDDIR>>/eigen3 -I/<<PKGBUILDDIR>>/obj-x86_64-linux-gnu/include -I/<<PKGBUILDDIR>>/cpp -isystem /usr/include/eigen3 -isystem /usr/lib/x86_64-linux-gnu/openmpi/include/openmpi -isystem /usr/lib/x86_64-linux-gnu/openmpi/include -g -O2 -ffile-prefix-map=/<<PKGBUILDDIR>>=. -fstack-protector-strong -Wformat -Werror=format-security -Wdate-time -D_FORTIFY_SOURCE=2  -std=gnu++11 -fPIC -pthread -fopenmp=libomp -MD -MT cpp/purify/CMakeFiles/libpurify.dir/pfitsio.cc.o -MF CMakeFiles/libpurify.dir/pfitsio.cc.o.d -o CMakeFiles/libpurify.dir/pfitsio.cc.o -c /<<PKGBUILDDIR>>/cpp/purify/pfitsio.cc
In file included from /<<PKGBUILDDIR>>/cpp/purify/MeasurementOperator.cc:2:
In file included from /<<PKGBUILDDIR>>/cpp/purify/MeasurementOperator.h:9:
/<<PKGBUILDDIR>>/cpp/purify/utilities.h:110:46: warning: loop not vectorized: the optimizer was unable to perform the requested transformation; the transformation might be disabled or specified as part of an unsupported transformation ordering [-Wpass-failed=transform-warning]
template <class K, class L> Image<t_complex> parallel_multiply_image(const K &A, const L &B) {
                                             ^
/<<PKGBUILDDIR>>/cpp/purify/utilities.h:110:46: note: could not determine the original source location for ./cpp/purify/utilities.h:115:1
/<<PKGBUILDDIR>>/cpp/purify/utilities.h:110:46: note: could not determine the original source location for ./cpp/purify/utilities.h:115:1
/<<PKGBUILDDIR>>/cpp/purify/utilities.h:110:46: warning: loop not vectorized: the optimizer was unable to perform the requested transformation; the transformation might be disabled or specified as part of an unsupported transformation ordering [-Wpass-failed=transform-warning]
template <class K, class L> Image<t_complex> parallel_multiply_image(const K &A, const L &B) {
                                             ^
/<<PKGBUILDDIR>>/cpp/purify/utilities.h:110:46: note: could not determine the original source location for ./cpp/purify/utilities.h:115:1
/<<PKGBUILDDIR>>/cpp/purify/MeasurementOperator.cc:67:22: note: could not determine the original source location for ./cpp/purify/MeasurementOperator.cc:102:13
MeasurementOperator::init_interpolation_matrix2d(const Vector<t_real> &u, const Vector<t_real> &v,
                     ^
/<<PKGBUILDDIR>>/cpp/purify/MeasurementOperator.cc:67:22: warning: loop not vectorized: the optimizer was unable to perform the requested transformation; the transformation might be disabled or specified as part of an unsupported transformation ordering [-Wpass-failed=transform-warning]
MeasurementOperator::init_interpolation_matrix2d(const Vector<t_real> &u, const Vector<t_real> &v,
                     ^
/<<PKGBUILDDIR>>/cpp/purify/MeasurementOperator.cc:67:22: note: could not determine the original source location for ./cpp/purify/MeasurementOperator.cc:96:1
2 warnings generated.
[ 28%] Building CXX object cpp/purify/CMakeFiles/libpurify.dir/kernels.cc.o
cd /<<PKGBUILDDIR>>/obj-x86_64-linux-gnu/cpp/purify && /usr/bin/c++ -DFMT_LOCALE -DFMT_SHARED -DSPDLOG_FMT_EXTERNAL -Dlibpurify_EXPORTS -I/<<PKGBUILDDIR>>/eigen3 -I/<<PKGBUILDDIR>>/obj-x86_64-linux-gnu/include -I/<<PKGBUILDDIR>>/cpp -isystem /usr/include/eigen3 -isystem /usr/lib/x86_64-linux-gnu/openmpi/include/openmpi -isystem /usr/lib/x86_64-linux-gnu/openmpi/include -g -O2 -ffile-prefix-map=/<<PKGBUILDDIR>>=. -fstack-protector-strong -Wformat -Werror=format-security -Wdate-time -D_FORTIFY_SOURCE=2  -std=gnu++11 -fPIC -pthread -fopenmp=libomp -MD -MT cpp/purify/CMakeFiles/libpurify.dir/kernels.cc.o -MF CMakeFiles/libpurify.dir/kernels.cc.o.d -o CMakeFiles/libpurify.dir/kernels.cc.o -c /<<PKGBUILDDIR>>/cpp/purify/kernels.cc
In file included from /<<PKGBUILDDIR>>/cpp/purify/pfitsio.cc:2:
In file included from /<<PKGBUILDDIR>>/cpp/purify/pfitsio.h:9:
In file included from /<<PKGBUILDDIR>>/cpp/purify/utilities.h:13:
In file included from /<<PKGBUILDDIR>>/cpp/purify/FFTOperator.h:12:
/<<PKGBUILDDIR>>/eigen3/unsupported/Eigen/FFT:283:44: warning: | has lower precedence than !=; != will be evaluated first [-Wparentheses]
        if (FFTW_plan_flag != FFTW_ESTIMATE|FFTW_PRESERVE_INPUT)
            ~~~~~~~~~~~~~~~~~~~~~~~~~~~~~~~^
/<<PKGBUILDDIR>>/eigen3/unsupported/Eigen/FFT:283:44: note: place parentheses around the '!=' expression to silence this warning
        if (FFTW_plan_flag != FFTW_ESTIMATE|FFTW_PRESERVE_INPUT)
            ~~~~~~~~~~~~~~~~~~~~~~~~~~~~~~~^
/<<PKGBUILDDIR>>/eigen3/unsupported/Eigen/FFT:283:44: note: place parentheses around the | expression to evaluate it first
        if (FFTW_plan_flag != FFTW_ESTIMATE|FFTW_PRESERVE_INPUT)
                              ~~~~~~~~~~~~~^~~~~~~~~~~~~~~~~~~~
/<<PKGBUILDDIR>>/eigen3/unsupported/Eigen/FFT:416:44: warning: | has lower precedence than !=; != will be evaluated first [-Wparentheses]
        if (FFTW_plan_flag != FFTW_ESTIMATE|FFTW_PRESERVE_INPUT)
            ~~~~~~~~~~~~~~~~~~~~~~~~~~~~~~~^
/<<PKGBUILDDIR>>/eigen3/unsupported/Eigen/FFT:416:44: note: place parentheses around the '!=' expression to silence this warning
        if (FFTW_plan_flag != FFTW_ESTIMATE|FFTW_PRESERVE_INPUT)
            ~~~~~~~~~~~~~~~~~~~~~~~~~~~~~~~^
/<<PKGBUILDDIR>>/eigen3/unsupported/Eigen/FFT:416:44: note: place parentheses around the | expression to evaluate it first
        if (FFTW_plan_flag != FFTW_ESTIMATE|FFTW_PRESERVE_INPUT)
                              ~~~~~~~~~~~~~^~~~~~~~~~~~~~~~~~~~
/<<PKGBUILDDIR>>/cpp/purify/pfitsio.cc:103:8: warning: 'auto_ptr<CCfits::FITS>' is deprecated: use 'std::unique_ptr' instead [-Wdeprecated-declarations]
  std::auto_ptr<CCfits::FITS> pInfile(new CCfits::FITS(fits_name, CCfits::Read, true));
       ^
/usr/bin/../lib/gcc/x86_64-linux-gnu/11/../../../../include/c++/11/backward/auto_ptr.h:287:7: note: 'auto_ptr<CCfits::FITS>' has been explicitly marked deprecated here
    } _GLIBCXX11_DEPRECATED_SUGGEST("std::unique_ptr");
      ^
/usr/bin/../lib/gcc/x86_64-linux-gnu/11/../../../../include/x86_64-linux-gnu/c++/11/bits/c++config.h:102:45: note: expanded from macro '_GLIBCXX11_DEPRECATED_SUGGEST'
# define _GLIBCXX11_DEPRECATED_SUGGEST(ALT) _GLIBCXX_DEPRECATED_SUGGEST(ALT)
                                            ^
/usr/bin/../lib/gcc/x86_64-linux-gnu/11/../../../../include/x86_64-linux-gnu/c++/11/bits/c++config.h:94:19: note: expanded from macro '_GLIBCXX_DEPRECATED_SUGGEST'
  __attribute__ ((__deprecated__ ("use '" ALT "' instead")))
                  ^
5 warnings generated.
[ 32%] Building CXX object cpp/purify/CMakeFiles/libpurify.dir/RMOperator.cc.o
cd /<<PKGBUILDDIR>>/obj-x86_64-linux-gnu/cpp/purify && /usr/bin/c++ -DFMT_LOCALE -DFMT_SHARED -DSPDLOG_FMT_EXTERNAL -Dlibpurify_EXPORTS -I/<<PKGBUILDDIR>>/eigen3 -I/<<PKGBUILDDIR>>/obj-x86_64-linux-gnu/include -I/<<PKGBUILDDIR>>/cpp -isystem /usr/include/eigen3 -isystem /usr/lib/x86_64-linux-gnu/openmpi/include/openmpi -isystem /usr/lib/x86_64-linux-gnu/openmpi/include -g -O2 -ffile-prefix-map=/<<PKGBUILDDIR>>=. -fstack-protector-strong -Wformat -Werror=format-security -Wdate-time -D_FORTIFY_SOURCE=2  -std=gnu++11 -fPIC -pthread -fopenmp=libomp -MD -MT cpp/purify/CMakeFiles/libpurify.dir/RMOperator.cc.o -MF CMakeFiles/libpurify.dir/RMOperator.cc.o.d -o CMakeFiles/libpurify.dir/RMOperator.cc.o -c /<<PKGBUILDDIR>>/cpp/purify/RMOperator.cc
3 warnings generated.
[ 36%] Building CXX object cpp/purify/CMakeFiles/libpurify.dir/PSFOperator.cc.o
cd /<<PKGBUILDDIR>>/obj-x86_64-linux-gnu/cpp/purify && /usr/bin/c++ -DFMT_LOCALE -DFMT_SHARED -DSPDLOG_FMT_EXTERNAL -Dlibpurify_EXPORTS -I/<<PKGBUILDDIR>>/eigen3 -I/<<PKGBUILDDIR>>/obj-x86_64-linux-gnu/include -I/<<PKGBUILDDIR>>/cpp -isystem /usr/include/eigen3 -isystem /usr/lib/x86_64-linux-gnu/openmpi/include/openmpi -isystem /usr/lib/x86_64-linux-gnu/openmpi/include -g -O2 -ffile-prefix-map=/<<PKGBUILDDIR>>=. -fstack-protector-strong -Wformat -Werror=format-security -Wdate-time -D_FORTIFY_SOURCE=2  -std=gnu++11 -fPIC -pthread -fopenmp=libomp -MD -MT cpp/purify/CMakeFiles/libpurify.dir/PSFOperator.cc.o -MF CMakeFiles/libpurify.dir/PSFOperator.cc.o.d -o CMakeFiles/libpurify.dir/PSFOperator.cc.o -c /<<PKGBUILDDIR>>/cpp/purify/PSFOperator.cc
In file included from /<<PKGBUILDDIR>>/cpp/purify/RMOperator.cc:2:
In file included from /<<PKGBUILDDIR>>/cpp/purify/RMOperator.h:5:
In file included from /<<PKGBUILDDIR>>/cpp/purify/FFTOperator.h:12:
/<<PKGBUILDDIR>>/eigen3/unsupported/Eigen/FFT:283:44: warning: | has lower precedence than !=; != will be evaluated first [-Wparentheses]
        if (FFTW_plan_flag != FFTW_ESTIMATE|FFTW_PRESERVE_INPUT)
            ~~~~~~~~~~~~~~~~~~~~~~~~~~~~~~~^
/<<PKGBUILDDIR>>/eigen3/unsupported/Eigen/FFT:283:44: note: place parentheses around the '!=' expression to silence this warning
        if (FFTW_plan_flag != FFTW_ESTIMATE|FFTW_PRESERVE_INPUT)
            ~~~~~~~~~~~~~~~~~~~~~~~~~~~~~~~^
/<<PKGBUILDDIR>>/eigen3/unsupported/Eigen/FFT:283:44: note: place parentheses around the | expression to evaluate it first
        if (FFTW_plan_flag != FFTW_ESTIMATE|FFTW_PRESERVE_INPUT)
                              ~~~~~~~~~~~~~^~~~~~~~~~~~~~~~~~~~
/<<PKGBUILDDIR>>/eigen3/unsupported/Eigen/FFT:416:44: warning: | has lower precedence than !=; != will be evaluated first [-Wparentheses]
        if (FFTW_plan_flag != FFTW_ESTIMATE|FFTW_PRESERVE_INPUT)
            ~~~~~~~~~~~~~~~~~~~~~~~~~~~~~~~^
/<<PKGBUILDDIR>>/eigen3/unsupported/Eigen/FFT:416:44: note: place parentheses around the '!=' expression to silence this warning
        if (FFTW_plan_flag != FFTW_ESTIMATE|FFTW_PRESERVE_INPUT)
            ~~~~~~~~~~~~~~~~~~~~~~~~~~~~~~~^
/<<PKGBUILDDIR>>/eigen3/unsupported/Eigen/FFT:416:44: note: place parentheses around the | expression to evaluate it first
        if (FFTW_plan_flag != FFTW_ESTIMATE|FFTW_PRESERVE_INPUT)
                              ~~~~~~~~~~~~~^~~~~~~~~~~~~~~~~~~~
[ 40%] Building CXX object cpp/purify/CMakeFiles/libpurify.dir/casacore.cc.o
cd /<<PKGBUILDDIR>>/obj-x86_64-linux-gnu/cpp/purify && /usr/bin/c++ -DFMT_LOCALE -DFMT_SHARED -DSPDLOG_FMT_EXTERNAL -Dlibpurify_EXPORTS -I/<<PKGBUILDDIR>>/eigen3 -I/<<PKGBUILDDIR>>/obj-x86_64-linux-gnu/include -I/<<PKGBUILDDIR>>/cpp -isystem /usr/include/eigen3 -isystem /usr/lib/x86_64-linux-gnu/openmpi/include/openmpi -isystem /usr/lib/x86_64-linux-gnu/openmpi/include -g -O2 -ffile-prefix-map=/<<PKGBUILDDIR>>=. -fstack-protector-strong -Wformat -Werror=format-security -Wdate-time -D_FORTIFY_SOURCE=2  -std=gnu++11 -fPIC -pthread -fopenmp=libomp -MD -MT cpp/purify/CMakeFiles/libpurify.dir/casacore.cc.o -MF CMakeFiles/libpurify.dir/casacore.cc.o.d -o CMakeFiles/libpurify.dir/casacore.cc.o -c /<<PKGBUILDDIR>>/cpp/purify/casacore.cc
In file included from /<<PKGBUILDDIR>>/cpp/purify/PSFOperator.cc:2:
In file included from /<<PKGBUILDDIR>>/cpp/purify/PSFOperator.h:5:
In file included from /<<PKGBUILDDIR>>/cpp/purify/FFTOperator.h:12:
/<<PKGBUILDDIR>>/eigen3/unsupported/Eigen/FFT:283:44: warning: | has lower precedence than !=; != will be evaluated first [-Wparentheses]
        if (FFTW_plan_flag != FFTW_ESTIMATE|FFTW_PRESERVE_INPUT)
            ~~~~~~~~~~~~~~~~~~~~~~~~~~~~~~~^
/<<PKGBUILDDIR>>/eigen3/unsupported/Eigen/FFT:283:44: note: place parentheses around the '!=' expression to silence this warning
        if (FFTW_plan_flag != FFTW_ESTIMATE|FFTW_PRESERVE_INPUT)
            ~~~~~~~~~~~~~~~~~~~~~~~~~~~~~~~^
/<<PKGBUILDDIR>>/eigen3/unsupported/Eigen/FFT:283:44: note: place parentheses around the | expression to evaluate it first
        if (FFTW_plan_flag != FFTW_ESTIMATE|FFTW_PRESERVE_INPUT)
                              ~~~~~~~~~~~~~^~~~~~~~~~~~~~~~~~~~
/<<PKGBUILDDIR>>/eigen3/unsupported/Eigen/FFT:416:44: warning: | has lower precedence than !=; != will be evaluated first [-Wparentheses]
        if (FFTW_plan_flag != FFTW_ESTIMATE|FFTW_PRESERVE_INPUT)
            ~~~~~~~~~~~~~~~~~~~~~~~~~~~~~~~^
/<<PKGBUILDDIR>>/eigen3/unsupported/Eigen/FFT:416:44: note: place parentheses around the '!=' expression to silence this warning
        if (FFTW_plan_flag != FFTW_ESTIMATE|FFTW_PRESERVE_INPUT)
            ~~~~~~~~~~~~~~~~~~~~~~~~~~~~~~~^
/<<PKGBUILDDIR>>/eigen3/unsupported/Eigen/FFT:416:44: note: place parentheses around the | expression to evaluate it first
        if (FFTW_plan_flag != FFTW_ESTIMATE|FFTW_PRESERVE_INPUT)
                              ~~~~~~~~~~~~~^~~~~~~~~~~~~~~~~~~~
In file included from /<<PKGBUILDDIR>>/cpp/purify/casacore.cc:5:
In file included from /<<PKGBUILDDIR>>/cpp/purify/casacore.h:17:
In file included from /<<PKGBUILDDIR>>/cpp/purify/utilities.h:13:
In file included from /<<PKGBUILDDIR>>/cpp/purify/FFTOperator.h:12:
/<<PKGBUILDDIR>>/eigen3/unsupported/Eigen/FFT:283:44: warning: | has lower precedence than !=; != will be evaluated first [-Wparentheses]
        if (FFTW_plan_flag != FFTW_ESTIMATE|FFTW_PRESERVE_INPUT)
            ~~~~~~~~~~~~~~~~~~~~~~~~~~~~~~~^
/<<PKGBUILDDIR>>/eigen3/unsupported/Eigen/FFT:283:44: note: place parentheses around the '!=' expression to silence this warning
        if (FFTW_plan_flag != FFTW_ESTIMATE|FFTW_PRESERVE_INPUT)
            ~~~~~~~~~~~~~~~~~~~~~~~~~~~~~~~^
/<<PKGBUILDDIR>>/eigen3/unsupported/Eigen/FFT:283:44: note: place parentheses around the | expression to evaluate it first
        if (FFTW_plan_flag != FFTW_ESTIMATE|FFTW_PRESERVE_INPUT)
                              ~~~~~~~~~~~~~^~~~~~~~~~~~~~~~~~~~
/<<PKGBUILDDIR>>/eigen3/unsupported/Eigen/FFT:416:44: warning: | has lower precedence than !=; != will be evaluated first [-Wparentheses]
        if (FFTW_plan_flag != FFTW_ESTIMATE|FFTW_PRESERVE_INPUT)
            ~~~~~~~~~~~~~~~~~~~~~~~~~~~~~~~^
/<<PKGBUILDDIR>>/eigen3/unsupported/Eigen/FFT:416:44: note: place parentheses around the '!=' expression to silence this warning
        if (FFTW_plan_flag != FFTW_ESTIMATE|FFTW_PRESERVE_INPUT)
            ~~~~~~~~~~~~~~~~~~~~~~~~~~~~~~~^
/<<PKGBUILDDIR>>/eigen3/unsupported/Eigen/FFT:416:44: note: place parentheses around the | expression to evaluate it first
        if (FFTW_plan_flag != FFTW_ESTIMATE|FFTW_PRESERVE_INPUT)
                              ~~~~~~~~~~~~~^~~~~~~~~~~~~~~~~~~~
2 warnings generated.
2 warnings generated.
2 warnings generated.
2 warnings generated.
[ 44%] Linking CXX shared library libpurify.so
cd /<<PKGBUILDDIR>>/obj-x86_64-linux-gnu/cpp/purify && /usr/bin/cmake -E cmake_link_script CMakeFiles/libpurify.dir/link.txt --verbose=1
/usr/bin/c++ -fPIC -g -O2 -ffile-prefix-map=/<<PKGBUILDDIR>>=. -fstack-protector-strong -Wformat -Werror=format-security -Wdate-time -D_FORTIFY_SOURCE=2  -std=gnu++11 -Wl,-z,relro -Wl,-z,now -shared -Wl,-soname,libpurify.so.2.0 -o libpurify.so.2.0.0 CMakeFiles/libpurify.dir/MeasurementOperator.cc.o CMakeFiles/libpurify.dir/FFTOperator.cc.o CMakeFiles/libpurify.dir/clean.cc.o CMakeFiles/libpurify.dir/utilities.cc.o CMakeFiles/libpurify.dir/pfitsio.cc.o CMakeFiles/libpurify.dir/kernels.cc.o CMakeFiles/libpurify.dir/RMOperator.cc.o CMakeFiles/libpurify.dir/PSFOperator.cc.o CMakeFiles/libpurify.dir/casacore.cc.o  -Wl,-rpath,/usr/lib/x86_64-linux-gnu/openmpi/lib: /usr/lib/x86_64-linux-gnu/libfftw3_omp.so /usr/lib/x86_64-linux-gnu/libfftw3.so -lCCfits -lcfitsio /usr/lib/x86_64-linux-gnu/libsopt.so.3.0.1 /usr/lib/x86_64-linux-gnu/libcasa_ms.so -lspdlog -lfmt -fopenmp=libomp -ltiff -lpthread /usr/lib/x86_64-linux-gnu/libfmt.so.7.1.3 -Wl,--as-needed /usr/lib/x86_64-linux-gnu/openmpi/lib/libmpi_cxx.so /usr/lib/x86_64-linux-gnu/openmpi/lib/libmpi.so /usr/lib/x86_64-linux-gnu/libcasa_measures.so /usr/lib/x86_64-linux-gnu/libcasa_tables.so /usr/lib/x86_64-linux-gnu/libcasa_scimath.so /usr/lib/x86_64-linux-gnu/libcasa_scimath_f.so /usr/lib/x86_64-linux-gnu/libcasa_casa.so 
cd /<<PKGBUILDDIR>>/obj-x86_64-linux-gnu/cpp/purify && /usr/bin/cmake -E cmake_symlink_library libpurify.so.2.0.0 libpurify.so.2.0 libpurify.so
make[3]: Leaving directory '/<<PKGBUILDDIR>>/obj-x86_64-linux-gnu'
[ 44%] Built target libpurify
make  -f cpp/CMakeFiles/purify.dir/build.make cpp/CMakeFiles/purify.dir/depend
make  -f cpp/tests/CMakeFiles/test_sparse.dir/build.make cpp/tests/CMakeFiles/test_sparse.dir/depend
make  -f cpp/tests/CMakeFiles/test_utils.dir/build.make cpp/tests/CMakeFiles/test_utils.dir/depend
make  -f cpp/tests/CMakeFiles/test_purify_fitsio.dir/build.make cpp/tests/CMakeFiles/test_purify_fitsio.dir/depend
make[3]: Entering directory '/<<PKGBUILDDIR>>/obj-x86_64-linux-gnu'
cd /<<PKGBUILDDIR>>/obj-x86_64-linux-gnu && /usr/bin/cmake -E cmake_depends "Unix Makefiles" /<<PKGBUILDDIR>> /<<PKGBUILDDIR>>/cpp /<<PKGBUILDDIR>>/obj-x86_64-linux-gnu /<<PKGBUILDDIR>>/obj-x86_64-linux-gnu/cpp /<<PKGBUILDDIR>>/obj-x86_64-linux-gnu/cpp/CMakeFiles/purify.dir/DependInfo.cmake --color=
make[3]: Entering directory '/<<PKGBUILDDIR>>/obj-x86_64-linux-gnu'
cd /<<PKGBUILDDIR>>/obj-x86_64-linux-gnu && /usr/bin/cmake -E cmake_depends "Unix Makefiles" /<<PKGBUILDDIR>> /<<PKGBUILDDIR>>/cpp/tests /<<PKGBUILDDIR>>/obj-x86_64-linux-gnu /<<PKGBUILDDIR>>/obj-x86_64-linux-gnu/cpp/tests /<<PKGBUILDDIR>>/obj-x86_64-linux-gnu/cpp/tests/CMakeFiles/test_sparse.dir/DependInfo.cmake --color=
make[3]: Entering directory '/<<PKGBUILDDIR>>/obj-x86_64-linux-gnu'
cd /<<PKGBUILDDIR>>/obj-x86_64-linux-gnu && /usr/bin/cmake -E cmake_depends "Unix Makefiles" /<<PKGBUILDDIR>> /<<PKGBUILDDIR>>/cpp/tests /<<PKGBUILDDIR>>/obj-x86_64-linux-gnu /<<PKGBUILDDIR>>/obj-x86_64-linux-gnu/cpp/tests /<<PKGBUILDDIR>>/obj-x86_64-linux-gnu/cpp/tests/CMakeFiles/test_utils.dir/DependInfo.cmake --color=
make[3]: Entering directory '/<<PKGBUILDDIR>>/obj-x86_64-linux-gnu'
cd /<<PKGBUILDDIR>>/obj-x86_64-linux-gnu && /usr/bin/cmake -E cmake_depends "Unix Makefiles" /<<PKGBUILDDIR>> /<<PKGBUILDDIR>>/cpp/tests /<<PKGBUILDDIR>>/obj-x86_64-linux-gnu /<<PKGBUILDDIR>>/obj-x86_64-linux-gnu/cpp/tests /<<PKGBUILDDIR>>/obj-x86_64-linux-gnu/cpp/tests/CMakeFiles/test_purify_fitsio.dir/DependInfo.cmake --color=
make[3]: Leaving directory '/<<PKGBUILDDIR>>/obj-x86_64-linux-gnu'
make[3]: Leaving directory '/<<PKGBUILDDIR>>/obj-x86_64-linux-gnu'
make  -f cpp/tests/CMakeFiles/test_sparse.dir/build.make cpp/tests/CMakeFiles/test_sparse.dir/build
make  -f cpp/CMakeFiles/purify.dir/build.make cpp/CMakeFiles/purify.dir/build
make[3]: Leaving directory '/<<PKGBUILDDIR>>/obj-x86_64-linux-gnu'
make  -f cpp/tests/CMakeFiles/test_utils.dir/build.make cpp/tests/CMakeFiles/test_utils.dir/build
make[3]: Leaving directory '/<<PKGBUILDDIR>>/obj-x86_64-linux-gnu'
make  -f cpp/tests/CMakeFiles/test_purify_fitsio.dir/build.make cpp/tests/CMakeFiles/test_purify_fitsio.dir/build
make[3]: Entering directory '/<<PKGBUILDDIR>>/obj-x86_64-linux-gnu'
make[3]: Entering directory '/<<PKGBUILDDIR>>/obj-x86_64-linux-gnu'
make[3]: Entering directory '/<<PKGBUILDDIR>>/obj-x86_64-linux-gnu'
make[3]: Entering directory '/<<PKGBUILDDIR>>/obj-x86_64-linux-gnu'
[ 48%] Building CXX object cpp/tests/CMakeFiles/test_sparse.dir/sparse.cc.o
cd /<<PKGBUILDDIR>>/obj-x86_64-linux-gnu/cpp/tests && /usr/bin/c++ -DFMT_LOCALE -DFMT_SHARED -DSPDLOG_FMT_EXTERNAL -I/<<PKGBUILDDIR>>/eigen3 -I/<<PKGBUILDDIR>>/cpp -I/<<PKGBUILDDIR>>/obj-x86_64-linux-gnu/cpp/tests/include/purify -I/<<PKGBUILDDIR>>/obj-x86_64-linux-gnu/include -isystem /usr/include/eigen3 -isystem /usr/lib/x86_64-linux-gnu/openmpi/include/openmpi -isystem /usr/lib/x86_64-linux-gnu/openmpi/include -g -O2 -ffile-prefix-map=/<<PKGBUILDDIR>>=. -fstack-protector-strong -Wformat -Werror=format-security -Wdate-time -D_FORTIFY_SOURCE=2  -std=gnu++11 -pthread -fopenmp=libomp -MD -MT cpp/tests/CMakeFiles/test_sparse.dir/sparse.cc.o -MF CMakeFiles/test_sparse.dir/sparse.cc.o.d -o CMakeFiles/test_sparse.dir/sparse.cc.o -c /<<PKGBUILDDIR>>/cpp/tests/sparse.cc
[ 56%] Building CXX object cpp/tests/CMakeFiles/test_utils.dir/utils.cc.o
[ 56%] Building CXX object cpp/tests/CMakeFiles/test_purify_fitsio.dir/purify_fitsio.cc.o
cd /<<PKGBUILDDIR>>/obj-x86_64-linux-gnu/cpp/tests && /usr/bin/c++ -DFMT_LOCALE -DFMT_SHARED -DSPDLOG_FMT_EXTERNAL -I/<<PKGBUILDDIR>>/eigen3 -I/<<PKGBUILDDIR>>/cpp -I/<<PKGBUILDDIR>>/obj-x86_64-linux-gnu/cpp/tests/include/purify -I/<<PKGBUILDDIR>>/obj-x86_64-linux-gnu/include -isystem /usr/include/eigen3 -isystem /usr/lib/x86_64-linux-gnu/openmpi/include/openmpi -isystem /usr/lib/x86_64-linux-gnu/openmpi/include -g -O2 -ffile-prefix-map=/<<PKGBUILDDIR>>=. -fstack-protector-strong -Wformat -Werror=format-security -Wdate-time -D_FORTIFY_SOURCE=2  -std=gnu++11 -pthread -fopenmp=libomp -MD -MT cpp/tests/CMakeFiles/test_purify_fitsio.dir/purify_fitsio.cc.o -MF CMakeFiles/test_purify_fitsio.dir/purify_fitsio.cc.o.d -o CMakeFiles/test_purify_fitsio.dir/purify_fitsio.cc.o -c /<<PKGBUILDDIR>>/cpp/tests/purify_fitsio.cc
cd /<<PKGBUILDDIR>>/obj-x86_64-linux-gnu/cpp/tests && /usr/bin/c++ -DFMT_LOCALE -DFMT_SHARED -DSPDLOG_FMT_EXTERNAL -I/<<PKGBUILDDIR>>/eigen3 -I/<<PKGBUILDDIR>>/cpp -I/<<PKGBUILDDIR>>/obj-x86_64-linux-gnu/cpp/tests/include/purify -I/<<PKGBUILDDIR>>/obj-x86_64-linux-gnu/include -isystem /usr/include/eigen3 -isystem /usr/lib/x86_64-linux-gnu/openmpi/include/openmpi -isystem /usr/lib/x86_64-linux-gnu/openmpi/include -g -O2 -ffile-prefix-map=/<<PKGBUILDDIR>>=. -fstack-protector-strong -Wformat -Werror=format-security -Wdate-time -D_FORTIFY_SOURCE=2  -std=gnu++11 -pthread -fopenmp=libomp -MD -MT cpp/tests/CMakeFiles/test_utils.dir/utils.cc.o -MF CMakeFiles/test_utils.dir/utils.cc.o.d -o CMakeFiles/test_utils.dir/utils.cc.o -c /<<PKGBUILDDIR>>/cpp/tests/utils.cc
[ 60%] Building CXX object cpp/CMakeFiles/purify.dir/main.cc.o
cd /<<PKGBUILDDIR>>/obj-x86_64-linux-gnu/cpp && /usr/bin/c++ -DFMT_LOCALE -DFMT_SHARED -DSPDLOG_FMT_EXTERNAL -I/<<PKGBUILDDIR>>/eigen3 -I/<<PKGBUILDDIR>>/obj-x86_64-linux-gnu/include -I/<<PKGBUILDDIR>>/cpp -isystem /usr/include/eigen3 -isystem /usr/lib/x86_64-linux-gnu/openmpi/include/openmpi -isystem /usr/lib/x86_64-linux-gnu/openmpi/include -g -O2 -ffile-prefix-map=/<<PKGBUILDDIR>>=. -fstack-protector-strong -Wformat -Werror=format-security -Wdate-time -D_FORTIFY_SOURCE=2  -std=gnu++11 -pthread -fopenmp=libomp -MD -MT cpp/CMakeFiles/purify.dir/main.cc.o -MF CMakeFiles/purify.dir/main.cc.o.d -o CMakeFiles/purify.dir/main.cc.o -c /<<PKGBUILDDIR>>/cpp/main.cc
In file included from /<<PKGBUILDDIR>>/cpp/main.cc:4:
In file included from /usr/include/sopt/imaging_padmm.h:14:
/usr/include/sopt/relative_variation.h:44:11: error: no viable overloaded '='
    name_ = name;
    ~~~~~ ^ ~~~~
/usr/bin/../lib/gcc/x86_64-linux-gnu/11/../../../../include/c++/11/bits/basic_string.h:678:7: note: candidate function not viable: 'this' argument has type 'const std::string' (aka 'const basic_string<char>'), but method is not marked const
      operator=(const basic_string& __str)
      ^
/usr/bin/../lib/gcc/x86_64-linux-gnu/11/../../../../include/c++/11/bits/basic_string.h:688:7: note: candidate function not viable: 'this' argument has type 'const std::string' (aka 'const basic_string<char>'), but method is not marked const
      operator=(const _CharT* __s)
      ^
/usr/bin/../lib/gcc/x86_64-linux-gnu/11/../../../../include/c++/11/bits/basic_string.h:699:7: note: candidate function not viable: 'this' argument has type 'const std::string' (aka 'const basic_string<char>'), but method is not marked const
      operator=(_CharT __c)
      ^
/usr/bin/../lib/gcc/x86_64-linux-gnu/11/../../../../include/c++/11/bits/basic_string.h:716:7: note: candidate function not viable: 'this' argument has type 'const std::string' (aka 'const basic_string<char>'), but method is not marked const
      operator=(basic_string&& __str)
      ^
/usr/bin/../lib/gcc/x86_64-linux-gnu/11/../../../../include/c++/11/bits/basic_string.h:784:7: note: candidate function not viable: 'this' argument has type 'const std::string' (aka 'const basic_string<char>'), but method is not marked const
      operator=(initializer_list<_CharT> __l)
      ^
In file included from /<<PKGBUILDDIR>>/cpp/main.cc:4:
In file included from /usr/include/sopt/imaging_padmm.h:14:
/usr/include/sopt/relative_variation.h:96:11: error: no viable overloaded '='
    name_ = name;
    ~~~~~ ^ ~~~~
/usr/bin/../lib/gcc/x86_64-linux-gnu/11/../../../../include/c++/11/bits/basic_string.h:678:7: note: candidate function not viable: 'this' argument has type 'const std::string' (aka 'const basic_string<char>'), but method is not marked const
      operator=(const basic_string& __str)
      ^
/usr/bin/../lib/gcc/x86_64-linux-gnu/11/../../../../include/c++/11/bits/basic_string.h:688:7: note: candidate function not viable: 'this' argument has type 'const std::string' (aka 'const basic_string<char>'), but method is not marked const
      operator=(const _CharT* __s)
      ^
/usr/bin/../lib/gcc/x86_64-linux-gnu/11/../../../../include/c++/11/bits/basic_string.h:699:7: note: candidate function not viable: 'this' argument has type 'const std::string' (aka 'const basic_string<char>'), but method is not marked const
      operator=(_CharT __c)
      ^
/usr/bin/../lib/gcc/x86_64-linux-gnu/11/../../../../include/c++/11/bits/basic_string.h:716:7: note: candidate function not viable: 'this' argument has type 'const std::string' (aka 'const basic_string<char>'), but method is not marked const
      operator=(basic_string&& __str)
      ^
/usr/bin/../lib/gcc/x86_64-linux-gnu/11/../../../../include/c++/11/bits/basic_string.h:784:7: note: candidate function not viable: 'this' argument has type 'const std::string' (aka 'const basic_string<char>'), but method is not marked const
      operator=(initializer_list<_CharT> __l)
      ^
In file included from /<<PKGBUILDDIR>>/cpp/tests/utils.cc:2:
In file included from /<<PKGBUILDDIR>>/cpp/purify/utilities.h:13:
In file included from /<<PKGBUILDDIR>>/cpp/purify/FFTOperator.h:12:
/<<PKGBUILDDIR>>/eigen3/unsupported/Eigen/FFT:283:44: warning: | has lower precedence than !=; != will be evaluated first [-Wparentheses]
        if (FFTW_plan_flag != FFTW_ESTIMATE|FFTW_PRESERVE_INPUT)
            ~~~~~~~~~~~~~~~~~~~~~~~~~~~~~~~^
/<<PKGBUILDDIR>>/eigen3/unsupported/Eigen/FFT:283:44: note: place parentheses around the '!=' expression to silence this warning
        if (FFTW_plan_flag != FFTW_ESTIMATE|FFTW_PRESERVE_INPUT)
            ~~~~~~~~~~~~~~~~~~~~~~~~~~~~~~~^
/<<PKGBUILDDIR>>/eigen3/unsupported/Eigen/FFT:283:44: note: place parentheses around the | expression to evaluate it first
        if (FFTW_plan_flag != FFTW_ESTIMATE|FFTW_PRESERVE_INPUT)
                              ~~~~~~~~~~~~~^~~~~~~~~~~~~~~~~~~~
/<<PKGBUILDDIR>>/eigen3/unsupported/Eigen/FFT:416:44: warning: | has lower precedence than !=; != will be evaluated first [-Wparentheses]
        if (FFTW_plan_flag != FFTW_ESTIMATE|FFTW_PRESERVE_INPUT)
            ~~~~~~~~~~~~~~~~~~~~~~~~~~~~~~~^
/<<PKGBUILDDIR>>/eigen3/unsupported/Eigen/FFT:416:44: note: place parentheses around the '!=' expression to silence this warning
        if (FFTW_plan_flag != FFTW_ESTIMATE|FFTW_PRESERVE_INPUT)
            ~~~~~~~~~~~~~~~~~~~~~~~~~~~~~~~^
/<<PKGBUILDDIR>>/eigen3/unsupported/Eigen/FFT:416:44: note: place parentheses around the | expression to evaluate it first
        if (FFTW_plan_flag != FFTW_ESTIMATE|FFTW_PRESERVE_INPUT)
                              ~~~~~~~~~~~~~^~~~~~~~~~~~~~~~~~~~
In file included from /<<PKGBUILDDIR>>/cpp/tests/purify_fitsio.cc:3:
In file included from /<<PKGBUILDDIR>>/cpp/purify/pfitsio.h:9:
In file included from /<<PKGBUILDDIR>>/cpp/purify/utilities.h:13:
In file included from /<<PKGBUILDDIR>>/cpp/purify/FFTOperator.h:12:
/<<PKGBUILDDIR>>/eigen3/unsupported/Eigen/FFT:283:44: warning: | has lower precedence than !=; != will be evaluated first [-Wparentheses]
        if (FFTW_plan_flag != FFTW_ESTIMATE|FFTW_PRESERVE_INPUT)
            ~~~~~~~~~~~~~~~~~~~~~~~~~~~~~~~^
/<<PKGBUILDDIR>>/eigen3/unsupported/Eigen/FFT:283:44: note: place parentheses around the '!=' expression to silence this warning
        if (FFTW_plan_flag != FFTW_ESTIMATE|FFTW_PRESERVE_INPUT)
            ~~~~~~~~~~~~~~~~~~~~~~~~~~~~~~~^
/<<PKGBUILDDIR>>/eigen3/unsupported/Eigen/FFT:283:44: note: place parentheses around the | expression to evaluate it first
        if (FFTW_plan_flag != FFTW_ESTIMATE|FFTW_PRESERVE_INPUT)
                              ~~~~~~~~~~~~~^~~~~~~~~~~~~~~~~~~~
/<<PKGBUILDDIR>>/eigen3/unsupported/Eigen/FFT:416:44: warning: | has lower precedence than !=; != will be evaluated first [-Wparentheses]
        if (FFTW_plan_flag != FFTW_ESTIMATE|FFTW_PRESERVE_INPUT)
            ~~~~~~~~~~~~~~~~~~~~~~~~~~~~~~~^
/<<PKGBUILDDIR>>/eigen3/unsupported/Eigen/FFT:416:44: note: place parentheses around the '!=' expression to silence this warning
        if (FFTW_plan_flag != FFTW_ESTIMATE|FFTW_PRESERVE_INPUT)
            ~~~~~~~~~~~~~~~~~~~~~~~~~~~~~~~^
/<<PKGBUILDDIR>>/eigen3/unsupported/Eigen/FFT:416:44: note: place parentheses around the | expression to evaluate it first
        if (FFTW_plan_flag != FFTW_ESTIMATE|FFTW_PRESERVE_INPUT)
                              ~~~~~~~~~~~~~^~~~~~~~~~~~~~~~~~~~
2 warnings generated.
[ 64%] Linking CXX executable test_purify_fitsio
cd /<<PKGBUILDDIR>>/obj-x86_64-linux-gnu/cpp/tests && /usr/bin/cmake -E cmake_link_script CMakeFiles/test_purify_fitsio.dir/link.txt --verbose=1
/usr/bin/c++ -g -O2 -ffile-prefix-map=/<<PKGBUILDDIR>>=. -fstack-protector-strong -Wformat -Werror=format-security -Wdate-time -D_FORTIFY_SOURCE=2  -std=gnu++11 -Wl,-z,relro -Wl,-z,now -rdynamic CMakeFiles/test_purify_fitsio.dir/purify_fitsio.cc.o CMakeFiles/common_catch_main_object.dir/__/__/common_catch_main.cc.o -o test_purify_fitsio  -Wl,-rpath,/<<PKGBUILDDIR>>/obj-x86_64-linux-gnu/cpp/purify:/usr/lib/x86_64-linux-gnu/openmpi/lib ../purify/libpurify.so.2.0.0 /usr/lib/x86_64-linux-gnu/libfftw3_omp.so /usr/lib/x86_64-linux-gnu/libfftw3.so -lCCfits -lcfitsio /usr/lib/x86_64-linux-gnu/libsopt.so.3.0.1 -ltiff -lpthread /usr/lib/x86_64-linux-gnu/libfmt.so.7.1.3 -Wl,--as-needed /usr/lib/x86_64-linux-gnu/openmpi/lib/libmpi_cxx.so /usr/lib/x86_64-linux-gnu/openmpi/lib/libmpi.so /usr/lib/x86_64-linux-gnu/libcasa_ms.so /usr/lib/x86_64-linux-gnu/libcasa_measures.so /usr/lib/x86_64-linux-gnu/libcasa_tables.so /usr/lib/x86_64-linux-gnu/libcasa_scimath.so /usr/lib/x86_64-linux-gnu/libcasa_scimath_f.so /usr/lib/x86_64-linux-gnu/libcasa_casa.so -fopenmp=libomp -lspdlog -lfmt 
In file included from /<<PKGBUILDDIR>>/cpp/main.cc:12:
In file included from /<<PKGBUILDDIR>>/cpp/AlgorithmUpdate.h:10:
In file included from /<<PKGBUILDDIR>>/cpp/cmdl.h:8:
In file included from /<<PKGBUILDDIR>>/cpp/purify/casacore.h:17:
In file included from /<<PKGBUILDDIR>>/cpp/purify/utilities.h:13:
In file included from /<<PKGBUILDDIR>>/cpp/purify/FFTOperator.h:12:
/<<PKGBUILDDIR>>/eigen3/unsupported/Eigen/FFT:283:44: warning: | has lower precedence than !=; != will be evaluated first [-Wparentheses]
        if (FFTW_plan_flag != FFTW_ESTIMATE|FFTW_PRESERVE_INPUT)
            ~~~~~~~~~~~~~~~~~~~~~~~~~~~~~~~^
/<<PKGBUILDDIR>>/eigen3/unsupported/Eigen/FFT:283:44: note: place parentheses around the '!=' expression to silence this warning
        if (FFTW_plan_flag != FFTW_ESTIMATE|FFTW_PRESERVE_INPUT)
            ~~~~~~~~~~~~~~~~~~~~~~~~~~~~~~~^
/<<PKGBUILDDIR>>/eigen3/unsupported/Eigen/FFT:283:44: note: place parentheses around the | expression to evaluate it first
        if (FFTW_plan_flag != FFTW_ESTIMATE|FFTW_PRESERVE_INPUT)
                              ~~~~~~~~~~~~~^~~~~~~~~~~~~~~~~~~~
/<<PKGBUILDDIR>>/eigen3/unsupported/Eigen/FFT:416:44: warning: | has lower precedence than !=; != will be evaluated first [-Wparentheses]
        if (FFTW_plan_flag != FFTW_ESTIMATE|FFTW_PRESERVE_INPUT)
            ~~~~~~~~~~~~~~~~~~~~~~~~~~~~~~~^
/<<PKGBUILDDIR>>/eigen3/unsupported/Eigen/FFT:416:44: note: place parentheses around the '!=' expression to silence this warning
        if (FFTW_plan_flag != FFTW_ESTIMATE|FFTW_PRESERVE_INPUT)
            ~~~~~~~~~~~~~~~~~~~~~~~~~~~~~~~^
/<<PKGBUILDDIR>>/eigen3/unsupported/Eigen/FFT:416:44: note: place parentheses around the | expression to evaluate it first
        if (FFTW_plan_flag != FFTW_ESTIMATE|FFTW_PRESERVE_INPUT)
                              ~~~~~~~~~~~~~^~~~~~~~~~~~~~~~~~~~
make[3]: Leaving directory '/<<PKGBUILDDIR>>/obj-x86_64-linux-gnu'
[ 64%] Built target test_purify_fitsio
make  -f cpp/tests/CMakeFiles/test_FFT_operator.dir/build.make cpp/tests/CMakeFiles/test_FFT_operator.dir/depend
make[3]: Entering directory '/<<PKGBUILDDIR>>/obj-x86_64-linux-gnu'
cd /<<PKGBUILDDIR>>/obj-x86_64-linux-gnu && /usr/bin/cmake -E cmake_depends "Unix Makefiles" /<<PKGBUILDDIR>> /<<PKGBUILDDIR>>/cpp/tests /<<PKGBUILDDIR>>/obj-x86_64-linux-gnu /<<PKGBUILDDIR>>/obj-x86_64-linux-gnu/cpp/tests /<<PKGBUILDDIR>>/obj-x86_64-linux-gnu/cpp/tests/CMakeFiles/test_FFT_operator.dir/DependInfo.cmake --color=
make[3]: Leaving directory '/<<PKGBUILDDIR>>/obj-x86_64-linux-gnu'
make  -f cpp/tests/CMakeFiles/test_FFT_operator.dir/build.make cpp/tests/CMakeFiles/test_FFT_operator.dir/build
make[3]: Entering directory '/<<PKGBUILDDIR>>/obj-x86_64-linux-gnu'
[ 68%] Building CXX object cpp/tests/CMakeFiles/test_FFT_operator.dir/FFT_operator.cc.o
cd /<<PKGBUILDDIR>>/obj-x86_64-linux-gnu/cpp/tests && /usr/bin/c++ -DFMT_LOCALE -DFMT_SHARED -DSPDLOG_FMT_EXTERNAL -I/<<PKGBUILDDIR>>/eigen3 -I/<<PKGBUILDDIR>>/cpp -I/<<PKGBUILDDIR>>/obj-x86_64-linux-gnu/cpp/tests/include/purify -I/<<PKGBUILDDIR>>/obj-x86_64-linux-gnu/include -isystem /usr/include/eigen3 -isystem /usr/lib/x86_64-linux-gnu/openmpi/include/openmpi -isystem /usr/lib/x86_64-linux-gnu/openmpi/include -g -O2 -ffile-prefix-map=/<<PKGBUILDDIR>>=. -fstack-protector-strong -Wformat -Werror=format-security -Wdate-time -D_FORTIFY_SOURCE=2  -std=gnu++11 -pthread -fopenmp=libomp -MD -MT cpp/tests/CMakeFiles/test_FFT_operator.dir/FFT_operator.cc.o -MF CMakeFiles/test_FFT_operator.dir/FFT_operator.cc.o.d -o CMakeFiles/test_FFT_operator.dir/FFT_operator.cc.o -c /<<PKGBUILDDIR>>/cpp/tests/FFT_operator.cc
In file included from /<<PKGBUILDDIR>>/cpp/tests/FFT_operator.cc:2:
In file included from /<<PKGBUILDDIR>>/cpp/purify/FFTOperator.h:12:
/<<PKGBUILDDIR>>/eigen3/unsupported/Eigen/FFT:283:44: warning: | has lower precedence than !=; != will be evaluated first [-Wparentheses]
        if (FFTW_plan_flag != FFTW_ESTIMATE|FFTW_PRESERVE_INPUT)
            ~~~~~~~~~~~~~~~~~~~~~~~~~~~~~~~^
/<<PKGBUILDDIR>>/eigen3/unsupported/Eigen/FFT:283:44: note: place parentheses around the '!=' expression to silence this warning
        if (FFTW_plan_flag != FFTW_ESTIMATE|FFTW_PRESERVE_INPUT)
            ~~~~~~~~~~~~~~~~~~~~~~~~~~~~~~~^
/<<PKGBUILDDIR>>/eigen3/unsupported/Eigen/FFT:283:44: note: place parentheses around the | expression to evaluate it first
        if (FFTW_plan_flag != FFTW_ESTIMATE|FFTW_PRESERVE_INPUT)
                              ~~~~~~~~~~~~~^~~~~~~~~~~~~~~~~~~~
/<<PKGBUILDDIR>>/eigen3/unsupported/Eigen/FFT:416:44: warning: | has lower precedence than !=; != will be evaluated first [-Wparentheses]
        if (FFTW_plan_flag != FFTW_ESTIMATE|FFTW_PRESERVE_INPUT)
            ~~~~~~~~~~~~~~~~~~~~~~~~~~~~~~~^
/<<PKGBUILDDIR>>/eigen3/unsupported/Eigen/FFT:416:44: note: place parentheses around the '!=' expression to silence this warning
        if (FFTW_plan_flag != FFTW_ESTIMATE|FFTW_PRESERVE_INPUT)
            ~~~~~~~~~~~~~~~~~~~~~~~~~~~~~~~^
/<<PKGBUILDDIR>>/eigen3/unsupported/Eigen/FFT:416:44: note: place parentheses around the | expression to evaluate it first
        if (FFTW_plan_flag != FFTW_ESTIMATE|FFTW_PRESERVE_INPUT)
                              ~~~~~~~~~~~~~^~~~~~~~~~~~~~~~~~~~
[ 72%] Linking CXX executable test_sparse
cd /<<PKGBUILDDIR>>/obj-x86_64-linux-gnu/cpp/tests && /usr/bin/cmake -E cmake_link_script CMakeFiles/test_sparse.dir/link.txt --verbose=1
/usr/bin/c++ -g -O2 -ffile-prefix-map=/<<PKGBUILDDIR>>=. -fstack-protector-strong -Wformat -Werror=format-security -Wdate-time -D_FORTIFY_SOURCE=2  -std=gnu++11 -Wl,-z,relro -Wl,-z,now -rdynamic CMakeFiles/test_sparse.dir/sparse.cc.o CMakeFiles/common_catch_main_object.dir/__/__/common_catch_main.cc.o -o test_sparse  -Wl,-rpath,/<<PKGBUILDDIR>>/obj-x86_64-linux-gnu/cpp/purify:/usr/lib/x86_64-linux-gnu/openmpi/lib ../purify/libpurify.so.2.0.0 /usr/lib/x86_64-linux-gnu/libfftw3_omp.so /usr/lib/x86_64-linux-gnu/libfftw3.so -lCCfits -lcfitsio /usr/lib/x86_64-linux-gnu/libsopt.so.3.0.1 -ltiff -lpthread /usr/lib/x86_64-linux-gnu/libfmt.so.7.1.3 -Wl,--as-needed /usr/lib/x86_64-linux-gnu/openmpi/lib/libmpi_cxx.so /usr/lib/x86_64-linux-gnu/openmpi/lib/libmpi.so /usr/lib/x86_64-linux-gnu/libcasa_ms.so /usr/lib/x86_64-linux-gnu/libcasa_measures.so /usr/lib/x86_64-linux-gnu/libcasa_tables.so /usr/lib/x86_64-linux-gnu/libcasa_scimath.so /usr/lib/x86_64-linux-gnu/libcasa_scimath_f.so /usr/lib/x86_64-linux-gnu/libcasa_casa.so -fopenmp=libomp -lspdlog -lfmt 
make[3]: Leaving directory '/<<PKGBUILDDIR>>/obj-x86_64-linux-gnu'
[ 72%] Built target test_sparse
make  -f cpp/tests/CMakeFiles/test_measurement_operator.dir/build.make cpp/tests/CMakeFiles/test_measurement_operator.dir/depend
make[3]: Entering directory '/<<PKGBUILDDIR>>/obj-x86_64-linux-gnu'
cd /<<PKGBUILDDIR>>/obj-x86_64-linux-gnu && /usr/bin/cmake -E cmake_depends "Unix Makefiles" /<<PKGBUILDDIR>> /<<PKGBUILDDIR>>/cpp/tests /<<PKGBUILDDIR>>/obj-x86_64-linux-gnu /<<PKGBUILDDIR>>/obj-x86_64-linux-gnu/cpp/tests /<<PKGBUILDDIR>>/obj-x86_64-linux-gnu/cpp/tests/CMakeFiles/test_measurement_operator.dir/DependInfo.cmake --color=
make[3]: Leaving directory '/<<PKGBUILDDIR>>/obj-x86_64-linux-gnu'
make  -f cpp/tests/CMakeFiles/test_measurement_operator.dir/build.make cpp/tests/CMakeFiles/test_measurement_operator.dir/build
make[3]: Entering directory '/<<PKGBUILDDIR>>/obj-x86_64-linux-gnu'
[ 76%] Building CXX object cpp/tests/CMakeFiles/test_measurement_operator.dir/measurement_operator.cc.o
cd /<<PKGBUILDDIR>>/obj-x86_64-linux-gnu/cpp/tests && /usr/bin/c++ -DFMT_LOCALE -DFMT_SHARED -DSPDLOG_FMT_EXTERNAL -I/<<PKGBUILDDIR>>/eigen3 -I/<<PKGBUILDDIR>>/cpp -I/<<PKGBUILDDIR>>/obj-x86_64-linux-gnu/cpp/tests/include/purify -I/<<PKGBUILDDIR>>/obj-x86_64-linux-gnu/include -isystem /usr/include/eigen3 -isystem /usr/lib/x86_64-linux-gnu/openmpi/include/openmpi -isystem /usr/lib/x86_64-linux-gnu/openmpi/include -g -O2 -ffile-prefix-map=/<<PKGBUILDDIR>>=. -fstack-protector-strong -Wformat -Werror=format-security -Wdate-time -D_FORTIFY_SOURCE=2  -std=gnu++11 -pthread -fopenmp=libomp -MD -MT cpp/tests/CMakeFiles/test_measurement_operator.dir/measurement_operator.cc.o -MF CMakeFiles/test_measurement_operator.dir/measurement_operator.cc.o.d -o CMakeFiles/test_measurement_operator.dir/measurement_operator.cc.o -c /<<PKGBUILDDIR>>/cpp/tests/measurement_operator.cc
2 warnings generated.
[ 80%] Linking CXX executable test_FFT_operator
cd /<<PKGBUILDDIR>>/obj-x86_64-linux-gnu/cpp/tests && /usr/bin/cmake -E cmake_link_script CMakeFiles/test_FFT_operator.dir/link.txt --verbose=1
/usr/bin/c++ -g -O2 -ffile-prefix-map=/<<PKGBUILDDIR>>=. -fstack-protector-strong -Wformat -Werror=format-security -Wdate-time -D_FORTIFY_SOURCE=2  -std=gnu++11 -Wl,-z,relro -Wl,-z,now -rdynamic CMakeFiles/test_FFT_operator.dir/FFT_operator.cc.o CMakeFiles/common_catch_main_object.dir/__/__/common_catch_main.cc.o -o test_FFT_operator  -Wl,-rpath,/<<PKGBUILDDIR>>/obj-x86_64-linux-gnu/cpp/purify:/usr/lib/x86_64-linux-gnu/openmpi/lib ../purify/libpurify.so.2.0.0 /usr/lib/x86_64-linux-gnu/libfftw3_omp.so /usr/lib/x86_64-linux-gnu/libfftw3.so -lCCfits -lcfitsio /usr/lib/x86_64-linux-gnu/libsopt.so.3.0.1 -ltiff -lpthread /usr/lib/x86_64-linux-gnu/libfmt.so.7.1.3 -Wl,--as-needed /usr/lib/x86_64-linux-gnu/openmpi/lib/libmpi_cxx.so /usr/lib/x86_64-linux-gnu/openmpi/lib/libmpi.so /usr/lib/x86_64-linux-gnu/libcasa_ms.so /usr/lib/x86_64-linux-gnu/libcasa_measures.so /usr/lib/x86_64-linux-gnu/libcasa_tables.so /usr/lib/x86_64-linux-gnu/libcasa_scimath.so /usr/lib/x86_64-linux-gnu/libcasa_scimath_f.so /usr/lib/x86_64-linux-gnu/libcasa_casa.so -fopenmp=libomp -lspdlog -lfmt 
make[3]: Leaving directory '/<<PKGBUILDDIR>>/obj-x86_64-linux-gnu'
[ 80%] Built target test_FFT_operator
[ 84%] Building CXX object cpp/CMakeFiles/purify.dir/cmdl.cc.o
cd /<<PKGBUILDDIR>>/obj-x86_64-linux-gnu/cpp && /usr/bin/c++ -DFMT_LOCALE -DFMT_SHARED -DSPDLOG_FMT_EXTERNAL -I/<<PKGBUILDDIR>>/eigen3 -I/<<PKGBUILDDIR>>/obj-x86_64-linux-gnu/include -I/<<PKGBUILDDIR>>/cpp -isystem /usr/include/eigen3 -isystem /usr/lib/x86_64-linux-gnu/openmpi/include/openmpi -isystem /usr/lib/x86_64-linux-gnu/openmpi/include -g -O2 -ffile-prefix-map=/<<PKGBUILDDIR>>=. -fstack-protector-strong -Wformat -Werror=format-security -Wdate-time -D_FORTIFY_SOURCE=2  -std=gnu++11 -pthread -fopenmp=libomp -MD -MT cpp/CMakeFiles/purify.dir/cmdl.cc.o -MF CMakeFiles/purify.dir/cmdl.cc.o.d -o CMakeFiles/purify.dir/cmdl.cc.o -c /<<PKGBUILDDIR>>/cpp/cmdl.cc
2 warnings and 2 errors generated.
make[3]: *** [cpp/CMakeFiles/purify.dir/build.make:79: cpp/CMakeFiles/purify.dir/main.cc.o] Error 1
make[3]: *** Waiting for unfinished jobs....
In file included from /<<PKGBUILDDIR>>/cpp/tests/measurement_operator.cc:3:
In file included from /<<PKGBUILDDIR>>/cpp/purify/MeasurementOperator.h:6:
In file included from /<<PKGBUILDDIR>>/cpp/purify/FFTOperator.h:12:
/<<PKGBUILDDIR>>/eigen3/unsupported/Eigen/FFT:283:44: warning: | has lower precedence than !=; != will be evaluated first [-Wparentheses]
        if (FFTW_plan_flag != FFTW_ESTIMATE|FFTW_PRESERVE_INPUT)
            ~~~~~~~~~~~~~~~~~~~~~~~~~~~~~~~^
/<<PKGBUILDDIR>>/eigen3/unsupported/Eigen/FFT:283:44: note: place parentheses around the '!=' expression to silence this warning
        if (FFTW_plan_flag != FFTW_ESTIMATE|FFTW_PRESERVE_INPUT)
            ~~~~~~~~~~~~~~~~~~~~~~~~~~~~~~~^
/<<PKGBUILDDIR>>/eigen3/unsupported/Eigen/FFT:283:44: note: place parentheses around the | expression to evaluate it first
        if (FFTW_plan_flag != FFTW_ESTIMATE|FFTW_PRESERVE_INPUT)
                              ~~~~~~~~~~~~~^~~~~~~~~~~~~~~~~~~~
/<<PKGBUILDDIR>>/eigen3/unsupported/Eigen/FFT:416:44: warning: | has lower precedence than !=; != will be evaluated first [-Wparentheses]
        if (FFTW_plan_flag != FFTW_ESTIMATE|FFTW_PRESERVE_INPUT)
            ~~~~~~~~~~~~~~~~~~~~~~~~~~~~~~~^
/<<PKGBUILDDIR>>/eigen3/unsupported/Eigen/FFT:416:44: note: place parentheses around the '!=' expression to silence this warning
        if (FFTW_plan_flag != FFTW_ESTIMATE|FFTW_PRESERVE_INPUT)
            ~~~~~~~~~~~~~~~~~~~~~~~~~~~~~~~^
/<<PKGBUILDDIR>>/eigen3/unsupported/Eigen/FFT:416:44: note: place parentheses around the | expression to evaluate it first
        if (FFTW_plan_flag != FFTW_ESTIMATE|FFTW_PRESERVE_INPUT)
                              ~~~~~~~~~~~~~^~~~~~~~~~~~~~~~~~~~
In file included from /<<PKGBUILDDIR>>/cpp/cmdl.cc:2:
In file included from /<<PKGBUILDDIR>>/cpp/cmdl.h:8:
In file included from /<<PKGBUILDDIR>>/cpp/purify/casacore.h:17:
In file included from /<<PKGBUILDDIR>>/cpp/purify/utilities.h:13:
In file included from /<<PKGBUILDDIR>>/cpp/purify/FFTOperator.h:12:
/<<PKGBUILDDIR>>/eigen3/unsupported/Eigen/FFT:283:44: warning: | has lower precedence than !=; != will be evaluated first [-Wparentheses]
        if (FFTW_plan_flag != FFTW_ESTIMATE|FFTW_PRESERVE_INPUT)
            ~~~~~~~~~~~~~~~~~~~~~~~~~~~~~~~^
/<<PKGBUILDDIR>>/eigen3/unsupported/Eigen/FFT:283:44: note: place parentheses around the '!=' expression to silence this warning
        if (FFTW_plan_flag != FFTW_ESTIMATE|FFTW_PRESERVE_INPUT)
            ~~~~~~~~~~~~~~~~~~~~~~~~~~~~~~~^
/<<PKGBUILDDIR>>/eigen3/unsupported/Eigen/FFT:283:44: note: place parentheses around the | expression to evaluate it first
        if (FFTW_plan_flag != FFTW_ESTIMATE|FFTW_PRESERVE_INPUT)
                              ~~~~~~~~~~~~~^~~~~~~~~~~~~~~~~~~~
/<<PKGBUILDDIR>>/eigen3/unsupported/Eigen/FFT:416:44: warning: | has lower precedence than !=; != will be evaluated first [-Wparentheses]
        if (FFTW_plan_flag != FFTW_ESTIMATE|FFTW_PRESERVE_INPUT)
            ~~~~~~~~~~~~~~~~~~~~~~~~~~~~~~~^
/<<PKGBUILDDIR>>/eigen3/unsupported/Eigen/FFT:416:44: note: place parentheses around the '!=' expression to silence this warning
        if (FFTW_plan_flag != FFTW_ESTIMATE|FFTW_PRESERVE_INPUT)
            ~~~~~~~~~~~~~~~~~~~~~~~~~~~~~~~^
/<<PKGBUILDDIR>>/eigen3/unsupported/Eigen/FFT:416:44: note: place parentheses around the | expression to evaluate it first
        if (FFTW_plan_flag != FFTW_ESTIMATE|FFTW_PRESERVE_INPUT)
                              ~~~~~~~~~~~~~^~~~~~~~~~~~~~~~~~~~
2 warnings generated.
make[3]: Leaving directory '/<<PKGBUILDDIR>>/obj-x86_64-linux-gnu'
make[2]: *** [CMakeFiles/Makefile2:146: cpp/CMakeFiles/purify.dir/all] Error 2
make[2]: *** Waiting for unfinished jobs....
2 warnings generated.
[ 88%] Linking CXX executable test_measurement_operator
cd /<<PKGBUILDDIR>>/obj-x86_64-linux-gnu/cpp/tests && /usr/bin/cmake -E cmake_link_script CMakeFiles/test_measurement_operator.dir/link.txt --verbose=1
/usr/bin/c++ -g -O2 -ffile-prefix-map=/<<PKGBUILDDIR>>=. -fstack-protector-strong -Wformat -Werror=format-security -Wdate-time -D_FORTIFY_SOURCE=2  -std=gnu++11 -Wl,-z,relro -Wl,-z,now -rdynamic CMakeFiles/test_measurement_operator.dir/measurement_operator.cc.o CMakeFiles/common_catch_main_object.dir/__/__/common_catch_main.cc.o -o test_measurement_operator  -Wl,-rpath,/<<PKGBUILDDIR>>/obj-x86_64-linux-gnu/cpp/purify:/usr/lib/x86_64-linux-gnu/openmpi/lib ../purify/libpurify.so.2.0.0 /usr/lib/x86_64-linux-gnu/libfftw3_omp.so /usr/lib/x86_64-linux-gnu/libfftw3.so -lCCfits -lcfitsio /usr/lib/x86_64-linux-gnu/libsopt.so.3.0.1 -ltiff -lpthread /usr/lib/x86_64-linux-gnu/libfmt.so.7.1.3 -Wl,--as-needed /usr/lib/x86_64-linux-gnu/openmpi/lib/libmpi_cxx.so /usr/lib/x86_64-linux-gnu/openmpi/lib/libmpi.so /usr/lib/x86_64-linux-gnu/libcasa_ms.so /usr/lib/x86_64-linux-gnu/libcasa_measures.so /usr/lib/x86_64-linux-gnu/libcasa_tables.so /usr/lib/x86_64-linux-gnu/libcasa_scimath.so /usr/lib/x86_64-linux-gnu/libcasa_scimath_f.so /usr/lib/x86_64-linux-gnu/libcasa_casa.so -fopenmp=libomp -lspdlog -lfmt 
make[3]: Leaving directory '/<<PKGBUILDDIR>>/obj-x86_64-linux-gnu'
[ 88%] Built target test_measurement_operator
2 warnings generated.
[ 92%] Linking CXX executable test_utils
cd /<<PKGBUILDDIR>>/obj-x86_64-linux-gnu/cpp/tests && /usr/bin/cmake -E cmake_link_script CMakeFiles/test_utils.dir/link.txt --verbose=1
/usr/bin/c++ -g -O2 -ffile-prefix-map=/<<PKGBUILDDIR>>=. -fstack-protector-strong -Wformat -Werror=format-security -Wdate-time -D_FORTIFY_SOURCE=2  -std=gnu++11 -Wl,-z,relro -Wl,-z,now -rdynamic CMakeFiles/test_utils.dir/utils.cc.o CMakeFiles/common_catch_main_object.dir/__/__/common_catch_main.cc.o -o test_utils  -Wl,-rpath,/<<PKGBUILDDIR>>/obj-x86_64-linux-gnu/cpp/purify:/usr/lib/x86_64-linux-gnu/openmpi/lib ../purify/libpurify.so.2.0.0 /usr/lib/x86_64-linux-gnu/libfftw3_omp.so /usr/lib/x86_64-linux-gnu/libfftw3.so -lCCfits -lcfitsio /usr/lib/x86_64-linux-gnu/libsopt.so.3.0.1 -ltiff -lpthread /usr/lib/x86_64-linux-gnu/libfmt.so.7.1.3 -Wl,--as-needed /usr/lib/x86_64-linux-gnu/openmpi/lib/libmpi_cxx.so /usr/lib/x86_64-linux-gnu/openmpi/lib/libmpi.so /usr/lib/x86_64-linux-gnu/libcasa_ms.so /usr/lib/x86_64-linux-gnu/libcasa_measures.so /usr/lib/x86_64-linux-gnu/libcasa_tables.so /usr/lib/x86_64-linux-gnu/libcasa_scimath.so /usr/lib/x86_64-linux-gnu/libcasa_scimath_f.so /usr/lib/x86_64-linux-gnu/libcasa_casa.so -fopenmp=libomp -lspdlog -lfmt 
make[3]: Leaving directory '/<<PKGBUILDDIR>>/obj-x86_64-linux-gnu'
[ 92%] Built target test_utils
make[2]: Leaving directory '/<<PKGBUILDDIR>>/obj-x86_64-linux-gnu'
make[1]: *** [Makefile:149: all] Error 2
make[1]: Leaving directory '/<<PKGBUILDDIR>>/obj-x86_64-linux-gnu'
dh_auto_build: error: cd obj-x86_64-linux-gnu && make -j4 "INSTALL=install --strip-program=true" VERBOSE=1 returned exit code 2
make: *** [debian/rules:10: binary] Error 25
dpkg-buildpackage: error: debian/rules binary subprocess returned exit status 2
--------------------------------------------------------------------------------
Build finished at 2021-10-26T21:49:08Z

Finished
--------


+------------------------------------------------------------------------------+
| Cleanup                                                                      |
+------------------------------------------------------------------------------+

Purging /<<BUILDDIR>>
Not cleaning session: cloned chroot in use
E: Build failure (dpkg-buildpackage died)

+------------------------------------------------------------------------------+
| Summary                                                                      |
+------------------------------------------------------------------------------+

Build Architecture: amd64
Build Type: binary
Build-Space: 232456
Build-Time: 89
Distribution: unstable
Fail-Stage: build
Host Architecture: amd64
Install-Time: 27
Job: purify_2.0.0-6
Machine Architecture: amd64
Package: purify
Package-Time: 138
Source-Version: 2.0.0-6
Space: 232456
Status: attempted
Version: 2.0.0-6
--------------------------------------------------------------------------------
Finished at 2021-10-26T21:49:08Z
Build needed 00:02:18, 232456k disk space
E: Build failure (dpkg-buildpackage died)
DC-Status: Failed 139.468389544s
DC-Time-Estimation: 139.468389544 versus expected 296 (r/m: 1.122344718884252 ; m: 139.468389544)
