DC-Build-Header: quickfix 1.15.1+dfsg-4 / 2021-10-26 20:52:42 +0000
DC-Task: type:rebuild-binarch-only source:quickfix version:1.15.1+dfsg-4 chroot:unstable esttime:953 logfile:/tmp/quickfix_1.15.1+dfsg-4_unstable_clang13.log modes:clang13:binarch-only
DC-Sbuild-call: su user42 -c 'sbuild -n --arch-any --apt-update -d unstable -v --no-run-lintian --chroot-setup-commands=/tmp/clang13 quickfix_1.15.1+dfsg-4'
sbuild (Debian sbuild) 0.78.1 (09 February 2019) on ip-172-31-15-165.eu-central-1.compute.internal

+==============================================================================+
| quickfix 1.15.1+dfsg-4 (amd64)               Tue, 26 Oct 2021 20:52:42 +0000 |
+==============================================================================+

Package: quickfix
Version: 1.15.1+dfsg-4
Source Version: 1.15.1+dfsg-4
Distribution: unstable
Machine Architecture: amd64
Host Architecture: amd64
Build Architecture: amd64
Build Type: binary

I: NOTICE: Log filtering will replace 'var/run/schroot/mount/sid-amd64-sbuild-65ca1821-7c50-4dff-9749-5ec168edc9a5' with '<<CHROOT>>'

+------------------------------------------------------------------------------+
| Chroot Setup Commands                                                        |
+------------------------------------------------------------------------------+


/tmp/clang13
------------

+ echo 'Entering customization script...'
Entering customization script...
+ CLANG_VERSION=13
+ echo 'Install of clang-13'
Install of clang-13
+ apt-get update
Get:1 http://127.0.0.1:12990/debian sid InRelease [165 kB]
Get:2 http://127.0.0.1:12990/debian sid/main Sources.diff/Index [63.6 kB]
Get:3 http://127.0.0.1:12990/debian sid/main amd64 Packages.diff/Index [63.6 kB]
Get:4 http://127.0.0.1:12990/debian sid/main Sources T-2021-10-26-2004.40-F-2021-10-26-0202.15.pdiff [47.3 kB]
Get:4 http://127.0.0.1:12990/debian sid/main Sources T-2021-10-26-2004.40-F-2021-10-26-0202.15.pdiff [47.3 kB]
Get:5 http://127.0.0.1:12990/debian sid/main amd64 Packages T-2021-10-26-2004.40-F-2021-10-26-0202.15.pdiff [55.9 kB]
Get:5 http://127.0.0.1:12990/debian sid/main amd64 Packages T-2021-10-26-2004.40-F-2021-10-26-0202.15.pdiff [55.9 kB]
Get:6 http://127.0.0.1:12990/debian sid/main Translation-en [6586 kB]
Fetched 6981 kB in 3s (2748 kB/s)
Reading package lists...
+ apt-get install --yes --no-install-recommends --force-yes clang-13 libomp-13-dev libobjc-9-dev
Reading package lists...
Building dependency tree...
The following additional packages will be installed:
  lib32gcc-s1 lib32stdc++6 libasan5 libbsd0 libc6-i386 libclang-common-13-dev
  libclang-cpp13 libclang1-13 libedit2 libgc1 libgcc-9-dev libicu67 libllvm13
  libmd0 libobjc-11-dev libobjc4 libomp5-13 libxml2 libz3-4
Suggested packages:
  clang-13-doc libomp-13-doc
Recommended packages:
  llvm-13-dev python3
The following NEW packages will be installed:
  clang-13 lib32gcc-s1 lib32stdc++6 libasan5 libbsd0 libc6-i386
  libclang-common-13-dev libclang-cpp13 libclang1-13 libedit2 libgc1
  libgcc-9-dev libicu67 libllvm13 libmd0 libobjc-11-dev libobjc-9-dev libobjc4
  libomp-13-dev libomp5-13 libxml2 libz3-4
0 upgraded, 22 newly installed, 0 to remove and 0 not upgraded.
Need to get 68.5 MB of archives.
After this operation, 379 MB of additional disk space will be used.
Get:1 http://127.0.0.1:12990/debian sid/main amd64 libmd0 amd64 1.0.4-1 [29.6 kB]
Get:2 http://127.0.0.1:12990/debian sid/main amd64 libbsd0 amd64 0.11.3-1 [108 kB]
Get:3 http://127.0.0.1:12990/debian sid/main amd64 libedit2 amd64 3.1-20210910-1 [97.5 kB]
Get:4 http://127.0.0.1:12990/debian sid/main amd64 libicu67 amd64 67.1-7 [8622 kB]
Get:5 http://127.0.0.1:12990/debian sid/main amd64 libxml2 amd64 2.9.12+dfsg-5 [696 kB]
Get:6 http://127.0.0.1:12990/debian sid/main amd64 libz3-4 amd64 4.8.12-1+b1 [6997 kB]
Get:7 http://127.0.0.1:12990/debian sid/main amd64 libllvm13 amd64 1:13.0.0-8 [19.7 MB]
Get:8 http://127.0.0.1:12990/debian sid/main amd64 libclang-cpp13 amd64 1:13.0.0-8 [10.5 MB]
Get:9 http://127.0.0.1:12990/debian sid/main amd64 libgc1 amd64 1:8.0.4-3 [239 kB]
Get:10 http://127.0.0.1:12990/debian sid/main amd64 libobjc4 amd64 11.2.0-10 [43.2 kB]
Get:11 http://127.0.0.1:12990/debian sid/main amd64 libobjc-11-dev amd64 11.2.0-10 [170 kB]
Get:12 http://127.0.0.1:12990/debian sid/main amd64 libc6-i386 amd64 2.32-4 [2624 kB]
Get:13 http://127.0.0.1:12990/debian sid/main amd64 lib32gcc-s1 amd64 11.2.0-10 [49.9 kB]
Get:14 http://127.0.0.1:12990/debian sid/main amd64 lib32stdc++6 amd64 11.2.0-10 [601 kB]
Get:15 http://127.0.0.1:12990/debian sid/main amd64 libclang-common-13-dev amd64 1:13.0.0-8 [5730 kB]
Get:16 http://127.0.0.1:12990/debian sid/main amd64 libclang1-13 amd64 1:13.0.0-8 [6093 kB]
Get:17 http://127.0.0.1:12990/debian sid/main amd64 clang-13 amd64 1:13.0.0-8 [119 kB]
Get:18 http://127.0.0.1:12990/debian sid/main amd64 libasan5 amd64 9.4.0-3 [2734 kB]
Get:19 http://127.0.0.1:12990/debian sid/main amd64 libgcc-9-dev amd64 9.4.0-3 [2343 kB]
Get:20 http://127.0.0.1:12990/debian sid/main amd64 libobjc-9-dev amd64 9.4.0-3 [219 kB]
Get:21 http://127.0.0.1:12990/debian sid/main amd64 libomp5-13 amd64 1:13.0.0-8 [377 kB]
Get:22 http://127.0.0.1:12990/debian sid/main amd64 libomp-13-dev amd64 1:13.0.0-8 [482 kB]
debconf: delaying package configuration, since apt-utils is not installed
Fetched 68.5 MB in 0s (147 MB/s)
Selecting previously unselected package libmd0:amd64.
(Reading database ... (Reading database ... 5%(Reading database ... 10%(Reading database ... 15%(Reading database ... 20%(Reading database ... 25%(Reading database ... 30%(Reading database ... 35%(Reading database ... 40%(Reading database ... 45%(Reading database ... 50%(Reading database ... 55%(Reading database ... 60%(Reading database ... 65%(Reading database ... 70%(Reading database ... 75%(Reading database ... 80%(Reading database ... 85%(Reading database ... 90%(Reading database ... 95%(Reading database ... 100%(Reading database ... 12431 files and directories currently installed.)
Preparing to unpack .../00-libmd0_1.0.4-1_amd64.deb ...
Unpacking libmd0:amd64 (1.0.4-1) ...
Selecting previously unselected package libbsd0:amd64.
Preparing to unpack .../01-libbsd0_0.11.3-1_amd64.deb ...
Unpacking libbsd0:amd64 (0.11.3-1) ...
Selecting previously unselected package libedit2:amd64.
Preparing to unpack .../02-libedit2_3.1-20210910-1_amd64.deb ...
Unpacking libedit2:amd64 (3.1-20210910-1) ...
Selecting previously unselected package libicu67:amd64.
Preparing to unpack .../03-libicu67_67.1-7_amd64.deb ...
Unpacking libicu67:amd64 (67.1-7) ...
Selecting previously unselected package libxml2:amd64.
Preparing to unpack .../04-libxml2_2.9.12+dfsg-5_amd64.deb ...
Unpacking libxml2:amd64 (2.9.12+dfsg-5) ...
Selecting previously unselected package libz3-4:amd64.
Preparing to unpack .../05-libz3-4_4.8.12-1+b1_amd64.deb ...
Unpacking libz3-4:amd64 (4.8.12-1+b1) ...
Selecting previously unselected package libllvm13:amd64.
Preparing to unpack .../06-libllvm13_1%3a13.0.0-8_amd64.deb ...
Unpacking libllvm13:amd64 (1:13.0.0-8) ...
Selecting previously unselected package libclang-cpp13.
Preparing to unpack .../07-libclang-cpp13_1%3a13.0.0-8_amd64.deb ...
Unpacking libclang-cpp13 (1:13.0.0-8) ...
Selecting previously unselected package libgc1:amd64.
Preparing to unpack .../08-libgc1_1%3a8.0.4-3_amd64.deb ...
Unpacking libgc1:amd64 (1:8.0.4-3) ...
Selecting previously unselected package libobjc4:amd64.
Preparing to unpack .../09-libobjc4_11.2.0-10_amd64.deb ...
Unpacking libobjc4:amd64 (11.2.0-10) ...
Selecting previously unselected package libobjc-11-dev:amd64.
Preparing to unpack .../10-libobjc-11-dev_11.2.0-10_amd64.deb ...
Unpacking libobjc-11-dev:amd64 (11.2.0-10) ...
Selecting previously unselected package libc6-i386.
Preparing to unpack .../11-libc6-i386_2.32-4_amd64.deb ...
Unpacking libc6-i386 (2.32-4) ...
Selecting previously unselected package lib32gcc-s1.
Preparing to unpack .../12-lib32gcc-s1_11.2.0-10_amd64.deb ...
Unpacking lib32gcc-s1 (11.2.0-10) ...
Selecting previously unselected package lib32stdc++6.
Preparing to unpack .../13-lib32stdc++6_11.2.0-10_amd64.deb ...
Unpacking lib32stdc++6 (11.2.0-10) ...
Selecting previously unselected package libclang-common-13-dev.
Preparing to unpack .../14-libclang-common-13-dev_1%3a13.0.0-8_amd64.deb ...
Unpacking libclang-common-13-dev (1:13.0.0-8) ...
Selecting previously unselected package libclang1-13.
Preparing to unpack .../15-libclang1-13_1%3a13.0.0-8_amd64.deb ...
Unpacking libclang1-13 (1:13.0.0-8) ...
Selecting previously unselected package clang-13.
Preparing to unpack .../16-clang-13_1%3a13.0.0-8_amd64.deb ...
Unpacking clang-13 (1:13.0.0-8) ...
Selecting previously unselected package libasan5:amd64.
Preparing to unpack .../17-libasan5_9.4.0-3_amd64.deb ...
Unpacking libasan5:amd64 (9.4.0-3) ...
Selecting previously unselected package libgcc-9-dev:amd64.
Preparing to unpack .../18-libgcc-9-dev_9.4.0-3_amd64.deb ...
Unpacking libgcc-9-dev:amd64 (9.4.0-3) ...
Selecting previously unselected package libobjc-9-dev:amd64.
Preparing to unpack .../19-libobjc-9-dev_9.4.0-3_amd64.deb ...
Unpacking libobjc-9-dev:amd64 (9.4.0-3) ...
Selecting previously unselected package libomp5-13:amd64.
Preparing to unpack .../20-libomp5-13_1%3a13.0.0-8_amd64.deb ...
Unpacking libomp5-13:amd64 (1:13.0.0-8) ...
Selecting previously unselected package libomp-13-dev.
Preparing to unpack .../21-libomp-13-dev_1%3a13.0.0-8_amd64.deb ...
Unpacking libomp-13-dev (1:13.0.0-8) ...
Setting up libicu67:amd64 (67.1-7) ...
Setting up libasan5:amd64 (9.4.0-3) ...
Setting up libz3-4:amd64 (4.8.12-1+b1) ...
Setting up libgc1:amd64 (1:8.0.4-3) ...
Setting up libmd0:amd64 (1.0.4-1) ...
Setting up libc6-i386 (2.32-4) ...
Setting up libomp5-13:amd64 (1:13.0.0-8) ...
Setting up libbsd0:amd64 (0.11.3-1) ...
Setting up libxml2:amd64 (2.9.12+dfsg-5) ...
Setting up libedit2:amd64 (3.1-20210910-1) ...
Setting up libobjc4:amd64 (11.2.0-10) ...
Setting up libgcc-9-dev:amd64 (9.4.0-3) ...
Setting up lib32gcc-s1 (11.2.0-10) ...
Setting up lib32stdc++6 (11.2.0-10) ...
Setting up libllvm13:amd64 (1:13.0.0-8) ...
Setting up libobjc-9-dev:amd64 (9.4.0-3) ...
Setting up libclang-common-13-dev (1:13.0.0-8) ...
Setting up libomp-13-dev (1:13.0.0-8) ...
Setting up libobjc-11-dev:amd64 (11.2.0-10) ...
Setting up libclang1-13 (1:13.0.0-8) ...
Setting up libclang-cpp13 (1:13.0.0-8) ...
Setting up clang-13 (1:13.0.0-8) ...
Processing triggers for libc-bin (2.32-4) ...
W: --force-yes is deprecated, use one of the options starting with --allow instead.
+ echo 'Replace gcc, g++ & cpp by clang'
Replace gcc, g++ & cpp by clang
+ VERSIONS='4.6 4.7 4.8 4.9 5 6 7 8 9 10 11'
+ cd /usr/bin
+ for VERSION in $VERSIONS
+ rm -f g++-4.6 gcc-4.6 cpp-4.6 gcc
+ ln -s clang++-13 g++-4.6
+ ln -s clang-13 gcc-4.6
+ ln -s clang-13 cpp-4.6
+ ln -s clang-13 gcc
+ echo 'gcc-4.6 hold'
+ dpkg --set-selections
dpkg: warning: package not in status nor available database at line 1: gcc-4.6
dpkg: warning: found unknown packages; this might mean the available database
is outdated, and needs to be updated through a frontend method;
please see the FAQ <https://wiki.debian.org/Teams/Dpkg/FAQ>
+ echo 'g++-4.6 hold'
+ dpkg --set-selections
dpkg: warning: package not in status nor available database at line 1: g++-4.6
dpkg: warning: found unknown packages; this might mean the available database
is outdated, and needs to be updated through a frontend method;
please see the FAQ <https://wiki.debian.org/Teams/Dpkg/FAQ>
+ for VERSION in $VERSIONS
+ rm -f g++-4.7 gcc-4.7 cpp-4.7 gcc
+ ln -s clang++-13 g++-4.7
+ ln -s clang-13 gcc-4.7
+ ln -s clang-13 cpp-4.7
+ ln -s clang-13 gcc
+ echo 'gcc-4.7 hold'
+ dpkg --set-selections
dpkg: warning: package not in status nor available database at line 1: gcc-4.7
dpkg: warning: found unknown packages; this might mean the available database
is outdated, and needs to be updated through a frontend method;
please see the FAQ <https://wiki.debian.org/Teams/Dpkg/FAQ>
+ echo 'g++-4.7 hold'
+ dpkg --set-selections
dpkg: warning: package not in status nor available database at line 1: g++-4.7
dpkg: warning: found unknown packages; this might mean the available database
is outdated, and needs to be updated through a frontend method;
please see the FAQ <https://wiki.debian.org/Teams/Dpkg/FAQ>
+ for VERSION in $VERSIONS
+ rm -f g++-4.8 gcc-4.8 cpp-4.8 gcc
+ ln -s clang++-13 g++-4.8
+ ln -s clang-13 gcc-4.8
+ ln -s clang-13 cpp-4.8
+ ln -s clang-13 gcc
+ echo 'gcc-4.8 hold'
+ dpkg --set-selections
dpkg: warning: package not in status nor available database at line 1: gcc-4.8
dpkg: warning: found unknown packages; this might mean the available database
is outdated, and needs to be updated through a frontend method;
please see the FAQ <https://wiki.debian.org/Teams/Dpkg/FAQ>
+ echo 'g++-4.8 hold'
+ dpkg --set-selections
dpkg: warning: package not in status nor available database at line 1: g++-4.8
dpkg: warning: found unknown packages; this might mean the available database
is outdated, and needs to be updated through a frontend method;
please see the FAQ <https://wiki.debian.org/Teams/Dpkg/FAQ>
+ for VERSION in $VERSIONS
+ rm -f g++-4.9 gcc-4.9 cpp-4.9 gcc
+ ln -s clang++-13 g++-4.9
+ ln -s clang-13 gcc-4.9
+ ln -s clang-13 cpp-4.9
+ ln -s clang-13 gcc
+ echo 'gcc-4.9 hold'
+ dpkg --set-selections
dpkg: warning: package not in status nor available database at line 1: gcc-4.9
dpkg: warning: found unknown packages; this might mean the available database
is outdated, and needs to be updated through a frontend method;
please see the FAQ <https://wiki.debian.org/Teams/Dpkg/FAQ>
+ echo 'g++-4.9 hold'
+ dpkg --set-selections
dpkg: warning: package not in status nor available database at line 1: g++-4.9
dpkg: warning: found unknown packages; this might mean the available database
is outdated, and needs to be updated through a frontend method;
please see the FAQ <https://wiki.debian.org/Teams/Dpkg/FAQ>
+ for VERSION in $VERSIONS
+ rm -f g++-5 gcc-5 cpp-5 gcc
+ ln -s clang++-13 g++-5
+ ln -s clang-13 gcc-5
+ ln -s clang-13 cpp-5
+ ln -s clang-13 gcc
+ echo 'gcc-5 hold'
+ dpkg --set-selections
dpkg: warning: package not in status nor available database at line 1: gcc-5
dpkg: warning: found unknown packages; this might mean the available database
is outdated, and needs to be updated through a frontend method;
please see the FAQ <https://wiki.debian.org/Teams/Dpkg/FAQ>
+ echo 'g++-5 hold'
+ dpkg --set-selections
dpkg: warning: package not in status nor available database at line 1: g++-5
dpkg: warning: found unknown packages; this might mean the available database
is outdated, and needs to be updated through a frontend method;
please see the FAQ <https://wiki.debian.org/Teams/Dpkg/FAQ>
+ for VERSION in $VERSIONS
+ rm -f g++-6 gcc-6 cpp-6 gcc
+ ln -s clang++-13 g++-6
+ ln -s clang-13 gcc-6
+ ln -s clang-13 cpp-6
+ ln -s clang-13 gcc
+ echo 'gcc-6 hold'
+ dpkg --set-selections
dpkg: warning: package not in status nor available database at line 1: gcc-6
dpkg: warning: found unknown packages; this might mean the available database
is outdated, and needs to be updated through a frontend method;
please see the FAQ <https://wiki.debian.org/Teams/Dpkg/FAQ>
+ echo 'g++-6 hold'
+ dpkg --set-selections
dpkg: warning: package not in status nor available database at line 1: g++-6
dpkg: warning: found unknown packages; this might mean the available database
is outdated, and needs to be updated through a frontend method;
please see the FAQ <https://wiki.debian.org/Teams/Dpkg/FAQ>
+ for VERSION in $VERSIONS
+ rm -f g++-7 gcc-7 cpp-7 gcc
+ ln -s clang++-13 g++-7
+ ln -s clang-13 gcc-7
+ ln -s clang-13 cpp-7
+ ln -s clang-13 gcc
+ echo 'gcc-7 hold'
+ dpkg --set-selections
dpkg: warning: package not in status nor available database at line 1: gcc-7
dpkg: warning: found unknown packages; this might mean the available database
is outdated, and needs to be updated through a frontend method;
please see the FAQ <https://wiki.debian.org/Teams/Dpkg/FAQ>
+ echo 'g++-7 hold'
+ dpkg --set-selections
dpkg: warning: package not in status nor available database at line 1: g++-7
dpkg: warning: found unknown packages; this might mean the available database
is outdated, and needs to be updated through a frontend method;
please see the FAQ <https://wiki.debian.org/Teams/Dpkg/FAQ>
+ for VERSION in $VERSIONS
+ rm -f g++-8 gcc-8 cpp-8 gcc
+ ln -s clang++-13 g++-8
+ ln -s clang-13 gcc-8
+ ln -s clang-13 cpp-8
+ ln -s clang-13 gcc
+ echo 'gcc-8 hold'
+ dpkg --set-selections
dpkg: warning: package not in status nor available database at line 1: gcc-8
dpkg: warning: found unknown packages; this might mean the available database
is outdated, and needs to be updated through a frontend method;
please see the FAQ <https://wiki.debian.org/Teams/Dpkg/FAQ>
+ echo 'g++-8 hold'
+ dpkg --set-selections
dpkg: warning: package not in status nor available database at line 1: g++-8
dpkg: warning: found unknown packages; this might mean the available database
is outdated, and needs to be updated through a frontend method;
please see the FAQ <https://wiki.debian.org/Teams/Dpkg/FAQ>
+ for VERSION in $VERSIONS
+ rm -f g++-9 gcc-9 cpp-9 gcc
+ ln -s clang++-13 g++-9
+ ln -s clang-13 gcc-9
+ ln -s clang-13 cpp-9
+ ln -s clang-13 gcc
+ echo 'gcc-9 hold'
+ dpkg --set-selections
dpkg: warning: package not in status nor available database at line 1: gcc-9
dpkg: warning: found unknown packages; this might mean the available database
is outdated, and needs to be updated through a frontend method;
please see the FAQ <https://wiki.debian.org/Teams/Dpkg/FAQ>
+ echo 'g++-9 hold'
+ dpkg --set-selections
dpkg: warning: package not in status nor available database at line 1: g++-9
dpkg: warning: found unknown packages; this might mean the available database
is outdated, and needs to be updated through a frontend method;
please see the FAQ <https://wiki.debian.org/Teams/Dpkg/FAQ>
+ for VERSION in $VERSIONS
+ rm -f g++-10 gcc-10 cpp-10 gcc
+ ln -s clang++-13 g++-10
+ ln -s clang-13 gcc-10
+ ln -s clang-13 cpp-10
+ ln -s clang-13 gcc
+ echo 'gcc-10 hold'
+ dpkg --set-selections
dpkg: warning: package not in status nor available database at line 1: gcc-10
dpkg: warning: found unknown packages; this might mean the available database
is outdated, and needs to be updated through a frontend method;
please see the FAQ <https://wiki.debian.org/Teams/Dpkg/FAQ>
+ echo 'g++-10 hold'
+ dpkg --set-selections
dpkg: warning: package not in status nor available database at line 1: g++-10
dpkg: warning: found unknown packages; this might mean the available database
is outdated, and needs to be updated through a frontend method;
please see the FAQ <https://wiki.debian.org/Teams/Dpkg/FAQ>
+ for VERSION in $VERSIONS
+ rm -f g++-11 gcc-11 cpp-11 gcc
+ ln -s clang++-13 g++-11
+ ln -s clang-13 gcc-11
+ ln -s clang-13 cpp-11
+ ln -s clang-13 gcc
+ echo 'gcc-11 hold'
+ dpkg --set-selections
+ echo 'g++-11 hold'
+ dpkg --set-selections
+ cd -
/build/quickfix-hZbTkr
+ echo 'Check if gcc, g++ & cpp are actually clang'
Check if gcc, g++ & cpp are actually clang
+ gcc --version
+ grep clang
+ cpp --version
+ grep clang
+ g++ --version
+ grep clang
+ cd /usr/bin/
+ rm -f clang++ clang
+ ln -s clang-13 clang++
+ ln -s clang-13 clang
+ clang++ --version
Debian clang version 13.0.0-8
Target: x86_64-pc-linux-gnu
Thread model: posix
InstalledDir: /usr/bin
+ clang --version
Debian clang version 13.0.0-8
Target: x86_64-pc-linux-gnu
Thread model: posix
InstalledDir: /usr/bin
+ cd -
/build/quickfix-hZbTkr
+ apt install --yes --no-install-recommends --force-yes qt5-qmake

WARNING: apt does not have a stable CLI interface. Use with caution in scripts.

Reading package lists...
Building dependency tree...
Reading state information...
The following additional packages will be installed:
  qt5-qmake-bin qtchooser
The following NEW packages will be installed:
  qt5-qmake qt5-qmake-bin qtchooser
0 upgraded, 3 newly installed, 0 to remove and 0 not upgraded.
Need to get 1322 kB of archives.
After this operation, 4914 kB of additional disk space will be used.
Get:1 http://127.0.0.1:12990/debian sid/main amd64 qt5-qmake-bin amd64 5.15.2+dfsg-12 [1046 kB]
Get:2 http://127.0.0.1:12990/debian sid/main amd64 qtchooser amd64 66-2 [26.3 kB]
Get:3 http://127.0.0.1:12990/debian sid/main amd64 qt5-qmake amd64 5.15.2+dfsg-12 [249 kB]
debconf: delaying package configuration, since apt-utils is not installed
Fetched 1322 kB in 0s (20.5 MB/s)
Selecting previously unselected package qt5-qmake-bin.
(Reading database ... (Reading database ... 5%(Reading database ... 10%(Reading database ... 15%(Reading database ... 20%(Reading database ... 25%(Reading database ... 30%(Reading database ... 35%(Reading database ... 40%(Reading database ... 45%(Reading database ... 50%(Reading database ... 55%(Reading database ... 60%(Reading database ... 65%(Reading database ... 70%(Reading database ... 75%(Reading database ... 80%(Reading database ... 85%(Reading database ... 90%(Reading database ... 95%(Reading database ... 100%(Reading database ... 13528 files and directories currently installed.)
Preparing to unpack .../qt5-qmake-bin_5.15.2+dfsg-12_amd64.deb ...
Unpacking qt5-qmake-bin (5.15.2+dfsg-12) ...
Selecting previously unselected package qtchooser.
Preparing to unpack .../qtchooser_66-2_amd64.deb ...
Unpacking qtchooser (66-2) ...
Selecting previously unselected package qt5-qmake:amd64.
Preparing to unpack .../qt5-qmake_5.15.2+dfsg-12_amd64.deb ...
Unpacking qt5-qmake:amd64 (5.15.2+dfsg-12) ...
Setting up qt5-qmake-bin (5.15.2+dfsg-12) ...
Setting up qtchooser (66-2) ...
Setting up qt5-qmake:amd64 (5.15.2+dfsg-12) ...
W: --force-yes is deprecated, use one of the options starting with --allow instead.
+ cp /usr/lib/x86_64-linux-gnu/qt5/mkspecs/linux-clang/qmake.conf /usr/lib/x86_64-linux-gnu/qt5/mkspecs/linux-clang/qplatformdefs.h /usr/lib/x86_64-linux-gnu/qt5/mkspecs/linux-g++/
+ ls -al /usr/lib/x86_64-linux-gnu/qt5/mkspecs/linux-g++/
total 16
drwxr-xr-x  2 root root 4096 Oct 26 20:53 .
drwxr-xr-x 76 root root 4096 Oct 26 20:53 ..
-rw-r--r--  1 root root  276 Oct 26 20:53 qmake.conf
-rw-r--r--  1 root root 3218 Oct 26 20:53 qplatformdefs.h
+ cat /usr/lib/x86_64-linux-gnu/qt5/mkspecs/linux-g++/qmake.conf
#
# qmake configuration for linux-clang
#

MAKEFILE_GENERATOR = UNIX
CONFIG += incremental

QMAKE_INCREMENTAL_STYLE = sublib

include(../common/linux.conf)
include(../common/gcc-base-unix.conf)
include(../common/clang.conf)

QMAKE_LFLAGS += -ccc-gcc-name g++

load(qt_config)
+ export QMAKESPEC=/usr/lib/x86_64-linux-gnu/qt5/mkspecs/linux-clang/
+ QMAKESPEC=/usr/lib/x86_64-linux-gnu/qt5/mkspecs/linux-clang/
+ sed -i -e 's|compare_problem(2,|compare_problem(0,|g' /usr/bin/dpkg-gensymbols
+ sed -i -e 's|compare_problem(1,|compare_problem(0,|g' /usr/bin/dpkg-gensymbols
+ grep 'compare_problem(' /usr/bin/dpkg-gensymbols
        compare_problem(4, g_('new libraries appeared in the symbols file: %s'), "@libs");
        compare_problem(3, g_('some libraries disappeared in the symbols file: %s'), "@libs");
        compare_problem(0, g_('some new symbols appeared in the symbols file: %s'),
        compare_problem(0, g_('some symbols or patterns disappeared in the symbols file: %s'),

I: Finished running '/tmp/clang13'.

Finished processing commands.
--------------------------------------------------------------------------------
I: NOTICE: Log filtering will replace 'build/quickfix-hZbTkr/resolver-X4NoWh' with '<<RESOLVERDIR>>'

+------------------------------------------------------------------------------+
| Update chroot                                                                |
+------------------------------------------------------------------------------+

Hit:1 http://127.0.0.1:12990/debian sid InRelease
Reading package lists...
Reading package lists...
Building dependency tree...
Reading state information...
Calculating upgrade...
0 upgraded, 0 newly installed, 0 to remove and 0 not upgraded.

+------------------------------------------------------------------------------+
| Fetch source files                                                           |
+------------------------------------------------------------------------------+


Check APT
---------

Checking available source versions...

Download source files with APT
------------------------------

Reading package lists...
Need to get 3041 kB of source archives.
Get:1 http://127.0.0.1:12990/debian sid/main quickfix 1.15.1+dfsg-4 (dsc) [2105 B]
Get:2 http://127.0.0.1:12990/debian sid/main quickfix 1.15.1+dfsg-4 (tar) [3030 kB]
Get:3 http://127.0.0.1:12990/debian sid/main quickfix 1.15.1+dfsg-4 (diff) [8532 B]
Fetched 3041 kB in 0s (26.6 MB/s)
Download complete and in download only mode
I: NOTICE: Log filtering will replace 'build/quickfix-hZbTkr/quickfix-1.15.1+dfsg' with '<<PKGBUILDDIR>>'
I: NOTICE: Log filtering will replace 'build/quickfix-hZbTkr' with '<<BUILDDIR>>'

+------------------------------------------------------------------------------+
| Install package build dependencies                                           |
+------------------------------------------------------------------------------+


Setup apt archive
-----------------

Merged Build-Depends: debhelper (>= 10), doxygen, graphviz, quilt, libxml2-dev, default-libmysqlclient-dev, libpqxx-dev, libboost-all-dev, libssl-dev, libtool, psmisc, flex, ruby, build-essential, fakeroot
Filtered Build-Depends: debhelper (>= 10), doxygen, graphviz, quilt, libxml2-dev, default-libmysqlclient-dev, libpqxx-dev, libboost-all-dev, libssl-dev, libtool, psmisc, flex, ruby, build-essential, fakeroot
dpkg-deb: building package 'sbuild-build-depends-main-dummy' in '/<<RESOLVERDIR>>/apt_archive/sbuild-build-depends-main-dummy.deb'.
Ign:1 copy:/<<RESOLVERDIR>>/apt_archive ./ InRelease
Get:2 copy:/<<RESOLVERDIR>>/apt_archive ./ Release [957 B]
Ign:3 copy:/<<RESOLVERDIR>>/apt_archive ./ Release.gpg
Get:4 copy:/<<RESOLVERDIR>>/apt_archive ./ Sources [445 B]
Get:5 copy:/<<RESOLVERDIR>>/apt_archive ./ Packages [526 B]
Fetched 1928 B in 0s (186 kB/s)
Reading package lists...
Reading package lists...

Install main build dependencies (apt-based resolver)
----------------------------------------------------

Installing build dependencies
Reading package lists...
Building dependency tree...
Reading state information...
The following additional packages will be installed:
  autoconf automake autopoint autotools-dev bsdextrautils ca-certificates
  cpp-10 debhelper default-libmysqlclient-dev dh-autoreconf
  dh-strip-nondeterminism diffstat doxygen dwz ed file flex fontconfig
  fontconfig-config fonts-dejavu-core gcc-10 gettext gettext-base gfortran-10
  graphviz groff-base ibverbs-providers icu-devtools intltool-debian libann0
  libarchive-zip-perl libboost-all-dev libboost-atomic-dev
  libboost-atomic1.74-dev libboost-atomic1.74.0 libboost-chrono-dev
  libboost-chrono1.74-dev libboost-chrono1.74.0 libboost-container-dev
  libboost-container1.74-dev libboost-container1.74.0 libboost-context-dev
  libboost-context1.74-dev libboost-context1.74.0 libboost-coroutine-dev
  libboost-coroutine1.74-dev libboost-coroutine1.74.0 libboost-date-time-dev
  libboost-date-time1.74-dev libboost-date-time1.74.0 libboost-dev
  libboost-exception-dev libboost-exception1.74-dev libboost-fiber-dev
  libboost-fiber1.74-dev libboost-fiber1.74.0 libboost-filesystem-dev
  libboost-filesystem1.74-dev libboost-filesystem1.74.0 libboost-graph-dev
  libboost-graph-parallel-dev libboost-graph-parallel1.74-dev
  libboost-graph-parallel1.74.0 libboost-graph1.74-dev libboost-graph1.74.0
  libboost-iostreams-dev libboost-iostreams1.74-dev libboost-iostreams1.74.0
  libboost-locale-dev libboost-locale1.74-dev libboost-locale1.74.0
  libboost-log-dev libboost-log1.74-dev libboost-log1.74.0 libboost-math-dev
  libboost-math1.74-dev libboost-math1.74.0 libboost-mpi-dev
  libboost-mpi-python-dev libboost-mpi-python1.74-dev
  libboost-mpi-python1.74.0 libboost-mpi1.74-dev libboost-mpi1.74.0
  libboost-nowide-dev libboost-nowide1.74-dev libboost-nowide1.74.0
  libboost-numpy-dev libboost-numpy1.74-dev libboost-numpy1.74.0
  libboost-program-options-dev libboost-program-options1.74-dev
  libboost-program-options1.74.0 libboost-python-dev libboost-python1.74-dev
  libboost-python1.74.0 libboost-random-dev libboost-random1.74-dev
  libboost-random1.74.0 libboost-regex-dev libboost-regex1.74-dev
  libboost-regex1.74.0 libboost-serialization-dev
  libboost-serialization1.74-dev libboost-serialization1.74.0
  libboost-stacktrace-dev libboost-stacktrace1.74-dev
  libboost-stacktrace1.74.0 libboost-system-dev libboost-system1.74-dev
  libboost-system1.74.0 libboost-test-dev libboost-test1.74-dev
  libboost-test1.74.0 libboost-thread-dev libboost-thread1.74-dev
  libboost-thread1.74.0 libboost-timer-dev libboost-timer1.74-dev
  libboost-timer1.74.0 libboost-tools-dev libboost-type-erasure-dev
  libboost-type-erasure1.74-dev libboost-type-erasure1.74.0 libboost-wave-dev
  libboost-wave1.74-dev libboost-wave1.74.0 libboost1.74-dev
  libboost1.74-tools-dev libbrotli1 libcairo2 libcbor0.8 libcdt5 libcgraph6
  libclang-cpp11 libclang1-11 libdatrie1 libdebhelper-perl libdeflate0 libelf1
  libevent-2.1-7 libevent-core-2.1-7 libevent-dev libevent-extra-2.1-7
  libevent-openssl-2.1-7 libevent-pthreads-2.1-7 libexpat1 libexpat1-dev
  libfabric1 libfido2-1 libfile-stripnondeterminism-perl libfontconfig1
  libfreetype6 libfribidi0 libgcc-10-dev libgd3 libgfortran-10-dev
  libgfortran5 libglib2.0-0 libgraphite2-3 libgts-0.7-5 libgvc6 libgvpr2
  libharfbuzz0b libhwloc-dev libhwloc-plugins libhwloc15 libibverbs-dev
  libibverbs1 libice6 libicu-dev libjbig0 libjpeg62-turbo libjs-jquery
  libjs-jquery-ui libjs-sphinxdoc libjs-underscore liblab-gamut1 libldap-2.4-2
  libllvm11 libltdl-dev libltdl7 libmagic-mgc libmagic1 libmariadb-dev
  libmariadb-dev-compat libmariadb3 libmpdec3 libncursesw6 libnl-3-200
  libnl-3-dev libnl-route-3-200 libnl-route-3-dev libnuma-dev libnuma1
  libopenmpi-dev libopenmpi3 libpango-1.0-0 libpangocairo-1.0-0
  libpangoft2-1.0-0 libpathplan4 libpciaccess0 libpipeline1 libpixman-1-0
  libpmix-dev libpmix2 libpng16-16 libpq-dev libpq5 libpqxx-6.4 libpqxx-dev
  libpsm-infinipath1 libpsm2-2 libpython3-dev libpython3-stdlib libpython3.9
  libpython3.9-dev libpython3.9-minimal libpython3.9-stdlib librdmacm1
  libreadline8 libruby2.7 libsasl2-2 libsasl2-modules-db libsigsegv2 libsm6
  libsqlite3-0 libssl-dev libstdc++-10-dev libsub-override-perl libthai-data
  libthai0 libtiff5 libtool libuchardet0 libucx0 libwebp6 libx11-6 libx11-data
  libxapian30 libxau6 libxaw7 libxcb-render0 libxcb-shm0 libxcb1 libxdmcp6
  libxext6 libxml2-dev libxmu6 libxnvctrl0 libxpm4 libxrender1 libxt6
  libyaml-0-2 m4 man-db mariadb-common media-types mpi-default-bin
  mpi-default-dev mysql-common ocl-icd-libopencl1 openmpi-bin openmpi-common
  openssh-client openssl pkg-config po-debconf psmisc python3 python3-dev
  python3-distutils python3-lib2to3 python3-minimal python3.9 python3.9-dev
  python3.9-minimal quilt rake readline-common ruby ruby-minitest
  ruby-net-telnet ruby-power-assert ruby-rubygems ruby-test-unit ruby-xmlrpc
  ruby2.7 rubygems-integration sensible-utils ucf x11-common zlib1g-dev
Suggested packages:
  autoconf-archive gnu-standards autoconf-doc gcc-10-locales dh-make
  doxygen-latex doxygen-doc doxygen-gui bison flex-doc gcc-10-multilib
  gcc-10-doc gettext-doc libasprintf-dev libgettextpo-dev gfortran-10-multilib
  gfortran-10-doc libcoarrays-dev gsfonts graphviz-doc groff libboost-doc
  libboost1.74-doc gccxml libboost-contract1.74-dev libmpfrc++-dev libntl-dev
  xsltproc docbook-xml docbook-xsl default-jdk fop libgd-tools
  libhwloc-contrib-plugins icu-doc libjs-jquery-ui-docs libtool-doc
  openmpi-doc pciutils postgresql-doc-14 libpqxx-doc libssl-doc
  libstdc++-10-doc gcj-jdk xapian-tools m4-doc apparmor less www-browser
  opencl-icd gfortran | fortran-compiler keychain libpam-ssh monkeysphere
  ssh-askpass libmail-box-perl python3-doc python3-tk python3-venv
  python3.9-venv python3.9-doc binfmt-support default-mta
  | mail-transport-agent procmail readline-doc ri ruby-dev bundler
Recommended packages:
  libfl-dev curl | wget | lynx fonts-liberation libarchive-cpio-perl
  libglib2.0-data shared-mime-info xdg-user-dirs libgts-bin javascript-common
  libldap-common libgpm2 libcoarrays-openmpi-dev libsasl2-modules xauth
  libmail-sendmail-perl less zip fonts-lato
The following NEW packages will be installed:
  autoconf automake autopoint autotools-dev bsdextrautils ca-certificates
  cpp-10 debhelper default-libmysqlclient-dev dh-autoreconf
  dh-strip-nondeterminism diffstat doxygen dwz ed file flex fontconfig
  fontconfig-config fonts-dejavu-core gcc-10 gettext gettext-base gfortran-10
  graphviz groff-base ibverbs-providers icu-devtools intltool-debian libann0
  libarchive-zip-perl libboost-all-dev libboost-atomic-dev
  libboost-atomic1.74-dev libboost-atomic1.74.0 libboost-chrono-dev
  libboost-chrono1.74-dev libboost-chrono1.74.0 libboost-container-dev
  libboost-container1.74-dev libboost-container1.74.0 libboost-context-dev
  libboost-context1.74-dev libboost-context1.74.0 libboost-coroutine-dev
  libboost-coroutine1.74-dev libboost-coroutine1.74.0 libboost-date-time-dev
  libboost-date-time1.74-dev libboost-date-time1.74.0 libboost-dev
  libboost-exception-dev libboost-exception1.74-dev libboost-fiber-dev
  libboost-fiber1.74-dev libboost-fiber1.74.0 libboost-filesystem-dev
  libboost-filesystem1.74-dev libboost-filesystem1.74.0 libboost-graph-dev
  libboost-graph-parallel-dev libboost-graph-parallel1.74-dev
  libboost-graph-parallel1.74.0 libboost-graph1.74-dev libboost-graph1.74.0
  libboost-iostreams-dev libboost-iostreams1.74-dev libboost-iostreams1.74.0
  libboost-locale-dev libboost-locale1.74-dev libboost-locale1.74.0
  libboost-log-dev libboost-log1.74-dev libboost-log1.74.0 libboost-math-dev
  libboost-math1.74-dev libboost-math1.74.0 libboost-mpi-dev
  libboost-mpi-python-dev libboost-mpi-python1.74-dev
  libboost-mpi-python1.74.0 libboost-mpi1.74-dev libboost-mpi1.74.0
  libboost-nowide-dev libboost-nowide1.74-dev libboost-nowide1.74.0
  libboost-numpy-dev libboost-numpy1.74-dev libboost-numpy1.74.0
  libboost-program-options-dev libboost-program-options1.74-dev
  libboost-program-options1.74.0 libboost-python-dev libboost-python1.74-dev
  libboost-python1.74.0 libboost-random-dev libboost-random1.74-dev
  libboost-random1.74.0 libboost-regex-dev libboost-regex1.74-dev
  libboost-regex1.74.0 libboost-serialization-dev
  libboost-serialization1.74-dev libboost-serialization1.74.0
  libboost-stacktrace-dev libboost-stacktrace1.74-dev
  libboost-stacktrace1.74.0 libboost-system-dev libboost-system1.74-dev
  libboost-system1.74.0 libboost-test-dev libboost-test1.74-dev
  libboost-test1.74.0 libboost-thread-dev libboost-thread1.74-dev
  libboost-thread1.74.0 libboost-timer-dev libboost-timer1.74-dev
  libboost-timer1.74.0 libboost-tools-dev libboost-type-erasure-dev
  libboost-type-erasure1.74-dev libboost-type-erasure1.74.0 libboost-wave-dev
  libboost-wave1.74-dev libboost-wave1.74.0 libboost1.74-dev
  libboost1.74-tools-dev libbrotli1 libcairo2 libcbor0.8 libcdt5 libcgraph6
  libclang-cpp11 libclang1-11 libdatrie1 libdebhelper-perl libdeflate0 libelf1
  libevent-2.1-7 libevent-core-2.1-7 libevent-dev libevent-extra-2.1-7
  libevent-openssl-2.1-7 libevent-pthreads-2.1-7 libexpat1 libexpat1-dev
  libfabric1 libfido2-1 libfile-stripnondeterminism-perl libfontconfig1
  libfreetype6 libfribidi0 libgcc-10-dev libgd3 libgfortran-10-dev
  libgfortran5 libglib2.0-0 libgraphite2-3 libgts-0.7-5 libgvc6 libgvpr2
  libharfbuzz0b libhwloc-dev libhwloc-plugins libhwloc15 libibverbs-dev
  libibverbs1 libice6 libicu-dev libjbig0 libjpeg62-turbo libjs-jquery
  libjs-jquery-ui libjs-sphinxdoc libjs-underscore liblab-gamut1 libldap-2.4-2
  libllvm11 libltdl-dev libltdl7 libmagic-mgc libmagic1 libmariadb-dev
  libmariadb-dev-compat libmariadb3 libmpdec3 libncursesw6 libnl-3-200
  libnl-3-dev libnl-route-3-200 libnl-route-3-dev libnuma-dev libnuma1
  libopenmpi-dev libopenmpi3 libpango-1.0-0 libpangocairo-1.0-0
  libpangoft2-1.0-0 libpathplan4 libpciaccess0 libpipeline1 libpixman-1-0
  libpmix-dev libpmix2 libpng16-16 libpq-dev libpq5 libpqxx-6.4 libpqxx-dev
  libpsm-infinipath1 libpsm2-2 libpython3-dev libpython3-stdlib libpython3.9
  libpython3.9-dev libpython3.9-minimal libpython3.9-stdlib librdmacm1
  libreadline8 libruby2.7 libsasl2-2 libsasl2-modules-db libsigsegv2 libsm6
  libsqlite3-0 libssl-dev libstdc++-10-dev libsub-override-perl libthai-data
  libthai0 libtiff5 libtool libuchardet0 libucx0 libwebp6 libx11-6 libx11-data
  libxapian30 libxau6 libxaw7 libxcb-render0 libxcb-shm0 libxcb1 libxdmcp6
  libxext6 libxml2-dev libxmu6 libxnvctrl0 libxpm4 libxrender1 libxt6
  libyaml-0-2 m4 man-db mariadb-common media-types mpi-default-bin
  mpi-default-dev mysql-common ocl-icd-libopencl1 openmpi-bin openmpi-common
  openssh-client openssl pkg-config po-debconf psmisc python3 python3-dev
  python3-distutils python3-lib2to3 python3-minimal python3.9 python3.9-dev
  python3.9-minimal quilt rake readline-common ruby ruby-minitest
  ruby-net-telnet ruby-power-assert ruby-rubygems ruby-test-unit ruby-xmlrpc
  ruby2.7 rubygems-integration sbuild-build-depends-main-dummy sensible-utils
  ucf x11-common zlib1g-dev
0 upgraded, 293 newly installed, 0 to remove and 0 not upgraded.
Need to get 180 MB of archives.
After this operation, 910 MB of additional disk space will be used.
Get:1 copy:/<<RESOLVERDIR>>/apt_archive ./ sbuild-build-depends-main-dummy 0.invalid.0 [956 B]
Get:2 http://127.0.0.1:12990/debian sid/main amd64 bsdextrautils amd64 2.37.2-4 [143 kB]
Get:3 http://127.0.0.1:12990/debian sid/main amd64 libuchardet0 amd64 0.0.7-1 [67.8 kB]
Get:4 http://127.0.0.1:12990/debian sid/main amd64 groff-base amd64 1.22.4-7 [935 kB]
Get:5 http://127.0.0.1:12990/debian sid/main amd64 libpipeline1 amd64 1.5.3-1 [34.3 kB]
Get:6 http://127.0.0.1:12990/debian sid/main amd64 man-db amd64 2.9.4-2 [1354 kB]
Get:7 http://127.0.0.1:12990/debian sid/main amd64 libsigsegv2 amd64 2.13-1 [34.8 kB]
Get:8 http://127.0.0.1:12990/debian sid/main amd64 m4 amd64 1.4.18-5 [204 kB]
Get:9 http://127.0.0.1:12990/debian sid/main amd64 flex amd64 2.6.4-8 [440 kB]
Get:10 http://127.0.0.1:12990/debian sid/main amd64 libpython3.9-minimal amd64 3.9.7-4 [804 kB]
Get:11 http://127.0.0.1:12990/debian sid/main amd64 libexpat1 amd64 2.4.1-3 [104 kB]
Get:12 http://127.0.0.1:12990/debian sid/main amd64 python3.9-minimal amd64 3.9.7-4 [1963 kB]
Get:13 http://127.0.0.1:12990/debian sid/main amd64 python3-minimal amd64 3.9.2-3 [38.2 kB]
Get:14 http://127.0.0.1:12990/debian sid/main amd64 media-types all 4.0.0 [30.3 kB]
Get:15 http://127.0.0.1:12990/debian sid/main amd64 libmpdec3 amd64 2.5.1-2 [87.8 kB]
Get:16 http://127.0.0.1:12990/debian sid/main amd64 libncursesw6 amd64 6.2+20210905-1 [133 kB]
Get:17 http://127.0.0.1:12990/debian sid/main amd64 readline-common all 8.1-2 [73.8 kB]
Get:18 http://127.0.0.1:12990/debian sid/main amd64 libreadline8 amd64 8.1-2 [168 kB]
Get:19 http://127.0.0.1:12990/debian sid/main amd64 libsqlite3-0 amd64 3.36.0-2 [815 kB]
Get:20 http://127.0.0.1:12990/debian sid/main amd64 libpython3.9-stdlib amd64 3.9.7-4 [1688 kB]
Get:21 http://127.0.0.1:12990/debian sid/main amd64 python3.9 amd64 3.9.7-4 [480 kB]
Get:22 http://127.0.0.1:12990/debian sid/main amd64 libpython3-stdlib amd64 3.9.2-3 [21.4 kB]
Get:23 http://127.0.0.1:12990/debian sid/main amd64 python3 amd64 3.9.2-3 [37.9 kB]
Get:24 http://127.0.0.1:12990/debian sid/main amd64 sensible-utils all 0.0.17 [21.5 kB]
Get:25 http://127.0.0.1:12990/debian sid/main amd64 openssl amd64 1.1.1l-1 [851 kB]
Get:26 http://127.0.0.1:12990/debian sid/main amd64 ca-certificates all 20211016 [156 kB]
Get:27 http://127.0.0.1:12990/debian sid/main amd64 libmagic-mgc amd64 1:5.39-3 [273 kB]
Get:28 http://127.0.0.1:12990/debian sid/main amd64 libmagic1 amd64 1:5.39-3 [126 kB]
Get:29 http://127.0.0.1:12990/debian sid/main amd64 file amd64 1:5.39-3 [69.1 kB]
Get:30 http://127.0.0.1:12990/debian sid/main amd64 gettext-base amd64 0.21-4 [175 kB]
Get:31 http://127.0.0.1:12990/debian sid/main amd64 libcbor0.8 amd64 0.8.0-1 [27.1 kB]
Get:32 http://127.0.0.1:12990/debian sid/main amd64 libfido2-1 amd64 1.8.0-1+b1 [63.4 kB]
Get:33 http://127.0.0.1:12990/debian sid/main amd64 openssh-client amd64 1:8.4p1-6 [929 kB]
Get:34 http://127.0.0.1:12990/debian sid/main amd64 ucf all 3.0043 [74.0 kB]
Get:35 http://127.0.0.1:12990/debian sid/main amd64 autoconf all 2.71-2 [343 kB]
Get:36 http://127.0.0.1:12990/debian sid/main amd64 autotools-dev all 20180224.1+nmu1 [77.1 kB]
Get:37 http://127.0.0.1:12990/debian sid/main amd64 automake all 1:1.16.5-1 [823 kB]
Get:38 http://127.0.0.1:12990/debian sid/main amd64 autopoint all 0.21-4 [510 kB]
Get:39 http://127.0.0.1:12990/debian sid/main amd64 cpp-10 amd64 10.3.0-11 [8569 kB]
Get:40 http://127.0.0.1:12990/debian sid/main amd64 libdebhelper-perl all 13.5.2 [192 kB]
Get:41 http://127.0.0.1:12990/debian sid/main amd64 libgcc-10-dev amd64 10.3.0-11 [2323 kB]
Get:42 http://127.0.0.1:12990/debian sid/main amd64 gcc-10 amd64 10.3.0-11 [17.1 MB]
Get:43 http://127.0.0.1:12990/debian sid/main amd64 libtool all 2.4.6-15 [513 kB]
Get:44 http://127.0.0.1:12990/debian sid/main amd64 dh-autoreconf all 20 [17.1 kB]
Get:45 http://127.0.0.1:12990/debian sid/main amd64 libarchive-zip-perl all 1.68-1 [104 kB]
Get:46 http://127.0.0.1:12990/debian sid/main amd64 libsub-override-perl all 0.09-2 [10.2 kB]
Get:47 http://127.0.0.1:12990/debian sid/main amd64 libfile-stripnondeterminism-perl all 1.12.0-2 [26.3 kB]
Get:48 http://127.0.0.1:12990/debian sid/main amd64 dh-strip-nondeterminism all 1.12.0-2 [15.5 kB]
Get:49 http://127.0.0.1:12990/debian sid/main amd64 libelf1 amd64 0.185-2 [172 kB]
Get:50 http://127.0.0.1:12990/debian sid/main amd64 dwz amd64 0.14-1 [98.3 kB]
Get:51 http://127.0.0.1:12990/debian sid/main amd64 gettext amd64 0.21-4 [1311 kB]
Get:52 http://127.0.0.1:12990/debian sid/main amd64 intltool-debian all 0.35.0+20060710.5 [26.8 kB]
Get:53 http://127.0.0.1:12990/debian sid/main amd64 po-debconf all 1.0.21+nmu1 [248 kB]
Get:54 http://127.0.0.1:12990/debian sid/main amd64 debhelper all 13.5.2 [1056 kB]
Get:55 http://127.0.0.1:12990/debian sid/main amd64 mysql-common all 5.8+1.0.7 [7464 B]
Get:56 http://127.0.0.1:12990/debian sid/main amd64 mariadb-common all 1:10.5.12-1 [36.3 kB]
Get:57 http://127.0.0.1:12990/debian sid/main amd64 libmariadb3 amd64 1:10.5.12-1 [175 kB]
Get:58 http://127.0.0.1:12990/debian sid/main amd64 libssl-dev amd64 1.1.1l-1 [1809 kB]
Get:59 http://127.0.0.1:12990/debian sid/main amd64 zlib1g-dev amd64 1:1.2.11.dfsg-2 [190 kB]
Get:60 http://127.0.0.1:12990/debian sid/main amd64 libmariadb-dev amd64 1:10.5.12-1 [184 kB]
Get:61 http://127.0.0.1:12990/debian sid/main amd64 libmariadb-dev-compat amd64 1:10.5.12-1 [35.1 kB]
Get:62 http://127.0.0.1:12990/debian sid/main amd64 default-libmysqlclient-dev amd64 1.0.7 [3936 B]
Get:63 http://127.0.0.1:12990/debian sid/main amd64 diffstat amd64 1.64-1 [36.6 kB]
Get:64 http://127.0.0.1:12990/debian sid/main amd64 libllvm11 amd64 1:11.1.0-4 [17.9 MB]
Get:65 http://127.0.0.1:12990/debian sid/main amd64 libclang-cpp11 amd64 1:11.1.0-4 [9662 kB]
Get:66 http://127.0.0.1:12990/debian sid/main amd64 libclang1-11 amd64 1:11.1.0-4 [5522 kB]
Get:67 http://127.0.0.1:12990/debian sid/main amd64 libxapian30 amd64 1.4.18-3 [1089 kB]
Get:68 http://127.0.0.1:12990/debian sid/main amd64 doxygen amd64 1.9.1-2 [4234 kB]
Get:69 http://127.0.0.1:12990/debian sid/main amd64 ed amd64 1.17-1 [60.7 kB]
Get:70 http://127.0.0.1:12990/debian sid/main amd64 libbrotli1 amd64 1.0.9-2+b2 [279 kB]
Get:71 http://127.0.0.1:12990/debian sid/main amd64 libpng16-16 amd64 1.6.37-3 [294 kB]
Get:72 http://127.0.0.1:12990/debian sid/main amd64 libfreetype6 amd64 2.11.0+dfsg-1 [453 kB]
Get:73 http://127.0.0.1:12990/debian sid/main amd64 fonts-dejavu-core all 2.37-2 [1069 kB]
Get:74 http://127.0.0.1:12990/debian sid/main amd64 fontconfig-config all 2.13.1-4.2 [281 kB]
Get:75 http://127.0.0.1:12990/debian sid/main amd64 libfontconfig1 amd64 2.13.1-4.2 [347 kB]
Get:76 http://127.0.0.1:12990/debian sid/main amd64 fontconfig amd64 2.13.1-4.2 [417 kB]
Get:77 http://127.0.0.1:12990/debian sid/main amd64 libgfortran5 amd64 11.2.0-10 [710 kB]
Get:78 http://127.0.0.1:12990/debian sid/main amd64 libgfortran-10-dev amd64 10.3.0-11 [769 kB]
Get:79 http://127.0.0.1:12990/debian sid/main amd64 gfortran-10 amd64 10.3.0-11 [9491 kB]
Get:80 http://127.0.0.1:12990/debian sid/main amd64 libann0 amd64 1.1.2+doc-7 [25.3 kB]
Get:81 http://127.0.0.1:12990/debian sid/main amd64 libcdt5 amd64 2.42.2-5 [62.2 kB]
Get:82 http://127.0.0.1:12990/debian sid/main amd64 libcgraph6 amd64 2.42.2-5 [85.5 kB]
Get:83 http://127.0.0.1:12990/debian sid/main amd64 libjpeg62-turbo amd64 1:2.0.6-4 [151 kB]
Get:84 http://127.0.0.1:12990/debian sid/main amd64 libdeflate0 amd64 1.8-1 [53.1 kB]
Get:85 http://127.0.0.1:12990/debian sid/main amd64 libjbig0 amd64 2.1-3.1+b2 [31.0 kB]
Get:86 http://127.0.0.1:12990/debian sid/main amd64 libwebp6 amd64 0.6.1-2.1 [258 kB]
Get:87 http://127.0.0.1:12990/debian sid/main amd64 libtiff5 amd64 4.3.0-2 [294 kB]
Get:88 http://127.0.0.1:12990/debian sid/main amd64 libxau6 amd64 1:1.0.9-1 [19.7 kB]
Get:89 http://127.0.0.1:12990/debian sid/main amd64 libxdmcp6 amd64 1:1.1.2-3 [26.3 kB]
Get:90 http://127.0.0.1:12990/debian sid/main amd64 libxcb1 amd64 1.14-3 [140 kB]
Get:91 http://127.0.0.1:12990/debian sid/main amd64 libx11-data all 2:1.7.2-2 [311 kB]
Get:92 http://127.0.0.1:12990/debian sid/main amd64 libx11-6 amd64 2:1.7.2-2+b1 [772 kB]
Get:93 http://127.0.0.1:12990/debian sid/main amd64 libxpm4 amd64 1:3.5.12-1 [49.1 kB]
Get:94 http://127.0.0.1:12990/debian sid/main amd64 libgd3 amd64 2.3.0-2 [137 kB]
Get:95 http://127.0.0.1:12990/debian sid/main amd64 libglib2.0-0 amd64 2.70.0-3 [1401 kB]
Get:96 http://127.0.0.1:12990/debian sid/main amd64 libgts-0.7-5 amd64 0.7.6+darcs121130-4+b1 [158 kB]
Get:97 http://127.0.0.1:12990/debian sid/main amd64 libpixman-1-0 amd64 0.40.0-1 [543 kB]
Get:98 http://127.0.0.1:12990/debian sid/main amd64 libxcb-render0 amd64 1.14-3 [111 kB]
Get:99 http://127.0.0.1:12990/debian sid/main amd64 libxcb-shm0 amd64 1.14-3 [101 kB]
Get:100 http://127.0.0.1:12990/debian sid/main amd64 libxext6 amd64 2:1.3.4-1 [53.1 kB]
Get:101 http://127.0.0.1:12990/debian sid/main amd64 libxrender1 amd64 1:0.9.10-1 [33.0 kB]
Get:102 http://127.0.0.1:12990/debian sid/main amd64 libcairo2 amd64 1.16.0-5 [694 kB]
Get:103 http://127.0.0.1:12990/debian sid/main amd64 libltdl7 amd64 2.4.6-15 [391 kB]
Get:104 http://127.0.0.1:12990/debian sid/main amd64 libfribidi0 amd64 1.0.8-2 [64.8 kB]
Get:105 http://127.0.0.1:12990/debian sid/main amd64 libgraphite2-3 amd64 1.3.14-1 [81.2 kB]
Get:106 http://127.0.0.1:12990/debian sid/main amd64 libharfbuzz0b amd64 2.7.4-1 [1471 kB]
Get:107 http://127.0.0.1:12990/debian sid/main amd64 libthai-data all 0.1.28-4.1 [171 kB]
Get:108 http://127.0.0.1:12990/debian sid/main amd64 libdatrie1 amd64 0.2.13-2 [43.0 kB]
Get:109 http://127.0.0.1:12990/debian sid/main amd64 libthai0 amd64 0.1.28-4.1 [54.5 kB]
Get:110 http://127.0.0.1:12990/debian sid/main amd64 libpango-1.0-0 amd64 1.48.10+ds1-1 [204 kB]
Get:111 http://127.0.0.1:12990/debian sid/main amd64 libpangoft2-1.0-0 amd64 1.48.10+ds1-1 [73.3 kB]
Get:112 http://127.0.0.1:12990/debian sid/main amd64 libpangocairo-1.0-0 amd64 1.48.10+ds1-1 [60.7 kB]
Get:113 http://127.0.0.1:12990/debian sid/main amd64 libpathplan4 amd64 2.42.2-5 [64.3 kB]
Get:114 http://127.0.0.1:12990/debian sid/main amd64 libgvc6 amd64 2.42.2-5 [695 kB]
Get:115 http://127.0.0.1:12990/debian sid/main amd64 libgvpr2 amd64 2.42.2-5 [212 kB]
Get:116 http://127.0.0.1:12990/debian sid/main amd64 liblab-gamut1 amd64 2.42.2-5 [221 kB]
Get:117 http://127.0.0.1:12990/debian sid/main amd64 x11-common all 1:7.7+23 [252 kB]
Get:118 http://127.0.0.1:12990/debian sid/main amd64 libice6 amd64 2:1.0.10-1 [58.5 kB]
Get:119 http://127.0.0.1:12990/debian sid/main amd64 libsm6 amd64 2:1.2.3-1 [35.1 kB]
Get:120 http://127.0.0.1:12990/debian sid/main amd64 libxt6 amd64 1:1.2.0-1 [189 kB]
Get:121 http://127.0.0.1:12990/debian sid/main amd64 libxmu6 amd64 2:1.1.2-2+b3 [60.8 kB]
Get:122 http://127.0.0.1:12990/debian sid/main amd64 libxaw7 amd64 2:1.0.13-1.1 [202 kB]
Get:123 http://127.0.0.1:12990/debian sid/main amd64 graphviz amd64 2.42.2-5 [632 kB]
Get:124 http://127.0.0.1:12990/debian sid/main amd64 libnl-3-200 amd64 3.4.0-1+b1 [63.6 kB]
Get:125 http://127.0.0.1:12990/debian sid/main amd64 libnl-route-3-200 amd64 3.4.0-1+b1 [161 kB]
Get:126 http://127.0.0.1:12990/debian sid/main amd64 libibverbs1 amd64 36.0-1 [60.3 kB]
Get:127 http://127.0.0.1:12990/debian sid/main amd64 ibverbs-providers amd64 36.0-1 [275 kB]
Get:128 http://127.0.0.1:12990/debian sid/main amd64 icu-devtools amd64 67.1-7 [201 kB]
Get:129 http://127.0.0.1:12990/debian sid/main amd64 libstdc++-10-dev amd64 10.3.0-11 [1750 kB]
Get:130 http://127.0.0.1:12990/debian sid/main amd64 libboost1.74-dev amd64 1.74.0-11 [9533 kB]
Get:131 http://127.0.0.1:12990/debian sid/main amd64 libboost-dev amd64 1.74.0.3 [4548 B]
Get:132 http://127.0.0.1:12990/debian sid/main amd64 libboost1.74-tools-dev amd64 1.74.0-11 [1462 kB]
Get:133 http://127.0.0.1:12990/debian sid/main amd64 libboost-tools-dev amd64 1.74.0.3 [4508 B]
Get:134 http://127.0.0.1:12990/debian sid/main amd64 libboost-atomic1.74.0 amd64 1.74.0-11 [244 kB]
Get:135 http://127.0.0.1:12990/debian sid/main amd64 libboost-atomic1.74-dev amd64 1.74.0-11 [245 kB]
Get:136 http://127.0.0.1:12990/debian sid/main amd64 libboost-atomic-dev amd64 1.74.0.3 [4640 B]
Get:137 http://127.0.0.1:12990/debian sid/main amd64 libboost-chrono1.74.0 amd64 1.74.0-11 [252 kB]
Get:138 http://127.0.0.1:12990/debian sid/main amd64 libboost-chrono1.74-dev amd64 1.74.0-11 [260 kB]
Get:139 http://127.0.0.1:12990/debian sid/main amd64 libboost-chrono-dev amd64 1.74.0.3 [4960 B]
Get:140 http://127.0.0.1:12990/debian sid/main amd64 libboost-container1.74.0 amd64 1.74.0-11 [270 kB]
Get:141 http://127.0.0.1:12990/debian sid/main amd64 libboost-container1.74-dev amd64 1.74.0-11 [274 kB]
Get:142 http://127.0.0.1:12990/debian sid/main amd64 libboost-container-dev amd64 1.74.0.3 [4812 B]
Get:143 http://127.0.0.1:12990/debian sid/main amd64 libboost-date-time1.74.0 amd64 1.74.0-11 [241 kB]
Get:144 http://127.0.0.1:12990/debian sid/main amd64 libboost-serialization1.74.0 amd64 1.74.0-11 [340 kB]
Get:145 http://127.0.0.1:12990/debian sid/main amd64 libboost-serialization1.74-dev amd64 1.74.0-11 [381 kB]
Get:146 http://127.0.0.1:12990/debian sid/main amd64 libboost-date-time1.74-dev amd64 1.74.0-11 [251 kB]
Get:147 http://127.0.0.1:12990/debian sid/main amd64 libboost-system1.74.0 amd64 1.74.0-11 [242 kB]
Get:148 http://127.0.0.1:12990/debian sid/main amd64 libboost-system1.74-dev amd64 1.74.0-11 [243 kB]
Get:149 http://127.0.0.1:12990/debian sid/main amd64 libboost-thread1.74.0 amd64 1.74.0-11 [280 kB]
Get:150 http://127.0.0.1:12990/debian sid/main amd64 libboost-thread1.74-dev amd64 1.74.0-11 [289 kB]
Get:151 http://127.0.0.1:12990/debian sid/main amd64 libboost-context1.74.0 amd64 1.74.0-11 [243 kB]
Get:152 http://127.0.0.1:12990/debian sid/main amd64 libboost-context1.74-dev amd64 1.74.0-11 [244 kB]
Get:153 http://127.0.0.1:12990/debian sid/main amd64 libboost-context-dev amd64 1.74.0.3 [4540 B]
Get:154 http://127.0.0.1:12990/debian sid/main amd64 libboost-coroutine1.74.0 amd64 1.74.0-11 [257 kB]
Get:155 http://127.0.0.1:12990/debian sid/main amd64 libboost-coroutine1.74-dev amd64 1.74.0-11 [265 kB]
Get:156 http://127.0.0.1:12990/debian sid/main amd64 libboost-coroutine-dev amd64 1.74.0.3 [4608 B]
Get:157 http://127.0.0.1:12990/debian sid/main amd64 libboost-date-time-dev amd64 1.74.0.3 [4332 B]
Get:158 http://127.0.0.1:12990/debian sid/main amd64 libboost-exception1.74-dev amd64 1.74.0-11 [241 kB]
Get:159 http://127.0.0.1:12990/debian sid/main amd64 libboost-exception-dev amd64 1.74.0.3 [4320 B]
Get:160 http://127.0.0.1:12990/debian sid/main amd64 libboost-filesystem1.74.0 amd64 1.74.0-11 [283 kB]
Get:161 http://127.0.0.1:12990/debian sid/main amd64 libboost-filesystem1.74-dev amd64 1.74.0-11 [303 kB]
Get:162 http://127.0.0.1:12990/debian sid/main amd64 libboost-fiber1.74.0 amd64 1.74.0-11 [264 kB]
Get:163 http://127.0.0.1:12990/debian sid/main amd64 libboost-fiber1.74-dev amd64 1.74.0-11 [275 kB]
Get:164 http://127.0.0.1:12990/debian sid/main amd64 libboost-fiber-dev amd64 1.74.0.3 [4764 B]
Get:165 http://127.0.0.1:12990/debian sid/main amd64 libboost-filesystem-dev amd64 1.74.0.3 [4368 B]
Get:166 http://127.0.0.1:12990/debian sid/main amd64 libboost-regex1.74.0 amd64 1.74.0-11 [516 kB]
Get:167 http://127.0.0.1:12990/debian sid/main amd64 libboost-graph1.74.0 amd64 1.74.0-11 [327 kB]
Get:168 http://127.0.0.1:12990/debian sid/main amd64 libicu-dev amd64 67.1-7 [9597 kB]
Get:169 http://127.0.0.1:12990/debian sid/main amd64 libboost-regex1.74-dev amd64 1.74.0-11 [585 kB]
Get:170 http://127.0.0.1:12990/debian sid/main amd64 libboost-test1.74.0 amd64 1.74.0-11 [472 kB]
Get:171 http://127.0.0.1:12990/debian sid/main amd64 libboost-test1.74-dev amd64 1.74.0-11 [544 kB]
Get:172 http://127.0.0.1:12990/debian sid/main amd64 libboost-graph1.74-dev amd64 1.74.0-11 [346 kB]
Get:173 http://127.0.0.1:12990/debian sid/main amd64 libboost-graph-dev amd64 1.74.0.3 [4436 B]
Get:174 http://127.0.0.1:12990/debian sid/main amd64 libevent-core-2.1-7 amd64 2.1.12-stable-1 [139 kB]
Get:175 http://127.0.0.1:12990/debian sid/main amd64 libevent-pthreads-2.1-7 amd64 2.1.12-stable-1 [57.1 kB]
Get:176 http://127.0.0.1:12990/debian sid/main amd64 libpsm-infinipath1 amd64 3.3+20.604758e7-6.1 [169 kB]
Get:177 http://127.0.0.1:12990/debian sid/main amd64 libnuma1 amd64 2.0.14-3 [24.4 kB]
Get:178 http://127.0.0.1:12990/debian sid/main amd64 libpsm2-2 amd64 11.2.185-1 [181 kB]
Get:179 http://127.0.0.1:12990/debian sid/main amd64 librdmacm1 amd64 36.0-1 [69.1 kB]
Get:180 http://127.0.0.1:12990/debian sid/main amd64 libfabric1 amd64 1.11.0-2 [521 kB]
Get:181 http://127.0.0.1:12990/debian sid/main amd64 libhwloc15 amd64 2.5.0+dfsg-2 [154 kB]
Get:182 http://127.0.0.1:12990/debian sid/main amd64 libpciaccess0 amd64 0.16-1 [53.6 kB]
Get:183 http://127.0.0.1:12990/debian sid/main amd64 libxnvctrl0 amd64 470.57.02-2 [27.1 kB]
Get:184 http://127.0.0.1:12990/debian sid/main amd64 ocl-icd-libopencl1 amd64 2.2.14-3 [42.6 kB]
Get:185 http://127.0.0.1:12990/debian sid/main amd64 libhwloc-plugins amd64 2.5.0+dfsg-2 [21.6 kB]
Get:186 http://127.0.0.1:12990/debian sid/main amd64 libpmix2 amd64 4.1.1~rc4-1 [572 kB]
Get:187 http://127.0.0.1:12990/debian sid/main amd64 libucx0 amd64 1.11.2-1 [765 kB]
Get:188 http://127.0.0.1:12990/debian sid/main amd64 libopenmpi3 amd64 4.1.2~rc1-4 [2388 kB]
Get:189 http://127.0.0.1:12990/debian sid/main amd64 libboost-mpi1.74.0 amd64 1.74.0-11 [281 kB]
Get:190 http://127.0.0.1:12990/debian sid/main amd64 libboost-graph-parallel1.74.0 amd64 1.74.0-11 [291 kB]
Get:191 http://127.0.0.1:12990/debian sid/main amd64 libboost-graph-parallel1.74-dev amd64 1.74.0-11 [295 kB]
Get:192 http://127.0.0.1:12990/debian sid/main amd64 libboost-graph-parallel-dev amd64 1.74.0.3 [4460 B]
Get:193 http://127.0.0.1:12990/debian sid/main amd64 libboost-iostreams1.74.0 amd64 1.74.0-11 [264 kB]
Get:194 http://127.0.0.1:12990/debian sid/main amd64 libboost-iostreams1.74-dev amd64 1.74.0-11 [272 kB]
Get:195 http://127.0.0.1:12990/debian sid/main amd64 libboost-iostreams-dev amd64 1.74.0.3 [4316 B]
Get:196 http://127.0.0.1:12990/debian sid/main amd64 libboost-locale1.74.0 amd64 1.74.0-11 [472 kB]
Get:197 http://127.0.0.1:12990/debian sid/main amd64 libboost-locale1.74-dev amd64 1.74.0-11 [571 kB]
Get:198 http://127.0.0.1:12990/debian sid/main amd64 libboost-locale-dev amd64 1.74.0.3 [4660 B]
Get:199 http://127.0.0.1:12990/debian sid/main amd64 libboost-log1.74.0 amd64 1.74.0-11 [619 kB]
Get:200 http://127.0.0.1:12990/debian sid/main amd64 libboost-log1.74-dev amd64 1.74.0-11 [807 kB]
Get:201 http://127.0.0.1:12990/debian sid/main amd64 libboost-log-dev amd64 1.74.0.3 [4540 B]
Get:202 http://127.0.0.1:12990/debian sid/main amd64 libboost-math1.74.0 amd64 1.74.0-11 [522 kB]
Get:203 http://127.0.0.1:12990/debian sid/main amd64 libboost-math1.74-dev amd64 1.74.0-11 [596 kB]
Get:204 http://127.0.0.1:12990/debian sid/main amd64 libboost-math-dev amd64 1.74.0.3 [4532 B]
Get:205 http://127.0.0.1:12990/debian sid/main amd64 openmpi-common all 4.1.2~rc1-4 [183 kB]
Get:206 http://127.0.0.1:12990/debian sid/main amd64 libnl-3-dev amd64 3.4.0-1+b1 [102 kB]
Get:207 http://127.0.0.1:12990/debian sid/main amd64 libnl-route-3-dev amd64 3.4.0-1+b1 [176 kB]
Get:208 http://127.0.0.1:12990/debian sid/main amd64 libibverbs-dev amd64 36.0-1 [533 kB]
Get:209 http://127.0.0.1:12990/debian sid/main amd64 libnuma-dev amd64 2.0.14-3 [37.8 kB]
Get:210 http://127.0.0.1:12990/debian sid/main amd64 libltdl-dev amd64 2.4.6-15 [162 kB]
Get:211 http://127.0.0.1:12990/debian sid/main amd64 libhwloc-dev amd64 2.5.0+dfsg-2 [239 kB]
Get:212 http://127.0.0.1:12990/debian sid/main amd64 libevent-2.1-7 amd64 2.1.12-stable-1 [188 kB]
Get:213 http://127.0.0.1:12990/debian sid/main amd64 libevent-extra-2.1-7 amd64 2.1.12-stable-1 [110 kB]
Get:214 http://127.0.0.1:12990/debian sid/main amd64 libevent-openssl-2.1-7 amd64 2.1.12-stable-1 [64.1 kB]
Get:215 http://127.0.0.1:12990/debian sid/main amd64 libevent-dev amd64 2.1.12-stable-1 [311 kB]
Get:216 http://127.0.0.1:12990/debian sid/main amd64 libpmix-dev amd64 4.1.1~rc4-1 [715 kB]
Get:217 http://127.0.0.1:12990/debian sid/main amd64 libjs-jquery all 3.5.1+dfsg+~3.5.5-8 [315 kB]
Get:218 http://127.0.0.1:12990/debian sid/main amd64 libjs-jquery-ui all 1.12.1+dfsg-8 [232 kB]
Get:219 http://127.0.0.1:12990/debian sid/main amd64 openmpi-bin amd64 4.1.2~rc1-4 [241 kB]
Get:220 http://127.0.0.1:12990/debian sid/main amd64 libopenmpi-dev amd64 4.1.2~rc1-4 [986 kB]
Get:221 http://127.0.0.1:12990/debian sid/main amd64 mpi-default-dev amd64 1.14 [5548 B]
Get:222 http://127.0.0.1:12990/debian sid/main amd64 libboost-mpi1.74-dev amd64 1.74.0-11 [301 kB]
Get:223 http://127.0.0.1:12990/debian sid/main amd64 libboost-mpi-dev amd64 1.74.0.3 [4420 B]
Get:224 http://127.0.0.1:12990/debian sid/main amd64 libboost-python1.74.0 amd64 1.74.0-11 [313 kB]
Get:225 http://127.0.0.1:12990/debian sid/main amd64 mpi-default-bin amd64 1.14 [4752 B]
Get:226 http://127.0.0.1:12990/debian sid/main amd64 libboost-mpi-python1.74.0 amd64 1.74.0-11 [364 kB]
Get:227 http://127.0.0.1:12990/debian sid/main amd64 libboost-mpi-python1.74-dev amd64 1.74.0-11 [248 kB]
Get:228 http://127.0.0.1:12990/debian sid/main amd64 libboost-mpi-python-dev amd64 1.74.0.3 [4456 B]
Get:229 http://127.0.0.1:12990/debian sid/main amd64 libboost-numpy1.74.0 amd64 1.74.0-11 [253 kB]
Get:230 http://127.0.0.1:12990/debian sid/main amd64 libboost-numpy1.74-dev amd64 1.74.0-11 [256 kB]
Get:231 http://127.0.0.1:12990/debian sid/main amd64 libboost-numpy-dev amd64 1.74.0.3 [4376 B]
Get:232 http://127.0.0.1:12990/debian sid/main amd64 libboost-program-options1.74.0 amd64 1.74.0-11 [356 kB]
Get:233 http://127.0.0.1:12990/debian sid/main amd64 libboost-program-options1.74-dev amd64 1.74.0-11 [385 kB]
Get:234 http://127.0.0.1:12990/debian sid/main amd64 libboost-program-options-dev amd64 1.74.0.3 [4340 B]
Get:235 http://127.0.0.1:12990/debian sid/main amd64 libpython3.9 amd64 3.9.7-4 [1693 kB]
Get:236 http://127.0.0.1:12990/debian sid/main amd64 libexpat1-dev amd64 2.4.1-3 [156 kB]
Get:237 http://127.0.0.1:12990/debian sid/main amd64 libpython3.9-dev amd64 3.9.7-4 [4032 kB]
Get:238 http://127.0.0.1:12990/debian sid/main amd64 libpython3-dev amd64 3.9.2-3 [21.7 kB]
Get:239 http://127.0.0.1:12990/debian sid/main amd64 python3.9-dev amd64 3.9.7-4 [508 kB]
Get:240 http://127.0.0.1:12990/debian sid/main amd64 python3-lib2to3 all 3.9.7-1 [79.4 kB]
Get:241 http://127.0.0.1:12990/debian sid/main amd64 python3-distutils all 3.9.7-1 [146 kB]
Get:242 http://127.0.0.1:12990/debian sid/main amd64 libjs-underscore all 1.9.1~dfsg-4 [100 kB]
Get:243 http://127.0.0.1:12990/debian sid/main amd64 libjs-sphinxdoc all 4.2.0-5 [137 kB]
Get:244 http://127.0.0.1:12990/debian sid/main amd64 python3-dev amd64 3.9.2-3 [24.8 kB]
Get:245 http://127.0.0.1:12990/debian sid/main amd64 libboost-python1.74-dev amd64 1.74.0-11 [335 kB]
Get:246 http://127.0.0.1:12990/debian sid/main amd64 libboost-python-dev amd64 1.74.0.3 [4632 B]
Get:247 http://127.0.0.1:12990/debian sid/main amd64 libboost-random1.74.0 amd64 1.74.0-11 [251 kB]
Get:248 http://127.0.0.1:12990/debian sid/main amd64 libboost-random1.74-dev amd64 1.74.0-11 [254 kB]
Get:249 http://127.0.0.1:12990/debian sid/main amd64 libboost-random-dev amd64 1.74.0.3 [4336 B]
Get:250 http://127.0.0.1:12990/debian sid/main amd64 libboost-regex-dev amd64 1.74.0.3 [4600 B]
Get:251 http://127.0.0.1:12990/debian sid/main amd64 libboost-serialization-dev amd64 1.74.0.3 [4560 B]
Get:252 http://127.0.0.1:12990/debian sid/main amd64 libboost-stacktrace1.74.0 amd64 1.74.0-11 [279 kB]
Get:253 http://127.0.0.1:12990/debian sid/main amd64 libboost-stacktrace1.74-dev amd64 1.74.0-11 [255 kB]
Get:254 http://127.0.0.1:12990/debian sid/main amd64 libboost-stacktrace-dev amd64 1.74.0.3 [4328 B]
Get:255 http://127.0.0.1:12990/debian sid/main amd64 libboost-system-dev amd64 1.74.0.3 [4468 B]
Get:256 http://127.0.0.1:12990/debian sid/main amd64 libboost-test-dev amd64 1.74.0.3 [4368 B]
Get:257 http://127.0.0.1:12990/debian sid/main amd64 libboost-thread-dev amd64 1.74.0.3 [4356 B]
Get:258 http://127.0.0.1:12990/debian sid/main amd64 libboost-timer1.74.0 amd64 1.74.0-11 [251 kB]
Get:259 http://127.0.0.1:12990/debian sid/main amd64 libboost-timer1.74-dev amd64 1.74.0-11 [254 kB]
Get:260 http://127.0.0.1:12990/debian sid/main amd64 libboost-timer-dev amd64 1.74.0.3 [4456 B]
Get:261 http://127.0.0.1:12990/debian sid/main amd64 libboost-type-erasure1.74.0 amd64 1.74.0-11 [256 kB]
Get:262 http://127.0.0.1:12990/debian sid/main amd64 libboost-type-erasure1.74-dev amd64 1.74.0-11 [260 kB]
Get:263 http://127.0.0.1:12990/debian sid/main amd64 libboost-type-erasure-dev amd64 1.74.0.3 [4428 B]
Get:264 http://127.0.0.1:12990/debian sid/main amd64 libboost-wave1.74.0 amd64 1.74.0-11 [439 kB]
Get:265 http://127.0.0.1:12990/debian sid/main amd64 libboost-wave1.74-dev amd64 1.74.0-11 [494 kB]
Get:266 http://127.0.0.1:12990/debian sid/main amd64 libboost-wave-dev amd64 1.74.0.3 [4360 B]
Get:267 http://127.0.0.1:12990/debian sid/main amd64 libboost-nowide1.74.0 amd64 1.74.0-11 [243 kB]
Get:268 http://127.0.0.1:12990/debian sid/main amd64 libboost-nowide1.74-dev amd64 1.74.0-11 [244 kB]
Get:269 http://127.0.0.1:12990/debian sid/main amd64 libboost-nowide-dev amd64 1.74.0.3 [4392 B]
Get:270 http://127.0.0.1:12990/debian sid/main amd64 libboost-all-dev amd64 1.74.0.3 [4680 B]
Get:271 http://127.0.0.1:12990/debian sid/main amd64 libsasl2-modules-db amd64 2.1.27+dfsg-2.1 [69.1 kB]
Get:272 http://127.0.0.1:12990/debian sid/main amd64 libsasl2-2 amd64 2.1.27+dfsg-2.1 [106 kB]
Get:273 http://127.0.0.1:12990/debian sid/main amd64 libldap-2.4-2 amd64 2.4.59+dfsg-1 [232 kB]
Get:274 http://127.0.0.1:12990/debian sid/main amd64 libpq5 amd64 14.0-1 [170 kB]
Get:275 http://127.0.0.1:12990/debian sid/main amd64 libpq-dev amd64 14.0-1 [135 kB]
Get:276 http://127.0.0.1:12990/debian sid/main amd64 libpqxx-6.4 amd64 6.4.5-2 [163 kB]
Get:277 http://127.0.0.1:12990/debian sid/main amd64 pkg-config amd64 0.29.2-1 [65.1 kB]
Get:278 http://127.0.0.1:12990/debian sid/main amd64 libpqxx-dev amd64 6.4.5-2 [271 kB]
Get:279 http://127.0.0.1:12990/debian sid/main amd64 rubygems-integration all 1.18 [6704 B]
Get:280 http://127.0.0.1:12990/debian sid/main amd64 ruby2.7 amd64 2.7.4-1+b1 [747 kB]
Get:281 http://127.0.0.1:12990/debian sid/main amd64 ruby-rubygems all 3.2.27-2 [272 kB]
Get:282 http://127.0.0.1:12990/debian sid/main amd64 ruby amd64 1:2.7.5 [11.9 kB]
Get:283 http://127.0.0.1:12990/debian sid/main amd64 rake all 13.0.3-1 [84.7 kB]
Get:284 http://127.0.0.1:12990/debian sid/main amd64 ruby-minitest all 5.13.0-1 [57.3 kB]
Get:285 http://127.0.0.1:12990/debian sid/main amd64 ruby-net-telnet all 0.1.1-2 [12.5 kB]
Get:286 http://127.0.0.1:12990/debian sid/main amd64 ruby-power-assert all 1.1.7-2 [11.5 kB]
Get:287 http://127.0.0.1:12990/debian sid/main amd64 ruby-test-unit all 3.3.9-1 [86.1 kB]
Get:288 http://127.0.0.1:12990/debian sid/main amd64 ruby-xmlrpc all 0.3.0-2 [23.7 kB]
Get:289 http://127.0.0.1:12990/debian sid/main amd64 libyaml-0-2 amd64 0.2.2-1 [49.6 kB]
Get:290 http://127.0.0.1:12990/debian sid/main amd64 libruby2.7 amd64 2.7.4-1+b1 [4198 kB]
Get:291 http://127.0.0.1:12990/debian sid/main amd64 libxml2-dev amd64 2.9.12+dfsg-5 [792 kB]
Get:292 http://127.0.0.1:12990/debian sid/main amd64 psmisc amd64 23.4-2 [198 kB]
Get:293 http://127.0.0.1:12990/debian sid/main amd64 quilt all 0.66-2.1 [319 kB]
debconf: delaying package configuration, since apt-utils is not installed
Fetched 180 MB in 1s (128 MB/s)
Selecting previously unselected package bsdextrautils.
(Reading database ... 14273 files and directories currently installed.)
Preparing to unpack .../00-bsdextrautils_2.37.2-4_amd64.deb ...
Unpacking bsdextrautils (2.37.2-4) ...
Selecting previously unselected package libuchardet0:amd64.
Preparing to unpack .../01-libuchardet0_0.0.7-1_amd64.deb ...
Unpacking libuchardet0:amd64 (0.0.7-1) ...
Selecting previously unselected package groff-base.
Preparing to unpack .../02-groff-base_1.22.4-7_amd64.deb ...
Unpacking groff-base (1.22.4-7) ...
Selecting previously unselected package libpipeline1:amd64.
Preparing to unpack .../03-libpipeline1_1.5.3-1_amd64.deb ...
Unpacking libpipeline1:amd64 (1.5.3-1) ...
Selecting previously unselected package man-db.
Preparing to unpack .../04-man-db_2.9.4-2_amd64.deb ...
Unpacking man-db (2.9.4-2) ...
Selecting previously unselected package libsigsegv2:amd64.
Preparing to unpack .../05-libsigsegv2_2.13-1_amd64.deb ...
Unpacking libsigsegv2:amd64 (2.13-1) ...
Selecting previously unselected package m4.
Preparing to unpack .../06-m4_1.4.18-5_amd64.deb ...
Unpacking m4 (1.4.18-5) ...
Selecting previously unselected package flex.
Preparing to unpack .../07-flex_2.6.4-8_amd64.deb ...
Unpacking flex (2.6.4-8) ...
Selecting previously unselected package libpython3.9-minimal:amd64.
Preparing to unpack .../08-libpython3.9-minimal_3.9.7-4_amd64.deb ...
Unpacking libpython3.9-minimal:amd64 (3.9.7-4) ...
Selecting previously unselected package libexpat1:amd64.
Preparing to unpack .../09-libexpat1_2.4.1-3_amd64.deb ...
Unpacking libexpat1:amd64 (2.4.1-3) ...
Selecting previously unselected package python3.9-minimal.
Preparing to unpack .../10-python3.9-minimal_3.9.7-4_amd64.deb ...
Unpacking python3.9-minimal (3.9.7-4) ...
Setting up libpython3.9-minimal:amd64 (3.9.7-4) ...
Setting up libexpat1:amd64 (2.4.1-3) ...
Setting up python3.9-minimal (3.9.7-4) ...
Selecting previously unselected package python3-minimal.
(Reading database ... 15307 files and directories currently installed.)
Preparing to unpack .../0-python3-minimal_3.9.2-3_amd64.deb ...
Unpacking python3-minimal (3.9.2-3) ...
Selecting previously unselected package media-types.
Preparing to unpack .../1-media-types_4.0.0_all.deb ...
Unpacking media-types (4.0.0) ...
Selecting previously unselected package libmpdec3:amd64.
Preparing to unpack .../2-libmpdec3_2.5.1-2_amd64.deb ...
Unpacking libmpdec3:amd64 (2.5.1-2) ...
Selecting previously unselected package libncursesw6:amd64.
Preparing to unpack .../3-libncursesw6_6.2+20210905-1_amd64.deb ...
Unpacking libncursesw6:amd64 (6.2+20210905-1) ...
Selecting previously unselected package readline-common.
Preparing to unpack .../4-readline-common_8.1-2_all.deb ...
Unpacking readline-common (8.1-2) ...
Selecting previously unselected package libreadline8:amd64.
Preparing to unpack .../5-libreadline8_8.1-2_amd64.deb ...
Unpacking libreadline8:amd64 (8.1-2) ...
Selecting previously unselected package libsqlite3-0:amd64.
Preparing to unpack .../6-libsqlite3-0_3.36.0-2_amd64.deb ...
Unpacking libsqlite3-0:amd64 (3.36.0-2) ...
Selecting previously unselected package libpython3.9-stdlib:amd64.
Preparing to unpack .../7-libpython3.9-stdlib_3.9.7-4_amd64.deb ...
Unpacking libpython3.9-stdlib:amd64 (3.9.7-4) ...
Selecting previously unselected package python3.9.
Preparing to unpack .../8-python3.9_3.9.7-4_amd64.deb ...
Unpacking python3.9 (3.9.7-4) ...
Selecting previously unselected package libpython3-stdlib:amd64.
Preparing to unpack .../9-libpython3-stdlib_3.9.2-3_amd64.deb ...
Unpacking libpython3-stdlib:amd64 (3.9.2-3) ...
Setting up python3-minimal (3.9.2-3) ...
Selecting previously unselected package python3.
(Reading database ... 15746 files and directories currently installed.)
Preparing to unpack .../000-python3_3.9.2-3_amd64.deb ...
Unpacking python3 (3.9.2-3) ...
Selecting previously unselected package sensible-utils.
Preparing to unpack .../001-sensible-utils_0.0.17_all.deb ...
Unpacking sensible-utils (0.0.17) ...
Selecting previously unselected package openssl.
Preparing to unpack .../002-openssl_1.1.1l-1_amd64.deb ...
Unpacking openssl (1.1.1l-1) ...
Selecting previously unselected package ca-certificates.
Preparing to unpack .../003-ca-certificates_20211016_all.deb ...
Unpacking ca-certificates (20211016) ...
Selecting previously unselected package libmagic-mgc.
Preparing to unpack .../004-libmagic-mgc_1%3a5.39-3_amd64.deb ...
Unpacking libmagic-mgc (1:5.39-3) ...
Selecting previously unselected package libmagic1:amd64.
Preparing to unpack .../005-libmagic1_1%3a5.39-3_amd64.deb ...
Unpacking libmagic1:amd64 (1:5.39-3) ...
Selecting previously unselected package file.
Preparing to unpack .../006-file_1%3a5.39-3_amd64.deb ...
Unpacking file (1:5.39-3) ...
Selecting previously unselected package gettext-base.
Preparing to unpack .../007-gettext-base_0.21-4_amd64.deb ...
Unpacking gettext-base (0.21-4) ...
Selecting previously unselected package libcbor0.8:amd64.
Preparing to unpack .../008-libcbor0.8_0.8.0-1_amd64.deb ...
Unpacking libcbor0.8:amd64 (0.8.0-1) ...
Selecting previously unselected package libfido2-1:amd64.
Preparing to unpack .../009-libfido2-1_1.8.0-1+b1_amd64.deb ...
Unpacking libfido2-1:amd64 (1.8.0-1+b1) ...
Selecting previously unselected package openssh-client.
Preparing to unpack .../010-openssh-client_1%3a8.4p1-6_amd64.deb ...
Unpacking openssh-client (1:8.4p1-6) ...
Selecting previously unselected package ucf.
Preparing to unpack .../011-ucf_3.0043_all.deb ...
Moving old data out of the way
Unpacking ucf (3.0043) ...
Selecting previously unselected package autoconf.
Preparing to unpack .../012-autoconf_2.71-2_all.deb ...
Unpacking autoconf (2.71-2) ...
Selecting previously unselected package autotools-dev.
Preparing to unpack .../013-autotools-dev_20180224.1+nmu1_all.deb ...
Unpacking autotools-dev (20180224.1+nmu1) ...
Selecting previously unselected package automake.
Preparing to unpack .../014-automake_1%3a1.16.5-1_all.deb ...
Unpacking automake (1:1.16.5-1) ...
Selecting previously unselected package autopoint.
Preparing to unpack .../015-autopoint_0.21-4_all.deb ...
Unpacking autopoint (0.21-4) ...
Selecting previously unselected package cpp-10.
Preparing to unpack .../016-cpp-10_10.3.0-11_amd64.deb ...
Unpacking cpp-10 (10.3.0-11) ...
Selecting previously unselected package libdebhelper-perl.
Preparing to unpack .../017-libdebhelper-perl_13.5.2_all.deb ...
Unpacking libdebhelper-perl (13.5.2) ...
Selecting previously unselected package libgcc-10-dev:amd64.
Preparing to unpack .../018-libgcc-10-dev_10.3.0-11_amd64.deb ...
Unpacking libgcc-10-dev:amd64 (10.3.0-11) ...
Selecting previously unselected package gcc-10.
Preparing to unpack .../019-gcc-10_10.3.0-11_amd64.deb ...
Unpacking gcc-10 (10.3.0-11) ...
Selecting previously unselected package libtool.
Preparing to unpack .../020-libtool_2.4.6-15_all.deb ...
Unpacking libtool (2.4.6-15) ...
Selecting previously unselected package dh-autoreconf.
Preparing to unpack .../021-dh-autoreconf_20_all.deb ...
Unpacking dh-autoreconf (20) ...
Selecting previously unselected package libarchive-zip-perl.
Preparing to unpack .../022-libarchive-zip-perl_1.68-1_all.deb ...
Unpacking libarchive-zip-perl (1.68-1) ...
Selecting previously unselected package libsub-override-perl.
Preparing to unpack .../023-libsub-override-perl_0.09-2_all.deb ...
Unpacking libsub-override-perl (0.09-2) ...
Selecting previously unselected package libfile-stripnondeterminism-perl.
Preparing to unpack .../024-libfile-stripnondeterminism-perl_1.12.0-2_all.deb ...
Unpacking libfile-stripnondeterminism-perl (1.12.0-2) ...
Selecting previously unselected package dh-strip-nondeterminism.
Preparing to unpack .../025-dh-strip-nondeterminism_1.12.0-2_all.deb ...
Unpacking dh-strip-nondeterminism (1.12.0-2) ...
Selecting previously unselected package libelf1:amd64.
Preparing to unpack .../026-libelf1_0.185-2_amd64.deb ...
Unpacking libelf1:amd64 (0.185-2) ...
Selecting previously unselected package dwz.
Preparing to unpack .../027-dwz_0.14-1_amd64.deb ...
Unpacking dwz (0.14-1) ...
Selecting previously unselected package gettext.
Preparing to unpack .../028-gettext_0.21-4_amd64.deb ...
Unpacking gettext (0.21-4) ...
Selecting previously unselected package intltool-debian.
Preparing to unpack .../029-intltool-debian_0.35.0+20060710.5_all.deb ...
Unpacking intltool-debian (0.35.0+20060710.5) ...
Selecting previously unselected package po-debconf.
Preparing to unpack .../030-po-debconf_1.0.21+nmu1_all.deb ...
Unpacking po-debconf (1.0.21+nmu1) ...
Selecting previously unselected package debhelper.
Preparing to unpack .../031-debhelper_13.5.2_all.deb ...
Unpacking debhelper (13.5.2) ...
Selecting previously unselected package mysql-common.
Preparing to unpack .../032-mysql-common_5.8+1.0.7_all.deb ...
Unpacking mysql-common (5.8+1.0.7) ...
Selecting previously unselected package mariadb-common.
Preparing to unpack .../033-mariadb-common_1%3a10.5.12-1_all.deb ...
Unpacking mariadb-common (1:10.5.12-1) ...
Selecting previously unselected package libmariadb3:amd64.
Preparing to unpack .../034-libmariadb3_1%3a10.5.12-1_amd64.deb ...
Unpacking libmariadb3:amd64 (1:10.5.12-1) ...
Selecting previously unselected package libssl-dev:amd64.
Preparing to unpack .../035-libssl-dev_1.1.1l-1_amd64.deb ...
Unpacking libssl-dev:amd64 (1.1.1l-1) ...
Selecting previously unselected package zlib1g-dev:amd64.
Preparing to unpack .../036-zlib1g-dev_1%3a1.2.11.dfsg-2_amd64.deb ...
Unpacking zlib1g-dev:amd64 (1:1.2.11.dfsg-2) ...
Selecting previously unselected package libmariadb-dev.
Preparing to unpack .../037-libmariadb-dev_1%3a10.5.12-1_amd64.deb ...
Unpacking libmariadb-dev (1:10.5.12-1) ...
Selecting previously unselected package libmariadb-dev-compat:amd64.
Preparing to unpack .../038-libmariadb-dev-compat_1%3a10.5.12-1_amd64.deb ...
Unpacking libmariadb-dev-compat:amd64 (1:10.5.12-1) ...
Selecting previously unselected package default-libmysqlclient-dev:amd64.
Preparing to unpack .../039-default-libmysqlclient-dev_1.0.7_amd64.deb ...
Unpacking default-libmysqlclient-dev:amd64 (1.0.7) ...
Selecting previously unselected package diffstat.
Preparing to unpack .../040-diffstat_1.64-1_amd64.deb ...
Unpacking diffstat (1.64-1) ...
Selecting previously unselected package libllvm11:amd64.
Preparing to unpack .../041-libllvm11_1%3a11.1.0-4_amd64.deb ...
Unpacking libllvm11:amd64 (1:11.1.0-4) ...
Selecting previously unselected package libclang-cpp11.
Preparing to unpack .../042-libclang-cpp11_1%3a11.1.0-4_amd64.deb ...
Unpacking libclang-cpp11 (1:11.1.0-4) ...
Selecting previously unselected package libclang1-11.
Preparing to unpack .../043-libclang1-11_1%3a11.1.0-4_amd64.deb ...
Unpacking libclang1-11 (1:11.1.0-4) ...
Selecting previously unselected package libxapian30:amd64.
Preparing to unpack .../044-libxapian30_1.4.18-3_amd64.deb ...
Unpacking libxapian30:amd64 (1.4.18-3) ...
Selecting previously unselected package doxygen.
Preparing to unpack .../045-doxygen_1.9.1-2_amd64.deb ...
Unpacking doxygen (1.9.1-2) ...
Selecting previously unselected package ed.
Preparing to unpack .../046-ed_1.17-1_amd64.deb ...
Unpacking ed (1.17-1) ...
Selecting previously unselected package libbrotli1:amd64.
Preparing to unpack .../047-libbrotli1_1.0.9-2+b2_amd64.deb ...
Unpacking libbrotli1:amd64 (1.0.9-2+b2) ...
Selecting previously unselected package libpng16-16:amd64.
Preparing to unpack .../048-libpng16-16_1.6.37-3_amd64.deb ...
Unpacking libpng16-16:amd64 (1.6.37-3) ...
Selecting previously unselected package libfreetype6:amd64.
Preparing to unpack .../049-libfreetype6_2.11.0+dfsg-1_amd64.deb ...
Unpacking libfreetype6:amd64 (2.11.0+dfsg-1) ...
Selecting previously unselected package fonts-dejavu-core.
Preparing to unpack .../050-fonts-dejavu-core_2.37-2_all.deb ...
Unpacking fonts-dejavu-core (2.37-2) ...
Selecting previously unselected package fontconfig-config.
Preparing to unpack .../051-fontconfig-config_2.13.1-4.2_all.deb ...
Unpacking fontconfig-config (2.13.1-4.2) ...
Selecting previously unselected package libfontconfig1:amd64.
Preparing to unpack .../052-libfontconfig1_2.13.1-4.2_amd64.deb ...
Unpacking libfontconfig1:amd64 (2.13.1-4.2) ...
Selecting previously unselected package fontconfig.
Preparing to unpack .../053-fontconfig_2.13.1-4.2_amd64.deb ...
Unpacking fontconfig (2.13.1-4.2) ...
Selecting previously unselected package libgfortran5:amd64.
Preparing to unpack .../054-libgfortran5_11.2.0-10_amd64.deb ...
Unpacking libgfortran5:amd64 (11.2.0-10) ...
Selecting previously unselected package libgfortran-10-dev:amd64.
Preparing to unpack .../055-libgfortran-10-dev_10.3.0-11_amd64.deb ...
Unpacking libgfortran-10-dev:amd64 (10.3.0-11) ...
Selecting previously unselected package gfortran-10.
Preparing to unpack .../056-gfortran-10_10.3.0-11_amd64.deb ...
Unpacking gfortran-10 (10.3.0-11) ...
Selecting previously unselected package libann0.
Preparing to unpack .../057-libann0_1.1.2+doc-7_amd64.deb ...
Unpacking libann0 (1.1.2+doc-7) ...
Selecting previously unselected package libcdt5:amd64.
Preparing to unpack .../058-libcdt5_2.42.2-5_amd64.deb ...
Unpacking libcdt5:amd64 (2.42.2-5) ...
Selecting previously unselected package libcgraph6:amd64.
Preparing to unpack .../059-libcgraph6_2.42.2-5_amd64.deb ...
Unpacking libcgraph6:amd64 (2.42.2-5) ...
Selecting previously unselected package libjpeg62-turbo:amd64.
Preparing to unpack .../060-libjpeg62-turbo_1%3a2.0.6-4_amd64.deb ...
Unpacking libjpeg62-turbo:amd64 (1:2.0.6-4) ...
Selecting previously unselected package libdeflate0:amd64.
Preparing to unpack .../061-libdeflate0_1.8-1_amd64.deb ...
Unpacking libdeflate0:amd64 (1.8-1) ...
Selecting previously unselected package libjbig0:amd64.
Preparing to unpack .../062-libjbig0_2.1-3.1+b2_amd64.deb ...
Unpacking libjbig0:amd64 (2.1-3.1+b2) ...
Selecting previously unselected package libwebp6:amd64.
Preparing to unpack .../063-libwebp6_0.6.1-2.1_amd64.deb ...
Unpacking libwebp6:amd64 (0.6.1-2.1) ...
Selecting previously unselected package libtiff5:amd64.
Preparing to unpack .../064-libtiff5_4.3.0-2_amd64.deb ...
Unpacking libtiff5:amd64 (4.3.0-2) ...
Selecting previously unselected package libxau6:amd64.
Preparing to unpack .../065-libxau6_1%3a1.0.9-1_amd64.deb ...
Unpacking libxau6:amd64 (1:1.0.9-1) ...
Selecting previously unselected package libxdmcp6:amd64.
Preparing to unpack .../066-libxdmcp6_1%3a1.1.2-3_amd64.deb ...
Unpacking libxdmcp6:amd64 (1:1.1.2-3) ...
Selecting previously unselected package libxcb1:amd64.
Preparing to unpack .../067-libxcb1_1.14-3_amd64.deb ...
Unpacking libxcb1:amd64 (1.14-3) ...
Selecting previously unselected package libx11-data.
Preparing to unpack .../068-libx11-data_2%3a1.7.2-2_all.deb ...
Unpacking libx11-data (2:1.7.2-2) ...
Selecting previously unselected package libx11-6:amd64.
Preparing to unpack .../069-libx11-6_2%3a1.7.2-2+b1_amd64.deb ...
Unpacking libx11-6:amd64 (2:1.7.2-2+b1) ...
Selecting previously unselected package libxpm4:amd64.
Preparing to unpack .../070-libxpm4_1%3a3.5.12-1_amd64.deb ...
Unpacking libxpm4:amd64 (1:3.5.12-1) ...
Selecting previously unselected package libgd3:amd64.
Preparing to unpack .../071-libgd3_2.3.0-2_amd64.deb ...
Unpacking libgd3:amd64 (2.3.0-2) ...
Selecting previously unselected package libglib2.0-0:amd64.
Preparing to unpack .../072-libglib2.0-0_2.70.0-3_amd64.deb ...
Unpacking libglib2.0-0:amd64 (2.70.0-3) ...
Selecting previously unselected package libgts-0.7-5:amd64.
Preparing to unpack .../073-libgts-0.7-5_0.7.6+darcs121130-4+b1_amd64.deb ...
Unpacking libgts-0.7-5:amd64 (0.7.6+darcs121130-4+b1) ...
Selecting previously unselected package libpixman-1-0:amd64.
Preparing to unpack .../074-libpixman-1-0_0.40.0-1_amd64.deb ...
Unpacking libpixman-1-0:amd64 (0.40.0-1) ...
Selecting previously unselected package libxcb-render0:amd64.
Preparing to unpack .../075-libxcb-render0_1.14-3_amd64.deb ...
Unpacking libxcb-render0:amd64 (1.14-3) ...
Selecting previously unselected package libxcb-shm0:amd64.
Preparing to unpack .../076-libxcb-shm0_1.14-3_amd64.deb ...
Unpacking libxcb-shm0:amd64 (1.14-3) ...
Selecting previously unselected package libxext6:amd64.
Preparing to unpack .../077-libxext6_2%3a1.3.4-1_amd64.deb ...
Unpacking libxext6:amd64 (2:1.3.4-1) ...
Selecting previously unselected package libxrender1:amd64.
Preparing to unpack .../078-libxrender1_1%3a0.9.10-1_amd64.deb ...
Unpacking libxrender1:amd64 (1:0.9.10-1) ...
Selecting previously unselected package libcairo2:amd64.
Preparing to unpack .../079-libcairo2_1.16.0-5_amd64.deb ...
Unpacking libcairo2:amd64 (1.16.0-5) ...
Selecting previously unselected package libltdl7:amd64.
Preparing to unpack .../080-libltdl7_2.4.6-15_amd64.deb ...
Unpacking libltdl7:amd64 (2.4.6-15) ...
Selecting previously unselected package libfribidi0:amd64.
Preparing to unpack .../081-libfribidi0_1.0.8-2_amd64.deb ...
Unpacking libfribidi0:amd64 (1.0.8-2) ...
Selecting previously unselected package libgraphite2-3:amd64.
Preparing to unpack .../082-libgraphite2-3_1.3.14-1_amd64.deb ...
Unpacking libgraphite2-3:amd64 (1.3.14-1) ...
Selecting previously unselected package libharfbuzz0b:amd64.
Preparing to unpack .../083-libharfbuzz0b_2.7.4-1_amd64.deb ...
Unpacking libharfbuzz0b:amd64 (2.7.4-1) ...
Selecting previously unselected package libthai-data.
Preparing to unpack .../084-libthai-data_0.1.28-4.1_all.deb ...
Unpacking libthai-data (0.1.28-4.1) ...
Selecting previously unselected package libdatrie1:amd64.
Preparing to unpack .../085-libdatrie1_0.2.13-2_amd64.deb ...
Unpacking libdatrie1:amd64 (0.2.13-2) ...
Selecting previously unselected package libthai0:amd64.
Preparing to unpack .../086-libthai0_0.1.28-4.1_amd64.deb ...
Unpacking libthai0:amd64 (0.1.28-4.1) ...
Selecting previously unselected package libpango-1.0-0:amd64.
Preparing to unpack .../087-libpango-1.0-0_1.48.10+ds1-1_amd64.deb ...
Unpacking libpango-1.0-0:amd64 (1.48.10+ds1-1) ...
Selecting previously unselected package libpangoft2-1.0-0:amd64.
Preparing to unpack .../088-libpangoft2-1.0-0_1.48.10+ds1-1_amd64.deb ...
Unpacking libpangoft2-1.0-0:amd64 (1.48.10+ds1-1) ...
Selecting previously unselected package libpangocairo-1.0-0:amd64.
Preparing to unpack .../089-libpangocairo-1.0-0_1.48.10+ds1-1_amd64.deb ...
Unpacking libpangocairo-1.0-0:amd64 (1.48.10+ds1-1) ...
Selecting previously unselected package libpathplan4:amd64.
Preparing to unpack .../090-libpathplan4_2.42.2-5_amd64.deb ...
Unpacking libpathplan4:amd64 (2.42.2-5) ...
Selecting previously unselected package libgvc6.
Preparing to unpack .../091-libgvc6_2.42.2-5_amd64.deb ...
Unpacking libgvc6 (2.42.2-5) ...
Selecting previously unselected package libgvpr2:amd64.
Preparing to unpack .../092-libgvpr2_2.42.2-5_amd64.deb ...
Unpacking libgvpr2:amd64 (2.42.2-5) ...
Selecting previously unselected package liblab-gamut1:amd64.
Preparing to unpack .../093-liblab-gamut1_2.42.2-5_amd64.deb ...
Unpacking liblab-gamut1:amd64 (2.42.2-5) ...
Selecting previously unselected package x11-common.
Preparing to unpack .../094-x11-common_1%3a7.7+23_all.deb ...
Unpacking x11-common (1:7.7+23) ...
Selecting previously unselected package libice6:amd64.
Preparing to unpack .../095-libice6_2%3a1.0.10-1_amd64.deb ...
Unpacking libice6:amd64 (2:1.0.10-1) ...
Selecting previously unselected package libsm6:amd64.
Preparing to unpack .../096-libsm6_2%3a1.2.3-1_amd64.deb ...
Unpacking libsm6:amd64 (2:1.2.3-1) ...
Selecting previously unselected package libxt6:amd64.
Preparing to unpack .../097-libxt6_1%3a1.2.0-1_amd64.deb ...
Unpacking libxt6:amd64 (1:1.2.0-1) ...
Selecting previously unselected package libxmu6:amd64.
Preparing to unpack .../098-libxmu6_2%3a1.1.2-2+b3_amd64.deb ...
Unpacking libxmu6:amd64 (2:1.1.2-2+b3) ...
Selecting previously unselected package libxaw7:amd64.
Preparing to unpack .../099-libxaw7_2%3a1.0.13-1.1_amd64.deb ...
Unpacking libxaw7:amd64 (2:1.0.13-1.1) ...
Selecting previously unselected package graphviz.
Preparing to unpack .../100-graphviz_2.42.2-5_amd64.deb ...
Unpacking graphviz (2.42.2-5) ...
Selecting previously unselected package libnl-3-200:amd64.
Preparing to unpack .../101-libnl-3-200_3.4.0-1+b1_amd64.deb ...
Unpacking libnl-3-200:amd64 (3.4.0-1+b1) ...
Selecting previously unselected package libnl-route-3-200:amd64.
Preparing to unpack .../102-libnl-route-3-200_3.4.0-1+b1_amd64.deb ...
Unpacking libnl-route-3-200:amd64 (3.4.0-1+b1) ...
Selecting previously unselected package libibverbs1:amd64.
Preparing to unpack .../103-libibverbs1_36.0-1_amd64.deb ...
Unpacking libibverbs1:amd64 (36.0-1) ...
Selecting previously unselected package ibverbs-providers:amd64.
Preparing to unpack .../104-ibverbs-providers_36.0-1_amd64.deb ...
Unpacking ibverbs-providers:amd64 (36.0-1) ...
Selecting previously unselected package icu-devtools.
Preparing to unpack .../105-icu-devtools_67.1-7_amd64.deb ...
Unpacking icu-devtools (67.1-7) ...
Selecting previously unselected package libstdc++-10-dev:amd64.
Preparing to unpack .../106-libstdc++-10-dev_10.3.0-11_amd64.deb ...
Unpacking libstdc++-10-dev:amd64 (10.3.0-11) ...
Selecting previously unselected package libboost1.74-dev:amd64.
Preparing to unpack .../107-libboost1.74-dev_1.74.0-11_amd64.deb ...
Unpacking libboost1.74-dev:amd64 (1.74.0-11) ...
Selecting previously unselected package libboost-dev:amd64.
Preparing to unpack .../108-libboost-dev_1.74.0.3_amd64.deb ...
Unpacking libboost-dev:amd64 (1.74.0.3) ...
Selecting previously unselected package libboost1.74-tools-dev.
Preparing to unpack .../109-libboost1.74-tools-dev_1.74.0-11_amd64.deb ...
Unpacking libboost1.74-tools-dev (1.74.0-11) ...
Selecting previously unselected package libboost-tools-dev.
Preparing to unpack .../110-libboost-tools-dev_1.74.0.3_amd64.deb ...
Unpacking libboost-tools-dev (1.74.0.3) ...
Selecting previously unselected package libboost-atomic1.74.0:amd64.
Preparing to unpack .../111-libboost-atomic1.74.0_1.74.0-11_amd64.deb ...
Unpacking libboost-atomic1.74.0:amd64 (1.74.0-11) ...
Selecting previously unselected package libboost-atomic1.74-dev:amd64.
Preparing to unpack .../112-libboost-atomic1.74-dev_1.74.0-11_amd64.deb ...
Unpacking libboost-atomic1.74-dev:amd64 (1.74.0-11) ...
Selecting previously unselected package libboost-atomic-dev:amd64.
Preparing to unpack .../113-libboost-atomic-dev_1.74.0.3_amd64.deb ...
Unpacking libboost-atomic-dev:amd64 (1.74.0.3) ...
Selecting previously unselected package libboost-chrono1.74.0:amd64.
Preparing to unpack .../114-libboost-chrono1.74.0_1.74.0-11_amd64.deb ...
Unpacking libboost-chrono1.74.0:amd64 (1.74.0-11) ...
Selecting previously unselected package libboost-chrono1.74-dev:amd64.
Preparing to unpack .../115-libboost-chrono1.74-dev_1.74.0-11_amd64.deb ...
Unpacking libboost-chrono1.74-dev:amd64 (1.74.0-11) ...
Selecting previously unselected package libboost-chrono-dev:amd64.
Preparing to unpack .../116-libboost-chrono-dev_1.74.0.3_amd64.deb ...
Unpacking libboost-chrono-dev:amd64 (1.74.0.3) ...
Selecting previously unselected package libboost-container1.74.0:amd64.
Preparing to unpack .../117-libboost-container1.74.0_1.74.0-11_amd64.deb ...
Unpacking libboost-container1.74.0:amd64 (1.74.0-11) ...
Selecting previously unselected package libboost-container1.74-dev:amd64.
Preparing to unpack .../118-libboost-container1.74-dev_1.74.0-11_amd64.deb ...
Unpacking libboost-container1.74-dev:amd64 (1.74.0-11) ...
Selecting previously unselected package libboost-container-dev:amd64.
Preparing to unpack .../119-libboost-container-dev_1.74.0.3_amd64.deb ...
Unpacking libboost-container-dev:amd64 (1.74.0.3) ...
Selecting previously unselected package libboost-date-time1.74.0:amd64.
Preparing to unpack .../120-libboost-date-time1.74.0_1.74.0-11_amd64.deb ...
Unpacking libboost-date-time1.74.0:amd64 (1.74.0-11) ...
Selecting previously unselected package libboost-serialization1.74.0:amd64.
Preparing to unpack .../121-libboost-serialization1.74.0_1.74.0-11_amd64.deb ...
Unpacking libboost-serialization1.74.0:amd64 (1.74.0-11) ...
Selecting previously unselected package libboost-serialization1.74-dev:amd64.
Preparing to unpack .../122-libboost-serialization1.74-dev_1.74.0-11_amd64.deb ...
Unpacking libboost-serialization1.74-dev:amd64 (1.74.0-11) ...
Selecting previously unselected package libboost-date-time1.74-dev:amd64.
Preparing to unpack .../123-libboost-date-time1.74-dev_1.74.0-11_amd64.deb ...
Unpacking libboost-date-time1.74-dev:amd64 (1.74.0-11) ...
Selecting previously unselected package libboost-system1.74.0:amd64.
Preparing to unpack .../124-libboost-system1.74.0_1.74.0-11_amd64.deb ...
Unpacking libboost-system1.74.0:amd64 (1.74.0-11) ...
Selecting previously unselected package libboost-system1.74-dev:amd64.
Preparing to unpack .../125-libboost-system1.74-dev_1.74.0-11_amd64.deb ...
Unpacking libboost-system1.74-dev:amd64 (1.74.0-11) ...
Selecting previously unselected package libboost-thread1.74.0:amd64.
Preparing to unpack .../126-libboost-thread1.74.0_1.74.0-11_amd64.deb ...
Unpacking libboost-thread1.74.0:amd64 (1.74.0-11) ...
Selecting previously unselected package libboost-thread1.74-dev:amd64.
Preparing to unpack .../127-libboost-thread1.74-dev_1.74.0-11_amd64.deb ...
Unpacking libboost-thread1.74-dev:amd64 (1.74.0-11) ...
Selecting previously unselected package libboost-context1.74.0:amd64.
Preparing to unpack .../128-libboost-context1.74.0_1.74.0-11_amd64.deb ...
Unpacking libboost-context1.74.0:amd64 (1.74.0-11) ...
Selecting previously unselected package libboost-context1.74-dev:amd64.
Preparing to unpack .../129-libboost-context1.74-dev_1.74.0-11_amd64.deb ...
Unpacking libboost-context1.74-dev:amd64 (1.74.0-11) ...
Selecting previously unselected package libboost-context-dev:amd64.
Preparing to unpack .../130-libboost-context-dev_1.74.0.3_amd64.deb ...
Unpacking libboost-context-dev:amd64 (1.74.0.3) ...
Selecting previously unselected package libboost-coroutine1.74.0:amd64.
Preparing to unpack .../131-libboost-coroutine1.74.0_1.74.0-11_amd64.deb ...
Unpacking libboost-coroutine1.74.0:amd64 (1.74.0-11) ...
Selecting previously unselected package libboost-coroutine1.74-dev:amd64.
Preparing to unpack .../132-libboost-coroutine1.74-dev_1.74.0-11_amd64.deb ...
Unpacking libboost-coroutine1.74-dev:amd64 (1.74.0-11) ...
Selecting previously unselected package libboost-coroutine-dev:amd64.
Preparing to unpack .../133-libboost-coroutine-dev_1.74.0.3_amd64.deb ...
Unpacking libboost-coroutine-dev:amd64 (1.74.0.3) ...
Selecting previously unselected package libboost-date-time-dev:amd64.
Preparing to unpack .../134-libboost-date-time-dev_1.74.0.3_amd64.deb ...
Unpacking libboost-date-time-dev:amd64 (1.74.0.3) ...
Selecting previously unselected package libboost-exception1.74-dev:amd64.
Preparing to unpack .../135-libboost-exception1.74-dev_1.74.0-11_amd64.deb ...
Unpacking libboost-exception1.74-dev:amd64 (1.74.0-11) ...
Selecting previously unselected package libboost-exception-dev:amd64.
Preparing to unpack .../136-libboost-exception-dev_1.74.0.3_amd64.deb ...
Unpacking libboost-exception-dev:amd64 (1.74.0.3) ...
Selecting previously unselected package libboost-filesystem1.74.0:amd64.
Preparing to unpack .../137-libboost-filesystem1.74.0_1.74.0-11_amd64.deb ...
Unpacking libboost-filesystem1.74.0:amd64 (1.74.0-11) ...
Selecting previously unselected package libboost-filesystem1.74-dev:amd64.
Preparing to unpack .../138-libboost-filesystem1.74-dev_1.74.0-11_amd64.deb ...
Unpacking libboost-filesystem1.74-dev:amd64 (1.74.0-11) ...
Selecting previously unselected package libboost-fiber1.74.0:amd64.
Preparing to unpack .../139-libboost-fiber1.74.0_1.74.0-11_amd64.deb ...
Unpacking libboost-fiber1.74.0:amd64 (1.74.0-11) ...
Selecting previously unselected package libboost-fiber1.74-dev:amd64.
Preparing to unpack .../140-libboost-fiber1.74-dev_1.74.0-11_amd64.deb ...
Unpacking libboost-fiber1.74-dev:amd64 (1.74.0-11) ...
Selecting previously unselected package libboost-fiber-dev:amd64.
Preparing to unpack .../141-libboost-fiber-dev_1.74.0.3_amd64.deb ...
Unpacking libboost-fiber-dev:amd64 (1.74.0.3) ...
Selecting previously unselected package libboost-filesystem-dev:amd64.
Preparing to unpack .../142-libboost-filesystem-dev_1.74.0.3_amd64.deb ...
Unpacking libboost-filesystem-dev:amd64 (1.74.0.3) ...
Selecting previously unselected package libboost-regex1.74.0:amd64.
Preparing to unpack .../143-libboost-regex1.74.0_1.74.0-11_amd64.deb ...
Unpacking libboost-regex1.74.0:amd64 (1.74.0-11) ...
Selecting previously unselected package libboost-graph1.74.0:amd64.
Preparing to unpack .../144-libboost-graph1.74.0_1.74.0-11_amd64.deb ...
Unpacking libboost-graph1.74.0:amd64 (1.74.0-11) ...
Selecting previously unselected package libicu-dev:amd64.
Preparing to unpack .../145-libicu-dev_67.1-7_amd64.deb ...
Unpacking libicu-dev:amd64 (67.1-7) ...
Selecting previously unselected package libboost-regex1.74-dev:amd64.
Preparing to unpack .../146-libboost-regex1.74-dev_1.74.0-11_amd64.deb ...
Unpacking libboost-regex1.74-dev:amd64 (1.74.0-11) ...
Selecting previously unselected package libboost-test1.74.0:amd64.
Preparing to unpack .../147-libboost-test1.74.0_1.74.0-11_amd64.deb ...
Unpacking libboost-test1.74.0:amd64 (1.74.0-11) ...
Selecting previously unselected package libboost-test1.74-dev:amd64.
Preparing to unpack .../148-libboost-test1.74-dev_1.74.0-11_amd64.deb ...
Unpacking libboost-test1.74-dev:amd64 (1.74.0-11) ...
Selecting previously unselected package libboost-graph1.74-dev:amd64.
Preparing to unpack .../149-libboost-graph1.74-dev_1.74.0-11_amd64.deb ...
Unpacking libboost-graph1.74-dev:amd64 (1.74.0-11) ...
Selecting previously unselected package libboost-graph-dev:amd64.
Preparing to unpack .../150-libboost-graph-dev_1.74.0.3_amd64.deb ...
Unpacking libboost-graph-dev:amd64 (1.74.0.3) ...
Selecting previously unselected package libevent-core-2.1-7:amd64.
Preparing to unpack .../151-libevent-core-2.1-7_2.1.12-stable-1_amd64.deb ...
Unpacking libevent-core-2.1-7:amd64 (2.1.12-stable-1) ...
Selecting previously unselected package libevent-pthreads-2.1-7:amd64.
Preparing to unpack .../152-libevent-pthreads-2.1-7_2.1.12-stable-1_amd64.deb ...
Unpacking libevent-pthreads-2.1-7:amd64 (2.1.12-stable-1) ...
Selecting previously unselected package libpsm-infinipath1.
Preparing to unpack .../153-libpsm-infinipath1_3.3+20.604758e7-6.1_amd64.deb ...
Unpacking libpsm-infinipath1 (3.3+20.604758e7-6.1) ...
Selecting previously unselected package libnuma1:amd64.
Preparing to unpack .../154-libnuma1_2.0.14-3_amd64.deb ...
Unpacking libnuma1:amd64 (2.0.14-3) ...
Selecting previously unselected package libpsm2-2.
Preparing to unpack .../155-libpsm2-2_11.2.185-1_amd64.deb ...
Unpacking libpsm2-2 (11.2.185-1) ...
Selecting previously unselected package librdmacm1:amd64.
Preparing to unpack .../156-librdmacm1_36.0-1_amd64.deb ...
Unpacking librdmacm1:amd64 (36.0-1) ...
Selecting previously unselected package libfabric1.
Preparing to unpack .../157-libfabric1_1.11.0-2_amd64.deb ...
Unpacking libfabric1 (1.11.0-2) ...
Selecting previously unselected package libhwloc15:amd64.
Preparing to unpack .../158-libhwloc15_2.5.0+dfsg-2_amd64.deb ...
Unpacking libhwloc15:amd64 (2.5.0+dfsg-2) ...
Selecting previously unselected package libpciaccess0:amd64.
Preparing to unpack .../159-libpciaccess0_0.16-1_amd64.deb ...
Unpacking libpciaccess0:amd64 (0.16-1) ...
Selecting previously unselected package libxnvctrl0:amd64.
Preparing to unpack .../160-libxnvctrl0_470.57.02-2_amd64.deb ...
Unpacking libxnvctrl0:amd64 (470.57.02-2) ...
Selecting previously unselected package ocl-icd-libopencl1:amd64.
Preparing to unpack .../161-ocl-icd-libopencl1_2.2.14-3_amd64.deb ...
Unpacking ocl-icd-libopencl1:amd64 (2.2.14-3) ...
Selecting previously unselected package libhwloc-plugins:amd64.
Preparing to unpack .../162-libhwloc-plugins_2.5.0+dfsg-2_amd64.deb ...
Unpacking libhwloc-plugins:amd64 (2.5.0+dfsg-2) ...
Selecting previously unselected package libpmix2:amd64.
Preparing to unpack .../163-libpmix2_4.1.1~rc4-1_amd64.deb ...
Unpacking libpmix2:amd64 (4.1.1~rc4-1) ...
Selecting previously unselected package libucx0:amd64.
Preparing to unpack .../164-libucx0_1.11.2-1_amd64.deb ...
Unpacking libucx0:amd64 (1.11.2-1) ...
Selecting previously unselected package libopenmpi3:amd64.
Preparing to unpack .../165-libopenmpi3_4.1.2~rc1-4_amd64.deb ...
Unpacking libopenmpi3:amd64 (4.1.2~rc1-4) ...
Selecting previously unselected package libboost-mpi1.74.0.
Preparing to unpack .../166-libboost-mpi1.74.0_1.74.0-11_amd64.deb ...
Unpacking libboost-mpi1.74.0 (1.74.0-11) ...
Selecting previously unselected package libboost-graph-parallel1.74.0.
Preparing to unpack .../167-libboost-graph-parallel1.74.0_1.74.0-11_amd64.deb ...
Unpacking libboost-graph-parallel1.74.0 (1.74.0-11) ...
Selecting previously unselected package libboost-graph-parallel1.74-dev.
Preparing to unpack .../168-libboost-graph-parallel1.74-dev_1.74.0-11_amd64.deb ...
Unpacking libboost-graph-parallel1.74-dev (1.74.0-11) ...
Selecting previously unselected package libboost-graph-parallel-dev.
Preparing to unpack .../169-libboost-graph-parallel-dev_1.74.0.3_amd64.deb ...
Unpacking libboost-graph-parallel-dev (1.74.0.3) ...
Selecting previously unselected package libboost-iostreams1.74.0:amd64.
Preparing to unpack .../170-libboost-iostreams1.74.0_1.74.0-11_amd64.deb ...
Unpacking libboost-iostreams1.74.0:amd64 (1.74.0-11) ...
Selecting previously unselected package libboost-iostreams1.74-dev:amd64.
Preparing to unpack .../171-libboost-iostreams1.74-dev_1.74.0-11_amd64.deb ...
Unpacking libboost-iostreams1.74-dev:amd64 (1.74.0-11) ...
Selecting previously unselected package libboost-iostreams-dev:amd64.
Preparing to unpack .../172-libboost-iostreams-dev_1.74.0.3_amd64.deb ...
Unpacking libboost-iostreams-dev:amd64 (1.74.0.3) ...
Selecting previously unselected package libboost-locale1.74.0:amd64.
Preparing to unpack .../173-libboost-locale1.74.0_1.74.0-11_amd64.deb ...
Unpacking libboost-locale1.74.0:amd64 (1.74.0-11) ...
Selecting previously unselected package libboost-locale1.74-dev:amd64.
Preparing to unpack .../174-libboost-locale1.74-dev_1.74.0-11_amd64.deb ...
Unpacking libboost-locale1.74-dev:amd64 (1.74.0-11) ...
Selecting previously unselected package libboost-locale-dev:amd64.
Preparing to unpack .../175-libboost-locale-dev_1.74.0.3_amd64.deb ...
Unpacking libboost-locale-dev:amd64 (1.74.0.3) ...
Selecting previously unselected package libboost-log1.74.0.
Preparing to unpack .../176-libboost-log1.74.0_1.74.0-11_amd64.deb ...
Unpacking libboost-log1.74.0 (1.74.0-11) ...
Selecting previously unselected package libboost-log1.74-dev.
Preparing to unpack .../177-libboost-log1.74-dev_1.74.0-11_amd64.deb ...
Unpacking libboost-log1.74-dev (1.74.0-11) ...
Selecting previously unselected package libboost-log-dev.
Preparing to unpack .../178-libboost-log-dev_1.74.0.3_amd64.deb ...
Unpacking libboost-log-dev (1.74.0.3) ...
Selecting previously unselected package libboost-math1.74.0:amd64.
Preparing to unpack .../179-libboost-math1.74.0_1.74.0-11_amd64.deb ...
Unpacking libboost-math1.74.0:amd64 (1.74.0-11) ...
Selecting previously unselected package libboost-math1.74-dev:amd64.
Preparing to unpack .../180-libboost-math1.74-dev_1.74.0-11_amd64.deb ...
Unpacking libboost-math1.74-dev:amd64 (1.74.0-11) ...
Selecting previously unselected package libboost-math-dev:amd64.
Preparing to unpack .../181-libboost-math-dev_1.74.0.3_amd64.deb ...
Unpacking libboost-math-dev:amd64 (1.74.0.3) ...
Selecting previously unselected package openmpi-common.
Preparing to unpack .../182-openmpi-common_4.1.2~rc1-4_all.deb ...
Unpacking openmpi-common (4.1.2~rc1-4) ...
Selecting previously unselected package libnl-3-dev:amd64.
Preparing to unpack .../183-libnl-3-dev_3.4.0-1+b1_amd64.deb ...
Unpacking libnl-3-dev:amd64 (3.4.0-1+b1) ...
Selecting previously unselected package libnl-route-3-dev:amd64.
Preparing to unpack .../184-libnl-route-3-dev_3.4.0-1+b1_amd64.deb ...
Unpacking libnl-route-3-dev:amd64 (3.4.0-1+b1) ...
Selecting previously unselected package libibverbs-dev:amd64.
Preparing to unpack .../185-libibverbs-dev_36.0-1_amd64.deb ...
Unpacking libibverbs-dev:amd64 (36.0-1) ...
Selecting previously unselected package libnuma-dev:amd64.
Preparing to unpack .../186-libnuma-dev_2.0.14-3_amd64.deb ...
Unpacking libnuma-dev:amd64 (2.0.14-3) ...
Selecting previously unselected package libltdl-dev:amd64.
Preparing to unpack .../187-libltdl-dev_2.4.6-15_amd64.deb ...
Unpacking libltdl-dev:amd64 (2.4.6-15) ...
Selecting previously unselected package libhwloc-dev:amd64.
Preparing to unpack .../188-libhwloc-dev_2.5.0+dfsg-2_amd64.deb ...
Unpacking libhwloc-dev:amd64 (2.5.0+dfsg-2) ...
Selecting previously unselected package libevent-2.1-7:amd64.
Preparing to unpack .../189-libevent-2.1-7_2.1.12-stable-1_amd64.deb ...
Unpacking libevent-2.1-7:amd64 (2.1.12-stable-1) ...
Selecting previously unselected package libevent-extra-2.1-7:amd64.
Preparing to unpack .../190-libevent-extra-2.1-7_2.1.12-stable-1_amd64.deb ...
Unpacking libevent-extra-2.1-7:amd64 (2.1.12-stable-1) ...
Selecting previously unselected package libevent-openssl-2.1-7:amd64.
Preparing to unpack .../191-libevent-openssl-2.1-7_2.1.12-stable-1_amd64.deb ...
Unpacking libevent-openssl-2.1-7:amd64 (2.1.12-stable-1) ...
Selecting previously unselected package libevent-dev.
Preparing to unpack .../192-libevent-dev_2.1.12-stable-1_amd64.deb ...
Unpacking libevent-dev (2.1.12-stable-1) ...
Selecting previously unselected package libpmix-dev:amd64.
Preparing to unpack .../193-libpmix-dev_4.1.1~rc4-1_amd64.deb ...
Unpacking libpmix-dev:amd64 (4.1.1~rc4-1) ...
Selecting previously unselected package libjs-jquery.
Preparing to unpack .../194-libjs-jquery_3.5.1+dfsg+~3.5.5-8_all.deb ...
Unpacking libjs-jquery (3.5.1+dfsg+~3.5.5-8) ...
Selecting previously unselected package libjs-jquery-ui.
Preparing to unpack .../195-libjs-jquery-ui_1.12.1+dfsg-8_all.deb ...
Unpacking libjs-jquery-ui (1.12.1+dfsg-8) ...
Selecting previously unselected package openmpi-bin.
Preparing to unpack .../196-openmpi-bin_4.1.2~rc1-4_amd64.deb ...
Unpacking openmpi-bin (4.1.2~rc1-4) ...
Selecting previously unselected package libopenmpi-dev:amd64.
Preparing to unpack .../197-libopenmpi-dev_4.1.2~rc1-4_amd64.deb ...
Unpacking libopenmpi-dev:amd64 (4.1.2~rc1-4) ...
Selecting previously unselected package mpi-default-dev.
Preparing to unpack .../198-mpi-default-dev_1.14_amd64.deb ...
Unpacking mpi-default-dev (1.14) ...
Selecting previously unselected package libboost-mpi1.74-dev.
Preparing to unpack .../199-libboost-mpi1.74-dev_1.74.0-11_amd64.deb ...
Unpacking libboost-mpi1.74-dev (1.74.0-11) ...
Selecting previously unselected package libboost-mpi-dev.
Preparing to unpack .../200-libboost-mpi-dev_1.74.0.3_amd64.deb ...
Unpacking libboost-mpi-dev (1.74.0.3) ...
Selecting previously unselected package libboost-python1.74.0.
Preparing to unpack .../201-libboost-python1.74.0_1.74.0-11_amd64.deb ...
Unpacking libboost-python1.74.0 (1.74.0-11) ...
Selecting previously unselected package mpi-default-bin.
Preparing to unpack .../202-mpi-default-bin_1.14_amd64.deb ...
Unpacking mpi-default-bin (1.14) ...
Selecting previously unselected package libboost-mpi-python1.74.0.
Preparing to unpack .../203-libboost-mpi-python1.74.0_1.74.0-11_amd64.deb ...
Unpacking libboost-mpi-python1.74.0 (1.74.0-11) ...
Selecting previously unselected package libboost-mpi-python1.74-dev.
Preparing to unpack .../204-libboost-mpi-python1.74-dev_1.74.0-11_amd64.deb ...
Unpacking libboost-mpi-python1.74-dev (1.74.0-11) ...
Selecting previously unselected package libboost-mpi-python-dev.
Preparing to unpack .../205-libboost-mpi-python-dev_1.74.0.3_amd64.deb ...
Unpacking libboost-mpi-python-dev (1.74.0.3) ...
Selecting previously unselected package libboost-numpy1.74.0.
Preparing to unpack .../206-libboost-numpy1.74.0_1.74.0-11_amd64.deb ...
Unpacking libboost-numpy1.74.0 (1.74.0-11) ...
Selecting previously unselected package libboost-numpy1.74-dev.
Preparing to unpack .../207-libboost-numpy1.74-dev_1.74.0-11_amd64.deb ...
Unpacking libboost-numpy1.74-dev (1.74.0-11) ...
Selecting previously unselected package libboost-numpy-dev.
Preparing to unpack .../208-libboost-numpy-dev_1.74.0.3_amd64.deb ...
Unpacking libboost-numpy-dev (1.74.0.3) ...
Selecting previously unselected package libboost-program-options1.74.0:amd64.
Preparing to unpack .../209-libboost-program-options1.74.0_1.74.0-11_amd64.deb ...
Unpacking libboost-program-options1.74.0:amd64 (1.74.0-11) ...
Selecting previously unselected package libboost-program-options1.74-dev:amd64.
Preparing to unpack .../210-libboost-program-options1.74-dev_1.74.0-11_amd64.deb ...
Unpacking libboost-program-options1.74-dev:amd64 (1.74.0-11) ...
Selecting previously unselected package libboost-program-options-dev:amd64.
Preparing to unpack .../211-libboost-program-options-dev_1.74.0.3_amd64.deb ...
Unpacking libboost-program-options-dev:amd64 (1.74.0.3) ...
Selecting previously unselected package libpython3.9:amd64.
Preparing to unpack .../212-libpython3.9_3.9.7-4_amd64.deb ...
Unpacking libpython3.9:amd64 (3.9.7-4) ...
Selecting previously unselected package libexpat1-dev:amd64.
Preparing to unpack .../213-libexpat1-dev_2.4.1-3_amd64.deb ...
Unpacking libexpat1-dev:amd64 (2.4.1-3) ...
Selecting previously unselected package libpython3.9-dev:amd64.
Preparing to unpack .../214-libpython3.9-dev_3.9.7-4_amd64.deb ...
Unpacking libpython3.9-dev:amd64 (3.9.7-4) ...
Selecting previously unselected package libpython3-dev:amd64.
Preparing to unpack .../215-libpython3-dev_3.9.2-3_amd64.deb ...
Unpacking libpython3-dev:amd64 (3.9.2-3) ...
Selecting previously unselected package python3.9-dev.
Preparing to unpack .../216-python3.9-dev_3.9.7-4_amd64.deb ...
Unpacking python3.9-dev (3.9.7-4) ...
Selecting previously unselected package python3-lib2to3.
Preparing to unpack .../217-python3-lib2to3_3.9.7-1_all.deb ...
Unpacking python3-lib2to3 (3.9.7-1) ...
Selecting previously unselected package python3-distutils.
Preparing to unpack .../218-python3-distutils_3.9.7-1_all.deb ...
Unpacking python3-distutils (3.9.7-1) ...
Selecting previously unselected package libjs-underscore.
Preparing to unpack .../219-libjs-underscore_1.9.1~dfsg-4_all.deb ...
Unpacking libjs-underscore (1.9.1~dfsg-4) ...
Selecting previously unselected package libjs-sphinxdoc.
Preparing to unpack .../220-libjs-sphinxdoc_4.2.0-5_all.deb ...
Unpacking libjs-sphinxdoc (4.2.0-5) ...
Selecting previously unselected package python3-dev.
Preparing to unpack .../221-python3-dev_3.9.2-3_amd64.deb ...
Unpacking python3-dev (3.9.2-3) ...
Selecting previously unselected package libboost-python1.74-dev.
Preparing to unpack .../222-libboost-python1.74-dev_1.74.0-11_amd64.deb ...
Unpacking libboost-python1.74-dev (1.74.0-11) ...
Selecting previously unselected package libboost-python-dev.
Preparing to unpack .../223-libboost-python-dev_1.74.0.3_amd64.deb ...
Unpacking libboost-python-dev (1.74.0.3) ...
Selecting previously unselected package libboost-random1.74.0:amd64.
Preparing to unpack .../224-libboost-random1.74.0_1.74.0-11_amd64.deb ...
Unpacking libboost-random1.74.0:amd64 (1.74.0-11) ...
Selecting previously unselected package libboost-random1.74-dev:amd64.
Preparing to unpack .../225-libboost-random1.74-dev_1.74.0-11_amd64.deb ...
Unpacking libboost-random1.74-dev:amd64 (1.74.0-11) ...
Selecting previously unselected package libboost-random-dev:amd64.
Preparing to unpack .../226-libboost-random-dev_1.74.0.3_amd64.deb ...
Unpacking libboost-random-dev:amd64 (1.74.0.3) ...
Selecting previously unselected package libboost-regex-dev:amd64.
Preparing to unpack .../227-libboost-regex-dev_1.74.0.3_amd64.deb ...
Unpacking libboost-regex-dev:amd64 (1.74.0.3) ...
Selecting previously unselected package libboost-serialization-dev:amd64.
Preparing to unpack .../228-libboost-serialization-dev_1.74.0.3_amd64.deb ...
Unpacking libboost-serialization-dev:amd64 (1.74.0.3) ...
Selecting previously unselected package libboost-stacktrace1.74.0:amd64.
Preparing to unpack .../229-libboost-stacktrace1.74.0_1.74.0-11_amd64.deb ...
Unpacking libboost-stacktrace1.74.0:amd64 (1.74.0-11) ...
Selecting previously unselected package libboost-stacktrace1.74-dev:amd64.
Preparing to unpack .../230-libboost-stacktrace1.74-dev_1.74.0-11_amd64.deb ...
Unpacking libboost-stacktrace1.74-dev:amd64 (1.74.0-11) ...
Selecting previously unselected package libboost-stacktrace-dev:amd64.
Preparing to unpack .../231-libboost-stacktrace-dev_1.74.0.3_amd64.deb ...
Unpacking libboost-stacktrace-dev:amd64 (1.74.0.3) ...
Selecting previously unselected package libboost-system-dev:amd64.
Preparing to unpack .../232-libboost-system-dev_1.74.0.3_amd64.deb ...
Unpacking libboost-system-dev:amd64 (1.74.0.3) ...
Selecting previously unselected package libboost-test-dev:amd64.
Preparing to unpack .../233-libboost-test-dev_1.74.0.3_amd64.deb ...
Unpacking libboost-test-dev:amd64 (1.74.0.3) ...
Selecting previously unselected package libboost-thread-dev:amd64.
Preparing to unpack .../234-libboost-thread-dev_1.74.0.3_amd64.deb ...
Unpacking libboost-thread-dev:amd64 (1.74.0.3) ...
Selecting previously unselected package libboost-timer1.74.0:amd64.
Preparing to unpack .../235-libboost-timer1.74.0_1.74.0-11_amd64.deb ...
Unpacking libboost-timer1.74.0:amd64 (1.74.0-11) ...
Selecting previously unselected package libboost-timer1.74-dev:amd64.
Preparing to unpack .../236-libboost-timer1.74-dev_1.74.0-11_amd64.deb ...
Unpacking libboost-timer1.74-dev:amd64 (1.74.0-11) ...
Selecting previously unselected package libboost-timer-dev:amd64.
Preparing to unpack .../237-libboost-timer-dev_1.74.0.3_amd64.deb ...
Unpacking libboost-timer-dev:amd64 (1.74.0.3) ...
Selecting previously unselected package libboost-type-erasure1.74.0:amd64.
Preparing to unpack .../238-libboost-type-erasure1.74.0_1.74.0-11_amd64.deb ...
Unpacking libboost-type-erasure1.74.0:amd64 (1.74.0-11) ...
Selecting previously unselected package libboost-type-erasure1.74-dev:amd64.
Preparing to unpack .../239-libboost-type-erasure1.74-dev_1.74.0-11_amd64.deb ...
Unpacking libboost-type-erasure1.74-dev:amd64 (1.74.0-11) ...
Selecting previously unselected package libboost-type-erasure-dev:amd64.
Preparing to unpack .../240-libboost-type-erasure-dev_1.74.0.3_amd64.deb ...
Unpacking libboost-type-erasure-dev:amd64 (1.74.0.3) ...
Selecting previously unselected package libboost-wave1.74.0:amd64.
Preparing to unpack .../241-libboost-wave1.74.0_1.74.0-11_amd64.deb ...
Unpacking libboost-wave1.74.0:amd64 (1.74.0-11) ...
Selecting previously unselected package libboost-wave1.74-dev:amd64.
Preparing to unpack .../242-libboost-wave1.74-dev_1.74.0-11_amd64.deb ...
Unpacking libboost-wave1.74-dev:amd64 (1.74.0-11) ...
Selecting previously unselected package libboost-wave-dev:amd64.
Preparing to unpack .../243-libboost-wave-dev_1.74.0.3_amd64.deb ...
Unpacking libboost-wave-dev:amd64 (1.74.0.3) ...
Selecting previously unselected package libboost-nowide1.74.0.
Preparing to unpack .../244-libboost-nowide1.74.0_1.74.0-11_amd64.deb ...
Unpacking libboost-nowide1.74.0 (1.74.0-11) ...
Selecting previously unselected package libboost-nowide1.74-dev.
Preparing to unpack .../245-libboost-nowide1.74-dev_1.74.0-11_amd64.deb ...
Unpacking libboost-nowide1.74-dev (1.74.0-11) ...
Selecting previously unselected package libboost-nowide-dev.
Preparing to unpack .../246-libboost-nowide-dev_1.74.0.3_amd64.deb ...
Unpacking libboost-nowide-dev (1.74.0.3) ...
Selecting previously unselected package libboost-all-dev.
Preparing to unpack .../247-libboost-all-dev_1.74.0.3_amd64.deb ...
Unpacking libboost-all-dev (1.74.0.3) ...
Selecting previously unselected package libsasl2-modules-db:amd64.
Preparing to unpack .../248-libsasl2-modules-db_2.1.27+dfsg-2.1_amd64.deb ...
Unpacking libsasl2-modules-db:amd64 (2.1.27+dfsg-2.1) ...
Selecting previously unselected package libsasl2-2:amd64.
Preparing to unpack .../249-libsasl2-2_2.1.27+dfsg-2.1_amd64.deb ...
Unpacking libsasl2-2:amd64 (2.1.27+dfsg-2.1) ...
Selecting previously unselected package libldap-2.4-2:amd64.
Preparing to unpack .../250-libldap-2.4-2_2.4.59+dfsg-1_amd64.deb ...
Unpacking libldap-2.4-2:amd64 (2.4.59+dfsg-1) ...
Selecting previously unselected package libpq5:amd64.
Preparing to unpack .../251-libpq5_14.0-1_amd64.deb ...
Unpacking libpq5:amd64 (14.0-1) ...
Selecting previously unselected package libpq-dev.
Preparing to unpack .../252-libpq-dev_14.0-1_amd64.deb ...
Unpacking libpq-dev (14.0-1) ...
Selecting previously unselected package libpqxx-6.4.
Preparing to unpack .../253-libpqxx-6.4_6.4.5-2_amd64.deb ...
Unpacking libpqxx-6.4 (6.4.5-2) ...
Selecting previously unselected package pkg-config.
Preparing to unpack .../254-pkg-config_0.29.2-1_amd64.deb ...
Unpacking pkg-config (0.29.2-1) ...
Selecting previously unselected package libpqxx-dev.
Preparing to unpack .../255-libpqxx-dev_6.4.5-2_amd64.deb ...
Unpacking libpqxx-dev (6.4.5-2) ...
Selecting previously unselected package rubygems-integration.
Preparing to unpack .../256-rubygems-integration_1.18_all.deb ...
Unpacking rubygems-integration (1.18) ...
Selecting previously unselected package ruby2.7.
Preparing to unpack .../257-ruby2.7_2.7.4-1+b1_amd64.deb ...
Unpacking ruby2.7 (2.7.4-1+b1) ...
Selecting previously unselected package ruby-rubygems.
Preparing to unpack .../258-ruby-rubygems_3.2.27-2_all.deb ...
Unpacking ruby-rubygems (3.2.27-2) ...
Selecting previously unselected package ruby.
Preparing to unpack .../259-ruby_1%3a2.7.5_amd64.deb ...
Unpacking ruby (1:2.7.5) ...
Selecting previously unselected package rake.
Preparing to unpack .../260-rake_13.0.3-1_all.deb ...
Unpacking rake (13.0.3-1) ...
Selecting previously unselected package ruby-minitest.
Preparing to unpack .../261-ruby-minitest_5.13.0-1_all.deb ...
Unpacking ruby-minitest (5.13.0-1) ...
Selecting previously unselected package ruby-net-telnet.
Preparing to unpack .../262-ruby-net-telnet_0.1.1-2_all.deb ...
Unpacking ruby-net-telnet (0.1.1-2) ...
Selecting previously unselected package ruby-power-assert.
Preparing to unpack .../263-ruby-power-assert_1.1.7-2_all.deb ...
Unpacking ruby-power-assert (1.1.7-2) ...
Selecting previously unselected package ruby-test-unit.
Preparing to unpack .../264-ruby-test-unit_3.3.9-1_all.deb ...
Unpacking ruby-test-unit (3.3.9-1) ...
Selecting previously unselected package ruby-xmlrpc.
Preparing to unpack .../265-ruby-xmlrpc_0.3.0-2_all.deb ...
Unpacking ruby-xmlrpc (0.3.0-2) ...
Selecting previously unselected package libyaml-0-2:amd64.
Preparing to unpack .../266-libyaml-0-2_0.2.2-1_amd64.deb ...
Unpacking libyaml-0-2:amd64 (0.2.2-1) ...
Selecting previously unselected package libruby2.7:amd64.
Preparing to unpack .../267-libruby2.7_2.7.4-1+b1_amd64.deb ...
Unpacking libruby2.7:amd64 (2.7.4-1+b1) ...
Selecting previously unselected package libxml2-dev:amd64.
Preparing to unpack .../268-libxml2-dev_2.9.12+dfsg-5_amd64.deb ...
Unpacking libxml2-dev:amd64 (2.9.12+dfsg-5) ...
Selecting previously unselected package psmisc.
Preparing to unpack .../269-psmisc_23.4-2_amd64.deb ...
Unpacking psmisc (23.4-2) ...
Selecting previously unselected package quilt.
Preparing to unpack .../270-quilt_0.66-2.1_all.deb ...
Unpacking quilt (0.66-2.1) ...
Selecting previously unselected package sbuild-build-depends-main-dummy.
Preparing to unpack .../271-sbuild-build-depends-main-dummy_0.invalid.0_amd64.deb ...
Unpacking sbuild-build-depends-main-dummy (0.invalid.0) ...
Setting up libboost-chrono1.74.0:amd64 (1.74.0-11) ...
Setting up media-types (4.0.0) ...
Setting up libpipeline1:amd64 (1.5.3-1) ...
Setting up libboost-system1.74.0:amd64 (1.74.0-11) ...
Setting up libgraphite2-3:amd64 (1.3.14-1) ...
Setting up libpixman-1-0:amd64 (0.40.0-1) ...
Setting up libxapian30:amd64 (1.4.18-3) ...
Setting up libpciaccess0:amd64 (0.16-1) ...
Setting up mysql-common (5.8+1.0.7) ...
update-alternatives: using /etc/mysql/my.cnf.fallback to provide /etc/mysql/my.cnf (my.cnf) in auto mode
Setting up libxau6:amd64 (1:1.0.9-1) ...
Setting up libxdmcp6:amd64 (1:1.1.2-3) ...
Setting up libxcb1:amd64 (1.14-3) ...
Setting up libboost-atomic1.74.0:amd64 (1.74.0-11) ...
Setting up bsdextrautils (2.37.2-4) ...
update-alternatives: using /usr/bin/write.ul to provide /usr/bin/write (write) in auto mode
Setting up libdatrie1:amd64 (0.2.13-2) ...
Setting up ruby-power-assert (1.1.7-2) ...
Setting up libmagic-mgc (1:5.39-3) ...
Setting up psmisc (23.4-2) ...
Setting up libxcb-render0:amd64 (1.14-3) ...
Setting up libarchive-zip-perl (1.68-1) ...
Setting up libyaml-0-2:amd64 (0.2.2-1) ...
Setting up libglib2.0-0:amd64 (2.70.0-3) ...
No schema files found: doing nothing.
Setting up libboost-iostreams1.74.0:amd64 (1.74.0-11) ...
Setting up libboost-program-options1.74.0:amd64 (1.74.0-11) ...
Setting up libcbor0.8:amd64 (0.8.0-1) ...
Setting up libgcc-10-dev:amd64 (10.3.0-11) ...
Setting up libdebhelper-perl (13.5.2) ...
Setting up libbrotli1:amd64 (1.0.9-2+b2) ...
Setting up libsqlite3-0:amd64 (3.36.0-2) ...
Setting up liblab-gamut1:amd64 (2.42.2-5) ...
Setting up x11-common (1:7.7+23) ...
invoke-rc.d: could not determine current runlevel
All runlevel operations denied by policy
invoke-rc.d: policy-rc.d denied execution of restart.
Setting up libboost-stacktrace1.74.0:amd64 (1.74.0-11) ...
Setting up libmagic1:amd64 (1:5.39-3) ...
Setting up libdeflate0:amd64 (1.8-1) ...
Setting up gettext-base (0.21-4) ...
Setting up libboost-nowide1.74.0 (1.74.0-11) ...
Setting up libboost-filesystem1.74.0:amd64 (1.74.0-11) ...
Setting up libxcb-shm0:amd64 (1.14-3) ...
Setting up file (1:5.39-3) ...
Setting up libjbig0:amd64 (2.1-3.1+b2) ...
Setting up libsasl2-modules-db:amd64 (2.1.27+dfsg-2.1) ...
Setting up libgts-0.7-5:amd64 (0.7.6+darcs121130-4+b1) ...
Setting up ruby-minitest (5.13.0-1) ...
Setting up mariadb-common (1:10.5.12-1) ...
update-alternatives: using /etc/mysql/mariadb.cnf to provide /etc/mysql/my.cnf (my.cnf) in auto mode
Setting up autotools-dev (20180224.1+nmu1) ...
Setting up libllvm11:amd64 (1:11.1.0-4) ...
Setting up libexpat1-dev:amd64 (2.4.1-3) ...
Setting up libboost-test1.74.0:amd64 (1.74.0-11) ...
Setting up libjpeg62-turbo:amd64 (1:2.0.6-4) ...
Setting up ruby-test-unit (3.3.9-1) ...
Setting up libx11-data (2:1.7.2-2) ...
Setting up ed (1.17-1) ...
Setting up libpathplan4:amd64 (2.42.2-5) ...
Setting up libann0 (1.1.2+doc-7) ...
Setting up ruby-net-telnet (0.1.1-2) ...
Setting up libsigsegv2:amd64 (2.13-1) ...
Setting up libboost-nowide1.74-dev (1.74.0-11) ...
Setting up libfribidi0:amd64 (1.0.8-2) ...
Setting up libboost-regex1.74.0:amd64 (1.74.0-11) ...
Setting up diffstat (1.64-1) ...
Setting up libssl-dev:amd64 (1.1.1l-1) ...
Setting up libpng16-16:amd64 (1.6.37-3) ...
Setting up libhwloc15:amd64 (2.5.0+dfsg-2) ...
Setting up libevent-core-2.1-7:amd64 (2.1.12-stable-1) ...
Setting up libboost-context1.74.0:amd64 (1.74.0-11) ...
Setting up libevent-2.1-7:amd64 (2.1.12-stable-1) ...
Setting up libclang1-11 (1:11.1.0-4) ...
Setting up libboost-graph1.74.0:amd64 (1.74.0-11) ...
Setting up libboost-random1.74.0:amd64 (1.74.0-11) ...
Setting up autopoint (0.21-4) ...
Setting up libwebp6:amd64 (0.6.1-2.1) ...
Setting up icu-devtools (67.1-7) ...
Setting up pkg-config (0.29.2-1) ...
Setting up libmariadb3:amd64 (1:10.5.12-1) ...
Setting up fonts-dejavu-core (2.37-2) ...
Setting up libboost1.74-tools-dev (1.74.0-11) ...
Setting up libncursesw6:amd64 (6.2+20210905-1) ...
Setting up libltdl7:amd64 (2.4.6-15) ...
Setting up libsasl2-2:amd64 (2.1.27+dfsg-2.1) ...
Setting up libgfortran5:amd64 (11.2.0-10) ...
Setting up libboost-math1.74.0:amd64 (1.74.0-11) ...
Setting up libboost-serialization1.74.0:amd64 (1.74.0-11) ...
Setting up zlib1g-dev:amd64 (1:1.2.11.dfsg-2) ...
Setting up libnuma1:amd64 (2.0.14-3) ...
Setting up libboost-container1.74.0:amd64 (1.74.0-11) ...
Setting up sensible-utils (0.0.17) ...
Setting up ocl-icd-libopencl1:amd64 (2.2.14-3) ...
Setting up libuchardet0:amd64 (0.0.7-1) ...
Setting up libnl-3-200:amd64 (3.4.0-1+b1) ...
Setting up libmpdec3:amd64 (2.5.1-2) ...
Setting up libpsm2-2 (11.2.185-1) ...
Setting up openmpi-common (4.1.2~rc1-4) ...
Setting up libsub-override-perl (0.09-2) ...
Setting up libx11-6:amd64 (2:1.7.2-2+b1) ...
Setting up libthai-data (0.1.28-4.1) ...
Setting up libgfortran-10-dev:amd64 (10.3.0-11) ...
Setting up libcdt5:amd64 (2.42.2-5) ...
Setting up libcgraph6:amd64 (2.42.2-5) ...
Setting up libtiff5:amd64 (4.3.0-2) ...
Setting up libpsm-infinipath1 (3.3+20.604758e7-6.1) ...
update-alternatives: using /usr/lib/libpsm1/libpsm_infinipath.so.1.16 to provide /usr/lib/x86_64-linux-gnu/libpsm_infinipath.so.1 (libpsm_infinipath.so.1) in auto mode
Setting up libjs-jquery (3.5.1+dfsg+~3.5.5-8) ...
Setting up libboost-date-time1.74.0:amd64 (1.74.0-11) ...
Setting up libfido2-1:amd64 (1.8.0-1+b1) ...
Setting up libboost-python1.74.0 (1.74.0-11) ...
Setting up libboost-fiber1.74.0:amd64 (1.74.0-11) ...
Setting up openssl (1.1.1l-1) ...
Setting up libelf1:amd64 (0.185-2) ...
Setting up readline-common (8.1-2) ...
Setting up libboost-timer1.74.0:amd64 (1.74.0-11) ...
Setting up libicu-dev:amd64 (67.1-7) ...
Setting up ruby-xmlrpc (0.3.0-2) ...
Setting up cpp-10 (10.3.0-11) ...
Setting up libjs-underscore (1.9.1~dfsg-4) ...
Setting up libboost-thread1.74.0:amd64 (1.74.0-11) ...
Setting up libboost-numpy1.74.0 (1.74.0-11) ...
Setting up libevent-pthreads-2.1-7:amd64 (2.1.12-stable-1) ...
Setting up libfile-stripnondeterminism-perl (1.12.0-2) ...
Setting up libice6:amd64 (2:1.0.10-1) ...
Setting up libboost-log1.74.0 (1.74.0-11) ...
Setting up libevent-extra-2.1-7:amd64 (2.1.12-stable-1) ...
Setting up gettext (0.21-4) ...
Setting up libstdc++-10-dev:amd64 (10.3.0-11) ...
Setting up libboost1.74-dev:amd64 (1.74.0-11) ...
Setting up libxpm4:amd64 (1:3.5.12-1) ...
Setting up libxrender1:amd64 (1:0.9.10-1) ...
Setting up libtool (2.4.6-15) ...
Setting up libboost-container1.74-dev:amd64 (1.74.0-11) ...
Setting up openssh-client (1:8.4p1-6) ...
Setting up libboost-coroutine1.74.0:amd64 (1.74.0-11) ...
Setting up libreadline8:amd64 (8.1-2) ...
Setting up libboost-chrono1.74-dev:amd64 (1.74.0-11) ...
Setting up libxext6:amd64 (2:1.3.4-1) ...
Setting up libevent-openssl-2.1-7:amd64 (2.1.12-stable-1) ...
Setting up libldap-2.4-2:amd64 (2.4.59+dfsg-1) ...
Setting up m4 (1.4.18-5) ...
Setting up libboost-tools-dev (1.74.0.3) ...
Setting up quilt (0.66-2.1) ...
Setting up libboost-exception1.74-dev:amd64 (1.74.0-11) ...
Setting up libboost-exception-dev:amd64 (1.74.0.3) ...
Setting up libboost-nowide-dev (1.74.0.3) ...
Setting up libboost-container-dev:amd64 (1.74.0.3) ...
Setting up libboost-program-options1.74-dev:amd64 (1.74.0-11) ...
Setting up intltool-debian (0.35.0+20060710.5) ...
Setting up libnuma-dev:amd64 (2.0.14-3) ...
Setting up libnl-route-3-200:amd64 (3.4.0-1+b1) ...
Setting up libxnvctrl0:amd64 (470.57.02-2) ...
Setting up libclang-cpp11 (1:11.1.0-4) ...
Setting up libthai0:amd64 (0.1.28-4.1) ...
Setting up ca-certificates (20211016) ...
Updating certificates in /etc/ssl/certs...
127 added, 0 removed; done.
Setting up libxml2-dev:amd64 (2.9.12+dfsg-5) ...
Setting up doxygen (1.9.1-2) ...
Setting up libjs-jquery-ui (1.12.1+dfsg-8) ...
Setting up libfreetype6:amd64 (2.11.0+dfsg-1) ...
Setting up libboost-program-options-dev:amd64 (1.74.0.3) ...
Setting up libboost-system1.74-dev:amd64 (1.74.0-11) ...
Setting up libevent-dev (2.1.12-stable-1) ...
Setting up libboost-random1.74-dev:amd64 (1.74.0-11) ...
Setting up libboost-timer1.74-dev:amd64 (1.74.0-11) ...
Setting up libboost-numpy1.74-dev (1.74.0-11) ...
Setting up ucf (3.0043) ...
Setting up gcc-10 (10.3.0-11) ...
Setting up libjs-sphinxdoc (4.2.0-5) ...
Setting up autoconf (2.71-2) ...
Setting up libboost-serialization1.74-dev:amd64 (1.74.0-11) ...
Setting up libmariadb-dev (1:10.5.12-1) ...
Setting up libboost-atomic1.74-dev:amd64 (1.74.0-11) ...
Setting up dh-strip-nondeterminism (1.12.0-2) ...
Setting up libboost-wave1.74.0:amd64 (1.74.0-11) ...
Setting up libboost-atomic-dev:amd64 (1.74.0.3) ...
Setting up libgvpr2:amd64 (2.42.2-5) ...
Setting up dwz (0.14-1) ...
Setting up libboost-regex1.74-dev:amd64 (1.74.0-11) ...
Setting up libnl-3-dev:amd64 (3.4.0-1+b1) ...
Setting up groff-base (1.22.4-7) ...
Setting up libharfbuzz0b:amd64 (2.7.4-1) ...
Setting up libboost-dev:amd64 (1.74.0.3) ...
Setting up libboost-math1.74-dev:amd64 (1.74.0-11) ...
Setting up libboost-filesystem1.74-dev:amd64 (1.74.0-11) ...
Setting up libboost-locale1.74.0:amd64 (1.74.0-11) ...
Setting up libboost-stacktrace1.74-dev:amd64 (1.74.0-11) ...
Setting up libboost-test1.74-dev:amd64 (1.74.0-11) ...
Setting up libboost-regex-dev:amd64 (1.74.0.3) ...
Setting up libsm6:amd64 (2:1.2.3-1) ...
Setting up libboost-timer-dev:amd64 (1.74.0.3) ...
Setting up libboost-filesystem-dev:amd64 (1.74.0.3) ...
Setting up libboost-type-erasure1.74.0:amd64 (1.74.0-11) ...
Setting up libpython3.9-stdlib:amd64 (3.9.7-4) ...
Setting up libpython3-stdlib:amd64 (3.9.2-3) ...
Setting up automake (1:1.16.5-1) ...
update-alternatives: using /usr/bin/automake-1.16 to provide /usr/bin/automake (automake) in auto mode
Setting up libmariadb-dev-compat:amd64 (1:10.5.12-1) ...
Setting up libibverbs1:amd64 (36.0-1) ...
Setting up flex (2.6.4-8) ...
Setting up libboost-wave1.74-dev:amd64 (1.74.0-11) ...
Setting up ibverbs-providers:amd64 (36.0-1) ...
Setting up libboost-chrono-dev:amd64 (1.74.0.3) ...
Setting up fontconfig-config (2.13.1-4.2) ...
Setting up libboost-math-dev:amd64 (1.74.0.3) ...
Setting up po-debconf (1.0.21+nmu1) ...
Setting up libboost-system-dev:amd64 (1.74.0.3) ...
Setting up libpq5:amd64 (14.0-1) ...
Setting up libboost-random-dev:amd64 (1.74.0.3) ...
Setting up libpq-dev (14.0-1) ...
Setting up rubygems-integration (1.18) ...
Setting up libboost-wave-dev:amd64 (1.74.0.3) ...
Setting up libhwloc-plugins:amd64 (2.5.0+dfsg-2) ...
Setting up man-db (2.9.4-2) ...
Not building database; man-db/auto-update is not 'true'.
Setting up libboost-test-dev:amd64 (1.74.0.3) ...
Setting up libboost-iostreams1.74-dev:amd64 (1.74.0-11) ...
Setting up dh-autoreconf (20) ...
Setting up libnl-route-3-dev:amd64 (3.4.0-1+b1) ...
Setting up libboost-date-time1.74-dev:amd64 (1.74.0-11) ...
Setting up libltdl-dev:amd64 (2.4.6-15) ...
Setting up libpython3.9:amd64 (3.9.7-4) ...
Setting up libboost-graph1.74-dev:amd64 (1.74.0-11) ...
Setting up libboost-numpy-dev (1.74.0.3) ...
Setting up gfortran-10 (10.3.0-11) ...
Setting up libboost-serialization-dev:amd64 (1.74.0.3) ...
Setting up libboost-date-time-dev:amd64 (1.74.0.3) ...
Setting up libxt6:amd64 (1:1.2.0-1) ...
Setting up libpqxx-6.4 (6.4.5-2) ...
Setting up libboost-stacktrace-dev:amd64 (1.74.0.3) ...
Setting up libboost-thread1.74-dev:amd64 (1.74.0-11) ...
Setting up libhwloc-dev:amd64 (2.5.0+dfsg-2) ...
Setting up libfontconfig1:amd64 (2.13.1-4.2) ...
Setting up libpqxx-dev (6.4.5-2) ...
Setting up python3.9 (3.9.7-4) ...
Setting up libboost-thread-dev:amd64 (1.74.0.3) ...
Setting up default-libmysqlclient-dev:amd64 (1.0.7) ...
Setting up librdmacm1:amd64 (36.0-1) ...
Setting up libboost-graph-dev:amd64 (1.74.0.3) ...
Setting up fontconfig (2.13.1-4.2) ...
Regenerating fonts cache... done.
Setting up libucx0:amd64 (1.11.2-1) ...
Setting up libxmu6:amd64 (2:1.1.2-2+b3) ...
Setting up libboost-log1.74-dev (1.74.0-11) ...
Setting up libpmix2:amd64 (4.1.1~rc4-1) ...
Setting up libpango-1.0-0:amd64 (1.48.10+ds1-1) ...
Setting up libpython3.9-dev:amd64 (3.9.7-4) ...
Setting up debhelper (13.5.2) ...
Setting up python3 (3.9.2-3) ...
Setting up libxaw7:amd64 (2:1.0.13-1.1) ...
Setting up libboost-iostreams-dev:amd64 (1.74.0.3) ...
Setting up libibverbs-dev:amd64 (36.0-1) ...
Setting up libcairo2:amd64 (1.16.0-5) ...
Setting up libboost-context1.74-dev:amd64 (1.74.0-11) ...
Setting up libboost-fiber1.74-dev:amd64 (1.74.0-11) ...
Setting up libboost-type-erasure1.74-dev:amd64 (1.74.0-11) ...
Setting up libgd3:amd64 (2.3.0-2) ...
Setting up libboost-locale1.74-dev:amd64 (1.74.0-11) ...
Setting up python3.9-dev (3.9.7-4) ...
Setting up libboost-coroutine1.74-dev:amd64 (1.74.0-11) ...
Setting up libboost-coroutine-dev:amd64 (1.74.0.3) ...
Setting up libpangoft2-1.0-0:amd64 (1.48.10+ds1-1) ...
Setting up python3-lib2to3 (3.9.7-1) ...
Setting up libboost-log-dev (1.74.0.3) ...
Setting up libpmix-dev:amd64 (4.1.1~rc4-1) ...
Setting up libpangocairo-1.0-0:amd64 (1.48.10+ds1-1) ...
Setting up libboost-fiber-dev:amd64 (1.74.0.3) ...
Setting up python3-distutils (3.9.7-1) ...
Setting up libfabric1 (1.11.0-2) ...
Setting up libpython3-dev:amd64 (3.9.2-3) ...
Setting up libopenmpi3:amd64 (4.1.2~rc1-4) ...
Setting up libboost-mpi1.74.0 (1.74.0-11) ...
Setting up libboost-locale-dev:amd64 (1.74.0.3) ...
Setting up libboost-context-dev:amd64 (1.74.0.3) ...
Setting up libboost-type-erasure-dev:amd64 (1.74.0.3) ...
Setting up python3-dev (3.9.2-3) ...
Setting up libgvc6 (2.42.2-5) ...
Setting up libboost-graph-parallel1.74.0 (1.74.0-11) ...
Setting up openmpi-bin (4.1.2~rc1-4) ...
update-alternatives: using /usr/bin/mpirun.openmpi to provide /usr/bin/mpirun (mpirun) in auto mode
update-alternatives: using /usr/bin/mpicc.openmpi to provide /usr/bin/mpicc (mpi) in auto mode
Setting up graphviz (2.42.2-5) ...
Setting up mpi-default-bin (1.14) ...
Setting up libboost-python1.74-dev (1.74.0-11) ...
Setting up libboost-python-dev (1.74.0.3) ...
Setting up libboost-graph-parallel1.74-dev (1.74.0-11) ...
Setting up libopenmpi-dev:amd64 (4.1.2~rc1-4) ...
update-alternatives: using /usr/lib/x86_64-linux-gnu/openmpi/include to provide /usr/include/x86_64-linux-gnu/mpi (mpi-x86_64-linux-gnu) in auto mode
Setting up libboost-mpi-python1.74.0 (1.74.0-11) ...
Setting up libboost-graph-parallel-dev (1.74.0.3) ...
Setting up mpi-default-dev (1.14) ...
Setting up libboost-mpi1.74-dev (1.74.0-11) ...
Setting up libboost-mpi-python1.74-dev (1.74.0-11) ...
Setting up libboost-mpi-python-dev (1.74.0.3) ...
Setting up libboost-mpi-dev (1.74.0.3) ...
Setting up libboost-all-dev (1.74.0.3) ...
Setting up ruby (1:2.7.5) ...
Setting up rake (13.0.3-1) ...
Setting up sbuild-build-depends-main-dummy (0.invalid.0) ...
Setting up ruby-rubygems (3.2.27-2) ...
Setting up libruby2.7:amd64 (2.7.4-1+b1) ...
Setting up ruby2.7 (2.7.4-1+b1) ...
Processing triggers for libc-bin (2.32-4) ...
Processing triggers for ca-certificates (20211016) ...
Updating certificates in /etc/ssl/certs...
0 added, 0 removed; done.
Running hooks in /etc/ca-certificates/update.d...
done.

+------------------------------------------------------------------------------+
| Check architectures                                                          |
+------------------------------------------------------------------------------+

Arch check ok (amd64 included in any all)

+------------------------------------------------------------------------------+
| Build environment                                                            |
+------------------------------------------------------------------------------+

Kernel: Linux 4.19.0-6-cloud-amd64 #1 SMP Debian 4.19.67-2+deb10u2 (2019-11-11) amd64 (x86_64)
Toolchain package versions: binutils_2.37-7 dpkg-dev_1.20.9 g++-11_11.2.0-10 gcc-10_10.3.0-11 gcc-11_11.2.0-10 libc6-dev_2.32-4 libstdc++-10-dev_10.3.0-11 libstdc++-11-dev_11.2.0-10 libstdc++6_11.2.0-10 linux-libc-dev_5.14.12-1
Package versions: adduser_3.118 apt_2.3.11 autoconf_2.71-2 automake_1:1.16.5-1 autopoint_0.21-4 autotools-dev_20180224.1+nmu1 base-files_12 base-passwd_3.5.52 bash_5.1-3+b2 binutils_2.37-7 binutils-common_2.37-7 binutils-x86-64-linux-gnu_2.37-7 bsdextrautils_2.37.2-4 bsdutils_1:2.37.2-4 build-essential_12.9 bzip2_1.0.8-4 ca-certificates_20211016 clang-13_1:13.0.0-8 coreutils_8.32-4+b1 cpp_4:11.2.0-2 cpp-10_10.3.0-11 cpp-11_11.2.0-10 dash_0.5.11+git20210120+802ebd4-2 debconf_1.5.78 debhelper_13.5.2 debian-archive-keyring_2021.1.1 debianutils_5.5-1 default-libmysqlclient-dev_1.0.7 dh-autoreconf_20 dh-strip-nondeterminism_1.12.0-2 diffstat_1.64-1 diffutils_1:3.7-5 doxygen_1.9.1-2 dpkg_1.20.9 dpkg-dev_1.20.9 dwz_0.14-1 e2fsprogs_1.46.4-1 ed_1.17-1 fakeroot_1.26-1 file_1:5.39-3 findutils_4.8.0-1 flex_2.6.4-8 fontconfig_2.13.1-4.2 fontconfig-config_2.13.1-4.2 fonts-dejavu-core_2.37-2 g++_4:11.2.0-2 g++-11_11.2.0-10 gcc_4:11.2.0-2 gcc-10_10.3.0-11 gcc-10-base_10.3.0-11 gcc-11_11.2.0-10 gcc-11-base_11.2.0-10 gcc-9-base_9.4.0-3 gettext_0.21-4 gettext-base_0.21-4 gfortran-10_10.3.0-11 gpgv_2.2.27-2 graphviz_2.42.2-5 grep_3.7-1 groff-base_1.22.4-7 gzip_1.10-4 hostname_3.23 ibverbs-providers_36.0-1 icu-devtools_67.1-7 init-system-helpers_1.60 intltool-debian_0.35.0+20060710.5 lib32gcc-s1_11.2.0-10 lib32stdc++6_11.2.0-10 libacl1_2.3.1-1 libann0_1.1.2+doc-7 libapt-pkg6.0_2.3.11 libarchive-zip-perl_1.68-1 libasan5_9.4.0-3 libasan6_11.2.0-10 libatomic1_11.2.0-10 libattr1_1:2.5.1-1 libaudit-common_1:3.0.6-1 libaudit1_1:3.0.6-1 libbinutils_2.37-7 libblkid1_2.37.2-4 libboost-all-dev_1.74.0.3 libboost-atomic-dev_1.74.0.3 libboost-atomic1.74-dev_1.74.0-11 libboost-atomic1.74.0_1.74.0-11 libboost-chrono-dev_1.74.0.3 libboost-chrono1.74-dev_1.74.0-11 libboost-chrono1.74.0_1.74.0-11 libboost-container-dev_1.74.0.3 libboost-container1.74-dev_1.74.0-11 libboost-container1.74.0_1.74.0-11 libboost-context-dev_1.74.0.3 libboost-context1.74-dev_1.74.0-11 libboost-context1.74.0_1.74.0-11 libboost-coroutine-dev_1.74.0.3 libboost-coroutine1.74-dev_1.74.0-11 libboost-coroutine1.74.0_1.74.0-11 libboost-date-time-dev_1.74.0.3 libboost-date-time1.74-dev_1.74.0-11 libboost-date-time1.74.0_1.74.0-11 libboost-dev_1.74.0.3 libboost-exception-dev_1.74.0.3 libboost-exception1.74-dev_1.74.0-11 libboost-fiber-dev_1.74.0.3 libboost-fiber1.74-dev_1.74.0-11 libboost-fiber1.74.0_1.74.0-11 libboost-filesystem-dev_1.74.0.3 libboost-filesystem1.74-dev_1.74.0-11 libboost-filesystem1.74.0_1.74.0-11 libboost-graph-dev_1.74.0.3 libboost-graph-parallel-dev_1.74.0.3 libboost-graph-parallel1.74-dev_1.74.0-11 libboost-graph-parallel1.74.0_1.74.0-11 libboost-graph1.74-dev_1.74.0-11 libboost-graph1.74.0_1.74.0-11 libboost-iostreams-dev_1.74.0.3 libboost-iostreams1.74-dev_1.74.0-11 libboost-iostreams1.74.0_1.74.0-11 libboost-locale-dev_1.74.0.3 libboost-locale1.74-dev_1.74.0-11 libboost-locale1.74.0_1.74.0-11 libboost-log-dev_1.74.0.3 libboost-log1.74-dev_1.74.0-11 libboost-log1.74.0_1.74.0-11 libboost-math-dev_1.74.0.3 libboost-math1.74-dev_1.74.0-11 libboost-math1.74.0_1.74.0-11 libboost-mpi-dev_1.74.0.3 libboost-mpi-python-dev_1.74.0.3 libboost-mpi-python1.74-dev_1.74.0-11 libboost-mpi-python1.74.0_1.74.0-11 libboost-mpi1.74-dev_1.74.0-11 libboost-mpi1.74.0_1.74.0-11 libboost-nowide-dev_1.74.0.3 libboost-nowide1.74-dev_1.74.0-11 libboost-nowide1.74.0_1.74.0-11 libboost-numpy-dev_1.74.0.3 libboost-numpy1.74-dev_1.74.0-11 libboost-numpy1.74.0_1.74.0-11 libboost-program-options-dev_1.74.0.3 libboost-program-options1.74-dev_1.74.0-11 libboost-program-options1.74.0_1.74.0-11 libboost-python-dev_1.74.0.3 libboost-python1.74-dev_1.74.0-11 libboost-python1.74.0_1.74.0-11 libboost-random-dev_1.74.0.3 libboost-random1.74-dev_1.74.0-11 libboost-random1.74.0_1.74.0-11 libboost-regex-dev_1.74.0.3 libboost-regex1.74-dev_1.74.0-11 libboost-regex1.74.0_1.74.0-11 libboost-serialization-dev_1.74.0.3 libboost-serialization1.74-dev_1.74.0-11 libboost-serialization1.74.0_1.74.0-11 libboost-stacktrace-dev_1.74.0.3 libboost-stacktrace1.74-dev_1.74.0-11 libboost-stacktrace1.74.0_1.74.0-11 libboost-system-dev_1.74.0.3 libboost-system1.74-dev_1.74.0-11 libboost-system1.74.0_1.74.0-11 libboost-test-dev_1.74.0.3 libboost-test1.74-dev_1.74.0-11 libboost-test1.74.0_1.74.0-11 libboost-thread-dev_1.74.0.3 libboost-thread1.74-dev_1.74.0-11 libboost-thread1.74.0_1.74.0-11 libboost-timer-dev_1.74.0.3 libboost-timer1.74-dev_1.74.0-11 libboost-timer1.74.0_1.74.0-11 libboost-tools-dev_1.74.0.3 libboost-type-erasure-dev_1.74.0.3 libboost-type-erasure1.74-dev_1.74.0-11 libboost-type-erasure1.74.0_1.74.0-11 libboost-wave-dev_1.74.0.3 libboost-wave1.74-dev_1.74.0-11 libboost-wave1.74.0_1.74.0-11 libboost1.74-dev_1.74.0-11 libboost1.74-tools-dev_1.74.0-11 libbrotli1_1.0.9-2+b2 libbsd0_0.11.3-1 libbz2-1.0_1.0.8-4 libc-bin_2.32-4 libc-dev-bin_2.32-4 libc6_2.32-4 libc6-dev_2.32-4 libc6-i386_2.32-4 libcairo2_1.16.0-5 libcap-ng0_0.7.9-2.2+b1 libcap2_1:2.44-1 libcbor0.8_0.8.0-1 libcc1-0_11.2.0-10 libcdt5_2.42.2-5 libcgraph6_2.42.2-5 libclang-common-13-dev_1:13.0.0-8 libclang-cpp11_1:11.1.0-4 libclang-cpp13_1:13.0.0-8 libclang1-11_1:11.1.0-4 libclang1-13_1:13.0.0-8 libcom-err2_1.46.4-1 libcrypt-dev_1:4.4.25-2 libcrypt1_1:4.4.25-2 libctf-nobfd0_2.37-7 libctf0_2.37-7 libdatrie1_0.2.13-2 libdb5.3_5.3.28+dfsg1-0.8 libdebconfclient0_0.260 libdebhelper-perl_13.5.2 libdeflate0_1.8-1 libdpkg-perl_1.20.9 libedit2_3.1-20210910-1 libelf1_0.185-2 libevent-2.1-7_2.1.12-stable-1 libevent-core-2.1-7_2.1.12-stable-1 libevent-dev_2.1.12-stable-1 libevent-extra-2.1-7_2.1.12-stable-1 libevent-openssl-2.1-7_2.1.12-stable-1 libevent-pthreads-2.1-7_2.1.12-stable-1 libexpat1_2.4.1-3 libexpat1-dev_2.4.1-3 libext2fs2_1.46.4-1 libfabric1_1.11.0-2 libfakeroot_1.26-1 libffi8_3.4.2-3 libfido2-1_1.8.0-1+b1 libfile-stripnondeterminism-perl_1.12.0-2 libfontconfig1_2.13.1-4.2 libfreetype6_2.11.0+dfsg-1 libfribidi0_1.0.8-2 libgc1_1:8.0.4-3 libgcc-10-dev_10.3.0-11 libgcc-11-dev_11.2.0-10 libgcc-9-dev_9.4.0-3 libgcc-s1_11.2.0-10 libgcrypt20_1.9.4-3+b1 libgd3_2.3.0-2 libgdbm-compat4_1.22-1 libgdbm6_1.22-1 libgfortran-10-dev_10.3.0-11 libgfortran5_11.2.0-10 libglib2.0-0_2.70.0-3 libgmp10_2:6.2.1+dfsg-2 libgnutls30_3.7.2-2 libgomp1_11.2.0-10 libgpg-error0_1.42-3 libgraphite2-3_1.3.14-1 libgssapi-krb5-2_1.18.3-7 libgts-0.7-5_0.7.6+darcs121130-4+b1 libgvc6_2.42.2-5 libgvpr2_2.42.2-5 libharfbuzz0b_2.7.4-1 libhogweed6_3.7.3-1 libhwloc-dev_2.5.0+dfsg-2 libhwloc-plugins_2.5.0+dfsg-2 libhwloc15_2.5.0+dfsg-2 libibverbs-dev_36.0-1 libibverbs1_36.0-1 libice6_2:1.0.10-1 libicu-dev_67.1-7 libicu67_67.1-7 libidn2-0_2.3.2-2 libisl23_0.24-2 libitm1_11.2.0-10 libjbig0_2.1-3.1+b2 libjpeg62-turbo_1:2.0.6-4 libjs-jquery_3.5.1+dfsg+~3.5.5-8 libjs-jquery-ui_1.12.1+dfsg-8 libjs-sphinxdoc_4.2.0-5 libjs-underscore_1.9.1~dfsg-4 libk5crypto3_1.18.3-7 libkeyutils1_1.6.1-2 libkrb5-3_1.18.3-7 libkrb5support0_1.18.3-7 liblab-gamut1_2.42.2-5 libldap-2.4-2_2.4.59+dfsg-1 libllvm11_1:11.1.0-4 libllvm13_1:13.0.0-8 liblsan0_11.2.0-10 libltdl-dev_2.4.6-15 libltdl7_2.4.6-15 liblz4-1_1.9.3-2 liblzma5_5.2.5-2 libmagic-mgc_1:5.39-3 libmagic1_1:5.39-3 libmariadb-dev_1:10.5.12-1 libmariadb-dev-compat_1:10.5.12-1 libmariadb3_1:10.5.12-1 libmd0_1.0.4-1 libmount1_2.37.2-4 libmpc3_1.2.1-1 libmpdec3_2.5.1-2 libmpfr6_4.1.0-3 libncursesw6_6.2+20210905-1 libnettle8_3.7.3-1 libnl-3-200_3.4.0-1+b1 libnl-3-dev_3.4.0-1+b1 libnl-route-3-200_3.4.0-1+b1 libnl-route-3-dev_3.4.0-1+b1 libnsl-dev_1.3.0-2 libnsl2_1.3.0-2 libnuma-dev_2.0.14-3 libnuma1_2.0.14-3 libobjc-11-dev_11.2.0-10 libobjc-9-dev_9.4.0-3 libobjc4_11.2.0-10 libomp-13-dev_1:13.0.0-8 libomp5-13_1:13.0.0-8 libopenmpi-dev_4.1.2~rc1-4 libopenmpi3_4.1.2~rc1-4 libp11-kit0_0.24.0-5 libpam-modules_1.4.0-10 libpam-modules-bin_1.4.0-10 libpam-runtime_1.4.0-10 libpam0g_1.4.0-10 libpango-1.0-0_1.48.10+ds1-1 libpangocairo-1.0-0_1.48.10+ds1-1 libpangoft2-1.0-0_1.48.10+ds1-1 libpathplan4_2.42.2-5 libpciaccess0_0.16-1 libpcre2-8-0_10.36-2 libpcre3_2:8.39-13 libperl5.32_5.32.1-6 libpipeline1_1.5.3-1 libpixman-1-0_0.40.0-1 libpmix-dev_4.1.1~rc4-1 libpmix2_4.1.1~rc4-1 libpng16-16_1.6.37-3 libpq-dev_14.0-1 libpq5_14.0-1 libpqxx-6.4_6.4.5-2 libpqxx-dev_6.4.5-2 libpsm-infinipath1_3.3+20.604758e7-6.1 libpsm2-2_11.2.185-1 libpython3-dev_3.9.2-3 libpython3-stdlib_3.9.2-3 libpython3.9_3.9.7-4 libpython3.9-dev_3.9.7-4 libpython3.9-minimal_3.9.7-4 libpython3.9-stdlib_3.9.7-4 libquadmath0_11.2.0-10 librdmacm1_36.0-1 libreadline8_8.1-2 libruby2.7_2.7.4-1+b1 libsasl2-2_2.1.27+dfsg-2.1 libsasl2-modules-db_2.1.27+dfsg-2.1 libseccomp2_2.5.2-2 libselinux1_3.1-3 libsemanage-common_3.1-1 libsemanage1_3.1-1+b2 libsepol1_3.1-1 libsigsegv2_2.13-1 libsm6_2:1.2.3-1 libsmartcols1_2.37.2-4 libsqlite3-0_3.36.0-2 libss2_1.46.4-1 libssl-dev_1.1.1l-1 libssl1.1_1.1.1l-1 libstdc++-10-dev_10.3.0-11 libstdc++-11-dev_11.2.0-10 libstdc++6_11.2.0-10 libsub-override-perl_0.09-2 libsystemd0_249.5-1 libtasn1-6_4.17.0-2 libthai-data_0.1.28-4.1 libthai0_0.1.28-4.1 libtiff5_4.3.0-2 libtinfo6_6.2+20210905-1 libtirpc-common_1.3.2-2 libtirpc-dev_1.3.2-2 libtirpc3_1.3.2-2 libtool_2.4.6-15 libtsan0_11.2.0-10 libubsan1_11.2.0-10 libuchardet0_0.0.7-1 libucx0_1.11.2-1 libudev1_249.5-1 libunistring2_0.9.10-6 libuuid1_2.37.2-4 libwebp6_0.6.1-2.1 libx11-6_2:1.7.2-2+b1 libx11-data_2:1.7.2-2 libxapian30_1.4.18-3 libxau6_1:1.0.9-1 libxaw7_2:1.0.13-1.1 libxcb-render0_1.14-3 libxcb-shm0_1.14-3 libxcb1_1.14-3 libxdmcp6_1:1.1.2-3 libxext6_2:1.3.4-1 libxml2_2.9.12+dfsg-5 libxml2-dev_2.9.12+dfsg-5 libxmu6_2:1.1.2-2+b3 libxnvctrl0_470.57.02-2 libxpm4_1:3.5.12-1 libxrender1_1:0.9.10-1 libxt6_1:1.2.0-1 libxxhash0_0.8.0-2 libyaml-0-2_0.2.2-1 libz3-4_4.8.12-1+b1 libzstd1_1.4.8+dfsg-3 linux-libc-dev_5.14.12-1 login_1:4.8.1-1 logsave_1.46.4-1 lsb-base_11.1.0 m4_1.4.18-5 make_4.3-4.1 man-db_2.9.4-2 mariadb-common_1:10.5.12-1 mawk_1.3.4.20200120-2 media-types_4.0.0 mount_2.37.2-4 mpi-default-bin_1.14 mpi-default-dev_1.14 mysql-common_5.8+1.0.7 ncurses-base_6.2+20210905-1 ncurses-bin_6.2+20210905-1 ocl-icd-libopencl1_2.2.14-3 openmpi-bin_4.1.2~rc1-4 openmpi-common_4.1.2~rc1-4 openssh-client_1:8.4p1-6 openssl_1.1.1l-1 passwd_1:4.8.1-1 patch_2.7.6-7 perl_5.32.1-6 perl-base_5.32.1-6 perl-modules-5.32_5.32.1-6 pkg-config_0.29.2-1 po-debconf_1.0.21+nmu1 psmisc_23.4-2 python3_3.9.2-3 python3-dev_3.9.2-3 python3-distutils_3.9.7-1 python3-lib2to3_3.9.7-1 python3-minimal_3.9.2-3 python3.9_3.9.7-4 python3.9-dev_3.9.7-4 python3.9-minimal_3.9.7-4 qt5-qmake_5.15.2+dfsg-12 qt5-qmake-bin_5.15.2+dfsg-12 qtchooser_66-2 quilt_0.66-2.1 rake_13.0.3-1 readline-common_8.1-2 rpcsvc-proto_1.4.2-4 ruby_1:2.7.5 ruby-minitest_5.13.0-1 ruby-net-telnet_0.1.1-2 ruby-power-assert_1.1.7-2 ruby-rubygems_3.2.27-2 ruby-test-unit_3.3.9-1 ruby-xmlrpc_0.3.0-2 ruby2.7_2.7.4-1+b1 rubygems-integration_1.18 sbuild-build-depends-main-dummy_0.invalid.0 sed_4.8-1 sensible-utils_0.0.17 sysvinit-utils_3.00-1 tar_1.34+dfsg-1 tzdata_2021e-1 ucf_3.0043 util-linux_2.37.2-4 x11-common_1:7.7+23 xz-utils_5.2.5-2 zlib1g_1:1.2.11.dfsg-2 zlib1g-dev_1:1.2.11.dfsg-2

+------------------------------------------------------------------------------+
| Build                                                                        |
+------------------------------------------------------------------------------+


Unpack source
-------------

-----BEGIN PGP SIGNED MESSAGE-----
Hash: SHA512

Format: 3.0 (quilt)
Source: quickfix
Binary: libquickfix-dev, libquickfix17, libquickfix-doc
Architecture: any all
Version: 1.15.1+dfsg-4
Maintainer: Athena Capital Research <acr-debian@athenacr.com>
Uploaders: Roberto C. Sanchez <roberto@connexer.com>
Homepage: http://www.quickfixengine.org/index.html
Standards-Version: 4.5.0
Build-Depends: debhelper (>= 10), doxygen, graphviz, quilt, libxml2-dev, default-libmysqlclient-dev, libpqxx-dev, libboost-all-dev, libssl-dev, libtool, psmisc, flex, ruby
Package-List:
 libquickfix-dev deb libdevel optional arch=any
 libquickfix-doc deb doc optional arch=all
 libquickfix17 deb libs optional arch=any
Checksums-Sha1:
 54ad6e242ed5a2916de4f58318fb08e7efee6ba2 3030465 quickfix_1.15.1+dfsg.orig.tar.gz
 671340e9d35be1fe760add164a545b8712a0a202 8532 quickfix_1.15.1+dfsg-4.debian.tar.xz
Checksums-Sha256:
 2f378b5c57f355bfb4c3d733b560b3b163baad9de113afd0e1325a814660f5c2 3030465 quickfix_1.15.1+dfsg.orig.tar.gz
 ecdfc3aa50e3fbf5759bf612078edfc4dea7439641afb6f948d22bf9df31b7b7 8532 quickfix_1.15.1+dfsg-4.debian.tar.xz
Files:
 896d829da8431ec7cf81b6c2683140d2 3030465 quickfix_1.15.1+dfsg.orig.tar.gz
 44835e0f69916ed670b8b7a787f98ff0 8532 quickfix_1.15.1+dfsg-4.debian.tar.xz

-----BEGIN PGP SIGNATURE-----

iQIzBAEBCgAdFiEEz9ERzDttUsU/BH8iLNd4Xt2nsg8FAl6p3T8ACgkQLNd4Xt2n
sg+LrQ/+P6kSCMyalDKxPzhTA9Hl68ZCVveWMK+F4OtvuuT8e8IHrbcF/trwaybw
WAzjZ1jpOrWWlW1zYmEXZvBdog19mIFazHvEePdbVunUs2ufRdSeCXBFEfOC+SLQ
bewtqeyNrJArhdwAIcJch6/LgFIIrF8vduoiImf8FINz3uuyMyDxmZ4/g8znayvp
vahFQGINA1FR2JgfQwt3GeLBmJIN1DU+cAK6BiNqU3RkrjHBRBeSkIju1tKF3gex
bXosHnCnLAVyv+i5VEPD17xyonpjNvN1jWZ5rrcrF/Zb1s4iblJprLuR//zUT4ls
VxvhIk2gIWf1epDSglX48SFbxUauG1GeWosmC5tJISxokxoUeAbjguwPeHCb8c7H
v6YjuoOMSGdXAChWTwZrsPAJJ9afE+OqVZffVGpZ+YZ7rUV8WrcAxFwKtx4CB8PB
z0PebJMO+HgFWFdP+nRNNs34YWVv6jkyov4CDdAx/exAJSmoCbuyOUR/AaOfRPxW
aNnECsSlxAZMtrr6/7C1aLWTboNqANEiZ2e89OA3AEQ+pQet1rkgyslNxgpwgnRM
wLT+XICpl+FQStDqpog8bEwpa1w4ejqtrDj9++wyTVoV1KIaJdMok9FYfeEv/7Pp
b+FuvlZFbh4WR/PL4/PBakalJUVVTWmkZcSbPGvficnHdMdbbdI=
=p+Zx
-----END PGP SIGNATURE-----

gpgv: unknown type of key resource 'trustedkeys.kbx'
gpgv: keyblock resource '/tmp/dpkg-verify-sig.ek40JJZv/trustedkeys.kbx': General error
gpgv: Signature made Wed Apr 29 20:02:07 2020 UTC
gpgv:                using RSA key CFD111CC3B6D52C53F047F222CD7785EDDA7B20F
gpgv: Can't check signature: No public key
dpkg-source: warning: failed to verify signature on ./quickfix_1.15.1+dfsg-4.dsc
dpkg-source: info: extracting quickfix in /<<PKGBUILDDIR>>
dpkg-source: info: unpacking quickfix_1.15.1+dfsg.orig.tar.gz
dpkg-source: info: unpacking quickfix_1.15.1+dfsg-4.debian.tar.xz
dpkg-source: info: using patch list from debian/patches/series
dpkg-source: info: applying 01_disable_problematic_tests.patch
dpkg-source: info: applying 02_dtor_noexcept_false.patch
dpkg-source: info: applying 03_src_heartbeat.patch
dpkg-source: info: applying 04_fix_automake_variable_names.patch
dpkg-source: info: applying 08_test_runner_bad_virtual_method_arg.patch
dpkg-source: info: applying 09_fix_atomic_count_header_namespace.patch

Check disk space
----------------

Sufficient free space for build

User Environment
----------------

APT_CONFIG=/var/lib/sbuild/apt.conf
HOME=/sbuild-nonexistent
LANG=C.UTF-8
LC_ALL=C.UTF-8
LOGNAME=user42
PATH=/usr/local/sbin:/usr/local/bin:/usr/sbin:/usr/bin:/sbin:/bin:/usr/games
SCHROOT_ALIAS_NAME=unstable
SCHROOT_CHROOT_NAME=sid-amd64-sbuild
SCHROOT_COMMAND=env
SCHROOT_GID=1001
SCHROOT_GROUP=user42
SCHROOT_SESSION_ID=sid-amd64-sbuild-65ca1821-7c50-4dff-9749-5ec168edc9a5
SCHROOT_UID=1001
SCHROOT_USER=user42
SHELL=/bin/sh
USER=user42

dpkg-buildpackage
-----------------

Command: dpkg-buildpackage -us -uc -b -rfakeroot
dpkg-buildpackage: info: source package quickfix
dpkg-buildpackage: info: source version 1.15.1+dfsg-4
dpkg-buildpackage: info: source distribution unstable
dpkg-buildpackage: info: source changed by Roberto C. Sanchez <roberto@connexer.com>
 dpkg-source --before-build .
dpkg-buildpackage: info: host architecture amd64
dpkg-source: info: using options from quickfix-1.15.1+dfsg/debian/source/options: --diff-ignore --tar-ignore
 fakeroot debian/rules clean
dh clean
   debian/rules override_dh_clean
make[1]: Entering directory '/<<PKGBUILDDIR>>'
dh_clean
rm -rf INSTALL ChangeLog /<<PKGBUILDDIR>>/lib
make[1]: Leaving directory '/<<PKGBUILDDIR>>'
 debian/rules build
dh build
   dh_update_autotools_config
   debian/rules override_dh_autoreconf
make[1]: Entering directory '/<<PKGBUILDDIR>>'
touch INSTALL ChangeLog
dh_autoreconf
libtoolize: putting auxiliary files in AC_CONFIG_AUX_DIR, 'config'.
libtoolize: copying file 'config/ltmain.sh'
libtoolize: putting macros in AC_CONFIG_MACRO_DIRS, 'm4'.
libtoolize: copying file 'm4/libtool.m4'
libtoolize: copying file 'm4/ltoptions.m4'
libtoolize: copying file 'm4/ltsugar.m4'
libtoolize: copying file 'm4/ltversion.m4'
libtoolize: copying file 'm4/lt~obsolete.m4'
configure.ac:27: warning: The macro `AC_LIBTOOL_WIN32_DLL' is obsolete.
configure.ac:27: You should run autoupdate.
m4/ltoptions.m4:148: AC_LIBTOOL_WIN32_DLL is expanded from...
configure.ac:27: the top level
configure.ac:27: warning: AC_LIBTOOL_WIN32_DLL: Remove this warning and the call to _LT_SET_OPTION when you
configure.ac:27: put the 'win32-dll' option into LT_INIT's first parameter.
./lib/autoconf/general.m4:2434: AC_DIAGNOSE is expanded from...
m4/ltoptions.m4:148: AC_LIBTOOL_WIN32_DLL is expanded from...
configure.ac:27: the top level
configure.ac:28: warning: The macro `AM_PROG_LIBTOOL' is obsolete.
configure.ac:28: You should run autoupdate.
m4/libtool.m4:100: AM_PROG_LIBTOOL is expanded from...
configure.ac:28: the top level
configure.ac:29: warning: AC_PROG_LEX without either yywrap or noyywrap is obsolete
./lib/autoconf/programs.m4:716: _AC_PROG_LEX is expanded from...
./lib/autoconf/programs.m4:709: AC_PROG_LEX is expanded from...
aclocal.m4:668: AM_PROG_LEX is expanded from...
configure.ac:29: the top level
configure.ac:32: warning: The macro `AC_HELP_STRING' is obsolete.
configure.ac:32: You should run autoupdate.
./lib/autoconf/general.m4:204: AC_HELP_STRING is expanded from...
m4/ax_lib_postgresql.m4:36: AX_LIB_POSTGRESQL is expanded from...
configure.ac:32: the top level
configure.ac:35: warning: The macro `AC_TRY_LINK' is obsolete.
configure.ac:35: You should run autoupdate.
./lib/autoconf/general.m4:2920: AC_TRY_LINK is expanded from...
m4/ax_lib_ssl.m4:1: AX_LIB_SSL is expanded from...
configure.ac:35: the top level
configure.ac:35: warning: AC_CHECK_HEADERS($with_openssl/include/openssl/ssl.h): you should use literals
./lib/autoconf/headers.m4:217: AC_CHECK_HEADERS is expanded from...
m4/ax_lib_ssl.m4:1: AX_LIB_SSL is expanded from...
configure.ac:35: the top level
configure.ac:36: warning: The macro `AC_LANG_CPLUSPLUS' is obsolete.
configure.ac:36: You should run autoupdate.
./lib/autoconf/c.m4:262: AC_LANG_CPLUSPLUS is expanded from...
m4/ax_allocator.m4:1: AX_ALLOCATOR is expanded from...
configure.ac:36: the top level
configure.ac:36: warning: The macro `AC_TRY_COMPILE' is obsolete.
configure.ac:36: You should run autoupdate.
./lib/autoconf/general.m4:2847: AC_TRY_COMPILE is expanded from...
m4/ax_allocator.m4:1: AX_ALLOCATOR is expanded from...
configure.ac:36: the top level
configure.ac:172: warning: The macro `AC_LANG_CPLUSPLUS' is obsolete.
configure.ac:172: You should run autoupdate.
./lib/autoconf/c.m4:262: AC_LANG_CPLUSPLUS is expanded from...
configure.ac:172: the top level
configure.ac:175: warning: The macro `AC_TRY_COMPILE' is obsolete.
configure.ac:175: You should run autoupdate.
./lib/autoconf/general.m4:2847: AC_TRY_COMPILE is expanded from...
configure.ac:175: the top level
configure.ac:186: warning: The macro `AC_TRY_COMPILE' is obsolete.
configure.ac:186: You should run autoupdate.
./lib/autoconf/general.m4:2847: AC_TRY_COMPILE is expanded from...
configure.ac:186: the top level
configure.ac:197: warning: The macro `AC_TRY_COMPILE' is obsolete.
configure.ac:197: You should run autoupdate.
./lib/autoconf/general.m4:2847: AC_TRY_COMPILE is expanded from...
configure.ac:197: the top level
configure.ac:211: warning: The macro `AC_TRY_COMPILE' is obsolete.
configure.ac:211: You should run autoupdate.
./lib/autoconf/general.m4:2847: AC_TRY_COMPILE is expanded from...
configure.ac:211: the top level
configure.ac:221: warning: The macro `AC_TRY_COMPILE' is obsolete.
configure.ac:221: You should run autoupdate.
./lib/autoconf/general.m4:2847: AC_TRY_COMPILE is expanded from...
configure.ac:221: the top level
configure.ac:233: warning: The macro `AC_TRY_COMPILE' is obsolete.
configure.ac:233: You should run autoupdate.
./lib/autoconf/general.m4:2847: AC_TRY_COMPILE is expanded from...
configure.ac:233: the top level
configure.ac:242: warning: The macro `AC_TRY_COMPILE' is obsolete.
configure.ac:242: You should run autoupdate.
./lib/autoconf/general.m4:2847: AC_TRY_COMPILE is expanded from...
configure.ac:242: the top level
configure.ac:251: warning: The macro `AC_TRY_COMPILE' is obsolete.
configure.ac:251: You should run autoupdate.
./lib/autoconf/general.m4:2847: AC_TRY_COMPILE is expanded from...
configure.ac:251: the top level
configure.ac:260: warning: The macro `AC_TRY_COMPILE' is obsolete.
configure.ac:260: You should run autoupdate.
./lib/autoconf/general.m4:2847: AC_TRY_COMPILE is expanded from...
configure.ac:260: the top level
configure.ac:269: warning: The macro `AC_TRY_COMPILE' is obsolete.
configure.ac:269: You should run autoupdate.
./lib/autoconf/general.m4:2847: AC_TRY_COMPILE is expanded from...
configure.ac:269: the top level
configure.ac:281: warning: The macro `AC_TRY_COMPILE' is obsolete.
configure.ac:281: You should run autoupdate.
./lib/autoconf/general.m4:2847: AC_TRY_COMPILE is expanded from...
configure.ac:281: the top level
configure.ac:306: warning: The macro `AC_TRY_RUN' is obsolete.
configure.ac:306: You should run autoupdate.
./lib/autoconf/general.m4:2997: AC_TRY_RUN is expanded from...
configure.ac:306: the top level
configure.ac:24: installing 'config/compile'
configure.ac:27: installing 'config/config.guess'
configure.ac:27: installing 'config/config.sub'
configure.ac:20: installing 'config/install-sh'
configure.ac:20: installing 'config/missing'
Makefile.am: installing './COPYING' using GNU General Public License v3 file
Makefile.am:     Consider adding the COPYING file to the version control system
Makefile.am:     for your code, to avoid questions about which license your project uses
examples/executor/C++/Makefile.am: installing 'config/depcomp'
parallel-tests: installing 'config/test-driver'
make[1]: Leaving directory '/<<PKGBUILDDIR>>'
   debian/rules override_dh_auto_configure
make[1]: Entering directory '/<<PKGBUILDDIR>>'
dh_auto_configure -- --without-java --without-python --without-ruby --with-openssl
	./configure --build=x86_64-linux-gnu --prefix=/usr --includedir=\${prefix}/include --mandir=\${prefix}/share/man --infodir=\${prefix}/share/info --sysconfdir=/etc --localstatedir=/var --disable-option-checking --disable-silent-rules --libdir=\${prefix}/lib/x86_64-linux-gnu --libexecdir=\${prefix}/lib/x86_64-linux-gnu --disable-maintainer-mode --disable-dependency-tracking --without-java --without-python --without-ruby --with-openssl
checking for a BSD-compatible install... /usr/bin/install -c
checking whether build environment is sane... yes
checking for a race-free mkdir -p... /bin/mkdir -p
checking for gawk... no
checking for mawk... mawk
checking whether make sets $(MAKE)... yes
checking whether make supports nested variables... yes
checking for g++... g++
checking whether the C++ compiler works... yes
checking for C++ compiler default output file name... a.out
checking for suffix of executables... 
checking whether we are cross compiling... no
checking for suffix of object files... o
checking whether the compiler supports GNU C++... yes
checking whether g++ accepts -g... yes
checking for g++ option to enable C++11 features... none needed
checking whether make supports the include directive... yes (GNU style)
checking dependency style of g++... none
checking for gcc... gcc
checking whether the compiler supports GNU C... yes
checking whether gcc accepts -g... yes
checking for gcc option to enable C11 features... none needed
checking whether gcc understands -c and -o together... yes
checking dependency style of gcc... none
checking how to run the C preprocessor... gcc -E
checking build system type... x86_64-pc-linux-gnu
checking host system type... x86_64-pc-linux-gnu
checking how to print strings... printf
checking for a sed that does not truncate output... /bin/sed
checking for grep that handles long lines and -e... /bin/grep
checking for egrep... /bin/grep -E
checking for fgrep... /bin/grep -F
checking for ld used by gcc... /usr/bin/ld
checking if the linker (/usr/bin/ld) is GNU ld... yes
checking for BSD- or MS-compatible name lister (nm)... /usr/bin/nm -B
checking the name lister (/usr/bin/nm -B) interface... BSD nm
checking whether ln -s works... yes
checking the maximum length of command line arguments... 1572864
checking how to convert x86_64-pc-linux-gnu file names to x86_64-pc-linux-gnu format... func_convert_file_noop
checking how to convert x86_64-pc-linux-gnu file names to toolchain format... func_convert_file_noop
checking for /usr/bin/ld option to reload object files... -r
checking for objdump... objdump
checking how to recognize dependent libraries... pass_all
checking for dlltool... dlltool
checking how to associate runtime and link libraries... printf %s\n
checking for ar... ar
checking for archiver @FILE support... @
checking for strip... strip
checking for ranlib... ranlib
checking command to parse /usr/bin/nm -B output from gcc object... ok
checking for sysroot... no
checking for a working dd... /bin/dd
checking how to truncate binary pipes... /bin/dd bs=4096 count=1
checking for mt... no
checking if : is a manifest tool... no
checking for stdio.h... yes
checking for stdlib.h... yes
checking for string.h... yes
checking for inttypes.h... yes
checking for stdint.h... yes
checking for strings.h... yes
checking for sys/stat.h... yes
checking for sys/types.h... yes
checking for unistd.h... yes
checking for dlfcn.h... yes
checking for objdir... .libs
checking if gcc supports -fno-rtti -fno-exceptions... yes
checking for gcc option to produce PIC... -fPIC -DPIC
checking if gcc PIC flag -fPIC -DPIC works... yes
checking if gcc static flag -static works... yes
checking if gcc supports -c -o file.o... yes
checking if gcc supports -c -o file.o... (cached) yes
checking whether the gcc linker (/usr/bin/ld -m elf_x86_64) supports shared libraries... yes
checking whether -lc should be explicitly linked in... no
checking dynamic linker characteristics... GNU/Linux ld.so
checking how to hardcode library paths into programs... immediate
checking whether stripping libraries is possible... yes
checking if libtool supports shared libraries... yes
checking whether to build shared libraries... yes
checking whether to build static libraries... no
checking how to run the C++ preprocessor... g++ -E
checking for ld used by g++... /usr/bin/ld -m elf_x86_64
checking if the linker (/usr/bin/ld -m elf_x86_64) is GNU ld... yes
checking whether the g++ linker (/usr/bin/ld -m elf_x86_64) supports shared libraries... yes
checking for g++ option to produce PIC... -fPIC -DPIC
checking if g++ PIC flag -fPIC -DPIC works... yes
checking if g++ static flag -static works... yes
checking if g++ supports -c -o file.o... yes
checking if g++ supports -c -o file.o... (cached) yes
checking whether the g++ linker (/usr/bin/ld -m elf_x86_64) supports shared libraries... yes
checking dynamic linker characteristics... (cached) GNU/Linux ld.so
checking how to hardcode library paths into programs... immediate
checking for flex... flex
checking for lex output file root... lex.yy
checking for lex library... none needed
checking for library containing yywrap... no
checking whether yytext is a pointer... yes
checking for SSL support (openssl)... configure: openssl enabled
checking for openssl/ssl.h... yes
checking linking with openssl... ok
configure: Building QuickFIX with support for SSL (using OpenSSL)
-e:1:in `<main>': uninitialized constant Config (NameError)
Did you mean?  RbConfig
./configure: line 18558: build_no_unit_test: command not found
checking for shutdown in -lc... yes
checking for inet_addr in -lc... yes
checking for nanosleep in -lc... yes
checking for ftime in -lcompat... no
checking for clock_gettime... yes
checking for clock_get_time... no
checking which threading environment to use... -lpthread
checking for pthread_create in -lpthread... yes
checking for stdio.h... (cached) yes
checking for STREAMS ioctl... no
checking for socklen_t... yes
checking for ftime... yes
checking for set_terminate in the global namespace... no
checking for set_terminate in the std namespace... yes
checking for std::tr1::shared_ptr... yes
checking for std::shared_ptr... yes
checking for boost::shared_ptr... yes
checking for typeinfo in the global namespace... no
checking for typeinfo in the std namespace... yes
checking for gethostbyname_r with input result... yes
checking for cplus_demangle in -liberty... no
checking if select modifies timeval parameter... yes
checking that generated files are newer than configure... done
configure: creating ./config.status
config.status: creating quickfix.pc
config.status: creating Makefile
config.status: creating src/Makefile
config.status: creating src/C++/Makefile
config.status: creating src/C++/test/Makefile
config.status: creating src/python2/Makefile
config.status: creating src/python3/Makefile
config.status: creating src/ruby/Makefile
config.status: creating bin/Makefile
config.status: creating bin/cfg/Makefile
config.status: creating spec/Makefile
config.status: creating test/Makefile
config.status: creating test/atrun/Makefile
config.status: creating test/cfg/Makefile
config.status: creating test/definitions/Makefile
config.status: creating test/definitions/server/Makefile
config.status: creating test/definitions/server/future/Makefile
config.status: creating examples/Makefile
config.status: creating examples/executor/Makefile
config.status: creating examples/executor/C++/Makefile
config.status: creating examples/ordermatch/Makefile
config.status: creating examples/ordermatch/test/Makefile
config.status: creating examples/tradeclient/Makefile
config.status: creating examples/tradeclientgui/Makefile
config.status: creating examples/tradeclientgui/banzai/Makefile
config.status: creating examples/tradeclientgui/banzai/test/Makefile
config.status: creating examples/tradeclientgui/banzai/src/Makefile
config.status: creating examples/tradeclientgui/banzai/src/quickfix/Makefile
config.status: creating examples/tradeclientgui/banzai/src/quickfix/banzai/Makefile
config.status: creating examples/tradeclientgui/banzai/src/quickfix/banzai/ui/Makefile
config.status: creating doc/Makefile
config.status: creating doc/html/Makefile
config.status: creating config.h
config.status: executing depfiles commands
config.status: executing libtool commands
# Restore empty lib/ directory used by upstream build system
mkdir /<<PKGBUILDDIR>>/lib
make[1]: Leaving directory '/<<PKGBUILDDIR>>'
   debian/rules override_dh_auto_build
make[1]: Entering directory '/<<PKGBUILDDIR>>'
dh_auto_build
	make -j4
make[2]: Entering directory '/<<PKGBUILDDIR>>'
make  all-recursive
make[3]: Entering directory '/<<PKGBUILDDIR>>'
Making all in UnitTest++
make[4]: Entering directory '/<<PKGBUILDDIR>>/UnitTest++'
src/AssertException.cpp
src/Test.cpp
src/Checks.cpp
src/TestRunner.cpp
src/TestResults.cpp
src/TestReporter.cpp
src/TestReporterStdout.cpp
src/ReportAssert.cpp
src/TestList.cpp
src/TimeConstraint.cpp
src/TestDetails.cpp
src/MemoryOutStream.cpp
src/DeferredTestReporter.cpp
src/DeferredTestResult.cpp
src/XmlTestReporter.cpp
src/CurrentTest.cpp
src/Posix/SignalTranslator.cpp
src/Posix/TimeHelpers.cpp
In file included from src/Posix/SignalTranslator.cpp:1:
src/Posix/SignalTranslator.h:25:22: warning: private field 'm_old_SIGABRT_action' is not used [-Wunused-private-field]
    struct sigaction m_old_SIGABRT_action;
                     ^
src/Posix/SignalTranslator.h:26:22: warning: private field 'm_old_SIGALRM_action' is not used [-Wunused-private-field]
    struct sigaction m_old_SIGALRM_action;
                     ^
2 warnings generated.
src/tests/Main.cpp
src/tests/TestAssertHandler.cpp
src/tests/TestChecks.cpp
src/tests/TestUnitTest++.cpp
src/tests/TestTest.cpp
src/tests/TestTestResults.cpp
src/tests/TestTestRunner.cpp
src/tests/TestCheckMacros.cpp
src/tests/TestTestList.cpp
src/tests/TestTestMacros.cpp
src/tests/TestTimeConstraint.cpp
src/tests/TestTimeConstraintMacro.cpp
src/tests/TestMemoryOutStream.cpp
src/tests/TestDeferredTestReporter.cpp
src/tests/TestXmlTestReporter.cpp
src/tests/TestCurrentTest.cpp
Creating libUnitTest++.a library...
Linking TestUnitTest++...
Running unit tests...
free(): invalid pointer
make[4]: *** [Makefile:82: TestUnitTest++] Aborted
make[4]: *** Deleting file 'TestUnitTest++'
make[4]: Leaving directory '/<<PKGBUILDDIR>>/UnitTest++'
make[3]: *** [Makefile:506: all-recursive] Error 1
make[3]: Leaving directory '/<<PKGBUILDDIR>>'
make[2]: *** [Makefile:415: all] Error 2
make[2]: Leaving directory '/<<PKGBUILDDIR>>'
dh_auto_build: error: make -j4 returned exit code 2
make[1]: *** [debian/rules:30: override_dh_auto_build] Error 25
make[1]: Leaving directory '/<<PKGBUILDDIR>>'
make: *** [debian/rules:18: build] Error 2
dpkg-buildpackage: error: debian/rules build subprocess returned exit status 2
--------------------------------------------------------------------------------
Build finished at 2021-10-26T20:54:10Z

Finished
--------


+------------------------------------------------------------------------------+
| Cleanup                                                                      |
+------------------------------------------------------------------------------+

Purging /<<BUILDDIR>>
Not cleaning session: cloned chroot in use
E: Build failure (dpkg-buildpackage died)

+------------------------------------------------------------------------------+
| Summary                                                                      |
+------------------------------------------------------------------------------+

Build Architecture: amd64
Build Type: binary
Build-Space: 55524
Build-Time: 20
Distribution: unstable
Fail-Stage: build
Host Architecture: amd64
Install-Time: 47
Job: quickfix_1.15.1+dfsg-4
Machine Architecture: amd64
Package: quickfix
Package-Time: 88
Source-Version: 1.15.1+dfsg-4
Space: 55524
Status: attempted
Version: 1.15.1+dfsg-4
--------------------------------------------------------------------------------
Finished at 2021-10-26T20:54:10Z
Build needed 00:01:28, 55524k disk space
E: Build failure (dpkg-buildpackage died)
DC-Status: Failed 89.21646425s
DC-Time-Estimation: 89.21646425 versus expected 953 (r/m: 9.681884874181168 ; m: 89.21646425)
