DC-Build-Header: ruby3.0 3.0.2-5 / 2021-10-26 20:25:43 +0000
DC-Task: type:rebuild-binarch-only source:ruby3.0 version:3.0.2-5 chroot:unstable esttime:1361 logfile:/tmp/ruby3.0_3.0.2-5_unstable_clang13.log modes:clang13:binarch-only
DC-Sbuild-call: su user42 -c 'sbuild -n --arch-any --apt-update -d unstable -v --no-run-lintian --chroot-setup-commands=/tmp/clang13 ruby3.0_3.0.2-5'
sbuild (Debian sbuild) 0.78.1 (09 February 2019) on ip-172-31-11-192.eu-central-1.compute.internal

+==============================================================================+
| ruby3.0 3.0.2-5 (amd64)                      Tue, 26 Oct 2021 20:25:43 +0000 |
+==============================================================================+

Package: ruby3.0
Version: 3.0.2-5
Source Version: 3.0.2-5
Distribution: unstable
Machine Architecture: amd64
Host Architecture: amd64
Build Architecture: amd64
Build Type: binary

I: NOTICE: Log filtering will replace 'var/run/schroot/mount/sid-amd64-sbuild-0d9a128f-a3aa-4469-acf0-8fb3c7a479c1' with '<<CHROOT>>'

+------------------------------------------------------------------------------+
| Chroot Setup Commands                                                        |
+------------------------------------------------------------------------------+


/tmp/clang13
------------

+ echo 'Entering customization script...'
Entering customization script...
+ CLANG_VERSION=13
+ echo 'Install of clang-13'
Install of clang-13
+ apt-get update
Get:1 http://127.0.0.1:12990/debian sid InRelease [165 kB]
Get:2 http://127.0.0.1:12990/debian sid/main Sources.diff/Index [63.6 kB]
Get:3 http://127.0.0.1:12990/debian sid/main amd64 Packages.diff/Index [63.6 kB]
Get:4 http://127.0.0.1:12990/debian sid/main Sources T-2021-10-26-1401.46-F-2021-10-26-0202.15.pdiff [34.5 kB]
Get:4 http://127.0.0.1:12990/debian sid/main Sources T-2021-10-26-1401.46-F-2021-10-26-0202.15.pdiff [34.5 kB]
Get:5 http://127.0.0.1:12990/debian sid/main amd64 Packages T-2021-10-26-1401.46-F-2021-10-26-0202.15.pdiff [38.7 kB]
Get:5 http://127.0.0.1:12990/debian sid/main amd64 Packages T-2021-10-26-1401.46-F-2021-10-26-0202.15.pdiff [38.7 kB]
Get:6 http://127.0.0.1:12990/debian sid/main Translation-en [6585 kB]
Fetched 6951 kB in 3s (2726 kB/s)
Reading package lists...
+ apt-get install --yes --no-install-recommends --force-yes clang-13 libomp-13-dev libobjc-9-dev
Reading package lists...
Building dependency tree...
The following additional packages will be installed:
  lib32gcc-s1 lib32stdc++6 libasan5 libbsd0 libc6-i386 libclang-common-13-dev
  libclang-cpp13 libclang1-13 libedit2 libgc1 libgcc-9-dev libicu67 libllvm13
  libmd0 libobjc-11-dev libobjc4 libomp5-13 libxml2 libz3-4
Suggested packages:
  clang-13-doc libomp-13-doc
Recommended packages:
  llvm-13-dev python3
The following NEW packages will be installed:
  clang-13 lib32gcc-s1 lib32stdc++6 libasan5 libbsd0 libc6-i386
  libclang-common-13-dev libclang-cpp13 libclang1-13 libedit2 libgc1
  libgcc-9-dev libicu67 libllvm13 libmd0 libobjc-11-dev libobjc-9-dev libobjc4
  libomp-13-dev libomp5-13 libxml2 libz3-4
0 upgraded, 22 newly installed, 0 to remove and 0 not upgraded.
Need to get 68.5 MB of archives.
After this operation, 379 MB of additional disk space will be used.
Get:1 http://127.0.0.1:12990/debian sid/main amd64 libmd0 amd64 1.0.4-1 [29.6 kB]
Get:2 http://127.0.0.1:12990/debian sid/main amd64 libbsd0 amd64 0.11.3-1 [108 kB]
Get:3 http://127.0.0.1:12990/debian sid/main amd64 libedit2 amd64 3.1-20210910-1 [97.5 kB]
Get:4 http://127.0.0.1:12990/debian sid/main amd64 libicu67 amd64 67.1-7 [8622 kB]
Get:5 http://127.0.0.1:12990/debian sid/main amd64 libxml2 amd64 2.9.12+dfsg-5 [696 kB]
Get:6 http://127.0.0.1:12990/debian sid/main amd64 libz3-4 amd64 4.8.12-1+b1 [6997 kB]
Get:7 http://127.0.0.1:12990/debian sid/main amd64 libllvm13 amd64 1:13.0.0-8 [19.7 MB]
Get:8 http://127.0.0.1:12990/debian sid/main amd64 libclang-cpp13 amd64 1:13.0.0-8 [10.5 MB]
Get:9 http://127.0.0.1:12990/debian sid/main amd64 libgc1 amd64 1:8.0.4-3 [239 kB]
Get:10 http://127.0.0.1:12990/debian sid/main amd64 libobjc4 amd64 11.2.0-10 [43.2 kB]
Get:11 http://127.0.0.1:12990/debian sid/main amd64 libobjc-11-dev amd64 11.2.0-10 [170 kB]
Get:12 http://127.0.0.1:12990/debian sid/main amd64 libc6-i386 amd64 2.32-4 [2624 kB]
Get:13 http://127.0.0.1:12990/debian sid/main amd64 lib32gcc-s1 amd64 11.2.0-10 [49.9 kB]
Get:14 http://127.0.0.1:12990/debian sid/main amd64 lib32stdc++6 amd64 11.2.0-10 [601 kB]
Get:15 http://127.0.0.1:12990/debian sid/main amd64 libclang-common-13-dev amd64 1:13.0.0-8 [5730 kB]
Get:16 http://127.0.0.1:12990/debian sid/main amd64 libclang1-13 amd64 1:13.0.0-8 [6093 kB]
Get:17 http://127.0.0.1:12990/debian sid/main amd64 clang-13 amd64 1:13.0.0-8 [119 kB]
Get:18 http://127.0.0.1:12990/debian sid/main amd64 libasan5 amd64 9.4.0-3 [2734 kB]
Get:19 http://127.0.0.1:12990/debian sid/main amd64 libgcc-9-dev amd64 9.4.0-3 [2343 kB]
Get:20 http://127.0.0.1:12990/debian sid/main amd64 libobjc-9-dev amd64 9.4.0-3 [219 kB]
Get:21 http://127.0.0.1:12990/debian sid/main amd64 libomp5-13 amd64 1:13.0.0-8 [377 kB]
Get:22 http://127.0.0.1:12990/debian sid/main amd64 libomp-13-dev amd64 1:13.0.0-8 [482 kB]
debconf: delaying package configuration, since apt-utils is not installed
Fetched 68.5 MB in 0s (145 MB/s)
Selecting previously unselected package libmd0:amd64.
(Reading database ... (Reading database ... 5%(Reading database ... 10%(Reading database ... 15%(Reading database ... 20%(Reading database ... 25%(Reading database ... 30%(Reading database ... 35%(Reading database ... 40%(Reading database ... 45%(Reading database ... 50%(Reading database ... 55%(Reading database ... 60%(Reading database ... 65%(Reading database ... 70%(Reading database ... 75%(Reading database ... 80%(Reading database ... 85%(Reading database ... 90%(Reading database ... 95%(Reading database ... 100%(Reading database ... 12431 files and directories currently installed.)
Preparing to unpack .../00-libmd0_1.0.4-1_amd64.deb ...
Unpacking libmd0:amd64 (1.0.4-1) ...
Selecting previously unselected package libbsd0:amd64.
Preparing to unpack .../01-libbsd0_0.11.3-1_amd64.deb ...
Unpacking libbsd0:amd64 (0.11.3-1) ...
Selecting previously unselected package libedit2:amd64.
Preparing to unpack .../02-libedit2_3.1-20210910-1_amd64.deb ...
Unpacking libedit2:amd64 (3.1-20210910-1) ...
Selecting previously unselected package libicu67:amd64.
Preparing to unpack .../03-libicu67_67.1-7_amd64.deb ...
Unpacking libicu67:amd64 (67.1-7) ...
Selecting previously unselected package libxml2:amd64.
Preparing to unpack .../04-libxml2_2.9.12+dfsg-5_amd64.deb ...
Unpacking libxml2:amd64 (2.9.12+dfsg-5) ...
Selecting previously unselected package libz3-4:amd64.
Preparing to unpack .../05-libz3-4_4.8.12-1+b1_amd64.deb ...
Unpacking libz3-4:amd64 (4.8.12-1+b1) ...
Selecting previously unselected package libllvm13:amd64.
Preparing to unpack .../06-libllvm13_1%3a13.0.0-8_amd64.deb ...
Unpacking libllvm13:amd64 (1:13.0.0-8) ...
Selecting previously unselected package libclang-cpp13.
Preparing to unpack .../07-libclang-cpp13_1%3a13.0.0-8_amd64.deb ...
Unpacking libclang-cpp13 (1:13.0.0-8) ...
Selecting previously unselected package libgc1:amd64.
Preparing to unpack .../08-libgc1_1%3a8.0.4-3_amd64.deb ...
Unpacking libgc1:amd64 (1:8.0.4-3) ...
Selecting previously unselected package libobjc4:amd64.
Preparing to unpack .../09-libobjc4_11.2.0-10_amd64.deb ...
Unpacking libobjc4:amd64 (11.2.0-10) ...
Selecting previously unselected package libobjc-11-dev:amd64.
Preparing to unpack .../10-libobjc-11-dev_11.2.0-10_amd64.deb ...
Unpacking libobjc-11-dev:amd64 (11.2.0-10) ...
Selecting previously unselected package libc6-i386.
Preparing to unpack .../11-libc6-i386_2.32-4_amd64.deb ...
Unpacking libc6-i386 (2.32-4) ...
Selecting previously unselected package lib32gcc-s1.
Preparing to unpack .../12-lib32gcc-s1_11.2.0-10_amd64.deb ...
Unpacking lib32gcc-s1 (11.2.0-10) ...
Selecting previously unselected package lib32stdc++6.
Preparing to unpack .../13-lib32stdc++6_11.2.0-10_amd64.deb ...
Unpacking lib32stdc++6 (11.2.0-10) ...
Selecting previously unselected package libclang-common-13-dev.
Preparing to unpack .../14-libclang-common-13-dev_1%3a13.0.0-8_amd64.deb ...
Unpacking libclang-common-13-dev (1:13.0.0-8) ...
Selecting previously unselected package libclang1-13.
Preparing to unpack .../15-libclang1-13_1%3a13.0.0-8_amd64.deb ...
Unpacking libclang1-13 (1:13.0.0-8) ...
Selecting previously unselected package clang-13.
Preparing to unpack .../16-clang-13_1%3a13.0.0-8_amd64.deb ...
Unpacking clang-13 (1:13.0.0-8) ...
Selecting previously unselected package libasan5:amd64.
Preparing to unpack .../17-libasan5_9.4.0-3_amd64.deb ...
Unpacking libasan5:amd64 (9.4.0-3) ...
Selecting previously unselected package libgcc-9-dev:amd64.
Preparing to unpack .../18-libgcc-9-dev_9.4.0-3_amd64.deb ...
Unpacking libgcc-9-dev:amd64 (9.4.0-3) ...
Selecting previously unselected package libobjc-9-dev:amd64.
Preparing to unpack .../19-libobjc-9-dev_9.4.0-3_amd64.deb ...
Unpacking libobjc-9-dev:amd64 (9.4.0-3) ...
Selecting previously unselected package libomp5-13:amd64.
Preparing to unpack .../20-libomp5-13_1%3a13.0.0-8_amd64.deb ...
Unpacking libomp5-13:amd64 (1:13.0.0-8) ...
Selecting previously unselected package libomp-13-dev.
Preparing to unpack .../21-libomp-13-dev_1%3a13.0.0-8_amd64.deb ...
Unpacking libomp-13-dev (1:13.0.0-8) ...
Setting up libicu67:amd64 (67.1-7) ...
Setting up libasan5:amd64 (9.4.0-3) ...
Setting up libz3-4:amd64 (4.8.12-1+b1) ...
Setting up libgc1:amd64 (1:8.0.4-3) ...
Setting up libmd0:amd64 (1.0.4-1) ...
Setting up libc6-i386 (2.32-4) ...
Setting up libomp5-13:amd64 (1:13.0.0-8) ...
Setting up libbsd0:amd64 (0.11.3-1) ...
Setting up libxml2:amd64 (2.9.12+dfsg-5) ...
Setting up libedit2:amd64 (3.1-20210910-1) ...
Setting up libobjc4:amd64 (11.2.0-10) ...
Setting up libgcc-9-dev:amd64 (9.4.0-3) ...
Setting up lib32gcc-s1 (11.2.0-10) ...
Setting up lib32stdc++6 (11.2.0-10) ...
Setting up libllvm13:amd64 (1:13.0.0-8) ...
Setting up libobjc-9-dev:amd64 (9.4.0-3) ...
Setting up libclang-common-13-dev (1:13.0.0-8) ...
Setting up libomp-13-dev (1:13.0.0-8) ...
Setting up libobjc-11-dev:amd64 (11.2.0-10) ...
Setting up libclang1-13 (1:13.0.0-8) ...
Setting up libclang-cpp13 (1:13.0.0-8) ...
Setting up clang-13 (1:13.0.0-8) ...
Processing triggers for libc-bin (2.32-4) ...
W: --force-yes is deprecated, use one of the options starting with --allow instead.
+ echo 'Replace gcc, g++ & cpp by clang'
Replace gcc, g++ & cpp by clang
+ VERSIONS='4.6 4.7 4.8 4.9 5 6 7 8 9 10 11'
+ cd /usr/bin
+ for VERSION in $VERSIONS
+ rm -f g++-4.6 gcc-4.6 cpp-4.6 gcc
+ ln -s clang++-13 g++-4.6
+ ln -s clang-13 gcc-4.6
+ ln -s clang-13 cpp-4.6
+ ln -s clang-13 gcc
+ echo 'gcc-4.6 hold'
+ dpkg --set-selections
dpkg: warning: package not in status nor available database at line 1: gcc-4.6
dpkg: warning: found unknown packages; this might mean the available database
is outdated, and needs to be updated through a frontend method;
please see the FAQ <https://wiki.debian.org/Teams/Dpkg/FAQ>
+ echo 'g++-4.6 hold'
+ dpkg --set-selections
dpkg: warning: package not in status nor available database at line 1: g++-4.6
dpkg: warning: found unknown packages; this might mean the available database
is outdated, and needs to be updated through a frontend method;
please see the FAQ <https://wiki.debian.org/Teams/Dpkg/FAQ>
+ for VERSION in $VERSIONS
+ rm -f g++-4.7 gcc-4.7 cpp-4.7 gcc
+ ln -s clang++-13 g++-4.7
+ ln -s clang-13 gcc-4.7
+ ln -s clang-13 cpp-4.7
+ ln -s clang-13 gcc
+ echo 'gcc-4.7 hold'
+ dpkg --set-selections
dpkg: warning: package not in status nor available database at line 1: gcc-4.7
dpkg: warning: found unknown packages; this might mean the available database
is outdated, and needs to be updated through a frontend method;
please see the FAQ <https://wiki.debian.org/Teams/Dpkg/FAQ>
+ echo 'g++-4.7 hold'
+ dpkg --set-selections
dpkg: warning: package not in status nor available database at line 1: g++-4.7
dpkg: warning: found unknown packages; this might mean the available database
is outdated, and needs to be updated through a frontend method;
please see the FAQ <https://wiki.debian.org/Teams/Dpkg/FAQ>
+ for VERSION in $VERSIONS
+ rm -f g++-4.8 gcc-4.8 cpp-4.8 gcc
+ ln -s clang++-13 g++-4.8
+ ln -s clang-13 gcc-4.8
+ ln -s clang-13 cpp-4.8
+ ln -s clang-13 gcc
+ echo 'gcc-4.8 hold'
+ dpkg --set-selections
dpkg: warning: package not in status nor available database at line 1: gcc-4.8
dpkg: warning: found unknown packages; this might mean the available database
is outdated, and needs to be updated through a frontend method;
please see the FAQ <https://wiki.debian.org/Teams/Dpkg/FAQ>
+ echo 'g++-4.8 hold'
+ dpkg --set-selections
dpkg: warning: package not in status nor available database at line 1: g++-4.8
dpkg: warning: found unknown packages; this might mean the available database
is outdated, and needs to be updated through a frontend method;
please see the FAQ <https://wiki.debian.org/Teams/Dpkg/FAQ>
+ for VERSION in $VERSIONS
+ rm -f g++-4.9 gcc-4.9 cpp-4.9 gcc
+ ln -s clang++-13 g++-4.9
+ ln -s clang-13 gcc-4.9
+ ln -s clang-13 cpp-4.9
+ ln -s clang-13 gcc
+ echo 'gcc-4.9 hold'
+ dpkg --set-selections
dpkg: warning: package not in status nor available database at line 1: gcc-4.9
dpkg: warning: found unknown packages; this might mean the available database
is outdated, and needs to be updated through a frontend method;
please see the FAQ <https://wiki.debian.org/Teams/Dpkg/FAQ>
+ echo 'g++-4.9 hold'
+ dpkg --set-selections
dpkg: warning: package not in status nor available database at line 1: g++-4.9
dpkg: warning: found unknown packages; this might mean the available database
is outdated, and needs to be updated through a frontend method;
please see the FAQ <https://wiki.debian.org/Teams/Dpkg/FAQ>
+ for VERSION in $VERSIONS
+ rm -f g++-5 gcc-5 cpp-5 gcc
+ ln -s clang++-13 g++-5
+ ln -s clang-13 gcc-5
+ ln -s clang-13 cpp-5
+ ln -s clang-13 gcc
+ echo 'gcc-5 hold'
+ dpkg --set-selections
dpkg: warning: package not in status nor available database at line 1: gcc-5
dpkg: warning: found unknown packages; this might mean the available database
is outdated, and needs to be updated through a frontend method;
please see the FAQ <https://wiki.debian.org/Teams/Dpkg/FAQ>
+ echo 'g++-5 hold'
+ dpkg --set-selections
dpkg: warning: package not in status nor available database at line 1: g++-5
dpkg: warning: found unknown packages; this might mean the available database
is outdated, and needs to be updated through a frontend method;
please see the FAQ <https://wiki.debian.org/Teams/Dpkg/FAQ>
+ for VERSION in $VERSIONS
+ rm -f g++-6 gcc-6 cpp-6 gcc
+ ln -s clang++-13 g++-6
+ ln -s clang-13 gcc-6
+ ln -s clang-13 cpp-6
+ ln -s clang-13 gcc
+ echo 'gcc-6 hold'
+ dpkg --set-selections
dpkg: warning: package not in status nor available database at line 1: gcc-6
dpkg: warning: found unknown packages; this might mean the available database
is outdated, and needs to be updated through a frontend method;
please see the FAQ <https://wiki.debian.org/Teams/Dpkg/FAQ>
+ echo 'g++-6 hold'
+ dpkg --set-selections
dpkg: warning: package not in status nor available database at line 1: g++-6
dpkg: warning: found unknown packages; this might mean the available database
is outdated, and needs to be updated through a frontend method;
please see the FAQ <https://wiki.debian.org/Teams/Dpkg/FAQ>
+ for VERSION in $VERSIONS
+ rm -f g++-7 gcc-7 cpp-7 gcc
+ ln -s clang++-13 g++-7
+ ln -s clang-13 gcc-7
+ ln -s clang-13 cpp-7
+ ln -s clang-13 gcc
+ echo 'gcc-7 hold'
+ dpkg --set-selections
dpkg: warning: package not in status nor available database at line 1: gcc-7
dpkg: warning: found unknown packages; this might mean the available database
is outdated, and needs to be updated through a frontend method;
please see the FAQ <https://wiki.debian.org/Teams/Dpkg/FAQ>
+ echo 'g++-7 hold'
+ dpkg --set-selections
dpkg: warning: package not in status nor available database at line 1: g++-7
dpkg: warning: found unknown packages; this might mean the available database
is outdated, and needs to be updated through a frontend method;
please see the FAQ <https://wiki.debian.org/Teams/Dpkg/FAQ>
+ for VERSION in $VERSIONS
+ rm -f g++-8 gcc-8 cpp-8 gcc
+ ln -s clang++-13 g++-8
+ ln -s clang-13 gcc-8
+ ln -s clang-13 cpp-8
+ ln -s clang-13 gcc
+ echo 'gcc-8 hold'
+ dpkg --set-selections
dpkg: warning: package not in status nor available database at line 1: gcc-8
dpkg: warning: found unknown packages; this might mean the available database
is outdated, and needs to be updated through a frontend method;
please see the FAQ <https://wiki.debian.org/Teams/Dpkg/FAQ>
+ echo 'g++-8 hold'
+ dpkg --set-selections
dpkg: warning: package not in status nor available database at line 1: g++-8
dpkg: warning: found unknown packages; this might mean the available database
is outdated, and needs to be updated through a frontend method;
please see the FAQ <https://wiki.debian.org/Teams/Dpkg/FAQ>
+ for VERSION in $VERSIONS
+ rm -f g++-9 gcc-9 cpp-9 gcc
+ ln -s clang++-13 g++-9
+ ln -s clang-13 gcc-9
+ ln -s clang-13 cpp-9
+ ln -s clang-13 gcc
+ echo 'gcc-9 hold'
+ dpkg --set-selections
dpkg: warning: package not in status nor available database at line 1: gcc-9
dpkg: warning: found unknown packages; this might mean the available database
is outdated, and needs to be updated through a frontend method;
please see the FAQ <https://wiki.debian.org/Teams/Dpkg/FAQ>
+ echo 'g++-9 hold'
+ dpkg --set-selections
dpkg: warning: package not in status nor available database at line 1: g++-9
dpkg: warning: found unknown packages; this might mean the available database
is outdated, and needs to be updated through a frontend method;
please see the FAQ <https://wiki.debian.org/Teams/Dpkg/FAQ>
+ for VERSION in $VERSIONS
+ rm -f g++-10 gcc-10 cpp-10 gcc
+ ln -s clang++-13 g++-10
+ ln -s clang-13 gcc-10
+ ln -s clang-13 cpp-10
+ ln -s clang-13 gcc
+ echo 'gcc-10 hold'
+ dpkg --set-selections
dpkg: warning: package not in status nor available database at line 1: gcc-10
dpkg: warning: found unknown packages; this might mean the available database
is outdated, and needs to be updated through a frontend method;
please see the FAQ <https://wiki.debian.org/Teams/Dpkg/FAQ>
+ echo 'g++-10 hold'
+ dpkg --set-selections
dpkg: warning: package not in status nor available database at line 1: g++-10
dpkg: warning: found unknown packages; this might mean the available database
is outdated, and needs to be updated through a frontend method;
please see the FAQ <https://wiki.debian.org/Teams/Dpkg/FAQ>
+ for VERSION in $VERSIONS
+ rm -f g++-11 gcc-11 cpp-11 gcc
+ ln -s clang++-13 g++-11
+ ln -s clang-13 gcc-11
+ ln -s clang-13 cpp-11
+ ln -s clang-13 gcc
+ echo 'gcc-11 hold'
+ dpkg --set-selections
+ echo 'g++-11 hold'
+ dpkg --set-selections
+ cd -
/build/ruby3.0-NIlL5o
+ echo 'Check if gcc, g++ & cpp are actually clang'
Check if gcc, g++ & cpp are actually clang
+ gcc --version
+ grep clang
+ cpp --version
+ grep clang
+ g++ --version
+ grep clang
+ cd /usr/bin/
+ rm -f clang++ clang
+ ln -s clang-13 clang++
+ ln -s clang-13 clang
+ clang++ --version
Debian clang version 13.0.0-8
Target: x86_64-pc-linux-gnu
Thread model: posix
InstalledDir: /usr/bin
+ clang --version
Debian clang version 13.0.0-8
Target: x86_64-pc-linux-gnu
Thread model: posix
InstalledDir: /usr/bin
+ cd -
/build/ruby3.0-NIlL5o
+ apt install --yes --no-install-recommends --force-yes qt5-qmake

WARNING: apt does not have a stable CLI interface. Use with caution in scripts.

Reading package lists...
Building dependency tree...
Reading state information...
The following additional packages will be installed:
  qt5-qmake-bin qtchooser
The following NEW packages will be installed:
  qt5-qmake qt5-qmake-bin qtchooser
0 upgraded, 3 newly installed, 0 to remove and 0 not upgraded.
Need to get 1322 kB of archives.
After this operation, 4914 kB of additional disk space will be used.
Get:1 http://127.0.0.1:12990/debian sid/main amd64 qt5-qmake-bin amd64 5.15.2+dfsg-12 [1046 kB]
Get:2 http://127.0.0.1:12990/debian sid/main amd64 qtchooser amd64 66-2 [26.3 kB]
Get:3 http://127.0.0.1:12990/debian sid/main amd64 qt5-qmake amd64 5.15.2+dfsg-12 [249 kB]
debconf: delaying package configuration, since apt-utils is not installed
Fetched 1322 kB in 0s (55.3 MB/s)
Selecting previously unselected package qt5-qmake-bin.
(Reading database ... (Reading database ... 5%(Reading database ... 10%(Reading database ... 15%(Reading database ... 20%(Reading database ... 25%(Reading database ... 30%(Reading database ... 35%(Reading database ... 40%(Reading database ... 45%(Reading database ... 50%(Reading database ... 55%(Reading database ... 60%(Reading database ... 65%(Reading database ... 70%(Reading database ... 75%(Reading database ... 80%(Reading database ... 85%(Reading database ... 90%(Reading database ... 95%(Reading database ... 100%(Reading database ... 13528 files and directories currently installed.)
Preparing to unpack .../qt5-qmake-bin_5.15.2+dfsg-12_amd64.deb ...
Unpacking qt5-qmake-bin (5.15.2+dfsg-12) ...
Selecting previously unselected package qtchooser.
Preparing to unpack .../qtchooser_66-2_amd64.deb ...
Unpacking qtchooser (66-2) ...
Selecting previously unselected package qt5-qmake:amd64.
Preparing to unpack .../qt5-qmake_5.15.2+dfsg-12_amd64.deb ...
Unpacking qt5-qmake:amd64 (5.15.2+dfsg-12) ...
Setting up qt5-qmake-bin (5.15.2+dfsg-12) ...
Setting up qtchooser (66-2) ...
Setting up qt5-qmake:amd64 (5.15.2+dfsg-12) ...
W: --force-yes is deprecated, use one of the options starting with --allow instead.
+ cp /usr/lib/x86_64-linux-gnu/qt5/mkspecs/linux-clang/qmake.conf /usr/lib/x86_64-linux-gnu/qt5/mkspecs/linux-clang/qplatformdefs.h /usr/lib/x86_64-linux-gnu/qt5/mkspecs/linux-g++/
+ ls -al /usr/lib/x86_64-linux-gnu/qt5/mkspecs/linux-g++/
total 16
drwxr-xr-x  2 root root 4096 Oct 26 20:26 .
drwxr-xr-x 76 root root 4096 Oct 26 20:26 ..
-rw-r--r--  1 root root  276 Oct 26 20:26 qmake.conf
-rw-r--r--  1 root root 3218 Oct 26 20:26 qplatformdefs.h
+ cat /usr/lib/x86_64-linux-gnu/qt5/mkspecs/linux-g++/qmake.conf
#
# qmake configuration for linux-clang
#

MAKEFILE_GENERATOR = UNIX
CONFIG += incremental

QMAKE_INCREMENTAL_STYLE = sublib

include(../common/linux.conf)
include(../common/gcc-base-unix.conf)
include(../common/clang.conf)

QMAKE_LFLAGS += -ccc-gcc-name g++

load(qt_config)
+ export QMAKESPEC=/usr/lib/x86_64-linux-gnu/qt5/mkspecs/linux-clang/
+ QMAKESPEC=/usr/lib/x86_64-linux-gnu/qt5/mkspecs/linux-clang/
+ sed -i -e 's|compare_problem(2,|compare_problem(0,|g' /usr/bin/dpkg-gensymbols
+ sed -i -e 's|compare_problem(1,|compare_problem(0,|g' /usr/bin/dpkg-gensymbols
+ grep 'compare_problem(' /usr/bin/dpkg-gensymbols
        compare_problem(4, g_('new libraries appeared in the symbols file: %s'), "@libs");
        compare_problem(3, g_('some libraries disappeared in the symbols file: %s'), "@libs");
        compare_problem(0, g_('some new symbols appeared in the symbols file: %s'),
        compare_problem(0, g_('some symbols or patterns disappeared in the symbols file: %s'),

I: Finished running '/tmp/clang13'.

Finished processing commands.
--------------------------------------------------------------------------------
I: NOTICE: Log filtering will replace 'build/ruby3.0-NIlL5o/resolver-R5l6Dn' with '<<RESOLVERDIR>>'

+------------------------------------------------------------------------------+
| Update chroot                                                                |
+------------------------------------------------------------------------------+

Hit:1 http://127.0.0.1:12990/debian sid InRelease
Reading package lists...
Reading package lists...
Building dependency tree...
Reading state information...
Calculating upgrade...
0 upgraded, 0 newly installed, 0 to remove and 0 not upgraded.

+------------------------------------------------------------------------------+
| Fetch source files                                                           |
+------------------------------------------------------------------------------+


Check APT
---------

Checking available source versions...

Download source files with APT
------------------------------

Reading package lists...
NOTICE: 'ruby3.0' packaging is maintained in the 'Git' version control system at:
https://salsa.debian.org/ruby-team/ruby.git
Please use:
git clone https://salsa.debian.org/ruby-team/ruby.git
to retrieve the latest (possibly unreleased) updates to the package.
Need to get 12.7 MB of source archives.
Get:1 http://127.0.0.1:12990/debian sid/main ruby3.0 3.0.2-5 (dsc) [2474 B]
Get:2 http://127.0.0.1:12990/debian sid/main ruby3.0 3.0.2-5 (tar) [12.7 MB]
Get:3 http://127.0.0.1:12990/debian sid/main ruby3.0 3.0.2-5 (diff) [55.4 kB]
Fetched 12.7 MB in 0s (89.0 MB/s)
Download complete and in download only mode
I: NOTICE: Log filtering will replace 'build/ruby3.0-NIlL5o/ruby3.0-3.0.2' with '<<PKGBUILDDIR>>'
I: NOTICE: Log filtering will replace 'build/ruby3.0-NIlL5o' with '<<BUILDDIR>>'

+------------------------------------------------------------------------------+
| Install package build dependencies                                           |
+------------------------------------------------------------------------------+


Setup apt archive
-----------------

Merged Build-Depends: bison, coreutils (>= 7.5), debhelper-compat (= 13), file, libffi-dev, libgdbm-compat-dev, libgdbm-dev, libgmp-dev, libncurses-dev, libedit-dev, libssl-dev, libyaml-dev, netbase, openssl, procps, rubygems-integration (>= 1.6), systemtap-sdt-dev, tzdata, zlib1g-dev, build-essential, fakeroot
Filtered Build-Depends: bison, coreutils (>= 7.5), debhelper-compat (= 13), file, libffi-dev, libgdbm-compat-dev, libgdbm-dev, libgmp-dev, libncurses-dev, libedit-dev, libssl-dev, libyaml-dev, netbase, openssl, procps, rubygems-integration (>= 1.6), systemtap-sdt-dev, tzdata, zlib1g-dev, build-essential, fakeroot
dpkg-deb: building package 'sbuild-build-depends-main-dummy' in '/<<RESOLVERDIR>>/apt_archive/sbuild-build-depends-main-dummy.deb'.
Ign:1 copy:/<<RESOLVERDIR>>/apt_archive ./ InRelease
Get:2 copy:/<<RESOLVERDIR>>/apt_archive ./ Release [957 B]
Ign:3 copy:/<<RESOLVERDIR>>/apt_archive ./ Release.gpg
Get:4 copy:/<<RESOLVERDIR>>/apt_archive ./ Sources [520 B]
Get:5 copy:/<<RESOLVERDIR>>/apt_archive ./ Packages [568 B]
Fetched 2045 B in 0s (0 B/s)
Reading package lists...
Reading package lists...

Install main build dependencies (apt-based resolver)
----------------------------------------------------

Installing build dependencies
Reading package lists...
Building dependency tree...
Reading state information...
The following additional packages will be installed:
  autoconf automake autopoint autotools-dev bison bsdextrautils
  ca-certificates debhelper dh-autoreconf dh-strip-nondeterminism dwz file
  gettext gettext-base groff-base intltool-debian libarchive-zip-perl
  libbsd-dev libdebhelper-perl libedit-dev libelf1 libexpat1 libffi-dev
  libfile-stripnondeterminism-perl libgdbm-compat-dev libgdbm-dev libgmp-dev
  libgmpxx4ldbl libmagic-mgc libmagic1 libmd-dev libmpdec3 libncurses-dev
  libncurses6 libncursesw6 libpipeline1 libprocps8 libpython3-stdlib
  libpython3.9-minimal libpython3.9-stdlib libreadline8 libsigsegv2
  libsqlite3-0 libssl-dev libsub-override-perl libtool libuchardet0
  libyaml-0-2 libyaml-dev m4 man-db media-types netbase openssl po-debconf
  procps python3 python3-minimal python3.9 python3.9-minimal readline-common
  rubygems-integration sensible-utils systemtap-sdt-dev zlib1g-dev
Suggested packages:
  autoconf-archive gnu-standards autoconf-doc bison-doc dh-make gettext-doc
  libasprintf-dev libgettextpo-dev groff gmp-doc libgmp10-doc libmpfr-dev
  ncurses-doc libssl-doc libtool-doc gfortran | fortran95-compiler gcj-jdk
  libyaml-doc m4-doc apparmor less www-browser libmail-box-perl python3-doc
  python3-tk python3-venv python3.9-venv python3.9-doc binfmt-support
  readline-doc bundler
Recommended packages:
  curl | wget | lynx libarchive-cpio-perl libgpm2 libltdl-dev
  libmail-sendmail-perl psmisc
The following NEW packages will be installed:
  autoconf automake autopoint autotools-dev bison bsdextrautils
  ca-certificates debhelper dh-autoreconf dh-strip-nondeterminism dwz file
  gettext gettext-base groff-base intltool-debian libarchive-zip-perl
  libbsd-dev libdebhelper-perl libedit-dev libelf1 libexpat1 libffi-dev
  libfile-stripnondeterminism-perl libgdbm-compat-dev libgdbm-dev libgmp-dev
  libgmpxx4ldbl libmagic-mgc libmagic1 libmd-dev libmpdec3 libncurses-dev
  libncurses6 libncursesw6 libpipeline1 libprocps8 libpython3-stdlib
  libpython3.9-minimal libpython3.9-stdlib libreadline8 libsigsegv2
  libsqlite3-0 libssl-dev libsub-override-perl libtool libuchardet0
  libyaml-0-2 libyaml-dev m4 man-db media-types netbase openssl po-debconf
  procps python3 python3-minimal python3.9 python3.9-minimal readline-common
  rubygems-integration sbuild-build-depends-main-dummy sensible-utils
  systemtap-sdt-dev zlib1g-dev
0 upgraded, 66 newly installed, 0 to remove and 0 not upgraded.
Need to get 22.5 MB of archives.
After this operation, 78.2 MB of additional disk space will be used.
Get:1 copy:/<<RESOLVERDIR>>/apt_archive ./ sbuild-build-depends-main-dummy 0.invalid.0 [996 B]
Get:2 http://127.0.0.1:12990/debian sid/main amd64 bsdextrautils amd64 2.37.2-4 [143 kB]
Get:3 http://127.0.0.1:12990/debian sid/main amd64 libuchardet0 amd64 0.0.7-1 [67.8 kB]
Get:4 http://127.0.0.1:12990/debian sid/main amd64 groff-base amd64 1.22.4-7 [935 kB]
Get:5 http://127.0.0.1:12990/debian sid/main amd64 libpipeline1 amd64 1.5.3-1 [34.3 kB]
Get:6 http://127.0.0.1:12990/debian sid/main amd64 man-db amd64 2.9.4-2 [1354 kB]
Get:7 http://127.0.0.1:12990/debian sid/main amd64 libpython3.9-minimal amd64 3.9.7-4 [804 kB]
Get:8 http://127.0.0.1:12990/debian sid/main amd64 libexpat1 amd64 2.4.1-3 [104 kB]
Get:9 http://127.0.0.1:12990/debian sid/main amd64 python3.9-minimal amd64 3.9.7-4 [1963 kB]
Get:10 http://127.0.0.1:12990/debian sid/main amd64 python3-minimal amd64 3.9.2-3 [38.2 kB]
Get:11 http://127.0.0.1:12990/debian sid/main amd64 media-types all 4.0.0 [30.3 kB]
Get:12 http://127.0.0.1:12990/debian sid/main amd64 libmpdec3 amd64 2.5.1-2 [87.8 kB]
Get:13 http://127.0.0.1:12990/debian sid/main amd64 libncursesw6 amd64 6.2+20210905-1 [133 kB]
Get:14 http://127.0.0.1:12990/debian sid/main amd64 readline-common all 8.1-2 [73.8 kB]
Get:15 http://127.0.0.1:12990/debian sid/main amd64 libreadline8 amd64 8.1-2 [168 kB]
Get:16 http://127.0.0.1:12990/debian sid/main amd64 libsqlite3-0 amd64 3.36.0-2 [815 kB]
Get:17 http://127.0.0.1:12990/debian sid/main amd64 libpython3.9-stdlib amd64 3.9.7-4 [1688 kB]
Get:18 http://127.0.0.1:12990/debian sid/main amd64 python3.9 amd64 3.9.7-4 [480 kB]
Get:19 http://127.0.0.1:12990/debian sid/main amd64 libpython3-stdlib amd64 3.9.2-3 [21.4 kB]
Get:20 http://127.0.0.1:12990/debian sid/main amd64 python3 amd64 3.9.2-3 [37.9 kB]
Get:21 http://127.0.0.1:12990/debian sid/main amd64 netbase all 6.3 [19.9 kB]
Get:22 http://127.0.0.1:12990/debian sid/main amd64 libncurses6 amd64 6.2+20210905-1 [102 kB]
Get:23 http://127.0.0.1:12990/debian sid/main amd64 libprocps8 amd64 2:3.3.17-5 [63.9 kB]
Get:24 http://127.0.0.1:12990/debian sid/main amd64 procps amd64 2:3.3.17-5 [502 kB]
Get:25 http://127.0.0.1:12990/debian sid/main amd64 sensible-utils all 0.0.17 [21.5 kB]
Get:26 http://127.0.0.1:12990/debian sid/main amd64 openssl amd64 1.1.1l-1 [851 kB]
Get:27 http://127.0.0.1:12990/debian sid/main amd64 ca-certificates all 20211016 [156 kB]
Get:28 http://127.0.0.1:12990/debian sid/main amd64 libmagic-mgc amd64 1:5.39-3 [273 kB]
Get:29 http://127.0.0.1:12990/debian sid/main amd64 libmagic1 amd64 1:5.39-3 [126 kB]
Get:30 http://127.0.0.1:12990/debian sid/main amd64 file amd64 1:5.39-3 [69.1 kB]
Get:31 http://127.0.0.1:12990/debian sid/main amd64 gettext-base amd64 0.21-4 [175 kB]
Get:32 http://127.0.0.1:12990/debian sid/main amd64 libsigsegv2 amd64 2.13-1 [34.8 kB]
Get:33 http://127.0.0.1:12990/debian sid/main amd64 m4 amd64 1.4.18-5 [204 kB]
Get:34 http://127.0.0.1:12990/debian sid/main amd64 autoconf all 2.71-2 [343 kB]
Get:35 http://127.0.0.1:12990/debian sid/main amd64 autotools-dev all 20180224.1+nmu1 [77.1 kB]
Get:36 http://127.0.0.1:12990/debian sid/main amd64 automake all 1:1.16.5-1 [823 kB]
Get:37 http://127.0.0.1:12990/debian sid/main amd64 autopoint all 0.21-4 [510 kB]
Get:38 http://127.0.0.1:12990/debian sid/main amd64 bison amd64 2:3.8.2+dfsg-1 [1173 kB]
Get:39 http://127.0.0.1:12990/debian sid/main amd64 libdebhelper-perl all 13.5.2 [192 kB]
Get:40 http://127.0.0.1:12990/debian sid/main amd64 libtool all 2.4.6-15 [513 kB]
Get:41 http://127.0.0.1:12990/debian sid/main amd64 dh-autoreconf all 20 [17.1 kB]
Get:42 http://127.0.0.1:12990/debian sid/main amd64 libarchive-zip-perl all 1.68-1 [104 kB]
Get:43 http://127.0.0.1:12990/debian sid/main amd64 libsub-override-perl all 0.09-2 [10.2 kB]
Get:44 http://127.0.0.1:12990/debian sid/main amd64 libfile-stripnondeterminism-perl all 1.12.0-2 [26.3 kB]
Get:45 http://127.0.0.1:12990/debian sid/main amd64 dh-strip-nondeterminism all 1.12.0-2 [15.5 kB]
Get:46 http://127.0.0.1:12990/debian sid/main amd64 libelf1 amd64 0.185-2 [172 kB]
Get:47 http://127.0.0.1:12990/debian sid/main amd64 dwz amd64 0.14-1 [98.3 kB]
Get:48 http://127.0.0.1:12990/debian sid/main amd64 gettext amd64 0.21-4 [1311 kB]
Get:49 http://127.0.0.1:12990/debian sid/main amd64 intltool-debian all 0.35.0+20060710.5 [26.8 kB]
Get:50 http://127.0.0.1:12990/debian sid/main amd64 po-debconf all 1.0.21+nmu1 [248 kB]
Get:51 http://127.0.0.1:12990/debian sid/main amd64 debhelper all 13.5.2 [1056 kB]
Get:52 http://127.0.0.1:12990/debian sid/main amd64 libmd-dev amd64 1.0.4-1 [47.2 kB]
Get:53 http://127.0.0.1:12990/debian sid/main amd64 libbsd-dev amd64 0.11.3-1 [233 kB]
Get:54 http://127.0.0.1:12990/debian sid/main amd64 libncurses-dev amd64 6.2+20210905-1 [344 kB]
Get:55 http://127.0.0.1:12990/debian sid/main amd64 libedit-dev amd64 3.1-20210910-1 [118 kB]
Get:56 http://127.0.0.1:12990/debian sid/main amd64 libffi-dev amd64 3.4.2-3 [60.4 kB]
Get:57 http://127.0.0.1:12990/debian sid/main amd64 libgdbm-compat-dev amd64 1.22-1 [56.5 kB]
Get:58 http://127.0.0.1:12990/debian sid/main amd64 libgdbm-dev amd64 1.22-1 [173 kB]
Get:59 http://127.0.0.1:12990/debian sid/main amd64 libgmpxx4ldbl amd64 2:6.2.1+dfsg-2 [338 kB]
Get:60 http://127.0.0.1:12990/debian sid/main amd64 libgmp-dev amd64 2:6.2.1+dfsg-2 [641 kB]
Get:61 http://127.0.0.1:12990/debian sid/main amd64 libssl-dev amd64 1.1.1l-1 [1809 kB]
Get:62 http://127.0.0.1:12990/debian sid/main amd64 libyaml-0-2 amd64 0.2.2-1 [49.6 kB]
Get:63 http://127.0.0.1:12990/debian sid/main amd64 libyaml-dev amd64 0.2.2-1 [60.1 kB]
Get:64 http://127.0.0.1:12990/debian sid/main amd64 rubygems-integration all 1.18 [6704 B]
Get:65 http://127.0.0.1:12990/debian sid/main amd64 systemtap-sdt-dev amd64 4.5-2 [31.2 kB]
Get:66 http://127.0.0.1:12990/debian sid/main amd64 zlib1g-dev amd64 1:1.2.11.dfsg-2 [190 kB]
debconf: delaying package configuration, since apt-utils is not installed
Fetched 22.5 MB in 0s (121 MB/s)
Selecting previously unselected package bsdextrautils.
(Reading database ... 14273 files and directories currently installed.)
Preparing to unpack .../0-bsdextrautils_2.37.2-4_amd64.deb ...
Unpacking bsdextrautils (2.37.2-4) ...
Selecting previously unselected package libuchardet0:amd64.
Preparing to unpack .../1-libuchardet0_0.0.7-1_amd64.deb ...
Unpacking libuchardet0:amd64 (0.0.7-1) ...
Selecting previously unselected package groff-base.
Preparing to unpack .../2-groff-base_1.22.4-7_amd64.deb ...
Unpacking groff-base (1.22.4-7) ...
Selecting previously unselected package libpipeline1:amd64.
Preparing to unpack .../3-libpipeline1_1.5.3-1_amd64.deb ...
Unpacking libpipeline1:amd64 (1.5.3-1) ...
Selecting previously unselected package man-db.
Preparing to unpack .../4-man-db_2.9.4-2_amd64.deb ...
Unpacking man-db (2.9.4-2) ...
Selecting previously unselected package libpython3.9-minimal:amd64.
Preparing to unpack .../5-libpython3.9-minimal_3.9.7-4_amd64.deb ...
Unpacking libpython3.9-minimal:amd64 (3.9.7-4) ...
Selecting previously unselected package libexpat1:amd64.
Preparing to unpack .../6-libexpat1_2.4.1-3_amd64.deb ...
Unpacking libexpat1:amd64 (2.4.1-3) ...
Selecting previously unselected package python3.9-minimal.
Preparing to unpack .../7-python3.9-minimal_3.9.7-4_amd64.deb ...
Unpacking python3.9-minimal (3.9.7-4) ...
Setting up libpython3.9-minimal:amd64 (3.9.7-4) ...
Setting up libexpat1:amd64 (2.4.1-3) ...
Setting up python3.9-minimal (3.9.7-4) ...
Selecting previously unselected package python3-minimal.
(Reading database ... 15140 files and directories currently installed.)
Preparing to unpack .../0-python3-minimal_3.9.2-3_amd64.deb ...
Unpacking python3-minimal (3.9.2-3) ...
Selecting previously unselected package media-types.
Preparing to unpack .../1-media-types_4.0.0_all.deb ...
Unpacking media-types (4.0.0) ...
Selecting previously unselected package libmpdec3:amd64.
Preparing to unpack .../2-libmpdec3_2.5.1-2_amd64.deb ...
Unpacking libmpdec3:amd64 (2.5.1-2) ...
Selecting previously unselected package libncursesw6:amd64.
Preparing to unpack .../3-libncursesw6_6.2+20210905-1_amd64.deb ...
Unpacking libncursesw6:amd64 (6.2+20210905-1) ...
Selecting previously unselected package readline-common.
Preparing to unpack .../4-readline-common_8.1-2_all.deb ...
Unpacking readline-common (8.1-2) ...
Selecting previously unselected package libreadline8:amd64.
Preparing to unpack .../5-libreadline8_8.1-2_amd64.deb ...
Unpacking libreadline8:amd64 (8.1-2) ...
Selecting previously unselected package libsqlite3-0:amd64.
Preparing to unpack .../6-libsqlite3-0_3.36.0-2_amd64.deb ...
Unpacking libsqlite3-0:amd64 (3.36.0-2) ...
Selecting previously unselected package libpython3.9-stdlib:amd64.
Preparing to unpack .../7-libpython3.9-stdlib_3.9.7-4_amd64.deb ...
Unpacking libpython3.9-stdlib:amd64 (3.9.7-4) ...
Selecting previously unselected package python3.9.
Preparing to unpack .../8-python3.9_3.9.7-4_amd64.deb ...
Unpacking python3.9 (3.9.7-4) ...
Selecting previously unselected package libpython3-stdlib:amd64.
Preparing to unpack .../9-libpython3-stdlib_3.9.2-3_amd64.deb ...
Unpacking libpython3-stdlib:amd64 (3.9.2-3) ...
Setting up python3-minimal (3.9.2-3) ...
Selecting previously unselected package python3.
(Reading database ... 15579 files and directories currently installed.)
Preparing to unpack .../00-python3_3.9.2-3_amd64.deb ...
Unpacking python3 (3.9.2-3) ...
Selecting previously unselected package netbase.
Preparing to unpack .../01-netbase_6.3_all.deb ...
Unpacking netbase (6.3) ...
Selecting previously unselected package libncurses6:amd64.
Preparing to unpack .../02-libncurses6_6.2+20210905-1_amd64.deb ...
Unpacking libncurses6:amd64 (6.2+20210905-1) ...
Selecting previously unselected package libprocps8:amd64.
Preparing to unpack .../03-libprocps8_2%3a3.3.17-5_amd64.deb ...
Unpacking libprocps8:amd64 (2:3.3.17-5) ...
Selecting previously unselected package procps.
Preparing to unpack .../04-procps_2%3a3.3.17-5_amd64.deb ...
Unpacking procps (2:3.3.17-5) ...
Selecting previously unselected package sensible-utils.
Preparing to unpack .../05-sensible-utils_0.0.17_all.deb ...
Unpacking sensible-utils (0.0.17) ...
Selecting previously unselected package openssl.
Preparing to unpack .../06-openssl_1.1.1l-1_amd64.deb ...
Unpacking openssl (1.1.1l-1) ...
Selecting previously unselected package ca-certificates.
Preparing to unpack .../07-ca-certificates_20211016_all.deb ...
Unpacking ca-certificates (20211016) ...
Selecting previously unselected package libmagic-mgc.
Preparing to unpack .../08-libmagic-mgc_1%3a5.39-3_amd64.deb ...
Unpacking libmagic-mgc (1:5.39-3) ...
Selecting previously unselected package libmagic1:amd64.
Preparing to unpack .../09-libmagic1_1%3a5.39-3_amd64.deb ...
Unpacking libmagic1:amd64 (1:5.39-3) ...
Selecting previously unselected package file.
Preparing to unpack .../10-file_1%3a5.39-3_amd64.deb ...
Unpacking file (1:5.39-3) ...
Selecting previously unselected package gettext-base.
Preparing to unpack .../11-gettext-base_0.21-4_amd64.deb ...
Unpacking gettext-base (0.21-4) ...
Selecting previously unselected package libsigsegv2:amd64.
Preparing to unpack .../12-libsigsegv2_2.13-1_amd64.deb ...
Unpacking libsigsegv2:amd64 (2.13-1) ...
Selecting previously unselected package m4.
Preparing to unpack .../13-m4_1.4.18-5_amd64.deb ...
Unpacking m4 (1.4.18-5) ...
Selecting previously unselected package autoconf.
Preparing to unpack .../14-autoconf_2.71-2_all.deb ...
Unpacking autoconf (2.71-2) ...
Selecting previously unselected package autotools-dev.
Preparing to unpack .../15-autotools-dev_20180224.1+nmu1_all.deb ...
Unpacking autotools-dev (20180224.1+nmu1) ...
Selecting previously unselected package automake.
Preparing to unpack .../16-automake_1%3a1.16.5-1_all.deb ...
Unpacking automake (1:1.16.5-1) ...
Selecting previously unselected package autopoint.
Preparing to unpack .../17-autopoint_0.21-4_all.deb ...
Unpacking autopoint (0.21-4) ...
Selecting previously unselected package bison.
Preparing to unpack .../18-bison_2%3a3.8.2+dfsg-1_amd64.deb ...
Unpacking bison (2:3.8.2+dfsg-1) ...
Selecting previously unselected package libdebhelper-perl.
Preparing to unpack .../19-libdebhelper-perl_13.5.2_all.deb ...
Unpacking libdebhelper-perl (13.5.2) ...
Selecting previously unselected package libtool.
Preparing to unpack .../20-libtool_2.4.6-15_all.deb ...
Unpacking libtool (2.4.6-15) ...
Selecting previously unselected package dh-autoreconf.
Preparing to unpack .../21-dh-autoreconf_20_all.deb ...
Unpacking dh-autoreconf (20) ...
Selecting previously unselected package libarchive-zip-perl.
Preparing to unpack .../22-libarchive-zip-perl_1.68-1_all.deb ...
Unpacking libarchive-zip-perl (1.68-1) ...
Selecting previously unselected package libsub-override-perl.
Preparing to unpack .../23-libsub-override-perl_0.09-2_all.deb ...
Unpacking libsub-override-perl (0.09-2) ...
Selecting previously unselected package libfile-stripnondeterminism-perl.
Preparing to unpack .../24-libfile-stripnondeterminism-perl_1.12.0-2_all.deb ...
Unpacking libfile-stripnondeterminism-perl (1.12.0-2) ...
Selecting previously unselected package dh-strip-nondeterminism.
Preparing to unpack .../25-dh-strip-nondeterminism_1.12.0-2_all.deb ...
Unpacking dh-strip-nondeterminism (1.12.0-2) ...
Selecting previously unselected package libelf1:amd64.
Preparing to unpack .../26-libelf1_0.185-2_amd64.deb ...
Unpacking libelf1:amd64 (0.185-2) ...
Selecting previously unselected package dwz.
Preparing to unpack .../27-dwz_0.14-1_amd64.deb ...
Unpacking dwz (0.14-1) ...
Selecting previously unselected package gettext.
Preparing to unpack .../28-gettext_0.21-4_amd64.deb ...
Unpacking gettext (0.21-4) ...
Selecting previously unselected package intltool-debian.
Preparing to unpack .../29-intltool-debian_0.35.0+20060710.5_all.deb ...
Unpacking intltool-debian (0.35.0+20060710.5) ...
Selecting previously unselected package po-debconf.
Preparing to unpack .../30-po-debconf_1.0.21+nmu1_all.deb ...
Unpacking po-debconf (1.0.21+nmu1) ...
Selecting previously unselected package debhelper.
Preparing to unpack .../31-debhelper_13.5.2_all.deb ...
Unpacking debhelper (13.5.2) ...
Selecting previously unselected package libmd-dev:amd64.
Preparing to unpack .../32-libmd-dev_1.0.4-1_amd64.deb ...
Unpacking libmd-dev:amd64 (1.0.4-1) ...
Selecting previously unselected package libbsd-dev:amd64.
Preparing to unpack .../33-libbsd-dev_0.11.3-1_amd64.deb ...
Unpacking libbsd-dev:amd64 (0.11.3-1) ...
Selecting previously unselected package libncurses-dev:amd64.
Preparing to unpack .../34-libncurses-dev_6.2+20210905-1_amd64.deb ...
Unpacking libncurses-dev:amd64 (6.2+20210905-1) ...
Selecting previously unselected package libedit-dev:amd64.
Preparing to unpack .../35-libedit-dev_3.1-20210910-1_amd64.deb ...
Unpacking libedit-dev:amd64 (3.1-20210910-1) ...
Selecting previously unselected package libffi-dev:amd64.
Preparing to unpack .../36-libffi-dev_3.4.2-3_amd64.deb ...
Unpacking libffi-dev:amd64 (3.4.2-3) ...
Selecting previously unselected package libgdbm-compat-dev:amd64.
Preparing to unpack .../37-libgdbm-compat-dev_1.22-1_amd64.deb ...
Unpacking libgdbm-compat-dev:amd64 (1.22-1) ...
Selecting previously unselected package libgdbm-dev:amd64.
Preparing to unpack .../38-libgdbm-dev_1.22-1_amd64.deb ...
Unpacking libgdbm-dev:amd64 (1.22-1) ...
Selecting previously unselected package libgmpxx4ldbl:amd64.
Preparing to unpack .../39-libgmpxx4ldbl_2%3a6.2.1+dfsg-2_amd64.deb ...
Unpacking libgmpxx4ldbl:amd64 (2:6.2.1+dfsg-2) ...
Selecting previously unselected package libgmp-dev:amd64.
Preparing to unpack .../40-libgmp-dev_2%3a6.2.1+dfsg-2_amd64.deb ...
Unpacking libgmp-dev:amd64 (2:6.2.1+dfsg-2) ...
Selecting previously unselected package libssl-dev:amd64.
Preparing to unpack .../41-libssl-dev_1.1.1l-1_amd64.deb ...
Unpacking libssl-dev:amd64 (1.1.1l-1) ...
Selecting previously unselected package libyaml-0-2:amd64.
Preparing to unpack .../42-libyaml-0-2_0.2.2-1_amd64.deb ...
Unpacking libyaml-0-2:amd64 (0.2.2-1) ...
Selecting previously unselected package libyaml-dev:amd64.
Preparing to unpack .../43-libyaml-dev_0.2.2-1_amd64.deb ...
Unpacking libyaml-dev:amd64 (0.2.2-1) ...
Selecting previously unselected package rubygems-integration.
Preparing to unpack .../44-rubygems-integration_1.18_all.deb ...
Unpacking rubygems-integration (1.18) ...
Selecting previously unselected package systemtap-sdt-dev:amd64.
Preparing to unpack .../45-systemtap-sdt-dev_4.5-2_amd64.deb ...
Unpacking systemtap-sdt-dev:amd64 (4.5-2) ...
Selecting previously unselected package zlib1g-dev:amd64.
Preparing to unpack .../46-zlib1g-dev_1%3a1.2.11.dfsg-2_amd64.deb ...
Unpacking zlib1g-dev:amd64 (1:1.2.11.dfsg-2) ...
Selecting previously unselected package sbuild-build-depends-main-dummy.
Preparing to unpack .../47-sbuild-build-depends-main-dummy_0.invalid.0_amd64.deb ...
Unpacking sbuild-build-depends-main-dummy (0.invalid.0) ...
Setting up media-types (4.0.0) ...
Setting up libpipeline1:amd64 (1.5.3-1) ...
Setting up bsdextrautils (2.37.2-4) ...
update-alternatives: using /usr/bin/write.ul to provide /usr/bin/write (write) in auto mode
Setting up libmagic-mgc (1:5.39-3) ...
Setting up libarchive-zip-perl (1.68-1) ...
Setting up libyaml-0-2:amd64 (0.2.2-1) ...
Setting up libdebhelper-perl (13.5.2) ...
Setting up libsqlite3-0:amd64 (3.36.0-2) ...
Setting up libmagic1:amd64 (1:5.39-3) ...
Setting up gettext-base (0.21-4) ...
Setting up libgdbm-compat-dev:amd64 (1.22-1) ...
Setting up file (1:5.39-3) ...
Setting up libffi-dev:amd64 (3.4.2-3) ...
Setting up autotools-dev (20180224.1+nmu1) ...
Setting up libgmpxx4ldbl:amd64 (2:6.2.1+dfsg-2) ...
Setting up libncurses6:amd64 (6.2+20210905-1) ...
Setting up libsigsegv2:amd64 (2.13-1) ...
Setting up libssl-dev:amd64 (1.1.1l-1) ...
Setting up autopoint (0.21-4) ...
Setting up libncursesw6:amd64 (6.2+20210905-1) ...
Setting up zlib1g-dev:amd64 (1:1.2.11.dfsg-2) ...
Setting up sensible-utils (0.0.17) ...
Setting up libuchardet0:amd64 (0.0.7-1) ...
Setting up libmd-dev:amd64 (1.0.4-1) ...
Setting up libmpdec3:amd64 (2.5.1-2) ...
Setting up libsub-override-perl (0.09-2) ...
Setting up netbase (6.3) ...
Setting up libgdbm-dev:amd64 (1.22-1) ...
Setting up openssl (1.1.1l-1) ...
Setting up libelf1:amd64 (0.185-2) ...
Setting up readline-common (8.1-2) ...
Setting up libbsd-dev:amd64 (0.11.3-1) ...
Setting up libprocps8:amd64 (2:3.3.17-5) ...
Setting up libfile-stripnondeterminism-perl (1.12.0-2) ...
Setting up libncurses-dev:amd64 (6.2+20210905-1) ...
Setting up gettext (0.21-4) ...
Setting up libgmp-dev:amd64 (2:6.2.1+dfsg-2) ...
Setting up libyaml-dev:amd64 (0.2.2-1) ...
Setting up libtool (2.4.6-15) ...
Setting up libreadline8:amd64 (8.1-2) ...
Setting up m4 (1.4.18-5) ...
Setting up intltool-debian (0.35.0+20060710.5) ...
Setting up ca-certificates (20211016) ...
Updating certificates in /etc/ssl/certs...
127 added, 0 removed; done.
Setting up libedit-dev:amd64 (3.1-20210910-1) ...
Setting up autoconf (2.71-2) ...
Setting up dh-strip-nondeterminism (1.12.0-2) ...
Setting up dwz (0.14-1) ...
Setting up groff-base (1.22.4-7) ...
Setting up procps (2:3.3.17-5) ...
Setting up bison (2:3.8.2+dfsg-1) ...
update-alternatives: using /usr/bin/bison.yacc to provide /usr/bin/yacc (yacc) in auto mode
Setting up libpython3.9-stdlib:amd64 (3.9.7-4) ...
Setting up libpython3-stdlib:amd64 (3.9.2-3) ...
Setting up automake (1:1.16.5-1) ...
update-alternatives: using /usr/bin/automake-1.16 to provide /usr/bin/automake (automake) in auto mode
Setting up po-debconf (1.0.21+nmu1) ...
Setting up rubygems-integration (1.18) ...
Setting up man-db (2.9.4-2) ...
Not building database; man-db/auto-update is not 'true'.
Setting up dh-autoreconf (20) ...
Setting up python3.9 (3.9.7-4) ...
Setting up debhelper (13.5.2) ...
Setting up python3 (3.9.2-3) ...
Setting up systemtap-sdt-dev:amd64 (4.5-2) ...
Setting up sbuild-build-depends-main-dummy (0.invalid.0) ...
Processing triggers for libc-bin (2.32-4) ...
Processing triggers for ca-certificates (20211016) ...
Updating certificates in /etc/ssl/certs...
0 added, 0 removed; done.
Running hooks in /etc/ca-certificates/update.d...
done.

+------------------------------------------------------------------------------+
| Check architectures                                                          |
+------------------------------------------------------------------------------+

Arch check ok (amd64 included in any all)

+------------------------------------------------------------------------------+
| Build environment                                                            |
+------------------------------------------------------------------------------+

Kernel: Linux 4.19.0-6-cloud-amd64 #1 SMP Debian 4.19.67-2+deb10u2 (2019-11-11) amd64 (x86_64)
Toolchain package versions: binutils_2.37-7 dpkg-dev_1.20.9 g++-11_11.2.0-10 gcc-11_11.2.0-10 libc6-dev_2.32-4 libstdc++-11-dev_11.2.0-10 libstdc++6_11.2.0-10 linux-libc-dev_5.14.12-1
Package versions: adduser_3.118 apt_2.3.11 autoconf_2.71-2 automake_1:1.16.5-1 autopoint_0.21-4 autotools-dev_20180224.1+nmu1 base-files_12 base-passwd_3.5.52 bash_5.1-3+b2 binutils_2.37-7 binutils-common_2.37-7 binutils-x86-64-linux-gnu_2.37-7 bison_2:3.8.2+dfsg-1 bsdextrautils_2.37.2-4 bsdutils_1:2.37.2-4 build-essential_12.9 bzip2_1.0.8-4 ca-certificates_20211016 clang-13_1:13.0.0-8 coreutils_8.32-4+b1 cpp_4:11.2.0-2 cpp-11_11.2.0-10 dash_0.5.11+git20210120+802ebd4-2 debconf_1.5.78 debhelper_13.5.2 debian-archive-keyring_2021.1.1 debianutils_5.5-1 dh-autoreconf_20 dh-strip-nondeterminism_1.12.0-2 diffutils_1:3.7-5 dpkg_1.20.9 dpkg-dev_1.20.9 dwz_0.14-1 e2fsprogs_1.46.4-1 fakeroot_1.26-1 file_1:5.39-3 findutils_4.8.0-1 g++_4:11.2.0-2 g++-11_11.2.0-10 gcc_4:11.2.0-2 gcc-10-base_10.3.0-11 gcc-11_11.2.0-10 gcc-11-base_11.2.0-10 gcc-9-base_9.4.0-3 gettext_0.21-4 gettext-base_0.21-4 gpgv_2.2.27-2 grep_3.7-1 groff-base_1.22.4-7 gzip_1.10-4 hostname_3.23 init-system-helpers_1.60 intltool-debian_0.35.0+20060710.5 lib32gcc-s1_11.2.0-10 lib32stdc++6_11.2.0-10 libacl1_2.3.1-1 libapt-pkg6.0_2.3.11 libarchive-zip-perl_1.68-1 libasan5_9.4.0-3 libasan6_11.2.0-10 libatomic1_11.2.0-10 libattr1_1:2.5.1-1 libaudit-common_1:3.0.6-1 libaudit1_1:3.0.6-1 libbinutils_2.37-7 libblkid1_2.37.2-4 libbsd-dev_0.11.3-1 libbsd0_0.11.3-1 libbz2-1.0_1.0.8-4 libc-bin_2.32-4 libc-dev-bin_2.32-4 libc6_2.32-4 libc6-dev_2.32-4 libc6-i386_2.32-4 libcap-ng0_0.7.9-2.2+b1 libcap2_1:2.44-1 libcc1-0_11.2.0-10 libclang-common-13-dev_1:13.0.0-8 libclang-cpp13_1:13.0.0-8 libclang1-13_1:13.0.0-8 libcom-err2_1.46.4-1 libcrypt-dev_1:4.4.25-2 libcrypt1_1:4.4.25-2 libctf-nobfd0_2.37-7 libctf0_2.37-7 libdb5.3_5.3.28+dfsg1-0.8 libdebconfclient0_0.260 libdebhelper-perl_13.5.2 libdpkg-perl_1.20.9 libedit-dev_3.1-20210910-1 libedit2_3.1-20210910-1 libelf1_0.185-2 libexpat1_2.4.1-3 libext2fs2_1.46.4-1 libfakeroot_1.26-1 libffi-dev_3.4.2-3 libffi8_3.4.2-3 libfile-stripnondeterminism-perl_1.12.0-2 libgc1_1:8.0.4-3 libgcc-11-dev_11.2.0-10 libgcc-9-dev_9.4.0-3 libgcc-s1_11.2.0-10 libgcrypt20_1.9.4-3+b1 libgdbm-compat-dev_1.22-1 libgdbm-compat4_1.22-1 libgdbm-dev_1.22-1 libgdbm6_1.22-1 libgmp-dev_2:6.2.1+dfsg-2 libgmp10_2:6.2.1+dfsg-2 libgmpxx4ldbl_2:6.2.1+dfsg-2 libgnutls30_3.7.2-2 libgomp1_11.2.0-10 libgpg-error0_1.42-3 libgssapi-krb5-2_1.18.3-7 libhogweed6_3.7.3-1 libicu67_67.1-7 libidn2-0_2.3.2-2 libisl23_0.24-2 libitm1_11.2.0-10 libk5crypto3_1.18.3-7 libkeyutils1_1.6.1-2 libkrb5-3_1.18.3-7 libkrb5support0_1.18.3-7 libllvm13_1:13.0.0-8 liblsan0_11.2.0-10 liblz4-1_1.9.3-2 liblzma5_5.2.5-2 libmagic-mgc_1:5.39-3 libmagic1_1:5.39-3 libmd-dev_1.0.4-1 libmd0_1.0.4-1 libmount1_2.37.2-4 libmpc3_1.2.1-1 libmpdec3_2.5.1-2 libmpfr6_4.1.0-3 libncurses-dev_6.2+20210905-1 libncurses6_6.2+20210905-1 libncursesw6_6.2+20210905-1 libnettle8_3.7.3-1 libnsl-dev_1.3.0-2 libnsl2_1.3.0-2 libobjc-11-dev_11.2.0-10 libobjc-9-dev_9.4.0-3 libobjc4_11.2.0-10 libomp-13-dev_1:13.0.0-8 libomp5-13_1:13.0.0-8 libp11-kit0_0.24.0-5 libpam-modules_1.4.0-10 libpam-modules-bin_1.4.0-10 libpam-runtime_1.4.0-10 libpam0g_1.4.0-10 libpcre2-8-0_10.36-2 libpcre3_2:8.39-13 libperl5.32_5.32.1-6 libpipeline1_1.5.3-1 libprocps8_2:3.3.17-5 libpython3-stdlib_3.9.2-3 libpython3.9-minimal_3.9.7-4 libpython3.9-stdlib_3.9.7-4 libquadmath0_11.2.0-10 libreadline8_8.1-2 libseccomp2_2.5.2-2 libselinux1_3.1-3 libsemanage-common_3.1-1 libsemanage1_3.1-1+b2 libsepol1_3.1-1 libsigsegv2_2.13-1 libsmartcols1_2.37.2-4 libsqlite3-0_3.36.0-2 libss2_1.46.4-1 libssl-dev_1.1.1l-1 libssl1.1_1.1.1l-1 libstdc++-11-dev_11.2.0-10 libstdc++6_11.2.0-10 libsub-override-perl_0.09-2 libsystemd0_249.5-1 libtasn1-6_4.17.0-2 libtinfo6_6.2+20210905-1 libtirpc-common_1.3.2-2 libtirpc-dev_1.3.2-2 libtirpc3_1.3.2-2 libtool_2.4.6-15 libtsan0_11.2.0-10 libubsan1_11.2.0-10 libuchardet0_0.0.7-1 libudev1_249.5-1 libunistring2_0.9.10-6 libuuid1_2.37.2-4 libxml2_2.9.12+dfsg-5 libxxhash0_0.8.0-2 libyaml-0-2_0.2.2-1 libyaml-dev_0.2.2-1 libz3-4_4.8.12-1+b1 libzstd1_1.4.8+dfsg-3 linux-libc-dev_5.14.12-1 login_1:4.8.1-1 logsave_1.46.4-1 lsb-base_11.1.0 m4_1.4.18-5 make_4.3-4.1 man-db_2.9.4-2 mawk_1.3.4.20200120-2 media-types_4.0.0 mount_2.37.2-4 ncurses-base_6.2+20210905-1 ncurses-bin_6.2+20210905-1 netbase_6.3 openssl_1.1.1l-1 passwd_1:4.8.1-1 patch_2.7.6-7 perl_5.32.1-6 perl-base_5.32.1-6 perl-modules-5.32_5.32.1-6 po-debconf_1.0.21+nmu1 procps_2:3.3.17-5 python3_3.9.2-3 python3-minimal_3.9.2-3 python3.9_3.9.7-4 python3.9-minimal_3.9.7-4 qt5-qmake_5.15.2+dfsg-12 qt5-qmake-bin_5.15.2+dfsg-12 qtchooser_66-2 readline-common_8.1-2 rpcsvc-proto_1.4.2-4 rubygems-integration_1.18 sbuild-build-depends-main-dummy_0.invalid.0 sed_4.8-1 sensible-utils_0.0.17 systemtap-sdt-dev_4.5-2 sysvinit-utils_3.00-1 tar_1.34+dfsg-1 tzdata_2021e-1 util-linux_2.37.2-4 xz-utils_5.2.5-2 zlib1g_1:1.2.11.dfsg-2 zlib1g-dev_1:1.2.11.dfsg-2

+------------------------------------------------------------------------------+
| Build                                                                        |
+------------------------------------------------------------------------------+


Unpack source
-------------

-----BEGIN PGP SIGNED MESSAGE-----
Hash: SHA256

Format: 3.0 (quilt)
Source: ruby3.0
Binary: ruby3.0, libruby3.0, ruby3.0-dev, ruby3.0-doc
Architecture: any all
Version: 3.0.2-5
Maintainer: Debian Ruby Team <pkg-ruby-extras-maintainers@lists.alioth.debian.org>
Uploaders: Antonio Terceiro <terceiro@debian.org>, Utkarsh Gupta <utkarsh@debian.org>, Lucas Kanashiro <kanashiro@debian.org>
Homepage: https://www.ruby-lang.org/
Standards-Version: 4.5.1
Vcs-Browser: https://salsa.debian.org/ruby-team/ruby
Vcs-Git: https://salsa.debian.org/ruby-team/ruby.git
Testsuite: autopkgtest
Build-Depends: bison, coreutils (>= 7.5), debhelper-compat (= 13), file, libffi-dev, libgdbm-compat-dev, libgdbm-dev, libgmp-dev, libncurses-dev, libedit-dev, libssl-dev, libyaml-dev, netbase <!nocheck>, openssl <!nocheck>, procps <!nocheck>, ruby:native <cross>, rubygems-integration (>= 1.6) <!nocheck>, systemtap-sdt-dev [linux-any], tzdata, zlib1g-dev
Package-List:
 libruby3.0 deb libs optional arch=any
 ruby3.0 deb ruby optional arch=any
 ruby3.0-dev deb ruby optional arch=any
 ruby3.0-doc deb doc optional arch=all
Checksums-Sha1:
 af097a3f03e13737a6f5f03f1b2a82eec050d70c 12689736 ruby3.0_3.0.2.orig.tar.xz
 5ce64035077e1d6ad527d4c850be4dab76120337 55412 ruby3.0_3.0.2-5.debian.tar.xz
Checksums-Sha256:
 805c551cb7f2c8640228eb393c1313f23639924e4ba4032bae33632092ef59c7 12689736 ruby3.0_3.0.2.orig.tar.xz
 c54d32cde0dd0652af0bcb7d9e74e1324d0e65fcfb3fd5af7adff8853b7e91b6 55412 ruby3.0_3.0.2-5.debian.tar.xz
Files:
 cd6c8b0c7d9fea91ef802f304f7bc420 12689736 ruby3.0_3.0.2.orig.tar.xz
 196cd0405a29e042c1b3ed40e723cca9 55412 ruby3.0_3.0.2-5.debian.tar.xz

-----BEGIN PGP SIGNATURE-----

iQIzBAEBCAAdFiEEst7mYDbECCn80PEM/A2xu81GC94FAmFtbhwACgkQ/A2xu81G
C95SOxAAtstlqA+p5sBvpeS3ImF1PmuSciduP394+w7IEH+fSxsPO4NnCWfuDSOj
B9QP6o/AqZBikRsGD3p9R7UWHEYbDzX/JESZLi2+MBhZBdNHUVYe0x6LEQ6ZmMWW
XFC563lU/pAAxdnPfaUl+348J56sY6i9N0AYrYVRJXnpXDDltuT8hWjJV4kBep0S
NLWk77kI0+JdCPaQXic+jn93SWQhEDdQ0tNTqMPXqDZu7YPSsI3XcuW9/Fxh4EW+
EOPUixFzmm9orxVnu4OBrGy90R/NBaAkUKG1pKqErPZnacg2Ck+SaNX7opLqLux6
JmK+x/Z40I9rJ7Q13aiUiTa9toZYPrr1QFMQNhuY3cs4dmeEONfDTAACQcOSE33C
t1S5L5dQWfsb4mcnuSeqzRL5iKoEbWYGhBt6pk1HOHs2seWL/kzcB+TzXtpGLeYu
i3WoGUhR5zeHxYfroWT/Em9Ckl3kk3kJmVq0xtyAhHDaRZzYLpql4Nv2EOzxN0y5
9SRNMLbkjeMxNlAi/HK9kXd7+3YT1kNfZ7pGvWBZs47/3eSXfXsyRTrkicGzYQAZ
i3uMbpg3lqxw+ZJJG7Rn77YvSs/uBcrJgCOhl41PKcL+t2qDTCoCDsG6YC+n/pan
P+P7/YwmdBJBpaEVbA2Iu40ZJmdKq7t6gy7U4kzOvCfoZFDlddI=
=rqgj
-----END PGP SIGNATURE-----

gpgv: unknown type of key resource 'trustedkeys.kbx'
gpgv: keyblock resource '/tmp/dpkg-verify-sig.biCQ07Ru/trustedkeys.kbx': General error
gpgv: Signature made Mon Oct 18 12:52:44 2021 UTC
gpgv:                using RSA key B2DEE66036C40829FCD0F10CFC0DB1BBCD460BDE
gpgv: Can't check signature: No public key
dpkg-source: warning: failed to verify signature on ./ruby3.0_3.0.2-5.dsc
dpkg-source: info: extracting ruby3.0 in /<<PKGBUILDDIR>>
dpkg-source: info: unpacking ruby3.0_3.0.2.orig.tar.xz
dpkg-source: info: unpacking ruby3.0_3.0.2-5.debian.tar.xz
dpkg-source: info: using patch list from debian/patches/series
dpkg-source: info: applying 0001-rdoc-build-reproducible-documentation.patch
dpkg-source: info: applying 0002-lib-mkmf.rb-sort-list-of-object-files-in-generated-M.patch
dpkg-source: info: applying 0003-Mark-Gemspec-reproducible-change-fixing-784225-too.patch
dpkg-source: info: applying 0004-Disable-tests-failing-on-Ubuntu-builders.patch
dpkg-source: info: applying 0005-Make-gemspecs-reproducible.patch
dpkg-source: info: applying 0006-Fix-FTBS-on-hurd.patch
dpkg-source: info: applying 0007-Port-to-kfreebsd-amd64.patch
dpkg-source: info: applying 0009-Fix-FTBFS-on-x32-misdetected-as-i386-or-amd64.patch
dpkg-source: info: applying 0011-don-t-try-to-download-stuff-in-configure.patch
dpkg-source: info: applying 0012-Make-resolv-accept-dash-in-zone_id-of-IPv6-link-local-addresses.patch
dpkg-source: info: applying ruby_default_arch.m4-don-t-require-arhitectures-to-be-kno.patch
dpkg-source: info: applying rand_init-fix-off-by-one-error.patch

Check disk space
----------------

Sufficient free space for build

User Environment
----------------

APT_CONFIG=/var/lib/sbuild/apt.conf
HOME=/sbuild-nonexistent
LANG=C.UTF-8
LC_ALL=C.UTF-8
LOGNAME=user42
PATH=/usr/local/sbin:/usr/local/bin:/usr/sbin:/usr/bin:/sbin:/bin:/usr/games
SCHROOT_ALIAS_NAME=unstable
SCHROOT_CHROOT_NAME=sid-amd64-sbuild
SCHROOT_COMMAND=env
SCHROOT_GID=1001
SCHROOT_GROUP=user42
SCHROOT_SESSION_ID=sid-amd64-sbuild-0d9a128f-a3aa-4469-acf0-8fb3c7a479c1
SCHROOT_UID=1001
SCHROOT_USER=user42
SHELL=/bin/sh
USER=user42

dpkg-buildpackage
-----------------

Command: dpkg-buildpackage -us -uc -b -rfakeroot
dpkg-buildpackage: info: source package ruby3.0
dpkg-buildpackage: info: source version 3.0.2-5
dpkg-buildpackage: info: source distribution unstable
dpkg-buildpackage: info: source changed by Antonio Terceiro <terceiro@debian.org>
 dpkg-source --before-build .
dpkg-buildpackage: info: host architecture amd64
 debian/rules clean
dh clean
   debian/rules override_dh_auto_clean
make[1]: Entering directory '/<<PKGBUILDDIR>>'
/usr/bin/make clean || true
make[2]: Entering directory '/<<PKGBUILDDIR>>'
make[2]: *** No rule to make target 'clean'.  Stop.
make[2]: Leaving directory '/<<PKGBUILDDIR>>'
/usr/bin/make distclean-ext || true
make[2]: Entering directory '/<<PKGBUILDDIR>>'
make[2]: *** No rule to make target 'distclean-ext'.  Stop.
make[2]: Leaving directory '/<<PKGBUILDDIR>>'
rm -f tool/config.guess tool/config.sub
rm -f test/excludes/amd64
rm -f -r .ext
rm -f -r doc/capi
rm -f .installed.list GNUmakefile Makefile builtin_binary.inc \
	config.status enc.mk uncommon.mk verconf.h config.log
make[1]: Leaving directory '/<<PKGBUILDDIR>>'
   dh_clean
	rm -f debian/debhelper-build-stamp
	rm -rf debian/.debhelper/
	rm -f -- debian/ruby3.0.substvars debian/libruby3.0.substvars debian/ruby3.0-dev.substvars debian/ruby3.0-doc.substvars debian/files
	rm -fr -- debian/ruby3.0/ debian/tmp/ debian/libruby3.0/ debian/ruby3.0-dev/ debian/ruby3.0-doc/
	find .  \( \( \
		\( -path .\*/.git -o -path .\*/.svn -o -path .\*/.bzr -o -path .\*/.hg -o -path .\*/CVS -o -path .\*/.pc -o -path .\*/_darcs \) -prune -o -type f -a \
	        \( -name '#*#' -o -name '.*~' -o -name '*~' -o -name DEADJOE \
		 -o -name '*.orig' -o -name '*.rej' -o -name '*.bak' \
		 -o -name '.*.orig' -o -name .*.rej -o -name '.SUMS' \
		 -o -name TAGS -o \( -path '*/.deps/*' -a -name '*.P' \) \
		\) -exec rm -f {} + \) -o \
		\( -type d -a -name autom4te.cache -prune -exec rm -rf {} + \) \)
 debian/rules binary
dh binary
   dh_update_autotools_config
   dh_autoreconf
	find ! -ipath "./debian/*" -a ! \( -path '*/.git/*' -o -path '*/.hg/*' -o -path '*/.bzr/*' -o -path '*/.svn/*' -o -path '*/CVS/*' \) -a  -type f -exec md5sum {} + -o -type l -printf "symlink  %p
" > debian/autoreconf.before
	grep -q ^XDT_ configure.ac
	autoreconf -f -i
configure.ac:4176: warning: AC_C_BIGENDIAN should be used with AC_CONFIG_HEADERS
	find ! -ipath "./debian/*" -a ! \( -path '*/.git/*' -o -path '*/.hg/*' -o -path '*/.bzr/*' -o -path '*/.svn/*' -o -path '*/CVS/*' \) -a  -type f -exec md5sum {} + -o -type l -printf "symlink  %p
" > debian/autoreconf.after
   debian/rules override_dh_auto_configure
make[1]: Entering directory '/<<PKGBUILDDIR>>'
cp /usr/share/misc/config.guess tool
cp /usr/share/misc/config.sub tool
./configure --prefix=/usr --enable-multiarch --target=x86_64-linux-gnu --program-suffix=3.0 --with-soname=ruby-3.0 --enable-shared --disable-rpath --with-sitedir='/usr/local/lib/site_ruby' --with-sitearchdir="/usr/local/lib/x86_64-linux-gnu/site_ruby" --runstatedir=/var/run --localstatedir=/var --sysconfdir=/etc AS=x86_64-linux-gnu-as CC=x86_64-linux-gnu-gcc CXX=x86_64-linux-gnu-g++ LD=x86_64-linux-gnu-ld --enable-ipv6 --with-dbm-type=gdbm_compat --with-compress-debug-sections=no CFLAGS="-g -O2 -ffile-prefix-map=/<<PKGBUILDDIR>>=. -fstack-protector-strong -Wformat -Werror=format-security" CPPFLAGS="-Wdate-time -D_FORTIFY_SOURCE=2" CXXFLAGS="-g -O2 -ffile-prefix-map=/<<PKGBUILDDIR>>=. -fstack-protector-strong -Wformat -Werror=format-security" DFLAGS="-frelease" FCFLAGS="-g -O2 -ffile-prefix-map=/<<PKGBUILDDIR>>=. -fstack-protector-strong" FFLAGS="-g -O2 -ffile-prefix-map=/<<PKGBUILDDIR>>=. -fstack-protector-strong" GCJFLAGS="-g -O2 -ffile-prefix-map=/<<PKGBUILDDIR>>=. -fstack-protector-strong" LDFLAGS="-Wl,-z,relro -Wl,-z,now" OBJCFLAGS="-g -O2 -ffile-prefix-map=/<<PKGBUILDDIR>>=. -fstack-protector-strong -Wformat -Werror=format-security" OBJCXXFLAGS="-g -O2 -ffile-prefix-map=/<<PKGBUILDDIR>>=. -fstack-protector-strong -Wformat -Werror=format-security" 
checking for ruby... false
checking build system type... x86_64-pc-linux-gnu
checking host system type... x86_64-pc-linux-gnu
checking target system type... x86_64-pc-linux-gnu
checking for x86_64-linux-gnu-ld... x86_64-linux-gnu-ld
checking for x86_64-linux-gnu-gcc-ar... x86_64-linux-gnu-gcc-ar
checking for x86_64-linux-gnu-g++... x86_64-linux-gnu-g++
checking for x86_64-linux-gnu-gcc-nm... x86_64-linux-gnu-gcc-nm
checking for x86_64-linux-gnu-gcc-ranlib... x86_64-linux-gnu-gcc-ranlib
checking whether the C++ compiler works... yes
checking for C++ compiler default output file name... a.out
checking for suffix of executables... 
checking whether we are cross compiling... no
checking for suffix of object files... o
checking whether the compiler supports GNU C++... yes
checking whether x86_64-linux-gnu-g++ accepts -g... yes
checking for x86_64-linux-gnu-g++ option to enable C++11 features... none needed
checking for gcc... x86_64-linux-gnu-gcc
checking whether the compiler supports GNU C... yes
checking whether x86_64-linux-gnu-gcc accepts -g... yes
checking for x86_64-linux-gnu-gcc option to enable C11 features... none needed
checking how to run the C preprocessor... x86_64-linux-gnu-gcc -E
checking for ranlib... (cached) x86_64-linux-gnu-gcc-ranlib
checking for gobjcopy... no
checking for objcopy... objcopy
checking for gobjdump... no
checking for objdump... objdump
checking for gstrip... no
checking for strip... strip
checking for stdio.h... yes
checking for stdlib.h... yes
checking for string.h... yes
checking for inttypes.h... yes
checking for stdint.h... yes
checking for strings.h... yes
checking for sys/stat.h... yes
checking for sys/types.h... yes
checking for unistd.h... yes
checking for wchar.h... yes
checking for minix/config.h... no
checking for vfork.h... no
checking whether it is safe to define __EXTENSIONS__... yes
checking whether _XOPEN_SOURCE should be defined... no
checking whether the linker is GNU ld... yes
checking whether x86_64-linux-gnu-gcc -E accepts -o... yes
checking for x86_64-linux-gnu-gcc... /usr/bin/x86_64-linux-gnu-gcc
checking for x86_64-linux-gnu-gcc-ar flags... rcD
checking whether ln -s works... yes
checking whether make sets $(MAKE)... yes
checking for a BSD-compatible install... /usr/bin/install -c
checking for a race-free mkdir -p... /bin/mkdir -p
checking for dtrace... dtrace
checking for dot... no
checking for doxygen... no
checking for pkg-config... no
checking whether it is Android... no
checking for cd using physical directory... cd -P
checking whether CFLAGS is valid... yes
checking whether LDFLAGS is valid... yes
checking whether -Wl,-R. is accepted as LDFLAGS... yes
checking whether -Wl,-rpath,. is accepted as LDFLAGS... yes
checking whether -fdeclspec is accepted as CFLAGS... yes
checking whether -fdeclspec is accepted as CXXFLAGS... yes
checking whether -Wdeprecated-declarations is accepted as CFLAGS... yes
checking whether -Wdivision-by-zero is accepted as CFLAGS... yes
checking whether -Wduplicated-cond is accepted as CFLAGS... no
checking whether -Wimplicit-function-declaration is accepted as CFLAGS... yes
checking whether -Wimplicit-int is accepted as CFLAGS... yes
checking whether -Wmisleading-indentation is accepted as CFLAGS... yes
checking whether -Wpointer-arith is accepted as CFLAGS... yes
checking whether -Wshorten-64-to-32 is accepted as CFLAGS... yes
checking whether -Wwrite-strings is accepted as CFLAGS... yes
checking whether -Wimplicit-fallthrough=0 is accepted as CFLAGS... no
checking whether -Wmissing-noreturn is accepted as CFLAGS... yes
checking whether -Wno-cast-function-type is accepted as CFLAGS... yes
checking whether -Wno-constant-logical-operand is accepted as CFLAGS... yes
checking whether -Wno-long-long is accepted as CFLAGS... yes
checking whether -Wno-missing-field-initializers is accepted as CFLAGS... yes
checking whether -Wno-overlength-strings is accepted as CFLAGS... yes
checking whether -Wno-packed-bitfield-compat is accepted as CFLAGS... no
checking whether -Wno-parentheses-equality is accepted as CFLAGS... yes
checking whether -Wno-self-assign is accepted as CFLAGS... yes
checking whether -Wno-tautological-compare is accepted as CFLAGS... yes
checking whether -Wno-unused-parameter is accepted as CFLAGS... yes
checking whether -Wno-unused-value is accepted as CFLAGS... yes
checking whether -Wsuggest-attribute=format is accepted as CFLAGS... no
checking whether -Wsuggest-attribute=noreturn is accepted as CFLAGS... no
checking whether -Wunused-variable is accepted as CFLAGS... yes
checking whether -diag-disable=175,188,1684,2259,2312 is accepted as CFLAGS... no
checking whether -Wextra-tokens is accepted as CFLAGS... yes
checking whether -Wall -Wextra is accepted as CFLAGS... yes
checking whether -Qunused-arguments is accepted as CFLAGS... yes
checking whether -O3 -D_FORTIFY_SOURCE=2 is accepted as CFLAGS... yes
checking whether -fstack-protector-strong is accepted as CFLAGS... yes
checking whether -fstack-protector-strong is accepted as LDFLAGS... yes
checking whether -std=gnu99 is accepted as CFLAGS... yes
checking whether -fno-strict-overflow is accepted as CFLAGS... yes
checking whether -ggdb3 is accepted as CFLAGS... yes
checking whether -fvisibility=hidden is accepted as CFLAGS... yes
checking whether -fno-fast-math is accepted as CFLAGS... yes
checking whether -fexcess-precision=standard is accepted as CFLAGS... no
checking whether -fp-model precise is accepted as CFLAGS... no
checking whether compiler has statement and declarations in expressions... yes
checking whether CXXFLAGS is valid... yes
checking for crypt in -lcrypt... yes
checking for dlopen in -ldl... yes
checking for shl_load in -ldld... no
checking for shutdown in -lsocket... no
checking for dirent.h that defines DIR... yes
checking for library containing opendir... none required
checking for _Bool... yes
checking for stdbool.h that conforms to C99... yes
checking for sys/wait.h that is POSIX.1 compatible... yes
checking for a.out.h... yes
checking for atomic.h... no
checking for copyfile.h... no
checking for direct.h... no
checking for grp.h... yes
checking for fcntl.h... yes
checking for float.h... yes
checking for ieeefp.h... no
checking for intrinsics.h... no
checking for langinfo.h... yes
checking for limits.h... yes
checking for locale.h... yes
checking for malloc.h... yes
checking for malloc/malloc.h... no
checking for malloc_np.h... no
checking for net/socket.h... no
checking for process.h... no
checking for pwd.h... yes
checking for sanitizer/asan_interface.h... yes
checking for sanitizer/msan_interface.h... yes
checking for setjmpex.h... no
checking for stdalign.h... yes
checking for sys/attr.h... no
checking for sys/eventfd.h... yes
checking for sys/fcntl.h... yes
checking for sys/file.h... yes
checking for sys/id.h... no
checking for sys/ioctl.h... yes
checking for sys/mkdev.h... no
checking for sys/param.h... yes
checking for sys/prctl.h... yes
checking for sys/resource.h... yes
checking for sys/select.h... yes
checking for sys/sendfile.h... yes
checking for sys/socket.h... yes
checking for sys/syscall.h... yes
checking for sys/sysmacros.h... yes
checking for sys/time.h... yes
checking for sys/times.h... yes
checking for sys/uio.h... yes
checking for sys/utime.h... no
checking for syscall.h... yes
checking for time.h... yes
checking for ucontext.h... yes
checking for utime.h... yes
checking for x86intrin.h... yes
checking for gmp.h... yes
checking for library containing __gmpz_init... -lgmp
checking for special C compiler options needed for large files... no
checking for _FILE_OFFSET_BITS value needed for large files... no
checking whether byte ordering is bigendian... no
checking for an ANSI C-conforming const... yes
checking whether char is unsigned... no
checking for inline... inline
checking for working volatile... yes
checking for typeof syntax and keyword spelling... typeof
checking for C/C++ restrict keyword... __restrict__
checking for long long... yes
checking for off_t... yes
checking char bit... 8
checking size of int... 4
checking size of short... 2
checking size of long... 8
checking size of long long... 8
checking size of __int64... 0
checking size of __int128... 16
checking size of off_t... 8
checking size of void*... 8
checking size of float... 4
checking size of double... 8
checking size of time_t... 8
checking size of clock_t... 8
checking packed struct attribute... x __attribute__((packed))
checking whether -Wno-address-of-packed-member is accepted as CFLAGS... yes
checking for printf prefix for long long... ll
checking for pid_t... yes
checking for convertible type of pid_t... INT
checking for uid_t... yes
checking for convertible type of uid_t... UINT
checking for gid_t... yes
checking for convertible type of gid_t... UINT
checking for time_t... yes
checking for convertible type of time_t... LONG
checking for dev_t... yes
checking for convertible type of dev_t... ULONG
checking for mode_t... yes
checking for convertible type of mode_t... UINT
checking for rlim_t... yes
checking for convertible type of rlim_t... ULONG
checking for off_t... (cached) yes
checking for convertible type of off_t... LONG
checking for clockid_t... yes
checking for convertible type of clockid_t... INT
checking for variable length macro... yes
checking if _Alignof() works... yes
checking for CONSTFUNC function attribute... __attribute__ ((__const__)) x
checking for PUREFUNC function attribute... __attribute__ ((__pure__)) x
checking for NORETURN function attribute... __attribute__ ((__noreturn__)) x
checking for DEPRECATED function attribute... __attribute__ ((__deprecated__)) x
checking for DEPRECATED_BY function attribute... __attribute__ ((__deprecated__("by "#n))) x
checking for NOINLINE function attribute... __attribute__ ((__noinline__)) x
checking for ALWAYS_INLINE function attribute... __attribute__ ((__always_inline__)) x
checking for NO_SANITIZE function attribute... __attribute__ ((__no_sanitize__(san))) x
checking for NO_SANITIZE_ADDRESS function attribute... __attribute__ ((__no_sanitize_address__)) x
checking for NO_ADDRESS_SAFETY_ANALYSIS function attribute... __attribute__ ((__no_address_safety_analysis__)) x
checking for WARN_UNUSED_RESULT function attribute... __attribute__ ((__warn_unused_result__)) x
checking for MAYBE_UNUSED function attribute... __attribute__ ((__unused__)) x
checking for ERRORFUNC function attribute... x
checking for WARNINGFUNC function attribute... x
checking for WEAK function attribute... __attribute__ ((__weak__)) x
checking for __attribute__((__depreacted__(msg))) in C++... yes
checking for std::nullptr_t... yes
checking for FUNC_STDCALL function attribute... x
checking for FUNC_CDECL function attribute... __attribute__ ((__cdecl__)) x
checking for FUNC_FASTCALL function attribute... x
checking for FUNC_UNOPTIMIZED function attribute... x
checking for FUNC_MINIMIZED function attribute... x
checking for function alias... alias
checking for __atomic builtins... yes
checking for __sync builtins... yes
checking for __builtin_unreachable... yes
checking for exported function attribute... __attribute__ ((__visibility__("default")))
checking for RUBY_FUNC_NONNULL function attribute... __attribute__ ((__nonnull__(n))) x
checking for function name string predefined identifier... __func__
checking if enum over int is allowed... yes
checking for x86_64-linux-gnu-gcc -fdeclspec options needed to detect all undeclared functions... -fno-builtin
checking whether sys_nerr is declared... no
checking whether getenv is declared... yes
checking for size_t... yes
checking size of size_t... 8
checking size of ptrdiff_t... 8
checking for printf prefix for size_t... z
checking for printf prefix for ptrdiff_t... t
checking for struct stat.st_blksize... yes
checking for struct stat.st_blocks... yes
checking for struct stat.st_rdev... yes
checking size of struct stat.st_size... SIZEOF_OFF_T
checking size of struct stat.st_blocks... SIZEOF_OFF_T
checking size of struct stat.st_ino... SIZEOF_LONG
checking for struct stat.st_atim... yes
checking for struct stat.st_atimespec... no
checking for struct stat.st_atimensec... no
checking for struct stat.st_mtim... yes
checking for struct stat.st_mtimespec... no
checking for struct stat.st_mtimensec... no
checking for struct stat.st_ctim... yes
checking for struct stat.st_ctimespec... no
checking for struct stat.st_ctimensec... no
checking for struct stat.st_birthtimespec... no
checking for struct statx.stx_btime... yes
checking for struct timeval... yes
checking size of struct timeval.tv_sec... SIZEOF_TIME_T
checking for struct timespec... yes
checking for struct timezone... yes
checking for fd_mask... yes
checking for int8_t... yes
checking size of int8_t... 1
checking for uint8_t... yes
checking size of uint8_t... 1
checking for int16_t... yes
checking size of int16_t... 2
checking for uint16_t... yes
checking size of uint16_t... 2
checking for int32_t... yes
checking size of int32_t... 4
checking for uint32_t... yes
checking size of uint32_t... 4
checking for int64_t... yes
checking size of int64_t... 8
checking for uint64_t... yes
checking size of uint64_t... 8
checking for int128_t... __int128
checking for uint128_t... unsigned __int128
checking for intptr_t... yes
checking size of intptr_t... 8
checking for uintptr_t... yes
checking size of uintptr_t... 8
checking for printf prefix for intptr_t... NONE
checking for ssize_t... yes
checking size of ssize_t... 8
checking for printf prefix for int64_t... NONE
checking for stack end address... __libc_stack_end
checking for grep that handles long lines and -e... /bin/grep
checking for egrep... /bin/grep -E
checking for uid_t in sys/types.h... (cached) yes
checking type of array argument to getgroups... gid_t
checking for working alloca.h... yes
checking for alloca... yes
checking for dynamic size alloca... ok
checking for working memcmp... yes
checking for acosh... yes
checking for cbrt... yes
checking for crypt... yes
checking for dup2... yes
checking for erf... yes
checking for explicit_bzero... yes
checking for ffs... yes
checking for flock... yes
checking for hypot... yes
checking for lgamma_r... yes
checking for memmove... yes
checking for nan... yes
checking for nextafter... yes
checking for setproctitle... no
checking for strchr... yes
checking for strerror... yes
checking for strlcat... no
checking for strlcpy... no
checking for strstr... yes
checking for tgamma... yes
checking whether finite is declared... yes
checking whether isinf is declared... yes
checking whether isnan is declared... yes
checking for sys/pstat.h... no
checking for signbit... yes
checking for pid_t... (cached) yes
checking for fork... yes
checking for vfork... yes
checking for working fork... yes
checking for working vfork... (cached) yes
checking for __syscall... no
checking for _longjmp... yes
checking for arc4random_buf... no
checking for atan2l... yes
checking for atan2f... yes
checking for chroot... yes
checking for chsize... no
checking for clock_gettime... yes
checking for copy_file_range... yes
checking for cosh... yes
checking for crypt_r... yes
checking for daemon... (cached) no
checking for dirfd... yes
checking for dl_iterate_phdr... yes
checking for dlopen... yes
checking for dladdr... yes
checking for dup... yes
checking for dup3... yes
checking for eaccess... yes
checking for endgrent... yes
checking for eventfd... yes
checking for explicit_memset... no
checking for fcopyfile... no
checking for fchmod... yes
checking for fchown... yes
checking for fcntl... yes
checking for fdatasync... yes
checking for fdopendir... yes
checking for fgetattrlist... no
checking for fmod... yes
checking for fstatat... yes
checking for fsync... yes
checking for ftruncate... yes
checking for ftruncate64... yes
checking for getattrlist... no
checking for getcwd... yes
checking for getgidx... no
checking for getgrnam... yes
checking for getgrnam_r... yes
checking for getgroups... yes
checking for getlogin... yes
checking for getlogin_r... yes
checking for getpgid... yes
checking for getpgrp... yes
checking for getpriority... yes
checking for getpwnam... yes
checking for getpwnam_r... yes
checking for getpwuid... yes
checking for getpwuid_r... yes
checking for getrandom... yes
checking for getresgid... yes
checking for getresuid... yes
checking for getrlimit... yes
checking for getsid... yes
checking for gettimeofday... yes
checking for getuidx... no
checking for gmtime_r... yes
checking for grantpt... yes
checking for initgroups... yes
checking for ioctl... yes
checking for isfinite... no
checking for issetugid... no
checking for killpg... yes
checking for lchmod... yes
checking for lchown... yes
checking for link... yes
checking for llabs... yes
checking for lockf... yes
checking for log2... yes
checking for lstat... yes
checking for lutimes... yes
checking for malloc_usable_size... yes
checking for malloc_size... no
checking for mblen... yes
checking for memalign... yes
checking for memset_s... no
checking for writev... yes
checking for memrchr... yes
checking for memmem... yes
checking for mkfifo... yes
checking for mknod... yes
checking for mktime... yes
checking for openat... yes
checking for pipe2... yes
checking for poll... yes
checking for posix_fadvise... yes
checking for posix_memalign... yes
checking for ppoll... yes
checking for pread... yes
checking for pwrite... yes
checking for qsort_r... yes
checking for qsort_s... no
checking for readlink... yes
checking for realpath... yes
checking for round... yes
checking for sched_getaffinity... yes
checking for seekdir... yes
checking for select_large_fdset... no
checking for sendfile... yes
checking for setegid... yes
checking for setenv... yes
checking for seteuid... yes
checking for setgid... yes
checking for setgroups... yes
checking for setpgid... yes
checking for setpgrp... yes
checking for setregid... yes
checking for setresgid... yes
checking for setresuid... yes
checking for setreuid... yes
checking for setrgid... no
checking for setrlimit... yes
checking for setruid... no
checking for setsid... yes
checking for setuid... yes
checking for shutdown... yes
checking for sigaction... yes
checking for sigaltstack... yes
checking for sigprocmask... yes
checking for sinh... yes
checking for spawnv... no
checking for symlink... yes
checking for syscall... yes
checking for sysconf... yes
checking for tanh... yes
checking for telldir... yes
checking for timegm... yes
checking for times... yes
checking for truncate... yes
checking for truncate64... yes
checking for unsetenv... yes
checking for utimensat... yes
checking for utimes... yes
checking for wait4... yes
checking for waitpid... yes
checking for __cospi... no
checking for __sinpi... no
checking for statx... yes
checking if getcwd allocates buffer if NULL is given... yes
checking for crypt.h... yes
checking for struct crypt_data.initialized... yes
checking for __builtin_alloca_with_align... yes
checking for __builtin_assume_aligned... yes
checking for __builtin_bswap16... yes
checking for __builtin_bswap32... yes
checking for __builtin_bswap64... yes
checking for __builtin_popcount... yes
checking for __builtin_popcountll... yes
checking for __builtin_clz... yes
checking for __builtin_clzl... yes
checking for __builtin_clzll... yes
checking for __builtin_ctz... yes
checking for __builtin_ctzll... yes
checking for __builtin_add_overflow... yes
checking for __builtin_sub_overflow... yes
checking for __builtin_mul_overflow... yes
checking for __builtin_mul_overflow_p... no
checking for __builtin_constant_p... yes
checking for __builtin_choose_expr... yes
checking for __builtin_choose_expr_constant_p... yes
checking for __builtin_types_compatible_p... yes
checking for __builtin_trap... yes
checking whether qsort_r is GNU version... yes
checking whether qsort_r is BSD version... no
checking whether atan2 handles Inf as C99... yes
checking for clock_getres... yes
checking for timer_create in -lrt... yes
checking for timer_settime in -lrt... yes
checking for unsetenv returns a value... yes
checking whether struct tm is in sys/time.h or time.h... time.h
checking for struct tm.tm_zone... yes
checking for struct tm.tm_gmtoff... yes
checking for external int daylight... yes
checking for negative time_t for gmtime(3)... yes
checking for localtime(3) overflow correctly... yes
checking for sig_t... yes
checking whether right shift preserve sign bit... yes
checking whether _SC_CLK_TCK is supported... yes
checking stack growing direction on x86_64... -1
checking native coroutine implementation for x86_64-linux-gnu... amd64
checking for pthread_create in -lthr... no
checking for pthread_create in -lpthread... yes
checking for pthread_np.h... no
checking whether pthread_t is scalar type... yes
checking for sched_yield... yes
checking for pthread_attr_setinheritsched... yes
checking for pthread_attr_get_np... no
checking for pthread_attr_getstack... yes
checking for pthread_attr_getguardsize... yes
checking for pthread_get_stackaddr_np... no
checking for pthread_get_stacksize_np... no
checking for thr_stksegment... no
checking for pthread_stackseg_np... no
checking for pthread_getthrds_np... no
checking for pthread_condattr_setclock... yes
checking for pthread_sigmask... yes
checking for pthread_setname_np... yes
checking for pthread_set_name_np... no
checking for pthread_getattr_np... yes
checking arguments of pthread_setname_np... (pthread_self(), name)
checking if mcontext_t is a pointer... no
checking for getcontext... yes
checking for setcontext... yes
checking if fork works with pthread... yes
checking whether ELF binaries are produced... yes
checking for elf.h... yes
checking for elf_abi.h... no
checking for uncompress in -lz... yes
checking for mach-o/loader.h... no
checking whether OS depend dynamic link works... yes
checking for backtrace... yes
checking for broken backtrace... no
checking for valgrind/memcheck.h... no
checking for strip flags... -S -x
checking whether -Wl,--no-undefined is accepted as LDFLAGS... yes
checking whether wrapper for LD_LIBRARY_PATH is needed... no
checking whether dtrace USDT is available... yes
checking whether dtrace needs post processing... yes
checking for __builtin_setjmp... yes with cast ((void **))
checking for _setjmpex as a macro or function... no
checking for _setjmp as a macro or function... yes
checking for sigsetjmp as a macro or function... no
checking for setjmp type... __builtin_setjmp\((void **)\)
checking for prefix of external symbols... NONE
checking for pthread.h... yes
checking if make is GNU make... yes
.ext/include/x86_64-linux-gnu/ruby/config.h updated
configure: ruby library version = 3.0.0
configure: creating ./config.status
config.status: creating GNUmakefile
config.status: creating Makefile
config.status: creating ruby-3.0.pc
---
Configuration summary for ruby version 3.0.2

   * Installation prefix: /usr
   * exec prefix:         ${prefix}
   * arch:                x86_64-linux-gnu
   * site arch:           ${arch}
   * RUBY_BASE_NAME:      ruby
   * enable shared:       yes
   * ruby lib prefix:     ${libdir}/${RUBY_BASE_NAME}
   * site libraries path: ${sitearchlibdir}/${RUBY_BASE_NAME}
   * vendor path:         ${rubylibprefix}/vendor_ruby
   * target OS:           linux-gnu
   * compiler:            x86_64-linux-gnu-gcc -fdeclspec
   * with pthread:        yes
   * with coroutine:      amd64
   * enable shared libs:  yes
   * dynamic library ext: so
   * CFLAGS:              ${optflags} ${debugflags} ${warnflags}
   * LDFLAGS:             -L. -Wl,-z,relro -Wl,-z,now \
                          -fstack-protector-strong -rdynamic \
                          -Wl,-export-dynamic
   * DLDFLAGS:            -Wl,-z,relro -Wl,-z,now
   * optflags:            -O3
   * debugflags:          -ggdb3
   * warnflags:           -Wall -Wextra -Wdeprecated-declarations \
                          -Wdivision-by-zero \
                          -Wimplicit-function-declaration -Wimplicit-int \
                          -Wmisleading-indentation -Wpointer-arith \
                          -Wshorten-64-to-32 -Wwrite-strings \
                          -Wmissing-noreturn -Wno-cast-function-type \
                          -Wno-constant-logical-operand -Wno-long-long \
                          -Wno-missing-field-initializers \
                          -Wno-overlength-strings -Wno-parentheses-equality \
                          -Wno-self-assign -Wno-tautological-compare \
                          -Wno-unused-parameter -Wno-unused-value \
                          -Wunused-variable -Wextra-tokens
   * strip command:       strip -S -x
   * install doc:         rdoc
   * JIT support:         yes
   * man page type:       doc

---
make[1]: Leaving directory '/<<PKGBUILDDIR>>'
   debian/rules override_dh_auto_build-arch
make[1]: Entering directory '/<<PKGBUILDDIR>>'
dh_auto_build -- main V=1
	install -d /<<PKGBUILDDIR>>/debian/.debhelper/generated/_source/home
	make -j4 main V=1
make[2]: Entering directory '/<<PKGBUILDDIR>>'
	BASERUBY = echo executable host ruby is required.  use --with-baseruby option.; false
	CC = x86_64-linux-gnu-gcc -fdeclspec
	LD = x86_64-linux-gnu-ld
	LDSHARED = x86_64-linux-gnu-gcc -fdeclspec -shared
	CFLAGS = -g -O2 -ffile-prefix-map=/<<PKGBUILDDIR>>=. -fstack-protector-strong -Wformat -Werror=format-security -fPIC 
	XCFLAGS = -D_FORTIFY_SOURCE=2 -fstack-protector-strong -fno-strict-overflow -fvisibility=hidden -DRUBY_EXPORT -I. -I.ext/include/x86_64-linux-gnu -I./include -I. -I./enc/unicode/12.1.0
	CPPFLAGS = -Wdate-time -D_FORTIFY_SOURCE=2   
	DLDFLAGS = -Wl,-z,relro -Wl,-z,now -Wl,-soname,libruby-3.0.so.3.0  -fstack-protector-strong  
	SOLIBS = -lz -lpthread -lrt -lrt -lgmp -ldl -lcrypt -lm 
	LANG = C.UTF-8
	LC_ALL = C.UTF-8
	LC_CTYPE = 
	MFLAGS = -w -j4 --jobserver-auth=4,5
Debian clang version 13.0.0-8
Target: x86_64-unknown-linux-gnu
Thread model: posix
InstalledDir: /usr/bin
x86_64-linux-gnu-gcc -fdeclspec  -g -O2 -ffile-prefix-map=/<<PKGBUILDDIR>>=. -fstack-protector-strong -Wformat -Werror=format-security -fPIC  -D_FORTIFY_SOURCE=2 -fstack-protector-strong -fno-strict-overflow -fvisibility=hidden -DRUBY_EXPORT -I. -I.ext/include/x86_64-linux-gnu -I./include -I. -I./enc/unicode/12.1.0 -Wdate-time -D_FORTIFY_SOURCE=2    -o main.o -c ./main.c
x86_64-linux-gnu-gcc -fdeclspec -g -O2 -ffile-prefix-map=/<<PKGBUILDDIR>>=. -fstack-protector-strong -Wformat -Werror=format-security -fPIC  -D_FORTIFY_SOURCE=2 -fstack-protector-strong -fno-strict-overflow -fvisibility=hidden -DRUBY_EXPORT -I. -I.ext/include/x86_64-linux-gnu -I./include -I. -I./enc/unicode/12.1.0 -Wdate-time -D_FORTIFY_SOURCE=2    -o dmydln.o -c dmydln.c
x86_64-linux-gnu-gcc -fdeclspec -g -O2 -ffile-prefix-map=/<<PKGBUILDDIR>>=. -fstack-protector-strong -Wformat -Werror=format-security -fPIC  -D_FORTIFY_SOURCE=2 -fstack-protector-strong -fno-strict-overflow -fvisibility=hidden -DRUBY_EXPORT -I. -I.ext/include/x86_64-linux-gnu -I./include -I. -I./enc/unicode/12.1.0 -Wdate-time -D_FORTIFY_SOURCE=2    -o miniinit.o -c miniinit.c
x86_64-linux-gnu-gcc -fdeclspec -g -O2 -ffile-prefix-map=/<<PKGBUILDDIR>>=. -fstack-protector-strong -Wformat -Werror=format-security -fPIC  -D_FORTIFY_SOURCE=2 -fstack-protector-strong -fno-strict-overflow -fvisibility=hidden -DRUBY_EXPORT -I. -I.ext/include/x86_64-linux-gnu -I./include -I. -I./enc/unicode/12.1.0 -Wdate-time -D_FORTIFY_SOURCE=2    -o dmyext.o -c dmyext.c
dtrace  -o probes.h.tmp -h -C -I. -I.ext/include/x86_64-linux-gnu -I./include -I. -I./enc/unicode/12.1.0 -s probes.d
# 1 "probes.d"
# 1 "<built-in>" 1
# 1 "<built-in>" 3
# 343 "<built-in>" 3
# 1 "<command line>" 1
# 1 "<built-in>" 2
# 1 "probes.d" 2

# 1 "./vm_opts.h" 1
# 3 "probes.d" 2

provider ruby {
# 15 "probes.d"
  probe method__entry(const char *classname, const char *methodname, const char *filename, int lineno);






  probe method__return(const char *classname, const char *methodname, const char *filename, int lineno);







  probe cmethod__entry(const char *classname, const char *methodname, const char *filename, int lineno);






  probe cmethod__return(const char *classname, const char *methodname, const char *filename, int lineno);
# 49 "probes.d"
  probe require__entry(const char *rquiredfile, const char *filename, int lineno);
# 58 "probes.d"
  probe require__return(const char *requiredfile, const char *filename, int lineno);
# 72 "probes.d"
  probe find__require__entry(const char *requiredfile, const char *filename, int lineno);
# 81 "probes.d"
  probe find__require__return(const char *requiredfile, const char *filename, int lineno);







  probe load__entry(const char *loadedfile, const char *filename, int lineno);







  probe load__return(const char *loadedfile, const char *filename, int lineno);
# 108 "probes.d"
  probe raise(const char *classname, const char *filename, int lineno);
# 119 "probes.d"
  probe object__create(const char *classname, const char *filename, int lineno);
# 130 "probes.d"
  probe array__create(long length, const char *filename, int lineno);
# 141 "probes.d"
  probe hash__create(long length, const char *filename, int lineno);
# 152 "probes.d"
  probe string__create(long length, const char *filename, int lineno);
# 163 "probes.d"
  probe symbol__create(const char *str, const char *filename, int lineno);
# 173 "probes.d"
  probe parse__begin(const char *sourcefile, int lineno);
# 183 "probes.d"
  probe parse__end(const char *sourcefile, int lineno);
# 195 "probes.d"
  probe gc__mark__begin();






  probe gc__mark__end();






  probe gc__sweep__begin();






  probe gc__sweep__end();
};

#pragma D attributes Stable/Evolving/Common provider ruby provider
#pragma D attributes Stable/Evolving/Common provider ruby module
#pragma D attributes Stable/Evolving/Common provider ruby function
#pragma D attributes Evolving/Evolving/Common provider ruby name
#pragma D attributes Evolving/Evolving/Common provider ruby args
# 223 "probes.d"

# 1 "/tmp/tmpn501vwp5.d"
# 1 "<built-in>" 1
# 1 "<built-in>" 3
# 343 "<built-in>" 3
# 1 "<command line>" 1
# 1 "<built-in>" 2
# 1 "/tmp/tmpn501vwp5.d" 2

sed -e 's/RUBY_/RUBY_DTRACE_/g' -e 's/PROBES_H_TMP/RUBY_PROBES_H/' -e 's/(char \*/(const char */g' -e 's/, char \*/, const char */g' probes.h.tmp > probes.h
rm -f probes.h.tmp
x86_64-linux-gnu-gcc -fdeclspec -g -O2 -ffile-prefix-map=/<<PKGBUILDDIR>>=. -fstack-protector-strong -Wformat -Werror=format-security -fPIC  -D_FORTIFY_SOURCE=2 -fstack-protector-strong -fno-strict-overflow -fvisibility=hidden -DRUBY_EXPORT -I. -I.ext/include/x86_64-linux-gnu -I./include -I. -I./enc/unicode/12.1.0 -Wdate-time -D_FORTIFY_SOURCE=2    -o ast.o -c ast.c
x86_64-linux-gnu-gcc -fdeclspec -g -O2 -ffile-prefix-map=/<<PKGBUILDDIR>>=. -fstack-protector-strong -Wformat -Werror=format-security -fPIC  -D_FORTIFY_SOURCE=2 -fstack-protector-strong -fno-strict-overflow -fvisibility=hidden -DRUBY_EXPORT -I. -I.ext/include/x86_64-linux-gnu -I./include -I. -I./enc/unicode/12.1.0 -Wdate-time -D_FORTIFY_SOURCE=2    -o bignum.o -c bignum.c
x86_64-linux-gnu-gcc -fdeclspec -g -O2 -ffile-prefix-map=/<<PKGBUILDDIR>>=. -fstack-protector-strong -Wformat -Werror=format-security -fPIC  -D_FORTIFY_SOURCE=2 -fstack-protector-strong -fno-strict-overflow -fvisibility=hidden -DRUBY_EXPORT -I. -I.ext/include/x86_64-linux-gnu -I./include -I. -I./enc/unicode/12.1.0 -Wdate-time -D_FORTIFY_SOURCE=2    -o class.o -c class.c
x86_64-linux-gnu-gcc -fdeclspec -g -O2 -ffile-prefix-map=/<<PKGBUILDDIR>>=. -fstack-protector-strong -Wformat -Werror=format-security -fPIC  -D_FORTIFY_SOURCE=2 -fstack-protector-strong -fno-strict-overflow -fvisibility=hidden -DRUBY_EXPORT -I. -I.ext/include/x86_64-linux-gnu -I./include -I. -I./enc/unicode/12.1.0 -Wdate-time -D_FORTIFY_SOURCE=2    -o compar.o -c compar.c
x86_64-linux-gnu-gcc -fdeclspec -g -O2 -ffile-prefix-map=/<<PKGBUILDDIR>>=. -fstack-protector-strong -Wformat -Werror=format-security -fPIC  -D_FORTIFY_SOURCE=2 -fstack-protector-strong -fno-strict-overflow -fvisibility=hidden -DRUBY_EXPORT -I. -I.ext/include/x86_64-linux-gnu -I./include -I. -I./enc/unicode/12.1.0 -Wdate-time -D_FORTIFY_SOURCE=2    -o compile.o -c compile.c
x86_64-linux-gnu-gcc -fdeclspec -g -O2 -ffile-prefix-map=/<<PKGBUILDDIR>>=. -fstack-protector-strong -Wformat -Werror=format-security -fPIC  -D_FORTIFY_SOURCE=2 -fstack-protector-strong -fno-strict-overflow -fvisibility=hidden -DRUBY_EXPORT -I. -I.ext/include/x86_64-linux-gnu -I./include -I. -I./enc/unicode/12.1.0 -Wdate-time -D_FORTIFY_SOURCE=2    -o complex.o -c complex.c
x86_64-linux-gnu-gcc -fdeclspec -g -O2 -ffile-prefix-map=/<<PKGBUILDDIR>>=. -fstack-protector-strong -Wformat -Werror=format-security -fPIC  -D_FORTIFY_SOURCE=2 -fstack-protector-strong -fno-strict-overflow -fvisibility=hidden -DRUBY_EXPORT -I. -I.ext/include/x86_64-linux-gnu -I./include -I. -I./enc/unicode/12.1.0 -Wdate-time -D_FORTIFY_SOURCE=2    -o cont.o -c cont.c
x86_64-linux-gnu-gcc -fdeclspec -g -O2 -ffile-prefix-map=/<<PKGBUILDDIR>>=. -fstack-protector-strong -Wformat -Werror=format-security -fPIC  -D_FORTIFY_SOURCE=2 -fstack-protector-strong -fno-strict-overflow -fvisibility=hidden -DRUBY_EXPORT -I. -I.ext/include/x86_64-linux-gnu -I./include -I. -I./enc/unicode/12.1.0 -Wdate-time -D_FORTIFY_SOURCE=2    -o debug.o -c debug.c
x86_64-linux-gnu-gcc -fdeclspec -g -O2 -ffile-prefix-map=/<<PKGBUILDDIR>>=. -fstack-protector-strong -Wformat -Werror=format-security -fPIC  -D_FORTIFY_SOURCE=2 -fstack-protector-strong -fno-strict-overflow -fvisibility=hidden -DRUBY_EXPORT -I. -I.ext/include/x86_64-linux-gnu -I./include -I. -I./enc/unicode/12.1.0 -Wdate-time -D_FORTIFY_SOURCE=2    -o debug_counter.o -c debug_counter.c
x86_64-linux-gnu-gcc -fdeclspec -g -O2 -ffile-prefix-map=/<<PKGBUILDDIR>>=. -fstack-protector-strong -Wformat -Werror=format-security -fPIC  -D_FORTIFY_SOURCE=2 -fstack-protector-strong -fno-strict-overflow -fvisibility=hidden -DRUBY_EXPORT -I. -I.ext/include/x86_64-linux-gnu -I./include -I. -I./enc/unicode/12.1.0 -Wdate-time -D_FORTIFY_SOURCE=2    -o dir.o -c dir.c
x86_64-linux-gnu-gcc -fdeclspec -g -O2 -ffile-prefix-map=/<<PKGBUILDDIR>>=. -fstack-protector-strong -Wformat -Werror=format-security -fPIC  -D_FORTIFY_SOURCE=2 -fstack-protector-strong -fno-strict-overflow -fvisibility=hidden -DRUBY_EXPORT -I. -I.ext/include/x86_64-linux-gnu -I./include -I. -I./enc/unicode/12.1.0 -Wdate-time -D_FORTIFY_SOURCE=2    -o dln_find.o -c dln_find.c
x86_64-linux-gnu-gcc -fdeclspec -g -O2 -ffile-prefix-map=/<<PKGBUILDDIR>>=. -fstack-protector-strong -Wformat -Werror=format-security -fPIC  -D_FORTIFY_SOURCE=2 -fstack-protector-strong -fno-strict-overflow -fvisibility=hidden -DRUBY_EXPORT -I. -I.ext/include/x86_64-linux-gnu -I./include -I. -I./enc/unicode/12.1.0 -Wdate-time -D_FORTIFY_SOURCE=2    -o encoding.o -c encoding.c
x86_64-linux-gnu-gcc -fdeclspec -g -O2 -ffile-prefix-map=/<<PKGBUILDDIR>>=. -fstack-protector-strong -Wformat -Werror=format-security -fPIC  -D_FORTIFY_SOURCE=2 -fstack-protector-strong -fno-strict-overflow -fvisibility=hidden -DRUBY_EXPORT -I. -I.ext/include/x86_64-linux-gnu -I./include -I. -I./enc/unicode/12.1.0 -Wdate-time -D_FORTIFY_SOURCE=2    -o enum.o -c enum.c
x86_64-linux-gnu-gcc -fdeclspec -g -O2 -ffile-prefix-map=/<<PKGBUILDDIR>>=. -fstack-protector-strong -Wformat -Werror=format-security -fPIC  -D_FORTIFY_SOURCE=2 -fstack-protector-strong -fno-strict-overflow -fvisibility=hidden -DRUBY_EXPORT -I. -I.ext/include/x86_64-linux-gnu -I./include -I. -I./enc/unicode/12.1.0 -Wdate-time -D_FORTIFY_SOURCE=2    -o enumerator.o -c enumerator.c
x86_64-linux-gnu-gcc -fdeclspec -g -O2 -ffile-prefix-map=/<<PKGBUILDDIR>>=. -fstack-protector-strong -Wformat -Werror=format-security -fPIC  -D_FORTIFY_SOURCE=2 -fstack-protector-strong -fno-strict-overflow -fvisibility=hidden -DRUBY_EXPORT -I. -I.ext/include/x86_64-linux-gnu -I./include -I. -I./enc/unicode/12.1.0 -Wdate-time -D_FORTIFY_SOURCE=2    -o error.o -c error.c
x86_64-linux-gnu-gcc -fdeclspec -g -O2 -ffile-prefix-map=/<<PKGBUILDDIR>>=. -fstack-protector-strong -Wformat -Werror=format-security -fPIC  -D_FORTIFY_SOURCE=2 -fstack-protector-strong -fno-strict-overflow -fvisibility=hidden -DRUBY_EXPORT -I. -I.ext/include/x86_64-linux-gnu -I./include -I. -I./enc/unicode/12.1.0 -Wdate-time -D_FORTIFY_SOURCE=2    -o eval.o -c eval.c
eval.c:670:2: warning: implicit declaration of function 'RUBY_DTRACE_RAISE_ENABLED' is invalid in C99 [-Wimplicit-function-declaration]
        RUBY_DTRACE_HOOK(RAISE, rb_obj_classname(ec->errinfo));
        ^
./internal/vm.h:124:18: note: expanded from macro 'RUBY_DTRACE_HOOK'
    if (UNLIKELY(RUBY_DTRACE_##name##_ENABLED())) { \
                 ^
<scratch space>:32:1: note: expanded from here
RUBY_DTRACE_RAISE_ENABLED
^
eval.c:670:2: warning: implicit declaration of function 'RUBY_DTRACE_RAISE' is invalid in C99 [-Wimplicit-function-declaration]
./internal/vm.h:128:9: note: expanded from macro 'RUBY_DTRACE_HOOK'
        RUBY_DTRACE_##name(arg, dtrace_file, dtrace_line); \
        ^
<scratch space>:33:1: note: expanded from here
RUBY_DTRACE_RAISE
^
x86_64-linux-gnu-gcc -fdeclspec -g -O2 -ffile-prefix-map=/<<PKGBUILDDIR>>=. -fstack-protector-strong -Wformat -Werror=format-security -fPIC  -D_FORTIFY_SOURCE=2 -fstack-protector-strong -fno-strict-overflow -fvisibility=hidden -DRUBY_EXPORT -I. -I.ext/include/x86_64-linux-gnu -I./include -I. -I./enc/unicode/12.1.0 -Wdate-time -D_FORTIFY_SOURCE=2    -o file.o -c file.c
x86_64-linux-gnu-gcc -fdeclspec -g -O2 -ffile-prefix-map=/<<PKGBUILDDIR>>=. -fstack-protector-strong -Wformat -Werror=format-security -fPIC  -D_FORTIFY_SOURCE=2 -fstack-protector-strong -fno-strict-overflow -fvisibility=hidden -DRUBY_EXPORT -I. -I.ext/include/x86_64-linux-gnu -I./include -I. -I./enc/unicode/12.1.0 -Wdate-time -D_FORTIFY_SOURCE=2    -o gc.o -c gc.c
2 warnings generated.
x86_64-linux-gnu-gcc -fdeclspec -g -O2 -ffile-prefix-map=/<<PKGBUILDDIR>>=. -fstack-protector-strong -Wformat -Werror=format-security -fPIC  -D_FORTIFY_SOURCE=2 -fstack-protector-strong -fno-strict-overflow -fvisibility=hidden -DRUBY_EXPORT -I. -I.ext/include/x86_64-linux-gnu -I./include -I. -I./enc/unicode/12.1.0 -Wdate-time -D_FORTIFY_SOURCE=2    -o hash.o -c hash.c
hash.c:1551:5: warning: implicit declaration of function 'RUBY_DTRACE_HASH_CREATE_ENABLED' is invalid in C99 [-Wimplicit-function-declaration]
    RUBY_DTRACE_CREATE_HOOK(HASH, 0);
    ^
./internal/vm.h:121:5: note: expanded from macro 'RUBY_DTRACE_CREATE_HOOK'
    RUBY_DTRACE_HOOK(name##_CREATE, arg)
    ^
./internal/vm.h:124:18: note: expanded from macro 'RUBY_DTRACE_HOOK'
    if (UNLIKELY(RUBY_DTRACE_##name##_ENABLED())) { \
                 ^
<scratch space>:87:1: note: expanded from here
RUBY_DTRACE_HASH_CREATE_ENABLED
^
hash.c:1551:5: warning: implicit declaration of function 'RUBY_DTRACE_HASH_CREATE' is invalid in C99 [-Wimplicit-function-declaration]
./internal/vm.h:121:5: note: expanded from macro 'RUBY_DTRACE_CREATE_HOOK'
    RUBY_DTRACE_HOOK(name##_CREATE, arg)
    ^
./internal/vm.h:128:9: note: expanded from macro 'RUBY_DTRACE_HOOK'
        RUBY_DTRACE_##name(arg, dtrace_file, dtrace_line); \
        ^
<scratch space>:88:1: note: expanded from here
RUBY_DTRACE_HASH_CREATE
^
gc.c:11658:5: warning: implicit declaration of function 'RUBY_DTRACE_GC_MARK_BEGIN_ENABLED' is invalid in C99 [-Wimplicit-function-declaration]
    RUBY_DTRACE_GC_HOOK(MARK_BEGIN);
    ^
gc.c:11654:13: note: expanded from macro 'RUBY_DTRACE_GC_HOOK'
    do {if (RUBY_DTRACE_GC_##name##_ENABLED()) RUBY_DTRACE_GC_##name();} while (0)
            ^
<scratch space>:26:1: note: expanded from here
RUBY_DTRACE_GC_MARK_BEGIN_ENABLED
^
gc.c:11658:5: warning: implicit declaration of function 'RUBY_DTRACE_GC_MARK_BEGIN' is invalid in C99 [-Wimplicit-function-declaration]
gc.c:11654:48: note: expanded from macro 'RUBY_DTRACE_GC_HOOK'
    do {if (RUBY_DTRACE_GC_##name##_ENABLED()) RUBY_DTRACE_GC_##name();} while (0)
                                               ^
<scratch space>:27:1: note: expanded from here
RUBY_DTRACE_GC_MARK_BEGIN
^
gc.c:11669:5: warning: implicit declaration of function 'RUBY_DTRACE_GC_MARK_END_ENABLED' is invalid in C99 [-Wimplicit-function-declaration]
    RUBY_DTRACE_GC_HOOK(MARK_END);
    ^
gc.c:11654:13: note: expanded from macro 'RUBY_DTRACE_GC_HOOK'
    do {if (RUBY_DTRACE_GC_##name##_ENABLED()) RUBY_DTRACE_GC_##name();} while (0)
            ^
<scratch space>:29:1: note: expanded from here
RUBY_DTRACE_GC_MARK_END_ENABLED
^
gc.c:11669:5: warning: implicit declaration of function 'RUBY_DTRACE_GC_MARK_END' is invalid in C99 [-Wimplicit-function-declaration]
gc.c:11654:48: note: expanded from macro 'RUBY_DTRACE_GC_HOOK'
    do {if (RUBY_DTRACE_GC_##name##_ENABLED()) RUBY_DTRACE_GC_##name();} while (0)
                                               ^
<scratch space>:30:1: note: expanded from here
RUBY_DTRACE_GC_MARK_END
^
gc.c:11681:5: warning: implicit declaration of function 'RUBY_DTRACE_GC_SWEEP_BEGIN_ENABLED' is invalid in C99 [-Wimplicit-function-declaration]
    RUBY_DTRACE_GC_HOOK(SWEEP_BEGIN);
    ^
gc.c:11654:13: note: expanded from macro 'RUBY_DTRACE_GC_HOOK'
    do {if (RUBY_DTRACE_GC_##name##_ENABLED()) RUBY_DTRACE_GC_##name();} while (0)
            ^
<scratch space>:32:1: note: expanded from here
RUBY_DTRACE_GC_SWEEP_BEGIN_ENABLED
^
gc.c:11681:5: warning: implicit declaration of function 'RUBY_DTRACE_GC_SWEEP_BEGIN' is invalid in C99 [-Wimplicit-function-declaration]
gc.c:11654:48: note: expanded from macro 'RUBY_DTRACE_GC_HOOK'
    do {if (RUBY_DTRACE_GC_##name##_ENABLED()) RUBY_DTRACE_GC_##name();} while (0)
                                               ^
<scratch space>:33:1: note: expanded from here
RUBY_DTRACE_GC_SWEEP_BEGIN
^
gc.c:11694:5: warning: implicit declaration of function 'RUBY_DTRACE_GC_SWEEP_END_ENABLED' is invalid in C99 [-Wimplicit-function-declaration]
    RUBY_DTRACE_GC_HOOK(SWEEP_END);
    ^
gc.c:11654:13: note: expanded from macro 'RUBY_DTRACE_GC_HOOK'
    do {if (RUBY_DTRACE_GC_##name##_ENABLED()) RUBY_DTRACE_GC_##name();} while (0)
            ^
<scratch space>:35:1: note: expanded from here
RUBY_DTRACE_GC_SWEEP_END_ENABLED
^
gc.c:11694:5: warning: implicit declaration of function 'RUBY_DTRACE_GC_SWEEP_END' is invalid in C99 [-Wimplicit-function-declaration]
gc.c:11654:48: note: expanded from macro 'RUBY_DTRACE_GC_HOOK'
    do {if (RUBY_DTRACE_GC_##name##_ENABLED()) RUBY_DTRACE_GC_##name();} while (0)
                                               ^
<scratch space>:36:1: note: expanded from here
RUBY_DTRACE_GC_SWEEP_END
^
x86_64-linux-gnu-gcc -fdeclspec -g -O2 -ffile-prefix-map=/<<PKGBUILDDIR>>=. -fstack-protector-strong -Wformat -Werror=format-security -fPIC  -D_FORTIFY_SOURCE=2 -fstack-protector-strong -fno-strict-overflow -fvisibility=hidden -DRUBY_EXPORT -I. -I.ext/include/x86_64-linux-gnu -I./include -I. -I./enc/unicode/12.1.0 -Wdate-time -D_FORTIFY_SOURCE=2    -o inits.o -c inits.c
x86_64-linux-gnu-gcc -fdeclspec -g -O2 -ffile-prefix-map=/<<PKGBUILDDIR>>=. -fstack-protector-strong -Wformat -Werror=format-security -fPIC  -D_FORTIFY_SOURCE=2 -fstack-protector-strong -fno-strict-overflow -fvisibility=hidden -DRUBY_EXPORT -I. -I.ext/include/x86_64-linux-gnu -I./include -I. -I./enc/unicode/12.1.0 -Wdate-time -D_FORTIFY_SOURCE=2    -o io.o -c io.c
2 warnings generated.
x86_64-linux-gnu-gcc -fdeclspec -g -O2 -ffile-prefix-map=/<<PKGBUILDDIR>>=. -fstack-protector-strong -Wformat -Werror=format-security -fPIC  -D_FORTIFY_SOURCE=2 -fstack-protector-strong -fno-strict-overflow -fvisibility=hidden -DRUBY_EXPORT -I. -I.ext/include/x86_64-linux-gnu -I./include -I. -I./enc/unicode/12.1.0 -Wdate-time -D_FORTIFY_SOURCE=2    -o iseq.o -c iseq.c
x86_64-linux-gnu-gcc -fdeclspec -g -O2 -ffile-prefix-map=/<<PKGBUILDDIR>>=. -fstack-protector-strong -Wformat -Werror=format-security -fPIC  -D_FORTIFY_SOURCE=2 -fstack-protector-strong -fno-strict-overflow -fvisibility=hidden -DRUBY_EXPORT -I. -I.ext/include/x86_64-linux-gnu -I./include -I. -I./enc/unicode/12.1.0 -Wdate-time -D_FORTIFY_SOURCE=2    -o load.o -c load.c
load.c:718:5: warning: implicit declaration of function 'RUBY_DTRACE_LOAD_ENTRY_ENABLED' is invalid in C99 [-Wimplicit-function-declaration]
    RUBY_DTRACE_HOOK(LOAD_ENTRY, RSTRING_PTR(orig_fname));
    ^
./internal/vm.h:124:18: note: expanded from macro 'RUBY_DTRACE_HOOK'
    if (UNLIKELY(RUBY_DTRACE_##name##_ENABLED())) { \
                 ^
<scratch space>:229:1: note: expanded from here
RUBY_DTRACE_LOAD_ENTRY_ENABLED
^
load.c:718:5: warning: implicit declaration of function 'RUBY_DTRACE_LOAD_ENTRY' is invalid in C99 [-Wimplicit-function-declaration]
./internal/vm.h:128:9: note: expanded from macro 'RUBY_DTRACE_HOOK'
        RUBY_DTRACE_##name(arg, dtrace_file, dtrace_line); \
        ^
<scratch space>:230:1: note: expanded from here
RUBY_DTRACE_LOAD_ENTRY
^
load.c:728:5: warning: implicit declaration of function 'RUBY_DTRACE_LOAD_RETURN_ENABLED' is invalid in C99 [-Wimplicit-function-declaration]
    RUBY_DTRACE_HOOK(LOAD_RETURN, RSTRING_PTR(orig_fname));
    ^
./internal/vm.h:124:18: note: expanded from macro 'RUBY_DTRACE_HOOK'
    if (UNLIKELY(RUBY_DTRACE_##name##_ENABLED())) { \
                 ^
<scratch space>:232:1: note: expanded from here
RUBY_DTRACE_LOAD_RETURN_ENABLED
^
load.c:728:5: warning: implicit declaration of function 'RUBY_DTRACE_LOAD_RETURN' is invalid in C99 [-Wimplicit-function-declaration]
./internal/vm.h:128:9: note: expanded from macro 'RUBY_DTRACE_HOOK'
        RUBY_DTRACE_##name(arg, dtrace_file, dtrace_line); \
        ^
<scratch space>:233:1: note: expanded from here
RUBY_DTRACE_LOAD_RETURN
^
load.c:1042:5: warning: implicit declaration of function 'RUBY_DTRACE_REQUIRE_ENTRY_ENABLED' is invalid in C99 [-Wimplicit-function-declaration]
    RUBY_DTRACE_HOOK(REQUIRE_ENTRY, RSTRING_PTR(fname));
    ^
./internal/vm.h:124:18: note: expanded from macro 'RUBY_DTRACE_HOOK'
    if (UNLIKELY(RUBY_DTRACE_##name##_ENABLED())) { \
                 ^
<scratch space>:235:1: note: expanded from here
RUBY_DTRACE_REQUIRE_ENTRY_ENABLED
^
load.c:1042:5: warning: implicit declaration of function 'RUBY_DTRACE_REQUIRE_ENTRY' is invalid in C99 [-Wimplicit-function-declaration]
./internal/vm.h:128:9: note: expanded from macro 'RUBY_DTRACE_HOOK'
        RUBY_DTRACE_##name(arg, dtrace_file, dtrace_line); \
        ^
<scratch space>:236:1: note: expanded from here
RUBY_DTRACE_REQUIRE_ENTRY
^
load.c:1051:2: warning: implicit declaration of function 'RUBY_DTRACE_FIND_REQUIRE_ENTRY_ENABLED' is invalid in C99 [-Wimplicit-function-declaration]
        RUBY_DTRACE_HOOK(FIND_REQUIRE_ENTRY, RSTRING_PTR(fname));
        ^
./internal/vm.h:124:18: note: expanded from macro 'RUBY_DTRACE_HOOK'
    if (UNLIKELY(RUBY_DTRACE_##name##_ENABLED())) { \
                 ^
<scratch space>:238:1: note: expanded from here
RUBY_DTRACE_FIND_REQUIRE_ENTRY_ENABLED
^
load.c:1051:2: warning: implicit declaration of function 'RUBY_DTRACE_FIND_REQUIRE_ENTRY' is invalid in C99 [-Wimplicit-function-declaration]
./internal/vm.h:128:9: note: expanded from macro 'RUBY_DTRACE_HOOK'
        RUBY_DTRACE_##name(arg, dtrace_file, dtrace_line); \
        ^
<scratch space>:239:1: note: expanded from here
RUBY_DTRACE_FIND_REQUIRE_ENTRY
^
load.c:1053:2: warning: implicit declaration of function 'RUBY_DTRACE_FIND_REQUIRE_RETURN_ENABLED' is invalid in C99 [-Wimplicit-function-declaration]
        RUBY_DTRACE_HOOK(FIND_REQUIRE_RETURN, RSTRING_PTR(fname));
        ^
./internal/vm.h:124:18: note: expanded from macro 'RUBY_DTRACE_HOOK'
    if (UNLIKELY(RUBY_DTRACE_##name##_ENABLED())) { \
                 ^
<scratch space>:241:1: note: expanded from here
RUBY_DTRACE_FIND_REQUIRE_RETURN_ENABLED
^
load.c:1053:2: warning: implicit declaration of function 'RUBY_DTRACE_FIND_REQUIRE_RETURN' is invalid in C99 [-Wimplicit-function-declaration]
./internal/vm.h:128:9: note: expanded from macro 'RUBY_DTRACE_HOOK'
        RUBY_DTRACE_##name(arg, dtrace_file, dtrace_line); \
        ^
<scratch space>:242:1: note: expanded from here
RUBY_DTRACE_FIND_REQUIRE_RETURN
^
load.c:1115:5: warning: implicit declaration of function 'RUBY_DTRACE_REQUIRE_RETURN_ENABLED' is invalid in C99 [-Wimplicit-function-declaration]
    RUBY_DTRACE_HOOK(REQUIRE_RETURN, RSTRING_PTR(fname));
    ^
./internal/vm.h:124:18: note: expanded from macro 'RUBY_DTRACE_HOOK'
    if (UNLIKELY(RUBY_DTRACE_##name##_ENABLED())) { \
                 ^
<scratch space>:2:1: note: expanded from here
RUBY_DTRACE_REQUIRE_RETURN_ENABLED
^
load.c:1115:5: warning: implicit declaration of function 'RUBY_DTRACE_REQUIRE_RETURN' is invalid in C99 [-Wimplicit-function-declaration]
./internal/vm.h:128:9: note: expanded from macro 'RUBY_DTRACE_HOOK'
        RUBY_DTRACE_##name(arg, dtrace_file, dtrace_line); \
        ^
<scratch space>:3:1: note: expanded from here
RUBY_DTRACE_REQUIRE_RETURN
^
12 warnings generated.
x86_64-linux-gnu-gcc -fdeclspec -g -O2 -ffile-prefix-map=/<<PKGBUILDDIR>>=. -fstack-protector-strong -Wformat -Werror=format-security -fPIC  -D_FORTIFY_SOURCE=2 -fstack-protector-strong -fno-strict-overflow -fvisibility=hidden -DRUBY_EXPORT -I. -I.ext/include/x86_64-linux-gnu -I./include -I. -I./enc/unicode/12.1.0 -Wdate-time -D_FORTIFY_SOURCE=2    -o marshal.o -c marshal.c
x86_64-linux-gnu-gcc -fdeclspec -g -O2 -ffile-prefix-map=/<<PKGBUILDDIR>>=. -fstack-protector-strong -Wformat -Werror=format-security -fPIC  -D_FORTIFY_SOURCE=2 -fstack-protector-strong -fno-strict-overflow -fvisibility=hidden -DRUBY_EXPORT -I. -I.ext/include/x86_64-linux-gnu -I./include -I. -I./enc/unicode/12.1.0 -Wdate-time -D_FORTIFY_SOURCE=2    -o math.o -c math.c
8 warnings generated.
x86_64-linux-gnu-gcc -fdeclspec -g -O2 -ffile-prefix-map=/<<PKGBUILDDIR>>=. -fstack-protector-strong -Wformat -Werror=format-security -fPIC  -D_FORTIFY_SOURCE=2 -fstack-protector-strong -fno-strict-overflow -fvisibility=hidden -DRUBY_EXPORT -I. -I.ext/include/x86_64-linux-gnu -I./include -I. -I./enc/unicode/12.1.0 -Wdate-time -D_FORTIFY_SOURCE=2    -o memory_view.o -c memory_view.c
+ echo #ifndef RUBY_MJIT_CONFIG_H
+ echo #define RUBY_MJIT_CONFIG_H 1
+ echo
+ sep=
+ echo #ifdef LOAD_RELATIVE
+ quote MJIT_HEADER_INSTALL_DIR /include/x86_64-linux-gnu/ruby-3.0.0
+ printf #define MJIT_HEADER_INSTALL_DIR
+ shift
+ printf  "%s" /include/x86_64-linux-gnu/ruby-3.0.0
+ echo
+ echo #else
+ quote MJIT_HEADER_INSTALL_DIR /usr/include/x86_64-linux-gnu/ruby-3.0.0
+ printf #define MJIT_HEADER_INSTALL_DIR
+ shift
+ printf  "%s" /usr/include/x86_64-linux-gnu/ruby-3.0.0
+ echo
+ echo #endif
+ quote MJIT_MIN_HEADER_NAME rb_mjit_min_header-3.0.2.h
+ printf #define MJIT_MIN_HEADER_NAME
+ shift
+ printf  "%s" rb_mjit_min_header-3.0.2.h
+ echo
+ sep=,
+ quote MJIT_CC_COMMON   /usr/bin/x86_64-linux-gnu-gcc -fdeclspec
+ printf #define MJIT_CC_COMMON  
+ shift
+ printf  "%s", /usr/bin/x86_64-linux-gnu-gcc -fdeclspec
+ echo
+ quote MJIT_CFLAGS      MJIT_ARCHFLAG -w
+ printf #define MJIT_CFLAGS      MJIT_ARCHFLAG
+ shift
+ printf  "%s", -w
+ echo
+ quote MJIT_OPTFLAGS    -O3
+ printf #define MJIT_OPTFLAGS   
+ shift
+ printf  "%s", -O3
+ echo
+ quote MJIT_DEBUGFLAGS  -ggdb3
+ printf #define MJIT_DEBUGFLAGS 
+ shift
+ printf  "%s", -ggdb3
+ echo
+ quote MJIT_LDSHARED    /usr/bin/x86_64-linux-gnu-gcc -fdeclspec -shared
+ printf #define MJIT_LDSHARED   
+ shift
+ printf  "%s", /usr/bin/x86_64-linux-gnu-gcc -fdeclspec -shared
+ echo
+ quote MJIT_DLDFLAGS    MJIT_ARCHFLAG -Wl,-z,relro -Wl,-z,now
+ printf #define MJIT_DLDFLAGS    MJIT_ARCHFLAG
+ shift
+ printf  "%s", -Wl,-z,relro -Wl,-z,now
+ echo
+ quote MJIT_LIBS        -lruby-3.0
+ printf #define MJIT_LIBS       
+ shift
+ printf  "%s", -lruby-3.0
+ echo
+ quote PRELOADENV       "LD_PRELOAD"
+ printf #define PRELOADENV       "LD_PRELOAD"
+ shift
+ 
+ echo
+ indent=
+ define_arch_flags
+ 
+ 
+ quote MJIT_ARCHFLAG    /* no flag */
+ printf #define MJIT_ARCHFLAG    /* no flag */
+ shift
+ 
+ echo
+ 
+ echo
+ echo #endif /* RUBY_MJIT_CONFIG_H */
x86_64-linux-gnu-gcc -fdeclspec -g -O2 -ffile-prefix-map=/<<PKGBUILDDIR>>=. -fstack-protector-strong -Wformat -Werror=format-security -fPIC  -D_FORTIFY_SOURCE=2 -fstack-protector-strong -fno-strict-overflow -fvisibility=hidden -DRUBY_EXPORT -I. -I.ext/include/x86_64-linux-gnu -I./include -I. -I./enc/unicode/12.1.0 -Wdate-time -D_FORTIFY_SOURCE=2    -o mjit_compile.o -c mjit_compile.c
x86_64-linux-gnu-gcc -fdeclspec -g -O2 -ffile-prefix-map=/<<PKGBUILDDIR>>=. -fstack-protector-strong -Wformat -Werror=format-security -fPIC  -D_FORTIFY_SOURCE=2 -fstack-protector-strong -fno-strict-overflow -fvisibility=hidden -DRUBY_EXPORT -I. -I.ext/include/x86_64-linux-gnu -I./include -I. -I./enc/unicode/12.1.0 -Wdate-time -D_FORTIFY_SOURCE=2    -o node.o -c node.c
x86_64-linux-gnu-gcc -fdeclspec -g -O2 -ffile-prefix-map=/<<PKGBUILDDIR>>=. -fstack-protector-strong -Wformat -Werror=format-security -fPIC  -D_FORTIFY_SOURCE=2 -fstack-protector-strong -fno-strict-overflow -fvisibility=hidden -DRUBY_EXPORT -I. -I.ext/include/x86_64-linux-gnu -I./include -I. -I./enc/unicode/12.1.0 -Wdate-time -D_FORTIFY_SOURCE=2    -o numeric.o -c numeric.c
x86_64-linux-gnu-gcc -fdeclspec -g -O2 -ffile-prefix-map=/<<PKGBUILDDIR>>=. -fstack-protector-strong -Wformat -Werror=format-security -fPIC  -D_FORTIFY_SOURCE=2 -fstack-protector-strong -fno-strict-overflow -fvisibility=hidden -DRUBY_EXPORT -I. -I.ext/include/x86_64-linux-gnu -I./include -I. -I./enc/unicode/12.1.0 -Wdate-time -D_FORTIFY_SOURCE=2    -o object.o -c object.c
x86_64-linux-gnu-gcc -fdeclspec -g -O2 -ffile-prefix-map=/<<PKGBUILDDIR>>=. -fstack-protector-strong -Wformat -Werror=format-security -fPIC  -D_FORTIFY_SOURCE=2 -fstack-protector-strong -fno-strict-overflow -fvisibility=hidden -DRUBY_EXPORT -I. -I.ext/include/x86_64-linux-gnu -I./include -I. -I./enc/unicode/12.1.0 -Wdate-time -D_FORTIFY_SOURCE=2    -o pack.o -c pack.c
object.c:2062:5: warning: implicit declaration of function 'RUBY_DTRACE_OBJECT_CREATE_ENABLED' is invalid in C99 [-Wimplicit-function-declaration]
    RUBY_DTRACE_CREATE_HOOK(OBJECT, rb_class2name(klass));
    ^
./internal/vm.h:121:5: note: expanded from macro 'RUBY_DTRACE_CREATE_HOOK'
    RUBY_DTRACE_HOOK(name##_CREATE, arg)
    ^
./internal/vm.h:124:18: note: expanded from macro 'RUBY_DTRACE_HOOK'
    if (UNLIKELY(RUBY_DTRACE_##name##_ENABLED())) { \
                 ^
<scratch space>:296:1: note: expanded from here
RUBY_DTRACE_OBJECT_CREATE_ENABLED
^
object.c:2062:5: warning: implicit declaration of function 'RUBY_DTRACE_OBJECT_CREATE' is invalid in C99 [-Wimplicit-function-declaration]
./internal/vm.h:121:5: note: expanded from macro 'RUBY_DTRACE_CREATE_HOOK'
    RUBY_DTRACE_HOOK(name##_CREATE, arg)
    ^
./internal/vm.h:128:9: note: expanded from macro 'RUBY_DTRACE_HOOK'
        RUBY_DTRACE_##name(arg, dtrace_file, dtrace_line); \
        ^
<scratch space>:297:1: note: expanded from here
RUBY_DTRACE_OBJECT_CREATE
^
x86_64-linux-gnu-gcc -fdeclspec -g -O2 -ffile-prefix-map=/<<PKGBUILDDIR>>=. -fstack-protector-strong -Wformat -Werror=format-security -fPIC  -D_FORTIFY_SOURCE=2 -fstack-protector-strong -fno-strict-overflow -fvisibility=hidden -DRUBY_EXPORT -I. -I.ext/include/x86_64-linux-gnu -I./include -I. -I./enc/unicode/12.1.0 -Wdate-time -D_FORTIFY_SOURCE=2    -o parse.o -c parse.c
x86_64-linux-gnu-gcc -fdeclspec -g -O2 -ffile-prefix-map=/<<PKGBUILDDIR>>=. -fstack-protector-strong -Wformat -Werror=format-security -fPIC  -D_FORTIFY_SOURCE=2 -fstack-protector-strong -fno-strict-overflow -fvisibility=hidden -DRUBY_EXPORT -I. -I.ext/include/x86_64-linux-gnu -I./include -I. -I./enc/unicode/12.1.0 -Wdate-time -D_FORTIFY_SOURCE=2    -o proc.o -c proc.c
2 warnings generated.
x86_64-linux-gnu-gcc -fdeclspec -g -O2 -ffile-prefix-map=/<<PKGBUILDDIR>>=. -fstack-protector-strong -Wformat -Werror=format-security -fPIC  -D_FORTIFY_SOURCE=2 -fstack-protector-strong -fno-strict-overflow -fvisibility=hidden -DRUBY_EXPORT -I. -I.ext/include/x86_64-linux-gnu -I./include -I. -I./enc/unicode/12.1.0 -Wdate-time -D_FORTIFY_SOURCE=2    -o process.o -c process.c
x86_64-linux-gnu-gcc -fdeclspec -g -O2 -ffile-prefix-map=/<<PKGBUILDDIR>>=. -fstack-protector-strong -Wformat -Werror=format-security -fPIC  -D_FORTIFY_SOURCE=2 -fstack-protector-strong -fno-strict-overflow -fvisibility=hidden -DRUBY_EXPORT -I. -I.ext/include/x86_64-linux-gnu -I./include -I. -I./enc/unicode/12.1.0 -Wdate-time -D_FORTIFY_SOURCE=2    -o ractor.o -c ractor.c
parse.y:6179:5: warning: implicit declaration of function 'RUBY_DTRACE_PARSE_BEGIN_ENABLED' is invalid in C99 [-Wimplicit-function-declaration]
    RUBY_DTRACE_PARSE_HOOK(BEGIN);
    ^
parse.y:6176:9: note: expanded from macro 'RUBY_DTRACE_PARSE_HOOK'
    if (RUBY_DTRACE_PARSE_##name##_ENABLED()) { \
        ^
<scratch space>:146:1: note: expanded from here
RUBY_DTRACE_PARSE_BEGIN_ENABLED
^
parse.y:6179:5: warning: implicit declaration of function 'RUBY_DTRACE_PARSE_BEGIN' is invalid in C99 [-Wimplicit-function-declaration]
parse.y:6177:2: note: expanded from macro 'RUBY_DTRACE_PARSE_HOOK'
        RUBY_DTRACE_PARSE_##name(p->ruby_sourcefile, p->ruby_sourceline); \
        ^
<scratch space>:147:1: note: expanded from here
RUBY_DTRACE_PARSE_BEGIN
^
parse.y:6181:5: warning: implicit declaration of function 'RUBY_DTRACE_PARSE_END_ENABLED' is invalid in C99 [-Wimplicit-function-declaration]
    RUBY_DTRACE_PARSE_HOOK(END);
    ^
parse.y:6176:9: note: expanded from macro 'RUBY_DTRACE_PARSE_HOOK'
    if (RUBY_DTRACE_PARSE_##name##_ENABLED()) { \
        ^
<scratch space>:149:1: note: expanded from here
RUBY_DTRACE_PARSE_END_ENABLED
^
parse.y:6181:5: warning: implicit declaration of function 'RUBY_DTRACE_PARSE_END' is invalid in C99 [-Wimplicit-function-declaration]
parse.y:6177:2: note: expanded from macro 'RUBY_DTRACE_PARSE_HOOK'
        RUBY_DTRACE_PARSE_##name(p->ruby_sourcefile, p->ruby_sourceline); \
        ^
<scratch space>:150:1: note: expanded from here
RUBY_DTRACE_PARSE_END
^
x86_64-linux-gnu-gcc -fdeclspec -g -O2 -ffile-prefix-map=/<<PKGBUILDDIR>>=. -fstack-protector-strong -Wformat -Werror=format-security -fPIC  -D_FORTIFY_SOURCE=2 -fstack-protector-strong -fno-strict-overflow -fvisibility=hidden -DRUBY_EXPORT -I. -I.ext/include/x86_64-linux-gnu -I./include -I. -I./enc/unicode/12.1.0 -Wdate-time -D_FORTIFY_SOURCE=2    -o random.o -c random.c
x86_64-linux-gnu-gcc -fdeclspec -g -O2 -ffile-prefix-map=/<<PKGBUILDDIR>>=. -fstack-protector-strong -Wformat -Werror=format-security -fPIC  -D_FORTIFY_SOURCE=2 -fstack-protector-strong -fno-strict-overflow -fvisibility=hidden -DRUBY_EXPORT -I. -I.ext/include/x86_64-linux-gnu -I./include -I. -I./enc/unicode/12.1.0 -Wdate-time -D_FORTIFY_SOURCE=2    -o range.o -c range.c
x86_64-linux-gnu-gcc -fdeclspec -g -O2 -ffile-prefix-map=/<<PKGBUILDDIR>>=. -fstack-protector-strong -Wformat -Werror=format-security -fPIC  -D_FORTIFY_SOURCE=2 -fstack-protector-strong -fno-strict-overflow -fvisibility=hidden -DRUBY_EXPORT -I. -I.ext/include/x86_64-linux-gnu -I./include -I. -I./enc/unicode/12.1.0 -Wdate-time -D_FORTIFY_SOURCE=2    -o rational.o -c rational.c
x86_64-linux-gnu-gcc -fdeclspec -g -O2 -ffile-prefix-map=/<<PKGBUILDDIR>>=. -fstack-protector-strong -Wformat -Werror=format-security -fPIC  -D_FORTIFY_SOURCE=2 -fstack-protector-strong -fno-strict-overflow -fvisibility=hidden -DRUBY_EXPORT -I. -I.ext/include/x86_64-linux-gnu -I./include -I. -I./enc/unicode/12.1.0 -Wdate-time -D_FORTIFY_SOURCE=2    -o re.o -c re.c
x86_64-linux-gnu-gcc -fdeclspec -g -O2 -ffile-prefix-map=/<<PKGBUILDDIR>>=. -fstack-protector-strong -Wformat -Werror=format-security -fPIC  -D_FORTIFY_SOURCE=2 -fstack-protector-strong -fno-strict-overflow -fvisibility=hidden -DRUBY_EXPORT -I. -I.ext/include/x86_64-linux-gnu -I./include -I. -I./enc/unicode/12.1.0 -Wdate-time -D_FORTIFY_SOURCE=2    -o regcomp.o -c regcomp.c
x86_64-linux-gnu-gcc -fdeclspec -g -O2 -ffile-prefix-map=/<<PKGBUILDDIR>>=. -fstack-protector-strong -Wformat -Werror=format-security -fPIC  -D_FORTIFY_SOURCE=2 -fstack-protector-strong -fno-strict-overflow -fvisibility=hidden -DRUBY_EXPORT -I. -I.ext/include/x86_64-linux-gnu -I./include -I. -I./enc/unicode/12.1.0 -Wdate-time -D_FORTIFY_SOURCE=2    -o regenc.o -c regenc.c
x86_64-linux-gnu-gcc -fdeclspec -g -O2 -ffile-prefix-map=/<<PKGBUILDDIR>>=. -fstack-protector-strong -Wformat -Werror=format-security -fPIC  -D_FORTIFY_SOURCE=2 -fstack-protector-strong -fno-strict-overflow -fvisibility=hidden -DRUBY_EXPORT -I. -I.ext/include/x86_64-linux-gnu -I./include -I. -I./enc/unicode/12.1.0 -Wdate-time -D_FORTIFY_SOURCE=2    -o regerror.o -c regerror.c
x86_64-linux-gnu-gcc -fdeclspec -g -O2 -ffile-prefix-map=/<<PKGBUILDDIR>>=. -fstack-protector-strong -Wformat -Werror=format-security -fPIC  -D_FORTIFY_SOURCE=2 -fstack-protector-strong -fno-strict-overflow -fvisibility=hidden -DRUBY_EXPORT -I. -I.ext/include/x86_64-linux-gnu -I./include -I. -I./enc/unicode/12.1.0 -Wdate-time -D_FORTIFY_SOURCE=2    -o regexec.o -c regexec.c
x86_64-linux-gnu-gcc -fdeclspec -g -O2 -ffile-prefix-map=/<<PKGBUILDDIR>>=. -fstack-protector-strong -Wformat -Werror=format-security -fPIC  -D_FORTIFY_SOURCE=2 -fstack-protector-strong -fno-strict-overflow -fvisibility=hidden -DRUBY_EXPORT -I. -I.ext/include/x86_64-linux-gnu -I./include -I. -I./enc/unicode/12.1.0 -Wdate-time -D_FORTIFY_SOURCE=2    -o regparse.o -c regparse.c
x86_64-linux-gnu-gcc -fdeclspec -g -O2 -ffile-prefix-map=/<<PKGBUILDDIR>>=. -fstack-protector-strong -Wformat -Werror=format-security -fPIC  -D_FORTIFY_SOURCE=2 -fstack-protector-strong -fno-strict-overflow -fvisibility=hidden -DRUBY_EXPORT -I. -I.ext/include/x86_64-linux-gnu -I./include -I. -I./enc/unicode/12.1.0 -Wdate-time -D_FORTIFY_SOURCE=2    -o regsyntax.o -c regsyntax.c
x86_64-linux-gnu-gcc -fdeclspec -g -O2 -ffile-prefix-map=/<<PKGBUILDDIR>>=. -fstack-protector-strong -Wformat -Werror=format-security -fPIC  -D_FORTIFY_SOURCE=2 -fstack-protector-strong -fno-strict-overflow -fvisibility=hidden -DRUBY_EXPORT -I. -I.ext/include/x86_64-linux-gnu -I./include -I. -I./enc/unicode/12.1.0 -Wdate-time -D_FORTIFY_SOURCE=2    -o ruby.o -c ruby.c
4 warnings generated.
x86_64-linux-gnu-gcc -fdeclspec -g -O2 -ffile-prefix-map=/<<PKGBUILDDIR>>=. -fstack-protector-strong -Wformat -Werror=format-security -fPIC  -D_FORTIFY_SOURCE=2 -fstack-protector-strong -fno-strict-overflow -fvisibility=hidden -DRUBY_EXPORT -I. -I.ext/include/x86_64-linux-gnu -I./include -I. -I./enc/unicode/12.1.0 -Wdate-time -D_FORTIFY_SOURCE=2    -o scheduler.o -c scheduler.c
x86_64-linux-gnu-gcc -fdeclspec -g -O2 -ffile-prefix-map=/<<PKGBUILDDIR>>=. -fstack-protector-strong -Wformat -Werror=format-security -fPIC  -D_FORTIFY_SOURCE=2 -fstack-protector-strong -fno-strict-overflow -fvisibility=hidden -DRUBY_EXPORT -I. -I.ext/include/x86_64-linux-gnu -I./include -I. -I./enc/unicode/12.1.0 -Wdate-time -D_FORTIFY_SOURCE=2    -o signal.o -c signal.c
x86_64-linux-gnu-gcc -fdeclspec -g -O2 -ffile-prefix-map=/<<PKGBUILDDIR>>=. -fstack-protector-strong -Wformat -Werror=format-security -fPIC  -D_FORTIFY_SOURCE=2 -fstack-protector-strong -fno-strict-overflow -fvisibility=hidden -DRUBY_EXPORT -I. -I.ext/include/x86_64-linux-gnu -I./include -I. -I./enc/unicode/12.1.0 -Wdate-time -D_FORTIFY_SOURCE=2    -o sprintf.o -c sprintf.c
x86_64-linux-gnu-gcc -fdeclspec -g -O2 -ffile-prefix-map=/<<PKGBUILDDIR>>=. -fstack-protector-strong -Wformat -Werror=format-security -fPIC  -D_FORTIFY_SOURCE=2 -fstack-protector-strong -fno-strict-overflow -fvisibility=hidden -DRUBY_EXPORT -I. -I.ext/include/x86_64-linux-gnu -I./include -I. -I./enc/unicode/12.1.0 -Wdate-time -D_FORTIFY_SOURCE=2    -o st.o -c st.c
x86_64-linux-gnu-gcc -fdeclspec -g -O2 -ffile-prefix-map=/<<PKGBUILDDIR>>=. -fstack-protector-strong -Wformat -Werror=format-security -fPIC  -D_FORTIFY_SOURCE=2 -fstack-protector-strong -fno-strict-overflow -fvisibility=hidden -DRUBY_EXPORT -I. -I.ext/include/x86_64-linux-gnu -I./include -I. -I./enc/unicode/12.1.0 -Wdate-time -D_FORTIFY_SOURCE=2    -o strftime.o -c strftime.c
x86_64-linux-gnu-gcc -fdeclspec -g -O2 -ffile-prefix-map=/<<PKGBUILDDIR>>=. -fstack-protector-strong -Wformat -Werror=format-security -fPIC  -D_FORTIFY_SOURCE=2 -fstack-protector-strong -fno-strict-overflow -fvisibility=hidden -DRUBY_EXPORT -I. -I.ext/include/x86_64-linux-gnu -I./include -I. -I./enc/unicode/12.1.0 -Wdate-time -D_FORTIFY_SOURCE=2    -o string.o -c string.c
string.c:780:5: warning: implicit declaration of function 'RUBY_DTRACE_STRING_CREATE_ENABLED' is invalid in C99 [-Wimplicit-function-declaration]
    RUBY_DTRACE_CREATE_HOOK(STRING, 0);
    ^
./internal/vm.h:121:5: note: expanded from macro 'RUBY_DTRACE_CREATE_HOOK'
    RUBY_DTRACE_HOOK(name##_CREATE, arg)
    ^
./internal/vm.h:124:18: note: expanded from macro 'RUBY_DTRACE_HOOK'
    if (UNLIKELY(RUBY_DTRACE_##name##_ENABLED())) { \
                 ^
<scratch space>:280:1: note: expanded from here
RUBY_DTRACE_STRING_CREATE_ENABLED
^
string.c:780:5: warning: implicit declaration of function 'RUBY_DTRACE_STRING_CREATE' is invalid in C99 [-Wimplicit-function-declaration]
./internal/vm.h:121:5: note: expanded from macro 'RUBY_DTRACE_CREATE_HOOK'
    RUBY_DTRACE_HOOK(name##_CREATE, arg)
    ^
./internal/vm.h:128:9: note: expanded from macro 'RUBY_DTRACE_HOOK'
        RUBY_DTRACE_##name(arg, dtrace_file, dtrace_line); \
        ^
<scratch space>:281:1: note: expanded from here
RUBY_DTRACE_STRING_CREATE
^
string.c:793:5: warning: implicit declaration of function 'RUBY_DTRACE_STRING_CREATE_ENABLED' is invalid in C99 [-Wimplicit-function-declaration]
    RUBY_DTRACE_CREATE_HOOK(STRING, len);
    ^
./internal/vm.h:121:5: note: expanded from macro 'RUBY_DTRACE_CREATE_HOOK'
    RUBY_DTRACE_HOOK(name##_CREATE, arg)
    ^
./internal/vm.h:124:18: note: expanded from macro 'RUBY_DTRACE_HOOK'
    if (UNLIKELY(RUBY_DTRACE_##name##_ENABLED())) { \
                 ^
<scratch space>:284:1: note: expanded from here
RUBY_DTRACE_STRING_CREATE_ENABLED
^
string.c:793:5: warning: implicit declaration of function 'RUBY_DTRACE_STRING_CREATE' is invalid in C99 [-Wimplicit-function-declaration]
./internal/vm.h:121:5: note: expanded from macro 'RUBY_DTRACE_CREATE_HOOK'
    RUBY_DTRACE_HOOK(name##_CREATE, arg)
    ^
./internal/vm.h:128:9: note: expanded from macro 'RUBY_DTRACE_HOOK'
        RUBY_DTRACE_##name(arg, dtrace_file, dtrace_line); \
        ^
<scratch space>:285:1: note: expanded from here
RUBY_DTRACE_STRING_CREATE
^
string.c:904:2: warning: implicit declaration of function 'RUBY_DTRACE_STRING_CREATE_ENABLED' is invalid in C99 [-Wimplicit-function-declaration]
        RUBY_DTRACE_CREATE_HOOK(STRING, len);
        ^
./internal/vm.h:121:5: note: expanded from macro 'RUBY_DTRACE_CREATE_HOOK'
    RUBY_DTRACE_HOOK(name##_CREATE, arg)
    ^
./internal/vm.h:124:18: note: expanded from macro 'RUBY_DTRACE_HOOK'
    if (UNLIKELY(RUBY_DTRACE_##name##_ENABLED())) { \
                 ^
<scratch space>:288:1: note: expanded from here
RUBY_DTRACE_STRING_CREATE_ENABLED
^
string.c:904:2: warning: implicit declaration of function 'RUBY_DTRACE_STRING_CREATE' is invalid in C99 [-Wimplicit-function-declaration]
./internal/vm.h:121:5: note: expanded from macro 'RUBY_DTRACE_CREATE_HOOK'
    RUBY_DTRACE_HOOK(name##_CREATE, arg)
    ^
./internal/vm.h:128:9: note: expanded from macro 'RUBY_DTRACE_HOOK'
        RUBY_DTRACE_##name(arg, dtrace_file, dtrace_line); \
        ^
<scratch space>:289:1: note: expanded from here
RUBY_DTRACE_STRING_CREATE
^
string.c:1614:5: warning: implicit declaration of function 'RUBY_DTRACE_STRING_CREATE_ENABLED' is invalid in C99 [-Wimplicit-function-declaration]
    RUBY_DTRACE_CREATE_HOOK(STRING, RSTRING_LEN(str));
    ^
./internal/vm.h:121:5: note: expanded from macro 'RUBY_DTRACE_CREATE_HOOK'
    RUBY_DTRACE_HOOK(name##_CREATE, arg)
    ^
./internal/vm.h:124:18: note: expanded from macro 'RUBY_DTRACE_HOOK'
    if (UNLIKELY(RUBY_DTRACE_##name##_ENABLED())) { \
                 ^
<scratch space>:35:1: note: expanded from here
RUBY_DTRACE_STRING_CREATE_ENABLED
^
string.c:1614:5: warning: implicit declaration of function 'RUBY_DTRACE_STRING_CREATE' is invalid in C99 [-Wimplicit-function-declaration]
./internal/vm.h:121:5: note: expanded from macro 'RUBY_DTRACE_CREATE_HOOK'
    RUBY_DTRACE_HOOK(name##_CREATE, arg)
    ^
./internal/vm.h:128:9: note: expanded from macro 'RUBY_DTRACE_HOOK'
        RUBY_DTRACE_##name(arg, dtrace_file, dtrace_line); \
        ^
<scratch space>:36:1: note: expanded from here
RUBY_DTRACE_STRING_CREATE
^
string.c:1621:5: warning: implicit declaration of function 'RUBY_DTRACE_STRING_CREATE_ENABLED' is invalid in C99 [-Wimplicit-function-declaration]
    RUBY_DTRACE_CREATE_HOOK(STRING, RSTRING_LEN(str));
    ^
./internal/vm.h:121:5: note: expanded from macro 'RUBY_DTRACE_CREATE_HOOK'
    RUBY_DTRACE_HOOK(name##_CREATE, arg)
    ^
./internal/vm.h:124:18: note: expanded from macro 'RUBY_DTRACE_HOOK'
    if (UNLIKELY(RUBY_DTRACE_##name##_ENABLED())) { \
                 ^
<scratch space>:39:1: note: expanded from here
RUBY_DTRACE_STRING_CREATE_ENABLED
^
string.c:1621:5: warning: implicit declaration of function 'RUBY_DTRACE_STRING_CREATE' is invalid in C99 [-Wimplicit-function-declaration]
./internal/vm.h:121:5: note: expanded from macro 'RUBY_DTRACE_CREATE_HOOK'
    RUBY_DTRACE_HOOK(name##_CREATE, arg)
    ^
./internal/vm.h:128:9: note: expanded from macro 'RUBY_DTRACE_HOOK'
        RUBY_DTRACE_##name(arg, dtrace_file, dtrace_line); \
        ^
<scratch space>:40:1: note: expanded from here
RUBY_DTRACE_STRING_CREATE
^
x86_64-linux-gnu-gcc -fdeclspec -g -O2 -ffile-prefix-map=/<<PKGBUILDDIR>>=. -fstack-protector-strong -Wformat -Werror=format-security -fPIC  -D_FORTIFY_SOURCE=2 -fstack-protector-strong -fno-strict-overflow -fvisibility=hidden -DRUBY_EXPORT -I. -I.ext/include/x86_64-linux-gnu -I./include -I. -I./enc/unicode/12.1.0 -Wdate-time -D_FORTIFY_SOURCE=2    -o struct.o -c struct.c
x86_64-linux-gnu-gcc -fdeclspec -g -O2 -ffile-prefix-map=/<<PKGBUILDDIR>>=. -fstack-protector-strong -Wformat -Werror=format-security -fPIC  -D_FORTIFY_SOURCE=2 -fstack-protector-strong -fno-strict-overflow -fvisibility=hidden -DRUBY_EXPORT -I. -I.ext/include/x86_64-linux-gnu -I./include -I. -I./enc/unicode/12.1.0 -Wdate-time -D_FORTIFY_SOURCE=2    -o symbol.o -c symbol.c
x86_64-linux-gnu-gcc -fdeclspec -g -O2 -ffile-prefix-map=/<<PKGBUILDDIR>>=. -fstack-protector-strong -Wformat -Werror=format-security -fPIC  -D_FORTIFY_SOURCE=2 -fstack-protector-strong -fno-strict-overflow -fvisibility=hidden -DRUBY_EXPORT -I. -I.ext/include/x86_64-linux-gnu -I./include -I. -I./enc/unicode/12.1.0 -Wdate-time -D_FORTIFY_SOURCE=2    -o thread.o -c thread.c
x86_64-linux-gnu-gcc -fdeclspec -g -O2 -ffile-prefix-map=/<<PKGBUILDDIR>>=. -fstack-protector-strong -Wformat -Werror=format-security -fPIC  -D_FORTIFY_SOURCE=2 -fstack-protector-strong -fno-strict-overflow -fvisibility=hidden -DRUBY_EXPORT -I. -I.ext/include/x86_64-linux-gnu -I./include -I. -I./enc/unicode/12.1.0 -Wdate-time -D_FORTIFY_SOURCE=2    -o time.o -c time.c
symbol.c:553:5: warning: implicit declaration of function 'RUBY_DTRACE_SYMBOL_CREATE_ENABLED' is invalid in C99 [-Wimplicit-function-declaration]
    RUBY_DTRACE_CREATE_HOOK(SYMBOL, RSTRING_PTR(str));
    ^
./internal/vm.h:121:5: note: expanded from macro 'RUBY_DTRACE_CREATE_HOOK'
    RUBY_DTRACE_HOOK(name##_CREATE, arg)
    ^
./internal/vm.h:124:18: note: expanded from macro 'RUBY_DTRACE_HOOK'
    if (UNLIKELY(RUBY_DTRACE_##name##_ENABLED())) { \
                 ^
<scratch space>:83:1: note: expanded from here
RUBY_DTRACE_SYMBOL_CREATE_ENABLED
^
symbol.c:553:5: warning: implicit declaration of function 'RUBY_DTRACE_SYMBOL_CREATE' is invalid in C99 [-Wimplicit-function-declaration]
./internal/vm.h:121:5: note: expanded from macro 'RUBY_DTRACE_CREATE_HOOK'
    RUBY_DTRACE_HOOK(name##_CREATE, arg)
    ^
./internal/vm.h:128:9: note: expanded from macro 'RUBY_DTRACE_HOOK'
        RUBY_DTRACE_##name(arg, dtrace_file, dtrace_line); \
        ^
<scratch space>:84:1: note: expanded from here
RUBY_DTRACE_SYMBOL_CREATE
^
symbol.c:625:5: warning: implicit declaration of function 'RUBY_DTRACE_SYMBOL_CREATE_ENABLED' is invalid in C99 [-Wimplicit-function-declaration]
    RUBY_DTRACE_CREATE_HOOK(SYMBOL, RSTRING_PTR(RSYMBOL(dsym)->fstr));
    ^
./internal/vm.h:121:5: note: expanded from macro 'RUBY_DTRACE_CREATE_HOOK'
    RUBY_DTRACE_HOOK(name##_CREATE, arg)
    ^
./internal/vm.h:124:18: note: expanded from macro 'RUBY_DTRACE_HOOK'
    if (UNLIKELY(RUBY_DTRACE_##name##_ENABLED())) { \
                 ^
<scratch space>:103:1: note: expanded from here
RUBY_DTRACE_SYMBOL_CREATE_ENABLED
^
symbol.c:625:5: warning: implicit declaration of function 'RUBY_DTRACE_SYMBOL_CREATE' is invalid in C99 [-Wimplicit-function-declaration]
./internal/vm.h:121:5: note: expanded from macro 'RUBY_DTRACE_CREATE_HOOK'
    RUBY_DTRACE_HOOK(name##_CREATE, arg)
    ^
./internal/vm.h:128:9: note: expanded from macro 'RUBY_DTRACE_HOOK'
        RUBY_DTRACE_##name(arg, dtrace_file, dtrace_line); \
        ^
<scratch space>:104:1: note: expanded from here
RUBY_DTRACE_SYMBOL_CREATE
^
4 warnings generated.
x86_64-linux-gnu-gcc -fdeclspec -g -O2 -ffile-prefix-map=/<<PKGBUILDDIR>>=. -fstack-protector-strong -Wformat -Werror=format-security -fPIC  -D_FORTIFY_SOURCE=2 -fstack-protector-strong -fno-strict-overflow -fvisibility=hidden -DRUBY_EXPORT -I. -I.ext/include/x86_64-linux-gnu -I./include -I. -I./enc/unicode/12.1.0 -Wdate-time -D_FORTIFY_SOURCE=2    -o transcode.o -c transcode.c
x86_64-linux-gnu-gcc -fdeclspec -g -O2 -ffile-prefix-map=/<<PKGBUILDDIR>>=. -fstack-protector-strong -Wformat -Werror=format-security -fPIC  -D_FORTIFY_SOURCE=2 -fstack-protector-strong -fno-strict-overflow -fvisibility=hidden -DRUBY_EXPORT -I. -I.ext/include/x86_64-linux-gnu -I./include -I. -I./enc/unicode/12.1.0 -Wdate-time -D_FORTIFY_SOURCE=2    -o transient_heap.o -c transient_heap.c
x86_64-linux-gnu-gcc -fdeclspec -g -O2 -ffile-prefix-map=/<<PKGBUILDDIR>>=. -fstack-protector-strong -Wformat -Werror=format-security -fPIC  -D_FORTIFY_SOURCE=2 -fstack-protector-strong -fno-strict-overflow -fvisibility=hidden -DRUBY_EXPORT -I. -I.ext/include/x86_64-linux-gnu -I./include -I. -I./enc/unicode/12.1.0 -Wdate-time -D_FORTIFY_SOURCE=2    -o util.o -c util.c
x86_64-linux-gnu-gcc -fdeclspec -g -O2 -ffile-prefix-map=/<<PKGBUILDDIR>>=. -fstack-protector-strong -Wformat -Werror=format-security -fPIC  -D_FORTIFY_SOURCE=2 -fstack-protector-strong -fno-strict-overflow -fvisibility=hidden -DRUBY_EXPORT -I. -I.ext/include/x86_64-linux-gnu -I./include -I. -I./enc/unicode/12.1.0 -Wdate-time -D_FORTIFY_SOURCE=2    -o variable.o -c variable.c
: > revision.tmp
x86_64-linux-gnu-gcc -fdeclspec -g -O2 -ffile-prefix-map=/<<PKGBUILDDIR>>=. -fstack-protector-strong -Wformat -Werror=format-security -fPIC  -D_FORTIFY_SOURCE=2 -fstack-protector-strong -fno-strict-overflow -fvisibility=hidden -DRUBY_EXPORT -I. -I.ext/include/x86_64-linux-gnu -I./include -I. -I./enc/unicode/12.1.0 -Wdate-time -D_FORTIFY_SOURCE=2    -o vm.o -c vm.c
In file included from vm.c:352:
./vm_insnhelper.c:2916:5: warning: implicit declaration of function 'RUBY_DTRACE_CMETHOD_ENTRY_ENABLED' is invalid in C99 [-Wimplicit-function-declaration]
    RUBY_DTRACE_CMETHOD_ENTRY_HOOK(ec, me->owner, me->def->original_id);
    ^
./probes_helper.h:39:5: note: expanded from macro 'RUBY_DTRACE_CMETHOD_ENTRY_HOOK'
    RUBY_DTRACE_METHOD_HOOK(CMETHOD_ENTRY, ec, klass, id)
    ^
./probes_helper.h:21:18: note: expanded from macro 'RUBY_DTRACE_METHOD_HOOK'
    if (UNLIKELY(RUBY_DTRACE_##name##_ENABLED())) { \
                 ^
<scratch space>:147:1: note: expanded from here
RUBY_DTRACE_CMETHOD_ENTRY_ENABLED
^
In file included from vm.c:352:
./vm_insnhelper.c:2916:5: warning: implicit declaration of function 'RUBY_DTRACE_CMETHOD_ENTRY' is invalid in C99 [-Wimplicit-function-declaration]
./probes_helper.h:39:5: note: expanded from macro 'RUBY_DTRACE_CMETHOD_ENTRY_HOOK'
    RUBY_DTRACE_METHOD_HOOK(CMETHOD_ENTRY, ec, klass, id)
    ^
./probes_helper.h:24:6: note: expanded from macro 'RUBY_DTRACE_METHOD_HOOK'
            RUBY_DTRACE_##name(args.classname, \
            ^
<scratch space>:148:1: note: expanded from here
RUBY_DTRACE_CMETHOD_ENTRY
^
In file included from vm.c:352:
./vm_insnhelper.c:2933:5: warning: implicit declaration of function 'RUBY_DTRACE_CMETHOD_RETURN_ENABLED' is invalid in C99 [-Wimplicit-function-declaration]
    RUBY_DTRACE_CMETHOD_RETURN_HOOK(ec, me->owner, me->def->original_id);
    ^
./probes_helper.h:42:5: note: expanded from macro 'RUBY_DTRACE_CMETHOD_RETURN_HOOK'
    RUBY_DTRACE_METHOD_HOOK(CMETHOD_RETURN, ec, klass, id)
    ^
./probes_helper.h:21:18: note: expanded from macro 'RUBY_DTRACE_METHOD_HOOK'
    if (UNLIKELY(RUBY_DTRACE_##name##_ENABLED())) { \
                 ^
<scratch space>:150:1: note: expanded from here
RUBY_DTRACE_CMETHOD_RETURN_ENABLED
^
In file included from vm.c:352:
./vm_insnhelper.c:2933:5: warning: implicit declaration of function 'RUBY_DTRACE_CMETHOD_RETURN' is invalid in C99 [-Wimplicit-function-declaration]
./probes_helper.h:42:5: note: expanded from macro 'RUBY_DTRACE_CMETHOD_RETURN_HOOK'
    RUBY_DTRACE_METHOD_HOOK(CMETHOD_RETURN, ec, klass, id)
    ^
./probes_helper.h:24:6: note: expanded from macro 'RUBY_DTRACE_METHOD_HOOK'
            RUBY_DTRACE_##name(args.classname, \
            ^
<scratch space>:151:1: note: expanded from here
RUBY_DTRACE_CMETHOD_RETURN
^
In file included from vm.c:352:
./vm_insnhelper.c:4208:9: warning: implicit declaration of function 'RUBY_DTRACE_METHOD_ENTRY_ENABLED' is invalid in C99 [-Wimplicit-function-declaration]
    if (RUBY_DTRACE_METHOD_ENTRY_ENABLED() ||
        ^
./vm_insnhelper.c:4209:2: warning: implicit declaration of function 'RUBY_DTRACE_METHOD_RETURN_ENABLED' is invalid in C99 [-Wimplicit-function-declaration]
        RUBY_DTRACE_METHOD_RETURN_ENABLED() ||
        ^
./vm_insnhelper.c:4210:2: warning: implicit declaration of function 'RUBY_DTRACE_CMETHOD_ENTRY_ENABLED' is invalid in C99 [-Wimplicit-function-declaration]
        RUBY_DTRACE_CMETHOD_ENTRY_ENABLED() ||
        ^
./vm_insnhelper.c:4211:2: warning: implicit declaration of function 'RUBY_DTRACE_CMETHOD_RETURN_ENABLED' is invalid in C99 [-Wimplicit-function-declaration]
        RUBY_DTRACE_CMETHOD_RETURN_ENABLED()) {
        ^
./vm_insnhelper.c:4215:6: warning: implicit declaration of function 'RUBY_DTRACE_METHOD_ENTRY' is invalid in C99 [-Wimplicit-function-declaration]
            RUBY_DTRACE_METHOD_ENTRY_HOOK(ec, 0, 0);
            ^
./probes_helper.h:33:5: note: expanded from macro 'RUBY_DTRACE_METHOD_ENTRY_HOOK'
    RUBY_DTRACE_METHOD_HOOK(METHOD_ENTRY, ec, klass, id)
    ^
./probes_helper.h:24:6: note: expanded from macro 'RUBY_DTRACE_METHOD_HOOK'
            RUBY_DTRACE_##name(args.classname, \
            ^
<scratch space>:45:1: note: expanded from here
RUBY_DTRACE_METHOD_ENTRY
^
In file included from vm.c:352:
./vm_insnhelper.c:4218:6: warning: implicit declaration of function 'RUBY_DTRACE_CMETHOD_ENTRY' is invalid in C99 [-Wimplicit-function-declaration]
            RUBY_DTRACE_CMETHOD_ENTRY_HOOK(ec, 0, 0);
            ^
./probes_helper.h:39:5: note: expanded from macro 'RUBY_DTRACE_CMETHOD_ENTRY_HOOK'
    RUBY_DTRACE_METHOD_HOOK(CMETHOD_ENTRY, ec, klass, id)
    ^
./probes_helper.h:24:6: note: expanded from macro 'RUBY_DTRACE_METHOD_HOOK'
            RUBY_DTRACE_##name(args.classname, \
            ^
<scratch space>:48:1: note: expanded from here
RUBY_DTRACE_CMETHOD_ENTRY
^
In file included from vm.c:352:
./vm_insnhelper.c:4221:6: warning: implicit declaration of function 'RUBY_DTRACE_METHOD_RETURN' is invalid in C99 [-Wimplicit-function-declaration]
            RUBY_DTRACE_METHOD_RETURN_HOOK(ec, 0, 0);
            ^
./probes_helper.h:36:5: note: expanded from macro 'RUBY_DTRACE_METHOD_RETURN_HOOK'
    RUBY_DTRACE_METHOD_HOOK(METHOD_RETURN, ec, klass, id)
    ^
./probes_helper.h:24:6: note: expanded from macro 'RUBY_DTRACE_METHOD_HOOK'
            RUBY_DTRACE_##name(args.classname, \
            ^
<scratch space>:51:1: note: expanded from here
RUBY_DTRACE_METHOD_RETURN
^
In file included from vm.c:352:
./vm_insnhelper.c:4224:6: warning: implicit declaration of function 'RUBY_DTRACE_CMETHOD_RETURN' is invalid in C99 [-Wimplicit-function-declaration]
            RUBY_DTRACE_CMETHOD_RETURN_HOOK(ec, 0, 0);
            ^
./probes_helper.h:42:5: note: expanded from macro 'RUBY_DTRACE_CMETHOD_RETURN_HOOK'
    RUBY_DTRACE_METHOD_HOOK(CMETHOD_RETURN, ec, klass, id)
    ^
./probes_helper.h:24:6: note: expanded from macro 'RUBY_DTRACE_METHOD_HOOK'
            RUBY_DTRACE_##name(args.classname, \
            ^
<scratch space>:54:1: note: expanded from here
RUBY_DTRACE_CMETHOD_RETURN
^
In file included from vm.c:356:
In file included from ./vm_exec.c:143:
insns.def:459:5: warning: implicit declaration of function 'RUBY_DTRACE_ARRAY_CREATE_ENABLED' is invalid in C99 [-Wimplicit-function-declaration]
    RUBY_DTRACE_CREATE_HOOK(ARRAY, RARRAY_LEN(ary));
    ^
./internal/vm.h:121:5: note: expanded from macro 'RUBY_DTRACE_CREATE_HOOK'
    RUBY_DTRACE_HOOK(name##_CREATE, arg)
    ^
./internal/vm.h:124:18: note: expanded from macro 'RUBY_DTRACE_HOOK'
    if (UNLIKELY(RUBY_DTRACE_##name##_ENABLED())) { \
                 ^
<scratch space>:200:1: note: expanded from here
RUBY_DTRACE_ARRAY_CREATE_ENABLED
^
In file included from vm.c:356:
In file included from ./vm_exec.c:143:
insns.def:459:5: warning: implicit declaration of function 'RUBY_DTRACE_ARRAY_CREATE' is invalid in C99 [-Wimplicit-function-declaration]
./internal/vm.h:121:5: note: expanded from macro 'RUBY_DTRACE_CREATE_HOOK'
    RUBY_DTRACE_HOOK(name##_CREATE, arg)
    ^
./internal/vm.h:128:9: note: expanded from macro 'RUBY_DTRACE_HOOK'
        RUBY_DTRACE_##name(arg, dtrace_file, dtrace_line); \
        ^
<scratch space>:201:1: note: expanded from here
RUBY_DTRACE_ARRAY_CREATE
^
In file included from vm.c:356:
In file included from ./vm_exec.c:143:
insns.def:470:5: warning: implicit declaration of function 'RUBY_DTRACE_HASH_CREATE_ENABLED' is invalid in C99 [-Wimplicit-function-declaration]
    RUBY_DTRACE_CREATE_HOOK(HASH, RHASH_SIZE(hash) << 1);
    ^
./internal/vm.h:121:5: note: expanded from macro 'RUBY_DTRACE_CREATE_HOOK'
    RUBY_DTRACE_HOOK(name##_CREATE, arg)
    ^
./internal/vm.h:124:18: note: expanded from macro 'RUBY_DTRACE_HOOK'
    if (UNLIKELY(RUBY_DTRACE_##name##_ENABLED())) { \
                 ^
<scratch space>:218:1: note: expanded from here
RUBY_DTRACE_HASH_CREATE_ENABLED
^
In file included from vm.c:356:
In file included from ./vm_exec.c:143:
insns.def:470:5: warning: implicit declaration of function 'RUBY_DTRACE_HASH_CREATE' is invalid in C99 [-Wimplicit-function-declaration]
./internal/vm.h:121:5: note: expanded from macro 'RUBY_DTRACE_CREATE_HOOK'
    RUBY_DTRACE_HOOK(name##_CREATE, arg)
    ^
./internal/vm.h:128:9: note: expanded from macro 'RUBY_DTRACE_HOOK'
        RUBY_DTRACE_##name(arg, dtrace_file, dtrace_line); \
        ^
<scratch space>:219:1: note: expanded from here
RUBY_DTRACE_HASH_CREATE
^
In file included from vm.c:356:
In file included from ./vm_exec.c:143:
insns.def:525:5: warning: implicit declaration of function 'RUBY_DTRACE_HASH_CREATE_ENABLED' is invalid in C99 [-Wimplicit-function-declaration]
    RUBY_DTRACE_CREATE_HOOK(HASH, num);
    ^
./internal/vm.h:121:5: note: expanded from macro 'RUBY_DTRACE_CREATE_HOOK'
    RUBY_DTRACE_HOOK(name##_CREATE, arg)
    ^
./internal/vm.h:124:18: note: expanded from macro 'RUBY_DTRACE_HOOK'
    if (UNLIKELY(RUBY_DTRACE_##name##_ENABLED())) { \
                 ^
<scratch space>:47:1: note: expanded from here
RUBY_DTRACE_HASH_CREATE_ENABLED
^
In file included from vm.c:356:
In file included from ./vm_exec.c:143:
insns.def:525:5: warning: implicit declaration of function 'RUBY_DTRACE_HASH_CREATE' is invalid in C99 [-Wimplicit-function-declaration]
./internal/vm.h:121:5: note: expanded from macro 'RUBY_DTRACE_CREATE_HOOK'
    RUBY_DTRACE_HOOK(name##_CREATE, arg)
    ^
./internal/vm.h:128:9: note: expanded from macro 'RUBY_DTRACE_HOOK'
        RUBY_DTRACE_##name(arg, dtrace_file, dtrace_line); \
        ^
<scratch space>:48:1: note: expanded from here
RUBY_DTRACE_HASH_CREATE
^
x86_64-linux-gnu-gcc -fdeclspec -g -O2 -ffile-prefix-map=/<<PKGBUILDDIR>>=. -fstack-protector-strong -Wformat -Werror=format-security -fPIC  -D_FORTIFY_SOURCE=2 -fstack-protector-strong -fno-strict-overflow -fvisibility=hidden -DRUBY_EXPORT -I. -I.ext/include/x86_64-linux-gnu -I./include -I. -I./enc/unicode/12.1.0 -Wdate-time -D_FORTIFY_SOURCE=2    -o vm_backtrace.o -c vm_backtrace.c
In file included from vm.c:360:
./vm_eval.c:124:5: warning: implicit declaration of function 'RUBY_DTRACE_CMETHOD_ENTRY_ENABLED' is invalid in C99 [-Wimplicit-function-declaration]
    RUBY_DTRACE_CMETHOD_ENTRY_HOOK(ec, me->owner, me->def->original_id);
    ^
./probes_helper.h:39:5: note: expanded from macro 'RUBY_DTRACE_CMETHOD_ENTRY_HOOK'
    RUBY_DTRACE_METHOD_HOOK(CMETHOD_ENTRY, ec, klass, id)
    ^
./probes_helper.h:21:18: note: expanded from macro 'RUBY_DTRACE_METHOD_HOOK'
    if (UNLIKELY(RUBY_DTRACE_##name##_ENABLED())) { \
                 ^
<scratch space>:96:1: note: expanded from here
RUBY_DTRACE_CMETHOD_ENTRY_ENABLED
^
In file included from vm.c:360:
./vm_eval.c:124:5: warning: implicit declaration of function 'RUBY_DTRACE_CMETHOD_ENTRY' is invalid in C99 [-Wimplicit-function-declaration]
./probes_helper.h:39:5: note: expanded from macro 'RUBY_DTRACE_CMETHOD_ENTRY_HOOK'
    RUBY_DTRACE_METHOD_HOOK(CMETHOD_ENTRY, ec, klass, id)
    ^
./probes_helper.h:24:6: note: expanded from macro 'RUBY_DTRACE_METHOD_HOOK'
            RUBY_DTRACE_##name(args.classname, \
            ^
<scratch space>:97:1: note: expanded from here
RUBY_DTRACE_CMETHOD_ENTRY
^
In file included from vm.c:360:
./vm_eval.c:141:5: warning: implicit declaration of function 'RUBY_DTRACE_CMETHOD_RETURN_ENABLED' is invalid in C99 [-Wimplicit-function-declaration]
    RUBY_DTRACE_CMETHOD_RETURN_HOOK(ec, me->owner, me->def->original_id);
    ^
./probes_helper.h:42:5: note: expanded from macro 'RUBY_DTRACE_CMETHOD_RETURN_HOOK'
    RUBY_DTRACE_METHOD_HOOK(CMETHOD_RETURN, ec, klass, id)
    ^
./probes_helper.h:21:18: note: expanded from macro 'RUBY_DTRACE_METHOD_HOOK'
    if (UNLIKELY(RUBY_DTRACE_##name##_ENABLED())) { \
                 ^
<scratch space>:99:1: note: expanded from here
RUBY_DTRACE_CMETHOD_RETURN_ENABLED
^
In file included from vm.c:360:
./vm_eval.c:141:5: warning: implicit declaration of function 'RUBY_DTRACE_CMETHOD_RETURN' is invalid in C99 [-Wimplicit-function-declaration]
./probes_helper.h:42:5: note: expanded from macro 'RUBY_DTRACE_CMETHOD_RETURN_HOOK'
    RUBY_DTRACE_METHOD_HOOK(CMETHOD_RETURN, ec, klass, id)
    ^
./probes_helper.h:24:6: note: expanded from macro 'RUBY_DTRACE_METHOD_HOOK'
            RUBY_DTRACE_##name(args.classname, \
            ^
<scratch space>:100:1: note: expanded from here
RUBY_DTRACE_CMETHOD_RETURN
^
vm.c:632:5: warning: implicit declaration of function 'RUBY_DTRACE_CMETHOD_RETURN_ENABLED' is invalid in C99 [-Wimplicit-function-declaration]
    RUBY_DTRACE_CMETHOD_RETURN_HOOK(ec, me->owner, me->def->original_id);
    ^
./probes_helper.h:42:5: note: expanded from macro 'RUBY_DTRACE_CMETHOD_RETURN_HOOK'
    RUBY_DTRACE_METHOD_HOOK(CMETHOD_RETURN, ec, klass, id)
    ^
./probes_helper.h:21:18: note: expanded from macro 'RUBY_DTRACE_METHOD_HOOK'
    if (UNLIKELY(RUBY_DTRACE_##name##_ENABLED())) { \
                 ^
<scratch space>:149:1: note: expanded from here
RUBY_DTRACE_CMETHOD_RETURN_ENABLED
^
vm.c:632:5: warning: implicit declaration of function 'RUBY_DTRACE_CMETHOD_RETURN' is invalid in C99 [-Wimplicit-function-declaration]
./probes_helper.h:42:5: note: expanded from macro 'RUBY_DTRACE_CMETHOD_RETURN_HOOK'
    RUBY_DTRACE_METHOD_HOOK(CMETHOD_RETURN, ec, klass, id)
    ^
./probes_helper.h:24:6: note: expanded from macro 'RUBY_DTRACE_METHOD_HOOK'
            RUBY_DTRACE_##name(args.classname, \
            ^
<scratch space>:150:1: note: expanded from here
RUBY_DTRACE_CMETHOD_RETURN
^
10 warnings generated.
vm.c:1284:5: warning: implicit declaration of function 'RUBY_DTRACE_METHOD_ENTRY_ENABLED' is invalid in C99 [-Wimplicit-function-declaration]
    RUBY_DTRACE_METHOD_ENTRY_HOOK(ec, me->owner, me->def->original_id);
    ^
./probes_helper.h:33:5: note: expanded from macro 'RUBY_DTRACE_METHOD_ENTRY_HOOK'
    RUBY_DTRACE_METHOD_HOOK(METHOD_ENTRY, ec, klass, id)
    ^
./probes_helper.h:21:18: note: expanded from macro 'RUBY_DTRACE_METHOD_HOOK'
    if (UNLIKELY(RUBY_DTRACE_##name##_ENABLED())) { \
                 ^
<scratch space>:60:1: note: expanded from here
RUBY_DTRACE_METHOD_ENTRY_ENABLED
^
vm.c:1284:5: warning: implicit declaration of function 'RUBY_DTRACE_METHOD_ENTRY' is invalid in C99 [-Wimplicit-function-declaration]
./probes_helper.h:33:5: note: expanded from macro 'RUBY_DTRACE_METHOD_ENTRY_HOOK'
    RUBY_DTRACE_METHOD_HOOK(METHOD_ENTRY, ec, klass, id)
    ^
./probes_helper.h:24:6: note: expanded from macro 'RUBY_DTRACE_METHOD_HOOK'
            RUBY_DTRACE_##name(args.classname, \
            ^
<scratch space>:61:1: note: expanded from here
RUBY_DTRACE_METHOD_ENTRY
^
vm.c:1301:5: warning: implicit declaration of function 'RUBY_DTRACE_METHOD_RETURN_ENABLED' is invalid in C99 [-Wimplicit-function-declaration]
    RUBY_DTRACE_METHOD_RETURN_HOOK(ec, me->owner, me->def->original_id);
    ^
./probes_helper.h:36:5: note: expanded from macro 'RUBY_DTRACE_METHOD_RETURN_HOOK'
    RUBY_DTRACE_METHOD_HOOK(METHOD_RETURN, ec, klass, id)
    ^
./probes_helper.h:21:18: note: expanded from macro 'RUBY_DTRACE_METHOD_HOOK'
    if (UNLIKELY(RUBY_DTRACE_##name##_ENABLED())) { \
                 ^
<scratch space>:63:1: note: expanded from here
RUBY_DTRACE_METHOD_RETURN_ENABLED
^
vm.c:1301:5: warning: implicit declaration of function 'RUBY_DTRACE_METHOD_RETURN' is invalid in C99 [-Wimplicit-function-declaration]
./probes_helper.h:36:5: note: expanded from macro 'RUBY_DTRACE_METHOD_RETURN_HOOK'
    RUBY_DTRACE_METHOD_HOOK(METHOD_RETURN, ec, klass, id)
    ^
./probes_helper.h:24:6: note: expanded from macro 'RUBY_DTRACE_METHOD_HOOK'
            RUBY_DTRACE_##name(args.classname, \
            ^
<scratch space>:64:1: note: expanded from here
RUBY_DTRACE_METHOD_RETURN
^
x86_64-linux-gnu-gcc -fdeclspec -g -O2 -ffile-prefix-map=/<<PKGBUILDDIR>>=. -fstack-protector-strong -Wformat -Werror=format-security -fPIC  -D_FORTIFY_SOURCE=2 -fstack-protector-strong -fno-strict-overflow -fvisibility=hidden -DRUBY_EXPORT -I. -I.ext/include/x86_64-linux-gnu -I./include -I. -I./enc/unicode/12.1.0 -Wdate-time -D_FORTIFY_SOURCE=2    -o vm_dump.o -c vm_dump.c
vm.c:2007:13: warning: implicit declaration of function 'RUBY_DTRACE_METHOD_RETURN_ENABLED' is invalid in C99 [-Wimplicit-function-declaration]
            RUBY_DTRACE_METHOD_RETURN_HOOK(ec, 0, 0);
            ^
./probes_helper.h:36:5: note: expanded from macro 'RUBY_DTRACE_METHOD_RETURN_HOOK'
    RUBY_DTRACE_METHOD_HOOK(METHOD_RETURN, ec, klass, id)
    ^
./probes_helper.h:21:18: note: expanded from macro 'RUBY_DTRACE_METHOD_HOOK'
    if (UNLIKELY(RUBY_DTRACE_##name##_ENABLED())) { \
                 ^
<scratch space>:183:1: note: expanded from here
RUBY_DTRACE_METHOD_RETURN_ENABLED
^
vm.c:2007:13: warning: implicit declaration of function 'RUBY_DTRACE_METHOD_RETURN' is invalid in C99 [-Wimplicit-function-declaration]
./probes_helper.h:36:5: note: expanded from macro 'RUBY_DTRACE_METHOD_RETURN_HOOK'
    RUBY_DTRACE_METHOD_HOOK(METHOD_RETURN, ec, klass, id)
    ^
./probes_helper.h:24:6: note: expanded from macro 'RUBY_DTRACE_METHOD_HOOK'
            RUBY_DTRACE_##name(args.classname, \
            ^
<scratch space>:184:1: note: expanded from here
RUBY_DTRACE_METHOD_RETURN
^
vm.c:2209:3: warning: implicit declaration of function 'RUBY_DTRACE_CMETHOD_RETURN_ENABLED' is invalid in C99 [-Wimplicit-function-declaration]
                RUBY_DTRACE_CMETHOD_RETURN_HOOK(ec,
                ^
./probes_helper.h:42:5: note: expanded from macro 'RUBY_DTRACE_CMETHOD_RETURN_HOOK'
    RUBY_DTRACE_METHOD_HOOK(CMETHOD_RETURN, ec, klass, id)
    ^
./probes_helper.h:21:18: note: expanded from macro 'RUBY_DTRACE_METHOD_HOOK'
    if (UNLIKELY(RUBY_DTRACE_##name##_ENABLED())) { \
                 ^
<scratch space>:186:1: note: expanded from here
RUBY_DTRACE_CMETHOD_RETURN_ENABLED
^
vm.c:2209:3: warning: implicit declaration of function 'RUBY_DTRACE_CMETHOD_RETURN' is invalid in C99 [-Wimplicit-function-declaration]
./probes_helper.h:42:5: note: expanded from macro 'RUBY_DTRACE_CMETHOD_RETURN_HOOK'
    RUBY_DTRACE_METHOD_HOOK(CMETHOD_RETURN, ec, klass, id)
    ^
./probes_helper.h:24:6: note: expanded from macro 'RUBY_DTRACE_METHOD_HOOK'
            RUBY_DTRACE_##name(args.classname, \
            ^
<scratch space>:187:1: note: expanded from here
RUBY_DTRACE_CMETHOD_RETURN
^
x86_64-linux-gnu-gcc -fdeclspec -g -O2 -ffile-prefix-map=/<<PKGBUILDDIR>>=. -fstack-protector-strong -Wformat -Werror=format-security -fPIC  -D_FORTIFY_SOURCE=2 -fstack-protector-strong -fno-strict-overflow -fvisibility=hidden -DRUBY_EXPORT -I. -I.ext/include/x86_64-linux-gnu -I./include -I. -I./enc/unicode/12.1.0 -Wdate-time -D_FORTIFY_SOURCE=2    -o vm_sync.o -c vm_sync.c
x86_64-linux-gnu-gcc -fdeclspec -g -O2 -ffile-prefix-map=/<<PKGBUILDDIR>>=. -fstack-protector-strong -Wformat -Werror=format-security -fPIC  -D_FORTIFY_SOURCE=2 -fstack-protector-strong -fno-strict-overflow -fvisibility=hidden -DRUBY_EXPORT -I. -I.ext/include/x86_64-linux-gnu -I./include -I. -I./enc/unicode/12.1.0 -Wdate-time -D_FORTIFY_SOURCE=2    -o vm_trace.o -c vm_trace.c
/bin/mkdir -p coroutine/amd64
rm -f probes.o
dtrace  -G -C -I. -I.ext/include/x86_64-linux-gnu -I./include -I. -I./enc/unicode/12.1.0 -s ./probes.d -o probes.o 
# 1 "./probes.d"
# 1 "<built-in>" 1
# 1 "<built-in>" 3
# 343 "<built-in>" 3
# 1 "<command line>" 1
# 1 "<built-in>" 2
# 1 "./probes.d" 2

# 1 "./vm_opts.h" 1
# 3 "./probes.d" 2

provider ruby {
# 15 "./probes.d"
  probe method__entry(const char *classname, const char *methodname, const char *filename, int lineno);






  probe method__return(const char *classname, const char *methodname, const char *filename, int lineno);







  probe cmethod__entry(const char *classname, const char *methodname, const char *filename, int lineno);






  probe cmethod__return(const char *classname, const char *methodname, const char *filename, int lineno);
# 49 "./probes.d"
  probe require__entry(const char *rquiredfile, const char *filename, int lineno);
# 58 "./probes.d"
  probe require__return(const char *requiredfile, const char *filename, int lineno);
# 72 "./probes.d"
  probe find__require__entry(const char *requiredfile, const char *filename, int lineno);
# 81 "./probes.d"
  probe find__require__return(const char *requiredfile, const char *filename, int lineno);







  probe load__entry(const char *loadedfile, const char *filename, int lineno);







  probe load__return(const char *loadedfile, const char *filename, int lineno);
# 108 "./probes.d"
  probe raise(const char *classname, const char *filename, int lineno);
# 119 "./probes.d"
  probe object__create(const char *classname, const char *filename, int lineno);
# 130 "./probes.d"
  probe array__create(long length, const char *filename, int lineno);
# 141 "./probes.d"
  probe hash__create(long length, const char *filename, int lineno);
# 152 "./probes.d"
  probe string__create(long length, const char *filename, int lineno);
# 163 "./probes.d"
  probe symbol__create(const char *str, const char *filename, int lineno);
# 173 "./probes.d"
  probe parse__begin(const char *sourcefile, int lineno);
# 183 "./probes.d"
  probe parse__end(const char *sourcefile, int lineno);
# 195 "./probes.d"
  probe gc__mark__begin();






  probe gc__mark__end();






  probe gc__sweep__begin();






  probe gc__sweep__end();
};

#pragma D attributes Stable/Evolving/Common provider ruby provider
#pragma D attributes Stable/Evolving/Common provider ruby module
#pragma D attributes Stable/Evolving/Common provider ruby function
#pragma D attributes Evolving/Evolving/Common provider ruby name
#pragma D attributes Evolving/Evolving/Common provider ruby args
# 223 "./probes.d"

# 1 "/tmp/tmp87y_vhni.d"
# 1 "<built-in>" 1
# 1 "<built-in>" 3
# 343 "<built-in>" 3
# 1 "<command line>" 1
# 1 "<built-in>" 2
# 1 "/tmp/tmp87y_vhni.d" 2

/bin/mkdir -p enc/trans .ext/.timestamp
x86_64-linux-gnu-gcc -fdeclspec -g -O2 -ffile-prefix-map=/<<PKGBUILDDIR>>=. -fstack-protector-strong -Wformat -Werror=format-security -fPIC  -D_FORTIFY_SOURCE=2 -fstack-protector-strong -fno-strict-overflow -fvisibility=hidden -DRUBY_EXPORT -I. -I.ext/include/x86_64-linux-gnu -I./include -I. -I./enc/unicode/12.1.0 -Wdate-time -D_FORTIFY_SOURCE=2    -o setproctitle.o -c ./missing/setproctitle.c
x86_64-linux-gnu-gcc -fdeclspec -g -O2 -ffile-prefix-map=/<<PKGBUILDDIR>>=. -fstack-protector-strong -Wformat -Werror=format-security -fPIC  -D_FORTIFY_SOURCE=2 -fstack-protector-strong -fno-strict-overflow -fvisibility=hidden -DRUBY_EXPORT -I. -I.ext/include/x86_64-linux-gnu -I./include -I. -I./enc/unicode/12.1.0 -Wdate-time -D_FORTIFY_SOURCE=2    -o strlcat.o -c ./missing/strlcat.c
x86_64-linux-gnu-gcc -fdeclspec -g -O2 -ffile-prefix-map=/<<PKGBUILDDIR>>=. -fstack-protector-strong -Wformat -Werror=format-security -fPIC  -D_FORTIFY_SOURCE=2 -fstack-protector-strong -fno-strict-overflow -fvisibility=hidden -DRUBY_EXPORT -I. -I.ext/include/x86_64-linux-gnu -I./include -I. -I./enc/unicode/12.1.0 -Wdate-time -D_FORTIFY_SOURCE=2    -o strlcpy.o -c ./missing/strlcpy.c
x86_64-linux-gnu-gcc -fdeclspec -g -O2 -ffile-prefix-map=/<<PKGBUILDDIR>>=. -fstack-protector-strong -Wformat -Werror=format-security -fPIC  -D_FORTIFY_SOURCE=2 -fstack-protector-strong -fno-strict-overflow -fvisibility=hidden -DRUBY_EXPORT -I. -I.ext/include/x86_64-linux-gnu -I./include -I. -I./enc/unicode/12.1.0 -Wdate-time -D_FORTIFY_SOURCE=2    -o addr2line.o -c addr2line.c
x86_64-linux-gnu-gcc -fdeclspec -g -O2 -ffile-prefix-map=/<<PKGBUILDDIR>>=. -fstack-protector-strong -Wformat -Werror=format-security -fPIC  -D_FORTIFY_SOURCE=2 -fstack-protector-strong -fno-strict-overflow -fvisibility=hidden -DRUBY_EXPORT -I. -I.ext/include/x86_64-linux-gnu -I./include -I. -I./enc/unicode/12.1.0 -Wdate-time -D_FORTIFY_SOURCE=2    -o dmyenc.o -c dmyenc.c
x86_64-linux-gnu-gcc -fdeclspec -g -O2 -ffile-prefix-map=/<<PKGBUILDDIR>>=. -fstack-protector-strong -Wformat -Werror=format-security -fPIC  -D_FORTIFY_SOURCE=2 -fstack-protector-strong -fno-strict-overflow -fvisibility=hidden -DRUBY_EXPORT -I. -I.ext/include/x86_64-linux-gnu -I./include -I. -I./enc/unicode/12.1.0 -Wdate-time -D_FORTIFY_SOURCE=2    -o dln.o -c dln.c
x86_64-linux-gnu-gcc -fdeclspec -g -O2 -ffile-prefix-map=/<<PKGBUILDDIR>>=. -fstack-protector-strong -Wformat -Werror=format-security -fPIC  -D_FORTIFY_SOURCE=2 -fstack-protector-strong -fno-strict-overflow -fvisibility=hidden -DRUBY_EXPORT -I. -I.ext/include/x86_64-linux-gnu -I./include -I. -I./enc/unicode/12.1.0 -Wdate-time -D_FORTIFY_SOURCE=2    -o localeinit.o -c localeinit.c
/bin/mkdir -p .ext/.timestamp/x86_64-linux-gnu .ext/x86_64-linux-gnu
/bin/mkdir -p .ext/.timestamp .ext/common
x86_64-linux-gnu-gcc -fdeclspec -g -O2 -ffile-prefix-map=/<<PKGBUILDDIR>>=. -fstack-protector-strong -Wformat -Werror=format-security -fPIC  -D_FORTIFY_SOURCE=2 -fstack-protector-strong -fno-strict-overflow -fvisibility=hidden -DRUBY_EXPORT -I. -I.ext/include/x86_64-linux-gnu -I./include -I. -I./enc/unicode/12.1.0 -Wdate-time -D_FORTIFY_SOURCE=2    -o array.o -c array.c
config.status: creating ruby-runner.h
x86_64-linux-gnu-gcc -fdeclspec -g -O2 -ffile-prefix-map=/<<PKGBUILDDIR>>=. -fstack-protector-strong -Wformat -Werror=format-security -fPIC  -D_FORTIFY_SOURCE=2 -fstack-protector-strong -fno-strict-overflow -fvisibility=hidden -DRUBY_EXPORT -I. -I.ext/include/x86_64-linux-gnu -I./include -I. -I./enc/unicode/12.1.0 -Wdate-time -D_FORTIFY_SOURCE=2    -o mjit.o -c mjit.c
array.c:712:5: warning: implicit declaration of function 'RUBY_DTRACE_ARRAY_CREATE_ENABLED' is invalid in C99 [-Wimplicit-function-declaration]
    RUBY_DTRACE_CREATE_HOOK(ARRAY, 0);
    ^
./internal/vm.h:121:5: note: expanded from macro 'RUBY_DTRACE_CREATE_HOOK'
    RUBY_DTRACE_HOOK(name##_CREATE, arg)
    ^
./internal/vm.h:124:18: note: expanded from macro 'RUBY_DTRACE_HOOK'
    if (UNLIKELY(RUBY_DTRACE_##name##_ENABLED())) { \
                 ^
<scratch space>:287:1: note: expanded from here
RUBY_DTRACE_ARRAY_CREATE_ENABLED
^
array.c:712:5: warning: implicit declaration of function 'RUBY_DTRACE_ARRAY_CREATE' is invalid in C99 [-Wimplicit-function-declaration]
./internal/vm.h:121:5: note: expanded from macro 'RUBY_DTRACE_CREATE_HOOK'
    RUBY_DTRACE_HOOK(name##_CREATE, arg)
    ^
./internal/vm.h:128:9: note: expanded from macro 'RUBY_DTRACE_HOOK'
        RUBY_DTRACE_##name(arg, dtrace_file, dtrace_line); \
        ^
<scratch space>:288:1: note: expanded from here
RUBY_DTRACE_ARRAY_CREATE
^
array.c:728:5: warning: implicit declaration of function 'RUBY_DTRACE_ARRAY_CREATE_ENABLED' is invalid in C99 [-Wimplicit-function-declaration]
    RUBY_DTRACE_CREATE_HOOK(ARRAY, capa);
    ^
./internal/vm.h:121:5: note: expanded from macro 'RUBY_DTRACE_CREATE_HOOK'
    RUBY_DTRACE_HOOK(name##_CREATE, arg)
    ^
./internal/vm.h:124:18: note: expanded from macro 'RUBY_DTRACE_HOOK'
    if (UNLIKELY(RUBY_DTRACE_##name##_ENABLED())) { \
                 ^
<scratch space>:291:1: note: expanded from here
RUBY_DTRACE_ARRAY_CREATE_ENABLED
^
array.c:728:5: warning: implicit declaration of function 'RUBY_DTRACE_ARRAY_CREATE' is invalid in C99 [-Wimplicit-function-declaration]
./internal/vm.h:121:5: note: expanded from macro 'RUBY_DTRACE_CREATE_HOOK'
    RUBY_DTRACE_HOOK(name##_CREATE, arg)
    ^
./internal/vm.h:128:9: note: expanded from macro 'RUBY_DTRACE_HOOK'
        RUBY_DTRACE_##name(arg, dtrace_file, dtrace_line); \
        ^
<scratch space>:292:1: note: expanded from here
RUBY_DTRACE_ARRAY_CREATE
^
array.c:816:5: warning: implicit declaration of function 'RUBY_DTRACE_ARRAY_CREATE_ENABLED' is invalid in C99 [-Wimplicit-function-declaration]
    RUBY_DTRACE_CREATE_HOOK(ARRAY, capa);
    ^
./internal/vm.h:121:5: note: expanded from macro 'RUBY_DTRACE_CREATE_HOOK'
    RUBY_DTRACE_HOOK(name##_CREATE, arg)
    ^
./internal/vm.h:124:18: note: expanded from macro 'RUBY_DTRACE_HOOK'
    if (UNLIKELY(RUBY_DTRACE_##name##_ENABLED())) { \
                 ^
<scratch space>:295:1: note: expanded from here
RUBY_DTRACE_ARRAY_CREATE_ENABLED
^
array.c:816:5: warning: implicit declaration of function 'RUBY_DTRACE_ARRAY_CREATE' is invalid in C99 [-Wimplicit-function-declaration]
./internal/vm.h:121:5: note: expanded from macro 'RUBY_DTRACE_CREATE_HOOK'
    RUBY_DTRACE_HOOK(name##_CREATE, arg)
    ^
./internal/vm.h:128:9: note: expanded from macro 'RUBY_DTRACE_HOOK'
        RUBY_DTRACE_##name(arg, dtrace_file, dtrace_line); \
        ^
<scratch space>:296:1: note: expanded from here
RUBY_DTRACE_ARRAY_CREATE
^
./tool/ifchange "--timestamp=.revision.time" "./revision.h" revision.tmp
./revision.h unchanged
x86_64-linux-gnu-gcc -fdeclspec -I. -I.ext/include/x86_64-linux-gnu -I./include -I. -I./enc/unicode/12.1.0 -DSYMBOL_PREFIX= -o coroutine/amd64/Context.o -c coroutine/amd64/Context.S
x86_64-linux-gnu-gcc -fdeclspec -g -O2 -ffile-prefix-map=/<<PKGBUILDDIR>>=. -fstack-protector-strong -Wformat -Werror=format-security -fPIC  -D_FORTIFY_SOURCE=2 -fstack-protector-strong -fno-strict-overflow -fvisibility=hidden -DRUBY_EXPORT -I. -I.ext/include/x86_64-linux-gnu -I./include -I. -I./enc/unicode/12.1.0 -Wdate-time -D_FORTIFY_SOURCE=2    -o enc/ascii.o -c enc/ascii.c
x86_64-linux-gnu-gcc -fdeclspec -g -O2 -ffile-prefix-map=/<<PKGBUILDDIR>>=. -fstack-protector-strong -Wformat -Werror=format-security -fPIC  -D_FORTIFY_SOURCE=2 -fstack-protector-strong -fno-strict-overflow -fvisibility=hidden -DRUBY_EXPORT -I. -I.ext/include/x86_64-linux-gnu -I./include -I. -I./enc/unicode/12.1.0 -Wdate-time -D_FORTIFY_SOURCE=2    -o enc/us_ascii.o -c enc/us_ascii.c
x86_64-linux-gnu-gcc -fdeclspec -g -O2 -ffile-prefix-map=/<<PKGBUILDDIR>>=. -fstack-protector-strong -Wformat -Werror=format-security -fPIC  -D_FORTIFY_SOURCE=2 -fstack-protector-strong -fno-strict-overflow -fvisibility=hidden -DRUBY_EXPORT -I. -I.ext/include/x86_64-linux-gnu -I./include -I. -I./enc/unicode/12.1.0 -Wdate-time -D_FORTIFY_SOURCE=2    -o enc/unicode.o -c enc/unicode.c
x86_64-linux-gnu-gcc -fdeclspec -g -O2 -ffile-prefix-map=/<<PKGBUILDDIR>>=. -fstack-protector-strong -Wformat -Werror=format-security -fPIC  -D_FORTIFY_SOURCE=2 -fstack-protector-strong -fno-strict-overflow -fvisibility=hidden -DRUBY_EXPORT -I. -I.ext/include/x86_64-linux-gnu -I./include -I. -I./enc/unicode/12.1.0 -Wdate-time -D_FORTIFY_SOURCE=2    -o enc/utf_8.o -c enc/utf_8.c
x86_64-linux-gnu-gcc -fdeclspec -g -O2 -ffile-prefix-map=/<<PKGBUILDDIR>>=. -fstack-protector-strong -Wformat -Werror=format-security -fPIC  -D_FORTIFY_SOURCE=2 -fstack-protector-strong -fno-strict-overflow -fvisibility=hidden -DRUBY_EXPORT -I. -I.ext/include/x86_64-linux-gnu -I./include -I. -I./enc/unicode/12.1.0 -Wdate-time -D_FORTIFY_SOURCE=2    -o enc/trans/newline.o -c enc/trans/newline.c
# rm -f revision.h
# : > revision.h || : > revision.h
x86_64-linux-gnu-gcc -fdeclspec -g -O2 -ffile-prefix-map=/<<PKGBUILDDIR>>=. -fstack-protector-strong -Wformat -Werror=format-security -fPIC  -D_FORTIFY_SOURCE=2 -fstack-protector-strong -fno-strict-overflow -fvisibility=hidden -DRUBY_EXPORT -I. -I.ext/include/x86_64-linux-gnu -I./include -I. -I./enc/unicode/12.1.0 -Wdate-time -D_FORTIFY_SOURCE=2    -o version.o -c version.c
6 warnings generated.
32 warnings generated.
x86_64-linux-gnu-gcc -fdeclspec -g -O2 -ffile-prefix-map=/<<PKGBUILDDIR>>=. -fstack-protector-strong -Wformat -Werror=format-security -fPIC  -L. -Wl,-z,relro -Wl,-z,now -fstack-protector-strong -rdynamic -Wl,-export-dynamic -fstack-protector-strong  main.o dmydln.o miniinit.o dmyext.o array.o ast.o bignum.o class.o compar.o compile.o complex.o cont.o debug.o debug_counter.o dir.o dln_find.o encoding.o enum.o enumerator.o error.o eval.o file.o gc.o hash.o inits.o io.o iseq.o load.o marshal.o math.o memory_view.o mjit.o mjit_compile.o node.o numeric.o object.o pack.o parse.o proc.o process.o ractor.o random.o range.o rational.o re.o regcomp.o regenc.o regerror.o regexec.o regparse.o regsyntax.o ruby.o scheduler.o signal.o sprintf.o st.o strftime.o string.o struct.o symbol.o thread.o time.o transcode.o transient_heap.o util.o variable.o version.o vm.o vm_backtrace.o vm_dump.o vm_sync.o vm_trace.o coroutine/amd64/Context.o probes.o enc/ascii.o enc/us_ascii.o enc/unicode.o enc/utf_8.o enc/trans/newline.o setproctitle.o strlcat.o strlcpy.o addr2line.o  -lz -lpthread -lrt -lrt -lgmp -ldl -lcrypt -lm  -lm   -o miniruby
/usr/bin/x86_64-linux-gnu-ld: gc.o: in function `gc_prof_mark_timer_start':
./gc.c:11658: undefined reference to `RUBY_DTRACE_GC_MARK_BEGIN_ENABLED'
/usr/bin/x86_64-linux-gnu-ld: ./gc.c:11658: undefined reference to `RUBY_DTRACE_GC_MARK_BEGIN'
/usr/bin/x86_64-linux-gnu-ld: gc.o: in function `gc_prof_mark_timer_stop':
./gc.c:11669: undefined reference to `RUBY_DTRACE_GC_MARK_END_ENABLED'
/usr/bin/x86_64-linux-gnu-ld: ./gc.c:11669: undefined reference to `RUBY_DTRACE_GC_MARK_END'
/usr/bin/x86_64-linux-gnu-ld: gc.o: in function `gc_prof_sweep_timer_start':
./gc.c:11681: undefined reference to `RUBY_DTRACE_GC_SWEEP_BEGIN_ENABLED'
/usr/bin/x86_64-linux-gnu-ld: ./gc.c:11681: undefined reference to `RUBY_DTRACE_GC_SWEEP_BEGIN'
/usr/bin/x86_64-linux-gnu-ld: gc.o: in function `gc_prof_sweep_timer_stop':
./gc.c:11694: undefined reference to `RUBY_DTRACE_GC_SWEEP_END_ENABLED'
/usr/bin/x86_64-linux-gnu-ld: ./gc.c:11694: undefined reference to `RUBY_DTRACE_GC_SWEEP_END'
/usr/bin/x86_64-linux-gnu-ld: array.o: in function `ary_new':
./array.c:728: undefined reference to `RUBY_DTRACE_ARRAY_CREATE_ENABLED'
/usr/bin/x86_64-linux-gnu-ld: ./array.c:728: undefined reference to `RUBY_DTRACE_ARRAY_CREATE'
/usr/bin/x86_64-linux-gnu-ld: ./array.c:728: undefined reference to `RUBY_DTRACE_ARRAY_CREATE_ENABLED'
/usr/bin/x86_64-linux-gnu-ld: ./array.c:728: undefined reference to `RUBY_DTRACE_ARRAY_CREATE'
/usr/bin/x86_64-linux-gnu-ld: array.o: in function `ec_ary_new':
./array.c:816: undefined reference to `RUBY_DTRACE_ARRAY_CREATE_ENABLED'
/usr/bin/x86_64-linux-gnu-ld: ./array.c:816: undefined reference to `RUBY_DTRACE_ARRAY_CREATE'
/usr/bin/x86_64-linux-gnu-ld: array.o: in function `ary_new':
./array.c:728: undefined reference to `RUBY_DTRACE_ARRAY_CREATE_ENABLED'
/usr/bin/x86_64-linux-gnu-ld: ./array.c:728: undefined reference to `RUBY_DTRACE_ARRAY_CREATE_ENABLED'
/usr/bin/x86_64-linux-gnu-ld: ./array.c:728: undefined reference to `RUBY_DTRACE_ARRAY_CREATE'
/usr/bin/x86_64-linux-gnu-ld: ./array.c:728: undefined reference to `RUBY_DTRACE_ARRAY_CREATE'
/usr/bin/x86_64-linux-gnu-ld: array.o: in function `empty_ary_alloc':
./array.c:712: undefined reference to `RUBY_DTRACE_ARRAY_CREATE_ENABLED'
/usr/bin/x86_64-linux-gnu-ld: ./array.c:712: undefined reference to `RUBY_DTRACE_ARRAY_CREATE'
/usr/bin/x86_64-linux-gnu-ld: array.o: in function `ary_new':
./array.c:728: undefined reference to `RUBY_DTRACE_ARRAY_CREATE_ENABLED'
/usr/bin/x86_64-linux-gnu-ld: ./array.c:728: undefined reference to `RUBY_DTRACE_ARRAY_CREATE'
/usr/bin/x86_64-linux-gnu-ld: ./array.c:728: undefined reference to `RUBY_DTRACE_ARRAY_CREATE_ENABLED'
/usr/bin/x86_64-linux-gnu-ld: ./array.c:728: undefined reference to `RUBY_DTRACE_ARRAY_CREATE'
/usr/bin/x86_64-linux-gnu-ld: ./array.c:728: undefined reference to `RUBY_DTRACE_ARRAY_CREATE_ENABLED'
/usr/bin/x86_64-linux-gnu-ld: ./array.c:728: undefined reference to `RUBY_DTRACE_ARRAY_CREATE'
/usr/bin/x86_64-linux-gnu-ld: ./array.c:728: undefined reference to `RUBY_DTRACE_ARRAY_CREATE_ENABLED'
/usr/bin/x86_64-linux-gnu-ld: ./array.c:728: undefined reference to `RUBY_DTRACE_ARRAY_CREATE'
/usr/bin/x86_64-linux-gnu-ld: ./array.c:728: undefined reference to `RUBY_DTRACE_ARRAY_CREATE_ENABLED'
/usr/bin/x86_64-linux-gnu-ld: ./array.c:728: undefined reference to `RUBY_DTRACE_ARRAY_CREATE'
/usr/bin/x86_64-linux-gnu-ld: ./array.c:728: undefined reference to `RUBY_DTRACE_ARRAY_CREATE_ENABLED'
/usr/bin/x86_64-linux-gnu-ld: ./array.c:728: undefined reference to `RUBY_DTRACE_ARRAY_CREATE'
/usr/bin/x86_64-linux-gnu-ld: ./array.c:728: undefined reference to `RUBY_DTRACE_ARRAY_CREATE_ENABLED'
/usr/bin/x86_64-linux-gnu-ld: ./array.c:728: undefined reference to `RUBY_DTRACE_ARRAY_CREATE'
/usr/bin/x86_64-linux-gnu-ld: ./array.c:728: undefined reference to `RUBY_DTRACE_ARRAY_CREATE_ENABLED'
/usr/bin/x86_64-linux-gnu-ld: ./array.c:728: undefined reference to `RUBY_DTRACE_ARRAY_CREATE'
/usr/bin/x86_64-linux-gnu-ld: ./array.c:728: undefined reference to `RUBY_DTRACE_ARRAY_CREATE_ENABLED'
/usr/bin/x86_64-linux-gnu-ld: ./array.c:728: undefined reference to `RUBY_DTRACE_ARRAY_CREATE'
/usr/bin/x86_64-linux-gnu-ld: ./array.c:728: undefined reference to `RUBY_DTRACE_ARRAY_CREATE_ENABLED'
/usr/bin/x86_64-linux-gnu-ld: ./array.c:728: undefined reference to `RUBY_DTRACE_ARRAY_CREATE'
/usr/bin/x86_64-linux-gnu-ld: ./array.c:728: undefined reference to `RUBY_DTRACE_ARRAY_CREATE_ENABLED'
/usr/bin/x86_64-linux-gnu-ld: ./array.c:728: undefined reference to `RUBY_DTRACE_ARRAY_CREATE'
/usr/bin/x86_64-linux-gnu-ld: ./array.c:728: undefined reference to `RUBY_DTRACE_ARRAY_CREATE_ENABLED'
/usr/bin/x86_64-linux-gnu-ld: ./array.c:728: undefined reference to `RUBY_DTRACE_ARRAY_CREATE'
/usr/bin/x86_64-linux-gnu-ld: ./array.c:728: undefined reference to `RUBY_DTRACE_ARRAY_CREATE_ENABLED'
/usr/bin/x86_64-linux-gnu-ld: ./array.c:728: undefined reference to `RUBY_DTRACE_ARRAY_CREATE'
/usr/bin/x86_64-linux-gnu-ld: array.o: in function `rb_ary_sample':
./array.c:(.text+0xf611): undefined reference to `RUBY_DTRACE_ARRAY_CREATE_ENABLED'
/usr/bin/x86_64-linux-gnu-ld: ./array.c:(.text+0xfcf8): undefined reference to `RUBY_DTRACE_ARRAY_CREATE'
/usr/bin/x86_64-linux-gnu-ld: array.o: in function `ary_new':
./array.c:728: undefined reference to `RUBY_DTRACE_ARRAY_CREATE_ENABLED'
/usr/bin/x86_64-linux-gnu-ld: ./array.c:728: undefined reference to `RUBY_DTRACE_ARRAY_CREATE'
/usr/bin/x86_64-linux-gnu-ld: eval.o: in function `setup_exception':
./eval.c:670: undefined reference to `RUBY_DTRACE_RAISE_ENABLED'
/usr/bin/x86_64-linux-gnu-ld: ./eval.c:670: undefined reference to `RUBY_DTRACE_RAISE'
/usr/bin/x86_64-linux-gnu-ld: hash.o: in function `empty_hash_alloc':
./hash.c:1551: undefined reference to `RUBY_DTRACE_HASH_CREATE_ENABLED'
/usr/bin/x86_64-linux-gnu-ld: ./hash.c:1551: undefined reference to `RUBY_DTRACE_HASH_CREATE'
/usr/bin/x86_64-linux-gnu-ld: load.o: in function `require_internal':
./load.c:1042: undefined reference to `RUBY_DTRACE_REQUIRE_ENTRY_ENABLED'
/usr/bin/x86_64-linux-gnu-ld: ./load.c:1051: undefined reference to `RUBY_DTRACE_FIND_REQUIRE_ENTRY_ENABLED'
/usr/bin/x86_64-linux-gnu-ld: ./load.c:1053: undefined reference to `RUBY_DTRACE_FIND_REQUIRE_RETURN_ENABLED'
/usr/bin/x86_64-linux-gnu-ld: ./load.c:1042: undefined reference to `RUBY_DTRACE_REQUIRE_ENTRY'
/usr/bin/x86_64-linux-gnu-ld: ./load.c:1051: undefined reference to `RUBY_DTRACE_FIND_REQUIRE_ENTRY'
/usr/bin/x86_64-linux-gnu-ld: ./load.c:1053: undefined reference to `RUBY_DTRACE_FIND_REQUIRE_RETURN'
/usr/bin/x86_64-linux-gnu-ld: ./load.c:1115: undefined reference to `RUBY_DTRACE_REQUIRE_RETURN_ENABLED'
/usr/bin/x86_64-linux-gnu-ld: ./load.c:1115: undefined reference to `RUBY_DTRACE_REQUIRE_RETURN'
/usr/bin/x86_64-linux-gnu-ld: load.o: in function `rb_f_load':
./load.c:718: undefined reference to `RUBY_DTRACE_LOAD_ENTRY_ENABLED'
/usr/bin/x86_64-linux-gnu-ld: ./load.c:728: undefined reference to `RUBY_DTRACE_LOAD_RETURN_ENABLED'
/usr/bin/x86_64-linux-gnu-ld: ./load.c:718: undefined reference to `RUBY_DTRACE_LOAD_ENTRY'
/usr/bin/x86_64-linux-gnu-ld: ./load.c:728: undefined reference to `RUBY_DTRACE_LOAD_RETURN'
/usr/bin/x86_64-linux-gnu-ld: object.o: in function `class_call_alloc_func':
./object.c:2062: undefined reference to `RUBY_DTRACE_OBJECT_CREATE_ENABLED'
/usr/bin/x86_64-linux-gnu-ld: ./object.c:2062: undefined reference to `RUBY_DTRACE_OBJECT_CREATE'
/usr/bin/x86_64-linux-gnu-ld: parse.o: in function `yycompile0':
./parse.y:6179: undefined reference to `RUBY_DTRACE_PARSE_BEGIN_ENABLED'
/usr/bin/x86_64-linux-gnu-ld: ./parse.y:6179: undefined reference to `RUBY_DTRACE_PARSE_BEGIN'
/usr/bin/x86_64-linux-gnu-ld: ./parse.y:6181: undefined reference to `RUBY_DTRACE_PARSE_END_ENABLED'
/usr/bin/x86_64-linux-gnu-ld: ./parse.y:6181: undefined reference to `RUBY_DTRACE_PARSE_END'
/usr/bin/x86_64-linux-gnu-ld: string.o: in function `str_new0':
./string.c:793: undefined reference to `RUBY_DTRACE_STRING_CREATE_ENABLED'
/usr/bin/x86_64-linux-gnu-ld: ./string.c:793: undefined reference to `RUBY_DTRACE_STRING_CREATE'
/usr/bin/x86_64-linux-gnu-ld: string.o: in function `str_new_static':
./string.c:904: undefined reference to `RUBY_DTRACE_STRING_CREATE_ENABLED'
/usr/bin/x86_64-linux-gnu-ld: ./string.c:904: undefined reference to `RUBY_DTRACE_STRING_CREATE'
/usr/bin/x86_64-linux-gnu-ld: string.o: in function `rb_str_resurrect':
./string.c:1614: undefined reference to `RUBY_DTRACE_STRING_CREATE_ENABLED'
/usr/bin/x86_64-linux-gnu-ld: ./string.c:1614: undefined reference to `RUBY_DTRACE_STRING_CREATE'
/usr/bin/x86_64-linux-gnu-ld: string.o: in function `rb_ec_str_resurrect':
./string.c:1621: undefined reference to `RUBY_DTRACE_STRING_CREATE_ENABLED'
/usr/bin/x86_64-linux-gnu-ld: ./string.c:1621: undefined reference to `RUBY_DTRACE_STRING_CREATE'
/usr/bin/x86_64-linux-gnu-ld: string.o: in function `rb_str_resurrect':
./string.c:1614: undefined reference to `RUBY_DTRACE_STRING_CREATE_ENABLED'
/usr/bin/x86_64-linux-gnu-ld: ./string.c:1614: undefined reference to `RUBY_DTRACE_STRING_CREATE'
/usr/bin/x86_64-linux-gnu-ld: string.o: in function `empty_str_alloc':
./string.c:780: undefined reference to `RUBY_DTRACE_STRING_CREATE_ENABLED'
/usr/bin/x86_64-linux-gnu-ld: ./string.c:780: undefined reference to `RUBY_DTRACE_STRING_CREATE'
/usr/bin/x86_64-linux-gnu-ld: symbol.o: in function `dsymbol_alloc':
./symbol.c:625: undefined reference to `RUBY_DTRACE_SYMBOL_CREATE_ENABLED'
/usr/bin/x86_64-linux-gnu-ld: ./symbol.c:625: undefined reference to `RUBY_DTRACE_SYMBOL_CREATE'
/usr/bin/x86_64-linux-gnu-ld: symbol.o: in function `register_static_symid_str':
./symbol.c:553: undefined reference to `RUBY_DTRACE_SYMBOL_CREATE_ENABLED'
/usr/bin/x86_64-linux-gnu-ld: ./symbol.c:553: undefined reference to `RUBY_DTRACE_SYMBOL_CREATE'
/usr/bin/x86_64-linux-gnu-ld: vm.o: in function `vm_exec_core':
./insns.def:459: undefined reference to `RUBY_DTRACE_ARRAY_CREATE_ENABLED'
/usr/bin/x86_64-linux-gnu-ld: ./insns.def:459: undefined reference to `RUBY_DTRACE_ARRAY_CREATE'
/usr/bin/x86_64-linux-gnu-ld: ./insns.def:470: undefined reference to `RUBY_DTRACE_HASH_CREATE_ENABLED'
/usr/bin/x86_64-linux-gnu-ld: ./insns.def:470: undefined reference to `RUBY_DTRACE_HASH_CREATE'
/usr/bin/x86_64-linux-gnu-ld: ./insns.def:525: undefined reference to `RUBY_DTRACE_HASH_CREATE_ENABLED'
/usr/bin/x86_64-linux-gnu-ld: ./insns.def:525: undefined reference to `RUBY_DTRACE_HASH_CREATE'
/usr/bin/x86_64-linux-gnu-ld: vm.o: in function `vm_call0_cfunc_with_frame':
././vm_eval.c:124: undefined reference to `RUBY_DTRACE_CMETHOD_ENTRY_ENABLED'
/usr/bin/x86_64-linux-gnu-ld: ././vm_eval.c:141: undefined reference to `RUBY_DTRACE_CMETHOD_RETURN_ENABLED'
/usr/bin/x86_64-linux-gnu-ld: ././vm_eval.c:141: undefined reference to `RUBY_DTRACE_CMETHOD_RETURN'
/usr/bin/x86_64-linux-gnu-ld: ././vm_eval.c:124: undefined reference to `RUBY_DTRACE_CMETHOD_ENTRY'
/usr/bin/x86_64-linux-gnu-ld: vm.o: in function `rb_vm_pop_cfunc_frame':
./vm.c:632: undefined reference to `RUBY_DTRACE_CMETHOD_RETURN_ENABLED'
/usr/bin/x86_64-linux-gnu-ld: ./vm.c:632: undefined reference to `RUBY_DTRACE_CMETHOD_RETURN'
/usr/bin/x86_64-linux-gnu-ld: vm.o: in function `vm_exec_handle_exception':
./vm.c:2209: undefined reference to `RUBY_DTRACE_CMETHOD_RETURN_ENABLED'
/usr/bin/x86_64-linux-gnu-ld: ./vm.c:2209: undefined reference to `RUBY_DTRACE_CMETHOD_RETURN'
/usr/bin/x86_64-linux-gnu-ld: vm.o: in function `vm_call_cfunc_with_frame':
././vm_insnhelper.c:2916: undefined reference to `RUBY_DTRACE_CMETHOD_ENTRY_ENABLED'
/usr/bin/x86_64-linux-gnu-ld: ././vm_insnhelper.c:2933: undefined reference to `RUBY_DTRACE_CMETHOD_RETURN_ENABLED'
/usr/bin/x86_64-linux-gnu-ld: ././vm_insnhelper.c:2916: undefined reference to `RUBY_DTRACE_CMETHOD_ENTRY'
/usr/bin/x86_64-linux-gnu-ld: ././vm_insnhelper.c:2933: undefined reference to `RUBY_DTRACE_CMETHOD_RETURN'
/usr/bin/x86_64-linux-gnu-ld: vm.o: in function `vm_dtrace':
././vm_insnhelper.c:4208: undefined reference to `RUBY_DTRACE_METHOD_ENTRY_ENABLED'
/usr/bin/x86_64-linux-gnu-ld: ././vm_insnhelper.c:4209: undefined reference to `RUBY_DTRACE_METHOD_RETURN_ENABLED'
/usr/bin/x86_64-linux-gnu-ld: ././vm_insnhelper.c:4210: undefined reference to `RUBY_DTRACE_CMETHOD_ENTRY_ENABLED'
/usr/bin/x86_64-linux-gnu-ld: ././vm_insnhelper.c:4211: undefined reference to `RUBY_DTRACE_CMETHOD_RETURN_ENABLED'
/usr/bin/x86_64-linux-gnu-ld: ././vm_insnhelper.c:4215: undefined reference to `RUBY_DTRACE_METHOD_ENTRY_ENABLED'
/usr/bin/x86_64-linux-gnu-ld: ././vm_insnhelper.c:4215: undefined reference to `RUBY_DTRACE_METHOD_ENTRY'
/usr/bin/x86_64-linux-gnu-ld: ././vm_insnhelper.c:4218: undefined reference to `RUBY_DTRACE_CMETHOD_ENTRY_ENABLED'
/usr/bin/x86_64-linux-gnu-ld: ././vm_insnhelper.c:4218: undefined reference to `RUBY_DTRACE_CMETHOD_ENTRY'
/usr/bin/x86_64-linux-gnu-ld: ././vm_insnhelper.c:4221: undefined reference to `RUBY_DTRACE_METHOD_RETURN_ENABLED'
/usr/bin/x86_64-linux-gnu-ld: ././vm_insnhelper.c:4221: undefined reference to `RUBY_DTRACE_METHOD_RETURN'
/usr/bin/x86_64-linux-gnu-ld: ././vm_insnhelper.c:4224: undefined reference to `RUBY_DTRACE_CMETHOD_RETURN_ENABLED'
/usr/bin/x86_64-linux-gnu-ld: ././vm_insnhelper.c:4224: undefined reference to `RUBY_DTRACE_CMETHOD_RETURN'
/usr/bin/x86_64-linux-gnu-ld: vm.o: in function `invoke_bmethod':
./vm.c:1284: undefined reference to `RUBY_DTRACE_METHOD_ENTRY_ENABLED'
/usr/bin/x86_64-linux-gnu-ld: ./vm.c:1301: undefined reference to `RUBY_DTRACE_METHOD_RETURN_ENABLED'
/usr/bin/x86_64-linux-gnu-ld: ./vm.c:1284: undefined reference to `RUBY_DTRACE_METHOD_ENTRY'
/usr/bin/x86_64-linux-gnu-ld: ./vm.c:1301: undefined reference to `RUBY_DTRACE_METHOD_RETURN'
/usr/bin/x86_64-linux-gnu-ld: vm.o: in function `hook_before_rewind':
./vm.c:2007: undefined reference to `RUBY_DTRACE_METHOD_RETURN_ENABLED'
/usr/bin/x86_64-linux-gnu-ld: ./vm.c:2007: undefined reference to `RUBY_DTRACE_METHOD_RETURN'
clang: error: linker command failed with exit code 1 (use -v to see invocation)
make[2]: *** [Makefile:275: miniruby] Error 1
make[2]: Leaving directory '/<<PKGBUILDDIR>>'
dh_auto_build: error: make -j4 main V=1 returned exit code 2
make[1]: *** [debian/rules:100: override_dh_auto_build-arch] Error 25
make[1]: Leaving directory '/<<PKGBUILDDIR>>'
make: *** [debian/rules:78: binary] Error 2
dpkg-buildpackage: error: debian/rules binary subprocess returned exit status 2
--------------------------------------------------------------------------------
Build finished at 2021-10-26T20:27:33Z

Finished
--------


+------------------------------------------------------------------------------+
| Cleanup                                                                      |
+------------------------------------------------------------------------------+

Purging /<<BUILDDIR>>
Not cleaning session: cloned chroot in use
E: Build failure (dpkg-buildpackage died)

+------------------------------------------------------------------------------+
| Summary                                                                      |
+------------------------------------------------------------------------------+

Build Architecture: amd64
Build Type: binary
Build-Space: 161876
Build-Time: 77
Distribution: unstable
Fail-Stage: build
Host Architecture: amd64
Install-Time: 10
Job: ruby3.0_3.0.2-5
Machine Architecture: amd64
Package: ruby3.0
Package-Time: 110
Source-Version: 3.0.2-5
Space: 161876
Status: attempted
Version: 3.0.2-5
--------------------------------------------------------------------------------
Finished at 2021-10-26T20:27:33Z
Build needed 00:01:50, 161876k disk space
E: Build failure (dpkg-buildpackage died)
DC-Status: Failed 110.737219855s
DC-Time-Estimation: 110.737219855 versus expected 1361 (r/m: 11.290357314208373 ; m: 110.737219855)
