DC-Build-Header: rust-publicsuffix 1.5.2-1 / 2021-10-26 22:56:14 +0000
DC-Task: type:rebuild-binarch-only source:rust-publicsuffix version:1.5.2-1 chroot:unstable esttime:81 logfile:/tmp/rust-publicsuffix_1.5.2-1_unstable_clang13.log modes:clang13:binarch-only
DC-Sbuild-call: su user42 -c 'sbuild -n --arch-any --apt-update -d unstable -v --no-run-lintian --chroot-setup-commands=/tmp/clang13 rust-publicsuffix_1.5.2-1'
sbuild (Debian sbuild) 0.78.1 (09 February 2019) on ip-172-31-11-8.eu-central-1.compute.internal

+==============================================================================+
| rust-publicsuffix 1.5.2-1 (amd64)            Tue, 26 Oct 2021 22:56:14 +0000 |
+==============================================================================+

Package: rust-publicsuffix
Version: 1.5.2-1
Source Version: 1.5.2-1
Distribution: unstable
Machine Architecture: amd64
Host Architecture: amd64
Build Architecture: amd64
Build Type: binary

I: NOTICE: Log filtering will replace 'var/run/schroot/mount/sid-amd64-sbuild-55ffef28-a82d-490f-9348-62cc3d683df8' with '<<CHROOT>>'

+------------------------------------------------------------------------------+
| Chroot Setup Commands                                                        |
+------------------------------------------------------------------------------+


/tmp/clang13
------------

+ echo 'Entering customization script...'
Entering customization script...
+ CLANG_VERSION=13
+ echo 'Install of clang-13'
Install of clang-13
+ apt-get update
Get:1 http://127.0.0.1:12990/debian sid InRelease [165 kB]
Get:2 http://127.0.0.1:12990/debian sid/main Sources.diff/Index [63.6 kB]
Get:3 http://127.0.0.1:12990/debian sid/main amd64 Packages.diff/Index [63.6 kB]
Get:4 http://127.0.0.1:12990/debian sid/main Sources T-2021-10-26-2004.40-F-2021-10-26-0202.15.pdiff [47.3 kB]
Get:4 http://127.0.0.1:12990/debian sid/main Sources T-2021-10-26-2004.40-F-2021-10-26-0202.15.pdiff [47.3 kB]
Get:5 http://127.0.0.1:12990/debian sid/main amd64 Packages T-2021-10-26-2004.40-F-2021-10-26-0202.15.pdiff [55.9 kB]
Get:5 http://127.0.0.1:12990/debian sid/main amd64 Packages T-2021-10-26-2004.40-F-2021-10-26-0202.15.pdiff [55.9 kB]
Get:6 http://127.0.0.1:12990/debian sid/main Translation-en [6586 kB]
Fetched 6981 kB in 3s (2743 kB/s)
Reading package lists...
+ apt-get install --yes --no-install-recommends --force-yes clang-13 libomp-13-dev libobjc-9-dev
Reading package lists...
Building dependency tree...
The following additional packages will be installed:
  lib32gcc-s1 lib32stdc++6 libasan5 libbsd0 libc6-i386 libclang-common-13-dev
  libclang-cpp13 libclang1-13 libedit2 libgc1 libgcc-9-dev libicu67 libllvm13
  libmd0 libobjc-11-dev libobjc4 libomp5-13 libxml2 libz3-4
Suggested packages:
  clang-13-doc libomp-13-doc
Recommended packages:
  llvm-13-dev python3
The following NEW packages will be installed:
  clang-13 lib32gcc-s1 lib32stdc++6 libasan5 libbsd0 libc6-i386
  libclang-common-13-dev libclang-cpp13 libclang1-13 libedit2 libgc1
  libgcc-9-dev libicu67 libllvm13 libmd0 libobjc-11-dev libobjc-9-dev libobjc4
  libomp-13-dev libomp5-13 libxml2 libz3-4
0 upgraded, 22 newly installed, 0 to remove and 0 not upgraded.
Need to get 68.5 MB of archives.
After this operation, 379 MB of additional disk space will be used.
Get:1 http://127.0.0.1:12990/debian sid/main amd64 libmd0 amd64 1.0.4-1 [29.6 kB]
Get:2 http://127.0.0.1:12990/debian sid/main amd64 libbsd0 amd64 0.11.3-1 [108 kB]
Get:3 http://127.0.0.1:12990/debian sid/main amd64 libedit2 amd64 3.1-20210910-1 [97.5 kB]
Get:4 http://127.0.0.1:12990/debian sid/main amd64 libicu67 amd64 67.1-7 [8622 kB]
Get:5 http://127.0.0.1:12990/debian sid/main amd64 libxml2 amd64 2.9.12+dfsg-5 [696 kB]
Get:6 http://127.0.0.1:12990/debian sid/main amd64 libz3-4 amd64 4.8.12-1+b1 [6997 kB]
Get:7 http://127.0.0.1:12990/debian sid/main amd64 libllvm13 amd64 1:13.0.0-8 [19.7 MB]
Get:8 http://127.0.0.1:12990/debian sid/main amd64 libclang-cpp13 amd64 1:13.0.0-8 [10.5 MB]
Get:9 http://127.0.0.1:12990/debian sid/main amd64 libgc1 amd64 1:8.0.4-3 [239 kB]
Get:10 http://127.0.0.1:12990/debian sid/main amd64 libobjc4 amd64 11.2.0-10 [43.2 kB]
Get:11 http://127.0.0.1:12990/debian sid/main amd64 libobjc-11-dev amd64 11.2.0-10 [170 kB]
Get:12 http://127.0.0.1:12990/debian sid/main amd64 libc6-i386 amd64 2.32-4 [2624 kB]
Get:13 http://127.0.0.1:12990/debian sid/main amd64 lib32gcc-s1 amd64 11.2.0-10 [49.9 kB]
Get:14 http://127.0.0.1:12990/debian sid/main amd64 lib32stdc++6 amd64 11.2.0-10 [601 kB]
Get:15 http://127.0.0.1:12990/debian sid/main amd64 libclang-common-13-dev amd64 1:13.0.0-8 [5730 kB]
Get:16 http://127.0.0.1:12990/debian sid/main amd64 libclang1-13 amd64 1:13.0.0-8 [6093 kB]
Get:17 http://127.0.0.1:12990/debian sid/main amd64 clang-13 amd64 1:13.0.0-8 [119 kB]
Get:18 http://127.0.0.1:12990/debian sid/main amd64 libasan5 amd64 9.4.0-3 [2734 kB]
Get:19 http://127.0.0.1:12990/debian sid/main amd64 libgcc-9-dev amd64 9.4.0-3 [2343 kB]
Get:20 http://127.0.0.1:12990/debian sid/main amd64 libobjc-9-dev amd64 9.4.0-3 [219 kB]
Get:21 http://127.0.0.1:12990/debian sid/main amd64 libomp5-13 amd64 1:13.0.0-8 [377 kB]
Get:22 http://127.0.0.1:12990/debian sid/main amd64 libomp-13-dev amd64 1:13.0.0-8 [482 kB]
debconf: delaying package configuration, since apt-utils is not installed
Fetched 68.5 MB in 0s (146 MB/s)
Selecting previously unselected package libmd0:amd64.
(Reading database ... (Reading database ... 5%(Reading database ... 10%(Reading database ... 15%(Reading database ... 20%(Reading database ... 25%(Reading database ... 30%(Reading database ... 35%(Reading database ... 40%(Reading database ... 45%(Reading database ... 50%(Reading database ... 55%(Reading database ... 60%(Reading database ... 65%(Reading database ... 70%(Reading database ... 75%(Reading database ... 80%(Reading database ... 85%(Reading database ... 90%(Reading database ... 95%(Reading database ... 100%(Reading database ... 12431 files and directories currently installed.)
Preparing to unpack .../00-libmd0_1.0.4-1_amd64.deb ...
Unpacking libmd0:amd64 (1.0.4-1) ...
Selecting previously unselected package libbsd0:amd64.
Preparing to unpack .../01-libbsd0_0.11.3-1_amd64.deb ...
Unpacking libbsd0:amd64 (0.11.3-1) ...
Selecting previously unselected package libedit2:amd64.
Preparing to unpack .../02-libedit2_3.1-20210910-1_amd64.deb ...
Unpacking libedit2:amd64 (3.1-20210910-1) ...
Selecting previously unselected package libicu67:amd64.
Preparing to unpack .../03-libicu67_67.1-7_amd64.deb ...
Unpacking libicu67:amd64 (67.1-7) ...
Selecting previously unselected package libxml2:amd64.
Preparing to unpack .../04-libxml2_2.9.12+dfsg-5_amd64.deb ...
Unpacking libxml2:amd64 (2.9.12+dfsg-5) ...
Selecting previously unselected package libz3-4:amd64.
Preparing to unpack .../05-libz3-4_4.8.12-1+b1_amd64.deb ...
Unpacking libz3-4:amd64 (4.8.12-1+b1) ...
Selecting previously unselected package libllvm13:amd64.
Preparing to unpack .../06-libllvm13_1%3a13.0.0-8_amd64.deb ...
Unpacking libllvm13:amd64 (1:13.0.0-8) ...
Selecting previously unselected package libclang-cpp13.
Preparing to unpack .../07-libclang-cpp13_1%3a13.0.0-8_amd64.deb ...
Unpacking libclang-cpp13 (1:13.0.0-8) ...
Selecting previously unselected package libgc1:amd64.
Preparing to unpack .../08-libgc1_1%3a8.0.4-3_amd64.deb ...
Unpacking libgc1:amd64 (1:8.0.4-3) ...
Selecting previously unselected package libobjc4:amd64.
Preparing to unpack .../09-libobjc4_11.2.0-10_amd64.deb ...
Unpacking libobjc4:amd64 (11.2.0-10) ...
Selecting previously unselected package libobjc-11-dev:amd64.
Preparing to unpack .../10-libobjc-11-dev_11.2.0-10_amd64.deb ...
Unpacking libobjc-11-dev:amd64 (11.2.0-10) ...
Selecting previously unselected package libc6-i386.
Preparing to unpack .../11-libc6-i386_2.32-4_amd64.deb ...
Unpacking libc6-i386 (2.32-4) ...
Selecting previously unselected package lib32gcc-s1.
Preparing to unpack .../12-lib32gcc-s1_11.2.0-10_amd64.deb ...
Unpacking lib32gcc-s1 (11.2.0-10) ...
Selecting previously unselected package lib32stdc++6.
Preparing to unpack .../13-lib32stdc++6_11.2.0-10_amd64.deb ...
Unpacking lib32stdc++6 (11.2.0-10) ...
Selecting previously unselected package libclang-common-13-dev.
Preparing to unpack .../14-libclang-common-13-dev_1%3a13.0.0-8_amd64.deb ...
Unpacking libclang-common-13-dev (1:13.0.0-8) ...
Selecting previously unselected package libclang1-13.
Preparing to unpack .../15-libclang1-13_1%3a13.0.0-8_amd64.deb ...
Unpacking libclang1-13 (1:13.0.0-8) ...
Selecting previously unselected package clang-13.
Preparing to unpack .../16-clang-13_1%3a13.0.0-8_amd64.deb ...
Unpacking clang-13 (1:13.0.0-8) ...
Selecting previously unselected package libasan5:amd64.
Preparing to unpack .../17-libasan5_9.4.0-3_amd64.deb ...
Unpacking libasan5:amd64 (9.4.0-3) ...
Selecting previously unselected package libgcc-9-dev:amd64.
Preparing to unpack .../18-libgcc-9-dev_9.4.0-3_amd64.deb ...
Unpacking libgcc-9-dev:amd64 (9.4.0-3) ...
Selecting previously unselected package libobjc-9-dev:amd64.
Preparing to unpack .../19-libobjc-9-dev_9.4.0-3_amd64.deb ...
Unpacking libobjc-9-dev:amd64 (9.4.0-3) ...
Selecting previously unselected package libomp5-13:amd64.
Preparing to unpack .../20-libomp5-13_1%3a13.0.0-8_amd64.deb ...
Unpacking libomp5-13:amd64 (1:13.0.0-8) ...
Selecting previously unselected package libomp-13-dev.
Preparing to unpack .../21-libomp-13-dev_1%3a13.0.0-8_amd64.deb ...
Unpacking libomp-13-dev (1:13.0.0-8) ...
Setting up libicu67:amd64 (67.1-7) ...
Setting up libasan5:amd64 (9.4.0-3) ...
Setting up libz3-4:amd64 (4.8.12-1+b1) ...
Setting up libgc1:amd64 (1:8.0.4-3) ...
Setting up libmd0:amd64 (1.0.4-1) ...
Setting up libc6-i386 (2.32-4) ...
Setting up libomp5-13:amd64 (1:13.0.0-8) ...
Setting up libbsd0:amd64 (0.11.3-1) ...
Setting up libxml2:amd64 (2.9.12+dfsg-5) ...
Setting up libedit2:amd64 (3.1-20210910-1) ...
Setting up libobjc4:amd64 (11.2.0-10) ...
Setting up libgcc-9-dev:amd64 (9.4.0-3) ...
Setting up lib32gcc-s1 (11.2.0-10) ...
Setting up lib32stdc++6 (11.2.0-10) ...
Setting up libllvm13:amd64 (1:13.0.0-8) ...
Setting up libobjc-9-dev:amd64 (9.4.0-3) ...
Setting up libclang-common-13-dev (1:13.0.0-8) ...
Setting up libomp-13-dev (1:13.0.0-8) ...
Setting up libobjc-11-dev:amd64 (11.2.0-10) ...
Setting up libclang1-13 (1:13.0.0-8) ...
Setting up libclang-cpp13 (1:13.0.0-8) ...
Setting up clang-13 (1:13.0.0-8) ...
Processing triggers for libc-bin (2.32-4) ...
W: --force-yes is deprecated, use one of the options starting with --allow instead.
+ echo 'Replace gcc, g++ & cpp by clang'
Replace gcc, g++ & cpp by clang
+ VERSIONS='4.6 4.7 4.8 4.9 5 6 7 8 9 10 11'
+ cd /usr/bin
+ for VERSION in $VERSIONS
+ rm -f g++-4.6 gcc-4.6 cpp-4.6 gcc
+ ln -s clang++-13 g++-4.6
+ ln -s clang-13 gcc-4.6
+ ln -s clang-13 cpp-4.6
+ ln -s clang-13 gcc
+ echo 'gcc-4.6 hold'
+ dpkg --set-selections
dpkg: warning: package not in status nor available database at line 1: gcc-4.6
dpkg: warning: found unknown packages; this might mean the available database
is outdated, and needs to be updated through a frontend method;
please see the FAQ <https://wiki.debian.org/Teams/Dpkg/FAQ>
+ echo 'g++-4.6 hold'
+ dpkg --set-selections
dpkg: warning: package not in status nor available database at line 1: g++-4.6
dpkg: warning: found unknown packages; this might mean the available database
is outdated, and needs to be updated through a frontend method;
please see the FAQ <https://wiki.debian.org/Teams/Dpkg/FAQ>
+ for VERSION in $VERSIONS
+ rm -f g++-4.7 gcc-4.7 cpp-4.7 gcc
+ ln -s clang++-13 g++-4.7
+ ln -s clang-13 gcc-4.7
+ ln -s clang-13 cpp-4.7
+ ln -s clang-13 gcc
+ echo 'gcc-4.7 hold'
+ dpkg --set-selections
dpkg: warning: package not in status nor available database at line 1: gcc-4.7
dpkg: warning: found unknown packages; this might mean the available database
is outdated, and needs to be updated through a frontend method;
please see the FAQ <https://wiki.debian.org/Teams/Dpkg/FAQ>
+ echo 'g++-4.7 hold'
+ dpkg --set-selections
dpkg: warning: package not in status nor available database at line 1: g++-4.7
dpkg: warning: found unknown packages; this might mean the available database
is outdated, and needs to be updated through a frontend method;
please see the FAQ <https://wiki.debian.org/Teams/Dpkg/FAQ>
+ for VERSION in $VERSIONS
+ rm -f g++-4.8 gcc-4.8 cpp-4.8 gcc
+ ln -s clang++-13 g++-4.8
+ ln -s clang-13 gcc-4.8
+ ln -s clang-13 cpp-4.8
+ ln -s clang-13 gcc
+ echo 'gcc-4.8 hold'
+ dpkg --set-selections
dpkg: warning: package not in status nor available database at line 1: gcc-4.8
dpkg: warning: found unknown packages; this might mean the available database
is outdated, and needs to be updated through a frontend method;
please see the FAQ <https://wiki.debian.org/Teams/Dpkg/FAQ>
+ echo 'g++-4.8 hold'
+ dpkg --set-selections
dpkg: warning: package not in status nor available database at line 1: g++-4.8
dpkg: warning: found unknown packages; this might mean the available database
is outdated, and needs to be updated through a frontend method;
please see the FAQ <https://wiki.debian.org/Teams/Dpkg/FAQ>
+ for VERSION in $VERSIONS
+ rm -f g++-4.9 gcc-4.9 cpp-4.9 gcc
+ ln -s clang++-13 g++-4.9
+ ln -s clang-13 gcc-4.9
+ ln -s clang-13 cpp-4.9
+ ln -s clang-13 gcc
+ echo 'gcc-4.9 hold'
+ dpkg --set-selections
dpkg: warning: package not in status nor available database at line 1: gcc-4.9
dpkg: warning: found unknown packages; this might mean the available database
is outdated, and needs to be updated through a frontend method;
please see the FAQ <https://wiki.debian.org/Teams/Dpkg/FAQ>
+ echo 'g++-4.9 hold'
+ dpkg --set-selections
dpkg: warning: package not in status nor available database at line 1: g++-4.9
dpkg: warning: found unknown packages; this might mean the available database
is outdated, and needs to be updated through a frontend method;
please see the FAQ <https://wiki.debian.org/Teams/Dpkg/FAQ>
+ for VERSION in $VERSIONS
+ rm -f g++-5 gcc-5 cpp-5 gcc
+ ln -s clang++-13 g++-5
+ ln -s clang-13 gcc-5
+ ln -s clang-13 cpp-5
+ ln -s clang-13 gcc
+ echo 'gcc-5 hold'
+ dpkg --set-selections
dpkg: warning: package not in status nor available database at line 1: gcc-5
dpkg: warning: found unknown packages; this might mean the available database
is outdated, and needs to be updated through a frontend method;
please see the FAQ <https://wiki.debian.org/Teams/Dpkg/FAQ>
+ echo 'g++-5 hold'
+ dpkg --set-selections
dpkg: warning: package not in status nor available database at line 1: g++-5
dpkg: warning: found unknown packages; this might mean the available database
is outdated, and needs to be updated through a frontend method;
please see the FAQ <https://wiki.debian.org/Teams/Dpkg/FAQ>
+ for VERSION in $VERSIONS
+ rm -f g++-6 gcc-6 cpp-6 gcc
+ ln -s clang++-13 g++-6
+ ln -s clang-13 gcc-6
+ ln -s clang-13 cpp-6
+ ln -s clang-13 gcc
+ echo 'gcc-6 hold'
+ dpkg --set-selections
dpkg: warning: package not in status nor available database at line 1: gcc-6
dpkg: warning: found unknown packages; this might mean the available database
is outdated, and needs to be updated through a frontend method;
please see the FAQ <https://wiki.debian.org/Teams/Dpkg/FAQ>
+ echo 'g++-6 hold'
+ dpkg --set-selections
dpkg: warning: package not in status nor available database at line 1: g++-6
dpkg: warning: found unknown packages; this might mean the available database
is outdated, and needs to be updated through a frontend method;
please see the FAQ <https://wiki.debian.org/Teams/Dpkg/FAQ>
+ for VERSION in $VERSIONS
+ rm -f g++-7 gcc-7 cpp-7 gcc
+ ln -s clang++-13 g++-7
+ ln -s clang-13 gcc-7
+ ln -s clang-13 cpp-7
+ ln -s clang-13 gcc
+ echo 'gcc-7 hold'
+ dpkg --set-selections
dpkg: warning: package not in status nor available database at line 1: gcc-7
dpkg: warning: found unknown packages; this might mean the available database
is outdated, and needs to be updated through a frontend method;
please see the FAQ <https://wiki.debian.org/Teams/Dpkg/FAQ>
+ echo 'g++-7 hold'
+ dpkg --set-selections
dpkg: warning: package not in status nor available database at line 1: g++-7
dpkg: warning: found unknown packages; this might mean the available database
is outdated, and needs to be updated through a frontend method;
please see the FAQ <https://wiki.debian.org/Teams/Dpkg/FAQ>
+ for VERSION in $VERSIONS
+ rm -f g++-8 gcc-8 cpp-8 gcc
+ ln -s clang++-13 g++-8
+ ln -s clang-13 gcc-8
+ ln -s clang-13 cpp-8
+ ln -s clang-13 gcc
+ echo 'gcc-8 hold'
+ dpkg --set-selections
dpkg: warning: package not in status nor available database at line 1: gcc-8
dpkg: warning: found unknown packages; this might mean the available database
is outdated, and needs to be updated through a frontend method;
please see the FAQ <https://wiki.debian.org/Teams/Dpkg/FAQ>
+ echo 'g++-8 hold'
+ dpkg --set-selections
dpkg: warning: package not in status nor available database at line 1: g++-8
dpkg: warning: found unknown packages; this might mean the available database
is outdated, and needs to be updated through a frontend method;
please see the FAQ <https://wiki.debian.org/Teams/Dpkg/FAQ>
+ for VERSION in $VERSIONS
+ rm -f g++-9 gcc-9 cpp-9 gcc
+ ln -s clang++-13 g++-9
+ ln -s clang-13 gcc-9
+ ln -s clang-13 cpp-9
+ ln -s clang-13 gcc
+ echo 'gcc-9 hold'
+ dpkg --set-selections
dpkg: warning: package not in status nor available database at line 1: gcc-9
dpkg: warning: found unknown packages; this might mean the available database
is outdated, and needs to be updated through a frontend method;
please see the FAQ <https://wiki.debian.org/Teams/Dpkg/FAQ>
+ echo 'g++-9 hold'
+ dpkg --set-selections
dpkg: warning: package not in status nor available database at line 1: g++-9
dpkg: warning: found unknown packages; this might mean the available database
is outdated, and needs to be updated through a frontend method;
please see the FAQ <https://wiki.debian.org/Teams/Dpkg/FAQ>
+ for VERSION in $VERSIONS
+ rm -f g++-10 gcc-10 cpp-10 gcc
+ ln -s clang++-13 g++-10
+ ln -s clang-13 gcc-10
+ ln -s clang-13 cpp-10
+ ln -s clang-13 gcc
+ echo 'gcc-10 hold'
+ dpkg --set-selections
dpkg: warning: package not in status nor available database at line 1: gcc-10
dpkg: warning: found unknown packages; this might mean the available database
is outdated, and needs to be updated through a frontend method;
please see the FAQ <https://wiki.debian.org/Teams/Dpkg/FAQ>
+ echo 'g++-10 hold'
+ dpkg --set-selections
dpkg: warning: package not in status nor available database at line 1: g++-10
dpkg: warning: found unknown packages; this might mean the available database
is outdated, and needs to be updated through a frontend method;
please see the FAQ <https://wiki.debian.org/Teams/Dpkg/FAQ>
+ for VERSION in $VERSIONS
+ rm -f g++-11 gcc-11 cpp-11 gcc
+ ln -s clang++-13 g++-11
+ ln -s clang-13 gcc-11
+ ln -s clang-13 cpp-11
+ ln -s clang-13 gcc
+ echo 'gcc-11 hold'
+ dpkg --set-selections
+ echo 'g++-11 hold'
+ dpkg --set-selections
+ cd -
/build/rust-publicsuffix-itZfKF
+ echo 'Check if gcc, g++ & cpp are actually clang'
Check if gcc, g++ & cpp are actually clang
+ gcc --version
+ grep clang
+ cpp --version
+ grep clang
+ g++ --version
+ grep clang
+ cd /usr/bin/
+ rm -f clang++ clang
+ ln -s clang-13 clang++
+ ln -s clang-13 clang
+ clang++ --version
Debian clang version 13.0.0-8
Target: x86_64-pc-linux-gnu
Thread model: posix
InstalledDir: /usr/bin
+ clang --version
Debian clang version 13.0.0-8
Target: x86_64-pc-linux-gnu
Thread model: posix
InstalledDir: /usr/bin
+ cd -
/build/rust-publicsuffix-itZfKF
+ apt install --yes --no-install-recommends --force-yes qt5-qmake

WARNING: apt does not have a stable CLI interface. Use with caution in scripts.

Reading package lists...
Building dependency tree...
Reading state information...
The following additional packages will be installed:
  qt5-qmake-bin qtchooser
The following NEW packages will be installed:
  qt5-qmake qt5-qmake-bin qtchooser
0 upgraded, 3 newly installed, 0 to remove and 0 not upgraded.
Need to get 1322 kB of archives.
After this operation, 4914 kB of additional disk space will be used.
Get:1 http://127.0.0.1:12990/debian sid/main amd64 qt5-qmake-bin amd64 5.15.2+dfsg-12 [1046 kB]
Get:2 http://127.0.0.1:12990/debian sid/main amd64 qtchooser amd64 66-2 [26.3 kB]
Get:3 http://127.0.0.1:12990/debian sid/main amd64 qt5-qmake amd64 5.15.2+dfsg-12 [249 kB]
debconf: delaying package configuration, since apt-utils is not installed
Fetched 1322 kB in 0s (19.7 MB/s)
Selecting previously unselected package qt5-qmake-bin.
(Reading database ... (Reading database ... 5%(Reading database ... 10%(Reading database ... 15%(Reading database ... 20%(Reading database ... 25%(Reading database ... 30%(Reading database ... 35%(Reading database ... 40%(Reading database ... 45%(Reading database ... 50%(Reading database ... 55%(Reading database ... 60%(Reading database ... 65%(Reading database ... 70%(Reading database ... 75%(Reading database ... 80%(Reading database ... 85%(Reading database ... 90%(Reading database ... 95%(Reading database ... 100%(Reading database ... 13528 files and directories currently installed.)
Preparing to unpack .../qt5-qmake-bin_5.15.2+dfsg-12_amd64.deb ...
Unpacking qt5-qmake-bin (5.15.2+dfsg-12) ...
Selecting previously unselected package qtchooser.
Preparing to unpack .../qtchooser_66-2_amd64.deb ...
Unpacking qtchooser (66-2) ...
Selecting previously unselected package qt5-qmake:amd64.
Preparing to unpack .../qt5-qmake_5.15.2+dfsg-12_amd64.deb ...
Unpacking qt5-qmake:amd64 (5.15.2+dfsg-12) ...
Setting up qt5-qmake-bin (5.15.2+dfsg-12) ...
Setting up qtchooser (66-2) ...
Setting up qt5-qmake:amd64 (5.15.2+dfsg-12) ...
W: --force-yes is deprecated, use one of the options starting with --allow instead.
+ cp /usr/lib/x86_64-linux-gnu/qt5/mkspecs/linux-clang/qmake.conf /usr/lib/x86_64-linux-gnu/qt5/mkspecs/linux-clang/qplatformdefs.h /usr/lib/x86_64-linux-gnu/qt5/mkspecs/linux-g++/
+ ls -al /usr/lib/x86_64-linux-gnu/qt5/mkspecs/linux-g++/
total 16
drwxr-xr-x  2 root root 4096 Oct 26 22:56 .
drwxr-xr-x 76 root root 4096 Oct 26 22:56 ..
-rw-r--r--  1 root root  276 Oct 26 22:56 qmake.conf
-rw-r--r--  1 root root 3218 Oct 26 22:56 qplatformdefs.h
+ cat /usr/lib/x86_64-linux-gnu/qt5/mkspecs/linux-g++/qmake.conf
#
# qmake configuration for linux-clang
#

MAKEFILE_GENERATOR = UNIX
CONFIG += incremental

QMAKE_INCREMENTAL_STYLE = sublib

include(../common/linux.conf)
include(../common/gcc-base-unix.conf)
include(../common/clang.conf)

QMAKE_LFLAGS += -ccc-gcc-name g++

load(qt_config)
+ export QMAKESPEC=/usr/lib/x86_64-linux-gnu/qt5/mkspecs/linux-clang/
+ QMAKESPEC=/usr/lib/x86_64-linux-gnu/qt5/mkspecs/linux-clang/
+ sed -i -e 's|compare_problem(2,|compare_problem(0,|g' /usr/bin/dpkg-gensymbols
+ sed -i -e 's|compare_problem(1,|compare_problem(0,|g' /usr/bin/dpkg-gensymbols
+ grep 'compare_problem(' /usr/bin/dpkg-gensymbols
        compare_problem(4, g_('new libraries appeared in the symbols file: %s'), "@libs");
        compare_problem(3, g_('some libraries disappeared in the symbols file: %s'), "@libs");
        compare_problem(0, g_('some new symbols appeared in the symbols file: %s'),
        compare_problem(0, g_('some symbols or patterns disappeared in the symbols file: %s'),

I: Finished running '/tmp/clang13'.

Finished processing commands.
--------------------------------------------------------------------------------
I: NOTICE: Log filtering will replace 'build/rust-publicsuffix-itZfKF/resolver-Gq1CWO' with '<<RESOLVERDIR>>'

+------------------------------------------------------------------------------+
| Update chroot                                                                |
+------------------------------------------------------------------------------+

Hit:1 http://127.0.0.1:12990/debian sid InRelease
Reading package lists...
Reading package lists...
Building dependency tree...
Reading state information...
Calculating upgrade...
0 upgraded, 0 newly installed, 0 to remove and 0 not upgraded.

+------------------------------------------------------------------------------+
| Fetch source files                                                           |
+------------------------------------------------------------------------------+


Check APT
---------

Checking available source versions...

Download source files with APT
------------------------------

Reading package lists...
NOTICE: 'rust-publicsuffix' packaging is maintained in the 'Git' version control system at:
https://salsa.debian.org/rust-team/debcargo-conf.git [src/publicsuffix]
Please use:
git clone https://salsa.debian.org/rust-team/debcargo-conf.git [src/publicsuffix]
to retrieve the latest (possibly unreleased) updates to the package.
Need to get 22.7 kB of source archives.
Get:1 http://127.0.0.1:12990/debian sid/main rust-publicsuffix 1.5.2-1 (dsc) [2211 B]
Get:2 http://127.0.0.1:12990/debian sid/main rust-publicsuffix 1.5.2-1 (tar) [16.5 kB]
Get:3 http://127.0.0.1:12990/debian sid/main rust-publicsuffix 1.5.2-1 (diff) [3992 B]
Fetched 22.7 kB in 0s (293 kB/s)
Download complete and in download only mode
I: NOTICE: Log filtering will replace 'build/rust-publicsuffix-itZfKF/rust-publicsuffix-1.5.2' with '<<PKGBUILDDIR>>'
I: NOTICE: Log filtering will replace 'build/rust-publicsuffix-itZfKF' with '<<BUILDDIR>>'

+------------------------------------------------------------------------------+
| Install package build dependencies                                           |
+------------------------------------------------------------------------------+


Setup apt archive
-----------------

Merged Build-Depends: debhelper (>= 11), dh-cargo (>= 15), cargo, rustc, libstd-rust-dev, librust-error-chain-0.12+default-dev, librust-idna-0.2+default-dev, librust-lazy-static-1+default-dev, librust-native-tls-0.2+default-dev, librust-regex-1+default-dev, librust-url-2+default-dev, build-essential, fakeroot
Filtered Build-Depends: debhelper (>= 11), dh-cargo (>= 15), cargo, rustc, libstd-rust-dev, librust-error-chain-0.12+default-dev, librust-idna-0.2+default-dev, librust-lazy-static-1+default-dev, librust-native-tls-0.2+default-dev, librust-regex-1+default-dev, librust-url-2+default-dev, build-essential, fakeroot
dpkg-deb: building package 'sbuild-build-depends-main-dummy' in '/<<RESOLVERDIR>>/apt_archive/sbuild-build-depends-main-dummy.deb'.
Ign:1 copy:/<<RESOLVERDIR>>/apt_archive ./ InRelease
Get:2 copy:/<<RESOLVERDIR>>/apt_archive ./ Release [957 B]
Ign:3 copy:/<<RESOLVERDIR>>/apt_archive ./ Release.gpg
Get:4 copy:/<<RESOLVERDIR>>/apt_archive ./ Sources [462 B]
Get:5 copy:/<<RESOLVERDIR>>/apt_archive ./ Packages [536 B]
Fetched 1955 B in 0s (190 kB/s)
Reading package lists...
Reading package lists...

Install main build dependencies (apt-based resolver)
----------------------------------------------------

Installing build dependencies
Reading package lists...
Building dependency tree...
Reading state information...
The following additional packages will be installed:
  autoconf automake autopoint autotools-dev bsdextrautils cargo debhelper
  dh-autoreconf dh-cargo dh-strip-nondeterminism dwz file gettext gettext-base
  groff-base intltool-debian libarchive-zip-perl libbrotli1 libcurl3-gnutls
  libdebhelper-perl libelf1 libexpat1 libfile-stripnondeterminism-perl
  libgit2-1.1 libglib2.0-0 libhttp-parser2.9 libldap-2.4-2 libmagic-mgc
  libmagic1 libmbedcrypto3 libmbedtls12 libmbedx509-0 libmpdec3 libncursesw6
  libnghttp2-14 libpipeline1 libpsl5 libpython3-stdlib libpython3.9-minimal
  libpython3.9-stdlib libreadline8 librtmp1 librust-aho-corasick+std-dev
  librust-aho-corasick-dev librust-autocfg-dev
  librust-backtrace+backtrace-sys-dev librust-backtrace+default-dev
  librust-backtrace-dev librust-backtrace-sys-dev librust-bitflags-dev
  librust-cc-dev librust-cfg-if-0.1-dev librust-cfg-if-dev
  librust-cloudabi+default-dev librust-cloudabi-dev
  librust-core-foundation-sys-dev librust-error-chain+default-dev
  librust-error-chain-dev librust-foreign-types-0.3-dev
  librust-foreign-types-shared-0.1-dev librust-form-urlencoded-dev
  librust-getrandom-dev librust-idna-dev librust-lazy-static-dev
  librust-libc-dev librust-lock-api-dev librust-log-dev librust-matches-dev
  librust-memchr-dev librust-native-tls-dev librust-once-cell-dev
  librust-openssl-dev librust-openssl-probe-dev librust-openssl-sys-dev
  librust-parking-lot-core-dev librust-parking-lot-dev
  librust-percent-encoding-dev librust-pkg-config-dev librust-ppv-lite86-dev
  librust-rand+alloc-dev librust-rand+getrandom-dev librust-rand+std-dev
  librust-rand-chacha+std-dev librust-rand-chacha-dev
  librust-rand-core+getrandom-dev librust-rand-core+std-dev
  librust-rand-core-dev librust-rand-dev librust-rand-hc-dev
  librust-redox-syscall-dev librust-regex+default-dev
  librust-regex+perf-cache-dev librust-regex+perf-dev
  librust-regex+perf-literal-dev librust-regex+unicode-age-dev
  librust-regex+unicode-bool-dev librust-regex+unicode-case-dev
  librust-regex+unicode-dev librust-regex+unicode-gencat-dev
  librust-regex+unicode-perl-dev librust-regex+unicode-script-dev
  librust-regex+unicode-segment-dev librust-regex-dev
  librust-regex-syntax+unicode-dev librust-regex-syntax-dev
  librust-remove-dir-all-dev librust-rustc-demangle-dev librust-schannel-dev
  librust-scopeguard-dev librust-security-framework-sys-dev
  librust-smallvec-dev librust-tempfile-dev librust-thread-local-dev
  librust-unicode-bidi-dev librust-unicode-normalization-dev librust-url-dev
  librust-vcpkg-dev librust-version-check-dev librust-winapi-dev
  librust-winapi-i686-pc-windows-gnu-dev
  librust-winapi-x86-64-pc-windows-gnu-dev libsasl2-2 libsasl2-modules-db
  libsigsegv2 libsqlite3-0 libssh2-1 libssl-dev libstd-rust-1.56
  libstd-rust-dev libsub-override-perl libtool libuchardet0 m4 man-db
  media-types pkg-config po-debconf python3 python3-minimal python3.9
  python3.9-minimal readline-common rustc sensible-utils
Suggested packages:
  autoconf-archive gnu-standards autoconf-doc cargo-doc dh-make gettext-doc
  libasprintf-dev libgettextpo-dev groff librust-backtrace+addr2line-dev
  librust-backtrace+compiler-builtins-dev librust-backtrace+core-dev
  librust-backtrace+cpp-demangle-dev librust-backtrace+findshlibs-dev
  librust-backtrace+gimli-symbolize-dev librust-backtrace+goblin-dev
  librust-backtrace+memmap-dev librust-backtrace+rustc-serialize-dev
  librust-backtrace+serde-dev librust-backtrace+verify-winapi-dev
  librust-backtrace+winapi-dev librust-backtrace-sys+compiler-builtins-dev
  librust-backtrace-sys+core-dev librust-backtrace-sys+rustc-dep-of-std-dev
  librust-cc+jobserver-dev librust-cfg-if-0.1+core-dev librust-cfg-if+core-dev
  librust-cloudabi+bitflags-dev librust-error-chain+backtrace-dev
  librust-getrandom+compiler-builtins-dev librust-getrandom+core-dev
  librust-getrandom+log-dev librust-getrandom+rustc-dep-of-std-dev
  librust-lazy-static+spin-dev librust-libc+rustc-dep-of-std-dev
  librust-libc+rustc-std-workspace-core-dev librust-lock-api+owning-ref-dev
  librust-lock-api+serde-dev librust-log+serde-dev librust-memchr+libc-dev
  librust-native-tls+vendored-dev librust-parking-lot-core+backtrace-dev
  librust-parking-lot-core+deadlock-detection-dev
  librust-parking-lot-core+petgraph-dev librust-parking-lot-core+thread-id-dev
  librust-parking-lot+deadlock-detection-dev librust-parking-lot+nightly-dev
  librust-parking-lot+owning-ref-dev librust-parking-lot+serde-dev
  librust-rand-core+serde-dev librust-rand+getrandom-package-dev
  librust-rand+libc-dev librust-rand+log-dev librust-rand+packed-simd-dev
  librust-rand+rand-pcg-dev librust-rand+stdweb-dev
  librust-rand+wasm-bindgen-dev librust-regex+aho-corasick-dev
  librust-regex+memchr-dev librust-rustc-demangle+compiler-builtins-dev
  librust-rustc-demangle+core-dev librust-rustc-demangle+rustc-dep-of-std-dev
  librust-smallvec+serde-dev librust-unicode-bidi+serde-dev
  librust-url+serde-dev libssl-doc libtool-doc gfortran | fortran95-compiler
  gcj-jdk m4-doc apparmor less www-browser libmail-box-perl python3-doc
  python3-tk python3-venv python3.9-venv python3.9-doc binfmt-support
  readline-doc lld-13
Recommended packages:
  curl | wget | lynx ca-certificates libarchive-cpio-perl libglib2.0-data
  shared-mime-info xdg-user-dirs libldap-common libgpm2 publicsuffix
  librust-ppv-lite86+default-dev librust-rand-chacha+default-dev
  libsasl2-modules libltdl-dev libmail-sendmail-perl llvm-13
The following NEW packages will be installed:
  autoconf automake autopoint autotools-dev bsdextrautils cargo debhelper
  dh-autoreconf dh-cargo dh-strip-nondeterminism dwz file gettext gettext-base
  groff-base intltool-debian libarchive-zip-perl libbrotli1 libcurl3-gnutls
  libdebhelper-perl libelf1 libexpat1 libfile-stripnondeterminism-perl
  libgit2-1.1 libglib2.0-0 libhttp-parser2.9 libldap-2.4-2 libmagic-mgc
  libmagic1 libmbedcrypto3 libmbedtls12 libmbedx509-0 libmpdec3 libncursesw6
  libnghttp2-14 libpipeline1 libpsl5 libpython3-stdlib libpython3.9-minimal
  libpython3.9-stdlib libreadline8 librtmp1 librust-aho-corasick+std-dev
  librust-aho-corasick-dev librust-autocfg-dev
  librust-backtrace+backtrace-sys-dev librust-backtrace+default-dev
  librust-backtrace-dev librust-backtrace-sys-dev librust-bitflags-dev
  librust-cc-dev librust-cfg-if-0.1-dev librust-cfg-if-dev
  librust-cloudabi+default-dev librust-cloudabi-dev
  librust-core-foundation-sys-dev librust-error-chain+default-dev
  librust-error-chain-dev librust-foreign-types-0.3-dev
  librust-foreign-types-shared-0.1-dev librust-form-urlencoded-dev
  librust-getrandom-dev librust-idna-dev librust-lazy-static-dev
  librust-libc-dev librust-lock-api-dev librust-log-dev librust-matches-dev
  librust-memchr-dev librust-native-tls-dev librust-once-cell-dev
  librust-openssl-dev librust-openssl-probe-dev librust-openssl-sys-dev
  librust-parking-lot-core-dev librust-parking-lot-dev
  librust-percent-encoding-dev librust-pkg-config-dev librust-ppv-lite86-dev
  librust-rand+alloc-dev librust-rand+getrandom-dev librust-rand+std-dev
  librust-rand-chacha+std-dev librust-rand-chacha-dev
  librust-rand-core+getrandom-dev librust-rand-core+std-dev
  librust-rand-core-dev librust-rand-dev librust-rand-hc-dev
  librust-redox-syscall-dev librust-regex+default-dev
  librust-regex+perf-cache-dev librust-regex+perf-dev
  librust-regex+perf-literal-dev librust-regex+unicode-age-dev
  librust-regex+unicode-bool-dev librust-regex+unicode-case-dev
  librust-regex+unicode-dev librust-regex+unicode-gencat-dev
  librust-regex+unicode-perl-dev librust-regex+unicode-script-dev
  librust-regex+unicode-segment-dev librust-regex-dev
  librust-regex-syntax+unicode-dev librust-regex-syntax-dev
  librust-remove-dir-all-dev librust-rustc-demangle-dev librust-schannel-dev
  librust-scopeguard-dev librust-security-framework-sys-dev
  librust-smallvec-dev librust-tempfile-dev librust-thread-local-dev
  librust-unicode-bidi-dev librust-unicode-normalization-dev librust-url-dev
  librust-vcpkg-dev librust-version-check-dev librust-winapi-dev
  librust-winapi-i686-pc-windows-gnu-dev
  librust-winapi-x86-64-pc-windows-gnu-dev libsasl2-2 libsasl2-modules-db
  libsigsegv2 libsqlite3-0 libssh2-1 libssl-dev libstd-rust-1.56
  libstd-rust-dev libsub-override-perl libtool libuchardet0 m4 man-db
  media-types pkg-config po-debconf python3 python3-minimal python3.9
  python3.9-minimal readline-common rustc sbuild-build-depends-main-dummy
  sensible-utils
0 upgraded, 145 newly installed, 0 to remove and 0 not upgraded.
Need to get 80.0 MB of archives.
After this operation, 353 MB of additional disk space will be used.
Get:1 copy:/<<RESOLVERDIR>>/apt_archive ./ sbuild-build-depends-main-dummy 0.invalid.0 [960 B]
Get:2 http://127.0.0.1:12990/debian sid/main amd64 bsdextrautils amd64 2.37.2-4 [143 kB]
Get:3 http://127.0.0.1:12990/debian sid/main amd64 libuchardet0 amd64 0.0.7-1 [67.8 kB]
Get:4 http://127.0.0.1:12990/debian sid/main amd64 groff-base amd64 1.22.4-7 [935 kB]
Get:5 http://127.0.0.1:12990/debian sid/main amd64 libpipeline1 amd64 1.5.3-1 [34.3 kB]
Get:6 http://127.0.0.1:12990/debian sid/main amd64 man-db amd64 2.9.4-2 [1354 kB]
Get:7 http://127.0.0.1:12990/debian sid/main amd64 libpython3.9-minimal amd64 3.9.7-4 [804 kB]
Get:8 http://127.0.0.1:12990/debian sid/main amd64 libexpat1 amd64 2.4.1-3 [104 kB]
Get:9 http://127.0.0.1:12990/debian sid/main amd64 python3.9-minimal amd64 3.9.7-4 [1963 kB]
Get:10 http://127.0.0.1:12990/debian sid/main amd64 python3-minimal amd64 3.9.2-3 [38.2 kB]
Get:11 http://127.0.0.1:12990/debian sid/main amd64 media-types all 4.0.0 [30.3 kB]
Get:12 http://127.0.0.1:12990/debian sid/main amd64 libmpdec3 amd64 2.5.1-2 [87.8 kB]
Get:13 http://127.0.0.1:12990/debian sid/main amd64 libncursesw6 amd64 6.2+20210905-1 [133 kB]
Get:14 http://127.0.0.1:12990/debian sid/main amd64 readline-common all 8.1-2 [73.8 kB]
Get:15 http://127.0.0.1:12990/debian sid/main amd64 libreadline8 amd64 8.1-2 [168 kB]
Get:16 http://127.0.0.1:12990/debian sid/main amd64 libsqlite3-0 amd64 3.36.0-2 [815 kB]
Get:17 http://127.0.0.1:12990/debian sid/main amd64 libpython3.9-stdlib amd64 3.9.7-4 [1688 kB]
Get:18 http://127.0.0.1:12990/debian sid/main amd64 python3.9 amd64 3.9.7-4 [480 kB]
Get:19 http://127.0.0.1:12990/debian sid/main amd64 libpython3-stdlib amd64 3.9.2-3 [21.4 kB]
Get:20 http://127.0.0.1:12990/debian sid/main amd64 python3 amd64 3.9.2-3 [37.9 kB]
Get:21 http://127.0.0.1:12990/debian sid/main amd64 sensible-utils all 0.0.17 [21.5 kB]
Get:22 http://127.0.0.1:12990/debian sid/main amd64 libmagic-mgc amd64 1:5.39-3 [273 kB]
Get:23 http://127.0.0.1:12990/debian sid/main amd64 libmagic1 amd64 1:5.39-3 [126 kB]
Get:24 http://127.0.0.1:12990/debian sid/main amd64 file amd64 1:5.39-3 [69.1 kB]
Get:25 http://127.0.0.1:12990/debian sid/main amd64 gettext-base amd64 0.21-4 [175 kB]
Get:26 http://127.0.0.1:12990/debian sid/main amd64 libsigsegv2 amd64 2.13-1 [34.8 kB]
Get:27 http://127.0.0.1:12990/debian sid/main amd64 m4 amd64 1.4.18-5 [204 kB]
Get:28 http://127.0.0.1:12990/debian sid/main amd64 autoconf all 2.71-2 [343 kB]
Get:29 http://127.0.0.1:12990/debian sid/main amd64 autotools-dev all 20180224.1+nmu1 [77.1 kB]
Get:30 http://127.0.0.1:12990/debian sid/main amd64 automake all 1:1.16.5-1 [823 kB]
Get:31 http://127.0.0.1:12990/debian sid/main amd64 autopoint all 0.21-4 [510 kB]
Get:32 http://127.0.0.1:12990/debian sid/main amd64 libbrotli1 amd64 1.0.9-2+b2 [279 kB]
Get:33 http://127.0.0.1:12990/debian sid/main amd64 libsasl2-modules-db amd64 2.1.27+dfsg-2.1 [69.1 kB]
Get:34 http://127.0.0.1:12990/debian sid/main amd64 libsasl2-2 amd64 2.1.27+dfsg-2.1 [106 kB]
Get:35 http://127.0.0.1:12990/debian sid/main amd64 libldap-2.4-2 amd64 2.4.59+dfsg-1 [232 kB]
Get:36 http://127.0.0.1:12990/debian sid/main amd64 libnghttp2-14 amd64 1.43.0-1 [77.1 kB]
Get:37 http://127.0.0.1:12990/debian sid/main amd64 libpsl5 amd64 0.21.0-1.2 [57.3 kB]
Get:38 http://127.0.0.1:12990/debian sid/main amd64 librtmp1 amd64 2.4+20151223.gitfa8646d.1-2+b2 [60.8 kB]
Get:39 http://127.0.0.1:12990/debian sid/main amd64 libssh2-1 amd64 1.10.0-2 [178 kB]
Get:40 http://127.0.0.1:12990/debian sid/main amd64 libcurl3-gnutls amd64 7.74.0-1.3+b1 [338 kB]
Get:41 http://127.0.0.1:12990/debian sid/main amd64 libhttp-parser2.9 amd64 2.9.4-4 [22.1 kB]
Get:42 http://127.0.0.1:12990/debian sid/main amd64 libmbedcrypto3 amd64 2.16.9-0.1 [219 kB]
Get:43 http://127.0.0.1:12990/debian sid/main amd64 libmbedx509-0 amd64 2.16.9-0.1 [109 kB]
Get:44 http://127.0.0.1:12990/debian sid/main amd64 libmbedtls12 amd64 2.16.9-0.1 [139 kB]
Get:45 http://127.0.0.1:12990/debian sid/main amd64 libgit2-1.1 amd64 1.1.0+dfsg.1-4.1 [443 kB]
Get:46 http://127.0.0.1:12990/debian sid/main amd64 libstd-rust-1.56 amd64 1.56.0+dfsg1-2 [17.6 MB]
Get:47 http://127.0.0.1:12990/debian sid/main amd64 libstd-rust-dev amd64 1.56.0+dfsg1-2 [31.6 MB]
Get:48 http://127.0.0.1:12990/debian sid/main amd64 rustc amd64 1.56.0+dfsg1-2 [3530 kB]
Get:49 http://127.0.0.1:12990/debian sid/main amd64 cargo amd64 0.57.0-3 [3080 kB]
Get:50 http://127.0.0.1:12990/debian sid/main amd64 libdebhelper-perl all 13.5.2 [192 kB]
Get:51 http://127.0.0.1:12990/debian sid/main amd64 libtool all 2.4.6-15 [513 kB]
Get:52 http://127.0.0.1:12990/debian sid/main amd64 dh-autoreconf all 20 [17.1 kB]
Get:53 http://127.0.0.1:12990/debian sid/main amd64 libarchive-zip-perl all 1.68-1 [104 kB]
Get:54 http://127.0.0.1:12990/debian sid/main amd64 libsub-override-perl all 0.09-2 [10.2 kB]
Get:55 http://127.0.0.1:12990/debian sid/main amd64 libfile-stripnondeterminism-perl all 1.12.0-2 [26.3 kB]
Get:56 http://127.0.0.1:12990/debian sid/main amd64 dh-strip-nondeterminism all 1.12.0-2 [15.5 kB]
Get:57 http://127.0.0.1:12990/debian sid/main amd64 libelf1 amd64 0.185-2 [172 kB]
Get:58 http://127.0.0.1:12990/debian sid/main amd64 dwz amd64 0.14-1 [98.3 kB]
Get:59 http://127.0.0.1:12990/debian sid/main amd64 gettext amd64 0.21-4 [1311 kB]
Get:60 http://127.0.0.1:12990/debian sid/main amd64 intltool-debian all 0.35.0+20060710.5 [26.8 kB]
Get:61 http://127.0.0.1:12990/debian sid/main amd64 po-debconf all 1.0.21+nmu1 [248 kB]
Get:62 http://127.0.0.1:12990/debian sid/main amd64 debhelper all 13.5.2 [1056 kB]
Get:63 http://127.0.0.1:12990/debian sid/main amd64 dh-cargo all 26 [10.7 kB]
Get:64 http://127.0.0.1:12990/debian sid/main amd64 libglib2.0-0 amd64 2.70.0-3 [1401 kB]
Get:65 http://127.0.0.1:12990/debian sid/main amd64 librust-memchr-dev amd64 2.3.3-1 [22.1 kB]
Get:66 http://127.0.0.1:12990/debian sid/main amd64 librust-aho-corasick-dev amd64 0.7.10-1 [89.8 kB]
Get:67 http://127.0.0.1:12990/debian sid/main amd64 librust-aho-corasick+std-dev amd64 0.7.10-1 [1132 B]
Get:68 http://127.0.0.1:12990/debian sid/main amd64 librust-autocfg-dev amd64 1.0.1-1 [14.5 kB]
Get:69 http://127.0.0.1:12990/debian sid/main amd64 librust-cfg-if-0.1-dev amd64 0.1.10-2 [10.1 kB]
Get:70 http://127.0.0.1:12990/debian sid/main amd64 librust-libc-dev amd64 0.2.103-1 [234 kB]
Get:71 http://127.0.0.1:12990/debian sid/main amd64 librust-rustc-demangle-dev amd64 0.1.16-4 [19.8 kB]
Get:72 http://127.0.0.1:12990/debian sid/main amd64 librust-backtrace-dev amd64 0.3.44-6 [55.7 kB]
Get:73 http://127.0.0.1:12990/debian sid/main amd64 librust-backtrace-sys-dev amd64 0.1.37-1 [10.6 kB]
Get:74 http://127.0.0.1:12990/debian sid/main amd64 librust-backtrace+backtrace-sys-dev amd64 0.3.44-6 [1124 B]
Get:75 http://127.0.0.1:12990/debian sid/main amd64 librust-backtrace+default-dev amd64 0.3.44-6 [1080 B]
Get:76 http://127.0.0.1:12990/debian sid/main amd64 librust-bitflags-dev amd64 1.2.1-1 [19.2 kB]
Get:77 http://127.0.0.1:12990/debian sid/main amd64 librust-cc-dev amd64 1.0.71-2 [52.1 kB]
Get:78 http://127.0.0.1:12990/debian sid/main amd64 librust-cfg-if-dev amd64 1.0.0-1 [10.4 kB]
Get:79 http://127.0.0.1:12990/debian sid/main amd64 librust-cloudabi-dev amd64 0.0.3-1+b1 [21.7 kB]
Get:80 http://127.0.0.1:12990/debian sid/main amd64 librust-cloudabi+default-dev amd64 0.0.3-1+b1 [1088 B]
Get:81 http://127.0.0.1:12990/debian sid/main amd64 librust-core-foundation-sys-dev amd64 0.8.1-1 [18.1 kB]
Get:82 http://127.0.0.1:12990/debian sid/main amd64 librust-version-check-dev amd64 0.9.2-1 [13.2 kB]
Get:83 http://127.0.0.1:12990/debian sid/main amd64 librust-error-chain-dev amd64 0.12.4-1 [29.6 kB]
Get:84 http://127.0.0.1:12990/debian sid/main amd64 librust-error-chain+default-dev amd64 0.12.4-1 [1064 B]
Get:85 http://127.0.0.1:12990/debian sid/main amd64 librust-foreign-types-shared-0.1-dev amd64 0.1.1-1+b2 [7524 B]
Get:86 http://127.0.0.1:12990/debian sid/main amd64 librust-foreign-types-0.3-dev amd64 0.3.2-1+b2 [9340 B]
Get:87 http://127.0.0.1:12990/debian sid/main amd64 librust-matches-dev amd64 0.1.8-1 [4032 B]
Get:88 http://127.0.0.1:12990/debian sid/main amd64 librust-percent-encoding-dev amd64 2.1.0-2 [10.7 kB]
Get:89 http://127.0.0.1:12990/debian sid/main amd64 librust-form-urlencoded-dev amd64 1.0.1-1+b1 [10.5 kB]
Get:90 http://127.0.0.1:12990/debian sid/main amd64 librust-getrandom-dev amd64 0.1.13-4 [27.3 kB]
Get:91 http://127.0.0.1:12990/debian sid/main amd64 librust-unicode-bidi-dev amd64 0.3.7-1 [29.1 kB]
Get:92 http://127.0.0.1:12990/debian sid/main amd64 librust-smallvec-dev amd64 1.7.0-1 [27.3 kB]
Get:93 http://127.0.0.1:12990/debian sid/main amd64 librust-unicode-normalization-dev amd64 0.1.12-1 [74.4 kB]
Get:94 http://127.0.0.1:12990/debian sid/main amd64 librust-idna-dev amd64 0.2.0-1 [188 kB]
Get:95 http://127.0.0.1:12990/debian sid/main amd64 librust-lazy-static-dev amd64 1.4.0-1 [12.0 kB]
Get:96 http://127.0.0.1:12990/debian sid/main amd64 librust-scopeguard-dev amd64 1.1.0-1 [12.9 kB]
Get:97 http://127.0.0.1:12990/debian sid/main amd64 librust-lock-api-dev amd64 0.3.4-1 [18.3 kB]
Get:98 http://127.0.0.1:12990/debian sid/main amd64 librust-log-dev amd64 0.4.11-2 [37.9 kB]
Get:99 http://127.0.0.1:12990/debian sid/main amd64 librust-redox-syscall-dev amd64 0.1.57-2 [18.4 kB]
Get:100 http://127.0.0.1:12990/debian sid/main amd64 librust-winapi-i686-pc-windows-gnu-dev amd64 0.4.0-1+b1 [3900 B]
Get:101 http://127.0.0.1:12990/debian sid/main amd64 librust-winapi-x86-64-pc-windows-gnu-dev amd64 0.4.0-1+b1 [3916 B]
Get:102 http://127.0.0.1:12990/debian sid/main amd64 librust-winapi-dev amd64 0.3.9-1 [899 kB]
Get:103 http://127.0.0.1:12990/debian sid/main amd64 librust-parking-lot-core-dev amd64 0.7.2-1 [32.5 kB]
Get:104 http://127.0.0.1:12990/debian sid/main amd64 librust-parking-lot-dev amd64 0.10.0-1 [35.4 kB]
Get:105 http://127.0.0.1:12990/debian sid/main amd64 librust-once-cell-dev amd64 1.5.2-1 [27.2 kB]
Get:106 http://127.0.0.1:12990/debian sid/main amd64 pkg-config amd64 0.29.2-1 [65.1 kB]
Get:107 http://127.0.0.1:12990/debian sid/main amd64 librust-pkg-config-dev amd64 0.3.21-1 [19.9 kB]
Get:108 http://127.0.0.1:12990/debian sid/main amd64 librust-vcpkg-dev amd64 0.2.8-1 [12.7 kB]
Get:109 http://127.0.0.1:12990/debian sid/main amd64 libssl-dev amd64 1.1.1l-1 [1809 kB]
Get:110 http://127.0.0.1:12990/debian sid/main amd64 librust-openssl-sys-dev amd64 0.9.67-1 [51.7 kB]
Get:111 http://127.0.0.1:12990/debian sid/main amd64 librust-openssl-dev amd64 0.10.36-1 [171 kB]
Get:112 http://127.0.0.1:12990/debian sid/main amd64 librust-openssl-probe-dev amd64 0.1.2-1+b1 [8276 B]
Get:113 http://127.0.0.1:12990/debian sid/main amd64 librust-schannel-dev amd64 0.1.19-1 [39.4 kB]
Get:114 http://127.0.0.1:12990/debian sid/main amd64 librust-security-framework-sys-dev amd64 0.4.2-2 [12.8 kB]
Get:115 http://127.0.0.1:12990/debian sid/main amd64 librust-ppv-lite86-dev amd64 0.2.6-2 [19.9 kB]
Get:116 http://127.0.0.1:12990/debian sid/main amd64 librust-rand-core-dev amd64 0.5.1-1 [22.7 kB]
Get:117 http://127.0.0.1:12990/debian sid/main amd64 librust-rand-chacha-dev amd64 0.2.2-1 [15.0 kB]
Get:118 http://127.0.0.1:12990/debian sid/main amd64 librust-rand-hc-dev amd64 0.2.0-1+b1 [13.5 kB]
Get:119 http://127.0.0.1:12990/debian sid/main amd64 librust-rand-dev amd64 0.7.3-3 [99.4 kB]
Get:120 http://127.0.0.1:12990/debian sid/main amd64 librust-rand+alloc-dev amd64 0.7.3-3 [1052 B]
Get:121 http://127.0.0.1:12990/debian sid/main amd64 librust-rand-core+getrandom-dev amd64 0.5.1-1 [1064 B]
Get:122 http://127.0.0.1:12990/debian sid/main amd64 librust-rand+getrandom-dev amd64 0.7.3-3 [1076 B]
Get:123 http://127.0.0.1:12990/debian sid/main amd64 librust-rand-chacha+std-dev amd64 0.2.2-1 [1060 B]
Get:124 http://127.0.0.1:12990/debian sid/main amd64 librust-rand-core+std-dev amd64 0.5.1-1 [1076 B]
Get:125 http://127.0.0.1:12990/debian sid/main amd64 librust-rand+std-dev amd64 0.7.3-3 [1140 B]
Get:126 http://127.0.0.1:12990/debian sid/main amd64 librust-remove-dir-all-dev amd64 0.5.2-1 [10.3 kB]
Get:127 http://127.0.0.1:12990/debian sid/main amd64 librust-tempfile-dev amd64 3.1.0-1 [25.6 kB]
Get:128 http://127.0.0.1:12990/debian sid/main amd64 librust-native-tls-dev amd64 0.2.4-1 [29.9 kB]
Get:129 http://127.0.0.1:12990/debian sid/main amd64 librust-regex-syntax-dev amd64 0.6.25-1 [148 kB]
Get:130 http://127.0.0.1:12990/debian sid/main amd64 librust-regex-dev amd64 1.3.9-1 [198 kB]
Get:131 http://127.0.0.1:12990/debian sid/main amd64 librust-thread-local-dev amd64 1.1.3-3 [15.0 kB]
Get:132 http://127.0.0.1:12990/debian sid/main amd64 librust-regex+perf-cache-dev amd64 1.3.9-1 [1328 B]
Get:133 http://127.0.0.1:12990/debian sid/main amd64 librust-regex+perf-literal-dev amd64 1.3.9-1 [1304 B]
Get:134 http://127.0.0.1:12990/debian sid/main amd64 librust-regex+perf-dev amd64 1.3.9-1 [1268 B]
Get:135 http://127.0.0.1:12990/debian sid/main amd64 librust-regex+unicode-age-dev amd64 1.3.9-1 [1280 B]
Get:136 http://127.0.0.1:12990/debian sid/main amd64 librust-regex+unicode-bool-dev amd64 1.3.9-1 [1284 B]
Get:137 http://127.0.0.1:12990/debian sid/main amd64 librust-regex+unicode-case-dev amd64 1.3.9-1 [1284 B]
Get:138 http://127.0.0.1:12990/debian sid/main amd64 librust-regex+unicode-gencat-dev amd64 1.3.9-1 [1288 B]
Get:139 http://127.0.0.1:12990/debian sid/main amd64 librust-regex+unicode-perl-dev amd64 1.3.9-1 [1280 B]
Get:140 http://127.0.0.1:12990/debian sid/main amd64 librust-regex+unicode-script-dev amd64 1.3.9-1 [1284 B]
Get:141 http://127.0.0.1:12990/debian sid/main amd64 librust-regex+unicode-segment-dev amd64 1.3.9-1 [1288 B]
Get:142 http://127.0.0.1:12990/debian sid/main amd64 librust-regex-syntax+unicode-dev amd64 0.6.25-1 [1300 B]
Get:143 http://127.0.0.1:12990/debian sid/main amd64 librust-regex+unicode-dev amd64 1.3.9-1 [1308 B]
Get:144 http://127.0.0.1:12990/debian sid/main amd64 librust-regex+default-dev amd64 1.3.9-1 [1288 B]
Get:145 http://127.0.0.1:12990/debian sid/main amd64 librust-url-dev amd64 2.2.2-1 [60.4 kB]
debconf: delaying package configuration, since apt-utils is not installed
Fetched 80.0 MB in 1s (109 MB/s)
Selecting previously unselected package bsdextrautils.
(Reading database ... 14273 files and directories currently installed.)
Preparing to unpack .../0-bsdextrautils_2.37.2-4_amd64.deb ...
Unpacking bsdextrautils (2.37.2-4) ...
Selecting previously unselected package libuchardet0:amd64.
Preparing to unpack .../1-libuchardet0_0.0.7-1_amd64.deb ...
Unpacking libuchardet0:amd64 (0.0.7-1) ...
Selecting previously unselected package groff-base.
Preparing to unpack .../2-groff-base_1.22.4-7_amd64.deb ...
Unpacking groff-base (1.22.4-7) ...
Selecting previously unselected package libpipeline1:amd64.
Preparing to unpack .../3-libpipeline1_1.5.3-1_amd64.deb ...
Unpacking libpipeline1:amd64 (1.5.3-1) ...
Selecting previously unselected package man-db.
Preparing to unpack .../4-man-db_2.9.4-2_amd64.deb ...
Unpacking man-db (2.9.4-2) ...
Selecting previously unselected package libpython3.9-minimal:amd64.
Preparing to unpack .../5-libpython3.9-minimal_3.9.7-4_amd64.deb ...
Unpacking libpython3.9-minimal:amd64 (3.9.7-4) ...
Selecting previously unselected package libexpat1:amd64.
Preparing to unpack .../6-libexpat1_2.4.1-3_amd64.deb ...
Unpacking libexpat1:amd64 (2.4.1-3) ...
Selecting previously unselected package python3.9-minimal.
Preparing to unpack .../7-python3.9-minimal_3.9.7-4_amd64.deb ...
Unpacking python3.9-minimal (3.9.7-4) ...
Setting up libpython3.9-minimal:amd64 (3.9.7-4) ...
Setting up libexpat1:amd64 (2.4.1-3) ...
Setting up python3.9-minimal (3.9.7-4) ...
Selecting previously unselected package python3-minimal.
(Reading database ... 15140 files and directories currently installed.)
Preparing to unpack .../0-python3-minimal_3.9.2-3_amd64.deb ...
Unpacking python3-minimal (3.9.2-3) ...
Selecting previously unselected package media-types.
Preparing to unpack .../1-media-types_4.0.0_all.deb ...
Unpacking media-types (4.0.0) ...
Selecting previously unselected package libmpdec3:amd64.
Preparing to unpack .../2-libmpdec3_2.5.1-2_amd64.deb ...
Unpacking libmpdec3:amd64 (2.5.1-2) ...
Selecting previously unselected package libncursesw6:amd64.
Preparing to unpack .../3-libncursesw6_6.2+20210905-1_amd64.deb ...
Unpacking libncursesw6:amd64 (6.2+20210905-1) ...
Selecting previously unselected package readline-common.
Preparing to unpack .../4-readline-common_8.1-2_all.deb ...
Unpacking readline-common (8.1-2) ...
Selecting previously unselected package libreadline8:amd64.
Preparing to unpack .../5-libreadline8_8.1-2_amd64.deb ...
Unpacking libreadline8:amd64 (8.1-2) ...
Selecting previously unselected package libsqlite3-0:amd64.
Preparing to unpack .../6-libsqlite3-0_3.36.0-2_amd64.deb ...
Unpacking libsqlite3-0:amd64 (3.36.0-2) ...
Selecting previously unselected package libpython3.9-stdlib:amd64.
Preparing to unpack .../7-libpython3.9-stdlib_3.9.7-4_amd64.deb ...
Unpacking libpython3.9-stdlib:amd64 (3.9.7-4) ...
Selecting previously unselected package python3.9.
Preparing to unpack .../8-python3.9_3.9.7-4_amd64.deb ...
Unpacking python3.9 (3.9.7-4) ...
Selecting previously unselected package libpython3-stdlib:amd64.
Preparing to unpack .../9-libpython3-stdlib_3.9.2-3_amd64.deb ...
Unpacking libpython3-stdlib:amd64 (3.9.2-3) ...
Setting up python3-minimal (3.9.2-3) ...
Selecting previously unselected package python3.
(Reading database ... 15579 files and directories currently installed.)
Preparing to unpack .../000-python3_3.9.2-3_amd64.deb ...
Unpacking python3 (3.9.2-3) ...
Selecting previously unselected package sensible-utils.
Preparing to unpack .../001-sensible-utils_0.0.17_all.deb ...
Unpacking sensible-utils (0.0.17) ...
Selecting previously unselected package libmagic-mgc.
Preparing to unpack .../002-libmagic-mgc_1%3a5.39-3_amd64.deb ...
Unpacking libmagic-mgc (1:5.39-3) ...
Selecting previously unselected package libmagic1:amd64.
Preparing to unpack .../003-libmagic1_1%3a5.39-3_amd64.deb ...
Unpacking libmagic1:amd64 (1:5.39-3) ...
Selecting previously unselected package file.
Preparing to unpack .../004-file_1%3a5.39-3_amd64.deb ...
Unpacking file (1:5.39-3) ...
Selecting previously unselected package gettext-base.
Preparing to unpack .../005-gettext-base_0.21-4_amd64.deb ...
Unpacking gettext-base (0.21-4) ...
Selecting previously unselected package libsigsegv2:amd64.
Preparing to unpack .../006-libsigsegv2_2.13-1_amd64.deb ...
Unpacking libsigsegv2:amd64 (2.13-1) ...
Selecting previously unselected package m4.
Preparing to unpack .../007-m4_1.4.18-5_amd64.deb ...
Unpacking m4 (1.4.18-5) ...
Selecting previously unselected package autoconf.
Preparing to unpack .../008-autoconf_2.71-2_all.deb ...
Unpacking autoconf (2.71-2) ...
Selecting previously unselected package autotools-dev.
Preparing to unpack .../009-autotools-dev_20180224.1+nmu1_all.deb ...
Unpacking autotools-dev (20180224.1+nmu1) ...
Selecting previously unselected package automake.
Preparing to unpack .../010-automake_1%3a1.16.5-1_all.deb ...
Unpacking automake (1:1.16.5-1) ...
Selecting previously unselected package autopoint.
Preparing to unpack .../011-autopoint_0.21-4_all.deb ...
Unpacking autopoint (0.21-4) ...
Selecting previously unselected package libbrotli1:amd64.
Preparing to unpack .../012-libbrotli1_1.0.9-2+b2_amd64.deb ...
Unpacking libbrotli1:amd64 (1.0.9-2+b2) ...
Selecting previously unselected package libsasl2-modules-db:amd64.
Preparing to unpack .../013-libsasl2-modules-db_2.1.27+dfsg-2.1_amd64.deb ...
Unpacking libsasl2-modules-db:amd64 (2.1.27+dfsg-2.1) ...
Selecting previously unselected package libsasl2-2:amd64.
Preparing to unpack .../014-libsasl2-2_2.1.27+dfsg-2.1_amd64.deb ...
Unpacking libsasl2-2:amd64 (2.1.27+dfsg-2.1) ...
Selecting previously unselected package libldap-2.4-2:amd64.
Preparing to unpack .../015-libldap-2.4-2_2.4.59+dfsg-1_amd64.deb ...
Unpacking libldap-2.4-2:amd64 (2.4.59+dfsg-1) ...
Selecting previously unselected package libnghttp2-14:amd64.
Preparing to unpack .../016-libnghttp2-14_1.43.0-1_amd64.deb ...
Unpacking libnghttp2-14:amd64 (1.43.0-1) ...
Selecting previously unselected package libpsl5:amd64.
Preparing to unpack .../017-libpsl5_0.21.0-1.2_amd64.deb ...
Unpacking libpsl5:amd64 (0.21.0-1.2) ...
Selecting previously unselected package librtmp1:amd64.
Preparing to unpack .../018-librtmp1_2.4+20151223.gitfa8646d.1-2+b2_amd64.deb ...
Unpacking librtmp1:amd64 (2.4+20151223.gitfa8646d.1-2+b2) ...
Selecting previously unselected package libssh2-1:amd64.
Preparing to unpack .../019-libssh2-1_1.10.0-2_amd64.deb ...
Unpacking libssh2-1:amd64 (1.10.0-2) ...
Selecting previously unselected package libcurl3-gnutls:amd64.
Preparing to unpack .../020-libcurl3-gnutls_7.74.0-1.3+b1_amd64.deb ...
Unpacking libcurl3-gnutls:amd64 (7.74.0-1.3+b1) ...
Selecting previously unselected package libhttp-parser2.9:amd64.
Preparing to unpack .../021-libhttp-parser2.9_2.9.4-4_amd64.deb ...
Unpacking libhttp-parser2.9:amd64 (2.9.4-4) ...
Selecting previously unselected package libmbedcrypto3:amd64.
Preparing to unpack .../022-libmbedcrypto3_2.16.9-0.1_amd64.deb ...
Unpacking libmbedcrypto3:amd64 (2.16.9-0.1) ...
Selecting previously unselected package libmbedx509-0:amd64.
Preparing to unpack .../023-libmbedx509-0_2.16.9-0.1_amd64.deb ...
Unpacking libmbedx509-0:amd64 (2.16.9-0.1) ...
Selecting previously unselected package libmbedtls12:amd64.
Preparing to unpack .../024-libmbedtls12_2.16.9-0.1_amd64.deb ...
Unpacking libmbedtls12:amd64 (2.16.9-0.1) ...
Selecting previously unselected package libgit2-1.1:amd64.
Preparing to unpack .../025-libgit2-1.1_1.1.0+dfsg.1-4.1_amd64.deb ...
Unpacking libgit2-1.1:amd64 (1.1.0+dfsg.1-4.1) ...
Selecting previously unselected package libstd-rust-1.56:amd64.
Preparing to unpack .../026-libstd-rust-1.56_1.56.0+dfsg1-2_amd64.deb ...
Unpacking libstd-rust-1.56:amd64 (1.56.0+dfsg1-2) ...
Selecting previously unselected package libstd-rust-dev:amd64.
Preparing to unpack .../027-libstd-rust-dev_1.56.0+dfsg1-2_amd64.deb ...
Unpacking libstd-rust-dev:amd64 (1.56.0+dfsg1-2) ...
Selecting previously unselected package rustc.
Preparing to unpack .../028-rustc_1.56.0+dfsg1-2_amd64.deb ...
Unpacking rustc (1.56.0+dfsg1-2) ...
Selecting previously unselected package cargo.
Preparing to unpack .../029-cargo_0.57.0-3_amd64.deb ...
Unpacking cargo (0.57.0-3) ...
Selecting previously unselected package libdebhelper-perl.
Preparing to unpack .../030-libdebhelper-perl_13.5.2_all.deb ...
Unpacking libdebhelper-perl (13.5.2) ...
Selecting previously unselected package libtool.
Preparing to unpack .../031-libtool_2.4.6-15_all.deb ...
Unpacking libtool (2.4.6-15) ...
Selecting previously unselected package dh-autoreconf.
Preparing to unpack .../032-dh-autoreconf_20_all.deb ...
Unpacking dh-autoreconf (20) ...
Selecting previously unselected package libarchive-zip-perl.
Preparing to unpack .../033-libarchive-zip-perl_1.68-1_all.deb ...
Unpacking libarchive-zip-perl (1.68-1) ...
Selecting previously unselected package libsub-override-perl.
Preparing to unpack .../034-libsub-override-perl_0.09-2_all.deb ...
Unpacking libsub-override-perl (0.09-2) ...
Selecting previously unselected package libfile-stripnondeterminism-perl.
Preparing to unpack .../035-libfile-stripnondeterminism-perl_1.12.0-2_all.deb ...
Unpacking libfile-stripnondeterminism-perl (1.12.0-2) ...
Selecting previously unselected package dh-strip-nondeterminism.
Preparing to unpack .../036-dh-strip-nondeterminism_1.12.0-2_all.deb ...
Unpacking dh-strip-nondeterminism (1.12.0-2) ...
Selecting previously unselected package libelf1:amd64.
Preparing to unpack .../037-libelf1_0.185-2_amd64.deb ...
Unpacking libelf1:amd64 (0.185-2) ...
Selecting previously unselected package dwz.
Preparing to unpack .../038-dwz_0.14-1_amd64.deb ...
Unpacking dwz (0.14-1) ...
Selecting previously unselected package gettext.
Preparing to unpack .../039-gettext_0.21-4_amd64.deb ...
Unpacking gettext (0.21-4) ...
Selecting previously unselected package intltool-debian.
Preparing to unpack .../040-intltool-debian_0.35.0+20060710.5_all.deb ...
Unpacking intltool-debian (0.35.0+20060710.5) ...
Selecting previously unselected package po-debconf.
Preparing to unpack .../041-po-debconf_1.0.21+nmu1_all.deb ...
Unpacking po-debconf (1.0.21+nmu1) ...
Selecting previously unselected package debhelper.
Preparing to unpack .../042-debhelper_13.5.2_all.deb ...
Unpacking debhelper (13.5.2) ...
Selecting previously unselected package dh-cargo.
Preparing to unpack .../043-dh-cargo_26_all.deb ...
Unpacking dh-cargo (26) ...
Selecting previously unselected package libglib2.0-0:amd64.
Preparing to unpack .../044-libglib2.0-0_2.70.0-3_amd64.deb ...
Unpacking libglib2.0-0:amd64 (2.70.0-3) ...
Selecting previously unselected package librust-memchr-dev:amd64.
Preparing to unpack .../045-librust-memchr-dev_2.3.3-1_amd64.deb ...
Unpacking librust-memchr-dev:amd64 (2.3.3-1) ...
Selecting previously unselected package librust-aho-corasick-dev:amd64.
Preparing to unpack .../046-librust-aho-corasick-dev_0.7.10-1_amd64.deb ...
Unpacking librust-aho-corasick-dev:amd64 (0.7.10-1) ...
Selecting previously unselected package librust-aho-corasick+std-dev:amd64.
Preparing to unpack .../047-librust-aho-corasick+std-dev_0.7.10-1_amd64.deb ...
Unpacking librust-aho-corasick+std-dev:amd64 (0.7.10-1) ...
Selecting previously unselected package librust-autocfg-dev:amd64.
Preparing to unpack .../048-librust-autocfg-dev_1.0.1-1_amd64.deb ...
Unpacking librust-autocfg-dev:amd64 (1.0.1-1) ...
Selecting previously unselected package librust-cfg-if-0.1-dev:amd64.
Preparing to unpack .../049-librust-cfg-if-0.1-dev_0.1.10-2_amd64.deb ...
Unpacking librust-cfg-if-0.1-dev:amd64 (0.1.10-2) ...
Selecting previously unselected package librust-libc-dev:amd64.
Preparing to unpack .../050-librust-libc-dev_0.2.103-1_amd64.deb ...
Unpacking librust-libc-dev:amd64 (0.2.103-1) ...
Selecting previously unselected package librust-rustc-demangle-dev:amd64.
Preparing to unpack .../051-librust-rustc-demangle-dev_0.1.16-4_amd64.deb ...
Unpacking librust-rustc-demangle-dev:amd64 (0.1.16-4) ...
Selecting previously unselected package librust-backtrace-dev:amd64.
Preparing to unpack .../052-librust-backtrace-dev_0.3.44-6_amd64.deb ...
Unpacking librust-backtrace-dev:amd64 (0.3.44-6) ...
Selecting previously unselected package librust-backtrace-sys-dev:amd64.
Preparing to unpack .../053-librust-backtrace-sys-dev_0.1.37-1_amd64.deb ...
Unpacking librust-backtrace-sys-dev:amd64 (0.1.37-1) ...
Selecting previously unselected package librust-backtrace+backtrace-sys-dev:amd64.
Preparing to unpack .../054-librust-backtrace+backtrace-sys-dev_0.3.44-6_amd64.deb ...
Unpacking librust-backtrace+backtrace-sys-dev:amd64 (0.3.44-6) ...
Selecting previously unselected package librust-backtrace+default-dev:amd64.
Preparing to unpack .../055-librust-backtrace+default-dev_0.3.44-6_amd64.deb ...
Unpacking librust-backtrace+default-dev:amd64 (0.3.44-6) ...
Selecting previously unselected package librust-bitflags-dev:amd64.
Preparing to unpack .../056-librust-bitflags-dev_1.2.1-1_amd64.deb ...
Unpacking librust-bitflags-dev:amd64 (1.2.1-1) ...
Selecting previously unselected package librust-cc-dev:amd64.
Preparing to unpack .../057-librust-cc-dev_1.0.71-2_amd64.deb ...
Unpacking librust-cc-dev:amd64 (1.0.71-2) ...
Selecting previously unselected package librust-cfg-if-dev:amd64.
Preparing to unpack .../058-librust-cfg-if-dev_1.0.0-1_amd64.deb ...
Unpacking librust-cfg-if-dev:amd64 (1.0.0-1) ...
Selecting previously unselected package librust-cloudabi-dev:amd64.
Preparing to unpack .../059-librust-cloudabi-dev_0.0.3-1+b1_amd64.deb ...
Unpacking librust-cloudabi-dev:amd64 (0.0.3-1+b1) ...
Selecting previously unselected package librust-cloudabi+default-dev:amd64.
Preparing to unpack .../060-librust-cloudabi+default-dev_0.0.3-1+b1_amd64.deb ...
Unpacking librust-cloudabi+default-dev:amd64 (0.0.3-1+b1) ...
Selecting previously unselected package librust-core-foundation-sys-dev:amd64.
Preparing to unpack .../061-librust-core-foundation-sys-dev_0.8.1-1_amd64.deb ...
Unpacking librust-core-foundation-sys-dev:amd64 (0.8.1-1) ...
Selecting previously unselected package librust-version-check-dev:amd64.
Preparing to unpack .../062-librust-version-check-dev_0.9.2-1_amd64.deb ...
Unpacking librust-version-check-dev:amd64 (0.9.2-1) ...
Selecting previously unselected package librust-error-chain-dev:amd64.
Preparing to unpack .../063-librust-error-chain-dev_0.12.4-1_amd64.deb ...
Unpacking librust-error-chain-dev:amd64 (0.12.4-1) ...
Selecting previously unselected package librust-error-chain+default-dev:amd64.
Preparing to unpack .../064-librust-error-chain+default-dev_0.12.4-1_amd64.deb ...
Unpacking librust-error-chain+default-dev:amd64 (0.12.4-1) ...
Selecting previously unselected package librust-foreign-types-shared-0.1-dev:amd64.
Preparing to unpack .../065-librust-foreign-types-shared-0.1-dev_0.1.1-1+b2_amd64.deb ...
Unpacking librust-foreign-types-shared-0.1-dev:amd64 (0.1.1-1+b2) ...
Selecting previously unselected package librust-foreign-types-0.3-dev:amd64.
Preparing to unpack .../066-librust-foreign-types-0.3-dev_0.3.2-1+b2_amd64.deb ...
Unpacking librust-foreign-types-0.3-dev:amd64 (0.3.2-1+b2) ...
Selecting previously unselected package librust-matches-dev:amd64.
Preparing to unpack .../067-librust-matches-dev_0.1.8-1_amd64.deb ...
Unpacking librust-matches-dev:amd64 (0.1.8-1) ...
Selecting previously unselected package librust-percent-encoding-dev:amd64.
Preparing to unpack .../068-librust-percent-encoding-dev_2.1.0-2_amd64.deb ...
Unpacking librust-percent-encoding-dev:amd64 (2.1.0-2) ...
Selecting previously unselected package librust-form-urlencoded-dev:amd64.
Preparing to unpack .../069-librust-form-urlencoded-dev_1.0.1-1+b1_amd64.deb ...
Unpacking librust-form-urlencoded-dev:amd64 (1.0.1-1+b1) ...
Selecting previously unselected package librust-getrandom-dev:amd64.
Preparing to unpack .../070-librust-getrandom-dev_0.1.13-4_amd64.deb ...
Unpacking librust-getrandom-dev:amd64 (0.1.13-4) ...
Selecting previously unselected package librust-unicode-bidi-dev:amd64.
Preparing to unpack .../071-librust-unicode-bidi-dev_0.3.7-1_amd64.deb ...
Unpacking librust-unicode-bidi-dev:amd64 (0.3.7-1) ...
Selecting previously unselected package librust-smallvec-dev:amd64.
Preparing to unpack .../072-librust-smallvec-dev_1.7.0-1_amd64.deb ...
Unpacking librust-smallvec-dev:amd64 (1.7.0-1) ...
Selecting previously unselected package librust-unicode-normalization-dev:amd64.
Preparing to unpack .../073-librust-unicode-normalization-dev_0.1.12-1_amd64.deb ...
Unpacking librust-unicode-normalization-dev:amd64 (0.1.12-1) ...
Selecting previously unselected package librust-idna-dev:amd64.
Preparing to unpack .../074-librust-idna-dev_0.2.0-1_amd64.deb ...
Unpacking librust-idna-dev:amd64 (0.2.0-1) ...
Selecting previously unselected package librust-lazy-static-dev:amd64.
Preparing to unpack .../075-librust-lazy-static-dev_1.4.0-1_amd64.deb ...
Unpacking librust-lazy-static-dev:amd64 (1.4.0-1) ...
Selecting previously unselected package librust-scopeguard-dev:amd64.
Preparing to unpack .../076-librust-scopeguard-dev_1.1.0-1_amd64.deb ...
Unpacking librust-scopeguard-dev:amd64 (1.1.0-1) ...
Selecting previously unselected package librust-lock-api-dev:amd64.
Preparing to unpack .../077-librust-lock-api-dev_0.3.4-1_amd64.deb ...
Unpacking librust-lock-api-dev:amd64 (0.3.4-1) ...
Selecting previously unselected package librust-log-dev:amd64.
Preparing to unpack .../078-librust-log-dev_0.4.11-2_amd64.deb ...
Unpacking librust-log-dev:amd64 (0.4.11-2) ...
Selecting previously unselected package librust-redox-syscall-dev:amd64.
Preparing to unpack .../079-librust-redox-syscall-dev_0.1.57-2_amd64.deb ...
Unpacking librust-redox-syscall-dev:amd64 (0.1.57-2) ...
Selecting previously unselected package librust-winapi-i686-pc-windows-gnu-dev:amd64.
Preparing to unpack .../080-librust-winapi-i686-pc-windows-gnu-dev_0.4.0-1+b1_amd64.deb ...
Unpacking librust-winapi-i686-pc-windows-gnu-dev:amd64 (0.4.0-1+b1) ...
Selecting previously unselected package librust-winapi-x86-64-pc-windows-gnu-dev:amd64.
Preparing to unpack .../081-librust-winapi-x86-64-pc-windows-gnu-dev_0.4.0-1+b1_amd64.deb ...
Unpacking librust-winapi-x86-64-pc-windows-gnu-dev:amd64 (0.4.0-1+b1) ...
Selecting previously unselected package librust-winapi-dev:amd64.
Preparing to unpack .../082-librust-winapi-dev_0.3.9-1_amd64.deb ...
Unpacking librust-winapi-dev:amd64 (0.3.9-1) ...
Selecting previously unselected package librust-parking-lot-core-dev:amd64.
Preparing to unpack .../083-librust-parking-lot-core-dev_0.7.2-1_amd64.deb ...
Unpacking librust-parking-lot-core-dev:amd64 (0.7.2-1) ...
Selecting previously unselected package librust-parking-lot-dev:amd64.
Preparing to unpack .../084-librust-parking-lot-dev_0.10.0-1_amd64.deb ...
Unpacking librust-parking-lot-dev:amd64 (0.10.0-1) ...
Selecting previously unselected package librust-once-cell-dev:amd64.
Preparing to unpack .../085-librust-once-cell-dev_1.5.2-1_amd64.deb ...
Unpacking librust-once-cell-dev:amd64 (1.5.2-1) ...
Selecting previously unselected package pkg-config.
Preparing to unpack .../086-pkg-config_0.29.2-1_amd64.deb ...
Unpacking pkg-config (0.29.2-1) ...
Selecting previously unselected package librust-pkg-config-dev:amd64.
Preparing to unpack .../087-librust-pkg-config-dev_0.3.21-1_amd64.deb ...
Unpacking librust-pkg-config-dev:amd64 (0.3.21-1) ...
Selecting previously unselected package librust-vcpkg-dev:amd64.
Preparing to unpack .../088-librust-vcpkg-dev_0.2.8-1_amd64.deb ...
Unpacking librust-vcpkg-dev:amd64 (0.2.8-1) ...
Selecting previously unselected package libssl-dev:amd64.
Preparing to unpack .../089-libssl-dev_1.1.1l-1_amd64.deb ...
Unpacking libssl-dev:amd64 (1.1.1l-1) ...
Selecting previously unselected package librust-openssl-sys-dev:amd64.
Preparing to unpack .../090-librust-openssl-sys-dev_0.9.67-1_amd64.deb ...
Unpacking librust-openssl-sys-dev:amd64 (0.9.67-1) ...
Selecting previously unselected package librust-openssl-dev:amd64.
Preparing to unpack .../091-librust-openssl-dev_0.10.36-1_amd64.deb ...
Unpacking librust-openssl-dev:amd64 (0.10.36-1) ...
Selecting previously unselected package librust-openssl-probe-dev:amd64.
Preparing to unpack .../092-librust-openssl-probe-dev_0.1.2-1+b1_amd64.deb ...
Unpacking librust-openssl-probe-dev:amd64 (0.1.2-1+b1) ...
Selecting previously unselected package librust-schannel-dev:amd64.
Preparing to unpack .../093-librust-schannel-dev_0.1.19-1_amd64.deb ...
Unpacking librust-schannel-dev:amd64 (0.1.19-1) ...
Selecting previously unselected package librust-security-framework-sys-dev:amd64.
Preparing to unpack .../094-librust-security-framework-sys-dev_0.4.2-2_amd64.deb ...
Unpacking librust-security-framework-sys-dev:amd64 (0.4.2-2) ...
Selecting previously unselected package librust-ppv-lite86-dev:amd64.
Preparing to unpack .../095-librust-ppv-lite86-dev_0.2.6-2_amd64.deb ...
Unpacking librust-ppv-lite86-dev:amd64 (0.2.6-2) ...
Selecting previously unselected package librust-rand-core-dev:amd64.
Preparing to unpack .../096-librust-rand-core-dev_0.5.1-1_amd64.deb ...
Unpacking librust-rand-core-dev:amd64 (0.5.1-1) ...
Selecting previously unselected package librust-rand-chacha-dev:amd64.
Preparing to unpack .../097-librust-rand-chacha-dev_0.2.2-1_amd64.deb ...
Unpacking librust-rand-chacha-dev:amd64 (0.2.2-1) ...
Selecting previously unselected package librust-rand-hc-dev:amd64.
Preparing to unpack .../098-librust-rand-hc-dev_0.2.0-1+b1_amd64.deb ...
Unpacking librust-rand-hc-dev:amd64 (0.2.0-1+b1) ...
Selecting previously unselected package librust-rand-dev:amd64.
Preparing to unpack .../099-librust-rand-dev_0.7.3-3_amd64.deb ...
Unpacking librust-rand-dev:amd64 (0.7.3-3) ...
Selecting previously unselected package librust-rand+alloc-dev:amd64.
Preparing to unpack .../100-librust-rand+alloc-dev_0.7.3-3_amd64.deb ...
Unpacking librust-rand+alloc-dev:amd64 (0.7.3-3) ...
Selecting previously unselected package librust-rand-core+getrandom-dev:amd64.
Preparing to unpack .../101-librust-rand-core+getrandom-dev_0.5.1-1_amd64.deb ...
Unpacking librust-rand-core+getrandom-dev:amd64 (0.5.1-1) ...
Selecting previously unselected package librust-rand+getrandom-dev:amd64.
Preparing to unpack .../102-librust-rand+getrandom-dev_0.7.3-3_amd64.deb ...
Unpacking librust-rand+getrandom-dev:amd64 (0.7.3-3) ...
Selecting previously unselected package librust-rand-chacha+std-dev:amd64.
Preparing to unpack .../103-librust-rand-chacha+std-dev_0.2.2-1_amd64.deb ...
Unpacking librust-rand-chacha+std-dev:amd64 (0.2.2-1) ...
Selecting previously unselected package librust-rand-core+std-dev:amd64.
Preparing to unpack .../104-librust-rand-core+std-dev_0.5.1-1_amd64.deb ...
Unpacking librust-rand-core+std-dev:amd64 (0.5.1-1) ...
Selecting previously unselected package librust-rand+std-dev:amd64.
Preparing to unpack .../105-librust-rand+std-dev_0.7.3-3_amd64.deb ...
Unpacking librust-rand+std-dev:amd64 (0.7.3-3) ...
Selecting previously unselected package librust-remove-dir-all-dev:amd64.
Preparing to unpack .../106-librust-remove-dir-all-dev_0.5.2-1_amd64.deb ...
Unpacking librust-remove-dir-all-dev:amd64 (0.5.2-1) ...
Selecting previously unselected package librust-tempfile-dev:amd64.
Preparing to unpack .../107-librust-tempfile-dev_3.1.0-1_amd64.deb ...
Unpacking librust-tempfile-dev:amd64 (3.1.0-1) ...
Selecting previously unselected package librust-native-tls-dev:amd64.
Preparing to unpack .../108-librust-native-tls-dev_0.2.4-1_amd64.deb ...
Unpacking librust-native-tls-dev:amd64 (0.2.4-1) ...
Selecting previously unselected package librust-regex-syntax-dev:amd64.
Preparing to unpack .../109-librust-regex-syntax-dev_0.6.25-1_amd64.deb ...
Unpacking librust-regex-syntax-dev:amd64 (0.6.25-1) ...
Selecting previously unselected package librust-regex-dev:amd64.
Preparing to unpack .../110-librust-regex-dev_1.3.9-1_amd64.deb ...
Unpacking librust-regex-dev:amd64 (1.3.9-1) ...
Selecting previously unselected package librust-thread-local-dev:amd64.
Preparing to unpack .../111-librust-thread-local-dev_1.1.3-3_amd64.deb ...
Unpacking librust-thread-local-dev:amd64 (1.1.3-3) ...
Selecting previously unselected package librust-regex+perf-cache-dev:amd64.
Preparing to unpack .../112-librust-regex+perf-cache-dev_1.3.9-1_amd64.deb ...
Unpacking librust-regex+perf-cache-dev:amd64 (1.3.9-1) ...
Selecting previously unselected package librust-regex+perf-literal-dev:amd64.
Preparing to unpack .../113-librust-regex+perf-literal-dev_1.3.9-1_amd64.deb ...
Unpacking librust-regex+perf-literal-dev:amd64 (1.3.9-1) ...
Selecting previously unselected package librust-regex+perf-dev:amd64.
Preparing to unpack .../114-librust-regex+perf-dev_1.3.9-1_amd64.deb ...
Unpacking librust-regex+perf-dev:amd64 (1.3.9-1) ...
Selecting previously unselected package librust-regex+unicode-age-dev:amd64.
Preparing to unpack .../115-librust-regex+unicode-age-dev_1.3.9-1_amd64.deb ...
Unpacking librust-regex+unicode-age-dev:amd64 (1.3.9-1) ...
Selecting previously unselected package librust-regex+unicode-bool-dev:amd64.
Preparing to unpack .../116-librust-regex+unicode-bool-dev_1.3.9-1_amd64.deb ...
Unpacking librust-regex+unicode-bool-dev:amd64 (1.3.9-1) ...
Selecting previously unselected package librust-regex+unicode-case-dev:amd64.
Preparing to unpack .../117-librust-regex+unicode-case-dev_1.3.9-1_amd64.deb ...
Unpacking librust-regex+unicode-case-dev:amd64 (1.3.9-1) ...
Selecting previously unselected package librust-regex+unicode-gencat-dev:amd64.
Preparing to unpack .../118-librust-regex+unicode-gencat-dev_1.3.9-1_amd64.deb ...
Unpacking librust-regex+unicode-gencat-dev:amd64 (1.3.9-1) ...
Selecting previously unselected package librust-regex+unicode-perl-dev:amd64.
Preparing to unpack .../119-librust-regex+unicode-perl-dev_1.3.9-1_amd64.deb ...
Unpacking librust-regex+unicode-perl-dev:amd64 (1.3.9-1) ...
Selecting previously unselected package librust-regex+unicode-script-dev:amd64.
Preparing to unpack .../120-librust-regex+unicode-script-dev_1.3.9-1_amd64.deb ...
Unpacking librust-regex+unicode-script-dev:amd64 (1.3.9-1) ...
Selecting previously unselected package librust-regex+unicode-segment-dev:amd64.
Preparing to unpack .../121-librust-regex+unicode-segment-dev_1.3.9-1_amd64.deb ...
Unpacking librust-regex+unicode-segment-dev:amd64 (1.3.9-1) ...
Selecting previously unselected package librust-regex-syntax+unicode-dev:amd64.
Preparing to unpack .../122-librust-regex-syntax+unicode-dev_0.6.25-1_amd64.deb ...
Unpacking librust-regex-syntax+unicode-dev:amd64 (0.6.25-1) ...
Selecting previously unselected package librust-regex+unicode-dev:amd64.
Preparing to unpack .../123-librust-regex+unicode-dev_1.3.9-1_amd64.deb ...
Unpacking librust-regex+unicode-dev:amd64 (1.3.9-1) ...
Selecting previously unselected package librust-regex+default-dev:amd64.
Preparing to unpack .../124-librust-regex+default-dev_1.3.9-1_amd64.deb ...
Unpacking librust-regex+default-dev:amd64 (1.3.9-1) ...
Selecting previously unselected package librust-url-dev:amd64.
Preparing to unpack .../125-librust-url-dev_2.2.2-1_amd64.deb ...
Unpacking librust-url-dev:amd64 (2.2.2-1) ...
Selecting previously unselected package sbuild-build-depends-main-dummy.
Preparing to unpack .../126-sbuild-build-depends-main-dummy_0.invalid.0_amd64.deb ...
Unpacking sbuild-build-depends-main-dummy (0.invalid.0) ...
Setting up media-types (4.0.0) ...
Setting up libpipeline1:amd64 (1.5.3-1) ...
Setting up librust-ppv-lite86-dev:amd64 (0.2.6-2) ...
Setting up librust-foreign-types-shared-0.1-dev:amd64 (0.1.1-1+b2) ...
Setting up librust-libc-dev:amd64 (0.2.103-1) ...
Setting up librust-backtrace-sys-dev:amd64 (0.1.37-1) ...
Setting up librust-unicode-bidi-dev:amd64 (0.3.7-1) ...
Setting up libpsl5:amd64 (0.21.0-1.2) ...
Setting up librust-openssl-probe-dev:amd64 (0.1.2-1+b1) ...
Setting up librust-core-foundation-sys-dev:amd64 (0.8.1-1) ...
Setting up bsdextrautils (2.37.2-4) ...
update-alternatives: using /usr/bin/write.ul to provide /usr/bin/write (write) in auto mode
Setting up librust-version-check-dev:amd64 (0.9.2-1) ...
Setting up librust-winapi-i686-pc-windows-gnu-dev:amd64 (0.4.0-1+b1) ...
Setting up librust-lazy-static-dev:amd64 (1.4.0-1) ...
Setting up libmagic-mgc (1:5.39-3) ...
Setting up libarchive-zip-perl (1.68-1) ...
Setting up libglib2.0-0:amd64 (2.70.0-3) ...
No schema files found: doing nothing.
Setting up libdebhelper-perl (13.5.2) ...
Setting up libbrotli1:amd64 (1.0.9-2+b2) ...
Setting up libsqlite3-0:amd64 (3.36.0-2) ...
Setting up libnghttp2-14:amd64 (1.43.0-1) ...
Setting up libmagic1:amd64 (1:5.39-3) ...
Setting up gettext-base (0.21-4) ...
Setting up librust-rustc-demangle-dev:amd64 (0.1.16-4) ...
Setting up librust-smallvec-dev:amd64 (1.7.0-1) ...
Setting up file (1:5.39-3) ...
Setting up librust-redox-syscall-dev:amd64 (0.1.57-2) ...
Setting up libsasl2-modules-db:amd64 (2.1.27+dfsg-2.1) ...
Setting up librust-cloudabi-dev:amd64 (0.0.3-1+b1) ...
Setting up librust-error-chain-dev:amd64 (0.12.4-1) ...
Setting up librust-matches-dev:amd64 (0.1.8-1) ...
Setting up autotools-dev (20180224.1+nmu1) ...
Setting up librust-security-framework-sys-dev:amd64 (0.4.2-2) ...
Setting up librtmp1:amd64 (2.4+20151223.gitfa8646d.1-2+b2) ...
Setting up librust-vcpkg-dev:amd64 (0.2.8-1) ...
Setting up librust-foreign-types-0.3-dev:amd64 (0.3.2-1+b2) ...
Setting up libsigsegv2:amd64 (2.13-1) ...
Setting up librust-cc-dev:amd64 (1.0.71-2) ...
Setting up librust-scopeguard-dev:amd64 (1.1.0-1) ...
Setting up libssl-dev:amd64 (1.1.1l-1) ...
Setting up librust-unicode-normalization-dev:amd64 (0.1.12-1) ...
Setting up librust-rand-core-dev:amd64 (0.5.1-1) ...
Setting up librust-idna-dev:amd64 (0.2.0-1) ...
Setting up autopoint (0.21-4) ...
Setting up pkg-config (0.29.2-1) ...
Setting up librust-bitflags-dev:amd64 (1.2.1-1) ...
Setting up libncursesw6:amd64 (6.2+20210905-1) ...
Setting up libsasl2-2:amd64 (2.1.27+dfsg-2.1) ...
Setting up librust-regex-syntax-dev:amd64 (0.6.25-1) ...
Setting up sensible-utils (0.0.17) ...
Setting up libuchardet0:amd64 (0.0.7-1) ...
Setting up libmpdec3:amd64 (2.5.1-2) ...
Setting up librust-cfg-if-dev:amd64 (1.0.0-1) ...
Setting up libmbedcrypto3:amd64 (2.16.9-0.1) ...
Setting up libsub-override-perl (0.09-2) ...
Setting up libssh2-1:amd64 (1.10.0-2) ...
Setting up librust-percent-encoding-dev:amd64 (2.1.0-2) ...
Setting up librust-memchr-dev:amd64 (2.3.3-1) ...
Setting up librust-autocfg-dev:amd64 (1.0.1-1) ...
Setting up librust-cfg-if-0.1-dev:amd64 (0.1.10-2) ...
Setting up librust-pkg-config-dev:amd64 (0.3.21-1) ...
Setting up libelf1:amd64 (0.185-2) ...
Setting up readline-common (8.1-2) ...
Setting up librust-winapi-x86-64-pc-windows-gnu-dev:amd64 (0.4.0-1+b1) ...
Setting up libstd-rust-1.56:amd64 (1.56.0+dfsg1-2) ...
Setting up libhttp-parser2.9:amd64 (2.9.4-4) ...
Setting up libfile-stripnondeterminism-perl (1.12.0-2) ...
Setting up librust-rand-chacha-dev:amd64 (0.2.2-1) ...
Setting up librust-form-urlencoded-dev:amd64 (1.0.1-1+b1) ...
Setting up gettext (0.21-4) ...
Setting up librust-url-dev:amd64 (2.2.2-1) ...
Setting up librust-openssl-sys-dev:amd64 (0.9.67-1) ...
Setting up librust-rand-chacha+std-dev:amd64 (0.2.2-1) ...
Setting up libtool (2.4.6-15) ...
Setting up libmbedx509-0:amd64 (2.16.9-0.1) ...
Setting up librust-getrandom-dev:amd64 (0.1.13-4) ...
Setting up libreadline8:amd64 (8.1-2) ...
Setting up librust-regex-dev:amd64 (1.3.9-1) ...
Setting up libmbedtls12:amd64 (2.16.9-0.1) ...
Setting up librust-regex+unicode-script-dev:amd64 (1.3.9-1) ...
Setting up libldap-2.4-2:amd64 (2.4.59+dfsg-1) ...
Setting up m4 (1.4.18-5) ...
Setting up librust-lock-api-dev:amd64 (0.3.4-1) ...
Setting up libcurl3-gnutls:amd64 (7.74.0-1.3+b1) ...
Setting up librust-regex+unicode-bool-dev:amd64 (1.3.9-1) ...
Setting up librust-rand-core+std-dev:amd64 (0.5.1-1) ...
Setting up librust-cloudabi+default-dev:amd64 (0.0.3-1+b1) ...
Setting up librust-winapi-dev:amd64 (0.3.9-1) ...
Setting up intltool-debian (0.35.0+20060710.5) ...
Setting up librust-rand-core+getrandom-dev:amd64 (0.5.1-1) ...
Setting up librust-remove-dir-all-dev:amd64 (0.5.2-1) ...
Setting up libstd-rust-dev:amd64 (1.56.0+dfsg1-2) ...
Setting up librust-regex+unicode-segment-dev:amd64 (1.3.9-1) ...
Setting up librust-log-dev:amd64 (0.4.11-2) ...
Setting up librust-rand-hc-dev:amd64 (0.2.0-1+b1) ...
Setting up librust-regex-syntax+unicode-dev:amd64 (0.6.25-1) ...
Setting up librust-regex+unicode-age-dev:amd64 (1.3.9-1) ...
Setting up autoconf (2.71-2) ...
Setting up dh-strip-nondeterminism (1.12.0-2) ...
Setting up dwz (0.14-1) ...
Setting up rustc (1.56.0+dfsg1-2) ...
Setting up librust-parking-lot-core-dev:amd64 (0.7.2-1) ...
Setting up groff-base (1.22.4-7) ...
Setting up librust-backtrace-dev:amd64 (0.3.44-6) ...
Setting up librust-regex+unicode-case-dev:amd64 (1.3.9-1) ...
Setting up librust-aho-corasick-dev:amd64 (0.7.10-1) ...
Setting up libpython3.9-stdlib:amd64 (3.9.7-4) ...
Setting up libpython3-stdlib:amd64 (3.9.2-3) ...
Setting up automake (1:1.16.5-1) ...
update-alternatives: using /usr/bin/automake-1.16 to provide /usr/bin/automake (automake) in auto mode
Setting up librust-parking-lot-dev:amd64 (0.10.0-1) ...
Setting up librust-regex+unicode-gencat-dev:amd64 (1.3.9-1) ...
Setting up libgit2-1.1:amd64 (1.1.0+dfsg.1-4.1) ...
Setting up librust-regex+unicode-perl-dev:amd64 (1.3.9-1) ...
Setting up librust-rand-dev:amd64 (0.7.3-3) ...
Setting up po-debconf (1.0.21+nmu1) ...
Setting up librust-backtrace+backtrace-sys-dev:amd64 (0.3.44-6) ...
Setting up librust-schannel-dev:amd64 (0.1.19-1) ...
Setting up man-db (2.9.4-2) ...
Not building database; man-db/auto-update is not 'true'.
Setting up librust-aho-corasick+std-dev:amd64 (0.7.10-1) ...
Setting up dh-autoreconf (20) ...
Setting up cargo (0.57.0-3) ...
Setting up librust-rand+getrandom-dev:amd64 (0.7.3-3) ...
Setting up librust-once-cell-dev:amd64 (1.5.2-1) ...
Setting up librust-rand+alloc-dev:amd64 (0.7.3-3) ...
Setting up librust-openssl-dev:amd64 (0.10.36-1) ...
Setting up librust-backtrace+default-dev:amd64 (0.3.44-6) ...
Setting up python3.9 (3.9.7-4) ...
Setting up librust-thread-local-dev:amd64 (1.1.3-3) ...
Setting up librust-regex+unicode-dev:amd64 (1.3.9-1) ...
Setting up librust-regex+perf-literal-dev:amd64 (1.3.9-1) ...
Setting up librust-rand+std-dev:amd64 (0.7.3-3) ...
Setting up debhelper (13.5.2) ...
Setting up python3 (3.9.2-3) ...
Setting up librust-error-chain+default-dev:amd64 (0.12.4-1) ...
Setting up librust-regex+perf-cache-dev:amd64 (1.3.9-1) ...
Setting up dh-cargo (26) ...
Setting up librust-tempfile-dev:amd64 (3.1.0-1) ...
Setting up librust-regex+perf-dev:amd64 (1.3.9-1) ...
Setting up librust-native-tls-dev:amd64 (0.2.4-1) ...
Setting up librust-regex+default-dev:amd64 (1.3.9-1) ...
Setting up sbuild-build-depends-main-dummy (0.invalid.0) ...
Processing triggers for libc-bin (2.32-4) ...

+------------------------------------------------------------------------------+
| Check architectures                                                          |
+------------------------------------------------------------------------------+

Arch check ok (amd64 included in any)

+------------------------------------------------------------------------------+
| Build environment                                                            |
+------------------------------------------------------------------------------+

Kernel: Linux 4.19.0-6-cloud-amd64 #1 SMP Debian 4.19.67-2+deb10u2 (2019-11-11) amd64 (x86_64)
Toolchain package versions: binutils_2.37-7 dpkg-dev_1.20.9 g++-11_11.2.0-10 gcc-11_11.2.0-10 libc6-dev_2.32-4 libstdc++-11-dev_11.2.0-10 libstdc++6_11.2.0-10 linux-libc-dev_5.14.12-1
Package versions: adduser_3.118 apt_2.3.11 autoconf_2.71-2 automake_1:1.16.5-1 autopoint_0.21-4 autotools-dev_20180224.1+nmu1 base-files_12 base-passwd_3.5.52 bash_5.1-3+b2 binutils_2.37-7 binutils-common_2.37-7 binutils-x86-64-linux-gnu_2.37-7 bsdextrautils_2.37.2-4 bsdutils_1:2.37.2-4 build-essential_12.9 bzip2_1.0.8-4 cargo_0.57.0-3 clang-13_1:13.0.0-8 coreutils_8.32-4+b1 cpp_4:11.2.0-2 cpp-11_11.2.0-10 dash_0.5.11+git20210120+802ebd4-2 debconf_1.5.78 debhelper_13.5.2 debian-archive-keyring_2021.1.1 debianutils_5.5-1 dh-autoreconf_20 dh-cargo_26 dh-strip-nondeterminism_1.12.0-2 diffutils_1:3.7-5 dpkg_1.20.9 dpkg-dev_1.20.9 dwz_0.14-1 e2fsprogs_1.46.4-1 fakeroot_1.26-1 file_1:5.39-3 findutils_4.8.0-1 g++_4:11.2.0-2 g++-11_11.2.0-10 gcc_4:11.2.0-2 gcc-10-base_10.3.0-11 gcc-11_11.2.0-10 gcc-11-base_11.2.0-10 gcc-9-base_9.4.0-3 gettext_0.21-4 gettext-base_0.21-4 gpgv_2.2.27-2 grep_3.7-1 groff-base_1.22.4-7 gzip_1.10-4 hostname_3.23 init-system-helpers_1.60 intltool-debian_0.35.0+20060710.5 lib32gcc-s1_11.2.0-10 lib32stdc++6_11.2.0-10 libacl1_2.3.1-1 libapt-pkg6.0_2.3.11 libarchive-zip-perl_1.68-1 libasan5_9.4.0-3 libasan6_11.2.0-10 libatomic1_11.2.0-10 libattr1_1:2.5.1-1 libaudit-common_1:3.0.6-1 libaudit1_1:3.0.6-1 libbinutils_2.37-7 libblkid1_2.37.2-4 libbrotli1_1.0.9-2+b2 libbsd0_0.11.3-1 libbz2-1.0_1.0.8-4 libc-bin_2.32-4 libc-dev-bin_2.32-4 libc6_2.32-4 libc6-dev_2.32-4 libc6-i386_2.32-4 libcap-ng0_0.7.9-2.2+b1 libcap2_1:2.44-1 libcc1-0_11.2.0-10 libclang-common-13-dev_1:13.0.0-8 libclang-cpp13_1:13.0.0-8 libclang1-13_1:13.0.0-8 libcom-err2_1.46.4-1 libcrypt-dev_1:4.4.25-2 libcrypt1_1:4.4.25-2 libctf-nobfd0_2.37-7 libctf0_2.37-7 libcurl3-gnutls_7.74.0-1.3+b1 libdb5.3_5.3.28+dfsg1-0.8 libdebconfclient0_0.260 libdebhelper-perl_13.5.2 libdpkg-perl_1.20.9 libedit2_3.1-20210910-1 libelf1_0.185-2 libexpat1_2.4.1-3 libext2fs2_1.46.4-1 libfakeroot_1.26-1 libffi8_3.4.2-3 libfile-stripnondeterminism-perl_1.12.0-2 libgc1_1:8.0.4-3 libgcc-11-dev_11.2.0-10 libgcc-9-dev_9.4.0-3 libgcc-s1_11.2.0-10 libgcrypt20_1.9.4-3+b1 libgdbm-compat4_1.22-1 libgdbm6_1.22-1 libgit2-1.1_1.1.0+dfsg.1-4.1 libglib2.0-0_2.70.0-3 libgmp10_2:6.2.1+dfsg-2 libgnutls30_3.7.2-2 libgomp1_11.2.0-10 libgpg-error0_1.42-3 libgssapi-krb5-2_1.18.3-7 libhogweed6_3.7.3-1 libhttp-parser2.9_2.9.4-4 libicu67_67.1-7 libidn2-0_2.3.2-2 libisl23_0.24-2 libitm1_11.2.0-10 libk5crypto3_1.18.3-7 libkeyutils1_1.6.1-2 libkrb5-3_1.18.3-7 libkrb5support0_1.18.3-7 libldap-2.4-2_2.4.59+dfsg-1 libllvm13_1:13.0.0-8 liblsan0_11.2.0-10 liblz4-1_1.9.3-2 liblzma5_5.2.5-2 libmagic-mgc_1:5.39-3 libmagic1_1:5.39-3 libmbedcrypto3_2.16.9-0.1 libmbedtls12_2.16.9-0.1 libmbedx509-0_2.16.9-0.1 libmd0_1.0.4-1 libmount1_2.37.2-4 libmpc3_1.2.1-1 libmpdec3_2.5.1-2 libmpfr6_4.1.0-3 libncursesw6_6.2+20210905-1 libnettle8_3.7.3-1 libnghttp2-14_1.43.0-1 libnsl-dev_1.3.0-2 libnsl2_1.3.0-2 libobjc-11-dev_11.2.0-10 libobjc-9-dev_9.4.0-3 libobjc4_11.2.0-10 libomp-13-dev_1:13.0.0-8 libomp5-13_1:13.0.0-8 libp11-kit0_0.24.0-5 libpam-modules_1.4.0-10 libpam-modules-bin_1.4.0-10 libpam-runtime_1.4.0-10 libpam0g_1.4.0-10 libpcre2-8-0_10.36-2 libpcre3_2:8.39-13 libperl5.32_5.32.1-6 libpipeline1_1.5.3-1 libpsl5_0.21.0-1.2 libpython3-stdlib_3.9.2-3 libpython3.9-minimal_3.9.7-4 libpython3.9-stdlib_3.9.7-4 libquadmath0_11.2.0-10 libreadline8_8.1-2 librtmp1_2.4+20151223.gitfa8646d.1-2+b2 librust-aho-corasick+std-dev_0.7.10-1 librust-aho-corasick-dev_0.7.10-1 librust-autocfg-dev_1.0.1-1 librust-backtrace+backtrace-sys-dev_0.3.44-6 librust-backtrace+default-dev_0.3.44-6 librust-backtrace-dev_0.3.44-6 librust-backtrace-sys-dev_0.1.37-1 librust-bitflags-dev_1.2.1-1 librust-cc-dev_1.0.71-2 librust-cfg-if-0.1-dev_0.1.10-2 librust-cfg-if-dev_1.0.0-1 librust-cloudabi+default-dev_0.0.3-1+b1 librust-cloudabi-dev_0.0.3-1+b1 librust-core-foundation-sys-dev_0.8.1-1 librust-error-chain+default-dev_0.12.4-1 librust-error-chain-dev_0.12.4-1 librust-foreign-types-0.3-dev_0.3.2-1+b2 librust-foreign-types-shared-0.1-dev_0.1.1-1+b2 librust-form-urlencoded-dev_1.0.1-1+b1 librust-getrandom-dev_0.1.13-4 librust-idna-dev_0.2.0-1 librust-lazy-static-dev_1.4.0-1 librust-libc-dev_0.2.103-1 librust-lock-api-dev_0.3.4-1 librust-log-dev_0.4.11-2 librust-matches-dev_0.1.8-1 librust-memchr-dev_2.3.3-1 librust-native-tls-dev_0.2.4-1 librust-once-cell-dev_1.5.2-1 librust-openssl-dev_0.10.36-1 librust-openssl-probe-dev_0.1.2-1+b1 librust-openssl-sys-dev_0.9.67-1 librust-parking-lot-core-dev_0.7.2-1 librust-parking-lot-dev_0.10.0-1 librust-percent-encoding-dev_2.1.0-2 librust-pkg-config-dev_0.3.21-1 librust-ppv-lite86-dev_0.2.6-2 librust-rand+alloc-dev_0.7.3-3 librust-rand+getrandom-dev_0.7.3-3 librust-rand+std-dev_0.7.3-3 librust-rand-chacha+std-dev_0.2.2-1 librust-rand-chacha-dev_0.2.2-1 librust-rand-core+getrandom-dev_0.5.1-1 librust-rand-core+std-dev_0.5.1-1 librust-rand-core-dev_0.5.1-1 librust-rand-dev_0.7.3-3 librust-rand-hc-dev_0.2.0-1+b1 librust-redox-syscall-dev_0.1.57-2 librust-regex+default-dev_1.3.9-1 librust-regex+perf-cache-dev_1.3.9-1 librust-regex+perf-dev_1.3.9-1 librust-regex+perf-literal-dev_1.3.9-1 librust-regex+unicode-age-dev_1.3.9-1 librust-regex+unicode-bool-dev_1.3.9-1 librust-regex+unicode-case-dev_1.3.9-1 librust-regex+unicode-dev_1.3.9-1 librust-regex+unicode-gencat-dev_1.3.9-1 librust-regex+unicode-perl-dev_1.3.9-1 librust-regex+unicode-script-dev_1.3.9-1 librust-regex+unicode-segment-dev_1.3.9-1 librust-regex-dev_1.3.9-1 librust-regex-syntax+unicode-dev_0.6.25-1 librust-regex-syntax-dev_0.6.25-1 librust-remove-dir-all-dev_0.5.2-1 librust-rustc-demangle-dev_0.1.16-4 librust-schannel-dev_0.1.19-1 librust-scopeguard-dev_1.1.0-1 librust-security-framework-sys-dev_0.4.2-2 librust-smallvec-dev_1.7.0-1 librust-tempfile-dev_3.1.0-1 librust-thread-local-dev_1.1.3-3 librust-unicode-bidi-dev_0.3.7-1 librust-unicode-normalization-dev_0.1.12-1 librust-url-dev_2.2.2-1 librust-vcpkg-dev_0.2.8-1 librust-version-check-dev_0.9.2-1 librust-winapi-dev_0.3.9-1 librust-winapi-i686-pc-windows-gnu-dev_0.4.0-1+b1 librust-winapi-x86-64-pc-windows-gnu-dev_0.4.0-1+b1 libsasl2-2_2.1.27+dfsg-2.1 libsasl2-modules-db_2.1.27+dfsg-2.1 libseccomp2_2.5.2-2 libselinux1_3.1-3 libsemanage-common_3.1-1 libsemanage1_3.1-1+b2 libsepol1_3.1-1 libsigsegv2_2.13-1 libsmartcols1_2.37.2-4 libsqlite3-0_3.36.0-2 libss2_1.46.4-1 libssh2-1_1.10.0-2 libssl-dev_1.1.1l-1 libssl1.1_1.1.1l-1 libstd-rust-1.56_1.56.0+dfsg1-2 libstd-rust-dev_1.56.0+dfsg1-2 libstdc++-11-dev_11.2.0-10 libstdc++6_11.2.0-10 libsub-override-perl_0.09-2 libsystemd0_249.5-1 libtasn1-6_4.17.0-2 libtinfo6_6.2+20210905-1 libtirpc-common_1.3.2-2 libtirpc-dev_1.3.2-2 libtirpc3_1.3.2-2 libtool_2.4.6-15 libtsan0_11.2.0-10 libubsan1_11.2.0-10 libuchardet0_0.0.7-1 libudev1_249.5-1 libunistring2_0.9.10-6 libuuid1_2.37.2-4 libxml2_2.9.12+dfsg-5 libxxhash0_0.8.0-2 libz3-4_4.8.12-1+b1 libzstd1_1.4.8+dfsg-3 linux-libc-dev_5.14.12-1 login_1:4.8.1-1 logsave_1.46.4-1 lsb-base_11.1.0 m4_1.4.18-5 make_4.3-4.1 man-db_2.9.4-2 mawk_1.3.4.20200120-2 media-types_4.0.0 mount_2.37.2-4 ncurses-base_6.2+20210905-1 ncurses-bin_6.2+20210905-1 passwd_1:4.8.1-1 patch_2.7.6-7 perl_5.32.1-6 perl-base_5.32.1-6 perl-modules-5.32_5.32.1-6 pkg-config_0.29.2-1 po-debconf_1.0.21+nmu1 python3_3.9.2-3 python3-minimal_3.9.2-3 python3.9_3.9.7-4 python3.9-minimal_3.9.7-4 qt5-qmake_5.15.2+dfsg-12 qt5-qmake-bin_5.15.2+dfsg-12 qtchooser_66-2 readline-common_8.1-2 rpcsvc-proto_1.4.2-4 rustc_1.56.0+dfsg1-2 sbuild-build-depends-main-dummy_0.invalid.0 sed_4.8-1 sensible-utils_0.0.17 sysvinit-utils_3.00-1 tar_1.34+dfsg-1 tzdata_2021e-1 util-linux_2.37.2-4 xz-utils_5.2.5-2 zlib1g_1:1.2.11.dfsg-2

+------------------------------------------------------------------------------+
| Build                                                                        |
+------------------------------------------------------------------------------+


Unpack source
-------------

-----BEGIN PGP SIGNED MESSAGE-----
Hash: SHA256

Format: 3.0 (quilt)
Source: rust-publicsuffix
Binary: librust-publicsuffix-dev, librust-publicsuffix+native-tls-dev, librust-publicsuffix+remote-list-dev
Architecture: any
Version: 1.5.2-1
Maintainer: Debian Rust Maintainers <pkg-rust-maintainers@alioth-lists.debian.net>
Uploaders:  kpcyrd <git@rxv.cc>
Standards-Version: 4.2.0
Vcs-Browser: https://salsa.debian.org/rust-team/debcargo-conf/tree/master/src/publicsuffix
Vcs-Git: https://salsa.debian.org/rust-team/debcargo-conf.git [src/publicsuffix]
Build-Depends: debhelper (>= 11), dh-cargo (>= 15), cargo:native <!nocheck>, rustc:native <!nocheck>, libstd-rust-dev <!nocheck>, librust-error-chain-0.12+default-dev <!nocheck>, librust-idna-0.2+default-dev <!nocheck>, librust-lazy-static-1+default-dev <!nocheck>, librust-native-tls-0.2+default-dev <!nocheck>, librust-regex-1+default-dev <!nocheck>, librust-url-2+default-dev <!nocheck>
Package-List:
 librust-publicsuffix+native-tls-dev deb rust optional arch=any
 librust-publicsuffix+remote-list-dev deb rust optional arch=any
 librust-publicsuffix-dev deb rust optional arch=any
Checksums-Sha1:
 0ad17f3a2d47507e573d583e3febc3f3733f907d 16514 rust-publicsuffix_1.5.2.orig.tar.gz
 48a2a36ef1c56adb6c595fabb3e8dad73794d82f 3992 rust-publicsuffix_1.5.2-1.debian.tar.xz
Checksums-Sha256:
 5afecba86dcf1e4fd610246f89899d1924fe12e1e89f555eb7c7f710f3c5ad1d 16514 rust-publicsuffix_1.5.2.orig.tar.gz
 9b334be660771141915f34092d52eb688157107846cb981202e456f276daedb9 3992 rust-publicsuffix_1.5.2-1.debian.tar.xz
Files:
 1bb61ce18a58596fae07f8f22b09ffdd 16514 rust-publicsuffix_1.5.2.orig.tar.gz
 29889bbd3019051dff21c104ba4af9c4 3992 rust-publicsuffix_1.5.2-1.debian.tar.xz

-----BEGIN PGP SIGNATURE-----

iQEzBAEBCAAdFiEEeuS9ZL8A0js0NGiOXkCM2RzYOdIFAl1SfOMACgkQXkCM2RzY
OdKqTQgAscHPVWItlZ9RuSH0dS6/C4SfZ/RTDqom53IJQmVQxJsJMVgoID7i4EFX
ndRs3SDyqJFzjT0L/REEtkl2+WyO9pU5xMHUerjY1sQuzlOWfuki5QRUjr9sA3nF
2o31ttmZrTUSBfWSSaqPpnQswpVDK8lyhStdDwD4o4YDuml8pQKHHbSTZkv9Jj4G
IPENNDSDcBlCte3JZaCy5qDJDAs5DUuJghTTru/H4RwMQO93Hd3M9zF5GF0FLTvi
niivdIV/d+2Z297wrsNSxprAxTcRLVRWsNiCBRpcRK62Fk0O1uNwqsvbZ4pyicUw
RL9Q5Dx1sty3k45avgVL6RSYEEANjA==
=ePl1
-----END PGP SIGNATURE-----

gpgv: unknown type of key resource 'trustedkeys.kbx'
gpgv: keyblock resource '/tmp/dpkg-verify-sig.9xkofE26/trustedkeys.kbx': General error
gpgv: Signature made Tue Aug 13 09:03:31 2019 UTC
gpgv:                using RSA key 7AE4BD64BF00D23B3434688E5E408CD91CD839D2
gpgv: Can't check signature: No public key
dpkg-source: warning: failed to verify signature on ./rust-publicsuffix_1.5.2-1.dsc
dpkg-source: info: extracting rust-publicsuffix in /<<PKGBUILDDIR>>
dpkg-source: info: unpacking rust-publicsuffix_1.5.2.orig.tar.gz
dpkg-source: info: unpacking rust-publicsuffix_1.5.2-1.debian.tar.xz
dpkg-source: info: using patch list from debian/patches/series
dpkg-source: info: applying fix-deps.patch
dpkg-source: info: applying upgrade-to-url-2.patch
dpkg-source: info: applying upgrade-to-idna-0.2.0.patch

Check disk space
----------------

Sufficient free space for build

User Environment
----------------

APT_CONFIG=/var/lib/sbuild/apt.conf
HOME=/sbuild-nonexistent
LANG=C.UTF-8
LC_ALL=C.UTF-8
LOGNAME=user42
PATH=/usr/local/sbin:/usr/local/bin:/usr/sbin:/usr/bin:/sbin:/bin:/usr/games
SCHROOT_ALIAS_NAME=unstable
SCHROOT_CHROOT_NAME=sid-amd64-sbuild
SCHROOT_COMMAND=env
SCHROOT_GID=1001
SCHROOT_GROUP=user42
SCHROOT_SESSION_ID=sid-amd64-sbuild-55ffef28-a82d-490f-9348-62cc3d683df8
SCHROOT_UID=1001
SCHROOT_USER=user42
SHELL=/bin/sh
USER=user42

dpkg-buildpackage
-----------------

Command: dpkg-buildpackage -us -uc -b -rfakeroot
dpkg-buildpackage: info: source package rust-publicsuffix
dpkg-buildpackage: info: source version 1.5.2-1
dpkg-buildpackage: info: source distribution unstable
dpkg-buildpackage: info: source changed by Andrej Shadura <andrewsh@debian.org>
 dpkg-source --before-build .
dpkg-buildpackage: info: host architecture amd64
 fakeroot debian/rules clean
dh clean --buildsystem cargo
   dh_auto_clean -O--buildsystem=cargo
debian cargo wrapper: options, profiles, parallel: ['parallel=4'] [] ['-j4']
debian cargo wrapper: rust_type, gnu_type: x86_64-unknown-linux-gnu, x86_64-linux-gnu
debian cargo wrapper: running subprocess (['env', 'RUST_BACKTRACE=1', '/usr/bin/cargo', 'clean', '--verbose', '--verbose'],) {'check': True}
   dh_autoreconf_clean -O--buildsystem=cargo
   dh_clean -O--buildsystem=cargo
 debian/rules build
dh build --buildsystem cargo
   dh_update_autotools_config -O--buildsystem=cargo
   dh_autoreconf -O--buildsystem=cargo
   dh_auto_configure -O--buildsystem=cargo
debian cargo wrapper: options, profiles, parallel: ['parallel=4'] [] ['-j4']
debian cargo wrapper: rust_type, gnu_type: x86_64-unknown-linux-gnu, x86_64-linux-gnu
debian cargo wrapper: linking /usr/share/cargo/registry/* into /<<PKGBUILDDIR>>/debian/cargo_registry/
   dh_auto_build -O--buildsystem=cargo
   dh_auto_test -O--buildsystem=cargo
debian cargo wrapper: options, profiles, parallel: ['parallel=4'] [] ['-j4']
debian cargo wrapper: rust_type, gnu_type: x86_64-unknown-linux-gnu, x86_64-linux-gnu
debian cargo wrapper: running subprocess (['env', 'RUST_BACKTRACE=1', '/usr/bin/cargo', '-Zavoid-dev-deps', 'build', '--verbose', '--verbose', '-j4', '--target', 'x86_64-unknown-linux-gnu'],) {}
   Compiling libc v0.2.103
   Compiling cc v1.0.71
   Compiling autocfg v1.0.1
   Compiling pkg-config v0.3.21
     Running `CARGO=/usr/bin/cargo CARGO_CRATE_NAME=build_script_build CARGO_MANIFEST_DIR=/<<PKGBUILDDIR>>/debian/cargo_registry/libc-0.2.103 CARGO_PKG_AUTHORS='The Rust Project Developers' CARGO_PKG_DESCRIPTION='Raw FFI bindings to platform libraries like libc.
' CARGO_PKG_HOMEPAGE='https://github.com/rust-lang/libc' CARGO_PKG_LICENSE='MIT OR Apache-2.0' CARGO_PKG_LICENSE_FILE='' CARGO_PKG_NAME=libc CARGO_PKG_REPOSITORY='https://github.com/rust-lang/libc' CARGO_PKG_VERSION=0.2.103 CARGO_PKG_VERSION_MAJOR=0 CARGO_PKG_VERSION_MINOR=2 CARGO_PKG_VERSION_PATCH=103 CARGO_PKG_VERSION_PRE='' LD_LIBRARY_PATH='/<<PKGBUILDDIR>>/target/debug/deps:/usr/lib' rustc --crate-name build_script_build /<<PKGBUILDDIR>>/debian/cargo_registry/libc-0.2.103/build.rs --error-format=json --json=diagnostic-rendered-ansi --crate-type bin --emit=dep-info,link -C embed-bitcode=no -C debuginfo=2 --cfg 'feature="default"' --cfg 'feature="std"' -C metadata=e069c05f7037d3fd -C extra-filename=-e069c05f7037d3fd --out-dir /<<PKGBUILDDIR>>/target/debug/build/libc-e069c05f7037d3fd -L dependency=/<<PKGBUILDDIR>>/target/debug/deps --cap-lints warn`
     Running `CARGO=/usr/bin/cargo CARGO_CRATE_NAME=cc CARGO_MANIFEST_DIR=/<<PKGBUILDDIR>>/debian/cargo_registry/cc-1.0.71 CARGO_PKG_AUTHORS='Alex Crichton <alex@alexcrichton.com>' CARGO_PKG_DESCRIPTION='A build-time dependency for Cargo build scripts to assist in invoking the native
C compiler to compile native C code into a static archive to be linked into Rust
code.
' CARGO_PKG_HOMEPAGE='https://github.com/alexcrichton/cc-rs' CARGO_PKG_LICENSE=MIT/Apache-2.0 CARGO_PKG_LICENSE_FILE='' CARGO_PKG_NAME=cc CARGO_PKG_REPOSITORY='https://github.com/alexcrichton/cc-rs' CARGO_PKG_VERSION=1.0.71 CARGO_PKG_VERSION_MAJOR=1 CARGO_PKG_VERSION_MINOR=0 CARGO_PKG_VERSION_PATCH=71 CARGO_PKG_VERSION_PRE='' LD_LIBRARY_PATH='/<<PKGBUILDDIR>>/target/debug/deps:/usr/lib' rustc --crate-name cc --edition=2018 /<<PKGBUILDDIR>>/debian/cargo_registry/cc-1.0.71/src/lib.rs --error-format=json --json=diagnostic-rendered-ansi --crate-type lib --emit=dep-info,metadata,link -C embed-bitcode=no -C debuginfo=2 -C metadata=e3668e62d71f158f -C extra-filename=-e3668e62d71f158f --out-dir /<<PKGBUILDDIR>>/target/debug/deps -L dependency=/<<PKGBUILDDIR>>/target/debug/deps --cap-lints warn`
     Running `CARGO=/usr/bin/cargo CARGO_CRATE_NAME=autocfg CARGO_MANIFEST_DIR=/<<PKGBUILDDIR>>/debian/cargo_registry/autocfg-1.0.1 CARGO_PKG_AUTHORS='Josh Stone <cuviper@gmail.com>' CARGO_PKG_DESCRIPTION='Automatic cfg for Rust compiler features' CARGO_PKG_HOMEPAGE='' CARGO_PKG_LICENSE='Apache-2.0 OR MIT' CARGO_PKG_LICENSE_FILE='' CARGO_PKG_NAME=autocfg CARGO_PKG_REPOSITORY='https://github.com/cuviper/autocfg' CARGO_PKG_VERSION=1.0.1 CARGO_PKG_VERSION_MAJOR=1 CARGO_PKG_VERSION_MINOR=0 CARGO_PKG_VERSION_PATCH=1 CARGO_PKG_VERSION_PRE='' LD_LIBRARY_PATH='/<<PKGBUILDDIR>>/target/debug/deps:/usr/lib' rustc --crate-name autocfg /<<PKGBUILDDIR>>/debian/cargo_registry/autocfg-1.0.1/src/lib.rs --error-format=json --json=diagnostic-rendered-ansi --crate-type lib --emit=dep-info,metadata,link -C embed-bitcode=no -C debuginfo=2 -C metadata=4cbfe72153844270 -C extra-filename=-4cbfe72153844270 --out-dir /<<PKGBUILDDIR>>/target/debug/deps -L dependency=/<<PKGBUILDDIR>>/target/debug/deps --cap-lints warn`
     Running `CARGO=/usr/bin/cargo CARGO_CRATE_NAME=pkg_config CARGO_MANIFEST_DIR=/<<PKGBUILDDIR>>/debian/cargo_registry/pkg-config-0.3.21 CARGO_PKG_AUTHORS='Alex Crichton <alex@alexcrichton.com>' CARGO_PKG_DESCRIPTION='A library to run the pkg-config system tool at build time in order to be used in
Cargo build scripts.
' CARGO_PKG_HOMEPAGE='' CARGO_PKG_LICENSE=MIT/Apache-2.0 CARGO_PKG_LICENSE_FILE='' CARGO_PKG_NAME=pkg-config CARGO_PKG_REPOSITORY='https://github.com/rust-lang/pkg-config-rs' CARGO_PKG_VERSION=0.3.21 CARGO_PKG_VERSION_MAJOR=0 CARGO_PKG_VERSION_MINOR=3 CARGO_PKG_VERSION_PATCH=21 CARGO_PKG_VERSION_PRE='' LD_LIBRARY_PATH='/<<PKGBUILDDIR>>/target/debug/deps:/usr/lib' rustc --crate-name pkg_config /<<PKGBUILDDIR>>/debian/cargo_registry/pkg-config-0.3.21/src/lib.rs --error-format=json --json=diagnostic-rendered-ansi --crate-type lib --emit=dep-info,metadata,link -C embed-bitcode=no -C debuginfo=2 -C metadata=a1349e3b1ef3c30a -C extra-filename=-a1349e3b1ef3c30a --out-dir /<<PKGBUILDDIR>>/target/debug/deps -L dependency=/<<PKGBUILDDIR>>/target/debug/deps --cap-lints warn`
warning: unreachable expression
   --> /<<PKGBUILDDIR>>/debian/cargo_registry/pkg-config-0.3.21/src/lib.rs:361:9
    |
357 |           return true;
    |           ----------- any code following this expression is unreachable
...
361 | /         match self.targetted_env_var("PKG_CONFIG_ALLOW_CROSS") {
362 | |             // don't use pkg-config if explicitly disabled
363 | |             Some(ref val) if val == "0" => false,
364 | |             Some(_) => true,
...   |
370 | |             }
371 | |         }
    | |_________^ unreachable expression
    |
    = note: `#[warn(unreachable_code)]` on by default

   Compiling memchr v2.3.3
     Running `CARGO=/usr/bin/cargo CARGO_CRATE_NAME=build_script_build CARGO_MANIFEST_DIR=/<<PKGBUILDDIR>>/debian/cargo_registry/memchr-2.3.3 CARGO_PKG_AUTHORS='Andrew Gallant <jamslam@gmail.com>:bluss' CARGO_PKG_DESCRIPTION='Safe interface to memchr.' CARGO_PKG_HOMEPAGE='https://github.com/BurntSushi/rust-memchr' CARGO_PKG_LICENSE=Unlicense/MIT CARGO_PKG_LICENSE_FILE='' CARGO_PKG_NAME=memchr CARGO_PKG_REPOSITORY='https://github.com/BurntSushi/rust-memchr' CARGO_PKG_VERSION=2.3.3 CARGO_PKG_VERSION_MAJOR=2 CARGO_PKG_VERSION_MINOR=3 CARGO_PKG_VERSION_PATCH=3 CARGO_PKG_VERSION_PRE='' LD_LIBRARY_PATH='/<<PKGBUILDDIR>>/target/debug/deps:/usr/lib' rustc --crate-name build_script_build /<<PKGBUILDDIR>>/debian/cargo_registry/memchr-2.3.3/build.rs --error-format=json --json=diagnostic-rendered-ansi --crate-type bin --emit=dep-info,link -C embed-bitcode=no -C debuginfo=2 --cfg 'feature="default"' --cfg 'feature="std"' --cfg 'feature="use_std"' -C metadata=67c1f0e3a632ed09 -C extra-filename=-67c1f0e3a632ed09 --out-dir /<<PKGBUILDDIR>>/target/debug/build/memchr-67c1f0e3a632ed09 -L dependency=/<<PKGBUILDDIR>>/target/debug/deps --cap-lints warn`
   Compiling once_cell v1.5.2
     Running `CARGO=/usr/bin/cargo CARGO_CRATE_NAME=once_cell CARGO_MANIFEST_DIR=/<<PKGBUILDDIR>>/debian/cargo_registry/once_cell-1.5.2 CARGO_PKG_AUTHORS='Aleksey Kladov <aleksey.kladov@gmail.com>' CARGO_PKG_DESCRIPTION='Single assignment cells and lazy values.' CARGO_PKG_HOMEPAGE='' CARGO_PKG_LICENSE='MIT OR Apache-2.0' CARGO_PKG_LICENSE_FILE='' CARGO_PKG_NAME=once_cell CARGO_PKG_REPOSITORY='https://github.com/matklad/once_cell' CARGO_PKG_VERSION=1.5.2 CARGO_PKG_VERSION_MAJOR=1 CARGO_PKG_VERSION_MINOR=5 CARGO_PKG_VERSION_PATCH=2 CARGO_PKG_VERSION_PRE='' LD_LIBRARY_PATH='/<<PKGBUILDDIR>>/target/debug/deps:/usr/lib' rustc --crate-name once_cell --edition=2018 /<<PKGBUILDDIR>>/debian/cargo_registry/once_cell-1.5.2/src/lib.rs --error-format=json --json=diagnostic-rendered-ansi,artifacts --crate-type lib --emit=dep-info,metadata,link -C embed-bitcode=no -C debuginfo=2 --cfg 'feature="alloc"' --cfg 'feature="default"' --cfg 'feature="std"' -C metadata=24eae6c597f9b2e7 -C extra-filename=-24eae6c597f9b2e7 --out-dir /<<PKGBUILDDIR>>/target/x86_64-unknown-linux-gnu/debug/deps --target x86_64-unknown-linux-gnu -L dependency=/<<PKGBUILDDIR>>/target/x86_64-unknown-linux-gnu/debug/deps -L dependency=/<<PKGBUILDDIR>>/target/debug/deps --cap-lints warn -C debuginfo=2 --cap-lints warn -C linker=x86_64-linux-gnu-gcc -C link-arg=-Wl,-z,relro --remap-path-prefix /<<PKGBUILDDIR>>=/usr/share/cargo/registry/publicsuffix-1.5.2`
warning: use of deprecated associated function `std::sync::atomic::AtomicUsize::compare_and_swap`: Use `compare_exchange` or `compare_exchange_weak` instead
   --> /usr/share/cargo/registry/publicsuffix-1.5.2/debian/cargo_registry/once_cell-1.5.2/src/imp_std.rs:154:46
    |
154 |                 let old = my_state_and_queue.compare_and_swap(
    |                                              ^^^^^^^^^^^^^^^^
    |
    = note: `#[warn(deprecated)]` on by default

warning: use of deprecated associated function `std::sync::atomic::AtomicUsize::compare_and_swap`: Use `compare_exchange` or `compare_exchange_weak` instead
   --> /usr/share/cargo/registry/publicsuffix-1.5.2/debian/cargo_registry/once_cell-1.5.2/src/imp_std.rs:196:35
    |
196 |         let old = state_and_queue.compare_and_swap(current_state, me | RUNNING, Ordering::Release);
    |                                   ^^^^^^^^^^^^^^^^

warning: `once_cell` (lib) generated 2 warnings
   Compiling cfg-if v0.1.10
     Running `CARGO=/usr/bin/cargo CARGO_CRATE_NAME=cfg_if CARGO_MANIFEST_DIR=/<<PKGBUILDDIR>>/debian/cargo_registry/cfg-if-0.1.10 CARGO_PKG_AUTHORS='Alex Crichton <alex@alexcrichton.com>' CARGO_PKG_DESCRIPTION='A macro to ergonomically define an item depending on a large number of #[cfg]
parameters. Structured like an if-else chain, the first matching branch is the
item that gets emitted.
' CARGO_PKG_HOMEPAGE='https://github.com/alexcrichton/cfg-if' CARGO_PKG_LICENSE=MIT/Apache-2.0 CARGO_PKG_LICENSE_FILE='' CARGO_PKG_NAME=cfg-if CARGO_PKG_REPOSITORY='https://github.com/alexcrichton/cfg-if' CARGO_PKG_VERSION=0.1.10 CARGO_PKG_VERSION_MAJOR=0 CARGO_PKG_VERSION_MINOR=1 CARGO_PKG_VERSION_PATCH=10 CARGO_PKG_VERSION_PRE='' LD_LIBRARY_PATH='/<<PKGBUILDDIR>>/target/debug/deps:/usr/lib' rustc --crate-name cfg_if --edition=2018 /<<PKGBUILDDIR>>/debian/cargo_registry/cfg-if-0.1.10/src/lib.rs --error-format=json --json=diagnostic-rendered-ansi,artifacts --crate-type lib --emit=dep-info,metadata,link -C embed-bitcode=no -C debuginfo=2 -C metadata=cc6989a34955d33a -C extra-filename=-cc6989a34955d33a --out-dir /<<PKGBUILDDIR>>/target/x86_64-unknown-linux-gnu/debug/deps --target x86_64-unknown-linux-gnu -L dependency=/<<PKGBUILDDIR>>/target/x86_64-unknown-linux-gnu/debug/deps -L dependency=/<<PKGBUILDDIR>>/target/debug/deps --cap-lints warn -C debuginfo=2 --cap-lints warn -C linker=x86_64-linux-gnu-gcc -C link-arg=-Wl,-z,relro --remap-path-prefix /<<PKGBUILDDIR>>=/usr/share/cargo/registry/publicsuffix-1.5.2`
   Compiling bitflags v1.2.1
     Running `CARGO=/usr/bin/cargo CARGO_CRATE_NAME=build_script_build CARGO_MANIFEST_DIR=/<<PKGBUILDDIR>>/debian/cargo_registry/bitflags-1.2.1 CARGO_PKG_AUTHORS='The Rust Project Developers' CARGO_PKG_DESCRIPTION='A macro to generate structures which behave like bitflags.
' CARGO_PKG_HOMEPAGE='https://github.com/bitflags/bitflags' CARGO_PKG_LICENSE=MIT/Apache-2.0 CARGO_PKG_LICENSE_FILE='' CARGO_PKG_NAME=bitflags CARGO_PKG_REPOSITORY='https://github.com/bitflags/bitflags' CARGO_PKG_VERSION=1.2.1 CARGO_PKG_VERSION_MAJOR=1 CARGO_PKG_VERSION_MINOR=2 CARGO_PKG_VERSION_PATCH=1 CARGO_PKG_VERSION_PRE='' LD_LIBRARY_PATH='/<<PKGBUILDDIR>>/target/debug/deps:/usr/lib' rustc --crate-name build_script_build /<<PKGBUILDDIR>>/debian/cargo_registry/bitflags-1.2.1/build.rs --error-format=json --json=diagnostic-rendered-ansi --crate-type bin --emit=dep-info,link -C embed-bitcode=no -C debuginfo=2 --cfg 'feature="default"' -C metadata=ab53983201d49898 -C extra-filename=-ab53983201d49898 --out-dir /<<PKGBUILDDIR>>/target/debug/build/bitflags-ab53983201d49898 -L dependency=/<<PKGBUILDDIR>>/target/debug/deps --cap-lints warn`
   Compiling backtrace-sys v0.1.37
     Running `CARGO=/usr/bin/cargo CARGO_CRATE_NAME=build_script_build CARGO_MANIFEST_DIR=/<<PKGBUILDDIR>>/debian/cargo_registry/backtrace-sys-0.1.37 CARGO_PKG_AUTHORS='Alex Crichton <alex@alexcrichton.com>' CARGO_PKG_DESCRIPTION='Bindings to the libbacktrace gcc library
' CARGO_PKG_HOMEPAGE='https://github.com/alexcrichton/backtrace-rs' CARGO_PKG_LICENSE=MIT/Apache-2.0 CARGO_PKG_LICENSE_FILE='' CARGO_PKG_NAME=backtrace-sys CARGO_PKG_REPOSITORY='https://github.com/alexcrichton/backtrace-rs' CARGO_PKG_VERSION=0.1.37 CARGO_PKG_VERSION_MAJOR=0 CARGO_PKG_VERSION_MINOR=1 CARGO_PKG_VERSION_PATCH=37 CARGO_PKG_VERSION_PRE='' LD_LIBRARY_PATH='/<<PKGBUILDDIR>>/target/debug/deps:/usr/lib' rustc --crate-name build_script_build /<<PKGBUILDDIR>>/debian/cargo_registry/backtrace-sys-0.1.37/build.rs --error-format=json --json=diagnostic-rendered-ansi --crate-type bin --emit=dep-info,link -C embed-bitcode=no -C debuginfo=2 --cfg 'feature="backtrace-sys"' --cfg 'feature="default"' -C metadata=2c847703edf9dc2c -C extra-filename=-2c847703edf9dc2c --out-dir /<<PKGBUILDDIR>>/target/debug/build/backtrace-sys-2c847703edf9dc2c -L dependency=/<<PKGBUILDDIR>>/target/debug/deps --cap-lints warn`
warning: `pkg-config` (lib) generated 1 warning
   Compiling log v0.4.11
     Running `CARGO=/usr/bin/cargo CARGO_CRATE_NAME=build_script_build CARGO_MANIFEST_DIR=/<<PKGBUILDDIR>>/debian/cargo_registry/log-0.4.11 CARGO_PKG_AUTHORS='The Rust Project Developers' CARGO_PKG_DESCRIPTION='A lightweight logging facade for Rust
' CARGO_PKG_HOMEPAGE='' CARGO_PKG_LICENSE='MIT OR Apache-2.0' CARGO_PKG_LICENSE_FILE='' CARGO_PKG_NAME=log CARGO_PKG_REPOSITORY='https://github.com/rust-lang/log' CARGO_PKG_VERSION=0.4.11 CARGO_PKG_VERSION_MAJOR=0 CARGO_PKG_VERSION_MINOR=4 CARGO_PKG_VERSION_PATCH=11 CARGO_PKG_VERSION_PRE='' LD_LIBRARY_PATH='/<<PKGBUILDDIR>>/target/debug/deps:/usr/lib' rustc --crate-name build_script_build /<<PKGBUILDDIR>>/debian/cargo_registry/log-0.4.11/build.rs --error-format=json --json=diagnostic-rendered-ansi --crate-type bin --emit=dep-info,link -C embed-bitcode=no -C debuginfo=2 -C metadata=77f6a98898c176fa -C extra-filename=-77f6a98898c176fa --out-dir /<<PKGBUILDDIR>>/target/debug/build/log-77f6a98898c176fa -L dependency=/<<PKGBUILDDIR>>/target/debug/deps --cap-lints warn`
   Compiling matches v0.1.8
     Running `CARGO=/usr/bin/cargo CARGO_CRATE_NAME=matches CARGO_MANIFEST_DIR=/<<PKGBUILDDIR>>/debian/cargo_registry/matches-0.1.8 CARGO_PKG_AUTHORS='Simon Sapin <simon.sapin@exyr.org>' CARGO_PKG_DESCRIPTION='A macro to evaluate, as a boolean, whether an expression matches a pattern.' CARGO_PKG_HOMEPAGE='' CARGO_PKG_LICENSE=MIT CARGO_PKG_LICENSE_FILE='' CARGO_PKG_NAME=matches CARGO_PKG_REPOSITORY='https://github.com/SimonSapin/rust-std-candidates' CARGO_PKG_VERSION=0.1.8 CARGO_PKG_VERSION_MAJOR=0 CARGO_PKG_VERSION_MINOR=1 CARGO_PKG_VERSION_PATCH=8 CARGO_PKG_VERSION_PRE='' LD_LIBRARY_PATH='/<<PKGBUILDDIR>>/target/debug/deps:/usr/lib' rustc --crate-name matches /<<PKGBUILDDIR>>/debian/cargo_registry/matches-0.1.8/lib.rs --error-format=json --json=diagnostic-rendered-ansi,artifacts --crate-type lib --emit=dep-info,metadata,link -C embed-bitcode=no -C debuginfo=2 -C metadata=7fd502d3d1348146 -C extra-filename=-7fd502d3d1348146 --out-dir /<<PKGBUILDDIR>>/target/x86_64-unknown-linux-gnu/debug/deps --target x86_64-unknown-linux-gnu -L dependency=/<<PKGBUILDDIR>>/target/x86_64-unknown-linux-gnu/debug/deps -L dependency=/<<PKGBUILDDIR>>/target/debug/deps --cap-lints warn -C debuginfo=2 --cap-lints warn -C linker=x86_64-linux-gnu-gcc -C link-arg=-Wl,-z,relro --remap-path-prefix /<<PKGBUILDDIR>>=/usr/share/cargo/registry/publicsuffix-1.5.2`
   Compiling smallvec v1.7.0
     Running `CARGO=/usr/bin/cargo CARGO_CRATE_NAME=smallvec CARGO_MANIFEST_DIR=/<<PKGBUILDDIR>>/debian/cargo_registry/smallvec-1.7.0 CARGO_PKG_AUTHORS='The Servo Project Developers' CARGO_PKG_DESCRIPTION=''\''Small vector'\'' optimization: store up to a small number of items on the stack' CARGO_PKG_HOMEPAGE='' CARGO_PKG_LICENSE=MIT/Apache-2.0 CARGO_PKG_LICENSE_FILE='' CARGO_PKG_NAME=smallvec CARGO_PKG_REPOSITORY='https://github.com/servo/rust-smallvec' CARGO_PKG_VERSION=1.7.0 CARGO_PKG_VERSION_MAJOR=1 CARGO_PKG_VERSION_MINOR=7 CARGO_PKG_VERSION_PATCH=0 CARGO_PKG_VERSION_PRE='' LD_LIBRARY_PATH='/<<PKGBUILDDIR>>/target/debug/deps:/usr/lib' rustc --crate-name smallvec --edition=2018 /<<PKGBUILDDIR>>/debian/cargo_registry/smallvec-1.7.0/src/lib.rs --error-format=json --json=diagnostic-rendered-ansi,artifacts --crate-type lib --emit=dep-info,metadata,link -C embed-bitcode=no -C debuginfo=2 -C metadata=1ecdefc7a8c944d5 -C extra-filename=-1ecdefc7a8c944d5 --out-dir /<<PKGBUILDDIR>>/target/x86_64-unknown-linux-gnu/debug/deps --target x86_64-unknown-linux-gnu -L dependency=/<<PKGBUILDDIR>>/target/x86_64-unknown-linux-gnu/debug/deps -L dependency=/<<PKGBUILDDIR>>/target/debug/deps --cap-lints warn -C debuginfo=2 --cap-lints warn -C linker=x86_64-linux-gnu-gcc -C link-arg=-Wl,-z,relro --remap-path-prefix /<<PKGBUILDDIR>>=/usr/share/cargo/registry/publicsuffix-1.5.2`
   Compiling foreign-types-shared v0.1.1
     Running `CARGO=/usr/bin/cargo CARGO_CRATE_NAME=foreign_types_shared CARGO_MANIFEST_DIR=/<<PKGBUILDDIR>>/debian/cargo_registry/foreign-types-shared-0.1.1 CARGO_PKG_AUTHORS='Steven Fackler <sfackler@gmail.com>' CARGO_PKG_DESCRIPTION='An internal crate used by foreign-types' CARGO_PKG_HOMEPAGE='' CARGO_PKG_LICENSE=MIT/Apache-2.0 CARGO_PKG_LICENSE_FILE='' CARGO_PKG_NAME=foreign-types-shared CARGO_PKG_REPOSITORY='https://github.com/sfackler/foreign-types' CARGO_PKG_VERSION=0.1.1 CARGO_PKG_VERSION_MAJOR=0 CARGO_PKG_VERSION_MINOR=1 CARGO_PKG_VERSION_PATCH=1 CARGO_PKG_VERSION_PRE='' LD_LIBRARY_PATH='/<<PKGBUILDDIR>>/target/debug/deps:/usr/lib' rustc --crate-name foreign_types_shared /<<PKGBUILDDIR>>/debian/cargo_registry/foreign-types-shared-0.1.1/src/lib.rs --error-format=json --json=diagnostic-rendered-ansi,artifacts --crate-type lib --emit=dep-info,metadata,link -C embed-bitcode=no -C debuginfo=2 -C metadata=3407a1ca68c18b38 -C extra-filename=-3407a1ca68c18b38 --out-dir /<<PKGBUILDDIR>>/target/x86_64-unknown-linux-gnu/debug/deps --target x86_64-unknown-linux-gnu -L dependency=/<<PKGBUILDDIR>>/target/x86_64-unknown-linux-gnu/debug/deps -L dependency=/<<PKGBUILDDIR>>/target/debug/deps --cap-lints warn -C debuginfo=2 --cap-lints warn -C linker=x86_64-linux-gnu-gcc -C link-arg=-Wl,-z,relro --remap-path-prefix /<<PKGBUILDDIR>>=/usr/share/cargo/registry/publicsuffix-1.5.2`
   Compiling openssl v0.10.36
     Running `CARGO=/usr/bin/cargo CARGO_CRATE_NAME=build_script_build CARGO_MANIFEST_DIR=/<<PKGBUILDDIR>>/debian/cargo_registry/openssl-0.10.36 CARGO_PKG_AUTHORS='Steven Fackler <sfackler@gmail.com>' CARGO_PKG_DESCRIPTION='OpenSSL bindings' CARGO_PKG_HOMEPAGE='' CARGO_PKG_LICENSE=Apache-2.0 CARGO_PKG_LICENSE_FILE='' CARGO_PKG_NAME=openssl CARGO_PKG_REPOSITORY='https://github.com/sfackler/rust-openssl' CARGO_PKG_VERSION=0.10.36 CARGO_PKG_VERSION_MAJOR=0 CARGO_PKG_VERSION_MINOR=10 CARGO_PKG_VERSION_PATCH=36 CARGO_PKG_VERSION_PRE='' LD_LIBRARY_PATH='/<<PKGBUILDDIR>>/target/debug/deps:/usr/lib' rustc --crate-name build_script_build --edition=2018 /<<PKGBUILDDIR>>/debian/cargo_registry/openssl-0.10.36/build.rs --error-format=json --json=diagnostic-rendered-ansi --crate-type bin --emit=dep-info,link -C embed-bitcode=no -C debuginfo=2 -C metadata=aed671da0a1947f2 -C extra-filename=-aed671da0a1947f2 --out-dir /<<PKGBUILDDIR>>/target/debug/build/openssl-aed671da0a1947f2 -L dependency=/<<PKGBUILDDIR>>/target/debug/deps --cap-lints warn`
   Compiling version_check v0.9.2
     Running `CARGO=/usr/bin/cargo CARGO_CRATE_NAME=version_check CARGO_MANIFEST_DIR=/<<PKGBUILDDIR>>/debian/cargo_registry/version_check-0.9.2 CARGO_PKG_AUTHORS='Sergio Benitez <sb@sergio.bz>' CARGO_PKG_DESCRIPTION='Tiny crate to check the version of the installed/running rustc.' CARGO_PKG_HOMEPAGE='' CARGO_PKG_LICENSE=MIT/Apache-2.0 CARGO_PKG_LICENSE_FILE='' CARGO_PKG_NAME=version_check CARGO_PKG_REPOSITORY='https://github.com/SergioBenitez/version_check' CARGO_PKG_VERSION=0.9.2 CARGO_PKG_VERSION_MAJOR=0 CARGO_PKG_VERSION_MINOR=9 CARGO_PKG_VERSION_PATCH=2 CARGO_PKG_VERSION_PRE='' LD_LIBRARY_PATH='/<<PKGBUILDDIR>>/target/debug/deps:/usr/lib' rustc --crate-name version_check /<<PKGBUILDDIR>>/debian/cargo_registry/version_check-0.9.2/src/lib.rs --error-format=json --json=diagnostic-rendered-ansi --crate-type lib --emit=dep-info,metadata,link -C embed-bitcode=no -C debuginfo=2 -C metadata=21f256859b290bfd -C extra-filename=-21f256859b290bfd --out-dir /<<PKGBUILDDIR>>/target/debug/deps -L dependency=/<<PKGBUILDDIR>>/target/debug/deps --cap-lints warn`
   Compiling native-tls v0.2.4
     Running `CARGO=/usr/bin/cargo CARGO_CRATE_NAME=build_script_build CARGO_MANIFEST_DIR=/<<PKGBUILDDIR>>/debian/cargo_registry/native-tls-0.2.4 CARGO_PKG_AUTHORS='Steven Fackler <sfackler@gmail.com>' CARGO_PKG_DESCRIPTION='A wrapper over a platform'\''s native TLS implementation' CARGO_PKG_HOMEPAGE='' CARGO_PKG_LICENSE=MIT/Apache-2.0 CARGO_PKG_LICENSE_FILE='' CARGO_PKG_NAME=native-tls CARGO_PKG_REPOSITORY='https://github.com/sfackler/rust-native-tls' CARGO_PKG_VERSION=0.2.4 CARGO_PKG_VERSION_MAJOR=0 CARGO_PKG_VERSION_MINOR=2 CARGO_PKG_VERSION_PATCH=4 CARGO_PKG_VERSION_PRE='' LD_LIBRARY_PATH='/<<PKGBUILDDIR>>/target/debug/deps:/usr/lib' rustc --crate-name build_script_build /<<PKGBUILDDIR>>/debian/cargo_registry/native-tls-0.2.4/build.rs --error-format=json --json=diagnostic-rendered-ansi --crate-type bin --emit=dep-info,link -C embed-bitcode=no -C debuginfo=2 -C metadata=6b75415c3c7584f6 -C extra-filename=-6b75415c3c7584f6 --out-dir /<<PKGBUILDDIR>>/target/debug/build/native-tls-6b75415c3c7584f6 -L dependency=/<<PKGBUILDDIR>>/target/debug/deps --cap-lints warn`
   Compiling percent-encoding v2.1.0
     Running `CARGO=/usr/bin/cargo CARGO_CRATE_NAME=percent_encoding CARGO_MANIFEST_DIR=/<<PKGBUILDDIR>>/debian/cargo_registry/percent-encoding-2.1.0 CARGO_PKG_AUTHORS='The rust-url developers' CARGO_PKG_DESCRIPTION='Percent encoding and decoding' CARGO_PKG_HOMEPAGE='' CARGO_PKG_LICENSE=MIT/Apache-2.0 CARGO_PKG_LICENSE_FILE='' CARGO_PKG_NAME=percent-encoding CARGO_PKG_REPOSITORY='https://github.com/servo/rust-url/' CARGO_PKG_VERSION=2.1.0 CARGO_PKG_VERSION_MAJOR=2 CARGO_PKG_VERSION_MINOR=1 CARGO_PKG_VERSION_PATCH=0 CARGO_PKG_VERSION_PRE='' LD_LIBRARY_PATH='/<<PKGBUILDDIR>>/target/debug/deps:/usr/lib' rustc --crate-name percent_encoding /<<PKGBUILDDIR>>/debian/cargo_registry/percent-encoding-2.1.0/lib.rs --error-format=json --json=diagnostic-rendered-ansi,artifacts --crate-type lib --emit=dep-info,metadata,link -C embed-bitcode=no -C debuginfo=2 -C metadata=3e8fe7da25d1f968 -C extra-filename=-3e8fe7da25d1f968 --out-dir /<<PKGBUILDDIR>>/target/x86_64-unknown-linux-gnu/debug/deps --target x86_64-unknown-linux-gnu -L dependency=/<<PKGBUILDDIR>>/target/x86_64-unknown-linux-gnu/debug/deps -L dependency=/<<PKGBUILDDIR>>/target/debug/deps --cap-lints warn -C debuginfo=2 --cap-lints warn -C linker=x86_64-linux-gnu-gcc -C link-arg=-Wl,-z,relro --remap-path-prefix /<<PKGBUILDDIR>>=/usr/share/cargo/registry/publicsuffix-1.5.2`
   Compiling rustc-demangle v0.1.16
     Running `CARGO=/usr/bin/cargo CARGO_CRATE_NAME=rustc_demangle CARGO_MANIFEST_DIR=/<<PKGBUILDDIR>>/debian/cargo_registry/rustc-demangle-0.1.16 CARGO_PKG_AUTHORS='Alex Crichton <alex@alexcrichton.com>' CARGO_PKG_DESCRIPTION='Rust compiler symbol demangling.
' CARGO_PKG_HOMEPAGE='https://github.com/alexcrichton/rustc-demangle' CARGO_PKG_LICENSE=MIT/Apache-2.0 CARGO_PKG_LICENSE_FILE='' CARGO_PKG_NAME=rustc-demangle CARGO_PKG_REPOSITORY='https://github.com/alexcrichton/rustc-demangle' CARGO_PKG_VERSION=0.1.16 CARGO_PKG_VERSION_MAJOR=0 CARGO_PKG_VERSION_MINOR=1 CARGO_PKG_VERSION_PATCH=16 CARGO_PKG_VERSION_PRE='' LD_LIBRARY_PATH='/<<PKGBUILDDIR>>/target/debug/deps:/usr/lib' rustc --crate-name rustc_demangle /<<PKGBUILDDIR>>/debian/cargo_registry/rustc-demangle-0.1.16/src/lib.rs --error-format=json --json=diagnostic-rendered-ansi,artifacts --crate-type lib --emit=dep-info,metadata,link -C embed-bitcode=no -C debuginfo=2 -C metadata=f4c7a5415be21c9b -C extra-filename=-f4c7a5415be21c9b --out-dir /<<PKGBUILDDIR>>/target/x86_64-unknown-linux-gnu/debug/deps --target x86_64-unknown-linux-gnu -L dependency=/<<PKGBUILDDIR>>/target/x86_64-unknown-linux-gnu/debug/deps -L dependency=/<<PKGBUILDDIR>>/target/debug/deps --cap-lints warn -C debuginfo=2 --cap-lints warn -C linker=x86_64-linux-gnu-gcc -C link-arg=-Wl,-z,relro --remap-path-prefix /<<PKGBUILDDIR>>=/usr/share/cargo/registry/publicsuffix-1.5.2`
warning: use of deprecated macro `try`: use the `?` operator instead
  --> /usr/share/cargo/registry/publicsuffix-1.5.2/debian/cargo_registry/rustc-demangle-0.1.16/src/legacy.rs:73:17
   |
73 |     let mut c = try!(chars.next().ok_or(()));
   |                 ^^^
   |
   = note: `#[warn(deprecated)]` on by default

warning: use of deprecated macro `try`: use the `?` operator instead
  --> /usr/share/cargo/registry/publicsuffix-1.5.2/debian/cargo_registry/rustc-demangle-0.1.16/src/legacy.rs:81:19
   |
81 |             len = try!(len.checked_mul(10)
   |                   ^^^

warning: use of deprecated macro `try`: use the `?` operator instead
  --> /usr/share/cargo/registry/publicsuffix-1.5.2/debian/cargo_registry/rustc-demangle-0.1.16/src/legacy.rs:84:17
   |
84 |             c = try!(chars.next().ok_or(()));
   |                 ^^^

warning: use of deprecated macro `try`: use the `?` operator instead
  --> /usr/share/cargo/registry/publicsuffix-1.5.2/debian/cargo_registry/rustc-demangle-0.1.16/src/legacy.rs:90:17
   |
90 |             c = try!(chars.next().ok_or(()));
   |                 ^^^

warning: use of deprecated macro `try`: use the `?` operator instead
   --> /usr/share/cargo/registry/publicsuffix-1.5.2/debian/cargo_registry/rustc-demangle-0.1.16/src/legacy.rs:187:13
    |
187 |             try!(f.write_str(rest));
    |             ^^^

warning: use of deprecated macro `try`: use the `?` operator instead
   --> /usr/share/cargo/registry/publicsuffix-1.5.2/debian/cargo_registry/rustc-demangle-0.1.16/src/legacy.rs:125:17
    |
125 |                 try!(f.write_str("::"));
    |                 ^^^

warning: use of deprecated macro `try`: use the `?` operator instead
   --> /usr/share/cargo/registry/publicsuffix-1.5.2/debian/cargo_registry/rustc-demangle-0.1.16/src/legacy.rs:133:25
    |
133 |                         try!(f.write_str("::"));
    |                         ^^^

warning: use of deprecated macro `try`: use the `?` operator instead
   --> /usr/share/cargo/registry/publicsuffix-1.5.2/debian/cargo_registry/rustc-demangle-0.1.16/src/legacy.rs:136:25
    |
136 |                         try!(f.write_str("."));
    |                         ^^^

warning: use of deprecated macro `try`: use the `?` operator instead
   --> /usr/share/cargo/registry/publicsuffix-1.5.2/debian/cargo_registry/rustc-demangle-0.1.16/src/legacy.rs:178:21
    |
178 |                     try!(f.write_str(unescaped));
    |                     ^^^

warning: `...` range patterns are deprecated
   --> /usr/share/cargo/registry/publicsuffix-1.5.2/debian/cargo_registry/rustc-demangle-0.1.16/src/legacy.rs:161:40
    |
161 | ...                   '0'...'9' | 'a'...'f' => true,
    |                          ^^^ help: use `..=` for an inclusive range
    |
    = note: `#[warn(ellipsis_inclusive_range_patterns)]` on by default
    = warning: this is accepted in the current edition (Rust 2015) but is a hard error in Rust 2021!
    = note: for more information, see <https://doc.rust-lang.org/nightly/edition-guide/rust-2021/warnings-promoted-to-error.html>

warning: `...` range patterns are deprecated
   --> /usr/share/cargo/registry/publicsuffix-1.5.2/debian/cargo_registry/rustc-demangle-0.1.16/src/legacy.rs:161:52
    |
161 | ...                   '0'...'9' | 'a'...'f' => true,
    |                                      ^^^ help: use `..=` for an inclusive range
    |
    = warning: this is accepted in the current edition (Rust 2015) but is a hard error in Rust 2021!
    = note: for more information, see <https://doc.rust-lang.org/nightly/edition-guide/rust-2021/warnings-promoted-to-error.html>

warning: use of deprecated macro `try`: use the `?` operator instead
   --> /usr/share/cargo/registry/publicsuffix-1.5.2/debian/cargo_registry/rustc-demangle-0.1.16/src/legacy.rs:169:41
    |
169 | ...                   try!(c.fmt(f));
    |                       ^^^

warning: use of deprecated macro `try`: use the `?` operator instead
   --> /usr/share/cargo/registry/publicsuffix-1.5.2/debian/cargo_registry/rustc-demangle-0.1.16/src/legacy.rs:181:21
    |
181 |                     try!(f.write_str(&rest[..i]));
    |                     ^^^

warning: use of deprecated macro `try`: use the `?` operator instead
  --> /usr/share/cargo/registry/publicsuffix-1.5.2/debian/cargo_registry/rustc-demangle-0.1.16/src/v0.rs:49:5
   |
49 |     try!(parser.skip_path());
   |     ^^^

warning: `...` range patterns are deprecated
  --> /usr/share/cargo/registry/publicsuffix-1.5.2/debian/cargo_registry/rustc-demangle-0.1.16/src/v0.rs:35:13
   |
35 |         b'A'...b'Z' => {}
   |             ^^^ help: use `..=` for an inclusive range
   |
   = warning: this is accepted in the current edition (Rust 2015) but is a hard error in Rust 2021!
   = note: for more information, see <https://doc.rust-lang.org/nightly/edition-guide/rust-2021/warnings-promoted-to-error.html>

warning: `...` range patterns are deprecated
  --> /usr/share/cargo/registry/publicsuffix-1.5.2/debian/cargo_registry/rustc-demangle-0.1.16/src/v0.rs:53:14
   |
53 |         Some(&b'A'...b'Z') => {
   |              ^^^^^^^^^^^^ help: use `..=` for an inclusive range: `&(b'A'..=b'Z')`
   |
   = warning: this is accepted in the current edition (Rust 2015) but is a hard error in Rust 2021!
   = note: for more information, see <https://doc.rust-lang.org/nightly/edition-guide/rust-2021/warnings-promoted-to-error.html>

warning: use of deprecated macro `try`: use the `?` operator instead
  --> /usr/share/cargo/registry/publicsuffix-1.5.2/debian/cargo_registry/rustc-demangle-0.1.16/src/v0.rs:54:13
   |
54 |             try!(parser.skip_path());
   |             ^^^

warning: use of deprecated macro `try`: use the `?` operator instead
   --> /usr/share/cargo/registry/publicsuffix-1.5.2/debian/cargo_registry/rustc-demangle-0.1.16/src/v0.rs:102:13
    |
102 |             try!(out.get(out_len).ok_or(()));
    |             ^^^

warning: use of deprecated macro `try`: use the `?` operator instead
   --> /usr/share/cargo/registry/publicsuffix-1.5.2/debian/cargo_registry/rustc-demangle-0.1.16/src/v0.rs:141:13
    |
141 |             try!(insert(len, c));
    |             ^^^

warning: use of deprecated macro `try`: use the `?` operator instead
   --> /usr/share/cargo/registry/publicsuffix-1.5.2/debian/cargo_registry/rustc-demangle-0.1.16/src/v0.rs:195:13
    |
195 |             try!(insert(i, c));
    |             ^^^

warning: `...` range patterns are deprecated
   --> /usr/share/cargo/registry/publicsuffix-1.5.2/debian/cargo_registry/rustc-demangle-0.1.16/src/v0.rs:167:34
    |
167 |                     Some(d @ b'a'...b'z') => d - b'a',
    |                                  ^^^ help: use `..=` for an inclusive range
    |
    = warning: this is accepted in the current edition (Rust 2015) but is a hard error in Rust 2021!
    = note: for more information, see <https://doc.rust-lang.org/nightly/edition-guide/rust-2021/warnings-promoted-to-error.html>

warning: `...` range patterns are deprecated
   --> /usr/share/cargo/registry/publicsuffix-1.5.2/debian/cargo_registry/rustc-demangle-0.1.16/src/v0.rs:168:34
    |
168 |                     Some(d @ b'0'...b'9') => 26 + (d - b'0'),
    |                                  ^^^ help: use `..=` for an inclusive range
    |
    = warning: this is accepted in the current edition (Rust 2015) but is a hard error in Rust 2021!
    = note: for more information, see <https://doc.rust-lang.org/nightly/edition-guide/rust-2021/warnings-promoted-to-error.html>

warning: use of deprecated macro `try`: use the `?` operator instead
   --> /usr/share/cargo/registry/publicsuffix-1.5.2/debian/cargo_registry/rustc-demangle-0.1.16/src/v0.rs:172:25
    |
172 |                 delta = try!(delta.checked_add(
    |                         ^^^

warning: use of deprecated macro `try`: use the `?` operator instead
   --> /usr/share/cargo/registry/publicsuffix-1.5.2/debian/cargo_registry/rustc-demangle-0.1.16/src/v0.rs:173:21
    |
173 |                     try!(d.checked_mul(w).ok_or(()))
    |                     ^^^

warning: use of deprecated macro `try`: use the `?` operator instead
   --> /usr/share/cargo/registry/publicsuffix-1.5.2/debian/cargo_registry/rustc-demangle-0.1.16/src/v0.rs:178:21
    |
178 |                 w = try!(w.checked_mul(base - t).ok_or(()));
    |                     ^^^

warning: use of deprecated macro `try`: use the `?` operator instead
   --> /usr/share/cargo/registry/publicsuffix-1.5.2/debian/cargo_registry/rustc-demangle-0.1.16/src/v0.rs:183:17
    |
183 |             i = try!(i.checked_add(delta).ok_or(()));
    |                 ^^^

warning: use of deprecated macro `try`: use the `?` operator instead
   --> /usr/share/cargo/registry/publicsuffix-1.5.2/debian/cargo_registry/rustc-demangle-0.1.16/src/v0.rs:184:17
    |
184 |             n = try!(n.checked_add(i / len).ok_or(()));
    |                 ^^^

warning: use of deprecated macro `try`: use the `?` operator instead
   --> /usr/share/cargo/registry/publicsuffix-1.5.2/debian/cargo_registry/rustc-demangle-0.1.16/src/v0.rs:189:17
    |
189 |                 try!(char::from_u32(n_u32).ok_or(()))
    |                 ^^^

warning: use of deprecated macro `try`: use the `?` operator instead
   --> /usr/share/cargo/registry/publicsuffix-1.5.2/debian/cargo_registry/rustc-demangle-0.1.16/src/v0.rs:222:17
    |
222 |                 try!(c.fmt(f));
    |                 ^^^

warning: use of deprecated macro `try`: use the `?` operator instead
   --> /usr/share/cargo/registry/publicsuffix-1.5.2/debian/cargo_registry/rustc-demangle-0.1.16/src/v0.rs:227:17
    |
227 |                 try!(f.write_str("punycode{"));
    |                 ^^^

warning: use of deprecated macro `try`: use the `?` operator instead
   --> /usr/share/cargo/registry/publicsuffix-1.5.2/debian/cargo_registry/rustc-demangle-0.1.16/src/v0.rs:235:17
    |
235 |                 try!(f.write_str(self.punycode));
    |                 ^^^

warning: use of deprecated macro `try`: use the `?` operator instead
   --> /usr/share/cargo/registry/publicsuffix-1.5.2/debian/cargo_registry/rustc-demangle-0.1.16/src/v0.rs:232:21
    |
232 |                     try!(f.write_str(self.ascii));
    |                     ^^^

warning: use of deprecated macro `try`: use the `?` operator instead
   --> /usr/share/cargo/registry/publicsuffix-1.5.2/debian/cargo_registry/rustc-demangle-0.1.16/src/v0.rs:233:21
    |
233 |                     try!(f.write_str("-"));
    |                     ^^^

warning: use of deprecated macro `try`: use the `?` operator instead
   --> /usr/share/cargo/registry/publicsuffix-1.5.2/debian/cargo_registry/rustc-demangle-0.1.16/src/v0.rs:293:17
    |
293 |         let b = try!(self.peek().ok_or(Invalid));
    |                 ^^^

warning: use of deprecated macro `try`: use the `?` operator instead
   --> /usr/share/cargo/registry/publicsuffix-1.5.2/debian/cargo_registry/rustc-demangle-0.1.16/src/v0.rs:301:19
    |
301 |             match try!(self.next()) {
    |                   ^^^

warning: `...` range patterns are deprecated
   --> /usr/share/cargo/registry/publicsuffix-1.5.2/debian/cargo_registry/rustc-demangle-0.1.16/src/v0.rs:302:21
    |
302 |                 b'0'...b'9' | b'a'...b'f' => {}
    |                     ^^^ help: use `..=` for an inclusive range
    |
    = warning: this is accepted in the current edition (Rust 2015) but is a hard error in Rust 2021!
    = note: for more information, see <https://doc.rust-lang.org/nightly/edition-guide/rust-2021/warnings-promoted-to-error.html>

warning: `...` range patterns are deprecated
   --> /usr/share/cargo/registry/publicsuffix-1.5.2/debian/cargo_registry/rustc-demangle-0.1.16/src/v0.rs:302:35
    |
302 |                 b'0'...b'9' | b'a'...b'f' => {}
    |                                   ^^^ help: use `..=` for an inclusive range
    |
    = warning: this is accepted in the current edition (Rust 2015) but is a hard error in Rust 2021!
    = note: for more information, see <https://doc.rust-lang.org/nightly/edition-guide/rust-2021/warnings-promoted-to-error.html>

warning: `...` range patterns are deprecated
   --> /usr/share/cargo/registry/publicsuffix-1.5.2/debian/cargo_registry/rustc-demangle-0.1.16/src/v0.rs:312:26
    |
312 |             Some(d @ b'0'...b'9') => d - b'0',
    |                          ^^^ help: use `..=` for an inclusive range
    |
    = warning: this is accepted in the current edition (Rust 2015) but is a hard error in Rust 2021!
    = note: for more information, see <https://doc.rust-lang.org/nightly/edition-guide/rust-2021/warnings-promoted-to-error.html>

warning: `...` range patterns are deprecated
   --> /usr/share/cargo/registry/publicsuffix-1.5.2/debian/cargo_registry/rustc-demangle-0.1.16/src/v0.rs:321:26
    |
321 |             Some(d @ b'0'...b'9') => d - b'0',
    |                          ^^^ help: use `..=` for an inclusive range
    |
    = warning: this is accepted in the current edition (Rust 2015) but is a hard error in Rust 2021!
    = note: for more information, see <https://doc.rust-lang.org/nightly/edition-guide/rust-2021/warnings-promoted-to-error.html>

warning: `...` range patterns are deprecated
   --> /usr/share/cargo/registry/publicsuffix-1.5.2/debian/cargo_registry/rustc-demangle-0.1.16/src/v0.rs:322:26
    |
322 |             Some(d @ b'a'...b'z') => 10 + (d - b'a'),
    |                          ^^^ help: use `..=` for an inclusive range
    |
    = warning: this is accepted in the current edition (Rust 2015) but is a hard error in Rust 2021!
    = note: for more information, see <https://doc.rust-lang.org/nightly/edition-guide/rust-2021/warnings-promoted-to-error.html>

warning: `...` range patterns are deprecated
   --> /usr/share/cargo/registry/publicsuffix-1.5.2/debian/cargo_registry/rustc-demangle-0.1.16/src/v0.rs:323:26
    |
323 |             Some(d @ b'A'...b'Z') => 10 + 26 + (d - b'A'),
    |                          ^^^ help: use `..=` for an inclusive range
    |
    = warning: this is accepted in the current edition (Rust 2015) but is a hard error in Rust 2021!
    = note: for more information, see <https://doc.rust-lang.org/nightly/edition-guide/rust-2021/warnings-promoted-to-error.html>

warning: use of deprecated macro `try`: use the `?` operator instead
   --> /usr/share/cargo/registry/publicsuffix-1.5.2/debian/cargo_registry/rustc-demangle-0.1.16/src/v0.rs:337:21
    |
337 |             let d = try!(self.digit_62()) as u64;
    |                     ^^^

warning: use of deprecated macro `try`: use the `?` operator instead
   --> /usr/share/cargo/registry/publicsuffix-1.5.2/debian/cargo_registry/rustc-demangle-0.1.16/src/v0.rs:338:17
    |
338 |             x = try!(x.checked_mul(62).ok_or(Invalid));
    |                 ^^^

warning: use of deprecated macro `try`: use the `?` operator instead
   --> /usr/share/cargo/registry/publicsuffix-1.5.2/debian/cargo_registry/rustc-demangle-0.1.16/src/v0.rs:339:17
    |
339 |             x = try!(x.checked_add(d).ok_or(Invalid));
    |                 ^^^

warning: use of deprecated macro `try`: use the `?` operator instead
   --> /usr/share/cargo/registry/publicsuffix-1.5.2/debian/cargo_registry/rustc-demangle-0.1.16/src/v0.rs:348:9
    |
348 |         try!(self.integer_62()).checked_add(1).ok_or(Invalid)
    |         ^^^

warning: use of deprecated macro `try`: use the `?` operator instead
   --> /usr/share/cargo/registry/publicsuffix-1.5.2/debian/cargo_registry/rustc-demangle-0.1.16/src/v0.rs:356:15
    |
356 |         match try!(self.next()) {
    |               ^^^

warning: `...` range patterns are deprecated
   --> /usr/share/cargo/registry/publicsuffix-1.5.2/debian/cargo_registry/rustc-demangle-0.1.16/src/v0.rs:358:22
    |
358 |             ns @ b'A'...b'Z' => Ok(Some(ns as char)),
    |                      ^^^ help: use `..=` for an inclusive range
    |
    = warning: this is accepted in the current edition (Rust 2015) but is a hard error in Rust 2021!
    = note: for more information, see <https://doc.rust-lang.org/nightly/edition-guide/rust-2021/warnings-promoted-to-error.html>

warning: `...` range patterns are deprecated
   --> /usr/share/cargo/registry/publicsuffix-1.5.2/debian/cargo_registry/rustc-demangle-0.1.16/src/v0.rs:361:17
    |
361 |             b'a'...b'z' => Ok(None),
    |                 ^^^ help: use `..=` for an inclusive range
    |
    = warning: this is accepted in the current edition (Rust 2015) but is a hard error in Rust 2021!
    = note: for more information, see <https://doc.rust-lang.org/nightly/edition-guide/rust-2021/warnings-promoted-to-error.html>

warning: use of deprecated macro `try`: use the `?` operator instead
   --> /usr/share/cargo/registry/publicsuffix-1.5.2/debian/cargo_registry/rustc-demangle-0.1.16/src/v0.rs:369:17
    |
369 |         let i = try!(self.integer_62());
    |                 ^^^

warning: use of deprecated macro `try`: use the `?` operator instead
   --> /usr/share/cargo/registry/publicsuffix-1.5.2/debian/cargo_registry/rustc-demangle-0.1.16/src/v0.rs:381:23
    |
381 |         let mut len = try!(self.digit_10()) as usize;
    |                       ^^^

warning: use of deprecated macro `try`: use the `?` operator instead
   --> /usr/share/cargo/registry/publicsuffix-1.5.2/debian/cargo_registry/rustc-demangle-0.1.16/src/v0.rs:386:31
    |
386 |                         len = try!(len.checked_mul(10).ok_or(Invalid));
    |                               ^^^

warning: use of deprecated macro `try`: use the `?` operator instead
   --> /usr/share/cargo/registry/publicsuffix-1.5.2/debian/cargo_registry/rustc-demangle-0.1.16/src/v0.rs:387:31
    |
387 |                         len = try!(len.checked_add(d as usize).ok_or(Invalid));
    |                               ^^^

warning: use of deprecated macro `try`: use the `?` operator instead
   --> /usr/share/cargo/registry/publicsuffix-1.5.2/debian/cargo_registry/rustc-demangle-0.1.16/src/v0.rs:398:21
    |
398 |         self.next = try!(self.next.checked_add(len).ok_or(Invalid));
    |                     ^^^

warning: use of deprecated macro `try`: use the `?` operator instead
   --> /usr/share/cargo/registry/publicsuffix-1.5.2/debian/cargo_registry/rustc-demangle-0.1.16/src/v0.rs:429:15
    |
429 |         match try!(self.next()) {
    |               ^^^

warning: use of deprecated macro `try`: use the `?` operator instead
   --> /usr/share/cargo/registry/publicsuffix-1.5.2/debian/cargo_registry/rustc-demangle-0.1.16/src/v0.rs:431:17
    |
431 |                 try!(self.disambiguator());
    |                 ^^^

warning: use of deprecated macro `try`: use the `?` operator instead
   --> /usr/share/cargo/registry/publicsuffix-1.5.2/debian/cargo_registry/rustc-demangle-0.1.16/src/v0.rs:432:17
    |
432 |                 try!(self.ident());
    |                 ^^^

warning: use of deprecated macro `try`: use the `?` operator instead
   --> /usr/share/cargo/registry/publicsuffix-1.5.2/debian/cargo_registry/rustc-demangle-0.1.16/src/v0.rs:435:17
    |
435 |                 try!(self.namespace());
    |                 ^^^

warning: use of deprecated macro `try`: use the `?` operator instead
   --> /usr/share/cargo/registry/publicsuffix-1.5.2/debian/cargo_registry/rustc-demangle-0.1.16/src/v0.rs:436:17
    |
436 |                 try!(self.skip_path());
    |                 ^^^

warning: use of deprecated macro `try`: use the `?` operator instead
   --> /usr/share/cargo/registry/publicsuffix-1.5.2/debian/cargo_registry/rustc-demangle-0.1.16/src/v0.rs:437:17
    |
437 |                 try!(self.disambiguator());
    |                 ^^^

warning: use of deprecated macro `try`: use the `?` operator instead
   --> /usr/share/cargo/registry/publicsuffix-1.5.2/debian/cargo_registry/rustc-demangle-0.1.16/src/v0.rs:438:17
    |
438 |                 try!(self.ident());
    |                 ^^^

warning: use of deprecated macro `try`: use the `?` operator instead
   --> /usr/share/cargo/registry/publicsuffix-1.5.2/debian/cargo_registry/rustc-demangle-0.1.16/src/v0.rs:441:17
    |
441 |                 try!(self.disambiguator());
    |                 ^^^

warning: use of deprecated macro `try`: use the `?` operator instead
   --> /usr/share/cargo/registry/publicsuffix-1.5.2/debian/cargo_registry/rustc-demangle-0.1.16/src/v0.rs:442:17
    |
442 |                 try!(self.skip_path());
    |                 ^^^

warning: use of deprecated macro `try`: use the `?` operator instead
   --> /usr/share/cargo/registry/publicsuffix-1.5.2/debian/cargo_registry/rustc-demangle-0.1.16/src/v0.rs:443:17
    |
443 |                 try!(self.skip_type());
    |                 ^^^

warning: use of deprecated macro `try`: use the `?` operator instead
   --> /usr/share/cargo/registry/publicsuffix-1.5.2/debian/cargo_registry/rustc-demangle-0.1.16/src/v0.rs:446:17
    |
446 |                 try!(self.disambiguator());
    |                 ^^^

warning: use of deprecated macro `try`: use the `?` operator instead
   --> /usr/share/cargo/registry/publicsuffix-1.5.2/debian/cargo_registry/rustc-demangle-0.1.16/src/v0.rs:447:17
    |
447 |                 try!(self.skip_path());
    |                 ^^^

warning: use of deprecated macro `try`: use the `?` operator instead
   --> /usr/share/cargo/registry/publicsuffix-1.5.2/debian/cargo_registry/rustc-demangle-0.1.16/src/v0.rs:448:17
    |
448 |                 try!(self.skip_type());
    |                 ^^^

warning: use of deprecated macro `try`: use the `?` operator instead
   --> /usr/share/cargo/registry/publicsuffix-1.5.2/debian/cargo_registry/rustc-demangle-0.1.16/src/v0.rs:449:17
    |
449 |                 try!(self.skip_path());
    |                 ^^^

warning: use of deprecated macro `try`: use the `?` operator instead
   --> /usr/share/cargo/registry/publicsuffix-1.5.2/debian/cargo_registry/rustc-demangle-0.1.16/src/v0.rs:452:17
    |
452 |                 try!(self.skip_type());
    |                 ^^^

warning: use of deprecated macro `try`: use the `?` operator instead
   --> /usr/share/cargo/registry/publicsuffix-1.5.2/debian/cargo_registry/rustc-demangle-0.1.16/src/v0.rs:453:17
    |
453 |                 try!(self.skip_path());
    |                 ^^^

warning: use of deprecated macro `try`: use the `?` operator instead
   --> /usr/share/cargo/registry/publicsuffix-1.5.2/debian/cargo_registry/rustc-demangle-0.1.16/src/v0.rs:456:17
    |
456 |                 try!(self.skip_path());
    |                 ^^^

warning: use of deprecated macro `try`: use the `?` operator instead
   --> /usr/share/cargo/registry/publicsuffix-1.5.2/debian/cargo_registry/rustc-demangle-0.1.16/src/v0.rs:458:21
    |
458 |                     try!(self.skip_generic_arg());
    |                     ^^^

warning: use of deprecated macro `try`: use the `?` operator instead
   --> /usr/share/cargo/registry/publicsuffix-1.5.2/debian/cargo_registry/rustc-demangle-0.1.16/src/v0.rs:462:17
    |
462 |                 try!(self.backref());
    |                 ^^^

warning: use of deprecated macro `try`: use the `?` operator instead
   --> /usr/share/cargo/registry/publicsuffix-1.5.2/debian/cargo_registry/rustc-demangle-0.1.16/src/v0.rs:471:13
    |
471 |             try!(self.integer_62());
    |             ^^^

warning: use of deprecated macro `try`: use the `?` operator instead
   --> /usr/share/cargo/registry/publicsuffix-1.5.2/debian/cargo_registry/rustc-demangle-0.1.16/src/v0.rs:481:15
    |
481 |         match try!(self.next()) {
    |               ^^^

warning: use of deprecated macro `try`: use the `?` operator instead
   --> /usr/share/cargo/registry/publicsuffix-1.5.2/debian/cargo_registry/rustc-demangle-0.1.16/src/v0.rs:488:17
    |
488 |                 try!(self.skip_type());
    |                 ^^^

warning: use of deprecated macro `try`: use the `?` operator instead
   --> /usr/share/cargo/registry/publicsuffix-1.5.2/debian/cargo_registry/rustc-demangle-0.1.16/src/v0.rs:486:21
    |
486 |                     try!(self.integer_62());
    |                     ^^^

warning: use of deprecated macro `try`: use the `?` operator instead
   --> /usr/share/cargo/registry/publicsuffix-1.5.2/debian/cargo_registry/rustc-demangle-0.1.16/src/v0.rs:490:35
    |
490 |             b'P' | b'O' | b'S' => try!(self.skip_type()),
    |                                   ^^^

warning: use of deprecated macro `try`: use the `?` operator instead
   --> /usr/share/cargo/registry/publicsuffix-1.5.2/debian/cargo_registry/rustc-demangle-0.1.16/src/v0.rs:492:17
    |
492 |                 try!(self.skip_type());
    |                 ^^^

warning: use of deprecated macro `try`: use the `?` operator instead
   --> /usr/share/cargo/registry/publicsuffix-1.5.2/debian/cargo_registry/rustc-demangle-0.1.16/src/v0.rs:493:17
    |
493 |                 try!(self.skip_const());
    |                 ^^^

warning: use of deprecated macro `try`: use the `?` operator instead
   --> /usr/share/cargo/registry/publicsuffix-1.5.2/debian/cargo_registry/rustc-demangle-0.1.16/src/v0.rs:496:17
    |
496 |                 try!(self.skip_type());
    |                 ^^^

warning: use of deprecated macro `try`: use the `?` operator instead
   --> /usr/share/cargo/registry/publicsuffix-1.5.2/debian/cargo_registry/rustc-demangle-0.1.16/src/v0.rs:513:17
    |
513 |                 try!(self.skip_type());
    |                 ^^^

warning: use of deprecated macro `try`: use the `?` operator instead
   --> /usr/share/cargo/registry/publicsuffix-1.5.2/debian/cargo_registry/rustc-demangle-0.1.16/src/v0.rs:499:31
    |
499 |                 let _binder = try!(self.opt_integer_62(b'G'));
    |                               ^^^

warning: use of deprecated macro `try`: use the `?` operator instead
   --> /usr/share/cargo/registry/publicsuffix-1.5.2/debian/cargo_registry/rustc-demangle-0.1.16/src/v0.rs:504:35
    |
504 |                         let abi = try!(self.ident());
    |                                   ^^^

warning: use of deprecated macro `try`: use the `?` operator instead
   --> /usr/share/cargo/registry/publicsuffix-1.5.2/debian/cargo_registry/rustc-demangle-0.1.16/src/v0.rs:511:21
    |
511 |                     try!(self.skip_type());
    |                     ^^^

warning: use of deprecated macro `try`: use the `?` operator instead
   --> /usr/share/cargo/registry/publicsuffix-1.5.2/debian/cargo_registry/rustc-demangle-0.1.16/src/v0.rs:527:17
    |
527 |                 try!(self.integer_62());
    |                 ^^^

warning: use of deprecated macro `try`: use the `?` operator instead
   --> /usr/share/cargo/registry/publicsuffix-1.5.2/debian/cargo_registry/rustc-demangle-0.1.16/src/v0.rs:516:31
    |
516 |                 let _binder = try!(self.opt_integer_62(b'G'));
    |                               ^^^

warning: use of deprecated macro `try`: use the `?` operator instead
   --> /usr/share/cargo/registry/publicsuffix-1.5.2/debian/cargo_registry/rustc-demangle-0.1.16/src/v0.rs:518:21
    |
518 |                     try!(self.skip_path());
    |                     ^^^

warning: use of deprecated macro `try`: use the `?` operator instead
   --> /usr/share/cargo/registry/publicsuffix-1.5.2/debian/cargo_registry/rustc-demangle-0.1.16/src/v0.rs:520:25
    |
520 |                         try!(self.ident());
    |                         ^^^

warning: use of deprecated macro `try`: use the `?` operator instead
   --> /usr/share/cargo/registry/publicsuffix-1.5.2/debian/cargo_registry/rustc-demangle-0.1.16/src/v0.rs:521:25
    |
521 |                         try!(self.skip_type());
    |                         ^^^

warning: use of deprecated macro `try`: use the `?` operator instead
   --> /usr/share/cargo/registry/publicsuffix-1.5.2/debian/cargo_registry/rustc-demangle-0.1.16/src/v0.rs:530:17
    |
530 |                 try!(self.backref());
    |                 ^^^

warning: use of deprecated macro `try`: use the `?` operator instead
   --> /usr/share/cargo/registry/publicsuffix-1.5.2/debian/cargo_registry/rustc-demangle-0.1.16/src/v0.rs:535:17
    |
535 |                 try!(self.skip_path());
    |                 ^^^

warning: use of deprecated macro `try`: use the `?` operator instead
   --> /usr/share/cargo/registry/publicsuffix-1.5.2/debian/cargo_registry/rustc-demangle-0.1.16/src/v0.rs:557:9
    |
557 |         try!(self.hex_nibbles());
    |         ^^^

warning: use of deprecated macro `try`: use the `?` operator instead
   --> /usr/share/cargo/registry/publicsuffix-1.5.2/debian/cargo_registry/rustc-demangle-0.1.16/src/v0.rs:543:13
    |
543 |             try!(self.backref());
    |             ^^^

warning: use of deprecated macro `try`: use the `?` operator instead
   --> /usr/share/cargo/registry/publicsuffix-1.5.2/debian/cargo_registry/rustc-demangle-0.1.16/src/v0.rs:547:15
    |
547 |         match try!(self.next()) {
    |               ^^^

warning: use of deprecated macro `try`: use the `?` operator instead
   --> /usr/share/cargo/registry/publicsuffix-1.5.2/debian/cargo_registry/rustc-demangle-0.1.16/src/v0.rs:617:9
    |
617 |         try!(self.out.write_str("'"));
    |         ^^^

warning: use of deprecated macro `try`: use the `?` operator instead
   --> /usr/share/cargo/registry/publicsuffix-1.5.2/debian/cargo_registry/rustc-demangle-0.1.16/src/v0.rs:629:21
    |
629 |                     try!(self.out.write_str("_"));
    |                     ^^^

warning: use of deprecated macro `try`: use the `?` operator instead
   --> /usr/share/cargo/registry/publicsuffix-1.5.2/debian/cargo_registry/rustc-demangle-0.1.16/src/v0.rs:646:13
    |
646 |             try!(self.out.write_str("for<"));
    |             ^^^

warning: use of deprecated macro `try`: use the `?` operator instead
   --> /usr/share/cargo/registry/publicsuffix-1.5.2/debian/cargo_registry/rustc-demangle-0.1.16/src/v0.rs:654:13
    |
654 |             try!(self.out.write_str("> "));
    |             ^^^

warning: use of deprecated macro `try`: use the `?` operator instead
   --> /usr/share/cargo/registry/publicsuffix-1.5.2/debian/cargo_registry/rustc-demangle-0.1.16/src/v0.rs:652:17
    |
652 |                 try!(self.print_lifetime_from_index(1));
    |                 ^^^

warning: use of deprecated macro `try`: use the `?` operator instead
   --> /usr/share/cargo/registry/publicsuffix-1.5.2/debian/cargo_registry/rustc-demangle-0.1.16/src/v0.rs:649:21
    |
649 |                     try!(self.out.write_str(", "));
    |                     ^^^

warning: use of deprecated macro `try`: use the `?` operator instead
   --> /usr/share/cargo/registry/publicsuffix-1.5.2/debian/cargo_registry/rustc-demangle-0.1.16/src/v0.rs:676:13
    |
676 |             try!(f(self));
    |             ^^^

warning: use of deprecated macro `try`: use the `?` operator instead
   --> /usr/share/cargo/registry/publicsuffix-1.5.2/debian/cargo_registry/rustc-demangle-0.1.16/src/v0.rs:674:17
    |
674 |                 try!(self.out.write_str(sep));
    |                 ^^^

warning: use of deprecated macro `try`: use the `?` operator instead
   --> /usr/share/cargo/registry/publicsuffix-1.5.2/debian/cargo_registry/rustc-demangle-0.1.16/src/v0.rs:689:17
    |
689 |                 try!(name.fmt(self.out));
    |                 ^^^

warning: use of deprecated macro `try`: use the `?` operator instead
   --> /usr/share/cargo/registry/publicsuffix-1.5.2/debian/cargo_registry/rustc-demangle-0.1.16/src/v0.rs:691:21
    |
691 |                     try!(self.out.write_str("["));
    |                     ^^^

warning: use of deprecated macro `try`: use the `?` operator instead
   --> /usr/share/cargo/registry/publicsuffix-1.5.2/debian/cargo_registry/rustc-demangle-0.1.16/src/v0.rs:692:21
    |
692 |                     try!(fmt::LowerHex::fmt(&dis, self.out));
    |                     ^^^

warning: use of deprecated macro `try`: use the `?` operator instead
   --> /usr/share/cargo/registry/publicsuffix-1.5.2/debian/cargo_registry/rustc-demangle-0.1.16/src/v0.rs:693:21
    |
693 |                     try!(self.out.write_str("]"));
    |                     ^^^

warning: use of deprecated macro `try`: use the `?` operator instead
   --> /usr/share/cargo/registry/publicsuffix-1.5.2/debian/cargo_registry/rustc-demangle-0.1.16/src/v0.rs:699:17
    |
699 |                 try!(self.print_path(in_value));
    |                 ^^^

warning: use of deprecated macro `try`: use the `?` operator instead
   --> /usr/share/cargo/registry/publicsuffix-1.5.2/debian/cargo_registry/rustc-demangle-0.1.16/src/v0.rs:707:25
    |
707 |                         try!(self.out.write_str("::{"));
    |                         ^^^

warning: use of deprecated macro `try`: use the `?` operator instead
   --> /usr/share/cargo/registry/publicsuffix-1.5.2/debian/cargo_registry/rustc-demangle-0.1.16/src/v0.rs:717:25
    |
717 |                         try!(self.out.write_str("#"));
    |                         ^^^

warning: use of deprecated macro `try`: use the `?` operator instead
   --> /usr/share/cargo/registry/publicsuffix-1.5.2/debian/cargo_registry/rustc-demangle-0.1.16/src/v0.rs:718:25
    |
718 |                         try!(dis.fmt(self.out));
    |                         ^^^

warning: use of deprecated macro `try`: use the `?` operator instead
   --> /usr/share/cargo/registry/publicsuffix-1.5.2/debian/cargo_registry/rustc-demangle-0.1.16/src/v0.rs:719:25
    |
719 |                         try!(self.out.write_str("}"));
    |                         ^^^

warning: use of deprecated macro `try`: use the `?` operator instead
   --> /usr/share/cargo/registry/publicsuffix-1.5.2/debian/cargo_registry/rustc-demangle-0.1.16/src/v0.rs:709:36
    |
709 | ...                   'C' => try!(self.out.write_str("closure")),
    |                              ^^^

warning: use of deprecated macro `try`: use the `?` operator instead
   --> /usr/share/cargo/registry/publicsuffix-1.5.2/debian/cargo_registry/rustc-demangle-0.1.16/src/v0.rs:710:36
    |
710 | ...                   'S' => try!(self.out.write_str("shim")),
    |                              ^^^

warning: use of deprecated macro `try`: use the `?` operator instead
   --> /usr/share/cargo/registry/publicsuffix-1.5.2/debian/cargo_registry/rustc-demangle-0.1.16/src/v0.rs:711:34
    |
711 | ...                   _ => try!(ns.fmt(self.out)),
    |                            ^^^

warning: use of deprecated macro `try`: use the `?` operator instead
   --> /usr/share/cargo/registry/publicsuffix-1.5.2/debian/cargo_registry/rustc-demangle-0.1.16/src/v0.rs:714:29
    |
714 | ...                   try!(self.out.write_str(":"));
    |                       ^^^

warning: use of deprecated macro `try`: use the `?` operator instead
   --> /usr/share/cargo/registry/publicsuffix-1.5.2/debian/cargo_registry/rustc-demangle-0.1.16/src/v0.rs:715:29
    |
715 | ...                   try!(name.fmt(self.out));
    |                       ^^^

warning: use of deprecated macro `try`: use the `?` operator instead
   --> /usr/share/cargo/registry/publicsuffix-1.5.2/debian/cargo_registry/rustc-demangle-0.1.16/src/v0.rs:725:29
    |
725 | ...                   try!(self.out.write_str("::"));
    |                       ^^^

warning: use of deprecated macro `try`: use the `?` operator instead
   --> /usr/share/cargo/registry/publicsuffix-1.5.2/debian/cargo_registry/rustc-demangle-0.1.16/src/v0.rs:726:29
    |
726 | ...                   try!(name.fmt(self.out));
    |                       ^^^

warning: use of deprecated macro `try`: use the `?` operator instead
   --> /usr/share/cargo/registry/publicsuffix-1.5.2/debian/cargo_registry/rustc-demangle-0.1.16/src/v0.rs:738:17
    |
738 |                 try!(self.out.write_str("<"));
    |                 ^^^

warning: use of deprecated macro `try`: use the `?` operator instead
   --> /usr/share/cargo/registry/publicsuffix-1.5.2/debian/cargo_registry/rustc-demangle-0.1.16/src/v0.rs:739:17
    |
739 |                 try!(self.print_type());
    |                 ^^^

warning: use of deprecated macro `try`: use the `?` operator instead
   --> /usr/share/cargo/registry/publicsuffix-1.5.2/debian/cargo_registry/rustc-demangle-0.1.16/src/v0.rs:744:17
    |
744 |                 try!(self.out.write_str(">"));
    |                 ^^^

warning: use of deprecated macro `try`: use the `?` operator instead
   --> /usr/share/cargo/registry/publicsuffix-1.5.2/debian/cargo_registry/rustc-demangle-0.1.16/src/v0.rs:741:21
    |
741 |                     try!(self.out.write_str(" as "));
    |                     ^^^

warning: use of deprecated macro `try`: use the `?` operator instead
   --> /usr/share/cargo/registry/publicsuffix-1.5.2/debian/cargo_registry/rustc-demangle-0.1.16/src/v0.rs:742:21
    |
742 |                     try!(self.print_path(false));
    |                     ^^^

warning: use of deprecated macro `try`: use the `?` operator instead
   --> /usr/share/cargo/registry/publicsuffix-1.5.2/debian/cargo_registry/rustc-demangle-0.1.16/src/v0.rs:747:17
    |
747 |                 try!(self.print_path(in_value));
    |                 ^^^

warning: use of deprecated macro `try`: use the `?` operator instead
   --> /usr/share/cargo/registry/publicsuffix-1.5.2/debian/cargo_registry/rustc-demangle-0.1.16/src/v0.rs:751:17
    |
751 |                 try!(self.out.write_str("<"));
    |                 ^^^

warning: use of deprecated macro `try`: use the `?` operator instead
   --> /usr/share/cargo/registry/publicsuffix-1.5.2/debian/cargo_registry/rustc-demangle-0.1.16/src/v0.rs:752:17
    |
752 |                 try!(self.print_sep_list(Self::print_generic_arg, ", "));
    |                 ^^^

warning: use of deprecated macro `try`: use the `?` operator instead
   --> /usr/share/cargo/registry/publicsuffix-1.5.2/debian/cargo_registry/rustc-demangle-0.1.16/src/v0.rs:753:17
    |
753 |                 try!(self.out.write_str(">"));
    |                 ^^^

warning: use of deprecated macro `try`: use the `?` operator instead
   --> /usr/share/cargo/registry/publicsuffix-1.5.2/debian/cargo_registry/rustc-demangle-0.1.16/src/v0.rs:749:21
    |
749 |                     try!(self.out.write_str("::"));
    |                     ^^^

warning: use of deprecated macro `try`: use the `?` operator instead
   --> /usr/share/cargo/registry/publicsuffix-1.5.2/debian/cargo_registry/rustc-demangle-0.1.16/src/v0.rs:756:17
    |
756 |                 try!(self.backref_printer().print_path(in_value));
    |                 ^^^

warning: use of deprecated macro `try`: use the `?` operator instead
   --> /usr/share/cargo/registry/publicsuffix-1.5.2/debian/cargo_registry/rustc-demangle-0.1.16/src/v0.rs:784:17
    |
784 |                 try!(self.out.write_str("&"));
    |                 ^^^

warning: use of deprecated macro `try`: use the `?` operator instead
   --> /usr/share/cargo/registry/publicsuffix-1.5.2/debian/cargo_registry/rustc-demangle-0.1.16/src/v0.rs:795:17
    |
795 |                 try!(self.print_type());
    |                 ^^^

warning: use of deprecated macro `try`: use the `?` operator instead
   --> /usr/share/cargo/registry/publicsuffix-1.5.2/debian/cargo_registry/rustc-demangle-0.1.16/src/v0.rs:788:25
    |
788 |                         try!(self.print_lifetime_from_index(lt));
    |                         ^^^

warning: use of deprecated macro `try`: use the `?` operator instead
   --> /usr/share/cargo/registry/publicsuffix-1.5.2/debian/cargo_registry/rustc-demangle-0.1.16/src/v0.rs:789:25
    |
789 |                         try!(self.out.write_str(" "));
    |                         ^^^

warning: use of deprecated macro `try`: use the `?` operator instead
   --> /usr/share/cargo/registry/publicsuffix-1.5.2/debian/cargo_registry/rustc-demangle-0.1.16/src/v0.rs:793:21
    |
793 |                     try!(self.out.write_str("mut "));
    |                     ^^^

warning: use of deprecated macro `try`: use the `?` operator instead
   --> /usr/share/cargo/registry/publicsuffix-1.5.2/debian/cargo_registry/rustc-demangle-0.1.16/src/v0.rs:799:17
    |
799 |                 try!(self.out.write_str("*"));
    |                 ^^^

warning: use of deprecated macro `try`: use the `?` operator instead
   --> /usr/share/cargo/registry/publicsuffix-1.5.2/debian/cargo_registry/rustc-demangle-0.1.16/src/v0.rs:805:17
    |
805 |                 try!(self.print_type());
    |                 ^^^

warning: use of deprecated macro `try`: use the `?` operator instead
   --> /usr/share/cargo/registry/publicsuffix-1.5.2/debian/cargo_registry/rustc-demangle-0.1.16/src/v0.rs:801:21
    |
801 |                     try!(self.out.write_str("mut "));
    |                     ^^^

warning: use of deprecated macro `try`: use the `?` operator instead
   --> /usr/share/cargo/registry/publicsuffix-1.5.2/debian/cargo_registry/rustc-demangle-0.1.16/src/v0.rs:803:21
    |
803 |                     try!(self.out.write_str("const "));
    |                     ^^^

warning: use of deprecated macro `try`: use the `?` operator instead
   --> /usr/share/cargo/registry/publicsuffix-1.5.2/debian/cargo_registry/rustc-demangle-0.1.16/src/v0.rs:809:17
    |
809 |                 try!(self.out.write_str("["));
    |                 ^^^

warning: use of deprecated macro `try`: use the `?` operator instead
   --> /usr/share/cargo/registry/publicsuffix-1.5.2/debian/cargo_registry/rustc-demangle-0.1.16/src/v0.rs:810:17
    |
810 |                 try!(self.print_type());
    |                 ^^^

warning: use of deprecated macro `try`: use the `?` operator instead
   --> /usr/share/cargo/registry/publicsuffix-1.5.2/debian/cargo_registry/rustc-demangle-0.1.16/src/v0.rs:815:17
    |
815 |                 try!(self.out.write_str("]"));
    |                 ^^^

warning: use of deprecated macro `try`: use the `?` operator instead
   --> /usr/share/cargo/registry/publicsuffix-1.5.2/debian/cargo_registry/rustc-demangle-0.1.16/src/v0.rs:812:21
    |
812 |                     try!(self.out.write_str("; "));
    |                     ^^^

warning: use of deprecated macro `try`: use the `?` operator instead
   --> /usr/share/cargo/registry/publicsuffix-1.5.2/debian/cargo_registry/rustc-demangle-0.1.16/src/v0.rs:813:21
    |
813 |                     try!(self.print_const());
    |                     ^^^

warning: use of deprecated macro `try`: use the `?` operator instead
   --> /usr/share/cargo/registry/publicsuffix-1.5.2/debian/cargo_registry/rustc-demangle-0.1.16/src/v0.rs:818:17
    |
818 |                 try!(self.out.write_str("("));
    |                 ^^^

warning: use of deprecated macro `try`: use the `?` operator instead
   --> /usr/share/cargo/registry/publicsuffix-1.5.2/debian/cargo_registry/rustc-demangle-0.1.16/src/v0.rs:823:17
    |
823 |                 try!(self.out.write_str(")"));
    |                 ^^^

warning: use of deprecated macro `try`: use the `?` operator instead
   --> /usr/share/cargo/registry/publicsuffix-1.5.2/debian/cargo_registry/rustc-demangle-0.1.16/src/v0.rs:819:29
    |
819 |                 let count = try!(self.print_sep_list(Self::print_type, ", "));
    |                             ^^^

warning: use of deprecated macro `try`: use the `?` operator instead
   --> /usr/share/cargo/registry/publicsuffix-1.5.2/debian/cargo_registry/rustc-demangle-0.1.16/src/v0.rs:821:21
    |
821 |                     try!(self.out.write_str(","));
    |                     ^^^

warning: use of deprecated macro `try`: use the `?` operator instead
   --> /usr/share/cargo/registry/publicsuffix-1.5.2/debian/cargo_registry/rustc-demangle-0.1.16/src/v0.rs:825:21
    |
825 |             b'F' => try!(self.in_binder(|this| {
    |                     ^^^

warning: use of deprecated macro `try`: use the `?` operator instead
   --> /usr/share/cargo/registry/publicsuffix-1.5.2/debian/cargo_registry/rustc-demangle-0.1.16/src/v0.rs:863:17
    |
863 |                 try!(this.out.write_str("fn("));
    |                 ^^^

warning: use of deprecated macro `try`: use the `?` operator instead
   --> /usr/share/cargo/registry/publicsuffix-1.5.2/debian/cargo_registry/rustc-demangle-0.1.16/src/v0.rs:864:17
    |
864 |                 try!(this.print_sep_list(Self::print_type, ", "));
    |                 ^^^

warning: use of deprecated macro `try`: use the `?` operator instead
   --> /usr/share/cargo/registry/publicsuffix-1.5.2/debian/cargo_registry/rustc-demangle-0.1.16/src/v0.rs:865:17
    |
865 |                 try!(this.out.write_str(")"));
    |                 ^^^

warning: use of deprecated macro `try`: use the `?` operator instead
   --> /usr/share/cargo/registry/publicsuffix-1.5.2/debian/cargo_registry/rustc-demangle-0.1.16/src/v0.rs:842:21
    |
842 |                     try!(this.out.write_str("unsafe "));
    |                     ^^^

warning: use of deprecated macro `try`: use the `?` operator instead
   --> /usr/share/cargo/registry/publicsuffix-1.5.2/debian/cargo_registry/rustc-demangle-0.1.16/src/v0.rs:847:25
    |
847 |                         try!(this.out.write_str("extern \""));
    |                         ^^^

warning: use of deprecated macro `try`: use the `?` operator instead
   --> /usr/share/cargo/registry/publicsuffix-1.5.2/debian/cargo_registry/rustc-demangle-0.1.16/src/v0.rs:852:25
    |
852 |                         try!(this.out.write_str(parts.next().unwrap()));
    |                         ^^^

warning: use of deprecated macro `try`: use the `?` operator instead
   --> /usr/share/cargo/registry/publicsuffix-1.5.2/debian/cargo_registry/rustc-demangle-0.1.16/src/v0.rs:858:25
    |
858 |                         try!(this.out.write_str("\" "));
    |                         ^^^

warning: use of deprecated macro `try`: use the `?` operator instead
   --> /usr/share/cargo/registry/publicsuffix-1.5.2/debian/cargo_registry/rustc-demangle-0.1.16/src/v0.rs:854:29
    |
854 | ...                   try!(this.out.write_str("-"));
    |                       ^^^

warning: use of deprecated macro `try`: use the `?` operator instead
   --> /usr/share/cargo/registry/publicsuffix-1.5.2/debian/cargo_registry/rustc-demangle-0.1.16/src/v0.rs:855:29
    |
855 | ...                   try!(this.out.write_str(part));
    |                       ^^^

warning: use of deprecated macro `try`: use the `?` operator instead
   --> /usr/share/cargo/registry/publicsuffix-1.5.2/debian/cargo_registry/rustc-demangle-0.1.16/src/v0.rs:870:21
    |
870 |                     try!(this.out.write_str(" -> "));
    |                     ^^^

warning: use of deprecated macro `try`: use the `?` operator instead
   --> /usr/share/cargo/registry/publicsuffix-1.5.2/debian/cargo_registry/rustc-demangle-0.1.16/src/v0.rs:871:21
    |
871 |                     try!(this.print_type());
    |                     ^^^

warning: use of deprecated macro `try`: use the `?` operator instead
   --> /usr/share/cargo/registry/publicsuffix-1.5.2/debian/cargo_registry/rustc-demangle-0.1.16/src/v0.rs:877:17
    |
877 |                 try!(self.out.write_str("dyn "));
    |                 ^^^

warning: use of deprecated macro `try`: use the `?` operator instead
   --> /usr/share/cargo/registry/publicsuffix-1.5.2/debian/cargo_registry/rustc-demangle-0.1.16/src/v0.rs:878:17
    |
878 |                 try!(self.in_binder(|this| {
    |                 ^^^

warning: use of deprecated macro `try`: use the `?` operator instead
   --> /usr/share/cargo/registry/publicsuffix-1.5.2/debian/cargo_registry/rustc-demangle-0.1.16/src/v0.rs:879:21
    |
879 |                     try!(this.print_sep_list(Self::print_dyn_trait, " + "));
    |                     ^^^

warning: use of deprecated macro `try`: use the `?` operator instead
   --> /usr/share/cargo/registry/publicsuffix-1.5.2/debian/cargo_registry/rustc-demangle-0.1.16/src/v0.rs:888:21
    |
888 |                     try!(self.out.write_str(" + "));
    |                     ^^^

warning: use of deprecated macro `try`: use the `?` operator instead
   --> /usr/share/cargo/registry/publicsuffix-1.5.2/debian/cargo_registry/rustc-demangle-0.1.16/src/v0.rs:889:21
    |
889 |                     try!(self.print_lifetime_from_index(lt));
    |                     ^^^

warning: use of deprecated macro `try`: use the `?` operator instead
   --> /usr/share/cargo/registry/publicsuffix-1.5.2/debian/cargo_registry/rustc-demangle-0.1.16/src/v0.rs:893:17
    |
893 |                 try!(self.backref_printer().print_type());
    |                 ^^^

warning: use of deprecated macro `try`: use the `?` operator instead
   --> /usr/share/cargo/registry/publicsuffix-1.5.2/debian/cargo_registry/rustc-demangle-0.1.16/src/v0.rs:898:17
    |
898 |                 try!(self.print_path(false));
    |                 ^^^

warning: use of deprecated macro `try`: use the `?` operator instead
   --> /usr/share/cargo/registry/publicsuffix-1.5.2/debian/cargo_registry/rustc-demangle-0.1.16/src/v0.rs:913:13
    |
913 |             try!(self.print_path(false));
    |             ^^^

warning: use of deprecated macro `try`: use the `?` operator instead
   --> /usr/share/cargo/registry/publicsuffix-1.5.2/debian/cargo_registry/rustc-demangle-0.1.16/src/v0.rs:914:13
    |
914 |             try!(self.out.write_str("<"));
    |             ^^^

warning: use of deprecated macro `try`: use the `?` operator instead
   --> /usr/share/cargo/registry/publicsuffix-1.5.2/debian/cargo_registry/rustc-demangle-0.1.16/src/v0.rs:915:13
    |
915 |             try!(self.print_sep_list(Self::print_generic_arg, ", "));
    |             ^^^

warning: use of deprecated macro `try`: use the `?` operator instead
   --> /usr/share/cargo/registry/publicsuffix-1.5.2/debian/cargo_registry/rustc-demangle-0.1.16/src/v0.rs:918:13
    |
918 |             try!(self.print_path(false));
    |             ^^^

warning: use of deprecated macro `try`: use the `?` operator instead
   --> /usr/share/cargo/registry/publicsuffix-1.5.2/debian/cargo_registry/rustc-demangle-0.1.16/src/v0.rs:924:24
    |
924 |         let mut open = try!(self.print_path_maybe_open_generics());
    |                        ^^^

warning: use of deprecated macro `try`: use the `?` operator instead
   --> /usr/share/cargo/registry/publicsuffix-1.5.2/debian/cargo_registry/rustc-demangle-0.1.16/src/v0.rs:935:13
    |
935 |             try!(name.fmt(self.out));
    |             ^^^

warning: use of deprecated macro `try`: use the `?` operator instead
   --> /usr/share/cargo/registry/publicsuffix-1.5.2/debian/cargo_registry/rustc-demangle-0.1.16/src/v0.rs:936:13
    |
936 |             try!(self.out.write_str(" = "));
    |             ^^^

warning: use of deprecated macro `try`: use the `?` operator instead
   --> /usr/share/cargo/registry/publicsuffix-1.5.2/debian/cargo_registry/rustc-demangle-0.1.16/src/v0.rs:937:13
    |
937 |             try!(self.print_type());
    |             ^^^

warning: use of deprecated macro `try`: use the `?` operator instead
   --> /usr/share/cargo/registry/publicsuffix-1.5.2/debian/cargo_registry/rustc-demangle-0.1.16/src/v0.rs:928:17
    |
928 |                 try!(self.out.write_str("<"));
    |                 ^^^

warning: use of deprecated macro `try`: use the `?` operator instead
   --> /usr/share/cargo/registry/publicsuffix-1.5.2/debian/cargo_registry/rustc-demangle-0.1.16/src/v0.rs:931:17
    |
931 |                 try!(self.out.write_str(", "));
    |                 ^^^

warning: use of deprecated macro `try`: use the `?` operator instead
   --> /usr/share/cargo/registry/publicsuffix-1.5.2/debian/cargo_registry/rustc-demangle-0.1.16/src/v0.rs:941:13
    |
941 |             try!(self.out.write_str(">"));
    |             ^^^

warning: use of deprecated macro `try`: use the `?` operator instead
   --> /usr/share/cargo/registry/publicsuffix-1.5.2/debian/cargo_registry/rustc-demangle-0.1.16/src/v0.rs:964:13
    |
964 |             try!(self.out.write_str("_"));
    |             ^^^

warning: use of deprecated macro `try`: use the `?` operator instead
   --> /usr/share/cargo/registry/publicsuffix-1.5.2/debian/cargo_registry/rustc-demangle-0.1.16/src/v0.rs:966:13
    |
966 |             try!(self.print_const_uint());
    |             ^^^

warning: use of deprecated macro `try`: use the `?` operator instead
   --> /usr/share/cargo/registry/publicsuffix-1.5.2/debian/cargo_registry/rustc-demangle-0.1.16/src/v0.rs:970:13
    |
970 |             try!(self.out.write_str(": "));
    |             ^^^

warning: use of deprecated macro `try`: use the `?` operator instead
   --> /usr/share/cargo/registry/publicsuffix-1.5.2/debian/cargo_registry/rustc-demangle-0.1.16/src/v0.rs:971:13
    |
971 |             try!(self.out.write_str(ty));
    |             ^^^

warning: use of deprecated macro `try`: use the `?` operator instead
   --> /usr/share/cargo/registry/publicsuffix-1.5.2/debian/cargo_registry/rustc-demangle-0.1.16/src/v0.rs:982:13
    |
982 |             try!(self.out.write_str("0x"));
    |             ^^^

warning: `...` range patterns are deprecated
  --> /usr/share/cargo/registry/publicsuffix-1.5.2/debian/cargo_registry/rustc-demangle-0.1.16/src/lib.rs:74:21
   |
74 |                 'A' ... 'F' | '0' ... '9' | '@' => true,
   |                     ^^^ help: use `..=` for an inclusive range
   |
   = warning: this is accepted in the current edition (Rust 2015) but is a hard error in Rust 2021!
   = note: for more information, see <https://doc.rust-lang.org/nightly/edition-guide/rust-2021/warnings-promoted-to-error.html>

warning: `...` range patterns are deprecated
  --> /usr/share/cargo/registry/publicsuffix-1.5.2/debian/cargo_registry/rustc-demangle-0.1.16/src/lib.rs:74:35
   |
74 |                 'A' ... 'F' | '0' ... '9' | '@' => true,
   |                                   ^^^ help: use `..=` for an inclusive range
   |
   = warning: this is accepted in the current edition (Rust 2015) but is a hard error in Rust 2021!
   = note: for more information, see <https://doc.rust-lang.org/nightly/edition-guide/rust-2021/warnings-promoted-to-error.html>

warning: `...` range patterns are deprecated
   --> /usr/share/cargo/registry/publicsuffix-1.5.2/debian/cargo_registry/rustc-demangle-0.1.16/src/lib.rs:165:20
    |
165 |         '\u{0041}' ... '\u{005A}' |
    |                    ^^^ help: use `..=` for an inclusive range
    |
    = warning: this is accepted in the current edition (Rust 2015) but is a hard error in Rust 2021!
    = note: for more information, see <https://doc.rust-lang.org/nightly/edition-guide/rust-2021/warnings-promoted-to-error.html>

warning: `...` range patterns are deprecated
   --> /usr/share/cargo/registry/publicsuffix-1.5.2/debian/cargo_registry/rustc-demangle-0.1.16/src/lib.rs:166:20
    |
166 |         '\u{0061}' ... '\u{007A}' |
    |                    ^^^ help: use `..=` for an inclusive range
    |
    = warning: this is accepted in the current edition (Rust 2015) but is a hard error in Rust 2021!
    = note: for more information, see <https://doc.rust-lang.org/nightly/edition-guide/rust-2021/warnings-promoted-to-error.html>

warning: `...` range patterns are deprecated
   --> /usr/share/cargo/registry/publicsuffix-1.5.2/debian/cargo_registry/rustc-demangle-0.1.16/src/lib.rs:167:20
    |
167 |         '\u{0030}' ... '\u{0039}' => true,
    |                    ^^^ help: use `..=` for an inclusive range
    |
    = warning: this is accepted in the current edition (Rust 2015) but is a hard error in Rust 2021!
    = note: for more information, see <https://doc.rust-lang.org/nightly/edition-guide/rust-2021/warnings-promoted-to-error.html>

warning: `...` range patterns are deprecated
   --> /usr/share/cargo/registry/publicsuffix-1.5.2/debian/cargo_registry/rustc-demangle-0.1.16/src/lib.rs:175:20
    |
175 |         '\u{0021}' ... '\u{002F}' |
    |                    ^^^ help: use `..=` for an inclusive range
    |
    = warning: this is accepted in the current edition (Rust 2015) but is a hard error in Rust 2021!
    = note: for more information, see <https://doc.rust-lang.org/nightly/edition-guide/rust-2021/warnings-promoted-to-error.html>

warning: `...` range patterns are deprecated
   --> /usr/share/cargo/registry/publicsuffix-1.5.2/debian/cargo_registry/rustc-demangle-0.1.16/src/lib.rs:176:20
    |
176 |         '\u{003A}' ... '\u{0040}' |
    |                    ^^^ help: use `..=` for an inclusive range
    |
    = warning: this is accepted in the current edition (Rust 2015) but is a hard error in Rust 2021!
    = note: for more information, see <https://doc.rust-lang.org/nightly/edition-guide/rust-2021/warnings-promoted-to-error.html>

warning: `...` range patterns are deprecated
   --> /usr/share/cargo/registry/publicsuffix-1.5.2/debian/cargo_registry/rustc-demangle-0.1.16/src/lib.rs:177:20
    |
177 |         '\u{005B}' ... '\u{0060}' |
    |                    ^^^ help: use `..=` for an inclusive range
    |
    = warning: this is accepted in the current edition (Rust 2015) but is a hard error in Rust 2021!
    = note: for more information, see <https://doc.rust-lang.org/nightly/edition-guide/rust-2021/warnings-promoted-to-error.html>

warning: `...` range patterns are deprecated
   --> /usr/share/cargo/registry/publicsuffix-1.5.2/debian/cargo_registry/rustc-demangle-0.1.16/src/lib.rs:178:20
    |
178 |         '\u{007B}' ... '\u{007E}' => true,
    |                    ^^^ help: use `..=` for an inclusive range
    |
    = warning: this is accepted in the current edition (Rust 2015) but is a hard error in Rust 2021!
    = note: for more information, see <https://doc.rust-lang.org/nightly/edition-guide/rust-2021/warnings-promoted-to-error.html>

warning: use of deprecated macro `try`: use the `?` operator instead
   --> /usr/share/cargo/registry/publicsuffix-1.5.2/debian/cargo_registry/rustc-demangle-0.1.16/src/lib.rs:186:21
    |
186 |             None => try!(f.write_str(self.original)),
    |                     ^^^

warning: use of deprecated macro `try`: use the `?` operator instead
   --> /usr/share/cargo/registry/publicsuffix-1.5.2/debian/cargo_registry/rustc-demangle-0.1.16/src/lib.rs:188:17
    |
188 |                 try!(fmt::Display::fmt(d, f))
    |                 ^^^

warning: use of deprecated macro `try`: use the `?` operator instead
   --> /usr/share/cargo/registry/publicsuffix-1.5.2/debian/cargo_registry/rustc-demangle-0.1.16/src/lib.rs:191:17
    |
191 |                 try!(fmt::Display::fmt(d, f))
    |                 ^^^

   Compiling unicode-bidi v0.3.7
     Running `CARGO=/usr/bin/cargo CARGO_CRATE_NAME=unicode_bidi CARGO_MANIFEST_DIR=/<<PKGBUILDDIR>>/debian/cargo_registry/unicode-bidi-0.3.7 CARGO_PKG_AUTHORS='The Servo Project Developers' CARGO_PKG_DESCRIPTION='Implementation of the Unicode Bidirectional Algorithm' CARGO_PKG_HOMEPAGE='' CARGO_PKG_LICENSE='MIT / Apache-2.0' CARGO_PKG_LICENSE_FILE='' CARGO_PKG_NAME=unicode-bidi CARGO_PKG_REPOSITORY='https://github.com/servo/unicode-bidi' CARGO_PKG_VERSION=0.3.7 CARGO_PKG_VERSION_MAJOR=0 CARGO_PKG_VERSION_MINOR=3 CARGO_PKG_VERSION_PATCH=7 CARGO_PKG_VERSION_PRE='' LD_LIBRARY_PATH='/<<PKGBUILDDIR>>/target/debug/deps:/usr/lib' rustc --crate-name unicode_bidi --edition=2018 /<<PKGBUILDDIR>>/debian/cargo_registry/unicode-bidi-0.3.7/src/lib.rs --error-format=json --json=diagnostic-rendered-ansi,artifacts --crate-type lib --emit=dep-info,metadata,link -C embed-bitcode=no -C debuginfo=2 --cfg 'feature="default"' --cfg 'feature="std"' -C metadata=984656e470e51ab6 -C extra-filename=-984656e470e51ab6 --out-dir /<<PKGBUILDDIR>>/target/x86_64-unknown-linux-gnu/debug/deps --target x86_64-unknown-linux-gnu -L dependency=/<<PKGBUILDDIR>>/target/x86_64-unknown-linux-gnu/debug/deps -L dependency=/<<PKGBUILDDIR>>/target/debug/deps --cap-lints warn -C debuginfo=2 --cap-lints warn -C linker=x86_64-linux-gnu-gcc -C link-arg=-Wl,-z,relro --remap-path-prefix /<<PKGBUILDDIR>>=/usr/share/cargo/registry/publicsuffix-1.5.2`
   Compiling cfg-if v1.0.0
     Running `CARGO=/usr/bin/cargo CARGO_CRATE_NAME=cfg_if CARGO_MANIFEST_DIR=/<<PKGBUILDDIR>>/debian/cargo_registry/cfg-if-1.0.0 CARGO_PKG_AUTHORS='Alex Crichton <alex@alexcrichton.com>' CARGO_PKG_DESCRIPTION='A macro to ergonomically define an item depending on a large number of #[cfg]
parameters. Structured like an if-else chain, the first matching branch is the
item that gets emitted.
' CARGO_PKG_HOMEPAGE='https://github.com/alexcrichton/cfg-if' CARGO_PKG_LICENSE=MIT/Apache-2.0 CARGO_PKG_LICENSE_FILE='' CARGO_PKG_NAME=cfg-if CARGO_PKG_REPOSITORY='https://github.com/alexcrichton/cfg-if' CARGO_PKG_VERSION=1.0.0 CARGO_PKG_VERSION_MAJOR=1 CARGO_PKG_VERSION_MINOR=0 CARGO_PKG_VERSION_PATCH=0 CARGO_PKG_VERSION_PRE='' LD_LIBRARY_PATH='/<<PKGBUILDDIR>>/target/debug/deps:/usr/lib' rustc --crate-name cfg_if --edition=2018 /<<PKGBUILDDIR>>/debian/cargo_registry/cfg-if-1.0.0/src/lib.rs --error-format=json --json=diagnostic-rendered-ansi,artifacts --crate-type lib --emit=dep-info,metadata,link -C embed-bitcode=no -C debuginfo=2 -C metadata=b9747399432f6912 -C extra-filename=-b9747399432f6912 --out-dir /<<PKGBUILDDIR>>/target/x86_64-unknown-linux-gnu/debug/deps --target x86_64-unknown-linux-gnu -L dependency=/<<PKGBUILDDIR>>/target/x86_64-unknown-linux-gnu/debug/deps -L dependency=/<<PKGBUILDDIR>>/target/debug/deps --cap-lints warn -C debuginfo=2 --cap-lints warn -C linker=x86_64-linux-gnu-gcc -C link-arg=-Wl,-z,relro --remap-path-prefix /<<PKGBUILDDIR>>=/usr/share/cargo/registry/publicsuffix-1.5.2`
   Compiling openssl-probe v0.1.2
     Running `CARGO=/usr/bin/cargo CARGO_CRATE_NAME=openssl_probe CARGO_MANIFEST_DIR=/<<PKGBUILDDIR>>/debian/cargo_registry/openssl-probe-0.1.2 CARGO_PKG_AUTHORS='Alex Crichton <alex@alexcrichton.com>' CARGO_PKG_DESCRIPTION='Tool for helping to find SSL certificate locations on the system for OpenSSL
' CARGO_PKG_HOMEPAGE='https://github.com/alexcrichton/openssl-probe' CARGO_PKG_LICENSE=MIT/Apache-2.0 CARGO_PKG_LICENSE_FILE='' CARGO_PKG_NAME=openssl-probe CARGO_PKG_REPOSITORY='https://github.com/alexcrichton/openssl-probe' CARGO_PKG_VERSION=0.1.2 CARGO_PKG_VERSION_MAJOR=0 CARGO_PKG_VERSION_MINOR=1 CARGO_PKG_VERSION_PATCH=2 CARGO_PKG_VERSION_PRE='' LD_LIBRARY_PATH='/<<PKGBUILDDIR>>/target/debug/deps:/usr/lib' rustc --crate-name openssl_probe /<<PKGBUILDDIR>>/debian/cargo_registry/openssl-probe-0.1.2/src/lib.rs --error-format=json --json=diagnostic-rendered-ansi,artifacts --crate-type lib --emit=dep-info,metadata,link -C embed-bitcode=no -C debuginfo=2 -C metadata=59faccf893e8098d -C extra-filename=-59faccf893e8098d --out-dir /<<PKGBUILDDIR>>/target/x86_64-unknown-linux-gnu/debug/deps --target x86_64-unknown-linux-gnu -L dependency=/<<PKGBUILDDIR>>/target/x86_64-unknown-linux-gnu/debug/deps -L dependency=/<<PKGBUILDDIR>>/target/debug/deps --cap-lints warn -C debuginfo=2 --cap-lints warn -C linker=x86_64-linux-gnu-gcc -C link-arg=-Wl,-z,relro --remap-path-prefix /<<PKGBUILDDIR>>=/usr/share/cargo/registry/publicsuffix-1.5.2`
   Compiling regex-syntax v0.6.25
     Running `CARGO=/usr/bin/cargo CARGO_CRATE_NAME=regex_syntax CARGO_MANIFEST_DIR=/<<PKGBUILDDIR>>/debian/cargo_registry/regex-syntax-0.6.25 CARGO_PKG_AUTHORS='The Rust Project Developers' CARGO_PKG_DESCRIPTION='A regular expression parser.' CARGO_PKG_HOMEPAGE='https://github.com/rust-lang/regex' CARGO_PKG_LICENSE=MIT/Apache-2.0 CARGO_PKG_LICENSE_FILE='' CARGO_PKG_NAME=regex-syntax CARGO_PKG_REPOSITORY='https://github.com/rust-lang/regex' CARGO_PKG_VERSION=0.6.25 CARGO_PKG_VERSION_MAJOR=0 CARGO_PKG_VERSION_MINOR=6 CARGO_PKG_VERSION_PATCH=25 CARGO_PKG_VERSION_PRE='' LD_LIBRARY_PATH='/<<PKGBUILDDIR>>/target/debug/deps:/usr/lib' rustc --crate-name regex_syntax --edition=2018 /<<PKGBUILDDIR>>/debian/cargo_registry/regex-syntax-0.6.25/src/lib.rs --error-format=json --json=diagnostic-rendered-ansi,artifacts --crate-type lib --emit=dep-info,metadata,link -C embed-bitcode=no -C debuginfo=2 --cfg 'feature="default"' --cfg 'feature="unicode"' --cfg 'feature="unicode-age"' --cfg 'feature="unicode-bool"' --cfg 'feature="unicode-case"' --cfg 'feature="unicode-gencat"' --cfg 'feature="unicode-perl"' --cfg 'feature="unicode-script"' --cfg 'feature="unicode-segment"' -C metadata=1c20e80f1537e502 -C extra-filename=-1c20e80f1537e502 --out-dir /<<PKGBUILDDIR>>/target/x86_64-unknown-linux-gnu/debug/deps --target x86_64-unknown-linux-gnu -L dependency=/<<PKGBUILDDIR>>/target/x86_64-unknown-linux-gnu/debug/deps -L dependency=/<<PKGBUILDDIR>>/target/debug/deps --cap-lints warn -C debuginfo=2 --cap-lints warn -C linker=x86_64-linux-gnu-gcc -C link-arg=-Wl,-z,relro --remap-path-prefix /<<PKGBUILDDIR>>=/usr/share/cargo/registry/publicsuffix-1.5.2`
   Compiling lazy_static v1.4.0
     Running `CARGO=/usr/bin/cargo CARGO_CRATE_NAME=lazy_static CARGO_MANIFEST_DIR=/<<PKGBUILDDIR>>/debian/cargo_registry/lazy_static-1.4.0 CARGO_PKG_AUTHORS='Marvin Lbel <loebel.marvin@gmail.com>' CARGO_PKG_DESCRIPTION='A macro for declaring lazily evaluated statics in Rust.' CARGO_PKG_HOMEPAGE='' CARGO_PKG_LICENSE=MIT/Apache-2.0 CARGO_PKG_LICENSE_FILE='' CARGO_PKG_NAME=lazy_static CARGO_PKG_REPOSITORY='https://github.com/rust-lang-nursery/lazy-static.rs' CARGO_PKG_VERSION=1.4.0 CARGO_PKG_VERSION_MAJOR=1 CARGO_PKG_VERSION_MINOR=4 CARGO_PKG_VERSION_PATCH=0 CARGO_PKG_VERSION_PRE='' LD_LIBRARY_PATH='/<<PKGBUILDDIR>>/target/debug/deps:/usr/lib' rustc --crate-name lazy_static /<<PKGBUILDDIR>>/debian/cargo_registry/lazy_static-1.4.0/src/lib.rs --error-format=json --json=diagnostic-rendered-ansi,artifacts --crate-type lib --emit=dep-info,metadata,link -C embed-bitcode=no -C debuginfo=2 -C metadata=66fdc29fc9ca6221 -C extra-filename=-66fdc29fc9ca6221 --out-dir /<<PKGBUILDDIR>>/target/x86_64-unknown-linux-gnu/debug/deps --target x86_64-unknown-linux-gnu -L dependency=/<<PKGBUILDDIR>>/target/x86_64-unknown-linux-gnu/debug/deps -L dependency=/<<PKGBUILDDIR>>/target/debug/deps --cap-lints warn -C debuginfo=2 --cap-lints warn -C linker=x86_64-linux-gnu-gcc -C link-arg=-Wl,-z,relro --remap-path-prefix /<<PKGBUILDDIR>>=/usr/share/cargo/registry/publicsuffix-1.5.2`
     Running `/<<PKGBUILDDIR>>/target/debug/build/libc-e069c05f7037d3fd/build-script-build`
[libc 0.2.103] cargo:rerun-if-changed=build.rs
[libc 0.2.103] cargo:rustc-cfg=freebsd11
[libc 0.2.103] cargo:rustc-cfg=libc_priv_mod_use
[libc 0.2.103] cargo:rustc-cfg=libc_union
[libc 0.2.103] cargo:rustc-cfg=libc_const_size_of
[libc 0.2.103] cargo:rustc-cfg=libc_align
[libc 0.2.103] cargo:rustc-cfg=libc_core_cvoid
[libc 0.2.103] cargo:rustc-cfg=libc_packedN
[libc 0.2.103] cargo:rustc-cfg=libc_cfg_target_vendor
   Compiling thread_local v1.1.3
     Running `CARGO=/usr/bin/cargo CARGO_CRATE_NAME=thread_local CARGO_MANIFEST_DIR=/<<PKGBUILDDIR>>/debian/cargo_registry/thread_local-1.1.3 CARGO_PKG_AUTHORS='Amanieu d'\''Antras <amanieu@gmail.com>' CARGO_PKG_DESCRIPTION='Per-object thread-local storage' CARGO_PKG_HOMEPAGE='' CARGO_PKG_LICENSE=Apache-2.0/MIT CARGO_PKG_LICENSE_FILE='' CARGO_PKG_NAME=thread_local CARGO_PKG_REPOSITORY='https://github.com/Amanieu/thread_local-rs' CARGO_PKG_VERSION=1.1.3 CARGO_PKG_VERSION_MAJOR=1 CARGO_PKG_VERSION_MINOR=1 CARGO_PKG_VERSION_PATCH=3 CARGO_PKG_VERSION_PRE='' LD_LIBRARY_PATH='/<<PKGBUILDDIR>>/target/debug/deps:/usr/lib' rustc --crate-name thread_local --edition=2018 /<<PKGBUILDDIR>>/debian/cargo_registry/thread_local-1.1.3/src/lib.rs --error-format=json --json=diagnostic-rendered-ansi,artifacts --crate-type lib --emit=dep-info,metadata,link -C embed-bitcode=no -C debuginfo=2 -C metadata=da3821a4d835cd91 -C extra-filename=-da3821a4d835cd91 --out-dir /<<PKGBUILDDIR>>/target/x86_64-unknown-linux-gnu/debug/deps --target x86_64-unknown-linux-gnu -L dependency=/<<PKGBUILDDIR>>/target/x86_64-unknown-linux-gnu/debug/deps -L dependency=/<<PKGBUILDDIR>>/target/debug/deps --extern once_cell=/<<PKGBUILDDIR>>/target/x86_64-unknown-linux-gnu/debug/deps/libonce_cell-24eae6c597f9b2e7.rmeta --cap-lints warn -C debuginfo=2 --cap-lints warn -C linker=x86_64-linux-gnu-gcc -C link-arg=-Wl,-z,relro --remap-path-prefix /<<PKGBUILDDIR>>=/usr/share/cargo/registry/publicsuffix-1.5.2`
warning: `rustc-demangle` (lib) generated 194 warnings
     Running `/<<PKGBUILDDIR>>/target/debug/build/memchr-67c1f0e3a632ed09/build-script-build`
[memchr 2.3.3] cargo:rustc-cfg=memchr_runtime_simd
[memchr 2.3.3] cargo:rustc-cfg=memchr_runtime_sse2
[memchr 2.3.3] cargo:rustc-cfg=memchr_runtime_sse42
[memchr 2.3.3] cargo:rustc-cfg=memchr_runtime_avx
     Running `/<<PKGBUILDDIR>>/target/debug/build/log-77f6a98898c176fa/build-script-build`
[log 0.4.11] cargo:rustc-cfg=atomic_cas
[log 0.4.11] cargo:rerun-if-changed=build.rs
     Running `/<<PKGBUILDDIR>>/target/debug/build/bitflags-ab53983201d49898/build-script-build`
[bitflags 1.2.1] cargo:rustc-cfg=bitflags_const_fn
   Compiling foreign-types v0.3.2
     Running `CARGO=/usr/bin/cargo CARGO_CRATE_NAME=foreign_types CARGO_MANIFEST_DIR=/<<PKGBUILDDIR>>/debian/cargo_registry/foreign-types-0.3.2 CARGO_PKG_AUTHORS='Steven Fackler <sfackler@gmail.com>' CARGO_PKG_DESCRIPTION='A framework for Rust wrappers over C APIs' CARGO_PKG_HOMEPAGE='' CARGO_PKG_LICENSE=MIT/Apache-2.0 CARGO_PKG_LICENSE_FILE='' CARGO_PKG_NAME=foreign-types CARGO_PKG_REPOSITORY='https://github.com/sfackler/foreign-types' CARGO_PKG_VERSION=0.3.2 CARGO_PKG_VERSION_MAJOR=0 CARGO_PKG_VERSION_MINOR=3 CARGO_PKG_VERSION_PATCH=2 CARGO_PKG_VERSION_PRE='' LD_LIBRARY_PATH='/<<PKGBUILDDIR>>/target/debug/deps:/usr/lib' rustc --crate-name foreign_types /<<PKGBUILDDIR>>/debian/cargo_registry/foreign-types-0.3.2/src/lib.rs --error-format=json --json=diagnostic-rendered-ansi,artifacts --crate-type lib --emit=dep-info,metadata,link -C embed-bitcode=no -C debuginfo=2 -C metadata=20243004843702ca -C extra-filename=-20243004843702ca --out-dir /<<PKGBUILDDIR>>/target/x86_64-unknown-linux-gnu/debug/deps --target x86_64-unknown-linux-gnu -L dependency=/<<PKGBUILDDIR>>/target/x86_64-unknown-linux-gnu/debug/deps -L dependency=/<<PKGBUILDDIR>>/target/debug/deps --extern foreign_types_shared=/<<PKGBUILDDIR>>/target/x86_64-unknown-linux-gnu/debug/deps/libforeign_types_shared-3407a1ca68c18b38.rmeta --cap-lints warn -C debuginfo=2 --cap-lints warn -C linker=x86_64-linux-gnu-gcc -C link-arg=-Wl,-z,relro --remap-path-prefix /<<PKGBUILDDIR>>=/usr/share/cargo/registry/publicsuffix-1.5.2`
     Running `/<<PKGBUILDDIR>>/target/debug/build/backtrace-sys-2c847703edf9dc2c/build-script-build`
[backtrace-sys 0.1.37] cargo:rerun-if-env-changed=DEB_HOST_GNU_TYPE
[backtrace-sys 0.1.37] cargo:rustc-link-lib=static=backtrace
[backtrace-sys 0.1.37] cargo:rustc-link-search=native=
[backtrace-sys 0.1.37] dh-cargo:deb-built-using=backtrace=0~=libgcc-[0-9]+-dev .*
   Compiling unicode-normalization v0.1.12
     Running `CARGO=/usr/bin/cargo CARGO_CRATE_NAME=unicode_normalization CARGO_MANIFEST_DIR=/<<PKGBUILDDIR>>/debian/cargo_registry/unicode-normalization-0.1.12 CARGO_PKG_AUTHORS='kwantam <kwantam@gmail.com>' CARGO_PKG_DESCRIPTION='This crate provides functions for normalization of
Unicode strings, including Canonical and Compatible
Decomposition and Recomposition, as described in
Unicode Standard Annex #15.
' CARGO_PKG_HOMEPAGE='https://github.com/unicode-rs/unicode-normalization' CARGO_PKG_LICENSE=MIT/Apache-2.0 CARGO_PKG_LICENSE_FILE='' CARGO_PKG_NAME=unicode-normalization CARGO_PKG_REPOSITORY='https://github.com/unicode-rs/unicode-normalization' CARGO_PKG_VERSION=0.1.12 CARGO_PKG_VERSION_MAJOR=0 CARGO_PKG_VERSION_MINOR=1 CARGO_PKG_VERSION_PATCH=12 CARGO_PKG_VERSION_PRE='' LD_LIBRARY_PATH='/<<PKGBUILDDIR>>/target/debug/deps:/usr/lib' rustc --crate-name unicode_normalization /<<PKGBUILDDIR>>/debian/cargo_registry/unicode-normalization-0.1.12/src/lib.rs --error-format=json --json=diagnostic-rendered-ansi,artifacts --crate-type lib --emit=dep-info,metadata,link -C embed-bitcode=no -C debuginfo=2 -C metadata=ddc0ebf61ac49ad5 -C extra-filename=-ddc0ebf61ac49ad5 --out-dir /<<PKGBUILDDIR>>/target/x86_64-unknown-linux-gnu/debug/deps --target x86_64-unknown-linux-gnu -L dependency=/<<PKGBUILDDIR>>/target/x86_64-unknown-linux-gnu/debug/deps -L dependency=/<<PKGBUILDDIR>>/target/debug/deps --extern smallvec=/<<PKGBUILDDIR>>/target/x86_64-unknown-linux-gnu/debug/deps/libsmallvec-1ecdefc7a8c944d5.rmeta --cap-lints warn -C debuginfo=2 --cap-lints warn -C linker=x86_64-linux-gnu-gcc -C link-arg=-Wl,-z,relro --remap-path-prefix /<<PKGBUILDDIR>>=/usr/share/cargo/registry/publicsuffix-1.5.2`
warning: unnecessary parentheses around assigned value
  --> /usr/share/cargo/registry/publicsuffix-1.5.2/debian/cargo_registry/unicode-normalization-0.1.12/src/normalize.rs:77:22
   |
77 | const N_COUNT: u32 = (V_COUNT * T_COUNT);
   |                      ^^^^^^^^^^^^^^^^^^^ help: remove these parentheses
   |
   = note: `#[warn(unused_parens)]` on by default

warning: unnecessary parentheses around assigned value
  --> /usr/share/cargo/registry/publicsuffix-1.5.2/debian/cargo_registry/unicode-normalization-0.1.12/src/normalize.rs:78:22
   |
78 | const S_COUNT: u32 = (L_COUNT * N_COUNT);
   |                      ^^^^^^^^^^^^^^^^^^^ help: remove these parentheses

warning: `#[inline]` is ignored on function prototypes
  --> /usr/share/cargo/registry/publicsuffix-1.5.2/debian/cargo_registry/unicode-normalization-0.1.12/src/lib.rs:95:5
   |
95 |     #[inline]
   |     ^^^^^^^^^
   |
   = note: `#[warn(unused_attributes)]` on by default

warning: `#[inline]` is ignored on function prototypes
   --> /usr/share/cargo/registry/publicsuffix-1.5.2/debian/cargo_registry/unicode-normalization-0.1.12/src/lib.rs:100:5
    |
100 |     #[inline]
    |     ^^^^^^^^^

warning: `#[inline]` is ignored on function prototypes
   --> /usr/share/cargo/registry/publicsuffix-1.5.2/debian/cargo_registry/unicode-normalization-0.1.12/src/lib.rs:105:5
    |
105 |     #[inline]
    |     ^^^^^^^^^

warning: `#[inline]` is ignored on function prototypes
   --> /usr/share/cargo/registry/publicsuffix-1.5.2/debian/cargo_registry/unicode-normalization-0.1.12/src/lib.rs:110:5
    |
110 |     #[inline]
    |     ^^^^^^^^^

warning: `#[inline]` is ignored on function prototypes
   --> /usr/share/cargo/registry/publicsuffix-1.5.2/debian/cargo_registry/unicode-normalization-0.1.12/src/lib.rs:115:5
    |
115 |     #[inline]
    |     ^^^^^^^^^

   Compiling form_urlencoded v1.0.1
     Running `CARGO=/usr/bin/cargo CARGO_CRATE_NAME=form_urlencoded CARGO_MANIFEST_DIR=/<<PKGBUILDDIR>>/debian/cargo_registry/form_urlencoded-1.0.1 CARGO_PKG_AUTHORS='The rust-url developers' CARGO_PKG_DESCRIPTION='Parser and serializer for the application/x-www-form-urlencoded syntax, as used by HTML forms.' CARGO_PKG_HOMEPAGE='' CARGO_PKG_LICENSE=MIT/Apache-2.0 CARGO_PKG_LICENSE_FILE='' CARGO_PKG_NAME=form_urlencoded CARGO_PKG_REPOSITORY='https://github.com/servo/rust-url' CARGO_PKG_VERSION=1.0.1 CARGO_PKG_VERSION_MAJOR=1 CARGO_PKG_VERSION_MINOR=0 CARGO_PKG_VERSION_PATCH=1 CARGO_PKG_VERSION_PRE='' LD_LIBRARY_PATH='/<<PKGBUILDDIR>>/target/debug/deps:/usr/lib' rustc --crate-name form_urlencoded --edition=2018 /<<PKGBUILDDIR>>/debian/cargo_registry/form_urlencoded-1.0.1/src/lib.rs --error-format=json --json=diagnostic-rendered-ansi,artifacts --crate-type lib --emit=dep-info,metadata,link -C embed-bitcode=no -C debuginfo=2 -C metadata=be0d6b395af5e77b -C extra-filename=-be0d6b395af5e77b --out-dir /<<PKGBUILDDIR>>/target/x86_64-unknown-linux-gnu/debug/deps --target x86_64-unknown-linux-gnu -L dependency=/<<PKGBUILDDIR>>/target/x86_64-unknown-linux-gnu/debug/deps -L dependency=/<<PKGBUILDDIR>>/target/debug/deps --extern matches=/<<PKGBUILDDIR>>/target/x86_64-unknown-linux-gnu/debug/deps/libmatches-7fd502d3d1348146.rmeta --extern percent_encoding=/<<PKGBUILDDIR>>/target/x86_64-unknown-linux-gnu/debug/deps/libpercent_encoding-3e8fe7da25d1f968.rmeta --cap-lints warn -C debuginfo=2 --cap-lints warn -C linker=x86_64-linux-gnu-gcc -C link-arg=-Wl,-z,relro --remap-path-prefix /<<PKGBUILDDIR>>=/usr/share/cargo/registry/publicsuffix-1.5.2`
   Compiling error-chain v0.12.4
     Running `CARGO=/usr/bin/cargo CARGO_CRATE_NAME=build_script_build CARGO_MANIFEST_DIR=/<<PKGBUILDDIR>>/debian/cargo_registry/error-chain-0.12.4 CARGO_PKG_AUTHORS='Brian Anderson <banderson@mozilla.com>:Paul Colomiets <paul@colomiets.name>:Colin Kiegel <kiegel@gmx.de>:Yamakaky <yamakaky@yamaworld.fr>:Andrew Gauger <andygauge@gmail.com>' CARGO_PKG_DESCRIPTION='Yet another error boilerplate library.' CARGO_PKG_HOMEPAGE='' CARGO_PKG_LICENSE=MIT/Apache-2.0 CARGO_PKG_LICENSE_FILE='' CARGO_PKG_NAME=error-chain CARGO_PKG_REPOSITORY='https://github.com/rust-lang-nursery/error-chain' CARGO_PKG_VERSION=0.12.4 CARGO_PKG_VERSION_MAJOR=0 CARGO_PKG_VERSION_MINOR=12 CARGO_PKG_VERSION_PATCH=4 CARGO_PKG_VERSION_PRE='' LD_LIBRARY_PATH='/<<PKGBUILDDIR>>/target/debug/deps:/usr/lib' rustc --crate-name build_script_build /<<PKGBUILDDIR>>/debian/cargo_registry/error-chain-0.12.4/build.rs --error-format=json --json=diagnostic-rendered-ansi --crate-type bin --emit=dep-info,link -C embed-bitcode=no -C debuginfo=2 --cfg 'feature="backtrace"' --cfg 'feature="default"' --cfg 'feature="example_generated"' -C metadata=e4fefe812fbab18a -C extra-filename=-e4fefe812fbab18a --out-dir /<<PKGBUILDDIR>>/target/debug/build/error-chain-e4fefe812fbab18a -L dependency=/<<PKGBUILDDIR>>/target/debug/deps --extern version_check=/<<PKGBUILDDIR>>/target/debug/deps/libversion_check-21f256859b290bfd.rlib --cap-lints warn`
   Compiling openssl-sys v0.9.67
     Running `CARGO=/usr/bin/cargo CARGO_CRATE_NAME=build_script_main CARGO_MANIFEST_DIR=/<<PKGBUILDDIR>>/debian/cargo_registry/openssl-sys-0.9.67 CARGO_PKG_AUTHORS='Alex Crichton <alex@alexcrichton.com>:Steven Fackler <sfackler@gmail.com>' CARGO_PKG_DESCRIPTION='FFI bindings to OpenSSL' CARGO_PKG_HOMEPAGE='' CARGO_PKG_LICENSE=MIT CARGO_PKG_LICENSE_FILE='' CARGO_PKG_NAME=openssl-sys CARGO_PKG_REPOSITORY='https://github.com/sfackler/rust-openssl' CARGO_PKG_VERSION=0.9.67 CARGO_PKG_VERSION_MAJOR=0 CARGO_PKG_VERSION_MINOR=9 CARGO_PKG_VERSION_PATCH=67 CARGO_PKG_VERSION_PRE='' LD_LIBRARY_PATH='/<<PKGBUILDDIR>>/target/debug/deps:/usr/lib' rustc --crate-name build_script_main /<<PKGBUILDDIR>>/debian/cargo_registry/openssl-sys-0.9.67/build/main.rs --error-format=json --json=diagnostic-rendered-ansi --crate-type bin --emit=dep-info,link -C embed-bitcode=no -C debuginfo=2 -C metadata=c23f5c97f3518213 -C extra-filename=-c23f5c97f3518213 --out-dir /<<PKGBUILDDIR>>/target/debug/build/openssl-sys-c23f5c97f3518213 -L dependency=/<<PKGBUILDDIR>>/target/debug/deps --extern autocfg=/<<PKGBUILDDIR>>/target/debug/deps/libautocfg-4cbfe72153844270.rlib --extern cc=/<<PKGBUILDDIR>>/target/debug/deps/libcc-e3668e62d71f158f.rlib --extern pkg_config=/<<PKGBUILDDIR>>/target/debug/deps/libpkg_config-a1349e3b1ef3c30a.rlib --cap-lints warn`
     Running `CARGO=/usr/bin/cargo CARGO_CRATE_NAME=libc CARGO_MANIFEST_DIR=/<<PKGBUILDDIR>>/debian/cargo_registry/libc-0.2.103 CARGO_PKG_AUTHORS='The Rust Project Developers' CARGO_PKG_DESCRIPTION='Raw FFI bindings to platform libraries like libc.
' CARGO_PKG_HOMEPAGE='https://github.com/rust-lang/libc' CARGO_PKG_LICENSE='MIT OR Apache-2.0' CARGO_PKG_LICENSE_FILE='' CARGO_PKG_NAME=libc CARGO_PKG_REPOSITORY='https://github.com/rust-lang/libc' CARGO_PKG_VERSION=0.2.103 CARGO_PKG_VERSION_MAJOR=0 CARGO_PKG_VERSION_MINOR=2 CARGO_PKG_VERSION_PATCH=103 CARGO_PKG_VERSION_PRE='' LD_LIBRARY_PATH='/<<PKGBUILDDIR>>/target/debug/deps:/usr/lib' OUT_DIR=/<<PKGBUILDDIR>>/target/x86_64-unknown-linux-gnu/debug/build/libc-abce09045a9002ff/out rustc --crate-name libc /<<PKGBUILDDIR>>/debian/cargo_registry/libc-0.2.103/src/lib.rs --error-format=json --json=diagnostic-rendered-ansi,artifacts --crate-type lib --emit=dep-info,metadata,link -C embed-bitcode=no -C debuginfo=2 --cfg 'feature="default"' --cfg 'feature="std"' -C metadata=d1bddf25fa7d6a8b -C extra-filename=-d1bddf25fa7d6a8b --out-dir /<<PKGBUILDDIR>>/target/x86_64-unknown-linux-gnu/debug/deps --target x86_64-unknown-linux-gnu -L dependency=/<<PKGBUILDDIR>>/target/x86_64-unknown-linux-gnu/debug/deps -L dependency=/<<PKGBUILDDIR>>/target/debug/deps --cap-lints warn -C debuginfo=2 --cap-lints warn -C linker=x86_64-linux-gnu-gcc -C link-arg=-Wl,-z,relro --remap-path-prefix /<<PKGBUILDDIR>>=/usr/share/cargo/registry/publicsuffix-1.5.2 --cfg freebsd11 --cfg libc_priv_mod_use --cfg libc_union --cfg libc_const_size_of --cfg libc_align --cfg libc_core_cvoid --cfg libc_packedN --cfg libc_cfg_target_vendor`
warning: `unicode-normalization` (lib) generated 7 warnings
     Running `CARGO=/usr/bin/cargo CARGO_CRATE_NAME=memchr CARGO_MANIFEST_DIR=/<<PKGBUILDDIR>>/debian/cargo_registry/memchr-2.3.3 CARGO_PKG_AUTHORS='Andrew Gallant <jamslam@gmail.com>:bluss' CARGO_PKG_DESCRIPTION='Safe interface to memchr.' CARGO_PKG_HOMEPAGE='https://github.com/BurntSushi/rust-memchr' CARGO_PKG_LICENSE=Unlicense/MIT CARGO_PKG_LICENSE_FILE='' CARGO_PKG_NAME=memchr CARGO_PKG_REPOSITORY='https://github.com/BurntSushi/rust-memchr' CARGO_PKG_VERSION=2.3.3 CARGO_PKG_VERSION_MAJOR=2 CARGO_PKG_VERSION_MINOR=3 CARGO_PKG_VERSION_PATCH=3 CARGO_PKG_VERSION_PRE='' LD_LIBRARY_PATH='/<<PKGBUILDDIR>>/target/debug/deps:/usr/lib' OUT_DIR=/<<PKGBUILDDIR>>/target/x86_64-unknown-linux-gnu/debug/build/memchr-d27a30b9fb424816/out rustc --crate-name memchr /<<PKGBUILDDIR>>/debian/cargo_registry/memchr-2.3.3/src/lib.rs --error-format=json --json=diagnostic-rendered-ansi,artifacts --crate-type lib --emit=dep-info,metadata,link -C embed-bitcode=no -C debuginfo=2 --cfg 'feature="default"' --cfg 'feature="std"' --cfg 'feature="use_std"' -C metadata=1368fca024c9e1b7 -C extra-filename=-1368fca024c9e1b7 --out-dir /<<PKGBUILDDIR>>/target/x86_64-unknown-linux-gnu/debug/deps --target x86_64-unknown-linux-gnu -L dependency=/<<PKGBUILDDIR>>/target/x86_64-unknown-linux-gnu/debug/deps -L dependency=/<<PKGBUILDDIR>>/target/debug/deps --cap-lints warn -C debuginfo=2 --cap-lints warn -C linker=x86_64-linux-gnu-gcc -C link-arg=-Wl,-z,relro --remap-path-prefix /<<PKGBUILDDIR>>=/usr/share/cargo/registry/publicsuffix-1.5.2 --cfg memchr_runtime_simd --cfg memchr_runtime_sse2 --cfg memchr_runtime_sse42 --cfg memchr_runtime_avx`
     Running `CARGO=/usr/bin/cargo CARGO_CRATE_NAME=log CARGO_MANIFEST_DIR=/<<PKGBUILDDIR>>/debian/cargo_registry/log-0.4.11 CARGO_PKG_AUTHORS='The Rust Project Developers' CARGO_PKG_DESCRIPTION='A lightweight logging facade for Rust
' CARGO_PKG_HOMEPAGE='' CARGO_PKG_LICENSE='MIT OR Apache-2.0' CARGO_PKG_LICENSE_FILE='' CARGO_PKG_NAME=log CARGO_PKG_REPOSITORY='https://github.com/rust-lang/log' CARGO_PKG_VERSION=0.4.11 CARGO_PKG_VERSION_MAJOR=0 CARGO_PKG_VERSION_MINOR=4 CARGO_PKG_VERSION_PATCH=11 CARGO_PKG_VERSION_PRE='' LD_LIBRARY_PATH='/<<PKGBUILDDIR>>/target/debug/deps:/usr/lib' OUT_DIR=/<<PKGBUILDDIR>>/target/x86_64-unknown-linux-gnu/debug/build/log-359f40feb3b555b3/out rustc --crate-name log /<<PKGBUILDDIR>>/debian/cargo_registry/log-0.4.11/src/lib.rs --error-format=json --json=diagnostic-rendered-ansi,artifacts --crate-type lib --emit=dep-info,metadata,link -C embed-bitcode=no -C debuginfo=2 -C metadata=509fb65c3df26897 -C extra-filename=-509fb65c3df26897 --out-dir /<<PKGBUILDDIR>>/target/x86_64-unknown-linux-gnu/debug/deps --target x86_64-unknown-linux-gnu -L dependency=/<<PKGBUILDDIR>>/target/x86_64-unknown-linux-gnu/debug/deps -L dependency=/<<PKGBUILDDIR>>/target/debug/deps --extern cfg_if=/<<PKGBUILDDIR>>/target/x86_64-unknown-linux-gnu/debug/deps/libcfg_if-cc6989a34955d33a.rmeta --cap-lints warn -C debuginfo=2 --cap-lints warn -C linker=x86_64-linux-gnu-gcc -C link-arg=-Wl,-z,relro --remap-path-prefix /<<PKGBUILDDIR>>=/usr/share/cargo/registry/publicsuffix-1.5.2 --cfg atomic_cas`
warning: use of deprecated function `core::sync::atomic::spin_loop_hint`: use hint::spin_loop instead
    --> /usr/share/cargo/registry/publicsuffix-1.5.2/debian/cargo_registry/log-0.4.11/src/lib.rs:1279:36
     |
1279 |                 std::sync::atomic::spin_loop_hint();
     |                                    ^^^^^^^^^^^^^^
     |
     = note: `#[warn(deprecated)]` on by default

warning: use of deprecated associated function `core::sync::atomic::AtomicUsize::compare_and_swap`: Use `compare_exchange` or `compare_exchange_weak` instead
    --> /usr/share/cargo/registry/publicsuffix-1.5.2/debian/cargo_registry/log-0.4.11/src/lib.rs:1269:17
     |
1269 |     match STATE.compare_and_swap(UNINITIALIZED, INITIALIZING, Ordering::SeqCst) {
     |                 ^^^^^^^^^^^^^^^^

     Running `CARGO=/usr/bin/cargo CARGO_CRATE_NAME=bitflags CARGO_MANIFEST_DIR=/<<PKGBUILDDIR>>/debian/cargo_registry/bitflags-1.2.1 CARGO_PKG_AUTHORS='The Rust Project Developers' CARGO_PKG_DESCRIPTION='A macro to generate structures which behave like bitflags.
' CARGO_PKG_HOMEPAGE='https://github.com/bitflags/bitflags' CARGO_PKG_LICENSE=MIT/Apache-2.0 CARGO_PKG_LICENSE_FILE='' CARGO_PKG_NAME=bitflags CARGO_PKG_REPOSITORY='https://github.com/bitflags/bitflags' CARGO_PKG_VERSION=1.2.1 CARGO_PKG_VERSION_MAJOR=1 CARGO_PKG_VERSION_MINOR=2 CARGO_PKG_VERSION_PATCH=1 CARGO_PKG_VERSION_PRE='' LD_LIBRARY_PATH='/<<PKGBUILDDIR>>/target/debug/deps:/usr/lib' OUT_DIR=/<<PKGBUILDDIR>>/target/x86_64-unknown-linux-gnu/debug/build/bitflags-0bfcba733a1743f1/out rustc --crate-name bitflags /<<PKGBUILDDIR>>/debian/cargo_registry/bitflags-1.2.1/src/lib.rs --error-format=json --json=diagnostic-rendered-ansi,artifacts --crate-type lib --emit=dep-info,metadata,link -C embed-bitcode=no -C debuginfo=2 --cfg 'feature="default"' -C metadata=03778e90fcf1289e -C extra-filename=-03778e90fcf1289e --out-dir /<<PKGBUILDDIR>>/target/x86_64-unknown-linux-gnu/debug/deps --target x86_64-unknown-linux-gnu -L dependency=/<<PKGBUILDDIR>>/target/x86_64-unknown-linux-gnu/debug/deps -L dependency=/<<PKGBUILDDIR>>/target/debug/deps --cap-lints warn -C debuginfo=2 --cap-lints warn -C linker=x86_64-linux-gnu-gcc -C link-arg=-Wl,-z,relro --remap-path-prefix /<<PKGBUILDDIR>>=/usr/share/cargo/registry/publicsuffix-1.5.2 --cfg bitflags_const_fn`
     Running `/<<PKGBUILDDIR>>/target/debug/build/error-chain-e4fefe812fbab18a/build-script-build`
[error-chain 0.12.4] cargo:rustc-cfg=has_error_source
warning: `log` (lib) generated 2 warnings
   Compiling idna v0.2.0
     Running `CARGO=/usr/bin/cargo CARGO_CRATE_NAME=idna CARGO_MANIFEST_DIR=/<<PKGBUILDDIR>>/debian/cargo_registry/idna-0.2.0 CARGO_PKG_AUTHORS='The rust-url developers' CARGO_PKG_DESCRIPTION='IDNA (Internationalizing Domain Names in Applications) and Punycode.' CARGO_PKG_HOMEPAGE='' CARGO_PKG_LICENSE=MIT/Apache-2.0 CARGO_PKG_LICENSE_FILE='' CARGO_PKG_NAME=idna CARGO_PKG_REPOSITORY='https://github.com/servo/rust-url/' CARGO_PKG_VERSION=0.2.0 CARGO_PKG_VERSION_MAJOR=0 CARGO_PKG_VERSION_MINOR=2 CARGO_PKG_VERSION_PATCH=0 CARGO_PKG_VERSION_PRE='' LD_LIBRARY_PATH='/<<PKGBUILDDIR>>/target/debug/deps:/usr/lib' rustc --crate-name idna /<<PKGBUILDDIR>>/debian/cargo_registry/idna-0.2.0/src/lib.rs --error-format=json --json=diagnostic-rendered-ansi,artifacts --crate-type lib --emit=dep-info,metadata,link -C embed-bitcode=no -C debuginfo=2 -C metadata=53d77db2aaf1bd2c -C extra-filename=-53d77db2aaf1bd2c --out-dir /<<PKGBUILDDIR>>/target/x86_64-unknown-linux-gnu/debug/deps --target x86_64-unknown-linux-gnu -L dependency=/<<PKGBUILDDIR>>/target/x86_64-unknown-linux-gnu/debug/deps -L dependency=/<<PKGBUILDDIR>>/target/debug/deps --extern matches=/<<PKGBUILDDIR>>/target/x86_64-unknown-linux-gnu/debug/deps/libmatches-7fd502d3d1348146.rmeta --extern unicode_bidi=/<<PKGBUILDDIR>>/target/x86_64-unknown-linux-gnu/debug/deps/libunicode_bidi-984656e470e51ab6.rmeta --extern unicode_normalization=/<<PKGBUILDDIR>>/target/x86_64-unknown-linux-gnu/debug/deps/libunicode_normalization-ddc0ebf61ac49ad5.rmeta --cap-lints warn -C debuginfo=2 --cap-lints warn -C linker=x86_64-linux-gnu-gcc -C link-arg=-Wl,-z,relro --remap-path-prefix /<<PKGBUILDDIR>>=/usr/share/cargo/registry/publicsuffix-1.5.2`
[error-chain 0.12.4] cargo:rustc-cfg=has_error_description_deprecated
[error-chain 0.12.4] cargo:rustc-cfg=build="debug"
     Running `/<<PKGBUILDDIR>>/target/debug/build/openssl-sys-c23f5c97f3518213/build-script-main`
   Compiling aho-corasick v0.7.10
     Running `CARGO=/usr/bin/cargo CARGO_CRATE_NAME=aho_corasick CARGO_MANIFEST_DIR=/<<PKGBUILDDIR>>/debian/cargo_registry/aho-corasick-0.7.10 CARGO_PKG_AUTHORS='Andrew Gallant <jamslam@gmail.com>' CARGO_PKG_DESCRIPTION='Fast multiple substring searching.' CARGO_PKG_HOMEPAGE='https://github.com/BurntSushi/aho-corasick' CARGO_PKG_LICENSE=Unlicense/MIT CARGO_PKG_LICENSE_FILE='' CARGO_PKG_NAME=aho-corasick CARGO_PKG_REPOSITORY='https://github.com/BurntSushi/aho-corasick' CARGO_PKG_VERSION=0.7.10 CARGO_PKG_VERSION_MAJOR=0 CARGO_PKG_VERSION_MINOR=7 CARGO_PKG_VERSION_PATCH=10 CARGO_PKG_VERSION_PRE='' LD_LIBRARY_PATH='/<<PKGBUILDDIR>>/target/debug/deps:/usr/lib' rustc --crate-name aho_corasick /<<PKGBUILDDIR>>/debian/cargo_registry/aho-corasick-0.7.10/src/lib.rs --error-format=json --json=diagnostic-rendered-ansi,artifacts --crate-type lib --emit=dep-info,metadata,link -C embed-bitcode=no -C debuginfo=2 --cfg 'feature="default"' --cfg 'feature="std"' -C metadata=9e039044dd6f215d -C extra-filename=-9e039044dd6f215d --out-dir /<<PKGBUILDDIR>>/target/x86_64-unknown-linux-gnu/debug/deps --target x86_64-unknown-linux-gnu -L dependency=/<<PKGBUILDDIR>>/target/x86_64-unknown-linux-gnu/debug/deps -L dependency=/<<PKGBUILDDIR>>/target/debug/deps --extern memchr=/<<PKGBUILDDIR>>/target/x86_64-unknown-linux-gnu/debug/deps/libmemchr-1368fca024c9e1b7.rmeta --cap-lints warn -C debuginfo=2 --cap-lints warn -C linker=x86_64-linux-gnu-gcc -C link-arg=-Wl,-z,relro --remap-path-prefix /<<PKGBUILDDIR>>=/usr/share/cargo/registry/publicsuffix-1.5.2`
[openssl-sys 0.9.67] cargo:rustc-cfg=const_fn
[openssl-sys 0.9.67] cargo:rerun-if-env-changed=X86_64_UNKNOWN_LINUX_GNU_OPENSSL_LIB_DIR
[openssl-sys 0.9.67] X86_64_UNKNOWN_LINUX_GNU_OPENSSL_LIB_DIR unset
[openssl-sys 0.9.67] cargo:rerun-if-env-changed=OPENSSL_LIB_DIR
[openssl-sys 0.9.67] OPENSSL_LIB_DIR unset
[openssl-sys 0.9.67] cargo:rerun-if-env-changed=X86_64_UNKNOWN_LINUX_GNU_OPENSSL_INCLUDE_DIR
[openssl-sys 0.9.67] X86_64_UNKNOWN_LINUX_GNU_OPENSSL_INCLUDE_DIR unset
[openssl-sys 0.9.67] cargo:rerun-if-env-changed=OPENSSL_INCLUDE_DIR
[openssl-sys 0.9.67] OPENSSL_INCLUDE_DIR unset
[openssl-sys 0.9.67] cargo:rerun-if-env-changed=X86_64_UNKNOWN_LINUX_GNU_OPENSSL_DIR
[openssl-sys 0.9.67] X86_64_UNKNOWN_LINUX_GNU_OPENSSL_DIR unset
[openssl-sys 0.9.67] cargo:rerun-if-env-changed=OPENSSL_DIR
[openssl-sys 0.9.67] OPENSSL_DIR unset
[openssl-sys 0.9.67] cargo:rerun-if-env-changed=OPENSSL_NO_PKG_CONFIG
[openssl-sys 0.9.67] cargo:rerun-if-env-changed=PKG_CONFIG_x86_64-unknown-linux-gnu
[openssl-sys 0.9.67] cargo:rerun-if-env-changed=PKG_CONFIG_x86_64_unknown_linux_gnu
[openssl-sys 0.9.67] cargo:rerun-if-env-changed=HOST_PKG_CONFIG
[openssl-sys 0.9.67] cargo:rerun-if-env-changed=PKG_CONFIG
[openssl-sys 0.9.67] cargo:rerun-if-env-changed=DEB_HOST_GNU_TYPE
[openssl-sys 0.9.67] cargo:rerun-if-env-changed=OPENSSL_STATIC
[openssl-sys 0.9.67] cargo:rerun-if-env-changed=OPENSSL_DYNAMIC
[openssl-sys 0.9.67] cargo:rerun-if-env-changed=PKG_CONFIG_ALL_STATIC
[openssl-sys 0.9.67] cargo:rerun-if-env-changed=PKG_CONFIG_ALL_DYNAMIC
[openssl-sys 0.9.67] cargo:rerun-if-env-changed=PKG_CONFIG_PATH_x86_64-unknown-linux-gnu
[openssl-sys 0.9.67] cargo:rerun-if-env-changed=PKG_CONFIG_PATH_x86_64_unknown_linux_gnu
[openssl-sys 0.9.67] cargo:rerun-if-env-changed=HOST_PKG_CONFIG_PATH
[openssl-sys 0.9.67] cargo:rerun-if-env-changed=PKG_CONFIG_PATH
[openssl-sys 0.9.67] cargo:rerun-if-env-changed=PKG_CONFIG_LIBDIR_x86_64-unknown-linux-gnu
[openssl-sys 0.9.67] cargo:rerun-if-env-changed=PKG_CONFIG_LIBDIR_x86_64_unknown_linux_gnu
[openssl-sys 0.9.67] cargo:rerun-if-env-changed=HOST_PKG_CONFIG_LIBDIR
[openssl-sys 0.9.67] cargo:rerun-if-env-changed=PKG_CONFIG_LIBDIR
[openssl-sys 0.9.67] cargo:rerun-if-env-changed=PKG_CONFIG_SYSROOT_DIR_x86_64-unknown-linux-gnu
[openssl-sys 0.9.67] cargo:rerun-if-env-changed=PKG_CONFIG_SYSROOT_DIR_x86_64_unknown_linux_gnu
[openssl-sys 0.9.67] cargo:rerun-if-env-changed=HOST_PKG_CONFIG_SYSROOT_DIR
[openssl-sys 0.9.67] cargo:rerun-if-env-changed=PKG_CONFIG_SYSROOT_DIR
[openssl-sys 0.9.67] cargo:rerun-if-env-changed=PKG_CONFIG_SYSROOT_DIR
[openssl-sys 0.9.67] cargo:rerun-if-env-changed=SYSROOT
[openssl-sys 0.9.67] cargo:rerun-if-env-changed=OPENSSL_STATIC
[openssl-sys 0.9.67] cargo:rerun-if-env-changed=OPENSSL_DYNAMIC
[openssl-sys 0.9.67] cargo:rerun-if-env-changed=PKG_CONFIG_ALL_STATIC
[openssl-sys 0.9.67] cargo:rerun-if-env-changed=PKG_CONFIG_ALL_DYNAMIC
[openssl-sys 0.9.67] cargo:rustc-link-lib=ssl
[openssl-sys 0.9.67] cargo:rustc-link-lib=crypto
[openssl-sys 0.9.67] cargo:rerun-if-env-changed=PKG_CONFIG_x86_64-unknown-linux-gnu
[openssl-sys 0.9.67] cargo:rerun-if-env-changed=PKG_CONFIG_x86_64_unknown_linux_gnu
[openssl-sys 0.9.67] cargo:rerun-if-env-changed=HOST_PKG_CONFIG
[openssl-sys 0.9.67] cargo:rerun-if-env-changed=PKG_CONFIG
[openssl-sys 0.9.67] cargo:rerun-if-env-changed=DEB_HOST_GNU_TYPE
[openssl-sys 0.9.67] cargo:rerun-if-env-changed=OPENSSL_STATIC
[openssl-sys 0.9.67] cargo:rerun-if-env-changed=OPENSSL_DYNAMIC
[openssl-sys 0.9.67] cargo:rerun-if-env-changed=PKG_CONFIG_ALL_STATIC
[openssl-sys 0.9.67] cargo:rerun-if-env-changed=PKG_CONFIG_ALL_DYNAMIC
[openssl-sys 0.9.67] cargo:rerun-if-env-changed=PKG_CONFIG_PATH_x86_64-unknown-linux-gnu
[openssl-sys 0.9.67] cargo:rerun-if-env-changed=PKG_CONFIG_PATH_x86_64_unknown_linux_gnu
[openssl-sys 0.9.67] cargo:rerun-if-env-changed=HOST_PKG_CONFIG_PATH
[openssl-sys 0.9.67] cargo:rerun-if-env-changed=PKG_CONFIG_PATH
[openssl-sys 0.9.67] cargo:rerun-if-env-changed=PKG_CONFIG_LIBDIR_x86_64-unknown-linux-gnu
[openssl-sys 0.9.67] cargo:rerun-if-env-changed=PKG_CONFIG_LIBDIR_x86_64_unknown_linux_gnu
[openssl-sys 0.9.67] cargo:rerun-if-env-changed=HOST_PKG_CONFIG_LIBDIR
[openssl-sys 0.9.67] cargo:rerun-if-env-changed=PKG_CONFIG_LIBDIR
[openssl-sys 0.9.67] cargo:rerun-if-env-changed=PKG_CONFIG_SYSROOT_DIR_x86_64-unknown-linux-gnu
[openssl-sys 0.9.67] cargo:rerun-if-env-changed=PKG_CONFIG_SYSROOT_DIR_x86_64_unknown_linux_gnu
[openssl-sys 0.9.67] cargo:rerun-if-env-changed=HOST_PKG_CONFIG_SYSROOT_DIR
[openssl-sys 0.9.67] cargo:rerun-if-env-changed=PKG_CONFIG_SYSROOT_DIR
[openssl-sys 0.9.67] OPT_LEVEL = Some("0")
[openssl-sys 0.9.67] TARGET = Some("x86_64-unknown-linux-gnu")
[openssl-sys 0.9.67] HOST = Some("x86_64-unknown-linux-gnu")
[openssl-sys 0.9.67] CC_x86_64-unknown-linux-gnu = None
[openssl-sys 0.9.67] CC_x86_64_unknown_linux_gnu = None
[openssl-sys 0.9.67] HOST_CC = None
[openssl-sys 0.9.67] CC = None
[openssl-sys 0.9.67] CFLAGS_x86_64-unknown-linux-gnu = None
[openssl-sys 0.9.67] CFLAGS_x86_64_unknown_linux_gnu = None
[openssl-sys 0.9.67] HOST_CFLAGS = None
[openssl-sys 0.9.67] CFLAGS = Some("-g -O2 -ffile-prefix-map=/<<PKGBUILDDIR>>=. -fstack-protector-strong -Wformat -Werror=format-security")
[openssl-sys 0.9.67] CRATE_CC_NO_DEFAULTS = None
[openssl-sys 0.9.67] DEBUG = Some("true")
[openssl-sys 0.9.67] CARGO_CFG_TARGET_FEATURE = Some("fxsr,sse,sse2")
[openssl-sys 0.9.67] running: "cc" "-O0" "-ffunction-sections" "-fdata-sections" "-fPIC" "-g" "-fno-omit-frame-pointer" "-m64" "-g" "-O2" "-ffile-prefix-map=/<<PKGBUILDDIR>>=." "-fstack-protector-strong" "-Wformat" "-Werror=format-security" "-I" "/usr/include" "-E" "build/expando.c"
[openssl-sys 0.9.67] exit status: 0
[openssl-sys 0.9.67] cargo:rustc-cfg=osslconf="OPENSSL_NO_SSL3_METHOD"
[openssl-sys 0.9.67] cargo:conf=OPENSSL_NO_SSL3_METHOD
[openssl-sys 0.9.67] cargo:rustc-cfg=ossl101
[openssl-sys 0.9.67] cargo:rustc-cfg=ossl102
[openssl-sys 0.9.67] cargo:rustc-cfg=ossl102f
[openssl-sys 0.9.67] cargo:rustc-cfg=ossl102h
[openssl-sys 0.9.67] cargo:rustc-cfg=ossl110
[openssl-sys 0.9.67] cargo:rustc-cfg=ossl110f
[openssl-sys 0.9.67] cargo:rustc-cfg=ossl110g
[openssl-sys 0.9.67] cargo:rustc-cfg=ossl110h
[openssl-sys 0.9.67] cargo:rustc-cfg=ossl111
[openssl-sys 0.9.67] cargo:rustc-cfg=ossl111b
[openssl-sys 0.9.67] cargo:rustc-cfg=ossl111c
[openssl-sys 0.9.67] cargo:version_number=101010cf
[openssl-sys 0.9.67] cargo:version=111
[openssl-sys 0.9.67] cargo:include=/usr/include
     Running `CARGO=/usr/bin/cargo CARGO_CRATE_NAME=backtrace_sys CARGO_MANIFEST_DIR=/<<PKGBUILDDIR>>/debian/cargo_registry/backtrace-sys-0.1.37 CARGO_PKG_AUTHORS='Alex Crichton <alex@alexcrichton.com>' CARGO_PKG_DESCRIPTION='Bindings to the libbacktrace gcc library
' CARGO_PKG_HOMEPAGE='https://github.com/alexcrichton/backtrace-rs' CARGO_PKG_LICENSE=MIT/Apache-2.0 CARGO_PKG_LICENSE_FILE='' CARGO_PKG_NAME=backtrace-sys CARGO_PKG_REPOSITORY='https://github.com/alexcrichton/backtrace-rs' CARGO_PKG_VERSION=0.1.37 CARGO_PKG_VERSION_MAJOR=0 CARGO_PKG_VERSION_MINOR=1 CARGO_PKG_VERSION_PATCH=37 CARGO_PKG_VERSION_PRE='' LD_LIBRARY_PATH='/<<PKGBUILDDIR>>/target/debug/deps:/usr/lib' OUT_DIR=/<<PKGBUILDDIR>>/target/x86_64-unknown-linux-gnu/debug/build/backtrace-sys-7199f444f21213f3/out rustc --crate-name backtrace_sys /<<PKGBUILDDIR>>/debian/cargo_registry/backtrace-sys-0.1.37/src/lib.rs --error-format=json --json=diagnostic-rendered-ansi,artifacts --crate-type lib --emit=dep-info,metadata,link -C embed-bitcode=no -C debuginfo=2 --cfg 'feature="backtrace-sys"' --cfg 'feature="default"' -C metadata=6f3a2cb420bc1f35 -C extra-filename=-6f3a2cb420bc1f35 --out-dir /<<PKGBUILDDIR>>/target/x86_64-unknown-linux-gnu/debug/deps --target x86_64-unknown-linux-gnu -L dependency=/<<PKGBUILDDIR>>/target/x86_64-unknown-linux-gnu/debug/deps -L dependency=/<<PKGBUILDDIR>>/target/debug/deps --extern libc=/<<PKGBUILDDIR>>/target/x86_64-unknown-linux-gnu/debug/deps/liblibc-d1bddf25fa7d6a8b.rmeta --cap-lints warn -C debuginfo=2 --cap-lints warn -C linker=x86_64-linux-gnu-gcc -C link-arg=-Wl,-z,relro --remap-path-prefix /<<PKGBUILDDIR>>=/usr/share/cargo/registry/publicsuffix-1.5.2 -L native= -l static=backtrace`
error: empty search path given via `-L`

error: could not compile `backtrace-sys` due to previous error

Caused by:
  process didn't exit successfully: `CARGO=/usr/bin/cargo CARGO_CRATE_NAME=backtrace_sys CARGO_MANIFEST_DIR=/<<PKGBUILDDIR>>/debian/cargo_registry/backtrace-sys-0.1.37 CARGO_PKG_AUTHORS='Alex Crichton <alex@alexcrichton.com>' CARGO_PKG_DESCRIPTION='Bindings to the libbacktrace gcc library
  ' CARGO_PKG_HOMEPAGE='https://github.com/alexcrichton/backtrace-rs' CARGO_PKG_LICENSE=MIT/Apache-2.0 CARGO_PKG_LICENSE_FILE='' CARGO_PKG_NAME=backtrace-sys CARGO_PKG_REPOSITORY='https://github.com/alexcrichton/backtrace-rs' CARGO_PKG_VERSION=0.1.37 CARGO_PKG_VERSION_MAJOR=0 CARGO_PKG_VERSION_MINOR=1 CARGO_PKG_VERSION_PATCH=37 CARGO_PKG_VERSION_PRE='' LD_LIBRARY_PATH='/<<PKGBUILDDIR>>/target/debug/deps:/usr/lib' OUT_DIR=/<<PKGBUILDDIR>>/target/x86_64-unknown-linux-gnu/debug/build/backtrace-sys-7199f444f21213f3/out rustc --crate-name backtrace_sys /<<PKGBUILDDIR>>/debian/cargo_registry/backtrace-sys-0.1.37/src/lib.rs --error-format=json --json=diagnostic-rendered-ansi,artifacts --crate-type lib --emit=dep-info,metadata,link -C embed-bitcode=no -C debuginfo=2 --cfg 'feature="backtrace-sys"' --cfg 'feature="default"' -C metadata=6f3a2cb420bc1f35 -C extra-filename=-6f3a2cb420bc1f35 --out-dir /<<PKGBUILDDIR>>/target/x86_64-unknown-linux-gnu/debug/deps --target x86_64-unknown-linux-gnu -L dependency=/<<PKGBUILDDIR>>/target/x86_64-unknown-linux-gnu/debug/deps -L dependency=/<<PKGBUILDDIR>>/target/debug/deps --extern libc=/<<PKGBUILDDIR>>/target/x86_64-unknown-linux-gnu/debug/deps/liblibc-d1bddf25fa7d6a8b.rmeta --cap-lints warn -C debuginfo=2 --cap-lints warn -C linker=x86_64-linux-gnu-gcc -C link-arg=-Wl,-z,relro --remap-path-prefix /<<PKGBUILDDIR>>=/usr/share/cargo/registry/publicsuffix-1.5.2 -L native= -l static=backtrace` (exit status: 1)
warning: build failed, waiting for other jobs to finish...
error: build failed
dh_auto_test: error: /usr/share/cargo/bin/cargo build returned exit code 101
make: *** [debian/rules:3: build] Error 25
dpkg-buildpackage: error: debian/rules build subprocess returned exit status 2
--------------------------------------------------------------------------------
Build finished at 2021-10-26T22:57:07Z

Finished
--------


+------------------------------------------------------------------------------+
| Cleanup                                                                      |
+------------------------------------------------------------------------------+

Purging /<<BUILDDIR>>
Not cleaning session: cloned chroot in use
E: Build failure (dpkg-buildpackage died)

+------------------------------------------------------------------------------+
| Summary                                                                      |
+------------------------------------------------------------------------------+

Build Architecture: amd64
Build Type: binary
Build-Space: 170816
Build-Time: 10
Distribution: unstable
Fail-Stage: build
Host Architecture: amd64
Install-Time: 21
Job: rust-publicsuffix_1.5.2-1
Machine Architecture: amd64
Package: rust-publicsuffix
Package-Time: 53
Source-Version: 1.5.2-1
Space: 170816
Status: attempted
Version: 1.5.2-1
--------------------------------------------------------------------------------
Finished at 2021-10-26T22:57:07Z
Build needed 00:00:53, 170816k disk space
E: Build failure (dpkg-buildpackage died)
DC-Status: Failed 53.905396261s
