DC-Build-Header: schroot 1.6.10-12 / 2021-10-26 21:02:13 +0000
DC-Task: type:rebuild-binarch-only source:schroot version:1.6.10-12 chroot:unstable esttime:745 logfile:/tmp/schroot_1.6.10-12_unstable_clang13.log modes:clang13:binarch-only
DC-Sbuild-call: su user42 -c 'sbuild -n --arch-any --apt-update -d unstable -v --no-run-lintian --chroot-setup-commands=/tmp/clang13 schroot_1.6.10-12'
sbuild (Debian sbuild) 0.78.1 (09 February 2019) on ip-172-31-10-55.eu-central-1.compute.internal

+==============================================================================+
| schroot 1.6.10-12 (amd64)                    Tue, 26 Oct 2021 21:02:13 +0000 |
+==============================================================================+

Package: schroot
Version: 1.6.10-12
Source Version: 1.6.10-12
Distribution: unstable
Machine Architecture: amd64
Host Architecture: amd64
Build Architecture: amd64
Build Type: binary

I: NOTICE: Log filtering will replace 'var/run/schroot/mount/sid-amd64-sbuild-eaa7bae7-09e9-4a4d-9f19-900cfe84bae7' with '<<CHROOT>>'

+------------------------------------------------------------------------------+
| Chroot Setup Commands                                                        |
+------------------------------------------------------------------------------+


/tmp/clang13
------------

+ echo 'Entering customization script...'
Entering customization script...
+ CLANG_VERSION=13
+ echo 'Install of clang-13'
Install of clang-13
+ apt-get update
Get:1 http://127.0.0.1:12990/debian sid InRelease [165 kB]
Get:2 http://127.0.0.1:12990/debian sid/main Sources.diff/Index [63.6 kB]
Get:3 http://127.0.0.1:12990/debian sid/main amd64 Packages.diff/Index [63.6 kB]
Get:4 http://127.0.0.1:12990/debian sid/main Sources T-2021-10-26-2004.40-F-2021-10-26-0202.15.pdiff [47.3 kB]
Get:4 http://127.0.0.1:12990/debian sid/main Sources T-2021-10-26-2004.40-F-2021-10-26-0202.15.pdiff [47.3 kB]
Get:5 http://127.0.0.1:12990/debian sid/main amd64 Packages T-2021-10-26-2004.40-F-2021-10-26-0202.15.pdiff [55.9 kB]
Get:5 http://127.0.0.1:12990/debian sid/main amd64 Packages T-2021-10-26-2004.40-F-2021-10-26-0202.15.pdiff [55.9 kB]
Get:6 http://127.0.0.1:12990/debian sid/main Translation-en [6586 kB]
Fetched 6981 kB in 2s (2815 kB/s)
Reading package lists...
+ apt-get install --yes --no-install-recommends --force-yes clang-13 libomp-13-dev libobjc-9-dev
Reading package lists...
Building dependency tree...
The following additional packages will be installed:
  lib32gcc-s1 lib32stdc++6 libasan5 libbsd0 libc6-i386 libclang-common-13-dev
  libclang-cpp13 libclang1-13 libedit2 libgc1 libgcc-9-dev libicu67 libllvm13
  libmd0 libobjc-11-dev libobjc4 libomp5-13 libxml2 libz3-4
Suggested packages:
  clang-13-doc libomp-13-doc
Recommended packages:
  llvm-13-dev python3
The following NEW packages will be installed:
  clang-13 lib32gcc-s1 lib32stdc++6 libasan5 libbsd0 libc6-i386
  libclang-common-13-dev libclang-cpp13 libclang1-13 libedit2 libgc1
  libgcc-9-dev libicu67 libllvm13 libmd0 libobjc-11-dev libobjc-9-dev libobjc4
  libomp-13-dev libomp5-13 libxml2 libz3-4
0 upgraded, 22 newly installed, 0 to remove and 0 not upgraded.
Need to get 68.5 MB of archives.
After this operation, 379 MB of additional disk space will be used.
Get:1 http://127.0.0.1:12990/debian sid/main amd64 libmd0 amd64 1.0.4-1 [29.6 kB]
Get:2 http://127.0.0.1:12990/debian sid/main amd64 libbsd0 amd64 0.11.3-1 [108 kB]
Get:3 http://127.0.0.1:12990/debian sid/main amd64 libedit2 amd64 3.1-20210910-1 [97.5 kB]
Get:4 http://127.0.0.1:12990/debian sid/main amd64 libicu67 amd64 67.1-7 [8622 kB]
Get:5 http://127.0.0.1:12990/debian sid/main amd64 libxml2 amd64 2.9.12+dfsg-5 [696 kB]
Get:6 http://127.0.0.1:12990/debian sid/main amd64 libz3-4 amd64 4.8.12-1+b1 [6997 kB]
Get:7 http://127.0.0.1:12990/debian sid/main amd64 libllvm13 amd64 1:13.0.0-8 [19.7 MB]
Get:8 http://127.0.0.1:12990/debian sid/main amd64 libclang-cpp13 amd64 1:13.0.0-8 [10.5 MB]
Get:9 http://127.0.0.1:12990/debian sid/main amd64 libgc1 amd64 1:8.0.4-3 [239 kB]
Get:10 http://127.0.0.1:12990/debian sid/main amd64 libobjc4 amd64 11.2.0-10 [43.2 kB]
Get:11 http://127.0.0.1:12990/debian sid/main amd64 libobjc-11-dev amd64 11.2.0-10 [170 kB]
Get:12 http://127.0.0.1:12990/debian sid/main amd64 libc6-i386 amd64 2.32-4 [2624 kB]
Get:13 http://127.0.0.1:12990/debian sid/main amd64 lib32gcc-s1 amd64 11.2.0-10 [49.9 kB]
Get:14 http://127.0.0.1:12990/debian sid/main amd64 lib32stdc++6 amd64 11.2.0-10 [601 kB]
Get:15 http://127.0.0.1:12990/debian sid/main amd64 libclang-common-13-dev amd64 1:13.0.0-8 [5730 kB]
Get:16 http://127.0.0.1:12990/debian sid/main amd64 libclang1-13 amd64 1:13.0.0-8 [6093 kB]
Get:17 http://127.0.0.1:12990/debian sid/main amd64 clang-13 amd64 1:13.0.0-8 [119 kB]
Get:18 http://127.0.0.1:12990/debian sid/main amd64 libasan5 amd64 9.4.0-3 [2734 kB]
Get:19 http://127.0.0.1:12990/debian sid/main amd64 libgcc-9-dev amd64 9.4.0-3 [2343 kB]
Get:20 http://127.0.0.1:12990/debian sid/main amd64 libobjc-9-dev amd64 9.4.0-3 [219 kB]
Get:21 http://127.0.0.1:12990/debian sid/main amd64 libomp5-13 amd64 1:13.0.0-8 [377 kB]
Get:22 http://127.0.0.1:12990/debian sid/main amd64 libomp-13-dev amd64 1:13.0.0-8 [482 kB]
debconf: delaying package configuration, since apt-utils is not installed
Fetched 68.5 MB in 0s (146 MB/s)
Selecting previously unselected package libmd0:amd64.
(Reading database ... (Reading database ... 5%(Reading database ... 10%(Reading database ... 15%(Reading database ... 20%(Reading database ... 25%(Reading database ... 30%(Reading database ... 35%(Reading database ... 40%(Reading database ... 45%(Reading database ... 50%(Reading database ... 55%(Reading database ... 60%(Reading database ... 65%(Reading database ... 70%(Reading database ... 75%(Reading database ... 80%(Reading database ... 85%(Reading database ... 90%(Reading database ... 95%(Reading database ... 100%(Reading database ... 12431 files and directories currently installed.)
Preparing to unpack .../00-libmd0_1.0.4-1_amd64.deb ...
Unpacking libmd0:amd64 (1.0.4-1) ...
Selecting previously unselected package libbsd0:amd64.
Preparing to unpack .../01-libbsd0_0.11.3-1_amd64.deb ...
Unpacking libbsd0:amd64 (0.11.3-1) ...
Selecting previously unselected package libedit2:amd64.
Preparing to unpack .../02-libedit2_3.1-20210910-1_amd64.deb ...
Unpacking libedit2:amd64 (3.1-20210910-1) ...
Selecting previously unselected package libicu67:amd64.
Preparing to unpack .../03-libicu67_67.1-7_amd64.deb ...
Unpacking libicu67:amd64 (67.1-7) ...
Selecting previously unselected package libxml2:amd64.
Preparing to unpack .../04-libxml2_2.9.12+dfsg-5_amd64.deb ...
Unpacking libxml2:amd64 (2.9.12+dfsg-5) ...
Selecting previously unselected package libz3-4:amd64.
Preparing to unpack .../05-libz3-4_4.8.12-1+b1_amd64.deb ...
Unpacking libz3-4:amd64 (4.8.12-1+b1) ...
Selecting previously unselected package libllvm13:amd64.
Preparing to unpack .../06-libllvm13_1%3a13.0.0-8_amd64.deb ...
Unpacking libllvm13:amd64 (1:13.0.0-8) ...
Selecting previously unselected package libclang-cpp13.
Preparing to unpack .../07-libclang-cpp13_1%3a13.0.0-8_amd64.deb ...
Unpacking libclang-cpp13 (1:13.0.0-8) ...
Selecting previously unselected package libgc1:amd64.
Preparing to unpack .../08-libgc1_1%3a8.0.4-3_amd64.deb ...
Unpacking libgc1:amd64 (1:8.0.4-3) ...
Selecting previously unselected package libobjc4:amd64.
Preparing to unpack .../09-libobjc4_11.2.0-10_amd64.deb ...
Unpacking libobjc4:amd64 (11.2.0-10) ...
Selecting previously unselected package libobjc-11-dev:amd64.
Preparing to unpack .../10-libobjc-11-dev_11.2.0-10_amd64.deb ...
Unpacking libobjc-11-dev:amd64 (11.2.0-10) ...
Selecting previously unselected package libc6-i386.
Preparing to unpack .../11-libc6-i386_2.32-4_amd64.deb ...
Unpacking libc6-i386 (2.32-4) ...
Selecting previously unselected package lib32gcc-s1.
Preparing to unpack .../12-lib32gcc-s1_11.2.0-10_amd64.deb ...
Unpacking lib32gcc-s1 (11.2.0-10) ...
Selecting previously unselected package lib32stdc++6.
Preparing to unpack .../13-lib32stdc++6_11.2.0-10_amd64.deb ...
Unpacking lib32stdc++6 (11.2.0-10) ...
Selecting previously unselected package libclang-common-13-dev.
Preparing to unpack .../14-libclang-common-13-dev_1%3a13.0.0-8_amd64.deb ...
Unpacking libclang-common-13-dev (1:13.0.0-8) ...
Selecting previously unselected package libclang1-13.
Preparing to unpack .../15-libclang1-13_1%3a13.0.0-8_amd64.deb ...
Unpacking libclang1-13 (1:13.0.0-8) ...
Selecting previously unselected package clang-13.
Preparing to unpack .../16-clang-13_1%3a13.0.0-8_amd64.deb ...
Unpacking clang-13 (1:13.0.0-8) ...
Selecting previously unselected package libasan5:amd64.
Preparing to unpack .../17-libasan5_9.4.0-3_amd64.deb ...
Unpacking libasan5:amd64 (9.4.0-3) ...
Selecting previously unselected package libgcc-9-dev:amd64.
Preparing to unpack .../18-libgcc-9-dev_9.4.0-3_amd64.deb ...
Unpacking libgcc-9-dev:amd64 (9.4.0-3) ...
Selecting previously unselected package libobjc-9-dev:amd64.
Preparing to unpack .../19-libobjc-9-dev_9.4.0-3_amd64.deb ...
Unpacking libobjc-9-dev:amd64 (9.4.0-3) ...
Selecting previously unselected package libomp5-13:amd64.
Preparing to unpack .../20-libomp5-13_1%3a13.0.0-8_amd64.deb ...
Unpacking libomp5-13:amd64 (1:13.0.0-8) ...
Selecting previously unselected package libomp-13-dev.
Preparing to unpack .../21-libomp-13-dev_1%3a13.0.0-8_amd64.deb ...
Unpacking libomp-13-dev (1:13.0.0-8) ...
Setting up libicu67:amd64 (67.1-7) ...
Setting up libasan5:amd64 (9.4.0-3) ...
Setting up libz3-4:amd64 (4.8.12-1+b1) ...
Setting up libgc1:amd64 (1:8.0.4-3) ...
Setting up libmd0:amd64 (1.0.4-1) ...
Setting up libc6-i386 (2.32-4) ...
Setting up libomp5-13:amd64 (1:13.0.0-8) ...
Setting up libbsd0:amd64 (0.11.3-1) ...
Setting up libxml2:amd64 (2.9.12+dfsg-5) ...
Setting up libedit2:amd64 (3.1-20210910-1) ...
Setting up libobjc4:amd64 (11.2.0-10) ...
Setting up libgcc-9-dev:amd64 (9.4.0-3) ...
Setting up lib32gcc-s1 (11.2.0-10) ...
Setting up lib32stdc++6 (11.2.0-10) ...
Setting up libllvm13:amd64 (1:13.0.0-8) ...
Setting up libobjc-9-dev:amd64 (9.4.0-3) ...
Setting up libclang-common-13-dev (1:13.0.0-8) ...
Setting up libomp-13-dev (1:13.0.0-8) ...
Setting up libobjc-11-dev:amd64 (11.2.0-10) ...
Setting up libclang1-13 (1:13.0.0-8) ...
Setting up libclang-cpp13 (1:13.0.0-8) ...
Setting up clang-13 (1:13.0.0-8) ...
Processing triggers for libc-bin (2.32-4) ...
W: --force-yes is deprecated, use one of the options starting with --allow instead.
+ echo 'Replace gcc, g++ & cpp by clang'
Replace gcc, g++ & cpp by clang
+ VERSIONS='4.6 4.7 4.8 4.9 5 6 7 8 9 10 11'
+ cd /usr/bin
+ for VERSION in $VERSIONS
+ rm -f g++-4.6 gcc-4.6 cpp-4.6 gcc
+ ln -s clang++-13 g++-4.6
+ ln -s clang-13 gcc-4.6
+ ln -s clang-13 cpp-4.6
+ ln -s clang-13 gcc
+ echo 'gcc-4.6 hold'
+ dpkg --set-selections
dpkg: warning: package not in status nor available database at line 1: gcc-4.6
dpkg: warning: found unknown packages; this might mean the available database
is outdated, and needs to be updated through a frontend method;
please see the FAQ <https://wiki.debian.org/Teams/Dpkg/FAQ>
+ echo 'g++-4.6 hold'
+ dpkg --set-selections
dpkg: warning: package not in status nor available database at line 1: g++-4.6
dpkg: warning: found unknown packages; this might mean the available database
is outdated, and needs to be updated through a frontend method;
please see the FAQ <https://wiki.debian.org/Teams/Dpkg/FAQ>
+ for VERSION in $VERSIONS
+ rm -f g++-4.7 gcc-4.7 cpp-4.7 gcc
+ ln -s clang++-13 g++-4.7
+ ln -s clang-13 gcc-4.7
+ ln -s clang-13 cpp-4.7
+ ln -s clang-13 gcc
+ echo 'gcc-4.7 hold'
+ dpkg --set-selections
dpkg: warning: package not in status nor available database at line 1: gcc-4.7
dpkg: warning: found unknown packages; this might mean the available database
is outdated, and needs to be updated through a frontend method;
please see the FAQ <https://wiki.debian.org/Teams/Dpkg/FAQ>
+ echo 'g++-4.7 hold'
+ dpkg --set-selections
dpkg: warning: package not in status nor available database at line 1: g++-4.7
dpkg: warning: found unknown packages; this might mean the available database
is outdated, and needs to be updated through a frontend method;
please see the FAQ <https://wiki.debian.org/Teams/Dpkg/FAQ>
+ for VERSION in $VERSIONS
+ rm -f g++-4.8 gcc-4.8 cpp-4.8 gcc
+ ln -s clang++-13 g++-4.8
+ ln -s clang-13 gcc-4.8
+ ln -s clang-13 cpp-4.8
+ ln -s clang-13 gcc
+ echo 'gcc-4.8 hold'
+ dpkg --set-selections
dpkg: warning: package not in status nor available database at line 1: gcc-4.8
dpkg: warning: found unknown packages; this might mean the available database
is outdated, and needs to be updated through a frontend method;
please see the FAQ <https://wiki.debian.org/Teams/Dpkg/FAQ>
+ echo 'g++-4.8 hold'
+ dpkg --set-selections
dpkg: warning: package not in status nor available database at line 1: g++-4.8
dpkg: warning: found unknown packages; this might mean the available database
is outdated, and needs to be updated through a frontend method;
please see the FAQ <https://wiki.debian.org/Teams/Dpkg/FAQ>
+ for VERSION in $VERSIONS
+ rm -f g++-4.9 gcc-4.9 cpp-4.9 gcc
+ ln -s clang++-13 g++-4.9
+ ln -s clang-13 gcc-4.9
+ ln -s clang-13 cpp-4.9
+ ln -s clang-13 gcc
+ echo 'gcc-4.9 hold'
+ dpkg --set-selections
dpkg: warning: package not in status nor available database at line 1: gcc-4.9
dpkg: warning: found unknown packages; this might mean the available database
is outdated, and needs to be updated through a frontend method;
please see the FAQ <https://wiki.debian.org/Teams/Dpkg/FAQ>
+ echo 'g++-4.9 hold'
+ dpkg --set-selections
dpkg: warning: package not in status nor available database at line 1: g++-4.9
dpkg: warning: found unknown packages; this might mean the available database
is outdated, and needs to be updated through a frontend method;
please see the FAQ <https://wiki.debian.org/Teams/Dpkg/FAQ>
+ for VERSION in $VERSIONS
+ rm -f g++-5 gcc-5 cpp-5 gcc
+ ln -s clang++-13 g++-5
+ ln -s clang-13 gcc-5
+ ln -s clang-13 cpp-5
+ ln -s clang-13 gcc
+ echo 'gcc-5 hold'
+ dpkg --set-selections
dpkg: warning: package not in status nor available database at line 1: gcc-5
dpkg: warning: found unknown packages; this might mean the available database
is outdated, and needs to be updated through a frontend method;
please see the FAQ <https://wiki.debian.org/Teams/Dpkg/FAQ>
+ echo 'g++-5 hold'
+ dpkg --set-selections
dpkg: warning: package not in status nor available database at line 1: g++-5
dpkg: warning: found unknown packages; this might mean the available database
is outdated, and needs to be updated through a frontend method;
please see the FAQ <https://wiki.debian.org/Teams/Dpkg/FAQ>
+ for VERSION in $VERSIONS
+ rm -f g++-6 gcc-6 cpp-6 gcc
+ ln -s clang++-13 g++-6
+ ln -s clang-13 gcc-6
+ ln -s clang-13 cpp-6
+ ln -s clang-13 gcc
+ echo 'gcc-6 hold'
+ dpkg --set-selections
dpkg: warning: package not in status nor available database at line 1: gcc-6
dpkg: warning: found unknown packages; this might mean the available database
is outdated, and needs to be updated through a frontend method;
please see the FAQ <https://wiki.debian.org/Teams/Dpkg/FAQ>
+ echo 'g++-6 hold'
+ dpkg --set-selections
dpkg: warning: package not in status nor available database at line 1: g++-6
dpkg: warning: found unknown packages; this might mean the available database
is outdated, and needs to be updated through a frontend method;
please see the FAQ <https://wiki.debian.org/Teams/Dpkg/FAQ>
+ for VERSION in $VERSIONS
+ rm -f g++-7 gcc-7 cpp-7 gcc
+ ln -s clang++-13 g++-7
+ ln -s clang-13 gcc-7
+ ln -s clang-13 cpp-7
+ ln -s clang-13 gcc
+ echo 'gcc-7 hold'
+ dpkg --set-selections
dpkg: warning: package not in status nor available database at line 1: gcc-7
dpkg: warning: found unknown packages; this might mean the available database
is outdated, and needs to be updated through a frontend method;
please see the FAQ <https://wiki.debian.org/Teams/Dpkg/FAQ>
+ echo 'g++-7 hold'
+ dpkg --set-selections
dpkg: warning: package not in status nor available database at line 1: g++-7
dpkg: warning: found unknown packages; this might mean the available database
is outdated, and needs to be updated through a frontend method;
please see the FAQ <https://wiki.debian.org/Teams/Dpkg/FAQ>
+ for VERSION in $VERSIONS
+ rm -f g++-8 gcc-8 cpp-8 gcc
+ ln -s clang++-13 g++-8
+ ln -s clang-13 gcc-8
+ ln -s clang-13 cpp-8
+ ln -s clang-13 gcc
+ echo 'gcc-8 hold'
+ dpkg --set-selections
dpkg: warning: package not in status nor available database at line 1: gcc-8
dpkg: warning: found unknown packages; this might mean the available database
is outdated, and needs to be updated through a frontend method;
please see the FAQ <https://wiki.debian.org/Teams/Dpkg/FAQ>
+ echo 'g++-8 hold'
+ dpkg --set-selections
dpkg: warning: package not in status nor available database at line 1: g++-8
dpkg: warning: found unknown packages; this might mean the available database
is outdated, and needs to be updated through a frontend method;
please see the FAQ <https://wiki.debian.org/Teams/Dpkg/FAQ>
+ for VERSION in $VERSIONS
+ rm -f g++-9 gcc-9 cpp-9 gcc
+ ln -s clang++-13 g++-9
+ ln -s clang-13 gcc-9
+ ln -s clang-13 cpp-9
+ ln -s clang-13 gcc
+ echo 'gcc-9 hold'
+ dpkg --set-selections
dpkg: warning: package not in status nor available database at line 1: gcc-9
dpkg: warning: found unknown packages; this might mean the available database
is outdated, and needs to be updated through a frontend method;
please see the FAQ <https://wiki.debian.org/Teams/Dpkg/FAQ>
+ echo 'g++-9 hold'
+ dpkg --set-selections
dpkg: warning: package not in status nor available database at line 1: g++-9
dpkg: warning: found unknown packages; this might mean the available database
is outdated, and needs to be updated through a frontend method;
please see the FAQ <https://wiki.debian.org/Teams/Dpkg/FAQ>
+ for VERSION in $VERSIONS
+ rm -f g++-10 gcc-10 cpp-10 gcc
+ ln -s clang++-13 g++-10
+ ln -s clang-13 gcc-10
+ ln -s clang-13 cpp-10
+ ln -s clang-13 gcc
+ echo 'gcc-10 hold'
+ dpkg --set-selections
dpkg: warning: package not in status nor available database at line 1: gcc-10
dpkg: warning: found unknown packages; this might mean the available database
is outdated, and needs to be updated through a frontend method;
please see the FAQ <https://wiki.debian.org/Teams/Dpkg/FAQ>
+ echo 'g++-10 hold'
+ dpkg --set-selections
dpkg: warning: package not in status nor available database at line 1: g++-10
dpkg: warning: found unknown packages; this might mean the available database
is outdated, and needs to be updated through a frontend method;
please see the FAQ <https://wiki.debian.org/Teams/Dpkg/FAQ>
+ for VERSION in $VERSIONS
+ rm -f g++-11 gcc-11 cpp-11 gcc
+ ln -s clang++-13 g++-11
+ ln -s clang-13 gcc-11
+ ln -s clang-13 cpp-11
+ ln -s clang-13 gcc
+ echo 'gcc-11 hold'
+ dpkg --set-selections
+ echo 'g++-11 hold'
+ dpkg --set-selections
+ cd -
/build/schroot-TPvLrO
+ echo 'Check if gcc, g++ & cpp are actually clang'
Check if gcc, g++ & cpp are actually clang
+ gcc --version
+ grep clang
+ cpp --version
+ grep clang
+ g++ --version
+ grep clang
+ cd /usr/bin/
+ rm -f clang++ clang
+ ln -s clang-13 clang++
+ ln -s clang-13 clang
+ clang++ --version
Debian clang version 13.0.0-8
Target: x86_64-pc-linux-gnu
Thread model: posix
InstalledDir: /usr/bin
+ clang --version
Debian clang version 13.0.0-8
Target: x86_64-pc-linux-gnu
Thread model: posix
InstalledDir: /usr/bin
+ cd -
/build/schroot-TPvLrO
+ apt install --yes --no-install-recommends --force-yes qt5-qmake

WARNING: apt does not have a stable CLI interface. Use with caution in scripts.

Reading package lists...
Building dependency tree...
Reading state information...
The following additional packages will be installed:
  qt5-qmake-bin qtchooser
The following NEW packages will be installed:
  qt5-qmake qt5-qmake-bin qtchooser
0 upgraded, 3 newly installed, 0 to remove and 0 not upgraded.
Need to get 1322 kB of archives.
After this operation, 4914 kB of additional disk space will be used.
Get:1 http://127.0.0.1:12990/debian sid/main amd64 qt5-qmake-bin amd64 5.15.2+dfsg-12 [1046 kB]
Get:2 http://127.0.0.1:12990/debian sid/main amd64 qtchooser amd64 66-2 [26.3 kB]
Get:3 http://127.0.0.1:12990/debian sid/main amd64 qt5-qmake amd64 5.15.2+dfsg-12 [249 kB]
debconf: delaying package configuration, since apt-utils is not installed
Fetched 1322 kB in 0s (58.5 MB/s)
Selecting previously unselected package qt5-qmake-bin.
(Reading database ... (Reading database ... 5%(Reading database ... 10%(Reading database ... 15%(Reading database ... 20%(Reading database ... 25%(Reading database ... 30%(Reading database ... 35%(Reading database ... 40%(Reading database ... 45%(Reading database ... 50%(Reading database ... 55%(Reading database ... 60%(Reading database ... 65%(Reading database ... 70%(Reading database ... 75%(Reading database ... 80%(Reading database ... 85%(Reading database ... 90%(Reading database ... 95%(Reading database ... 100%(Reading database ... 13528 files and directories currently installed.)
Preparing to unpack .../qt5-qmake-bin_5.15.2+dfsg-12_amd64.deb ...
Unpacking qt5-qmake-bin (5.15.2+dfsg-12) ...
Selecting previously unselected package qtchooser.
Preparing to unpack .../qtchooser_66-2_amd64.deb ...
Unpacking qtchooser (66-2) ...
Selecting previously unselected package qt5-qmake:amd64.
Preparing to unpack .../qt5-qmake_5.15.2+dfsg-12_amd64.deb ...
Unpacking qt5-qmake:amd64 (5.15.2+dfsg-12) ...
Setting up qt5-qmake-bin (5.15.2+dfsg-12) ...
Setting up qtchooser (66-2) ...
Setting up qt5-qmake:amd64 (5.15.2+dfsg-12) ...
W: --force-yes is deprecated, use one of the options starting with --allow instead.
+ cp /usr/lib/x86_64-linux-gnu/qt5/mkspecs/linux-clang/qmake.conf /usr/lib/x86_64-linux-gnu/qt5/mkspecs/linux-clang/qplatformdefs.h /usr/lib/x86_64-linux-gnu/qt5/mkspecs/linux-g++/
+ ls -al /usr/lib/x86_64-linux-gnu/qt5/mkspecs/linux-g++/
total 16
drwxr-xr-x  2 root root 4096 Oct 26 21:02 .
drwxr-xr-x 76 root root 4096 Oct 26 21:02 ..
-rw-r--r--  1 root root  276 Oct 26 21:02 qmake.conf
-rw-r--r--  1 root root 3218 Oct 26 21:02 qplatformdefs.h
+ cat /usr/lib/x86_64-linux-gnu/qt5/mkspecs/linux-g++/qmake.conf
#
# qmake configuration for linux-clang
#

MAKEFILE_GENERATOR = UNIX
CONFIG += incremental

QMAKE_INCREMENTAL_STYLE = sublib

include(../common/linux.conf)
include(../common/gcc-base-unix.conf)
include(../common/clang.conf)

QMAKE_LFLAGS += -ccc-gcc-name g++

load(qt_config)
+ export QMAKESPEC=/usr/lib/x86_64-linux-gnu/qt5/mkspecs/linux-clang/
+ QMAKESPEC=/usr/lib/x86_64-linux-gnu/qt5/mkspecs/linux-clang/
+ sed -i -e 's|compare_problem(2,|compare_problem(0,|g' /usr/bin/dpkg-gensymbols
+ sed -i -e 's|compare_problem(1,|compare_problem(0,|g' /usr/bin/dpkg-gensymbols
+ grep 'compare_problem(' /usr/bin/dpkg-gensymbols
        compare_problem(4, g_('new libraries appeared in the symbols file: %s'), "@libs");
        compare_problem(3, g_('some libraries disappeared in the symbols file: %s'), "@libs");
        compare_problem(0, g_('some new symbols appeared in the symbols file: %s'),
        compare_problem(0, g_('some symbols or patterns disappeared in the symbols file: %s'),

I: Finished running '/tmp/clang13'.

Finished processing commands.
--------------------------------------------------------------------------------
I: NOTICE: Log filtering will replace 'build/schroot-TPvLrO/resolver-42OOhf' with '<<RESOLVERDIR>>'

+------------------------------------------------------------------------------+
| Update chroot                                                                |
+------------------------------------------------------------------------------+

Hit:1 http://127.0.0.1:12990/debian sid InRelease
Reading package lists...
Reading package lists...
Building dependency tree...
Reading state information...
Calculating upgrade...
0 upgraded, 0 newly installed, 0 to remove and 0 not upgraded.

+------------------------------------------------------------------------------+
| Fetch source files                                                           |
+------------------------------------------------------------------------------+


Check APT
---------

Checking available source versions...

Download source files with APT
------------------------------

Reading package lists...
NOTICE: 'schroot' packaging is maintained in the 'Git' version control system at:
https://salsa.debian.org/debian/schroot.git
Please use:
git clone https://salsa.debian.org/debian/schroot.git
to retrieve the latest (possibly unreleased) updates to the package.
Need to get 883 kB of source archives.
Get:1 http://127.0.0.1:12990/debian sid/main schroot 1.6.10-12 (dsc) [1851 B]
Get:2 http://127.0.0.1:12990/debian sid/main schroot 1.6.10-12 (tar) [797 kB]
Get:3 http://127.0.0.1:12990/debian sid/main schroot 1.6.10-12 (diff) [83.6 kB]
Fetched 883 kB in 0s (9301 kB/s)
Download complete and in download only mode
I: NOTICE: Log filtering will replace 'build/schroot-TPvLrO/schroot-1.6.10' with '<<PKGBUILDDIR>>'
I: NOTICE: Log filtering will replace 'build/schroot-TPvLrO' with '<<BUILDDIR>>'

+------------------------------------------------------------------------------+
| Install package build dependencies                                           |
+------------------------------------------------------------------------------+


Setup apt archive
-----------------

Merged Build-Depends: cmake (>= 2.8.12), debhelper (>= 9.20160709), pkg-config, libpam0g-dev, uuid-dev, libboost-dev, libboost-iostreams-dev, libboost-program-options-dev, libboost-regex-dev, libboost-filesystem-dev, gettext, libcppunit-dev, groff-base, po4a (>= 0.40), build-essential, fakeroot, doxygen, graphviz
Filtered Build-Depends: cmake (>= 2.8.12), debhelper (>= 9.20160709), pkg-config, libpam0g-dev, uuid-dev, libboost-dev, libboost-iostreams-dev, libboost-program-options-dev, libboost-regex-dev, libboost-filesystem-dev, gettext, libcppunit-dev, groff-base, po4a (>= 0.40), build-essential, fakeroot, doxygen, graphviz
dpkg-deb: building package 'sbuild-build-depends-main-dummy' in '/<<RESOLVERDIR>>/apt_archive/sbuild-build-depends-main-dummy.deb'.
Ign:1 copy:/<<RESOLVERDIR>>/apt_archive ./ InRelease
Get:2 copy:/<<RESOLVERDIR>>/apt_archive ./ Release [957 B]
Ign:3 copy:/<<RESOLVERDIR>>/apt_archive ./ Release.gpg
Get:4 copy:/<<RESOLVERDIR>>/apt_archive ./ Sources [512 B]
Get:5 copy:/<<RESOLVERDIR>>/apt_archive ./ Packages [570 B]
Fetched 2039 B in 0s (0 B/s)
Reading package lists...
Reading package lists...

Install main build dependencies (apt-based resolver)
----------------------------------------------------

Installing build dependencies
Reading package lists...
Building dependency tree...
Reading state information...
The following additional packages will be installed:
  autoconf automake autopoint autotools-dev bsdextrautils cmake cmake-data
  debhelper dh-autoreconf dh-elpa-helper dh-strip-nondeterminism doxygen dwz
  emacsen-common file fontconfig fontconfig-config fonts-dejavu-core gettext
  gettext-base graphviz groff-base icu-devtools intltool-debian libann0
  libarchive-zip-perl libarchive13 libboost-dev libboost-filesystem-dev
  libboost-filesystem1.74-dev libboost-filesystem1.74.0 libboost-iostreams-dev
  libboost-iostreams1.74-dev libboost-iostreams1.74.0
  libboost-program-options-dev libboost-program-options1.74-dev
  libboost-program-options1.74.0 libboost-regex-dev libboost-regex1.74-dev
  libboost-regex1.74.0 libboost-system1.74-dev libboost-system1.74.0
  libboost1.74-dev libbrotli1 libcairo2 libcdt5 libcgraph6 libclang-cpp11
  libclang1-11 libcppunit-1.15-0 libcppunit-dev libcurl4 libdatrie1
  libdebhelper-perl libdeflate0 libelf1 libexpat1
  libfile-stripnondeterminism-perl libfontconfig1 libfreetype6 libfribidi0
  libgcc-10-dev libgd3 libglib2.0-0 libgraphite2-3 libgts-0.7-5 libgvc6
  libgvpr2 libharfbuzz0b libice6 libicu-dev libjbig0 libjpeg62-turbo
  libjsoncpp24 liblab-gamut1 libldap-2.4-2 libllvm11 libltdl7 libmagic-mgc
  libmagic1 libncurses6 libncursesw6 libnghttp2-14 libosp5 libpam0g-dev
  libpango-1.0-0 libpangocairo-1.0-0 libpangoft2-1.0-0 libpathplan4
  libpipeline1 libpixman-1-0 libpng16-16 libpod-parser-perl libprocps8 libpsl5
  librhash0 librtmp1 libsasl2-2 libsasl2-modules-db libsgmls-perl libsigsegv2
  libsm6 libssh2-1 libstdc++-10-dev libsub-override-perl libthai-data libthai0
  libtiff5 libtool libuchardet0 libuv1 libwebp6 libx11-6 libx11-data
  libxapian30 libxau6 libxaw7 libxcb-render0 libxcb-shm0 libxcb1 libxdmcp6
  libxext6 libxmu6 libxpm4 libxrender1 libxt6 libyaml-tiny-perl m4 man-db
  opensp pkg-config po-debconf po4a procps sensible-utils sgml-base ucf
  uuid-dev x11-common
Suggested packages:
  autoconf-archive gnu-standards autoconf-doc cmake-doc ninja-build dh-make
  doxygen-latex doxygen-doc doxygen-gui gettext-doc libasprintf-dev
  libgettextpo-dev gsfonts graphviz-doc groff lrzip libboost-doc
  libboost1.74-doc libboost-atomic1.74-dev libboost-chrono1.74-dev
  libboost-container1.74-dev libboost-context1.74-dev
  libboost-contract1.74-dev libboost-coroutine1.74-dev
  libboost-date-time1.74-dev libboost-exception1.74-dev libboost-fiber1.74-dev
  libboost-graph1.74-dev libboost-graph-parallel1.74-dev
  libboost-locale1.74-dev libboost-log1.74-dev libboost-math1.74-dev
  libboost-mpi1.74-dev libboost-mpi-python1.74-dev libboost-numpy1.74-dev
  libboost-python1.74-dev libboost-random1.74-dev
  libboost-serialization1.74-dev libboost-stacktrace1.74-dev
  libboost-test1.74-dev libboost-thread1.74-dev libboost-timer1.74-dev
  libboost-type-erasure1.74-dev libboost-wave1.74-dev libboost1.74-tools-dev
  libmpfrc++-dev libntl-dev libboost-nowide1.74-dev libcppunit-doc libgd-tools
  icu-doc sgmlspl sgmls-doc libstdc++-10-doc libtool-doc gfortran
  | fortran95-compiler gcj-jdk xapian-tools m4-doc apparmor less www-browser
  doc-base sgml-data libmail-box-perl sgml-base-doc
Recommended packages:
  curl | wget | lynx fonts-liberation ca-certificates libarchive-cpio-perl
  libglib2.0-data shared-mime-info xdg-user-dirs libgts-bin libldap-common
  libgpm2 publicsuffix libsasl2-modules libltdl-dev libmail-sendmail-perl
  liblocale-gettext-perl libterm-readkey-perl libtext-wrapi18n-perl
  libunicode-linebreak-perl psmisc
The following NEW packages will be installed:
  autoconf automake autopoint autotools-dev bsdextrautils cmake cmake-data
  debhelper dh-autoreconf dh-elpa-helper dh-strip-nondeterminism doxygen dwz
  emacsen-common file fontconfig fontconfig-config fonts-dejavu-core gettext
  gettext-base graphviz groff-base icu-devtools intltool-debian libann0
  libarchive-zip-perl libarchive13 libboost-dev libboost-filesystem-dev
  libboost-filesystem1.74-dev libboost-filesystem1.74.0 libboost-iostreams-dev
  libboost-iostreams1.74-dev libboost-iostreams1.74.0
  libboost-program-options-dev libboost-program-options1.74-dev
  libboost-program-options1.74.0 libboost-regex-dev libboost-regex1.74-dev
  libboost-regex1.74.0 libboost-system1.74-dev libboost-system1.74.0
  libboost1.74-dev libbrotli1 libcairo2 libcdt5 libcgraph6 libclang-cpp11
  libclang1-11 libcppunit-1.15-0 libcppunit-dev libcurl4 libdatrie1
  libdebhelper-perl libdeflate0 libelf1 libexpat1
  libfile-stripnondeterminism-perl libfontconfig1 libfreetype6 libfribidi0
  libgcc-10-dev libgd3 libglib2.0-0 libgraphite2-3 libgts-0.7-5 libgvc6
  libgvpr2 libharfbuzz0b libice6 libicu-dev libjbig0 libjpeg62-turbo
  libjsoncpp24 liblab-gamut1 libldap-2.4-2 libllvm11 libltdl7 libmagic-mgc
  libmagic1 libncurses6 libncursesw6 libnghttp2-14 libosp5 libpam0g-dev
  libpango-1.0-0 libpangocairo-1.0-0 libpangoft2-1.0-0 libpathplan4
  libpipeline1 libpixman-1-0 libpng16-16 libpod-parser-perl libprocps8 libpsl5
  librhash0 librtmp1 libsasl2-2 libsasl2-modules-db libsgmls-perl libsigsegv2
  libsm6 libssh2-1 libstdc++-10-dev libsub-override-perl libthai-data libthai0
  libtiff5 libtool libuchardet0 libuv1 libwebp6 libx11-6 libx11-data
  libxapian30 libxau6 libxaw7 libxcb-render0 libxcb-shm0 libxcb1 libxdmcp6
  libxext6 libxmu6 libxpm4 libxrender1 libxt6 libyaml-tiny-perl m4 man-db
  opensp pkg-config po-debconf po4a procps sbuild-build-depends-main-dummy
  sensible-utils sgml-base ucf uuid-dev x11-common
0 upgraded, 140 newly installed, 0 to remove and 0 not upgraded.
Need to get 105 MB of archives.
After this operation, 546 MB of additional disk space will be used.
Get:1 copy:/<<RESOLVERDIR>>/apt_archive ./ sbuild-build-depends-main-dummy 0.invalid.0 [1000 B]
Get:2 http://127.0.0.1:12990/debian sid/main amd64 bsdextrautils amd64 2.37.2-4 [143 kB]
Get:3 http://127.0.0.1:12990/debian sid/main amd64 libuchardet0 amd64 0.0.7-1 [67.8 kB]
Get:4 http://127.0.0.1:12990/debian sid/main amd64 groff-base amd64 1.22.4-7 [935 kB]
Get:5 http://127.0.0.1:12990/debian sid/main amd64 libpipeline1 amd64 1.5.3-1 [34.3 kB]
Get:6 http://127.0.0.1:12990/debian sid/main amd64 man-db amd64 2.9.4-2 [1354 kB]
Get:7 http://127.0.0.1:12990/debian sid/main amd64 sgml-base all 1.30 [15.1 kB]
Get:8 http://127.0.0.1:12990/debian sid/main amd64 libncurses6 amd64 6.2+20210905-1 [102 kB]
Get:9 http://127.0.0.1:12990/debian sid/main amd64 libncursesw6 amd64 6.2+20210905-1 [133 kB]
Get:10 http://127.0.0.1:12990/debian sid/main amd64 libprocps8 amd64 2:3.3.17-5 [63.9 kB]
Get:11 http://127.0.0.1:12990/debian sid/main amd64 procps amd64 2:3.3.17-5 [502 kB]
Get:12 http://127.0.0.1:12990/debian sid/main amd64 sensible-utils all 0.0.17 [21.5 kB]
Get:13 http://127.0.0.1:12990/debian sid/main amd64 libmagic-mgc amd64 1:5.39-3 [273 kB]
Get:14 http://127.0.0.1:12990/debian sid/main amd64 libmagic1 amd64 1:5.39-3 [126 kB]
Get:15 http://127.0.0.1:12990/debian sid/main amd64 file amd64 1:5.39-3 [69.1 kB]
Get:16 http://127.0.0.1:12990/debian sid/main amd64 gettext-base amd64 0.21-4 [175 kB]
Get:17 http://127.0.0.1:12990/debian sid/main amd64 ucf all 3.0043 [74.0 kB]
Get:18 http://127.0.0.1:12990/debian sid/main amd64 libsigsegv2 amd64 2.13-1 [34.8 kB]
Get:19 http://127.0.0.1:12990/debian sid/main amd64 m4 amd64 1.4.18-5 [204 kB]
Get:20 http://127.0.0.1:12990/debian sid/main amd64 autoconf all 2.71-2 [343 kB]
Get:21 http://127.0.0.1:12990/debian sid/main amd64 autotools-dev all 20180224.1+nmu1 [77.1 kB]
Get:22 http://127.0.0.1:12990/debian sid/main amd64 automake all 1:1.16.5-1 [823 kB]
Get:23 http://127.0.0.1:12990/debian sid/main amd64 autopoint all 0.21-4 [510 kB]
Get:24 http://127.0.0.1:12990/debian sid/main amd64 libarchive13 amd64 3.4.3-2+b1 [343 kB]
Get:25 http://127.0.0.1:12990/debian sid/main amd64 libbrotli1 amd64 1.0.9-2+b2 [279 kB]
Get:26 http://127.0.0.1:12990/debian sid/main amd64 libsasl2-modules-db amd64 2.1.27+dfsg-2.1 [69.1 kB]
Get:27 http://127.0.0.1:12990/debian sid/main amd64 libsasl2-2 amd64 2.1.27+dfsg-2.1 [106 kB]
Get:28 http://127.0.0.1:12990/debian sid/main amd64 libldap-2.4-2 amd64 2.4.59+dfsg-1 [232 kB]
Get:29 http://127.0.0.1:12990/debian sid/main amd64 libnghttp2-14 amd64 1.43.0-1 [77.1 kB]
Get:30 http://127.0.0.1:12990/debian sid/main amd64 libpsl5 amd64 0.21.0-1.2 [57.3 kB]
Get:31 http://127.0.0.1:12990/debian sid/main amd64 librtmp1 amd64 2.4+20151223.gitfa8646d.1-2+b2 [60.8 kB]
Get:32 http://127.0.0.1:12990/debian sid/main amd64 libssh2-1 amd64 1.10.0-2 [178 kB]
Get:33 http://127.0.0.1:12990/debian sid/main amd64 libcurl4 amd64 7.74.0-1.3+b1 [341 kB]
Get:34 http://127.0.0.1:12990/debian sid/main amd64 libexpat1 amd64 2.4.1-3 [104 kB]
Get:35 http://127.0.0.1:12990/debian sid/main amd64 libjsoncpp24 amd64 1.9.4-5 [78.8 kB]
Get:36 http://127.0.0.1:12990/debian sid/main amd64 librhash0 amd64 1.4.2-1 [129 kB]
Get:37 http://127.0.0.1:12990/debian sid/main amd64 libuv1 amd64 1.42.0-1 [135 kB]
Get:38 http://127.0.0.1:12990/debian sid/main amd64 dh-elpa-helper all 2.0.9 [11.2 kB]
Get:39 http://127.0.0.1:12990/debian sid/main amd64 emacsen-common all 3.0.4 [19.3 kB]
Get:40 http://127.0.0.1:12990/debian sid/main amd64 cmake-data all 3.21.3-5 [1878 kB]
Get:41 http://127.0.0.1:12990/debian sid/main amd64 cmake amd64 3.21.3-5 [7907 kB]
Get:42 http://127.0.0.1:12990/debian sid/main amd64 libdebhelper-perl all 13.5.2 [192 kB]
Get:43 http://127.0.0.1:12990/debian sid/main amd64 libtool all 2.4.6-15 [513 kB]
Get:44 http://127.0.0.1:12990/debian sid/main amd64 dh-autoreconf all 20 [17.1 kB]
Get:45 http://127.0.0.1:12990/debian sid/main amd64 libarchive-zip-perl all 1.68-1 [104 kB]
Get:46 http://127.0.0.1:12990/debian sid/main amd64 libsub-override-perl all 0.09-2 [10.2 kB]
Get:47 http://127.0.0.1:12990/debian sid/main amd64 libfile-stripnondeterminism-perl all 1.12.0-2 [26.3 kB]
Get:48 http://127.0.0.1:12990/debian sid/main amd64 dh-strip-nondeterminism all 1.12.0-2 [15.5 kB]
Get:49 http://127.0.0.1:12990/debian sid/main amd64 libelf1 amd64 0.185-2 [172 kB]
Get:50 http://127.0.0.1:12990/debian sid/main amd64 dwz amd64 0.14-1 [98.3 kB]
Get:51 http://127.0.0.1:12990/debian sid/main amd64 gettext amd64 0.21-4 [1311 kB]
Get:52 http://127.0.0.1:12990/debian sid/main amd64 intltool-debian all 0.35.0+20060710.5 [26.8 kB]
Get:53 http://127.0.0.1:12990/debian sid/main amd64 po-debconf all 1.0.21+nmu1 [248 kB]
Get:54 http://127.0.0.1:12990/debian sid/main amd64 debhelper all 13.5.2 [1056 kB]
Get:55 http://127.0.0.1:12990/debian sid/main amd64 libllvm11 amd64 1:11.1.0-4 [17.9 MB]
Get:56 http://127.0.0.1:12990/debian sid/main amd64 libclang-cpp11 amd64 1:11.1.0-4 [9662 kB]
Get:57 http://127.0.0.1:12990/debian sid/main amd64 libclang1-11 amd64 1:11.1.0-4 [5522 kB]
Get:58 http://127.0.0.1:12990/debian sid/main amd64 libxapian30 amd64 1.4.18-3 [1089 kB]
Get:59 http://127.0.0.1:12990/debian sid/main amd64 doxygen amd64 1.9.1-2 [4234 kB]
Get:60 http://127.0.0.1:12990/debian sid/main amd64 libpng16-16 amd64 1.6.37-3 [294 kB]
Get:61 http://127.0.0.1:12990/debian sid/main amd64 libfreetype6 amd64 2.11.0+dfsg-1 [453 kB]
Get:62 http://127.0.0.1:12990/debian sid/main amd64 fonts-dejavu-core all 2.37-2 [1069 kB]
Get:63 http://127.0.0.1:12990/debian sid/main amd64 fontconfig-config all 2.13.1-4.2 [281 kB]
Get:64 http://127.0.0.1:12990/debian sid/main amd64 libfontconfig1 amd64 2.13.1-4.2 [347 kB]
Get:65 http://127.0.0.1:12990/debian sid/main amd64 fontconfig amd64 2.13.1-4.2 [417 kB]
Get:66 http://127.0.0.1:12990/debian sid/main amd64 libann0 amd64 1.1.2+doc-7 [25.3 kB]
Get:67 http://127.0.0.1:12990/debian sid/main amd64 libcdt5 amd64 2.42.2-5 [62.2 kB]
Get:68 http://127.0.0.1:12990/debian sid/main amd64 libcgraph6 amd64 2.42.2-5 [85.5 kB]
Get:69 http://127.0.0.1:12990/debian sid/main amd64 libjpeg62-turbo amd64 1:2.0.6-4 [151 kB]
Get:70 http://127.0.0.1:12990/debian sid/main amd64 libdeflate0 amd64 1.8-1 [53.1 kB]
Get:71 http://127.0.0.1:12990/debian sid/main amd64 libjbig0 amd64 2.1-3.1+b2 [31.0 kB]
Get:72 http://127.0.0.1:12990/debian sid/main amd64 libwebp6 amd64 0.6.1-2.1 [258 kB]
Get:73 http://127.0.0.1:12990/debian sid/main amd64 libtiff5 amd64 4.3.0-2 [294 kB]
Get:74 http://127.0.0.1:12990/debian sid/main amd64 libxau6 amd64 1:1.0.9-1 [19.7 kB]
Get:75 http://127.0.0.1:12990/debian sid/main amd64 libxdmcp6 amd64 1:1.1.2-3 [26.3 kB]
Get:76 http://127.0.0.1:12990/debian sid/main amd64 libxcb1 amd64 1.14-3 [140 kB]
Get:77 http://127.0.0.1:12990/debian sid/main amd64 libx11-data all 2:1.7.2-2 [311 kB]
Get:78 http://127.0.0.1:12990/debian sid/main amd64 libx11-6 amd64 2:1.7.2-2+b1 [772 kB]
Get:79 http://127.0.0.1:12990/debian sid/main amd64 libxpm4 amd64 1:3.5.12-1 [49.1 kB]
Get:80 http://127.0.0.1:12990/debian sid/main amd64 libgd3 amd64 2.3.0-2 [137 kB]
Get:81 http://127.0.0.1:12990/debian sid/main amd64 libglib2.0-0 amd64 2.70.0-3 [1401 kB]
Get:82 http://127.0.0.1:12990/debian sid/main amd64 libgts-0.7-5 amd64 0.7.6+darcs121130-4+b1 [158 kB]
Get:83 http://127.0.0.1:12990/debian sid/main amd64 libpixman-1-0 amd64 0.40.0-1 [543 kB]
Get:84 http://127.0.0.1:12990/debian sid/main amd64 libxcb-render0 amd64 1.14-3 [111 kB]
Get:85 http://127.0.0.1:12990/debian sid/main amd64 libxcb-shm0 amd64 1.14-3 [101 kB]
Get:86 http://127.0.0.1:12990/debian sid/main amd64 libxext6 amd64 2:1.3.4-1 [53.1 kB]
Get:87 http://127.0.0.1:12990/debian sid/main amd64 libxrender1 amd64 1:0.9.10-1 [33.0 kB]
Get:88 http://127.0.0.1:12990/debian sid/main amd64 libcairo2 amd64 1.16.0-5 [694 kB]
Get:89 http://127.0.0.1:12990/debian sid/main amd64 libltdl7 amd64 2.4.6-15 [391 kB]
Get:90 http://127.0.0.1:12990/debian sid/main amd64 libfribidi0 amd64 1.0.8-2 [64.8 kB]
Get:91 http://127.0.0.1:12990/debian sid/main amd64 libgraphite2-3 amd64 1.3.14-1 [81.2 kB]
Get:92 http://127.0.0.1:12990/debian sid/main amd64 libharfbuzz0b amd64 2.7.4-1 [1471 kB]
Get:93 http://127.0.0.1:12990/debian sid/main amd64 libthai-data all 0.1.28-4.1 [171 kB]
Get:94 http://127.0.0.1:12990/debian sid/main amd64 libdatrie1 amd64 0.2.13-2 [43.0 kB]
Get:95 http://127.0.0.1:12990/debian sid/main amd64 libthai0 amd64 0.1.28-4.1 [54.5 kB]
Get:96 http://127.0.0.1:12990/debian sid/main amd64 libpango-1.0-0 amd64 1.48.10+ds1-1 [204 kB]
Get:97 http://127.0.0.1:12990/debian sid/main amd64 libpangoft2-1.0-0 amd64 1.48.10+ds1-1 [73.3 kB]
Get:98 http://127.0.0.1:12990/debian sid/main amd64 libpangocairo-1.0-0 amd64 1.48.10+ds1-1 [60.7 kB]
Get:99 http://127.0.0.1:12990/debian sid/main amd64 libpathplan4 amd64 2.42.2-5 [64.3 kB]
Get:100 http://127.0.0.1:12990/debian sid/main amd64 libgvc6 amd64 2.42.2-5 [695 kB]
Get:101 http://127.0.0.1:12990/debian sid/main amd64 libgvpr2 amd64 2.42.2-5 [212 kB]
Get:102 http://127.0.0.1:12990/debian sid/main amd64 liblab-gamut1 amd64 2.42.2-5 [221 kB]
Get:103 http://127.0.0.1:12990/debian sid/main amd64 x11-common all 1:7.7+23 [252 kB]
Get:104 http://127.0.0.1:12990/debian sid/main amd64 libice6 amd64 2:1.0.10-1 [58.5 kB]
Get:105 http://127.0.0.1:12990/debian sid/main amd64 libsm6 amd64 2:1.2.3-1 [35.1 kB]
Get:106 http://127.0.0.1:12990/debian sid/main amd64 libxt6 amd64 1:1.2.0-1 [189 kB]
Get:107 http://127.0.0.1:12990/debian sid/main amd64 libxmu6 amd64 2:1.1.2-2+b3 [60.8 kB]
Get:108 http://127.0.0.1:12990/debian sid/main amd64 libxaw7 amd64 2:1.0.13-1.1 [202 kB]
Get:109 http://127.0.0.1:12990/debian sid/main amd64 graphviz amd64 2.42.2-5 [632 kB]
Get:110 http://127.0.0.1:12990/debian sid/main amd64 icu-devtools amd64 67.1-7 [201 kB]
Get:111 http://127.0.0.1:12990/debian sid/main amd64 libgcc-10-dev amd64 10.3.0-11 [2323 kB]
Get:112 http://127.0.0.1:12990/debian sid/main amd64 libstdc++-10-dev amd64 10.3.0-11 [1750 kB]
Get:113 http://127.0.0.1:12990/debian sid/main amd64 libboost1.74-dev amd64 1.74.0-11 [9533 kB]
Get:114 http://127.0.0.1:12990/debian sid/main amd64 libboost-dev amd64 1.74.0.3 [4548 B]
Get:115 http://127.0.0.1:12990/debian sid/main amd64 libboost-filesystem1.74.0 amd64 1.74.0-11 [283 kB]
Get:116 http://127.0.0.1:12990/debian sid/main amd64 libboost-system1.74.0 amd64 1.74.0-11 [242 kB]
Get:117 http://127.0.0.1:12990/debian sid/main amd64 libboost-system1.74-dev amd64 1.74.0-11 [243 kB]
Get:118 http://127.0.0.1:12990/debian sid/main amd64 libboost-filesystem1.74-dev amd64 1.74.0-11 [303 kB]
Get:119 http://127.0.0.1:12990/debian sid/main amd64 libboost-filesystem-dev amd64 1.74.0.3 [4368 B]
Get:120 http://127.0.0.1:12990/debian sid/main amd64 libboost-regex1.74.0 amd64 1.74.0-11 [516 kB]
Get:121 http://127.0.0.1:12990/debian sid/main amd64 libicu-dev amd64 67.1-7 [9597 kB]
Get:122 http://127.0.0.1:12990/debian sid/main amd64 libboost-regex1.74-dev amd64 1.74.0-11 [585 kB]
Get:123 http://127.0.0.1:12990/debian sid/main amd64 libboost-iostreams1.74.0 amd64 1.74.0-11 [264 kB]
Get:124 http://127.0.0.1:12990/debian sid/main amd64 libboost-iostreams1.74-dev amd64 1.74.0-11 [272 kB]
Get:125 http://127.0.0.1:12990/debian sid/main amd64 libboost-iostreams-dev amd64 1.74.0.3 [4316 B]
Get:126 http://127.0.0.1:12990/debian sid/main amd64 libboost-program-options1.74.0 amd64 1.74.0-11 [356 kB]
Get:127 http://127.0.0.1:12990/debian sid/main amd64 libboost-program-options1.74-dev amd64 1.74.0-11 [385 kB]
Get:128 http://127.0.0.1:12990/debian sid/main amd64 libboost-program-options-dev amd64 1.74.0.3 [4340 B]
Get:129 http://127.0.0.1:12990/debian sid/main amd64 libboost-regex-dev amd64 1.74.0.3 [4600 B]
Get:130 http://127.0.0.1:12990/debian sid/main amd64 libcppunit-1.15-0 amd64 1.15.1-4 [151 kB]
Get:131 http://127.0.0.1:12990/debian sid/main amd64 libcppunit-dev amd64 1.15.1-4 [209 kB]
Get:132 http://127.0.0.1:12990/debian sid/main amd64 libosp5 amd64 1.5.2-13+b2 [934 kB]
Get:133 http://127.0.0.1:12990/debian sid/main amd64 libpam0g-dev amd64 1.4.0-10 [190 kB]
Get:134 http://127.0.0.1:12990/debian sid/main amd64 libpod-parser-perl all 1.63-2 [96.1 kB]
Get:135 http://127.0.0.1:12990/debian sid/main amd64 libsgmls-perl all 1.03ii-36 [26.5 kB]
Get:136 http://127.0.0.1:12990/debian sid/main amd64 libyaml-tiny-perl all 1.73-1 [32.3 kB]
Get:137 http://127.0.0.1:12990/debian sid/main amd64 opensp amd64 1.5.2-13+b2 [421 kB]
Get:138 http://127.0.0.1:12990/debian sid/main amd64 pkg-config amd64 0.29.2-1 [65.1 kB]
Get:139 http://127.0.0.1:12990/debian sid/main amd64 po4a all 0.62-1 [1796 kB]
Get:140 http://127.0.0.1:12990/debian sid/main amd64 uuid-dev amd64 2.37.2-4 [95.8 kB]
debconf: delaying package configuration, since apt-utils is not installed
Fetched 105 MB in 1s (144 MB/s)
Selecting previously unselected package bsdextrautils.
(Reading database ... 14273 files and directories currently installed.)
Preparing to unpack .../000-bsdextrautils_2.37.2-4_amd64.deb ...
Unpacking bsdextrautils (2.37.2-4) ...
Selecting previously unselected package libuchardet0:amd64.
Preparing to unpack .../001-libuchardet0_0.0.7-1_amd64.deb ...
Unpacking libuchardet0:amd64 (0.0.7-1) ...
Selecting previously unselected package groff-base.
Preparing to unpack .../002-groff-base_1.22.4-7_amd64.deb ...
Unpacking groff-base (1.22.4-7) ...
Selecting previously unselected package libpipeline1:amd64.
Preparing to unpack .../003-libpipeline1_1.5.3-1_amd64.deb ...
Unpacking libpipeline1:amd64 (1.5.3-1) ...
Selecting previously unselected package man-db.
Preparing to unpack .../004-man-db_2.9.4-2_amd64.deb ...
Unpacking man-db (2.9.4-2) ...
Selecting previously unselected package sgml-base.
Preparing to unpack .../005-sgml-base_1.30_all.deb ...
Unpacking sgml-base (1.30) ...
Selecting previously unselected package libncurses6:amd64.
Preparing to unpack .../006-libncurses6_6.2+20210905-1_amd64.deb ...
Unpacking libncurses6:amd64 (6.2+20210905-1) ...
Selecting previously unselected package libncursesw6:amd64.
Preparing to unpack .../007-libncursesw6_6.2+20210905-1_amd64.deb ...
Unpacking libncursesw6:amd64 (6.2+20210905-1) ...
Selecting previously unselected package libprocps8:amd64.
Preparing to unpack .../008-libprocps8_2%3a3.3.17-5_amd64.deb ...
Unpacking libprocps8:amd64 (2:3.3.17-5) ...
Selecting previously unselected package procps.
Preparing to unpack .../009-procps_2%3a3.3.17-5_amd64.deb ...
Unpacking procps (2:3.3.17-5) ...
Selecting previously unselected package sensible-utils.
Preparing to unpack .../010-sensible-utils_0.0.17_all.deb ...
Unpacking sensible-utils (0.0.17) ...
Selecting previously unselected package libmagic-mgc.
Preparing to unpack .../011-libmagic-mgc_1%3a5.39-3_amd64.deb ...
Unpacking libmagic-mgc (1:5.39-3) ...
Selecting previously unselected package libmagic1:amd64.
Preparing to unpack .../012-libmagic1_1%3a5.39-3_amd64.deb ...
Unpacking libmagic1:amd64 (1:5.39-3) ...
Selecting previously unselected package file.
Preparing to unpack .../013-file_1%3a5.39-3_amd64.deb ...
Unpacking file (1:5.39-3) ...
Selecting previously unselected package gettext-base.
Preparing to unpack .../014-gettext-base_0.21-4_amd64.deb ...
Unpacking gettext-base (0.21-4) ...
Selecting previously unselected package ucf.
Preparing to unpack .../015-ucf_3.0043_all.deb ...
Moving old data out of the way
Unpacking ucf (3.0043) ...
Selecting previously unselected package libsigsegv2:amd64.
Preparing to unpack .../016-libsigsegv2_2.13-1_amd64.deb ...
Unpacking libsigsegv2:amd64 (2.13-1) ...
Selecting previously unselected package m4.
Preparing to unpack .../017-m4_1.4.18-5_amd64.deb ...
Unpacking m4 (1.4.18-5) ...
Selecting previously unselected package autoconf.
Preparing to unpack .../018-autoconf_2.71-2_all.deb ...
Unpacking autoconf (2.71-2) ...
Selecting previously unselected package autotools-dev.
Preparing to unpack .../019-autotools-dev_20180224.1+nmu1_all.deb ...
Unpacking autotools-dev (20180224.1+nmu1) ...
Selecting previously unselected package automake.
Preparing to unpack .../020-automake_1%3a1.16.5-1_all.deb ...
Unpacking automake (1:1.16.5-1) ...
Selecting previously unselected package autopoint.
Preparing to unpack .../021-autopoint_0.21-4_all.deb ...
Unpacking autopoint (0.21-4) ...
Selecting previously unselected package libarchive13:amd64.
Preparing to unpack .../022-libarchive13_3.4.3-2+b1_amd64.deb ...
Unpacking libarchive13:amd64 (3.4.3-2+b1) ...
Selecting previously unselected package libbrotli1:amd64.
Preparing to unpack .../023-libbrotli1_1.0.9-2+b2_amd64.deb ...
Unpacking libbrotli1:amd64 (1.0.9-2+b2) ...
Selecting previously unselected package libsasl2-modules-db:amd64.
Preparing to unpack .../024-libsasl2-modules-db_2.1.27+dfsg-2.1_amd64.deb ...
Unpacking libsasl2-modules-db:amd64 (2.1.27+dfsg-2.1) ...
Selecting previously unselected package libsasl2-2:amd64.
Preparing to unpack .../025-libsasl2-2_2.1.27+dfsg-2.1_amd64.deb ...
Unpacking libsasl2-2:amd64 (2.1.27+dfsg-2.1) ...
Selecting previously unselected package libldap-2.4-2:amd64.
Preparing to unpack .../026-libldap-2.4-2_2.4.59+dfsg-1_amd64.deb ...
Unpacking libldap-2.4-2:amd64 (2.4.59+dfsg-1) ...
Selecting previously unselected package libnghttp2-14:amd64.
Preparing to unpack .../027-libnghttp2-14_1.43.0-1_amd64.deb ...
Unpacking libnghttp2-14:amd64 (1.43.0-1) ...
Selecting previously unselected package libpsl5:amd64.
Preparing to unpack .../028-libpsl5_0.21.0-1.2_amd64.deb ...
Unpacking libpsl5:amd64 (0.21.0-1.2) ...
Selecting previously unselected package librtmp1:amd64.
Preparing to unpack .../029-librtmp1_2.4+20151223.gitfa8646d.1-2+b2_amd64.deb ...
Unpacking librtmp1:amd64 (2.4+20151223.gitfa8646d.1-2+b2) ...
Selecting previously unselected package libssh2-1:amd64.
Preparing to unpack .../030-libssh2-1_1.10.0-2_amd64.deb ...
Unpacking libssh2-1:amd64 (1.10.0-2) ...
Selecting previously unselected package libcurl4:amd64.
Preparing to unpack .../031-libcurl4_7.74.0-1.3+b1_amd64.deb ...
Unpacking libcurl4:amd64 (7.74.0-1.3+b1) ...
Selecting previously unselected package libexpat1:amd64.
Preparing to unpack .../032-libexpat1_2.4.1-3_amd64.deb ...
Unpacking libexpat1:amd64 (2.4.1-3) ...
Selecting previously unselected package libjsoncpp24:amd64.
Preparing to unpack .../033-libjsoncpp24_1.9.4-5_amd64.deb ...
Unpacking libjsoncpp24:amd64 (1.9.4-5) ...
Selecting previously unselected package librhash0:amd64.
Preparing to unpack .../034-librhash0_1.4.2-1_amd64.deb ...
Unpacking librhash0:amd64 (1.4.2-1) ...
Selecting previously unselected package libuv1:amd64.
Preparing to unpack .../035-libuv1_1.42.0-1_amd64.deb ...
Unpacking libuv1:amd64 (1.42.0-1) ...
Selecting previously unselected package dh-elpa-helper.
Preparing to unpack .../036-dh-elpa-helper_2.0.9_all.deb ...
Unpacking dh-elpa-helper (2.0.9) ...
Selecting previously unselected package emacsen-common.
Preparing to unpack .../037-emacsen-common_3.0.4_all.deb ...
Unpacking emacsen-common (3.0.4) ...
Selecting previously unselected package cmake-data.
Preparing to unpack .../038-cmake-data_3.21.3-5_all.deb ...
Unpacking cmake-data (3.21.3-5) ...
Selecting previously unselected package cmake.
Preparing to unpack .../039-cmake_3.21.3-5_amd64.deb ...
Unpacking cmake (3.21.3-5) ...
Selecting previously unselected package libdebhelper-perl.
Preparing to unpack .../040-libdebhelper-perl_13.5.2_all.deb ...
Unpacking libdebhelper-perl (13.5.2) ...
Selecting previously unselected package libtool.
Preparing to unpack .../041-libtool_2.4.6-15_all.deb ...
Unpacking libtool (2.4.6-15) ...
Selecting previously unselected package dh-autoreconf.
Preparing to unpack .../042-dh-autoreconf_20_all.deb ...
Unpacking dh-autoreconf (20) ...
Selecting previously unselected package libarchive-zip-perl.
Preparing to unpack .../043-libarchive-zip-perl_1.68-1_all.deb ...
Unpacking libarchive-zip-perl (1.68-1) ...
Selecting previously unselected package libsub-override-perl.
Preparing to unpack .../044-libsub-override-perl_0.09-2_all.deb ...
Unpacking libsub-override-perl (0.09-2) ...
Selecting previously unselected package libfile-stripnondeterminism-perl.
Preparing to unpack .../045-libfile-stripnondeterminism-perl_1.12.0-2_all.deb ...
Unpacking libfile-stripnondeterminism-perl (1.12.0-2) ...
Selecting previously unselected package dh-strip-nondeterminism.
Preparing to unpack .../046-dh-strip-nondeterminism_1.12.0-2_all.deb ...
Unpacking dh-strip-nondeterminism (1.12.0-2) ...
Selecting previously unselected package libelf1:amd64.
Preparing to unpack .../047-libelf1_0.185-2_amd64.deb ...
Unpacking libelf1:amd64 (0.185-2) ...
Selecting previously unselected package dwz.
Preparing to unpack .../048-dwz_0.14-1_amd64.deb ...
Unpacking dwz (0.14-1) ...
Selecting previously unselected package gettext.
Preparing to unpack .../049-gettext_0.21-4_amd64.deb ...
Unpacking gettext (0.21-4) ...
Selecting previously unselected package intltool-debian.
Preparing to unpack .../050-intltool-debian_0.35.0+20060710.5_all.deb ...
Unpacking intltool-debian (0.35.0+20060710.5) ...
Selecting previously unselected package po-debconf.
Preparing to unpack .../051-po-debconf_1.0.21+nmu1_all.deb ...
Unpacking po-debconf (1.0.21+nmu1) ...
Selecting previously unselected package debhelper.
Preparing to unpack .../052-debhelper_13.5.2_all.deb ...
Unpacking debhelper (13.5.2) ...
Selecting previously unselected package libllvm11:amd64.
Preparing to unpack .../053-libllvm11_1%3a11.1.0-4_amd64.deb ...
Unpacking libllvm11:amd64 (1:11.1.0-4) ...
Selecting previously unselected package libclang-cpp11.
Preparing to unpack .../054-libclang-cpp11_1%3a11.1.0-4_amd64.deb ...
Unpacking libclang-cpp11 (1:11.1.0-4) ...
Selecting previously unselected package libclang1-11.
Preparing to unpack .../055-libclang1-11_1%3a11.1.0-4_amd64.deb ...
Unpacking libclang1-11 (1:11.1.0-4) ...
Selecting previously unselected package libxapian30:amd64.
Preparing to unpack .../056-libxapian30_1.4.18-3_amd64.deb ...
Unpacking libxapian30:amd64 (1.4.18-3) ...
Selecting previously unselected package doxygen.
Preparing to unpack .../057-doxygen_1.9.1-2_amd64.deb ...
Unpacking doxygen (1.9.1-2) ...
Selecting previously unselected package libpng16-16:amd64.
Preparing to unpack .../058-libpng16-16_1.6.37-3_amd64.deb ...
Unpacking libpng16-16:amd64 (1.6.37-3) ...
Selecting previously unselected package libfreetype6:amd64.
Preparing to unpack .../059-libfreetype6_2.11.0+dfsg-1_amd64.deb ...
Unpacking libfreetype6:amd64 (2.11.0+dfsg-1) ...
Selecting previously unselected package fonts-dejavu-core.
Preparing to unpack .../060-fonts-dejavu-core_2.37-2_all.deb ...
Unpacking fonts-dejavu-core (2.37-2) ...
Selecting previously unselected package fontconfig-config.
Preparing to unpack .../061-fontconfig-config_2.13.1-4.2_all.deb ...
Unpacking fontconfig-config (2.13.1-4.2) ...
Selecting previously unselected package libfontconfig1:amd64.
Preparing to unpack .../062-libfontconfig1_2.13.1-4.2_amd64.deb ...
Unpacking libfontconfig1:amd64 (2.13.1-4.2) ...
Selecting previously unselected package fontconfig.
Preparing to unpack .../063-fontconfig_2.13.1-4.2_amd64.deb ...
Unpacking fontconfig (2.13.1-4.2) ...
Selecting previously unselected package libann0.
Preparing to unpack .../064-libann0_1.1.2+doc-7_amd64.deb ...
Unpacking libann0 (1.1.2+doc-7) ...
Selecting previously unselected package libcdt5:amd64.
Preparing to unpack .../065-libcdt5_2.42.2-5_amd64.deb ...
Unpacking libcdt5:amd64 (2.42.2-5) ...
Selecting previously unselected package libcgraph6:amd64.
Preparing to unpack .../066-libcgraph6_2.42.2-5_amd64.deb ...
Unpacking libcgraph6:amd64 (2.42.2-5) ...
Selecting previously unselected package libjpeg62-turbo:amd64.
Preparing to unpack .../067-libjpeg62-turbo_1%3a2.0.6-4_amd64.deb ...
Unpacking libjpeg62-turbo:amd64 (1:2.0.6-4) ...
Selecting previously unselected package libdeflate0:amd64.
Preparing to unpack .../068-libdeflate0_1.8-1_amd64.deb ...
Unpacking libdeflate0:amd64 (1.8-1) ...
Selecting previously unselected package libjbig0:amd64.
Preparing to unpack .../069-libjbig0_2.1-3.1+b2_amd64.deb ...
Unpacking libjbig0:amd64 (2.1-3.1+b2) ...
Selecting previously unselected package libwebp6:amd64.
Preparing to unpack .../070-libwebp6_0.6.1-2.1_amd64.deb ...
Unpacking libwebp6:amd64 (0.6.1-2.1) ...
Selecting previously unselected package libtiff5:amd64.
Preparing to unpack .../071-libtiff5_4.3.0-2_amd64.deb ...
Unpacking libtiff5:amd64 (4.3.0-2) ...
Selecting previously unselected package libxau6:amd64.
Preparing to unpack .../072-libxau6_1%3a1.0.9-1_amd64.deb ...
Unpacking libxau6:amd64 (1:1.0.9-1) ...
Selecting previously unselected package libxdmcp6:amd64.
Preparing to unpack .../073-libxdmcp6_1%3a1.1.2-3_amd64.deb ...
Unpacking libxdmcp6:amd64 (1:1.1.2-3) ...
Selecting previously unselected package libxcb1:amd64.
Preparing to unpack .../074-libxcb1_1.14-3_amd64.deb ...
Unpacking libxcb1:amd64 (1.14-3) ...
Selecting previously unselected package libx11-data.
Preparing to unpack .../075-libx11-data_2%3a1.7.2-2_all.deb ...
Unpacking libx11-data (2:1.7.2-2) ...
Selecting previously unselected package libx11-6:amd64.
Preparing to unpack .../076-libx11-6_2%3a1.7.2-2+b1_amd64.deb ...
Unpacking libx11-6:amd64 (2:1.7.2-2+b1) ...
Selecting previously unselected package libxpm4:amd64.
Preparing to unpack .../077-libxpm4_1%3a3.5.12-1_amd64.deb ...
Unpacking libxpm4:amd64 (1:3.5.12-1) ...
Selecting previously unselected package libgd3:amd64.
Preparing to unpack .../078-libgd3_2.3.0-2_amd64.deb ...
Unpacking libgd3:amd64 (2.3.0-2) ...
Selecting previously unselected package libglib2.0-0:amd64.
Preparing to unpack .../079-libglib2.0-0_2.70.0-3_amd64.deb ...
Unpacking libglib2.0-0:amd64 (2.70.0-3) ...
Selecting previously unselected package libgts-0.7-5:amd64.
Preparing to unpack .../080-libgts-0.7-5_0.7.6+darcs121130-4+b1_amd64.deb ...
Unpacking libgts-0.7-5:amd64 (0.7.6+darcs121130-4+b1) ...
Selecting previously unselected package libpixman-1-0:amd64.
Preparing to unpack .../081-libpixman-1-0_0.40.0-1_amd64.deb ...
Unpacking libpixman-1-0:amd64 (0.40.0-1) ...
Selecting previously unselected package libxcb-render0:amd64.
Preparing to unpack .../082-libxcb-render0_1.14-3_amd64.deb ...
Unpacking libxcb-render0:amd64 (1.14-3) ...
Selecting previously unselected package libxcb-shm0:amd64.
Preparing to unpack .../083-libxcb-shm0_1.14-3_amd64.deb ...
Unpacking libxcb-shm0:amd64 (1.14-3) ...
Selecting previously unselected package libxext6:amd64.
Preparing to unpack .../084-libxext6_2%3a1.3.4-1_amd64.deb ...
Unpacking libxext6:amd64 (2:1.3.4-1) ...
Selecting previously unselected package libxrender1:amd64.
Preparing to unpack .../085-libxrender1_1%3a0.9.10-1_amd64.deb ...
Unpacking libxrender1:amd64 (1:0.9.10-1) ...
Selecting previously unselected package libcairo2:amd64.
Preparing to unpack .../086-libcairo2_1.16.0-5_amd64.deb ...
Unpacking libcairo2:amd64 (1.16.0-5) ...
Selecting previously unselected package libltdl7:amd64.
Preparing to unpack .../087-libltdl7_2.4.6-15_amd64.deb ...
Unpacking libltdl7:amd64 (2.4.6-15) ...
Selecting previously unselected package libfribidi0:amd64.
Preparing to unpack .../088-libfribidi0_1.0.8-2_amd64.deb ...
Unpacking libfribidi0:amd64 (1.0.8-2) ...
Selecting previously unselected package libgraphite2-3:amd64.
Preparing to unpack .../089-libgraphite2-3_1.3.14-1_amd64.deb ...
Unpacking libgraphite2-3:amd64 (1.3.14-1) ...
Selecting previously unselected package libharfbuzz0b:amd64.
Preparing to unpack .../090-libharfbuzz0b_2.7.4-1_amd64.deb ...
Unpacking libharfbuzz0b:amd64 (2.7.4-1) ...
Selecting previously unselected package libthai-data.
Preparing to unpack .../091-libthai-data_0.1.28-4.1_all.deb ...
Unpacking libthai-data (0.1.28-4.1) ...
Selecting previously unselected package libdatrie1:amd64.
Preparing to unpack .../092-libdatrie1_0.2.13-2_amd64.deb ...
Unpacking libdatrie1:amd64 (0.2.13-2) ...
Selecting previously unselected package libthai0:amd64.
Preparing to unpack .../093-libthai0_0.1.28-4.1_amd64.deb ...
Unpacking libthai0:amd64 (0.1.28-4.1) ...
Selecting previously unselected package libpango-1.0-0:amd64.
Preparing to unpack .../094-libpango-1.0-0_1.48.10+ds1-1_amd64.deb ...
Unpacking libpango-1.0-0:amd64 (1.48.10+ds1-1) ...
Selecting previously unselected package libpangoft2-1.0-0:amd64.
Preparing to unpack .../095-libpangoft2-1.0-0_1.48.10+ds1-1_amd64.deb ...
Unpacking libpangoft2-1.0-0:amd64 (1.48.10+ds1-1) ...
Selecting previously unselected package libpangocairo-1.0-0:amd64.
Preparing to unpack .../096-libpangocairo-1.0-0_1.48.10+ds1-1_amd64.deb ...
Unpacking libpangocairo-1.0-0:amd64 (1.48.10+ds1-1) ...
Selecting previously unselected package libpathplan4:amd64.
Preparing to unpack .../097-libpathplan4_2.42.2-5_amd64.deb ...
Unpacking libpathplan4:amd64 (2.42.2-5) ...
Selecting previously unselected package libgvc6.
Preparing to unpack .../098-libgvc6_2.42.2-5_amd64.deb ...
Unpacking libgvc6 (2.42.2-5) ...
Selecting previously unselected package libgvpr2:amd64.
Preparing to unpack .../099-libgvpr2_2.42.2-5_amd64.deb ...
Unpacking libgvpr2:amd64 (2.42.2-5) ...
Selecting previously unselected package liblab-gamut1:amd64.
Preparing to unpack .../100-liblab-gamut1_2.42.2-5_amd64.deb ...
Unpacking liblab-gamut1:amd64 (2.42.2-5) ...
Selecting previously unselected package x11-common.
Preparing to unpack .../101-x11-common_1%3a7.7+23_all.deb ...
Unpacking x11-common (1:7.7+23) ...
Selecting previously unselected package libice6:amd64.
Preparing to unpack .../102-libice6_2%3a1.0.10-1_amd64.deb ...
Unpacking libice6:amd64 (2:1.0.10-1) ...
Selecting previously unselected package libsm6:amd64.
Preparing to unpack .../103-libsm6_2%3a1.2.3-1_amd64.deb ...
Unpacking libsm6:amd64 (2:1.2.3-1) ...
Selecting previously unselected package libxt6:amd64.
Preparing to unpack .../104-libxt6_1%3a1.2.0-1_amd64.deb ...
Unpacking libxt6:amd64 (1:1.2.0-1) ...
Selecting previously unselected package libxmu6:amd64.
Preparing to unpack .../105-libxmu6_2%3a1.1.2-2+b3_amd64.deb ...
Unpacking libxmu6:amd64 (2:1.1.2-2+b3) ...
Selecting previously unselected package libxaw7:amd64.
Preparing to unpack .../106-libxaw7_2%3a1.0.13-1.1_amd64.deb ...
Unpacking libxaw7:amd64 (2:1.0.13-1.1) ...
Selecting previously unselected package graphviz.
Preparing to unpack .../107-graphviz_2.42.2-5_amd64.deb ...
Unpacking graphviz (2.42.2-5) ...
Selecting previously unselected package icu-devtools.
Preparing to unpack .../108-icu-devtools_67.1-7_amd64.deb ...
Unpacking icu-devtools (67.1-7) ...
Selecting previously unselected package libgcc-10-dev:amd64.
Preparing to unpack .../109-libgcc-10-dev_10.3.0-11_amd64.deb ...
Unpacking libgcc-10-dev:amd64 (10.3.0-11) ...
Selecting previously unselected package libstdc++-10-dev:amd64.
Preparing to unpack .../110-libstdc++-10-dev_10.3.0-11_amd64.deb ...
Unpacking libstdc++-10-dev:amd64 (10.3.0-11) ...
Selecting previously unselected package libboost1.74-dev:amd64.
Preparing to unpack .../111-libboost1.74-dev_1.74.0-11_amd64.deb ...
Unpacking libboost1.74-dev:amd64 (1.74.0-11) ...
Selecting previously unselected package libboost-dev:amd64.
Preparing to unpack .../112-libboost-dev_1.74.0.3_amd64.deb ...
Unpacking libboost-dev:amd64 (1.74.0.3) ...
Selecting previously unselected package libboost-filesystem1.74.0:amd64.
Preparing to unpack .../113-libboost-filesystem1.74.0_1.74.0-11_amd64.deb ...
Unpacking libboost-filesystem1.74.0:amd64 (1.74.0-11) ...
Selecting previously unselected package libboost-system1.74.0:amd64.
Preparing to unpack .../114-libboost-system1.74.0_1.74.0-11_amd64.deb ...
Unpacking libboost-system1.74.0:amd64 (1.74.0-11) ...
Selecting previously unselected package libboost-system1.74-dev:amd64.
Preparing to unpack .../115-libboost-system1.74-dev_1.74.0-11_amd64.deb ...
Unpacking libboost-system1.74-dev:amd64 (1.74.0-11) ...
Selecting previously unselected package libboost-filesystem1.74-dev:amd64.
Preparing to unpack .../116-libboost-filesystem1.74-dev_1.74.0-11_amd64.deb ...
Unpacking libboost-filesystem1.74-dev:amd64 (1.74.0-11) ...
Selecting previously unselected package libboost-filesystem-dev:amd64.
Preparing to unpack .../117-libboost-filesystem-dev_1.74.0.3_amd64.deb ...
Unpacking libboost-filesystem-dev:amd64 (1.74.0.3) ...
Selecting previously unselected package libboost-regex1.74.0:amd64.
Preparing to unpack .../118-libboost-regex1.74.0_1.74.0-11_amd64.deb ...
Unpacking libboost-regex1.74.0:amd64 (1.74.0-11) ...
Selecting previously unselected package libicu-dev:amd64.
Preparing to unpack .../119-libicu-dev_67.1-7_amd64.deb ...
Unpacking libicu-dev:amd64 (67.1-7) ...
Selecting previously unselected package libboost-regex1.74-dev:amd64.
Preparing to unpack .../120-libboost-regex1.74-dev_1.74.0-11_amd64.deb ...
Unpacking libboost-regex1.74-dev:amd64 (1.74.0-11) ...
Selecting previously unselected package libboost-iostreams1.74.0:amd64.
Preparing to unpack .../121-libboost-iostreams1.74.0_1.74.0-11_amd64.deb ...
Unpacking libboost-iostreams1.74.0:amd64 (1.74.0-11) ...
Selecting previously unselected package libboost-iostreams1.74-dev:amd64.
Preparing to unpack .../122-libboost-iostreams1.74-dev_1.74.0-11_amd64.deb ...
Unpacking libboost-iostreams1.74-dev:amd64 (1.74.0-11) ...
Selecting previously unselected package libboost-iostreams-dev:amd64.
Preparing to unpack .../123-libboost-iostreams-dev_1.74.0.3_amd64.deb ...
Unpacking libboost-iostreams-dev:amd64 (1.74.0.3) ...
Selecting previously unselected package libboost-program-options1.74.0:amd64.
Preparing to unpack .../124-libboost-program-options1.74.0_1.74.0-11_amd64.deb ...
Unpacking libboost-program-options1.74.0:amd64 (1.74.0-11) ...
Selecting previously unselected package libboost-program-options1.74-dev:amd64.
Preparing to unpack .../125-libboost-program-options1.74-dev_1.74.0-11_amd64.deb ...
Unpacking libboost-program-options1.74-dev:amd64 (1.74.0-11) ...
Selecting previously unselected package libboost-program-options-dev:amd64.
Preparing to unpack .../126-libboost-program-options-dev_1.74.0.3_amd64.deb ...
Unpacking libboost-program-options-dev:amd64 (1.74.0.3) ...
Selecting previously unselected package libboost-regex-dev:amd64.
Preparing to unpack .../127-libboost-regex-dev_1.74.0.3_amd64.deb ...
Unpacking libboost-regex-dev:amd64 (1.74.0.3) ...
Selecting previously unselected package libcppunit-1.15-0:amd64.
Preparing to unpack .../128-libcppunit-1.15-0_1.15.1-4_amd64.deb ...
Unpacking libcppunit-1.15-0:amd64 (1.15.1-4) ...
Selecting previously unselected package libcppunit-dev:amd64.
Preparing to unpack .../129-libcppunit-dev_1.15.1-4_amd64.deb ...
Unpacking libcppunit-dev:amd64 (1.15.1-4) ...
Selecting previously unselected package libosp5.
Preparing to unpack .../130-libosp5_1.5.2-13+b2_amd64.deb ...
Unpacking libosp5 (1.5.2-13+b2) ...
Selecting previously unselected package libpam0g-dev:amd64.
Preparing to unpack .../131-libpam0g-dev_1.4.0-10_amd64.deb ...
Unpacking libpam0g-dev:amd64 (1.4.0-10) ...
Selecting previously unselected package libpod-parser-perl.
Preparing to unpack .../132-libpod-parser-perl_1.63-2_all.deb ...
Adding 'diversion of /usr/bin/podselect to /usr/bin/podselect.bundled by libpod-parser-perl'
Adding 'diversion of /usr/share/man/man1/podselect.1.gz to /usr/share/man/man1/podselect.bundled.1.gz by libpod-parser-perl'
Unpacking libpod-parser-perl (1.63-2) ...
Selecting previously unselected package libsgmls-perl.
Preparing to unpack .../133-libsgmls-perl_1.03ii-36_all.deb ...
Unpacking libsgmls-perl (1.03ii-36) ...
Selecting previously unselected package libyaml-tiny-perl.
Preparing to unpack .../134-libyaml-tiny-perl_1.73-1_all.deb ...
Unpacking libyaml-tiny-perl (1.73-1) ...
Selecting previously unselected package opensp.
Preparing to unpack .../135-opensp_1.5.2-13+b2_amd64.deb ...
Unpacking opensp (1.5.2-13+b2) ...
Selecting previously unselected package pkg-config.
Preparing to unpack .../136-pkg-config_0.29.2-1_amd64.deb ...
Unpacking pkg-config (0.29.2-1) ...
Selecting previously unselected package po4a.
Preparing to unpack .../137-po4a_0.62-1_all.deb ...
Unpacking po4a (0.62-1) ...
Selecting previously unselected package uuid-dev:amd64.
Preparing to unpack .../138-uuid-dev_2.37.2-4_amd64.deb ...
Unpacking uuid-dev:amd64 (2.37.2-4) ...
Selecting previously unselected package sbuild-build-depends-main-dummy.
Preparing to unpack .../139-sbuild-build-depends-main-dummy_0.invalid.0_amd64.deb ...
Unpacking sbuild-build-depends-main-dummy (0.invalid.0) ...
Setting up libexpat1:amd64 (2.4.1-3) ...
Setting up libpipeline1:amd64 (1.5.3-1) ...
Setting up libboost-system1.74.0:amd64 (1.74.0-11) ...
Setting up libgraphite2-3:amd64 (1.3.14-1) ...
Setting up libpixman-1-0:amd64 (0.40.0-1) ...
Setting up libcppunit-1.15-0:amd64 (1.15.1-4) ...
Setting up libxapian30:amd64 (1.4.18-3) ...
Setting up libxau6:amd64 (1:1.0.9-1) ...
Setting up libxdmcp6:amd64 (1:1.1.2-3) ...
Setting up libsgmls-perl (1.03ii-36) ...
Setting up libpsl5:amd64 (0.21.0-1.2) ...
Setting up libxcb1:amd64 (1.14-3) ...
Setting up bsdextrautils (2.37.2-4) ...
update-alternatives: using /usr/bin/write.ul to provide /usr/bin/write (write) in auto mode
Setting up libdatrie1:amd64 (0.2.13-2) ...
Setting up libpam0g-dev:amd64 (1.4.0-10) ...
Setting up libmagic-mgc (1:5.39-3) ...
Setting up libarchive13:amd64 (3.4.3-2+b1) ...
Setting up libxcb-render0:amd64 (1.14-3) ...
Setting up libarchive-zip-perl (1.68-1) ...
Setting up libglib2.0-0:amd64 (2.70.0-3) ...
No schema files found: doing nothing.
Setting up libboost-iostreams1.74.0:amd64 (1.74.0-11) ...
Setting up libboost-program-options1.74.0:amd64 (1.74.0-11) ...
Setting up libgcc-10-dev:amd64 (10.3.0-11) ...
Setting up libdebhelper-perl (13.5.2) ...
Setting up libbrotli1:amd64 (1.0.9-2+b2) ...
Setting up liblab-gamut1:amd64 (2.42.2-5) ...
Setting up x11-common (1:7.7+23) ...
invoke-rc.d: could not determine current runlevel
All runlevel operations denied by policy
invoke-rc.d: policy-rc.d denied execution of restart.
Setting up libnghttp2-14:amd64 (1.43.0-1) ...
Setting up libmagic1:amd64 (1:5.39-3) ...
Setting up libdeflate0:amd64 (1.8-1) ...
Setting up gettext-base (0.21-4) ...
Setting up libboost-filesystem1.74.0:amd64 (1.74.0-11) ...
Setting up libxcb-shm0:amd64 (1.14-3) ...
Setting up file (1:5.39-3) ...
Setting up libyaml-tiny-perl (1.73-1) ...
Setting up libjbig0:amd64 (2.1-3.1+b2) ...
Setting up libsasl2-modules-db:amd64 (2.1.27+dfsg-2.1) ...
Setting up libosp5 (1.5.2-13+b2) ...
Setting up libgts-0.7-5:amd64 (0.7.6+darcs121130-4+b1) ...
Setting up autotools-dev (20180224.1+nmu1) ...
Setting up libuv1:amd64 (1.42.0-1) ...
Setting up libllvm11:amd64 (1:11.1.0-4) ...
Setting up libjpeg62-turbo:amd64 (1:2.0.6-4) ...
Setting up emacsen-common (3.0.4) ...
Setting up libx11-data (2:1.7.2-2) ...
Setting up librtmp1:amd64 (2.4+20151223.gitfa8646d.1-2+b2) ...
Setting up dh-elpa-helper (2.0.9) ...
Setting up uuid-dev:amd64 (2.37.2-4) ...
Setting up libpathplan4:amd64 (2.42.2-5) ...
Setting up libann0 (1.1.2+doc-7) ...
Setting up libncurses6:amd64 (6.2+20210905-1) ...
Setting up libsigsegv2:amd64 (2.13-1) ...
Setting up libfribidi0:amd64 (1.0.8-2) ...
Setting up libboost-regex1.74.0:amd64 (1.74.0-11) ...
Setting up libpng16-16:amd64 (1.6.37-3) ...
Setting up libclang1-11 (1:11.1.0-4) ...
Setting up libpod-parser-perl (1.63-2) ...
Setting up autopoint (0.21-4) ...
Setting up libwebp6:amd64 (0.6.1-2.1) ...
Setting up icu-devtools (67.1-7) ...
Setting up pkg-config (0.29.2-1) ...
Setting up fonts-dejavu-core (2.37-2) ...
Setting up libncursesw6:amd64 (6.2+20210905-1) ...
Setting up libltdl7:amd64 (2.4.6-15) ...
Setting up libsasl2-2:amd64 (2.1.27+dfsg-2.1) ...
Setting up libjsoncpp24:amd64 (1.9.4-5) ...
Setting up sensible-utils (0.0.17) ...
Setting up librhash0:amd64 (1.4.2-1) ...
Setting up libuchardet0:amd64 (0.0.7-1) ...
Setting up libsub-override-perl (0.09-2) ...
Setting up libx11-6:amd64 (2:1.7.2-2+b1) ...
Setting up libthai-data (0.1.28-4.1) ...
Setting up libssh2-1:amd64 (1.10.0-2) ...
Setting up sgml-base (1.30) ...
Setting up cmake-data (3.21.3-5) ...
Setting up libcdt5:amd64 (2.42.2-5) ...
Setting up libcgraph6:amd64 (2.42.2-5) ...
Setting up libtiff5:amd64 (4.3.0-2) ...
Setting up libcppunit-dev:amd64 (1.15.1-4) ...
Setting up libelf1:amd64 (0.185-2) ...
Setting up libicu-dev:amd64 (67.1-7) ...
Setting up libprocps8:amd64 (2:3.3.17-5) ...
Setting up libfile-stripnondeterminism-perl (1.12.0-2) ...
Setting up libice6:amd64 (2:1.0.10-1) ...
Setting up gettext (0.21-4) ...
Setting up libstdc++-10-dev:amd64 (10.3.0-11) ...
Setting up libboost1.74-dev:amd64 (1.74.0-11) ...
Setting up libxpm4:amd64 (1:3.5.12-1) ...
Setting up libxrender1:amd64 (1:0.9.10-1) ...
Setting up libtool (2.4.6-15) ...
Setting up libxext6:amd64 (2:1.3.4-1) ...
Setting up libldap-2.4-2:amd64 (2.4.59+dfsg-1) ...
Setting up m4 (1.4.18-5) ...
Setting up opensp (1.5.2-13+b2) ...
Setting up libboost-program-options1.74-dev:amd64 (1.74.0-11) ...
Setting up intltool-debian (0.35.0+20060710.5) ...
Setting up libclang-cpp11 (1:11.1.0-4) ...
Setting up libthai0:amd64 (0.1.28-4.1) ...
Setting up doxygen (1.9.1-2) ...
Setting up libfreetype6:amd64 (2.11.0+dfsg-1) ...
Setting up libboost-program-options-dev:amd64 (1.74.0.3) ...
Setting up libboost-system1.74-dev:amd64 (1.74.0-11) ...
Setting up ucf (3.0043) ...
Setting up autoconf (2.71-2) ...
Setting up dh-strip-nondeterminism (1.12.0-2) ...
Setting up libgvpr2:amd64 (2.42.2-5) ...
Setting up dwz (0.14-1) ...
Setting up libboost-regex1.74-dev:amd64 (1.74.0-11) ...
Setting up groff-base (1.22.4-7) ...
Setting up procps (2:3.3.17-5) ...
Setting up libcurl4:amd64 (7.74.0-1.3+b1) ...
Setting up libharfbuzz0b:amd64 (2.7.4-1) ...
Setting up libboost-dev:amd64 (1.74.0.3) ...
Setting up libboost-filesystem1.74-dev:amd64 (1.74.0-11) ...
Setting up libboost-regex-dev:amd64 (1.74.0.3) ...
Setting up libsm6:amd64 (2:1.2.3-1) ...
Setting up libboost-filesystem-dev:amd64 (1.74.0.3) ...
Setting up automake (1:1.16.5-1) ...
update-alternatives: using /usr/bin/automake-1.16 to provide /usr/bin/automake (automake) in auto mode
Setting up po4a (0.62-1) ...
Setting up fontconfig-config (2.13.1-4.2) ...
Setting up po-debconf (1.0.21+nmu1) ...
Setting up man-db (2.9.4-2) ...
Not building database; man-db/auto-update is not 'true'.
Setting up libboost-iostreams1.74-dev:amd64 (1.74.0-11) ...
Setting up dh-autoreconf (20) ...
Setting up libxt6:amd64 (1:1.2.0-1) ...
Setting up cmake (3.21.3-5) ...
Setting up libfontconfig1:amd64 (2.13.1-4.2) ...
Setting up fontconfig (2.13.1-4.2) ...
Regenerating fonts cache... done.
Setting up libxmu6:amd64 (2:1.1.2-2+b3) ...
Setting up libpango-1.0-0:amd64 (1.48.10+ds1-1) ...
Setting up debhelper (13.5.2) ...
Setting up libxaw7:amd64 (2:1.0.13-1.1) ...
Setting up libboost-iostreams-dev:amd64 (1.74.0.3) ...
Setting up libcairo2:amd64 (1.16.0-5) ...
Setting up libgd3:amd64 (2.3.0-2) ...
Setting up libpangoft2-1.0-0:amd64 (1.48.10+ds1-1) ...
Setting up libpangocairo-1.0-0:amd64 (1.48.10+ds1-1) ...
Setting up libgvc6 (2.42.2-5) ...
Setting up graphviz (2.42.2-5) ...
Setting up sbuild-build-depends-main-dummy (0.invalid.0) ...
Processing triggers for libc-bin (2.32-4) ...

+------------------------------------------------------------------------------+
| Check architectures                                                          |
+------------------------------------------------------------------------------+

Arch check ok (amd64 included in any all)

+------------------------------------------------------------------------------+
| Build environment                                                            |
+------------------------------------------------------------------------------+

Kernel: Linux 4.19.0-6-cloud-amd64 #1 SMP Debian 4.19.67-2+deb10u2 (2019-11-11) amd64 (x86_64)
Toolchain package versions: binutils_2.37-7 dpkg-dev_1.20.9 g++-11_11.2.0-10 gcc-11_11.2.0-10 libc6-dev_2.32-4 libstdc++-10-dev_10.3.0-11 libstdc++-11-dev_11.2.0-10 libstdc++6_11.2.0-10 linux-libc-dev_5.14.12-1
Package versions: adduser_3.118 apt_2.3.11 autoconf_2.71-2 automake_1:1.16.5-1 autopoint_0.21-4 autotools-dev_20180224.1+nmu1 base-files_12 base-passwd_3.5.52 bash_5.1-3+b2 binutils_2.37-7 binutils-common_2.37-7 binutils-x86-64-linux-gnu_2.37-7 bsdextrautils_2.37.2-4 bsdutils_1:2.37.2-4 build-essential_12.9 bzip2_1.0.8-4 clang-13_1:13.0.0-8 cmake_3.21.3-5 cmake-data_3.21.3-5 coreutils_8.32-4+b1 cpp_4:11.2.0-2 cpp-11_11.2.0-10 dash_0.5.11+git20210120+802ebd4-2 debconf_1.5.78 debhelper_13.5.2 debian-archive-keyring_2021.1.1 debianutils_5.5-1 dh-autoreconf_20 dh-elpa-helper_2.0.9 dh-strip-nondeterminism_1.12.0-2 diffutils_1:3.7-5 doxygen_1.9.1-2 dpkg_1.20.9 dpkg-dev_1.20.9 dwz_0.14-1 e2fsprogs_1.46.4-1 emacsen-common_3.0.4 fakeroot_1.26-1 file_1:5.39-3 findutils_4.8.0-1 fontconfig_2.13.1-4.2 fontconfig-config_2.13.1-4.2 fonts-dejavu-core_2.37-2 g++_4:11.2.0-2 g++-11_11.2.0-10 gcc_4:11.2.0-2 gcc-10-base_10.3.0-11 gcc-11_11.2.0-10 gcc-11-base_11.2.0-10 gcc-9-base_9.4.0-3 gettext_0.21-4 gettext-base_0.21-4 gpgv_2.2.27-2 graphviz_2.42.2-5 grep_3.7-1 groff-base_1.22.4-7 gzip_1.10-4 hostname_3.23 icu-devtools_67.1-7 init-system-helpers_1.60 intltool-debian_0.35.0+20060710.5 lib32gcc-s1_11.2.0-10 lib32stdc++6_11.2.0-10 libacl1_2.3.1-1 libann0_1.1.2+doc-7 libapt-pkg6.0_2.3.11 libarchive-zip-perl_1.68-1 libarchive13_3.4.3-2+b1 libasan5_9.4.0-3 libasan6_11.2.0-10 libatomic1_11.2.0-10 libattr1_1:2.5.1-1 libaudit-common_1:3.0.6-1 libaudit1_1:3.0.6-1 libbinutils_2.37-7 libblkid1_2.37.2-4 libboost-dev_1.74.0.3 libboost-filesystem-dev_1.74.0.3 libboost-filesystem1.74-dev_1.74.0-11 libboost-filesystem1.74.0_1.74.0-11 libboost-iostreams-dev_1.74.0.3 libboost-iostreams1.74-dev_1.74.0-11 libboost-iostreams1.74.0_1.74.0-11 libboost-program-options-dev_1.74.0.3 libboost-program-options1.74-dev_1.74.0-11 libboost-program-options1.74.0_1.74.0-11 libboost-regex-dev_1.74.0.3 libboost-regex1.74-dev_1.74.0-11 libboost-regex1.74.0_1.74.0-11 libboost-system1.74-dev_1.74.0-11 libboost-system1.74.0_1.74.0-11 libboost1.74-dev_1.74.0-11 libbrotli1_1.0.9-2+b2 libbsd0_0.11.3-1 libbz2-1.0_1.0.8-4 libc-bin_2.32-4 libc-dev-bin_2.32-4 libc6_2.32-4 libc6-dev_2.32-4 libc6-i386_2.32-4 libcairo2_1.16.0-5 libcap-ng0_0.7.9-2.2+b1 libcap2_1:2.44-1 libcc1-0_11.2.0-10 libcdt5_2.42.2-5 libcgraph6_2.42.2-5 libclang-common-13-dev_1:13.0.0-8 libclang-cpp11_1:11.1.0-4 libclang-cpp13_1:13.0.0-8 libclang1-11_1:11.1.0-4 libclang1-13_1:13.0.0-8 libcom-err2_1.46.4-1 libcppunit-1.15-0_1.15.1-4 libcppunit-dev_1.15.1-4 libcrypt-dev_1:4.4.25-2 libcrypt1_1:4.4.25-2 libctf-nobfd0_2.37-7 libctf0_2.37-7 libcurl4_7.74.0-1.3+b1 libdatrie1_0.2.13-2 libdb5.3_5.3.28+dfsg1-0.8 libdebconfclient0_0.260 libdebhelper-perl_13.5.2 libdeflate0_1.8-1 libdpkg-perl_1.20.9 libedit2_3.1-20210910-1 libelf1_0.185-2 libexpat1_2.4.1-3 libext2fs2_1.46.4-1 libfakeroot_1.26-1 libffi8_3.4.2-3 libfile-stripnondeterminism-perl_1.12.0-2 libfontconfig1_2.13.1-4.2 libfreetype6_2.11.0+dfsg-1 libfribidi0_1.0.8-2 libgc1_1:8.0.4-3 libgcc-10-dev_10.3.0-11 libgcc-11-dev_11.2.0-10 libgcc-9-dev_9.4.0-3 libgcc-s1_11.2.0-10 libgcrypt20_1.9.4-3+b1 libgd3_2.3.0-2 libgdbm-compat4_1.22-1 libgdbm6_1.22-1 libglib2.0-0_2.70.0-3 libgmp10_2:6.2.1+dfsg-2 libgnutls30_3.7.2-2 libgomp1_11.2.0-10 libgpg-error0_1.42-3 libgraphite2-3_1.3.14-1 libgssapi-krb5-2_1.18.3-7 libgts-0.7-5_0.7.6+darcs121130-4+b1 libgvc6_2.42.2-5 libgvpr2_2.42.2-5 libharfbuzz0b_2.7.4-1 libhogweed6_3.7.3-1 libice6_2:1.0.10-1 libicu-dev_67.1-7 libicu67_67.1-7 libidn2-0_2.3.2-2 libisl23_0.24-2 libitm1_11.2.0-10 libjbig0_2.1-3.1+b2 libjpeg62-turbo_1:2.0.6-4 libjsoncpp24_1.9.4-5 libk5crypto3_1.18.3-7 libkeyutils1_1.6.1-2 libkrb5-3_1.18.3-7 libkrb5support0_1.18.3-7 liblab-gamut1_2.42.2-5 libldap-2.4-2_2.4.59+dfsg-1 libllvm11_1:11.1.0-4 libllvm13_1:13.0.0-8 liblsan0_11.2.0-10 libltdl7_2.4.6-15 liblz4-1_1.9.3-2 liblzma5_5.2.5-2 libmagic-mgc_1:5.39-3 libmagic1_1:5.39-3 libmd0_1.0.4-1 libmount1_2.37.2-4 libmpc3_1.2.1-1 libmpfr6_4.1.0-3 libncurses6_6.2+20210905-1 libncursesw6_6.2+20210905-1 libnettle8_3.7.3-1 libnghttp2-14_1.43.0-1 libnsl-dev_1.3.0-2 libnsl2_1.3.0-2 libobjc-11-dev_11.2.0-10 libobjc-9-dev_9.4.0-3 libobjc4_11.2.0-10 libomp-13-dev_1:13.0.0-8 libomp5-13_1:13.0.0-8 libosp5_1.5.2-13+b2 libp11-kit0_0.24.0-5 libpam-modules_1.4.0-10 libpam-modules-bin_1.4.0-10 libpam-runtime_1.4.0-10 libpam0g_1.4.0-10 libpam0g-dev_1.4.0-10 libpango-1.0-0_1.48.10+ds1-1 libpangocairo-1.0-0_1.48.10+ds1-1 libpangoft2-1.0-0_1.48.10+ds1-1 libpathplan4_2.42.2-5 libpcre2-8-0_10.36-2 libpcre3_2:8.39-13 libperl5.32_5.32.1-6 libpipeline1_1.5.3-1 libpixman-1-0_0.40.0-1 libpng16-16_1.6.37-3 libpod-parser-perl_1.63-2 libprocps8_2:3.3.17-5 libpsl5_0.21.0-1.2 libquadmath0_11.2.0-10 librhash0_1.4.2-1 librtmp1_2.4+20151223.gitfa8646d.1-2+b2 libsasl2-2_2.1.27+dfsg-2.1 libsasl2-modules-db_2.1.27+dfsg-2.1 libseccomp2_2.5.2-2 libselinux1_3.1-3 libsemanage-common_3.1-1 libsemanage1_3.1-1+b2 libsepol1_3.1-1 libsgmls-perl_1.03ii-36 libsigsegv2_2.13-1 libsm6_2:1.2.3-1 libsmartcols1_2.37.2-4 libss2_1.46.4-1 libssh2-1_1.10.0-2 libssl1.1_1.1.1l-1 libstdc++-10-dev_10.3.0-11 libstdc++-11-dev_11.2.0-10 libstdc++6_11.2.0-10 libsub-override-perl_0.09-2 libsystemd0_249.5-1 libtasn1-6_4.17.0-2 libthai-data_0.1.28-4.1 libthai0_0.1.28-4.1 libtiff5_4.3.0-2 libtinfo6_6.2+20210905-1 libtirpc-common_1.3.2-2 libtirpc-dev_1.3.2-2 libtirpc3_1.3.2-2 libtool_2.4.6-15 libtsan0_11.2.0-10 libubsan1_11.2.0-10 libuchardet0_0.0.7-1 libudev1_249.5-1 libunistring2_0.9.10-6 libuuid1_2.37.2-4 libuv1_1.42.0-1 libwebp6_0.6.1-2.1 libx11-6_2:1.7.2-2+b1 libx11-data_2:1.7.2-2 libxapian30_1.4.18-3 libxau6_1:1.0.9-1 libxaw7_2:1.0.13-1.1 libxcb-render0_1.14-3 libxcb-shm0_1.14-3 libxcb1_1.14-3 libxdmcp6_1:1.1.2-3 libxext6_2:1.3.4-1 libxml2_2.9.12+dfsg-5 libxmu6_2:1.1.2-2+b3 libxpm4_1:3.5.12-1 libxrender1_1:0.9.10-1 libxt6_1:1.2.0-1 libxxhash0_0.8.0-2 libyaml-tiny-perl_1.73-1 libz3-4_4.8.12-1+b1 libzstd1_1.4.8+dfsg-3 linux-libc-dev_5.14.12-1 login_1:4.8.1-1 logsave_1.46.4-1 lsb-base_11.1.0 m4_1.4.18-5 make_4.3-4.1 man-db_2.9.4-2 mawk_1.3.4.20200120-2 mount_2.37.2-4 ncurses-base_6.2+20210905-1 ncurses-bin_6.2+20210905-1 opensp_1.5.2-13+b2 passwd_1:4.8.1-1 patch_2.7.6-7 perl_5.32.1-6 perl-base_5.32.1-6 perl-modules-5.32_5.32.1-6 pkg-config_0.29.2-1 po-debconf_1.0.21+nmu1 po4a_0.62-1 procps_2:3.3.17-5 qt5-qmake_5.15.2+dfsg-12 qt5-qmake-bin_5.15.2+dfsg-12 qtchooser_66-2 rpcsvc-proto_1.4.2-4 sbuild-build-depends-main-dummy_0.invalid.0 sed_4.8-1 sensible-utils_0.0.17 sgml-base_1.30 sysvinit-utils_3.00-1 tar_1.34+dfsg-1 tzdata_2021e-1 ucf_3.0043 util-linux_2.37.2-4 uuid-dev_2.37.2-4 x11-common_1:7.7+23 xz-utils_5.2.5-2 zlib1g_1:1.2.11.dfsg-2

+------------------------------------------------------------------------------+
| Build                                                                        |
+------------------------------------------------------------------------------+


Unpack source
-------------

-----BEGIN PGP SIGNED MESSAGE-----
Hash: SHA256

Format: 3.0 (quilt)
Source: schroot
Binary: schroot-common, schroot
Architecture: any all
Version: 1.6.10-12
Maintainer: Debian QA Group <packages@qa.debian.org>
Homepage: https://gitlab.com/codelibre/schroot
Standards-Version: 4.5.0
Vcs-Browser: https://salsa.debian.org/debian/schroot
Vcs-Git: https://salsa.debian.org/debian/schroot.git
Build-Depends: cmake (>= 2.8.12), debhelper (>= 9.20160709), pkg-config, libpam0g-dev, uuid-dev [!kfreebsd-any], libboost-dev, libboost-iostreams-dev, libboost-program-options-dev, libboost-regex-dev, libboost-filesystem-dev, gettext, libcppunit-dev, groff-base, po4a (>= 0.40)
Build-Depends-Indep: doxygen, graphviz
Package-List:
 schroot deb admin optional arch=any
 schroot-common deb admin optional arch=all
Checksums-Sha1:
 65bd37b17d7bce7ba30ae27ec23bae38f7450273 797328 schroot_1.6.10.orig.tar.xz
 f978aaa896affeb6ff61aaac806cce5cd7b87433 83636 schroot_1.6.10-12.debian.tar.xz
Checksums-Sha256:
 3ce8dfd9cb97b099e4b6d4ccec421d6cc8c9ef84574681e928a12badb5643d0b 797328 schroot_1.6.10.orig.tar.xz
 ec9e0bfddab722ed713d806959eff5002c61b04737c1500adebda9d044973da9 83636 schroot_1.6.10-12.debian.tar.xz
Files:
 f8ec667831487f4b12e094bc0dc9bbe3 797328 schroot_1.6.10.orig.tar.xz
 7507db24124309b9864e0496ef0dea67 83636 schroot_1.6.10-12.debian.tar.xz

-----BEGIN PGP SIGNATURE-----

iQFDBAEBCAAtFiEEe3O61ovnosKJMUsicBtPaxppPlkFAmA7d1EPHG1qdEB0bHMu
bXNrLnJ1AAoJEHAbT2saaT5ZItwH/1QoDZwl3rjfe2hJebrxxYZ2+2CSSoGONBh0
S5F6vbSikrA0botPQL6b7dPKWnFewMxtuldxh584LkjyIsjk01zXyx4d96xFPWr7
KlmmTOE2knj0pbG1fkzEqLKt+zb+wp/1qgRprCvNDALFdkR2pWkpSSiO8aVE9bQD
s0OZBzMAp+HLcZJVp30yU2xr3tbOScR9LY8xZWC2IU/j8a+yngQqDCo1iA8Ul5ms
Dd45/CUsrywhplMXctRhXSiIlh6PGG6eM8X0gQq2GrZTxTMQ72yCxD68H9DO5F2p
SoMkLK4j5FmlG2bMpHqgNr5R17X0Jn7EXNDiCIRrsiT2RKapnIo=
=xQIU
-----END PGP SIGNATURE-----

gpgv: unknown type of key resource 'trustedkeys.kbx'
gpgv: keyblock resource '/tmp/dpkg-verify-sig.fXzchump/trustedkeys.kbx': General error
gpgv: Signature made Sun Feb 28 10:58:25 2021 UTC
gpgv:                using RSA key 7B73BAD68BE7A2C289314B22701B4F6B1A693E59
gpgv:                issuer "mjt@tls.msk.ru"
gpgv: Can't check signature: No public key
dpkg-source: warning: failed to verify signature on ./schroot_1.6.10-12.dsc
dpkg-source: info: extracting schroot in /<<PKGBUILDDIR>>
dpkg-source: info: unpacking schroot_1.6.10.orig.tar.xz
dpkg-source: info: unpacking schroot_1.6.10-12.debian.tar.xz
dpkg-source: info: using patch list from debian/patches/series
dpkg-source: info: applying Add-support-for-more-compression-formats.patch
dpkg-source: info: applying Add-SESSION_SOURCE-and-CHROOT_SESSION_SOURCE.patch
dpkg-source: info: applying 10mount-Move-mount-directory-to-var-run.patch
dpkg-source: info: applying Support-union-mounts-with-overlay-as-in-Linux-4.0.patch
dpkg-source: info: applying GCC5-fixes-on-regexes.patch
dpkg-source: info: applying schroot-mount-make-bind-mounts-private.patch
dpkg-source: info: applying schroot-mount-resolve-mount-destinations-while-chrooted.patch
dpkg-source: info: applying fix-test-suite-with-usrmerge.patch
dpkg-source: info: applying Unmount-everything-that-we-can-instead-of-giving-up.patch
dpkg-source: info: applying fix-killprocs.patch
dpkg-source: info: applying fix-bash-completion.patch
dpkg-source: info: applying fix_typos_in_schroot_manpage.patch
dpkg-source: info: applying update_czech_schroot_translation.patch
dpkg-source: info: applying update_french_schroot_manpage_translation_2018.patch
dpkg-source: info: applying update_german_schroot_manpage_translation_2018.patch
dpkg-source: info: applying zfs-snapshot-support.patch
dpkg-source: info: applying cross.patch
dpkg-source: info: applying reproducible-build.patch
dpkg-source: info: applying binfmt-parent-dir.patch

Check disk space
----------------

Sufficient free space for build

User Environment
----------------

APT_CONFIG=/var/lib/sbuild/apt.conf
HOME=/sbuild-nonexistent
LANG=C.UTF-8
LC_ALL=C.UTF-8
LOGNAME=user42
PATH=/usr/local/sbin:/usr/local/bin:/usr/sbin:/usr/bin:/sbin:/bin:/usr/games
SCHROOT_ALIAS_NAME=unstable
SCHROOT_CHROOT_NAME=sid-amd64-sbuild
SCHROOT_COMMAND=env
SCHROOT_GID=1001
SCHROOT_GROUP=user42
SCHROOT_SESSION_ID=sid-amd64-sbuild-eaa7bae7-09e9-4a4d-9f19-900cfe84bae7
SCHROOT_UID=1001
SCHROOT_USER=user42
SHELL=/bin/sh
USER=user42

dpkg-buildpackage
-----------------

Command: dpkg-buildpackage -us -uc -b -rfakeroot
dpkg-buildpackage: info: source package schroot
dpkg-buildpackage: info: source version 1.6.10-12
dpkg-buildpackage: info: source distribution unstable
dpkg-buildpackage: info: source changed by Michael Tokarev <mjt@tls.msk.ru>
 dpkg-source --before-build .
dpkg-buildpackage: info: host architecture amd64
 fakeroot debian/rules clean
dh clean --with systemd --buildsystem=cmake --builddirectory=debian/build --parallel
dh: warning: Compatibility levels before 10 are deprecated (level 9 in use)
   debian/rules override_dh_auto_clean
make[1]: Entering directory '/<<PKGBUILDDIR>>'
dh_auto_clean
dh_auto_clean: warning: Compatibility levels before 10 are deprecated (level 9 in use)
rm -f debian/schroot-common.install debian/schroot.install
rm -rf debian/build
rm -rf debian/install
make[1]: Leaving directory '/<<PKGBUILDDIR>>'
   dh_clean -O--buildsystem=cmake -O--builddirectory=debian/build -O--parallel
dh_clean: warning: Compatibility levels before 10 are deprecated (level 9 in use)
 debian/rules build
dh build --with systemd --buildsystem=cmake --builddirectory=debian/build --parallel
dh: warning: Compatibility levels before 10 are deprecated (level 9 in use)
   dh_update_autotools_config -O--buildsystem=cmake -O--builddirectory=debian/build -O--parallel
   debian/rules override_dh_auto_configure
make[1]: Entering directory '/<<PKGBUILDDIR>>'
GTEST_ROOT="/<<PKGBUILDDIR>>/debian/build/gtest" \
CFLAGS="-g -O2 -ffile-prefix-map=/<<PKGBUILDDIR>>=. -fstack-protector-strong -Wformat -Werror=format-security -Wall -Wdate-time -D_FORTIFY_SOURCE=2" \
CXXFLAGS="-g -O2 -ffile-prefix-map=/<<PKGBUILDDIR>>=. -fstack-protector-strong -Wformat -Werror=format-security -Wall -D_FILE_OFFSET_BITS=64 -D_LARGEFILE_SOURCE -Wdate-time -D_FORTIFY_SOURCE=2" \
dh_auto_configure --builddirectory=debian/build/ -- \
        -DCMAKE_INSTALL_LIBEXECDIR=lib \
        -DSCHROOT_LIBEXEC_DIR=/usr/lib/x86_64-linux-gnu/schroot \
        -Ddebug=OFF -Ddchroot=OFF -Ddchroot-dsa=OFF \
        -Dbash_completion_dir=/usr/share/bash-completion/completions \
        -Dlvm-snapshot=ON -Dbtrfs-snapshot=ON -Dzfs-snapshot=ON \
        -DBTRFS_EXECUTABLE=/sbin/btrfs \
        -DLVCREATE_EXECUTABLE=/sbin/lvcreate \
        -DLVREMOVE_EXECUTABLE=/sbin/lvremove \
        -DZFS_EXECUTABLE=/sbin/zfs \
        /<<PKGBUILDDIR>>
dh_auto_configure: warning: Compatibility levels before 10 are deprecated (level 9 in use)
	cd debian/build && cmake -DCMAKE_INSTALL_PREFIX=/usr -DCMAKE_BUILD_TYPE=None -DCMAKE_INSTALL_SYSCONFDIR=/etc -DCMAKE_INSTALL_LOCALSTATEDIR=/var -DCMAKE_EXPORT_NO_PACKAGE_REGISTRY=ON -DCMAKE_FIND_USE_PACKAGE_REGISTRY=OFF -DCMAKE_FIND_PACKAGE_NO_PACKAGE_REGISTRY=ON "-GUnix Makefiles" -DCMAKE_VERBOSE_MAKEFILE=ON -DCMAKE_INSTALL_LIBDIR=lib/x86_64-linux-gnu -DCMAKE_INSTALL_LIBEXECDIR=lib -DSCHROOT_LIBEXEC_DIR=/usr/lib/x86_64-linux-gnu/schroot -Ddebug=OFF -Ddchroot=OFF -Ddchroot-dsa=OFF -Dbash_completion_dir=/usr/share/bash-completion/completions -Dlvm-snapshot=ON -Dbtrfs-snapshot=ON -Dzfs-snapshot=ON -DBTRFS_EXECUTABLE=/sbin/btrfs -DLVCREATE_EXECUTABLE=/sbin/lvcreate -DLVREMOVE_EXECUTABLE=/sbin/lvremove -DZFS_EXECUTABLE=/sbin/zfs /<<PKGBUILDDIR>> ../..
-- The C compiler identification is Clang 13.0.0
-- The CXX compiler identification is Clang 13.0.0
-- Detecting C compiler ABI info
-- Detecting C compiler ABI info - done
-- Check for working C compiler: /usr/bin/cc - skipped
-- Detecting C compile features
-- Detecting C compile features - done
-- Detecting CXX compiler ABI info
-- Detecting CXX compiler ABI info - done
-- Check for working CXX compiler: /usr/bin/c++ - skipped
-- Detecting CXX compile features
-- Detecting CXX compile features - done
-- Reading release metadata from cmake/GitVersion.cmake
-- Configuring schroot 1.6.10 (05 May 2014)
-- Performing Test CXX_FLAG_CXX11
-- Performing Test CXX_FLAG_CXX11 - Success
-- Performing Test CXX_FLAG-pedantic
-- Performing Test CXX_FLAG-pedantic - Success
-- Performing Test CXX_FLAG-Wall
-- Performing Test CXX_FLAG-Wall - Success
-- Performing Test CXX_FLAG-Wcast-align
-- Performing Test CXX_FLAG-Wcast-align - Success
-- Performing Test CXX_FLAG-Wwrite-strings
-- Performing Test CXX_FLAG-Wwrite-strings - Success
-- Performing Test CXX_FLAG-Wswitch-default
-- Performing Test CXX_FLAG-Wswitch-default - Success
-- Performing Test CXX_FLAG-Wcast-qual
-- Performing Test CXX_FLAG-Wcast-qual - Success
-- Performing Test CXX_FLAG-Wunused-variable
-- Performing Test CXX_FLAG-Wunused-variable - Success
-- Performing Test CXX_FLAG-Wredundant-decls
-- Performing Test CXX_FLAG-Wredundant-decls - Success
-- Performing Test CXX_FLAG-Wctor-dtor-privacy
-- Performing Test CXX_FLAG-Wctor-dtor-privacy - Success
-- Performing Test CXX_FLAG-Wnon-virtual-dtor
-- Performing Test CXX_FLAG-Wnon-virtual-dtor - Success
-- Performing Test CXX_FLAG-Wreorder
-- Performing Test CXX_FLAG-Wreorder - Success
-- Performing Test CXX_FLAG-Wold-style-cast
-- Performing Test CXX_FLAG-Wold-style-cast - Success
-- Performing Test CXX_FLAG-Woverloaded-virtual
-- Performing Test CXX_FLAG-Woverloaded-virtual - Success
-- Performing Test CXX_FLAG-fstrict-aliasing
-- Performing Test CXX_FLAG-fstrict-aliasing - Success
-- Looking for C++ include tuple
-- Looking for C++ include tuple - found
-- Looking for C++ include tr1/tuple
-- Looking for C++ include tr1/tuple - found
-- Performing Test HAVE_MEMORY_SHARED_PTR
-- Performing Test HAVE_MEMORY_SHARED_PTR - Success
-- Looking for C++ include tr1/memory
-- Looking for C++ include tr1/memory - found
-- Looking for pthread.h
-- Looking for pthread.h - found
-- Performing Test CMAKE_HAVE_LIBC_PTHREAD
-- Performing Test CMAKE_HAVE_LIBC_PTHREAD - Failed
-- Looking for pthread_create in pthreads
-- Looking for pthread_create in pthreads - not found
-- Looking for pthread_create in pthread
-- Looking for pthread_create in pthread - found
-- Found Threads: TRUE  
-- Found Boost: /usr/lib/x86_64-linux-gnu/cmake/Boost-1.74.0/BoostConfig.cmake (found version "1.74.0")  
-- Found Boost: /usr/lib/x86_64-linux-gnu/cmake/Boost-1.74.0/BoostConfig.cmake (found version "1.74.0") found components: filesystem system iostreams program_options regex 
-- Looking for C++ include boost/format.hpp
-- Looking for C++ include boost/format.hpp - found
-- Looking for C++ include boost/iostreams/device/file_descriptor.hpp
-- Looking for C++ include boost/iostreams/device/file_descriptor.hpp - found
-- Looking for C++ include boost/program_options.hpp
-- Looking for C++ include boost/program_options.hpp - found
-- Looking for C++ include boost/type_traits.hpp
-- Looking for C++ include boost/type_traits.hpp - found
-- Performing Test BOOST_PROGRAM_OPTIONS_LINK
-- Performing Test BOOST_PROGRAM_OPTIONS_LINK - Success
-- Performing Test BOOST_PROGRAM_OPTIONS_DESCRIPTION_CURRENT_LINK
-- Performing Test BOOST_PROGRAM_OPTIONS_DESCRIPTION_CURRENT_LINK - Success
-- Performing Test BOOST_IOSTREAMS_LINK
-- Performing Test BOOST_IOSTREAMS_LINK - Success
-- Performing Test BOOST_IOSTREAMS_CLOSE_HANDLE_CURRENT_LINK
-- Performing Test BOOST_IOSTREAMS_CLOSE_HANDLE_CURRENT_LINK - Success
-- Performing Test BOOST_FILESYSTEM_LINK
-- Performing Test BOOST_FILESYSTEM_LINK - Success
-- Performing Test HAVE_REGEX_REGEX
-- Performing Test HAVE_REGEX_REGEX - Success
-- Performing Test CPPUNIT_CLASS
-- Performing Test CPPUNIT_CLASS - Success
-- Found Gettext: /usr/bin/msgmerge (found version "0.21") 
-- Looking for C++ include uuid/uuid.h
-- Looking for C++ include uuid/uuid.h - found
-- Looking for uuid_generate in uuid
-- Looking for uuid_generate in uuid - found
-- Looking for C++ include security/pam_appl.h
-- Looking for C++ include security/pam_appl.h - found
-- Looking for pam_authenticate in pam
-- Looking for pam_authenticate in pam - found
-- Found Doxygen: /usr/bin/doxygen (found version "1.9.1") found components: doxygen dot 
-- Looking for C++ include sys/personality.h
-- Looking for C++ include sys/personality.h - found
-- Looking for personality
-- Looking for personality - found
-- Generated schroot profile buildd/copyfiles
-- Generated schroot profile buildd/fstab
-- Generated schroot profile buildd/nssdatabases
-- Generated schroot profile default/copyfiles
-- Generated schroot profile default/fstab
-- Generated schroot profile default/nssdatabases
-- Generated schroot profile desktop/copyfiles
-- Generated schroot profile desktop/fstab
-- Generated schroot profile desktop/nssdatabases
-- Generated schroot profile minimal/copyfiles
-- Generated schroot profile minimal/fstab
-- Generated schroot profile minimal/nssdatabases
-- Generated schroot profile sbuild/copyfiles
-- Generated schroot profile sbuild/fstab
-- Generated schroot profile sbuild/nssdatabases
po4a::man: This page includes another file with '.so'. Do not forget to translate this file ('config.man').
po4a::man: This page includes another file with '.so'. Do not forget to translate this file ('authors.man').
po4a::man: This page includes another file with '.so'. Do not forget to translate this file ('copyright.man').
po4a::man: This page includes another file with '.so'. Do not forget to translate this file ('config.man').
po4a::man: This page includes another file with '.so'. Do not forget to translate this file ('authors.man').
po4a::man: This page includes another file with '.so'. Do not forget to translate this file ('copyright.man').
po4a::man: This page includes another file with '.so'. Do not forget to translate this file ('config.man').
po4a::man: This page includes another file with '.so'. Do not forget to translate this file ('authors.man').
po4a::man: This page includes another file with '.so'. Do not forget to translate this file ('copyright.man').
po4a::man: This page includes another file with '.so'. Do not forget to translate this file ('config.man').
po4a::man: This page includes another file with '.so'. Do not forget to translate this file ('authors.man').
po4a::man: This page includes another file with '.so'. Do not forget to translate this file ('copyright.man').
po4a::man: This page includes another file with '.so'. Do not forget to translate this file ('config.man').
po4a::man: This page includes another file with '.so'. Do not forget to translate this file ('authors.man').
po4a::man: This page includes another file with '.so'. Do not forget to translate this file ('copyright.man').
po4a::man: This page includes another file with '.so'. Do not forget to translate this file ('config.man').
po4a::man: This page includes another file with '.so'. Do not forget to translate this file ('authors.man').
po4a::man: This page includes another file with '.so'. Do not forget to translate this file ('copyright.man').
po4a::man: This page includes another file with '.so'. Do not forget to translate this file ('config.man').
po4a::man: This page includes another file with '.so'. Do not forget to translate this file ('authors.man').
po4a::man: This page includes another file with '.so'. Do not forget to translate this file ('copyright.man').
 (661 entries)
po4a::man: This page includes another file with '.so'. Do not forget to translate this file ('config.man').
po4a::man: This page includes another file with '.so'. Do not forget to translate this file ('authors.man').
po4a::man: This page includes another file with '.so'. Do not forget to translate this file ('copyright.man').
po4a::man: This page includes another file with '.so'. Do not forget to translate this file ('config.man').
po4a::man: This page includes another file with '.so'. Do not forget to translate this file ('authors.man').
po4a::man: This page includes another file with '.so'. Do not forget to translate this file ('copyright.man').
po4a::man: This page includes another file with '.so'. Do not forget to translate this file ('config.man').
po4a::man: This page includes another file with '.so'. Do not forget to translate this file ('authors.man').
po4a::man: This page includes another file with '.so'. Do not forget to translate this file ('copyright.man').
po4a::man: This page includes another file with '.so'. Do not forget to translate this file ('config.man').
po4a::man: This page includes another file with '.so'. Do not forget to translate this file ('authors.man').
po4a::man: This page includes another file with '.so'. Do not forget to translate this file ('copyright.man').
po4a::man: This page includes another file with '.so'. Do not forget to translate this file ('config.man').
po4a::man: This page includes another file with '.so'. Do not forget to translate this file ('authors.man').
po4a::man: This page includes another file with '.so'. Do not forget to translate this file ('copyright.man').
po4a::man: This page includes another file with '.so'. Do not forget to translate this file ('config.man').
po4a::man: This page includes another file with '.so'. Do not forget to translate this file ('authors.man').
po4a::man: This page includes another file with '.so'. Do not forget to translate this file ('copyright.man').
po4a::man: This page includes another file with '.so'. Do not forget to translate this file ('config.man').
po4a::man: This page includes another file with '.so'. Do not forget to translate this file ('authors.man').
po4a::man: This page includes another file with '.so'. Do not forget to translate this file ('copyright.man').
po4a::man: This page includes another file with '.so'. Do not forget to translate this file ('config.man').
po4a::man: This page includes another file with '.so'. Do not forget to translate this file ('authors.man').
po4a::man: This page includes another file with '.so'. Do not forget to translate this file ('copyright.man').
po4a::man: This page includes another file with '.so'. Do not forget to translate this file ('config.man').
po4a::man: This page includes another file with '.so'. Do not forget to translate this file ('authors.man').
po4a::man: This page includes another file with '.so'. Do not forget to translate this file ('copyright.man').
po4a::man: This page includes another file with '.so'. Do not forget to translate this file ('config.man').
po4a::man: This page includes another file with '.so'. Do not forget to translate this file ('authors.man').
po4a::man: This page includes another file with '.so'. Do not forget to translate this file ('copyright.man').
po4a::man: This page includes another file with '.so'. Do not forget to translate this file ('config.man').
po4a::man: This page includes another file with '.so'. Do not forget to translate this file ('authors.man').
po4a::man: This page includes another file with '.so'. Do not forget to translate this file ('copyright.man').
po4a::man: This page includes another file with '.so'. Do not forget to translate this file ('config.man').
po4a::man: This page includes another file with '.so'. Do not forget to translate this file ('authors.man').
po4a::man: This page includes another file with '.so'. Do not forget to translate this file ('copyright.man').
po4a::man: This page includes another file with '.so'. Do not forget to translate this file ('config.man').
po4a::man: This page includes another file with '.so'. Do not forget to translate this file ('authors.man').
po4a::man: This page includes another file with '.so'. Do not forget to translate this file ('copyright.man').
po4a::man: This page includes another file with '.so'. Do not forget to translate this file ('config.man').
po4a::man: This page includes another file with '.so'. Do not forget to translate this file ('authors.man').
po4a::man: This page includes another file with '.so'. Do not forget to translate this file ('copyright.man').
-- Configuring done
-- Generating done
CMake Warning:
  Manually-specified variables were not used by the project:

    CMAKE_EXPORT_NO_PACKAGE_REGISTRY
    CMAKE_FIND_PACKAGE_NO_PACKAGE_REGISTRY


-- Build files have been written to: /<<PKGBUILDDIR>>/debian/build
dh_testdir
make[1]: Leaving directory '/<<PKGBUILDDIR>>'
   debian/rules override_dh_auto_build
make[1]: Entering directory '/<<PKGBUILDDIR>>'
/usr/bin/make -C debian/build all VERBOSE=1
make[2]: Entering directory '/<<PKGBUILDDIR>>/debian/build'
/usr/bin/cmake -S/<<PKGBUILDDIR>> -B/<<PKGBUILDDIR>>/debian/build --check-build-system CMakeFiles/Makefile.cmake 0
/usr/bin/cmake -E cmake_progress_start /<<PKGBUILDDIR>>/debian/build/CMakeFiles /<<PKGBUILDDIR>>/debian/build//CMakeFiles/progress.marks
/usr/bin/make  -f CMakeFiles/Makefile2 all
make[3]: Entering directory '/<<PKGBUILDDIR>>/debian/build'
/usr/bin/make  -f sbuild/CMakeFiles/sbuild.dir/build.make sbuild/CMakeFiles/sbuild.dir/depend
/usr/bin/make  -f po/CMakeFiles/update-gmo.dir/build.make po/CMakeFiles/update-gmo.dir/depend
/usr/bin/make  -f man/CMakeFiles/manpages.dir/build.make man/CMakeFiles/manpages.dir/depend
/usr/bin/make  -f man/CMakeFiles/manpage-sources.dir/build.make man/CMakeFiles/manpage-sources.dir/depend
make[4]: Entering directory '/<<PKGBUILDDIR>>/debian/build'
cd /<<PKGBUILDDIR>>/debian/build && /usr/bin/cmake -E cmake_depends "Unix Makefiles" /<<PKGBUILDDIR>> /<<PKGBUILDDIR>>/po /<<PKGBUILDDIR>>/debian/build /<<PKGBUILDDIR>>/debian/build/po /<<PKGBUILDDIR>>/debian/build/po/CMakeFiles/update-gmo.dir/DependInfo.cmake --color=
make[4]: Entering directory '/<<PKGBUILDDIR>>/debian/build'
cd /<<PKGBUILDDIR>>/debian/build && /usr/bin/cmake -E cmake_depends "Unix Makefiles" /<<PKGBUILDDIR>> /<<PKGBUILDDIR>>/man /<<PKGBUILDDIR>>/debian/build /<<PKGBUILDDIR>>/debian/build/man /<<PKGBUILDDIR>>/debian/build/man/CMakeFiles/manpages.dir/DependInfo.cmake --color=
make[4]: Entering directory '/<<PKGBUILDDIR>>/debian/build'
cd /<<PKGBUILDDIR>>/debian/build && /usr/bin/cmake -E cmake_depends "Unix Makefiles" /<<PKGBUILDDIR>> /<<PKGBUILDDIR>>/sbuild /<<PKGBUILDDIR>>/debian/build /<<PKGBUILDDIR>>/debian/build/sbuild /<<PKGBUILDDIR>>/debian/build/sbuild/CMakeFiles/sbuild.dir/DependInfo.cmake --color=
make[4]: Entering directory '/<<PKGBUILDDIR>>/debian/build'
cd /<<PKGBUILDDIR>>/debian/build && /usr/bin/cmake -E cmake_depends "Unix Makefiles" /<<PKGBUILDDIR>> /<<PKGBUILDDIR>>/man /<<PKGBUILDDIR>>/debian/build /<<PKGBUILDDIR>>/debian/build/man /<<PKGBUILDDIR>>/debian/build/man/CMakeFiles/manpage-sources.dir/DependInfo.cmake --color=
make[4]: Leaving directory '/<<PKGBUILDDIR>>/debian/build'
make[4]: Leaving directory '/<<PKGBUILDDIR>>/debian/build'
/usr/bin/make  -f po/CMakeFiles/update-gmo.dir/build.make po/CMakeFiles/update-gmo.dir/build
/usr/bin/make  -f man/CMakeFiles/manpages.dir/build.make man/CMakeFiles/manpages.dir/build
make[4]: Leaving directory '/<<PKGBUILDDIR>>/debian/build'
/usr/bin/make  -f man/CMakeFiles/manpage-sources.dir/build.make man/CMakeFiles/manpage-sources.dir/build
make[4]: Entering directory '/<<PKGBUILDDIR>>/debian/build'
make[4]: Entering directory '/<<PKGBUILDDIR>>/debian/build'
make[4]: Entering directory '/<<PKGBUILDDIR>>/debian/build'
make[4]: Leaving directory '/<<PKGBUILDDIR>>/debian/build'
make[4]: Nothing to be done for 'man/CMakeFiles/manpage-sources.dir/build'.
make[4]: Leaving directory '/<<PKGBUILDDIR>>/debian/build'
/usr/bin/make  -f sbuild/CMakeFiles/sbuild.dir/build.make sbuild/CMakeFiles/sbuild.dir/build
make[4]: Entering directory '/<<PKGBUILDDIR>>/debian/build'
[  0%] Generating schroot.1
cd /<<PKGBUILDDIR>>/debian/build/man && /usr/bin/soelim -r -I/<<PKGBUILDDIR>>/debian/build/man -I/<<PKGBUILDDIR>>/man < /<<PKGBUILDDIR>>/man/schroot.1.man > /<<PKGBUILDDIR>>/debian/build/man/schroot.1
[  1%] Generating cs.gmo
cd /<<PKGBUILDDIR>>/debian/build/po && /usr/bin/cmake -E remove /<<PKGBUILDDIR>>/debian/build/po/cs.gmo
[  2%] Built target manpage-sources
[  2%] Building CXX object sbuild/CMakeFiles/sbuild.dir/sbuild-ctty.cc.o
cd /<<PKGBUILDDIR>>/debian/build/sbuild && /usr/bin/c++  -I/<<PKGBUILDDIR>>/debian/build/lib -I/<<PKGBUILDDIR>>/lib -I/<<PKGBUILDDIR>>/debian/build -I/<<PKGBUILDDIR>> -I/<<PKGBUILDDIR>>/sbuild -I/<<PKGBUILDDIR>>/debian/build/sbuild -g -O2 -ffile-prefix-map=/<<PKGBUILDDIR>>=. -fstack-protector-strong -Wformat -Werror=format-security -Wall -D_FILE_OFFSET_BITS=64 -D_LARGEFILE_SOURCE -Wdate-time -D_FORTIFY_SOURCE=2 -Wdate-time -D_FORTIFY_SOURCE=2 -std=c++11 -pedantic -Wall -Wcast-align -Wwrite-strings -Wswitch-default -Wcast-qual -Wunused-variable -Wredundant-decls -Wctor-dtor-privacy -Wnon-virtual-dtor -Wreorder -Wold-style-cast -Woverloaded-virtual -fstrict-aliasing -MD -MT sbuild/CMakeFiles/sbuild.dir/sbuild-ctty.cc.o -MF CMakeFiles/sbuild.dir/sbuild-ctty.cc.o.d -o CMakeFiles/sbuild.dir/sbuild-ctty.cc.o -c /<<PKGBUILDDIR>>/sbuild/sbuild-ctty.cc
cd /<<PKGBUILDDIR>>/debian/build/po && msgfmt -c --statistics -o /<<PKGBUILDDIR>>/debian/build/po/cs.gmo /<<PKGBUILDDIR>>/po/cs.po
[  3%] Generating schroot-setup.5
cd /<<PKGBUILDDIR>>/debian/build/man && /usr/bin/soelim -r -I/<<PKGBUILDDIR>>/debian/build/man -I/<<PKGBUILDDIR>>/man < /<<PKGBUILDDIR>>/man/schroot-setup.5.man > /<<PKGBUILDDIR>>/debian/build/man/schroot-setup.5
[  3%] Generating da.gmo
cd /<<PKGBUILDDIR>>/debian/build/po && /usr/bin/cmake -E remove /<<PKGBUILDDIR>>/debian/build/po/da.gmo
365 translated messages.
cd /<<PKGBUILDDIR>>/debian/build/po && touch /<<PKGBUILDDIR>>/debian/build/po/cs.gmo
[  4%] Generating schroot.conf.5
cd /<<PKGBUILDDIR>>/debian/build/man && /usr/bin/soelim -r -I/<<PKGBUILDDIR>>/debian/build/man -I/<<PKGBUILDDIR>>/man < /<<PKGBUILDDIR>>/man/schroot.conf.5.man > /<<PKGBUILDDIR>>/debian/build/man/schroot.conf.5
cd /<<PKGBUILDDIR>>/debian/build/po && msgfmt -c --statistics -o /<<PKGBUILDDIR>>/debian/build/po/da.gmo /<<PKGBUILDDIR>>/po/da.po
[  5%] Generating de.gmo
cd /<<PKGBUILDDIR>>/debian/build/po && /usr/bin/cmake -E remove /<<PKGBUILDDIR>>/debian/build/po/de.gmo
358 translated messages.
cd /<<PKGBUILDDIR>>/debian/build/po && touch /<<PKGBUILDDIR>>/debian/build/po/da.gmo
[  6%] Generating schroot-script-config.5
cd /<<PKGBUILDDIR>>/debian/build/man && /usr/bin/soelim -r -I/<<PKGBUILDDIR>>/debian/build/man -I/<<PKGBUILDDIR>>/man < /<<PKGBUILDDIR>>/man/schroot-script-config.5.man > /<<PKGBUILDDIR>>/debian/build/man/schroot-script-config.5
cd /<<PKGBUILDDIR>>/debian/build/po && msgfmt -c --statistics -o /<<PKGBUILDDIR>>/debian/build/po/de.gmo /<<PKGBUILDDIR>>/po/de.po
[  7%] Generating en.gmo
cd /<<PKGBUILDDIR>>/debian/build/po && /usr/bin/cmake -E remove /<<PKGBUILDDIR>>/debian/build/po/en.gmo
[  7%] Generating schroot-faq.7
cd /<<PKGBUILDDIR>>/debian/build/man && /usr/bin/soelim -r -I/<<PKGBUILDDIR>>/debian/build/man -I/<<PKGBUILDDIR>>/man < /<<PKGBUILDDIR>>/man/schroot-faq.7.man > /<<PKGBUILDDIR>>/debian/build/man/schroot-faq.7
358 translated messages.
cd /<<PKGBUILDDIR>>/debian/build/po && touch /<<PKGBUILDDIR>>/debian/build/po/de.gmo
cd /<<PKGBUILDDIR>>/debian/build/po && msgfmt -c --statistics -o /<<PKGBUILDDIR>>/debian/build/po/en.gmo /<<PKGBUILDDIR>>/po/en.po
[  8%] Generating translated/de/schroot-faq.7
cd /<<PKGBUILDDIR>>/debian/build/man && /usr/bin/soelim -r -I/<<PKGBUILDDIR>>/debian/build/man/translated/de -I/<<PKGBUILDDIR>>/debian/build/man -I/<<PKGBUILDDIR>>/man < /<<PKGBUILDDIR>>/debian/build/man/translated/de/schroot-faq.7.man > /<<PKGBUILDDIR>>/debian/build/man/translated/de/schroot-faq.7
[  8%] Generating translated/de/schroot-script-config.5
358 translated messages.
cd /<<PKGBUILDDIR>>/debian/build/po && touch /<<PKGBUILDDIR>>/debian/build/po/en.gmo
cd /<<PKGBUILDDIR>>/debian/build/man && /usr/bin/soelim -r -I/<<PKGBUILDDIR>>/debian/build/man/translated/de -I/<<PKGBUILDDIR>>/debian/build/man -I/<<PKGBUILDDIR>>/man < /<<PKGBUILDDIR>>/debian/build/man/translated/de/schroot-script-config.5.man > /<<PKGBUILDDIR>>/debian/build/man/translated/de/schroot-script-config.5
[  9%] Generating translated/de/schroot-setup.5
[  9%] Generating eu.gmo
cd /<<PKGBUILDDIR>>/debian/build/man && /usr/bin/soelim -r -I/<<PKGBUILDDIR>>/debian/build/man/translated/de -I/<<PKGBUILDDIR>>/debian/build/man -I/<<PKGBUILDDIR>>/man < /<<PKGBUILDDIR>>/debian/build/man/translated/de/schroot-setup.5.man > /<<PKGBUILDDIR>>/debian/build/man/translated/de/schroot-setup.5
cd /<<PKGBUILDDIR>>/debian/build/po && /usr/bin/cmake -E remove /<<PKGBUILDDIR>>/debian/build/po/eu.gmo
[ 10%] Generating translated/de/schroot.1
cd /<<PKGBUILDDIR>>/debian/build/man && /usr/bin/soelim -r -I/<<PKGBUILDDIR>>/debian/build/man/translated/de -I/<<PKGBUILDDIR>>/debian/build/man -I/<<PKGBUILDDIR>>/man < /<<PKGBUILDDIR>>/debian/build/man/translated/de/schroot.1.man > /<<PKGBUILDDIR>>/debian/build/man/translated/de/schroot.1
cd /<<PKGBUILDDIR>>/debian/build/po && msgfmt -c --statistics -o /<<PKGBUILDDIR>>/debian/build/po/eu.gmo /<<PKGBUILDDIR>>/po/eu.po
[ 10%] Generating translated/de/schroot.conf.5
cd /<<PKGBUILDDIR>>/debian/build/man && /usr/bin/soelim -r -I/<<PKGBUILDDIR>>/debian/build/man/translated/de -I/<<PKGBUILDDIR>>/debian/build/man -I/<<PKGBUILDDIR>>/man < /<<PKGBUILDDIR>>/debian/build/man/translated/de/schroot.conf.5.man > /<<PKGBUILDDIR>>/debian/build/man/translated/de/schroot.conf.5
[ 12%] Generating translated/fr/schroot-faq.7
cd /<<PKGBUILDDIR>>/debian/build/man && /usr/bin/soelim -r -I/<<PKGBUILDDIR>>/debian/build/man/translated/fr -I/<<PKGBUILDDIR>>/debian/build/man -I/<<PKGBUILDDIR>>/man < /<<PKGBUILDDIR>>/debian/build/man/translated/fr/schroot-faq.7.man > /<<PKGBUILDDIR>>/debian/build/man/translated/fr/schroot-faq.7
358 translated messages.
cd /<<PKGBUILDDIR>>/debian/build/po && touch /<<PKGBUILDDIR>>/debian/build/po/eu.gmo
[ 13%] Generating fr.gmo
cd /<<PKGBUILDDIR>>/debian/build/po && /usr/bin/cmake -E remove /<<PKGBUILDDIR>>/debian/build/po/fr.gmo
[ 14%] Generating translated/fr/schroot-script-config.5
cd /<<PKGBUILDDIR>>/debian/build/man && /usr/bin/soelim -r -I/<<PKGBUILDDIR>>/debian/build/man/translated/fr -I/<<PKGBUILDDIR>>/debian/build/man -I/<<PKGBUILDDIR>>/man < /<<PKGBUILDDIR>>/debian/build/man/translated/fr/schroot-script-config.5.man > /<<PKGBUILDDIR>>/debian/build/man/translated/fr/schroot-script-config.5
[ 15%] Generating it.gmo
cd /<<PKGBUILDDIR>>/debian/build/po && /usr/bin/cmake -E remove /<<PKGBUILDDIR>>/debian/build/po/it.gmo
cd /<<PKGBUILDDIR>>/debian/build/po && msgfmt -c --statistics -o /<<PKGBUILDDIR>>/debian/build/po/fr.gmo /<<PKGBUILDDIR>>/po/fr.po
[ 15%] Generating translated/fr/schroot-setup.5
cd /<<PKGBUILDDIR>>/debian/build/man && /usr/bin/soelim -r -I/<<PKGBUILDDIR>>/debian/build/man/translated/fr -I/<<PKGBUILDDIR>>/debian/build/man -I/<<PKGBUILDDIR>>/man < /<<PKGBUILDDIR>>/debian/build/man/translated/fr/schroot-setup.5.man > /<<PKGBUILDDIR>>/debian/build/man/translated/fr/schroot-setup.5
cd /<<PKGBUILDDIR>>/debian/build/po && msgfmt -c --statistics -o /<<PKGBUILDDIR>>/debian/build/po/it.gmo /<<PKGBUILDDIR>>/po/it.po
358 translated messages.
cd /<<PKGBUILDDIR>>/debian/build/po && touch /<<PKGBUILDDIR>>/debian/build/po/fr.gmo
247 translated messages, 91 fuzzy translations, 20 untranslated messages.
cd /<<PKGBUILDDIR>>/debian/build/po && touch /<<PKGBUILDDIR>>/debian/build/po/it.gmo
[ 16%] Generating translated/fr/schroot.1
cd /<<PKGBUILDDIR>>/debian/build/man && /usr/bin/soelim -r -I/<<PKGBUILDDIR>>/debian/build/man/translated/fr -I/<<PKGBUILDDIR>>/debian/build/man -I/<<PKGBUILDDIR>>/man < /<<PKGBUILDDIR>>/debian/build/man/translated/fr/schroot.1.man > /<<PKGBUILDDIR>>/debian/build/man/translated/fr/schroot.1
[ 16%] Generating pt.gmo
cd /<<PKGBUILDDIR>>/debian/build/po && /usr/bin/cmake -E remove /<<PKGBUILDDIR>>/debian/build/po/pt.gmo
[ 17%] Generating sv.gmo
cd /<<PKGBUILDDIR>>/debian/build/po && /usr/bin/cmake -E remove /<<PKGBUILDDIR>>/debian/build/po/sv.gmo
[ 18%] Generating translated/fr/schroot.conf.5
cd /<<PKGBUILDDIR>>/debian/build/man && /usr/bin/soelim -r -I/<<PKGBUILDDIR>>/debian/build/man/translated/fr -I/<<PKGBUILDDIR>>/debian/build/man -I/<<PKGBUILDDIR>>/man < /<<PKGBUILDDIR>>/debian/build/man/translated/fr/schroot.conf.5.man > /<<PKGBUILDDIR>>/debian/build/man/translated/fr/schroot.conf.5
make[4]: Leaving directory '/<<PKGBUILDDIR>>/debian/build'
cd /<<PKGBUILDDIR>>/debian/build/po && msgfmt -c --statistics -o /<<PKGBUILDDIR>>/debian/build/po/pt.gmo /<<PKGBUILDDIR>>/po/pt.po
cd /<<PKGBUILDDIR>>/debian/build/po && msgfmt -c --statistics -o /<<PKGBUILDDIR>>/debian/build/po/sv.gmo /<<PKGBUILDDIR>>/po/sv.po
357 translated messages, 1 fuzzy translation.
cd /<<PKGBUILDDIR>>/debian/build/po && touch /<<PKGBUILDDIR>>/debian/build/po/pt.gmo
[ 19%] Built target manpages
152 translated messages, 119 fuzzy translations, 87 untranslated messages.
cd /<<PKGBUILDDIR>>/debian/build/po && touch /<<PKGBUILDDIR>>/debian/build/po/sv.gmo
[ 20%] Generating vi.gmo
[ 20%] Generating zh_CN.gmo
cd /<<PKGBUILDDIR>>/debian/build/po && /usr/bin/cmake -E remove /<<PKGBUILDDIR>>/debian/build/po/vi.gmo
cd /<<PKGBUILDDIR>>/debian/build/po && /usr/bin/cmake -E remove /<<PKGBUILDDIR>>/debian/build/po/zh_CN.gmo
[ 21%] Building CXX object sbuild/CMakeFiles/sbuild.dir/sbuild-environment.cc.o
cd /<<PKGBUILDDIR>>/debian/build/sbuild && /usr/bin/c++  -I/<<PKGBUILDDIR>>/debian/build/lib -I/<<PKGBUILDDIR>>/lib -I/<<PKGBUILDDIR>>/debian/build -I/<<PKGBUILDDIR>> -I/<<PKGBUILDDIR>>/sbuild -I/<<PKGBUILDDIR>>/debian/build/sbuild -g -O2 -ffile-prefix-map=/<<PKGBUILDDIR>>=. -fstack-protector-strong -Wformat -Werror=format-security -Wall -D_FILE_OFFSET_BITS=64 -D_LARGEFILE_SOURCE -Wdate-time -D_FORTIFY_SOURCE=2 -Wdate-time -D_FORTIFY_SOURCE=2 -std=c++11 -pedantic -Wall -Wcast-align -Wwrite-strings -Wswitch-default -Wcast-qual -Wunused-variable -Wredundant-decls -Wctor-dtor-privacy -Wnon-virtual-dtor -Wreorder -Wold-style-cast -Woverloaded-virtual -fstrict-aliasing -MD -MT sbuild/CMakeFiles/sbuild.dir/sbuild-environment.cc.o -MF CMakeFiles/sbuild.dir/sbuild-environment.cc.o.d -o CMakeFiles/sbuild.dir/sbuild-environment.cc.o -c /<<PKGBUILDDIR>>/sbuild/sbuild-environment.cc
cd /<<PKGBUILDDIR>>/debian/build/po && msgfmt -c --statistics -o /<<PKGBUILDDIR>>/debian/build/po/vi.gmo /<<PKGBUILDDIR>>/po/vi.po
cd /<<PKGBUILDDIR>>/debian/build/po && msgfmt -c --statistics -o /<<PKGBUILDDIR>>/debian/build/po/zh_CN.gmo /<<PKGBUILDDIR>>/po/zh_CN.po
246 translated messages, 91 fuzzy translations, 21 untranslated messages.
cd /<<PKGBUILDDIR>>/debian/build/po && touch /<<PKGBUILDDIR>>/debian/build/po/vi.gmo
337 translated messages, 6 fuzzy translations, 15 untranslated messages.
cd /<<PKGBUILDDIR>>/debian/build/po && touch /<<PKGBUILDDIR>>/debian/build/po/zh_CN.gmo
make[4]: Leaving directory '/<<PKGBUILDDIR>>/debian/build'
[ 23%] Building CXX object sbuild/CMakeFiles/sbuild.dir/sbuild-feature.cc.o
cd /<<PKGBUILDDIR>>/debian/build/sbuild && /usr/bin/c++  -I/<<PKGBUILDDIR>>/debian/build/lib -I/<<PKGBUILDDIR>>/lib -I/<<PKGBUILDDIR>>/debian/build -I/<<PKGBUILDDIR>> -I/<<PKGBUILDDIR>>/sbuild -I/<<PKGBUILDDIR>>/debian/build/sbuild -g -O2 -ffile-prefix-map=/<<PKGBUILDDIR>>=. -fstack-protector-strong -Wformat -Werror=format-security -Wall -D_FILE_OFFSET_BITS=64 -D_LARGEFILE_SOURCE -Wdate-time -D_FORTIFY_SOURCE=2 -Wdate-time -D_FORTIFY_SOURCE=2 -std=c++11 -pedantic -Wall -Wcast-align -Wwrite-strings -Wswitch-default -Wcast-qual -Wunused-variable -Wredundant-decls -Wctor-dtor-privacy -Wnon-virtual-dtor -Wreorder -Wold-style-cast -Woverloaded-virtual -fstrict-aliasing -MD -MT sbuild/CMakeFiles/sbuild.dir/sbuild-feature.cc.o -MF CMakeFiles/sbuild.dir/sbuild-feature.cc.o.d -o CMakeFiles/sbuild.dir/sbuild-feature.cc.o -c /<<PKGBUILDDIR>>/sbuild/sbuild-feature.cc
[ 31%] Built target update-gmo
[ 31%] Building CXX object sbuild/CMakeFiles/sbuild.dir/sbuild-format-detail.cc.o
cd /<<PKGBUILDDIR>>/debian/build/sbuild && /usr/bin/c++  -I/<<PKGBUILDDIR>>/debian/build/lib -I/<<PKGBUILDDIR>>/lib -I/<<PKGBUILDDIR>>/debian/build -I/<<PKGBUILDDIR>> -I/<<PKGBUILDDIR>>/sbuild -I/<<PKGBUILDDIR>>/debian/build/sbuild -g -O2 -ffile-prefix-map=/<<PKGBUILDDIR>>=. -fstack-protector-strong -Wformat -Werror=format-security -Wall -D_FILE_OFFSET_BITS=64 -D_LARGEFILE_SOURCE -Wdate-time -D_FORTIFY_SOURCE=2 -Wdate-time -D_FORTIFY_SOURCE=2 -std=c++11 -pedantic -Wall -Wcast-align -Wwrite-strings -Wswitch-default -Wcast-qual -Wunused-variable -Wredundant-decls -Wctor-dtor-privacy -Wnon-virtual-dtor -Wreorder -Wold-style-cast -Woverloaded-virtual -fstrict-aliasing -MD -MT sbuild/CMakeFiles/sbuild.dir/sbuild-format-detail.cc.o -MF CMakeFiles/sbuild.dir/sbuild-format-detail.cc.o.d -o CMakeFiles/sbuild.dir/sbuild-format-detail.cc.o -c /<<PKGBUILDDIR>>/sbuild/sbuild-format-detail.cc
In file included from /<<PKGBUILDDIR>>/sbuild/sbuild-format-detail.cc:21:
In file included from /<<PKGBUILDDIR>>/sbuild/sbuild-format-detail.h:23:
In file included from /<<PKGBUILDDIR>>/sbuild/sbuild-util.h:22:
In file included from /<<PKGBUILDDIR>>/sbuild/sbuild-environment.h:23:
In file included from /<<PKGBUILDDIR>>/sbuild/sbuild-parse-value.h:22:
In file included from /<<PKGBUILDDIR>>/sbuild/sbuild-parse-error.h:22:
In file included from /<<PKGBUILDDIR>>/sbuild/sbuild-custom-error.h:22:
In file included from /<<PKGBUILDDIR>>/sbuild/sbuild-error.h:344:
/<<PKGBUILDDIR>>/sbuild/sbuild-error.tcc:260:43: warning: instantiation of variable 'sbuild::error<sbuild::stat::error_code>::error_strings' required here, but no definition is available [-Wundefined-var-template]
  typename map_type::const_iterator pos = error_strings.find(error);
                                          ^
/<<PKGBUILDDIR>>/sbuild/sbuild-error.tcc:39:19: note: in instantiation of member function 'sbuild::error<sbuild::stat::error_code>::get_error' requested here
  std::string msg(get_error(error));
                  ^
/<<PKGBUILDDIR>>/sbuild/sbuild-custom-error.h:122:30: note: in instantiation of function template specialization 'sbuild::error<sbuild::stat::error_code>::format_error<std::basic_string<char>, sbuild::null, sbuild::null, char *, sbuild::null, sbuild::null>' requested here
      sbuild::error<T>(this->format_error(context, null(), null(), error, detail, null(), null()),
                             ^
/<<PKGBUILDDIR>>/sbuild/sbuild-util.h:414:19: note: in instantiation of function template specialization 'sbuild::custom_error<sbuild::stat::error_code>::custom_error<std::basic_string<char>, char *>' requested here
            throw error(this->file, FILE, std::strerror(this->errorno));
                  ^
/<<PKGBUILDDIR>>/sbuild/sbuild-error.h:146:21: note: forward declaration of template entity is here
    static map_type error_strings;
                    ^
/<<PKGBUILDDIR>>/sbuild/sbuild-error.tcc:260:43: note: add an explicit instantiation declaration to suppress this warning if 'sbuild::error<sbuild::stat::error_code>::error_strings' is explicitly instantiated in another translation unit
  typename map_type::const_iterator pos = error_strings.find(error);
                                          ^
[ 32%] Building CXX object sbuild/CMakeFiles/sbuild.dir/sbuild-keyfile-base.cc.o
cd /<<PKGBUILDDIR>>/debian/build/sbuild && /usr/bin/c++  -I/<<PKGBUILDDIR>>/debian/build/lib -I/<<PKGBUILDDIR>>/lib -I/<<PKGBUILDDIR>>/debian/build -I/<<PKGBUILDDIR>> -I/<<PKGBUILDDIR>>/sbuild -I/<<PKGBUILDDIR>>/debian/build/sbuild -g -O2 -ffile-prefix-map=/<<PKGBUILDDIR>>=. -fstack-protector-strong -Wformat -Werror=format-security -Wall -D_FILE_OFFSET_BITS=64 -D_LARGEFILE_SOURCE -Wdate-time -D_FORTIFY_SOURCE=2 -Wdate-time -D_FORTIFY_SOURCE=2 -std=c++11 -pedantic -Wall -Wcast-align -Wwrite-strings -Wswitch-default -Wcast-qual -Wunused-variable -Wredundant-decls -Wctor-dtor-privacy -Wnon-virtual-dtor -Wreorder -Wold-style-cast -Woverloaded-virtual -fstrict-aliasing -MD -MT sbuild/CMakeFiles/sbuild.dir/sbuild-keyfile-base.cc.o -MF CMakeFiles/sbuild.dir/sbuild-keyfile-base.cc.o.d -o CMakeFiles/sbuild.dir/sbuild-keyfile-base.cc.o -c /<<PKGBUILDDIR>>/sbuild/sbuild-keyfile-base.cc
[ 34%] Building CXX object sbuild/CMakeFiles/sbuild.dir/sbuild-lock.cc.o
cd /<<PKGBUILDDIR>>/debian/build/sbuild && /usr/bin/c++  -I/<<PKGBUILDDIR>>/debian/build/lib -I/<<PKGBUILDDIR>>/lib -I/<<PKGBUILDDIR>>/debian/build -I/<<PKGBUILDDIR>> -I/<<PKGBUILDDIR>>/sbuild -I/<<PKGBUILDDIR>>/debian/build/sbuild -g -O2 -ffile-prefix-map=/<<PKGBUILDDIR>>=. -fstack-protector-strong -Wformat -Werror=format-security -Wall -D_FILE_OFFSET_BITS=64 -D_LARGEFILE_SOURCE -Wdate-time -D_FORTIFY_SOURCE=2 -Wdate-time -D_FORTIFY_SOURCE=2 -std=c++11 -pedantic -Wall -Wcast-align -Wwrite-strings -Wswitch-default -Wcast-qual -Wunused-variable -Wredundant-decls -Wctor-dtor-privacy -Wnon-virtual-dtor -Wreorder -Wold-style-cast -Woverloaded-virtual -fstrict-aliasing -MD -MT sbuild/CMakeFiles/sbuild.dir/sbuild-lock.cc.o -MF CMakeFiles/sbuild.dir/sbuild-lock.cc.o.d -o CMakeFiles/sbuild.dir/sbuild-lock.cc.o -c /<<PKGBUILDDIR>>/sbuild/sbuild-lock.cc
1 warning generated.
[ 34%] Building CXX object sbuild/CMakeFiles/sbuild.dir/sbuild-log.cc.o
cd /<<PKGBUILDDIR>>/debian/build/sbuild && /usr/bin/c++  -I/<<PKGBUILDDIR>>/debian/build/lib -I/<<PKGBUILDDIR>>/lib -I/<<PKGBUILDDIR>>/debian/build -I/<<PKGBUILDDIR>> -I/<<PKGBUILDDIR>>/sbuild -I/<<PKGBUILDDIR>>/debian/build/sbuild -g -O2 -ffile-prefix-map=/<<PKGBUILDDIR>>=. -fstack-protector-strong -Wformat -Werror=format-security -Wall -D_FILE_OFFSET_BITS=64 -D_LARGEFILE_SOURCE -Wdate-time -D_FORTIFY_SOURCE=2 -Wdate-time -D_FORTIFY_SOURCE=2 -std=c++11 -pedantic -Wall -Wcast-align -Wwrite-strings -Wswitch-default -Wcast-qual -Wunused-variable -Wredundant-decls -Wctor-dtor-privacy -Wnon-virtual-dtor -Wreorder -Wold-style-cast -Woverloaded-virtual -fstrict-aliasing -MD -MT sbuild/CMakeFiles/sbuild.dir/sbuild-log.cc.o -MF CMakeFiles/sbuild.dir/sbuild-log.cc.o.d -o CMakeFiles/sbuild.dir/sbuild-log.cc.o -c /<<PKGBUILDDIR>>/sbuild/sbuild-log.cc
[ 35%] Building CXX object sbuild/CMakeFiles/sbuild.dir/sbuild-mntstream.cc.o
cd /<<PKGBUILDDIR>>/debian/build/sbuild && /usr/bin/c++  -I/<<PKGBUILDDIR>>/debian/build/lib -I/<<PKGBUILDDIR>>/lib -I/<<PKGBUILDDIR>>/debian/build -I/<<PKGBUILDDIR>> -I/<<PKGBUILDDIR>>/sbuild -I/<<PKGBUILDDIR>>/debian/build/sbuild -g -O2 -ffile-prefix-map=/<<PKGBUILDDIR>>=. -fstack-protector-strong -Wformat -Werror=format-security -Wall -D_FILE_OFFSET_BITS=64 -D_LARGEFILE_SOURCE -Wdate-time -D_FORTIFY_SOURCE=2 -Wdate-time -D_FORTIFY_SOURCE=2 -std=c++11 -pedantic -Wall -Wcast-align -Wwrite-strings -Wswitch-default -Wcast-qual -Wunused-variable -Wredundant-decls -Wctor-dtor-privacy -Wnon-virtual-dtor -Wreorder -Wold-style-cast -Woverloaded-virtual -fstrict-aliasing -MD -MT sbuild/CMakeFiles/sbuild.dir/sbuild-mntstream.cc.o -MF CMakeFiles/sbuild.dir/sbuild-mntstream.cc.o.d -o CMakeFiles/sbuild.dir/sbuild-mntstream.cc.o -c /<<PKGBUILDDIR>>/sbuild/sbuild-mntstream.cc
In file included from /<<PKGBUILDDIR>>/sbuild/sbuild-keyfile-base.cc:21:
In file included from /<<PKGBUILDDIR>>/sbuild/sbuild-keyfile-base.h:24:
In file included from /<<PKGBUILDDIR>>/sbuild/sbuild-parse-error.h:22:
In file included from /<<PKGBUILDDIR>>/sbuild/sbuild-custom-error.h:22:
In file included from /<<PKGBUILDDIR>>/sbuild/sbuild-error.h:344:
/<<PKGBUILDDIR>>/sbuild/sbuild-error.tcc:260:43: warning: instantiation of variable 'sbuild::error<sbuild::stat::error_code>::error_strings' required here, but no definition is available [-Wundefined-var-template]
  typename map_type::const_iterator pos = error_strings.find(error);
                                          ^
/<<PKGBUILDDIR>>/sbuild/sbuild-error.tcc:39:19: note: in instantiation of member function 'sbuild::error<sbuild::stat::error_code>::get_error' requested here
  std::string msg(get_error(error));
                  ^
/<<PKGBUILDDIR>>/sbuild/sbuild-custom-error.h:122:30: note: in instantiation of function template specialization 'sbuild::error<sbuild::stat::error_code>::format_error<std::basic_string<char>, sbuild::null, sbuild::null, char *, sbuild::null, sbuild::null>' requested here
      sbuild::error<T>(this->format_error(context, null(), null(), error, detail, null(), null()),
                             ^
/<<PKGBUILDDIR>>/sbuild/sbuild-util.h:414:19: note: in instantiation of function template specialization 'sbuild::custom_error<sbuild::stat::error_code>::custom_error<std::basic_string<char>, char *>' requested here
            throw error(this->file, FILE, std::strerror(this->errorno));
                  ^
/<<PKGBUILDDIR>>/sbuild/sbuild-error.h:146:21: note: forward declaration of template entity is here
    static map_type error_strings;
                    ^
/<<PKGBUILDDIR>>/sbuild/sbuild-error.tcc:260:43: note: add an explicit instantiation declaration to suppress this warning if 'sbuild::error<sbuild::stat::error_code>::error_strings' is explicitly instantiated in another translation unit
  typename map_type::const_iterator pos = error_strings.find(error);
                                          ^
1 warning generated.
[ 36%] Building CXX object sbuild/CMakeFiles/sbuild.dir/sbuild-nostream.cc.o
cd /<<PKGBUILDDIR>>/debian/build/sbuild && /usr/bin/c++  -I/<<PKGBUILDDIR>>/debian/build/lib -I/<<PKGBUILDDIR>>/lib -I/<<PKGBUILDDIR>>/debian/build -I/<<PKGBUILDDIR>> -I/<<PKGBUILDDIR>>/sbuild -I/<<PKGBUILDDIR>>/debian/build/sbuild -g -O2 -ffile-prefix-map=/<<PKGBUILDDIR>>=. -fstack-protector-strong -Wformat -Werror=format-security -Wall -D_FILE_OFFSET_BITS=64 -D_LARGEFILE_SOURCE -Wdate-time -D_FORTIFY_SOURCE=2 -Wdate-time -D_FORTIFY_SOURCE=2 -std=c++11 -pedantic -Wall -Wcast-align -Wwrite-strings -Wswitch-default -Wcast-qual -Wunused-variable -Wredundant-decls -Wctor-dtor-privacy -Wnon-virtual-dtor -Wreorder -Wold-style-cast -Woverloaded-virtual -fstrict-aliasing -MD -MT sbuild/CMakeFiles/sbuild.dir/sbuild-nostream.cc.o -MF CMakeFiles/sbuild.dir/sbuild-nostream.cc.o.d -o CMakeFiles/sbuild.dir/sbuild-nostream.cc.o -c /<<PKGBUILDDIR>>/sbuild/sbuild-nostream.cc
[ 36%] Building CXX object sbuild/CMakeFiles/sbuild.dir/sbuild-null.cc.o
cd /<<PKGBUILDDIR>>/debian/build/sbuild && /usr/bin/c++  -I/<<PKGBUILDDIR>>/debian/build/lib -I/<<PKGBUILDDIR>>/lib -I/<<PKGBUILDDIR>>/debian/build -I/<<PKGBUILDDIR>> -I/<<PKGBUILDDIR>>/sbuild -I/<<PKGBUILDDIR>>/debian/build/sbuild -g -O2 -ffile-prefix-map=/<<PKGBUILDDIR>>=. -fstack-protector-strong -Wformat -Werror=format-security -Wall -D_FILE_OFFSET_BITS=64 -D_LARGEFILE_SOURCE -Wdate-time -D_FORTIFY_SOURCE=2 -Wdate-time -D_FORTIFY_SOURCE=2 -std=c++11 -pedantic -Wall -Wcast-align -Wwrite-strings -Wswitch-default -Wcast-qual -Wunused-variable -Wredundant-decls -Wctor-dtor-privacy -Wnon-virtual-dtor -Wreorder -Wold-style-cast -Woverloaded-virtual -fstrict-aliasing -MD -MT sbuild/CMakeFiles/sbuild.dir/sbuild-null.cc.o -MF CMakeFiles/sbuild.dir/sbuild-null.cc.o.d -o CMakeFiles/sbuild.dir/sbuild-null.cc.o -c /<<PKGBUILDDIR>>/sbuild/sbuild-null.cc
[ 37%] Building CXX object sbuild/CMakeFiles/sbuild.dir/sbuild-parse-value.cc.o
cd /<<PKGBUILDDIR>>/debian/build/sbuild && /usr/bin/c++  -I/<<PKGBUILDDIR>>/debian/build/lib -I/<<PKGBUILDDIR>>/lib -I/<<PKGBUILDDIR>>/debian/build -I/<<PKGBUILDDIR>> -I/<<PKGBUILDDIR>>/sbuild -I/<<PKGBUILDDIR>>/debian/build/sbuild -g -O2 -ffile-prefix-map=/<<PKGBUILDDIR>>=. -fstack-protector-strong -Wformat -Werror=format-security -Wall -D_FILE_OFFSET_BITS=64 -D_LARGEFILE_SOURCE -Wdate-time -D_FORTIFY_SOURCE=2 -Wdate-time -D_FORTIFY_SOURCE=2 -std=c++11 -pedantic -Wall -Wcast-align -Wwrite-strings -Wswitch-default -Wcast-qual -Wunused-variable -Wredundant-decls -Wctor-dtor-privacy -Wnon-virtual-dtor -Wreorder -Wold-style-cast -Woverloaded-virtual -fstrict-aliasing -MD -MT sbuild/CMakeFiles/sbuild.dir/sbuild-parse-value.cc.o -MF CMakeFiles/sbuild.dir/sbuild-parse-value.cc.o.d -o CMakeFiles/sbuild.dir/sbuild-parse-value.cc.o -c /<<PKGBUILDDIR>>/sbuild/sbuild-parse-value.cc
In file included from /<<PKGBUILDDIR>>/sbuild/sbuild-log.cc:21:
In file included from /<<PKGBUILDDIR>>/sbuild/sbuild-ctty.h:23:
In file included from /<<PKGBUILDDIR>>/sbuild/sbuild-parse-error.h:22:
In file included from /<<PKGBUILDDIR>>/sbuild/sbuild-custom-error.h:22:
In file included from /<<PKGBUILDDIR>>/sbuild/sbuild-error.h:344:
/<<PKGBUILDDIR>>/sbuild/sbuild-error.tcc:260:43: warning: instantiation of variable 'sbuild::error<sbuild::stat::error_code>::error_strings' required here, but no definition is available [-Wundefined-var-template]
  typename map_type::const_iterator pos = error_strings.find(error);
                                          ^
/<<PKGBUILDDIR>>/sbuild/sbuild-error.tcc:39:19: note: in instantiation of member function 'sbuild::error<sbuild::stat::error_code>::get_error' requested here
  std::string msg(get_error(error));
                  ^
/<<PKGBUILDDIR>>/sbuild/sbuild-custom-error.h:122:30: note: in instantiation of function template specialization 'sbuild::error<sbuild::stat::error_code>::format_error<std::basic_string<char>, sbuild::null, sbuild::null, char *, sbuild::null, sbuild::null>' requested here
      sbuild::error<T>(this->format_error(context, null(), null(), error, detail, null(), null()),
                             ^
/<<PKGBUILDDIR>>/sbuild/sbuild-util.h:414:19: note: in instantiation of function template specialization 'sbuild::custom_error<sbuild::stat::error_code>::custom_error<std::basic_string<char>, char *>' requested here
            throw error(this->file, FILE, std::strerror(this->errorno));
                  ^
/<<PKGBUILDDIR>>/sbuild/sbuild-error.h:146:21: note: forward declaration of template entity is here
    static map_type error_strings;
                    ^
/<<PKGBUILDDIR>>/sbuild/sbuild-error.tcc:260:43: note: add an explicit instantiation declaration to suppress this warning if 'sbuild::error<sbuild::stat::error_code>::error_strings' is explicitly instantiated in another translation unit
  typename map_type::const_iterator pos = error_strings.find(error);
                                          ^
[ 38%] Building CXX object sbuild/CMakeFiles/sbuild.dir/sbuild-personality.cc.o
cd /<<PKGBUILDDIR>>/debian/build/sbuild && /usr/bin/c++  -I/<<PKGBUILDDIR>>/debian/build/lib -I/<<PKGBUILDDIR>>/lib -I/<<PKGBUILDDIR>>/debian/build -I/<<PKGBUILDDIR>> -I/<<PKGBUILDDIR>>/sbuild -I/<<PKGBUILDDIR>>/debian/build/sbuild -g -O2 -ffile-prefix-map=/<<PKGBUILDDIR>>=. -fstack-protector-strong -Wformat -Werror=format-security -Wall -D_FILE_OFFSET_BITS=64 -D_LARGEFILE_SOURCE -Wdate-time -D_FORTIFY_SOURCE=2 -Wdate-time -D_FORTIFY_SOURCE=2 -std=c++11 -pedantic -Wall -Wcast-align -Wwrite-strings -Wswitch-default -Wcast-qual -Wunused-variable -Wredundant-decls -Wctor-dtor-privacy -Wnon-virtual-dtor -Wreorder -Wold-style-cast -Woverloaded-virtual -fstrict-aliasing -MD -MT sbuild/CMakeFiles/sbuild.dir/sbuild-personality.cc.o -MF CMakeFiles/sbuild.dir/sbuild-personality.cc.o.d -o CMakeFiles/sbuild.dir/sbuild-personality.cc.o -c /<<PKGBUILDDIR>>/sbuild/sbuild-personality.cc
[ 38%] Building CXX object sbuild/CMakeFiles/sbuild.dir/sbuild-run-parts.cc.o
cd /<<PKGBUILDDIR>>/debian/build/sbuild && /usr/bin/c++  -I/<<PKGBUILDDIR>>/debian/build/lib -I/<<PKGBUILDDIR>>/lib -I/<<PKGBUILDDIR>>/debian/build -I/<<PKGBUILDDIR>> -I/<<PKGBUILDDIR>>/sbuild -I/<<PKGBUILDDIR>>/debian/build/sbuild -g -O2 -ffile-prefix-map=/<<PKGBUILDDIR>>=. -fstack-protector-strong -Wformat -Werror=format-security -Wall -D_FILE_OFFSET_BITS=64 -D_LARGEFILE_SOURCE -Wdate-time -D_FORTIFY_SOURCE=2 -Wdate-time -D_FORTIFY_SOURCE=2 -std=c++11 -pedantic -Wall -Wcast-align -Wwrite-strings -Wswitch-default -Wcast-qual -Wunused-variable -Wredundant-decls -Wctor-dtor-privacy -Wnon-virtual-dtor -Wreorder -Wold-style-cast -Woverloaded-virtual -fstrict-aliasing -MD -MT sbuild/CMakeFiles/sbuild.dir/sbuild-run-parts.cc.o -MF CMakeFiles/sbuild.dir/sbuild-run-parts.cc.o.d -o CMakeFiles/sbuild.dir/sbuild-run-parts.cc.o -c /<<PKGBUILDDIR>>/sbuild/sbuild-run-parts.cc
1 warning generated.
[ 39%] Building CXX object sbuild/CMakeFiles/sbuild.dir/sbuild-session.cc.o
cd /<<PKGBUILDDIR>>/debian/build/sbuild && /usr/bin/c++  -I/<<PKGBUILDDIR>>/debian/build/lib -I/<<PKGBUILDDIR>>/lib -I/<<PKGBUILDDIR>>/debian/build -I/<<PKGBUILDDIR>> -I/<<PKGBUILDDIR>>/sbuild -I/<<PKGBUILDDIR>>/debian/build/sbuild -g -O2 -ffile-prefix-map=/<<PKGBUILDDIR>>=. -fstack-protector-strong -Wformat -Werror=format-security -Wall -D_FILE_OFFSET_BITS=64 -D_LARGEFILE_SOURCE -Wdate-time -D_FORTIFY_SOURCE=2 -Wdate-time -D_FORTIFY_SOURCE=2 -std=c++11 -pedantic -Wall -Wcast-align -Wwrite-strings -Wswitch-default -Wcast-qual -Wunused-variable -Wredundant-decls -Wctor-dtor-privacy -Wnon-virtual-dtor -Wreorder -Wold-style-cast -Woverloaded-virtual -fstrict-aliasing -MD -MT sbuild/CMakeFiles/sbuild.dir/sbuild-session.cc.o -MF CMakeFiles/sbuild.dir/sbuild-session.cc.o.d -o CMakeFiles/sbuild.dir/sbuild-session.cc.o -c /<<PKGBUILDDIR>>/sbuild/sbuild-session.cc
[ 40%] Building CXX object sbuild/CMakeFiles/sbuild.dir/sbuild-types.cc.o
cd /<<PKGBUILDDIR>>/debian/build/sbuild && /usr/bin/c++  -I/<<PKGBUILDDIR>>/debian/build/lib -I/<<PKGBUILDDIR>>/lib -I/<<PKGBUILDDIR>>/debian/build -I/<<PKGBUILDDIR>> -I/<<PKGBUILDDIR>>/sbuild -I/<<PKGBUILDDIR>>/debian/build/sbuild -g -O2 -ffile-prefix-map=/<<PKGBUILDDIR>>=. -fstack-protector-strong -Wformat -Werror=format-security -Wall -D_FILE_OFFSET_BITS=64 -D_LARGEFILE_SOURCE -Wdate-time -D_FORTIFY_SOURCE=2 -Wdate-time -D_FORTIFY_SOURCE=2 -std=c++11 -pedantic -Wall -Wcast-align -Wwrite-strings -Wswitch-default -Wcast-qual -Wunused-variable -Wredundant-decls -Wctor-dtor-privacy -Wnon-virtual-dtor -Wreorder -Wold-style-cast -Woverloaded-virtual -fstrict-aliasing -MD -MT sbuild/CMakeFiles/sbuild.dir/sbuild-types.cc.o -MF CMakeFiles/sbuild.dir/sbuild-types.cc.o.d -o CMakeFiles/sbuild.dir/sbuild-types.cc.o -c /<<PKGBUILDDIR>>/sbuild/sbuild-types.cc
[ 40%] Building CXX object sbuild/CMakeFiles/sbuild.dir/sbuild-util.cc.o
cd /<<PKGBUILDDIR>>/debian/build/sbuild && /usr/bin/c++  -I/<<PKGBUILDDIR>>/debian/build/lib -I/<<PKGBUILDDIR>>/lib -I/<<PKGBUILDDIR>>/debian/build -I/<<PKGBUILDDIR>> -I/<<PKGBUILDDIR>>/sbuild -I/<<PKGBUILDDIR>>/debian/build/sbuild -g -O2 -ffile-prefix-map=/<<PKGBUILDDIR>>=. -fstack-protector-strong -Wformat -Werror=format-security -Wall -D_FILE_OFFSET_BITS=64 -D_LARGEFILE_SOURCE -Wdate-time -D_FORTIFY_SOURCE=2 -Wdate-time -D_FORTIFY_SOURCE=2 -std=c++11 -pedantic -Wall -Wcast-align -Wwrite-strings -Wswitch-default -Wcast-qual -Wunused-variable -Wredundant-decls -Wctor-dtor-privacy -Wnon-virtual-dtor -Wreorder -Wold-style-cast -Woverloaded-virtual -fstrict-aliasing -MD -MT sbuild/CMakeFiles/sbuild.dir/sbuild-util.cc.o -MF CMakeFiles/sbuild.dir/sbuild-util.cc.o.d -o CMakeFiles/sbuild.dir/sbuild-util.cc.o -c /<<PKGBUILDDIR>>/sbuild/sbuild-util.cc
In file included from /<<PKGBUILDDIR>>/sbuild/sbuild-session.cc:21:
In file included from /<<PKGBUILDDIR>>/sbuild/sbuild-chroot.h:25:
In file included from /<<PKGBUILDDIR>>/sbuild/sbuild-keyfile.h:22:
In file included from /<<PKGBUILDDIR>>/sbuild/sbuild-basic-keyfile.h:1511:
/<<PKGBUILDDIR>>/sbuild/sbuild-basic-keyfile.tcc:56:28: warning: ISO C++ requires the name after '::~' to be found in the same scope as the name before '::~' [-Wdtor-name]
sbuild::basic_keyfile<K, P>::~basic_keyfile()
~~~~~~~~~~~~~~~~~~~~~~~~~~~^~
                           ::basic_keyfile
/<<PKGBUILDDIR>>/sbuild/sbuild-basic-keyfile.tcc:217:18: error: no viable overloaded '='
      localename = std::locale::classic();
      ~~~~~~~~~~ ^ ~~~~~~~~~~~~~~~~~~~~~~
/usr/bin/../lib/gcc/x86_64-linux-gnu/11/../../../../include/c++/11/bits/basic_string.h:678:7: note: candidate function not viable: no known conversion from 'const std::locale' to 'const std::basic_string<char>' for 1st argument
      operator=(const basic_string& __str)
      ^
/usr/bin/../lib/gcc/x86_64-linux-gnu/11/../../../../include/c++/11/bits/basic_string.h:688:7: note: candidate function not viable: no known conversion from 'const std::locale' to 'const char *' for 1st argument
      operator=(const _CharT* __s)
      ^
/usr/bin/../lib/gcc/x86_64-linux-gnu/11/../../../../include/c++/11/bits/basic_string.h:699:7: note: candidate function not viable: no known conversion from 'const std::locale' to 'char' for 1st argument
      operator=(_CharT __c)
      ^
/usr/bin/../lib/gcc/x86_64-linux-gnu/11/../../../../include/c++/11/bits/basic_string.h:716:7: note: candidate function not viable: no known conversion from 'const std::locale' to 'std::basic_string<char>' for 1st argument
      operator=(basic_string&& __str)
      ^
/usr/bin/../lib/gcc/x86_64-linux-gnu/11/../../../../include/c++/11/bits/basic_string.h:784:7: note: candidate function not viable: no known conversion from 'const std::locale' to 'initializer_list<char>' for 1st argument
      operator=(initializer_list<_CharT> __l)
      ^
In file included from /<<PKGBUILDDIR>>/sbuild/sbuild-session.cc:21:
/<<PKGBUILDDIR>>/sbuild/sbuild-chroot.h:884:17: warning: using the result of an assignment as a condition without parentheses [-Wparentheses]
        if (ret = std::dynamic_pointer_cast<T>(*pos))
            ~~~~^~~~~~~~~~~~~~~~~~~~~~~~~~~~~~~~~~~~
/<<PKGBUILDDIR>>/sbuild/sbuild-chroot.h:884:17: note: place parentheses around the assignment to silence this warning
        if (ret = std::dynamic_pointer_cast<T>(*pos))
                ^
            (                                       )
/<<PKGBUILDDIR>>/sbuild/sbuild-chroot.h:884:17: note: use '==' to turn this assignment into an equality comparison
        if (ret = std::dynamic_pointer_cast<T>(*pos))
                ^
                ==
/<<PKGBUILDDIR>>/sbuild/sbuild-chroot.h:901:17: warning: using the result of an assignment as a condition without parentheses [-Wparentheses]
        if (ret = std::dynamic_pointer_cast<T>(*pos))
            ~~~~^~~~~~~~~~~~~~~~~~~~~~~~~~~~~~~~~~~~
/<<PKGBUILDDIR>>/sbuild/sbuild-chroot.h:901:17: note: place parentheses around the assignment to silence this warning
        if (ret = std::dynamic_pointer_cast<T>(*pos))
                ^
            (                                       )
/<<PKGBUILDDIR>>/sbuild/sbuild-chroot.h:901:17: note: use '==' to turn this assignment into an equality comparison
        if (ret = std::dynamic_pointer_cast<T>(*pos))
                ^
                ==
In file included from /<<PKGBUILDDIR>>/sbuild/sbuild-run-parts.cc:21:
In file included from /<<PKGBUILDDIR>>/sbuild/sbuild-run-parts.h:22:
In file included from /<<PKGBUILDDIR>>/sbuild/sbuild-custom-error.h:22:
In file included from /<<PKGBUILDDIR>>/sbuild/sbuild-error.h:344:
/<<PKGBUILDDIR>>/sbuild/sbuild-error.tcc:260:43: warning: instantiation of variable 'sbuild::error<sbuild::stat::error_code>::error_strings' required here, but no definition is available [-Wundefined-var-template]
  typename map_type::const_iterator pos = error_strings.find(error);
                                          ^
/<<PKGBUILDDIR>>/sbuild/sbuild-error.tcc:39:19: note: in instantiation of member function 'sbuild::error<sbuild::stat::error_code>::get_error' requested here
  std::string msg(get_error(error));
                  ^
/<<PKGBUILDDIR>>/sbuild/sbuild-custom-error.h:122:30: note: in instantiation of function template specialization 'sbuild::error<sbuild::stat::error_code>::format_error<std::basic_string<char>, sbuild::null, sbuild::null, char *, sbuild::null, sbuild::null>' requested here
      sbuild::error<T>(this->format_error(context, null(), null(), error, detail, null(), null()),
                             ^
/<<PKGBUILDDIR>>/sbuild/sbuild-util.h:414:19: note: in instantiation of function template specialization 'sbuild::custom_error<sbuild::stat::error_code>::custom_error<std::basic_string<char>, char *>' requested here
            throw error(this->file, FILE, std::strerror(this->errorno));
                  ^
/<<PKGBUILDDIR>>/sbuild/sbuild-error.h:146:21: note: forward declaration of template entity is here
    static map_type error_strings;
                    ^
/<<PKGBUILDDIR>>/sbuild/sbuild-error.tcc:260:43: note: add an explicit instantiation declaration to suppress this warning if 'sbuild::error<sbuild::stat::error_code>::error_strings' is explicitly instantiated in another translation unit
  typename map_type::const_iterator pos = error_strings.find(error);
                                          ^
/<<PKGBUILDDIR>>/sbuild/sbuild-session.cc:1199:11: warning: ignoring return value of function declared with 'warn_unused_result' attribute [-Wunused-result]
          setuid(0);
          ^~~~~~ ~
/<<PKGBUILDDIR>>/sbuild/sbuild-session.cc:1200:11: warning: ignoring return value of function declared with 'warn_unused_result' attribute [-Wunused-result]
          setgid(0);
          ^~~~~~ ~
[ 41%] Building CXX object sbuild/CMakeFiles/sbuild.dir/sbuild-auth.cc.o
cd /<<PKGBUILDDIR>>/debian/build/sbuild && /usr/bin/c++  -I/<<PKGBUILDDIR>>/debian/build/lib -I/<<PKGBUILDDIR>>/lib -I/<<PKGBUILDDIR>>/debian/build -I/<<PKGBUILDDIR>> -I/<<PKGBUILDDIR>>/sbuild -I/<<PKGBUILDDIR>>/debian/build/sbuild -g -O2 -ffile-prefix-map=/<<PKGBUILDDIR>>=. -fstack-protector-strong -Wformat -Werror=format-security -Wall -D_FILE_OFFSET_BITS=64 -D_LARGEFILE_SOURCE -Wdate-time -D_FORTIFY_SOURCE=2 -Wdate-time -D_FORTIFY_SOURCE=2 -std=c++11 -pedantic -Wall -Wcast-align -Wwrite-strings -Wswitch-default -Wcast-qual -Wunused-variable -Wredundant-decls -Wctor-dtor-privacy -Wnon-virtual-dtor -Wreorder -Wold-style-cast -Woverloaded-virtual -fstrict-aliasing -MD -MT sbuild/CMakeFiles/sbuild.dir/sbuild-auth.cc.o -MF CMakeFiles/sbuild.dir/sbuild-auth.cc.o.d -o CMakeFiles/sbuild.dir/sbuild-auth.cc.o -c /<<PKGBUILDDIR>>/sbuild/sbuild-auth.cc
In file included from /<<PKGBUILDDIR>>/sbuild/sbuild-util.cc:21:
In file included from /<<PKGBUILDDIR>>/sbuild/sbuild-chroot.h:25:
In file included from /<<PKGBUILDDIR>>/sbuild/sbuild-keyfile.h:22:
In file included from /<<PKGBUILDDIR>>/sbuild/sbuild-basic-keyfile.h:1511:
/<<PKGBUILDDIR>>/sbuild/sbuild-basic-keyfile.tcc:56:28: warning: ISO C++ requires the name after '::~' to be found in the same scope as the name before '::~' [-Wdtor-name]
sbuild::basic_keyfile<K, P>::~basic_keyfile()
~~~~~~~~~~~~~~~~~~~~~~~~~~~^~
                           ::basic_keyfile
/<<PKGBUILDDIR>>/sbuild/sbuild-basic-keyfile.tcc:217:18: error: no viable overloaded '='
      localename = std::locale::classic();
      ~~~~~~~~~~ ^ ~~~~~~~~~~~~~~~~~~~~~~
/usr/bin/../lib/gcc/x86_64-linux-gnu/11/../../../../include/c++/11/bits/basic_string.h:678:7: note: candidate function not viable: no known conversion from 'const std::locale' to 'const std::basic_string<char>' for 1st argument
      operator=(const basic_string& __str)
      ^
/usr/bin/../lib/gcc/x86_64-linux-gnu/11/../../../../include/c++/11/bits/basic_string.h:688:7: note: candidate function not viable: no known conversion from 'const std::locale' to 'const char *' for 1st argument
      operator=(const _CharT* __s)
      ^
/usr/bin/../lib/gcc/x86_64-linux-gnu/11/../../../../include/c++/11/bits/basic_string.h:699:7: note: candidate function not viable: no known conversion from 'const std::locale' to 'char' for 1st argument
      operator=(_CharT __c)
      ^
/usr/bin/../lib/gcc/x86_64-linux-gnu/11/../../../../include/c++/11/bits/basic_string.h:716:7: note: candidate function not viable: no known conversion from 'const std::locale' to 'std::basic_string<char>' for 1st argument
      operator=(basic_string&& __str)
      ^
/usr/bin/../lib/gcc/x86_64-linux-gnu/11/../../../../include/c++/11/bits/basic_string.h:784:7: note: candidate function not viable: no known conversion from 'const std::locale' to 'initializer_list<char>' for 1st argument
      operator=(initializer_list<_CharT> __l)
      ^
In file included from /<<PKGBUILDDIR>>/sbuild/sbuild-util.cc:21:
/<<PKGBUILDDIR>>/sbuild/sbuild-chroot.h:884:17: warning: using the result of an assignment as a condition without parentheses [-Wparentheses]
        if (ret = std::dynamic_pointer_cast<T>(*pos))
            ~~~~^~~~~~~~~~~~~~~~~~~~~~~~~~~~~~~~~~~~
/<<PKGBUILDDIR>>/sbuild/sbuild-chroot.h:884:17: note: place parentheses around the assignment to silence this warning
        if (ret = std::dynamic_pointer_cast<T>(*pos))
                ^
            (                                       )
/<<PKGBUILDDIR>>/sbuild/sbuild-chroot.h:884:17: note: use '==' to turn this assignment into an equality comparison
        if (ret = std::dynamic_pointer_cast<T>(*pos))
                ^
                ==
/<<PKGBUILDDIR>>/sbuild/sbuild-chroot.h:901:17: warning: using the result of an assignment as a condition without parentheses [-Wparentheses]
        if (ret = std::dynamic_pointer_cast<T>(*pos))
            ~~~~^~~~~~~~~~~~~~~~~~~~~~~~~~~~~~~~~~~~
/<<PKGBUILDDIR>>/sbuild/sbuild-chroot.h:901:17: note: place parentheses around the assignment to silence this warning
        if (ret = std::dynamic_pointer_cast<T>(*pos))
                ^
            (                                       )
/<<PKGBUILDDIR>>/sbuild/sbuild-chroot.h:901:17: note: use '==' to turn this assignment into an equality comparison
        if (ret = std::dynamic_pointer_cast<T>(*pos))
                ^
                ==
In file included from /<<PKGBUILDDIR>>/sbuild/sbuild-session.cc:21:
/<<PKGBUILDDIR>>/sbuild/sbuild-chroot.h:884:17: warning: using the result of an assignment as a condition without parentheses [-Wparentheses]
        if (ret = std::dynamic_pointer_cast<T>(*pos))
            ~~~~^~~~~~~~~~~~~~~~~~~~~~~~~~~~~~~~~~~~
/<<PKGBUILDDIR>>/sbuild/sbuild-session.cc:655:26: note: in instantiation of function template specialization 'sbuild::chroot::get_facet<sbuild::chroot_facet_session_clonable>' requested here
              assert(ch->get_facet<chroot_facet_session_clonable>());
                         ^
/<<PKGBUILDDIR>>/sbuild/sbuild-chroot.h:884:17: note: place parentheses around the assignment to silence this warning
        if (ret = std::dynamic_pointer_cast<T>(*pos))
                ^
            (                                       )
/<<PKGBUILDDIR>>/sbuild/sbuild-chroot.h:884:17: note: use '==' to turn this assignment into an equality comparison
        if (ret = std::dynamic_pointer_cast<T>(*pos))
                ^
                ==
/<<PKGBUILDDIR>>/sbuild/sbuild-chroot.h:884:17: warning: using the result of an assignment as a condition without parentheses [-Wparentheses]
        if (ret = std::dynamic_pointer_cast<T>(*pos))
            ~~~~^~~~~~~~~~~~~~~~~~~~~~~~~~~~~~~~~~~~
/<<PKGBUILDDIR>>/sbuild/sbuild-session.cc:684:30: note: in instantiation of function template specialization 'sbuild::chroot::get_facet<sbuild::chroot_facet_session>' requested here
              assert(chroot->get_facet<chroot_facet_session>());
                             ^
/<<PKGBUILDDIR>>/sbuild/sbuild-chroot.h:884:17: note: place parentheses around the assignment to silence this warning
        if (ret = std::dynamic_pointer_cast<T>(*pos))
                ^
            (                                       )
/<<PKGBUILDDIR>>/sbuild/sbuild-chroot.h:884:17: note: use '==' to turn this assignment into an equality comparison
        if (ret = std::dynamic_pointer_cast<T>(*pos))
                ^
                ==
/<<PKGBUILDDIR>>/sbuild/sbuild-chroot.h:884:17: warning: using the result of an assignment as a condition without parentheses [-Wparentheses]
        if (ret = std::dynamic_pointer_cast<T>(*pos))
            ~~~~^~~~~~~~~~~~~~~~~~~~~~~~~~~~~~~~~~~~
/<<PKGBUILDDIR>>/sbuild/sbuild-session.cc:694:21: note: in instantiation of function template specialization 'sbuild::chroot::get_facet<sbuild::chroot_facet_userdata>' requested here
            chroot->get_facet<chroot_facet_userdata>();
                    ^
/<<PKGBUILDDIR>>/sbuild/sbuild-chroot.h:884:17: note: place parentheses around the assignment to silence this warning
        if (ret = std::dynamic_pointer_cast<T>(*pos))
                ^
            (                                       )
/<<PKGBUILDDIR>>/sbuild/sbuild-chroot.h:884:17: note: use '==' to turn this assignment into an equality comparison
        if (ret = std::dynamic_pointer_cast<T>(*pos))
                ^
                ==
/<<PKGBUILDDIR>>/sbuild/sbuild-chroot.h:884:17: warning: using the result of an assignment as a condition without parentheses [-Wparentheses]
        if (ret = std::dynamic_pointer_cast<T>(*pos))
            ~~~~^~~~~~~~~~~~~~~~~~~~~~~~~~~~~~~~~~~~
/<<PKGBUILDDIR>>/sbuild/sbuild-session.cc:1279:21: note: in instantiation of function template specialization 'sbuild::chroot::get_facet<sbuild::chroot_facet_personality>' requested here
    session_chroot->get_facet<chroot_facet_personality>();
                    ^
/<<PKGBUILDDIR>>/sbuild/sbuild-chroot.h:884:17: note: place parentheses around the assignment to silence this warning
        if (ret = std::dynamic_pointer_cast<T>(*pos))
                ^
            (                                       )
/<<PKGBUILDDIR>>/sbuild/sbuild-chroot.h:884:17: note: use '==' to turn this assignment into an equality comparison
        if (ret = std::dynamic_pointer_cast<T>(*pos))
                ^
                ==
9 warnings and 1 error generated.
make[4]: *** [sbuild/CMakeFiles/sbuild.dir/build.make:261: sbuild/CMakeFiles/sbuild.dir/sbuild-session.cc.o] Error 1
make[4]: *** Waiting for unfinished jobs....
1 warning generated.
3 warnings and 1 error generated.
make[4]: *** [sbuild/CMakeFiles/sbuild.dir/build.make:289: sbuild/CMakeFiles/sbuild.dir/sbuild-util.cc.o] Error 1
In file included from /<<PKGBUILDDIR>>/sbuild/sbuild-auth.cc:21:
In file included from /<<PKGBUILDDIR>>/sbuild/sbuild-auth.h:23:
In file included from /<<PKGBUILDDIR>>/sbuild/sbuild-custom-error.h:22:
In file included from /<<PKGBUILDDIR>>/sbuild/sbuild-error.h:344:
/<<PKGBUILDDIR>>/sbuild/sbuild-error.tcc:260:43: warning: instantiation of variable 'sbuild::error<sbuild::stat::error_code>::error_strings' required here, but no definition is available [-Wundefined-var-template]
  typename map_type::const_iterator pos = error_strings.find(error);
                                          ^
/<<PKGBUILDDIR>>/sbuild/sbuild-error.tcc:39:19: note: in instantiation of member function 'sbuild::error<sbuild::stat::error_code>::get_error' requested here
  std::string msg(get_error(error));
                  ^
/<<PKGBUILDDIR>>/sbuild/sbuild-custom-error.h:122:30: note: in instantiation of function template specialization 'sbuild::error<sbuild::stat::error_code>::format_error<std::basic_string<char>, sbuild::null, sbuild::null, char *, sbuild::null, sbuild::null>' requested here
      sbuild::error<T>(this->format_error(context, null(), null(), error, detail, null(), null()),
                             ^
/<<PKGBUILDDIR>>/sbuild/sbuild-util.h:414:19: note: in instantiation of function template specialization 'sbuild::custom_error<sbuild::stat::error_code>::custom_error<std::basic_string<char>, char *>' requested here
            throw error(this->file, FILE, std::strerror(this->errorno));
                  ^
/<<PKGBUILDDIR>>/sbuild/sbuild-error.h:146:21: note: forward declaration of template entity is here
    static map_type error_strings;
                    ^
/<<PKGBUILDDIR>>/sbuild/sbuild-error.tcc:260:43: note: add an explicit instantiation declaration to suppress this warning if 'sbuild::error<sbuild::stat::error_code>::error_strings' is explicitly instantiated in another translation unit
  typename map_type::const_iterator pos = error_strings.find(error);
                                          ^
1 warning generated.
make[4]: Leaving directory '/<<PKGBUILDDIR>>/debian/build'
make[3]: *** [CMakeFiles/Makefile2:413: sbuild/CMakeFiles/sbuild.dir/all] Error 2
make[3]: Leaving directory '/<<PKGBUILDDIR>>/debian/build'
make[2]: *** [Makefile:149: all] Error 2
make[2]: Leaving directory '/<<PKGBUILDDIR>>/debian/build'
make[1]: *** [debian/rules:73: override_dh_auto_build] Error 2
make[1]: Leaving directory '/<<PKGBUILDDIR>>'
make: *** [debian/rules:41: build] Error 2
dpkg-buildpackage: error: debian/rules build subprocess returned exit status 2
--------------------------------------------------------------------------------
Build finished at 2021-10-26T21:03:39Z

Finished
--------


+------------------------------------------------------------------------------+
| Cleanup                                                                      |
+------------------------------------------------------------------------------+

Purging /<<BUILDDIR>>
Not cleaning session: cloned chroot in use
E: Build failure (dpkg-buildpackage died)

+------------------------------------------------------------------------------+
| Summary                                                                      |
+------------------------------------------------------------------------------+

Build Architecture: amd64
Build Type: binary
Build-Space: 24856
Build-Time: 36
Distribution: unstable
Fail-Stage: build
Host Architecture: amd64
Install-Time: 29
Job: schroot_1.6.10-12
Machine Architecture: amd64
Package: schroot
Package-Time: 86
Source-Version: 1.6.10-12
Space: 24856
Status: attempted
Version: 1.6.10-12
--------------------------------------------------------------------------------
Finished at 2021-10-26T21:03:39Z
Build needed 00:01:26, 24856k disk space
E: Build failure (dpkg-buildpackage died)
DC-Status: Failed 86.869184034s
DC-Time-Estimation: 86.869184034 versus expected 745 (r/m: 7.576113708037273 ; m: 86.869184034)
