DC-Build-Header: spades 3.13.1+dfsg-2 / 2021-10-26 20:28:50 +0000
DC-Task: type:rebuild-binarch-only source:spades version:3.13.1+dfsg-2 chroot:unstable esttime:1349 logfile:/tmp/spades_3.13.1+dfsg-2_unstable_clang13.log modes:clang13:binarch-only
DC-Sbuild-call: su user42 -c 'sbuild -n --arch-any --apt-update -d unstable -v --no-run-lintian --chroot-setup-commands=/tmp/clang13 spades_3.13.1+dfsg-2'
sbuild (Debian sbuild) 0.78.1 (09 February 2019) on ip-172-31-12-37.eu-central-1.compute.internal

+==============================================================================+
| spades 3.13.1+dfsg-2 (amd64)                 Tue, 26 Oct 2021 20:28:50 +0000 |
+==============================================================================+

Package: spades
Version: 3.13.1+dfsg-2
Source Version: 3.13.1+dfsg-2
Distribution: unstable
Machine Architecture: amd64
Host Architecture: amd64
Build Architecture: amd64
Build Type: binary

I: NOTICE: Log filtering will replace 'var/run/schroot/mount/sid-amd64-sbuild-6fa23eb6-680e-49af-9ca1-06a824254cd6' with '<<CHROOT>>'

+------------------------------------------------------------------------------+
| Chroot Setup Commands                                                        |
+------------------------------------------------------------------------------+


/tmp/clang13
------------

+ echo 'Entering customization script...'
Entering customization script...
+ CLANG_VERSION=13
+ echo 'Install of clang-13'
Install of clang-13
+ apt-get update
Get:1 http://127.0.0.1:12990/debian sid InRelease [165 kB]
Get:2 http://127.0.0.1:12990/debian sid/main Sources.diff/Index [63.6 kB]
Get:3 http://127.0.0.1:12990/debian sid/main amd64 Packages.diff/Index [63.6 kB]
Get:4 http://127.0.0.1:12990/debian sid/main Sources T-2021-10-26-1401.46-F-2021-10-26-0202.15.pdiff [34.5 kB]
Get:4 http://127.0.0.1:12990/debian sid/main Sources T-2021-10-26-1401.46-F-2021-10-26-0202.15.pdiff [34.5 kB]
Get:5 http://127.0.0.1:12990/debian sid/main amd64 Packages T-2021-10-26-1401.46-F-2021-10-26-0202.15.pdiff [38.7 kB]
Get:5 http://127.0.0.1:12990/debian sid/main amd64 Packages T-2021-10-26-1401.46-F-2021-10-26-0202.15.pdiff [38.7 kB]
Get:6 http://127.0.0.1:12990/debian sid/main Translation-en [6585 kB]
Fetched 6951 kB in 3s (2710 kB/s)
Reading package lists...
+ apt-get install --yes --no-install-recommends --force-yes clang-13 libomp-13-dev libobjc-9-dev
Reading package lists...
Building dependency tree...
The following additional packages will be installed:
  lib32gcc-s1 lib32stdc++6 libasan5 libbsd0 libc6-i386 libclang-common-13-dev
  libclang-cpp13 libclang1-13 libedit2 libgc1 libgcc-9-dev libicu67 libllvm13
  libmd0 libobjc-11-dev libobjc4 libomp5-13 libxml2 libz3-4
Suggested packages:
  clang-13-doc libomp-13-doc
Recommended packages:
  llvm-13-dev python3
The following NEW packages will be installed:
  clang-13 lib32gcc-s1 lib32stdc++6 libasan5 libbsd0 libc6-i386
  libclang-common-13-dev libclang-cpp13 libclang1-13 libedit2 libgc1
  libgcc-9-dev libicu67 libllvm13 libmd0 libobjc-11-dev libobjc-9-dev libobjc4
  libomp-13-dev libomp5-13 libxml2 libz3-4
0 upgraded, 22 newly installed, 0 to remove and 0 not upgraded.
Need to get 68.5 MB of archives.
After this operation, 379 MB of additional disk space will be used.
Get:1 http://127.0.0.1:12990/debian sid/main amd64 libmd0 amd64 1.0.4-1 [29.6 kB]
Get:2 http://127.0.0.1:12990/debian sid/main amd64 libbsd0 amd64 0.11.3-1 [108 kB]
Get:3 http://127.0.0.1:12990/debian sid/main amd64 libedit2 amd64 3.1-20210910-1 [97.5 kB]
Get:4 http://127.0.0.1:12990/debian sid/main amd64 libicu67 amd64 67.1-7 [8622 kB]
Get:5 http://127.0.0.1:12990/debian sid/main amd64 libxml2 amd64 2.9.12+dfsg-5 [696 kB]
Get:6 http://127.0.0.1:12990/debian sid/main amd64 libz3-4 amd64 4.8.12-1+b1 [6997 kB]
Get:7 http://127.0.0.1:12990/debian sid/main amd64 libllvm13 amd64 1:13.0.0-8 [19.7 MB]
Get:8 http://127.0.0.1:12990/debian sid/main amd64 libclang-cpp13 amd64 1:13.0.0-8 [10.5 MB]
Get:9 http://127.0.0.1:12990/debian sid/main amd64 libgc1 amd64 1:8.0.4-3 [239 kB]
Get:10 http://127.0.0.1:12990/debian sid/main amd64 libobjc4 amd64 11.2.0-10 [43.2 kB]
Get:11 http://127.0.0.1:12990/debian sid/main amd64 libobjc-11-dev amd64 11.2.0-10 [170 kB]
Get:12 http://127.0.0.1:12990/debian sid/main amd64 libc6-i386 amd64 2.32-4 [2624 kB]
Get:13 http://127.0.0.1:12990/debian sid/main amd64 lib32gcc-s1 amd64 11.2.0-10 [49.9 kB]
Get:14 http://127.0.0.1:12990/debian sid/main amd64 lib32stdc++6 amd64 11.2.0-10 [601 kB]
Get:15 http://127.0.0.1:12990/debian sid/main amd64 libclang-common-13-dev amd64 1:13.0.0-8 [5730 kB]
Get:16 http://127.0.0.1:12990/debian sid/main amd64 libclang1-13 amd64 1:13.0.0-8 [6093 kB]
Get:17 http://127.0.0.1:12990/debian sid/main amd64 clang-13 amd64 1:13.0.0-8 [119 kB]
Get:18 http://127.0.0.1:12990/debian sid/main amd64 libasan5 amd64 9.4.0-3 [2734 kB]
Get:19 http://127.0.0.1:12990/debian sid/main amd64 libgcc-9-dev amd64 9.4.0-3 [2343 kB]
Get:20 http://127.0.0.1:12990/debian sid/main amd64 libobjc-9-dev amd64 9.4.0-3 [219 kB]
Get:21 http://127.0.0.1:12990/debian sid/main amd64 libomp5-13 amd64 1:13.0.0-8 [377 kB]
Get:22 http://127.0.0.1:12990/debian sid/main amd64 libomp-13-dev amd64 1:13.0.0-8 [482 kB]
debconf: delaying package configuration, since apt-utils is not installed
Fetched 68.5 MB in 0s (148 MB/s)
Selecting previously unselected package libmd0:amd64.
(Reading database ... (Reading database ... 5%(Reading database ... 10%(Reading database ... 15%(Reading database ... 20%(Reading database ... 25%(Reading database ... 30%(Reading database ... 35%(Reading database ... 40%(Reading database ... 45%(Reading database ... 50%(Reading database ... 55%(Reading database ... 60%(Reading database ... 65%(Reading database ... 70%(Reading database ... 75%(Reading database ... 80%(Reading database ... 85%(Reading database ... 90%(Reading database ... 95%(Reading database ... 100%(Reading database ... 12431 files and directories currently installed.)
Preparing to unpack .../00-libmd0_1.0.4-1_amd64.deb ...
Unpacking libmd0:amd64 (1.0.4-1) ...
Selecting previously unselected package libbsd0:amd64.
Preparing to unpack .../01-libbsd0_0.11.3-1_amd64.deb ...
Unpacking libbsd0:amd64 (0.11.3-1) ...
Selecting previously unselected package libedit2:amd64.
Preparing to unpack .../02-libedit2_3.1-20210910-1_amd64.deb ...
Unpacking libedit2:amd64 (3.1-20210910-1) ...
Selecting previously unselected package libicu67:amd64.
Preparing to unpack .../03-libicu67_67.1-7_amd64.deb ...
Unpacking libicu67:amd64 (67.1-7) ...
Selecting previously unselected package libxml2:amd64.
Preparing to unpack .../04-libxml2_2.9.12+dfsg-5_amd64.deb ...
Unpacking libxml2:amd64 (2.9.12+dfsg-5) ...
Selecting previously unselected package libz3-4:amd64.
Preparing to unpack .../05-libz3-4_4.8.12-1+b1_amd64.deb ...
Unpacking libz3-4:amd64 (4.8.12-1+b1) ...
Selecting previously unselected package libllvm13:amd64.
Preparing to unpack .../06-libllvm13_1%3a13.0.0-8_amd64.deb ...
Unpacking libllvm13:amd64 (1:13.0.0-8) ...
Selecting previously unselected package libclang-cpp13.
Preparing to unpack .../07-libclang-cpp13_1%3a13.0.0-8_amd64.deb ...
Unpacking libclang-cpp13 (1:13.0.0-8) ...
Selecting previously unselected package libgc1:amd64.
Preparing to unpack .../08-libgc1_1%3a8.0.4-3_amd64.deb ...
Unpacking libgc1:amd64 (1:8.0.4-3) ...
Selecting previously unselected package libobjc4:amd64.
Preparing to unpack .../09-libobjc4_11.2.0-10_amd64.deb ...
Unpacking libobjc4:amd64 (11.2.0-10) ...
Selecting previously unselected package libobjc-11-dev:amd64.
Preparing to unpack .../10-libobjc-11-dev_11.2.0-10_amd64.deb ...
Unpacking libobjc-11-dev:amd64 (11.2.0-10) ...
Selecting previously unselected package libc6-i386.
Preparing to unpack .../11-libc6-i386_2.32-4_amd64.deb ...
Unpacking libc6-i386 (2.32-4) ...
Selecting previously unselected package lib32gcc-s1.
Preparing to unpack .../12-lib32gcc-s1_11.2.0-10_amd64.deb ...
Unpacking lib32gcc-s1 (11.2.0-10) ...
Selecting previously unselected package lib32stdc++6.
Preparing to unpack .../13-lib32stdc++6_11.2.0-10_amd64.deb ...
Unpacking lib32stdc++6 (11.2.0-10) ...
Selecting previously unselected package libclang-common-13-dev.
Preparing to unpack .../14-libclang-common-13-dev_1%3a13.0.0-8_amd64.deb ...
Unpacking libclang-common-13-dev (1:13.0.0-8) ...
Selecting previously unselected package libclang1-13.
Preparing to unpack .../15-libclang1-13_1%3a13.0.0-8_amd64.deb ...
Unpacking libclang1-13 (1:13.0.0-8) ...
Selecting previously unselected package clang-13.
Preparing to unpack .../16-clang-13_1%3a13.0.0-8_amd64.deb ...
Unpacking clang-13 (1:13.0.0-8) ...
Selecting previously unselected package libasan5:amd64.
Preparing to unpack .../17-libasan5_9.4.0-3_amd64.deb ...
Unpacking libasan5:amd64 (9.4.0-3) ...
Selecting previously unselected package libgcc-9-dev:amd64.
Preparing to unpack .../18-libgcc-9-dev_9.4.0-3_amd64.deb ...
Unpacking libgcc-9-dev:amd64 (9.4.0-3) ...
Selecting previously unselected package libobjc-9-dev:amd64.
Preparing to unpack .../19-libobjc-9-dev_9.4.0-3_amd64.deb ...
Unpacking libobjc-9-dev:amd64 (9.4.0-3) ...
Selecting previously unselected package libomp5-13:amd64.
Preparing to unpack .../20-libomp5-13_1%3a13.0.0-8_amd64.deb ...
Unpacking libomp5-13:amd64 (1:13.0.0-8) ...
Selecting previously unselected package libomp-13-dev.
Preparing to unpack .../21-libomp-13-dev_1%3a13.0.0-8_amd64.deb ...
Unpacking libomp-13-dev (1:13.0.0-8) ...
Setting up libicu67:amd64 (67.1-7) ...
Setting up libasan5:amd64 (9.4.0-3) ...
Setting up libz3-4:amd64 (4.8.12-1+b1) ...
Setting up libgc1:amd64 (1:8.0.4-3) ...
Setting up libmd0:amd64 (1.0.4-1) ...
Setting up libc6-i386 (2.32-4) ...
Setting up libomp5-13:amd64 (1:13.0.0-8) ...
Setting up libbsd0:amd64 (0.11.3-1) ...
Setting up libxml2:amd64 (2.9.12+dfsg-5) ...
Setting up libedit2:amd64 (3.1-20210910-1) ...
Setting up libobjc4:amd64 (11.2.0-10) ...
Setting up libgcc-9-dev:amd64 (9.4.0-3) ...
Setting up lib32gcc-s1 (11.2.0-10) ...
Setting up lib32stdc++6 (11.2.0-10) ...
Setting up libllvm13:amd64 (1:13.0.0-8) ...
Setting up libobjc-9-dev:amd64 (9.4.0-3) ...
Setting up libclang-common-13-dev (1:13.0.0-8) ...
Setting up libomp-13-dev (1:13.0.0-8) ...
Setting up libobjc-11-dev:amd64 (11.2.0-10) ...
Setting up libclang1-13 (1:13.0.0-8) ...
Setting up libclang-cpp13 (1:13.0.0-8) ...
Setting up clang-13 (1:13.0.0-8) ...
Processing triggers for libc-bin (2.32-4) ...
W: --force-yes is deprecated, use one of the options starting with --allow instead.
+ echo 'Replace gcc, g++ & cpp by clang'
Replace gcc, g++ & cpp by clang
+ VERSIONS='4.6 4.7 4.8 4.9 5 6 7 8 9 10 11'
+ cd /usr/bin
+ for VERSION in $VERSIONS
+ rm -f g++-4.6 gcc-4.6 cpp-4.6 gcc
+ ln -s clang++-13 g++-4.6
+ ln -s clang-13 gcc-4.6
+ ln -s clang-13 cpp-4.6
+ ln -s clang-13 gcc
+ echo 'gcc-4.6 hold'
+ dpkg --set-selections
dpkg: warning: package not in status nor available database at line 1: gcc-4.6
dpkg: warning: found unknown packages; this might mean the available database
is outdated, and needs to be updated through a frontend method;
please see the FAQ <https://wiki.debian.org/Teams/Dpkg/FAQ>
+ echo 'g++-4.6 hold'
+ dpkg --set-selections
dpkg: warning: package not in status nor available database at line 1: g++-4.6
dpkg: warning: found unknown packages; this might mean the available database
is outdated, and needs to be updated through a frontend method;
please see the FAQ <https://wiki.debian.org/Teams/Dpkg/FAQ>
+ for VERSION in $VERSIONS
+ rm -f g++-4.7 gcc-4.7 cpp-4.7 gcc
+ ln -s clang++-13 g++-4.7
+ ln -s clang-13 gcc-4.7
+ ln -s clang-13 cpp-4.7
+ ln -s clang-13 gcc
+ echo 'gcc-4.7 hold'
+ dpkg --set-selections
dpkg: warning: package not in status nor available database at line 1: gcc-4.7
dpkg: warning: found unknown packages; this might mean the available database
is outdated, and needs to be updated through a frontend method;
please see the FAQ <https://wiki.debian.org/Teams/Dpkg/FAQ>
+ echo 'g++-4.7 hold'
+ dpkg --set-selections
dpkg: warning: package not in status nor available database at line 1: g++-4.7
dpkg: warning: found unknown packages; this might mean the available database
is outdated, and needs to be updated through a frontend method;
please see the FAQ <https://wiki.debian.org/Teams/Dpkg/FAQ>
+ for VERSION in $VERSIONS
+ rm -f g++-4.8 gcc-4.8 cpp-4.8 gcc
+ ln -s clang++-13 g++-4.8
+ ln -s clang-13 gcc-4.8
+ ln -s clang-13 cpp-4.8
+ ln -s clang-13 gcc
+ echo 'gcc-4.8 hold'
+ dpkg --set-selections
dpkg: warning: package not in status nor available database at line 1: gcc-4.8
dpkg: warning: found unknown packages; this might mean the available database
is outdated, and needs to be updated through a frontend method;
please see the FAQ <https://wiki.debian.org/Teams/Dpkg/FAQ>
+ echo 'g++-4.8 hold'
+ dpkg --set-selections
dpkg: warning: package not in status nor available database at line 1: g++-4.8
dpkg: warning: found unknown packages; this might mean the available database
is outdated, and needs to be updated through a frontend method;
please see the FAQ <https://wiki.debian.org/Teams/Dpkg/FAQ>
+ for VERSION in $VERSIONS
+ rm -f g++-4.9 gcc-4.9 cpp-4.9 gcc
+ ln -s clang++-13 g++-4.9
+ ln -s clang-13 gcc-4.9
+ ln -s clang-13 cpp-4.9
+ ln -s clang-13 gcc
+ echo 'gcc-4.9 hold'
+ dpkg --set-selections
dpkg: warning: package not in status nor available database at line 1: gcc-4.9
dpkg: warning: found unknown packages; this might mean the available database
is outdated, and needs to be updated through a frontend method;
please see the FAQ <https://wiki.debian.org/Teams/Dpkg/FAQ>
+ echo 'g++-4.9 hold'
+ dpkg --set-selections
dpkg: warning: package not in status nor available database at line 1: g++-4.9
dpkg: warning: found unknown packages; this might mean the available database
is outdated, and needs to be updated through a frontend method;
please see the FAQ <https://wiki.debian.org/Teams/Dpkg/FAQ>
+ for VERSION in $VERSIONS
+ rm -f g++-5 gcc-5 cpp-5 gcc
+ ln -s clang++-13 g++-5
+ ln -s clang-13 gcc-5
+ ln -s clang-13 cpp-5
+ ln -s clang-13 gcc
+ echo 'gcc-5 hold'
+ dpkg --set-selections
dpkg: warning: package not in status nor available database at line 1: gcc-5
dpkg: warning: found unknown packages; this might mean the available database
is outdated, and needs to be updated through a frontend method;
please see the FAQ <https://wiki.debian.org/Teams/Dpkg/FAQ>
+ echo 'g++-5 hold'
+ dpkg --set-selections
dpkg: warning: package not in status nor available database at line 1: g++-5
dpkg: warning: found unknown packages; this might mean the available database
is outdated, and needs to be updated through a frontend method;
please see the FAQ <https://wiki.debian.org/Teams/Dpkg/FAQ>
+ for VERSION in $VERSIONS
+ rm -f g++-6 gcc-6 cpp-6 gcc
+ ln -s clang++-13 g++-6
+ ln -s clang-13 gcc-6
+ ln -s clang-13 cpp-6
+ ln -s clang-13 gcc
+ echo 'gcc-6 hold'
+ dpkg --set-selections
dpkg: warning: package not in status nor available database at line 1: gcc-6
dpkg: warning: found unknown packages; this might mean the available database
is outdated, and needs to be updated through a frontend method;
please see the FAQ <https://wiki.debian.org/Teams/Dpkg/FAQ>
+ echo 'g++-6 hold'
+ dpkg --set-selections
dpkg: warning: package not in status nor available database at line 1: g++-6
dpkg: warning: found unknown packages; this might mean the available database
is outdated, and needs to be updated through a frontend method;
please see the FAQ <https://wiki.debian.org/Teams/Dpkg/FAQ>
+ for VERSION in $VERSIONS
+ rm -f g++-7 gcc-7 cpp-7 gcc
+ ln -s clang++-13 g++-7
+ ln -s clang-13 gcc-7
+ ln -s clang-13 cpp-7
+ ln -s clang-13 gcc
+ echo 'gcc-7 hold'
+ dpkg --set-selections
dpkg: warning: package not in status nor available database at line 1: gcc-7
dpkg: warning: found unknown packages; this might mean the available database
is outdated, and needs to be updated through a frontend method;
please see the FAQ <https://wiki.debian.org/Teams/Dpkg/FAQ>
+ echo 'g++-7 hold'
+ dpkg --set-selections
dpkg: warning: package not in status nor available database at line 1: g++-7
dpkg: warning: found unknown packages; this might mean the available database
is outdated, and needs to be updated through a frontend method;
please see the FAQ <https://wiki.debian.org/Teams/Dpkg/FAQ>
+ for VERSION in $VERSIONS
+ rm -f g++-8 gcc-8 cpp-8 gcc
+ ln -s clang++-13 g++-8
+ ln -s clang-13 gcc-8
+ ln -s clang-13 cpp-8
+ ln -s clang-13 gcc
+ echo 'gcc-8 hold'
+ dpkg --set-selections
dpkg: warning: package not in status nor available database at line 1: gcc-8
dpkg: warning: found unknown packages; this might mean the available database
is outdated, and needs to be updated through a frontend method;
please see the FAQ <https://wiki.debian.org/Teams/Dpkg/FAQ>
+ echo 'g++-8 hold'
+ dpkg --set-selections
dpkg: warning: package not in status nor available database at line 1: g++-8
dpkg: warning: found unknown packages; this might mean the available database
is outdated, and needs to be updated through a frontend method;
please see the FAQ <https://wiki.debian.org/Teams/Dpkg/FAQ>
+ for VERSION in $VERSIONS
+ rm -f g++-9 gcc-9 cpp-9 gcc
+ ln -s clang++-13 g++-9
+ ln -s clang-13 gcc-9
+ ln -s clang-13 cpp-9
+ ln -s clang-13 gcc
+ echo 'gcc-9 hold'
+ dpkg --set-selections
dpkg: warning: package not in status nor available database at line 1: gcc-9
dpkg: warning: found unknown packages; this might mean the available database
is outdated, and needs to be updated through a frontend method;
please see the FAQ <https://wiki.debian.org/Teams/Dpkg/FAQ>
+ echo 'g++-9 hold'
+ dpkg --set-selections
dpkg: warning: package not in status nor available database at line 1: g++-9
dpkg: warning: found unknown packages; this might mean the available database
is outdated, and needs to be updated through a frontend method;
please see the FAQ <https://wiki.debian.org/Teams/Dpkg/FAQ>
+ for VERSION in $VERSIONS
+ rm -f g++-10 gcc-10 cpp-10 gcc
+ ln -s clang++-13 g++-10
+ ln -s clang-13 gcc-10
+ ln -s clang-13 cpp-10
+ ln -s clang-13 gcc
+ echo 'gcc-10 hold'
+ dpkg --set-selections
dpkg: warning: package not in status nor available database at line 1: gcc-10
dpkg: warning: found unknown packages; this might mean the available database
is outdated, and needs to be updated through a frontend method;
please see the FAQ <https://wiki.debian.org/Teams/Dpkg/FAQ>
+ echo 'g++-10 hold'
+ dpkg --set-selections
dpkg: warning: package not in status nor available database at line 1: g++-10
dpkg: warning: found unknown packages; this might mean the available database
is outdated, and needs to be updated through a frontend method;
please see the FAQ <https://wiki.debian.org/Teams/Dpkg/FAQ>
+ for VERSION in $VERSIONS
+ rm -f g++-11 gcc-11 cpp-11 gcc
+ ln -s clang++-13 g++-11
+ ln -s clang-13 gcc-11
+ ln -s clang-13 cpp-11
+ ln -s clang-13 gcc
+ echo 'gcc-11 hold'
+ dpkg --set-selections
+ echo 'g++-11 hold'
+ dpkg --set-selections
+ cd -
/build/spades-tYFMJw
+ echo 'Check if gcc, g++ & cpp are actually clang'
Check if gcc, g++ & cpp are actually clang
+ gcc --version
+ grep clang
+ cpp --version
+ grep clang
+ g++ --version
+ grep clang
+ cd /usr/bin/
+ rm -f clang++ clang
+ ln -s clang-13 clang++
+ ln -s clang-13 clang
+ clang++ --version
Debian clang version 13.0.0-8
Target: x86_64-pc-linux-gnu
Thread model: posix
InstalledDir: /usr/bin
+ clang --version
Debian clang version 13.0.0-8
Target: x86_64-pc-linux-gnu
Thread model: posix
InstalledDir: /usr/bin
+ cd -
/build/spades-tYFMJw
+ apt install --yes --no-install-recommends --force-yes qt5-qmake

WARNING: apt does not have a stable CLI interface. Use with caution in scripts.

Reading package lists...
Building dependency tree...
Reading state information...
The following additional packages will be installed:
  qt5-qmake-bin qtchooser
The following NEW packages will be installed:
  qt5-qmake qt5-qmake-bin qtchooser
0 upgraded, 3 newly installed, 0 to remove and 0 not upgraded.
Need to get 1322 kB of archives.
After this operation, 4914 kB of additional disk space will be used.
Get:1 http://127.0.0.1:12990/debian sid/main amd64 qt5-qmake-bin amd64 5.15.2+dfsg-12 [1046 kB]
Get:2 http://127.0.0.1:12990/debian sid/main amd64 qtchooser amd64 66-2 [26.3 kB]
Get:3 http://127.0.0.1:12990/debian sid/main amd64 qt5-qmake amd64 5.15.2+dfsg-12 [249 kB]
debconf: delaying package configuration, since apt-utils is not installed
Fetched 1322 kB in 0s (20.1 MB/s)
Selecting previously unselected package qt5-qmake-bin.
(Reading database ... (Reading database ... 5%(Reading database ... 10%(Reading database ... 15%(Reading database ... 20%(Reading database ... 25%(Reading database ... 30%(Reading database ... 35%(Reading database ... 40%(Reading database ... 45%(Reading database ... 50%(Reading database ... 55%(Reading database ... 60%(Reading database ... 65%(Reading database ... 70%(Reading database ... 75%(Reading database ... 80%(Reading database ... 85%(Reading database ... 90%(Reading database ... 95%(Reading database ... 100%(Reading database ... 13528 files and directories currently installed.)
Preparing to unpack .../qt5-qmake-bin_5.15.2+dfsg-12_amd64.deb ...
Unpacking qt5-qmake-bin (5.15.2+dfsg-12) ...
Selecting previously unselected package qtchooser.
Preparing to unpack .../qtchooser_66-2_amd64.deb ...
Unpacking qtchooser (66-2) ...
Selecting previously unselected package qt5-qmake:amd64.
Preparing to unpack .../qt5-qmake_5.15.2+dfsg-12_amd64.deb ...
Unpacking qt5-qmake:amd64 (5.15.2+dfsg-12) ...
Setting up qt5-qmake-bin (5.15.2+dfsg-12) ...
Setting up qtchooser (66-2) ...
Setting up qt5-qmake:amd64 (5.15.2+dfsg-12) ...
W: --force-yes is deprecated, use one of the options starting with --allow instead.
+ cp /usr/lib/x86_64-linux-gnu/qt5/mkspecs/linux-clang/qmake.conf /usr/lib/x86_64-linux-gnu/qt5/mkspecs/linux-clang/qplatformdefs.h /usr/lib/x86_64-linux-gnu/qt5/mkspecs/linux-g++/
+ ls -al /usr/lib/x86_64-linux-gnu/qt5/mkspecs/linux-g++/
total 16
drwxr-xr-x  2 root root 4096 Oct 26 20:29 .
drwxr-xr-x 76 root root 4096 Oct 26 20:29 ..
-rw-r--r--  1 root root  276 Oct 26 20:29 qmake.conf
-rw-r--r--  1 root root 3218 Oct 26 20:29 qplatformdefs.h
+ cat /usr/lib/x86_64-linux-gnu/qt5/mkspecs/linux-g++/qmake.conf
#
# qmake configuration for linux-clang
#

MAKEFILE_GENERATOR = UNIX
CONFIG += incremental

QMAKE_INCREMENTAL_STYLE = sublib

include(../common/linux.conf)
include(../common/gcc-base-unix.conf)
include(../common/clang.conf)

QMAKE_LFLAGS += -ccc-gcc-name g++

load(qt_config)
+ export QMAKESPEC=/usr/lib/x86_64-linux-gnu/qt5/mkspecs/linux-clang/
+ QMAKESPEC=/usr/lib/x86_64-linux-gnu/qt5/mkspecs/linux-clang/
+ sed -i -e 's|compare_problem(2,|compare_problem(0,|g' /usr/bin/dpkg-gensymbols
+ sed -i -e 's|compare_problem(1,|compare_problem(0,|g' /usr/bin/dpkg-gensymbols
+ grep 'compare_problem(' /usr/bin/dpkg-gensymbols
        compare_problem(4, g_('new libraries appeared in the symbols file: %s'), "@libs");
        compare_problem(3, g_('some libraries disappeared in the symbols file: %s'), "@libs");
        compare_problem(0, g_('some new symbols appeared in the symbols file: %s'),
        compare_problem(0, g_('some symbols or patterns disappeared in the symbols file: %s'),

I: Finished running '/tmp/clang13'.

Finished processing commands.
--------------------------------------------------------------------------------
I: NOTICE: Log filtering will replace 'build/spades-tYFMJw/resolver-K6zU0Y' with '<<RESOLVERDIR>>'

+------------------------------------------------------------------------------+
| Update chroot                                                                |
+------------------------------------------------------------------------------+

Hit:1 http://127.0.0.1:12990/debian sid InRelease
Reading package lists...
Reading package lists...
Building dependency tree...
Reading state information...
Calculating upgrade...
0 upgraded, 0 newly installed, 0 to remove and 0 not upgraded.

+------------------------------------------------------------------------------+
| Fetch source files                                                           |
+------------------------------------------------------------------------------+


Check APT
---------

Checking available source versions...

Download source files with APT
------------------------------

Reading package lists...
NOTICE: 'spades' packaging is maintained in the 'Git' version control system at:
https://salsa.debian.org/med-team/spades.git
Please use:
git clone https://salsa.debian.org/med-team/spades.git
to retrieve the latest (possibly unreleased) updates to the package.
Need to get 3230 kB of source archives.
Get:1 http://127.0.0.1:12990/debian sid/main spades 3.13.1+dfsg-2 (dsc) [2381 B]
Get:2 http://127.0.0.1:12990/debian sid/main spades 3.13.1+dfsg-2 (tar) [3203 kB]
Get:3 http://127.0.0.1:12990/debian sid/main spades 3.13.1+dfsg-2 (diff) [25.2 kB]
Fetched 3230 kB in 0s (32.4 MB/s)
Download complete and in download only mode
I: NOTICE: Log filtering will replace 'build/spades-tYFMJw/spades-3.13.1+dfsg' with '<<PKGBUILDDIR>>'
I: NOTICE: Log filtering will replace 'build/spades-tYFMJw' with '<<BUILDDIR>>'

+------------------------------------------------------------------------------+
| Install package build dependencies                                           |
+------------------------------------------------------------------------------+


Setup apt archive
-----------------

Merged Build-Depends: debhelper-compat (= 12), dh-python, cmake, python3-dev, zlib1g-dev, libbz2-dev, libboost-dev, libbam-dev, libbamtools-dev, libhat-trie-dev, libhts-dev, libnlopt-dev, libnlopt-cxx-dev, libssw-dev, python3-yaml, python3-joblib, asciidoctor (>= 1.5.3), bwa, libbwa-dev, lynx, build-essential, fakeroot
Filtered Build-Depends: debhelper-compat (= 12), dh-python, cmake, python3-dev, zlib1g-dev, libbz2-dev, libboost-dev, libbam-dev, libbamtools-dev, libhat-trie-dev, libhts-dev, libnlopt-dev, libnlopt-cxx-dev, libssw-dev, python3-yaml, python3-joblib, asciidoctor (>= 1.5.3), bwa, libbwa-dev, lynx, build-essential, fakeroot
dpkg-deb: building package 'sbuild-build-depends-main-dummy' in '/<<RESOLVERDIR>>/apt_archive/sbuild-build-depends-main-dummy.deb'.
Ign:1 copy:/<<RESOLVERDIR>>/apt_archive ./ InRelease
Get:2 copy:/<<RESOLVERDIR>>/apt_archive ./ Release [957 B]
Ign:3 copy:/<<RESOLVERDIR>>/apt_archive ./ Release.gpg
Get:4 copy:/<<RESOLVERDIR>>/apt_archive ./ Sources [478 B]
Get:5 copy:/<<RESOLVERDIR>>/apt_archive ./ Packages [559 B]
Fetched 1994 B in 0s (191 kB/s)
Reading package lists...
Reading package lists...

Install main build dependencies (apt-based resolver)
----------------------------------------------------

Installing build dependencies
Reading package lists...
Building dependency tree...
Reading state information...
The following additional packages will be installed:
  asciidoctor autoconf automake autopoint autotools-dev bsdextrautils bwa
  ca-certificates cmake cmake-data debhelper dh-autoreconf dh-elpa-helper
  dh-python dh-strip-nondeterminism dwz emacsen-common file gettext
  gettext-base groff-base intltool-debian libarchive-zip-perl libarchive13
  libbam-dev libbamtools-dev libbamtools2.5.1 libboost-dev libboost1.74-dev
  libbrotli1 libbwa-dev libbz2-dev libcurl3-gnutls libcurl4
  libcurl4-gnutls-dev libdebhelper-perl libdeflate-dev libdeflate0 libelf1
  libexpat1 libexpat1-dev libfile-stripnondeterminism-perl libgcc-10-dev
  libhat-trie-dev libhat-trie0 libhts-dev libhts3 libhtscodecs2 libjs-jquery
  libjs-sphinxdoc libjs-underscore libjsoncpp24 libldap-2.4-2 liblzma-dev
  libmagic-mgc libmagic1 libmpdec3 libncurses6 libncursesw6 libnghttp2-14
  libnlopt-cxx-dev libnlopt-cxx0 libnlopt-dev libnlopt0 libpipeline1
  libprocps8 libpsl5 libpython3-dev libpython3-stdlib libpython3.9
  libpython3.9-dev libpython3.9-minimal libpython3.9-stdlib libreadline8
  librhash0 librtmp1 libruby2.7 libsasl2-2 libsasl2-modules-db libsigsegv2
  libsqlite3-0 libssh2-1 libssw-dev libssw0 libstdc++-10-dev
  libsub-override-perl libtool libuchardet0 libuv1 libyaml-0-2 lynx
  lynx-common m4 man-db media-types openssl po-debconf procps python3
  python3-dev python3-distutils python3-joblib python3-lib2to3 python3-minimal
  python3-pkg-resources python3-yaml python3.9 python3.9-dev python3.9-minimal
  rake readline-common ruby ruby-asciidoctor ruby-minitest ruby-net-telnet
  ruby-power-assert ruby-rubygems ruby-test-unit ruby-xmlrpc ruby2.7
  rubygems-integration sensible-utils zlib1g-dev
Suggested packages:
  autoconf-archive gnu-standards autoconf-doc samtools cmake-doc ninja-build
  dh-make flit python3-toml gettext-doc libasprintf-dev libgettextpo-dev groff
  lrzip libbamtools-doc libboost-doc libboost1.74-doc libboost-atomic1.74-dev
  libboost-chrono1.74-dev libboost-container1.74-dev libboost-context1.74-dev
  libboost-contract1.74-dev libboost-coroutine1.74-dev
  libboost-date-time1.74-dev libboost-exception1.74-dev libboost-fiber1.74-dev
  libboost-filesystem1.74-dev libboost-graph1.74-dev
  libboost-graph-parallel1.74-dev libboost-iostreams1.74-dev
  libboost-locale1.74-dev libboost-log1.74-dev libboost-math1.74-dev
  libboost-mpi1.74-dev libboost-mpi-python1.74-dev libboost-numpy1.74-dev
  libboost-program-options1.74-dev libboost-python1.74-dev
  libboost-random1.74-dev libboost-regex1.74-dev
  libboost-serialization1.74-dev libboost-stacktrace1.74-dev
  libboost-system1.74-dev libboost-test1.74-dev libboost-thread1.74-dev
  libboost-timer1.74-dev libboost-type-erasure1.74-dev libboost-wave1.74-dev
  libboost1.74-tools-dev libmpfrc++-dev libntl-dev libboost-nowide1.74-dev
  libcurl4-doc libgnutls28-dev libidn11-dev libkrb5-dev libldap2-dev
  librtmp-dev libssh2-1-dev pkg-config liblzma-doc libstdc++-10-doc
  libtool-doc gfortran | fortran95-compiler gcj-jdk m4-doc apparmor less
  libmail-box-perl python3-doc python3-tk python3-venv python3-setuptools
  python3.9-venv python3.9-doc binfmt-support readline-doc ri ruby-dev bundler
Recommended packages:
  bzip2-doc libarchive-cpio-perl javascript-common libldap-common libgpm2
  publicsuffix libsasl2-modules libltdl-dev mime-support libmail-sendmail-perl
  psmisc python3-numpy python3-pytest python3-simplejson python3-psutil zip
  fonts-lato
The following NEW packages will be installed:
  asciidoctor autoconf automake autopoint autotools-dev bsdextrautils bwa
  ca-certificates cmake cmake-data debhelper dh-autoreconf dh-elpa-helper
  dh-python dh-strip-nondeterminism dwz emacsen-common file gettext
  gettext-base groff-base intltool-debian libarchive-zip-perl libarchive13
  libbam-dev libbamtools-dev libbamtools2.5.1 libboost-dev libboost1.74-dev
  libbrotli1 libbwa-dev libbz2-dev libcurl3-gnutls libcurl4
  libcurl4-gnutls-dev libdebhelper-perl libdeflate-dev libdeflate0 libelf1
  libexpat1 libexpat1-dev libfile-stripnondeterminism-perl libgcc-10-dev
  libhat-trie-dev libhat-trie0 libhts-dev libhts3 libhtscodecs2 libjs-jquery
  libjs-sphinxdoc libjs-underscore libjsoncpp24 libldap-2.4-2 liblzma-dev
  libmagic-mgc libmagic1 libmpdec3 libncurses6 libncursesw6 libnghttp2-14
  libnlopt-cxx-dev libnlopt-cxx0 libnlopt-dev libnlopt0 libpipeline1
  libprocps8 libpsl5 libpython3-dev libpython3-stdlib libpython3.9
  libpython3.9-dev libpython3.9-minimal libpython3.9-stdlib libreadline8
  librhash0 librtmp1 libruby2.7 libsasl2-2 libsasl2-modules-db libsigsegv2
  libsqlite3-0 libssh2-1 libssw-dev libssw0 libstdc++-10-dev
  libsub-override-perl libtool libuchardet0 libuv1 libyaml-0-2 lynx
  lynx-common m4 man-db media-types openssl po-debconf procps python3
  python3-dev python3-distutils python3-joblib python3-lib2to3 python3-minimal
  python3-pkg-resources python3-yaml python3.9 python3.9-dev python3.9-minimal
  rake readline-common ruby ruby-asciidoctor ruby-minitest ruby-net-telnet
  ruby-power-assert ruby-rubygems ruby-test-unit ruby-xmlrpc ruby2.7
  rubygems-integration sbuild-build-depends-main-dummy sensible-utils
  zlib1g-dev
0 upgraded, 124 newly installed, 0 to remove and 0 not upgraded.
Need to get 65.3 MB of archives.
After this operation, 350 MB of additional disk space will be used.
Get:1 copy:/<<RESOLVERDIR>>/apt_archive ./ sbuild-build-depends-main-dummy 0.invalid.0 [988 B]
Get:2 http://127.0.0.1:12990/debian sid/main amd64 bsdextrautils amd64 2.37.2-4 [143 kB]
Get:3 http://127.0.0.1:12990/debian sid/main amd64 libuchardet0 amd64 0.0.7-1 [67.8 kB]
Get:4 http://127.0.0.1:12990/debian sid/main amd64 groff-base amd64 1.22.4-7 [935 kB]
Get:5 http://127.0.0.1:12990/debian sid/main amd64 libpipeline1 amd64 1.5.3-1 [34.3 kB]
Get:6 http://127.0.0.1:12990/debian sid/main amd64 man-db amd64 2.9.4-2 [1354 kB]
Get:7 http://127.0.0.1:12990/debian sid/main amd64 libpython3.9-minimal amd64 3.9.7-4 [804 kB]
Get:8 http://127.0.0.1:12990/debian sid/main amd64 libexpat1 amd64 2.4.1-3 [104 kB]
Get:9 http://127.0.0.1:12990/debian sid/main amd64 python3.9-minimal amd64 3.9.7-4 [1963 kB]
Get:10 http://127.0.0.1:12990/debian sid/main amd64 python3-minimal amd64 3.9.2-3 [38.2 kB]
Get:11 http://127.0.0.1:12990/debian sid/main amd64 media-types all 4.0.0 [30.3 kB]
Get:12 http://127.0.0.1:12990/debian sid/main amd64 libmpdec3 amd64 2.5.1-2 [87.8 kB]
Get:13 http://127.0.0.1:12990/debian sid/main amd64 libncursesw6 amd64 6.2+20210905-1 [133 kB]
Get:14 http://127.0.0.1:12990/debian sid/main amd64 readline-common all 8.1-2 [73.8 kB]
Get:15 http://127.0.0.1:12990/debian sid/main amd64 libreadline8 amd64 8.1-2 [168 kB]
Get:16 http://127.0.0.1:12990/debian sid/main amd64 libsqlite3-0 amd64 3.36.0-2 [815 kB]
Get:17 http://127.0.0.1:12990/debian sid/main amd64 libpython3.9-stdlib amd64 3.9.7-4 [1688 kB]
Get:18 http://127.0.0.1:12990/debian sid/main amd64 python3.9 amd64 3.9.7-4 [480 kB]
Get:19 http://127.0.0.1:12990/debian sid/main amd64 libpython3-stdlib amd64 3.9.2-3 [21.4 kB]
Get:20 http://127.0.0.1:12990/debian sid/main amd64 python3 amd64 3.9.2-3 [37.9 kB]
Get:21 http://127.0.0.1:12990/debian sid/main amd64 libncurses6 amd64 6.2+20210905-1 [102 kB]
Get:22 http://127.0.0.1:12990/debian sid/main amd64 libprocps8 amd64 2:3.3.17-5 [63.9 kB]
Get:23 http://127.0.0.1:12990/debian sid/main amd64 procps amd64 2:3.3.17-5 [502 kB]
Get:24 http://127.0.0.1:12990/debian sid/main amd64 sensible-utils all 0.0.17 [21.5 kB]
Get:25 http://127.0.0.1:12990/debian sid/main amd64 openssl amd64 1.1.1l-1 [851 kB]
Get:26 http://127.0.0.1:12990/debian sid/main amd64 ca-certificates all 20211016 [156 kB]
Get:27 http://127.0.0.1:12990/debian sid/main amd64 libmagic-mgc amd64 1:5.39-3 [273 kB]
Get:28 http://127.0.0.1:12990/debian sid/main amd64 libmagic1 amd64 1:5.39-3 [126 kB]
Get:29 http://127.0.0.1:12990/debian sid/main amd64 file amd64 1:5.39-3 [69.1 kB]
Get:30 http://127.0.0.1:12990/debian sid/main amd64 gettext-base amd64 0.21-4 [175 kB]
Get:31 http://127.0.0.1:12990/debian sid/main amd64 rubygems-integration all 1.18 [6704 B]
Get:32 http://127.0.0.1:12990/debian sid/main amd64 rake all 13.0.3-1 [84.7 kB]
Get:33 http://127.0.0.1:12990/debian sid/main amd64 ruby-minitest all 5.13.0-1 [57.3 kB]
Get:34 http://127.0.0.1:12990/debian sid/main amd64 ruby-net-telnet all 0.1.1-2 [12.5 kB]
Get:35 http://127.0.0.1:12990/debian sid/main amd64 ruby-power-assert all 1.1.7-2 [11.5 kB]
Get:36 http://127.0.0.1:12990/debian sid/main amd64 ruby-test-unit all 3.3.9-1 [86.1 kB]
Get:37 http://127.0.0.1:12990/debian sid/main amd64 ruby-xmlrpc all 0.3.0-2 [23.7 kB]
Get:38 http://127.0.0.1:12990/debian sid/main amd64 libyaml-0-2 amd64 0.2.2-1 [49.6 kB]
Get:39 http://127.0.0.1:12990/debian sid/main amd64 libruby2.7 amd64 2.7.4-1+b1 [4198 kB]
Get:40 http://127.0.0.1:12990/debian sid/main amd64 ruby2.7 amd64 2.7.4-1+b1 [747 kB]
Get:41 http://127.0.0.1:12990/debian sid/main amd64 ruby-rubygems all 3.2.27-2 [272 kB]
Get:42 http://127.0.0.1:12990/debian sid/main amd64 ruby amd64 1:2.7.5 [11.9 kB]
Get:43 http://127.0.0.1:12990/debian sid/main amd64 ruby-asciidoctor all 2.0.16-2 [210 kB]
Get:44 http://127.0.0.1:12990/debian sid/main amd64 asciidoctor all 2.0.16-2 [87.6 kB]
Get:45 http://127.0.0.1:12990/debian sid/main amd64 libsigsegv2 amd64 2.13-1 [34.8 kB]
Get:46 http://127.0.0.1:12990/debian sid/main amd64 m4 amd64 1.4.18-5 [204 kB]
Get:47 http://127.0.0.1:12990/debian sid/main amd64 autoconf all 2.71-2 [343 kB]
Get:48 http://127.0.0.1:12990/debian sid/main amd64 autotools-dev all 20180224.1+nmu1 [77.1 kB]
Get:49 http://127.0.0.1:12990/debian sid/main amd64 automake all 1:1.16.5-1 [823 kB]
Get:50 http://127.0.0.1:12990/debian sid/main amd64 autopoint all 0.21-4 [510 kB]
Get:51 http://127.0.0.1:12990/debian sid/main amd64 bwa amd64 0.7.17-6+b1 [212 kB]
Get:52 http://127.0.0.1:12990/debian sid/main amd64 libarchive13 amd64 3.4.3-2+b1 [343 kB]
Get:53 http://127.0.0.1:12990/debian sid/main amd64 libbrotli1 amd64 1.0.9-2+b2 [279 kB]
Get:54 http://127.0.0.1:12990/debian sid/main amd64 libsasl2-modules-db amd64 2.1.27+dfsg-2.1 [69.1 kB]
Get:55 http://127.0.0.1:12990/debian sid/main amd64 libsasl2-2 amd64 2.1.27+dfsg-2.1 [106 kB]
Get:56 http://127.0.0.1:12990/debian sid/main amd64 libldap-2.4-2 amd64 2.4.59+dfsg-1 [232 kB]
Get:57 http://127.0.0.1:12990/debian sid/main amd64 libnghttp2-14 amd64 1.43.0-1 [77.1 kB]
Get:58 http://127.0.0.1:12990/debian sid/main amd64 libpsl5 amd64 0.21.0-1.2 [57.3 kB]
Get:59 http://127.0.0.1:12990/debian sid/main amd64 librtmp1 amd64 2.4+20151223.gitfa8646d.1-2+b2 [60.8 kB]
Get:60 http://127.0.0.1:12990/debian sid/main amd64 libssh2-1 amd64 1.10.0-2 [178 kB]
Get:61 http://127.0.0.1:12990/debian sid/main amd64 libcurl4 amd64 7.74.0-1.3+b1 [341 kB]
Get:62 http://127.0.0.1:12990/debian sid/main amd64 libjsoncpp24 amd64 1.9.4-5 [78.8 kB]
Get:63 http://127.0.0.1:12990/debian sid/main amd64 librhash0 amd64 1.4.2-1 [129 kB]
Get:64 http://127.0.0.1:12990/debian sid/main amd64 libuv1 amd64 1.42.0-1 [135 kB]
Get:65 http://127.0.0.1:12990/debian sid/main amd64 dh-elpa-helper all 2.0.9 [11.2 kB]
Get:66 http://127.0.0.1:12990/debian sid/main amd64 emacsen-common all 3.0.4 [19.3 kB]
Get:67 http://127.0.0.1:12990/debian sid/main amd64 cmake-data all 3.21.3-5 [1878 kB]
Get:68 http://127.0.0.1:12990/debian sid/main amd64 cmake amd64 3.21.3-5 [7907 kB]
Get:69 http://127.0.0.1:12990/debian sid/main amd64 libdebhelper-perl all 13.5.2 [192 kB]
Get:70 http://127.0.0.1:12990/debian sid/main amd64 libtool all 2.4.6-15 [513 kB]
Get:71 http://127.0.0.1:12990/debian sid/main amd64 dh-autoreconf all 20 [17.1 kB]
Get:72 http://127.0.0.1:12990/debian sid/main amd64 libarchive-zip-perl all 1.68-1 [104 kB]
Get:73 http://127.0.0.1:12990/debian sid/main amd64 libsub-override-perl all 0.09-2 [10.2 kB]
Get:74 http://127.0.0.1:12990/debian sid/main amd64 libfile-stripnondeterminism-perl all 1.12.0-2 [26.3 kB]
Get:75 http://127.0.0.1:12990/debian sid/main amd64 dh-strip-nondeterminism all 1.12.0-2 [15.5 kB]
Get:76 http://127.0.0.1:12990/debian sid/main amd64 libelf1 amd64 0.185-2 [172 kB]
Get:77 http://127.0.0.1:12990/debian sid/main amd64 dwz amd64 0.14-1 [98.3 kB]
Get:78 http://127.0.0.1:12990/debian sid/main amd64 gettext amd64 0.21-4 [1311 kB]
Get:79 http://127.0.0.1:12990/debian sid/main amd64 intltool-debian all 0.35.0+20060710.5 [26.8 kB]
Get:80 http://127.0.0.1:12990/debian sid/main amd64 po-debconf all 1.0.21+nmu1 [248 kB]
Get:81 http://127.0.0.1:12990/debian sid/main amd64 debhelper all 13.5.2 [1056 kB]
Get:82 http://127.0.0.1:12990/debian sid/main amd64 python3-lib2to3 all 3.9.7-1 [79.4 kB]
Get:83 http://127.0.0.1:12990/debian sid/main amd64 python3-distutils all 3.9.7-1 [146 kB]
Get:84 http://127.0.0.1:12990/debian sid/main amd64 dh-python all 5.20211022.1 [103 kB]
Get:85 http://127.0.0.1:12990/debian sid/main amd64 zlib1g-dev amd64 1:1.2.11.dfsg-2 [190 kB]
Get:86 http://127.0.0.1:12990/debian sid/main amd64 libbam-dev amd64 0.1.19+dfsg-4 [118 kB]
Get:87 http://127.0.0.1:12990/debian sid/main amd64 libbamtools2.5.1 amd64 2.5.1+dfsg-9 [158 kB]
Get:88 http://127.0.0.1:12990/debian sid/main amd64 libbamtools-dev amd64 2.5.1+dfsg-9 [208 kB]
Get:89 http://127.0.0.1:12990/debian sid/main amd64 libgcc-10-dev amd64 10.3.0-11 [2323 kB]
Get:90 http://127.0.0.1:12990/debian sid/main amd64 libstdc++-10-dev amd64 10.3.0-11 [1750 kB]
Get:91 http://127.0.0.1:12990/debian sid/main amd64 libboost1.74-dev amd64 1.74.0-11 [9533 kB]
Get:92 http://127.0.0.1:12990/debian sid/main amd64 libboost-dev amd64 1.74.0.3 [4548 B]
Get:93 http://127.0.0.1:12990/debian sid/main amd64 libbwa-dev amd64 0.7.17-6+b1 [143 kB]
Get:94 http://127.0.0.1:12990/debian sid/main amd64 libbz2-dev amd64 1.0.8-4 [30.1 kB]
Get:95 http://127.0.0.1:12990/debian sid/main amd64 libcurl3-gnutls amd64 7.74.0-1.3+b1 [338 kB]
Get:96 http://127.0.0.1:12990/debian sid/main amd64 libcurl4-gnutls-dev amd64 7.74.0-1.3+b1 [429 kB]
Get:97 http://127.0.0.1:12990/debian sid/main amd64 libdeflate0 amd64 1.8-1 [53.1 kB]
Get:98 http://127.0.0.1:12990/debian sid/main amd64 libdeflate-dev amd64 1.8-1 [46.7 kB]
Get:99 http://127.0.0.1:12990/debian sid/main amd64 libexpat1-dev amd64 2.4.1-3 [156 kB]
Get:100 http://127.0.0.1:12990/debian sid/main amd64 libhat-trie0 amd64 0.1.2-2 [11.8 kB]
Get:101 http://127.0.0.1:12990/debian sid/main amd64 libhat-trie-dev amd64 0.1.2-2 [19.9 kB]
Get:102 http://127.0.0.1:12990/debian sid/main amd64 libhtscodecs2 amd64 1.1.1-3+b1 [50.1 kB]
Get:103 http://127.0.0.1:12990/debian sid/main amd64 libhts3 amd64 1.13+ds-2 [395 kB]
Get:104 http://127.0.0.1:12990/debian sid/main amd64 liblzma-dev amd64 5.2.5-2 [229 kB]
Get:105 http://127.0.0.1:12990/debian sid/main amd64 libhts-dev amd64 1.13+ds-2 [4086 kB]
Get:106 http://127.0.0.1:12990/debian sid/main amd64 libjs-jquery all 3.5.1+dfsg+~3.5.5-8 [315 kB]
Get:107 http://127.0.0.1:12990/debian sid/main amd64 libjs-underscore all 1.9.1~dfsg-4 [100 kB]
Get:108 http://127.0.0.1:12990/debian sid/main amd64 libjs-sphinxdoc all 4.2.0-5 [137 kB]
Get:109 http://127.0.0.1:12990/debian sid/main amd64 libnlopt0 amd64 2.7.0-4+b2 [172 kB]
Get:110 http://127.0.0.1:12990/debian sid/main amd64 libnlopt-dev amd64 2.7.0-4+b2 [29.8 kB]
Get:111 http://127.0.0.1:12990/debian sid/main amd64 libnlopt-cxx0 amd64 2.7.0-4+b2 [200 kB]
Get:112 http://127.0.0.1:12990/debian sid/main amd64 libnlopt-cxx-dev amd64 2.7.0-4+b2 [14.5 kB]
Get:113 http://127.0.0.1:12990/debian sid/main amd64 libpython3.9 amd64 3.9.7-4 [1693 kB]
Get:114 http://127.0.0.1:12990/debian sid/main amd64 libpython3.9-dev amd64 3.9.7-4 [4032 kB]
Get:115 http://127.0.0.1:12990/debian sid/main amd64 libpython3-dev amd64 3.9.2-3 [21.7 kB]
Get:116 http://127.0.0.1:12990/debian sid/main amd64 libssw0 amd64 1.1-13 [19.7 kB]
Get:117 http://127.0.0.1:12990/debian sid/main amd64 libssw-dev amd64 1.1-13 [22.4 kB]
Get:118 http://127.0.0.1:12990/debian sid/main amd64 lynx-common all 2.9.0dev.9-2 [1190 kB]
Get:119 http://127.0.0.1:12990/debian sid/main amd64 lynx amd64 2.9.0dev.9-2 [654 kB]
Get:120 http://127.0.0.1:12990/debian sid/main amd64 python3.9-dev amd64 3.9.7-4 [508 kB]
Get:121 http://127.0.0.1:12990/debian sid/main amd64 python3-dev amd64 3.9.2-3 [24.8 kB]
Get:122 http://127.0.0.1:12990/debian sid/main amd64 python3-pkg-resources all 58.2.0-1 [192 kB]
Get:123 http://127.0.0.1:12990/debian sid/main amd64 python3-joblib all 0.17.0-4 [213 kB]
Get:124 http://127.0.0.1:12990/debian sid/main amd64 python3-yaml amd64 5.4.1-1 [128 kB]
debconf: delaying package configuration, since apt-utils is not installed
Fetched 65.3 MB in 1s (88.3 MB/s)
Selecting previously unselected package bsdextrautils.
(Reading database ... 14273 files and directories currently installed.)
Preparing to unpack .../0-bsdextrautils_2.37.2-4_amd64.deb ...
Unpacking bsdextrautils (2.37.2-4) ...
Selecting previously unselected package libuchardet0:amd64.
Preparing to unpack .../1-libuchardet0_0.0.7-1_amd64.deb ...
Unpacking libuchardet0:amd64 (0.0.7-1) ...
Selecting previously unselected package groff-base.
Preparing to unpack .../2-groff-base_1.22.4-7_amd64.deb ...
Unpacking groff-base (1.22.4-7) ...
Selecting previously unselected package libpipeline1:amd64.
Preparing to unpack .../3-libpipeline1_1.5.3-1_amd64.deb ...
Unpacking libpipeline1:amd64 (1.5.3-1) ...
Selecting previously unselected package man-db.
Preparing to unpack .../4-man-db_2.9.4-2_amd64.deb ...
Unpacking man-db (2.9.4-2) ...
Selecting previously unselected package libpython3.9-minimal:amd64.
Preparing to unpack .../5-libpython3.9-minimal_3.9.7-4_amd64.deb ...
Unpacking libpython3.9-minimal:amd64 (3.9.7-4) ...
Selecting previously unselected package libexpat1:amd64.
Preparing to unpack .../6-libexpat1_2.4.1-3_amd64.deb ...
Unpacking libexpat1:amd64 (2.4.1-3) ...
Selecting previously unselected package python3.9-minimal.
Preparing to unpack .../7-python3.9-minimal_3.9.7-4_amd64.deb ...
Unpacking python3.9-minimal (3.9.7-4) ...
Setting up libpython3.9-minimal:amd64 (3.9.7-4) ...
Setting up libexpat1:amd64 (2.4.1-3) ...
Setting up python3.9-minimal (3.9.7-4) ...
Selecting previously unselected package python3-minimal.
(Reading database ... 15140 files and directories currently installed.)
Preparing to unpack .../0-python3-minimal_3.9.2-3_amd64.deb ...
Unpacking python3-minimal (3.9.2-3) ...
Selecting previously unselected package media-types.
Preparing to unpack .../1-media-types_4.0.0_all.deb ...
Unpacking media-types (4.0.0) ...
Selecting previously unselected package libmpdec3:amd64.
Preparing to unpack .../2-libmpdec3_2.5.1-2_amd64.deb ...
Unpacking libmpdec3:amd64 (2.5.1-2) ...
Selecting previously unselected package libncursesw6:amd64.
Preparing to unpack .../3-libncursesw6_6.2+20210905-1_amd64.deb ...
Unpacking libncursesw6:amd64 (6.2+20210905-1) ...
Selecting previously unselected package readline-common.
Preparing to unpack .../4-readline-common_8.1-2_all.deb ...
Unpacking readline-common (8.1-2) ...
Selecting previously unselected package libreadline8:amd64.
Preparing to unpack .../5-libreadline8_8.1-2_amd64.deb ...
Unpacking libreadline8:amd64 (8.1-2) ...
Selecting previously unselected package libsqlite3-0:amd64.
Preparing to unpack .../6-libsqlite3-0_3.36.0-2_amd64.deb ...
Unpacking libsqlite3-0:amd64 (3.36.0-2) ...
Selecting previously unselected package libpython3.9-stdlib:amd64.
Preparing to unpack .../7-libpython3.9-stdlib_3.9.7-4_amd64.deb ...
Unpacking libpython3.9-stdlib:amd64 (3.9.7-4) ...
Selecting previously unselected package python3.9.
Preparing to unpack .../8-python3.9_3.9.7-4_amd64.deb ...
Unpacking python3.9 (3.9.7-4) ...
Selecting previously unselected package libpython3-stdlib:amd64.
Preparing to unpack .../9-libpython3-stdlib_3.9.2-3_amd64.deb ...
Unpacking libpython3-stdlib:amd64 (3.9.2-3) ...
Setting up python3-minimal (3.9.2-3) ...
Selecting previously unselected package python3.
(Reading database ... 15579 files and directories currently installed.)
Preparing to unpack .../000-python3_3.9.2-3_amd64.deb ...
Unpacking python3 (3.9.2-3) ...
Selecting previously unselected package libncurses6:amd64.
Preparing to unpack .../001-libncurses6_6.2+20210905-1_amd64.deb ...
Unpacking libncurses6:amd64 (6.2+20210905-1) ...
Selecting previously unselected package libprocps8:amd64.
Preparing to unpack .../002-libprocps8_2%3a3.3.17-5_amd64.deb ...
Unpacking libprocps8:amd64 (2:3.3.17-5) ...
Selecting previously unselected package procps.
Preparing to unpack .../003-procps_2%3a3.3.17-5_amd64.deb ...
Unpacking procps (2:3.3.17-5) ...
Selecting previously unselected package sensible-utils.
Preparing to unpack .../004-sensible-utils_0.0.17_all.deb ...
Unpacking sensible-utils (0.0.17) ...
Selecting previously unselected package openssl.
Preparing to unpack .../005-openssl_1.1.1l-1_amd64.deb ...
Unpacking openssl (1.1.1l-1) ...
Selecting previously unselected package ca-certificates.
Preparing to unpack .../006-ca-certificates_20211016_all.deb ...
Unpacking ca-certificates (20211016) ...
Selecting previously unselected package libmagic-mgc.
Preparing to unpack .../007-libmagic-mgc_1%3a5.39-3_amd64.deb ...
Unpacking libmagic-mgc (1:5.39-3) ...
Selecting previously unselected package libmagic1:amd64.
Preparing to unpack .../008-libmagic1_1%3a5.39-3_amd64.deb ...
Unpacking libmagic1:amd64 (1:5.39-3) ...
Selecting previously unselected package file.
Preparing to unpack .../009-file_1%3a5.39-3_amd64.deb ...
Unpacking file (1:5.39-3) ...
Selecting previously unselected package gettext-base.
Preparing to unpack .../010-gettext-base_0.21-4_amd64.deb ...
Unpacking gettext-base (0.21-4) ...
Selecting previously unselected package rubygems-integration.
Preparing to unpack .../011-rubygems-integration_1.18_all.deb ...
Unpacking rubygems-integration (1.18) ...
Selecting previously unselected package rake.
Preparing to unpack .../012-rake_13.0.3-1_all.deb ...
Unpacking rake (13.0.3-1) ...
Selecting previously unselected package ruby-minitest.
Preparing to unpack .../013-ruby-minitest_5.13.0-1_all.deb ...
Unpacking ruby-minitest (5.13.0-1) ...
Selecting previously unselected package ruby-net-telnet.
Preparing to unpack .../014-ruby-net-telnet_0.1.1-2_all.deb ...
Unpacking ruby-net-telnet (0.1.1-2) ...
Selecting previously unselected package ruby-power-assert.
Preparing to unpack .../015-ruby-power-assert_1.1.7-2_all.deb ...
Unpacking ruby-power-assert (1.1.7-2) ...
Selecting previously unselected package ruby-test-unit.
Preparing to unpack .../016-ruby-test-unit_3.3.9-1_all.deb ...
Unpacking ruby-test-unit (3.3.9-1) ...
Selecting previously unselected package ruby-xmlrpc.
Preparing to unpack .../017-ruby-xmlrpc_0.3.0-2_all.deb ...
Unpacking ruby-xmlrpc (0.3.0-2) ...
Selecting previously unselected package libyaml-0-2:amd64.
Preparing to unpack .../018-libyaml-0-2_0.2.2-1_amd64.deb ...
Unpacking libyaml-0-2:amd64 (0.2.2-1) ...
Selecting previously unselected package libruby2.7:amd64.
Preparing to unpack .../019-libruby2.7_2.7.4-1+b1_amd64.deb ...
Unpacking libruby2.7:amd64 (2.7.4-1+b1) ...
Selecting previously unselected package ruby2.7.
Preparing to unpack .../020-ruby2.7_2.7.4-1+b1_amd64.deb ...
Unpacking ruby2.7 (2.7.4-1+b1) ...
Selecting previously unselected package ruby-rubygems.
Preparing to unpack .../021-ruby-rubygems_3.2.27-2_all.deb ...
Unpacking ruby-rubygems (3.2.27-2) ...
Selecting previously unselected package ruby.
Preparing to unpack .../022-ruby_1%3a2.7.5_amd64.deb ...
Unpacking ruby (1:2.7.5) ...
Selecting previously unselected package ruby-asciidoctor.
Preparing to unpack .../023-ruby-asciidoctor_2.0.16-2_all.deb ...
Unpacking ruby-asciidoctor (2.0.16-2) ...
Selecting previously unselected package asciidoctor.
Preparing to unpack .../024-asciidoctor_2.0.16-2_all.deb ...
Unpacking asciidoctor (2.0.16-2) ...
Selecting previously unselected package libsigsegv2:amd64.
Preparing to unpack .../025-libsigsegv2_2.13-1_amd64.deb ...
Unpacking libsigsegv2:amd64 (2.13-1) ...
Selecting previously unselected package m4.
Preparing to unpack .../026-m4_1.4.18-5_amd64.deb ...
Unpacking m4 (1.4.18-5) ...
Selecting previously unselected package autoconf.
Preparing to unpack .../027-autoconf_2.71-2_all.deb ...
Unpacking autoconf (2.71-2) ...
Selecting previously unselected package autotools-dev.
Preparing to unpack .../028-autotools-dev_20180224.1+nmu1_all.deb ...
Unpacking autotools-dev (20180224.1+nmu1) ...
Selecting previously unselected package automake.
Preparing to unpack .../029-automake_1%3a1.16.5-1_all.deb ...
Unpacking automake (1:1.16.5-1) ...
Selecting previously unselected package autopoint.
Preparing to unpack .../030-autopoint_0.21-4_all.deb ...
Unpacking autopoint (0.21-4) ...
Selecting previously unselected package bwa.
Preparing to unpack .../031-bwa_0.7.17-6+b1_amd64.deb ...
Unpacking bwa (0.7.17-6+b1) ...
Selecting previously unselected package libarchive13:amd64.
Preparing to unpack .../032-libarchive13_3.4.3-2+b1_amd64.deb ...
Unpacking libarchive13:amd64 (3.4.3-2+b1) ...
Selecting previously unselected package libbrotli1:amd64.
Preparing to unpack .../033-libbrotli1_1.0.9-2+b2_amd64.deb ...
Unpacking libbrotli1:amd64 (1.0.9-2+b2) ...
Selecting previously unselected package libsasl2-modules-db:amd64.
Preparing to unpack .../034-libsasl2-modules-db_2.1.27+dfsg-2.1_amd64.deb ...
Unpacking libsasl2-modules-db:amd64 (2.1.27+dfsg-2.1) ...
Selecting previously unselected package libsasl2-2:amd64.
Preparing to unpack .../035-libsasl2-2_2.1.27+dfsg-2.1_amd64.deb ...
Unpacking libsasl2-2:amd64 (2.1.27+dfsg-2.1) ...
Selecting previously unselected package libldap-2.4-2:amd64.
Preparing to unpack .../036-libldap-2.4-2_2.4.59+dfsg-1_amd64.deb ...
Unpacking libldap-2.4-2:amd64 (2.4.59+dfsg-1) ...
Selecting previously unselected package libnghttp2-14:amd64.
Preparing to unpack .../037-libnghttp2-14_1.43.0-1_amd64.deb ...
Unpacking libnghttp2-14:amd64 (1.43.0-1) ...
Selecting previously unselected package libpsl5:amd64.
Preparing to unpack .../038-libpsl5_0.21.0-1.2_amd64.deb ...
Unpacking libpsl5:amd64 (0.21.0-1.2) ...
Selecting previously unselected package librtmp1:amd64.
Preparing to unpack .../039-librtmp1_2.4+20151223.gitfa8646d.1-2+b2_amd64.deb ...
Unpacking librtmp1:amd64 (2.4+20151223.gitfa8646d.1-2+b2) ...
Selecting previously unselected package libssh2-1:amd64.
Preparing to unpack .../040-libssh2-1_1.10.0-2_amd64.deb ...
Unpacking libssh2-1:amd64 (1.10.0-2) ...
Selecting previously unselected package libcurl4:amd64.
Preparing to unpack .../041-libcurl4_7.74.0-1.3+b1_amd64.deb ...
Unpacking libcurl4:amd64 (7.74.0-1.3+b1) ...
Selecting previously unselected package libjsoncpp24:amd64.
Preparing to unpack .../042-libjsoncpp24_1.9.4-5_amd64.deb ...
Unpacking libjsoncpp24:amd64 (1.9.4-5) ...
Selecting previously unselected package librhash0:amd64.
Preparing to unpack .../043-librhash0_1.4.2-1_amd64.deb ...
Unpacking librhash0:amd64 (1.4.2-1) ...
Selecting previously unselected package libuv1:amd64.
Preparing to unpack .../044-libuv1_1.42.0-1_amd64.deb ...
Unpacking libuv1:amd64 (1.42.0-1) ...
Selecting previously unselected package dh-elpa-helper.
Preparing to unpack .../045-dh-elpa-helper_2.0.9_all.deb ...
Unpacking dh-elpa-helper (2.0.9) ...
Selecting previously unselected package emacsen-common.
Preparing to unpack .../046-emacsen-common_3.0.4_all.deb ...
Unpacking emacsen-common (3.0.4) ...
Selecting previously unselected package cmake-data.
Preparing to unpack .../047-cmake-data_3.21.3-5_all.deb ...
Unpacking cmake-data (3.21.3-5) ...
Selecting previously unselected package cmake.
Preparing to unpack .../048-cmake_3.21.3-5_amd64.deb ...
Unpacking cmake (3.21.3-5) ...
Selecting previously unselected package libdebhelper-perl.
Preparing to unpack .../049-libdebhelper-perl_13.5.2_all.deb ...
Unpacking libdebhelper-perl (13.5.2) ...
Selecting previously unselected package libtool.
Preparing to unpack .../050-libtool_2.4.6-15_all.deb ...
Unpacking libtool (2.4.6-15) ...
Selecting previously unselected package dh-autoreconf.
Preparing to unpack .../051-dh-autoreconf_20_all.deb ...
Unpacking dh-autoreconf (20) ...
Selecting previously unselected package libarchive-zip-perl.
Preparing to unpack .../052-libarchive-zip-perl_1.68-1_all.deb ...
Unpacking libarchive-zip-perl (1.68-1) ...
Selecting previously unselected package libsub-override-perl.
Preparing to unpack .../053-libsub-override-perl_0.09-2_all.deb ...
Unpacking libsub-override-perl (0.09-2) ...
Selecting previously unselected package libfile-stripnondeterminism-perl.
Preparing to unpack .../054-libfile-stripnondeterminism-perl_1.12.0-2_all.deb ...
Unpacking libfile-stripnondeterminism-perl (1.12.0-2) ...
Selecting previously unselected package dh-strip-nondeterminism.
Preparing to unpack .../055-dh-strip-nondeterminism_1.12.0-2_all.deb ...
Unpacking dh-strip-nondeterminism (1.12.0-2) ...
Selecting previously unselected package libelf1:amd64.
Preparing to unpack .../056-libelf1_0.185-2_amd64.deb ...
Unpacking libelf1:amd64 (0.185-2) ...
Selecting previously unselected package dwz.
Preparing to unpack .../057-dwz_0.14-1_amd64.deb ...
Unpacking dwz (0.14-1) ...
Selecting previously unselected package gettext.
Preparing to unpack .../058-gettext_0.21-4_amd64.deb ...
Unpacking gettext (0.21-4) ...
Selecting previously unselected package intltool-debian.
Preparing to unpack .../059-intltool-debian_0.35.0+20060710.5_all.deb ...
Unpacking intltool-debian (0.35.0+20060710.5) ...
Selecting previously unselected package po-debconf.
Preparing to unpack .../060-po-debconf_1.0.21+nmu1_all.deb ...
Unpacking po-debconf (1.0.21+nmu1) ...
Selecting previously unselected package debhelper.
Preparing to unpack .../061-debhelper_13.5.2_all.deb ...
Unpacking debhelper (13.5.2) ...
Selecting previously unselected package python3-lib2to3.
Preparing to unpack .../062-python3-lib2to3_3.9.7-1_all.deb ...
Unpacking python3-lib2to3 (3.9.7-1) ...
Selecting previously unselected package python3-distutils.
Preparing to unpack .../063-python3-distutils_3.9.7-1_all.deb ...
Unpacking python3-distutils (3.9.7-1) ...
Selecting previously unselected package dh-python.
Preparing to unpack .../064-dh-python_5.20211022.1_all.deb ...
Unpacking dh-python (5.20211022.1) ...
Selecting previously unselected package zlib1g-dev:amd64.
Preparing to unpack .../065-zlib1g-dev_1%3a1.2.11.dfsg-2_amd64.deb ...
Unpacking zlib1g-dev:amd64 (1:1.2.11.dfsg-2) ...
Selecting previously unselected package libbam-dev.
Preparing to unpack .../066-libbam-dev_0.1.19+dfsg-4_amd64.deb ...
Unpacking libbam-dev (0.1.19+dfsg-4) ...
Selecting previously unselected package libbamtools2.5.1:amd64.
Preparing to unpack .../067-libbamtools2.5.1_2.5.1+dfsg-9_amd64.deb ...
Unpacking libbamtools2.5.1:amd64 (2.5.1+dfsg-9) ...
Selecting previously unselected package libbamtools-dev:amd64.
Preparing to unpack .../068-libbamtools-dev_2.5.1+dfsg-9_amd64.deb ...
Unpacking libbamtools-dev:amd64 (2.5.1+dfsg-9) ...
Selecting previously unselected package libgcc-10-dev:amd64.
Preparing to unpack .../069-libgcc-10-dev_10.3.0-11_amd64.deb ...
Unpacking libgcc-10-dev:amd64 (10.3.0-11) ...
Selecting previously unselected package libstdc++-10-dev:amd64.
Preparing to unpack .../070-libstdc++-10-dev_10.3.0-11_amd64.deb ...
Unpacking libstdc++-10-dev:amd64 (10.3.0-11) ...
Selecting previously unselected package libboost1.74-dev:amd64.
Preparing to unpack .../071-libboost1.74-dev_1.74.0-11_amd64.deb ...
Unpacking libboost1.74-dev:amd64 (1.74.0-11) ...
Selecting previously unselected package libboost-dev:amd64.
Preparing to unpack .../072-libboost-dev_1.74.0.3_amd64.deb ...
Unpacking libboost-dev:amd64 (1.74.0.3) ...
Selecting previously unselected package libbwa-dev.
Preparing to unpack .../073-libbwa-dev_0.7.17-6+b1_amd64.deb ...
Unpacking libbwa-dev (0.7.17-6+b1) ...
Selecting previously unselected package libbz2-dev:amd64.
Preparing to unpack .../074-libbz2-dev_1.0.8-4_amd64.deb ...
Unpacking libbz2-dev:amd64 (1.0.8-4) ...
Selecting previously unselected package libcurl3-gnutls:amd64.
Preparing to unpack .../075-libcurl3-gnutls_7.74.0-1.3+b1_amd64.deb ...
Unpacking libcurl3-gnutls:amd64 (7.74.0-1.3+b1) ...
Selecting previously unselected package libcurl4-gnutls-dev:amd64.
Preparing to unpack .../076-libcurl4-gnutls-dev_7.74.0-1.3+b1_amd64.deb ...
Unpacking libcurl4-gnutls-dev:amd64 (7.74.0-1.3+b1) ...
Selecting previously unselected package libdeflate0:amd64.
Preparing to unpack .../077-libdeflate0_1.8-1_amd64.deb ...
Unpacking libdeflate0:amd64 (1.8-1) ...
Selecting previously unselected package libdeflate-dev:amd64.
Preparing to unpack .../078-libdeflate-dev_1.8-1_amd64.deb ...
Unpacking libdeflate-dev:amd64 (1.8-1) ...
Selecting previously unselected package libexpat1-dev:amd64.
Preparing to unpack .../079-libexpat1-dev_2.4.1-3_amd64.deb ...
Unpacking libexpat1-dev:amd64 (2.4.1-3) ...
Selecting previously unselected package libhat-trie0:amd64.
Preparing to unpack .../080-libhat-trie0_0.1.2-2_amd64.deb ...
Unpacking libhat-trie0:amd64 (0.1.2-2) ...
Selecting previously unselected package libhat-trie-dev:amd64.
Preparing to unpack .../081-libhat-trie-dev_0.1.2-2_amd64.deb ...
Unpacking libhat-trie-dev:amd64 (0.1.2-2) ...
Selecting previously unselected package libhtscodecs2:amd64.
Preparing to unpack .../082-libhtscodecs2_1.1.1-3+b1_amd64.deb ...
Unpacking libhtscodecs2:amd64 (1.1.1-3+b1) ...
Selecting previously unselected package libhts3:amd64.
Preparing to unpack .../083-libhts3_1.13+ds-2_amd64.deb ...
Unpacking libhts3:amd64 (1.13+ds-2) ...
Selecting previously unselected package liblzma-dev:amd64.
Preparing to unpack .../084-liblzma-dev_5.2.5-2_amd64.deb ...
Unpacking liblzma-dev:amd64 (5.2.5-2) ...
Selecting previously unselected package libhts-dev:amd64.
Preparing to unpack .../085-libhts-dev_1.13+ds-2_amd64.deb ...
Unpacking libhts-dev:amd64 (1.13+ds-2) ...
Selecting previously unselected package libjs-jquery.
Preparing to unpack .../086-libjs-jquery_3.5.1+dfsg+~3.5.5-8_all.deb ...
Unpacking libjs-jquery (3.5.1+dfsg+~3.5.5-8) ...
Selecting previously unselected package libjs-underscore.
Preparing to unpack .../087-libjs-underscore_1.9.1~dfsg-4_all.deb ...
Unpacking libjs-underscore (1.9.1~dfsg-4) ...
Selecting previously unselected package libjs-sphinxdoc.
Preparing to unpack .../088-libjs-sphinxdoc_4.2.0-5_all.deb ...
Unpacking libjs-sphinxdoc (4.2.0-5) ...
Selecting previously unselected package libnlopt0:amd64.
Preparing to unpack .../089-libnlopt0_2.7.0-4+b2_amd64.deb ...
Unpacking libnlopt0:amd64 (2.7.0-4+b2) ...
Selecting previously unselected package libnlopt-dev:amd64.
Preparing to unpack .../090-libnlopt-dev_2.7.0-4+b2_amd64.deb ...
Unpacking libnlopt-dev:amd64 (2.7.0-4+b2) ...
Selecting previously unselected package libnlopt-cxx0:amd64.
Preparing to unpack .../091-libnlopt-cxx0_2.7.0-4+b2_amd64.deb ...
Unpacking libnlopt-cxx0:amd64 (2.7.0-4+b2) ...
Selecting previously unselected package libnlopt-cxx-dev:amd64.
Preparing to unpack .../092-libnlopt-cxx-dev_2.7.0-4+b2_amd64.deb ...
Unpacking libnlopt-cxx-dev:amd64 (2.7.0-4+b2) ...
Selecting previously unselected package libpython3.9:amd64.
Preparing to unpack .../093-libpython3.9_3.9.7-4_amd64.deb ...
Unpacking libpython3.9:amd64 (3.9.7-4) ...
Selecting previously unselected package libpython3.9-dev:amd64.
Preparing to unpack .../094-libpython3.9-dev_3.9.7-4_amd64.deb ...
Unpacking libpython3.9-dev:amd64 (3.9.7-4) ...
Selecting previously unselected package libpython3-dev:amd64.
Preparing to unpack .../095-libpython3-dev_3.9.2-3_amd64.deb ...
Unpacking libpython3-dev:amd64 (3.9.2-3) ...
Selecting previously unselected package libssw0:amd64.
Preparing to unpack .../096-libssw0_1.1-13_amd64.deb ...
Unpacking libssw0:amd64 (1.1-13) ...
Selecting previously unselected package libssw-dev:amd64.
Preparing to unpack .../097-libssw-dev_1.1-13_amd64.deb ...
Unpacking libssw-dev:amd64 (1.1-13) ...
Selecting previously unselected package lynx-common.
Preparing to unpack .../098-lynx-common_2.9.0dev.9-2_all.deb ...
Unpacking lynx-common (2.9.0dev.9-2) ...
Selecting previously unselected package lynx.
Preparing to unpack .../099-lynx_2.9.0dev.9-2_amd64.deb ...
Unpacking lynx (2.9.0dev.9-2) ...
Selecting previously unselected package python3.9-dev.
Preparing to unpack .../100-python3.9-dev_3.9.7-4_amd64.deb ...
Unpacking python3.9-dev (3.9.7-4) ...
Selecting previously unselected package python3-dev.
Preparing to unpack .../101-python3-dev_3.9.2-3_amd64.deb ...
Unpacking python3-dev (3.9.2-3) ...
Selecting previously unselected package python3-pkg-resources.
Preparing to unpack .../102-python3-pkg-resources_58.2.0-1_all.deb ...
Unpacking python3-pkg-resources (58.2.0-1) ...
Selecting previously unselected package python3-joblib.
Preparing to unpack .../103-python3-joblib_0.17.0-4_all.deb ...
Unpacking python3-joblib (0.17.0-4) ...
Selecting previously unselected package python3-yaml.
Preparing to unpack .../104-python3-yaml_5.4.1-1_amd64.deb ...
Unpacking python3-yaml (5.4.1-1) ...
Selecting previously unselected package sbuild-build-depends-main-dummy.
Preparing to unpack .../105-sbuild-build-depends-main-dummy_0.invalid.0_amd64.deb ...
Unpacking sbuild-build-depends-main-dummy (0.invalid.0) ...
Setting up libhtscodecs2:amd64 (1.1.1-3+b1) ...
Setting up media-types (4.0.0) ...
Setting up libpipeline1:amd64 (1.5.3-1) ...
Setting up libpsl5:amd64 (0.21.0-1.2) ...
Setting up bsdextrautils (2.37.2-4) ...
update-alternatives: using /usr/bin/write.ul to provide /usr/bin/write (write) in auto mode
Setting up ruby-power-assert (1.1.7-2) ...
Setting up libmagic-mgc (1:5.39-3) ...
Setting up libarchive13:amd64 (3.4.3-2+b1) ...
Setting up libarchive-zip-perl (1.68-1) ...
Setting up libyaml-0-2:amd64 (0.2.2-1) ...
Setting up bwa (0.7.17-6+b1) ...
Setting up libgcc-10-dev:amd64 (10.3.0-11) ...
Setting up libdebhelper-perl (13.5.2) ...
Setting up libbrotli1:amd64 (1.0.9-2+b2) ...
Setting up libsqlite3-0:amd64 (3.36.0-2) ...
Setting up libnghttp2-14:amd64 (1.43.0-1) ...
Setting up libmagic1:amd64 (1:5.39-3) ...
Setting up libdeflate0:amd64 (1.8-1) ...
Setting up gettext-base (0.21-4) ...
Setting up libnlopt0:amd64 (2.7.0-4+b2) ...
Setting up file (1:5.39-3) ...
Setting up libsasl2-modules-db:amd64 (2.1.27+dfsg-2.1) ...
Setting up ruby-minitest (5.13.0-1) ...
Setting up autotools-dev (20180224.1+nmu1) ...
Setting up libuv1:amd64 (1.42.0-1) ...
Setting up libhat-trie0:amd64 (0.1.2-2) ...
Setting up libexpat1-dev:amd64 (2.4.1-3) ...
Setting up emacsen-common (3.0.4) ...
Setting up ruby-test-unit (3.3.9-1) ...
Setting up librtmp1:amd64 (2.4+20151223.gitfa8646d.1-2+b2) ...
Setting up dh-elpa-helper (2.0.9) ...
Setting up libncurses6:amd64 (6.2+20210905-1) ...
Setting up ruby-net-telnet (0.1.1-2) ...
Setting up libsigsegv2:amd64 (2.13-1) ...
Setting up libbamtools2.5.1:amd64 (2.5.1+dfsg-9) ...
Setting up autopoint (0.21-4) ...
Setting up libncursesw6:amd64 (6.2+20210905-1) ...
Setting up lynx-common (2.9.0dev.9-2) ...
Setting up libsasl2-2:amd64 (2.1.27+dfsg-2.1) ...
Setting up libbwa-dev (0.7.17-6+b1) ...
Setting up libnlopt-cxx0:amd64 (2.7.0-4+b2) ...
Setting up libjsoncpp24:amd64 (1.9.4-5) ...
Setting up liblzma-dev:amd64 (5.2.5-2) ...
Setting up zlib1g-dev:amd64 (1:1.2.11.dfsg-2) ...
Setting up sensible-utils (0.0.17) ...
Setting up libhat-trie-dev:amd64 (0.1.2-2) ...
Setting up librhash0:amd64 (1.4.2-1) ...
Setting up libuchardet0:amd64 (0.0.7-1) ...
Setting up libmpdec3:amd64 (2.5.1-2) ...
Setting up libsub-override-perl (0.09-2) ...
Setting up libssh2-1:amd64 (1.10.0-2) ...
Setting up cmake-data (3.21.3-5) ...
Setting up lynx (2.9.0dev.9-2) ...
update-alternatives: using /usr/bin/lynx to provide /usr/bin/www-browser (www-browser) in auto mode
Setting up libjs-jquery (3.5.1+dfsg+~3.5.5-8) ...
Setting up libnlopt-dev:amd64 (2.7.0-4+b2) ...
Setting up openssl (1.1.1l-1) ...
Setting up libdeflate-dev:amd64 (1.8-1) ...
Setting up libelf1:amd64 (0.185-2) ...
Setting up libssw0:amd64 (1.1-13) ...
Setting up readline-common (8.1-2) ...
Setting up ruby-xmlrpc (0.3.0-2) ...
Setting up libprocps8:amd64 (2:3.3.17-5) ...
Setting up libjs-underscore (1.9.1~dfsg-4) ...
Setting up libbz2-dev:amd64 (1.0.8-4) ...
Setting up libfile-stripnondeterminism-perl (1.12.0-2) ...
Setting up gettext (0.21-4) ...
Setting up libstdc++-10-dev:amd64 (10.3.0-11) ...
Setting up libboost1.74-dev:amd64 (1.74.0-11) ...
Setting up libssw-dev:amd64 (1.1-13) ...
Setting up libtool (2.4.6-15) ...
Setting up libreadline8:amd64 (8.1-2) ...
Setting up libldap-2.4-2:amd64 (2.4.59+dfsg-1) ...
Setting up m4 (1.4.18-5) ...
Setting up libcurl3-gnutls:amd64 (7.74.0-1.3+b1) ...
Setting up libcurl4-gnutls-dev:amd64 (7.74.0-1.3+b1) ...
Setting up intltool-debian (0.35.0+20060710.5) ...
Setting up ca-certificates (20211016) ...
Updating certificates in /etc/ssl/certs...
127 added, 0 removed; done.
Setting up libnlopt-cxx-dev:amd64 (2.7.0-4+b2) ...
Setting up libbamtools-dev:amd64 (2.5.1+dfsg-9) ...
Setting up libbam-dev (0.1.19+dfsg-4) ...
Setting up libjs-sphinxdoc (4.2.0-5) ...
Setting up autoconf (2.71-2) ...
Setting up dh-strip-nondeterminism (1.12.0-2) ...
Setting up dwz (0.14-1) ...
Setting up groff-base (1.22.4-7) ...
Setting up procps (2:3.3.17-5) ...
Setting up libcurl4:amd64 (7.74.0-1.3+b1) ...
Setting up libboost-dev:amd64 (1.74.0.3) ...
Setting up libpython3.9-stdlib:amd64 (3.9.7-4) ...
Setting up libpython3-stdlib:amd64 (3.9.2-3) ...
Setting up automake (1:1.16.5-1) ...
update-alternatives: using /usr/bin/automake-1.16 to provide /usr/bin/automake (automake) in auto mode
Setting up libhts3:amd64 (1.13+ds-2) ...
Setting up po-debconf (1.0.21+nmu1) ...
Setting up libhts-dev:amd64 (1.13+ds-2) ...
Setting up rubygems-integration (1.18) ...
Setting up man-db (2.9.4-2) ...
Not building database; man-db/auto-update is not 'true'.
Setting up dh-autoreconf (20) ...
Setting up libpython3.9:amd64 (3.9.7-4) ...
Setting up cmake (3.21.3-5) ...
Setting up python3.9 (3.9.7-4) ...
Setting up libpython3.9-dev:amd64 (3.9.7-4) ...
Setting up debhelper (13.5.2) ...
Setting up python3 (3.9.2-3) ...
Setting up python3.9-dev (3.9.7-4) ...
Setting up python3-lib2to3 (3.9.7-1) ...
Setting up python3-pkg-resources (58.2.0-1) ...
Setting up python3-distutils (3.9.7-1) ...
Setting up dh-python (5.20211022.1) ...
Setting up libpython3-dev:amd64 (3.9.2-3) ...
Setting up python3-joblib (0.17.0-4) ...
Setting up python3-yaml (5.4.1-1) ...
Setting up python3-dev (3.9.2-3) ...
Setting up ruby-rubygems (3.2.27-2) ...
Setting up libruby2.7:amd64 (2.7.4-1+b1) ...
Setting up ruby2.7 (2.7.4-1+b1) ...
Setting up ruby (1:2.7.5) ...
Setting up ruby-asciidoctor (2.0.16-2) ...
Setting up rake (13.0.3-1) ...
Setting up asciidoctor (2.0.16-2) ...
Setting up sbuild-build-depends-main-dummy (0.invalid.0) ...
Processing triggers for libc-bin (2.32-4) ...
Processing triggers for ca-certificates (20211016) ...
Updating certificates in /etc/ssl/certs...
0 added, 0 removed; done.
Running hooks in /etc/ca-certificates/update.d...
done.

+------------------------------------------------------------------------------+
| Check architectures                                                          |
+------------------------------------------------------------------------------+

Arch check ok (amd64 included in any)

+------------------------------------------------------------------------------+
| Build environment                                                            |
+------------------------------------------------------------------------------+

Kernel: Linux 4.19.0-6-cloud-amd64 #1 SMP Debian 4.19.67-2+deb10u2 (2019-11-11) amd64 (x86_64)
Toolchain package versions: binutils_2.37-7 dpkg-dev_1.20.9 g++-11_11.2.0-10 gcc-11_11.2.0-10 libc6-dev_2.32-4 libstdc++-10-dev_10.3.0-11 libstdc++-11-dev_11.2.0-10 libstdc++6_11.2.0-10 linux-libc-dev_5.14.12-1
Package versions: adduser_3.118 apt_2.3.11 asciidoctor_2.0.16-2 autoconf_2.71-2 automake_1:1.16.5-1 autopoint_0.21-4 autotools-dev_20180224.1+nmu1 base-files_12 base-passwd_3.5.52 bash_5.1-3+b2 binutils_2.37-7 binutils-common_2.37-7 binutils-x86-64-linux-gnu_2.37-7 bsdextrautils_2.37.2-4 bsdutils_1:2.37.2-4 build-essential_12.9 bwa_0.7.17-6+b1 bzip2_1.0.8-4 ca-certificates_20211016 clang-13_1:13.0.0-8 cmake_3.21.3-5 cmake-data_3.21.3-5 coreutils_8.32-4+b1 cpp_4:11.2.0-2 cpp-11_11.2.0-10 dash_0.5.11+git20210120+802ebd4-2 debconf_1.5.78 debhelper_13.5.2 debian-archive-keyring_2021.1.1 debianutils_5.5-1 dh-autoreconf_20 dh-elpa-helper_2.0.9 dh-python_5.20211022.1 dh-strip-nondeterminism_1.12.0-2 diffutils_1:3.7-5 dpkg_1.20.9 dpkg-dev_1.20.9 dwz_0.14-1 e2fsprogs_1.46.4-1 emacsen-common_3.0.4 fakeroot_1.26-1 file_1:5.39-3 findutils_4.8.0-1 g++_4:11.2.0-2 g++-11_11.2.0-10 gcc_4:11.2.0-2 gcc-10-base_10.3.0-11 gcc-11_11.2.0-10 gcc-11-base_11.2.0-10 gcc-9-base_9.4.0-3 gettext_0.21-4 gettext-base_0.21-4 gpgv_2.2.27-2 grep_3.7-1 groff-base_1.22.4-7 gzip_1.10-4 hostname_3.23 init-system-helpers_1.60 intltool-debian_0.35.0+20060710.5 lib32gcc-s1_11.2.0-10 lib32stdc++6_11.2.0-10 libacl1_2.3.1-1 libapt-pkg6.0_2.3.11 libarchive-zip-perl_1.68-1 libarchive13_3.4.3-2+b1 libasan5_9.4.0-3 libasan6_11.2.0-10 libatomic1_11.2.0-10 libattr1_1:2.5.1-1 libaudit-common_1:3.0.6-1 libaudit1_1:3.0.6-1 libbam-dev_0.1.19+dfsg-4 libbamtools-dev_2.5.1+dfsg-9 libbamtools2.5.1_2.5.1+dfsg-9 libbinutils_2.37-7 libblkid1_2.37.2-4 libboost-dev_1.74.0.3 libboost1.74-dev_1.74.0-11 libbrotli1_1.0.9-2+b2 libbsd0_0.11.3-1 libbwa-dev_0.7.17-6+b1 libbz2-1.0_1.0.8-4 libbz2-dev_1.0.8-4 libc-bin_2.32-4 libc-dev-bin_2.32-4 libc6_2.32-4 libc6-dev_2.32-4 libc6-i386_2.32-4 libcap-ng0_0.7.9-2.2+b1 libcap2_1:2.44-1 libcc1-0_11.2.0-10 libclang-common-13-dev_1:13.0.0-8 libclang-cpp13_1:13.0.0-8 libclang1-13_1:13.0.0-8 libcom-err2_1.46.4-1 libcrypt-dev_1:4.4.25-2 libcrypt1_1:4.4.25-2 libctf-nobfd0_2.37-7 libctf0_2.37-7 libcurl3-gnutls_7.74.0-1.3+b1 libcurl4_7.74.0-1.3+b1 libcurl4-gnutls-dev_7.74.0-1.3+b1 libdb5.3_5.3.28+dfsg1-0.8 libdebconfclient0_0.260 libdebhelper-perl_13.5.2 libdeflate-dev_1.8-1 libdeflate0_1.8-1 libdpkg-perl_1.20.9 libedit2_3.1-20210910-1 libelf1_0.185-2 libexpat1_2.4.1-3 libexpat1-dev_2.4.1-3 libext2fs2_1.46.4-1 libfakeroot_1.26-1 libffi8_3.4.2-3 libfile-stripnondeterminism-perl_1.12.0-2 libgc1_1:8.0.4-3 libgcc-10-dev_10.3.0-11 libgcc-11-dev_11.2.0-10 libgcc-9-dev_9.4.0-3 libgcc-s1_11.2.0-10 libgcrypt20_1.9.4-3+b1 libgdbm-compat4_1.22-1 libgdbm6_1.22-1 libgmp10_2:6.2.1+dfsg-2 libgnutls30_3.7.2-2 libgomp1_11.2.0-10 libgpg-error0_1.42-3 libgssapi-krb5-2_1.18.3-7 libhat-trie-dev_0.1.2-2 libhat-trie0_0.1.2-2 libhogweed6_3.7.3-1 libhts-dev_1.13+ds-2 libhts3_1.13+ds-2 libhtscodecs2_1.1.1-3+b1 libicu67_67.1-7 libidn2-0_2.3.2-2 libisl23_0.24-2 libitm1_11.2.0-10 libjs-jquery_3.5.1+dfsg+~3.5.5-8 libjs-sphinxdoc_4.2.0-5 libjs-underscore_1.9.1~dfsg-4 libjsoncpp24_1.9.4-5 libk5crypto3_1.18.3-7 libkeyutils1_1.6.1-2 libkrb5-3_1.18.3-7 libkrb5support0_1.18.3-7 libldap-2.4-2_2.4.59+dfsg-1 libllvm13_1:13.0.0-8 liblsan0_11.2.0-10 liblz4-1_1.9.3-2 liblzma-dev_5.2.5-2 liblzma5_5.2.5-2 libmagic-mgc_1:5.39-3 libmagic1_1:5.39-3 libmd0_1.0.4-1 libmount1_2.37.2-4 libmpc3_1.2.1-1 libmpdec3_2.5.1-2 libmpfr6_4.1.0-3 libncurses6_6.2+20210905-1 libncursesw6_6.2+20210905-1 libnettle8_3.7.3-1 libnghttp2-14_1.43.0-1 libnlopt-cxx-dev_2.7.0-4+b2 libnlopt-cxx0_2.7.0-4+b2 libnlopt-dev_2.7.0-4+b2 libnlopt0_2.7.0-4+b2 libnsl-dev_1.3.0-2 libnsl2_1.3.0-2 libobjc-11-dev_11.2.0-10 libobjc-9-dev_9.4.0-3 libobjc4_11.2.0-10 libomp-13-dev_1:13.0.0-8 libomp5-13_1:13.0.0-8 libp11-kit0_0.24.0-5 libpam-modules_1.4.0-10 libpam-modules-bin_1.4.0-10 libpam-runtime_1.4.0-10 libpam0g_1.4.0-10 libpcre2-8-0_10.36-2 libpcre3_2:8.39-13 libperl5.32_5.32.1-6 libpipeline1_1.5.3-1 libprocps8_2:3.3.17-5 libpsl5_0.21.0-1.2 libpython3-dev_3.9.2-3 libpython3-stdlib_3.9.2-3 libpython3.9_3.9.7-4 libpython3.9-dev_3.9.7-4 libpython3.9-minimal_3.9.7-4 libpython3.9-stdlib_3.9.7-4 libquadmath0_11.2.0-10 libreadline8_8.1-2 librhash0_1.4.2-1 librtmp1_2.4+20151223.gitfa8646d.1-2+b2 libruby2.7_2.7.4-1+b1 libsasl2-2_2.1.27+dfsg-2.1 libsasl2-modules-db_2.1.27+dfsg-2.1 libseccomp2_2.5.2-2 libselinux1_3.1-3 libsemanage-common_3.1-1 libsemanage1_3.1-1+b2 libsepol1_3.1-1 libsigsegv2_2.13-1 libsmartcols1_2.37.2-4 libsqlite3-0_3.36.0-2 libss2_1.46.4-1 libssh2-1_1.10.0-2 libssl1.1_1.1.1l-1 libssw-dev_1.1-13 libssw0_1.1-13 libstdc++-10-dev_10.3.0-11 libstdc++-11-dev_11.2.0-10 libstdc++6_11.2.0-10 libsub-override-perl_0.09-2 libsystemd0_249.5-1 libtasn1-6_4.17.0-2 libtinfo6_6.2+20210905-1 libtirpc-common_1.3.2-2 libtirpc-dev_1.3.2-2 libtirpc3_1.3.2-2 libtool_2.4.6-15 libtsan0_11.2.0-10 libubsan1_11.2.0-10 libuchardet0_0.0.7-1 libudev1_249.5-1 libunistring2_0.9.10-6 libuuid1_2.37.2-4 libuv1_1.42.0-1 libxml2_2.9.12+dfsg-5 libxxhash0_0.8.0-2 libyaml-0-2_0.2.2-1 libz3-4_4.8.12-1+b1 libzstd1_1.4.8+dfsg-3 linux-libc-dev_5.14.12-1 login_1:4.8.1-1 logsave_1.46.4-1 lsb-base_11.1.0 lynx_2.9.0dev.9-2 lynx-common_2.9.0dev.9-2 m4_1.4.18-5 make_4.3-4.1 man-db_2.9.4-2 mawk_1.3.4.20200120-2 media-types_4.0.0 mount_2.37.2-4 ncurses-base_6.2+20210905-1 ncurses-bin_6.2+20210905-1 openssl_1.1.1l-1 passwd_1:4.8.1-1 patch_2.7.6-7 perl_5.32.1-6 perl-base_5.32.1-6 perl-modules-5.32_5.32.1-6 po-debconf_1.0.21+nmu1 procps_2:3.3.17-5 python3_3.9.2-3 python3-dev_3.9.2-3 python3-distutils_3.9.7-1 python3-joblib_0.17.0-4 python3-lib2to3_3.9.7-1 python3-minimal_3.9.2-3 python3-pkg-resources_58.2.0-1 python3-yaml_5.4.1-1 python3.9_3.9.7-4 python3.9-dev_3.9.7-4 python3.9-minimal_3.9.7-4 qt5-qmake_5.15.2+dfsg-12 qt5-qmake-bin_5.15.2+dfsg-12 qtchooser_66-2 rake_13.0.3-1 readline-common_8.1-2 rpcsvc-proto_1.4.2-4 ruby_1:2.7.5 ruby-asciidoctor_2.0.16-2 ruby-minitest_5.13.0-1 ruby-net-telnet_0.1.1-2 ruby-power-assert_1.1.7-2 ruby-rubygems_3.2.27-2 ruby-test-unit_3.3.9-1 ruby-xmlrpc_0.3.0-2 ruby2.7_2.7.4-1+b1 rubygems-integration_1.18 sbuild-build-depends-main-dummy_0.invalid.0 sed_4.8-1 sensible-utils_0.0.17 sysvinit-utils_3.00-1 tar_1.34+dfsg-1 tzdata_2021e-1 util-linux_2.37.2-4 xz-utils_5.2.5-2 zlib1g_1:1.2.11.dfsg-2 zlib1g-dev_1:1.2.11.dfsg-2

+------------------------------------------------------------------------------+
| Build                                                                        |
+------------------------------------------------------------------------------+


Unpack source
-------------

-----BEGIN PGP SIGNED MESSAGE-----
Hash: SHA256

Format: 3.0 (quilt)
Source: spades
Binary: spades
Architecture: any
Version: 3.13.1+dfsg-2
Maintainer: Debian Med Packaging Team <debian-med-packaging@lists.alioth.debian.org>
Uploaders: Andreas Tille <tille@debian.org>, Sascha Steinbiss <satta@debian.org>, Michael R. Crusoe <michael.crusoe@gmail.com>, Alexandre Mestiashvili <mestia@debian.org>
Homepage: http://cab.spbu.ru/software/spades/
Standards-Version: 4.4.1
Vcs-Browser: https://salsa.debian.org/med-team/spades
Vcs-Git: https://salsa.debian.org/med-team/spades.git
Testsuite: autopkgtest
Testsuite-Triggers: bwa
Build-Depends: debhelper-compat (= 12), dh-python, cmake, python3-dev, zlib1g-dev, libbz2-dev, libboost-dev, libbam-dev, libbamtools-dev, libhat-trie-dev, libhts-dev, libnlopt-dev, libnlopt-cxx-dev, libssw-dev, python3-yaml, python3-joblib, asciidoctor (>= 1.5.3), bwa, libbwa-dev, lynx
Package-List:
 spades deb science optional arch=any
Checksums-Sha1:
 aa60dc1801d228263308bbe922122a2f8f626fa0 3202920 spades_3.13.1+dfsg.orig.tar.xz
 b047ce53afb5be865de76bbd885817c017f96052 25176 spades_3.13.1+dfsg-2.debian.tar.xz
Checksums-Sha256:
 7d2daf3b02df7b1c83de4e86659cf54a0d754271e8cb8d9d934e2d3d0fcfbb52 3202920 spades_3.13.1+dfsg.orig.tar.xz
 ca19c4897b971cc3fe6537f4cfebf2b9323131c13fad5e50186896e33e6832cd 25176 spades_3.13.1+dfsg-2.debian.tar.xz
Files:
 a0b3101b8c70cf9e7db5fba88ce1c737 3202920 spades_3.13.1+dfsg.orig.tar.xz
 63afd9fc4b5255c7feed13dee1490530 25176 spades_3.13.1+dfsg-2.debian.tar.xz

-----BEGIN PGP SIGNATURE-----

iQJCBAEBCAAsFiEE8fAHMgoDVUHwpmPKV4oElNHGRtEFAl3XrzIOHHRpbGxlYUBy
a2kuZGUACgkQV4oElNHGRtFn1g/+NQ5Q5Id/wMAscYIsVUNF+SiolFiL2+brB1oQ
ob5vicQLgNv6dFVx4rL/b2nApEI4hz3aBHoXNnA7b56v/smS03+EZ/wFmwTkC6t3
fV6I0UwFRlnNPbgoriHOReYUzaaZD8O5T3muIroRzPrX/nSmxGlBgqr++gnu9uVC
rqm6x6KgZuMNEbZuM5oWQ0aMlOZLPYKpoFY/Dj3Esq6Mj4NX+fksXhRMh1/sF64a
EwsMTkcEHM9s4ru7ACeyoZA7bvks4efhIIt9wopGDOh7iru8cbzqzJJgIWbcvbgP
iZNI+ZWzS/jSTn+cvjMNYXEUMbpJM8qMF3ay1zTM4XY4dT3U4FUbyZAN6bcHeGH9
z5P2rDxIDzvjlbO8/6LAhcQJg2ZkDZFADWsERfHHtCRujbFDNbcAQ2mMMlmjdLfm
T1qjsDPUAVjsR0HL8oOw54QSPGELKlrr0NJ9tSk4mjztGEc5BjnxpG/8jAzQ/Taw
J49psfmRFugtxWp5oNWt0k0aPeOfjLuBRHVegqxM1rv9ATEkzQZm8M70faGIMZ/G
XZJYclCBmyfEMXNTMH4gWdurX5l7FFetq/dPGTGiTBMe78QcD1mUb2VJJNj+VYbA
ArQSBXKz8CqBeebDSwzAEwQnUP/8vo7P1HKI4tafGH8HUdRFmXoypnuinp5Xltju
+ETJ1Ak=
=DpSK
-----END PGP SIGNATURE-----

gpgv: unknown type of key resource 'trustedkeys.kbx'
gpgv: keyblock resource '/tmp/dpkg-verify-sig.Vkbf2c7k/trustedkeys.kbx': General error
gpgv: Signature made Fri Nov 22 09:49:38 2019 UTC
gpgv:                using RSA key F1F007320A035541F0A663CA578A0494D1C646D1
gpgv:                issuer "tillea@rki.de"
gpgv: Can't check signature: No public key
dpkg-source: warning: failed to verify signature on ./spades_3.13.1+dfsg-2.dsc
dpkg-source: info: extracting spades in /<<PKGBUILDDIR>>
dpkg-source: info: unpacking spades_3.13.1+dfsg.orig.tar.xz
dpkg-source: info: unpacking spades_3.13.1+dfsg-2.debian.tar.xz
dpkg-source: info: using patch list from debian/patches/series
dpkg-source: info: applying 0002_use_debian_packaged_python-joblib.patch
dpkg-source: info: applying 0003_accept-system-bwa.patch
dpkg-source: info: applying 0101_cmake_ignore_removed_python-yaml.patch
dpkg-source: info: applying 0102_cmake_ignore_removed_python-joblib.patch
dpkg-source: info: applying 0103_use-debian-packaged-bwa.patch
dpkg-source: info: applying 0110_build_single_thread.patch
dpkg-source: info: applying 0114_use_debian_provided_libs.patch
dpkg-source: info: applying 0115_enable_compiler_messages.patch
dpkg-source: info: applying 0111_use_full_config_dirs.patch
dpkg-source: info: applying 0116_stable_link_order.patch
dpkg-source: info: applying 0117_build_with_debug.patch
dpkg-source: info: applying 0118_adjust_spades_home_again.patch
dpkg-source: info: applying fix-bool-cast
dpkg-source: info: applying spelling
dpkg-source: info: applying gcc7.patch
dpkg-source: info: applying python3.patch
dpkg-source: info: applying yaml_load.patch

Check disk space
----------------

Sufficient free space for build

User Environment
----------------

APT_CONFIG=/var/lib/sbuild/apt.conf
HOME=/sbuild-nonexistent
LANG=C.UTF-8
LC_ALL=C.UTF-8
LOGNAME=user42
PATH=/usr/local/sbin:/usr/local/bin:/usr/sbin:/usr/bin:/sbin:/bin:/usr/games
SCHROOT_ALIAS_NAME=unstable
SCHROOT_CHROOT_NAME=sid-amd64-sbuild
SCHROOT_COMMAND=env
SCHROOT_GID=1001
SCHROOT_GROUP=user42
SCHROOT_SESSION_ID=sid-amd64-sbuild-6fa23eb6-680e-49af-9ca1-06a824254cd6
SCHROOT_UID=1001
SCHROOT_USER=user42
SHELL=/bin/sh
USER=user42

dpkg-buildpackage
-----------------

Command: dpkg-buildpackage -us -uc -b -rfakeroot
dpkg-buildpackage: info: source package spades
dpkg-buildpackage: info: source version 3.13.1+dfsg-2
dpkg-buildpackage: info: source distribution unstable
dpkg-buildpackage: info: source changed by Andreas Tille <tille@debian.org>
 dpkg-source --before-build .
dpkg-buildpackage: info: host architecture amd64
 fakeroot debian/rules clean
dh clean  --with python3 --sourcedirectory=assembler/src --buildsystem=cmake
   debian/rules override_dh_auto_clean
make[1]: Entering directory '/<<PKGBUILDDIR>>'
dh_auto_clean
rm -rf build_spades
rm -rf install_spades
rm -rf spades_test
find . -name "*.pyc" -delete
rm -rf /<<PKGBUILDDIR>>/debian/man_src/*.html /<<PKGBUILDDIR>>/debian/man_src/*.?
rm -rf /<<PKGBUILDDIR>>/debian/man
make[1]: Leaving directory '/<<PKGBUILDDIR>>'
   dh_autoreconf_clean -O--sourcedirectory=assembler/src -O--buildsystem=cmake
   debian/rules override_dh_clean
make[1]: Entering directory '/<<PKGBUILDDIR>>'
dh_clean -X.orig
make[1]: Leaving directory '/<<PKGBUILDDIR>>'
 debian/rules build
dh build  --with python3 --sourcedirectory=assembler/src --buildsystem=cmake
   dh_update_autotools_config -O--sourcedirectory=assembler/src -O--buildsystem=cmake
   dh_autoreconf -O--sourcedirectory=assembler/src -O--buildsystem=cmake
   debian/rules override_dh_auto_configure
make[1]: Entering directory '/<<PKGBUILDDIR>>'
echo "Simply use spades_compile.sh in auto_build"
Simply use spades_compile.sh in auto_build
make[1]: Leaving directory '/<<PKGBUILDDIR>>'
   debian/rules override_dh_auto_build
make[1]: Entering directory '/<<PKGBUILDDIR>>'
cd assembler && PREFIX=/<<PKGBUILDDIR>>/install_spades ./spades_compile.sh
CMake Warning (dev) in CMakeLists.txt:
  No project() command is present.  The top-level CMakeLists.txt file must
  contain a literal, direct call to the project() command.  Add a line of
  code such as

    project(ProjectName)

  near the top of the file, but after cmake_minimum_required().

  CMake is pretending there is a "project(Project)" command on the first
  line.
This warning is for project developers.  Use -Wno-dev to suppress it.

-- The C compiler identification is Clang 13.0.0
-- The CXX compiler identification is Clang 13.0.0
-- Detecting C compiler ABI info
-- Detecting C compiler ABI info - done
-- Check for working C compiler: /usr/bin/cc - skipped
-- Detecting C compile features
-- Detecting C compile features - done
-- Detecting CXX compiler ABI info
-- Detecting CXX compiler ABI info - done
-- Check for working CXX compiler: /usr/bin/c++ - skipped
-- Detecting CXX compile features
-- Detecting CXX compile features - done
CMake Warning (dev) at cmake/options.cmake:56 (set):
  implicitly converting 'INTEGER' to 'STRING' type.
Call Stack (most recent call first):
  CMakeLists.txt:38 (include)
This warning is for project developers.  Use -Wno-dev to suppress it.

CMake Warning (dev) at cmake/options.cmake:57 (set):
  implicitly converting 'INTEGER' to 'STRING' type.
Call Stack (most recent call first):
  CMakeLists.txt:38 (include)
This warning is for project developers.  Use -Wno-dev to suppress it.

-- Found OpenMP_C: -fopenmp=libomp (found version "5.0") 
-- Found OpenMP_CXX: -fopenmp=libomp (found version "5.0") 
-- Found OpenMP: TRUE (found version "5.0")  
-- Found ZLIB: /usr/lib/x86_64-linux-gnu/libz.so (found version "1.2.11") 
-- Found BZip2: /usr/lib/x86_64-linux-gnu/libbz2.so (found version "1.0.8") 
-- Looking for BZ2_bzCompressInit
-- Looking for BZ2_bzCompressInit - found
CMake Warning (dev) at /usr/share/cmake-3.21/Modules/FindPackageHandleStandardArgs.cmake:438 (message):
  The package name passed to `find_package_handle_standard_args` (readline)
  does not match the name of the calling package (Readline).  This can lead
  to problems in calling code that expects `find_package` result variables
  (e.g., `_FOUND`) to follow a certain pattern.
Call Stack (most recent call first):
  cmake/Modules/FindReadline.cmake:32 (FIND_PACKAGE_HANDLE_STANDARD_ARGS)
  cmake/deps.cmake:19 (find_package)
  CMakeLists.txt:52 (include)
This warning is for project developers.  Use -Wno-dev to suppress it.

-- Could NOT find readline (missing: READLINE_INCLUDE_DIR READLINE_LIBRARY) 
-- Found Boost: /usr/lib/x86_64-linux-gnu/cmake/Boost-1.74.0/BoostConfig.cmake (found version "1.74.0")  
Making Release Configuration...
Building SPAdes from N/A, sha: N/A
-- Looking for include file features.h
-- Looking for include file features.h - found
-- Looking for include file sys/cdefs.h
-- Looking for include file sys/cdefs.h - found
-- Looking for atomic_fetchadd_long
-- Looking for atomic_fetchadd_long - not found
-- Looking for OSAtomicAdd64
-- Looking for OSAtomicAdd64 - not found
-- Looking for OSSpinLockLock
-- Looking for OSSpinLockLock - not found
-- Looking for _malloc_thread_cleanup
-- Looking for _malloc_thread_cleanup - not found
-- Looking for _pthread_mutex_init_calloc_cb,
-- Looking for _pthread_mutex_init_calloc_cb, - not found
-- Looking for sbrk
-- Looking for sbrk - found
-- Performing Test JEMALLOC_TLS_MODEL_SUPPORTED
-- Performing Test JEMALLOC_TLS_MODEL_SUPPORTED - Success
-- Looking for sys/types.h
-- Looking for sys/types.h - found
-- Looking for stdint.h
-- Looking for stdint.h - found
-- Looking for stddef.h
-- Looking for stddef.h - found
-- Check size of void*
-- Check size of void* - done
-- Performing Test JEMALLOC_TLS
-- Performing Test JEMALLOC_TLS - Success
-- Looking for memalign
-- Looking for memalign - found
-- Looking for valloc
-- Looking for valloc - found
-- Check size of int
-- Check size of int - done
-- Check size of long
-- Check size of long - done
-- Check size of intmax_t
-- Check size of intmax_t - done
-- Looking for open
-- Looking for open - found
-- Looking for include file execinfo.h
-- Looking for include file execinfo.h - found
-- Looking for include file signal.h
-- Looking for include file signal.h - found
-- Looking for include file sys/stat.h
-- Looking for include file sys/stat.h - found
-- Looking for include file cxxabi.h
-- Looking for include file cxxabi.h - not found
-- Looking for include file dlfcn.h
-- Looking for include file dlfcn.h - found
-- Looking for include file mach/mach.h
-- Looking for include file mach/mach.h - not found
-- Looking for include file link.h
-- Looking for include file link.h - found
-- Looking for backtrace
-- Looking for backtrace - found
CMake Deprecation Warning at projects/mts/CMakeLists.txt:8 (cmake_minimum_required):
  Compatibility with CMake < 2.8.12 will be removed from a future version of
  CMake.

  Update the VERSION argument <min> value or use a ...<max> suffix to tell
  CMake that the project does not need compatibility with older versions.


-- Configuring done
-- Generating done
-- Build files have been written to: /<<PKGBUILDDIR>>/assembler/build_spades
make[2]: Entering directory '/<<PKGBUILDDIR>>/assembler/build_spades'
/usr/bin/cmake -S/<<PKGBUILDDIR>>/assembler/src -B/<<PKGBUILDDIR>>/assembler/build_spades --check-build-system CMakeFiles/Makefile.cmake 0
/usr/bin/cmake -E cmake_progress_start /<<PKGBUILDDIR>>/assembler/build_spades/CMakeFiles /<<PKGBUILDDIR>>/assembler/build_spades//CMakeFiles/progress.marks
make  -f CMakeFiles/Makefile2 all
make[3]: Entering directory '/<<PKGBUILDDIR>>/assembler/build_spades'
make  -f ext/jemalloc/CMakeFiles/jemalloc.dir/build.make ext/jemalloc/CMakeFiles/jemalloc.dir/depend
make[4]: Entering directory '/<<PKGBUILDDIR>>/assembler/build_spades'
cd /<<PKGBUILDDIR>>/assembler/build_spades && /usr/bin/cmake -E cmake_depends "Unix Makefiles" /<<PKGBUILDDIR>>/assembler/src /<<PKGBUILDDIR>>/assembler/ext/src/jemalloc /<<PKGBUILDDIR>>/assembler/build_spades /<<PKGBUILDDIR>>/assembler/build_spades/ext/jemalloc /<<PKGBUILDDIR>>/assembler/build_spades/ext/jemalloc/CMakeFiles/jemalloc.dir/DependInfo.cmake --color=
make[4]: Leaving directory '/<<PKGBUILDDIR>>/assembler/build_spades'
make  -f ext/jemalloc/CMakeFiles/jemalloc.dir/build.make ext/jemalloc/CMakeFiles/jemalloc.dir/build
make[4]: Entering directory '/<<PKGBUILDDIR>>/assembler/build_spades'
[  1%] Building C object ext/jemalloc/CMakeFiles/jemalloc.dir/arena.c.o
cd /<<PKGBUILDDIR>>/assembler/build_spades/ext/jemalloc && /usr/bin/cc -DUSE_GLIBCXX_PARALLEL=1 -D_GNU_SOURCE -D_REENTRANT -I/<<PKGBUILDDIR>>/assembler/build_spades/ext/jemalloc -I/<<PKGBUILDDIR>>/assembler/ext/src/jemalloc -I/<<PKGBUILDDIR>>/assembler/src/include -I/<<PKGBUILDDIR>>/assembler/build_spades/include -I/<<PKGBUILDDIR>>/assembler/src -I/<<PKGBUILDDIR>>/assembler/src/common -isystem /<<PKGBUILDDIR>>/assembler/src/../ext/include -g -O2 -ffile-prefix-map=/<<PKGBUILDDIR>>=. -fstack-protector-strong -Wformat -Werror=format-security -Wdate-time -D_FORTIFY_SOURCE=2 -fopenmp=libomp -O2 -g -DNDEBUG   -UNDEBUG -Wno-deprecated -g3 -O2 -O3 -funroll-loops -MD -MT ext/jemalloc/CMakeFiles/jemalloc.dir/arena.c.o -MF CMakeFiles/jemalloc.dir/arena.c.o.d -o CMakeFiles/jemalloc.dir/arena.c.o -c /<<PKGBUILDDIR>>/assembler/ext/src/jemalloc/arena.c
[  1%] Building C object ext/jemalloc/CMakeFiles/jemalloc.dir/base.c.o
cd /<<PKGBUILDDIR>>/assembler/build_spades/ext/jemalloc && /usr/bin/cc -DUSE_GLIBCXX_PARALLEL=1 -D_GNU_SOURCE -D_REENTRANT -I/<<PKGBUILDDIR>>/assembler/build_spades/ext/jemalloc -I/<<PKGBUILDDIR>>/assembler/ext/src/jemalloc -I/<<PKGBUILDDIR>>/assembler/src/include -I/<<PKGBUILDDIR>>/assembler/build_spades/include -I/<<PKGBUILDDIR>>/assembler/src -I/<<PKGBUILDDIR>>/assembler/src/common -isystem /<<PKGBUILDDIR>>/assembler/src/../ext/include -g -O2 -ffile-prefix-map=/<<PKGBUILDDIR>>=. -fstack-protector-strong -Wformat -Werror=format-security -Wdate-time -D_FORTIFY_SOURCE=2 -fopenmp=libomp -O2 -g -DNDEBUG   -UNDEBUG -Wno-deprecated -g3 -O2 -O3 -funroll-loops -MD -MT ext/jemalloc/CMakeFiles/jemalloc.dir/base.c.o -MF CMakeFiles/jemalloc.dir/base.c.o.d -o CMakeFiles/jemalloc.dir/base.c.o -c /<<PKGBUILDDIR>>/assembler/ext/src/jemalloc/base.c
[  1%] Building C object ext/jemalloc/CMakeFiles/jemalloc.dir/chunk.c.o
cd /<<PKGBUILDDIR>>/assembler/build_spades/ext/jemalloc && /usr/bin/cc -DUSE_GLIBCXX_PARALLEL=1 -D_GNU_SOURCE -D_REENTRANT -I/<<PKGBUILDDIR>>/assembler/build_spades/ext/jemalloc -I/<<PKGBUILDDIR>>/assembler/ext/src/jemalloc -I/<<PKGBUILDDIR>>/assembler/src/include -I/<<PKGBUILDDIR>>/assembler/build_spades/include -I/<<PKGBUILDDIR>>/assembler/src -I/<<PKGBUILDDIR>>/assembler/src/common -isystem /<<PKGBUILDDIR>>/assembler/src/../ext/include -g -O2 -ffile-prefix-map=/<<PKGBUILDDIR>>=. -fstack-protector-strong -Wformat -Werror=format-security -Wdate-time -D_FORTIFY_SOURCE=2 -fopenmp=libomp -O2 -g -DNDEBUG   -UNDEBUG -Wno-deprecated -g3 -O2 -O3 -funroll-loops -MD -MT ext/jemalloc/CMakeFiles/jemalloc.dir/chunk.c.o -MF CMakeFiles/jemalloc.dir/chunk.c.o.d -o CMakeFiles/jemalloc.dir/chunk.c.o -c /<<PKGBUILDDIR>>/assembler/ext/src/jemalloc/chunk.c
[  2%] Building C object ext/jemalloc/CMakeFiles/jemalloc.dir/chunk_mmap.c.o
cd /<<PKGBUILDDIR>>/assembler/build_spades/ext/jemalloc && /usr/bin/cc -DUSE_GLIBCXX_PARALLEL=1 -D_GNU_SOURCE -D_REENTRANT -I/<<PKGBUILDDIR>>/assembler/build_spades/ext/jemalloc -I/<<PKGBUILDDIR>>/assembler/ext/src/jemalloc -I/<<PKGBUILDDIR>>/assembler/src/include -I/<<PKGBUILDDIR>>/assembler/build_spades/include -I/<<PKGBUILDDIR>>/assembler/src -I/<<PKGBUILDDIR>>/assembler/src/common -isystem /<<PKGBUILDDIR>>/assembler/src/../ext/include -g -O2 -ffile-prefix-map=/<<PKGBUILDDIR>>=. -fstack-protector-strong -Wformat -Werror=format-security -Wdate-time -D_FORTIFY_SOURCE=2 -fopenmp=libomp -O2 -g -DNDEBUG   -UNDEBUG -Wno-deprecated -g3 -O2 -O3 -funroll-loops -MD -MT ext/jemalloc/CMakeFiles/jemalloc.dir/chunk_mmap.c.o -MF CMakeFiles/jemalloc.dir/chunk_mmap.c.o.d -o CMakeFiles/jemalloc.dir/chunk_mmap.c.o -c /<<PKGBUILDDIR>>/assembler/ext/src/jemalloc/chunk_mmap.c
[  2%] Building C object ext/jemalloc/CMakeFiles/jemalloc.dir/ctl.c.o
cd /<<PKGBUILDDIR>>/assembler/build_spades/ext/jemalloc && /usr/bin/cc -DUSE_GLIBCXX_PARALLEL=1 -D_GNU_SOURCE -D_REENTRANT -I/<<PKGBUILDDIR>>/assembler/build_spades/ext/jemalloc -I/<<PKGBUILDDIR>>/assembler/ext/src/jemalloc -I/<<PKGBUILDDIR>>/assembler/src/include -I/<<PKGBUILDDIR>>/assembler/build_spades/include -I/<<PKGBUILDDIR>>/assembler/src -I/<<PKGBUILDDIR>>/assembler/src/common -isystem /<<PKGBUILDDIR>>/assembler/src/../ext/include -g -O2 -ffile-prefix-map=/<<PKGBUILDDIR>>=. -fstack-protector-strong -Wformat -Werror=format-security -Wdate-time -D_FORTIFY_SOURCE=2 -fopenmp=libomp -O2 -g -DNDEBUG   -UNDEBUG -Wno-deprecated -g3 -O2 -O3 -funroll-loops -MD -MT ext/jemalloc/CMakeFiles/jemalloc.dir/ctl.c.o -MF CMakeFiles/jemalloc.dir/ctl.c.o.d -o CMakeFiles/jemalloc.dir/ctl.c.o -c /<<PKGBUILDDIR>>/assembler/ext/src/jemalloc/ctl.c
[  2%] Building C object ext/jemalloc/CMakeFiles/jemalloc.dir/hash.c.o
cd /<<PKGBUILDDIR>>/assembler/build_spades/ext/jemalloc && /usr/bin/cc -DUSE_GLIBCXX_PARALLEL=1 -D_GNU_SOURCE -D_REENTRANT -I/<<PKGBUILDDIR>>/assembler/build_spades/ext/jemalloc -I/<<PKGBUILDDIR>>/assembler/ext/src/jemalloc -I/<<PKGBUILDDIR>>/assembler/src/include -I/<<PKGBUILDDIR>>/assembler/build_spades/include -I/<<PKGBUILDDIR>>/assembler/src -I/<<PKGBUILDDIR>>/assembler/src/common -isystem /<<PKGBUILDDIR>>/assembler/src/../ext/include -g -O2 -ffile-prefix-map=/<<PKGBUILDDIR>>=. -fstack-protector-strong -Wformat -Werror=format-security -Wdate-time -D_FORTIFY_SOURCE=2 -fopenmp=libomp -O2 -g -DNDEBUG   -UNDEBUG -Wno-deprecated -g3 -O2 -O3 -funroll-loops -MD -MT ext/jemalloc/CMakeFiles/jemalloc.dir/hash.c.o -MF CMakeFiles/jemalloc.dir/hash.c.o.d -o CMakeFiles/jemalloc.dir/hash.c.o -c /<<PKGBUILDDIR>>/assembler/ext/src/jemalloc/hash.c
[  3%] Building C object ext/jemalloc/CMakeFiles/jemalloc.dir/jemalloc.c.o
cd /<<PKGBUILDDIR>>/assembler/build_spades/ext/jemalloc && /usr/bin/cc -DUSE_GLIBCXX_PARALLEL=1 -D_GNU_SOURCE -D_REENTRANT -I/<<PKGBUILDDIR>>/assembler/build_spades/ext/jemalloc -I/<<PKGBUILDDIR>>/assembler/ext/src/jemalloc -I/<<PKGBUILDDIR>>/assembler/src/include -I/<<PKGBUILDDIR>>/assembler/build_spades/include -I/<<PKGBUILDDIR>>/assembler/src -I/<<PKGBUILDDIR>>/assembler/src/common -isystem /<<PKGBUILDDIR>>/assembler/src/../ext/include -g -O2 -ffile-prefix-map=/<<PKGBUILDDIR>>=. -fstack-protector-strong -Wformat -Werror=format-security -Wdate-time -D_FORTIFY_SOURCE=2 -fopenmp=libomp -O2 -g -DNDEBUG   -UNDEBUG -Wno-deprecated -g3 -O2 -O3 -funroll-loops -MD -MT ext/jemalloc/CMakeFiles/jemalloc.dir/jemalloc.c.o -MF CMakeFiles/jemalloc.dir/jemalloc.c.o.d -o CMakeFiles/jemalloc.dir/jemalloc.c.o -c /<<PKGBUILDDIR>>/assembler/ext/src/jemalloc/jemalloc.c
[  3%] Building C object ext/jemalloc/CMakeFiles/jemalloc.dir/mutex.c.o
cd /<<PKGBUILDDIR>>/assembler/build_spades/ext/jemalloc && /usr/bin/cc -DUSE_GLIBCXX_PARALLEL=1 -D_GNU_SOURCE -D_REENTRANT -I/<<PKGBUILDDIR>>/assembler/build_spades/ext/jemalloc -I/<<PKGBUILDDIR>>/assembler/ext/src/jemalloc -I/<<PKGBUILDDIR>>/assembler/src/include -I/<<PKGBUILDDIR>>/assembler/build_spades/include -I/<<PKGBUILDDIR>>/assembler/src -I/<<PKGBUILDDIR>>/assembler/src/common -isystem /<<PKGBUILDDIR>>/assembler/src/../ext/include -g -O2 -ffile-prefix-map=/<<PKGBUILDDIR>>=. -fstack-protector-strong -Wformat -Werror=format-security -Wdate-time -D_FORTIFY_SOURCE=2 -fopenmp=libomp -O2 -g -DNDEBUG   -UNDEBUG -Wno-deprecated -g3 -O2 -O3 -funroll-loops -MD -MT ext/jemalloc/CMakeFiles/jemalloc.dir/mutex.c.o -MF CMakeFiles/jemalloc.dir/mutex.c.o.d -o CMakeFiles/jemalloc.dir/mutex.c.o -c /<<PKGBUILDDIR>>/assembler/ext/src/jemalloc/mutex.c
[  3%] Building C object ext/jemalloc/CMakeFiles/jemalloc.dir/quarantine.c.o
cd /<<PKGBUILDDIR>>/assembler/build_spades/ext/jemalloc && /usr/bin/cc -DUSE_GLIBCXX_PARALLEL=1 -D_GNU_SOURCE -D_REENTRANT -I/<<PKGBUILDDIR>>/assembler/build_spades/ext/jemalloc -I/<<PKGBUILDDIR>>/assembler/ext/src/jemalloc -I/<<PKGBUILDDIR>>/assembler/src/include -I/<<PKGBUILDDIR>>/assembler/build_spades/include -I/<<PKGBUILDDIR>>/assembler/src -I/<<PKGBUILDDIR>>/assembler/src/common -isystem /<<PKGBUILDDIR>>/assembler/src/../ext/include -g -O2 -ffile-prefix-map=/<<PKGBUILDDIR>>=. -fstack-protector-strong -Wformat -Werror=format-security -Wdate-time -D_FORTIFY_SOURCE=2 -fopenmp=libomp -O2 -g -DNDEBUG   -UNDEBUG -Wno-deprecated -g3 -O2 -O3 -funroll-loops -MD -MT ext/jemalloc/CMakeFiles/jemalloc.dir/quarantine.c.o -MF CMakeFiles/jemalloc.dir/quarantine.c.o.d -o CMakeFiles/jemalloc.dir/quarantine.c.o -c /<<PKGBUILDDIR>>/assembler/ext/src/jemalloc/quarantine.c
[  4%] Building C object ext/jemalloc/CMakeFiles/jemalloc.dir/stats.c.o
cd /<<PKGBUILDDIR>>/assembler/build_spades/ext/jemalloc && /usr/bin/cc -DUSE_GLIBCXX_PARALLEL=1 -D_GNU_SOURCE -D_REENTRANT -I/<<PKGBUILDDIR>>/assembler/build_spades/ext/jemalloc -I/<<PKGBUILDDIR>>/assembler/ext/src/jemalloc -I/<<PKGBUILDDIR>>/assembler/src/include -I/<<PKGBUILDDIR>>/assembler/build_spades/include -I/<<PKGBUILDDIR>>/assembler/src -I/<<PKGBUILDDIR>>/assembler/src/common -isystem /<<PKGBUILDDIR>>/assembler/src/../ext/include -g -O2 -ffile-prefix-map=/<<PKGBUILDDIR>>=. -fstack-protector-strong -Wformat -Werror=format-security -Wdate-time -D_FORTIFY_SOURCE=2 -fopenmp=libomp -O2 -g -DNDEBUG   -UNDEBUG -Wno-deprecated -g3 -O2 -O3 -funroll-loops -MD -MT ext/jemalloc/CMakeFiles/jemalloc.dir/stats.c.o -MF CMakeFiles/jemalloc.dir/stats.c.o.d -o CMakeFiles/jemalloc.dir/stats.c.o -c /<<PKGBUILDDIR>>/assembler/ext/src/jemalloc/stats.c
[  4%] Building C object ext/jemalloc/CMakeFiles/jemalloc.dir/tsd.c.o
cd /<<PKGBUILDDIR>>/assembler/build_spades/ext/jemalloc && /usr/bin/cc -DUSE_GLIBCXX_PARALLEL=1 -D_GNU_SOURCE -D_REENTRANT -I/<<PKGBUILDDIR>>/assembler/build_spades/ext/jemalloc -I/<<PKGBUILDDIR>>/assembler/ext/src/jemalloc -I/<<PKGBUILDDIR>>/assembler/src/include -I/<<PKGBUILDDIR>>/assembler/build_spades/include -I/<<PKGBUILDDIR>>/assembler/src -I/<<PKGBUILDDIR>>/assembler/src/common -isystem /<<PKGBUILDDIR>>/assembler/src/../ext/include -g -O2 -ffile-prefix-map=/<<PKGBUILDDIR>>=. -fstack-protector-strong -Wformat -Werror=format-security -Wdate-time -D_FORTIFY_SOURCE=2 -fopenmp=libomp -O2 -g -DNDEBUG   -UNDEBUG -Wno-deprecated -g3 -O2 -O3 -funroll-loops -MD -MT ext/jemalloc/CMakeFiles/jemalloc.dir/tsd.c.o -MF CMakeFiles/jemalloc.dir/tsd.c.o.d -o CMakeFiles/jemalloc.dir/tsd.c.o -c /<<PKGBUILDDIR>>/assembler/ext/src/jemalloc/tsd.c
[  5%] Building C object ext/jemalloc/CMakeFiles/jemalloc.dir/atomic.c.o
cd /<<PKGBUILDDIR>>/assembler/build_spades/ext/jemalloc && /usr/bin/cc -DUSE_GLIBCXX_PARALLEL=1 -D_GNU_SOURCE -D_REENTRANT -I/<<PKGBUILDDIR>>/assembler/build_spades/ext/jemalloc -I/<<PKGBUILDDIR>>/assembler/ext/src/jemalloc -I/<<PKGBUILDDIR>>/assembler/src/include -I/<<PKGBUILDDIR>>/assembler/build_spades/include -I/<<PKGBUILDDIR>>/assembler/src -I/<<PKGBUILDDIR>>/assembler/src/common -isystem /<<PKGBUILDDIR>>/assembler/src/../ext/include -g -O2 -ffile-prefix-map=/<<PKGBUILDDIR>>=. -fstack-protector-strong -Wformat -Werror=format-security -Wdate-time -D_FORTIFY_SOURCE=2 -fopenmp=libomp -O2 -g -DNDEBUG   -UNDEBUG -Wno-deprecated -g3 -O2 -O3 -funroll-loops -MD -MT ext/jemalloc/CMakeFiles/jemalloc.dir/atomic.c.o -MF CMakeFiles/jemalloc.dir/atomic.c.o.d -o CMakeFiles/jemalloc.dir/atomic.c.o -c /<<PKGBUILDDIR>>/assembler/ext/src/jemalloc/atomic.c
[  5%] Building C object ext/jemalloc/CMakeFiles/jemalloc.dir/bitmap.c.o
cd /<<PKGBUILDDIR>>/assembler/build_spades/ext/jemalloc && /usr/bin/cc -DUSE_GLIBCXX_PARALLEL=1 -D_GNU_SOURCE -D_REENTRANT -I/<<PKGBUILDDIR>>/assembler/build_spades/ext/jemalloc -I/<<PKGBUILDDIR>>/assembler/ext/src/jemalloc -I/<<PKGBUILDDIR>>/assembler/src/include -I/<<PKGBUILDDIR>>/assembler/build_spades/include -I/<<PKGBUILDDIR>>/assembler/src -I/<<PKGBUILDDIR>>/assembler/src/common -isystem /<<PKGBUILDDIR>>/assembler/src/../ext/include -g -O2 -ffile-prefix-map=/<<PKGBUILDDIR>>=. -fstack-protector-strong -Wformat -Werror=format-security -Wdate-time -D_FORTIFY_SOURCE=2 -fopenmp=libomp -O2 -g -DNDEBUG   -UNDEBUG -Wno-deprecated -g3 -O2 -O3 -funroll-loops -MD -MT ext/jemalloc/CMakeFiles/jemalloc.dir/bitmap.c.o -MF CMakeFiles/jemalloc.dir/bitmap.c.o.d -o CMakeFiles/jemalloc.dir/bitmap.c.o -c /<<PKGBUILDDIR>>/assembler/ext/src/jemalloc/bitmap.c
[  5%] Building C object ext/jemalloc/CMakeFiles/jemalloc.dir/chunk_dss.c.o
cd /<<PKGBUILDDIR>>/assembler/build_spades/ext/jemalloc && /usr/bin/cc -DUSE_GLIBCXX_PARALLEL=1 -D_GNU_SOURCE -D_REENTRANT -I/<<PKGBUILDDIR>>/assembler/build_spades/ext/jemalloc -I/<<PKGBUILDDIR>>/assembler/ext/src/jemalloc -I/<<PKGBUILDDIR>>/assembler/src/include -I/<<PKGBUILDDIR>>/assembler/build_spades/include -I/<<PKGBUILDDIR>>/assembler/src -I/<<PKGBUILDDIR>>/assembler/src/common -isystem /<<PKGBUILDDIR>>/assembler/src/../ext/include -g -O2 -ffile-prefix-map=/<<PKGBUILDDIR>>=. -fstack-protector-strong -Wformat -Werror=format-security -Wdate-time -D_FORTIFY_SOURCE=2 -fopenmp=libomp -O2 -g -DNDEBUG   -UNDEBUG -Wno-deprecated -g3 -O2 -O3 -funroll-loops -MD -MT ext/jemalloc/CMakeFiles/jemalloc.dir/chunk_dss.c.o -MF CMakeFiles/jemalloc.dir/chunk_dss.c.o.d -o CMakeFiles/jemalloc.dir/chunk_dss.c.o -c /<<PKGBUILDDIR>>/assembler/ext/src/jemalloc/chunk_dss.c
[  7%] Building C object ext/jemalloc/CMakeFiles/jemalloc.dir/ckh.c.o
cd /<<PKGBUILDDIR>>/assembler/build_spades/ext/jemalloc && /usr/bin/cc -DUSE_GLIBCXX_PARALLEL=1 -D_GNU_SOURCE -D_REENTRANT -I/<<PKGBUILDDIR>>/assembler/build_spades/ext/jemalloc -I/<<PKGBUILDDIR>>/assembler/ext/src/jemalloc -I/<<PKGBUILDDIR>>/assembler/src/include -I/<<PKGBUILDDIR>>/assembler/build_spades/include -I/<<PKGBUILDDIR>>/assembler/src -I/<<PKGBUILDDIR>>/assembler/src/common -isystem /<<PKGBUILDDIR>>/assembler/src/../ext/include -g -O2 -ffile-prefix-map=/<<PKGBUILDDIR>>=. -fstack-protector-strong -Wformat -Werror=format-security -Wdate-time -D_FORTIFY_SOURCE=2 -fopenmp=libomp -O2 -g -DNDEBUG   -UNDEBUG -Wno-deprecated -g3 -O2 -O3 -funroll-loops -MD -MT ext/jemalloc/CMakeFiles/jemalloc.dir/ckh.c.o -MF CMakeFiles/jemalloc.dir/ckh.c.o.d -o CMakeFiles/jemalloc.dir/ckh.c.o -c /<<PKGBUILDDIR>>/assembler/ext/src/jemalloc/ckh.c
[  7%] Building C object ext/jemalloc/CMakeFiles/jemalloc.dir/extent.c.o
cd /<<PKGBUILDDIR>>/assembler/build_spades/ext/jemalloc && /usr/bin/cc -DUSE_GLIBCXX_PARALLEL=1 -D_GNU_SOURCE -D_REENTRANT -I/<<PKGBUILDDIR>>/assembler/build_spades/ext/jemalloc -I/<<PKGBUILDDIR>>/assembler/ext/src/jemalloc -I/<<PKGBUILDDIR>>/assembler/src/include -I/<<PKGBUILDDIR>>/assembler/build_spades/include -I/<<PKGBUILDDIR>>/assembler/src -I/<<PKGBUILDDIR>>/assembler/src/common -isystem /<<PKGBUILDDIR>>/assembler/src/../ext/include -g -O2 -ffile-prefix-map=/<<PKGBUILDDIR>>=. -fstack-protector-strong -Wformat -Werror=format-security -Wdate-time -D_FORTIFY_SOURCE=2 -fopenmp=libomp -O2 -g -DNDEBUG   -UNDEBUG -Wno-deprecated -g3 -O2 -O3 -funroll-loops -MD -MT ext/jemalloc/CMakeFiles/jemalloc.dir/extent.c.o -MF CMakeFiles/jemalloc.dir/extent.c.o.d -o CMakeFiles/jemalloc.dir/extent.c.o -c /<<PKGBUILDDIR>>/assembler/ext/src/jemalloc/extent.c
[  7%] Building C object ext/jemalloc/CMakeFiles/jemalloc.dir/huge.c.o
cd /<<PKGBUILDDIR>>/assembler/build_spades/ext/jemalloc && /usr/bin/cc -DUSE_GLIBCXX_PARALLEL=1 -D_GNU_SOURCE -D_REENTRANT -I/<<PKGBUILDDIR>>/assembler/build_spades/ext/jemalloc -I/<<PKGBUILDDIR>>/assembler/ext/src/jemalloc -I/<<PKGBUILDDIR>>/assembler/src/include -I/<<PKGBUILDDIR>>/assembler/build_spades/include -I/<<PKGBUILDDIR>>/assembler/src -I/<<PKGBUILDDIR>>/assembler/src/common -isystem /<<PKGBUILDDIR>>/assembler/src/../ext/include -g -O2 -ffile-prefix-map=/<<PKGBUILDDIR>>=. -fstack-protector-strong -Wformat -Werror=format-security -Wdate-time -D_FORTIFY_SOURCE=2 -fopenmp=libomp -O2 -g -DNDEBUG   -UNDEBUG -Wno-deprecated -g3 -O2 -O3 -funroll-loops -MD -MT ext/jemalloc/CMakeFiles/jemalloc.dir/huge.c.o -MF CMakeFiles/jemalloc.dir/huge.c.o.d -o CMakeFiles/jemalloc.dir/huge.c.o -c /<<PKGBUILDDIR>>/assembler/ext/src/jemalloc/huge.c
[  8%] Building C object ext/jemalloc/CMakeFiles/jemalloc.dir/mb.c.o
cd /<<PKGBUILDDIR>>/assembler/build_spades/ext/jemalloc && /usr/bin/cc -DUSE_GLIBCXX_PARALLEL=1 -D_GNU_SOURCE -D_REENTRANT -I/<<PKGBUILDDIR>>/assembler/build_spades/ext/jemalloc -I/<<PKGBUILDDIR>>/assembler/ext/src/jemalloc -I/<<PKGBUILDDIR>>/assembler/src/include -I/<<PKGBUILDDIR>>/assembler/build_spades/include -I/<<PKGBUILDDIR>>/assembler/src -I/<<PKGBUILDDIR>>/assembler/src/common -isystem /<<PKGBUILDDIR>>/assembler/src/../ext/include -g -O2 -ffile-prefix-map=/<<PKGBUILDDIR>>=. -fstack-protector-strong -Wformat -Werror=format-security -Wdate-time -D_FORTIFY_SOURCE=2 -fopenmp=libomp -O2 -g -DNDEBUG   -UNDEBUG -Wno-deprecated -g3 -O2 -O3 -funroll-loops -MD -MT ext/jemalloc/CMakeFiles/jemalloc.dir/mb.c.o -MF CMakeFiles/jemalloc.dir/mb.c.o.d -o CMakeFiles/jemalloc.dir/mb.c.o -c /<<PKGBUILDDIR>>/assembler/ext/src/jemalloc/mb.c
[  8%] Building C object ext/jemalloc/CMakeFiles/jemalloc.dir/prof.c.o
cd /<<PKGBUILDDIR>>/assembler/build_spades/ext/jemalloc && /usr/bin/cc -DUSE_GLIBCXX_PARALLEL=1 -D_GNU_SOURCE -D_REENTRANT -I/<<PKGBUILDDIR>>/assembler/build_spades/ext/jemalloc -I/<<PKGBUILDDIR>>/assembler/ext/src/jemalloc -I/<<PKGBUILDDIR>>/assembler/src/include -I/<<PKGBUILDDIR>>/assembler/build_spades/include -I/<<PKGBUILDDIR>>/assembler/src -I/<<PKGBUILDDIR>>/assembler/src/common -isystem /<<PKGBUILDDIR>>/assembler/src/../ext/include -g -O2 -ffile-prefix-map=/<<PKGBUILDDIR>>=. -fstack-protector-strong -Wformat -Werror=format-security -Wdate-time -D_FORTIFY_SOURCE=2 -fopenmp=libomp -O2 -g -DNDEBUG   -UNDEBUG -Wno-deprecated -g3 -O2 -O3 -funroll-loops -MD -MT ext/jemalloc/CMakeFiles/jemalloc.dir/prof.c.o -MF CMakeFiles/jemalloc.dir/prof.c.o.d -o CMakeFiles/jemalloc.dir/prof.c.o -c /<<PKGBUILDDIR>>/assembler/ext/src/jemalloc/prof.c
[  8%] Building C object ext/jemalloc/CMakeFiles/jemalloc.dir/rtree.c.o
cd /<<PKGBUILDDIR>>/assembler/build_spades/ext/jemalloc && /usr/bin/cc -DUSE_GLIBCXX_PARALLEL=1 -D_GNU_SOURCE -D_REENTRANT -I/<<PKGBUILDDIR>>/assembler/build_spades/ext/jemalloc -I/<<PKGBUILDDIR>>/assembler/ext/src/jemalloc -I/<<PKGBUILDDIR>>/assembler/src/include -I/<<PKGBUILDDIR>>/assembler/build_spades/include -I/<<PKGBUILDDIR>>/assembler/src -I/<<PKGBUILDDIR>>/assembler/src/common -isystem /<<PKGBUILDDIR>>/assembler/src/../ext/include -g -O2 -ffile-prefix-map=/<<PKGBUILDDIR>>=. -fstack-protector-strong -Wformat -Werror=format-security -Wdate-time -D_FORTIFY_SOURCE=2 -fopenmp=libomp -O2 -g -DNDEBUG   -UNDEBUG -Wno-deprecated -g3 -O2 -O3 -funroll-loops -MD -MT ext/jemalloc/CMakeFiles/jemalloc.dir/rtree.c.o -MF CMakeFiles/jemalloc.dir/rtree.c.o.d -o CMakeFiles/jemalloc.dir/rtree.c.o -c /<<PKGBUILDDIR>>/assembler/ext/src/jemalloc/rtree.c
[  9%] Building C object ext/jemalloc/CMakeFiles/jemalloc.dir/tcache.c.o
cd /<<PKGBUILDDIR>>/assembler/build_spades/ext/jemalloc && /usr/bin/cc -DUSE_GLIBCXX_PARALLEL=1 -D_GNU_SOURCE -D_REENTRANT -I/<<PKGBUILDDIR>>/assembler/build_spades/ext/jemalloc -I/<<PKGBUILDDIR>>/assembler/ext/src/jemalloc -I/<<PKGBUILDDIR>>/assembler/src/include -I/<<PKGBUILDDIR>>/assembler/build_spades/include -I/<<PKGBUILDDIR>>/assembler/src -I/<<PKGBUILDDIR>>/assembler/src/common -isystem /<<PKGBUILDDIR>>/assembler/src/../ext/include -g -O2 -ffile-prefix-map=/<<PKGBUILDDIR>>=. -fstack-protector-strong -Wformat -Werror=format-security -Wdate-time -D_FORTIFY_SOURCE=2 -fopenmp=libomp -O2 -g -DNDEBUG   -UNDEBUG -Wno-deprecated -g3 -O2 -O3 -funroll-loops -MD -MT ext/jemalloc/CMakeFiles/jemalloc.dir/tcache.c.o -MF CMakeFiles/jemalloc.dir/tcache.c.o.d -o CMakeFiles/jemalloc.dir/tcache.c.o -c /<<PKGBUILDDIR>>/assembler/ext/src/jemalloc/tcache.c
[  9%] Building C object ext/jemalloc/CMakeFiles/jemalloc.dir/util.c.o
cd /<<PKGBUILDDIR>>/assembler/build_spades/ext/jemalloc && /usr/bin/cc -DUSE_GLIBCXX_PARALLEL=1 -D_GNU_SOURCE -D_REENTRANT -I/<<PKGBUILDDIR>>/assembler/build_spades/ext/jemalloc -I/<<PKGBUILDDIR>>/assembler/ext/src/jemalloc -I/<<PKGBUILDDIR>>/assembler/src/include -I/<<PKGBUILDDIR>>/assembler/build_spades/include -I/<<PKGBUILDDIR>>/assembler/src -I/<<PKGBUILDDIR>>/assembler/src/common -isystem /<<PKGBUILDDIR>>/assembler/src/../ext/include -g -O2 -ffile-prefix-map=/<<PKGBUILDDIR>>=. -fstack-protector-strong -Wformat -Werror=format-security -Wdate-time -D_FORTIFY_SOURCE=2 -fopenmp=libomp -O2 -g -DNDEBUG   -UNDEBUG -Wno-deprecated -g3 -O2 -O3 -funroll-loops -MD -MT ext/jemalloc/CMakeFiles/jemalloc.dir/util.c.o -MF CMakeFiles/jemalloc.dir/util.c.o.d -o CMakeFiles/jemalloc.dir/util.c.o -c /<<PKGBUILDDIR>>/assembler/ext/src/jemalloc/util.c
[  9%] Linking C static library libjemalloc.a
cd /<<PKGBUILDDIR>>/assembler/build_spades/ext/jemalloc && /usr/bin/cmake -P CMakeFiles/jemalloc.dir/cmake_clean_target.cmake
cd /<<PKGBUILDDIR>>/assembler/build_spades/ext/jemalloc && /usr/bin/cmake -E cmake_link_script CMakeFiles/jemalloc.dir/link.txt --verbose=1
/usr/bin/ar qc libjemalloc.a CMakeFiles/jemalloc.dir/arena.c.o CMakeFiles/jemalloc.dir/base.c.o CMakeFiles/jemalloc.dir/chunk.c.o CMakeFiles/jemalloc.dir/chunk_mmap.c.o CMakeFiles/jemalloc.dir/ctl.c.o CMakeFiles/jemalloc.dir/hash.c.o CMakeFiles/jemalloc.dir/jemalloc.c.o CMakeFiles/jemalloc.dir/mutex.c.o CMakeFiles/jemalloc.dir/quarantine.c.o CMakeFiles/jemalloc.dir/stats.c.o CMakeFiles/jemalloc.dir/tsd.c.o CMakeFiles/jemalloc.dir/atomic.c.o CMakeFiles/jemalloc.dir/bitmap.c.o CMakeFiles/jemalloc.dir/chunk_dss.c.o CMakeFiles/jemalloc.dir/ckh.c.o CMakeFiles/jemalloc.dir/extent.c.o CMakeFiles/jemalloc.dir/huge.c.o CMakeFiles/jemalloc.dir/mb.c.o CMakeFiles/jemalloc.dir/prof.c.o CMakeFiles/jemalloc.dir/rtree.c.o CMakeFiles/jemalloc.dir/tcache.c.o CMakeFiles/jemalloc.dir/util.c.o
/usr/bin/ranlib libjemalloc.a
make[4]: Leaving directory '/<<PKGBUILDDIR>>/assembler/build_spades'
[  9%] Built target jemalloc
make  -f ext/ConsensusCore/CMakeFiles/ConsensusCore.dir/build.make ext/ConsensusCore/CMakeFiles/ConsensusCore.dir/depend
make[4]: Entering directory '/<<PKGBUILDDIR>>/assembler/build_spades'
cd /<<PKGBUILDDIR>>/assembler/build_spades && /usr/bin/cmake -E cmake_depends "Unix Makefiles" /<<PKGBUILDDIR>>/assembler/src /<<PKGBUILDDIR>>/assembler/ext/src/ConsensusCore /<<PKGBUILDDIR>>/assembler/build_spades /<<PKGBUILDDIR>>/assembler/build_spades/ext/ConsensusCore /<<PKGBUILDDIR>>/assembler/build_spades/ext/ConsensusCore/CMakeFiles/ConsensusCore.dir/DependInfo.cmake --color=
make[4]: Leaving directory '/<<PKGBUILDDIR>>/assembler/build_spades'
make  -f ext/ConsensusCore/CMakeFiles/ConsensusCore.dir/build.make ext/ConsensusCore/CMakeFiles/ConsensusCore.dir/build
make[4]: Entering directory '/<<PKGBUILDDIR>>/assembler/build_spades'
[  9%] Building CXX object ext/ConsensusCore/CMakeFiles/ConsensusCore.dir/AffineAlignment.cpp.o
cd /<<PKGBUILDDIR>>/assembler/build_spades/ext/ConsensusCore && /usr/bin/c++ -DUSE_GLIBCXX_PARALLEL=1 -I/<<PKGBUILDDIR>>/assembler/build_spades/ext/ConsensusCore -I/<<PKGBUILDDIR>>/assembler/ext/src/ConsensusCore -I/<<PKGBUILDDIR>>/assembler/src/include -I/<<PKGBUILDDIR>>/assembler/build_spades/include -I/<<PKGBUILDDIR>>/assembler/src -I/<<PKGBUILDDIR>>/assembler/src/common -I/<<PKGBUILDDIR>>/assembler/src/../ext/include/ConsensusCore -isystem /<<PKGBUILDDIR>>/assembler/src/../ext/include -g -O2 -ffile-prefix-map=/<<PKGBUILDDIR>>=. -fstack-protector-strong -Wformat -Werror=format-security -Wdate-time -D_FORTIFY_SOURCE=2 -fopenmp=libomp -std=c++14 -stdlib=libc++ -O2 -g -DNDEBUG   -UNDEBUG -Wno-deprecated -g3 -O2 -MD -MT ext/ConsensusCore/CMakeFiles/ConsensusCore.dir/AffineAlignment.cpp.o -MF CMakeFiles/ConsensusCore.dir/AffineAlignment.cpp.o.d -o CMakeFiles/ConsensusCore.dir/AffineAlignment.cpp.o -c /<<PKGBUILDDIR>>/assembler/ext/src/ConsensusCore/AffineAlignment.cpp
In file included from /<<PKGBUILDDIR>>/assembler/ext/src/ConsensusCore/AffineAlignment.cpp:38:
/<<PKGBUILDDIR>>/assembler/src/../ext/include/ConsensusCore/AffineAlignment.hpp:44:10: fatal error: 'string' file not found
#include <string>
         ^~~~~~~~
1 error generated.
make[4]: *** [ext/ConsensusCore/CMakeFiles/ConsensusCore.dir/build.make:76: ext/ConsensusCore/CMakeFiles/ConsensusCore.dir/AffineAlignment.cpp.o] Error 1
make[4]: Leaving directory '/<<PKGBUILDDIR>>/assembler/build_spades'
make[3]: *** [CMakeFiles/Makefile2:1019: ext/ConsensusCore/CMakeFiles/ConsensusCore.dir/all] Error 2
make[3]: Leaving directory '/<<PKGBUILDDIR>>/assembler/build_spades'
make[2]: *** [Makefile:156: all] Error 2
make[2]: Leaving directory '/<<PKGBUILDDIR>>/assembler/build_spades'
make[1]: *** [debian/rules:42: override_dh_auto_build] Error 2
make[1]: Leaving directory '/<<PKGBUILDDIR>>'
make: *** [debian/rules:24: build] Error 2
dpkg-buildpackage: error: debian/rules build subprocess returned exit status 2
--------------------------------------------------------------------------------
Build finished at 2021-10-26T20:29:51Z

Finished
--------


+------------------------------------------------------------------------------+
| Cleanup                                                                      |
+------------------------------------------------------------------------------+

Purging /<<BUILDDIR>>
Not cleaning session: cloned chroot in use
E: Build failure (dpkg-buildpackage died)

+------------------------------------------------------------------------------+
| Summary                                                                      |
+------------------------------------------------------------------------------+

Build Architecture: amd64
Build Type: binary
Build-Space: 31496
Build-Time: 13
Distribution: unstable
Fail-Stage: build
Host Architecture: amd64
Install-Time: 26
Job: spades_3.13.1+dfsg-2
Machine Architecture: amd64
Package: spades
Package-Time: 61
Source-Version: 3.13.1+dfsg-2
Space: 31496
Status: attempted
Version: 3.13.1+dfsg-2
--------------------------------------------------------------------------------
Finished at 2021-10-26T20:29:51Z
Build needed 00:01:01, 31496k disk space
E: Build failure (dpkg-buildpackage died)
DC-Status: Failed 61.941232866s
DC-Time-Estimation: 61.941232866 versus expected 1349 (r/m: 20.778707616594374 ; m: 61.941232866)
