DC-Build-Header: uhub 0.4.1-3.1 / 2021-10-26 23:12:24 +0000
DC-Task: type:rebuild-binarch-only source:uhub version:0.4.1-3.1 chroot:unstable esttime:56 logfile:/tmp/uhub_0.4.1-3.1_unstable_clang13.log modes:clang13:binarch-only
DC-Sbuild-call: su user42 -c 'sbuild -n --arch-any --apt-update -d unstable -v --no-run-lintian --chroot-setup-commands=/tmp/clang13 uhub_0.4.1-3.1'
sbuild (Debian sbuild) 0.78.1 (09 February 2019) on ip-172-31-11-8.eu-central-1.compute.internal

+==============================================================================+
| uhub 0.4.1-3.1 (amd64)                       Tue, 26 Oct 2021 23:12:24 +0000 |
+==============================================================================+

Package: uhub
Version: 0.4.1-3.1
Source Version: 0.4.1-3.1
Distribution: unstable
Machine Architecture: amd64
Host Architecture: amd64
Build Architecture: amd64
Build Type: binary

I: NOTICE: Log filtering will replace 'var/run/schroot/mount/sid-amd64-sbuild-05aae931-bb4e-4a4f-94fc-818782d23641' with '<<CHROOT>>'

+------------------------------------------------------------------------------+
| Chroot Setup Commands                                                        |
+------------------------------------------------------------------------------+


/tmp/clang13
------------

+ echo 'Entering customization script...'
Entering customization script...
+ CLANG_VERSION=13
+ echo 'Install of clang-13'
Install of clang-13
+ apt-get update
Get:1 http://127.0.0.1:12990/debian sid InRelease [165 kB]
Get:2 http://127.0.0.1:12990/debian sid/main Sources.diff/Index [63.6 kB]
Get:3 http://127.0.0.1:12990/debian sid/main amd64 Packages.diff/Index [63.6 kB]
Get:4 http://127.0.0.1:12990/debian sid/main Sources T-2021-10-26-2004.40-F-2021-10-26-0202.15.pdiff [47.3 kB]
Get:4 http://127.0.0.1:12990/debian sid/main Sources T-2021-10-26-2004.40-F-2021-10-26-0202.15.pdiff [47.3 kB]
Get:5 http://127.0.0.1:12990/debian sid/main amd64 Packages T-2021-10-26-2004.40-F-2021-10-26-0202.15.pdiff [55.9 kB]
Get:5 http://127.0.0.1:12990/debian sid/main amd64 Packages T-2021-10-26-2004.40-F-2021-10-26-0202.15.pdiff [55.9 kB]
Get:6 http://127.0.0.1:12990/debian sid/main Translation-en [6586 kB]
Fetched 6981 kB in 3s (2761 kB/s)
Reading package lists...
+ apt-get install --yes --no-install-recommends --force-yes clang-13 libomp-13-dev libobjc-9-dev
Reading package lists...
Building dependency tree...
The following additional packages will be installed:
  lib32gcc-s1 lib32stdc++6 libasan5 libbsd0 libc6-i386 libclang-common-13-dev
  libclang-cpp13 libclang1-13 libedit2 libgc1 libgcc-9-dev libicu67 libllvm13
  libmd0 libobjc-11-dev libobjc4 libomp5-13 libxml2 libz3-4
Suggested packages:
  clang-13-doc libomp-13-doc
Recommended packages:
  llvm-13-dev python3
The following NEW packages will be installed:
  clang-13 lib32gcc-s1 lib32stdc++6 libasan5 libbsd0 libc6-i386
  libclang-common-13-dev libclang-cpp13 libclang1-13 libedit2 libgc1
  libgcc-9-dev libicu67 libllvm13 libmd0 libobjc-11-dev libobjc-9-dev libobjc4
  libomp-13-dev libomp5-13 libxml2 libz3-4
0 upgraded, 22 newly installed, 0 to remove and 0 not upgraded.
Need to get 68.5 MB of archives.
After this operation, 379 MB of additional disk space will be used.
Get:1 http://127.0.0.1:12990/debian sid/main amd64 libmd0 amd64 1.0.4-1 [29.6 kB]
Get:2 http://127.0.0.1:12990/debian sid/main amd64 libbsd0 amd64 0.11.3-1 [108 kB]
Get:3 http://127.0.0.1:12990/debian sid/main amd64 libedit2 amd64 3.1-20210910-1 [97.5 kB]
Get:4 http://127.0.0.1:12990/debian sid/main amd64 libicu67 amd64 67.1-7 [8622 kB]
Get:5 http://127.0.0.1:12990/debian sid/main amd64 libxml2 amd64 2.9.12+dfsg-5 [696 kB]
Get:6 http://127.0.0.1:12990/debian sid/main amd64 libz3-4 amd64 4.8.12-1+b1 [6997 kB]
Get:7 http://127.0.0.1:12990/debian sid/main amd64 libllvm13 amd64 1:13.0.0-8 [19.7 MB]
Get:8 http://127.0.0.1:12990/debian sid/main amd64 libclang-cpp13 amd64 1:13.0.0-8 [10.5 MB]
Get:9 http://127.0.0.1:12990/debian sid/main amd64 libgc1 amd64 1:8.0.4-3 [239 kB]
Get:10 http://127.0.0.1:12990/debian sid/main amd64 libobjc4 amd64 11.2.0-10 [43.2 kB]
Get:11 http://127.0.0.1:12990/debian sid/main amd64 libobjc-11-dev amd64 11.2.0-10 [170 kB]
Get:12 http://127.0.0.1:12990/debian sid/main amd64 libc6-i386 amd64 2.32-4 [2624 kB]
Get:13 http://127.0.0.1:12990/debian sid/main amd64 lib32gcc-s1 amd64 11.2.0-10 [49.9 kB]
Get:14 http://127.0.0.1:12990/debian sid/main amd64 lib32stdc++6 amd64 11.2.0-10 [601 kB]
Get:15 http://127.0.0.1:12990/debian sid/main amd64 libclang-common-13-dev amd64 1:13.0.0-8 [5730 kB]
Get:16 http://127.0.0.1:12990/debian sid/main amd64 libclang1-13 amd64 1:13.0.0-8 [6093 kB]
Get:17 http://127.0.0.1:12990/debian sid/main amd64 clang-13 amd64 1:13.0.0-8 [119 kB]
Get:18 http://127.0.0.1:12990/debian sid/main amd64 libasan5 amd64 9.4.0-3 [2734 kB]
Get:19 http://127.0.0.1:12990/debian sid/main amd64 libgcc-9-dev amd64 9.4.0-3 [2343 kB]
Get:20 http://127.0.0.1:12990/debian sid/main amd64 libobjc-9-dev amd64 9.4.0-3 [219 kB]
Get:21 http://127.0.0.1:12990/debian sid/main amd64 libomp5-13 amd64 1:13.0.0-8 [377 kB]
Get:22 http://127.0.0.1:12990/debian sid/main amd64 libomp-13-dev amd64 1:13.0.0-8 [482 kB]
debconf: delaying package configuration, since apt-utils is not installed
Fetched 68.5 MB in 0s (146 MB/s)
Selecting previously unselected package libmd0:amd64.
(Reading database ... (Reading database ... 5%(Reading database ... 10%(Reading database ... 15%(Reading database ... 20%(Reading database ... 25%(Reading database ... 30%(Reading database ... 35%(Reading database ... 40%(Reading database ... 45%(Reading database ... 50%(Reading database ... 55%(Reading database ... 60%(Reading database ... 65%(Reading database ... 70%(Reading database ... 75%(Reading database ... 80%(Reading database ... 85%(Reading database ... 90%(Reading database ... 95%(Reading database ... 100%(Reading database ... 12431 files and directories currently installed.)
Preparing to unpack .../00-libmd0_1.0.4-1_amd64.deb ...
Unpacking libmd0:amd64 (1.0.4-1) ...
Selecting previously unselected package libbsd0:amd64.
Preparing to unpack .../01-libbsd0_0.11.3-1_amd64.deb ...
Unpacking libbsd0:amd64 (0.11.3-1) ...
Selecting previously unselected package libedit2:amd64.
Preparing to unpack .../02-libedit2_3.1-20210910-1_amd64.deb ...
Unpacking libedit2:amd64 (3.1-20210910-1) ...
Selecting previously unselected package libicu67:amd64.
Preparing to unpack .../03-libicu67_67.1-7_amd64.deb ...
Unpacking libicu67:amd64 (67.1-7) ...
Selecting previously unselected package libxml2:amd64.
Preparing to unpack .../04-libxml2_2.9.12+dfsg-5_amd64.deb ...
Unpacking libxml2:amd64 (2.9.12+dfsg-5) ...
Selecting previously unselected package libz3-4:amd64.
Preparing to unpack .../05-libz3-4_4.8.12-1+b1_amd64.deb ...
Unpacking libz3-4:amd64 (4.8.12-1+b1) ...
Selecting previously unselected package libllvm13:amd64.
Preparing to unpack .../06-libllvm13_1%3a13.0.0-8_amd64.deb ...
Unpacking libllvm13:amd64 (1:13.0.0-8) ...
Selecting previously unselected package libclang-cpp13.
Preparing to unpack .../07-libclang-cpp13_1%3a13.0.0-8_amd64.deb ...
Unpacking libclang-cpp13 (1:13.0.0-8) ...
Selecting previously unselected package libgc1:amd64.
Preparing to unpack .../08-libgc1_1%3a8.0.4-3_amd64.deb ...
Unpacking libgc1:amd64 (1:8.0.4-3) ...
Selecting previously unselected package libobjc4:amd64.
Preparing to unpack .../09-libobjc4_11.2.0-10_amd64.deb ...
Unpacking libobjc4:amd64 (11.2.0-10) ...
Selecting previously unselected package libobjc-11-dev:amd64.
Preparing to unpack .../10-libobjc-11-dev_11.2.0-10_amd64.deb ...
Unpacking libobjc-11-dev:amd64 (11.2.0-10) ...
Selecting previously unselected package libc6-i386.
Preparing to unpack .../11-libc6-i386_2.32-4_amd64.deb ...
Unpacking libc6-i386 (2.32-4) ...
Selecting previously unselected package lib32gcc-s1.
Preparing to unpack .../12-lib32gcc-s1_11.2.0-10_amd64.deb ...
Unpacking lib32gcc-s1 (11.2.0-10) ...
Selecting previously unselected package lib32stdc++6.
Preparing to unpack .../13-lib32stdc++6_11.2.0-10_amd64.deb ...
Unpacking lib32stdc++6 (11.2.0-10) ...
Selecting previously unselected package libclang-common-13-dev.
Preparing to unpack .../14-libclang-common-13-dev_1%3a13.0.0-8_amd64.deb ...
Unpacking libclang-common-13-dev (1:13.0.0-8) ...
Selecting previously unselected package libclang1-13.
Preparing to unpack .../15-libclang1-13_1%3a13.0.0-8_amd64.deb ...
Unpacking libclang1-13 (1:13.0.0-8) ...
Selecting previously unselected package clang-13.
Preparing to unpack .../16-clang-13_1%3a13.0.0-8_amd64.deb ...
Unpacking clang-13 (1:13.0.0-8) ...
Selecting previously unselected package libasan5:amd64.
Preparing to unpack .../17-libasan5_9.4.0-3_amd64.deb ...
Unpacking libasan5:amd64 (9.4.0-3) ...
Selecting previously unselected package libgcc-9-dev:amd64.
Preparing to unpack .../18-libgcc-9-dev_9.4.0-3_amd64.deb ...
Unpacking libgcc-9-dev:amd64 (9.4.0-3) ...
Selecting previously unselected package libobjc-9-dev:amd64.
Preparing to unpack .../19-libobjc-9-dev_9.4.0-3_amd64.deb ...
Unpacking libobjc-9-dev:amd64 (9.4.0-3) ...
Selecting previously unselected package libomp5-13:amd64.
Preparing to unpack .../20-libomp5-13_1%3a13.0.0-8_amd64.deb ...
Unpacking libomp5-13:amd64 (1:13.0.0-8) ...
Selecting previously unselected package libomp-13-dev.
Preparing to unpack .../21-libomp-13-dev_1%3a13.0.0-8_amd64.deb ...
Unpacking libomp-13-dev (1:13.0.0-8) ...
Setting up libicu67:amd64 (67.1-7) ...
Setting up libasan5:amd64 (9.4.0-3) ...
Setting up libz3-4:amd64 (4.8.12-1+b1) ...
Setting up libgc1:amd64 (1:8.0.4-3) ...
Setting up libmd0:amd64 (1.0.4-1) ...
Setting up libc6-i386 (2.32-4) ...
Setting up libomp5-13:amd64 (1:13.0.0-8) ...
Setting up libbsd0:amd64 (0.11.3-1) ...
Setting up libxml2:amd64 (2.9.12+dfsg-5) ...
Setting up libedit2:amd64 (3.1-20210910-1) ...
Setting up libobjc4:amd64 (11.2.0-10) ...
Setting up libgcc-9-dev:amd64 (9.4.0-3) ...
Setting up lib32gcc-s1 (11.2.0-10) ...
Setting up lib32stdc++6 (11.2.0-10) ...
Setting up libllvm13:amd64 (1:13.0.0-8) ...
Setting up libobjc-9-dev:amd64 (9.4.0-3) ...
Setting up libclang-common-13-dev (1:13.0.0-8) ...
Setting up libomp-13-dev (1:13.0.0-8) ...
Setting up libobjc-11-dev:amd64 (11.2.0-10) ...
Setting up libclang1-13 (1:13.0.0-8) ...
Setting up libclang-cpp13 (1:13.0.0-8) ...
Setting up clang-13 (1:13.0.0-8) ...
Processing triggers for libc-bin (2.32-4) ...
W: --force-yes is deprecated, use one of the options starting with --allow instead.
+ echo 'Replace gcc, g++ & cpp by clang'
Replace gcc, g++ & cpp by clang
+ VERSIONS='4.6 4.7 4.8 4.9 5 6 7 8 9 10 11'
+ cd /usr/bin
+ for VERSION in $VERSIONS
+ rm -f g++-4.6 gcc-4.6 cpp-4.6 gcc
+ ln -s clang++-13 g++-4.6
+ ln -s clang-13 gcc-4.6
+ ln -s clang-13 cpp-4.6
+ ln -s clang-13 gcc
+ echo 'gcc-4.6 hold'
+ dpkg --set-selections
dpkg: warning: package not in status nor available database at line 1: gcc-4.6
dpkg: warning: found unknown packages; this might mean the available database
is outdated, and needs to be updated through a frontend method;
please see the FAQ <https://wiki.debian.org/Teams/Dpkg/FAQ>
+ echo 'g++-4.6 hold'
+ dpkg --set-selections
dpkg: warning: package not in status nor available database at line 1: g++-4.6
dpkg: warning: found unknown packages; this might mean the available database
is outdated, and needs to be updated through a frontend method;
please see the FAQ <https://wiki.debian.org/Teams/Dpkg/FAQ>
+ for VERSION in $VERSIONS
+ rm -f g++-4.7 gcc-4.7 cpp-4.7 gcc
+ ln -s clang++-13 g++-4.7
+ ln -s clang-13 gcc-4.7
+ ln -s clang-13 cpp-4.7
+ ln -s clang-13 gcc
+ echo 'gcc-4.7 hold'
+ dpkg --set-selections
dpkg: warning: package not in status nor available database at line 1: gcc-4.7
dpkg: warning: found unknown packages; this might mean the available database
is outdated, and needs to be updated through a frontend method;
please see the FAQ <https://wiki.debian.org/Teams/Dpkg/FAQ>
+ echo 'g++-4.7 hold'
+ dpkg --set-selections
dpkg: warning: package not in status nor available database at line 1: g++-4.7
dpkg: warning: found unknown packages; this might mean the available database
is outdated, and needs to be updated through a frontend method;
please see the FAQ <https://wiki.debian.org/Teams/Dpkg/FAQ>
+ for VERSION in $VERSIONS
+ rm -f g++-4.8 gcc-4.8 cpp-4.8 gcc
+ ln -s clang++-13 g++-4.8
+ ln -s clang-13 gcc-4.8
+ ln -s clang-13 cpp-4.8
+ ln -s clang-13 gcc
+ echo 'gcc-4.8 hold'
+ dpkg --set-selections
dpkg: warning: package not in status nor available database at line 1: gcc-4.8
dpkg: warning: found unknown packages; this might mean the available database
is outdated, and needs to be updated through a frontend method;
please see the FAQ <https://wiki.debian.org/Teams/Dpkg/FAQ>
+ echo 'g++-4.8 hold'
+ dpkg --set-selections
dpkg: warning: package not in status nor available database at line 1: g++-4.8
dpkg: warning: found unknown packages; this might mean the available database
is outdated, and needs to be updated through a frontend method;
please see the FAQ <https://wiki.debian.org/Teams/Dpkg/FAQ>
+ for VERSION in $VERSIONS
+ rm -f g++-4.9 gcc-4.9 cpp-4.9 gcc
+ ln -s clang++-13 g++-4.9
+ ln -s clang-13 gcc-4.9
+ ln -s clang-13 cpp-4.9
+ ln -s clang-13 gcc
+ echo 'gcc-4.9 hold'
+ dpkg --set-selections
dpkg: warning: package not in status nor available database at line 1: gcc-4.9
dpkg: warning: found unknown packages; this might mean the available database
is outdated, and needs to be updated through a frontend method;
please see the FAQ <https://wiki.debian.org/Teams/Dpkg/FAQ>
+ echo 'g++-4.9 hold'
+ dpkg --set-selections
dpkg: warning: package not in status nor available database at line 1: g++-4.9
dpkg: warning: found unknown packages; this might mean the available database
is outdated, and needs to be updated through a frontend method;
please see the FAQ <https://wiki.debian.org/Teams/Dpkg/FAQ>
+ for VERSION in $VERSIONS
+ rm -f g++-5 gcc-5 cpp-5 gcc
+ ln -s clang++-13 g++-5
+ ln -s clang-13 gcc-5
+ ln -s clang-13 cpp-5
+ ln -s clang-13 gcc
+ echo 'gcc-5 hold'
+ dpkg --set-selections
dpkg: warning: package not in status nor available database at line 1: gcc-5
dpkg: warning: found unknown packages; this might mean the available database
is outdated, and needs to be updated through a frontend method;
please see the FAQ <https://wiki.debian.org/Teams/Dpkg/FAQ>
+ echo 'g++-5 hold'
+ dpkg --set-selections
dpkg: warning: package not in status nor available database at line 1: g++-5
dpkg: warning: found unknown packages; this might mean the available database
is outdated, and needs to be updated through a frontend method;
please see the FAQ <https://wiki.debian.org/Teams/Dpkg/FAQ>
+ for VERSION in $VERSIONS
+ rm -f g++-6 gcc-6 cpp-6 gcc
+ ln -s clang++-13 g++-6
+ ln -s clang-13 gcc-6
+ ln -s clang-13 cpp-6
+ ln -s clang-13 gcc
+ echo 'gcc-6 hold'
+ dpkg --set-selections
dpkg: warning: package not in status nor available database at line 1: gcc-6
dpkg: warning: found unknown packages; this might mean the available database
is outdated, and needs to be updated through a frontend method;
please see the FAQ <https://wiki.debian.org/Teams/Dpkg/FAQ>
+ echo 'g++-6 hold'
+ dpkg --set-selections
dpkg: warning: package not in status nor available database at line 1: g++-6
dpkg: warning: found unknown packages; this might mean the available database
is outdated, and needs to be updated through a frontend method;
please see the FAQ <https://wiki.debian.org/Teams/Dpkg/FAQ>
+ for VERSION in $VERSIONS
+ rm -f g++-7 gcc-7 cpp-7 gcc
+ ln -s clang++-13 g++-7
+ ln -s clang-13 gcc-7
+ ln -s clang-13 cpp-7
+ ln -s clang-13 gcc
+ echo 'gcc-7 hold'
+ dpkg --set-selections
dpkg: warning: package not in status nor available database at line 1: gcc-7
dpkg: warning: found unknown packages; this might mean the available database
is outdated, and needs to be updated through a frontend method;
please see the FAQ <https://wiki.debian.org/Teams/Dpkg/FAQ>
+ echo 'g++-7 hold'
+ dpkg --set-selections
dpkg: warning: package not in status nor available database at line 1: g++-7
dpkg: warning: found unknown packages; this might mean the available database
is outdated, and needs to be updated through a frontend method;
please see the FAQ <https://wiki.debian.org/Teams/Dpkg/FAQ>
+ for VERSION in $VERSIONS
+ rm -f g++-8 gcc-8 cpp-8 gcc
+ ln -s clang++-13 g++-8
+ ln -s clang-13 gcc-8
+ ln -s clang-13 cpp-8
+ ln -s clang-13 gcc
+ echo 'gcc-8 hold'
+ dpkg --set-selections
dpkg: warning: package not in status nor available database at line 1: gcc-8
dpkg: warning: found unknown packages; this might mean the available database
is outdated, and needs to be updated through a frontend method;
please see the FAQ <https://wiki.debian.org/Teams/Dpkg/FAQ>
+ echo 'g++-8 hold'
+ dpkg --set-selections
dpkg: warning: package not in status nor available database at line 1: g++-8
dpkg: warning: found unknown packages; this might mean the available database
is outdated, and needs to be updated through a frontend method;
please see the FAQ <https://wiki.debian.org/Teams/Dpkg/FAQ>
+ for VERSION in $VERSIONS
+ rm -f g++-9 gcc-9 cpp-9 gcc
+ ln -s clang++-13 g++-9
+ ln -s clang-13 gcc-9
+ ln -s clang-13 cpp-9
+ ln -s clang-13 gcc
+ echo 'gcc-9 hold'
+ dpkg --set-selections
dpkg: warning: package not in status nor available database at line 1: gcc-9
dpkg: warning: found unknown packages; this might mean the available database
is outdated, and needs to be updated through a frontend method;
please see the FAQ <https://wiki.debian.org/Teams/Dpkg/FAQ>
+ echo 'g++-9 hold'
+ dpkg --set-selections
dpkg: warning: package not in status nor available database at line 1: g++-9
dpkg: warning: found unknown packages; this might mean the available database
is outdated, and needs to be updated through a frontend method;
please see the FAQ <https://wiki.debian.org/Teams/Dpkg/FAQ>
+ for VERSION in $VERSIONS
+ rm -f g++-10 gcc-10 cpp-10 gcc
+ ln -s clang++-13 g++-10
+ ln -s clang-13 gcc-10
+ ln -s clang-13 cpp-10
+ ln -s clang-13 gcc
+ echo 'gcc-10 hold'
+ dpkg --set-selections
dpkg: warning: package not in status nor available database at line 1: gcc-10
dpkg: warning: found unknown packages; this might mean the available database
is outdated, and needs to be updated through a frontend method;
please see the FAQ <https://wiki.debian.org/Teams/Dpkg/FAQ>
+ echo 'g++-10 hold'
+ dpkg --set-selections
dpkg: warning: package not in status nor available database at line 1: g++-10
dpkg: warning: found unknown packages; this might mean the available database
is outdated, and needs to be updated through a frontend method;
please see the FAQ <https://wiki.debian.org/Teams/Dpkg/FAQ>
+ for VERSION in $VERSIONS
+ rm -f g++-11 gcc-11 cpp-11 gcc
+ ln -s clang++-13 g++-11
+ ln -s clang-13 gcc-11
+ ln -s clang-13 cpp-11
+ ln -s clang-13 gcc
+ echo 'gcc-11 hold'
+ dpkg --set-selections
+ echo 'g++-11 hold'
+ dpkg --set-selections
+ cd -
/build/uhub-4yuBcT
+ echo 'Check if gcc, g++ & cpp are actually clang'
Check if gcc, g++ & cpp are actually clang
+ gcc --version
+ grep clang
+ cpp --version
+ grep clang
+ g++ --version
+ grep clang
+ cd /usr/bin/
+ rm -f clang++ clang
+ ln -s clang-13 clang++
+ ln -s clang-13 clang
+ clang++ --version
Debian clang version 13.0.0-8
Target: x86_64-pc-linux-gnu
Thread model: posix
InstalledDir: /usr/bin
+ clang --version
Debian clang version 13.0.0-8
Target: x86_64-pc-linux-gnu
Thread model: posix
InstalledDir: /usr/bin
+ cd -
/build/uhub-4yuBcT
+ apt install --yes --no-install-recommends --force-yes qt5-qmake

WARNING: apt does not have a stable CLI interface. Use with caution in scripts.

Reading package lists...
Building dependency tree...
Reading state information...
The following additional packages will be installed:
  qt5-qmake-bin qtchooser
The following NEW packages will be installed:
  qt5-qmake qt5-qmake-bin qtchooser
0 upgraded, 3 newly installed, 0 to remove and 0 not upgraded.
Need to get 1322 kB of archives.
After this operation, 4914 kB of additional disk space will be used.
Get:1 http://127.0.0.1:12990/debian sid/main amd64 qt5-qmake-bin amd64 5.15.2+dfsg-12 [1046 kB]
Get:2 http://127.0.0.1:12990/debian sid/main amd64 qtchooser amd64 66-2 [26.3 kB]
Get:3 http://127.0.0.1:12990/debian sid/main amd64 qt5-qmake amd64 5.15.2+dfsg-12 [249 kB]
debconf: delaying package configuration, since apt-utils is not installed
Fetched 1322 kB in 0s (59.0 MB/s)
Selecting previously unselected package qt5-qmake-bin.
(Reading database ... (Reading database ... 5%(Reading database ... 10%(Reading database ... 15%(Reading database ... 20%(Reading database ... 25%(Reading database ... 30%(Reading database ... 35%(Reading database ... 40%(Reading database ... 45%(Reading database ... 50%(Reading database ... 55%(Reading database ... 60%(Reading database ... 65%(Reading database ... 70%(Reading database ... 75%(Reading database ... 80%(Reading database ... 85%(Reading database ... 90%(Reading database ... 95%(Reading database ... 100%(Reading database ... 13528 files and directories currently installed.)
Preparing to unpack .../qt5-qmake-bin_5.15.2+dfsg-12_amd64.deb ...
Unpacking qt5-qmake-bin (5.15.2+dfsg-12) ...
Selecting previously unselected package qtchooser.
Preparing to unpack .../qtchooser_66-2_amd64.deb ...
Unpacking qtchooser (66-2) ...
Selecting previously unselected package qt5-qmake:amd64.
Preparing to unpack .../qt5-qmake_5.15.2+dfsg-12_amd64.deb ...
Unpacking qt5-qmake:amd64 (5.15.2+dfsg-12) ...
Setting up qt5-qmake-bin (5.15.2+dfsg-12) ...
Setting up qtchooser (66-2) ...
Setting up qt5-qmake:amd64 (5.15.2+dfsg-12) ...
W: --force-yes is deprecated, use one of the options starting with --allow instead.
+ cp /usr/lib/x86_64-linux-gnu/qt5/mkspecs/linux-clang/qmake.conf /usr/lib/x86_64-linux-gnu/qt5/mkspecs/linux-clang/qplatformdefs.h /usr/lib/x86_64-linux-gnu/qt5/mkspecs/linux-g++/
+ ls -al /usr/lib/x86_64-linux-gnu/qt5/mkspecs/linux-g++/
total 16
drwxr-xr-x  2 root root 4096 Oct 26 23:12 .
drwxr-xr-x 76 root root 4096 Oct 26 23:12 ..
-rw-r--r--  1 root root  276 Oct 26 23:12 qmake.conf
-rw-r--r--  1 root root 3218 Oct 26 23:12 qplatformdefs.h
+ cat /usr/lib/x86_64-linux-gnu/qt5/mkspecs/linux-g++/qmake.conf
#
# qmake configuration for linux-clang
#

MAKEFILE_GENERATOR = UNIX
CONFIG += incremental

QMAKE_INCREMENTAL_STYLE = sublib

include(../common/linux.conf)
include(../common/gcc-base-unix.conf)
include(../common/clang.conf)

QMAKE_LFLAGS += -ccc-gcc-name g++

load(qt_config)
+ export QMAKESPEC=/usr/lib/x86_64-linux-gnu/qt5/mkspecs/linux-clang/
+ QMAKESPEC=/usr/lib/x86_64-linux-gnu/qt5/mkspecs/linux-clang/
+ sed -i -e 's|compare_problem(2,|compare_problem(0,|g' /usr/bin/dpkg-gensymbols
+ sed -i -e 's|compare_problem(1,|compare_problem(0,|g' /usr/bin/dpkg-gensymbols
+ grep 'compare_problem(' /usr/bin/dpkg-gensymbols
        compare_problem(4, g_('new libraries appeared in the symbols file: %s'), "@libs");
        compare_problem(3, g_('some libraries disappeared in the symbols file: %s'), "@libs");
        compare_problem(0, g_('some new symbols appeared in the symbols file: %s'),
        compare_problem(0, g_('some symbols or patterns disappeared in the symbols file: %s'),

I: Finished running '/tmp/clang13'.

Finished processing commands.
--------------------------------------------------------------------------------
I: NOTICE: Log filtering will replace 'build/uhub-4yuBcT/resolver-uZfQx6' with '<<RESOLVERDIR>>'

+------------------------------------------------------------------------------+
| Update chroot                                                                |
+------------------------------------------------------------------------------+

Hit:1 http://127.0.0.1:12990/debian sid InRelease
Reading package lists...
Reading package lists...
Building dependency tree...
Reading state information...
Calculating upgrade...
0 upgraded, 0 newly installed, 0 to remove and 0 not upgraded.

+------------------------------------------------------------------------------+
| Fetch source files                                                           |
+------------------------------------------------------------------------------+


Check APT
---------

Checking available source versions...

Download source files with APT
------------------------------

Reading package lists...
NOTICE: 'uhub' packaging is maintained in the 'Git' version control system at:
git://github.com/tehnick/uhub-debian.git
Please use:
git clone git://github.com/tehnick/uhub-debian.git
to retrieve the latest (possibly unreleased) updates to the package.
Need to get 167 kB of source archives.
Get:1 http://127.0.0.1:12990/debian sid/main uhub 0.4.1-3.1 (dsc) [1818 B]
Get:2 http://127.0.0.1:12990/debian sid/main uhub 0.4.1-3.1 (tar) [159 kB]
Get:3 http://127.0.0.1:12990/debian sid/main uhub 0.4.1-3.1 (diff) [6240 B]
Fetched 167 kB in 0s (2119 kB/s)
Download complete and in download only mode
I: NOTICE: Log filtering will replace 'build/uhub-4yuBcT/uhub-0.4.1' with '<<PKGBUILDDIR>>'
I: NOTICE: Log filtering will replace 'build/uhub-4yuBcT' with '<<BUILDDIR>>'

+------------------------------------------------------------------------------+
| Install package build dependencies                                           |
+------------------------------------------------------------------------------+


Setup apt archive
-----------------

Merged Build-Depends: debhelper (>= 10), cmake (>= 2.8.3), fakeroot, libsqlite3-dev, libssl-dev, build-essential, fakeroot
Filtered Build-Depends: debhelper (>= 10), cmake (>= 2.8.3), fakeroot, libsqlite3-dev, libssl-dev, build-essential, fakeroot
dpkg-deb: building package 'sbuild-build-depends-main-dummy' in '/<<RESOLVERDIR>>/apt_archive/sbuild-build-depends-main-dummy.deb'.
Ign:1 copy:/<<RESOLVERDIR>>/apt_archive ./ InRelease
Get:2 copy:/<<RESOLVERDIR>>/apt_archive ./ Release [957 B]
Ign:3 copy:/<<RESOLVERDIR>>/apt_archive ./ Release.gpg
Get:4 copy:/<<RESOLVERDIR>>/apt_archive ./ Sources [392 B]
Get:5 copy:/<<RESOLVERDIR>>/apt_archive ./ Packages [476 B]
Fetched 1825 B in 0s (0 B/s)
Reading package lists...
Reading package lists...

Install main build dependencies (apt-based resolver)
----------------------------------------------------

Installing build dependencies
Reading package lists...
Building dependency tree...
Reading state information...
The following additional packages will be installed:
  autoconf automake autopoint autotools-dev bsdextrautils cmake cmake-data
  debhelper dh-autoreconf dh-elpa-helper dh-strip-nondeterminism dwz
  emacsen-common file gettext gettext-base groff-base intltool-debian
  libarchive-zip-perl libarchive13 libbrotli1 libcurl4 libdebhelper-perl
  libelf1 libexpat1 libfile-stripnondeterminism-perl libjsoncpp24
  libldap-2.4-2 libmagic-mgc libmagic1 libncurses6 libncursesw6 libnghttp2-14
  libpipeline1 libprocps8 libpsl5 librhash0 librtmp1 libsasl2-2
  libsasl2-modules-db libsigsegv2 libsqlite3-0 libsqlite3-dev libssh2-1
  libssl-dev libsub-override-perl libtool libuchardet0 libuv1 m4 man-db
  po-debconf procps sensible-utils
Suggested packages:
  autoconf-archive gnu-standards autoconf-doc cmake-doc ninja-build dh-make
  gettext-doc libasprintf-dev libgettextpo-dev groff lrzip sqlite3-doc
  libssl-doc libtool-doc gfortran | fortran95-compiler gcj-jdk m4-doc apparmor
  less www-browser libmail-box-perl
Recommended packages:
  curl | wget | lynx ca-certificates libarchive-cpio-perl libldap-common
  libgpm2 publicsuffix libsasl2-modules libltdl-dev libmail-sendmail-perl
  psmisc
The following NEW packages will be installed:
  autoconf automake autopoint autotools-dev bsdextrautils cmake cmake-data
  debhelper dh-autoreconf dh-elpa-helper dh-strip-nondeterminism dwz
  emacsen-common file gettext gettext-base groff-base intltool-debian
  libarchive-zip-perl libarchive13 libbrotli1 libcurl4 libdebhelper-perl
  libelf1 libexpat1 libfile-stripnondeterminism-perl libjsoncpp24
  libldap-2.4-2 libmagic-mgc libmagic1 libncurses6 libncursesw6 libnghttp2-14
  libpipeline1 libprocps8 libpsl5 librhash0 librtmp1 libsasl2-2
  libsasl2-modules-db libsigsegv2 libsqlite3-0 libsqlite3-dev libssh2-1
  libssl-dev libsub-override-perl libtool libuchardet0 libuv1 m4 man-db
  po-debconf procps sbuild-build-depends-main-dummy sensible-utils
0 upgraded, 55 newly installed, 0 to remove and 0 not upgraded.
Need to get 25.4 MB of archives.
After this operation, 89.2 MB of additional disk space will be used.
Get:1 copy:/<<RESOLVERDIR>>/apt_archive ./ sbuild-build-depends-main-dummy 0.invalid.0 [900 B]
Get:2 http://127.0.0.1:12990/debian sid/main amd64 bsdextrautils amd64 2.37.2-4 [143 kB]
Get:3 http://127.0.0.1:12990/debian sid/main amd64 libuchardet0 amd64 0.0.7-1 [67.8 kB]
Get:4 http://127.0.0.1:12990/debian sid/main amd64 groff-base amd64 1.22.4-7 [935 kB]
Get:5 http://127.0.0.1:12990/debian sid/main amd64 libpipeline1 amd64 1.5.3-1 [34.3 kB]
Get:6 http://127.0.0.1:12990/debian sid/main amd64 man-db amd64 2.9.4-2 [1354 kB]
Get:7 http://127.0.0.1:12990/debian sid/main amd64 libncurses6 amd64 6.2+20210905-1 [102 kB]
Get:8 http://127.0.0.1:12990/debian sid/main amd64 libncursesw6 amd64 6.2+20210905-1 [133 kB]
Get:9 http://127.0.0.1:12990/debian sid/main amd64 libprocps8 amd64 2:3.3.17-5 [63.9 kB]
Get:10 http://127.0.0.1:12990/debian sid/main amd64 procps amd64 2:3.3.17-5 [502 kB]
Get:11 http://127.0.0.1:12990/debian sid/main amd64 sensible-utils all 0.0.17 [21.5 kB]
Get:12 http://127.0.0.1:12990/debian sid/main amd64 libmagic-mgc amd64 1:5.39-3 [273 kB]
Get:13 http://127.0.0.1:12990/debian sid/main amd64 libmagic1 amd64 1:5.39-3 [126 kB]
Get:14 http://127.0.0.1:12990/debian sid/main amd64 file amd64 1:5.39-3 [69.1 kB]
Get:15 http://127.0.0.1:12990/debian sid/main amd64 gettext-base amd64 0.21-4 [175 kB]
Get:16 http://127.0.0.1:12990/debian sid/main amd64 libsigsegv2 amd64 2.13-1 [34.8 kB]
Get:17 http://127.0.0.1:12990/debian sid/main amd64 m4 amd64 1.4.18-5 [204 kB]
Get:18 http://127.0.0.1:12990/debian sid/main amd64 autoconf all 2.71-2 [343 kB]
Get:19 http://127.0.0.1:12990/debian sid/main amd64 autotools-dev all 20180224.1+nmu1 [77.1 kB]
Get:20 http://127.0.0.1:12990/debian sid/main amd64 automake all 1:1.16.5-1 [823 kB]
Get:21 http://127.0.0.1:12990/debian sid/main amd64 autopoint all 0.21-4 [510 kB]
Get:22 http://127.0.0.1:12990/debian sid/main amd64 libarchive13 amd64 3.4.3-2+b1 [343 kB]
Get:23 http://127.0.0.1:12990/debian sid/main amd64 libbrotli1 amd64 1.0.9-2+b2 [279 kB]
Get:24 http://127.0.0.1:12990/debian sid/main amd64 libsasl2-modules-db amd64 2.1.27+dfsg-2.1 [69.1 kB]
Get:25 http://127.0.0.1:12990/debian sid/main amd64 libsasl2-2 amd64 2.1.27+dfsg-2.1 [106 kB]
Get:26 http://127.0.0.1:12990/debian sid/main amd64 libldap-2.4-2 amd64 2.4.59+dfsg-1 [232 kB]
Get:27 http://127.0.0.1:12990/debian sid/main amd64 libnghttp2-14 amd64 1.43.0-1 [77.1 kB]
Get:28 http://127.0.0.1:12990/debian sid/main amd64 libpsl5 amd64 0.21.0-1.2 [57.3 kB]
Get:29 http://127.0.0.1:12990/debian sid/main amd64 librtmp1 amd64 2.4+20151223.gitfa8646d.1-2+b2 [60.8 kB]
Get:30 http://127.0.0.1:12990/debian sid/main amd64 libssh2-1 amd64 1.10.0-2 [178 kB]
Get:31 http://127.0.0.1:12990/debian sid/main amd64 libcurl4 amd64 7.74.0-1.3+b1 [341 kB]
Get:32 http://127.0.0.1:12990/debian sid/main amd64 libexpat1 amd64 2.4.1-3 [104 kB]
Get:33 http://127.0.0.1:12990/debian sid/main amd64 libjsoncpp24 amd64 1.9.4-5 [78.8 kB]
Get:34 http://127.0.0.1:12990/debian sid/main amd64 librhash0 amd64 1.4.2-1 [129 kB]
Get:35 http://127.0.0.1:12990/debian sid/main amd64 libuv1 amd64 1.42.0-1 [135 kB]
Get:36 http://127.0.0.1:12990/debian sid/main amd64 dh-elpa-helper all 2.0.9 [11.2 kB]
Get:37 http://127.0.0.1:12990/debian sid/main amd64 emacsen-common all 3.0.4 [19.3 kB]
Get:38 http://127.0.0.1:12990/debian sid/main amd64 cmake-data all 3.21.3-5 [1878 kB]
Get:39 http://127.0.0.1:12990/debian sid/main amd64 cmake amd64 3.21.3-5 [7907 kB]
Get:40 http://127.0.0.1:12990/debian sid/main amd64 libdebhelper-perl all 13.5.2 [192 kB]
Get:41 http://127.0.0.1:12990/debian sid/main amd64 libtool all 2.4.6-15 [513 kB]
Get:42 http://127.0.0.1:12990/debian sid/main amd64 dh-autoreconf all 20 [17.1 kB]
Get:43 http://127.0.0.1:12990/debian sid/main amd64 libarchive-zip-perl all 1.68-1 [104 kB]
Get:44 http://127.0.0.1:12990/debian sid/main amd64 libsub-override-perl all 0.09-2 [10.2 kB]
Get:45 http://127.0.0.1:12990/debian sid/main amd64 libfile-stripnondeterminism-perl all 1.12.0-2 [26.3 kB]
Get:46 http://127.0.0.1:12990/debian sid/main amd64 dh-strip-nondeterminism all 1.12.0-2 [15.5 kB]
Get:47 http://127.0.0.1:12990/debian sid/main amd64 libelf1 amd64 0.185-2 [172 kB]
Get:48 http://127.0.0.1:12990/debian sid/main amd64 dwz amd64 0.14-1 [98.3 kB]
Get:49 http://127.0.0.1:12990/debian sid/main amd64 gettext amd64 0.21-4 [1311 kB]
Get:50 http://127.0.0.1:12990/debian sid/main amd64 intltool-debian all 0.35.0+20060710.5 [26.8 kB]
Get:51 http://127.0.0.1:12990/debian sid/main amd64 po-debconf all 1.0.21+nmu1 [248 kB]
Get:52 http://127.0.0.1:12990/debian sid/main amd64 debhelper all 13.5.2 [1056 kB]
Get:53 http://127.0.0.1:12990/debian sid/main amd64 libsqlite3-0 amd64 3.36.0-2 [815 kB]
Get:54 http://127.0.0.1:12990/debian sid/main amd64 libsqlite3-dev amd64 3.36.0-2 [984 kB]
Get:55 http://127.0.0.1:12990/debian sid/main amd64 libssl-dev amd64 1.1.1l-1 [1809 kB]
debconf: delaying package configuration, since apt-utils is not installed
Fetched 25.4 MB in 0s (147 MB/s)
Selecting previously unselected package bsdextrautils.
(Reading database ... 14273 files and directories currently installed.)
Preparing to unpack .../00-bsdextrautils_2.37.2-4_amd64.deb ...
Unpacking bsdextrautils (2.37.2-4) ...
Selecting previously unselected package libuchardet0:amd64.
Preparing to unpack .../01-libuchardet0_0.0.7-1_amd64.deb ...
Unpacking libuchardet0:amd64 (0.0.7-1) ...
Selecting previously unselected package groff-base.
Preparing to unpack .../02-groff-base_1.22.4-7_amd64.deb ...
Unpacking groff-base (1.22.4-7) ...
Selecting previously unselected package libpipeline1:amd64.
Preparing to unpack .../03-libpipeline1_1.5.3-1_amd64.deb ...
Unpacking libpipeline1:amd64 (1.5.3-1) ...
Selecting previously unselected package man-db.
Preparing to unpack .../04-man-db_2.9.4-2_amd64.deb ...
Unpacking man-db (2.9.4-2) ...
Selecting previously unselected package libncurses6:amd64.
Preparing to unpack .../05-libncurses6_6.2+20210905-1_amd64.deb ...
Unpacking libncurses6:amd64 (6.2+20210905-1) ...
Selecting previously unselected package libncursesw6:amd64.
Preparing to unpack .../06-libncursesw6_6.2+20210905-1_amd64.deb ...
Unpacking libncursesw6:amd64 (6.2+20210905-1) ...
Selecting previously unselected package libprocps8:amd64.
Preparing to unpack .../07-libprocps8_2%3a3.3.17-5_amd64.deb ...
Unpacking libprocps8:amd64 (2:3.3.17-5) ...
Selecting previously unselected package procps.
Preparing to unpack .../08-procps_2%3a3.3.17-5_amd64.deb ...
Unpacking procps (2:3.3.17-5) ...
Selecting previously unselected package sensible-utils.
Preparing to unpack .../09-sensible-utils_0.0.17_all.deb ...
Unpacking sensible-utils (0.0.17) ...
Selecting previously unselected package libmagic-mgc.
Preparing to unpack .../10-libmagic-mgc_1%3a5.39-3_amd64.deb ...
Unpacking libmagic-mgc (1:5.39-3) ...
Selecting previously unselected package libmagic1:amd64.
Preparing to unpack .../11-libmagic1_1%3a5.39-3_amd64.deb ...
Unpacking libmagic1:amd64 (1:5.39-3) ...
Selecting previously unselected package file.
Preparing to unpack .../12-file_1%3a5.39-3_amd64.deb ...
Unpacking file (1:5.39-3) ...
Selecting previously unselected package gettext-base.
Preparing to unpack .../13-gettext-base_0.21-4_amd64.deb ...
Unpacking gettext-base (0.21-4) ...
Selecting previously unselected package libsigsegv2:amd64.
Preparing to unpack .../14-libsigsegv2_2.13-1_amd64.deb ...
Unpacking libsigsegv2:amd64 (2.13-1) ...
Selecting previously unselected package m4.
Preparing to unpack .../15-m4_1.4.18-5_amd64.deb ...
Unpacking m4 (1.4.18-5) ...
Selecting previously unselected package autoconf.
Preparing to unpack .../16-autoconf_2.71-2_all.deb ...
Unpacking autoconf (2.71-2) ...
Selecting previously unselected package autotools-dev.
Preparing to unpack .../17-autotools-dev_20180224.1+nmu1_all.deb ...
Unpacking autotools-dev (20180224.1+nmu1) ...
Selecting previously unselected package automake.
Preparing to unpack .../18-automake_1%3a1.16.5-1_all.deb ...
Unpacking automake (1:1.16.5-1) ...
Selecting previously unselected package autopoint.
Preparing to unpack .../19-autopoint_0.21-4_all.deb ...
Unpacking autopoint (0.21-4) ...
Selecting previously unselected package libarchive13:amd64.
Preparing to unpack .../20-libarchive13_3.4.3-2+b1_amd64.deb ...
Unpacking libarchive13:amd64 (3.4.3-2+b1) ...
Selecting previously unselected package libbrotli1:amd64.
Preparing to unpack .../21-libbrotli1_1.0.9-2+b2_amd64.deb ...
Unpacking libbrotli1:amd64 (1.0.9-2+b2) ...
Selecting previously unselected package libsasl2-modules-db:amd64.
Preparing to unpack .../22-libsasl2-modules-db_2.1.27+dfsg-2.1_amd64.deb ...
Unpacking libsasl2-modules-db:amd64 (2.1.27+dfsg-2.1) ...
Selecting previously unselected package libsasl2-2:amd64.
Preparing to unpack .../23-libsasl2-2_2.1.27+dfsg-2.1_amd64.deb ...
Unpacking libsasl2-2:amd64 (2.1.27+dfsg-2.1) ...
Selecting previously unselected package libldap-2.4-2:amd64.
Preparing to unpack .../24-libldap-2.4-2_2.4.59+dfsg-1_amd64.deb ...
Unpacking libldap-2.4-2:amd64 (2.4.59+dfsg-1) ...
Selecting previously unselected package libnghttp2-14:amd64.
Preparing to unpack .../25-libnghttp2-14_1.43.0-1_amd64.deb ...
Unpacking libnghttp2-14:amd64 (1.43.0-1) ...
Selecting previously unselected package libpsl5:amd64.
Preparing to unpack .../26-libpsl5_0.21.0-1.2_amd64.deb ...
Unpacking libpsl5:amd64 (0.21.0-1.2) ...
Selecting previously unselected package librtmp1:amd64.
Preparing to unpack .../27-librtmp1_2.4+20151223.gitfa8646d.1-2+b2_amd64.deb ...
Unpacking librtmp1:amd64 (2.4+20151223.gitfa8646d.1-2+b2) ...
Selecting previously unselected package libssh2-1:amd64.
Preparing to unpack .../28-libssh2-1_1.10.0-2_amd64.deb ...
Unpacking libssh2-1:amd64 (1.10.0-2) ...
Selecting previously unselected package libcurl4:amd64.
Preparing to unpack .../29-libcurl4_7.74.0-1.3+b1_amd64.deb ...
Unpacking libcurl4:amd64 (7.74.0-1.3+b1) ...
Selecting previously unselected package libexpat1:amd64.
Preparing to unpack .../30-libexpat1_2.4.1-3_amd64.deb ...
Unpacking libexpat1:amd64 (2.4.1-3) ...
Selecting previously unselected package libjsoncpp24:amd64.
Preparing to unpack .../31-libjsoncpp24_1.9.4-5_amd64.deb ...
Unpacking libjsoncpp24:amd64 (1.9.4-5) ...
Selecting previously unselected package librhash0:amd64.
Preparing to unpack .../32-librhash0_1.4.2-1_amd64.deb ...
Unpacking librhash0:amd64 (1.4.2-1) ...
Selecting previously unselected package libuv1:amd64.
Preparing to unpack .../33-libuv1_1.42.0-1_amd64.deb ...
Unpacking libuv1:amd64 (1.42.0-1) ...
Selecting previously unselected package dh-elpa-helper.
Preparing to unpack .../34-dh-elpa-helper_2.0.9_all.deb ...
Unpacking dh-elpa-helper (2.0.9) ...
Selecting previously unselected package emacsen-common.
Preparing to unpack .../35-emacsen-common_3.0.4_all.deb ...
Unpacking emacsen-common (3.0.4) ...
Selecting previously unselected package cmake-data.
Preparing to unpack .../36-cmake-data_3.21.3-5_all.deb ...
Unpacking cmake-data (3.21.3-5) ...
Selecting previously unselected package cmake.
Preparing to unpack .../37-cmake_3.21.3-5_amd64.deb ...
Unpacking cmake (3.21.3-5) ...
Selecting previously unselected package libdebhelper-perl.
Preparing to unpack .../38-libdebhelper-perl_13.5.2_all.deb ...
Unpacking libdebhelper-perl (13.5.2) ...
Selecting previously unselected package libtool.
Preparing to unpack .../39-libtool_2.4.6-15_all.deb ...
Unpacking libtool (2.4.6-15) ...
Selecting previously unselected package dh-autoreconf.
Preparing to unpack .../40-dh-autoreconf_20_all.deb ...
Unpacking dh-autoreconf (20) ...
Selecting previously unselected package libarchive-zip-perl.
Preparing to unpack .../41-libarchive-zip-perl_1.68-1_all.deb ...
Unpacking libarchive-zip-perl (1.68-1) ...
Selecting previously unselected package libsub-override-perl.
Preparing to unpack .../42-libsub-override-perl_0.09-2_all.deb ...
Unpacking libsub-override-perl (0.09-2) ...
Selecting previously unselected package libfile-stripnondeterminism-perl.
Preparing to unpack .../43-libfile-stripnondeterminism-perl_1.12.0-2_all.deb ...
Unpacking libfile-stripnondeterminism-perl (1.12.0-2) ...
Selecting previously unselected package dh-strip-nondeterminism.
Preparing to unpack .../44-dh-strip-nondeterminism_1.12.0-2_all.deb ...
Unpacking dh-strip-nondeterminism (1.12.0-2) ...
Selecting previously unselected package libelf1:amd64.
Preparing to unpack .../45-libelf1_0.185-2_amd64.deb ...
Unpacking libelf1:amd64 (0.185-2) ...
Selecting previously unselected package dwz.
Preparing to unpack .../46-dwz_0.14-1_amd64.deb ...
Unpacking dwz (0.14-1) ...
Selecting previously unselected package gettext.
Preparing to unpack .../47-gettext_0.21-4_amd64.deb ...
Unpacking gettext (0.21-4) ...
Selecting previously unselected package intltool-debian.
Preparing to unpack .../48-intltool-debian_0.35.0+20060710.5_all.deb ...
Unpacking intltool-debian (0.35.0+20060710.5) ...
Selecting previously unselected package po-debconf.
Preparing to unpack .../49-po-debconf_1.0.21+nmu1_all.deb ...
Unpacking po-debconf (1.0.21+nmu1) ...
Selecting previously unselected package debhelper.
Preparing to unpack .../50-debhelper_13.5.2_all.deb ...
Unpacking debhelper (13.5.2) ...
Selecting previously unselected package libsqlite3-0:amd64.
Preparing to unpack .../51-libsqlite3-0_3.36.0-2_amd64.deb ...
Unpacking libsqlite3-0:amd64 (3.36.0-2) ...
Selecting previously unselected package libsqlite3-dev:amd64.
Preparing to unpack .../52-libsqlite3-dev_3.36.0-2_amd64.deb ...
Unpacking libsqlite3-dev:amd64 (3.36.0-2) ...
Selecting previously unselected package libssl-dev:amd64.
Preparing to unpack .../53-libssl-dev_1.1.1l-1_amd64.deb ...
Unpacking libssl-dev:amd64 (1.1.1l-1) ...
Selecting previously unselected package sbuild-build-depends-main-dummy.
Preparing to unpack .../54-sbuild-build-depends-main-dummy_0.invalid.0_amd64.deb ...
Unpacking sbuild-build-depends-main-dummy (0.invalid.0) ...
Setting up libexpat1:amd64 (2.4.1-3) ...
Setting up libpipeline1:amd64 (1.5.3-1) ...
Setting up libpsl5:amd64 (0.21.0-1.2) ...
Setting up bsdextrautils (2.37.2-4) ...
update-alternatives: using /usr/bin/write.ul to provide /usr/bin/write (write) in auto mode
Setting up libmagic-mgc (1:5.39-3) ...
Setting up libarchive13:amd64 (3.4.3-2+b1) ...
Setting up libarchive-zip-perl (1.68-1) ...
Setting up libdebhelper-perl (13.5.2) ...
Setting up libbrotli1:amd64 (1.0.9-2+b2) ...
Setting up libsqlite3-0:amd64 (3.36.0-2) ...
Setting up libnghttp2-14:amd64 (1.43.0-1) ...
Setting up libmagic1:amd64 (1:5.39-3) ...
Setting up gettext-base (0.21-4) ...
Setting up file (1:5.39-3) ...
Setting up libsasl2-modules-db:amd64 (2.1.27+dfsg-2.1) ...
Setting up autotools-dev (20180224.1+nmu1) ...
Setting up libuv1:amd64 (1.42.0-1) ...
Setting up emacsen-common (3.0.4) ...
Setting up libsqlite3-dev:amd64 (3.36.0-2) ...
Setting up librtmp1:amd64 (2.4+20151223.gitfa8646d.1-2+b2) ...
Setting up dh-elpa-helper (2.0.9) ...
Setting up libncurses6:amd64 (6.2+20210905-1) ...
Setting up libsigsegv2:amd64 (2.13-1) ...
Setting up libssl-dev:amd64 (1.1.1l-1) ...
Setting up autopoint (0.21-4) ...
Setting up libncursesw6:amd64 (6.2+20210905-1) ...
Setting up libsasl2-2:amd64 (2.1.27+dfsg-2.1) ...
Setting up libjsoncpp24:amd64 (1.9.4-5) ...
Setting up sensible-utils (0.0.17) ...
Setting up librhash0:amd64 (1.4.2-1) ...
Setting up libuchardet0:amd64 (0.0.7-1) ...
Setting up libsub-override-perl (0.09-2) ...
Setting up libssh2-1:amd64 (1.10.0-2) ...
Setting up cmake-data (3.21.3-5) ...
Setting up libelf1:amd64 (0.185-2) ...
Setting up libprocps8:amd64 (2:3.3.17-5) ...
Setting up libfile-stripnondeterminism-perl (1.12.0-2) ...
Setting up gettext (0.21-4) ...
Setting up libtool (2.4.6-15) ...
Setting up libldap-2.4-2:amd64 (2.4.59+dfsg-1) ...
Setting up m4 (1.4.18-5) ...
Setting up intltool-debian (0.35.0+20060710.5) ...
Setting up autoconf (2.71-2) ...
Setting up dh-strip-nondeterminism (1.12.0-2) ...
Setting up dwz (0.14-1) ...
Setting up groff-base (1.22.4-7) ...
Setting up procps (2:3.3.17-5) ...
Setting up libcurl4:amd64 (7.74.0-1.3+b1) ...
Setting up automake (1:1.16.5-1) ...
update-alternatives: using /usr/bin/automake-1.16 to provide /usr/bin/automake (automake) in auto mode
Setting up po-debconf (1.0.21+nmu1) ...
Setting up man-db (2.9.4-2) ...
Not building database; man-db/auto-update is not 'true'.
Setting up dh-autoreconf (20) ...
Setting up cmake (3.21.3-5) ...
Setting up debhelper (13.5.2) ...
Setting up sbuild-build-depends-main-dummy (0.invalid.0) ...
Processing triggers for libc-bin (2.32-4) ...

+------------------------------------------------------------------------------+
| Check architectures                                                          |
+------------------------------------------------------------------------------+

Arch check ok (amd64 included in any)

+------------------------------------------------------------------------------+
| Build environment                                                            |
+------------------------------------------------------------------------------+

Kernel: Linux 4.19.0-6-cloud-amd64 #1 SMP Debian 4.19.67-2+deb10u2 (2019-11-11) amd64 (x86_64)
Toolchain package versions: binutils_2.37-7 dpkg-dev_1.20.9 g++-11_11.2.0-10 gcc-11_11.2.0-10 libc6-dev_2.32-4 libstdc++-11-dev_11.2.0-10 libstdc++6_11.2.0-10 linux-libc-dev_5.14.12-1
Package versions: adduser_3.118 apt_2.3.11 autoconf_2.71-2 automake_1:1.16.5-1 autopoint_0.21-4 autotools-dev_20180224.1+nmu1 base-files_12 base-passwd_3.5.52 bash_5.1-3+b2 binutils_2.37-7 binutils-common_2.37-7 binutils-x86-64-linux-gnu_2.37-7 bsdextrautils_2.37.2-4 bsdutils_1:2.37.2-4 build-essential_12.9 bzip2_1.0.8-4 clang-13_1:13.0.0-8 cmake_3.21.3-5 cmake-data_3.21.3-5 coreutils_8.32-4+b1 cpp_4:11.2.0-2 cpp-11_11.2.0-10 dash_0.5.11+git20210120+802ebd4-2 debconf_1.5.78 debhelper_13.5.2 debian-archive-keyring_2021.1.1 debianutils_5.5-1 dh-autoreconf_20 dh-elpa-helper_2.0.9 dh-strip-nondeterminism_1.12.0-2 diffutils_1:3.7-5 dpkg_1.20.9 dpkg-dev_1.20.9 dwz_0.14-1 e2fsprogs_1.46.4-1 emacsen-common_3.0.4 fakeroot_1.26-1 file_1:5.39-3 findutils_4.8.0-1 g++_4:11.2.0-2 g++-11_11.2.0-10 gcc_4:11.2.0-2 gcc-10-base_10.3.0-11 gcc-11_11.2.0-10 gcc-11-base_11.2.0-10 gcc-9-base_9.4.0-3 gettext_0.21-4 gettext-base_0.21-4 gpgv_2.2.27-2 grep_3.7-1 groff-base_1.22.4-7 gzip_1.10-4 hostname_3.23 init-system-helpers_1.60 intltool-debian_0.35.0+20060710.5 lib32gcc-s1_11.2.0-10 lib32stdc++6_11.2.0-10 libacl1_2.3.1-1 libapt-pkg6.0_2.3.11 libarchive-zip-perl_1.68-1 libarchive13_3.4.3-2+b1 libasan5_9.4.0-3 libasan6_11.2.0-10 libatomic1_11.2.0-10 libattr1_1:2.5.1-1 libaudit-common_1:3.0.6-1 libaudit1_1:3.0.6-1 libbinutils_2.37-7 libblkid1_2.37.2-4 libbrotli1_1.0.9-2+b2 libbsd0_0.11.3-1 libbz2-1.0_1.0.8-4 libc-bin_2.32-4 libc-dev-bin_2.32-4 libc6_2.32-4 libc6-dev_2.32-4 libc6-i386_2.32-4 libcap-ng0_0.7.9-2.2+b1 libcap2_1:2.44-1 libcc1-0_11.2.0-10 libclang-common-13-dev_1:13.0.0-8 libclang-cpp13_1:13.0.0-8 libclang1-13_1:13.0.0-8 libcom-err2_1.46.4-1 libcrypt-dev_1:4.4.25-2 libcrypt1_1:4.4.25-2 libctf-nobfd0_2.37-7 libctf0_2.37-7 libcurl4_7.74.0-1.3+b1 libdb5.3_5.3.28+dfsg1-0.8 libdebconfclient0_0.260 libdebhelper-perl_13.5.2 libdpkg-perl_1.20.9 libedit2_3.1-20210910-1 libelf1_0.185-2 libexpat1_2.4.1-3 libext2fs2_1.46.4-1 libfakeroot_1.26-1 libffi8_3.4.2-3 libfile-stripnondeterminism-perl_1.12.0-2 libgc1_1:8.0.4-3 libgcc-11-dev_11.2.0-10 libgcc-9-dev_9.4.0-3 libgcc-s1_11.2.0-10 libgcrypt20_1.9.4-3+b1 libgdbm-compat4_1.22-1 libgdbm6_1.22-1 libgmp10_2:6.2.1+dfsg-2 libgnutls30_3.7.2-2 libgomp1_11.2.0-10 libgpg-error0_1.42-3 libgssapi-krb5-2_1.18.3-7 libhogweed6_3.7.3-1 libicu67_67.1-7 libidn2-0_2.3.2-2 libisl23_0.24-2 libitm1_11.2.0-10 libjsoncpp24_1.9.4-5 libk5crypto3_1.18.3-7 libkeyutils1_1.6.1-2 libkrb5-3_1.18.3-7 libkrb5support0_1.18.3-7 libldap-2.4-2_2.4.59+dfsg-1 libllvm13_1:13.0.0-8 liblsan0_11.2.0-10 liblz4-1_1.9.3-2 liblzma5_5.2.5-2 libmagic-mgc_1:5.39-3 libmagic1_1:5.39-3 libmd0_1.0.4-1 libmount1_2.37.2-4 libmpc3_1.2.1-1 libmpfr6_4.1.0-3 libncurses6_6.2+20210905-1 libncursesw6_6.2+20210905-1 libnettle8_3.7.3-1 libnghttp2-14_1.43.0-1 libnsl-dev_1.3.0-2 libnsl2_1.3.0-2 libobjc-11-dev_11.2.0-10 libobjc-9-dev_9.4.0-3 libobjc4_11.2.0-10 libomp-13-dev_1:13.0.0-8 libomp5-13_1:13.0.0-8 libp11-kit0_0.24.0-5 libpam-modules_1.4.0-10 libpam-modules-bin_1.4.0-10 libpam-runtime_1.4.0-10 libpam0g_1.4.0-10 libpcre2-8-0_10.36-2 libpcre3_2:8.39-13 libperl5.32_5.32.1-6 libpipeline1_1.5.3-1 libprocps8_2:3.3.17-5 libpsl5_0.21.0-1.2 libquadmath0_11.2.0-10 librhash0_1.4.2-1 librtmp1_2.4+20151223.gitfa8646d.1-2+b2 libsasl2-2_2.1.27+dfsg-2.1 libsasl2-modules-db_2.1.27+dfsg-2.1 libseccomp2_2.5.2-2 libselinux1_3.1-3 libsemanage-common_3.1-1 libsemanage1_3.1-1+b2 libsepol1_3.1-1 libsigsegv2_2.13-1 libsmartcols1_2.37.2-4 libsqlite3-0_3.36.0-2 libsqlite3-dev_3.36.0-2 libss2_1.46.4-1 libssh2-1_1.10.0-2 libssl-dev_1.1.1l-1 libssl1.1_1.1.1l-1 libstdc++-11-dev_11.2.0-10 libstdc++6_11.2.0-10 libsub-override-perl_0.09-2 libsystemd0_249.5-1 libtasn1-6_4.17.0-2 libtinfo6_6.2+20210905-1 libtirpc-common_1.3.2-2 libtirpc-dev_1.3.2-2 libtirpc3_1.3.2-2 libtool_2.4.6-15 libtsan0_11.2.0-10 libubsan1_11.2.0-10 libuchardet0_0.0.7-1 libudev1_249.5-1 libunistring2_0.9.10-6 libuuid1_2.37.2-4 libuv1_1.42.0-1 libxml2_2.9.12+dfsg-5 libxxhash0_0.8.0-2 libz3-4_4.8.12-1+b1 libzstd1_1.4.8+dfsg-3 linux-libc-dev_5.14.12-1 login_1:4.8.1-1 logsave_1.46.4-1 lsb-base_11.1.0 m4_1.4.18-5 make_4.3-4.1 man-db_2.9.4-2 mawk_1.3.4.20200120-2 mount_2.37.2-4 ncurses-base_6.2+20210905-1 ncurses-bin_6.2+20210905-1 passwd_1:4.8.1-1 patch_2.7.6-7 perl_5.32.1-6 perl-base_5.32.1-6 perl-modules-5.32_5.32.1-6 po-debconf_1.0.21+nmu1 procps_2:3.3.17-5 qt5-qmake_5.15.2+dfsg-12 qt5-qmake-bin_5.15.2+dfsg-12 qtchooser_66-2 rpcsvc-proto_1.4.2-4 sbuild-build-depends-main-dummy_0.invalid.0 sed_4.8-1 sensible-utils_0.0.17 sysvinit-utils_3.00-1 tar_1.34+dfsg-1 tzdata_2021e-1 util-linux_2.37.2-4 xz-utils_5.2.5-2 zlib1g_1:1.2.11.dfsg-2

+------------------------------------------------------------------------------+
| Build                                                                        |
+------------------------------------------------------------------------------+


Unpack source
-------------

-----BEGIN PGP SIGNED MESSAGE-----
Hash: SHA256

Format: 3.0 (quilt)
Source: uhub
Binary: uhub
Architecture: any
Version: 0.4.1-3.1
Maintainer: Boris Pek <tehnick-8@mail.ru>
Homepage: http://www.uhub.org/
Standards-Version: 3.9.8
Vcs-Browser: https://github.com/tehnick/uhub-debian
Vcs-Git: git://github.com/tehnick/uhub-debian.git
Build-Depends: debhelper (>= 10), cmake (>= 2.8.3), fakeroot, libsqlite3-dev, libssl-dev
Package-List:
 uhub deb net optional arch=any
Checksums-Sha1:
 66cb713775635e99cdc6d84112d6a1afab55af2a 159152 uhub_0.4.1.orig.tar.xz
 dd42c56afefaad764d74f094a824bd0b2d67b339 6240 uhub_0.4.1-3.1.debian.tar.xz
Checksums-Sha256:
 73953785fa3063af8612366404453c6e10d3582ba9a84297d194ef6444fd2703 159152 uhub_0.4.1.orig.tar.xz
 d51603d17c0e19131ebb948bef3402f9c62ac527dcfde301c9f6547ed90201fe 6240 uhub_0.4.1-3.1.debian.tar.xz
Files:
 660b8243206191216414e4c72cb7abc5 159152 uhub_0.4.1.orig.tar.xz
 d9fc5fde4f9ef01ebd91d8f51343f729 6240 uhub_0.4.1-3.1.debian.tar.xz

-----BEGIN PGP SIGNATURE-----

iQIzBAEBCAAdFiEENX3LDuyVoBrrofDS3mO5xwTr6e8FAlhcqWcACgkQ3mO5xwTr
6e/3pw//b7kiLUkZ+uitYGUwcHcYataj3s1kf8yvQONtgxvJgsHL/bRi3qWoR8OU
HDhLItckA6aHkh0SlvESN4vXSmFicttHi23/zTY9qZH+Xw+LEk01D5EXGeuWYDrh
Y8era8Mn/niMOTAPg0FpPUniZX2avBFUBWzT/pM7Wo5Ih24iyO615399xZAY7Ea/
XITKpYAHGIVy2Xz049/rVWxBZmPCgeWV3HLXm19peP4xPgJeyWqbOBni7rjZRgNr
3yjULGmoJ9dfrRHzDHF6IBRRECItiqqsHSnVEKQkqFxB1whMjMabtU0X2D7qLL15
vfuyon569r5z9mQbNpI6w7Tlhknu6f0jALwL0hkOzbeha/Z56zjIDXnbgk8Qr4gC
Xcm8e8864k2Ef/azOoQMn/sY1mRYzZ/1wz7/WX5iXsQvcBKHWhRnz00jVPZTG3Yx
SG6BmOPL/oL+N1yuPNGWQK1DHNf/wL1WhvMuvXdXwmAxaDlI6mAfHXZ2KYk0831n
Pk7DDJAqsU+RaUNoYHRemt3CBrTL9Q61j5tGPrN/N6y4cquEdyQrBUXkdcAd863O
PnbYYGjhvp/kvI/kL4UC1l/dnKdDOy8p19qt9iRtWa9spmwHrrHzYgmopuhAbmwJ
rxav710v4hwk7tUCidDxIz9vqT5un7TKim82/JVI63T2tFYqNxg=
=GItF
-----END PGP SIGNATURE-----

gpgv: unknown type of key resource 'trustedkeys.kbx'
gpgv: keyblock resource '/tmp/dpkg-verify-sig.QmstjCNY/trustedkeys.kbx': General error
gpgv: Signature made Fri Dec 23 04:34:47 2016 UTC
gpgv:                using RSA key 357DCB0EEC95A01AEBA1F0D2DE63B9C704EBE9EF
gpgv: Can't check signature: No public key
dpkg-source: warning: failed to verify signature on ./uhub_0.4.1-3.1.dsc
dpkg-source: info: extracting uhub in /<<PKGBUILDDIR>>
dpkg-source: info: unpacking uhub_0.4.1.orig.tar.xz
dpkg-source: info: unpacking uhub_0.4.1-3.1.debian.tar.xz
dpkg-source: info: using patch list from debian/patches/series
dpkg-source: info: applying fix-build-on-hurd-i386
dpkg-source: info: applying openssl1.1.patch

Check disk space
----------------

Sufficient free space for build

User Environment
----------------

APT_CONFIG=/var/lib/sbuild/apt.conf
HOME=/sbuild-nonexistent
LANG=C.UTF-8
LC_ALL=C.UTF-8
LOGNAME=user42
PATH=/usr/local/sbin:/usr/local/bin:/usr/sbin:/usr/bin:/sbin:/bin:/usr/games
SCHROOT_ALIAS_NAME=unstable
SCHROOT_CHROOT_NAME=sid-amd64-sbuild
SCHROOT_COMMAND=env
SCHROOT_GID=1001
SCHROOT_GROUP=user42
SCHROOT_SESSION_ID=sid-amd64-sbuild-05aae931-bb4e-4a4f-94fc-818782d23641
SCHROOT_UID=1001
SCHROOT_USER=user42
SHELL=/bin/sh
USER=user42

dpkg-buildpackage
-----------------

Command: dpkg-buildpackage -us -uc -b -rfakeroot
dpkg-buildpackage: info: source package uhub
dpkg-buildpackage: info: source version 0.4.1-3.1
dpkg-buildpackage: info: source distribution unstable
dpkg-buildpackage: info: source changed by Joao Eriberto Mota Filho <eriberto@debian.org>
 dpkg-source --before-build .
dpkg-buildpackage: info: host architecture amd64
 fakeroot debian/rules clean
dh clean --parallel
   debian/rules override_dh_auto_clean
make[1]: Entering directory '/<<PKGBUILDDIR>>'
dh_auto_clean
rm -f /<<PKGBUILDDIR>>/src/version.h
make[1]: Leaving directory '/<<PKGBUILDDIR>>'
   dh_clean
 debian/rules build
dh build --parallel
   dh_update_autotools_config
   dh_autoreconf
   dh_auto_configure
	cd obj-x86_64-linux-gnu && cmake -DCMAKE_INSTALL_PREFIX=/usr -DCMAKE_BUILD_TYPE=None -DCMAKE_INSTALL_SYSCONFDIR=/etc -DCMAKE_INSTALL_LOCALSTATEDIR=/var -DCMAKE_EXPORT_NO_PACKAGE_REGISTRY=ON -DCMAKE_FIND_USE_PACKAGE_REGISTRY=OFF -DCMAKE_FIND_PACKAGE_NO_PACKAGE_REGISTRY=ON "-GUnix Makefiles" -DCMAKE_VERBOSE_MAKEFILE=ON -DCMAKE_INSTALL_LIBDIR=lib/x86_64-linux-gnu ..
CMake Deprecation Warning at CMakeLists.txt:6 (cmake_minimum_required):
  Compatibility with CMake < 2.8.12 will be removed from a future version of
  CMake.

  Update the VERSION argument <min> value or use a ...<max> suffix to tell
  CMake that the project does not need compatibility with older versions.


-- The C compiler identification is Clang 13.0.0
-- Detecting C compiler ABI info
-- Detecting C compiler ABI info - done
-- Check for working C compiler: /usr/bin/cc - skipped
-- Detecting C compile features
-- Detecting C compile features - done
-- Could NOT find Git (missing: GIT_EXECUTABLE) 
-- Found OpenSSL: /usr/lib/x86_64-linux-gnu/libcrypto.so (found version "1.1.1l")  
-- Configuring uhub version: 0.4.1-release
-- Configuring done
-- Generating done
CMake Warning:
  Manually-specified variables were not used by the project:

    CMAKE_EXPORT_NO_PACKAGE_REGISTRY
    CMAKE_FIND_PACKAGE_NO_PACKAGE_REGISTRY
    CMAKE_INSTALL_LIBDIR
    CMAKE_INSTALL_LOCALSTATEDIR
    CMAKE_INSTALL_SYSCONFDIR


-- Build files have been written to: /<<PKGBUILDDIR>>/obj-x86_64-linux-gnu
   dh_auto_build
	cd obj-x86_64-linux-gnu && make -j4 VERBOSE=1
make[1]: Entering directory '/<<PKGBUILDDIR>>/obj-x86_64-linux-gnu'
/usr/bin/cmake -S/<<PKGBUILDDIR>> -B/<<PKGBUILDDIR>>/obj-x86_64-linux-gnu --check-build-system CMakeFiles/Makefile.cmake 0
/usr/bin/cmake -E cmake_progress_start /<<PKGBUILDDIR>>/obj-x86_64-linux-gnu/CMakeFiles /<<PKGBUILDDIR>>/obj-x86_64-linux-gnu//CMakeFiles/progress.marks
make  -f CMakeFiles/Makefile2 all
make[2]: Entering directory '/<<PKGBUILDDIR>>/obj-x86_64-linux-gnu'
make  -f CMakeFiles/utils.dir/build.make CMakeFiles/utils.dir/depend
make  -f CMakeFiles/adcclient.dir/build.make CMakeFiles/adcclient.dir/depend
make[3]: Entering directory '/<<PKGBUILDDIR>>/obj-x86_64-linux-gnu'
cd /<<PKGBUILDDIR>>/obj-x86_64-linux-gnu && /usr/bin/cmake -E cmake_depends "Unix Makefiles" /<<PKGBUILDDIR>> /<<PKGBUILDDIR>> /<<PKGBUILDDIR>>/obj-x86_64-linux-gnu /<<PKGBUILDDIR>>/obj-x86_64-linux-gnu /<<PKGBUILDDIR>>/obj-x86_64-linux-gnu/CMakeFiles/adcclient.dir/DependInfo.cmake --color=
make[3]: Entering directory '/<<PKGBUILDDIR>>/obj-x86_64-linux-gnu'
cd /<<PKGBUILDDIR>>/obj-x86_64-linux-gnu && /usr/bin/cmake -E cmake_depends "Unix Makefiles" /<<PKGBUILDDIR>> /<<PKGBUILDDIR>> /<<PKGBUILDDIR>>/obj-x86_64-linux-gnu /<<PKGBUILDDIR>>/obj-x86_64-linux-gnu /<<PKGBUILDDIR>>/obj-x86_64-linux-gnu/CMakeFiles/utils.dir/DependInfo.cmake --color=
make[3]: Leaving directory '/<<PKGBUILDDIR>>/obj-x86_64-linux-gnu'
make  -f CMakeFiles/adcclient.dir/build.make CMakeFiles/adcclient.dir/build
make[3]: Leaving directory '/<<PKGBUILDDIR>>/obj-x86_64-linux-gnu'
make  -f CMakeFiles/utils.dir/build.make CMakeFiles/utils.dir/build
make[3]: Entering directory '/<<PKGBUILDDIR>>/obj-x86_64-linux-gnu'
make[3]: Entering directory '/<<PKGBUILDDIR>>/obj-x86_64-linux-gnu'
[  1%] Building C object CMakeFiles/utils.dir/src/util/cbuffer.c.o
[  3%] Building C object CMakeFiles/adcclient.dir/src/tools/adcclient.c.o
[  3%] Building C object CMakeFiles/adcclient.dir/src/core/ioqueue.c.o
/usr/bin/cc -DSSL_SUPPORT=1 -DSSL_USE_OPENSSL=1 -I/<<PKGBUILDDIR>>/src -g -O2 -ffile-prefix-map=/<<PKGBUILDDIR>>=. -fstack-protector-strong -Wformat -Werror=format-security -Wdate-time -D_FORTIFY_SOURCE=2 -Wdate-time -D_FORTIFY_SOURCE=2 -O3 -DNDEBUG -MD -MT CMakeFiles/utils.dir/src/util/cbuffer.c.o -MF CMakeFiles/utils.dir/src/util/cbuffer.c.o.d -o CMakeFiles/utils.dir/src/util/cbuffer.c.o -c /<<PKGBUILDDIR>>/src/util/cbuffer.c
/usr/bin/cc -DSSL_SUPPORT=1 -DSSL_USE_OPENSSL=1 -I/<<PKGBUILDDIR>>/src -g -O2 -ffile-prefix-map=/<<PKGBUILDDIR>>=. -fstack-protector-strong -Wformat -Werror=format-security -Wdate-time -D_FORTIFY_SOURCE=2 -Wdate-time -D_FORTIFY_SOURCE=2 -O3 -DNDEBUG -MD -MT CMakeFiles/adcclient.dir/src/core/ioqueue.c.o -MF CMakeFiles/adcclient.dir/src/core/ioqueue.c.o.d -o CMakeFiles/adcclient.dir/src/core/ioqueue.c.o -c /<<PKGBUILDDIR>>/src/core/ioqueue.c
/usr/bin/cc -DSSL_SUPPORT=1 -DSSL_USE_OPENSSL=1 -I/<<PKGBUILDDIR>>/src -g -O2 -ffile-prefix-map=/<<PKGBUILDDIR>>=. -fstack-protector-strong -Wformat -Werror=format-security -Wdate-time -D_FORTIFY_SOURCE=2 -Wdate-time -D_FORTIFY_SOURCE=2 -O3 -DNDEBUG -MD -MT CMakeFiles/adcclient.dir/src/tools/adcclient.c.o -MF CMakeFiles/adcclient.dir/src/tools/adcclient.c.o.d -o CMakeFiles/adcclient.dir/src/tools/adcclient.c.o -c /<<PKGBUILDDIR>>/src/tools/adcclient.c
[  4%] Building C object CMakeFiles/utils.dir/src/util/config_token.c.o
/usr/bin/cc -DSSL_SUPPORT=1 -DSSL_USE_OPENSSL=1 -I/<<PKGBUILDDIR>>/src -g -O2 -ffile-prefix-map=/<<PKGBUILDDIR>>=. -fstack-protector-strong -Wformat -Werror=format-security -Wdate-time -D_FORTIFY_SOURCE=2 -Wdate-time -D_FORTIFY_SOURCE=2 -O3 -DNDEBUG -MD -MT CMakeFiles/utils.dir/src/util/config_token.c.o -MF CMakeFiles/utils.dir/src/util/config_token.c.o.d -o CMakeFiles/utils.dir/src/util/config_token.c.o -c /<<PKGBUILDDIR>>/src/util/config_token.c
/<<PKGBUILDDIR>>/src/tools/adcclient.c:178:5: warning: implicit declaration of function 'ADC_client_connect_internal' is invalid in C99 [-Wimplicit-function-declaration]
                                ADC_client_connect_internal(client);
                                ^
/<<PKGBUILDDIR>>/src/tools/adcclient.c:583:9: warning: implicit declaration of function 'ADC_client_connect_internal' is invalid in C99 [-Wimplicit-function-declaration]
        return ADC_client_connect_internal(client);
               ^
[  5%] Building C object CMakeFiles/utils.dir/src/util/floodctl.c.o
/usr/bin/cc -DSSL_SUPPORT=1 -DSSL_USE_OPENSSL=1 -I/<<PKGBUILDDIR>>/src -g -O2 -ffile-prefix-map=/<<PKGBUILDDIR>>=. -fstack-protector-strong -Wformat -Werror=format-security -Wdate-time -D_FORTIFY_SOURCE=2 -Wdate-time -D_FORTIFY_SOURCE=2 -O3 -DNDEBUG -MD -MT CMakeFiles/utils.dir/src/util/floodctl.c.o -MF CMakeFiles/utils.dir/src/util/floodctl.c.o.d -o CMakeFiles/utils.dir/src/util/floodctl.c.o -c /<<PKGBUILDDIR>>/src/util/floodctl.c
[  6%] Building C object CMakeFiles/utils.dir/src/util/credentials.c.o
/usr/bin/cc -DSSL_SUPPORT=1 -DSSL_USE_OPENSSL=1 -I/<<PKGBUILDDIR>>/src -g -O2 -ffile-prefix-map=/<<PKGBUILDDIR>>=. -fstack-protector-strong -Wformat -Werror=format-security -Wdate-time -D_FORTIFY_SOURCE=2 -Wdate-time -D_FORTIFY_SOURCE=2 -O3 -DNDEBUG -MD -MT CMakeFiles/utils.dir/src/util/credentials.c.o -MF CMakeFiles/utils.dir/src/util/credentials.c.o.d -o CMakeFiles/utils.dir/src/util/credentials.c.o -c /<<PKGBUILDDIR>>/src/util/credentials.c
[  7%] Building C object CMakeFiles/utils.dir/src/util/getopt.c.o
/usr/bin/cc -DSSL_SUPPORT=1 -DSSL_USE_OPENSSL=1 -I/<<PKGBUILDDIR>>/src -g -O2 -ffile-prefix-map=/<<PKGBUILDDIR>>=. -fstack-protector-strong -Wformat -Werror=format-security -Wdate-time -D_FORTIFY_SOURCE=2 -Wdate-time -D_FORTIFY_SOURCE=2 -O3 -DNDEBUG -MD -MT CMakeFiles/utils.dir/src/util/getopt.c.o -MF CMakeFiles/utils.dir/src/util/getopt.c.o.d -o CMakeFiles/utils.dir/src/util/getopt.c.o -c /<<PKGBUILDDIR>>/src/util/getopt.c
2 warnings generated.
[  8%] Linking C static library libadcclient.a
/usr/bin/cmake -P CMakeFiles/adcclient.dir/cmake_clean_target.cmake
/usr/bin/cmake -E cmake_link_script CMakeFiles/adcclient.dir/link.txt --verbose=1
/usr/bin/ar qc libadcclient.a CMakeFiles/adcclient.dir/src/tools/adcclient.c.o CMakeFiles/adcclient.dir/src/core/ioqueue.c.o
/usr/bin/ranlib libadcclient.a
make[3]: Leaving directory '/<<PKGBUILDDIR>>/obj-x86_64-linux-gnu'
[  8%] Built target adcclient
[  9%] Building C object CMakeFiles/utils.dir/src/util/list.c.o
/usr/bin/cc -DSSL_SUPPORT=1 -DSSL_USE_OPENSSL=1 -I/<<PKGBUILDDIR>>/src -g -O2 -ffile-prefix-map=/<<PKGBUILDDIR>>=. -fstack-protector-strong -Wformat -Werror=format-security -Wdate-time -D_FORTIFY_SOURCE=2 -Wdate-time -D_FORTIFY_SOURCE=2 -O3 -DNDEBUG -MD -MT CMakeFiles/utils.dir/src/util/list.c.o -MF CMakeFiles/utils.dir/src/util/list.c.o.d -o CMakeFiles/utils.dir/src/util/list.c.o -c /<<PKGBUILDDIR>>/src/util/list.c
[ 10%] Building C object CMakeFiles/utils.dir/src/util/log.c.o
/usr/bin/cc -DSSL_SUPPORT=1 -DSSL_USE_OPENSSL=1 -I/<<PKGBUILDDIR>>/src -g -O2 -ffile-prefix-map=/<<PKGBUILDDIR>>=. -fstack-protector-strong -Wformat -Werror=format-security -Wdate-time -D_FORTIFY_SOURCE=2 -Wdate-time -D_FORTIFY_SOURCE=2 -O3 -DNDEBUG -MD -MT CMakeFiles/utils.dir/src/util/log.c.o -MF CMakeFiles/utils.dir/src/util/log.c.o.d -o CMakeFiles/utils.dir/src/util/log.c.o -c /<<PKGBUILDDIR>>/src/util/log.c
[ 11%] Building C object CMakeFiles/utils.dir/src/util/memory.c.o
/usr/bin/cc -DSSL_SUPPORT=1 -DSSL_USE_OPENSSL=1 -I/<<PKGBUILDDIR>>/src -g -O2 -ffile-prefix-map=/<<PKGBUILDDIR>>=. -fstack-protector-strong -Wformat -Werror=format-security -Wdate-time -D_FORTIFY_SOURCE=2 -Wdate-time -D_FORTIFY_SOURCE=2 -O3 -DNDEBUG -MD -MT CMakeFiles/utils.dir/src/util/memory.c.o -MF CMakeFiles/utils.dir/src/util/memory.c.o.d -o CMakeFiles/utils.dir/src/util/memory.c.o -c /<<PKGBUILDDIR>>/src/util/memory.c
[ 13%] Building C object CMakeFiles/utils.dir/src/util/misc.c.o
/usr/bin/cc -DSSL_SUPPORT=1 -DSSL_USE_OPENSSL=1 -I/<<PKGBUILDDIR>>/src -g -O2 -ffile-prefix-map=/<<PKGBUILDDIR>>=. -fstack-protector-strong -Wformat -Werror=format-security -Wdate-time -D_FORTIFY_SOURCE=2 -Wdate-time -D_FORTIFY_SOURCE=2 -O3 -DNDEBUG -MD -MT CMakeFiles/utils.dir/src/util/misc.c.o -MF CMakeFiles/utils.dir/src/util/misc.c.o.d -o CMakeFiles/utils.dir/src/util/misc.c.o -c /<<PKGBUILDDIR>>/src/util/misc.c
[ 14%] Building C object CMakeFiles/utils.dir/src/util/rbtree.c.o
/usr/bin/cc -DSSL_SUPPORT=1 -DSSL_USE_OPENSSL=1 -I/<<PKGBUILDDIR>>/src -g -O2 -ffile-prefix-map=/<<PKGBUILDDIR>>=. -fstack-protector-strong -Wformat -Werror=format-security -Wdate-time -D_FORTIFY_SOURCE=2 -Wdate-time -D_FORTIFY_SOURCE=2 -O3 -DNDEBUG -MD -MT CMakeFiles/utils.dir/src/util/rbtree.c.o -MF CMakeFiles/utils.dir/src/util/rbtree.c.o.d -o CMakeFiles/utils.dir/src/util/rbtree.c.o -c /<<PKGBUILDDIR>>/src/util/rbtree.c
[ 15%] Building C object CMakeFiles/utils.dir/src/util/threads.c.o
/usr/bin/cc -DSSL_SUPPORT=1 -DSSL_USE_OPENSSL=1 -I/<<PKGBUILDDIR>>/src -g -O2 -ffile-prefix-map=/<<PKGBUILDDIR>>=. -fstack-protector-strong -Wformat -Werror=format-security -Wdate-time -D_FORTIFY_SOURCE=2 -Wdate-time -D_FORTIFY_SOURCE=2 -O3 -DNDEBUG -MD -MT CMakeFiles/utils.dir/src/util/threads.c.o -MF CMakeFiles/utils.dir/src/util/threads.c.o.d -o CMakeFiles/utils.dir/src/util/threads.c.o -c /<<PKGBUILDDIR>>/src/util/threads.c
[ 16%] Building C object CMakeFiles/utils.dir/src/util/tiger.c.o
/usr/bin/cc -DSSL_SUPPORT=1 -DSSL_USE_OPENSSL=1 -I/<<PKGBUILDDIR>>/src -g -O2 -ffile-prefix-map=/<<PKGBUILDDIR>>=. -fstack-protector-strong -Wformat -Werror=format-security -Wdate-time -D_FORTIFY_SOURCE=2 -Wdate-time -D_FORTIFY_SOURCE=2 -O3 -DNDEBUG -MD -MT CMakeFiles/utils.dir/src/util/tiger.c.o -MF CMakeFiles/utils.dir/src/util/tiger.c.o.d -o CMakeFiles/utils.dir/src/util/tiger.c.o -c /<<PKGBUILDDIR>>/src/util/tiger.c
[ 17%] Linking C static library libutils.a
/usr/bin/cmake -P CMakeFiles/utils.dir/cmake_clean_target.cmake
/usr/bin/cmake -E cmake_link_script CMakeFiles/utils.dir/link.txt --verbose=1
/usr/bin/ar qc libutils.a CMakeFiles/utils.dir/src/util/cbuffer.c.o CMakeFiles/utils.dir/src/util/config_token.c.o CMakeFiles/utils.dir/src/util/credentials.c.o CMakeFiles/utils.dir/src/util/floodctl.c.o CMakeFiles/utils.dir/src/util/getopt.c.o CMakeFiles/utils.dir/src/util/list.c.o CMakeFiles/utils.dir/src/util/log.c.o CMakeFiles/utils.dir/src/util/memory.c.o CMakeFiles/utils.dir/src/util/misc.c.o CMakeFiles/utils.dir/src/util/rbtree.c.o CMakeFiles/utils.dir/src/util/threads.c.o CMakeFiles/utils.dir/src/util/tiger.c.o
/usr/bin/ranlib libutils.a
make[3]: Leaving directory '/<<PKGBUILDDIR>>/obj-x86_64-linux-gnu'
[ 17%] Built target utils
make  -f CMakeFiles/network.dir/build.make CMakeFiles/network.dir/depend
make[3]: Entering directory '/<<PKGBUILDDIR>>/obj-x86_64-linux-gnu'
cd /<<PKGBUILDDIR>>/obj-x86_64-linux-gnu && /usr/bin/cmake -E cmake_depends "Unix Makefiles" /<<PKGBUILDDIR>> /<<PKGBUILDDIR>> /<<PKGBUILDDIR>>/obj-x86_64-linux-gnu /<<PKGBUILDDIR>>/obj-x86_64-linux-gnu /<<PKGBUILDDIR>>/obj-x86_64-linux-gnu/CMakeFiles/network.dir/DependInfo.cmake --color=
make[3]: Leaving directory '/<<PKGBUILDDIR>>/obj-x86_64-linux-gnu'
make  -f CMakeFiles/network.dir/build.make CMakeFiles/network.dir/build
make[3]: Entering directory '/<<PKGBUILDDIR>>/obj-x86_64-linux-gnu'
[ 19%] Building C object CMakeFiles/network.dir/src/network/connection.c.o
[ 19%] Building C object CMakeFiles/network.dir/src/network/backend.c.o
[ 21%] Building C object CMakeFiles/network.dir/src/network/dnsresolver.c.o
/usr/bin/cc -DSSL_SUPPORT=1 -DSSL_USE_OPENSSL=1 -I/<<PKGBUILDDIR>>/src -g -O2 -ffile-prefix-map=/<<PKGBUILDDIR>>=. -fstack-protector-strong -Wformat -Werror=format-security -Wdate-time -D_FORTIFY_SOURCE=2 -Wdate-time -D_FORTIFY_SOURCE=2 -O3 -DNDEBUG -MD -MT CMakeFiles/network.dir/src/network/backend.c.o -MF CMakeFiles/network.dir/src/network/backend.c.o.d -o CMakeFiles/network.dir/src/network/backend.c.o -c /<<PKGBUILDDIR>>/src/network/backend.c
[ 21%] Building C object CMakeFiles/network.dir/src/network/epoll.c.o
/usr/bin/cc -DSSL_SUPPORT=1 -DSSL_USE_OPENSSL=1 -I/<<PKGBUILDDIR>>/src -g -O2 -ffile-prefix-map=/<<PKGBUILDDIR>>=. -fstack-protector-strong -Wformat -Werror=format-security -Wdate-time -D_FORTIFY_SOURCE=2 -Wdate-time -D_FORTIFY_SOURCE=2 -O3 -DNDEBUG -MD -MT CMakeFiles/network.dir/src/network/connection.c.o -MF CMakeFiles/network.dir/src/network/connection.c.o.d -o CMakeFiles/network.dir/src/network/connection.c.o -c /<<PKGBUILDDIR>>/src/network/connection.c
/usr/bin/cc -DSSL_SUPPORT=1 -DSSL_USE_OPENSSL=1 -I/<<PKGBUILDDIR>>/src -g -O2 -ffile-prefix-map=/<<PKGBUILDDIR>>=. -fstack-protector-strong -Wformat -Werror=format-security -Wdate-time -D_FORTIFY_SOURCE=2 -Wdate-time -D_FORTIFY_SOURCE=2 -O3 -DNDEBUG -MD -MT CMakeFiles/network.dir/src/network/dnsresolver.c.o -MF CMakeFiles/network.dir/src/network/dnsresolver.c.o.d -o CMakeFiles/network.dir/src/network/dnsresolver.c.o -c /<<PKGBUILDDIR>>/src/network/dnsresolver.c
/usr/bin/cc -DSSL_SUPPORT=1 -DSSL_USE_OPENSSL=1 -I/<<PKGBUILDDIR>>/src -g -O2 -ffile-prefix-map=/<<PKGBUILDDIR>>=. -fstack-protector-strong -Wformat -Werror=format-security -Wdate-time -D_FORTIFY_SOURCE=2 -Wdate-time -D_FORTIFY_SOURCE=2 -O3 -DNDEBUG -MD -MT CMakeFiles/network.dir/src/network/epoll.c.o -MF CMakeFiles/network.dir/src/network/epoll.c.o.d -o CMakeFiles/network.dir/src/network/epoll.c.o -c /<<PKGBUILDDIR>>/src/network/epoll.c
[ 22%] Building C object CMakeFiles/network.dir/src/network/ipcalc.c.o
/usr/bin/cc -DSSL_SUPPORT=1 -DSSL_USE_OPENSSL=1 -I/<<PKGBUILDDIR>>/src -g -O2 -ffile-prefix-map=/<<PKGBUILDDIR>>=. -fstack-protector-strong -Wformat -Werror=format-security -Wdate-time -D_FORTIFY_SOURCE=2 -Wdate-time -D_FORTIFY_SOURCE=2 -O3 -DNDEBUG -MD -MT CMakeFiles/network.dir/src/network/ipcalc.c.o -MF CMakeFiles/network.dir/src/network/ipcalc.c.o.d -o CMakeFiles/network.dir/src/network/ipcalc.c.o -c /<<PKGBUILDDIR>>/src/network/ipcalc.c
[ 23%] Building C object CMakeFiles/network.dir/src/network/kqueue.c.o
/usr/bin/cc -DSSL_SUPPORT=1 -DSSL_USE_OPENSSL=1 -I/<<PKGBUILDDIR>>/src -g -O2 -ffile-prefix-map=/<<PKGBUILDDIR>>=. -fstack-protector-strong -Wformat -Werror=format-security -Wdate-time -D_FORTIFY_SOURCE=2 -Wdate-time -D_FORTIFY_SOURCE=2 -O3 -DNDEBUG -MD -MT CMakeFiles/network.dir/src/network/kqueue.c.o -MF CMakeFiles/network.dir/src/network/kqueue.c.o.d -o CMakeFiles/network.dir/src/network/kqueue.c.o -c /<<PKGBUILDDIR>>/src/network/kqueue.c
[ 25%] Building C object CMakeFiles/network.dir/src/network/network.c.o
/usr/bin/cc -DSSL_SUPPORT=1 -DSSL_USE_OPENSSL=1 -I/<<PKGBUILDDIR>>/src -g -O2 -ffile-prefix-map=/<<PKGBUILDDIR>>=. -fstack-protector-strong -Wformat -Werror=format-security -Wdate-time -D_FORTIFY_SOURCE=2 -Wdate-time -D_FORTIFY_SOURCE=2 -O3 -DNDEBUG -MD -MT CMakeFiles/network.dir/src/network/network.c.o -MF CMakeFiles/network.dir/src/network/network.c.o.d -o CMakeFiles/network.dir/src/network/network.c.o -c /<<PKGBUILDDIR>>/src/network/network.c
[ 26%] Building C object CMakeFiles/network.dir/src/network/openssl.c.o
/usr/bin/cc -DSSL_SUPPORT=1 -DSSL_USE_OPENSSL=1 -I/<<PKGBUILDDIR>>/src -g -O2 -ffile-prefix-map=/<<PKGBUILDDIR>>=. -fstack-protector-strong -Wformat -Werror=format-security -Wdate-time -D_FORTIFY_SOURCE=2 -Wdate-time -D_FORTIFY_SOURCE=2 -O3 -DNDEBUG -MD -MT CMakeFiles/network.dir/src/network/openssl.c.o -MF CMakeFiles/network.dir/src/network/openssl.c.o.d -o CMakeFiles/network.dir/src/network/openssl.c.o -c /<<PKGBUILDDIR>>/src/network/openssl.c
[ 27%] Building C object CMakeFiles/network.dir/src/network/select.c.o
/usr/bin/cc -DSSL_SUPPORT=1 -DSSL_USE_OPENSSL=1 -I/<<PKGBUILDDIR>>/src -g -O2 -ffile-prefix-map=/<<PKGBUILDDIR>>=. -fstack-protector-strong -Wformat -Werror=format-security -Wdate-time -D_FORTIFY_SOURCE=2 -Wdate-time -D_FORTIFY_SOURCE=2 -O3 -DNDEBUG -MD -MT CMakeFiles/network.dir/src/network/select.c.o -MF CMakeFiles/network.dir/src/network/select.c.o.d -o CMakeFiles/network.dir/src/network/select.c.o -c /<<PKGBUILDDIR>>/src/network/select.c
/<<PKGBUILDDIR>>/src/network/openssl.c:68:2: warning: 'ERR_remove_state' is deprecated [-Wdeprecated-declarations]
        ERR_remove_state(0);
        ^
/usr/include/openssl/err.h:261:1: note: 'ERR_remove_state' has been explicitly marked deprecated here
DEPRECATEDIN_1_0_0(void ERR_remove_state(unsigned long pid))
^
/usr/include/x86_64-linux-gnu/openssl/opensslconf.h:166:34: note: expanded from macro 'DEPRECATEDIN_1_0_0'
# define DEPRECATEDIN_1_0_0(f)   DECLARE_DEPRECATED(f)
                                 ^
/usr/include/x86_64-linux-gnu/openssl/opensslconf.h:118:55: note: expanded from macro 'DECLARE_DEPRECATED'
#   define DECLARE_DEPRECATED(f)    f __attribute__ ((deprecated));
                                                      ^
/<<PKGBUILDDIR>>/src/network/openssl.c:70:2: warning: implicit declaration of function 'CONF_modules_unload' is invalid in C99 [-Wimplicit-function-declaration]
        CONF_modules_unload(1);
        ^
/<<PKGBUILDDIR>>/src/network/openssl.c:184:1: warning: non-void function does not return a value in all control paths [-Wreturn-type]
}
^
/<<PKGBUILDDIR>>/src/network/openssl.c:243:37: warning: 'TLSv1_method' is deprecated [-Wdeprecated-declarations]
                handle->ssl = SSL_new(SSL_CTX_new(TLSv1_method()));
                                                  ^
/usr/include/openssl/ssl.h:1877:1: note: 'TLSv1_method' has been explicitly marked deprecated here
DEPRECATEDIN_1_1_0(__owur const SSL_METHOD *TLSv1_method(void)) /* TLSv1.0 */
^
/usr/include/x86_64-linux-gnu/openssl/opensslconf.h:160:34: note: expanded from macro 'DEPRECATEDIN_1_1_0'
# define DEPRECATEDIN_1_1_0(f)   DECLARE_DEPRECATED(f)
                                 ^
/usr/include/x86_64-linux-gnu/openssl/opensslconf.h:118:55: note: expanded from macro 'DECLARE_DEPRECATED'
#   define DECLARE_DEPRECATED(f)    f __attribute__ ((deprecated));
                                                      ^
4 warnings generated.
[ 28%] Building C object CMakeFiles/network.dir/src/network/timeout.c.o
/usr/bin/cc -DSSL_SUPPORT=1 -DSSL_USE_OPENSSL=1 -I/<<PKGBUILDDIR>>/src -g -O2 -ffile-prefix-map=/<<PKGBUILDDIR>>=. -fstack-protector-strong -Wformat -Werror=format-security -Wdate-time -D_FORTIFY_SOURCE=2 -Wdate-time -D_FORTIFY_SOURCE=2 -O3 -DNDEBUG -MD -MT CMakeFiles/network.dir/src/network/timeout.c.o -MF CMakeFiles/network.dir/src/network/timeout.c.o.d -o CMakeFiles/network.dir/src/network/timeout.c.o -c /<<PKGBUILDDIR>>/src/network/timeout.c
[ 29%] Building C object CMakeFiles/network.dir/src/network/timer.c.o
/usr/bin/cc -DSSL_SUPPORT=1 -DSSL_USE_OPENSSL=1 -I/<<PKGBUILDDIR>>/src -g -O2 -ffile-prefix-map=/<<PKGBUILDDIR>>=. -fstack-protector-strong -Wformat -Werror=format-security -Wdate-time -D_FORTIFY_SOURCE=2 -Wdate-time -D_FORTIFY_SOURCE=2 -O3 -DNDEBUG -MD -MT CMakeFiles/network.dir/src/network/timer.c.o -MF CMakeFiles/network.dir/src/network/timer.c.o.d -o CMakeFiles/network.dir/src/network/timer.c.o -c /<<PKGBUILDDIR>>/src/network/timer.c
[ 30%] Linking C static library libnetwork.a
/usr/bin/cmake -P CMakeFiles/network.dir/cmake_clean_target.cmake
/usr/bin/cmake -E cmake_link_script CMakeFiles/network.dir/link.txt --verbose=1
/usr/bin/ar qc libnetwork.a CMakeFiles/network.dir/src/network/backend.c.o CMakeFiles/network.dir/src/network/connection.c.o CMakeFiles/network.dir/src/network/dnsresolver.c.o CMakeFiles/network.dir/src/network/epoll.c.o CMakeFiles/network.dir/src/network/ipcalc.c.o CMakeFiles/network.dir/src/network/kqueue.c.o CMakeFiles/network.dir/src/network/network.c.o CMakeFiles/network.dir/src/network/openssl.c.o CMakeFiles/network.dir/src/network/select.c.o CMakeFiles/network.dir/src/network/timeout.c.o CMakeFiles/network.dir/src/network/timer.c.o
/usr/bin/ranlib libnetwork.a
make[3]: Leaving directory '/<<PKGBUILDDIR>>/obj-x86_64-linux-gnu'
[ 30%] Built target network
make  -f CMakeFiles/adc.dir/build.make CMakeFiles/adc.dir/depend
make  -f CMakeFiles/uhub-passwd.dir/build.make CMakeFiles/uhub-passwd.dir/depend
make  -f CMakeFiles/mod_auth_sqlite.dir/build.make CMakeFiles/mod_auth_sqlite.dir/depend
make  -f CMakeFiles/mod_welcome.dir/build.make CMakeFiles/mod_welcome.dir/depend
make[3]: Entering directory '/<<PKGBUILDDIR>>/obj-x86_64-linux-gnu'
cd /<<PKGBUILDDIR>>/obj-x86_64-linux-gnu && /usr/bin/cmake -E cmake_depends "Unix Makefiles" /<<PKGBUILDDIR>> /<<PKGBUILDDIR>> /<<PKGBUILDDIR>>/obj-x86_64-linux-gnu /<<PKGBUILDDIR>>/obj-x86_64-linux-gnu /<<PKGBUILDDIR>>/obj-x86_64-linux-gnu/CMakeFiles/adc.dir/DependInfo.cmake --color=
make[3]: Entering directory '/<<PKGBUILDDIR>>/obj-x86_64-linux-gnu'
cd /<<PKGBUILDDIR>>/obj-x86_64-linux-gnu && /usr/bin/cmake -E cmake_depends "Unix Makefiles" /<<PKGBUILDDIR>> /<<PKGBUILDDIR>> /<<PKGBUILDDIR>>/obj-x86_64-linux-gnu /<<PKGBUILDDIR>>/obj-x86_64-linux-gnu /<<PKGBUILDDIR>>/obj-x86_64-linux-gnu/CMakeFiles/uhub-passwd.dir/DependInfo.cmake --color=
make[3]: Entering directory '/<<PKGBUILDDIR>>/obj-x86_64-linux-gnu'
cd /<<PKGBUILDDIR>>/obj-x86_64-linux-gnu && /usr/bin/cmake -E cmake_depends "Unix Makefiles" /<<PKGBUILDDIR>> /<<PKGBUILDDIR>> /<<PKGBUILDDIR>>/obj-x86_64-linux-gnu /<<PKGBUILDDIR>>/obj-x86_64-linux-gnu /<<PKGBUILDDIR>>/obj-x86_64-linux-gnu/CMakeFiles/mod_auth_sqlite.dir/DependInfo.cmake --color=
make[3]: Entering directory '/<<PKGBUILDDIR>>/obj-x86_64-linux-gnu'
cd /<<PKGBUILDDIR>>/obj-x86_64-linux-gnu && /usr/bin/cmake -E cmake_depends "Unix Makefiles" /<<PKGBUILDDIR>> /<<PKGBUILDDIR>> /<<PKGBUILDDIR>>/obj-x86_64-linux-gnu /<<PKGBUILDDIR>>/obj-x86_64-linux-gnu /<<PKGBUILDDIR>>/obj-x86_64-linux-gnu/CMakeFiles/mod_welcome.dir/DependInfo.cmake --color=
make[3]: Leaving directory '/<<PKGBUILDDIR>>/obj-x86_64-linux-gnu'
make  -f CMakeFiles/mod_auth_sqlite.dir/build.make CMakeFiles/mod_auth_sqlite.dir/build
make[3]: Entering directory '/<<PKGBUILDDIR>>/obj-x86_64-linux-gnu'
make[3]: Leaving directory '/<<PKGBUILDDIR>>/obj-x86_64-linux-gnu'
make[3]: Leaving directory '/<<PKGBUILDDIR>>/obj-x86_64-linux-gnu'
make  -f CMakeFiles/adc.dir/build.make CMakeFiles/adc.dir/build
make  -f CMakeFiles/uhub-passwd.dir/build.make CMakeFiles/uhub-passwd.dir/build
make[3]: Entering directory '/<<PKGBUILDDIR>>/obj-x86_64-linux-gnu'
make[3]: Entering directory '/<<PKGBUILDDIR>>/obj-x86_64-linux-gnu'
make[3]: Leaving directory '/<<PKGBUILDDIR>>/obj-x86_64-linux-gnu'
make  -f CMakeFiles/mod_welcome.dir/build.make CMakeFiles/mod_welcome.dir/build
[ 31%] Building C object CMakeFiles/mod_auth_sqlite.dir/src/plugins/mod_auth_sqlite.c.o
make[3]: Entering directory '/<<PKGBUILDDIR>>/obj-x86_64-linux-gnu'
/usr/bin/cc -DSSL_SUPPORT=1 -DSSL_USE_OPENSSL=1 -Dmod_auth_sqlite_EXPORTS -I/<<PKGBUILDDIR>>/src -g -O2 -ffile-prefix-map=/<<PKGBUILDDIR>>=. -fstack-protector-strong -Wformat -Werror=format-security -Wdate-time -D_FORTIFY_SOURCE=2 -Wdate-time -D_FORTIFY_SOURCE=2 -O3 -DNDEBUG -fPIC -MD -MT CMakeFiles/mod_auth_sqlite.dir/src/plugins/mod_auth_sqlite.c.o -MF CMakeFiles/mod_auth_sqlite.dir/src/plugins/mod_auth_sqlite.c.o.d -o CMakeFiles/mod_auth_sqlite.dir/src/plugins/mod_auth_sqlite.c.o -c /<<PKGBUILDDIR>>/src/plugins/mod_auth_sqlite.c
[ 33%] Building C object CMakeFiles/uhub-passwd.dir/src/tools/uhub-passwd.c.o
[ 33%] Building C object CMakeFiles/adc.dir/src/adc/message.c.o
/usr/bin/cc -DSSL_SUPPORT=1 -DSSL_USE_OPENSSL=1 -I/<<PKGBUILDDIR>>/src -g -O2 -ffile-prefix-map=/<<PKGBUILDDIR>>=. -fstack-protector-strong -Wformat -Werror=format-security -Wdate-time -D_FORTIFY_SOURCE=2 -Wdate-time -D_FORTIFY_SOURCE=2 -O3 -DNDEBUG -MD -MT CMakeFiles/adc.dir/src/adc/message.c.o -MF CMakeFiles/adc.dir/src/adc/message.c.o.d -o CMakeFiles/adc.dir/src/adc/message.c.o -c /<<PKGBUILDDIR>>/src/adc/message.c
/usr/bin/cc -DSSL_SUPPORT=1 -DSSL_USE_OPENSSL=1 -I/<<PKGBUILDDIR>>/src -g -O2 -ffile-prefix-map=/<<PKGBUILDDIR>>=. -fstack-protector-strong -Wformat -Werror=format-security -Wdate-time -D_FORTIFY_SOURCE=2 -Wdate-time -D_FORTIFY_SOURCE=2 -O3 -DNDEBUG -MD -MT CMakeFiles/uhub-passwd.dir/src/tools/uhub-passwd.c.o -MF CMakeFiles/uhub-passwd.dir/src/tools/uhub-passwd.c.o.d -o CMakeFiles/uhub-passwd.dir/src/tools/uhub-passwd.c.o -c /<<PKGBUILDDIR>>/src/tools/uhub-passwd.c
[ 34%] Building C object CMakeFiles/mod_welcome.dir/src/plugins/mod_welcome.c.o
/usr/bin/cc -DSSL_SUPPORT=1 -DSSL_USE_OPENSSL=1 -Dmod_welcome_EXPORTS -I/<<PKGBUILDDIR>>/src -g -O2 -ffile-prefix-map=/<<PKGBUILDDIR>>=. -fstack-protector-strong -Wformat -Werror=format-security -Wdate-time -D_FORTIFY_SOURCE=2 -Wdate-time -D_FORTIFY_SOURCE=2 -O3 -DNDEBUG -fPIC -MD -MT CMakeFiles/mod_welcome.dir/src/plugins/mod_welcome.c.o -MF CMakeFiles/mod_welcome.dir/src/plugins/mod_welcome.c.o.d -o CMakeFiles/mod_welcome.dir/src/plugins/mod_welcome.c.o -c /<<PKGBUILDDIR>>/src/plugins/mod_welcome.c
[ 35%] Linking C shared module mod_welcome.so
/usr/bin/cmake -E cmake_link_script CMakeFiles/mod_welcome.dir/link.txt --verbose=1
[ 36%] Linking C shared module mod_auth_sqlite.so
/usr/bin/cmake -E cmake_link_script CMakeFiles/mod_auth_sqlite.dir/link.txt --verbose=1
/usr/bin/cc -fPIC -g -O2 -ffile-prefix-map=/<<PKGBUILDDIR>>=. -fstack-protector-strong -Wformat -Werror=format-security -Wdate-time -D_FORTIFY_SOURCE=2 -Wdate-time -D_FORTIFY_SOURCE=2 -O3 -DNDEBUG -Wl,-z,relro -Wl,--as-needed -shared  -o mod_welcome.so CMakeFiles/mod_welcome.dir/src/plugins/mod_welcome.c.o  libutils.a libnetwork.a -lssl -lcrypto 
/usr/bin/cc -fPIC -g -O2 -ffile-prefix-map=/<<PKGBUILDDIR>>=. -fstack-protector-strong -Wformat -Werror=format-security -Wdate-time -D_FORTIFY_SOURCE=2 -Wdate-time -D_FORTIFY_SOURCE=2 -O3 -DNDEBUG -Wl,-z,relro -Wl,--as-needed -shared  -o mod_auth_sqlite.so CMakeFiles/mod_auth_sqlite.dir/src/plugins/mod_auth_sqlite.c.o  -lsqlite3 libutils.a libnetwork.a 
/usr/bin/ld: libutils.a(config_token.c.o): relocation R_X86_64_32S against `.rodata' can not be used when making a shared object; recompile with -fPIC
/usr/bin/ld: libutils.a(credentials.c.o): relocation R_X86_64_32S against `.rodata' can not be used when making a shared object; recompile with -fPIC
/usr/bin/ld: libutils.a(list.c.o): relocation R_X86_64_32 against `.rodata.str1.1' can not be used when making a shared object; recompile with -fPIC
/usr/bin/ld: libutils.a(log.c.o): relocation R_X86_64_32 against `.rodata.str1.1' can not be used when making a shared object; recompile with -fPIC
/usr/bin/ld: libutils.a(misc.c.o): relocation R_X86_64_32S against `.rodata' can not be used when making a shared object; recompile with -fPIC
clang: error: linker command failed with exit code 1 (use -v to see invocation)
make[3]: *** [CMakeFiles/mod_auth_sqlite.dir/build.make:102: mod_auth_sqlite.so] Error 1
make[3]: Leaving directory '/<<PKGBUILDDIR>>/obj-x86_64-linux-gnu'
make[2]: *** [CMakeFiles/Makefile2:198: CMakeFiles/mod_auth_sqlite.dir/all] Error 2
make[2]: *** Waiting for unfinished jobs....
/usr/bin/ld: libutils.a(cbuffer.c.o): relocation R_X86_64_32 against `.bss' can not be used when making a shared object; recompile with -fPIC
/usr/bin/ld: libutils.a(config_token.c.o): relocation R_X86_64_32S against `.rodata' can not be used when making a shared object; recompile with -fPIC
/usr/bin/ld: libutils.a(credentials.c.o): relocation R_X86_64_32S against `.rodata' can not be used when making a shared object; recompile with -fPIC
/usr/bin/ld: libutils.a(list.c.o): relocation R_X86_64_32 against `.rodata.str1.1' can not be used when making a shared object; recompile with -fPIC
/usr/bin/ld: libutils.a(log.c.o): relocation R_X86_64_32 against `.rodata.str1.1' can not be used when making a shared object; recompile with -fPIC
/usr/bin/ld: libutils.a(misc.c.o): relocation R_X86_64_32S against `.rodata' can not be used when making a shared object; recompile with -fPIC
/usr/bin/ld: libnetwork.a(ipcalc.c.o): relocation R_X86_64_32 against `.bss' can not be used when making a shared object; recompile with -fPIC
/usr/bin/ld: libnetwork.a(network.c.o): relocation R_X86_64_32 against `.rodata.str1.1' can not be used when making a shared object; recompile with -fPIC
/usr/bin/ld: libnetwork.a(openssl.c.o): relocation R_X86_64_32 against `.rodata.str1.1' can not be used when making a shared object; recompile with -fPIC
/usr/bin/ld: libnetwork.a(backend.c.o): relocation R_X86_64_32 against `.rodata.str1.1' can not be used when making a shared object; recompile with -fPIC
/usr/bin/ld: libnetwork.a(dnsresolver.c.o): relocation R_X86_64_32 against `.text' can not be used when making a shared object; recompile with -fPIC
/usr/bin/ld: libnetwork.a(epoll.c.o): relocation R_X86_64_32 against `.rodata.str1.1' can not be used when making a shared object; recompile with -fPIC
/usr/bin/ld: libnetwork.a(select.c.o): relocation R_X86_64_32 against `.rodata.str1.1' can not be used when making a shared object; recompile with -fPIC
/usr/bin/ld: libnetwork.a(timer.c.o): relocation R_X86_64_32 against `.text' can not be used when making a shared object; recompile with -fPIC
[ 38%] Building C object CMakeFiles/adc.dir/src/adc/sid.c.o
/usr/bin/cc -DSSL_SUPPORT=1 -DSSL_USE_OPENSSL=1 -I/<<PKGBUILDDIR>>/src -g -O2 -ffile-prefix-map=/<<PKGBUILDDIR>>=. -fstack-protector-strong -Wformat -Werror=format-security -Wdate-time -D_FORTIFY_SOURCE=2 -Wdate-time -D_FORTIFY_SOURCE=2 -O3 -DNDEBUG -MD -MT CMakeFiles/adc.dir/src/adc/sid.c.o -MF CMakeFiles/adc.dir/src/adc/sid.c.o.d -o CMakeFiles/adc.dir/src/adc/sid.c.o -c /<<PKGBUILDDIR>>/src/adc/sid.c
clang: error: linker command failed with exit code 1 (use -v to see invocation)
make[3]: *** [CMakeFiles/mod_welcome.dir/build.make:104: mod_welcome.so] Error 1
make[3]: Leaving directory '/<<PKGBUILDDIR>>/obj-x86_64-linux-gnu'
make[2]: *** [CMakeFiles/Makefile2:330: CMakeFiles/mod_welcome.dir/all] Error 2
[ 39%] Linking C executable uhub-passwd
/usr/bin/cmake -E cmake_link_script CMakeFiles/uhub-passwd.dir/link.txt --verbose=1
/usr/bin/cc -g -O2 -ffile-prefix-map=/<<PKGBUILDDIR>>=. -fstack-protector-strong -Wformat -Werror=format-security -Wdate-time -D_FORTIFY_SOURCE=2 -Wdate-time -D_FORTIFY_SOURCE=2 -O3 -DNDEBUG -Wl,-z,relro -Wl,--as-needed -rdynamic CMakeFiles/uhub-passwd.dir/src/tools/uhub-passwd.c.o -o uhub-passwd  -lsqlite3 libutils.a libnetwork.a 
make[3]: Leaving directory '/<<PKGBUILDDIR>>/obj-x86_64-linux-gnu'
[ 39%] Built target uhub-passwd
[ 40%] Linking C static library libadc.a
/usr/bin/cmake -P CMakeFiles/adc.dir/cmake_clean_target.cmake
/usr/bin/cmake -E cmake_link_script CMakeFiles/adc.dir/link.txt --verbose=1
/usr/bin/ar qc libadc.a CMakeFiles/adc.dir/src/adc/message.c.o CMakeFiles/adc.dir/src/adc/sid.c.o
/usr/bin/ranlib libadc.a
make[3]: Leaving directory '/<<PKGBUILDDIR>>/obj-x86_64-linux-gnu'
[ 40%] Built target adc
make[2]: Leaving directory '/<<PKGBUILDDIR>>/obj-x86_64-linux-gnu'
make[1]: *** [Makefile:139: all] Error 2
make[1]: Leaving directory '/<<PKGBUILDDIR>>/obj-x86_64-linux-gnu'
dh_auto_build: error: cd obj-x86_64-linux-gnu && make -j4 VERBOSE=1 returned exit code 2
make: *** [debian/rules:15: build] Error 25
dpkg-buildpackage: error: debian/rules build subprocess returned exit status 2
--------------------------------------------------------------------------------
Build finished at 2021-10-26T23:12:55Z

Finished
--------


+------------------------------------------------------------------------------+
| Cleanup                                                                      |
+------------------------------------------------------------------------------+

Purging /<<BUILDDIR>>
Not cleaning session: cloned chroot in use
E: Build failure (dpkg-buildpackage died)

+------------------------------------------------------------------------------+
| Summary                                                                      |
+------------------------------------------------------------------------------+

Build Architecture: amd64
Build Type: binary
Build-Space: 4804
Build-Time: 4
Distribution: unstable
Fail-Stage: build
Host Architecture: amd64
Install-Time: 7
Job: uhub_0.4.1-3.1
Machine Architecture: amd64
Package: uhub
Package-Time: 31
Source-Version: 0.4.1-3.1
Space: 4804
Status: attempted
Version: 0.4.1-3.1
--------------------------------------------------------------------------------
Finished at 2021-10-26T23:12:55Z
Build needed 00:00:31, 4804k disk space
E: Build failure (dpkg-buildpackage died)
DC-Status: Failed 32.049776106s
