DC-Build-Header: vulkan-validationlayers 1.2.189.0-1.1 / 2021-10-26 21:26:12 +0000
DC-Task: type:rebuild-binarch-only source:vulkan-validationlayers version:1.2.189.0-1.1 chroot:unstable esttime:435 logfile:/tmp/vulkan-validationlayers_1.2.189.0-1.1_unstable_clang13.log modes:clang13:binarch-only
DC-Sbuild-call: su user42 -c 'sbuild -n --arch-any --apt-update -d unstable -v --no-run-lintian --chroot-setup-commands=/tmp/clang13 vulkan-validationlayers_1.2.189.0-1.1'
sbuild (Debian sbuild) 0.78.1 (09 February 2019) on ip-172-31-10-71.eu-central-1.compute.internal

+===============================================================================+
| vulkan-validationlayers 1.2.189.0-1.1 (amd64) Tue, 26 Oct 2021 21:26:12 +0000 |
+===============================================================================+

Package: vulkan-validationlayers
Version: 1.2.189.0-1.1
Source Version: 1.2.189.0-1.1
Distribution: unstable
Machine Architecture: amd64
Host Architecture: amd64
Build Architecture: amd64
Build Type: binary

I: NOTICE: Log filtering will replace 'var/run/schroot/mount/sid-amd64-sbuild-98f4d932-ea05-4ded-bb38-613bb692f063' with '<<CHROOT>>'

+------------------------------------------------------------------------------+
| Chroot Setup Commands                                                        |
+------------------------------------------------------------------------------+


/tmp/clang13
------------

+ echo 'Entering customization script...'
Entering customization script...
+ CLANG_VERSION=13
+ echo 'Install of clang-13'
Install of clang-13
+ apt-get update
Get:1 http://127.0.0.1:12990/debian sid InRelease [165 kB]
Get:2 http://127.0.0.1:12990/debian sid/main Sources.diff/Index [63.6 kB]
Get:3 http://127.0.0.1:12990/debian sid/main amd64 Packages.diff/Index [63.6 kB]
Get:4 http://127.0.0.1:12990/debian sid/main Sources T-2021-10-26-2004.40-F-2021-10-26-0202.15.pdiff [47.3 kB]
Get:4 http://127.0.0.1:12990/debian sid/main Sources T-2021-10-26-2004.40-F-2021-10-26-0202.15.pdiff [47.3 kB]
Get:5 http://127.0.0.1:12990/debian sid/main amd64 Packages T-2021-10-26-2004.40-F-2021-10-26-0202.15.pdiff [55.9 kB]
Get:5 http://127.0.0.1:12990/debian sid/main amd64 Packages T-2021-10-26-2004.40-F-2021-10-26-0202.15.pdiff [55.9 kB]
Get:6 http://127.0.0.1:12990/debian sid/main Translation-en [6586 kB]
Fetched 6981 kB in 3s (2765 kB/s)
Reading package lists...
+ apt-get install --yes --no-install-recommends --force-yes clang-13 libomp-13-dev libobjc-9-dev
Reading package lists...
Building dependency tree...
The following additional packages will be installed:
  lib32gcc-s1 lib32stdc++6 libasan5 libbsd0 libc6-i386 libclang-common-13-dev
  libclang-cpp13 libclang1-13 libedit2 libgc1 libgcc-9-dev libicu67 libllvm13
  libmd0 libobjc-11-dev libobjc4 libomp5-13 libxml2 libz3-4
Suggested packages:
  clang-13-doc libomp-13-doc
Recommended packages:
  llvm-13-dev python3
The following NEW packages will be installed:
  clang-13 lib32gcc-s1 lib32stdc++6 libasan5 libbsd0 libc6-i386
  libclang-common-13-dev libclang-cpp13 libclang1-13 libedit2 libgc1
  libgcc-9-dev libicu67 libllvm13 libmd0 libobjc-11-dev libobjc-9-dev libobjc4
  libomp-13-dev libomp5-13 libxml2 libz3-4
0 upgraded, 22 newly installed, 0 to remove and 0 not upgraded.
Need to get 68.5 MB of archives.
After this operation, 379 MB of additional disk space will be used.
Get:1 http://127.0.0.1:12990/debian sid/main amd64 libmd0 amd64 1.0.4-1 [29.6 kB]
Get:2 http://127.0.0.1:12990/debian sid/main amd64 libbsd0 amd64 0.11.3-1 [108 kB]
Get:3 http://127.0.0.1:12990/debian sid/main amd64 libedit2 amd64 3.1-20210910-1 [97.5 kB]
Get:4 http://127.0.0.1:12990/debian sid/main amd64 libicu67 amd64 67.1-7 [8622 kB]
Get:5 http://127.0.0.1:12990/debian sid/main amd64 libxml2 amd64 2.9.12+dfsg-5 [696 kB]
Get:6 http://127.0.0.1:12990/debian sid/main amd64 libz3-4 amd64 4.8.12-1+b1 [6997 kB]
Get:7 http://127.0.0.1:12990/debian sid/main amd64 libllvm13 amd64 1:13.0.0-8 [19.7 MB]
Get:8 http://127.0.0.1:12990/debian sid/main amd64 libclang-cpp13 amd64 1:13.0.0-8 [10.5 MB]
Get:9 http://127.0.0.1:12990/debian sid/main amd64 libgc1 amd64 1:8.0.4-3 [239 kB]
Get:10 http://127.0.0.1:12990/debian sid/main amd64 libobjc4 amd64 11.2.0-10 [43.2 kB]
Get:11 http://127.0.0.1:12990/debian sid/main amd64 libobjc-11-dev amd64 11.2.0-10 [170 kB]
Get:12 http://127.0.0.1:12990/debian sid/main amd64 libc6-i386 amd64 2.32-4 [2624 kB]
Get:13 http://127.0.0.1:12990/debian sid/main amd64 lib32gcc-s1 amd64 11.2.0-10 [49.9 kB]
Get:14 http://127.0.0.1:12990/debian sid/main amd64 lib32stdc++6 amd64 11.2.0-10 [601 kB]
Get:15 http://127.0.0.1:12990/debian sid/main amd64 libclang-common-13-dev amd64 1:13.0.0-8 [5730 kB]
Get:16 http://127.0.0.1:12990/debian sid/main amd64 libclang1-13 amd64 1:13.0.0-8 [6093 kB]
Get:17 http://127.0.0.1:12990/debian sid/main amd64 clang-13 amd64 1:13.0.0-8 [119 kB]
Get:18 http://127.0.0.1:12990/debian sid/main amd64 libasan5 amd64 9.4.0-3 [2734 kB]
Get:19 http://127.0.0.1:12990/debian sid/main amd64 libgcc-9-dev amd64 9.4.0-3 [2343 kB]
Get:20 http://127.0.0.1:12990/debian sid/main amd64 libobjc-9-dev amd64 9.4.0-3 [219 kB]
Get:21 http://127.0.0.1:12990/debian sid/main amd64 libomp5-13 amd64 1:13.0.0-8 [377 kB]
Get:22 http://127.0.0.1:12990/debian sid/main amd64 libomp-13-dev amd64 1:13.0.0-8 [482 kB]
debconf: delaying package configuration, since apt-utils is not installed
Fetched 68.5 MB in 0s (138 MB/s)
Selecting previously unselected package libmd0:amd64.
(Reading database ... (Reading database ... 5%(Reading database ... 10%(Reading database ... 15%(Reading database ... 20%(Reading database ... 25%(Reading database ... 30%(Reading database ... 35%(Reading database ... 40%(Reading database ... 45%(Reading database ... 50%(Reading database ... 55%(Reading database ... 60%(Reading database ... 65%(Reading database ... 70%(Reading database ... 75%(Reading database ... 80%(Reading database ... 85%(Reading database ... 90%(Reading database ... 95%(Reading database ... 100%(Reading database ... 12431 files and directories currently installed.)
Preparing to unpack .../00-libmd0_1.0.4-1_amd64.deb ...
Unpacking libmd0:amd64 (1.0.4-1) ...
Selecting previously unselected package libbsd0:amd64.
Preparing to unpack .../01-libbsd0_0.11.3-1_amd64.deb ...
Unpacking libbsd0:amd64 (0.11.3-1) ...
Selecting previously unselected package libedit2:amd64.
Preparing to unpack .../02-libedit2_3.1-20210910-1_amd64.deb ...
Unpacking libedit2:amd64 (3.1-20210910-1) ...
Selecting previously unselected package libicu67:amd64.
Preparing to unpack .../03-libicu67_67.1-7_amd64.deb ...
Unpacking libicu67:amd64 (67.1-7) ...
Selecting previously unselected package libxml2:amd64.
Preparing to unpack .../04-libxml2_2.9.12+dfsg-5_amd64.deb ...
Unpacking libxml2:amd64 (2.9.12+dfsg-5) ...
Selecting previously unselected package libz3-4:amd64.
Preparing to unpack .../05-libz3-4_4.8.12-1+b1_amd64.deb ...
Unpacking libz3-4:amd64 (4.8.12-1+b1) ...
Selecting previously unselected package libllvm13:amd64.
Preparing to unpack .../06-libllvm13_1%3a13.0.0-8_amd64.deb ...
Unpacking libllvm13:amd64 (1:13.0.0-8) ...
Selecting previously unselected package libclang-cpp13.
Preparing to unpack .../07-libclang-cpp13_1%3a13.0.0-8_amd64.deb ...
Unpacking libclang-cpp13 (1:13.0.0-8) ...
Selecting previously unselected package libgc1:amd64.
Preparing to unpack .../08-libgc1_1%3a8.0.4-3_amd64.deb ...
Unpacking libgc1:amd64 (1:8.0.4-3) ...
Selecting previously unselected package libobjc4:amd64.
Preparing to unpack .../09-libobjc4_11.2.0-10_amd64.deb ...
Unpacking libobjc4:amd64 (11.2.0-10) ...
Selecting previously unselected package libobjc-11-dev:amd64.
Preparing to unpack .../10-libobjc-11-dev_11.2.0-10_amd64.deb ...
Unpacking libobjc-11-dev:amd64 (11.2.0-10) ...
Selecting previously unselected package libc6-i386.
Preparing to unpack .../11-libc6-i386_2.32-4_amd64.deb ...
Unpacking libc6-i386 (2.32-4) ...
Selecting previously unselected package lib32gcc-s1.
Preparing to unpack .../12-lib32gcc-s1_11.2.0-10_amd64.deb ...
Unpacking lib32gcc-s1 (11.2.0-10) ...
Selecting previously unselected package lib32stdc++6.
Preparing to unpack .../13-lib32stdc++6_11.2.0-10_amd64.deb ...
Unpacking lib32stdc++6 (11.2.0-10) ...
Selecting previously unselected package libclang-common-13-dev.
Preparing to unpack .../14-libclang-common-13-dev_1%3a13.0.0-8_amd64.deb ...
Unpacking libclang-common-13-dev (1:13.0.0-8) ...
Selecting previously unselected package libclang1-13.
Preparing to unpack .../15-libclang1-13_1%3a13.0.0-8_amd64.deb ...
Unpacking libclang1-13 (1:13.0.0-8) ...
Selecting previously unselected package clang-13.
Preparing to unpack .../16-clang-13_1%3a13.0.0-8_amd64.deb ...
Unpacking clang-13 (1:13.0.0-8) ...
Selecting previously unselected package libasan5:amd64.
Preparing to unpack .../17-libasan5_9.4.0-3_amd64.deb ...
Unpacking libasan5:amd64 (9.4.0-3) ...
Selecting previously unselected package libgcc-9-dev:amd64.
Preparing to unpack .../18-libgcc-9-dev_9.4.0-3_amd64.deb ...
Unpacking libgcc-9-dev:amd64 (9.4.0-3) ...
Selecting previously unselected package libobjc-9-dev:amd64.
Preparing to unpack .../19-libobjc-9-dev_9.4.0-3_amd64.deb ...
Unpacking libobjc-9-dev:amd64 (9.4.0-3) ...
Selecting previously unselected package libomp5-13:amd64.
Preparing to unpack .../20-libomp5-13_1%3a13.0.0-8_amd64.deb ...
Unpacking libomp5-13:amd64 (1:13.0.0-8) ...
Selecting previously unselected package libomp-13-dev.
Preparing to unpack .../21-libomp-13-dev_1%3a13.0.0-8_amd64.deb ...
Unpacking libomp-13-dev (1:13.0.0-8) ...
Setting up libicu67:amd64 (67.1-7) ...
Setting up libasan5:amd64 (9.4.0-3) ...
Setting up libz3-4:amd64 (4.8.12-1+b1) ...
Setting up libgc1:amd64 (1:8.0.4-3) ...
Setting up libmd0:amd64 (1.0.4-1) ...
Setting up libc6-i386 (2.32-4) ...
Setting up libomp5-13:amd64 (1:13.0.0-8) ...
Setting up libbsd0:amd64 (0.11.3-1) ...
Setting up libxml2:amd64 (2.9.12+dfsg-5) ...
Setting up libedit2:amd64 (3.1-20210910-1) ...
Setting up libobjc4:amd64 (11.2.0-10) ...
Setting up libgcc-9-dev:amd64 (9.4.0-3) ...
Setting up lib32gcc-s1 (11.2.0-10) ...
Setting up lib32stdc++6 (11.2.0-10) ...
Setting up libllvm13:amd64 (1:13.0.0-8) ...
Setting up libobjc-9-dev:amd64 (9.4.0-3) ...
Setting up libclang-common-13-dev (1:13.0.0-8) ...
Setting up libomp-13-dev (1:13.0.0-8) ...
Setting up libobjc-11-dev:amd64 (11.2.0-10) ...
Setting up libclang1-13 (1:13.0.0-8) ...
Setting up libclang-cpp13 (1:13.0.0-8) ...
Setting up clang-13 (1:13.0.0-8) ...
Processing triggers for libc-bin (2.32-4) ...
W: --force-yes is deprecated, use one of the options starting with --allow instead.
+ echo 'Replace gcc, g++ & cpp by clang'
Replace gcc, g++ & cpp by clang
+ VERSIONS='4.6 4.7 4.8 4.9 5 6 7 8 9 10 11'
+ cd /usr/bin
+ for VERSION in $VERSIONS
+ rm -f g++-4.6 gcc-4.6 cpp-4.6 gcc
+ ln -s clang++-13 g++-4.6
+ ln -s clang-13 gcc-4.6
+ ln -s clang-13 cpp-4.6
+ ln -s clang-13 gcc
+ echo 'gcc-4.6 hold'
+ dpkg --set-selections
dpkg: warning: package not in status nor available database at line 1: gcc-4.6
dpkg: warning: found unknown packages; this might mean the available database
is outdated, and needs to be updated through a frontend method;
please see the FAQ <https://wiki.debian.org/Teams/Dpkg/FAQ>
+ echo 'g++-4.6 hold'
+ dpkg --set-selections
dpkg: warning: package not in status nor available database at line 1: g++-4.6
dpkg: warning: found unknown packages; this might mean the available database
is outdated, and needs to be updated through a frontend method;
please see the FAQ <https://wiki.debian.org/Teams/Dpkg/FAQ>
+ for VERSION in $VERSIONS
+ rm -f g++-4.7 gcc-4.7 cpp-4.7 gcc
+ ln -s clang++-13 g++-4.7
+ ln -s clang-13 gcc-4.7
+ ln -s clang-13 cpp-4.7
+ ln -s clang-13 gcc
+ echo 'gcc-4.7 hold'
+ dpkg --set-selections
dpkg: warning: package not in status nor available database at line 1: gcc-4.7
dpkg: warning: found unknown packages; this might mean the available database
is outdated, and needs to be updated through a frontend method;
please see the FAQ <https://wiki.debian.org/Teams/Dpkg/FAQ>
+ echo 'g++-4.7 hold'
+ dpkg --set-selections
dpkg: warning: package not in status nor available database at line 1: g++-4.7
dpkg: warning: found unknown packages; this might mean the available database
is outdated, and needs to be updated through a frontend method;
please see the FAQ <https://wiki.debian.org/Teams/Dpkg/FAQ>
+ for VERSION in $VERSIONS
+ rm -f g++-4.8 gcc-4.8 cpp-4.8 gcc
+ ln -s clang++-13 g++-4.8
+ ln -s clang-13 gcc-4.8
+ ln -s clang-13 cpp-4.8
+ ln -s clang-13 gcc
+ echo 'gcc-4.8 hold'
+ dpkg --set-selections
dpkg: warning: package not in status nor available database at line 1: gcc-4.8
dpkg: warning: found unknown packages; this might mean the available database
is outdated, and needs to be updated through a frontend method;
please see the FAQ <https://wiki.debian.org/Teams/Dpkg/FAQ>
+ echo 'g++-4.8 hold'
+ dpkg --set-selections
dpkg: warning: package not in status nor available database at line 1: g++-4.8
dpkg: warning: found unknown packages; this might mean the available database
is outdated, and needs to be updated through a frontend method;
please see the FAQ <https://wiki.debian.org/Teams/Dpkg/FAQ>
+ for VERSION in $VERSIONS
+ rm -f g++-4.9 gcc-4.9 cpp-4.9 gcc
+ ln -s clang++-13 g++-4.9
+ ln -s clang-13 gcc-4.9
+ ln -s clang-13 cpp-4.9
+ ln -s clang-13 gcc
+ echo 'gcc-4.9 hold'
+ dpkg --set-selections
dpkg: warning: package not in status nor available database at line 1: gcc-4.9
dpkg: warning: found unknown packages; this might mean the available database
is outdated, and needs to be updated through a frontend method;
please see the FAQ <https://wiki.debian.org/Teams/Dpkg/FAQ>
+ echo 'g++-4.9 hold'
+ dpkg --set-selections
dpkg: warning: package not in status nor available database at line 1: g++-4.9
dpkg: warning: found unknown packages; this might mean the available database
is outdated, and needs to be updated through a frontend method;
please see the FAQ <https://wiki.debian.org/Teams/Dpkg/FAQ>
+ for VERSION in $VERSIONS
+ rm -f g++-5 gcc-5 cpp-5 gcc
+ ln -s clang++-13 g++-5
+ ln -s clang-13 gcc-5
+ ln -s clang-13 cpp-5
+ ln -s clang-13 gcc
+ echo 'gcc-5 hold'
+ dpkg --set-selections
dpkg: warning: package not in status nor available database at line 1: gcc-5
dpkg: warning: found unknown packages; this might mean the available database
is outdated, and needs to be updated through a frontend method;
please see the FAQ <https://wiki.debian.org/Teams/Dpkg/FAQ>
+ echo 'g++-5 hold'
+ dpkg --set-selections
dpkg: warning: package not in status nor available database at line 1: g++-5
dpkg: warning: found unknown packages; this might mean the available database
is outdated, and needs to be updated through a frontend method;
please see the FAQ <https://wiki.debian.org/Teams/Dpkg/FAQ>
+ for VERSION in $VERSIONS
+ rm -f g++-6 gcc-6 cpp-6 gcc
+ ln -s clang++-13 g++-6
+ ln -s clang-13 gcc-6
+ ln -s clang-13 cpp-6
+ ln -s clang-13 gcc
+ echo 'gcc-6 hold'
+ dpkg --set-selections
dpkg: warning: package not in status nor available database at line 1: gcc-6
dpkg: warning: found unknown packages; this might mean the available database
is outdated, and needs to be updated through a frontend method;
please see the FAQ <https://wiki.debian.org/Teams/Dpkg/FAQ>
+ echo 'g++-6 hold'
+ dpkg --set-selections
dpkg: warning: package not in status nor available database at line 1: g++-6
dpkg: warning: found unknown packages; this might mean the available database
is outdated, and needs to be updated through a frontend method;
please see the FAQ <https://wiki.debian.org/Teams/Dpkg/FAQ>
+ for VERSION in $VERSIONS
+ rm -f g++-7 gcc-7 cpp-7 gcc
+ ln -s clang++-13 g++-7
+ ln -s clang-13 gcc-7
+ ln -s clang-13 cpp-7
+ ln -s clang-13 gcc
+ echo 'gcc-7 hold'
+ dpkg --set-selections
dpkg: warning: package not in status nor available database at line 1: gcc-7
dpkg: warning: found unknown packages; this might mean the available database
is outdated, and needs to be updated through a frontend method;
please see the FAQ <https://wiki.debian.org/Teams/Dpkg/FAQ>
+ echo 'g++-7 hold'
+ dpkg --set-selections
dpkg: warning: package not in status nor available database at line 1: g++-7
dpkg: warning: found unknown packages; this might mean the available database
is outdated, and needs to be updated through a frontend method;
please see the FAQ <https://wiki.debian.org/Teams/Dpkg/FAQ>
+ for VERSION in $VERSIONS
+ rm -f g++-8 gcc-8 cpp-8 gcc
+ ln -s clang++-13 g++-8
+ ln -s clang-13 gcc-8
+ ln -s clang-13 cpp-8
+ ln -s clang-13 gcc
+ echo 'gcc-8 hold'
+ dpkg --set-selections
dpkg: warning: package not in status nor available database at line 1: gcc-8
dpkg: warning: found unknown packages; this might mean the available database
is outdated, and needs to be updated through a frontend method;
please see the FAQ <https://wiki.debian.org/Teams/Dpkg/FAQ>
+ echo 'g++-8 hold'
+ dpkg --set-selections
dpkg: warning: package not in status nor available database at line 1: g++-8
dpkg: warning: found unknown packages; this might mean the available database
is outdated, and needs to be updated through a frontend method;
please see the FAQ <https://wiki.debian.org/Teams/Dpkg/FAQ>
+ for VERSION in $VERSIONS
+ rm -f g++-9 gcc-9 cpp-9 gcc
+ ln -s clang++-13 g++-9
+ ln -s clang-13 gcc-9
+ ln -s clang-13 cpp-9
+ ln -s clang-13 gcc
+ echo 'gcc-9 hold'
+ dpkg --set-selections
dpkg: warning: package not in status nor available database at line 1: gcc-9
dpkg: warning: found unknown packages; this might mean the available database
is outdated, and needs to be updated through a frontend method;
please see the FAQ <https://wiki.debian.org/Teams/Dpkg/FAQ>
+ echo 'g++-9 hold'
+ dpkg --set-selections
dpkg: warning: package not in status nor available database at line 1: g++-9
dpkg: warning: found unknown packages; this might mean the available database
is outdated, and needs to be updated through a frontend method;
please see the FAQ <https://wiki.debian.org/Teams/Dpkg/FAQ>
+ for VERSION in $VERSIONS
+ rm -f g++-10 gcc-10 cpp-10 gcc
+ ln -s clang++-13 g++-10
+ ln -s clang-13 gcc-10
+ ln -s clang-13 cpp-10
+ ln -s clang-13 gcc
+ echo 'gcc-10 hold'
+ dpkg --set-selections
dpkg: warning: package not in status nor available database at line 1: gcc-10
dpkg: warning: found unknown packages; this might mean the available database
is outdated, and needs to be updated through a frontend method;
please see the FAQ <https://wiki.debian.org/Teams/Dpkg/FAQ>
+ echo 'g++-10 hold'
+ dpkg --set-selections
dpkg: warning: package not in status nor available database at line 1: g++-10
dpkg: warning: found unknown packages; this might mean the available database
is outdated, and needs to be updated through a frontend method;
please see the FAQ <https://wiki.debian.org/Teams/Dpkg/FAQ>
+ for VERSION in $VERSIONS
+ rm -f g++-11 gcc-11 cpp-11 gcc
+ ln -s clang++-13 g++-11
+ ln -s clang-13 gcc-11
+ ln -s clang-13 cpp-11
+ ln -s clang-13 gcc
+ echo 'gcc-11 hold'
+ dpkg --set-selections
+ echo 'g++-11 hold'
+ dpkg --set-selections
+ cd -
/build/vulkan-validationlayers-IAGY8U
+ echo 'Check if gcc, g++ & cpp are actually clang'
Check if gcc, g++ & cpp are actually clang
+ gcc --version
+ grep clang
+ cpp --version
+ grep clang
+ g++ --version
+ grep clang
+ cd /usr/bin/
+ rm -f clang++ clang
+ ln -s clang-13 clang++
+ ln -s clang-13 clang
+ clang++ --version
Debian clang version 13.0.0-8
Target: x86_64-pc-linux-gnu
Thread model: posix
InstalledDir: /usr/bin
+ clang --version
Debian clang version 13.0.0-8
Target: x86_64-pc-linux-gnu
Thread model: posix
InstalledDir: /usr/bin
+ cd -
/build/vulkan-validationlayers-IAGY8U
+ apt install --yes --no-install-recommends --force-yes qt5-qmake

WARNING: apt does not have a stable CLI interface. Use with caution in scripts.

Reading package lists...
Building dependency tree...
Reading state information...
The following additional packages will be installed:
  qt5-qmake-bin qtchooser
The following NEW packages will be installed:
  qt5-qmake qt5-qmake-bin qtchooser
0 upgraded, 3 newly installed, 0 to remove and 0 not upgraded.
Need to get 1322 kB of archives.
After this operation, 4914 kB of additional disk space will be used.
Get:1 http://127.0.0.1:12990/debian sid/main amd64 qt5-qmake-bin amd64 5.15.2+dfsg-12 [1046 kB]
Get:2 http://127.0.0.1:12990/debian sid/main amd64 qtchooser amd64 66-2 [26.3 kB]
Get:3 http://127.0.0.1:12990/debian sid/main amd64 qt5-qmake amd64 5.15.2+dfsg-12 [249 kB]
debconf: delaying package configuration, since apt-utils is not installed
Fetched 1322 kB in 0s (20.8 MB/s)
Selecting previously unselected package qt5-qmake-bin.
(Reading database ... (Reading database ... 5%(Reading database ... 10%(Reading database ... 15%(Reading database ... 20%(Reading database ... 25%(Reading database ... 30%(Reading database ... 35%(Reading database ... 40%(Reading database ... 45%(Reading database ... 50%(Reading database ... 55%(Reading database ... 60%(Reading database ... 65%(Reading database ... 70%(Reading database ... 75%(Reading database ... 80%(Reading database ... 85%(Reading database ... 90%(Reading database ... 95%(Reading database ... 100%(Reading database ... 13528 files and directories currently installed.)
Preparing to unpack .../qt5-qmake-bin_5.15.2+dfsg-12_amd64.deb ...
Unpacking qt5-qmake-bin (5.15.2+dfsg-12) ...
Selecting previously unselected package qtchooser.
Preparing to unpack .../qtchooser_66-2_amd64.deb ...
Unpacking qtchooser (66-2) ...
Selecting previously unselected package qt5-qmake:amd64.
Preparing to unpack .../qt5-qmake_5.15.2+dfsg-12_amd64.deb ...
Unpacking qt5-qmake:amd64 (5.15.2+dfsg-12) ...
Setting up qt5-qmake-bin (5.15.2+dfsg-12) ...
Setting up qtchooser (66-2) ...
Setting up qt5-qmake:amd64 (5.15.2+dfsg-12) ...
W: --force-yes is deprecated, use one of the options starting with --allow instead.
+ cp /usr/lib/x86_64-linux-gnu/qt5/mkspecs/linux-clang/qmake.conf /usr/lib/x86_64-linux-gnu/qt5/mkspecs/linux-clang/qplatformdefs.h /usr/lib/x86_64-linux-gnu/qt5/mkspecs/linux-g++/
+ ls -al /usr/lib/x86_64-linux-gnu/qt5/mkspecs/linux-g++/
total 16
drwxr-xr-x  2 root root 4096 Oct 26 21:26 .
drwxr-xr-x 76 root root 4096 Oct 26 21:26 ..
-rw-r--r--  1 root root  276 Oct 26 21:26 qmake.conf
-rw-r--r--  1 root root 3218 Oct 26 21:26 qplatformdefs.h
+ cat /usr/lib/x86_64-linux-gnu/qt5/mkspecs/linux-g++/qmake.conf
#
# qmake configuration for linux-clang
#

MAKEFILE_GENERATOR = UNIX
CONFIG += incremental

QMAKE_INCREMENTAL_STYLE = sublib

include(../common/linux.conf)
include(../common/gcc-base-unix.conf)
include(../common/clang.conf)

QMAKE_LFLAGS += -ccc-gcc-name g++

load(qt_config)
+ export QMAKESPEC=/usr/lib/x86_64-linux-gnu/qt5/mkspecs/linux-clang/
+ QMAKESPEC=/usr/lib/x86_64-linux-gnu/qt5/mkspecs/linux-clang/
+ sed -i -e 's|compare_problem(2,|compare_problem(0,|g' /usr/bin/dpkg-gensymbols
+ sed -i -e 's|compare_problem(1,|compare_problem(0,|g' /usr/bin/dpkg-gensymbols
+ grep 'compare_problem(' /usr/bin/dpkg-gensymbols
        compare_problem(4, g_('new libraries appeared in the symbols file: %s'), "@libs");
        compare_problem(3, g_('some libraries disappeared in the symbols file: %s'), "@libs");
        compare_problem(0, g_('some new symbols appeared in the symbols file: %s'),
        compare_problem(0, g_('some symbols or patterns disappeared in the symbols file: %s'),

I: Finished running '/tmp/clang13'.

Finished processing commands.
--------------------------------------------------------------------------------
I: NOTICE: Log filtering will replace 'build/vulkan-validationlayers-IAGY8U/resolver-To0MZx' with '<<RESOLVERDIR>>'

+------------------------------------------------------------------------------+
| Update chroot                                                                |
+------------------------------------------------------------------------------+

Hit:1 http://127.0.0.1:12990/debian sid InRelease
Reading package lists...
Reading package lists...
Building dependency tree...
Reading state information...
Calculating upgrade...
0 upgraded, 0 newly installed, 0 to remove and 0 not upgraded.

+------------------------------------------------------------------------------+
| Fetch source files                                                           |
+------------------------------------------------------------------------------+


Check APT
---------

Checking available source versions...

Download source files with APT
------------------------------

Reading package lists...
NOTICE: 'vulkan-validationlayers' packaging is maintained in the 'Git' version control system at:
https://salsa.debian.org/xorg-team/vulkan/vulkan-validationlayers.git
Please use:
git clone https://salsa.debian.org/xorg-team/vulkan/vulkan-validationlayers.git
to retrieve the latest (possibly unreleased) updates to the package.
Need to get 2350 kB of source archives.
Get:1 http://127.0.0.1:12990/debian sid/main vulkan-validationlayers 1.2.189.0-1.1 (dsc) [2413 B]
Get:2 http://127.0.0.1:12990/debian sid/main vulkan-validationlayers 1.2.189.0-1.1 (tar) [2344 kB]
Get:3 http://127.0.0.1:12990/debian sid/main vulkan-validationlayers 1.2.189.0-1.1 (diff) [3748 B]
Fetched 2350 kB in 0s (25.4 MB/s)
Download complete and in download only mode
I: NOTICE: Log filtering will replace 'build/vulkan-validationlayers-IAGY8U/vulkan-validationlayers-1.2.189.0' with '<<PKGBUILDDIR>>'
I: NOTICE: Log filtering will replace 'build/vulkan-validationlayers-IAGY8U' with '<<BUILDDIR>>'

+------------------------------------------------------------------------------+
| Install package build dependencies                                           |
+------------------------------------------------------------------------------+


Setup apt archive
-----------------

Merged Build-Depends: debhelper-compat (= 12), cmake, glslang-dev (>= 8.13.3559+git3727), libvulkan-dev (>= 1.2.189.0), libwayland-dev, libx11-dev, libxrandr-dev, pkg-config, python3, spirv-headers, spirv-tools (>= 2020.6), build-essential, fakeroot
Filtered Build-Depends: debhelper-compat (= 12), cmake, glslang-dev (>= 8.13.3559+git3727), libvulkan-dev (>= 1.2.189.0), libwayland-dev, libx11-dev, libxrandr-dev, pkg-config, python3, spirv-headers, spirv-tools (>= 2020.6), build-essential, fakeroot
dpkg-deb: building package 'sbuild-build-depends-main-dummy' in '/<<RESOLVERDIR>>/apt_archive/sbuild-build-depends-main-dummy.deb'.
Ign:1 copy:/<<RESOLVERDIR>>/apt_archive ./ InRelease
Get:2 copy:/<<RESOLVERDIR>>/apt_archive ./ Release [957 B]
Ign:3 copy:/<<RESOLVERDIR>>/apt_archive ./ Release.gpg
Get:4 copy:/<<RESOLVERDIR>>/apt_archive ./ Sources [469 B]
Get:5 copy:/<<RESOLVERDIR>>/apt_archive ./ Packages [552 B]
Fetched 1978 B in 0s (0 B/s)
Reading package lists...
Reading package lists...

Install main build dependencies (apt-based resolver)
----------------------------------------------------

Installing build dependencies
Reading package lists...
Building dependency tree...
Reading state information...
The following additional packages will be installed:
  autoconf automake autopoint autotools-dev bsdextrautils cmake cmake-data
  debhelper dh-autoreconf dh-elpa-helper dh-strip-nondeterminism dwz
  emacsen-common file gettext gettext-base glslang-dev groff-base
  intltool-debian libarchive-zip-perl libarchive13 libbrotli1 libcurl4
  libdebhelper-perl libelf1 libexpat1 libffi-dev
  libfile-stripnondeterminism-perl libglib2.0-0 libjsoncpp24 libldap-2.4-2
  libmagic-mgc libmagic1 libmpdec3 libncurses6 libncursesw6 libnghttp2-14
  libpipeline1 libprocps8 libpsl5 libpthread-stubs0-dev libpython3-stdlib
  libpython3.9-minimal libpython3.9-stdlib libreadline8 librhash0 librtmp1
  libsasl2-2 libsasl2-modules-db libsigsegv2 libsqlite3-0 libssh2-1
  libsub-override-perl libtool libuchardet0 libuv1 libvulkan-dev libvulkan1
  libwayland-bin libwayland-client0 libwayland-cursor0 libwayland-dev
  libwayland-egl1 libwayland-server0 libx11-6 libx11-data libx11-dev
  libxau-dev libxau6 libxcb1 libxcb1-dev libxdmcp-dev libxdmcp6 libxext-dev
  libxext6 libxrandr-dev libxrandr2 libxrender-dev libxrender1 m4 man-db
  media-types pkg-config po-debconf procps python3 python3-minimal python3.9
  python3.9-minimal readline-common sensible-utils spirv-headers spirv-tools
  x11proto-dev xorg-sgml-doctools xtrans-dev
Suggested packages:
  autoconf-archive gnu-standards autoconf-doc cmake-doc ninja-build dh-make
  gettext-doc libasprintf-dev libgettextpo-dev glslang-tools groff lrzip
  libtool-doc gfortran | fortran95-compiler gcj-jdk libwayland-doc libx11-doc
  libxcb-doc libxext-doc m4-doc apparmor less www-browser libmail-box-perl
  python3-doc python3-tk python3-venv python3.9-venv python3.9-doc
  binfmt-support readline-doc
Recommended packages:
  curl | wget | lynx ca-certificates libarchive-cpio-perl libglib2.0-data
  shared-mime-info xdg-user-dirs libldap-common libgpm2 publicsuffix
  libsasl2-modules libltdl-dev mesa-vulkan-drivers | vulkan-icd
  libmail-sendmail-perl psmisc
The following NEW packages will be installed:
  autoconf automake autopoint autotools-dev bsdextrautils cmake cmake-data
  debhelper dh-autoreconf dh-elpa-helper dh-strip-nondeterminism dwz
  emacsen-common file gettext gettext-base glslang-dev groff-base
  intltool-debian libarchive-zip-perl libarchive13 libbrotli1 libcurl4
  libdebhelper-perl libelf1 libexpat1 libffi-dev
  libfile-stripnondeterminism-perl libglib2.0-0 libjsoncpp24 libldap-2.4-2
  libmagic-mgc libmagic1 libmpdec3 libncurses6 libncursesw6 libnghttp2-14
  libpipeline1 libprocps8 libpsl5 libpthread-stubs0-dev libpython3-stdlib
  libpython3.9-minimal libpython3.9-stdlib libreadline8 librhash0 librtmp1
  libsasl2-2 libsasl2-modules-db libsigsegv2 libsqlite3-0 libssh2-1
  libsub-override-perl libtool libuchardet0 libuv1 libvulkan-dev libvulkan1
  libwayland-bin libwayland-client0 libwayland-cursor0 libwayland-dev
  libwayland-egl1 libwayland-server0 libx11-6 libx11-data libx11-dev
  libxau-dev libxau6 libxcb1 libxcb1-dev libxdmcp-dev libxdmcp6 libxext-dev
  libxext6 libxrandr-dev libxrandr2 libxrender-dev libxrender1 m4 man-db
  media-types pkg-config po-debconf procps python3 python3-minimal python3.9
  python3.9-minimal readline-common sbuild-build-depends-main-dummy
  sensible-utils spirv-headers spirv-tools x11proto-dev xorg-sgml-doctools
  xtrans-dev
0 upgraded, 97 newly installed, 0 to remove and 0 not upgraded.
Need to get 38.5 MB of archives.
After this operation, 165 MB of additional disk space will be used.
Get:1 copy:/<<RESOLVERDIR>>/apt_archive ./ sbuild-build-depends-main-dummy 0.invalid.0 [984 B]
Get:2 http://127.0.0.1:12990/debian sid/main amd64 bsdextrautils amd64 2.37.2-4 [143 kB]
Get:3 http://127.0.0.1:12990/debian sid/main amd64 libuchardet0 amd64 0.0.7-1 [67.8 kB]
Get:4 http://127.0.0.1:12990/debian sid/main amd64 groff-base amd64 1.22.4-7 [935 kB]
Get:5 http://127.0.0.1:12990/debian sid/main amd64 libpipeline1 amd64 1.5.3-1 [34.3 kB]
Get:6 http://127.0.0.1:12990/debian sid/main amd64 man-db amd64 2.9.4-2 [1354 kB]
Get:7 http://127.0.0.1:12990/debian sid/main amd64 libpython3.9-minimal amd64 3.9.7-4 [804 kB]
Get:8 http://127.0.0.1:12990/debian sid/main amd64 libexpat1 amd64 2.4.1-3 [104 kB]
Get:9 http://127.0.0.1:12990/debian sid/main amd64 python3.9-minimal amd64 3.9.7-4 [1963 kB]
Get:10 http://127.0.0.1:12990/debian sid/main amd64 python3-minimal amd64 3.9.2-3 [38.2 kB]
Get:11 http://127.0.0.1:12990/debian sid/main amd64 media-types all 4.0.0 [30.3 kB]
Get:12 http://127.0.0.1:12990/debian sid/main amd64 libmpdec3 amd64 2.5.1-2 [87.8 kB]
Get:13 http://127.0.0.1:12990/debian sid/main amd64 libncursesw6 amd64 6.2+20210905-1 [133 kB]
Get:14 http://127.0.0.1:12990/debian sid/main amd64 readline-common all 8.1-2 [73.8 kB]
Get:15 http://127.0.0.1:12990/debian sid/main amd64 libreadline8 amd64 8.1-2 [168 kB]
Get:16 http://127.0.0.1:12990/debian sid/main amd64 libsqlite3-0 amd64 3.36.0-2 [815 kB]
Get:17 http://127.0.0.1:12990/debian sid/main amd64 libpython3.9-stdlib amd64 3.9.7-4 [1688 kB]
Get:18 http://127.0.0.1:12990/debian sid/main amd64 python3.9 amd64 3.9.7-4 [480 kB]
Get:19 http://127.0.0.1:12990/debian sid/main amd64 libpython3-stdlib amd64 3.9.2-3 [21.4 kB]
Get:20 http://127.0.0.1:12990/debian sid/main amd64 python3 amd64 3.9.2-3 [37.9 kB]
Get:21 http://127.0.0.1:12990/debian sid/main amd64 libncurses6 amd64 6.2+20210905-1 [102 kB]
Get:22 http://127.0.0.1:12990/debian sid/main amd64 libprocps8 amd64 2:3.3.17-5 [63.9 kB]
Get:23 http://127.0.0.1:12990/debian sid/main amd64 procps amd64 2:3.3.17-5 [502 kB]
Get:24 http://127.0.0.1:12990/debian sid/main amd64 sensible-utils all 0.0.17 [21.5 kB]
Get:25 http://127.0.0.1:12990/debian sid/main amd64 libmagic-mgc amd64 1:5.39-3 [273 kB]
Get:26 http://127.0.0.1:12990/debian sid/main amd64 libmagic1 amd64 1:5.39-3 [126 kB]
Get:27 http://127.0.0.1:12990/debian sid/main amd64 file amd64 1:5.39-3 [69.1 kB]
Get:28 http://127.0.0.1:12990/debian sid/main amd64 gettext-base amd64 0.21-4 [175 kB]
Get:29 http://127.0.0.1:12990/debian sid/main amd64 libsigsegv2 amd64 2.13-1 [34.8 kB]
Get:30 http://127.0.0.1:12990/debian sid/main amd64 m4 amd64 1.4.18-5 [204 kB]
Get:31 http://127.0.0.1:12990/debian sid/main amd64 autoconf all 2.71-2 [343 kB]
Get:32 http://127.0.0.1:12990/debian sid/main amd64 autotools-dev all 20180224.1+nmu1 [77.1 kB]
Get:33 http://127.0.0.1:12990/debian sid/main amd64 automake all 1:1.16.5-1 [823 kB]
Get:34 http://127.0.0.1:12990/debian sid/main amd64 autopoint all 0.21-4 [510 kB]
Get:35 http://127.0.0.1:12990/debian sid/main amd64 libarchive13 amd64 3.4.3-2+b1 [343 kB]
Get:36 http://127.0.0.1:12990/debian sid/main amd64 libbrotli1 amd64 1.0.9-2+b2 [279 kB]
Get:37 http://127.0.0.1:12990/debian sid/main amd64 libsasl2-modules-db amd64 2.1.27+dfsg-2.1 [69.1 kB]
Get:38 http://127.0.0.1:12990/debian sid/main amd64 libsasl2-2 amd64 2.1.27+dfsg-2.1 [106 kB]
Get:39 http://127.0.0.1:12990/debian sid/main amd64 libldap-2.4-2 amd64 2.4.59+dfsg-1 [232 kB]
Get:40 http://127.0.0.1:12990/debian sid/main amd64 libnghttp2-14 amd64 1.43.0-1 [77.1 kB]
Get:41 http://127.0.0.1:12990/debian sid/main amd64 libpsl5 amd64 0.21.0-1.2 [57.3 kB]
Get:42 http://127.0.0.1:12990/debian sid/main amd64 librtmp1 amd64 2.4+20151223.gitfa8646d.1-2+b2 [60.8 kB]
Get:43 http://127.0.0.1:12990/debian sid/main amd64 libssh2-1 amd64 1.10.0-2 [178 kB]
Get:44 http://127.0.0.1:12990/debian sid/main amd64 libcurl4 amd64 7.74.0-1.3+b1 [341 kB]
Get:45 http://127.0.0.1:12990/debian sid/main amd64 libjsoncpp24 amd64 1.9.4-5 [78.8 kB]
Get:46 http://127.0.0.1:12990/debian sid/main amd64 librhash0 amd64 1.4.2-1 [129 kB]
Get:47 http://127.0.0.1:12990/debian sid/main amd64 libuv1 amd64 1.42.0-1 [135 kB]
Get:48 http://127.0.0.1:12990/debian sid/main amd64 dh-elpa-helper all 2.0.9 [11.2 kB]
Get:49 http://127.0.0.1:12990/debian sid/main amd64 emacsen-common all 3.0.4 [19.3 kB]
Get:50 http://127.0.0.1:12990/debian sid/main amd64 cmake-data all 3.21.3-5 [1878 kB]
Get:51 http://127.0.0.1:12990/debian sid/main amd64 cmake amd64 3.21.3-5 [7907 kB]
Get:52 http://127.0.0.1:12990/debian sid/main amd64 libdebhelper-perl all 13.5.2 [192 kB]
Get:53 http://127.0.0.1:12990/debian sid/main amd64 libtool all 2.4.6-15 [513 kB]
Get:54 http://127.0.0.1:12990/debian sid/main amd64 dh-autoreconf all 20 [17.1 kB]
Get:55 http://127.0.0.1:12990/debian sid/main amd64 libarchive-zip-perl all 1.68-1 [104 kB]
Get:56 http://127.0.0.1:12990/debian sid/main amd64 libsub-override-perl all 0.09-2 [10.2 kB]
Get:57 http://127.0.0.1:12990/debian sid/main amd64 libfile-stripnondeterminism-perl all 1.12.0-2 [26.3 kB]
Get:58 http://127.0.0.1:12990/debian sid/main amd64 dh-strip-nondeterminism all 1.12.0-2 [15.5 kB]
Get:59 http://127.0.0.1:12990/debian sid/main amd64 libelf1 amd64 0.185-2 [172 kB]
Get:60 http://127.0.0.1:12990/debian sid/main amd64 dwz amd64 0.14-1 [98.3 kB]
Get:61 http://127.0.0.1:12990/debian sid/main amd64 gettext amd64 0.21-4 [1311 kB]
Get:62 http://127.0.0.1:12990/debian sid/main amd64 intltool-debian all 0.35.0+20060710.5 [26.8 kB]
Get:63 http://127.0.0.1:12990/debian sid/main amd64 po-debconf all 1.0.21+nmu1 [248 kB]
Get:64 http://127.0.0.1:12990/debian sid/main amd64 debhelper all 13.5.2 [1056 kB]
Get:65 http://127.0.0.1:12990/debian sid/main amd64 spirv-tools amd64 2021.2+git20210818-1 [3232 kB]
Get:66 http://127.0.0.1:12990/debian sid/main amd64 glslang-dev amd64 11.1.0-4 [1156 kB]
Get:67 http://127.0.0.1:12990/debian sid/main amd64 libffi-dev amd64 3.4.2-3 [60.4 kB]
Get:68 http://127.0.0.1:12990/debian sid/main amd64 libglib2.0-0 amd64 2.70.0-3 [1401 kB]
Get:69 http://127.0.0.1:12990/debian sid/main amd64 libpthread-stubs0-dev amd64 0.4-1 [5344 B]
Get:70 http://127.0.0.1:12990/debian sid/main amd64 libvulkan1 amd64 1.2.189.0-2 [104 kB]
Get:71 http://127.0.0.1:12990/debian sid/main amd64 libvulkan-dev amd64 1.2.189.0-2 [783 kB]
Get:72 http://127.0.0.1:12990/debian sid/main amd64 libwayland-bin amd64 1.19.0-2+b1 [23.5 kB]
Get:73 http://127.0.0.1:12990/debian sid/main amd64 libwayland-client0 amd64 1.19.0-2+b1 [27.3 kB]
Get:74 http://127.0.0.1:12990/debian sid/main amd64 libwayland-cursor0 amd64 1.19.0-2+b1 [14.9 kB]
Get:75 http://127.0.0.1:12990/debian sid/main amd64 libwayland-server0 amd64 1.19.0-2+b1 [34.8 kB]
Get:76 http://127.0.0.1:12990/debian sid/main amd64 libwayland-egl1 amd64 1.19.0-2+b1 [8756 B]
Get:77 http://127.0.0.1:12990/debian sid/main amd64 libwayland-dev amd64 1.19.0-2+b1 [70.2 kB]
Get:78 http://127.0.0.1:12990/debian sid/main amd64 libxau6 amd64 1:1.0.9-1 [19.7 kB]
Get:79 http://127.0.0.1:12990/debian sid/main amd64 libxdmcp6 amd64 1:1.1.2-3 [26.3 kB]
Get:80 http://127.0.0.1:12990/debian sid/main amd64 libxcb1 amd64 1.14-3 [140 kB]
Get:81 http://127.0.0.1:12990/debian sid/main amd64 libx11-data all 2:1.7.2-2 [311 kB]
Get:82 http://127.0.0.1:12990/debian sid/main amd64 libx11-6 amd64 2:1.7.2-2+b1 [772 kB]
Get:83 http://127.0.0.1:12990/debian sid/main amd64 xorg-sgml-doctools all 1:1.11-1.1 [22.1 kB]
Get:84 http://127.0.0.1:12990/debian sid/main amd64 x11proto-dev all 2021.5-1 [599 kB]
Get:85 http://127.0.0.1:12990/debian sid/main amd64 libxau-dev amd64 1:1.0.9-1 [22.9 kB]
Get:86 http://127.0.0.1:12990/debian sid/main amd64 libxdmcp-dev amd64 1:1.1.2-3 [42.2 kB]
Get:87 http://127.0.0.1:12990/debian sid/main amd64 xtrans-dev all 1.4.0-1 [98.7 kB]
Get:88 http://127.0.0.1:12990/debian sid/main amd64 libxcb1-dev amd64 1.14-3 [176 kB]
Get:89 http://127.0.0.1:12990/debian sid/main amd64 libx11-dev amd64 2:1.7.2-2+b1 [844 kB]
Get:90 http://127.0.0.1:12990/debian sid/main amd64 libxext6 amd64 2:1.3.4-1 [53.1 kB]
Get:91 http://127.0.0.1:12990/debian sid/main amd64 libxext-dev amd64 2:1.3.4-1 [107 kB]
Get:92 http://127.0.0.1:12990/debian sid/main amd64 libxrender1 amd64 1:0.9.10-1 [33.0 kB]
Get:93 http://127.0.0.1:12990/debian sid/main amd64 libxrandr2 amd64 2:1.5.2-1 [38.2 kB]
Get:94 http://127.0.0.1:12990/debian sid/main amd64 libxrender-dev amd64 1:0.9.10-1 [40.8 kB]
Get:95 http://127.0.0.1:12990/debian sid/main amd64 libxrandr-dev amd64 2:1.5.2-1 [46.1 kB]
Get:96 http://127.0.0.1:12990/debian sid/main amd64 pkg-config amd64 0.29.2-1 [65.1 kB]
Get:97 http://127.0.0.1:12990/debian sid/main amd64 spirv-headers all 1.5.4+rt3-1 [97.6 kB]
debconf: delaying package configuration, since apt-utils is not installed
Fetched 38.5 MB in 0s (127 MB/s)
Selecting previously unselected package bsdextrautils.
(Reading database ... 14273 files and directories currently installed.)
Preparing to unpack .../0-bsdextrautils_2.37.2-4_amd64.deb ...
Unpacking bsdextrautils (2.37.2-4) ...
Selecting previously unselected package libuchardet0:amd64.
Preparing to unpack .../1-libuchardet0_0.0.7-1_amd64.deb ...
Unpacking libuchardet0:amd64 (0.0.7-1) ...
Selecting previously unselected package groff-base.
Preparing to unpack .../2-groff-base_1.22.4-7_amd64.deb ...
Unpacking groff-base (1.22.4-7) ...
Selecting previously unselected package libpipeline1:amd64.
Preparing to unpack .../3-libpipeline1_1.5.3-1_amd64.deb ...
Unpacking libpipeline1:amd64 (1.5.3-1) ...
Selecting previously unselected package man-db.
Preparing to unpack .../4-man-db_2.9.4-2_amd64.deb ...
Unpacking man-db (2.9.4-2) ...
Selecting previously unselected package libpython3.9-minimal:amd64.
Preparing to unpack .../5-libpython3.9-minimal_3.9.7-4_amd64.deb ...
Unpacking libpython3.9-minimal:amd64 (3.9.7-4) ...
Selecting previously unselected package libexpat1:amd64.
Preparing to unpack .../6-libexpat1_2.4.1-3_amd64.deb ...
Unpacking libexpat1:amd64 (2.4.1-3) ...
Selecting previously unselected package python3.9-minimal.
Preparing to unpack .../7-python3.9-minimal_3.9.7-4_amd64.deb ...
Unpacking python3.9-minimal (3.9.7-4) ...
Setting up libpython3.9-minimal:amd64 (3.9.7-4) ...
Setting up libexpat1:amd64 (2.4.1-3) ...
Setting up python3.9-minimal (3.9.7-4) ...
Selecting previously unselected package python3-minimal.
(Reading database ... 15140 files and directories currently installed.)
Preparing to unpack .../0-python3-minimal_3.9.2-3_amd64.deb ...
Unpacking python3-minimal (3.9.2-3) ...
Selecting previously unselected package media-types.
Preparing to unpack .../1-media-types_4.0.0_all.deb ...
Unpacking media-types (4.0.0) ...
Selecting previously unselected package libmpdec3:amd64.
Preparing to unpack .../2-libmpdec3_2.5.1-2_amd64.deb ...
Unpacking libmpdec3:amd64 (2.5.1-2) ...
Selecting previously unselected package libncursesw6:amd64.
Preparing to unpack .../3-libncursesw6_6.2+20210905-1_amd64.deb ...
Unpacking libncursesw6:amd64 (6.2+20210905-1) ...
Selecting previously unselected package readline-common.
Preparing to unpack .../4-readline-common_8.1-2_all.deb ...
Unpacking readline-common (8.1-2) ...
Selecting previously unselected package libreadline8:amd64.
Preparing to unpack .../5-libreadline8_8.1-2_amd64.deb ...
Unpacking libreadline8:amd64 (8.1-2) ...
Selecting previously unselected package libsqlite3-0:amd64.
Preparing to unpack .../6-libsqlite3-0_3.36.0-2_amd64.deb ...
Unpacking libsqlite3-0:amd64 (3.36.0-2) ...
Selecting previously unselected package libpython3.9-stdlib:amd64.
Preparing to unpack .../7-libpython3.9-stdlib_3.9.7-4_amd64.deb ...
Unpacking libpython3.9-stdlib:amd64 (3.9.7-4) ...
Selecting previously unselected package python3.9.
Preparing to unpack .../8-python3.9_3.9.7-4_amd64.deb ...
Unpacking python3.9 (3.9.7-4) ...
Selecting previously unselected package libpython3-stdlib:amd64.
Preparing to unpack .../9-libpython3-stdlib_3.9.2-3_amd64.deb ...
Unpacking libpython3-stdlib:amd64 (3.9.2-3) ...
Setting up python3-minimal (3.9.2-3) ...
Selecting previously unselected package python3.
(Reading database ... 15579 files and directories currently installed.)
Preparing to unpack .../00-python3_3.9.2-3_amd64.deb ...
Unpacking python3 (3.9.2-3) ...
Selecting previously unselected package libncurses6:amd64.
Preparing to unpack .../01-libncurses6_6.2+20210905-1_amd64.deb ...
Unpacking libncurses6:amd64 (6.2+20210905-1) ...
Selecting previously unselected package libprocps8:amd64.
Preparing to unpack .../02-libprocps8_2%3a3.3.17-5_amd64.deb ...
Unpacking libprocps8:amd64 (2:3.3.17-5) ...
Selecting previously unselected package procps.
Preparing to unpack .../03-procps_2%3a3.3.17-5_amd64.deb ...
Unpacking procps (2:3.3.17-5) ...
Selecting previously unselected package sensible-utils.
Preparing to unpack .../04-sensible-utils_0.0.17_all.deb ...
Unpacking sensible-utils (0.0.17) ...
Selecting previously unselected package libmagic-mgc.
Preparing to unpack .../05-libmagic-mgc_1%3a5.39-3_amd64.deb ...
Unpacking libmagic-mgc (1:5.39-3) ...
Selecting previously unselected package libmagic1:amd64.
Preparing to unpack .../06-libmagic1_1%3a5.39-3_amd64.deb ...
Unpacking libmagic1:amd64 (1:5.39-3) ...
Selecting previously unselected package file.
Preparing to unpack .../07-file_1%3a5.39-3_amd64.deb ...
Unpacking file (1:5.39-3) ...
Selecting previously unselected package gettext-base.
Preparing to unpack .../08-gettext-base_0.21-4_amd64.deb ...
Unpacking gettext-base (0.21-4) ...
Selecting previously unselected package libsigsegv2:amd64.
Preparing to unpack .../09-libsigsegv2_2.13-1_amd64.deb ...
Unpacking libsigsegv2:amd64 (2.13-1) ...
Selecting previously unselected package m4.
Preparing to unpack .../10-m4_1.4.18-5_amd64.deb ...
Unpacking m4 (1.4.18-5) ...
Selecting previously unselected package autoconf.
Preparing to unpack .../11-autoconf_2.71-2_all.deb ...
Unpacking autoconf (2.71-2) ...
Selecting previously unselected package autotools-dev.
Preparing to unpack .../12-autotools-dev_20180224.1+nmu1_all.deb ...
Unpacking autotools-dev (20180224.1+nmu1) ...
Selecting previously unselected package automake.
Preparing to unpack .../13-automake_1%3a1.16.5-1_all.deb ...
Unpacking automake (1:1.16.5-1) ...
Selecting previously unselected package autopoint.
Preparing to unpack .../14-autopoint_0.21-4_all.deb ...
Unpacking autopoint (0.21-4) ...
Selecting previously unselected package libarchive13:amd64.
Preparing to unpack .../15-libarchive13_3.4.3-2+b1_amd64.deb ...
Unpacking libarchive13:amd64 (3.4.3-2+b1) ...
Selecting previously unselected package libbrotli1:amd64.
Preparing to unpack .../16-libbrotli1_1.0.9-2+b2_amd64.deb ...
Unpacking libbrotli1:amd64 (1.0.9-2+b2) ...
Selecting previously unselected package libsasl2-modules-db:amd64.
Preparing to unpack .../17-libsasl2-modules-db_2.1.27+dfsg-2.1_amd64.deb ...
Unpacking libsasl2-modules-db:amd64 (2.1.27+dfsg-2.1) ...
Selecting previously unselected package libsasl2-2:amd64.
Preparing to unpack .../18-libsasl2-2_2.1.27+dfsg-2.1_amd64.deb ...
Unpacking libsasl2-2:amd64 (2.1.27+dfsg-2.1) ...
Selecting previously unselected package libldap-2.4-2:amd64.
Preparing to unpack .../19-libldap-2.4-2_2.4.59+dfsg-1_amd64.deb ...
Unpacking libldap-2.4-2:amd64 (2.4.59+dfsg-1) ...
Selecting previously unselected package libnghttp2-14:amd64.
Preparing to unpack .../20-libnghttp2-14_1.43.0-1_amd64.deb ...
Unpacking libnghttp2-14:amd64 (1.43.0-1) ...
Selecting previously unselected package libpsl5:amd64.
Preparing to unpack .../21-libpsl5_0.21.0-1.2_amd64.deb ...
Unpacking libpsl5:amd64 (0.21.0-1.2) ...
Selecting previously unselected package librtmp1:amd64.
Preparing to unpack .../22-librtmp1_2.4+20151223.gitfa8646d.1-2+b2_amd64.deb ...
Unpacking librtmp1:amd64 (2.4+20151223.gitfa8646d.1-2+b2) ...
Selecting previously unselected package libssh2-1:amd64.
Preparing to unpack .../23-libssh2-1_1.10.0-2_amd64.deb ...
Unpacking libssh2-1:amd64 (1.10.0-2) ...
Selecting previously unselected package libcurl4:amd64.
Preparing to unpack .../24-libcurl4_7.74.0-1.3+b1_amd64.deb ...
Unpacking libcurl4:amd64 (7.74.0-1.3+b1) ...
Selecting previously unselected package libjsoncpp24:amd64.
Preparing to unpack .../25-libjsoncpp24_1.9.4-5_amd64.deb ...
Unpacking libjsoncpp24:amd64 (1.9.4-5) ...
Selecting previously unselected package librhash0:amd64.
Preparing to unpack .../26-librhash0_1.4.2-1_amd64.deb ...
Unpacking librhash0:amd64 (1.4.2-1) ...
Selecting previously unselected package libuv1:amd64.
Preparing to unpack .../27-libuv1_1.42.0-1_amd64.deb ...
Unpacking libuv1:amd64 (1.42.0-1) ...
Selecting previously unselected package dh-elpa-helper.
Preparing to unpack .../28-dh-elpa-helper_2.0.9_all.deb ...
Unpacking dh-elpa-helper (2.0.9) ...
Selecting previously unselected package emacsen-common.
Preparing to unpack .../29-emacsen-common_3.0.4_all.deb ...
Unpacking emacsen-common (3.0.4) ...
Selecting previously unselected package cmake-data.
Preparing to unpack .../30-cmake-data_3.21.3-5_all.deb ...
Unpacking cmake-data (3.21.3-5) ...
Selecting previously unselected package cmake.
Preparing to unpack .../31-cmake_3.21.3-5_amd64.deb ...
Unpacking cmake (3.21.3-5) ...
Selecting previously unselected package libdebhelper-perl.
Preparing to unpack .../32-libdebhelper-perl_13.5.2_all.deb ...
Unpacking libdebhelper-perl (13.5.2) ...
Selecting previously unselected package libtool.
Preparing to unpack .../33-libtool_2.4.6-15_all.deb ...
Unpacking libtool (2.4.6-15) ...
Selecting previously unselected package dh-autoreconf.
Preparing to unpack .../34-dh-autoreconf_20_all.deb ...
Unpacking dh-autoreconf (20) ...
Selecting previously unselected package libarchive-zip-perl.
Preparing to unpack .../35-libarchive-zip-perl_1.68-1_all.deb ...
Unpacking libarchive-zip-perl (1.68-1) ...
Selecting previously unselected package libsub-override-perl.
Preparing to unpack .../36-libsub-override-perl_0.09-2_all.deb ...
Unpacking libsub-override-perl (0.09-2) ...
Selecting previously unselected package libfile-stripnondeterminism-perl.
Preparing to unpack .../37-libfile-stripnondeterminism-perl_1.12.0-2_all.deb ...
Unpacking libfile-stripnondeterminism-perl (1.12.0-2) ...
Selecting previously unselected package dh-strip-nondeterminism.
Preparing to unpack .../38-dh-strip-nondeterminism_1.12.0-2_all.deb ...
Unpacking dh-strip-nondeterminism (1.12.0-2) ...
Selecting previously unselected package libelf1:amd64.
Preparing to unpack .../39-libelf1_0.185-2_amd64.deb ...
Unpacking libelf1:amd64 (0.185-2) ...
Selecting previously unselected package dwz.
Preparing to unpack .../40-dwz_0.14-1_amd64.deb ...
Unpacking dwz (0.14-1) ...
Selecting previously unselected package gettext.
Preparing to unpack .../41-gettext_0.21-4_amd64.deb ...
Unpacking gettext (0.21-4) ...
Selecting previously unselected package intltool-debian.
Preparing to unpack .../42-intltool-debian_0.35.0+20060710.5_all.deb ...
Unpacking intltool-debian (0.35.0+20060710.5) ...
Selecting previously unselected package po-debconf.
Preparing to unpack .../43-po-debconf_1.0.21+nmu1_all.deb ...
Unpacking po-debconf (1.0.21+nmu1) ...
Selecting previously unselected package debhelper.
Preparing to unpack .../44-debhelper_13.5.2_all.deb ...
Unpacking debhelper (13.5.2) ...
Selecting previously unselected package spirv-tools.
Preparing to unpack .../45-spirv-tools_2021.2+git20210818-1_amd64.deb ...
Unpacking spirv-tools (2021.2+git20210818-1) ...
Selecting previously unselected package glslang-dev:amd64.
Preparing to unpack .../46-glslang-dev_11.1.0-4_amd64.deb ...
Unpacking glslang-dev:amd64 (11.1.0-4) ...
Selecting previously unselected package libffi-dev:amd64.
Preparing to unpack .../47-libffi-dev_3.4.2-3_amd64.deb ...
Unpacking libffi-dev:amd64 (3.4.2-3) ...
Selecting previously unselected package libglib2.0-0:amd64.
Preparing to unpack .../48-libglib2.0-0_2.70.0-3_amd64.deb ...
Unpacking libglib2.0-0:amd64 (2.70.0-3) ...
Selecting previously unselected package libpthread-stubs0-dev:amd64.
Preparing to unpack .../49-libpthread-stubs0-dev_0.4-1_amd64.deb ...
Unpacking libpthread-stubs0-dev:amd64 (0.4-1) ...
Selecting previously unselected package libvulkan1:amd64.
Preparing to unpack .../50-libvulkan1_1.2.189.0-2_amd64.deb ...
Unpacking libvulkan1:amd64 (1.2.189.0-2) ...
Selecting previously unselected package libvulkan-dev:amd64.
Preparing to unpack .../51-libvulkan-dev_1.2.189.0-2_amd64.deb ...
Unpacking libvulkan-dev:amd64 (1.2.189.0-2) ...
Selecting previously unselected package libwayland-bin.
Preparing to unpack .../52-libwayland-bin_1.19.0-2+b1_amd64.deb ...
Unpacking libwayland-bin (1.19.0-2+b1) ...
Selecting previously unselected package libwayland-client0:amd64.
Preparing to unpack .../53-libwayland-client0_1.19.0-2+b1_amd64.deb ...
Unpacking libwayland-client0:amd64 (1.19.0-2+b1) ...
Selecting previously unselected package libwayland-cursor0:amd64.
Preparing to unpack .../54-libwayland-cursor0_1.19.0-2+b1_amd64.deb ...
Unpacking libwayland-cursor0:amd64 (1.19.0-2+b1) ...
Selecting previously unselected package libwayland-server0:amd64.
Preparing to unpack .../55-libwayland-server0_1.19.0-2+b1_amd64.deb ...
Unpacking libwayland-server0:amd64 (1.19.0-2+b1) ...
Selecting previously unselected package libwayland-egl1:amd64.
Preparing to unpack .../56-libwayland-egl1_1.19.0-2+b1_amd64.deb ...
Unpacking libwayland-egl1:amd64 (1.19.0-2+b1) ...
Selecting previously unselected package libwayland-dev:amd64.
Preparing to unpack .../57-libwayland-dev_1.19.0-2+b1_amd64.deb ...
Unpacking libwayland-dev:amd64 (1.19.0-2+b1) ...
Selecting previously unselected package libxau6:amd64.
Preparing to unpack .../58-libxau6_1%3a1.0.9-1_amd64.deb ...
Unpacking libxau6:amd64 (1:1.0.9-1) ...
Selecting previously unselected package libxdmcp6:amd64.
Preparing to unpack .../59-libxdmcp6_1%3a1.1.2-3_amd64.deb ...
Unpacking libxdmcp6:amd64 (1:1.1.2-3) ...
Selecting previously unselected package libxcb1:amd64.
Preparing to unpack .../60-libxcb1_1.14-3_amd64.deb ...
Unpacking libxcb1:amd64 (1.14-3) ...
Selecting previously unselected package libx11-data.
Preparing to unpack .../61-libx11-data_2%3a1.7.2-2_all.deb ...
Unpacking libx11-data (2:1.7.2-2) ...
Selecting previously unselected package libx11-6:amd64.
Preparing to unpack .../62-libx11-6_2%3a1.7.2-2+b1_amd64.deb ...
Unpacking libx11-6:amd64 (2:1.7.2-2+b1) ...
Selecting previously unselected package xorg-sgml-doctools.
Preparing to unpack .../63-xorg-sgml-doctools_1%3a1.11-1.1_all.deb ...
Unpacking xorg-sgml-doctools (1:1.11-1.1) ...
Selecting previously unselected package x11proto-dev.
Preparing to unpack .../64-x11proto-dev_2021.5-1_all.deb ...
Unpacking x11proto-dev (2021.5-1) ...
Selecting previously unselected package libxau-dev:amd64.
Preparing to unpack .../65-libxau-dev_1%3a1.0.9-1_amd64.deb ...
Unpacking libxau-dev:amd64 (1:1.0.9-1) ...
Selecting previously unselected package libxdmcp-dev:amd64.
Preparing to unpack .../66-libxdmcp-dev_1%3a1.1.2-3_amd64.deb ...
Unpacking libxdmcp-dev:amd64 (1:1.1.2-3) ...
Selecting previously unselected package xtrans-dev.
Preparing to unpack .../67-xtrans-dev_1.4.0-1_all.deb ...
Unpacking xtrans-dev (1.4.0-1) ...
Selecting previously unselected package libxcb1-dev:amd64.
Preparing to unpack .../68-libxcb1-dev_1.14-3_amd64.deb ...
Unpacking libxcb1-dev:amd64 (1.14-3) ...
Selecting previously unselected package libx11-dev:amd64.
Preparing to unpack .../69-libx11-dev_2%3a1.7.2-2+b1_amd64.deb ...
Unpacking libx11-dev:amd64 (2:1.7.2-2+b1) ...
Selecting previously unselected package libxext6:amd64.
Preparing to unpack .../70-libxext6_2%3a1.3.4-1_amd64.deb ...
Unpacking libxext6:amd64 (2:1.3.4-1) ...
Selecting previously unselected package libxext-dev:amd64.
Preparing to unpack .../71-libxext-dev_2%3a1.3.4-1_amd64.deb ...
Unpacking libxext-dev:amd64 (2:1.3.4-1) ...
Selecting previously unselected package libxrender1:amd64.
Preparing to unpack .../72-libxrender1_1%3a0.9.10-1_amd64.deb ...
Unpacking libxrender1:amd64 (1:0.9.10-1) ...
Selecting previously unselected package libxrandr2:amd64.
Preparing to unpack .../73-libxrandr2_2%3a1.5.2-1_amd64.deb ...
Unpacking libxrandr2:amd64 (2:1.5.2-1) ...
Selecting previously unselected package libxrender-dev:amd64.
Preparing to unpack .../74-libxrender-dev_1%3a0.9.10-1_amd64.deb ...
Unpacking libxrender-dev:amd64 (1:0.9.10-1) ...
Selecting previously unselected package libxrandr-dev:amd64.
Preparing to unpack .../75-libxrandr-dev_2%3a1.5.2-1_amd64.deb ...
Unpacking libxrandr-dev:amd64 (2:1.5.2-1) ...
Selecting previously unselected package pkg-config.
Preparing to unpack .../76-pkg-config_0.29.2-1_amd64.deb ...
Unpacking pkg-config (0.29.2-1) ...
Selecting previously unselected package spirv-headers.
Preparing to unpack .../77-spirv-headers_1.5.4+rt3-1_all.deb ...
Unpacking spirv-headers (1.5.4+rt3-1) ...
Selecting previously unselected package sbuild-build-depends-main-dummy.
Preparing to unpack .../78-sbuild-build-depends-main-dummy_0.invalid.0_amd64.deb ...
Unpacking sbuild-build-depends-main-dummy (0.invalid.0) ...
Setting up media-types (4.0.0) ...
Setting up libpipeline1:amd64 (1.5.3-1) ...
Setting up libwayland-server0:amd64 (1.19.0-2+b1) ...
Setting up libxau6:amd64 (1:1.0.9-1) ...
Setting up libxdmcp6:amd64 (1:1.1.2-3) ...
Setting up libpsl5:amd64 (0.21.0-1.2) ...
Setting up libxcb1:amd64 (1.14-3) ...
Setting up bsdextrautils (2.37.2-4) ...
update-alternatives: using /usr/bin/write.ul to provide /usr/bin/write (write) in auto mode
Setting up spirv-headers (1.5.4+rt3-1) ...
Setting up libmagic-mgc (1:5.39-3) ...
Setting up libarchive13:amd64 (3.4.3-2+b1) ...
Setting up libarchive-zip-perl (1.68-1) ...
Setting up libglib2.0-0:amd64 (2.70.0-3) ...
No schema files found: doing nothing.
Setting up libdebhelper-perl (13.5.2) ...
Setting up libbrotli1:amd64 (1.0.9-2+b2) ...
Setting up libsqlite3-0:amd64 (3.36.0-2) ...
Setting up libnghttp2-14:amd64 (1.43.0-1) ...
Setting up libmagic1:amd64 (1:5.39-3) ...
Setting up gettext-base (0.21-4) ...
Setting up file (1:5.39-3) ...
Setting up libffi-dev:amd64 (3.4.2-3) ...
Setting up libpthread-stubs0-dev:amd64 (0.4-1) ...
Setting up libsasl2-modules-db:amd64 (2.1.27+dfsg-2.1) ...
Setting up xtrans-dev (1.4.0-1) ...
Setting up libwayland-bin (1.19.0-2+b1) ...
Setting up autotools-dev (20180224.1+nmu1) ...
Setting up libuv1:amd64 (1.42.0-1) ...
Setting up spirv-tools (2021.2+git20210818-1) ...
Setting up emacsen-common (3.0.4) ...
Setting up libx11-data (2:1.7.2-2) ...
Setting up librtmp1:amd64 (2.4+20151223.gitfa8646d.1-2+b2) ...
Setting up dh-elpa-helper (2.0.9) ...
Setting up libncurses6:amd64 (6.2+20210905-1) ...
Setting up libsigsegv2:amd64 (2.13-1) ...
Setting up autopoint (0.21-4) ...
Setting up pkg-config (0.29.2-1) ...
Setting up libncursesw6:amd64 (6.2+20210905-1) ...
Setting up libsasl2-2:amd64 (2.1.27+dfsg-2.1) ...
Setting up libvulkan1:amd64 (1.2.189.0-2) ...
Setting up libjsoncpp24:amd64 (1.9.4-5) ...
Setting up sensible-utils (0.0.17) ...
Setting up librhash0:amd64 (1.4.2-1) ...
Setting up libuchardet0:amd64 (0.0.7-1) ...
Setting up libmpdec3:amd64 (2.5.1-2) ...
Setting up libsub-override-perl (0.09-2) ...
Setting up libx11-6:amd64 (2:1.7.2-2+b1) ...
Setting up libssh2-1:amd64 (1.10.0-2) ...
Setting up xorg-sgml-doctools (1:1.11-1.1) ...
Setting up cmake-data (3.21.3-5) ...
Setting up libwayland-egl1:amd64 (1.19.0-2+b1) ...
Setting up libelf1:amd64 (0.185-2) ...
Setting up readline-common (8.1-2) ...
Setting up libprocps8:amd64 (2:3.3.17-5) ...
Setting up libwayland-client0:amd64 (1.19.0-2+b1) ...
Setting up x11proto-dev (2021.5-1) ...
Setting up libfile-stripnondeterminism-perl (1.12.0-2) ...
Setting up libvulkan-dev:amd64 (1.2.189.0-2) ...
Setting up gettext (0.21-4) ...
Setting up libxau-dev:amd64 (1:1.0.9-1) ...
Setting up libxrender1:amd64 (1:0.9.10-1) ...
Setting up glslang-dev:amd64 (11.1.0-4) ...
Setting up libtool (2.4.6-15) ...
Setting up libreadline8:amd64 (8.1-2) ...
Setting up libxext6:amd64 (2:1.3.4-1) ...
Setting up libldap-2.4-2:amd64 (2.4.59+dfsg-1) ...
Setting up m4 (1.4.18-5) ...
Setting up intltool-debian (0.35.0+20060710.5) ...
Setting up libxdmcp-dev:amd64 (1:1.1.2-3) ...
Setting up libxrandr2:amd64 (2:1.5.2-1) ...
Setting up autoconf (2.71-2) ...
Setting up dh-strip-nondeterminism (1.12.0-2) ...
Setting up dwz (0.14-1) ...
Setting up groff-base (1.22.4-7) ...
Setting up libwayland-cursor0:amd64 (1.19.0-2+b1) ...
Setting up procps (2:3.3.17-5) ...
Setting up libcurl4:amd64 (7.74.0-1.3+b1) ...
Setting up libpython3.9-stdlib:amd64 (3.9.7-4) ...
Setting up libpython3-stdlib:amd64 (3.9.2-3) ...
Setting up automake (1:1.16.5-1) ...
update-alternatives: using /usr/bin/automake-1.16 to provide /usr/bin/automake (automake) in auto mode
Setting up libxcb1-dev:amd64 (1.14-3) ...
Setting up po-debconf (1.0.21+nmu1) ...
Setting up libx11-dev:amd64 (2:1.7.2-2+b1) ...
Setting up man-db (2.9.4-2) ...
Not building database; man-db/auto-update is not 'true'.
Setting up libwayland-dev:amd64 (1.19.0-2+b1) ...
Setting up dh-autoreconf (20) ...
Setting up libxext-dev:amd64 (2:1.3.4-1) ...
Setting up cmake (3.21.3-5) ...
Setting up libxrender-dev:amd64 (1:0.9.10-1) ...
Setting up python3.9 (3.9.7-4) ...
Setting up debhelper (13.5.2) ...
Setting up python3 (3.9.2-3) ...
Setting up libxrandr-dev:amd64 (2:1.5.2-1) ...
Setting up sbuild-build-depends-main-dummy (0.invalid.0) ...
Processing triggers for libc-bin (2.32-4) ...

+------------------------------------------------------------------------------+
| Check architectures                                                          |
+------------------------------------------------------------------------------+

Arch check ok (amd64 included in linux-any)

+------------------------------------------------------------------------------+
| Build environment                                                            |
+------------------------------------------------------------------------------+

Kernel: Linux 4.19.0-6-cloud-amd64 #1 SMP Debian 4.19.67-2+deb10u2 (2019-11-11) amd64 (x86_64)
Toolchain package versions: binutils_2.37-7 dpkg-dev_1.20.9 g++-11_11.2.0-10 gcc-11_11.2.0-10 libc6-dev_2.32-4 libstdc++-11-dev_11.2.0-10 libstdc++6_11.2.0-10 linux-libc-dev_5.14.12-1
Package versions: adduser_3.118 apt_2.3.11 autoconf_2.71-2 automake_1:1.16.5-1 autopoint_0.21-4 autotools-dev_20180224.1+nmu1 base-files_12 base-passwd_3.5.52 bash_5.1-3+b2 binutils_2.37-7 binutils-common_2.37-7 binutils-x86-64-linux-gnu_2.37-7 bsdextrautils_2.37.2-4 bsdutils_1:2.37.2-4 build-essential_12.9 bzip2_1.0.8-4 clang-13_1:13.0.0-8 cmake_3.21.3-5 cmake-data_3.21.3-5 coreutils_8.32-4+b1 cpp_4:11.2.0-2 cpp-11_11.2.0-10 dash_0.5.11+git20210120+802ebd4-2 debconf_1.5.78 debhelper_13.5.2 debian-archive-keyring_2021.1.1 debianutils_5.5-1 dh-autoreconf_20 dh-elpa-helper_2.0.9 dh-strip-nondeterminism_1.12.0-2 diffutils_1:3.7-5 dpkg_1.20.9 dpkg-dev_1.20.9 dwz_0.14-1 e2fsprogs_1.46.4-1 emacsen-common_3.0.4 fakeroot_1.26-1 file_1:5.39-3 findutils_4.8.0-1 g++_4:11.2.0-2 g++-11_11.2.0-10 gcc_4:11.2.0-2 gcc-10-base_10.3.0-11 gcc-11_11.2.0-10 gcc-11-base_11.2.0-10 gcc-9-base_9.4.0-3 gettext_0.21-4 gettext-base_0.21-4 glslang-dev_11.1.0-4 gpgv_2.2.27-2 grep_3.7-1 groff-base_1.22.4-7 gzip_1.10-4 hostname_3.23 init-system-helpers_1.60 intltool-debian_0.35.0+20060710.5 lib32gcc-s1_11.2.0-10 lib32stdc++6_11.2.0-10 libacl1_2.3.1-1 libapt-pkg6.0_2.3.11 libarchive-zip-perl_1.68-1 libarchive13_3.4.3-2+b1 libasan5_9.4.0-3 libasan6_11.2.0-10 libatomic1_11.2.0-10 libattr1_1:2.5.1-1 libaudit-common_1:3.0.6-1 libaudit1_1:3.0.6-1 libbinutils_2.37-7 libblkid1_2.37.2-4 libbrotli1_1.0.9-2+b2 libbsd0_0.11.3-1 libbz2-1.0_1.0.8-4 libc-bin_2.32-4 libc-dev-bin_2.32-4 libc6_2.32-4 libc6-dev_2.32-4 libc6-i386_2.32-4 libcap-ng0_0.7.9-2.2+b1 libcap2_1:2.44-1 libcc1-0_11.2.0-10 libclang-common-13-dev_1:13.0.0-8 libclang-cpp13_1:13.0.0-8 libclang1-13_1:13.0.0-8 libcom-err2_1.46.4-1 libcrypt-dev_1:4.4.25-2 libcrypt1_1:4.4.25-2 libctf-nobfd0_2.37-7 libctf0_2.37-7 libcurl4_7.74.0-1.3+b1 libdb5.3_5.3.28+dfsg1-0.8 libdebconfclient0_0.260 libdebhelper-perl_13.5.2 libdpkg-perl_1.20.9 libedit2_3.1-20210910-1 libelf1_0.185-2 libexpat1_2.4.1-3 libext2fs2_1.46.4-1 libfakeroot_1.26-1 libffi-dev_3.4.2-3 libffi8_3.4.2-3 libfile-stripnondeterminism-perl_1.12.0-2 libgc1_1:8.0.4-3 libgcc-11-dev_11.2.0-10 libgcc-9-dev_9.4.0-3 libgcc-s1_11.2.0-10 libgcrypt20_1.9.4-3+b1 libgdbm-compat4_1.22-1 libgdbm6_1.22-1 libglib2.0-0_2.70.0-3 libgmp10_2:6.2.1+dfsg-2 libgnutls30_3.7.2-2 libgomp1_11.2.0-10 libgpg-error0_1.42-3 libgssapi-krb5-2_1.18.3-7 libhogweed6_3.7.3-1 libicu67_67.1-7 libidn2-0_2.3.2-2 libisl23_0.24-2 libitm1_11.2.0-10 libjsoncpp24_1.9.4-5 libk5crypto3_1.18.3-7 libkeyutils1_1.6.1-2 libkrb5-3_1.18.3-7 libkrb5support0_1.18.3-7 libldap-2.4-2_2.4.59+dfsg-1 libllvm13_1:13.0.0-8 liblsan0_11.2.0-10 liblz4-1_1.9.3-2 liblzma5_5.2.5-2 libmagic-mgc_1:5.39-3 libmagic1_1:5.39-3 libmd0_1.0.4-1 libmount1_2.37.2-4 libmpc3_1.2.1-1 libmpdec3_2.5.1-2 libmpfr6_4.1.0-3 libncurses6_6.2+20210905-1 libncursesw6_6.2+20210905-1 libnettle8_3.7.3-1 libnghttp2-14_1.43.0-1 libnsl-dev_1.3.0-2 libnsl2_1.3.0-2 libobjc-11-dev_11.2.0-10 libobjc-9-dev_9.4.0-3 libobjc4_11.2.0-10 libomp-13-dev_1:13.0.0-8 libomp5-13_1:13.0.0-8 libp11-kit0_0.24.0-5 libpam-modules_1.4.0-10 libpam-modules-bin_1.4.0-10 libpam-runtime_1.4.0-10 libpam0g_1.4.0-10 libpcre2-8-0_10.36-2 libpcre3_2:8.39-13 libperl5.32_5.32.1-6 libpipeline1_1.5.3-1 libprocps8_2:3.3.17-5 libpsl5_0.21.0-1.2 libpthread-stubs0-dev_0.4-1 libpython3-stdlib_3.9.2-3 libpython3.9-minimal_3.9.7-4 libpython3.9-stdlib_3.9.7-4 libquadmath0_11.2.0-10 libreadline8_8.1-2 librhash0_1.4.2-1 librtmp1_2.4+20151223.gitfa8646d.1-2+b2 libsasl2-2_2.1.27+dfsg-2.1 libsasl2-modules-db_2.1.27+dfsg-2.1 libseccomp2_2.5.2-2 libselinux1_3.1-3 libsemanage-common_3.1-1 libsemanage1_3.1-1+b2 libsepol1_3.1-1 libsigsegv2_2.13-1 libsmartcols1_2.37.2-4 libsqlite3-0_3.36.0-2 libss2_1.46.4-1 libssh2-1_1.10.0-2 libssl1.1_1.1.1l-1 libstdc++-11-dev_11.2.0-10 libstdc++6_11.2.0-10 libsub-override-perl_0.09-2 libsystemd0_249.5-1 libtasn1-6_4.17.0-2 libtinfo6_6.2+20210905-1 libtirpc-common_1.3.2-2 libtirpc-dev_1.3.2-2 libtirpc3_1.3.2-2 libtool_2.4.6-15 libtsan0_11.2.0-10 libubsan1_11.2.0-10 libuchardet0_0.0.7-1 libudev1_249.5-1 libunistring2_0.9.10-6 libuuid1_2.37.2-4 libuv1_1.42.0-1 libvulkan-dev_1.2.189.0-2 libvulkan1_1.2.189.0-2 libwayland-bin_1.19.0-2+b1 libwayland-client0_1.19.0-2+b1 libwayland-cursor0_1.19.0-2+b1 libwayland-dev_1.19.0-2+b1 libwayland-egl1_1.19.0-2+b1 libwayland-server0_1.19.0-2+b1 libx11-6_2:1.7.2-2+b1 libx11-data_2:1.7.2-2 libx11-dev_2:1.7.2-2+b1 libxau-dev_1:1.0.9-1 libxau6_1:1.0.9-1 libxcb1_1.14-3 libxcb1-dev_1.14-3 libxdmcp-dev_1:1.1.2-3 libxdmcp6_1:1.1.2-3 libxext-dev_2:1.3.4-1 libxext6_2:1.3.4-1 libxml2_2.9.12+dfsg-5 libxrandr-dev_2:1.5.2-1 libxrandr2_2:1.5.2-1 libxrender-dev_1:0.9.10-1 libxrender1_1:0.9.10-1 libxxhash0_0.8.0-2 libz3-4_4.8.12-1+b1 libzstd1_1.4.8+dfsg-3 linux-libc-dev_5.14.12-1 login_1:4.8.1-1 logsave_1.46.4-1 lsb-base_11.1.0 m4_1.4.18-5 make_4.3-4.1 man-db_2.9.4-2 mawk_1.3.4.20200120-2 media-types_4.0.0 mount_2.37.2-4 ncurses-base_6.2+20210905-1 ncurses-bin_6.2+20210905-1 passwd_1:4.8.1-1 patch_2.7.6-7 perl_5.32.1-6 perl-base_5.32.1-6 perl-modules-5.32_5.32.1-6 pkg-config_0.29.2-1 po-debconf_1.0.21+nmu1 procps_2:3.3.17-5 python3_3.9.2-3 python3-minimal_3.9.2-3 python3.9_3.9.7-4 python3.9-minimal_3.9.7-4 qt5-qmake_5.15.2+dfsg-12 qt5-qmake-bin_5.15.2+dfsg-12 qtchooser_66-2 readline-common_8.1-2 rpcsvc-proto_1.4.2-4 sbuild-build-depends-main-dummy_0.invalid.0 sed_4.8-1 sensible-utils_0.0.17 spirv-headers_1.5.4+rt3-1 spirv-tools_2021.2+git20210818-1 sysvinit-utils_3.00-1 tar_1.34+dfsg-1 tzdata_2021e-1 util-linux_2.37.2-4 x11proto-dev_2021.5-1 xorg-sgml-doctools_1:1.11-1.1 xtrans-dev_1.4.0-1 xz-utils_5.2.5-2 zlib1g_1:1.2.11.dfsg-2

+------------------------------------------------------------------------------+
| Build                                                                        |
+------------------------------------------------------------------------------+


Unpack source
-------------

-----BEGIN PGP SIGNED MESSAGE-----
Hash: SHA512

Format: 3.0 (quilt)
Source: vulkan-validationlayers
Binary: vulkan-validationlayers, vulkan-validationlayers-dev
Architecture: linux-any
Version: 1.2.189.0-1.1
Maintainer: Debian X Strike Force <debian-x@lists.debian.org>
Uploaders: Timo Aaltonen <tjaalton@debian.org>
Homepage: https://github.com/KhronosGroup/Vulkan-ValidationLayers
Standards-Version: 4.5.0
Vcs-Browser: https://salsa.debian.org/xorg-team/vulkan/vulkan-validationlayers
Vcs-Git: https://salsa.debian.org/xorg-team/vulkan/vulkan-validationlayers.git
Build-Depends: debhelper-compat (= 12), cmake, glslang-dev (>= 8.13.3559+git3727), libvulkan-dev (>= 1.2.189.0), libwayland-dev, libx11-dev, libxrandr-dev, pkg-config, python3, spirv-headers, spirv-tools (>= 2020.6)
Package-List:
 vulkan-validationlayers deb libs optional arch=linux-any
 vulkan-validationlayers-dev deb libdevel optional arch=linux-any
Checksums-Sha1:
 1fec1e8d14a7c5c7e9d7de8f70b75b9420e7a237 2343528 vulkan-validationlayers_1.2.189.0.orig.tar.xz
 a8afab2d2a06c894630ff7fdeca625b04035f331 3748 vulkan-validationlayers_1.2.189.0-1.1.debian.tar.xz
Checksums-Sha256:
 f61627ad5afa2736af75945a0967cbdf87c12a1f36ed6e5bca1b00c6b4cb1dbf 2343528 vulkan-validationlayers_1.2.189.0.orig.tar.xz
 34e0a9be5068daf8c9493d48652b81de3d4f61ca6621fbd6253befec594adf52 3748 vulkan-validationlayers_1.2.189.0-1.1.debian.tar.xz
Files:
 1d0664119ac0c9c14f5e3ff24998ca1e 2343528 vulkan-validationlayers_1.2.189.0.orig.tar.xz
 65482f2160c8704989789404c09cb9aa 3748 vulkan-validationlayers_1.2.189.0-1.1.debian.tar.xz

-----BEGIN PGP SIGNATURE-----

iQIzBAEBCgAdFiEEcpcqg+UmRT3yiF+BVen596wcRD8FAmFdNSYACgkQVen596wc
RD9f4Q//eqvnaY3o3AS0D6+Ij+zGnLHHuoqjkGsHpXAl2u6L7wlLmLb8bBAhrt3j
2/rP86yz43jozoXZGItz0wMw7cVQ907NO/kO7y21c9/ZRDcBKcIMaxoicHvXz734
I4r82HKnRvE83VZxnv7Qcx6SlcfrxmHeSWE9hj+EVJp2kl+lAhvVYOuBsVmVHMwv
oBeSDTlyid5DN3LHK1/2sfLlFIltVdhfQ+YeBMVggOIHoe9700zhwKRkixEzbxV/
twyt/fool7sBZsMqKIab9mouM7thPosHjc/RI/Mq9fFTxfPWMmVh5WQSUwie4Lk7
ZoT9dLYfi7MvVN7guAXYODep/1FbIbmfsv6CtXdBbnqTNEdvzrDAChDKN5SmI4tD
L06yhqX/WlDYNjNX+0XmbZzCirrQzojT7pyh5k5PPdffCiJzkkuBsQBT67ScAwNe
DM8ofNLLjZB/D0xE2qMugzU1P9ulY1gWeuaTgyzhf8/ZW0p3iTk/pc2iA71++f50
KWLc5piQ8DhhyHWyH3QHr+/ZqdxUOMadC/vST6mT0fYItHPUNKtUn0ktmWCKVi1G
CbVn0t8D9XEYLZm44BV8Xvtza8GZ25AzZ9XBJuwblR3OKDmS+DYOtW04J89Z6+C/
CCRxgLzgA+F6VxKwa29aqPpxWlFjUVEoAxkXmBixwFzYA6LmFIs=
=yXZy
-----END PGP SIGNATURE-----

gpgv: unknown type of key resource 'trustedkeys.kbx'
gpgv: keyblock resource '/tmp/dpkg-verify-sig.dm3ikqEh/trustedkeys.kbx': General error
gpgv: Signature made Wed Oct  6 05:33:26 2021 UTC
gpgv:                using RSA key 72972A83E526453DF2885F8155E9F9F7AC1C443F
gpgv: Can't check signature: No public key
dpkg-source: warning: failed to verify signature on ./vulkan-validationlayers_1.2.189.0-1.1.dsc
dpkg-source: info: extracting vulkan-validationlayers in /<<PKGBUILDDIR>>
dpkg-source: info: unpacking vulkan-validationlayers_1.2.189.0.orig.tar.xz
dpkg-source: info: unpacking vulkan-validationlayers_1.2.189.0-1.1.debian.tar.xz
dpkg-source: info: using patch list from debian/patches/series
dpkg-source: info: applying fix_shared.patch

Check disk space
----------------

Sufficient free space for build

User Environment
----------------

APT_CONFIG=/var/lib/sbuild/apt.conf
HOME=/sbuild-nonexistent
LANG=C.UTF-8
LC_ALL=C.UTF-8
LOGNAME=user42
PATH=/usr/local/sbin:/usr/local/bin:/usr/sbin:/usr/bin:/sbin:/bin:/usr/games
SCHROOT_ALIAS_NAME=unstable
SCHROOT_CHROOT_NAME=sid-amd64-sbuild
SCHROOT_COMMAND=env
SCHROOT_GID=1001
SCHROOT_GROUP=user42
SCHROOT_SESSION_ID=sid-amd64-sbuild-98f4d932-ea05-4ded-bb38-613bb692f063
SCHROOT_UID=1001
SCHROOT_USER=user42
SHELL=/bin/sh
USER=user42

dpkg-buildpackage
-----------------

Command: dpkg-buildpackage -us -uc -b -rfakeroot
dpkg-buildpackage: info: source package vulkan-validationlayers
dpkg-buildpackage: info: source version 1.2.189.0-1.1
dpkg-buildpackage: info: source distribution unstable
dpkg-buildpackage: info: source changed by Marc Dequnes (Duck) <Duck@DuckCorp.org>
 dpkg-source --before-build .
dpkg-buildpackage: info: host architecture amd64
 fakeroot debian/rules clean
dh clean --builddirectory=build/
   dh_auto_clean -O--builddirectory=build/
   dh_autoreconf_clean -O--builddirectory=build/
   debian/rules override_dh_clean
make[1]: Entering directory '/<<PKGBUILDDIR>>'
dh_clean
rm -rf scripts/__pycache__
make[1]: Leaving directory '/<<PKGBUILDDIR>>'
 debian/rules build
dh build --builddirectory=build/
   dh_update_autotools_config -O--builddirectory=build/
   dh_autoreconf -O--builddirectory=build/
   debian/rules override_dh_auto_configure
make[1]: Entering directory '/<<PKGBUILDDIR>>'
dh_auto_configure -- \
-DCMAKE_BUILD_TYPE=Release \
-DBUILD_LAYER_SUPPORT_FILES=ON \
-DGLSLANG_INSTALL_DIR=/usr/bin \
-DSPIRV_HEADERS_INSTALL_DIR=/usr/include/spirv \
-DUSE_ROBIN_HOOD_HASHING=OFF \
-DVULKAN_HEADERS_INSTALL_DIR=/usr/include/vulkan/ \
-DVulkanRegistry_DIR=/usr/share/vulkan/registry
	cd build && cmake -DCMAKE_INSTALL_PREFIX=/usr -DCMAKE_BUILD_TYPE=None -DCMAKE_INSTALL_SYSCONFDIR=/etc -DCMAKE_INSTALL_LOCALSTATEDIR=/var -DCMAKE_EXPORT_NO_PACKAGE_REGISTRY=ON -DCMAKE_FIND_USE_PACKAGE_REGISTRY=OFF -DCMAKE_FIND_PACKAGE_NO_PACKAGE_REGISTRY=ON -DCMAKE_INSTALL_RUNSTATEDIR=/run "-GUnix Makefiles" -DCMAKE_VERBOSE_MAKEFILE=ON -DCMAKE_INSTALL_LIBDIR=lib/x86_64-linux-gnu -DCMAKE_BUILD_TYPE=Release -DBUILD_LAYER_SUPPORT_FILES=ON -DGLSLANG_INSTALL_DIR=/usr/bin -DSPIRV_HEADERS_INSTALL_DIR=/usr/include/spirv -DUSE_ROBIN_HOOD_HASHING=OFF -DVULKAN_HEADERS_INSTALL_DIR=/usr/include/vulkan/ -DVulkanRegistry_DIR=/usr/share/vulkan/registry ..
-- The C compiler identification is Clang 13.0.0
-- The CXX compiler identification is Clang 13.0.0
-- Detecting C compiler ABI info
-- Detecting C compiler ABI info - done
-- Check for working C compiler: /usr/bin/cc - skipped
-- Detecting C compile features
-- Detecting C compile features - done
-- Detecting CXX compiler ABI info
-- Detecting CXX compiler ABI info - done
-- Check for working CXX compiler: /usr/bin/c++ - skipped
-- Detecting CXX compile features
-- Detecting CXX compile features - done
********************************************************************************
* NOTE: Not adding target to run update_deps.py automatically.                 *
********************************************************************************
-- Found VulkanHeaders: /usr/include  
-- Found VulkanRegistry: /usr/share/vulkan/registry  
-- Found PkgConfig: /usr/bin/pkg-config (found version "0.29.2") 
-- Found XCB: /usr/include  
-- Found X11: /usr/include   
-- Looking for XOpenDisplay in /usr/lib/x86_64-linux-gnu/libX11.so;/usr/lib/x86_64-linux-gnu/libXext.so
-- Looking for XOpenDisplay in /usr/lib/x86_64-linux-gnu/libX11.so;/usr/lib/x86_64-linux-gnu/libXext.so - found
-- Looking for gethostbyname
-- Looking for gethostbyname - found
-- Looking for connect
-- Looking for connect - found
-- Looking for remove
-- Looking for remove - found
-- Looking for shmat
-- Looking for shmat - found
CMake Warning (dev) at /usr/share/cmake-3.21/Modules/FindPackageHandleStandardArgs.cmake:438 (message):
  The package name passed to `find_package_handle_standard_args`
  (WAYLAND_CLIENT) does not match the name of the calling package (Wayland).
  This can lead to problems in calling code that expects `find_package`
  result variables (e.g., `_FOUND`) to follow a certain pattern.
Call Stack (most recent call first):
  cmake/FindWayland.cmake:52 (FIND_PACKAGE_HANDLE_STANDARD_ARGS)
  CMakeLists.txt:166 (find_package)
This warning is for project developers.  Use -Wno-dev to suppress it.

-- Found WAYLAND_CLIENT: /usr/lib/x86_64-linux-gnu/libwayland-client.so  
CMake Warning (dev) at /usr/share/cmake-3.21/Modules/FindPackageHandleStandardArgs.cmake:438 (message):
  The package name passed to `find_package_handle_standard_args`
  (WAYLAND_SERVER) does not match the name of the calling package (Wayland).
  This can lead to problems in calling code that expects `find_package`
  result variables (e.g., `_FOUND`) to follow a certain pattern.
Call Stack (most recent call first):
  cmake/FindWayland.cmake:53 (FIND_PACKAGE_HANDLE_STANDARD_ARGS)
  CMakeLists.txt:166 (find_package)
This warning is for project developers.  Use -Wno-dev to suppress it.

-- Found WAYLAND_SERVER: /usr/lib/x86_64-linux-gnu/libwayland-server.so  
CMake Warning (dev) at /usr/share/cmake-3.21/Modules/FindPackageHandleStandardArgs.cmake:438 (message):
  The package name passed to `find_package_handle_standard_args`
  (WAYLAND_EGL) does not match the name of the calling package (Wayland).
  This can lead to problems in calling code that expects `find_package`
  result variables (e.g., `_FOUND`) to follow a certain pattern.
Call Stack (most recent call first):
  cmake/FindWayland.cmake:54 (FIND_PACKAGE_HANDLE_STANDARD_ARGS)
  CMakeLists.txt:166 (find_package)
This warning is for project developers.  Use -Wno-dev to suppress it.

-- Found WAYLAND_EGL: /usr/lib/x86_64-linux-gnu/libwayland-egl.so  
CMake Warning (dev) at /usr/share/cmake-3.21/Modules/FindPackageHandleStandardArgs.cmake:438 (message):
  The package name passed to `find_package_handle_standard_args`
  (WAYLAND_CURSOR) does not match the name of the calling package (Wayland).
  This can lead to problems in calling code that expects `find_package`
  result variables (e.g., `_FOUND`) to follow a certain pattern.
Call Stack (most recent call first):
  cmake/FindWayland.cmake:55 (FIND_PACKAGE_HANDLE_STANDARD_ARGS)
  CMakeLists.txt:166 (find_package)
This warning is for project developers.  Use -Wno-dev to suppress it.

-- Found WAYLAND_CURSOR: /usr/lib/x86_64-linux-gnu/libwayland-cursor.so  
CMake Warning (dev) at /usr/share/cmake-3.21/Modules/FindPackageHandleStandardArgs.cmake:438 (message):
  The package name passed to `find_package_handle_standard_args` (WAYLAND)
  does not match the name of the calling package (Wayland).  This can lead to
  problems in calling code that expects `find_package` result variables
  (e.g., `_FOUND`) to follow a certain pattern.
Call Stack (most recent call first):
  cmake/FindWayland.cmake:56 (FIND_PACKAGE_HANDLE_STANDARD_ARGS)
  CMakeLists.txt:166 (find_package)
This warning is for project developers.  Use -Wno-dev to suppress it.

-- Found WAYLAND: /usr/lib/x86_64-linux-gnu/libwayland-client.so;/usr/lib/x86_64-linux-gnu/libwayland-server.so;/usr/lib/x86_64-linux-gnu/libwayland-egl.so;/usr/lib/x86_64-linux-gnu/libwayland-cursor.so  
-- Configuring done
-- Generating done
CMake Warning:
  Manually-specified variables were not used by the project:

    CMAKE_EXPORT_NO_PACKAGE_REGISTRY
    CMAKE_FIND_PACKAGE_NO_PACKAGE_REGISTRY


-- Build files have been written to: /<<PKGBUILDDIR>>/build
make[1]: Leaving directory '/<<PKGBUILDDIR>>'
   dh_auto_build -O--builddirectory=build/
	cd build && make -j4 "INSTALL=install --strip-program=true" VERBOSE=1
make[1]: Entering directory '/<<PKGBUILDDIR>>/build'
/usr/bin/cmake -S/<<PKGBUILDDIR>> -B/<<PKGBUILDDIR>>/build --check-build-system CMakeFiles/Makefile.cmake 0
/usr/bin/cmake -E cmake_progress_start /<<PKGBUILDDIR>>/build/CMakeFiles /<<PKGBUILDDIR>>/build//CMakeFiles/progress.marks
make  -f CMakeFiles/Makefile2 all
make[2]: Entering directory '/<<PKGBUILDDIR>>/build'
make  -f CMakeFiles/VkLayer_utils.dir/build.make CMakeFiles/VkLayer_utils.dir/depend
make[3]: Entering directory '/<<PKGBUILDDIR>>/build'
cd /<<PKGBUILDDIR>>/build && /usr/bin/cmake -E cmake_depends "Unix Makefiles" /<<PKGBUILDDIR>> /<<PKGBUILDDIR>> /<<PKGBUILDDIR>>/build /<<PKGBUILDDIR>>/build /<<PKGBUILDDIR>>/build/CMakeFiles/VkLayer_utils.dir/DependInfo.cmake --color=
make[3]: Leaving directory '/<<PKGBUILDDIR>>/build'
make  -f CMakeFiles/VkLayer_utils.dir/build.make CMakeFiles/VkLayer_utils.dir/build
make[3]: Entering directory '/<<PKGBUILDDIR>>/build'
[  4%] Building CXX object CMakeFiles/VkLayer_utils.dir/layers/vk_layer_config.cpp.o
[  4%] Building CXX object CMakeFiles/VkLayer_utils.dir/layers/vk_layer_utils.cpp.o
[  9%] Building CXX object CMakeFiles/VkLayer_utils.dir/layers/vk_layer_extension_utils.cpp.o
[  9%] Building CXX object CMakeFiles/VkLayer_utils.dir/layers/vk_format_utils.cpp.o
/usr/bin/c++ -DAPI_NAME=\"Vulkan\" -DVK_ENABLE_BETA_EXTENSIONS -DVkLayer_utils_EXPORTS -I/<<PKGBUILDDIR>>/layers -I/<<PKGBUILDDIR>>/layers/generated -I/<<PKGBUILDDIR>>/build -I/<<PKGBUILDDIR>>/build/layers -g -O2 -ffile-prefix-map=/<<PKGBUILDDIR>>=. -fstack-protector-strong -Wformat -Werror=format-security -Wdate-time -D_FORTIFY_SOURCE=2 -O3 -DNDEBUG -fPIC -Wall -Wextra -Wno-unused-parameter -Wno-missing-field-initializers -fno-strict-aliasing -fno-builtin-memcmp -fvisibility=hidden -Werror -std=gnu++11 -MD -MT CMakeFiles/VkLayer_utils.dir/layers/vk_layer_utils.cpp.o -MF CMakeFiles/VkLayer_utils.dir/layers/vk_layer_utils.cpp.o.d -o CMakeFiles/VkLayer_utils.dir/layers/vk_layer_utils.cpp.o -c /<<PKGBUILDDIR>>/layers/vk_layer_utils.cpp
/usr/bin/c++ -DAPI_NAME=\"Vulkan\" -DVK_ENABLE_BETA_EXTENSIONS -DVkLayer_utils_EXPORTS -I/<<PKGBUILDDIR>>/layers -I/<<PKGBUILDDIR>>/layers/generated -I/<<PKGBUILDDIR>>/build -I/<<PKGBUILDDIR>>/build/layers -g -O2 -ffile-prefix-map=/<<PKGBUILDDIR>>=. -fstack-protector-strong -Wformat -Werror=format-security -Wdate-time -D_FORTIFY_SOURCE=2 -O3 -DNDEBUG -fPIC -Wall -Wextra -Wno-unused-parameter -Wno-missing-field-initializers -fno-strict-aliasing -fno-builtin-memcmp -fvisibility=hidden -Werror -std=gnu++11 -MD -MT CMakeFiles/VkLayer_utils.dir/layers/vk_layer_config.cpp.o -MF CMakeFiles/VkLayer_utils.dir/layers/vk_layer_config.cpp.o.d -o CMakeFiles/VkLayer_utils.dir/layers/vk_layer_config.cpp.o -c /<<PKGBUILDDIR>>/layers/vk_layer_config.cpp
/usr/bin/c++ -DAPI_NAME=\"Vulkan\" -DVK_ENABLE_BETA_EXTENSIONS -DVkLayer_utils_EXPORTS -I/<<PKGBUILDDIR>>/layers -I/<<PKGBUILDDIR>>/layers/generated -I/<<PKGBUILDDIR>>/build -I/<<PKGBUILDDIR>>/build/layers -g -O2 -ffile-prefix-map=/<<PKGBUILDDIR>>=. -fstack-protector-strong -Wformat -Werror=format-security -Wdate-time -D_FORTIFY_SOURCE=2 -O3 -DNDEBUG -fPIC -Wall -Wextra -Wno-unused-parameter -Wno-missing-field-initializers -fno-strict-aliasing -fno-builtin-memcmp -fvisibility=hidden -Werror -std=gnu++11 -MD -MT CMakeFiles/VkLayer_utils.dir/layers/vk_layer_extension_utils.cpp.o -MF CMakeFiles/VkLayer_utils.dir/layers/vk_layer_extension_utils.cpp.o.d -o CMakeFiles/VkLayer_utils.dir/layers/vk_layer_extension_utils.cpp.o -c /<<PKGBUILDDIR>>/layers/vk_layer_extension_utils.cpp
/usr/bin/c++ -DAPI_NAME=\"Vulkan\" -DVK_ENABLE_BETA_EXTENSIONS -DVkLayer_utils_EXPORTS -I/<<PKGBUILDDIR>>/layers -I/<<PKGBUILDDIR>>/layers/generated -I/<<PKGBUILDDIR>>/build -I/<<PKGBUILDDIR>>/build/layers -g -O2 -ffile-prefix-map=/<<PKGBUILDDIR>>=. -fstack-protector-strong -Wformat -Werror=format-security -Wdate-time -D_FORTIFY_SOURCE=2 -O3 -DNDEBUG -fPIC -Wall -Wextra -Wno-unused-parameter -Wno-missing-field-initializers -fno-strict-aliasing -fno-builtin-memcmp -fvisibility=hidden -Werror -std=gnu++11 -MD -MT CMakeFiles/VkLayer_utils.dir/layers/vk_format_utils.cpp.o -MF CMakeFiles/VkLayer_utils.dir/layers/vk_format_utils.cpp.o.d -o CMakeFiles/VkLayer_utils.dir/layers/vk_format_utils.cpp.o -c /<<PKGBUILDDIR>>/layers/vk_format_utils.cpp
[ 11%] Linking CXX shared library libVkLayer_utils-@PACKAGE_VERSION@.so
/usr/bin/cmake -E cmake_link_script CMakeFiles/VkLayer_utils.dir/link.txt --verbose=1
/usr/bin/c++ -fPIC -g -O2 -ffile-prefix-map=/<<PKGBUILDDIR>>=. -fstack-protector-strong -Wformat -Werror=format-security -Wdate-time -D_FORTIFY_SOURCE=2 -O3 -DNDEBUG -Wl,-z,relro -shared -Wl,-soname,libVkLayer_utils-@PACKAGE_VERSION@.so -o libVkLayer_utils-@PACKAGE_VERSION@.so CMakeFiles/VkLayer_utils.dir/layers/vk_layer_config.cpp.o CMakeFiles/VkLayer_utils.dir/layers/vk_layer_extension_utils.cpp.o CMakeFiles/VkLayer_utils.dir/layers/vk_layer_utils.cpp.o CMakeFiles/VkLayer_utils.dir/layers/vk_format_utils.cpp.o 
make[3]: Leaving directory '/<<PKGBUILDDIR>>/build'
[ 11%] Built target VkLayer_utils
make  -f layers/CMakeFiles/VkLayer_khronos_validation.dir/build.make layers/CMakeFiles/VkLayer_khronos_validation.dir/depend
make[3]: Entering directory '/<<PKGBUILDDIR>>/build'
cd /<<PKGBUILDDIR>>/build && /usr/bin/cmake -E cmake_depends "Unix Makefiles" /<<PKGBUILDDIR>> /<<PKGBUILDDIR>>/layers /<<PKGBUILDDIR>>/build /<<PKGBUILDDIR>>/build/layers /<<PKGBUILDDIR>>/build/layers/CMakeFiles/VkLayer_khronos_validation.dir/DependInfo.cmake --color=
make[3]: Leaving directory '/<<PKGBUILDDIR>>/build'
make  -f layers/CMakeFiles/VkLayer_khronos_validation.dir/build.make layers/CMakeFiles/VkLayer_khronos_validation.dir/build
make[3]: Entering directory '/<<PKGBUILDDIR>>/build'
[ 15%] Building CXX object layers/CMakeFiles/VkLayer_khronos_validation.dir/generated/layer_chassis_dispatch.cpp.o
[ 15%] Building CXX object layers/CMakeFiles/VkLayer_khronos_validation.dir/generated/chassis.cpp.o
[ 18%] Building CXX object layers/CMakeFiles/VkLayer_khronos_validation.dir/layer_options.cpp.o
[ 20%] Building CXX object layers/CMakeFiles/VkLayer_khronos_validation.dir/generated/vk_safe_struct.cpp.o
cd /<<PKGBUILDDIR>>/build/layers && /usr/bin/c++ -DAPI_NAME=\"Vulkan\" -DVK_ENABLE_BETA_EXTENSIONS -DVK_USE_PLATFORM_WAYLAND_KHR -DVK_USE_PLATFORM_WAYLAND_KHX -DVK_USE_PLATFORM_XCB_KHR -DVK_USE_PLATFORM_XCB_KHX -DVK_USE_PLATFORM_XLIB_KHR -DVK_USE_PLATFORM_XLIB_KHX -DVK_USE_PLATFORM_XLIB_XRANDR_EXT -DVkLayer_khronos_validation_EXPORTS -I/<<PKGBUILDDIR>>/layers -I/<<PKGBUILDDIR>>/layers/generated -I/usr/bin/include -I/usr/include/spirv/include -I/<<PKGBUILDDIR>>/build -I/<<PKGBUILDDIR>>/build/layers -g -O2 -ffile-prefix-map=/<<PKGBUILDDIR>>=. -fstack-protector-strong -Wformat -Werror=format-security -Wdate-time -D_FORTIFY_SOURCE=2 -Wpointer-arith -Wno-unused-function -Wno-sign-compare -O3 -DNDEBUG -fPIC -Wall -Wextra -Wno-unused-parameter -Wno-missing-field-initializers -fno-strict-aliasing -fno-builtin-memcmp -fvisibility=hidden -Werror -std=gnu++11 -MD -MT layers/CMakeFiles/VkLayer_khronos_validation.dir/generated/chassis.cpp.o -MF CMakeFiles/VkLayer_khronos_validation.dir/generated/chassis.cpp.o.d -o CMakeFiles/VkLayer_khronos_validation.dir/generated/chassis.cpp.o -c /<<PKGBUILDDIR>>/layers/generated/chassis.cpp
cd /<<PKGBUILDDIR>>/build/layers && /usr/bin/c++ -DAPI_NAME=\"Vulkan\" -DVK_ENABLE_BETA_EXTENSIONS -DVK_USE_PLATFORM_WAYLAND_KHR -DVK_USE_PLATFORM_WAYLAND_KHX -DVK_USE_PLATFORM_XCB_KHR -DVK_USE_PLATFORM_XCB_KHX -DVK_USE_PLATFORM_XLIB_KHR -DVK_USE_PLATFORM_XLIB_KHX -DVK_USE_PLATFORM_XLIB_XRANDR_EXT -DVkLayer_khronos_validation_EXPORTS -I/<<PKGBUILDDIR>>/layers -I/<<PKGBUILDDIR>>/layers/generated -I/usr/bin/include -I/usr/include/spirv/include -I/<<PKGBUILDDIR>>/build -I/<<PKGBUILDDIR>>/build/layers -g -O2 -ffile-prefix-map=/<<PKGBUILDDIR>>=. -fstack-protector-strong -Wformat -Werror=format-security -Wdate-time -D_FORTIFY_SOURCE=2 -Wpointer-arith -Wno-unused-function -Wno-sign-compare -O3 -DNDEBUG -fPIC -Wall -Wextra -Wno-unused-parameter -Wno-missing-field-initializers -fno-strict-aliasing -fno-builtin-memcmp -fvisibility=hidden -Werror -std=gnu++11 -MD -MT layers/CMakeFiles/VkLayer_khronos_validation.dir/generated/layer_chassis_dispatch.cpp.o -MF CMakeFiles/VkLayer_khronos_validation.dir/generated/layer_chassis_dispatch.cpp.o.d -o CMakeFiles/VkLayer_khronos_validation.dir/generated/layer_chassis_dispatch.cpp.o -c /<<PKGBUILDDIR>>/layers/generated/layer_chassis_dispatch.cpp
cd /<<PKGBUILDDIR>>/build/layers && /usr/bin/c++ -DAPI_NAME=\"Vulkan\" -DVK_ENABLE_BETA_EXTENSIONS -DVK_USE_PLATFORM_WAYLAND_KHR -DVK_USE_PLATFORM_WAYLAND_KHX -DVK_USE_PLATFORM_XCB_KHR -DVK_USE_PLATFORM_XCB_KHX -DVK_USE_PLATFORM_XLIB_KHR -DVK_USE_PLATFORM_XLIB_KHX -DVK_USE_PLATFORM_XLIB_XRANDR_EXT -DVkLayer_khronos_validation_EXPORTS -I/<<PKGBUILDDIR>>/layers -I/<<PKGBUILDDIR>>/layers/generated -I/usr/bin/include -I/usr/include/spirv/include -I/<<PKGBUILDDIR>>/build -I/<<PKGBUILDDIR>>/build/layers -g -O2 -ffile-prefix-map=/<<PKGBUILDDIR>>=. -fstack-protector-strong -Wformat -Werror=format-security -Wdate-time -D_FORTIFY_SOURCE=2 -Wpointer-arith -Wno-unused-function -Wno-sign-compare -O3 -DNDEBUG -fPIC -Wall -Wextra -Wno-unused-parameter -Wno-missing-field-initializers -fno-strict-aliasing -fno-builtin-memcmp -fvisibility=hidden -Werror -std=gnu++11 -MD -MT layers/CMakeFiles/VkLayer_khronos_validation.dir/generated/vk_safe_struct.cpp.o -MF CMakeFiles/VkLayer_khronos_validation.dir/generated/vk_safe_struct.cpp.o.d -o CMakeFiles/VkLayer_khronos_validation.dir/generated/vk_safe_struct.cpp.o -c /<<PKGBUILDDIR>>/layers/generated/vk_safe_struct.cpp
cd /<<PKGBUILDDIR>>/build/layers && /usr/bin/c++ -DAPI_NAME=\"Vulkan\" -DVK_ENABLE_BETA_EXTENSIONS -DVK_USE_PLATFORM_WAYLAND_KHR -DVK_USE_PLATFORM_WAYLAND_KHX -DVK_USE_PLATFORM_XCB_KHR -DVK_USE_PLATFORM_XCB_KHX -DVK_USE_PLATFORM_XLIB_KHR -DVK_USE_PLATFORM_XLIB_KHX -DVK_USE_PLATFORM_XLIB_XRANDR_EXT -DVkLayer_khronos_validation_EXPORTS -I/<<PKGBUILDDIR>>/layers -I/<<PKGBUILDDIR>>/layers/generated -I/usr/bin/include -I/usr/include/spirv/include -I/<<PKGBUILDDIR>>/build -I/<<PKGBUILDDIR>>/build/layers -g -O2 -ffile-prefix-map=/<<PKGBUILDDIR>>=. -fstack-protector-strong -Wformat -Werror=format-security -Wdate-time -D_FORTIFY_SOURCE=2 -Wpointer-arith -Wno-unused-function -Wno-sign-compare -O3 -DNDEBUG -fPIC -Wall -Wextra -Wno-unused-parameter -Wno-missing-field-initializers -fno-strict-aliasing -fno-builtin-memcmp -fvisibility=hidden -Werror -std=gnu++11 -MD -MT layers/CMakeFiles/VkLayer_khronos_validation.dir/layer_options.cpp.o -MF CMakeFiles/VkLayer_khronos_validation.dir/layer_options.cpp.o.d -o CMakeFiles/VkLayer_khronos_validation.dir/layer_options.cpp.o -c /<<PKGBUILDDIR>>/layers/layer_options.cpp
In file included from /<<PKGBUILDDIR>>/layers/generated/chassis.cpp:48:
In file included from /<<PKGBUILDDIR>>/layers/best_practices_validation.h:26:
In file included from /<<PKGBUILDDIR>>/layers/image_state.h:31:
In file included from /<<PKGBUILDDIR>>/layers/image_layout_map.h:30:
/<<PKGBUILDDIR>>/layers/subresource_adapter.h:67:5: error: definition of implicit copy assignment operator for 'Subresource' is deprecated because it has a user-declared copy constructor [-Werror,-Wdeprecated-copy]
    Subresource(const Subresource& from) = default;
    ^
/<<PKGBUILDDIR>>/layers/subresource_adapter.h:305:42: note: in implicit copy assignment operator for 'subresource_adapter::Subresource' first required here
        *static_cast<Subresource*>(this) = encoder_->Decode(index);
                                         ^
[ 22%] Building CXX object layers/CMakeFiles/VkLayer_khronos_validation.dir/state_tracker.cpp.o
cd /<<PKGBUILDDIR>>/build/layers && /usr/bin/c++ -DAPI_NAME=\"Vulkan\" -DVK_ENABLE_BETA_EXTENSIONS -DVK_USE_PLATFORM_WAYLAND_KHR -DVK_USE_PLATFORM_WAYLAND_KHX -DVK_USE_PLATFORM_XCB_KHR -DVK_USE_PLATFORM_XCB_KHX -DVK_USE_PLATFORM_XLIB_KHR -DVK_USE_PLATFORM_XLIB_KHX -DVK_USE_PLATFORM_XLIB_XRANDR_EXT -DVkLayer_khronos_validation_EXPORTS -I/<<PKGBUILDDIR>>/layers -I/<<PKGBUILDDIR>>/layers/generated -I/usr/bin/include -I/usr/include/spirv/include -I/<<PKGBUILDDIR>>/build -I/<<PKGBUILDDIR>>/build/layers -g -O2 -ffile-prefix-map=/<<PKGBUILDDIR>>=. -fstack-protector-strong -Wformat -Werror=format-security -Wdate-time -D_FORTIFY_SOURCE=2 -Wpointer-arith -Wno-unused-function -Wno-sign-compare -O3 -DNDEBUG -fPIC -Wall -Wextra -Wno-unused-parameter -Wno-missing-field-initializers -fno-strict-aliasing -fno-builtin-memcmp -fvisibility=hidden -Werror -std=gnu++11 -MD -MT layers/CMakeFiles/VkLayer_khronos_validation.dir/state_tracker.cpp.o -MF CMakeFiles/VkLayer_khronos_validation.dir/state_tracker.cpp.o.d -o CMakeFiles/VkLayer_khronos_validation.dir/state_tracker.cpp.o -c /<<PKGBUILDDIR>>/layers/state_tracker.cpp
1 error generated.
make[3]: *** [layers/CMakeFiles/VkLayer_khronos_validation.dir/build.make:79: layers/CMakeFiles/VkLayer_khronos_validation.dir/generated/chassis.cpp.o] Error 1
make[3]: *** Waiting for unfinished jobs....
In file included from /<<PKGBUILDDIR>>/layers/state_tracker.cpp:39:
In file included from /<<PKGBUILDDIR>>/layers/cmd_buffer_state.h:32:
/<<PKGBUILDDIR>>/layers/subresource_adapter.h:67:5: error: definition of implicit copy assignment operator for 'Subresource' is deprecated because it has a user-declared copy constructor [-Werror,-Wdeprecated-copy]
    Subresource(const Subresource& from) = default;
    ^
/<<PKGBUILDDIR>>/layers/subresource_adapter.h:305:42: note: in implicit copy assignment operator for 'subresource_adapter::Subresource' first required here
        *static_cast<Subresource*>(this) = encoder_->Decode(index);
                                         ^
1 error generated.
make[3]: *** [layers/CMakeFiles/VkLayer_khronos_validation.dir/build.make:135: layers/CMakeFiles/VkLayer_khronos_validation.dir/state_tracker.cpp.o] Error 1
make[3]: Leaving directory '/<<PKGBUILDDIR>>/build'
make[2]: *** [CMakeFiles/Makefile2:239: layers/CMakeFiles/VkLayer_khronos_validation.dir/all] Error 2
make[2]: Leaving directory '/<<PKGBUILDDIR>>/build'
make[1]: *** [Makefile:149: all] Error 2
make[1]: Leaving directory '/<<PKGBUILDDIR>>/build'
dh_auto_build: error: cd build && make -j4 "INSTALL=install --strip-program=true" VERBOSE=1 returned exit code 2
make: *** [debian/rules:8: build] Error 25
dpkg-buildpackage: error: debian/rules build subprocess returned exit status 2
--------------------------------------------------------------------------------
Build finished at 2021-10-26T21:27:11Z

Finished
--------


+------------------------------------------------------------------------------+
| Cleanup                                                                      |
+------------------------------------------------------------------------------+

Purging /<<BUILDDIR>>
Not cleaning session: cloned chroot in use
E: Build failure (dpkg-buildpackage died)

+------------------------------------------------------------------------------+
| Summary                                                                      |
+------------------------------------------------------------------------------+

Build Architecture: amd64
Build Type: binary
Build-Space: 47424
Build-Time: 25
Distribution: unstable
Fail-Stage: build
Host Architecture: amd64
Install-Time: 12
Job: vulkan-validationlayers_1.2.189.0-1.1
Machine Architecture: amd64
Package: vulkan-validationlayers
Package-Time: 59
Source-Version: 1.2.189.0-1.1
Space: 47424
Status: attempted
Version: 1.2.189.0-1.1
--------------------------------------------------------------------------------
Finished at 2021-10-26T21:27:11Z
Build needed 00:00:59, 47424k disk space
E: Build failure (dpkg-buildpackage died)
DC-Status: Failed 59.136761023s
DC-Time-Estimation: 59.136761023 versus expected 435 (r/m: 6.355830662264642 ; m: 59.136761023)
