DC-Build-Header: open-invaders 0.3-4.3 / 2019-01-09 22:28:44 +0000
DC-Task: type:rebuild-binarch-only source:open-invaders version:0.3-4.3 chroot:unstable esttime:43 logfile:/tmp/open-invaders_0.3-4.3_unstable_clang7.log modes:clang7:binarch-only
DC-Sbuild-call: su user42 -c 'sbuild -n --arch-any --apt-update -d unstable -v  --chroot-setup-commands=/tmp/clang7 open-invaders_0.3-4.3'
sbuild (Debian sbuild) 0.73.0 (23 Dec 2016) on ip-172-31-3-231.eu-central-1.compute.internal

+==============================================================================+
| open-invaders 0.3-4.3 (amd64)                Wed, 09 Jan 2019 22:28:45 +0000 |
+==============================================================================+

Package: open-invaders
Version: 0.3-4.3
Source Version: 0.3-4.3
Distribution: unstable
Machine Architecture: amd64
Host Architecture: amd64
Build Architecture: amd64
Build Type: any

I: NOTICE: Log filtering will replace 'var/run/schroot/mount/sid-amd64-sbuild-2c62e8df-1a22-4f7a-a60d-b7fb7759b776' with '<<CHROOT>>'

+------------------------------------------------------------------------------+
| Chroot Setup Commands                                                        |
+------------------------------------------------------------------------------+


/tmp/clang7
-----------

+ echo 'Entering customization script...'
Entering customization script...
+ CLANG_VERSION=7
+ echo 'Install of clang-7'
Install of clang-7
+ apt-get update
Get:1 http://127.0.0.1:9999/debian sid InRelease [238 kB]
Get:2 http://127.0.0.1:9999/debian sid/main Sources.diff/Index [27.9 kB]
Get:3 http://127.0.0.1:9999/debian sid/main amd64 Packages.diff/Index [27.9 kB]
Get:4 http://127.0.0.1:9999/debian sid/main Sources 2019-01-09-1430.36.pdiff [24.1 kB]
Get:5 http://127.0.0.1:9999/debian sid/main Sources 2019-01-09-2026.40.pdiff [16.8 kB]
Get:6 http://127.0.0.1:9999/debian sid/main amd64 Packages 2019-01-09-1430.36.pdiff [40.9 kB]
Get:7 http://127.0.0.1:9999/debian sid/main amd64 Packages 2019-01-09-2026.40.pdiff [32.0 kB]
Get:5 http://127.0.0.1:9999/debian sid/main Sources 2019-01-09-2026.40.pdiff [16.8 kB]
Get:7 http://127.0.0.1:9999/debian sid/main amd64 Packages 2019-01-09-2026.40.pdiff [32.0 kB]
Get:8 http://127.0.0.1:9999/debian sid/main Translation-en [6274 kB]
Fetched 6681 kB in 2s (3292 kB/s)
Reading package lists...
+ apt-get install --yes --no-install-recommends --force-yes clang-7 libomp-7-dev libobjc-8-dev
Reading package lists...
Building dependency tree...
The following additional packages will be installed:
  lib32gcc1 lib32stdc++6 libbsd0 libc6-i386 libclang-common-7-dev libclang1-7
  libedit2 libgc1c2 libllvm7 libobjc4 libomp5-7
Suggested packages:
  clang-7-doc libomp-7-doc
Recommended packages:
  llvm-7-dev python
The following NEW packages will be installed:
  clang-7 lib32gcc1 lib32stdc++6 libbsd0 libc6-i386 libclang-common-7-dev
  libclang1-7 libedit2 libgc1c2 libllvm7 libobjc-8-dev libobjc4 libomp-7-dev
  libomp5-7
0 upgraded, 14 newly installed, 0 to remove and 5 not upgraded.
Need to get 34.5 MB of archives.
After this operation, 185 MB of additional disk space will be used.
Get:1 http://127.0.0.1:9999/debian sid/main amd64 libbsd0 amd64 0.9.1-1 [99.3 kB]
Get:2 http://127.0.0.1:9999/debian sid/main amd64 libedit2 amd64 3.1-20181209-1 [94.0 kB]
Get:3 http://127.0.0.1:9999/debian sid/main amd64 libllvm7 amd64 1:7.0.1-4 [13.0 MB]
Get:4 http://127.0.0.1:9999/debian sid/main amd64 libgc1c2 amd64 1:7.6.4-0.4 [224 kB]
Get:5 http://127.0.0.1:9999/debian sid/main amd64 libobjc4 amd64 8.2.0-14 [50.4 kB]
Get:6 http://127.0.0.1:9999/debian sid/main amd64 libobjc-8-dev amd64 8.2.0-14 [225 kB]
Get:7 http://127.0.0.1:9999/debian sid/main amd64 libc6-i386 amd64 2.28-4 [2873 kB]
Get:8 http://127.0.0.1:9999/debian sid/main amd64 lib32gcc1 amd64 1:8.2.0-14 [47.9 kB]
Get:9 http://127.0.0.1:9999/debian sid/main amd64 lib32stdc++6 amd64 8.2.0-14 [406 kB]
Get:10 http://127.0.0.1:9999/debian sid/main amd64 libclang-common-7-dev amd64 1:7.0.1-4 [3155 kB]
Get:11 http://127.0.0.1:9999/debian sid/main amd64 libclang1-7 amd64 1:7.0.1-4 [5991 kB]
Get:12 http://127.0.0.1:9999/debian sid/main amd64 clang-7 amd64 1:7.0.1-4 [7887 kB]
Get:13 http://127.0.0.1:9999/debian sid/main amd64 libomp5-7 amd64 1:7.0.1-4 [318 kB]
Get:14 http://127.0.0.1:9999/debian sid/main amd64 libomp-7-dev amd64 1:7.0.1-4 [57.1 kB]
debconf: delaying package configuration, since apt-utils is not installed
Fetched 34.5 MB in 0s (116 MB/s)
Selecting previously unselected package libbsd0:amd64.
(Reading database ... (Reading database ... 5%(Reading database ... 10%(Reading database ... 15%(Reading database ... 20%(Reading database ... 25%(Reading database ... 30%(Reading database ... 35%(Reading database ... 40%(Reading database ... 45%(Reading database ... 50%(Reading database ... 55%(Reading database ... 60%(Reading database ... 65%(Reading database ... 70%(Reading database ... 75%(Reading database ... 80%(Reading database ... 85%(Reading database ... 90%(Reading database ... 95%(Reading database ... 100%(Reading database ... 11802 files and directories currently installed.)
Preparing to unpack .../00-libbsd0_0.9.1-1_amd64.deb ...
Unpacking libbsd0:amd64 (0.9.1-1) ...
Selecting previously unselected package libedit2:amd64.
Preparing to unpack .../01-libedit2_3.1-20181209-1_amd64.deb ...
Unpacking libedit2:amd64 (3.1-20181209-1) ...
Selecting previously unselected package libllvm7:amd64.
Preparing to unpack .../02-libllvm7_1%3a7.0.1-4_amd64.deb ...
Unpacking libllvm7:amd64 (1:7.0.1-4) ...
Selecting previously unselected package libgc1c2:amd64.
Preparing to unpack .../03-libgc1c2_1%3a7.6.4-0.4_amd64.deb ...
Unpacking libgc1c2:amd64 (1:7.6.4-0.4) ...
Selecting previously unselected package libobjc4:amd64.
Preparing to unpack .../04-libobjc4_8.2.0-14_amd64.deb ...
Unpacking libobjc4:amd64 (8.2.0-14) ...
Selecting previously unselected package libobjc-8-dev:amd64.
Preparing to unpack .../05-libobjc-8-dev_8.2.0-14_amd64.deb ...
Unpacking libobjc-8-dev:amd64 (8.2.0-14) ...
Selecting previously unselected package libc6-i386.
Preparing to unpack .../06-libc6-i386_2.28-4_amd64.deb ...
Unpacking libc6-i386 (2.28-4) ...
Selecting previously unselected package lib32gcc1.
Preparing to unpack .../07-lib32gcc1_1%3a8.2.0-14_amd64.deb ...
Unpacking lib32gcc1 (1:8.2.0-14) ...
Selecting previously unselected package lib32stdc++6.
Preparing to unpack .../08-lib32stdc++6_8.2.0-14_amd64.deb ...
Unpacking lib32stdc++6 (8.2.0-14) ...
Selecting previously unselected package libclang-common-7-dev.
Preparing to unpack .../09-libclang-common-7-dev_1%3a7.0.1-4_amd64.deb ...
Unpacking libclang-common-7-dev (1:7.0.1-4) ...
Selecting previously unselected package libclang1-7:amd64.
Preparing to unpack .../10-libclang1-7_1%3a7.0.1-4_amd64.deb ...
Unpacking libclang1-7:amd64 (1:7.0.1-4) ...
Selecting previously unselected package clang-7.
Preparing to unpack .../11-clang-7_1%3a7.0.1-4_amd64.deb ...
Unpacking clang-7 (1:7.0.1-4) ...
Selecting previously unselected package libomp5-7:amd64.
Preparing to unpack .../12-libomp5-7_1%3a7.0.1-4_amd64.deb ...
Unpacking libomp5-7:amd64 (1:7.0.1-4) ...
Selecting previously unselected package libomp-7-dev.
Preparing to unpack .../13-libomp-7-dev_1%3a7.0.1-4_amd64.deb ...
Unpacking libomp-7-dev (1:7.0.1-4) ...
Setting up libgc1c2:amd64 (1:7.6.4-0.4) ...
Setting up libc6-i386 (2.28-4) ...
Setting up libbsd0:amd64 (0.9.1-1) ...
Setting up libomp5-7:amd64 (1:7.0.1-4) ...
Processing triggers for libc-bin (2.28-4) ...
Setting up libomp-7-dev (1:7.0.1-4) ...
Setting up lib32gcc1 (1:8.2.0-14) ...
Setting up libedit2:amd64 (3.1-20181209-1) ...
Setting up libobjc4:amd64 (8.2.0-14) ...
Setting up libobjc-8-dev:amd64 (8.2.0-14) ...
Setting up libllvm7:amd64 (1:7.0.1-4) ...
Setting up libclang1-7:amd64 (1:7.0.1-4) ...
Setting up lib32stdc++6 (8.2.0-14) ...
Setting up libclang-common-7-dev (1:7.0.1-4) ...
Setting up clang-7 (1:7.0.1-4) ...
Processing triggers for libc-bin (2.28-4) ...
W: --force-yes is deprecated, use one of the options starting with --allow instead.
+ echo 'Replace gcc, g++ & cpp by clang'
Replace gcc, g++ & cpp by clang
+ VERSIONS='4.6 4.7 4.8 4.9 5 6 7 8'
+ cd /usr/bin
+ for VERSION in $VERSIONS
+ rm -f g++-4.6 gcc-4.6 cpp-4.6 gcc
+ ln -s clang++-7 g++-4.6
+ ln -s clang-7 gcc-4.6
+ ln -s clang-7 cpp-4.6
+ ln -s clang-7 gcc
+ echo 'gcc-4.6 hold'
+ dpkg --set-selections
dpkg: warning: package not in status nor available database at line 1: gcc-4.6
dpkg: warning: found unknown packages; this might mean the available database
is outdated, and needs to be updated through a frontend method;
please see the FAQ <https://wiki.debian.org/Teams/Dpkg/FAQ>
+ echo 'g++-4.6 hold'
+ dpkg --set-selections
dpkg: warning: package not in status nor available database at line 1: g++-4.6
dpkg: warning: found unknown packages; this might mean the available database
is outdated, and needs to be updated through a frontend method;
please see the FAQ <https://wiki.debian.org/Teams/Dpkg/FAQ>
+ for VERSION in $VERSIONS
+ rm -f g++-4.7 gcc-4.7 cpp-4.7 gcc
+ ln -s clang++-7 g++-4.7
+ ln -s clang-7 gcc-4.7
+ ln -s clang-7 cpp-4.7
+ ln -s clang-7 gcc
+ echo 'gcc-4.7 hold'
+ dpkg --set-selections
dpkg: warning: package not in status nor available database at line 1: gcc-4.7
dpkg: warning: found unknown packages; this might mean the available database
is outdated, and needs to be updated through a frontend method;
please see the FAQ <https://wiki.debian.org/Teams/Dpkg/FAQ>
+ echo 'g++-4.7 hold'
+ dpkg --set-selections
dpkg: warning: package not in status nor available database at line 1: g++-4.7
dpkg: warning: found unknown packages; this might mean the available database
is outdated, and needs to be updated through a frontend method;
please see the FAQ <https://wiki.debian.org/Teams/Dpkg/FAQ>
+ for VERSION in $VERSIONS
+ rm -f g++-4.8 gcc-4.8 cpp-4.8 gcc
+ ln -s clang++-7 g++-4.8
+ ln -s clang-7 gcc-4.8
+ ln -s clang-7 cpp-4.8
+ ln -s clang-7 gcc
+ echo 'gcc-4.8 hold'
+ dpkg --set-selections
dpkg: warning: package not in status nor available database at line 1: gcc-4.8
dpkg: warning: found unknown packages; this might mean the available database
is outdated, and needs to be updated through a frontend method;
please see the FAQ <https://wiki.debian.org/Teams/Dpkg/FAQ>
+ echo 'g++-4.8 hold'
+ dpkg --set-selections
dpkg: warning: package not in status nor available database at line 1: g++-4.8
dpkg: warning: found unknown packages; this might mean the available database
is outdated, and needs to be updated through a frontend method;
please see the FAQ <https://wiki.debian.org/Teams/Dpkg/FAQ>
+ for VERSION in $VERSIONS
+ rm -f g++-4.9 gcc-4.9 cpp-4.9 gcc
+ ln -s clang++-7 g++-4.9
+ ln -s clang-7 gcc-4.9
+ ln -s clang-7 cpp-4.9
+ ln -s clang-7 gcc
+ echo 'gcc-4.9 hold'
+ dpkg --set-selections
dpkg: warning: package not in status nor available database at line 1: gcc-4.9
dpkg: warning: found unknown packages; this might mean the available database
is outdated, and needs to be updated through a frontend method;
please see the FAQ <https://wiki.debian.org/Teams/Dpkg/FAQ>
+ echo 'g++-4.9 hold'
+ dpkg --set-selections
dpkg: warning: package not in status nor available database at line 1: g++-4.9
dpkg: warning: found unknown packages; this might mean the available database
is outdated, and needs to be updated through a frontend method;
please see the FAQ <https://wiki.debian.org/Teams/Dpkg/FAQ>
+ for VERSION in $VERSIONS
+ rm -f g++-5 gcc-5 cpp-5 gcc
+ ln -s clang++-7 g++-5
+ ln -s clang-7 gcc-5
+ ln -s clang-7 cpp-5
+ ln -s clang-7 gcc
+ echo 'gcc-5 hold'
+ dpkg --set-selections
dpkg: warning: package not in status nor available database at line 1: gcc-5
dpkg: warning: found unknown packages; this might mean the available database
is outdated, and needs to be updated through a frontend method;
please see the FAQ <https://wiki.debian.org/Teams/Dpkg/FAQ>
+ echo 'g++-5 hold'
+ dpkg --set-selections
dpkg: warning: package not in status nor available database at line 1: g++-5
dpkg: warning: found unknown packages; this might mean the available database
is outdated, and needs to be updated through a frontend method;
please see the FAQ <https://wiki.debian.org/Teams/Dpkg/FAQ>
+ for VERSION in $VERSIONS
+ rm -f g++-6 gcc-6 cpp-6 gcc
+ ln -s clang++-7 g++-6
+ ln -s clang-7 gcc-6
+ ln -s clang-7 cpp-6
+ ln -s clang-7 gcc
+ echo 'gcc-6 hold'
+ dpkg --set-selections
dpkg: warning: package not in status nor available database at line 1: gcc-6
dpkg: warning: found unknown packages; this might mean the available database
is outdated, and needs to be updated through a frontend method;
please see the FAQ <https://wiki.debian.org/Teams/Dpkg/FAQ>
+ echo 'g++-6 hold'
+ dpkg --set-selections
dpkg: warning: package not in status nor available database at line 1: g++-6
dpkg: warning: found unknown packages; this might mean the available database
is outdated, and needs to be updated through a frontend method;
please see the FAQ <https://wiki.debian.org/Teams/Dpkg/FAQ>
+ for VERSION in $VERSIONS
+ rm -f g++-7 gcc-7 cpp-7 gcc
+ ln -s clang++-7 g++-7
+ ln -s clang-7 gcc-7
+ ln -s clang-7 cpp-7
+ ln -s clang-7 gcc
+ echo 'gcc-7 hold'
+ dpkg --set-selections
dpkg: warning: package not in status nor available database at line 1: gcc-7
dpkg: warning: found unknown packages; this might mean the available database
is outdated, and needs to be updated through a frontend method;
please see the FAQ <https://wiki.debian.org/Teams/Dpkg/FAQ>
+ echo 'g++-7 hold'
+ dpkg --set-selections
dpkg: warning: package not in status nor available database at line 1: g++-7
dpkg: warning: found unknown packages; this might mean the available database
is outdated, and needs to be updated through a frontend method;
please see the FAQ <https://wiki.debian.org/Teams/Dpkg/FAQ>
+ for VERSION in $VERSIONS
+ rm -f g++-8 gcc-8 cpp-8 gcc
+ ln -s clang++-7 g++-8
+ ln -s clang-7 gcc-8
+ ln -s clang-7 cpp-8
+ ln -s clang-7 gcc
+ echo 'gcc-8 hold'
+ dpkg --set-selections
+ echo 'g++-8 hold'
+ dpkg --set-selections
+ cd -
/build/open-invaders-5Islbu
+ echo 'Check if gcc, g++ & cpp are actually clang'
Check if gcc, g++ & cpp are actually clang
+ gcc --version
+ grep clang
+ cpp --version
+ grep clang
+ g++ --version
+ grep clang

I: Finished running '/tmp/clang7'.

Finished processing commands.
--------------------------------------------------------------------------------

+------------------------------------------------------------------------------+
| Update chroot                                                                |
+------------------------------------------------------------------------------+

Hit:1 http://127.0.0.1:9999/debian sid InRelease
Reading package lists...
Reading package lists...
Building dependency tree...
Reading state information...
Calculating upgrade...
The following packages will be upgraded:
  libmpfr6 libpam-modules libpam-modules-bin libpam-runtime libpam0g
5 upgraded, 0 newly installed, 0 to remove and 0 not upgraded.
Need to get 1519 kB of archives.
After this operation, 7168 B of additional disk space will be used.
Get:1 http://127.0.0.1:9999/debian sid/main amd64 libpam0g amd64 1.1.8-4 [124 kB]
Get:2 http://127.0.0.1:9999/debian sid/main amd64 libpam-modules-bin amd64 1.1.8-4 [106 kB]
Get:3 http://127.0.0.1:9999/debian sid/main amd64 libpam-modules amd64 1.1.8-4 [305 kB]
Get:4 http://127.0.0.1:9999/debian sid/main amd64 libpam-runtime all 1.1.8-4 [211 kB]
Get:5 http://127.0.0.1:9999/debian sid/main amd64 libmpfr6 amd64 4.0.2~rc1-1 [773 kB]
debconf: delaying package configuration, since apt-utils is not installed
Fetched 1519 kB in 0s (73.5 MB/s)
(Reading database ... (Reading database ... 5%(Reading database ... 10%(Reading database ... 15%(Reading database ... 20%(Reading database ... 25%(Reading database ... 30%(Reading database ... 35%(Reading database ... 40%(Reading database ... 45%(Reading database ... 50%(Reading database ... 55%(Reading database ... 60%(Reading database ... 65%(Reading database ... 70%(Reading database ... 75%(Reading database ... 80%(Reading database ... 85%(Reading database ... 90%(Reading database ... 95%(Reading database ... 100%(Reading database ... 12592 files and directories currently installed.)
Preparing to unpack .../libpam0g_1.1.8-4_amd64.deb ...
Unpacking libpam0g:amd64 (1.1.8-4) over (1.1.8-3.8) ...
Setting up libpam0g:amd64 (1.1.8-4) ...
(Reading database ... (Reading database ... 5%(Reading database ... 10%(Reading database ... 15%(Reading database ... 20%(Reading database ... 25%(Reading database ... 30%(Reading database ... 35%(Reading database ... 40%(Reading database ... 45%(Reading database ... 50%(Reading database ... 55%(Reading database ... 60%(Reading database ... 65%(Reading database ... 70%(Reading database ... 75%(Reading database ... 80%(Reading database ... 85%(Reading database ... 90%(Reading database ... 95%(Reading database ... 100%(Reading database ... 12592 files and directories currently installed.)
Preparing to unpack .../libpam-modules-bin_1.1.8-4_amd64.deb ...
Unpacking libpam-modules-bin (1.1.8-4) over (1.1.8-3.8) ...
Setting up libpam-modules-bin (1.1.8-4) ...
(Reading database ... (Reading database ... 5%(Reading database ... 10%(Reading database ... 15%(Reading database ... 20%(Reading database ... 25%(Reading database ... 30%(Reading database ... 35%(Reading database ... 40%(Reading database ... 45%(Reading database ... 50%(Reading database ... 55%(Reading database ... 60%(Reading database ... 65%(Reading database ... 70%(Reading database ... 75%(Reading database ... 80%(Reading database ... 85%(Reading database ... 90%(Reading database ... 95%(Reading database ... 100%(Reading database ... 12592 files and directories currently installed.)
Preparing to unpack .../libpam-modules_1.1.8-4_amd64.deb ...
Unpacking libpam-modules:amd64 (1.1.8-4) over (1.1.8-3.8) ...
Setting up libpam-modules:amd64 (1.1.8-4) ...
(Reading database ... (Reading database ... 5%(Reading database ... 10%(Reading database ... 15%(Reading database ... 20%(Reading database ... 25%(Reading database ... 30%(Reading database ... 35%(Reading database ... 40%(Reading database ... 45%(Reading database ... 50%(Reading database ... 55%(Reading database ... 60%(Reading database ... 65%(Reading database ... 70%(Reading database ... 75%(Reading database ... 80%(Reading database ... 85%(Reading database ... 90%(Reading database ... 95%(Reading database ... 100%(Reading database ... 12592 files and directories currently installed.)
Preparing to unpack .../libpam-runtime_1.1.8-4_all.deb ...
Unpacking libpam-runtime (1.1.8-4) over (1.1.8-3.8) ...
Setting up libpam-runtime (1.1.8-4) ...
(Reading database ... (Reading database ... 5%(Reading database ... 10%(Reading database ... 15%(Reading database ... 20%(Reading database ... 25%(Reading database ... 30%(Reading database ... 35%(Reading database ... 40%(Reading database ... 45%(Reading database ... 50%(Reading database ... 55%(Reading database ... 60%(Reading database ... 65%(Reading database ... 70%(Reading database ... 75%(Reading database ... 80%(Reading database ... 85%(Reading database ... 90%(Reading database ... 95%(Reading database ... 100%(Reading database ... 12592 files and directories currently installed.)
Preparing to unpack .../libmpfr6_4.0.2~rc1-1_amd64.deb ...
Unpacking libmpfr6:amd64 (4.0.2~rc1-1) over (4.0.1-2) ...
Setting up libmpfr6:amd64 (4.0.2~rc1-1) ...
Processing triggers for libc-bin (2.28-4) ...

+------------------------------------------------------------------------------+
| Fetch source files                                                           |
+------------------------------------------------------------------------------+


Check APT
---------

Checking available source versions...

Download source files with APT
------------------------------

Reading package lists...
Need to get 3304 kB of source archives.
Get:1 http://127.0.0.1:9999/debian sid/main open-invaders 0.3-4.3 (dsc) [2086 B]
Get:2 http://127.0.0.1:9999/debian sid/main open-invaders 0.3-4.3 (tar) [3296 kB]
Get:3 http://127.0.0.1:9999/debian sid/main open-invaders 0.3-4.3 (diff) [6132 B]
Fetched 3304 kB in 0s (9350 kB/s)
Download complete and in download only mode
I: NOTICE: Log filtering will replace 'build/open-invaders-5Islbu/open-invaders-0.3' with '<<PKGBUILDDIR>>'
I: NOTICE: Log filtering will replace 'build/open-invaders-5Islbu' with '<<BUILDDIR>>'

+------------------------------------------------------------------------------+
| Install build-essential                                                      |
+------------------------------------------------------------------------------+


Setup apt archive
-----------------

Merged Build-Depends: build-essential, fakeroot
Filtered Build-Depends: build-essential, fakeroot
dpkg-deb: building package 'sbuild-build-depends-core-dummy' in '/<<BUILDDIR>>/resolver-2WDSh3/apt_archive/sbuild-build-depends-core-dummy.deb'.
dpkg-scanpackages: warning: Packages in archive but missing from override file:
dpkg-scanpackages: warning:   sbuild-build-depends-core-dummy
dpkg-scanpackages: info: Wrote 1 entries to output Packages file.
Ign:1 copy:/<<BUILDDIR>>/resolver-2WDSh3/apt_archive ./ InRelease
Get:2 copy:/<<BUILDDIR>>/resolver-2WDSh3/apt_archive ./ Release [957 B]
Ign:3 copy:/<<BUILDDIR>>/resolver-2WDSh3/apt_archive ./ Release.gpg
Get:4 copy:/<<BUILDDIR>>/resolver-2WDSh3/apt_archive ./ Sources [349 B]
Get:5 copy:/<<BUILDDIR>>/resolver-2WDSh3/apt_archive ./ Packages [433 B]
Fetched 1739 B in 0s (0 B/s)
Reading package lists...
Reading package lists...

Install core build dependencies (apt-based resolver)
----------------------------------------------------

Installing build dependencies
Reading package lists...
Building dependency tree...
Reading state information...
The following NEW packages will be installed:
  sbuild-build-depends-core-dummy
0 upgraded, 1 newly installed, 0 to remove and 0 not upgraded.
Need to get 856 B of archives.
After this operation, 0 B of additional disk space will be used.
Get:1 copy:/<<BUILDDIR>>/resolver-2WDSh3/apt_archive ./ sbuild-build-depends-core-dummy 0.invalid.0 [856 B]
debconf: delaying package configuration, since apt-utils is not installed
Fetched 856 B in 0s (0 B/s)
Selecting previously unselected package sbuild-build-depends-core-dummy.
(Reading database ... 12592 files and directories currently installed.)
Preparing to unpack .../sbuild-build-depends-core-dummy_0.invalid.0_amd64.deb ...
Unpacking sbuild-build-depends-core-dummy (0.invalid.0) ...
Setting up sbuild-build-depends-core-dummy (0.invalid.0) ...

+------------------------------------------------------------------------------+
| Check architectures                                                          |
+------------------------------------------------------------------------------+

Arch check ok (amd64 included in any all)

+------------------------------------------------------------------------------+
| Install package build dependencies                                           |
+------------------------------------------------------------------------------+


Setup apt archive
-----------------

Merged Build-Depends: debhelper (>= 10), autotools-dev, libaldmb1-dev (>= 1:0.9.3), liballegro4-dev, libxext-dev, libxxf86vm1, pkg-config, libasound2-dev
Filtered Build-Depends: debhelper (>= 10), autotools-dev, libaldmb1-dev (>= 1:0.9.3), liballegro4-dev, libxext-dev, libxxf86vm1, pkg-config, libasound2-dev
dpkg-deb: building package 'sbuild-build-depends-open-invaders-dummy' in '/<<BUILDDIR>>/resolver-2WDSh3/apt_archive/sbuild-build-depends-open-invaders-dummy.deb'.
dpkg-scanpackages: warning: Packages in archive but missing from override file:
dpkg-scanpackages: warning:   sbuild-build-depends-core-dummy sbuild-build-depends-open-invaders-dummy
dpkg-scanpackages: info: Wrote 2 entries to output Packages file.
Ign:1 copy:/<<BUILDDIR>>/resolver-2WDSh3/apt_archive ./ InRelease
Get:2 copy:/<<BUILDDIR>>/resolver-2WDSh3/apt_archive ./ Release [963 B]
Ign:3 copy:/<<BUILDDIR>>/resolver-2WDSh3/apt_archive ./ Release.gpg
Get:4 copy:/<<BUILDDIR>>/resolver-2WDSh3/apt_archive ./ Sources [555 B]
Get:5 copy:/<<BUILDDIR>>/resolver-2WDSh3/apt_archive ./ Packages [632 B]
Fetched 2150 B in 0s (0 B/s)
Reading package lists...
Reading package lists...

Install open-invaders build dependencies (apt-based resolver)
-------------------------------------------------------------

Installing build dependencies
Reading package lists...
Building dependency tree...
Reading state information...
The following additional packages will be installed:
  autoconf automake autopoint autotools-dev bsdmainutils debhelper
  dh-autoreconf dh-strip-nondeterminism dwz file gettext gettext-base
  groff-base intltool-debian libaldmb1 libaldmb1-dev liballegro4-dev
  liballegro4.4 libarchive-zip-perl libasound2 libasound2-data libasound2-dev
  libcroco3 libdumb1 libdumb1-dev libelf1 libfile-stripnondeterminism-perl
  libglib2.0-0 libicu63 libjpgalleg4.4 libmagic-mgc libmagic1 libncurses6
  libpipeline1 libpthread-stubs0-dev libsigsegv2 libtool libuchardet0 libx11-6
  libx11-data libx11-dev libxau-dev libxau6 libxcb1 libxcb1-dev libxcursor-dev
  libxcursor1 libxdmcp-dev libxdmcp6 libxext-dev libxext6 libxfixes-dev
  libxfixes3 libxml2 libxpm-dev libxpm4 libxrender-dev libxrender1
  libxxf86dga1 libxxf86vm-dev libxxf86vm1 m4 man-db pkg-config po-debconf
  sensible-utils x11proto-core-dev x11proto-dev x11proto-fixes-dev
  x11proto-xext-dev x11proto-xf86vidmode-dev xorg-sgml-doctools xtrans-dev
Suggested packages:
  autoconf-archive gnu-standards autoconf-doc wamerican | wordlist whois
  vacation dh-make gettext-doc libasprintf-dev libgettextpo-dev groff
  libasound2-plugins alsa-utils libasound2-doc libtool-doc gfortran
  | fortran95-compiler gcj-jdk libx11-doc libxcb-doc libxext-doc m4-doc
  apparmor less www-browser libmail-box-perl
Recommended packages:
  curl | wget | lynx libarchive-cpio-perl libglib2.0-data shared-mime-info
  xdg-user-dirs libgpm2 libltdl-dev libmail-sendmail-perl
The following NEW packages will be installed:
  autoconf automake autopoint autotools-dev bsdmainutils debhelper
  dh-autoreconf dh-strip-nondeterminism dwz file gettext gettext-base
  groff-base intltool-debian libaldmb1 libaldmb1-dev liballegro4-dev
  liballegro4.4 libarchive-zip-perl libasound2 libasound2-data libasound2-dev
  libcroco3 libdumb1 libdumb1-dev libelf1 libfile-stripnondeterminism-perl
  libglib2.0-0 libicu63 libjpgalleg4.4 libmagic-mgc libmagic1 libncurses6
  libpipeline1 libpthread-stubs0-dev libsigsegv2 libtool libuchardet0 libx11-6
  libx11-data libx11-dev libxau-dev libxau6 libxcb1 libxcb1-dev libxcursor-dev
  libxcursor1 libxdmcp-dev libxdmcp6 libxext-dev libxext6 libxfixes-dev
  libxfixes3 libxml2 libxpm-dev libxpm4 libxrender-dev libxrender1
  libxxf86dga1 libxxf86vm-dev libxxf86vm1 m4 man-db pkg-config po-debconf
  sbuild-build-depends-open-invaders-dummy sensible-utils x11proto-core-dev
  x11proto-dev x11proto-fixes-dev x11proto-xext-dev x11proto-xf86vidmode-dev
  xorg-sgml-doctools xtrans-dev
0 upgraded, 74 newly installed, 0 to remove and 0 not upgraded.
Need to get 24.0 MB of archives.
After this operation, 86.0 MB of additional disk space will be used.
Get:1 copy:/<<BUILDDIR>>/resolver-2WDSh3/apt_archive ./ sbuild-build-depends-open-invaders-dummy 0.invalid.0 [924 B]
Get:2 http://127.0.0.1:9999/debian sid/main amd64 bsdmainutils amd64 11.1.2+b1 [191 kB]
Get:3 http://127.0.0.1:9999/debian sid/main amd64 libuchardet0 amd64 0.0.6-3 [64.9 kB]
Get:4 http://127.0.0.1:9999/debian sid/main amd64 groff-base amd64 1.22.4-2 [917 kB]
Get:5 http://127.0.0.1:9999/debian sid/main amd64 libpipeline1 amd64 1.5.0-2 [29.5 kB]
Get:6 http://127.0.0.1:9999/debian sid/main amd64 man-db amd64 2.8.5-1 [1274 kB]
Get:7 http://127.0.0.1:9999/debian sid/main amd64 sensible-utils all 0.0.12 [15.8 kB]
Get:8 http://127.0.0.1:9999/debian sid/main amd64 libmagic-mgc amd64 1:5.34-2 [239 kB]
Get:9 http://127.0.0.1:9999/debian sid/main amd64 libmagic1 amd64 1:5.34-2 [116 kB]
Get:10 http://127.0.0.1:9999/debian sid/main amd64 file amd64 1:5.34-2 [65.8 kB]
Get:11 http://127.0.0.1:9999/debian sid/main amd64 gettext-base amd64 0.19.8.1-9 [123 kB]
Get:12 http://127.0.0.1:9999/debian sid/main amd64 libsigsegv2 amd64 2.12-2 [32.8 kB]
Get:13 http://127.0.0.1:9999/debian sid/main amd64 m4 amd64 1.4.18-2 [203 kB]
Get:14 http://127.0.0.1:9999/debian sid/main amd64 autoconf all 2.69-11 [341 kB]
Get:15 http://127.0.0.1:9999/debian sid/main amd64 autotools-dev all 20180224.1 [77.0 kB]
Get:16 http://127.0.0.1:9999/debian sid/main amd64 automake all 1:1.16.1-4 [771 kB]
Get:17 http://127.0.0.1:9999/debian sid/main amd64 autopoint all 0.19.8.1-9 [434 kB]
Get:18 http://127.0.0.1:9999/debian sid/main amd64 libtool all 2.4.6-6 [547 kB]
Get:19 http://127.0.0.1:9999/debian sid/main amd64 dh-autoreconf all 19 [16.9 kB]
Get:20 http://127.0.0.1:9999/debian sid/main amd64 libarchive-zip-perl all 1.64-1 [96.8 kB]
Get:21 http://127.0.0.1:9999/debian sid/main amd64 libfile-stripnondeterminism-perl all 1.0.0-1 [19.5 kB]
Get:22 http://127.0.0.1:9999/debian sid/main amd64 dh-strip-nondeterminism all 1.0.0-1 [12.5 kB]
Get:23 http://127.0.0.1:9999/debian sid/main amd64 libelf1 amd64 0.175-2 [160 kB]
Get:24 http://127.0.0.1:9999/debian sid/main amd64 dwz amd64 0.12-3 [78.0 kB]
Get:25 http://127.0.0.1:9999/debian sid/main amd64 libglib2.0-0 amd64 2.58.2-3 [1257 kB]
Get:26 http://127.0.0.1:9999/debian sid/main amd64 libicu63 amd64 63.1-5 [8293 kB]
Get:27 http://127.0.0.1:9999/debian sid/main amd64 libxml2 amd64 2.9.4+dfsg1-7+b3 [687 kB]
Get:28 http://127.0.0.1:9999/debian sid/main amd64 libcroco3 amd64 0.6.12-3 [145 kB]
Get:29 http://127.0.0.1:9999/debian sid/main amd64 libncurses6 amd64 6.1+20181013-1 [102 kB]
Get:30 http://127.0.0.1:9999/debian sid/main amd64 gettext amd64 0.19.8.1-9 [1303 kB]
Get:31 http://127.0.0.1:9999/debian sid/main amd64 intltool-debian all 0.35.0+20060710.4 [26.3 kB]
Get:32 http://127.0.0.1:9999/debian sid/main amd64 po-debconf all 1.0.21 [248 kB]
Get:33 http://127.0.0.1:9999/debian sid/main amd64 debhelper all 12 [1002 kB]
Get:34 http://127.0.0.1:9999/debian sid/main amd64 libasound2-data all 1.1.7-2 [56.6 kB]
Get:35 http://127.0.0.1:9999/debian sid/main amd64 libasound2 amd64 1.1.7-2 [362 kB]
Get:36 http://127.0.0.1:9999/debian sid/main amd64 libxau6 amd64 1:1.0.8-1+b2 [19.9 kB]
Get:37 http://127.0.0.1:9999/debian sid/main amd64 libxdmcp6 amd64 1:1.1.2-3 [26.3 kB]
Get:38 http://127.0.0.1:9999/debian sid/main amd64 libxcb1 amd64 1.13.1-2 [137 kB]
Get:39 http://127.0.0.1:9999/debian sid/main amd64 libx11-data all 2:1.6.7-1 [298 kB]
Get:40 http://127.0.0.1:9999/debian sid/main amd64 libx11-6 amd64 2:1.6.7-1 [754 kB]
Get:41 http://127.0.0.1:9999/debian sid/main amd64 libxfixes3 amd64 1:5.0.3-1 [21.9 kB]
Get:42 http://127.0.0.1:9999/debian sid/main amd64 libxrender1 amd64 1:0.9.10-1 [33.0 kB]
Get:43 http://127.0.0.1:9999/debian sid/main amd64 libxcursor1 amd64 1:1.1.15-2 [36.6 kB]
Get:44 http://127.0.0.1:9999/debian sid/main amd64 libxext6 amd64 2:1.3.3-1+b2 [52.5 kB]
Get:45 http://127.0.0.1:9999/debian sid/main amd64 libxpm4 amd64 1:3.5.12-1 [49.1 kB]
Get:46 http://127.0.0.1:9999/debian sid/main amd64 libxxf86dga1 amd64 2:1.1.4-1+b3 [22.1 kB]
Get:47 http://127.0.0.1:9999/debian sid/main amd64 libxxf86vm1 amd64 1:1.1.4-1+b2 [20.8 kB]
Get:48 http://127.0.0.1:9999/debian sid/main amd64 liballegro4.4 amd64 2:4.4.2-13 [432 kB]
Get:49 http://127.0.0.1:9999/debian sid/main amd64 libdumb1 amd64 1:0.9.3-6+b3 [173 kB]
Get:50 http://127.0.0.1:9999/debian sid/main amd64 libaldmb1 amd64 1:0.9.3-6+b3 [98.6 kB]
Get:51 http://127.0.0.1:9999/debian sid/main amd64 libdumb1-dev amd64 1:0.9.3-6+b3 [86.3 kB]
Get:52 http://127.0.0.1:9999/debian sid/main amd64 libjpgalleg4.4 amd64 2:4.4.2-13 [107 kB]
Get:53 http://127.0.0.1:9999/debian sid/main amd64 xorg-sgml-doctools all 1:1.11-1 [21.9 kB]
Get:54 http://127.0.0.1:9999/debian sid/main amd64 x11proto-dev all 2018.4-4 [251 kB]
Get:55 http://127.0.0.1:9999/debian sid/main amd64 x11proto-core-dev all 2018.4-4 [3128 B]
Get:56 http://127.0.0.1:9999/debian sid/main amd64 x11proto-xext-dev all 2018.4-4 [3128 B]
Get:57 http://127.0.0.1:9999/debian sid/main amd64 libxau-dev amd64 1:1.0.8-1+b2 [23.1 kB]
Get:58 http://127.0.0.1:9999/debian sid/main amd64 libxdmcp-dev amd64 1:1.1.2-3 [42.2 kB]
Get:59 http://127.0.0.1:9999/debian sid/main amd64 xtrans-dev all 1.3.5-1 [100 kB]
Get:60 http://127.0.0.1:9999/debian sid/main amd64 libpthread-stubs0-dev amd64 0.3-4 [3866 B]
Get:61 http://127.0.0.1:9999/debian sid/main amd64 libxcb1-dev amd64 1.13.1-2 [174 kB]
Get:62 http://127.0.0.1:9999/debian sid/main amd64 libx11-dev amd64 2:1.6.7-1 [827 kB]
Get:63 http://127.0.0.1:9999/debian sid/main amd64 libxext-dev amd64 2:1.3.3-1+b2 [107 kB]
Get:64 http://127.0.0.1:9999/debian sid/main amd64 libxpm-dev amd64 1:3.5.12-1 [104 kB]
Get:65 http://127.0.0.1:9999/debian sid/main amd64 x11proto-xf86vidmode-dev all 2018.4-4 [3140 B]
Get:66 http://127.0.0.1:9999/debian sid/main amd64 libxxf86vm-dev amd64 1:1.1.4-1+b2 [25.4 kB]
Get:67 http://127.0.0.1:9999/debian sid/main amd64 libxrender-dev amd64 1:0.9.10-1 [40.8 kB]
Get:68 http://127.0.0.1:9999/debian sid/main amd64 x11proto-fixes-dev all 1:2018.4-4 [3140 B]
Get:69 http://127.0.0.1:9999/debian sid/main amd64 libxfixes-dev amd64 1:5.0.3-1 [23.8 kB]
Get:70 http://127.0.0.1:9999/debian sid/main amd64 libxcursor-dev amd64 1:1.1.15-2 [44.1 kB]
Get:71 http://127.0.0.1:9999/debian sid/main amd64 liballegro4-dev amd64 2:4.4.2-13 [292 kB]
Get:72 http://127.0.0.1:9999/debian sid/main amd64 libaldmb1-dev amd64 1:0.9.3-6+b3 [4964 B]
Get:73 http://127.0.0.1:9999/debian sid/main amd64 libasound2-dev amd64 1.1.7-2 [144 kB]
Get:74 http://127.0.0.1:9999/debian sid/main amd64 pkg-config amd64 0.29-4+b1 [63.3 kB]
debconf: delaying package configuration, since apt-utils is not installed
Fetched 24.0 MB in 0s (95.3 MB/s)
Selecting previously unselected package bsdmainutils.
(Reading database ... 12592 files and directories currently installed.)
Preparing to unpack .../00-bsdmainutils_11.1.2+b1_amd64.deb ...
Unpacking bsdmainutils (11.1.2+b1) ...
Selecting previously unselected package libuchardet0:amd64.
Preparing to unpack .../01-libuchardet0_0.0.6-3_amd64.deb ...
Unpacking libuchardet0:amd64 (0.0.6-3) ...
Selecting previously unselected package groff-base.
Preparing to unpack .../02-groff-base_1.22.4-2_amd64.deb ...
Unpacking groff-base (1.22.4-2) ...
Selecting previously unselected package libpipeline1:amd64.
Preparing to unpack .../03-libpipeline1_1.5.0-2_amd64.deb ...
Unpacking libpipeline1:amd64 (1.5.0-2) ...
Selecting previously unselected package man-db.
Preparing to unpack .../04-man-db_2.8.5-1_amd64.deb ...
Unpacking man-db (2.8.5-1) ...
Selecting previously unselected package sensible-utils.
Preparing to unpack .../05-sensible-utils_0.0.12_all.deb ...
Unpacking sensible-utils (0.0.12) ...
Selecting previously unselected package libmagic-mgc.
Preparing to unpack .../06-libmagic-mgc_1%3a5.34-2_amd64.deb ...
Unpacking libmagic-mgc (1:5.34-2) ...
Selecting previously unselected package libmagic1:amd64.
Preparing to unpack .../07-libmagic1_1%3a5.34-2_amd64.deb ...
Unpacking libmagic1:amd64 (1:5.34-2) ...
Selecting previously unselected package file.
Preparing to unpack .../08-file_1%3a5.34-2_amd64.deb ...
Unpacking file (1:5.34-2) ...
Selecting previously unselected package gettext-base.
Preparing to unpack .../09-gettext-base_0.19.8.1-9_amd64.deb ...
Unpacking gettext-base (0.19.8.1-9) ...
Selecting previously unselected package libsigsegv2:amd64.
Preparing to unpack .../10-libsigsegv2_2.12-2_amd64.deb ...
Unpacking libsigsegv2:amd64 (2.12-2) ...
Selecting previously unselected package m4.
Preparing to unpack .../11-m4_1.4.18-2_amd64.deb ...
Unpacking m4 (1.4.18-2) ...
Selecting previously unselected package autoconf.
Preparing to unpack .../12-autoconf_2.69-11_all.deb ...
Unpacking autoconf (2.69-11) ...
Selecting previously unselected package autotools-dev.
Preparing to unpack .../13-autotools-dev_20180224.1_all.deb ...
Unpacking autotools-dev (20180224.1) ...
Selecting previously unselected package automake.
Preparing to unpack .../14-automake_1%3a1.16.1-4_all.deb ...
Unpacking automake (1:1.16.1-4) ...
Selecting previously unselected package autopoint.
Preparing to unpack .../15-autopoint_0.19.8.1-9_all.deb ...
Unpacking autopoint (0.19.8.1-9) ...
Selecting previously unselected package libtool.
Preparing to unpack .../16-libtool_2.4.6-6_all.deb ...
Unpacking libtool (2.4.6-6) ...
Selecting previously unselected package dh-autoreconf.
Preparing to unpack .../17-dh-autoreconf_19_all.deb ...
Unpacking dh-autoreconf (19) ...
Selecting previously unselected package libarchive-zip-perl.
Preparing to unpack .../18-libarchive-zip-perl_1.64-1_all.deb ...
Unpacking libarchive-zip-perl (1.64-1) ...
Selecting previously unselected package libfile-stripnondeterminism-perl.
Preparing to unpack .../19-libfile-stripnondeterminism-perl_1.0.0-1_all.deb ...
Unpacking libfile-stripnondeterminism-perl (1.0.0-1) ...
Selecting previously unselected package dh-strip-nondeterminism.
Preparing to unpack .../20-dh-strip-nondeterminism_1.0.0-1_all.deb ...
Unpacking dh-strip-nondeterminism (1.0.0-1) ...
Selecting previously unselected package libelf1:amd64.
Preparing to unpack .../21-libelf1_0.175-2_amd64.deb ...
Unpacking libelf1:amd64 (0.175-2) ...
Selecting previously unselected package dwz.
Preparing to unpack .../22-dwz_0.12-3_amd64.deb ...
Unpacking dwz (0.12-3) ...
Selecting previously unselected package libglib2.0-0:amd64.
Preparing to unpack .../23-libglib2.0-0_2.58.2-3_amd64.deb ...
Unpacking libglib2.0-0:amd64 (2.58.2-3) ...
Selecting previously unselected package libicu63:amd64.
Preparing to unpack .../24-libicu63_63.1-5_amd64.deb ...
Unpacking libicu63:amd64 (63.1-5) ...
Selecting previously unselected package libxml2:amd64.
Preparing to unpack .../25-libxml2_2.9.4+dfsg1-7+b3_amd64.deb ...
Unpacking libxml2:amd64 (2.9.4+dfsg1-7+b3) ...
Selecting previously unselected package libcroco3:amd64.
Preparing to unpack .../26-libcroco3_0.6.12-3_amd64.deb ...
Unpacking libcroco3:amd64 (0.6.12-3) ...
Selecting previously unselected package libncurses6:amd64.
Preparing to unpack .../27-libncurses6_6.1+20181013-1_amd64.deb ...
Unpacking libncurses6:amd64 (6.1+20181013-1) ...
Selecting previously unselected package gettext.
Preparing to unpack .../28-gettext_0.19.8.1-9_amd64.deb ...
Unpacking gettext (0.19.8.1-9) ...
Selecting previously unselected package intltool-debian.
Preparing to unpack .../29-intltool-debian_0.35.0+20060710.4_all.deb ...
Unpacking intltool-debian (0.35.0+20060710.4) ...
Selecting previously unselected package po-debconf.
Preparing to unpack .../30-po-debconf_1.0.21_all.deb ...
Unpacking po-debconf (1.0.21) ...
Selecting previously unselected package debhelper.
Preparing to unpack .../31-debhelper_12_all.deb ...
Unpacking debhelper (12) ...
Selecting previously unselected package libasound2-data.
Preparing to unpack .../32-libasound2-data_1.1.7-2_all.deb ...
Unpacking libasound2-data (1.1.7-2) ...
Selecting previously unselected package libasound2:amd64.
Preparing to unpack .../33-libasound2_1.1.7-2_amd64.deb ...
Unpacking libasound2:amd64 (1.1.7-2) ...
Selecting previously unselected package libxau6:amd64.
Preparing to unpack .../34-libxau6_1%3a1.0.8-1+b2_amd64.deb ...
Unpacking libxau6:amd64 (1:1.0.8-1+b2) ...
Selecting previously unselected package libxdmcp6:amd64.
Preparing to unpack .../35-libxdmcp6_1%3a1.1.2-3_amd64.deb ...
Unpacking libxdmcp6:amd64 (1:1.1.2-3) ...
Selecting previously unselected package libxcb1:amd64.
Preparing to unpack .../36-libxcb1_1.13.1-2_amd64.deb ...
Unpacking libxcb1:amd64 (1.13.1-2) ...
Selecting previously unselected package libx11-data.
Preparing to unpack .../37-libx11-data_2%3a1.6.7-1_all.deb ...
Unpacking libx11-data (2:1.6.7-1) ...
Selecting previously unselected package libx11-6:amd64.
Preparing to unpack .../38-libx11-6_2%3a1.6.7-1_amd64.deb ...
Unpacking libx11-6:amd64 (2:1.6.7-1) ...
Selecting previously unselected package libxfixes3:amd64.
Preparing to unpack .../39-libxfixes3_1%3a5.0.3-1_amd64.deb ...
Unpacking libxfixes3:amd64 (1:5.0.3-1) ...
Selecting previously unselected package libxrender1:amd64.
Preparing to unpack .../40-libxrender1_1%3a0.9.10-1_amd64.deb ...
Unpacking libxrender1:amd64 (1:0.9.10-1) ...
Selecting previously unselected package libxcursor1:amd64.
Preparing to unpack .../41-libxcursor1_1%3a1.1.15-2_amd64.deb ...
Unpacking libxcursor1:amd64 (1:1.1.15-2) ...
Selecting previously unselected package libxext6:amd64.
Preparing to unpack .../42-libxext6_2%3a1.3.3-1+b2_amd64.deb ...
Unpacking libxext6:amd64 (2:1.3.3-1+b2) ...
Selecting previously unselected package libxpm4:amd64.
Preparing to unpack .../43-libxpm4_1%3a3.5.12-1_amd64.deb ...
Unpacking libxpm4:amd64 (1:3.5.12-1) ...
Selecting previously unselected package libxxf86dga1:amd64.
Preparing to unpack .../44-libxxf86dga1_2%3a1.1.4-1+b3_amd64.deb ...
Unpacking libxxf86dga1:amd64 (2:1.1.4-1+b3) ...
Selecting previously unselected package libxxf86vm1:amd64.
Preparing to unpack .../45-libxxf86vm1_1%3a1.1.4-1+b2_amd64.deb ...
Unpacking libxxf86vm1:amd64 (1:1.1.4-1+b2) ...
Selecting previously unselected package liballegro4.4:amd64.
Preparing to unpack .../46-liballegro4.4_2%3a4.4.2-13_amd64.deb ...
Unpacking liballegro4.4:amd64 (2:4.4.2-13) ...
Selecting previously unselected package libdumb1:amd64.
Preparing to unpack .../47-libdumb1_1%3a0.9.3-6+b3_amd64.deb ...
Unpacking libdumb1:amd64 (1:0.9.3-6+b3) ...
Selecting previously unselected package libaldmb1:amd64.
Preparing to unpack .../48-libaldmb1_1%3a0.9.3-6+b3_amd64.deb ...
Unpacking libaldmb1:amd64 (1:0.9.3-6+b3) ...
Selecting previously unselected package libdumb1-dev:amd64.
Preparing to unpack .../49-libdumb1-dev_1%3a0.9.3-6+b3_amd64.deb ...
Unpacking libdumb1-dev:amd64 (1:0.9.3-6+b3) ...
Selecting previously unselected package libjpgalleg4.4:amd64.
Preparing to unpack .../50-libjpgalleg4.4_2%3a4.4.2-13_amd64.deb ...
Unpacking libjpgalleg4.4:amd64 (2:4.4.2-13) ...
Selecting previously unselected package xorg-sgml-doctools.
Preparing to unpack .../51-xorg-sgml-doctools_1%3a1.11-1_all.deb ...
Unpacking xorg-sgml-doctools (1:1.11-1) ...
Selecting previously unselected package x11proto-dev.
Preparing to unpack .../52-x11proto-dev_2018.4-4_all.deb ...
Unpacking x11proto-dev (2018.4-4) ...
Selecting previously unselected package x11proto-core-dev.
Preparing to unpack .../53-x11proto-core-dev_2018.4-4_all.deb ...
Unpacking x11proto-core-dev (2018.4-4) ...
Selecting previously unselected package x11proto-xext-dev.
Preparing to unpack .../54-x11proto-xext-dev_2018.4-4_all.deb ...
Unpacking x11proto-xext-dev (2018.4-4) ...
Selecting previously unselected package libxau-dev:amd64.
Preparing to unpack .../55-libxau-dev_1%3a1.0.8-1+b2_amd64.deb ...
Unpacking libxau-dev:amd64 (1:1.0.8-1+b2) ...
Selecting previously unselected package libxdmcp-dev:amd64.
Preparing to unpack .../56-libxdmcp-dev_1%3a1.1.2-3_amd64.deb ...
Unpacking libxdmcp-dev:amd64 (1:1.1.2-3) ...
Selecting previously unselected package xtrans-dev.
Preparing to unpack .../57-xtrans-dev_1.3.5-1_all.deb ...
Unpacking xtrans-dev (1.3.5-1) ...
Selecting previously unselected package libpthread-stubs0-dev:amd64.
Preparing to unpack .../58-libpthread-stubs0-dev_0.3-4_amd64.deb ...
Unpacking libpthread-stubs0-dev:amd64 (0.3-4) ...
Selecting previously unselected package libxcb1-dev:amd64.
Preparing to unpack .../59-libxcb1-dev_1.13.1-2_amd64.deb ...
Unpacking libxcb1-dev:amd64 (1.13.1-2) ...
Selecting previously unselected package libx11-dev:amd64.
Preparing to unpack .../60-libx11-dev_2%3a1.6.7-1_amd64.deb ...
Unpacking libx11-dev:amd64 (2:1.6.7-1) ...
Selecting previously unselected package libxext-dev:amd64.
Preparing to unpack .../61-libxext-dev_2%3a1.3.3-1+b2_amd64.deb ...
Unpacking libxext-dev:amd64 (2:1.3.3-1+b2) ...
Selecting previously unselected package libxpm-dev:amd64.
Preparing to unpack .../62-libxpm-dev_1%3a3.5.12-1_amd64.deb ...
Unpacking libxpm-dev:amd64 (1:3.5.12-1) ...
Selecting previously unselected package x11proto-xf86vidmode-dev.
Preparing to unpack .../63-x11proto-xf86vidmode-dev_2018.4-4_all.deb ...
Unpacking x11proto-xf86vidmode-dev (2018.4-4) ...
Selecting previously unselected package libxxf86vm-dev:amd64.
Preparing to unpack .../64-libxxf86vm-dev_1%3a1.1.4-1+b2_amd64.deb ...
Unpacking libxxf86vm-dev:amd64 (1:1.1.4-1+b2) ...
Selecting previously unselected package libxrender-dev:amd64.
Preparing to unpack .../65-libxrender-dev_1%3a0.9.10-1_amd64.deb ...
Unpacking libxrender-dev:amd64 (1:0.9.10-1) ...
Selecting previously unselected package x11proto-fixes-dev.
Preparing to unpack .../66-x11proto-fixes-dev_1%3a2018.4-4_all.deb ...
Unpacking x11proto-fixes-dev (1:2018.4-4) ...
Selecting previously unselected package libxfixes-dev:amd64.
Preparing to unpack .../67-libxfixes-dev_1%3a5.0.3-1_amd64.deb ...
Unpacking libxfixes-dev:amd64 (1:5.0.3-1) ...
Selecting previously unselected package libxcursor-dev:amd64.
Preparing to unpack .../68-libxcursor-dev_1%3a1.1.15-2_amd64.deb ...
Unpacking libxcursor-dev:amd64 (1:1.1.15-2) ...
Selecting previously unselected package liballegro4-dev.
Preparing to unpack .../69-liballegro4-dev_2%3a4.4.2-13_amd64.deb ...
Unpacking liballegro4-dev (2:4.4.2-13) ...
Selecting previously unselected package libaldmb1-dev:amd64.
Preparing to unpack .../70-libaldmb1-dev_1%3a0.9.3-6+b3_amd64.deb ...
Unpacking libaldmb1-dev:amd64 (1:0.9.3-6+b3) ...
Selecting previously unselected package libasound2-dev:amd64.
Preparing to unpack .../71-libasound2-dev_1.1.7-2_amd64.deb ...
Unpacking libasound2-dev:amd64 (1.1.7-2) ...
Selecting previously unselected package pkg-config.
Preparing to unpack .../72-pkg-config_0.29-4+b1_amd64.deb ...
Unpacking pkg-config (0.29-4+b1) ...
Selecting previously unselected package sbuild-build-depends-open-invaders-dummy.
Preparing to unpack .../73-sbuild-build-depends-open-invaders-dummy_0.invalid.0_amd64.deb ...
Unpacking sbuild-build-depends-open-invaders-dummy (0.invalid.0) ...
Setting up libdumb1:amd64 (1:0.9.3-6+b3) ...
Setting up libarchive-zip-perl (1.64-1) ...
Setting up libicu63:amd64 (63.1-5) ...
Setting up libsigsegv2:amd64 (2.12-2) ...
Setting up libpthread-stubs0-dev:amd64 (0.3-4) ...
Setting up libelf1:amd64 (0.175-2) ...
Setting up libglib2.0-0:amd64 (2.58.2-3) ...
No schema files found: doing nothing.
Setting up libasound2-data (1.1.7-2) ...
Setting up xorg-sgml-doctools (1:1.11-1) ...
Setting up gettext-base (0.19.8.1-9) ...
Setting up libpipeline1:amd64 (1.5.0-2) ...
Setting up m4 (1.4.18-2) ...
Setting up libdumb1-dev:amd64 (1:0.9.3-6+b3) ...
Setting up libxml2:amd64 (2.9.4+dfsg1-7+b3) ...
Setting up libuchardet0:amd64 (0.0.6-3) ...
Setting up x11proto-dev (2018.4-4) ...
Setting up libmagic-mgc (1:5.34-2) ...
Setting up libasound2:amd64 (1.1.7-2) ...
Setting up libmagic1:amd64 (1:5.34-2) ...
Setting up libcroco3:amd64 (0.6.12-3) ...
Setting up pkg-config (0.29-4+b1) ...
Setting up sensible-utils (0.0.12) ...
Setting up xtrans-dev (1.3.5-1) ...
Setting up x11proto-xext-dev (2018.4-4) ...
Processing triggers for libc-bin (2.28-4) ...
Setting up dwz (0.12-3) ...
Setting up autotools-dev (20180224.1) ...
Setting up libxdmcp6:amd64 (1:1.1.2-3) ...
Setting up bsdmainutils (11.1.2+b1) ...
update-alternatives: using /usr/bin/bsd-write to provide /usr/bin/write (write) in auto mode
update-alternatives: using /usr/bin/bsd-from to provide /usr/bin/from (from) in auto mode
Setting up libncurses6:amd64 (6.1+20181013-1) ...
Setting up libx11-data (2:1.6.7-1) ...
Setting up libxau6:amd64 (1:1.0.8-1+b2) ...
Setting up autopoint (0.19.8.1-9) ...
Setting up libfile-stripnondeterminism-perl (1.0.0-1) ...
Setting up libasound2-dev:amd64 (1.1.7-2) ...
Setting up x11proto-core-dev (2018.4-4) ...
Setting up gettext (0.19.8.1-9) ...
Setting up groff-base (1.22.4-2) ...
Setting up x11proto-fixes-dev (1:2018.4-4) ...
Setting up x11proto-xf86vidmode-dev (2018.4-4) ...
Setting up libxau-dev:amd64 (1:1.0.8-1+b2) ...
Setting up autoconf (2.69-11) ...
Setting up file (1:5.34-2) ...
Setting up intltool-debian (0.35.0+20060710.4) ...
Setting up libxdmcp-dev:amd64 (1:1.1.2-3) ...
Setting up automake (1:1.16.1-4) ...
update-alternatives: using /usr/bin/automake-1.16 to provide /usr/bin/automake (automake) in auto mode
Setting up man-db (2.8.5-1) ...
Not building database; man-db/auto-update is not 'true'.
Setting up libxcb1:amd64 (1.13.1-2) ...
Setting up libtool (2.4.6-6) ...
Setting up po-debconf (1.0.21) ...
Setting up libx11-6:amd64 (2:1.6.7-1) ...
Setting up libxpm4:amd64 (1:3.5.12-1) ...
Setting up libxrender1:amd64 (1:0.9.10-1) ...
Setting up libxcb1-dev:amd64 (1.13.1-2) ...
Setting up libx11-dev:amd64 (2:1.6.7-1) ...
Setting up libxext6:amd64 (2:1.3.3-1+b2) ...
Setting up libxfixes3:amd64 (1:5.0.3-1) ...
Setting up libxpm-dev:amd64 (1:3.5.12-1) ...
Setting up libxrender-dev:amd64 (1:0.9.10-1) ...
Setting up libxcursor1:amd64 (1:1.1.15-2) ...
Setting up libxxf86dga1:amd64 (2:1.1.4-1+b3) ...
Setting up libxext-dev:amd64 (2:1.3.3-1+b2) ...
Setting up libxxf86vm1:amd64 (1:1.1.4-1+b2) ...
Setting up libxxf86vm-dev:amd64 (1:1.1.4-1+b2) ...
Setting up libxfixes-dev:amd64 (1:5.0.3-1) ...
Setting up liballegro4.4:amd64 (2:4.4.2-13) ...
Setting up libxcursor-dev:amd64 (1:1.1.15-2) ...
Setting up libaldmb1:amd64 (1:0.9.3-6+b3) ...
Setting up libjpgalleg4.4:amd64 (2:4.4.2-13) ...
Setting up liballegro4-dev (2:4.4.2-13) ...
Setting up libaldmb1-dev:amd64 (1:0.9.3-6+b3) ...
Setting up dh-autoreconf (19) ...
Setting up dh-strip-nondeterminism (1.0.0-1) ...
Setting up debhelper (12) ...
Setting up sbuild-build-depends-open-invaders-dummy (0.invalid.0) ...
Processing triggers for libc-bin (2.28-4) ...

+------------------------------------------------------------------------------+
| Build environment                                                            |
+------------------------------------------------------------------------------+

Kernel: Linux 4.9.0-8-amd64 amd64 (x86_64)
Toolchain package versions: binutils_2.31.1-11 dpkg-dev_1.19.2 g++-8_8.2.0-14 gcc-8_8.2.0-14 libc6-dev_2.28-4 libstdc++-8-dev_8.2.0-14 libstdc++6_8.2.0-14 linux-libc-dev_4.19.13-1
Package versions: adduser_3.118 apt_1.8.0~alpha3 autoconf_2.69-11 automake_1:1.16.1-4 autopoint_0.19.8.1-9 autotools-dev_20180224.1 base-files_10.1 base-passwd_3.5.45 bash_4.4.18-3.1 binutils_2.31.1-11 binutils-common_2.31.1-11 binutils-x86-64-linux-gnu_2.31.1-11 bsdmainutils_11.1.2+b1 bsdutils_1:2.33-0.2 build-essential_12.5 bzip2_1.0.6-9 clang-7_1:7.0.1-4 coreutils_8.30-1 cpp_4:8.2.0-2 cpp-8_8.2.0-14 dash_0.5.10.2-4 debconf_1.5.69 debhelper_12 debian-archive-keyring_2018.1 debianutils_4.8.6 dh-autoreconf_19 dh-strip-nondeterminism_1.0.0-1 diffutils_1:3.6-1 dpkg_1.19.2 dpkg-dev_1.19.2 dwz_0.12-3 e2fsprogs_1.44.5-1 fakeroot_1.23-1 fdisk_2.33-0.2 file_1:5.34-2 findutils_4.6.0+git+20181018-1 g++_4:8.2.0-2 g++-8_8.2.0-14 gcc_4:8.2.0-2 gcc-8_8.2.0-14 gcc-8-base_8.2.0-14 gettext_0.19.8.1-9 gettext-base_0.19.8.1-9 gpgv_2.2.12-1 grep_3.3-1 groff-base_1.22.4-2 gzip_1.9-3 hostname_3.21 init-system-helpers_1.56+nmu1 intltool-debian_0.35.0+20060710.4 lib32gcc1_1:8.2.0-14 lib32stdc++6_8.2.0-14 libacl1_2.2.52-3+b1 libaldmb1_1:0.9.3-6+b3 libaldmb1-dev_1:0.9.3-6+b3 liballegro4-dev_2:4.4.2-13 liballegro4.4_2:4.4.2-13 libapt-pkg5.0_1.8.0~alpha3 libarchive-zip-perl_1.64-1 libasan5_8.2.0-14 libasound2_1.1.7-2 libasound2-data_1.1.7-2 libasound2-dev_1.1.7-2 libatomic1_8.2.0-14 libattr1_1:2.4.47-2+b2 libaudit-common_1:2.8.4-2 libaudit1_1:2.8.4-2 libbinutils_2.31.1-11 libblkid1_2.33-0.2 libbsd0_0.9.1-1 libbz2-1.0_1.0.6-9 libc-bin_2.28-4 libc-dev-bin_2.28-4 libc6_2.28-4 libc6-dev_2.28-4 libc6-i386_2.28-4 libcap-ng0_0.7.9-1+b1 libcc1-0_8.2.0-14 libclang-common-7-dev_1:7.0.1-4 libclang1-7_1:7.0.1-4 libcom-err2_1.44.5-1 libcroco3_0.6.12-3 libdb5.3_5.3.28+dfsg1-0.2 libdebconfclient0_0.246 libdpkg-perl_1.19.2 libdumb1_1:0.9.3-6+b3 libdumb1-dev_1:0.9.3-6+b3 libedit2_3.1-20181209-1 libelf1_0.175-2 libext2fs2_1.44.5-1 libfakeroot_1.23-1 libfdisk1_2.33-0.2 libffi6_3.2.1-9 libfile-stripnondeterminism-perl_1.0.0-1 libgc1c2_1:7.6.4-0.4 libgcc-8-dev_8.2.0-14 libgcc1_1:8.2.0-14 libgcrypt20_1.8.4-4 libgdbm-compat4_1.18.1-2 libgdbm6_1.18.1-2 libglib2.0-0_2.58.2-3 libgmp10_2:6.1.2+dfsg-4 libgnutls30_3.6.5-2 libgomp1_8.2.0-14 libgpg-error0_1.33-3 libhogweed4_3.4.1~rc1-1 libicu63_63.1-5 libidn2-0_2.0.5-1 libisl19_0.20-2 libitm1_8.2.0-14 libjpgalleg4.4_2:4.4.2-13 libllvm7_1:7.0.1-4 liblsan0_8.2.0-14 liblz4-1_1.8.3-1 liblzma5_5.2.2-1.3 libmagic-mgc_1:5.34-2 libmagic1_1:5.34-2 libmount1_2.33-0.2 libmpc3_1.1.0-1 libmpfr6_4.0.2~rc1-1 libmpx2_8.2.0-14 libncurses6_6.1+20181013-1 libncursesw6_6.1+20181013-1 libnettle6_3.4.1~rc1-1 libobjc-8-dev_8.2.0-14 libobjc4_8.2.0-14 libomp-7-dev_1:7.0.1-4 libomp5-7_1:7.0.1-4 libp11-kit0_0.23.14-2 libpam-modules_1.1.8-4 libpam-modules-bin_1.1.8-4 libpam-runtime_1.1.8-4 libpam0g_1.1.8-4 libpcre3_2:8.39-11 libperl5.28_5.28.1-3 libpipeline1_1.5.0-2 libpthread-stubs0-dev_0.3-4 libquadmath0_8.2.0-14 libseccomp2_2.3.3-3 libselinux1_2.8-1+b1 libsemanage-common_2.8-2 libsemanage1_2.8-2 libsepol1_2.8-1 libsigsegv2_2.12-2 libsmartcols1_2.33-0.2 libss2_1.44.5-1 libstdc++-8-dev_8.2.0-14 libstdc++6_8.2.0-14 libsystemd0_240-2 libtasn1-6_4.13-3 libtinfo6_6.1+20181013-1 libtool_2.4.6-6 libtsan0_8.2.0-14 libubsan1_8.2.0-14 libuchardet0_0.0.6-3 libudev1_240-2 libunistring2_0.9.10-1 libuuid1_2.33-0.2 libx11-6_2:1.6.7-1 libx11-data_2:1.6.7-1 libx11-dev_2:1.6.7-1 libxau-dev_1:1.0.8-1+b2 libxau6_1:1.0.8-1+b2 libxcb1_1.13.1-2 libxcb1-dev_1.13.1-2 libxcursor-dev_1:1.1.15-2 libxcursor1_1:1.1.15-2 libxdmcp-dev_1:1.1.2-3 libxdmcp6_1:1.1.2-3 libxext-dev_2:1.3.3-1+b2 libxext6_2:1.3.3-1+b2 libxfixes-dev_1:5.0.3-1 libxfixes3_1:5.0.3-1 libxml2_2.9.4+dfsg1-7+b3 libxpm-dev_1:3.5.12-1 libxpm4_1:3.5.12-1 libxrender-dev_1:0.9.10-1 libxrender1_1:0.9.10-1 libxxf86dga1_2:1.1.4-1+b3 libxxf86vm-dev_1:1.1.4-1+b2 libxxf86vm1_1:1.1.4-1+b2 libzstd1_1.3.8+dfsg-3 linux-libc-dev_4.19.13-1 login_1:4.5-1.1 m4_1.4.18-2 make_4.2.1-1.2 man-db_2.8.5-1 mawk_1.3.3-17+b3 mount_2.33-0.2 ncurses-base_6.1+20181013-1 ncurses-bin_6.1+20181013-1 passwd_1:4.5-1.1 patch_2.7.6-3 perl_5.28.1-3 perl-base_5.28.1-3 perl-modules-5.28_5.28.1-3 pkg-config_0.29-4+b1 po-debconf_1.0.21 sbuild-build-depends-core-dummy_0.invalid.0 sbuild-build-depends-open-invaders-dummy_0.invalid.0 sed_4.7-1 sensible-utils_0.0.12 sysvinit-utils_2.93-3 tar_1.30+dfsg-4 tzdata_2018i-1 util-linux_2.33-0.2 x11proto-core-dev_2018.4-4 x11proto-dev_2018.4-4 x11proto-fixes-dev_1:2018.4-4 x11proto-xext-dev_2018.4-4 x11proto-xf86vidmode-dev_2018.4-4 xorg-sgml-doctools_1:1.11-1 xtrans-dev_1.3.5-1 xz-utils_5.2.2-1.3 zlib1g_1:1.2.11.dfsg-1

+------------------------------------------------------------------------------+
| Build                                                                        |
+------------------------------------------------------------------------------+


Unpack source
-------------

gpgv: unknown type of key resource 'trustedkeys.kbx'
gpgv: keyblock resource '/sbuild-nonexistent/.gnupg/trustedkeys.kbx': General error
gpgv: Signature made Wed Sep 28 09:01:20 2016 UTC
gpgv:                using RSA key D9AD14B9513B51E4
gpgv:                issuer "apo@debian.org"
gpgv: Can't check signature: No public key
dpkg-source: warning: failed to verify signature on ./open-invaders_0.3-4.3.dsc
dpkg-source: info: extracting open-invaders in /<<PKGBUILDDIR>>
dpkg-source: info: unpacking open-invaders_0.3.orig.tar.gz
dpkg-source: info: unpacking open-invaders_0.3-4.3.debian.tar.xz
dpkg-source: info: using patch list from debian/patches/series
dpkg-source: info: applying fix_ftbfs_gcc45.patch
dpkg-source: info: applying fix_pmask_amd64.patch
dpkg-source: info: applying format_security.patch
dpkg-source: info: applying gcc6.patch

Check disk space
----------------

Sufficient free space for build

User Environment
----------------

APT_CONFIG=/var/lib/sbuild/apt.conf
HOME=/sbuild-nonexistent
LANG=en_US.UTF-8
LC_ALL=POSIX
LOGNAME=user42
PATH=/usr/local/sbin:/usr/local/bin:/usr/sbin:/usr/bin:/sbin:/bin:/usr/games
SCHROOT_ALIAS_NAME=unstable
SCHROOT_CHROOT_NAME=sid-amd64-sbuild
SCHROOT_COMMAND=env
SCHROOT_GID=1001
SCHROOT_GROUP=user42
SCHROOT_SESSION_ID=sid-amd64-sbuild-2c62e8df-1a22-4f7a-a60d-b7fb7759b776
SCHROOT_UID=1001
SCHROOT_USER=user42
SHELL=/bin/sh
USER=user42

dpkg-buildpackage
-----------------

dpkg-buildpackage: info: source package open-invaders
dpkg-buildpackage: info: source version 0.3-4.3
dpkg-buildpackage: info: source distribution unstable
dpkg-buildpackage: info: source changed by Markus Koschany <apo@debian.org>
 dpkg-source --before-build .
dpkg-buildpackage: info: host architecture amd64
 fakeroot debian/rules clean
dh clean
   debian/rules override_dh_auto_clean
make[1]: Entering directory '/<<PKGBUILDDIR>>'
# Undo Makefile patching
sed -i "s/laldmb/laldmd/g" src/Makefile.am src/Makefile.in
sed -i "s/ldumb /ldumbd /g" src/Makefile.am src/Makefile.in
# Undo macro name fix
sed -i "s/ALLEGRO_UNIX/ALLEGRO_LINUX/g" src/*.cc headers/*.h
dh_auto_clean
make[1]: Leaving directory '/<<PKGBUILDDIR>>'
   dh_clean
 debian/rules build-arch
dh build-arch
   dh_update_autotools_config -a
   dh_autoreconf -a
libtoolize: putting auxiliary files in '.'.
libtoolize: copying file './ltmain.sh'
libtoolize: Consider adding 'AC_CONFIG_MACRO_DIRS([m4])' to configure.ac,
libtoolize: and rerunning libtoolize and aclocal.
libtoolize: Consider adding '-I m4' to ACLOCAL_AMFLAGS in Makefile.am.
configure.ac:20: warning: AM_INIT_AUTOMAKE: two- and three-arguments forms are deprecated.  For more info, see:
configure.ac:20: https://www.gnu.org/software/automake/manual/automake.html#Modernize-AM_005fINIT_005fAUTOMAKE-invocation
configure.ac:24: installing './compile'
configure.ac:20: installing './missing'
src/Makefile.am:5: warning: 'INCLUDES' is the old name for 'AM_CPPFLAGS' (or '*_CPPFLAGS')
src/Makefile.am: installing './depcomp'
   debian/rules override_dh_auto_configure
make[1]: Entering directory '/<<PKGBUILDDIR>>'
# Patch wrong library names in Makefile
sed -i "s/laldmd/laldmb/g" src/Makefile.am src/Makefile.in
sed -i "s/ldumbd/ldumb/g" src/Makefile.am src/Makefile.in
# Fix macro name (debbug #668815)
sed -i "s/ALLEGRO_LINUX/ALLEGRO_UNIX/g" src/*.cc headers/*.h
dh_auto_configure
	./configure --build=x86_64-linux-gnu --prefix=/usr --includedir=\${prefix}/include --mandir=\${prefix}/share/man --infodir=\${prefix}/share/info --sysconfdir=/etc --localstatedir=/var --disable-silent-rules --libdir=\${prefix}/lib/x86_64-linux-gnu --libexecdir=\${prefix}/lib/x86_64-linux-gnu --disable-maintainer-mode --disable-dependency-tracking
checking for a BSD-compatible install... /usr/bin/install -c
checking whether build environment is sane... yes
checking for a thread-safe mkdir -p... /bin/mkdir -p
checking for gawk... no
checking for mawk... mawk
checking whether make sets $(MAKE)... yes
checking whether make supports nested variables... yes
checking whether to enable maintainer-specific portions of Makefiles... no
checking whether make supports the include directive... yes (GNU style)
checking for gcc... gcc
checking whether the C compiler works... yes
checking for C compiler default output file name... a.out
checking for suffix of executables... 
checking whether we are cross compiling... no
checking for suffix of object files... o
checking whether we are using the GNU C compiler... yes
checking whether gcc accepts -g... yes
checking for gcc option to accept ISO C89... none needed
checking whether gcc understands -c and -o together... yes
checking dependency style of gcc... none
checking for library containing strerror... none required
checking for g++... g++
checking whether we are using the GNU C++ compiler... yes
checking whether g++ accepts -g... yes
checking dependency style of g++... none
checking for gcc... (cached) gcc
checking whether we are using the GNU C compiler... (cached) yes
checking whether gcc accepts -g... (cached) yes
checking for gcc option to accept ISO C89... (cached) none needed
checking whether gcc understands -c and -o together... (cached) yes
checking dependency style of gcc... (cached) none
checking how to run the C preprocessor... gcc -E
checking for grep that handles long lines and -e... /bin/grep
checking for egrep... /bin/grep -E
checking for ANSI C header files... yes
checking build system type... x86_64-pc-linux-gnu
checking host system type... x86_64-pc-linux-gnu
checking how to print strings... printf
checking for a sed that does not truncate output... /bin/sed
checking for fgrep... /bin/grep -F
checking for ld used by gcc... /usr/bin/ld
checking if the linker (/usr/bin/ld) is GNU ld... yes
checking for BSD- or MS-compatible name lister (nm)... /usr/bin/nm -B
checking the name lister (/usr/bin/nm -B) interface... BSD nm
checking whether ln -s works... yes
checking the maximum length of command line arguments... 1572864
checking how to convert x86_64-pc-linux-gnu file names to x86_64-pc-linux-gnu format... func_convert_file_noop
checking how to convert x86_64-pc-linux-gnu file names to toolchain format... func_convert_file_noop
checking for /usr/bin/ld option to reload object files... -r
checking for objdump... objdump
checking how to recognize dependent libraries... pass_all
checking for dlltool... no
checking how to associate runtime and link libraries... printf %s\n
checking for ar... ar
checking for archiver @FILE support... @
checking for strip... strip
checking for ranlib... ranlib
checking command to parse /usr/bin/nm -B output from gcc object... ok
checking for sysroot... no
checking for a working dd... /bin/dd
checking how to truncate binary pipes... /bin/dd bs=4096 count=1
checking for mt... no
checking if : is a manifest tool... no
checking for sys/types.h... yes
checking for sys/stat.h... yes
checking for stdlib.h... yes
checking for string.h... yes
checking for memory.h... yes
checking for strings.h... yes
checking for inttypes.h... yes
checking for stdint.h... yes
checking for unistd.h... yes
checking for dlfcn.h... yes
checking for objdir... .libs
checking if gcc supports -fno-rtti -fno-exceptions... yes
checking for gcc option to produce PIC... -fPIC -DPIC
checking if gcc PIC flag -fPIC -DPIC works... yes
checking if gcc static flag -static works... yes
checking if gcc supports -c -o file.o... yes
checking if gcc supports -c -o file.o... (cached) yes
checking whether the gcc linker (/usr/bin/ld -m elf_x86_64) supports shared libraries... yes
checking whether -lc should be explicitly linked in... no
checking dynamic linker characteristics... GNU/Linux ld.so
checking how to hardcode library paths into programs... immediate
checking whether stripping libraries is possible... yes
checking if libtool supports shared libraries... yes
checking whether to build shared libraries... yes
checking whether to build static libraries... yes
checking how to run the C++ preprocessor... g++ -E
checking for ld used by g++... /usr/bin/ld -m elf_x86_64
checking if the linker (/usr/bin/ld -m elf_x86_64) is GNU ld... yes
checking whether the g++ linker (/usr/bin/ld -m elf_x86_64) supports shared libraries... yes
checking for g++ option to produce PIC... -fPIC -DPIC
checking if g++ PIC flag -fPIC -DPIC works... yes
checking if g++ static flag -static works... yes
checking if g++ supports -c -o file.o... yes
checking if g++ supports -c -o file.o... (cached) yes
checking whether the g++ linker (/usr/bin/ld -m elf_x86_64) supports shared libraries... yes
checking dynamic linker characteristics... (cached) GNU/Linux ld.so
checking how to hardcode library paths into programs... immediate
checking for pkg-config... /usr/bin/pkg-config
checking pkg-config is at least version 0.9.0... yes
checking for ALLEGRO... yes
checking that generated files are newer than configure... done
configure: creating ./config.status
config.status: creating Makefile
config.status: creating data/Makefile
config.status: creating headers/Makefile
config.status: creating src/Makefile
config.status: creating config.h
config.status: executing depfiles commands
config.status: executing libtool commands
make[1]: Leaving directory '/<<PKGBUILDDIR>>'
   dh_auto_build -a
	make -j4
make[1]: Entering directory '/<<PKGBUILDDIR>>'
make  all-recursive
make[2]: Entering directory '/<<PKGBUILDDIR>>'
Making all in src
make[3]: Entering directory '/<<PKGBUILDDIR>>/src'
g++ -DHAVE_CONFIG_H -I. -I.. -DPACKAGE_SRC_DIR=\""."\" -DPACKAGE_DATA_DIR=\""/usr/share"\"  -Wdate-time -D_FORTIFY_SOURCE=2  -g -O2 -fdebug-prefix-map=/<<PKGBUILDDIR>>=. -fstack-protector-strong -Wformat -Werror=format-security -c -o main.o main.cc
g++ -DHAVE_CONFIG_H -I. -I.. -DPACKAGE_SRC_DIR=\""."\" -DPACKAGE_DATA_DIR=\""/usr/share"\"  -Wdate-time -D_FORTIFY_SOURCE=2  -g -O2 -fdebug-prefix-map=/<<PKGBUILDDIR>>=. -fstack-protector-strong -Wformat -Werror=format-security -c -o collision.o collision.cc
g++ -DHAVE_CONFIG_H -I. -I.. -DPACKAGE_SRC_DIR=\""."\" -DPACKAGE_DATA_DIR=\""/usr/share"\"  -Wdate-time -D_FORTIFY_SOURCE=2  -g -O2 -fdebug-prefix-map=/<<PKGBUILDDIR>>=. -fstack-protector-strong -Wformat -Werror=format-security -c -o ending.o ending.cc
g++ -DHAVE_CONFIG_H -I. -I.. -DPACKAGE_SRC_DIR=\""."\" -DPACKAGE_DATA_DIR=\""/usr/share"\"  -Wdate-time -D_FORTIFY_SOURCE=2  -g -O2 -fdebug-prefix-map=/<<PKGBUILDDIR>>=. -fstack-protector-strong -Wformat -Werror=format-security -c -o graphics.o graphics.cc
In file included from collision.cc:30:
../headers/declare.h:27:41: error: invalid suffix on literal; C++11 requires a space between literal and identifier [-Wreserved-user-defined-literal]
#define ALLEGRO_LOGO PACKAGE_DATA_DIR"/"PACKAGE"/allegro_logo.pcx"
                                        ^
                                         
../headers/declare.h:28:38: error: invalid suffix on literal; C++11 requires a space between literal and identifier [-Wreserved-user-defined-literal]
#define GAME_FONT PACKAGE_DATA_DIR"/"PACKAGE"/arcade_font.pcx"
                                     ^
                                      
../headers/declare.h:29:37: error: invalid suffix on literal; C++11 requires a space between literal and identifier [-Wreserved-user-defined-literal]
#define BIG_FONT PACKAGE_DATA_DIR"/"PACKAGE"/arcade_font_big.pcx"
                                    ^
                                     
../headers/declare.h:30:40: error: invalid suffix on literal; C++11 requires a space between literal and identifier [-Wreserved-user-defined-literal]
#define SPIKE_IMAGE PACKAGE_DATA_DIR"/"PACKAGE"/spike.pcx"
                                       ^
                                        
../headers/declare.h:31:42: error: invalid suffix on literal; C++11 requires a space between literal and identifier [-Wreserved-user-defined-literal]
#define JAMYSKIS_LOGO PACKAGE_DATA_DIR"/"PACKAGE"/jamyskis_logo.pcx"
                                         ^
                                          
../headers/declare.h:32:39: error: invalid suffix on literal; C++11 requires a space between literal and identifier [-Wreserved-user-defined-literal]
#define LINUX_LOGO PACKAGE_DATA_DIR"/"PACKAGE"/linux.pcx"
                                      ^
                                       
../headers/declare.h:33:37: error: invalid suffix on literal; C++11 requires a space between literal and identifier [-Wreserved-user-defined-literal]
#define GFX_SHIP PACKAGE_DATA_DIR"/"PACKAGE"/ship.pcx"
                                    ^
                                     
../headers/declare.h:34:42: error: invalid suffix on literal; C++11 requires a space between literal and identifier [-Wreserved-user-defined-literal]
#define GFX_ALIEN_TOP PACKAGE_DATA_DIR"/"PACKAGE"/invader_top.pcx"
                                         ^
                                          
../headers/declare.h:35:45: error: invalid suffix on literal; C++11 requires a space between literal and identifier [-Wreserved-user-defined-literal]
#define GFX_ALIEN_MIDDLE PACKAGE_DATA_DIR"/"PACKAGE"/invader_middle.pcx"
                                            ^
                                             
../headers/declare.h:36:45: error: invalid suffix on literal; C++11 requires a space between literal and identifier [-Wreserved-user-defined-literal]
#define GFX_ALIEN_BOTTOM PACKAGE_DATA_DIR"/"PACKAGE"/invader_bottom.pcx"
                                            ^
                                             
../headers/declare.h:37:42: error: invalid suffix on literal; C++11 requires a space between literal and identifier [-Wreserved-user-defined-literal]
#define GFX_EXPLOSION PACKAGE_DATA_DIR"/"PACKAGE"/explosion.pcx"
                                         ^
                                          
../headers/declare.h:38:39: error: invalid suffix on literal; C++11 requires a space between literal and identifier [-Wreserved-user-defined-literal]
#define GFX_BULLET PACKAGE_DATA_DIR"/"PACKAGE"/bullet.pcx"
                                      ^
                                       
../headers/declare.h:39:36: error: invalid suffix on literal; C++11 requires a space between literal and identifier [-Wreserved-user-defined-literal]
#define GFX_UFO PACKAGE_DATA_DIR"/"PACKAGE"/ufo.pcx"
                                   ^
                                    
../headers/declare.h:40:43: error: invalid suffix on literal; C++11 requires a space between literal and identifier [-Wreserved-user-defined-literal]
#define SHIELD_GRAPHIC PACKAGE_DATA_DIR"/"PACKAGE"/shield.pcx"
                                          ^
                                           
../headers/declare.h:41:47: error: invalid suffix on literal; C++11 requires a space between literal and identifier [-Wreserved-user-defined-literal]
#define OPEN_INVADERS_LOGO PACKAGE_DATA_DIR"/"PACKAGE"/oi_logo.pcx"
                                              ^
                                               
../headers/declare.h:42:54: error: invalid suffix on literal; C++11 requires a space between literal and identifier [-Wreserved-user-defined-literal]
#define LEVEL_TWO_BACKGROUND_LEFT PACKAGE_DATA_DIR"/"PACKAGE"/level2bk.pcx"
                                                     ^
                                                      
../headers/declare.h:43:55: error: invalid suffix on literal; C++11 requires a space between literal and identifier [-Wreserved-user-defined-literal]
#define LEVEL_TWO_BACKGROUND_RIGHT PACKAGE_DATA_DIR"/"PACKAGE"/level2bk2.pcx"
                                                      ^
                                                       
../headers/declare.h:44:51: error: invalid suffix on literal; C++11 requires a space between literal and identifier [-Wreserved-user-defined-literal]
#define LEVEL_THREE_BACKGROUND PACKAGE_DATA_DIR"/"PACKAGE"/level3bk.pcx"
                                                  ^
                                                   
../headers/declare.h:45:54: error: invalid suffix on literal; C++11 requires a space between literal and identifier [-Wreserved-user-defined-literal]
#define LEVEL_FOUR_BACKGROUND_ONE PACKAGE_DATA_DIR"/"PACKAGE"/level4bk.pcx"
                                                     ^
                                                      
fatal error: too many errors emitted, stopping now [-ferror-limit=]
20 errors generated.
make[3]: *** [Makefile:515: collision.o] Error 1
make[3]: *** Waiting for unfinished jobs....
In file included from graphics.cc:21:
../headers/declare.h:27:41: error: invalid suffix on literal; C++11 requires a space between literal and identifier [-Wreserved-user-defined-literal]
#define ALLEGRO_LOGO PACKAGE_DATA_DIR"/"PACKAGE"/allegro_logo.pcx"
                                        ^
                                         
../headers/declare.h:28:38: error: invalid suffix on literal; C++11 requires a space between literal and identifier [-Wreserved-user-defined-literal]
#define GAME_FONT PACKAGE_DATA_DIR"/"PACKAGE"/arcade_font.pcx"
                                     ^
                                      
../headers/declare.h:29:37: error: invalid suffix on literal; C++11 requires a space between literal and identifier [-Wreserved-user-defined-literal]
#define BIG_FONT PACKAGE_DATA_DIR"/"PACKAGE"/arcade_font_big.pcx"
                                    ^
                                     
../headers/declare.h:30:40: error: invalid suffix on literal; C++11 requires a space between literal and identifier [-Wreserved-user-defined-literal]
#define SPIKE_IMAGE PACKAGE_DATA_DIR"/"PACKAGE"/spike.pcx"
                                       ^
                                        
../headers/declare.h:31:42: error: invalid suffix on literal; C++11 requires a space between literal and identifier [-Wreserved-user-defined-literal]
#define JAMYSKIS_LOGO PACKAGE_DATA_DIR"/"PACKAGE"/jamyskis_logo.pcx"
                                         ^
                                          
../headers/declare.h:32:39: error: invalid suffix on literal; C++11 requires a space between literal and identifier [-Wreserved-user-defined-literal]
#define LINUX_LOGO PACKAGE_DATA_DIR"/"PACKAGE"/linux.pcx"
                                      ^
                                       
../headers/declare.h:33:37: error: invalid suffix on literal; C++11 requires a space between literal and identifier [-Wreserved-user-defined-literal]
#define GFX_SHIP PACKAGE_DATA_DIR"/"PACKAGE"/ship.pcx"
                                    ^
                                     
../headers/declare.h:34:42: error: invalid suffix on literal; C++11 requires a space between literal and identifier [-Wreserved-user-defined-literal]
#define GFX_ALIEN_TOP PACKAGE_DATA_DIR"/"PACKAGE"/invader_top.pcx"
                                         ^
                                          
../headers/declare.h:35:45: error: invalid suffix on literal; C++11 requires a space between literal and identifier [-Wreserved-user-defined-literal]
#define GFX_ALIEN_MIDDLE PACKAGE_DATA_DIR"/"PACKAGE"/invader_middle.pcx"
                                            ^
                                             
../headers/declare.h:36:45: error: invalid suffix on literal; C++11 requires a space between literal and identifier [-Wreserved-user-defined-literal]
#define GFX_ALIEN_BOTTOM PACKAGE_DATA_DIR"/"PACKAGE"/invader_bottom.pcx"
                                            ^
                                             
../headers/declare.h:37:42: error: invalid suffix on literal; C++11 requires a space between literal and identifier [-Wreserved-user-defined-literal]
#define GFX_EXPLOSION PACKAGE_DATA_DIR"/"PACKAGE"/explosion.pcx"
                                         ^
                                          
../headers/declare.h:38:39: error: invalid suffix on literal; C++11 requires a space between literal and identifier [-Wreserved-user-defined-literal]
#define GFX_BULLET PACKAGE_DATA_DIR"/"PACKAGE"/bullet.pcx"
                                      ^
                                       
../headers/declare.h:39:36: error: invalid suffix on literal; C++11 requires a space between literal and identifier [-Wreserved-user-defined-literal]
#define GFX_UFO PACKAGE_DATA_DIR"/"PACKAGE"/ufo.pcx"
                                   ^
                                    
../headers/declare.h:40:43: error: invalid suffix on literal; C++11 requires a space between literal and identifier [-Wreserved-user-defined-literal]
#define SHIELD_GRAPHIC PACKAGE_DATA_DIR"/"PACKAGE"/shield.pcx"
                                          ^
                                           
../headers/declare.h:41:47: error: invalid suffix on literal; C++11 requires a space between literal and identifier [-Wreserved-user-defined-literal]
#define OPEN_INVADERS_LOGO PACKAGE_DATA_DIR"/"PACKAGE"/oi_logo.pcx"
                                              ^
                                               
../headers/declare.h:42:54: error: invalid suffix on literal; C++11 requires a space between literal and identifier [-Wreserved-user-defined-literal]
#define LEVEL_TWO_BACKGROUND_LEFT PACKAGE_DATA_DIR"/"PACKAGE"/level2bk.pcx"
                                                     ^
                                                      
../headers/declare.h:43:55: error: invalid suffix on literal; C++11 requires a space between literal and identifier [-Wreserved-user-defined-literal]
#define LEVEL_TWO_BACKGROUND_RIGHT PACKAGE_DATA_DIR"/"PACKAGE"/level2bk2.pcx"
                                                      ^
                                                       
../headers/declare.h:44:51: error: invalid suffix on literal; C++11 requires a space between literal and identifier [-Wreserved-user-defined-literal]
#define LEVEL_THREE_BACKGROUND PACKAGE_DATA_DIR"/"PACKAGE"/level3bk.pcx"
                                                  ^
                                                   
../headers/declare.h:45:54: error: invalid suffix on literal; C++11 requires a space between literal and identifier [-Wreserved-user-defined-literal]
#define LEVEL_FOUR_BACKGROUND_ONE PACKAGE_DATA_DIR"/"PACKAGE"/level4bk.pcx"
                                                     ^
                                                      
fatal error: too many errors emitted, stopping now [-ferror-limit=]
20 errors generated.
make[3]: *** [Makefile:515: graphics.o] Error 1
In file included from main.cc:27:
../headers/declare.h:27:41: error: invalid suffix on literal; C++11 requires a space between literal and identifier [-Wreserved-user-defined-literal]
#define ALLEGRO_LOGO PACKAGE_DATA_DIR"/"PACKAGE"/allegro_logo.pcx"
                                        ^
                                         
../headers/declare.h:28:38: error: invalid suffix on literal; C++11 requires a space between literal and identifier [-Wreserved-user-defined-literal]
#define GAME_FONT PACKAGE_DATA_DIR"/"PACKAGE"/arcade_font.pcx"
                                     ^
                                      
../headers/declare.h:29:37: error: invalid suffix on literal; C++11 requires a space between literal and identifier [-Wreserved-user-defined-literal]
#define BIG_FONT PACKAGE_DATA_DIR"/"PACKAGE"/arcade_font_big.pcx"
                                    ^
                                     
../headers/declare.h:30:40: error: invalid suffix on literal; C++11 requires a space between literal and identifier [-Wreserved-user-defined-literal]
#define SPIKE_IMAGE PACKAGE_DATA_DIR"/"PACKAGE"/spike.pcx"
                                       ^
                                        
../headers/declare.h:31:42: error: invalid suffix on literal; C++11 requires a space between literal and identifier [-Wreserved-user-defined-literal]
#define JAMYSKIS_LOGO PACKAGE_DATA_DIR"/"PACKAGE"/jamyskis_logo.pcx"
                                         ^
                                          
../headers/declare.h:32:39: error: invalid suffix on literal; C++11 requires a space between literal and identifier [-Wreserved-user-defined-literal]
#define LINUX_LOGO PACKAGE_DATA_DIR"/"PACKAGE"/linux.pcx"
                                      ^
                                       
../headers/declare.h:33:37: error: invalid suffix on literal; C++11 requires a space between literal and identifier [-Wreserved-user-defined-literal]
#define GFX_SHIP PACKAGE_DATA_DIR"/"PACKAGE"/ship.pcx"
                                    ^
                                     
../headers/declare.h:34:42: error: invalid suffix on literal; C++11 requires a space between literal and identifier [-Wreserved-user-defined-literal]
#define GFX_ALIEN_TOP PACKAGE_DATA_DIR"/"PACKAGE"/invader_top.pcx"
                                         ^
                                          
../headers/declare.h:35:45: error: invalid suffix on literal; C++11 requires a space between literal and identifier [-Wreserved-user-defined-literal]
#define GFX_ALIEN_MIDDLE PACKAGE_DATA_DIR"/"PACKAGE"/invader_middle.pcx"
                                            ^
                                             
../headers/declare.h:36:45: error: invalid suffix on literal; C++11 requires a space between literal and identifier [-Wreserved-user-defined-literal]
#define GFX_ALIEN_BOTTOM PACKAGE_DATA_DIR"/"PACKAGE"/invader_bottom.pcx"
                                            ^
                                             
../headers/declare.h:37:42: error: invalid suffix on literal; C++11 requires a space between literal and identifier [-Wreserved-user-defined-literal]
#define GFX_EXPLOSION PACKAGE_DATA_DIR"/"PACKAGE"/explosion.pcx"
                                         ^
                                          
../headers/declare.h:38:39: error: invalid suffix on literal; C++11 requires a space between literal and identifier [-Wreserved-user-defined-literal]
#define GFX_BULLET PACKAGE_DATA_DIR"/"PACKAGE"/bullet.pcx"
                                      ^
                                       
../headers/declare.h:39:36: error: invalid suffix on literal; C++11 requires a space between literal and identifier [-Wreserved-user-defined-literal]
#define GFX_UFO PACKAGE_DATA_DIR"/"PACKAGE"/ufo.pcx"
                                   ^
                                    
../headers/declare.h:40:43: error: invalid suffix on literal; C++11 requires a space between literal and identifier [-Wreserved-user-defined-literal]
#define SHIELD_GRAPHIC PACKAGE_DATA_DIR"/"PACKAGE"/shield.pcx"
                                          ^
                                           
../headers/declare.h:41:47: error: invalid suffix on literal; C++11 requires a space between literal and identifier [-Wreserved-user-defined-literal]
#define OPEN_INVADERS_LOGO PACKAGE_DATA_DIR"/"PACKAGE"/oi_logo.pcx"
                                              ^
                                               
../headers/declare.h:42:54: error: invalid suffix on literal; C++11 requires a space between literal and identifier [-Wreserved-user-defined-literal]
#define LEVEL_TWO_BACKGROUND_LEFT PACKAGE_DATA_DIR"/"PACKAGE"/level2bk.pcx"
                                                     ^
                                                      
../headers/declare.h:43:55: error: invalid suffix on literal; C++11 requires a space between literal and identifier [-Wreserved-user-defined-literal]
#define LEVEL_TWO_BACKGROUND_RIGHT PACKAGE_DATA_DIR"/"PACKAGE"/level2bk2.pcx"
                                                      ^
                                                       
../headers/declare.h:44:51: error: invalid suffix on literal; C++11 requires a space between literal and identifier [-Wreserved-user-defined-literal]
#define LEVEL_THREE_BACKGROUND PACKAGE_DATA_DIR"/"PACKAGE"/level3bk.pcx"
                                                  ^
                                                   
../headers/declare.h:45:54: error: invalid suffix on literal; C++11 requires a space between literal and identifier [-Wreserved-user-defined-literal]
#define LEVEL_FOUR_BACKGROUND_ONE PACKAGE_DATA_DIR"/"PACKAGE"/level4bk.pcx"
                                                     ^
                                                      
fatal error: too many errors emitted, stopping now [-ferror-limit=]
20 errors generated.
In file included from ending.cc:32:
../headers/declare.h:27:41: error: invalid suffix on literal; C++11 requires a space between literal and identifier [-Wreserved-user-defined-literal]
#define ALLEGRO_LOGO PACKAGE_DATA_DIR"/"PACKAGE"/allegro_logo.pcx"
                                        ^
                                         
../headers/declare.h:28:38: error: invalid suffix on literal; C++11 requires a space between literal and identifier [-Wreserved-user-defined-literal]
#define GAME_FONT PACKAGE_DATA_DIR"/"PACKAGE"/arcade_font.pcx"
                                     ^
                                      
../headers/declare.h:29:37: error: invalid suffix on literal; C++11 requires a space between literal and identifier [-Wreserved-user-defined-literal]
#define BIG_FONT PACKAGE_DATA_DIR"/"PACKAGE"/arcade_font_big.pcx"
                                    ^
                                     
../headers/declare.h:30:40: error: invalid suffix on literal; C++11 requires a space between literal and identifier [-Wreserved-user-defined-literal]
#define SPIKE_IMAGE PACKAGE_DATA_DIR"/"PACKAGE"/spike.pcx"
                                       ^
                                        
../headers/declare.h:31:42: error: invalid suffix on literal; C++11 requires a space between literal and identifier [-Wreserved-user-defined-literal]
#define JAMYSKIS_LOGO PACKAGE_DATA_DIR"/"PACKAGE"/jamyskis_logo.pcx"
                                         ^
                                          
../headers/declare.h:32:39: error: invalid suffix on literal; C++11 requires a space between literal and identifier [-Wreserved-user-defined-literal]
#define LINUX_LOGO PACKAGE_DATA_DIR"/"PACKAGE"/linux.pcx"
                                      ^
                                       
../headers/declare.h:33:37: error: invalid suffix on literal; C++11 requires a space between literal and identifier [-Wreserved-user-defined-literal]
#define GFX_SHIP PACKAGE_DATA_DIR"/"PACKAGE"/ship.pcx"
                                    ^
                                     
../headers/declare.h:34:42: error: invalid suffix on literal; C++11 requires a space between literal and identifier [-Wreserved-user-defined-literal]
#define GFX_ALIEN_TOP PACKAGE_DATA_DIR"/"PACKAGE"/invader_top.pcx"
                                         ^
                                          
../headers/declare.h:35:45: error: invalid suffix on literal; C++11 requires a space between literal and identifier [-Wreserved-user-defined-literal]
#define GFX_ALIEN_MIDDLE PACKAGE_DATA_DIR"/"PACKAGE"/invader_middle.pcx"
                                            ^
                                             
../headers/declare.h:36:45: error: invalid suffix on literal; C++11 requires a space between literal and identifier [-Wreserved-user-defined-literal]
#define GFX_ALIEN_BOTTOM PACKAGE_DATA_DIR"/"PACKAGE"/invader_bottom.pcx"
                                            ^
                                             
../headers/declare.h:37:42: error: invalid suffix on literal; C++11 requires a space between literal and identifier [-Wreserved-user-defined-literal]
#define GFX_EXPLOSION PACKAGE_DATA_DIR"/"PACKAGE"/explosion.pcx"
                                         ^
                                          
../headers/declare.h:38:39: error: invalid suffix on literal; C++11 requires a space between literal and identifier [-Wreserved-user-defined-literal]
#define GFX_BULLET PACKAGE_DATA_DIR"/"PACKAGE"/bullet.pcx"
                                      ^
                                       
../headers/declare.h:39:36: error: invalid suffix on literal; C++11 requires a space between literal and identifier [-Wreserved-user-defined-literal]
#define GFX_UFO PACKAGE_DATA_DIR"/"PACKAGE"/ufo.pcx"
                                   ^
                                    
../headers/declare.h:40:43: error: invalid suffix on literal; C++11 requires a space between literal and identifier [-Wreserved-user-defined-literal]
#define SHIELD_GRAPHIC PACKAGE_DATA_DIR"/"PACKAGE"/shield.pcx"
                                          ^
                                           
../headers/declare.h:41:47: error: invalid suffix on literal; C++11 requires a space between literal and identifier [-Wreserved-user-defined-literal]
#define OPEN_INVADERS_LOGO PACKAGE_DATA_DIR"/"PACKAGE"/oi_logo.pcx"
                                              ^
                                               
../headers/declare.h:42:54: error: invalid suffix on literal; C++11 requires a space between literal and identifier [-Wreserved-user-defined-literal]
#define LEVEL_TWO_BACKGROUND_LEFT PACKAGE_DATA_DIR"/"PACKAGE"/level2bk.pcx"
                                                     ^
                                                      
../headers/declare.h:43:55: error: invalid suffix on literal; C++11 requires a space between literal and identifier [-Wreserved-user-defined-literal]
#define LEVEL_TWO_BACKGROUND_RIGHT PACKAGE_DATA_DIR"/"PACKAGE"/level2bk2.pcx"
                                                      ^
                                                       
../headers/declare.h:44:51: error: invalid suffix on literal; C++11 requires a space between literal and identifier [-Wreserved-user-defined-literal]
#define LEVEL_THREE_BACKGROUND PACKAGE_DATA_DIR"/"PACKAGE"/level3bk.pcx"
                                                  ^
                                                   
../headers/declare.h:45:54: error: invalid suffix on literal; C++11 requires a space between literal and identifier [-Wreserved-user-defined-literal]
#define LEVEL_FOUR_BACKGROUND_ONE PACKAGE_DATA_DIR"/"PACKAGE"/level4bk.pcx"
                                                     ^
                                                      
fatal error: too many errors emitted, stopping now [-ferror-limit=]
make[3]: *** [Makefile:515: main.o] Error 1
20 errors generated.
make[3]: *** [Makefile:515: ending.o] Error 1
make[3]: Leaving directory '/<<PKGBUILDDIR>>/src'
make[2]: *** [Makefile:469: all-recursive] Error 1
make[2]: Leaving directory '/<<PKGBUILDDIR>>'
make[1]: *** [Makefile:380: all] Error 2
make[1]: Leaving directory '/<<PKGBUILDDIR>>'
dh_auto_build: make -j4 returned exit code 2
make: *** [debian/rules:4: build-arch] Error 2
dpkg-buildpackage: error: debian/rules build-arch subprocess returned exit status 2
--------------------------------------------------------------------------------
Build finished at 2019-01-09T22:29:16Z

Finished
--------


+------------------------------------------------------------------------------+
| Cleanup                                                                      |
+------------------------------------------------------------------------------+

Purging /<<BUILDDIR>>
Not cleaning session: cloned chroot in use
E: Build failure (dpkg-buildpackage died)

+------------------------------------------------------------------------------+
| Summary                                                                      |
+------------------------------------------------------------------------------+

Build Architecture: amd64
Build Type: any
Build-Space: 8664
Build-Time: 8
Distribution: unstable
Fail-Stage: build
Host Architecture: amd64
Install-Time: 10
Job: open-invaders_0.3-4.3
Machine Architecture: amd64
Package: open-invaders
Package-Time: 31
Source-Version: 0.3-4.3
Space: 8664
Status: attempted
Version: 0.3-4.3
--------------------------------------------------------------------------------
Finished at 2019-01-09T22:29:16Z
Build needed 00:00:31, 8664k disk space
E: Build failure (dpkg-buildpackage died)
DC-Status: Failed 32.986208176s
