DC-Build-Header: php-memcached 3.1.3+2.2.0-1 / 2019-01-09 22:30:46 +0000
DC-Task: type:rebuild-binarch-only source:php-memcached version:3.1.3+2.2.0-1 chroot:unstable esttime:39 logfile:/tmp/php-memcached_3.1.3+2.2.0-1_unstable_clang7.log modes:clang7:binarch-only
DC-Sbuild-call: su user42 -c 'sbuild -n --arch-any --apt-update -d unstable -v  --chroot-setup-commands=/tmp/clang7 php-memcached_3.1.3+2.2.0-1'
sbuild (Debian sbuild) 0.73.0 (23 Dec 2016) on ip-172-31-5-18.eu-central-1.compute.internal

+==============================================================================+
| php-memcached 3.1.3+2.2.0-1 (amd64)          Wed, 09 Jan 2019 22:30:47 +0000 |
+==============================================================================+

Package: php-memcached
Version: 3.1.3+2.2.0-1
Source Version: 3.1.3+2.2.0-1
Distribution: unstable
Machine Architecture: amd64
Host Architecture: amd64
Build Architecture: amd64
Build Type: any

I: NOTICE: Log filtering will replace 'var/run/schroot/mount/sid-amd64-sbuild-065f04be-ff14-49ee-87bf-c53c264843c3' with '<<CHROOT>>'

+------------------------------------------------------------------------------+
| Chroot Setup Commands                                                        |
+------------------------------------------------------------------------------+


/tmp/clang7
-----------

+ echo 'Entering customization script...'
Entering customization script...
+ CLANG_VERSION=7
+ echo 'Install of clang-7'
Install of clang-7
+ apt-get update
Get:1 http://127.0.0.1:9999/debian sid InRelease [238 kB]
Get:2 http://127.0.0.1:9999/debian sid/main Sources.diff/Index [27.9 kB]
Get:3 http://127.0.0.1:9999/debian sid/main amd64 Packages.diff/Index [27.9 kB]
Get:4 http://127.0.0.1:9999/debian sid/main Sources 2019-01-09-1430.36.pdiff [24.1 kB]
Get:5 http://127.0.0.1:9999/debian sid/main Sources 2019-01-09-2026.40.pdiff [16.8 kB]
Get:6 http://127.0.0.1:9999/debian sid/main amd64 Packages 2019-01-09-1430.36.pdiff [40.9 kB]
Get:7 http://127.0.0.1:9999/debian sid/main amd64 Packages 2019-01-09-2026.40.pdiff [32.0 kB]
Get:5 http://127.0.0.1:9999/debian sid/main Sources 2019-01-09-2026.40.pdiff [16.8 kB]
Get:7 http://127.0.0.1:9999/debian sid/main amd64 Packages 2019-01-09-2026.40.pdiff [32.0 kB]
Get:8 http://127.0.0.1:9999/debian sid/main Translation-en [6274 kB]
Fetched 6681 kB in 2s (3363 kB/s)
Reading package lists...
+ apt-get install --yes --no-install-recommends --force-yes clang-7 libomp-7-dev libobjc-8-dev
Reading package lists...
Building dependency tree...
The following additional packages will be installed:
  lib32gcc1 lib32stdc++6 libbsd0 libc6-i386 libclang-common-7-dev libclang1-7
  libedit2 libgc1c2 libllvm7 libobjc4 libomp5-7
Suggested packages:
  clang-7-doc libomp-7-doc
Recommended packages:
  llvm-7-dev python
The following NEW packages will be installed:
  clang-7 lib32gcc1 lib32stdc++6 libbsd0 libc6-i386 libclang-common-7-dev
  libclang1-7 libedit2 libgc1c2 libllvm7 libobjc-8-dev libobjc4 libomp-7-dev
  libomp5-7
0 upgraded, 14 newly installed, 0 to remove and 5 not upgraded.
Need to get 34.5 MB of archives.
After this operation, 185 MB of additional disk space will be used.
Get:1 http://127.0.0.1:9999/debian sid/main amd64 libbsd0 amd64 0.9.1-1 [99.3 kB]
Get:2 http://127.0.0.1:9999/debian sid/main amd64 libedit2 amd64 3.1-20181209-1 [94.0 kB]
Get:3 http://127.0.0.1:9999/debian sid/main amd64 libllvm7 amd64 1:7.0.1-4 [13.0 MB]
Get:4 http://127.0.0.1:9999/debian sid/main amd64 libgc1c2 amd64 1:7.6.4-0.4 [224 kB]
Get:5 http://127.0.0.1:9999/debian sid/main amd64 libobjc4 amd64 8.2.0-14 [50.4 kB]
Get:6 http://127.0.0.1:9999/debian sid/main amd64 libobjc-8-dev amd64 8.2.0-14 [225 kB]
Get:7 http://127.0.0.1:9999/debian sid/main amd64 libc6-i386 amd64 2.28-4 [2873 kB]
Get:8 http://127.0.0.1:9999/debian sid/main amd64 lib32gcc1 amd64 1:8.2.0-14 [47.9 kB]
Get:9 http://127.0.0.1:9999/debian sid/main amd64 lib32stdc++6 amd64 8.2.0-14 [406 kB]
Get:10 http://127.0.0.1:9999/debian sid/main amd64 libclang-common-7-dev amd64 1:7.0.1-4 [3155 kB]
Get:11 http://127.0.0.1:9999/debian sid/main amd64 libclang1-7 amd64 1:7.0.1-4 [5991 kB]
Get:12 http://127.0.0.1:9999/debian sid/main amd64 clang-7 amd64 1:7.0.1-4 [7887 kB]
Get:13 http://127.0.0.1:9999/debian sid/main amd64 libomp5-7 amd64 1:7.0.1-4 [318 kB]
Get:14 http://127.0.0.1:9999/debian sid/main amd64 libomp-7-dev amd64 1:7.0.1-4 [57.1 kB]
debconf: delaying package configuration, since apt-utils is not installed
Fetched 34.5 MB in 0s (116 MB/s)
Selecting previously unselected package libbsd0:amd64.
(Reading database ... (Reading database ... 5%(Reading database ... 10%(Reading database ... 15%(Reading database ... 20%(Reading database ... 25%(Reading database ... 30%(Reading database ... 35%(Reading database ... 40%(Reading database ... 45%(Reading database ... 50%(Reading database ... 55%(Reading database ... 60%(Reading database ... 65%(Reading database ... 70%(Reading database ... 75%(Reading database ... 80%(Reading database ... 85%(Reading database ... 90%(Reading database ... 95%(Reading database ... 100%(Reading database ... 11802 files and directories currently installed.)
Preparing to unpack .../00-libbsd0_0.9.1-1_amd64.deb ...
Unpacking libbsd0:amd64 (0.9.1-1) ...
Selecting previously unselected package libedit2:amd64.
Preparing to unpack .../01-libedit2_3.1-20181209-1_amd64.deb ...
Unpacking libedit2:amd64 (3.1-20181209-1) ...
Selecting previously unselected package libllvm7:amd64.
Preparing to unpack .../02-libllvm7_1%3a7.0.1-4_amd64.deb ...
Unpacking libllvm7:amd64 (1:7.0.1-4) ...
Selecting previously unselected package libgc1c2:amd64.
Preparing to unpack .../03-libgc1c2_1%3a7.6.4-0.4_amd64.deb ...
Unpacking libgc1c2:amd64 (1:7.6.4-0.4) ...
Selecting previously unselected package libobjc4:amd64.
Preparing to unpack .../04-libobjc4_8.2.0-14_amd64.deb ...
Unpacking libobjc4:amd64 (8.2.0-14) ...
Selecting previously unselected package libobjc-8-dev:amd64.
Preparing to unpack .../05-libobjc-8-dev_8.2.0-14_amd64.deb ...
Unpacking libobjc-8-dev:amd64 (8.2.0-14) ...
Selecting previously unselected package libc6-i386.
Preparing to unpack .../06-libc6-i386_2.28-4_amd64.deb ...
Unpacking libc6-i386 (2.28-4) ...
Selecting previously unselected package lib32gcc1.
Preparing to unpack .../07-lib32gcc1_1%3a8.2.0-14_amd64.deb ...
Unpacking lib32gcc1 (1:8.2.0-14) ...
Selecting previously unselected package lib32stdc++6.
Preparing to unpack .../08-lib32stdc++6_8.2.0-14_amd64.deb ...
Unpacking lib32stdc++6 (8.2.0-14) ...
Selecting previously unselected package libclang-common-7-dev.
Preparing to unpack .../09-libclang-common-7-dev_1%3a7.0.1-4_amd64.deb ...
Unpacking libclang-common-7-dev (1:7.0.1-4) ...
Selecting previously unselected package libclang1-7:amd64.
Preparing to unpack .../10-libclang1-7_1%3a7.0.1-4_amd64.deb ...
Unpacking libclang1-7:amd64 (1:7.0.1-4) ...
Selecting previously unselected package clang-7.
Preparing to unpack .../11-clang-7_1%3a7.0.1-4_amd64.deb ...
Unpacking clang-7 (1:7.0.1-4) ...
Selecting previously unselected package libomp5-7:amd64.
Preparing to unpack .../12-libomp5-7_1%3a7.0.1-4_amd64.deb ...
Unpacking libomp5-7:amd64 (1:7.0.1-4) ...
Selecting previously unselected package libomp-7-dev.
Preparing to unpack .../13-libomp-7-dev_1%3a7.0.1-4_amd64.deb ...
Unpacking libomp-7-dev (1:7.0.1-4) ...
Setting up libgc1c2:amd64 (1:7.6.4-0.4) ...
Setting up libc6-i386 (2.28-4) ...
Setting up libbsd0:amd64 (0.9.1-1) ...
Setting up libomp5-7:amd64 (1:7.0.1-4) ...
Processing triggers for libc-bin (2.28-4) ...
Setting up libomp-7-dev (1:7.0.1-4) ...
Setting up lib32gcc1 (1:8.2.0-14) ...
Setting up libedit2:amd64 (3.1-20181209-1) ...
Setting up libobjc4:amd64 (8.2.0-14) ...
Setting up libobjc-8-dev:amd64 (8.2.0-14) ...
Setting up libllvm7:amd64 (1:7.0.1-4) ...
Setting up libclang1-7:amd64 (1:7.0.1-4) ...
Setting up lib32stdc++6 (8.2.0-14) ...
Setting up libclang-common-7-dev (1:7.0.1-4) ...
Setting up clang-7 (1:7.0.1-4) ...
Processing triggers for libc-bin (2.28-4) ...
W: --force-yes is deprecated, use one of the options starting with --allow instead.
+ echo 'Replace gcc, g++ & cpp by clang'
Replace gcc, g++ & cpp by clang
+ VERSIONS='4.6 4.7 4.8 4.9 5 6 7 8'
+ cd /usr/bin
+ for VERSION in $VERSIONS
+ rm -f g++-4.6 gcc-4.6 cpp-4.6 gcc
+ ln -s clang++-7 g++-4.6
+ ln -s clang-7 gcc-4.6
+ ln -s clang-7 cpp-4.6
+ ln -s clang-7 gcc
+ echo 'gcc-4.6 hold'
+ dpkg --set-selections
dpkg: warning: package not in status nor available database at line 1: gcc-4.6
dpkg: warning: found unknown packages; this might mean the available database
is outdated, and needs to be updated through a frontend method;
please see the FAQ <https://wiki.debian.org/Teams/Dpkg/FAQ>
+ echo 'g++-4.6 hold'
+ dpkg --set-selections
dpkg: warning: package not in status nor available database at line 1: g++-4.6
dpkg: warning: found unknown packages; this might mean the available database
is outdated, and needs to be updated through a frontend method;
please see the FAQ <https://wiki.debian.org/Teams/Dpkg/FAQ>
+ for VERSION in $VERSIONS
+ rm -f g++-4.7 gcc-4.7 cpp-4.7 gcc
+ ln -s clang++-7 g++-4.7
+ ln -s clang-7 gcc-4.7
+ ln -s clang-7 cpp-4.7
+ ln -s clang-7 gcc
+ echo 'gcc-4.7 hold'
+ dpkg --set-selections
dpkg: warning: package not in status nor available database at line 1: gcc-4.7
dpkg: warning: found unknown packages; this might mean the available database
is outdated, and needs to be updated through a frontend method;
please see the FAQ <https://wiki.debian.org/Teams/Dpkg/FAQ>
+ echo 'g++-4.7 hold'
+ dpkg --set-selections
dpkg: warning: package not in status nor available database at line 1: g++-4.7
dpkg: warning: found unknown packages; this might mean the available database
is outdated, and needs to be updated through a frontend method;
please see the FAQ <https://wiki.debian.org/Teams/Dpkg/FAQ>
+ for VERSION in $VERSIONS
+ rm -f g++-4.8 gcc-4.8 cpp-4.8 gcc
+ ln -s clang++-7 g++-4.8
+ ln -s clang-7 gcc-4.8
+ ln -s clang-7 cpp-4.8
+ ln -s clang-7 gcc
+ echo 'gcc-4.8 hold'
+ dpkg --set-selections
dpkg: warning: package not in status nor available database at line 1: gcc-4.8
dpkg: warning: found unknown packages; this might mean the available database
is outdated, and needs to be updated through a frontend method;
please see the FAQ <https://wiki.debian.org/Teams/Dpkg/FAQ>
+ echo 'g++-4.8 hold'
+ dpkg --set-selections
dpkg: warning: package not in status nor available database at line 1: g++-4.8
dpkg: warning: found unknown packages; this might mean the available database
is outdated, and needs to be updated through a frontend method;
please see the FAQ <https://wiki.debian.org/Teams/Dpkg/FAQ>
+ for VERSION in $VERSIONS
+ rm -f g++-4.9 gcc-4.9 cpp-4.9 gcc
+ ln -s clang++-7 g++-4.9
+ ln -s clang-7 gcc-4.9
+ ln -s clang-7 cpp-4.9
+ ln -s clang-7 gcc
+ echo 'gcc-4.9 hold'
+ dpkg --set-selections
dpkg: warning: package not in status nor available database at line 1: gcc-4.9
dpkg: warning: found unknown packages; this might mean the available database
is outdated, and needs to be updated through a frontend method;
please see the FAQ <https://wiki.debian.org/Teams/Dpkg/FAQ>
+ echo 'g++-4.9 hold'
+ dpkg --set-selections
dpkg: warning: package not in status nor available database at line 1: g++-4.9
dpkg: warning: found unknown packages; this might mean the available database
is outdated, and needs to be updated through a frontend method;
please see the FAQ <https://wiki.debian.org/Teams/Dpkg/FAQ>
+ for VERSION in $VERSIONS
+ rm -f g++-5 gcc-5 cpp-5 gcc
+ ln -s clang++-7 g++-5
+ ln -s clang-7 gcc-5
+ ln -s clang-7 cpp-5
+ ln -s clang-7 gcc
+ echo 'gcc-5 hold'
+ dpkg --set-selections
dpkg: warning: package not in status nor available database at line 1: gcc-5
dpkg: warning: found unknown packages; this might mean the available database
is outdated, and needs to be updated through a frontend method;
please see the FAQ <https://wiki.debian.org/Teams/Dpkg/FAQ>
+ echo 'g++-5 hold'
+ dpkg --set-selections
dpkg: warning: package not in status nor available database at line 1: g++-5
dpkg: warning: found unknown packages; this might mean the available database
is outdated, and needs to be updated through a frontend method;
please see the FAQ <https://wiki.debian.org/Teams/Dpkg/FAQ>
+ for VERSION in $VERSIONS
+ rm -f g++-6 gcc-6 cpp-6 gcc
+ ln -s clang++-7 g++-6
+ ln -s clang-7 gcc-6
+ ln -s clang-7 cpp-6
+ ln -s clang-7 gcc
+ echo 'gcc-6 hold'
+ dpkg --set-selections
dpkg: warning: package not in status nor available database at line 1: gcc-6
dpkg: warning: found unknown packages; this might mean the available database
is outdated, and needs to be updated through a frontend method;
please see the FAQ <https://wiki.debian.org/Teams/Dpkg/FAQ>
+ echo 'g++-6 hold'
+ dpkg --set-selections
dpkg: warning: package not in status nor available database at line 1: g++-6
dpkg: warning: found unknown packages; this might mean the available database
is outdated, and needs to be updated through a frontend method;
please see the FAQ <https://wiki.debian.org/Teams/Dpkg/FAQ>
+ for VERSION in $VERSIONS
+ rm -f g++-7 gcc-7 cpp-7 gcc
+ ln -s clang++-7 g++-7
+ ln -s clang-7 gcc-7
+ ln -s clang-7 cpp-7
+ ln -s clang-7 gcc
+ echo 'gcc-7 hold'
+ dpkg --set-selections
dpkg: warning: package not in status nor available database at line 1: gcc-7
dpkg: warning: found unknown packages; this might mean the available database
is outdated, and needs to be updated through a frontend method;
please see the FAQ <https://wiki.debian.org/Teams/Dpkg/FAQ>
+ echo 'g++-7 hold'
+ dpkg --set-selections
dpkg: warning: package not in status nor available database at line 1: g++-7
dpkg: warning: found unknown packages; this might mean the available database
is outdated, and needs to be updated through a frontend method;
please see the FAQ <https://wiki.debian.org/Teams/Dpkg/FAQ>
+ for VERSION in $VERSIONS
+ rm -f g++-8 gcc-8 cpp-8 gcc
+ ln -s clang++-7 g++-8
+ ln -s clang-7 gcc-8
+ ln -s clang-7 cpp-8
+ ln -s clang-7 gcc
+ echo 'gcc-8 hold'
+ dpkg --set-selections
+ echo 'g++-8 hold'
+ dpkg --set-selections
+ cd -
/build/php-memcached-wt5ga9
+ echo 'Check if gcc, g++ & cpp are actually clang'
Check if gcc, g++ & cpp are actually clang
+ gcc --version
+ grep clang
+ cpp --version
+ grep clang
+ g++ --version
+ grep clang

I: Finished running '/tmp/clang7'.

Finished processing commands.
--------------------------------------------------------------------------------

+------------------------------------------------------------------------------+
| Update chroot                                                                |
+------------------------------------------------------------------------------+

Hit:1 http://127.0.0.1:9999/debian sid InRelease
Reading package lists...
Reading package lists...
Building dependency tree...
Reading state information...
Calculating upgrade...
The following packages will be upgraded:
  libmpfr6 libpam-modules libpam-modules-bin libpam-runtime libpam0g
5 upgraded, 0 newly installed, 0 to remove and 0 not upgraded.
Need to get 1519 kB of archives.
After this operation, 7168 B of additional disk space will be used.
Get:1 http://127.0.0.1:9999/debian sid/main amd64 libpam0g amd64 1.1.8-4 [124 kB]
Get:2 http://127.0.0.1:9999/debian sid/main amd64 libpam-modules-bin amd64 1.1.8-4 [106 kB]
Get:3 http://127.0.0.1:9999/debian sid/main amd64 libpam-modules amd64 1.1.8-4 [305 kB]
Get:4 http://127.0.0.1:9999/debian sid/main amd64 libpam-runtime all 1.1.8-4 [211 kB]
Get:5 http://127.0.0.1:9999/debian sid/main amd64 libmpfr6 amd64 4.0.2~rc1-1 [773 kB]
debconf: delaying package configuration, since apt-utils is not installed
Fetched 1519 kB in 0s (72.9 MB/s)
(Reading database ... (Reading database ... 5%(Reading database ... 10%(Reading database ... 15%(Reading database ... 20%(Reading database ... 25%(Reading database ... 30%(Reading database ... 35%(Reading database ... 40%(Reading database ... 45%(Reading database ... 50%(Reading database ... 55%(Reading database ... 60%(Reading database ... 65%(Reading database ... 70%(Reading database ... 75%(Reading database ... 80%(Reading database ... 85%(Reading database ... 90%(Reading database ... 95%(Reading database ... 100%(Reading database ... 12592 files and directories currently installed.)
Preparing to unpack .../libpam0g_1.1.8-4_amd64.deb ...
Unpacking libpam0g:amd64 (1.1.8-4) over (1.1.8-3.8) ...
Setting up libpam0g:amd64 (1.1.8-4) ...
(Reading database ... (Reading database ... 5%(Reading database ... 10%(Reading database ... 15%(Reading database ... 20%(Reading database ... 25%(Reading database ... 30%(Reading database ... 35%(Reading database ... 40%(Reading database ... 45%(Reading database ... 50%(Reading database ... 55%(Reading database ... 60%(Reading database ... 65%(Reading database ... 70%(Reading database ... 75%(Reading database ... 80%(Reading database ... 85%(Reading database ... 90%(Reading database ... 95%(Reading database ... 100%(Reading database ... 12592 files and directories currently installed.)
Preparing to unpack .../libpam-modules-bin_1.1.8-4_amd64.deb ...
Unpacking libpam-modules-bin (1.1.8-4) over (1.1.8-3.8) ...
Setting up libpam-modules-bin (1.1.8-4) ...
(Reading database ... (Reading database ... 5%(Reading database ... 10%(Reading database ... 15%(Reading database ... 20%(Reading database ... 25%(Reading database ... 30%(Reading database ... 35%(Reading database ... 40%(Reading database ... 45%(Reading database ... 50%(Reading database ... 55%(Reading database ... 60%(Reading database ... 65%(Reading database ... 70%(Reading database ... 75%(Reading database ... 80%(Reading database ... 85%(Reading database ... 90%(Reading database ... 95%(Reading database ... 100%(Reading database ... 12592 files and directories currently installed.)
Preparing to unpack .../libpam-modules_1.1.8-4_amd64.deb ...
Unpacking libpam-modules:amd64 (1.1.8-4) over (1.1.8-3.8) ...
Setting up libpam-modules:amd64 (1.1.8-4) ...
(Reading database ... (Reading database ... 5%(Reading database ... 10%(Reading database ... 15%(Reading database ... 20%(Reading database ... 25%(Reading database ... 30%(Reading database ... 35%(Reading database ... 40%(Reading database ... 45%(Reading database ... 50%(Reading database ... 55%(Reading database ... 60%(Reading database ... 65%(Reading database ... 70%(Reading database ... 75%(Reading database ... 80%(Reading database ... 85%(Reading database ... 90%(Reading database ... 95%(Reading database ... 100%(Reading database ... 12592 files and directories currently installed.)
Preparing to unpack .../libpam-runtime_1.1.8-4_all.deb ...
Unpacking libpam-runtime (1.1.8-4) over (1.1.8-3.8) ...
Setting up libpam-runtime (1.1.8-4) ...
(Reading database ... (Reading database ... 5%(Reading database ... 10%(Reading database ... 15%(Reading database ... 20%(Reading database ... 25%(Reading database ... 30%(Reading database ... 35%(Reading database ... 40%(Reading database ... 45%(Reading database ... 50%(Reading database ... 55%(Reading database ... 60%(Reading database ... 65%(Reading database ... 70%(Reading database ... 75%(Reading database ... 80%(Reading database ... 85%(Reading database ... 90%(Reading database ... 95%(Reading database ... 100%(Reading database ... 12592 files and directories currently installed.)
Preparing to unpack .../libmpfr6_4.0.2~rc1-1_amd64.deb ...
Unpacking libmpfr6:amd64 (4.0.2~rc1-1) over (4.0.1-2) ...
Setting up libmpfr6:amd64 (4.0.2~rc1-1) ...
Processing triggers for libc-bin (2.28-4) ...

+------------------------------------------------------------------------------+
| Fetch source files                                                           |
+------------------------------------------------------------------------------+


Check APT
---------

Checking available source versions...

Download source files with APT
------------------------------

Reading package lists...
NOTICE: 'php-memcached' packaging is maintained in the 'Git' version control system at:
https://salsa.debian.org/php-team/pecl/php-memcached.git
Please use:
git clone https://salsa.debian.org/php-team/pecl/php-memcached.git
to retrieve the latest (possibly unreleased) updates to the package.
Need to get 95.5 kB of source archives.
Get:1 http://127.0.0.1:9999/debian sid/main php-memcached 3.1.3+2.2.0-1 (dsc) [2260 B]
Get:2 http://127.0.0.1:9999/debian sid/main php-memcached 3.1.3+2.2.0-1 (tar) [87.4 kB]
Get:3 http://127.0.0.1:9999/debian sid/main php-memcached 3.1.3+2.2.0-1 (diff) [5872 B]
Fetched 95.5 kB in 0s (277 kB/s)
Download complete and in download only mode
I: NOTICE: Log filtering will replace 'build/php-memcached-wt5ga9/php-memcached-3.1.3+2.2.0' with '<<PKGBUILDDIR>>'
I: NOTICE: Log filtering will replace 'build/php-memcached-wt5ga9' with '<<BUILDDIR>>'

+------------------------------------------------------------------------------+
| Install build-essential                                                      |
+------------------------------------------------------------------------------+


Setup apt archive
-----------------

Merged Build-Depends: build-essential, fakeroot
Filtered Build-Depends: build-essential, fakeroot
dpkg-deb: building package 'sbuild-build-depends-core-dummy' in '/<<BUILDDIR>>/resolver-yYjgbM/apt_archive/sbuild-build-depends-core-dummy.deb'.
dpkg-scanpackages: warning: Packages in archive but missing from override file:
dpkg-scanpackages: warning:   sbuild-build-depends-core-dummy
dpkg-scanpackages: info: Wrote 1 entries to output Packages file.
Ign:1 copy:/<<BUILDDIR>>/resolver-yYjgbM/apt_archive ./ InRelease
Get:2 copy:/<<BUILDDIR>>/resolver-yYjgbM/apt_archive ./ Release [957 B]
Ign:3 copy:/<<BUILDDIR>>/resolver-yYjgbM/apt_archive ./ Release.gpg
Get:4 copy:/<<BUILDDIR>>/resolver-yYjgbM/apt_archive ./ Sources [349 B]
Get:5 copy:/<<BUILDDIR>>/resolver-yYjgbM/apt_archive ./ Packages [433 B]
Fetched 1739 B in 0s (0 B/s)
Reading package lists...
Reading package lists...

Install core build dependencies (apt-based resolver)
----------------------------------------------------

Installing build dependencies
Reading package lists...
Building dependency tree...
Reading state information...
The following NEW packages will be installed:
  sbuild-build-depends-core-dummy
0 upgraded, 1 newly installed, 0 to remove and 0 not upgraded.
Need to get 856 B of archives.
After this operation, 0 B of additional disk space will be used.
Get:1 copy:/<<BUILDDIR>>/resolver-yYjgbM/apt_archive ./ sbuild-build-depends-core-dummy 0.invalid.0 [856 B]
debconf: delaying package configuration, since apt-utils is not installed
Fetched 856 B in 0s (0 B/s)
Selecting previously unselected package sbuild-build-depends-core-dummy.
(Reading database ... 12592 files and directories currently installed.)
Preparing to unpack .../sbuild-build-depends-core-dummy_0.invalid.0_amd64.deb ...
Unpacking sbuild-build-depends-core-dummy (0.invalid.0) ...
Setting up sbuild-build-depends-core-dummy (0.invalid.0) ...

+------------------------------------------------------------------------------+
| Check architectures                                                          |
+------------------------------------------------------------------------------+

Arch check ok (amd64 included in any)

+------------------------------------------------------------------------------+
| Install package build dependencies                                           |
+------------------------------------------------------------------------------+


Setup apt archive
-----------------

Merged Build-Depends: debhelper (>= 9), dh-php (>= 0.33~), libmemcached-dev (>= 1.0.18), php-all-dev (>= 28~), php-igbinary, php-json, php-msgpack, pkg-config, zlib1g-dev
Filtered Build-Depends: debhelper (>= 9), dh-php (>= 0.33~), libmemcached-dev (>= 1.0.18), php-all-dev (>= 28~), php-igbinary, php-json, php-msgpack, pkg-config, zlib1g-dev
dpkg-deb: building package 'sbuild-build-depends-php-memcached-dummy' in '/<<BUILDDIR>>/resolver-yYjgbM/apt_archive/sbuild-build-depends-php-memcached-dummy.deb'.
dpkg-scanpackages: warning: Packages in archive but missing from override file:
dpkg-scanpackages: warning:   sbuild-build-depends-core-dummy sbuild-build-depends-php-memcached-dummy
dpkg-scanpackages: info: Wrote 2 entries to output Packages file.
Ign:1 copy:/<<BUILDDIR>>/resolver-yYjgbM/apt_archive ./ InRelease
Get:2 copy:/<<BUILDDIR>>/resolver-yYjgbM/apt_archive ./ Release [963 B]
Ign:3 copy:/<<BUILDDIR>>/resolver-yYjgbM/apt_archive ./ Release.gpg
Get:4 copy:/<<BUILDDIR>>/resolver-yYjgbM/apt_archive ./ Sources [563 B]
Get:5 copy:/<<BUILDDIR>>/resolver-yYjgbM/apt_archive ./ Packages [644 B]
Fetched 2170 B in 0s (0 B/s)
Reading package lists...
Reading package lists...

Install php-memcached build dependencies (apt-based resolver)
-------------------------------------------------------------

Installing build dependencies
Reading package lists...
Building dependency tree...
Reading state information...
The following additional packages will be installed:
  autoconf automake autopoint autotools-dev bsdmainutils debhelper
  dh-autoreconf dh-php dh-strip-nondeterminism dwz file gettext gettext-base
  groff-base intltool-debian libarchive-zip-perl libargon2-1 libcroco3 libelf1
  libexporter-tiny-perl libfile-stripnondeterminism-perl libglib2.0-0
  libgssapi-krb5-2 libhashkit-dev libhashkit2 libicu63 libk5crypto3
  libkeyutils1 libkrb5-3 libkrb5support0 liblist-moreutils-perl libmagic-mgc
  libmagic1 libmemcached-dev libmemcached11 libmemcachedutil2 libncurses6
  libpcre2-16-0 libpcre2-32-0 libpcre2-8-0 libpcre2-dev libpcre2-posix0
  libpipeline1 libsasl2-2 libsasl2-dev libsasl2-modules-db libsigsegv2
  libsodium23 libssl-dev libssl1.1 libtool libuchardet0 libxml2 m4 man-db
  mime-support php-all-dev php-common php-igbinary php-msgpack php7.3-cli
  php7.3-common php7.3-dev php7.3-json php7.3-opcache php7.3-readline
  pkg-config po-debconf psmisc sensible-utils shtool ucf xml2 zlib1g-dev
Suggested packages:
  autoconf-archive gnu-standards autoconf-doc wamerican | wordlist whois
  vacation dh-make gettext-doc libasprintf-dev libgettextpo-dev groff krb5-doc
  krb5-user libssl-doc libtool-doc gfortran | fortran95-compiler gcj-jdk
  m4-doc apparmor less www-browser php-pear libmail-box-perl
Recommended packages:
  curl | wget | lynx libarchive-cpio-perl libglib2.0-data shared-mime-info
  xdg-user-dirs krb5-locales libgpm2 libsasl2-modules libltdl-dev
  pkg-php-tools libmail-sendmail-perl
The following NEW packages will be installed:
  autoconf automake autopoint autotools-dev bsdmainutils debhelper
  dh-autoreconf dh-php dh-strip-nondeterminism dwz file gettext gettext-base
  groff-base intltool-debian libarchive-zip-perl libargon2-1 libcroco3 libelf1
  libexporter-tiny-perl libfile-stripnondeterminism-perl libglib2.0-0
  libgssapi-krb5-2 libhashkit-dev libhashkit2 libicu63 libk5crypto3
  libkeyutils1 libkrb5-3 libkrb5support0 liblist-moreutils-perl libmagic-mgc
  libmagic1 libmemcached-dev libmemcached11 libmemcachedutil2 libncurses6
  libpcre2-16-0 libpcre2-32-0 libpcre2-8-0 libpcre2-dev libpcre2-posix0
  libpipeline1 libsasl2-2 libsasl2-dev libsasl2-modules-db libsigsegv2
  libsodium23 libssl-dev libssl1.1 libtool libuchardet0 libxml2 m4 man-db
  mime-support php-all-dev php-common php-igbinary php-msgpack php7.3-cli
  php7.3-common php7.3-dev php7.3-json php7.3-opcache php7.3-readline
  pkg-config po-debconf psmisc sbuild-build-depends-php-memcached-dummy
  sensible-utils shtool ucf xml2 zlib1g-dev
0 upgraded, 75 newly installed, 0 to remove and 0 not upgraded.
Need to get 29.2 MB of archives.
After this operation, 112 MB of additional disk space will be used.
Get:1 copy:/<<BUILDDIR>>/resolver-yYjgbM/apt_archive ./ sbuild-build-depends-php-memcached-dummy 0.invalid.0 [936 B]
Get:2 http://127.0.0.1:9999/debian sid/main amd64 bsdmainutils amd64 11.1.2+b1 [191 kB]
Get:3 http://127.0.0.1:9999/debian sid/main amd64 libuchardet0 amd64 0.0.6-3 [64.9 kB]
Get:4 http://127.0.0.1:9999/debian sid/main amd64 groff-base amd64 1.22.4-2 [917 kB]
Get:5 http://127.0.0.1:9999/debian sid/main amd64 libpipeline1 amd64 1.5.0-2 [29.5 kB]
Get:6 http://127.0.0.1:9999/debian sid/main amd64 man-db amd64 2.8.5-1 [1274 kB]
Get:7 http://127.0.0.1:9999/debian sid/main amd64 sensible-utils all 0.0.12 [15.8 kB]
Get:8 http://127.0.0.1:9999/debian sid/main amd64 libmagic-mgc amd64 1:5.34-2 [239 kB]
Get:9 http://127.0.0.1:9999/debian sid/main amd64 libmagic1 amd64 1:5.34-2 [116 kB]
Get:10 http://127.0.0.1:9999/debian sid/main amd64 file amd64 1:5.34-2 [65.8 kB]
Get:11 http://127.0.0.1:9999/debian sid/main amd64 gettext-base amd64 0.19.8.1-9 [123 kB]
Get:12 http://127.0.0.1:9999/debian sid/main amd64 mime-support all 3.61 [37.1 kB]
Get:13 http://127.0.0.1:9999/debian sid/main amd64 ucf all 3.0038+nmu1 [69.0 kB]
Get:14 http://127.0.0.1:9999/debian sid/main amd64 libsigsegv2 amd64 2.12-2 [32.8 kB]
Get:15 http://127.0.0.1:9999/debian sid/main amd64 m4 amd64 1.4.18-2 [203 kB]
Get:16 http://127.0.0.1:9999/debian sid/main amd64 autoconf all 2.69-11 [341 kB]
Get:17 http://127.0.0.1:9999/debian sid/main amd64 autotools-dev all 20180224.1 [77.0 kB]
Get:18 http://127.0.0.1:9999/debian sid/main amd64 automake all 1:1.16.1-4 [771 kB]
Get:19 http://127.0.0.1:9999/debian sid/main amd64 autopoint all 0.19.8.1-9 [434 kB]
Get:20 http://127.0.0.1:9999/debian sid/main amd64 libtool all 2.4.6-6 [547 kB]
Get:21 http://127.0.0.1:9999/debian sid/main amd64 dh-autoreconf all 19 [16.9 kB]
Get:22 http://127.0.0.1:9999/debian sid/main amd64 libarchive-zip-perl all 1.64-1 [96.8 kB]
Get:23 http://127.0.0.1:9999/debian sid/main amd64 libfile-stripnondeterminism-perl all 1.0.0-1 [19.5 kB]
Get:24 http://127.0.0.1:9999/debian sid/main amd64 dh-strip-nondeterminism all 1.0.0-1 [12.5 kB]
Get:25 http://127.0.0.1:9999/debian sid/main amd64 libelf1 amd64 0.175-2 [160 kB]
Get:26 http://127.0.0.1:9999/debian sid/main amd64 dwz amd64 0.12-3 [78.0 kB]
Get:27 http://127.0.0.1:9999/debian sid/main amd64 libglib2.0-0 amd64 2.58.2-3 [1257 kB]
Get:28 http://127.0.0.1:9999/debian sid/main amd64 libicu63 amd64 63.1-5 [8293 kB]
Get:29 http://127.0.0.1:9999/debian sid/main amd64 libxml2 amd64 2.9.4+dfsg1-7+b3 [687 kB]
Get:30 http://127.0.0.1:9999/debian sid/main amd64 libcroco3 amd64 0.6.12-3 [145 kB]
Get:31 http://127.0.0.1:9999/debian sid/main amd64 libncurses6 amd64 6.1+20181013-1 [102 kB]
Get:32 http://127.0.0.1:9999/debian sid/main amd64 gettext amd64 0.19.8.1-9 [1303 kB]
Get:33 http://127.0.0.1:9999/debian sid/main amd64 intltool-debian all 0.35.0+20060710.4 [26.3 kB]
Get:34 http://127.0.0.1:9999/debian sid/main amd64 po-debconf all 1.0.21 [248 kB]
Get:35 http://127.0.0.1:9999/debian sid/main amd64 debhelper all 12 [1002 kB]
Get:36 http://127.0.0.1:9999/debian sid/main amd64 libexporter-tiny-perl all 1.002001-1 [36.9 kB]
Get:37 http://127.0.0.1:9999/debian sid/main amd64 liblist-moreutils-perl amd64 0.416-1+b4 [64.2 kB]
Get:38 http://127.0.0.1:9999/debian sid/main amd64 xml2 amd64 0.5-2 [14.3 kB]
Get:39 http://127.0.0.1:9999/debian sid/main amd64 dh-php all 0.34 [13.9 kB]
Get:40 http://127.0.0.1:9999/debian sid/main amd64 libargon2-1 amd64 0~20171227-0.1 [20.6 kB]
Get:41 http://127.0.0.1:9999/debian sid/main amd64 libkeyutils1 amd64 1.5.9-9.3 [13.0 kB]
Get:42 http://127.0.0.1:9999/debian sid/main amd64 libkrb5support0 amd64 1.16.2-1 [63.3 kB]
Get:43 http://127.0.0.1:9999/debian sid/main amd64 libk5crypto3 amd64 1.16.2-1 [121 kB]
Get:44 http://127.0.0.1:9999/debian sid/main amd64 libkrb5-3 amd64 1.16.2-1 [320 kB]
Get:45 http://127.0.0.1:9999/debian sid/main amd64 libgssapi-krb5-2 amd64 1.16.2-1 [158 kB]
Get:46 http://127.0.0.1:9999/debian sid/main amd64 libhashkit2 amd64 1.0.18-4.2 [46.2 kB]
Get:47 http://127.0.0.1:9999/debian sid/main amd64 libhashkit-dev amd64 1.0.18-4.2 [36.7 kB]
Get:48 http://127.0.0.1:9999/debian sid/main amd64 libsasl2-modules-db amd64 2.1.27~rc8-1 [68.4 kB]
Get:49 http://127.0.0.1:9999/debian sid/main amd64 libsasl2-2 amd64 2.1.27~rc8-1 [105 kB]
Get:50 http://127.0.0.1:9999/debian sid/main amd64 libmemcached11 amd64 1.0.18-4.2 [94.5 kB]
Get:51 http://127.0.0.1:9999/debian sid/main amd64 libmemcachedutil2 amd64 1.0.18-4.2 [22.3 kB]
Get:52 http://127.0.0.1:9999/debian sid/main amd64 libsasl2-dev amd64 2.1.27~rc8-1 [248 kB]
Get:53 http://127.0.0.1:9999/debian sid/main amd64 libmemcached-dev amd64 1.0.18-4.2 [251 kB]
Get:54 http://127.0.0.1:9999/debian sid/main amd64 libpcre2-16-0 amd64 10.32-3 [202 kB]
Get:55 http://127.0.0.1:9999/debian sid/main amd64 libpcre2-32-0 amd64 10.32-3 [194 kB]
Get:56 http://127.0.0.1:9999/debian sid/main amd64 libpcre2-8-0 amd64 10.32-3 [213 kB]
Get:57 http://127.0.0.1:9999/debian sid/main amd64 libpcre2-posix0 amd64 10.32-3 [38.6 kB]
Get:58 http://127.0.0.1:9999/debian sid/main amd64 libpcre2-dev amd64 10.32-3 [666 kB]
Get:59 http://127.0.0.1:9999/debian sid/main amd64 libsodium23 amd64 1.0.16-2 [154 kB]
Get:60 http://127.0.0.1:9999/debian sid/main amd64 libssl1.1 amd64 1.1.1a-1 [1527 kB]
Get:61 http://127.0.0.1:9999/debian sid/main amd64 libssl-dev amd64 1.1.1a-1 [1788 kB]
Get:62 http://127.0.0.1:9999/debian sid/main amd64 psmisc amd64 23.2-1 [126 kB]
Get:63 http://127.0.0.1:9999/debian sid/main amd64 php-common all 2:69 [15.0 kB]
Get:64 http://127.0.0.1:9999/debian sid/main amd64 php7.3-common amd64 7.3.0-2 [924 kB]
Get:65 http://127.0.0.1:9999/debian sid/main amd64 php7.3-json amd64 7.3.0-2 [18.6 kB]
Get:66 http://127.0.0.1:9999/debian sid/main amd64 php7.3-opcache amd64 7.3.0-2 [183 kB]
Get:67 http://127.0.0.1:9999/debian sid/main amd64 php7.3-readline amd64 7.3.0-2 [12.0 kB]
Get:68 http://127.0.0.1:9999/debian sid/main amd64 php7.3-cli amd64 7.3.0-2 [1409 kB]
Get:69 http://127.0.0.1:9999/debian sid/main amd64 shtool all 2.0.8-9 [134 kB]
Get:70 http://127.0.0.1:9999/debian sid/main amd64 php7.3-dev amd64 7.3.0-2 [572 kB]
Get:71 http://127.0.0.1:9999/debian sid/main amd64 php-all-dev all 2:69 [5868 B]
Get:72 http://127.0.0.1:9999/debian sid/main amd64 php-igbinary amd64 2.0.7-2 [68.7 kB]
Get:73 http://127.0.0.1:9999/debian sid/main amd64 php-msgpack amd64 2.0.2+0.5.7-6 [28.6 kB]
Get:74 http://127.0.0.1:9999/debian sid/main amd64 pkg-config amd64 0.29-4+b1 [63.3 kB]
Get:75 http://127.0.0.1:9999/debian sid/main amd64 zlib1g-dev amd64 1:1.2.11.dfsg-1 [214 kB]
debconf: delaying package configuration, since apt-utils is not installed
Fetched 29.2 MB in 1s (27.0 MB/s)
Selecting previously unselected package bsdmainutils.
(Reading database ... 12592 files and directories currently installed.)
Preparing to unpack .../00-bsdmainutils_11.1.2+b1_amd64.deb ...
Unpacking bsdmainutils (11.1.2+b1) ...
Selecting previously unselected package libuchardet0:amd64.
Preparing to unpack .../01-libuchardet0_0.0.6-3_amd64.deb ...
Unpacking libuchardet0:amd64 (0.0.6-3) ...
Selecting previously unselected package groff-base.
Preparing to unpack .../02-groff-base_1.22.4-2_amd64.deb ...
Unpacking groff-base (1.22.4-2) ...
Selecting previously unselected package libpipeline1:amd64.
Preparing to unpack .../03-libpipeline1_1.5.0-2_amd64.deb ...
Unpacking libpipeline1:amd64 (1.5.0-2) ...
Selecting previously unselected package man-db.
Preparing to unpack .../04-man-db_2.8.5-1_amd64.deb ...
Unpacking man-db (2.8.5-1) ...
Selecting previously unselected package sensible-utils.
Preparing to unpack .../05-sensible-utils_0.0.12_all.deb ...
Unpacking sensible-utils (0.0.12) ...
Selecting previously unselected package libmagic-mgc.
Preparing to unpack .../06-libmagic-mgc_1%3a5.34-2_amd64.deb ...
Unpacking libmagic-mgc (1:5.34-2) ...
Selecting previously unselected package libmagic1:amd64.
Preparing to unpack .../07-libmagic1_1%3a5.34-2_amd64.deb ...
Unpacking libmagic1:amd64 (1:5.34-2) ...
Selecting previously unselected package file.
Preparing to unpack .../08-file_1%3a5.34-2_amd64.deb ...
Unpacking file (1:5.34-2) ...
Selecting previously unselected package gettext-base.
Preparing to unpack .../09-gettext-base_0.19.8.1-9_amd64.deb ...
Unpacking gettext-base (0.19.8.1-9) ...
Selecting previously unselected package mime-support.
Preparing to unpack .../10-mime-support_3.61_all.deb ...
Unpacking mime-support (3.61) ...
Selecting previously unselected package ucf.
Preparing to unpack .../11-ucf_3.0038+nmu1_all.deb ...
Moving old data out of the way
Unpacking ucf (3.0038+nmu1) ...
Selecting previously unselected package libsigsegv2:amd64.
Preparing to unpack .../12-libsigsegv2_2.12-2_amd64.deb ...
Unpacking libsigsegv2:amd64 (2.12-2) ...
Selecting previously unselected package m4.
Preparing to unpack .../13-m4_1.4.18-2_amd64.deb ...
Unpacking m4 (1.4.18-2) ...
Selecting previously unselected package autoconf.
Preparing to unpack .../14-autoconf_2.69-11_all.deb ...
Unpacking autoconf (2.69-11) ...
Selecting previously unselected package autotools-dev.
Preparing to unpack .../15-autotools-dev_20180224.1_all.deb ...
Unpacking autotools-dev (20180224.1) ...
Selecting previously unselected package automake.
Preparing to unpack .../16-automake_1%3a1.16.1-4_all.deb ...
Unpacking automake (1:1.16.1-4) ...
Selecting previously unselected package autopoint.
Preparing to unpack .../17-autopoint_0.19.8.1-9_all.deb ...
Unpacking autopoint (0.19.8.1-9) ...
Selecting previously unselected package libtool.
Preparing to unpack .../18-libtool_2.4.6-6_all.deb ...
Unpacking libtool (2.4.6-6) ...
Selecting previously unselected package dh-autoreconf.
Preparing to unpack .../19-dh-autoreconf_19_all.deb ...
Unpacking dh-autoreconf (19) ...
Selecting previously unselected package libarchive-zip-perl.
Preparing to unpack .../20-libarchive-zip-perl_1.64-1_all.deb ...
Unpacking libarchive-zip-perl (1.64-1) ...
Selecting previously unselected package libfile-stripnondeterminism-perl.
Preparing to unpack .../21-libfile-stripnondeterminism-perl_1.0.0-1_all.deb ...
Unpacking libfile-stripnondeterminism-perl (1.0.0-1) ...
Selecting previously unselected package dh-strip-nondeterminism.
Preparing to unpack .../22-dh-strip-nondeterminism_1.0.0-1_all.deb ...
Unpacking dh-strip-nondeterminism (1.0.0-1) ...
Selecting previously unselected package libelf1:amd64.
Preparing to unpack .../23-libelf1_0.175-2_amd64.deb ...
Unpacking libelf1:amd64 (0.175-2) ...
Selecting previously unselected package dwz.
Preparing to unpack .../24-dwz_0.12-3_amd64.deb ...
Unpacking dwz (0.12-3) ...
Selecting previously unselected package libglib2.0-0:amd64.
Preparing to unpack .../25-libglib2.0-0_2.58.2-3_amd64.deb ...
Unpacking libglib2.0-0:amd64 (2.58.2-3) ...
Selecting previously unselected package libicu63:amd64.
Preparing to unpack .../26-libicu63_63.1-5_amd64.deb ...
Unpacking libicu63:amd64 (63.1-5) ...
Selecting previously unselected package libxml2:amd64.
Preparing to unpack .../27-libxml2_2.9.4+dfsg1-7+b3_amd64.deb ...
Unpacking libxml2:amd64 (2.9.4+dfsg1-7+b3) ...
Selecting previously unselected package libcroco3:amd64.
Preparing to unpack .../28-libcroco3_0.6.12-3_amd64.deb ...
Unpacking libcroco3:amd64 (0.6.12-3) ...
Selecting previously unselected package libncurses6:amd64.
Preparing to unpack .../29-libncurses6_6.1+20181013-1_amd64.deb ...
Unpacking libncurses6:amd64 (6.1+20181013-1) ...
Selecting previously unselected package gettext.
Preparing to unpack .../30-gettext_0.19.8.1-9_amd64.deb ...
Unpacking gettext (0.19.8.1-9) ...
Selecting previously unselected package intltool-debian.
Preparing to unpack .../31-intltool-debian_0.35.0+20060710.4_all.deb ...
Unpacking intltool-debian (0.35.0+20060710.4) ...
Selecting previously unselected package po-debconf.
Preparing to unpack .../32-po-debconf_1.0.21_all.deb ...
Unpacking po-debconf (1.0.21) ...
Selecting previously unselected package debhelper.
Preparing to unpack .../33-debhelper_12_all.deb ...
Unpacking debhelper (12) ...
Selecting previously unselected package libexporter-tiny-perl.
Preparing to unpack .../34-libexporter-tiny-perl_1.002001-1_all.deb ...
Unpacking libexporter-tiny-perl (1.002001-1) ...
Selecting previously unselected package liblist-moreutils-perl.
Preparing to unpack .../35-liblist-moreutils-perl_0.416-1+b4_amd64.deb ...
Unpacking liblist-moreutils-perl (0.416-1+b4) ...
Selecting previously unselected package xml2.
Preparing to unpack .../36-xml2_0.5-2_amd64.deb ...
Unpacking xml2 (0.5-2) ...
Selecting previously unselected package dh-php.
Preparing to unpack .../37-dh-php_0.34_all.deb ...
Unpacking dh-php (0.34) ...
Selecting previously unselected package libargon2-1:amd64.
Preparing to unpack .../38-libargon2-1_0~20171227-0.1_amd64.deb ...
Unpacking libargon2-1:amd64 (0~20171227-0.1) ...
Selecting previously unselected package libkeyutils1:amd64.
Preparing to unpack .../39-libkeyutils1_1.5.9-9.3_amd64.deb ...
Unpacking libkeyutils1:amd64 (1.5.9-9.3) ...
Selecting previously unselected package libkrb5support0:amd64.
Preparing to unpack .../40-libkrb5support0_1.16.2-1_amd64.deb ...
Unpacking libkrb5support0:amd64 (1.16.2-1) ...
Selecting previously unselected package libk5crypto3:amd64.
Preparing to unpack .../41-libk5crypto3_1.16.2-1_amd64.deb ...
Unpacking libk5crypto3:amd64 (1.16.2-1) ...
Selecting previously unselected package libkrb5-3:amd64.
Preparing to unpack .../42-libkrb5-3_1.16.2-1_amd64.deb ...
Unpacking libkrb5-3:amd64 (1.16.2-1) ...
Selecting previously unselected package libgssapi-krb5-2:amd64.
Preparing to unpack .../43-libgssapi-krb5-2_1.16.2-1_amd64.deb ...
Unpacking libgssapi-krb5-2:amd64 (1.16.2-1) ...
Selecting previously unselected package libhashkit2:amd64.
Preparing to unpack .../44-libhashkit2_1.0.18-4.2_amd64.deb ...
Unpacking libhashkit2:amd64 (1.0.18-4.2) ...
Selecting previously unselected package libhashkit-dev:amd64.
Preparing to unpack .../45-libhashkit-dev_1.0.18-4.2_amd64.deb ...
Unpacking libhashkit-dev:amd64 (1.0.18-4.2) ...
Selecting previously unselected package libsasl2-modules-db:amd64.
Preparing to unpack .../46-libsasl2-modules-db_2.1.27~rc8-1_amd64.deb ...
Unpacking libsasl2-modules-db:amd64 (2.1.27~rc8-1) ...
Selecting previously unselected package libsasl2-2:amd64.
Preparing to unpack .../47-libsasl2-2_2.1.27~rc8-1_amd64.deb ...
Unpacking libsasl2-2:amd64 (2.1.27~rc8-1) ...
Selecting previously unselected package libmemcached11:amd64.
Preparing to unpack .../48-libmemcached11_1.0.18-4.2_amd64.deb ...
Unpacking libmemcached11:amd64 (1.0.18-4.2) ...
Selecting previously unselected package libmemcachedutil2:amd64.
Preparing to unpack .../49-libmemcachedutil2_1.0.18-4.2_amd64.deb ...
Unpacking libmemcachedutil2:amd64 (1.0.18-4.2) ...
Selecting previously unselected package libsasl2-dev.
Preparing to unpack .../50-libsasl2-dev_2.1.27~rc8-1_amd64.deb ...
Unpacking libsasl2-dev (2.1.27~rc8-1) ...
Selecting previously unselected package libmemcached-dev:amd64.
Preparing to unpack .../51-libmemcached-dev_1.0.18-4.2_amd64.deb ...
Unpacking libmemcached-dev:amd64 (1.0.18-4.2) ...
Selecting previously unselected package libpcre2-16-0:amd64.
Preparing to unpack .../52-libpcre2-16-0_10.32-3_amd64.deb ...
Unpacking libpcre2-16-0:amd64 (10.32-3) ...
Selecting previously unselected package libpcre2-32-0:amd64.
Preparing to unpack .../53-libpcre2-32-0_10.32-3_amd64.deb ...
Unpacking libpcre2-32-0:amd64 (10.32-3) ...
Selecting previously unselected package libpcre2-8-0:amd64.
Preparing to unpack .../54-libpcre2-8-0_10.32-3_amd64.deb ...
Unpacking libpcre2-8-0:amd64 (10.32-3) ...
Selecting previously unselected package libpcre2-posix0:amd64.
Preparing to unpack .../55-libpcre2-posix0_10.32-3_amd64.deb ...
Unpacking libpcre2-posix0:amd64 (10.32-3) ...
Selecting previously unselected package libpcre2-dev:amd64.
Preparing to unpack .../56-libpcre2-dev_10.32-3_amd64.deb ...
Unpacking libpcre2-dev:amd64 (10.32-3) ...
Selecting previously unselected package libsodium23:amd64.
Preparing to unpack .../57-libsodium23_1.0.16-2_amd64.deb ...
Unpacking libsodium23:amd64 (1.0.16-2) ...
Selecting previously unselected package libssl1.1:amd64.
Preparing to unpack .../58-libssl1.1_1.1.1a-1_amd64.deb ...
Unpacking libssl1.1:amd64 (1.1.1a-1) ...
Selecting previously unselected package libssl-dev:amd64.
Preparing to unpack .../59-libssl-dev_1.1.1a-1_amd64.deb ...
Unpacking libssl-dev:amd64 (1.1.1a-1) ...
Selecting previously unselected package psmisc.
Preparing to unpack .../60-psmisc_23.2-1_amd64.deb ...
Unpacking psmisc (23.2-1) ...
Selecting previously unselected package php-common.
Preparing to unpack .../61-php-common_2%3a69_all.deb ...
Unpacking php-common (2:69) ...
Selecting previously unselected package php7.3-common.
Preparing to unpack .../62-php7.3-common_7.3.0-2_amd64.deb ...
Unpacking php7.3-common (7.3.0-2) ...
Selecting previously unselected package php7.3-json.
Preparing to unpack .../63-php7.3-json_7.3.0-2_amd64.deb ...
Unpacking php7.3-json (7.3.0-2) ...
Selecting previously unselected package php7.3-opcache.
Preparing to unpack .../64-php7.3-opcache_7.3.0-2_amd64.deb ...
Unpacking php7.3-opcache (7.3.0-2) ...
Selecting previously unselected package php7.3-readline.
Preparing to unpack .../65-php7.3-readline_7.3.0-2_amd64.deb ...
Unpacking php7.3-readline (7.3.0-2) ...
Selecting previously unselected package php7.3-cli.
Preparing to unpack .../66-php7.3-cli_7.3.0-2_amd64.deb ...
Unpacking php7.3-cli (7.3.0-2) ...
Selecting previously unselected package shtool.
Preparing to unpack .../67-shtool_2.0.8-9_all.deb ...
Unpacking shtool (2.0.8-9) ...
Selecting previously unselected package php7.3-dev.
Preparing to unpack .../68-php7.3-dev_7.3.0-2_amd64.deb ...
Unpacking php7.3-dev (7.3.0-2) ...
Selecting previously unselected package php-all-dev.
Preparing to unpack .../69-php-all-dev_2%3a69_all.deb ...
Unpacking php-all-dev (2:69) ...
Selecting previously unselected package php-igbinary.
Preparing to unpack .../70-php-igbinary_2.0.7-2_amd64.deb ...
Unpacking php-igbinary (2.0.7-2) ...
Selecting previously unselected package php-msgpack.
Preparing to unpack .../71-php-msgpack_2.0.2+0.5.7-6_amd64.deb ...
Unpacking php-msgpack (2.0.2+0.5.7-6) ...
Selecting previously unselected package pkg-config.
Preparing to unpack .../72-pkg-config_0.29-4+b1_amd64.deb ...
Unpacking pkg-config (0.29-4+b1) ...
Selecting previously unselected package zlib1g-dev:amd64.
Preparing to unpack .../73-zlib1g-dev_1%3a1.2.11.dfsg-1_amd64.deb ...
Unpacking zlib1g-dev:amd64 (1:1.2.11.dfsg-1) ...
Selecting previously unselected package sbuild-build-depends-php-memcached-dummy.
Preparing to unpack .../74-sbuild-build-depends-php-memcached-dummy_0.invalid.0_amd64.deb ...
Unpacking sbuild-build-depends-php-memcached-dummy (0.invalid.0) ...
Setting up libarchive-zip-perl (1.64-1) ...
Setting up psmisc (23.2-1) ...
Setting up mime-support (3.61) ...
Setting up libicu63:amd64 (63.1-5) ...
Setting up libsigsegv2:amd64 (2.12-2) ...
Setting up libelf1:amd64 (0.175-2) ...
Setting up shtool (2.0.8-9) ...
Setting up libglib2.0-0:amd64 (2.58.2-3) ...
No schema files found: doing nothing.
Setting up libexporter-tiny-perl (1.002001-1) ...
Setting up gettext-base (0.19.8.1-9) ...
Setting up libpipeline1:amd64 (1.5.0-2) ...
Setting up m4 (1.4.18-2) ...
Setting up libxml2:amd64 (2.9.4+dfsg1-7+b3) ...
Setting up libuchardet0:amd64 (0.0.6-3) ...
Setting up libmagic-mgc (1:5.34-2) ...
Setting up libmagic1:amd64 (1:5.34-2) ...
Setting up libcroco3:amd64 (0.6.12-3) ...
Setting up xml2 (0.5-2) ...
Setting up libhashkit2:amd64 (1.0.18-4.2) ...
Setting up libsodium23:amd64 (1.0.16-2) ...
Setting up pkg-config (0.29-4+b1) ...
Setting up sensible-utils (0.0.12) ...
Processing triggers for libc-bin (2.28-4) ...
Setting up dwz (0.12-3) ...
Setting up autotools-dev (20180224.1) ...
Setting up libssl1.1:amd64 (1.1.1a-1) ...
Setting up php-common (2:69) ...
Setting up libargon2-1:amd64 (0~20171227-0.1) ...
Setting up libkeyutils1:amd64 (1.5.9-9.3) ...
Setting up bsdmainutils (11.1.2+b1) ...
update-alternatives: using /usr/bin/bsd-write to provide /usr/bin/write (write) in auto mode
update-alternatives: using /usr/bin/bsd-from to provide /usr/bin/from (from) in auto mode
Setting up libpcre2-8-0:amd64 (10.32-3) ...
Setting up libpcre2-32-0:amd64 (10.32-3) ...
Setting up libpcre2-16-0:amd64 (10.32-3) ...
Setting up libncurses6:amd64 (6.1+20181013-1) ...
Setting up autopoint (0.19.8.1-9) ...
Setting up zlib1g-dev:amd64 (1:1.2.11.dfsg-1) ...
Setting up libfile-stripnondeterminism-perl (1.0.0-1) ...
Setting up liblist-moreutils-perl (0.416-1+b4) ...
Setting up gettext (0.19.8.1-9) ...
Setting up libssl-dev:amd64 (1.1.1a-1) ...
Setting up groff-base (1.22.4-2) ...
Setting up libhashkit-dev:amd64 (1.0.18-4.2) ...
Setting up autoconf (2.69-11) ...
Setting up file (1:5.34-2) ...
Setting up libkrb5support0:amd64 (1.16.2-1) ...
Setting up ucf (3.0038+nmu1) ...
Setting up intltool-debian (0.35.0+20060710.4) ...
Setting up automake (1:1.16.1-4) ...
update-alternatives: using /usr/bin/automake-1.16 to provide /usr/bin/automake (automake) in auto mode
Setting up man-db (2.8.5-1) ...
Not building database; man-db/auto-update is not 'true'.
Setting up libpcre2-posix0:amd64 (10.32-3) ...
Setting up libtool (2.4.6-6) ...
Setting up libk5crypto3:amd64 (1.16.2-1) ...
Setting up php7.3-common (7.3.0-2) ...

Creating config file /etc/php/7.3/mods-available/calendar.ini with new version

Creating config file /etc/php/7.3/mods-available/ctype.ini with new version

Creating config file /etc/php/7.3/mods-available/exif.ini with new version

Creating config file /etc/php/7.3/mods-available/fileinfo.ini with new version

Creating config file /etc/php/7.3/mods-available/ftp.ini with new version

Creating config file /etc/php/7.3/mods-available/gettext.ini with new version

Creating config file /etc/php/7.3/mods-available/iconv.ini with new version

Creating config file /etc/php/7.3/mods-available/pdo.ini with new version

Creating config file /etc/php/7.3/mods-available/phar.ini with new version

Creating config file /etc/php/7.3/mods-available/posix.ini with new version

Creating config file /etc/php/7.3/mods-available/shmop.ini with new version

Creating config file /etc/php/7.3/mods-available/sockets.ini with new version

Creating config file /etc/php/7.3/mods-available/sysvmsg.ini with new version

Creating config file /etc/php/7.3/mods-available/sysvsem.ini with new version

Creating config file /etc/php/7.3/mods-available/sysvshm.ini with new version

Creating config file /etc/php/7.3/mods-available/tokenizer.ini with new version
Setting up po-debconf (1.0.21) ...
Setting up php7.3-opcache (7.3.0-2) ...

Creating config file /etc/php/7.3/mods-available/opcache.ini with new version
Setting up libpcre2-dev:amd64 (10.32-3) ...
Setting up libkrb5-3:amd64 (1.16.2-1) ...
Setting up php7.3-readline (7.3.0-2) ...

Creating config file /etc/php/7.3/mods-available/readline.ini with new version
Setting up php7.3-json (7.3.0-2) ...

Creating config file /etc/php/7.3/mods-available/json.ini with new version
Setting up libgssapi-krb5-2:amd64 (1.16.2-1) ...
Setting up php7.3-cli (7.3.0-2) ...
update-alternatives: using /usr/bin/php7.3 to provide /usr/bin/php (php) in auto mode
update-alternatives: using /usr/bin/phar7.3 to provide /usr/bin/phar (phar) in auto mode
update-alternatives: using /usr/bin/phar.phar7.3 to provide /usr/bin/phar.phar (phar.phar) in auto mode

Creating config file /etc/php/7.3/cli/php.ini with new version
Setting up php-msgpack (2.0.2+0.5.7-6) ...
Setting up php-igbinary (2.0.7-2) ...
Setting up php7.3-dev (7.3.0-2) ...
update-alternatives: using /usr/bin/php-config7.3 to provide /usr/bin/php-config (php-config) in auto mode
update-alternatives: using /usr/bin/phpize7.3 to provide /usr/bin/phpize (phpize) in auto mode
Setting up libsasl2-modules-db:amd64 (2.1.27~rc8-1) ...
Setting up libsasl2-2:amd64 (2.1.27~rc8-1) ...
Setting up libmemcached11:amd64 (1.0.18-4.2) ...
Setting up libsasl2-dev (2.1.27~rc8-1) ...
Setting up php-all-dev (2:69) ...
Setting up libmemcachedutil2:amd64 (1.0.18-4.2) ...
Setting up libmemcached-dev:amd64 (1.0.18-4.2) ...
Setting up dh-strip-nondeterminism (1.0.0-1) ...
Setting up debhelper (12) ...
Setting up dh-autoreconf (19) ...
Setting up dh-php (0.34) ...
Setting up sbuild-build-depends-php-memcached-dummy (0.invalid.0) ...
Processing triggers for libc-bin (2.28-4) ...

+------------------------------------------------------------------------------+
| Build environment                                                            |
+------------------------------------------------------------------------------+

Kernel: Linux 4.9.0-8-amd64 amd64 (x86_64)
Toolchain package versions: binutils_2.31.1-11 dpkg-dev_1.19.2 g++-8_8.2.0-14 gcc-8_8.2.0-14 libc6-dev_2.28-4 libstdc++-8-dev_8.2.0-14 libstdc++6_8.2.0-14 linux-libc-dev_4.19.13-1
Package versions: adduser_3.118 apt_1.8.0~alpha3 autoconf_2.69-11 automake_1:1.16.1-4 autopoint_0.19.8.1-9 autotools-dev_20180224.1 base-files_10.1 base-passwd_3.5.45 bash_4.4.18-3.1 binutils_2.31.1-11 binutils-common_2.31.1-11 binutils-x86-64-linux-gnu_2.31.1-11 bsdmainutils_11.1.2+b1 bsdutils_1:2.33-0.2 build-essential_12.5 bzip2_1.0.6-9 clang-7_1:7.0.1-4 coreutils_8.30-1 cpp_4:8.2.0-2 cpp-8_8.2.0-14 dash_0.5.10.2-4 debconf_1.5.69 debhelper_12 debian-archive-keyring_2018.1 debianutils_4.8.6 dh-autoreconf_19 dh-php_0.34 dh-strip-nondeterminism_1.0.0-1 diffutils_1:3.6-1 dpkg_1.19.2 dpkg-dev_1.19.2 dwz_0.12-3 e2fsprogs_1.44.5-1 fakeroot_1.23-1 fdisk_2.33-0.2 file_1:5.34-2 findutils_4.6.0+git+20181018-1 g++_4:8.2.0-2 g++-8_8.2.0-14 gcc_4:8.2.0-2 gcc-8_8.2.0-14 gcc-8-base_8.2.0-14 gettext_0.19.8.1-9 gettext-base_0.19.8.1-9 gpgv_2.2.12-1 grep_3.3-1 groff-base_1.22.4-2 gzip_1.9-3 hostname_3.21 init-system-helpers_1.56+nmu1 intltool-debian_0.35.0+20060710.4 lib32gcc1_1:8.2.0-14 lib32stdc++6_8.2.0-14 libacl1_2.2.52-3+b1 libapt-pkg5.0_1.8.0~alpha3 libarchive-zip-perl_1.64-1 libargon2-1_0~20171227-0.1 libasan5_8.2.0-14 libatomic1_8.2.0-14 libattr1_1:2.4.47-2+b2 libaudit-common_1:2.8.4-2 libaudit1_1:2.8.4-2 libbinutils_2.31.1-11 libblkid1_2.33-0.2 libbsd0_0.9.1-1 libbz2-1.0_1.0.6-9 libc-bin_2.28-4 libc-dev-bin_2.28-4 libc6_2.28-4 libc6-dev_2.28-4 libc6-i386_2.28-4 libcap-ng0_0.7.9-1+b1 libcc1-0_8.2.0-14 libclang-common-7-dev_1:7.0.1-4 libclang1-7_1:7.0.1-4 libcom-err2_1.44.5-1 libcroco3_0.6.12-3 libdb5.3_5.3.28+dfsg1-0.2 libdebconfclient0_0.246 libdpkg-perl_1.19.2 libedit2_3.1-20181209-1 libelf1_0.175-2 libexporter-tiny-perl_1.002001-1 libext2fs2_1.44.5-1 libfakeroot_1.23-1 libfdisk1_2.33-0.2 libffi6_3.2.1-9 libfile-stripnondeterminism-perl_1.0.0-1 libgc1c2_1:7.6.4-0.4 libgcc-8-dev_8.2.0-14 libgcc1_1:8.2.0-14 libgcrypt20_1.8.4-4 libgdbm-compat4_1.18.1-2 libgdbm6_1.18.1-2 libglib2.0-0_2.58.2-3 libgmp10_2:6.1.2+dfsg-4 libgnutls30_3.6.5-2 libgomp1_8.2.0-14 libgpg-error0_1.33-3 libgssapi-krb5-2_1.16.2-1 libhashkit-dev_1.0.18-4.2 libhashkit2_1.0.18-4.2 libhogweed4_3.4.1~rc1-1 libicu63_63.1-5 libidn2-0_2.0.5-1 libisl19_0.20-2 libitm1_8.2.0-14 libk5crypto3_1.16.2-1 libkeyutils1_1.5.9-9.3 libkrb5-3_1.16.2-1 libkrb5support0_1.16.2-1 liblist-moreutils-perl_0.416-1+b4 libllvm7_1:7.0.1-4 liblsan0_8.2.0-14 liblz4-1_1.8.3-1 liblzma5_5.2.2-1.3 libmagic-mgc_1:5.34-2 libmagic1_1:5.34-2 libmemcached-dev_1.0.18-4.2 libmemcached11_1.0.18-4.2 libmemcachedutil2_1.0.18-4.2 libmount1_2.33-0.2 libmpc3_1.1.0-1 libmpfr6_4.0.2~rc1-1 libmpx2_8.2.0-14 libncurses6_6.1+20181013-1 libncursesw6_6.1+20181013-1 libnettle6_3.4.1~rc1-1 libobjc-8-dev_8.2.0-14 libobjc4_8.2.0-14 libomp-7-dev_1:7.0.1-4 libomp5-7_1:7.0.1-4 libp11-kit0_0.23.14-2 libpam-modules_1.1.8-4 libpam-modules-bin_1.1.8-4 libpam-runtime_1.1.8-4 libpam0g_1.1.8-4 libpcre2-16-0_10.32-3 libpcre2-32-0_10.32-3 libpcre2-8-0_10.32-3 libpcre2-dev_10.32-3 libpcre2-posix0_10.32-3 libpcre3_2:8.39-11 libperl5.28_5.28.1-3 libpipeline1_1.5.0-2 libquadmath0_8.2.0-14 libsasl2-2_2.1.27~rc8-1 libsasl2-dev_2.1.27~rc8-1 libsasl2-modules-db_2.1.27~rc8-1 libseccomp2_2.3.3-3 libselinux1_2.8-1+b1 libsemanage-common_2.8-2 libsemanage1_2.8-2 libsepol1_2.8-1 libsigsegv2_2.12-2 libsmartcols1_2.33-0.2 libsodium23_1.0.16-2 libss2_1.44.5-1 libssl-dev_1.1.1a-1 libssl1.1_1.1.1a-1 libstdc++-8-dev_8.2.0-14 libstdc++6_8.2.0-14 libsystemd0_240-2 libtasn1-6_4.13-3 libtinfo6_6.1+20181013-1 libtool_2.4.6-6 libtsan0_8.2.0-14 libubsan1_8.2.0-14 libuchardet0_0.0.6-3 libudev1_240-2 libunistring2_0.9.10-1 libuuid1_2.33-0.2 libxml2_2.9.4+dfsg1-7+b3 libzstd1_1.3.8+dfsg-3 linux-libc-dev_4.19.13-1 login_1:4.5-1.1 m4_1.4.18-2 make_4.2.1-1.2 man-db_2.8.5-1 mawk_1.3.3-17+b3 mime-support_3.61 mount_2.33-0.2 ncurses-base_6.1+20181013-1 ncurses-bin_6.1+20181013-1 passwd_1:4.5-1.1 patch_2.7.6-3 perl_5.28.1-3 perl-base_5.28.1-3 perl-modules-5.28_5.28.1-3 php-all-dev_2:69 php-common_2:69 php-igbinary_2.0.7-2 php-msgpack_2.0.2+0.5.7-6 php7.3-cli_7.3.0-2 php7.3-common_7.3.0-2 php7.3-dev_7.3.0-2 php7.3-json_7.3.0-2 php7.3-opcache_7.3.0-2 php7.3-readline_7.3.0-2 pkg-config_0.29-4+b1 po-debconf_1.0.21 psmisc_23.2-1 sbuild-build-depends-core-dummy_0.invalid.0 sbuild-build-depends-php-memcached-dummy_0.invalid.0 sed_4.7-1 sensible-utils_0.0.12 shtool_2.0.8-9 sysvinit-utils_2.93-3 tar_1.30+dfsg-4 tzdata_2018i-1 ucf_3.0038+nmu1 util-linux_2.33-0.2 xml2_0.5-2 xz-utils_5.2.2-1.3 zlib1g_1:1.2.11.dfsg-1 zlib1g-dev_1:1.2.11.dfsg-1

+------------------------------------------------------------------------------+
| Build                                                                        |
+------------------------------------------------------------------------------+


Unpack source
-------------

gpgv: unknown type of key resource 'trustedkeys.kbx'
gpgv: keyblock resource '/sbuild-nonexistent/.gnupg/trustedkeys.kbx': General error
gpgv: Signature made Fri Jan  4 09:57:58 2019 UTC
gpgv:                using RSA key C361B1E3029543EBC625E97D8372A477EFAE59C2
gpgv: Can't check signature: No public key
dpkg-source: warning: failed to verify signature on ./php-memcached_3.1.3+2.2.0-1.dsc
dpkg-source: info: extracting php-memcached in /<<BUILDDIR>>/php-memcached-3.1.3+2.2.0
dpkg-source: info: unpacking php-memcached_3.1.3+2.2.0.orig.tar.xz
dpkg-source: info: unpacking php-memcached_3.1.3+2.2.0-1.debian.tar.xz

Check disk space
----------------

Sufficient free space for build

User Environment
----------------

APT_CONFIG=/var/lib/sbuild/apt.conf
HOME=/sbuild-nonexistent
LANG=en_US.UTF-8
LC_ALL=POSIX
LOGNAME=user42
PATH=/usr/local/sbin:/usr/local/bin:/usr/sbin:/usr/bin:/sbin:/bin:/usr/games
SCHROOT_ALIAS_NAME=unstable
SCHROOT_CHROOT_NAME=sid-amd64-sbuild
SCHROOT_COMMAND=env
SCHROOT_GID=1001
SCHROOT_GROUP=user42
SCHROOT_SESSION_ID=sid-amd64-sbuild-065f04be-ff14-49ee-87bf-c53c264843c3
SCHROOT_UID=1001
SCHROOT_USER=user42
SHELL=/bin/sh
USER=user42

dpkg-buildpackage
-----------------

dpkg-buildpackage: info: source package php-memcached
dpkg-buildpackage: info: source version 3.1.3+2.2.0-1
dpkg-buildpackage: info: source distribution unstable
dpkg-buildpackage: info: source changed by Ondej Sur <ondrej@debian.org>
 dpkg-source --before-build .
dpkg-buildpackage: info: host architecture amd64
 fakeroot debian/rules clean
dh clean --with php
   debian/rules override_dh_auto_clean
make[1]: Entering directory '/<<BUILDDIR>>/php-memcached-3.1.3+2.2.0'
rm -rf build-7.3
touch clean-7.3-stamp
rm -f configure-7.3-stamp build-7.3-stamp install-7.3-stamp clean-7.3-stamp
make[1]: Leaving directory '/<<BUILDDIR>>/php-memcached-3.1.3+2.2.0'
   dh_clean
 debian/rules build-arch
dh build-arch --with php
   dh_update_autotools_config -a
   debian/rules override_dh_auto_configure
make[1]: Entering directory '/<<BUILDDIR>>/php-memcached-3.1.3+2.2.0'
cp -a memcached-3.1.3 build-7.3
cd build-7.3 && phpize7.3
Configuring for:
PHP Api Version:         20180731
Zend Module Api No:      20180731
Zend Extension Api No:   320180731
dh_auto_configure --sourcedirectory=build-7.3 -- --enable-memcached --with-php-config=/usr/bin/php-config7.3 --enable-memcached-igbinary --enable-memcached-json --enable-memcached-msgpack
	cd build-7.3 && ./configure --build=x86_64-linux-gnu --prefix=/usr --includedir=\${prefix}/include --mandir=\${prefix}/share/man --infodir=\${prefix}/share/info --sysconfdir=/etc --localstatedir=/var --disable-silent-rules --libdir=\${prefix}/lib/x86_64-linux-gnu --libexecdir=\${prefix}/lib/x86_64-linux-gnu --disable-maintainer-mode --disable-dependency-tracking --enable-memcached --with-php-config=/usr/bin/php-config7.3 --enable-memcached-igbinary --enable-memcached-json --enable-memcached-msgpack
configure: WARNING: unrecognized options: --disable-silent-rules, --disable-maintainer-mode, --disable-dependency-tracking
checking for grep that handles long lines and -e... /bin/grep
checking for egrep... /bin/grep -E
checking for a sed that does not truncate output... /bin/sed
checking for cc... cc
checking whether the C compiler works... yes
checking for C compiler default output file name... a.out
checking for suffix of executables... 
checking whether we are cross compiling... no
checking for suffix of object files... o
checking whether we are using the GNU C compiler... yes
checking whether cc accepts -g... yes
checking for cc option to accept ISO C89... none needed
checking how to run the C preprocessor... cc -E
checking for icc... no
checking for suncc... no
checking whether cc understands -c and -o together... yes
checking for system library directory... lib
checking if compiler supports -R... no
checking if compiler supports -Wl,-rpath,... yes
checking build system type... x86_64-pc-linux-gnu
checking host system type... x86_64-pc-linux-gnu
checking target system type... x86_64-pc-linux-gnu
checking for PHP prefix... /usr
checking for PHP includes... -I/usr/include/php/20180731 -I/usr/include/php/20180731/main -I/usr/include/php/20180731/TSRM -I/usr/include/php/20180731/Zend -I/usr/include/php/20180731/ext -I/usr/include/php/20180731/ext/date/lib
checking for PHP extension directory... /usr/lib/php/20180731
checking for PHP installed headers prefix... /usr/include/php/20180731
checking if debug is enabled... no
checking if zts is enabled... no
checking for re2c... no
configure: WARNING: You will need re2c 0.13.4 or later if you want to regenerate PHP parsers.
checking for gawk... no
checking for nawk... nawk
checking if nawk is broken... no
checking whether to enable memcached support... yes, shared
checking for libmemcached... yes, shared
checking whether to enable memcached session handler support... yes
checking whether to enable memcached igbinary serializer support... yes
checking whether to enable memcached json serializer support... yes
checking whether to enable memcached msgpack serializer support... yes
checking whether to enable memcached sasl support... yes
checking whether to enable memcached protocol support... no
checking whether to use system FastLZ library... no
checking for ZLIB... yes, shared
checking for pkg-config... /usr/bin/pkg-config
checking for zlib location... /usr
checking for session includes... /usr/include/php/20180731
checking for json includes... /usr/include/php/20180731
checking for igbinary includes... /usr/include/php/20180731
checking for msgpack includes... /usr/include/php/20180731
checking for memcached session support... enabled
checking for memcached igbinary support... enabled
checking for memcached msgpack support... enabled
checking for libmemcached location... found version 1.0.18, under /usr
checking for libmemcached sasl.h requirement... yes
checking for ANSI C header files... yes
checking for sys/types.h... yes
checking for sys/stat.h... yes
checking for stdlib.h... yes
checking for string.h... yes
checking for memory.h... yes
checking for strings.h... yes
checking for inttypes.h... yes
checking for stdint.h... yes
checking for unistd.h... yes
checking sasl/sasl.h usability... yes
checking sasl/sasl.h presence... yes
checking for sasl/sasl.h... yes
checking whether to enable sasl support... yes
checking for sasl_client_init in -lsasl2... yes
checking whether memcached_exist is defined... yes
checking whether memcached_set_encoding_key is defined... yes
checking for memcached protocol support... disabled
checking how to print strings... printf
checking for a sed that does not truncate output... (cached) /bin/sed
checking for fgrep... /bin/grep -F
checking for ld used by cc... /usr/bin/ld
checking if the linker (/usr/bin/ld) is GNU ld... yes
checking for BSD- or MS-compatible name lister (nm)... /usr/bin/nm -B
checking the name lister (/usr/bin/nm -B) interface... BSD nm
checking whether ln -s works... yes
checking the maximum length of command line arguments... 1572864
checking how to convert x86_64-pc-linux-gnu file names to x86_64-pc-linux-gnu format... func_convert_file_noop
checking how to convert x86_64-pc-linux-gnu file names to toolchain format... func_convert_file_noop
checking for /usr/bin/ld option to reload object files... -r
checking for objdump... objdump
checking how to recognize dependent libraries... pass_all
checking for dlltool... no
checking how to associate runtime and link libraries... printf %s\n
checking for ar... ar
checking for archiver @FILE support... @
checking for strip... strip
checking for ranlib... ranlib
checking for gawk... (cached) nawk
checking command to parse /usr/bin/nm -B output from cc object... ok
checking for sysroot... no
checking for a working dd... /bin/dd
checking how to truncate binary pipes... /bin/dd bs=4096 count=1
checking for mt... no
checking if : is a manifest tool... no
checking for dlfcn.h... yes
checking for objdir... .libs
checking if cc supports -fno-rtti -fno-exceptions... yes
checking for cc option to produce PIC... -fPIC -DPIC
checking if cc PIC flag -fPIC -DPIC works... yes
checking if cc static flag -static works... yes
checking if cc supports -c -o file.o... yes
checking if cc supports -c -o file.o... (cached) yes
checking whether the cc linker (/usr/bin/ld -m elf_x86_64) supports shared libraries... yes
checking whether -lc should be explicitly linked in... no
checking dynamic linker characteristics... GNU/Linux ld.so
checking how to hardcode library paths into programs... immediate
checking whether stripping libraries is possible... yes
checking if libtool supports shared libraries... yes
checking whether to build shared libraries... yes
checking whether to build static libraries... no
configure: creating ./config.status
config.status: creating config.h
config.status: executing libtool commands
configure: WARNING: unrecognized options: --disable-silent-rules, --disable-maintainer-mode, --disable-dependency-tracking
touch configure-7.3-stamp
dh override_dh_auto_configure --with php
make[1]: Leaving directory '/<<BUILDDIR>>/php-memcached-3.1.3+2.2.0'
   debian/rules override_dh_auto_build
make[1]: Entering directory '/<<BUILDDIR>>/php-memcached-3.1.3+2.2.0'
dh_auto_build --sourcedirectory=build-7.3
	cd build-7.3 && make -j1
make[2]: Entering directory '/<<BUILDDIR>>/php-memcached-3.1.3+2.2.0/build-7.3'
/bin/bash /<<BUILDDIR>>/php-memcached-3.1.3+2.2.0/build-7.3/libtool --mode=compile cc -I/usr/include/php/20180731 -I/usr/include/php/20180731  -I/usr/include/php/20180731 -I. -I/<<BUILDDIR>>/php-memcached-3.1.3+2.2.0/build-7.3 -DPHP_ATOM_INC -I/<<BUILDDIR>>/php-memcached-3.1.3+2.2.0/build-7.3/include -I/<<BUILDDIR>>/php-memcached-3.1.3+2.2.0/build-7.3/main -I/<<BUILDDIR>>/php-memcached-3.1.3+2.2.0/build-7.3 -I/usr/include/php/20180731 -I/usr/include/php/20180731/main -I/usr/include/php/20180731/TSRM -I/usr/include/php/20180731/Zend -I/usr/include/php/20180731/ext -I/usr/include/php/20180731/ext/date/lib  -Wdate-time -D_FORTIFY_SOURCE=2 -DHAVE_CONFIG_H  -g -O2 -fdebug-prefix-map=/<<BUILDDIR>>/php-memcached-3.1.3+2.2.0=. -fstack-protector-strong -Wformat -Werror=format-security -Wall -pedantic -I/usr/include/php/20180731 -I/usr/include/php/20180731/main -I/usr/include/php/20180731/TSRM -I/usr/include/php/20180731/Zend -I/usr/include/php/20180731/ext -I/usr/include/php/20180731/ext/date/lib   -c /<<BUILDDIR>>/php-memcached-3.1.3+2.2.0/build-7.3/php_memcached.c -o php_memcached.lo 
libtool: compile:  cc -I/usr/include/php/20180731 -I/usr/include/php/20180731 -I/usr/include/php/20180731 -I. -I/<<BUILDDIR>>/php-memcached-3.1.3+2.2.0/build-7.3 -DPHP_ATOM_INC -I/<<BUILDDIR>>/php-memcached-3.1.3+2.2.0/build-7.3/include -I/<<BUILDDIR>>/php-memcached-3.1.3+2.2.0/build-7.3/main -I/<<BUILDDIR>>/php-memcached-3.1.3+2.2.0/build-7.3 -I/usr/include/php/20180731 -I/usr/include/php/20180731/main -I/usr/include/php/20180731/TSRM -I/usr/include/php/20180731/Zend -I/usr/include/php/20180731/ext -I/usr/include/php/20180731/ext/date/lib -Wdate-time -D_FORTIFY_SOURCE=2 -DHAVE_CONFIG_H -g -O2 -fdebug-prefix-map=/<<BUILDDIR>>/php-memcached-3.1.3+2.2.0=. -fstack-protector-strong -Wformat -Werror=format-security -Wall -pedantic -I/usr/include/php/20180731 -I/usr/include/php/20180731/main -I/usr/include/php/20180731/TSRM -I/usr/include/php/20180731/Zend -I/usr/include/php/20180731/ext -I/usr/include/php/20180731/ext/date/lib -c /<<BUILDDIR>>/php-memcached-3.1.3+2.2.0/build-7.3/php_memcached.c  -fPIC -DPIC -o .libs/php_memcached.o
In file included from /<<BUILDDIR>>/php-memcached-3.1.3+2.2.0/build-7.3/php_memcached.c:22:
In file included from ./php_memcached.h:20:
In file included from /usr/include/php/20180731/main/php.h:34:
In file included from /usr/include/php/20180731/Zend/zend.h:335:
/usr/include/php/20180731/Zend/zend_operators.h:486:10: error: 'asm goto' constructs are not supported yet
        __asm__ goto(
                ^
/usr/include/php/20180731/Zend/zend_operators.h:536:10: error: 'asm goto' constructs are not supported yet
        __asm__ goto(
                ^
/usr/include/php/20180731/Zend/zend_operators.h:593:10: error: 'asm goto' constructs are not supported yet
        __asm__ goto(
                ^
/usr/include/php/20180731/Zend/zend_operators.h:683:10: error: 'asm goto' constructs are not supported yet
        __asm__ goto(
                ^
In file included from /<<BUILDDIR>>/php-memcached-3.1.3+2.2.0/build-7.3/php_memcached.c:31:
./php_memcached_session.h:27:37: warning: extra ';' outside of a function [-Wextra-semi]
PS_FUNCS_UPDATE_TIMESTAMP(memcached);
                                    ^
1 warning and 4 errors generated.
make[2]: *** [Makefile:194: php_memcached.lo] Error 1
make[2]: Leaving directory '/<<BUILDDIR>>/php-memcached-3.1.3+2.2.0/build-7.3'
dh_auto_build: cd build-7.3 && make -j1 returned exit code 2
make[1]: *** [/usr/share/dh-php/pkg-pecl.mk:67: build-7.3-stamp] Error 2
make[1]: Leaving directory '/<<BUILDDIR>>/php-memcached-3.1.3+2.2.0'
make: *** [/usr/share/dh-php/pkg-pecl.mk:45: build-arch] Error 2
dpkg-buildpackage: error: debian/rules build-arch subprocess returned exit status 2
--------------------------------------------------------------------------------
Build finished at 2019-01-09T22:31:21Z

Finished
--------


+------------------------------------------------------------------------------+
| Cleanup                                                                      |
+------------------------------------------------------------------------------+

Purging /<<BUILDDIR>>
Not cleaning session: cloned chroot in use
E: Build failure (dpkg-buildpackage died)

+------------------------------------------------------------------------------+
| Summary                                                                      |
+------------------------------------------------------------------------------+

Build Architecture: amd64
Build Type: any
Build-Space: 5008
Build-Time: 6
Distribution: unstable
Fail-Stage: build
Host Architecture: amd64
Install-Time: 14
Job: php-memcached_3.1.3+2.2.0-1
Machine Architecture: amd64
Package: php-memcached
Package-Time: 34
Source-Version: 3.1.3+2.2.0-1
Space: 5008
Status: attempted
Version: 3.1.3+2.2.0-1
--------------------------------------------------------------------------------
Finished at 2019-01-09T22:31:21Z
Build needed 00:00:34, 5008k disk space
E: Build failure (dpkg-buildpackage died)
DC-Status: Failed 34.760060954s
