DC-Build-Header: vifm 0.10-1 / 2019-01-09 21:37:14 +0000
DC-Task: type:rebuild-binarch-only source:vifm version:0.10-1 chroot:unstable esttime:233 logfile:/tmp/vifm_0.10-1_unstable_clang7.log modes:clang7:binarch-only
DC-Sbuild-call: su user42 -c 'sbuild -n --arch-any --apt-update -d unstable -v  --chroot-setup-commands=/tmp/clang7 vifm_0.10-1'
sbuild (Debian sbuild) 0.73.0 (23 Dec 2016) on ip-172-31-13-15.eu-central-1.compute.internal

+==============================================================================+
| vifm 0.10-1 (amd64)                          Wed, 09 Jan 2019 21:37:14 +0000 |
+==============================================================================+

Package: vifm
Version: 0.10-1
Source Version: 0.10-1
Distribution: unstable
Machine Architecture: amd64
Host Architecture: amd64
Build Architecture: amd64
Build Type: any

I: NOTICE: Log filtering will replace 'var/run/schroot/mount/sid-amd64-sbuild-5ed0d2e3-3c2d-48e5-9faf-dbd24def41cc' with '<<CHROOT>>'

+------------------------------------------------------------------------------+
| Chroot Setup Commands                                                        |
+------------------------------------------------------------------------------+


/tmp/clang7
-----------

+ echo 'Entering customization script...'
Entering customization script...
+ CLANG_VERSION=7
+ echo 'Install of clang-7'
Install of clang-7
+ apt-get update
Get:1 http://127.0.0.1:9999/debian sid InRelease [238 kB]
Get:2 http://127.0.0.1:9999/debian sid/main Sources.diff/Index [27.9 kB]
Get:3 http://127.0.0.1:9999/debian sid/main amd64 Packages.diff/Index [27.9 kB]
Get:4 http://127.0.0.1:9999/debian sid/main Sources 2019-01-09-1430.36.pdiff [24.1 kB]
Get:5 http://127.0.0.1:9999/debian sid/main Sources 2019-01-09-2026.40.pdiff [16.8 kB]
Get:6 http://127.0.0.1:9999/debian sid/main amd64 Packages 2019-01-09-1430.36.pdiff [40.9 kB]
Get:7 http://127.0.0.1:9999/debian sid/main amd64 Packages 2019-01-09-2026.40.pdiff [32.0 kB]
Get:5 http://127.0.0.1:9999/debian sid/main Sources 2019-01-09-2026.40.pdiff [16.8 kB]
Get:7 http://127.0.0.1:9999/debian sid/main amd64 Packages 2019-01-09-2026.40.pdiff [32.0 kB]
Get:8 http://127.0.0.1:9999/debian sid/main Translation-en [6274 kB]
Fetched 6681 kB in 2s (3162 kB/s)
Reading package lists...
+ apt-get install --yes --no-install-recommends --force-yes clang-7 libomp-7-dev libobjc-8-dev
Reading package lists...
Building dependency tree...
The following additional packages will be installed:
  lib32gcc1 lib32stdc++6 libbsd0 libc6-i386 libclang-common-7-dev libclang1-7
  libedit2 libgc1c2 libllvm7 libobjc4 libomp5-7
Suggested packages:
  clang-7-doc libomp-7-doc
Recommended packages:
  llvm-7-dev python
The following NEW packages will be installed:
  clang-7 lib32gcc1 lib32stdc++6 libbsd0 libc6-i386 libclang-common-7-dev
  libclang1-7 libedit2 libgc1c2 libllvm7 libobjc-8-dev libobjc4 libomp-7-dev
  libomp5-7
0 upgraded, 14 newly installed, 0 to remove and 5 not upgraded.
Need to get 34.5 MB of archives.
After this operation, 185 MB of additional disk space will be used.
Get:1 http://127.0.0.1:9999/debian sid/main amd64 libbsd0 amd64 0.9.1-1 [99.3 kB]
Get:2 http://127.0.0.1:9999/debian sid/main amd64 libedit2 amd64 3.1-20181209-1 [94.0 kB]
Get:3 http://127.0.0.1:9999/debian sid/main amd64 libllvm7 amd64 1:7.0.1-4 [13.0 MB]
Get:4 http://127.0.0.1:9999/debian sid/main amd64 libgc1c2 amd64 1:7.6.4-0.4 [224 kB]
Get:5 http://127.0.0.1:9999/debian sid/main amd64 libobjc4 amd64 8.2.0-14 [50.4 kB]
Get:6 http://127.0.0.1:9999/debian sid/main amd64 libobjc-8-dev amd64 8.2.0-14 [225 kB]
Get:7 http://127.0.0.1:9999/debian sid/main amd64 libc6-i386 amd64 2.28-4 [2873 kB]
Get:8 http://127.0.0.1:9999/debian sid/main amd64 lib32gcc1 amd64 1:8.2.0-14 [47.9 kB]
Get:9 http://127.0.0.1:9999/debian sid/main amd64 lib32stdc++6 amd64 8.2.0-14 [406 kB]
Get:10 http://127.0.0.1:9999/debian sid/main amd64 libclang-common-7-dev amd64 1:7.0.1-4 [3155 kB]
Get:11 http://127.0.0.1:9999/debian sid/main amd64 libclang1-7 amd64 1:7.0.1-4 [5991 kB]
Get:12 http://127.0.0.1:9999/debian sid/main amd64 clang-7 amd64 1:7.0.1-4 [7887 kB]
Get:13 http://127.0.0.1:9999/debian sid/main amd64 libomp5-7 amd64 1:7.0.1-4 [318 kB]
Get:14 http://127.0.0.1:9999/debian sid/main amd64 libomp-7-dev amd64 1:7.0.1-4 [57.1 kB]
debconf: delaying package configuration, since apt-utils is not installed
Fetched 34.5 MB in 0s (115 MB/s)
Selecting previously unselected package libbsd0:amd64.
(Reading database ... (Reading database ... 5%(Reading database ... 10%(Reading database ... 15%(Reading database ... 20%(Reading database ... 25%(Reading database ... 30%(Reading database ... 35%(Reading database ... 40%(Reading database ... 45%(Reading database ... 50%(Reading database ... 55%(Reading database ... 60%(Reading database ... 65%(Reading database ... 70%(Reading database ... 75%(Reading database ... 80%(Reading database ... 85%(Reading database ... 90%(Reading database ... 95%(Reading database ... 100%(Reading database ... 11802 files and directories currently installed.)
Preparing to unpack .../00-libbsd0_0.9.1-1_amd64.deb ...
Unpacking libbsd0:amd64 (0.9.1-1) ...
Selecting previously unselected package libedit2:amd64.
Preparing to unpack .../01-libedit2_3.1-20181209-1_amd64.deb ...
Unpacking libedit2:amd64 (3.1-20181209-1) ...
Selecting previously unselected package libllvm7:amd64.
Preparing to unpack .../02-libllvm7_1%3a7.0.1-4_amd64.deb ...
Unpacking libllvm7:amd64 (1:7.0.1-4) ...
Selecting previously unselected package libgc1c2:amd64.
Preparing to unpack .../03-libgc1c2_1%3a7.6.4-0.4_amd64.deb ...
Unpacking libgc1c2:amd64 (1:7.6.4-0.4) ...
Selecting previously unselected package libobjc4:amd64.
Preparing to unpack .../04-libobjc4_8.2.0-14_amd64.deb ...
Unpacking libobjc4:amd64 (8.2.0-14) ...
Selecting previously unselected package libobjc-8-dev:amd64.
Preparing to unpack .../05-libobjc-8-dev_8.2.0-14_amd64.deb ...
Unpacking libobjc-8-dev:amd64 (8.2.0-14) ...
Selecting previously unselected package libc6-i386.
Preparing to unpack .../06-libc6-i386_2.28-4_amd64.deb ...
Unpacking libc6-i386 (2.28-4) ...
Selecting previously unselected package lib32gcc1.
Preparing to unpack .../07-lib32gcc1_1%3a8.2.0-14_amd64.deb ...
Unpacking lib32gcc1 (1:8.2.0-14) ...
Selecting previously unselected package lib32stdc++6.
Preparing to unpack .../08-lib32stdc++6_8.2.0-14_amd64.deb ...
Unpacking lib32stdc++6 (8.2.0-14) ...
Selecting previously unselected package libclang-common-7-dev.
Preparing to unpack .../09-libclang-common-7-dev_1%3a7.0.1-4_amd64.deb ...
Unpacking libclang-common-7-dev (1:7.0.1-4) ...
Selecting previously unselected package libclang1-7:amd64.
Preparing to unpack .../10-libclang1-7_1%3a7.0.1-4_amd64.deb ...
Unpacking libclang1-7:amd64 (1:7.0.1-4) ...
Selecting previously unselected package clang-7.
Preparing to unpack .../11-clang-7_1%3a7.0.1-4_amd64.deb ...
Unpacking clang-7 (1:7.0.1-4) ...
Selecting previously unselected package libomp5-7:amd64.
Preparing to unpack .../12-libomp5-7_1%3a7.0.1-4_amd64.deb ...
Unpacking libomp5-7:amd64 (1:7.0.1-4) ...
Selecting previously unselected package libomp-7-dev.
Preparing to unpack .../13-libomp-7-dev_1%3a7.0.1-4_amd64.deb ...
Unpacking libomp-7-dev (1:7.0.1-4) ...
Setting up libgc1c2:amd64 (1:7.6.4-0.4) ...
Setting up libc6-i386 (2.28-4) ...
Setting up libbsd0:amd64 (0.9.1-1) ...
Setting up libomp5-7:amd64 (1:7.0.1-4) ...
Processing triggers for libc-bin (2.28-4) ...
Setting up libomp-7-dev (1:7.0.1-4) ...
Setting up lib32gcc1 (1:8.2.0-14) ...
Setting up libedit2:amd64 (3.1-20181209-1) ...
Setting up libobjc4:amd64 (8.2.0-14) ...
Setting up libobjc-8-dev:amd64 (8.2.0-14) ...
Setting up libllvm7:amd64 (1:7.0.1-4) ...
Setting up libclang1-7:amd64 (1:7.0.1-4) ...
Setting up lib32stdc++6 (8.2.0-14) ...
Setting up libclang-common-7-dev (1:7.0.1-4) ...
Setting up clang-7 (1:7.0.1-4) ...
Processing triggers for libc-bin (2.28-4) ...
W: --force-yes is deprecated, use one of the options starting with --allow instead.
+ echo 'Replace gcc, g++ & cpp by clang'
Replace gcc, g++ & cpp by clang
+ VERSIONS='4.6 4.7 4.8 4.9 5 6 7 8'
+ cd /usr/bin
+ for VERSION in $VERSIONS
+ rm -f g++-4.6 gcc-4.6 cpp-4.6 gcc
+ ln -s clang++-7 g++-4.6
+ ln -s clang-7 gcc-4.6
+ ln -s clang-7 cpp-4.6
+ ln -s clang-7 gcc
+ echo 'gcc-4.6 hold'
+ dpkg --set-selections
dpkg: warning: package not in status nor available database at line 1: gcc-4.6
dpkg: warning: found unknown packages; this might mean the available database
is outdated, and needs to be updated through a frontend method;
please see the FAQ <https://wiki.debian.org/Teams/Dpkg/FAQ>
+ echo 'g++-4.6 hold'
+ dpkg --set-selections
dpkg: warning: package not in status nor available database at line 1: g++-4.6
dpkg: warning: found unknown packages; this might mean the available database
is outdated, and needs to be updated through a frontend method;
please see the FAQ <https://wiki.debian.org/Teams/Dpkg/FAQ>
+ for VERSION in $VERSIONS
+ rm -f g++-4.7 gcc-4.7 cpp-4.7 gcc
+ ln -s clang++-7 g++-4.7
+ ln -s clang-7 gcc-4.7
+ ln -s clang-7 cpp-4.7
+ ln -s clang-7 gcc
+ echo 'gcc-4.7 hold'
+ dpkg --set-selections
dpkg: warning: package not in status nor available database at line 1: gcc-4.7
dpkg: warning: found unknown packages; this might mean the available database
is outdated, and needs to be updated through a frontend method;
please see the FAQ <https://wiki.debian.org/Teams/Dpkg/FAQ>
+ echo 'g++-4.7 hold'
+ dpkg --set-selections
dpkg: warning: package not in status nor available database at line 1: g++-4.7
dpkg: warning: found unknown packages; this might mean the available database
is outdated, and needs to be updated through a frontend method;
please see the FAQ <https://wiki.debian.org/Teams/Dpkg/FAQ>
+ for VERSION in $VERSIONS
+ rm -f g++-4.8 gcc-4.8 cpp-4.8 gcc
+ ln -s clang++-7 g++-4.8
+ ln -s clang-7 gcc-4.8
+ ln -s clang-7 cpp-4.8
+ ln -s clang-7 gcc
+ echo 'gcc-4.8 hold'
+ dpkg --set-selections
dpkg: warning: package not in status nor available database at line 1: gcc-4.8
dpkg: warning: found unknown packages; this might mean the available database
is outdated, and needs to be updated through a frontend method;
please see the FAQ <https://wiki.debian.org/Teams/Dpkg/FAQ>
+ echo 'g++-4.8 hold'
+ dpkg --set-selections
dpkg: warning: package not in status nor available database at line 1: g++-4.8
dpkg: warning: found unknown packages; this might mean the available database
is outdated, and needs to be updated through a frontend method;
please see the FAQ <https://wiki.debian.org/Teams/Dpkg/FAQ>
+ for VERSION in $VERSIONS
+ rm -f g++-4.9 gcc-4.9 cpp-4.9 gcc
+ ln -s clang++-7 g++-4.9
+ ln -s clang-7 gcc-4.9
+ ln -s clang-7 cpp-4.9
+ ln -s clang-7 gcc
+ echo 'gcc-4.9 hold'
+ dpkg --set-selections
dpkg: warning: package not in status nor available database at line 1: gcc-4.9
dpkg: warning: found unknown packages; this might mean the available database
is outdated, and needs to be updated through a frontend method;
please see the FAQ <https://wiki.debian.org/Teams/Dpkg/FAQ>
+ echo 'g++-4.9 hold'
+ dpkg --set-selections
dpkg: warning: package not in status nor available database at line 1: g++-4.9
dpkg: warning: found unknown packages; this might mean the available database
is outdated, and needs to be updated through a frontend method;
please see the FAQ <https://wiki.debian.org/Teams/Dpkg/FAQ>
+ for VERSION in $VERSIONS
+ rm -f g++-5 gcc-5 cpp-5 gcc
+ ln -s clang++-7 g++-5
+ ln -s clang-7 gcc-5
+ ln -s clang-7 cpp-5
+ ln -s clang-7 gcc
+ echo 'gcc-5 hold'
+ dpkg --set-selections
dpkg: warning: package not in status nor available database at line 1: gcc-5
dpkg: warning: found unknown packages; this might mean the available database
is outdated, and needs to be updated through a frontend method;
please see the FAQ <https://wiki.debian.org/Teams/Dpkg/FAQ>
+ echo 'g++-5 hold'
+ dpkg --set-selections
dpkg: warning: package not in status nor available database at line 1: g++-5
dpkg: warning: found unknown packages; this might mean the available database
is outdated, and needs to be updated through a frontend method;
please see the FAQ <https://wiki.debian.org/Teams/Dpkg/FAQ>
+ for VERSION in $VERSIONS
+ rm -f g++-6 gcc-6 cpp-6 gcc
+ ln -s clang++-7 g++-6
+ ln -s clang-7 gcc-6
+ ln -s clang-7 cpp-6
+ ln -s clang-7 gcc
+ echo 'gcc-6 hold'
+ dpkg --set-selections
dpkg: warning: package not in status nor available database at line 1: gcc-6
dpkg: warning: found unknown packages; this might mean the available database
is outdated, and needs to be updated through a frontend method;
please see the FAQ <https://wiki.debian.org/Teams/Dpkg/FAQ>
+ echo 'g++-6 hold'
+ dpkg --set-selections
dpkg: warning: package not in status nor available database at line 1: g++-6
dpkg: warning: found unknown packages; this might mean the available database
is outdated, and needs to be updated through a frontend method;
please see the FAQ <https://wiki.debian.org/Teams/Dpkg/FAQ>
+ for VERSION in $VERSIONS
+ rm -f g++-7 gcc-7 cpp-7 gcc
+ ln -s clang++-7 g++-7
+ ln -s clang-7 gcc-7
+ ln -s clang-7 cpp-7
+ ln -s clang-7 gcc
+ echo 'gcc-7 hold'
+ dpkg --set-selections
dpkg: warning: package not in status nor available database at line 1: gcc-7
dpkg: warning: found unknown packages; this might mean the available database
is outdated, and needs to be updated through a frontend method;
please see the FAQ <https://wiki.debian.org/Teams/Dpkg/FAQ>
+ echo 'g++-7 hold'
+ dpkg --set-selections
dpkg: warning: package not in status nor available database at line 1: g++-7
dpkg: warning: found unknown packages; this might mean the available database
is outdated, and needs to be updated through a frontend method;
please see the FAQ <https://wiki.debian.org/Teams/Dpkg/FAQ>
+ for VERSION in $VERSIONS
+ rm -f g++-8 gcc-8 cpp-8 gcc
+ ln -s clang++-7 g++-8
+ ln -s clang-7 gcc-8
+ ln -s clang-7 cpp-8
+ ln -s clang-7 gcc
+ echo 'gcc-8 hold'
+ dpkg --set-selections
+ echo 'g++-8 hold'
+ dpkg --set-selections
+ cd -
/build/vifm-64AG1N
+ echo 'Check if gcc, g++ & cpp are actually clang'
Check if gcc, g++ & cpp are actually clang
+ gcc --version
+ grep clang
+ cpp --version
+ grep clang
+ g++ --version
+ grep clang

I: Finished running '/tmp/clang7'.

Finished processing commands.
--------------------------------------------------------------------------------

+------------------------------------------------------------------------------+
| Update chroot                                                                |
+------------------------------------------------------------------------------+

Hit:1 http://127.0.0.1:9999/debian sid InRelease
Reading package lists...
Reading package lists...
Building dependency tree...
Reading state information...
Calculating upgrade...
The following packages will be upgraded:
  libmpfr6 libpam-modules libpam-modules-bin libpam-runtime libpam0g
5 upgraded, 0 newly installed, 0 to remove and 0 not upgraded.
Need to get 1519 kB of archives.
After this operation, 7168 B of additional disk space will be used.
Get:1 http://127.0.0.1:9999/debian sid/main amd64 libpam0g amd64 1.1.8-4 [124 kB]
Get:2 http://127.0.0.1:9999/debian sid/main amd64 libpam-modules-bin amd64 1.1.8-4 [106 kB]
Get:3 http://127.0.0.1:9999/debian sid/main amd64 libpam-modules amd64 1.1.8-4 [305 kB]
Get:4 http://127.0.0.1:9999/debian sid/main amd64 libpam-runtime all 1.1.8-4 [211 kB]
Get:5 http://127.0.0.1:9999/debian sid/main amd64 libmpfr6 amd64 4.0.2~rc1-1 [773 kB]
debconf: delaying package configuration, since apt-utils is not installed
Fetched 1519 kB in 0s (75.3 MB/s)
(Reading database ... (Reading database ... 5%(Reading database ... 10%(Reading database ... 15%(Reading database ... 20%(Reading database ... 25%(Reading database ... 30%(Reading database ... 35%(Reading database ... 40%(Reading database ... 45%(Reading database ... 50%(Reading database ... 55%(Reading database ... 60%(Reading database ... 65%(Reading database ... 70%(Reading database ... 75%(Reading database ... 80%(Reading database ... 85%(Reading database ... 90%(Reading database ... 95%(Reading database ... 100%(Reading database ... 12592 files and directories currently installed.)
Preparing to unpack .../libpam0g_1.1.8-4_amd64.deb ...
Unpacking libpam0g:amd64 (1.1.8-4) over (1.1.8-3.8) ...
Setting up libpam0g:amd64 (1.1.8-4) ...
(Reading database ... (Reading database ... 5%(Reading database ... 10%(Reading database ... 15%(Reading database ... 20%(Reading database ... 25%(Reading database ... 30%(Reading database ... 35%(Reading database ... 40%(Reading database ... 45%(Reading database ... 50%(Reading database ... 55%(Reading database ... 60%(Reading database ... 65%(Reading database ... 70%(Reading database ... 75%(Reading database ... 80%(Reading database ... 85%(Reading database ... 90%(Reading database ... 95%(Reading database ... 100%(Reading database ... 12592 files and directories currently installed.)
Preparing to unpack .../libpam-modules-bin_1.1.8-4_amd64.deb ...
Unpacking libpam-modules-bin (1.1.8-4) over (1.1.8-3.8) ...
Setting up libpam-modules-bin (1.1.8-4) ...
(Reading database ... (Reading database ... 5%(Reading database ... 10%(Reading database ... 15%(Reading database ... 20%(Reading database ... 25%(Reading database ... 30%(Reading database ... 35%(Reading database ... 40%(Reading database ... 45%(Reading database ... 50%(Reading database ... 55%(Reading database ... 60%(Reading database ... 65%(Reading database ... 70%(Reading database ... 75%(Reading database ... 80%(Reading database ... 85%(Reading database ... 90%(Reading database ... 95%(Reading database ... 100%(Reading database ... 12592 files and directories currently installed.)
Preparing to unpack .../libpam-modules_1.1.8-4_amd64.deb ...
Unpacking libpam-modules:amd64 (1.1.8-4) over (1.1.8-3.8) ...
Setting up libpam-modules:amd64 (1.1.8-4) ...
(Reading database ... (Reading database ... 5%(Reading database ... 10%(Reading database ... 15%(Reading database ... 20%(Reading database ... 25%(Reading database ... 30%(Reading database ... 35%(Reading database ... 40%(Reading database ... 45%(Reading database ... 50%(Reading database ... 55%(Reading database ... 60%(Reading database ... 65%(Reading database ... 70%(Reading database ... 75%(Reading database ... 80%(Reading database ... 85%(Reading database ... 90%(Reading database ... 95%(Reading database ... 100%(Reading database ... 12592 files and directories currently installed.)
Preparing to unpack .../libpam-runtime_1.1.8-4_all.deb ...
Unpacking libpam-runtime (1.1.8-4) over (1.1.8-3.8) ...
Setting up libpam-runtime (1.1.8-4) ...
(Reading database ... (Reading database ... 5%(Reading database ... 10%(Reading database ... 15%(Reading database ... 20%(Reading database ... 25%(Reading database ... 30%(Reading database ... 35%(Reading database ... 40%(Reading database ... 45%(Reading database ... 50%(Reading database ... 55%(Reading database ... 60%(Reading database ... 65%(Reading database ... 70%(Reading database ... 75%(Reading database ... 80%(Reading database ... 85%(Reading database ... 90%(Reading database ... 95%(Reading database ... 100%(Reading database ... 12592 files and directories currently installed.)
Preparing to unpack .../libmpfr6_4.0.2~rc1-1_amd64.deb ...
Unpacking libmpfr6:amd64 (4.0.2~rc1-1) over (4.0.1-2) ...
Setting up libmpfr6:amd64 (4.0.2~rc1-1) ...
Processing triggers for libc-bin (2.28-4) ...

+------------------------------------------------------------------------------+
| Fetch source files                                                           |
+------------------------------------------------------------------------------+


Check APT
---------

Checking available source versions...

Download source files with APT
------------------------------

Reading package lists...
NOTICE: 'vifm' packaging is maintained in the 'Git' version control system at:
https://salsa.debian.org/debian/vifm.git
Please use:
git clone https://salsa.debian.org/debian/vifm.git
to retrieve the latest (possibly unreleased) updates to the package.
Need to get 1067 kB of source archives.
Get:1 http://127.0.0.1:9999/debian sid/main vifm 0.10-1 (dsc) [2064 B]
Get:2 http://127.0.0.1:9999/debian sid/main vifm 0.10-1 (tar) [1054 kB]
Get:3 http://127.0.0.1:9999/debian sid/main vifm 0.10-1 (asc) [801 B]
Get:4 http://127.0.0.1:9999/debian sid/main vifm 0.10-1 (diff) [10.1 kB]
Fetched 1067 kB in 1s (1777 kB/s)
Download complete and in download only mode
I: NOTICE: Log filtering will replace 'build/vifm-64AG1N/vifm-0.10' with '<<PKGBUILDDIR>>'
I: NOTICE: Log filtering will replace 'build/vifm-64AG1N' with '<<BUILDDIR>>'

+------------------------------------------------------------------------------+
| Install build-essential                                                      |
+------------------------------------------------------------------------------+


Setup apt archive
-----------------

Merged Build-Depends: build-essential, fakeroot
Filtered Build-Depends: build-essential, fakeroot
dpkg-deb: building package 'sbuild-build-depends-core-dummy' in '/<<BUILDDIR>>/resolver-GhtLkD/apt_archive/sbuild-build-depends-core-dummy.deb'.
dpkg-scanpackages: warning: Packages in archive but missing from override file:
dpkg-scanpackages: warning:   sbuild-build-depends-core-dummy
dpkg-scanpackages: info: Wrote 1 entries to output Packages file.
Ign:1 copy:/<<BUILDDIR>>/resolver-GhtLkD/apt_archive ./ InRelease
Get:2 copy:/<<BUILDDIR>>/resolver-GhtLkD/apt_archive ./ Release [957 B]
Ign:3 copy:/<<BUILDDIR>>/resolver-GhtLkD/apt_archive ./ Release.gpg
Get:4 copy:/<<BUILDDIR>>/resolver-GhtLkD/apt_archive ./ Sources [349 B]
Get:5 copy:/<<BUILDDIR>>/resolver-GhtLkD/apt_archive ./ Packages [430 B]
Fetched 1736 B in 0s (0 B/s)
Reading package lists...
Reading package lists...

Install core build dependencies (apt-based resolver)
----------------------------------------------------

Installing build dependencies
Reading package lists...
Building dependency tree...
Reading state information...
The following NEW packages will be installed:
  sbuild-build-depends-core-dummy
0 upgraded, 1 newly installed, 0 to remove and 0 not upgraded.
Need to get 860 B of archives.
After this operation, 0 B of additional disk space will be used.
Get:1 copy:/<<BUILDDIR>>/resolver-GhtLkD/apt_archive ./ sbuild-build-depends-core-dummy 0.invalid.0 [860 B]
debconf: delaying package configuration, since apt-utils is not installed
Fetched 860 B in 0s (0 B/s)
Selecting previously unselected package sbuild-build-depends-core-dummy.
(Reading database ... 12592 files and directories currently installed.)
Preparing to unpack .../sbuild-build-depends-core-dummy_0.invalid.0_amd64.deb ...
Unpacking sbuild-build-depends-core-dummy (0.invalid.0) ...
Setting up sbuild-build-depends-core-dummy (0.invalid.0) ...

+------------------------------------------------------------------------------+
| Check architectures                                                          |
+------------------------------------------------------------------------------+

Arch check ok (amd64 included in any)

+------------------------------------------------------------------------------+
| Install package build dependencies                                           |
+------------------------------------------------------------------------------+


Setup apt archive
-----------------

Merged Build-Depends: debhelper (>= 11), libmagic-dev, libncursesw5-dev, libx11-dev, vim
Filtered Build-Depends: debhelper (>= 11), libmagic-dev, libncursesw5-dev, libx11-dev, vim
dpkg-deb: building package 'sbuild-build-depends-vifm-dummy' in '/<<BUILDDIR>>/resolver-GhtLkD/apt_archive/sbuild-build-depends-vifm-dummy.deb'.
dpkg-scanpackages: warning: Packages in archive but missing from override file:
dpkg-scanpackages: warning:   sbuild-build-depends-core-dummy sbuild-build-depends-vifm-dummy
dpkg-scanpackages: info: Wrote 2 entries to output Packages file.
Ign:1 copy:/<<BUILDDIR>>/resolver-GhtLkD/apt_archive ./ InRelease
Get:2 copy:/<<BUILDDIR>>/resolver-GhtLkD/apt_archive ./ Release [963 B]
Ign:3 copy:/<<BUILDDIR>>/resolver-GhtLkD/apt_archive ./ Release.gpg
Get:4 copy:/<<BUILDDIR>>/resolver-GhtLkD/apt_archive ./ Sources [507 B]
Get:5 copy:/<<BUILDDIR>>/resolver-GhtLkD/apt_archive ./ Packages [589 B]
Fetched 2059 B in 0s (0 B/s)
Reading package lists...
Reading package lists...

Install vifm build dependencies (apt-based resolver)
----------------------------------------------------

Installing build dependencies
Reading package lists...
Building dependency tree...
Reading state information...
The following additional packages will be installed:
  autoconf automake autopoint autotools-dev bsdmainutils debhelper
  dh-autoreconf dh-strip-nondeterminism dwz file gettext gettext-base
  groff-base intltool-debian libarchive-zip-perl libcroco3 libelf1
  libfile-stripnondeterminism-perl libglib2.0-0 libgpm2 libicu63 libmagic-dev
  libmagic-mgc libmagic1 libncurses-dev libncurses6 libncursesw5-dev
  libpipeline1 libpthread-stubs0-dev libsigsegv2 libtool libuchardet0 libx11-6
  libx11-data libx11-dev libxau-dev libxau6 libxcb1 libxcb1-dev libxdmcp-dev
  libxdmcp6 libxml2 m4 man-db po-debconf sensible-utils vim vim-common
  vim-runtime x11proto-core-dev x11proto-dev xorg-sgml-doctools xtrans-dev xxd
Suggested packages:
  autoconf-archive gnu-standards autoconf-doc wamerican | wordlist whois
  vacation dh-make gettext-doc libasprintf-dev libgettextpo-dev groff gpm
  ncurses-doc libtool-doc gfortran | fortran95-compiler gcj-jdk libx11-doc
  libxcb-doc m4-doc apparmor less www-browser libmail-box-perl ctags vim-doc
  vim-scripts
Recommended packages:
  curl | wget | lynx libarchive-cpio-perl libglib2.0-data shared-mime-info
  xdg-user-dirs libltdl-dev libmail-sendmail-perl
The following NEW packages will be installed:
  autoconf automake autopoint autotools-dev bsdmainutils debhelper
  dh-autoreconf dh-strip-nondeterminism dwz file gettext gettext-base
  groff-base intltool-debian libarchive-zip-perl libcroco3 libelf1
  libfile-stripnondeterminism-perl libglib2.0-0 libgpm2 libicu63 libmagic-dev
  libmagic-mgc libmagic1 libncurses-dev libncurses6 libncursesw5-dev
  libpipeline1 libpthread-stubs0-dev libsigsegv2 libtool libuchardet0 libx11-6
  libx11-data libx11-dev libxau-dev libxau6 libxcb1 libxcb1-dev libxdmcp-dev
  libxdmcp6 libxml2 m4 man-db po-debconf sbuild-build-depends-vifm-dummy
  sensible-utils vim vim-common vim-runtime x11proto-core-dev x11proto-dev
  xorg-sgml-doctools xtrans-dev xxd
0 upgraded, 55 newly installed, 0 to remove and 0 not upgraded.
Need to get 29.4 MB of archives.
After this operation, 115 MB of additional disk space will be used.
Get:1 copy:/<<BUILDDIR>>/resolver-GhtLkD/apt_archive ./ sbuild-build-depends-vifm-dummy 0.invalid.0 [884 B]
Get:2 http://127.0.0.1:9999/debian sid/main amd64 bsdmainutils amd64 11.1.2+b1 [191 kB]
Get:3 http://127.0.0.1:9999/debian sid/main amd64 libuchardet0 amd64 0.0.6-3 [64.9 kB]
Get:4 http://127.0.0.1:9999/debian sid/main amd64 groff-base amd64 1.22.4-2 [917 kB]
Get:5 http://127.0.0.1:9999/debian sid/main amd64 libpipeline1 amd64 1.5.0-2 [29.5 kB]
Get:6 http://127.0.0.1:9999/debian sid/main amd64 man-db amd64 2.8.5-1 [1274 kB]
Get:7 http://127.0.0.1:9999/debian sid/main amd64 sensible-utils all 0.0.12 [15.8 kB]
Get:8 http://127.0.0.1:9999/debian sid/main amd64 xxd amd64 2:8.1.0693-2 [139 kB]
Get:9 http://127.0.0.1:9999/debian sid/main amd64 vim-common all 2:8.1.0693-2 [190 kB]
Get:10 http://127.0.0.1:9999/debian sid/main amd64 libmagic-mgc amd64 1:5.34-2 [239 kB]
Get:11 http://127.0.0.1:9999/debian sid/main amd64 libmagic1 amd64 1:5.34-2 [116 kB]
Get:12 http://127.0.0.1:9999/debian sid/main amd64 file amd64 1:5.34-2 [65.8 kB]
Get:13 http://127.0.0.1:9999/debian sid/main amd64 gettext-base amd64 0.19.8.1-9 [123 kB]
Get:14 http://127.0.0.1:9999/debian sid/main amd64 libsigsegv2 amd64 2.12-2 [32.8 kB]
Get:15 http://127.0.0.1:9999/debian sid/main amd64 m4 amd64 1.4.18-2 [203 kB]
Get:16 http://127.0.0.1:9999/debian sid/main amd64 autoconf all 2.69-11 [341 kB]
Get:17 http://127.0.0.1:9999/debian sid/main amd64 autotools-dev all 20180224.1 [77.0 kB]
Get:18 http://127.0.0.1:9999/debian sid/main amd64 automake all 1:1.16.1-4 [771 kB]
Get:19 http://127.0.0.1:9999/debian sid/main amd64 autopoint all 0.19.8.1-9 [434 kB]
Get:20 http://127.0.0.1:9999/debian sid/main amd64 libtool all 2.4.6-6 [547 kB]
Get:21 http://127.0.0.1:9999/debian sid/main amd64 dh-autoreconf all 19 [16.9 kB]
Get:22 http://127.0.0.1:9999/debian sid/main amd64 libarchive-zip-perl all 1.64-1 [96.8 kB]
Get:23 http://127.0.0.1:9999/debian sid/main amd64 libfile-stripnondeterminism-perl all 1.0.0-1 [19.5 kB]
Get:24 http://127.0.0.1:9999/debian sid/main amd64 dh-strip-nondeterminism all 1.0.0-1 [12.5 kB]
Get:25 http://127.0.0.1:9999/debian sid/main amd64 libelf1 amd64 0.175-2 [160 kB]
Get:26 http://127.0.0.1:9999/debian sid/main amd64 dwz amd64 0.12-3 [78.0 kB]
Get:27 http://127.0.0.1:9999/debian sid/main amd64 libglib2.0-0 amd64 2.58.2-3 [1257 kB]
Get:28 http://127.0.0.1:9999/debian sid/main amd64 libicu63 amd64 63.1-5 [8293 kB]
Get:29 http://127.0.0.1:9999/debian sid/main amd64 libxml2 amd64 2.9.4+dfsg1-7+b3 [687 kB]
Get:30 http://127.0.0.1:9999/debian sid/main amd64 libcroco3 amd64 0.6.12-3 [145 kB]
Get:31 http://127.0.0.1:9999/debian sid/main amd64 libncurses6 amd64 6.1+20181013-1 [102 kB]
Get:32 http://127.0.0.1:9999/debian sid/main amd64 gettext amd64 0.19.8.1-9 [1303 kB]
Get:33 http://127.0.0.1:9999/debian sid/main amd64 intltool-debian all 0.35.0+20060710.4 [26.3 kB]
Get:34 http://127.0.0.1:9999/debian sid/main amd64 po-debconf all 1.0.21 [248 kB]
Get:35 http://127.0.0.1:9999/debian sid/main amd64 debhelper all 12 [1002 kB]
Get:36 http://127.0.0.1:9999/debian sid/main amd64 libgpm2 amd64 1.20.7-5 [35.1 kB]
Get:37 http://127.0.0.1:9999/debian sid/main amd64 libmagic-dev amd64 1:5.34-2 [127 kB]
Get:38 http://127.0.0.1:9999/debian sid/main amd64 libncurses-dev amd64 6.1+20181013-1 [333 kB]
Get:39 http://127.0.0.1:9999/debian sid/main amd64 libncursesw5-dev amd64 6.1+20181013-1 [944 B]
Get:40 http://127.0.0.1:9999/debian sid/main amd64 libpthread-stubs0-dev amd64 0.3-4 [3866 B]
Get:41 http://127.0.0.1:9999/debian sid/main amd64 libxau6 amd64 1:1.0.8-1+b2 [19.9 kB]
Get:42 http://127.0.0.1:9999/debian sid/main amd64 libxdmcp6 amd64 1:1.1.2-3 [26.3 kB]
Get:43 http://127.0.0.1:9999/debian sid/main amd64 libxcb1 amd64 1.13.1-2 [137 kB]
Get:44 http://127.0.0.1:9999/debian sid/main amd64 libx11-data all 2:1.6.7-1 [298 kB]
Get:45 http://127.0.0.1:9999/debian sid/main amd64 libx11-6 amd64 2:1.6.7-1 [754 kB]
Get:46 http://127.0.0.1:9999/debian sid/main amd64 xorg-sgml-doctools all 1:1.11-1 [21.9 kB]
Get:47 http://127.0.0.1:9999/debian sid/main amd64 x11proto-dev all 2018.4-4 [251 kB]
Get:48 http://127.0.0.1:9999/debian sid/main amd64 x11proto-core-dev all 2018.4-4 [3128 B]
Get:49 http://127.0.0.1:9999/debian sid/main amd64 libxau-dev amd64 1:1.0.8-1+b2 [23.1 kB]
Get:50 http://127.0.0.1:9999/debian sid/main amd64 libxdmcp-dev amd64 1:1.1.2-3 [42.2 kB]
Get:51 http://127.0.0.1:9999/debian sid/main amd64 xtrans-dev all 1.3.5-1 [100 kB]
Get:52 http://127.0.0.1:9999/debian sid/main amd64 libxcb1-dev amd64 1.13.1-2 [174 kB]
Get:53 http://127.0.0.1:9999/debian sid/main amd64 libx11-dev amd64 2:1.6.7-1 [827 kB]
Get:54 http://127.0.0.1:9999/debian sid/main amd64 vim-runtime all 2:8.1.0693-2 [5760 kB]
Get:55 http://127.0.0.1:9999/debian sid/main amd64 vim amd64 2:8.1.0693-2 [1272 kB]
debconf: delaying package configuration, since apt-utils is not installed
Fetched 29.4 MB in 1s (26.6 MB/s)
Selecting previously unselected package bsdmainutils.
(Reading database ... 12592 files and directories currently installed.)
Preparing to unpack .../00-bsdmainutils_11.1.2+b1_amd64.deb ...
Unpacking bsdmainutils (11.1.2+b1) ...
Selecting previously unselected package libuchardet0:amd64.
Preparing to unpack .../01-libuchardet0_0.0.6-3_amd64.deb ...
Unpacking libuchardet0:amd64 (0.0.6-3) ...
Selecting previously unselected package groff-base.
Preparing to unpack .../02-groff-base_1.22.4-2_amd64.deb ...
Unpacking groff-base (1.22.4-2) ...
Selecting previously unselected package libpipeline1:amd64.
Preparing to unpack .../03-libpipeline1_1.5.0-2_amd64.deb ...
Unpacking libpipeline1:amd64 (1.5.0-2) ...
Selecting previously unselected package man-db.
Preparing to unpack .../04-man-db_2.8.5-1_amd64.deb ...
Unpacking man-db (2.8.5-1) ...
Selecting previously unselected package sensible-utils.
Preparing to unpack .../05-sensible-utils_0.0.12_all.deb ...
Unpacking sensible-utils (0.0.12) ...
Selecting previously unselected package xxd.
Preparing to unpack .../06-xxd_2%3a8.1.0693-2_amd64.deb ...
Unpacking xxd (2:8.1.0693-2) ...
Selecting previously unselected package vim-common.
Preparing to unpack .../07-vim-common_2%3a8.1.0693-2_all.deb ...
Unpacking vim-common (2:8.1.0693-2) ...
Selecting previously unselected package libmagic-mgc.
Preparing to unpack .../08-libmagic-mgc_1%3a5.34-2_amd64.deb ...
Unpacking libmagic-mgc (1:5.34-2) ...
Selecting previously unselected package libmagic1:amd64.
Preparing to unpack .../09-libmagic1_1%3a5.34-2_amd64.deb ...
Unpacking libmagic1:amd64 (1:5.34-2) ...
Selecting previously unselected package file.
Preparing to unpack .../10-file_1%3a5.34-2_amd64.deb ...
Unpacking file (1:5.34-2) ...
Selecting previously unselected package gettext-base.
Preparing to unpack .../11-gettext-base_0.19.8.1-9_amd64.deb ...
Unpacking gettext-base (0.19.8.1-9) ...
Selecting previously unselected package libsigsegv2:amd64.
Preparing to unpack .../12-libsigsegv2_2.12-2_amd64.deb ...
Unpacking libsigsegv2:amd64 (2.12-2) ...
Selecting previously unselected package m4.
Preparing to unpack .../13-m4_1.4.18-2_amd64.deb ...
Unpacking m4 (1.4.18-2) ...
Selecting previously unselected package autoconf.
Preparing to unpack .../14-autoconf_2.69-11_all.deb ...
Unpacking autoconf (2.69-11) ...
Selecting previously unselected package autotools-dev.
Preparing to unpack .../15-autotools-dev_20180224.1_all.deb ...
Unpacking autotools-dev (20180224.1) ...
Selecting previously unselected package automake.
Preparing to unpack .../16-automake_1%3a1.16.1-4_all.deb ...
Unpacking automake (1:1.16.1-4) ...
Selecting previously unselected package autopoint.
Preparing to unpack .../17-autopoint_0.19.8.1-9_all.deb ...
Unpacking autopoint (0.19.8.1-9) ...
Selecting previously unselected package libtool.
Preparing to unpack .../18-libtool_2.4.6-6_all.deb ...
Unpacking libtool (2.4.6-6) ...
Selecting previously unselected package dh-autoreconf.
Preparing to unpack .../19-dh-autoreconf_19_all.deb ...
Unpacking dh-autoreconf (19) ...
Selecting previously unselected package libarchive-zip-perl.
Preparing to unpack .../20-libarchive-zip-perl_1.64-1_all.deb ...
Unpacking libarchive-zip-perl (1.64-1) ...
Selecting previously unselected package libfile-stripnondeterminism-perl.
Preparing to unpack .../21-libfile-stripnondeterminism-perl_1.0.0-1_all.deb ...
Unpacking libfile-stripnondeterminism-perl (1.0.0-1) ...
Selecting previously unselected package dh-strip-nondeterminism.
Preparing to unpack .../22-dh-strip-nondeterminism_1.0.0-1_all.deb ...
Unpacking dh-strip-nondeterminism (1.0.0-1) ...
Selecting previously unselected package libelf1:amd64.
Preparing to unpack .../23-libelf1_0.175-2_amd64.deb ...
Unpacking libelf1:amd64 (0.175-2) ...
Selecting previously unselected package dwz.
Preparing to unpack .../24-dwz_0.12-3_amd64.deb ...
Unpacking dwz (0.12-3) ...
Selecting previously unselected package libglib2.0-0:amd64.
Preparing to unpack .../25-libglib2.0-0_2.58.2-3_amd64.deb ...
Unpacking libglib2.0-0:amd64 (2.58.2-3) ...
Selecting previously unselected package libicu63:amd64.
Preparing to unpack .../26-libicu63_63.1-5_amd64.deb ...
Unpacking libicu63:amd64 (63.1-5) ...
Selecting previously unselected package libxml2:amd64.
Preparing to unpack .../27-libxml2_2.9.4+dfsg1-7+b3_amd64.deb ...
Unpacking libxml2:amd64 (2.9.4+dfsg1-7+b3) ...
Selecting previously unselected package libcroco3:amd64.
Preparing to unpack .../28-libcroco3_0.6.12-3_amd64.deb ...
Unpacking libcroco3:amd64 (0.6.12-3) ...
Selecting previously unselected package libncurses6:amd64.
Preparing to unpack .../29-libncurses6_6.1+20181013-1_amd64.deb ...
Unpacking libncurses6:amd64 (6.1+20181013-1) ...
Selecting previously unselected package gettext.
Preparing to unpack .../30-gettext_0.19.8.1-9_amd64.deb ...
Unpacking gettext (0.19.8.1-9) ...
Selecting previously unselected package intltool-debian.
Preparing to unpack .../31-intltool-debian_0.35.0+20060710.4_all.deb ...
Unpacking intltool-debian (0.35.0+20060710.4) ...
Selecting previously unselected package po-debconf.
Preparing to unpack .../32-po-debconf_1.0.21_all.deb ...
Unpacking po-debconf (1.0.21) ...
Selecting previously unselected package debhelper.
Preparing to unpack .../33-debhelper_12_all.deb ...
Unpacking debhelper (12) ...
Selecting previously unselected package libgpm2:amd64.
Preparing to unpack .../34-libgpm2_1.20.7-5_amd64.deb ...
Unpacking libgpm2:amd64 (1.20.7-5) ...
Selecting previously unselected package libmagic-dev:amd64.
Preparing to unpack .../35-libmagic-dev_1%3a5.34-2_amd64.deb ...
Unpacking libmagic-dev:amd64 (1:5.34-2) ...
Selecting previously unselected package libncurses-dev:amd64.
Preparing to unpack .../36-libncurses-dev_6.1+20181013-1_amd64.deb ...
Unpacking libncurses-dev:amd64 (6.1+20181013-1) ...
Selecting previously unselected package libncursesw5-dev:amd64.
Preparing to unpack .../37-libncursesw5-dev_6.1+20181013-1_amd64.deb ...
Unpacking libncursesw5-dev:amd64 (6.1+20181013-1) ...
Selecting previously unselected package libpthread-stubs0-dev:amd64.
Preparing to unpack .../38-libpthread-stubs0-dev_0.3-4_amd64.deb ...
Unpacking libpthread-stubs0-dev:amd64 (0.3-4) ...
Selecting previously unselected package libxau6:amd64.
Preparing to unpack .../39-libxau6_1%3a1.0.8-1+b2_amd64.deb ...
Unpacking libxau6:amd64 (1:1.0.8-1+b2) ...
Selecting previously unselected package libxdmcp6:amd64.
Preparing to unpack .../40-libxdmcp6_1%3a1.1.2-3_amd64.deb ...
Unpacking libxdmcp6:amd64 (1:1.1.2-3) ...
Selecting previously unselected package libxcb1:amd64.
Preparing to unpack .../41-libxcb1_1.13.1-2_amd64.deb ...
Unpacking libxcb1:amd64 (1.13.1-2) ...
Selecting previously unselected package libx11-data.
Preparing to unpack .../42-libx11-data_2%3a1.6.7-1_all.deb ...
Unpacking libx11-data (2:1.6.7-1) ...
Selecting previously unselected package libx11-6:amd64.
Preparing to unpack .../43-libx11-6_2%3a1.6.7-1_amd64.deb ...
Unpacking libx11-6:amd64 (2:1.6.7-1) ...
Selecting previously unselected package xorg-sgml-doctools.
Preparing to unpack .../44-xorg-sgml-doctools_1%3a1.11-1_all.deb ...
Unpacking xorg-sgml-doctools (1:1.11-1) ...
Selecting previously unselected package x11proto-dev.
Preparing to unpack .../45-x11proto-dev_2018.4-4_all.deb ...
Unpacking x11proto-dev (2018.4-4) ...
Selecting previously unselected package x11proto-core-dev.
Preparing to unpack .../46-x11proto-core-dev_2018.4-4_all.deb ...
Unpacking x11proto-core-dev (2018.4-4) ...
Selecting previously unselected package libxau-dev:amd64.
Preparing to unpack .../47-libxau-dev_1%3a1.0.8-1+b2_amd64.deb ...
Unpacking libxau-dev:amd64 (1:1.0.8-1+b2) ...
Selecting previously unselected package libxdmcp-dev:amd64.
Preparing to unpack .../48-libxdmcp-dev_1%3a1.1.2-3_amd64.deb ...
Unpacking libxdmcp-dev:amd64 (1:1.1.2-3) ...
Selecting previously unselected package xtrans-dev.
Preparing to unpack .../49-xtrans-dev_1.3.5-1_all.deb ...
Unpacking xtrans-dev (1.3.5-1) ...
Selecting previously unselected package libxcb1-dev:amd64.
Preparing to unpack .../50-libxcb1-dev_1.13.1-2_amd64.deb ...
Unpacking libxcb1-dev:amd64 (1.13.1-2) ...
Selecting previously unselected package libx11-dev:amd64.
Preparing to unpack .../51-libx11-dev_2%3a1.6.7-1_amd64.deb ...
Unpacking libx11-dev:amd64 (2:1.6.7-1) ...
Selecting previously unselected package vim-runtime.
Preparing to unpack .../52-vim-runtime_2%3a8.1.0693-2_all.deb ...
Adding 'diversion of /usr/share/vim/vim81/doc/help.txt to /usr/share/vim/vim81/doc/help.txt.vim-tiny by vim-runtime'
Adding 'diversion of /usr/share/vim/vim81/doc/tags to /usr/share/vim/vim81/doc/tags.vim-tiny by vim-runtime'
Unpacking vim-runtime (2:8.1.0693-2) ...
Selecting previously unselected package vim.
Preparing to unpack .../53-vim_2%3a8.1.0693-2_amd64.deb ...
Unpacking vim (2:8.1.0693-2) ...
Selecting previously unselected package sbuild-build-depends-vifm-dummy.
Preparing to unpack .../54-sbuild-build-depends-vifm-dummy_0.invalid.0_amd64.deb ...
Unpacking sbuild-build-depends-vifm-dummy (0.invalid.0) ...
Setting up libarchive-zip-perl (1.64-1) ...
Setting up libicu63:amd64 (63.1-5) ...
Setting up xxd (2:8.1.0693-2) ...
Setting up libsigsegv2:amd64 (2.12-2) ...
Setting up libgpm2:amd64 (1.20.7-5) ...
Setting up libpthread-stubs0-dev:amd64 (0.3-4) ...
Setting up libelf1:amd64 (0.175-2) ...
Setting up libglib2.0-0:amd64 (2.58.2-3) ...
No schema files found: doing nothing.
Setting up xorg-sgml-doctools (1:1.11-1) ...
Setting up gettext-base (0.19.8.1-9) ...
Setting up libpipeline1:amd64 (1.5.0-2) ...
Setting up m4 (1.4.18-2) ...
Setting up libxml2:amd64 (2.9.4+dfsg1-7+b3) ...
Setting up libuchardet0:amd64 (0.0.6-3) ...
Setting up x11proto-dev (2018.4-4) ...
Setting up libmagic-mgc (1:5.34-2) ...
Setting up libmagic1:amd64 (1:5.34-2) ...
Setting up libcroco3:amd64 (0.6.12-3) ...
Setting up sensible-utils (0.0.12) ...
Setting up xtrans-dev (1.3.5-1) ...
Processing triggers for libc-bin (2.28-4) ...
Setting up dwz (0.12-3) ...
Setting up autotools-dev (20180224.1) ...
Setting up vim-common (2:8.1.0693-2) ...
Setting up vim-runtime (2:8.1.0693-2) ...
Setting up libxdmcp6:amd64 (1:1.1.2-3) ...
Setting up bsdmainutils (11.1.2+b1) ...
update-alternatives: using /usr/bin/bsd-write to provide /usr/bin/write (write) in auto mode
update-alternatives: using /usr/bin/bsd-from to provide /usr/bin/from (from) in auto mode
Setting up libncurses6:amd64 (6.1+20181013-1) ...
Setting up libx11-data (2:1.6.7-1) ...
Setting up libxau6:amd64 (1:1.0.8-1+b2) ...
Setting up autopoint (0.19.8.1-9) ...
Setting up libfile-stripnondeterminism-perl (1.0.0-1) ...
Setting up x11proto-core-dev (2018.4-4) ...
Setting up libmagic-dev:amd64 (1:5.34-2) ...
Setting up gettext (0.19.8.1-9) ...
Setting up vim (2:8.1.0693-2) ...
update-alternatives: using /usr/bin/vim.basic to provide /usr/bin/vim (vim) in auto mode
update-alternatives: using /usr/bin/vim.basic to provide /usr/bin/vimdiff (vimdiff) in auto mode
update-alternatives: using /usr/bin/vim.basic to provide /usr/bin/rvim (rvim) in auto mode
update-alternatives: using /usr/bin/vim.basic to provide /usr/bin/rview (rview) in auto mode
update-alternatives: using /usr/bin/vim.basic to provide /usr/bin/vi (vi) in auto mode
update-alternatives: using /usr/bin/vim.basic to provide /usr/bin/view (view) in auto mode
update-alternatives: using /usr/bin/vim.basic to provide /usr/bin/ex (ex) in auto mode
update-alternatives: using /usr/bin/vim.basic to provide /usr/bin/editor (editor) in auto mode
Setting up groff-base (1.22.4-2) ...
Setting up libxau-dev:amd64 (1:1.0.8-1+b2) ...
Setting up autoconf (2.69-11) ...
Setting up file (1:5.34-2) ...
Setting up intltool-debian (0.35.0+20060710.4) ...
Setting up libxdmcp-dev:amd64 (1:1.1.2-3) ...
Setting up automake (1:1.16.1-4) ...
update-alternatives: using /usr/bin/automake-1.16 to provide /usr/bin/automake (automake) in auto mode
Setting up man-db (2.8.5-1) ...
Not building database; man-db/auto-update is not 'true'.
Setting up libncurses-dev:amd64 (6.1+20181013-1) ...
Setting up libxcb1:amd64 (1.13.1-2) ...
Setting up libtool (2.4.6-6) ...
Setting up po-debconf (1.0.21) ...
Setting up libx11-6:amd64 (2:1.6.7-1) ...
Setting up libncursesw5-dev:amd64 (6.1+20181013-1) ...
Setting up libxcb1-dev:amd64 (1.13.1-2) ...
Setting up libx11-dev:amd64 (2:1.6.7-1) ...
Setting up dh-strip-nondeterminism (1.0.0-1) ...
Setting up debhelper (12) ...
Setting up dh-autoreconf (19) ...
Setting up sbuild-build-depends-vifm-dummy (0.invalid.0) ...
Processing triggers for libc-bin (2.28-4) ...

+------------------------------------------------------------------------------+
| Build environment                                                            |
+------------------------------------------------------------------------------+

Kernel: Linux 4.9.0-8-amd64 amd64 (x86_64)
Toolchain package versions: binutils_2.31.1-11 dpkg-dev_1.19.2 g++-8_8.2.0-14 gcc-8_8.2.0-14 libc6-dev_2.28-4 libstdc++-8-dev_8.2.0-14 libstdc++6_8.2.0-14 linux-libc-dev_4.19.13-1
Package versions: adduser_3.118 apt_1.8.0~alpha3 autoconf_2.69-11 automake_1:1.16.1-4 autopoint_0.19.8.1-9 autotools-dev_20180224.1 base-files_10.1 base-passwd_3.5.45 bash_4.4.18-3.1 binutils_2.31.1-11 binutils-common_2.31.1-11 binutils-x86-64-linux-gnu_2.31.1-11 bsdmainutils_11.1.2+b1 bsdutils_1:2.33-0.2 build-essential_12.5 bzip2_1.0.6-9 clang-7_1:7.0.1-4 coreutils_8.30-1 cpp_4:8.2.0-2 cpp-8_8.2.0-14 dash_0.5.10.2-4 debconf_1.5.69 debhelper_12 debian-archive-keyring_2018.1 debianutils_4.8.6 dh-autoreconf_19 dh-strip-nondeterminism_1.0.0-1 diffutils_1:3.6-1 dpkg_1.19.2 dpkg-dev_1.19.2 dwz_0.12-3 e2fsprogs_1.44.5-1 fakeroot_1.23-1 fdisk_2.33-0.2 file_1:5.34-2 findutils_4.6.0+git+20181018-1 g++_4:8.2.0-2 g++-8_8.2.0-14 gcc_4:8.2.0-2 gcc-8_8.2.0-14 gcc-8-base_8.2.0-14 gettext_0.19.8.1-9 gettext-base_0.19.8.1-9 gpgv_2.2.12-1 grep_3.3-1 groff-base_1.22.4-2 gzip_1.9-3 hostname_3.21 init-system-helpers_1.56+nmu1 intltool-debian_0.35.0+20060710.4 lib32gcc1_1:8.2.0-14 lib32stdc++6_8.2.0-14 libacl1_2.2.52-3+b1 libapt-pkg5.0_1.8.0~alpha3 libarchive-zip-perl_1.64-1 libasan5_8.2.0-14 libatomic1_8.2.0-14 libattr1_1:2.4.47-2+b2 libaudit-common_1:2.8.4-2 libaudit1_1:2.8.4-2 libbinutils_2.31.1-11 libblkid1_2.33-0.2 libbsd0_0.9.1-1 libbz2-1.0_1.0.6-9 libc-bin_2.28-4 libc-dev-bin_2.28-4 libc6_2.28-4 libc6-dev_2.28-4 libc6-i386_2.28-4 libcap-ng0_0.7.9-1+b1 libcc1-0_8.2.0-14 libclang-common-7-dev_1:7.0.1-4 libclang1-7_1:7.0.1-4 libcom-err2_1.44.5-1 libcroco3_0.6.12-3 libdb5.3_5.3.28+dfsg1-0.2 libdebconfclient0_0.246 libdpkg-perl_1.19.2 libedit2_3.1-20181209-1 libelf1_0.175-2 libext2fs2_1.44.5-1 libfakeroot_1.23-1 libfdisk1_2.33-0.2 libffi6_3.2.1-9 libfile-stripnondeterminism-perl_1.0.0-1 libgc1c2_1:7.6.4-0.4 libgcc-8-dev_8.2.0-14 libgcc1_1:8.2.0-14 libgcrypt20_1.8.4-4 libgdbm-compat4_1.18.1-2 libgdbm6_1.18.1-2 libglib2.0-0_2.58.2-3 libgmp10_2:6.1.2+dfsg-4 libgnutls30_3.6.5-2 libgomp1_8.2.0-14 libgpg-error0_1.33-3 libgpm2_1.20.7-5 libhogweed4_3.4.1~rc1-1 libicu63_63.1-5 libidn2-0_2.0.5-1 libisl19_0.20-2 libitm1_8.2.0-14 libllvm7_1:7.0.1-4 liblsan0_8.2.0-14 liblz4-1_1.8.3-1 liblzma5_5.2.2-1.3 libmagic-dev_1:5.34-2 libmagic-mgc_1:5.34-2 libmagic1_1:5.34-2 libmount1_2.33-0.2 libmpc3_1.1.0-1 libmpfr6_4.0.2~rc1-1 libmpx2_8.2.0-14 libncurses-dev_6.1+20181013-1 libncurses6_6.1+20181013-1 libncursesw5-dev_6.1+20181013-1 libncursesw6_6.1+20181013-1 libnettle6_3.4.1~rc1-1 libobjc-8-dev_8.2.0-14 libobjc4_8.2.0-14 libomp-7-dev_1:7.0.1-4 libomp5-7_1:7.0.1-4 libp11-kit0_0.23.14-2 libpam-modules_1.1.8-4 libpam-modules-bin_1.1.8-4 libpam-runtime_1.1.8-4 libpam0g_1.1.8-4 libpcre3_2:8.39-11 libperl5.28_5.28.1-3 libpipeline1_1.5.0-2 libpthread-stubs0-dev_0.3-4 libquadmath0_8.2.0-14 libseccomp2_2.3.3-3 libselinux1_2.8-1+b1 libsemanage-common_2.8-2 libsemanage1_2.8-2 libsepol1_2.8-1 libsigsegv2_2.12-2 libsmartcols1_2.33-0.2 libss2_1.44.5-1 libstdc++-8-dev_8.2.0-14 libstdc++6_8.2.0-14 libsystemd0_240-2 libtasn1-6_4.13-3 libtinfo6_6.1+20181013-1 libtool_2.4.6-6 libtsan0_8.2.0-14 libubsan1_8.2.0-14 libuchardet0_0.0.6-3 libudev1_240-2 libunistring2_0.9.10-1 libuuid1_2.33-0.2 libx11-6_2:1.6.7-1 libx11-data_2:1.6.7-1 libx11-dev_2:1.6.7-1 libxau-dev_1:1.0.8-1+b2 libxau6_1:1.0.8-1+b2 libxcb1_1.13.1-2 libxcb1-dev_1.13.1-2 libxdmcp-dev_1:1.1.2-3 libxdmcp6_1:1.1.2-3 libxml2_2.9.4+dfsg1-7+b3 libzstd1_1.3.8+dfsg-3 linux-libc-dev_4.19.13-1 login_1:4.5-1.1 m4_1.4.18-2 make_4.2.1-1.2 man-db_2.8.5-1 mawk_1.3.3-17+b3 mount_2.33-0.2 ncurses-base_6.1+20181013-1 ncurses-bin_6.1+20181013-1 passwd_1:4.5-1.1 patch_2.7.6-3 perl_5.28.1-3 perl-base_5.28.1-3 perl-modules-5.28_5.28.1-3 po-debconf_1.0.21 sbuild-build-depends-core-dummy_0.invalid.0 sbuild-build-depends-vifm-dummy_0.invalid.0 sed_4.7-1 sensible-utils_0.0.12 sysvinit-utils_2.93-3 tar_1.30+dfsg-4 tzdata_2018i-1 util-linux_2.33-0.2 vim_2:8.1.0693-2 vim-common_2:8.1.0693-2 vim-runtime_2:8.1.0693-2 x11proto-core-dev_2018.4-4 x11proto-dev_2018.4-4 xorg-sgml-doctools_1:1.11-1 xtrans-dev_1.3.5-1 xxd_2:8.1.0693-2 xz-utils_5.2.2-1.3 zlib1g_1:1.2.11.dfsg-1

+------------------------------------------------------------------------------+
| Build                                                                        |
+------------------------------------------------------------------------------+


Unpack source
-------------

gpgv: unknown type of key resource 'trustedkeys.kbx'
gpgv: keyblock resource '/sbuild-nonexistent/.gnupg/trustedkeys.kbx': General error
gpgv: Signature made Fri Nov 23 12:19:26 2018 UTC
gpgv:                using RSA key 3D983C52EB85980C46A56090357312559D1E064B
gpgv: Can't check signature: No public key
dpkg-source: warning: failed to verify signature on ./vifm_0.10-1.dsc
dpkg-source: info: extracting vifm in /<<PKGBUILDDIR>>
dpkg-source: info: unpacking vifm_0.10.orig.tar.bz2
dpkg-source: info: unpacking vifm_0.10-1.debian.tar.xz
dpkg-source: info: using patch list from debian/patches/series
dpkg-source: info: applying perl-interpreter-fix.patch

Check disk space
----------------

Sufficient free space for build

User Environment
----------------

APT_CONFIG=/var/lib/sbuild/apt.conf
HOME=/sbuild-nonexistent
LANG=en_US.UTF-8
LC_ALL=POSIX
LOGNAME=user42
PATH=/usr/local/sbin:/usr/local/bin:/usr/sbin:/usr/bin:/sbin:/bin:/usr/games
SCHROOT_ALIAS_NAME=unstable
SCHROOT_CHROOT_NAME=sid-amd64-sbuild
SCHROOT_COMMAND=env
SCHROOT_GID=1001
SCHROOT_GROUP=user42
SCHROOT_SESSION_ID=sid-amd64-sbuild-5ed0d2e3-3c2d-48e5-9faf-dbd24def41cc
SCHROOT_UID=1001
SCHROOT_USER=user42
SHELL=/bin/sh
USER=user42

dpkg-buildpackage
-----------------

dpkg-buildpackage: info: source package vifm
dpkg-buildpackage: info: source version 0.10-1
dpkg-buildpackage: info: source distribution unstable
dpkg-buildpackage: info: source changed by Ondej Nov <onovy@debian.org>
 dpkg-source --before-build .
dpkg-buildpackage: info: host architecture amd64
 fakeroot debian/rules clean
dh clean
   dh_clean
 debian/rules build-arch
dh build-arch
   dh_update_autotools_config -a
   dh_autoreconf -a
src/Makefile.am:326: warning: filter-out version.o, $(vifm_OBJECTS: non-POSIX variable name
src/Makefile.am:326: (probably a GNU make extension)
   debian/rules override_dh_auto_configure
make[1]: Entering directory '/<<PKGBUILDDIR>>'
dh_auto_configure -- --with-X11 --with-dyn-X11 --without-gtk --disable-build-timestamp
	./configure --build=x86_64-linux-gnu --prefix=/usr --includedir=\${prefix}/include --mandir=\${prefix}/share/man --infodir=\${prefix}/share/info --sysconfdir=/etc --localstatedir=/var --disable-silent-rules --libdir=\${prefix}/lib/x86_64-linux-gnu --libexecdir=\${prefix}/lib/x86_64-linux-gnu --runstatedir=/run --disable-maintainer-mode --disable-dependency-tracking --with-X11 --with-dyn-X11 --without-gtk --disable-build-timestamp
configure: WARNING: unrecognized options: --disable-maintainer-mode
checking for a BSD-compatible install... /usr/bin/install -c
checking whether build environment is sane... yes
checking for a thread-safe mkdir -p... /bin/mkdir -p
checking for gawk... no
checking for mawk... mawk
checking whether make sets $(MAKE)... yes
checking whether make supports nested variables... yes
checking whether make supports the include directive... yes (GNU style)
checking for gcc... gcc
checking whether the C compiler works... yes
checking for C compiler default output file name... a.out
checking for suffix of executables... 
checking whether we are cross compiling... no
checking for suffix of object files... o
checking whether we are using the GNU C compiler... yes
checking whether gcc accepts -g... yes
checking for gcc option to accept ISO C89... none needed
checking whether gcc understands -c and -o together... yes
checking dependency style of gcc... none
checking how to run the C preprocessor... gcc -E
checking for grep that handles long lines and -e... /bin/grep
checking for egrep... /bin/grep -E
checking for ANSI C header files... yes
checking for sys/types.h... yes
checking for sys/stat.h... yes
checking for stdlib.h... yes
checking for string.h... yes
checking for memory.h... yes
checking for strings.h... yes
checking for inttypes.h... yes
checking for stdint.h... yes
checking for unistd.h... yes
checking minix/config.h usability... no
checking minix/config.h presence... no
checking for minix/config.h... no
checking whether it is safe to define __EXTENSIONS__... yes
checking for library containing strerror... none required
checking for gcc... (cached) gcc
checking whether we are using the GNU C compiler... (cached) yes
checking whether gcc accepts -g... (cached) yes
checking for gcc option to accept ISO C89... (cached) none needed
checking whether gcc understands -c and -o together... (cached) yes
checking dependency style of gcc... (cached) none
checking for gcc... (cached) gcc
checking whether we are using the GNU C compiler... (cached) yes
checking whether gcc accepts -g... (cached) yes
checking for gcc option to accept ISO C89... (cached) none needed
checking whether gcc understands -c and -o together... (cached) yes
checking dependency style of gcc... (cached) none
checking for ANSI C header files... (cached) yes
checking whether make supports nested variables... (cached) yes
checking build system type... x86_64-pc-linux-gnu
checking host system type... x86_64-pc-linux-gnu
checking host... x86_64-pc-linux-gnu
checking alloca.h usability... yes
checking alloca.h presence... yes
checking for alloca.h... yes
checking malloc.h usability... yes
checking malloc.h presence... yes
checking for malloc.h... yes
checking assert.h usability... yes
checking assert.h presence... yes
checking for assert.h... yes
checking ctype.h usability... yes
checking ctype.h presence... yes
checking for ctype.h... yes
checking dirent.h usability... yes
checking dirent.h presence... yes
checking for dirent.h... yes
checking errno.h usability... yes
checking errno.h presence... yes
checking for errno.h... yes
checking fcntl.h usability... yes
checking fcntl.h presence... yes
checking for fcntl.h... yes
checking grp.h usability... yes
checking grp.h presence... yes
checking for grp.h... yes
checking for inttypes.h... (cached) yes
checking limits.h usability... yes
checking limits.h presence... yes
checking for limits.h... yes
checking locale.h usability... yes
checking locale.h presence... yes
checking for locale.h... yes
checking math.h usability... yes
checking math.h presence... yes
checking for math.h... yes
checking mntent.h usability... yes
checking mntent.h presence... yes
checking for mntent.h... yes
checking pwd.h usability... yes
checking pwd.h presence... yes
checking for pwd.h... yes
checking signal.h usability... yes
checking signal.h presence... yes
checking for signal.h... yes
checking stdarg.h usability... yes
checking stdarg.h presence... yes
checking for stdarg.h... yes
checking stddef.h usability... yes
checking stddef.h presence... yes
checking for stddef.h... yes
checking for stdint.h... (cached) yes
checking stdio.h usability... yes
checking stdio.h presence... yes
checking for stdio.h... yes
checking for stdlib.h... (cached) yes
checking for string.h... (cached) yes
checking sys/ioctl.h usability... yes
checking sys/ioctl.h presence... yes
checking for sys/ioctl.h... yes
checking for sys/stat.h... (cached) yes
checking sys/time.h usability... yes
checking sys/time.h presence... yes
checking for sys/time.h... yes
checking for sys/types.h... (cached) yes
checking sys/wait.h usability... yes
checking sys/wait.h presence... yes
checking for sys/wait.h... yes
checking termios.h usability... yes
checking termios.h presence... yes
checking for termios.h... yes
checking time.h usability... yes
checking time.h presence... yes
checking for time.h... yes
checking for unistd.h... (cached) yes
checking wchar.h usability... yes
checking wchar.h presence... yes
checking for wchar.h... yes
checking wctype.h usability... yes
checking wctype.h presence... yes
checking for wctype.h... yes
checking for sys/param.h... yes
checking for sys/user.h... yes
checking for linux/binfmts.h... yes
checking for uid_t... yes
checking for gid_t... yes
checking for mode_t... yes
checking for off_t... yes
checking for time_t... yes
checking for uint64_t... yes
checking for direntry_t... no
checking for mntent... no
checking for stat... no
checking for FILE... yes
checking for wchar_t... yes
checking for access... yes
checking for atof... yes
checking for atoi... yes
checking for calloc... yes
checking for chdir... yes
checking for close... yes
checking for closedir... yes
checking for dup... yes
checking for dup2... yes
checking for endmntent... yes
checking for execve... yes
checking for execvp... yes
checking for exit... yes
checking for fclose... yes
checking for fdopen... yes
checking for feof... yes
checking for fgetc... yes
checking for fgets... yes
checking for fork... yes
checking for fprintf... yes
checking for fputc... yes
checking for fputs... yes
checking for free... yes
checking for futimens... yes
checking for fwrite... yes
checking for getcwd... yes
checking for getenv... yes
checking for geteuid... yes
checking for getgrent... yes
checking for getgrgid... yes
checking for getgrgid_r... yes
checking for getgrnam... yes
checking for getmntent... yes
checking for getpid... yes
checking for getppid... yes
checking for getpwent... yes
checking for getpwnam... yes
checking for getpwuid... yes
checking for getpwuid_r... yes
checking for ioctl... yes
checking for iswalnum... yes
checking for iswdigit... yes
checking for iswprint... yes
checking for iswspace... yes
checking for iswupper... yes
checking for kill... yes
checking for localtime... yes
checking for malloc... yes
checking for mbstowcs... yes
checking for memcmp... yes
checking for memcpy... yes
checking for memccpy... yes
checking for memmove... yes
checking for memset... yes
checking for mkdir... yes
checking for opendir... yes
checking for pathconf... yes
checking for pause... yes
checking for pclose... yes
checking for perror... yes
checking for pipe... yes
checking for popen... yes
checking for printf... yes
checking for puts... yes
checking for qsort... yes
checking for read... yes
checking for readlink... yes
checking for realloc... yes
checking for realpath... yes
checking for rename... yes
checking for rmdir... yes
checking for select... yes
checking for setenv... yes
checking for setgrent... yes
checking for setlocale... yes
checking for setmntent... yes
checking for setpgid... yes
checking for setpwent... yes
checking for setsid... yes
checking for setvbuf... yes
checking for sigaction... yes
checking for sigaddset... yes
checking for sigemptyset... yes
checking for signal... yes
checking for sigprocmask... yes
checking for snprintf... yes
checking for sprintf... yes
checking for strcasecmp... yes
checking for strcat... yes
checking for strchr... yes
checking for strcmp... yes
checking for strcpy... yes
checking for strdup... yes
checking for strerror... yes
checking for strftime... yes
checking for strlen... yes
checking for strncasecmp... yes
checking for strncat... yes
checking for strncmp... yes
checking for strncpy... yes
checking for strpbrk... yes
checking for strrchr... yes
checking for strspn... yes
checking for strstr... yes
checking for strtok_r... yes
checking for strtol... yes
checking for strtoll... yes
checking for strverscmp... yes
checking for sysconf... yes
checking for time... yes
checking for tolower... yes
checking for toupper... yes
checking for towupper... yes
checking for ungetc... yes
checking for unlink... yes
checking for unsetenv... yes
checking for utimes... yes
checking for vfprintf... yes
checking for vsnprintf... yes
checking for vswprintf... yes
checking for waitpid... yes
checking for wcscat... yes
checking for wcscmp... yes
checking for wcscpy... yes
checking for wcslen... yes
checking for wcsncmp... yes
checking for wcsncpy... yes
checking for wcstof... yes
checking for wcstol... yes
checking for wcstombs... yes
checking for wcswidth... yes
checking for wcwidth... yes
checking whether _PC_CASE_SENSITIVE is declared... no
checking regex.h usability... yes
checking regex.h presence... yes
checking for regex.h... yes
checking for regcomp... yes
checking for regerror... yes
checking for regexec... yes
checking for regfree... yes
checking for regex_t... yes
checking whether REG_EXTENDED is declared... yes
checking whether REG_ICASE is declared... yes
checking whether REG_NOMATCH is declared... yes
checking for struct stat.st_mtim... yes
checking for struct dirent.d_type... yes
checking for special C compiler options needed for large files... no
checking for _FILE_OFFSET_BITS value needed for large files... no
checking for _LARGEFILE_SOURCE value needed for large files... no
checking for off_t... (cached) yes
checking for file... 1
checking for groff... groff
checking for col... col
checking for awk... awk
checking for perl... perl
checking for sed... sed
checking for vim... vim
checking for git... no
checking whether C compiler accepts -Wall... yes
checking for pow in -lm... yes
checking for shm_open in -lrt... yes
checking whether C compiler accepts -pthread... yes
checking for pthread_create... yes
checking for pthread_getspecific... yes
checking for pthread_key_create... yes
checking for pthread_mutex_lock... yes
checking for pthread_mutex_unlock... yes
checking for pthread_once... yes
checking for pthread_setspecific... yes
checking for pthread_t... yes
checking for pthread_once_t... yes
checking for pthread_key_t... yes
checking for pthread_mutex_t... yes
checking whether PTHREAD_ONCE_INIT is declared... yes
checking whether PTHREAD_MUTEX_INITIALIZER is declared... yes
checking for initscr in -lncursesw... yes
checking for library containing curs_set... none required
checking curses.h usability... yes
checking curses.h presence... yes
checking for curses.h... yes
checking whether A_ITALIC is declared... yes
checking whether COLORS is declared... yes
checking whether COLOR_PAIR is declared... yes
checking whether TABSIZE is declared... yes
checking for curs_set... yes
checking for def_prog_mode... yes
checking for doupdate... yes
checking for endwin... yes
checking for flushinp... yes
checking for has_colors... yes
checking for init_pair... yes
checking for initscr... yes
checking for isendwin... yes
checking for keypad... yes
checking for mvwin... yes
checking for mvwprintw... yes
checking for newwin... yes
checking for noecho... yes
checking for nonl... yes
checking for raw... yes
checking for reset_prog_mode... yes
checking for resize_term... yes
checking for resizeterm... yes
checking for scrollok... yes
checking for set_escdelay... yes
checking for start_color... yes
checking for use_default_colors... yes
checking for waddch... yes
checking for waddnstr... yes
checking for waddnwstr... yes
checking for wattr_off... yes
checking for wattr_on... yes
checking for wbkgdset... yes
checking for wborder... yes
checking for wclrtoeol... yes
checking for werase... yes
checking for wget_wch... yes
checking for wgetch... yes
checking for wmove... yes
checking for wnoutrefresh... yes
checking for wprintw... yes
checking for wredrawln... yes
checking for wrefresh... yes
checking for wresize... yes
checking for wtimeout... yes
checking for wtouchln... yes
checking sys/inotify.h usability... yes
checking sys/inotify.h presence... yes
checking for sys/inotify.h... yes
checking whether IN_NONBLOCK is declared... yes
checking whether IN_CLOEXEC is declared... yes
checking whether IN_ATTRIB is declared... yes
checking whether IN_MODIFY is declared... yes
checking whether IN_CREATE is declared... yes
checking whether IN_DELETE is declared... yes
checking whether IN_MOVED_FROM is declared... yes
checking whether IN_MOVED_TO is declared... yes
checking whether IN_EXCL_UNLINK is declared... yes
checking whether IN_CLOSE_WRITE is declared... yes
checking whether IN_Q_OVERFLOW is declared... yes
checking for inotify_init1... yes
checking for inotify_add_watch... yes
checking for struct inotify_event... yes
checking for magic_open in -lmagic... yes
checking for magic_close... yes
checking for magic_file... yes
checking for magic_load... yes
checking for magic_open... yes
checking magic.h usability... yes
checking magic.h presence... yes
checking for magic.h... yes
checking whether MAGIC_MIME_TYPE is declared... yes
checking for dlopen in -ldl... yes
checking dlfcn.h usability... yes
checking dlfcn.h presence... yes
checking for dlfcn.h... yes
checking for dlsym... yes
checking for dlclose... yes
checking for XOpenDisplay in -lX11... yes
checking X11/Xlib.h usability... yes
checking X11/Xlib.h presence... yes
checking for X11/Xlib.h... yes
checking X11/Xutil.h usability... yes
checking X11/Xutil.h presence... yes
checking for X11/Xutil.h... yes
checking that generated files are newer than configure... done
configure: creating ./config.status
config.status: creating Makefile
config.status: creating src/Makefile
config.status: creating build-aux/config.h
config.status: executing depfiles commands
configure: WARNING: unrecognized options: --disable-maintainer-mode
make[1]: Leaving directory '/<<PKGBUILDDIR>>'
   dh_auto_build -a
	make -j4
make[1]: Entering directory '/<<PKGBUILDDIR>>'
Making all in src
make[2]: Entering directory '/<<PKGBUILDDIR>>/src'
gcc -DHAVE_CONFIG_H -I. -I../build-aux   -Wdate-time -D_FORTIFY_SOURCE=2 -I/usr/include/ncursesw  -g -O2 -fdebug-prefix-map=/<<PKGBUILDDIR>>=. -fstack-protector-strong -Wformat -Werror=format-security -fsigned-char -Wall -pthread  -include ../build-aux/config.h -c -o args.o args.c
gcc -DHAVE_CONFIG_H -I. -I../build-aux   -Wdate-time -D_FORTIFY_SOURCE=2 -I/usr/include/ncursesw  -g -O2 -fdebug-prefix-map=/<<PKGBUILDDIR>>=. -fstack-protector-strong -Wformat -Werror=format-security -fsigned-char -Wall -pthread  -include ../build-aux/config.h -c -o background.o background.c
gcc -DHAVE_CONFIG_H -I. -I../build-aux   -Wdate-time -D_FORTIFY_SOURCE=2 -I/usr/include/ncursesw  -g -O2 -fdebug-prefix-map=/<<PKGBUILDDIR>>=. -fstack-protector-strong -Wformat -Werror=format-security -fsigned-char -Wall -pthread  -include ../build-aux/config.h -c -o bmarks.o bmarks.c
gcc -DHAVE_CONFIG_H -I. -I../build-aux   -Wdate-time -D_FORTIFY_SOURCE=2 -I/usr/include/ncursesw  -g -O2 -fdebug-prefix-map=/<<PKGBUILDDIR>>=. -fstack-protector-strong -Wformat -Werror=format-security -fsigned-char -Wall -pthread  -include ../build-aux/config.h -c -o bracket_notation.o bracket_notation.c
gcc -DHAVE_CONFIG_H -I. -I../build-aux   -Wdate-time -D_FORTIFY_SOURCE=2 -I/usr/include/ncursesw  -g -O2 -fdebug-prefix-map=/<<PKGBUILDDIR>>=. -fstack-protector-strong -Wformat -Werror=format-security -fsigned-char -Wall -pthread  -include ../build-aux/config.h -c -o builtin_functions.o builtin_functions.c
gcc -DHAVE_CONFIG_H -I. -I../build-aux   -Wdate-time -D_FORTIFY_SOURCE=2 -I/usr/include/ncursesw  -g -O2 -fdebug-prefix-map=/<<PKGBUILDDIR>>=. -fstack-protector-strong -Wformat -Werror=format-security -fsigned-char -Wall -pthread  -include ../build-aux/config.h -c -o cmd_completion.o cmd_completion.c
gcc -DHAVE_CONFIG_H -I. -I../build-aux   -Wdate-time -D_FORTIFY_SOURCE=2 -I/usr/include/ncursesw  -g -O2 -fdebug-prefix-map=/<<PKGBUILDDIR>>=. -fstack-protector-strong -Wformat -Werror=format-security -fsigned-char -Wall -pthread  -include ../build-aux/config.h -c -o cmd_core.o cmd_core.c
gcc -DHAVE_CONFIG_H -I. -I../build-aux   -Wdate-time -D_FORTIFY_SOURCE=2 -I/usr/include/ncursesw  -g -O2 -fdebug-prefix-map=/<<PKGBUILDDIR>>=. -fstack-protector-strong -Wformat -Werror=format-security -fsigned-char -Wall -pthread  -include ../build-aux/config.h -c -o cmd_handlers.o cmd_handlers.c
gcc -DHAVE_CONFIG_H -I. -I../build-aux   -Wdate-time -D_FORTIFY_SOURCE=2 -I/usr/include/ncursesw  -g -O2 -fdebug-prefix-map=/<<PKGBUILDDIR>>=. -fstack-protector-strong -Wformat -Werror=format-security -fsigned-char -Wall -pthread  -include ../build-aux/config.h -c -o compare.o compare.c
gcc -DHAVE_CONFIG_H -I. -I../build-aux   -Wdate-time -D_FORTIFY_SOURCE=2 -I/usr/include/ncursesw  -g -O2 -fdebug-prefix-map=/<<PKGBUILDDIR>>=. -fstack-protector-strong -Wformat -Werror=format-security -fsigned-char -Wall -pthread  -include ../build-aux/config.h -c -o dir_stack.o dir_stack.c
gcc -DHAVE_CONFIG_H -I. -I../build-aux   -Wdate-time -D_FORTIFY_SOURCE=2 -I/usr/include/ncursesw  -g -O2 -fdebug-prefix-map=/<<PKGBUILDDIR>>=. -fstack-protector-strong -Wformat -Werror=format-security -fsigned-char -Wall -pthread  -include ../build-aux/config.h -c -o event_loop.o event_loop.c
gcc -DHAVE_CONFIG_H -I. -I../build-aux   -Wdate-time -D_FORTIFY_SOURCE=2 -I/usr/include/ncursesw  -g -O2 -fdebug-prefix-map=/<<PKGBUILDDIR>>=. -fstack-protector-strong -Wformat -Werror=format-security -fsigned-char -Wall -pthread  -include ../build-aux/config.h -c -o filelist.o filelist.c
gcc -DHAVE_CONFIG_H -I. -I../build-aux   -Wdate-time -D_FORTIFY_SOURCE=2 -I/usr/include/ncursesw  -g -O2 -fdebug-prefix-map=/<<PKGBUILDDIR>>=. -fstack-protector-strong -Wformat -Werror=format-security -fsigned-char -Wall -pthread  -include ../build-aux/config.h -c -o filename_modifiers.o filename_modifiers.c
gcc -DHAVE_CONFIG_H -I. -I../build-aux   -Wdate-time -D_FORTIFY_SOURCE=2 -I/usr/include/ncursesw  -g -O2 -fdebug-prefix-map=/<<PKGBUILDDIR>>=. -fstack-protector-strong -Wformat -Werror=format-security -fsigned-char -Wall -pthread  -include ../build-aux/config.h -c -o fops_common.o fops_common.c
gcc -DHAVE_CONFIG_H -I. -I../build-aux   -Wdate-time -D_FORTIFY_SOURCE=2 -I/usr/include/ncursesw  -g -O2 -fdebug-prefix-map=/<<PKGBUILDDIR>>=. -fstack-protector-strong -Wformat -Werror=format-security -fsigned-char -Wall -pthread  -include ../build-aux/config.h -c -o fops_cpmv.o fops_cpmv.c
gcc -DHAVE_CONFIG_H -I. -I../build-aux   -Wdate-time -D_FORTIFY_SOURCE=2 -I/usr/include/ncursesw  -g -O2 -fdebug-prefix-map=/<<PKGBUILDDIR>>=. -fstack-protector-strong -Wformat -Werror=format-security -fsigned-char -Wall -pthread  -include ../build-aux/config.h -c -o fops_misc.o fops_misc.c
gcc -DHAVE_CONFIG_H -I. -I../build-aux   -Wdate-time -D_FORTIFY_SOURCE=2 -I/usr/include/ncursesw  -g -O2 -fdebug-prefix-map=/<<PKGBUILDDIR>>=. -fstack-protector-strong -Wformat -Werror=format-security -fsigned-char -Wall -pthread  -include ../build-aux/config.h -c -o fops_put.o fops_put.c
gcc -DHAVE_CONFIG_H -I. -I../build-aux   -Wdate-time -D_FORTIFY_SOURCE=2 -I/usr/include/ncursesw  -g -O2 -fdebug-prefix-map=/<<PKGBUILDDIR>>=. -fstack-protector-strong -Wformat -Werror=format-security -fsigned-char -Wall -pthread  -include ../build-aux/config.h -c -o fops_rename.o fops_rename.c
gcc -DHAVE_CONFIG_H -I. -I../build-aux   -Wdate-time -D_FORTIFY_SOURCE=2 -I/usr/include/ncursesw  -g -O2 -fdebug-prefix-map=/<<PKGBUILDDIR>>=. -fstack-protector-strong -Wformat -Werror=format-security -fsigned-char -Wall -pthread  -include ../build-aux/config.h -c -o filetype.o filetype.c
gcc -DHAVE_CONFIG_H -I. -I../build-aux   -Wdate-time -D_FORTIFY_SOURCE=2 -I/usr/include/ncursesw  -g -O2 -fdebug-prefix-map=/<<PKGBUILDDIR>>=. -fstack-protector-strong -Wformat -Werror=format-security -fsigned-char -Wall -pthread  -include ../build-aux/config.h -c -o filtering.o filtering.c
gcc -DHAVE_CONFIG_H -I. -I../build-aux   -Wdate-time -D_FORTIFY_SOURCE=2 -I/usr/include/ncursesw  -g -O2 -fdebug-prefix-map=/<<PKGBUILDDIR>>=. -fstack-protector-strong -Wformat -Werror=format-security -fsigned-char -Wall -pthread  -include ../build-aux/config.h -c -o flist_hist.o flist_hist.c
gcc -DHAVE_CONFIG_H -I. -I../build-aux   -Wdate-time -D_FORTIFY_SOURCE=2 -I/usr/include/ncursesw  -g -O2 -fdebug-prefix-map=/<<PKGBUILDDIR>>=. -fstack-protector-strong -Wformat -Werror=format-security -fsigned-char -Wall -pthread  -include ../build-aux/config.h -c -o flist_pos.o flist_pos.c
gcc -DHAVE_CONFIG_H -I. -I../build-aux   -Wdate-time -D_FORTIFY_SOURCE=2 -I/usr/include/ncursesw  -g -O2 -fdebug-prefix-map=/<<PKGBUILDDIR>>=. -fstack-protector-strong -Wformat -Werror=format-security -fsigned-char -Wall -pthread  -include ../build-aux/config.h -c -o flist_sel.o flist_sel.c
gcc -DHAVE_CONFIG_H -I. -I../build-aux   -Wdate-time -D_FORTIFY_SOURCE=2 -I/usr/include/ncursesw  -g -O2 -fdebug-prefix-map=/<<PKGBUILDDIR>>=. -fstack-protector-strong -Wformat -Werror=format-security -fsigned-char -Wall -pthread  -include ../build-aux/config.h -c -o ipc.o ipc.c
gcc -DHAVE_CONFIG_H -I. -I../build-aux   -Wdate-time -D_FORTIFY_SOURCE=2 -I/usr/include/ncursesw  -g -O2 -fdebug-prefix-map=/<<PKGBUILDDIR>>=. -fstack-protector-strong -Wformat -Werror=format-security -fsigned-char -Wall -pthread  -include ../build-aux/config.h -c -o macros.o macros.c
gcc -DHAVE_CONFIG_H -I. -I../build-aux   -Wdate-time -D_FORTIFY_SOURCE=2 -I/usr/include/ncursesw  -g -O2 -fdebug-prefix-map=/<<PKGBUILDDIR>>=. -fstack-protector-strong -Wformat -Werror=format-security -fsigned-char -Wall -pthread  -include ../build-aux/config.h -c -o marks.o marks.c
gcc -DHAVE_CONFIG_H -I. -I../build-aux   -Wdate-time -D_FORTIFY_SOURCE=2 -I/usr/include/ncursesw  -g -O2 -fdebug-prefix-map=/<<PKGBUILDDIR>>=. -fstack-protector-strong -Wformat -Werror=format-security -fsigned-char -Wall -pthread  -include ../build-aux/config.h -c -o ops.o ops.c
gcc -DHAVE_CONFIG_H -I. -I../build-aux   -Wdate-time -D_FORTIFY_SOURCE=2 -I/usr/include/ncursesw  -g -O2 -fdebug-prefix-map=/<<PKGBUILDDIR>>=. -fstack-protector-strong -Wformat -Werror=format-security -fsigned-char -Wall -pthread  -include ../build-aux/config.h -c -o opt_handlers.o opt_handlers.c
gcc -DHAVE_CONFIG_H -I. -I../build-aux   -Wdate-time -D_FORTIFY_SOURCE=2 -I/usr/include/ncursesw  -g -O2 -fdebug-prefix-map=/<<PKGBUILDDIR>>=. -fstack-protector-strong -Wformat -Werror=format-security -fsigned-char -Wall -pthread  -include ../build-aux/config.h -c -o registers.o registers.c
gcc -DHAVE_CONFIG_H -I. -I../build-aux   -Wdate-time -D_FORTIFY_SOURCE=2 -I/usr/include/ncursesw  -g -O2 -fdebug-prefix-map=/<<PKGBUILDDIR>>=. -fstack-protector-strong -Wformat -Werror=format-security -fsigned-char -Wall -pthread  -include ../build-aux/config.h -c -o running.o running.c
gcc -DHAVE_CONFIG_H -I. -I../build-aux   -Wdate-time -D_FORTIFY_SOURCE=2 -I/usr/include/ncursesw  -g -O2 -fdebug-prefix-map=/<<PKGBUILDDIR>>=. -fstack-protector-strong -Wformat -Werror=format-security -fsigned-char -Wall -pthread  -include ../build-aux/config.h -c -o search.o search.c
gcc -DHAVE_CONFIG_H -I. -I../build-aux   -Wdate-time -D_FORTIFY_SOURCE=2 -I/usr/include/ncursesw  -g -O2 -fdebug-prefix-map=/<<PKGBUILDDIR>>=. -fstack-protector-strong -Wformat -Werror=format-security -fsigned-char -Wall -pthread  -include ../build-aux/config.h -c -o signals.o signals.c
gcc -DHAVE_CONFIG_H -I. -I../build-aux   -Wdate-time -D_FORTIFY_SOURCE=2 -I/usr/include/ncursesw  -g -O2 -fdebug-prefix-map=/<<PKGBUILDDIR>>=. -fstack-protector-strong -Wformat -Werror=format-security -fsigned-char -Wall -pthread  -include ../build-aux/config.h -c -o sort.o sort.c
gcc -DHAVE_CONFIG_H -I. -I../build-aux   -Wdate-time -D_FORTIFY_SOURCE=2 -I/usr/include/ncursesw  -g -O2 -fdebug-prefix-map=/<<PKGBUILDDIR>>=. -fstack-protector-strong -Wformat -Werror=format-security -fsigned-char -Wall -pthread  -include ../build-aux/config.h -c -o status.o status.c
mkdir -p ../data/vim/doc/app/; \
if [ -n "perl" ]; then \
	/<<PKGBUILDDIR>>/src/helpztags "/<<PKGBUILDDIR>>/src/../data/vim/doc/app"; \
elif [ -n "vim" ]; then \
	vim -e -s -c 'helptags /<<PKGBUILDDIR>>/src/../data/vim/doc/app|q'; \
else \
	touch /<<PKGBUILDDIR>>/src/../data/vim/doc/app/tags; \
fi
Processing /<<PKGBUILDDIR>>/src/../data/vim/doc/app
gcc -DHAVE_CONFIG_H -I. -I../build-aux   -Wdate-time -D_FORTIFY_SOURCE=2 -I/usr/include/ncursesw  -g -O2 -fdebug-prefix-map=/<<PKGBUILDDIR>>=. -fstack-protector-strong -Wformat -Werror=format-security -fsigned-char -Wall -pthread  -include ../build-aux/config.h -c -o trash.o trash.c
gcc -DHAVE_CONFIG_H -I. -I../build-aux   -Wdate-time -D_FORTIFY_SOURCE=2 -I/usr/include/ncursesw  -g -O2 -fdebug-prefix-map=/<<PKGBUILDDIR>>=. -fstack-protector-strong -Wformat -Werror=format-security -fsigned-char -Wall -pthread  -include ../build-aux/config.h -c -o types.o types.c
gcc -DHAVE_CONFIG_H -I. -I../build-aux   -Wdate-time -D_FORTIFY_SOURCE=2 -I/usr/include/ncursesw  -g -O2 -fdebug-prefix-map=/<<PKGBUILDDIR>>=. -fstack-protector-strong -Wformat -Werror=format-security -fsigned-char -Wall -pthread  -include ../build-aux/config.h -c -o undo.o undo.c
gcc -DHAVE_CONFIG_H -I. -I../build-aux   -Wdate-time -D_FORTIFY_SOURCE=2 -I/usr/include/ncursesw  -g -O2 -fdebug-prefix-map=/<<PKGBUILDDIR>>=. -fstack-protector-strong -Wformat -Werror=format-security -fsigned-char -Wall -pthread  -include ../build-aux/config.h -c -o viewcolumns_parser.o viewcolumns_parser.c
gcc -DHAVE_CONFIG_H -I. -I../build-aux   -Wdate-time -D_FORTIFY_SOURCE=2 -I/usr/include/ncursesw  -g -O2 -fdebug-prefix-map=/<<PKGBUILDDIR>>=. -fstack-protector-strong -Wformat -Werror=format-security -fsigned-char -Wall -pthread  -include ../build-aux/config.h -c -o vifm.o vifm.c
Updating build revision
mkdir -p ../data/; \
if [ -n "groff" -a -n "sed" ]; then \
	if [ -n "col" ]; then \
		groff -Tascii -man /<<PKGBUILDDIR>>/src/../data/man/vifm.1 | sed -e 's/\x1b\[[0-9]*m//g' -e 's/\x0d//g' | col -b >| '../data/vifm-help.txt'; \
	else \
		groff -Tascii -man /<<PKGBUILDDIR>>/src/../data/man/vifm.1 | sed -e 's/.\x08//g' -e 's/\x1b\[[0-9]*m//g' -e 's/\x0d//g' >| '../data/vifm-help.txt'; \
	fi \
fi
mkdir -p ../data/vim/doc/plugin/; \
if [ -n "perl" ]; then \
	/<<PKGBUILDDIR>>/src/helpztags "/<<PKGBUILDDIR>>/src/../data/vim/doc/plugin"; \
elif [ -n "vim" ]; then \
	vim -e -s -c 'helptags /<<PKGBUILDDIR>>/src/../data/vim/doc/plugin|q'; \
else \
	touch /<<PKGBUILDDIR>>/src/../data/vim/doc/plugin/tags; \
fi
Processing /<<PKGBUILDDIR>>/src/../data/vim/doc/plugin
gcc -DHAVE_CONFIG_H -I. -I../build-aux   -Wdate-time -D_FORTIFY_SOURCE=2 -I/usr/include/ncursesw  -g -O2 -fdebug-prefix-map=/<<PKGBUILDDIR>>=. -fstack-protector-strong -Wformat -Werror=format-security -fsigned-char -Wall -pthread  -include ../build-aux/config.h -c -o cfg/config.o cfg/config.c
gcc -DHAVE_CONFIG_H -I. -I../build-aux   -Wdate-time -D_FORTIFY_SOURCE=2 -I/usr/include/ncursesw  -g -O2 -fdebug-prefix-map=/<<PKGBUILDDIR>>=. -fstack-protector-strong -Wformat -Werror=format-security -fsigned-char -Wall -pthread  -include ../build-aux/config.h -c -o cfg/info.o cfg/info.c
gcc -DHAVE_CONFIG_H -I. -I../build-aux   -Wdate-time -D_FORTIFY_SOURCE=2 -I/usr/include/ncursesw  -g -O2 -fdebug-prefix-map=/<<PKGBUILDDIR>>=. -fstack-protector-strong -Wformat -Werror=format-security -fsigned-char -Wall -pthread  -include ../build-aux/config.h -c -o compat/curses.o compat/curses.c
gcc -DHAVE_CONFIG_H -I. -I../build-aux   -Wdate-time -D_FORTIFY_SOURCE=2 -I/usr/include/ncursesw  -g -O2 -fdebug-prefix-map=/<<PKGBUILDDIR>>=. -fstack-protector-strong -Wformat -Werror=format-security -fsigned-char -Wall -pthread  -include ../build-aux/config.h -c -o compat/dtype.o compat/dtype.c
gcc -DHAVE_CONFIG_H -I. -I../build-aux   -Wdate-time -D_FORTIFY_SOURCE=2 -I/usr/include/ncursesw  -g -O2 -fdebug-prefix-map=/<<PKGBUILDDIR>>=. -fstack-protector-strong -Wformat -Werror=format-security -fsigned-char -Wall -pthread  -include ../build-aux/config.h -c -o compat/getopt.o compat/getopt.c
gcc -DHAVE_CONFIG_H -I. -I../build-aux   -Wdate-time -D_FORTIFY_SOURCE=2 -I/usr/include/ncursesw  -g -O2 -fdebug-prefix-map=/<<PKGBUILDDIR>>=. -fstack-protector-strong -Wformat -Werror=format-security -fsigned-char -Wall -pthread  -include ../build-aux/config.h -c -o compat/getopt1.o compat/getopt1.c
gcc -DHAVE_CONFIG_H -I. -I../build-aux   -Wdate-time -D_FORTIFY_SOURCE=2 -I/usr/include/ncursesw  -g -O2 -fdebug-prefix-map=/<<PKGBUILDDIR>>=. -fstack-protector-strong -Wformat -Werror=format-security -fsigned-char -Wall -pthread  -include ../build-aux/config.h -c -o compat/mntent.o compat/mntent.c
gcc -DHAVE_CONFIG_H -I. -I../build-aux   -Wdate-time -D_FORTIFY_SOURCE=2 -I/usr/include/ncursesw  -g -O2 -fdebug-prefix-map=/<<PKGBUILDDIR>>=. -fstack-protector-strong -Wformat -Werror=format-security -fsigned-char -Wall -pthread  -include ../build-aux/config.h -c -o compat/os.o compat/os.c
gcc -DHAVE_CONFIG_H -I. -I../build-aux   -Wdate-time -D_FORTIFY_SOURCE=2 -I/usr/include/ncursesw  -g -O2 -fdebug-prefix-map=/<<PKGBUILDDIR>>=. -fstack-protector-strong -Wformat -Werror=format-security -fsigned-char -Wall -pthread  -include ../build-aux/config.h -c -o compat/pthread.o compat/pthread.c
gcc -DHAVE_CONFIG_H -I. -I../build-aux   -Wdate-time -D_FORTIFY_SOURCE=2 -I/usr/include/ncursesw  -g -O2 -fdebug-prefix-map=/<<PKGBUILDDIR>>=. -fstack-protector-strong -Wformat -Werror=format-security -fsigned-char -Wall -pthread  -include ../build-aux/config.h -c -o compat/reallocarray.o compat/reallocarray.c
gcc -DHAVE_CONFIG_H -I. -I../build-aux   -Wdate-time -D_FORTIFY_SOURCE=2 -I/usr/include/ncursesw  -g -O2 -fdebug-prefix-map=/<<PKGBUILDDIR>>=. -fstack-protector-strong -Wformat -Werror=format-security -fsigned-char -Wall -pthread  -include ../build-aux/config.h -c -o engine/abbrevs.o engine/abbrevs.c
gcc -DHAVE_CONFIG_H -I. -I../build-aux   -Wdate-time -D_FORTIFY_SOURCE=2 -I/usr/include/ncursesw  -g -O2 -fdebug-prefix-map=/<<PKGBUILDDIR>>=. -fstack-protector-strong -Wformat -Werror=format-security -fsigned-char -Wall -pthread  -include ../build-aux/config.h -c -o engine/autocmds.o engine/autocmds.c
gcc -DHAVE_CONFIG_H -I. -I../build-aux   -Wdate-time -D_FORTIFY_SOURCE=2 -I/usr/include/ncursesw  -g -O2 -fdebug-prefix-map=/<<PKGBUILDDIR>>=. -fstack-protector-strong -Wformat -Werror=format-security -fsigned-char -Wall -pthread  -include ../build-aux/config.h -c -o engine/cmds.o engine/cmds.c
gcc -DHAVE_CONFIG_H -I. -I../build-aux   -Wdate-time -D_FORTIFY_SOURCE=2 -I/usr/include/ncursesw  -g -O2 -fdebug-prefix-map=/<<PKGBUILDDIR>>=. -fstack-protector-strong -Wformat -Werror=format-security -fsigned-char -Wall -pthread  -include ../build-aux/config.h -c -o engine/completion.o engine/completion.c
gcc -DHAVE_CONFIG_H -I. -I../build-aux   -Wdate-time -D_FORTIFY_SOURCE=2 -I/usr/include/ncursesw  -g -O2 -fdebug-prefix-map=/<<PKGBUILDDIR>>=. -fstack-protector-strong -Wformat -Werror=format-security -fsigned-char -Wall -pthread  -include ../build-aux/config.h -c -o engine/functions.o engine/functions.c
gcc -DHAVE_CONFIG_H -I. -I../build-aux   -Wdate-time -D_FORTIFY_SOURCE=2 -I/usr/include/ncursesw  -g -O2 -fdebug-prefix-map=/<<PKGBUILDDIR>>=. -fstack-protector-strong -Wformat -Werror=format-security -fsigned-char -Wall -pthread  -include ../build-aux/config.h -c -o engine/keys.o engine/keys.c
gcc -DHAVE_CONFIG_H -I. -I../build-aux   -Wdate-time -D_FORTIFY_SOURCE=2 -I/usr/include/ncursesw  -g -O2 -fdebug-prefix-map=/<<PKGBUILDDIR>>=. -fstack-protector-strong -Wformat -Werror=format-security -fsigned-char -Wall -pthread  -include ../build-aux/config.h -c -o engine/mode.o engine/mode.c
gcc -DHAVE_CONFIG_H -I. -I../build-aux   -Wdate-time -D_FORTIFY_SOURCE=2 -I/usr/include/ncursesw  -g -O2 -fdebug-prefix-map=/<<PKGBUILDDIR>>=. -fstack-protector-strong -Wformat -Werror=format-security -fsigned-char -Wall -pthread  -include ../build-aux/config.h -c -o engine/options.o engine/options.c
gcc -DHAVE_CONFIG_H -I. -I../build-aux   -Wdate-time -D_FORTIFY_SOURCE=2 -I/usr/include/ncursesw  -g -O2 -fdebug-prefix-map=/<<PKGBUILDDIR>>=. -fstack-protector-strong -Wformat -Werror=format-security -fsigned-char -Wall -pthread  -include ../build-aux/config.h -c -o engine/parsing.o engine/parsing.c
gcc -DHAVE_CONFIG_H -I. -I../build-aux   -Wdate-time -D_FORTIFY_SOURCE=2 -I/usr/include/ncursesw  -g -O2 -fdebug-prefix-map=/<<PKGBUILDDIR>>=. -fstack-protector-strong -Wformat -Werror=format-security -fsigned-char -Wall -pthread  -include ../build-aux/config.h -c -o engine/text_buffer.o engine/text_buffer.c
gcc -DHAVE_CONFIG_H -I. -I../build-aux   -Wdate-time -D_FORTIFY_SOURCE=2 -I/usr/include/ncursesw  -g -O2 -fdebug-prefix-map=/<<PKGBUILDDIR>>=. -fstack-protector-strong -Wformat -Werror=format-security -fsigned-char -Wall -pthread  -include ../build-aux/config.h -c -o engine/var.o engine/var.c
gcc -DHAVE_CONFIG_H -I. -I../build-aux   -Wdate-time -D_FORTIFY_SOURCE=2 -I/usr/include/ncursesw  -g -O2 -fdebug-prefix-map=/<<PKGBUILDDIR>>=. -fstack-protector-strong -Wformat -Werror=format-security -fsigned-char -Wall -pthread  -include ../build-aux/config.h -c -o engine/variables.o engine/variables.c
gcc -DHAVE_CONFIG_H -I. -I../build-aux   -Wdate-time -D_FORTIFY_SOURCE=2 -I/usr/include/ncursesw  -g -O2 -fdebug-prefix-map=/<<PKGBUILDDIR>>=. -fstack-protector-strong -Wformat -Werror=format-security -fsigned-char -Wall -pthread  -include ../build-aux/config.h -c -o int/desktop.o int/desktop.c
gcc -DHAVE_CONFIG_H -I. -I../build-aux   -Wdate-time -D_FORTIFY_SOURCE=2 -I/usr/include/ncursesw  -g -O2 -fdebug-prefix-map=/<<PKGBUILDDIR>>=. -fstack-protector-strong -Wformat -Werror=format-security -fsigned-char -Wall -pthread  -include ../build-aux/config.h -c -o int/file_magic.o int/file_magic.c
gcc -DHAVE_CONFIG_H -I. -I../build-aux   -Wdate-time -D_FORTIFY_SOURCE=2 -I/usr/include/ncursesw  -g -O2 -fdebug-prefix-map=/<<PKGBUILDDIR>>=. -fstack-protector-strong -Wformat -Werror=format-security -fsigned-char -Wall -pthread  -include ../build-aux/config.h -c -o int/fuse.o int/fuse.c
gcc -DHAVE_CONFIG_H -I. -I../build-aux   -Wdate-time -D_FORTIFY_SOURCE=2 -I/usr/include/ncursesw  -g -O2 -fdebug-prefix-map=/<<PKGBUILDDIR>>=. -fstack-protector-strong -Wformat -Werror=format-security -fsigned-char -Wall -pthread  -include ../build-aux/config.h -c -o int/path_env.o int/path_env.c
gcc -DHAVE_CONFIG_H -I. -I../build-aux   -Wdate-time -D_FORTIFY_SOURCE=2 -I/usr/include/ncursesw  -g -O2 -fdebug-prefix-map=/<<PKGBUILDDIR>>=. -fstack-protector-strong -Wformat -Werror=format-security -fsigned-char -Wall -pthread  -include ../build-aux/config.h -c -o int/term_title.o int/term_title.c
gcc -DHAVE_CONFIG_H -I. -I../build-aux   -Wdate-time -D_FORTIFY_SOURCE=2 -I/usr/include/ncursesw  -g -O2 -fdebug-prefix-map=/<<PKGBUILDDIR>>=. -fstack-protector-strong -Wformat -Werror=format-security -fsigned-char -Wall -pthread  -include ../build-aux/config.h -c -o int/vim.o int/vim.c
gcc -DHAVE_CONFIG_H -I. -I../build-aux   -Wdate-time -D_FORTIFY_SOURCE=2 -I/usr/include/ncursesw  -g -O2 -fdebug-prefix-map=/<<PKGBUILDDIR>>=. -fstack-protector-strong -Wformat -Werror=format-security -fsigned-char -Wall -pthread  -include ../build-aux/config.h -c -o io/ioe.o io/ioe.c
gcc -DHAVE_CONFIG_H -I. -I../build-aux   -Wdate-time -D_FORTIFY_SOURCE=2 -I/usr/include/ncursesw  -g -O2 -fdebug-prefix-map=/<<PKGBUILDDIR>>=. -fstack-protector-strong -Wformat -Werror=format-security -fsigned-char -Wall -pthread  -include ../build-aux/config.h -c -o io/ioeta.o io/ioeta.c
gcc -DHAVE_CONFIG_H -I. -I../build-aux   -Wdate-time -D_FORTIFY_SOURCE=2 -I/usr/include/ncursesw  -g -O2 -fdebug-prefix-map=/<<PKGBUILDDIR>>=. -fstack-protector-strong -Wformat -Werror=format-security -fsigned-char -Wall -pthread  -include ../build-aux/config.h -c -o io/iop.o io/iop.c
gcc -DHAVE_CONFIG_H -I. -I../build-aux   -Wdate-time -D_FORTIFY_SOURCE=2 -I/usr/include/ncursesw  -g -O2 -fdebug-prefix-map=/<<PKGBUILDDIR>>=. -fstack-protector-strong -Wformat -Werror=format-security -fsigned-char -Wall -pthread  -include ../build-aux/config.h -c -o io/ior.o io/ior.c
gcc -DHAVE_CONFIG_H -I. -I../build-aux   -Wdate-time -D_FORTIFY_SOURCE=2 -I/usr/include/ncursesw  -g -O2 -fdebug-prefix-map=/<<PKGBUILDDIR>>=. -fstack-protector-strong -Wformat -Werror=format-security -fsigned-char -Wall -pthread  -include ../build-aux/config.h -c -o io/private/ioc.o io/private/ioc.c
gcc -DHAVE_CONFIG_H -I. -I../build-aux   -Wdate-time -D_FORTIFY_SOURCE=2 -I/usr/include/ncursesw  -g -O2 -fdebug-prefix-map=/<<PKGBUILDDIR>>=. -fstack-protector-strong -Wformat -Werror=format-security -fsigned-char -Wall -pthread  -include ../build-aux/config.h -c -o io/private/ioe.o io/private/ioe.c
gcc -DHAVE_CONFIG_H -I. -I../build-aux   -Wdate-time -D_FORTIFY_SOURCE=2 -I/usr/include/ncursesw  -g -O2 -fdebug-prefix-map=/<<PKGBUILDDIR>>=. -fstack-protector-strong -Wformat -Werror=format-security -fsigned-char -Wall -pthread  -include ../build-aux/config.h -c -o io/private/ioeta.o io/private/ioeta.c
gcc -DHAVE_CONFIG_H -I. -I../build-aux   -Wdate-time -D_FORTIFY_SOURCE=2 -I/usr/include/ncursesw  -g -O2 -fdebug-prefix-map=/<<PKGBUILDDIR>>=. -fstack-protector-strong -Wformat -Werror=format-security -fsigned-char -Wall -pthread  -include ../build-aux/config.h -c -o io/private/ionotif.o io/private/ionotif.c
gcc -DHAVE_CONFIG_H -I. -I../build-aux   -Wdate-time -D_FORTIFY_SOURCE=2 -I/usr/include/ncursesw  -g -O2 -fdebug-prefix-map=/<<PKGBUILDDIR>>=. -fstack-protector-strong -Wformat -Werror=format-security -fsigned-char -Wall -pthread  -include ../build-aux/config.h -c -o io/private/traverser.o io/private/traverser.c
gcc -DHAVE_CONFIG_H -I. -I../build-aux   -Wdate-time -D_FORTIFY_SOURCE=2 -I/usr/include/ncursesw  -g -O2 -fdebug-prefix-map=/<<PKGBUILDDIR>>=. -fstack-protector-strong -Wformat -Werror=format-security -fsigned-char -Wall -pthread  -include ../build-aux/config.h -c -o menus/apropos_menu.o menus/apropos_menu.c
gcc -DHAVE_CONFIG_H -I. -I../build-aux   -Wdate-time -D_FORTIFY_SOURCE=2 -I/usr/include/ncursesw  -g -O2 -fdebug-prefix-map=/<<PKGBUILDDIR>>=. -fstack-protector-strong -Wformat -Werror=format-security -fsigned-char -Wall -pthread  -include ../build-aux/config.h -c -o menus/bmarks_menu.o menus/bmarks_menu.c
gcc -DHAVE_CONFIG_H -I. -I../build-aux   -Wdate-time -D_FORTIFY_SOURCE=2 -I/usr/include/ncursesw  -g -O2 -fdebug-prefix-map=/<<PKGBUILDDIR>>=. -fstack-protector-strong -Wformat -Werror=format-security -fsigned-char -Wall -pthread  -include ../build-aux/config.h -c -o menus/cabbrevs_menu.o menus/cabbrevs_menu.c
gcc -DHAVE_CONFIG_H -I. -I../build-aux   -Wdate-time -D_FORTIFY_SOURCE=2 -I/usr/include/ncursesw  -g -O2 -fdebug-prefix-map=/<<PKGBUILDDIR>>=. -fstack-protector-strong -Wformat -Werror=format-security -fsigned-char -Wall -pthread  -include ../build-aux/config.h -c -o menus/colorscheme_menu.o menus/colorscheme_menu.c
gcc -DHAVE_CONFIG_H -I. -I../build-aux   -Wdate-time -D_FORTIFY_SOURCE=2 -I/usr/include/ncursesw  -g -O2 -fdebug-prefix-map=/<<PKGBUILDDIR>>=. -fstack-protector-strong -Wformat -Werror=format-security -fsigned-char -Wall -pthread  -include ../build-aux/config.h -c -o menus/commands_menu.o menus/commands_menu.c
gcc -DHAVE_CONFIG_H -I. -I../build-aux   -Wdate-time -D_FORTIFY_SOURCE=2 -I/usr/include/ncursesw  -g -O2 -fdebug-prefix-map=/<<PKGBUILDDIR>>=. -fstack-protector-strong -Wformat -Werror=format-security -fsigned-char -Wall -pthread  -include ../build-aux/config.h -c -o menus/dirhistory_menu.o menus/dirhistory_menu.c
gcc -DHAVE_CONFIG_H -I. -I../build-aux   -Wdate-time -D_FORTIFY_SOURCE=2 -I/usr/include/ncursesw  -g -O2 -fdebug-prefix-map=/<<PKGBUILDDIR>>=. -fstack-protector-strong -Wformat -Werror=format-security -fsigned-char -Wall -pthread  -include ../build-aux/config.h -c -o menus/dirstack_menu.o menus/dirstack_menu.c
gcc -DHAVE_CONFIG_H -I. -I../build-aux   -Wdate-time -D_FORTIFY_SOURCE=2 -I/usr/include/ncursesw  -g -O2 -fdebug-prefix-map=/<<PKGBUILDDIR>>=. -fstack-protector-strong -Wformat -Werror=format-security -fsigned-char -Wall -pthread  -include ../build-aux/config.h -c -o menus/filetypes_menu.o menus/filetypes_menu.c
gcc -DHAVE_CONFIG_H -I. -I../build-aux   -Wdate-time -D_FORTIFY_SOURCE=2 -I/usr/include/ncursesw  -g -O2 -fdebug-prefix-map=/<<PKGBUILDDIR>>=. -fstack-protector-strong -Wformat -Werror=format-security -fsigned-char -Wall -pthread  -include ../build-aux/config.h -c -o menus/find_menu.o menus/find_menu.c
gcc -DHAVE_CONFIG_H -I. -I../build-aux   -Wdate-time -D_FORTIFY_SOURCE=2 -I/usr/include/ncursesw  -g -O2 -fdebug-prefix-map=/<<PKGBUILDDIR>>=. -fstack-protector-strong -Wformat -Werror=format-security -fsigned-char -Wall -pthread  -include ../build-aux/config.h -c -o menus/grep_menu.o menus/grep_menu.c
gcc -DHAVE_CONFIG_H -I. -I../build-aux   -Wdate-time -D_FORTIFY_SOURCE=2 -I/usr/include/ncursesw  -g -O2 -fdebug-prefix-map=/<<PKGBUILDDIR>>=. -fstack-protector-strong -Wformat -Werror=format-security -fsigned-char -Wall -pthread  -include ../build-aux/config.h -c -o menus/history_menu.o menus/history_menu.c
gcc -DHAVE_CONFIG_H -I. -I../build-aux   -Wdate-time -D_FORTIFY_SOURCE=2 -I/usr/include/ncursesw  -g -O2 -fdebug-prefix-map=/<<PKGBUILDDIR>>=. -fstack-protector-strong -Wformat -Werror=format-security -fsigned-char -Wall -pthread  -include ../build-aux/config.h -c -o menus/jobs_menu.o menus/jobs_menu.c
gcc -DHAVE_CONFIG_H -I. -I../build-aux   -Wdate-time -D_FORTIFY_SOURCE=2 -I/usr/include/ncursesw  -g -O2 -fdebug-prefix-map=/<<PKGBUILDDIR>>=. -fstack-protector-strong -Wformat -Werror=format-security -fsigned-char -Wall -pthread  -include ../build-aux/config.h -c -o menus/locate_menu.o menus/locate_menu.c
gcc -DHAVE_CONFIG_H -I. -I../build-aux   -Wdate-time -D_FORTIFY_SOURCE=2 -I/usr/include/ncursesw  -g -O2 -fdebug-prefix-map=/<<PKGBUILDDIR>>=. -fstack-protector-strong -Wformat -Werror=format-security -fsigned-char -Wall -pthread  -include ../build-aux/config.h -c -o menus/trash_menu.o menus/trash_menu.c
gcc -DHAVE_CONFIG_H -I. -I../build-aux   -Wdate-time -D_FORTIFY_SOURCE=2 -I/usr/include/ncursesw  -g -O2 -fdebug-prefix-map=/<<PKGBUILDDIR>>=. -fstack-protector-strong -Wformat -Werror=format-security -fsigned-char -Wall -pthread  -include ../build-aux/config.h -c -o menus/trashes_menu.o menus/trashes_menu.c
gcc -DHAVE_CONFIG_H -I. -I../build-aux   -Wdate-time -D_FORTIFY_SOURCE=2 -I/usr/include/ncursesw  -g -O2 -fdebug-prefix-map=/<<PKGBUILDDIR>>=. -fstack-protector-strong -Wformat -Werror=format-security -fsigned-char -Wall -pthread  -include ../build-aux/config.h -c -o menus/map_menu.o menus/map_menu.c
gcc -DHAVE_CONFIG_H -I. -I../build-aux   -Wdate-time -D_FORTIFY_SOURCE=2 -I/usr/include/ncursesw  -g -O2 -fdebug-prefix-map=/<<PKGBUILDDIR>>=. -fstack-protector-strong -Wformat -Werror=format-security -fsigned-char -Wall -pthread  -include ../build-aux/config.h -c -o menus/marks_menu.o menus/marks_menu.c
gcc -DHAVE_CONFIG_H -I. -I../build-aux   -Wdate-time -D_FORTIFY_SOURCE=2 -I/usr/include/ncursesw  -g -O2 -fdebug-prefix-map=/<<PKGBUILDDIR>>=. -fstack-protector-strong -Wformat -Werror=format-security -fsigned-char -Wall -pthread  -include ../build-aux/config.h -c -o menus/media_menu.o menus/media_menu.c
gcc -DHAVE_CONFIG_H -I. -I../build-aux   -Wdate-time -D_FORTIFY_SOURCE=2 -I/usr/include/ncursesw  -g -O2 -fdebug-prefix-map=/<<PKGBUILDDIR>>=. -fstack-protector-strong -Wformat -Werror=format-security -fsigned-char -Wall -pthread  -include ../build-aux/config.h -c -o menus/menus.o menus/menus.c
gcc -DHAVE_CONFIG_H -I. -I../build-aux   -Wdate-time -D_FORTIFY_SOURCE=2 -I/usr/include/ncursesw  -g -O2 -fdebug-prefix-map=/<<PKGBUILDDIR>>=. -fstack-protector-strong -Wformat -Werror=format-security -fsigned-char -Wall -pthread  -include ../build-aux/config.h -c -o menus/registers_menu.o menus/registers_menu.c
gcc -DHAVE_CONFIG_H -I. -I../build-aux   -Wdate-time -D_FORTIFY_SOURCE=2 -I/usr/include/ncursesw  -g -O2 -fdebug-prefix-map=/<<PKGBUILDDIR>>=. -fstack-protector-strong -Wformat -Werror=format-security -fsigned-char -Wall -pthread  -include ../build-aux/config.h -c -o menus/undolist_menu.o menus/undolist_menu.c
gcc -DHAVE_CONFIG_H -I. -I../build-aux   -Wdate-time -D_FORTIFY_SOURCE=2 -I/usr/include/ncursesw  -g -O2 -fdebug-prefix-map=/<<PKGBUILDDIR>>=. -fstack-protector-strong -Wformat -Werror=format-security -fsigned-char -Wall -pthread  -include ../build-aux/config.h -c -o menus/users_menu.o menus/users_menu.c
gcc -DHAVE_CONFIG_H -I. -I../build-aux   -Wdate-time -D_FORTIFY_SOURCE=2 -I/usr/include/ncursesw  -g -O2 -fdebug-prefix-map=/<<PKGBUILDDIR>>=. -fstack-protector-strong -Wformat -Werror=format-security -fsigned-char -Wall -pthread  -include ../build-aux/config.h -c -o menus/vifm_menu.o menus/vifm_menu.c
gcc -DHAVE_CONFIG_H -I. -I../build-aux   -Wdate-time -D_FORTIFY_SOURCE=2 -I/usr/include/ncursesw  -g -O2 -fdebug-prefix-map=/<<PKGBUILDDIR>>=. -fstack-protector-strong -Wformat -Werror=format-security -fsigned-char -Wall -pthread  -include ../build-aux/config.h -c -o modes/dialogs/attr_dialog_nix.o modes/dialogs/attr_dialog_nix.c
gcc -DHAVE_CONFIG_H -I. -I../build-aux   -Wdate-time -D_FORTIFY_SOURCE=2 -I/usr/include/ncursesw  -g -O2 -fdebug-prefix-map=/<<PKGBUILDDIR>>=. -fstack-protector-strong -Wformat -Werror=format-security -fsigned-char -Wall -pthread  -include ../build-aux/config.h -c -o modes/dialogs/change_dialog.o modes/dialogs/change_dialog.c
gcc -DHAVE_CONFIG_H -I. -I../build-aux   -Wdate-time -D_FORTIFY_SOURCE=2 -I/usr/include/ncursesw  -g -O2 -fdebug-prefix-map=/<<PKGBUILDDIR>>=. -fstack-protector-strong -Wformat -Werror=format-security -fsigned-char -Wall -pthread  -include ../build-aux/config.h -c -o modes/dialogs/msg_dialog.o modes/dialogs/msg_dialog.c
gcc -DHAVE_CONFIG_H -I. -I../build-aux   -Wdate-time -D_FORTIFY_SOURCE=2 -I/usr/include/ncursesw  -g -O2 -fdebug-prefix-map=/<<PKGBUILDDIR>>=. -fstack-protector-strong -Wformat -Werror=format-security -fsigned-char -Wall -pthread  -include ../build-aux/config.h -c -o modes/dialogs/sort_dialog.o modes/dialogs/sort_dialog.c
gcc -DHAVE_CONFIG_H -I. -I../build-aux   -Wdate-time -D_FORTIFY_SOURCE=2 -I/usr/include/ncursesw  -g -O2 -fdebug-prefix-map=/<<PKGBUILDDIR>>=. -fstack-protector-strong -Wformat -Werror=format-security -fsigned-char -Wall -pthread  -include ../build-aux/config.h -c -o modes/cmdline.o modes/cmdline.c
gcc -DHAVE_CONFIG_H -I. -I../build-aux   -Wdate-time -D_FORTIFY_SOURCE=2 -I/usr/include/ncursesw  -g -O2 -fdebug-prefix-map=/<<PKGBUILDDIR>>=. -fstack-protector-strong -Wformat -Werror=format-security -fsigned-char -Wall -pthread  -include ../build-aux/config.h -c -o modes/file_info.o modes/file_info.c
gcc -DHAVE_CONFIG_H -I. -I../build-aux   -Wdate-time -D_FORTIFY_SOURCE=2 -I/usr/include/ncursesw  -g -O2 -fdebug-prefix-map=/<<PKGBUILDDIR>>=. -fstack-protector-strong -Wformat -Werror=format-security -fsigned-char -Wall -pthread  -include ../build-aux/config.h -c -o modes/menu.o modes/menu.c
gcc -DHAVE_CONFIG_H -I. -I../build-aux   -Wdate-time -D_FORTIFY_SOURCE=2 -I/usr/include/ncursesw  -g -O2 -fdebug-prefix-map=/<<PKGBUILDDIR>>=. -fstack-protector-strong -Wformat -Werror=format-security -fsigned-char -Wall -pthread  -include ../build-aux/config.h -c -o modes/modes.o modes/modes.c
gcc -DHAVE_CONFIG_H -I. -I../build-aux   -Wdate-time -D_FORTIFY_SOURCE=2 -I/usr/include/ncursesw  -g -O2 -fdebug-prefix-map=/<<PKGBUILDDIR>>=. -fstack-protector-strong -Wformat -Werror=format-security -fsigned-char -Wall -pthread  -include ../build-aux/config.h -c -o modes/more.o modes/more.c
gcc -DHAVE_CONFIG_H -I. -I../build-aux   -Wdate-time -D_FORTIFY_SOURCE=2 -I/usr/include/ncursesw  -g -O2 -fdebug-prefix-map=/<<PKGBUILDDIR>>=. -fstack-protector-strong -Wformat -Werror=format-security -fsigned-char -Wall -pthread  -include ../build-aux/config.h -c -o modes/normal.o modes/normal.c
gcc -DHAVE_CONFIG_H -I. -I../build-aux   -Wdate-time -D_FORTIFY_SOURCE=2 -I/usr/include/ncursesw  -g -O2 -fdebug-prefix-map=/<<PKGBUILDDIR>>=. -fstack-protector-strong -Wformat -Werror=format-security -fsigned-char -Wall -pthread  -include ../build-aux/config.h -c -o modes/view.o modes/view.c
gcc -DHAVE_CONFIG_H -I. -I../build-aux   -Wdate-time -D_FORTIFY_SOURCE=2 -I/usr/include/ncursesw  -g -O2 -fdebug-prefix-map=/<<PKGBUILDDIR>>=. -fstack-protector-strong -Wformat -Werror=format-security -fsigned-char -Wall -pthread  -include ../build-aux/config.h -c -o modes/visual.o modes/visual.c
gcc -DHAVE_CONFIG_H -I. -I../build-aux   -Wdate-time -D_FORTIFY_SOURCE=2 -I/usr/include/ncursesw  -g -O2 -fdebug-prefix-map=/<<PKGBUILDDIR>>=. -fstack-protector-strong -Wformat -Werror=format-security -fsigned-char -Wall -pthread  -include ../build-aux/config.h -c -o ui/cancellation.o ui/cancellation.c
gcc -DHAVE_CONFIG_H -I. -I../build-aux   -Wdate-time -D_FORTIFY_SOURCE=2 -I/usr/include/ncursesw  -g -O2 -fdebug-prefix-map=/<<PKGBUILDDIR>>=. -fstack-protector-strong -Wformat -Werror=format-security -fsigned-char -Wall -pthread  -include ../build-aux/config.h -c -o ui/color_manager.o ui/color_manager.c
gcc -DHAVE_CONFIG_H -I. -I../build-aux   -Wdate-time -D_FORTIFY_SOURCE=2 -I/usr/include/ncursesw  -g -O2 -fdebug-prefix-map=/<<PKGBUILDDIR>>=. -fstack-protector-strong -Wformat -Werror=format-security -fsigned-char -Wall -pthread  -include ../build-aux/config.h -c -o ui/color_scheme.o ui/color_scheme.c
gcc -DHAVE_CONFIG_H -I. -I../build-aux   -Wdate-time -D_FORTIFY_SOURCE=2 -I/usr/include/ncursesw  -g -O2 -fdebug-prefix-map=/<<PKGBUILDDIR>>=. -fstack-protector-strong -Wformat -Werror=format-security -fsigned-char -Wall -pthread  -include ../build-aux/config.h -c -o ui/column_view.o ui/column_view.c
gcc -DHAVE_CONFIG_H -I. -I../build-aux   -Wdate-time -D_FORTIFY_SOURCE=2 -I/usr/include/ncursesw  -g -O2 -fdebug-prefix-map=/<<PKGBUILDDIR>>=. -fstack-protector-strong -Wformat -Werror=format-security -fsigned-char -Wall -pthread  -include ../build-aux/config.h -c -o ui/escape.o ui/escape.c
gcc -DHAVE_CONFIG_H -I. -I../build-aux   -Wdate-time -D_FORTIFY_SOURCE=2 -I/usr/include/ncursesw  -g -O2 -fdebug-prefix-map=/<<PKGBUILDDIR>>=. -fstack-protector-strong -Wformat -Werror=format-security -fsigned-char -Wall -pthread  -include ../build-aux/config.h -c -o ui/fileview.o ui/fileview.c
gcc -DHAVE_CONFIG_H -I. -I../build-aux   -Wdate-time -D_FORTIFY_SOURCE=2 -I/usr/include/ncursesw  -g -O2 -fdebug-prefix-map=/<<PKGBUILDDIR>>=. -fstack-protector-strong -Wformat -Werror=format-security -fsigned-char -Wall -pthread  -include ../build-aux/config.h -c -o ui/quickview.o ui/quickview.c
gcc -DHAVE_CONFIG_H -I. -I../build-aux   -Wdate-time -D_FORTIFY_SOURCE=2 -I/usr/include/ncursesw  -g -O2 -fdebug-prefix-map=/<<PKGBUILDDIR>>=. -fstack-protector-strong -Wformat -Werror=format-security -fsigned-char -Wall -pthread  -include ../build-aux/config.h -c -o ui/statusbar.o ui/statusbar.c
gcc -DHAVE_CONFIG_H -I. -I../build-aux   -Wdate-time -D_FORTIFY_SOURCE=2 -I/usr/include/ncursesw  -g -O2 -fdebug-prefix-map=/<<PKGBUILDDIR>>=. -fstack-protector-strong -Wformat -Werror=format-security -fsigned-char -Wall -pthread  -include ../build-aux/config.h -c -o ui/statusline.o ui/statusline.c
ui/statusbar.c:93:2: warning: 'vwprintw' is deprecated [-Wdeprecated-declarations]
        vwprintw(status_bar, format, ap);
        ^
/usr/include/ncursesw/curses.h:816:70: note: 'vwprintw' has been explicitly marked deprecated here
extern NCURSES_EXPORT(int) vwprintw (WINDOW *, const char *,va_list) GCC_DEPRECATED(use vw_printw);     /* implemented */
                                                                     ^
/usr/include/ncursesw/curses.h:585:44: note: expanded from macro 'GCC_DEPRECATED'
#define GCC_DEPRECATED(msg) __attribute__((deprecated))
                                           ^
1 warning generated.
gcc -DHAVE_CONFIG_H -I. -I../build-aux   -Wdate-time -D_FORTIFY_SOURCE=2 -I/usr/include/ncursesw  -g -O2 -fdebug-prefix-map=/<<PKGBUILDDIR>>=. -fstack-protector-strong -Wformat -Werror=format-security -fsigned-char -Wall -pthread  -include ../build-aux/config.h -c -o ui/tabs.o ui/tabs.c
gcc -DHAVE_CONFIG_H -I. -I../build-aux   -Wdate-time -D_FORTIFY_SOURCE=2 -I/usr/include/ncursesw  -g -O2 -fdebug-prefix-map=/<<PKGBUILDDIR>>=. -fstack-protector-strong -Wformat -Werror=format-security -fsigned-char -Wall -pthread  -include ../build-aux/config.h -c -o ui/ui.o ui/ui.c
gcc -DHAVE_CONFIG_H -I. -I../build-aux   -Wdate-time -D_FORTIFY_SOURCE=2 -I/usr/include/ncursesw  -g -O2 -fdebug-prefix-map=/<<PKGBUILDDIR>>=. -fstack-protector-strong -Wformat -Werror=format-security -fsigned-char -Wall -pthread  -include ../build-aux/config.h -c -o utils/cancellation.o utils/cancellation.c
gcc -DHAVE_CONFIG_H -I. -I../build-aux   -Wdate-time -D_FORTIFY_SOURCE=2 -I/usr/include/ncursesw  -g -O2 -fdebug-prefix-map=/<<PKGBUILDDIR>>=. -fstack-protector-strong -Wformat -Werror=format-security -fsigned-char -Wall -pthread  -include ../build-aux/config.h -c -o utils/dynarray.o utils/dynarray.c
gcc -DHAVE_CONFIG_H -I. -I../build-aux   -Wdate-time -D_FORTIFY_SOURCE=2 -I/usr/include/ncursesw  -g -O2 -fdebug-prefix-map=/<<PKGBUILDDIR>>=. -fstack-protector-strong -Wformat -Werror=format-security -fsigned-char -Wall -pthread  -include ../build-aux/config.h -c -o utils/env.o utils/env.c
gcc -DHAVE_CONFIG_H -I. -I../build-aux   -Wdate-time -D_FORTIFY_SOURCE=2 -I/usr/include/ncursesw  -g -O2 -fdebug-prefix-map=/<<PKGBUILDDIR>>=. -fstack-protector-strong -Wformat -Werror=format-security -fsigned-char -Wall -pthread  -include ../build-aux/config.h -c -o utils/file_streams.o utils/file_streams.c
gcc -DHAVE_CONFIG_H -I. -I../build-aux   -Wdate-time -D_FORTIFY_SOURCE=2 -I/usr/include/ncursesw  -g -O2 -fdebug-prefix-map=/<<PKGBUILDDIR>>=. -fstack-protector-strong -Wformat -Werror=format-security -fsigned-char -Wall -pthread  -include ../build-aux/config.h -c -o utils/filemon.o utils/filemon.c
gcc -DHAVE_CONFIG_H -I. -I../build-aux   -Wdate-time -D_FORTIFY_SOURCE=2 -I/usr/include/ncursesw  -g -O2 -fdebug-prefix-map=/<<PKGBUILDDIR>>=. -fstack-protector-strong -Wformat -Werror=format-security -fsigned-char -Wall -pthread  -include ../build-aux/config.h -c -o utils/filter.o utils/filter.c
gcc -DHAVE_CONFIG_H -I. -I../build-aux   -Wdate-time -D_FORTIFY_SOURCE=2 -I/usr/include/ncursesw  -g -O2 -fdebug-prefix-map=/<<PKGBUILDDIR>>=. -fstack-protector-strong -Wformat -Werror=format-security -fsigned-char -Wall -pthread  -include ../build-aux/config.h -c -o utils/fs.o utils/fs.c
gcc -DHAVE_CONFIG_H -I. -I../build-aux   -Wdate-time -D_FORTIFY_SOURCE=2 -I/usr/include/ncursesw  -g -O2 -fdebug-prefix-map=/<<PKGBUILDDIR>>=. -fstack-protector-strong -Wformat -Werror=format-security -fsigned-char -Wall -pthread  -include ../build-aux/config.h -c -o utils/fsdata.o utils/fsdata.c
gcc -DHAVE_CONFIG_H -I. -I../build-aux   -Wdate-time -D_FORTIFY_SOURCE=2 -I/usr/include/ncursesw  -g -O2 -fdebug-prefix-map=/<<PKGBUILDDIR>>=. -fstack-protector-strong -Wformat -Werror=format-security -fsigned-char -Wall -pthread  -include ../build-aux/config.h -c -o utils/fsddata.o utils/fsddata.c
gcc -DHAVE_CONFIG_H -I. -I../build-aux   -Wdate-time -D_FORTIFY_SOURCE=2 -I/usr/include/ncursesw  -g -O2 -fdebug-prefix-map=/<<PKGBUILDDIR>>=. -fstack-protector-strong -Wformat -Werror=format-security -fsigned-char -Wall -pthread  -include ../build-aux/config.h -c -o utils/fswatch_nix.o utils/fswatch_nix.c
gcc -DHAVE_CONFIG_H -I. -I../build-aux   -Wdate-time -D_FORTIFY_SOURCE=2 -I/usr/include/ncursesw  -g -O2 -fdebug-prefix-map=/<<PKGBUILDDIR>>=. -fstack-protector-strong -Wformat -Werror=format-security -fsigned-char -Wall -pthread  -include ../build-aux/config.h -c -o utils/globs.o utils/globs.c
gcc -DHAVE_CONFIG_H -I. -I../build-aux   -Wdate-time -D_FORTIFY_SOURCE=2 -I/usr/include/ncursesw  -g -O2 -fdebug-prefix-map=/<<PKGBUILDDIR>>=. -fstack-protector-strong -Wformat -Werror=format-security -fsigned-char -Wall -pthread  -include ../build-aux/config.h -c -o utils/gmux_nix.o utils/gmux_nix.c
gcc -DHAVE_CONFIG_H -I. -I../build-aux   -Wdate-time -D_FORTIFY_SOURCE=2 -I/usr/include/ncursesw  -g -O2 -fdebug-prefix-map=/<<PKGBUILDDIR>>=. -fstack-protector-strong -Wformat -Werror=format-security -fsigned-char -Wall -pthread  -include ../build-aux/config.h -c -o utils/hist.o utils/hist.c
gcc -DHAVE_CONFIG_H -I. -I../build-aux   -Wdate-time -D_FORTIFY_SOURCE=2 -I/usr/include/ncursesw  -g -O2 -fdebug-prefix-map=/<<PKGBUILDDIR>>=. -fstack-protector-strong -Wformat -Werror=format-security -fsigned-char -Wall -pthread  -include ../build-aux/config.h -c -o utils/int_stack.o utils/int_stack.c
gcc -DHAVE_CONFIG_H -I. -I../build-aux   -Wdate-time -D_FORTIFY_SOURCE=2 -I/usr/include/ncursesw  -g -O2 -fdebug-prefix-map=/<<PKGBUILDDIR>>=. -fstack-protector-strong -Wformat -Werror=format-security -fsigned-char -Wall -pthread  -include ../build-aux/config.h -c -o utils/log.o utils/log.c
gcc -DHAVE_CONFIG_H -I. -I../build-aux   -Wdate-time -D_FORTIFY_SOURCE=2 -I/usr/include/ncursesw  -g -O2 -fdebug-prefix-map=/<<PKGBUILDDIR>>=. -fstack-protector-strong -Wformat -Werror=format-security -fsigned-char -Wall -pthread  -include ../build-aux/config.h -c -o utils/matcher.o utils/matcher.c
gcc -DHAVE_CONFIG_H -I. -I../build-aux   -Wdate-time -D_FORTIFY_SOURCE=2 -I/usr/include/ncursesw  -g -O2 -fdebug-prefix-map=/<<PKGBUILDDIR>>=. -fstack-protector-strong -Wformat -Werror=format-security -fsigned-char -Wall -pthread  -include ../build-aux/config.h -c -o utils/matchers.o utils/matchers.c
gcc -DHAVE_CONFIG_H -I. -I../build-aux   -Wdate-time -D_FORTIFY_SOURCE=2 -I/usr/include/ncursesw  -g -O2 -fdebug-prefix-map=/<<PKGBUILDDIR>>=. -fstack-protector-strong -Wformat -Werror=format-security -fsigned-char -Wall -pthread  -include ../build-aux/config.h -c -o utils/path.o utils/path.c
gcc -DHAVE_CONFIG_H -I. -I../build-aux   -Wdate-time -D_FORTIFY_SOURCE=2 -I/usr/include/ncursesw  -g -O2 -fdebug-prefix-map=/<<PKGBUILDDIR>>=. -fstack-protector-strong -Wformat -Werror=format-security -fsigned-char -Wall -pthread  -include ../build-aux/config.h -c -o utils/regexp.o utils/regexp.c
gcc -DHAVE_CONFIG_H -I. -I../build-aux   -Wdate-time -D_FORTIFY_SOURCE=2 -I/usr/include/ncursesw  -g -O2 -fdebug-prefix-map=/<<PKGBUILDDIR>>=. -fstack-protector-strong -Wformat -Werror=format-security -fsigned-char -Wall -pthread  -include ../build-aux/config.h -c -o utils/shmem_nix.o utils/shmem_nix.c
gcc -DHAVE_CONFIG_H -I. -I../build-aux   -Wdate-time -D_FORTIFY_SOURCE=2 -I/usr/include/ncursesw  -g -O2 -fdebug-prefix-map=/<<PKGBUILDDIR>>=. -fstack-protector-strong -Wformat -Werror=format-security -fsigned-char -Wall -pthread  -include ../build-aux/config.h -c -o utils/str.o utils/str.c
gcc -DHAVE_CONFIG_H -I. -I../build-aux   -Wdate-time -D_FORTIFY_SOURCE=2 -I/usr/include/ncursesw  -g -O2 -fdebug-prefix-map=/<<PKGBUILDDIR>>=. -fstack-protector-strong -Wformat -Werror=format-security -fsigned-char -Wall -pthread  -include ../build-aux/config.h -c -o utils/string_array.o utils/string_array.c
gcc -DHAVE_CONFIG_H -I. -I../build-aux   -Wdate-time -D_FORTIFY_SOURCE=2 -I/usr/include/ncursesw  -g -O2 -fdebug-prefix-map=/<<PKGBUILDDIR>>=. -fstack-protector-strong -Wformat -Werror=format-security -fsigned-char -Wall -pthread  -include ../build-aux/config.h -c -o utils/trie.o utils/trie.c
gcc -DHAVE_CONFIG_H -I. -I../build-aux   -Wdate-time -D_FORTIFY_SOURCE=2 -I/usr/include/ncursesw  -g -O2 -fdebug-prefix-map=/<<PKGBUILDDIR>>=. -fstack-protector-strong -Wformat -Werror=format-security -fsigned-char -Wall -pthread  -include ../build-aux/config.h -c -o utils/utf8.o utils/utf8.c
gcc -DHAVE_CONFIG_H -I. -I../build-aux   -Wdate-time -D_FORTIFY_SOURCE=2 -I/usr/include/ncursesw  -g -O2 -fdebug-prefix-map=/<<PKGBUILDDIR>>=. -fstack-protector-strong -Wformat -Werror=format-security -fsigned-char -Wall -pthread  -include ../build-aux/config.h -c -o utils/utils.o utils/utils.c
gcc -DHAVE_CONFIG_H -I. -I../build-aux   -Wdate-time -D_FORTIFY_SOURCE=2 -I/usr/include/ncursesw  -g -O2 -fdebug-prefix-map=/<<PKGBUILDDIR>>=. -fstack-protector-strong -Wformat -Werror=format-security -fsigned-char -Wall -pthread  -include ../build-aux/config.h -c -o utils/utils_nix.o utils/utils_nix.c
if [ -s /<<PKGBUILDDIR>>/src/../data/vim/doc/app/tags -a -n "awk" ]; then \
	awk ' \
		BEGIN { \
			print "const char *tags[] = {" \
		} \
		{ \
			print "\t\"" $1 "\"," \
		} \
		END { \
			print "\t0,\n};" \
		} \
	' /<<PKGBUILDDIR>>/src/../data/vim/doc/app/tags > tags.c; \
elif [ '/<<PKGBUILDDIR>>/src' != '/<<PKGBUILDDIR>>/src' ]; then \
	echo 'const char *tags[] = {};' > tags.c; \
fi
gcc -DHAVE_CONFIG_H -I. -I../build-aux   -Wdate-time -D_FORTIFY_SOURCE=2 -I/usr/include/ncursesw  -g -O2 -fdebug-prefix-map=/<<PKGBUILDDIR>>=. -fstack-protector-strong -Wformat -Werror=format-security -fsigned-char -Wall -pthread  -include ../build-aux/config.h -c -o compile_info.o compile_info.c
gcc -DHAVE_CONFIG_H -I. -I../build-aux   -Wdate-time -D_FORTIFY_SOURCE=2 -I/usr/include/ncursesw  -g -O2 -fdebug-prefix-map=/<<PKGBUILDDIR>>=. -fstack-protector-strong -Wformat -Werror=format-security -fsigned-char -Wall -pthread  -include ../build-aux/config.h -c -o tags.o tags.c
utils/utils_nix.c:1015:2: warning: ignoring return value of function declared with 'warn_unused_result' attribute [-Wunused-result]
        chown(path, st->st_uid, st->st_gid);
        ^~~~~ ~~~~~~~~~~~~~~~~~~~~~~~~~~~~
1 warning generated.
gcc -DHAVE_CONFIG_H -I. -I../build-aux   -Wdate-time -D_FORTIFY_SOURCE=2 -I/usr/include/ncursesw  -g -O2 -fdebug-prefix-map=/<<PKGBUILDDIR>>=. -fstack-protector-strong -Wformat -Werror=format-security -fsigned-char -Wall -pthread  -include ../build-aux/config.h -c -o version.o version.c
gcc  -g -O2 -fdebug-prefix-map=/<<PKGBUILDDIR>>=. -fstack-protector-strong -Wformat -Werror=format-security -fsigned-char -Wall -pthread  -include ../build-aux/config.h  -Wl,-z,relro -Wl,-z,now  -o vifm cfg/config.o cfg/info.o compat/curses.o compat/dtype.o compat/getopt.o compat/getopt1.o compat/mntent.o compat/os.o compat/pthread.o compat/reallocarray.o engine/abbrevs.o engine/autocmds.o engine/cmds.o engine/completion.o engine/functions.o engine/keys.o engine/mode.o engine/options.o engine/parsing.o engine/text_buffer.o engine/var.o engine/variables.o int/desktop.o int/file_magic.o int/fuse.o int/path_env.o int/term_title.o int/vim.o io/ioe.o io/ioeta.o io/iop.o io/ior.o io/private/ioc.o io/private/ioe.o io/private/ioeta.o io/private/ionotif.o io/private/traverser.o menus/apropos_menu.o menus/bmarks_menu.o menus/cabbrevs_menu.o menus/colorscheme_menu.o menus/commands_menu.o menus/dirhistory_menu.o menus/dirstack_menu.o menus/filetypes_menu.o menus/find_menu.o menus/grep_menu.o menus/history_menu.o menus/jobs_menu.o menus/locate_menu.o menus/trash_menu.o menus/trashes_menu.o menus/map_menu.o menus/marks_menu.o menus/media_menu.o menus/menus.o menus/registers_menu.o menus/undolist_menu.o menus/users_menu.o menus/vifm_menu.o modes/dialogs/attr_dialog_nix.o modes/dialogs/change_dialog.o modes/dialogs/msg_dialog.o modes/dialogs/sort_dialog.o modes/cmdline.o modes/file_info.o modes/menu.o modes/modes.o modes/more.o modes/normal.o modes/view.o modes/visual.o ui/cancellation.o ui/color_manager.o ui/color_scheme.o ui/column_view.o ui/escape.o ui/fileview.o ui/quickview.o ui/statusbar.o ui/statusline.o ui/tabs.o ui/ui.o utils/cancellation.o utils/dynarray.o utils/env.o utils/file_streams.o utils/filemon.o utils/filter.o utils/fs.o utils/fsdata.o utils/fsddata.o utils/fswatch_nix.o utils/globs.o utils/gmux_nix.o utils/hist.o utils/int_stack.o utils/log.o utils/matcher.o utils/matchers.o utils/path.o utils/regexp.o utils/shmem_nix.o utils/str.o utils/string_array.o utils/trie.o utils/utf8.o utils/utils.o utils/utils_nix.o args.o background.o bmarks.o bracket_notation.o builtin_functions.o cmd_completion.o cmd_core.o cmd_handlers.o compare.o dir_stack.o event_loop.o filelist.o filename_modifiers.o fops_common.o fops_cpmv.o fops_misc.o fops_put.o fops_rename.o filetype.o filtering.o flist_hist.o flist_pos.o flist_sel.o ipc.o macros.o marks.o ops.o opt_handlers.o registers.o running.o search.o signals.o sort.o status.o tags.o trash.o types.o undo.o version.o viewcolumns_parser.o vifm.o compile_info.o  -lm -lrt -lncursesw -lmagic -ldl
make[2]: Leaving directory '/<<PKGBUILDDIR>>/src'
make[2]: Entering directory '/<<PKGBUILDDIR>>'
make[2]: Nothing to be done for 'all-am'.
make[2]: Leaving directory '/<<PKGBUILDDIR>>'
make[1]: Leaving directory '/<<PKGBUILDDIR>>'
   dh_auto_test -a
	make -j4 check VERBOSE=1
make[1]: Entering directory '/<<PKGBUILDDIR>>'
Making check in src
make[2]: Entering directory '/<<PKGBUILDDIR>>/src'
make  runtests
make[3]: Entering directory '/<<PKGBUILDDIR>>/src'
echo 'mkdir -p /<<PKGBUILDDIR>>/src/../tests/' > runtests_
echo \
	'make -C /<<PKGBUILDDIR>>/src/../tests B=/<<PKGBUILDDIR>>/src/../tests/ CC="gcc"' \
	>> runtests_
chmod +x runtests_
mv runtests_ runtests
make[3]: Leaving directory '/<<PKGBUILDDIR>>/src'
make  check-TESTS
make[3]: Entering directory '/<<PKGBUILDDIR>>/src'
make[4]: Entering directory '/<<PKGBUILDDIR>>/src'
FAIL: runtests
===================================
   vifm 0.10: src/test-suite.log
===================================

# TOTAL: 1
# PASS:  0
# SKIP:  0
# XFAIL: 0
# FAIL:  1
# XPASS: 0
# ERROR: 0

.. contents:: :depth: 2

FAIL: runtests
==============

make[5]: Entering directory '/<<PKGBUILDDIR>>/src'
make[5]: warning: jobserver unavailable: using -j1.  Add '+' to parent make rule.
gcc -c -o /<<PKGBUILDDIR>>/src/../tests/stic/stic.h.gch -g -O2 -fdebug-prefix-map=/<<PKGBUILDDIR>>=. -fstack-protector-strong -Wformat -Werror=format-security -fsigned-char -Wall -pthread  -include ../build-aux/config.h -MMD -pipe -Wall -Wno-char-subscripts -Istic/ -include /<<PKGBUILDDIR>>/src/../tests/../build-aux/config.h -fsigned-char -DTEST -D_XOPEN_SOURCE -D_XOPEN_SOURCE_EXTENDED -D_FILE_OFFSET_BITS=64  -Wdate-time -D_FORTIFY_SOURCE=2 -I/usr/include/ncursesw  -g -O2 -fdebug-prefix-map=/<<PKGBUILDDIR>>=. -fstack-protector-strong -Wformat -Werror=format-security -fsigned-char -Wall -pthread   -I/usr/include/ncursesw stic/stic.h
mkdir -p /<<PKGBUILDDIR>>/src/../tests/bin/build/abbrevs
mkdir -p /<<PKGBUILDDIR>>/src/../tests/sandbox/abbrevs
gcc -c -o /<<PKGBUILDDIR>>/src/../tests/bin/build/abbrevs/addition.o -include stic/stic.h -g -O2 -fdebug-prefix-map=/<<PKGBUILDDIR>>=. -fstack-protector-strong -Wformat -Werror=format-security -fsigned-char -Wall -pthread  -include ../build-aux/config.h -MMD -pipe -Wall -Wno-char-subscripts -Istic/ -include /<<PKGBUILDDIR>>/src/../tests/../build-aux/config.h -fsigned-char -DTEST -D_XOPEN_SOURCE -D_XOPEN_SOURCE_EXTENDED -D_FILE_OFFSET_BITS=64  -Wdate-time -D_FORTIFY_SOURCE=2 -I/usr/include/ncursesw  -g -O2 -fdebug-prefix-map=/<<PKGBUILDDIR>>=. -fstack-protector-strong -Wformat -Werror=format-security -fsigned-char -Wall -pthread   -I/usr/include/ncursesw -DTESTID=0 -DMAXTESTID=6 abbrevs/addition.c -DSUITE_NAME="abbrevs" -DTEST_DATA_PATH='"/<<PKGBUILDDIR>>/tests/test-data"' -DSANDBOX_PATH='"/<<PKGBUILDDIR>>/src/../tests/sandbox/abbrevs"' 
<built-in>:3:9: warning: 'SUITE_NAME' macro redefined [-Wmacro-redefined]
#define SUITE_NAME abbrevs
        ^
/<<PKGBUILDDIR>>/tests/stic/stic.h:237:9: note: previous definition is here
#define SUITE_NAME
        ^
abbrevs/addition.c:5:1: warning: unused variable 'l5' [-Wunused-variable]
TEST(adds_fine_first_time)
^
stic/stic.h:193:35: note: expanded from macro 'TEST'
    static struct stic_test_data *STIC_CAT(l, __LINE__) = &STIC_CAT(stic_test_data_, name); \
                                  ^
stic/stic.h:163:24: note: expanded from macro 'STIC_CAT'
#define STIC_CAT(X, Y) STIC_CAT_(X, Y)
                       ^
stic/stic.h:164:25: note: expanded from macro 'STIC_CAT_'
#define STIC_CAT_(X, Y) X##Y
                        ^
<scratch space>:10:1: note: expanded from here
l5
^
abbrevs/addition.c:16:1: warning: unused variable 'l16' [-Wunused-variable]
TEST(overwriten_on_second_addition)
^
stic/stic.h:193:35: note: expanded from macro 'TEST'
    static struct stic_test_data *STIC_CAT(l, __LINE__) = &STIC_CAT(stic_test_data_, name); \
                                  ^
stic/stic.h:163:24: note: expanded from macro 'STIC_CAT'
#define STIC_CAT(X, Y) STIC_CAT_(X, Y)
                       ^
stic/stic.h:164:25: note: expanded from macro 'STIC_CAT_'
#define STIC_CAT_(X, Y) X##Y
                        ^
<scratch space>:28:1: note: expanded from here
l16
^
abbrevs/addition.c:35:1: warning: unused variable 'l35' [-Wunused-variable]
TEST(overwrite_changes_mapping_type)
^
stic/stic.h:193:35: note: expanded from macro 'TEST'
    static struct stic_test_data *STIC_CAT(l, __LINE__) = &STIC_CAT(stic_test_data_, name); \
                                  ^
stic/stic.h:163:24: note: expanded from macro 'STIC_CAT'
#define STIC_CAT(X, Y) STIC_CAT_(X, Y)
                       ^
stic/stic.h:164:25: note: expanded from macro 'STIC_CAT_'
#define STIC_CAT_(X, Y) X##Y
                        ^
<scratch space>:62:1: note: expanded from here
l35
^
4 warnings generated.
gcc -c -o /<<PKGBUILDDIR>>/src/../tests/bin/build/abbrevs/completion.o -include stic/stic.h -g -O2 -fdebug-prefix-map=/<<PKGBUILDDIR>>=. -fstack-protector-strong -Wformat -Werror=format-security -fsigned-char -Wall -pthread  -include ../build-aux/config.h -MMD -pipe -Wall -Wno-char-subscripts -Istic/ -include /<<PKGBUILDDIR>>/src/../tests/../build-aux/config.h -fsigned-char -DTEST -D_XOPEN_SOURCE -D_XOPEN_SOURCE_EXTENDED -D_FILE_OFFSET_BITS=64  -Wdate-time -D_FORTIFY_SOURCE=2 -I/usr/include/ncursesw  -g -O2 -fdebug-prefix-map=/<<PKGBUILDDIR>>=. -fstack-protector-strong -Wformat -Werror=format-security -fsigned-char -Wall -pthread   -I/usr/include/ncursesw -DTESTID=1 -DMAXTESTID=6 abbrevs/completion.c -DSUITE_NAME="abbrevs" -DTEST_DATA_PATH='"/<<PKGBUILDDIR>>/tests/test-data"' -DSANDBOX_PATH='"/<<PKGBUILDDIR>>/src/../tests/sandbox/abbrevs"' 
<built-in>:3:9: warning: 'SUITE_NAME' macro redefined [-Wmacro-redefined]
#define SUITE_NAME abbrevs
        ^
/<<PKGBUILDDIR>>/tests/stic/stic.h:237:9: note: previous definition is here
#define SUITE_NAME
        ^
abbrevs/completion.c:8:1: warning: unused variable 'stic_setup_func' [-Wunused-variable]
SETUP()
^
stic/stic.h:221:19: note: expanded from macro 'SETUP'
    static void (*stic_setup_func)(void) = &stic_setup_func_impl; \
                  ^
abbrevs/completion.c:15:1: warning: unused variable 'l15' [-Wunused-variable]
TEST(nothing_to_complete)
^
stic/stic.h:193:35: note: expanded from macro 'TEST'
    static struct stic_test_data *STIC_CAT(l, __LINE__) = &STIC_CAT(stic_test_data_, name); \
                                  ^
stic/stic.h:163:24: note: expanded from macro 'STIC_CAT'
#define STIC_CAT(X, Y) STIC_CAT_(X, Y)
                       ^
stic/stic.h:164:25: note: expanded from macro 'STIC_CAT_'
#define STIC_CAT_(X, Y) X##Y
                        ^
<scratch space>:71:1: note: expanded from here
l15
^
abbrevs/completion.c:28:1: warning: unused variable 'l28' [-Wunused-variable]
TEST(ambiguous)
^
stic/stic.h:193:35: note: expanded from macro 'TEST'
    static struct stic_test_data *STIC_CAT(l, __LINE__) = &STIC_CAT(stic_test_data_, name); \
                                  ^
stic/stic.h:163:24: note: expanded from macro 'STIC_CAT'
#define STIC_CAT(X, Y) STIC_CAT_(X, Y)
                       ^
stic/stic.h:164:25: note: expanded from macro 'STIC_CAT_'
#define STIC_CAT_(X, Y) X##Y
                        ^
<scratch space>:83:1: note: expanded from here
l28
^
abbrevs/completion.c:48:1: warning: unused variable 'l48' [-Wunused-variable]
TEST(non_ambiguous)
^
stic/stic.h:193:35: note: expanded from macro 'TEST'
    static struct stic_test_data *STIC_CAT(l, __LINE__) = &STIC_CAT(stic_test_data_, name); \
                                  ^
stic/stic.h:163:24: note: expanded from macro 'STIC_CAT'
#define STIC_CAT(X, Y) STIC_CAT_(X, Y)
                       ^
stic/stic.h:164:25: note: expanded from macro 'STIC_CAT_'
#define STIC_CAT_(X, Y) X##Y
                        ^
<scratch space>:99:1: note: expanded from here
l48
^
5 warnings generated.
gcc -c -o /<<PKGBUILDDIR>>/src/../tests/bin/build/abbrevs/deletion.o -include stic/stic.h -g -O2 -fdebug-prefix-map=/<<PKGBUILDDIR>>=. -fstack-protector-strong -Wformat -Werror=format-security -fsigned-char -Wall -pthread  -include ../build-aux/config.h -MMD -pipe -Wall -Wno-char-subscripts -Istic/ -include /<<PKGBUILDDIR>>/src/../tests/../build-aux/config.h -fsigned-char -DTEST -D_XOPEN_SOURCE -D_XOPEN_SOURCE_EXTENDED -D_FILE_OFFSET_BITS=64  -Wdate-time -D_FORTIFY_SOURCE=2 -I/usr/include/ncursesw  -g -O2 -fdebug-prefix-map=/<<PKGBUILDDIR>>=. -fstack-protector-strong -Wformat -Werror=format-security -fsigned-char -Wall -pthread   -I/usr/include/ncursesw -DTESTID=2 -DMAXTESTID=6 abbrevs/deletion.c -DSUITE_NAME="abbrevs" -DTEST_DATA_PATH='"/<<PKGBUILDDIR>>/tests/test-data"' -DSANDBOX_PATH='"/<<PKGBUILDDIR>>/src/../tests/sandbox/abbrevs"' 
<built-in>:3:9: warning: 'SUITE_NAME' macro redefined [-Wmacro-redefined]
#define SUITE_NAME abbrevs
        ^
/<<PKGBUILDDIR>>/tests/stic/stic.h:237:9: note: previous definition is here
#define SUITE_NAME
        ^
abbrevs/deletion.c:5:1: warning: unused variable 'l5' [-Wunused-variable]
TEST(delete_inexistent)
^
stic/stic.h:193:35: note: expanded from macro 'TEST'
    static struct stic_test_data *STIC_CAT(l, __LINE__) = &STIC_CAT(stic_test_data_, name); \
                                  ^
stic/stic.h:163:24: note: expanded from macro 'STIC_CAT'
#define STIC_CAT(X, Y) STIC_CAT_(X, Y)
                       ^
stic/stic.h:164:25: note: expanded from macro 'STIC_CAT_'
#define STIC_CAT_(X, Y) X##Y
                        ^
<scratch space>:10:1: note: expanded from here
l5
^
abbrevs/deletion.c:10:1: warning: unused variable 'l10' [-Wunused-variable]
TEST(delete_existent_by_lhs)
^
stic/stic.h:193:35: note: expanded from macro 'TEST'
    static struct stic_test_data *STIC_CAT(l, __LINE__) = &STIC_CAT(stic_test_data_, name); \
                                  ^
stic/stic.h:163:24: note: expanded from macro 'STIC_CAT'
#define STIC_CAT(X, Y) STIC_CAT_(X, Y)
                       ^
stic/stic.h:164:25: note: expanded from macro 'STIC_CAT_'
#define STIC_CAT_(X, Y) X##Y
                        ^
<scratch space>:22:1: note: expanded from here
l10
^
abbrevs/deletion.c:19:1: warning: unused variable 'l19' [-Wunused-variable]
TEST(delete_existent_by_rhs)
^
stic/stic.h:193:35: note: expanded from macro 'TEST'
    static struct stic_test_data *STIC_CAT(l, __LINE__) = &STIC_CAT(stic_test_data_, name); \
                                  ^
stic/stic.h:163:24: note: expanded from macro 'STIC_CAT'
#define STIC_CAT(X, Y) STIC_CAT_(X, Y)
                       ^
stic/stic.h:164:25: note: expanded from macro 'STIC_CAT_'
#define STIC_CAT_(X, Y) X##Y
                        ^
<scratch space>:40:1: note: expanded from here
l19
^
abbrevs/deletion.c:28:1: warning: unused variable 'l28' [-Wunused-variable]
TEST(delete_existent_by_rhs_check_all_lhs_first)
^
stic/stic.h:193:35: note: expanded from macro 'TEST'
    static struct stic_test_data *STIC_CAT(l, __LINE__) = &STIC_CAT(stic_test_data_, name); \
                                  ^
stic/stic.h:163:24: note: expanded from macro 'STIC_CAT'
#define STIC_CAT(X, Y) STIC_CAT_(X, Y)
                       ^
stic/stic.h:164:25: note: expanded from macro 'STIC_CAT_'
#define STIC_CAT_(X, Y) X##Y
                        ^
<scratch space>:58:1: note: expanded from here
l28
^
5 warnings generated.
gcc -c -o /<<PKGBUILDDIR>>/src/../tests/bin/build/abbrevs/expansion.o -include stic/stic.h -g -O2 -fdebug-prefix-map=/<<PKGBUILDDIR>>=. -fstack-protector-strong -Wformat -Werror=format-security -fsigned-char -Wall -pthread  -include ../build-aux/config.h -MMD -pipe -Wall -Wno-char-subscripts -Istic/ -include /<<PKGBUILDDIR>>/src/../tests/../build-aux/config.h -fsigned-char -DTEST -D_XOPEN_SOURCE -D_XOPEN_SOURCE_EXTENDED -D_FILE_OFFSET_BITS=64  -Wdate-time -D_FORTIFY_SOURCE=2 -I/usr/include/ncursesw  -g -O2 -fdebug-prefix-map=/<<PKGBUILDDIR>>=. -fstack-protector-strong -Wformat -Werror=format-security -fsigned-char -Wall -pthread   -I/usr/include/ncursesw -DTESTID=3 -DMAXTESTID=6 abbrevs/expansion.c -DSUITE_NAME="abbrevs" -DTEST_DATA_PATH='"/<<PKGBUILDDIR>>/tests/test-data"' -DSANDBOX_PATH='"/<<PKGBUILDDIR>>/src/../tests/sandbox/abbrevs"' 
<built-in>:3:9: warning: 'SUITE_NAME' macro redefined [-Wmacro-redefined]
#define SUITE_NAME abbrevs
        ^
/<<PKGBUILDDIR>>/tests/stic/stic.h:237:9: note: previous definition is here
#define SUITE_NAME
        ^
abbrevs/expansion.c:5:1: warning: unused variable 'l5' [-Wunused-variable]
TEST(correct_expansion)
^
stic/stic.h:193:35: note: expanded from macro 'TEST'
    static struct stic_test_data *STIC_CAT(l, __LINE__) = &STIC_CAT(stic_test_data_, name); \
                                  ^
stic/stic.h:163:24: note: expanded from macro 'STIC_CAT'
#define STIC_CAT(X, Y) STIC_CAT_(X, Y)
                       ^
stic/stic.h:164:25: note: expanded from macro 'STIC_CAT_'
#define STIC_CAT_(X, Y) X##Y
                        ^
<scratch space>:10:1: note: expanded from here
l5
^
abbrevs/expansion.c:12:1: warning: unused variable 'l12' [-Wunused-variable]
TEST(correct_expansion_pick)
^
stic/stic.h:193:35: note: expanded from macro 'TEST'
    static struct stic_test_data *STIC_CAT(l, __LINE__) = &STIC_CAT(stic_test_data_, name); \
                                  ^
stic/stic.h:163:24: note: expanded from macro 'STIC_CAT'
#define STIC_CAT(X, Y) STIC_CAT_(X, Y)
                       ^
stic/stic.h:164:25: note: expanded from macro 'STIC_CAT_'
#define STIC_CAT_(X, Y) X##Y
                        ^
<scratch space>:24:1: note: expanded from here
l12
^
abbrevs/expansion.c:20:1: warning: unused variable 'l20' [-Wunused-variable]
TEST(no_remap_flag_false)
^
stic/stic.h:193:35: note: expanded from macro 'TEST'
    static struct stic_test_data *STIC_CAT(l, __LINE__) = &STIC_CAT(stic_test_data_, name); \
                                  ^
stic/stic.h:163:24: note: expanded from macro 'STIC_CAT'
#define STIC_CAT(X, Y) STIC_CAT_(X, Y)
                       ^
stic/stic.h:164:25: note: expanded from macro 'STIC_CAT_'
#define STIC_CAT_(X, Y) X##Y
                        ^
<scratch space>:40:1: note: expanded from here
l20
^
abbrevs/expansion.c:28:1: warning: unused variable 'l28' [-Wunused-variable]
TEST(no_remap_flag_true)
^
stic/stic.h:193:35: note: expanded from macro 'TEST'
    static struct stic_test_data *STIC_CAT(l, __LINE__) = &STIC_CAT(stic_test_data_, name); \
                                  ^
stic/stic.h:163:24: note: expanded from macro 'STIC_CAT'
#define STIC_CAT(X, Y) STIC_CAT_(X, Y)
                       ^
stic/stic.h:164:25: note: expanded from macro 'STIC_CAT_'
#define STIC_CAT_(X, Y) X##Y
                        ^
<scratch space>:56:1: note: expanded from here
l28
^
5 warnings generated.
gcc -c -o /<<PKGBUILDDIR>>/src/../tests/bin/build/abbrevs/iter.o -include stic/stic.h -g -O2 -fdebug-prefix-map=/<<PKGBUILDDIR>>=. -fstack-protector-strong -Wformat -Werror=format-security -fsigned-char -Wall -pthread  -include ../build-aux/config.h -MMD -pipe -Wall -Wno-char-subscripts -Istic/ -include /<<PKGBUILDDIR>>/src/../tests/../build-aux/config.h -fsigned-char -DTEST -D_XOPEN_SOURCE -D_XOPEN_SOURCE_EXTENDED -D_FILE_OFFSET_BITS=64  -Wdate-time -D_FORTIFY_SOURCE=2 -I/usr/include/ncursesw  -g -O2 -fdebug-prefix-map=/<<PKGBUILDDIR>>=. -fstack-protector-strong -Wformat -Werror=format-security -fsigned-char -Wall -pthread   -I/usr/include/ncursesw -DTESTID=4 -DMAXTESTID=6 abbrevs/iter.c -DSUITE_NAME="abbrevs" -DTEST_DATA_PATH='"/<<PKGBUILDDIR>>/tests/test-data"' -DSANDBOX_PATH='"/<<PKGBUILDDIR>>/src/../tests/sandbox/abbrevs"' 
<built-in>:3:9: warning: 'SUITE_NAME' macro redefined [-Wmacro-redefined]
#define SUITE_NAME abbrevs
        ^
/<<PKGBUILDDIR>>/tests/stic/stic.h:237:9: note: previous definition is here
#define SUITE_NAME
        ^
abbrevs/iter.c:7:1: warning: unused variable 'l7' [-Wunused-variable]
TEST(nothing_to_iterate)
^
stic/stic.h:193:35: note: expanded from macro 'TEST'
    static struct stic_test_data *STIC_CAT(l, __LINE__) = &STIC_CAT(stic_test_data_, name); \
                                  ^
stic/stic.h:163:24: note: expanded from macro 'STIC_CAT'
#define STIC_CAT(X, Y) STIC_CAT_(X, Y)
                       ^
stic/stic.h:164:25: note: expanded from macro 'STIC_CAT_'
#define STIC_CAT_(X, Y) X##Y
                        ^
<scratch space>:10:1: note: expanded from here
l7
^
abbrevs/iter.c:15:1: warning: unused variable 'l15' [-Wunused-variable]
TEST(nulls_are_restored)
^
stic/stic.h:193:35: note: expanded from macro 'TEST'
    static struct stic_test_data *STIC_CAT(l, __LINE__) = &STIC_CAT(stic_test_data_, name); \
                                  ^
stic/stic.h:163:24: note: expanded from macro 'STIC_CAT'
#define STIC_CAT(X, Y) STIC_CAT_(X, Y)
                       ^
stic/stic.h:164:25: note: expanded from macro 'STIC_CAT_'
#define STIC_CAT_(X, Y) X##Y
                        ^
<scratch space>:22:1: note: expanded from here
l15
^
abbrevs/iter.c:34:1: warning: unused variable 'l34' [-Wunused-variable]
TEST(repeated_iteration)
^
stic/stic.h:193:35: note: expanded from macro 'TEST'
    static struct stic_test_data *STIC_CAT(l, __LINE__) = &STIC_CAT(stic_test_data_, name); \
                                  ^
stic/stic.h:163:24: note: expanded from macro 'STIC_CAT'
#define STIC_CAT(X, Y) STIC_CAT_(X, Y)
                       ^
stic/stic.h:164:25: note: expanded from macro 'STIC_CAT_'
#define STIC_CAT_(X, Y) X##Y
                        ^
<scratch space>:50:1: note: expanded from here
l34
^
abbrevs/iter.c:49:1: warning: unused variable 'l49' [-Wunused-variable]
TEST(single_element)
^
stic/stic.h:193:35: note: expanded from macro 'TEST'
    static struct stic_test_data *STIC_CAT(l, __LINE__) = &STIC_CAT(stic_test_data_, name); \
                                  ^
stic/stic.h:163:24: note: expanded from macro 'STIC_CAT'
#define STIC_CAT(X, Y) STIC_CAT_(X, Y)
                       ^
stic/stic.h:164:25: note: expanded from macro 'STIC_CAT_'
#define STIC_CAT_(X, Y) X##Y
                        ^
<scratch space>:70:1: note: expanded from here
l49
^
abbrevs/iter.c:64:1: warning: unused variable 'l64' [-Wunused-variable]
TEST(several_elements)
^
stic/stic.h:193:35: note: expanded from macro 'TEST'
    static struct stic_test_data *STIC_CAT(l, __LINE__) = &STIC_CAT(stic_test_data_, name); \
                                  ^
stic/stic.h:163:24: note: expanded from macro 'STIC_CAT'
#define STIC_CAT(X, Y) STIC_CAT_(X, Y)
                       ^
stic/stic.h:164:25: note: expanded from macro 'STIC_CAT_'
#define STIC_CAT_(X, Y) X##Y
                        ^
<scratch space>:92:1: note: expanded from here
l64
^
6 warnings generated.
gcc -c -o /<<PKGBUILDDIR>>/src/../tests/bin/build/abbrevs/suite.o -include stic/stic.h -g -O2 -fdebug-prefix-map=/<<PKGBUILDDIR>>=. -fstack-protector-strong -Wformat -Werror=format-security -fsigned-char -Wall -pthread  -include ../build-aux/config.h -MMD -pipe -Wall -Wno-char-subscripts -Istic/ -include /<<PKGBUILDDIR>>/src/../tests/../build-aux/config.h -fsigned-char -DTEST -D_XOPEN_SOURCE -D_XOPEN_SOURCE_EXTENDED -D_FILE_OFFSET_BITS=64  -Wdate-time -D_FORTIFY_SOURCE=2 -I/usr/include/ncursesw  -g -O2 -fdebug-prefix-map=/<<PKGBUILDDIR>>=. -fstack-protector-strong -Wformat -Werror=format-security -fsigned-char -Wall -pthread   -I/usr/include/ncursesw -DTESTID=5 -DMAXTESTID=6 abbrevs/suite.c -DSUITE_NAME="abbrevs" -DTEST_DATA_PATH='"/<<PKGBUILDDIR>>/tests/test-data"' -DSANDBOX_PATH='"/<<PKGBUILDDIR>>/src/../tests/sandbox/abbrevs"' 
<built-in>:3:9: warning: 'SUITE_NAME' macro redefined [-Wmacro-redefined]
#define SUITE_NAME abbrevs
        ^
/<<PKGBUILDDIR>>/tests/stic/stic.h:237:9: note: previous definition is here
#define SUITE_NAME
        ^
abbrevs/suite.c:5:1: warning: implicit declaration of function 'stic_get_fixture_name' is invalid in C99 [-Wimplicit-function-declaration]
DEFINE_SUITE();
^
stic/stic.h:261:37: note: expanded from macro 'DEFINE_SUITE'
        const int file_has_tests = (stic_get_fixture_name() != NULL); \
                                    ^
abbrevs/suite.c:5:1: warning: comparison between pointer and integer ('int' and 'void *')
DEFINE_SUITE();
^~~~~~~~~~~~~~
stic/stic.h:261:61: note: expanded from macro 'DEFINE_SUITE'
        const int file_has_tests = (stic_get_fixture_name() != NULL); \
                                    ~~~~~~~~~~~~~~~~~~~~~~~ ^  ~~~~
abbrevs/suite.c:5:1: error: use of undeclared identifier 'stic_setup_once_func'
stic/stic.h:262:31: note: expanded from macro 'DEFINE_SUITE'
        if(!file_has_tests && stic_setup_once_func != NULL) \
                              ^
abbrevs/suite.c:5:1: warning: implicit declaration of function 'stic_setup_once_func' is invalid in C99 [-Wimplicit-function-declaration]
stic/stic.h:264:13: note: expanded from macro 'DEFINE_SUITE'
            stic_setup_once_func(); \
            ^
abbrevs/suite.c:5:1: error: use of undeclared identifier 'stic_setup_func'; did you mean 'stic_setup'?
stic/stic.h:266:53: note: expanded from macro 'DEFINE_SUITE'
        r = stic_testrunner(argc, argv, stic_suite, stic_setup_func, stic_teardown_func) == 0; \
                                                    ^
stic/stic.h:50:6: note: 'stic_setup' declared here
void stic_setup( void );
     ^
abbrevs/suite.c:5:1: error: use of undeclared identifier 'stic_teardown_func'; did you mean 'stic_teardown'?
DEFINE_SUITE();
^
stic/stic.h:266:70: note: expanded from macro 'DEFINE_SUITE'
        r = stic_testrunner(argc, argv, stic_suite, stic_setup_func, stic_teardown_func) == 0; \
                                                                     ^
stic/stic.h:51:6: note: 'stic_teardown' declared here
void stic_teardown( void );
     ^
abbrevs/suite.c:5:1: error: use of undeclared identifier 'stic_teardown_once_func'
DEFINE_SUITE();
^
stic/stic.h:267:31: note: expanded from macro 'DEFINE_SUITE'
        if(!file_has_tests && stic_teardown_once_func != NULL) \
                              ^
abbrevs/suite.c:5:1: warning: implicit declaration of function 'stic_teardown_once_func' is invalid in C99 [-Wimplicit-function-declaration]
stic/stic.h:269:13: note: expanded from macro 'DEFINE_SUITE'
            stic_teardown_once_func(); \
            ^
5 warnings and 4 errors generated.
make[5]: *** [Makefile:331: /<<PKGBUILDDIR>>/src/../tests/bin/build/abbrevs/suite.o] Error 1
make[5]: Leaving directory '/<<PKGBUILDDIR>>/tests'
FAIL runtests (exit status: 2)

============================================================================
Testsuite summary for vifm 0.10
============================================================================
# TOTAL: 1
# PASS:  0
# SKIP:  0
# XFAIL: 0
# FAIL:  1
# XPASS: 0
# ERROR: 0
============================================================================
See src/test-suite.log
Please report to xaizek@posteo.net
============================================================================
make[4]: *** [Makefile:2027: test-suite.log] Error 1
make[4]: Leaving directory '/<<PKGBUILDDIR>>/src'
make[3]: *** [Makefile:2135: check-TESTS] Error 2
make[3]: Leaving directory '/<<PKGBUILDDIR>>/src'
make[2]: *** [Makefile:2209: check-am] Error 2
make[2]: Leaving directory '/<<PKGBUILDDIR>>/src'
make[1]: *** [Makefile:382: check-recursive] Error 1
make[1]: Leaving directory '/<<PKGBUILDDIR>>'
dh_auto_test: make -j4 check VERBOSE=1 returned exit code 2
make: *** [debian/rules:11: build-arch] Error 2
dpkg-buildpackage: error: debian/rules build-arch subprocess returned exit status 2
--------------------------------------------------------------------------------
Build finished at 2019-01-09T21:38:13Z

Finished
--------


+------------------------------------------------------------------------------+
| Cleanup                                                                      |
+------------------------------------------------------------------------------+

Purging /<<BUILDDIR>>
Not cleaning session: cloned chroot in use
E: Build failure (dpkg-buildpackage died)

+------------------------------------------------------------------------------+
| Summary                                                                      |
+------------------------------------------------------------------------------+

Build Architecture: amd64
Build Type: any
Build-Space: 20916
Build-Time: 33
Distribution: unstable
Fail-Stage: build
Host Architecture: amd64
Install-Time: 11
Job: vifm_0.10-1
Machine Architecture: amd64
Package: vifm
Package-Time: 59
Source-Version: 0.10-1
Space: 20916
Status: attempted
Version: 0.10-1
--------------------------------------------------------------------------------
Finished at 2019-01-09T21:38:13Z
Build needed 00:00:59, 20916k disk space
E: Build failure (dpkg-buildpackage died)
DC-Status: Failed 60.509372241s
DC-Time-Estimation: 60.509372241 versus expected 233 (r/m: 2.8506431544520905 ; m: 60.509372241)
