DC-Build-Header: apt 2.0.2 / 2020-05-03 04:25:19 +0000
DC-Task: type:rebuild-binarch-only source:apt version:2.0.2 chroot:unstable esttime:304 logfile:/tmp/apt_2.0.2_unstable_clang10.log modes:clang10:binarch-only
DC-Sbuild-call: su user42 -c 'sbuild -n --arch-any --apt-update -d unstable -v --no-run-lintian --chroot-setup-commands=/tmp/clang10 apt_2.0.2'
sbuild (Debian sbuild) 0.78.1 (09 February 2019) on ip-172-31-5-11.eu-central-1.compute.internal

+==============================================================================+
| apt 2.0.2 (amd64)                            Sun, 03 May 2020 04:25:19 +0000 |
+==============================================================================+

Package: apt
Version: 2.0.2
Source Version: 2.0.2
Distribution: unstable
Machine Architecture: amd64
Host Architecture: amd64
Build Architecture: amd64
Build Type: binary

I: NOTICE: Log filtering will replace 'var/run/schroot/mount/sid-amd64-sbuild-8a593050-d599-437e-9e15-711d18bbb026' with '<<CHROOT>>'

+------------------------------------------------------------------------------+
| Chroot Setup Commands                                                        |
+------------------------------------------------------------------------------+


/tmp/clang10
------------

+ echo 'Entering customization script...'
Entering customization script...
+ CLANG_VERSION=10
+ echo 'Install of clang-10'
Install of clang-10
+ apt-get update
Get:1 http://127.0.0.1:12990/debian sid InRelease [146 kB]
Get:2 http://127.0.0.1:12990/debian sid/main Sources.diff/Index [27.9 kB]
Get:3 http://127.0.0.1:12990/debian sid/main amd64 Packages.diff/Index [27.9 kB]
Get:4 http://127.0.0.1:12990/debian sid/main Sources 2020-05-02-0208.16.pdiff [3982 B]
Get:5 http://127.0.0.1:12990/debian sid/main Sources 2020-05-02-0807.49.pdiff [10.9 kB]
Get:6 http://127.0.0.1:12990/debian sid/main Sources 2020-05-02-1412.30.pdiff [12.9 kB]
Get:7 http://127.0.0.1:12990/debian sid/main Sources 2020-05-02-2007.10.pdiff [13.4 kB]
Get:8 http://127.0.0.1:12990/debian sid/main Sources 2020-05-03-0208.39.pdiff [9476 B]
Get:8 http://127.0.0.1:12990/debian sid/main Sources 2020-05-03-0208.39.pdiff [9476 B]
Get:9 http://127.0.0.1:12990/debian sid/main amd64 Packages 2020-05-02-0208.16.pdiff [2772 B]
Get:10 http://127.0.0.1:12990/debian sid/main amd64 Packages 2020-05-02-0807.49.pdiff [3238 B]
Get:11 http://127.0.0.1:12990/debian sid/main amd64 Packages 2020-05-02-1412.30.pdiff [7641 B]
Get:12 http://127.0.0.1:12990/debian sid/main amd64 Packages 2020-05-02-2007.10.pdiff [10.5 kB]
Get:13 http://127.0.0.1:12990/debian sid/main amd64 Packages 2020-05-03-0208.39.pdiff [18.4 kB]
Get:13 http://127.0.0.1:12990/debian sid/main amd64 Packages 2020-05-03-0208.39.pdiff [18.4 kB]
Get:14 http://127.0.0.1:12990/debian sid/main Translation-en [6185 kB]
Fetched 6480 kB in 2s (3908 kB/s)
Reading package lists...
+ apt-get install --yes --no-install-recommends --force-yes clang-10 libomp-10-dev libobjc-9-dev
Reading package lists...
Building dependency tree...
The following additional packages will be installed:
  gcc-10-base lib32gcc-s1 lib32gcc1 lib32stdc++6 libatomic1 libbsd0 libc6-i386
  libcc1-0 libclang-common-10-dev libclang-cpp10 libclang1-10 libedit2
  libgc1c2 libgcc-s1 libgomp1 libitm1 libllvm10 liblsan0 libobjc4 libomp5-10
  libquadmath0 libstdc++6 libtsan0 libubsan1 libz3-4
Suggested packages:
  clang-10-doc libomp-10-doc
Recommended packages:
  llvm-10-dev python3
The following NEW packages will be installed:
  clang-10 lib32gcc-s1 lib32gcc1 lib32stdc++6 libbsd0 libc6-i386
  libclang-common-10-dev libclang-cpp10 libclang1-10 libedit2 libgc1c2
  libllvm10 libobjc-9-dev libobjc4 libomp-10-dev libomp5-10 libz3-4
The following packages will be upgraded:
  gcc-10-base libatomic1 libcc1-0 libgcc-s1 libgomp1 libitm1 liblsan0
  libquadmath0 libstdc++6 libtsan0 libubsan1
11 upgraded, 17 newly installed, 0 to remove and 0 not upgraded.
Need to get 51.4 MB of archives.
After this operation, 259 MB of additional disk space will be used.
Get:1 http://127.0.0.1:12990/debian sid/main amd64 libatomic1 amd64 10-20200502-1 [9048 B]
Get:2 http://127.0.0.1:12990/debian sid/main amd64 libubsan1 amd64 10-20200502-1 [134 kB]
Get:3 http://127.0.0.1:12990/debian sid/main amd64 libtsan0 amd64 10-20200502-1 [313 kB]
Get:4 http://127.0.0.1:12990/debian sid/main amd64 gcc-10-base amd64 10-20200502-1 [197 kB]
Get:5 http://127.0.0.1:12990/debian sid/main amd64 libstdc++6 amd64 10-20200502-1 [492 kB]
Get:6 http://127.0.0.1:12990/debian sid/main amd64 libquadmath0 amd64 10-20200502-1 [145 kB]
Get:7 http://127.0.0.1:12990/debian sid/main amd64 liblsan0 amd64 10-20200502-1 [141 kB]
Get:8 http://127.0.0.1:12990/debian sid/main amd64 libitm1 amd64 10-20200502-1 [25.7 kB]
Get:9 http://127.0.0.1:12990/debian sid/main amd64 libgomp1 amd64 10-20200502-1 [99.3 kB]
Get:10 http://127.0.0.1:12990/debian sid/main amd64 libcc1-0 amd64 10-20200502-1 [39.7 kB]
Get:11 http://127.0.0.1:12990/debian sid/main amd64 libgcc-s1 amd64 10-20200502-1 [41.2 kB]
Get:12 http://127.0.0.1:12990/debian sid/main amd64 libbsd0 amd64 0.10.0-1 [107 kB]
Get:13 http://127.0.0.1:12990/debian sid/main amd64 libedit2 amd64 3.1-20191231-1 [95.4 kB]
Get:14 http://127.0.0.1:12990/debian sid/main amd64 libz3-4 amd64 4.8.7-4 [6790 kB]
Get:15 http://127.0.0.1:12990/debian sid/main amd64 libllvm10 amd64 1:10.0.0-4 [15.5 MB]
Get:16 http://127.0.0.1:12990/debian sid/main amd64 libclang-cpp10 amd64 1:10.0.0-4 [10.1 MB]
Get:17 http://127.0.0.1:12990/debian sid/main amd64 libgc1c2 amd64 1:7.6.4-0.4 [224 kB]
Get:18 http://127.0.0.1:12990/debian sid/main amd64 libobjc4 amd64 10-20200502-1 [41.6 kB]
Get:19 http://127.0.0.1:12990/debian sid/main amd64 libobjc-9-dev amd64 9.3.0-11 [218 kB]
Get:20 http://127.0.0.1:12990/debian sid/main amd64 libc6-i386 amd64 2.30-4 [2926 kB]
Get:21 http://127.0.0.1:12990/debian sid/main amd64 lib32gcc-s1 amd64 10-20200502-1 [49.4 kB]
Get:22 http://127.0.0.1:12990/debian sid/main amd64 lib32gcc1 amd64 1:10-20200502-1 [1100 B]
Get:23 http://127.0.0.1:12990/debian sid/main amd64 lib32stdc++6 amd64 10-20200502-1 [510 kB]
Get:24 http://127.0.0.1:12990/debian sid/main amd64 libclang-common-10-dev amd64 1:10.0.0-4 [5062 kB]
Get:25 http://127.0.0.1:12990/debian sid/main amd64 libclang1-10 amd64 1:10.0.0-4 [7609 kB]
Get:26 http://127.0.0.1:12990/debian sid/main amd64 clang-10 amd64 1:10.0.0-4 [105 kB]
Get:27 http://127.0.0.1:12990/debian sid/main amd64 libomp5-10 amd64 1:10.0.0-4 [338 kB]
Get:28 http://127.0.0.1:12990/debian sid/main amd64 libomp-10-dev amd64 1:10.0.0-4 [85.0 kB]
debconf: delaying package configuration, since apt-utils is not installed
Fetched 51.4 MB in 0s (140 MB/s)
(Reading database ... (Reading database ... 5%(Reading database ... 10%(Reading database ... 15%(Reading database ... 20%(Reading database ... 25%(Reading database ... 30%(Reading database ... 35%(Reading database ... 40%(Reading database ... 45%(Reading database ... 50%(Reading database ... 55%(Reading database ... 60%(Reading database ... 65%(Reading database ... 70%(Reading database ... 75%(Reading database ... 80%(Reading database ... 85%(Reading database ... 90%(Reading database ... 95%(Reading database ... 100%(Reading database ... 12123 files and directories currently installed.)
Preparing to unpack .../libatomic1_10-20200502-1_amd64.deb ...
Unpacking libatomic1:amd64 (10-20200502-1) over (10-20200418-1) ...
Preparing to unpack .../libubsan1_10-20200502-1_amd64.deb ...
Unpacking libubsan1:amd64 (10-20200502-1) over (10-20200418-1) ...
Preparing to unpack .../libtsan0_10-20200502-1_amd64.deb ...
Unpacking libtsan0:amd64 (10-20200502-1) over (10-20200418-1) ...
Preparing to unpack .../gcc-10-base_10-20200502-1_amd64.deb ...
Unpacking gcc-10-base:amd64 (10-20200502-1) over (10-20200418-1) ...
Setting up gcc-10-base:amd64 (10-20200502-1) ...
(Reading database ... (Reading database ... 5%(Reading database ... 10%(Reading database ... 15%(Reading database ... 20%(Reading database ... 25%(Reading database ... 30%(Reading database ... 35%(Reading database ... 40%(Reading database ... 45%(Reading database ... 50%(Reading database ... 55%(Reading database ... 60%(Reading database ... 65%(Reading database ... 70%(Reading database ... 75%(Reading database ... 80%(Reading database ... 85%(Reading database ... 90%(Reading database ... 95%(Reading database ... 100%(Reading database ... 12123 files and directories currently installed.)
Preparing to unpack .../libstdc++6_10-20200502-1_amd64.deb ...
Unpacking libstdc++6:amd64 (10-20200502-1) over (10-20200418-1) ...
Setting up libstdc++6:amd64 (10-20200502-1) ...
(Reading database ... (Reading database ... 5%(Reading database ... 10%(Reading database ... 15%(Reading database ... 20%(Reading database ... 25%(Reading database ... 30%(Reading database ... 35%(Reading database ... 40%(Reading database ... 45%(Reading database ... 50%(Reading database ... 55%(Reading database ... 60%(Reading database ... 65%(Reading database ... 70%(Reading database ... 75%(Reading database ... 80%(Reading database ... 85%(Reading database ... 90%(Reading database ... 95%(Reading database ... 100%(Reading database ... 12123 files and directories currently installed.)
Preparing to unpack .../0-libquadmath0_10-20200502-1_amd64.deb ...
Unpacking libquadmath0:amd64 (10-20200502-1) over (10-20200418-1) ...
Preparing to unpack .../1-liblsan0_10-20200502-1_amd64.deb ...
Unpacking liblsan0:amd64 (10-20200502-1) over (10-20200418-1) ...
Preparing to unpack .../2-libitm1_10-20200502-1_amd64.deb ...
Unpacking libitm1:amd64 (10-20200502-1) over (10-20200418-1) ...
Preparing to unpack .../3-libgomp1_10-20200502-1_amd64.deb ...
Unpacking libgomp1:amd64 (10-20200502-1) over (10-20200418-1) ...
Preparing to unpack .../4-libcc1-0_10-20200502-1_amd64.deb ...
Unpacking libcc1-0:amd64 (10-20200502-1) over (10-20200418-1) ...
Preparing to unpack .../5-libgcc-s1_10-20200502-1_amd64.deb ...
Unpacking libgcc-s1:amd64 (10-20200502-1) over (10-20200418-1) ...
Setting up libgcc-s1:amd64 (10-20200502-1) ...
Selecting previously unselected package libbsd0:amd64.
(Reading database ... (Reading database ... 5%(Reading database ... 10%(Reading database ... 15%(Reading database ... 20%(Reading database ... 25%(Reading database ... 30%(Reading database ... 35%(Reading database ... 40%(Reading database ... 45%(Reading database ... 50%(Reading database ... 55%(Reading database ... 60%(Reading database ... 65%(Reading database ... 70%(Reading database ... 75%(Reading database ... 80%(Reading database ... 85%(Reading database ... 90%(Reading database ... 95%(Reading database ... 100%(Reading database ... 12123 files and directories currently installed.)
Preparing to unpack .../00-libbsd0_0.10.0-1_amd64.deb ...
Unpacking libbsd0:amd64 (0.10.0-1) ...
Selecting previously unselected package libedit2:amd64.
Preparing to unpack .../01-libedit2_3.1-20191231-1_amd64.deb ...
Unpacking libedit2:amd64 (3.1-20191231-1) ...
Selecting previously unselected package libz3-4:amd64.
Preparing to unpack .../02-libz3-4_4.8.7-4_amd64.deb ...
Unpacking libz3-4:amd64 (4.8.7-4) ...
Selecting previously unselected package libllvm10:amd64.
Preparing to unpack .../03-libllvm10_1%3a10.0.0-4_amd64.deb ...
Unpacking libllvm10:amd64 (1:10.0.0-4) ...
Selecting previously unselected package libclang-cpp10.
Preparing to unpack .../04-libclang-cpp10_1%3a10.0.0-4_amd64.deb ...
Unpacking libclang-cpp10 (1:10.0.0-4) ...
Selecting previously unselected package libgc1c2:amd64.
Preparing to unpack .../05-libgc1c2_1%3a7.6.4-0.4_amd64.deb ...
Unpacking libgc1c2:amd64 (1:7.6.4-0.4) ...
Selecting previously unselected package libobjc4:amd64.
Preparing to unpack .../06-libobjc4_10-20200502-1_amd64.deb ...
Unpacking libobjc4:amd64 (10-20200502-1) ...
Selecting previously unselected package libobjc-9-dev:amd64.
Preparing to unpack .../07-libobjc-9-dev_9.3.0-11_amd64.deb ...
Unpacking libobjc-9-dev:amd64 (9.3.0-11) ...
Selecting previously unselected package libc6-i386.
Preparing to unpack .../08-libc6-i386_2.30-4_amd64.deb ...
Unpacking libc6-i386 (2.30-4) ...
Selecting previously unselected package lib32gcc-s1.
Preparing to unpack .../09-lib32gcc-s1_10-20200502-1_amd64.deb ...
Unpacking lib32gcc-s1 (10-20200502-1) ...
Selecting previously unselected package lib32gcc1.
Preparing to unpack .../10-lib32gcc1_1%3a10-20200502-1_amd64.deb ...
Unpacking lib32gcc1 (1:10-20200502-1) ...
Selecting previously unselected package lib32stdc++6.
Preparing to unpack .../11-lib32stdc++6_10-20200502-1_amd64.deb ...
Unpacking lib32stdc++6 (10-20200502-1) ...
Selecting previously unselected package libclang-common-10-dev.
Preparing to unpack .../12-libclang-common-10-dev_1%3a10.0.0-4_amd64.deb ...
Unpacking libclang-common-10-dev (1:10.0.0-4) ...
Selecting previously unselected package libclang1-10.
Preparing to unpack .../13-libclang1-10_1%3a10.0.0-4_amd64.deb ...
Unpacking libclang1-10 (1:10.0.0-4) ...
Selecting previously unselected package clang-10.
Preparing to unpack .../14-clang-10_1%3a10.0.0-4_amd64.deb ...
Unpacking clang-10 (1:10.0.0-4) ...
Selecting previously unselected package libomp5-10:amd64.
Preparing to unpack .../15-libomp5-10_1%3a10.0.0-4_amd64.deb ...
Unpacking libomp5-10:amd64 (1:10.0.0-4) ...
Selecting previously unselected package libomp-10-dev.
Preparing to unpack .../16-libomp-10-dev_1%3a10.0.0-4_amd64.deb ...
Unpacking libomp-10-dev (1:10.0.0-4) ...
Setting up libgc1c2:amd64 (1:7.6.4-0.4) ...
Setting up libobjc4:amd64 (10-20200502-1) ...
Setting up libgomp1:amd64 (10-20200502-1) ...
Setting up libz3-4:amd64 (4.8.7-4) ...
Setting up libquadmath0:amd64 (10-20200502-1) ...
Setting up libatomic1:amd64 (10-20200502-1) ...
Setting up libobjc-9-dev:amd64 (9.3.0-11) ...
Setting up libubsan1:amd64 (10-20200502-1) ...
Setting up libomp5-10:amd64 (1:10.0.0-4) ...
Setting up libc6-i386 (2.30-4) ...
Setting up libbsd0:amd64 (0.10.0-1) ...
Setting up libcc1-0:amd64 (10-20200502-1) ...
Setting up liblsan0:amd64 (10-20200502-1) ...
Setting up libitm1:amd64 (10-20200502-1) ...
Setting up libtsan0:amd64 (10-20200502-1) ...
Setting up libomp-10-dev (1:10.0.0-4) ...
Setting up libedit2:amd64 (3.1-20191231-1) ...
Setting up libllvm10:amd64 (1:10.0.0-4) ...
Setting up lib32gcc-s1 (10-20200502-1) ...
Setting up libclang1-10 (1:10.0.0-4) ...
Setting up lib32gcc1 (1:10-20200502-1) ...
Setting up libclang-cpp10 (1:10.0.0-4) ...
Setting up lib32stdc++6 (10-20200502-1) ...
Setting up libclang-common-10-dev (1:10.0.0-4) ...
Setting up clang-10 (1:10.0.0-4) ...
Processing triggers for libc-bin (2.30-4) ...
W: --force-yes is deprecated, use one of the options starting with --allow instead.
+ echo 'Replace gcc, g++ & cpp by clang'
Replace gcc, g++ & cpp by clang
+ VERSIONS='4.6 4.7 4.8 4.9 5 6 7 8 9 10'
+ cd /usr/bin
+ for VERSION in $VERSIONS
+ rm -f g++-4.6 gcc-4.6 cpp-4.6 gcc
+ ln -s clang++-10 g++-4.6
+ ln -s clang-10 gcc-4.6
+ ln -s clang-10 cpp-4.6
+ ln -s clang-10 gcc
+ echo 'gcc-4.6 hold'
+ dpkg --set-selections
dpkg: warning: package not in status nor available database at line 1: gcc-4.6
dpkg: warning: found unknown packages; this might mean the available database
is outdated, and needs to be updated through a frontend method;
please see the FAQ <https://wiki.debian.org/Teams/Dpkg/FAQ>
+ echo 'g++-4.6 hold'
+ dpkg --set-selections
dpkg: warning: package not in status nor available database at line 1: g++-4.6
dpkg: warning: found unknown packages; this might mean the available database
is outdated, and needs to be updated through a frontend method;
please see the FAQ <https://wiki.debian.org/Teams/Dpkg/FAQ>
+ for VERSION in $VERSIONS
+ rm -f g++-4.7 gcc-4.7 cpp-4.7 gcc
+ ln -s clang++-10 g++-4.7
+ ln -s clang-10 gcc-4.7
+ ln -s clang-10 cpp-4.7
+ ln -s clang-10 gcc
+ echo 'gcc-4.7 hold'
+ dpkg --set-selections
dpkg: warning: package not in status nor available database at line 1: gcc-4.7
dpkg: warning: found unknown packages; this might mean the available database
is outdated, and needs to be updated through a frontend method;
please see the FAQ <https://wiki.debian.org/Teams/Dpkg/FAQ>
+ echo 'g++-4.7 hold'
+ dpkg --set-selections
dpkg: warning: package not in status nor available database at line 1: g++-4.7
dpkg: warning: found unknown packages; this might mean the available database
is outdated, and needs to be updated through a frontend method;
please see the FAQ <https://wiki.debian.org/Teams/Dpkg/FAQ>
+ for VERSION in $VERSIONS
+ rm -f g++-4.8 gcc-4.8 cpp-4.8 gcc
+ ln -s clang++-10 g++-4.8
+ ln -s clang-10 gcc-4.8
+ ln -s clang-10 cpp-4.8
+ ln -s clang-10 gcc
+ echo 'gcc-4.8 hold'
+ dpkg --set-selections
dpkg: warning: package not in status nor available database at line 1: gcc-4.8
dpkg: warning: found unknown packages; this might mean the available database
is outdated, and needs to be updated through a frontend method;
please see the FAQ <https://wiki.debian.org/Teams/Dpkg/FAQ>
+ echo 'g++-4.8 hold'
+ dpkg --set-selections
dpkg: warning: package not in status nor available database at line 1: g++-4.8
dpkg: warning: found unknown packages; this might mean the available database
is outdated, and needs to be updated through a frontend method;
please see the FAQ <https://wiki.debian.org/Teams/Dpkg/FAQ>
+ for VERSION in $VERSIONS
+ rm -f g++-4.9 gcc-4.9 cpp-4.9 gcc
+ ln -s clang++-10 g++-4.9
+ ln -s clang-10 gcc-4.9
+ ln -s clang-10 cpp-4.9
+ ln -s clang-10 gcc
+ echo 'gcc-4.9 hold'
+ dpkg --set-selections
dpkg: warning: package not in status nor available database at line 1: gcc-4.9
dpkg: warning: found unknown packages; this might mean the available database
is outdated, and needs to be updated through a frontend method;
please see the FAQ <https://wiki.debian.org/Teams/Dpkg/FAQ>
+ echo 'g++-4.9 hold'
+ dpkg --set-selections
dpkg: warning: package not in status nor available database at line 1: g++-4.9
dpkg: warning: found unknown packages; this might mean the available database
is outdated, and needs to be updated through a frontend method;
please see the FAQ <https://wiki.debian.org/Teams/Dpkg/FAQ>
+ for VERSION in $VERSIONS
+ rm -f g++-5 gcc-5 cpp-5 gcc
+ ln -s clang++-10 g++-5
+ ln -s clang-10 gcc-5
+ ln -s clang-10 cpp-5
+ ln -s clang-10 gcc
+ echo 'gcc-5 hold'
+ dpkg --set-selections
dpkg: warning: package not in status nor available database at line 1: gcc-5
dpkg: warning: found unknown packages; this might mean the available database
is outdated, and needs to be updated through a frontend method;
please see the FAQ <https://wiki.debian.org/Teams/Dpkg/FAQ>
+ echo 'g++-5 hold'
+ dpkg --set-selections
dpkg: warning: package not in status nor available database at line 1: g++-5
dpkg: warning: found unknown packages; this might mean the available database
is outdated, and needs to be updated through a frontend method;
please see the FAQ <https://wiki.debian.org/Teams/Dpkg/FAQ>
+ for VERSION in $VERSIONS
+ rm -f g++-6 gcc-6 cpp-6 gcc
+ ln -s clang++-10 g++-6
+ ln -s clang-10 gcc-6
+ ln -s clang-10 cpp-6
+ ln -s clang-10 gcc
+ echo 'gcc-6 hold'
+ dpkg --set-selections
dpkg: warning: package not in status nor available database at line 1: gcc-6
dpkg: warning: found unknown packages; this might mean the available database
is outdated, and needs to be updated through a frontend method;
please see the FAQ <https://wiki.debian.org/Teams/Dpkg/FAQ>
+ echo 'g++-6 hold'
+ dpkg --set-selections
dpkg: warning: package not in status nor available database at line 1: g++-6
dpkg: warning: found unknown packages; this might mean the available database
is outdated, and needs to be updated through a frontend method;
please see the FAQ <https://wiki.debian.org/Teams/Dpkg/FAQ>
+ for VERSION in $VERSIONS
+ rm -f g++-7 gcc-7 cpp-7 gcc
+ ln -s clang++-10 g++-7
+ ln -s clang-10 gcc-7
+ ln -s clang-10 cpp-7
+ ln -s clang-10 gcc
+ echo 'gcc-7 hold'
+ dpkg --set-selections
dpkg: warning: package not in status nor available database at line 1: gcc-7
dpkg: warning: found unknown packages; this might mean the available database
is outdated, and needs to be updated through a frontend method;
please see the FAQ <https://wiki.debian.org/Teams/Dpkg/FAQ>
+ echo 'g++-7 hold'
+ dpkg --set-selections
dpkg: warning: package not in status nor available database at line 1: g++-7
dpkg: warning: found unknown packages; this might mean the available database
is outdated, and needs to be updated through a frontend method;
please see the FAQ <https://wiki.debian.org/Teams/Dpkg/FAQ>
+ for VERSION in $VERSIONS
+ rm -f g++-8 gcc-8 cpp-8 gcc
+ ln -s clang++-10 g++-8
+ ln -s clang-10 gcc-8
+ ln -s clang-10 cpp-8
+ ln -s clang-10 gcc
+ echo 'gcc-8 hold'
+ dpkg --set-selections
dpkg: warning: package not in status nor available database at line 1: gcc-8
dpkg: warning: found unknown packages; this might mean the available database
is outdated, and needs to be updated through a frontend method;
please see the FAQ <https://wiki.debian.org/Teams/Dpkg/FAQ>
+ echo 'g++-8 hold'
+ dpkg --set-selections
dpkg: warning: package not in status nor available database at line 1: g++-8
dpkg: warning: found unknown packages; this might mean the available database
is outdated, and needs to be updated through a frontend method;
please see the FAQ <https://wiki.debian.org/Teams/Dpkg/FAQ>
+ for VERSION in $VERSIONS
+ rm -f g++-9 gcc-9 cpp-9 gcc
+ ln -s clang++-10 g++-9
+ ln -s clang-10 gcc-9
+ ln -s clang-10 cpp-9
+ ln -s clang-10 gcc
+ echo 'gcc-9 hold'
+ dpkg --set-selections
+ echo 'g++-9 hold'
+ dpkg --set-selections
+ for VERSION in $VERSIONS
+ rm -f g++-10 gcc-10 cpp-10 gcc
+ ln -s clang++-10 g++-10
+ ln -s clang-10 gcc-10
+ ln -s clang-10 cpp-10
+ ln -s clang-10 gcc
+ echo 'gcc-10 hold'
+ dpkg --set-selections
dpkg: warning: package not in status nor available database at line 1: gcc-10
dpkg: warning: found unknown packages; this might mean the available database
is outdated, and needs to be updated through a frontend method;
please see the FAQ <https://wiki.debian.org/Teams/Dpkg/FAQ>
+ echo 'g++-10 hold'
+ dpkg --set-selections
dpkg: warning: package not in status nor available database at line 1: g++-10
dpkg: warning: found unknown packages; this might mean the available database
is outdated, and needs to be updated through a frontend method;
please see the FAQ <https://wiki.debian.org/Teams/Dpkg/FAQ>
+ cd -
/build/apt-tcRJXh
+ echo 'Check if gcc, g++ & cpp are actually clang'
Check if gcc, g++ & cpp are actually clang
+ gcc --version
+ grep clang
+ cpp --version
+ grep clang
+ g++ --version
+ grep clang
+ cd /usr/bin/
+ rm -f clang++ clang
+ ln -s clang-10 clang++
+ ln -s clang-10 clang
+ clang++ --version
clang version 10.0.0-4 
Target: x86_64-pc-linux-gnu
Thread model: posix
InstalledDir: /usr/bin
+ clang --version
clang version 10.0.0-4 
Target: x86_64-pc-linux-gnu
Thread model: posix
InstalledDir: /usr/bin
+ cd -
/build/apt-tcRJXh
+ apt install --yes --no-install-recommends --force-yes qt5-qmake

WARNING: apt does not have a stable CLI interface. Use with caution in scripts.

Reading package lists...
Building dependency tree...
Reading state information...
The following additional packages will be installed:
  qt5-qmake-bin qtchooser
The following NEW packages will be installed:
  qt5-qmake qt5-qmake-bin qtchooser
0 upgraded, 3 newly installed, 0 to remove and 0 not upgraded.
Need to get 1270 kB of archives.
After this operation, 4788 kB of additional disk space will be used.
Get:1 http://127.0.0.1:12990/debian sid/main amd64 qt5-qmake-bin amd64 5.12.5+dfsg-10 [1015 kB]
Get:2 http://127.0.0.1:12990/debian sid/main amd64 qtchooser amd64 66-2 [26.3 kB]
Get:3 http://127.0.0.1:12990/debian sid/main amd64 qt5-qmake amd64 5.12.5+dfsg-10 [229 kB]
debconf: delaying package configuration, since apt-utils is not installed
Fetched 1270 kB in 0s (56.0 MB/s)
Selecting previously unselected package qt5-qmake-bin.
(Reading database ... (Reading database ... 5%(Reading database ... 10%(Reading database ... 15%(Reading database ... 20%(Reading database ... 25%(Reading database ... 30%(Reading database ... 35%(Reading database ... 40%(Reading database ... 45%(Reading database ... 50%(Reading database ... 55%(Reading database ... 60%(Reading database ... 65%(Reading database ... 70%(Reading database ... 75%(Reading database ... 80%(Reading database ... 85%(Reading database ... 90%(Reading database ... 95%(Reading database ... 100%(Reading database ... 12968 files and directories currently installed.)
Preparing to unpack .../qt5-qmake-bin_5.12.5+dfsg-10_amd64.deb ...
Unpacking qt5-qmake-bin (5.12.5+dfsg-10) ...
Selecting previously unselected package qtchooser.
Preparing to unpack .../qtchooser_66-2_amd64.deb ...
Unpacking qtchooser (66-2) ...
Selecting previously unselected package qt5-qmake:amd64.
Preparing to unpack .../qt5-qmake_5.12.5+dfsg-10_amd64.deb ...
Unpacking qt5-qmake:amd64 (5.12.5+dfsg-10) ...
Setting up qt5-qmake-bin (5.12.5+dfsg-10) ...
Setting up qtchooser (66-2) ...
Setting up qt5-qmake:amd64 (5.12.5+dfsg-10) ...
W: --force-yes is deprecated, use one of the options starting with --allow instead.
+ cp /usr/lib/x86_64-linux-gnu/qt5/mkspecs/linux-clang/qmake.conf /usr/lib/x86_64-linux-gnu/qt5/mkspecs/linux-clang/qplatformdefs.h /usr/lib/x86_64-linux-gnu/qt5/mkspecs/linux-g++/
+ ls -al /usr/lib/x86_64-linux-gnu/qt5/mkspecs/linux-g++/
total 16
drwxr-xr-x  2 root root 4096 May  3 04:25 .
drwxr-xr-x 75 root root 4096 May  3 04:25 ..
-rw-r--r--  1 root root  276 May  3 04:25 qmake.conf
-rw-r--r--  1 root root 3218 May  3 04:25 qplatformdefs.h
+ cat /usr/lib/x86_64-linux-gnu/qt5/mkspecs/linux-g++/qmake.conf
#
# qmake configuration for linux-clang
#

MAKEFILE_GENERATOR = UNIX
CONFIG += incremental

QMAKE_INCREMENTAL_STYLE = sublib

include(../common/linux.conf)
include(../common/gcc-base-unix.conf)
include(../common/clang.conf)

QMAKE_LFLAGS += -ccc-gcc-name g++

load(qt_config)
+ export QMAKESPEC=/usr/lib/x86_64-linux-gnu/qt5/mkspecs/linux-clang/
+ QMAKESPEC=/usr/lib/x86_64-linux-gnu/qt5/mkspecs/linux-clang/
+ sed -i -e 's|compare_problem(2,|compare_problem(0,|g' /usr/bin/dpkg-gensymbols
+ sed -i -e 's|compare_problem(1,|compare_problem(0,|g' /usr/bin/dpkg-gensymbols
+ grep 'compare_problem(' /usr/bin/dpkg-gensymbols
        compare_problem(4, g_('new libraries appeared in the symbols file: %s'), "@libs");
        compare_problem(3, g_('some libraries disappeared in the symbols file: %s'), "@libs");
        compare_problem(0, g_('some new symbols appeared in the symbols file: %s'),
        compare_problem(0, g_('some symbols or patterns disappeared in the symbols file: %s'),

I: Finished running '/tmp/clang10'.

Finished processing commands.
--------------------------------------------------------------------------------
I: NOTICE: Log filtering will replace 'build/apt-tcRJXh/resolver-ZIhJJI' with '<<RESOLVERDIR>>'

+------------------------------------------------------------------------------+
| Update chroot                                                                |
+------------------------------------------------------------------------------+

Hit:1 http://127.0.0.1:12990/debian sid InRelease
Reading package lists...
Reading package lists...
Building dependency tree...
Reading state information...
Calculating upgrade...
0 upgraded, 0 newly installed, 0 to remove and 0 not upgraded.

+------------------------------------------------------------------------------+
| Fetch source files                                                           |
+------------------------------------------------------------------------------+


Check APT
---------

Checking available source versions...

Download source files with APT
------------------------------

Reading package lists...
NOTICE: 'apt' packaging is maintained in the 'Git' version control system at:
https://salsa.debian.org/apt-team/apt.git
Please use:
git clone https://salsa.debian.org/apt-team/apt.git
to retrieve the latest (possibly unreleased) updates to the package.
Need to get 2171 kB of source archives.
Get:1 http://127.0.0.1:12990/debian sid/main apt 2.0.2 (dsc) [2756 B]
Get:2 http://127.0.0.1:12990/debian sid/main apt 2.0.2 (tar) [2169 kB]
Fetched 2171 kB in 0s (18.2 MB/s)
Download complete and in download only mode
I: NOTICE: Log filtering will replace 'build/apt-tcRJXh/apt-2.0.2' with '<<PKGBUILDDIR>>'
I: NOTICE: Log filtering will replace 'build/apt-tcRJXh' with '<<BUILDDIR>>'

+------------------------------------------------------------------------------+
| Install package build dependencies                                           |
+------------------------------------------------------------------------------+


Setup apt archive
-----------------

Merged Build-Depends: cmake (>= 3.4), debhelper-compat (= 12), docbook-xml, docbook-xsl, dpkg-dev (>= 1.17.14), gettext (>= 0.12), googletest | libgtest-dev, libbz2-dev, libdb-dev, libgnutls28-dev (>= 3.4.6), libgcrypt20-dev, liblz4-dev (>= 0.0~r126), liblzma-dev, libseccomp-dev (>= 2.4.2), libsystemd-dev, libudev-dev, libzstd-dev (>= 1.0), ninja-build, pkg-config, po4a (>= 0.34-2), triehash, xsltproc, zlib1g-dev, build-essential, fakeroot, doxygen, graphviz, w3m
Filtered Build-Depends: cmake (>= 3.4), debhelper-compat (= 12), docbook-xml, docbook-xsl, dpkg-dev (>= 1.17.14), gettext (>= 0.12), googletest, libbz2-dev, libdb-dev, libgnutls28-dev (>= 3.4.6), libgcrypt20-dev, liblz4-dev (>= 0.0~r126), liblzma-dev, libseccomp-dev (>= 2.4.2), libsystemd-dev, libudev-dev, libzstd-dev (>= 1.0), ninja-build, pkg-config, po4a (>= 0.34-2), triehash, xsltproc, zlib1g-dev, build-essential, fakeroot, doxygen, graphviz, w3m
dpkg-deb: building package 'sbuild-build-depends-main-dummy' in '/<<RESOLVERDIR>>/apt_archive/sbuild-build-depends-main-dummy.deb'.
Ign:1 copy:/<<RESOLVERDIR>>/apt_archive ./ InRelease
Get:2 copy:/<<RESOLVERDIR>>/apt_archive ./ Release [963 B]
Ign:3 copy:/<<RESOLVERDIR>>/apt_archive ./ Release.gpg
Get:4 copy:/<<RESOLVERDIR>>/apt_archive ./ Sources [659 B]
Get:5 copy:/<<RESOLVERDIR>>/apt_archive ./ Packages [644 B]
Fetched 2266 B in 0s (0 B/s)
Reading package lists...
Reading package lists...

Install main build dependencies (apt-based resolver)
----------------------------------------------------

Installing build dependencies
Reading package lists...
Building dependency tree...
Reading state information...
The following additional packages will be installed:
  autoconf automake autopoint autotools-dev bsdmainutils cmake cmake-data
  debhelper dh-autoreconf dh-strip-nondeterminism docbook-xml docbook-xsl
  doxygen dwz file fontconfig fontconfig-config fonts-dejavu-core gettext
  gettext-base googletest graphviz groff-base intltool-debian libann0
  libarchive-zip-perl libarchive13 libbrotli1 libbz2-dev libcairo2 libcdt5
  libcgraph6 libclang1-9 libcroco3 libcurl4 libdatrie1 libdb-dev libdb5.3-dev
  libdebhelper-perl libelf1 libevent-2.1-7 libexpat1
  libfile-stripnondeterminism-perl libfontconfig1 libfreetype6 libfribidi0
  libgcrypt20-dev libgd3 libglib2.0-0 libgmp-dev libgmpxx4ldbl libgnutls-dane0
  libgnutls-openssl27 libgnutls28-dev libgnutlsxx28 libgpg-error-dev libgpm2
  libgraphite2-3 libgssapi-krb5-2 libgts-0.7-5 libgvc6 libgvpr2 libharfbuzz0b
  libice6 libicu63 libidn2-dev libjbig0 libjpeg62-turbo libjsoncpp1
  libk5crypto3 libkeyutils1 libkrb5-3 libkrb5support0 liblab-gamut1
  libldap-2.4-2 libldap-common libllvm9 libltdl7 liblz4-dev liblzma-dev
  libmagic-mgc libmagic1 libncurses6 libnghttp2-14 libosp5 libp11-kit-dev
  libpango-1.0-0 libpangocairo-1.0-0 libpangoft2-1.0-0 libpathplan4
  libpipeline1 libpixman-1-0 libpng16-16 libprocps8 libpsl5 librhash0 librtmp1
  libsasl2-2 libsasl2-modules-db libseccomp-dev libsgmls-perl libsigsegv2
  libsm6 libssh2-1 libssl1.1 libsub-override-perl libsystemd-dev
  libtasn1-6-dev libthai-data libthai0 libtiff5 libtool libuchardet0
  libudev-dev libunbound8 libuv1 libwebp6 libx11-6 libx11-data libxapian30
  libxau6 libxaw7 libxcb-render0 libxcb-shm0 libxcb1 libxdmcp6 libxext6
  libxml2 libxmu6 libxpm4 libxrender1 libxslt1.1 libxt6 libyaml-tiny-perl
  libzstd-dev m4 man-db nettle-dev ninja-build opensp pkg-config po-debconf
  po4a procps sensible-utils sgml-base sgml-data triehash ucf w3m x11-common
  xml-core xsltproc zlib1g-dev
Suggested packages:
  autoconf-archive gnu-standards autoconf-doc wamerican | wordlist whois
  vacation cmake-doc dh-make docbook docbook-dsssl docbook-defguide dbtoepub
  docbook-xsl-doc-html | docbook-xsl-doc-pdf | docbook-xsl-doc-text
  | docbook-xsl-doc docbook-xsl-saxon fop libsaxon-java libxalan2-java
  libxslthl-java xalan doxygen-latex doxygen-doc doxygen-gui gettext-doc
  libasprintf-dev libgettextpo-dev gsfonts graphviz-doc groff lrzip db5.3-doc
  libgcrypt20-doc libgd-tools gmp-doc libgmp10-doc libmpfr-dev dns-root-data
  gnutls-bin gnutls-doc gpm krb5-doc krb5-user liblzma-doc seccomp sgmlspl
  sgmls-doc libtool-doc gfortran | fortran95-compiler gcj-jdk xapian-tools
  m4-doc apparmor less python3 doc-base libmail-box-perl sgml-base-doc
  perlsgml w3-recs libxml2-utils cmigemo dict dict-wn dictd libsixel-bin
  mime-support mpv w3m-el w3m-img wget | curl xdg-utils xsel
Recommended packages:
  curl | wget | lynx fonts-liberation bzip2-doc ca-certificates
  libarchive-cpio-perl libglib2.0-data shared-mime-info xdg-user-dirs
  libgts-bin krb5-locales publicsuffix libsasl2-modules libtasn1-doc
  libltdl-dev libmail-sendmail-perl liblocale-gettext-perl
  libterm-readkey-perl libtext-wrapi18n-perl libunicode-linebreak-perl psmisc
The following NEW packages will be installed:
  autoconf automake autopoint autotools-dev bsdmainutils cmake cmake-data
  debhelper dh-autoreconf dh-strip-nondeterminism docbook-xml docbook-xsl
  doxygen dwz file fontconfig fontconfig-config fonts-dejavu-core gettext
  gettext-base googletest graphviz groff-base intltool-debian libann0
  libarchive-zip-perl libarchive13 libbrotli1 libbz2-dev libcairo2 libcdt5
  libcgraph6 libclang1-9 libcroco3 libcurl4 libdatrie1 libdb-dev libdb5.3-dev
  libdebhelper-perl libelf1 libevent-2.1-7 libexpat1
  libfile-stripnondeterminism-perl libfontconfig1 libfreetype6 libfribidi0
  libgcrypt20-dev libgd3 libglib2.0-0 libgmp-dev libgmpxx4ldbl libgnutls-dane0
  libgnutls-openssl27 libgnutls28-dev libgnutlsxx28 libgpg-error-dev libgpm2
  libgraphite2-3 libgssapi-krb5-2 libgts-0.7-5 libgvc6 libgvpr2 libharfbuzz0b
  libice6 libicu63 libidn2-dev libjbig0 libjpeg62-turbo libjsoncpp1
  libk5crypto3 libkeyutils1 libkrb5-3 libkrb5support0 liblab-gamut1
  libldap-2.4-2 libldap-common libllvm9 libltdl7 liblz4-dev liblzma-dev
  libmagic-mgc libmagic1 libncurses6 libnghttp2-14 libosp5 libp11-kit-dev
  libpango-1.0-0 libpangocairo-1.0-0 libpangoft2-1.0-0 libpathplan4
  libpipeline1 libpixman-1-0 libpng16-16 libprocps8 libpsl5 librhash0 librtmp1
  libsasl2-2 libsasl2-modules-db libseccomp-dev libsgmls-perl libsigsegv2
  libsm6 libssh2-1 libssl1.1 libsub-override-perl libsystemd-dev
  libtasn1-6-dev libthai-data libthai0 libtiff5 libtool libuchardet0
  libudev-dev libunbound8 libuv1 libwebp6 libx11-6 libx11-data libxapian30
  libxau6 libxaw7 libxcb-render0 libxcb-shm0 libxcb1 libxdmcp6 libxext6
  libxml2 libxmu6 libxpm4 libxrender1 libxslt1.1 libxt6 libyaml-tiny-perl
  libzstd-dev m4 man-db nettle-dev ninja-build opensp pkg-config po-debconf
  po4a procps sbuild-build-depends-main-dummy sensible-utils sgml-base
  sgml-data triehash ucf w3m x11-common xml-core xsltproc zlib1g-dev
0 upgraded, 155 newly installed, 0 to remove and 0 not upgraded.
Need to get 88.0 MB of archives.
After this operation, 344 MB of additional disk space will be used.
Get:1 copy:/<<RESOLVERDIR>>/apt_archive ./ sbuild-build-depends-main-dummy 0.invalid.0 [1076 B]
Get:2 http://127.0.0.1:12990/debian sid/main amd64 bsdmainutils amd64 11.1.2+b1 [191 kB]
Get:3 http://127.0.0.1:12990/debian sid/main amd64 libuchardet0 amd64 0.0.6-3 [64.9 kB]
Get:4 http://127.0.0.1:12990/debian sid/main amd64 groff-base amd64 1.22.4-4 [919 kB]
Get:5 http://127.0.0.1:12990/debian sid/main amd64 libpipeline1 amd64 1.5.2-2 [33.9 kB]
Get:6 http://127.0.0.1:12990/debian sid/main amd64 man-db amd64 2.9.1-1 [1308 kB]
Get:7 http://127.0.0.1:12990/debian sid/main amd64 sgml-base all 1.30 [15.1 kB]
Get:8 http://127.0.0.1:12990/debian sid/main amd64 libncurses6 amd64 6.2-1 [102 kB]
Get:9 http://127.0.0.1:12990/debian sid/main amd64 libprocps8 amd64 2:3.3.16-4 [62.7 kB]
Get:10 http://127.0.0.1:12990/debian sid/main amd64 procps amd64 2:3.3.16-4 [262 kB]
Get:11 http://127.0.0.1:12990/debian sid/main amd64 sensible-utils all 0.0.12+nmu1 [16.0 kB]
Get:12 http://127.0.0.1:12990/debian sid/main amd64 libmagic-mgc amd64 1:5.38-4 [262 kB]
Get:13 http://127.0.0.1:12990/debian sid/main amd64 libmagic1 amd64 1:5.38-4 [120 kB]
Get:14 http://127.0.0.1:12990/debian sid/main amd64 file amd64 1:5.38-4 [67.9 kB]
Get:15 http://127.0.0.1:12990/debian sid/main amd64 gettext-base amd64 0.19.8.1-10 [123 kB]
Get:16 http://127.0.0.1:12990/debian sid/main amd64 ucf all 3.0038+nmu1 [69.0 kB]
Get:17 http://127.0.0.1:12990/debian sid/main amd64 libsigsegv2 amd64 2.12-2 [32.8 kB]
Get:18 http://127.0.0.1:12990/debian sid/main amd64 m4 amd64 1.4.18-4 [203 kB]
Get:19 http://127.0.0.1:12990/debian sid/main amd64 autoconf all 2.69-11.1 [341 kB]
Get:20 http://127.0.0.1:12990/debian sid/main amd64 autotools-dev all 20180224.1 [77.0 kB]
Get:21 http://127.0.0.1:12990/debian sid/main amd64 automake all 1:1.16.2-1 [775 kB]
Get:22 http://127.0.0.1:12990/debian sid/main amd64 autopoint all 0.19.8.1-10 [435 kB]
Get:23 http://127.0.0.1:12990/debian sid/main amd64 cmake-data all 3.16.3-2 [1628 kB]
Get:24 http://127.0.0.1:12990/debian sid/main amd64 libicu63 amd64 63.2-3 [8296 kB]
Get:25 http://127.0.0.1:12990/debian sid/main amd64 libxml2 amd64 2.9.10+dfsg-5 [709 kB]
Get:26 http://127.0.0.1:12990/debian sid/main amd64 libarchive13 amd64 3.4.0-2 [335 kB]
Get:27 http://127.0.0.1:12990/debian sid/main amd64 libbrotli1 amd64 1.0.7-6.1 [267 kB]
Get:28 http://127.0.0.1:12990/debian sid/main amd64 libkrb5support0 amd64 1.17-7 [64.4 kB]
Get:29 http://127.0.0.1:12990/debian sid/main amd64 libk5crypto3 amd64 1.17-7 [115 kB]
Get:30 http://127.0.0.1:12990/debian sid/main amd64 libkeyutils1 amd64 1.6.1-2 [15.4 kB]
Get:31 http://127.0.0.1:12990/debian sid/main amd64 libssl1.1 amd64 1.1.1g-1 [1543 kB]
Get:32 http://127.0.0.1:12990/debian sid/main amd64 libkrb5-3 amd64 1.17-7 [366 kB]
Get:33 http://127.0.0.1:12990/debian sid/main amd64 libgssapi-krb5-2 amd64 1.17-7 [156 kB]
Get:34 http://127.0.0.1:12990/debian sid/main amd64 libsasl2-modules-db amd64 2.1.27+dfsg-2 [69.0 kB]
Get:35 http://127.0.0.1:12990/debian sid/main amd64 libsasl2-2 amd64 2.1.27+dfsg-2 [106 kB]
Get:36 http://127.0.0.1:12990/debian sid/main amd64 libldap-common all 2.4.50+dfsg-1 [92.9 kB]
Get:37 http://127.0.0.1:12990/debian sid/main amd64 libldap-2.4-2 amd64 2.4.50+dfsg-1 [228 kB]
Get:38 http://127.0.0.1:12990/debian sid/main amd64 libnghttp2-14 amd64 1.40.0-1 [85.0 kB]
Get:39 http://127.0.0.1:12990/debian sid/main amd64 libpsl5 amd64 0.21.0-1 [55.1 kB]
Get:40 http://127.0.0.1:12990/debian sid/main amd64 librtmp1 amd64 2.4+20151223.gitfa8646d.1-2+b1 [60.8 kB]
Get:41 http://127.0.0.1:12990/debian sid/main amd64 libssh2-1 amd64 1.8.0-2.1 [140 kB]
Get:42 http://127.0.0.1:12990/debian sid/main amd64 libcurl4 amd64 7.68.0-1 [321 kB]
Get:43 http://127.0.0.1:12990/debian sid/main amd64 libexpat1 amd64 2.2.9-1 [94.3 kB]
Get:44 http://127.0.0.1:12990/debian sid/main amd64 libjsoncpp1 amd64 1.7.4-3.1 [77.6 kB]
Get:45 http://127.0.0.1:12990/debian sid/main amd64 librhash0 amd64 1.3.9-1 [123 kB]
Get:46 http://127.0.0.1:12990/debian sid/main amd64 libuv1 amd64 1.35.0-2 [128 kB]
Get:47 http://127.0.0.1:12990/debian sid/main amd64 cmake amd64 3.16.3-2 [3675 kB]
Get:48 http://127.0.0.1:12990/debian sid/main amd64 libtool all 2.4.6-14 [513 kB]
Get:49 http://127.0.0.1:12990/debian sid/main amd64 dh-autoreconf all 19 [16.9 kB]
Get:50 http://127.0.0.1:12990/debian sid/main amd64 libdebhelper-perl all 13 [184 kB]
Get:51 http://127.0.0.1:12990/debian sid/main amd64 libarchive-zip-perl all 1.68-1 [104 kB]
Get:52 http://127.0.0.1:12990/debian sid/main amd64 libsub-override-perl all 0.09-2 [10.2 kB]
Get:53 http://127.0.0.1:12990/debian sid/main amd64 libfile-stripnondeterminism-perl all 1.8.0-1 [24.2 kB]
Get:54 http://127.0.0.1:12990/debian sid/main amd64 dh-strip-nondeterminism all 1.8.0-1 [14.8 kB]
Get:55 http://127.0.0.1:12990/debian sid/main amd64 libelf1 amd64 0.176-1.1 [161 kB]
Get:56 http://127.0.0.1:12990/debian sid/main amd64 dwz amd64 0.13-5 [151 kB]
Get:57 http://127.0.0.1:12990/debian sid/main amd64 libglib2.0-0 amd64 2.64.2-1 [1343 kB]
Get:58 http://127.0.0.1:12990/debian sid/main amd64 libcroco3 amd64 0.6.13-1 [146 kB]
Get:59 http://127.0.0.1:12990/debian sid/main amd64 gettext amd64 0.19.8.1-10 [1303 kB]
Get:60 http://127.0.0.1:12990/debian sid/main amd64 intltool-debian all 0.35.0+20060710.5 [26.8 kB]
Get:61 http://127.0.0.1:12990/debian sid/main amd64 po-debconf all 1.0.21 [248 kB]
Get:62 http://127.0.0.1:12990/debian sid/main amd64 debhelper all 13 [1002 kB]
Get:63 http://127.0.0.1:12990/debian sid/main amd64 xml-core all 0.18+nmu1 [23.8 kB]
Get:64 http://127.0.0.1:12990/debian sid/main amd64 sgml-data all 2.0.11 [179 kB]
Get:65 http://127.0.0.1:12990/debian sid/main amd64 docbook-xml all 4.5-9 [84.4 kB]
Get:66 http://127.0.0.1:12990/debian sid/main amd64 docbook-xsl all 1.79.1+dfsg-2 [1249 kB]
Get:67 http://127.0.0.1:12990/debian sid/main amd64 libllvm9 amd64 1:9.0.1-12 [15.0 MB]
Get:68 http://127.0.0.1:12990/debian sid/main amd64 libclang1-9 amd64 1:9.0.1-12 [6713 kB]
Get:69 http://127.0.0.1:12990/debian sid/main amd64 libxapian30 amd64 1.4.15-1 [1085 kB]
Get:70 http://127.0.0.1:12990/debian sid/main amd64 doxygen amd64 1.8.17-1 [9482 kB]
Get:71 http://127.0.0.1:12990/debian sid/main amd64 libpng16-16 amd64 1.6.37-2 [292 kB]
Get:72 http://127.0.0.1:12990/debian sid/main amd64 libfreetype6 amd64 2.10.1-2 [392 kB]
Get:73 http://127.0.0.1:12990/debian sid/main amd64 fonts-dejavu-core all 2.37-1 [1068 kB]
Get:74 http://127.0.0.1:12990/debian sid/main amd64 fontconfig-config all 2.13.1-4 [281 kB]
Get:75 http://127.0.0.1:12990/debian sid/main amd64 libfontconfig1 amd64 2.13.1-4 [347 kB]
Get:76 http://127.0.0.1:12990/debian sid/main amd64 fontconfig amd64 2.13.1-4 [416 kB]
Get:77 http://127.0.0.1:12990/debian sid/main amd64 googletest all 1.10.0-3 [626 kB]
Get:78 http://127.0.0.1:12990/debian sid/main amd64 libann0 amd64 1.1.2+doc-7 [25.3 kB]
Get:79 http://127.0.0.1:12990/debian sid/main amd64 libcdt5 amd64 2.42.2-4 [60.7 kB]
Get:80 http://127.0.0.1:12990/debian sid/main amd64 libcgraph6 amd64 2.42.2-4 [85.0 kB]
Get:81 http://127.0.0.1:12990/debian sid/main amd64 libjpeg62-turbo amd64 1:1.5.2-2+b1 [134 kB]
Get:82 http://127.0.0.1:12990/debian sid/main amd64 libjbig0 amd64 2.1-3.1+b2 [31.0 kB]
Get:83 http://127.0.0.1:12990/debian sid/main amd64 libwebp6 amd64 0.6.1-2+b1 [261 kB]
Get:84 http://127.0.0.1:12990/debian sid/main amd64 libtiff5 amd64 4.1.0+git191117-2 [271 kB]
Get:85 http://127.0.0.1:12990/debian sid/main amd64 libxau6 amd64 1:1.0.8-1+b2 [19.9 kB]
Get:86 http://127.0.0.1:12990/debian sid/main amd64 libxdmcp6 amd64 1:1.1.2-3 [26.3 kB]
Get:87 http://127.0.0.1:12990/debian sid/main amd64 libxcb1 amd64 1.14-2 [139 kB]
Get:88 http://127.0.0.1:12990/debian sid/main amd64 libx11-data all 2:1.6.9-2 [298 kB]
Get:89 http://127.0.0.1:12990/debian sid/main amd64 libx11-6 amd64 2:1.6.9-2 [759 kB]
Get:90 http://127.0.0.1:12990/debian sid/main amd64 libxpm4 amd64 1:3.5.12-1 [49.1 kB]
Get:91 http://127.0.0.1:12990/debian sid/main amd64 libgd3 amd64 2.3.0-1 [137 kB]
Get:92 http://127.0.0.1:12990/debian sid/main amd64 libgts-0.7-5 amd64 0.7.6+darcs121130-4+b1 [158 kB]
Get:93 http://127.0.0.1:12990/debian sid/main amd64 libpixman-1-0 amd64 0.36.0-1 [537 kB]
Get:94 http://127.0.0.1:12990/debian sid/main amd64 libxcb-render0 amd64 1.14-2 [111 kB]
Get:95 http://127.0.0.1:12990/debian sid/main amd64 libxcb-shm0 amd64 1.14-2 [101 kB]
Get:96 http://127.0.0.1:12990/debian sid/main amd64 libxext6 amd64 2:1.3.3-1+b2 [52.5 kB]
Get:97 http://127.0.0.1:12990/debian sid/main amd64 libxrender1 amd64 1:0.9.10-1 [33.0 kB]
Get:98 http://127.0.0.1:12990/debian sid/main amd64 libcairo2 amd64 1.16.0-4 [689 kB]
Get:99 http://127.0.0.1:12990/debian sid/main amd64 libltdl7 amd64 2.4.6-14 [390 kB]
Get:100 http://127.0.0.1:12990/debian sid/main amd64 libfribidi0 amd64 1.0.8-2 [64.8 kB]
Get:101 http://127.0.0.1:12990/debian sid/main amd64 libgraphite2-3 amd64 1.3.14-1 [81.2 kB]
Get:102 http://127.0.0.1:12990/debian sid/main amd64 libharfbuzz0b amd64 2.6.4-1 [1360 kB]
Get:103 http://127.0.0.1:12990/debian sid/main amd64 libthai-data all 0.1.28-3 [170 kB]
Get:104 http://127.0.0.1:12990/debian sid/main amd64 libdatrie1 amd64 0.2.12-3 [39.5 kB]
Get:105 http://127.0.0.1:12990/debian sid/main amd64 libthai0 amd64 0.1.28-3 [54.2 kB]
Get:106 http://127.0.0.1:12990/debian sid/main amd64 libpango-1.0-0 amd64 1.44.7-4 [183 kB]
Get:107 http://127.0.0.1:12990/debian sid/main amd64 libpangoft2-1.0-0 amd64 1.44.7-4 [59.0 kB]
Get:108 http://127.0.0.1:12990/debian sid/main amd64 libpangocairo-1.0-0 amd64 1.44.7-4 [48.9 kB]
Get:109 http://127.0.0.1:12990/debian sid/main amd64 libpathplan4 amd64 2.42.2-4 [63.9 kB]
Get:110 http://127.0.0.1:12990/debian sid/main amd64 libgvc6 amd64 2.42.2-4 [691 kB]
Get:111 http://127.0.0.1:12990/debian sid/main amd64 libgvpr2 amd64 2.42.2-4 [211 kB]
Get:112 http://127.0.0.1:12990/debian sid/main amd64 liblab-gamut1 amd64 2.42.2-4 [221 kB]
Get:113 http://127.0.0.1:12990/debian sid/main amd64 x11-common all 1:7.7+20 [252 kB]
Get:114 http://127.0.0.1:12990/debian sid/main amd64 libice6 amd64 2:1.0.9-2 [58.7 kB]
Get:115 http://127.0.0.1:12990/debian sid/main amd64 libsm6 amd64 2:1.2.3-1 [35.1 kB]
Get:116 http://127.0.0.1:12990/debian sid/main amd64 libxt6 amd64 1:1.1.5-1+b3 [190 kB]
Get:117 http://127.0.0.1:12990/debian sid/main amd64 libxmu6 amd64 2:1.1.2-2+b3 [60.8 kB]
Get:118 http://127.0.0.1:12990/debian sid/main amd64 libxaw7 amd64 2:1.0.13-1+b2 [201 kB]
Get:119 http://127.0.0.1:12990/debian sid/main amd64 graphviz amd64 2.42.2-4 [630 kB]
Get:120 http://127.0.0.1:12990/debian sid/main amd64 libbz2-dev amd64 1.0.8-2 [30.1 kB]
Get:121 http://127.0.0.1:12990/debian sid/main amd64 libdb5.3-dev amd64 5.3.28+dfsg1-0.6 [761 kB]
Get:122 http://127.0.0.1:12990/debian sid/main amd64 libdb-dev amd64 5.3.1+nmu1 [2500 B]
Get:123 http://127.0.0.1:12990/debian sid/main amd64 libevent-2.1-7 amd64 2.1.11-stable-1 [186 kB]
Get:124 http://127.0.0.1:12990/debian sid/main amd64 libgpg-error-dev amd64 1.37-1 [127 kB]
Get:125 http://127.0.0.1:12990/debian sid/main amd64 libgcrypt20-dev amd64 1.8.5-5 [609 kB]
Get:126 http://127.0.0.1:12990/debian sid/main amd64 libgmpxx4ldbl amd64 2:6.2.0+dfsg-4 [23.0 kB]
Get:127 http://127.0.0.1:12990/debian sid/main amd64 libgmp-dev amd64 2:6.2.0+dfsg-4 [643 kB]
Get:128 http://127.0.0.1:12990/debian sid/main amd64 libunbound8 amd64 1.10.0-1 [485 kB]
Get:129 http://127.0.0.1:12990/debian sid/main amd64 libgnutls-dane0 amd64 3.6.13-2 [361 kB]
Get:130 http://127.0.0.1:12990/debian sid/main amd64 libgnutls-openssl27 amd64 3.6.13-2 [362 kB]
Get:131 http://127.0.0.1:12990/debian sid/main amd64 libgnutlsxx28 amd64 3.6.13-2 [14.6 kB]
Get:132 http://127.0.0.1:12990/debian sid/main amd64 libidn2-dev amd64 2.3.0-1 [87.0 kB]
Get:133 http://127.0.0.1:12990/debian sid/main amd64 libp11-kit-dev amd64 0.23.20-1 [205 kB]
Get:134 http://127.0.0.1:12990/debian sid/main amd64 libtasn1-6-dev amd64 4.16.0-2 [104 kB]
Get:135 http://127.0.0.1:12990/debian sid/main amd64 nettle-dev amd64 3.5.1+really3.5.1-2 [1115 kB]
Get:136 http://127.0.0.1:12990/debian sid/main amd64 libgnutls28-dev amd64 3.6.13-2 [1204 kB]
Get:137 http://127.0.0.1:12990/debian sid/main amd64 libgpm2 amd64 1.20.7-6 [35.3 kB]
Get:138 http://127.0.0.1:12990/debian sid/main amd64 liblz4-dev amd64 1.9.2-2 [76.7 kB]
Get:139 http://127.0.0.1:12990/debian sid/main amd64 liblzma-dev amd64 5.2.4-1+b1 [211 kB]
Get:140 http://127.0.0.1:12990/debian sid/main amd64 libosp5 amd64 1.5.2-13+b1 [948 kB]
Get:141 http://127.0.0.1:12990/debian sid/main amd64 libseccomp-dev amd64 2.4.3-1+b1 [73.8 kB]
Get:142 http://127.0.0.1:12990/debian sid/main amd64 libsgmls-perl all 1.03ii-36 [26.5 kB]
Get:143 http://127.0.0.1:12990/debian sid/main amd64 libsystemd-dev amd64 245.5-2 [343 kB]
Get:144 http://127.0.0.1:12990/debian sid/main amd64 libudev-dev amd64 245.5-2 [116 kB]
Get:145 http://127.0.0.1:12990/debian sid/main amd64 libxslt1.1 amd64 1.1.34-4 [239 kB]
Get:146 http://127.0.0.1:12990/debian sid/main amd64 libyaml-tiny-perl all 1.73-1 [32.3 kB]
Get:147 http://127.0.0.1:12990/debian sid/main amd64 libzstd-dev amd64 1.4.4+dfsg-3 [300 kB]
Get:148 http://127.0.0.1:12990/debian sid/main amd64 ninja-build amd64 1.10.0-1 [107 kB]
Get:149 http://127.0.0.1:12990/debian sid/main amd64 opensp amd64 1.5.2-13+b1 [449 kB]
Get:150 http://127.0.0.1:12990/debian sid/main amd64 pkg-config amd64 0.29.2-1 [65.1 kB]
Get:151 http://127.0.0.1:12990/debian sid/main amd64 po4a all 0.57-2 [1563 kB]
Get:152 http://127.0.0.1:12990/debian sid/main amd64 triehash all 0.3-3 [12.3 kB]
Get:153 http://127.0.0.1:12990/debian sid/main amd64 w3m amd64 0.5.3-38 [1030 kB]
Get:154 http://127.0.0.1:12990/debian sid/main amd64 xsltproc amd64 1.1.34-4 [124 kB]
Get:155 http://127.0.0.1:12990/debian sid/main amd64 zlib1g-dev amd64 1:1.2.11.dfsg-2 [190 kB]
debconf: delaying package configuration, since apt-utils is not installed
Fetched 88.0 MB in 1s (133 MB/s)
Selecting previously unselected package bsdmainutils.
(Reading database ... 13685 files and directories currently installed.)
Preparing to unpack .../000-bsdmainutils_11.1.2+b1_amd64.deb ...
Unpacking bsdmainutils (11.1.2+b1) ...
Selecting previously unselected package libuchardet0:amd64.
Preparing to unpack .../001-libuchardet0_0.0.6-3_amd64.deb ...
Unpacking libuchardet0:amd64 (0.0.6-3) ...
Selecting previously unselected package groff-base.
Preparing to unpack .../002-groff-base_1.22.4-4_amd64.deb ...
Unpacking groff-base (1.22.4-4) ...
Selecting previously unselected package libpipeline1:amd64.
Preparing to unpack .../003-libpipeline1_1.5.2-2_amd64.deb ...
Unpacking libpipeline1:amd64 (1.5.2-2) ...
Selecting previously unselected package man-db.
Preparing to unpack .../004-man-db_2.9.1-1_amd64.deb ...
Unpacking man-db (2.9.1-1) ...
Selecting previously unselected package sgml-base.
Preparing to unpack .../005-sgml-base_1.30_all.deb ...
Unpacking sgml-base (1.30) ...
Selecting previously unselected package libncurses6:amd64.
Preparing to unpack .../006-libncurses6_6.2-1_amd64.deb ...
Unpacking libncurses6:amd64 (6.2-1) ...
Selecting previously unselected package libprocps8:amd64.
Preparing to unpack .../007-libprocps8_2%3a3.3.16-4_amd64.deb ...
Unpacking libprocps8:amd64 (2:3.3.16-4) ...
Selecting previously unselected package procps.
Preparing to unpack .../008-procps_2%3a3.3.16-4_amd64.deb ...
Unpacking procps (2:3.3.16-4) ...
Selecting previously unselected package sensible-utils.
Preparing to unpack .../009-sensible-utils_0.0.12+nmu1_all.deb ...
Unpacking sensible-utils (0.0.12+nmu1) ...
Selecting previously unselected package libmagic-mgc.
Preparing to unpack .../010-libmagic-mgc_1%3a5.38-4_amd64.deb ...
Unpacking libmagic-mgc (1:5.38-4) ...
Selecting previously unselected package libmagic1:amd64.
Preparing to unpack .../011-libmagic1_1%3a5.38-4_amd64.deb ...
Unpacking libmagic1:amd64 (1:5.38-4) ...
Selecting previously unselected package file.
Preparing to unpack .../012-file_1%3a5.38-4_amd64.deb ...
Unpacking file (1:5.38-4) ...
Selecting previously unselected package gettext-base.
Preparing to unpack .../013-gettext-base_0.19.8.1-10_amd64.deb ...
Unpacking gettext-base (0.19.8.1-10) ...
Selecting previously unselected package ucf.
Preparing to unpack .../014-ucf_3.0038+nmu1_all.deb ...
Moving old data out of the way
Unpacking ucf (3.0038+nmu1) ...
Selecting previously unselected package libsigsegv2:amd64.
Preparing to unpack .../015-libsigsegv2_2.12-2_amd64.deb ...
Unpacking libsigsegv2:amd64 (2.12-2) ...
Selecting previously unselected package m4.
Preparing to unpack .../016-m4_1.4.18-4_amd64.deb ...
Unpacking m4 (1.4.18-4) ...
Selecting previously unselected package autoconf.
Preparing to unpack .../017-autoconf_2.69-11.1_all.deb ...
Unpacking autoconf (2.69-11.1) ...
Selecting previously unselected package autotools-dev.
Preparing to unpack .../018-autotools-dev_20180224.1_all.deb ...
Unpacking autotools-dev (20180224.1) ...
Selecting previously unselected package automake.
Preparing to unpack .../019-automake_1%3a1.16.2-1_all.deb ...
Unpacking automake (1:1.16.2-1) ...
Selecting previously unselected package autopoint.
Preparing to unpack .../020-autopoint_0.19.8.1-10_all.deb ...
Unpacking autopoint (0.19.8.1-10) ...
Selecting previously unselected package cmake-data.
Preparing to unpack .../021-cmake-data_3.16.3-2_all.deb ...
Unpacking cmake-data (3.16.3-2) ...
Selecting previously unselected package libicu63:amd64.
Preparing to unpack .../022-libicu63_63.2-3_amd64.deb ...
Unpacking libicu63:amd64 (63.2-3) ...
Selecting previously unselected package libxml2:amd64.
Preparing to unpack .../023-libxml2_2.9.10+dfsg-5_amd64.deb ...
Unpacking libxml2:amd64 (2.9.10+dfsg-5) ...
Selecting previously unselected package libarchive13:amd64.
Preparing to unpack .../024-libarchive13_3.4.0-2_amd64.deb ...
Unpacking libarchive13:amd64 (3.4.0-2) ...
Selecting previously unselected package libbrotli1:amd64.
Preparing to unpack .../025-libbrotli1_1.0.7-6.1_amd64.deb ...
Unpacking libbrotli1:amd64 (1.0.7-6.1) ...
Selecting previously unselected package libkrb5support0:amd64.
Preparing to unpack .../026-libkrb5support0_1.17-7_amd64.deb ...
Unpacking libkrb5support0:amd64 (1.17-7) ...
Selecting previously unselected package libk5crypto3:amd64.
Preparing to unpack .../027-libk5crypto3_1.17-7_amd64.deb ...
Unpacking libk5crypto3:amd64 (1.17-7) ...
Selecting previously unselected package libkeyutils1:amd64.
Preparing to unpack .../028-libkeyutils1_1.6.1-2_amd64.deb ...
Unpacking libkeyutils1:amd64 (1.6.1-2) ...
Selecting previously unselected package libssl1.1:amd64.
Preparing to unpack .../029-libssl1.1_1.1.1g-1_amd64.deb ...
Unpacking libssl1.1:amd64 (1.1.1g-1) ...
Selecting previously unselected package libkrb5-3:amd64.
Preparing to unpack .../030-libkrb5-3_1.17-7_amd64.deb ...
Unpacking libkrb5-3:amd64 (1.17-7) ...
Selecting previously unselected package libgssapi-krb5-2:amd64.
Preparing to unpack .../031-libgssapi-krb5-2_1.17-7_amd64.deb ...
Unpacking libgssapi-krb5-2:amd64 (1.17-7) ...
Selecting previously unselected package libsasl2-modules-db:amd64.
Preparing to unpack .../032-libsasl2-modules-db_2.1.27+dfsg-2_amd64.deb ...
Unpacking libsasl2-modules-db:amd64 (2.1.27+dfsg-2) ...
Selecting previously unselected package libsasl2-2:amd64.
Preparing to unpack .../033-libsasl2-2_2.1.27+dfsg-2_amd64.deb ...
Unpacking libsasl2-2:amd64 (2.1.27+dfsg-2) ...
Selecting previously unselected package libldap-common.
Preparing to unpack .../034-libldap-common_2.4.50+dfsg-1_all.deb ...
Unpacking libldap-common (2.4.50+dfsg-1) ...
Selecting previously unselected package libldap-2.4-2:amd64.
Preparing to unpack .../035-libldap-2.4-2_2.4.50+dfsg-1_amd64.deb ...
Unpacking libldap-2.4-2:amd64 (2.4.50+dfsg-1) ...
Selecting previously unselected package libnghttp2-14:amd64.
Preparing to unpack .../036-libnghttp2-14_1.40.0-1_amd64.deb ...
Unpacking libnghttp2-14:amd64 (1.40.0-1) ...
Selecting previously unselected package libpsl5:amd64.
Preparing to unpack .../037-libpsl5_0.21.0-1_amd64.deb ...
Unpacking libpsl5:amd64 (0.21.0-1) ...
Selecting previously unselected package librtmp1:amd64.
Preparing to unpack .../038-librtmp1_2.4+20151223.gitfa8646d.1-2+b1_amd64.deb ...
Unpacking librtmp1:amd64 (2.4+20151223.gitfa8646d.1-2+b1) ...
Selecting previously unselected package libssh2-1:amd64.
Preparing to unpack .../039-libssh2-1_1.8.0-2.1_amd64.deb ...
Unpacking libssh2-1:amd64 (1.8.0-2.1) ...
Selecting previously unselected package libcurl4:amd64.
Preparing to unpack .../040-libcurl4_7.68.0-1_amd64.deb ...
Unpacking libcurl4:amd64 (7.68.0-1) ...
Selecting previously unselected package libexpat1:amd64.
Preparing to unpack .../041-libexpat1_2.2.9-1_amd64.deb ...
Unpacking libexpat1:amd64 (2.2.9-1) ...
Selecting previously unselected package libjsoncpp1:amd64.
Preparing to unpack .../042-libjsoncpp1_1.7.4-3.1_amd64.deb ...
Unpacking libjsoncpp1:amd64 (1.7.4-3.1) ...
Selecting previously unselected package librhash0:amd64.
Preparing to unpack .../043-librhash0_1.3.9-1_amd64.deb ...
Unpacking librhash0:amd64 (1.3.9-1) ...
Selecting previously unselected package libuv1:amd64.
Preparing to unpack .../044-libuv1_1.35.0-2_amd64.deb ...
Unpacking libuv1:amd64 (1.35.0-2) ...
Selecting previously unselected package cmake.
Preparing to unpack .../045-cmake_3.16.3-2_amd64.deb ...
Unpacking cmake (3.16.3-2) ...
Selecting previously unselected package libtool.
Preparing to unpack .../046-libtool_2.4.6-14_all.deb ...
Unpacking libtool (2.4.6-14) ...
Selecting previously unselected package dh-autoreconf.
Preparing to unpack .../047-dh-autoreconf_19_all.deb ...
Unpacking dh-autoreconf (19) ...
Selecting previously unselected package libdebhelper-perl.
Preparing to unpack .../048-libdebhelper-perl_13_all.deb ...
Unpacking libdebhelper-perl (13) ...
Selecting previously unselected package libarchive-zip-perl.
Preparing to unpack .../049-libarchive-zip-perl_1.68-1_all.deb ...
Unpacking libarchive-zip-perl (1.68-1) ...
Selecting previously unselected package libsub-override-perl.
Preparing to unpack .../050-libsub-override-perl_0.09-2_all.deb ...
Unpacking libsub-override-perl (0.09-2) ...
Selecting previously unselected package libfile-stripnondeterminism-perl.
Preparing to unpack .../051-libfile-stripnondeterminism-perl_1.8.0-1_all.deb ...
Unpacking libfile-stripnondeterminism-perl (1.8.0-1) ...
Selecting previously unselected package dh-strip-nondeterminism.
Preparing to unpack .../052-dh-strip-nondeterminism_1.8.0-1_all.deb ...
Unpacking dh-strip-nondeterminism (1.8.0-1) ...
Selecting previously unselected package libelf1:amd64.
Preparing to unpack .../053-libelf1_0.176-1.1_amd64.deb ...
Unpacking libelf1:amd64 (0.176-1.1) ...
Selecting previously unselected package dwz.
Preparing to unpack .../054-dwz_0.13-5_amd64.deb ...
Unpacking dwz (0.13-5) ...
Selecting previously unselected package libglib2.0-0:amd64.
Preparing to unpack .../055-libglib2.0-0_2.64.2-1_amd64.deb ...
Unpacking libglib2.0-0:amd64 (2.64.2-1) ...
Selecting previously unselected package libcroco3:amd64.
Preparing to unpack .../056-libcroco3_0.6.13-1_amd64.deb ...
Unpacking libcroco3:amd64 (0.6.13-1) ...
Selecting previously unselected package gettext.
Preparing to unpack .../057-gettext_0.19.8.1-10_amd64.deb ...
Unpacking gettext (0.19.8.1-10) ...
Selecting previously unselected package intltool-debian.
Preparing to unpack .../058-intltool-debian_0.35.0+20060710.5_all.deb ...
Unpacking intltool-debian (0.35.0+20060710.5) ...
Selecting previously unselected package po-debconf.
Preparing to unpack .../059-po-debconf_1.0.21_all.deb ...
Unpacking po-debconf (1.0.21) ...
Selecting previously unselected package debhelper.
Preparing to unpack .../060-debhelper_13_all.deb ...
Unpacking debhelper (13) ...
Selecting previously unselected package xml-core.
Preparing to unpack .../061-xml-core_0.18+nmu1_all.deb ...
Unpacking xml-core (0.18+nmu1) ...
Selecting previously unselected package sgml-data.
Preparing to unpack .../062-sgml-data_2.0.11_all.deb ...
Unpacking sgml-data (2.0.11) ...
Selecting previously unselected package docbook-xml.
Preparing to unpack .../063-docbook-xml_4.5-9_all.deb ...
Unpacking docbook-xml (4.5-9) ...
Selecting previously unselected package docbook-xsl.
Preparing to unpack .../064-docbook-xsl_1.79.1+dfsg-2_all.deb ...
Unpacking docbook-xsl (1.79.1+dfsg-2) ...
Selecting previously unselected package libllvm9:amd64.
Preparing to unpack .../065-libllvm9_1%3a9.0.1-12_amd64.deb ...
Unpacking libllvm9:amd64 (1:9.0.1-12) ...
Selecting previously unselected package libclang1-9.
Preparing to unpack .../066-libclang1-9_1%3a9.0.1-12_amd64.deb ...
Unpacking libclang1-9 (1:9.0.1-12) ...
Selecting previously unselected package libxapian30:amd64.
Preparing to unpack .../067-libxapian30_1.4.15-1_amd64.deb ...
Unpacking libxapian30:amd64 (1.4.15-1) ...
Selecting previously unselected package doxygen.
Preparing to unpack .../068-doxygen_1.8.17-1_amd64.deb ...
Unpacking doxygen (1.8.17-1) ...
Selecting previously unselected package libpng16-16:amd64.
Preparing to unpack .../069-libpng16-16_1.6.37-2_amd64.deb ...
Unpacking libpng16-16:amd64 (1.6.37-2) ...
Selecting previously unselected package libfreetype6:amd64.
Preparing to unpack .../070-libfreetype6_2.10.1-2_amd64.deb ...
Unpacking libfreetype6:amd64 (2.10.1-2) ...
Selecting previously unselected package fonts-dejavu-core.
Preparing to unpack .../071-fonts-dejavu-core_2.37-1_all.deb ...
Unpacking fonts-dejavu-core (2.37-1) ...
Selecting previously unselected package fontconfig-config.
Preparing to unpack .../072-fontconfig-config_2.13.1-4_all.deb ...
Unpacking fontconfig-config (2.13.1-4) ...
Selecting previously unselected package libfontconfig1:amd64.
Preparing to unpack .../073-libfontconfig1_2.13.1-4_amd64.deb ...
Unpacking libfontconfig1:amd64 (2.13.1-4) ...
Selecting previously unselected package fontconfig.
Preparing to unpack .../074-fontconfig_2.13.1-4_amd64.deb ...
Unpacking fontconfig (2.13.1-4) ...
Selecting previously unselected package googletest.
Preparing to unpack .../075-googletest_1.10.0-3_all.deb ...
Unpacking googletest (1.10.0-3) ...
Selecting previously unselected package libann0.
Preparing to unpack .../076-libann0_1.1.2+doc-7_amd64.deb ...
Unpacking libann0 (1.1.2+doc-7) ...
Selecting previously unselected package libcdt5:amd64.
Preparing to unpack .../077-libcdt5_2.42.2-4_amd64.deb ...
Unpacking libcdt5:amd64 (2.42.2-4) ...
Selecting previously unselected package libcgraph6:amd64.
Preparing to unpack .../078-libcgraph6_2.42.2-4_amd64.deb ...
Unpacking libcgraph6:amd64 (2.42.2-4) ...
Selecting previously unselected package libjpeg62-turbo:amd64.
Preparing to unpack .../079-libjpeg62-turbo_1%3a1.5.2-2+b1_amd64.deb ...
Unpacking libjpeg62-turbo:amd64 (1:1.5.2-2+b1) ...
Selecting previously unselected package libjbig0:amd64.
Preparing to unpack .../080-libjbig0_2.1-3.1+b2_amd64.deb ...
Unpacking libjbig0:amd64 (2.1-3.1+b2) ...
Selecting previously unselected package libwebp6:amd64.
Preparing to unpack .../081-libwebp6_0.6.1-2+b1_amd64.deb ...
Unpacking libwebp6:amd64 (0.6.1-2+b1) ...
Selecting previously unselected package libtiff5:amd64.
Preparing to unpack .../082-libtiff5_4.1.0+git191117-2_amd64.deb ...
Unpacking libtiff5:amd64 (4.1.0+git191117-2) ...
Selecting previously unselected package libxau6:amd64.
Preparing to unpack .../083-libxau6_1%3a1.0.8-1+b2_amd64.deb ...
Unpacking libxau6:amd64 (1:1.0.8-1+b2) ...
Selecting previously unselected package libxdmcp6:amd64.
Preparing to unpack .../084-libxdmcp6_1%3a1.1.2-3_amd64.deb ...
Unpacking libxdmcp6:amd64 (1:1.1.2-3) ...
Selecting previously unselected package libxcb1:amd64.
Preparing to unpack .../085-libxcb1_1.14-2_amd64.deb ...
Unpacking libxcb1:amd64 (1.14-2) ...
Selecting previously unselected package libx11-data.
Preparing to unpack .../086-libx11-data_2%3a1.6.9-2_all.deb ...
Unpacking libx11-data (2:1.6.9-2) ...
Selecting previously unselected package libx11-6:amd64.
Preparing to unpack .../087-libx11-6_2%3a1.6.9-2_amd64.deb ...
Unpacking libx11-6:amd64 (2:1.6.9-2) ...
Selecting previously unselected package libxpm4:amd64.
Preparing to unpack .../088-libxpm4_1%3a3.5.12-1_amd64.deb ...
Unpacking libxpm4:amd64 (1:3.5.12-1) ...
Selecting previously unselected package libgd3:amd64.
Preparing to unpack .../089-libgd3_2.3.0-1_amd64.deb ...
Unpacking libgd3:amd64 (2.3.0-1) ...
Selecting previously unselected package libgts-0.7-5:amd64.
Preparing to unpack .../090-libgts-0.7-5_0.7.6+darcs121130-4+b1_amd64.deb ...
Unpacking libgts-0.7-5:amd64 (0.7.6+darcs121130-4+b1) ...
Selecting previously unselected package libpixman-1-0:amd64.
Preparing to unpack .../091-libpixman-1-0_0.36.0-1_amd64.deb ...
Unpacking libpixman-1-0:amd64 (0.36.0-1) ...
Selecting previously unselected package libxcb-render0:amd64.
Preparing to unpack .../092-libxcb-render0_1.14-2_amd64.deb ...
Unpacking libxcb-render0:amd64 (1.14-2) ...
Selecting previously unselected package libxcb-shm0:amd64.
Preparing to unpack .../093-libxcb-shm0_1.14-2_amd64.deb ...
Unpacking libxcb-shm0:amd64 (1.14-2) ...
Selecting previously unselected package libxext6:amd64.
Preparing to unpack .../094-libxext6_2%3a1.3.3-1+b2_amd64.deb ...
Unpacking libxext6:amd64 (2:1.3.3-1+b2) ...
Selecting previously unselected package libxrender1:amd64.
Preparing to unpack .../095-libxrender1_1%3a0.9.10-1_amd64.deb ...
Unpacking libxrender1:amd64 (1:0.9.10-1) ...
Selecting previously unselected package libcairo2:amd64.
Preparing to unpack .../096-libcairo2_1.16.0-4_amd64.deb ...
Unpacking libcairo2:amd64 (1.16.0-4) ...
Selecting previously unselected package libltdl7:amd64.
Preparing to unpack .../097-libltdl7_2.4.6-14_amd64.deb ...
Unpacking libltdl7:amd64 (2.4.6-14) ...
Selecting previously unselected package libfribidi0:amd64.
Preparing to unpack .../098-libfribidi0_1.0.8-2_amd64.deb ...
Unpacking libfribidi0:amd64 (1.0.8-2) ...
Selecting previously unselected package libgraphite2-3:amd64.
Preparing to unpack .../099-libgraphite2-3_1.3.14-1_amd64.deb ...
Unpacking libgraphite2-3:amd64 (1.3.14-1) ...
Selecting previously unselected package libharfbuzz0b:amd64.
Preparing to unpack .../100-libharfbuzz0b_2.6.4-1_amd64.deb ...
Unpacking libharfbuzz0b:amd64 (2.6.4-1) ...
Selecting previously unselected package libthai-data.
Preparing to unpack .../101-libthai-data_0.1.28-3_all.deb ...
Unpacking libthai-data (0.1.28-3) ...
Selecting previously unselected package libdatrie1:amd64.
Preparing to unpack .../102-libdatrie1_0.2.12-3_amd64.deb ...
Unpacking libdatrie1:amd64 (0.2.12-3) ...
Selecting previously unselected package libthai0:amd64.
Preparing to unpack .../103-libthai0_0.1.28-3_amd64.deb ...
Unpacking libthai0:amd64 (0.1.28-3) ...
Selecting previously unselected package libpango-1.0-0:amd64.
Preparing to unpack .../104-libpango-1.0-0_1.44.7-4_amd64.deb ...
Unpacking libpango-1.0-0:amd64 (1.44.7-4) ...
Selecting previously unselected package libpangoft2-1.0-0:amd64.
Preparing to unpack .../105-libpangoft2-1.0-0_1.44.7-4_amd64.deb ...
Unpacking libpangoft2-1.0-0:amd64 (1.44.7-4) ...
Selecting previously unselected package libpangocairo-1.0-0:amd64.
Preparing to unpack .../106-libpangocairo-1.0-0_1.44.7-4_amd64.deb ...
Unpacking libpangocairo-1.0-0:amd64 (1.44.7-4) ...
Selecting previously unselected package libpathplan4:amd64.
Preparing to unpack .../107-libpathplan4_2.42.2-4_amd64.deb ...
Unpacking libpathplan4:amd64 (2.42.2-4) ...
Selecting previously unselected package libgvc6.
Preparing to unpack .../108-libgvc6_2.42.2-4_amd64.deb ...
Unpacking libgvc6 (2.42.2-4) ...
Selecting previously unselected package libgvpr2:amd64.
Preparing to unpack .../109-libgvpr2_2.42.2-4_amd64.deb ...
Unpacking libgvpr2:amd64 (2.42.2-4) ...
Selecting previously unselected package liblab-gamut1:amd64.
Preparing to unpack .../110-liblab-gamut1_2.42.2-4_amd64.deb ...
Unpacking liblab-gamut1:amd64 (2.42.2-4) ...
Selecting previously unselected package x11-common.
Preparing to unpack .../111-x11-common_1%3a7.7+20_all.deb ...
Unpacking x11-common (1:7.7+20) ...
Selecting previously unselected package libice6:amd64.
Preparing to unpack .../112-libice6_2%3a1.0.9-2_amd64.deb ...
Unpacking libice6:amd64 (2:1.0.9-2) ...
Selecting previously unselected package libsm6:amd64.
Preparing to unpack .../113-libsm6_2%3a1.2.3-1_amd64.deb ...
Unpacking libsm6:amd64 (2:1.2.3-1) ...
Selecting previously unselected package libxt6:amd64.
Preparing to unpack .../114-libxt6_1%3a1.1.5-1+b3_amd64.deb ...
Unpacking libxt6:amd64 (1:1.1.5-1+b3) ...
Selecting previously unselected package libxmu6:amd64.
Preparing to unpack .../115-libxmu6_2%3a1.1.2-2+b3_amd64.deb ...
Unpacking libxmu6:amd64 (2:1.1.2-2+b3) ...
Selecting previously unselected package libxaw7:amd64.
Preparing to unpack .../116-libxaw7_2%3a1.0.13-1+b2_amd64.deb ...
Unpacking libxaw7:amd64 (2:1.0.13-1+b2) ...
Selecting previously unselected package graphviz.
Preparing to unpack .../117-graphviz_2.42.2-4_amd64.deb ...
Unpacking graphviz (2.42.2-4) ...
Selecting previously unselected package libbz2-dev:amd64.
Preparing to unpack .../118-libbz2-dev_1.0.8-2_amd64.deb ...
Unpacking libbz2-dev:amd64 (1.0.8-2) ...
Selecting previously unselected package libdb5.3-dev.
Preparing to unpack .../119-libdb5.3-dev_5.3.28+dfsg1-0.6_amd64.deb ...
Unpacking libdb5.3-dev (5.3.28+dfsg1-0.6) ...
Selecting previously unselected package libdb-dev:amd64.
Preparing to unpack .../120-libdb-dev_5.3.1+nmu1_amd64.deb ...
Unpacking libdb-dev:amd64 (5.3.1+nmu1) ...
Selecting previously unselected package libevent-2.1-7:amd64.
Preparing to unpack .../121-libevent-2.1-7_2.1.11-stable-1_amd64.deb ...
Unpacking libevent-2.1-7:amd64 (2.1.11-stable-1) ...
Selecting previously unselected package libgpg-error-dev.
Preparing to unpack .../122-libgpg-error-dev_1.37-1_amd64.deb ...
Unpacking libgpg-error-dev (1.37-1) ...
Selecting previously unselected package libgcrypt20-dev.
Preparing to unpack .../123-libgcrypt20-dev_1.8.5-5_amd64.deb ...
Unpacking libgcrypt20-dev (1.8.5-5) ...
Selecting previously unselected package libgmpxx4ldbl:amd64.
Preparing to unpack .../124-libgmpxx4ldbl_2%3a6.2.0+dfsg-4_amd64.deb ...
Unpacking libgmpxx4ldbl:amd64 (2:6.2.0+dfsg-4) ...
Selecting previously unselected package libgmp-dev:amd64.
Preparing to unpack .../125-libgmp-dev_2%3a6.2.0+dfsg-4_amd64.deb ...
Unpacking libgmp-dev:amd64 (2:6.2.0+dfsg-4) ...
Selecting previously unselected package libunbound8:amd64.
Preparing to unpack .../126-libunbound8_1.10.0-1_amd64.deb ...
Unpacking libunbound8:amd64 (1.10.0-1) ...
Selecting previously unselected package libgnutls-dane0:amd64.
Preparing to unpack .../127-libgnutls-dane0_3.6.13-2_amd64.deb ...
Unpacking libgnutls-dane0:amd64 (3.6.13-2) ...
Selecting previously unselected package libgnutls-openssl27:amd64.
Preparing to unpack .../128-libgnutls-openssl27_3.6.13-2_amd64.deb ...
Unpacking libgnutls-openssl27:amd64 (3.6.13-2) ...
Selecting previously unselected package libgnutlsxx28:amd64.
Preparing to unpack .../129-libgnutlsxx28_3.6.13-2_amd64.deb ...
Unpacking libgnutlsxx28:amd64 (3.6.13-2) ...
Selecting previously unselected package libidn2-dev:amd64.
Preparing to unpack .../130-libidn2-dev_2.3.0-1_amd64.deb ...
Unpacking libidn2-dev:amd64 (2.3.0-1) ...
Selecting previously unselected package libp11-kit-dev:amd64.
Preparing to unpack .../131-libp11-kit-dev_0.23.20-1_amd64.deb ...
Unpacking libp11-kit-dev:amd64 (0.23.20-1) ...
Selecting previously unselected package libtasn1-6-dev:amd64.
Preparing to unpack .../132-libtasn1-6-dev_4.16.0-2_amd64.deb ...
Unpacking libtasn1-6-dev:amd64 (4.16.0-2) ...
Selecting previously unselected package nettle-dev:amd64.
Preparing to unpack .../133-nettle-dev_3.5.1+really3.5.1-2_amd64.deb ...
Unpacking nettle-dev:amd64 (3.5.1+really3.5.1-2) ...
Selecting previously unselected package libgnutls28-dev:amd64.
Preparing to unpack .../134-libgnutls28-dev_3.6.13-2_amd64.deb ...
Unpacking libgnutls28-dev:amd64 (3.6.13-2) ...
Selecting previously unselected package libgpm2:amd64.
Preparing to unpack .../135-libgpm2_1.20.7-6_amd64.deb ...
Unpacking libgpm2:amd64 (1.20.7-6) ...
Selecting previously unselected package liblz4-dev:amd64.
Preparing to unpack .../136-liblz4-dev_1.9.2-2_amd64.deb ...
Unpacking liblz4-dev:amd64 (1.9.2-2) ...
Selecting previously unselected package liblzma-dev:amd64.
Preparing to unpack .../137-liblzma-dev_5.2.4-1+b1_amd64.deb ...
Unpacking liblzma-dev:amd64 (5.2.4-1+b1) ...
Selecting previously unselected package libosp5.
Preparing to unpack .../138-libosp5_1.5.2-13+b1_amd64.deb ...
Unpacking libosp5 (1.5.2-13+b1) ...
Selecting previously unselected package libseccomp-dev:amd64.
Preparing to unpack .../139-libseccomp-dev_2.4.3-1+b1_amd64.deb ...
Unpacking libseccomp-dev:amd64 (2.4.3-1+b1) ...
Selecting previously unselected package libsgmls-perl.
Preparing to unpack .../140-libsgmls-perl_1.03ii-36_all.deb ...
Unpacking libsgmls-perl (1.03ii-36) ...
Selecting previously unselected package libsystemd-dev:amd64.
Preparing to unpack .../141-libsystemd-dev_245.5-2_amd64.deb ...
Unpacking libsystemd-dev:amd64 (245.5-2) ...
Selecting previously unselected package libudev-dev:amd64.
Preparing to unpack .../142-libudev-dev_245.5-2_amd64.deb ...
Unpacking libudev-dev:amd64 (245.5-2) ...
Selecting previously unselected package libxslt1.1:amd64.
Preparing to unpack .../143-libxslt1.1_1.1.34-4_amd64.deb ...
Unpacking libxslt1.1:amd64 (1.1.34-4) ...
Selecting previously unselected package libyaml-tiny-perl.
Preparing to unpack .../144-libyaml-tiny-perl_1.73-1_all.deb ...
Unpacking libyaml-tiny-perl (1.73-1) ...
Selecting previously unselected package libzstd-dev:amd64.
Preparing to unpack .../145-libzstd-dev_1.4.4+dfsg-3_amd64.deb ...
Unpacking libzstd-dev:amd64 (1.4.4+dfsg-3) ...
Selecting previously unselected package ninja-build.
Preparing to unpack .../146-ninja-build_1.10.0-1_amd64.deb ...
Unpacking ninja-build (1.10.0-1) ...
Selecting previously unselected package opensp.
Preparing to unpack .../147-opensp_1.5.2-13+b1_amd64.deb ...
Unpacking opensp (1.5.2-13+b1) ...
Selecting previously unselected package pkg-config.
Preparing to unpack .../148-pkg-config_0.29.2-1_amd64.deb ...
Unpacking pkg-config (0.29.2-1) ...
Selecting previously unselected package po4a.
Preparing to unpack .../149-po4a_0.57-2_all.deb ...
Unpacking po4a (0.57-2) ...
Selecting previously unselected package triehash.
Preparing to unpack .../150-triehash_0.3-3_all.deb ...
Unpacking triehash (0.3-3) ...
Selecting previously unselected package w3m.
Preparing to unpack .../151-w3m_0.5.3-38_amd64.deb ...
Unpacking w3m (0.5.3-38) ...
Selecting previously unselected package xsltproc.
Preparing to unpack .../152-xsltproc_1.1.34-4_amd64.deb ...
Unpacking xsltproc (1.1.34-4) ...
Selecting previously unselected package zlib1g-dev:amd64.
Preparing to unpack .../153-zlib1g-dev_1%3a1.2.11.dfsg-2_amd64.deb ...
Unpacking zlib1g-dev:amd64 (1:1.2.11.dfsg-2) ...
Selecting previously unselected package sbuild-build-depends-main-dummy.
Preparing to unpack .../154-sbuild-build-depends-main-dummy_0.invalid.0_amd64.deb ...
Unpacking sbuild-build-depends-main-dummy (0.invalid.0) ...
Setting up libexpat1:amd64 (2.2.9-1) ...
Setting up libpipeline1:amd64 (1.5.2-2) ...
Setting up libgraphite2-3:amd64 (1.3.14-1) ...
Setting up libpixman-1-0:amd64 (0.36.0-1) ...
Setting up libxapian30:amd64 (1.4.15-1) ...
Setting up libxau6:amd64 (1:1.0.8-1+b2) ...
Setting up libxdmcp6:amd64 (1:1.1.2-3) ...
Setting up libseccomp-dev:amd64 (2.4.3-1+b1) ...
Setting up libkeyutils1:amd64 (1.6.1-2) ...
Setting up libsgmls-perl (1.03ii-36) ...
Setting up libpsl5:amd64 (0.21.0-1) ...
Setting up libxcb1:amd64 (1.14-2) ...
Setting up libgnutls-openssl27:amd64 (3.6.13-2) ...
Setting up libgpm2:amd64 (1.20.7-6) ...
Setting up libzstd-dev:amd64 (1.4.4+dfsg-3) ...
Setting up libdatrie1:amd64 (0.2.12-3) ...
Setting up libmagic-mgc (1:5.38-4) ...
Setting up libxcb-render0:amd64 (1.14-2) ...
Setting up libarchive-zip-perl (1.68-1) ...
Setting up libglib2.0-0:amd64 (2.64.2-1) ...
No schema files found: doing nothing.
Setting up libssl1.1:amd64 (1.1.1g-1) ...
Setting up libdebhelper-perl (13) ...
Setting up libbrotli1:amd64 (1.0.7-6.1) ...
Setting up liblab-gamut1:amd64 (2.42.2-4) ...
Setting up x11-common (1:7.7+20) ...
update-rc.d: warning: start and stop actions are no longer supported; falling back to defaults
invoke-rc.d: could not determine current runlevel
All runlevel operations denied by policy
invoke-rc.d: policy-rc.d denied execution of start.
Setting up libnghttp2-14:amd64 (1.40.0-1) ...
Setting up libmagic1:amd64 (1:5.38-4) ...
Setting up gettext-base (0.19.8.1-10) ...
Setting up libxcb-shm0:amd64 (1.14-2) ...
Setting up file (1:5.38-4) ...
Setting up libldap-common (2.4.50+dfsg-1) ...
Setting up googletest (1.10.0-3) ...
Setting up libyaml-tiny-perl (1.73-1) ...
Setting up libjbig0:amd64 (2.1-3.1+b2) ...
Setting up libicu63:amd64 (63.2-3) ...
Setting up ninja-build (1.10.0-1) ...
Setting up libkrb5support0:amd64 (1.17-7) ...
Setting up libsasl2-modules-db:amd64 (2.1.27+dfsg-2) ...
Setting up libosp5 (1.5.2-13+b1) ...
Setting up libgts-0.7-5:amd64 (0.7.6+darcs121130-4+b1) ...
Setting up autotools-dev (20180224.1) ...
Setting up libgmpxx4ldbl:amd64 (2:6.2.0+dfsg-4) ...
Setting up libuv1:amd64 (1.35.0-2) ...
Setting up libjpeg62-turbo:amd64 (1:1.5.2-2+b1) ...
Setting up w3m (0.5.3-38) ...
Setting up libx11-data (2:1.6.9-2) ...
Setting up libgpg-error-dev (1.37-1) ...
Setting up librtmp1:amd64 (2.4+20151223.gitfa8646d.1-2+b1) ...
Setting up libpathplan4:amd64 (2.42.2-4) ...
Setting up libann0 (1.1.2+doc-7) ...
Setting up libncurses6:amd64 (6.2-1) ...
Setting up libsigsegv2:amd64 (2.12-2) ...
Setting up libfribidi0:amd64 (1.0.8-2) ...
Setting up bsdmainutils (11.1.2+b1) ...
update-alternatives: using /usr/bin/bsd-write to provide /usr/bin/write (write) in auto mode
update-alternatives: using /usr/bin/bsd-from to provide /usr/bin/from (from) in auto mode
Setting up libpng16-16:amd64 (1.6.37-2) ...
Setting up libevent-2.1-7:amd64 (2.1.11-stable-1) ...
Setting up autopoint (0.19.8.1-10) ...
Setting up libwebp6:amd64 (0.6.1-2+b1) ...
Setting up liblz4-dev:amd64 (1.9.2-2) ...
Setting up pkg-config (0.29.2-1) ...
Setting up fonts-dejavu-core (2.37-1) ...
Setting up libudev-dev:amd64 (245.5-2) ...
Setting up libgnutlsxx28:amd64 (3.6.13-2) ...
Setting up libk5crypto3:amd64 (1.17-7) ...
Setting up libltdl7:amd64 (2.4.6-14) ...
Setting up libidn2-dev:amd64 (2.3.0-1) ...
Setting up libsasl2-2:amd64 (2.1.27+dfsg-2) ...
Setting up liblzma-dev:amd64 (5.2.4-1+b1) ...
Setting up zlib1g-dev:amd64 (1:1.2.11.dfsg-2) ...
Setting up sensible-utils (0.0.12+nmu1) ...
Setting up librhash0:amd64 (1.3.9-1) ...
Setting up libdb5.3-dev (5.3.28+dfsg1-0.6) ...
Setting up libuchardet0:amd64 (0.0.6-3) ...
Setting up libsub-override-perl (0.09-2) ...
Setting up libx11-6:amd64 (2:1.6.9-2) ...
Setting up libthai-data (0.1.28-3) ...
Setting up libssh2-1:amd64 (1.8.0-2.1) ...
Setting up sgml-base (1.30) ...
Setting up cmake-data (3.16.3-2) ...
Setting up libcdt5:amd64 (2.42.2-4) ...
Setting up libkrb5-3:amd64 (1.17-7) ...
Setting up libcgraph6:amd64 (2.42.2-4) ...
Setting up libtiff5:amd64 (4.1.0+git191117-2) ...
Setting up libtasn1-6-dev:amd64 (4.16.0-2) ...
Setting up libelf1:amd64 (0.176-1.1) ...
Setting up triehash (0.3-3) ...
Setting up libxml2:amd64 (2.9.10+dfsg-5) ...
Setting up libllvm9:amd64 (1:9.0.1-12) ...
Setting up libsystemd-dev:amd64 (245.5-2) ...
Setting up libprocps8:amd64 (2:3.3.16-4) ...
Setting up libp11-kit-dev:amd64 (0.23.20-1) ...
Setting up libjsoncpp1:amd64 (1.7.4-3.1) ...
Setting up libbz2-dev:amd64 (1.0.8-2) ...
Setting up libfile-stripnondeterminism-perl (1.8.0-1) ...
Setting up libice6:amd64 (2:1.0.9-2) ...
Setting up libgmp-dev:amd64 (2:6.2.0+dfsg-4) ...
Setting up libxpm4:amd64 (1:3.5.12-1) ...
Setting up nettle-dev:amd64 (3.5.1+really3.5.1-2) ...
Setting up libxrender1:amd64 (1:0.9.10-1) ...
Setting up libtool (2.4.6-14) ...
Setting up libarchive13:amd64 (3.4.0-2) ...
Setting up libclang1-9 (1:9.0.1-12) ...
Setting up libxext6:amd64 (2:1.3.3-1+b2) ...
Setting up libldap-2.4-2:amd64 (2.4.50+dfsg-1) ...
Setting up m4 (1.4.18-4) ...
Setting up opensp (1.5.2-13+b1) ...
Setting up libthai0:amd64 (0.1.28-3) ...
Setting up doxygen (1.8.17-1) ...
Setting up libunbound8:amd64 (1.10.0-1) ...
Setting up libgcrypt20-dev (1.8.5-5) ...
Setting up libfreetype6:amd64 (2.10.1-2) ...
Setting up libdb-dev:amd64 (5.3.1+nmu1) ...
Setting up libgssapi-krb5-2:amd64 (1.17-7) ...
Setting up libcroco3:amd64 (0.6.13-1) ...
Setting up ucf (3.0038+nmu1) ...
Setting up autoconf (2.69-11.1) ...
Setting up dh-strip-nondeterminism (1.8.0-1) ...
Setting up libgvpr2:amd64 (2.42.2-4) ...
Setting up dwz (0.13-5) ...
Setting up groff-base (1.22.4-4) ...
Setting up xml-core (0.18+nmu1) ...
Setting up procps (2:3.3.16-4) ...
update-alternatives: using /usr/bin/w.procps to provide /usr/bin/w (w) in auto mode
Setting up libxslt1.1:amd64 (1.1.34-4) ...
Setting up libcurl4:amd64 (7.68.0-1) ...
Setting up libharfbuzz0b:amd64 (2.6.4-1) ...
Setting up libsm6:amd64 (2:1.2.3-1) ...
Setting up automake (1:1.16.2-1) ...
update-alternatives: using /usr/bin/automake-1.16 to provide /usr/bin/automake (automake) in auto mode
Setting up libgnutls-dane0:amd64 (3.6.13-2) ...
Setting up gettext (0.19.8.1-10) ...
Setting up po4a (0.57-2) ...
Setting up fontconfig-config (2.13.1-4) ...
Setting up xsltproc (1.1.34-4) ...
Setting up man-db (2.9.1-1) ...
Not building database; man-db/auto-update is not 'true'.
Setting up intltool-debian (0.35.0+20060710.5) ...
Setting up libxt6:amd64 (1:1.1.5-1+b3) ...
Setting up cmake (3.16.3-2) ...
Setting up libfontconfig1:amd64 (2.13.1-4) ...
Setting up libgnutls28-dev:amd64 (3.6.13-2) ...
Setting up fontconfig (2.13.1-4) ...
Regenerating fonts cache... done.
Setting up libxmu6:amd64 (2:1.1.2-2+b3) ...
Setting up po-debconf (1.0.21) ...
Setting up libpango-1.0-0:amd64 (1.44.7-4) ...
Setting up libxaw7:amd64 (2:1.0.13-1+b2) ...
Setting up libcairo2:amd64 (1.16.0-4) ...
Setting up libgd3:amd64 (2.3.0-1) ...
Setting up libpangoft2-1.0-0:amd64 (1.44.7-4) ...
Setting up libpangocairo-1.0-0:amd64 (1.44.7-4) ...
Setting up libgvc6 (2.42.2-4) ...
Setting up graphviz (2.42.2-4) ...
Setting up debhelper (13) ...
Setting up dh-autoreconf (19) ...
Processing triggers for libc-bin (2.30-4) ...
Processing triggers for sgml-base (1.30) ...
Setting up sgml-data (2.0.11) ...
Setting up docbook-xsl (1.79.1+dfsg-2) ...
Processing triggers for sgml-base (1.30) ...
Setting up docbook-xml (4.5-9) ...
Processing triggers for sgml-base (1.30) ...
Setting up sbuild-build-depends-main-dummy (0.invalid.0) ...

+------------------------------------------------------------------------------+
| Check architectures                                                          |
+------------------------------------------------------------------------------+

Arch check ok (amd64 included in any all)

+------------------------------------------------------------------------------+
| Build environment                                                            |
+------------------------------------------------------------------------------+

Kernel: Linux 4.19.0-6-cloud-amd64 #1 SMP Debian 4.19.67-2+deb10u2 (2019-11-11) amd64 (x86_64)
Toolchain package versions: binutils_2.34-6 dpkg-dev_1.19.7 g++-9_9.3.0-11 gcc-9_9.3.0-11 libc6-dev_2.30-4 libstdc++-9-dev_9.3.0-11 libstdc++6_10-20200502-1 linux-libc-dev_5.6.7-1
Package versions: adduser_3.118 apt_2.0.2 autoconf_2.69-11.1 automake_1:1.16.2-1 autopoint_0.19.8.1-10 autotools-dev_20180224.1 base-files_11 base-passwd_3.5.47 bash_5.0-6 binutils_2.34-6 binutils-common_2.34-6 binutils-x86-64-linux-gnu_2.34-6 bsdmainutils_11.1.2+b1 bsdutils_1:2.34-0.1 build-essential_12.8 bzip2_1.0.8-2 clang-10_1:10.0.0-4 cmake_3.16.3-2 cmake-data_3.16.3-2 coreutils_8.30-3+b1 cpp_4:9.2.1-3.1 cpp-9_9.3.0-11 dash_0.5.10.2-7 debconf_1.5.74 debhelper_13 debian-archive-keyring_2019.1 debianutils_4.9.1 dh-autoreconf_19 dh-strip-nondeterminism_1.8.0-1 diffutils_1:3.7-3 docbook-xml_4.5-9 docbook-xsl_1.79.1+dfsg-2 doxygen_1.8.17-1 dpkg_1.19.7 dpkg-dev_1.19.7 dwz_0.13-5 e2fsprogs_1.45.6-1 fakeroot_1.24-1 fdisk_2.34-0.1 file_1:5.38-4 findutils_4.7.0-1 fontconfig_2.13.1-4 fontconfig-config_2.13.1-4 fonts-dejavu-core_2.37-1 g++_4:9.2.1-3.1 g++-9_9.3.0-11 gcc_4:9.2.1-3.1 gcc-10-base_10-20200502-1 gcc-9_9.3.0-11 gcc-9-base_9.3.0-11 gettext_0.19.8.1-10 gettext-base_0.19.8.1-10 googletest_1.10.0-3 gpgv_2.2.20-1 graphviz_2.42.2-4 grep_3.4-1 groff-base_1.22.4-4 gzip_1.10-2 hostname_3.23 init-system-helpers_1.57 intltool-debian_0.35.0+20060710.5 lib32gcc-s1_10-20200502-1 lib32gcc1_1:10-20200502-1 lib32stdc++6_10-20200502-1 libacl1_2.2.53-8 libann0_1.1.2+doc-7 libapt-pkg6.0_2.0.2 libarchive-zip-perl_1.68-1 libarchive13_3.4.0-2 libasan5_9.3.0-11 libatomic1_10-20200502-1 libattr1_1:2.4.48-5 libaudit-common_1:2.8.5-3 libaudit1_1:2.8.5-3+b1 libbinutils_2.34-6 libblkid1_2.34-0.1 libbrotli1_1.0.7-6.1 libbsd0_0.10.0-1 libbz2-1.0_1.0.8-2 libbz2-dev_1.0.8-2 libc-bin_2.30-4 libc-dev-bin_2.30-4 libc6_2.30-4 libc6-dev_2.30-4 libc6-i386_2.30-4 libcairo2_1.16.0-4 libcap-ng0_0.7.9-2.1+b2 libcc1-0_10-20200502-1 libcdt5_2.42.2-4 libcgraph6_2.42.2-4 libclang-common-10-dev_1:10.0.0-4 libclang-cpp10_1:10.0.0-4 libclang1-10_1:10.0.0-4 libclang1-9_1:9.0.1-12 libcom-err2_1.45.6-1 libcroco3_0.6.13-1 libcrypt-dev_1:4.4.16-1 libcrypt1_1:4.4.16-1 libctf-nobfd0_2.34-6 libctf0_2.34-6 libcurl4_7.68.0-1 libdatrie1_0.2.12-3 libdb-dev_5.3.1+nmu1 libdb5.3_5.3.28+dfsg1-0.6 libdb5.3-dev_5.3.28+dfsg1-0.6 libdebconfclient0_0.251 libdebhelper-perl_13 libdpkg-perl_1.19.7 libedit2_3.1-20191231-1 libelf1_0.176-1.1 libevent-2.1-7_2.1.11-stable-1 libexpat1_2.2.9-1 libext2fs2_1.45.6-1 libfakeroot_1.24-1 libfdisk1_2.34-0.1 libffi7_3.3-4 libfile-stripnondeterminism-perl_1.8.0-1 libfontconfig1_2.13.1-4 libfreetype6_2.10.1-2 libfribidi0_1.0.8-2 libgc1c2_1:7.6.4-0.4 libgcc-9-dev_9.3.0-11 libgcc-s1_10-20200502-1 libgcrypt20_1.8.5-5 libgcrypt20-dev_1.8.5-5 libgd3_2.3.0-1 libgdbm-compat4_1.18.1-5 libgdbm6_1.18.1-5 libglib2.0-0_2.64.2-1 libgmp-dev_2:6.2.0+dfsg-4 libgmp10_2:6.2.0+dfsg-4 libgmpxx4ldbl_2:6.2.0+dfsg-4 libgnutls-dane0_3.6.13-2 libgnutls-openssl27_3.6.13-2 libgnutls28-dev_3.6.13-2 libgnutls30_3.6.13-2 libgnutlsxx28_3.6.13-2 libgomp1_10-20200502-1 libgpg-error-dev_1.37-1 libgpg-error0_1.37-1 libgpm2_1.20.7-6 libgraphite2-3_1.3.14-1 libgssapi-krb5-2_1.17-7 libgts-0.7-5_0.7.6+darcs121130-4+b1 libgvc6_2.42.2-4 libgvpr2_2.42.2-4 libharfbuzz0b_2.6.4-1 libhogweed5_3.5.1+really3.5.1-2 libice6_2:1.0.9-2 libicu63_63.2-3 libidn2-0_2.3.0-1 libidn2-dev_2.3.0-1 libisl22_0.22.1-1 libitm1_10-20200502-1 libjbig0_2.1-3.1+b2 libjpeg62-turbo_1:1.5.2-2+b1 libjsoncpp1_1.7.4-3.1 libk5crypto3_1.17-7 libkeyutils1_1.6.1-2 libkrb5-3_1.17-7 libkrb5support0_1.17-7 liblab-gamut1_2.42.2-4 libldap-2.4-2_2.4.50+dfsg-1 libldap-common_2.4.50+dfsg-1 libllvm10_1:10.0.0-4 libllvm9_1:9.0.1-12 liblsan0_10-20200502-1 libltdl7_2.4.6-14 liblz4-1_1.9.2-2 liblz4-dev_1.9.2-2 liblzma-dev_5.2.4-1+b1 liblzma5_5.2.4-1+b1 libmagic-mgc_1:5.38-4 libmagic1_1:5.38-4 libmount1_2.34-0.1 libmpc3_1.1.0-1 libmpfr6_4.0.2-1 libncurses6_6.2-1 libncursesw6_6.2-1 libnettle7_3.5.1+really3.5.1-2 libnghttp2-14_1.40.0-1 libobjc-9-dev_9.3.0-11 libobjc4_10-20200502-1 libomp-10-dev_1:10.0.0-4 libomp5-10_1:10.0.0-4 libosp5_1.5.2-13+b1 libp11-kit-dev_0.23.20-1 libp11-kit0_0.23.20-1 libpam-modules_1.3.1-5 libpam-modules-bin_1.3.1-5 libpam-runtime_1.3.1-5 libpam0g_1.3.1-5 libpango-1.0-0_1.44.7-4 libpangocairo-1.0-0_1.44.7-4 libpangoft2-1.0-0_1.44.7-4 libpathplan4_2.42.2-4 libpcre2-8-0_10.34-7 libpcre3_2:8.39-12+b1 libperl5.30_5.30.0-10 libpipeline1_1.5.2-2 libpixman-1-0_0.36.0-1 libpng16-16_1.6.37-2 libprocps8_2:3.3.16-4 libpsl5_0.21.0-1 libquadmath0_10-20200502-1 librhash0_1.3.9-1 librtmp1_2.4+20151223.gitfa8646d.1-2+b1 libsasl2-2_2.1.27+dfsg-2 libsasl2-modules-db_2.1.27+dfsg-2 libseccomp-dev_2.4.3-1+b1 libseccomp2_2.4.3-1+b1 libselinux1_3.0-1+b3 libsemanage-common_3.0-1 libsemanage1_3.0-1+b3 libsepol1_3.0-1 libsgmls-perl_1.03ii-36 libsigsegv2_2.12-2 libsm6_2:1.2.3-1 libsmartcols1_2.34-0.1 libss2_1.45.6-1 libssh2-1_1.8.0-2.1 libssl1.1_1.1.1g-1 libstdc++-9-dev_9.3.0-11 libstdc++6_10-20200502-1 libsub-override-perl_0.09-2 libsystemd-dev_245.5-2 libsystemd0_245.5-2 libtasn1-6_4.16.0-2 libtasn1-6-dev_4.16.0-2 libthai-data_0.1.28-3 libthai0_0.1.28-3 libtiff5_4.1.0+git191117-2 libtinfo6_6.2-1 libtool_2.4.6-14 libtsan0_10-20200502-1 libubsan1_10-20200502-1 libuchardet0_0.0.6-3 libudev-dev_245.5-2 libudev1_245.5-2 libunbound8_1.10.0-1 libunistring2_0.9.10-2 libuuid1_2.34-0.1 libuv1_1.35.0-2 libwebp6_0.6.1-2+b1 libx11-6_2:1.6.9-2 libx11-data_2:1.6.9-2 libxapian30_1.4.15-1 libxau6_1:1.0.8-1+b2 libxaw7_2:1.0.13-1+b2 libxcb-render0_1.14-2 libxcb-shm0_1.14-2 libxcb1_1.14-2 libxdmcp6_1:1.1.2-3 libxext6_2:1.3.3-1+b2 libxml2_2.9.10+dfsg-5 libxmu6_2:1.1.2-2+b3 libxpm4_1:3.5.12-1 libxrender1_1:0.9.10-1 libxslt1.1_1.1.34-4 libxt6_1:1.1.5-1+b3 libyaml-tiny-perl_1.73-1 libz3-4_4.8.7-4 libzstd-dev_1.4.4+dfsg-3 libzstd1_1.4.4+dfsg-3 linux-libc-dev_5.6.7-1 login_1:4.8.1-1 logsave_1.45.6-1 lsb-base_11.1.0 m4_1.4.18-4 make_4.2.1-1.3 man-db_2.9.1-1 mawk_1.3.4.20200120-2 mount_2.34-0.1 ncurses-base_6.2-1 ncurses-bin_6.2-1 nettle-dev_3.5.1+really3.5.1-2 ninja-build_1.10.0-1 opensp_1.5.2-13+b1 passwd_1:4.8.1-1 patch_2.7.6-6 perl_5.30.0-10 perl-base_5.30.0-10 perl-modules-5.30_5.30.0-10 pkg-config_0.29.2-1 po-debconf_1.0.21 po4a_0.57-2 procps_2:3.3.16-4 qt5-qmake_5.12.5+dfsg-10 qt5-qmake-bin_5.12.5+dfsg-10 qtchooser_66-2 sbuild-build-depends-main-dummy_0.invalid.0 sed_4.7-1 sensible-utils_0.0.12+nmu1 sgml-base_1.30 sgml-data_2.0.11 sysvinit-utils_2.96-3 tar_1.30+dfsg-7 triehash_0.3-3 tzdata_2020a-1 ucf_3.0038+nmu1 util-linux_2.34-0.1 w3m_0.5.3-38 x11-common_1:7.7+20 xml-core_0.18+nmu1 xsltproc_1.1.34-4 xz-utils_5.2.4-1+b1 zlib1g_1:1.2.11.dfsg-2 zlib1g-dev_1:1.2.11.dfsg-2

+------------------------------------------------------------------------------+
| Build                                                                        |
+------------------------------------------------------------------------------+


Unpack source
-------------

-----BEGIN PGP SIGNED MESSAGE-----
Hash: SHA512

Format: 3.0 (native)
Source: apt
Binary: apt, libapt-pkg6.0, apt-doc, libapt-pkg-dev, libapt-pkg-doc, apt-utils, apt-transport-https
Architecture: any all
Version: 2.0.2
Maintainer: APT Development Team <deity@lists.debian.org>
Uploaders: Michael Vogt <mvo@debian.org>, Julian Andres Klode <jak@debian.org>, David Kalnischkies <donkult@debian.org>
Standards-Version: 4.1.1
Vcs-Browser: https://salsa.debian.org/apt-team/apt
Vcs-Git: https://salsa.debian.org/apt-team/apt.git
Testsuite: autopkgtest
Testsuite-Triggers: @builddeps@, aptitude, db-util, dpkg, fakeroot, gnupg, gnupg1, gnupg2, gpgv, gpgv1, gpgv2, libfile-fcntllock-perl, lsof, pkg-config, python3-apt, stunnel4, valgrind, wget
Build-Depends: cmake (>= 3.4), debhelper-compat (= 12), docbook-xml, docbook-xsl, dpkg-dev (>= 1.17.14), gettext (>= 0.12), googletest <!nocheck> | libgtest-dev <!nocheck>, libbz2-dev, libdb-dev, libgnutls28-dev (>= 3.4.6), libgcrypt20-dev, liblz4-dev (>= 0.0~r126), liblzma-dev, libseccomp-dev (>= 2.4.2) [amd64 arm64 armel armhf i386 mips mips64el mipsel ppc64el s390x hppa powerpc powerpcspe ppc64 x32], libsystemd-dev [linux-any], libudev-dev [linux-any], libzstd-dev (>= 1.0), ninja-build, pkg-config, po4a (>= 0.34-2), triehash, xsltproc, zlib1g-dev
Build-Depends-Indep: doxygen, graphviz, w3m
Package-List:
 apt deb admin important arch=any
 apt-doc deb doc optional arch=all
 apt-transport-https deb oldlibs optional arch=all
 apt-utils deb admin important arch=any
 libapt-pkg-dev deb libdevel optional arch=any
 libapt-pkg-doc deb doc optional arch=all
 libapt-pkg6.0 deb libs optional arch=any
Checksums-Sha1:
 17e7dde11d1f8da37ef34df5e7f58db9f0a2485a 2168648 apt_2.0.2.tar.xz
Checksums-Sha256:
 3572ba254b8f6506dfcc71fe7bd114fbd445d43ebbf235d8f06b01bdfea1bede 2168648 apt_2.0.2.tar.xz
Files:
 34858183af5021c38bcd1f8db85b50c6 2168648 apt_2.0.2.tar.xz

-----BEGIN PGP SIGNATURE-----

iQJDBAEBCgAtFiEET7WIqEwt3nmnTHeHb6RY3R2wP3EFAl6O91sPHGpha0BkZWJp
YW4ub3JnAAoJEG+kWN0dsD9xJ9cP/2y3J+v+FvQpfjovFG8u2pim0RnZaddKjVx+
yw96C58ShQtUWoYL4b/SypdsOR2dZXWudEQxGu654mH0XHvk8vyegj1eEXTJJifQ
vv6CKuZFHYM2wr9cOcADUuw4uR05WE51qbBwi6wgKxT5kMxIxWzDigCEqr7HRzUm
XEsb/ZqX1eWcdUqhScJrALu/W5utPMEwVuIn4Exq2tWQXSSJLKsco7Kl8nfuHoEg
MXCHpA/xsO7bZcvJkye13+EnrOWJRz2NuOK4hzmUMvb2bpH+IC0NsWdpN+RbrMrp
cpbeiDf+ynFkf8zUWaGhhByQ0Db6ccFUOD5oCjTV4l2sn1A33pJ/QCA2BZW7Xt6G
B74XG7ObiF6xeKl+R/FV8kf/dpZCsdH0ddUqP52mMIFkYcwC5wE6GDaRpOIhLLOk
BmG1sxgi74zbaNV5FZ/J++IgGzPiYv0d9rhUfKzP7880XKE4M/apwdePIWmBa6v7
5Nr6udraULiPN75klCeJuEUa3NtVc2p6s7cxfS+Pg3N7Xh1aDY/2toooPhAu0slg
brPV63HFZL1oK+DJiy4lZukbiX2CuDS0qWEUIw24jSeLq3quQ3omrD344EnztKDp
ZKe/UYVFWLkodt2pwC3V/KsCzUKmxhEvmmZhMm8uNk3NZyY9X81l/y2cHmEos5Rc
BPA/U7Kb
=tW4q
-----END PGP SIGNATURE-----

gpgv: unknown type of key resource 'trustedkeys.kbx'
gpgv: keyblock resource '/sbuild-nonexistent/.gnupg/trustedkeys.kbx': General error
gpgv: Signature made Thu Apr  9 10:22:19 2020 UTC
gpgv:                using RSA key 4FB588A84C2DDE79A74C77876FA458DD1DB03F71
gpgv:                issuer "jak@debian.org"
gpgv: Can't check signature: No public key
dpkg-source: warning: failed to verify signature on ./apt_2.0.2.dsc
dpkg-source: info: extracting apt in /<<PKGBUILDDIR>>
dpkg-source: info: unpacking apt_2.0.2.tar.xz

Check disk space
----------------

Sufficient free space for build

User Environment
----------------

APT_CONFIG=/var/lib/sbuild/apt.conf
HOME=/sbuild-nonexistent
LANG=C.UTF-8
LC_ALL=C.UTF-8
LOGNAME=user42
PATH=/usr/local/sbin:/usr/local/bin:/usr/sbin:/usr/bin:/sbin:/bin:/usr/games
SCHROOT_ALIAS_NAME=unstable
SCHROOT_CHROOT_NAME=sid-amd64-sbuild
SCHROOT_COMMAND=env
SCHROOT_GID=1001
SCHROOT_GROUP=user42
SCHROOT_SESSION_ID=sid-amd64-sbuild-8a593050-d599-437e-9e15-711d18bbb026
SCHROOT_UID=1001
SCHROOT_USER=user42
SHELL=/bin/sh
USER=user42

dpkg-buildpackage
-----------------

Command: dpkg-buildpackage -us -uc -b -rfakeroot
dpkg-buildpackage: info: source package apt
dpkg-buildpackage: info: source version 2.0.2
dpkg-buildpackage: info: source distribution unstable
dpkg-buildpackage: info: source changed by Julian Andres Klode <jak@debian.org>
 dpkg-source --before-build .
dpkg-buildpackage: info: host architecture amd64
 debian/rules clean
dh clean --buildsystem=cmake+ninja
   dh_auto_clean -O--buildsystem=cmake\+ninja
   dh_autoreconf_clean -O--buildsystem=cmake\+ninja
   debian/rules override_dh_clean
make[1]: Entering directory '/<<PKGBUILDDIR>>'
cp COPYING debian/copyright
dh_clean
make[1]: Leaving directory '/<<PKGBUILDDIR>>'
 debian/rules binary
dh binary --buildsystem=cmake+ninja
   dh_update_autotools_config -O--buildsystem=cmake\+ninja
   dh_autoreconf -O--buildsystem=cmake\+ninja
   debian/rules override_dh_auto_configure-arch
make[1]: Entering directory '/<<PKGBUILDDIR>>'
dh_auto_configure -- -DWITH_DOC=OFF 
	cd obj-x86_64-linux-gnu && cmake -DCMAKE_INSTALL_PREFIX=/usr -DCMAKE_BUILD_TYPE=None -DCMAKE_INSTALL_SYSCONFDIR=/etc -DCMAKE_INSTALL_LOCALSTATEDIR=/var -DCMAKE_EXPORT_NO_PACKAGE_REGISTRY=ON -DCMAKE_FIND_PACKAGE_NO_PACKAGE_REGISTRY=ON -DCMAKE_INSTALL_RUNSTATEDIR=/run -GNinja -DCMAKE_VERBOSE_MAKEFILE=ON -DCMAKE_AUTOGEN_VERBOSE=ON -DCMAKE_INSTALL_LIBDIR=lib/x86_64-linux-gnu -DWITH_DOC=OFF ..
-- The C compiler identification is Clang 10.0.0
-- The CXX compiler identification is Clang 10.0.0
-- Check for working C compiler: /usr/bin/cc
-- Check for working C compiler: /usr/bin/cc -- works
-- Detecting C compiler ABI info
-- Detecting C compiler ABI info - done
-- Detecting C compile features
-- Detecting C compile features - done
-- Check for working CXX compiler: /usr/bin/c++
-- Check for working CXX compiler: /usr/bin/c++ -- works
-- Detecting CXX compiler ABI info
-- Detecting CXX compiler ABI info - done
-- Detecting CXX compile features
-- Detecting CXX compile features - done
-- Looking for pthread.h
-- Looking for pthread.h - found
-- Performing Test CMAKE_HAVE_LIBC_PTHREAD
-- Performing Test CMAKE_HAVE_LIBC_PTHREAD - Failed
-- Looking for pthread_create in pthreads
-- Looking for pthread_create in pthreads - not found
-- Looking for pthread_create in pthread
-- Looking for pthread_create in pthread - found
-- Found Threads: TRUE  
-- Looking for native LFS support
-- Looking for native LFS support - found
-- Found LFS: TRUE  
-- Looking for iconv_open
-- Looking for iconv_open - found
-- Found Iconv: /usr/include  
-- Found Perl: /usr/bin/perl (found version "5.30.0") 
-- Found Intl: /usr/include  
-- Performing Test have-compiler-flag:-Wall
-- Performing Test have-compiler-flag:-Wall - Success
-- Performing Test have-compiler-flag:-Wextra
-- Performing Test have-compiler-flag:-Wextra - Success
-- Performing Test have-compiler-flag:-Wcast-align
-- Performing Test have-compiler-flag:-Wcast-align - Success
-- Performing Test have-compiler-flag:-Wlogical-op
-- Performing Test have-compiler-flag:-Wlogical-op - Failed
-- Performing Test have-compiler-flag:-Wredundant-decls
-- Performing Test have-compiler-flag:-Wredundant-decls - Success
-- Performing Test have-compiler-flag:-Wmissing-declarations
-- Performing Test have-compiler-flag:-Wmissing-declarations - Success
-- Performing Test have-compiler-flag:-Wunsafe-loop-optimizations
-- Performing Test have-compiler-flag:-Wunsafe-loop-optimizations - Failed
-- Performing Test have-compiler-flag:-Wctor-dtor-privacy
-- Performing Test have-compiler-flag:-Wctor-dtor-privacy - Success
-- Performing Test have-compiler-flag:-Wdisabled-optimization
-- Performing Test have-compiler-flag:-Wdisabled-optimization - Success
-- Performing Test have-compiler-flag:-Winit-self
-- Performing Test have-compiler-flag:-Winit-self - Success
-- Performing Test have-compiler-flag:-Wmissing-include-dirs
-- Performing Test have-compiler-flag:-Wmissing-include-dirs - Success
-- Performing Test have-compiler-flag:-Wnoexcept
-- Performing Test have-compiler-flag:-Wnoexcept - Failed
-- Performing Test have-compiler-flag:-Wsign-promo
-- Performing Test have-compiler-flag:-Wsign-promo - Success
-- Performing Test have-compiler-flag:-Wundef
-- Performing Test have-compiler-flag:-Wundef - Success
-- Performing Test have-compiler-flag:-Wdouble-promotion
-- Performing Test have-compiler-flag:-Wdouble-promotion - Success
-- Performing Test have-compiler-flag:-Wsuggest-override
-- Performing Test have-compiler-flag:-Wsuggest-override - Failed
-- Performing Test have-compiler-flag:-Werror=suggest-override
-- Performing Test have-compiler-flag:-Werror=suggest-override - Failed
-- Performing Test have-compiler-flag:-Werror=return-type
-- Performing Test have-compiler-flag:-Werror=return-type - Success
-- Found Berkeley: /usr/include  
-- Found GnuTLS: /usr/lib/x86_64-linux-gnu/libgnutls.so (found version "3.6.13") 
-- Found ZLIB: /usr/lib/x86_64-linux-gnu/libz.so (found version "1.2.11") 
-- Found BZip2: /usr/lib/x86_64-linux-gnu/libbz2.so (found version "1.0.8") 
-- Looking for BZ2_bzCompressInit
-- Looking for BZ2_bzCompressInit - found
-- Found PkgConfig: /usr/bin/pkg-config (found version "0.29.2") 
-- Checking for module 'liblzma'
--   Found liblzma, version 5.2.4
-- Found LZMA: /usr/include  
-- Checking for module 'liblz4'
--   Found liblz4, version 1.9.2
-- Found LZ4: /usr/include  
-- Checking for module 'libzstd'
--   Found libzstd, version 1.4.4
-- Found ZSTD: /usr/include  
-- Checking for module 'libudev'
--   Found libudev, version 245
-- Found Udev: /usr/include  
-- Checking for module 'libsystemd'
--   Found libsystemd, version 245
-- Found Systemd: /usr/include  
-- Checking for module 'libseccomp'
--   Found libseccomp, version 2.4.3
-- Found SECCOMP: /usr/include  
-- Checking for module 'libgcrypt'
--   Found libgcrypt, version 1.8.5
-- Found GCRYPT: /usr/include  
-- Looking for statfs
-- Looking for statfs - found
-- Looking for include file sys/params.h
-- Looking for include file sys/params.h - not found
-- Looking for statfs
-- Looking for statfs - not found
-- Looking for statvfs
-- Looking for statvfs - found
-- Performing Test HAVE_STRUCT_STATFS_F_TYPE
-- Performing Test HAVE_STRUCT_STATFS_F_TYPE - Success
-- Looking for getresuid
-- Looking for getresuid - found
-- Looking for getresgid
-- Looking for getresgid - found
-- Looking for setresuid
-- Looking for setresuid - found
-- Looking for setresgid
-- Looking for setresgid - found
-- Looking for ptsname_r
-- Looking for ptsname_r - found
-- Looking for timegm
-- Looking for timegm - found
-- Check if the system is big endian
-- Searching 16 bit integer
-- Looking for sys/types.h
-- Looking for sys/types.h - found
-- Looking for stdint.h
-- Looking for stdint.h - found
-- Looking for stddef.h
-- Looking for stddef.h - found
-- Check size of unsigned short
-- Check size of unsigned short - done
-- Using unsigned short
-- Check if the system is big endian - little endian
-- Looking for include file machine/endian.h
-- Looking for include file machine/endian.h - not found
-- Looking for include file sys/endian.h
-- Looking for include file sys/endian.h - not found
-- Looking for include file endian.h
-- Looking for include file endian.h - found
-- Check size of sig_t
-- Check size of sig_t - done
-- Check size of sighandler_t
-- Check size of sighandler_t - done
-- Looking for res_ninit
-- Looking for res_ninit - not found
-- Performing Test HAVE_FMV_SSE42_AND_CRC32
-- Performing Test HAVE_FMV_SSE42_AND_CRC32 - Failed
-- Performing Test HAVE_FMV_SSE42_AND_CRC32DI
-- Performing Test HAVE_FMV_SSE42_AND_CRC32DI - Failed
-- Found dpkg data dir: /usr/share/dpkg
-- Found root group: root
-- Detected vendor: debian
-- Building libapt-pkg 6.0 (release 0)
-- Could NOT find GTest (missing: GTEST_LIBRARY GTEST_MAIN_LIBRARY) 
-- Found GTest at /usr/src/googletest/googletest, headers at /usr/src/googletest/googletest/include
-- Performing Test have-compiler-flag:-Wno-undef
-- Performing Test have-compiler-flag:-Wno-undef - Success
-- Performing Test have-compiler-flag:-Wno-ctor-dtor-privacy
-- Performing Test have-compiler-flag:-Wno-ctor-dtor-privacy - Success
-- Performing Test have-compiler-flag:-Wno-suggest-override
-- Performing Test have-compiler-flag:-Wno-suggest-override - Failed
-- Configuring done
-- Generating done
CMake Warning:
  Manually-specified variables were not used by the project:

    CMAKE_AUTOGEN_VERBOSE
    CMAKE_EXPORT_NO_PACKAGE_REGISTRY


-- Build files have been written to: /<<PKGBUILDDIR>>/obj-x86_64-linux-gnu
make[1]: Leaving directory '/<<PKGBUILDDIR>>'
   debian/rules override_dh_auto_configure-indep
make[1]: Entering directory '/<<PKGBUILDDIR>>'
dh_auto_configure -- -DWITH_DOC=ON 
	cd obj-x86_64-linux-gnu && cmake -DCMAKE_INSTALL_PREFIX=/usr -DCMAKE_BUILD_TYPE=None -DCMAKE_INSTALL_SYSCONFDIR=/etc -DCMAKE_INSTALL_LOCALSTATEDIR=/var -DCMAKE_EXPORT_NO_PACKAGE_REGISTRY=ON -DCMAKE_FIND_PACKAGE_NO_PACKAGE_REGISTRY=ON -DCMAKE_INSTALL_RUNSTATEDIR=/run -GNinja -DCMAKE_VERBOSE_MAKEFILE=ON -DCMAKE_AUTOGEN_VERBOSE=ON -DCMAKE_INSTALL_LIBDIR=lib/x86_64-linux-gnu -DWITH_DOC=ON ..
-- Detected vendor: debian (cached)
-- Building libapt-pkg 6.0 (release 0)
-- Found Doxygen: /usr/bin/doxygen (found version "1.8.17") found components: doxygen dot 
-- Could NOT find GTest (missing: GTEST_LIBRARY GTEST_MAIN_LIBRARY) 
-- Found GTest at /usr/src/googletest/googletest, headers at /usr/src/googletest/googletest/include
-- Configuring done
-- Generating done
-- Build files have been written to: /<<PKGBUILDDIR>>/obj-x86_64-linux-gnu
make[1]: Leaving directory '/<<PKGBUILDDIR>>'
   dh_auto_build -O--buildsystem=cmake\+ninja
	cd obj-x86_64-linux-gnu && LC_ALL=C.UTF-8 ninja -j4 -v
[1/1080] cd /<<PKGBUILDDIR>>/obj-x86_64-linux-gnu/apt-pkg && echo "APTPKG_6.0 {global: *; };" > /<<PKGBUILDDIR>>/obj-x86_64-linux-gnu/apt-pkg/apt-pkg.versionscript
[2/1080] cd /<<PKGBUILDDIR>>/obj-x86_64-linux-gnu/apt-private && echo "APTPRIVATE_0.0 {global: *; };" > /<<PKGBUILDDIR>>/obj-x86_64-linux-gnu/apt-private/apt-private.versionscript
[3/1080] cd /<<PKGBUILDDIR>>/obj-x86_64-linux-gnu/cmdline && /usr/bin/cmake -E create_symlink ../solvers/dump /<<PKGBUILDDIR>>/obj-x86_64-linux-gnu/cmdline/planners/dump
[4/1080] cd /<<PKGBUILDDIR>>/obj-x86_64-linux-gnu/vendor && /usr/bin/cmake -DPROJECT_SOURCE_DIR=/<<PKGBUILDDIR>> "-DVARS=sourceslist-list-format;debian-stable-codename;debian-oldstable-codename;debian-testing-codename;ubuntu-codename;current-codename" -DCURRENT_VENDOR=debian -DIN=/<<PKGBUILDDIR>>/vendor/debian/sources.list.in -DOUT=/<<PKGBUILDDIR>>/obj-x86_64-linux-gnu/vendor/sources.list -P /<<PKGBUILDDIR>>/CMake/vendor_substitute.cmake && chmod 644 /<<PKGBUILDDIR>>/obj-x86_64-linux-gnu/vendor/sources.list
[5/1080] /usr/bin/c++  -DAPT_DOMAIN=\"libapt-pkg6.0\" -D_WITH_GETLINE=1 -Dapt_pkg_EXPORTS -Iinclude -Iinclude/apt-pkg -g -O2 -fdebug-prefix-map=/<<PKGBUILDDIR>>=. -fstack-protector-strong -Wformat -Werror=format-security -Wdate-time -D_FORTIFY_SOURCE=2 -fPIC -fvisibility=hidden -fvisibility-inlines-hidden   -Wall -Wextra -Wcast-align -Wredundant-decls -Wmissing-declarations -Wctor-dtor-privacy -Wdisabled-optimization -Winit-self -Wmissing-include-dirs -Wsign-promo -Wundef -Wdouble-promotion -Werror=return-type -std=gnu++14 -MD -MT apt-pkg/CMakeFiles/apt-pkg.dir/acquire-worker.cc.o -MF apt-pkg/CMakeFiles/apt-pkg.dir/acquire-worker.cc.o.d -o apt-pkg/CMakeFiles/apt-pkg.dir/acquire-worker.cc.o -c ../apt-pkg/acquire-worker.cc
FAILED: apt-pkg/CMakeFiles/apt-pkg.dir/acquire-worker.cc.o 
/usr/bin/c++  -DAPT_DOMAIN=\"libapt-pkg6.0\" -D_WITH_GETLINE=1 -Dapt_pkg_EXPORTS -Iinclude -Iinclude/apt-pkg -g -O2 -fdebug-prefix-map=/<<PKGBUILDDIR>>=. -fstack-protector-strong -Wformat -Werror=format-security -Wdate-time -D_FORTIFY_SOURCE=2 -fPIC -fvisibility=hidden -fvisibility-inlines-hidden   -Wall -Wextra -Wcast-align -Wredundant-decls -Wmissing-declarations -Wctor-dtor-privacy -Wdisabled-optimization -Winit-self -Wmissing-include-dirs -Wsign-promo -Wundef -Wdouble-promotion -Werror=return-type -std=gnu++14 -MD -MT apt-pkg/CMakeFiles/apt-pkg.dir/acquire-worker.cc.o -MF apt-pkg/CMakeFiles/apt-pkg.dir/acquire-worker.cc.o.d -o apt-pkg/CMakeFiles/apt-pkg.dir/acquire-worker.cc.o -c ../apt-pkg/acquire-worker.cc
In file included from ../apt-pkg/acquire-worker.cc:16:
In file included from include/apt-pkg/acquire-item.h:24:
In file included from include/apt-pkg/indexfile.h:25:
include/apt-pkg/pkgcache.h:102:26: error: expected ';' at end of declaration list
   map_pointer(nullptr_t) noexcept : val(0) {}
                         ^
                         ;
include/apt-pkg/pkgcache.h:114:57: error: unknown type name 'nullptr_t'; did you mean 'std::nullptr_t'?
template<typename T> bool operator ==(map_pointer<T> m, nullptr_t) { return uint32_t(m) == 0; }
                                                        ^~~~~~~~~
                                                        std::nullptr_t
/usr/bin/../lib/gcc/x86_64-linux-gnu/9/../../../../include/x86_64-linux-gnu/c++/9/bits/c++config.h:258:29: note: 'std::nullptr_t' declared here
  typedef decltype(nullptr)     nullptr_t;
                                ^
In file included from ../apt-pkg/acquire-worker.cc:16:
In file included from include/apt-pkg/acquire-item.h:24:
In file included from include/apt-pkg/indexfile.h:25:
include/apt-pkg/pkgcache.h:115:57: error: unknown type name 'nullptr_t'; did you mean 'std::nullptr_t'?
template<typename T> bool operator !=(map_pointer<T> m, nullptr_t) { return uint32_t(m) != 0; }
                                                        ^~~~~~~~~
                                                        std::nullptr_t
/usr/bin/../lib/gcc/x86_64-linux-gnu/9/../../../../include/x86_64-linux-gnu/c++/9/bits/c++config.h:258:29: note: 'std::nullptr_t' declared here
  typedef decltype(nullptr)     nullptr_t;
                                ^
In file included from ../apt-pkg/acquire-worker.cc:16:
In file included from include/apt-pkg/acquire-item.h:24:
In file included from include/apt-pkg/indexfile.h:25:
include/apt-pkg/pkgcache.h:102:16: error: field has incomplete type 'map_pointer<char>'
   map_pointer(nullptr_t) noexcept : val(0) {}
               ^
include/apt-pkg/pkgcache.h:254:48: note: in instantiation of template class 'map_pointer<char>' requested here
   APT::StringView ViewString(map_stringitem_t idx) const
                                               ^
include/apt-pkg/pkgcache.h:98:29: note: definition of 'map_pointer<char>' is not complete until the closing '}'
template <typename T> class map_pointer {
                            ^
include/apt-pkg/pkgcache.h:254:48: warning: unused parameter 'idx' [-Wunused-parameter]
   APT::StringView ViewString(map_stringitem_t idx) const
                                               ^
include/apt-pkg/pkgcache.h:102:16: error: field has incomplete type 'map_pointer<pkgCache::PackageFile>'
   map_pointer(nullptr_t) noexcept : val(0) {}
               ^
include/apt-pkg/pkgcache.h:350:29: note: in instantiation of template class 'map_pointer<pkgCache::PackageFile>' requested here
   map_pointer<PackageFile> FileList;
                            ^
include/apt-pkg/pkgcache.h:98:29: note: definition of 'map_pointer<pkgCache::PackageFile>' is not complete until the closing '}'
template <typename T> class map_pointer {
                            ^
include/apt-pkg/pkgcache.h:102:16: error: field has incomplete type 'map_pointer<pkgCache::ReleaseFile>'
   map_pointer(nullptr_t) noexcept : val(0) {}
               ^
include/apt-pkg/pkgcache.h:352:29: note: in instantiation of template class 'map_pointer<pkgCache::ReleaseFile>' requested here
   map_pointer<ReleaseFile> RlsFileList;
                            ^
include/apt-pkg/pkgcache.h:98:29: note: definition of 'map_pointer<pkgCache::ReleaseFile>' is not complete until the closing '}'
template <typename T> class map_pointer {
                            ^
include/apt-pkg/pkgcache.h:102:16: error: field has incomplete type 'map_pointer<pkgCache::Group>'
   map_pointer(nullptr_t) noexcept : val(0) {}
               ^
include/apt-pkg/pkgcache.h:392:56: note: in instantiation of template class 'map_pointer<pkgCache::Group>' requested here
   map_pointer<Group> * GrpHashTableP() const { return (map_pointer<Group>*) (this + 1); }
                                                       ^
include/apt-pkg/pkgcache.h:98:29: note: definition of 'map_pointer<pkgCache::Group>' is not complete until the closing '}'
template <typename T> class map_pointer {
                            ^
include/apt-pkg/pkgcache.h:102:16: error: field has incomplete type 'map_pointer<pkgCache::Package>'
   map_pointer(nullptr_t) noexcept : val(0) {}
               ^
include/apt-pkg/pkgcache.h:421:25: note: in instantiation of template class 'map_pointer<pkgCache::Package>' requested here
   map_pointer<Package> FirstPackage;
                        ^
include/apt-pkg/pkgcache.h:98:29: note: definition of 'map_pointer<pkgCache::Package>' is not complete until the closing '}'
template <typename T> class map_pointer {
                            ^
include/apt-pkg/pkgcache.h:102:16: error: field has incomplete type 'map_pointer<pkgCache::Version>'
   map_pointer(nullptr_t) noexcept : val(0) {}
               ^
include/apt-pkg/pkgcache.h:431:25: note: in instantiation of template class 'map_pointer<pkgCache::Version>' requested here
   map_pointer<Version> VersionsInSource;
                        ^
include/apt-pkg/pkgcache.h:98:29: note: definition of 'map_pointer<pkgCache::Version>' is not complete until the closing '}'
template <typename T> class map_pointer {
                            ^
include/apt-pkg/pkgcache.h:102:16: error: field has incomplete type 'map_pointer<void>'
   map_pointer(nullptr_t) noexcept : val(0) {}
               ^
include/apt-pkg/pkgcache.h:434:22: note: in instantiation of template class 'map_pointer<void>' requested here
   map_pointer<void> d;
                     ^
include/apt-pkg/pkgcache.h:98:29: note: definition of 'map_pointer<void>' is not complete until the closing '}'
template <typename T> class map_pointer {
                            ^
include/apt-pkg/pkgcache.h:102:16: error: field has incomplete type 'map_pointer<pkgCache::Dependency>'
   map_pointer(nullptr_t) noexcept : val(0) {}
               ^
include/apt-pkg/pkgcache.h:472:28: note: in instantiation of template class 'map_pointer<pkgCache::Dependency>' requested here
   map_pointer<Dependency> RevDepends;
                           ^
include/apt-pkg/pkgcache.h:98:29: note: definition of 'map_pointer<pkgCache::Dependency>' is not complete until the closing '}'
template <typename T> class map_pointer {
                            ^
include/apt-pkg/pkgcache.h:102:16: error: field has incomplete type 'map_pointer<pkgCache::Provides>'
   map_pointer(nullptr_t) noexcept : val(0) {}
               ^
include/apt-pkg/pkgcache.h:474:26: note: in instantiation of template class 'map_pointer<pkgCache::Provides>' requested here
   map_pointer<Provides> ProvidesList;
                         ^
include/apt-pkg/pkgcache.h:98:29: note: definition of 'map_pointer<pkgCache::Provides>' is not complete until the closing '}'
template <typename T> class map_pointer {
                            ^
include/apt-pkg/pkgcache.h:102:16: error: field has incomplete type 'map_pointer<pkgCache::VerFile>'
   map_pointer(nullptr_t) noexcept : val(0) {}
               ^
include/apt-pkg/pkgcache.h:597:25: note: in instantiation of template class 'map_pointer<pkgCache::VerFile>' requested here
   map_pointer<VerFile> NextFile;
                        ^
include/apt-pkg/pkgcache.h:98:29: note: definition of 'map_pointer<pkgCache::VerFile>' is not complete until the closing '}'
template <typename T> class map_pointer {
                            ^
include/apt-pkg/pkgcache.h:102:16: error: field has incomplete type 'map_pointer<pkgCache::DescFile>'
   map_pointer(nullptr_t) noexcept : val(0) {}
               ^
include/apt-pkg/pkgcache.h:611:26: note: in instantiation of template class 'map_pointer<pkgCache::DescFile>' requested here
   map_pointer<DescFile> NextFile;
                         ^
include/apt-pkg/pkgcache.h:98:29: note: definition of 'map_pointer<pkgCache::DescFile>' is not complete until the closing '}'
template <typename T> class map_pointer {
                            ^
include/apt-pkg/pkgcache.h:102:16: error: field has incomplete type 'map_pointer<pkgCache::Description>'
   map_pointer(nullptr_t) noexcept : val(0) {}
               ^
include/apt-pkg/pkgcache.h:662:29: note: in instantiation of template class 'map_pointer<pkgCache::Description>' requested here
   map_pointer<Description> DescriptionList;
                            ^
include/apt-pkg/pkgcache.h:98:29: note: definition of 'map_pointer<pkgCache::Description>' is not complete until the closing '}'
template <typename T> class map_pointer {
                            ^
include/apt-pkg/pkgcache.h:102:16: error: field has incomplete type 'map_pointer<pkgCache::DependencyData>'
   map_pointer(nullptr_t) noexcept : val(0) {}
               ^
include/apt-pkg/pkgcache.h:744:32: note: in instantiation of template class 'map_pointer<pkgCache::DependencyData>' requested here
   map_pointer<DependencyData> NextData;
                               ^
include/apt-pkg/pkgcache.h:98:29: note: definition of 'map_pointer<pkgCache::DependencyData>' is not complete until the closing '}'
template <typename T> class map_pointer {
                            ^
In file included from ../apt-pkg/acquire-worker.cc:16:
In file included from include/apt-pkg/acquire-item.h:24:
In file included from include/apt-pkg/indexfile.h:25:
In file included from include/apt-pkg/pkgcache.h:791:
include/apt-pkg/cacheiterators.h:374:54: warning: misleading indentation; statement is not part of the previous 'if' [-Wmisleading-indentation]
           (Type == PrvVer?S->NextPkgProv:S->NextProvides); return *this;}
                                                            ^
include/apt-pkg/cacheiterators.h:373:37: note: previous statement is here
        inline PrvIterator& operator ++() {if (S != Owner->ProvideP) S = Owner->ProvideP +
                                           ^
2 warnings and 16 errors generated.
[6/1080] /usr/bin/c++  -DAPT_DOMAIN=\"libapt-pkg6.0\" -D_WITH_GETLINE=1 -Dapt_pkg_EXPORTS -Iinclude -Iinclude/apt-pkg -g -O2 -fdebug-prefix-map=/<<PKGBUILDDIR>>=. -fstack-protector-strong -Wformat -Werror=format-security -Wdate-time -D_FORTIFY_SOURCE=2 -fPIC -fvisibility=hidden -fvisibility-inlines-hidden   -Wall -Wextra -Wcast-align -Wredundant-decls -Wmissing-declarations -Wctor-dtor-privacy -Wdisabled-optimization -Winit-self -Wmissing-include-dirs -Wsign-promo -Wundef -Wdouble-promotion -Werror=return-type -std=gnu++14 -MD -MT apt-pkg/CMakeFiles/apt-pkg.dir/acquire.cc.o -MF apt-pkg/CMakeFiles/apt-pkg.dir/acquire.cc.o.d -o apt-pkg/CMakeFiles/apt-pkg.dir/acquire.cc.o -c ../apt-pkg/acquire.cc
FAILED: apt-pkg/CMakeFiles/apt-pkg.dir/acquire.cc.o 
/usr/bin/c++  -DAPT_DOMAIN=\"libapt-pkg6.0\" -D_WITH_GETLINE=1 -Dapt_pkg_EXPORTS -Iinclude -Iinclude/apt-pkg -g -O2 -fdebug-prefix-map=/<<PKGBUILDDIR>>=. -fstack-protector-strong -Wformat -Werror=format-security -Wdate-time -D_FORTIFY_SOURCE=2 -fPIC -fvisibility=hidden -fvisibility-inlines-hidden   -Wall -Wextra -Wcast-align -Wredundant-decls -Wmissing-declarations -Wctor-dtor-privacy -Wdisabled-optimization -Winit-self -Wmissing-include-dirs -Wsign-promo -Wundef -Wdouble-promotion -Werror=return-type -std=gnu++14 -MD -MT apt-pkg/CMakeFiles/apt-pkg.dir/acquire.cc.o -MF apt-pkg/CMakeFiles/apt-pkg.dir/acquire.cc.o.d -o apt-pkg/CMakeFiles/apt-pkg.dir/acquire.cc.o -c ../apt-pkg/acquire.cc
In file included from ../apt-pkg/acquire.cc:17:
In file included from include/apt-pkg/acquire-item.h:24:
In file included from include/apt-pkg/indexfile.h:25:
include/apt-pkg/pkgcache.h:102:26: error: expected ';' at end of declaration list
   map_pointer(nullptr_t) noexcept : val(0) {}
                         ^
                         ;
include/apt-pkg/pkgcache.h:114:57: error: unknown type name 'nullptr_t'; did you mean 'std::nullptr_t'?
template<typename T> bool operator ==(map_pointer<T> m, nullptr_t) { return uint32_t(m) == 0; }
                                                        ^~~~~~~~~
                                                        std::nullptr_t
/usr/bin/../lib/gcc/x86_64-linux-gnu/9/../../../../include/x86_64-linux-gnu/c++/9/bits/c++config.h:258:29: note: 'std::nullptr_t' declared here
  typedef decltype(nullptr)     nullptr_t;
                                ^
In file included from ../apt-pkg/acquire.cc:17:
In file included from include/apt-pkg/acquire-item.h:24:
In file included from include/apt-pkg/indexfile.h:25:
include/apt-pkg/pkgcache.h:115:57: error: unknown type name 'nullptr_t'; did you mean 'std::nullptr_t'?
template<typename T> bool operator !=(map_pointer<T> m, nullptr_t) { return uint32_t(m) != 0; }
                                                        ^~~~~~~~~
                                                        std::nullptr_t
/usr/bin/../lib/gcc/x86_64-linux-gnu/9/../../../../include/x86_64-linux-gnu/c++/9/bits/c++config.h:258:29: note: 'std::nullptr_t' declared here
  typedef decltype(nullptr)     nullptr_t;
                                ^
In file included from ../apt-pkg/acquire.cc:17:
In file included from include/apt-pkg/acquire-item.h:24:
In file included from include/apt-pkg/indexfile.h:25:
include/apt-pkg/pkgcache.h:102:16: error: field has incomplete type 'map_pointer<char>'
   map_pointer(nullptr_t) noexcept : val(0) {}
               ^
include/apt-pkg/pkgcache.h:254:48: note: in instantiation of template class 'map_pointer<char>' requested here
   APT::StringView ViewString(map_stringitem_t idx) const
                                               ^
include/apt-pkg/pkgcache.h:98:29: note: definition of 'map_pointer<char>' is not complete until the closing '}'
template <typename T> class map_pointer {
                            ^
include/apt-pkg/pkgcache.h:254:48: warning: unused parameter 'idx' [-Wunused-parameter]
   APT::StringView ViewString(map_stringitem_t idx) const
                                               ^
include/apt-pkg/pkgcache.h:102:16: error: field has incomplete type 'map_pointer<pkgCache::PackageFile>'
   map_pointer(nullptr_t) noexcept : val(0) {}
               ^
include/apt-pkg/pkgcache.h:350:29: note: in instantiation of template class 'map_pointer<pkgCache::PackageFile>' requested here
   map_pointer<PackageFile> FileList;
                            ^
include/apt-pkg/pkgcache.h:98:29: note: definition of 'map_pointer<pkgCache::PackageFile>' is not complete until the closing '}'
template <typename T> class map_pointer {
                            ^
include/apt-pkg/pkgcache.h:102:16: error: field has incomplete type 'map_pointer<pkgCache::ReleaseFile>'
   map_pointer(nullptr_t) noexcept : val(0) {}
               ^
include/apt-pkg/pkgcache.h:352:29: note: in instantiation of template class 'map_pointer<pkgCache::ReleaseFile>' requested here
   map_pointer<ReleaseFile> RlsFileList;
                            ^
include/apt-pkg/pkgcache.h:98:29: note: definition of 'map_pointer<pkgCache::ReleaseFile>' is not complete until the closing '}'
template <typename T> class map_pointer {
                            ^
include/apt-pkg/pkgcache.h:102:16: error: field has incomplete type 'map_pointer<pkgCache::Group>'
   map_pointer(nullptr_t) noexcept : val(0) {}
               ^
include/apt-pkg/pkgcache.h:392:56: note: in instantiation of template class 'map_pointer<pkgCache::Group>' requested here
   map_pointer<Group> * GrpHashTableP() const { return (map_pointer<Group>*) (this + 1); }
                                                       ^
include/apt-pkg/pkgcache.h:98:29: note: definition of 'map_pointer<pkgCache::Group>' is not complete until the closing '}'
template <typename T> class map_pointer {
                            ^
include/apt-pkg/pkgcache.h:102:16: error: field has incomplete type 'map_pointer<pkgCache::Package>'
   map_pointer(nullptr_t) noexcept : val(0) {}
               ^
include/apt-pkg/pkgcache.h:421:25: note: in instantiation of template class 'map_pointer<pkgCache::Package>' requested here
   map_pointer<Package> FirstPackage;
                        ^
include/apt-pkg/pkgcache.h:98:29: note: definition of 'map_pointer<pkgCache::Package>' is not complete until the closing '}'
template <typename T> class map_pointer {
                            ^
include/apt-pkg/pkgcache.h:102:16: error: field has incomplete type 'map_pointer<pkgCache::Version>'
   map_pointer(nullptr_t) noexcept : val(0) {}
               ^
include/apt-pkg/pkgcache.h:431:25: note: in instantiation of template class 'map_pointer<pkgCache::Version>' requested here
   map_pointer<Version> VersionsInSource;
                        ^
include/apt-pkg/pkgcache.h:98:29: note: definition of 'map_pointer<pkgCache::Version>' is not complete until the closing '}'
template <typename T> class map_pointer {
                            ^
include/apt-pkg/pkgcache.h:102:16: error: field has incomplete type 'map_pointer<void>'
   map_pointer(nullptr_t) noexcept : val(0) {}
               ^
include/apt-pkg/pkgcache.h:434:22: note: in instantiation of template class 'map_pointer<void>' requested here
   map_pointer<void> d;
                     ^
include/apt-pkg/pkgcache.h:98:29: note: definition of 'map_pointer<void>' is not complete until the closing '}'
template <typename T> class map_pointer {
                            ^
include/apt-pkg/pkgcache.h:102:16: error: field has incomplete type 'map_pointer<pkgCache::Dependency>'
   map_pointer(nullptr_t) noexcept : val(0) {}
               ^
include/apt-pkg/pkgcache.h:472:28: note: in instantiation of template class 'map_pointer<pkgCache::Dependency>' requested here
   map_pointer<Dependency> RevDepends;
                           ^
include/apt-pkg/pkgcache.h:98:29: note: definition of 'map_pointer<pkgCache::Dependency>' is not complete until the closing '}'
template <typename T> class map_pointer {
                            ^
include/apt-pkg/pkgcache.h:102:16: error: field has incomplete type 'map_pointer<pkgCache::Provides>'
   map_pointer(nullptr_t) noexcept : val(0) {}
               ^
include/apt-pkg/pkgcache.h:474:26: note: in instantiation of template class 'map_pointer<pkgCache::Provides>' requested here
   map_pointer<Provides> ProvidesList;
                         ^
include/apt-pkg/pkgcache.h:98:29: note: definition of 'map_pointer<pkgCache::Provides>' is not complete until the closing '}'
template <typename T> class map_pointer {
                            ^
include/apt-pkg/pkgcache.h:102:16: error: field has incomplete type 'map_pointer<pkgCache::VerFile>'
   map_pointer(nullptr_t) noexcept : val(0) {}
               ^
include/apt-pkg/pkgcache.h:597:25: note: in instantiation of template class 'map_pointer<pkgCache::VerFile>' requested here
   map_pointer<VerFile> NextFile;
                        ^
include/apt-pkg/pkgcache.h:98:29: note: definition of 'map_pointer<pkgCache::VerFile>' is not complete until the closing '}'
template <typename T> class map_pointer {
                            ^
include/apt-pkg/pkgcache.h:102:16: error: field has incomplete type 'map_pointer<pkgCache::DescFile>'
   map_pointer(nullptr_t) noexcept : val(0) {}
               ^
include/apt-pkg/pkgcache.h:611:26: note: in instantiation of template class 'map_pointer<pkgCache::DescFile>' requested here
   map_pointer<DescFile> NextFile;
                         ^
include/apt-pkg/pkgcache.h:98:29: note: definition of 'map_pointer<pkgCache::DescFile>' is not complete until the closing '}'
template <typename T> class map_pointer {
                            ^
include/apt-pkg/pkgcache.h:102:16: error: field has incomplete type 'map_pointer<pkgCache::Description>'
   map_pointer(nullptr_t) noexcept : val(0) {}
               ^
include/apt-pkg/pkgcache.h:662:29: note: in instantiation of template class 'map_pointer<pkgCache::Description>' requested here
   map_pointer<Description> DescriptionList;
                            ^
include/apt-pkg/pkgcache.h:98:29: note: definition of 'map_pointer<pkgCache::Description>' is not complete until the closing '}'
template <typename T> class map_pointer {
                            ^
include/apt-pkg/pkgcache.h:102:16: error: field has incomplete type 'map_pointer<pkgCache::DependencyData>'
   map_pointer(nullptr_t) noexcept : val(0) {}
               ^
include/apt-pkg/pkgcache.h:744:32: note: in instantiation of template class 'map_pointer<pkgCache::DependencyData>' requested here
   map_pointer<DependencyData> NextData;
                               ^
include/apt-pkg/pkgcache.h:98:29: note: definition of 'map_pointer<pkgCache::DependencyData>' is not complete until the closing '}'
template <typename T> class map_pointer {
                            ^
In file included from ../apt-pkg/acquire.cc:17:
In file included from include/apt-pkg/acquire-item.h:24:
In file included from include/apt-pkg/indexfile.h:25:
In file included from include/apt-pkg/pkgcache.h:791:
include/apt-pkg/cacheiterators.h:374:54: warning: misleading indentation; statement is not part of the previous 'if' [-Wmisleading-indentation]
           (Type == PrvVer?S->NextPkgProv:S->NextProvides); return *this;}
                                                            ^
include/apt-pkg/cacheiterators.h:373:37: note: previous statement is here
        inline PrvIterator& operator ++() {if (S != Owner->ProvideP) S = Owner->ProvideP +
                                           ^
In file included from ../apt-pkg/acquire.cc:17:
In file included from include/apt-pkg/acquire-item.h:22:
include/apt-pkg/acquire.h:592:17: warning: private field 'd' is not used [-Wunused-private-field]
   void * const d;
                ^
include/apt-pkg/acquire.h:694:17: warning: private field 'd' is not used [-Wunused-private-field]
   void * const d;
                ^
4 warnings and 16 errors generated.
[7/1080] /usr/bin/c++  -DAPT_DOMAIN=\"libapt-pkg6.0\" -D_WITH_GETLINE=1 -Dapt_pkg_EXPORTS -Iinclude -Iinclude/apt-pkg -g -O2 -fdebug-prefix-map=/<<PKGBUILDDIR>>=. -fstack-protector-strong -Wformat -Werror=format-security -Wdate-time -D_FORTIFY_SOURCE=2 -fPIC -fvisibility=hidden -fvisibility-inlines-hidden   -Wall -Wextra -Wcast-align -Wredundant-decls -Wmissing-declarations -Wctor-dtor-privacy -Wdisabled-optimization -Winit-self -Wmissing-include-dirs -Wsign-promo -Wundef -Wdouble-promotion -Werror=return-type -std=gnu++14 -MD -MT apt-pkg/CMakeFiles/apt-pkg.dir/acquire-item.cc.o -MF apt-pkg/CMakeFiles/apt-pkg.dir/acquire-item.cc.o.d -o apt-pkg/CMakeFiles/apt-pkg.dir/acquire-item.cc.o -c ../apt-pkg/acquire-item.cc
FAILED: apt-pkg/CMakeFiles/apt-pkg.dir/acquire-item.cc.o 
/usr/bin/c++  -DAPT_DOMAIN=\"libapt-pkg6.0\" -D_WITH_GETLINE=1 -Dapt_pkg_EXPORTS -Iinclude -Iinclude/apt-pkg -g -O2 -fdebug-prefix-map=/<<PKGBUILDDIR>>=. -fstack-protector-strong -Wformat -Werror=format-security -Wdate-time -D_FORTIFY_SOURCE=2 -fPIC -fvisibility=hidden -fvisibility-inlines-hidden   -Wall -Wextra -Wcast-align -Wredundant-decls -Wmissing-declarations -Wctor-dtor-privacy -Wdisabled-optimization -Winit-self -Wmissing-include-dirs -Wsign-promo -Wundef -Wdouble-promotion -Werror=return-type -std=gnu++14 -MD -MT apt-pkg/CMakeFiles/apt-pkg.dir/acquire-item.cc.o -MF apt-pkg/CMakeFiles/apt-pkg.dir/acquire-item.cc.o.d -o apt-pkg/CMakeFiles/apt-pkg.dir/acquire-item.cc.o -c ../apt-pkg/acquire-item.cc
In file included from ../apt-pkg/acquire-item.cc:17:
In file included from include/apt-pkg/acquire-item.h:24:
In file included from include/apt-pkg/indexfile.h:25:
include/apt-pkg/pkgcache.h:102:26: error: expected ';' at end of declaration list
   map_pointer(nullptr_t) noexcept : val(0) {}
                         ^
                         ;
include/apt-pkg/pkgcache.h:114:57: error: unknown type name 'nullptr_t'; did you mean 'std::nullptr_t'?
template<typename T> bool operator ==(map_pointer<T> m, nullptr_t) { return uint32_t(m) == 0; }
                                                        ^~~~~~~~~
                                                        std::nullptr_t
/usr/bin/../lib/gcc/x86_64-linux-gnu/9/../../../../include/x86_64-linux-gnu/c++/9/bits/c++config.h:258:29: note: 'std::nullptr_t' declared here
  typedef decltype(nullptr)     nullptr_t;
                                ^
In file included from ../apt-pkg/acquire-item.cc:17:
In file included from include/apt-pkg/acquire-item.h:24:
In file included from include/apt-pkg/indexfile.h:25:
include/apt-pkg/pkgcache.h:115:57: error: unknown type name 'nullptr_t'; did you mean 'std::nullptr_t'?
template<typename T> bool operator !=(map_pointer<T> m, nullptr_t) { return uint32_t(m) != 0; }
                                                        ^~~~~~~~~
                                                        std::nullptr_t
/usr/bin/../lib/gcc/x86_64-linux-gnu/9/../../../../include/x86_64-linux-gnu/c++/9/bits/c++config.h:258:29: note: 'std::nullptr_t' declared here
  typedef decltype(nullptr)     nullptr_t;
                                ^
In file included from ../apt-pkg/acquire-item.cc:17:
In file included from include/apt-pkg/acquire-item.h:24:
In file included from include/apt-pkg/indexfile.h:25:
include/apt-pkg/pkgcache.h:102:16: error: field has incomplete type 'map_pointer<char>'
   map_pointer(nullptr_t) noexcept : val(0) {}
               ^
include/apt-pkg/pkgcache.h:254:48: note: in instantiation of template class 'map_pointer<char>' requested here
   APT::StringView ViewString(map_stringitem_t idx) const
                                               ^
include/apt-pkg/pkgcache.h:98:29: note: definition of 'map_pointer<char>' is not complete until the closing '}'
template <typename T> class map_pointer {
                            ^
include/apt-pkg/pkgcache.h:254:48: warning: unused parameter 'idx' [-Wunused-parameter]
   APT::StringView ViewString(map_stringitem_t idx) const
                                               ^
include/apt-pkg/pkgcache.h:102:16: error: field has incomplete type 'map_pointer<pkgCache::PackageFile>'
   map_pointer(nullptr_t) noexcept : val(0) {}
               ^
include/apt-pkg/pkgcache.h:350:29: note: in instantiation of template class 'map_pointer<pkgCache::PackageFile>' requested here
   map_pointer<PackageFile> FileList;
                            ^
include/apt-pkg/pkgcache.h:98:29: note: definition of 'map_pointer<pkgCache::PackageFile>' is not complete until the closing '}'
template <typename T> class map_pointer {
                            ^
include/apt-pkg/pkgcache.h:102:16: error: field has incomplete type 'map_pointer<pkgCache::ReleaseFile>'
   map_pointer(nullptr_t) noexcept : val(0) {}
               ^
include/apt-pkg/pkgcache.h:352:29: note: in instantiation of template class 'map_pointer<pkgCache::ReleaseFile>' requested here
   map_pointer<ReleaseFile> RlsFileList;
                            ^
include/apt-pkg/pkgcache.h:98:29: note: definition of 'map_pointer<pkgCache::ReleaseFile>' is not complete until the closing '}'
template <typename T> class map_pointer {
                            ^
include/apt-pkg/pkgcache.h:102:16: error: field has incomplete type 'map_pointer<pkgCache::Group>'
   map_pointer(nullptr_t) noexcept : val(0) {}
               ^
include/apt-pkg/pkgcache.h:392:56: note: in instantiation of template class 'map_pointer<pkgCache::Group>' requested here
   map_pointer<Group> * GrpHashTableP() const { return (map_pointer<Group>*) (this + 1); }
                                                       ^
include/apt-pkg/pkgcache.h:98:29: note: definition of 'map_pointer<pkgCache::Group>' is not complete until the closing '}'
template <typename T> class map_pointer {
                            ^
include/apt-pkg/pkgcache.h:102:16: error: field has incomplete type 'map_pointer<pkgCache::Package>'
   map_pointer(nullptr_t) noexcept : val(0) {}
               ^
include/apt-pkg/pkgcache.h:421:25: note: in instantiation of template class 'map_pointer<pkgCache::Package>' requested here
   map_pointer<Package> FirstPackage;
                        ^
include/apt-pkg/pkgcache.h:98:29: note: definition of 'map_pointer<pkgCache::Package>' is not complete until the closing '}'
template <typename T> class map_pointer {
                            ^
include/apt-pkg/pkgcache.h:102:16: error: field has incomplete type 'map_pointer<pkgCache::Version>'
   map_pointer(nullptr_t) noexcept : val(0) {}
               ^
include/apt-pkg/pkgcache.h:431:25: note: in instantiation of template class 'map_pointer<pkgCache::Version>' requested here
   map_pointer<Version> VersionsInSource;
                        ^
include/apt-pkg/pkgcache.h:98:29: note: definition of 'map_pointer<pkgCache::Version>' is not complete until the closing '}'
template <typename T> class map_pointer {
                            ^
include/apt-pkg/pkgcache.h:102:16: error: field has incomplete type 'map_pointer<void>'
   map_pointer(nullptr_t) noexcept : val(0) {}
               ^
include/apt-pkg/pkgcache.h:434:22: note: in instantiation of template class 'map_pointer<void>' requested here
   map_pointer<void> d;
                     ^
include/apt-pkg/pkgcache.h:98:29: note: definition of 'map_pointer<void>' is not complete until the closing '}'
template <typename T> class map_pointer {
                            ^
include/apt-pkg/pkgcache.h:102:16: error: field has incomplete type 'map_pointer<pkgCache::Dependency>'
   map_pointer(nullptr_t) noexcept : val(0) {}
               ^
include/apt-pkg/pkgcache.h:472:28: note: in instantiation of template class 'map_pointer<pkgCache::Dependency>' requested here
   map_pointer<Dependency> RevDepends;
                           ^
include/apt-pkg/pkgcache.h:98:29: note: definition of 'map_pointer<pkgCache::Dependency>' is not complete until the closing '}'
template <typename T> class map_pointer {
                            ^
include/apt-pkg/pkgcache.h:102:16: error: field has incomplete type 'map_pointer<pkgCache::Provides>'
   map_pointer(nullptr_t) noexcept : val(0) {}
               ^
include/apt-pkg/pkgcache.h:474:26: note: in instantiation of template class 'map_pointer<pkgCache::Provides>' requested here
   map_pointer<Provides> ProvidesList;
                         ^
include/apt-pkg/pkgcache.h:98:29: note: definition of 'map_pointer<pkgCache::Provides>' is not complete until the closing '}'
template <typename T> class map_pointer {
                            ^
include/apt-pkg/pkgcache.h:102:16: error: field has incomplete type 'map_pointer<pkgCache::VerFile>'
   map_pointer(nullptr_t) noexcept : val(0) {}
               ^
include/apt-pkg/pkgcache.h:597:25: note: in instantiation of template class 'map_pointer<pkgCache::VerFile>' requested here
   map_pointer<VerFile> NextFile;
                        ^
include/apt-pkg/pkgcache.h:98:29: note: definition of 'map_pointer<pkgCache::VerFile>' is not complete until the closing '}'
template <typename T> class map_pointer {
                            ^
include/apt-pkg/pkgcache.h:102:16: error: field has incomplete type 'map_pointer<pkgCache::DescFile>'
   map_pointer(nullptr_t) noexcept : val(0) {}
               ^
include/apt-pkg/pkgcache.h:611:26: note: in instantiation of template class 'map_pointer<pkgCache::DescFile>' requested here
   map_pointer<DescFile> NextFile;
                         ^
include/apt-pkg/pkgcache.h:98:29: note: definition of 'map_pointer<pkgCache::DescFile>' is not complete until the closing '}'
template <typename T> class map_pointer {
                            ^
include/apt-pkg/pkgcache.h:102:16: error: field has incomplete type 'map_pointer<pkgCache::Description>'
   map_pointer(nullptr_t) noexcept : val(0) {}
               ^
include/apt-pkg/pkgcache.h:662:29: note: in instantiation of template class 'map_pointer<pkgCache::Description>' requested here
   map_pointer<Description> DescriptionList;
                            ^
include/apt-pkg/pkgcache.h:98:29: note: definition of 'map_pointer<pkgCache::Description>' is not complete until the closing '}'
template <typename T> class map_pointer {
                            ^
include/apt-pkg/pkgcache.h:102:16: error: field has incomplete type 'map_pointer<pkgCache::DependencyData>'
   map_pointer(nullptr_t) noexcept : val(0) {}
               ^
include/apt-pkg/pkgcache.h:744:32: note: in instantiation of template class 'map_pointer<pkgCache::DependencyData>' requested here
   map_pointer<DependencyData> NextData;
                               ^
include/apt-pkg/pkgcache.h:98:29: note: definition of 'map_pointer<pkgCache::DependencyData>' is not complete until the closing '}'
template <typename T> class map_pointer {
                            ^
In file included from ../apt-pkg/acquire-item.cc:17:
In file included from include/apt-pkg/acquire-item.h:24:
In file included from include/apt-pkg/indexfile.h:25:
In file included from include/apt-pkg/pkgcache.h:791:
include/apt-pkg/cacheiterators.h:374:54: warning: misleading indentation; statement is not part of the previous 'if' [-Wmisleading-indentation]
           (Type == PrvVer?S->NextPkgProv:S->NextProvides); return *this;}
                                                            ^
include/apt-pkg/cacheiterators.h:373:37: note: previous statement is here
        inline PrvIterator& operator ++() {if (S != Owner->ProvideP) S = Owner->ProvideP +
                                           ^
In file included from ../apt-pkg/acquire-item.cc:17:
include/apt-pkg/acquire-item.h:367:17: warning: private field 'd' is not used [-Wunused-private-field]
   void * const d;
                ^
include/apt-pkg/acquire-item.h:405:17: warning: private field 'd' is not used [-Wunused-private-field]
   void * const d;
                ^
include/apt-pkg/acquire-item.h:531:17: warning: private field 'd' is not used [-Wunused-private-field]
   void * const d;
                ^
include/apt-pkg/acquire-item.h:561:17: warning: private field 'd' is not used [-Wunused-private-field]
   void * const d;
                ^
include/apt-pkg/acquire-item.h:598:17: warning: private field 'd' is not used [-Wunused-private-field]
   void * const d;
                ^
include/apt-pkg/acquire-item.h:708:17: warning: private field 'd' is not used [-Wunused-private-field]
   void * const d;
                ^
include/apt-pkg/acquire-item.h:945:17: warning: private field 'd' is not used [-Wunused-private-field]
   void * const d;
                ^
include/apt-pkg/acquire-item.h:1139:17: warning: private field 'd' is not used [-Wunused-private-field]
   void * const d;
                ^
include/apt-pkg/acquire-item.h:1195:28: warning: private field 'Owner' is not used [-Wunused-private-field]
   pkgAcquire::Item *const Owner;
                           ^
11 warnings and 16 errors generated.
[8/1080] /usr/bin/c++  -DAPT_DOMAIN=\"libapt-pkg6.0\" -D_WITH_GETLINE=1 -Dapt_pkg_EXPORTS -Iinclude -Iinclude/apt-pkg -g -O2 -fdebug-prefix-map=/<<PKGBUILDDIR>>=. -fstack-protector-strong -Wformat -Werror=format-security -Wdate-time -D_FORTIFY_SOURCE=2 -fPIC -fvisibility=hidden -fvisibility-inlines-hidden   -Wall -Wextra -Wcast-align -Wredundant-decls -Wmissing-declarations -Wctor-dtor-privacy -Wdisabled-optimization -Winit-self -Wmissing-include-dirs -Wsign-promo -Wundef -Wdouble-promotion -Werror=return-type -std=gnu++14 -MD -MT apt-pkg/CMakeFiles/apt-pkg.dir/acquire-method.cc.o -MF apt-pkg/CMakeFiles/apt-pkg.dir/acquire-method.cc.o.d -o apt-pkg/CMakeFiles/apt-pkg.dir/acquire-method.cc.o -c ../apt-pkg/acquire-method.cc
In file included from ../apt-pkg/acquire-method.cc:19:
include/apt-pkg/acquire-method.h:77:20: warning: private field 'd' is not used [-Wunused-private-field]
      void * const d;
                   ^
1 warning generated.
ninja: build stopped: subcommand failed.
dh_auto_build: error: cd obj-x86_64-linux-gnu && LC_ALL=C.UTF-8 ninja -j4 -v returned exit code 1
make: *** [debian/rules:21: binary] Error 25
dpkg-buildpackage: error: debian/rules binary subprocess returned exit status 2
--------------------------------------------------------------------------------
Build finished at 2020-05-03T04:26:04Z

Finished
--------


+------------------------------------------------------------------------------+
| Cleanup                                                                      |
+------------------------------------------------------------------------------+

Purging /<<BUILDDIR>>
Not cleaning session: cloned chroot in use
E: Build failure (dpkg-buildpackage died)

+------------------------------------------------------------------------------+
| Summary                                                                      |
+------------------------------------------------------------------------------+

Build Architecture: amd64
Build Type: binary
Build-Space: 24756
Build-Time: 8
Distribution: unstable
Fail-Stage: build
Host Architecture: amd64
Install-Time: 21
Job: apt_2.0.2
Machine Architecture: amd64
Package: apt
Package-Time: 45
Source-Version: 2.0.2
Space: 24756
Status: attempted
Version: 2.0.2
--------------------------------------------------------------------------------
Finished at 2020-05-03T04:26:04Z
Build needed 00:00:45, 24756k disk space
E: Build failure (dpkg-buildpackage died)
DC-Status: Failed 46.560018829s
DC-Time-Estimation: 46.560018829 versus expected 304 (r/m: 5.529206981562752 ; m: 46.560018829)
