DC-Build-Header: benchmark 1.5.0-4 / 2020-05-03 04:44:59 +0000
DC-Task: type:rebuild-binarch-only source:benchmark version:1.5.0-4 chroot:unstable esttime:161 logfile:/tmp/benchmark_1.5.0-4_unstable_clang10.log modes:clang10:binarch-only
DC-Sbuild-call: su user42 -c 'sbuild -n --arch-any --apt-update -d unstable -v --no-run-lintian --chroot-setup-commands=/tmp/clang10 benchmark_1.5.0-4'
sbuild (Debian sbuild) 0.78.1 (09 February 2019) on ip-172-31-1-44.eu-central-1.compute.internal

+==============================================================================+
| benchmark 1.5.0-4 (amd64)                    Sun, 03 May 2020 04:44:59 +0000 |
+==============================================================================+

Package: benchmark
Version: 1.5.0-4
Source Version: 1.5.0-4
Distribution: unstable
Machine Architecture: amd64
Host Architecture: amd64
Build Architecture: amd64
Build Type: binary

I: NOTICE: Log filtering will replace 'var/run/schroot/mount/sid-amd64-sbuild-a874e923-9c3d-4cc0-b00f-628afa43d128' with '<<CHROOT>>'

+------------------------------------------------------------------------------+
| Chroot Setup Commands                                                        |
+------------------------------------------------------------------------------+


/tmp/clang10
------------

+ echo 'Entering customization script...'
Entering customization script...
+ CLANG_VERSION=10
+ echo 'Install of clang-10'
Install of clang-10
+ apt-get update
Get:1 http://127.0.0.1:12990/debian sid InRelease [146 kB]
Get:2 http://127.0.0.1:12990/debian sid/main Sources.diff/Index [27.9 kB]
Get:3 http://127.0.0.1:12990/debian sid/main amd64 Packages.diff/Index [27.9 kB]
Get:4 http://127.0.0.1:12990/debian sid/main Sources 2020-05-02-0208.16.pdiff [3982 B]
Get:5 http://127.0.0.1:12990/debian sid/main Sources 2020-05-02-0807.49.pdiff [10.9 kB]
Get:6 http://127.0.0.1:12990/debian sid/main Sources 2020-05-02-1412.30.pdiff [12.9 kB]
Get:7 http://127.0.0.1:12990/debian sid/main Sources 2020-05-02-2007.10.pdiff [13.4 kB]
Get:8 http://127.0.0.1:12990/debian sid/main Sources 2020-05-03-0208.39.pdiff [9476 B]
Get:8 http://127.0.0.1:12990/debian sid/main Sources 2020-05-03-0208.39.pdiff [9476 B]
Get:9 http://127.0.0.1:12990/debian sid/main amd64 Packages 2020-05-02-0208.16.pdiff [2772 B]
Get:10 http://127.0.0.1:12990/debian sid/main amd64 Packages 2020-05-02-0807.49.pdiff [3238 B]
Get:11 http://127.0.0.1:12990/debian sid/main amd64 Packages 2020-05-02-1412.30.pdiff [7641 B]
Get:12 http://127.0.0.1:12990/debian sid/main amd64 Packages 2020-05-02-2007.10.pdiff [10.5 kB]
Get:13 http://127.0.0.1:12990/debian sid/main amd64 Packages 2020-05-03-0208.39.pdiff [18.4 kB]
Get:13 http://127.0.0.1:12990/debian sid/main amd64 Packages 2020-05-03-0208.39.pdiff [18.4 kB]
Get:14 http://127.0.0.1:12990/debian sid/main Translation-en [6185 kB]
Fetched 6480 kB in 2s (3915 kB/s)
Reading package lists...
+ apt-get install --yes --no-install-recommends --force-yes clang-10 libomp-10-dev libobjc-9-dev
Reading package lists...
Building dependency tree...
The following additional packages will be installed:
  gcc-10-base lib32gcc-s1 lib32gcc1 lib32stdc++6 libatomic1 libbsd0 libc6-i386
  libcc1-0 libclang-common-10-dev libclang-cpp10 libclang1-10 libedit2
  libgc1c2 libgcc-s1 libgomp1 libitm1 libllvm10 liblsan0 libobjc4 libomp5-10
  libquadmath0 libstdc++6 libtsan0 libubsan1 libz3-4
Suggested packages:
  clang-10-doc libomp-10-doc
Recommended packages:
  llvm-10-dev python3
The following NEW packages will be installed:
  clang-10 lib32gcc-s1 lib32gcc1 lib32stdc++6 libbsd0 libc6-i386
  libclang-common-10-dev libclang-cpp10 libclang1-10 libedit2 libgc1c2
  libllvm10 libobjc-9-dev libobjc4 libomp-10-dev libomp5-10 libz3-4
The following packages will be upgraded:
  gcc-10-base libatomic1 libcc1-0 libgcc-s1 libgomp1 libitm1 liblsan0
  libquadmath0 libstdc++6 libtsan0 libubsan1
11 upgraded, 17 newly installed, 0 to remove and 0 not upgraded.
Need to get 51.4 MB of archives.
After this operation, 259 MB of additional disk space will be used.
Get:1 http://127.0.0.1:12990/debian sid/main amd64 libatomic1 amd64 10-20200502-1 [9048 B]
Get:2 http://127.0.0.1:12990/debian sid/main amd64 libubsan1 amd64 10-20200502-1 [134 kB]
Get:3 http://127.0.0.1:12990/debian sid/main amd64 libtsan0 amd64 10-20200502-1 [313 kB]
Get:4 http://127.0.0.1:12990/debian sid/main amd64 gcc-10-base amd64 10-20200502-1 [197 kB]
Get:5 http://127.0.0.1:12990/debian sid/main amd64 libstdc++6 amd64 10-20200502-1 [492 kB]
Get:6 http://127.0.0.1:12990/debian sid/main amd64 libquadmath0 amd64 10-20200502-1 [145 kB]
Get:7 http://127.0.0.1:12990/debian sid/main amd64 liblsan0 amd64 10-20200502-1 [141 kB]
Get:8 http://127.0.0.1:12990/debian sid/main amd64 libitm1 amd64 10-20200502-1 [25.7 kB]
Get:9 http://127.0.0.1:12990/debian sid/main amd64 libgomp1 amd64 10-20200502-1 [99.3 kB]
Get:10 http://127.0.0.1:12990/debian sid/main amd64 libcc1-0 amd64 10-20200502-1 [39.7 kB]
Get:11 http://127.0.0.1:12990/debian sid/main amd64 libgcc-s1 amd64 10-20200502-1 [41.2 kB]
Get:12 http://127.0.0.1:12990/debian sid/main amd64 libbsd0 amd64 0.10.0-1 [107 kB]
Get:13 http://127.0.0.1:12990/debian sid/main amd64 libedit2 amd64 3.1-20191231-1 [95.4 kB]
Get:14 http://127.0.0.1:12990/debian sid/main amd64 libz3-4 amd64 4.8.7-4 [6790 kB]
Get:15 http://127.0.0.1:12990/debian sid/main amd64 libllvm10 amd64 1:10.0.0-4 [15.5 MB]
Get:16 http://127.0.0.1:12990/debian sid/main amd64 libclang-cpp10 amd64 1:10.0.0-4 [10.1 MB]
Get:17 http://127.0.0.1:12990/debian sid/main amd64 libgc1c2 amd64 1:7.6.4-0.4 [224 kB]
Get:18 http://127.0.0.1:12990/debian sid/main amd64 libobjc4 amd64 10-20200502-1 [41.6 kB]
Get:19 http://127.0.0.1:12990/debian sid/main amd64 libobjc-9-dev amd64 9.3.0-11 [218 kB]
Get:20 http://127.0.0.1:12990/debian sid/main amd64 libc6-i386 amd64 2.30-4 [2926 kB]
Get:21 http://127.0.0.1:12990/debian sid/main amd64 lib32gcc-s1 amd64 10-20200502-1 [49.4 kB]
Get:22 http://127.0.0.1:12990/debian sid/main amd64 lib32gcc1 amd64 1:10-20200502-1 [1100 B]
Get:23 http://127.0.0.1:12990/debian sid/main amd64 lib32stdc++6 amd64 10-20200502-1 [510 kB]
Get:24 http://127.0.0.1:12990/debian sid/main amd64 libclang-common-10-dev amd64 1:10.0.0-4 [5062 kB]
Get:25 http://127.0.0.1:12990/debian sid/main amd64 libclang1-10 amd64 1:10.0.0-4 [7609 kB]
Get:26 http://127.0.0.1:12990/debian sid/main amd64 clang-10 amd64 1:10.0.0-4 [105 kB]
Get:27 http://127.0.0.1:12990/debian sid/main amd64 libomp5-10 amd64 1:10.0.0-4 [338 kB]
Get:28 http://127.0.0.1:12990/debian sid/main amd64 libomp-10-dev amd64 1:10.0.0-4 [85.0 kB]
debconf: delaying package configuration, since apt-utils is not installed
Fetched 51.4 MB in 0s (145 MB/s)
(Reading database ... (Reading database ... 5%(Reading database ... 10%(Reading database ... 15%(Reading database ... 20%(Reading database ... 25%(Reading database ... 30%(Reading database ... 35%(Reading database ... 40%(Reading database ... 45%(Reading database ... 50%(Reading database ... 55%(Reading database ... 60%(Reading database ... 65%(Reading database ... 70%(Reading database ... 75%(Reading database ... 80%(Reading database ... 85%(Reading database ... 90%(Reading database ... 95%(Reading database ... 100%(Reading database ... 12123 files and directories currently installed.)
Preparing to unpack .../libatomic1_10-20200502-1_amd64.deb ...
Unpacking libatomic1:amd64 (10-20200502-1) over (10-20200418-1) ...
Preparing to unpack .../libubsan1_10-20200502-1_amd64.deb ...
Unpacking libubsan1:amd64 (10-20200502-1) over (10-20200418-1) ...
Preparing to unpack .../libtsan0_10-20200502-1_amd64.deb ...
Unpacking libtsan0:amd64 (10-20200502-1) over (10-20200418-1) ...
Preparing to unpack .../gcc-10-base_10-20200502-1_amd64.deb ...
Unpacking gcc-10-base:amd64 (10-20200502-1) over (10-20200418-1) ...
Setting up gcc-10-base:amd64 (10-20200502-1) ...
(Reading database ... (Reading database ... 5%(Reading database ... 10%(Reading database ... 15%(Reading database ... 20%(Reading database ... 25%(Reading database ... 30%(Reading database ... 35%(Reading database ... 40%(Reading database ... 45%(Reading database ... 50%(Reading database ... 55%(Reading database ... 60%(Reading database ... 65%(Reading database ... 70%(Reading database ... 75%(Reading database ... 80%(Reading database ... 85%(Reading database ... 90%(Reading database ... 95%(Reading database ... 100%(Reading database ... 12123 files and directories currently installed.)
Preparing to unpack .../libstdc++6_10-20200502-1_amd64.deb ...
Unpacking libstdc++6:amd64 (10-20200502-1) over (10-20200418-1) ...
Setting up libstdc++6:amd64 (10-20200502-1) ...
(Reading database ... (Reading database ... 5%(Reading database ... 10%(Reading database ... 15%(Reading database ... 20%(Reading database ... 25%(Reading database ... 30%(Reading database ... 35%(Reading database ... 40%(Reading database ... 45%(Reading database ... 50%(Reading database ... 55%(Reading database ... 60%(Reading database ... 65%(Reading database ... 70%(Reading database ... 75%(Reading database ... 80%(Reading database ... 85%(Reading database ... 90%(Reading database ... 95%(Reading database ... 100%(Reading database ... 12123 files and directories currently installed.)
Preparing to unpack .../0-libquadmath0_10-20200502-1_amd64.deb ...
Unpacking libquadmath0:amd64 (10-20200502-1) over (10-20200418-1) ...
Preparing to unpack .../1-liblsan0_10-20200502-1_amd64.deb ...
Unpacking liblsan0:amd64 (10-20200502-1) over (10-20200418-1) ...
Preparing to unpack .../2-libitm1_10-20200502-1_amd64.deb ...
Unpacking libitm1:amd64 (10-20200502-1) over (10-20200418-1) ...
Preparing to unpack .../3-libgomp1_10-20200502-1_amd64.deb ...
Unpacking libgomp1:amd64 (10-20200502-1) over (10-20200418-1) ...
Preparing to unpack .../4-libcc1-0_10-20200502-1_amd64.deb ...
Unpacking libcc1-0:amd64 (10-20200502-1) over (10-20200418-1) ...
Preparing to unpack .../5-libgcc-s1_10-20200502-1_amd64.deb ...
Unpacking libgcc-s1:amd64 (10-20200502-1) over (10-20200418-1) ...
Setting up libgcc-s1:amd64 (10-20200502-1) ...
Selecting previously unselected package libbsd0:amd64.
(Reading database ... (Reading database ... 5%(Reading database ... 10%(Reading database ... 15%(Reading database ... 20%(Reading database ... 25%(Reading database ... 30%(Reading database ... 35%(Reading database ... 40%(Reading database ... 45%(Reading database ... 50%(Reading database ... 55%(Reading database ... 60%(Reading database ... 65%(Reading database ... 70%(Reading database ... 75%(Reading database ... 80%(Reading database ... 85%(Reading database ... 90%(Reading database ... 95%(Reading database ... 100%(Reading database ... 12123 files and directories currently installed.)
Preparing to unpack .../00-libbsd0_0.10.0-1_amd64.deb ...
Unpacking libbsd0:amd64 (0.10.0-1) ...
Selecting previously unselected package libedit2:amd64.
Preparing to unpack .../01-libedit2_3.1-20191231-1_amd64.deb ...
Unpacking libedit2:amd64 (3.1-20191231-1) ...
Selecting previously unselected package libz3-4:amd64.
Preparing to unpack .../02-libz3-4_4.8.7-4_amd64.deb ...
Unpacking libz3-4:amd64 (4.8.7-4) ...
Selecting previously unselected package libllvm10:amd64.
Preparing to unpack .../03-libllvm10_1%3a10.0.0-4_amd64.deb ...
Unpacking libllvm10:amd64 (1:10.0.0-4) ...
Selecting previously unselected package libclang-cpp10.
Preparing to unpack .../04-libclang-cpp10_1%3a10.0.0-4_amd64.deb ...
Unpacking libclang-cpp10 (1:10.0.0-4) ...
Selecting previously unselected package libgc1c2:amd64.
Preparing to unpack .../05-libgc1c2_1%3a7.6.4-0.4_amd64.deb ...
Unpacking libgc1c2:amd64 (1:7.6.4-0.4) ...
Selecting previously unselected package libobjc4:amd64.
Preparing to unpack .../06-libobjc4_10-20200502-1_amd64.deb ...
Unpacking libobjc4:amd64 (10-20200502-1) ...
Selecting previously unselected package libobjc-9-dev:amd64.
Preparing to unpack .../07-libobjc-9-dev_9.3.0-11_amd64.deb ...
Unpacking libobjc-9-dev:amd64 (9.3.0-11) ...
Selecting previously unselected package libc6-i386.
Preparing to unpack .../08-libc6-i386_2.30-4_amd64.deb ...
Unpacking libc6-i386 (2.30-4) ...
Selecting previously unselected package lib32gcc-s1.
Preparing to unpack .../09-lib32gcc-s1_10-20200502-1_amd64.deb ...
Unpacking lib32gcc-s1 (10-20200502-1) ...
Selecting previously unselected package lib32gcc1.
Preparing to unpack .../10-lib32gcc1_1%3a10-20200502-1_amd64.deb ...
Unpacking lib32gcc1 (1:10-20200502-1) ...
Selecting previously unselected package lib32stdc++6.
Preparing to unpack .../11-lib32stdc++6_10-20200502-1_amd64.deb ...
Unpacking lib32stdc++6 (10-20200502-1) ...
Selecting previously unselected package libclang-common-10-dev.
Preparing to unpack .../12-libclang-common-10-dev_1%3a10.0.0-4_amd64.deb ...
Unpacking libclang-common-10-dev (1:10.0.0-4) ...
Selecting previously unselected package libclang1-10.
Preparing to unpack .../13-libclang1-10_1%3a10.0.0-4_amd64.deb ...
Unpacking libclang1-10 (1:10.0.0-4) ...
Selecting previously unselected package clang-10.
Preparing to unpack .../14-clang-10_1%3a10.0.0-4_amd64.deb ...
Unpacking clang-10 (1:10.0.0-4) ...
Selecting previously unselected package libomp5-10:amd64.
Preparing to unpack .../15-libomp5-10_1%3a10.0.0-4_amd64.deb ...
Unpacking libomp5-10:amd64 (1:10.0.0-4) ...
Selecting previously unselected package libomp-10-dev.
Preparing to unpack .../16-libomp-10-dev_1%3a10.0.0-4_amd64.deb ...
Unpacking libomp-10-dev (1:10.0.0-4) ...
Setting up libgc1c2:amd64 (1:7.6.4-0.4) ...
Setting up libobjc4:amd64 (10-20200502-1) ...
Setting up libgomp1:amd64 (10-20200502-1) ...
Setting up libz3-4:amd64 (4.8.7-4) ...
Setting up libquadmath0:amd64 (10-20200502-1) ...
Setting up libatomic1:amd64 (10-20200502-1) ...
Setting up libobjc-9-dev:amd64 (9.3.0-11) ...
Setting up libubsan1:amd64 (10-20200502-1) ...
Setting up libomp5-10:amd64 (1:10.0.0-4) ...
Setting up libc6-i386 (2.30-4) ...
Setting up libbsd0:amd64 (0.10.0-1) ...
Setting up libcc1-0:amd64 (10-20200502-1) ...
Setting up liblsan0:amd64 (10-20200502-1) ...
Setting up libitm1:amd64 (10-20200502-1) ...
Setting up libtsan0:amd64 (10-20200502-1) ...
Setting up libomp-10-dev (1:10.0.0-4) ...
Setting up libedit2:amd64 (3.1-20191231-1) ...
Setting up libllvm10:amd64 (1:10.0.0-4) ...
Setting up lib32gcc-s1 (10-20200502-1) ...
Setting up libclang1-10 (1:10.0.0-4) ...
Setting up lib32gcc1 (1:10-20200502-1) ...
Setting up libclang-cpp10 (1:10.0.0-4) ...
Setting up lib32stdc++6 (10-20200502-1) ...
Setting up libclang-common-10-dev (1:10.0.0-4) ...
Setting up clang-10 (1:10.0.0-4) ...
Processing triggers for libc-bin (2.30-4) ...
W: --force-yes is deprecated, use one of the options starting with --allow instead.
+ echo 'Replace gcc, g++ & cpp by clang'
Replace gcc, g++ & cpp by clang
+ VERSIONS='4.6 4.7 4.8 4.9 5 6 7 8 9 10'
+ cd /usr/bin
+ for VERSION in $VERSIONS
+ rm -f g++-4.6 gcc-4.6 cpp-4.6 gcc
+ ln -s clang++-10 g++-4.6
+ ln -s clang-10 gcc-4.6
+ ln -s clang-10 cpp-4.6
+ ln -s clang-10 gcc
+ echo 'gcc-4.6 hold'
+ dpkg --set-selections
dpkg: warning: package not in status nor available database at line 1: gcc-4.6
dpkg: warning: found unknown packages; this might mean the available database
is outdated, and needs to be updated through a frontend method;
please see the FAQ <https://wiki.debian.org/Teams/Dpkg/FAQ>
+ echo 'g++-4.6 hold'
+ dpkg --set-selections
dpkg: warning: package not in status nor available database at line 1: g++-4.6
dpkg: warning: found unknown packages; this might mean the available database
is outdated, and needs to be updated through a frontend method;
please see the FAQ <https://wiki.debian.org/Teams/Dpkg/FAQ>
+ for VERSION in $VERSIONS
+ rm -f g++-4.7 gcc-4.7 cpp-4.7 gcc
+ ln -s clang++-10 g++-4.7
+ ln -s clang-10 gcc-4.7
+ ln -s clang-10 cpp-4.7
+ ln -s clang-10 gcc
+ echo 'gcc-4.7 hold'
+ dpkg --set-selections
dpkg: warning: package not in status nor available database at line 1: gcc-4.7
dpkg: warning: found unknown packages; this might mean the available database
is outdated, and needs to be updated through a frontend method;
please see the FAQ <https://wiki.debian.org/Teams/Dpkg/FAQ>
+ echo 'g++-4.7 hold'
+ dpkg --set-selections
dpkg: warning: package not in status nor available database at line 1: g++-4.7
dpkg: warning: found unknown packages; this might mean the available database
is outdated, and needs to be updated through a frontend method;
please see the FAQ <https://wiki.debian.org/Teams/Dpkg/FAQ>
+ for VERSION in $VERSIONS
+ rm -f g++-4.8 gcc-4.8 cpp-4.8 gcc
+ ln -s clang++-10 g++-4.8
+ ln -s clang-10 gcc-4.8
+ ln -s clang-10 cpp-4.8
+ ln -s clang-10 gcc
+ echo 'gcc-4.8 hold'
+ dpkg --set-selections
dpkg: warning: package not in status nor available database at line 1: gcc-4.8
dpkg: warning: found unknown packages; this might mean the available database
is outdated, and needs to be updated through a frontend method;
please see the FAQ <https://wiki.debian.org/Teams/Dpkg/FAQ>
+ echo 'g++-4.8 hold'
+ dpkg --set-selections
dpkg: warning: package not in status nor available database at line 1: g++-4.8
dpkg: warning: found unknown packages; this might mean the available database
is outdated, and needs to be updated through a frontend method;
please see the FAQ <https://wiki.debian.org/Teams/Dpkg/FAQ>
+ for VERSION in $VERSIONS
+ rm -f g++-4.9 gcc-4.9 cpp-4.9 gcc
+ ln -s clang++-10 g++-4.9
+ ln -s clang-10 gcc-4.9
+ ln -s clang-10 cpp-4.9
+ ln -s clang-10 gcc
+ echo 'gcc-4.9 hold'
+ dpkg --set-selections
dpkg: warning: package not in status nor available database at line 1: gcc-4.9
dpkg: warning: found unknown packages; this might mean the available database
is outdated, and needs to be updated through a frontend method;
please see the FAQ <https://wiki.debian.org/Teams/Dpkg/FAQ>
+ echo 'g++-4.9 hold'
+ dpkg --set-selections
dpkg: warning: package not in status nor available database at line 1: g++-4.9
dpkg: warning: found unknown packages; this might mean the available database
is outdated, and needs to be updated through a frontend method;
please see the FAQ <https://wiki.debian.org/Teams/Dpkg/FAQ>
+ for VERSION in $VERSIONS
+ rm -f g++-5 gcc-5 cpp-5 gcc
+ ln -s clang++-10 g++-5
+ ln -s clang-10 gcc-5
+ ln -s clang-10 cpp-5
+ ln -s clang-10 gcc
+ echo 'gcc-5 hold'
+ dpkg --set-selections
dpkg: warning: package not in status nor available database at line 1: gcc-5
dpkg: warning: found unknown packages; this might mean the available database
is outdated, and needs to be updated through a frontend method;
please see the FAQ <https://wiki.debian.org/Teams/Dpkg/FAQ>
+ echo 'g++-5 hold'
+ dpkg --set-selections
dpkg: warning: package not in status nor available database at line 1: g++-5
dpkg: warning: found unknown packages; this might mean the available database
is outdated, and needs to be updated through a frontend method;
please see the FAQ <https://wiki.debian.org/Teams/Dpkg/FAQ>
+ for VERSION in $VERSIONS
+ rm -f g++-6 gcc-6 cpp-6 gcc
+ ln -s clang++-10 g++-6
+ ln -s clang-10 gcc-6
+ ln -s clang-10 cpp-6
+ ln -s clang-10 gcc
+ echo 'gcc-6 hold'
+ dpkg --set-selections
dpkg: warning: package not in status nor available database at line 1: gcc-6
dpkg: warning: found unknown packages; this might mean the available database
is outdated, and needs to be updated through a frontend method;
please see the FAQ <https://wiki.debian.org/Teams/Dpkg/FAQ>
+ echo 'g++-6 hold'
+ dpkg --set-selections
dpkg: warning: package not in status nor available database at line 1: g++-6
dpkg: warning: found unknown packages; this might mean the available database
is outdated, and needs to be updated through a frontend method;
please see the FAQ <https://wiki.debian.org/Teams/Dpkg/FAQ>
+ for VERSION in $VERSIONS
+ rm -f g++-7 gcc-7 cpp-7 gcc
+ ln -s clang++-10 g++-7
+ ln -s clang-10 gcc-7
+ ln -s clang-10 cpp-7
+ ln -s clang-10 gcc
+ echo 'gcc-7 hold'
+ dpkg --set-selections
dpkg: warning: package not in status nor available database at line 1: gcc-7
dpkg: warning: found unknown packages; this might mean the available database
is outdated, and needs to be updated through a frontend method;
please see the FAQ <https://wiki.debian.org/Teams/Dpkg/FAQ>
+ echo 'g++-7 hold'
+ dpkg --set-selections
dpkg: warning: package not in status nor available database at line 1: g++-7
dpkg: warning: found unknown packages; this might mean the available database
is outdated, and needs to be updated through a frontend method;
please see the FAQ <https://wiki.debian.org/Teams/Dpkg/FAQ>
+ for VERSION in $VERSIONS
+ rm -f g++-8 gcc-8 cpp-8 gcc
+ ln -s clang++-10 g++-8
+ ln -s clang-10 gcc-8
+ ln -s clang-10 cpp-8
+ ln -s clang-10 gcc
+ echo 'gcc-8 hold'
+ dpkg --set-selections
dpkg: warning: package not in status nor available database at line 1: gcc-8
dpkg: warning: found unknown packages; this might mean the available database
is outdated, and needs to be updated through a frontend method;
please see the FAQ <https://wiki.debian.org/Teams/Dpkg/FAQ>
+ echo 'g++-8 hold'
+ dpkg --set-selections
dpkg: warning: package not in status nor available database at line 1: g++-8
dpkg: warning: found unknown packages; this might mean the available database
is outdated, and needs to be updated through a frontend method;
please see the FAQ <https://wiki.debian.org/Teams/Dpkg/FAQ>
+ for VERSION in $VERSIONS
+ rm -f g++-9 gcc-9 cpp-9 gcc
+ ln -s clang++-10 g++-9
+ ln -s clang-10 gcc-9
+ ln -s clang-10 cpp-9
+ ln -s clang-10 gcc
+ echo 'gcc-9 hold'
+ dpkg --set-selections
+ echo 'g++-9 hold'
+ dpkg --set-selections
+ for VERSION in $VERSIONS
+ rm -f g++-10 gcc-10 cpp-10 gcc
+ ln -s clang++-10 g++-10
+ ln -s clang-10 gcc-10
+ ln -s clang-10 cpp-10
+ ln -s clang-10 gcc
+ echo 'gcc-10 hold'
+ dpkg --set-selections
dpkg: warning: package not in status nor available database at line 1: gcc-10
dpkg: warning: found unknown packages; this might mean the available database
is outdated, and needs to be updated through a frontend method;
please see the FAQ <https://wiki.debian.org/Teams/Dpkg/FAQ>
+ echo 'g++-10 hold'
+ dpkg --set-selections
dpkg: warning: package not in status nor available database at line 1: g++-10
dpkg: warning: found unknown packages; this might mean the available database
is outdated, and needs to be updated through a frontend method;
please see the FAQ <https://wiki.debian.org/Teams/Dpkg/FAQ>
+ cd -
/build/benchmark-GmNQKm
+ echo 'Check if gcc, g++ & cpp are actually clang'
Check if gcc, g++ & cpp are actually clang
+ gcc --version
+ grep clang
+ cpp --version
+ grep clang
+ g++ --version
+ grep clang
+ cd /usr/bin/
+ rm -f clang++ clang
+ ln -s clang-10 clang++
+ ln -s clang-10 clang
+ clang++ --version
clang version 10.0.0-4 
Target: x86_64-pc-linux-gnu
Thread model: posix
InstalledDir: /usr/bin
+ clang --version
clang version 10.0.0-4 
Target: x86_64-pc-linux-gnu
Thread model: posix
InstalledDir: /usr/bin
+ cd -
/build/benchmark-GmNQKm
+ apt install --yes --no-install-recommends --force-yes qt5-qmake

WARNING: apt does not have a stable CLI interface. Use with caution in scripts.

Reading package lists...
Building dependency tree...
Reading state information...
The following additional packages will be installed:
  qt5-qmake-bin qtchooser
The following NEW packages will be installed:
  qt5-qmake qt5-qmake-bin qtchooser
0 upgraded, 3 newly installed, 0 to remove and 0 not upgraded.
Need to get 1270 kB of archives.
After this operation, 4788 kB of additional disk space will be used.
Get:1 http://127.0.0.1:12990/debian sid/main amd64 qt5-qmake-bin amd64 5.12.5+dfsg-10 [1015 kB]
Get:2 http://127.0.0.1:12990/debian sid/main amd64 qtchooser amd64 66-2 [26.3 kB]
Get:3 http://127.0.0.1:12990/debian sid/main amd64 qt5-qmake amd64 5.12.5+dfsg-10 [229 kB]
debconf: delaying package configuration, since apt-utils is not installed
Fetched 1270 kB in 0s (56.9 MB/s)
Selecting previously unselected package qt5-qmake-bin.
(Reading database ... (Reading database ... 5%(Reading database ... 10%(Reading database ... 15%(Reading database ... 20%(Reading database ... 25%(Reading database ... 30%(Reading database ... 35%(Reading database ... 40%(Reading database ... 45%(Reading database ... 50%(Reading database ... 55%(Reading database ... 60%(Reading database ... 65%(Reading database ... 70%(Reading database ... 75%(Reading database ... 80%(Reading database ... 85%(Reading database ... 90%(Reading database ... 95%(Reading database ... 100%(Reading database ... 12968 files and directories currently installed.)
Preparing to unpack .../qt5-qmake-bin_5.12.5+dfsg-10_amd64.deb ...
Unpacking qt5-qmake-bin (5.12.5+dfsg-10) ...
Selecting previously unselected package qtchooser.
Preparing to unpack .../qtchooser_66-2_amd64.deb ...
Unpacking qtchooser (66-2) ...
Selecting previously unselected package qt5-qmake:amd64.
Preparing to unpack .../qt5-qmake_5.12.5+dfsg-10_amd64.deb ...
Unpacking qt5-qmake:amd64 (5.12.5+dfsg-10) ...
Setting up qt5-qmake-bin (5.12.5+dfsg-10) ...
Setting up qtchooser (66-2) ...
Setting up qt5-qmake:amd64 (5.12.5+dfsg-10) ...
W: --force-yes is deprecated, use one of the options starting with --allow instead.
+ cp /usr/lib/x86_64-linux-gnu/qt5/mkspecs/linux-clang/qmake.conf /usr/lib/x86_64-linux-gnu/qt5/mkspecs/linux-clang/qplatformdefs.h /usr/lib/x86_64-linux-gnu/qt5/mkspecs/linux-g++/
+ ls -al /usr/lib/x86_64-linux-gnu/qt5/mkspecs/linux-g++/
total 16
drwxr-xr-x  2 root root 4096 May  3 04:45 .
drwxr-xr-x 75 root root 4096 May  3 04:45 ..
-rw-r--r--  1 root root  276 May  3 04:45 qmake.conf
-rw-r--r--  1 root root 3218 May  3 04:45 qplatformdefs.h
+ cat /usr/lib/x86_64-linux-gnu/qt5/mkspecs/linux-g++/qmake.conf
#
# qmake configuration for linux-clang
#

MAKEFILE_GENERATOR = UNIX
CONFIG += incremental

QMAKE_INCREMENTAL_STYLE = sublib

include(../common/linux.conf)
include(../common/gcc-base-unix.conf)
include(../common/clang.conf)

QMAKE_LFLAGS += -ccc-gcc-name g++

load(qt_config)
+ export QMAKESPEC=/usr/lib/x86_64-linux-gnu/qt5/mkspecs/linux-clang/
+ QMAKESPEC=/usr/lib/x86_64-linux-gnu/qt5/mkspecs/linux-clang/
+ sed -i -e 's|compare_problem(2,|compare_problem(0,|g' /usr/bin/dpkg-gensymbols
+ sed -i -e 's|compare_problem(1,|compare_problem(0,|g' /usr/bin/dpkg-gensymbols
+ grep 'compare_problem(' /usr/bin/dpkg-gensymbols
        compare_problem(4, g_('new libraries appeared in the symbols file: %s'), "@libs");
        compare_problem(3, g_('some libraries disappeared in the symbols file: %s'), "@libs");
        compare_problem(0, g_('some new symbols appeared in the symbols file: %s'),
        compare_problem(0, g_('some symbols or patterns disappeared in the symbols file: %s'),

I: Finished running '/tmp/clang10'.

Finished processing commands.
--------------------------------------------------------------------------------
I: NOTICE: Log filtering will replace 'build/benchmark-GmNQKm/resolver-AXabnA' with '<<RESOLVERDIR>>'

+------------------------------------------------------------------------------+
| Update chroot                                                                |
+------------------------------------------------------------------------------+

Hit:1 http://127.0.0.1:12990/debian sid InRelease
Reading package lists...
Reading package lists...
Building dependency tree...
Reading state information...
Calculating upgrade...
0 upgraded, 0 newly installed, 0 to remove and 0 not upgraded.

+------------------------------------------------------------------------------+
| Fetch source files                                                           |
+------------------------------------------------------------------------------+


Check APT
---------

Checking available source versions...

Download source files with APT
------------------------------

Reading package lists...
NOTICE: 'benchmark' packaging is maintained in the 'Git' version control system at:
https://salsa.debian.org/science-team/benchmark.git
Please use:
git clone https://salsa.debian.org/science-team/benchmark.git
to retrieve the latest (possibly unreleased) updates to the package.
Need to get 159 kB of source archives.
Get:1 http://127.0.0.1:12990/debian sid/main benchmark 1.5.0-4 (dsc) [2229 B]
Get:2 http://127.0.0.1:12990/debian sid/main benchmark 1.5.0-4 (tar) [150 kB]
Get:3 http://127.0.0.1:12990/debian sid/main benchmark 1.5.0-4 (diff) [6280 B]
Fetched 159 kB in 0s (1488 kB/s)
Download complete and in download only mode
I: NOTICE: Log filtering will replace 'build/benchmark-GmNQKm/benchmark-1.5.0' with '<<PKGBUILDDIR>>'
I: NOTICE: Log filtering will replace 'build/benchmark-GmNQKm' with '<<BUILDDIR>>'

+------------------------------------------------------------------------------+
| Install package build dependencies                                           |
+------------------------------------------------------------------------------+


Setup apt archive
-----------------

Merged Build-Depends: cmake, debhelper-compat (= 12), libgmock-dev, googletest, build-essential, fakeroot
Filtered Build-Depends: cmake, debhelper-compat (= 12), libgmock-dev, googletest, build-essential, fakeroot
dpkg-deb: building package 'sbuild-build-depends-main-dummy' in '/<<RESOLVERDIR>>/apt_archive/sbuild-build-depends-main-dummy.deb'.
Ign:1 copy:/<<RESOLVERDIR>>/apt_archive ./ InRelease
Get:2 copy:/<<RESOLVERDIR>>/apt_archive ./ Release [957 B]
Ign:3 copy:/<<RESOLVERDIR>>/apt_archive ./ Release.gpg
Get:4 copy:/<<RESOLVERDIR>>/apt_archive ./ Sources [391 B]
Get:5 copy:/<<RESOLVERDIR>>/apt_archive ./ Packages [473 B]
Fetched 1821 B in 0s (0 B/s)
Reading package lists...
Reading package lists...

Install main build dependencies (apt-based resolver)
----------------------------------------------------

Installing build dependencies
Reading package lists...
Building dependency tree...
Reading state information...
The following additional packages will be installed:
  autoconf automake autopoint autotools-dev bsdmainutils cmake cmake-data
  debhelper dh-autoreconf dh-strip-nondeterminism dwz file gettext
  gettext-base googletest groff-base intltool-debian libarchive-zip-perl
  libarchive13 libbrotli1 libcroco3 libcurl4 libdebhelper-perl libelf1
  libexpat1 libfile-stripnondeterminism-perl libglib2.0-0 libgmock-dev
  libgssapi-krb5-2 libgtest-dev libicu63 libjsoncpp1 libk5crypto3 libkeyutils1
  libkrb5-3 libkrb5support0 libldap-2.4-2 libldap-common libmagic-mgc
  libmagic1 libncurses6 libnghttp2-14 libpipeline1 libprocps8 libpsl5
  librhash0 librtmp1 libsasl2-2 libsasl2-modules-db libsigsegv2 libssh2-1
  libssl1.1 libsub-override-perl libtool libuchardet0 libuv1 libxml2 m4 man-db
  po-debconf procps sensible-utils
Suggested packages:
  autoconf-archive gnu-standards autoconf-doc wamerican | wordlist whois
  vacation cmake-doc ninja-build dh-make gettext-doc libasprintf-dev
  libgettextpo-dev groff lrzip krb5-doc krb5-user libtool-doc gfortran
  | fortran95-compiler gcj-jdk m4-doc apparmor less www-browser
  libmail-box-perl
Recommended packages:
  curl | wget | lynx ca-certificates libarchive-cpio-perl libglib2.0-data
  shared-mime-info xdg-user-dirs krb5-locales libgpm2 publicsuffix
  libsasl2-modules libltdl-dev libmail-sendmail-perl psmisc
The following NEW packages will be installed:
  autoconf automake autopoint autotools-dev bsdmainutils cmake cmake-data
  debhelper dh-autoreconf dh-strip-nondeterminism dwz file gettext
  gettext-base googletest groff-base intltool-debian libarchive-zip-perl
  libarchive13 libbrotli1 libcroco3 libcurl4 libdebhelper-perl libelf1
  libexpat1 libfile-stripnondeterminism-perl libglib2.0-0 libgmock-dev
  libgssapi-krb5-2 libgtest-dev libicu63 libjsoncpp1 libk5crypto3 libkeyutils1
  libkrb5-3 libkrb5support0 libldap-2.4-2 libldap-common libmagic-mgc
  libmagic1 libncurses6 libnghttp2-14 libpipeline1 libprocps8 libpsl5
  librhash0 librtmp1 libsasl2-2 libsasl2-modules-db libsigsegv2 libssh2-1
  libssl1.1 libsub-override-perl libtool libuchardet0 libuv1 libxml2 m4 man-db
  po-debconf procps sbuild-build-depends-main-dummy sensible-utils
0 upgraded, 63 newly installed, 0 to remove and 0 not upgraded.
Need to get 31.7 MB of archives.
After this operation, 133 MB of additional disk space will be used.
Get:1 copy:/<<RESOLVERDIR>>/apt_archive ./ sbuild-build-depends-main-dummy 0.invalid.0 [900 B]
Get:2 http://127.0.0.1:12990/debian sid/main amd64 bsdmainutils amd64 11.1.2+b1 [191 kB]
Get:3 http://127.0.0.1:12990/debian sid/main amd64 libuchardet0 amd64 0.0.6-3 [64.9 kB]
Get:4 http://127.0.0.1:12990/debian sid/main amd64 groff-base amd64 1.22.4-4 [919 kB]
Get:5 http://127.0.0.1:12990/debian sid/main amd64 libpipeline1 amd64 1.5.2-2 [33.9 kB]
Get:6 http://127.0.0.1:12990/debian sid/main amd64 man-db amd64 2.9.1-1 [1308 kB]
Get:7 http://127.0.0.1:12990/debian sid/main amd64 libncurses6 amd64 6.2-1 [102 kB]
Get:8 http://127.0.0.1:12990/debian sid/main amd64 libprocps8 amd64 2:3.3.16-4 [62.7 kB]
Get:9 http://127.0.0.1:12990/debian sid/main amd64 procps amd64 2:3.3.16-4 [262 kB]
Get:10 http://127.0.0.1:12990/debian sid/main amd64 sensible-utils all 0.0.12+nmu1 [16.0 kB]
Get:11 http://127.0.0.1:12990/debian sid/main amd64 libmagic-mgc amd64 1:5.38-4 [262 kB]
Get:12 http://127.0.0.1:12990/debian sid/main amd64 libmagic1 amd64 1:5.38-4 [120 kB]
Get:13 http://127.0.0.1:12990/debian sid/main amd64 file amd64 1:5.38-4 [67.9 kB]
Get:14 http://127.0.0.1:12990/debian sid/main amd64 gettext-base amd64 0.19.8.1-10 [123 kB]
Get:15 http://127.0.0.1:12990/debian sid/main amd64 libsigsegv2 amd64 2.12-2 [32.8 kB]
Get:16 http://127.0.0.1:12990/debian sid/main amd64 m4 amd64 1.4.18-4 [203 kB]
Get:17 http://127.0.0.1:12990/debian sid/main amd64 autoconf all 2.69-11.1 [341 kB]
Get:18 http://127.0.0.1:12990/debian sid/main amd64 autotools-dev all 20180224.1 [77.0 kB]
Get:19 http://127.0.0.1:12990/debian sid/main amd64 automake all 1:1.16.2-1 [775 kB]
Get:20 http://127.0.0.1:12990/debian sid/main amd64 autopoint all 0.19.8.1-10 [435 kB]
Get:21 http://127.0.0.1:12990/debian sid/main amd64 cmake-data all 3.16.3-2 [1628 kB]
Get:22 http://127.0.0.1:12990/debian sid/main amd64 libicu63 amd64 63.2-3 [8296 kB]
Get:23 http://127.0.0.1:12990/debian sid/main amd64 libxml2 amd64 2.9.10+dfsg-5 [709 kB]
Get:24 http://127.0.0.1:12990/debian sid/main amd64 libarchive13 amd64 3.4.0-2 [335 kB]
Get:25 http://127.0.0.1:12990/debian sid/main amd64 libbrotli1 amd64 1.0.7-6.1 [267 kB]
Get:26 http://127.0.0.1:12990/debian sid/main amd64 libkrb5support0 amd64 1.17-7 [64.4 kB]
Get:27 http://127.0.0.1:12990/debian sid/main amd64 libk5crypto3 amd64 1.17-7 [115 kB]
Get:28 http://127.0.0.1:12990/debian sid/main amd64 libkeyutils1 amd64 1.6.1-2 [15.4 kB]
Get:29 http://127.0.0.1:12990/debian sid/main amd64 libssl1.1 amd64 1.1.1g-1 [1543 kB]
Get:30 http://127.0.0.1:12990/debian sid/main amd64 libkrb5-3 amd64 1.17-7 [366 kB]
Get:31 http://127.0.0.1:12990/debian sid/main amd64 libgssapi-krb5-2 amd64 1.17-7 [156 kB]
Get:32 http://127.0.0.1:12990/debian sid/main amd64 libsasl2-modules-db amd64 2.1.27+dfsg-2 [69.0 kB]
Get:33 http://127.0.0.1:12990/debian sid/main amd64 libsasl2-2 amd64 2.1.27+dfsg-2 [106 kB]
Get:34 http://127.0.0.1:12990/debian sid/main amd64 libldap-common all 2.4.50+dfsg-1 [92.9 kB]
Get:35 http://127.0.0.1:12990/debian sid/main amd64 libldap-2.4-2 amd64 2.4.50+dfsg-1 [228 kB]
Get:36 http://127.0.0.1:12990/debian sid/main amd64 libnghttp2-14 amd64 1.40.0-1 [85.0 kB]
Get:37 http://127.0.0.1:12990/debian sid/main amd64 libpsl5 amd64 0.21.0-1 [55.1 kB]
Get:38 http://127.0.0.1:12990/debian sid/main amd64 librtmp1 amd64 2.4+20151223.gitfa8646d.1-2+b1 [60.8 kB]
Get:39 http://127.0.0.1:12990/debian sid/main amd64 libssh2-1 amd64 1.8.0-2.1 [140 kB]
Get:40 http://127.0.0.1:12990/debian sid/main amd64 libcurl4 amd64 7.68.0-1 [321 kB]
Get:41 http://127.0.0.1:12990/debian sid/main amd64 libexpat1 amd64 2.2.9-1 [94.3 kB]
Get:42 http://127.0.0.1:12990/debian sid/main amd64 libjsoncpp1 amd64 1.7.4-3.1 [77.6 kB]
Get:43 http://127.0.0.1:12990/debian sid/main amd64 librhash0 amd64 1.3.9-1 [123 kB]
Get:44 http://127.0.0.1:12990/debian sid/main amd64 libuv1 amd64 1.35.0-2 [128 kB]
Get:45 http://127.0.0.1:12990/debian sid/main amd64 cmake amd64 3.16.3-2 [3675 kB]
Get:46 http://127.0.0.1:12990/debian sid/main amd64 libtool all 2.4.6-14 [513 kB]
Get:47 http://127.0.0.1:12990/debian sid/main amd64 dh-autoreconf all 19 [16.9 kB]
Get:48 http://127.0.0.1:12990/debian sid/main amd64 libdebhelper-perl all 13 [184 kB]
Get:49 http://127.0.0.1:12990/debian sid/main amd64 libarchive-zip-perl all 1.68-1 [104 kB]
Get:50 http://127.0.0.1:12990/debian sid/main amd64 libsub-override-perl all 0.09-2 [10.2 kB]
Get:51 http://127.0.0.1:12990/debian sid/main amd64 libfile-stripnondeterminism-perl all 1.8.0-1 [24.2 kB]
Get:52 http://127.0.0.1:12990/debian sid/main amd64 dh-strip-nondeterminism all 1.8.0-1 [14.8 kB]
Get:53 http://127.0.0.1:12990/debian sid/main amd64 libelf1 amd64 0.176-1.1 [161 kB]
Get:54 http://127.0.0.1:12990/debian sid/main amd64 dwz amd64 0.13-5 [151 kB]
Get:55 http://127.0.0.1:12990/debian sid/main amd64 libglib2.0-0 amd64 2.64.2-1 [1343 kB]
Get:56 http://127.0.0.1:12990/debian sid/main amd64 libcroco3 amd64 0.6.13-1 [146 kB]
Get:57 http://127.0.0.1:12990/debian sid/main amd64 gettext amd64 0.19.8.1-10 [1303 kB]
Get:58 http://127.0.0.1:12990/debian sid/main amd64 intltool-debian all 0.35.0+20060710.5 [26.8 kB]
Get:59 http://127.0.0.1:12990/debian sid/main amd64 po-debconf all 1.0.21 [248 kB]
Get:60 http://127.0.0.1:12990/debian sid/main amd64 debhelper all 13 [1002 kB]
Get:61 http://127.0.0.1:12990/debian sid/main amd64 googletest all 1.10.0-3 [626 kB]
Get:62 http://127.0.0.1:12990/debian sid/main amd64 libgtest-dev amd64 1.10.0-3 [1580 kB]
Get:63 http://127.0.0.1:12990/debian sid/main amd64 libgmock-dev amd64 1.10.0-3 [124 kB]
debconf: delaying package configuration, since apt-utils is not installed
Fetched 31.7 MB in 0s (108 MB/s)
Selecting previously unselected package bsdmainutils.
(Reading database ... 13685 files and directories currently installed.)
Preparing to unpack .../00-bsdmainutils_11.1.2+b1_amd64.deb ...
Unpacking bsdmainutils (11.1.2+b1) ...
Selecting previously unselected package libuchardet0:amd64.
Preparing to unpack .../01-libuchardet0_0.0.6-3_amd64.deb ...
Unpacking libuchardet0:amd64 (0.0.6-3) ...
Selecting previously unselected package groff-base.
Preparing to unpack .../02-groff-base_1.22.4-4_amd64.deb ...
Unpacking groff-base (1.22.4-4) ...
Selecting previously unselected package libpipeline1:amd64.
Preparing to unpack .../03-libpipeline1_1.5.2-2_amd64.deb ...
Unpacking libpipeline1:amd64 (1.5.2-2) ...
Selecting previously unselected package man-db.
Preparing to unpack .../04-man-db_2.9.1-1_amd64.deb ...
Unpacking man-db (2.9.1-1) ...
Selecting previously unselected package libncurses6:amd64.
Preparing to unpack .../05-libncurses6_6.2-1_amd64.deb ...
Unpacking libncurses6:amd64 (6.2-1) ...
Selecting previously unselected package libprocps8:amd64.
Preparing to unpack .../06-libprocps8_2%3a3.3.16-4_amd64.deb ...
Unpacking libprocps8:amd64 (2:3.3.16-4) ...
Selecting previously unselected package procps.
Preparing to unpack .../07-procps_2%3a3.3.16-4_amd64.deb ...
Unpacking procps (2:3.3.16-4) ...
Selecting previously unselected package sensible-utils.
Preparing to unpack .../08-sensible-utils_0.0.12+nmu1_all.deb ...
Unpacking sensible-utils (0.0.12+nmu1) ...
Selecting previously unselected package libmagic-mgc.
Preparing to unpack .../09-libmagic-mgc_1%3a5.38-4_amd64.deb ...
Unpacking libmagic-mgc (1:5.38-4) ...
Selecting previously unselected package libmagic1:amd64.
Preparing to unpack .../10-libmagic1_1%3a5.38-4_amd64.deb ...
Unpacking libmagic1:amd64 (1:5.38-4) ...
Selecting previously unselected package file.
Preparing to unpack .../11-file_1%3a5.38-4_amd64.deb ...
Unpacking file (1:5.38-4) ...
Selecting previously unselected package gettext-base.
Preparing to unpack .../12-gettext-base_0.19.8.1-10_amd64.deb ...
Unpacking gettext-base (0.19.8.1-10) ...
Selecting previously unselected package libsigsegv2:amd64.
Preparing to unpack .../13-libsigsegv2_2.12-2_amd64.deb ...
Unpacking libsigsegv2:amd64 (2.12-2) ...
Selecting previously unselected package m4.
Preparing to unpack .../14-m4_1.4.18-4_amd64.deb ...
Unpacking m4 (1.4.18-4) ...
Selecting previously unselected package autoconf.
Preparing to unpack .../15-autoconf_2.69-11.1_all.deb ...
Unpacking autoconf (2.69-11.1) ...
Selecting previously unselected package autotools-dev.
Preparing to unpack .../16-autotools-dev_20180224.1_all.deb ...
Unpacking autotools-dev (20180224.1) ...
Selecting previously unselected package automake.
Preparing to unpack .../17-automake_1%3a1.16.2-1_all.deb ...
Unpacking automake (1:1.16.2-1) ...
Selecting previously unselected package autopoint.
Preparing to unpack .../18-autopoint_0.19.8.1-10_all.deb ...
Unpacking autopoint (0.19.8.1-10) ...
Selecting previously unselected package cmake-data.
Preparing to unpack .../19-cmake-data_3.16.3-2_all.deb ...
Unpacking cmake-data (3.16.3-2) ...
Selecting previously unselected package libicu63:amd64.
Preparing to unpack .../20-libicu63_63.2-3_amd64.deb ...
Unpacking libicu63:amd64 (63.2-3) ...
Selecting previously unselected package libxml2:amd64.
Preparing to unpack .../21-libxml2_2.9.10+dfsg-5_amd64.deb ...
Unpacking libxml2:amd64 (2.9.10+dfsg-5) ...
Selecting previously unselected package libarchive13:amd64.
Preparing to unpack .../22-libarchive13_3.4.0-2_amd64.deb ...
Unpacking libarchive13:amd64 (3.4.0-2) ...
Selecting previously unselected package libbrotli1:amd64.
Preparing to unpack .../23-libbrotli1_1.0.7-6.1_amd64.deb ...
Unpacking libbrotli1:amd64 (1.0.7-6.1) ...
Selecting previously unselected package libkrb5support0:amd64.
Preparing to unpack .../24-libkrb5support0_1.17-7_amd64.deb ...
Unpacking libkrb5support0:amd64 (1.17-7) ...
Selecting previously unselected package libk5crypto3:amd64.
Preparing to unpack .../25-libk5crypto3_1.17-7_amd64.deb ...
Unpacking libk5crypto3:amd64 (1.17-7) ...
Selecting previously unselected package libkeyutils1:amd64.
Preparing to unpack .../26-libkeyutils1_1.6.1-2_amd64.deb ...
Unpacking libkeyutils1:amd64 (1.6.1-2) ...
Selecting previously unselected package libssl1.1:amd64.
Preparing to unpack .../27-libssl1.1_1.1.1g-1_amd64.deb ...
Unpacking libssl1.1:amd64 (1.1.1g-1) ...
Selecting previously unselected package libkrb5-3:amd64.
Preparing to unpack .../28-libkrb5-3_1.17-7_amd64.deb ...
Unpacking libkrb5-3:amd64 (1.17-7) ...
Selecting previously unselected package libgssapi-krb5-2:amd64.
Preparing to unpack .../29-libgssapi-krb5-2_1.17-7_amd64.deb ...
Unpacking libgssapi-krb5-2:amd64 (1.17-7) ...
Selecting previously unselected package libsasl2-modules-db:amd64.
Preparing to unpack .../30-libsasl2-modules-db_2.1.27+dfsg-2_amd64.deb ...
Unpacking libsasl2-modules-db:amd64 (2.1.27+dfsg-2) ...
Selecting previously unselected package libsasl2-2:amd64.
Preparing to unpack .../31-libsasl2-2_2.1.27+dfsg-2_amd64.deb ...
Unpacking libsasl2-2:amd64 (2.1.27+dfsg-2) ...
Selecting previously unselected package libldap-common.
Preparing to unpack .../32-libldap-common_2.4.50+dfsg-1_all.deb ...
Unpacking libldap-common (2.4.50+dfsg-1) ...
Selecting previously unselected package libldap-2.4-2:amd64.
Preparing to unpack .../33-libldap-2.4-2_2.4.50+dfsg-1_amd64.deb ...
Unpacking libldap-2.4-2:amd64 (2.4.50+dfsg-1) ...
Selecting previously unselected package libnghttp2-14:amd64.
Preparing to unpack .../34-libnghttp2-14_1.40.0-1_amd64.deb ...
Unpacking libnghttp2-14:amd64 (1.40.0-1) ...
Selecting previously unselected package libpsl5:amd64.
Preparing to unpack .../35-libpsl5_0.21.0-1_amd64.deb ...
Unpacking libpsl5:amd64 (0.21.0-1) ...
Selecting previously unselected package librtmp1:amd64.
Preparing to unpack .../36-librtmp1_2.4+20151223.gitfa8646d.1-2+b1_amd64.deb ...
Unpacking librtmp1:amd64 (2.4+20151223.gitfa8646d.1-2+b1) ...
Selecting previously unselected package libssh2-1:amd64.
Preparing to unpack .../37-libssh2-1_1.8.0-2.1_amd64.deb ...
Unpacking libssh2-1:amd64 (1.8.0-2.1) ...
Selecting previously unselected package libcurl4:amd64.
Preparing to unpack .../38-libcurl4_7.68.0-1_amd64.deb ...
Unpacking libcurl4:amd64 (7.68.0-1) ...
Selecting previously unselected package libexpat1:amd64.
Preparing to unpack .../39-libexpat1_2.2.9-1_amd64.deb ...
Unpacking libexpat1:amd64 (2.2.9-1) ...
Selecting previously unselected package libjsoncpp1:amd64.
Preparing to unpack .../40-libjsoncpp1_1.7.4-3.1_amd64.deb ...
Unpacking libjsoncpp1:amd64 (1.7.4-3.1) ...
Selecting previously unselected package librhash0:amd64.
Preparing to unpack .../41-librhash0_1.3.9-1_amd64.deb ...
Unpacking librhash0:amd64 (1.3.9-1) ...
Selecting previously unselected package libuv1:amd64.
Preparing to unpack .../42-libuv1_1.35.0-2_amd64.deb ...
Unpacking libuv1:amd64 (1.35.0-2) ...
Selecting previously unselected package cmake.
Preparing to unpack .../43-cmake_3.16.3-2_amd64.deb ...
Unpacking cmake (3.16.3-2) ...
Selecting previously unselected package libtool.
Preparing to unpack .../44-libtool_2.4.6-14_all.deb ...
Unpacking libtool (2.4.6-14) ...
Selecting previously unselected package dh-autoreconf.
Preparing to unpack .../45-dh-autoreconf_19_all.deb ...
Unpacking dh-autoreconf (19) ...
Selecting previously unselected package libdebhelper-perl.
Preparing to unpack .../46-libdebhelper-perl_13_all.deb ...
Unpacking libdebhelper-perl (13) ...
Selecting previously unselected package libarchive-zip-perl.
Preparing to unpack .../47-libarchive-zip-perl_1.68-1_all.deb ...
Unpacking libarchive-zip-perl (1.68-1) ...
Selecting previously unselected package libsub-override-perl.
Preparing to unpack .../48-libsub-override-perl_0.09-2_all.deb ...
Unpacking libsub-override-perl (0.09-2) ...
Selecting previously unselected package libfile-stripnondeterminism-perl.
Preparing to unpack .../49-libfile-stripnondeterminism-perl_1.8.0-1_all.deb ...
Unpacking libfile-stripnondeterminism-perl (1.8.0-1) ...
Selecting previously unselected package dh-strip-nondeterminism.
Preparing to unpack .../50-dh-strip-nondeterminism_1.8.0-1_all.deb ...
Unpacking dh-strip-nondeterminism (1.8.0-1) ...
Selecting previously unselected package libelf1:amd64.
Preparing to unpack .../51-libelf1_0.176-1.1_amd64.deb ...
Unpacking libelf1:amd64 (0.176-1.1) ...
Selecting previously unselected package dwz.
Preparing to unpack .../52-dwz_0.13-5_amd64.deb ...
Unpacking dwz (0.13-5) ...
Selecting previously unselected package libglib2.0-0:amd64.
Preparing to unpack .../53-libglib2.0-0_2.64.2-1_amd64.deb ...
Unpacking libglib2.0-0:amd64 (2.64.2-1) ...
Selecting previously unselected package libcroco3:amd64.
Preparing to unpack .../54-libcroco3_0.6.13-1_amd64.deb ...
Unpacking libcroco3:amd64 (0.6.13-1) ...
Selecting previously unselected package gettext.
Preparing to unpack .../55-gettext_0.19.8.1-10_amd64.deb ...
Unpacking gettext (0.19.8.1-10) ...
Selecting previously unselected package intltool-debian.
Preparing to unpack .../56-intltool-debian_0.35.0+20060710.5_all.deb ...
Unpacking intltool-debian (0.35.0+20060710.5) ...
Selecting previously unselected package po-debconf.
Preparing to unpack .../57-po-debconf_1.0.21_all.deb ...
Unpacking po-debconf (1.0.21) ...
Selecting previously unselected package debhelper.
Preparing to unpack .../58-debhelper_13_all.deb ...
Unpacking debhelper (13) ...
Selecting previously unselected package googletest.
Preparing to unpack .../59-googletest_1.10.0-3_all.deb ...
Unpacking googletest (1.10.0-3) ...
Selecting previously unselected package libgtest-dev:amd64.
Preparing to unpack .../60-libgtest-dev_1.10.0-3_amd64.deb ...
Unpacking libgtest-dev:amd64 (1.10.0-3) ...
Selecting previously unselected package libgmock-dev:amd64.
Preparing to unpack .../61-libgmock-dev_1.10.0-3_amd64.deb ...
Unpacking libgmock-dev:amd64 (1.10.0-3) ...
Selecting previously unselected package sbuild-build-depends-main-dummy.
Preparing to unpack .../62-sbuild-build-depends-main-dummy_0.invalid.0_amd64.deb ...
Unpacking sbuild-build-depends-main-dummy (0.invalid.0) ...
Setting up libexpat1:amd64 (2.2.9-1) ...
Setting up libpipeline1:amd64 (1.5.2-2) ...
Setting up libkeyutils1:amd64 (1.6.1-2) ...
Setting up libpsl5:amd64 (0.21.0-1) ...
Setting up libmagic-mgc (1:5.38-4) ...
Setting up libarchive-zip-perl (1.68-1) ...
Setting up libglib2.0-0:amd64 (2.64.2-1) ...
No schema files found: doing nothing.
Setting up libssl1.1:amd64 (1.1.1g-1) ...
Setting up libdebhelper-perl (13) ...
Setting up libbrotli1:amd64 (1.0.7-6.1) ...
Setting up libnghttp2-14:amd64 (1.40.0-1) ...
Setting up libmagic1:amd64 (1:5.38-4) ...
Setting up gettext-base (0.19.8.1-10) ...
Setting up file (1:5.38-4) ...
Setting up libldap-common (2.4.50+dfsg-1) ...
Setting up googletest (1.10.0-3) ...
Setting up libicu63:amd64 (63.2-3) ...
Setting up libkrb5support0:amd64 (1.17-7) ...
Setting up libsasl2-modules-db:amd64 (2.1.27+dfsg-2) ...
Setting up autotools-dev (20180224.1) ...
Setting up libuv1:amd64 (1.35.0-2) ...
Setting up librtmp1:amd64 (2.4+20151223.gitfa8646d.1-2+b1) ...
Setting up libncurses6:amd64 (6.2-1) ...
Setting up libsigsegv2:amd64 (2.12-2) ...
Setting up bsdmainutils (11.1.2+b1) ...
update-alternatives: using /usr/bin/bsd-write to provide /usr/bin/write (write) in auto mode
update-alternatives: using /usr/bin/bsd-from to provide /usr/bin/from (from) in auto mode
Setting up autopoint (0.19.8.1-10) ...
Setting up libk5crypto3:amd64 (1.17-7) ...
Setting up libsasl2-2:amd64 (2.1.27+dfsg-2) ...
Setting up sensible-utils (0.0.12+nmu1) ...
Setting up librhash0:amd64 (1.3.9-1) ...
Setting up libuchardet0:amd64 (0.0.6-3) ...
Setting up libsub-override-perl (0.09-2) ...
Setting up libssh2-1:amd64 (1.8.0-2.1) ...
Setting up cmake-data (3.16.3-2) ...
Setting up libkrb5-3:amd64 (1.17-7) ...
Setting up libelf1:amd64 (0.176-1.1) ...
Setting up libxml2:amd64 (2.9.10+dfsg-5) ...
Setting up libprocps8:amd64 (2:3.3.16-4) ...
Setting up libjsoncpp1:amd64 (1.7.4-3.1) ...
Setting up libfile-stripnondeterminism-perl (1.8.0-1) ...
Setting up libgtest-dev:amd64 (1.10.0-3) ...
Setting up libtool (2.4.6-14) ...
Setting up libarchive13:amd64 (3.4.0-2) ...
Setting up libldap-2.4-2:amd64 (2.4.50+dfsg-1) ...
Setting up m4 (1.4.18-4) ...
Setting up libgssapi-krb5-2:amd64 (1.17-7) ...
Setting up libcroco3:amd64 (0.6.13-1) ...
Setting up libgmock-dev:amd64 (1.10.0-3) ...
Setting up autoconf (2.69-11.1) ...
Setting up dh-strip-nondeterminism (1.8.0-1) ...
Setting up dwz (0.13-5) ...
Setting up groff-base (1.22.4-4) ...
Setting up procps (2:3.3.16-4) ...
update-alternatives: using /usr/bin/w.procps to provide /usr/bin/w (w) in auto mode
Setting up libcurl4:amd64 (7.68.0-1) ...
Setting up automake (1:1.16.2-1) ...
update-alternatives: using /usr/bin/automake-1.16 to provide /usr/bin/automake (automake) in auto mode
Setting up gettext (0.19.8.1-10) ...
Setting up man-db (2.9.1-1) ...
Not building database; man-db/auto-update is not 'true'.
Setting up intltool-debian (0.35.0+20060710.5) ...
Setting up cmake (3.16.3-2) ...
Setting up po-debconf (1.0.21) ...
Setting up dh-autoreconf (19) ...
Setting up debhelper (13) ...
Setting up sbuild-build-depends-main-dummy (0.invalid.0) ...
Processing triggers for libc-bin (2.30-4) ...

+------------------------------------------------------------------------------+
| Check architectures                                                          |
+------------------------------------------------------------------------------+

Arch check ok (amd64 included in any all)

+------------------------------------------------------------------------------+
| Build environment                                                            |
+------------------------------------------------------------------------------+

Kernel: Linux 4.19.0-6-cloud-amd64 #1 SMP Debian 4.19.67-2+deb10u2 (2019-11-11) amd64 (x86_64)
Toolchain package versions: binutils_2.34-6 dpkg-dev_1.19.7 g++-9_9.3.0-11 gcc-9_9.3.0-11 libc6-dev_2.30-4 libstdc++-9-dev_9.3.0-11 libstdc++6_10-20200502-1 linux-libc-dev_5.6.7-1
Package versions: adduser_3.118 apt_2.0.2 autoconf_2.69-11.1 automake_1:1.16.2-1 autopoint_0.19.8.1-10 autotools-dev_20180224.1 base-files_11 base-passwd_3.5.47 bash_5.0-6 binutils_2.34-6 binutils-common_2.34-6 binutils-x86-64-linux-gnu_2.34-6 bsdmainutils_11.1.2+b1 bsdutils_1:2.34-0.1 build-essential_12.8 bzip2_1.0.8-2 clang-10_1:10.0.0-4 cmake_3.16.3-2 cmake-data_3.16.3-2 coreutils_8.30-3+b1 cpp_4:9.2.1-3.1 cpp-9_9.3.0-11 dash_0.5.10.2-7 debconf_1.5.74 debhelper_13 debian-archive-keyring_2019.1 debianutils_4.9.1 dh-autoreconf_19 dh-strip-nondeterminism_1.8.0-1 diffutils_1:3.7-3 dpkg_1.19.7 dpkg-dev_1.19.7 dwz_0.13-5 e2fsprogs_1.45.6-1 fakeroot_1.24-1 fdisk_2.34-0.1 file_1:5.38-4 findutils_4.7.0-1 g++_4:9.2.1-3.1 g++-9_9.3.0-11 gcc_4:9.2.1-3.1 gcc-10-base_10-20200502-1 gcc-9_9.3.0-11 gcc-9-base_9.3.0-11 gettext_0.19.8.1-10 gettext-base_0.19.8.1-10 googletest_1.10.0-3 gpgv_2.2.20-1 grep_3.4-1 groff-base_1.22.4-4 gzip_1.10-2 hostname_3.23 init-system-helpers_1.57 intltool-debian_0.35.0+20060710.5 lib32gcc-s1_10-20200502-1 lib32gcc1_1:10-20200502-1 lib32stdc++6_10-20200502-1 libacl1_2.2.53-8 libapt-pkg6.0_2.0.2 libarchive-zip-perl_1.68-1 libarchive13_3.4.0-2 libasan5_9.3.0-11 libatomic1_10-20200502-1 libattr1_1:2.4.48-5 libaudit-common_1:2.8.5-3 libaudit1_1:2.8.5-3+b1 libbinutils_2.34-6 libblkid1_2.34-0.1 libbrotli1_1.0.7-6.1 libbsd0_0.10.0-1 libbz2-1.0_1.0.8-2 libc-bin_2.30-4 libc-dev-bin_2.30-4 libc6_2.30-4 libc6-dev_2.30-4 libc6-i386_2.30-4 libcap-ng0_0.7.9-2.1+b2 libcc1-0_10-20200502-1 libclang-common-10-dev_1:10.0.0-4 libclang-cpp10_1:10.0.0-4 libclang1-10_1:10.0.0-4 libcom-err2_1.45.6-1 libcroco3_0.6.13-1 libcrypt-dev_1:4.4.16-1 libcrypt1_1:4.4.16-1 libctf-nobfd0_2.34-6 libctf0_2.34-6 libcurl4_7.68.0-1 libdb5.3_5.3.28+dfsg1-0.6 libdebconfclient0_0.251 libdebhelper-perl_13 libdpkg-perl_1.19.7 libedit2_3.1-20191231-1 libelf1_0.176-1.1 libexpat1_2.2.9-1 libext2fs2_1.45.6-1 libfakeroot_1.24-1 libfdisk1_2.34-0.1 libffi7_3.3-4 libfile-stripnondeterminism-perl_1.8.0-1 libgc1c2_1:7.6.4-0.4 libgcc-9-dev_9.3.0-11 libgcc-s1_10-20200502-1 libgcrypt20_1.8.5-5 libgdbm-compat4_1.18.1-5 libgdbm6_1.18.1-5 libglib2.0-0_2.64.2-1 libgmock-dev_1.10.0-3 libgmp10_2:6.2.0+dfsg-4 libgnutls30_3.6.13-2 libgomp1_10-20200502-1 libgpg-error0_1.37-1 libgssapi-krb5-2_1.17-7 libgtest-dev_1.10.0-3 libhogweed5_3.5.1+really3.5.1-2 libicu63_63.2-3 libidn2-0_2.3.0-1 libisl22_0.22.1-1 libitm1_10-20200502-1 libjsoncpp1_1.7.4-3.1 libk5crypto3_1.17-7 libkeyutils1_1.6.1-2 libkrb5-3_1.17-7 libkrb5support0_1.17-7 libldap-2.4-2_2.4.50+dfsg-1 libldap-common_2.4.50+dfsg-1 libllvm10_1:10.0.0-4 liblsan0_10-20200502-1 liblz4-1_1.9.2-2 liblzma5_5.2.4-1+b1 libmagic-mgc_1:5.38-4 libmagic1_1:5.38-4 libmount1_2.34-0.1 libmpc3_1.1.0-1 libmpfr6_4.0.2-1 libncurses6_6.2-1 libncursesw6_6.2-1 libnettle7_3.5.1+really3.5.1-2 libnghttp2-14_1.40.0-1 libobjc-9-dev_9.3.0-11 libobjc4_10-20200502-1 libomp-10-dev_1:10.0.0-4 libomp5-10_1:10.0.0-4 libp11-kit0_0.23.20-1 libpam-modules_1.3.1-5 libpam-modules-bin_1.3.1-5 libpam-runtime_1.3.1-5 libpam0g_1.3.1-5 libpcre2-8-0_10.34-7 libpcre3_2:8.39-12+b1 libperl5.30_5.30.0-10 libpipeline1_1.5.2-2 libprocps8_2:3.3.16-4 libpsl5_0.21.0-1 libquadmath0_10-20200502-1 librhash0_1.3.9-1 librtmp1_2.4+20151223.gitfa8646d.1-2+b1 libsasl2-2_2.1.27+dfsg-2 libsasl2-modules-db_2.1.27+dfsg-2 libseccomp2_2.4.3-1+b1 libselinux1_3.0-1+b3 libsemanage-common_3.0-1 libsemanage1_3.0-1+b3 libsepol1_3.0-1 libsigsegv2_2.12-2 libsmartcols1_2.34-0.1 libss2_1.45.6-1 libssh2-1_1.8.0-2.1 libssl1.1_1.1.1g-1 libstdc++-9-dev_9.3.0-11 libstdc++6_10-20200502-1 libsub-override-perl_0.09-2 libsystemd0_245.5-2 libtasn1-6_4.16.0-2 libtinfo6_6.2-1 libtool_2.4.6-14 libtsan0_10-20200502-1 libubsan1_10-20200502-1 libuchardet0_0.0.6-3 libudev1_245.5-2 libunistring2_0.9.10-2 libuuid1_2.34-0.1 libuv1_1.35.0-2 libxml2_2.9.10+dfsg-5 libz3-4_4.8.7-4 libzstd1_1.4.4+dfsg-3 linux-libc-dev_5.6.7-1 login_1:4.8.1-1 logsave_1.45.6-1 lsb-base_11.1.0 m4_1.4.18-4 make_4.2.1-1.3 man-db_2.9.1-1 mawk_1.3.4.20200120-2 mount_2.34-0.1 ncurses-base_6.2-1 ncurses-bin_6.2-1 passwd_1:4.8.1-1 patch_2.7.6-6 perl_5.30.0-10 perl-base_5.30.0-10 perl-modules-5.30_5.30.0-10 po-debconf_1.0.21 procps_2:3.3.16-4 qt5-qmake_5.12.5+dfsg-10 qt5-qmake-bin_5.12.5+dfsg-10 qtchooser_66-2 sbuild-build-depends-main-dummy_0.invalid.0 sed_4.7-1 sensible-utils_0.0.12+nmu1 sysvinit-utils_2.96-3 tar_1.30+dfsg-7 tzdata_2020a-1 util-linux_2.34-0.1 xz-utils_5.2.4-1+b1 zlib1g_1:1.2.11.dfsg-2

+------------------------------------------------------------------------------+
| Build                                                                        |
+------------------------------------------------------------------------------+


Unpack source
-------------

-----BEGIN PGP SIGNED MESSAGE-----
Hash: SHA512

Format: 3.0 (quilt)
Source: benchmark
Binary: libbenchmark-dev, libbenchmark1, libbenchmark-tools
Architecture: any all
Version: 1.5.0-4
Maintainer: Debian Science Team <debian-science-maintainers@lists.alioth.debian.org>
Uploaders: Anton Gladky <gladk@debian.org>, Michael R. Crusoe <michael.crusoe@gmail.com>
Homepage: https://github.com/google/benchmark
Standards-Version: 4.4.0
Vcs-Browser: https://salsa.debian.org/science-team/benchmark
Vcs-Git: https://salsa.debian.org/science-team/benchmark.git
Testsuite: autopkgtest
Testsuite-Triggers: build-essential, g++-8, pkg-config
Build-Depends: cmake, debhelper-compat (= 12), libgmock-dev, googletest
Package-List:
 libbenchmark-dev deb libdevel optional arch=any
 libbenchmark-tools deb doc optional arch=all
 libbenchmark1 deb libs optional arch=any
Checksums-Sha1:
 f8743dc33b5cef47b1a04a58eac647856ef6a5ce 150176 benchmark_1.5.0.orig.tar.gz
 40253221ca926199061d82cbba2c2b5a7ac8d3e9 6280 benchmark_1.5.0-4.debian.tar.xz
Checksums-Sha256:
 3c6a165b6ecc948967a1ead710d4a181d7b0fbcaa183ef7ea84604994966221a 150176 benchmark_1.5.0.orig.tar.gz
 305c0285c8b537686bf6948bc9dd24c33b75bbb4dc6f8c230a2f45dedf142dba 6280 benchmark_1.5.0-4.debian.tar.xz
Files:
 eb1466370f3ae31e74557baa29729e9e 150176 benchmark_1.5.0.orig.tar.gz
 04cb168a16fdb060fe7170b0a6169c34 6280 benchmark_1.5.0-4.debian.tar.xz

-----BEGIN PGP SIGNATURE-----

iQIzBAEBCgAdFiEEck1gkzcRPHEFUNdHPCZ2P2xn5uIFAl3f9ZgACgkQPCZ2P2xn
5uKCAQ/+PRsSDTCQPplrOQDJ8PcDTCVotGLjiiHMOaTPjwwTWeUcLgtBUipfG+H6
/SMtNhjY0qlRZARh/tkGrEuV5yFYRO9XysfhezZ/IRE0k9brtqEybivj/8igLWhE
3LEeSJFiVeHjfEJKRZSPDRRe1dvPVX+lUK/fdwM9DjRSjchZUyR48AMdJumR+2IB
zSH8a+R+p1DC52PuUyD53AntvQp9b9AyED12ymzHjEtOdnxcz70ihv9UUSkqMJYs
qJ5gJ5HqMkL2NoeHONevLK7zSz/J+04Zupl5CYjeHBCthlQ050M3QVjSXVRhIONu
7LB8hmWZguBLAEHKkAFkcj11Tw7S4XKKK397EQi7HoHz0pE1fZ0maEYzAdZI1EQ3
tnBBpZ/uZhVkk4Uw8nIszYOSwACmyMkxgA8aSqYbykVs+mEUPiv4izqlEgqTzdpu
21X7nOiRaLzHcfmsOGLMNPh8c4KdSBqkxZgM+zhQTaG00L0PQQfbV1GYz1G5DBYB
3b/jKEdSr3JY5QETaNGta/lKJSpPseWEhyFAkoC2Gm6uSL9vX+hA+h3CCID+AhlK
Q3f+6TmA+bq2eRUZvfHVJlCnkX2kVK6VNQ/gkFvRmjJi68mb3ZuevWkZ0t1z2I3E
3xsmSLtJWK0ChqGYsEntkHRoWLo2lzWAuJLW6+y7qOI/b35Qaqg=
=WSUP
-----END PGP SIGNATURE-----

gpgv: unknown type of key resource 'trustedkeys.kbx'
gpgv: keyblock resource '/sbuild-nonexistent/.gnupg/trustedkeys.kbx': General error
gpgv: Signature made Thu Nov 28 16:28:08 2019 UTC
gpgv:                using RSA key 724D609337113C710550D7473C26763F6C67E6E2
gpgv: Can't check signature: No public key
dpkg-source: warning: failed to verify signature on ./benchmark_1.5.0-4.dsc
dpkg-source: info: extracting benchmark in /<<PKGBUILDDIR>>
dpkg-source: info: unpacking benchmark_1.5.0.orig.tar.gz
dpkg-source: info: unpacking benchmark_1.5.0-4.debian.tar.xz
dpkg-source: info: using patch list from debian/patches/series
dpkg-source: info: applying 0001-Create-shared-lib.patch
dpkg-source: info: applying 02_disable_2_tests.patch
dpkg-source: info: applying 03_fix_hppa_ftbfs.patch
dpkg-source: info: applying googletest_path.patch
dpkg-source: info: applying riscv.patch

Check disk space
----------------

Sufficient free space for build

User Environment
----------------

APT_CONFIG=/var/lib/sbuild/apt.conf
HOME=/sbuild-nonexistent
LANG=C.UTF-8
LC_ALL=C.UTF-8
LOGNAME=user42
PATH=/usr/local/sbin:/usr/local/bin:/usr/sbin:/usr/bin:/sbin:/bin:/usr/games
SCHROOT_ALIAS_NAME=unstable
SCHROOT_CHROOT_NAME=sid-amd64-sbuild
SCHROOT_COMMAND=env
SCHROOT_GID=1001
SCHROOT_GROUP=user42
SCHROOT_SESSION_ID=sid-amd64-sbuild-a874e923-9c3d-4cc0-b00f-628afa43d128
SCHROOT_UID=1001
SCHROOT_USER=user42
SHELL=/bin/sh
USER=user42

dpkg-buildpackage
-----------------

Command: dpkg-buildpackage -us -uc -b -rfakeroot
dpkg-buildpackage: info: source package benchmark
dpkg-buildpackage: info: source version 1.5.0-4
dpkg-buildpackage: info: source distribution unstable
dpkg-buildpackage: info: source changed by Michael R. Crusoe <michael.crusoe@gmail.com>
 dpkg-source --before-build .
dpkg-buildpackage: info: host architecture amd64
 fakeroot debian/rules clean
dh clean
   dh_clean
 debian/rules build
dh build
   dh_update_autotools_config
   dh_autoreconf
   debian/rules override_dh_auto_configure
make[1]: Entering directory '/<<PKGBUILDDIR>>'
dh_auto_configure -- -DGIT_VERSION="1.5.0" \
	-DGOOGLETEST_PATH=/usr/src/googletest \
	-DCMAKE_BUILD_TYPE=Release -DBENCHMARK_ENABLE_LTO=true
	cd obj-x86_64-linux-gnu && cmake -DCMAKE_INSTALL_PREFIX=/usr -DCMAKE_BUILD_TYPE=None -DCMAKE_INSTALL_SYSCONFDIR=/etc -DCMAKE_INSTALL_LOCALSTATEDIR=/var -DCMAKE_EXPORT_NO_PACKAGE_REGISTRY=ON -DCMAKE_FIND_PACKAGE_NO_PACKAGE_REGISTRY=ON -DCMAKE_INSTALL_RUNSTATEDIR=/run "-GUnix Makefiles" -DCMAKE_VERBOSE_MAKEFILE=ON -DCMAKE_AUTOGEN_VERBOSE=ON -DCMAKE_INSTALL_LIBDIR=lib/x86_64-linux-gnu -DGIT_VERSION=1.5.0 -DGOOGLETEST_PATH=/usr/src/googletest -DCMAKE_BUILD_TYPE=Release -DBENCHMARK_ENABLE_LTO=true ..
-- The CXX compiler identification is Clang 10.0.0
-- Check for working CXX compiler: /usr/bin/c++
-- Check for working CXX compiler: /usr/bin/c++ -- works
-- Detecting CXX compiler ABI info
-- Detecting CXX compiler ABI info - done
-- Detecting CXX compile features
-- Detecting CXX compile features - done
-- Failed to find LLVM FileCheck
-- Could NOT find Git (missing: GIT_EXECUTABLE) 
-- Version: 1.5.0
-- Performing Test HAVE_CXX_FLAG_STD_CXX11
-- Performing Test HAVE_CXX_FLAG_STD_CXX11 - Success
-- Performing Test HAVE_CXX_FLAG_WALL
-- Performing Test HAVE_CXX_FLAG_WALL - Success
-- Performing Test HAVE_CXX_FLAG_WEXTRA
-- Performing Test HAVE_CXX_FLAG_WEXTRA - Success
-- Performing Test HAVE_CXX_FLAG_WSHADOW
-- Performing Test HAVE_CXX_FLAG_WSHADOW - Success
-- Performing Test HAVE_CXX_FLAG_WERROR
-- Performing Test HAVE_CXX_FLAG_WERROR - Success
-- Performing Test HAVE_CXX_FLAG_PEDANTIC
-- Performing Test HAVE_CXX_FLAG_PEDANTIC - Success
-- Performing Test HAVE_CXX_FLAG_PEDANTIC_ERRORS
-- Performing Test HAVE_CXX_FLAG_PEDANTIC_ERRORS - Success
-- Performing Test HAVE_CXX_FLAG_WSHORTEN_64_TO_32
-- Performing Test HAVE_CXX_FLAG_WSHORTEN_64_TO_32 - Success
-- Performing Test HAVE_CXX_FLAG_FSTRICT_ALIASING
-- Performing Test HAVE_CXX_FLAG_FSTRICT_ALIASING - Success
-- Performing Test HAVE_CXX_FLAG_WNO_DEPRECATED_DECLARATIONS
-- Performing Test HAVE_CXX_FLAG_WNO_DEPRECATED_DECLARATIONS - Success
-- Performing Test HAVE_CXX_FLAG_WNO_DEPRECATED
-- Performing Test HAVE_CXX_FLAG_WNO_DEPRECATED - Success
-- Performing Test HAVE_CXX_FLAG_WSTRICT_ALIASING
-- Performing Test HAVE_CXX_FLAG_WSTRICT_ALIASING - Success
-- Performing Test HAVE_CXX_FLAG_WD654
-- Performing Test HAVE_CXX_FLAG_WD654 - Failed
-- Performing Test HAVE_CXX_FLAG_WTHREAD_SAFETY
-- Performing Test HAVE_CXX_FLAG_WTHREAD_SAFETY - Success
-- Performing Test HAVE_THREAD_SAFETY_ATTRIBUTES
-- Performing Test HAVE_THREAD_SAFETY_ATTRIBUTES
-- Performing Test HAVE_THREAD_SAFETY_ATTRIBUTES -- failed to compile
-- Performing Test HAVE_CXX_FLAG_FLTO
-- Performing Test HAVE_CXX_FLAG_FLTO - Failed
CMake Error at /usr/share/cmake-3.16/Modules/FindPackageHandleStandardArgs.cmake:146 (message):
  Could NOT find LLVMAr (missing: LLVMAR_EXECUTABLE)
Call Stack (most recent call first):
  /usr/share/cmake-3.16/Modules/FindPackageHandleStandardArgs.cmake:393 (_FPHSA_FAILURE_MESSAGE)
  cmake/Modules/FindLLVMAr.cmake:9 (find_package_handle_standard_args)
  cmake/llvm-toolchain.cmake:1 (find_package)
  CMakeLists.txt:204 (include)


-- Configuring incomplete, errors occurred!
See also "/<<PKGBUILDDIR>>/obj-x86_64-linux-gnu/CMakeFiles/CMakeOutput.log".
See also "/<<PKGBUILDDIR>>/obj-x86_64-linux-gnu/CMakeFiles/CMakeError.log".
	cd obj-x86_64-linux-gnu && tail -v -n \+0 CMakeCache.txt
==> CMakeCache.txt <==
# This is the CMakeCache file.
# For build in directory: /<<PKGBUILDDIR>>/obj-x86_64-linux-gnu
# It was generated by CMake: /usr/bin/cmake
# You can edit this file to change values found and used by cmake.
# If you do not want to change any of the values, simply exit the editor.
# If you do want to change a value, simply edit, save, and exit the editor.
# The syntax for the file is as follows:
# KEY:TYPE=VALUE
# KEY is the name of a variable in the cache.
# TYPE is a hint to GUIs for the type of VALUE, DO NOT EDIT TYPE!.
# VALUE is the current value for the KEY.

########################
# EXTERNAL cache entries
########################

//Build a 32 bit version of the library.
BENCHMARK_BUILD_32_BITS:BOOL=OFF

//Allow the downloading and in-tree building of unmet dependencies
BENCHMARK_DOWNLOAD_DEPENDENCIES:BOOL=OFF

//Enable building and running the assembly tests
BENCHMARK_ENABLE_ASSEMBLY_TESTS:BOOL=OFF

//Enable the use of exceptions in the benchmark library.
BENCHMARK_ENABLE_EXCEPTIONS:BOOL=ON

//Enable building the unit tests which depend on gtest
BENCHMARK_ENABLE_GTEST_TESTS:BOOL=ON

//Enable installation of benchmark. (Projects embedding benchmark
// may want to turn this OFF.)
BENCHMARK_ENABLE_INSTALL:BOOL=ON

//Enable link time optimisation of the benchmark library.
BENCHMARK_ENABLE_LTO:BOOL=true

//Enable testing of the benchmark library.
BENCHMARK_ENABLE_TESTING:BOOL=ON

//Build and test using libc++ as the standard library.
BENCHMARK_USE_LIBCXX:BOOL=OFF

//Path to a program.
CMAKE_ADDR2LINE:FILEPATH=/usr/bin/addr2line

//Path to a program.
CMAKE_AR:FILEPATH=/usr/bin/ar

//No help, variable specified on the command line.
CMAKE_AUTOGEN_VERBOSE:UNINITIALIZED=ON

//Choose the type of build, options are: None Debug Release RelWithDebInfo
// MinSizeRel ...
CMAKE_BUILD_TYPE:STRING=Release

//Enable/Disable color output during build.
CMAKE_COLOR_MAKEFILE:BOOL=ON

//CXX compiler
CMAKE_CXX_COMPILER:FILEPATH=/usr/bin/c++

//LLVM archiver
CMAKE_CXX_COMPILER_AR:FILEPATH=CMAKE_CXX_COMPILER_AR-NOTFOUND

//Generate index for LLVM archive
CMAKE_CXX_COMPILER_RANLIB:FILEPATH=CMAKE_CXX_COMPILER_RANLIB-NOTFOUND

//Flags used by the CXX compiler during all build types.
CMAKE_CXX_FLAGS:STRING=-g -O2 -fdebug-prefix-map=/<<PKGBUILDDIR>>=. -fstack-protector-strong -Wformat -Werror=format-security -Wdate-time -D_FORTIFY_SOURCE=2

//Flags used by the CXX compiler during DEBUG builds.
CMAKE_CXX_FLAGS_DEBUG:STRING=-g

//Flags used by the CXX compiler during MINSIZEREL builds.
CMAKE_CXX_FLAGS_MINSIZEREL:STRING=-Os -DNDEBUG

//Flags used by the CXX compiler during RELEASE builds.
CMAKE_CXX_FLAGS_RELEASE:STRING=-O3 -DNDEBUG

//Flags used by the CXX compiler during RELWITHDEBINFO builds.
CMAKE_CXX_FLAGS_RELWITHDEBINFO:STRING=-O2 -g -DNDEBUG

//Path to a program.
CMAKE_DLLTOOL:FILEPATH=CMAKE_DLLTOOL-NOTFOUND

//Flags used by the linker during all build types.
CMAKE_EXE_LINKER_FLAGS:STRING=-Wl,-z,relro -Wl,-z,now

//Flags used by the linker during DEBUG builds.
CMAKE_EXE_LINKER_FLAGS_DEBUG:STRING=

//Flags used by the linker during MINSIZEREL builds.
CMAKE_EXE_LINKER_FLAGS_MINSIZEREL:STRING=

//Flags used by the linker during RELEASE builds.
CMAKE_EXE_LINKER_FLAGS_RELEASE:STRING=

//Flags used by the linker during RELWITHDEBINFO builds.
CMAKE_EXE_LINKER_FLAGS_RELWITHDEBINFO:STRING=

//Enable/Disable output of compile commands during generation.
CMAKE_EXPORT_COMPILE_COMMANDS:BOOL=OFF

//No help, variable specified on the command line.
CMAKE_EXPORT_NO_PACKAGE_REGISTRY:UNINITIALIZED=ON

//No help, variable specified on the command line.
CMAKE_FIND_PACKAGE_NO_PACKAGE_REGISTRY:UNINITIALIZED=ON

//No help, variable specified on the command line.
CMAKE_INSTALL_LIBDIR:UNINITIALIZED=lib/x86_64-linux-gnu

//No help, variable specified on the command line.
CMAKE_INSTALL_LOCALSTATEDIR:UNINITIALIZED=/var

//Install path prefix, prepended onto install directories.
CMAKE_INSTALL_PREFIX:PATH=/usr

//No help, variable specified on the command line.
CMAKE_INSTALL_RUNSTATEDIR:UNINITIALIZED=/run

//No help, variable specified on the command line.
CMAKE_INSTALL_SYSCONFDIR:UNINITIALIZED=/etc

//Path to a program.
CMAKE_LINKER:FILEPATH=/usr/bin/ld

//Path to a program.
CMAKE_MAKE_PROGRAM:FILEPATH=/usr/bin/make

//Flags used by the linker during the creation of modules during
// all build types.
CMAKE_MODULE_LINKER_FLAGS:STRING=-Wl,-z,relro -Wl,-z,now

//Flags used by the linker during the creation of modules during
// DEBUG builds.
CMAKE_MODULE_LINKER_FLAGS_DEBUG:STRING=

//Flags used by the linker during the creation of modules during
// MINSIZEREL builds.
CMAKE_MODULE_LINKER_FLAGS_MINSIZEREL:STRING=

//Flags used by the linker during the creation of modules during
// RELEASE builds.
CMAKE_MODULE_LINKER_FLAGS_RELEASE:STRING=

//Flags used by the linker during the creation of modules during
// RELWITHDEBINFO builds.
CMAKE_MODULE_LINKER_FLAGS_RELWITHDEBINFO:STRING=

//Path to a program.
CMAKE_NM:FILEPATH=/usr/bin/nm

//Path to a program.
CMAKE_OBJCOPY:FILEPATH=/usr/bin/objcopy

//Path to a program.
CMAKE_OBJDUMP:FILEPATH=/usr/bin/objdump

//Value Computed by CMake
CMAKE_PROJECT_DESCRIPTION:STATIC=

//Value Computed by CMake
CMAKE_PROJECT_HOMEPAGE_URL:STATIC=

//Value Computed by CMake
CMAKE_PROJECT_NAME:STATIC=benchmark

//Path to a program.
CMAKE_RANLIB:FILEPATH=/usr/bin/ranlib

//Path to a program.
CMAKE_READELF:FILEPATH=/usr/bin/readelf

//Flags used by the linker during the creation of shared libraries
// during all build types.
CMAKE_SHARED_LINKER_FLAGS:STRING=-Wl,-z,relro -Wl,-z,now

//Flags used by the linker during the creation of shared libraries
// during DEBUG builds.
CMAKE_SHARED_LINKER_FLAGS_DEBUG:STRING=

//Flags used by the linker during the creation of shared libraries
// during MINSIZEREL builds.
CMAKE_SHARED_LINKER_FLAGS_MINSIZEREL:STRING=

//Flags used by the linker during the creation of shared libraries
// during RELEASE builds.
CMAKE_SHARED_LINKER_FLAGS_RELEASE:STRING=

//Flags used by the linker during the creation of shared libraries
// during RELWITHDEBINFO builds.
CMAKE_SHARED_LINKER_FLAGS_RELWITHDEBINFO:STRING=

//If set, runtime paths are not added when installing shared libraries,
// but are added when building.
CMAKE_SKIP_INSTALL_RPATH:BOOL=NO

//If set, runtime paths are not added when using shared libraries.
CMAKE_SKIP_RPATH:BOOL=NO

//Flags used by the linker during the creation of static libraries
// during all build types.
CMAKE_STATIC_LINKER_FLAGS:STRING=

//Flags used by the linker during the creation of static libraries
// during DEBUG builds.
CMAKE_STATIC_LINKER_FLAGS_DEBUG:STRING=

//Flags used by the linker during the creation of static libraries
// during MINSIZEREL builds.
CMAKE_STATIC_LINKER_FLAGS_MINSIZEREL:STRING=

//Flags used by the linker during the creation of static libraries
// during RELEASE builds.
CMAKE_STATIC_LINKER_FLAGS_RELEASE:STRING=

//Flags used by the linker during the creation of static libraries
// during RELWITHDEBINFO builds.
CMAKE_STATIC_LINKER_FLAGS_RELWITHDEBINFO:STRING=

//Path to a program.
CMAKE_STRIP:FILEPATH=/usr/bin/strip

//If this value is on, makefiles will be generated without the
// .SILENT directive, and all commands will be echoed to the console
// during the make.  This is useful for debugging only. With Visual
// Studio IDE projects all commands are done without /nologo.
CMAKE_VERBOSE_MAKEFILE:BOOL=ON

//Git command line client
GIT_EXECUTABLE:FILEPATH=GIT_EXECUTABLE-NOTFOUND

//No help, variable specified on the command line.
GIT_VERSION:UNINITIALIZED=1.5.0

//No help, variable specified on the command line.
GOOGLETEST_PATH:UNINITIALIZED=/usr/src/googletest

//The llvm-ar executable
LLVMAR_EXECUTABLE:FILEPATH=LLVMAR_EXECUTABLE-NOTFOUND

//Path to a program.
LLVM_FILECHECK_EXE:FILEPATH=LLVM_FILECHECK_EXE-NOTFOUND

//Value Computed by CMake
benchmark_BINARY_DIR:STATIC=/<<PKGBUILDDIR>>/obj-x86_64-linux-gnu

//Value Computed by CMake
benchmark_SOURCE_DIR:STATIC=/<<PKGBUILDDIR>>


########################
# INTERNAL cache entries
########################

//ADVANCED property for variable: CMAKE_ADDR2LINE
CMAKE_ADDR2LINE-ADVANCED:INTERNAL=1
//ADVANCED property for variable: CMAKE_AR
CMAKE_AR-ADVANCED:INTERNAL=1
//This is the directory where this CMakeCache.txt was created
CMAKE_CACHEFILE_DIR:INTERNAL=/<<PKGBUILDDIR>>/obj-x86_64-linux-gnu
//Major version of cmake used to create the current loaded cache
CMAKE_CACHE_MAJOR_VERSION:INTERNAL=3
//Minor version of cmake used to create the current loaded cache
CMAKE_CACHE_MINOR_VERSION:INTERNAL=16
//Patch version of cmake used to create the current loaded cache
CMAKE_CACHE_PATCH_VERSION:INTERNAL=3
//ADVANCED property for variable: CMAKE_COLOR_MAKEFILE
CMAKE_COLOR_MAKEFILE-ADVANCED:INTERNAL=1
//Path to CMake executable.
CMAKE_COMMAND:INTERNAL=/usr/bin/cmake
//Path to cpack program executable.
CMAKE_CPACK_COMMAND:INTERNAL=/usr/bin/cpack
//Path to ctest program executable.
CMAKE_CTEST_COMMAND:INTERNAL=/usr/bin/ctest
//ADVANCED property for variable: CMAKE_CXX_COMPILER
CMAKE_CXX_COMPILER-ADVANCED:INTERNAL=1
//ADVANCED property for variable: CMAKE_CXX_COMPILER_AR
CMAKE_CXX_COMPILER_AR-ADVANCED:INTERNAL=1
//ADVANCED property for variable: CMAKE_CXX_COMPILER_RANLIB
CMAKE_CXX_COMPILER_RANLIB-ADVANCED:INTERNAL=1
//ADVANCED property for variable: CMAKE_CXX_FLAGS
CMAKE_CXX_FLAGS-ADVANCED:INTERNAL=1
//ADVANCED property for variable: CMAKE_CXX_FLAGS_DEBUG
CMAKE_CXX_FLAGS_DEBUG-ADVANCED:INTERNAL=1
//ADVANCED property for variable: CMAKE_CXX_FLAGS_MINSIZEREL
CMAKE_CXX_FLAGS_MINSIZEREL-ADVANCED:INTERNAL=1
//ADVANCED property for variable: CMAKE_CXX_FLAGS_RELEASE
CMAKE_CXX_FLAGS_RELEASE-ADVANCED:INTERNAL=1
//ADVANCED property for variable: CMAKE_CXX_FLAGS_RELWITHDEBINFO
CMAKE_CXX_FLAGS_RELWITHDEBINFO-ADVANCED:INTERNAL=1
//ADVANCED property for variable: CMAKE_DLLTOOL
CMAKE_DLLTOOL-ADVANCED:INTERNAL=1
//Executable file format
CMAKE_EXECUTABLE_FORMAT:INTERNAL=ELF
//ADVANCED property for variable: CMAKE_EXE_LINKER_FLAGS
CMAKE_EXE_LINKER_FLAGS-ADVANCED:INTERNAL=1
//ADVANCED property for variable: CMAKE_EXE_LINKER_FLAGS_DEBUG
CMAKE_EXE_LINKER_FLAGS_DEBUG-ADVANCED:INTERNAL=1
//ADVANCED property for variable: CMAKE_EXE_LINKER_FLAGS_MINSIZEREL
CMAKE_EXE_LINKER_FLAGS_MINSIZEREL-ADVANCED:INTERNAL=1
//ADVANCED property for variable: CMAKE_EXE_LINKER_FLAGS_RELEASE
CMAKE_EXE_LINKER_FLAGS_RELEASE-ADVANCED:INTERNAL=1
//ADVANCED property for variable: CMAKE_EXE_LINKER_FLAGS_RELWITHDEBINFO
CMAKE_EXE_LINKER_FLAGS_RELWITHDEBINFO-ADVANCED:INTERNAL=1
//ADVANCED property for variable: CMAKE_EXPORT_COMPILE_COMMANDS
CMAKE_EXPORT_COMPILE_COMMANDS-ADVANCED:INTERNAL=1
//Name of external makefile project generator.
CMAKE_EXTRA_GENERATOR:INTERNAL=
//Name of generator.
CMAKE_GENERATOR:INTERNAL=Unix Makefiles
//Generator instance identifier.
CMAKE_GENERATOR_INSTANCE:INTERNAL=
//Name of generator platform.
CMAKE_GENERATOR_PLATFORM:INTERNAL=
//Name of generator toolset.
CMAKE_GENERATOR_TOOLSET:INTERNAL=
//Source directory with the top level CMakeLists.txt file for this
// project
CMAKE_HOME_DIRECTORY:INTERNAL=/<<PKGBUILDDIR>>
//Install .so files without execute permission.
CMAKE_INSTALL_SO_NO_EXE:INTERNAL=1
//ADVANCED property for variable: CMAKE_LINKER
CMAKE_LINKER-ADVANCED:INTERNAL=1
//ADVANCED property for variable: CMAKE_MAKE_PROGRAM
CMAKE_MAKE_PROGRAM-ADVANCED:INTERNAL=1
//ADVANCED property for variable: CMAKE_MODULE_LINKER_FLAGS
CMAKE_MODULE_LINKER_FLAGS-ADVANCED:INTERNAL=1
//ADVANCED property for variable: CMAKE_MODULE_LINKER_FLAGS_DEBUG
CMAKE_MODULE_LINKER_FLAGS_DEBUG-ADVANCED:INTERNAL=1
//ADVANCED property for variable: CMAKE_MODULE_LINKER_FLAGS_MINSIZEREL
CMAKE_MODULE_LINKER_FLAGS_MINSIZEREL-ADVANCED:INTERNAL=1
//ADVANCED property for variable: CMAKE_MODULE_LINKER_FLAGS_RELEASE
CMAKE_MODULE_LINKER_FLAGS_RELEASE-ADVANCED:INTERNAL=1
//ADVANCED property for variable: CMAKE_MODULE_LINKER_FLAGS_RELWITHDEBINFO
CMAKE_MODULE_LINKER_FLAGS_RELWITHDEBINFO-ADVANCED:INTERNAL=1
//ADVANCED property for variable: CMAKE_NM
CMAKE_NM-ADVANCED:INTERNAL=1
//number of local generators
CMAKE_NUMBER_OF_MAKEFILES:INTERNAL=1
//ADVANCED property for variable: CMAKE_OBJCOPY
CMAKE_OBJCOPY-ADVANCED:INTERNAL=1
//ADVANCED property for variable: CMAKE_OBJDUMP
CMAKE_OBJDUMP-ADVANCED:INTERNAL=1
//Platform information initialized
CMAKE_PLATFORM_INFO_INITIALIZED:INTERNAL=1
//ADVANCED property for variable: CMAKE_RANLIB
CMAKE_RANLIB-ADVANCED:INTERNAL=1
//ADVANCED property for variable: CMAKE_READELF
CMAKE_READELF-ADVANCED:INTERNAL=1
//Path to CMake installation.
CMAKE_ROOT:INTERNAL=/usr/share/cmake-3.16
//ADVANCED property for variable: CMAKE_SHARED_LINKER_FLAGS
CMAKE_SHARED_LINKER_FLAGS-ADVANCED:INTERNAL=1
//ADVANCED property for variable: CMAKE_SHARED_LINKER_FLAGS_DEBUG
CMAKE_SHARED_LINKER_FLAGS_DEBUG-ADVANCED:INTERNAL=1
//ADVANCED property for variable: CMAKE_SHARED_LINKER_FLAGS_MINSIZEREL
CMAKE_SHARED_LINKER_FLAGS_MINSIZEREL-ADVANCED:INTERNAL=1
//ADVANCED property for variable: CMAKE_SHARED_LINKER_FLAGS_RELEASE
CMAKE_SHARED_LINKER_FLAGS_RELEASE-ADVANCED:INTERNAL=1
//ADVANCED property for variable: CMAKE_SHARED_LINKER_FLAGS_RELWITHDEBINFO
CMAKE_SHARED_LINKER_FLAGS_RELWITHDEBINFO-ADVANCED:INTERNAL=1
//ADVANCED property for variable: CMAKE_SKIP_INSTALL_RPATH
CMAKE_SKIP_INSTALL_RPATH-ADVANCED:INTERNAL=1
//ADVANCED property for variable: CMAKE_SKIP_RPATH
CMAKE_SKIP_RPATH-ADVANCED:INTERNAL=1
//ADVANCED property for variable: CMAKE_STATIC_LINKER_FLAGS
CMAKE_STATIC_LINKER_FLAGS-ADVANCED:INTERNAL=1
//ADVANCED property for variable: CMAKE_STATIC_LINKER_FLAGS_DEBUG
CMAKE_STATIC_LINKER_FLAGS_DEBUG-ADVANCED:INTERNAL=1
//ADVANCED property for variable: CMAKE_STATIC_LINKER_FLAGS_MINSIZEREL
CMAKE_STATIC_LINKER_FLAGS_MINSIZEREL-ADVANCED:INTERNAL=1
//ADVANCED property for variable: CMAKE_STATIC_LINKER_FLAGS_RELEASE
CMAKE_STATIC_LINKER_FLAGS_RELEASE-ADVANCED:INTERNAL=1
//ADVANCED property for variable: CMAKE_STATIC_LINKER_FLAGS_RELWITHDEBINFO
CMAKE_STATIC_LINKER_FLAGS_RELWITHDEBINFO-ADVANCED:INTERNAL=1
//ADVANCED property for variable: CMAKE_STRIP
CMAKE_STRIP-ADVANCED:INTERNAL=1
//uname command
CMAKE_UNAME:INTERNAL=/bin/uname
//ADVANCED property for variable: CMAKE_VERBOSE_MAKEFILE
CMAKE_VERBOSE_MAKEFILE-ADVANCED:INTERNAL=1
//Result of TRY_COMPILE
COMPILE_HAVE_THREAD_SAFETY_ATTRIBUTES:INTERNAL=FALSE
//ADVANCED property for variable: GIT_EXECUTABLE
GIT_EXECUTABLE-ADVANCED:INTERNAL=1
//Test HAVE_CXX_FLAG_FLTO
HAVE_CXX_FLAG_FLTO:INTERNAL=
//Test HAVE_CXX_FLAG_FSTRICT_ALIASING
HAVE_CXX_FLAG_FSTRICT_ALIASING:INTERNAL=1
//Test HAVE_CXX_FLAG_PEDANTIC
HAVE_CXX_FLAG_PEDANTIC:INTERNAL=1
//Test HAVE_CXX_FLAG_PEDANTIC_ERRORS
HAVE_CXX_FLAG_PEDANTIC_ERRORS:INTERNAL=1
//Test HAVE_CXX_FLAG_STD_CXX11
HAVE_CXX_FLAG_STD_CXX11:INTERNAL=1
//Test HAVE_CXX_FLAG_WALL
HAVE_CXX_FLAG_WALL:INTERNAL=1
//Test HAVE_CXX_FLAG_WD654
HAVE_CXX_FLAG_WD654:INTERNAL=
//Test HAVE_CXX_FLAG_WERROR
HAVE_CXX_FLAG_WERROR:INTERNAL=1
//Test HAVE_CXX_FLAG_WEXTRA
HAVE_CXX_FLAG_WEXTRA:INTERNAL=1
//Test HAVE_CXX_FLAG_WNO_DEPRECATED
HAVE_CXX_FLAG_WNO_DEPRECATED:INTERNAL=1
//Test HAVE_CXX_FLAG_WNO_DEPRECATED_DECLARATIONS
HAVE_CXX_FLAG_WNO_DEPRECATED_DECLARATIONS:INTERNAL=1
//Test HAVE_CXX_FLAG_WSHADOW
HAVE_CXX_FLAG_WSHADOW:INTERNAL=1
//Test HAVE_CXX_FLAG_WSHORTEN_64_TO_32
HAVE_CXX_FLAG_WSHORTEN_64_TO_32:INTERNAL=1
//Test HAVE_CXX_FLAG_WSTRICT_ALIASING
HAVE_CXX_FLAG_WSTRICT_ALIASING:INTERNAL=1
//Test HAVE_CXX_FLAG_WTHREAD_SAFETY
HAVE_CXX_FLAG_WTHREAD_SAFETY:INTERNAL=1

	cd obj-x86_64-linux-gnu && tail -v -n \+0 CMakeFiles/CMakeOutput.log
==> CMakeFiles/CMakeOutput.log <==
The system is: Linux - 4.19.0-6-cloud-amd64 - x86_64
Compiling the CXX compiler identification source file "CMakeCXXCompilerId.cpp" succeeded.
Compiler: /usr/bin/c++ 
Build flags: -g;-O2;-fdebug-prefix-map=/<<PKGBUILDDIR>>=.;-fstack-protector-strong;-Wformat;-Werror=format-security;-Wdate-time;-D_FORTIFY_SOURCE=2
Id flags:  

The output was:
0


Compilation of the CXX compiler identification source "CMakeCXXCompilerId.cpp" produced "a.out"

The CXX compiler identification is Clang, found in "/<<PKGBUILDDIR>>/obj-x86_64-linux-gnu/CMakeFiles/3.16.3/CompilerIdCXX/a.out"

Determining if the CXX compiler works passed with the following output:
Change Dir: /<<PKGBUILDDIR>>/obj-x86_64-linux-gnu/CMakeFiles/CMakeTmp

Run Build Command(s):/usr/bin/make cmTC_fefa2/fast && make[2]: Entering directory '/<<PKGBUILDDIR>>/obj-x86_64-linux-gnu/CMakeFiles/CMakeTmp'
/usr/bin/make -f CMakeFiles/cmTC_fefa2.dir/build.make CMakeFiles/cmTC_fefa2.dir/build
make[3]: Entering directory '/<<PKGBUILDDIR>>/obj-x86_64-linux-gnu/CMakeFiles/CMakeTmp'
Building CXX object CMakeFiles/cmTC_fefa2.dir/testCXXCompiler.cxx.o
/usr/bin/c++    -g -O2 -fdebug-prefix-map=/<<PKGBUILDDIR>>=. -fstack-protector-strong -Wformat -Werror=format-security -Wdate-time -D_FORTIFY_SOURCE=2    -o CMakeFiles/cmTC_fefa2.dir/testCXXCompiler.cxx.o -c /<<PKGBUILDDIR>>/obj-x86_64-linux-gnu/CMakeFiles/CMakeTmp/testCXXCompiler.cxx
Linking CXX executable cmTC_fefa2
/usr/bin/cmake -E cmake_link_script CMakeFiles/cmTC_fefa2.dir/link.txt --verbose=1
/usr/bin/c++  -g -O2 -fdebug-prefix-map=/<<PKGBUILDDIR>>=. -fstack-protector-strong -Wformat -Werror=format-security -Wdate-time -D_FORTIFY_SOURCE=2   -Wl,-z,relro -Wl,-z,now  CMakeFiles/cmTC_fefa2.dir/testCXXCompiler.cxx.o  -o cmTC_fefa2 
make[3]: Leaving directory '/<<PKGBUILDDIR>>/obj-x86_64-linux-gnu/CMakeFiles/CMakeTmp'
make[2]: Leaving directory '/<<PKGBUILDDIR>>/obj-x86_64-linux-gnu/CMakeFiles/CMakeTmp'



Detecting CXX compiler ABI info compiled with the following output:
Change Dir: /<<PKGBUILDDIR>>/obj-x86_64-linux-gnu/CMakeFiles/CMakeTmp

Run Build Command(s):/usr/bin/make cmTC_027c2/fast && make[2]: Entering directory '/<<PKGBUILDDIR>>/obj-x86_64-linux-gnu/CMakeFiles/CMakeTmp'
/usr/bin/make -f CMakeFiles/cmTC_027c2.dir/build.make CMakeFiles/cmTC_027c2.dir/build
make[3]: Entering directory '/<<PKGBUILDDIR>>/obj-x86_64-linux-gnu/CMakeFiles/CMakeTmp'
Building CXX object CMakeFiles/cmTC_027c2.dir/CMakeCXXCompilerABI.cpp.o
/usr/bin/c++    -g -O2 -fdebug-prefix-map=/<<PKGBUILDDIR>>=. -fstack-protector-strong -Wformat -Werror=format-security -Wdate-time -D_FORTIFY_SOURCE=2    -v -o CMakeFiles/cmTC_027c2.dir/CMakeCXXCompilerABI.cpp.o -c /usr/share/cmake-3.16/Modules/CMakeCXXCompilerABI.cpp
clang version 10.0.0-4 
Target: x86_64-pc-linux-gnu
Thread model: posix
InstalledDir: /usr/bin
Found candidate GCC installation: /usr/bin/../lib/gcc/x86_64-linux-gnu/9
Found candidate GCC installation: /usr/lib/gcc/x86_64-linux-gnu/9
Selected GCC installation: /usr/bin/../lib/gcc/x86_64-linux-gnu/9
Candidate multilib: .;@m64
Selected multilib: .;@m64
 (in-process)
 "/usr/lib/llvm-10/bin/clang" -cc1 -triple x86_64-pc-linux-gnu -emit-obj -disable-free -disable-llvm-verifier -discard-value-names -main-file-name CMakeCXXCompilerABI.cpp -mrelocation-model static -mthread-model posix -mframe-pointer=none -fmath-errno -fno-rounding-math -masm-verbose -mconstructor-aliases -munwind-tables -target-cpu x86-64 -dwarf-column-info -fno-split-dwarf-inlining -debug-info-kind=limited -dwarf-version=4 -debugger-tuning=gdb -v -resource-dir /usr/lib/llvm-10/lib/clang/10.0.0 -D _FORTIFY_SOURCE=2 -internal-isystem /usr/bin/../lib/gcc/x86_64-linux-gnu/9/../../../../include/c++/9 -internal-isystem /usr/bin/../lib/gcc/x86_64-linux-gnu/9/../../../../include/x86_64-linux-gnu/c++/9 -internal-isystem /usr/bin/../lib/gcc/x86_64-linux-gnu/9/../../../../include/x86_64-linux-gnu/c++/9 -internal-isystem /usr/bin/../lib/gcc/x86_64-linux-gnu/9/../../../../include/c++/9/backward -internal-isystem /usr/local/include -internal-isystem /usr/lib/llvm-10/lib/clang/10.0.0/include -internal-externc-isystem /usr/include/x86_64-linux-gnu -internal-externc-isystem /include -internal-externc-isystem /usr/include -O2 -Wformat -Werror=format-security -Wdate-time -fdeprecated-macro -fdebug-compilation-dir /<<PKGBUILDDIR>>/obj-x86_64-linux-gnu/CMakeFiles/CMakeTmp -fdebug-prefix-map=/<<PKGBUILDDIR>>=. -ferror-limit 19 -fmessage-length 0 -stack-protector 2 -fgnuc-version=4.2.1 -fobjc-runtime=gcc -fcxx-exceptions -fexceptions -fdiagnostics-show-option -vectorize-loops -vectorize-slp -faddrsig -o CMakeFiles/cmTC_027c2.dir/CMakeCXXCompilerABI.cpp.o -x c++ /usr/share/cmake-3.16/Modules/CMakeCXXCompilerABI.cpp
clang -cc1 version 10.0.0 based upon LLVM 10.0.0 default target x86_64-pc-linux-gnu
ignoring nonexistent directory "/include"
ignoring duplicate directory "/usr/bin/../lib/gcc/x86_64-linux-gnu/9/../../../../include/x86_64-linux-gnu/c++/9"
#include "..." search starts here:
#include <...> search starts here:
 /usr/bin/../lib/gcc/x86_64-linux-gnu/9/../../../../include/c++/9
 /usr/bin/../lib/gcc/x86_64-linux-gnu/9/../../../../include/x86_64-linux-gnu/c++/9
 /usr/bin/../lib/gcc/x86_64-linux-gnu/9/../../../../include/c++/9/backward
 /usr/local/include
 /usr/lib/llvm-10/lib/clang/10.0.0/include
 /usr/include/x86_64-linux-gnu
 /usr/include
End of search list.
Linking CXX executable cmTC_027c2
/usr/bin/cmake -E cmake_link_script CMakeFiles/cmTC_027c2.dir/link.txt --verbose=1
/usr/bin/c++  -g -O2 -fdebug-prefix-map=/<<PKGBUILDDIR>>=. -fstack-protector-strong -Wformat -Werror=format-security -Wdate-time -D_FORTIFY_SOURCE=2   -Wl,-z,relro -Wl,-z,now -v CMakeFiles/cmTC_027c2.dir/CMakeCXXCompilerABI.cpp.o  -o cmTC_027c2 
clang version 10.0.0-4 
Target: x86_64-pc-linux-gnu
Thread model: posix
InstalledDir: /usr/bin
Found candidate GCC installation: /usr/bin/../lib/gcc/x86_64-linux-gnu/9
Found candidate GCC installation: /usr/lib/gcc/x86_64-linux-gnu/9
Selected GCC installation: /usr/bin/../lib/gcc/x86_64-linux-gnu/9
Candidate multilib: .;@m64
Selected multilib: .;@m64
 "/usr/bin/ld" --hash-style=both --build-id --eh-frame-hdr -m elf_x86_64 -dynamic-linker /lib64/ld-linux-x86-64.so.2 -o cmTC_027c2 /usr/bin/../lib/gcc/x86_64-linux-gnu/9/../../../x86_64-linux-gnu/crt1.o /usr/bin/../lib/gcc/x86_64-linux-gnu/9/../../../x86_64-linux-gnu/crti.o /usr/bin/../lib/gcc/x86_64-linux-gnu/9/crtbegin.o -L/usr/bin/../lib/gcc/x86_64-linux-gnu/9 -L/usr/bin/../lib/gcc/x86_64-linux-gnu/9/../../../x86_64-linux-gnu -L/lib/x86_64-linux-gnu -L/lib/../lib64 -L/usr/lib/x86_64-linux-gnu -L/usr/bin/../lib/gcc/x86_64-linux-gnu/9/../../.. -L/usr/lib/llvm-10/bin/../lib -L/lib -L/usr/lib -z relro -z now CMakeFiles/cmTC_027c2.dir/CMakeCXXCompilerABI.cpp.o -lstdc++ -lm -lgcc_s -lgcc -lc -lgcc_s -lgcc /usr/bin/../lib/gcc/x86_64-linux-gnu/9/crtend.o /usr/bin/../lib/gcc/x86_64-linux-gnu/9/../../../x86_64-linux-gnu/crtn.o
make[3]: Leaving directory '/<<PKGBUILDDIR>>/obj-x86_64-linux-gnu/CMakeFiles/CMakeTmp'
make[2]: Leaving directory '/<<PKGBUILDDIR>>/obj-x86_64-linux-gnu/CMakeFiles/CMakeTmp'



Parsed CXX implicit include dir info from above output: rv=done
  found start of include info
  found start of implicit include info
    add: [/usr/bin/../lib/gcc/x86_64-linux-gnu/9/../../../../include/c++/9]
    add: [/usr/bin/../lib/gcc/x86_64-linux-gnu/9/../../../../include/x86_64-linux-gnu/c++/9]
    add: [/usr/bin/../lib/gcc/x86_64-linux-gnu/9/../../../../include/c++/9/backward]
    add: [/usr/local/include]
    add: [/usr/lib/llvm-10/lib/clang/10.0.0/include]
    add: [/usr/include/x86_64-linux-gnu]
    add: [/usr/include]
  end of search list found
  collapse include dir [/usr/bin/../lib/gcc/x86_64-linux-gnu/9/../../../../include/c++/9] ==> [/usr/include/c++/9]
  collapse include dir [/usr/bin/../lib/gcc/x86_64-linux-gnu/9/../../../../include/x86_64-linux-gnu/c++/9] ==> [/usr/include/x86_64-linux-gnu/c++/9]
  collapse include dir [/usr/bin/../lib/gcc/x86_64-linux-gnu/9/../../../../include/c++/9/backward] ==> [/usr/include/c++/9/backward]
  collapse include dir [/usr/local/include] ==> [/usr/local/include]
  collapse include dir [/usr/lib/llvm-10/lib/clang/10.0.0/include] ==> [/usr/lib/llvm-10/lib/clang/10.0.0/include]
  collapse include dir [/usr/include/x86_64-linux-gnu] ==> [/usr/include/x86_64-linux-gnu]
  collapse include dir [/usr/include] ==> [/usr/include]
  implicit include dirs: [/usr/include/c++/9;/usr/include/x86_64-linux-gnu/c++/9;/usr/include/c++/9/backward;/usr/local/include;/usr/lib/llvm-10/lib/clang/10.0.0/include;/usr/include/x86_64-linux-gnu;/usr/include]


Parsed CXX implicit link information from above output:
  link line regex: [^( *|.*[/\])(ld|CMAKE_LINK_STARTFILE-NOTFOUND|([^/\]+-)?ld|collect2)[^/\]*( |$)]
  ignore line: [Change Dir: /<<PKGBUILDDIR>>/obj-x86_64-linux-gnu/CMakeFiles/CMakeTmp]
  ignore line: []
  ignore line: [Run Build Command(s):/usr/bin/make cmTC_027c2/fast && make[2]: Entering directory '/<<PKGBUILDDIR>>/obj-x86_64-linux-gnu/CMakeFiles/CMakeTmp']
  ignore line: [/usr/bin/make -f CMakeFiles/cmTC_027c2.dir/build.make CMakeFiles/cmTC_027c2.dir/build]
  ignore line: [make[3]: Entering directory '/<<PKGBUILDDIR>>/obj-x86_64-linux-gnu/CMakeFiles/CMakeTmp']
  ignore line: [Building CXX object CMakeFiles/cmTC_027c2.dir/CMakeCXXCompilerABI.cpp.o]
  ignore line: [/usr/bin/c++    -g -O2 -fdebug-prefix-map=/<<PKGBUILDDIR>>=. -fstack-protector-strong -Wformat -Werror=format-security -Wdate-time -D_FORTIFY_SOURCE=2    -v -o CMakeFiles/cmTC_027c2.dir/CMakeCXXCompilerABI.cpp.o -c /usr/share/cmake-3.16/Modules/CMakeCXXCompilerABI.cpp]
  ignore line: [clang version 10.0.0-4 ]
  ignore line: [Target: x86_64-pc-linux-gnu]
  ignore line: [Thread model: posix]
  ignore line: [InstalledDir: /usr/bin]
  ignore line: [Found candidate GCC installation: /usr/bin/../lib/gcc/x86_64-linux-gnu/9]
  ignore line: [Found candidate GCC installation: /usr/lib/gcc/x86_64-linux-gnu/9]
  ignore line: [Selected GCC installation: /usr/bin/../lib/gcc/x86_64-linux-gnu/9]
  ignore line: [Candidate multilib: .]
  ignore line: [@m64]
  ignore line: [Selected multilib: .]
  ignore line: [@m64]
  ignore line: [ (in-process)]
  ignore line: [ "/usr/lib/llvm-10/bin/clang" -cc1 -triple x86_64-pc-linux-gnu -emit-obj -disable-free -disable-llvm-verifier -discard-value-names -main-file-name CMakeCXXCompilerABI.cpp -mrelocation-model static -mthread-model posix -mframe-pointer=none -fmath-errno -fno-rounding-math -masm-verbose -mconstructor-aliases -munwind-tables -target-cpu x86-64 -dwarf-column-info -fno-split-dwarf-inlining -debug-info-kind=limited -dwarf-version=4 -debugger-tuning=gdb -v -resource-dir /usr/lib/llvm-10/lib/clang/10.0.0 -D _FORTIFY_SOURCE=2 -internal-isystem /usr/bin/../lib/gcc/x86_64-linux-gnu/9/../../../../include/c++/9 -internal-isystem /usr/bin/../lib/gcc/x86_64-linux-gnu/9/../../../../include/x86_64-linux-gnu/c++/9 -internal-isystem /usr/bin/../lib/gcc/x86_64-linux-gnu/9/../../../../include/x86_64-linux-gnu/c++/9 -internal-isystem /usr/bin/../lib/gcc/x86_64-linux-gnu/9/../../../../include/c++/9/backward -internal-isystem /usr/local/include -internal-isystem /usr/lib/llvm-10/lib/clang/10.0.0/include -internal-externc-isystem /usr/include/x86_64-linux-gnu -internal-externc-isystem /include -internal-externc-isystem /usr/include -O2 -Wformat -Werror=format-security -Wdate-time -fdeprecated-macro -fdebug-compilation-dir /<<PKGBUILDDIR>>/obj-x86_64-linux-gnu/CMakeFiles/CMakeTmp -fdebug-prefix-map=/<<PKGBUILDDIR>>=. -ferror-limit 19 -fmessage-length 0 -stack-protector 2 -fgnuc-version=4.2.1 -fobjc-runtime=gcc -fcxx-exceptions -fexceptions -fdiagnostics-show-option -vectorize-loops -vectorize-slp -faddrsig -o CMakeFiles/cmTC_027c2.dir/CMakeCXXCompilerABI.cpp.o -x c++ /usr/share/cmake-3.16/Modules/CMakeCXXCompilerABI.cpp]
  ignore line: [clang -cc1 version 10.0.0 based upon LLVM 10.0.0 default target x86_64-pc-linux-gnu]
  ignore line: [ignoring nonexistent directory "/include"]
  ignore line: [ignoring duplicate directory "/usr/bin/../lib/gcc/x86_64-linux-gnu/9/../../../../include/x86_64-linux-gnu/c++/9"]
  ignore line: [#include "..." search starts here:]
  ignore line: [#include <...> search starts here:]
  ignore line: [ /usr/bin/../lib/gcc/x86_64-linux-gnu/9/../../../../include/c++/9]
  ignore line: [ /usr/bin/../lib/gcc/x86_64-linux-gnu/9/../../../../include/x86_64-linux-gnu/c++/9]
  ignore line: [ /usr/bin/../lib/gcc/x86_64-linux-gnu/9/../../../../include/c++/9/backward]
  ignore line: [ /usr/local/include]
  ignore line: [ /usr/lib/llvm-10/lib/clang/10.0.0/include]
  ignore line: [ /usr/include/x86_64-linux-gnu]
  ignore line: [ /usr/include]
  ignore line: [End of search list.]
  ignore line: [Linking CXX executable cmTC_027c2]
  ignore line: [/usr/bin/cmake -E cmake_link_script CMakeFiles/cmTC_027c2.dir/link.txt --verbose=1]
  ignore line: [/usr/bin/c++  -g -O2 -fdebug-prefix-map=/<<PKGBUILDDIR>>=. -fstack-protector-strong -Wformat -Werror=format-security -Wdate-time -D_FORTIFY_SOURCE=2   -Wl -z relro -Wl -z now -v CMakeFiles/cmTC_027c2.dir/CMakeCXXCompilerABI.cpp.o  -o cmTC_027c2 ]
  ignore line: [clang version 10.0.0-4 ]
  ignore line: [Target: x86_64-pc-linux-gnu]
  ignore line: [Thread model: posix]
  ignore line: [InstalledDir: /usr/bin]
  ignore line: [Found candidate GCC installation: /usr/bin/../lib/gcc/x86_64-linux-gnu/9]
  ignore line: [Found candidate GCC installation: /usr/lib/gcc/x86_64-linux-gnu/9]
  ignore line: [Selected GCC installation: /usr/bin/../lib/gcc/x86_64-linux-gnu/9]
  ignore line: [Candidate multilib: .]
  ignore line: [@m64]
  ignore line: [Selected multilib: .]
  ignore line: [@m64]
  link line: [ "/usr/bin/ld" --hash-style=both --build-id --eh-frame-hdr -m elf_x86_64 -dynamic-linker /lib64/ld-linux-x86-64.so.2 -o cmTC_027c2 /usr/bin/../lib/gcc/x86_64-linux-gnu/9/../../../x86_64-linux-gnu/crt1.o /usr/bin/../lib/gcc/x86_64-linux-gnu/9/../../../x86_64-linux-gnu/crti.o /usr/bin/../lib/gcc/x86_64-linux-gnu/9/crtbegin.o -L/usr/bin/../lib/gcc/x86_64-linux-gnu/9 -L/usr/bin/../lib/gcc/x86_64-linux-gnu/9/../../../x86_64-linux-gnu -L/lib/x86_64-linux-gnu -L/lib/../lib64 -L/usr/lib/x86_64-linux-gnu -L/usr/bin/../lib/gcc/x86_64-linux-gnu/9/../../.. -L/usr/lib/llvm-10/bin/../lib -L/lib -L/usr/lib -z relro -z now CMakeFiles/cmTC_027c2.dir/CMakeCXXCompilerABI.cpp.o -lstdc++ -lm -lgcc_s -lgcc -lc -lgcc_s -lgcc /usr/bin/../lib/gcc/x86_64-linux-gnu/9/crtend.o /usr/bin/../lib/gcc/x86_64-linux-gnu/9/../../../x86_64-linux-gnu/crtn.o]
    arg [/usr/bin/ld] ==> ignore
    arg [--hash-style=both] ==> ignore
    arg [--build-id] ==> ignore
    arg [--eh-frame-hdr] ==> ignore
    arg [-m] ==> ignore
    arg [elf_x86_64] ==> ignore
    arg [-dynamic-linker] ==> ignore
    arg [/lib64/ld-linux-x86-64.so.2] ==> ignore
    arg [-o] ==> ignore
    arg [cmTC_027c2] ==> ignore
    arg [/usr/bin/../lib/gcc/x86_64-linux-gnu/9/../../../x86_64-linux-gnu/crt1.o] ==> ignore
    arg [/usr/bin/../lib/gcc/x86_64-linux-gnu/9/../../../x86_64-linux-gnu/crti.o] ==> ignore
    arg [/usr/bin/../lib/gcc/x86_64-linux-gnu/9/crtbegin.o] ==> ignore
    arg [-L/usr/bin/../lib/gcc/x86_64-linux-gnu/9] ==> dir [/usr/bin/../lib/gcc/x86_64-linux-gnu/9]
    arg [-L/usr/bin/../lib/gcc/x86_64-linux-gnu/9/../../../x86_64-linux-gnu] ==> dir [/usr/bin/../lib/gcc/x86_64-linux-gnu/9/../../../x86_64-linux-gnu]
    arg [-L/lib/x86_64-linux-gnu] ==> dir [/lib/x86_64-linux-gnu]
    arg [-L/lib/../lib64] ==> dir [/lib/../lib64]
    arg [-L/usr/lib/x86_64-linux-gnu] ==> dir [/usr/lib/x86_64-linux-gnu]
    arg [-L/usr/bin/../lib/gcc/x86_64-linux-gnu/9/../../..] ==> dir [/usr/bin/../lib/gcc/x86_64-linux-gnu/9/../../..]
    arg [-L/usr/lib/llvm-10/bin/../lib] ==> dir [/usr/lib/llvm-10/bin/../lib]
    arg [-L/lib] ==> dir [/lib]
    arg [-L/usr/lib] ==> dir [/usr/lib]
    arg [-zrelro] ==> ignore
    arg [-znow] ==> ignore
    arg [CMakeFiles/cmTC_027c2.dir/CMakeCXXCompilerABI.cpp.o] ==> ignore
    arg [-lstdc++] ==> lib [stdc++]
    arg [-lm] ==> lib [m]
    arg [-lgcc_s] ==> lib [gcc_s]
    arg [-lgcc] ==> lib [gcc]
    arg [-lc] ==> lib [c]
    arg [-lgcc_s] ==> lib [gcc_s]
    arg [-lgcc] ==> lib [gcc]
    arg [/usr/bin/../lib/gcc/x86_64-linux-gnu/9/crtend.o] ==> ignore
    arg [/usr/bin/../lib/gcc/x86_64-linux-gnu/9/../../../x86_64-linux-gnu/crtn.o] ==> ignore
  collapse library dir [/usr/bin/../lib/gcc/x86_64-linux-gnu/9] ==> [/usr/lib/gcc/x86_64-linux-gnu/9]
  collapse library dir [/usr/bin/../lib/gcc/x86_64-linux-gnu/9/../../../x86_64-linux-gnu] ==> [/usr/lib/x86_64-linux-gnu]
  collapse library dir [/lib/x86_64-linux-gnu] ==> [/lib/x86_64-linux-gnu]
  collapse library dir [/lib/../lib64] ==> [/lib64]
  collapse library dir [/usr/lib/x86_64-linux-gnu] ==> [/usr/lib/x86_64-linux-gnu]
  collapse library dir [/usr/bin/../lib/gcc/x86_64-linux-gnu/9/../../..] ==> [/usr/lib]
  collapse library dir [/usr/lib/llvm-10/bin/../lib] ==> [/usr/lib/llvm-10/lib]
  collapse library dir [/lib] ==> [/lib]
  collapse library dir [/usr/lib] ==> [/usr/lib]
  implicit libs: [stdc++;m;gcc_s;gcc;c;gcc_s;gcc]
  implicit dirs: [/usr/lib/gcc/x86_64-linux-gnu/9;/usr/lib/x86_64-linux-gnu;/lib/x86_64-linux-gnu;/lib64;/usr/lib;/usr/lib/llvm-10/lib;/lib]
  implicit fwks: []


Performing C++ SOURCE FILE Test HAVE_CXX_FLAG_STD_CXX11 succeeded with the following output:
Change Dir: /<<PKGBUILDDIR>>/obj-x86_64-linux-gnu/CMakeFiles/CMakeTmp

Run Build Command(s):/usr/bin/make cmTC_2a415/fast && make[2]: Entering directory '/<<PKGBUILDDIR>>/obj-x86_64-linux-gnu/CMakeFiles/CMakeTmp'
/usr/bin/make -f CMakeFiles/cmTC_2a415.dir/build.make CMakeFiles/cmTC_2a415.dir/build
make[3]: Entering directory '/<<PKGBUILDDIR>>/obj-x86_64-linux-gnu/CMakeFiles/CMakeTmp'
Building CXX object CMakeFiles/cmTC_2a415.dir/src.cxx.o
/usr/bin/c++    -g -O2 -fdebug-prefix-map=/<<PKGBUILDDIR>>=. -fstack-protector-strong -Wformat -Werror=format-security -Wdate-time -D_FORTIFY_SOURCE=2 -DHAVE_CXX_FLAG_STD_CXX11  -std=c++11   -std=c++11 -o CMakeFiles/cmTC_2a415.dir/src.cxx.o -c /<<PKGBUILDDIR>>/obj-x86_64-linux-gnu/CMakeFiles/CMakeTmp/src.cxx
Linking CXX executable cmTC_2a415
/usr/bin/cmake -E cmake_link_script CMakeFiles/cmTC_2a415.dir/link.txt --verbose=1
/usr/bin/c++  -g -O2 -fdebug-prefix-map=/<<PKGBUILDDIR>>=. -fstack-protector-strong -Wformat -Werror=format-security -Wdate-time -D_FORTIFY_SOURCE=2 -DHAVE_CXX_FLAG_STD_CXX11  -std=c++11  -Wl,-z,relro -Wl,-z,now  CMakeFiles/cmTC_2a415.dir/src.cxx.o  -o cmTC_2a415 
make[3]: Leaving directory '/<<PKGBUILDDIR>>/obj-x86_64-linux-gnu/CMakeFiles/CMakeTmp'
make[2]: Leaving directory '/<<PKGBUILDDIR>>/obj-x86_64-linux-gnu/CMakeFiles/CMakeTmp'


Source file was:
int main() { return 0; }
Performing C++ SOURCE FILE Test HAVE_CXX_FLAG_WALL succeeded with the following output:
Change Dir: /<<PKGBUILDDIR>>/obj-x86_64-linux-gnu/CMakeFiles/CMakeTmp

Run Build Command(s):/usr/bin/make cmTC_cbe65/fast && make[2]: Entering directory '/<<PKGBUILDDIR>>/obj-x86_64-linux-gnu/CMakeFiles/CMakeTmp'
/usr/bin/make -f CMakeFiles/cmTC_cbe65.dir/build.make CMakeFiles/cmTC_cbe65.dir/build
make[3]: Entering directory '/<<PKGBUILDDIR>>/obj-x86_64-linux-gnu/CMakeFiles/CMakeTmp'
Building CXX object CMakeFiles/cmTC_cbe65.dir/src.cxx.o
/usr/bin/c++    -g -O2 -fdebug-prefix-map=/<<PKGBUILDDIR>>=. -fstack-protector-strong -Wformat -Werror=format-security -Wdate-time -D_FORTIFY_SOURCE=2  -std=c++11 -DHAVE_CXX_FLAG_WALL  -Wall   -Wall -o CMakeFiles/cmTC_cbe65.dir/src.cxx.o -c /<<PKGBUILDDIR>>/obj-x86_64-linux-gnu/CMakeFiles/CMakeTmp/src.cxx
Linking CXX executable cmTC_cbe65
/usr/bin/cmake -E cmake_link_script CMakeFiles/cmTC_cbe65.dir/link.txt --verbose=1
/usr/bin/c++  -g -O2 -fdebug-prefix-map=/<<PKGBUILDDIR>>=. -fstack-protector-strong -Wformat -Werror=format-security -Wdate-time -D_FORTIFY_SOURCE=2  -std=c++11 -DHAVE_CXX_FLAG_WALL  -Wall  -Wl,-z,relro -Wl,-z,now  CMakeFiles/cmTC_cbe65.dir/src.cxx.o  -o cmTC_cbe65 
make[3]: Leaving directory '/<<PKGBUILDDIR>>/obj-x86_64-linux-gnu/CMakeFiles/CMakeTmp'
make[2]: Leaving directory '/<<PKGBUILDDIR>>/obj-x86_64-linux-gnu/CMakeFiles/CMakeTmp'


Source file was:
int main() { return 0; }
Performing C++ SOURCE FILE Test HAVE_CXX_FLAG_WEXTRA succeeded with the following output:
Change Dir: /<<PKGBUILDDIR>>/obj-x86_64-linux-gnu/CMakeFiles/CMakeTmp

Run Build Command(s):/usr/bin/make cmTC_0d9f0/fast && make[2]: Entering directory '/<<PKGBUILDDIR>>/obj-x86_64-linux-gnu/CMakeFiles/CMakeTmp'
/usr/bin/make -f CMakeFiles/cmTC_0d9f0.dir/build.make CMakeFiles/cmTC_0d9f0.dir/build
make[3]: Entering directory '/<<PKGBUILDDIR>>/obj-x86_64-linux-gnu/CMakeFiles/CMakeTmp'
Building CXX object CMakeFiles/cmTC_0d9f0.dir/src.cxx.o
/usr/bin/c++    -g -O2 -fdebug-prefix-map=/<<PKGBUILDDIR>>=. -fstack-protector-strong -Wformat -Werror=format-security -Wdate-time -D_FORTIFY_SOURCE=2  -std=c++11  -Wall -DHAVE_CXX_FLAG_WEXTRA  -Wextra   -Wextra -o CMakeFiles/cmTC_0d9f0.dir/src.cxx.o -c /<<PKGBUILDDIR>>/obj-x86_64-linux-gnu/CMakeFiles/CMakeTmp/src.cxx
Linking CXX executable cmTC_0d9f0
/usr/bin/cmake -E cmake_link_script CMakeFiles/cmTC_0d9f0.dir/link.txt --verbose=1
/usr/bin/c++  -g -O2 -fdebug-prefix-map=/<<PKGBUILDDIR>>=. -fstack-protector-strong -Wformat -Werror=format-security -Wdate-time -D_FORTIFY_SOURCE=2  -std=c++11  -Wall -DHAVE_CXX_FLAG_WEXTRA  -Wextra  -Wl,-z,relro -Wl,-z,now  CMakeFiles/cmTC_0d9f0.dir/src.cxx.o  -o cmTC_0d9f0 
make[3]: Leaving directory '/<<PKGBUILDDIR>>/obj-x86_64-linux-gnu/CMakeFiles/CMakeTmp'
make[2]: Leaving directory '/<<PKGBUILDDIR>>/obj-x86_64-linux-gnu/CMakeFiles/CMakeTmp'


Source file was:
int main() { return 0; }
Performing C++ SOURCE FILE Test HAVE_CXX_FLAG_WSHADOW succeeded with the following output:
Change Dir: /<<PKGBUILDDIR>>/obj-x86_64-linux-gnu/CMakeFiles/CMakeTmp

Run Build Command(s):/usr/bin/make cmTC_48210/fast && make[2]: Entering directory '/<<PKGBUILDDIR>>/obj-x86_64-linux-gnu/CMakeFiles/CMakeTmp'
/usr/bin/make -f CMakeFiles/cmTC_48210.dir/build.make CMakeFiles/cmTC_48210.dir/build
make[3]: Entering directory '/<<PKGBUILDDIR>>/obj-x86_64-linux-gnu/CMakeFiles/CMakeTmp'
Building CXX object CMakeFiles/cmTC_48210.dir/src.cxx.o
/usr/bin/c++    -g -O2 -fdebug-prefix-map=/<<PKGBUILDDIR>>=. -fstack-protector-strong -Wformat -Werror=format-security -Wdate-time -D_FORTIFY_SOURCE=2  -std=c++11  -Wall  -Wextra -DHAVE_CXX_FLAG_WSHADOW  -Wshadow   -Wshadow -o CMakeFiles/cmTC_48210.dir/src.cxx.o -c /<<PKGBUILDDIR>>/obj-x86_64-linux-gnu/CMakeFiles/CMakeTmp/src.cxx
Linking CXX executable cmTC_48210
/usr/bin/cmake -E cmake_link_script CMakeFiles/cmTC_48210.dir/link.txt --verbose=1
/usr/bin/c++  -g -O2 -fdebug-prefix-map=/<<PKGBUILDDIR>>=. -fstack-protector-strong -Wformat -Werror=format-security -Wdate-time -D_FORTIFY_SOURCE=2  -std=c++11  -Wall  -Wextra -DHAVE_CXX_FLAG_WSHADOW  -Wshadow  -Wl,-z,relro -Wl,-z,now  CMakeFiles/cmTC_48210.dir/src.cxx.o  -o cmTC_48210 
make[3]: Leaving directory '/<<PKGBUILDDIR>>/obj-x86_64-linux-gnu/CMakeFiles/CMakeTmp'
make[2]: Leaving directory '/<<PKGBUILDDIR>>/obj-x86_64-linux-gnu/CMakeFiles/CMakeTmp'


Source file was:
int main() { return 0; }
Performing C++ SOURCE FILE Test HAVE_CXX_FLAG_WERROR succeeded with the following output:
Change Dir: /<<PKGBUILDDIR>>/obj-x86_64-linux-gnu/CMakeFiles/CMakeTmp

Run Build Command(s):/usr/bin/make cmTC_8a273/fast && make[2]: Entering directory '/<<PKGBUILDDIR>>/obj-x86_64-linux-gnu/CMakeFiles/CMakeTmp'
/usr/bin/make -f CMakeFiles/cmTC_8a273.dir/build.make CMakeFiles/cmTC_8a273.dir/build
make[3]: Entering directory '/<<PKGBUILDDIR>>/obj-x86_64-linux-gnu/CMakeFiles/CMakeTmp'
Building CXX object CMakeFiles/cmTC_8a273.dir/src.cxx.o
/usr/bin/c++    -g -O2 -fdebug-prefix-map=/<<PKGBUILDDIR>>=. -fstack-protector-strong -Wformat -Werror=format-security -Wdate-time -D_FORTIFY_SOURCE=2  -std=c++11  -Wall  -Wextra  -Wshadow -DHAVE_CXX_FLAG_WERROR  -Werror   -Werror -o CMakeFiles/cmTC_8a273.dir/src.cxx.o -c /<<PKGBUILDDIR>>/obj-x86_64-linux-gnu/CMakeFiles/CMakeTmp/src.cxx
Linking CXX executable cmTC_8a273
/usr/bin/cmake -E cmake_link_script CMakeFiles/cmTC_8a273.dir/link.txt --verbose=1
/usr/bin/c++  -g -O2 -fdebug-prefix-map=/<<PKGBUILDDIR>>=. -fstack-protector-strong -Wformat -Werror=format-security -Wdate-time -D_FORTIFY_SOURCE=2  -std=c++11  -Wall  -Wextra  -Wshadow -DHAVE_CXX_FLAG_WERROR  -Werror  -Wl,-z,relro -Wl,-z,now  CMakeFiles/cmTC_8a273.dir/src.cxx.o  -o cmTC_8a273 
make[3]: Leaving directory '/<<PKGBUILDDIR>>/obj-x86_64-linux-gnu/CMakeFiles/CMakeTmp'
make[2]: Leaving directory '/<<PKGBUILDDIR>>/obj-x86_64-linux-gnu/CMakeFiles/CMakeTmp'


Source file was:
int main() { return 0; }
Performing C++ SOURCE FILE Test HAVE_CXX_FLAG_PEDANTIC succeeded with the following output:
Change Dir: /<<PKGBUILDDIR>>/obj-x86_64-linux-gnu/CMakeFiles/CMakeTmp

Run Build Command(s):/usr/bin/make cmTC_1ae80/fast && make[2]: Entering directory '/<<PKGBUILDDIR>>/obj-x86_64-linux-gnu/CMakeFiles/CMakeTmp'
/usr/bin/make -f CMakeFiles/cmTC_1ae80.dir/build.make CMakeFiles/cmTC_1ae80.dir/build
make[3]: Entering directory '/<<PKGBUILDDIR>>/obj-x86_64-linux-gnu/CMakeFiles/CMakeTmp'
Building CXX object CMakeFiles/cmTC_1ae80.dir/src.cxx.o
/usr/bin/c++    -g -O2 -fdebug-prefix-map=/<<PKGBUILDDIR>>=. -fstack-protector-strong -Wformat -Werror=format-security -Wdate-time -D_FORTIFY_SOURCE=2  -std=c++11  -Wall  -Wextra  -Wshadow -DHAVE_CXX_FLAG_PEDANTIC  -pedantic   -pedantic -o CMakeFiles/cmTC_1ae80.dir/src.cxx.o -c /<<PKGBUILDDIR>>/obj-x86_64-linux-gnu/CMakeFiles/CMakeTmp/src.cxx
Linking CXX executable cmTC_1ae80
/usr/bin/cmake -E cmake_link_script CMakeFiles/cmTC_1ae80.dir/link.txt --verbose=1
/usr/bin/c++  -g -O2 -fdebug-prefix-map=/<<PKGBUILDDIR>>=. -fstack-protector-strong -Wformat -Werror=format-security -Wdate-time -D_FORTIFY_SOURCE=2  -std=c++11  -Wall  -Wextra  -Wshadow -DHAVE_CXX_FLAG_PEDANTIC  -pedantic  -Wl,-z,relro -Wl,-z,now  CMakeFiles/cmTC_1ae80.dir/src.cxx.o  -o cmTC_1ae80 
make[3]: Leaving directory '/<<PKGBUILDDIR>>/obj-x86_64-linux-gnu/CMakeFiles/CMakeTmp'
make[2]: Leaving directory '/<<PKGBUILDDIR>>/obj-x86_64-linux-gnu/CMakeFiles/CMakeTmp'


Source file was:
int main() { return 0; }
Performing C++ SOURCE FILE Test HAVE_CXX_FLAG_PEDANTIC_ERRORS succeeded with the following output:
Change Dir: /<<PKGBUILDDIR>>/obj-x86_64-linux-gnu/CMakeFiles/CMakeTmp

Run Build Command(s):/usr/bin/make cmTC_f164f/fast && make[2]: Entering directory '/<<PKGBUILDDIR>>/obj-x86_64-linux-gnu/CMakeFiles/CMakeTmp'
/usr/bin/make -f CMakeFiles/cmTC_f164f.dir/build.make CMakeFiles/cmTC_f164f.dir/build
make[3]: Entering directory '/<<PKGBUILDDIR>>/obj-x86_64-linux-gnu/CMakeFiles/CMakeTmp'
Building CXX object CMakeFiles/cmTC_f164f.dir/src.cxx.o
/usr/bin/c++    -g -O2 -fdebug-prefix-map=/<<PKGBUILDDIR>>=. -fstack-protector-strong -Wformat -Werror=format-security -Wdate-time -D_FORTIFY_SOURCE=2  -std=c++11  -Wall  -Wextra  -Wshadow  -pedantic -DHAVE_CXX_FLAG_PEDANTIC_ERRORS  -pedantic-errors   -pedantic-errors -o CMakeFiles/cmTC_f164f.dir/src.cxx.o -c /<<PKGBUILDDIR>>/obj-x86_64-linux-gnu/CMakeFiles/CMakeTmp/src.cxx
Linking CXX executable cmTC_f164f
/usr/bin/cmake -E cmake_link_script CMakeFiles/cmTC_f164f.dir/link.txt --verbose=1
/usr/bin/c++  -g -O2 -fdebug-prefix-map=/<<PKGBUILDDIR>>=. -fstack-protector-strong -Wformat -Werror=format-security -Wdate-time -D_FORTIFY_SOURCE=2  -std=c++11  -Wall  -Wextra  -Wshadow  -pedantic -DHAVE_CXX_FLAG_PEDANTIC_ERRORS  -pedantic-errors  -Wl,-z,relro -Wl,-z,now  CMakeFiles/cmTC_f164f.dir/src.cxx.o  -o cmTC_f164f 
make[3]: Leaving directory '/<<PKGBUILDDIR>>/obj-x86_64-linux-gnu/CMakeFiles/CMakeTmp'
make[2]: Leaving directory '/<<PKGBUILDDIR>>/obj-x86_64-linux-gnu/CMakeFiles/CMakeTmp'


Source file was:
int main() { return 0; }
Performing C++ SOURCE FILE Test HAVE_CXX_FLAG_WSHORTEN_64_TO_32 succeeded with the following output:
Change Dir: /<<PKGBUILDDIR>>/obj-x86_64-linux-gnu/CMakeFiles/CMakeTmp

Run Build Command(s):/usr/bin/make cmTC_1280a/fast && make[2]: Entering directory '/<<PKGBUILDDIR>>/obj-x86_64-linux-gnu/CMakeFiles/CMakeTmp'
/usr/bin/make -f CMakeFiles/cmTC_1280a.dir/build.make CMakeFiles/cmTC_1280a.dir/build
make[3]: Entering directory '/<<PKGBUILDDIR>>/obj-x86_64-linux-gnu/CMakeFiles/CMakeTmp'
Building CXX object CMakeFiles/cmTC_1280a.dir/src.cxx.o
/usr/bin/c++    -g -O2 -fdebug-prefix-map=/<<PKGBUILDDIR>>=. -fstack-protector-strong -Wformat -Werror=format-security -Wdate-time -D_FORTIFY_SOURCE=2  -std=c++11  -Wall  -Wextra  -Wshadow  -pedantic  -pedantic-errors -DHAVE_CXX_FLAG_WSHORTEN_64_TO_32  -Wshorten-64-to-32   -Wshorten-64-to-32 -o CMakeFiles/cmTC_1280a.dir/src.cxx.o -c /<<PKGBUILDDIR>>/obj-x86_64-linux-gnu/CMakeFiles/CMakeTmp/src.cxx
Linking CXX executable cmTC_1280a
/usr/bin/cmake -E cmake_link_script CMakeFiles/cmTC_1280a.dir/link.txt --verbose=1
/usr/bin/c++  -g -O2 -fdebug-prefix-map=/<<PKGBUILDDIR>>=. -fstack-protector-strong -Wformat -Werror=format-security -Wdate-time -D_FORTIFY_SOURCE=2  -std=c++11  -Wall  -Wextra  -Wshadow  -pedantic  -pedantic-errors -DHAVE_CXX_FLAG_WSHORTEN_64_TO_32  -Wshorten-64-to-32  -Wl,-z,relro -Wl,-z,now  CMakeFiles/cmTC_1280a.dir/src.cxx.o  -o cmTC_1280a 
make[3]: Leaving directory '/<<PKGBUILDDIR>>/obj-x86_64-linux-gnu/CMakeFiles/CMakeTmp'
make[2]: Leaving directory '/<<PKGBUILDDIR>>/obj-x86_64-linux-gnu/CMakeFiles/CMakeTmp'


Source file was:
int main() { return 0; }
Performing C++ SOURCE FILE Test HAVE_CXX_FLAG_FSTRICT_ALIASING succeeded with the following output:
Change Dir: /<<PKGBUILDDIR>>/obj-x86_64-linux-gnu/CMakeFiles/CMakeTmp

Run Build Command(s):/usr/bin/make cmTC_b6e63/fast && make[2]: Entering directory '/<<PKGBUILDDIR>>/obj-x86_64-linux-gnu/CMakeFiles/CMakeTmp'
/usr/bin/make -f CMakeFiles/cmTC_b6e63.dir/build.make CMakeFiles/cmTC_b6e63.dir/build
make[3]: Entering directory '/<<PKGBUILDDIR>>/obj-x86_64-linux-gnu/CMakeFiles/CMakeTmp'
Building CXX object CMakeFiles/cmTC_b6e63.dir/src.cxx.o
/usr/bin/c++    -g -O2 -fdebug-prefix-map=/<<PKGBUILDDIR>>=. -fstack-protector-strong -Wformat -Werror=format-security -Wdate-time -D_FORTIFY_SOURCE=2  -std=c++11  -Wall  -Wextra  -Wshadow  -pedantic  -pedantic-errors  -Wshorten-64-to-32 -DHAVE_CXX_FLAG_FSTRICT_ALIASING  -fstrict-aliasing   -fstrict-aliasing -o CMakeFiles/cmTC_b6e63.dir/src.cxx.o -c /<<PKGBUILDDIR>>/obj-x86_64-linux-gnu/CMakeFiles/CMakeTmp/src.cxx
Linking CXX executable cmTC_b6e63
/usr/bin/cmake -E cmake_link_script CMakeFiles/cmTC_b6e63.dir/link.txt --verbose=1
/usr/bin/c++  -g -O2 -fdebug-prefix-map=/<<PKGBUILDDIR>>=. -fstack-protector-strong -Wformat -Werror=format-security -Wdate-time -D_FORTIFY_SOURCE=2  -std=c++11  -Wall  -Wextra  -Wshadow  -pedantic  -pedantic-errors  -Wshorten-64-to-32 -DHAVE_CXX_FLAG_FSTRICT_ALIASING  -fstrict-aliasing  -Wl,-z,relro -Wl,-z,now  CMakeFiles/cmTC_b6e63.dir/src.cxx.o  -o cmTC_b6e63 
make[3]: Leaving directory '/<<PKGBUILDDIR>>/obj-x86_64-linux-gnu/CMakeFiles/CMakeTmp'
make[2]: Leaving directory '/<<PKGBUILDDIR>>/obj-x86_64-linux-gnu/CMakeFiles/CMakeTmp'


Source file was:
int main() { return 0; }
Performing C++ SOURCE FILE Test HAVE_CXX_FLAG_WNO_DEPRECATED_DECLARATIONS succeeded with the following output:
Change Dir: /<<PKGBUILDDIR>>/obj-x86_64-linux-gnu/CMakeFiles/CMakeTmp

Run Build Command(s):/usr/bin/make cmTC_7283e/fast && make[2]: Entering directory '/<<PKGBUILDDIR>>/obj-x86_64-linux-gnu/CMakeFiles/CMakeTmp'
/usr/bin/make -f CMakeFiles/cmTC_7283e.dir/build.make CMakeFiles/cmTC_7283e.dir/build
make[3]: Entering directory '/<<PKGBUILDDIR>>/obj-x86_64-linux-gnu/CMakeFiles/CMakeTmp'
Building CXX object CMakeFiles/cmTC_7283e.dir/src.cxx.o
/usr/bin/c++    -g -O2 -fdebug-prefix-map=/<<PKGBUILDDIR>>=. -fstack-protector-strong -Wformat -Werror=format-security -Wdate-time -D_FORTIFY_SOURCE=2  -std=c++11  -Wall  -Wextra  -Wshadow  -pedantic  -pedantic-errors  -Wshorten-64-to-32  -fstrict-aliasing -DHAVE_CXX_FLAG_WNO_DEPRECATED_DECLARATIONS  -Wno-deprecated-declarations   -Wno-deprecated-declarations -o CMakeFiles/cmTC_7283e.dir/src.cxx.o -c /<<PKGBUILDDIR>>/obj-x86_64-linux-gnu/CMakeFiles/CMakeTmp/src.cxx
Linking CXX executable cmTC_7283e
/usr/bin/cmake -E cmake_link_script CMakeFiles/cmTC_7283e.dir/link.txt --verbose=1
/usr/bin/c++  -g -O2 -fdebug-prefix-map=/<<PKGBUILDDIR>>=. -fstack-protector-strong -Wformat -Werror=format-security -Wdate-time -D_FORTIFY_SOURCE=2  -std=c++11  -Wall  -Wextra  -Wshadow  -pedantic  -pedantic-errors  -Wshorten-64-to-32  -fstrict-aliasing -DHAVE_CXX_FLAG_WNO_DEPRECATED_DECLARATIONS  -Wno-deprecated-declarations  -Wl,-z,relro -Wl,-z,now  CMakeFiles/cmTC_7283e.dir/src.cxx.o  -o cmTC_7283e 
make[3]: Leaving directory '/<<PKGBUILDDIR>>/obj-x86_64-linux-gnu/CMakeFiles/CMakeTmp'
make[2]: Leaving directory '/<<PKGBUILDDIR>>/obj-x86_64-linux-gnu/CMakeFiles/CMakeTmp'


Source file was:
int main() { return 0; }
Performing C++ SOURCE FILE Test HAVE_CXX_FLAG_WNO_DEPRECATED succeeded with the following output:
Change Dir: /<<PKGBUILDDIR>>/obj-x86_64-linux-gnu/CMakeFiles/CMakeTmp

Run Build Command(s):/usr/bin/make cmTC_8d9c5/fast && make[2]: Entering directory '/<<PKGBUILDDIR>>/obj-x86_64-linux-gnu/CMakeFiles/CMakeTmp'
/usr/bin/make -f CMakeFiles/cmTC_8d9c5.dir/build.make CMakeFiles/cmTC_8d9c5.dir/build
make[3]: Entering directory '/<<PKGBUILDDIR>>/obj-x86_64-linux-gnu/CMakeFiles/CMakeTmp'
Building CXX object CMakeFiles/cmTC_8d9c5.dir/src.cxx.o
/usr/bin/c++    -g -O2 -fdebug-prefix-map=/<<PKGBUILDDIR>>=. -fstack-protector-strong -Wformat -Werror=format-security -Wdate-time -D_FORTIFY_SOURCE=2  -std=c++11  -Wall  -Wextra  -Wshadow  -pedantic  -pedantic-errors  -Wshorten-64-to-32  -fstrict-aliasing  -Wno-deprecated-declarations -DHAVE_CXX_FLAG_WNO_DEPRECATED  -Wno-deprecated   -Wno-deprecated -o CMakeFiles/cmTC_8d9c5.dir/src.cxx.o -c /<<PKGBUILDDIR>>/obj-x86_64-linux-gnu/CMakeFiles/CMakeTmp/src.cxx
Linking CXX executable cmTC_8d9c5
/usr/bin/cmake -E cmake_link_script CMakeFiles/cmTC_8d9c5.dir/link.txt --verbose=1
/usr/bin/c++  -g -O2 -fdebug-prefix-map=/<<PKGBUILDDIR>>=. -fstack-protector-strong -Wformat -Werror=format-security -Wdate-time -D_FORTIFY_SOURCE=2  -std=c++11  -Wall  -Wextra  -Wshadow  -pedantic  -pedantic-errors  -Wshorten-64-to-32  -fstrict-aliasing  -Wno-deprecated-declarations -DHAVE_CXX_FLAG_WNO_DEPRECATED  -Wno-deprecated  -Wl,-z,relro -Wl,-z,now  CMakeFiles/cmTC_8d9c5.dir/src.cxx.o  -o cmTC_8d9c5 
make[3]: Leaving directory '/<<PKGBUILDDIR>>/obj-x86_64-linux-gnu/CMakeFiles/CMakeTmp'
make[2]: Leaving directory '/<<PKGBUILDDIR>>/obj-x86_64-linux-gnu/CMakeFiles/CMakeTmp'


Source file was:
int main() { return 0; }
Performing C++ SOURCE FILE Test HAVE_CXX_FLAG_WSTRICT_ALIASING succeeded with the following output:
Change Dir: /<<PKGBUILDDIR>>/obj-x86_64-linux-gnu/CMakeFiles/CMakeTmp

Run Build Command(s):/usr/bin/make cmTC_73887/fast && make[2]: Entering directory '/<<PKGBUILDDIR>>/obj-x86_64-linux-gnu/CMakeFiles/CMakeTmp'
/usr/bin/make -f CMakeFiles/cmTC_73887.dir/build.make CMakeFiles/cmTC_73887.dir/build
make[3]: Entering directory '/<<PKGBUILDDIR>>/obj-x86_64-linux-gnu/CMakeFiles/CMakeTmp'
Building CXX object CMakeFiles/cmTC_73887.dir/src.cxx.o
/usr/bin/c++    -g -O2 -fdebug-prefix-map=/<<PKGBUILDDIR>>=. -fstack-protector-strong -Wformat -Werror=format-security -Wdate-time -D_FORTIFY_SOURCE=2  -std=c++11  -Wall  -Wextra  -Wshadow  -pedantic  -pedantic-errors  -Wshorten-64-to-32  -fstrict-aliasing  -Wno-deprecated-declarations -DHAVE_CXX_FLAG_WSTRICT_ALIASING  -Wstrict-aliasing   -Wstrict-aliasing -o CMakeFiles/cmTC_73887.dir/src.cxx.o -c /<<PKGBUILDDIR>>/obj-x86_64-linux-gnu/CMakeFiles/CMakeTmp/src.cxx
Linking CXX executable cmTC_73887
/usr/bin/cmake -E cmake_link_script CMakeFiles/cmTC_73887.dir/link.txt --verbose=1
/usr/bin/c++  -g -O2 -fdebug-prefix-map=/<<PKGBUILDDIR>>=. -fstack-protector-strong -Wformat -Werror=format-security -Wdate-time -D_FORTIFY_SOURCE=2  -std=c++11  -Wall  -Wextra  -Wshadow  -pedantic  -pedantic-errors  -Wshorten-64-to-32  -fstrict-aliasing  -Wno-deprecated-declarations -DHAVE_CXX_FLAG_WSTRICT_ALIASING  -Wstrict-aliasing  -Wl,-z,relro -Wl,-z,now  CMakeFiles/cmTC_73887.dir/src.cxx.o  -o cmTC_73887 
make[3]: Leaving directory '/<<PKGBUILDDIR>>/obj-x86_64-linux-gnu/CMakeFiles/CMakeTmp'
make[2]: Leaving directory '/<<PKGBUILDDIR>>/obj-x86_64-linux-gnu/CMakeFiles/CMakeTmp'


Source file was:
int main() { return 0; }
Performing C++ SOURCE FILE Test HAVE_CXX_FLAG_WTHREAD_SAFETY succeeded with the following output:
Change Dir: /<<PKGBUILDDIR>>/obj-x86_64-linux-gnu/CMakeFiles/CMakeTmp

Run Build Command(s):/usr/bin/make cmTC_57b64/fast && make[2]: Entering directory '/<<PKGBUILDDIR>>/obj-x86_64-linux-gnu/CMakeFiles/CMakeTmp'
/usr/bin/make -f CMakeFiles/cmTC_57b64.dir/build.make CMakeFiles/cmTC_57b64.dir/build
make[3]: Entering directory '/<<PKGBUILDDIR>>/obj-x86_64-linux-gnu/CMakeFiles/CMakeTmp'
Building CXX object CMakeFiles/cmTC_57b64.dir/src.cxx.o
/usr/bin/c++    -g -O2 -fdebug-prefix-map=/<<PKGBUILDDIR>>=. -fstack-protector-strong -Wformat -Werror=format-security -Wdate-time -D_FORTIFY_SOURCE=2  -std=c++11  -Wall  -Wextra  -Wshadow  -pedantic  -pedantic-errors  -Wshorten-64-to-32  -fstrict-aliasing  -Wno-deprecated-declarations  -Wstrict-aliasing -DHAVE_CXX_FLAG_WTHREAD_SAFETY  -Wthread-safety   -Wthread-safety -o CMakeFiles/cmTC_57b64.dir/src.cxx.o -c /<<PKGBUILDDIR>>/obj-x86_64-linux-gnu/CMakeFiles/CMakeTmp/src.cxx
Linking CXX executable cmTC_57b64
/usr/bin/cmake -E cmake_link_script CMakeFiles/cmTC_57b64.dir/link.txt --verbose=1
/usr/bin/c++  -g -O2 -fdebug-prefix-map=/<<PKGBUILDDIR>>=. -fstack-protector-strong -Wformat -Werror=format-security -Wdate-time -D_FORTIFY_SOURCE=2  -std=c++11  -Wall  -Wextra  -Wshadow  -pedantic  -pedantic-errors  -Wshorten-64-to-32  -fstrict-aliasing  -Wno-deprecated-declarations  -Wstrict-aliasing -DHAVE_CXX_FLAG_WTHREAD_SAFETY  -Wthread-safety  -Wl,-z,relro -Wl,-z,now  CMakeFiles/cmTC_57b64.dir/src.cxx.o  -o cmTC_57b64 
make[3]: Leaving directory '/<<PKGBUILDDIR>>/obj-x86_64-linux-gnu/CMakeFiles/CMakeTmp'
make[2]: Leaving directory '/<<PKGBUILDDIR>>/obj-x86_64-linux-gnu/CMakeFiles/CMakeTmp'


Source file was:
int main() { return 0; }
	cd obj-x86_64-linux-gnu && tail -v -n \+0 CMakeFiles/CMakeError.log
==> CMakeFiles/CMakeError.log <==
Performing C++ SOURCE FILE Test HAVE_CXX_FLAG_WD654 failed with the following output:
Change Dir: /<<PKGBUILDDIR>>/obj-x86_64-linux-gnu/CMakeFiles/CMakeTmp

Run Build Command(s):/usr/bin/make cmTC_efba9/fast && make[2]: Entering directory '/<<PKGBUILDDIR>>/obj-x86_64-linux-gnu/CMakeFiles/CMakeTmp'
/usr/bin/make -f CMakeFiles/cmTC_efba9.dir/build.make CMakeFiles/cmTC_efba9.dir/build
make[3]: Entering directory '/<<PKGBUILDDIR>>/obj-x86_64-linux-gnu/CMakeFiles/CMakeTmp'
Building CXX object CMakeFiles/cmTC_efba9.dir/src.cxx.o
/usr/bin/c++    -g -O2 -fdebug-prefix-map=/<<PKGBUILDDIR>>=. -fstack-protector-strong -Wformat -Werror=format-security -Wdate-time -D_FORTIFY_SOURCE=2  -std=c++11  -Wall  -Wextra  -Wshadow  -pedantic  -pedantic-errors  -Wshorten-64-to-32  -fstrict-aliasing  -Wno-deprecated-declarations  -Wstrict-aliasing -DHAVE_CXX_FLAG_WD654  -wd654   -wd654 -o CMakeFiles/cmTC_efba9.dir/src.cxx.o -c /<<PKGBUILDDIR>>/obj-x86_64-linux-gnu/CMakeFiles/CMakeTmp/src.cxx
clang: error: unknown argument: '-wd654'
clang: error: unknown argument: '-wd654'
make[3]: *** [CMakeFiles/cmTC_efba9.dir/build.make:66: CMakeFiles/cmTC_efba9.dir/src.cxx.o] Error 1
make[3]: Leaving directory '/<<PKGBUILDDIR>>/obj-x86_64-linux-gnu/CMakeFiles/CMakeTmp'
make[2]: *** [Makefile:121: cmTC_efba9/fast] Error 2
make[2]: Leaving directory '/<<PKGBUILDDIR>>/obj-x86_64-linux-gnu/CMakeFiles/CMakeTmp'


Source file was:
int main() { return 0; }
Performing C++ SOURCE FILE Test HAVE_CXX_FLAG_FLTO failed with the following output:
Change Dir: /<<PKGBUILDDIR>>/obj-x86_64-linux-gnu/CMakeFiles/CMakeTmp

Run Build Command(s):/usr/bin/make cmTC_62781/fast && make[2]: Entering directory '/<<PKGBUILDDIR>>/obj-x86_64-linux-gnu/CMakeFiles/CMakeTmp'
/usr/bin/make -f CMakeFiles/cmTC_62781.dir/build.make CMakeFiles/cmTC_62781.dir/build
make[3]: Entering directory '/<<PKGBUILDDIR>>/obj-x86_64-linux-gnu/CMakeFiles/CMakeTmp'
Building CXX object CMakeFiles/cmTC_62781.dir/src.cxx.o
/usr/bin/c++    -g -O2 -fdebug-prefix-map=/<<PKGBUILDDIR>>=. -fstack-protector-strong -Wformat -Werror=format-security -Wdate-time -D_FORTIFY_SOURCE=2  -std=c++11  -Wall  -Wextra  -Wshadow  -pedantic  -pedantic-errors  -Wshorten-64-to-32  -fstrict-aliasing  -Wno-deprecated-declarations  -Wstrict-aliasing  -Wthread-safety -DHAVE_CXX_FLAG_FLTO  -flto   -flto -o CMakeFiles/cmTC_62781.dir/src.cxx.o -c /<<PKGBUILDDIR>>/obj-x86_64-linux-gnu/CMakeFiles/CMakeTmp/src.cxx
Linking CXX executable cmTC_62781
/usr/bin/cmake -E cmake_link_script CMakeFiles/cmTC_62781.dir/link.txt --verbose=1
/usr/bin/c++  -g -O2 -fdebug-prefix-map=/<<PKGBUILDDIR>>=. -fstack-protector-strong -Wformat -Werror=format-security -Wdate-time -D_FORTIFY_SOURCE=2  -std=c++11  -Wall  -Wextra  -Wshadow  -pedantic  -pedantic-errors  -Wshorten-64-to-32  -fstrict-aliasing  -Wno-deprecated-declarations  -Wstrict-aliasing  -Wthread-safety -DHAVE_CXX_FLAG_FLTO  -flto  -Wl,-z,relro -Wl,-z,now  CMakeFiles/cmTC_62781.dir/src.cxx.o  -o cmTC_62781 
/usr/bin/ld: /usr/lib/llvm-10/bin/../lib/LLVMgold.so: error loading plugin: /usr/lib/llvm-10/bin/../lib/LLVMgold.so: cannot open shared object file: No such file or directory
clang: error: linker command failed with exit code 1 (use -v to see invocation)
make[3]: *** [CMakeFiles/cmTC_62781.dir/build.make:87: cmTC_62781] Error 1
make[3]: Leaving directory '/<<PKGBUILDDIR>>/obj-x86_64-linux-gnu/CMakeFiles/CMakeTmp'
make[2]: *** [Makefile:121: cmTC_62781/fast] Error 2
make[2]: Leaving directory '/<<PKGBUILDDIR>>/obj-x86_64-linux-gnu/CMakeFiles/CMakeTmp'


Source file was:
int main() { return 0; }
dh_auto_configure: error: cd obj-x86_64-linux-gnu && cmake -DCMAKE_INSTALL_PREFIX=/usr -DCMAKE_BUILD_TYPE=None -DCMAKE_INSTALL_SYSCONFDIR=/etc -DCMAKE_INSTALL_LOCALSTATEDIR=/var -DCMAKE_EXPORT_NO_PACKAGE_REGISTRY=ON -DCMAKE_FIND_PACKAGE_NO_PACKAGE_REGISTRY=ON -DCMAKE_INSTALL_RUNSTATEDIR=/run "-GUnix Makefiles" -DCMAKE_VERBOSE_MAKEFILE=ON -DCMAKE_AUTOGEN_VERBOSE=ON -DCMAKE_INSTALL_LIBDIR=lib/x86_64-linux-gnu -DGIT_VERSION=1.5.0 -DGOOGLETEST_PATH=/usr/src/googletest -DCMAKE_BUILD_TYPE=Release -DBENCHMARK_ENABLE_LTO=true .. returned exit code 1
make[1]: *** [debian/rules:10: override_dh_auto_configure] Error 25
make[1]: Leaving directory '/<<PKGBUILDDIR>>'
make: *** [debian/rules:7: build] Error 2
dpkg-buildpackage: error: debian/rules build subprocess returned exit status 2
--------------------------------------------------------------------------------
Build finished at 2020-05-03T04:45:25Z

Finished
--------


+------------------------------------------------------------------------------+
| Cleanup                                                                      |
+------------------------------------------------------------------------------+

Purging /<<BUILDDIR>>
Not cleaning session: cloned chroot in use
E: Build failure (dpkg-buildpackage died)

+------------------------------------------------------------------------------+
| Summary                                                                      |
+------------------------------------------------------------------------------+

Build Architecture: amd64
Build Type: binary
Build-Space: 1348
Build-Time: 3
Distribution: unstable
Fail-Stage: build
Host Architecture: amd64
Install-Time: 7
Job: benchmark_1.5.0-4
Machine Architecture: amd64
Package: benchmark
Package-Time: 26
Source-Version: 1.5.0-4
Space: 1348
Status: attempted
Version: 1.5.0-4
--------------------------------------------------------------------------------
Finished at 2020-05-03T04:45:25Z
Build needed 00:00:26, 1348k disk space
E: Build failure (dpkg-buildpackage died)
DC-Status: Failed 26.140598313s
DC-Time-Estimation: 26.140598313 versus expected 161 (r/m: 5.159002103633296 ; m: 26.140598313)
