DC-Build-Header: cura-engine 1:4.5.0-2 / 2020-05-03 04:36:32 +0000
DC-Task: type:rebuild-binarch-only source:cura-engine version:1:4.5.0-2 chroot:unstable esttime:203 logfile:/tmp/cura-engine_4.5.0-2_unstable_clang10.log modes:clang10:binarch-only
DC-Sbuild-call: su user42 -c 'sbuild -n --arch-any --apt-update -d unstable -v --no-run-lintian --chroot-setup-commands=/tmp/clang10 cura-engine_1:4.5.0-2'
sbuild (Debian sbuild) 0.78.1 (09 February 2019) on ip-172-31-9-59.eu-central-1.compute.internal

+==============================================================================+
| cura-engine 1:4.5.0-2 (amd64)                Sun, 03 May 2020 04:36:32 +0000 |
+==============================================================================+

Package: cura-engine
Version: 1:4.5.0-2
Source Version: 1:4.5.0-2
Distribution: unstable
Machine Architecture: amd64
Host Architecture: amd64
Build Architecture: amd64
Build Type: binary

I: NOTICE: Log filtering will replace 'var/run/schroot/mount/sid-amd64-sbuild-5857d6b5-f0f3-4294-9995-c1c72b96552f' with '<<CHROOT>>'

+------------------------------------------------------------------------------+
| Chroot Setup Commands                                                        |
+------------------------------------------------------------------------------+


/tmp/clang10
------------

+ echo 'Entering customization script...'
Entering customization script...
+ CLANG_VERSION=10
+ echo 'Install of clang-10'
Install of clang-10
+ apt-get update
Get:1 http://127.0.0.1:12990/debian sid InRelease [146 kB]
Get:2 http://127.0.0.1:12990/debian sid/main Sources.diff/Index [27.9 kB]
Get:3 http://127.0.0.1:12990/debian sid/main amd64 Packages.diff/Index [27.9 kB]
Get:4 http://127.0.0.1:12990/debian sid/main Sources 2020-05-02-0208.16.pdiff [3982 B]
Get:5 http://127.0.0.1:12990/debian sid/main Sources 2020-05-02-0807.49.pdiff [10.9 kB]
Get:6 http://127.0.0.1:12990/debian sid/main Sources 2020-05-02-1412.30.pdiff [12.9 kB]
Get:7 http://127.0.0.1:12990/debian sid/main Sources 2020-05-02-2007.10.pdiff [13.4 kB]
Get:8 http://127.0.0.1:12990/debian sid/main Sources 2020-05-03-0208.39.pdiff [9476 B]
Get:8 http://127.0.0.1:12990/debian sid/main Sources 2020-05-03-0208.39.pdiff [9476 B]
Get:9 http://127.0.0.1:12990/debian sid/main amd64 Packages 2020-05-02-0208.16.pdiff [2772 B]
Get:10 http://127.0.0.1:12990/debian sid/main amd64 Packages 2020-05-02-0807.49.pdiff [3238 B]
Get:11 http://127.0.0.1:12990/debian sid/main amd64 Packages 2020-05-02-1412.30.pdiff [7641 B]
Get:12 http://127.0.0.1:12990/debian sid/main amd64 Packages 2020-05-02-2007.10.pdiff [10.5 kB]
Get:13 http://127.0.0.1:12990/debian sid/main amd64 Packages 2020-05-03-0208.39.pdiff [18.4 kB]
Get:13 http://127.0.0.1:12990/debian sid/main amd64 Packages 2020-05-03-0208.39.pdiff [18.4 kB]
Get:14 http://127.0.0.1:12990/debian sid/main Translation-en [6185 kB]
Fetched 6480 kB in 2s (3829 kB/s)
Reading package lists...
+ apt-get install --yes --no-install-recommends --force-yes clang-10 libomp-10-dev libobjc-9-dev
Reading package lists...
Building dependency tree...
The following additional packages will be installed:
  gcc-10-base lib32gcc-s1 lib32gcc1 lib32stdc++6 libatomic1 libbsd0 libc6-i386
  libcc1-0 libclang-common-10-dev libclang-cpp10 libclang1-10 libedit2
  libgc1c2 libgcc-s1 libgomp1 libitm1 libllvm10 liblsan0 libobjc4 libomp5-10
  libquadmath0 libstdc++6 libtsan0 libubsan1 libz3-4
Suggested packages:
  clang-10-doc libomp-10-doc
Recommended packages:
  llvm-10-dev python3
The following NEW packages will be installed:
  clang-10 lib32gcc-s1 lib32gcc1 lib32stdc++6 libbsd0 libc6-i386
  libclang-common-10-dev libclang-cpp10 libclang1-10 libedit2 libgc1c2
  libllvm10 libobjc-9-dev libobjc4 libomp-10-dev libomp5-10 libz3-4
The following packages will be upgraded:
  gcc-10-base libatomic1 libcc1-0 libgcc-s1 libgomp1 libitm1 liblsan0
  libquadmath0 libstdc++6 libtsan0 libubsan1
11 upgraded, 17 newly installed, 0 to remove and 0 not upgraded.
Need to get 51.4 MB of archives.
After this operation, 259 MB of additional disk space will be used.
Get:1 http://127.0.0.1:12990/debian sid/main amd64 libatomic1 amd64 10-20200502-1 [9048 B]
Get:2 http://127.0.0.1:12990/debian sid/main amd64 libubsan1 amd64 10-20200502-1 [134 kB]
Get:3 http://127.0.0.1:12990/debian sid/main amd64 libtsan0 amd64 10-20200502-1 [313 kB]
Get:4 http://127.0.0.1:12990/debian sid/main amd64 gcc-10-base amd64 10-20200502-1 [197 kB]
Get:5 http://127.0.0.1:12990/debian sid/main amd64 libstdc++6 amd64 10-20200502-1 [492 kB]
Get:6 http://127.0.0.1:12990/debian sid/main amd64 libquadmath0 amd64 10-20200502-1 [145 kB]
Get:7 http://127.0.0.1:12990/debian sid/main amd64 liblsan0 amd64 10-20200502-1 [141 kB]
Get:8 http://127.0.0.1:12990/debian sid/main amd64 libitm1 amd64 10-20200502-1 [25.7 kB]
Get:9 http://127.0.0.1:12990/debian sid/main amd64 libgomp1 amd64 10-20200502-1 [99.3 kB]
Get:10 http://127.0.0.1:12990/debian sid/main amd64 libcc1-0 amd64 10-20200502-1 [39.7 kB]
Get:11 http://127.0.0.1:12990/debian sid/main amd64 libgcc-s1 amd64 10-20200502-1 [41.2 kB]
Get:12 http://127.0.0.1:12990/debian sid/main amd64 libbsd0 amd64 0.10.0-1 [107 kB]
Get:13 http://127.0.0.1:12990/debian sid/main amd64 libedit2 amd64 3.1-20191231-1 [95.4 kB]
Get:14 http://127.0.0.1:12990/debian sid/main amd64 libz3-4 amd64 4.8.7-4 [6790 kB]
Get:15 http://127.0.0.1:12990/debian sid/main amd64 libllvm10 amd64 1:10.0.0-4 [15.5 MB]
Get:16 http://127.0.0.1:12990/debian sid/main amd64 libclang-cpp10 amd64 1:10.0.0-4 [10.1 MB]
Get:17 http://127.0.0.1:12990/debian sid/main amd64 libgc1c2 amd64 1:7.6.4-0.4 [224 kB]
Get:18 http://127.0.0.1:12990/debian sid/main amd64 libobjc4 amd64 10-20200502-1 [41.6 kB]
Get:19 http://127.0.0.1:12990/debian sid/main amd64 libobjc-9-dev amd64 9.3.0-11 [218 kB]
Get:20 http://127.0.0.1:12990/debian sid/main amd64 libc6-i386 amd64 2.30-4 [2926 kB]
Get:21 http://127.0.0.1:12990/debian sid/main amd64 lib32gcc-s1 amd64 10-20200502-1 [49.4 kB]
Get:22 http://127.0.0.1:12990/debian sid/main amd64 lib32gcc1 amd64 1:10-20200502-1 [1100 B]
Get:23 http://127.0.0.1:12990/debian sid/main amd64 lib32stdc++6 amd64 10-20200502-1 [510 kB]
Get:24 http://127.0.0.1:12990/debian sid/main amd64 libclang-common-10-dev amd64 1:10.0.0-4 [5062 kB]
Get:25 http://127.0.0.1:12990/debian sid/main amd64 libclang1-10 amd64 1:10.0.0-4 [7609 kB]
Get:26 http://127.0.0.1:12990/debian sid/main amd64 clang-10 amd64 1:10.0.0-4 [105 kB]
Get:27 http://127.0.0.1:12990/debian sid/main amd64 libomp5-10 amd64 1:10.0.0-4 [338 kB]
Get:28 http://127.0.0.1:12990/debian sid/main amd64 libomp-10-dev amd64 1:10.0.0-4 [85.0 kB]
debconf: delaying package configuration, since apt-utils is not installed
Fetched 51.4 MB in 0s (140 MB/s)
(Reading database ... (Reading database ... 5%(Reading database ... 10%(Reading database ... 15%(Reading database ... 20%(Reading database ... 25%(Reading database ... 30%(Reading database ... 35%(Reading database ... 40%(Reading database ... 45%(Reading database ... 50%(Reading database ... 55%(Reading database ... 60%(Reading database ... 65%(Reading database ... 70%(Reading database ... 75%(Reading database ... 80%(Reading database ... 85%(Reading database ... 90%(Reading database ... 95%(Reading database ... 100%(Reading database ... 12123 files and directories currently installed.)
Preparing to unpack .../libatomic1_10-20200502-1_amd64.deb ...
Unpacking libatomic1:amd64 (10-20200502-1) over (10-20200418-1) ...
Preparing to unpack .../libubsan1_10-20200502-1_amd64.deb ...
Unpacking libubsan1:amd64 (10-20200502-1) over (10-20200418-1) ...
Preparing to unpack .../libtsan0_10-20200502-1_amd64.deb ...
Unpacking libtsan0:amd64 (10-20200502-1) over (10-20200418-1) ...
Preparing to unpack .../gcc-10-base_10-20200502-1_amd64.deb ...
Unpacking gcc-10-base:amd64 (10-20200502-1) over (10-20200418-1) ...
Setting up gcc-10-base:amd64 (10-20200502-1) ...
(Reading database ... (Reading database ... 5%(Reading database ... 10%(Reading database ... 15%(Reading database ... 20%(Reading database ... 25%(Reading database ... 30%(Reading database ... 35%(Reading database ... 40%(Reading database ... 45%(Reading database ... 50%(Reading database ... 55%(Reading database ... 60%(Reading database ... 65%(Reading database ... 70%(Reading database ... 75%(Reading database ... 80%(Reading database ... 85%(Reading database ... 90%(Reading database ... 95%(Reading database ... 100%(Reading database ... 12123 files and directories currently installed.)
Preparing to unpack .../libstdc++6_10-20200502-1_amd64.deb ...
Unpacking libstdc++6:amd64 (10-20200502-1) over (10-20200418-1) ...
Setting up libstdc++6:amd64 (10-20200502-1) ...
(Reading database ... (Reading database ... 5%(Reading database ... 10%(Reading database ... 15%(Reading database ... 20%(Reading database ... 25%(Reading database ... 30%(Reading database ... 35%(Reading database ... 40%(Reading database ... 45%(Reading database ... 50%(Reading database ... 55%(Reading database ... 60%(Reading database ... 65%(Reading database ... 70%(Reading database ... 75%(Reading database ... 80%(Reading database ... 85%(Reading database ... 90%(Reading database ... 95%(Reading database ... 100%(Reading database ... 12123 files and directories currently installed.)
Preparing to unpack .../0-libquadmath0_10-20200502-1_amd64.deb ...
Unpacking libquadmath0:amd64 (10-20200502-1) over (10-20200418-1) ...
Preparing to unpack .../1-liblsan0_10-20200502-1_amd64.deb ...
Unpacking liblsan0:amd64 (10-20200502-1) over (10-20200418-1) ...
Preparing to unpack .../2-libitm1_10-20200502-1_amd64.deb ...
Unpacking libitm1:amd64 (10-20200502-1) over (10-20200418-1) ...
Preparing to unpack .../3-libgomp1_10-20200502-1_amd64.deb ...
Unpacking libgomp1:amd64 (10-20200502-1) over (10-20200418-1) ...
Preparing to unpack .../4-libcc1-0_10-20200502-1_amd64.deb ...
Unpacking libcc1-0:amd64 (10-20200502-1) over (10-20200418-1) ...
Preparing to unpack .../5-libgcc-s1_10-20200502-1_amd64.deb ...
Unpacking libgcc-s1:amd64 (10-20200502-1) over (10-20200418-1) ...
Setting up libgcc-s1:amd64 (10-20200502-1) ...
Selecting previously unselected package libbsd0:amd64.
(Reading database ... (Reading database ... 5%(Reading database ... 10%(Reading database ... 15%(Reading database ... 20%(Reading database ... 25%(Reading database ... 30%(Reading database ... 35%(Reading database ... 40%(Reading database ... 45%(Reading database ... 50%(Reading database ... 55%(Reading database ... 60%(Reading database ... 65%(Reading database ... 70%(Reading database ... 75%(Reading database ... 80%(Reading database ... 85%(Reading database ... 90%(Reading database ... 95%(Reading database ... 100%(Reading database ... 12123 files and directories currently installed.)
Preparing to unpack .../00-libbsd0_0.10.0-1_amd64.deb ...
Unpacking libbsd0:amd64 (0.10.0-1) ...
Selecting previously unselected package libedit2:amd64.
Preparing to unpack .../01-libedit2_3.1-20191231-1_amd64.deb ...
Unpacking libedit2:amd64 (3.1-20191231-1) ...
Selecting previously unselected package libz3-4:amd64.
Preparing to unpack .../02-libz3-4_4.8.7-4_amd64.deb ...
Unpacking libz3-4:amd64 (4.8.7-4) ...
Selecting previously unselected package libllvm10:amd64.
Preparing to unpack .../03-libllvm10_1%3a10.0.0-4_amd64.deb ...
Unpacking libllvm10:amd64 (1:10.0.0-4) ...
Selecting previously unselected package libclang-cpp10.
Preparing to unpack .../04-libclang-cpp10_1%3a10.0.0-4_amd64.deb ...
Unpacking libclang-cpp10 (1:10.0.0-4) ...
Selecting previously unselected package libgc1c2:amd64.
Preparing to unpack .../05-libgc1c2_1%3a7.6.4-0.4_amd64.deb ...
Unpacking libgc1c2:amd64 (1:7.6.4-0.4) ...
Selecting previously unselected package libobjc4:amd64.
Preparing to unpack .../06-libobjc4_10-20200502-1_amd64.deb ...
Unpacking libobjc4:amd64 (10-20200502-1) ...
Selecting previously unselected package libobjc-9-dev:amd64.
Preparing to unpack .../07-libobjc-9-dev_9.3.0-11_amd64.deb ...
Unpacking libobjc-9-dev:amd64 (9.3.0-11) ...
Selecting previously unselected package libc6-i386.
Preparing to unpack .../08-libc6-i386_2.30-4_amd64.deb ...
Unpacking libc6-i386 (2.30-4) ...
Selecting previously unselected package lib32gcc-s1.
Preparing to unpack .../09-lib32gcc-s1_10-20200502-1_amd64.deb ...
Unpacking lib32gcc-s1 (10-20200502-1) ...
Selecting previously unselected package lib32gcc1.
Preparing to unpack .../10-lib32gcc1_1%3a10-20200502-1_amd64.deb ...
Unpacking lib32gcc1 (1:10-20200502-1) ...
Selecting previously unselected package lib32stdc++6.
Preparing to unpack .../11-lib32stdc++6_10-20200502-1_amd64.deb ...
Unpacking lib32stdc++6 (10-20200502-1) ...
Selecting previously unselected package libclang-common-10-dev.
Preparing to unpack .../12-libclang-common-10-dev_1%3a10.0.0-4_amd64.deb ...
Unpacking libclang-common-10-dev (1:10.0.0-4) ...
Selecting previously unselected package libclang1-10.
Preparing to unpack .../13-libclang1-10_1%3a10.0.0-4_amd64.deb ...
Unpacking libclang1-10 (1:10.0.0-4) ...
Selecting previously unselected package clang-10.
Preparing to unpack .../14-clang-10_1%3a10.0.0-4_amd64.deb ...
Unpacking clang-10 (1:10.0.0-4) ...
Selecting previously unselected package libomp5-10:amd64.
Preparing to unpack .../15-libomp5-10_1%3a10.0.0-4_amd64.deb ...
Unpacking libomp5-10:amd64 (1:10.0.0-4) ...
Selecting previously unselected package libomp-10-dev.
Preparing to unpack .../16-libomp-10-dev_1%3a10.0.0-4_amd64.deb ...
Unpacking libomp-10-dev (1:10.0.0-4) ...
Setting up libgc1c2:amd64 (1:7.6.4-0.4) ...
Setting up libobjc4:amd64 (10-20200502-1) ...
Setting up libgomp1:amd64 (10-20200502-1) ...
Setting up libz3-4:amd64 (4.8.7-4) ...
Setting up libquadmath0:amd64 (10-20200502-1) ...
Setting up libatomic1:amd64 (10-20200502-1) ...
Setting up libobjc-9-dev:amd64 (9.3.0-11) ...
Setting up libubsan1:amd64 (10-20200502-1) ...
Setting up libomp5-10:amd64 (1:10.0.0-4) ...
Setting up libc6-i386 (2.30-4) ...
Setting up libbsd0:amd64 (0.10.0-1) ...
Setting up libcc1-0:amd64 (10-20200502-1) ...
Setting up liblsan0:amd64 (10-20200502-1) ...
Setting up libitm1:amd64 (10-20200502-1) ...
Setting up libtsan0:amd64 (10-20200502-1) ...
Setting up libomp-10-dev (1:10.0.0-4) ...
Setting up libedit2:amd64 (3.1-20191231-1) ...
Setting up libllvm10:amd64 (1:10.0.0-4) ...
Setting up lib32gcc-s1 (10-20200502-1) ...
Setting up libclang1-10 (1:10.0.0-4) ...
Setting up lib32gcc1 (1:10-20200502-1) ...
Setting up libclang-cpp10 (1:10.0.0-4) ...
Setting up lib32stdc++6 (10-20200502-1) ...
Setting up libclang-common-10-dev (1:10.0.0-4) ...
Setting up clang-10 (1:10.0.0-4) ...
Processing triggers for libc-bin (2.30-4) ...
W: --force-yes is deprecated, use one of the options starting with --allow instead.
+ echo 'Replace gcc, g++ & cpp by clang'
Replace gcc, g++ & cpp by clang
+ VERSIONS='4.6 4.7 4.8 4.9 5 6 7 8 9 10'
+ cd /usr/bin
+ for VERSION in $VERSIONS
+ rm -f g++-4.6 gcc-4.6 cpp-4.6 gcc
+ ln -s clang++-10 g++-4.6
+ ln -s clang-10 gcc-4.6
+ ln -s clang-10 cpp-4.6
+ ln -s clang-10 gcc
+ echo 'gcc-4.6 hold'
+ dpkg --set-selections
dpkg: warning: package not in status nor available database at line 1: gcc-4.6
dpkg: warning: found unknown packages; this might mean the available database
is outdated, and needs to be updated through a frontend method;
please see the FAQ <https://wiki.debian.org/Teams/Dpkg/FAQ>
+ echo 'g++-4.6 hold'
+ dpkg --set-selections
dpkg: warning: package not in status nor available database at line 1: g++-4.6
dpkg: warning: found unknown packages; this might mean the available database
is outdated, and needs to be updated through a frontend method;
please see the FAQ <https://wiki.debian.org/Teams/Dpkg/FAQ>
+ for VERSION in $VERSIONS
+ rm -f g++-4.7 gcc-4.7 cpp-4.7 gcc
+ ln -s clang++-10 g++-4.7
+ ln -s clang-10 gcc-4.7
+ ln -s clang-10 cpp-4.7
+ ln -s clang-10 gcc
+ echo 'gcc-4.7 hold'
+ dpkg --set-selections
dpkg: warning: package not in status nor available database at line 1: gcc-4.7
dpkg: warning: found unknown packages; this might mean the available database
is outdated, and needs to be updated through a frontend method;
please see the FAQ <https://wiki.debian.org/Teams/Dpkg/FAQ>
+ echo 'g++-4.7 hold'
+ dpkg --set-selections
dpkg: warning: package not in status nor available database at line 1: g++-4.7
dpkg: warning: found unknown packages; this might mean the available database
is outdated, and needs to be updated through a frontend method;
please see the FAQ <https://wiki.debian.org/Teams/Dpkg/FAQ>
+ for VERSION in $VERSIONS
+ rm -f g++-4.8 gcc-4.8 cpp-4.8 gcc
+ ln -s clang++-10 g++-4.8
+ ln -s clang-10 gcc-4.8
+ ln -s clang-10 cpp-4.8
+ ln -s clang-10 gcc
+ echo 'gcc-4.8 hold'
+ dpkg --set-selections
dpkg: warning: package not in status nor available database at line 1: gcc-4.8
dpkg: warning: found unknown packages; this might mean the available database
is outdated, and needs to be updated through a frontend method;
please see the FAQ <https://wiki.debian.org/Teams/Dpkg/FAQ>
+ echo 'g++-4.8 hold'
+ dpkg --set-selections
dpkg: warning: package not in status nor available database at line 1: g++-4.8
dpkg: warning: found unknown packages; this might mean the available database
is outdated, and needs to be updated through a frontend method;
please see the FAQ <https://wiki.debian.org/Teams/Dpkg/FAQ>
+ for VERSION in $VERSIONS
+ rm -f g++-4.9 gcc-4.9 cpp-4.9 gcc
+ ln -s clang++-10 g++-4.9
+ ln -s clang-10 gcc-4.9
+ ln -s clang-10 cpp-4.9
+ ln -s clang-10 gcc
+ echo 'gcc-4.9 hold'
+ dpkg --set-selections
dpkg: warning: package not in status nor available database at line 1: gcc-4.9
dpkg: warning: found unknown packages; this might mean the available database
is outdated, and needs to be updated through a frontend method;
please see the FAQ <https://wiki.debian.org/Teams/Dpkg/FAQ>
+ echo 'g++-4.9 hold'
+ dpkg --set-selections
dpkg: warning: package not in status nor available database at line 1: g++-4.9
dpkg: warning: found unknown packages; this might mean the available database
is outdated, and needs to be updated through a frontend method;
please see the FAQ <https://wiki.debian.org/Teams/Dpkg/FAQ>
+ for VERSION in $VERSIONS
+ rm -f g++-5 gcc-5 cpp-5 gcc
+ ln -s clang++-10 g++-5
+ ln -s clang-10 gcc-5
+ ln -s clang-10 cpp-5
+ ln -s clang-10 gcc
+ echo 'gcc-5 hold'
+ dpkg --set-selections
dpkg: warning: package not in status nor available database at line 1: gcc-5
dpkg: warning: found unknown packages; this might mean the available database
is outdated, and needs to be updated through a frontend method;
please see the FAQ <https://wiki.debian.org/Teams/Dpkg/FAQ>
+ echo 'g++-5 hold'
+ dpkg --set-selections
dpkg: warning: package not in status nor available database at line 1: g++-5
dpkg: warning: found unknown packages; this might mean the available database
is outdated, and needs to be updated through a frontend method;
please see the FAQ <https://wiki.debian.org/Teams/Dpkg/FAQ>
+ for VERSION in $VERSIONS
+ rm -f g++-6 gcc-6 cpp-6 gcc
+ ln -s clang++-10 g++-6
+ ln -s clang-10 gcc-6
+ ln -s clang-10 cpp-6
+ ln -s clang-10 gcc
+ echo 'gcc-6 hold'
+ dpkg --set-selections
dpkg: warning: package not in status nor available database at line 1: gcc-6
dpkg: warning: found unknown packages; this might mean the available database
is outdated, and needs to be updated through a frontend method;
please see the FAQ <https://wiki.debian.org/Teams/Dpkg/FAQ>
+ echo 'g++-6 hold'
+ dpkg --set-selections
dpkg: warning: package not in status nor available database at line 1: g++-6
dpkg: warning: found unknown packages; this might mean the available database
is outdated, and needs to be updated through a frontend method;
please see the FAQ <https://wiki.debian.org/Teams/Dpkg/FAQ>
+ for VERSION in $VERSIONS
+ rm -f g++-7 gcc-7 cpp-7 gcc
+ ln -s clang++-10 g++-7
+ ln -s clang-10 gcc-7
+ ln -s clang-10 cpp-7
+ ln -s clang-10 gcc
+ echo 'gcc-7 hold'
+ dpkg --set-selections
dpkg: warning: package not in status nor available database at line 1: gcc-7
dpkg: warning: found unknown packages; this might mean the available database
is outdated, and needs to be updated through a frontend method;
please see the FAQ <https://wiki.debian.org/Teams/Dpkg/FAQ>
+ echo 'g++-7 hold'
+ dpkg --set-selections
dpkg: warning: package not in status nor available database at line 1: g++-7
dpkg: warning: found unknown packages; this might mean the available database
is outdated, and needs to be updated through a frontend method;
please see the FAQ <https://wiki.debian.org/Teams/Dpkg/FAQ>
+ for VERSION in $VERSIONS
+ rm -f g++-8 gcc-8 cpp-8 gcc
+ ln -s clang++-10 g++-8
+ ln -s clang-10 gcc-8
+ ln -s clang-10 cpp-8
+ ln -s clang-10 gcc
+ echo 'gcc-8 hold'
+ dpkg --set-selections
dpkg: warning: package not in status nor available database at line 1: gcc-8
dpkg: warning: found unknown packages; this might mean the available database
is outdated, and needs to be updated through a frontend method;
please see the FAQ <https://wiki.debian.org/Teams/Dpkg/FAQ>
+ echo 'g++-8 hold'
+ dpkg --set-selections
dpkg: warning: package not in status nor available database at line 1: g++-8
dpkg: warning: found unknown packages; this might mean the available database
is outdated, and needs to be updated through a frontend method;
please see the FAQ <https://wiki.debian.org/Teams/Dpkg/FAQ>
+ for VERSION in $VERSIONS
+ rm -f g++-9 gcc-9 cpp-9 gcc
+ ln -s clang++-10 g++-9
+ ln -s clang-10 gcc-9
+ ln -s clang-10 cpp-9
+ ln -s clang-10 gcc
+ echo 'gcc-9 hold'
+ dpkg --set-selections
+ echo 'g++-9 hold'
+ dpkg --set-selections
+ for VERSION in $VERSIONS
+ rm -f g++-10 gcc-10 cpp-10 gcc
+ ln -s clang++-10 g++-10
+ ln -s clang-10 gcc-10
+ ln -s clang-10 cpp-10
+ ln -s clang-10 gcc
+ echo 'gcc-10 hold'
+ dpkg --set-selections
dpkg: warning: package not in status nor available database at line 1: gcc-10
dpkg: warning: found unknown packages; this might mean the available database
is outdated, and needs to be updated through a frontend method;
please see the FAQ <https://wiki.debian.org/Teams/Dpkg/FAQ>
+ echo 'g++-10 hold'
+ dpkg --set-selections
dpkg: warning: package not in status nor available database at line 1: g++-10
dpkg: warning: found unknown packages; this might mean the available database
is outdated, and needs to be updated through a frontend method;
please see the FAQ <https://wiki.debian.org/Teams/Dpkg/FAQ>
+ cd -
/build/cura-engine-mVaR5w
+ echo 'Check if gcc, g++ & cpp are actually clang'
Check if gcc, g++ & cpp are actually clang
+ gcc --version
+ grep clang
+ cpp --version
+ grep clang
+ g++ --version
+ grep clang
+ cd /usr/bin/
+ rm -f clang++ clang
+ ln -s clang-10 clang++
+ ln -s clang-10 clang
+ clang++ --version
clang version 10.0.0-4 
Target: x86_64-pc-linux-gnu
Thread model: posix
InstalledDir: /usr/bin
+ clang --version
clang version 10.0.0-4 
Target: x86_64-pc-linux-gnu
Thread model: posix
InstalledDir: /usr/bin
+ cd -
/build/cura-engine-mVaR5w
+ apt install --yes --no-install-recommends --force-yes qt5-qmake

WARNING: apt does not have a stable CLI interface. Use with caution in scripts.

Reading package lists...
Building dependency tree...
Reading state information...
The following additional packages will be installed:
  qt5-qmake-bin qtchooser
The following NEW packages will be installed:
  qt5-qmake qt5-qmake-bin qtchooser
0 upgraded, 3 newly installed, 0 to remove and 0 not upgraded.
Need to get 1270 kB of archives.
After this operation, 4788 kB of additional disk space will be used.
Get:1 http://127.0.0.1:12990/debian sid/main amd64 qt5-qmake-bin amd64 5.12.5+dfsg-10 [1015 kB]
Get:2 http://127.0.0.1:12990/debian sid/main amd64 qtchooser amd64 66-2 [26.3 kB]
Get:3 http://127.0.0.1:12990/debian sid/main amd64 qt5-qmake amd64 5.12.5+dfsg-10 [229 kB]
debconf: delaying package configuration, since apt-utils is not installed
Fetched 1270 kB in 0s (55.8 MB/s)
Selecting previously unselected package qt5-qmake-bin.
(Reading database ... (Reading database ... 5%(Reading database ... 10%(Reading database ... 15%(Reading database ... 20%(Reading database ... 25%(Reading database ... 30%(Reading database ... 35%(Reading database ... 40%(Reading database ... 45%(Reading database ... 50%(Reading database ... 55%(Reading database ... 60%(Reading database ... 65%(Reading database ... 70%(Reading database ... 75%(Reading database ... 80%(Reading database ... 85%(Reading database ... 90%(Reading database ... 95%(Reading database ... 100%(Reading database ... 12968 files and directories currently installed.)
Preparing to unpack .../qt5-qmake-bin_5.12.5+dfsg-10_amd64.deb ...
Unpacking qt5-qmake-bin (5.12.5+dfsg-10) ...
Selecting previously unselected package qtchooser.
Preparing to unpack .../qtchooser_66-2_amd64.deb ...
Unpacking qtchooser (66-2) ...
Selecting previously unselected package qt5-qmake:amd64.
Preparing to unpack .../qt5-qmake_5.12.5+dfsg-10_amd64.deb ...
Unpacking qt5-qmake:amd64 (5.12.5+dfsg-10) ...
Setting up qt5-qmake-bin (5.12.5+dfsg-10) ...
Setting up qtchooser (66-2) ...
Setting up qt5-qmake:amd64 (5.12.5+dfsg-10) ...
W: --force-yes is deprecated, use one of the options starting with --allow instead.
+ cp /usr/lib/x86_64-linux-gnu/qt5/mkspecs/linux-clang/qmake.conf /usr/lib/x86_64-linux-gnu/qt5/mkspecs/linux-clang/qplatformdefs.h /usr/lib/x86_64-linux-gnu/qt5/mkspecs/linux-g++/
+ ls -al /usr/lib/x86_64-linux-gnu/qt5/mkspecs/linux-g++/
total 16
drwxr-xr-x  2 root root 4096 May  3 04:36 .
drwxr-xr-x 75 root root 4096 May  3 04:36 ..
-rw-r--r--  1 root root  276 May  3 04:36 qmake.conf
-rw-r--r--  1 root root 3218 May  3 04:36 qplatformdefs.h
+ cat /usr/lib/x86_64-linux-gnu/qt5/mkspecs/linux-g++/qmake.conf
#
# qmake configuration for linux-clang
#

MAKEFILE_GENERATOR = UNIX
CONFIG += incremental

QMAKE_INCREMENTAL_STYLE = sublib

include(../common/linux.conf)
include(../common/gcc-base-unix.conf)
include(../common/clang.conf)

QMAKE_LFLAGS += -ccc-gcc-name g++

load(qt_config)
+ export QMAKESPEC=/usr/lib/x86_64-linux-gnu/qt5/mkspecs/linux-clang/
+ QMAKESPEC=/usr/lib/x86_64-linux-gnu/qt5/mkspecs/linux-clang/
+ sed -i -e 's|compare_problem(2,|compare_problem(0,|g' /usr/bin/dpkg-gensymbols
+ sed -i -e 's|compare_problem(1,|compare_problem(0,|g' /usr/bin/dpkg-gensymbols
+ grep 'compare_problem(' /usr/bin/dpkg-gensymbols
        compare_problem(4, g_('new libraries appeared in the symbols file: %s'), "@libs");
        compare_problem(3, g_('some libraries disappeared in the symbols file: %s'), "@libs");
        compare_problem(0, g_('some new symbols appeared in the symbols file: %s'),
        compare_problem(0, g_('some symbols or patterns disappeared in the symbols file: %s'),

I: Finished running '/tmp/clang10'.

Finished processing commands.
--------------------------------------------------------------------------------
I: NOTICE: Log filtering will replace 'build/cura-engine-mVaR5w/resolver-KEYLXn' with '<<RESOLVERDIR>>'

+------------------------------------------------------------------------------+
| Update chroot                                                                |
+------------------------------------------------------------------------------+

Hit:1 http://127.0.0.1:12990/debian sid InRelease
Reading package lists...
Reading package lists...
Building dependency tree...
Reading state information...
Calculating upgrade...
0 upgraded, 0 newly installed, 0 to remove and 0 not upgraded.

+------------------------------------------------------------------------------+
| Fetch source files                                                           |
+------------------------------------------------------------------------------+


Check APT
---------

Checking available source versions...

Download source files with APT
------------------------------

Reading package lists...
NOTICE: 'cura-engine' packaging is maintained in the 'Git' version control system at:
https://salsa.debian.org/3dprinting-team/cura-engine.git
Please use:
git clone https://salsa.debian.org/3dprinting-team/cura-engine.git
to retrieve the latest (possibly unreleased) updates to the package.
Need to get 1744 kB of source archives.
Get:1 http://127.0.0.1:12990/debian sid/main cura-engine 1:4.5.0-2 (dsc) [2177 B]
Get:2 http://127.0.0.1:12990/debian sid/main cura-engine 1:4.5.0-2 (tar) [1683 kB]
Get:3 http://127.0.0.1:12990/debian sid/main cura-engine 1:4.5.0-2 (diff) [58.7 kB]
Fetched 1744 kB in 0s (13.3 MB/s)
Download complete and in download only mode
I: NOTICE: Log filtering will replace 'build/cura-engine-mVaR5w/cura-engine-4.5.0' with '<<PKGBUILDDIR>>'
I: NOTICE: Log filtering will replace 'build/cura-engine-mVaR5w' with '<<BUILDDIR>>'

+------------------------------------------------------------------------------+
| Install package build dependencies                                           |
+------------------------------------------------------------------------------+


Setup apt archive
-----------------

Merged Build-Depends: debhelper (>= 10), cmake (>= 2.8.12), pkg-config (>= 0.29), libcppunit-dev, protobuf-compiler (>= 3.0.0), libprotobuf-dev, rapidjson-dev, libpolyclipping-dev, libarcus-dev (>= 4.4.0), libgmock-dev, libstb-dev, build-essential, fakeroot
Filtered Build-Depends: debhelper (>= 10), cmake (>= 2.8.12), pkg-config (>= 0.29), libcppunit-dev, protobuf-compiler (>= 3.0.0), libprotobuf-dev, rapidjson-dev, libpolyclipping-dev, libarcus-dev (>= 4.4.0), libgmock-dev, libstb-dev, build-essential, fakeroot
dpkg-deb: building package 'sbuild-build-depends-main-dummy' in '/<<RESOLVERDIR>>/apt_archive/sbuild-build-depends-main-dummy.deb'.
Ign:1 copy:/<<RESOLVERDIR>>/apt_archive ./ InRelease
Get:2 copy:/<<RESOLVERDIR>>/apt_archive ./ Release [957 B]
Ign:3 copy:/<<RESOLVERDIR>>/apt_archive ./ Release.gpg
Get:4 copy:/<<RESOLVERDIR>>/apt_archive ./ Sources [459 B]
Get:5 copy:/<<RESOLVERDIR>>/apt_archive ./ Packages [546 B]
Fetched 1962 B in 0s (0 B/s)
Reading package lists...
Reading package lists...

Install main build dependencies (apt-based resolver)
----------------------------------------------------

Installing build dependencies
Reading package lists...
Building dependency tree...
Reading state information...
The following additional packages will be installed:
  autoconf automake autopoint autotools-dev bsdmainutils cmake cmake-data
  debhelper dh-autoreconf dh-strip-nondeterminism dwz file gettext
  gettext-base googletest groff-base intltool-debian libarchive-zip-perl
  libarchive13 libarcus-dev libarcus3 libbrotli1 libcppunit-1.15-0
  libcppunit-dev libcroco3 libcurl4 libdebhelper-perl libelf1 libexpat1
  libfile-stripnondeterminism-perl libglib2.0-0 libgmock-dev libgssapi-krb5-2
  libgtest-dev libicu63 libjsoncpp1 libk5crypto3 libkeyutils1 libkrb5-3
  libkrb5support0 libldap-2.4-2 libldap-common libmagic-mgc libmagic1
  libncurses6 libnghttp2-14 libpipeline1 libpolyclipping-dev libpolyclipping22
  libprocps8 libprotobuf-dev libprotobuf-lite22 libprotobuf22 libprotoc22
  libpsl5 librhash0 librtmp1 libsasl2-2 libsasl2-modules-db libsigsegv2
  libssh2-1 libssl1.1 libstb-dev libstb0 libsub-override-perl libtool
  libuchardet0 libuv1 libxml2 m4 man-db pkg-config po-debconf procps
  protobuf-compiler rapidjson-dev sensible-utils zlib1g-dev
Suggested packages:
  autoconf-archive gnu-standards autoconf-doc wamerican | wordlist whois
  vacation cmake-doc ninja-build dh-make gettext-doc libasprintf-dev
  libgettextpo-dev groff lrzip libcppunit-doc krb5-doc krb5-user libtool-doc
  gfortran | fortran95-compiler gcj-jdk m4-doc apparmor less www-browser
  libmail-box-perl protobuf-mode-el
Recommended packages:
  curl | wget | lynx ca-certificates libarchive-cpio-perl libglib2.0-data
  shared-mime-info xdg-user-dirs krb5-locales libgpm2 publicsuffix
  libsasl2-modules libltdl-dev libmail-sendmail-perl psmisc
The following NEW packages will be installed:
  autoconf automake autopoint autotools-dev bsdmainutils cmake cmake-data
  debhelper dh-autoreconf dh-strip-nondeterminism dwz file gettext
  gettext-base googletest groff-base intltool-debian libarchive-zip-perl
  libarchive13 libarcus-dev libarcus3 libbrotli1 libcppunit-1.15-0
  libcppunit-dev libcroco3 libcurl4 libdebhelper-perl libelf1 libexpat1
  libfile-stripnondeterminism-perl libglib2.0-0 libgmock-dev libgssapi-krb5-2
  libgtest-dev libicu63 libjsoncpp1 libk5crypto3 libkeyutils1 libkrb5-3
  libkrb5support0 libldap-2.4-2 libldap-common libmagic-mgc libmagic1
  libncurses6 libnghttp2-14 libpipeline1 libpolyclipping-dev libpolyclipping22
  libprocps8 libprotobuf-dev libprotobuf-lite22 libprotobuf22 libprotoc22
  libpsl5 librhash0 librtmp1 libsasl2-2 libsasl2-modules-db libsigsegv2
  libssh2-1 libssl1.1 libstb-dev libstb0 libsub-override-perl libtool
  libuchardet0 libuv1 libxml2 m4 man-db pkg-config po-debconf procps
  protobuf-compiler rapidjson-dev sbuild-build-depends-main-dummy
  sensible-utils zlib1g-dev
0 upgraded, 79 newly installed, 0 to remove and 0 not upgraded.
Need to get 36.5 MB of archives.
After this operation, 159 MB of additional disk space will be used.
Get:1 copy:/<<RESOLVERDIR>>/apt_archive ./ sbuild-build-depends-main-dummy 0.invalid.0 [972 B]
Get:2 http://127.0.0.1:12990/debian sid/main amd64 bsdmainutils amd64 11.1.2+b1 [191 kB]
Get:3 http://127.0.0.1:12990/debian sid/main amd64 libuchardet0 amd64 0.0.6-3 [64.9 kB]
Get:4 http://127.0.0.1:12990/debian sid/main amd64 groff-base amd64 1.22.4-4 [919 kB]
Get:5 http://127.0.0.1:12990/debian sid/main amd64 libpipeline1 amd64 1.5.2-2 [33.9 kB]
Get:6 http://127.0.0.1:12990/debian sid/main amd64 man-db amd64 2.9.1-1 [1308 kB]
Get:7 http://127.0.0.1:12990/debian sid/main amd64 libncurses6 amd64 6.2-1 [102 kB]
Get:8 http://127.0.0.1:12990/debian sid/main amd64 libprocps8 amd64 2:3.3.16-4 [62.7 kB]
Get:9 http://127.0.0.1:12990/debian sid/main amd64 procps amd64 2:3.3.16-4 [262 kB]
Get:10 http://127.0.0.1:12990/debian sid/main amd64 sensible-utils all 0.0.12+nmu1 [16.0 kB]
Get:11 http://127.0.0.1:12990/debian sid/main amd64 libmagic-mgc amd64 1:5.38-4 [262 kB]
Get:12 http://127.0.0.1:12990/debian sid/main amd64 libmagic1 amd64 1:5.38-4 [120 kB]
Get:13 http://127.0.0.1:12990/debian sid/main amd64 file amd64 1:5.38-4 [67.9 kB]
Get:14 http://127.0.0.1:12990/debian sid/main amd64 gettext-base amd64 0.19.8.1-10 [123 kB]
Get:15 http://127.0.0.1:12990/debian sid/main amd64 libsigsegv2 amd64 2.12-2 [32.8 kB]
Get:16 http://127.0.0.1:12990/debian sid/main amd64 m4 amd64 1.4.18-4 [203 kB]
Get:17 http://127.0.0.1:12990/debian sid/main amd64 autoconf all 2.69-11.1 [341 kB]
Get:18 http://127.0.0.1:12990/debian sid/main amd64 autotools-dev all 20180224.1 [77.0 kB]
Get:19 http://127.0.0.1:12990/debian sid/main amd64 automake all 1:1.16.2-1 [775 kB]
Get:20 http://127.0.0.1:12990/debian sid/main amd64 autopoint all 0.19.8.1-10 [435 kB]
Get:21 http://127.0.0.1:12990/debian sid/main amd64 cmake-data all 3.16.3-2 [1628 kB]
Get:22 http://127.0.0.1:12990/debian sid/main amd64 libicu63 amd64 63.2-3 [8296 kB]
Get:23 http://127.0.0.1:12990/debian sid/main amd64 libxml2 amd64 2.9.10+dfsg-5 [709 kB]
Get:24 http://127.0.0.1:12990/debian sid/main amd64 libarchive13 amd64 3.4.0-2 [335 kB]
Get:25 http://127.0.0.1:12990/debian sid/main amd64 libbrotli1 amd64 1.0.7-6.1 [267 kB]
Get:26 http://127.0.0.1:12990/debian sid/main amd64 libkrb5support0 amd64 1.17-7 [64.4 kB]
Get:27 http://127.0.0.1:12990/debian sid/main amd64 libk5crypto3 amd64 1.17-7 [115 kB]
Get:28 http://127.0.0.1:12990/debian sid/main amd64 libkeyutils1 amd64 1.6.1-2 [15.4 kB]
Get:29 http://127.0.0.1:12990/debian sid/main amd64 libssl1.1 amd64 1.1.1g-1 [1543 kB]
Get:30 http://127.0.0.1:12990/debian sid/main amd64 libkrb5-3 amd64 1.17-7 [366 kB]
Get:31 http://127.0.0.1:12990/debian sid/main amd64 libgssapi-krb5-2 amd64 1.17-7 [156 kB]
Get:32 http://127.0.0.1:12990/debian sid/main amd64 libsasl2-modules-db amd64 2.1.27+dfsg-2 [69.0 kB]
Get:33 http://127.0.0.1:12990/debian sid/main amd64 libsasl2-2 amd64 2.1.27+dfsg-2 [106 kB]
Get:34 http://127.0.0.1:12990/debian sid/main amd64 libldap-common all 2.4.50+dfsg-1 [92.9 kB]
Get:35 http://127.0.0.1:12990/debian sid/main amd64 libldap-2.4-2 amd64 2.4.50+dfsg-1 [228 kB]
Get:36 http://127.0.0.1:12990/debian sid/main amd64 libnghttp2-14 amd64 1.40.0-1 [85.0 kB]
Get:37 http://127.0.0.1:12990/debian sid/main amd64 libpsl5 amd64 0.21.0-1 [55.1 kB]
Get:38 http://127.0.0.1:12990/debian sid/main amd64 librtmp1 amd64 2.4+20151223.gitfa8646d.1-2+b1 [60.8 kB]
Get:39 http://127.0.0.1:12990/debian sid/main amd64 libssh2-1 amd64 1.8.0-2.1 [140 kB]
Get:40 http://127.0.0.1:12990/debian sid/main amd64 libcurl4 amd64 7.68.0-1 [321 kB]
Get:41 http://127.0.0.1:12990/debian sid/main amd64 libexpat1 amd64 2.2.9-1 [94.3 kB]
Get:42 http://127.0.0.1:12990/debian sid/main amd64 libjsoncpp1 amd64 1.7.4-3.1 [77.6 kB]
Get:43 http://127.0.0.1:12990/debian sid/main amd64 librhash0 amd64 1.3.9-1 [123 kB]
Get:44 http://127.0.0.1:12990/debian sid/main amd64 libuv1 amd64 1.35.0-2 [128 kB]
Get:45 http://127.0.0.1:12990/debian sid/main amd64 cmake amd64 3.16.3-2 [3675 kB]
Get:46 http://127.0.0.1:12990/debian sid/main amd64 libtool all 2.4.6-14 [513 kB]
Get:47 http://127.0.0.1:12990/debian sid/main amd64 dh-autoreconf all 19 [16.9 kB]
Get:48 http://127.0.0.1:12990/debian sid/main amd64 libdebhelper-perl all 13 [184 kB]
Get:49 http://127.0.0.1:12990/debian sid/main amd64 libarchive-zip-perl all 1.68-1 [104 kB]
Get:50 http://127.0.0.1:12990/debian sid/main amd64 libsub-override-perl all 0.09-2 [10.2 kB]
Get:51 http://127.0.0.1:12990/debian sid/main amd64 libfile-stripnondeterminism-perl all 1.8.0-1 [24.2 kB]
Get:52 http://127.0.0.1:12990/debian sid/main amd64 dh-strip-nondeterminism all 1.8.0-1 [14.8 kB]
Get:53 http://127.0.0.1:12990/debian sid/main amd64 libelf1 amd64 0.176-1.1 [161 kB]
Get:54 http://127.0.0.1:12990/debian sid/main amd64 dwz amd64 0.13-5 [151 kB]
Get:55 http://127.0.0.1:12990/debian sid/main amd64 libglib2.0-0 amd64 2.64.2-1 [1343 kB]
Get:56 http://127.0.0.1:12990/debian sid/main amd64 libcroco3 amd64 0.6.13-1 [146 kB]
Get:57 http://127.0.0.1:12990/debian sid/main amd64 gettext amd64 0.19.8.1-10 [1303 kB]
Get:58 http://127.0.0.1:12990/debian sid/main amd64 intltool-debian all 0.35.0+20060710.5 [26.8 kB]
Get:59 http://127.0.0.1:12990/debian sid/main amd64 po-debconf all 1.0.21 [248 kB]
Get:60 http://127.0.0.1:12990/debian sid/main amd64 debhelper all 13 [1002 kB]
Get:61 http://127.0.0.1:12990/debian sid/main amd64 googletest all 1.10.0-3 [626 kB]
Get:62 http://127.0.0.1:12990/debian sid/main amd64 libprotobuf22 amd64 3.11.4-4 [899 kB]
Get:63 http://127.0.0.1:12990/debian sid/main amd64 libarcus3 amd64 4.5.0-1+b2 [30.9 kB]
Get:64 http://127.0.0.1:12990/debian sid/main amd64 libarcus-dev amd64 4.5.0-1+b2 [12.5 kB]
Get:65 http://127.0.0.1:12990/debian sid/main amd64 libcppunit-1.15-0 amd64 1.15.1-2 [145 kB]
Get:66 http://127.0.0.1:12990/debian sid/main amd64 libcppunit-dev amd64 1.15.1-2 [204 kB]
Get:67 http://127.0.0.1:12990/debian sid/main amd64 libgtest-dev amd64 1.10.0-3 [1580 kB]
Get:68 http://127.0.0.1:12990/debian sid/main amd64 libgmock-dev amd64 1.10.0-3 [124 kB]
Get:69 http://127.0.0.1:12990/debian sid/main amd64 libpolyclipping22 amd64 6.4.2-6 [50.1 kB]
Get:70 http://127.0.0.1:12990/debian sid/main amd64 libpolyclipping-dev amd64 6.4.2-6 [8600 B]
Get:71 http://127.0.0.1:12990/debian sid/main amd64 zlib1g-dev amd64 1:1.2.11.dfsg-2 [190 kB]
Get:72 http://127.0.0.1:12990/debian sid/main amd64 libprotobuf-lite22 amd64 3.11.4-4 [237 kB]
Get:73 http://127.0.0.1:12990/debian sid/main amd64 libprotobuf-dev amd64 3.11.4-4 [1243 kB]
Get:74 http://127.0.0.1:12990/debian sid/main amd64 libprotoc22 amd64 3.11.4-4 [807 kB]
Get:75 http://127.0.0.1:12990/debian sid/main amd64 libstb0 amd64 0.0~git20190817.1.052dce1-1 [196 kB]
Get:76 http://127.0.0.1:12990/debian sid/main amd64 libstb-dev amd64 0.0~git20190817.1.052dce1-1 [536 kB]
Get:77 http://127.0.0.1:12990/debian sid/main amd64 pkg-config amd64 0.29.2-1 [65.1 kB]
Get:78 http://127.0.0.1:12990/debian sid/main amd64 protobuf-compiler amd64 3.11.4-4 [72.5 kB]
Get:79 http://127.0.0.1:12990/debian sid/main amd64 rapidjson-dev all 1.1.0+dfsg2-5 [98.7 kB]
debconf: delaying package configuration, since apt-utils is not installed
Fetched 36.5 MB in 0s (79.9 MB/s)
Selecting previously unselected package bsdmainutils.
(Reading database ... 13685 files and directories currently installed.)
Preparing to unpack .../00-bsdmainutils_11.1.2+b1_amd64.deb ...
Unpacking bsdmainutils (11.1.2+b1) ...
Selecting previously unselected package libuchardet0:amd64.
Preparing to unpack .../01-libuchardet0_0.0.6-3_amd64.deb ...
Unpacking libuchardet0:amd64 (0.0.6-3) ...
Selecting previously unselected package groff-base.
Preparing to unpack .../02-groff-base_1.22.4-4_amd64.deb ...
Unpacking groff-base (1.22.4-4) ...
Selecting previously unselected package libpipeline1:amd64.
Preparing to unpack .../03-libpipeline1_1.5.2-2_amd64.deb ...
Unpacking libpipeline1:amd64 (1.5.2-2) ...
Selecting previously unselected package man-db.
Preparing to unpack .../04-man-db_2.9.1-1_amd64.deb ...
Unpacking man-db (2.9.1-1) ...
Selecting previously unselected package libncurses6:amd64.
Preparing to unpack .../05-libncurses6_6.2-1_amd64.deb ...
Unpacking libncurses6:amd64 (6.2-1) ...
Selecting previously unselected package libprocps8:amd64.
Preparing to unpack .../06-libprocps8_2%3a3.3.16-4_amd64.deb ...
Unpacking libprocps8:amd64 (2:3.3.16-4) ...
Selecting previously unselected package procps.
Preparing to unpack .../07-procps_2%3a3.3.16-4_amd64.deb ...
Unpacking procps (2:3.3.16-4) ...
Selecting previously unselected package sensible-utils.
Preparing to unpack .../08-sensible-utils_0.0.12+nmu1_all.deb ...
Unpacking sensible-utils (0.0.12+nmu1) ...
Selecting previously unselected package libmagic-mgc.
Preparing to unpack .../09-libmagic-mgc_1%3a5.38-4_amd64.deb ...
Unpacking libmagic-mgc (1:5.38-4) ...
Selecting previously unselected package libmagic1:amd64.
Preparing to unpack .../10-libmagic1_1%3a5.38-4_amd64.deb ...
Unpacking libmagic1:amd64 (1:5.38-4) ...
Selecting previously unselected package file.
Preparing to unpack .../11-file_1%3a5.38-4_amd64.deb ...
Unpacking file (1:5.38-4) ...
Selecting previously unselected package gettext-base.
Preparing to unpack .../12-gettext-base_0.19.8.1-10_amd64.deb ...
Unpacking gettext-base (0.19.8.1-10) ...
Selecting previously unselected package libsigsegv2:amd64.
Preparing to unpack .../13-libsigsegv2_2.12-2_amd64.deb ...
Unpacking libsigsegv2:amd64 (2.12-2) ...
Selecting previously unselected package m4.
Preparing to unpack .../14-m4_1.4.18-4_amd64.deb ...
Unpacking m4 (1.4.18-4) ...
Selecting previously unselected package autoconf.
Preparing to unpack .../15-autoconf_2.69-11.1_all.deb ...
Unpacking autoconf (2.69-11.1) ...
Selecting previously unselected package autotools-dev.
Preparing to unpack .../16-autotools-dev_20180224.1_all.deb ...
Unpacking autotools-dev (20180224.1) ...
Selecting previously unselected package automake.
Preparing to unpack .../17-automake_1%3a1.16.2-1_all.deb ...
Unpacking automake (1:1.16.2-1) ...
Selecting previously unselected package autopoint.
Preparing to unpack .../18-autopoint_0.19.8.1-10_all.deb ...
Unpacking autopoint (0.19.8.1-10) ...
Selecting previously unselected package cmake-data.
Preparing to unpack .../19-cmake-data_3.16.3-2_all.deb ...
Unpacking cmake-data (3.16.3-2) ...
Selecting previously unselected package libicu63:amd64.
Preparing to unpack .../20-libicu63_63.2-3_amd64.deb ...
Unpacking libicu63:amd64 (63.2-3) ...
Selecting previously unselected package libxml2:amd64.
Preparing to unpack .../21-libxml2_2.9.10+dfsg-5_amd64.deb ...
Unpacking libxml2:amd64 (2.9.10+dfsg-5) ...
Selecting previously unselected package libarchive13:amd64.
Preparing to unpack .../22-libarchive13_3.4.0-2_amd64.deb ...
Unpacking libarchive13:amd64 (3.4.0-2) ...
Selecting previously unselected package libbrotli1:amd64.
Preparing to unpack .../23-libbrotli1_1.0.7-6.1_amd64.deb ...
Unpacking libbrotli1:amd64 (1.0.7-6.1) ...
Selecting previously unselected package libkrb5support0:amd64.
Preparing to unpack .../24-libkrb5support0_1.17-7_amd64.deb ...
Unpacking libkrb5support0:amd64 (1.17-7) ...
Selecting previously unselected package libk5crypto3:amd64.
Preparing to unpack .../25-libk5crypto3_1.17-7_amd64.deb ...
Unpacking libk5crypto3:amd64 (1.17-7) ...
Selecting previously unselected package libkeyutils1:amd64.
Preparing to unpack .../26-libkeyutils1_1.6.1-2_amd64.deb ...
Unpacking libkeyutils1:amd64 (1.6.1-2) ...
Selecting previously unselected package libssl1.1:amd64.
Preparing to unpack .../27-libssl1.1_1.1.1g-1_amd64.deb ...
Unpacking libssl1.1:amd64 (1.1.1g-1) ...
Selecting previously unselected package libkrb5-3:amd64.
Preparing to unpack .../28-libkrb5-3_1.17-7_amd64.deb ...
Unpacking libkrb5-3:amd64 (1.17-7) ...
Selecting previously unselected package libgssapi-krb5-2:amd64.
Preparing to unpack .../29-libgssapi-krb5-2_1.17-7_amd64.deb ...
Unpacking libgssapi-krb5-2:amd64 (1.17-7) ...
Selecting previously unselected package libsasl2-modules-db:amd64.
Preparing to unpack .../30-libsasl2-modules-db_2.1.27+dfsg-2_amd64.deb ...
Unpacking libsasl2-modules-db:amd64 (2.1.27+dfsg-2) ...
Selecting previously unselected package libsasl2-2:amd64.
Preparing to unpack .../31-libsasl2-2_2.1.27+dfsg-2_amd64.deb ...
Unpacking libsasl2-2:amd64 (2.1.27+dfsg-2) ...
Selecting previously unselected package libldap-common.
Preparing to unpack .../32-libldap-common_2.4.50+dfsg-1_all.deb ...
Unpacking libldap-common (2.4.50+dfsg-1) ...
Selecting previously unselected package libldap-2.4-2:amd64.
Preparing to unpack .../33-libldap-2.4-2_2.4.50+dfsg-1_amd64.deb ...
Unpacking libldap-2.4-2:amd64 (2.4.50+dfsg-1) ...
Selecting previously unselected package libnghttp2-14:amd64.
Preparing to unpack .../34-libnghttp2-14_1.40.0-1_amd64.deb ...
Unpacking libnghttp2-14:amd64 (1.40.0-1) ...
Selecting previously unselected package libpsl5:amd64.
Preparing to unpack .../35-libpsl5_0.21.0-1_amd64.deb ...
Unpacking libpsl5:amd64 (0.21.0-1) ...
Selecting previously unselected package librtmp1:amd64.
Preparing to unpack .../36-librtmp1_2.4+20151223.gitfa8646d.1-2+b1_amd64.deb ...
Unpacking librtmp1:amd64 (2.4+20151223.gitfa8646d.1-2+b1) ...
Selecting previously unselected package libssh2-1:amd64.
Preparing to unpack .../37-libssh2-1_1.8.0-2.1_amd64.deb ...
Unpacking libssh2-1:amd64 (1.8.0-2.1) ...
Selecting previously unselected package libcurl4:amd64.
Preparing to unpack .../38-libcurl4_7.68.0-1_amd64.deb ...
Unpacking libcurl4:amd64 (7.68.0-1) ...
Selecting previously unselected package libexpat1:amd64.
Preparing to unpack .../39-libexpat1_2.2.9-1_amd64.deb ...
Unpacking libexpat1:amd64 (2.2.9-1) ...
Selecting previously unselected package libjsoncpp1:amd64.
Preparing to unpack .../40-libjsoncpp1_1.7.4-3.1_amd64.deb ...
Unpacking libjsoncpp1:amd64 (1.7.4-3.1) ...
Selecting previously unselected package librhash0:amd64.
Preparing to unpack .../41-librhash0_1.3.9-1_amd64.deb ...
Unpacking librhash0:amd64 (1.3.9-1) ...
Selecting previously unselected package libuv1:amd64.
Preparing to unpack .../42-libuv1_1.35.0-2_amd64.deb ...
Unpacking libuv1:amd64 (1.35.0-2) ...
Selecting previously unselected package cmake.
Preparing to unpack .../43-cmake_3.16.3-2_amd64.deb ...
Unpacking cmake (3.16.3-2) ...
Selecting previously unselected package libtool.
Preparing to unpack .../44-libtool_2.4.6-14_all.deb ...
Unpacking libtool (2.4.6-14) ...
Selecting previously unselected package dh-autoreconf.
Preparing to unpack .../45-dh-autoreconf_19_all.deb ...
Unpacking dh-autoreconf (19) ...
Selecting previously unselected package libdebhelper-perl.
Preparing to unpack .../46-libdebhelper-perl_13_all.deb ...
Unpacking libdebhelper-perl (13) ...
Selecting previously unselected package libarchive-zip-perl.
Preparing to unpack .../47-libarchive-zip-perl_1.68-1_all.deb ...
Unpacking libarchive-zip-perl (1.68-1) ...
Selecting previously unselected package libsub-override-perl.
Preparing to unpack .../48-libsub-override-perl_0.09-2_all.deb ...
Unpacking libsub-override-perl (0.09-2) ...
Selecting previously unselected package libfile-stripnondeterminism-perl.
Preparing to unpack .../49-libfile-stripnondeterminism-perl_1.8.0-1_all.deb ...
Unpacking libfile-stripnondeterminism-perl (1.8.0-1) ...
Selecting previously unselected package dh-strip-nondeterminism.
Preparing to unpack .../50-dh-strip-nondeterminism_1.8.0-1_all.deb ...
Unpacking dh-strip-nondeterminism (1.8.0-1) ...
Selecting previously unselected package libelf1:amd64.
Preparing to unpack .../51-libelf1_0.176-1.1_amd64.deb ...
Unpacking libelf1:amd64 (0.176-1.1) ...
Selecting previously unselected package dwz.
Preparing to unpack .../52-dwz_0.13-5_amd64.deb ...
Unpacking dwz (0.13-5) ...
Selecting previously unselected package libglib2.0-0:amd64.
Preparing to unpack .../53-libglib2.0-0_2.64.2-1_amd64.deb ...
Unpacking libglib2.0-0:amd64 (2.64.2-1) ...
Selecting previously unselected package libcroco3:amd64.
Preparing to unpack .../54-libcroco3_0.6.13-1_amd64.deb ...
Unpacking libcroco3:amd64 (0.6.13-1) ...
Selecting previously unselected package gettext.
Preparing to unpack .../55-gettext_0.19.8.1-10_amd64.deb ...
Unpacking gettext (0.19.8.1-10) ...
Selecting previously unselected package intltool-debian.
Preparing to unpack .../56-intltool-debian_0.35.0+20060710.5_all.deb ...
Unpacking intltool-debian (0.35.0+20060710.5) ...
Selecting previously unselected package po-debconf.
Preparing to unpack .../57-po-debconf_1.0.21_all.deb ...
Unpacking po-debconf (1.0.21) ...
Selecting previously unselected package debhelper.
Preparing to unpack .../58-debhelper_13_all.deb ...
Unpacking debhelper (13) ...
Selecting previously unselected package googletest.
Preparing to unpack .../59-googletest_1.10.0-3_all.deb ...
Unpacking googletest (1.10.0-3) ...
Selecting previously unselected package libprotobuf22:amd64.
Preparing to unpack .../60-libprotobuf22_3.11.4-4_amd64.deb ...
Unpacking libprotobuf22:amd64 (3.11.4-4) ...
Selecting previously unselected package libarcus3:amd64.
Preparing to unpack .../61-libarcus3_4.5.0-1+b2_amd64.deb ...
Unpacking libarcus3:amd64 (4.5.0-1+b2) ...
Selecting previously unselected package libarcus-dev:amd64.
Preparing to unpack .../62-libarcus-dev_4.5.0-1+b2_amd64.deb ...
Unpacking libarcus-dev:amd64 (4.5.0-1+b2) ...
Selecting previously unselected package libcppunit-1.15-0:amd64.
Preparing to unpack .../63-libcppunit-1.15-0_1.15.1-2_amd64.deb ...
Unpacking libcppunit-1.15-0:amd64 (1.15.1-2) ...
Selecting previously unselected package libcppunit-dev.
Preparing to unpack .../64-libcppunit-dev_1.15.1-2_amd64.deb ...
Unpacking libcppunit-dev (1.15.1-2) ...
Selecting previously unselected package libgtest-dev:amd64.
Preparing to unpack .../65-libgtest-dev_1.10.0-3_amd64.deb ...
Unpacking libgtest-dev:amd64 (1.10.0-3) ...
Selecting previously unselected package libgmock-dev:amd64.
Preparing to unpack .../66-libgmock-dev_1.10.0-3_amd64.deb ...
Unpacking libgmock-dev:amd64 (1.10.0-3) ...
Selecting previously unselected package libpolyclipping22:amd64.
Preparing to unpack .../67-libpolyclipping22_6.4.2-6_amd64.deb ...
Unpacking libpolyclipping22:amd64 (6.4.2-6) ...
Selecting previously unselected package libpolyclipping-dev:amd64.
Preparing to unpack .../68-libpolyclipping-dev_6.4.2-6_amd64.deb ...
Unpacking libpolyclipping-dev:amd64 (6.4.2-6) ...
Selecting previously unselected package zlib1g-dev:amd64.
Preparing to unpack .../69-zlib1g-dev_1%3a1.2.11.dfsg-2_amd64.deb ...
Unpacking zlib1g-dev:amd64 (1:1.2.11.dfsg-2) ...
Selecting previously unselected package libprotobuf-lite22:amd64.
Preparing to unpack .../70-libprotobuf-lite22_3.11.4-4_amd64.deb ...
Unpacking libprotobuf-lite22:amd64 (3.11.4-4) ...
Selecting previously unselected package libprotobuf-dev:amd64.
Preparing to unpack .../71-libprotobuf-dev_3.11.4-4_amd64.deb ...
Unpacking libprotobuf-dev:amd64 (3.11.4-4) ...
Selecting previously unselected package libprotoc22:amd64.
Preparing to unpack .../72-libprotoc22_3.11.4-4_amd64.deb ...
Unpacking libprotoc22:amd64 (3.11.4-4) ...
Selecting previously unselected package libstb0:amd64.
Preparing to unpack .../73-libstb0_0.0~git20190817.1.052dce1-1_amd64.deb ...
Unpacking libstb0:amd64 (0.0~git20190817.1.052dce1-1) ...
Selecting previously unselected package libstb-dev:amd64.
Preparing to unpack .../74-libstb-dev_0.0~git20190817.1.052dce1-1_amd64.deb ...
Unpacking libstb-dev:amd64 (0.0~git20190817.1.052dce1-1) ...
Selecting previously unselected package pkg-config.
Preparing to unpack .../75-pkg-config_0.29.2-1_amd64.deb ...
Unpacking pkg-config (0.29.2-1) ...
Selecting previously unselected package protobuf-compiler.
Preparing to unpack .../76-protobuf-compiler_3.11.4-4_amd64.deb ...
Unpacking protobuf-compiler (3.11.4-4) ...
Selecting previously unselected package rapidjson-dev.
Preparing to unpack .../77-rapidjson-dev_1.1.0+dfsg2-5_all.deb ...
Unpacking rapidjson-dev (1.1.0+dfsg2-5) ...
Selecting previously unselected package sbuild-build-depends-main-dummy.
Preparing to unpack .../78-sbuild-build-depends-main-dummy_0.invalid.0_amd64.deb ...
Unpacking sbuild-build-depends-main-dummy (0.invalid.0) ...
Setting up libpolyclipping22:amd64 (6.4.2-6) ...
Setting up libexpat1:amd64 (2.2.9-1) ...
Setting up libpipeline1:amd64 (1.5.2-2) ...
Setting up libcppunit-1.15-0:amd64 (1.15.1-2) ...
Setting up libkeyutils1:amd64 (1.6.1-2) ...
Setting up libpsl5:amd64 (0.21.0-1) ...
Setting up libmagic-mgc (1:5.38-4) ...
Setting up libarchive-zip-perl (1.68-1) ...
Setting up libglib2.0-0:amd64 (2.64.2-1) ...
No schema files found: doing nothing.
Setting up libssl1.1:amd64 (1.1.1g-1) ...
Setting up libdebhelper-perl (13) ...
Setting up libbrotli1:amd64 (1.0.7-6.1) ...
Setting up libnghttp2-14:amd64 (1.40.0-1) ...
Setting up libmagic1:amd64 (1:5.38-4) ...
Setting up gettext-base (0.19.8.1-10) ...
Setting up file (1:5.38-4) ...
Setting up libldap-common (2.4.50+dfsg-1) ...
Setting up googletest (1.10.0-3) ...
Setting up libprotobuf22:amd64 (3.11.4-4) ...
Setting up libicu63:amd64 (63.2-3) ...
Setting up rapidjson-dev (1.1.0+dfsg2-5) ...
Setting up libprotobuf-lite22:amd64 (3.11.4-4) ...
Setting up libkrb5support0:amd64 (1.17-7) ...
Setting up libsasl2-modules-db:amd64 (2.1.27+dfsg-2) ...
Setting up autotools-dev (20180224.1) ...
Setting up libuv1:amd64 (1.35.0-2) ...
Setting up librtmp1:amd64 (2.4+20151223.gitfa8646d.1-2+b1) ...
Setting up libncurses6:amd64 (6.2-1) ...
Setting up libsigsegv2:amd64 (2.12-2) ...
Setting up bsdmainutils (11.1.2+b1) ...
update-alternatives: using /usr/bin/bsd-write to provide /usr/bin/write (write) in auto mode
update-alternatives: using /usr/bin/bsd-from to provide /usr/bin/from (from) in auto mode
Setting up libstb0:amd64 (0.0~git20190817.1.052dce1-1) ...
Setting up autopoint (0.19.8.1-10) ...
Setting up pkg-config (0.29.2-1) ...
Setting up libprotoc22:amd64 (3.11.4-4) ...
Setting up libk5crypto3:amd64 (1.17-7) ...
Setting up libsasl2-2:amd64 (2.1.27+dfsg-2) ...
Setting up zlib1g-dev:amd64 (1:1.2.11.dfsg-2) ...
Setting up libstb-dev:amd64 (0.0~git20190817.1.052dce1-1) ...
Setting up sensible-utils (0.0.12+nmu1) ...
Setting up librhash0:amd64 (1.3.9-1) ...
Setting up libuchardet0:amd64 (0.0.6-3) ...
Setting up libsub-override-perl (0.09-2) ...
Setting up libssh2-1:amd64 (1.8.0-2.1) ...
Setting up cmake-data (3.16.3-2) ...
Setting up libkrb5-3:amd64 (1.17-7) ...
Setting up libpolyclipping-dev:amd64 (6.4.2-6) ...
Setting up libcppunit-dev (1.15.1-2) ...
Setting up libelf1:amd64 (0.176-1.1) ...
Setting up libxml2:amd64 (2.9.10+dfsg-5) ...
Setting up libprocps8:amd64 (2:3.3.16-4) ...
Setting up libjsoncpp1:amd64 (1.7.4-3.1) ...
Setting up libfile-stripnondeterminism-perl (1.8.0-1) ...
Setting up libarcus3:amd64 (4.5.0-1+b2) ...
Setting up libgtest-dev:amd64 (1.10.0-3) ...
Setting up protobuf-compiler (3.11.4-4) ...
Setting up libtool (2.4.6-14) ...
Setting up libarchive13:amd64 (3.4.0-2) ...
Setting up libldap-2.4-2:amd64 (2.4.50+dfsg-1) ...
Setting up m4 (1.4.18-4) ...
Setting up libprotobuf-dev:amd64 (3.11.4-4) ...
Setting up libgssapi-krb5-2:amd64 (1.17-7) ...
Setting up libarcus-dev:amd64 (4.5.0-1+b2) ...
Setting up libcroco3:amd64 (0.6.13-1) ...
Setting up libgmock-dev:amd64 (1.10.0-3) ...
Setting up autoconf (2.69-11.1) ...
Setting up dh-strip-nondeterminism (1.8.0-1) ...
Setting up dwz (0.13-5) ...
Setting up groff-base (1.22.4-4) ...
Setting up procps (2:3.3.16-4) ...
update-alternatives: using /usr/bin/w.procps to provide /usr/bin/w (w) in auto mode
Setting up libcurl4:amd64 (7.68.0-1) ...
Setting up automake (1:1.16.2-1) ...
update-alternatives: using /usr/bin/automake-1.16 to provide /usr/bin/automake (automake) in auto mode
Setting up gettext (0.19.8.1-10) ...
Setting up man-db (2.9.1-1) ...
Not building database; man-db/auto-update is not 'true'.
Setting up intltool-debian (0.35.0+20060710.5) ...
Setting up cmake (3.16.3-2) ...
Setting up po-debconf (1.0.21) ...
Setting up dh-autoreconf (19) ...
Setting up debhelper (13) ...
Setting up sbuild-build-depends-main-dummy (0.invalid.0) ...
Processing triggers for libc-bin (2.30-4) ...

+------------------------------------------------------------------------------+
| Check architectures                                                          |
+------------------------------------------------------------------------------+

Arch check ok (amd64 included in any)

+------------------------------------------------------------------------------+
| Build environment                                                            |
+------------------------------------------------------------------------------+

Kernel: Linux 4.19.0-6-cloud-amd64 #1 SMP Debian 4.19.67-2+deb10u2 (2019-11-11) amd64 (x86_64)
Toolchain package versions: binutils_2.34-6 dpkg-dev_1.19.7 g++-9_9.3.0-11 gcc-9_9.3.0-11 libc6-dev_2.30-4 libstdc++-9-dev_9.3.0-11 libstdc++6_10-20200502-1 linux-libc-dev_5.6.7-1
Package versions: adduser_3.118 apt_2.0.2 autoconf_2.69-11.1 automake_1:1.16.2-1 autopoint_0.19.8.1-10 autotools-dev_20180224.1 base-files_11 base-passwd_3.5.47 bash_5.0-6 binutils_2.34-6 binutils-common_2.34-6 binutils-x86-64-linux-gnu_2.34-6 bsdmainutils_11.1.2+b1 bsdutils_1:2.34-0.1 build-essential_12.8 bzip2_1.0.8-2 clang-10_1:10.0.0-4 cmake_3.16.3-2 cmake-data_3.16.3-2 coreutils_8.30-3+b1 cpp_4:9.2.1-3.1 cpp-9_9.3.0-11 dash_0.5.10.2-7 debconf_1.5.74 debhelper_13 debian-archive-keyring_2019.1 debianutils_4.9.1 dh-autoreconf_19 dh-strip-nondeterminism_1.8.0-1 diffutils_1:3.7-3 dpkg_1.19.7 dpkg-dev_1.19.7 dwz_0.13-5 e2fsprogs_1.45.6-1 fakeroot_1.24-1 fdisk_2.34-0.1 file_1:5.38-4 findutils_4.7.0-1 g++_4:9.2.1-3.1 g++-9_9.3.0-11 gcc_4:9.2.1-3.1 gcc-10-base_10-20200502-1 gcc-9_9.3.0-11 gcc-9-base_9.3.0-11 gettext_0.19.8.1-10 gettext-base_0.19.8.1-10 googletest_1.10.0-3 gpgv_2.2.20-1 grep_3.4-1 groff-base_1.22.4-4 gzip_1.10-2 hostname_3.23 init-system-helpers_1.57 intltool-debian_0.35.0+20060710.5 lib32gcc-s1_10-20200502-1 lib32gcc1_1:10-20200502-1 lib32stdc++6_10-20200502-1 libacl1_2.2.53-8 libapt-pkg6.0_2.0.2 libarchive-zip-perl_1.68-1 libarchive13_3.4.0-2 libarcus-dev_4.5.0-1+b2 libarcus3_4.5.0-1+b2 libasan5_9.3.0-11 libatomic1_10-20200502-1 libattr1_1:2.4.48-5 libaudit-common_1:2.8.5-3 libaudit1_1:2.8.5-3+b1 libbinutils_2.34-6 libblkid1_2.34-0.1 libbrotli1_1.0.7-6.1 libbsd0_0.10.0-1 libbz2-1.0_1.0.8-2 libc-bin_2.30-4 libc-dev-bin_2.30-4 libc6_2.30-4 libc6-dev_2.30-4 libc6-i386_2.30-4 libcap-ng0_0.7.9-2.1+b2 libcc1-0_10-20200502-1 libclang-common-10-dev_1:10.0.0-4 libclang-cpp10_1:10.0.0-4 libclang1-10_1:10.0.0-4 libcom-err2_1.45.6-1 libcppunit-1.15-0_1.15.1-2 libcppunit-dev_1.15.1-2 libcroco3_0.6.13-1 libcrypt-dev_1:4.4.16-1 libcrypt1_1:4.4.16-1 libctf-nobfd0_2.34-6 libctf0_2.34-6 libcurl4_7.68.0-1 libdb5.3_5.3.28+dfsg1-0.6 libdebconfclient0_0.251 libdebhelper-perl_13 libdpkg-perl_1.19.7 libedit2_3.1-20191231-1 libelf1_0.176-1.1 libexpat1_2.2.9-1 libext2fs2_1.45.6-1 libfakeroot_1.24-1 libfdisk1_2.34-0.1 libffi7_3.3-4 libfile-stripnondeterminism-perl_1.8.0-1 libgc1c2_1:7.6.4-0.4 libgcc-9-dev_9.3.0-11 libgcc-s1_10-20200502-1 libgcrypt20_1.8.5-5 libgdbm-compat4_1.18.1-5 libgdbm6_1.18.1-5 libglib2.0-0_2.64.2-1 libgmock-dev_1.10.0-3 libgmp10_2:6.2.0+dfsg-4 libgnutls30_3.6.13-2 libgomp1_10-20200502-1 libgpg-error0_1.37-1 libgssapi-krb5-2_1.17-7 libgtest-dev_1.10.0-3 libhogweed5_3.5.1+really3.5.1-2 libicu63_63.2-3 libidn2-0_2.3.0-1 libisl22_0.22.1-1 libitm1_10-20200502-1 libjsoncpp1_1.7.4-3.1 libk5crypto3_1.17-7 libkeyutils1_1.6.1-2 libkrb5-3_1.17-7 libkrb5support0_1.17-7 libldap-2.4-2_2.4.50+dfsg-1 libldap-common_2.4.50+dfsg-1 libllvm10_1:10.0.0-4 liblsan0_10-20200502-1 liblz4-1_1.9.2-2 liblzma5_5.2.4-1+b1 libmagic-mgc_1:5.38-4 libmagic1_1:5.38-4 libmount1_2.34-0.1 libmpc3_1.1.0-1 libmpfr6_4.0.2-1 libncurses6_6.2-1 libncursesw6_6.2-1 libnettle7_3.5.1+really3.5.1-2 libnghttp2-14_1.40.0-1 libobjc-9-dev_9.3.0-11 libobjc4_10-20200502-1 libomp-10-dev_1:10.0.0-4 libomp5-10_1:10.0.0-4 libp11-kit0_0.23.20-1 libpam-modules_1.3.1-5 libpam-modules-bin_1.3.1-5 libpam-runtime_1.3.1-5 libpam0g_1.3.1-5 libpcre2-8-0_10.34-7 libpcre3_2:8.39-12+b1 libperl5.30_5.30.0-10 libpipeline1_1.5.2-2 libpolyclipping-dev_6.4.2-6 libpolyclipping22_6.4.2-6 libprocps8_2:3.3.16-4 libprotobuf-dev_3.11.4-4 libprotobuf-lite22_3.11.4-4 libprotobuf22_3.11.4-4 libprotoc22_3.11.4-4 libpsl5_0.21.0-1 libquadmath0_10-20200502-1 librhash0_1.3.9-1 librtmp1_2.4+20151223.gitfa8646d.1-2+b1 libsasl2-2_2.1.27+dfsg-2 libsasl2-modules-db_2.1.27+dfsg-2 libseccomp2_2.4.3-1+b1 libselinux1_3.0-1+b3 libsemanage-common_3.0-1 libsemanage1_3.0-1+b3 libsepol1_3.0-1 libsigsegv2_2.12-2 libsmartcols1_2.34-0.1 libss2_1.45.6-1 libssh2-1_1.8.0-2.1 libssl1.1_1.1.1g-1 libstb-dev_0.0~git20190817.1.052dce1-1 libstb0_0.0~git20190817.1.052dce1-1 libstdc++-9-dev_9.3.0-11 libstdc++6_10-20200502-1 libsub-override-perl_0.09-2 libsystemd0_245.5-2 libtasn1-6_4.16.0-2 libtinfo6_6.2-1 libtool_2.4.6-14 libtsan0_10-20200502-1 libubsan1_10-20200502-1 libuchardet0_0.0.6-3 libudev1_245.5-2 libunistring2_0.9.10-2 libuuid1_2.34-0.1 libuv1_1.35.0-2 libxml2_2.9.10+dfsg-5 libz3-4_4.8.7-4 libzstd1_1.4.4+dfsg-3 linux-libc-dev_5.6.7-1 login_1:4.8.1-1 logsave_1.45.6-1 lsb-base_11.1.0 m4_1.4.18-4 make_4.2.1-1.3 man-db_2.9.1-1 mawk_1.3.4.20200120-2 mount_2.34-0.1 ncurses-base_6.2-1 ncurses-bin_6.2-1 passwd_1:4.8.1-1 patch_2.7.6-6 perl_5.30.0-10 perl-base_5.30.0-10 perl-modules-5.30_5.30.0-10 pkg-config_0.29.2-1 po-debconf_1.0.21 procps_2:3.3.16-4 protobuf-compiler_3.11.4-4 qt5-qmake_5.12.5+dfsg-10 qt5-qmake-bin_5.12.5+dfsg-10 qtchooser_66-2 rapidjson-dev_1.1.0+dfsg2-5 sbuild-build-depends-main-dummy_0.invalid.0 sed_4.7-1 sensible-utils_0.0.12+nmu1 sysvinit-utils_2.96-3 tar_1.30+dfsg-7 tzdata_2020a-1 util-linux_2.34-0.1 xz-utils_5.2.4-1+b1 zlib1g_1:1.2.11.dfsg-2 zlib1g-dev_1:1.2.11.dfsg-2

+------------------------------------------------------------------------------+
| Build                                                                        |
+------------------------------------------------------------------------------+


Unpack source
-------------

-----BEGIN PGP SIGNED MESSAGE-----
Hash: SHA256

Format: 3.0 (quilt)
Source: cura-engine
Binary: cura-engine
Architecture: any
Version: 1:4.5.0-2
Maintainer: Debian 3-D Printing Packages <3dprinter-general@lists.alioth.debian.org>
Uploaders: Gregor Riepl <onitake@gmail.com>
Homepage: https://github.com/Ultimaker/CuraEngine
Standards-Version: 4.1.4
Vcs-Browser: https://salsa.debian.org/3dprinting-team/cura-engine
Vcs-Git: https://salsa.debian.org/3dprinting-team/cura-engine.git
Testsuite: autopkgtest
Build-Depends: debhelper (>= 10), cmake (>= 2.8.12), pkg-config (>= 0.29), libcppunit-dev, protobuf-compiler (>= 3.0.0), libprotobuf-dev, rapidjson-dev, libpolyclipping-dev, libarcus-dev (>= 4.4.0), libgmock-dev, libstb-dev
Package-List:
 cura-engine deb utils optional arch=any
Checksums-Sha1:
 ad7774a9bd8ea51f14f5fd237c590ee70a44a5a7 1683362 cura-engine_4.5.0.orig.tar.gz
 d7c2f8e4cdbebf2a2ef12e92552c8bbf1363fd68 58692 cura-engine_4.5.0-2.debian.tar.xz
Checksums-Sha256:
 c6e63526f860ef42950236333c8a33db9f5beb9493ac5c8b69f5336501f1179e 1683362 cura-engine_4.5.0.orig.tar.gz
 ac0dd7940e98913da7f17ac3bc6cdf4d547d7e640d9d53ead7539e5048b02055 58692 cura-engine_4.5.0-2.debian.tar.xz
Files:
 63df14853c6a183acc1153176423c2a7 1683362 cura-engine_4.5.0.orig.tar.gz
 6368f1881276ed72e2f8ff36e9266908 58692 cura-engine_4.5.0-2.debian.tar.xz

-----BEGIN PGP SIGNATURE-----

iQIyBAEBCAAdFiEEXEj+YVf0kXlZcIfGTFprqxLSp64FAl5uEBQACgkQTFprqxLS
p65GJg/4hg9xIIpeKVLsZm1Iht6sQ2s4fpPT65GQl+I6BelNZlLcLwoR9SW+XBms
o5dBG3B9wABZSbWVe2YuGq3VlwNr/B2VPpyCSPpsqZcvghfz5QGJ/9SY9sIXfKo3
RrVm6FultWfG43D4k9FRSq1CKvQ1BbmQz3D3TNay1wdkj+EidGNk7DeU9EzgAGMH
CLUIGyvidKjawHvlkVSV8Kw0zCTpMPk+jZhKph+uyng96Pp6bXE6ijQL6MwEvC4C
QN3zMd5fvGobEYLH0D3Mlv8G+n+jorsiVEyV/6b7dari+gbd33j2Bc2GK6Ja0Rk5
8wKwHlZH1K/Yd388a+eYn8jThaczbEmPS9s5gVcd62zKZ9dXR7opNvnmzRjFfTGj
HNHDtlb0Bi/WAPVhMJTJN3TzEGY9fCGmcm1A860b/skGEDeDmV2bytHY5nTYZRwa
zhA4n48lZjgkUWyWOcC/IBJyCH3uof+96nTXAqVNdmmGJf+rULmJUf49fcnSVcca
/6l3YxqMRsf8Uvo6iXxV/MX89EEpiVhnCoTCZ92yxiMZfqEt/RQ9HAME3/DrF8d9
txoOzM6iXJDQ7BvfJ1Ap0RdOvLST8dH/7Gx6w6kDdPmf9XraY9xJw5bS1lGd1/K7
nwmDBr5BMiiuyNyvwWytZdNEz7VBwIG1DKmFJyt6GtW24HDG8w==
=RQsK
-----END PGP SIGNATURE-----

gpgv: unknown type of key resource 'trustedkeys.kbx'
gpgv: keyblock resource '/sbuild-nonexistent/.gnupg/trustedkeys.kbx': General error
gpgv: Signature made Sun Mar 15 11:23:00 2020 UTC
gpgv:                using RSA key 5C48FE6157F49179597087C64C5A6BAB12D2A7AE
gpgv: Can't check signature: No public key
dpkg-source: warning: failed to verify signature on ./cura-engine_4.5.0-2.dsc
dpkg-source: info: extracting cura-engine in /<<PKGBUILDDIR>>
dpkg-source: info: unpacking cura-engine_4.5.0.orig.tar.gz
dpkg-source: info: unpacking cura-engine_4.5.0-2.debian.tar.xz
dpkg-source: info: using patch list from debian/patches/series
dpkg-source: info: applying 2000-remove-rpath.patch
dpkg-source: info: applying 2001-version-test.patch
dpkg-source: info: applying 0001-Be-more-compliant-with-non-x86-architectures.patch
dpkg-source: info: applying 1001-relax-test.patch

Check disk space
----------------

Sufficient free space for build

User Environment
----------------

APT_CONFIG=/var/lib/sbuild/apt.conf
HOME=/sbuild-nonexistent
LANG=C.UTF-8
LC_ALL=C.UTF-8
LOGNAME=user42
PATH=/usr/local/sbin:/usr/local/bin:/usr/sbin:/usr/bin:/sbin:/bin:/usr/games
SCHROOT_ALIAS_NAME=unstable
SCHROOT_CHROOT_NAME=sid-amd64-sbuild
SCHROOT_COMMAND=env
SCHROOT_GID=1001
SCHROOT_GROUP=user42
SCHROOT_SESSION_ID=sid-amd64-sbuild-5857d6b5-f0f3-4294-9995-c1c72b96552f
SCHROOT_UID=1001
SCHROOT_USER=user42
SHELL=/bin/sh
USER=user42

dpkg-buildpackage
-----------------

Command: dpkg-buildpackage -us -uc -b -rfakeroot
dpkg-buildpackage: info: source package cura-engine
dpkg-buildpackage: info: source version 1:4.5.0-2
dpkg-buildpackage: info: source distribution unstable
dpkg-buildpackage: info: source changed by Christoph Berg <myon@debian.org>
 dpkg-source --before-build .
dpkg-buildpackage: info: host architecture amd64
 fakeroot debian/rules clean
dh clean --buildsystem=cmake
   dh_auto_clean -O--buildsystem=cmake
   dh_autoreconf_clean -O--buildsystem=cmake
   dh_clean -O--buildsystem=cmake
	rm -f debian/debhelper-build-stamp
	rm -rf debian/.debhelper/
	rm -f -- debian/cura-engine.substvars debian/files
	rm -fr -- debian/cura-engine/ debian/tmp/
	find .  \( \( \
		\( -path .\*/.git -o -path .\*/.svn -o -path .\*/.bzr -o -path .\*/.hg -o -path .\*/CVS -o -path .\*/.pc -o -path .\*/_darcs \) -prune -o -type f -a \
	        \( -name '#*#' -o -name '.*~' -o -name '*~' -o -name DEADJOE \
		 -o -name '*.orig' -o -name '*.rej' -o -name '*.bak' \
		 -o -name '.*.orig' -o -name .*.rej -o -name '.SUMS' \
		 -o -name TAGS -o \( -path '*/.deps/*' -a -name '*.P' \) \
		\) -exec rm -f {} + \) -o \
		\( -type d -a -name autom4te.cache -prune -exec rm -rf {} + \) \)
 debian/rules build
dh build --buildsystem=cmake
   dh_update_autotools_config -O--buildsystem=cmake
   dh_autoreconf -O--buildsystem=cmake
   debian/rules override_dh_auto_configure
make[1]: Entering directory '/<<PKGBUILDDIR>>'
dh_auto_configure -- -DCURA_ENGINE_VERSION:STRING=4.5.0 -DBUILD_TESTS=ON -DUSE_SYSTEM_LIBS=ON -DCMAKE_CXX_FLAGS_RELEASE_INIT="-g -O2 -fdebug-prefix-map=/<<PKGBUILDDIR>>=. -fstack-protector-strong -Wformat -Werror=format-security -Wdate-time -D_FORTIFY_SOURCE=2"
	install -d obj-x86_64-linux-gnu
	cd obj-x86_64-linux-gnu && cmake -DCMAKE_INSTALL_PREFIX=/usr -DCMAKE_BUILD_TYPE=None -DCMAKE_INSTALL_SYSCONFDIR=/etc -DCMAKE_INSTALL_LOCALSTATEDIR=/var -DCMAKE_EXPORT_NO_PACKAGE_REGISTRY=ON -DCMAKE_FIND_PACKAGE_NO_PACKAGE_REGISTRY=ON "-GUnix Makefiles" -DCMAKE_VERBOSE_MAKEFILE=ON -DCMAKE_AUTOGEN_VERBOSE=ON -DCMAKE_INSTALL_LIBDIR=lib/x86_64-linux-gnu -DCURA_ENGINE_VERSION:STRING=4.5.0 -DBUILD_TESTS=ON -DUSE_SYSTEM_LIBS=ON "-DCMAKE_CXX_FLAGS_RELEASE_INIT=-g -O2 -fdebug-prefix-map=/<<PKGBUILDDIR>>=. -fstack-protector-strong -Wformat -Werror=format-security -Wdate-time -D_FORTIFY_SOURCE=2" ..
-- The C compiler identification is Clang 10.0.0
-- The CXX compiler identification is Clang 10.0.0
-- Check for working C compiler: /usr/bin/cc
-- Check for working C compiler: /usr/bin/cc -- works
-- Detecting C compiler ABI info
-- Detecting C compiler ABI info - done
-- Detecting C compile features
-- Detecting C compile features - done
-- Check for working CXX compiler: /usr/bin/c++
-- Check for working CXX compiler: /usr/bin/c++ -- works
-- Detecting CXX compiler ABI info
-- Detecting CXX compiler ABI info - done
-- Detecting CXX compile features
-- Detecting CXX compile features - done
-- Building with Arcus
CMake Warning (dev) at CMakeLists.txt:21 (set):
  implicitly converting '' to 'STRING' type.
This warning is for project developers.  Use -Wno-dev to suppress it.

-- Found Protobuf: /usr/lib/x86_64-linux-gnu/libprotobuf.so;-lpthread (found suitable version "3.11.4", minimum required is "3.0.0") 
CMake Warning (dev) at /usr/lib/x86_64-linux-gnu/cmake/Arcus/ArcusConfig.cmake:40 (set):
  implicitly converting '' to 'STRING' type.
Call Stack (most recent call first):
  CMakeLists.txt:23 (find_package)
This warning is for project developers.  Use -Wno-dev to suppress it.

-- Found Stb installation at: /usr/include
-- RapidJSON found. Headers: /usr/include
-- Found Polyclipping: /usr/lib/x86_64-linux-gnu/libpolyclipping.so (found version "6.4.2") 
-- Compile with more optimization flags
-- Found OpenMP_C: -fopenmp=libomp (found version "4.5") 
-- Found OpenMP_CXX: -fopenmp=libomp (found version "4.5") 
-- Found OpenMP: TRUE (found version "4.5")  
-- Building tests...
-- Found GTest: /usr/lib/x86_64-linux-gnu/libgtest.a  
-- Found GMock: /usr/lib/x86_64-linux-gnu/libgmock.a  
-- Found Threads: TRUE  
-- Configuring done
-- Generating done
CMake Warning:
  Manually-specified variables were not used by the project:

    CMAKE_AUTOGEN_VERBOSE
    CMAKE_EXPORT_NO_PACKAGE_REGISTRY


-- Build files have been written to: /<<PKGBUILDDIR>>/obj-x86_64-linux-gnu
make[1]: Leaving directory '/<<PKGBUILDDIR>>'
   dh_auto_build -O--buildsystem=cmake
	cd obj-x86_64-linux-gnu && make -j4
make[1]: Entering directory '/<<PKGBUILDDIR>>/obj-x86_64-linux-gnu'
/usr/bin/cmake -S/<<PKGBUILDDIR>> -B/<<PKGBUILDDIR>>/obj-x86_64-linux-gnu --check-build-system CMakeFiles/Makefile.cmake 0
/usr/bin/cmake -E cmake_progress_start /<<PKGBUILDDIR>>/obj-x86_64-linux-gnu/CMakeFiles /<<PKGBUILDDIR>>/obj-x86_64-linux-gnu/CMakeFiles/progress.marks
make -f CMakeFiles/Makefile2 all
make[2]: Entering directory '/<<PKGBUILDDIR>>/obj-x86_64-linux-gnu'
make -f CMakeFiles/_CuraEngine.dir/build.make CMakeFiles/_CuraEngine.dir/depend
make[3]: Entering directory '/<<PKGBUILDDIR>>/obj-x86_64-linux-gnu'
[  1%] Running cpp protocol buffer compiler on Cura.proto
/usr/bin/protoc --cpp_out /<<PKGBUILDDIR>>/obj-x86_64-linux-gnu -I /<<PKGBUILDDIR>> /<<PKGBUILDDIR>>/Cura.proto
cd /<<PKGBUILDDIR>>/obj-x86_64-linux-gnu && /usr/bin/cmake -E cmake_depends "Unix Makefiles" /<<PKGBUILDDIR>> /<<PKGBUILDDIR>> /<<PKGBUILDDIR>>/obj-x86_64-linux-gnu /<<PKGBUILDDIR>>/obj-x86_64-linux-gnu /<<PKGBUILDDIR>>/obj-x86_64-linux-gnu/CMakeFiles/_CuraEngine.dir/DependInfo.cmake --color=
Scanning dependencies of target _CuraEngine
make[3]: Leaving directory '/<<PKGBUILDDIR>>/obj-x86_64-linux-gnu'
make -f CMakeFiles/_CuraEngine.dir/build.make CMakeFiles/_CuraEngine.dir/build
make[3]: Entering directory '/<<PKGBUILDDIR>>/obj-x86_64-linux-gnu'
[  2%] Building CXX object CMakeFiles/_CuraEngine.dir/src/Application.cpp.o
[  2%] Building CXX object CMakeFiles/_CuraEngine.dir/src/ConicalOverhang.cpp.o
[  3%] Building CXX object CMakeFiles/_CuraEngine.dir/src/ExtruderTrain.cpp.o
[  3%] Building CXX object CMakeFiles/_CuraEngine.dir/src/bridge.cpp.o
/usr/bin/c++  -DARCUS -DBUILD_TESTS -DBUILD_TESTS=1 -DVERSION=\"4.5.0\" -I/usr/include/polyclipping -I/<<PKGBUILDDIR>>/obj-x86_64-linux-gnu  -g -O2 -fdebug-prefix-map=/<<PKGBUILDDIR>>=. -fstack-protector-strong -Wformat -Werror=format-security -Wdate-time -D_FORTIFY_SOURCE=2 -O3 -DNDEBUG -Wall -static-libstdc++ -fopenmp=libomp   -std=gnu++11 -o CMakeFiles/_CuraEngine.dir/src/Application.cpp.o -c /<<PKGBUILDDIR>>/src/Application.cpp
/usr/bin/c++  -DARCUS -DBUILD_TESTS -DBUILD_TESTS=1 -DVERSION=\"4.5.0\" -I/usr/include/polyclipping -I/<<PKGBUILDDIR>>/obj-x86_64-linux-gnu  -g -O2 -fdebug-prefix-map=/<<PKGBUILDDIR>>=. -fstack-protector-strong -Wformat -Werror=format-security -Wdate-time -D_FORTIFY_SOURCE=2 -O3 -DNDEBUG -Wall -static-libstdc++ -fopenmp=libomp   -std=gnu++11 -o CMakeFiles/_CuraEngine.dir/src/ConicalOverhang.cpp.o -c /<<PKGBUILDDIR>>/src/ConicalOverhang.cpp
/usr/bin/c++  -DARCUS -DBUILD_TESTS -DBUILD_TESTS=1 -DVERSION=\"4.5.0\" -I/usr/include/polyclipping -I/<<PKGBUILDDIR>>/obj-x86_64-linux-gnu  -g -O2 -fdebug-prefix-map=/<<PKGBUILDDIR>>=. -fstack-protector-strong -Wformat -Werror=format-security -Wdate-time -D_FORTIFY_SOURCE=2 -O3 -DNDEBUG -Wall -static-libstdc++ -fopenmp=libomp   -std=gnu++11 -o CMakeFiles/_CuraEngine.dir/src/bridge.cpp.o -c /<<PKGBUILDDIR>>/src/bridge.cpp
/usr/bin/c++  -DARCUS -DBUILD_TESTS -DBUILD_TESTS=1 -DVERSION=\"4.5.0\" -I/usr/include/polyclipping -I/<<PKGBUILDDIR>>/obj-x86_64-linux-gnu  -g -O2 -fdebug-prefix-map=/<<PKGBUILDDIR>>=. -fstack-protector-strong -Wformat -Werror=format-security -Wdate-time -D_FORTIFY_SOURCE=2 -O3 -DNDEBUG -Wall -static-libstdc++ -fopenmp=libomp   -std=gnu++11 -o CMakeFiles/_CuraEngine.dir/src/ExtruderTrain.cpp.o -c /<<PKGBUILDDIR>>/src/ExtruderTrain.cpp
clangclangclangclang: : : warning: warning: argument unused during compilation: '-static-libstdc++' [-Wunused-command-line-argument]warningargument unused during compilation: '-static-libstdc++' [-Wunused-command-line-argument]
: 
argument unused during compilation: '-static-libstdc++' [-Wunused-command-line-argument]
: warning: argument unused during compilation: '-static-libstdc++' [-Wunused-command-line-argument]
[  4%] Building CXX object CMakeFiles/_CuraEngine.dir/src/FffGcodeWriter.cpp.o
/usr/bin/c++  -DARCUS -DBUILD_TESTS -DBUILD_TESTS=1 -DVERSION=\"4.5.0\" -I/usr/include/polyclipping -I/<<PKGBUILDDIR>>/obj-x86_64-linux-gnu  -g -O2 -fdebug-prefix-map=/<<PKGBUILDDIR>>=. -fstack-protector-strong -Wformat -Werror=format-security -Wdate-time -D_FORTIFY_SOURCE=2 -O3 -DNDEBUG -Wall -static-libstdc++ -fopenmp=libomp   -std=gnu++11 -o CMakeFiles/_CuraEngine.dir/src/FffGcodeWriter.cpp.o -c /<<PKGBUILDDIR>>/src/FffGcodeWriter.cpp
clang: warning: argument unused during compilation: '-static-libstdc++' [-Wunused-command-line-argument]
In file included from /<<PKGBUILDDIR>>/src/bridge.cpp:5:
In file included from /<<PKGBUILDDIR>>/src/sliceDataStorage.h:8:
In file included from /<<PKGBUILDDIR>>/src/PrimeTower.h:10:
In file included from /<<PKGBUILDDIR>>/src/utils/polygonUtils.h:13:
/<<PKGBUILDDIR>>/src/utils/optional.h:171:20: warning: 'constexpr' non-static member function will not be implicitly 'const' in C++14; add 'const' to avoid a change in behavior [-Wconstexpr-not-const]
    constexpr bool operator==(const optional<U>& rhs)
                   ^
                                                      const
/<<PKGBUILDDIR>>/src/utils/optional.h:133:9: warning: use of this statement in a constexpr function is a C++14 extension [-Wc++14-extensions]
        assert(instance && "Instance should be instantiated!");
        ^
/usr/include/assert.h:50:24: note: expanded from macro 'assert'
# define assert(expr)           (__ASSERT_VOID_CAST (0))
                                ^
In file included from /<<PKGBUILDDIR>>/src/bridge.cpp:5:
In file included from /<<PKGBUILDDIR>>/src/sliceDataStorage.h:8:
In file included from /<<PKGBUILDDIR>>/src/PrimeTower.h:10:
In file included from /<<PKGBUILDDIR>>/src/utils/polygonUtils.h:13:
/<<PKGBUILDDIR>>/src/utils/optional.h:138:9: warning: use of this statement in a constexpr function is a C++14 extension [-Wc++14-extensions]
        assert(instance && "Instance should be instantiated!");
        ^
/usr/include/assert.h:50:24: note: expanded from macro 'assert'
# define assert(expr)           (__ASSERT_VOID_CAST (0))
                                ^
In file included from /<<PKGBUILDDIR>>/src/Application.cpp:9:
In file included from /<<PKGBUILDDIR>>/src/FffProcessor.h:7:
In file included from /<<PKGBUILDDIR>>/src/FffGcodeWriter.h:11:
In file included from /<<PKGBUILDDIR>>/src/settings/PathConfigStorage.h:9:
In file included from /<<PKGBUILDDIR>>/src/settings/../GCodePathConfig.h:8:
/<<PKGBUILDDIR>>/src/settings/types/Ratio.h:15:1: warning: 'Ratio' defined as a struct here but previously declared as a class; this is valid, but may result in linker errors under the Microsoft C++ ABI [-Wmismatched-tags]
struct Ratio
^
/<<PKGBUILDDIR>>/src/Preheat.h:16:1: note: did you mean struct here?
class Ratio;
^~~~~
struct
/<<PKGBUILDDIR>>/src/timeEstimate.h:18:1: note: did you mean struct here?
class Ratio;
^~~~~
struct
[  5%] Building CXX object CMakeFiles/_CuraEngine.dir/src/FffPolygonGenerator.cpp.o
/usr/bin/c++  -DARCUS -DBUILD_TESTS -DBUILD_TESTS=1 -DVERSION=\"4.5.0\" -I/usr/include/polyclipping -I/<<PKGBUILDDIR>>/obj-x86_64-linux-gnu  -g -O2 -fdebug-prefix-map=/<<PKGBUILDDIR>>=. -fstack-protector-strong -Wformat -Werror=format-security -Wdate-time -D_FORTIFY_SOURCE=2 -O3 -DNDEBUG -Wall -static-libstdc++ -fopenmp=libomp   -std=gnu++11 -o CMakeFiles/_CuraEngine.dir/src/FffPolygonGenerator.cpp.o -c /<<PKGBUILDDIR>>/src/FffPolygonGenerator.cpp
clang: warning: argument unused during compilation: '-static-libstdc++' [-Wunused-command-line-argument]
In file included from /<<PKGBUILDDIR>>/src/FffGcodeWriter.cpp:10:
In file included from /<<PKGBUILDDIR>>/src/FffGcodeWriter.h:11:
In file included from /<<PKGBUILDDIR>>/src/settings/PathConfigStorage.h:9:
In file included from /<<PKGBUILDDIR>>/src/settings/../GCodePathConfig.h:8:
/<<PKGBUILDDIR>>/src/settings/types/Ratio.h:15:1: warning: 'Ratio' defined as a struct here but previously declared as a class; this is valid, but may result in linker errors under the Microsoft C++ ABI [-Wmismatched-tags]
struct Ratio
^
/<<PKGBUILDDIR>>/src/Preheat.h:16:1: note: did you mean struct here?
class Ratio;
^~~~~
struct
/<<PKGBUILDDIR>>/src/timeEstimate.h:18:1: note: did you mean struct here?
class Ratio;
^~~~~
struct
In file included from /<<PKGBUILDDIR>>/src/FffGcodeWriter.cpp:12:
In file included from /<<PKGBUILDDIR>>/src/GcodeLayerThreader.h:11:
/<<PKGBUILDDIR>>/src/utils/optional.h:171:20: warning: 'constexpr' non-static member function will not be implicitly 'const' in C++14; add 'const' to avoid a change in behavior [-Wconstexpr-not-const]
    constexpr bool operator==(const optional<U>& rhs)
                   ^
                                                      const
/<<PKGBUILDDIR>>/src/utils/optional.h:133:9: warning: use of this statement in a constexpr function is a C++14 extension [-Wc++14-extensions]
        assert(instance && "Instance should be instantiated!");
        ^
/usr/include/assert.h:50:24: note: expanded from macro 'assert'
# define assert(expr)           (__ASSERT_VOID_CAST (0))
                                ^
In file included from /<<PKGBUILDDIR>>/src/FffGcodeWriter.cpp:12:
In file included from /<<PKGBUILDDIR>>/src/GcodeLayerThreader.h:11:
/<<PKGBUILDDIR>>/src/utils/optional.h:138:9: warning: use of this statement in a constexpr function is a C++14 extension [-Wc++14-extensions]
        assert(instance && "Instance should be instantiated!");
        ^
/usr/include/assert.h:50:24: note: expanded from macro 'assert'
# define assert(expr)           (__ASSERT_VOID_CAST (0))
                                ^
In file included from /<<PKGBUILDDIR>>/src/FffGcodeWriter.cpp:13:
In file included from /<<PKGBUILDDIR>>/src/infill.h:7:
In file included from /<<PKGBUILDDIR>>/src/infill/ZigzagConnectorProcessor.h:7:
In file included from /<<PKGBUILDDIR>>/src/infill/../utils/polygon.h:20:
/<<PKGBUILDDIR>>/src/utils/../settings/types/AngleDegrees.h:19:1: warning: 'AngleDegrees' defined as a struct here but previously declared as a class; this is valid, but may result in linker errors under the Microsoft C++ ABI [-Wmismatched-tags]
struct AngleDegrees
^
/<<PKGBUILDDIR>>/src/FffGcodeWriter.h:22:1: note: did you mean struct here?
class AngleDegrees;
^~~~~
struct
3 warnings generated.
[  5%] Building CXX object CMakeFiles/_CuraEngine.dir/src/FffProcessor.cpp.o
/usr/bin/c++  -DARCUS -DBUILD_TESTS -DBUILD_TESTS=1 -DVERSION=\"4.5.0\" -I/usr/include/polyclipping -I/<<PKGBUILDDIR>>/obj-x86_64-linux-gnu  -g -O2 -fdebug-prefix-map=/<<PKGBUILDDIR>>=. -fstack-protector-strong -Wformat -Werror=format-security -Wdate-time -D_FORTIFY_SOURCE=2 -O3 -DNDEBUG -Wall -static-libstdc++ -fopenmp=libomp   -std=gnu++11 -o CMakeFiles/_CuraEngine.dir/src/FffProcessor.cpp.o -c /<<PKGBUILDDIR>>/src/FffProcessor.cpp
1 warning generated.
[  6%] Building CXX object CMakeFiles/_CuraEngine.dir/src/gcodeExport.cpp.o
/usr/bin/c++  -DARCUS -DBUILD_TESTS -DBUILD_TESTS=1 -DVERSION=\"4.5.0\" -I/usr/include/polyclipping -I/<<PKGBUILDDIR>>/obj-x86_64-linux-gnu  -g -O2 -fdebug-prefix-map=/<<PKGBUILDDIR>>=. -fstack-protector-strong -Wformat -Werror=format-security -Wdate-time -D_FORTIFY_SOURCE=2 -O3 -DNDEBUG -Wall -static-libstdc++ -fopenmp=libomp   -std=gnu++11 -o CMakeFiles/_CuraEngine.dir/src/gcodeExport.cpp.o -c /<<PKGBUILDDIR>>/src/gcodeExport.cpp
clang: warning: argument unused during compilation: '-static-libstdc++' [-Wunused-command-line-argument]
clang: warning: argument unused during compilation: '-static-libstdc++' [-Wunused-command-line-argument]
In file included from /<<PKGBUILDDIR>>/src/FffPolygonGenerator.cpp:26:
In file included from /<<PKGBUILDDIR>>/src/sliceDataStorage.h:8:
In file included from /<<PKGBUILDDIR>>/src/PrimeTower.h:10:
In file included from /<<PKGBUILDDIR>>/src/utils/polygonUtils.h:13:
/<<PKGBUILDDIR>>/src/utils/optional.h:171:20: warning: 'constexpr' non-static member function will not be implicitly 'const' in C++14; add 'const' to avoid a change in behavior [-Wconstexpr-not-const]
    constexpr bool operator==(const optional<U>& rhs)
                   ^
                                                      const
/<<PKGBUILDDIR>>/src/utils/optional.h:133:9: warning: use of this statement in a constexpr function is a C++14 extension [-Wc++14-extensions]
        assert(instance && "Instance should be instantiated!");
        ^
/usr/include/assert.h:50:24: note: expanded from macro 'assert'
# define assert(expr)           (__ASSERT_VOID_CAST (0))
                                ^
In file included from /<<PKGBUILDDIR>>/src/FffPolygonGenerator.cpp:26:
In file included from /<<PKGBUILDDIR>>/src/sliceDataStorage.h:8:
In file included from /<<PKGBUILDDIR>>/src/PrimeTower.h:10:
In file included from /<<PKGBUILDDIR>>/src/utils/polygonUtils.h:13:
/<<PKGBUILDDIR>>/src/utils/optional.h:138:9: warning: use of this statement in a constexpr function is a C++14 extension [-Wc++14-extensions]
        assert(instance && "Instance should be instantiated!");
        ^
/usr/include/assert.h:50:24: note: expanded from macro 'assert'
# define assert(expr)           (__ASSERT_VOID_CAST (0))
                                ^
In file included from /<<PKGBUILDDIR>>/src/FffProcessor.cpp:4:
In file included from /<<PKGBUILDDIR>>/src/FffProcessor.h:7:
In file included from /<<PKGBUILDDIR>>/src/FffGcodeWriter.h:11:
In file included from /<<PKGBUILDDIR>>/src/settings/PathConfigStorage.h:9:
In file included from /<<PKGBUILDDIR>>/src/settings/../GCodePathConfig.h:8:
/<<PKGBUILDDIR>>/src/settings/types/Ratio.h:15:1: warning: 'Ratio' defined as a struct here but previously declared as a class; this is valid, but may result in linker errors under the Microsoft C++ ABI [-Wmismatched-tags]
struct Ratio
^
/<<PKGBUILDDIR>>/src/Preheat.h:16:1: note: did you mean struct here?
class Ratio;
^~~~~
struct
/<<PKGBUILDDIR>>/src/timeEstimate.h:18:1: note: did you mean struct here?
class Ratio;
^~~~~
struct
1 warning generated.
[  6%] Building CXX object CMakeFiles/_CuraEngine.dir/src/GCodePathConfig.cpp.o
/usr/bin/c++  -DARCUS -DBUILD_TESTS -DBUILD_TESTS=1 -DVERSION=\"4.5.0\" -I/usr/include/polyclipping -I/<<PKGBUILDDIR>>/obj-x86_64-linux-gnu  -g -O2 -fdebug-prefix-map=/<<PKGBUILDDIR>>=. -fstack-protector-strong -Wformat -Werror=format-security -Wdate-time -D_FORTIFY_SOURCE=2 -O3 -DNDEBUG -Wall -static-libstdc++ -fopenmp=libomp   -std=gnu++11 -o CMakeFiles/_CuraEngine.dir/src/GCodePathConfig.cpp.o -c /<<PKGBUILDDIR>>/src/GCodePathConfig.cpp
clang: warning: argument unused during compilation: '-static-libstdc++' [-Wunused-command-line-argument]
[  7%] Building CXX object CMakeFiles/_CuraEngine.dir/src/infill.cpp.o
/usr/bin/c++  -DARCUS -DBUILD_TESTS -DBUILD_TESTS=1 -DVERSION=\"4.5.0\" -I/usr/include/polyclipping -I/<<PKGBUILDDIR>>/obj-x86_64-linux-gnu  -g -O2 -fdebug-prefix-map=/<<PKGBUILDDIR>>=. -fstack-protector-strong -Wformat -Werror=format-security -Wdate-time -D_FORTIFY_SOURCE=2 -O3 -DNDEBUG -Wall -static-libstdc++ -fopenmp=libomp   -std=gnu++11 -o CMakeFiles/_CuraEngine.dir/src/infill.cpp.o -c /<<PKGBUILDDIR>>/src/infill.cpp
clang: warning: argument unused during compilation: '-static-libstdc++' [-Wunused-command-line-argument]
In file included from /<<PKGBUILDDIR>>/src/infill.cpp:9:
In file included from /<<PKGBUILDDIR>>/src/sliceDataStorage.h:8:
In file included from /<<PKGBUILDDIR>>/src/PrimeTower.h:10:
In file included from /<<PKGBUILDDIR>>/src/utils/polygonUtils.h:13:
/<<PKGBUILDDIR>>/src/infill/../utils/optional.h:171:20: warning: 'constexpr' non-static member function will not be implicitly 'const' in C++14; add 'const' to avoid a change in behavior [-Wconstexpr-not-const]
    constexpr bool operator==(const optional<U>& rhs)
                   ^
                                                      const
/<<PKGBUILDDIR>>/src/infill/../utils/optional.h:133:9: warning: use of this statement in a constexpr function is a C++14 extension [-Wc++14-extensions]
        assert(instance && "Instance should be instantiated!");
        ^
/usr/include/assert.h:50:24: note: expanded from macro 'assert'
# define assert(expr)           (__ASSERT_VOID_CAST (0))
                                ^
In file included from /<<PKGBUILDDIR>>/src/infill.cpp:9:
In file included from /<<PKGBUILDDIR>>/src/sliceDataStorage.h:8:
In file included from /<<PKGBUILDDIR>>/src/PrimeTower.h:10:
In file included from /<<PKGBUILDDIR>>/src/utils/polygonUtils.h:13:
/<<PKGBUILDDIR>>/src/infill/../utils/optional.h:138:9: warning: use of this statement in a constexpr function is a C++14 extension [-Wc++14-extensions]
        assert(instance && "Instance should be instantiated!");
        ^
/usr/include/assert.h:50:24: note: expanded from macro 'assert'
# define assert(expr)           (__ASSERT_VOID_CAST (0))
                                ^
[  8%] Building CXX object CMakeFiles/_CuraEngine.dir/src/InsetOrderOptimizer.cpp.o
/usr/bin/c++  -DARCUS -DBUILD_TESTS -DBUILD_TESTS=1 -DVERSION=\"4.5.0\" -I/usr/include/polyclipping -I/<<PKGBUILDDIR>>/obj-x86_64-linux-gnu  -g -O2 -fdebug-prefix-map=/<<PKGBUILDDIR>>=. -fstack-protector-strong -Wformat -Werror=format-security -Wdate-time -D_FORTIFY_SOURCE=2 -O3 -DNDEBUG -Wall -static-libstdc++ -fopenmp=libomp   -std=gnu++11 -o CMakeFiles/_CuraEngine.dir/src/InsetOrderOptimizer.cpp.o -c /<<PKGBUILDDIR>>/src/InsetOrderOptimizer.cpp
clang: warning: argument unused during compilation: '-static-libstdc++' [-Wunused-command-line-argument]
In file included from /<<PKGBUILDDIR>>/src/InsetOrderOptimizer.cpp:5:
In file included from /<<PKGBUILDDIR>>/src/FffGcodeWriter.h:11:
In file included from /<<PKGBUILDDIR>>/src/settings/PathConfigStorage.h:9:
In file included from /<<PKGBUILDDIR>>/src/settings/../GCodePathConfig.h:8:
/<<PKGBUILDDIR>>/src/settings/types/Ratio.h:15:1: warning: 'Ratio' defined as a struct here but previously declared as a class; this is valid, but may result in linker errors under the Microsoft C++ ABI [-Wmismatched-tags]
struct Ratio
^
/<<PKGBUILDDIR>>/src/Preheat.h:16:1: note: did you mean struct here?
class Ratio;
^~~~~
struct
/<<PKGBUILDDIR>>/src/timeEstimate.h:18:1: note: did you mean struct here?
class Ratio;
^~~~~
struct
In file included from /<<PKGBUILDDIR>>/src/InsetOrderOptimizer.cpp:6:
In file included from /<<PKGBUILDDIR>>/src/InsetOrderOptimizer.h:7:
In file included from /<<PKGBUILDDIR>>/src/pathOrderOptimizer.h:9:
In file included from /<<PKGBUILDDIR>>/src/utils/polygon.h:20:
/<<PKGBUILDDIR>>/src/utils/../settings/types/AngleDegrees.h:19:1: warning: 'AngleDegrees' defined as a struct here but previously declared as a class; this is valid, but may result in linker errors under the Microsoft C++ ABI [-Wmismatched-tags]
struct AngleDegrees
^
/<<PKGBUILDDIR>>/src/FffGcodeWriter.h:22:1: note: did you mean struct here?
class AngleDegrees;
^~~~~
struct
In file included from /<<PKGBUILDDIR>>/src/InsetOrderOptimizer.cpp:6:
In file included from /<<PKGBUILDDIR>>/src/InsetOrderOptimizer.h:7:
In file included from /<<PKGBUILDDIR>>/src/pathOrderOptimizer.h:10:
In file included from /<<PKGBUILDDIR>>/src/utils/polygonUtils.h:13:
/<<PKGBUILDDIR>>/src/utils/optional.h:171:20: warning: 'constexpr' non-static member function will not be implicitly 'const' in C++14; add 'const' to avoid a change in behavior [-Wconstexpr-not-const]
    constexpr bool operator==(const optional<U>& rhs)
                   ^
                                                      const
/<<PKGBUILDDIR>>/src/utils/optional.h:133:9: warning: use of this statement in a constexpr function is a C++14 extension [-Wc++14-extensions]
        assert(instance && "Instance should be instantiated!");
        ^
/usr/include/assert.h:50:24: note: expanded from macro 'assert'
# define assert(expr)           (__ASSERT_VOID_CAST (0))
                                ^
In file included from /<<PKGBUILDDIR>>/src/InsetOrderOptimizer.cpp:6:
In file included from /<<PKGBUILDDIR>>/src/InsetOrderOptimizer.h:7:
In file included from /<<PKGBUILDDIR>>/src/pathOrderOptimizer.h:10:
In file included from /<<PKGBUILDDIR>>/src/utils/polygonUtils.h:13:
/<<PKGBUILDDIR>>/src/utils/optional.h:138:9: warning: use of this statement in a constexpr function is a C++14 extension [-Wc++14-extensions]
        assert(instance && "Instance should be instantiated!");
        ^
/usr/include/assert.h:50:24: note: expanded from macro 'assert'
# define assert(expr)           (__ASSERT_VOID_CAST (0))
                                ^
5 warnings generated.
[  8%] Building CXX object CMakeFiles/_CuraEngine.dir/src/layerPart.cpp.o
/usr/bin/c++  -DARCUS -DBUILD_TESTS -DBUILD_TESTS=1 -DVERSION=\"4.5.0\" -I/usr/include/polyclipping -I/<<PKGBUILDDIR>>/obj-x86_64-linux-gnu  -g -O2 -fdebug-prefix-map=/<<PKGBUILDDIR>>=. -fstack-protector-strong -Wformat -Werror=format-security -Wdate-time -D_FORTIFY_SOURCE=2 -O3 -DNDEBUG -Wall -static-libstdc++ -fopenmp=libomp   -std=gnu++11 -o CMakeFiles/_CuraEngine.dir/src/layerPart.cpp.o -c /<<PKGBUILDDIR>>/src/layerPart.cpp
clang: warning: argument unused during compilation: '-static-libstdc++' [-Wunused-command-line-argument]
3 warnings generated.
[  9%] Building CXX object CMakeFiles/_CuraEngine.dir/src/LayerPlan.cpp.o
/usr/bin/c++  -DARCUS -DBUILD_TESTS -DBUILD_TESTS=1 -DVERSION=\"4.5.0\" -I/usr/include/polyclipping -I/<<PKGBUILDDIR>>/obj-x86_64-linux-gnu  -g -O2 -fdebug-prefix-map=/<<PKGBUILDDIR>>=. -fstack-protector-strong -Wformat -Werror=format-security -Wdate-time -D_FORTIFY_SOURCE=2 -O3 -DNDEBUG -Wall -static-libstdc++ -fopenmp=libomp   -std=gnu++11 -o CMakeFiles/_CuraEngine.dir/src/LayerPlan.cpp.o -c /<<PKGBUILDDIR>>/src/LayerPlan.cpp
clang: warning: argument unused during compilation: '-static-libstdc++' [-Wunused-command-line-argument]
3 warnings generated.
[ 10%] Building CXX object CMakeFiles/_CuraEngine.dir/src/LayerPlanBuffer.cpp.o
/usr/bin/c++  -DARCUS -DBUILD_TESTS -DBUILD_TESTS=1 -DVERSION=\"4.5.0\" -I/usr/include/polyclipping -I/<<PKGBUILDDIR>>/obj-x86_64-linux-gnu  -g -O2 -fdebug-prefix-map=/<<PKGBUILDDIR>>=. -fstack-protector-strong -Wformat -Werror=format-security -Wdate-time -D_FORTIFY_SOURCE=2 -O3 -DNDEBUG -Wall -static-libstdc++ -fopenmp=libomp   -std=gnu++11 -o CMakeFiles/_CuraEngine.dir/src/LayerPlanBuffer.cpp.o -c /<<PKGBUILDDIR>>/src/LayerPlanBuffer.cpp
clang: warning: argument unused during compilation: '-static-libstdc++' [-Wunused-command-line-argument]
In file included from /<<PKGBUILDDIR>>/src/layerPart.cpp:5:
In file included from /<<PKGBUILDDIR>>/src/sliceDataStorage.h:8:
In file included from /<<PKGBUILDDIR>>/src/PrimeTower.h:10:
In file included from /<<PKGBUILDDIR>>/src/utils/polygonUtils.h:13:
/<<PKGBUILDDIR>>/src/utils/optional.h:171:20: warning: 'constexpr' non-static member function will not be implicitly 'const' in C++14; add 'const' to avoid a change in behavior [-Wconstexpr-not-const]
    constexpr bool operator==(const optional<U>& rhs)
                   ^
                                                      const
/<<PKGBUILDDIR>>/src/utils/optional.h:133:9: warning: use of this statement in a constexpr function is a C++14 extension [-Wc++14-extensions]
        assert(instance && "Instance should be instantiated!");
        ^
/usr/include/assert.h:50:24: note: expanded from macro 'assert'
# define assert(expr)           (__ASSERT_VOID_CAST (0))
                                ^
In file included from /<<PKGBUILDDIR>>/src/layerPart.cpp:5:
In file included from /<<PKGBUILDDIR>>/src/sliceDataStorage.h:8:
In file included from /<<PKGBUILDDIR>>/src/PrimeTower.h:10:
In file included from /<<PKGBUILDDIR>>/src/utils/polygonUtils.h:13:
/<<PKGBUILDDIR>>/src/utils/optional.h:138:9: warning: use of this statement in a constexpr function is a C++14 extension [-Wc++14-extensions]
        assert(instance && "Instance should be instantiated!");
        ^
/usr/include/assert.h:50:24: note: expanded from macro 'assert'
# define assert(expr)           (__ASSERT_VOID_CAST (0))
                                ^
/<<PKGBUILDDIR>>/src/layerPart.cpp:77:56: error: variable 'total_layers' must have explicitly specified data sharing attributes
    for (int layer_nr = 0; layer_nr < static_cast<int>(total_layers); layer_nr++)
                                                       ^~~~~~~~~~~~
/<<PKGBUILDDIR>>/src/layerPart.cpp:72:38: note: explicit data sharing attribute requested here
    #pragma omp parallel for default(none) shared(mesh, slicer) schedule(dynamic)
                                     ^
3 warnings and 1 error generated.
make[3]: *** [CMakeFiles/_CuraEngine.dir/build.make:217: CMakeFiles/_CuraEngine.dir/src/layerPart.cpp.o] Error 1
make[3]: *** Waiting for unfinished jobs....
In file included from /<<PKGBUILDDIR>>/src/LayerPlan.cpp:8:
In file included from /<<PKGBUILDDIR>>/src/LayerPlan.h:11:
In file included from /<<PKGBUILDDIR>>/src/pathOrderOptimizer.h:10:
In file included from /<<PKGBUILDDIR>>/src/utils/polygonUtils.h:13:
/<<PKGBUILDDIR>>/src/utils/optional.h:171:20: warning: 'constexpr' non-static member function will not be implicitly 'const' in C++14; add 'const' to avoid a change in behavior [-Wconstexpr-not-const]
    constexpr bool operator==(const optional<U>& rhs)
                   ^
                                                      const
/<<PKGBUILDDIR>>/src/utils/optional.h:133:9: warning: use of this statement in a constexpr function is a C++14 extension [-Wc++14-extensions]
        assert(instance && "Instance should be instantiated!");
        ^
/usr/include/assert.h:50:24: note: expanded from macro 'assert'
# define assert(expr)           (__ASSERT_VOID_CAST (0))
                                ^
In file included from /<<PKGBUILDDIR>>/src/LayerPlan.cpp:8:
In file included from /<<PKGBUILDDIR>>/src/LayerPlan.h:11:
In file included from /<<PKGBUILDDIR>>/src/pathOrderOptimizer.h:10:
In file included from /<<PKGBUILDDIR>>/src/utils/polygonUtils.h:13:
/<<PKGBUILDDIR>>/src/utils/optional.h:138:9: warning: use of this statement in a constexpr function is a C++14 extension [-Wc++14-extensions]
        assert(instance && "Instance should be instantiated!");
        ^
/usr/include/assert.h:50:24: note: expanded from macro 'assert'
# define assert(expr)           (__ASSERT_VOID_CAST (0))
                                ^
In file included from /<<PKGBUILDDIR>>/src/LayerPlan.cpp:8:
In file included from /<<PKGBUILDDIR>>/src/LayerPlan.h:13:
In file included from /<<PKGBUILDDIR>>/src/pathPlanning/GCodePath.h:8:
/<<PKGBUILDDIR>>/src/pathPlanning/../settings/types/Ratio.h:15:1: warning: 'Ratio' defined as a struct here but previously declared as a class; this is valid, but may result in linker errors under the Microsoft C++ ABI [-Wmismatched-tags]
struct Ratio
^
/<<PKGBUILDDIR>>/src/timeEstimate.h:18:1: note: did you mean struct here?
class Ratio;
^~~~~
struct
In file included from /<<PKGBUILDDIR>>/src/LayerPlanBuffer.cpp:6:
In file included from /<<PKGBUILDDIR>>/src/FffProcessor.h:7:
In file included from /<<PKGBUILDDIR>>/src/FffGcodeWriter.h:11:
In file included from /<<PKGBUILDDIR>>/src/settings/PathConfigStorage.h:9:
In file included from /<<PKGBUILDDIR>>/src/settings/../GCodePathConfig.h:8:
/<<PKGBUILDDIR>>/src/settings/types/Ratio.h:15:1: warning: 'Ratio' defined as a struct here but previously declared as a class; this is valid, but may result in linker errors under the Microsoft C++ ABI [-Wmismatched-tags]
struct Ratio
^
/<<PKGBUILDDIR>>/src/Preheat.h:16:1: note: did you mean struct here?
class Ratio;
^~~~~
struct
/<<PKGBUILDDIR>>/src/timeEstimate.h:18:1: note: did you mean struct here?
class Ratio;
^~~~~
struct
In file included from /<<PKGBUILDDIR>>/src/LayerPlanBuffer.cpp:8:
In file included from /<<PKGBUILDDIR>>/src/LayerPlan.h:11:
In file included from /<<PKGBUILDDIR>>/src/pathOrderOptimizer.h:9:
In file included from /<<PKGBUILDDIR>>/src/utils/polygon.h:20:
/<<PKGBUILDDIR>>/src/utils/../settings/types/AngleDegrees.h:19:1: warning: 'AngleDegrees' defined as a struct here but previously declared as a class; this is valid, but may result in linker errors under the Microsoft C++ ABI [-Wmismatched-tags]
struct AngleDegrees
^
/<<PKGBUILDDIR>>/src/FffGcodeWriter.h:22:1: note: did you mean struct here?
class AngleDegrees;
^~~~~
struct
In file included from /<<PKGBUILDDIR>>/src/LayerPlan.cpp:16:
In file included from /<<PKGBUILDDIR>>/src/pathPlanning/CombPaths.h:5:
/<<PKGBUILDDIR>>/src/pathPlanning/CombPath.h:12:1: warning: 'CombPath' defined as a struct here but previously declared as a class; this is valid, but may result in linker errors under the Microsoft C++ ABI [-Wmismatched-tags]
struct CombPath : public  std::vector<Point> //!< A single path either inside or outise the parts
^
/<<PKGBUILDDIR>>/src/pathPlanning/Comb.h:19:1: note: did you mean struct here?
class CombPath;
^~~~~
struct
In file included from /<<PKGBUILDDIR>>/src/LayerPlan.cpp:16:
/<<PKGBUILDDIR>>/src/pathPlanning/CombPaths.h:10:1: warning: 'CombPaths' defined as a struct here but previously declared as a class; this is valid, but may result in linker errors under the Microsoft C++ ABI [-Wmismatched-tags]
struct CombPaths : public  std::vector<CombPath> //!< A list of paths alternating between inside a part and outside a part
^
/<<PKGBUILDDIR>>/src/pathPlanning/Comb.h:20:1: note: did you mean struct here?
class CombPaths;
^~~~~
struct
In file included from /<<PKGBUILDDIR>>/src/LayerPlanBuffer.cpp:8:
In file included from /<<PKGBUILDDIR>>/src/LayerPlan.h:11:
In file included from /<<PKGBUILDDIR>>/src/pathOrderOptimizer.h:10:
In file included from /<<PKGBUILDDIR>>/src/utils/polygonUtils.h:13:
/<<PKGBUILDDIR>>/src/utils/optional.h:171:20: warning: 'constexpr' non-static member function will not be implicitly 'const' in C++14; add 'const' to avoid a change in behavior [-Wconstexpr-not-const]
    constexpr bool operator==(const optional<U>& rhs)
                   ^
                                                      const
/<<PKGBUILDDIR>>/src/utils/optional.h:133:9: warning: use of this statement in a constexpr function is a C++14 extension [-Wc++14-extensions]
        assert(instance && "Instance should be instantiated!");
        ^
/usr/include/assert.h:50:24: note: expanded from macro 'assert'
# define assert(expr)           (__ASSERT_VOID_CAST (0))
                                ^
In file included from /<<PKGBUILDDIR>>/src/LayerPlanBuffer.cpp:8:
In file included from /<<PKGBUILDDIR>>/src/LayerPlan.h:11:
In file included from /<<PKGBUILDDIR>>/src/pathOrderOptimizer.h:10:
In file included from /<<PKGBUILDDIR>>/src/utils/polygonUtils.h:13:
/<<PKGBUILDDIR>>/src/utils/optional.h:138:9: warning: use of this statement in a constexpr function is a C++14 extension [-Wc++14-extensions]
        assert(instance && "Instance should be instantiated!");
        ^
/usr/include/assert.h:50:24: note: expanded from macro 'assert'
# define assert(expr)           (__ASSERT_VOID_CAST (0))
                                ^
5 warnings generated.
5 warnings generated.
6 warnings generated.
make[3]: Leaving directory '/<<PKGBUILDDIR>>/obj-x86_64-linux-gnu'
make[2]: *** [CMakeFiles/Makefile2:285: CMakeFiles/_CuraEngine.dir/all] Error 2
make[2]: Leaving directory '/<<PKGBUILDDIR>>/obj-x86_64-linux-gnu'
make[1]: *** [Makefile:166: all] Error 2
make[1]: Leaving directory '/<<PKGBUILDDIR>>/obj-x86_64-linux-gnu'
dh_auto_build: error: cd obj-x86_64-linux-gnu && make -j4 returned exit code 2
make: *** [debian/rules:11: build] Error 25
dpkg-buildpackage: error: debian/rules build subprocess returned exit status 2
--------------------------------------------------------------------------------
Build finished at 2020-05-03T04:37:13Z

Finished
--------


+------------------------------------------------------------------------------+
| Cleanup                                                                      |
+------------------------------------------------------------------------------+

Purging /<<BUILDDIR>>
Not cleaning session: cloned chroot in use
E: Build failure (dpkg-buildpackage died)

+------------------------------------------------------------------------------+
| Summary                                                                      |
+------------------------------------------------------------------------------+

Build Architecture: amd64
Build Type: binary
Build-Space: 32560
Build-Time: 16
Distribution: unstable
Fail-Stage: build
Host Architecture: amd64
Install-Time: 9
Job: cura-engine_1:4.5.0-2
Machine Architecture: amd64
Package: cura-engine
Package-Time: 41
Source-Version: 1:4.5.0-2
Space: 32560
Status: attempted
Version: 1:4.5.0-2
--------------------------------------------------------------------------------
Finished at 2020-05-03T04:37:13Z
Build needed 00:00:41, 32560k disk space
E: Build failure (dpkg-buildpackage died)
DC-Status: Failed 41.713105569s
DC-Time-Estimation: 41.713105569 versus expected 203 (r/m: 3.8665760372170386 ; m: 41.713105569)
