DC-Build-Header: eris 1.3.23-7 / 2020-05-03 04:48:47 +0000
DC-Task: type:rebuild-binarch-only source:eris version:1.3.23-7 chroot:unstable esttime:147 logfile:/tmp/eris_1.3.23-7_unstable_clang10.log modes:clang10:binarch-only
DC-Sbuild-call: su user42 -c 'sbuild -n --arch-any --apt-update -d unstable -v --no-run-lintian --chroot-setup-commands=/tmp/clang10 eris_1.3.23-7'
sbuild (Debian sbuild) 0.78.1 (09 February 2019) on ip-172-31-4-54.eu-central-1.compute.internal

+==============================================================================+
| eris 1.3.23-7 (amd64)                        Sun, 03 May 2020 04:48:47 +0000 |
+==============================================================================+

Package: eris
Version: 1.3.23-7
Source Version: 1.3.23-7
Distribution: unstable
Machine Architecture: amd64
Host Architecture: amd64
Build Architecture: amd64
Build Type: binary

I: NOTICE: Log filtering will replace 'var/run/schroot/mount/sid-amd64-sbuild-1344eb38-a714-4c4b-bf4c-cf6b9367b569' with '<<CHROOT>>'

+------------------------------------------------------------------------------+
| Chroot Setup Commands                                                        |
+------------------------------------------------------------------------------+


/tmp/clang10
------------

+ echo 'Entering customization script...'
Entering customization script...
+ CLANG_VERSION=10
+ echo 'Install of clang-10'
Install of clang-10
+ apt-get update
Get:1 http://127.0.0.1:12990/debian sid InRelease [146 kB]
Get:2 http://127.0.0.1:12990/debian sid/main Sources.diff/Index [27.9 kB]
Get:3 http://127.0.0.1:12990/debian sid/main amd64 Packages.diff/Index [27.9 kB]
Get:4 http://127.0.0.1:12990/debian sid/main Sources 2020-05-02-0208.16.pdiff [3982 B]
Get:5 http://127.0.0.1:12990/debian sid/main Sources 2020-05-02-0807.49.pdiff [10.9 kB]
Get:6 http://127.0.0.1:12990/debian sid/main Sources 2020-05-02-1412.30.pdiff [12.9 kB]
Get:7 http://127.0.0.1:12990/debian sid/main Sources 2020-05-02-2007.10.pdiff [13.4 kB]
Get:8 http://127.0.0.1:12990/debian sid/main Sources 2020-05-03-0208.39.pdiff [9476 B]
Get:8 http://127.0.0.1:12990/debian sid/main Sources 2020-05-03-0208.39.pdiff [9476 B]
Get:9 http://127.0.0.1:12990/debian sid/main amd64 Packages 2020-05-02-0208.16.pdiff [2772 B]
Get:10 http://127.0.0.1:12990/debian sid/main amd64 Packages 2020-05-02-0807.49.pdiff [3238 B]
Get:11 http://127.0.0.1:12990/debian sid/main amd64 Packages 2020-05-02-1412.30.pdiff [7641 B]
Get:12 http://127.0.0.1:12990/debian sid/main amd64 Packages 2020-05-02-2007.10.pdiff [10.5 kB]
Get:13 http://127.0.0.1:12990/debian sid/main amd64 Packages 2020-05-03-0208.39.pdiff [18.4 kB]
Get:13 http://127.0.0.1:12990/debian sid/main amd64 Packages 2020-05-03-0208.39.pdiff [18.4 kB]
Get:14 http://127.0.0.1:12990/debian sid/main Translation-en [6185 kB]
Fetched 6480 kB in 2s (3943 kB/s)
Reading package lists...
+ apt-get install --yes --no-install-recommends --force-yes clang-10 libomp-10-dev libobjc-9-dev
Reading package lists...
Building dependency tree...
The following additional packages will be installed:
  gcc-10-base lib32gcc-s1 lib32gcc1 lib32stdc++6 libatomic1 libbsd0 libc6-i386
  libcc1-0 libclang-common-10-dev libclang-cpp10 libclang1-10 libedit2
  libgc1c2 libgcc-s1 libgomp1 libitm1 libllvm10 liblsan0 libobjc4 libomp5-10
  libquadmath0 libstdc++6 libtsan0 libubsan1 libz3-4
Suggested packages:
  clang-10-doc libomp-10-doc
Recommended packages:
  llvm-10-dev python3
The following NEW packages will be installed:
  clang-10 lib32gcc-s1 lib32gcc1 lib32stdc++6 libbsd0 libc6-i386
  libclang-common-10-dev libclang-cpp10 libclang1-10 libedit2 libgc1c2
  libllvm10 libobjc-9-dev libobjc4 libomp-10-dev libomp5-10 libz3-4
The following packages will be upgraded:
  gcc-10-base libatomic1 libcc1-0 libgcc-s1 libgomp1 libitm1 liblsan0
  libquadmath0 libstdc++6 libtsan0 libubsan1
11 upgraded, 17 newly installed, 0 to remove and 0 not upgraded.
Need to get 51.4 MB of archives.
After this operation, 259 MB of additional disk space will be used.
Get:1 http://127.0.0.1:12990/debian sid/main amd64 libatomic1 amd64 10-20200502-1 [9048 B]
Get:2 http://127.0.0.1:12990/debian sid/main amd64 libubsan1 amd64 10-20200502-1 [134 kB]
Get:3 http://127.0.0.1:12990/debian sid/main amd64 libtsan0 amd64 10-20200502-1 [313 kB]
Get:4 http://127.0.0.1:12990/debian sid/main amd64 gcc-10-base amd64 10-20200502-1 [197 kB]
Get:5 http://127.0.0.1:12990/debian sid/main amd64 libstdc++6 amd64 10-20200502-1 [492 kB]
Get:6 http://127.0.0.1:12990/debian sid/main amd64 libquadmath0 amd64 10-20200502-1 [145 kB]
Get:7 http://127.0.0.1:12990/debian sid/main amd64 liblsan0 amd64 10-20200502-1 [141 kB]
Get:8 http://127.0.0.1:12990/debian sid/main amd64 libitm1 amd64 10-20200502-1 [25.7 kB]
Get:9 http://127.0.0.1:12990/debian sid/main amd64 libgomp1 amd64 10-20200502-1 [99.3 kB]
Get:10 http://127.0.0.1:12990/debian sid/main amd64 libcc1-0 amd64 10-20200502-1 [39.7 kB]
Get:11 http://127.0.0.1:12990/debian sid/main amd64 libgcc-s1 amd64 10-20200502-1 [41.2 kB]
Get:12 http://127.0.0.1:12990/debian sid/main amd64 libbsd0 amd64 0.10.0-1 [107 kB]
Get:13 http://127.0.0.1:12990/debian sid/main amd64 libedit2 amd64 3.1-20191231-1 [95.4 kB]
Get:14 http://127.0.0.1:12990/debian sid/main amd64 libz3-4 amd64 4.8.7-4 [6790 kB]
Get:15 http://127.0.0.1:12990/debian sid/main amd64 libllvm10 amd64 1:10.0.0-4 [15.5 MB]
Get:16 http://127.0.0.1:12990/debian sid/main amd64 libclang-cpp10 amd64 1:10.0.0-4 [10.1 MB]
Get:17 http://127.0.0.1:12990/debian sid/main amd64 libgc1c2 amd64 1:7.6.4-0.4 [224 kB]
Get:18 http://127.0.0.1:12990/debian sid/main amd64 libobjc4 amd64 10-20200502-1 [41.6 kB]
Get:19 http://127.0.0.1:12990/debian sid/main amd64 libobjc-9-dev amd64 9.3.0-11 [218 kB]
Get:20 http://127.0.0.1:12990/debian sid/main amd64 libc6-i386 amd64 2.30-4 [2926 kB]
Get:21 http://127.0.0.1:12990/debian sid/main amd64 lib32gcc-s1 amd64 10-20200502-1 [49.4 kB]
Get:22 http://127.0.0.1:12990/debian sid/main amd64 lib32gcc1 amd64 1:10-20200502-1 [1100 B]
Get:23 http://127.0.0.1:12990/debian sid/main amd64 lib32stdc++6 amd64 10-20200502-1 [510 kB]
Get:24 http://127.0.0.1:12990/debian sid/main amd64 libclang-common-10-dev amd64 1:10.0.0-4 [5062 kB]
Get:25 http://127.0.0.1:12990/debian sid/main amd64 libclang1-10 amd64 1:10.0.0-4 [7609 kB]
Get:26 http://127.0.0.1:12990/debian sid/main amd64 clang-10 amd64 1:10.0.0-4 [105 kB]
Get:27 http://127.0.0.1:12990/debian sid/main amd64 libomp5-10 amd64 1:10.0.0-4 [338 kB]
Get:28 http://127.0.0.1:12990/debian sid/main amd64 libomp-10-dev amd64 1:10.0.0-4 [85.0 kB]
debconf: delaying package configuration, since apt-utils is not installed
Fetched 51.4 MB in 0s (133 MB/s)
(Reading database ... (Reading database ... 5%(Reading database ... 10%(Reading database ... 15%(Reading database ... 20%(Reading database ... 25%(Reading database ... 30%(Reading database ... 35%(Reading database ... 40%(Reading database ... 45%(Reading database ... 50%(Reading database ... 55%(Reading database ... 60%(Reading database ... 65%(Reading database ... 70%(Reading database ... 75%(Reading database ... 80%(Reading database ... 85%(Reading database ... 90%(Reading database ... 95%(Reading database ... 100%(Reading database ... 12123 files and directories currently installed.)
Preparing to unpack .../libatomic1_10-20200502-1_amd64.deb ...
Unpacking libatomic1:amd64 (10-20200502-1) over (10-20200418-1) ...
Preparing to unpack .../libubsan1_10-20200502-1_amd64.deb ...
Unpacking libubsan1:amd64 (10-20200502-1) over (10-20200418-1) ...
Preparing to unpack .../libtsan0_10-20200502-1_amd64.deb ...
Unpacking libtsan0:amd64 (10-20200502-1) over (10-20200418-1) ...
Preparing to unpack .../gcc-10-base_10-20200502-1_amd64.deb ...
Unpacking gcc-10-base:amd64 (10-20200502-1) over (10-20200418-1) ...
Setting up gcc-10-base:amd64 (10-20200502-1) ...
(Reading database ... (Reading database ... 5%(Reading database ... 10%(Reading database ... 15%(Reading database ... 20%(Reading database ... 25%(Reading database ... 30%(Reading database ... 35%(Reading database ... 40%(Reading database ... 45%(Reading database ... 50%(Reading database ... 55%(Reading database ... 60%(Reading database ... 65%(Reading database ... 70%(Reading database ... 75%(Reading database ... 80%(Reading database ... 85%(Reading database ... 90%(Reading database ... 95%(Reading database ... 100%(Reading database ... 12123 files and directories currently installed.)
Preparing to unpack .../libstdc++6_10-20200502-1_amd64.deb ...
Unpacking libstdc++6:amd64 (10-20200502-1) over (10-20200418-1) ...
Setting up libstdc++6:amd64 (10-20200502-1) ...
(Reading database ... (Reading database ... 5%(Reading database ... 10%(Reading database ... 15%(Reading database ... 20%(Reading database ... 25%(Reading database ... 30%(Reading database ... 35%(Reading database ... 40%(Reading database ... 45%(Reading database ... 50%(Reading database ... 55%(Reading database ... 60%(Reading database ... 65%(Reading database ... 70%(Reading database ... 75%(Reading database ... 80%(Reading database ... 85%(Reading database ... 90%(Reading database ... 95%(Reading database ... 100%(Reading database ... 12123 files and directories currently installed.)
Preparing to unpack .../0-libquadmath0_10-20200502-1_amd64.deb ...
Unpacking libquadmath0:amd64 (10-20200502-1) over (10-20200418-1) ...
Preparing to unpack .../1-liblsan0_10-20200502-1_amd64.deb ...
Unpacking liblsan0:amd64 (10-20200502-1) over (10-20200418-1) ...
Preparing to unpack .../2-libitm1_10-20200502-1_amd64.deb ...
Unpacking libitm1:amd64 (10-20200502-1) over (10-20200418-1) ...
Preparing to unpack .../3-libgomp1_10-20200502-1_amd64.deb ...
Unpacking libgomp1:amd64 (10-20200502-1) over (10-20200418-1) ...
Preparing to unpack .../4-libcc1-0_10-20200502-1_amd64.deb ...
Unpacking libcc1-0:amd64 (10-20200502-1) over (10-20200418-1) ...
Preparing to unpack .../5-libgcc-s1_10-20200502-1_amd64.deb ...
Unpacking libgcc-s1:amd64 (10-20200502-1) over (10-20200418-1) ...
Setting up libgcc-s1:amd64 (10-20200502-1) ...
Selecting previously unselected package libbsd0:amd64.
(Reading database ... (Reading database ... 5%(Reading database ... 10%(Reading database ... 15%(Reading database ... 20%(Reading database ... 25%(Reading database ... 30%(Reading database ... 35%(Reading database ... 40%(Reading database ... 45%(Reading database ... 50%(Reading database ... 55%(Reading database ... 60%(Reading database ... 65%(Reading database ... 70%(Reading database ... 75%(Reading database ... 80%(Reading database ... 85%(Reading database ... 90%(Reading database ... 95%(Reading database ... 100%(Reading database ... 12123 files and directories currently installed.)
Preparing to unpack .../00-libbsd0_0.10.0-1_amd64.deb ...
Unpacking libbsd0:amd64 (0.10.0-1) ...
Selecting previously unselected package libedit2:amd64.
Preparing to unpack .../01-libedit2_3.1-20191231-1_amd64.deb ...
Unpacking libedit2:amd64 (3.1-20191231-1) ...
Selecting previously unselected package libz3-4:amd64.
Preparing to unpack .../02-libz3-4_4.8.7-4_amd64.deb ...
Unpacking libz3-4:amd64 (4.8.7-4) ...
Selecting previously unselected package libllvm10:amd64.
Preparing to unpack .../03-libllvm10_1%3a10.0.0-4_amd64.deb ...
Unpacking libllvm10:amd64 (1:10.0.0-4) ...
Selecting previously unselected package libclang-cpp10.
Preparing to unpack .../04-libclang-cpp10_1%3a10.0.0-4_amd64.deb ...
Unpacking libclang-cpp10 (1:10.0.0-4) ...
Selecting previously unselected package libgc1c2:amd64.
Preparing to unpack .../05-libgc1c2_1%3a7.6.4-0.4_amd64.deb ...
Unpacking libgc1c2:amd64 (1:7.6.4-0.4) ...
Selecting previously unselected package libobjc4:amd64.
Preparing to unpack .../06-libobjc4_10-20200502-1_amd64.deb ...
Unpacking libobjc4:amd64 (10-20200502-1) ...
Selecting previously unselected package libobjc-9-dev:amd64.
Preparing to unpack .../07-libobjc-9-dev_9.3.0-11_amd64.deb ...
Unpacking libobjc-9-dev:amd64 (9.3.0-11) ...
Selecting previously unselected package libc6-i386.
Preparing to unpack .../08-libc6-i386_2.30-4_amd64.deb ...
Unpacking libc6-i386 (2.30-4) ...
Selecting previously unselected package lib32gcc-s1.
Preparing to unpack .../09-lib32gcc-s1_10-20200502-1_amd64.deb ...
Unpacking lib32gcc-s1 (10-20200502-1) ...
Selecting previously unselected package lib32gcc1.
Preparing to unpack .../10-lib32gcc1_1%3a10-20200502-1_amd64.deb ...
Unpacking lib32gcc1 (1:10-20200502-1) ...
Selecting previously unselected package lib32stdc++6.
Preparing to unpack .../11-lib32stdc++6_10-20200502-1_amd64.deb ...
Unpacking lib32stdc++6 (10-20200502-1) ...
Selecting previously unselected package libclang-common-10-dev.
Preparing to unpack .../12-libclang-common-10-dev_1%3a10.0.0-4_amd64.deb ...
Unpacking libclang-common-10-dev (1:10.0.0-4) ...
Selecting previously unselected package libclang1-10.
Preparing to unpack .../13-libclang1-10_1%3a10.0.0-4_amd64.deb ...
Unpacking libclang1-10 (1:10.0.0-4) ...
Selecting previously unselected package clang-10.
Preparing to unpack .../14-clang-10_1%3a10.0.0-4_amd64.deb ...
Unpacking clang-10 (1:10.0.0-4) ...
Selecting previously unselected package libomp5-10:amd64.
Preparing to unpack .../15-libomp5-10_1%3a10.0.0-4_amd64.deb ...
Unpacking libomp5-10:amd64 (1:10.0.0-4) ...
Selecting previously unselected package libomp-10-dev.
Preparing to unpack .../16-libomp-10-dev_1%3a10.0.0-4_amd64.deb ...
Unpacking libomp-10-dev (1:10.0.0-4) ...
Setting up libgc1c2:amd64 (1:7.6.4-0.4) ...
Setting up libobjc4:amd64 (10-20200502-1) ...
Setting up libgomp1:amd64 (10-20200502-1) ...
Setting up libz3-4:amd64 (4.8.7-4) ...
Setting up libquadmath0:amd64 (10-20200502-1) ...
Setting up libatomic1:amd64 (10-20200502-1) ...
Setting up libobjc-9-dev:amd64 (9.3.0-11) ...
Setting up libubsan1:amd64 (10-20200502-1) ...
Setting up libomp5-10:amd64 (1:10.0.0-4) ...
Setting up libc6-i386 (2.30-4) ...
Setting up libbsd0:amd64 (0.10.0-1) ...
Setting up libcc1-0:amd64 (10-20200502-1) ...
Setting up liblsan0:amd64 (10-20200502-1) ...
Setting up libitm1:amd64 (10-20200502-1) ...
Setting up libtsan0:amd64 (10-20200502-1) ...
Setting up libomp-10-dev (1:10.0.0-4) ...
Setting up libedit2:amd64 (3.1-20191231-1) ...
Setting up libllvm10:amd64 (1:10.0.0-4) ...
Setting up lib32gcc-s1 (10-20200502-1) ...
Setting up libclang1-10 (1:10.0.0-4) ...
Setting up lib32gcc1 (1:10-20200502-1) ...
Setting up libclang-cpp10 (1:10.0.0-4) ...
Setting up lib32stdc++6 (10-20200502-1) ...
Setting up libclang-common-10-dev (1:10.0.0-4) ...
Setting up clang-10 (1:10.0.0-4) ...
Processing triggers for libc-bin (2.30-4) ...
W: --force-yes is deprecated, use one of the options starting with --allow instead.
+ echo 'Replace gcc, g++ & cpp by clang'
Replace gcc, g++ & cpp by clang
+ VERSIONS='4.6 4.7 4.8 4.9 5 6 7 8 9 10'
+ cd /usr/bin
+ for VERSION in $VERSIONS
+ rm -f g++-4.6 gcc-4.6 cpp-4.6 gcc
+ ln -s clang++-10 g++-4.6
+ ln -s clang-10 gcc-4.6
+ ln -s clang-10 cpp-4.6
+ ln -s clang-10 gcc
+ echo 'gcc-4.6 hold'
+ dpkg --set-selections
dpkg: warning: package not in status nor available database at line 1: gcc-4.6
dpkg: warning: found unknown packages; this might mean the available database
is outdated, and needs to be updated through a frontend method;
please see the FAQ <https://wiki.debian.org/Teams/Dpkg/FAQ>
+ echo 'g++-4.6 hold'
+ dpkg --set-selections
dpkg: warning: package not in status nor available database at line 1: g++-4.6
dpkg: warning: found unknown packages; this might mean the available database
is outdated, and needs to be updated through a frontend method;
please see the FAQ <https://wiki.debian.org/Teams/Dpkg/FAQ>
+ for VERSION in $VERSIONS
+ rm -f g++-4.7 gcc-4.7 cpp-4.7 gcc
+ ln -s clang++-10 g++-4.7
+ ln -s clang-10 gcc-4.7
+ ln -s clang-10 cpp-4.7
+ ln -s clang-10 gcc
+ echo 'gcc-4.7 hold'
+ dpkg --set-selections
dpkg: warning: package not in status nor available database at line 1: gcc-4.7
dpkg: warning: found unknown packages; this might mean the available database
is outdated, and needs to be updated through a frontend method;
please see the FAQ <https://wiki.debian.org/Teams/Dpkg/FAQ>
+ echo 'g++-4.7 hold'
+ dpkg --set-selections
dpkg: warning: package not in status nor available database at line 1: g++-4.7
dpkg: warning: found unknown packages; this might mean the available database
is outdated, and needs to be updated through a frontend method;
please see the FAQ <https://wiki.debian.org/Teams/Dpkg/FAQ>
+ for VERSION in $VERSIONS
+ rm -f g++-4.8 gcc-4.8 cpp-4.8 gcc
+ ln -s clang++-10 g++-4.8
+ ln -s clang-10 gcc-4.8
+ ln -s clang-10 cpp-4.8
+ ln -s clang-10 gcc
+ echo 'gcc-4.8 hold'
+ dpkg --set-selections
dpkg: warning: package not in status nor available database at line 1: gcc-4.8
dpkg: warning: found unknown packages; this might mean the available database
is outdated, and needs to be updated through a frontend method;
please see the FAQ <https://wiki.debian.org/Teams/Dpkg/FAQ>
+ echo 'g++-4.8 hold'
+ dpkg --set-selections
dpkg: warning: package not in status nor available database at line 1: g++-4.8
dpkg: warning: found unknown packages; this might mean the available database
is outdated, and needs to be updated through a frontend method;
please see the FAQ <https://wiki.debian.org/Teams/Dpkg/FAQ>
+ for VERSION in $VERSIONS
+ rm -f g++-4.9 gcc-4.9 cpp-4.9 gcc
+ ln -s clang++-10 g++-4.9
+ ln -s clang-10 gcc-4.9
+ ln -s clang-10 cpp-4.9
+ ln -s clang-10 gcc
+ echo 'gcc-4.9 hold'
+ dpkg --set-selections
dpkg: warning: package not in status nor available database at line 1: gcc-4.9
dpkg: warning: found unknown packages; this might mean the available database
is outdated, and needs to be updated through a frontend method;
please see the FAQ <https://wiki.debian.org/Teams/Dpkg/FAQ>
+ echo 'g++-4.9 hold'
+ dpkg --set-selections
dpkg: warning: package not in status nor available database at line 1: g++-4.9
dpkg: warning: found unknown packages; this might mean the available database
is outdated, and needs to be updated through a frontend method;
please see the FAQ <https://wiki.debian.org/Teams/Dpkg/FAQ>
+ for VERSION in $VERSIONS
+ rm -f g++-5 gcc-5 cpp-5 gcc
+ ln -s clang++-10 g++-5
+ ln -s clang-10 gcc-5
+ ln -s clang-10 cpp-5
+ ln -s clang-10 gcc
+ echo 'gcc-5 hold'
+ dpkg --set-selections
dpkg: warning: package not in status nor available database at line 1: gcc-5
dpkg: warning: found unknown packages; this might mean the available database
is outdated, and needs to be updated through a frontend method;
please see the FAQ <https://wiki.debian.org/Teams/Dpkg/FAQ>
+ echo 'g++-5 hold'
+ dpkg --set-selections
dpkg: warning: package not in status nor available database at line 1: g++-5
dpkg: warning: found unknown packages; this might mean the available database
is outdated, and needs to be updated through a frontend method;
please see the FAQ <https://wiki.debian.org/Teams/Dpkg/FAQ>
+ for VERSION in $VERSIONS
+ rm -f g++-6 gcc-6 cpp-6 gcc
+ ln -s clang++-10 g++-6
+ ln -s clang-10 gcc-6
+ ln -s clang-10 cpp-6
+ ln -s clang-10 gcc
+ echo 'gcc-6 hold'
+ dpkg --set-selections
dpkg: warning: package not in status nor available database at line 1: gcc-6
dpkg: warning: found unknown packages; this might mean the available database
is outdated, and needs to be updated through a frontend method;
please see the FAQ <https://wiki.debian.org/Teams/Dpkg/FAQ>
+ echo 'g++-6 hold'
+ dpkg --set-selections
dpkg: warning: package not in status nor available database at line 1: g++-6
dpkg: warning: found unknown packages; this might mean the available database
is outdated, and needs to be updated through a frontend method;
please see the FAQ <https://wiki.debian.org/Teams/Dpkg/FAQ>
+ for VERSION in $VERSIONS
+ rm -f g++-7 gcc-7 cpp-7 gcc
+ ln -s clang++-10 g++-7
+ ln -s clang-10 gcc-7
+ ln -s clang-10 cpp-7
+ ln -s clang-10 gcc
+ echo 'gcc-7 hold'
+ dpkg --set-selections
dpkg: warning: package not in status nor available database at line 1: gcc-7
dpkg: warning: found unknown packages; this might mean the available database
is outdated, and needs to be updated through a frontend method;
please see the FAQ <https://wiki.debian.org/Teams/Dpkg/FAQ>
+ echo 'g++-7 hold'
+ dpkg --set-selections
dpkg: warning: package not in status nor available database at line 1: g++-7
dpkg: warning: found unknown packages; this might mean the available database
is outdated, and needs to be updated through a frontend method;
please see the FAQ <https://wiki.debian.org/Teams/Dpkg/FAQ>
+ for VERSION in $VERSIONS
+ rm -f g++-8 gcc-8 cpp-8 gcc
+ ln -s clang++-10 g++-8
+ ln -s clang-10 gcc-8
+ ln -s clang-10 cpp-8
+ ln -s clang-10 gcc
+ echo 'gcc-8 hold'
+ dpkg --set-selections
dpkg: warning: package not in status nor available database at line 1: gcc-8
dpkg: warning: found unknown packages; this might mean the available database
is outdated, and needs to be updated through a frontend method;
please see the FAQ <https://wiki.debian.org/Teams/Dpkg/FAQ>
+ echo 'g++-8 hold'
+ dpkg --set-selections
dpkg: warning: package not in status nor available database at line 1: g++-8
dpkg: warning: found unknown packages; this might mean the available database
is outdated, and needs to be updated through a frontend method;
please see the FAQ <https://wiki.debian.org/Teams/Dpkg/FAQ>
+ for VERSION in $VERSIONS
+ rm -f g++-9 gcc-9 cpp-9 gcc
+ ln -s clang++-10 g++-9
+ ln -s clang-10 gcc-9
+ ln -s clang-10 cpp-9
+ ln -s clang-10 gcc
+ echo 'gcc-9 hold'
+ dpkg --set-selections
+ echo 'g++-9 hold'
+ dpkg --set-selections
+ for VERSION in $VERSIONS
+ rm -f g++-10 gcc-10 cpp-10 gcc
+ ln -s clang++-10 g++-10
+ ln -s clang-10 gcc-10
+ ln -s clang-10 cpp-10
+ ln -s clang-10 gcc
+ echo 'gcc-10 hold'
+ dpkg --set-selections
dpkg: warning: package not in status nor available database at line 1: gcc-10
dpkg: warning: found unknown packages; this might mean the available database
is outdated, and needs to be updated through a frontend method;
please see the FAQ <https://wiki.debian.org/Teams/Dpkg/FAQ>
+ echo 'g++-10 hold'
+ dpkg --set-selections
dpkg: warning: package not in status nor available database at line 1: g++-10
dpkg: warning: found unknown packages; this might mean the available database
is outdated, and needs to be updated through a frontend method;
please see the FAQ <https://wiki.debian.org/Teams/Dpkg/FAQ>
+ cd -
/build/eris-CDlkQ3
+ echo 'Check if gcc, g++ & cpp are actually clang'
Check if gcc, g++ & cpp are actually clang
+ gcc --version
+ grep clang
+ cpp --version
+ grep clang
+ g++ --version
+ grep clang
+ cd /usr/bin/
+ rm -f clang++ clang
+ ln -s clang-10 clang++
+ ln -s clang-10 clang
+ clang++ --version
clang version 10.0.0-4 
Target: x86_64-pc-linux-gnu
Thread model: posix
InstalledDir: /usr/bin
+ clang --version
clang version 10.0.0-4 
Target: x86_64-pc-linux-gnu
Thread model: posix
InstalledDir: /usr/bin
+ cd -
/build/eris-CDlkQ3
+ apt install --yes --no-install-recommends --force-yes qt5-qmake

WARNING: apt does not have a stable CLI interface. Use with caution in scripts.

Reading package lists...
Building dependency tree...
Reading state information...
The following additional packages will be installed:
  qt5-qmake-bin qtchooser
The following NEW packages will be installed:
  qt5-qmake qt5-qmake-bin qtchooser
0 upgraded, 3 newly installed, 0 to remove and 0 not upgraded.
Need to get 1270 kB of archives.
After this operation, 4788 kB of additional disk space will be used.
Get:1 http://127.0.0.1:12990/debian sid/main amd64 qt5-qmake-bin amd64 5.12.5+dfsg-10 [1015 kB]
Get:2 http://127.0.0.1:12990/debian sid/main amd64 qtchooser amd64 66-2 [26.3 kB]
Get:3 http://127.0.0.1:12990/debian sid/main amd64 qt5-qmake amd64 5.12.5+dfsg-10 [229 kB]
debconf: delaying package configuration, since apt-utils is not installed
Fetched 1270 kB in 0s (56.3 MB/s)
Selecting previously unselected package qt5-qmake-bin.
(Reading database ... (Reading database ... 5%(Reading database ... 10%(Reading database ... 15%(Reading database ... 20%(Reading database ... 25%(Reading database ... 30%(Reading database ... 35%(Reading database ... 40%(Reading database ... 45%(Reading database ... 50%(Reading database ... 55%(Reading database ... 60%(Reading database ... 65%(Reading database ... 70%(Reading database ... 75%(Reading database ... 80%(Reading database ... 85%(Reading database ... 90%(Reading database ... 95%(Reading database ... 100%(Reading database ... 12968 files and directories currently installed.)
Preparing to unpack .../qt5-qmake-bin_5.12.5+dfsg-10_amd64.deb ...
Unpacking qt5-qmake-bin (5.12.5+dfsg-10) ...
Selecting previously unselected package qtchooser.
Preparing to unpack .../qtchooser_66-2_amd64.deb ...
Unpacking qtchooser (66-2) ...
Selecting previously unselected package qt5-qmake:amd64.
Preparing to unpack .../qt5-qmake_5.12.5+dfsg-10_amd64.deb ...
Unpacking qt5-qmake:amd64 (5.12.5+dfsg-10) ...
Setting up qt5-qmake-bin (5.12.5+dfsg-10) ...
Setting up qtchooser (66-2) ...
Setting up qt5-qmake:amd64 (5.12.5+dfsg-10) ...
W: --force-yes is deprecated, use one of the options starting with --allow instead.
+ cp /usr/lib/x86_64-linux-gnu/qt5/mkspecs/linux-clang/qmake.conf /usr/lib/x86_64-linux-gnu/qt5/mkspecs/linux-clang/qplatformdefs.h /usr/lib/x86_64-linux-gnu/qt5/mkspecs/linux-g++/
+ ls -al /usr/lib/x86_64-linux-gnu/qt5/mkspecs/linux-g++/
total 16
drwxr-xr-x  2 root root 4096 May  3 04:49 .
drwxr-xr-x 75 root root 4096 May  3 04:49 ..
-rw-r--r--  1 root root  276 May  3 04:49 qmake.conf
-rw-r--r--  1 root root 3218 May  3 04:49 qplatformdefs.h
+ cat /usr/lib/x86_64-linux-gnu/qt5/mkspecs/linux-g++/qmake.conf
#
# qmake configuration for linux-clang
#

MAKEFILE_GENERATOR = UNIX
CONFIG += incremental

QMAKE_INCREMENTAL_STYLE = sublib

include(../common/linux.conf)
include(../common/gcc-base-unix.conf)
include(../common/clang.conf)

QMAKE_LFLAGS += -ccc-gcc-name g++

load(qt_config)
+ export QMAKESPEC=/usr/lib/x86_64-linux-gnu/qt5/mkspecs/linux-clang/
+ QMAKESPEC=/usr/lib/x86_64-linux-gnu/qt5/mkspecs/linux-clang/
+ sed -i -e 's|compare_problem(2,|compare_problem(0,|g' /usr/bin/dpkg-gensymbols
+ sed -i -e 's|compare_problem(1,|compare_problem(0,|g' /usr/bin/dpkg-gensymbols
+ grep 'compare_problem(' /usr/bin/dpkg-gensymbols
        compare_problem(4, g_('new libraries appeared in the symbols file: %s'), "@libs");
        compare_problem(3, g_('some libraries disappeared in the symbols file: %s'), "@libs");
        compare_problem(0, g_('some new symbols appeared in the symbols file: %s'),
        compare_problem(0, g_('some symbols or patterns disappeared in the symbols file: %s'),

I: Finished running '/tmp/clang10'.

Finished processing commands.
--------------------------------------------------------------------------------
I: NOTICE: Log filtering will replace 'build/eris-CDlkQ3/resolver-QLlhAJ' with '<<RESOLVERDIR>>'

+------------------------------------------------------------------------------+
| Update chroot                                                                |
+------------------------------------------------------------------------------+

Hit:1 http://127.0.0.1:12990/debian sid InRelease
Reading package lists...
Reading package lists...
Building dependency tree...
Reading state information...
Calculating upgrade...
0 upgraded, 0 newly installed, 0 to remove and 0 not upgraded.

+------------------------------------------------------------------------------+
| Fetch source files                                                           |
+------------------------------------------------------------------------------+


Check APT
---------

Checking available source versions...

Download source files with APT
------------------------------

Reading package lists...
NOTICE: 'eris' packaging is maintained in the 'Git' version control system at:
https://salsa.debian.org/games-team/eris.git
Please use:
git clone https://salsa.debian.org/games-team/eris.git
to retrieve the latest (possibly unreleased) updates to the package.
Need to get 430 kB of source archives.
Get:1 http://127.0.0.1:12990/debian sid/main eris 1.3.23-7 (dsc) [2265 B]
Get:2 http://127.0.0.1:12990/debian sid/main eris 1.3.23-7 (tar) [412 kB]
Get:3 http://127.0.0.1:12990/debian sid/main eris 1.3.23-7 (diff) [15.4 kB]
Fetched 430 kB in 0s (5216 kB/s)
Download complete and in download only mode
I: NOTICE: Log filtering will replace 'build/eris-CDlkQ3/eris-1.3.23' with '<<PKGBUILDDIR>>'
I: NOTICE: Log filtering will replace 'build/eris-CDlkQ3' with '<<BUILDDIR>>'

+------------------------------------------------------------------------------+
| Install package build dependencies                                           |
+------------------------------------------------------------------------------+


Setup apt archive
-----------------

Merged Build-Depends: debhelper (>= 11), libatlas-cpp-0.6-dev (>= 0.6.3), libglib2.0-dev, libmercator-0.3-dev (>= 0.3.3), libsigc++-2.0-dev, libskstream-0.3-dev (>= 0.3.9), libwfmath-1.0-dev, dpkg-dev (>= 1.16.1.1), build-essential, fakeroot, doxygen
Merged Build-Conflicts: libsigc++-1.2-dev, libsigc-perl, libsigcoperl-dev
Filtered Build-Depends: debhelper (>= 11), libatlas-cpp-0.6-dev (>= 0.6.3), libglib2.0-dev, libmercator-0.3-dev (>= 0.3.3), libsigc++-2.0-dev, libskstream-0.3-dev (>= 0.3.9), libwfmath-1.0-dev, dpkg-dev (>= 1.16.1.1), build-essential, fakeroot, doxygen
Filtered Build-Conflicts: libsigc++-1.2-dev, libsigc-perl, libsigcoperl-dev
dpkg-deb: building package 'sbuild-build-depends-main-dummy' in '/<<RESOLVERDIR>>/apt_archive/sbuild-build-depends-main-dummy.deb'.
Ign:1 copy:/<<RESOLVERDIR>>/apt_archive ./ InRelease
Get:2 copy:/<<RESOLVERDIR>>/apt_archive ./ Release [957 B]
Ign:3 copy:/<<RESOLVERDIR>>/apt_archive ./ Release.gpg
Get:4 copy:/<<RESOLVERDIR>>/apt_archive ./ Sources [484 B]
Get:5 copy:/<<RESOLVERDIR>>/apt_archive ./ Packages [560 B]
Fetched 2001 B in 0s (0 B/s)
Reading package lists...
Reading package lists...

Install main build dependencies (apt-based resolver)
----------------------------------------------------

Installing build dependencies
Reading package lists...
Building dependency tree...
Reading state information...
The following additional packages will be installed:
  autoconf automake autopoint autotools-dev bsdmainutils debhelper
  dh-autoreconf dh-strip-nondeterminism doxygen dwz file gettext gettext-base
  groff-base intltool-debian libarchive-zip-perl libatlas-cpp-0.6-3
  libatlas-cpp-0.6-dev libatlas-cpp-0.6-tools libblkid-dev libclang1-9
  libcroco3 libdebhelper-perl libelf1 libexpat1 libffi-dev
  libfile-stripnondeterminism-perl libglib2.0-0 libglib2.0-bin libglib2.0-data
  libglib2.0-dev libglib2.0-dev-bin libicu63 libllvm9 libmagic-mgc libmagic1
  libmercator-0.3-4 libmercator-0.3-dev libmount-dev libmpdec2 libpcre16-3
  libpcre2-16-0 libpcre2-32-0 libpcre2-dev libpcre2-posix2 libpcre3-dev
  libpcre32-3 libpcrecpp0v5 libpipeline1 libpython3-stdlib
  libpython3.8-minimal libpython3.8-stdlib libreadline8 libselinux1-dev
  libsepol1-dev libsigc++-2.0-0v5 libsigc++-2.0-dev libsigsegv2
  libskstream-0.3-7v5 libskstream-0.3-dev libsqlite3-0 libssl1.1
  libsub-override-perl libtool libuchardet0 libwfmath-1.0-1v5
  libwfmath-1.0-dev libxapian30 libxml2 m4 man-db mime-support pkg-config
  po-debconf python3 python3-distutils python3-lib2to3 python3-minimal
  python3.8 python3.8-minimal readline-common sensible-utils uuid-dev
  zlib1g-dev
Suggested packages:
  autoconf-archive gnu-standards autoconf-doc wamerican | wordlist whois
  vacation dh-make doxygen-latex doxygen-doc doxygen-gui graphviz gettext-doc
  libasprintf-dev libgettextpo-dev groff libatlas-cpp-doc
  libgirepository1.0-dev libglib2.0-doc libgdk-pixbuf2.0-bin
  | libgdk-pixbuf2.0-dev libxml2-utils libsigc++-2.0-doc libtool-doc gfortran
  | fortran95-compiler gcj-jdk libwfmath-doc xapian-tools m4-doc apparmor less
  www-browser libmail-box-perl python3-doc python3-tk python3-venv
  python3.8-venv python3.8-doc binfmt-support readline-doc
Recommended packages:
  curl | wget | lynx libarchive-cpio-perl shared-mime-info xdg-user-dirs
  libltdl-dev libmail-sendmail-perl
The following NEW packages will be installed:
  autoconf automake autopoint autotools-dev bsdmainutils debhelper
  dh-autoreconf dh-strip-nondeterminism doxygen dwz file gettext gettext-base
  groff-base intltool-debian libarchive-zip-perl libatlas-cpp-0.6-3
  libatlas-cpp-0.6-dev libatlas-cpp-0.6-tools libblkid-dev libclang1-9
  libcroco3 libdebhelper-perl libelf1 libexpat1 libffi-dev
  libfile-stripnondeterminism-perl libglib2.0-0 libglib2.0-bin libglib2.0-data
  libglib2.0-dev libglib2.0-dev-bin libicu63 libllvm9 libmagic-mgc libmagic1
  libmercator-0.3-4 libmercator-0.3-dev libmount-dev libmpdec2 libpcre16-3
  libpcre2-16-0 libpcre2-32-0 libpcre2-dev libpcre2-posix2 libpcre3-dev
  libpcre32-3 libpcrecpp0v5 libpipeline1 libpython3-stdlib
  libpython3.8-minimal libpython3.8-stdlib libreadline8 libselinux1-dev
  libsepol1-dev libsigc++-2.0-0v5 libsigc++-2.0-dev libsigsegv2
  libskstream-0.3-7v5 libskstream-0.3-dev libsqlite3-0 libssl1.1
  libsub-override-perl libtool libuchardet0 libwfmath-1.0-1v5
  libwfmath-1.0-dev libxapian30 libxml2 m4 man-db mime-support pkg-config
  po-debconf python3 python3-distutils python3-lib2to3 python3-minimal
  python3.8 python3.8-minimal readline-common sbuild-build-depends-main-dummy
  sensible-utils uuid-dev zlib1g-dev
0 upgraded, 85 newly installed, 0 to remove and 0 not upgraded.
Need to get 66.9 MB of archives.
After this operation, 281 MB of additional disk space will be used.
Get:1 copy:/<<RESOLVERDIR>>/apt_archive ./ sbuild-build-depends-main-dummy 0.invalid.0 [980 B]
Get:2 http://127.0.0.1:12990/debian sid/main amd64 bsdmainutils amd64 11.1.2+b1 [191 kB]
Get:3 http://127.0.0.1:12990/debian sid/main amd64 libuchardet0 amd64 0.0.6-3 [64.9 kB]
Get:4 http://127.0.0.1:12990/debian sid/main amd64 groff-base amd64 1.22.4-4 [919 kB]
Get:5 http://127.0.0.1:12990/debian sid/main amd64 libpipeline1 amd64 1.5.2-2 [33.9 kB]
Get:6 http://127.0.0.1:12990/debian sid/main amd64 man-db amd64 2.9.1-1 [1308 kB]
Get:7 http://127.0.0.1:12990/debian sid/main amd64 libssl1.1 amd64 1.1.1g-1 [1543 kB]
Get:8 http://127.0.0.1:12990/debian sid/main amd64 libpython3.8-minimal amd64 3.8.3~rc1-1 [760 kB]
Get:9 http://127.0.0.1:12990/debian sid/main amd64 libexpat1 amd64 2.2.9-1 [94.3 kB]
Get:10 http://127.0.0.1:12990/debian sid/main amd64 python3.8-minimal amd64 3.8.3~rc1-1 [1944 kB]
Get:11 http://127.0.0.1:12990/debian sid/main amd64 python3-minimal amd64 3.8.2-3 [37.6 kB]
Get:12 http://127.0.0.1:12990/debian sid/main amd64 mime-support all 3.64 [37.8 kB]
Get:13 http://127.0.0.1:12990/debian sid/main amd64 libmpdec2 amd64 2.4.2-3 [84.1 kB]
Get:14 http://127.0.0.1:12990/debian sid/main amd64 readline-common all 8.0-4 [72.5 kB]
Get:15 http://127.0.0.1:12990/debian sid/main amd64 libreadline8 amd64 8.0-4 [160 kB]
Get:16 http://127.0.0.1:12990/debian sid/main amd64 libsqlite3-0 amd64 3.31.1-5 [661 kB]
Get:17 http://127.0.0.1:12990/debian sid/main amd64 libpython3.8-stdlib amd64 3.8.3~rc1-1 [1667 kB]
Get:18 http://127.0.0.1:12990/debian sid/main amd64 python3.8 amd64 3.8.3~rc1-1 [415 kB]
Get:19 http://127.0.0.1:12990/debian sid/main amd64 libpython3-stdlib amd64 3.8.2-3 [20.8 kB]
Get:20 http://127.0.0.1:12990/debian sid/main amd64 python3 amd64 3.8.2-3 [63.7 kB]
Get:21 http://127.0.0.1:12990/debian sid/main amd64 sensible-utils all 0.0.12+nmu1 [16.0 kB]
Get:22 http://127.0.0.1:12990/debian sid/main amd64 libmagic-mgc amd64 1:5.38-4 [262 kB]
Get:23 http://127.0.0.1:12990/debian sid/main amd64 libmagic1 amd64 1:5.38-4 [120 kB]
Get:24 http://127.0.0.1:12990/debian sid/main amd64 file amd64 1:5.38-4 [67.9 kB]
Get:25 http://127.0.0.1:12990/debian sid/main amd64 gettext-base amd64 0.19.8.1-10 [123 kB]
Get:26 http://127.0.0.1:12990/debian sid/main amd64 libsigsegv2 amd64 2.12-2 [32.8 kB]
Get:27 http://127.0.0.1:12990/debian sid/main amd64 m4 amd64 1.4.18-4 [203 kB]
Get:28 http://127.0.0.1:12990/debian sid/main amd64 autoconf all 2.69-11.1 [341 kB]
Get:29 http://127.0.0.1:12990/debian sid/main amd64 autotools-dev all 20180224.1 [77.0 kB]
Get:30 http://127.0.0.1:12990/debian sid/main amd64 automake all 1:1.16.2-1 [775 kB]
Get:31 http://127.0.0.1:12990/debian sid/main amd64 autopoint all 0.19.8.1-10 [435 kB]
Get:32 http://127.0.0.1:12990/debian sid/main amd64 libtool all 2.4.6-14 [513 kB]
Get:33 http://127.0.0.1:12990/debian sid/main amd64 dh-autoreconf all 19 [16.9 kB]
Get:34 http://127.0.0.1:12990/debian sid/main amd64 libdebhelper-perl all 13 [184 kB]
Get:35 http://127.0.0.1:12990/debian sid/main amd64 libarchive-zip-perl all 1.68-1 [104 kB]
Get:36 http://127.0.0.1:12990/debian sid/main amd64 libsub-override-perl all 0.09-2 [10.2 kB]
Get:37 http://127.0.0.1:12990/debian sid/main amd64 libfile-stripnondeterminism-perl all 1.8.0-1 [24.2 kB]
Get:38 http://127.0.0.1:12990/debian sid/main amd64 dh-strip-nondeterminism all 1.8.0-1 [14.8 kB]
Get:39 http://127.0.0.1:12990/debian sid/main amd64 libelf1 amd64 0.176-1.1 [161 kB]
Get:40 http://127.0.0.1:12990/debian sid/main amd64 dwz amd64 0.13-5 [151 kB]
Get:41 http://127.0.0.1:12990/debian sid/main amd64 libglib2.0-0 amd64 2.64.2-1 [1343 kB]
Get:42 http://127.0.0.1:12990/debian sid/main amd64 libicu63 amd64 63.2-3 [8296 kB]
Get:43 http://127.0.0.1:12990/debian sid/main amd64 libxml2 amd64 2.9.10+dfsg-5 [709 kB]
Get:44 http://127.0.0.1:12990/debian sid/main amd64 libcroco3 amd64 0.6.13-1 [146 kB]
Get:45 http://127.0.0.1:12990/debian sid/main amd64 gettext amd64 0.19.8.1-10 [1303 kB]
Get:46 http://127.0.0.1:12990/debian sid/main amd64 intltool-debian all 0.35.0+20060710.5 [26.8 kB]
Get:47 http://127.0.0.1:12990/debian sid/main amd64 po-debconf all 1.0.21 [248 kB]
Get:48 http://127.0.0.1:12990/debian sid/main amd64 debhelper all 13 [1002 kB]
Get:49 http://127.0.0.1:12990/debian sid/main amd64 libllvm9 amd64 1:9.0.1-12 [15.0 MB]
Get:50 http://127.0.0.1:12990/debian sid/main amd64 libclang1-9 amd64 1:9.0.1-12 [6713 kB]
Get:51 http://127.0.0.1:12990/debian sid/main amd64 libxapian30 amd64 1.4.15-1 [1085 kB]
Get:52 http://127.0.0.1:12990/debian sid/main amd64 doxygen amd64 1.8.17-1 [9482 kB]
Get:53 http://127.0.0.1:12990/debian sid/main amd64 libatlas-cpp-0.6-3 amd64 0.6.4-2 [161 kB]
Get:54 http://127.0.0.1:12990/debian sid/main amd64 pkg-config amd64 0.29.2-1 [65.1 kB]
Get:55 http://127.0.0.1:12990/debian sid/main amd64 libatlas-cpp-0.6-tools amd64 0.6.4-2 [40.5 kB]
Get:56 http://127.0.0.1:12990/debian sid/main amd64 libatlas-cpp-0.6-dev amd64 0.6.4-2 [58.2 kB]
Get:57 http://127.0.0.1:12990/debian sid/main amd64 uuid-dev amd64 2.34-0.1 [93.5 kB]
Get:58 http://127.0.0.1:12990/debian sid/main amd64 libblkid-dev amd64 2.34-0.1 [226 kB]
Get:59 http://127.0.0.1:12990/debian sid/main amd64 libffi-dev amd64 3.3-4 [56.4 kB]
Get:60 http://127.0.0.1:12990/debian sid/main amd64 libglib2.0-data all 2.64.2-1 [1158 kB]
Get:61 http://127.0.0.1:12990/debian sid/main amd64 libglib2.0-bin amd64 2.64.2-1 [135 kB]
Get:62 http://127.0.0.1:12990/debian sid/main amd64 python3-lib2to3 all 3.8.2-2 [78.4 kB]
Get:63 http://127.0.0.1:12990/debian sid/main amd64 python3-distutils all 3.8.2-2 [145 kB]
Get:64 http://127.0.0.1:12990/debian sid/main amd64 libglib2.0-dev-bin amd64 2.64.2-1 [172 kB]
Get:65 http://127.0.0.1:12990/debian sid/main amd64 libmount-dev amd64 2.34-0.1 [236 kB]
Get:66 http://127.0.0.1:12990/debian sid/main amd64 libpcre16-3 amd64 2:8.39-12+b1 [259 kB]
Get:67 http://127.0.0.1:12990/debian sid/main amd64 libpcre32-3 amd64 2:8.39-12+b1 [250 kB]
Get:68 http://127.0.0.1:12990/debian sid/main amd64 libpcrecpp0v5 amd64 2:8.39-12+b1 [152 kB]
Get:69 http://127.0.0.1:12990/debian sid/main amd64 libpcre3-dev amd64 2:8.39-12+b1 [653 kB]
Get:70 http://127.0.0.1:12990/debian sid/main amd64 libsepol1-dev amd64 3.0-1 [336 kB]
Get:71 http://127.0.0.1:12990/debian sid/main amd64 libpcre2-16-0 amd64 10.34-7 [219 kB]
Get:72 http://127.0.0.1:12990/debian sid/main amd64 libpcre2-32-0 amd64 10.34-7 [208 kB]
Get:73 http://127.0.0.1:12990/debian sid/main amd64 libpcre2-posix2 amd64 10.34-7 [45.2 kB]
Get:74 http://127.0.0.1:12990/debian sid/main amd64 libpcre2-dev amd64 10.34-7 [709 kB]
Get:75 http://127.0.0.1:12990/debian sid/main amd64 libselinux1-dev amd64 3.0-1+b3 [171 kB]
Get:76 http://127.0.0.1:12990/debian sid/main amd64 zlib1g-dev amd64 1:1.2.11.dfsg-2 [190 kB]
Get:77 http://127.0.0.1:12990/debian sid/main amd64 libglib2.0-dev amd64 2.64.2-1 [1561 kB]
Get:78 http://127.0.0.1:12990/debian sid/main amd64 libwfmath-1.0-1v5 amd64 1.0.2+dfsg1-6 [123 kB]
Get:79 http://127.0.0.1:12990/debian sid/main amd64 libmercator-0.3-4 amd64 0.3.3-5 [73.1 kB]
Get:80 http://127.0.0.1:12990/debian sid/main amd64 libwfmath-1.0-dev amd64 1.0.2+dfsg1-6 [66.9 kB]
Get:81 http://127.0.0.1:12990/debian sid/main amd64 libmercator-0.3-dev amd64 0.3.3-5 [33.5 kB]
Get:82 http://127.0.0.1:12990/debian sid/main amd64 libsigc++-2.0-0v5 amd64 2.10.2-1 [64.0 kB]
Get:83 http://127.0.0.1:12990/debian sid/main amd64 libsigc++-2.0-dev amd64 2.10.2-1 [118 kB]
Get:84 http://127.0.0.1:12990/debian sid/main amd64 libskstream-0.3-7v5 amd64 0.3.9-4 [38.7 kB]
Get:85 http://127.0.0.1:12990/debian sid/main amd64 libskstream-0.3-dev amd64 0.3.9-4 [21.6 kB]
debconf: delaying package configuration, since apt-utils is not installed
Fetched 66.9 MB in 1s (117 MB/s)
Selecting previously unselected package bsdmainutils.
(Reading database ... 13685 files and directories currently installed.)
Preparing to unpack .../0-bsdmainutils_11.1.2+b1_amd64.deb ...
Unpacking bsdmainutils (11.1.2+b1) ...
Selecting previously unselected package libuchardet0:amd64.
Preparing to unpack .../1-libuchardet0_0.0.6-3_amd64.deb ...
Unpacking libuchardet0:amd64 (0.0.6-3) ...
Selecting previously unselected package groff-base.
Preparing to unpack .../2-groff-base_1.22.4-4_amd64.deb ...
Unpacking groff-base (1.22.4-4) ...
Selecting previously unselected package libpipeline1:amd64.
Preparing to unpack .../3-libpipeline1_1.5.2-2_amd64.deb ...
Unpacking libpipeline1:amd64 (1.5.2-2) ...
Selecting previously unselected package man-db.
Preparing to unpack .../4-man-db_2.9.1-1_amd64.deb ...
Unpacking man-db (2.9.1-1) ...
Selecting previously unselected package libssl1.1:amd64.
Preparing to unpack .../5-libssl1.1_1.1.1g-1_amd64.deb ...
Unpacking libssl1.1:amd64 (1.1.1g-1) ...
Selecting previously unselected package libpython3.8-minimal:amd64.
Preparing to unpack .../6-libpython3.8-minimal_3.8.3~rc1-1_amd64.deb ...
Unpacking libpython3.8-minimal:amd64 (3.8.3~rc1-1) ...
Selecting previously unselected package libexpat1:amd64.
Preparing to unpack .../7-libexpat1_2.2.9-1_amd64.deb ...
Unpacking libexpat1:amd64 (2.2.9-1) ...
Selecting previously unselected package python3.8-minimal.
Preparing to unpack .../8-python3.8-minimal_3.8.3~rc1-1_amd64.deb ...
Unpacking python3.8-minimal (3.8.3~rc1-1) ...
Setting up libssl1.1:amd64 (1.1.1g-1) ...
Setting up libpython3.8-minimal:amd64 (3.8.3~rc1-1) ...
Setting up libexpat1:amd64 (2.2.9-1) ...
Setting up python3.8-minimal (3.8.3~rc1-1) ...
Selecting previously unselected package python3-minimal.
(Reading database ... 14634 files and directories currently installed.)
Preparing to unpack .../0-python3-minimal_3.8.2-3_amd64.deb ...
Unpacking python3-minimal (3.8.2-3) ...
Selecting previously unselected package mime-support.
Preparing to unpack .../1-mime-support_3.64_all.deb ...
Unpacking mime-support (3.64) ...
Selecting previously unselected package libmpdec2:amd64.
Preparing to unpack .../2-libmpdec2_2.4.2-3_amd64.deb ...
Unpacking libmpdec2:amd64 (2.4.2-3) ...
Selecting previously unselected package readline-common.
Preparing to unpack .../3-readline-common_8.0-4_all.deb ...
Unpacking readline-common (8.0-4) ...
Selecting previously unselected package libreadline8:amd64.
Preparing to unpack .../4-libreadline8_8.0-4_amd64.deb ...
Unpacking libreadline8:amd64 (8.0-4) ...
Selecting previously unselected package libsqlite3-0:amd64.
Preparing to unpack .../5-libsqlite3-0_3.31.1-5_amd64.deb ...
Unpacking libsqlite3-0:amd64 (3.31.1-5) ...
Selecting previously unselected package libpython3.8-stdlib:amd64.
Preparing to unpack .../6-libpython3.8-stdlib_3.8.3~rc1-1_amd64.deb ...
Unpacking libpython3.8-stdlib:amd64 (3.8.3~rc1-1) ...
Selecting previously unselected package python3.8.
Preparing to unpack .../7-python3.8_3.8.3~rc1-1_amd64.deb ...
Unpacking python3.8 (3.8.3~rc1-1) ...
Selecting previously unselected package libpython3-stdlib:amd64.
Preparing to unpack .../8-libpython3-stdlib_3.8.2-3_amd64.deb ...
Unpacking libpython3-stdlib:amd64 (3.8.2-3) ...
Setting up python3-minimal (3.8.2-3) ...
Selecting previously unselected package python3.
(Reading database ... 15068 files and directories currently installed.)
Preparing to unpack .../00-python3_3.8.2-3_amd64.deb ...
Unpacking python3 (3.8.2-3) ...
Selecting previously unselected package sensible-utils.
Preparing to unpack .../01-sensible-utils_0.0.12+nmu1_all.deb ...
Unpacking sensible-utils (0.0.12+nmu1) ...
Selecting previously unselected package libmagic-mgc.
Preparing to unpack .../02-libmagic-mgc_1%3a5.38-4_amd64.deb ...
Unpacking libmagic-mgc (1:5.38-4) ...
Selecting previously unselected package libmagic1:amd64.
Preparing to unpack .../03-libmagic1_1%3a5.38-4_amd64.deb ...
Unpacking libmagic1:amd64 (1:5.38-4) ...
Selecting previously unselected package file.
Preparing to unpack .../04-file_1%3a5.38-4_amd64.deb ...
Unpacking file (1:5.38-4) ...
Selecting previously unselected package gettext-base.
Preparing to unpack .../05-gettext-base_0.19.8.1-10_amd64.deb ...
Unpacking gettext-base (0.19.8.1-10) ...
Selecting previously unselected package libsigsegv2:amd64.
Preparing to unpack .../06-libsigsegv2_2.12-2_amd64.deb ...
Unpacking libsigsegv2:amd64 (2.12-2) ...
Selecting previously unselected package m4.
Preparing to unpack .../07-m4_1.4.18-4_amd64.deb ...
Unpacking m4 (1.4.18-4) ...
Selecting previously unselected package autoconf.
Preparing to unpack .../08-autoconf_2.69-11.1_all.deb ...
Unpacking autoconf (2.69-11.1) ...
Selecting previously unselected package autotools-dev.
Preparing to unpack .../09-autotools-dev_20180224.1_all.deb ...
Unpacking autotools-dev (20180224.1) ...
Selecting previously unselected package automake.
Preparing to unpack .../10-automake_1%3a1.16.2-1_all.deb ...
Unpacking automake (1:1.16.2-1) ...
Selecting previously unselected package autopoint.
Preparing to unpack .../11-autopoint_0.19.8.1-10_all.deb ...
Unpacking autopoint (0.19.8.1-10) ...
Selecting previously unselected package libtool.
Preparing to unpack .../12-libtool_2.4.6-14_all.deb ...
Unpacking libtool (2.4.6-14) ...
Selecting previously unselected package dh-autoreconf.
Preparing to unpack .../13-dh-autoreconf_19_all.deb ...
Unpacking dh-autoreconf (19) ...
Selecting previously unselected package libdebhelper-perl.
Preparing to unpack .../14-libdebhelper-perl_13_all.deb ...
Unpacking libdebhelper-perl (13) ...
Selecting previously unselected package libarchive-zip-perl.
Preparing to unpack .../15-libarchive-zip-perl_1.68-1_all.deb ...
Unpacking libarchive-zip-perl (1.68-1) ...
Selecting previously unselected package libsub-override-perl.
Preparing to unpack .../16-libsub-override-perl_0.09-2_all.deb ...
Unpacking libsub-override-perl (0.09-2) ...
Selecting previously unselected package libfile-stripnondeterminism-perl.
Preparing to unpack .../17-libfile-stripnondeterminism-perl_1.8.0-1_all.deb ...
Unpacking libfile-stripnondeterminism-perl (1.8.0-1) ...
Selecting previously unselected package dh-strip-nondeterminism.
Preparing to unpack .../18-dh-strip-nondeterminism_1.8.0-1_all.deb ...
Unpacking dh-strip-nondeterminism (1.8.0-1) ...
Selecting previously unselected package libelf1:amd64.
Preparing to unpack .../19-libelf1_0.176-1.1_amd64.deb ...
Unpacking libelf1:amd64 (0.176-1.1) ...
Selecting previously unselected package dwz.
Preparing to unpack .../20-dwz_0.13-5_amd64.deb ...
Unpacking dwz (0.13-5) ...
Selecting previously unselected package libglib2.0-0:amd64.
Preparing to unpack .../21-libglib2.0-0_2.64.2-1_amd64.deb ...
Unpacking libglib2.0-0:amd64 (2.64.2-1) ...
Selecting previously unselected package libicu63:amd64.
Preparing to unpack .../22-libicu63_63.2-3_amd64.deb ...
Unpacking libicu63:amd64 (63.2-3) ...
Selecting previously unselected package libxml2:amd64.
Preparing to unpack .../23-libxml2_2.9.10+dfsg-5_amd64.deb ...
Unpacking libxml2:amd64 (2.9.10+dfsg-5) ...
Selecting previously unselected package libcroco3:amd64.
Preparing to unpack .../24-libcroco3_0.6.13-1_amd64.deb ...
Unpacking libcroco3:amd64 (0.6.13-1) ...
Selecting previously unselected package gettext.
Preparing to unpack .../25-gettext_0.19.8.1-10_amd64.deb ...
Unpacking gettext (0.19.8.1-10) ...
Selecting previously unselected package intltool-debian.
Preparing to unpack .../26-intltool-debian_0.35.0+20060710.5_all.deb ...
Unpacking intltool-debian (0.35.0+20060710.5) ...
Selecting previously unselected package po-debconf.
Preparing to unpack .../27-po-debconf_1.0.21_all.deb ...
Unpacking po-debconf (1.0.21) ...
Selecting previously unselected package debhelper.
Preparing to unpack .../28-debhelper_13_all.deb ...
Unpacking debhelper (13) ...
Selecting previously unselected package libllvm9:amd64.
Preparing to unpack .../29-libllvm9_1%3a9.0.1-12_amd64.deb ...
Unpacking libllvm9:amd64 (1:9.0.1-12) ...
Selecting previously unselected package libclang1-9.
Preparing to unpack .../30-libclang1-9_1%3a9.0.1-12_amd64.deb ...
Unpacking libclang1-9 (1:9.0.1-12) ...
Selecting previously unselected package libxapian30:amd64.
Preparing to unpack .../31-libxapian30_1.4.15-1_amd64.deb ...
Unpacking libxapian30:amd64 (1.4.15-1) ...
Selecting previously unselected package doxygen.
Preparing to unpack .../32-doxygen_1.8.17-1_amd64.deb ...
Unpacking doxygen (1.8.17-1) ...
Selecting previously unselected package libatlas-cpp-0.6-3:amd64.
Preparing to unpack .../33-libatlas-cpp-0.6-3_0.6.4-2_amd64.deb ...
Unpacking libatlas-cpp-0.6-3:amd64 (0.6.4-2) ...
Selecting previously unselected package pkg-config.
Preparing to unpack .../34-pkg-config_0.29.2-1_amd64.deb ...
Unpacking pkg-config (0.29.2-1) ...
Selecting previously unselected package libatlas-cpp-0.6-tools.
Preparing to unpack .../35-libatlas-cpp-0.6-tools_0.6.4-2_amd64.deb ...
Unpacking libatlas-cpp-0.6-tools (0.6.4-2) ...
Selecting previously unselected package libatlas-cpp-0.6-dev:amd64.
Preparing to unpack .../36-libatlas-cpp-0.6-dev_0.6.4-2_amd64.deb ...
Unpacking libatlas-cpp-0.6-dev:amd64 (0.6.4-2) ...
Selecting previously unselected package uuid-dev:amd64.
Preparing to unpack .../37-uuid-dev_2.34-0.1_amd64.deb ...
Unpacking uuid-dev:amd64 (2.34-0.1) ...
Selecting previously unselected package libblkid-dev:amd64.
Preparing to unpack .../38-libblkid-dev_2.34-0.1_amd64.deb ...
Unpacking libblkid-dev:amd64 (2.34-0.1) ...
Selecting previously unselected package libffi-dev:amd64.
Preparing to unpack .../39-libffi-dev_3.3-4_amd64.deb ...
Unpacking libffi-dev:amd64 (3.3-4) ...
Selecting previously unselected package libglib2.0-data.
Preparing to unpack .../40-libglib2.0-data_2.64.2-1_all.deb ...
Unpacking libglib2.0-data (2.64.2-1) ...
Selecting previously unselected package libglib2.0-bin.
Preparing to unpack .../41-libglib2.0-bin_2.64.2-1_amd64.deb ...
Unpacking libglib2.0-bin (2.64.2-1) ...
Selecting previously unselected package python3-lib2to3.
Preparing to unpack .../42-python3-lib2to3_3.8.2-2_all.deb ...
Unpacking python3-lib2to3 (3.8.2-2) ...
Selecting previously unselected package python3-distutils.
Preparing to unpack .../43-python3-distutils_3.8.2-2_all.deb ...
Unpacking python3-distutils (3.8.2-2) ...
Selecting previously unselected package libglib2.0-dev-bin.
Preparing to unpack .../44-libglib2.0-dev-bin_2.64.2-1_amd64.deb ...
Unpacking libglib2.0-dev-bin (2.64.2-1) ...
Selecting previously unselected package libmount-dev:amd64.
Preparing to unpack .../45-libmount-dev_2.34-0.1_amd64.deb ...
Unpacking libmount-dev:amd64 (2.34-0.1) ...
Selecting previously unselected package libpcre16-3:amd64.
Preparing to unpack .../46-libpcre16-3_2%3a8.39-12+b1_amd64.deb ...
Unpacking libpcre16-3:amd64 (2:8.39-12+b1) ...
Selecting previously unselected package libpcre32-3:amd64.
Preparing to unpack .../47-libpcre32-3_2%3a8.39-12+b1_amd64.deb ...
Unpacking libpcre32-3:amd64 (2:8.39-12+b1) ...
Selecting previously unselected package libpcrecpp0v5:amd64.
Preparing to unpack .../48-libpcrecpp0v5_2%3a8.39-12+b1_amd64.deb ...
Unpacking libpcrecpp0v5:amd64 (2:8.39-12+b1) ...
Selecting previously unselected package libpcre3-dev:amd64.
Preparing to unpack .../49-libpcre3-dev_2%3a8.39-12+b1_amd64.deb ...
Unpacking libpcre3-dev:amd64 (2:8.39-12+b1) ...
Selecting previously unselected package libsepol1-dev:amd64.
Preparing to unpack .../50-libsepol1-dev_3.0-1_amd64.deb ...
Unpacking libsepol1-dev:amd64 (3.0-1) ...
Selecting previously unselected package libpcre2-16-0:amd64.
Preparing to unpack .../51-libpcre2-16-0_10.34-7_amd64.deb ...
Unpacking libpcre2-16-0:amd64 (10.34-7) ...
Selecting previously unselected package libpcre2-32-0:amd64.
Preparing to unpack .../52-libpcre2-32-0_10.34-7_amd64.deb ...
Unpacking libpcre2-32-0:amd64 (10.34-7) ...
Selecting previously unselected package libpcre2-posix2:amd64.
Preparing to unpack .../53-libpcre2-posix2_10.34-7_amd64.deb ...
Unpacking libpcre2-posix2:amd64 (10.34-7) ...
Selecting previously unselected package libpcre2-dev:amd64.
Preparing to unpack .../54-libpcre2-dev_10.34-7_amd64.deb ...
Unpacking libpcre2-dev:amd64 (10.34-7) ...
Selecting previously unselected package libselinux1-dev:amd64.
Preparing to unpack .../55-libselinux1-dev_3.0-1+b3_amd64.deb ...
Unpacking libselinux1-dev:amd64 (3.0-1+b3) ...
Selecting previously unselected package zlib1g-dev:amd64.
Preparing to unpack .../56-zlib1g-dev_1%3a1.2.11.dfsg-2_amd64.deb ...
Unpacking zlib1g-dev:amd64 (1:1.2.11.dfsg-2) ...
Selecting previously unselected package libglib2.0-dev:amd64.
Preparing to unpack .../57-libglib2.0-dev_2.64.2-1_amd64.deb ...
Unpacking libglib2.0-dev:amd64 (2.64.2-1) ...
Selecting previously unselected package libwfmath-1.0-1v5:amd64.
Preparing to unpack .../58-libwfmath-1.0-1v5_1.0.2+dfsg1-6_amd64.deb ...
Unpacking libwfmath-1.0-1v5:amd64 (1.0.2+dfsg1-6) ...
Selecting previously unselected package libmercator-0.3-4:amd64.
Preparing to unpack .../59-libmercator-0.3-4_0.3.3-5_amd64.deb ...
Unpacking libmercator-0.3-4:amd64 (0.3.3-5) ...
Selecting previously unselected package libwfmath-1.0-dev:amd64.
Preparing to unpack .../60-libwfmath-1.0-dev_1.0.2+dfsg1-6_amd64.deb ...
Unpacking libwfmath-1.0-dev:amd64 (1.0.2+dfsg1-6) ...
Selecting previously unselected package libmercator-0.3-dev:amd64.
Preparing to unpack .../61-libmercator-0.3-dev_0.3.3-5_amd64.deb ...
Unpacking libmercator-0.3-dev:amd64 (0.3.3-5) ...
Selecting previously unselected package libsigc++-2.0-0v5:amd64.
Preparing to unpack .../62-libsigc++-2.0-0v5_2.10.2-1_amd64.deb ...
Unpacking libsigc++-2.0-0v5:amd64 (2.10.2-1) ...
Selecting previously unselected package libsigc++-2.0-dev:amd64.
Preparing to unpack .../63-libsigc++-2.0-dev_2.10.2-1_amd64.deb ...
Unpacking libsigc++-2.0-dev:amd64 (2.10.2-1) ...
Selecting previously unselected package libskstream-0.3-7v5:amd64.
Preparing to unpack .../64-libskstream-0.3-7v5_0.3.9-4_amd64.deb ...
Unpacking libskstream-0.3-7v5:amd64 (0.3.9-4) ...
Selecting previously unselected package libskstream-0.3-dev:amd64.
Preparing to unpack .../65-libskstream-0.3-dev_0.3.9-4_amd64.deb ...
Unpacking libskstream-0.3-dev:amd64 (0.3.9-4) ...
Selecting previously unselected package sbuild-build-depends-main-dummy.
Preparing to unpack .../66-sbuild-build-depends-main-dummy_0.invalid.0_amd64.deb ...
Unpacking sbuild-build-depends-main-dummy (0.invalid.0) ...
Setting up libpcrecpp0v5:amd64 (2:8.39-12+b1) ...
Setting up libpipeline1:amd64 (1.5.2-2) ...
Setting up libxapian30:amd64 (1.4.15-1) ...
Setting up mime-support (3.64) ...
Setting up libpcre16-3:amd64 (2:8.39-12+b1) ...
Setting up libmagic-mgc (1:5.38-4) ...
Setting up libarchive-zip-perl (1.68-1) ...
Setting up libglib2.0-0:amd64 (2.64.2-1) ...
No schema files found: doing nothing.
Setting up libdebhelper-perl (13) ...
Setting up libsqlite3-0:amd64 (3.31.1-5) ...
Setting up libmagic1:amd64 (1:5.38-4) ...
Setting up libsepol1-dev:amd64 (3.0-1) ...
Setting up gettext-base (0.19.8.1-10) ...
Setting up libwfmath-1.0-1v5:amd64 (1.0.2+dfsg1-6) ...
Setting up file (1:5.38-4) ...
Setting up libmercator-0.3-4:amd64 (0.3.3-5) ...
Setting up libffi-dev:amd64 (3.3-4) ...
Setting up libpcre2-16-0:amd64 (10.34-7) ...
Setting up libicu63:amd64 (63.2-3) ...
Setting up libatlas-cpp-0.6-3:amd64 (0.6.4-2) ...
Setting up autotools-dev (20180224.1) ...
Setting up libpcre2-32-0:amd64 (10.34-7) ...
Setting up libglib2.0-data (2.64.2-1) ...
Setting up libwfmath-1.0-dev:amd64 (1.0.2+dfsg1-6) ...
Setting up libsigc++-2.0-0v5:amd64 (2.10.2-1) ...
Setting up uuid-dev:amd64 (2.34-0.1) ...
Setting up libsigsegv2:amd64 (2.12-2) ...
Setting up bsdmainutils (11.1.2+b1) ...
update-alternatives: using /usr/bin/bsd-write to provide /usr/bin/write (write) in auto mode
update-alternatives: using /usr/bin/bsd-from to provide /usr/bin/from (from) in auto mode
Setting up libpcre32-3:amd64 (2:8.39-12+b1) ...
Setting up autopoint (0.19.8.1-10) ...
Setting up pkg-config (0.29.2-1) ...
Setting up libpcre2-posix2:amd64 (10.34-7) ...
Setting up libskstream-0.3-7v5:amd64 (0.3.9-4) ...
Setting up zlib1g-dev:amd64 (1:1.2.11.dfsg-2) ...
Setting up sensible-utils (0.0.12+nmu1) ...
Setting up libuchardet0:amd64 (0.0.6-3) ...
Setting up libsub-override-perl (0.09-2) ...
Setting up libmpdec2:amd64 (2.4.2-3) ...
Setting up libatlas-cpp-0.6-tools (0.6.4-2) ...
Setting up libelf1:amd64 (0.176-1.1) ...
Setting up readline-common (8.0-4) ...
Setting up libxml2:amd64 (2.9.10+dfsg-5) ...
Setting up libllvm9:amd64 (1:9.0.1-12) ...
Setting up libfile-stripnondeterminism-perl (1.8.0-1) ...
Setting up libblkid-dev:amd64 (2.34-0.1) ...
Setting up libmercator-0.3-dev:amd64 (0.3.3-5) ...
Setting up libpcre2-dev:amd64 (10.34-7) ...
Setting up libtool (2.4.6-14) ...
Setting up libselinux1-dev:amd64 (3.0-1+b3) ...
Setting up libpcre3-dev:amd64 (2:8.39-12+b1) ...
Setting up libclang1-9 (1:9.0.1-12) ...
Setting up libreadline8:amd64 (8.0-4) ...
Setting up libglib2.0-bin (2.64.2-1) ...
Setting up m4 (1.4.18-4) ...
Setting up libsigc++-2.0-dev:amd64 (2.10.2-1) ...
Setting up doxygen (1.8.17-1) ...
Setting up libskstream-0.3-dev:amd64 (0.3.9-4) ...
Setting up libcroco3:amd64 (0.6.13-1) ...
Setting up autoconf (2.69-11.1) ...
Setting up dh-strip-nondeterminism (1.8.0-1) ...
Setting up libatlas-cpp-0.6-dev:amd64 (0.6.4-2) ...
Setting up dwz (0.13-5) ...
Setting up groff-base (1.22.4-4) ...
Setting up libpython3.8-stdlib:amd64 (3.8.3~rc1-1) ...
Setting up python3.8 (3.8.3~rc1-1) ...
Setting up libmount-dev:amd64 (2.34-0.1) ...
Setting up libpython3-stdlib:amd64 (3.8.2-3) ...
Setting up automake (1:1.16.2-1) ...
update-alternatives: using /usr/bin/automake-1.16 to provide /usr/bin/automake (automake) in auto mode
Setting up gettext (0.19.8.1-10) ...
Setting up python3 (3.8.2-3) ...
Setting up man-db (2.9.1-1) ...
Not building database; man-db/auto-update is not 'true'.
Setting up intltool-debian (0.35.0+20060710.5) ...
Setting up python3-lib2to3 (3.8.2-2) ...
Setting up python3-distutils (3.8.2-2) ...
Setting up libglib2.0-dev-bin (2.64.2-1) ...
Setting up po-debconf (1.0.21) ...
Setting up libglib2.0-dev:amd64 (2.64.2-1) ...
Setting up debhelper (13) ...
Setting up dh-autoreconf (19) ...
Setting up sbuild-build-depends-main-dummy (0.invalid.0) ...
Processing triggers for libc-bin (2.30-4) ...

+------------------------------------------------------------------------------+
| Check architectures                                                          |
+------------------------------------------------------------------------------+

Arch check ok (amd64 included in any all)

+------------------------------------------------------------------------------+
| Build environment                                                            |
+------------------------------------------------------------------------------+

Kernel: Linux 4.19.0-6-cloud-amd64 #1 SMP Debian 4.19.67-2+deb10u2 (2019-11-11) amd64 (x86_64)
Toolchain package versions: binutils_2.34-6 dpkg-dev_1.19.7 g++-9_9.3.0-11 gcc-9_9.3.0-11 libc6-dev_2.30-4 libstdc++-9-dev_9.3.0-11 libstdc++6_10-20200502-1 linux-libc-dev_5.6.7-1
Package versions: adduser_3.118 apt_2.0.2 autoconf_2.69-11.1 automake_1:1.16.2-1 autopoint_0.19.8.1-10 autotools-dev_20180224.1 base-files_11 base-passwd_3.5.47 bash_5.0-6 binutils_2.34-6 binutils-common_2.34-6 binutils-x86-64-linux-gnu_2.34-6 bsdmainutils_11.1.2+b1 bsdutils_1:2.34-0.1 build-essential_12.8 bzip2_1.0.8-2 clang-10_1:10.0.0-4 coreutils_8.30-3+b1 cpp_4:9.2.1-3.1 cpp-9_9.3.0-11 dash_0.5.10.2-7 debconf_1.5.74 debhelper_13 debian-archive-keyring_2019.1 debianutils_4.9.1 dh-autoreconf_19 dh-strip-nondeterminism_1.8.0-1 diffutils_1:3.7-3 doxygen_1.8.17-1 dpkg_1.19.7 dpkg-dev_1.19.7 dwz_0.13-5 e2fsprogs_1.45.6-1 fakeroot_1.24-1 fdisk_2.34-0.1 file_1:5.38-4 findutils_4.7.0-1 g++_4:9.2.1-3.1 g++-9_9.3.0-11 gcc_4:9.2.1-3.1 gcc-10-base_10-20200502-1 gcc-9_9.3.0-11 gcc-9-base_9.3.0-11 gettext_0.19.8.1-10 gettext-base_0.19.8.1-10 gpgv_2.2.20-1 grep_3.4-1 groff-base_1.22.4-4 gzip_1.10-2 hostname_3.23 init-system-helpers_1.57 intltool-debian_0.35.0+20060710.5 lib32gcc-s1_10-20200502-1 lib32gcc1_1:10-20200502-1 lib32stdc++6_10-20200502-1 libacl1_2.2.53-8 libapt-pkg6.0_2.0.2 libarchive-zip-perl_1.68-1 libasan5_9.3.0-11 libatlas-cpp-0.6-3_0.6.4-2 libatlas-cpp-0.6-dev_0.6.4-2 libatlas-cpp-0.6-tools_0.6.4-2 libatomic1_10-20200502-1 libattr1_1:2.4.48-5 libaudit-common_1:2.8.5-3 libaudit1_1:2.8.5-3+b1 libbinutils_2.34-6 libblkid-dev_2.34-0.1 libblkid1_2.34-0.1 libbsd0_0.10.0-1 libbz2-1.0_1.0.8-2 libc-bin_2.30-4 libc-dev-bin_2.30-4 libc6_2.30-4 libc6-dev_2.30-4 libc6-i386_2.30-4 libcap-ng0_0.7.9-2.1+b2 libcc1-0_10-20200502-1 libclang-common-10-dev_1:10.0.0-4 libclang-cpp10_1:10.0.0-4 libclang1-10_1:10.0.0-4 libclang1-9_1:9.0.1-12 libcom-err2_1.45.6-1 libcroco3_0.6.13-1 libcrypt-dev_1:4.4.16-1 libcrypt1_1:4.4.16-1 libctf-nobfd0_2.34-6 libctf0_2.34-6 libdb5.3_5.3.28+dfsg1-0.6 libdebconfclient0_0.251 libdebhelper-perl_13 libdpkg-perl_1.19.7 libedit2_3.1-20191231-1 libelf1_0.176-1.1 libexpat1_2.2.9-1 libext2fs2_1.45.6-1 libfakeroot_1.24-1 libfdisk1_2.34-0.1 libffi-dev_3.3-4 libffi7_3.3-4 libfile-stripnondeterminism-perl_1.8.0-1 libgc1c2_1:7.6.4-0.4 libgcc-9-dev_9.3.0-11 libgcc-s1_10-20200502-1 libgcrypt20_1.8.5-5 libgdbm-compat4_1.18.1-5 libgdbm6_1.18.1-5 libglib2.0-0_2.64.2-1 libglib2.0-bin_2.64.2-1 libglib2.0-data_2.64.2-1 libglib2.0-dev_2.64.2-1 libglib2.0-dev-bin_2.64.2-1 libgmp10_2:6.2.0+dfsg-4 libgnutls30_3.6.13-2 libgomp1_10-20200502-1 libgpg-error0_1.37-1 libhogweed5_3.5.1+really3.5.1-2 libicu63_63.2-3 libidn2-0_2.3.0-1 libisl22_0.22.1-1 libitm1_10-20200502-1 libllvm10_1:10.0.0-4 libllvm9_1:9.0.1-12 liblsan0_10-20200502-1 liblz4-1_1.9.2-2 liblzma5_5.2.4-1+b1 libmagic-mgc_1:5.38-4 libmagic1_1:5.38-4 libmercator-0.3-4_0.3.3-5 libmercator-0.3-dev_0.3.3-5 libmount-dev_2.34-0.1 libmount1_2.34-0.1 libmpc3_1.1.0-1 libmpdec2_2.4.2-3 libmpfr6_4.0.2-1 libncursesw6_6.2-1 libnettle7_3.5.1+really3.5.1-2 libobjc-9-dev_9.3.0-11 libobjc4_10-20200502-1 libomp-10-dev_1:10.0.0-4 libomp5-10_1:10.0.0-4 libp11-kit0_0.23.20-1 libpam-modules_1.3.1-5 libpam-modules-bin_1.3.1-5 libpam-runtime_1.3.1-5 libpam0g_1.3.1-5 libpcre16-3_2:8.39-12+b1 libpcre2-16-0_10.34-7 libpcre2-32-0_10.34-7 libpcre2-8-0_10.34-7 libpcre2-dev_10.34-7 libpcre2-posix2_10.34-7 libpcre3_2:8.39-12+b1 libpcre3-dev_2:8.39-12+b1 libpcre32-3_2:8.39-12+b1 libpcrecpp0v5_2:8.39-12+b1 libperl5.30_5.30.0-10 libpipeline1_1.5.2-2 libpython3-stdlib_3.8.2-3 libpython3.8-minimal_3.8.3~rc1-1 libpython3.8-stdlib_3.8.3~rc1-1 libquadmath0_10-20200502-1 libreadline8_8.0-4 libseccomp2_2.4.3-1+b1 libselinux1_3.0-1+b3 libselinux1-dev_3.0-1+b3 libsemanage-common_3.0-1 libsemanage1_3.0-1+b3 libsepol1_3.0-1 libsepol1-dev_3.0-1 libsigc++-2.0-0v5_2.10.2-1 libsigc++-2.0-dev_2.10.2-1 libsigsegv2_2.12-2 libskstream-0.3-7v5_0.3.9-4 libskstream-0.3-dev_0.3.9-4 libsmartcols1_2.34-0.1 libsqlite3-0_3.31.1-5 libss2_1.45.6-1 libssl1.1_1.1.1g-1 libstdc++-9-dev_9.3.0-11 libstdc++6_10-20200502-1 libsub-override-perl_0.09-2 libsystemd0_245.5-2 libtasn1-6_4.16.0-2 libtinfo6_6.2-1 libtool_2.4.6-14 libtsan0_10-20200502-1 libubsan1_10-20200502-1 libuchardet0_0.0.6-3 libudev1_245.5-2 libunistring2_0.9.10-2 libuuid1_2.34-0.1 libwfmath-1.0-1v5_1.0.2+dfsg1-6 libwfmath-1.0-dev_1.0.2+dfsg1-6 libxapian30_1.4.15-1 libxml2_2.9.10+dfsg-5 libz3-4_4.8.7-4 libzstd1_1.4.4+dfsg-3 linux-libc-dev_5.6.7-1 login_1:4.8.1-1 logsave_1.45.6-1 lsb-base_11.1.0 m4_1.4.18-4 make_4.2.1-1.3 man-db_2.9.1-1 mawk_1.3.4.20200120-2 mime-support_3.64 mount_2.34-0.1 ncurses-base_6.2-1 ncurses-bin_6.2-1 passwd_1:4.8.1-1 patch_2.7.6-6 perl_5.30.0-10 perl-base_5.30.0-10 perl-modules-5.30_5.30.0-10 pkg-config_0.29.2-1 po-debconf_1.0.21 python3_3.8.2-3 python3-distutils_3.8.2-2 python3-lib2to3_3.8.2-2 python3-minimal_3.8.2-3 python3.8_3.8.3~rc1-1 python3.8-minimal_3.8.3~rc1-1 qt5-qmake_5.12.5+dfsg-10 qt5-qmake-bin_5.12.5+dfsg-10 qtchooser_66-2 readline-common_8.0-4 sbuild-build-depends-main-dummy_0.invalid.0 sed_4.7-1 sensible-utils_0.0.12+nmu1 sysvinit-utils_2.96-3 tar_1.30+dfsg-7 tzdata_2020a-1 util-linux_2.34-0.1 uuid-dev_2.34-0.1 xz-utils_5.2.4-1+b1 zlib1g_1:1.2.11.dfsg-2 zlib1g-dev_1:1.2.11.dfsg-2

+------------------------------------------------------------------------------+
| Build                                                                        |
+------------------------------------------------------------------------------+


Unpack source
-------------

-----BEGIN PGP SIGNED MESSAGE-----
Hash: SHA512

Format: 3.0 (quilt)
Source: eris
Binary: liberis-1.3-21, liberis-1.3-dev, liberis-doc
Architecture: any all
Version: 1.3.23-7
Maintainer: Debian Games Team <pkg-games-devel@lists.alioth.debian.org>
Uploaders: Olek Wojnar <olekw.dev@gmail.com>
Homepage: https://www.worldforge.org/
Standards-Version: 4.2.1
Vcs-Browser: https://salsa.debian.org/games-team/eris
Vcs-Git: https://salsa.debian.org/games-team/eris.git
Build-Depends: debhelper (>= 11), libatlas-cpp-0.6-dev (>= 0.6.3), libglib2.0-dev, libmercator-0.3-dev (>= 0.3.3), libsigc++-2.0-dev, libskstream-0.3-dev (>= 0.3.9), libwfmath-1.0-dev, dpkg-dev (>= 1.16.1.1)
Build-Depends-Indep: doxygen
Build-Conflicts: libsigc++-1.2-dev, libsigc-perl, libsigcoperl-dev
Package-List:
 liberis-1.3-21 deb libs optional arch=any
 liberis-1.3-dev deb libdevel optional arch=any
 liberis-doc deb doc optional arch=all
Checksums-Sha1:
 14c3908feea058c92d14b93f163fd9d206fa8e9b 412008 eris_1.3.23.orig.tar.xz
 ceb6e21ea8c4c00fd38855e81fbdb36fe083fd03 15432 eris_1.3.23-7.debian.tar.xz
Checksums-Sha256:
 29ad7013445b8347ece9488824e66faa829574e19238af9ca4ad66b99b034555 412008 eris_1.3.23.orig.tar.xz
 44574ce34d53e4c2fb2c6967a4ad0e16219559e05befb85fef26f67eb78aa24c 15432 eris_1.3.23-7.debian.tar.xz
Files:
 9c7c9921e5930585f46bf27ac6c0926e 412008 eris_1.3.23.orig.tar.xz
 80abb54b05d905806b42a71e8a3cb7ba 15432 eris_1.3.23-7.debian.tar.xz

-----BEGIN PGP SIGNATURE-----

iQIzBAEBCgAdFiEELejiDiSiH9jtG0ynfYPUBqCdweQFAlu1I3kACgkQfYPUBqCd
weQU+w/+Nv/xsRF78VcgFko3Q+OV1/0tIsnLSwwbqrdKMmgVqQ88dqo02aBoaPoW
vwXipSA65S85rpljk+gHMwE0xQSyxptRRBr1GrGZh2GRYoRSqxJBsRpip/EhB68X
j0/CeTi/CWPuUIhaM/ROSsOnrwQlkoS957UkOn1/YoabAWnk4J/EQ5f8gVmRluXp
fKtGbb1+8lZ1ISnY2JjVWYxjj9DJP/8lyPuRT3UG+1OX31ELZ4u5+P2nunfLIwaG
c3ABCknZ87R5KFqYokOnYNXXijEIgVqGPhdTibMRpQmnIEm8K65rosmMVCx1Ldho
snFAcznb9SUD8ktHEaj69V0jVmtTDSRc140YgTdQEwO7AfkrhGLe9PhyDtvhMUAB
ndzcBKR9cYvWD1/aMvba8qrOpHSyQP93/LTtU/Tj910HtBHHpfQqpJ/ks9Uq9AfF
s7Ygm/vI4VAZoHGbFYgAYLG4ZTzRSrcDkPqZ/Se/HbkU1sDECxgGj8QreXk5zkxE
HS/+glPaWwsJCjH9KC/aj8/Tb8rEuqJJpBdiYkG7RNJxNc2/JKMnoS8/fAdvgjg/
G5nFlWXuyScx8bkGdgHnr1ttjy2O5xPKFZfBh+cXdIqjUKCq/i5CtJI1EbrE8++V
b/xZwReiFocsYmvz8+dwcRMxbF3yUmOw9LQ/QZvZOLe0T7UPquo=
=CQGY
-----END PGP SIGNATURE-----

gpgv: unknown type of key resource 'trustedkeys.kbx'
gpgv: keyblock resource '/sbuild-nonexistent/.gnupg/trustedkeys.kbx': General error
gpgv: Signature made Wed Oct  3 20:15:53 2018 UTC
gpgv:                using RSA key 2DE8E20E24A21FD8ED1B4CA77D83D406A09DC1E4
gpgv: Can't check signature: No public key
dpkg-source: warning: failed to verify signature on ./eris_1.3.23-7.dsc
dpkg-source: info: extracting eris in /<<PKGBUILDDIR>>
dpkg-source: info: unpacking eris_1.3.23.orig.tar.xz
dpkg-source: info: unpacking eris_1.3.23-7.debian.tar.xz
dpkg-source: info: using patch list from debian/patches/series
dpkg-source: info: applying 01-disable-silent-rules.patch
dpkg-source: info: applying 02-disable-two-network-tests.patch

Check disk space
----------------

Sufficient free space for build

User Environment
----------------

APT_CONFIG=/var/lib/sbuild/apt.conf
HOME=/sbuild-nonexistent
LANG=C.UTF-8
LC_ALL=C.UTF-8
LOGNAME=user42
PATH=/usr/local/sbin:/usr/local/bin:/usr/sbin:/usr/bin:/sbin:/bin:/usr/games
SCHROOT_ALIAS_NAME=unstable
SCHROOT_CHROOT_NAME=sid-amd64-sbuild
SCHROOT_COMMAND=env
SCHROOT_GID=1001
SCHROOT_GROUP=user42
SCHROOT_SESSION_ID=sid-amd64-sbuild-1344eb38-a714-4c4b-bf4c-cf6b9367b569
SCHROOT_UID=1001
SCHROOT_USER=user42
SHELL=/bin/sh
USER=user42

dpkg-buildpackage
-----------------

Command: dpkg-buildpackage -us -uc -b -rfakeroot
dpkg-buildpackage: info: source package eris
dpkg-buildpackage: info: source version 1.3.23-7
dpkg-buildpackage: info: source distribution unstable
dpkg-buildpackage: info: source changed by Olek Wojnar <olekw.dev@gmail.com>
 dpkg-source --before-build .
dpkg-buildpackage: info: host architecture amd64
 fakeroot debian/rules clean
dh clean
   debian/rules override_dh_auto_clean
make[1]: Entering directory '/<<PKGBUILDDIR>>'
rm -rf docs
dh_auto_clean
make[1]: Leaving directory '/<<PKGBUILDDIR>>'
   dh_clean
 debian/rules build
dh build
   dh_update_autotools_config
   dh_autoreconf
libtoolize: putting auxiliary files in '.'.
libtoolize: copying file './ltmain.sh'
libtoolize: putting macros in AC_CONFIG_MACRO_DIRS, 'm4'.
libtoolize: copying file 'm4/libtool.m4'
libtoolize: copying file 'm4/ltoptions.m4'
libtoolize: copying file 'm4/ltsugar.m4'
libtoolize: copying file 'm4/ltversion.m4'
libtoolize: copying file 'm4/lt~obsolete.m4'
configure.ac:27: installing './compile'
configure.ac:16: installing './missing'
Eris/Makefile.am: installing './depcomp'
test/Makefile.am:56: warning: variable 'BaseConnection_unittest_SOURCES' is defined but no program or
test/Makefile.am:56: library has 'BaseConnection_unittest' as canonical name (possible typo)
test/Makefile.am:64: warning: variable 'Connection_unittest_SOURCES' is defined but no program or
test/Makefile.am:64: library has 'Connection_unittest' as canonical name (possible typo)
   dh_auto_configure
	./configure --build=x86_64-linux-gnu --prefix=/usr --includedir=\${prefix}/include --mandir=\${prefix}/share/man --infodir=\${prefix}/share/info --sysconfdir=/etc --localstatedir=/var --disable-silent-rules --libdir=\${prefix}/lib/x86_64-linux-gnu --libexecdir=\${prefix}/lib/x86_64-linux-gnu --runstatedir=/run --disable-maintainer-mode --disable-dependency-tracking
configure: WARNING: unrecognized options: --disable-maintainer-mode
checking build system type... x86_64-pc-linux-gnu
checking host system type... x86_64-pc-linux-gnu
checking for a BSD-compatible install... /usr/bin/install -c
checking whether build environment is sane... yes
checking for a thread-safe mkdir -p... /bin/mkdir -p
checking for gawk... no
checking for mawk... mawk
checking whether make sets $(MAKE)... yes
checking whether make supports nested variables... yes
checking how to print strings... printf
checking whether make supports the include directive... yes (GNU style)
checking for gcc... gcc
checking whether the C compiler works... yes
checking for C compiler default output file name... a.out
checking for suffix of executables... 
checking whether we are cross compiling... no
checking for suffix of object files... o
checking whether we are using the GNU C compiler... yes
checking whether gcc accepts -g... yes
checking for gcc option to accept ISO C89... none needed
checking whether gcc understands -c and -o together... yes
checking dependency style of gcc... none
checking for a sed that does not truncate output... /bin/sed
checking for grep that handles long lines and -e... /bin/grep
checking for egrep... /bin/grep -E
checking for fgrep... /bin/grep -F
checking for ld used by gcc... /usr/bin/ld
checking if the linker (/usr/bin/ld) is GNU ld... yes
checking for BSD- or MS-compatible name lister (nm)... /usr/bin/nm -B
checking the name lister (/usr/bin/nm -B) interface... BSD nm
checking whether ln -s works... yes
checking the maximum length of command line arguments... 1572864
checking how to convert x86_64-pc-linux-gnu file names to x86_64-pc-linux-gnu format... func_convert_file_noop
checking how to convert x86_64-pc-linux-gnu file names to toolchain format... func_convert_file_noop
checking for /usr/bin/ld option to reload object files... -r
checking for objdump... objdump
checking how to recognize dependent libraries... pass_all
checking for dlltool... no
checking how to associate runtime and link libraries... printf %s\n
checking for ar... ar
checking for archiver @FILE support... @
checking for strip... strip
checking for ranlib... ranlib
checking command to parse /usr/bin/nm -B output from gcc object... ok
checking for sysroot... no
checking for a working dd... /bin/dd
checking how to truncate binary pipes... /bin/dd bs=4096 count=1
checking for mt... no
checking if : is a manifest tool... no
checking how to run the C preprocessor... gcc -E
checking for ANSI C header files... yes
checking for sys/types.h... yes
checking for sys/stat.h... yes
checking for stdlib.h... yes
checking for string.h... yes
checking for memory.h... yes
checking for strings.h... yes
checking for inttypes.h... yes
checking for stdint.h... yes
checking for unistd.h... yes
checking for dlfcn.h... yes
checking for objdir... .libs
checking if gcc supports -fno-rtti -fno-exceptions... yes
checking for gcc option to produce PIC... -fPIC -DPIC
checking if gcc PIC flag -fPIC -DPIC works... yes
checking if gcc static flag -static works... yes
checking if gcc supports -c -o file.o... yes
checking if gcc supports -c -o file.o... (cached) yes
checking whether the gcc linker (/usr/bin/ld -m elf_x86_64) supports shared libraries... yes
checking whether -lc should be explicitly linked in... no
checking dynamic linker characteristics... GNU/Linux ld.so
checking how to hardcode library paths into programs... immediate
checking whether stripping libraries is possible... yes
checking if libtool supports shared libraries... yes
checking whether to build shared libraries... yes
checking whether to build static libraries... no
checking for g++... g++
checking whether we are using the GNU C++ compiler... yes
checking whether g++ accepts -g... yes
checking dependency style of g++... none
checking how to run the C++ preprocessor... g++ -E
checking for ld used by g++... /usr/bin/ld -m elf_x86_64
checking if the linker (/usr/bin/ld -m elf_x86_64) is GNU ld... yes
checking whether the g++ linker (/usr/bin/ld -m elf_x86_64) supports shared libraries... yes
checking for g++ option to produce PIC... -fPIC -DPIC
checking if g++ PIC flag -fPIC -DPIC works... yes
checking if g++ static flag -static works... yes
checking if g++ supports -c -o file.o... yes
checking if g++ supports -c -o file.o... (cached) yes
checking whether the g++ linker (/usr/bin/ld -m elf_x86_64) supports shared libraries... yes
checking dynamic linker characteristics... (cached) GNU/Linux ld.so
checking how to hardcode library paths into programs... immediate
checking whether g++ supports C++11 features by default... yes
checking for llrint... yes
checking for lrintf... yes
checking for rintf... yes
checking for rint... yes
checking for fabsf... yes
checking for mingw32... no
checking for pkg-config... /usr/bin/pkg-config
checking pkg-config is at least version 0.9.0... yes
checking for SIGC... yes
checking for WF... yes
checking for GLIB... yes
checking that generated files are newer than configure... done
configure: creating ./config.status
config.status: creating Makefile
config.status: creating Eris/Makefile
config.status: creating bindings/Makefile
config.status: creating bindings/polls/Makefile
config.status: creating bindings/polls/glib/Makefile
config.status: creating bindings/polls/winsock/Makefile
config.status: creating bindings/perl/compile_flags.pl
config.status: creating test/Makefile
config.status: creating eris.dox
config.status: creating eris.spec
config.status: creating mingw32-eris.spec
config.status: creating eris-1.3.pc
config.status: creating config.h
config.status: executing depfiles commands
config.status: executing libtool commands
configure: WARNING: unrecognized options: --disable-maintainer-mode
   debian/rules override_dh_auto_build-indep
make[1]: Entering directory '/<<PKGBUILDDIR>>'
/usr/bin/make docs
make[2]: Entering directory '/<<PKGBUILDDIR>>'
doxygen eris.dox
warning: Tag 'SYMBOL_CACHE_SIZE' at line 327 of file 'eris.dox' has become obsolete.
         To avoid this warning please remove this line from your configuration file or upgrade it using "doxygen -u"
warning: Tag 'SHOW_DIRECTORIES' at line 547 of file 'eris.dox' has become obsolete.
         To avoid this warning please remove this line from your configuration file or upgrade it using "doxygen -u"
warning: Tag 'HTML_ALIGN_MEMBERS' at line 942 of file 'eris.dox' has become obsolete.
         To avoid this warning please remove this line from your configuration file or upgrade it using "doxygen -u"
warning: Tag 'USE_INLINE_TREES' at line 1133 of file 'eris.dox' has become obsolete.
         To avoid this warning please remove this line from your configuration file or upgrade it using "doxygen -u"
warning: Tag 'XML_SCHEMA' at line 1396 of file 'eris.dox' has become obsolete.
         To avoid this warning please remove this line from your configuration file or upgrade it using "doxygen -u"
warning: Tag 'XML_DTD' at line 1402 of file 'eris.dox' has become obsolete.
         To avoid this warning please remove this line from your configuration file or upgrade it using "doxygen -u"
warning: Tag 'PERL_PATH' at line 1567 of file 'eris.dox' has become obsolete.
         To avoid this warning please remove this line from your configuration file or upgrade it using "doxygen -u"
warning: Tag 'MSCGEN_PATH' at line 1588 of file 'eris.dox' has become obsolete.
         To avoid this warning please remove this line from your configuration file or upgrade it using "doxygen -u"
Notice: Output directory 'docs' does not exist. I have created it for you.
Searching for include files...
Searching for example files...
Searching for images...
Searching for dot files...
Searching for msc files...
Searching for dia files...
Searching for files to exclude
Searching INPUT for files to process...
Searching for files in directory /<<PKGBUILDDIR>>/Eris
Reading and parsing tag files
Parsing files
Preprocessing /<<PKGBUILDDIR>>/Eris/Account.cpp...
Parsing file /<<PKGBUILDDIR>>/Eris/Account.cpp...
Preprocessing /<<PKGBUILDDIR>>/Eris/Account.h...
Parsing file /<<PKGBUILDDIR>>/Eris/Account.h...
Preprocessing /<<PKGBUILDDIR>>/Eris/Alarm.cpp...
Parsing file /<<PKGBUILDDIR>>/Eris/Alarm.cpp...
Preprocessing /<<PKGBUILDDIR>>/Eris/Alarm.h...
Parsing file /<<PKGBUILDDIR>>/Eris/Alarm.h...
Preprocessing /<<PKGBUILDDIR>>/Eris/Avatar.cpp...
Parsing file /<<PKGBUILDDIR>>/Eris/Avatar.cpp...
Preprocessing /<<PKGBUILDDIR>>/Eris/Avatar.h...
Parsing file /<<PKGBUILDDIR>>/Eris/Avatar.h...
Preprocessing /<<PKGBUILDDIR>>/Eris/BaseConnection.cpp...
Parsing file /<<PKGBUILDDIR>>/Eris/BaseConnection.cpp...
Preprocessing /<<PKGBUILDDIR>>/Eris/BaseConnection.h...
Parsing file /<<PKGBUILDDIR>>/Eris/BaseConnection.h...
Preprocessing /<<PKGBUILDDIR>>/Eris/Calendar.cpp...
Parsing file /<<PKGBUILDDIR>>/Eris/Calendar.cpp...
Preprocessing /<<PKGBUILDDIR>>/Eris/Calendar.h...
Parsing file /<<PKGBUILDDIR>>/Eris/Calendar.h...
Preprocessing /<<PKGBUILDDIR>>/Eris/CharacterType.cpp...
Parsing file /<<PKGBUILDDIR>>/Eris/CharacterType.cpp...
Preprocessing /<<PKGBUILDDIR>>/Eris/CharacterType.h...
Parsing file /<<PKGBUILDDIR>>/Eris/CharacterType.h...
Preprocessing /<<PKGBUILDDIR>>/Eris/Connection.cpp...
Parsing file /<<PKGBUILDDIR>>/Eris/Connection.cpp...
Preprocessing /<<PKGBUILDDIR>>/Eris/Connection.h...
Parsing file /<<PKGBUILDDIR>>/Eris/Connection.h...
Preprocessing /<<PKGBUILDDIR>>/Eris/CustomEntities.cpp...
Parsing file /<<PKGBUILDDIR>>/Eris/CustomEntities.cpp...
Preprocessing /<<PKGBUILDDIR>>/Eris/CustomEntities.h...
Parsing file /<<PKGBUILDDIR>>/Eris/CustomEntities.h...
Preprocessing /<<PKGBUILDDIR>>/Eris/DeleteLater.cpp...
Parsing file /<<PKGBUILDDIR>>/Eris/DeleteLater.cpp...
Preprocessing /<<PKGBUILDDIR>>/Eris/DeleteLater.h...
Parsing file /<<PKGBUILDDIR>>/Eris/DeleteLater.h...
Preprocessing /<<PKGBUILDDIR>>/Eris/Entity.cpp...
Parsing file /<<PKGBUILDDIR>>/Eris/Entity.cpp...
Preprocessing /<<PKGBUILDDIR>>/Eris/Entity.h...
Parsing file /<<PKGBUILDDIR>>/Eris/Entity.h...
Preprocessing /<<PKGBUILDDIR>>/Eris/EntityRef.cpp...
Parsing file /<<PKGBUILDDIR>>/Eris/EntityRef.cpp...
Preprocessing /<<PKGBUILDDIR>>/Eris/EntityRef.h...
Parsing file /<<PKGBUILDDIR>>/Eris/EntityRef.h...
Preprocessing /<<PKGBUILDDIR>>/Eris/EntityRouter.cpp...
Parsing file /<<PKGBUILDDIR>>/Eris/EntityRouter.cpp...
Preprocessing /<<PKGBUILDDIR>>/Eris/EntityRouter.h...
Parsing file /<<PKGBUILDDIR>>/Eris/EntityRouter.h...
Preprocessing /<<PKGBUILDDIR>>/Eris/Exceptions.cpp...
Parsing file /<<PKGBUILDDIR>>/Eris/Exceptions.cpp...
Preprocessing /<<PKGBUILDDIR>>/Eris/Exceptions.h...
Parsing file /<<PKGBUILDDIR>>/Eris/Exceptions.h...
Preprocessing /<<PKGBUILDDIR>>/Eris/Factory.cpp...
Parsing file /<<PKGBUILDDIR>>/Eris/Factory.cpp...
Preprocessing /<<PKGBUILDDIR>>/Eris/Factory.h...
Parsing file /<<PKGBUILDDIR>>/Eris/Factory.h...
Preprocessing /<<PKGBUILDDIR>>/Eris/IGRouter.cpp...
Parsing file /<<PKGBUILDDIR>>/Eris/IGRouter.cpp...
Preprocessing /<<PKGBUILDDIR>>/Eris/IGRouter.h...
Parsing file /<<PKGBUILDDIR>>/Eris/IGRouter.h...
Preprocessing /<<PKGBUILDDIR>>/Eris/iround.h...
Parsing file /<<PKGBUILDDIR>>/Eris/iround.h...
Preprocessing /<<PKGBUILDDIR>>/Eris/Lobby.cpp...
Parsing file /<<PKGBUILDDIR>>/Eris/Lobby.cpp...
Preprocessing /<<PKGBUILDDIR>>/Eris/Lobby.h...
Parsing file /<<PKGBUILDDIR>>/Eris/Lobby.h...
Preprocessing /<<PKGBUILDDIR>>/Eris/Log.cpp...
Parsing file /<<PKGBUILDDIR>>/Eris/Log.cpp...
Preprocessing /<<PKGBUILDDIR>>/Eris/Log.h...
Parsing file /<<PKGBUILDDIR>>/Eris/Log.h...
Preprocessing /<<PKGBUILDDIR>>/Eris/LogStream.h...
Parsing file /<<PKGBUILDDIR>>/Eris/LogStream.h...
Preprocessing /<<PKGBUILDDIR>>/Eris/MetaQuery.cpp...
Parsing file /<<PKGBUILDDIR>>/Eris/MetaQuery.cpp...
Preprocessing /<<PKGBUILDDIR>>/Eris/MetaQuery.h...
Parsing file /<<PKGBUILDDIR>>/Eris/MetaQuery.h...
Preprocessing /<<PKGBUILDDIR>>/Eris/Metaserver.cpp...
Parsing file /<<PKGBUILDDIR>>/Eris/Metaserver.cpp...
Preprocessing /<<PKGBUILDDIR>>/Eris/Metaserver.h...
Parsing file /<<PKGBUILDDIR>>/Eris/Metaserver.h...
Preprocessing /<<PKGBUILDDIR>>/Eris/Operations.cpp...
Parsing file /<<PKGBUILDDIR>>/Eris/Operations.cpp...
Preprocessing /<<PKGBUILDDIR>>/Eris/Operations.h...
Parsing file /<<PKGBUILDDIR>>/Eris/Operations.h...
Preprocessing /<<PKGBUILDDIR>>/Eris/Person.cpp...
Parsing file /<<PKGBUILDDIR>>/Eris/Person.cpp...
Preprocessing /<<PKGBUILDDIR>>/Eris/Person.h...
Parsing file /<<PKGBUILDDIR>>/Eris/Person.h...
Preprocessing /<<PKGBUILDDIR>>/Eris/Poll.h...
Parsing file /<<PKGBUILDDIR>>/Eris/Poll.h...
Preprocessing /<<PKGBUILDDIR>>/Eris/PollDefault.cpp...
Parsing file /<<PKGBUILDDIR>>/Eris/PollDefault.cpp...
Preprocessing /<<PKGBUILDDIR>>/Eris/PollDefault.h...
Parsing file /<<PKGBUILDDIR>>/Eris/PollDefault.h...
Preprocessing /<<PKGBUILDDIR>>/Eris/Redispatch.cpp...
Parsing file /<<PKGBUILDDIR>>/Eris/Redispatch.cpp...
Preprocessing /<<PKGBUILDDIR>>/Eris/Redispatch.h...
Parsing file /<<PKGBUILDDIR>>/Eris/Redispatch.h...
Preprocessing /<<PKGBUILDDIR>>/Eris/Response.cpp...
Parsing file /<<PKGBUILDDIR>>/Eris/Response.cpp...
Preprocessing /<<PKGBUILDDIR>>/Eris/Response.h...
Parsing file /<<PKGBUILDDIR>>/Eris/Response.h...
Preprocessing /<<PKGBUILDDIR>>/Eris/Room.cpp...
Parsing file /<<PKGBUILDDIR>>/Eris/Room.cpp...
Preprocessing /<<PKGBUILDDIR>>/Eris/Room.h...
Parsing file /<<PKGBUILDDIR>>/Eris/Room.h...
Preprocessing /<<PKGBUILDDIR>>/Eris/Router.cpp...
Parsing file /<<PKGBUILDDIR>>/Eris/Router.cpp...
Preprocessing /<<PKGBUILDDIR>>/Eris/Router.h...
Parsing file /<<PKGBUILDDIR>>/Eris/Router.h...
Preprocessing /<<PKGBUILDDIR>>/Eris/ServerInfo.cpp...
Parsing file /<<PKGBUILDDIR>>/Eris/ServerInfo.cpp...
Preprocessing /<<PKGBUILDDIR>>/Eris/ServerInfo.h...
Parsing file /<<PKGBUILDDIR>>/Eris/ServerInfo.h...
Preprocessing /<<PKGBUILDDIR>>/Eris/SpawnPoint.cpp...
Parsing file /<<PKGBUILDDIR>>/Eris/SpawnPoint.cpp...
Preprocessing /<<PKGBUILDDIR>>/Eris/SpawnPoint.h...
Parsing file /<<PKGBUILDDIR>>/Eris/SpawnPoint.h...
Preprocessing /<<PKGBUILDDIR>>/Eris/Task.cpp...
Parsing file /<<BUILDDIR>>/eris-/<<PKGBUILDDIR>>/Eris/UIFactory.h:185: warning: Compound Eris::UI::SlotFactory is not documented.
/<<PKGBUILDDIR>>/Eris/UIFactory.h:158: warning: Compound Eris::UI::FrameFactory::Gen is not documented.
/<<PKGBUILDDIR>>/Eris/UIFactory.h:146: warning: Compound Eris::UI::FrameFactory is not documented.
/<<PKGBUILDDIR>>/Eris/UIFactory.h:90: warning: Compound Eris::UI::Factory::BaseGen is not documented.
/<<PKGBUILDDIR>>/Eris/UIFactory.h:68: warning: Compound Eris::UI::FrameElement is not documented.
/<<PKGBUILDDIR>>/Eris/UIFactory.h:62: warning: Compound Eris::UI::SlotElement is not documented.
/<<PKGBUILDDIR>>/Eris/LogStream.h:56: warning: Compound Eris::error is not documented.
/<<PKGBUILDDIR>>/Eris/IGRouter.h:14: warning: Compound Eris::IGRouter is not documented.
/<<PKGBUILDDIR>>/Eris/Operations.h:27: warning: Compound Atlas::Objects::Operation::Unseen is not documented.
/<<PKGBUILDDIR>>/Eris/Exceptions.h:49: warning: Compound Eris::NetworkFailure is not documented.
/<<PKGBUILDDIR>>/Eris/TimedEventService.h:38: warning: Compound Eris::EventsByDueOrdering is not documented.
/<<PKGBUILDDIR>>/Eris/Exceptions.h:29: warning: Compound Eris::InvalidOperation is not documented.
/<<PKGBUILDDIR>>/Eris/EntityRouter.h:10: warning: Compound Eris::EntityRouter is not documented.
/<<PKGBUILDDIR>>/Eris/UIFactory.h:98: warning: Compound Eris::UI::Factory::Gen is not documented.
/<<PKGBUILDDIR>>/Eris/Calendar.h:58: warning: Compound Eris::Calendar is not documented.
/<<PKGBUILDDIR>>/Eris/DeleteLater.h:16: warning: Compound Eris::DerivedDeleteLater is not documented.
/<<PKGBUILDDIR>>/Eris/Alarm.h:14: warning: Compound Eris::Alarm is not documented.
/<<PKGBUILDDIR>>/Eris/LogStream.h:22: warning: Compound Eris::logStreamBase is not documented.
/<<PKGBUILDDIR>>/Eris/TimedEventService.h:47: warning: Compound Eris::TimedEventService is not documented.
/<<PKGBUILDDIR>>/Eris/Lobby.cpp:32: warning: Compound Eris::OOGRouter is not documented.
/<<PKGBUILDDIR>>/Eris/EntityRef.h:15: warning: Compound Eris::EntityRef is not documented.
/<<PKGBUILDDIR>>/Eris/UIFactory.h:87: warning: Compound Eris::UI::Factory is not documented.
/<<PKGBUILDDIR>>/Eris/LogStream.h:36: warning: Compound Eris::debug is not documented.
/<<PKGBUILDDIR>>/Eris/DeleteLater.h:8: warning: Compound Eris::BaseDeleteLater is not documented.
/<<PKGBUILDDIR>>/Eris/Account.cpp:36: warning: Compound Eris::AccountRouter is not documented.
/<<PKGBUILDDIR>>/Eris/Response.h:23: warning: Compound Eris::NullResponse is not documented.
/<<PKGBUILDDIR>>/Eris/Operations.h:17: warning: Compound Atlas::Objects::Operation::Attack is not documented.
/<<PKGBUILDDIR>>/Eris/Task.h:26: warning: Compound Eris::Task is not documented.
/<<PKGBUILDDIR>>/Eris/Response.h:11: warning: Compound Eris::ResponseBase is not documented.
/<<PKGBUILDDIR>>/Eris/Response.h:32: warning: Compound Eris::MemberResponse is not documented.
/<<PKGBUILDDIR>>/Eris/Poll.h:12: warning: Compound Eris::PollData is not documented.
/<<PKGBUILDDIR>>/Eris/Poll.h:21: warning: Compound Eris::Poll is not documented.
/<<PKGBUILDDIR>>/Eris/TypeBoundRedispatch.h:14: warning: Compound Eris::TypeBoundRedispatch is not documented.
/<<PKGBUILDDIR>>/Eris/PollDefault.cpp:34: warning: Compound Eris::PollDataDefault is not documented.
/<<PKGBUILDDIR>>/Eris/PollDefault.h:13: warning: Compound Eris::PollDefault is not documented.
/<<PKGBUILDDIR>>/Eris/Redispatch.h:16: warning: Compound Eris::Redispatch is not documented.
/<<PKGBUILDDIR>>/Eris/Response.h:60: warning: Compound Eris::ResponseTracker is not documented.
/<<PKGBUILDDIR>>/Eris/UIFactory.h:149: warning: Compound Eris::UI::FrameFactory::BaseGen is not documented.
/<<PKGBUILDDIR>>/Eris/Entity.h:506: warning: Compound Eris::Entity::DynamicState is not documented.
/<<PKGBUILDDIR>>/Eris/LogStream.h:46: warning: Compound Eris::warning is not documented.
/<<PKGBUILDDIR>>/Eris/TypeBoundRedispatch.cpp:24: warning: no matching class member found for 
  Eris::TypeBoundRedispatch::TypeBoundRedispatch(Connection *con, const Root &obj, TypeInfo *unbound)
Possible candidates:
  'Eris::TypeBoundRedispatch::TypeBoundRedispatch(Connection *con, const Atlas::Objects::Root &obj, TypeInfo *unbound)'
  'Eris::TypeBoundRedispatch::TypeBoundRedispatch(Connection *con, const Atlas::Objects::Root &obj, const TypeInfoSet &unbound)'

/<<PKGBUILDDIR>>/Eris/TypeBoundRedispatch.cpp:38: warning: no matching class member found for 
  Eris::TypeBoundRedispatch::TypeBoundRedispatch(Connection *con, const Root &obj, const TypeInfoSet &unbound)
Possible candidates:
  'Eris::TypeBoundRedispatch::TypeBoundRedispatch(Connection *con, const Atlas::Objects::Root &obj, TypeInfo *unbound)'
  'Eris::TypeBoundRedispatch::TypeBoundRedispatch(Connection *con, const Atlas::Objects::Root &obj, const TypeInfoSet &unbound)'

/<<PKGBUILDDIR>>/Eris/TypeInfo.cpp:34: warning: no matching class member found for 
  Eris::TypeInfo::TypeInfo(const Root &atype, TypeService *ts)
Possible candidates:
  'Eris::TypeInfo::TypeInfo(const std::string &id, TypeService *)'
  'Eris::TypeInfo::TypeInfo(const Atlas::Objects::Root &atype, TypeService *)'

1.3.23/Eris/Task.cpp...
Preprocessing /<<PKGBUILDDIR>>/Eris/Task.h...
Parsing file /<<PKGBUILDDIR>>/Eris/Task.h...
Preprocessing /<<PKGBUILDDIR>>/Eris/TerrainModObserver.cpp...
Parsing file /<<PKGBUILDDIR>>/Eris/TerrainModObserver.cpp...
Preprocessing /<<PKGBUILDDIR>>/Eris/TerrainModObserver.h...
Parsing file /<<PKGBUILDDIR>>/Eris/TerrainModObserver.h...
Preprocessing /<<PKGBUILDDIR>>/Eris/TerrainModTranslator.cpp...
Parsing file /<<PKGBUILDDIR>>/Eris/TerrainModTranslator.cpp...
Preprocessing /<<PKGBUILDDIR>>/Eris/TerrainModTranslator.h...
Parsing file /<<PKGBUILDDIR>>/Eris/TerrainModTranslator.h...
Preprocessing /<<PKGBUILDDIR>>/Eris/TimedEventService.cpp...
Parsing file /<<PKGBUILDDIR>>/Eris/TimedEventService.cpp...
Preprocessing /<<PKGBUILDDIR>>/Eris/TimedEventService.h...
Parsing file /<<PKGBUILDDIR>>/Eris/TimedEventService.h...
Preprocessing /<<PKGBUILDDIR>>/Eris/Timeout.cpp...
Parsing file /<<PKGBUILDDIR>>/Eris/Timeout.cpp...
Preprocessing /<<PKGBUILDDIR>>/Eris/Timeout.h...
Parsing file /<<PKGBUILDDIR>>/Eris/Timeout.h...
Preprocessing /<<PKGBUILDDIR>>/Eris/TransferInfo.cpp...
Parsing file /<<PKGBUILDDIR>>/Eris/TransferInfo.cpp...
Preprocessing /<<PKGBUILDDIR>>/Eris/TransferInfo.h...
Parsing file /<<PKGBUILDDIR>>/Eris/TransferInfo.h...
Preprocessing /<<PKGBUILDDIR>>/Eris/TypeBoundRedispatch.cpp...
Parsing file /<<PKGBUILDDIR>>/Eris/TypeBoundRedispatch.cpp...
Preprocessing /<<PKGBUILDDIR>>/Eris/TypeBoundRedispatch.h...
Parsing file /<<PKGBUILDDIR>>/Eris/TypeBoundRedispatch.h...
Preprocessing /<<PKGBUILDDIR>>/Eris/TypeInfo.cpp...
Parsing file /<<PKGBUILDDIR>>/Eris/TypeInfo.cpp...
Preprocessing /<<PKGBUILDDIR>>/Eris/TypeInfo.h...
Parsing file /<<PKGBUILDDIR>>/Eris/TypeInfo.h...
Preprocessing /<<PKGBUILDDIR>>/Eris/Types.cpp...
Parsing file /<<PKGBUILDDIR>>/Eris/Types.cpp...
Preprocessing /<<PKGBUILDDIR>>/Eris/Types.h...
Parsing file /<<PKGBUILDDIR>>/Eris/Types.h...
Preprocessing /<<PKGBUILDDIR>>/Eris/TypeService.cpp...
Parsing file /<<PKGBUILDDIR>>/Eris/TypeService.cpp...
Preprocessing /<<PKGBUILDDIR>>/Eris/TypeService.h...
Parsing file /<<PKGBUILDDIR>>/Eris/TypeService.h...
Preprocessing /<<PKGBUILDDIR>>/Eris/UIFactory.h...
Parsing file /<<PKGBUILDDIR>>/Eris/UIFactory.h...
Preprocessing /<<PKGBUILDDIR>>/Eris/View.cpp...
Parsing file /<<PKGBUILDDIR>>/Eris/View.cpp...
Preprocessing /<<PKGBUILDDIR>>/Eris/View.h...
Parsing file /<<PKGBUILDDIR>>/Eris/View.h...
Preprocessing /<<PKGBUILDDIR>>/Eris/ViewEntity.cpp...
Parsing file /<<PKGBUILDDIR>>/Eris/ViewEntity.cpp...
Preprocessing /<<PKGBUILDDIR>>/Eris/ViewEntity.h...
Parsing file /<<PKGBUILDDIR>>/Eris/ViewEntity.h...
Building group list...
Building directory list...
Building namespace list...
Building file list...
Building class list...
Computing nesting relations for classes...
Associating documentation with classes...
Building example list...
Searching for enumerations...
Searching for documented typedefs...
Searching for members imported via using declarations...
Searching for included using directives...
Searching for documented variables...
Building interface member list...
Building member list...
Searching for friends...
Searching for documented defines...
Computing class inheritance relations...
Computing class usage relations...
Flushing cached template relations that have become invalid...
Computing class relations...
Add enum values to enums...
Searching for member function documentation...
Creating member/<<PKGBUILDDIR>>/Eris/BaseConnection.h:117: warning: Found unknown command '\emit'
s for template instances...
Building page list...
Search for main page...
Computing page relations...
Determining the scope of groups...
Sorting lists...
Determining which enums are documented
Computing member relations...
Building full member lists recursively...
Adding members to member groups.
Computing member references...
Inheriting documentation...
Generating disk names...
Adding source references...
Adding xrefitems...
Sorting member lists...
Setting anonymous enum type...
Computing dependencies between directories...
Generating citations page...
Counting members...
Counting data structures...
Resolving user defined references...
Finding anchors and sections in the documentation...
Transferring function references...
Combining using relations...
Adding members to index pages...
Correcting members for VHDL...
Generating style sheet...
Generating search indices...
Generating example documentation...
Generating file sources...
Parsing code for file Account.cpp...
Generating code for file Account.h...
Parsing code for file Alarm.cpp...
Generating code for file Alarm.h...
Parsing code for file Avatar.cpp...
Generating code for file Avatar.h...
Parsing code for file BaseConnection.cpp...
Generating code for file BaseConnection.h...
Parsing code for file Calendar.cpp...
Generating code for file Calendar.h...
Parsing code for file CharacterType.cpp...
Generating code for file CharacterType.h...
Parsing code for file Connection.cpp...
Generating code for file Connection.h...
Parsing code for file CustomEntities.cpp...
Generating code for file CustomEntities.h...
Parsing code for file DeleteLater.cpp...
Generating code for file DeleteLater.h...
Parsing code for file Entity.cpp...
Generating code for file Entity.h...
Parsing code for file EntityRef.cpp...
Generating code for file EntityRef.h...
Parsing code for file EntityRouter.cpp...
Generating code for file EntityRouter.h...
Parsing code for file Exceptions.cpp...
Generating code for file Exceptions.h...
Parsing code for file Factory.cpp...
Generating code for file Factory.h...
Parsing code for file IGRouter.cpp...
Generating code for file IGRouter.h...
Generating code for file iround.h...
Parsing code for file Lobby.cpp...
Generating code for file Lobby.h...
Parsing code for file Log.cpp...
Generating code for file Log.h...
Generating code for file LogStream.h...
Parsing code for file MetaQuery.cpp...
Generating code for file MetaQuery.h...
Parsing code for file Metaserver.cpp...
Generating code for file Metaserver.h...
Parsing code for file Operations.cpp...
Generating code for file Operations.h...
Parsing code for file Person.cpp...
Generating code for file Person.h...
Generating code for file Poll.h...
Parsing code for file PollDefault.cpp...
Generating code for file PollDefault.h...
Parsing code for file Redispatch.cpp...
Generating code for file Redispatch.h...
Parsing code for file Response.cpp...
Generating code for file Response.h...
Parsing code for file Room.cpp...
Generating code for file Room.h...
Parsing code for file Router.cpp...
Generating code for file Router.h...
Parsing code for file ServerInfo.cpp...
Generating code for file ServerInfo.h...
Parsing code for file SpawnPoint.cpp...
Generating code for file SpawnPoint.h...
Parsing code for file Task.cpp...
Generating code for file Task.h...
Parsing code for file TerrainModObserver.cpp...
Generating code for file TerrainModObserver.h...
Parsing code for file TerrainModTranslator.cpp...
Generating code for file TerrainModTranslator.h...
Parsing code for file TimedEventService.cpp...
Generating code for file TimedEventService.h...
Parsing code for file Timeout.cpp...
Generating code for file Timeout.h...
Parsing code for file TransferInfo.cpp...
Generating code for file TransferInfo.h...
Parsing code for file TypeBoundRedispatch.cpp...
Generating code for file TypeBoundRedispatch.h...
Parsing code for file TypeInfo.cpp...
Generating code for file TypeInfo.h...
Parsing code for file Types.cpp...
Generating code for file Types.h...
Parsing code for file TypeService.cpp...
Generating code for file TypeService./<<PKGBUILDDIR>>/Eris/CustomEntities.h:37: warning: Member iterate(int &current_class, std::string &attr) const (function) of class Atlas::Objects::Entity::SysData is not documented.
/<<PKGBUILDDIR>>/Eris/CustomEntities.h:43: warning: Member free() (function) of class Atlas::Objects::Entity::SysData is not documented.
/<<PKGBUILDDIR>>/Eris/CustomEntities.h:42: warning: Member alloc() (function) of class Atlas::Objects::Entity::SysData is not documented.
/<<PKGBUILDDIR>>/Eris/Account.h:94: warning: Member createAccount(Atlas::Objects::Entity::Account accountOp) (function) of class Eris::Account is not documented.
/<<PKGBUILDDIR>>/Eris/Account.h:271: warning: Member Status (enumeration) of class Eris::Account is not documented.
/<<PKGBUILDDIR>>/Eris/Account.h:245: warning: Member sightCharacter(const Atlas::Objects::Operation::RootOperation &op) (function) of class Eris::Account is not documented.
/<<PKGBUILDDIR>>/Eris/Account.h:247: warning: Member loginComplete(const Atlas::Objects::Entity::Account &p) (function) of class Eris::Account is not documented.
/<<PKGBUILDDIR>>/Eris/Account.h:248: warning: Member loginError(const Atlas::Objects::Operation::Error &err) (function) of class Eris::Account is not documented.
/<<PKGBUILDDIR>>/Eris/Account.h:250: warning: Member internalLogin(const std::string &unm, const std::string &pwd) (function) of class Eris::Account is not documented.
/<<PKGBUILDDIR>>/Eris/Account.h:251: warning: Member internalLogout(bool clean) (function) of class Eris::Account is not documented.
/<<PKGBUILDDIR>>/Eris/Account.h:258: warning: Member netFailure(const std::string &msg) (function) of class Eris::Account is not documented.
/<<PKGBUILDDIR>>/Eris/Account.h:260: warning: Member loginResponse(const Atlas::Objects::Operation::RootOperation &op) (function) of class Eris::Account is not documented.
/<<PKGBUILDDIR>>/Eris/Account.h:261: warning: Member logoutResponse(const Atlas::Objects::Operation::RootOperation &op) (function) of class Eris::Account is not documented.
/<<PKGBUILDDIR>>/Eris/Account.h:262: warning: Member avatarResponse(const Atlas::Objects::Operation::RootOperation &op) (function) of class Eris::Account is not documented.
/<<PKGBUILDDIR>>/Eris/Account.h:263: warning: Member avatarLogoutResponse(const Atlas::Objects::Operation::RootOperation &op) (function) of class Eris::Account is not documented.
/<<PKGBUILDDIR>>/Eris/Account.h:265: warning: Member handleLogoutTimeout() (function) of class Eris::Account is not documented.
/<<PKGBUILDDIR>>/Eris/Account.h:268: warning: Member handleLoginTimeout() (function) of class Eris::Account is not documented.
/<<PKGBUILDDIR>>/Eris/Account.h:281: warning: Member internalDeactivateCharacter(Avatar *av) (function) of class Eris::Account is not documented.
/<<PKGBUILDDIR>>/Eris/Account.h:282: warning: Member updateFromObject(const Atlas::Objects::Entity::Account &p) (function) of class Eris::Account is not documented.
/<<PKGBUILDDIR>>/Eris/Account.h:286: warning: Member m_router (variable) of class Eris::Account is not documented.
/<<PKGBUILDDIR>>/Eris/Account.h:290: warning: Member m_pass (variable) of class Eris::Account is not documented.
/<<PKGBUILDDIR>>/Eris/Account.h:292: warning: Member m_parents (variable) of class Eris::Account is not documented.
/<<PKGBUILDDIR>>/Eris/Account.h:293: warning: Member m_characterTypes (variable) of class Eris::Account is not documented.
/<<PKGBUILDDIR>>/Eris/Account.h:295: warning: Member m_characterIds (variable) of class Eris::Account is not documented.
/<<PKGBUILDDIR>>/Eris/Account.h:298: warning: Member m_activeCharacters (variable) of class Eris::Account is not documented.
/<<PKGBUILDDIR>>/Eris/Account.h:299: warning: Member m_timeout (variable) of class Eris::Account is not documented.
/<<PKGBUILDDIR>>/Eris/Account.cpp:38: warning: Member AccountRouter(Account *pl) (function) of class Eris::AccountRouter is not documented.
/<<PKGBUILDDIR>>/Eris/Account.cpp:49: warning: Member handleOperation(const RootOperation &op) (function) of class Eris::AccountRouter is not documented.
/<<PKGBUILDDIR>>/Eris/Router.h:20: warning: Member handleObject(const Atlas::Objects::Root &obj) (function) of class Eris::Router is not documented.
/<<PKGBUILDDIR>>/Eris/Router.h:22: warning: Member handleOperation(const Atlas::Objects::Operation::RootOperation &op) (function) of class Eris::Router is not documented.
/<<PKGBUILDDIR>>/Eris/Router.h:23: warning: Member handleEntity(const Atlas::Objects::Entity::RootEntity &ent) (function) of class Eris::Router is not documented.
/<<PKGBUILDDIR>>/Eris/Router.h:13: warning: Member RouterResult (enumeration) of class Eris::Router is not documented.
/<<PKGBUILDDIR>>/Eris/Alarm.h:16: warning: Member Alarm(unsigned long, const sigc::slot< void > &done) (function) of class Eris::Alarm is not documented.
/<<PKGBUILDDIR>>/Eris/Avatar.h:42: warning: Member getView() const (function) of class Eris::Avatar is not documented.
/<<PKGBUILDDIR>>/Eris/Avatar.h:44: warning: Member getConnection() const (function) of class Eris::Avatar is not documented.
/<<PKGBUILDDIR>>/Eris/Avatar.h:49: warning: Member getWielded() const (function) of class Eris::Avatar is not documented.
/<<PKGBUILDDIR>>/Eris/Avatar.h:138: warning: Member deactivate() (function) of class Eris::Avatar is not documented.
/<<PKGBUILDDIR>>/Eris/Avatar.h:210: warning: Member onEntityAppear(Entity *ent) (function) of class Eris::Avatar is not documented.
/<<PKGBUILDDIR>>/Eris/Avatar.h:211: warning: Member onCharacterChildAdded(Entity *child) (function) of class Eris::Avatar is not documented.
/<<PKGBUILDDIR>>/Eris/Avatar.h:212: warning: Member onCharacterChildRemoved(Entity *child) (function) of class Eris::Avatar is not documented.
/<<PKGBUILDDIR>>/Eris/Avatar.h:219: warning: Member onCharacterWield(const Atlas::Message::Element &) (function) of class Eris::Avatar is not documented.
/<<PKGBUILDDIR>>/Eris/Avatar.h:220: warning: Member onWieldedChanged() (function) of class Eris::Avatar is not documented.
/<<PKGBUILDDIR>>/Eris/Avatar.h:222: warning: Member onTransferRequested(const TransferInfo &transfer) (function) of class Eris::Avatar is not documented.
/<<PKGBUILDDIR>>/Eris/Avatar.h:224: warning: Member logoutResponse(const Atlas::Objects::Operation::RootOperation &) (function) of class Eris::Avatar is not documented.
/<<PKGBUILDDIR>>/Eris/Avatar.h:240: warning: Member m_account (variable) of class Eris::Avatar is not documented.
/<<PKGBUILDDIR>>/Eris/Avatar.h:242: warning: Member m_entityId (variable) of class Eris::Avatar is not documented.
/<<PKGBUILDDIR>>/Eris/Avatar.h:243: warning: Member m_entity (variable) of class Eris::Avatar is not documented.
/<<PKGBUILDDIR>>/Eris/Avatar.h:245: warning: Member m_stampAtLastOp (variable) of class Eris::Avatar is not documented.
/<<PKGBUILDDIR>>/Eris/Avatar.h:246: warning: Member m_lastOpTime (variable) of class Eris::Avatar is not documented.
/<<PKGBUILDDIR>>/Eris/Avatar.h:248: warning: Member m_router (variable) of class Eris::Avatar is not documented.
/<<PKGBUILDDIR>>/Eris/Avatar.h:249: warning: Member m_view (variable) of class Eris::Avatar is not documented.
/<<PKGBUILDDIR>>/Eris/Avatar.h:251: warning: Member m_wielded (variable) of class Eris::Avatar is not documented.
/<<PKGBUILDDIR>>/Eris/Avatar.h:253: warning: Member m_entityAppearanceCon (variable) of class Eris::Avatar is not documented.
/<<PKGBUILDDIR>>/Eris/Avatar.h:255: warning: Member m_isAdmin (variable) of class Eris::Avatar is not documented.
/<<PKGBUILDDIR>>/Eris/Avatar.h:200: warning: The following parameter of Eris::Avatar::Avatar(Account &pl, const std::string &entId) is not documented:
  parameter 'entId'
/<<PKGBUILDDIR>>/Eris/Avatar.h:62: warning: argument 'pos' of command @param is not found in the argument list of Eris::Avatar::drop(Entity *entity, const WFMath::Vector< 3 > &offset=WFMath::Vector< 3 >(0, 0, 0), const WFMath::Quaternion &orientation=WFMath::Quaternion())
/<<PKGBUILDDIR>>/Eris/Avatar.h:67: warning: The following parameter of Eris::Avatar::drop(Entity *entity, const WFMath::Vector< 3 > &offset=WFMath::Vector< 3 >(0, 0, 0), const WFMath::Quaternion &orientation=WFMath::Quaternion()) is not documented:
  parameter 'offset'
/<<PKGBUILDDIR>>/Eris/BaseConnection.h:111: warning: Member handleTimeout(const std::string &msg)=0 (function) of class Eris::BaseConnection is not documented.
/<<PKGBUILDDIR>>/Eris/BaseConnection.h:113: warning: Member onConnectTimeout() (function) of class Eris::BaseConnection is not documented.
/<<PKGBUILDDIR>>/Eris/BaseConnection.h:114: warning: Member onNegotiateTimeout() (function) of class Eris::BaseConnection is not documented.
/<<PKGBUILDDIR>>/Eris/BaseConnection.h:117: warning: Found unknown command '\emit'
/<<PKGBUILDDIR>>/Eris/BaseConnection.h:128: warning: Member m_codec (variable) of class Eris::BaseConnection is not documented.
/<<PKGBUILDDIR>>/Eris/Exceptions.h:22: warning: Member BaseException(const std::string &m) (function) of class Eris::BaseException is not documented.
/<<PKGBUILDDIR>>/Eris/Exceptions.h:25: warning: Member _msg (variable) of class Eris::BaseException is not documented.
/<<PKGBUILDDIR>>/Eris/Calendar.h:60: warning: Member Calendar(Avatar *) (function) of class Eris::Calendar is not documented.
/<<PKGBUILDDIR>>/Eris/Calendar.h:62: warning: Member now() const (function) of class Eris::Calendar is not documented.
/<<PKGBUILDDIR>>/Eris/Calendar.h:64: warning: Member secondsPerMinute() const (function) of class Eris::Calendar is not documented.
/<<PKGBUILDDIR>>/Eris/Calendar.h:65: warning: Member minutesPerHour() const (function) of class Eris::Calendar is not documented.
/<<PKGBUILDDIR>>/Eris/Calendar.h:66: warning: Member hoursPerDay() const (function) of class Eris::Calendar is not documented.
/<<PKGBUILDDIR>>/Eris/Calendar.h:72: warning: Member topLevelEntityChanged() (function) of class Eris::Calendar is not documented.
/<<PKGBUILDDIR>>/Eris/Calendar.h:73: warning: Member calendarAttrChanged(const Atlas::Message::Element &value) (function) of class Eris::Calendar is not documented.
/<<PKGBUILDDIR>>/Eris/Calendar.h:75: warning: Member initFromCalendarAttr(const Atlas::Message::MapType &cal) (function) of class Eris::Calendar is not documented.
/<<PKGBUILDDIR>>/Eris/Calendar.h:77: warning: Member m_avatar (variable) of class Eris::Calendar is not documented.
/<<PKGBUILDDIR>>/Eris/Calendar.h:79: warning: Member m_daysPerMonth (variable) of class Eris::Calendar is not documented.
/<<PKGBUILDDIR>>/Eris/Calendar.h:80: warning: Member m_monthsPerYear (variable) of class Eris::Calendar is not documented.
/<<PKGBUILDDIR>>/Eris/Calendar.h:81: warning: Member m_hoursPerDay (variable) of class Eris::Calendar is not documented.
/<<PKGBUILDDIR>>/Eris/Calendar.h:82: warning: Member m_minutesPerHour (variable) of class Eris::Calendar is not documented.
/<<PKGBUILDDIR>>/Eris/Calendar.h:83: warning: Member m_secondsPerMinute (variable) of class Eris::Calendar is not documented.
/<<PKGBUILDDIR>>/Eris/Calendar.h:85: warning: Member m_calendarObserver (variable) of class Eris::Calendar is not documented.
/<<PKGBUILDDIR>>/Eris/Connection.h:65: warning: Member getTypeService() const (function) of class Eris::Connection is not documented.
/<<PKGBUILDDIR>>/Eris/Connection.h:68: warning: Member getResponder() const (function) of class Eris::Connection is not documented.
/<<PKGBUILDDIR>>/Eris/Connection.h:77: warning: Member setDefaultRouter(Router *router) (function) of class Eris::Connection is not documented.
/<<PKGBUILDDIR>>/Eris/Connection.h:79: warning: Member clearDefaultRouter() (function) of class Eris::Connection is not documented.
/<<PKGBUILDDIR>>/Eris/Connection.h:81: warning: Member registerRouterForTo(Router *router, const std::string toId) (function) of class Eris::Connection is not documented.
/<<PKGBUILDDIR>>/Eris/Connection.h:82: warning: Member unregisterRouterForTo(Router *router, const std::string toId) (function) of class Eris::Connection is not documented.
/<<PKGBUILDDIR>>/Eris/Connection.h:84: warning: Member registerRouterForFrom(Router *router, const std::string fromId) (function) of class Eris::Connection is not documented.
/<<PKGBUILDDIR>>/Eris/Connection.h:85: warning: Member unregisterRouterForFrom(Router *router, const std::string fromId) (function) of class Eris::Connection is not documented.
/<<PKGBUILDDIR>>/Eris/Connection.h:112: warning: Member GotServerInfo (variable) of class Eris::Connection is not documented.
/<<PKGBUILDDIR>>/Eris/Connection.h:170: warning: Member OpDeque (typedef) of class Eris::Connection is not documented.
/<<PKGBUILDDIR>>/Eris/Connection.h:176: warning: Member IdRouterMap (typedef) of class Eris::Connection is not documented.
/<<PKGBUILDDIR>>/Eris/Connection.h:143: warning: Member handleTimeout(const std::string &msg) (function) of class Eris::Connection is not documented.
/<<PKGBUILDDIR>>/Eris/Connection.h:147: warning: Member objectArrived(const Atlas::Objects::Root &obj) (function) of class Eris::Connection is not documented.
/<<PKGBUILDDIR>>/Eris/Connection.h:161: warning: Member cleanupRedispatch(Redispatch *r) (function) of class Eris::Connection is not documented.
/<<PKGBUILDDIR>>/Eris/Connection.h:163: warning: Member gotData(PollData &) (function) of class Eris::Connection is not documented.
/<<PKGBUILDDIR>>/Eris/Connection.h:165: warning: Member dispatchOp(const Atlas::Objects::Operation::RootOperation &op) (function) of class Eris::Connection is not documented.
/<<PKGBUILDDIR>>/Eris/Connection.h:166: warning: Member handleServerInfo(const Atlas::Objects::Operation::RootOperation &op) (function) of class Eris::Connection is not documented.
/<<PKGBUILDDIR>>/Eris/Connection.h:168: warning: Member onDisconnectTimeout() (function) of class Eris::Connection is not documented.
/<<PKGBUILDDIR>>/Eris/BaseConnection.h:113: warning: Member onConnectTimeout() (function) of class Eris::BaseConnection is not documented.
/<<PKGBUILDDIR>>/Eris/BaseConnection.h:114: warning: Member onNegotiateTimeout() (function) of class Eris::BaseConnection is not documented.
/<<PKGBUILDDIR>>/Eris/BaseConnection.h:117: warning: Found unknown command '\emit'
/<<PKGBUILDDIR>>/Eris/Connection.h:149: warning: Member _host (variable) of class Eris::Connection is not documented.
/<<PKGBUILDDIR>>/Eris/Connection.h:151: warning: Member _debug (variable) of class Eris::Connection is not documented.
/<<PKGBUILDDIR>>/Eris/Connection.h:152: warning: Member _socket (variable) of class Eris::Connection is not documented.
/<<PKGBUILDDIR>>/Eris/Connection.h:173: warning: Member m_typeService (variable) of class Eris::Connection is not documented.
/<<PKGBUILDDIR>>/Eris/Connection.h:174: warning: Member m_defaultRouter (variable) of class Eris::Connection is not documented.
/<<PKGBUILDDIR>>/Eris/Connection.h:177: warning: Member m_toRouters (variable) of class Eris::Connection is not documented.
/<<PKGBUILDDIR>>/Eris/Connection.h:178: warning: Member m_fromRouters (variable) of class Eris::Connection is not documented.
/<<PKGBUILDDIR>>/Eris/Connection.h:180: warning: Member m_lock (variable) of class Eris::Connection is not documented.
/<<PKGBUILDDIR>>/Eris/Connection.h:182: warning: Member m_debugRecvEncoder (variable) of class Eris::Connection is not documented.
/<<PKGBUILDDIR>>/Eris/Connection.h:184: warning: Member m_finishedRedispatches (variable) of class Eris::Connection is not documented.
/<<PKGBUILDDIR>>/Eris/Connection.h:185: warning: Member m_info (variable) of class Eris::Connection is not documented.
/<<PKGBUILDDIR>>/Eris/Connection.h:187: warning: Member m_responder (variable) of class Eris::Connection is not documented.
/<<PKGBUILDDIR>>/Eris/BaseConnection.h:128: warning: Member m_codec (variable) of class Eris::BaseConnection is not documented.
/<<PKGBUILDDIR>>/Eris/Connection.h:47: warning: The following parameters of Eris::Connection::Connection(const std::string &cnm, const std::string &host, short port, bool debug) are not documented:
  parameter 'cnm'
  parameter 'host'
  parameter 'port'
/<<PKGBUILDDIR>>/Eris/Connection.h:53: warning: The following parameters of Eris::Connection::Connection(const std::string &cnm, const std::string &socket, bool debug) are not documented:
  parameter 'cnm'
  parameter 'socket'
/<<PKGBUILDDIR>>/Eris/Calendar.h:33: warning: Member valid() const (function) of class Eris::DateTime is not documented.
/<<PKGBUILDDIR>>/Eris/Calendar.h:35: warning: Member year() const (function) of class Eris::DateTime is not documented.
/<<PKGBUILDDIR>>/Eris/Calendar.h:36: warning: Member month() const (function) of class Eris::DateTime is not documented.
/<<PKGBUILDDIR>>/Eris/Calendar.h:37: warning: Member dayOfMonth() const (function) of class Eris::DateTime is not documented.
/<<PKGBUILDDIR>>/Eris/Calendar.h:39: warning: Member seconds() const (function) of class Eris::DateTime is not documented.
/<<PKGBUILDDIR>>/Eris/Calendar.h:40: warning: Member minutes() const (function) of class Eris::DateTime is not documented.
/<<PKGBUILDDIR>>/Eris/Calendar.h:41: warning: Member hours() const (function) of class Eris::DateTime is not documented.
/<<PKGBUILDDIR>>/Eris/LogStream.h:24: warning: Member operator<<(const std::string &s) (function) of class Eris::logStreamBase is not documented.
/<<PKGBUILDDIR>>/Eris/LogStream.h:32: warning: Member m_stream (variable) of class Eris::logStreamBase is not documented.
/<<PKGBUILDDIR>>/Eris/DeleteLater.h:18: warning: Member DerivedDeleteLater(T *ins) (function) of class Eris::DerivedDeleteLater is not documented.
/<<PKGBUILDDIR>>/Eris/Entity.h:60: warning: Member AttrMap (typedef) of class Eris::Entity is not documented.
/<<PKGBUILDDIR>>/Eris/Entity.h:62: warning: Member Entity(const std::string &id, TypeInfo *ty) (function) of class Eris::Entity is not documented.
/<<PKGBUILDDIR>>/Eris/Entity.h:227: warning: Member hasChild(const std::string &eid) const (function) of class Eris::Entity is not documented.
/<<PKGBUILDDIR>>/Eris/Entity.h:248: warning: Member toLocationCoords(const C &c) const (function) of class Eris::Entity is not documented.
/<<PKGBUILDDIR>>/Eris/Entity.h:251: warning: Member fromLocationCoords(const C &c) const (function) of class Eris::Entity is not documented.
/<<PKGBUILDDIR>>/Eris/Entity.h:259: warning: Member toLocationCoords(const WFMath::Vector< 3 > &v) const (function) of class Eris::Entity is not documented.
/<<PKGBUILDDIR>>/Eris/Entity.h:261: warning: Member fromLocationCoords(const WFMath::Vector< 3 > &v) const (function) of class Eris::Entity is not documented.
/<<PKGBUILDDIR>>/Eris/Entity.h:264: warning: Member ChildAdded (variable) of class Eris::Entity is not documented.
/<<PKGBUILDDIR>>/Eris/Entity.h:265: warning: Member ChildRemoved (variable) of class Eris::Entity is not documented.
/<<PKGBUILDDIR>>/Eris/Entity.h:489: warning: Member IdEntityMap (typedef) of class Eris::Entity is not documented.
/<<PKGBUILDDIR>>/Eris/Entity.h:576: warning: Member AttrChangedSignal (typedef) of class Eris::Entity is not documented.
/<<PKGBUILDDIR>>/Eris/Entity.h:578: warning: Member ObserverMap (typedef) of class Eris::Entity is not documented.
/<<PKGBUILDDIR>>/Eris/Entity.h:354: warning: Member onAttrChanged(const std::string &attr, const Atlas::Message::Element &v) (function) of class Eris::Entity is not documented.
/<<PKGBUILDDIR>>/Eris/Entity.h:356: warning: Member onLocationChanged(Entity *oldLoc) (function) of class Eris::Entity is not documented.
/<<PKGBUILDDIR>>/Eris/Entity.h:466: warning: Member beginUpdate() (function) of class Eris::Entity is not documented.
/<<PKGBUILDDIR>>/Eris/Entity.h:467: warning: Member addToUpdate(const std::string &attr) (function) of class Eris::Entity is not documented.
/<<PKGBUILDDIR>>/Eris/Entity.h:468: warning: Member endUpdate() (function) of class Eris::Entity is not documented.
/<<PKGBUILDDIR>>/Eris/Entity.h:490: warning: Member buildEntityDictFromContents(IdEntityMap &dict) (function) of class Eris::Entity is not documented.
/<<PKGBUILDDIR>>/Eris/Entity.h:492: warning: Member addChild(Entity *e) (function) of class Eris::Entity is not documented.
/<<PKGBUILDDIR>>/Eris/Entity.h:493: warning: Member removeChild(Entity *e) (function) of class Eris::Entity is not documented.
/<<PKGBUILDDIR>>/Eris/Entity.h:495: warning: Member addToLocation() (function) of class Eris::Entity is not documented.
/<<PKGBUILDDIR>>/Eris/Entity.h:496: warning: Member removeFromLocation() (function) of class Eris::Entity is not documented.
/<<PKGBUILDDIR>>/Eris/Entity.h:498: warning: Member updateTasks(const Atlas::Message::Element &e) (function) of class Eris::Entity is not documented.
/<<PKGBUILDDIR>>/Eris/Entity.h:499: warning: Member removeTask(Task *t) (function) of class Eris::Entity is not documented.
/<<PKGBUILDDIR>>/Eris/Entity.h:512: warning: Member updatePredictedState(const WFMath::TimeStamp &t) (function) of class Eris::Entity is not documented.
/<<PKGBUILDDIR>>/Eris/Entity.h:514: warning: Member createAlarmExpired() (function) of class Eris::Entity is not documented.
/<<PKGBUILDDIR>>/Eris/Entity.h:541: warning: Member m_attrs (variable) of class Eris::Entity is not documented.
/<<PKGBUILDDIR>>/Eris/Entity.h:543: warning: Member m_type (variable) of class Eris::Entity is not documented.
/<<PKGBUILDDIR>>/Eris/Entity.h:546: warning: Member m_location (variable) of class Eris::Entity is not documented.
/<<PKGBUILDDIR>>/Eris/Entity.h:547: warning: Member m_contents (variable) of class Eris::Entity is not documented.
/<<PKGBUILDDIR>>/Eris/Entity.h:552: warning: Member m_description (variable) of class Eris::Entity is not documented.
/<<PKGBUILDDIR>>/Eris/Entity.h:553: warning: Member m_visible (variable) of class Eris::Entity is not documented.
/<<PKGBUILDDIR>>/Eris/Entity.h:556: warning: Member m_bbox (variable) of class Eris::Entity is not documented.
/<<PKGBUILDDIR>>/Eris/Entity.h:557: warning: Member m_position (variable) of class Eris::Entity is not documented.
/<<PKGBUILDDIR>>/Eris/Entity.h:558: warning: Member m_velocity (variable) of class Eris::Entity is not documented.
/<<PKGBUILDDIR>>/Eris/Entity.h:559: warning: Member m_orientation (variable) of class Eris::Entity is not documented.
/<<PKGBUILDDIR>>/Eris/Entity.h:560: warning: Member m_acc (variable) of class Eris::Entity is not documented.
/<<PKGBUILDDIR>>/Eris/Entity.h:562: warning: Member m_predicted (variable) of class Eris::Entity is not documented.
/<<PKGBUILDDIR>>/Eris/Entity.h:579: warning: Member m_observers (variable) of class Eris::Entity is not documented.
/<<PKGBUILDDIR>>/Eris/Entity.h:586: warning: Member m_lastMoveTime (variable) of class Eris::Entity is not documented.
/<<PKGBUILDDIR>>/Eris/Entity.h:591: warning: Member m_tasks (variable) of class Eris::Entity is not documented.
/<<PKGBUILDDIR>>/Eris/Entity.h:593: warning: Member m_initialised (variable) of class Eris::Entity is not documented.
/<<PKGBUILDDIR>>/Eris/Entity.h:508: warning: Member position (variable) of class Eris::Entity::DynamicState is not documented.
/<<PKGBUILDDIR>>/Eris/Entity.h:509: warning: Member velocity (variable) of class Eris::Entity::DynamicState is not documented.
/<<PKGBUILDDIR>>/Eris/EntityRef.h:21: warning: Member EntityRef(View *v, const std::string &eid) (function) of class Eris::EntityRef is not documented.
/<<PKGBUILDDIR>>/Eris/EntityRef.h:23: warning: Member EntityRef(Entity *) (function) of class Eris::EntityRef is not documented.
/<<PKGBUILDDIR>>/Eris/EntityRef.h:29: warning: Member EntityRef(const EntityRef &ref) (function) of class Eris::EntityRef is not documented.
/<<PKGBUILDDIR>>/Eris/EntityRef.h:31: warning: Member operator=(const EntityRef &ref) (function) of class Eris::EntityRef is not documented.
/<<PKGBUILDDIR>>/Eris/EntityRef.h:33: warning: Member operator*() const (function) of class Eris::EntityRef is not documented.
/<<PKGBUILDDIR>>/Eris/EntityRef.h:38: warning: Member operator*() (function) of class Eris::EntityRef is not documented.
/<<PKGBUILDDIR>>/Eris/EntityRef.h:43: warning: Member operator->() const (function) of class Eris::EntityRef is not documented.
/<<PKGBUILDDIR>>/Eris/EntityRef.h:48: warning: Member operator->() (function) of class Eris::EntityRef is not documented.
/<<PKGBUILDDIR>>/Eris/EntityRef.h:53: warning: Member get() const (function) of class Eris::EntityRef is not documented.
/<<PKGBUILDDIR>>/Eris/EntityRef.h:58: warning: Member operator bool() const (function) of class Eris::EntityRef is not documented.
/<<PKGBUILDDIR>>/Eris/EntityRef.h:63: warning: Member operator!() const (function) of class Eris::EntityRef is not documented.
/<<PKGBUILDDIR>>/Eris/EntityRef.h:68: warning: Member operator==(const EntityRef &e) const (function) of class Eris::EntityRef is not documented.
/<<PKGBUILDDIR>>/Eris/EntityRef.h:73: warning: Member operator==(const Entity *e) const (function) of class Eris::EntityRef is not documented.
/<<PKGBUILDDIR>>/Eris/EntityRef.h:78: warning: Member operator<(const EntityRef &e) const (function) of class Eris::EntityRef is not documented.
/<<PKGBUILDDIR>>/Eris/EntityRef.h:83: warning: Member Changed (variable) of class Eris::EntityRef is not documented.
/<<PKGBUILDDIR>>/Eris/EntityRouter.h:12: warning: Member EntityRouter(ViewEntity *ent) (function) of class Eris::EntityRouter is not documented.
/<<PKGBUILDDIR>>/Eris/Router.h:20: warning: Member handleObject(const Atlas::Objects::Root &obj) (function) of class Eris::Router is not documented.
/<<PKGBUILDDIR>>/Eris/Router.h:23: warning: Member handleEntity(const Atlas::Objects::Entity::RootEntity &ent) (function) of class Eris::Router is not documented.
/<<PKGBUILDDIR>>/Eris/EntityRouter.h:16: warning: Member handleOperation(const Atlas::Objects::Operation::RootOperation &) (function) of class Eris::EntityRouter is not documented.
/<<PKGBUILDDIR>>/Eris/Router.h:13: warning: Member RouterResult (enumeration) of class Eris::Router is not documented.
/<<PKGBUILDDIR>>/Eris/LogStream.h:24: warning: Member operator<<(const std::string &s) (function) of class Eris::logStreamBase is not documented.
/<<PKGBUILDDIR>>/Eris/LogStream.h:32: warning: Member m_stream (variable) of class Eris::logStreamBase is not documented.
/<<PKGBUILDDIR>>/Eris/TimedEventService.h:40: warning: Member operator()(const TimedEvent *a, const TimedEvent *b) const (function) of class Eris::EventsByDueOrdering is not documented.
/<<PKGBUILDDIR>>/Eris/IGRouter.h:16: warning: Member IGRouter(Avatar *av) (function) of class Eris::IGRouter is not documented.
/<<PKGBUILDDIR>>/Eris/Router.h:20: warning: Member handleObject(const Atlas::Objects::Root &obj) (function) of class Eris::Router is not documented.
/<<PKGBUILDDIR>>/Eris/Router.h:23: warning: Member handleEntity(const Atlas::Objects::Entity::RootEntity &ent) (function) of class Eris::Router is not documented.
/<<PKGBUILDDIR>>/Eris/IGRouter.h:20: warning: Member handleOperation(const Atlas::Objects::Operation::RootOperation &op) (function) of class Eris::IGRouter is not documented.
/<<PKGBUILDDIR>>/Eris/Router.h:13: warning: Member RouterResult (enumeration) of class Eris::Router is not documented.
/<<PKGBUILDDIR>>/Eris/Exceptions.h:39: warning: Member InvalidAtlas(const std::string &msg, const Atlas::Objects::Root &obj) (function) of class Eris::InvalidAtlas is not documented.
/<<PKGBUILDDIR>>/Eris/Exceptions.h:41: warning: Member InvalidAtlas(const std::string &msg, const Atlas::Message::Element &el) (function) of class Eris::InvalidAtlas is not documented.
/<<PKGBUILDDIR>>/Eris/Exceptions.h:22: warning: Member BaseException(const std::string &m) (function) of class Eris::BaseException is not documented.
/<<PKGBUILDDIR>>/Eris/Exceptions.h:25: warning: Member _msg (variable) of class Eris::BaseException is not documented.
/<<PKGBUILDDIR>>/Eris/Exceptions.h:31: warning: Member InvalidOperation(const std::string &m) (function) of class Eris::InvalidOperation is not documented.
/<<PKGBUILDDIR>>/Eris/Exceptions.h:22: warning: Member BaseException(const std::string &m) (function) of class Eris::BaseException is not documented.
/<<PKGBUILDDIR>>/Eris/Exceptions.h:25: warning: Member _msg (variable) of class Eris::BaseException is not documented.
/<<PKGBUILDDIR>>/Eris/Room.h:52: warning: Member getTopic() const (function) of class Eris::Room is not documented.
/<<PKGBUILDDIR>>/Eris/Room.h:73: warning: Member getPersonByUID(const std::string &uid) (function) of class Eris::Room is not documented.
/<<PKGBUILDDIR>>/Eris/Router.h:20: warning: Member handleObject(const Atlas::Objects::Root &obj) (function) of class Eris::Router is not documented.
/<<PKGBUILDDIR>>/Eris/Router.h:23: warning: Member handleEntity(const Atlas::Objects::Entity::RootEntity &ent) (function) of class Eris::Router is not documented.
/<<PKGBUILDDIR>>/Eris/Lobby.h:72: warning: Member look(const std::string &id) (function) of class Eris::Lobby is not documented.
/<<PKGBUILDDIR>>/Eris/Lobby.h:74: warning: Member sightPerson(const Atlas::Objects::Entity::Account &ac) (function) of class Eris::Lobby is not documented.
/<<PKGBUILDDIR>>/Eris/Lobby.h:75: warning: Member recvTalk(const Atlas::Objects::Operation::Talk &tk) (function) of class Eris::Lobby is not documented.
/<<PKGBUILDDIR>>/Eris/Lobby.h:76: warning: Member recvInitialSight(const Atlas::Objects::Entity::RootEntity &ent) (function) of class Eris::Lobby is not documented.
/<<PKGBUILDDIR>>/Eris/Lobby.h:78: warning: Member recvAppearance(const Atlas::Objects::Root &obj) (function) of class Eris::Lobby is not documented.
/<<PKGBUILDDIR>>/Eris/Lobby.h:79: warning: Member recvDisappearance(const Atlas::Objects::Root &obj) (function) of class Eris::Lobby is not documented.
/<<PKGBUILDDIR>>/Eris/Lobby.h:81: warning: Member recvImaginary(const Atlas::Objects::Operation::Imaginary &im) (function) of class Eris::Lobby is not documented.
/<<PKGBUILDDIR>>/Eris/Room.h:105: warning: Member handleOperation(const Atlas::Objects::Operation::RootOperation &op) (function) of class Eris::Room is not documented.
/<<PKGBUILDDIR>>/Eris/Room.h:106: warning: Member handleSoundTalk(Person *p, const std::string &speech) (function) of class Eris::Room is not documented.
/<<PKGBUILDDIR>>/Eris/Room.h:107: warning: Member handleEmote(Person *p, const std::string &desc) (function) of class Eris::Room is not documented.
/<<PKGBUILDDIR>>/Eris/Router.h:13: warning: Member RouterResult (enumeration) of class Eris::Router is not documented.
/<<PKGBUILDDIR>>/Eris/Room.h:99: warning: Member IdPersonMap (typedef) of class Eris::Room is not documented.
/<<PKGBUILDDIR>>/Eris/Room.h:110: warning: Member m_roomId (variable) of class Eris::Room is not documented.
/<<PKGBUILDDIR>>/Eris/LogStream.h:24: warning: Member operator<<(const std::string &s) (function) of class Eris::logStreamBase is not documented.
/<<PKGBUILDDIR>>/Eris/LogStream.h:32: warning: Member m_stream (variable) of class Eris::logStreamBase is not documented.
/<<PKGBUILDDIR>>/Eris/Response.h:34: warning: Member T_method)(const Atlas::Objects::Operation::RootOperation &op) (typedef) of class Eris::MemberResponse is not documented.
/<<PKGBUILDDIR>>/Eris/Response.h:36: warning: Member MemberResponse(T *obj, void(T::*method)(const Atlas::Objects::Operation::RootOperation &op)) (function) of class Eris::MemberResponse is not documented.
/<<PKGBUILDDIR>>/Eris/Metaserver.h:40: warning: Member MetaStatus (enumeration) of class Eris::Meta is not documented.
/<<PKGBUILDDIR>>/Eris/Metaserver.h:88: warning: Member getStatus() const (function) of class Eris::Meta is not documented.
/<<PKGBUILDDIR>>/Eris/Metaserver.h:114: warning: Member objectArrived(const Atlas::Objects::Root &obj) (function) of class Eris::Meta is not documented.
/<<PKGBUILDDIR>>/Eris/Metaserver.h:116: warning: Member doFailure(const std::string &msg) (function) of class Eris::Meta is not documented.
/<<PKGBUILDDIR>>/Eris/Metaserver.h:117: warning: Member queryFailure(MetaQuery *q, const std::string &msg) (function) of class Eris::Meta is not documented.
/<<PKGBUILDDIR>>/Eris/Metaserver.h:119: warning: Member query() (function) of class Eris::Meta is not documented.
/<<PKGBUILDDIR>>/Eris/Metaserver.h:120: warning: Member queryTimeout(MetaQuery *q) (function) of class Eris::Meta is not documented.
/<<PKGBUILDDIR>>/Eris/Metaserver.h:121: warning: Member metaTimeout() (function) of class Eris::Meta is not documented.
/<<PKGBUILDDIR>>/Eris/MetaQuery.h:26: warning: Member MetaQuery(Meta *svr, const std::string &host, unsigned int index) (function) of class Eris::MetaQuery is not documented.
/<<PKGBUILDDIR>>/Eris/MetaQuery.h:37: warning: Member getServerIndex() const (function) of class Eris::MetaQuery is not documented.
/<<PKGBUILDDIR>>/Eris/MetaQuery.h:43: warning: Member isReady(PollData &data) const (function) of class Eris::MetaQuery is not documented.
/<<PKGBUILDDIR>>/Eris/MetaQuery.h:46: warning: Member isComplete() const (function) of class Eris::MetaQuery is not documented.
/<<PKGBUILDDIR>>/Eris/MetaQuery.h:51: warning: Member setComplete() (function) of class Eris::MetaQuery is not documented.
/<<PKGBUILDDIR>>/Eris/MetaQuery.h:56: warning: Member handleTimeout(const std::string &msg) (function) of class Eris::MetaQuery is not documented.
/<<PKGBUILDDIR>>/Eris/MetaQuery.h:58: warning: Member onQueryTimeout() (function) of class Eris::MetaQuery is not documented.
/<<PKGBUILDDIR>>/Eris/BaseConnection.h:113: warning: Member onConnectTimeout() (function) of class Eris::BaseConnection is not documented.
/<<PKGBUILDDIR>>/Eris/BaseConnection.h:114: warning: Member onNegotiateTimeout() (function) of class Eris::BaseConnection is not documented.
/<<PKGBUILDDIR>>/Eris/BaseConnection.h:117: warning: Found unknown command '\emit'
/<<PKGBUILDDIR>>/Eris/MetaQuery.h:65: warning: Member m_serverIndex (variable) of class Eris::MetaQuery is not documented.
/<<PKGBUILDDIR>>/Eris/MetaQuery.h:66: warning: Member m_complete (variable) of class Eris::MetaQuery is not documented.
/<<PKGBUILDDIR>>/Eris/BaseConnection.h:128: warning: Member m_codec (variable) of class Eris::BaseConnection is not documented.
/<<PKGBUILDDIR>>/Eris/Exceptions.h:51: warning: Member NetworkFailure(const std::string &s) (function) of class Eris::NetworkFailure is not documented.
/<<PKGBUILDDIR>>/Eris/Exceptions.h:22: warning: Member BaseException(const std::string &m) (function) of class Eris::BaseException is not documented.
/<<PKGBUILDDIR>>/Eris/Exceptions.h:25: warning: Member _msg (variable) of class Eris::BaseException is not documented.
/<<PKGBUILDDIR>>/Eris/Lobby.cpp:34: warning: Member OOGRouter(Lobby *l) (function) of class Eris::OOGRouter is not documented.
/<<PKGBUILDDIR>>/Eris/Lobby.cpp:39: warning: Member setAnonymousLookSerialno(int serial) (function) of class Eris::OOGRouter is not documented.
/<<PKGBUILDDIR>>/Eris/Router.h:20: warning: Member handleObject(const Atlas::Objects::Root &obj) (function) of class Eris::Router is not documented.
/<<PKGBUILDDIR>>/Eris/Router.h:22: warning: Member handleOperation(const Atlas::Objects::Operation::RootOperation &op) (function) of class Eris::Router is not documented.
/<<PKGBUILDDIR>>/Eris/Router.h:23: warning: Member handleEntity(const Atlas::Objects::Entity::RootEntity &ent) (function) of class Eris::Router is not documented.
/<<PKGBUILDDIR>>/Eris/Lobby.cpp:45: warning: Member handleOperation(const RootOperation &op) (function) of class Eris::OOGRouter is not documented.
/<<PKGBUILDDIR>>/Eris/Router.h:13: warning: Member RouterResult (enumeration) of class Eris::Router is not documented.
/<<PKGBUILDDIR>>/Eris/Poll.h:31: warning: Member Check (typedef) of class Eris::Poll is not documented.
/<<PKGBUILDDIR>>/Eris/Poll.h:33: warning: Member maxStreams() const =0 (function) of class Eris::Poll is not documented.
/<<PKGBUILDDIR>>/Eris/Poll.h:34: warning: Member maxConnectingStreams() const =0 (function) of class Eris::Poll is not documented.
/<<PKGBUILDDIR>>/Eris/Poll.h:36: warning: Member addStream(const basic_socket *, Check=READ)=0 (function) of class Eris::Poll is not documented.
/<<PKGBUILDDIR>>/Eris/Poll.h:37: warning: Member changeStream(const basic_socket *, Check)=0 (function) of class Eris::Poll is not documented.
/<<PKGBUILDDIR>>/Eris/Poll.h:38: warning: Member removeStream(const basic_socket *)=0 (function) of class Eris::Poll is not documented.
/<<PKGBUILDDIR>>/Eris/Poll.h:40: warning: Member instance() (function) of class Eris::Poll is not documented.
/<<PKGBUILDDIR>>/Eris/Poll.h:41: warning: Member setInstance(Poll *) (function) of class Eris::Poll is not documented.
/<<PKGBUILDDIR>>/Eris/Poll.h:43: warning: Member newTimedEvent() (function) of class Eris::Poll is not documented.
/<<PKGBUILDDIR>>/Eris/Poll.h:45: warning: Member Ready (variable) of class Eris::Poll is not documented.
/<<PKGBUILDDIR>>/Eris/Poll.h:27: warning: Member READ (variable) of class Eris::Poll is not documented.
/<<PKGBUILDDIR>>/Eris/Poll.h:28: warning: Member WRITE (variable) of class Eris::Poll is not documented.
/<<PKGBUILDDIR>>/Eris/Poll.h:29: warning: Member EXCEPT (variable) of class Eris::Poll is not documented.
/<<PKGBUILDDIR>>/Eris/Poll.h:30: warning: Member MASK (variable) of class Eris::Poll is not documented.
/<<PKGBUILDDIR>>/Eris/Poll.h:50: warning: Member new_timeout_ (variable) of class Eris::Poll is not documented.
/<<PKGBUILDDIR>>/Eris/Poll.h:17: warning: Member isReady(const basic_socket *)=0 (function) of class Eris::PollData is not documented.
/<<PKGBUILDDIR>>/Eris/PollDefault.cpp:36: warning: Member PollDataDefault(const PollDefault::MapType &, bool &, unsigned long) (function) of class Eris::PollDataDefault is not documented.
/<<PKGBUILDDIR>>/Eris/PollDefault.cpp:38: warning: Member isReady(const basic_socket *) (function) of class Eris::PollDataDefault is not documented.
/<<PKGBUILDDIR>>/Eris/PollDefault.h:28: warning: Member MapType (typedef) of class Eris::PollDefault is not documented.
/<<PKGBUILDDIR>>/Eris/Poll.h:31: warning: Member Check (typedef) of class Eris::Poll is not documented.
/<<PKGBUILDDIR>>/Eris/PollDefault.h:19: warning: Member maxStreams() const (function) of class Eris::PollDefault is not documented.
/<<PKGBUILDDIR>>/Eris/PollDefault.h:20: warning: Member maxConnectingStreams() const (function) of class Eris::PollDefault is not documented.
/<<PKGBUILDDIR>>/Eris/PollDefault.h:22: warning: Member addStream(const basic_socket *, Check) (function) of class Eris::PollDefault is not documented.
/<<PKGBUILDDIR>>/Eris/PollDefault.h:23: warning: Member changeStream(const basic_socket *, Check) (function) of class Eris::PollDefault is not documented.
/<<PKGBUILDDIR>>/Eris/PollDefault.h:24: warning: Member removeStream(const basic_socket *) (function) of class Eris::PollDefault is not documented.
/<<PKGBUILDDIR>>/Eris/PollDefault.h:26: warning: Member poll(unsigned long timeout=0) (function) of class Eris::PollDefault is not documented.
/<<PKGBUILDDIR>>/Eris/Poll.h:40: warning: Member instance() (function) of class Eris::Poll is not documented.
/<<PKGBUILDDIR>>/Eris/Poll.h:41: warning: Member setInstance(Poll *) (function) of class Eris::Poll is not documented.
/<<PKGBUILDDIR>>/Eris/Poll.h:43: warning: Member newTimedEvent() (function) of class Eris::Poll is not documented.
/<<PKGBUILDDIR>>/Eris/Poll.h:45: warning: Member Ready (variable) of class Eris::Poll is not documented.
/<<PKGBUILDDIR>>/Eris/Poll.h:27: warning: Member READ (variable) of class Eris::Poll is not documented.
/<<PKGBUILDDIR>>/Eris/Poll.h:28: warning: Member WRITE (variable) of class Eris::Poll is not documented.
/<<PKGBUILDDIR>>/Eris/Poll.h:29: warning: Member EXCEPT (variable) of class Eris::Poll is not documented.
/<<PKGBUILDDIR>>/Eris/Poll.h:30: warning: Member MASK (variable) of class Eris::Poll is not documented.
/<<PKGBUILDDIR>>/Eris/Poll.h:50: warning: Member new_timeout_ (variable) of class Eris::Poll is not documented.
/<<PKGBUILDDIR>>/Eris/Redispatch.h:18: warning: Member Redispatch(Connection *con, const Atlas::Objects::Root &obj) (function) of class Eris::Redispatch is not documented.
/<<PKGBUILDDIR>>/Eris/Redispatch.h:25: warning: Member post() (function) of class Eris::Redispatch is not documented.
/<<PKGBUILDDIR>>/Eris/Redispatch.h:27: warning: Member postModified(const Atlas::Objects::Root &obj) (function) of class Eris::Redispatch is not documented.
/<<PKGBUILDDIR>>/Eris/Redispatch.h:29: warning: Member fail() (function) of class Eris::Redispatch is not documented.
/<<PKGBUILDDIR>>/Eris/Redispatch.h:31: warning: Member m_obj (variable) of class Eris::Redispatch is not documented.
/<<PKGBUILDDIR>>/Eris/Response.h:65: warning: Member await(int serialno, ResponseBase *) (function) of class Eris::ResponseTracker is not documented.
/<<PKGBUILDDIR>>/Eris/Response.h:68: warning: Member await(int serial, T *ins, void(T::*method)(const Atlas::Objects::Operation::RootOperation &op)) (function) of class Eris::ResponseTracker is not documented.
/<<PKGBUILDDIR>>/Eris/Response.h:73: warning: Member ignore(int serial) (function) of class Eris::ResponseTracker is not documented.
/<<PKGBUILDDIR>>/Eris/Response.h:78: warning: Member handleOp(const Atlas::Objects::Operation::RootOperation &op) (function) of class Eris::ResponseTracker is not documented.
/<<PKGBUILDDIR>>/Eris/Room.h:52: warning: Member getTopic() const (function) of class Eris::Room is not documented.
/<<PKGBUILDDIR>>/Eris/Room.h:73: warning: Member getPersonByUID(const std::string &uid) (function) of class Eris::Room is not documented.
/<<PKGBUILDDIR>>/Eris/Router.h:20: warning: Member handleObject(const Atlas::Objects::Root &obj) (function) of class Eris::Router is not documented.
/<<PKGBUILDDIR>>/Eris/Router.h:23: warning: Member handleEntity(const Atlas::Objects::Entity::RootEntity &ent) (function) of class Eris::Router is not documented.
/<<PKGBUILDDIR>>/Eris/Room.h:99: warning: Member IdPersonMap (typedef) of class Eris::Room is not documented.
/<<PKGBUILDDIR>>/Eris/Room.h:105: warning: Member handleOperation(const Atlas::Objects::Operation::RootOperation &op) (function) of class Eris::Room is not documented.
/<<PKGBUILDDIR>>/Eris/Room.h:106: warning: Member handleSoundTalk(Person *p, const std::string &speech) (function) of class Eris::Room is not documented.
/<<PKGBUILDDIR>>/Eris/Room.h:107: warning: Member handleEmote(Person *p, const std::string &desc) (function) of class Eris::Room is not documented.
/<<PKGBUILDDIR>>/Eris/Room.h:110: warning: Member m_roomId (variable) of class Eris::Room is not documented.
/<<PKGBUILDDIR>>/Eris/Router.h:13: warning: Member RouterResult (enumeration) of class Eris::Router is not documented.
/<<PKGBUILDDIR>>/Eris/Router.h:13: warning: Member RouterResult (enumeration) of class Eris::Router is not documented.
/<<PKGBUILDDIR>>/Eris/Router.h:20: warning: Member handleObject(const Atlas::Objects::Root &obj) (function) of class Eris::Router is not documented.
/<<PKGBUILDDIR>>/Eris/Router.h:22: warning: Member handleOperation(const Atlas::Objects::Operation::RootOperation &op) (function) of class Eris::Router is not documented.
/<<PKGBUILDDIR>>/Eris/Router.h:23: warning: Member handleEntity(const Atlas::Objects::Entity::RootEntity &ent) (function) of class Eris::Router is not documented.
/<<PKGBUILDDIR>>/Eris/ServerInfo.h:26: warning: Member Status (enumeration) of class Eris::ServerInfo is not documented.
/<<PKGBUILDDIR>>/Eris/ServerInfo.h:36: warning: Member getStatus() const (function) of class Eris::ServerInfo is not documented.
/<<PKGBUILDDIR>>/Eris/ServerInfo.h:94: warning: Member setPing(int p) (function) of class Eris::ServerInfo is not documented.
/<<PKGBUILDDIR>>/Eris/ServerInfo.h:95: warning: Member setStatus(Status s) (function) of class Eris::ServerInfo is not documented.
/<<PKGBUILDDIR>>/Eris/ServerInfo.h:19: warning: Found unknown command '\task'
/<<PKGBUILDDIR>>/Eris/ServerInfo.h:71: warning: Found unknown command '\task'
/<<PKGBUILDDIR>>/Eris/Lobby.cpp:256: warning: Member SightPersonRedispatch(Connection *con, const std::string &pid, const Root &obj) (function) of class Eris::SightPersonRedispatch is not documented.
/<<PKGBUILDDIR>>/Eris/Lobby.cpp:261: warning: Member onSightPerson(Person *p) (function) of class Eris::SightPersonRedispatch is not documented.
/<<PKGBUILDDIR>>/Eris/Redispatch.h:18: warning: Member Redispatch(Connection *con, const Atlas::Objects::Root &obj) (function) of class Eris::Redispatch is not documented.
/<<PKGBUILDDIR>>/Eris/Redispatch.h:25: warning: Member post() (function) of class Eris::Redispatch is not documented.
/<<PKGBUILDDIR>>/Eris/Redispatch.h:27: warning: Member postModified(const Atlas::Objects::Root &obj) (function) of class Eris::Redispatch is not documented.
/<<PKGBUILDDIR>>/Eris/Redispatch.h:29: warning: Member fail() (function) of class Eris::Redispatch is not documented.
/<<PKGBUILDDIR>>/Eris/Redispatch.h:31: warning: Member m_obj (variable) of class Eris::Redispatch is not documented.
/<<PKGBUILDDIR>>/Eris/Task.h:48: warning: Member Completed (variable) of class Eris::Task is not documented.
/<<PKGBUILDDIR>>/Eris/Task.h:50: warning: Member Cancelled (variable) of class Eris::Task is not documented.
/<<PKGBUILDDIR>>/Eris/Task.h:52: warning: Member Progressed (variable) of class Eris::Task is not documented.
/<<PKGBUILDDIR>>/Eris/Task.h:54: warning: Member ProgressRateChanged (variable) of class Eris::Task is not documented.
/<<PKGBUILDDIR>>/Eris/TerrainModTranslator.h:52: warning: Member parseStuff(const WFMath::Point< 3 > &pos, const WFMath::Quaternion &orientation, const Atlas::Message::MapType &modElement, const std::string &typeName, Shape< 2 > &shape, const Atlas::Message::Element &shapeElement) (function) of class Eris::TerrainModTranslator is not documented.
/<<PKGBUILDDIR>>/Eris/TerrainModTranslator.h:86: warning: Member createInstance(Shape< 2 > &shape, const WFMath::Point< 3 > &pos, const Atlas::Message::MapType &, float, float) (function) of class Eris::TerrainModTranslator is not documented.
/<<PKGBUILDDIR>>/Eris/TerrainModTranslator.h:94: warning: Member createInstance(Shape< 2 > &shape, const WFMath::Point< 3 > &pos, const Atlas::Message::MapType &) (function) of class Eris::TerrainModTranslator is not documented.
/<<PKGBUILDDIR>>/Eris/TerrainModTranslator.h:79: warning: Member parseShape(const Atlas::Message::Element &shapeElement, const WFMath::Point< 3 > &pos, const WFMath::Quaternion &orientation, Shape< 2 > &shape) (function) of class Eris::TerrainModTranslator is not documented.
/<<PKGBUILDDIR>>/Eris/TerrainModTranslator.h:98: warning: Member m_mod (variable) of class Eris::TerrainModTranslator is not documented.
/<<PKGBUILDDIR>>/Eris/TerrainModTranslator.cpp:270: warning: The following parameter of Eris::TerrainModTranslator::createInstance(Shape< 2 > &shape, const WFMath::Point< 3 > &pos, const MapType &modElement) is not documented:
  parameter 'modElement'
/<<PKGBUILDDIR>>/Eris/TerrainModTranslator.cpp:226: warning: The following parameter of Eris::TerrainModTranslator::createInstance(Shape< 2 > &shape, const WFMath::Point< 3 > &pos, const MapType &modElement, float, float) is not documented:
  parameter 'modElement'
/<<PKGBUILDDIR>>/Eris/TerrainModTranslator.cpp:84: warning: argument 'orientation' of command @param is not found in the argument list of Eris::TerrainModTranslator::parseData(const WFMath::Point< 3 > &pos, const WFMath::Quaternion &, const Atlas::Message::MapType &)
/<<PKGBUILDDIR>>/Eris/TerrainModTranslator.cpp:84: warning: argument 'modElement' of command @param is not found in the argument list of Eris::TerrainModTranslator::parseData(const WFMath::Point< 3 > &pos, const WFMath::Quaternion &, const Atlas::Message::MapType &)
/<<PKGBUILDDIR>>/Eris/TerrainModTranslator.cpp:188: warning: The following parameter of Eris::TerrainModTranslator::parseShape(const Element &shapeElement, const WFMath::Point< 3 > &pos, const WFMath::Quaternion &orientation, Shape< 2 > &shape) is not documented:
  parameter 'orientation'
/<<PKGBUILDDIR>>/Eris/TimedEventService.h:62: warning: Member registerEvent(TimedEvent *te) (function) of class Eris::TimedEventService is not documented.
/<<PKGBUILDDIR>>/Eris/TimedEventService.h:66: warning: Member unregisterEvent(TimedEvent *te) (function) of class Eris::TimedEventService is not documented.
/<<PKGBUILDDIR>>/Eris/TimedEventService.h:50: warning: Member instance() (function) of class Eris::TimedEventService is not documented.
/<<PKGBUILDDIR>>/Eris/TimedEventService.h:52: warning: Member del() (function) of class Eris::TimedEventService is not documented.
/<<PKGBUILDDIR>>/Eris/TimedEventService.h:55: warning: Found unknown command '\ret'
/<<PKGBUILDDIR>>/Eris/Timeout.h:16: warning: argument 'label' of command @param is not found in the argument list of Eris::Timeout::Timeout(unsigned long milli)
/<<PKGBUILDDIR>>/Eris/TypeBoundRedispatch.h:16: warning: Member TypeBoundRedispatch(Connection *con, const Atlas::Objects::Root &obj, TypeInfo *unbound) (function) of class Eris::TypeBoundRedispatch is not documented.
/<<PKGBUILDDIR>>/Eris/TypeBoundRedispatch.h:17: warning: Member TypeBoundRedispatch(Connection *con, const Atlas::Objects::Root &obj, const TypeInfoSet &unbound) (function) of class Eris::TypeBoundRedispatch is not documented.
/<<PKGBUILDDIR>>/Eris/TypeBoundRedispatch.h:18: warning: Member onBound(TypeInfo *bound) (function) of class Eris::TypeBoundRedispatch is not documented.
/<<PKGBUILDDIR>>/Eris/TypeBoundRedispatch.h:19: warning: Member onBadType(TypeInfo *bad) (function) of class Eris::TypeBoundRedispatch is not documented.
/<<PKGBUILDDIR>>/Eris/Redispatch.h:18: warning: Member Redispatch(Connection *con, const Atlas::Objects::Root &obj) (function) of class Eris::Redispatch is not documented.
/<<PKGBUILDDIR>>/Eris/Redispatch.h:25: warning: Member post() (function) of class Eris::Redispatch is not documented.
/<<PKGBUILDDIR>>/Eris/Redispatch.h:27: warning: Member postModified(const Atlas::Objects::Root &obj) (function) of class Eris::Redispatch is not documented.
/<<PKGBUILDDIR>>/Eris/Redispatch.h:29: warning: Member fail() (function) of class Eris::Redispatch is not documented.
/<<PKGBUILDDIR>>/Eris/Redispatch.h:31: warning: Member m_obj (variable) of class Eris::Redispatch is not documented.
/<<PKGBUILDDIR>>/Eris/TypeInfo.h:125: warning: Member validateBind() (function) of class Eris::TypeInfo is not documented.
/<<PKGBUILDDIR>>/Eris/TypeService.h:27: warning: Member TypeService(Connection *con) (function) of class Eris::TypeService is not documented.
/<<PKGBUILDDIR>>/Eris/TypeService.h:30: warning: Member init() (function) of class Eris::TypeService is not documented.
/<<PKGBUILDDIR>>/Eris/TypeService.h:50: warning: Member listUnbound() (function) of class Eris::TypeService is not documented.
/<<PKGBUILDDIR>>/Eris/TypeService.h:52: warning: Member handleOperation(const Atlas::Objects::Operation::RootOperation &) (function) of class Eris::TypeService is not documented.
/<<PKGBUILDDIR>>/Eris/TypeService.h:64: warning: Member TypeInfoMap (typedef) of class Eris::TypeService is not documented.
/<<PKGBUILDDIR>>/Eris/TypeService.h:59: warning: Member recvTypeInfo(const Atlas::Objects::Root &atype) (function) of class Eris::TypeService is not documented.
/<<PKGBUILDDIR>>/Eris/TypeService.h:60: warning: Member recvError(const Atlas::Objects::Operation::Get &get) (function) of class Eris::TypeService is not documented.
/<<PKGBUILDDIR>>/Eris/TypeService.h:62: warning: Member defineBuiltin(const std::string &name, TypeInfoPtr parent) (function) of class Eris::TypeService is not documented.
/<<PKGBUILDDIR>>/Eris/TypeService.h:70: warning: Member m_con (variable) of class Eris::TypeService is not documented.
/<<PKGBUILDDIR>>/Eris/TypeService.h:71: warning: Member m_inited (variable) of class Eris::TypeService is not documented.
/<<PKGBUILDDIR>>/Eris/View.h:69: warning: Member EntitySightSlot (typedef) of class Eris::View is not documented.
/<<PKGBUILDDIR>>/Eris/View.h:36: warning: Member View(Avatar *av) (function) of class Eris::View is not documented.
/<<PKGBUILDDIR>>/Eris/View.h:45: warning: Member getAvatar() const (function) of class Eris::View is not documented.
/<<PKGBUILDDIR>>/Eris/View.h:104: warning: Member dumpLookQueue() (function) of class Eris::View is not documented.
/<<PKGBUILDDIR>>/Eris/View.h:90: warning: Member Appearance (variable) of class Eris::View is not documented.
/<<PKGBUILDDIR>>/Eris/View.h:91: warning: Member Disappearance (variable) of class Eris::View is not documented.
/<<PKGBUILDDIR>>/Eris/View.h:121: warning: Member appear(const std::string &eid, float stamp) (function) of class Eris::View is not documented.
/<<PKGBUILDDIR>>/Eris/View.h:122: warning: Member disappear(const std::string &eid) (function) of class Eris::View is not documented.
/<<PKGBUILDDIR>>/Eris/View.h:123: warning: Member sight(const Atlas::Objects::Entity::RootEntity &ge) (function) of class Eris::View is not documented.
/<<PKGBUILDDIR>>/Eris/View.h:124: warning: Member create(const Atlas::Objects::Entity::RootEntity &ge) (function) of class Eris::View is not documented.
/<<PKGBUILDDIR>>/Eris/View.h:125: warning: Member deleteEntity(const std::string &eid) (function) of class Eris::View is not documented.
/<<PKGBUILDDIR>>/Eris/View.h:126: warning: Member unseen(const std::string &eid) (function) of class Eris::View is not documented.
/<<PKGBUILDDIR>>/Eris/View.h:128: warning: Member setEntityVisible(Entity *ent, bool vis) (function) of class Eris::View is not documented.
/<<PKGBUILDDIR>>/Eris/View.h:133: warning: Member addToPrediction(Entity *ent) (function) of class Eris::View is not documented.
/<<PKGBUILDDIR>>/Eris/View.h:134: warning: Member removeFromPrediction(Entity *ent) (function) of class Eris::View is not documented.
/<<PKGBUILDDIR>>/Eris/Entity.h:62: warning: Member Entity(const std::string &id, TypeInfo *ty) (function) of class Eris::Entity is not documented.
/<<PKGBUILDDIR>>/Eris/Entity.h:227: warning: Member hasChild(const std::string &eid) const (function) of class Eris::Entity is not documented.
/<<PKGBUILDDIR>>/Eris/Entity.h:248: warning: Member toLocationCoords(const C &c) const (function) of class Eris::Entity is not documented.
/<<PKGBUILDDIR>>/Eris/Entity.h:251: warning: Member fromLocationCoords(const C &c) const (function) of class Eris::Entity is not documented.
/<<PKGBUILDDIR>>/Eris/Entity.h:259: warning: Member toLocationCoords(const WFMath::Vector< 3 > &v) const (function) of class Eris::Entity is not documented.
/<<PKGBUILDDIR>>/Eris/Entity.h:261: warning: Member fromLocationCoords(const WFMath::Vector< 3 > &v) const (function) of class Eris::Entity is not documented.
/<<PKGBUILDDIR>>/Eris/Entity.h:354: warning: Member onAttrChanged(const std::string &attr, const Atlas::Message::Element &v) (function) of class Eris::Entity is not documented.
/<<PKGBUILDDIR>>/Eris/Entity.h:356: warning: Member onLocationChanged(Entity *oldLoc) (function) of class Eris::Entity is not documented.
/<<PKGBUILDDIR>>/Eris/Entity.h:466: warning: Member beginUpdate() (function) of class Eris::Entity is not documented.
/<<PKGBUILDDIR>>/Eris/Entity.h:467: warning: Member addToUpdate(const std::string &attr) (function) of class Eris::Entity is not documented.
/<<PKGBUILDDIR>>/Eris/Entity.h:468: warning: Member endUpdate() (function) of class Eris::Entity is not documented.
/<<PKGBUILDDIR>>/Eris/Entity.h:490: warning: Member buildEntityDictFromContents(IdEntityMap &dict) (function) of class Eris::Entity is not documented.
/<<PKGBUILDDIR>>/Eris/Entity.h:492: warning: Member addChild(Entity *e) (function) of class Eris::Entity is not documented.
/<<PKGBUILDDIR>>/Eris/Entity.h:493: warning: Member removeChild(Entity *e) (function) of class Eris::Entity is not documented.
/<<PKGBUILDDIR>>/Eris/Entity.h:495: warning: Member addToLocation() (function) of class Eris::Entity is not documented.
/<<PKGBUILDDIR>>/Eris/Entity.h:496: warning: Member removeFromLocation() (function) of class Eris::Entity is not documented.
/<<PKGBUILDDIR>>/Eris/Entity.h:498: warning: Member updateTasks(const Atlas::Message::Element &e) (function) of class Eris::Entity is not documented.
/<<PKGBUILDDIR>>/Eris/Entity.h:499: warning: Member removeTask(Task *t) (function) of class Eris::Entity is not documented.
/<<PKGBUILDDIR>>/Eris/Entity.h:512: warning: Member updatePredictedState(const WFMath::TimeStamp &t) (function) of class Eris::Entity is not documented.
/<<PKGBUILDDIR>>/Eris/Entity.h:514: warning: Member createAlarmExpired() (function) of class Eris::Entity is not documented.
/<<PKGBUILDDIR>>/Eris/Entity.h:541: warning: Member m_attrs (variable) of class Eris::Entity is not documented.
/<<PKGBUILDDIR>>/Eris/Entity.h:543: warning: Member m_type (variable) of class Eris::Entity is not documented.
/<<PKGBUILDDIR>>/Eris/Entity.h:546: warning: Member m_location (variable) of class Eris::Entity is not documented.
/<<PKGBUILDDIR>>/Eris/Entity.h:547: warning: Member m_contents (variable) of class Eris::Entity is not documented.
/<<PKGBUILDDIR>>/Eris/Entity.h:552: warning: Member m_description (variable) of class Eris::Entity is not documented.
/<<PKGBUILDDIR>>/Eris/Entity.h:553: warning: Member m_visible (variable) of class Eris::Entity is not documented.
/<<PKGBUILDDIR>>/Eris/Entity.h:556: warning: Member m_bbox (variable) of class Eris::Entity is not documented.
/<<PKGBUILDDIR>>/Eris/Entity.h:557: warning: Member m_position (variable) of class Eris::Entity is not documented.
/<<PKGBUILDDIR>>/Eris/Entity.h:558: warning: Member m_velocity (variable) of class Eris::Entity is not documented.
/<<PKGBUILDDIR>>/Eris/Entity.h:559: warning: Member m_orientation (variable) of class Eris::Entity is not documented.
/<<PKGBUILDDIR>>/Eris/Entity.h:560: warning: Member m_acc (variable) of class Eris::Entity is not documented.
/<<PKGBUILDDIR>>/Eris/Entity.h:562: warning: Member m_predicted (variable) of class Eris::Entity is not documented.
/<<PKGBUILDDIR>>/Eris/Entity.h:579: warning: Member m_observers (variable) of class Eris::Entity is not documented.
/<<PKGBUILDDIR>>/Eris/Entity.h:586: warning: Member m_lastMoveTime (variable) of class Eris::Entity is not documented.
/<<PKGBUILDDIR>>/Eris/Entity.h:591: warning: Member m_tasks (variable) of class Eris::Entity is not documented.
/<<PKGBUILDDIR>>/Eris/Entity.h:593: warning: Member m_initialised (variable) of class Eris::Entity is not documented.
/<<PKGBUILDDIR>>/Eris/Entity.h:60: warning: Member AttrMap (typedef) of class Eris::Entity is not documented.
/<<PKGBUILDDIR>>/Eris/Entity.h:264: warning: Member ChildAdded (variable) of class Eris::Entity is not documented.
/<<PKGBUILDDIR>>/Eris/Entity.h:265: warning: Member ChildRemoved (variable) of class Eris::Entity is not documented.
/<<PKGBUILDDIR>>/Eris/Entity.h:489: warning: Member IdEntityMap (typedef) of class Eris::Entity is not documented.
/<<PKGBUILDDIR>>/Eris/Entity.h:576: warning: Member AttrChangedSignal (typedef) of class Eris::Entity is not documented.
/<<PKGBUILDDIR>>/Eris/Entity.h:578: warning: Member ObserverMap (typedef) of class Eris::Entity is not documented.
/<<PKGBUILDDIR>>/Eris/LogStream.h:24: warning: Member operator<<(const std::string &s) (function) of class Eris::logStreamBase is not documented.
/<<PKGBUILDDIR>>/Eris/LogStream.h:32: warning: Member m_stream (variable) of class Eris::logStreamBase is not documented.
/<<PKGBUILDDIR>>/Eris/UIFactory.h:209: warning: Member parse(const Atlas::Message::Element &) (function) of class Eris::UI::Bindings is not documented.
/<<PKGBUILDDIR>>/Eris/UIFactory.h:214: warning: Member findFactory(const Atlas::Message::Element &id) const (function) of class Eris::UI::Bindings is not documented.
/<<PKGBUILDDIR>>/Eris/UIFactory.h:219: warning: Member findFactory(const std::string &id) const (function) of class Eris::UI::Bindings is not documented.
/<<PKGBUILDDIR>>/Eris/UIFactory.h:225: warning: Member bind(Factory *f) (function) of class Eris::UI::Bindings is not documented.
/<<PKGBUILDDIR>>/Eris/UIFactory.h:247: warning: Member display(Element *, const std::string &id)=0 (function) of class Eris::UI::Bindings is not documented.
/<<PKGBUILDDIR>>/Eris/UIFactory.h:249: warning: Member createConsoleElement(const Atlas::Objects::Entity::UIEntity &)=0 (function) of class Eris::UI::Bindings is not documented.
/<<PKGBUILDDIR>>/Eris/UIFactory.h:49: warning: Member setProperties(const Atlas::Message::Element::MapType &)=0 (function) of class Eris::UI::Element is not documented.
/<<PKGBUILDDIR>>/Eris/UIFactory.h:51: warning: Member setProperty(const std::string &name, const Atlas::Message::Element &arg) (function) of class Eris::UI::Element is not documented.
/<<PKGBUILDDIR>>/Eris/UIFactory.h:58: warning: Member PropertiesChanged (variable) of class Eris::UI::Element is not documented.
/<<PKGBUILDDIR>>/Eris/UIFactory.h:109: warning: Member IDMap (typedef) of class Eris::UI::Factory is not documented.
/<<PKGBUILDDIR>>/Eris/UIFactory.h:104: warning: Member Factory(const std::string &id, BaseGen *gen) (function) of class Eris::UI::Factory is not documented.
/<<PKGBUILDDIR>>/Eris/UIFactory.h:112: warning: Member create(IDMap &) const (function) of class Eris::UI::Factory is not documented.
/<<PKGBUILDDIR>>/Eris/UIFactory.h:114: warning: Member parse(const Atlas::Message::Element::MapType &, const Bindings &) const (function) of class Eris::UI::Factory is not documented.
/<<PKGBUILDDIR>>/Eris/UIFactory.h:116: warning: Member ref() (function) of class Eris::UI::Factory is not documented.
/<<PKGBUILDDIR>>/Eris/UIFactory.h:117: warning: Member unref() (function) of class Eris::UI::Factory is not documented.
/<<PKGBUILDDIR>>/Eris/UIFactory.h:118: warning: Member unique() const (function) of class Eris::UI::Factory is not documented.
/<<PKGBUILDDIR>>/Eris/UIFactory.h:119: warning: Member persistent() const (function) of class Eris::UI::Factory is not documented.
/<<PKGBUILDDIR>>/Eris/UIFactory.h:120: warning: Member id() const (function) of class Eris::UI::Factory is not documented.
/<<PKGBUILDDIR>>/Eris/UIFactory.h:123: warning: Member IDList (typedef) of class Eris::UI::Factory is not documented.
/<<PKGBUILDDIR>>/Eris/UIFactory.h:125: warning: Member Factory(const Atlas::Objects::Entity::UIEntity &, const std::string &, const IDList &, const Atlas::Message::Element::MapType &, BaseGen *) (function) of class Eris::UI::Factory is not documented.
/<<PKGBUILDDIR>>/Eris/UIFactory.h:128: warning: Member attrs() const (function) of class Eris::UI::Factory is not documented.
/<<PKGBUILDDIR>>/Eris/UIFactory.h:129: warning: Member idlist() const (function) of class Eris::UI::Factory is not documented.
/<<PKGBUILDDIR>>/Eris/UIFactory.h:130: warning: Member gen() const (function) of class Eris::UI::Factory is not documented.
/<<PKGBUILDDIR>>/Eris/UIFactory.h:93: warning: Member create(const Atlas::Message::Element::MapType &)=0 (function) of class Eris::UI::Factory::BaseGen is not documented.
/<<PKGBUILDDIR>>/Eris/UIFactory.h:100: warning: Member create(const Atlas::Message::Element::MapType &attrs) (function) of class Eris::UI::Factory::Gen is not documented.
/<<PKGBUILDDIR>>/Eris/UIFactory.h:76: warning: Member pack(Element *)=0 (function) of class Eris::UI::FrameElement is not documented.
/<<PKGBUILDDIR>>/Eris/UIFactory.h:77: warning: Member packSlot(SlotElement *slot) (function) of class Eris::UI::FrameElement is not documented.
/<<PKGBUILDDIR>>/Eris/UIFactory.h:49: warning: Member setProperties(const Atlas::Message::Element::MapType &)=0 (function) of class Eris::UI::Element is not documented.
/<<PKGBUILDDIR>>/Eris/UIFactory.h:51: warning: Member setProperty(const std::string &name, const Atlas::Message::Element &arg) (function) of class Eris::UI::Element is not documented.
/<<PKGBUILDDIR>>/Eris/UIFactory.h:58: warning: Member PropertiesChanged (variable) of class Eris::UI::Element is not documented.
/<<PKGBUILDDIR>>/Eris/UIFactory.h:167: warning: Member FrameFactory(BaseGen *gen) (function) of class Eris::UI::FrameFactory is not documented.
/<<PKGBUILDDIR>>/Eris/UIFactory.h:171: warning: Member create(IDMap &) const (function) of class Eris::UI::FrameFactory is not documented.
/<<PKGBUILDDIR>>/Eris/UIFactory.h:172: warning: Member parse(const Atlas::Message::Element::MapType &, const Bindings &) const (function) of class Eris::UI::FrameFactory is not documented.
/<<PKGBUILDDIR>>/Eris/UIFactory.h:104: warning: Member Factory(const std::string &id, BaseGen *gen) (function) of class Eris::UI::Factory is not documented.
/<<PKGBUILDDIR>>/Eris/UIFactory.h:116: warning: Member ref() (function) of class Eris::UI::Factory is not documented.
/<<PKGBUILDDIR>>/Eris/UIFactory.h:117: warning: Member unref() (function) of class Eris::UI::Factory is not documented.
/<<PKGBUILDDIR>>/Eris/UIFactory.h:118: warning: Member unique() const (function) of class Eris::UI::Factory is not documented.
/<<PKGBUILDDIR>>/Eris/UIFactory.h:119: warning: Member persistent() const (function) of class Eris::UI::Factory is not documented.
/<<PKGBUILDDIR>>/Eris/UIFactory.h:120: warning: Member id() const (function) of class Eris::UI::Factory is not documented.
/<<PKGBUILDDIR>>/Eris/UIFactory.h:109: warning: Member IDMap (typedef) of class Eris::UI::Factory is not documented.
/<<PKGBUILDDIR>>/Eris/UIFactory.h:123: warning: Member IDList (typedef) of class Eris::UI::Factory is not documented.
/<<PKGBUILDDIR>>/Eris/UIFactory.h:125: warning: Member Factory(const Atlas::Objects::Entity::UIEntity &, const std::string &, const IDList &, const Atlas::Message::Element::MapType &, BaseGen *) (function) of class Eris::UI::Factory is not documented.
/<<PKGBUILDDIR>>/Eris/UIFactory.h:128: warning: Member attrs() const (function) of class Eris::UI::Factory is not documented.
/<<PKGBUILDDIR>>/Eris/UIFactory.h:129: warning: Member idlist() const (function) of class Eris::UI::Factory is not documented.
/<<PKGBUILDDIR>>/Eris/UIFactory.h:130: warning: Member gen() const (function) of class Eris::UI::Factory is not documented.
/<<PKGBUILDDIR>>/Eris/UIFactory.h:152: warning: Member create(const std::string &valign, const std::string &halign, const std::string &rel_pos, const Atlas::Message::Element::MapType &)=0 (function) of class Eris::UI::FrameFactory::BaseGen is not documented.
/<<PKGBUILDDIR>>/Eris/UIFactory.h:160: warning: Member create(const std::string &valign, const std::string &halign, const std::string &rel_pos, const Atlas::Message::Element::MapType &attrs) (function) of class Eris::UI::FrameFactory::Gen is not documented.
/<<PKGBUILDDIR>>/Eris/UIFactory.h:64: warning: Member action(const Atlas::Message::Element::MapType &)=0 (function) of class Eris::UI::SlotElement is not documented.
/<<PKGBUILDDIR>>/Eris/UIFactory.h:49: warning: Member setProperties(const Atlas::Message::Element::MapType &)=0 (function) of class Eris::UI::Element is not documented.
/<<PKGBUILDDIR>>/Eris/UIFactory.h:51: warning: Member setProperty(const std::string &name, const Atlas::Message::Element &arg) (function) of class Eris::UI::Element is not documented.
/<<PKGBUILDDIR>>/Eris/UIFactory.h:58: warning: Member PropertiesChanged (variable) of class Eris::UI::Element is not documented.
/<<PKGBUILDDIR>>/Eris/UIFactory.h:188: warning: Member SlotFactory(const std::string &id, BaseGen *gen) (function) of class Eris::UI::SlotFactory is not documented.
/<<PKGBUILDDIR>>/Eris/UIFactory.h:190: warning: Member create(IDMap &) const (function) of class Eris::UI::SlotFactory is not documented.
/<<PKGBUILDDIR>>/Eris/UIFactory.h:191: warning: Member parse(const Atlas::Message::Element::MapType &, const Bindings &) const (function) of class Eris::UI::SlotFactory is not documented.
/<<PKGBUILDDIR>>/Eris/UIFactory.h:193: warning: Member target() const (function) of class Eris::UI::SlotFactory is not documented.
/<<PKGBUILDDIR>>/Eris/UIFactory.h:104: warning: Member Factory(const std::string &id, BaseGen *gen) (function) of class Eris::UI::Factory is not documented.
/<<PKGBUILDDIR>>/Eris/UIFactory.h:116: warning: Member ref() (function) of class Eris::UI::Factory is not documented.
/<<PKGBUILDDIR>>/Eris/UIFactory.h:117: warning: Member unref() (function) of class Eris::UI::Factory is not documented.
/<<PKGBUILDDIR>>/Eris/UIFactory.h:118: warning: Member unique() const (function) of class Eris::UI::Factory is not documented.
/<<PKGBUILDDIR>>/Eris/UIFactory.h:119: warning: Member persistent() const (function) of class Eris::UI::Factory is not documented.
/<<PKGBUILDDIR>>/Eris/UIFactory.h:120: warning: Member id() const (function) of class Eris::UI::Factory is not documented.
/<<PKGBUILDDIR>>/Eris/UIFactory.h:109: warning: Member IDMap (typedef) of class Eris::UI::Factory is not documented.
/<<PKGBUILDDIR>>/Eris/UIFactory.h:123: warning: Member IDList (typedef) of class Eris::UI::Factory is not documented.
/<<PKGBUILDDIR>>/Eris/UIFactory.h:125: warning: Member Factory(const Atlas::Objects::Entity::UIEntity &, const std::string &, const IDList &, const Atlas::Message::Element::MapType &, BaseGen *) (function) of class Eris::UI::Factory is not documented.
/<<PKGBUILDDIR>>/Eris/UIFactory.h:128: warning: Member attrs() const (function) of class Eris::UI::Factory is not documented.
/<<PKGBUILDDIR>>/Eris/UIFactory.h:129: warning: Member idlist() const (function) of class Eris::UI::Factory is not documented.
/<<PKGBUILDDIR>>/Eris/UIFactory.h:130: warning: Member gen() const (function) of class Eris::UI::Factory is not documented.
h...
Generating code for file UIFactory.h...
Parsing code for file View.cpp...
Generating code for file View.h...
Parsing code for file ViewEntity.cpp...
Generating code for file ViewEntity.h...
Generating file documentation...
Generating page documentation...
Generating docs for page todo...
Generating group documentation...
Generating class documentation...
Generating namespace index...
Generating docs for compound Atlas::Objects::Entity::SysData...
Generating docs for compound Atlas::Objects::Operation::Attack...
Generating docs for compound Atlas::Objects::Operation::Unseen...
Generating docs for compound Eris::Account...
Generating docs for compound Eris::AccountRouter...
Generating docs for compound Eris::Alarm...
Generating docs for compound Eris::Avatar...
Generating docs for compound Eris::BaseConnection...
Generating docs for compound Eris::BaseDeleteLater...
Generating docs for compound Eris::BaseException...
Generating docs for compound Eris::Calendar...
Generating docs for compound Eris::CharacterType...
Generating docs for compound Eris::Connection...
Generating docs for compound Eris::DateTime...
Generating docs for compound Eris::debug...
Generating docs for compound Eris::DerivedDeleteLater...
Generating docs for compound Eris::Entity...
Generating docs for nested compound Eris::Entity::DynamicState...
Generating docs for compound Eris::EntityRef...
Generating docs for compound Eris::EntityRouter...
Generating docs for compound Eris::error...
Generating docs for compound Eris::EventsByDueOrdering...
Generating docs for compound Eris::Factory...
Generating docs for compound Eris::IGRouter...
Generating docs for compound Eris::InvalidAtlas...
Generating docs for compound Eris::InvalidOperation...
Generating docs for compound Eris::Lobby...
Generating docs for compound Eris::logStreamBase...
Generating docs for compound Eris::MemberResponse...
Generating docs for compound Eris::Meta...
Generating docs for compound Eris::MetaQuery...
Generating docs for compound Eris::NetworkFailure...
Generating docs for compound Eris::NullResponse...
Generating docs for compound Eris::OOGRouter...
Generating docs for compound Eris::Person...
Generating docs for compound Eris::Poll...
Generating docs for compound Eris::PollData...
Generating docs for compound Eris::PollDataDefault...
Generating docs for compound Eris::PollDefault...
Generating docs for compound Eris::Redispatch...
Generating docs for compound Eris::ResponseBase...
Generating docs for compound Eris::ResponseTracker...
Generating docs for compound Eris::Room...
Generating docs for compound Eris::Router...
Generating docs for compound Eris::ServerInfo...
Generating docs for compound Eris::SightPersonRedispatch...
Generating docs for compound Eris::SpawnPoint...
Generating docs for compound Eris::Task...
Generating docs for compound Eris::TerrainModObserver...
Generating docs for compound Eris::TerrainModTranslator...
Generating docs for compound Eris::TimedEvent...
Generating docs for compound Eris::TimedEventService...
Generating docs for compound Eris::Timeout...
Generating docs for compound Eris::TransferInfo...
Generating docs for compound Eris::TypeBoundRedispatch...
Generating docs for compound Eris::TypeInfo...
Generating docs for compound Eris::TypeService...
Generating docs for compound Eris::View...
Generating docs for compound Eris::ViewEntity...
Generating docs for compound Eris::warning...
Generating docs for compound Eris::UI::Bindings...
Generating docs for compound Eris::UI::Element...
Generating docs for compound Eris::UI::Factory...
Generating docs for nested compound Eris::UI::Factory::BaseGen...
Generating docs for nested compound Eris::UI::Factory::Gen...
Generating docs for compound Eris::UI::FrameElement...
Generating docs for compound Eris::UI::FrameFactory...
Generating docs for nested compound Eris::UI::FrameFactory::BaseGen...
Generating docs for nested compound Eris::UI::FrameFactory::Gen...
Generating docs for compound Eris::UI::SlotElement...
Generating docs for compound Eris::UI::SlotFactory...
Generating graph info page...
Generating directory documentation...
Generating index page...
Generating page index...
Generating module index...
Generating namespace index...
Generating namespace member index...
Generating annotated compound index...
Generating alphabetical compound index...
Generating hierarchical class index...
Generating member index...
Generating file index...
Generating file member index...
Generating example index...
finalizing index lists...
writing tag file...
Running plantuml with JAVA...
lookup cache used 3443/65536 hits=19971 misses=3612
finished...
make[2]: Leaving directory '/<<PKGBUILDDIR>>'
make[1]: Leaving directory '/<<PKGBUILDDIR>>'
   dh_auto_build -Nliberis-doc
	make -j4
make[1]: Entering directory '/<<PKGBUILDDIR>>'
make  all-recursive
make[2]: Entering directory '/<<PKGBUILDDIR>>'
Making all in Eris
make[3]: Entering directory '/<<PKGBUILDDIR>>/Eris'
/bin/bash ../libtool  --tag=CXX   --mode=compile g++ -DHAVE_CONFIG_H   -I.. -I.. -Wdate-time -D_FORTIFY_SOURCE=2 -I/usr/include/sigc++-2.0 -I/usr/lib/x86_64-linux-gnu/sigc++-2.0/include -I/usr/include/skstream-0.3 -I/usr/lib/x86_64-linux-gnu/skstream-0.3/include -I/usr/include/Atlas-C++-0.6 -I/usr/include/Mercator-0.3 -I/usr/include/wfmath-1.0  -g -O2 -fdebug-prefix-map=/<<PKGBUILDDIR>>=. -fstack-protector-strong -Wformat -Werror=format-security -Wall -Wno-unknown-pragmas -DNDEBUG -c -o Exceptions.lo Exceptions.cpp
/bin/bash ../libtool  --tag=CXX   --mode=compile g++ -DHAVE_CONFIG_H   -I.. -I.. -Wdate-time -D_FORTIFY_SOURCE=2 -I/usr/include/sigc++-2.0 -I/usr/lib/x86_64-linux-gnu/sigc++-2.0/include -I/usr/include/skstream-0.3 -I/usr/lib/x86_64-linux-gnu/skstream-0.3/include -I/usr/include/Atlas-C++-0.6 -I/usr/include/Mercator-0.3 -I/usr/include/wfmath-1.0  -g -O2 -fdebug-prefix-map=/<<PKGBUILDDIR>>=. -fstack-protector-strong -Wformat -Werror=format-security -Wall -Wno-unknown-pragmas -DNDEBUG -c -o Entity.lo Entity.cpp
/bin/bash ../libtool  --tag=CXX   --mode=compile g++ -DHAVE_CONFIG_H   -I.. -I.. -Wdate-time -D_FORTIFY_SOURCE=2 -I/usr/include/sigc++-2.0 -I/usr/lib/x86_64-linux-gnu/sigc++-2.0/include -I/usr/include/skstream-0.3 -I/usr/lib/x86_64-linux-gnu/skstream-0.3/include -I/usr/include/Atlas-C++-0.6 -I/usr/include/Mercator-0.3 -I/usr/include/wfmath-1.0  -g -O2 -fdebug-prefix-map=/<<PKGBUILDDIR>>=. -fstack-protector-strong -Wformat -Werror=format-security -Wall -Wno-unknown-pragmas -DNDEBUG -c -o Lobby.lo Lobby.cpp
/bin/bash ../libtool  --tag=CXX   --mode=compile g++ -DHAVE_CONFIG_H   -I.. -I.. -Wdate-time -D_FORTIFY_SOURCE=2 -I/usr/include/sigc++-2.0 -I/usr/lib/x86_64-linux-gnu/sigc++-2.0/include -I/usr/include/skstream-0.3 -I/usr/lib/x86_64-linux-gnu/skstream-0.3/include -I/usr/include/Atlas-C++-0.6 -I/usr/include/Mercator-0.3 -I/usr/include/wfmath-1.0  -g -O2 -fdebug-prefix-map=/<<PKGBUILDDIR>>=. -fstack-protector-strong -Wformat -Werror=format-security -Wall -Wno-unknown-pragmas -DNDEBUG -c -o Account.lo Account.cpp
libtool: compile:  g++ -DHAVE_CONFIG_H -I.. -I.. -Wdate-time -D_FORTIFY_SOURCE=2 -I/usr/include/sigc++-2.0 -I/usr/lib/x86_64-linux-gnu/sigc++-2.0/include -I/usr/include/skstream-0.3 -I/usr/lib/x86_64-linux-gnu/skstream-0.3/include -I/usr/include/Atlas-C++-0.6 -I/usr/include/Mercator-0.3 -I/usr/include/wfmath-1.0 -g -O2 -fdebug-prefix-map=/<<PKGBUILDDIR>>=. -fstack-protector-strong -Wformat -Werror=format-security -Wall -Wno-unknown-pragmas -DNDEBUG -c Account.cpp  -fPIC -DPIC -o .libs/Account.o
libtool: compile:  g++ -DHAVE_CONFIG_H -I.. -I.. -Wdate-time -D_FORTIFY_SOURCE=2 -I/usr/include/sigc++-2.0 -I/usr/lib/x86_64-linux-gnu/sigc++-2.0/include -I/usr/include/skstream-0.3 -I/usr/lib/x86_64-linux-gnu/skstream-0.3/include -I/usr/include/Atlas-C++-0.6 -I/usr/include/Mercator-0.3 -I/usr/include/wfmath-1.0 -g -O2 -fdebug-prefix-map=/<<PKGBUILDDIR>>=. -fstack-protector-strong -Wformat -Werror=format-security -Wall -Wno-unknown-pragmas -DNDEBUG -c Exceptions.cpp  -fPIC -DPIC -o .libs/Exceptions.o
libtool: compile:  g++ -DHAVE_CONFIG_H -I.. -I.. -Wdate-time -D_FORTIFY_SOURCE=2 -I/usr/include/sigc++-2.0 -I/usr/lib/x86_64-linux-gnu/sigc++-2.0/include -I/usr/include/skstream-0.3 -I/usr/lib/x86_64-linux-gnu/skstream-0.3/include -I/usr/include/Atlas-C++-0.6 -I/usr/include/Mercator-0.3 -I/usr/include/wfmath-1.0 -g -O2 -fdebug-prefix-map=/<<PKGBUILDDIR>>=. -fstack-protector-strong -Wformat -Werror=format-security -Wall -Wno-unknown-pragmas -DNDEBUG -c Lobby.cpp  -fPIC -DPIC -o .libs/Lobby.o
libtool: compile:  g++ -DHAVE_CONFIG_H -I.. -I.. -Wdate-time -D_FORTIFY_SOURCE=2 -I/usr/include/sigc++-2.0 -I/usr/lib/x86_64-linux-gnu/sigc++-2.0/include -I/usr/include/skstream-0.3 -I/usr/lib/x86_64-linux-gnu/skstream-0.3/include -I/usr/include/Atlas-C++-0.6 -I/usr/include/Mercator-0.3 -I/usr/include/wfmath-1.0 -g -O2 -fdebug-prefix-map=/<<PKGBUILDDIR>>=. -fstack-protector-strong -Wformat -Werror=format-security -Wall -Wno-unknown-pragmas -DNDEBUG -c Entity.cpp  -fPIC -DPIC -o .libs/Entity.o
/bin/bash ../libtool  --tag=CXX   --mode=compile g++ -DHAVE_CONFIG_H   -I.. -I.. -Wdate-time -D_FORTIFY_SOURCE=2 -I/usr/include/sigc++-2.0 -I/usr/lib/x86_64-linux-gnu/sigc++-2.0/include -I/usr/include/skstream-0.3 -I/usr/lib/x86_64-linux-gnu/skstream-0.3/include -I/usr/include/Atlas-C++-0.6 -I/usr/include/Mercator-0.3 -I/usr/include/wfmath-1.0  -g -O2 -fdebug-prefix-map=/<<PKGBUILDDIR>>=. -fstack-protector-strong -Wformat -Werror=format-security -Wall -Wno-unknown-pragmas -DNDEBUG -c -o BaseConnection.lo BaseConnection.cpp
libtool: compile:  g++ -DHAVE_CONFIG_H -I.. -I.. -Wdate-time -D_FORTIFY_SOURCE=2 -I/usr/include/sigc++-2.0 -I/usr/lib/x86_64-linux-gnu/sigc++-2.0/include -I/usr/include/skstream-0.3 -I/usr/lib/x86_64-linux-gnu/skstream-0.3/include -I/usr/include/Atlas-C++-0.6 -I/usr/include/Mercator-0.3 -I/usr/include/wfmath-1.0 -g -O2 -fdebug-prefix-map=/<<PKGBUILDDIR>>=. -fstack-protector-strong -Wformat -Werror=format-security -Wall -Wno-unknown-pragmas -DNDEBUG -c BaseConnection.cpp  -fPIC -DPIC -o .libs/BaseConnection.o
In file included from Lobby.cpp:6:
../Eris/Connection.h:60:9: warning: 'Eris::Connection::connect' hides overloaded virtual function [-Woverloaded-virtual]
    int connect();
        ^
../Eris/BaseConnection.h:40:17: note: hidden overloaded virtual function 'Eris::BaseConnection::connect' declared here: different number of parameters (2 vs 0)
    virtual int connect(const std::string &host, short port);
                ^
In file included from Account.cpp:6:
../Eris/Connection.h:60:9: warning: 'Eris::Connection::connect' hides overloaded virtual function [-Woverloaded-virtual]
    int connect();
        ^
../Eris/BaseConnection.h:40:17: note: hidden overloaded virtual function 'Eris::BaseConnection::connect' declared here: different number of parameters (2 vs 0)
    virtual int connect(const std::string &host, short port);
                ^
In file included from Entity.cpp:6:
../Eris/Connection.h:60:9: warning: 'Eris::Connection::connect' hides overloaded virtual function [-Woverloaded-virtual]
    int connect();
        ^
../Eris/BaseConnection.h:40:17: note: hidden overloaded virtual function 'Eris::BaseConnection::connect' declared here: different number of parameters (2 vs 0)
    virtual int connect(const std::string &host, short port);
                ^
In file included from BaseConnection.cpp:21:
./CustomEntities.h:38:9: warning: all paths through this function will call itself [-Winfinite-recursion]
        {if(current_class == SYS_NO) current_class = -1; SysData::iterate(current_class, attr);}
        ^
1 warning generated.
/bin/bash ../libtool  --tag=CXX   --mode=compile g++ -DHAVE_CONFIG_H   -I.. -I.. -Wdate-time -D_FORTIFY_SOURCE=2 -I/usr/include/sigc++-2.0 -I/usr/lib/x86_64-linux-gnu/sigc++-2.0/include -I/usr/include/skstream-0.3 -I/usr/lib/x86_64-linux-gnu/skstream-0.3/include -I/usr/include/Atlas-C++-0.6 -I/usr/include/Mercator-0.3 -I/usr/include/wfmath-1.0  -g -O2 -fdebug-prefix-map=/<<PKGBUILDDIR>>=. -fstack-protector-strong -Wformat -Werror=format-security -Wall -Wno-unknown-pragmas -DNDEBUG -c -o Connection.lo Connection.cpp
libtool: compile:  g++ -DHAVE_CONFIG_H -I.. -I.. -Wdate-time -D_FORTIFY_SOURCE=2 -I/usr/include/sigc++-2.0 -I/usr/lib/x86_64-linux-gnu/sigc++-2.0/include -I/usr/include/skstream-0.3 -I/usr/lib/x86_64-linux-gnu/skstream-0.3/include -I/usr/include/Atlas-C++-0.6 -I/usr/include/Mercator-0.3 -I/usr/include/wfmath-1.0 -g -O2 -fdebug-prefix-map=/<<PKGBUILDDIR>>=. -fstack-protector-strong -Wformat -Werror=format-security -Wall -Wno-unknown-pragmas -DNDEBUG -c Connection.cpp  -fPIC -DPIC -o .libs/Connection.o
1 warning generated.
/bin/bash ../libtool  --tag=CXX   --mode=compile g++ -DHAVE_CONFIG_H   -I.. -I.. -Wdate-time -D_FORTIFY_SOURCE=2 -I/usr/include/sigc++-2.0 -I/usr/lib/x86_64-linux-gnu/sigc++-2.0/include -I/usr/include/skstream-0.3 -I/usr/lib/x86_64-linux-gnu/skstream-0.3/include -I/usr/include/Atlas-C++-0.6 -I/usr/include/Mercator-0.3 -I/usr/include/wfmath-1.0  -g -O2 -fdebug-prefix-map=/<<PKGBUILDDIR>>=. -fstack-protector-strong -Wformat -Werror=format-security -Wall -Wno-unknown-pragmas -DNDEBUG -c -o Types.lo Types.cpp
libtool: compile:  g++ -DHAVE_CONFIG_H -I.. -I.. -Wdate-time -D_FORTIFY_SOURCE=2 -I/usr/include/sigc++-2.0 -I/usr/lib/x86_64-linux-gnu/sigc++-2.0/include -I/usr/include/skstream-0.3 -I/usr/lib/x86_64-linux-gnu/skstream-0.3/include -I/usr/include/Atlas-C++-0.6 -I/usr/include/Mercator-0.3 -I/usr/include/wfmath-1.0 -g -O2 -fdebug-prefix-map=/<<PKGBUILDDIR>>=. -fstack-protector-strong -Wformat -Werror=format-security -Wall -Wno-unknown-pragmas -DNDEBUG -c Types.cpp  -fPIC -DPIC -o .libs/Types.o
In file included from Connection.cpp:7:
../Eris/Connection.h:60:9: warning: 'Eris::Connection::connect' hides overloaded virtual function [-Woverloaded-virtual]
    int connect();
        ^
../Eris/BaseConnection.h:40:17: note: hidden overloaded virtual function 'Eris::BaseConnection::connect' declared here: different number of parameters (2 vs 0)
    virtual int connect(const std::string &host, short port);
                ^
/bin/bash ../libtool  --tag=CXX   --mode=compile g++ -DHAVE_CONFIG_H   -I.. -I.. -Wdate-time -D_FORTIFY_SOURCE=2 -I/usr/include/sigc++-2.0 -I/usr/lib/x86_64-linux-gnu/sigc++-2.0/include -I/usr/include/skstream-0.3 -I/usr/lib/x86_64-linux-gnu/skstream-0.3/include -I/usr/include/Atlas-C++-0.6 -I/usr/include/Mercator-0.3 -I/usr/include/wfmath-1.0  -g -O2 -fdebug-prefix-map=/<<PKGBUILDDIR>>=. -fstack-protector-strong -Wformat -Werror=format-security -Wall -Wno-unknown-pragmas -DNDEBUG -c -o Room.lo Room.cpp
libtool: compile:  g++ -DHAVE_CONFIG_H -I.. -I.. -Wdate-time -D_FORTIFY_SOURCE=2 -I/usr/include/sigc++-2.0 -I/usr/lib/x86_64-linux-gnu/sigc++-2.0/include -I/usr/include/skstream-0.3 -I/usr/lib/x86_64-linux-gnu/skstream-0.3/include -I/usr/include/Atlas-C++-0.6 -I/usr/include/Mercator-0.3 -I/usr/include/wfmath-1.0 -g -O2 -fdebug-prefix-map=/<<PKGBUILDDIR>>=. -fstack-protector-strong -Wformat -Werror=format-security -Wall -Wno-unknown-pragmas -DNDEBUG -c Room.cpp  -fPIC -DPIC -o .libs/Room.o
1 warning generated.
/bin/bash ../libtool  --tag=CXX   --mode=compile g++ -DHAVE_CONFIG_H   -I.. -I.. -Wdate-time -D_FORTIFY_SOURCE=2 -I/usr/include/sigc++-2.0 -I/usr/lib/x86_64-linux-gnu/sigc++-2.0/include -I/usr/include/skstream-0.3 -I/usr/lib/x86_64-linux-gnu/skstream-0.3/include -I/usr/include/Atlas-C++-0.6 -I/usr/include/Mercator-0.3 -I/usr/include/wfmath-1.0  -g -O2 -fdebug-prefix-map=/<<PKGBUILDDIR>>=. -fstack-protector-strong -Wformat -Werror=format-security -Wall -Wno-unknown-pragmas -DNDEBUG -c -o Person.lo Person.cpp
libtool: compile:  g++ -DHAVE_CONFIG_H -I.. -I.. -Wdate-time -D_FORTIFY_SOURCE=2 -I/usr/include/sigc++-2.0 -I/usr/lib/x86_64-linux-gnu/sigc++-2.0/include -I/usr/include/skstream-0.3 -I/usr/lib/x86_64-linux-gnu/skstream-0.3/include -I/usr/include/Atlas-C++-0.6 -I/usr/include/Mercator-0.3 -I/usr/include/wfmath-1.0 -g -O2 -fdebug-prefix-map=/<<PKGBUILDDIR>>=. -fstack-protector-strong -Wformat -Werror=format-security -Wall -Wno-unknown-pragmas -DNDEBUG -c Person.cpp  -fPIC -DPIC -o .libs/Person.o
1 warning generated.
/bin/bash ../libtool  --tag=CXX   --mode=compile g++ -DHAVE_CONFIG_H   -I.. -I.. -Wdate-time -D_FORTIFY_SOURCE=2 -I/usr/include/sigc++-2.0 -I/usr/lib/x86_64-linux-gnu/sigc++-2.0/include -I/usr/include/skstream-0.3 -I/usr/lib/x86_64-linux-gnu/skstream-0.3/include -I/usr/include/Atlas-C++-0.6 -I/usr/include/Mercator-0.3 -I/usr/include/wfmath-1.0  -g -O2 -fdebug-prefix-map=/<<PKGBUILDDIR>>=. -fstack-protector-strong -Wformat -Werror=format-security -Wall -Wno-unknown-pragmas -DNDEBUG -c -o Metaserver.lo Metaserver.cpp
libtool: compile:  g++ -DHAVE_CONFIG_H -I.. -I.. -Wdate-time -D_FORTIFY_SOURCE=2 -I/usr/include/sigc++-2.0 -I/usr/lib/x86_64-linux-gnu/sigc++-2.0/include -I/usr/include/skstream-0.3 -I/usr/lib/x86_64-linux-gnu/skstream-0.3/include -I/usr/include/Atlas-C++-0.6 -I/usr/include/Mercator-0.3 -I/usr/include/wfmath-1.0 -g -O2 -fdebug-prefix-map=/<<PKGBUILDDIR>>=. -fstack-protector-strong -Wformat -Werror=format-security -Wall -Wno-unknown-pragmas -DNDEBUG -c Metaserver.cpp  -fPIC -DPIC -o .libs/Metaserver.o
In file included from Room.cpp:7:
../Eris/Connection.h:60:9: warning: 'Eris::Connection::connect' hides overloaded virtual function [-Woverloaded-virtual]
    int connect();
        ^
../Eris/BaseConnection.h:40:17: note: hidden overloaded virtual function 'Eris::BaseConnection::connect' declared here: different number of parameters (2 vs 0)
    virtual int connect(const std::string &host, short port);
                ^
In file included from Person.cpp:9:
../Eris/Connection.h:60:9: warning: 'Eris::Connection::connect' hides overloaded virtual function [-Woverloaded-virtual]
    int connect();
        ^
../Eris/BaseConnection.h:40:17: note: hidden overloaded virtual function 'Eris::BaseConnection::connect' declared here: different number of parameters (2 vs 0)
    virtual int connect(const std::string &host, short port);
                ^
1 warning generated.
/bin/bash ../libtool  --tag=CXX   --mode=compile g++ -DHAVE_CONFIG_H   -I.. -I.. -Wdate-time -D_FORTIFY_SOURCE=2 -I/usr/include/sigc++-2.0 -I/usr/lib/x86_64-linux-gnu/sigc++-2.0/include -I/usr/include/skstream-0.3 -I/usr/lib/x86_64-linux-gnu/skstream-0.3/include -I/usr/include/Atlas-C++-0.6 -I/usr/include/Mercator-0.3 -I/usr/include/wfmath-1.0  -g -O2 -fdebug-prefix-map=/<<PKGBUILDDIR>>=. -fstack-protector-strong -Wformat -Werror=format-security -Wall -Wno-unknown-pragmas -DNDEBUG -c -o MetaQuery.lo MetaQuery.cpp
libtool: compile:  g++ -DHAVE_CONFIG_H -I.. -I.. -Wdate-time -D_FORTIFY_SOURCE=2 -I/usr/include/sigc++-2.0 -I/usr/lib/x86_64-linux-gnu/sigc++-2.0/include -I/usr/include/skstream-0.3 -I/usr/lib/x86_64-linux-gnu/skstream-0.3/include -I/usr/include/Atlas-C++-0.6 -I/usr/include/Mercator-0.3 -I/usr/include/wfmath-1.0 -g -O2 -fdebug-prefix-map=/<<PKGBUILDDIR>>=. -fstack-protector-strong -Wformat -Werror=format-security -Wall -Wno-unknown-pragmas -DNDEBUG -c MetaQuery.cpp  -fPIC -DPIC -o .libs/MetaQuery.o
1 warning generated.
/bin/bash ../libtool  --tag=CXX   --mode=compile g++ -DHAVE_CONFIG_H   -I.. -I.. -Wdate-time -D_FORTIFY_SOURCE=2 -I/usr/include/sigc++-2.0 -I/usr/lib/x86_64-linux-gnu/sigc++-2.0/include -I/usr/include/skstream-0.3 -I/usr/lib/x86_64-linux-gnu/skstream-0.3/include -I/usr/include/Atlas-C++-0.6 -I/usr/include/Mercator-0.3 -I/usr/include/wfmath-1.0  -g -O2 -fdebug-prefix-map=/<<PKGBUILDDIR>>=. -fstack-protector-strong -Wformat -Werror=format-security -Wall -Wno-unknown-pragmas -DNDEBUG -c -o ServerInfo.lo ServerInfo.cpp
libtool: compile:  g++ -DHAVE_CONFIG_H -I.. -I.. -Wdate-time -D_FORTIFY_SOURCE=2 -I/usr/include/sigc++-2.0 -I/usr/lib/x86_64-linux-gnu/sigc++-2.0/include -I/usr/include/skstream-0.3 -I/usr/lib/x86_64-linux-gnu/skstream-0.3/include -I/usr/include/Atlas-C++-0.6 -I/usr/include/Mercator-0.3 -I/usr/include/wfmath-1.0 -g -O2 -fdebug-prefix-map=/<<PKGBUILDDIR>>=. -fstack-protector-strong -Wformat -Werror=format-security -Wall -Wno-unknown-pragmas -DNDEBUG -c ServerInfo.cpp  -fPIC -DPIC -o .libs/ServerInfo.o
Metaserver.cpp:53:2: warning: unused variable 'LAST' [-Wunused-const-variable]
        LAST = 10;
        ^
In file included from MetaQuery.cpp:10:
../Eris/Connection.h:60:9: warning: 'Eris::Connection::connect' hides overloaded virtual function [-Woverloaded-virtual]
    int connect();
        ^
../Eris/BaseConnection.h:40:17: note: hidden overloaded virtual function 'Eris::BaseConnection::connect' declared here: different number of parameters (2 vs 0)
    virtual int connect(const std::string &host, short port);
                ^
1 warning generated.
/bin/bash ../libtool  --tag=CXX   --mode=compile g++ -DHAVE_CONFIG_H   -I.. -I.. -Wdate-time -D_FORTIFY_SOURCE=2 -I/usr/include/sigc++-2.0 -I/usr/lib/x86_64-linux-gnu/sigc++-2.0/include -I/usr/include/skstream-0.3 -I/usr/lib/x86_64-linux-gnu/skstream-0.3/include -I/usr/include/Atlas-C++-0.6 -I/usr/include/Mercator-0.3 -I/usr/include/wfmath-1.0  -g -O2 -fdebug-prefix-map=/<<PKGBUILDDIR>>=. -fstack-protector-strong -Wformat -Werror=format-security -Wall -Wno-unknown-pragmas -DNDEBUG -c -o Timeout.lo Timeout.cpp
libtool: compile:  g++ -DHAVE_CONFIG_H -I.. -I.. -Wdate-time -D_FORTIFY_SOURCE=2 -I/usr/include/sigc++-2.0 -I/usr/lib/x86_64-linux-gnu/sigc++-2.0/include -I/usr/include/skstream-0.3 -I/usr/lib/x86_64-linux-gnu/skstream-0.3/include -I/usr/include/Atlas-C++-0.6 -I/usr/include/Mercator-0.3 -I/usr/include/wfmath-1.0 -g -O2 -fdebug-prefix-map=/<<PKGBUILDDIR>>=. -fstack-protector-strong -Wformat -Werror=format-security -Wall -Wno-unknown-pragmas -DNDEBUG -c Timeout.cpp  -fPIC -DPIC -o .libs/Timeout.o
/bin/bash ../libtool  --tag=CXX   --mode=compile g++ -DHAVE_CONFIG_H   -I.. -I.. -Wdate-time -D_FORTIFY_SOURCE=2 -I/usr/include/sigc++-2.0 -I/usr/lib/x86_64-linux-gnu/sigc++-2.0/include -I/usr/include/skstream-0.3 -I/usr/lib/x86_64-linux-gnu/skstream-0.3/include -I/usr/include/Atlas-C++-0.6 -I/usr/include/Mercator-0.3 -I/usr/include/wfmath-1.0  -g -O2 -fdebug-prefix-map=/<<PKGBUILDDIR>>=. -fstack-protector-strong -Wformat -Werror=format-security -Wall -Wno-unknown-pragmas -DNDEBUG -c -o TypeInfo.lo TypeInfo.cpp
libtool: compile:  g++ -DHAVE_CONFIG_H -I.. -I.. -Wdate-time -D_FORTIFY_SOURCE=2 -I/usr/include/sigc++-2.0 -I/usr/lib/x86_64-linux-gnu/sigc++-2.0/include -I/usr/include/skstream-0.3 -I/usr/lib/x86_64-linux-gnu/skstream-0.3/include -I/usr/include/Atlas-C++-0.6 -I/usr/include/Mercator-0.3 -I/usr/include/wfmath-1.0 -g -O2 -fdebug-prefix-map=/<<PKGBUILDDIR>>=. -fstack-protector-strong -Wformat -Werror=format-security -Wall -Wno-unknown-pragmas -DNDEBUG -c TypeInfo.cpp  -fPIC -DPIC -o .libs/TypeInfo.o
1 warning generated.
/bin/bash ../libtool  --tag=CXX   --mode=compile g++ -DHAVE_CONFIG_H   -I.. -I.. -Wdate-time -D_FORTIFY_SOURCE=2 -I/usr/include/sigc++-2.0 -I/usr/lib/x86_64-linux-gnu/sigc++-2.0/include -I/usr/include/skstream-0.3 -I/usr/lib/x86_64-linux-gnu/skstream-0.3/include -I/usr/include/Atlas-C++-0.6 -I/usr/include/Mercator-0.3 -I/usr/include/wfmath-1.0  -g -O2 -fdebug-prefix-map=/<<PKGBUILDDIR>>=. -fstack-protector-strong -Wformat -Werror=format-security -Wall -Wno-unknown-pragmas -DNDEBUG -c -o PollDefault.lo PollDefault.cpp
libtool: compile:  g++ -DHAVE_CONFIG_H -I.. -I.. -Wdate-time -D_FORTIFY_SOURCE=2 -I/usr/include/sigc++-2.0 -I/usr/lib/x86_64-linux-gnu/sigc++-2.0/include -I/usr/include/skstream-0.3 -I/usr/lib/x86_64-linux-gnu/skstream-0.3/include -I/usr/include/Atlas-C++-0.6 -I/usr/include/Mercator-0.3 -I/usr/include/wfmath-1.0 -g -O2 -fdebug-prefix-map=/<<PKGBUILDDIR>>=. -fstack-protector-strong -Wformat -Werror=format-security -Wall -Wno-unknown-pragmas -DNDEBUG -c PollDefault.cpp  -fPIC -DPIC -o .libs/PollDefault.o
1 warning generated.
/bin/bash ../libtool  --tag=CXX   --mode=compile g++ -DHAVE_CONFIG_H   -I.. -I.. -Wdate-time -D_FORTIFY_SOURCE=2 -I/usr/include/sigc++-2.0 -I/usr/lib/x86_64-linux-gnu/sigc++-2.0/include -I/usr/include/skstream-0.3 -I/usr/lib/x86_64-linux-gnu/skstream-0.3/include -I/usr/include/Atlas-C++-0.6 -I/usr/include/Mercator-0.3 -I/usr/include/wfmath-1.0  -g -O2 -fdebug-prefix-map=/<<PKGBUILDDIR>>=. -fstack-protector-strong -Wformat -Werror=format-security -Wall -Wno-unknown-pragmas -DNDEBUG -c -o Log.lo Log.cpp
libtool: compile:  g++ -DHAVE_CONFIG_H -I.. -I.. -Wdate-time -D_FORTIFY_SOURCE=2 -I/usr/include/sigc++-2.0 -I/usr/lib/x86_64-linux-gnu/sigc++-2.0/include -I/usr/include/skstream-0.3 -I/usr/lib/x86_64-linux-gnu/skstream-0.3/include -I/usr/include/Atlas-C++-0.6 -I/usr/include/Mercator-0.3 -I/usr/include/wfmath-1.0 -g -O2 -fdebug-prefix-map=/<<PKGBUILDDIR>>=. -fstack-protector-strong -Wformat -Werror=format-security -Wall -Wno-unknown-pragmas -DNDEBUG -c Log.cpp  -fPIC -DPIC -o .libs/Log.o
/bin/bash ../libtool  --tag=CXX   --mode=compile g++ -DHAVE_CONFIG_H   -I.. -I.. -Wdate-time -D_FORTIFY_SOURCE=2 -I/usr/include/sigc++-2.0 -I/usr/lib/x86_64-linux-gnu/sigc++-2.0/include -I/usr/include/skstream-0.3 -I/usr/lib/x86_64-linux-gnu/skstream-0.3/include -I/usr/include/Atlas-C++-0.6 -I/usr/include/Mercator-0.3 -I/usr/include/wfmath-1.0  -g -O2 -fdebug-prefix-map=/<<PKGBUILDDIR>>=. -fstack-protector-strong -Wformat -Werror=format-security -Wall -Wno-unknown-pragmas -DNDEBUG -c -o Avatar.lo Avatar.cpp
libtool: compile:  g++ -DHAVE_CONFIG_H -I.. -I.. -Wdate-time -D_FORTIFY_SOURCE=2 -I/usr/include/sigc++-2.0 -I/usr/lib/x86_64-linux-gnu/sigc++-2.0/include -I/usr/include/skstream-0.3 -I/usr/lib/x86_64-linux-gnu/skstream-0.3/include -I/usr/include/Atlas-C++-0.6 -I/usr/include/Mercator-0.3 -I/usr/include/wfmath-1.0 -g -O2 -fdebug-prefix-map=/<<PKGBUILDDIR>>=. -fstack-protector-strong -Wformat -Werror=format-security -Wall -Wno-unknown-pragmas -DNDEBUG -c Avatar.cpp  -fPIC -DPIC -o .libs/Avatar.o
PollDefault.cpp:80:28: error: non-constant-expression cannot be narrowed from type 'unsigned long' to '__time_t' (aka 'long') in initializer list [-Wc++11-narrowing]
        struct timeval timeout = {msec_timeout / 1000, (msec_timeout % 1000) * 1000};
                                  ^~~~~~~~~~~~~~~~~~~
PollDefault.cpp:80:28: note: insert an explicit cast to silence this issue
        struct timeval timeout = {msec_timeout / 1000, (msec_timeout % 1000) * 1000};
                                  ^~~~~~~~~~~~~~~~~~~
                                  static_cast<__time_t>( )
PollDefault.cpp:80:49: error: non-constant-expression cannot be narrowed from type 'unsigned long' to '__suseconds_t' (aka 'long') in initializer list [-Wc++11-narrowing]
        struct timeval timeout = {msec_timeout / 1000, (msec_timeout % 1000) * 1000};
                                                       ^~~~~~~~~~~~~~~~~~~~~~~~~~~~
PollDefault.cpp:80:49: note: insert an explicit cast to silence this issue
        struct timeval timeout = {msec_timeout / 1000, (msec_timeout % 1000) * 1000};
                                                       ^~~~~~~~~~~~~~~~~~~~~~~~~~~~
                                                       static_cast<__suseconds_t>( )
2 errors generated.
make[3]: *** [Makefile:637: PollDefault.lo] Error 1
make[3]: *** Waiting for unfinished jobs....
Log.cpp:44:39: warning: binding dereferenced null pointer to reference has undefined behavior [-Wnull-dereference]
    Atlas::Codecs::Bach debugCodec(s, *(Atlas::Bridge*)0);
                                      ^~~~~~~~~~~~~~~~~~
Log.cpp:53:39: warning: binding dereferenced null pointer to reference has undefined behavior [-Wnull-dereference]
    Atlas::Codecs::Bach debugCodec(s, *(Atlas::Bridge*)0);
                                      ^~~~~~~~~~~~~~~~~~
2 warnings generated.
In file included from Avatar.cpp:7:
../Eris/Connection.h:60:9: warning: 'Eris::Connection::connect' hides overloaded virtual function [-Woverloaded-virtual]
    int connect();
        ^
../Eris/BaseConnection.h:40:17: note: hidden overloaded virtual function 'Eris::BaseConnection::connect' declared here: different number of parameters (2 vs 0)
    virtual int connect(const std::string &host, short port);
                ^
1 warning generated.
make[3]: Leaving directory '/<<PKGBUILDDIR>>/Eris'
make[2]: *** [Makefile:487: all-recursive] Error 1
make[2]: Leaving directory '/<<PKGBUILDDIR>>'
make[1]: *** [Makefile:388: all] Error 2
make[1]: Leaving directory '/<<PKGBUILDDIR>>'
dh_auto_build: error: make -j4 returned exit code 2
make: *** [debian/rules:6: build] Error 25
dpkg-buildpackage: error: debian/rules build subprocess returned exit status 2
--------------------------------------------------------------------------------
Build finished at 2020-05-03T04:49:37Z

Finished
--------


+------------------------------------------------------------------------------+
| Cleanup                                                                      |
+------------------------------------------------------------------------------+

Purging /<<BUILDDIR>>
Not cleaning session: cloned chroot in use
E: Build failure (dpkg-buildpackage died)

+------------------------------------------------------------------------------+
| Summary                                                                      |
+------------------------------------------------------------------------------+

Build Architecture: amd64
Build Type: binary
Build-Space: 24000
Build-Time: 21
Distribution: unstable
Fail-Stage: build
Host Architecture: amd64
Install-Time: 13
Job: eris_1.3.23-7
Machine Architecture: amd64
Package: eris
Package-Time: 50
Source-Version: 1.3.23-7
Space: 24000
Status: attempted
Version: 1.3.23-7
--------------------------------------------------------------------------------
Finished at 2020-05-03T04:49:37Z
Build needed 00:00:50, 24000k disk space
E: Build failure (dpkg-buildpackage died)
DC-Status: Failed 51.624573188s
DC-Time-Estimation: 51.624573188 versus expected 147 (r/m: 1.8474811687967578 ; m: 51.624573188)
