DC-Build-Header: iotjs 1.0-1 / 2020-05-03 04:54:31 +0000
DC-Task: type:rebuild-binarch-only source:iotjs version:1.0-1 chroot:unstable esttime:122 logfile:/tmp/iotjs_1.0-1_unstable_clang10.log modes:clang10:binarch-only
DC-Sbuild-call: su user42 -c 'sbuild -n --arch-any --apt-update -d unstable -v --no-run-lintian --chroot-setup-commands=/tmp/clang10 iotjs_1.0-1'
sbuild (Debian sbuild) 0.78.1 (09 February 2019) on ip-172-31-12-8.eu-central-1.compute.internal

+==============================================================================+
| iotjs 1.0-1 (amd64)                          Sun, 03 May 2020 04:54:31 +0000 |
+==============================================================================+

Package: iotjs
Version: 1.0-1
Source Version: 1.0-1
Distribution: unstable
Machine Architecture: amd64
Host Architecture: amd64
Build Architecture: amd64
Build Type: binary

I: NOTICE: Log filtering will replace 'var/run/schroot/mount/sid-amd64-sbuild-e0293e33-95be-424b-a4f5-486a7a27b36e' with '<<CHROOT>>'

+------------------------------------------------------------------------------+
| Chroot Setup Commands                                                        |
+------------------------------------------------------------------------------+


/tmp/clang10
------------

+ echo 'Entering customization script...'
Entering customization script...
+ CLANG_VERSION=10
+ echo 'Install of clang-10'
Install of clang-10
+ apt-get update
Get:1 http://127.0.0.1:12990/debian sid InRelease [146 kB]
Get:2 http://127.0.0.1:12990/debian sid/main Sources.diff/Index [27.9 kB]
Get:3 http://127.0.0.1:12990/debian sid/main amd64 Packages.diff/Index [27.9 kB]
Get:4 http://127.0.0.1:12990/debian sid/main Sources 2020-05-02-0208.16.pdiff [3982 B]
Get:5 http://127.0.0.1:12990/debian sid/main Sources 2020-05-02-0807.49.pdiff [10.9 kB]
Get:6 http://127.0.0.1:12990/debian sid/main Sources 2020-05-02-1412.30.pdiff [12.9 kB]
Get:7 http://127.0.0.1:12990/debian sid/main Sources 2020-05-02-2007.10.pdiff [13.4 kB]
Get:8 http://127.0.0.1:12990/debian sid/main Sources 2020-05-03-0208.39.pdiff [9476 B]
Get:8 http://127.0.0.1:12990/debian sid/main Sources 2020-05-03-0208.39.pdiff [9476 B]
Get:9 http://127.0.0.1:12990/debian sid/main amd64 Packages 2020-05-02-0208.16.pdiff [2772 B]
Get:10 http://127.0.0.1:12990/debian sid/main amd64 Packages 2020-05-02-0807.49.pdiff [3238 B]
Get:11 http://127.0.0.1:12990/debian sid/main amd64 Packages 2020-05-02-1412.30.pdiff [7641 B]
Get:12 http://127.0.0.1:12990/debian sid/main amd64 Packages 2020-05-02-2007.10.pdiff [10.5 kB]
Get:13 http://127.0.0.1:12990/debian sid/main amd64 Packages 2020-05-03-0208.39.pdiff [18.4 kB]
Get:13 http://127.0.0.1:12990/debian sid/main amd64 Packages 2020-05-03-0208.39.pdiff [18.4 kB]
Get:14 http://127.0.0.1:12990/debian sid/main Translation-en [6185 kB]
Fetched 6480 kB in 2s (4013 kB/s)
Reading package lists...
+ apt-get install --yes --no-install-recommends --force-yes clang-10 libomp-10-dev libobjc-9-dev
Reading package lists...
Building dependency tree...
The following additional packages will be installed:
  gcc-10-base lib32gcc-s1 lib32gcc1 lib32stdc++6 libatomic1 libbsd0 libc6-i386
  libcc1-0 libclang-common-10-dev libclang-cpp10 libclang1-10 libedit2
  libgc1c2 libgcc-s1 libgomp1 libitm1 libllvm10 liblsan0 libobjc4 libomp5-10
  libquadmath0 libstdc++6 libtsan0 libubsan1 libz3-4
Suggested packages:
  clang-10-doc libomp-10-doc
Recommended packages:
  llvm-10-dev python3
The following NEW packages will be installed:
  clang-10 lib32gcc-s1 lib32gcc1 lib32stdc++6 libbsd0 libc6-i386
  libclang-common-10-dev libclang-cpp10 libclang1-10 libedit2 libgc1c2
  libllvm10 libobjc-9-dev libobjc4 libomp-10-dev libomp5-10 libz3-4
The following packages will be upgraded:
  gcc-10-base libatomic1 libcc1-0 libgcc-s1 libgomp1 libitm1 liblsan0
  libquadmath0 libstdc++6 libtsan0 libubsan1
11 upgraded, 17 newly installed, 0 to remove and 0 not upgraded.
Need to get 51.4 MB of archives.
After this operation, 259 MB of additional disk space will be used.
Get:1 http://127.0.0.1:12990/debian sid/main amd64 libatomic1 amd64 10-20200502-1 [9048 B]
Get:2 http://127.0.0.1:12990/debian sid/main amd64 libubsan1 amd64 10-20200502-1 [134 kB]
Get:3 http://127.0.0.1:12990/debian sid/main amd64 libtsan0 amd64 10-20200502-1 [313 kB]
Get:4 http://127.0.0.1:12990/debian sid/main amd64 gcc-10-base amd64 10-20200502-1 [197 kB]
Get:5 http://127.0.0.1:12990/debian sid/main amd64 libstdc++6 amd64 10-20200502-1 [492 kB]
Get:6 http://127.0.0.1:12990/debian sid/main amd64 libquadmath0 amd64 10-20200502-1 [145 kB]
Get:7 http://127.0.0.1:12990/debian sid/main amd64 liblsan0 amd64 10-20200502-1 [141 kB]
Get:8 http://127.0.0.1:12990/debian sid/main amd64 libitm1 amd64 10-20200502-1 [25.7 kB]
Get:9 http://127.0.0.1:12990/debian sid/main amd64 libgomp1 amd64 10-20200502-1 [99.3 kB]
Get:10 http://127.0.0.1:12990/debian sid/main amd64 libcc1-0 amd64 10-20200502-1 [39.7 kB]
Get:11 http://127.0.0.1:12990/debian sid/main amd64 libgcc-s1 amd64 10-20200502-1 [41.2 kB]
Get:12 http://127.0.0.1:12990/debian sid/main amd64 libbsd0 amd64 0.10.0-1 [107 kB]
Get:13 http://127.0.0.1:12990/debian sid/main amd64 libedit2 amd64 3.1-20191231-1 [95.4 kB]
Get:14 http://127.0.0.1:12990/debian sid/main amd64 libz3-4 amd64 4.8.7-4 [6790 kB]
Get:15 http://127.0.0.1:12990/debian sid/main amd64 libllvm10 amd64 1:10.0.0-4 [15.5 MB]
Get:16 http://127.0.0.1:12990/debian sid/main amd64 libclang-cpp10 amd64 1:10.0.0-4 [10.1 MB]
Get:17 http://127.0.0.1:12990/debian sid/main amd64 libgc1c2 amd64 1:7.6.4-0.4 [224 kB]
Get:18 http://127.0.0.1:12990/debian sid/main amd64 libobjc4 amd64 10-20200502-1 [41.6 kB]
Get:19 http://127.0.0.1:12990/debian sid/main amd64 libobjc-9-dev amd64 9.3.0-11 [218 kB]
Get:20 http://127.0.0.1:12990/debian sid/main amd64 libc6-i386 amd64 2.30-4 [2926 kB]
Get:21 http://127.0.0.1:12990/debian sid/main amd64 lib32gcc-s1 amd64 10-20200502-1 [49.4 kB]
Get:22 http://127.0.0.1:12990/debian sid/main amd64 lib32gcc1 amd64 1:10-20200502-1 [1100 B]
Get:23 http://127.0.0.1:12990/debian sid/main amd64 lib32stdc++6 amd64 10-20200502-1 [510 kB]
Get:24 http://127.0.0.1:12990/debian sid/main amd64 libclang-common-10-dev amd64 1:10.0.0-4 [5062 kB]
Get:25 http://127.0.0.1:12990/debian sid/main amd64 libclang1-10 amd64 1:10.0.0-4 [7609 kB]
Get:26 http://127.0.0.1:12990/debian sid/main amd64 clang-10 amd64 1:10.0.0-4 [105 kB]
Get:27 http://127.0.0.1:12990/debian sid/main amd64 libomp5-10 amd64 1:10.0.0-4 [338 kB]
Get:28 http://127.0.0.1:12990/debian sid/main amd64 libomp-10-dev amd64 1:10.0.0-4 [85.0 kB]
debconf: delaying package configuration, since apt-utils is not installed
Fetched 51.4 MB in 0s (131 MB/s)
(Reading database ... (Reading database ... 5%(Reading database ... 10%(Reading database ... 15%(Reading database ... 20%(Reading database ... 25%(Reading database ... 30%(Reading database ... 35%(Reading database ... 40%(Reading database ... 45%(Reading database ... 50%(Reading database ... 55%(Reading database ... 60%(Reading database ... 65%(Reading database ... 70%(Reading database ... 75%(Reading database ... 80%(Reading database ... 85%(Reading database ... 90%(Reading database ... 95%(Reading database ... 100%(Reading database ... 12123 files and directories currently installed.)
Preparing to unpack .../libatomic1_10-20200502-1_amd64.deb ...
Unpacking libatomic1:amd64 (10-20200502-1) over (10-20200418-1) ...
Preparing to unpack .../libubsan1_10-20200502-1_amd64.deb ...
Unpacking libubsan1:amd64 (10-20200502-1) over (10-20200418-1) ...
Preparing to unpack .../libtsan0_10-20200502-1_amd64.deb ...
Unpacking libtsan0:amd64 (10-20200502-1) over (10-20200418-1) ...
Preparing to unpack .../gcc-10-base_10-20200502-1_amd64.deb ...
Unpacking gcc-10-base:amd64 (10-20200502-1) over (10-20200418-1) ...
Setting up gcc-10-base:amd64 (10-20200502-1) ...
(Reading database ... (Reading database ... 5%(Reading database ... 10%(Reading database ... 15%(Reading database ... 20%(Reading database ... 25%(Reading database ... 30%(Reading database ... 35%(Reading database ... 40%(Reading database ... 45%(Reading database ... 50%(Reading database ... 55%(Reading database ... 60%(Reading database ... 65%(Reading database ... 70%(Reading database ... 75%(Reading database ... 80%(Reading database ... 85%(Reading database ... 90%(Reading database ... 95%(Reading database ... 100%(Reading database ... 12123 files and directories currently installed.)
Preparing to unpack .../libstdc++6_10-20200502-1_amd64.deb ...
Unpacking libstdc++6:amd64 (10-20200502-1) over (10-20200418-1) ...
Setting up libstdc++6:amd64 (10-20200502-1) ...
(Reading database ... (Reading database ... 5%(Reading database ... 10%(Reading database ... 15%(Reading database ... 20%(Reading database ... 25%(Reading database ... 30%(Reading database ... 35%(Reading database ... 40%(Reading database ... 45%(Reading database ... 50%(Reading database ... 55%(Reading database ... 60%(Reading database ... 65%(Reading database ... 70%(Reading database ... 75%(Reading database ... 80%(Reading database ... 85%(Reading database ... 90%(Reading database ... 95%(Reading database ... 100%(Reading database ... 12123 files and directories currently installed.)
Preparing to unpack .../0-libquadmath0_10-20200502-1_amd64.deb ...
Unpacking libquadmath0:amd64 (10-20200502-1) over (10-20200418-1) ...
Preparing to unpack .../1-liblsan0_10-20200502-1_amd64.deb ...
Unpacking liblsan0:amd64 (10-20200502-1) over (10-20200418-1) ...
Preparing to unpack .../2-libitm1_10-20200502-1_amd64.deb ...
Unpacking libitm1:amd64 (10-20200502-1) over (10-20200418-1) ...
Preparing to unpack .../3-libgomp1_10-20200502-1_amd64.deb ...
Unpacking libgomp1:amd64 (10-20200502-1) over (10-20200418-1) ...
Preparing to unpack .../4-libcc1-0_10-20200502-1_amd64.deb ...
Unpacking libcc1-0:amd64 (10-20200502-1) over (10-20200418-1) ...
Preparing to unpack .../5-libgcc-s1_10-20200502-1_amd64.deb ...
Unpacking libgcc-s1:amd64 (10-20200502-1) over (10-20200418-1) ...
Setting up libgcc-s1:amd64 (10-20200502-1) ...
Selecting previously unselected package libbsd0:amd64.
(Reading database ... (Reading database ... 5%(Reading database ... 10%(Reading database ... 15%(Reading database ... 20%(Reading database ... 25%(Reading database ... 30%(Reading database ... 35%(Reading database ... 40%(Reading database ... 45%(Reading database ... 50%(Reading database ... 55%(Reading database ... 60%(Reading database ... 65%(Reading database ... 70%(Reading database ... 75%(Reading database ... 80%(Reading database ... 85%(Reading database ... 90%(Reading database ... 95%(Reading database ... 100%(Reading database ... 12123 files and directories currently installed.)
Preparing to unpack .../00-libbsd0_0.10.0-1_amd64.deb ...
Unpacking libbsd0:amd64 (0.10.0-1) ...
Selecting previously unselected package libedit2:amd64.
Preparing to unpack .../01-libedit2_3.1-20191231-1_amd64.deb ...
Unpacking libedit2:amd64 (3.1-20191231-1) ...
Selecting previously unselected package libz3-4:amd64.
Preparing to unpack .../02-libz3-4_4.8.7-4_amd64.deb ...
Unpacking libz3-4:amd64 (4.8.7-4) ...
Selecting previously unselected package libllvm10:amd64.
Preparing to unpack .../03-libllvm10_1%3a10.0.0-4_amd64.deb ...
Unpacking libllvm10:amd64 (1:10.0.0-4) ...
Selecting previously unselected package libclang-cpp10.
Preparing to unpack .../04-libclang-cpp10_1%3a10.0.0-4_amd64.deb ...
Unpacking libclang-cpp10 (1:10.0.0-4) ...
Selecting previously unselected package libgc1c2:amd64.
Preparing to unpack .../05-libgc1c2_1%3a7.6.4-0.4_amd64.deb ...
Unpacking libgc1c2:amd64 (1:7.6.4-0.4) ...
Selecting previously unselected package libobjc4:amd64.
Preparing to unpack .../06-libobjc4_10-20200502-1_amd64.deb ...
Unpacking libobjc4:amd64 (10-20200502-1) ...
Selecting previously unselected package libobjc-9-dev:amd64.
Preparing to unpack .../07-libobjc-9-dev_9.3.0-11_amd64.deb ...
Unpacking libobjc-9-dev:amd64 (9.3.0-11) ...
Selecting previously unselected package libc6-i386.
Preparing to unpack .../08-libc6-i386_2.30-4_amd64.deb ...
Unpacking libc6-i386 (2.30-4) ...
Selecting previously unselected package lib32gcc-s1.
Preparing to unpack .../09-lib32gcc-s1_10-20200502-1_amd64.deb ...
Unpacking lib32gcc-s1 (10-20200502-1) ...
Selecting previously unselected package lib32gcc1.
Preparing to unpack .../10-lib32gcc1_1%3a10-20200502-1_amd64.deb ...
Unpacking lib32gcc1 (1:10-20200502-1) ...
Selecting previously unselected package lib32stdc++6.
Preparing to unpack .../11-lib32stdc++6_10-20200502-1_amd64.deb ...
Unpacking lib32stdc++6 (10-20200502-1) ...
Selecting previously unselected package libclang-common-10-dev.
Preparing to unpack .../12-libclang-common-10-dev_1%3a10.0.0-4_amd64.deb ...
Unpacking libclang-common-10-dev (1:10.0.0-4) ...
Selecting previously unselected package libclang1-10.
Preparing to unpack .../13-libclang1-10_1%3a10.0.0-4_amd64.deb ...
Unpacking libclang1-10 (1:10.0.0-4) ...
Selecting previously unselected package clang-10.
Preparing to unpack .../14-clang-10_1%3a10.0.0-4_amd64.deb ...
Unpacking clang-10 (1:10.0.0-4) ...
Selecting previously unselected package libomp5-10:amd64.
Preparing to unpack .../15-libomp5-10_1%3a10.0.0-4_amd64.deb ...
Unpacking libomp5-10:amd64 (1:10.0.0-4) ...
Selecting previously unselected package libomp-10-dev.
Preparing to unpack .../16-libomp-10-dev_1%3a10.0.0-4_amd64.deb ...
Unpacking libomp-10-dev (1:10.0.0-4) ...
Setting up libgc1c2:amd64 (1:7.6.4-0.4) ...
Setting up libobjc4:amd64 (10-20200502-1) ...
Setting up libgomp1:amd64 (10-20200502-1) ...
Setting up libz3-4:amd64 (4.8.7-4) ...
Setting up libquadmath0:amd64 (10-20200502-1) ...
Setting up libatomic1:amd64 (10-20200502-1) ...
Setting up libobjc-9-dev:amd64 (9.3.0-11) ...
Setting up libubsan1:amd64 (10-20200502-1) ...
Setting up libomp5-10:amd64 (1:10.0.0-4) ...
Setting up libc6-i386 (2.30-4) ...
Setting up libbsd0:amd64 (0.10.0-1) ...
Setting up libcc1-0:amd64 (10-20200502-1) ...
Setting up liblsan0:amd64 (10-20200502-1) ...
Setting up libitm1:amd64 (10-20200502-1) ...
Setting up libtsan0:amd64 (10-20200502-1) ...
Setting up libomp-10-dev (1:10.0.0-4) ...
Setting up libedit2:amd64 (3.1-20191231-1) ...
Setting up libllvm10:amd64 (1:10.0.0-4) ...
Setting up lib32gcc-s1 (10-20200502-1) ...
Setting up libclang1-10 (1:10.0.0-4) ...
Setting up lib32gcc1 (1:10-20200502-1) ...
Setting up libclang-cpp10 (1:10.0.0-4) ...
Setting up lib32stdc++6 (10-20200502-1) ...
Setting up libclang-common-10-dev (1:10.0.0-4) ...
Setting up clang-10 (1:10.0.0-4) ...
Processing triggers for libc-bin (2.30-4) ...
W: --force-yes is deprecated, use one of the options starting with --allow instead.
+ echo 'Replace gcc, g++ & cpp by clang'
Replace gcc, g++ & cpp by clang
+ VERSIONS='4.6 4.7 4.8 4.9 5 6 7 8 9 10'
+ cd /usr/bin
+ for VERSION in $VERSIONS
+ rm -f g++-4.6 gcc-4.6 cpp-4.6 gcc
+ ln -s clang++-10 g++-4.6
+ ln -s clang-10 gcc-4.6
+ ln -s clang-10 cpp-4.6
+ ln -s clang-10 gcc
+ echo 'gcc-4.6 hold'
+ dpkg --set-selections
dpkg: warning: package not in status nor available database at line 1: gcc-4.6
dpkg: warning: found unknown packages; this might mean the available database
is outdated, and needs to be updated through a frontend method;
please see the FAQ <https://wiki.debian.org/Teams/Dpkg/FAQ>
+ echo 'g++-4.6 hold'
+ dpkg --set-selections
dpkg: warning: package not in status nor available database at line 1: g++-4.6
dpkg: warning: found unknown packages; this might mean the available database
is outdated, and needs to be updated through a frontend method;
please see the FAQ <https://wiki.debian.org/Teams/Dpkg/FAQ>
+ for VERSION in $VERSIONS
+ rm -f g++-4.7 gcc-4.7 cpp-4.7 gcc
+ ln -s clang++-10 g++-4.7
+ ln -s clang-10 gcc-4.7
+ ln -s clang-10 cpp-4.7
+ ln -s clang-10 gcc
+ echo 'gcc-4.7 hold'
+ dpkg --set-selections
dpkg: warning: package not in status nor available database at line 1: gcc-4.7
dpkg: warning: found unknown packages; this might mean the available database
is outdated, and needs to be updated through a frontend method;
please see the FAQ <https://wiki.debian.org/Teams/Dpkg/FAQ>
+ echo 'g++-4.7 hold'
+ dpkg --set-selections
dpkg: warning: package not in status nor available database at line 1: g++-4.7
dpkg: warning: found unknown packages; this might mean the available database
is outdated, and needs to be updated through a frontend method;
please see the FAQ <https://wiki.debian.org/Teams/Dpkg/FAQ>
+ for VERSION in $VERSIONS
+ rm -f g++-4.8 gcc-4.8 cpp-4.8 gcc
+ ln -s clang++-10 g++-4.8
+ ln -s clang-10 gcc-4.8
+ ln -s clang-10 cpp-4.8
+ ln -s clang-10 gcc
+ echo 'gcc-4.8 hold'
+ dpkg --set-selections
dpkg: warning: package not in status nor available database at line 1: gcc-4.8
dpkg: warning: found unknown packages; this might mean the available database
is outdated, and needs to be updated through a frontend method;
please see the FAQ <https://wiki.debian.org/Teams/Dpkg/FAQ>
+ echo 'g++-4.8 hold'
+ dpkg --set-selections
dpkg: warning: package not in status nor available database at line 1: g++-4.8
dpkg: warning: found unknown packages; this might mean the available database
is outdated, and needs to be updated through a frontend method;
please see the FAQ <https://wiki.debian.org/Teams/Dpkg/FAQ>
+ for VERSION in $VERSIONS
+ rm -f g++-4.9 gcc-4.9 cpp-4.9 gcc
+ ln -s clang++-10 g++-4.9
+ ln -s clang-10 gcc-4.9
+ ln -s clang-10 cpp-4.9
+ ln -s clang-10 gcc
+ echo 'gcc-4.9 hold'
+ dpkg --set-selections
dpkg: warning: package not in status nor available database at line 1: gcc-4.9
dpkg: warning: found unknown packages; this might mean the available database
is outdated, and needs to be updated through a frontend method;
please see the FAQ <https://wiki.debian.org/Teams/Dpkg/FAQ>
+ echo 'g++-4.9 hold'
+ dpkg --set-selections
dpkg: warning: package not in status nor available database at line 1: g++-4.9
dpkg: warning: found unknown packages; this might mean the available database
is outdated, and needs to be updated through a frontend method;
please see the FAQ <https://wiki.debian.org/Teams/Dpkg/FAQ>
+ for VERSION in $VERSIONS
+ rm -f g++-5 gcc-5 cpp-5 gcc
+ ln -s clang++-10 g++-5
+ ln -s clang-10 gcc-5
+ ln -s clang-10 cpp-5
+ ln -s clang-10 gcc
+ echo 'gcc-5 hold'
+ dpkg --set-selections
dpkg: warning: package not in status nor available database at line 1: gcc-5
dpkg: warning: found unknown packages; this might mean the available database
is outdated, and needs to be updated through a frontend method;
please see the FAQ <https://wiki.debian.org/Teams/Dpkg/FAQ>
+ echo 'g++-5 hold'
+ dpkg --set-selections
dpkg: warning: package not in status nor available database at line 1: g++-5
dpkg: warning: found unknown packages; this might mean the available database
is outdated, and needs to be updated through a frontend method;
please see the FAQ <https://wiki.debian.org/Teams/Dpkg/FAQ>
+ for VERSION in $VERSIONS
+ rm -f g++-6 gcc-6 cpp-6 gcc
+ ln -s clang++-10 g++-6
+ ln -s clang-10 gcc-6
+ ln -s clang-10 cpp-6
+ ln -s clang-10 gcc
+ echo 'gcc-6 hold'
+ dpkg --set-selections
dpkg: warning: package not in status nor available database at line 1: gcc-6
dpkg: warning: found unknown packages; this might mean the available database
is outdated, and needs to be updated through a frontend method;
please see the FAQ <https://wiki.debian.org/Teams/Dpkg/FAQ>
+ echo 'g++-6 hold'
+ dpkg --set-selections
dpkg: warning: package not in status nor available database at line 1: g++-6
dpkg: warning: found unknown packages; this might mean the available database
is outdated, and needs to be updated through a frontend method;
please see the FAQ <https://wiki.debian.org/Teams/Dpkg/FAQ>
+ for VERSION in $VERSIONS
+ rm -f g++-7 gcc-7 cpp-7 gcc
+ ln -s clang++-10 g++-7
+ ln -s clang-10 gcc-7
+ ln -s clang-10 cpp-7
+ ln -s clang-10 gcc
+ echo 'gcc-7 hold'
+ dpkg --set-selections
dpkg: warning: package not in status nor available database at line 1: gcc-7
dpkg: warning: found unknown packages; this might mean the available database
is outdated, and needs to be updated through a frontend method;
please see the FAQ <https://wiki.debian.org/Teams/Dpkg/FAQ>
+ echo 'g++-7 hold'
+ dpkg --set-selections
dpkg: warning: package not in status nor available database at line 1: g++-7
dpkg: warning: found unknown packages; this might mean the available database
is outdated, and needs to be updated through a frontend method;
please see the FAQ <https://wiki.debian.org/Teams/Dpkg/FAQ>
+ for VERSION in $VERSIONS
+ rm -f g++-8 gcc-8 cpp-8 gcc
+ ln -s clang++-10 g++-8
+ ln -s clang-10 gcc-8
+ ln -s clang-10 cpp-8
+ ln -s clang-10 gcc
+ echo 'gcc-8 hold'
+ dpkg --set-selections
dpkg: warning: package not in status nor available database at line 1: gcc-8
dpkg: warning: found unknown packages; this might mean the available database
is outdated, and needs to be updated through a frontend method;
please see the FAQ <https://wiki.debian.org/Teams/Dpkg/FAQ>
+ echo 'g++-8 hold'
+ dpkg --set-selections
dpkg: warning: package not in status nor available database at line 1: g++-8
dpkg: warning: found unknown packages; this might mean the available database
is outdated, and needs to be updated through a frontend method;
please see the FAQ <https://wiki.debian.org/Teams/Dpkg/FAQ>
+ for VERSION in $VERSIONS
+ rm -f g++-9 gcc-9 cpp-9 gcc
+ ln -s clang++-10 g++-9
+ ln -s clang-10 gcc-9
+ ln -s clang-10 cpp-9
+ ln -s clang-10 gcc
+ echo 'gcc-9 hold'
+ dpkg --set-selections
+ echo 'g++-9 hold'
+ dpkg --set-selections
+ for VERSION in $VERSIONS
+ rm -f g++-10 gcc-10 cpp-10 gcc
+ ln -s clang++-10 g++-10
+ ln -s clang-10 gcc-10
+ ln -s clang-10 cpp-10
+ ln -s clang-10 gcc
+ echo 'gcc-10 hold'
+ dpkg --set-selections
dpkg: warning: package not in status nor available database at line 1: gcc-10
dpkg: warning: found unknown packages; this might mean the available database
is outdated, and needs to be updated through a frontend method;
please see the FAQ <https://wiki.debian.org/Teams/Dpkg/FAQ>
+ echo 'g++-10 hold'
+ dpkg --set-selections
dpkg: warning: package not in status nor available database at line 1: g++-10
dpkg: warning: found unknown packages; this might mean the available database
is outdated, and needs to be updated through a frontend method;
please see the FAQ <https://wiki.debian.org/Teams/Dpkg/FAQ>
+ cd -
/build/iotjs-MbAqMA
+ echo 'Check if gcc, g++ & cpp are actually clang'
Check if gcc, g++ & cpp are actually clang
+ gcc --version
+ grep clang
+ cpp --version
+ grep clang
+ g++ --version
+ grep clang
+ cd /usr/bin/
+ rm -f clang++ clang
+ ln -s clang-10 clang++
+ ln -s clang-10 clang
+ clang++ --version
clang version 10.0.0-4 
Target: x86_64-pc-linux-gnu
Thread model: posix
InstalledDir: /usr/bin
+ clang --version
clang version 10.0.0-4 
Target: x86_64-pc-linux-gnu
Thread model: posix
InstalledDir: /usr/bin
+ cd -
/build/iotjs-MbAqMA
+ apt install --yes --no-install-recommends --force-yes qt5-qmake

WARNING: apt does not have a stable CLI interface. Use with caution in scripts.

Reading package lists...
Building dependency tree...
Reading state information...
The following additional packages will be installed:
  qt5-qmake-bin qtchooser
The following NEW packages will be installed:
  qt5-qmake qt5-qmake-bin qtchooser
0 upgraded, 3 newly installed, 0 to remove and 0 not upgraded.
Need to get 1270 kB of archives.
After this operation, 4788 kB of additional disk space will be used.
Get:1 http://127.0.0.1:12990/debian sid/main amd64 qt5-qmake-bin amd64 5.12.5+dfsg-10 [1015 kB]
Get:2 http://127.0.0.1:12990/debian sid/main amd64 qtchooser amd64 66-2 [26.3 kB]
Get:3 http://127.0.0.1:12990/debian sid/main amd64 qt5-qmake amd64 5.12.5+dfsg-10 [229 kB]
debconf: delaying package configuration, since apt-utils is not installed
Fetched 1270 kB in 0s (20.2 MB/s)
Selecting previously unselected package qt5-qmake-bin.
(Reading database ... (Reading database ... 5%(Reading database ... 10%(Reading database ... 15%(Reading database ... 20%(Reading database ... 25%(Reading database ... 30%(Reading database ... 35%(Reading database ... 40%(Reading database ... 45%(Reading database ... 50%(Reading database ... 55%(Reading database ... 60%(Reading database ... 65%(Reading database ... 70%(Reading database ... 75%(Reading database ... 80%(Reading database ... 85%(Reading database ... 90%(Reading database ... 95%(Reading database ... 100%(Reading database ... 12968 files and directories currently installed.)
Preparing to unpack .../qt5-qmake-bin_5.12.5+dfsg-10_amd64.deb ...
Unpacking qt5-qmake-bin (5.12.5+dfsg-10) ...
Selecting previously unselected package qtchooser.
Preparing to unpack .../qtchooser_66-2_amd64.deb ...
Unpacking qtchooser (66-2) ...
Selecting previously unselected package qt5-qmake:amd64.
Preparing to unpack .../qt5-qmake_5.12.5+dfsg-10_amd64.deb ...
Unpacking qt5-qmake:amd64 (5.12.5+dfsg-10) ...
Setting up qt5-qmake-bin (5.12.5+dfsg-10) ...
Setting up qtchooser (66-2) ...
Setting up qt5-qmake:amd64 (5.12.5+dfsg-10) ...
W: --force-yes is deprecated, use one of the options starting with --allow instead.
+ cp /usr/lib/x86_64-linux-gnu/qt5/mkspecs/linux-clang/qmake.conf /usr/lib/x86_64-linux-gnu/qt5/mkspecs/linux-clang/qplatformdefs.h /usr/lib/x86_64-linux-gnu/qt5/mkspecs/linux-g++/
+ ls -al /usr/lib/x86_64-linux-gnu/qt5/mkspecs/linux-g++/
total 16
drwxr-xr-x  2 root root 4096 May  3 04:54 .
drwxr-xr-x 75 root root 4096 May  3 04:54 ..
-rw-r--r--  1 root root  276 May  3 04:54 qmake.conf
-rw-r--r--  1 root root 3218 May  3 04:54 qplatformdefs.h
+ cat /usr/lib/x86_64-linux-gnu/qt5/mkspecs/linux-g++/qmake.conf
#
# qmake configuration for linux-clang
#

MAKEFILE_GENERATOR = UNIX
CONFIG += incremental

QMAKE_INCREMENTAL_STYLE = sublib

include(../common/linux.conf)
include(../common/gcc-base-unix.conf)
include(../common/clang.conf)

QMAKE_LFLAGS += -ccc-gcc-name g++

load(qt_config)
+ export QMAKESPEC=/usr/lib/x86_64-linux-gnu/qt5/mkspecs/linux-clang/
+ QMAKESPEC=/usr/lib/x86_64-linux-gnu/qt5/mkspecs/linux-clang/
+ sed -i -e 's|compare_problem(2,|compare_problem(0,|g' /usr/bin/dpkg-gensymbols
+ sed -i -e 's|compare_problem(1,|compare_problem(0,|g' /usr/bin/dpkg-gensymbols
+ grep 'compare_problem(' /usr/bin/dpkg-gensymbols
        compare_problem(4, g_('new libraries appeared in the symbols file: %s'), "@libs");
        compare_problem(3, g_('some libraries disappeared in the symbols file: %s'), "@libs");
        compare_problem(0, g_('some new symbols appeared in the symbols file: %s'),
        compare_problem(0, g_('some symbols or patterns disappeared in the symbols file: %s'),

I: Finished running '/tmp/clang10'.

Finished processing commands.
--------------------------------------------------------------------------------
I: NOTICE: Log filtering will replace 'build/iotjs-MbAqMA/resolver-dL0dxh' with '<<RESOLVERDIR>>'

+------------------------------------------------------------------------------+
| Update chroot                                                                |
+------------------------------------------------------------------------------+

Hit:1 http://127.0.0.1:12990/debian sid InRelease
Reading package lists...
Reading package lists...
Building dependency tree...
Reading state information...
Calculating upgrade...
0 upgraded, 0 newly installed, 0 to remove and 0 not upgraded.

+------------------------------------------------------------------------------+
| Fetch source files                                                           |
+------------------------------------------------------------------------------+


Check APT
---------

Checking available source versions...

Download source files with APT
------------------------------

Reading package lists...
Need to get 2638 kB of source archives.
Get:1 http://127.0.0.1:12990/debian sid/main iotjs 1.0-1 (dsc) [1803 B]
Get:2 http://127.0.0.1:12990/debian sid/main iotjs 1.0-1 (tar) [2629 kB]
Get:3 http://127.0.0.1:12990/debian sid/main iotjs 1.0-1 (diff) [7004 B]
Fetched 2638 kB in 0s (23.3 MB/s)
Download complete and in download only mode
I: NOTICE: Log filtering will replace 'build/iotjs-MbAqMA/iotjs-1.0' with '<<PKGBUILDDIR>>'
I: NOTICE: Log filtering will replace 'build/iotjs-MbAqMA' with '<<BUILDDIR>>'

+------------------------------------------------------------------------------+
| Install package build dependencies                                           |
+------------------------------------------------------------------------------+


Setup apt archive
-----------------

Merged Build-Depends: debhelper (>= 10), cmake, python, docbook-to-man, libcurl4-gnutls-dev | libcurl-ssl-dev | libcurl-dev, build-essential, fakeroot
Filtered Build-Depends: debhelper (>= 10), cmake, python, docbook-to-man, libcurl4-gnutls-dev, build-essential, fakeroot
dpkg-deb: building package 'sbuild-build-depends-main-dummy' in '/<<RESOLVERDIR>>/apt_archive/sbuild-build-depends-main-dummy.deb'.
Ign:1 copy:/<<RESOLVERDIR>>/apt_archive ./ InRelease
Get:2 copy:/<<RESOLVERDIR>>/apt_archive ./ Release [957 B]
Ign:3 copy:/<<RESOLVERDIR>>/apt_archive ./ Release.gpg
Get:4 copy:/<<RESOLVERDIR>>/apt_archive ./ Sources [411 B]
Get:5 copy:/<<RESOLVERDIR>>/apt_archive ./ Packages [481 B]
Fetched 1849 B in 0s (0 B/s)
Reading package lists...
Reading package lists...

Install main build dependencies (apt-based resolver)
----------------------------------------------------

Installing build dependencies
Reading package lists...
Building dependency tree...
Reading state information...
The following additional packages will be installed:
  autoconf automake autopoint autotools-dev bsdmainutils cmake cmake-data
  debhelper dh-autoreconf dh-strip-nondeterminism docbook docbook-to-man dwz
  file gettext gettext-base groff-base intltool-debian libarchive-zip-perl
  libarchive13 libbrotli1 libcroco3 libcurl3-gnutls libcurl4
  libcurl4-gnutls-dev libdebhelper-perl libelf1 libexpat1
  libfile-stripnondeterminism-perl libglib2.0-0 libgssapi-krb5-2 libicu63
  libjsoncpp1 libk5crypto3 libkeyutils1 libkrb5-3 libkrb5support0
  libldap-2.4-2 libldap-common libmagic-mgc libmagic1 libncurses6
  libnghttp2-14 libosp5 libpipeline1 libprocps8 libpsl5 libpython-stdlib
  libpython2-stdlib libpython2.7-minimal libpython2.7-stdlib libreadline8
  librhash0 librtmp1 libsasl2-2 libsasl2-modules-db libsigsegv2 libsqlite3-0
  libssh2-1 libssl1.1 libsub-override-perl libtool libuchardet0 libuv1 libxml2
  m4 man-db mime-support opensp po-debconf procps python python-minimal
  python2 python2-minimal python2.7 python2.7-minimal readline-common
  sensible-utils sgml-base sgml-data xml-core
Suggested packages:
  autoconf-archive gnu-standards autoconf-doc wamerican | wordlist whois
  vacation cmake-doc ninja-build dh-make docbook-defguide docbook-dsssl
  docbook-xml psgml gettext-doc libasprintf-dev libgettextpo-dev groff lrzip
  libcurl4-doc libgnutls28-dev libidn11-dev libkrb5-dev libldap2-dev
  librtmp-dev libssh2-1-dev pkg-config zlib1g-dev krb5-doc krb5-user
  libtool-doc gfortran | fortran95-compiler gcj-jdk m4-doc apparmor less
  www-browser doc-base libmail-box-perl python-doc python-tk python2-doc
  python2.7-doc binfmt-support readline-doc sgml-base-doc perlsgml w3-recs
  libxml2-utils
Recommended packages:
  curl | wget | lynx ca-certificates libarchive-cpio-perl libglib2.0-data
  shared-mime-info xdg-user-dirs krb5-locales libgpm2 publicsuffix
  libsasl2-modules libltdl-dev libmail-sendmail-perl psmisc
The following NEW packages will be installed:
  autoconf automake autopoint autotools-dev bsdmainutils cmake cmake-data
  debhelper dh-autoreconf dh-strip-nondeterminism docbook docbook-to-man dwz
  file gettext gettext-base groff-base intltool-debian libarchive-zip-perl
  libarchive13 libbrotli1 libcroco3 libcurl3-gnutls libcurl4
  libcurl4-gnutls-dev libdebhelper-perl libelf1 libexpat1
  libfile-stripnondeterminism-perl libglib2.0-0 libgssapi-krb5-2 libicu63
  libjsoncpp1 libk5crypto3 libkeyutils1 libkrb5-3 libkrb5support0
  libldap-2.4-2 libldap-common libmagic-mgc libmagic1 libncurses6
  libnghttp2-14 libosp5 libpipeline1 libprocps8 libpsl5 libpython-stdlib
  libpython2-stdlib libpython2.7-minimal libpython2.7-stdlib libreadline8
  librhash0 librtmp1 libsasl2-2 libsasl2-modules-db libsigsegv2 libsqlite3-0
  libssh2-1 libssl1.1 libsub-override-perl libtool libuchardet0 libuv1 libxml2
  m4 man-db mime-support opensp po-debconf procps python python-minimal
  python2 python2-minimal python2.7 python2.7-minimal readline-common
  sbuild-build-depends-main-dummy sensible-utils sgml-base sgml-data xml-core
0 upgraded, 83 newly installed, 0 to remove and 0 not upgraded.
Need to get 37.0 MB of archives.
After this operation, 140 MB of additional disk space will be used.
Get:1 copy:/<<RESOLVERDIR>>/apt_archive ./ sbuild-build-depends-main-dummy 0.invalid.0 [904 B]
Get:2 http://127.0.0.1:12990/debian sid/main amd64 bsdmainutils amd64 11.1.2+b1 [191 kB]
Get:3 http://127.0.0.1:12990/debian sid/main amd64 libuchardet0 amd64 0.0.6-3 [64.9 kB]
Get:4 http://127.0.0.1:12990/debian sid/main amd64 groff-base amd64 1.22.4-4 [919 kB]
Get:5 http://127.0.0.1:12990/debian sid/main amd64 libpipeline1 amd64 1.5.2-2 [33.9 kB]
Get:6 http://127.0.0.1:12990/debian sid/main amd64 man-db amd64 2.9.1-1 [1308 kB]
Get:7 http://127.0.0.1:12990/debian sid/main amd64 libpython2.7-minimal amd64 2.7.18-1 [395 kB]
Get:8 http://127.0.0.1:12990/debian sid/main amd64 python2.7-minimal amd64 2.7.18-1 [1355 kB]
Get:9 http://127.0.0.1:12990/debian sid/main amd64 python2-minimal amd64 2.7.17-2 [41.4 kB]
Get:10 http://127.0.0.1:12990/debian sid/main amd64 python-minimal amd64 2.7.17-2 [21.1 kB]
Get:11 http://127.0.0.1:12990/debian sid/main amd64 libssl1.1 amd64 1.1.1g-1 [1543 kB]
Get:12 http://127.0.0.1:12990/debian sid/main amd64 mime-support all 3.64 [37.8 kB]
Get:13 http://127.0.0.1:12990/debian sid/main amd64 libexpat1 amd64 2.2.9-1 [94.3 kB]
Get:14 http://127.0.0.1:12990/debian sid/main amd64 readline-common all 8.0-4 [72.5 kB]
Get:15 http://127.0.0.1:12990/debian sid/main amd64 libreadline8 amd64 8.0-4 [160 kB]
Get:16 http://127.0.0.1:12990/debian sid/main amd64 libsqlite3-0 amd64 3.31.1-5 [661 kB]
Get:17 http://127.0.0.1:12990/debian sid/main amd64 libpython2.7-stdlib amd64 2.7.18-1 [1885 kB]
Get:18 http://127.0.0.1:12990/debian sid/main amd64 python2.7 amd64 2.7.18-1 [309 kB]
Get:19 http://127.0.0.1:12990/debian sid/main amd64 libpython2-stdlib amd64 2.7.17-2 [20.9 kB]
Get:20 http://127.0.0.1:12990/debian sid/main amd64 libpython-stdlib amd64 2.7.17-2 [20.9 kB]
Get:21 http://127.0.0.1:12990/debian sid/main amd64 python2 amd64 2.7.17-2 [41.7 kB]
Get:22 http://127.0.0.1:12990/debian sid/main amd64 python amd64 2.7.17-2 [22.9 kB]
Get:23 http://127.0.0.1:12990/debian sid/main amd64 sgml-base all 1.30 [15.1 kB]
Get:24 http://127.0.0.1:12990/debian sid/main amd64 libncurses6 amd64 6.2-1 [102 kB]
Get:25 http://127.0.0.1:12990/debian sid/main amd64 libprocps8 amd64 2:3.3.16-4 [62.7 kB]
Get:26 http://127.0.0.1:12990/debian sid/main amd64 procps amd64 2:3.3.16-4 [262 kB]
Get:27 http://127.0.0.1:12990/debian sid/main amd64 sensible-utils all 0.0.12+nmu1 [16.0 kB]
Get:28 http://127.0.0.1:12990/debian sid/main amd64 libmagic-mgc amd64 1:5.38-4 [262 kB]
Get:29 http://127.0.0.1:12990/debian sid/main amd64 libmagic1 amd64 1:5.38-4 [120 kB]
Get:30 http://127.0.0.1:12990/debian sid/main amd64 file amd64 1:5.38-4 [67.9 kB]
Get:31 http://127.0.0.1:12990/debian sid/main amd64 gettext-base amd64 0.19.8.1-10 [123 kB]
Get:32 http://127.0.0.1:12990/debian sid/main amd64 libsigsegv2 amd64 2.12-2 [32.8 kB]
Get:33 http://127.0.0.1:12990/debian sid/main amd64 m4 amd64 1.4.18-4 [203 kB]
Get:34 http://127.0.0.1:12990/debian sid/main amd64 autoconf all 2.69-11.1 [341 kB]
Get:35 http://127.0.0.1:12990/debian sid/main amd64 autotools-dev all 20180224.1 [77.0 kB]
Get:36 http://127.0.0.1:12990/debian sid/main amd64 automake all 1:1.16.2-1 [775 kB]
Get:37 http://127.0.0.1:12990/debian sid/main amd64 autopoint all 0.19.8.1-10 [435 kB]
Get:38 http://127.0.0.1:12990/debian sid/main amd64 cmake-data all 3.16.3-2 [1628 kB]
Get:39 http://127.0.0.1:12990/debian sid/main amd64 libicu63 amd64 63.2-3 [8296 kB]
Get:40 http://127.0.0.1:12990/debian sid/main amd64 libxml2 amd64 2.9.10+dfsg-5 [709 kB]
Get:41 http://127.0.0.1:12990/debian sid/main amd64 libarchive13 amd64 3.4.0-2 [335 kB]
Get:42 http://127.0.0.1:12990/debian sid/main amd64 libbrotli1 amd64 1.0.7-6.1 [267 kB]
Get:43 http://127.0.0.1:12990/debian sid/main amd64 libkrb5support0 amd64 1.17-7 [64.4 kB]
Get:44 http://127.0.0.1:12990/debian sid/main amd64 libk5crypto3 amd64 1.17-7 [115 kB]
Get:45 http://127.0.0.1:12990/debian sid/main amd64 libkeyutils1 amd64 1.6.1-2 [15.4 kB]
Get:46 http://127.0.0.1:12990/debian sid/main amd64 libkrb5-3 amd64 1.17-7 [366 kB]
Get:47 http://127.0.0.1:12990/debian sid/main amd64 libgssapi-krb5-2 amd64 1.17-7 [156 kB]
Get:48 http://127.0.0.1:12990/debian sid/main amd64 libsasl2-modules-db amd64 2.1.27+dfsg-2 [69.0 kB]
Get:49 http://127.0.0.1:12990/debian sid/main amd64 libsasl2-2 amd64 2.1.27+dfsg-2 [106 kB]
Get:50 http://127.0.0.1:12990/debian sid/main amd64 libldap-common all 2.4.50+dfsg-1 [92.9 kB]
Get:51 http://127.0.0.1:12990/debian sid/main amd64 libldap-2.4-2 amd64 2.4.50+dfsg-1 [228 kB]
Get:52 http://127.0.0.1:12990/debian sid/main amd64 libnghttp2-14 amd64 1.40.0-1 [85.0 kB]
Get:53 http://127.0.0.1:12990/debian sid/main amd64 libpsl5 amd64 0.21.0-1 [55.1 kB]
Get:54 http://127.0.0.1:12990/debian sid/main amd64 librtmp1 amd64 2.4+20151223.gitfa8646d.1-2+b1 [60.8 kB]
Get:55 http://127.0.0.1:12990/debian sid/main amd64 libssh2-1 amd64 1.8.0-2.1 [140 kB]
Get:56 http://127.0.0.1:12990/debian sid/main amd64 libcurl4 amd64 7.68.0-1 [321 kB]
Get:57 http://127.0.0.1:12990/debian sid/main amd64 libjsoncpp1 amd64 1.7.4-3.1 [77.6 kB]
Get:58 http://127.0.0.1:12990/debian sid/main amd64 librhash0 amd64 1.3.9-1 [123 kB]
Get:59 http://127.0.0.1:12990/debian sid/main amd64 libuv1 amd64 1.35.0-2 [128 kB]
Get:60 http://127.0.0.1:12990/debian sid/main amd64 cmake amd64 3.16.3-2 [3675 kB]
Get:61 http://127.0.0.1:12990/debian sid/main amd64 libtool all 2.4.6-14 [513 kB]
Get:62 http://127.0.0.1:12990/debian sid/main amd64 dh-autoreconf all 19 [16.9 kB]
Get:63 http://127.0.0.1:12990/debian sid/main amd64 libdebhelper-perl all 13 [184 kB]
Get:64 http://127.0.0.1:12990/debian sid/main amd64 libarchive-zip-perl all 1.68-1 [104 kB]
Get:65 http://127.0.0.1:12990/debian sid/main amd64 libsub-override-perl all 0.09-2 [10.2 kB]
Get:66 http://127.0.0.1:12990/debian sid/main amd64 libfile-stripnondeterminism-perl all 1.8.0-1 [24.2 kB]
Get:67 http://127.0.0.1:12990/debian sid/main amd64 dh-strip-nondeterminism all 1.8.0-1 [14.8 kB]
Get:68 http://127.0.0.1:12990/debian sid/main amd64 libelf1 amd64 0.176-1.1 [161 kB]
Get:69 http://127.0.0.1:12990/debian sid/main amd64 dwz amd64 0.13-5 [151 kB]
Get:70 http://127.0.0.1:12990/debian sid/main amd64 libglib2.0-0 amd64 2.64.2-1 [1343 kB]
Get:71 http://127.0.0.1:12990/debian sid/main amd64 libcroco3 amd64 0.6.13-1 [146 kB]
Get:72 http://127.0.0.1:12990/debian sid/main amd64 gettext amd64 0.19.8.1-10 [1303 kB]
Get:73 http://127.0.0.1:12990/debian sid/main amd64 intltool-debian all 0.35.0+20060710.5 [26.8 kB]
Get:74 http://127.0.0.1:12990/debian sid/main amd64 po-debconf all 1.0.21 [248 kB]
Get:75 http://127.0.0.1:12990/debian sid/main amd64 debhelper all 13 [1002 kB]
Get:76 http://127.0.0.1:12990/debian sid/main amd64 xml-core all 0.18+nmu1 [23.8 kB]
Get:77 http://127.0.0.1:12990/debian sid/main amd64 sgml-data all 2.0.11 [179 kB]
Get:78 http://127.0.0.1:12990/debian sid/main amd64 docbook all 4.5-6 [129 kB]
Get:79 http://127.0.0.1:12990/debian sid/main amd64 libosp5 amd64 1.5.2-13+b1 [948 kB]
Get:80 http://127.0.0.1:12990/debian sid/main amd64 opensp amd64 1.5.2-13+b1 [449 kB]
Get:81 http://127.0.0.1:12990/debian sid/main amd64 docbook-to-man amd64 1:2.0.0-42+b1 [76.8 kB]
Get:82 http://127.0.0.1:12990/debian sid/main amd64 libcurl3-gnutls amd64 7.68.0-1 [319 kB]
Get:83 http://127.0.0.1:12990/debian sid/main amd64 libcurl4-gnutls-dev amd64 7.68.0-1 [408 kB]
debconf: delaying package configuration, since apt-utils is not installed
Fetched 37.0 MB in 0s (108 MB/s)
Selecting previously unselected package bsdmainutils.
(Reading database ... 13685 files and directories currently installed.)
Preparing to unpack .../00-bsdmainutils_11.1.2+b1_amd64.deb ...
Unpacking bsdmainutils (11.1.2+b1) ...
Selecting previously unselected package libuchardet0:amd64.
Preparing to unpack .../01-libuchardet0_0.0.6-3_amd64.deb ...
Unpacking libuchardet0:amd64 (0.0.6-3) ...
Selecting previously unselected package groff-base.
Preparing to unpack .../02-groff-base_1.22.4-4_amd64.deb ...
Unpacking groff-base (1.22.4-4) ...
Selecting previously unselected package libpipeline1:amd64.
Preparing to unpack .../03-libpipeline1_1.5.2-2_amd64.deb ...
Unpacking libpipeline1:amd64 (1.5.2-2) ...
Selecting previously unselected package man-db.
Preparing to unpack .../04-man-db_2.9.1-1_amd64.deb ...
Unpacking man-db (2.9.1-1) ...
Selecting previously unselected package libpython2.7-minimal:amd64.
Preparing to unpack .../05-libpython2.7-minimal_2.7.18-1_amd64.deb ...
Unpacking libpython2.7-minimal:amd64 (2.7.18-1) ...
Selecting previously unselected package python2.7-minimal.
Preparing to unpack .../06-python2.7-minimal_2.7.18-1_amd64.deb ...
Unpacking python2.7-minimal (2.7.18-1) ...
Selecting previously unselected package python2-minimal.
Preparing to unpack .../07-python2-minimal_2.7.17-2_amd64.deb ...
Unpacking python2-minimal (2.7.17-2) ...
Selecting previously unselected package python-minimal.
Preparing to unpack .../08-python-minimal_2.7.17-2_amd64.deb ...
Unpacking python-minimal (2.7.17-2) ...
Selecting previously unselected package libssl1.1:amd64.
Preparing to unpack .../09-libssl1.1_1.1.1g-1_amd64.deb ...
Unpacking libssl1.1:amd64 (1.1.1g-1) ...
Selecting previously unselected package mime-support.
Preparing to unpack .../10-mime-support_3.64_all.deb ...
Unpacking mime-support (3.64) ...
Selecting previously unselected package libexpat1:amd64.
Preparing to unpack .../11-libexpat1_2.2.9-1_amd64.deb ...
Unpacking libexpat1:amd64 (2.2.9-1) ...
Selecting previously unselected package readline-common.
Preparing to unpack .../12-readline-common_8.0-4_all.deb ...
Unpacking readline-common (8.0-4) ...
Selecting previously unselected package libreadline8:amd64.
Preparing to unpack .../13-libreadline8_8.0-4_amd64.deb ...
Unpacking libreadline8:amd64 (8.0-4) ...
Selecting previously unselected package libsqlite3-0:amd64.
Preparing to unpack .../14-libsqlite3-0_3.31.1-5_amd64.deb ...
Unpacking libsqlite3-0:amd64 (3.31.1-5) ...
Selecting previously unselected package libpython2.7-stdlib:amd64.
Preparing to unpack .../15-libpython2.7-stdlib_2.7.18-1_amd64.deb ...
Unpacking libpython2.7-stdlib:amd64 (2.7.18-1) ...
Selecting previously unselected package python2.7.
Preparing to unpack .../16-python2.7_2.7.18-1_amd64.deb ...
Unpacking python2.7 (2.7.18-1) ...
Selecting previously unselected package libpython2-stdlib:amd64.
Preparing to unpack .../17-libpython2-stdlib_2.7.17-2_amd64.deb ...
Unpacking libpython2-stdlib:amd64 (2.7.17-2) ...
Selecting previously unselected package libpython-stdlib:amd64.
Preparing to unpack .../18-libpython-stdlib_2.7.17-2_amd64.deb ...
Unpacking libpython-stdlib:amd64 (2.7.17-2) ...
Setting up libpython2.7-minimal:amd64 (2.7.18-1) ...
Setting up python2.7-minimal (2.7.18-1) ...
Setting up python2-minimal (2.7.17-2) ...
Selecting previously unselected package python2.
(Reading database ... 15168 files and directories currently installed.)
Preparing to unpack .../python2_2.7.17-2_amd64.deb ...
Unpacking python2 (2.7.17-2) ...
Setting up python-minimal (2.7.17-2) ...
Selecting previously unselected package python.
(Reading database ... 15201 files and directories currently installed.)
Preparing to unpack .../00-python_2.7.17-2_amd64.deb ...
Unpacking python (2.7.17-2) ...
Selecting previously unselected package sgml-base.
Preparing to unpack .../01-sgml-base_1.30_all.deb ...
Unpacking sgml-base (1.30) ...
Selecting previously unselected package libncurses6:amd64.
Preparing to unpack .../02-libncurses6_6.2-1_amd64.deb ...
Unpacking libncurses6:amd64 (6.2-1) ...
Selecting previously unselected package libprocps8:amd64.
Preparing to unpack .../03-libprocps8_2%3a3.3.16-4_amd64.deb ...
Unpacking libprocps8:amd64 (2:3.3.16-4) ...
Selecting previously unselected package procps.
Preparing to unpack .../04-procps_2%3a3.3.16-4_amd64.deb ...
Unpacking procps (2:3.3.16-4) ...
Selecting previously unselected package sensible-utils.
Preparing to unpack .../05-sensible-utils_0.0.12+nmu1_all.deb ...
Unpacking sensible-utils (0.0.12+nmu1) ...
Selecting previously unselected package libmagic-mgc.
Preparing to unpack .../06-libmagic-mgc_1%3a5.38-4_amd64.deb ...
Unpacking libmagic-mgc (1:5.38-4) ...
Selecting previously unselected package libmagic1:amd64.
Preparing to unpack .../07-libmagic1_1%3a5.38-4_amd64.deb ...
Unpacking libmagic1:amd64 (1:5.38-4) ...
Selecting previously unselected package file.
Preparing to unpack .../08-file_1%3a5.38-4_amd64.deb ...
Unpacking file (1:5.38-4) ...
Selecting previously unselected package gettext-base.
Preparing to unpack .../09-gettext-base_0.19.8.1-10_amd64.deb ...
Unpacking gettext-base (0.19.8.1-10) ...
Selecting previously unselected package libsigsegv2:amd64.
Preparing to unpack .../10-libsigsegv2_2.12-2_amd64.deb ...
Unpacking libsigsegv2:amd64 (2.12-2) ...
Selecting previously unselected package m4.
Preparing to unpack .../11-m4_1.4.18-4_amd64.deb ...
Unpacking m4 (1.4.18-4) ...
Selecting previously unselected package autoconf.
Preparing to unpack .../12-autoconf_2.69-11.1_all.deb ...
Unpacking autoconf (2.69-11.1) ...
Selecting previously unselected package autotools-dev.
Preparing to unpack .../13-autotools-dev_20180224.1_all.deb ...
Unpacking autotools-dev (20180224.1) ...
Selecting previously unselected package automake.
Preparing to unpack .../14-automake_1%3a1.16.2-1_all.deb ...
Unpacking automake (1:1.16.2-1) ...
Selecting previously unselected package autopoint.
Preparing to unpack .../15-autopoint_0.19.8.1-10_all.deb ...
Unpacking autopoint (0.19.8.1-10) ...
Selecting previously unselected package cmake-data.
Preparing to unpack .../16-cmake-data_3.16.3-2_all.deb ...
Unpacking cmake-data (3.16.3-2) ...
Selecting previously unselected package libicu63:amd64.
Preparing to unpack .../17-libicu63_63.2-3_amd64.deb ...
Unpacking libicu63:amd64 (63.2-3) ...
Selecting previously unselected package libxml2:amd64.
Preparing to unpack .../18-libxml2_2.9.10+dfsg-5_amd64.deb ...
Unpacking libxml2:amd64 (2.9.10+dfsg-5) ...
Selecting previously unselected package libarchive13:amd64.
Preparing to unpack .../19-libarchive13_3.4.0-2_amd64.deb ...
Unpacking libarchive13:amd64 (3.4.0-2) ...
Selecting previously unselected package libbrotli1:amd64.
Preparing to unpack .../20-libbrotli1_1.0.7-6.1_amd64.deb ...
Unpacking libbrotli1:amd64 (1.0.7-6.1) ...
Selecting previously unselected package libkrb5support0:amd64.
Preparing to unpack .../21-libkrb5support0_1.17-7_amd64.deb ...
Unpacking libkrb5support0:amd64 (1.17-7) ...
Selecting previously unselected package libk5crypto3:amd64.
Preparing to unpack .../22-libk5crypto3_1.17-7_amd64.deb ...
Unpacking libk5crypto3:amd64 (1.17-7) ...
Selecting previously unselected package libkeyutils1:amd64.
Preparing to unpack .../23-libkeyutils1_1.6.1-2_amd64.deb ...
Unpacking libkeyutils1:amd64 (1.6.1-2) ...
Selecting previously unselected package libkrb5-3:amd64.
Preparing to unpack .../24-libkrb5-3_1.17-7_amd64.deb ...
Unpacking libkrb5-3:amd64 (1.17-7) ...
Selecting previously unselected package libgssapi-krb5-2:amd64.
Preparing to unpack .../25-libgssapi-krb5-2_1.17-7_amd64.deb ...
Unpacking libgssapi-krb5-2:amd64 (1.17-7) ...
Selecting previously unselected package libsasl2-modules-db:amd64.
Preparing to unpack .../26-libsasl2-modules-db_2.1.27+dfsg-2_amd64.deb ...
Unpacking libsasl2-modules-db:amd64 (2.1.27+dfsg-2) ...
Selecting previously unselected package libsasl2-2:amd64.
Preparing to unpack .../27-libsasl2-2_2.1.27+dfsg-2_amd64.deb ...
Unpacking libsasl2-2:amd64 (2.1.27+dfsg-2) ...
Selecting previously unselected package libldap-common.
Preparing to unpack .../28-libldap-common_2.4.50+dfsg-1_all.deb ...
Unpacking libldap-common (2.4.50+dfsg-1) ...
Selecting previously unselected package libldap-2.4-2:amd64.
Preparing to unpack .../29-libldap-2.4-2_2.4.50+dfsg-1_amd64.deb ...
Unpacking libldap-2.4-2:amd64 (2.4.50+dfsg-1) ...
Selecting previously unselected package libnghttp2-14:amd64.
Preparing to unpack .../30-libnghttp2-14_1.40.0-1_amd64.deb ...
Unpacking libnghttp2-14:amd64 (1.40.0-1) ...
Selecting previously unselected package libpsl5:amd64.
Preparing to unpack .../31-libpsl5_0.21.0-1_amd64.deb ...
Unpacking libpsl5:amd64 (0.21.0-1) ...
Selecting previously unselected package librtmp1:amd64.
Preparing to unpack .../32-librtmp1_2.4+20151223.gitfa8646d.1-2+b1_amd64.deb ...
Unpacking librtmp1:amd64 (2.4+20151223.gitfa8646d.1-2+b1) ...
Selecting previously unselected package libssh2-1:amd64.
Preparing to unpack .../33-libssh2-1_1.8.0-2.1_amd64.deb ...
Unpacking libssh2-1:amd64 (1.8.0-2.1) ...
Selecting previously unselected package libcurl4:amd64.
Preparing to unpack .../34-libcurl4_7.68.0-1_amd64.deb ...
Unpacking libcurl4:amd64 (7.68.0-1) ...
Selecting previously unselected package libjsoncpp1:amd64.
Preparing to unpack .../35-libjsoncpp1_1.7.4-3.1_amd64.deb ...
Unpacking libjsoncpp1:amd64 (1.7.4-3.1) ...
Selecting previously unselected package librhash0:amd64.
Preparing to unpack .../36-librhash0_1.3.9-1_amd64.deb ...
Unpacking librhash0:amd64 (1.3.9-1) ...
Selecting previously unselected package libuv1:amd64.
Preparing to unpack .../37-libuv1_1.35.0-2_amd64.deb ...
Unpacking libuv1:amd64 (1.35.0-2) ...
Selecting previously unselected package cmake.
Preparing to unpack .../38-cmake_3.16.3-2_amd64.deb ...
Unpacking cmake (3.16.3-2) ...
Selecting previously unselected package libtool.
Preparing to unpack .../39-libtool_2.4.6-14_all.deb ...
Unpacking libtool (2.4.6-14) ...
Selecting previously unselected package dh-autoreconf.
Preparing to unpack .../40-dh-autoreconf_19_all.deb ...
Unpacking dh-autoreconf (19) ...
Selecting previously unselected package libdebhelper-perl.
Preparing to unpack .../41-libdebhelper-perl_13_all.deb ...
Unpacking libdebhelper-perl (13) ...
Selecting previously unselected package libarchive-zip-perl.
Preparing to unpack .../42-libarchive-zip-perl_1.68-1_all.deb ...
Unpacking libarchive-zip-perl (1.68-1) ...
Selecting previously unselected package libsub-override-perl.
Preparing to unpack .../43-libsub-override-perl_0.09-2_all.deb ...
Unpacking libsub-override-perl (0.09-2) ...
Selecting previously unselected package libfile-stripnondeterminism-perl.
Preparing to unpack .../44-libfile-stripnondeterminism-perl_1.8.0-1_all.deb ...
Unpacking libfile-stripnondeterminism-perl (1.8.0-1) ...
Selecting previously unselected package dh-strip-nondeterminism.
Preparing to unpack .../45-dh-strip-nondeterminism_1.8.0-1_all.deb ...
Unpacking dh-strip-nondeterminism (1.8.0-1) ...
Selecting previously unselected package libelf1:amd64.
Preparing to unpack .../46-libelf1_0.176-1.1_amd64.deb ...
Unpacking libelf1:amd64 (0.176-1.1) ...
Selecting previously unselected package dwz.
Preparing to unpack .../47-dwz_0.13-5_amd64.deb ...
Unpacking dwz (0.13-5) ...
Selecting previously unselected package libglib2.0-0:amd64.
Preparing to unpack .../48-libglib2.0-0_2.64.2-1_amd64.deb ...
Unpacking libglib2.0-0:amd64 (2.64.2-1) ...
Selecting previously unselected package libcroco3:amd64.
Preparing to unpack .../49-libcroco3_0.6.13-1_amd64.deb ...
Unpacking libcroco3:amd64 (0.6.13-1) ...
Selecting previously unselected package gettext.
Preparing to unpack .../50-gettext_0.19.8.1-10_amd64.deb ...
Unpacking gettext (0.19.8.1-10) ...
Selecting previously unselected package intltool-debian.
Preparing to unpack .../51-intltool-debian_0.35.0+20060710.5_all.deb ...
Unpacking intltool-debian (0.35.0+20060710.5) ...
Selecting previously unselected package po-debconf.
Preparing to unpack .../52-po-debconf_1.0.21_all.deb ...
Unpacking po-debconf (1.0.21) ...
Selecting previously unselected package debhelper.
Preparing to unpack .../53-debhelper_13_all.deb ...
Unpacking debhelper (13) ...
Selecting previously unselected package xml-core.
Preparing to unpack .../54-xml-core_0.18+nmu1_all.deb ...
Unpacking xml-core (0.18+nmu1) ...
Selecting previously unselected package sgml-data.
Preparing to unpack .../55-sgml-data_2.0.11_all.deb ...
Unpacking sgml-data (2.0.11) ...
Selecting previously unselected package docbook.
Preparing to unpack .../56-docbook_4.5-6_all.deb ...
Unpacking docbook (4.5-6) ...
Selecting previously unselected package libosp5.
Preparing to unpack .../57-libosp5_1.5.2-13+b1_amd64.deb ...
Unpacking libosp5 (1.5.2-13+b1) ...
Selecting previously unselected package opensp.
Preparing to unpack .../58-opensp_1.5.2-13+b1_amd64.deb ...
Unpacking opensp (1.5.2-13+b1) ...
Selecting previously unselected package docbook-to-man.
Preparing to unpack .../59-docbook-to-man_1%3a2.0.0-42+b1_amd64.deb ...
Unpacking docbook-to-man (1:2.0.0-42+b1) ...
Selecting previously unselected package libcurl3-gnutls:amd64.
Preparing to unpack .../60-libcurl3-gnutls_7.68.0-1_amd64.deb ...
Unpacking libcurl3-gnutls:amd64 (7.68.0-1) ...
Selecting previously unselected package libcurl4-gnutls-dev:amd64.
Preparing to unpack .../61-libcurl4-gnutls-dev_7.68.0-1_amd64.deb ...
Unpacking libcurl4-gnutls-dev:amd64 (7.68.0-1) ...
Selecting previously unselected package sbuild-build-depends-main-dummy.
Preparing to unpack .../62-sbuild-build-depends-main-dummy_0.invalid.0_amd64.deb ...
Unpacking sbuild-build-depends-main-dummy (0.invalid.0) ...
Setting up libexpat1:amd64 (2.2.9-1) ...
Setting up libpipeline1:amd64 (1.5.2-2) ...
Setting up libkeyutils1:amd64 (1.6.1-2) ...
Setting up libpsl5:amd64 (0.21.0-1) ...
Setting up mime-support (3.64) ...
Setting up libmagic-mgc (1:5.38-4) ...
Setting up libarchive-zip-perl (1.68-1) ...
Setting up libglib2.0-0:amd64 (2.64.2-1) ...
No schema files found: doing nothing.
Setting up libssl1.1:amd64 (1.1.1g-1) ...
Setting up libdebhelper-perl (13) ...
Setting up libbrotli1:amd64 (1.0.7-6.1) ...
Setting up libsqlite3-0:amd64 (3.31.1-5) ...
Setting up libnghttp2-14:amd64 (1.40.0-1) ...
Setting up libmagic1:amd64 (1:5.38-4) ...
Setting up gettext-base (0.19.8.1-10) ...
Setting up file (1:5.38-4) ...
Setting up libldap-common (2.4.50+dfsg-1) ...
Setting up libicu63:amd64 (63.2-3) ...
Setting up libkrb5support0:amd64 (1.17-7) ...
Setting up libsasl2-modules-db:amd64 (2.1.27+dfsg-2) ...
Setting up libosp5 (1.5.2-13+b1) ...
Setting up autotools-dev (20180224.1) ...
Setting up libuv1:amd64 (1.35.0-2) ...
Setting up librtmp1:amd64 (2.4+20151223.gitfa8646d.1-2+b1) ...
Setting up libncurses6:amd64 (6.2-1) ...
Setting up libsigsegv2:amd64 (2.12-2) ...
Setting up bsdmainutils (11.1.2+b1) ...
update-alternatives: using /usr/bin/bsd-write to provide /usr/bin/write (write) in auto mode
update-alternatives: using /usr/bin/bsd-from to provide /usr/bin/from (from) in auto mode
Setting up autopoint (0.19.8.1-10) ...
Setting up libk5crypto3:amd64 (1.17-7) ...
Setting up libsasl2-2:amd64 (2.1.27+dfsg-2) ...
Setting up sensible-utils (0.0.12+nmu1) ...
Setting up librhash0:amd64 (1.3.9-1) ...
Setting up libuchardet0:amd64 (0.0.6-3) ...
Setting up libsub-override-perl (0.09-2) ...
Setting up libssh2-1:amd64 (1.8.0-2.1) ...
Setting up sgml-base (1.30) ...
Setting up cmake-data (3.16.3-2) ...
Setting up libkrb5-3:amd64 (1.17-7) ...
Setting up libelf1:amd64 (0.176-1.1) ...
Setting up readline-common (8.0-4) ...
Setting up libxml2:amd64 (2.9.10+dfsg-5) ...
Setting up libprocps8:amd64 (2:3.3.16-4) ...
Setting up libjsoncpp1:amd64 (1.7.4-3.1) ...
Setting up libfile-stripnondeterminism-perl (1.8.0-1) ...
Setting up libtool (2.4.6-14) ...
Setting up libarchive13:amd64 (3.4.0-2) ...
Setting up libreadline8:amd64 (8.0-4) ...
Setting up libldap-2.4-2:amd64 (2.4.50+dfsg-1) ...
Setting up m4 (1.4.18-4) ...
Setting up opensp (1.5.2-13+b1) ...
Setting up libpython2.7-stdlib:amd64 (2.7.18-1) ...
Setting up libgssapi-krb5-2:amd64 (1.17-7) ...
Setting up libcroco3:amd64 (0.6.13-1) ...
Setting up autoconf (2.69-11.1) ...
Setting up dh-strip-nondeterminism (1.8.0-1) ...
Setting up dwz (0.13-5) ...
Setting up groff-base (1.22.4-4) ...
Setting up xml-core (0.18+nmu1) ...
Setting up procps (2:3.3.16-4) ...
update-alternatives: using /usr/bin/w.procps to provide /usr/bin/w (w) in auto mode
Setting up libcurl4:amd64 (7.68.0-1) ...
Setting up automake (1:1.16.2-1) ...
update-alternatives: using /usr/bin/automake-1.16 to provide /usr/bin/automake (automake) in auto mode
Setting up gettext (0.19.8.1-10) ...
Setting up python2.7 (2.7.18-1) ...
Setting up libpython2-stdlib:amd64 (2.7.17-2) ...
Setting up libcurl3-gnutls:amd64 (7.68.0-1) ...
Setting up libcurl4-gnutls-dev:amd64 (7.68.0-1) ...
Setting up man-db (2.9.1-1) ...
Not building database; man-db/auto-update is not 'true'.
Setting up python2 (2.7.17-2) ...
Setting up intltool-debian (0.35.0+20060710.5) ...
Setting up libpython-stdlib:amd64 (2.7.17-2) ...
Setting up cmake (3.16.3-2) ...
Setting up python (2.7.17-2) ...
Setting up po-debconf (1.0.21) ...
Setting up debhelper (13) ...
Setting up dh-autoreconf (19) ...
Processing triggers for libc-bin (2.30-4) ...
Processing triggers for sgml-base (1.30) ...
Setting up sgml-data (2.0.11) ...
Processing triggers for sgml-base (1.30) ...
Setting up docbook (4.5-6) ...
Processing triggers for sgml-base (1.30) ...
Setting up docbook-to-man (1:2.0.0-42+b1) ...
Setting up sbuild-build-depends-main-dummy (0.invalid.0) ...

+------------------------------------------------------------------------------+
| Check architectures                                                          |
+------------------------------------------------------------------------------+

Arch check ok (amd64 included in any)

+------------------------------------------------------------------------------+
| Build environment                                                            |
+------------------------------------------------------------------------------+

Kernel: Linux 4.19.0-6-cloud-amd64 #1 SMP Debian 4.19.67-2+deb10u2 (2019-11-11) amd64 (x86_64)
Toolchain package versions: binutils_2.34-6 dpkg-dev_1.19.7 g++-9_9.3.0-11 gcc-9_9.3.0-11 libc6-dev_2.30-4 libstdc++-9-dev_9.3.0-11 libstdc++6_10-20200502-1 linux-libc-dev_5.6.7-1
Package versions: adduser_3.118 apt_2.0.2 autoconf_2.69-11.1 automake_1:1.16.2-1 autopoint_0.19.8.1-10 autotools-dev_20180224.1 base-files_11 base-passwd_3.5.47 bash_5.0-6 binutils_2.34-6 binutils-common_2.34-6 binutils-x86-64-linux-gnu_2.34-6 bsdmainutils_11.1.2+b1 bsdutils_1:2.34-0.1 build-essential_12.8 bzip2_1.0.8-2 clang-10_1:10.0.0-4 cmake_3.16.3-2 cmake-data_3.16.3-2 coreutils_8.30-3+b1 cpp_4:9.2.1-3.1 cpp-9_9.3.0-11 dash_0.5.10.2-7 debconf_1.5.74 debhelper_13 debian-archive-keyring_2019.1 debianutils_4.9.1 dh-autoreconf_19 dh-strip-nondeterminism_1.8.0-1 diffutils_1:3.7-3 docbook_4.5-6 docbook-to-man_1:2.0.0-42+b1 dpkg_1.19.7 dpkg-dev_1.19.7 dwz_0.13-5 e2fsprogs_1.45.6-1 fakeroot_1.24-1 fdisk_2.34-0.1 file_1:5.38-4 findutils_4.7.0-1 g++_4:9.2.1-3.1 g++-9_9.3.0-11 gcc_4:9.2.1-3.1 gcc-10-base_10-20200502-1 gcc-9_9.3.0-11 gcc-9-base_9.3.0-11 gettext_0.19.8.1-10 gettext-base_0.19.8.1-10 gpgv_2.2.20-1 grep_3.4-1 groff-base_1.22.4-4 gzip_1.10-2 hostname_3.23 init-system-helpers_1.57 intltool-debian_0.35.0+20060710.5 lib32gcc-s1_10-20200502-1 lib32gcc1_1:10-20200502-1 lib32stdc++6_10-20200502-1 libacl1_2.2.53-8 libapt-pkg6.0_2.0.2 libarchive-zip-perl_1.68-1 libarchive13_3.4.0-2 libasan5_9.3.0-11 libatomic1_10-20200502-1 libattr1_1:2.4.48-5 libaudit-common_1:2.8.5-3 libaudit1_1:2.8.5-3+b1 libbinutils_2.34-6 libblkid1_2.34-0.1 libbrotli1_1.0.7-6.1 libbsd0_0.10.0-1 libbz2-1.0_1.0.8-2 libc-bin_2.30-4 libc-dev-bin_2.30-4 libc6_2.30-4 libc6-dev_2.30-4 libc6-i386_2.30-4 libcap-ng0_0.7.9-2.1+b2 libcc1-0_10-20200502-1 libclang-common-10-dev_1:10.0.0-4 libclang-cpp10_1:10.0.0-4 libclang1-10_1:10.0.0-4 libcom-err2_1.45.6-1 libcroco3_0.6.13-1 libcrypt-dev_1:4.4.16-1 libcrypt1_1:4.4.16-1 libctf-nobfd0_2.34-6 libctf0_2.34-6 libcurl3-gnutls_7.68.0-1 libcurl4_7.68.0-1 libcurl4-gnutls-dev_7.68.0-1 libdb5.3_5.3.28+dfsg1-0.6 libdebconfclient0_0.251 libdebhelper-perl_13 libdpkg-perl_1.19.7 libedit2_3.1-20191231-1 libelf1_0.176-1.1 libexpat1_2.2.9-1 libext2fs2_1.45.6-1 libfakeroot_1.24-1 libfdisk1_2.34-0.1 libffi7_3.3-4 libfile-stripnondeterminism-perl_1.8.0-1 libgc1c2_1:7.6.4-0.4 libgcc-9-dev_9.3.0-11 libgcc-s1_10-20200502-1 libgcrypt20_1.8.5-5 libgdbm-compat4_1.18.1-5 libgdbm6_1.18.1-5 libglib2.0-0_2.64.2-1 libgmp10_2:6.2.0+dfsg-4 libgnutls30_3.6.13-2 libgomp1_10-20200502-1 libgpg-error0_1.37-1 libgssapi-krb5-2_1.17-7 libhogweed5_3.5.1+really3.5.1-2 libicu63_63.2-3 libidn2-0_2.3.0-1 libisl22_0.22.1-1 libitm1_10-20200502-1 libjsoncpp1_1.7.4-3.1 libk5crypto3_1.17-7 libkeyutils1_1.6.1-2 libkrb5-3_1.17-7 libkrb5support0_1.17-7 libldap-2.4-2_2.4.50+dfsg-1 libldap-common_2.4.50+dfsg-1 libllvm10_1:10.0.0-4 liblsan0_10-20200502-1 liblz4-1_1.9.2-2 liblzma5_5.2.4-1+b1 libmagic-mgc_1:5.38-4 libmagic1_1:5.38-4 libmount1_2.34-0.1 libmpc3_1.1.0-1 libmpfr6_4.0.2-1 libncurses6_6.2-1 libncursesw6_6.2-1 libnettle7_3.5.1+really3.5.1-2 libnghttp2-14_1.40.0-1 libobjc-9-dev_9.3.0-11 libobjc4_10-20200502-1 libomp-10-dev_1:10.0.0-4 libomp5-10_1:10.0.0-4 libosp5_1.5.2-13+b1 libp11-kit0_0.23.20-1 libpam-modules_1.3.1-5 libpam-modules-bin_1.3.1-5 libpam-runtime_1.3.1-5 libpam0g_1.3.1-5 libpcre2-8-0_10.34-7 libpcre3_2:8.39-12+b1 libperl5.30_5.30.0-10 libpipeline1_1.5.2-2 libprocps8_2:3.3.16-4 libpsl5_0.21.0-1 libpython-stdlib_2.7.17-2 libpython2-stdlib_2.7.17-2 libpython2.7-minimal_2.7.18-1 libpython2.7-stdlib_2.7.18-1 libquadmath0_10-20200502-1 libreadline8_8.0-4 librhash0_1.3.9-1 librtmp1_2.4+20151223.gitfa8646d.1-2+b1 libsasl2-2_2.1.27+dfsg-2 libsasl2-modules-db_2.1.27+dfsg-2 libseccomp2_2.4.3-1+b1 libselinux1_3.0-1+b3 libsemanage-common_3.0-1 libsemanage1_3.0-1+b3 libsepol1_3.0-1 libsigsegv2_2.12-2 libsmartcols1_2.34-0.1 libsqlite3-0_3.31.1-5 libss2_1.45.6-1 libssh2-1_1.8.0-2.1 libssl1.1_1.1.1g-1 libstdc++-9-dev_9.3.0-11 libstdc++6_10-20200502-1 libsub-override-perl_0.09-2 libsystemd0_245.5-2 libtasn1-6_4.16.0-2 libtinfo6_6.2-1 libtool_2.4.6-14 libtsan0_10-20200502-1 libubsan1_10-20200502-1 libuchardet0_0.0.6-3 libudev1_245.5-2 libunistring2_0.9.10-2 libuuid1_2.34-0.1 libuv1_1.35.0-2 libxml2_2.9.10+dfsg-5 libz3-4_4.8.7-4 libzstd1_1.4.4+dfsg-3 linux-libc-dev_5.6.7-1 login_1:4.8.1-1 logsave_1.45.6-1 lsb-base_11.1.0 m4_1.4.18-4 make_4.2.1-1.3 man-db_2.9.1-1 mawk_1.3.4.20200120-2 mime-support_3.64 mount_2.34-0.1 ncurses-base_6.2-1 ncurses-bin_6.2-1 opensp_1.5.2-13+b1 passwd_1:4.8.1-1 patch_2.7.6-6 perl_5.30.0-10 perl-base_5.30.0-10 perl-modules-5.30_5.30.0-10 po-debconf_1.0.21 procps_2:3.3.16-4 python_2.7.17-2 python-minimal_2.7.17-2 python2_2.7.17-2 python2-minimal_2.7.17-2 python2.7_2.7.18-1 python2.7-minimal_2.7.18-1 qt5-qmake_5.12.5+dfsg-10 qt5-qmake-bin_5.12.5+dfsg-10 qtchooser_66-2 readline-common_8.0-4 sbuild-build-depends-main-dummy_0.invalid.0 sed_4.7-1 sensible-utils_0.0.12+nmu1 sgml-base_1.30 sgml-data_2.0.11 sysvinit-utils_2.96-3 tar_1.30+dfsg-7 tzdata_2020a-1 util-linux_2.34-0.1 xml-core_0.18+nmu1 xz-utils_5.2.4-1+b1 zlib1g_1:1.2.11.dfsg-2

+------------------------------------------------------------------------------+
| Build                                                                        |
+------------------------------------------------------------------------------+


Unpack source
-------------

-----BEGIN PGP SIGNED MESSAGE-----
Hash: SHA512

Format: 3.0 (quilt)
Source: iotjs
Binary: iotjs, iotjs-dev
Architecture: any
Version: 1.0-1
Maintainer: Philippe Coval <rzr@users.sf.net>
Homepage: http://iotjs.net
Standards-Version: 4.1.3
Build-Depends: debhelper (>= 10), cmake, python, docbook-to-man, libcurl4-gnutls-dev | libcurl-ssl-dev | libcurl-dev
Package-List:
 iotjs deb web optional arch=any
 iotjs-dev deb web optional arch=any
Checksums-Sha1:
 8dc8ed61ee439a683213778c447382b9657ca535 2629292 iotjs_1.0.orig.tar.gz
 d9aea98296d3a80aacaa5c79f911340f9f0e721e 7004 iotjs_1.0-1.debian.tar.xz
Checksums-Sha256:
 2146f9b3f4379526f39e0d8169a8af9f3f2a6d726573e75ffe5394394affa6b6 2629292 iotjs_1.0.orig.tar.gz
 fe8e789e16045261379abff1cb8b582a5707781f5f3ee61086986d778f76a464 7004 iotjs_1.0-1.debian.tar.xz
Files:
 73a88ca559068c34031aaa06f99c2f41 2629292 iotjs_1.0.orig.tar.gz
 d06e34dc8d1d4f7d0da3db9a77ff05bd 7004 iotjs_1.0-1.debian.tar.xz

-----BEGIN PGP SIGNATURE-----

iQJDBAEBCgAtFiEExyA8CpIGcL+U8AuxsB0acqyNyaEFAlqe7O0PHGpjY0BkZWJp
YW4ub3JnAAoJELAdGnKsjcmhG3kP/A0dmYc6025TbX5D4PT77uvw9Ta0F81XWvau
q0MBtPyVBfvNFBt7paKlbYF48jpACv8kqeux98BnnpeQipp0L+lxtFBC6gvRHBnZ
50Pt+y1qIVTY3a36GcVX4TdUaWRNfqySHIKaBgwmLBYeRvVvxSUiKCfkZ3RHrPBq
0mAm9Ze4Gf0eEZ27ccrRAOjVhaa/HInx5MqqicsA5hUYK6Zq+QK/d3fMJnc6vqmJ
R9/tpKakoIuuW3GeJix2l09uY9xp2KYgJeMPvKu42gk3WeLIIGJcT9Tf7ADEVjND
fzPbOYE4kVXMrLfM0/FzFCTxoyV60LY+o9RSJF11QAKCy5BSq9tvdauymhaE486/
Ptn26qJMle7vBmFhqQ/YxE39g+vhDUJuPg1rtEyPmXuoYwX3mZgiFnOEK4b1AoV+
aBamL82DAt6+0VJkL761T0eYfHfOOqLODDjH4T1MF5lekuGCYylt+5ZjMy+N0eX4
hHiA4WGA0NYLYp5jxMNIONx50qpmv5E7cRCBFNm1SKWVA9dKbtruRa5Q+M+6gX36
Mn/Q9Nw9htd+nzNfNZP0BuyQwAthBleDyE4WFzxAV1WxLPqE9ghRLJLw3xSTHMcx
EXBssKLHUFJ2XjbsBC2LVPcyobyzmQ0lmowt4h01hKl/ScbbBQILLIBT8iKXMyO7
RlY00vSy
=2qQF
-----END PGP SIGNATURE-----

gpgv: unknown type of key resource 'trustedkeys.kbx'
gpgv: keyblock resource '/sbuild-nonexistent/.gnupg/trustedkeys.kbx': General error
gpgv: Signature made Tue Mar  6 19:33:01 2018 UTC
gpgv:                using RSA key C7203C0A920670BF94F00BB1B01D1A72AC8DC9A1
gpgv:                issuer "jcc@debian.org"
gpgv: Can't check signature: No public key
dpkg-source: warning: failed to verify signature on ./iotjs_1.0-1.dsc
dpkg-source: info: extracting iotjs in /<<PKGBUILDDIR>>
dpkg-source: info: unpacking iotjs_1.0.orig.tar.gz
dpkg-source: info: unpacking iotjs_1.0-1.debian.tar.xz
dpkg-source: info: using patch list from debian/patches/series
dpkg-source: info: applying 0001-iotjs-Install-binaries-to-system-1134.patch
dpkg-source: info: applying 0002-build-Install-headers-to-system.patch

Check disk space
----------------

Sufficient free space for build

User Environment
----------------

APT_CONFIG=/var/lib/sbuild/apt.conf
HOME=/sbuild-nonexistent
LANG=C.UTF-8
LC_ALL=C.UTF-8
LOGNAME=user42
PATH=/usr/local/sbin:/usr/local/bin:/usr/sbin:/usr/bin:/sbin:/bin:/usr/games
SCHROOT_ALIAS_NAME=unstable
SCHROOT_CHROOT_NAME=sid-amd64-sbuild
SCHROOT_COMMAND=env
SCHROOT_GID=1001
SCHROOT_GROUP=user42
SCHROOT_SESSION_ID=sid-amd64-sbuild-e0293e33-95be-424b-a4f5-486a7a27b36e
SCHROOT_UID=1001
SCHROOT_USER=user42
SHELL=/bin/sh
USER=user42

dpkg-buildpackage
-----------------

Command: dpkg-buildpackage -us -uc -b -rfakeroot
dpkg-buildpackage: info: source package iotjs
dpkg-buildpackage: info: source version 1.0-1
dpkg-buildpackage: info: source distribution unstable
dpkg-buildpackage: info: source changed by Philippe Coval <rzr@users.sf.net>
 dpkg-source --before-build .
dpkg-buildpackage: info: host architecture amd64
 fakeroot debian/rules clean
dh clean
   dh_clean
	rm -f debian/debhelper-build-stamp
	rm -rf debian/.debhelper/
	rm -f -- debian/iotjs.substvars debian/iotjs-dev.substvars debian/files
	rm -fr -- debian/iotjs/ debian/tmp/ debian/iotjs-dev/
	find .  \( \( \
		\( -path .\*/.git -o -path .\*/.svn -o -path .\*/.bzr -o -path .\*/.hg -o -path .\*/CVS -o -path .\*/.pc -o -path .\*/_darcs \) -prune -o -type f -a \
	        \( -name '#*#' -o -name '.*~' -o -name '*~' -o -name DEADJOE \
		 -o -name '*.orig' -o -name '*.rej' -o -name '*.bak' \
		 -o -name '.*.orig' -o -name .*.rej -o -name '.SUMS' \
		 -o -name TAGS -o \( -path '*/.deps/*' -a -name '*.P' \) \
		\) -exec rm -f {} + \) -o \
		\( -type d -a -name autom4te.cache -prune -exec rm -rf {} + \) \)
 debian/rules build
dh build
   dh_update_autotools_config
   dh_autoreconf
   debian/rules override_dh_auto_configure
make[1]: Entering directory '/<<PKGBUILDDIR>>'
dh_auto_configure -- -DFEATURE_PROFILE=es5.1 -DPLATFORM_DESCRIPTOR=noarch-linux -DFEATURE_PROFILE=es5.1 -DPLATFORM_DESCRIPTOR=noarch-linux
	install -d obj-x86_64-linux-gnu
	cd obj-x86_64-linux-gnu && cmake -DCMAKE_INSTALL_PREFIX=/usr -DCMAKE_BUILD_TYPE=None -DCMAKE_INSTALL_SYSCONFDIR=/etc -DCMAKE_INSTALL_LOCALSTATEDIR=/var -DCMAKE_EXPORT_NO_PACKAGE_REGISTRY=ON -DCMAKE_FIND_PACKAGE_NO_PACKAGE_REGISTRY=ON "-GUnix Makefiles" -DCMAKE_VERBOSE_MAKEFILE=ON -DCMAKE_AUTOGEN_VERBOSE=ON -DCMAKE_INSTALL_LIBDIR=lib/x86_64-linux-gnu -DFEATURE_PROFILE=es5.1 -DPLATFORM_DESCRIPTOR=noarch-linux -DFEATURE_PROFILE=es5.1 -DPLATFORM_DESCRIPTOR=noarch-linux ..
-- The C compiler identification is Clang 10.0.0
-- Check for working C compiler: /usr/bin/cc
-- Check for working C compiler: /usr/bin/cc -- works
-- Detecting C compiler ABI info
-- Detecting C compiler ABI info - done
-- Detecting C compile features
-- Detecting C compile features - done
TARGET_OS not specified, using 'linux' from PLATFORM_DESCRIPTOR
Snapshot mode force enabled
LTO force disabled
-- libtuv toolchain file: /<<PKGBUILDDIR>>/deps/libtuv/cmake/config/config_noarch-linux.cmake
Native module configuration:
-- ADC: OFF
-- BLEHCISOCKET: OFF
-- BUFFER: ON [Platform support: NOT found]
-- CONSOLE: ON [Platform support: NOT found]
-- CONSTANTS: ON [Platform support: NOT found]
-- DNS: ON [Platform support: NOT found]
-- FS: ON [Platform support: NOT found]
-- GPIO: OFF
-- HTTPPARSER: ON [Platform support: NOT found]
-- I2C: OFF
-- PROCESS: ON [Platform support: NOT found]
-- PWM: OFF
-- SPI: OFF
-- STM32F4DIS: OFF
-- TCP: ON [Platform support: NOT found]
-- TESTDRIVER: ON [Platform support: NOT found]
-- TIMER: ON [Platform support: NOT found]
-- UART: OFF
-- UDP: OFF
Enabled JS modules:
-- assert
-- buffer
-- console
-- constants
-- dns
-- events
-- fs
-- http
-- http_client
-- http_common
-- http_incoming
-- http_outgoing
-- http_server
-- iotjs
-- module
-- net
-- stream
-- stream_duplex
-- stream_readable
-- stream_writable
-- testdriver
-- timers
-- util
IoT.js configured with:
-- CMAKE_BUILD_TYPE         None
-- CMAKE_C_FLAGS            -g -O2 -fdebug-prefix-map=/<<PKGBUILDDIR>>=. -fstack-protector-strong -Wformat -Werror=format-security -Wdate-time -D_FORTIFY_SOURCE=2
-- PLATFORM_DESCRIPTOR      noarch-linux
-- TARGET_OS                LINUX
-- TARGET_SYSTEMROOT        
-- TARGET_BOARD             
-- BUILD_LIB_ONLY           OFF
-- ENABLE_LTO               OFF
-- ENABLE_SNAPSHOT          ON
-- ENABLE_MINIMAL           
-- IOTJS_INCLUDE_MODULE     
-- IOTJS_EXCLUDE_MODULE     
-- IOTJS_C_FLAGS            
-- IOTJS_LINK_FLAGS         
-- Configuring done
-- Generating done
CMake Warning:
  Manually-specified variables were not used by the project:

    CMAKE_AUTOGEN_VERBOSE
    CMAKE_EXPORT_NO_PACKAGE_REGISTRY
    CMAKE_FIND_PACKAGE_NO_PACKAGE_REGISTRY
    CMAKE_INSTALL_LIBDIR
    CMAKE_INSTALL_LOCALSTATEDIR
    CMAKE_INSTALL_SYSCONFDIR


-- Build files have been written to: /<<PKGBUILDDIR>>/obj-x86_64-linux-gnu
make[1]: Leaving directory '/<<PKGBUILDDIR>>'
   dh_auto_build
	cd obj-x86_64-linux-gnu && make -j4
make[1]: Entering directory '/<<PKGBUILDDIR>>/obj-x86_64-linux-gnu'
/usr/bin/cmake -S/<<PKGBUILDDIR>> -B/<<PKGBUILDDIR>>/obj-x86_64-linux-gnu --check-build-system CMakeFiles/Makefile.cmake 0
/usr/bin/cmake -E cmake_progress_start /<<PKGBUILDDIR>>/obj-x86_64-linux-gnu/CMakeFiles /<<PKGBUILDDIR>>/obj-x86_64-linux-gnu/CMakeFiles/progress.marks
make -f CMakeFiles/Makefile2 all
make[2]: Entering directory '/<<PKGBUILDDIR>>/obj-x86_64-linux-gnu'
make -f CMakeFiles/libtuv.dir/build.make CMakeFiles/libtuv.dir/depend
make -f CMakeFiles/libjerry.dir/build.make CMakeFiles/libjerry.dir/depend
make -f CMakeFiles/hostjerry.dir/build.make CMakeFiles/hostjerry.dir/depend
make -f CMakeFiles/http-parser.dir/build.make CMakeFiles/http-parser.dir/depend
make[3]: Entering directory '/<<PKGBUILDDIR>>/obj-x86_64-linux-gnu'
cd /<<PKGBUILDDIR>>/obj-x86_64-linux-gnu && /usr/bin/cmake -E cmake_depends "Unix Makefiles" /<<PKGBUILDDIR>> /<<PKGBUILDDIR>> /<<PKGBUILDDIR>>/obj-x86_64-linux-gnu /<<PKGBUILDDIR>>/obj-x86_64-linux-gnu /<<PKGBUILDDIR>>/obj-x86_64-linux-gnu/CMakeFiles/libtuv.dir/DependInfo.cmake --color=
make[3]: Entering directory '/<<PKGBUILDDIR>>/obj-x86_64-linux-gnu'
cd /<<PKGBUILDDIR>>/obj-x86_64-linux-gnu && /usr/bin/cmake -E cmake_depends "Unix Makefiles" /<<PKGBUILDDIR>> /<<PKGBUILDDIR>> /<<PKGBUILDDIR>>/obj-x86_64-linux-gnu /<<PKGBUILDDIR>>/obj-x86_64-linux-gnu /<<PKGBUILDDIR>>/obj-x86_64-linux-gnu/CMakeFiles/libjerry.dir/DependInfo.cmake --color=
make[3]: Entering directory '/<<PKGBUILDDIR>>/obj-x86_64-linux-gnu'
cd /<<PKGBUILDDIR>>/obj-x86_64-linux-gnu && /usr/bin/cmake -E cmake_depends "Unix Makefiles" /<<PKGBUILDDIR>> /<<PKGBUILDDIR>> /<<PKGBUILDDIR>>/obj-x86_64-linux-gnu /<<PKGBUILDDIR>>/obj-x86_64-linux-gnu /<<PKGBUILDDIR>>/obj-x86_64-linux-gnu/CMakeFiles/hostjerry.dir/DependInfo.cmake --color=
make[3]: Entering directory '/<<PKGBUILDDIR>>/obj-x86_64-linux-gnu'
cd /<<PKGBUILDDIR>>/obj-x86_64-linux-gnu && /usr/bin/cmake -E cmake_depends "Unix Makefiles" /<<PKGBUILDDIR>> /<<PKGBUILDDIR>> /<<PKGBUILDDIR>>/obj-x86_64-linux-gnu /<<PKGBUILDDIR>>/obj-x86_64-linux-gnu /<<PKGBUILDDIR>>/obj-x86_64-linux-gnu/CMakeFiles/http-parser.dir/DependInfo.cmake --color=
Scanning dependencies of target libtuv
Scanning dependencies of target libjerry
Scanning dependencies of target hostjerry
make[3]: Leaving directory '/<<PKGBUILDDIR>>/obj-x86_64-linux-gnu'
make -f CMakeFiles/libtuv.dir/build.make CMakeFiles/libtuv.dir/build
make[3]: Leaving directory '/<<PKGBUILDDIR>>/obj-x86_64-linux-gnu'
make[3]: Leaving directory '/<<PKGBUILDDIR>>/obj-x86_64-linux-gnu'
make -f CMakeFiles/hostjerry.dir/build.make CMakeFiles/hostjerry.dir/build
make -f CMakeFiles/libjerry.dir/build.make CMakeFiles/libjerry.dir/build
make[3]: Entering directory '/<<PKGBUILDDIR>>/obj-x86_64-linux-gnu'
make[3]: Entering directory '/<<PKGBUILDDIR>>/obj-x86_64-linux-gnu'
make[3]: Entering directory '/<<PKGBUILDDIR>>/obj-x86_64-linux-gnu'
Scanning dependencies of target http-parser
make[3]: Leaving directory '/<<PKGBUILDDIR>>/obj-x86_64-linux-gnu'
make -f CMakeFiles/http-parser.dir/build.make CMakeFiles/http-parser.dir/build
make[3]: Entering directory '/<<PKGBUILDDIR>>/obj-x86_64-linux-gnu'
[  1%] Creating directories for 'libtuv'
[  4%] Creating directories for 'libjerry'
[  4%] Creating directories for 'hostjerry'
/usr/bin/cmake -E make_directory /<<PKGBUILDDIR>>/deps/libtuv
/usr/bin/cmake -E make_directory /<<PKGBUILDDIR>>/deps/jerry/
/usr/bin/cmake -E make_directory /<<PKGBUILDDIR>>/deps/jerry/
[  6%] Creating directories for 'http-parser'
/usr/bin/cmake -E make_directory /<<PKGBUILDDIR>>/deps/http-parser/
/usr/bin/cmake -E make_directory /<<PKGBUILDDIR>>/obj-x86_64-linux-gnu/deps/jerry
/usr/bin/cmake -E make_directory /<<PKGBUILDDIR>>/obj-x86_64-linux-gnu/deps/libtuv
/usr/bin/cmake -E make_directory /<<PKGBUILDDIR>>/obj-x86_64-linux-gnu/deps/jerry-host
/usr/bin/cmake -E make_directory /<<PKGBUILDDIR>>/obj-x86_64-linux-gnu/deps/http-parser
/usr/bin/cmake -E make_directory /<<PKGBUILDDIR>>/obj-x86_64-linux-gnu/deps/jerry
/usr/bin/cmake -E make_directory /<<PKGBUILDDIR>>/obj-x86_64-linux-gnu/deps/libtuv
/usr/bin/cmake -E make_directory /<<PKGBUILDDIR>>/obj-x86_64-linux-gnu/deps/jerry-host
/usr/bin/cmake -E make_directory /<<PKGBUILDDIR>>/obj-x86_64-linux-gnu/deps/http-parser
/usr/bin/cmake -E make_directory /<<PKGBUILDDIR>>/obj-x86_64-linux-gnu/deps/jerry/tmp
/usr/bin/cmake -E make_directory /<<PKGBUILDDIR>>/obj-x86_64-linux-gnu/deps/libtuv/tmp
/usr/bin/cmake -E make_directory /<<PKGBUILDDIR>>/obj-x86_64-linux-gnu/deps/jerry-host/tmp
/usr/bin/cmake -E make_directory /<<PKGBUILDDIR>>/obj-x86_64-linux-gnu/deps/http-parser/tmp
/usr/bin/cmake -E make_directory /<<PKGBUILDDIR>>/obj-x86_64-linux-gnu/deps/jerry/src/libjerry-stamp
/usr/bin/cmake -E make_directory /<<PKGBUILDDIR>>/obj-x86_64-linux-gnu/deps/libtuv/src/libtuv-stamp
/usr/bin/cmake -E make_directory /<<PKGBUILDDIR>>/obj-x86_64-linux-gnu/deps/jerry-host/src/hostjerry-stamp
/usr/bin/cmake -E make_directory /<<PKGBUILDDIR>>/obj-x86_64-linux-gnu/deps/http-parser/src/http-parser-stamp
/usr/bin/cmake -E make_directory /<<PKGBUILDDIR>>/obj-x86_64-linux-gnu/deps/jerry/src
/usr/bin/cmake -E make_directory /<<PKGBUILDDIR>>/obj-x86_64-linux-gnu/deps/libtuv/src
/usr/bin/cmake -E make_directory /<<PKGBUILDDIR>>/obj-x86_64-linux-gnu/deps/jerry-host/src
/usr/bin/cmake -E make_directory /<<PKGBUILDDIR>>/obj-x86_64-linux-gnu/deps/http-parser/src
/usr/bin/cmake -E make_directory /<<PKGBUILDDIR>>/obj-x86_64-linux-gnu/deps/jerry/src/libjerry-stamp
/usr/bin/cmake -E make_directory /<<PKGBUILDDIR>>/obj-x86_64-linux-gnu/deps/libtuv/src/libtuv-stamp
/usr/bin/cmake -E make_directory /<<PKGBUILDDIR>>/obj-x86_64-linux-gnu/deps/jerry-host/src/hostjerry-stamp
/usr/bin/cmake -E make_directory /<<PKGBUILDDIR>>/obj-x86_64-linux-gnu/deps/http-parser/src/http-parser-stamp
/usr/bin/cmake -E touch /<<PKGBUILDDIR>>/obj-x86_64-linux-gnu/deps/jerry/src/libjerry-stamp/libjerry-mkdir
/usr/bin/cmake -E touch /<<PKGBUILDDIR>>/obj-x86_64-linux-gnu/deps/libtuv/src/libtuv-stamp/libtuv-mkdir
/usr/bin/cmake -E touch /<<PKGBUILDDIR>>/obj-x86_64-linux-gnu/deps/jerry-host/src/hostjerry-stamp/hostjerry-mkdir
/usr/bin/cmake -E touch /<<PKGBUILDDIR>>/obj-x86_64-linux-gnu/deps/http-parser/src/http-parser-stamp/http-parser-mkdir
[  8%] No download step for 'libjerry'
/usr/bin/cmake -E echo_append
[  9%] No download step for 'libtuv'
/usr/bin/cmake -E echo_append
[ 11%] No download step for 'hostjerry'
/usr/bin/cmake -E echo_append
[ 13%] No download step for 'http-parser'
/usr/bin/cmake -E echo_append
/usr/bin/cmake -E touch /<<PKGBUILDDIR>>/obj-x86_64-linux-gnu/deps/jerry/src/libjerry-stamp/libjerry-download
/usr/bin/cmake -E touch /<<PKGBUILDDIR>>/obj-x86_64-linux-gnu/deps/libtuv/src/libtuv-stamp/libtuv-download
/usr/bin/cmake -E touch /<<PKGBUILDDIR>>/obj-x86_64-linux-gnu/deps/jerry-host/src/hostjerry-stamp/hostjerry-download
/usr/bin/cmake -E touch /<<PKGBUILDDIR>>/obj-x86_64-linux-gnu/deps/http-parser/src/http-parser-stamp/http-parser-download
[ 14%] No patch step for 'libjerry'
/usr/bin/cmake -E echo_append
[ 16%] No patch step for 'libtuv'
/usr/bin/cmake -E echo_append
[ 18%] No patch step for 'hostjerry'
/usr/bin/cmake -E echo_append
[ 19%] No patch step for 'http-parser'
/usr/bin/cmake -E touch /<<PKGBUILDDIR>>/obj-x86_64-linux-gnu/deps/jerry/src/libjerry-stamp/libjerry-patch
/usr/bin/cmake -E echo_append
/usr/bin/cmake -E touch /<<PKGBUILDDIR>>/obj-x86_64-linux-gnu/deps/libtuv/src/libtuv-stamp/libtuv-patch
/usr/bin/cmake -E touch /<<PKGBUILDDIR>>/obj-x86_64-linux-gnu/deps/jerry-host/src/hostjerry-stamp/hostjerry-patch
/usr/bin/cmake -E touch /<<PKGBUILDDIR>>/obj-x86_64-linux-gnu/deps/http-parser/src/http-parser-stamp/http-parser-patch
[ 21%] No update step for 'libjerry'
/usr/bin/cmake -E echo_append
[ 22%] No update step for 'libtuv'
/usr/bin/cmake -E echo_append
[ 24%] No update step for 'hostjerry'
/usr/bin/cmake -E echo_append
[ 26%] No update step for 'http-parser'
/usr/bin/cmake -E echo_append
/usr/bin/cmake -E touch /<<PKGBUILDDIR>>/obj-x86_64-linux-gnu/deps/jerry/src/libjerry-stamp/libjerry-update
/usr/bin/cmake -E touch /<<PKGBUILDDIR>>/obj-x86_64-linux-gnu/deps/libtuv/src/libtuv-stamp/libtuv-update
/usr/bin/cmake -E touch /<<PKGBUILDDIR>>/obj-x86_64-linux-gnu/deps/jerry-host/src/hostjerry-stamp/hostjerry-update
/usr/bin/cmake -E touch /<<PKGBUILDDIR>>/obj-x86_64-linux-gnu/deps/http-parser/src/http-parser-stamp/http-parser-update
[ 27%] Performing configure step for 'libjerry'
cd /<<PKGBUILDDIR>>/obj-x86_64-linux-gnu/deps/jerry && /usr/bin/cmake -DCMAKE_TOOLCHAIN_FILE= -DCMAKE_BUILD_TYPE=None "-DCMAKE_C_FLAGS=-g -O2 -fdebug-prefix-map=/<<PKGBUILDDIR>>=. -fstack-protector-strong -Wformat -Werror=format-security -Wdate-time -D_FORTIFY_SOURCE=2" -DJERRY_CMDLINE=OFF -DJERRY_CMDLINE_MINIMAL=OFF -DFEATURE_SNAPSHOT_EXEC=ON -DFEATURE_SNAPSHOT_SAVE=OFF -DFEATURE_PROFILE=es5.1 -DENABLE_LTO=OFF -DJERRY_LIBC=OFF -DJERRY_LIBM=OFF -DJERRY_PORT_DEFAULT=ON "-GUnix Makefiles" /<<PKGBUILDDIR>>/deps/jerry/
[ 29%] Performing configure step for 'libtuv'
cd /<<PKGBUILDDIR>>/obj-x86_64-linux-gnu/deps/libtuv && /usr/bin/cmake -DCMAKE_TOOLCHAIN_FILE=/<<PKGBUILDDIR>>/deps/libtuv/cmake/config/config_noarch-linux.cmake -DCMAKE_BUILD_TYPE=None "-DCMAKE_C_FLAGS=-g -O2 -fdebug-prefix-map=/<<PKGBUILDDIR>>=. -fstack-protector-strong -Wformat -Werror=format-security -Wdate-time -D_FORTIFY_SOURCE=2" -DTARGET_PLATFORM=noarch-linux -DLIBTUV_CUSTOM_LIB_OUT=lib -DBUILDTESTER=NO -DBUILDAPIEMULTESTER=NO -DTARGET_SYSTEMROOT= -DTARGET_BOARD= "-GUnix Makefiles" /<<PKGBUILDDIR>>/deps/libtuv
[ 31%] Performing configure step for 'hostjerry'
cd /<<PKGBUILDDIR>>/obj-x86_64-linux-gnu/deps/jerry-host && /usr/bin/cmake -DCMAKE_BUILD_TYPE=None -DJERRY_LIBC=OFF -DJERRY_CMDLINE=ON -DJERRY_CMDLINE_MINIMAL=OFF -DFEATURE_SNAPSHOT_SAVE=ON -DFEATURE_PROFILE=es5.1 "-GUnix Makefiles" /<<PKGBUILDDIR>>/deps/jerry/
[ 32%] Performing configure step for 'http-parser'
cd /<<PKGBUILDDIR>>/obj-x86_64-linux-gnu/deps/http-parser && /usr/bin/cmake -DCMAKE_TOOLCHAIN_FILE= -DCMAKE_BUILD_TYPE=None "-DCMAKE_C_FLAGS=-g -O2 -fdebug-prefix-map=/<<PKGBUILDDIR>>=. -fstack-protector-strong -Wformat -Werror=format-security -Wdate-time -D_FORTIFY_SOURCE=2" -DOS=LINUX "-GUnix Makefiles" /<<PKGBUILDDIR>>/deps/http-parser/
-- The C compiler identification is Clang 10.0.0
-- The C compiler identification is Clang 10.0.0
-- The C compiler identification is Clang 10.0.0
-- Check for working C compiler: /usr/bin/cc
-- The C compiler identification is Clang 10.0.0
-- Check for working C compiler: /usr/bin/cc
-- The ASM compiler identification is Clang
-- Found assembler: /usr/bin/cc
-- The ASM compiler identification is Clang
-- Found assembler: /usr/bin/cc
-- Check for working C compiler: /usr/bin/cc
-- Check for working C compiler: /usr/bin/cc
-- Check for working C compiler: /usr/bin/cc -- works
-- Check for working C compiler: /usr/bin/cc -- works
-- Detecting C compiler ABI info
-- Detecting C compiler ABI info
-- Check for working C compiler: /usr/bin/cc -- works
-- Detecting C compiler ABI info
-- Check for working C compiler: /usr/bin/cc -- works
-- Detecting C compiler ABI info
-- Detecting C compiler ABI info - done
-- Detecting C compiler ABI info - done
-- Detecting C compile features
-- Detecting C compile features
-- Detecting C compile features - done
-- Detecting C compile features - done
HTTP Parser configured with:
-- CMAKE_BUILD_TYPE     Debug
-- OS                   LINUX
-- NUTTX_HOME           
-- Configuring done
-- Build Type: [None]
-- Configuring done
-- Generating done
-- Build files have been written to: /<<PKGBUILDDIR>>/obj-x86_64-linux-gnu/deps/http-parser
cd /<<PKGBUILDDIR>>/obj-x86_64-linux-gnu/deps/http-parser && /usr/bin/cmake -E touch /<<PKGBUILDDIR>>/obj-x86_64-linux-gnu/deps/http-parser/src/http-parser-stamp/http-parser-configure
-- Generating done
CMake Warning:
  Manually-specified variables were not used by the project:

    TARGET_BOARD
    TARGET_SYSTEMROOT


-- Build files have been written to: /<<PKGBUILDDIR>>/obj-x86_64-linux-gnu/deps/libtuv
cd /<<PKGBUILDDIR>>/obj-x86_64-linux-gnu/deps/libtuv && /usr/bin/cmake -E touch /<<PKGBUILDDIR>>/obj-x86_64-linux-gnu/deps/libtuv/src/libtuv-stamp/libtuv-configure
[ 34%] Performing build step for 'http-parser'
cd /<<PKGBUILDDIR>>/obj-x86_64-linux-gnu/deps/http-parser && make
make[4]: Entering directory '/<<PKGBUILDDIR>>/obj-x86_64-linux-gnu/deps/http-parser'
[ 36%] Performing build step for 'libtuv'
-- Detecting C compiler ABI info - done
cd /<<PKGBUILDDIR>>/obj-x86_64-linux-gnu/deps/libtuv && make
make[4]: Entering directory '/<<PKGBUILDDIR>>/obj-x86_64-linux-gnu/deps/libtuv'
-- Detecting C compiler ABI info - done
make[5]: Entering directory '/<<PKGBUILDDIR>>/obj-x86_64-linux-gnu/deps/http-parser'
make[6]: Entering directory '/<<PKGBUILDDIR>>/obj-x86_64-linux-gnu/deps/http-parser'
-- Detecting C compile features
-- Detecting C compile features - done
-- CMAKE_BUILD_TYPE          None
-- CMAKE_SYSTEM_NAME         Linux
-- CMAKE_SYSTEM_PROCESSOR    x86_64
-- ENABLE_ALL_IN_ONE         OFF
-- ENABLE_LTO                ON
-- ENABLE_STATIC_LINK        ON
make[5]: Entering directory '/<<PKGBUILDDIR>>/obj-x86_64-linux-gnu/deps/libtuv'
-- ENABLE_STRIP              ON
-- JERRY_CMDLINE             ON
-- JERRY_CMDLINE_MINIMAL     OFF
-- JERRY_PORT_DEFAULT        ON (FORCED BY CMDLINE)
-- JERRY_EXT                 ON (FORCED BY CMDLINE)
-- JERRY_LIBC                OFF
-- JERRY_LIBM                ON
-- UNITTESTS                 OFF
-- Detecting C compile features
make[6]: Entering directory '/<<PKGBUILDDIR>>/obj-x86_64-linux-gnu/deps/libtuv'
-- Detecting C compile features - done
Scanning dependencies of target httpparser
-- FEATURE_CPOINTER_32_BIT   OFF
-- FEATURE_DEBUGGER          OFF
-- FEATURE_DEBUGGER_PORT     5001
-- FEATURE_ERROR_MESSAGES    OFF
-- FEATURE_EXTERNAL_CONTEXT  OFF
-- FEATURE_JS_PARSER         ON
-- FEATURE_MEM_STATS         OFF
-- FEATURE_MEM_STRESS_TEST   OFF
-- FEATURE_PARSER_DUMP       OFF
make[6]: Leaving directory '/<<PKGBUILDDIR>>/obj-x86_64-linux-gnu/deps/http-parser'
-- FEATURE_PROFILE           es5.1
-- FEATURE_REGEXP_DUMP       OFF
-- FEATURE_SNAPSHOT_EXEC     OFF
-- FEATURE_SNAPSHOT_SAVE     ON
-- FEATURE_SYSTEM_ALLOCATOR  OFF
-- FEATURE_VALGRIND          OFF
-- FEATURE_VALGRIND_FREYA    OFF
-- FEATURE_VM_EXEC_STOP      OFF
-- MEM_HEAP_SIZE_KB          512
-- CMAKE_BUILD_TYPE          None
-- CMAKE_SYSTEM_NAME         Linux
-- CMAKE_SYSTEM_PROCESSOR    x86_64
-- ENABLE_ALL_IN_ONE         OFF
-- ENABLE_LTO                OFF
-- ENABLE_STATIC_LINK        ON
-- ENABLE_STRIP              ON
-- JERRY_CMDLINE             OFF
-- JERRY_CMDLINE_MINIMAL     OFF
-- JERRY_PORT_DEFAULT        ON
-- JERRY_EXT                 ON
-- JERRY_LIBC                OFF
-- JERRY_LIBM                OFF
-- UNITTESTS                 OFF
make[6]: Entering directory '/<<PKGBUILDDIR>>/obj-x86_64-linux-gnu/deps/http-parser'
-- FEATURE_CPOINTER_32_BIT   OFF
-- FEATURE_DEBUGGER          OFF
-- FEATURE_DEBUGGER_PORT     5001
-- FEATURE_ERROR_MESSAGES    OFF
-- FEATURE_EXTERNAL_CONTEXT  OFF
-- FEATURE_JS_PARSER         ON
-- FEATURE_MEM_STATS         OFF
-- FEATURE_MEM_STRESS_TEST   OFF
-- FEATURE_PARSER_DUMP       OFF
-- FEATURE_PROFILE           es5.1
-- FEATURE_REGEXP_DUMP       OFF
-- FEATURE_SNAPSHOT_EXEC     ON
-- FEATURE_SNAPSHOT_SAVE     OFF
-- FEATURE_SYSTEM_ALLOCATOR  OFF
-- FEATURE_VALGRIND          OFF
-- FEATURE_VALGRIND_FREYA    OFF
-- FEATURE_VM_EXEC_STOP      OFF
-- MEM_HEAP_SIZE_KB          512
-- ENABLE_LINK_MAP           OFF
-- Configuring done
-- Configuring done
[ 50%] Building C object CMakeFiles/httpparser.dir/http_parser.c.o
Scanning dependencies of target tuv
make[6]: Leaving directory '/<<PKGBUILDDIR>>/obj-x86_64-linux-gnu/deps/libtuv'
make[6]: Entering directory '/<<PKGBUILDDIR>>/obj-x86_64-linux-gnu/deps/libtuv'
[  5%] Building C object CMakeFiles/tuv.dir/src/inet.c.o
-- Generating done
-- Build files have been written to: /<<PKGBUILDDIR>>/obj-x86_64-linux-gnu/deps/jerry
cd /<<PKGBUILDDIR>>/obj-x86_64-linux-gnu/deps/jerry && /usr/bin/cmake -E touch /<<PKGBUILDDIR>>/obj-x86_64-linux-gnu/deps/jerry/src/libjerry-stamp/libjerry-configure
-- Generating done
-- Build files have been written to: /<<PKGBUILDDIR>>/obj-x86_64-linux-gnu/deps/jerry-host
cd /<<PKGBUILDDIR>>/obj-x86_64-linux-gnu/deps/jerry-host && /usr/bin/cmake -E touch /<<PKGBUILDDIR>>/obj-x86_64-linux-gnu/deps/jerry-host/src/hostjerry-stamp/hostjerry-configure
[ 37%] Performing build step for 'libjerry'
cd /<<PKGBUILDDIR>>/obj-x86_64-linux-gnu/deps/jerry && make
make[4]: Entering directory '/<<PKGBUILDDIR>>/obj-x86_64-linux-gnu/deps/jerry'
[ 39%] Performing build step for 'hostjerry'
cd /<<PKGBUILDDIR>>/obj-x86_64-linux-gnu/deps/jerry-host && make
make[4]: Entering directory '/<<PKGBUILDDIR>>/obj-x86_64-linux-gnu/deps/jerry-host'
make[5]: Entering directory '/<<PKGBUILDDIR>>/obj-x86_64-linux-gnu/deps/jerry'
make[6]: Entering directory '/<<PKGBUILDDIR>>/obj-x86_64-linux-gnu/deps/jerry'
make[5]: Entering directory '/<<PKGBUILDDIR>>/obj-x86_64-linux-gnu/deps/jerry-host'
make[6]: Entering directory '/<<PKGBUILDDIR>>/obj-x86_64-linux-gnu/deps/jerry-host'
Scanning dependencies of target jerry-libm
make[6]: Leaving directory '/<<PKGBUILDDIR>>/obj-x86_64-linux-gnu/deps/jerry-host'
make[6]: Entering directory '/<<PKGBUILDDIR>>/obj-x86_64-linux-gnu/deps/jerry-host'
[  0%] Building C object jerry-libm/CMakeFiles/jerry-libm.dir/acos.c.o
[ 10%] Building C object CMakeFiles/tuv.dir/src/threadpool.c.o
[  1%] Building C object jerry-libm/CMakeFiles/jerry-libm.dir/asin.c.o
Scanning dependencies of target jerry-core
make[6]: Leaving directory '/<<PKGBUILDDIR>>/obj-x86_64-linux-gnu/deps/jerry'
[  1%] Building C object jerry-libm/CMakeFiles/jerry-libm.dir/atan.c.o
make[6]: Entering directory '/<<PKGBUILDDIR>>/obj-x86_64-linux-gnu/deps/jerry'
[  0%] Building C object jerry-core/CMakeFiles/jerry-core.dir/api/jerry-debugger.c.o
[  2%] Building C object jerry-libm/CMakeFiles/jerry-libm.dir/atan2.c.o
[ 15%] Building C object CMakeFiles/tuv.dir/src/uv-common.c.o
[  1%] Building C object jerry-core/CMakeFiles/jerry-core.dir/api/jerry-snapshot.c.o
[  3%] Building C object jerry-libm/CMakeFiles/jerry-libm.dir/ceil.c.o
[  3%] Building C object jerry-libm/CMakeFiles/jerry-libm.dir/copysign.c.o
[  4%] Building C object jerry-libm/CMakeFiles/jerry-libm.dir/exp.c.o
[  1%] Building C object jerry-core/CMakeFiles/jerry-core.dir/api/jerry.c.o
[  4%] Building C object jerry-libm/CMakeFiles/jerry-libm.dir/fabs.c.o
[ 20%] Building C object CMakeFiles/tuv.dir/src/tuv_debuglog.c.o
[  5%] Building C object jerry-libm/CMakeFiles/jerry-libm.dir/finite.c.o
[  5%] Building C object jerry-libm/CMakeFiles/jerry-libm.dir/floor.c.o
[ 25%] Building C object CMakeFiles/tuv.dir/src/unix/async.c.o
[  6%] Building C object jerry-libm/CMakeFiles/jerry-libm.dir/fmod.c.o
[  7%] Building C object jerry-libm/CMakeFiles/jerry-libm.dir/isnan.c.o
[  7%] Building C object jerry-libm/CMakeFiles/jerry-libm.dir/log.c.o
[ 30%] Building C object CMakeFiles/tuv.dir/src/unix/core.c.o
[  2%] Building C object jerry-core/CMakeFiles/jerry-core.dir/debugger/debugger-sha1.c.o
[  8%] Building C object jerry-libm/CMakeFiles/jerry-libm.dir/nextafter.c.o
[  3%] Building C object jerry-core/CMakeFiles/jerry-core.dir/debugger/debugger-ws.c.o
[  8%] Building C object jerry-libm/CMakeFiles/jerry-libm.dir/pow.c.o
[  3%] Building C object jerry-core/CMakeFiles/jerry-core.dir/debugger/debugger.c.o
[  9%] Building C object jerry-libm/CMakeFiles/jerry-libm.dir/scalbn.c.o
[  4%] Building C object jerry-core/CMakeFiles/jerry-core.dir/ecma/base/ecma-alloc.c.o
[  9%] Building C object jerry-libm/CMakeFiles/jerry-libm.dir/sqrt.c.o
[ 10%] Building C object jerry-libm/CMakeFiles/jerry-libm.dir/trig.c.o
[  5%] Building C object jerry-core/CMakeFiles/jerry-core.dir/ecma/base/ecma-gc.c.o
[100%] Linking C static library libhttpparser.a
[ 35%] Building C object CMakeFiles/tuv.dir/src/unix/fs.c.o
make[6]: Leaving directory '/<<PKGBUILDDIR>>/obj-x86_64-linux-gnu/deps/http-parser'
[100%] Built target httpparser
make[5]: Leaving directory '/<<PKGBUILDDIR>>/obj-x86_64-linux-gnu/deps/http-parser'
make[4]: Leaving directory '/<<PKGBUILDDIR>>/obj-x86_64-linux-gnu/deps/http-parser'
cd /<<PKGBUILDDIR>>/obj-x86_64-linux-gnu/deps/http-parser && /usr/bin/cmake -E touch /<<PKGBUILDDIR>>/obj-x86_64-linux-gnu/deps/http-parser/src/http-parser-stamp/http-parser-build
[ 40%] Performing install step for 'http-parser'
cd /<<PKGBUILDDIR>>/obj-x86_64-linux-gnu/deps/http-parser && /usr/bin/cmake -E copy /<<PKGBUILDDIR>>/obj-x86_64-linux-gnu/deps/http-parser/libhttpparser.a /<<PKGBUILDDIR>>/obj-x86_64-linux-gnu/lib/
cd /<<PKGBUILDDIR>>/obj-x86_64-linux-gnu/deps/http-parser && /usr/bin/cmake -E touch /<<PKGBUILDDIR>>/obj-x86_64-linux-gnu/deps/http-parser/src/http-parser-stamp/http-parser-install
[ 42%] Completed 'http-parser'
/usr/bin/cmake -E make_directory /<<PKGBUILDDIR>>/obj-x86_64-linux-gnu/CMakeFiles
/usr/bin/cmake -E touch /<<PKGBUILDDIR>>/obj-x86_64-linux-gnu/CMakeFiles/http-parser-complete
/usr/bin/cmake -E touch /<<PKGBUILDDIR>>/obj-x86_64-linux-gnu/deps/http-parser/src/http-parser-stamp/http-parser-done
make[3]: Leaving directory '/<<PKGBUILDDIR>>/obj-x86_64-linux-gnu'
[ 42%] Built target http-parser
[ 11%] Linking C static library ../lib/libjerry-libm.a
[ 40%] Building C object CMakeFiles/tuv.dir/src/unix/getaddrinfo.c.o
make[6]: Leaving directory '/<<PKGBUILDDIR>>/obj-x86_64-linux-gnu/deps/jerry-host'
[ 11%] Built target jerry-libm
make[6]: Entering directory '/<<PKGBUILDDIR>>/obj-x86_64-linux-gnu/deps/jerry-host'
[  5%] Building C object jerry-core/CMakeFiles/jerry-core.dir/ecma/base/ecma-helpers-conversion.c.o
[ 45%] Building C object CMakeFiles/tuv.dir/src/unix/loop.c.o
Scanning dependencies of target jerry-core
make[6]: Leaving directory '/<<PKGBUILDDIR>>/obj-x86_64-linux-gnu/deps/jerry-host'
make[6]: Entering directory '/<<PKGBUILDDIR>>/obj-x86_64-linux-gnu/deps/jerry-host'
[ 12%] Building C object jerry-core/CMakeFiles/jerry-core.dir/api/jerry-debugger.c.o
[ 50%] Building C object CMakeFiles/tuv.dir/src/unix/loop-watcher.c.o
[ 12%] Building C object jerry-core/CMakeFiles/jerry-core.dir/api/jerry-snapshot.c.o
[ 55%] Building C object CMakeFiles/tuv.dir/src/unix/poll.c.o
[  6%] Building C object jerry-core/CMakeFiles/jerry-core.dir/ecma/base/ecma-helpers-errol.c.o
[ 60%] Building C object CMakeFiles/tuv.dir/src/unix/process.c.o
[ 65%] Building C object CMakeFiles/tuv.dir/src/unix/stream.c.o
[  7%] Building C object jerry-core/CMakeFiles/jerry-core.dir/ecma/base/ecma-helpers-external-pointers.c.o
[ 13%] Building C object jerry-core/CMakeFiles/jerry-core.dir/api/jerry.c.o
[ 70%] Building C object CMakeFiles/tuv.dir/src/unix/tcp.c.o
[  7%] Building C object jerry-core/CMakeFiles/jerry-core.dir/ecma/base/ecma-helpers-number.c.o
[  8%] Building C object jerry-core/CMakeFiles/jerry-core.dir/ecma/base/ecma-helpers-string.c.o
[ 75%] Building C object CMakeFiles/tuv.dir/src/unix/thread.c.o
[ 14%] Building C object jerry-core/CMakeFiles/jerry-core.dir/debugger/debugger-sha1.c.o
[ 14%] Building C object jerry-core/CMakeFiles/jerry-core.dir/debugger/debugger-ws.c.o
[ 15%] Building C object jerry-core/CMakeFiles/jerry-core.dir/debugger/debugger.c.o
[ 80%] Building C object CMakeFiles/tuv.dir/src/unix/timer.c.o
[ 15%] Building C object jerry-core/CMakeFiles/jerry-core.dir/ecma/base/ecma-alloc.c.o
[ 85%] Building C object CMakeFiles/tuv.dir/src/unix/udp.c.o
[ 16%] Building C object jerry-core/CMakeFiles/jerry-core.dir/ecma/base/ecma-gc.c.o
[ 90%] Building C object CMakeFiles/tuv.dir/src/unix/linux-core.c.o
[  9%] Building C object jerry-core/CMakeFiles/jerry-core.dir/ecma/base/ecma-helpers-value.c.o
[ 16%] Building C object jerry-core/CMakeFiles/jerry-core.dir/ecma/base/ecma-helpers-conversion.c.o
[ 95%] Building C object CMakeFiles/tuv.dir/src/unix/linux-syscalls.c.o
[  9%] Building C object jerry-core/CMakeFiles/jerry-core.dir/ecma/base/ecma-helpers-values-collection.c.o
[ 10%] Building C object jerry-core/CMakeFiles/jerry-core.dir/ecma/base/ecma-helpers.c.o
[100%] Linking C static library lib/libtuv.a
[ 17%] Building C object jerry-core/CMakeFiles/jerry-core.dir/ecma/base/ecma-helpers-errol.c.o
make[6]: Leaving directory '/<<PKGBUILDDIR>>/obj-x86_64-linux-gnu/deps/libtuv'
[100%] Built target tuv
make[5]: Leaving directory '/<<PKGBUILDDIR>>/obj-x86_64-linux-gnu/deps/libtuv'
[ 11%] Building C object jerry-core/CMakeFiles/jerry-core.dir/ecma/base/ecma-init-finalize.c.o
make[4]: Leaving directory '/<<PKGBUILDDIR>>/obj-x86_64-linux-gnu/deps/libtuv'
cd /<<PKGBUILDDIR>>/obj-x86_64-linux-gnu/deps/libtuv && /usr/bin/cmake -E touch /<<PKGBUILDDIR>>/obj-x86_64-linux-gnu/deps/libtuv/src/libtuv-stamp/libtuv-build
[ 44%] Performing install step for 'libtuv'
cd /<<PKGBUILDDIR>>/obj-x86_64-linux-gnu/deps/libtuv && /usr/bin/cmake -E copy /<<PKGBUILDDIR>>/obj-x86_64-linux-gnu/deps/libtuv/lib/libtuv.a /<<PKGBUILDDIR>>/obj-x86_64-linux-gnu/lib/
[ 18%] Building C object jerry-core/CMakeFiles/jerry-core.dir/ecma/base/ecma-helpers-external-pointers.c.o
cd /<<PKGBUILDDIR>>/obj-x86_64-linux-gnu/deps/libtuv && /usr/bin/cmake -E touch /<<PKGBUILDDIR>>/obj-x86_64-linux-gnu/deps/libtuv/src/libtuv-stamp/libtuv-install
[ 45%] Completed 'libtuv'
/usr/bin/cmake -E make_directory /<<PKGBUILDDIR>>/obj-x86_64-linux-gnu/CMakeFiles
/usr/bin/cmake -E touch /<<PKGBUILDDIR>>/obj-x86_64-linux-gnu/CMakeFiles/libtuv-complete
[ 11%] Building C object jerry-core/CMakeFiles/jerry-core.dir/ecma/base/ecma-lcache.c.o
/usr/bin/cmake -E touch /<<PKGBUILDDIR>>/obj-x86_64-linux-gnu/deps/libtuv/src/libtuv-stamp/libtuv-done
make[3]: Leaving directory '/<<PKGBUILDDIR>>/obj-x86_64-linux-gnu'
[ 18%] Building C object jerry-core/CMakeFiles/jerry-core.dir/ecma/base/ecma-helpers-number.c.o
[ 45%] Built target libtuv
[ 12%] Building C object jerry-core/CMakeFiles/jerry-core.dir/ecma/base/ecma-literal-storage.c.o
[ 13%] Building C object jerry-core/CMakeFiles/jerry-core.dir/ecma/base/ecma-property-hashmap.c.o
[ 19%] Building C object jerry-core/CMakeFiles/jerry-core.dir/ecma/base/ecma-helpers-string.c.o
[ 19%] Building C object jerry-core/CMakeFiles/jerry-core.dir/ecma/base/ecma-helpers-value.c.o
[ 13%] Building C object jerry-core/CMakeFiles/jerry-core.dir/ecma/builtin-objects/ecma-builtin-array-prototype.c.o
[ 14%] Building C object jerry-core/CMakeFiles/jerry-core.dir/ecma/builtin-objects/ecma-builtin-array.c.o
[ 20%] Building C object jerry-core/CMakeFiles/jerry-core.dir/ecma/base/ecma-helpers-values-collection.c.o
[ 15%] Building C object jerry-core/CMakeFiles/jerry-core.dir/ecma/builtin-objects/ecma-builtin-arraybuffer-prototype.c.o
[ 20%] Building C object jerry-core/CMakeFiles/jerry-core.dir/ecma/base/ecma-helpers.c.o
[ 21%] Building C object jerry-core/CMakeFiles/jerry-core.dir/ecma/base/ecma-init-finalize.c.o
[ 15%] Building C object jerry-core/CMakeFiles/jerry-core.dir/ecma/builtin-objects/ecma-builtin-arraybuffer.c.o
[ 22%] Building C object jerry-core/CMakeFiles/jerry-core.dir/ecma/base/ecma-lcache.c.o
[ 16%] Building C object jerry-core/CMakeFiles/jerry-core.dir/ecma/builtin-objects/ecma-builtin-boolean-prototype.c.o
[ 22%] Building C object jerry-core/CMakeFiles/jerry-core.dir/ecma/base/ecma-literal-storage.c.o
[ 23%] Building C object jerry-core/CMakeFiles/jerry-core.dir/ecma/base/ecma-property-hashmap.c.o
[ 17%] Building C object jerry-core/CMakeFiles/jerry-core.dir/ecma/builtin-objects/ecma-builtin-boolean.c.o
[ 23%] Building C object jerry-core/CMakeFiles/jerry-core.dir/ecma/builtin-objects/ecma-builtin-array-prototype.c.o
[ 17%] Building C object jerry-core/CMakeFiles/jerry-core.dir/ecma/builtin-objects/ecma-builtin-date-prototype.c.o
[ 24%] Building C object jerry-core/CMakeFiles/jerry-core.dir/ecma/builtin-objects/ecma-builtin-array.c.o
[ 24%] Building C object jerry-core/CMakeFiles/jerry-core.dir/ecma/builtin-objects/ecma-builtin-arraybuffer-prototype.c.o
[ 25%] Building C object jerry-core/CMakeFiles/jerry-core.dir/ecma/builtin-objects/ecma-builtin-arraybuffer.c.o
[ 18%] Building C object jerry-core/CMakeFiles/jerry-core.dir/ecma/builtin-objects/ecma-builtin-date.c.o
[ 26%] Building C object jerry-core/CMakeFiles/jerry-core.dir/ecma/builtin-objects/ecma-builtin-boolean-prototype.c.o
[ 26%] Building C object jerry-core/CMakeFiles/jerry-core.dir/ecma/builtin-objects/ecma-builtin-boolean.c.o
[ 19%] Building C object jerry-core/CMakeFiles/jerry-core.dir/ecma/builtin-objects/ecma-builtin-error-prototype.c.o
[ 27%] Building C object jerry-core/CMakeFiles/jerry-core.dir/ecma/builtin-objects/ecma-builtin-date-prototype.c.o
[ 19%] Building C object jerry-core/CMakeFiles/jerry-core.dir/ecma/builtin-objects/ecma-builtin-error.c.o
[ 20%] Building C object jerry-core/CMakeFiles/jerry-core.dir/ecma/builtin-objects/ecma-builtin-evalerror-prototype.c.o
[ 21%] Building C object jerry-core/CMakeFiles/jerry-core.dir/ecma/builtin-objects/ecma-builtin-evalerror.c.o
[ 27%] Building C object jerry-core/CMakeFiles/jerry-core.dir/ecma/builtin-objects/ecma-builtin-date.c.o
[ 28%] Building C object jerry-core/CMakeFiles/jerry-core.dir/ecma/builtin-objects/ecma-builtin-error-prototype.c.o
[ 21%] Building C object jerry-core/CMakeFiles/jerry-core.dir/ecma/builtin-objects/ecma-builtin-function-prototype.c.o
[ 22%] Building C object jerry-core/CMakeFiles/jerry-core.dir/ecma/builtin-objects/ecma-builtin-function.c.o
[ 28%] Building C object jerry-core/CMakeFiles/jerry-core.dir/ecma/builtin-objects/ecma-builtin-error.c.o
[ 29%] Building C object jerry-core/CMakeFiles/jerry-core.dir/ecma/builtin-objects/ecma-builtin-evalerror-prototype.c.o
[ 30%] Building C object jerry-core/CMakeFiles/jerry-core.dir/ecma/builtin-objects/ecma-builtin-evalerror.c.o
[ 23%] Building C object jerry-core/CMakeFiles/jerry-core.dir/ecma/builtin-objects/ecma-builtin-global.c.o
[ 23%] Building C object jerry-core/CMakeFiles/jerry-core.dir/ecma/builtin-objects/ecma-builtin-helpers-date.c.o
[ 30%] Building C object jerry-core/CMakeFiles/jerry-core.dir/ecma/builtin-objects/ecma-builtin-function-prototype.c.o
[ 31%] Building C object jerry-core/CMakeFiles/jerry-core.dir/ecma/builtin-objects/ecma-builtin-function.c.o
[ 31%] Building C object jerry-core/CMakeFiles/jerry-core.dir/ecma/builtin-objects/ecma-builtin-global.c.o
[ 32%] Building C object jerry-core/CMakeFiles/jerry-core.dir/ecma/builtin-objects/ecma-builtin-helpers-date.c.o
[ 24%] Building C object jerry-core/CMakeFiles/jerry-core.dir/ecma/builtin-objects/ecma-builtin-helpers-error.c.o
[ 32%] Building C object jerry-core/CMakeFiles/jerry-core.dir/ecma/builtin-objects/ecma-builtin-helpers-error.c.o
[ 25%] Building C object jerry-core/CMakeFiles/jerry-core.dir/ecma/builtin-objects/ecma-builtin-helpers-json.c.o
[ 33%] Building C object jerry-core/CMakeFiles/jerry-core.dir/ecma/builtin-objects/ecma-builtin-helpers-json.c.o
[ 25%] Building C object jerry-core/CMakeFiles/jerry-core.dir/ecma/builtin-objects/ecma-builtin-helpers.c.o
[ 34%] Building C object jerry-core/CMakeFiles/jerry-core.dir/ecma/builtin-objects/ecma-builtin-helpers.c.o
[ 26%] Building C object jerry-core/CMakeFiles/jerry-core.dir/ecma/builtin-objects/ecma-builtin-json.c.o
[ 34%] Building C object jerry-core/CMakeFiles/jerry-core.dir/ecma/builtin-objects/ecma-builtin-json.c.o
[ 35%] Building C object jerry-core/CMakeFiles/jerry-core.dir/ecma/builtin-objects/ecma-builtin-math.c.o
[ 26%] Building C object jerry-core/CMakeFiles/jerry-core.dir/ecma/builtin-objects/ecma-builtin-math.c.o
[ 35%] Building C object jerry-core/CMakeFiles/jerry-core.dir/ecma/builtin-objects/ecma-builtin-number-prototype.c.o
[ 27%] Building C object jerry-core/CMakeFiles/jerry-core.dir/ecma/builtin-objects/ecma-builtin-number-prototype.c.o
[ 36%] Building C object jerry-core/CMakeFiles/jerry-core.dir/ecma/builtin-objects/ecma-builtin-number.c.o
[ 37%] Building C object jerry-core/CMakeFiles/jerry-core.dir/ecma/builtin-objects/ecma-builtin-object-prototype.c.o
[ 28%] Building C object jerry-core/CMakeFiles/jerry-core.dir/ecma/builtin-objects/ecma-builtin-number.c.o
[ 37%] Building C object jerry-core/CMakeFiles/jerry-core.dir/ecma/builtin-objects/ecma-builtin-object.c.o
[ 38%] Building C object jerry-core/CMakeFiles/jerry-core.dir/ecma/builtin-objects/ecma-builtin-promise-prototype.c.o
[ 28%] Building C object jerry-core/CMakeFiles/jerry-core.dir/ecma/builtin-objects/ecma-builtin-object-prototype.c.o
[ 38%] Building C object jerry-core/CMakeFiles/jerry-core.dir/ecma/builtin-objects/ecma-builtin-promise.c.o
[ 39%] Building C object jerry-core/CMakeFiles/jerry-core.dir/ecma/builtin-objects/ecma-builtin-rangeerror-prototype.c.o
[ 29%] Building C object jerry-core/CMakeFiles/jerry-core.dir/ecma/builtin-objects/ecma-builtin-object.c.o
[ 39%] Building C object jerry-core/CMakeFiles/jerry-core.dir/ecma/builtin-objects/ecma-builtin-rangeerror.c.o
[ 40%] Building C object jerry-core/CMakeFiles/jerry-core.dir/ecma/builtin-objects/ecma-builtin-referenceerror-prototype.c.o
[ 41%] Building C object jerry-core/CMakeFiles/jerry-core.dir/ecma/builtin-objects/ecma-builtin-referenceerror.c.o
[ 30%] Building C object jerry-core/CMakeFiles/jerry-core.dir/ecma/builtin-objects/ecma-builtin-promise-prototype.c.o
[ 41%] Building C object jerry-core/CMakeFiles/jerry-core.dir/ecma/builtin-objects/ecma-builtin-regexp-prototype.c.o
[ 42%] Building C object jerry-core/CMakeFiles/jerry-core.dir/ecma/builtin-objects/ecma-builtin-regexp.c.o
[ 30%] Building C object jerry-core/CMakeFiles/jerry-core.dir/ecma/builtin-objects/ecma-builtin-promise.c.o
[ 42%] Building C object jerry-core/CMakeFiles/jerry-core.dir/ecma/builtin-objects/ecma-builtin-string-prototype.c.o
[ 43%] Building C object jerry-core/CMakeFiles/jerry-core.dir/ecma/builtin-objects/ecma-builtin-string.c.o
[ 43%] Building C object jerry-core/CMakeFiles/jerry-core.dir/ecma/builtin-objects/ecma-builtin-syntaxerror-prototype.c.o
[ 31%] Building C object jerry-core/CMakeFiles/jerry-core.dir/ecma/builtin-objects/ecma-builtin-rangeerror-prototype.c.o
[ 45%] Building C object jerry-core/CMakeFiles/jerry-core.dir/ecma/builtin-objects/ecma-builtin-type-error-thrower.c.o
[ 45%] Building C object jerry-core/CMakeFiles/jerry-core.dir/ecma/builtin-objects/ecma-builtin-syntaxerror.c.o
[ 32%] Building C object jerry-core/CMakeFiles/jerry-core.dir/ecma/builtin-objects/ecma-builtin-rangeerror.c.o
[ 45%] Building C object jerry-core/CMakeFiles/jerry-core.dir/ecma/builtin-objects/ecma-builtin-typeerror-prototype.c.o
[ 46%] Building C object jerry-core/CMakeFiles/jerry-core.dir/ecma/builtin-objects/ecma-builtin-typeerror.c.o
[ 32%] Building C object jerry-core/CMakeFiles/jerry-core.dir/ecma/builtin-objects/ecma-builtin-referenceerror-prototype.c.o
[ 46%] Building C object jerry-core/CMakeFiles/jerry-core.dir/ecma/builtin-objects/ecma-builtin-urierror-prototype.c.o
[ 33%] Building C object jerry-core/CMakeFiles/jerry-core.dir/ecma/builtin-objects/ecma-builtin-referenceerror.c.o
[ 34%] Building C object jerry-core/CMakeFiles/jerry-core.dir/ecma/builtin-objects/ecma-builtin-regexp-prototype.c.o
[ 47%] Building C object jerry-core/CMakeFiles/jerry-core.dir/ecma/builtin-objects/ecma-builtin-urierror.c.o
[ 34%] Building C object jerry-core/CMakeFiles/jerry-core.dir/ecma/builtin-objects/ecma-builtin-regexp.c.o
[ 47%] Building C object jerry-core/CMakeFiles/jerry-core.dir/ecma/builtin-objects/ecma-builtins.c.o
[ 48%] Building C object jerry-core/CMakeFiles/jerry-core.dir/ecma/builtin-objects/typedarray/ecma-builtin-float32array-prototype.c.o
/<<PKGBUILDDIR>>/deps/jerry/jerry-core/ecma/builtin-objects/ecma-builtins.c:188:26: warning: implicit conversion loses integer precision: 'ecma_builtin_id_t' to 'uint8_t' (aka 'unsigned char') [-Wimplicit-int-conversion]
  built_in_props_p->id = obj_builtin_id;
                       ~ ^~~~~~~~~~~~~~
/<<PKGBUILDDIR>>/deps/jerry/jerry-core/ecma/builtin-objects/ecma-builtins.c:189:34: warning: implicit conversion loses integer precision: 'ecma_builtin_id_t' to 'uint16_t' (aka 'unsigned short') [-Wimplicit-int-conversion]
  built_in_props_p->routine_id = obj_builtin_id;
                               ~ ^~~~~~~~~~~~~~
/<<PKGBUILDDIR>>/deps/jerry/jerry-core/ecma/builtin-objects/ecma-builtins.c:404:35: warning: implicit conversion loses integer precision: 'ecma_builtin_id_t' to 'uint8_t' (aka 'unsigned char') [-Wimplicit-int-conversion]
  ext_func_obj_p->u.built_in.id = builtin_id;
                                ~ ^~~~~~~~~~
[ 35%] Building C object jerry-core/CMakeFiles/jerry-core.dir/ecma/builtin-objects/ecma-builtin-string-prototype.c.o
[ 49%] Building C object jerry-core/CMakeFiles/jerry-core.dir/ecma/builtin-objects/typedarray/ecma-builtin-float32array.c.o
[ 36%] Building C object jerry-core/CMakeFiles/jerry-core.dir/ecma/builtin-objects/ecma-builtin-string.c.o
[ 49%] Building C object jerry-core/CMakeFiles/jerry-core.dir/ecma/builtin-objects/typedarray/ecma-builtin-float64array-prototype.c.o
[ 36%] Building C object jerry-core/CMakeFiles/jerry-core.dir/ecma/builtin-objects/ecma-builtin-syntaxerror-prototype.c.o
[ 50%] Building C object jerry-core/CMakeFiles/jerry-core.dir/ecma/builtin-objects/typedarray/ecma-builtin-float64array.c.o
3 warnings generated.
[ 50%] Building C object jerry-core/CMakeFiles/jerry-core.dir/ecma/builtin-objects/typedarray/ecma-builtin-int16array-prototype.c.o
[ 37%] Building C object jerry-core/CMakeFiles/jerry-core.dir/ecma/builtin-objects/ecma-builtin-syntaxerror.c.o
[ 51%] Building C object jerry-core/CMakeFiles/jerry-core.dir/ecma/builtin-objects/typedarray/ecma-builtin-int16array.c.o
[ 51%] Building C object jerry-core/CMakeFiles/jerry-core.dir/ecma/builtin-objects/typedarray/ecma-builtin-int32array-prototype.c.o
[ 38%] Building C object jerry-core/CMakeFiles/jerry-core.dir/ecma/builtin-objects/ecma-builtin-type-error-thrower.c.o
[ 52%] Building C object jerry-core/CMakeFiles/jerry-core.dir/ecma/builtin-objects/typedarray/ecma-builtin-int32array.c.o
[ 53%] Building C object jerry-core/CMakeFiles/jerry-core.dir/ecma/builtin-objects/typedarray/ecma-builtin-int8array-prototype.c.o
[ 53%] Building C object jerry-core/CMakeFiles/jerry-core.dir/ecma/builtin-objects/typedarray/ecma-builtin-int8array.c.o
[ 38%] Building C object jerry-core/CMakeFiles/jerry-core.dir/ecma/builtin-objects/ecma-builtin-typeerror-prototype.c.o
[ 54%] Building C object jerry-core/CMakeFiles/jerry-core.dir/ecma/builtin-objects/typedarray/ecma-builtin-typedarray-prototype.c.o
[ 54%] Building C object jerry-core/CMakeFiles/jerry-core.dir/ecma/builtin-objects/typedarray/ecma-builtin-typedarray.c.o
[ 39%] Building C object jerry-core/CMakeFiles/jerry-core.dir/ecma/builtin-objects/ecma-builtin-typeerror.c.o
[ 55%] Building C object jerry-core/CMakeFiles/jerry-core.dir/ecma/builtin-objects/typedarray/ecma-builtin-uint16array-prototype.c.o
[ 55%] Building C object jerry-core/CMakeFiles/jerry-core.dir/ecma/builtin-objects/typedarray/ecma-builtin-uint16array.c.o
[ 40%] Building C object jerry-core/CMakeFiles/jerry-core.dir/ecma/builtin-objects/ecma-builtin-urierror-prototype.c.o
[ 56%] Building C object jerry-core/CMakeFiles/jerry-core.dir/ecma/builtin-objects/typedarray/ecma-builtin-uint32array-prototype.c.o
[ 40%] Building C object jerry-core/CMakeFiles/jerry-core.dir/ecma/builtin-objects/ecma-builtin-urierror.c.o
[ 57%] Building C object jerry-core/CMakeFiles/jerry-core.dir/ecma/builtin-objects/typedarray/ecma-builtin-uint32array.c.o
[ 57%] Building C object jerry-core/CMakeFiles/jerry-core.dir/ecma/builtin-objects/typedarray/ecma-builtin-uint8array-prototype.c.o
[ 41%] Building C object jerry-core/CMakeFiles/jerry-core.dir/ecma/builtin-objects/ecma-builtins.c.o
[ 42%] Building C object jerry-core/CMakeFiles/jerry-core.dir/ecma/builtin-objects/typedarray/ecma-builtin-float32array-prototype.c.o
[ 58%] Building C object jerry-core/CMakeFiles/jerry-core.dir/ecma/builtin-objects/typedarray/ecma-builtin-uint8array.c.o
[ 58%] Building C object jerry-core/CMakeFiles/jerry-core.dir/ecma/builtin-objects/typedarray/ecma-builtin-uint8clampedarray-prototype.c.o
/<<PKGBUILDDIR>>/deps/jerry/jerry-core/ecma/builtin-objects/ecma-builtins.c:188:26: warning: implicit conversion loses integer precision: 'ecma_builtin_id_t' to 'uint8_t' (aka 'unsigned char') [-Wimplicit-int-conversion]
  built_in_props_p->id = obj_builtin_id;
                       ~ ^~~~~~~~~~~~~~
/<<PKGBUILDDIR>>/deps/jerry/jerry-core/ecma/builtin-objects/ecma-builtins.c:189:34: warning: implicit conversion loses integer precision: 'ecma_builtin_id_t' to 'uint16_t' (aka 'unsigned short') [-Wimplicit-int-conversion]
  built_in_props_p->routine_id = obj_builtin_id;
                               ~ ^~~~~~~~~~~~~~
/<<PKGBUILDDIR>>/deps/jerry/jerry-core/ecma/builtin-objects/ecma-builtins.c:404:35: warning: implicit conversion loses integer precision: 'ecma_builtin_id_t' to 'uint8_t' (aka 'unsigned char') [-Wimplicit-int-conversion]
  ext_func_obj_p->u.built_in.id = builtin_id;
                                ~ ^~~~~~~~~~
[ 59%] Building C object jerry-core/CMakeFiles/jerry-core.dir/ecma/builtin-objects/typedarray/ecma-builtin-uint8clampedarray.c.o
[ 42%] Building C object jerry-core/CMakeFiles/jerry-core.dir/ecma/builtin-objects/typedarray/ecma-builtin-float32array.c.o
[ 60%] Building C object jerry-core/CMakeFiles/jerry-core.dir/ecma/operations/ecma-array-object.c.o
[ 60%] Building C object jerry-core/CMakeFiles/jerry-core.dir/ecma/operations/ecma-arraybuffer-object.c.o
[ 43%] Building C object jerry-core/CMakeFiles/jerry-core.dir/ecma/builtin-objects/typedarray/ecma-builtin-float64array-prototype.c.o
[ 60%] Building C object jerry-core/CMakeFiles/jerry-core.dir/ecma/operations/ecma-comparison.c.o
[ 61%] Building C object jerry-core/CMakeFiles/jerry-core.dir/ecma/operations/ecma-boolean-object.c.o
[ 44%] Building C object jerry-core/CMakeFiles/jerry-core.dir/ecma/builtin-objects/typedarray/ecma-builtin-float64array.c.o
[ 62%] Building C object jerry-core/CMakeFiles/jerry-core.dir/ecma/operations/ecma-conversion.c.o
[ 44%] Building C object jerry-core/CMakeFiles/jerry-core.dir/ecma/builtin-objects/typedarray/ecma-builtin-int16array-prototype.c.o
[ 62%] Building C object jerry-core/CMakeFiles/jerry-core.dir/ecma/operations/ecma-eval.c.o
[ 45%] Building C object jerry-core/CMakeFiles/jerry-core.dir/ecma/builtin-objects/typedarray/ecma-builtin-int16array.c.o
[ 63%] Building C object jerry-core/CMakeFiles/jerry-core.dir/ecma/operations/ecma-exceptions.c.o
[ 64%] Building C object jerry-core/CMakeFiles/jerry-core.dir/ecma/operations/ecma-function-object.c.o
[ 46%] Building C object jerry-core/CMakeFiles/jerry-core.dir/ecma/builtin-objects/typedarray/ecma-builtin-int32array-prototype.c.o
[ 64%] Building C object jerry-core/CMakeFiles/jerry-core.dir/ecma/operations/ecma-get-put-value.c.o
3 warnings generated.
[ 46%] Building C object jerry-core/CMakeFiles/jerry-core.dir/ecma/builtin-objects/typedarray/ecma-builtin-int32array.c.o
[ 47%] Building C object jerry-core/CMakeFiles/jerry-core.dir/ecma/builtin-objects/typedarray/ecma-builtin-int8array-prototype.c.o
[ 65%] Building C object jerry-core/CMakeFiles/jerry-core.dir/ecma/operations/ecma-jobqueue.c.o
[ 65%] Building C object jerry-core/CMakeFiles/jerry-core.dir/ecma/operations/ecma-lex-env.c.o
[ 48%] Building C object jerry-core/CMakeFiles/jerry-core.dir/ecma/builtin-objects/typedarray/ecma-builtin-int8array.c.o
[ 48%] Building C object jerry-core/CMakeFiles/jerry-core.dir/ecma/builtin-objects/typedarray/ecma-builtin-typedarray-prototype.c.o
[ 66%] Building C object jerry-core/CMakeFiles/jerry-core.dir/ecma/operations/ecma-number-arithmetic.c.o
[ 49%] Building C object jerry-core/CMakeFiles/jerry-core.dir/ecma/builtin-objects/typedarray/ecma-builtin-typedarray.c.o
[ 66%] Building C object jerry-core/CMakeFiles/jerry-core.dir/ecma/operations/ecma-number-object.c.o
[ 50%] Building C object jerry-core/CMakeFiles/jerry-core.dir/ecma/builtin-objects/typedarray/ecma-builtin-uint16array-prototype.c.o
[ 67%] Building C object jerry-core/CMakeFiles/jerry-core.dir/ecma/operations/ecma-objects-arguments.c.o
[ 68%] Building C object jerry-core/CMakeFiles/jerry-core.dir/ecma/operations/ecma-objects-general.c.o
[ 50%] Building C object jerry-core/CMakeFiles/jerry-core.dir/ecma/builtin-objects/typedarray/ecma-builtin-uint16array.c.o
[ 51%] Building C object jerry-core/CMakeFiles/jerry-core.dir/ecma/builtin-objects/typedarray/ecma-builtin-uint32array-prototype.c.o
[ 51%] Building C object jerry-core/CMakeFiles/jerry-core.dir/ecma/builtin-objects/typedarray/ecma-builtin-uint32array.c.o
[ 52%] Building C object jerry-core/CMakeFiles/jerry-core.dir/ecma/builtin-objects/typedarray/ecma-builtin-uint8array-prototype.c.o
[ 68%] Building C object jerry-core/CMakeFiles/jerry-core.dir/ecma/operations/ecma-objects.c.o
[ 69%] Building C object jerry-core/CMakeFiles/jerry-core.dir/ecma/operations/ecma-promise-object.c.o
[ 53%] Building C object jerry-core/CMakeFiles/jerry-core.dir/ecma/builtin-objects/typedarray/ecma-builtin-uint8clampedarray-prototype.c.o
[ 53%] Building C object jerry-core/CMakeFiles/jerry-core.dir/ecma/builtin-objects/typedarray/ecma-builtin-uint8array.c.o
[ 69%] Building C object jerry-core/CMakeFiles/jerry-core.dir/ecma/operations/ecma-reference.c.o
[ 54%] Building C object jerry-core/CMakeFiles/jerry-core.dir/ecma/builtin-objects/typedarray/ecma-builtin-uint8clampedarray.c.o
[ 70%] Building C object jerry-core/CMakeFiles/jerry-core.dir/ecma/operations/ecma-regexp-object.c.o
[ 70%] Building C object jerry-core/CMakeFiles/jerry-core.dir/ecma/operations/ecma-string-object.c.o
[ 55%] Building C object jerry-core/CMakeFiles/jerry-core.dir/ecma/operations/ecma-array-object.c.o
[ 71%] Building C object jerry-core/CMakeFiles/jerry-core.dir/ecma/operations/ecma-typedarray-object.c.o
[ 72%] Building C object jerry-core/CMakeFiles/jerry-core.dir/jcontext/jcontext.c.o
[ 72%] Building C object jerry-core/CMakeFiles/jerry-core.dir/jmem/jmem-allocator.c.o
[ 73%] Building C object jerry-core/CMakeFiles/jerry-core.dir/jmem/jmem-heap.c.o
[ 55%] Building C object jerry-core/CMakeFiles/jerry-core.dir/ecma/operations/ecma-arraybuffer-object.c.o
[ 73%] Building C object jerry-core/CMakeFiles/jerry-core.dir/jmem/jmem-poolman.c.o
[ 74%] Building C object jerry-core/CMakeFiles/jerry-core.dir/jrt/jrt-fatals.c.o
[ 56%] Building C object jerry-core/CMakeFiles/jerry-core.dir/ecma/operations/ecma-boolean-object.c.o
[ 74%] Building C object jerry-core/CMakeFiles/jerry-core.dir/lit/lit-char-helpers.c.o
[ 75%] Building C object jerry-core/CMakeFiles/jerry-core.dir/lit/lit-magic-strings.c.o
[ 76%] Building C object jerry-core/CMakeFiles/jerry-core.dir/lit/lit-strings.c.o
[ 57%] Building C object jerry-core/CMakeFiles/jerry-core.dir/ecma/operations/ecma-comparison.c.o
[ 76%] Building C object jerry-core/CMakeFiles/jerry-core.dir/parser/js/byte-code.c.o
[ 77%] Building C object jerry-core/CMakeFiles/jerry-core.dir/parser/js/common.c.o
[ 57%] Building C object jerry-core/CMakeFiles/jerry-core.dir/ecma/operations/ecma-conversion.c.o
[ 77%] Building C object jerry-core/CMakeFiles/jerry-core.dir/parser/js/js-lexer.c.o
[ 78%] Building C object jerry-core/CMakeFiles/jerry-core.dir/parser/js/js-parser-expr.c.o
[ 78%] Building C object jerry-core/CMakeFiles/jerry-core.dir/parser/js/js-parser-mem.c.o
/<<PKGBUILDDIR>>/deps/jerry/jerry-core/parser/js/js-lexer.c:528:44: warning: implicit conversion loses integer precision: 'const lexer_token_type_t' to 'uint8_t' (aka 'unsigned char') [-Wimplicit-int-conversion]
        context_p->token.type = keyword_p->type;
                              ~ ~~~~~~~~~~~^~~~
/<<PKGBUILDDIR>>/deps/jerry/jerry-core/parser/js/js-parser-expr.c:200:33: warning: implicit conversion loses integer precision: 'cbc_opcode_t' to 'uint16_t' (aka 'unsigned short') [-Wimplicit-int-conversion]
    parser_emit_cbc (context_p, opcode);
    ~~~~~~~~~~~~~~~             ^~~~~~
/<<PKGBUILDDIR>>/deps/jerry/jerry-core/parser/js/js-parser-expr.c:571:54: warning: implicit conversion loses integer precision: 'cbc_opcode_t' to 'uint16_t' (aka 'unsigned short') [-Wimplicit-int-conversion]
      parser_emit_cbc_literal_from_token (context_p, opcode);
      ~~~~~~~~~~~~~~~~~~~~~~~~~~~~~~~~~~             ^~~~~~
/<<PKGBUILDDIR>>/deps/jerry/jerry-core/parser/js/js-parser-expr.c:1283:45: warning: implicit conversion loses integer precision: 'cbc_opcode_t' to 'uint16_t' (aka 'unsigned short') [-Wimplicit-int-conversion]
        parser_emit_cbc_literal (context_p, opcode, index);
        ~~~~~~~~~~~~~~~~~~~~~~~             ^~~~~~
/<<PKGBUILDDIR>>/deps/jerry/jerry-core/parser/js/js-parser-expr.c:1338:33: warning: implicit conversion loses integer precision: 'cbc_opcode_t' to 'uint16_t' (aka 'unsigned short') [-Wimplicit-int-conversion]
    parser_emit_cbc (context_p, opcode);
    ~~~~~~~~~~~~~~~             ^~~~~~
/<<PKGBUILDDIR>>/deps/jerry/jerry-core/parser/js/js-parser-expr.c:1424:52: warning: implicit conversion loses integer precision: 'cbc_opcode_t' to 'uint16_t' (aka 'unsigned short') [-Wimplicit-int-conversion]
        parser_emit_cbc_forward_branch (context_p, opcode, &cond_branch);
        ~~~~~~~~~~~~~~~~~~~~~~~~~~~~~~             ^~~~~~
[ 58%] Building C object jerry-core/CMakeFiles/jerry-core.dir/ecma/operations/ecma-eval.c.o
[ 79%] Building C object jerry-core/CMakeFiles/jerry-core.dir/parser/js/js-parser-scanner.c.o
[ 59%] Building C object jerry-core/CMakeFiles/jerry-core.dir/ecma/operations/ecma-exceptions.c.o
5 warnings generated.
[ 80%] Building C object jerry-core/CMakeFiles/jerry-core.dir/parser/js/js-parser-statm.c.o
[ 80%] Building C object jerry-core/CMakeFiles/jerry-core.dir/parser/js/js-parser-util.c.o
[ 59%] Building C object jerry-core/CMakeFiles/jerry-core.dir/ecma/operations/ecma-function-object.c.o
1 warning generated.
[ 81%] Building C object jerry-core/CMakeFiles/jerry-core.dir/parser/js/js-parser.c.o
/<<PKGBUILDDIR>>/deps/jerry/jerry-core/parser/js/js-parser-statm.c:646:49: warning: implicit conversion loses integer precision: 'cbc_opcode_t' to 'uint16_t' (aka 'unsigned short') [-Wimplicit-int-conversion]
    parser_emit_cbc_backward_branch (context_p, opcode, do_while_statement.start_offset);
    ~~~~~~~~~~~~~~~~~~~~~~~~~~~~~~~             ^~~~~~
/<<PKGBUILDDIR>>/deps/jerry/jerry-core/parser/js/js-parser-statm.c:739:47: warning: implicit conversion loses integer precision: 'cbc_opcode_t' to 'uint16_t' (aka 'unsigned short') [-Wimplicit-int-conversion]
  parser_emit_cbc_backward_branch (context_p, opcode, while_statement.start_offset);
  ~~~~~~~~~~~~~~~~~~~~~~~~~~~~~~~             ^~~~~~
/<<PKGBUILDDIR>>/deps/jerry/jerry-core/parser/js/js-parser-util.c:109:55: warning: implicit conversion loses integer precision: 'cbc_ext_opcode_t' to 'uint8_t' (aka 'unsigned char') [-Wimplicit-int-conversion]
    parser_emit_two_bytes (context_p, CBC_EXT_OPCODE, opcode);
    ~~~~~~~~~~~~~~~~~~~~~                             ^~~~~~
/<<PKGBUILDDIR>>/deps/jerry/jerry-core/parser/js/js-parser-statm.c:1007:47: warning: implicit conversion loses integer precision: 'cbc_opcode_t' to 'uint16_t' (aka 'unsigned short') [-Wimplicit-int-conversion]
  parser_emit_cbc_backward_branch (context_p, opcode, for_statement.start_offset);
  ~~~~~~~~~~~~~~~~~~~~~~~~~~~~~~~             ^~~~~~
/<<PKGBUILDDIR>>/deps/jerry/jerry-core/parser/js/js-parser-statm.c:1394:79: warning: implicit conversion loses integer precision: 'cbc_opcode_t' to 'uint16_t' (aka 'unsigned short') [-Wimplicit-int-conversion]
                                                                              opcode,
                                                                              ^~~~~~
/<<PKGBUILDDIR>>/deps/jerry/jerry-core/parser/js/js-parser-statm.c:1437:65: warning: implicit conversion loses integer precision: 'cbc_opcode_t' to 'uint16_t' (aka 'unsigned short') [-Wimplicit-int-conversion]
                                                                opcode,
                                                                ^~~~~~
/<<PKGBUILDDIR>>/deps/jerry/jerry-core/parser/js/js-parser-util.c:341:37: warning: implicit conversion loses integer precision: 'cbc_opcode_t' to 'uint8_t' (aka 'unsigned char') [-Wimplicit-int-conversion]
  parser_emit_two_bytes (context_p, opcode, (uint8_t) (value - 1));
  ~~~~~~~~~~~~~~~~~~~~~             ^~~~~~
/<<PKGBUILDDIR>>/deps/jerry/jerry-core/parser/js/js-parser-statm.c:1493:69: warning: implicit conversion loses integer precision: 'cbc_opcode_t' to 'uint16_t' (aka 'unsigned short') [-Wimplicit-int-conversion]
                                                                    opcode,
                                                                    ^~~~~~
/<<PKGBUILDDIR>>/deps/jerry/jerry-core/parser/js/js-parser-statm.c:1550:65: warning: implicit conversion loses integer precision: 'cbc_opcode_t' to 'uint16_t' (aka 'unsigned short') [-Wimplicit-int-conversion]
                                                                opcode,
                                                                ^~~~~~
/<<PKGBUILDDIR>>/deps/jerry/jerry-core/parser/js/js-parser.c:1711:16: warning: implicit conversion loses integer precision: 'cbc_opcode_t' to 'uint8_t' (aka 'unsigned char') [-Wimplicit-int-conversion]
    *dst_p++ = opcode;
             ~ ^~~~~~
/<<PKGBUILDDIR>>/deps/jerry/jerry-core/parser/js/js-parser.c:1733:18: warning: implicit conversion loses integer precision: 'cbc_ext_opcode_t' to 'uint8_t' (aka 'unsigned char') [-Wimplicit-int-conversion]
      *dst_p++ = ext_opcode;
               ~ ^~~~~~~~~~
2 warnings generated.
[ 81%] Building C object jerry-core/CMakeFiles/jerry-core.dir/parser/regexp/re-bytecode.c.o
[ 60%] Building C object jerry-core/CMakeFiles/jerry-core.dir/ecma/operations/ecma-get-put-value.c.o
[ 82%] Building C object jerry-core/CMakeFiles/jerry-core.dir/parser/regexp/re-compiler.c.o
7 warnings generated.
[ 61%] Building C object jerry-core/CMakeFiles/jerry-core.dir/ecma/operations/ecma-jobqueue.c.o
[ 82%] Building C object jerry-core/CMakeFiles/jerry-core.dir/parser/regexp/re-parser.c.o
[ 61%] Building C object jerry-core/CMakeFiles/jerry-core.dir/ecma/operations/ecma-lex-env.c.o
[ 83%] Building C object jerry-core/CMakeFiles/jerry-core.dir/vm/opcodes-ecma-arithmetics.c.o
2 warnings generated.
[ 84%] Building C object jerry-core/CMakeFiles/jerry-core.dir/vm/opcodes-ecma-bitwise.c.o
[ 84%] Building C object jerry-core/CMakeFiles/jerry-core.dir/vm/opcodes-ecma-equality.c.o
[ 85%] Building C object jerry-core/CMakeFiles/jerry-core.dir/vm/opcodes-ecma-relational.c.o
[ 62%] Building C object jerry-core/CMakeFiles/jerry-core.dir/ecma/operations/ecma-number-arithmetic.c.o
[ 85%] Building C object jerry-core/CMakeFiles/jerry-core.dir/vm/opcodes.c.o
[ 86%] Building C object jerry-core/CMakeFiles/jerry-core.dir/vm/vm-stack.c.o
[ 63%] Building C object jerry-core/CMakeFiles/jerry-core.dir/ecma/operations/ecma-number-object.c.o
[ 87%] Building C object jerry-core/CMakeFiles/jerry-core.dir/vm/vm.c.o
[ 63%] Building C object jerry-core/CMakeFiles/jerry-core.dir/ecma/operations/ecma-objects-arguments.c.o
[ 64%] Building C object jerry-core/CMakeFiles/jerry-core.dir/ecma/operations/ecma-objects-general.c.o
[ 65%] Building C object jerry-core/CMakeFiles/jerry-core.dir/ecma/operations/ecma-objects.c.o
[ 65%] Building C object jerry-core/CMakeFiles/jerry-core.dir/ecma/operations/ecma-promise-object.c.o
[ 66%] Building C object jerry-core/CMakeFiles/jerry-core.dir/ecma/operations/ecma-reference.c.o
[ 67%] Building C object jerry-core/CMakeFiles/jerry-core.dir/ecma/operations/ecma-regexp-object.c.o
[ 67%] Building C object jerry-core/CMakeFiles/jerry-core.dir/ecma/operations/ecma-string-object.c.o
[ 68%] Building C object jerry-core/CMakeFiles/jerry-core.dir/ecma/operations/ecma-typedarray-object.c.o
[ 87%] Linking C static library ../lib/libjerry-core.a
[ 69%] Building C object jerry-core/CMakeFiles/jerry-core.dir/jcontext/jcontext.c.o
[ 69%] Building C object jerry-core/CMakeFiles/jerry-core.dir/jmem/jmem-allocator.c.o
[ 70%] Building C object jerry-core/CMakeFiles/jerry-core.dir/jmem/jmem-heap.c.o
make[6]: Leaving directory '/<<PKGBUILDDIR>>/obj-x86_64-linux-gnu/deps/jerry-host'
[ 87%] Built target jerry-core
make[6]: Entering directory '/<<PKGBUILDDIR>>/obj-x86_64-linux-gnu/deps/jerry-host'
Scanning dependencies of target jerry-port-default-minimal
make[6]: Leaving directory '/<<PKGBUILDDIR>>/obj-x86_64-linux-gnu/deps/jerry-host'
make[6]: Entering directory '/<<PKGBUILDDIR>>/obj-x86_64-linux-gnu/deps/jerry-host'
[ 71%] Building C object jerry-core/CMakeFiles/jerry-core.dir/jmem/jmem-poolman.c.o
[ 88%] Building C object jerry-port/default/CMakeFiles/jerry-port-default-minimal.dir/default-date.c.o
[ 71%] Building C object jerry-core/CMakeFiles/jerry-core.dir/jrt/jrt-fatals.c.o
[ 72%] Building C object jerry-core/CMakeFiles/jerry-core.dir/lit/lit-char-helpers.c.o
[ 88%] Building C object jerry-port/default/CMakeFiles/jerry-port-default-minimal.dir/default-external-context.c.o
[ 73%] Building C object jerry-core/CMakeFiles/jerry-core.dir/lit/lit-magic-strings.c.o
[ 73%] Building C object jerry-core/CMakeFiles/jerry-core.dir/lit/lit-strings.c.o
[ 89%] Building C object jerry-port/default/CMakeFiles/jerry-port-default-minimal.dir/default-fatal.c.o
/<<PKGBUILDDIR>>/deps/jerry/jerry-port/default/default-fatal.c:76:11: warning: implicit conversion changes signedness: 'jerry_fatal_code_t' to 'int' [-Wsign-conversion]
    exit (code);
    ~~~~  ^~~~
1 warning generated.
[ 89%] Building C object jerry-port/default/CMakeFiles/jerry-port-default-minimal.dir/default-io.c.o
[ 74%] Building C object jerry-core/CMakeFiles/jerry-core.dir/parser/js/byte-code.c.o
[ 90%] Building C object jerry-port/default/CMakeFiles/jerry-port-default-minimal.dir/defaultx-handler.c.o
[ 75%] Building C object jerry-core/CMakeFiles/jerry-core.dir/parser/js/common.c.o
[ 91%] Linking C static library ../../lib/libjerry-port-default-minimal.a
[ 75%] Building C object jerry-core/CMakeFiles/jerry-core.dir/parser/js/js-lexer.c.o
make[6]: Leaving directory '/<<PKGBUILDDIR>>/obj-x86_64-linux-gnu/deps/jerry-host'
[ 91%] Built target jerry-port-default-minimal
make[6]: Entering directory '/<<PKGBUILDDIR>>/obj-x86_64-linux-gnu/deps/jerry-host'
Scanning dependencies of target jerry-port-default
make[6]: Leaving directory '/<<PKGBUILDDIR>>/obj-x86_64-linux-gnu/deps/jerry-host'
[ 76%] Building C object jerry-core/CMakeFiles/jerry-core.dir/parser/js/js-parser-expr.c.o
make[6]: Entering directory '/<<PKGBUILDDIR>>/obj-x86_64-linux-gnu/deps/jerry-host'
[ 91%] Building C object jerry-port/default/CMakeFiles/jerry-port-default.dir/default-date.c.o
[ 76%] Building C object jerry-core/CMakeFiles/jerry-core.dir/parser/js/js-parser-mem.c.o
/<<PKGBUILDDIR>>/deps/jerry/jerry-core/parser/js/js-lexer.c:528:44: warning: implicit conversion loses integer precision: 'const lexer_token_type_t' to 'uint8_t' (aka 'unsigned char') [-Wimplicit-int-conversion]
        context_p->token.type = keyword_p->type;
                              ~ ~~~~~~~~~~~^~~~
/<<PKGBUILDDIR>>/deps/jerry/jerry-core/parser/js/js-parser-expr.c:200:33: warning: implicit conversion loses integer precision: 'cbc_opcode_t' to 'uint16_t' (aka 'unsigned short') [-Wimplicit-int-conversion]
    parser_emit_cbc (context_p, opcode);
    ~~~~~~~~~~~~~~~             ^~~~~~
/<<PKGBUILDDIR>>/deps/jerry/jerry-core/parser/js/js-parser-expr.c:571:54: warning: implicit conversion loses integer precision: 'cbc_opcode_t' to 'uint16_t' (aka 'unsigned short') [-Wimplicit-int-conversion]
      parser_emit_cbc_literal_from_token (context_p, opcode);
      ~~~~~~~~~~~~~~~~~~~~~~~~~~~~~~~~~~             ^~~~~~
/<<PKGBUILDDIR>>/deps/jerry/jerry-core/parser/js/js-parser-expr.c:1283:45: warning: implicit conversion loses integer precision: 'cbc_opcode_t' to 'uint16_t' (aka 'unsigned short') [-Wimplicit-int-conversion]
        parser_emit_cbc_literal (context_p, opcode, index);
        ~~~~~~~~~~~~~~~~~~~~~~~             ^~~~~~
/<<PKGBUILDDIR>>/deps/jerry/jerry-core/parser/js/js-parser-expr.c:1338:33: warning: implicit conversion loses integer precision: 'cbc_opcode_t' to 'uint16_t' (aka 'unsigned short') [-Wimplicit-int-conversion]
    parser_emit_cbc (context_p, opcode);
    ~~~~~~~~~~~~~~~             ^~~~~~
/<<PKGBUILDDIR>>/deps/jerry/jerry-core/parser/js/js-parser-expr.c:1424:52: warning: implicit conversion loses integer precision: 'cbc_opcode_t' to 'uint16_t' (aka 'unsigned short') [-Wimplicit-int-conversion]
        parser_emit_cbc_forward_branch (context_p, opcode, &cond_branch);
        ~~~~~~~~~~~~~~~~~~~~~~~~~~~~~~             ^~~~~~
[ 92%] Building C object jerry-port/default/CMakeFiles/jerry-port-default.dir/default-external-context.c.o
[ 92%] Building C object jerry-port/default/CMakeFiles/jerry-port-default.dir/default-fatal.c.o
/<<PKGBUILDDIR>>/deps/jerry/jerry-port/default/default-fatal.c:76:11: warning: implicit conversion changes signedness: 'jerry_fatal_code_t' to 'int' [-Wsign-conversion]
    exit (code);
    ~~~~  ^~~~
1 warning generated.
[ 77%] Building C object jerry-core/CMakeFiles/jerry-core.dir/parser/js/js-parser-scanner.c.o
[ 93%] Building C object jerry-port/default/CMakeFiles/jerry-port-default.dir/default-io.c.o
[ 93%] Building C object jerry-port/default/CMakeFiles/jerry-port-default.dir/defaultx-handler.c.o
[ 94%] Linking C static library ../../lib/libjerry-port-default.a
[ 78%] Building C object jerry-core/CMakeFiles/jerry-core.dir/parser/js/js-parser-statm.c.o
make[6]: Leaving directory '/<<PKGBUILDDIR>>/obj-x86_64-linux-gnu/deps/jerry-host'
5 warnings generated.
[ 94%] Built target jerry-port-default
[ 78%] Building C object jerry-core/CMakeFiles/jerry-core.dir/parser/js/js-parser-util.c.o
make[6]: Entering directory '/<<PKGBUILDDIR>>/obj-x86_64-linux-gnu/deps/jerry-host'
Scanning dependencies of target jerry-ext
make[6]: Leaving directory '/<<PKGBUILDDIR>>/obj-x86_64-linux-gnu/deps/jerry-host'
make[6]: Entering directory '/<<PKGBUILDDIR>>/obj-x86_64-linux-gnu/deps/jerry-host'
[ 95%] Building C object jerry-ext/CMakeFiles/jerry-ext.dir/arg/arg-js-iterator-helper.c.o
/<<PKGBUILDDIR>>/deps/jerry/jerry-core/parser/js/js-parser-statm.c:646:49: warning: implicit conversion loses integer precision: 'cbc_opcode_t' to 'uint16_t' (aka 'unsigned short') [-Wimplicit-int-conversion]
    parser_emit_cbc_backward_branch (context_p, opcode, do_while_statement.start_offset);
    ~~~~~~~~~~~~~~~~~~~~~~~~~~~~~~~             ^~~~~~
/<<PKGBUILDDIR>>/deps/jerry/jerry-core/parser/js/js-parser-statm.c:739:47: warning: implicit conversion loses integer precision: 'cbc_opcode_t' to 'uint16_t' (aka 'unsigned short') [-Wimplicit-int-conversion]
  parser_emit_cbc_backward_branch (context_p, opcode, while_statement.start_offset);
  ~~~~~~~~~~~~~~~~~~~~~~~~~~~~~~~             ^~~~~~
/<<PKGBUILDDIR>>/deps/jerry/jerry-core/parser/js/js-parser-statm.c:1007:47: warning: implicit conversion loses integer precision: 'cbc_opcode_t' to 'uint16_t' (aka 'unsigned short') [-Wimplicit-int-conversion]
  parser_emit_cbc_backward_branch (context_p, opcode, for_statement.start_offset);
  ~~~~~~~~~~~~~~~~~~~~~~~~~~~~~~~             ^~~~~~
/<<PKGBUILDDIR>>/deps/jerry/jerry-core/parser/js/js-parser-statm.c:1394:79: warning: implicit conversion loses integer precision: 'cbc_opcode_t' to 'uint16_t' (aka 'unsigned short') [-Wimplicit-int-conversion]
                                                                              opcode,
                                                                              ^~~~~~
/<<PKGBUILDDIR>>/deps/jerry/jerry-core/parser/js/js-parser-statm.c:1437:65: warning: implicit conversion loses integer precision: 'cbc_opcode_t' to 'uint16_t' (aka 'unsigned short') [-Wimplicit-int-conversion]
                                                                opcode,
                                                                ^~~~~~
/<<PKGBUILDDIR>>/deps/jerry/jerry-core/parser/js/js-parser-statm.c:1493:69: warning: implicit conversion loses integer precision: 'cbc_opcode_t' to 'uint16_t' (aka 'unsigned short') [-Wimplicit-int-conversion]
                                                                    opcode,
                                                                    ^~~~~~
/<<PKGBUILDDIR>>/deps/jerry/jerry-core/parser/js/js-parser-statm.c:1550:65: warning: implicit conversion loses integer precision: 'cbc_opcode_t' to 'uint16_t' (aka 'unsigned short') [-Wimplicit-int-conversion]
                                                                opcode,
                                                                ^~~~~~
/<<PKGBUILDDIR>>/deps/jerry/jerry-core/parser/js/js-parser-util.c:109:55: warning: implicit conversion loses integer precision: 'cbc_ext_opcode_t' to 'uint8_t' (aka 'unsigned char') [-Wimplicit-int-conversion]
    parser_emit_two_bytes (context_p, CBC_EXT_OPCODE, opcode);
    ~~~~~~~~~~~~~~~~~~~~~                             ^~~~~~
/<<PKGBUILDDIR>>/deps/jerry/jerry-core/parser/js/js-parser-util.c:341:37: warning: implicit conversion loses integer precision: 'cbc_opcode_t' to 'uint8_t' (aka 'unsigned char') [-Wimplicit-int-conversion]
  parser_emit_two_bytes (context_p, opcode, (uint8_t) (value - 1));
  ~~~~~~~~~~~~~~~~~~~~~             ^~~~~~
1 warning generated.
[ 95%] Building C object jerry-ext/CMakeFiles/jerry-ext.dir/arg/arg-transform-functions.c.o
[ 79%] Building C object jerry-core/CMakeFiles/jerry-core.dir/parser/js/js-parser.c.o
/<<PKGBUILDDIR>>/deps/jerry/jerry-core/parser/js/js-parser.c:1711:16: warning: implicit conversion loses integer precision: 'cbc_opcode_t' to 'uint8_t' (aka 'unsigned char') [-Wimplicit-int-conversion]
    *dst_p++ = opcode;
             ~ ^~~~~~
/<<PKGBUILDDIR>>/deps/jerry/jerry-core/parser/js/js-parser.c:1733:18: warning: implicit conversion loses integer precision: 'cbc_ext_opcode_t' to 'uint8_t' (aka 'unsigned char') [-Wimplicit-int-conversion]
      *dst_p++ = ext_opcode;
               ~ ^~~~~~~~~~
[ 96%] Building C object jerry-ext/CMakeFiles/jerry-ext.dir/arg/arg.c.o
2 warnings generated.
[ 80%] Building C object jerry-core/CMakeFiles/jerry-core.dir/parser/regexp/re-bytecode.c.o
[ 96%] Building C object jerry-ext/CMakeFiles/jerry-ext.dir/handler/handler-assert.c.o
[ 97%] Building C object jerry-ext/CMakeFiles/jerry-ext.dir/handler/handler-gc.c.o
[ 80%] Building C object jerry-core/CMakeFiles/jerry-core.dir/parser/regexp/re-compiler.c.o
[ 98%] Building C object jerry-ext/CMakeFiles/jerry-ext.dir/handler/handler-print.c.o
7 warnings generated.
[ 81%] Building C object jerry-core/CMakeFiles/jerry-core.dir/parser/regexp/re-parser.c.o
[ 98%] Building C object jerry-ext/CMakeFiles/jerry-ext.dir/handler/handler-register.c.o
[ 99%] Linking C static library ../lib/libjerry-ext.a
[ 82%] Building C object jerry-core/CMakeFiles/jerry-core.dir/vm/opcodes-ecma-arithmetics.c.o
make[6]: Leaving directory '/<<PKGBUILDDIR>>/obj-x86_64-linux-gnu/deps/jerry-host'
[ 99%] Built target jerry-ext
make[6]: Entering directory '/<<PKGBUILDDIR>>/obj-x86_64-linux-gnu/deps/jerry-host'
Scanning dependencies of target jerry
make[6]: Leaving directory '/<<PKGBUILDDIR>>/obj-x86_64-linux-gnu/deps/jerry-host'
make[6]: Entering directory '/<<PKGBUILDDIR>>/obj-x86_64-linux-gnu/deps/jerry-host'
[ 99%] Building C object jerry-main/CMakeFiles/jerry.dir/main-unix.c.o
2 warnings generated.
[ 82%] Building C object jerry-core/CMakeFiles/jerry-core.dir/vm/opcodes-ecma-bitwise.c.o
[ 83%] Building C object jerry-core/CMakeFiles/jerry-core.dir/vm/opcodes-ecma-equality.c.o
[ 84%] Building C object jerry-core/CMakeFiles/jerry-core.dir/vm/opcodes-ecma-relational.c.o
[ 84%] Building C object jerry-core/CMakeFiles/jerry-core.dir/vm/opcodes.c.o
[ 85%] Building C object jerry-core/CMakeFiles/jerry-core.dir/vm/vm-stack.c.o
[100%] Building C object jerry-main/CMakeFiles/jerry.dir/cli.c.o
[ 86%] Building C object jerry-core/CMakeFiles/jerry-core.dir/vm/vm.c.o
[100%] Linking C executable ../bin/jerry
/usr/bin/ld: /usr/lib/llvm-10/bin/../lib/LLVMgold.so: error loading plugin: /usr/lib/llvm-10/bin/../lib/LLVMgold.so: cannot open shared object file: No such file or directory
clang: error: linker command failed with exit code 1 (use -v to see invocation)
make[6]: *** [jerry-main/CMakeFiles/jerry.dir/build.make:104: bin/jerry] Error 1
make[6]: Leaving directory '/<<PKGBUILDDIR>>/obj-x86_64-linux-gnu/deps/jerry-host'
make[5]: *** [CMakeFiles/Makefile2:321: jerry-main/CMakeFiles/jerry.dir/all] Error 2
make[5]: Leaving directory '/<<PKGBUILDDIR>>/obj-x86_64-linux-gnu/deps/jerry-host'
make[4]: *** [Makefile:130: all] Error 2
make[4]: Leaving directory '/<<PKGBUILDDIR>>/obj-x86_64-linux-gnu/deps/jerry-host'
make[3]: *** [CMakeFiles/hostjerry.dir/build.make:115: deps/jerry-host/src/hostjerry-stamp/hostjerry-build] Error 2
make[3]: Leaving directory '/<<PKGBUILDDIR>>/obj-x86_64-linux-gnu'
make[2]: *** [CMakeFiles/Makefile2:230: CMakeFiles/hostjerry.dir/all] Error 2
make[2]: *** Waiting for unfinished jobs....
[ 86%] Linking C static library ../lib/libjerry-core.a
make[6]: Leaving directory '/<<PKGBUILDDIR>>/obj-x86_64-linux-gnu/deps/jerry'
[ 86%] Built target jerry-core
make[6]: Entering directory '/<<PKGBUILDDIR>>/obj-x86_64-linux-gnu/deps/jerry'
make[6]: Entering directory '/<<PKGBUILDDIR>>/obj-x86_64-linux-gnu/deps/jerry'
make[6]: Entering directory '/<<PKGBUILDDIR>>/obj-x86_64-linux-gnu/deps/jerry'
Scanning dependencies of target jerry-ext
make[6]: Leaving directory '/<<PKGBUILDDIR>>/obj-x86_64-linux-gnu/deps/jerry'
make[6]: Entering directory '/<<PKGBUILDDIR>>/obj-x86_64-linux-gnu/deps/jerry'
Scanning dependencies of target jerry-port-default
Scanning dependencies of target jerry-port-default-minimal
make[6]: Leaving directory '/<<PKGBUILDDIR>>/obj-x86_64-linux-gnu/deps/jerry'
make[6]: Leaving directory '/<<PKGBUILDDIR>>/obj-x86_64-linux-gnu/deps/jerry'
make[6]: Entering directory '/<<PKGBUILDDIR>>/obj-x86_64-linux-gnu/deps/jerry'
make[6]: Entering directory '/<<PKGBUILDDIR>>/obj-x86_64-linux-gnu/deps/jerry'
[ 87%] Building C object jerry-ext/CMakeFiles/jerry-ext.dir/arg/arg-transform-functions.c.o
[ 88%] Building C object jerry-ext/CMakeFiles/jerry-ext.dir/arg/arg-js-iterator-helper.c.o
[ 88%] Building C object jerry-port/default/CMakeFiles/jerry-port-default.dir/default-date.c.o
[ 88%] Building C object jerry-port/default/CMakeFiles/jerry-port-default-minimal.dir/default-date.c.o
[ 88%] Building C object jerry-ext/CMakeFiles/jerry-ext.dir/arg/arg.c.o
[ 89%] Building C object jerry-port/default/CMakeFiles/jerry-port-default-minimal.dir/default-external-context.c.o
[ 90%] Building C object jerry-port/default/CMakeFiles/jerry-port-default.dir/default-external-context.c.o
[ 91%] Building C object jerry-ext/CMakeFiles/jerry-ext.dir/handler/handler-assert.c.o
[ 92%] Building C object jerry-port/default/CMakeFiles/jerry-port-default.dir/default-fatal.c.o
[ 93%] Building C object jerry-port/default/CMakeFiles/jerry-port-default-minimal.dir/default-fatal.c.o
[ 94%] Building C object jerry-ext/CMakeFiles/jerry-ext.dir/handler/handler-gc.c.o
[ 94%] Building C object jerry-ext/CMakeFiles/jerry-ext.dir/handler/handler-print.c.o
/<<PKGBUILDDIR>>/deps/jerry/jerry-port/default/default-fatal.c:76:11: warning: implicit conversion changes signedness: 'jerry_fatal_code_t' to 'int' [-Wsign-conversion]
    exit (code);
    ~~~~  ^~~~
/<<PKGBUILDDIR>>/deps/jerry/jerry-port/default/default-fatal.c:76:11: warning: implicit conversion changes signedness: 'jerry_fatal_code_t' to 'int' [-Wsign-conversion]
    exit (code);
    ~~~~  ^~~~
1 warning generated.
1 warning generated.
[ 95%] Building C object jerry-ext/CMakeFiles/jerry-ext.dir/handler/handler-register.c.o
[ 95%] Building C object jerry-port/default/CMakeFiles/jerry-port-default-minimal.dir/default-io.c.o
[ 95%] Building C object jerry-port/default/CMakeFiles/jerry-port-default.dir/default-io.c.o
[ 96%] Building C object jerry-port/default/CMakeFiles/jerry-port-default.dir/defaultx-handler.c.o
[ 97%] Linking C static library ../lib/libjerry-ext.a
[ 98%] Building C object jerry-port/default/CMakeFiles/jerry-port-default-minimal.dir/defaultx-handler.c.o
make[6]: Leaving directory '/<<PKGBUILDDIR>>/obj-x86_64-linux-gnu/deps/jerry'
[ 98%] Built target jerry-ext
[ 99%] Linking C static library ../../lib/libjerry-port-default.a
[100%] Linking C static library ../../lib/libjerry-port-default-minimal.a
make[6]: Leaving directory '/<<PKGBUILDDIR>>/obj-x86_64-linux-gnu/deps/jerry'
[100%] Built target jerry-port-default
make[6]: Leaving directory '/<<PKGBUILDDIR>>/obj-x86_64-linux-gnu/deps/jerry'
[100%] Built target jerry-port-default-minimal
make[5]: Leaving directory '/<<PKGBUILDDIR>>/obj-x86_64-linux-gnu/deps/jerry'
make[4]: Leaving directory '/<<PKGBUILDDIR>>/obj-x86_64-linux-gnu/deps/jerry'
cd /<<PKGBUILDDIR>>/obj-x86_64-linux-gnu/deps/jerry && /usr/bin/cmake -E touch /<<PKGBUILDDIR>>/obj-x86_64-linux-gnu/deps/jerry/src/libjerry-stamp/libjerry-build
[ 47%] Performing install step for 'libjerry'
cd /<<PKGBUILDDIR>>/obj-x86_64-linux-gnu/deps/jerry && /usr/bin/cmake -E copy_directory /<<PKGBUILDDIR>>/obj-x86_64-linux-gnu/deps/jerry/lib/ /<<PKGBUILDDIR>>/obj-x86_64-linux-gnu/lib/
cd /<<PKGBUILDDIR>>/obj-x86_64-linux-gnu/deps/jerry && /usr/bin/cmake -E touch /<<PKGBUILDDIR>>/obj-x86_64-linux-gnu/deps/jerry/src/libjerry-stamp/libjerry-install
[ 49%] Completed 'libjerry'
/usr/bin/cmake -E make_directory /<<PKGBUILDDIR>>/obj-x86_64-linux-gnu/CMakeFiles
/usr/bin/cmake -E touch /<<PKGBUILDDIR>>/obj-x86_64-linux-gnu/CMakeFiles/libjerry-complete
/usr/bin/cmake -E touch /<<PKGBUILDDIR>>/obj-x86_64-linux-gnu/deps/jerry/src/libjerry-stamp/libjerry-done
make[3]: Leaving directory '/<<PKGBUILDDIR>>/obj-x86_64-linux-gnu'
[ 49%] Built target libjerry
make[2]: Leaving directory '/<<PKGBUILDDIR>>/obj-x86_64-linux-gnu'
make[1]: *** [Makefile:133: all] Error 2
make[1]: Leaving directory '/<<PKGBUILDDIR>>/obj-x86_64-linux-gnu'
dh_auto_build: error: cd obj-x86_64-linux-gnu && make -j4 returned exit code 2
make: *** [debian/rules:32: build] Error 25
dpkg-buildpackage: error: debian/rules build subprocess returned exit status 2
--------------------------------------------------------------------------------
Build finished at 2020-05-03T04:55:10Z

Finished
--------


+------------------------------------------------------------------------------+
| Cleanup                                                                      |
+------------------------------------------------------------------------------+

Purging /<<BUILDDIR>>
Not cleaning session: cloned chroot in use
E: Build failure (dpkg-buildpackage died)

+------------------------------------------------------------------------------+
| Summary                                                                      |
+------------------------------------------------------------------------------+

Build Architecture: amd64
Build Type: binary
Build-Space: 50048
Build-Time: 13
Distribution: unstable
Fail-Stage: build
Host Architecture: amd64
Install-Time: 11
Job: iotjs_1.0-1
Machine Architecture: amd64
Package: iotjs
Package-Time: 39
Source-Version: 1.0-1
Space: 50048
Status: attempted
Version: 1.0-1
--------------------------------------------------------------------------------
Finished at 2020-05-03T04:55:10Z
Build needed 00:00:39, 50048k disk space
E: Build failure (dpkg-buildpackage died)
DC-Status: Failed 40.274440388s
DC-Time-Estimation: 40.274440388 versus expected 122 (r/m: 2.02921651609964 ; m: 40.274440388)
