DC-Build-Header: mandos 1.8.11-1 / 2020-05-03 05:05:00 +0000
DC-Task: type:rebuild-binarch-only source:mandos version:1.8.11-1 chroot:unstable esttime:76 logfile:/tmp/mandos_1.8.11-1_unstable_clang10.log modes:clang10:binarch-only
DC-Sbuild-call: su user42 -c 'sbuild -n --arch-any --apt-update -d unstable -v --no-run-lintian --chroot-setup-commands=/tmp/clang10 mandos_1.8.11-1'
sbuild (Debian sbuild) 0.78.1 (09 February 2019) on ip-172-31-12-8.eu-central-1.compute.internal

+==============================================================================+
| mandos 1.8.11-1 (amd64)                      Sun, 03 May 2020 05:05:00 +0000 |
+==============================================================================+

Package: mandos
Version: 1.8.11-1
Source Version: 1.8.11-1
Distribution: unstable
Machine Architecture: amd64
Host Architecture: amd64
Build Architecture: amd64
Build Type: binary

I: NOTICE: Log filtering will replace 'var/run/schroot/mount/sid-amd64-sbuild-e18025cb-a37e-48d8-8f05-52356572ca12' with '<<CHROOT>>'

+------------------------------------------------------------------------------+
| Chroot Setup Commands                                                        |
+------------------------------------------------------------------------------+


/tmp/clang10
------------

+ echo 'Entering customization script...'
Entering customization script...
+ CLANG_VERSION=10
+ echo 'Install of clang-10'
Install of clang-10
+ apt-get update
Get:1 http://127.0.0.1:12990/debian sid InRelease [146 kB]
Get:2 http://127.0.0.1:12990/debian sid/main Sources.diff/Index [27.9 kB]
Get:3 http://127.0.0.1:12990/debian sid/main amd64 Packages.diff/Index [27.9 kB]
Get:4 http://127.0.0.1:12990/debian sid/main Sources 2020-05-02-0208.16.pdiff [3982 B]
Get:5 http://127.0.0.1:12990/debian sid/main Sources 2020-05-02-0807.49.pdiff [10.9 kB]
Get:6 http://127.0.0.1:12990/debian sid/main Sources 2020-05-02-1412.30.pdiff [12.9 kB]
Get:7 http://127.0.0.1:12990/debian sid/main Sources 2020-05-02-2007.10.pdiff [13.4 kB]
Get:8 http://127.0.0.1:12990/debian sid/main Sources 2020-05-03-0208.39.pdiff [9476 B]
Get:8 http://127.0.0.1:12990/debian sid/main Sources 2020-05-03-0208.39.pdiff [9476 B]
Get:9 http://127.0.0.1:12990/debian sid/main amd64 Packages 2020-05-02-0208.16.pdiff [2772 B]
Get:10 http://127.0.0.1:12990/debian sid/main amd64 Packages 2020-05-02-0807.49.pdiff [3238 B]
Get:11 http://127.0.0.1:12990/debian sid/main amd64 Packages 2020-05-02-1412.30.pdiff [7641 B]
Get:12 http://127.0.0.1:12990/debian sid/main amd64 Packages 2020-05-02-2007.10.pdiff [10.5 kB]
Get:13 http://127.0.0.1:12990/debian sid/main amd64 Packages 2020-05-03-0208.39.pdiff [18.4 kB]
Get:13 http://127.0.0.1:12990/debian sid/main amd64 Packages 2020-05-03-0208.39.pdiff [18.4 kB]
Get:14 http://127.0.0.1:12990/debian sid/main Translation-en [6185 kB]
Fetched 6480 kB in 2s (3929 kB/s)
Reading package lists...
+ apt-get install --yes --no-install-recommends --force-yes clang-10 libomp-10-dev libobjc-9-dev
Reading package lists...
Building dependency tree...
The following additional packages will be installed:
  gcc-10-base lib32gcc-s1 lib32gcc1 lib32stdc++6 libatomic1 libbsd0 libc6-i386
  libcc1-0 libclang-common-10-dev libclang-cpp10 libclang1-10 libedit2
  libgc1c2 libgcc-s1 libgomp1 libitm1 libllvm10 liblsan0 libobjc4 libomp5-10
  libquadmath0 libstdc++6 libtsan0 libubsan1 libz3-4
Suggested packages:
  clang-10-doc libomp-10-doc
Recommended packages:
  llvm-10-dev python3
The following NEW packages will be installed:
  clang-10 lib32gcc-s1 lib32gcc1 lib32stdc++6 libbsd0 libc6-i386
  libclang-common-10-dev libclang-cpp10 libclang1-10 libedit2 libgc1c2
  libllvm10 libobjc-9-dev libobjc4 libomp-10-dev libomp5-10 libz3-4
The following packages will be upgraded:
  gcc-10-base libatomic1 libcc1-0 libgcc-s1 libgomp1 libitm1 liblsan0
  libquadmath0 libstdc++6 libtsan0 libubsan1
11 upgraded, 17 newly installed, 0 to remove and 0 not upgraded.
Need to get 51.4 MB of archives.
After this operation, 259 MB of additional disk space will be used.
Get:1 http://127.0.0.1:12990/debian sid/main amd64 libatomic1 amd64 10-20200502-1 [9048 B]
Get:2 http://127.0.0.1:12990/debian sid/main amd64 libubsan1 amd64 10-20200502-1 [134 kB]
Get:3 http://127.0.0.1:12990/debian sid/main amd64 libtsan0 amd64 10-20200502-1 [313 kB]
Get:4 http://127.0.0.1:12990/debian sid/main amd64 gcc-10-base amd64 10-20200502-1 [197 kB]
Get:5 http://127.0.0.1:12990/debian sid/main amd64 libstdc++6 amd64 10-20200502-1 [492 kB]
Get:6 http://127.0.0.1:12990/debian sid/main amd64 libquadmath0 amd64 10-20200502-1 [145 kB]
Get:7 http://127.0.0.1:12990/debian sid/main amd64 liblsan0 amd64 10-20200502-1 [141 kB]
Get:8 http://127.0.0.1:12990/debian sid/main amd64 libitm1 amd64 10-20200502-1 [25.7 kB]
Get:9 http://127.0.0.1:12990/debian sid/main amd64 libgomp1 amd64 10-20200502-1 [99.3 kB]
Get:10 http://127.0.0.1:12990/debian sid/main amd64 libcc1-0 amd64 10-20200502-1 [39.7 kB]
Get:11 http://127.0.0.1:12990/debian sid/main amd64 libgcc-s1 amd64 10-20200502-1 [41.2 kB]
Get:12 http://127.0.0.1:12990/debian sid/main amd64 libbsd0 amd64 0.10.0-1 [107 kB]
Get:13 http://127.0.0.1:12990/debian sid/main amd64 libedit2 amd64 3.1-20191231-1 [95.4 kB]
Get:14 http://127.0.0.1:12990/debian sid/main amd64 libz3-4 amd64 4.8.7-4 [6790 kB]
Get:15 http://127.0.0.1:12990/debian sid/main amd64 libllvm10 amd64 1:10.0.0-4 [15.5 MB]
Get:16 http://127.0.0.1:12990/debian sid/main amd64 libclang-cpp10 amd64 1:10.0.0-4 [10.1 MB]
Get:17 http://127.0.0.1:12990/debian sid/main amd64 libgc1c2 amd64 1:7.6.4-0.4 [224 kB]
Get:18 http://127.0.0.1:12990/debian sid/main amd64 libobjc4 amd64 10-20200502-1 [41.6 kB]
Get:19 http://127.0.0.1:12990/debian sid/main amd64 libobjc-9-dev amd64 9.3.0-11 [218 kB]
Get:20 http://127.0.0.1:12990/debian sid/main amd64 libc6-i386 amd64 2.30-4 [2926 kB]
Get:21 http://127.0.0.1:12990/debian sid/main amd64 lib32gcc-s1 amd64 10-20200502-1 [49.4 kB]
Get:22 http://127.0.0.1:12990/debian sid/main amd64 lib32gcc1 amd64 1:10-20200502-1 [1100 B]
Get:23 http://127.0.0.1:12990/debian sid/main amd64 lib32stdc++6 amd64 10-20200502-1 [510 kB]
Get:24 http://127.0.0.1:12990/debian sid/main amd64 libclang-common-10-dev amd64 1:10.0.0-4 [5062 kB]
Get:25 http://127.0.0.1:12990/debian sid/main amd64 libclang1-10 amd64 1:10.0.0-4 [7609 kB]
Get:26 http://127.0.0.1:12990/debian sid/main amd64 clang-10 amd64 1:10.0.0-4 [105 kB]
Get:27 http://127.0.0.1:12990/debian sid/main amd64 libomp5-10 amd64 1:10.0.0-4 [338 kB]
Get:28 http://127.0.0.1:12990/debian sid/main amd64 libomp-10-dev amd64 1:10.0.0-4 [85.0 kB]
debconf: delaying package configuration, since apt-utils is not installed
Fetched 51.4 MB in 0s (139 MB/s)
(Reading database ... (Reading database ... 5%(Reading database ... 10%(Reading database ... 15%(Reading database ... 20%(Reading database ... 25%(Reading database ... 30%(Reading database ... 35%(Reading database ... 40%(Reading database ... 45%(Reading database ... 50%(Reading database ... 55%(Reading database ... 60%(Reading database ... 65%(Reading database ... 70%(Reading database ... 75%(Reading database ... 80%(Reading database ... 85%(Reading database ... 90%(Reading database ... 95%(Reading database ... 100%(Reading database ... 12123 files and directories currently installed.)
Preparing to unpack .../libatomic1_10-20200502-1_amd64.deb ...
Unpacking libatomic1:amd64 (10-20200502-1) over (10-20200418-1) ...
Preparing to unpack .../libubsan1_10-20200502-1_amd64.deb ...
Unpacking libubsan1:amd64 (10-20200502-1) over (10-20200418-1) ...
Preparing to unpack .../libtsan0_10-20200502-1_amd64.deb ...
Unpacking libtsan0:amd64 (10-20200502-1) over (10-20200418-1) ...
Preparing to unpack .../gcc-10-base_10-20200502-1_amd64.deb ...
Unpacking gcc-10-base:amd64 (10-20200502-1) over (10-20200418-1) ...
Setting up gcc-10-base:amd64 (10-20200502-1) ...
(Reading database ... (Reading database ... 5%(Reading database ... 10%(Reading database ... 15%(Reading database ... 20%(Reading database ... 25%(Reading database ... 30%(Reading database ... 35%(Reading database ... 40%(Reading database ... 45%(Reading database ... 50%(Reading database ... 55%(Reading database ... 60%(Reading database ... 65%(Reading database ... 70%(Reading database ... 75%(Reading database ... 80%(Reading database ... 85%(Reading database ... 90%(Reading database ... 95%(Reading database ... 100%(Reading database ... 12123 files and directories currently installed.)
Preparing to unpack .../libstdc++6_10-20200502-1_amd64.deb ...
Unpacking libstdc++6:amd64 (10-20200502-1) over (10-20200418-1) ...
Setting up libstdc++6:amd64 (10-20200502-1) ...
(Reading database ... (Reading database ... 5%(Reading database ... 10%(Reading database ... 15%(Reading database ... 20%(Reading database ... 25%(Reading database ... 30%(Reading database ... 35%(Reading database ... 40%(Reading database ... 45%(Reading database ... 50%(Reading database ... 55%(Reading database ... 60%(Reading database ... 65%(Reading database ... 70%(Reading database ... 75%(Reading database ... 80%(Reading database ... 85%(Reading database ... 90%(Reading database ... 95%(Reading database ... 100%(Reading database ... 12123 files and directories currently installed.)
Preparing to unpack .../0-libquadmath0_10-20200502-1_amd64.deb ...
Unpacking libquadmath0:amd64 (10-20200502-1) over (10-20200418-1) ...
Preparing to unpack .../1-liblsan0_10-20200502-1_amd64.deb ...
Unpacking liblsan0:amd64 (10-20200502-1) over (10-20200418-1) ...
Preparing to unpack .../2-libitm1_10-20200502-1_amd64.deb ...
Unpacking libitm1:amd64 (10-20200502-1) over (10-20200418-1) ...
Preparing to unpack .../3-libgomp1_10-20200502-1_amd64.deb ...
Unpacking libgomp1:amd64 (10-20200502-1) over (10-20200418-1) ...
Preparing to unpack .../4-libcc1-0_10-20200502-1_amd64.deb ...
Unpacking libcc1-0:amd64 (10-20200502-1) over (10-20200418-1) ...
Preparing to unpack .../5-libgcc-s1_10-20200502-1_amd64.deb ...
Unpacking libgcc-s1:amd64 (10-20200502-1) over (10-20200418-1) ...
Setting up libgcc-s1:amd64 (10-20200502-1) ...
Selecting previously unselected package libbsd0:amd64.
(Reading database ... (Reading database ... 5%(Reading database ... 10%(Reading database ... 15%(Reading database ... 20%(Reading database ... 25%(Reading database ... 30%(Reading database ... 35%(Reading database ... 40%(Reading database ... 45%(Reading database ... 50%(Reading database ... 55%(Reading database ... 60%(Reading database ... 65%(Reading database ... 70%(Reading database ... 75%(Reading database ... 80%(Reading database ... 85%(Reading database ... 90%(Reading database ... 95%(Reading database ... 100%(Reading database ... 12123 files and directories currently installed.)
Preparing to unpack .../00-libbsd0_0.10.0-1_amd64.deb ...
Unpacking libbsd0:amd64 (0.10.0-1) ...
Selecting previously unselected package libedit2:amd64.
Preparing to unpack .../01-libedit2_3.1-20191231-1_amd64.deb ...
Unpacking libedit2:amd64 (3.1-20191231-1) ...
Selecting previously unselected package libz3-4:amd64.
Preparing to unpack .../02-libz3-4_4.8.7-4_amd64.deb ...
Unpacking libz3-4:amd64 (4.8.7-4) ...
Selecting previously unselected package libllvm10:amd64.
Preparing to unpack .../03-libllvm10_1%3a10.0.0-4_amd64.deb ...
Unpacking libllvm10:amd64 (1:10.0.0-4) ...
Selecting previously unselected package libclang-cpp10.
Preparing to unpack .../04-libclang-cpp10_1%3a10.0.0-4_amd64.deb ...
Unpacking libclang-cpp10 (1:10.0.0-4) ...
Selecting previously unselected package libgc1c2:amd64.
Preparing to unpack .../05-libgc1c2_1%3a7.6.4-0.4_amd64.deb ...
Unpacking libgc1c2:amd64 (1:7.6.4-0.4) ...
Selecting previously unselected package libobjc4:amd64.
Preparing to unpack .../06-libobjc4_10-20200502-1_amd64.deb ...
Unpacking libobjc4:amd64 (10-20200502-1) ...
Selecting previously unselected package libobjc-9-dev:amd64.
Preparing to unpack .../07-libobjc-9-dev_9.3.0-11_amd64.deb ...
Unpacking libobjc-9-dev:amd64 (9.3.0-11) ...
Selecting previously unselected package libc6-i386.
Preparing to unpack .../08-libc6-i386_2.30-4_amd64.deb ...
Unpacking libc6-i386 (2.30-4) ...
Selecting previously unselected package lib32gcc-s1.
Preparing to unpack .../09-lib32gcc-s1_10-20200502-1_amd64.deb ...
Unpacking lib32gcc-s1 (10-20200502-1) ...
Selecting previously unselected package lib32gcc1.
Preparing to unpack .../10-lib32gcc1_1%3a10-20200502-1_amd64.deb ...
Unpacking lib32gcc1 (1:10-20200502-1) ...
Selecting previously unselected package lib32stdc++6.
Preparing to unpack .../11-lib32stdc++6_10-20200502-1_amd64.deb ...
Unpacking lib32stdc++6 (10-20200502-1) ...
Selecting previously unselected package libclang-common-10-dev.
Preparing to unpack .../12-libclang-common-10-dev_1%3a10.0.0-4_amd64.deb ...
Unpacking libclang-common-10-dev (1:10.0.0-4) ...
Selecting previously unselected package libclang1-10.
Preparing to unpack .../13-libclang1-10_1%3a10.0.0-4_amd64.deb ...
Unpacking libclang1-10 (1:10.0.0-4) ...
Selecting previously unselected package clang-10.
Preparing to unpack .../14-clang-10_1%3a10.0.0-4_amd64.deb ...
Unpacking clang-10 (1:10.0.0-4) ...
Selecting previously unselected package libomp5-10:amd64.
Preparing to unpack .../15-libomp5-10_1%3a10.0.0-4_amd64.deb ...
Unpacking libomp5-10:amd64 (1:10.0.0-4) ...
Selecting previously unselected package libomp-10-dev.
Preparing to unpack .../16-libomp-10-dev_1%3a10.0.0-4_amd64.deb ...
Unpacking libomp-10-dev (1:10.0.0-4) ...
Setting up libgc1c2:amd64 (1:7.6.4-0.4) ...
Setting up libobjc4:amd64 (10-20200502-1) ...
Setting up libgomp1:amd64 (10-20200502-1) ...
Setting up libz3-4:amd64 (4.8.7-4) ...
Setting up libquadmath0:amd64 (10-20200502-1) ...
Setting up libatomic1:amd64 (10-20200502-1) ...
Setting up libobjc-9-dev:amd64 (9.3.0-11) ...
Setting up libubsan1:amd64 (10-20200502-1) ...
Setting up libomp5-10:amd64 (1:10.0.0-4) ...
Setting up libc6-i386 (2.30-4) ...
Setting up libbsd0:amd64 (0.10.0-1) ...
Setting up libcc1-0:amd64 (10-20200502-1) ...
Setting up liblsan0:amd64 (10-20200502-1) ...
Setting up libitm1:amd64 (10-20200502-1) ...
Setting up libtsan0:amd64 (10-20200502-1) ...
Setting up libomp-10-dev (1:10.0.0-4) ...
Setting up libedit2:amd64 (3.1-20191231-1) ...
Setting up libllvm10:amd64 (1:10.0.0-4) ...
Setting up lib32gcc-s1 (10-20200502-1) ...
Setting up libclang1-10 (1:10.0.0-4) ...
Setting up lib32gcc1 (1:10-20200502-1) ...
Setting up libclang-cpp10 (1:10.0.0-4) ...
Setting up lib32stdc++6 (10-20200502-1) ...
Setting up libclang-common-10-dev (1:10.0.0-4) ...
Setting up clang-10 (1:10.0.0-4) ...
Processing triggers for libc-bin (2.30-4) ...
W: --force-yes is deprecated, use one of the options starting with --allow instead.
+ echo 'Replace gcc, g++ & cpp by clang'
Replace gcc, g++ & cpp by clang
+ VERSIONS='4.6 4.7 4.8 4.9 5 6 7 8 9 10'
+ cd /usr/bin
+ for VERSION in $VERSIONS
+ rm -f g++-4.6 gcc-4.6 cpp-4.6 gcc
+ ln -s clang++-10 g++-4.6
+ ln -s clang-10 gcc-4.6
+ ln -s clang-10 cpp-4.6
+ ln -s clang-10 gcc
+ echo 'gcc-4.6 hold'
+ dpkg --set-selections
dpkg: warning: package not in status nor available database at line 1: gcc-4.6
dpkg: warning: found unknown packages; this might mean the available database
is outdated, and needs to be updated through a frontend method;
please see the FAQ <https://wiki.debian.org/Teams/Dpkg/FAQ>
+ echo 'g++-4.6 hold'
+ dpkg --set-selections
dpkg: warning: package not in status nor available database at line 1: g++-4.6
dpkg: warning: found unknown packages; this might mean the available database
is outdated, and needs to be updated through a frontend method;
please see the FAQ <https://wiki.debian.org/Teams/Dpkg/FAQ>
+ for VERSION in $VERSIONS
+ rm -f g++-4.7 gcc-4.7 cpp-4.7 gcc
+ ln -s clang++-10 g++-4.7
+ ln -s clang-10 gcc-4.7
+ ln -s clang-10 cpp-4.7
+ ln -s clang-10 gcc
+ echo 'gcc-4.7 hold'
+ dpkg --set-selections
dpkg: warning: package not in status nor available database at line 1: gcc-4.7
dpkg: warning: found unknown packages; this might mean the available database
is outdated, and needs to be updated through a frontend method;
please see the FAQ <https://wiki.debian.org/Teams/Dpkg/FAQ>
+ echo 'g++-4.7 hold'
+ dpkg --set-selections
dpkg: warning: package not in status nor available database at line 1: g++-4.7
dpkg: warning: found unknown packages; this might mean the available database
is outdated, and needs to be updated through a frontend method;
please see the FAQ <https://wiki.debian.org/Teams/Dpkg/FAQ>
+ for VERSION in $VERSIONS
+ rm -f g++-4.8 gcc-4.8 cpp-4.8 gcc
+ ln -s clang++-10 g++-4.8
+ ln -s clang-10 gcc-4.8
+ ln -s clang-10 cpp-4.8
+ ln -s clang-10 gcc
+ echo 'gcc-4.8 hold'
+ dpkg --set-selections
dpkg: warning: package not in status nor available database at line 1: gcc-4.8
dpkg: warning: found unknown packages; this might mean the available database
is outdated, and needs to be updated through a frontend method;
please see the FAQ <https://wiki.debian.org/Teams/Dpkg/FAQ>
+ echo 'g++-4.8 hold'
+ dpkg --set-selections
dpkg: warning: package not in status nor available database at line 1: g++-4.8
dpkg: warning: found unknown packages; this might mean the available database
is outdated, and needs to be updated through a frontend method;
please see the FAQ <https://wiki.debian.org/Teams/Dpkg/FAQ>
+ for VERSION in $VERSIONS
+ rm -f g++-4.9 gcc-4.9 cpp-4.9 gcc
+ ln -s clang++-10 g++-4.9
+ ln -s clang-10 gcc-4.9
+ ln -s clang-10 cpp-4.9
+ ln -s clang-10 gcc
+ echo 'gcc-4.9 hold'
+ dpkg --set-selections
dpkg: warning: package not in status nor available database at line 1: gcc-4.9
dpkg: warning: found unknown packages; this might mean the available database
is outdated, and needs to be updated through a frontend method;
please see the FAQ <https://wiki.debian.org/Teams/Dpkg/FAQ>
+ echo 'g++-4.9 hold'
+ dpkg --set-selections
dpkg: warning: package not in status nor available database at line 1: g++-4.9
dpkg: warning: found unknown packages; this might mean the available database
is outdated, and needs to be updated through a frontend method;
please see the FAQ <https://wiki.debian.org/Teams/Dpkg/FAQ>
+ for VERSION in $VERSIONS
+ rm -f g++-5 gcc-5 cpp-5 gcc
+ ln -s clang++-10 g++-5
+ ln -s clang-10 gcc-5
+ ln -s clang-10 cpp-5
+ ln -s clang-10 gcc
+ echo 'gcc-5 hold'
+ dpkg --set-selections
dpkg: warning: package not in status nor available database at line 1: gcc-5
dpkg: warning: found unknown packages; this might mean the available database
is outdated, and needs to be updated through a frontend method;
please see the FAQ <https://wiki.debian.org/Teams/Dpkg/FAQ>
+ echo 'g++-5 hold'
+ dpkg --set-selections
dpkg: warning: package not in status nor available database at line 1: g++-5
dpkg: warning: found unknown packages; this might mean the available database
is outdated, and needs to be updated through a frontend method;
please see the FAQ <https://wiki.debian.org/Teams/Dpkg/FAQ>
+ for VERSION in $VERSIONS
+ rm -f g++-6 gcc-6 cpp-6 gcc
+ ln -s clang++-10 g++-6
+ ln -s clang-10 gcc-6
+ ln -s clang-10 cpp-6
+ ln -s clang-10 gcc
+ echo 'gcc-6 hold'
+ dpkg --set-selections
dpkg: warning: package not in status nor available database at line 1: gcc-6
dpkg: warning: found unknown packages; this might mean the available database
is outdated, and needs to be updated through a frontend method;
please see the FAQ <https://wiki.debian.org/Teams/Dpkg/FAQ>
+ echo 'g++-6 hold'
+ dpkg --set-selections
dpkg: warning: package not in status nor available database at line 1: g++-6
dpkg: warning: found unknown packages; this might mean the available database
is outdated, and needs to be updated through a frontend method;
please see the FAQ <https://wiki.debian.org/Teams/Dpkg/FAQ>
+ for VERSION in $VERSIONS
+ rm -f g++-7 gcc-7 cpp-7 gcc
+ ln -s clang++-10 g++-7
+ ln -s clang-10 gcc-7
+ ln -s clang-10 cpp-7
+ ln -s clang-10 gcc
+ echo 'gcc-7 hold'
+ dpkg --set-selections
dpkg: warning: package not in status nor available database at line 1: gcc-7
dpkg: warning: found unknown packages; this might mean the available database
is outdated, and needs to be updated through a frontend method;
please see the FAQ <https://wiki.debian.org/Teams/Dpkg/FAQ>
+ echo 'g++-7 hold'
+ dpkg --set-selections
dpkg: warning: package not in status nor available database at line 1: g++-7
dpkg: warning: found unknown packages; this might mean the available database
is outdated, and needs to be updated through a frontend method;
please see the FAQ <https://wiki.debian.org/Teams/Dpkg/FAQ>
+ for VERSION in $VERSIONS
+ rm -f g++-8 gcc-8 cpp-8 gcc
+ ln -s clang++-10 g++-8
+ ln -s clang-10 gcc-8
+ ln -s clang-10 cpp-8
+ ln -s clang-10 gcc
+ echo 'gcc-8 hold'
+ dpkg --set-selections
dpkg: warning: package not in status nor available database at line 1: gcc-8
dpkg: warning: found unknown packages; this might mean the available database
is outdated, and needs to be updated through a frontend method;
please see the FAQ <https://wiki.debian.org/Teams/Dpkg/FAQ>
+ echo 'g++-8 hold'
+ dpkg --set-selections
dpkg: warning: package not in status nor available database at line 1: g++-8
dpkg: warning: found unknown packages; this might mean the available database
is outdated, and needs to be updated through a frontend method;
please see the FAQ <https://wiki.debian.org/Teams/Dpkg/FAQ>
+ for VERSION in $VERSIONS
+ rm -f g++-9 gcc-9 cpp-9 gcc
+ ln -s clang++-10 g++-9
+ ln -s clang-10 gcc-9
+ ln -s clang-10 cpp-9
+ ln -s clang-10 gcc
+ echo 'gcc-9 hold'
+ dpkg --set-selections
+ echo 'g++-9 hold'
+ dpkg --set-selections
+ for VERSION in $VERSIONS
+ rm -f g++-10 gcc-10 cpp-10 gcc
+ ln -s clang++-10 g++-10
+ ln -s clang-10 gcc-10
+ ln -s clang-10 cpp-10
+ ln -s clang-10 gcc
+ echo 'gcc-10 hold'
+ dpkg --set-selections
dpkg: warning: package not in status nor available database at line 1: gcc-10
dpkg: warning: found unknown packages; this might mean the available database
is outdated, and needs to be updated through a frontend method;
please see the FAQ <https://wiki.debian.org/Teams/Dpkg/FAQ>
+ echo 'g++-10 hold'
+ dpkg --set-selections
dpkg: warning: package not in status nor available database at line 1: g++-10
dpkg: warning: found unknown packages; this might mean the available database
is outdated, and needs to be updated through a frontend method;
please see the FAQ <https://wiki.debian.org/Teams/Dpkg/FAQ>
+ cd -
/build/mandos-opqCdG
+ echo 'Check if gcc, g++ & cpp are actually clang'
Check if gcc, g++ & cpp are actually clang
+ gcc --version
+ grep clang
+ cpp --version
+ grep clang
+ g++ --version
+ grep clang
+ cd /usr/bin/
+ rm -f clang++ clang
+ ln -s clang-10 clang++
+ ln -s clang-10 clang
+ clang++ --version
clang version 10.0.0-4 
Target: x86_64-pc-linux-gnu
Thread model: posix
InstalledDir: /usr/bin
+ clang --version
clang version 10.0.0-4 
Target: x86_64-pc-linux-gnu
Thread model: posix
InstalledDir: /usr/bin
+ cd -
/build/mandos-opqCdG
+ apt install --yes --no-install-recommends --force-yes qt5-qmake

WARNING: apt does not have a stable CLI interface. Use with caution in scripts.

Reading package lists...
Building dependency tree...
Reading state information...
The following additional packages will be installed:
  qt5-qmake-bin qtchooser
The following NEW packages will be installed:
  qt5-qmake qt5-qmake-bin qtchooser
0 upgraded, 3 newly installed, 0 to remove and 0 not upgraded.
Need to get 1270 kB of archives.
After this operation, 4788 kB of additional disk space will be used.
Get:1 http://127.0.0.1:12990/debian sid/main amd64 qt5-qmake-bin amd64 5.12.5+dfsg-10 [1015 kB]
Get:2 http://127.0.0.1:12990/debian sid/main amd64 qtchooser amd64 66-2 [26.3 kB]
Get:3 http://127.0.0.1:12990/debian sid/main amd64 qt5-qmake amd64 5.12.5+dfsg-10 [229 kB]
debconf: delaying package configuration, since apt-utils is not installed
Fetched 1270 kB in 0s (19.7 MB/s)
Selecting previously unselected package qt5-qmake-bin.
(Reading database ... (Reading database ... 5%(Reading database ... 10%(Reading database ... 15%(Reading database ... 20%(Reading database ... 25%(Reading database ... 30%(Reading database ... 35%(Reading database ... 40%(Reading database ... 45%(Reading database ... 50%(Reading database ... 55%(Reading database ... 60%(Reading database ... 65%(Reading database ... 70%(Reading database ... 75%(Reading database ... 80%(Reading database ... 85%(Reading database ... 90%(Reading database ... 95%(Reading database ... 100%(Reading database ... 12968 files and directories currently installed.)
Preparing to unpack .../qt5-qmake-bin_5.12.5+dfsg-10_amd64.deb ...
Unpacking qt5-qmake-bin (5.12.5+dfsg-10) ...
Selecting previously unselected package qtchooser.
Preparing to unpack .../qtchooser_66-2_amd64.deb ...
Unpacking qtchooser (66-2) ...
Selecting previously unselected package qt5-qmake:amd64.
Preparing to unpack .../qt5-qmake_5.12.5+dfsg-10_amd64.deb ...
Unpacking qt5-qmake:amd64 (5.12.5+dfsg-10) ...
Setting up qt5-qmake-bin (5.12.5+dfsg-10) ...
Setting up qtchooser (66-2) ...
Setting up qt5-qmake:amd64 (5.12.5+dfsg-10) ...
W: --force-yes is deprecated, use one of the options starting with --allow instead.
+ cp /usr/lib/x86_64-linux-gnu/qt5/mkspecs/linux-clang/qmake.conf /usr/lib/x86_64-linux-gnu/qt5/mkspecs/linux-clang/qplatformdefs.h /usr/lib/x86_64-linux-gnu/qt5/mkspecs/linux-g++/
+ ls -al /usr/lib/x86_64-linux-gnu/qt5/mkspecs/linux-g++/
total 16
drwxr-xr-x  2 root root 4096 May  3 05:05 .
drwxr-xr-x 75 root root 4096 May  3 05:05 ..
-rw-r--r--  1 root root  276 May  3 05:05 qmake.conf
-rw-r--r--  1 root root 3218 May  3 05:05 qplatformdefs.h
+ cat /usr/lib/x86_64-linux-gnu/qt5/mkspecs/linux-g++/qmake.conf
#
# qmake configuration for linux-clang
#

MAKEFILE_GENERATOR = UNIX
CONFIG += incremental

QMAKE_INCREMENTAL_STYLE = sublib

include(../common/linux.conf)
include(../common/gcc-base-unix.conf)
include(../common/clang.conf)

QMAKE_LFLAGS += -ccc-gcc-name g++

load(qt_config)
+ export QMAKESPEC=/usr/lib/x86_64-linux-gnu/qt5/mkspecs/linux-clang/
+ QMAKESPEC=/usr/lib/x86_64-linux-gnu/qt5/mkspecs/linux-clang/
+ sed -i -e 's|compare_problem(2,|compare_problem(0,|g' /usr/bin/dpkg-gensymbols
+ sed -i -e 's|compare_problem(1,|compare_problem(0,|g' /usr/bin/dpkg-gensymbols
+ grep 'compare_problem(' /usr/bin/dpkg-gensymbols
        compare_problem(4, g_('new libraries appeared in the symbols file: %s'), "@libs");
        compare_problem(3, g_('some libraries disappeared in the symbols file: %s'), "@libs");
        compare_problem(0, g_('some new symbols appeared in the symbols file: %s'),
        compare_problem(0, g_('some symbols or patterns disappeared in the symbols file: %s'),

I: Finished running '/tmp/clang10'.

Finished processing commands.
--------------------------------------------------------------------------------
I: NOTICE: Log filtering will replace 'build/mandos-opqCdG/resolver-ULMTsk' with '<<RESOLVERDIR>>'

+------------------------------------------------------------------------------+
| Update chroot                                                                |
+------------------------------------------------------------------------------+

Hit:1 http://127.0.0.1:12990/debian sid InRelease
Reading package lists...
Reading package lists...
Building dependency tree...
Reading state information...
Calculating upgrade...
0 upgraded, 0 newly installed, 0 to remove and 0 not upgraded.

+------------------------------------------------------------------------------+
| Fetch source files                                                           |
+------------------------------------------------------------------------------+


Check APT
---------

Checking available source versions...

Download source files with APT
------------------------------

Reading package lists...
NOTICE: 'mandos' packaging is maintained in the 'Bzr' version control system at:
https://ftp.recompile.se/pub/mandos/trunk
Please use:
bzr branch https://ftp.recompile.se/pub/mandos/trunk
to retrieve the latest (possibly unreleased) updates to the package.
Need to get 270 kB of source archives.
Get:1 http://127.0.0.1:12990/debian sid/main mandos 1.8.11-1 (dsc) [2318 B]
Get:2 http://127.0.0.1:12990/debian sid/main mandos 1.8.11-1 (tar) [242 kB]
Get:3 http://127.0.0.1:12990/debian sid/main mandos 1.8.11-1 (diff) [25.6 kB]
Fetched 270 kB in 0s (3009 kB/s)
Download complete and in download only mode
I: NOTICE: Log filtering will replace 'build/mandos-opqCdG/mandos-1.8.11' with '<<PKGBUILDDIR>>'
I: NOTICE: Log filtering will replace 'build/mandos-opqCdG' with '<<BUILDDIR>>'

+------------------------------------------------------------------------------+
| Install package build dependencies                                           |
+------------------------------------------------------------------------------+


Setup apt archive
-----------------

Merged Build-Depends: debhelper (>= 10), docbook-xml, docbook-xsl, libavahi-core-dev, libgpgme-dev | libgpgme11-dev, libglib2.0-dev (>= 2.40), libgnutls28-dev (>= 3.3.0), libgnutls28-dev (>= 3.6.6) | libgnutls28-dev (<< 3.6.0), xsltproc, pkg-config, libnl-route-3-dev, systemd, build-essential, fakeroot, python3 (>= 3), python3-dbus, python3-gi, po-debconf
Filtered Build-Depends: debhelper (>= 10), docbook-xml, docbook-xsl, libavahi-core-dev, libgpgme-dev, libglib2.0-dev (>= 2.40), libgnutls28-dev (>= 3.3.0), libgnutls28-dev (>= 3.6.6) | libgnutls28-dev (<< 3.6.0), xsltproc, pkg-config, libnl-route-3-dev, systemd, build-essential, fakeroot, python3 (>= 3), python3-dbus, python3-gi, po-debconf
dpkg-deb: building package 'sbuild-build-depends-main-dummy' in '/<<RESOLVERDIR>>/apt_archive/sbuild-build-depends-main-dummy.deb'.
Ign:1 copy:/<<RESOLVERDIR>>/apt_archive ./ InRelease
Get:2 copy:/<<RESOLVERDIR>>/apt_archive ./ Release [957 B]
Ign:3 copy:/<<RESOLVERDIR>>/apt_archive ./ Release.gpg
Get:4 copy:/<<RESOLVERDIR>>/apt_archive ./ Sources [505 B]
Get:5 copy:/<<RESOLVERDIR>>/apt_archive ./ Packages [571 B]
Fetched 2033 B in 0s (0 B/s)
Reading package lists...
Reading package lists...

Install main build dependencies (apt-based resolver)
----------------------------------------------------

Installing build dependencies
Reading package lists...
Building dependency tree...
Reading state information...
The following additional packages will be installed:
  autoconf automake autopoint autotools-dev bsdmainutils debhelper
  dh-autoreconf dh-strip-nondeterminism dirmngr dmsetup docbook-xml
  docbook-xsl dwz file gettext gettext-base gir1.2-glib-2.0 gnupg gnupg-l10n
  gnupg-utils gpg gpg-agent gpg-wks-client gpg-wks-server gpgconf gpgsm
  groff-base intltool-debian libapparmor1 libarchive-zip-perl libargon2-1
  libassuan-dev libassuan0 libavahi-common-data libavahi-common-dev
  libavahi-common3 libavahi-core-dev libavahi-core7 libblkid-dev libcap2
  libcroco3 libcryptsetup12 libdbus-1-3 libdebhelper-perl libdevmapper1.02.1
  libelf1 libevent-2.1-7 libexpat1 libffi-dev libfile-stripnondeterminism-perl
  libgirepository-1.0-1 libglib2.0-0 libglib2.0-bin libglib2.0-data
  libglib2.0-dev libglib2.0-dev-bin libgmp-dev libgmpxx4ldbl libgnutls-dane0
  libgnutls-openssl27 libgnutls28-dev libgnutlsxx28 libgpg-error-dev
  libgpgme-dev libgpgme11 libicu63 libidn2-dev libip4tc2 libjson-c4 libkmod2
  libksba8 libldap-2.4-2 libldap-common libmagic-mgc libmagic1 libmount-dev
  libmpdec2 libnl-3-200 libnl-3-dev libnl-route-3-200 libnl-route-3-dev
  libnpth0 libp11-kit-dev libpcre16-3 libpcre2-16-0 libpcre2-32-0 libpcre2-dev
  libpcre2-posix2 libpcre3-dev libpcre32-3 libpcrecpp0v5 libpipeline1
  libpython3-stdlib libpython3.8-minimal libpython3.8-stdlib libreadline8
  libsasl2-2 libsasl2-modules-db libselinux1-dev libsepol1-dev libsigsegv2
  libsqlite3-0 libssl1.1 libsub-override-perl libtasn1-6-dev libtool
  libuchardet0 libunbound8 libxml2 libxslt1.1 m4 man-db mime-support
  nettle-dev pinentry-curses pkg-config po-debconf python3 python3-dbus
  python3-distutils python3-gi python3-lib2to3 python3-minimal python3.8
  python3.8-minimal readline-common sensible-utils sgml-base sgml-data systemd
  systemd-timesyncd uuid-dev xml-core xsltproc zlib1g-dev
Suggested packages:
  autoconf-archive gnu-standards autoconf-doc wamerican | wordlist whois
  vacation dh-make dbus-user-session libpam-systemd pinentry-gnome3 tor
  docbook docbook-dsssl docbook-defguide dbtoepub docbook-xsl-doc-html
  | docbook-xsl-doc-pdf | docbook-xsl-doc-text | docbook-xsl-doc
  docbook-xsl-saxon fop libsaxon-java libxalan2-java libxslthl-java xalan
  gettext-doc libasprintf-dev libgettextpo-dev parcimonie xloadimage scdaemon
  groff libgirepository1.0-dev libglib2.0-doc libgdk-pixbuf2.0-bin
  | libgdk-pixbuf2.0-dev libxml2-utils gmp-doc libgmp10-doc libmpfr-dev
  dns-root-data gnutls-bin gnutls-doc libtool-doc gfortran
  | fortran95-compiler gcj-jdk m4-doc apparmor less www-browser pinentry-doc
  libmail-box-perl python3-doc python3-tk python3-venv python-dbus-doc
  python3-dbus-dbg python3.8-venv python3.8-doc binfmt-support readline-doc
  sgml-base-doc perlsgml w3-recs opensp systemd-container policykit-1
Recommended packages:
  curl | wget | lynx dbus libarchive-cpio-perl shared-mime-info xdg-user-dirs
  libsasl2-modules libtasn1-doc libltdl-dev libmail-sendmail-perl
The following NEW packages will be installed:
  autoconf automake autopoint autotools-dev bsdmainutils debhelper
  dh-autoreconf dh-strip-nondeterminism dirmngr dmsetup docbook-xml
  docbook-xsl dwz file gettext gettext-base gir1.2-glib-2.0 gnupg gnupg-l10n
  gnupg-utils gpg gpg-agent gpg-wks-client gpg-wks-server gpgconf gpgsm
  groff-base intltool-debian libapparmor1 libarchive-zip-perl libargon2-1
  libassuan-dev libassuan0 libavahi-common-data libavahi-common-dev
  libavahi-common3 libavahi-core-dev libavahi-core7 libblkid-dev libcap2
  libcroco3 libcryptsetup12 libdbus-1-3 libdebhelper-perl libdevmapper1.02.1
  libelf1 libevent-2.1-7 libexpat1 libffi-dev libfile-stripnondeterminism-perl
  libgirepository-1.0-1 libglib2.0-0 libglib2.0-bin libglib2.0-data
  libglib2.0-dev libglib2.0-dev-bin libgmp-dev libgmpxx4ldbl libgnutls-dane0
  libgnutls-openssl27 libgnutls28-dev libgnutlsxx28 libgpg-error-dev
  libgpgme-dev libgpgme11 libicu63 libidn2-dev libip4tc2 libjson-c4 libkmod2
  libksba8 libldap-2.4-2 libldap-common libmagic-mgc libmagic1 libmount-dev
  libmpdec2 libnl-3-200 libnl-3-dev libnl-route-3-200 libnl-route-3-dev
  libnpth0 libp11-kit-dev libpcre16-3 libpcre2-16-0 libpcre2-32-0 libpcre2-dev
  libpcre2-posix2 libpcre3-dev libpcre32-3 libpcrecpp0v5 libpipeline1
  libpython3-stdlib libpython3.8-minimal libpython3.8-stdlib libreadline8
  libsasl2-2 libsasl2-modules-db libselinux1-dev libsepol1-dev libsigsegv2
  libsqlite3-0 libssl1.1 libsub-override-perl libtasn1-6-dev libtool
  libuchardet0 libunbound8 libxml2 libxslt1.1 m4 man-db mime-support
  nettle-dev pinentry-curses pkg-config po-debconf python3 python3-dbus
  python3-distutils python3-gi python3-lib2to3 python3-minimal python3.8
  python3.8-minimal readline-common sbuild-build-depends-main-dummy
  sensible-utils sgml-base sgml-data systemd systemd-timesyncd uuid-dev
  xml-core xsltproc zlib1g-dev
0 upgraded, 136 newly installed, 0 to remove and 0 not upgraded.
Need to get 56.0 MB of archives.
After this operation, 208 MB of additional disk space will be used.
Get:1 copy:/<<RESOLVERDIR>>/apt_archive ./ sbuild-build-depends-main-dummy 0.invalid.0 [1000 B]
Get:2 http://127.0.0.1:12990/debian sid/main amd64 libapparmor1 amd64 2.13.4-1+b1 [97.1 kB]
Get:3 http://127.0.0.1:12990/debian sid/main amd64 libcap2 amd64 1:2.33-1 [22.5 kB]
Get:4 http://127.0.0.1:12990/debian sid/main amd64 libargon2-1 amd64 0~20171227-0.2 [19.6 kB]
Get:5 http://127.0.0.1:12990/debian sid/main amd64 dmsetup amd64 2:1.02.167-1+b1 [91.3 kB]
Get:6 http://127.0.0.1:12990/debian sid/main amd64 libdevmapper1.02.1 amd64 2:1.02.167-1+b1 [142 kB]
Get:7 http://127.0.0.1:12990/debian sid/main amd64 libjson-c4 amd64 0.13.1+dfsg-7 [36.7 kB]
Get:8 http://127.0.0.1:12990/debian sid/main amd64 libssl1.1 amd64 1.1.1g-1 [1543 kB]
Get:9 http://127.0.0.1:12990/debian sid/main amd64 libcryptsetup12 amd64 2:2.3.1-1 [239 kB]
Get:10 http://127.0.0.1:12990/debian sid/main amd64 libip4tc2 amd64 1.8.4-3 [69.1 kB]
Get:11 http://127.0.0.1:12990/debian sid/main amd64 libkmod2 amd64 27+20200310-2 [55.0 kB]
Get:12 http://127.0.0.1:12990/debian sid/main amd64 systemd-timesyncd amd64 245.5-2 [125 kB]
Get:13 http://127.0.0.1:12990/debian sid/main amd64 systemd amd64 245.5-2 [3955 kB]
Get:14 http://127.0.0.1:12990/debian sid/main amd64 bsdmainutils amd64 11.1.2+b1 [191 kB]
Get:15 http://127.0.0.1:12990/debian sid/main amd64 libuchardet0 amd64 0.0.6-3 [64.9 kB]
Get:16 http://127.0.0.1:12990/debian sid/main amd64 groff-base amd64 1.22.4-4 [919 kB]
Get:17 http://127.0.0.1:12990/debian sid/main amd64 libpipeline1 amd64 1.5.2-2 [33.9 kB]
Get:18 http://127.0.0.1:12990/debian sid/main amd64 man-db amd64 2.9.1-1 [1308 kB]
Get:19 http://127.0.0.1:12990/debian sid/main amd64 libpython3.8-minimal amd64 3.8.3~rc1-1 [760 kB]
Get:20 http://127.0.0.1:12990/debian sid/main amd64 libexpat1 amd64 2.2.9-1 [94.3 kB]
Get:21 http://127.0.0.1:12990/debian sid/main amd64 python3.8-minimal amd64 3.8.3~rc1-1 [1944 kB]
Get:22 http://127.0.0.1:12990/debian sid/main amd64 python3-minimal amd64 3.8.2-3 [37.6 kB]
Get:23 http://127.0.0.1:12990/debian sid/main amd64 mime-support all 3.64 [37.8 kB]
Get:24 http://127.0.0.1:12990/debian sid/main amd64 libmpdec2 amd64 2.4.2-3 [84.1 kB]
Get:25 http://127.0.0.1:12990/debian sid/main amd64 readline-common all 8.0-4 [72.5 kB]
Get:26 http://127.0.0.1:12990/debian sid/main amd64 libreadline8 amd64 8.0-4 [160 kB]
Get:27 http://127.0.0.1:12990/debian sid/main amd64 libsqlite3-0 amd64 3.31.1-5 [661 kB]
Get:28 http://127.0.0.1:12990/debian sid/main amd64 libpython3.8-stdlib amd64 3.8.3~rc1-1 [1667 kB]
Get:29 http://127.0.0.1:12990/debian sid/main amd64 python3.8 amd64 3.8.3~rc1-1 [415 kB]
Get:30 http://127.0.0.1:12990/debian sid/main amd64 libpython3-stdlib amd64 3.8.2-3 [20.8 kB]
Get:31 http://127.0.0.1:12990/debian sid/main amd64 python3 amd64 3.8.2-3 [63.7 kB]
Get:32 http://127.0.0.1:12990/debian sid/main amd64 sgml-base all 1.30 [15.1 kB]
Get:33 http://127.0.0.1:12990/debian sid/main amd64 sensible-utils all 0.0.12+nmu1 [16.0 kB]
Get:34 http://127.0.0.1:12990/debian sid/main amd64 libmagic-mgc amd64 1:5.38-4 [262 kB]
Get:35 http://127.0.0.1:12990/debian sid/main amd64 libmagic1 amd64 1:5.38-4 [120 kB]
Get:36 http://127.0.0.1:12990/debian sid/main amd64 file amd64 1:5.38-4 [67.9 kB]
Get:37 http://127.0.0.1:12990/debian sid/main amd64 gettext-base amd64 0.19.8.1-10 [123 kB]
Get:38 http://127.0.0.1:12990/debian sid/main amd64 libsigsegv2 amd64 2.12-2 [32.8 kB]
Get:39 http://127.0.0.1:12990/debian sid/main amd64 m4 amd64 1.4.18-4 [203 kB]
Get:40 http://127.0.0.1:12990/debian sid/main amd64 autoconf all 2.69-11.1 [341 kB]
Get:41 http://127.0.0.1:12990/debian sid/main amd64 autotools-dev all 20180224.1 [77.0 kB]
Get:42 http://127.0.0.1:12990/debian sid/main amd64 automake all 1:1.16.2-1 [775 kB]
Get:43 http://127.0.0.1:12990/debian sid/main amd64 autopoint all 0.19.8.1-10 [435 kB]
Get:44 http://127.0.0.1:12990/debian sid/main amd64 libtool all 2.4.6-14 [513 kB]
Get:45 http://127.0.0.1:12990/debian sid/main amd64 dh-autoreconf all 19 [16.9 kB]
Get:46 http://127.0.0.1:12990/debian sid/main amd64 libdebhelper-perl all 13 [184 kB]
Get:47 http://127.0.0.1:12990/debian sid/main amd64 libarchive-zip-perl all 1.68-1 [104 kB]
Get:48 http://127.0.0.1:12990/debian sid/main amd64 libsub-override-perl all 0.09-2 [10.2 kB]
Get:49 http://127.0.0.1:12990/debian sid/main amd64 libfile-stripnondeterminism-perl all 1.8.0-1 [24.2 kB]
Get:50 http://127.0.0.1:12990/debian sid/main amd64 dh-strip-nondeterminism all 1.8.0-1 [14.8 kB]
Get:51 http://127.0.0.1:12990/debian sid/main amd64 libelf1 amd64 0.176-1.1 [161 kB]
Get:52 http://127.0.0.1:12990/debian sid/main amd64 dwz amd64 0.13-5 [151 kB]
Get:53 http://127.0.0.1:12990/debian sid/main amd64 libglib2.0-0 amd64 2.64.2-1 [1343 kB]
Get:54 http://127.0.0.1:12990/debian sid/main amd64 libicu63 amd64 63.2-3 [8296 kB]
Get:55 http://127.0.0.1:12990/debian sid/main amd64 libxml2 amd64 2.9.10+dfsg-5 [709 kB]
Get:56 http://127.0.0.1:12990/debian sid/main amd64 libcroco3 amd64 0.6.13-1 [146 kB]
Get:57 http://127.0.0.1:12990/debian sid/main amd64 gettext amd64 0.19.8.1-10 [1303 kB]
Get:58 http://127.0.0.1:12990/debian sid/main amd64 intltool-debian all 0.35.0+20060710.5 [26.8 kB]
Get:59 http://127.0.0.1:12990/debian sid/main amd64 po-debconf all 1.0.21 [248 kB]
Get:60 http://127.0.0.1:12990/debian sid/main amd64 debhelper all 13 [1002 kB]
Get:61 http://127.0.0.1:12990/debian sid/main amd64 libassuan0 amd64 2.5.3-7 [50.4 kB]
Get:62 http://127.0.0.1:12990/debian sid/main amd64 gpgconf amd64 2.2.20-1 [532 kB]
Get:63 http://127.0.0.1:12990/debian sid/main amd64 libksba8 amd64 1.3.5-2 [99.7 kB]
Get:64 http://127.0.0.1:12990/debian sid/main amd64 libsasl2-modules-db amd64 2.1.27+dfsg-2 [69.0 kB]
Get:65 http://127.0.0.1:12990/debian sid/main amd64 libsasl2-2 amd64 2.1.27+dfsg-2 [106 kB]
Get:66 http://127.0.0.1:12990/debian sid/main amd64 libldap-common all 2.4.50+dfsg-1 [92.9 kB]
Get:67 http://127.0.0.1:12990/debian sid/main amd64 libldap-2.4-2 amd64 2.4.50+dfsg-1 [228 kB]
Get:68 http://127.0.0.1:12990/debian sid/main amd64 libnpth0 amd64 1.6-1 [18.4 kB]
Get:69 http://127.0.0.1:12990/debian sid/main amd64 dirmngr amd64 2.2.20-1 [740 kB]
Get:70 http://127.0.0.1:12990/debian sid/main amd64 xml-core all 0.18+nmu1 [23.8 kB]
Get:71 http://127.0.0.1:12990/debian sid/main amd64 sgml-data all 2.0.11 [179 kB]
Get:72 http://127.0.0.1:12990/debian sid/main amd64 docbook-xml all 4.5-9 [84.4 kB]
Get:73 http://127.0.0.1:12990/debian sid/main amd64 docbook-xsl all 1.79.1+dfsg-2 [1249 kB]
Get:74 http://127.0.0.1:12990/debian sid/main amd64 libgirepository-1.0-1 amd64 1.64.1-1 [96.0 kB]
Get:75 http://127.0.0.1:12990/debian sid/main amd64 gir1.2-glib-2.0 amd64 1.64.1-1 [148 kB]
Get:76 http://127.0.0.1:12990/debian sid/main amd64 gnupg-l10n all 2.2.20-1 [1035 kB]
Get:77 http://127.0.0.1:12990/debian sid/main amd64 gnupg-utils amd64 2.2.20-1 [889 kB]
Get:78 http://127.0.0.1:12990/debian sid/main amd64 gpg amd64 2.2.20-1 [894 kB]
Get:79 http://127.0.0.1:12990/debian sid/main amd64 pinentry-curses amd64 1.1.0-3+b1 [65.0 kB]
Get:80 http://127.0.0.1:12990/debian sid/main amd64 gpg-agent amd64 2.2.20-1 [641 kB]
Get:81 http://127.0.0.1:12990/debian sid/main amd64 gpg-wks-client amd64 2.2.20-1 [507 kB]
Get:82 http://127.0.0.1:12990/debian sid/main amd64 gpg-wks-server amd64 2.2.20-1 [500 kB]
Get:83 http://127.0.0.1:12990/debian sid/main amd64 gpgsm amd64 2.2.20-1 [627 kB]
Get:84 http://127.0.0.1:12990/debian sid/main amd64 gnupg all 2.2.20-1 [749 kB]
Get:85 http://127.0.0.1:12990/debian sid/main amd64 libgpg-error-dev amd64 1.37-1 [127 kB]
Get:86 http://127.0.0.1:12990/debian sid/main amd64 libassuan-dev amd64 2.5.3-7 [109 kB]
Get:87 http://127.0.0.1:12990/debian sid/main amd64 libavahi-common-data amd64 0.7-5 [122 kB]
Get:88 http://127.0.0.1:12990/debian sid/main amd64 libavahi-common3 amd64 0.7-5 [54.6 kB]
Get:89 http://127.0.0.1:12990/debian sid/main amd64 libavahi-common-dev amd64 0.7-5 [69.5 kB]
Get:90 http://127.0.0.1:12990/debian sid/main amd64 libavahi-core7 amd64 0.7-5 [116 kB]
Get:91 http://127.0.0.1:12990/debian sid/main amd64 libavahi-core-dev amd64 0.7-5 [138 kB]
Get:92 http://127.0.0.1:12990/debian sid/main amd64 uuid-dev amd64 2.34-0.1 [93.5 kB]
Get:93 http://127.0.0.1:12990/debian sid/main amd64 libblkid-dev amd64 2.34-0.1 [226 kB]
Get:94 http://127.0.0.1:12990/debian sid/main amd64 libdbus-1-3 amd64 1.12.16-2 [214 kB]
Get:95 http://127.0.0.1:12990/debian sid/main amd64 libevent-2.1-7 amd64 2.1.11-stable-1 [186 kB]
Get:96 http://127.0.0.1:12990/debian sid/main amd64 libffi-dev amd64 3.3-4 [56.4 kB]
Get:97 http://127.0.0.1:12990/debian sid/main amd64 libglib2.0-data all 2.64.2-1 [1158 kB]
Get:98 http://127.0.0.1:12990/debian sid/main amd64 libglib2.0-bin amd64 2.64.2-1 [135 kB]
Get:99 http://127.0.0.1:12990/debian sid/main amd64 python3-lib2to3 all 3.8.2-2 [78.4 kB]
Get:100 http://127.0.0.1:12990/debian sid/main amd64 python3-distutils all 3.8.2-2 [145 kB]
Get:101 http://127.0.0.1:12990/debian sid/main amd64 libglib2.0-dev-bin amd64 2.64.2-1 [172 kB]
Get:102 http://127.0.0.1:12990/debian sid/main amd64 libmount-dev amd64 2.34-0.1 [236 kB]
Get:103 http://127.0.0.1:12990/debian sid/main amd64 libpcre16-3 amd64 2:8.39-12+b1 [259 kB]
Get:104 http://127.0.0.1:12990/debian sid/main amd64 libpcre32-3 amd64 2:8.39-12+b1 [250 kB]
Get:105 http://127.0.0.1:12990/debian sid/main amd64 libpcrecpp0v5 amd64 2:8.39-12+b1 [152 kB]
Get:106 http://127.0.0.1:12990/debian sid/main amd64 libpcre3-dev amd64 2:8.39-12+b1 [653 kB]
Get:107 http://127.0.0.1:12990/debian sid/main amd64 libsepol1-dev amd64 3.0-1 [336 kB]
Get:108 http://127.0.0.1:12990/debian sid/main amd64 libpcre2-16-0 amd64 10.34-7 [219 kB]
Get:109 http://127.0.0.1:12990/debian sid/main amd64 libpcre2-32-0 amd64 10.34-7 [208 kB]
Get:110 http://127.0.0.1:12990/debian sid/main amd64 libpcre2-posix2 amd64 10.34-7 [45.2 kB]
Get:111 http://127.0.0.1:12990/debian sid/main amd64 libpcre2-dev amd64 10.34-7 [709 kB]
Get:112 http://127.0.0.1:12990/debian sid/main amd64 libselinux1-dev amd64 3.0-1+b3 [171 kB]
Get:113 http://127.0.0.1:12990/debian sid/main amd64 pkg-config amd64 0.29.2-1 [65.1 kB]
Get:114 http://127.0.0.1:12990/debian sid/main amd64 zlib1g-dev amd64 1:1.2.11.dfsg-2 [190 kB]
Get:115 http://127.0.0.1:12990/debian sid/main amd64 libglib2.0-dev amd64 2.64.2-1 [1561 kB]
Get:116 http://127.0.0.1:12990/debian sid/main amd64 libgmpxx4ldbl amd64 2:6.2.0+dfsg-4 [23.0 kB]
Get:117 http://127.0.0.1:12990/debian sid/main amd64 libgmp-dev amd64 2:6.2.0+dfsg-4 [643 kB]
Get:118 http://127.0.0.1:12990/debian sid/main amd64 libunbound8 amd64 1.10.0-1 [485 kB]
Get:119 http://127.0.0.1:12990/debian sid/main amd64 libgnutls-dane0 amd64 3.6.13-2 [361 kB]
Get:120 http://127.0.0.1:12990/debian sid/main amd64 libgnutls-openssl27 amd64 3.6.13-2 [362 kB]
Get:121 http://127.0.0.1:12990/debian sid/main amd64 libgnutlsxx28 amd64 3.6.13-2 [14.6 kB]
Get:122 http://127.0.0.1:12990/debian sid/main amd64 libidn2-dev amd64 2.3.0-1 [87.0 kB]
Get:123 http://127.0.0.1:12990/debian sid/main amd64 libp11-kit-dev amd64 0.23.20-1 [205 kB]
Get:124 http://127.0.0.1:12990/debian sid/main amd64 libtasn1-6-dev amd64 4.16.0-2 [104 kB]
Get:125 http://127.0.0.1:12990/debian sid/main amd64 nettle-dev amd64 3.5.1+really3.5.1-2 [1115 kB]
Get:126 http://127.0.0.1:12990/debian sid/main amd64 libgnutls28-dev amd64 3.6.13-2 [1204 kB]
Get:127 http://127.0.0.1:12990/debian sid/main amd64 libgpgme11 amd64 1.13.1-7+b1 [274 kB]
Get:128 http://127.0.0.1:12990/debian sid/main amd64 libgpgme-dev amd64 1.13.1-7+b1 [482 kB]
Get:129 http://127.0.0.1:12990/debian sid/main amd64 libnl-3-200 amd64 3.4.0-1+b1 [63.6 kB]
Get:130 http://127.0.0.1:12990/debian sid/main amd64 libnl-3-dev amd64 3.4.0-1+b1 [102 kB]
Get:131 http://127.0.0.1:12990/debian sid/main amd64 libnl-route-3-200 amd64 3.4.0-1+b1 [161 kB]
Get:132 http://127.0.0.1:12990/debian sid/main amd64 libnl-route-3-dev amd64 3.4.0-1+b1 [176 kB]
Get:133 http://127.0.0.1:12990/debian sid/main amd64 libxslt1.1 amd64 1.1.34-4 [239 kB]
Get:134 http://127.0.0.1:12990/debian sid/main amd64 python3-dbus amd64 1.2.16-2 [107 kB]
Get:135 http://127.0.0.1:12990/debian sid/main amd64 python3-gi amd64 3.36.0-3 [182 kB]
Get:136 http://127.0.0.1:12990/debian sid/main amd64 xsltproc amd64 1.1.34-4 [124 kB]
debconf: delaying package configuration, since apt-utils is not installed
Fetched 56.0 MB in 0s (122 MB/s)
Selecting previously unselected package libapparmor1:amd64.
(Reading database ... 13685 files and directories currently installed.)
Preparing to unpack .../00-libapparmor1_2.13.4-1+b1_amd64.deb ...
Unpacking libapparmor1:amd64 (2.13.4-1+b1) ...
Selecting previously unselected package libcap2:amd64.
Preparing to unpack .../01-libcap2_1%3a2.33-1_amd64.deb ...
Unpacking libcap2:amd64 (1:2.33-1) ...
Selecting previously unselected package libargon2-1:amd64.
Preparing to unpack .../02-libargon2-1_0~20171227-0.2_amd64.deb ...
Unpacking libargon2-1:amd64 (0~20171227-0.2) ...
Selecting previously unselected package dmsetup.
Preparing to unpack .../03-dmsetup_2%3a1.02.167-1+b1_amd64.deb ...
Unpacking dmsetup (2:1.02.167-1+b1) ...
Selecting previously unselected package libdevmapper1.02.1:amd64.
Preparing to unpack .../04-libdevmapper1.02.1_2%3a1.02.167-1+b1_amd64.deb ...
Unpacking libdevmapper1.02.1:amd64 (2:1.02.167-1+b1) ...
Selecting previously unselected package libjson-c4:amd64.
Preparing to unpack .../05-libjson-c4_0.13.1+dfsg-7_amd64.deb ...
Unpacking libjson-c4:amd64 (0.13.1+dfsg-7) ...
Selecting previously unselected package libssl1.1:amd64.
Preparing to unpack .../06-libssl1.1_1.1.1g-1_amd64.deb ...
Unpacking libssl1.1:amd64 (1.1.1g-1) ...
Selecting previously unselected package libcryptsetup12:amd64.
Preparing to unpack .../07-libcryptsetup12_2%3a2.3.1-1_amd64.deb ...
Unpacking libcryptsetup12:amd64 (2:2.3.1-1) ...
Selecting previously unselected package libip4tc2:amd64.
Preparing to unpack .../08-libip4tc2_1.8.4-3_amd64.deb ...
Unpacking libip4tc2:amd64 (1.8.4-3) ...
Selecting previously unselected package libkmod2:amd64.
Preparing to unpack .../09-libkmod2_27+20200310-2_amd64.deb ...
Unpacking libkmod2:amd64 (27+20200310-2) ...
Selecting previously unselected package systemd-timesyncd.
Preparing to unpack .../10-systemd-timesyncd_245.5-2_amd64.deb ...
Unpacking systemd-timesyncd (245.5-2) ...
Selecting previously unselected package systemd.
Preparing to unpack .../11-systemd_245.5-2_amd64.deb ...
Unpacking systemd (245.5-2) ...
Selecting previously unselected package bsdmainutils.
Preparing to unpack .../12-bsdmainutils_11.1.2+b1_amd64.deb ...
Unpacking bsdmainutils (11.1.2+b1) ...
Selecting previously unselected package libuchardet0:amd64.
Preparing to unpack .../13-libuchardet0_0.0.6-3_amd64.deb ...
Unpacking libuchardet0:amd64 (0.0.6-3) ...
Selecting previously unselected package groff-base.
Preparing to unpack .../14-groff-base_1.22.4-4_amd64.deb ...
Unpacking groff-base (1.22.4-4) ...
Selecting previously unselected package libpipeline1:amd64.
Preparing to unpack .../15-libpipeline1_1.5.2-2_amd64.deb ...
Unpacking libpipeline1:amd64 (1.5.2-2) ...
Selecting previously unselected package man-db.
Preparing to unpack .../16-man-db_2.9.1-1_amd64.deb ...
Unpacking man-db (2.9.1-1) ...
Selecting previously unselected package libpython3.8-minimal:amd64.
Preparing to unpack .../17-libpython3.8-minimal_3.8.3~rc1-1_amd64.deb ...
Unpacking libpython3.8-minimal:amd64 (3.8.3~rc1-1) ...
Selecting previously unselected package libexpat1:amd64.
Preparing to unpack .../18-libexpat1_2.2.9-1_amd64.deb ...
Unpacking libexpat1:amd64 (2.2.9-1) ...
Selecting previously unselected package python3.8-minimal.
Preparing to unpack .../19-python3.8-minimal_3.8.3~rc1-1_amd64.deb ...
Unpacking python3.8-minimal (3.8.3~rc1-1) ...
Setting up libssl1.1:amd64 (1.1.1g-1) ...
Setting up libpython3.8-minimal:amd64 (3.8.3~rc1-1) ...
Setting up libexpat1:amd64 (2.2.9-1) ...
Setting up python3.8-minimal (3.8.3~rc1-1) ...
Selecting previously unselected package python3-minimal.
(Reading database ... 15488 files and directories currently installed.)
Preparing to unpack .../0-python3-minimal_3.8.2-3_amd64.deb ...
Unpacking python3-minimal (3.8.2-3) ...
Selecting previously unselected package mime-support.
Preparing to unpack .../1-mime-support_3.64_all.deb ...
Unpacking mime-support (3.64) ...
Selecting previously unselected package libmpdec2:amd64.
Preparing to unpack .../2-libmpdec2_2.4.2-3_amd64.deb ...
Unpacking libmpdec2:amd64 (2.4.2-3) ...
Selecting previously unselected package readline-common.
Preparing to unpack .../3-readline-common_8.0-4_all.deb ...
Unpacking readline-common (8.0-4) ...
Selecting previously unselected package libreadline8:amd64.
Preparing to unpack .../4-libreadline8_8.0-4_amd64.deb ...
Unpacking libreadline8:amd64 (8.0-4) ...
Selecting previously unselected package libsqlite3-0:amd64.
Preparing to unpack .../5-libsqlite3-0_3.31.1-5_amd64.deb ...
Unpacking libsqlite3-0:amd64 (3.31.1-5) ...
Selecting previously unselected package libpython3.8-stdlib:amd64.
Preparing to unpack .../6-libpython3.8-stdlib_3.8.3~rc1-1_amd64.deb ...
Unpacking libpython3.8-stdlib:amd64 (3.8.3~rc1-1) ...
Selecting previously unselected package python3.8.
Preparing to unpack .../7-python3.8_3.8.3~rc1-1_amd64.deb ...
Unpacking python3.8 (3.8.3~rc1-1) ...
Selecting previously unselected package libpython3-stdlib:amd64.
Preparing to unpack .../8-libpython3-stdlib_3.8.2-3_amd64.deb ...
Unpacking libpython3-stdlib:amd64 (3.8.2-3) ...
Setting up python3-minimal (3.8.2-3) ...
Selecting previously unselected package python3.
(Reading database ... 15922 files and directories currently installed.)
Preparing to unpack .../000-python3_3.8.2-3_amd64.deb ...
Unpacking python3 (3.8.2-3) ...
Selecting previously unselected package sgml-base.
Preparing to unpack .../001-sgml-base_1.30_all.deb ...
Unpacking sgml-base (1.30) ...
Selecting previously unselected package sensible-utils.
Preparing to unpack .../002-sensible-utils_0.0.12+nmu1_all.deb ...
Unpacking sensible-utils (0.0.12+nmu1) ...
Selecting previously unselected package libmagic-mgc.
Preparing to unpack .../003-libmagic-mgc_1%3a5.38-4_amd64.deb ...
Unpacking libmagic-mgc (1:5.38-4) ...
Selecting previously unselected package libmagic1:amd64.
Preparing to unpack .../004-libmagic1_1%3a5.38-4_amd64.deb ...
Unpacking libmagic1:amd64 (1:5.38-4) ...
Selecting previously unselected package file.
Preparing to unpack .../005-file_1%3a5.38-4_amd64.deb ...
Unpacking file (1:5.38-4) ...
Selecting previously unselected package gettext-base.
Preparing to unpack .../006-gettext-base_0.19.8.1-10_amd64.deb ...
Unpacking gettext-base (0.19.8.1-10) ...
Selecting previously unselected package libsigsegv2:amd64.
Preparing to unpack .../007-libsigsegv2_2.12-2_amd64.deb ...
Unpacking libsigsegv2:amd64 (2.12-2) ...
Selecting previously unselected package m4.
Preparing to unpack .../008-m4_1.4.18-4_amd64.deb ...
Unpacking m4 (1.4.18-4) ...
Selecting previously unselected package autoconf.
Preparing to unpack .../009-autoconf_2.69-11.1_all.deb ...
Unpacking autoconf (2.69-11.1) ...
Selecting previously unselected package autotools-dev.
Preparing to unpack .../010-autotools-dev_20180224.1_all.deb ...
Unpacking autotools-dev (20180224.1) ...
Selecting previously unselected package automake.
Preparing to unpack .../011-automake_1%3a1.16.2-1_all.deb ...
Unpacking automake (1:1.16.2-1) ...
Selecting previously unselected package autopoint.
Preparing to unpack .../012-autopoint_0.19.8.1-10_all.deb ...
Unpacking autopoint (0.19.8.1-10) ...
Selecting previously unselected package libtool.
Preparing to unpack .../013-libtool_2.4.6-14_all.deb ...
Unpacking libtool (2.4.6-14) ...
Selecting previously unselected package dh-autoreconf.
Preparing to unpack .../014-dh-autoreconf_19_all.deb ...
Unpacking dh-autoreconf (19) ...
Selecting previously unselected package libdebhelper-perl.
Preparing to unpack .../015-libdebhelper-perl_13_all.deb ...
Unpacking libdebhelper-perl (13) ...
Selecting previously unselected package libarchive-zip-perl.
Preparing to unpack .../016-libarchive-zip-perl_1.68-1_all.deb ...
Unpacking libarchive-zip-perl (1.68-1) ...
Selecting previously unselected package libsub-override-perl.
Preparing to unpack .../017-libsub-override-perl_0.09-2_all.deb ...
Unpacking libsub-override-perl (0.09-2) ...
Selecting previously unselected package libfile-stripnondeterminism-perl.
Preparing to unpack .../018-libfile-stripnondeterminism-perl_1.8.0-1_all.deb ...
Unpacking libfile-stripnondeterminism-perl (1.8.0-1) ...
Selecting previously unselected package dh-strip-nondeterminism.
Preparing to unpack .../019-dh-strip-nondeterminism_1.8.0-1_all.deb ...
Unpacking dh-strip-nondeterminism (1.8.0-1) ...
Selecting previously unselected package libelf1:amd64.
Preparing to unpack .../020-libelf1_0.176-1.1_amd64.deb ...
Unpacking libelf1:amd64 (0.176-1.1) ...
Selecting previously unselected package dwz.
Preparing to unpack .../021-dwz_0.13-5_amd64.deb ...
Unpacking dwz (0.13-5) ...
Selecting previously unselected package libglib2.0-0:amd64.
Preparing to unpack .../022-libglib2.0-0_2.64.2-1_amd64.deb ...
Unpacking libglib2.0-0:amd64 (2.64.2-1) ...
Selecting previously unselected package libicu63:amd64.
Preparing to unpack .../023-libicu63_63.2-3_amd64.deb ...
Unpacking libicu63:amd64 (63.2-3) ...
Selecting previously unselected package libxml2:amd64.
Preparing to unpack .../024-libxml2_2.9.10+dfsg-5_amd64.deb ...
Unpacking libxml2:amd64 (2.9.10+dfsg-5) ...
Selecting previously unselected package libcroco3:amd64.
Preparing to unpack .../025-libcroco3_0.6.13-1_amd64.deb ...
Unpacking libcroco3:amd64 (0.6.13-1) ...
Selecting previously unselected package gettext.
Preparing to unpack .../026-gettext_0.19.8.1-10_amd64.deb ...
Unpacking gettext (0.19.8.1-10) ...
Selecting previously unselected package intltool-debian.
Preparing to unpack .../027-intltool-debian_0.35.0+20060710.5_all.deb ...
Unpacking intltool-debian (0.35.0+20060710.5) ...
Selecting previously unselected package po-debconf.
Preparing to unpack .../028-po-debconf_1.0.21_all.deb ...
Unpacking po-debconf (1.0.21) ...
Selecting previously unselected package debhelper.
Preparing to unpack .../029-debhelper_13_all.deb ...
Unpacking debhelper (13) ...
Selecting previously unselected package libassuan0:amd64.
Preparing to unpack .../030-libassuan0_2.5.3-7_amd64.deb ...
Unpacking libassuan0:amd64 (2.5.3-7) ...
Selecting previously unselected package gpgconf.
Preparing to unpack .../031-gpgconf_2.2.20-1_amd64.deb ...
Unpacking gpgconf (2.2.20-1) ...
Selecting previously unselected package libksba8:amd64.
Preparing to unpack .../032-libksba8_1.3.5-2_amd64.deb ...
Unpacking libksba8:amd64 (1.3.5-2) ...
Selecting previously unselected package libsasl2-modules-db:amd64.
Preparing to unpack .../033-libsasl2-modules-db_2.1.27+dfsg-2_amd64.deb ...
Unpacking libsasl2-modules-db:amd64 (2.1.27+dfsg-2) ...
Selecting previously unselected package libsasl2-2:amd64.
Preparing to unpack .../034-libsasl2-2_2.1.27+dfsg-2_amd64.deb ...
Unpacking libsasl2-2:amd64 (2.1.27+dfsg-2) ...
Selecting previously unselected package libldap-common.
Preparing to unpack .../035-libldap-common_2.4.50+dfsg-1_all.deb ...
Unpacking libldap-common (2.4.50+dfsg-1) ...
Selecting previously unselected package libldap-2.4-2:amd64.
Preparing to unpack .../036-libldap-2.4-2_2.4.50+dfsg-1_amd64.deb ...
Unpacking libldap-2.4-2:amd64 (2.4.50+dfsg-1) ...
Selecting previously unselected package libnpth0:amd64.
Preparing to unpack .../037-libnpth0_1.6-1_amd64.deb ...
Unpacking libnpth0:amd64 (1.6-1) ...
Selecting previously unselected package dirmngr.
Preparing to unpack .../038-dirmngr_2.2.20-1_amd64.deb ...
Unpacking dirmngr (2.2.20-1) ...
Selecting previously unselected package xml-core.
Preparing to unpack .../039-xml-core_0.18+nmu1_all.deb ...
Unpacking xml-core (0.18+nmu1) ...
Selecting previously unselected package sgml-data.
Preparing to unpack .../040-sgml-data_2.0.11_all.deb ...
Unpacking sgml-data (2.0.11) ...
Selecting previously unselected package docbook-xml.
Preparing to unpack .../041-docbook-xml_4.5-9_all.deb ...
Unpacking docbook-xml (4.5-9) ...
Selecting previously unselected package docbook-xsl.
Preparing to unpack .../042-docbook-xsl_1.79.1+dfsg-2_all.deb ...
Unpacking docbook-xsl (1.79.1+dfsg-2) ...
Selecting previously unselected package libgirepository-1.0-1:amd64.
Preparing to unpack .../043-libgirepository-1.0-1_1.64.1-1_amd64.deb ...
Unpacking libgirepository-1.0-1:amd64 (1.64.1-1) ...
Selecting previously unselected package gir1.2-glib-2.0:amd64.
Preparing to unpack .../044-gir1.2-glib-2.0_1.64.1-1_amd64.deb ...
Unpacking gir1.2-glib-2.0:amd64 (1.64.1-1) ...
Selecting previously unselected package gnupg-l10n.
Preparing to unpack .../045-gnupg-l10n_2.2.20-1_all.deb ...
Unpacking gnupg-l10n (2.2.20-1) ...
Selecting previously unselected package gnupg-utils.
Preparing to unpack .../046-gnupg-utils_2.2.20-1_amd64.deb ...
Unpacking gnupg-utils (2.2.20-1) ...
Selecting previously unselected package gpg.
Preparing to unpack .../047-gpg_2.2.20-1_amd64.deb ...
Unpacking gpg (2.2.20-1) ...
Selecting previously unselected package pinentry-curses.
Preparing to unpack .../048-pinentry-curses_1.1.0-3+b1_amd64.deb ...
Unpacking pinentry-curses (1.1.0-3+b1) ...
Selecting previously unselected package gpg-agent.
Preparing to unpack .../049-gpg-agent_2.2.20-1_amd64.deb ...
Unpacking gpg-agent (2.2.20-1) ...
Selecting previously unselected package gpg-wks-client.
Preparing to unpack .../050-gpg-wks-client_2.2.20-1_amd64.deb ...
Unpacking gpg-wks-client (2.2.20-1) ...
Selecting previously unselected package gpg-wks-server.
Preparing to unpack .../051-gpg-wks-server_2.2.20-1_amd64.deb ...
Unpacking gpg-wks-server (2.2.20-1) ...
Selecting previously unselected package gpgsm.
Preparing to unpack .../052-gpgsm_2.2.20-1_amd64.deb ...
Unpacking gpgsm (2.2.20-1) ...
Selecting previously unselected package gnupg.
Preparing to unpack .../053-gnupg_2.2.20-1_all.deb ...
Unpacking gnupg (2.2.20-1) ...
Selecting previously unselected package libgpg-error-dev.
Preparing to unpack .../054-libgpg-error-dev_1.37-1_amd64.deb ...
Unpacking libgpg-error-dev (1.37-1) ...
Selecting previously unselected package libassuan-dev.
Preparing to unpack .../055-libassuan-dev_2.5.3-7_amd64.deb ...
Unpacking libassuan-dev (2.5.3-7) ...
Selecting previously unselected package libavahi-common-data:amd64.
Preparing to unpack .../056-libavahi-common-data_0.7-5_amd64.deb ...
Unpacking libavahi-common-data:amd64 (0.7-5) ...
Selecting previously unselected package libavahi-common3:amd64.
Preparing to unpack .../057-libavahi-common3_0.7-5_amd64.deb ...
Unpacking libavahi-common3:amd64 (0.7-5) ...
Selecting previously unselected package libavahi-common-dev:amd64.
Preparing to unpack .../058-libavahi-common-dev_0.7-5_amd64.deb ...
Unpacking libavahi-common-dev:amd64 (0.7-5) ...
Selecting previously unselected package libavahi-core7:amd64.
Preparing to unpack .../059-libavahi-core7_0.7-5_amd64.deb ...
Unpacking libavahi-core7:amd64 (0.7-5) ...
Selecting previously unselected package libavahi-core-dev:amd64.
Preparing to unpack .../060-libavahi-core-dev_0.7-5_amd64.deb ...
Unpacking libavahi-core-dev:amd64 (0.7-5) ...
Selecting previously unselected package uuid-dev:amd64.
Preparing to unpack .../061-uuid-dev_2.34-0.1_amd64.deb ...
Unpacking uuid-dev:amd64 (2.34-0.1) ...
Selecting previously unselected package libblkid-dev:amd64.
Preparing to unpack .../062-libblkid-dev_2.34-0.1_amd64.deb ...
Unpacking libblkid-dev:amd64 (2.34-0.1) ...
Selecting previously unselected package libdbus-1-3:amd64.
Preparing to unpack .../063-libdbus-1-3_1.12.16-2_amd64.deb ...
Unpacking libdbus-1-3:amd64 (1.12.16-2) ...
Selecting previously unselected package libevent-2.1-7:amd64.
Preparing to unpack .../064-libevent-2.1-7_2.1.11-stable-1_amd64.deb ...
Unpacking libevent-2.1-7:amd64 (2.1.11-stable-1) ...
Selecting previously unselected package libffi-dev:amd64.
Preparing to unpack .../065-libffi-dev_3.3-4_amd64.deb ...
Unpacking libffi-dev:amd64 (3.3-4) ...
Selecting previously unselected package libglib2.0-data.
Preparing to unpack .../066-libglib2.0-data_2.64.2-1_all.deb ...
Unpacking libglib2.0-data (2.64.2-1) ...
Selecting previously unselected package libglib2.0-bin.
Preparing to unpack .../067-libglib2.0-bin_2.64.2-1_amd64.deb ...
Unpacking libglib2.0-bin (2.64.2-1) ...
Selecting previously unselected package python3-lib2to3.
Preparing to unpack .../068-python3-lib2to3_3.8.2-2_all.deb ...
Unpacking python3-lib2to3 (3.8.2-2) ...
Selecting previously unselected package python3-distutils.
Preparing to unpack .../069-python3-distutils_3.8.2-2_all.deb ...
Unpacking python3-distutils (3.8.2-2) ...
Selecting previously unselected package libglib2.0-dev-bin.
Preparing to unpack .../070-libglib2.0-dev-bin_2.64.2-1_amd64.deb ...
Unpacking libglib2.0-dev-bin (2.64.2-1) ...
Selecting previously unselected package libmount-dev:amd64.
Preparing to unpack .../071-libmount-dev_2.34-0.1_amd64.deb ...
Unpacking libmount-dev:amd64 (2.34-0.1) ...
Selecting previously unselected package libpcre16-3:amd64.
Preparing to unpack .../072-libpcre16-3_2%3a8.39-12+b1_amd64.deb ...
Unpacking libpcre16-3:amd64 (2:8.39-12+b1) ...
Selecting previously unselected package libpcre32-3:amd64.
Preparing to unpack .../073-libpcre32-3_2%3a8.39-12+b1_amd64.deb ...
Unpacking libpcre32-3:amd64 (2:8.39-12+b1) ...
Selecting previously unselected package libpcrecpp0v5:amd64.
Preparing to unpack .../074-libpcrecpp0v5_2%3a8.39-12+b1_amd64.deb ...
Unpacking libpcrecpp0v5:amd64 (2:8.39-12+b1) ...
Selecting previously unselected package libpcre3-dev:amd64.
Preparing to unpack .../075-libpcre3-dev_2%3a8.39-12+b1_amd64.deb ...
Unpacking libpcre3-dev:amd64 (2:8.39-12+b1) ...
Selecting previously unselected package libsepol1-dev:amd64.
Preparing to unpack .../076-libsepol1-dev_3.0-1_amd64.deb ...
Unpacking libsepol1-dev:amd64 (3.0-1) ...
Selecting previously unselected package libpcre2-16-0:amd64.
Preparing to unpack .../077-libpcre2-16-0_10.34-7_amd64.deb ...
Unpacking libpcre2-16-0:amd64 (10.34-7) ...
Selecting previously unselected package libpcre2-32-0:amd64.
Preparing to unpack .../078-libpcre2-32-0_10.34-7_amd64.deb ...
Unpacking libpcre2-32-0:amd64 (10.34-7) ...
Selecting previously unselected package libpcre2-posix2:amd64.
Preparing to unpack .../079-libpcre2-posix2_10.34-7_amd64.deb ...
Unpacking libpcre2-posix2:amd64 (10.34-7) ...
Selecting previously unselected package libpcre2-dev:amd64.
Preparing to unpack .../080-libpcre2-dev_10.34-7_amd64.deb ...
Unpacking libpcre2-dev:amd64 (10.34-7) ...
Selecting previously unselected package libselinux1-dev:amd64.
Preparing to unpack .../081-libselinux1-dev_3.0-1+b3_amd64.deb ...
Unpacking libselinux1-dev:amd64 (3.0-1+b3) ...
Selecting previously unselected package pkg-config.
Preparing to unpack .../082-pkg-config_0.29.2-1_amd64.deb ...
Unpacking pkg-config (0.29.2-1) ...
Selecting previously unselected package zlib1g-dev:amd64.
Preparing to unpack .../083-zlib1g-dev_1%3a1.2.11.dfsg-2_amd64.deb ...
Unpacking zlib1g-dev:amd64 (1:1.2.11.dfsg-2) ...
Selecting previously unselected package libglib2.0-dev:amd64.
Preparing to unpack .../084-libglib2.0-dev_2.64.2-1_amd64.deb ...
Unpacking libglib2.0-dev:amd64 (2.64.2-1) ...
Selecting previously unselected package libgmpxx4ldbl:amd64.
Preparing to unpack .../085-libgmpxx4ldbl_2%3a6.2.0+dfsg-4_amd64.deb ...
Unpacking libgmpxx4ldbl:amd64 (2:6.2.0+dfsg-4) ...
Selecting previously unselected package libgmp-dev:amd64.
Preparing to unpack .../086-libgmp-dev_2%3a6.2.0+dfsg-4_amd64.deb ...
Unpacking libgmp-dev:amd64 (2:6.2.0+dfsg-4) ...
Selecting previously unselected package libunbound8:amd64.
Preparing to unpack .../087-libunbound8_1.10.0-1_amd64.deb ...
Unpacking libunbound8:amd64 (1.10.0-1) ...
Selecting previously unselected package libgnutls-dane0:amd64.
Preparing to unpack .../088-libgnutls-dane0_3.6.13-2_amd64.deb ...
Unpacking libgnutls-dane0:amd64 (3.6.13-2) ...
Selecting previously unselected package libgnutls-openssl27:amd64.
Preparing to unpack .../089-libgnutls-openssl27_3.6.13-2_amd64.deb ...
Unpacking libgnutls-openssl27:amd64 (3.6.13-2) ...
Selecting previously unselected package libgnutlsxx28:amd64.
Preparing to unpack .../090-libgnutlsxx28_3.6.13-2_amd64.deb ...
Unpacking libgnutlsxx28:amd64 (3.6.13-2) ...
Selecting previously unselected package libidn2-dev:amd64.
Preparing to unpack .../091-libidn2-dev_2.3.0-1_amd64.deb ...
Unpacking libidn2-dev:amd64 (2.3.0-1) ...
Selecting previously unselected package libp11-kit-dev:amd64.
Preparing to unpack .../092-libp11-kit-dev_0.23.20-1_amd64.deb ...
Unpacking libp11-kit-dev:amd64 (0.23.20-1) ...
Selecting previously unselected package libtasn1-6-dev:amd64.
Preparing to unpack .../093-libtasn1-6-dev_4.16.0-2_amd64.deb ...
Unpacking libtasn1-6-dev:amd64 (4.16.0-2) ...
Selecting previously unselected package nettle-dev:amd64.
Preparing to unpack .../094-nettle-dev_3.5.1+really3.5.1-2_amd64.deb ...
Unpacking nettle-dev:amd64 (3.5.1+really3.5.1-2) ...
Selecting previously unselected package libgnutls28-dev:amd64.
Preparing to unpack .../095-libgnutls28-dev_3.6.13-2_amd64.deb ...
Unpacking libgnutls28-dev:amd64 (3.6.13-2) ...
Selecting previously unselected package libgpgme11:amd64.
Preparing to unpack .../096-libgpgme11_1.13.1-7+b1_amd64.deb ...
Unpacking libgpgme11:amd64 (1.13.1-7+b1) ...
Selecting previously unselected package libgpgme-dev.
Preparing to unpack .../097-libgpgme-dev_1.13.1-7+b1_amd64.deb ...
Unpacking libgpgme-dev (1.13.1-7+b1) ...
Selecting previously unselected package libnl-3-200:amd64.
Preparing to unpack .../098-libnl-3-200_3.4.0-1+b1_amd64.deb ...
Unpacking libnl-3-200:amd64 (3.4.0-1+b1) ...
Selecting previously unselected package libnl-3-dev:amd64.
Preparing to unpack .../099-libnl-3-dev_3.4.0-1+b1_amd64.deb ...
Unpacking libnl-3-dev:amd64 (3.4.0-1+b1) ...
Selecting previously unselected package libnl-route-3-200:amd64.
Preparing to unpack .../100-libnl-route-3-200_3.4.0-1+b1_amd64.deb ...
Unpacking libnl-route-3-200:amd64 (3.4.0-1+b1) ...
Selecting previously unselected package libnl-route-3-dev:amd64.
Preparing to unpack .../101-libnl-route-3-dev_3.4.0-1+b1_amd64.deb ...
Unpacking libnl-route-3-dev:amd64 (3.4.0-1+b1) ...
Selecting previously unselected package libxslt1.1:amd64.
Preparing to unpack .../102-libxslt1.1_1.1.34-4_amd64.deb ...
Unpacking libxslt1.1:amd64 (1.1.34-4) ...
Selecting previously unselected package python3-dbus.
Preparing to unpack .../103-python3-dbus_1.2.16-2_amd64.deb ...
Unpacking python3-dbus (1.2.16-2) ...
Selecting previously unselected package python3-gi.
Preparing to unpack .../104-python3-gi_3.36.0-3_amd64.deb ...
Unpacking python3-gi (3.36.0-3) ...
Selecting previously unselected package xsltproc.
Preparing to unpack .../105-xsltproc_1.1.34-4_amd64.deb ...
Unpacking xsltproc (1.1.34-4) ...
Selecting previously unselected package sbuild-build-depends-main-dummy.
Preparing to unpack .../106-sbuild-build-depends-main-dummy_0.invalid.0_amd64.deb ...
Unpacking sbuild-build-depends-main-dummy (0.invalid.0) ...
Setting up libip4tc2:amd64 (1.8.4-3) ...
Setting up libksba8:amd64 (1.3.5-2) ...
Setting up libpcrecpp0v5:amd64 (2:8.39-12+b1) ...
Setting up libpipeline1:amd64 (1.5.2-2) ...
Setting up libapparmor1:amd64 (2.13.4-1+b1) ...
Setting up libgnutls-openssl27:amd64 (3.6.13-2) ...
Setting up mime-support (3.64) ...
Setting up libpcre16-3:amd64 (2:8.39-12+b1) ...
Setting up libmagic-mgc (1:5.38-4) ...
Setting up libarchive-zip-perl (1.68-1) ...
Setting up libglib2.0-0:amd64 (2.64.2-1) ...
No schema files found: doing nothing.
Setting up libargon2-1:amd64 (0~20171227-0.2) ...
Setting up libdebhelper-perl (13) ...
Setting up libsqlite3-0:amd64 (3.31.1-5) ...
Setting up libmagic1:amd64 (1:5.38-4) ...
Setting up libsepol1-dev:amd64 (3.0-1) ...
Setting up gettext-base (0.19.8.1-10) ...
Setting up libnpth0:amd64 (1.6-1) ...
Setting up file (1:5.38-4) ...
Setting up libassuan0:amd64 (2.5.3-7) ...
Setting up libffi-dev:amd64 (3.3-4) ...
Setting up libldap-common (2.4.50+dfsg-1) ...
Setting up libpcre2-16-0:amd64 (10.34-7) ...
Setting up libicu63:amd64 (63.2-3) ...
Setting up libcap2:amd64 (1:2.33-1) ...
Setting up libsasl2-modules-db:amd64 (2.1.27+dfsg-2) ...
Setting up autotools-dev (20180224.1) ...
Setting up libpcre2-32-0:amd64 (10.34-7) ...
Setting up libglib2.0-data (2.64.2-1) ...
Setting up libgmpxx4ldbl:amd64 (2:6.2.0+dfsg-4) ...
Setting up libgpg-error-dev (1.37-1) ...
Setting up gnupg-l10n (2.2.20-1) ...
Setting up uuid-dev:amd64 (2.34-0.1) ...
Setting up libavahi-common-data:amd64 (0.7-5) ...
Setting up libdbus-1-3:amd64 (1.12.16-2) ...
Setting up libsigsegv2:amd64 (2.12-2) ...
Setting up bsdmainutils (11.1.2+b1) ...
update-alternatives: using /usr/bin/bsd-write to provide /usr/bin/write (write) in auto mode
update-alternatives: using /usr/bin/bsd-from to provide /usr/bin/from (from) in auto mode
Setting up libpcre32-3:amd64 (2:8.39-12+b1) ...
Setting up libevent-2.1-7:amd64 (2.1.11-stable-1) ...
Setting up autopoint (0.19.8.1-10) ...
Setting up pkg-config (0.29.2-1) ...
Setting up libassuan-dev (2.5.3-7) ...
Setting up libgnutlsxx28:amd64 (3.6.13-2) ...
Setting up libpcre2-posix2:amd64 (10.34-7) ...
Setting up libidn2-dev:amd64 (2.3.0-1) ...
Setting up libsasl2-2:amd64 (2.1.27+dfsg-2) ...
Setting up zlib1g-dev:amd64 (1:1.2.11.dfsg-2) ...
Setting up sensible-utils (0.0.12+nmu1) ...
Setting up libuchardet0:amd64 (0.0.6-3) ...
Setting up libnl-3-200:amd64 (3.4.0-1+b1) ...
Setting up libsub-override-perl (0.09-2) ...
Setting up libgirepository-1.0-1:amd64 (1.64.1-1) ...
Setting up sgml-base (1.30) ...
Setting up libmpdec2:amd64 (2.4.2-3) ...
Setting up libjson-c4:amd64 (0.13.1+dfsg-7) ...
Setting up libtasn1-6-dev:amd64 (4.16.0-2) ...
Setting up libelf1:amd64 (0.176-1.1) ...
Setting up readline-common (8.0-4) ...
Setting up libxml2:amd64 (2.9.10+dfsg-5) ...
Setting up libp11-kit-dev:amd64 (0.23.20-1) ...
Setting up libkmod2:amd64 (27+20200310-2) ...
Setting up pinentry-curses (1.1.0-3+b1) ...
Setting up libfile-stripnondeterminism-perl (1.8.0-1) ...
Setting up libblkid-dev:amd64 (2.34-0.1) ...
Setting up libgmp-dev:amd64 (2:6.2.0+dfsg-4) ...
Setting up libpcre2-dev:amd64 (10.34-7) ...
Setting up nettle-dev:amd64 (3.5.1+really3.5.1-2) ...
Setting up libtool (2.4.6-14) ...
Setting up libselinux1-dev:amd64 (3.0-1+b3) ...
Setting up libpcre3-dev:amd64 (2:8.39-12+b1) ...
Setting up libreadline8:amd64 (8.0-4) ...
Setting up libavahi-common3:amd64 (0.7-5) ...
Setting up libglib2.0-bin (2.64.2-1) ...
Setting up libldap-2.4-2:amd64 (2.4.50+dfsg-1) ...
Setting up m4 (1.4.18-4) ...
Setting up libnl-route-3-200:amd64 (3.4.0-1+b1) ...
Setting up libunbound8:amd64 (1.10.0-1) ...
Setting up libcroco3:amd64 (0.6.13-1) ...
Setting up gir1.2-glib-2.0:amd64 (1.64.1-1) ...
Setting up autoconf (2.69-11.1) ...
Setting up dh-strip-nondeterminism (1.8.0-1) ...
Setting up dwz (0.13-5) ...
Setting up libnl-3-dev:amd64 (3.4.0-1+b1) ...
Setting up groff-base (1.22.4-4) ...
Setting up libavahi-common-dev:amd64 (0.7-5) ...
Setting up xml-core (0.18+nmu1) ...
Setting up libxslt1.1:amd64 (1.1.34-4) ...
Setting up gpgconf (2.2.20-1) ...
Setting up libpython3.8-stdlib:amd64 (3.8.3~rc1-1) ...
Setting up python3.8 (3.8.3~rc1-1) ...
Setting up libavahi-core7:amd64 (0.7-5) ...
Setting up libmount-dev:amd64 (2.34-0.1) ...
Setting up gpg (2.2.20-1) ...
Setting up libpython3-stdlib:amd64 (3.8.2-3) ...
Setting up gnupg-utils (2.2.20-1) ...
Setting up automake (1:1.16.2-1) ...
update-alternatives: using /usr/bin/automake-1.16 to provide /usr/bin/automake (automake) in auto mode
Setting up libgnutls-dane0:amd64 (3.6.13-2) ...
Setting up gettext (0.19.8.1-10) ...
Setting up gpg-agent (2.2.20-1) ...
Created symlink /etc/systemd/user/sockets.target.wants/gpg-agent-browser.socket  /usr/lib/systemd/user/gpg-agent-browser.socket.
Created symlink /etc/systemd/user/sockets.target.wants/gpg-agent-extra.socket  /usr/lib/systemd/user/gpg-agent-extra.socket.
Created symlink /etc/systemd/user/sockets.target.wants/gpg-agent-ssh.socket  /usr/lib/systemd/user/gpg-agent-ssh.socket.
Created symlink /etc/systemd/user/sockets.target.wants/gpg-agent.socket  /usr/lib/systemd/user/gpg-agent.socket.
Setting up gpgsm (2.2.20-1) ...
Setting up xsltproc (1.1.34-4) ...
Setting up python3 (3.8.2-3) ...
Setting up man-db (2.9.1-1) ...
Not building database; man-db/auto-update is not 'true'.
Created symlink /etc/systemd/system/timers.target.wants/man-db.timer  /lib/systemd/system/man-db.timer.
Setting up libgpgme11:amd64 (1.13.1-7+b1) ...
Setting up intltool-debian (0.35.0+20060710.5) ...
Setting up libnl-route-3-dev:amd64 (3.4.0-1+b1) ...
Setting up dirmngr (2.2.20-1) ...
Created symlink /etc/systemd/user/sockets.target.wants/dirmngr.socket  /usr/lib/systemd/user/dirmngr.socket.
Setting up python3-gi (3.36.0-3) ...
Setting up libgpgme-dev (1.13.1-7+b1) ...
Setting up gpg-wks-server (2.2.20-1) ...
Setting up libavahi-core-dev:amd64 (0.7-5) ...
Setting up python3-lib2to3 (3.8.2-2) ...
Setting up python3-distutils (3.8.2-2) ...
Setting up libgnutls28-dev:amd64 (3.6.13-2) ...
Setting up libglib2.0-dev-bin (2.64.2-1) ...
Setting up python3-dbus (1.2.16-2) ...
Setting up gpg-wks-client (2.2.20-1) ...
Setting up po-debconf (1.0.21) ...
Setting up libglib2.0-dev:amd64 (2.64.2-1) ...
Setting up gnupg (2.2.20-1) ...
Setting up dh-autoreconf (19) ...
Setting up systemd-timesyncd (245.5-2) ...
Created symlink /etc/systemd/system/dbus-org.freedesktop.timesync1.service  /lib/systemd/system/systemd-timesyncd.service.
Created symlink /etc/systemd/system/sysinit.target.wants/systemd-timesyncd.service  /lib/systemd/system/systemd-timesyncd.service.
Setting up libdevmapper1.02.1:amd64 (2:1.02.167-1+b1) ...
Setting up dmsetup (2:1.02.167-1+b1) ...
Setting up libcryptsetup12:amd64 (2:2.3.1-1) ...
Setting up debhelper (13) ...
Setting up systemd (245.5-2) ...
Created symlink /etc/systemd/system/getty.target.wants/getty@tty1.service  /lib/systemd/system/getty@.service.
Created symlink /etc/systemd/system/multi-user.target.wants/remote-fs.target  /lib/systemd/system/remote-fs.target.
Created symlink /etc/systemd/system/sysinit.target.wants/systemd-pstore.service  /lib/systemd/system/systemd-pstore.service.
Initializing machine ID from KVM UUID.
Processing triggers for libc-bin (2.30-4) ...
Processing triggers for sgml-base (1.30) ...
Setting up sgml-data (2.0.11) ...
Setting up docbook-xsl (1.79.1+dfsg-2) ...
Processing triggers for sgml-base (1.30) ...
Setting up docbook-xml (4.5-9) ...
Processing triggers for sgml-base (1.30) ...
Setting up sbuild-build-depends-main-dummy (0.invalid.0) ...

+------------------------------------------------------------------------------+
| Check architectures                                                          |
+------------------------------------------------------------------------------+

Arch check ok (amd64 included in linux-any all)

+------------------------------------------------------------------------------+
| Build environment                                                            |
+------------------------------------------------------------------------------+

Kernel: Linux 4.19.0-6-cloud-amd64 #1 SMP Debian 4.19.67-2+deb10u2 (2019-11-11) amd64 (x86_64)
Toolchain package versions: binutils_2.34-6 dpkg-dev_1.19.7 g++-9_9.3.0-11 gcc-9_9.3.0-11 libc6-dev_2.30-4 libstdc++-9-dev_9.3.0-11 libstdc++6_10-20200502-1 linux-libc-dev_5.6.7-1
Package versions: adduser_3.118 apt_2.0.2 autoconf_2.69-11.1 automake_1:1.16.2-1 autopoint_0.19.8.1-10 autotools-dev_20180224.1 base-files_11 base-passwd_3.5.47 bash_5.0-6 binutils_2.34-6 binutils-common_2.34-6 binutils-x86-64-linux-gnu_2.34-6 bsdmainutils_11.1.2+b1 bsdutils_1:2.34-0.1 build-essential_12.8 bzip2_1.0.8-2 clang-10_1:10.0.0-4 coreutils_8.30-3+b1 cpp_4:9.2.1-3.1 cpp-9_9.3.0-11 dash_0.5.10.2-7 debconf_1.5.74 debhelper_13 debian-archive-keyring_2019.1 debianutils_4.9.1 dh-autoreconf_19 dh-strip-nondeterminism_1.8.0-1 diffutils_1:3.7-3 dirmngr_2.2.20-1 dmsetup_2:1.02.167-1+b1 docbook-xml_4.5-9 docbook-xsl_1.79.1+dfsg-2 dpkg_1.19.7 dpkg-dev_1.19.7 dwz_0.13-5 e2fsprogs_1.45.6-1 fakeroot_1.24-1 fdisk_2.34-0.1 file_1:5.38-4 findutils_4.7.0-1 g++_4:9.2.1-3.1 g++-9_9.3.0-11 gcc_4:9.2.1-3.1 gcc-10-base_10-20200502-1 gcc-9_9.3.0-11 gcc-9-base_9.3.0-11 gettext_0.19.8.1-10 gettext-base_0.19.8.1-10 gir1.2-glib-2.0_1.64.1-1 gnupg_2.2.20-1 gnupg-l10n_2.2.20-1 gnupg-utils_2.2.20-1 gpg_2.2.20-1 gpg-agent_2.2.20-1 gpg-wks-client_2.2.20-1 gpg-wks-server_2.2.20-1 gpgconf_2.2.20-1 gpgsm_2.2.20-1 gpgv_2.2.20-1 grep_3.4-1 groff-base_1.22.4-4 gzip_1.10-2 hostname_3.23 init-system-helpers_1.57 intltool-debian_0.35.0+20060710.5 lib32gcc-s1_10-20200502-1 lib32gcc1_1:10-20200502-1 lib32stdc++6_10-20200502-1 libacl1_2.2.53-8 libapparmor1_2.13.4-1+b1 libapt-pkg6.0_2.0.2 libarchive-zip-perl_1.68-1 libargon2-1_0~20171227-0.2 libasan5_9.3.0-11 libassuan-dev_2.5.3-7 libassuan0_2.5.3-7 libatomic1_10-20200502-1 libattr1_1:2.4.48-5 libaudit-common_1:2.8.5-3 libaudit1_1:2.8.5-3+b1 libavahi-common-data_0.7-5 libavahi-common-dev_0.7-5 libavahi-common3_0.7-5 libavahi-core-dev_0.7-5 libavahi-core7_0.7-5 libbinutils_2.34-6 libblkid-dev_2.34-0.1 libblkid1_2.34-0.1 libbsd0_0.10.0-1 libbz2-1.0_1.0.8-2 libc-bin_2.30-4 libc-dev-bin_2.30-4 libc6_2.30-4 libc6-dev_2.30-4 libc6-i386_2.30-4 libcap-ng0_0.7.9-2.1+b2 libcap2_1:2.33-1 libcc1-0_10-20200502-1 libclang-common-10-dev_1:10.0.0-4 libclang-cpp10_1:10.0.0-4 libclang1-10_1:10.0.0-4 libcom-err2_1.45.6-1 libcroco3_0.6.13-1 libcrypt-dev_1:4.4.16-1 libcrypt1_1:4.4.16-1 libcryptsetup12_2:2.3.1-1 libctf-nobfd0_2.34-6 libctf0_2.34-6 libdb5.3_5.3.28+dfsg1-0.6 libdbus-1-3_1.12.16-2 libdebconfclient0_0.251 libdebhelper-perl_13 libdevmapper1.02.1_2:1.02.167-1+b1 libdpkg-perl_1.19.7 libedit2_3.1-20191231-1 libelf1_0.176-1.1 libevent-2.1-7_2.1.11-stable-1 libexpat1_2.2.9-1 libext2fs2_1.45.6-1 libfakeroot_1.24-1 libfdisk1_2.34-0.1 libffi-dev_3.3-4 libffi7_3.3-4 libfile-stripnondeterminism-perl_1.8.0-1 libgc1c2_1:7.6.4-0.4 libgcc-9-dev_9.3.0-11 libgcc-s1_10-20200502-1 libgcrypt20_1.8.5-5 libgdbm-compat4_1.18.1-5 libgdbm6_1.18.1-5 libgirepository-1.0-1_1.64.1-1 libglib2.0-0_2.64.2-1 libglib2.0-bin_2.64.2-1 libglib2.0-data_2.64.2-1 libglib2.0-dev_2.64.2-1 libglib2.0-dev-bin_2.64.2-1 libgmp-dev_2:6.2.0+dfsg-4 libgmp10_2:6.2.0+dfsg-4 libgmpxx4ldbl_2:6.2.0+dfsg-4 libgnutls-dane0_3.6.13-2 libgnutls-openssl27_3.6.13-2 libgnutls28-dev_3.6.13-2 libgnutls30_3.6.13-2 libgnutlsxx28_3.6.13-2 libgomp1_10-20200502-1 libgpg-error-dev_1.37-1 libgpg-error0_1.37-1 libgpgme-dev_1.13.1-7+b1 libgpgme11_1.13.1-7+b1 libhogweed5_3.5.1+really3.5.1-2 libicu63_63.2-3 libidn2-0_2.3.0-1 libidn2-dev_2.3.0-1 libip4tc2_1.8.4-3 libisl22_0.22.1-1 libitm1_10-20200502-1 libjson-c4_0.13.1+dfsg-7 libkmod2_27+20200310-2 libksba8_1.3.5-2 libldap-2.4-2_2.4.50+dfsg-1 libldap-common_2.4.50+dfsg-1 libllvm10_1:10.0.0-4 liblsan0_10-20200502-1 liblz4-1_1.9.2-2 liblzma5_5.2.4-1+b1 libmagic-mgc_1:5.38-4 libmagic1_1:5.38-4 libmount-dev_2.34-0.1 libmount1_2.34-0.1 libmpc3_1.1.0-1 libmpdec2_2.4.2-3 libmpfr6_4.0.2-1 libncursesw6_6.2-1 libnettle7_3.5.1+really3.5.1-2 libnl-3-200_3.4.0-1+b1 libnl-3-dev_3.4.0-1+b1 libnl-route-3-200_3.4.0-1+b1 libnl-route-3-dev_3.4.0-1+b1 libnpth0_1.6-1 libobjc-9-dev_9.3.0-11 libobjc4_10-20200502-1 libomp-10-dev_1:10.0.0-4 libomp5-10_1:10.0.0-4 libp11-kit-dev_0.23.20-1 libp11-kit0_0.23.20-1 libpam-modules_1.3.1-5 libpam-modules-bin_1.3.1-5 libpam-runtime_1.3.1-5 libpam0g_1.3.1-5 libpcre16-3_2:8.39-12+b1 libpcre2-16-0_10.34-7 libpcre2-32-0_10.34-7 libpcre2-8-0_10.34-7 libpcre2-dev_10.34-7 libpcre2-posix2_10.34-7 libpcre3_2:8.39-12+b1 libpcre3-dev_2:8.39-12+b1 libpcre32-3_2:8.39-12+b1 libpcrecpp0v5_2:8.39-12+b1 libperl5.30_5.30.0-10 libpipeline1_1.5.2-2 libpython3-stdlib_3.8.2-3 libpython3.8-minimal_3.8.3~rc1-1 libpython3.8-stdlib_3.8.3~rc1-1 libquadmath0_10-20200502-1 libreadline8_8.0-4 libsasl2-2_2.1.27+dfsg-2 libsasl2-modules-db_2.1.27+dfsg-2 libseccomp2_2.4.3-1+b1 libselinux1_3.0-1+b3 libselinux1-dev_3.0-1+b3 libsemanage-common_3.0-1 libsemanage1_3.0-1+b3 libsepol1_3.0-1 libsepol1-dev_3.0-1 libsigsegv2_2.12-2 libsmartcols1_2.34-0.1 libsqlite3-0_3.31.1-5 libss2_1.45.6-1 libssl1.1_1.1.1g-1 libstdc++-9-dev_9.3.0-11 libstdc++6_10-20200502-1 libsub-override-perl_0.09-2 libsystemd0_245.5-2 libtasn1-6_4.16.0-2 libtasn1-6-dev_4.16.0-2 libtinfo6_6.2-1 libtool_2.4.6-14 libtsan0_10-20200502-1 libubsan1_10-20200502-1 libuchardet0_0.0.6-3 libudev1_245.5-2 libunbound8_1.10.0-1 libunistring2_0.9.10-2 libuuid1_2.34-0.1 libxml2_2.9.10+dfsg-5 libxslt1.1_1.1.34-4 libz3-4_4.8.7-4 libzstd1_1.4.4+dfsg-3 linux-libc-dev_5.6.7-1 login_1:4.8.1-1 logsave_1.45.6-1 lsb-base_11.1.0 m4_1.4.18-4 make_4.2.1-1.3 man-db_2.9.1-1 mawk_1.3.4.20200120-2 mime-support_3.64 mount_2.34-0.1 ncurses-base_6.2-1 ncurses-bin_6.2-1 nettle-dev_3.5.1+really3.5.1-2 passwd_1:4.8.1-1 patch_2.7.6-6 perl_5.30.0-10 perl-base_5.30.0-10 perl-modules-5.30_5.30.0-10 pinentry-curses_1.1.0-3+b1 pkg-config_0.29.2-1 po-debconf_1.0.21 python3_3.8.2-3 python3-dbus_1.2.16-2 python3-distutils_3.8.2-2 python3-gi_3.36.0-3 python3-lib2to3_3.8.2-2 python3-minimal_3.8.2-3 python3.8_3.8.3~rc1-1 python3.8-minimal_3.8.3~rc1-1 qt5-qmake_5.12.5+dfsg-10 qt5-qmake-bin_5.12.5+dfsg-10 qtchooser_66-2 readline-common_8.0-4 sbuild-build-depends-main-dummy_0.invalid.0 sed_4.7-1 sensible-utils_0.0.12+nmu1 sgml-base_1.30 sgml-data_2.0.11 systemd_245.5-2 systemd-timesyncd_245.5-2 sysvinit-utils_2.96-3 tar_1.30+dfsg-7 tzdata_2020a-1 util-linux_2.34-0.1 uuid-dev_2.34-0.1 xml-core_0.18+nmu1 xsltproc_1.1.34-4 xz-utils_5.2.4-1+b1 zlib1g_1:1.2.11.dfsg-2 zlib1g-dev_1:1.2.11.dfsg-2

+------------------------------------------------------------------------------+
| Build                                                                        |
+------------------------------------------------------------------------------+


Unpack source
-------------

-----BEGIN PGP SIGNED MESSAGE-----
Hash: SHA256

Format: 3.0 (quilt)
Source: mandos
Binary: mandos, mandos-client
Architecture: linux-any all
Version: 1.8.11-1
Maintainer: Mandos Maintainers <mandos@recompile.se>
Uploaders: Teddy Hogeborn <teddy@recompile.se>, Bjrn Phlsson <belorn@recompile.se>
Homepage: https://www.recompile.se/mandos
Standards-Version: 4.5.0
Vcs-Browser: https://bzr.recompile.se/loggerhead/mandos/trunk/files
Vcs-Bzr: https://ftp.recompile.se/pub/mandos/trunk
Testsuite: autopkgtest
Build-Depends: debhelper (>= 10), docbook-xml, docbook-xsl, libavahi-core-dev, libgpgme-dev | libgpgme11-dev, libglib2.0-dev (>= 2.40), libgnutls28-dev (>= 3.3.0), libgnutls28-dev (>= 3.6.6) | libgnutls28-dev (<< 3.6.0), xsltproc, pkg-config, libnl-route-3-dev, systemd
Build-Depends-Indep: python3 (>= 3), python3-dbus, python3-gi, po-debconf
Package-List:
 mandos deb admin optional arch=all
 mandos-client deb admin optional arch=linux-any
Checksums-Sha1:
 327d5bf5ce27943aa53eb0c598f2af2fa4662286 241935 mandos_1.8.11.orig.tar.gz
 cb2cb2c80b66bd73bdd03881ecc7be10594797d4 25620 mandos_1.8.11-1.debian.tar.xz
Checksums-Sha256:
 81e92ccfb7902159db47a4702357be5199646a757d880c378814a0e093741def 241935 mandos_1.8.11.orig.tar.gz
 68c8ac43d1a72ff561424bea2c290ff134f438035ee4ca2429ab10cb28fc0892 25620 mandos_1.8.11-1.debian.tar.xz
Files:
 4679ffcaa73416462c136a061fdc3c76 241935 mandos_1.8.11.orig.tar.gz
 6c409cee0257ad05fef1b7ffda75c82b 25620 mandos_1.8.11-1.debian.tar.xz

-----BEGIN PGP SIGNATURE-----

iQIzBAEBCAAdFiEEY75bks/gQYVhlZRZ65sbAd4FcuQFAl6OG+UACgkQ65sbAd4F
cuQF9A/+NHhvlR0/V2eSs2+WoFxE9T3lItG/jA7EgQf5emqtOhPYhL5bWXMehI86
2/8wfkeEYLdCMwli6swA6NVdqcG6Cmvuu22Vnt92qSHUjp6D1DRk2kv4sX7Eucs4
PJqdlXvX+RtGFShio5e0qykHo1wc2gvCRmLL68JoX1eunRbKmnevxIPkWbpglCbf
0jm9trPujoq7cTbUagkqxUImK25cUGqG+yRF4hZyD0GTVoE/I9UwEuTziW6ELmGr
9nx5+4s9feAsX/QKL024tvAjfRWk/W+2ZfxuI1AMbHBqKUeYsQCKQv4GdbY3iBxH
AiAJqcIrxxPxY3K3Tplb5wXsemenNgrQ4OpVICcTb3/GZEV3ldKTB4nfS5lXQszI
lFxMDfTBJeo5SDcKK3kg5zSfl4LCaZzohI8kbBA1uuiKuScKcaaLrXj1HLcDmZly
o+ehml4zuKdBpGYXrqLn+dmoQVT9CQV9iMTM/qzcFAwG60i0z7e2yvk0Pe/PxCPX
oNKfj/ft4zPk1ustM8EnAWW4LPugob2Iudq+dsQ8ccSerm4dbYiRXOffyJ6KluXq
xTX+fOJUcdzm5hkthTQcQRzO5R4H6oQ8ZZ7aDRR2XcS+7+rA03igPXfj2SJ5USzL
7BzEtPjVNU3m9shmw2bVANxOo0mD3eKcGOiIJRCqAkP7qUDlqLg=
=7Gpx
-----END PGP SIGNATURE-----

gpgv: unknown type of key resource 'trustedkeys.kbx'
gpgv: keyblock resource '/sbuild-nonexistent/.gnupg/trustedkeys.kbx': General error
gpgv: Signature made Wed Apr  8 18:45:57 2020 UTC
gpgv:                using RSA key 63BE5B92CFE0418561959459EB9B1B01DE0572E4
gpgv: Can't check signature: No public key
dpkg-source: warning: failed to verify signature on ./mandos_1.8.11-1.dsc
dpkg-source: info: extracting mandos in /<<PKGBUILDDIR>>
dpkg-source: info: unpacking mandos_1.8.11.orig.tar.gz
dpkg-source: info: unpacking mandos_1.8.11-1.debian.tar.xz

Check disk space
----------------

Sufficient free space for build

User Environment
----------------

APT_CONFIG=/var/lib/sbuild/apt.conf
HOME=/sbuild-nonexistent
LANG=C.UTF-8
LC_ALL=C.UTF-8
LOGNAME=user42
PATH=/usr/local/sbin:/usr/local/bin:/usr/sbin:/usr/bin:/sbin:/bin:/usr/games
SCHROOT_ALIAS_NAME=unstable
SCHROOT_CHROOT_NAME=sid-amd64-sbuild
SCHROOT_COMMAND=env
SCHROOT_GID=1001
SCHROOT_GROUP=user42
SCHROOT_SESSION_ID=sid-amd64-sbuild-e18025cb-a37e-48d8-8f05-52356572ca12
SCHROOT_UID=1001
SCHROOT_USER=user42
SHELL=/bin/sh
USER=user42

dpkg-buildpackage
-----------------

Command: dpkg-buildpackage -us -uc -b -rfakeroot
dpkg-buildpackage: info: source package mandos
dpkg-buildpackage: info: source version 1.8.11-1
dpkg-buildpackage: info: source distribution unstable
dpkg-buildpackage: info: source changed by Teddy Hogeborn <teddy@recompile.se>
 dpkg-source --before-build .
dpkg-buildpackage: info: host architecture amd64
 fakeroot debian/rules clean
dh clean
   dh_auto_clean
	make -j4 distclean
make[1]: Entering directory '/<<PKGBUILDDIR>>'
rm --force plugin-runner dracut-module/password-agent plugins.d/password-prompt plugins.d/mandos-client plugins.d/usplash plugins.d/splashy plugins.d/askpass-fifo plugins.d/plymouth plugin-helpers/mandos-client-iprouteadddel plugin-runner.o dracut-module/password-agent.o plugins.d/password-prompt.o plugins.d/mandos-client.o plugins.d/usplash.o plugins.d/splashy.o plugins.d/askpass-fifo.o plugins.d/plymouth.o plugin-helpers/mandos-client-iprouteadddel.o mandos.8.xhtml mandos-keygen.8.xhtml mandos-monitor.8.xhtml mandos-ctl.8.xhtml mandos.conf.5.xhtml mandos-clients.conf.5.xhtml plugin-runner.8mandos.xhtml dracut-module/password-agent.8mandos.xhtml plugins.d/mandos-client.8mandos.xhtml plugins.d/password-prompt.8mandos.xhtml plugins.d/usplash.8mandos.xhtml plugins.d/splashy.8mandos.xhtml plugins.d/askpass-fifo.8mandos.xhtml plugins.d/plymouth.8mandos.xhtml intro.8mandos.xhtml mandos.8 mandos-keygen.8 mandos-monitor.8 mandos-ctl.8 mandos.conf.5 mandos-clients.conf.5 plugin-runner.8mandos dracut-module/password-agent.8mandos plugins.d/mandos-client.8mandos plugins.d/password-prompt.8mandos plugins.d/usplash.8mandos plugins.d/splashy.8mandos plugins.d/askpass-fifo.8mandos plugins.d/plymouth.8mandos intro.8mandos core
make[1]: Leaving directory '/<<PKGBUILDDIR>>'
   dh_clean
 debian/rules build
dh build
   dh_update_autotools_config
   dh_autoreconf
   dh_auto_configure
   debian/rules override_dh_auto_build-arch
make[1]: Entering directory '/<<PKGBUILDDIR>>'
LC_ALL=en_US.utf8 dh_auto_build -- all doc
perl: warning: Setting locale failed.
perl: warning: Please check that your locale settings:
	LANGUAGE = (unset),
	LC_ALL = "en_US.utf8",
	LANG = "C.UTF-8"
    are supported and installed on your system.
perl: warning: Falling back to a fallback locale ("C.UTF-8").
	make -j4 all doc
make[2]: Entering directory '/<<PKGBUILDDIR>>'
cc -g -O2 -fdebug-prefix-map=/<<PKGBUILDDIR>>=. -fstack-protector-strong -Wformat -Werror=format-security -O -Wall -Wextra -Wdouble-promotion -Wformat=2 -Winit-self -Wmissing-include-dirs -Wswitch-default -Wswitch-enum -Wunused -Wuninitialized -Wstrict-overflow=5 -Wsuggest-attribute=pure -Wsuggest-attribute=const -Wsuggest-attribute=noreturn -Wfloat-equal -Wundef -Wshadow -Wunsafe-loop-optimizations -Wpointer-arith -Wbad-function-cast -Wcast-qual -Wcast-align -Wwrite-strings -Wconversion -Wlogical-op -Waggregate-return -Wstrict-prototypes -Wold-style-definition -Wmissing-format-attribute -Wnormalized=nfc -Wpacked -Wredundant-decls -Wnested-externs -Winline -Wvla -Wvolatile-register-var -Woverlength-strings  -D_FORTIFY_SOURCE=2 -fstack-protector-all -fPIC -fPIE  -Os -fno-strict-aliasing -std=gnu11 -D_FILE_OFFSET_BITS=64 -DVERSION='"1.8.11"' -Wdate-time -D_FORTIFY_SOURCE=2 -Wl,-z,relro -Xlinker --as-needed   -pie  -Xlinker -z -Xlinker relro -Xlinker -z -Xlinker now  plugin-runner.c   -o plugin-runner
cc -g -O2 -fdebug-prefix-map=/<<PKGBUILDDIR>>=. -fstack-protector-strong -Wformat -Werror=format-security -O -Wall -Wextra -Wdouble-promotion -Wformat=2 -Winit-self -Wmissing-include-dirs -Wswitch-default -Wswitch-enum -Wunused -Wuninitialized -Wstrict-overflow=5 -Wsuggest-attribute=pure -Wsuggest-attribute=const -Wsuggest-attribute=noreturn -Wfloat-equal -Wundef -Wshadow -Wunsafe-loop-optimizations -Wpointer-arith -Wbad-function-cast -Wcast-qual -Wcast-align -Wwrite-strings -Wconversion -Wlogical-op -Waggregate-return -Wstrict-prototypes -Wold-style-definition -Wmissing-format-attribute -Wnormalized=nfc -Wpacked -Wredundant-decls -Wnested-externs -Winline -Wvla -Wvolatile-register-var -Woverlength-strings  -D_FORTIFY_SOURCE=2 -fstack-protector-all -fPIC -fPIE  -Os -fno-strict-aliasing -std=gnu11 -D_FILE_OFFSET_BITS=64 -DVERSION='"1.8.11"' -I/usr/include/glib-2.0 -I/usr/lib/x86_64-linux-gnu/glib-2.0/include -Wdate-time -D_FORTIFY_SOURCE=2 -Wl,-z,relro -Xlinker --as-needed   -pie  -Xlinker -z -Xlinker relro -Xlinker -z -Xlinker now  dracut-module/password-agent.c  -lglib-2.0 -lpthread -o dracut-module/password-agent
cc -g -O2 -fdebug-prefix-map=/<<PKGBUILDDIR>>=. -fstack-protector-strong -Wformat -Werror=format-security -O -Wall -Wextra -Wdouble-promotion -Wformat=2 -Winit-self -Wmissing-include-dirs -Wswitch-default -Wswitch-enum -Wunused -Wuninitialized -Wstrict-overflow=5 -Wsuggest-attribute=pure -Wsuggest-attribute=const -Wsuggest-attribute=noreturn -Wfloat-equal -Wundef -Wshadow -Wunsafe-loop-optimizations -Wpointer-arith -Wbad-function-cast -Wcast-qual -Wcast-align -Wwrite-strings -Wconversion -Wlogical-op -Waggregate-return -Wstrict-prototypes -Wold-style-definition -Wmissing-format-attribute -Wnormalized=nfc -Wpacked -Wredundant-decls -Wnested-externs -Winline -Wvla -Wvolatile-register-var -Woverlength-strings  -D_FORTIFY_SOURCE=2 -fstack-protector-all -fPIC -fPIE  -Os -fno-strict-aliasing -std=gnu11 -D_FILE_OFFSET_BITS=64 -DVERSION='"1.8.11"' -Wdate-time -D_FORTIFY_SOURCE=2 -Wl,-z,relro -Xlinker --as-needed   -pie  -Xlinker -z -Xlinker relro -Xlinker -z -Xlinker now  plugins.d/password-prompt.c   -o plugins.d/password-prompt
cc -g -O2 -fdebug-prefix-map=/<<PKGBUILDDIR>>=. -fstack-protector-strong -Wformat -Werror=format-security -O -Wall -Wextra -Wdouble-promotion -Wformat=2 -Winit-self -Wmissing-include-dirs -Wswitch-default -Wswitch-enum -Wunused -Wuninitialized -Wstrict-overflow=5 -Wsuggest-attribute=pure -Wsuggest-attribute=const -Wsuggest-attribute=noreturn -Wfloat-equal -Wundef -Wshadow -Wunsafe-loop-optimizations -Wpointer-arith -Wbad-function-cast -Wcast-qual -Wcast-align -Wwrite-strings -Wconversion -Wlogical-op -Waggregate-return -Wstrict-prototypes -Wold-style-definition -Wmissing-format-attribute -Wnormalized=nfc -Wpacked -Wredundant-decls -Wnested-externs -Winline -Wvla -Wvolatile-register-var -Woverlength-strings  -D_FORTIFY_SOURCE=2 -fstack-protector-all -fPIC -fPIE  -Os -fno-strict-aliasing -std=gnu11 -D_FILE_OFFSET_BITS=64 -DVERSION='"1.8.11"' -I/usr/include/p11-kit-1    -Wdate-time -D_FORTIFY_SOURCE=2 -Wl,-z,relro -Xlinker --as-needed   -pie  -Xlinker -z -Xlinker relro -Xlinker -z -Xlinker now  plugins.d/mandos-client.c  -lgnutls  -lavahi-common -lavahi-core -L/usr/lib/x86_64-linux-gnu -lgpgme -lassuan -lgpg-error -o plugins.d/mandos-client
warningwarning: unknown warning option '-Wsuggest-attribute=pure'; did you mean '-WNSObject-attribute'? [-Wunknown-warning-option]
warning: unknown warning option '-Wsuggest-attribute=pure'; did you mean '-WNSObject-attribute'? [-Wunknown-warning-option]
warning: unknown warning option '-Wsuggest-attribute=pure'; did you mean '-WNSObject-attribute'? [-Wunknown-warning-option]
: unknown warning option '-Wsuggest-attribute=pure'; did you mean '-WNSObject-attribute'? [-Wunknown-warning-option]
warningwarning: unknown warning option '-Wsuggest-attribute=const' [-Wunknown-warning-option]
warning: unknown warning option '-Wsuggest-attribute=const' [-Wunknown-warning-option]
: unknown warning option '-Wsuggest-attribute=const' [-Wunknown-warning-option]
warning: unknown warning option '-Wsuggest-attribute=const' [-Wunknown-warning-option]
warning: unknown warning option '-Wsuggest-attribute=noreturn' [-Wunknown-warning-option]
warning: unknown warning option '-Wsuggest-attribute=noreturn' [-Wunknown-warning-option]
warning: unknown warning option '-Wsuggest-attribute=noreturn' [-Wunknown-warning-option]
warning: unknown warning option '-Wsuggest-attribute=noreturn' [-Wunknown-warning-option]
warning: unknown warning option '-Wunsafe-loop-optimizations' [-Wunknown-warning-option]
warning: unknown warning option '-Wunsafe-loop-optimizations' [-Wunknown-warning-option]
warning: unknown warning option '-Wunsafe-loop-optimizations' [-Wunknown-warning-option]
warning: unknown warning option '-Wunsafe-loop-optimizations' [-Wunknown-warning-option]
warning: unknown warning option '-Wlogical-op'; did you mean '-Wlong-long'? [-Wunknown-warning-option]
warning: unknown warning option '-Wlogical-op'; did you mean '-Wlong-long'? [-Wunknown-warning-option]
warning: unknown warning option '-Wlogical-op'; did you mean '-Wlong-long'? [-Wunknown-warning-option]
warning: unknown warning option '-Wlogical-op'; did you mean '-Wlong-long'? [-Wunknown-warning-option]
warning: unknown warning option '-Wnormalized=nfc'; did you mean '-Wformat-pedantic'? [-Wunknown-warning-option]
warning: unknown warning option '-Wnormalized=nfc'; did you mean '-Wformat-pedantic'? [-Wunknown-warning-option]
warning: unknown warning option '-Wnormalized=nfc'; did you mean '-Wformat-pedantic'? [-Wunknown-warning-option]
warning: unknown warning option '-Wnormalized=nfc'; did you mean '-Wformat-pedantic'? [-Wunknown-warning-option]
plugins.d/password-prompt.c:78:16: warning: 'format' attribute argument not supported: gnu_printf [-Wignored-attributes]
__attribute__((format (gnu_printf, 3, 4)))
               ^
plugins.d/password-prompt.c:86:26: warning: format string is not a string literal [-Wformat-nonliteral]
  ret = vasprintf(&text, formatstring, ap);
                         ^~~~~~~~~~~~
plugins.d/password-prompt.c:90:22: warning: format string is not a string literal [-Wformat-nonliteral]
    vfprintf(stderr, formatstring, ap);
                     ^~~~~~~~~~~~
plugins.d/password-prompt.c:119:51: error: function definition is not allowed here
  int is_plymouth(const struct dirent *proc_entry){
                                                  ^
plugin-runner.c:448:66: error: function definition is not allowed here
  error_t parse_opt(int key, char *arg, struct argp_state *state){
                                                                 ^
plugin-runner.c:615:30: error: function definition is not allowed here
                                struct argp_state *state){
                                                         ^
plugins.d/password-prompt.c:220:39: error: use of undeclared identifier 'is_plymouth'
  ret = scandir("/proc", &direntries, is_plymouth, alphasort);
                                      ^
plugins.d/password-prompt.c:270:69: error: function definition is not allowed here
    error_t parse_opt (int key, char *arg, struct argp_state *state){
                                                                    ^
plugins.d/password-prompt.c:304:56: error: use of undeclared identifier 'parse_opt'
    struct argp argp = { .options = options, .parser = parse_opt,
                                                       ^
plugin-runner.c:649:20: error: use of undeclared identifier 'parse_opt_config_file'
                       .parser = parse_opt_config_file,
                                 ^
plugin-runner.c:673:17: error: use of undeclared identifier 'parse_opt'
9 warnings  argp.parser = parse_opt;
                ^
 and 4 errors generated.
plugin-runner.c:899:52: error: function definition is not allowed here
  int good_name(const struct dirent * const dirent){
                                                   ^
plugin-runner.c:924:56: error: use of undeclared identifier 'good_name'
  int numplugins = scandirat(dir_fd, ".", &direntries, good_name,
                                                       ^
make[2]: *** [<builtin>: plugins.d/password-prompt] Error 1
make[2]: *** Waiting for unfinished jobs....
6 warnings and 6 errors generated.
make[2]: *** [<builtin>: plugin-runner] Error 1
plugins.d/mandos-client.c:202:16: warning: 'format' attribute argument not supported: gnu_printf [-Wignored-attributes]
__attribute__((format (gnu_printf, 2, 3), nonnull))
               ^
plugins.d/mandos-client.c:209:51: warning: format string is not a string literal [-Wformat-nonliteral]
  return (int)TEMP_FAILURE_RETRY(vfprintf(stream, format, ap));
                                                  ^~~~~~
/usr/include/unistd.h:1102:34: note: expanded from macro 'TEMP_FAILURE_RETRY'
       do __result = (long int) (expression);                                 \
                                 ^~~~~~~~~~
plugins.d/mandos-client.c:349:47: error: function definition is not allowed here
  bool import_key(const char * const filename){
                                              ^
plugins.d/mandos-client.c:549:10: warning: implicit declaration of function 'import_key' is invalid in C99 [-Wimplicit-function-declaration]
  if(not import_key(pubkey) or not import_key(seckey)){
         ^
plugins.d/mandos-client.c:2378:18: warning: implicit conversion from 'int' to 'float' may lose precision [-Wimplicit-int-float-conversion]
  for(int i = 0; i < delay * 4; i++){
                 ^ ~
plugins.d/mandos-client.c:2610:34: error: function definition is not allowed here
                      struct argp_state *state){
                                               ^
plugins.d/mandos-client.c:2697:56: error: use of undeclared identifier 'parse_opt'
    struct argp argp = { .options = options, .parser = parse_opt,
                                                       ^
plugins.d/mandos-client.c:3278:23: error: function definition is not allowed here
                    uintmax_t level){
                                    ^
plugins.d/mandos-client.c:3333:5: warning: implicit declaration of function 'clean_dir_at' is invalid in C99 [-Wimplicit-function-declaration]
    clean_dir_at(-1, tempdir, 0);
    ^
11 warnings and 4 errors generated.
dracut-module/password-agent.c:149:18: warning: unknown attribute 'designated_init' ignored [-Wunknown-attributes]
} __attribute__((designated_init)) task_queue;
                 ^
make[2]: *** [<builtin>: plugins.d/mandos-client] Error 1
dracut-module/password-agent.c:166:18: warning: unknown attribute 'designated_init' ignored [-Wunknown-attributes]
} __attribute__((designated_init)) buffer;
                 ^
dracut-module/password-agent.c:174:18: warning: unknown attribute 'designated_init' ignored [-Wunknown-attributes]
} __attribute__((designated_init)) string_set;
                 ^
dracut-module/password-agent.c:201:18: warning: unknown attribute 'designated_init' ignored [-Wunknown-attributes]
} __attribute__((designated_init)) task_context;
                 ^
dracut-module/password-agent.c:266:16: warning: 'nonnull' attribute applied to function with no pointer arguments [-Wignored-attributes]
__attribute__((nonnull, warn_unused_result))
               ^
dracut-module/password-agent.c:516:12: warning: missing field 'key' initializer [-Wmissing-field-initializers]
    { NULL },
           ^
dracut-module/password-agent.c:520:68: error: function definition is not allowed here
    error_t parse_opt(int key, char *arg, struct argp_state *state){
                                                                   ^
dracut-module/password-agent.c:572:13: error: use of undeclared identifier 'parse_opt'
    .parser=parse_opt,
            ^
dracut-module/password-agent.c:492:15: warning: unused parameter 'agent_directory' [-Wunused-parameter]
                     char **agent_directory, char **helper_directory,
                            ^
dracut-module/password-agent.c:492:39: warning: unused parameter 'helper_directory' [-Wunused-parameter]
                     char **agent_directory, char **helper_directory,
                                                    ^
dracut-module/password-agent.c:493:21: warning: unused parameter 'user' [-Wunused-parameter]
                     uid_t *const user, gid_t *const group,
                                  ^
dracut-module/password-agent.c:493:40: warning: unused parameter 'group' [-Wunused-parameter]
                     uid_t *const user, gid_t *const group,
                                                     ^
dracut-module/password-agent.c:494:15: warning: unused parameter 'mandos_argz' [-Wunused-parameter]
                     char **mandos_argz, size_t *mandos_argz_length){
                            ^
dracut-module/password-agent.c:494:36: warning: unused parameter 'mandos_argz_length' [-Wunused-parameter]
                     char **mandos_argz, size_t *mandos_argz_length){
                                                 ^
dracut-module/password-agent.c:1093:26: warning: field 'event' with variable sized type 'struct inotify_event' not at the end of a struct or class is a GNU extension [-Wgnu-variable-sized-type-not-at-end]
    struct inotify_event event;
                         ^
dracut-module/password-agent.c:1199:49: error: function definition is not allowed here
    void cleanup_g_key_file(GKeyFile **key_file){
                                                ^
dracut-module/password-agent.c:1205:26: error: use of undeclared identifier 'cleanup_g_key_file'
  __attribute__((cleanup(cleanup_g_key_file)))
                         ^
dracut-module/password-agent.c:1654:16: warning: 'nonnull' attribute applied to function with no pointer arguments [-Wignored-attributes]
__attribute__((nonnull, warn_unused_result))
               ^
dracut-module/password-agent.c:1660:38: error: function definition is not allowed here
                             const mono_microsecs nextrun){
                                                          ^
dracut-module/password-agent.c:1671:28: warning: implicit declaration of function 'milliseconds_to_wait' is invalid in C99 [-Wimplicit-function-declaration]
  const int wait_time_ms = milliseconds_to_wait(current_time,
                           ^
dracut-module/password-agent.c:2815:37: error: function definition is not allowed here
  pid_t create_eternal_process(void){
                                    ^
dracut-module/password-agent.c:2830:15: warning: implicit declaration of function 'create_eternal_process' is invalid in C99 [-Wimplicit-function-declaration]
  pid_t pid = create_eternal_process();
              ^
dracut-module/password-agent.c:2809:60: warning: unused parameter 'fixture' [-Wunused-parameter]
void test_wait_for_mandos_client_exit_noexit(test_fixture *fixture,
                                                           ^
dracut-module/password-agent.c:2864:40: error: function definition is not allowed here
  pid_t create_successful_process(void){
                                       ^
dracut-module/password-agent.c:2877:21: warning: implicit declaration of function 'create_successful_process' is invalid in C99 [-Wimplicit-function-declaration]
  const pid_t pid = create_successful_process();
                    ^
dracut-module/password-agent.c:2857:61: warning: unused parameter 'fixture' [-Wunused-parameter]
void test_wait_for_mandos_client_exit_success(test_fixture *fixture,
                                                            ^
dracut-module/password-agent.c:2917:37: error: function definition is not allowed here
  pid_t create_failing_process(void){
                                    ^
dracut-module/password-agent.c:2930:21: warning: implicit declaration of function 'create_failing_process' is invalid in C99 [-Wimplicit-function-declaration]
  const pid_t pid = create_failing_process();
                    ^
dracut-module/password-agent.c:2987:36: error: function definition is not allowed here
  pid_t create_killed_process(void){
                                   ^
dracut-module/password-agent.c:3003:21: warning: implicit declaration of function 'create_killed_process' is invalid in C99 [-Wimplicit-function-declaration]
  const pid_t pid = create_killed_process();
                    ^
dracut-module/password-agent.c:2981:60: warning: unused parameter 'fixture' [-Wunused-parameter]
void test_wait_for_mandos_client_exit_killed(test_fixture *fixture,
                                                           ^
dracut-module/password-agent.c:4169:26: warning: field 'event' with variable sized type 'struct inotify_event' not at the end of a struct or class is a GNU extension [-Wgnu-variable-sized-type-not-at-end]
    struct inotify_event event;
                         ^
dracut-module/password-agent.c:4264:26: warning: field 'event' with variable sized type 'struct inotify_event' not at the end of a struct or class is a GNU extension [-Wgnu-variable-sized-type-not-at-end]
    struct inotify_event event;
                         ^
dracut-module/password-agent.c:4361:26: warning: field 'event' with variable sized type 'struct inotify_event' not at the end of a struct or class is a GNU extension [-Wgnu-variable-sized-type-not-at-end]
    struct inotify_event event;
                         ^
dracut-module/password-agent.c:4446:26: warning: field 'event' with variable sized type 'struct inotify_event' not at the end of a struct or class is a GNU extension [-Wgnu-variable-sized-type-not-at-end]
    struct inotify_event event;
                         ^
dracut-module/password-agent.c:4530:26: warning: field 'event' with variable sized type 'struct inotify_event' not at the end of a struct or class is a GNU extension [-Wgnu-variable-sized-type-not-at-end]
    struct inotify_event event;
                         ^
dracut-module/password-agent.c:4606:26: warning: field 'event' with variable sized type 'struct inotify_event' not at the end of a struct or class is a GNU extension [-Wgnu-variable-sized-type-not-at-end]
    struct inotify_event event;
                         ^
dracut-module/password-agent.c:4685:26: warning: field 'event' with variable sized type 'struct inotify_event' not at the end of a struct or class is a GNU extension [-Wgnu-variable-sized-type-not-at-end]
    struct inotify_event event;
                         ^
dracut-module/password-agent.c:4770:26: warning: field 'event' with variable sized type 'struct inotify_event' not at the end of a struct or class is a GNU extension [-Wgnu-variable-sized-type-not-at-end]
    struct inotify_event event;
                         ^
dracut-module/password-agent.c:5869:15: warning: unused variable 'read_socket' [-Wunused-variable]
    const int read_socket = socketfds[0];
              ^
dracut-module/password-agent.c:5925:15: warning: unused variable 'read_socket' [-Wunused-variable]
    const int read_socket = socketfds[0];
              ^
dracut-module/password-agent.c:6000:15: warning: unused variable 'read_socket' [-Wunused-variable]
    const int read_socket = socketfds[0];
              ^
dracut-module/password-agent.c:6520:69: error: function definition is not allowed here
  bool queue_contains_question_opener(char *const question_filename){
                                                                    ^
dracut-module/password-agent.c:6533:17: warning: implicit declaration of function 'queue_contains_question_opener' is invalid in C99 [-Wimplicit-function-declaration]
  g_assert_true(queue_contains_question_opener(question_filename1));
                ^
dracut-module/password-agent.c:6534:17: warning: implicit declaration of function 'queue_contains_question_opener' is invalid in C99 [-Wimplicit-function-declaration]
  g_assert_true(queue_contains_question_opener(question_filename2));
                ^
dracut-module/password-agent.c:6716:15: warning: unused variable 'epoll_fd' [-Wunused-variable]
    const int epoll_fd = epoll_create1(EPOLL_CLOEXEC);
              ^
dracut-module/password-agent.c:6774:50: error: function definition is not allowed here
                   __attribute__((unused)) task_queue *const q){
                                                               ^
dracut-module/password-agent.c:6779:11: error: use of undeclared identifier 'quit_func'
    .func=quit_func,
          ^
dracut-module/password-agent.c:6812:30: error: function definition is not allowed here
                       task_queue *const q){
                                           ^
dracut-module/password-agent.c:6817:11: error: use of undeclared identifier 'next_run_func'
    .func=next_run_func,
          ^
dracut-module/password-agent.c:6842:30: error: function definition is not allowed here
                       task_queue *const q){
                                           ^
dracut-module/password-agent.c:6848:52: error: function definition is not allowed here
                     __attribute__((unused)) task_queue *const q){
                                                                 ^
dracut-module/password-agent.c:6853:11: error: use of undeclared identifier 'next_run_func'
    .func=next_run_func,
          ^
dracut-module/password-agent.c:6858:11: error: use of undeclared identifier 'exited_func'
    .func=exited_func,
          ^
dracut-module/password-agent.c:6885:49: error: function definition is not allowed here
                         __attribute__((unused)) task_queue *const q){
                                                                     ^
fatal error: too many errors emitted, stopping now [-ferror-limit=]
42 warnings and 20 errors generated.
make[2]: *** [<builtin>: dracut-module/password-agent] Error 1
make[2]: Leaving directory '/<<PKGBUILDDIR>>'
dh_auto_build: error: make -j4 all doc returned exit code 2
make[1]: *** [debian/rules:16: override_dh_auto_build-arch] Error 25
make[1]: Leaving directory '/<<PKGBUILDDIR>>'
make: *** [debian/rules:13: build] Error 2
dpkg-buildpackage: error: debian/rules build subprocess returned exit status 2
--------------------------------------------------------------------------------
Build finished at 2020-05-03T05:05:34Z

Finished
--------


+------------------------------------------------------------------------------+
| Cleanup                                                                      |
+------------------------------------------------------------------------------+

Purging /<<BUILDDIR>>
Not cleaning session: cloned chroot in use
E: Build failure (dpkg-buildpackage died)

+------------------------------------------------------------------------------+
| Summary                                                                      |
+------------------------------------------------------------------------------+

Build Architecture: amd64
Build Type: binary
Build-Space: 1572
Build-Time: 1
Distribution: unstable
Fail-Stage: build
Host Architecture: amd64
Install-Time: 18
Job: mandos_1.8.11-1
Machine Architecture: amd64
Package: mandos
Package-Time: 34
Source-Version: 1.8.11-1
Space: 1572
Status: attempted
Version: 1.8.11-1
--------------------------------------------------------------------------------
Finished at 2020-05-03T05:05:34Z
Build needed 00:00:34, 1572k disk space
E: Build failure (dpkg-buildpackage died)
DC-Status: Failed 35.969273234s
DC-Time-Estimation: 35.969273234 versus expected 76 (r/m: 1.1129145286194135 ; m: 35.969273234)
