DC-Build-Header: openvpn-auth-ldap 2.0.4-1 / 2020-05-03 05:10:15 +0000
DC-Task: type:rebuild-binarch-only source:openvpn-auth-ldap version:2.0.4-1 chroot:unstable esttime:54 logfile:/tmp/openvpn-auth-ldap_2.0.4-1_unstable_clang10.log modes:clang10:binarch-only
DC-Sbuild-call: su user42 -c 'sbuild -n --arch-any --apt-update -d unstable -v --no-run-lintian --chroot-setup-commands=/tmp/clang10 openvpn-auth-ldap_2.0.4-1'
sbuild (Debian sbuild) 0.78.1 (09 February 2019) on ip-172-31-9-59.eu-central-1.compute.internal

+==============================================================================+
| openvpn-auth-ldap 2.0.4-1 (amd64)            Sun, 03 May 2020 05:10:15 +0000 |
+==============================================================================+

Package: openvpn-auth-ldap
Version: 2.0.4-1
Source Version: 2.0.4-1
Distribution: unstable
Machine Architecture: amd64
Host Architecture: amd64
Build Architecture: amd64
Build Type: binary

I: NOTICE: Log filtering will replace 'var/run/schroot/mount/sid-amd64-sbuild-caf232d9-6921-4db1-8650-2fd8a6d0eea2' with '<<CHROOT>>'

+------------------------------------------------------------------------------+
| Chroot Setup Commands                                                        |
+------------------------------------------------------------------------------+


/tmp/clang10
------------

+ echo 'Entering customization script...'
Entering customization script...
+ CLANG_VERSION=10
+ echo 'Install of clang-10'
Install of clang-10
+ apt-get update
Get:1 http://127.0.0.1:12990/debian sid InRelease [146 kB]
Get:2 http://127.0.0.1:12990/debian sid/main Sources.diff/Index [27.9 kB]
Get:3 http://127.0.0.1:12990/debian sid/main amd64 Packages.diff/Index [27.9 kB]
Get:4 http://127.0.0.1:12990/debian sid/main Sources 2020-05-02-0208.16.pdiff [3982 B]
Get:5 http://127.0.0.1:12990/debian sid/main Sources 2020-05-02-0807.49.pdiff [10.9 kB]
Get:6 http://127.0.0.1:12990/debian sid/main Sources 2020-05-02-1412.30.pdiff [12.9 kB]
Get:7 http://127.0.0.1:12990/debian sid/main Sources 2020-05-02-2007.10.pdiff [13.4 kB]
Get:8 http://127.0.0.1:12990/debian sid/main Sources 2020-05-03-0208.39.pdiff [9476 B]
Get:8 http://127.0.0.1:12990/debian sid/main Sources 2020-05-03-0208.39.pdiff [9476 B]
Get:9 http://127.0.0.1:12990/debian sid/main amd64 Packages 2020-05-02-0208.16.pdiff [2772 B]
Get:10 http://127.0.0.1:12990/debian sid/main amd64 Packages 2020-05-02-0807.49.pdiff [3238 B]
Get:11 http://127.0.0.1:12990/debian sid/main amd64 Packages 2020-05-02-1412.30.pdiff [7641 B]
Get:12 http://127.0.0.1:12990/debian sid/main amd64 Packages 2020-05-02-2007.10.pdiff [10.5 kB]
Get:13 http://127.0.0.1:12990/debian sid/main amd64 Packages 2020-05-03-0208.39.pdiff [18.4 kB]
Get:13 http://127.0.0.1:12990/debian sid/main amd64 Packages 2020-05-03-0208.39.pdiff [18.4 kB]
Get:14 http://127.0.0.1:12990/debian sid/main Translation-en [6185 kB]
Fetched 6480 kB in 2s (3770 kB/s)
Reading package lists...
+ apt-get install --yes --no-install-recommends --force-yes clang-10 libomp-10-dev libobjc-9-dev
Reading package lists...
Building dependency tree...
The following additional packages will be installed:
  gcc-10-base lib32gcc-s1 lib32gcc1 lib32stdc++6 libatomic1 libbsd0 libc6-i386
  libcc1-0 libclang-common-10-dev libclang-cpp10 libclang1-10 libedit2
  libgc1c2 libgcc-s1 libgomp1 libitm1 libllvm10 liblsan0 libobjc4 libomp5-10
  libquadmath0 libstdc++6 libtsan0 libubsan1 libz3-4
Suggested packages:
  clang-10-doc libomp-10-doc
Recommended packages:
  llvm-10-dev python3
The following NEW packages will be installed:
  clang-10 lib32gcc-s1 lib32gcc1 lib32stdc++6 libbsd0 libc6-i386
  libclang-common-10-dev libclang-cpp10 libclang1-10 libedit2 libgc1c2
  libllvm10 libobjc-9-dev libobjc4 libomp-10-dev libomp5-10 libz3-4
The following packages will be upgraded:
  gcc-10-base libatomic1 libcc1-0 libgcc-s1 libgomp1 libitm1 liblsan0
  libquadmath0 libstdc++6 libtsan0 libubsan1
11 upgraded, 17 newly installed, 0 to remove and 0 not upgraded.
Need to get 51.4 MB of archives.
After this operation, 259 MB of additional disk space will be used.
Get:1 http://127.0.0.1:12990/debian sid/main amd64 libatomic1 amd64 10-20200502-1 [9048 B]
Get:2 http://127.0.0.1:12990/debian sid/main amd64 libubsan1 amd64 10-20200502-1 [134 kB]
Get:3 http://127.0.0.1:12990/debian sid/main amd64 libtsan0 amd64 10-20200502-1 [313 kB]
Get:4 http://127.0.0.1:12990/debian sid/main amd64 gcc-10-base amd64 10-20200502-1 [197 kB]
Get:5 http://127.0.0.1:12990/debian sid/main amd64 libstdc++6 amd64 10-20200502-1 [492 kB]
Get:6 http://127.0.0.1:12990/debian sid/main amd64 libquadmath0 amd64 10-20200502-1 [145 kB]
Get:7 http://127.0.0.1:12990/debian sid/main amd64 liblsan0 amd64 10-20200502-1 [141 kB]
Get:8 http://127.0.0.1:12990/debian sid/main amd64 libitm1 amd64 10-20200502-1 [25.7 kB]
Get:9 http://127.0.0.1:12990/debian sid/main amd64 libgomp1 amd64 10-20200502-1 [99.3 kB]
Get:10 http://127.0.0.1:12990/debian sid/main amd64 libcc1-0 amd64 10-20200502-1 [39.7 kB]
Get:11 http://127.0.0.1:12990/debian sid/main amd64 libgcc-s1 amd64 10-20200502-1 [41.2 kB]
Get:12 http://127.0.0.1:12990/debian sid/main amd64 libbsd0 amd64 0.10.0-1 [107 kB]
Get:13 http://127.0.0.1:12990/debian sid/main amd64 libedit2 amd64 3.1-20191231-1 [95.4 kB]
Get:14 http://127.0.0.1:12990/debian sid/main amd64 libz3-4 amd64 4.8.7-4 [6790 kB]
Get:15 http://127.0.0.1:12990/debian sid/main amd64 libllvm10 amd64 1:10.0.0-4 [15.5 MB]
Get:16 http://127.0.0.1:12990/debian sid/main amd64 libclang-cpp10 amd64 1:10.0.0-4 [10.1 MB]
Get:17 http://127.0.0.1:12990/debian sid/main amd64 libgc1c2 amd64 1:7.6.4-0.4 [224 kB]
Get:18 http://127.0.0.1:12990/debian sid/main amd64 libobjc4 amd64 10-20200502-1 [41.6 kB]
Get:19 http://127.0.0.1:12990/debian sid/main amd64 libobjc-9-dev amd64 9.3.0-11 [218 kB]
Get:20 http://127.0.0.1:12990/debian sid/main amd64 libc6-i386 amd64 2.30-4 [2926 kB]
Get:21 http://127.0.0.1:12990/debian sid/main amd64 lib32gcc-s1 amd64 10-20200502-1 [49.4 kB]
Get:22 http://127.0.0.1:12990/debian sid/main amd64 lib32gcc1 amd64 1:10-20200502-1 [1100 B]
Get:23 http://127.0.0.1:12990/debian sid/main amd64 lib32stdc++6 amd64 10-20200502-1 [510 kB]
Get:24 http://127.0.0.1:12990/debian sid/main amd64 libclang-common-10-dev amd64 1:10.0.0-4 [5062 kB]
Get:25 http://127.0.0.1:12990/debian sid/main amd64 libclang1-10 amd64 1:10.0.0-4 [7609 kB]
Get:26 http://127.0.0.1:12990/debian sid/main amd64 clang-10 amd64 1:10.0.0-4 [105 kB]
Get:27 http://127.0.0.1:12990/debian sid/main amd64 libomp5-10 amd64 1:10.0.0-4 [338 kB]
Get:28 http://127.0.0.1:12990/debian sid/main amd64 libomp-10-dev amd64 1:10.0.0-4 [85.0 kB]
debconf: delaying package configuration, since apt-utils is not installed
Fetched 51.4 MB in 0s (141 MB/s)
(Reading database ... (Reading database ... 5%(Reading database ... 10%(Reading database ... 15%(Reading database ... 20%(Reading database ... 25%(Reading database ... 30%(Reading database ... 35%(Reading database ... 40%(Reading database ... 45%(Reading database ... 50%(Reading database ... 55%(Reading database ... 60%(Reading database ... 65%(Reading database ... 70%(Reading database ... 75%(Reading database ... 80%(Reading database ... 85%(Reading database ... 90%(Reading database ... 95%(Reading database ... 100%(Reading database ... 12123 files and directories currently installed.)
Preparing to unpack .../libatomic1_10-20200502-1_amd64.deb ...
Unpacking libatomic1:amd64 (10-20200502-1) over (10-20200418-1) ...
Preparing to unpack .../libubsan1_10-20200502-1_amd64.deb ...
Unpacking libubsan1:amd64 (10-20200502-1) over (10-20200418-1) ...
Preparing to unpack .../libtsan0_10-20200502-1_amd64.deb ...
Unpacking libtsan0:amd64 (10-20200502-1) over (10-20200418-1) ...
Preparing to unpack .../gcc-10-base_10-20200502-1_amd64.deb ...
Unpacking gcc-10-base:amd64 (10-20200502-1) over (10-20200418-1) ...
Setting up gcc-10-base:amd64 (10-20200502-1) ...
(Reading database ... (Reading database ... 5%(Reading database ... 10%(Reading database ... 15%(Reading database ... 20%(Reading database ... 25%(Reading database ... 30%(Reading database ... 35%(Reading database ... 40%(Reading database ... 45%(Reading database ... 50%(Reading database ... 55%(Reading database ... 60%(Reading database ... 65%(Reading database ... 70%(Reading database ... 75%(Reading database ... 80%(Reading database ... 85%(Reading database ... 90%(Reading database ... 95%(Reading database ... 100%(Reading database ... 12123 files and directories currently installed.)
Preparing to unpack .../libstdc++6_10-20200502-1_amd64.deb ...
Unpacking libstdc++6:amd64 (10-20200502-1) over (10-20200418-1) ...
Setting up libstdc++6:amd64 (10-20200502-1) ...
(Reading database ... (Reading database ... 5%(Reading database ... 10%(Reading database ... 15%(Reading database ... 20%(Reading database ... 25%(Reading database ... 30%(Reading database ... 35%(Reading database ... 40%(Reading database ... 45%(Reading database ... 50%(Reading database ... 55%(Reading database ... 60%(Reading database ... 65%(Reading database ... 70%(Reading database ... 75%(Reading database ... 80%(Reading database ... 85%(Reading database ... 90%(Reading database ... 95%(Reading database ... 100%(Reading database ... 12123 files and directories currently installed.)
Preparing to unpack .../0-libquadmath0_10-20200502-1_amd64.deb ...
Unpacking libquadmath0:amd64 (10-20200502-1) over (10-20200418-1) ...
Preparing to unpack .../1-liblsan0_10-20200502-1_amd64.deb ...
Unpacking liblsan0:amd64 (10-20200502-1) over (10-20200418-1) ...
Preparing to unpack .../2-libitm1_10-20200502-1_amd64.deb ...
Unpacking libitm1:amd64 (10-20200502-1) over (10-20200418-1) ...
Preparing to unpack .../3-libgomp1_10-20200502-1_amd64.deb ...
Unpacking libgomp1:amd64 (10-20200502-1) over (10-20200418-1) ...
Preparing to unpack .../4-libcc1-0_10-20200502-1_amd64.deb ...
Unpacking libcc1-0:amd64 (10-20200502-1) over (10-20200418-1) ...
Preparing to unpack .../5-libgcc-s1_10-20200502-1_amd64.deb ...
Unpacking libgcc-s1:amd64 (10-20200502-1) over (10-20200418-1) ...
Setting up libgcc-s1:amd64 (10-20200502-1) ...
Selecting previously unselected package libbsd0:amd64.
(Reading database ... (Reading database ... 5%(Reading database ... 10%(Reading database ... 15%(Reading database ... 20%(Reading database ... 25%(Reading database ... 30%(Reading database ... 35%(Reading database ... 40%(Reading database ... 45%(Reading database ... 50%(Reading database ... 55%(Reading database ... 60%(Reading database ... 65%(Reading database ... 70%(Reading database ... 75%(Reading database ... 80%(Reading database ... 85%(Reading database ... 90%(Reading database ... 95%(Reading database ... 100%(Reading database ... 12123 files and directories currently installed.)
Preparing to unpack .../00-libbsd0_0.10.0-1_amd64.deb ...
Unpacking libbsd0:amd64 (0.10.0-1) ...
Selecting previously unselected package libedit2:amd64.
Preparing to unpack .../01-libedit2_3.1-20191231-1_amd64.deb ...
Unpacking libedit2:amd64 (3.1-20191231-1) ...
Selecting previously unselected package libz3-4:amd64.
Preparing to unpack .../02-libz3-4_4.8.7-4_amd64.deb ...
Unpacking libz3-4:amd64 (4.8.7-4) ...
Selecting previously unselected package libllvm10:amd64.
Preparing to unpack .../03-libllvm10_1%3a10.0.0-4_amd64.deb ...
Unpacking libllvm10:amd64 (1:10.0.0-4) ...
Selecting previously unselected package libclang-cpp10.
Preparing to unpack .../04-libclang-cpp10_1%3a10.0.0-4_amd64.deb ...
Unpacking libclang-cpp10 (1:10.0.0-4) ...
Selecting previously unselected package libgc1c2:amd64.
Preparing to unpack .../05-libgc1c2_1%3a7.6.4-0.4_amd64.deb ...
Unpacking libgc1c2:amd64 (1:7.6.4-0.4) ...
Selecting previously unselected package libobjc4:amd64.
Preparing to unpack .../06-libobjc4_10-20200502-1_amd64.deb ...
Unpacking libobjc4:amd64 (10-20200502-1) ...
Selecting previously unselected package libobjc-9-dev:amd64.
Preparing to unpack .../07-libobjc-9-dev_9.3.0-11_amd64.deb ...
Unpacking libobjc-9-dev:amd64 (9.3.0-11) ...
Selecting previously unselected package libc6-i386.
Preparing to unpack .../08-libc6-i386_2.30-4_amd64.deb ...
Unpacking libc6-i386 (2.30-4) ...
Selecting previously unselected package lib32gcc-s1.
Preparing to unpack .../09-lib32gcc-s1_10-20200502-1_amd64.deb ...
Unpacking lib32gcc-s1 (10-20200502-1) ...
Selecting previously unselected package lib32gcc1.
Preparing to unpack .../10-lib32gcc1_1%3a10-20200502-1_amd64.deb ...
Unpacking lib32gcc1 (1:10-20200502-1) ...
Selecting previously unselected package lib32stdc++6.
Preparing to unpack .../11-lib32stdc++6_10-20200502-1_amd64.deb ...
Unpacking lib32stdc++6 (10-20200502-1) ...
Selecting previously unselected package libclang-common-10-dev.
Preparing to unpack .../12-libclang-common-10-dev_1%3a10.0.0-4_amd64.deb ...
Unpacking libclang-common-10-dev (1:10.0.0-4) ...
Selecting previously unselected package libclang1-10.
Preparing to unpack .../13-libclang1-10_1%3a10.0.0-4_amd64.deb ...
Unpacking libclang1-10 (1:10.0.0-4) ...
Selecting previously unselected package clang-10.
Preparing to unpack .../14-clang-10_1%3a10.0.0-4_amd64.deb ...
Unpacking clang-10 (1:10.0.0-4) ...
Selecting previously unselected package libomp5-10:amd64.
Preparing to unpack .../15-libomp5-10_1%3a10.0.0-4_amd64.deb ...
Unpacking libomp5-10:amd64 (1:10.0.0-4) ...
Selecting previously unselected package libomp-10-dev.
Preparing to unpack .../16-libomp-10-dev_1%3a10.0.0-4_amd64.deb ...
Unpacking libomp-10-dev (1:10.0.0-4) ...
Setting up libgc1c2:amd64 (1:7.6.4-0.4) ...
Setting up libobjc4:amd64 (10-20200502-1) ...
Setting up libgomp1:amd64 (10-20200502-1) ...
Setting up libz3-4:amd64 (4.8.7-4) ...
Setting up libquadmath0:amd64 (10-20200502-1) ...
Setting up libatomic1:amd64 (10-20200502-1) ...
Setting up libobjc-9-dev:amd64 (9.3.0-11) ...
Setting up libubsan1:amd64 (10-20200502-1) ...
Setting up libomp5-10:amd64 (1:10.0.0-4) ...
Setting up libc6-i386 (2.30-4) ...
Setting up libbsd0:amd64 (0.10.0-1) ...
Setting up libcc1-0:amd64 (10-20200502-1) ...
Setting up liblsan0:amd64 (10-20200502-1) ...
Setting up libitm1:amd64 (10-20200502-1) ...
Setting up libtsan0:amd64 (10-20200502-1) ...
Setting up libomp-10-dev (1:10.0.0-4) ...
Setting up libedit2:amd64 (3.1-20191231-1) ...
Setting up libllvm10:amd64 (1:10.0.0-4) ...
Setting up lib32gcc-s1 (10-20200502-1) ...
Setting up libclang1-10 (1:10.0.0-4) ...
Setting up lib32gcc1 (1:10-20200502-1) ...
Setting up libclang-cpp10 (1:10.0.0-4) ...
Setting up lib32stdc++6 (10-20200502-1) ...
Setting up libclang-common-10-dev (1:10.0.0-4) ...
Setting up clang-10 (1:10.0.0-4) ...
Processing triggers for libc-bin (2.30-4) ...
W: --force-yes is deprecated, use one of the options starting with --allow instead.
+ echo 'Replace gcc, g++ & cpp by clang'
Replace gcc, g++ & cpp by clang
+ VERSIONS='4.6 4.7 4.8 4.9 5 6 7 8 9 10'
+ cd /usr/bin
+ for VERSION in $VERSIONS
+ rm -f g++-4.6 gcc-4.6 cpp-4.6 gcc
+ ln -s clang++-10 g++-4.6
+ ln -s clang-10 gcc-4.6
+ ln -s clang-10 cpp-4.6
+ ln -s clang-10 gcc
+ echo 'gcc-4.6 hold'
+ dpkg --set-selections
dpkg: warning: package not in status nor available database at line 1: gcc-4.6
dpkg: warning: found unknown packages; this might mean the available database
is outdated, and needs to be updated through a frontend method;
please see the FAQ <https://wiki.debian.org/Teams/Dpkg/FAQ>
+ echo 'g++-4.6 hold'
+ dpkg --set-selections
dpkg: warning: package not in status nor available database at line 1: g++-4.6
dpkg: warning: found unknown packages; this might mean the available database
is outdated, and needs to be updated through a frontend method;
please see the FAQ <https://wiki.debian.org/Teams/Dpkg/FAQ>
+ for VERSION in $VERSIONS
+ rm -f g++-4.7 gcc-4.7 cpp-4.7 gcc
+ ln -s clang++-10 g++-4.7
+ ln -s clang-10 gcc-4.7
+ ln -s clang-10 cpp-4.7
+ ln -s clang-10 gcc
+ echo 'gcc-4.7 hold'
+ dpkg --set-selections
dpkg: warning: package not in status nor available database at line 1: gcc-4.7
dpkg: warning: found unknown packages; this might mean the available database
is outdated, and needs to be updated through a frontend method;
please see the FAQ <https://wiki.debian.org/Teams/Dpkg/FAQ>
+ echo 'g++-4.7 hold'
+ dpkg --set-selections
dpkg: warning: package not in status nor available database at line 1: g++-4.7
dpkg: warning: found unknown packages; this might mean the available database
is outdated, and needs to be updated through a frontend method;
please see the FAQ <https://wiki.debian.org/Teams/Dpkg/FAQ>
+ for VERSION in $VERSIONS
+ rm -f g++-4.8 gcc-4.8 cpp-4.8 gcc
+ ln -s clang++-10 g++-4.8
+ ln -s clang-10 gcc-4.8
+ ln -s clang-10 cpp-4.8
+ ln -s clang-10 gcc
+ echo 'gcc-4.8 hold'
+ dpkg --set-selections
dpkg: warning: package not in status nor available database at line 1: gcc-4.8
dpkg: warning: found unknown packages; this might mean the available database
is outdated, and needs to be updated through a frontend method;
please see the FAQ <https://wiki.debian.org/Teams/Dpkg/FAQ>
+ echo 'g++-4.8 hold'
+ dpkg --set-selections
dpkg: warning: package not in status nor available database at line 1: g++-4.8
dpkg: warning: found unknown packages; this might mean the available database
is outdated, and needs to be updated through a frontend method;
please see the FAQ <https://wiki.debian.org/Teams/Dpkg/FAQ>
+ for VERSION in $VERSIONS
+ rm -f g++-4.9 gcc-4.9 cpp-4.9 gcc
+ ln -s clang++-10 g++-4.9
+ ln -s clang-10 gcc-4.9
+ ln -s clang-10 cpp-4.9
+ ln -s clang-10 gcc
+ echo 'gcc-4.9 hold'
+ dpkg --set-selections
dpkg: warning: package not in status nor available database at line 1: gcc-4.9
dpkg: warning: found unknown packages; this might mean the available database
is outdated, and needs to be updated through a frontend method;
please see the FAQ <https://wiki.debian.org/Teams/Dpkg/FAQ>
+ echo 'g++-4.9 hold'
+ dpkg --set-selections
dpkg: warning: package not in status nor available database at line 1: g++-4.9
dpkg: warning: found unknown packages; this might mean the available database
is outdated, and needs to be updated through a frontend method;
please see the FAQ <https://wiki.debian.org/Teams/Dpkg/FAQ>
+ for VERSION in $VERSIONS
+ rm -f g++-5 gcc-5 cpp-5 gcc
+ ln -s clang++-10 g++-5
+ ln -s clang-10 gcc-5
+ ln -s clang-10 cpp-5
+ ln -s clang-10 gcc
+ echo 'gcc-5 hold'
+ dpkg --set-selections
dpkg: warning: package not in status nor available database at line 1: gcc-5
dpkg: warning: found unknown packages; this might mean the available database
is outdated, and needs to be updated through a frontend method;
please see the FAQ <https://wiki.debian.org/Teams/Dpkg/FAQ>
+ echo 'g++-5 hold'
+ dpkg --set-selections
dpkg: warning: package not in status nor available database at line 1: g++-5
dpkg: warning: found unknown packages; this might mean the available database
is outdated, and needs to be updated through a frontend method;
please see the FAQ <https://wiki.debian.org/Teams/Dpkg/FAQ>
+ for VERSION in $VERSIONS
+ rm -f g++-6 gcc-6 cpp-6 gcc
+ ln -s clang++-10 g++-6
+ ln -s clang-10 gcc-6
+ ln -s clang-10 cpp-6
+ ln -s clang-10 gcc
+ echo 'gcc-6 hold'
+ dpkg --set-selections
dpkg: warning: package not in status nor available database at line 1: gcc-6
dpkg: warning: found unknown packages; this might mean the available database
is outdated, and needs to be updated through a frontend method;
please see the FAQ <https://wiki.debian.org/Teams/Dpkg/FAQ>
+ echo 'g++-6 hold'
+ dpkg --set-selections
dpkg: warning: package not in status nor available database at line 1: g++-6
dpkg: warning: found unknown packages; this might mean the available database
is outdated, and needs to be updated through a frontend method;
please see the FAQ <https://wiki.debian.org/Teams/Dpkg/FAQ>
+ for VERSION in $VERSIONS
+ rm -f g++-7 gcc-7 cpp-7 gcc
+ ln -s clang++-10 g++-7
+ ln -s clang-10 gcc-7
+ ln -s clang-10 cpp-7
+ ln -s clang-10 gcc
+ echo 'gcc-7 hold'
+ dpkg --set-selections
dpkg: warning: package not in status nor available database at line 1: gcc-7
dpkg: warning: found unknown packages; this might mean the available database
is outdated, and needs to be updated through a frontend method;
please see the FAQ <https://wiki.debian.org/Teams/Dpkg/FAQ>
+ echo 'g++-7 hold'
+ dpkg --set-selections
dpkg: warning: package not in status nor available database at line 1: g++-7
dpkg: warning: found unknown packages; this might mean the available database
is outdated, and needs to be updated through a frontend method;
please see the FAQ <https://wiki.debian.org/Teams/Dpkg/FAQ>
+ for VERSION in $VERSIONS
+ rm -f g++-8 gcc-8 cpp-8 gcc
+ ln -s clang++-10 g++-8
+ ln -s clang-10 gcc-8
+ ln -s clang-10 cpp-8
+ ln -s clang-10 gcc
+ echo 'gcc-8 hold'
+ dpkg --set-selections
dpkg: warning: package not in status nor available database at line 1: gcc-8
dpkg: warning: found unknown packages; this might mean the available database
is outdated, and needs to be updated through a frontend method;
please see the FAQ <https://wiki.debian.org/Teams/Dpkg/FAQ>
+ echo 'g++-8 hold'
+ dpkg --set-selections
dpkg: warning: package not in status nor available database at line 1: g++-8
dpkg: warning: found unknown packages; this might mean the available database
is outdated, and needs to be updated through a frontend method;
please see the FAQ <https://wiki.debian.org/Teams/Dpkg/FAQ>
+ for VERSION in $VERSIONS
+ rm -f g++-9 gcc-9 cpp-9 gcc
+ ln -s clang++-10 g++-9
+ ln -s clang-10 gcc-9
+ ln -s clang-10 cpp-9
+ ln -s clang-10 gcc
+ echo 'gcc-9 hold'
+ dpkg --set-selections
+ echo 'g++-9 hold'
+ dpkg --set-selections
+ for VERSION in $VERSIONS
+ rm -f g++-10 gcc-10 cpp-10 gcc
+ ln -s clang++-10 g++-10
+ ln -s clang-10 gcc-10
+ ln -s clang-10 cpp-10
+ ln -s clang-10 gcc
+ echo 'gcc-10 hold'
+ dpkg --set-selections
dpkg: warning: package not in status nor available database at line 1: gcc-10
dpkg: warning: found unknown packages; this might mean the available database
is outdated, and needs to be updated through a frontend method;
please see the FAQ <https://wiki.debian.org/Teams/Dpkg/FAQ>
+ echo 'g++-10 hold'
+ dpkg --set-selections
dpkg: warning: package not in status nor available database at line 1: g++-10
dpkg: warning: found unknown packages; this might mean the available database
is outdated, and needs to be updated through a frontend method;
please see the FAQ <https://wiki.debian.org/Teams/Dpkg/FAQ>
+ cd -
/build/openvpn-auth-ldap-7kSAcQ
+ echo 'Check if gcc, g++ & cpp are actually clang'
Check if gcc, g++ & cpp are actually clang
+ gcc --version
+ grep clang
+ cpp --version
+ grep clang
+ g++ --version
+ grep clang
+ cd /usr/bin/
+ rm -f clang++ clang
+ ln -s clang-10 clang++
+ ln -s clang-10 clang
+ clang++ --version
clang version 10.0.0-4 
Target: x86_64-pc-linux-gnu
Thread model: posix
InstalledDir: /usr/bin
+ clang --version
clang version 10.0.0-4 
Target: x86_64-pc-linux-gnu
Thread model: posix
InstalledDir: /usr/bin
+ cd -
/build/openvpn-auth-ldap-7kSAcQ
+ apt install --yes --no-install-recommends --force-yes qt5-qmake

WARNING: apt does not have a stable CLI interface. Use with caution in scripts.

Reading package lists...
Building dependency tree...
Reading state information...
The following additional packages will be installed:
  qt5-qmake-bin qtchooser
The following NEW packages will be installed:
  qt5-qmake qt5-qmake-bin qtchooser
0 upgraded, 3 newly installed, 0 to remove and 0 not upgraded.
Need to get 1270 kB of archives.
After this operation, 4788 kB of additional disk space will be used.
Get:1 http://127.0.0.1:12990/debian sid/main amd64 qt5-qmake-bin amd64 5.12.5+dfsg-10 [1015 kB]
Get:2 http://127.0.0.1:12990/debian sid/main amd64 qtchooser amd64 66-2 [26.3 kB]
Get:3 http://127.0.0.1:12990/debian sid/main amd64 qt5-qmake amd64 5.12.5+dfsg-10 [229 kB]
debconf: delaying package configuration, since apt-utils is not installed
Fetched 1270 kB in 0s (55.0 MB/s)
Selecting previously unselected package qt5-qmake-bin.
(Reading database ... (Reading database ... 5%(Reading database ... 10%(Reading database ... 15%(Reading database ... 20%(Reading database ... 25%(Reading database ... 30%(Reading database ... 35%(Reading database ... 40%(Reading database ... 45%(Reading database ... 50%(Reading database ... 55%(Reading database ... 60%(Reading database ... 65%(Reading database ... 70%(Reading database ... 75%(Reading database ... 80%(Reading database ... 85%(Reading database ... 90%(Reading database ... 95%(Reading database ... 100%(Reading database ... 12968 files and directories currently installed.)
Preparing to unpack .../qt5-qmake-bin_5.12.5+dfsg-10_amd64.deb ...
Unpacking qt5-qmake-bin (5.12.5+dfsg-10) ...
Selecting previously unselected package qtchooser.
Preparing to unpack .../qtchooser_66-2_amd64.deb ...
Unpacking qtchooser (66-2) ...
Selecting previously unselected package qt5-qmake:amd64.
Preparing to unpack .../qt5-qmake_5.12.5+dfsg-10_amd64.deb ...
Unpacking qt5-qmake:amd64 (5.12.5+dfsg-10) ...
Setting up qt5-qmake-bin (5.12.5+dfsg-10) ...
Setting up qtchooser (66-2) ...
Setting up qt5-qmake:amd64 (5.12.5+dfsg-10) ...
W: --force-yes is deprecated, use one of the options starting with --allow instead.
+ cp /usr/lib/x86_64-linux-gnu/qt5/mkspecs/linux-clang/qmake.conf /usr/lib/x86_64-linux-gnu/qt5/mkspecs/linux-clang/qplatformdefs.h /usr/lib/x86_64-linux-gnu/qt5/mkspecs/linux-g++/
+ ls -al /usr/lib/x86_64-linux-gnu/qt5/mkspecs/linux-g++/
total 16
drwxr-xr-x  2 root root 4096 May  3 05:10 .
drwxr-xr-x 75 root root 4096 May  3 05:10 ..
-rw-r--r--  1 root root  276 May  3 05:10 qmake.conf
-rw-r--r--  1 root root 3218 May  3 05:10 qplatformdefs.h
+ cat /usr/lib/x86_64-linux-gnu/qt5/mkspecs/linux-g++/qmake.conf
#
# qmake configuration for linux-clang
#

MAKEFILE_GENERATOR = UNIX
CONFIG += incremental

QMAKE_INCREMENTAL_STYLE = sublib

include(../common/linux.conf)
include(../common/gcc-base-unix.conf)
include(../common/clang.conf)

QMAKE_LFLAGS += -ccc-gcc-name g++

load(qt_config)
+ export QMAKESPEC=/usr/lib/x86_64-linux-gnu/qt5/mkspecs/linux-clang/
+ QMAKESPEC=/usr/lib/x86_64-linux-gnu/qt5/mkspecs/linux-clang/
+ sed -i -e 's|compare_problem(2,|compare_problem(0,|g' /usr/bin/dpkg-gensymbols
+ sed -i -e 's|compare_problem(1,|compare_problem(0,|g' /usr/bin/dpkg-gensymbols
+ grep 'compare_problem(' /usr/bin/dpkg-gensymbols
        compare_problem(4, g_('new libraries appeared in the symbols file: %s'), "@libs");
        compare_problem(3, g_('some libraries disappeared in the symbols file: %s'), "@libs");
        compare_problem(0, g_('some new symbols appeared in the symbols file: %s'),
        compare_problem(0, g_('some symbols or patterns disappeared in the symbols file: %s'),

I: Finished running '/tmp/clang10'.

Finished processing commands.
--------------------------------------------------------------------------------
I: NOTICE: Log filtering will replace 'build/openvpn-auth-ldap-7kSAcQ/resolver-Nt41X5' with '<<RESOLVERDIR>>'

+------------------------------------------------------------------------------+
| Update chroot                                                                |
+------------------------------------------------------------------------------+

Hit:1 http://127.0.0.1:12990/debian sid InRelease
Reading package lists...
Reading package lists...
Building dependency tree...
Reading state information...
Calculating upgrade...
0 upgraded, 0 newly installed, 0 to remove and 0 not upgraded.

+------------------------------------------------------------------------------+
| Fetch source files                                                           |
+------------------------------------------------------------------------------+


Check APT
---------

Checking available source versions...

Download source files with APT
------------------------------

Reading package lists...
NOTICE: 'openvpn-auth-ldap' packaging is maintained in the 'Git' version control system at:
https://salsa.debian.org/debian/openvpn-auth-ldap.git
Please use:
git clone https://salsa.debian.org/debian/openvpn-auth-ldap.git
to retrieve the latest (possibly unreleased) updates to the package.
Need to get 220 kB of source archives.
Get:1 http://127.0.0.1:12990/debian sid/main openvpn-auth-ldap 2.0.4-1 (dsc) [2085 B]
Get:2 http://127.0.0.1:12990/debian sid/main openvpn-auth-ldap 2.0.4-1 (tar) [210 kB]
Get:3 http://127.0.0.1:12990/debian sid/main openvpn-auth-ldap 2.0.4-1 (diff) [7672 B]
Fetched 220 kB in 0s (3694 kB/s)
Download complete and in download only mode
I: NOTICE: Log filtering will replace 'build/openvpn-auth-ldap-7kSAcQ/openvpn-auth-ldap-2.0.4' with '<<PKGBUILDDIR>>'
I: NOTICE: Log filtering will replace 'build/openvpn-auth-ldap-7kSAcQ' with '<<BUILDDIR>>'

+------------------------------------------------------------------------------+
| Install package build dependencies                                           |
+------------------------------------------------------------------------------+


Setup apt archive
-----------------

Merged Build-Depends: debhelper-compat (= 12), openvpn (>= 2), re2c, libldap2-dev, gobjc, libgnustep-base-dev, libssl-dev, build-essential, fakeroot
Filtered Build-Depends: debhelper-compat (= 12), openvpn (>= 2), re2c, libldap2-dev, gobjc, libgnustep-base-dev, libssl-dev, build-essential, fakeroot
dpkg-deb: building package 'sbuild-build-depends-main-dummy' in '/<<RESOLVERDIR>>/apt_archive/sbuild-build-depends-main-dummy.deb'.
Ign:1 copy:/<<RESOLVERDIR>>/apt_archive ./ InRelease
Get:2 copy:/<<RESOLVERDIR>>/apt_archive ./ Release [957 B]
Ign:3 copy:/<<RESOLVERDIR>>/apt_archive ./ Release.gpg
Get:4 copy:/<<RESOLVERDIR>>/apt_archive ./ Sources [412 B]
Get:5 copy:/<<RESOLVERDIR>>/apt_archive ./ Packages [497 B]
Fetched 1866 B in 0s (0 B/s)
Reading package lists...
Reading package lists...

Install main build dependencies (apt-based resolver)
----------------------------------------------------

Installing build dependencies
Reading package lists...
Building dependency tree...
Reading state information...
The following additional packages will be installed:
  autoconf automake autopoint autotools-dev bsdmainutils ca-certificates
  debhelper dh-autoreconf dh-strip-nondeterminism dwz file gettext
  gettext-base gnustep-base-common gnustep-base-runtime gnustep-common
  gnustep-make gobjc gobjc-9 groff-base intltool-debian iproute2
  libarchive-zip-perl libavahi-client3 libavahi-common-data libavahi-common3
  libcap2 libcap2-bin libcroco3 libdbus-1-3 libdebhelper-perl libelf1
  libfile-stripnondeterminism-perl libglib2.0-0 libgnustep-base-dev
  libgnustep-base1.26 libicu63 libldap-2.4-2 libldap-common libldap2-dev
  liblzo2-2 libmagic-mgc libmagic1 libmnl0 libpipeline1 libpkcs11-helper1
  libsasl2-2 libsasl2-modules-db libsigsegv2 libssl-dev libssl1.1
  libsub-override-perl libtool libuchardet0 libxml2 libxslt1.1 libxtables12 m4
  man-db openssl openvpn po-debconf re2c sensible-utils
Suggested packages:
  autoconf-archive gnu-standards autoconf-doc wamerican | wordlist whois
  vacation dh-make gettext-doc libasprintf-dev libgettextpo-dev
  gnustep-make-doc gobjc-multilib gobjc-9-multilib gcc-9-doc groff
  iproute2-doc gnustep-base-doc libssl-doc libtool-doc gfortran
  | fortran95-compiler gcj-jdk m4-doc apparmor less www-browser resolvconf
  openvpn-systemd-resolved libmail-box-perl
Recommended packages:
  curl | wget | lynx libatm1 libpam-cap dbus libarchive-cpio-perl
  libglib2.0-data shared-mime-info xdg-user-dirs libsasl2-modules libltdl-dev
  easy-rsa libmail-sendmail-perl
The following NEW packages will be installed:
  autoconf automake autopoint autotools-dev bsdmainutils ca-certificates
  debhelper dh-autoreconf dh-strip-nondeterminism dwz file gettext
  gettext-base gnustep-base-common gnustep-base-runtime gnustep-common
  gnustep-make gobjc gobjc-9 groff-base intltool-debian iproute2
  libarchive-zip-perl libavahi-client3 libavahi-common-data libavahi-common3
  libcap2 libcap2-bin libcroco3 libdbus-1-3 libdebhelper-perl libelf1
  libfile-stripnondeterminism-perl libglib2.0-0 libgnustep-base-dev
  libgnustep-base1.26 libicu63 libldap-2.4-2 libldap-common libldap2-dev
  liblzo2-2 libmagic-mgc libmagic1 libmnl0 libpipeline1 libpkcs11-helper1
  libsasl2-2 libsasl2-modules-db libsigsegv2 libssl-dev libssl1.1
  libsub-override-perl libtool libuchardet0 libxml2 libxslt1.1 libxtables12 m4
  man-db openssl openvpn po-debconf re2c sbuild-build-depends-main-dummy
  sensible-utils
0 upgraded, 65 newly installed, 0 to remove and 0 not upgraded.
Need to get 41.2 MB of archives.
After this operation, 147 MB of additional disk space will be used.
Get:1 copy:/<<RESOLVERDIR>>/apt_archive ./ sbuild-build-depends-main-dummy 0.invalid.0 [924 B]
Get:2 http://127.0.0.1:12990/debian sid/main amd64 bsdmainutils amd64 11.1.2+b1 [191 kB]
Get:3 http://127.0.0.1:12990/debian sid/main amd64 libuchardet0 amd64 0.0.6-3 [64.9 kB]
Get:4 http://127.0.0.1:12990/debian sid/main amd64 groff-base amd64 1.22.4-4 [919 kB]
Get:5 http://127.0.0.1:12990/debian sid/main amd64 libpipeline1 amd64 1.5.2-2 [33.9 kB]
Get:6 http://127.0.0.1:12990/debian sid/main amd64 man-db amd64 2.9.1-1 [1308 kB]
Get:7 http://127.0.0.1:12990/debian sid/main amd64 libcap2 amd64 1:2.33-1 [22.5 kB]
Get:8 http://127.0.0.1:12990/debian sid/main amd64 libelf1 amd64 0.176-1.1 [161 kB]
Get:9 http://127.0.0.1:12990/debian sid/main amd64 libmnl0 amd64 1.0.4-3 [12.5 kB]
Get:10 http://127.0.0.1:12990/debian sid/main amd64 libxtables12 amd64 1.8.4-3 [78.8 kB]
Get:11 http://127.0.0.1:12990/debian sid/main amd64 libcap2-bin amd64 1:2.33-1 [34.0 kB]
Get:12 http://127.0.0.1:12990/debian sid/main amd64 iproute2 amd64 5.6.0-1 [881 kB]
Get:13 http://127.0.0.1:12990/debian sid/main amd64 sensible-utils all 0.0.12+nmu1 [16.0 kB]
Get:14 http://127.0.0.1:12990/debian sid/main amd64 libmagic-mgc amd64 1:5.38-4 [262 kB]
Get:15 http://127.0.0.1:12990/debian sid/main amd64 libmagic1 amd64 1:5.38-4 [120 kB]
Get:16 http://127.0.0.1:12990/debian sid/main amd64 file amd64 1:5.38-4 [67.9 kB]
Get:17 http://127.0.0.1:12990/debian sid/main amd64 gettext-base amd64 0.19.8.1-10 [123 kB]
Get:18 http://127.0.0.1:12990/debian sid/main amd64 libsigsegv2 amd64 2.12-2 [32.8 kB]
Get:19 http://127.0.0.1:12990/debian sid/main amd64 m4 amd64 1.4.18-4 [203 kB]
Get:20 http://127.0.0.1:12990/debian sid/main amd64 autoconf all 2.69-11.1 [341 kB]
Get:21 http://127.0.0.1:12990/debian sid/main amd64 autotools-dev all 20180224.1 [77.0 kB]
Get:22 http://127.0.0.1:12990/debian sid/main amd64 automake all 1:1.16.2-1 [775 kB]
Get:23 http://127.0.0.1:12990/debian sid/main amd64 autopoint all 0.19.8.1-10 [435 kB]
Get:24 http://127.0.0.1:12990/debian sid/main amd64 libssl1.1 amd64 1.1.1g-1 [1543 kB]
Get:25 http://127.0.0.1:12990/debian sid/main amd64 openssl amd64 1.1.1g-1 [846 kB]
Get:26 http://127.0.0.1:12990/debian sid/main amd64 ca-certificates all 20190110 [157 kB]
Get:27 http://127.0.0.1:12990/debian sid/main amd64 libtool all 2.4.6-14 [513 kB]
Get:28 http://127.0.0.1:12990/debian sid/main amd64 dh-autoreconf all 19 [16.9 kB]
Get:29 http://127.0.0.1:12990/debian sid/main amd64 libdebhelper-perl all 13 [184 kB]
Get:30 http://127.0.0.1:12990/debian sid/main amd64 libarchive-zip-perl all 1.68-1 [104 kB]
Get:31 http://127.0.0.1:12990/debian sid/main amd64 libsub-override-perl all 0.09-2 [10.2 kB]
Get:32 http://127.0.0.1:12990/debian sid/main amd64 libfile-stripnondeterminism-perl all 1.8.0-1 [24.2 kB]
Get:33 http://127.0.0.1:12990/debian sid/main amd64 dh-strip-nondeterminism all 1.8.0-1 [14.8 kB]
Get:34 http://127.0.0.1:12990/debian sid/main amd64 dwz amd64 0.13-5 [151 kB]
Get:35 http://127.0.0.1:12990/debian sid/main amd64 libglib2.0-0 amd64 2.64.2-1 [1343 kB]
Get:36 http://127.0.0.1:12990/debian sid/main amd64 libicu63 amd64 63.2-3 [8296 kB]
Get:37 http://127.0.0.1:12990/debian sid/main amd64 libxml2 amd64 2.9.10+dfsg-5 [709 kB]
Get:38 http://127.0.0.1:12990/debian sid/main amd64 libcroco3 amd64 0.6.13-1 [146 kB]
Get:39 http://127.0.0.1:12990/debian sid/main amd64 gettext amd64 0.19.8.1-10 [1303 kB]
Get:40 http://127.0.0.1:12990/debian sid/main amd64 intltool-debian all 0.35.0+20060710.5 [26.8 kB]
Get:41 http://127.0.0.1:12990/debian sid/main amd64 po-debconf all 1.0.21 [248 kB]
Get:42 http://127.0.0.1:12990/debian sid/main amd64 debhelper all 13 [1002 kB]
Get:43 http://127.0.0.1:12990/debian sid/main amd64 gnustep-common amd64 2.8.0-1 [118 kB]
Get:44 http://127.0.0.1:12990/debian sid/main amd64 gnustep-base-common all 1.26.0-7 [285 kB]
Get:45 http://127.0.0.1:12990/debian sid/main amd64 libavahi-common-data amd64 0.7-5 [122 kB]
Get:46 http://127.0.0.1:12990/debian sid/main amd64 libavahi-common3 amd64 0.7-5 [54.6 kB]
Get:47 http://127.0.0.1:12990/debian sid/main amd64 libdbus-1-3 amd64 1.12.16-2 [214 kB]
Get:48 http://127.0.0.1:12990/debian sid/main amd64 libavahi-client3 amd64 0.7-5 [58.2 kB]
Get:49 http://127.0.0.1:12990/debian sid/main amd64 libxslt1.1 amd64 1.1.34-4 [239 kB]
Get:50 http://127.0.0.1:12990/debian sid/main amd64 libgnustep-base1.26 amd64 1.26.0-7 [1540 kB]
Get:51 http://127.0.0.1:12990/debian sid/main amd64 gnustep-base-runtime amd64 1.26.0-7 [426 kB]
Get:52 http://127.0.0.1:12990/debian sid/main amd64 gobjc-9 amd64 9.3.0-11 [9645 kB]
Get:53 http://127.0.0.1:12990/debian sid/main amd64 gobjc amd64 4:9.2.1-3.1 [1008 B]
Get:54 http://127.0.0.1:12990/debian sid/main amd64 gnustep-make all 2.8.0-1 [216 kB]
Get:55 http://127.0.0.1:12990/debian sid/main amd64 libgnustep-base-dev amd64 1.26.0-7 [1955 kB]
Get:56 http://127.0.0.1:12990/debian sid/main amd64 libsasl2-modules-db amd64 2.1.27+dfsg-2 [69.0 kB]
Get:57 http://127.0.0.1:12990/debian sid/main amd64 libsasl2-2 amd64 2.1.27+dfsg-2 [106 kB]
Get:58 http://127.0.0.1:12990/debian sid/main amd64 libldap-common all 2.4.50+dfsg-1 [92.9 kB]
Get:59 http://127.0.0.1:12990/debian sid/main amd64 libldap-2.4-2 amd64 2.4.50+dfsg-1 [228 kB]
Get:60 http://127.0.0.1:12990/debian sid/main amd64 libldap2-dev amd64 2.4.50+dfsg-1 [335 kB]
Get:61 http://127.0.0.1:12990/debian sid/main amd64 liblzo2-2 amd64 2.10-2 [56.9 kB]
Get:62 http://127.0.0.1:12990/debian sid/main amd64 libpkcs11-helper1 amd64 1.26-1+b1 [47.6 kB]
Get:63 http://127.0.0.1:12990/debian sid/main amd64 libssl-dev amd64 1.1.1g-1 [1802 kB]
Get:64 http://127.0.0.1:12990/debian sid/main amd64 openvpn amd64 2.4.9-2 [486 kB]
Get:65 http://127.0.0.1:12990/debian sid/main amd64 re2c amd64 1.3-1 [272 kB]
debconf: delaying package configuration, since apt-utils is not installed
Fetched 41.2 MB in 0s (120 MB/s)
Selecting previously unselected package bsdmainutils.
(Reading database ... 13685 files and directories currently installed.)
Preparing to unpack .../00-bsdmainutils_11.1.2+b1_amd64.deb ...
Unpacking bsdmainutils (11.1.2+b1) ...
Selecting previously unselected package libuchardet0:amd64.
Preparing to unpack .../01-libuchardet0_0.0.6-3_amd64.deb ...
Unpacking libuchardet0:amd64 (0.0.6-3) ...
Selecting previously unselected package groff-base.
Preparing to unpack .../02-groff-base_1.22.4-4_amd64.deb ...
Unpacking groff-base (1.22.4-4) ...
Selecting previously unselected package libpipeline1:amd64.
Preparing to unpack .../03-libpipeline1_1.5.2-2_amd64.deb ...
Unpacking libpipeline1:amd64 (1.5.2-2) ...
Selecting previously unselected package man-db.
Preparing to unpack .../04-man-db_2.9.1-1_amd64.deb ...
Unpacking man-db (2.9.1-1) ...
Selecting previously unselected package libcap2:amd64.
Preparing to unpack .../05-libcap2_1%3a2.33-1_amd64.deb ...
Unpacking libcap2:amd64 (1:2.33-1) ...
Selecting previously unselected package libelf1:amd64.
Preparing to unpack .../06-libelf1_0.176-1.1_amd64.deb ...
Unpacking libelf1:amd64 (0.176-1.1) ...
Selecting previously unselected package libmnl0:amd64.
Preparing to unpack .../07-libmnl0_1.0.4-3_amd64.deb ...
Unpacking libmnl0:amd64 (1.0.4-3) ...
Selecting previously unselected package libxtables12:amd64.
Preparing to unpack .../08-libxtables12_1.8.4-3_amd64.deb ...
Unpacking libxtables12:amd64 (1.8.4-3) ...
Selecting previously unselected package libcap2-bin.
Preparing to unpack .../09-libcap2-bin_1%3a2.33-1_amd64.deb ...
Unpacking libcap2-bin (1:2.33-1) ...
Selecting previously unselected package iproute2.
Preparing to unpack .../10-iproute2_5.6.0-1_amd64.deb ...
Unpacking iproute2 (5.6.0-1) ...
Selecting previously unselected package sensible-utils.
Preparing to unpack .../11-sensible-utils_0.0.12+nmu1_all.deb ...
Unpacking sensible-utils (0.0.12+nmu1) ...
Selecting previously unselected package libmagic-mgc.
Preparing to unpack .../12-libmagic-mgc_1%3a5.38-4_amd64.deb ...
Unpacking libmagic-mgc (1:5.38-4) ...
Selecting previously unselected package libmagic1:amd64.
Preparing to unpack .../13-libmagic1_1%3a5.38-4_amd64.deb ...
Unpacking libmagic1:amd64 (1:5.38-4) ...
Selecting previously unselected package file.
Preparing to unpack .../14-file_1%3a5.38-4_amd64.deb ...
Unpacking file (1:5.38-4) ...
Selecting previously unselected package gettext-base.
Preparing to unpack .../15-gettext-base_0.19.8.1-10_amd64.deb ...
Unpacking gettext-base (0.19.8.1-10) ...
Selecting previously unselected package libsigsegv2:amd64.
Preparing to unpack .../16-libsigsegv2_2.12-2_amd64.deb ...
Unpacking libsigsegv2:amd64 (2.12-2) ...
Selecting previously unselected package m4.
Preparing to unpack .../17-m4_1.4.18-4_amd64.deb ...
Unpacking m4 (1.4.18-4) ...
Selecting previously unselected package autoconf.
Preparing to unpack .../18-autoconf_2.69-11.1_all.deb ...
Unpacking autoconf (2.69-11.1) ...
Selecting previously unselected package autotools-dev.
Preparing to unpack .../19-autotools-dev_20180224.1_all.deb ...
Unpacking autotools-dev (20180224.1) ...
Selecting previously unselected package automake.
Preparing to unpack .../20-automake_1%3a1.16.2-1_all.deb ...
Unpacking automake (1:1.16.2-1) ...
Selecting previously unselected package autopoint.
Preparing to unpack .../21-autopoint_0.19.8.1-10_all.deb ...
Unpacking autopoint (0.19.8.1-10) ...
Selecting previously unselected package libssl1.1:amd64.
Preparing to unpack .../22-libssl1.1_1.1.1g-1_amd64.deb ...
Unpacking libssl1.1:amd64 (1.1.1g-1) ...
Selecting previously unselected package openssl.
Preparing to unpack .../23-openssl_1.1.1g-1_amd64.deb ...
Unpacking openssl (1.1.1g-1) ...
Selecting previously unselected package ca-certificates.
Preparing to unpack .../24-ca-certificates_20190110_all.deb ...
Unpacking ca-certificates (20190110) ...
Selecting previously unselected package libtool.
Preparing to unpack .../25-libtool_2.4.6-14_all.deb ...
Unpacking libtool (2.4.6-14) ...
Selecting previously unselected package dh-autoreconf.
Preparing to unpack .../26-dh-autoreconf_19_all.deb ...
Unpacking dh-autoreconf (19) ...
Selecting previously unselected package libdebhelper-perl.
Preparing to unpack .../27-libdebhelper-perl_13_all.deb ...
Unpacking libdebhelper-perl (13) ...
Selecting previously unselected package libarchive-zip-perl.
Preparing to unpack .../28-libarchive-zip-perl_1.68-1_all.deb ...
Unpacking libarchive-zip-perl (1.68-1) ...
Selecting previously unselected package libsub-override-perl.
Preparing to unpack .../29-libsub-override-perl_0.09-2_all.deb ...
Unpacking libsub-override-perl (0.09-2) ...
Selecting previously unselected package libfile-stripnondeterminism-perl.
Preparing to unpack .../30-libfile-stripnondeterminism-perl_1.8.0-1_all.deb ...
Unpacking libfile-stripnondeterminism-perl (1.8.0-1) ...
Selecting previously unselected package dh-strip-nondeterminism.
Preparing to unpack .../31-dh-strip-nondeterminism_1.8.0-1_all.deb ...
Unpacking dh-strip-nondeterminism (1.8.0-1) ...
Selecting previously unselected package dwz.
Preparing to unpack .../32-dwz_0.13-5_amd64.deb ...
Unpacking dwz (0.13-5) ...
Selecting previously unselected package libglib2.0-0:amd64.
Preparing to unpack .../33-libglib2.0-0_2.64.2-1_amd64.deb ...
Unpacking libglib2.0-0:amd64 (2.64.2-1) ...
Selecting previously unselected package libicu63:amd64.
Preparing to unpack .../34-libicu63_63.2-3_amd64.deb ...
Unpacking libicu63:amd64 (63.2-3) ...
Selecting previously unselected package libxml2:amd64.
Preparing to unpack .../35-libxml2_2.9.10+dfsg-5_amd64.deb ...
Unpacking libxml2:amd64 (2.9.10+dfsg-5) ...
Selecting previously unselected package libcroco3:amd64.
Preparing to unpack .../36-libcroco3_0.6.13-1_amd64.deb ...
Unpacking libcroco3:amd64 (0.6.13-1) ...
Selecting previously unselected package gettext.
Preparing to unpack .../37-gettext_0.19.8.1-10_amd64.deb ...
Unpacking gettext (0.19.8.1-10) ...
Selecting previously unselected package intltool-debian.
Preparing to unpack .../38-intltool-debian_0.35.0+20060710.5_all.deb ...
Unpacking intltool-debian (0.35.0+20060710.5) ...
Selecting previously unselected package po-debconf.
Preparing to unpack .../39-po-debconf_1.0.21_all.deb ...
Unpacking po-debconf (1.0.21) ...
Selecting previously unselected package debhelper.
Preparing to unpack .../40-debhelper_13_all.deb ...
Unpacking debhelper (13) ...
Selecting previously unselected package gnustep-common.
Preparing to unpack .../41-gnustep-common_2.8.0-1_amd64.deb ...
Unpacking gnustep-common (2.8.0-1) ...
Selecting previously unselected package gnustep-base-common.
Preparing to unpack .../42-gnustep-base-common_1.26.0-7_all.deb ...
Unpacking gnustep-base-common (1.26.0-7) ...
Selecting previously unselected package libavahi-common-data:amd64.
Preparing to unpack .../43-libavahi-common-data_0.7-5_amd64.deb ...
Unpacking libavahi-common-data:amd64 (0.7-5) ...
Selecting previously unselected package libavahi-common3:amd64.
Preparing to unpack .../44-libavahi-common3_0.7-5_amd64.deb ...
Unpacking libavahi-common3:amd64 (0.7-5) ...
Selecting previously unselected package libdbus-1-3:amd64.
Preparing to unpack .../45-libdbus-1-3_1.12.16-2_amd64.deb ...
Unpacking libdbus-1-3:amd64 (1.12.16-2) ...
Selecting previously unselected package libavahi-client3:amd64.
Preparing to unpack .../46-libavahi-client3_0.7-5_amd64.deb ...
Unpacking libavahi-client3:amd64 (0.7-5) ...
Selecting previously unselected package libxslt1.1:amd64.
Preparing to unpack .../47-libxslt1.1_1.1.34-4_amd64.deb ...
Unpacking libxslt1.1:amd64 (1.1.34-4) ...
Selecting previously unselected package libgnustep-base1.26.
Preparing to unpack .../48-libgnustep-base1.26_1.26.0-7_amd64.deb ...
Unpacking libgnustep-base1.26 (1.26.0-7) ...
Selecting previously unselected package gnustep-base-runtime.
Preparing to unpack .../49-gnustep-base-runtime_1.26.0-7_amd64.deb ...
Unpacking gnustep-base-runtime (1.26.0-7) ...
Selecting previously unselected package gobjc-9.
Preparing to unpack .../50-gobjc-9_9.3.0-11_amd64.deb ...
Unpacking gobjc-9 (9.3.0-11) ...
Selecting previously unselected package gobjc.
Preparing to unpack .../51-gobjc_4%3a9.2.1-3.1_amd64.deb ...
Unpacking gobjc (4:9.2.1-3.1) ...
Selecting previously unselected package gnustep-make.
Preparing to unpack .../52-gnustep-make_2.8.0-1_all.deb ...
Unpacking gnustep-make (2.8.0-1) ...
Selecting previously unselected package libgnustep-base-dev.
Preparing to unpack .../53-libgnustep-base-dev_1.26.0-7_amd64.deb ...
Unpacking libgnustep-base-dev (1.26.0-7) ...
Selecting previously unselected package libsasl2-modules-db:amd64.
Preparing to unpack .../54-libsasl2-modules-db_2.1.27+dfsg-2_amd64.deb ...
Unpacking libsasl2-modules-db:amd64 (2.1.27+dfsg-2) ...
Selecting previously unselected package libsasl2-2:amd64.
Preparing to unpack .../55-libsasl2-2_2.1.27+dfsg-2_amd64.deb ...
Unpacking libsasl2-2:amd64 (2.1.27+dfsg-2) ...
Selecting previously unselected package libldap-common.
Preparing to unpack .../56-libldap-common_2.4.50+dfsg-1_all.deb ...
Unpacking libldap-common (2.4.50+dfsg-1) ...
Selecting previously unselected package libldap-2.4-2:amd64.
Preparing to unpack .../57-libldap-2.4-2_2.4.50+dfsg-1_amd64.deb ...
Unpacking libldap-2.4-2:amd64 (2.4.50+dfsg-1) ...
Selecting previously unselected package libldap2-dev:amd64.
Preparing to unpack .../58-libldap2-dev_2.4.50+dfsg-1_amd64.deb ...
Unpacking libldap2-dev:amd64 (2.4.50+dfsg-1) ...
Selecting previously unselected package liblzo2-2:amd64.
Preparing to unpack .../59-liblzo2-2_2.10-2_amd64.deb ...
Unpacking liblzo2-2:amd64 (2.10-2) ...
Selecting previously unselected package libpkcs11-helper1:amd64.
Preparing to unpack .../60-libpkcs11-helper1_1.26-1+b1_amd64.deb ...
Unpacking libpkcs11-helper1:amd64 (1.26-1+b1) ...
Selecting previously unselected package libssl-dev:amd64.
Preparing to unpack .../61-libssl-dev_1.1.1g-1_amd64.deb ...
Unpacking libssl-dev:amd64 (1.1.1g-1) ...
Selecting previously unselected package openvpn.
Preparing to unpack .../62-openvpn_2.4.9-2_amd64.deb ...
Unpacking openvpn (2.4.9-2) ...
Selecting previously unselected package re2c.
Preparing to unpack .../63-re2c_1.3-1_amd64.deb ...
Unpacking re2c (1.3-1) ...
Selecting previously unselected package sbuild-build-depends-main-dummy.
Preparing to unpack .../64-sbuild-build-depends-main-dummy_0.invalid.0_amd64.deb ...
Unpacking sbuild-build-depends-main-dummy (0.invalid.0) ...
Setting up libpipeline1:amd64 (1.5.2-2) ...
Setting up gnustep-common (2.8.0-1) ...
Setting up libmagic-mgc (1:5.38-4) ...
Setting up libarchive-zip-perl (1.68-1) ...
Setting up libglib2.0-0:amd64 (2.64.2-1) ...
No schema files found: doing nothing.
Setting up libssl1.1:amd64 (1.1.1g-1) ...
Setting up libdebhelper-perl (13) ...
Setting up libmagic1:amd64 (1:5.38-4) ...
Setting up gobjc-9 (9.3.0-11) ...
Setting up gettext-base (0.19.8.1-10) ...
Setting up liblzo2-2:amd64 (2.10-2) ...
Setting up file (1:5.38-4) ...
Setting up libldap-common (2.4.50+dfsg-1) ...
Setting up libpkcs11-helper1:amd64 (1.26-1+b1) ...
Setting up libicu63:amd64 (63.2-3) ...
Setting up libcap2:amd64 (1:2.33-1) ...
Setting up libsasl2-modules-db:amd64 (2.1.27+dfsg-2) ...
Setting up libcap2-bin (1:2.33-1) ...
Setting up autotools-dev (20180224.1) ...
Setting up libavahi-common-data:amd64 (0.7-5) ...
Setting up libdbus-1-3:amd64 (1.12.16-2) ...
Setting up libsigsegv2:amd64 (2.12-2) ...
Setting up bsdmainutils (11.1.2+b1) ...
update-alternatives: using /usr/bin/bsd-write to provide /usr/bin/write (write) in auto mode
update-alternatives: using /usr/bin/bsd-from to provide /usr/bin/from (from) in auto mode
Setting up libssl-dev:amd64 (1.1.1g-1) ...
Setting up libmnl0:amd64 (1.0.4-3) ...
Setting up autopoint (0.19.8.1-10) ...
Setting up libxtables12:amd64 (1.8.4-3) ...
Setting up libsasl2-2:amd64 (2.1.27+dfsg-2) ...
Setting up sensible-utils (0.0.12+nmu1) ...
Setting up libuchardet0:amd64 (0.0.6-3) ...
Setting up libsub-override-perl (0.09-2) ...
Setting up re2c (1.3-1) ...
Setting up openssl (1.1.1g-1) ...
Setting up libelf1:amd64 (0.176-1.1) ...
Setting up libxml2:amd64 (2.9.10+dfsg-5) ...
Setting up libfile-stripnondeterminism-perl (1.8.0-1) ...
Setting up gobjc (4:9.2.1-3.1) ...
Setting up gnustep-make (2.8.0-1) ...
Setting up libtool (2.4.6-14) ...
Setting up iproute2 (5.6.0-1) ...
Setting up libavahi-common3:amd64 (0.7-5) ...
Setting up libldap-2.4-2:amd64 (2.4.50+dfsg-1) ...
Setting up m4 (1.4.18-4) ...
Setting up libldap2-dev:amd64 (2.4.50+dfsg-1) ...
Setting up ca-certificates (20190110) ...
Updating certificates in /etc/ssl/certs...
128 added, 0 removed; done.
Setting up gnustep-base-common (1.26.0-7) ...
Setting up libcroco3:amd64 (0.6.13-1) ...
Setting up autoconf (2.69-11.1) ...
Setting up dh-strip-nondeterminism (1.8.0-1) ...
Setting up dwz (0.13-5) ...
Setting up groff-base (1.22.4-4) ...
Setting up libxslt1.1:amd64 (1.1.34-4) ...
Setting up libavahi-client3:amd64 (0.7-5) ...
Setting up automake (1:1.16.2-1) ...
update-alternatives: using /usr/bin/automake-1.16 to provide /usr/bin/automake (automake) in auto mode
Setting up gettext (0.19.8.1-10) ...
Setting up openvpn (2.4.9-2) ...
invoke-rc.d: could not determine current runlevel
All runlevel operations denied by policy
invoke-rc.d: policy-rc.d denied execution of cond-restart.
Setting up man-db (2.9.1-1) ...
Not building database; man-db/auto-update is not 'true'.
Setting up intltool-debian (0.35.0+20060710.5) ...
Setting up libgnustep-base1.26 (1.26.0-7) ...
Setting up po-debconf (1.0.21) ...
Setting up gnustep-base-runtime (1.26.0-7) ...
Setting up libgnustep-base-dev (1.26.0-7) ...
Setting up dh-autoreconf (19) ...
Setting up debhelper (13) ...
Setting up sbuild-build-depends-main-dummy (0.invalid.0) ...
Processing triggers for libc-bin (2.30-4) ...
Processing triggers for ca-certificates (20190110) ...
Updating certificates in /etc/ssl/certs...
0 added, 0 removed; done.
Running hooks in /etc/ca-certificates/update.d...
done.

+------------------------------------------------------------------------------+
| Check architectures                                                          |
+------------------------------------------------------------------------------+

Arch check ok (amd64 included in any)

+------------------------------------------------------------------------------+
| Build environment                                                            |
+------------------------------------------------------------------------------+

Kernel: Linux 4.19.0-6-cloud-amd64 #1 SMP Debian 4.19.67-2+deb10u2 (2019-11-11) amd64 (x86_64)
Toolchain package versions: binutils_2.34-6 dpkg-dev_1.19.7 g++-9_9.3.0-11 gcc-9_9.3.0-11 libc6-dev_2.30-4 libstdc++-9-dev_9.3.0-11 libstdc++6_10-20200502-1 linux-libc-dev_5.6.7-1
Package versions: adduser_3.118 apt_2.0.2 autoconf_2.69-11.1 automake_1:1.16.2-1 autopoint_0.19.8.1-10 autotools-dev_20180224.1 base-files_11 base-passwd_3.5.47 bash_5.0-6 binutils_2.34-6 binutils-common_2.34-6 binutils-x86-64-linux-gnu_2.34-6 bsdmainutils_11.1.2+b1 bsdutils_1:2.34-0.1 build-essential_12.8 bzip2_1.0.8-2 ca-certificates_20190110 clang-10_1:10.0.0-4 coreutils_8.30-3+b1 cpp_4:9.2.1-3.1 cpp-9_9.3.0-11 dash_0.5.10.2-7 debconf_1.5.74 debhelper_13 debian-archive-keyring_2019.1 debianutils_4.9.1 dh-autoreconf_19 dh-strip-nondeterminism_1.8.0-1 diffutils_1:3.7-3 dpkg_1.19.7 dpkg-dev_1.19.7 dwz_0.13-5 e2fsprogs_1.45.6-1 fakeroot_1.24-1 fdisk_2.34-0.1 file_1:5.38-4 findutils_4.7.0-1 g++_4:9.2.1-3.1 g++-9_9.3.0-11 gcc_4:9.2.1-3.1 gcc-10-base_10-20200502-1 gcc-9_9.3.0-11 gcc-9-base_9.3.0-11 gettext_0.19.8.1-10 gettext-base_0.19.8.1-10 gnustep-base-common_1.26.0-7 gnustep-base-runtime_1.26.0-7 gnustep-common_2.8.0-1 gnustep-make_2.8.0-1 gobjc_4:9.2.1-3.1 gobjc-9_9.3.0-11 gpgv_2.2.20-1 grep_3.4-1 groff-base_1.22.4-4 gzip_1.10-2 hostname_3.23 init-system-helpers_1.57 intltool-debian_0.35.0+20060710.5 iproute2_5.6.0-1 lib32gcc-s1_10-20200502-1 lib32gcc1_1:10-20200502-1 lib32stdc++6_10-20200502-1 libacl1_2.2.53-8 libapt-pkg6.0_2.0.2 libarchive-zip-perl_1.68-1 libasan5_9.3.0-11 libatomic1_10-20200502-1 libattr1_1:2.4.48-5 libaudit-common_1:2.8.5-3 libaudit1_1:2.8.5-3+b1 libavahi-client3_0.7-5 libavahi-common-data_0.7-5 libavahi-common3_0.7-5 libbinutils_2.34-6 libblkid1_2.34-0.1 libbsd0_0.10.0-1 libbz2-1.0_1.0.8-2 libc-bin_2.30-4 libc-dev-bin_2.30-4 libc6_2.30-4 libc6-dev_2.30-4 libc6-i386_2.30-4 libcap-ng0_0.7.9-2.1+b2 libcap2_1:2.33-1 libcap2-bin_1:2.33-1 libcc1-0_10-20200502-1 libclang-common-10-dev_1:10.0.0-4 libclang-cpp10_1:10.0.0-4 libclang1-10_1:10.0.0-4 libcom-err2_1.45.6-1 libcroco3_0.6.13-1 libcrypt-dev_1:4.4.16-1 libcrypt1_1:4.4.16-1 libctf-nobfd0_2.34-6 libctf0_2.34-6 libdb5.3_5.3.28+dfsg1-0.6 libdbus-1-3_1.12.16-2 libdebconfclient0_0.251 libdebhelper-perl_13 libdpkg-perl_1.19.7 libedit2_3.1-20191231-1 libelf1_0.176-1.1 libext2fs2_1.45.6-1 libfakeroot_1.24-1 libfdisk1_2.34-0.1 libffi7_3.3-4 libfile-stripnondeterminism-perl_1.8.0-1 libgc1c2_1:7.6.4-0.4 libgcc-9-dev_9.3.0-11 libgcc-s1_10-20200502-1 libgcrypt20_1.8.5-5 libgdbm-compat4_1.18.1-5 libgdbm6_1.18.1-5 libglib2.0-0_2.64.2-1 libgmp10_2:6.2.0+dfsg-4 libgnustep-base-dev_1.26.0-7 libgnustep-base1.26_1.26.0-7 libgnutls30_3.6.13-2 libgomp1_10-20200502-1 libgpg-error0_1.37-1 libhogweed5_3.5.1+really3.5.1-2 libicu63_63.2-3 libidn2-0_2.3.0-1 libisl22_0.22.1-1 libitm1_10-20200502-1 libldap-2.4-2_2.4.50+dfsg-1 libldap-common_2.4.50+dfsg-1 libldap2-dev_2.4.50+dfsg-1 libllvm10_1:10.0.0-4 liblsan0_10-20200502-1 liblz4-1_1.9.2-2 liblzma5_5.2.4-1+b1 liblzo2-2_2.10-2 libmagic-mgc_1:5.38-4 libmagic1_1:5.38-4 libmnl0_1.0.4-3 libmount1_2.34-0.1 libmpc3_1.1.0-1 libmpfr6_4.0.2-1 libncursesw6_6.2-1 libnettle7_3.5.1+really3.5.1-2 libobjc-9-dev_9.3.0-11 libobjc4_10-20200502-1 libomp-10-dev_1:10.0.0-4 libomp5-10_1:10.0.0-4 libp11-kit0_0.23.20-1 libpam-modules_1.3.1-5 libpam-modules-bin_1.3.1-5 libpam-runtime_1.3.1-5 libpam0g_1.3.1-5 libpcre2-8-0_10.34-7 libpcre3_2:8.39-12+b1 libperl5.30_5.30.0-10 libpipeline1_1.5.2-2 libpkcs11-helper1_1.26-1+b1 libquadmath0_10-20200502-1 libsasl2-2_2.1.27+dfsg-2 libsasl2-modules-db_2.1.27+dfsg-2 libseccomp2_2.4.3-1+b1 libselinux1_3.0-1+b3 libsemanage-common_3.0-1 libsemanage1_3.0-1+b3 libsepol1_3.0-1 libsigsegv2_2.12-2 libsmartcols1_2.34-0.1 libss2_1.45.6-1 libssl-dev_1.1.1g-1 libssl1.1_1.1.1g-1 libstdc++-9-dev_9.3.0-11 libstdc++6_10-20200502-1 libsub-override-perl_0.09-2 libsystemd0_245.5-2 libtasn1-6_4.16.0-2 libtinfo6_6.2-1 libtool_2.4.6-14 libtsan0_10-20200502-1 libubsan1_10-20200502-1 libuchardet0_0.0.6-3 libudev1_245.5-2 libunistring2_0.9.10-2 libuuid1_2.34-0.1 libxml2_2.9.10+dfsg-5 libxslt1.1_1.1.34-4 libxtables12_1.8.4-3 libz3-4_4.8.7-4 libzstd1_1.4.4+dfsg-3 linux-libc-dev_5.6.7-1 login_1:4.8.1-1 logsave_1.45.6-1 lsb-base_11.1.0 m4_1.4.18-4 make_4.2.1-1.3 man-db_2.9.1-1 mawk_1.3.4.20200120-2 mount_2.34-0.1 ncurses-base_6.2-1 ncurses-bin_6.2-1 openssl_1.1.1g-1 openvpn_2.4.9-2 passwd_1:4.8.1-1 patch_2.7.6-6 perl_5.30.0-10 perl-base_5.30.0-10 perl-modules-5.30_5.30.0-10 po-debconf_1.0.21 qt5-qmake_5.12.5+dfsg-10 qt5-qmake-bin_5.12.5+dfsg-10 qtchooser_66-2 re2c_1.3-1 sbuild-build-depends-main-dummy_0.invalid.0 sed_4.7-1 sensible-utils_0.0.12+nmu1 sysvinit-utils_2.96-3 tar_1.30+dfsg-7 tzdata_2020a-1 util-linux_2.34-0.1 xz-utils_5.2.4-1+b1 zlib1g_1:1.2.11.dfsg-2

+------------------------------------------------------------------------------+
| Build                                                                        |
+------------------------------------------------------------------------------+


Unpack source
-------------

-----BEGIN PGP SIGNED MESSAGE-----
Hash: SHA512

Format: 3.0 (quilt)
Source: openvpn-auth-ldap
Binary: openvpn-auth-ldap
Architecture: any
Version: 2.0.4-1
Maintainer: Aniol Marti <amarti@caliu.cat>
Homepage: https://github.com/threerings/openvpn-auth-ldap
Standards-Version: 4.4.0
Vcs-Browser: https://salsa.debian.org/debian/openvpn-auth-ldap
Vcs-Git: https://salsa.debian.org/debian/openvpn-auth-ldap.git
Testsuite: autopkgtest
Testsuite-Triggers: easy-rsa, ldap-utils, openvpn, slapd
Build-Depends: debhelper-compat (= 12), openvpn (>= 2), re2c, libldap2-dev, gobjc, libgnustep-base-dev, libssl-dev
Package-List:
 openvpn-auth-ldap deb net optional arch=any
Checksums-Sha1:
 fb3181f30c298ee546f4cf33fe539cc41464a3b0 209800 openvpn-auth-ldap_2.0.4.orig.tar.gz
 fd43c96e674a303e4daec65165fecce39a3aab1b 7672 openvpn-auth-ldap_2.0.4-1.debian.tar.xz
Checksums-Sha256:
 81f600cdc88adb2258f57df1ed2d87f0afa945f66cbf8897ad50e76f42509168 209800 openvpn-auth-ldap_2.0.4.orig.tar.gz
 2f30691770279de175e6466a5497c77933d3836dc989f6fec2f749461fbe6fc2 7672 openvpn-auth-ldap_2.0.4-1.debian.tar.xz
Files:
 c4985fbbf88042e28efd1521d03bf658 209800 openvpn-auth-ldap_2.0.4.orig.tar.gz
 86741198c3f903c397d532962bb7fcf0 7672 openvpn-auth-ldap_2.0.4-1.debian.tar.xz

-----BEGIN PGP SIGNATURE-----

iQIzBAEBCgAdFiEEaUBwKsbetWW2SKTt466XjoNOXn4FAl1IuKAACgkQ466XjoNO
Xn75gw/+J0NA9xzbqX5bvkjtpT5RJs8ozlTRKzqXClAANlu6dL7r05NNhEJwyY3R
ATWWj71A+dymH1uc99zGgnhOUQAo07G+wuybdQuMc9NIDc3CaYI7ytPr90N9ZugF
vI3MNmLdeHp/yRaDbGKrprnf8wpAEz1IqETo+hb5Hr407hYjRBNYzi9e7eVRLjCQ
zsYruZ+Y5O8sxavCaLFYikhquJ7QETOGnIVHuYoFQzS///cuGyrl6Vx+Th9OZtnZ
yuvVHOSWxw1rk9JEZ8OFUdyjsaJos6N4xMi7AmY22tNXbL5bSMKtInLxjIfnnkfw
bhT7YKD4jSqSeXNtKjyZ+iAVr4JRuOOk/aqPE1EpzKqZqt00wjujx2Ogcg6ucgQX
GNbacHCqa64QUGTdeQVdK6c92+I0uxCBO075kYOoRRtvZhsI7f4M+E9msIIDfsvL
RFJTJK+sjxruKLuTOaBsByyXBnk622Ah6YgFzeHdkxaQS7yOCk7JMqkz59c+9V+4
Dh5+vn/sTvJosIlpmxfF1dJ9wzB4ZE0WB0sNpvjQ5VvLxkX6/kGA70gzNLO02Try
G9ndfhIdvmFcicU2+n3q4QCZH2BQCZwUm3GHsTsxbfqWyEdEr+xT5hw+LvlJ3zBj
/YYzhQ0Q/7VCIHXx52+6O4TrmnNcZcFXYP09x90doC36IWZhkJA=
=sugd
-----END PGP SIGNATURE-----

gpgv: unknown type of key resource 'trustedkeys.kbx'
gpgv: keyblock resource '/sbuild-nonexistent/.gnupg/trustedkeys.kbx': General error
gpgv: Signature made Mon Aug  5 23:15:44 2019 UTC
gpgv:                using RSA key 6940702AC6DEB565B648A4EDE3AE978E834E5E7E
gpgv: Can't check signature: No public key
dpkg-source: warning: failed to verify signature on ./openvpn-auth-ldap_2.0.4-1.dsc
dpkg-source: info: extracting openvpn-auth-ldap in /<<PKGBUILDDIR>>
dpkg-source: info: unpacking openvpn-auth-ldap_2.0.4.orig.tar.gz
dpkg-source: info: unpacking openvpn-auth-ldap_2.0.4-1.debian.tar.xz
dpkg-source: info: using patch list from debian/patches/series
dpkg-source: info: applying auth-ldap-remoteAddress.patch
dpkg-source: info: applying tools-cflags.patch
dpkg-source: info: applying load-ldflags.patch

Check disk space
----------------

Sufficient free space for build

User Environment
----------------

APT_CONFIG=/var/lib/sbuild/apt.conf
HOME=/sbuild-nonexistent
LANG=C.UTF-8
LC_ALL=C.UTF-8
LOGNAME=user42
PATH=/usr/local/sbin:/usr/local/bin:/usr/sbin:/usr/bin:/sbin:/bin:/usr/games
SCHROOT_ALIAS_NAME=unstable
SCHROOT_CHROOT_NAME=sid-amd64-sbuild
SCHROOT_COMMAND=env
SCHROOT_GID=1001
SCHROOT_GROUP=user42
SCHROOT_SESSION_ID=sid-amd64-sbuild-caf232d9-6921-4db1-8650-2fd8a6d0eea2
SCHROOT_UID=1001
SCHROOT_USER=user42
SHELL=/bin/sh
USER=user42

dpkg-buildpackage
-----------------

Command: dpkg-buildpackage -us -uc -b -rfakeroot
dpkg-buildpackage: info: source package openvpn-auth-ldap
dpkg-buildpackage: info: source version 2.0.4-1
dpkg-buildpackage: info: source distribution unstable
dpkg-buildpackage: info: source changed by Aniol Marti <amarti@caliu.cat>
 dpkg-source --before-build .
dpkg-buildpackage: info: host architecture amd64
 fakeroot debian/rules clean
dh clean --with autoreconf
   debian/rules override_dh_auto_clean
make[1]: Entering directory '/<<PKGBUILDDIR>>'
rm -f tests/Makefile
dh_auto_clean
make[1]: Leaving directory '/<<PKGBUILDDIR>>'
   dh_clean
 debian/rules build
dh build --with autoreconf
   dh_update_autotools_config
   dh_autoreconf
   debian/rules override_dh_auto_configure
make[1]: Entering directory '/<<PKGBUILDDIR>>'
dh_auto_configure -- --prefix=/usr --with-openvpn=/usr/include/openvpn
	./configure --build=x86_64-linux-gnu --prefix=/usr --includedir=\${prefix}/include --mandir=\${prefix}/share/man --infodir=\${prefix}/share/info --sysconfdir=/etc --localstatedir=/var --disable-silent-rules --libdir=\${prefix}/lib/x86_64-linux-gnu --runstatedir=/run --disable-maintainer-mode --disable-dependency-tracking --prefix=/usr --with-openvpn=/usr/include/openvpn
configure: WARNING: unrecognized options: --disable-silent-rules, --disable-maintainer-mode, --disable-dependency-tracking
checking build system type... x86_64-pc-linux-gnu
checking host system type... x86_64-pc-linux-gnu
checking target system type... x86_64-pc-linux-gnu
checking for clang... clang
checking whether the C compiler works... yes
checking for C compiler default output file name... a.out
checking for suffix of executables... 
checking whether we are cross compiling... no
checking for suffix of object files... o
checking whether we are using the GNU C compiler... yes
checking whether clang accepts -g... yes
checking for clang option to accept ISO C89... none needed
checking for clang option to accept ISO C99... none needed
checking for clang... clang
checking whether we are using the GNU Objective C compiler... yes
checking whether clang accepts -g... yes
checking for a BSD-compatible install... /usr/bin/install -c
checking whether ln -s works... yes
checking whether make sets $(MAKE)... yes
checking for ranlib... ranlib
checking for ar... ar
checking for re2c... /usr/bin/re2c
checking for doxygen... no
checking for dot... no
checking how to run the C preprocessor... clang -E
checking for grep that handles long lines and -e... /bin/grep
checking for egrep... /bin/grep -E
checking for ANSI C header files... yes
checking for the pthreads library -lpthreads... no
checking whether pthreads work without any flags... no
checking whether pthreads work with -Kthread... no
checking whether pthreads work with -kthread... no
checking for the pthreads library -llthread... no
checking whether pthreads work with -pthread... yes
checking for joinable pthread attribute... PTHREAD_CREATE_JOINABLE
checking if more special flags are required for pthreads... no
checking for BSD pf(4) support... no
configure: WARNING: pf(4) table support will not be included.
checking for strlcpy... no
checking for openldap... yes
checking for openssl... yes
checking for NSStringFromSelector in Foundation framework... no
checking for openvpn-plugin.h... yes
checking how to run the Objective C preprocessor... clang -E
checking for sys/types.h... yes
checking for sys/stat.h... yes
checking for stdlib.h... yes
checking for string.h... yes
checking for memory.h... yes
checking for strings.h... yes
checking for inttypes.h... yes
checking for stdint.h... yes
checking for unistd.h... yes
checking objc/objc.h usability... no
checking objc/objc.h presence... no
checking for objc/objc.h... no
configure: error: Can't locate Objective C runtime headers
	tail -v -n \+0 config.log
==> config.log <==
This file contains any messages produced by compilers while
running configure, to aid debugging if configure makes a mistake.

It was created by auth-ldap configure 2.0, which was
generated by GNU Autoconf 2.69.  Invocation command line was

  $ ./configure --build=x86_64-linux-gnu --prefix=/usr --includedir=${prefix}/include --mandir=${prefix}/share/man --infodir=${prefix}/share/info --sysconfdir=/etc --localstatedir=/var --disable-silent-rules --libdir=${prefix}/lib/x86_64-linux-gnu --runstatedir=/run --disable-maintainer-mode --disable-dependency-tracking --prefix=/usr --with-openvpn=/usr/include/openvpn

## --------- ##
## Platform. ##
## --------- ##

hostname = ip-172-31-9-59
uname -m = x86_64
uname -r = 4.19.0-6-cloud-amd64
uname -s = Linux
uname -v = #1 SMP Debian 4.19.67-2+deb10u2 (2019-11-11)

/usr/bin/uname -p = unknown
/bin/uname -X     = unknown

/bin/arch              = unknown
/usr/bin/arch -k       = unknown
/usr/convex/getsysinfo = unknown
/usr/bin/hostinfo      = unknown
/bin/machine           = unknown
/usr/bin/oslevel       = unknown
/bin/universe          = unknown

PATH: /usr/local/sbin
PATH: /usr/local/bin
PATH: /usr/sbin
PATH: /usr/bin
PATH: /sbin
PATH: /bin
PATH: /usr/games


## ----------- ##
## Core tests. ##
## ----------- ##

configure:2330: checking build system type
configure:2344: result: x86_64-pc-linux-gnu
configure:2364: checking host system type
configure:2377: result: x86_64-pc-linux-gnu
configure:2397: checking target system type
configure:2410: result: x86_64-pc-linux-gnu
configure:2493: checking for clang
configure:2509: found /usr/bin/clang
configure:2520: result: clang
configure:2551: checking for C compiler version
configure:2560: clang --version >&5
clang version 10.0.0-4 
Target: x86_64-pc-linux-gnu
Thread model: posix
InstalledDir: /usr/bin
configure:2571: $? = 0
configure:2560: clang -v >&5
clang version 10.0.0-4 
Target: x86_64-pc-linux-gnu
Thread model: posix
InstalledDir: /usr/bin
Found candidate GCC installation: /usr/bin/../lib/gcc/x86_64-linux-gnu/9
Found candidate GCC installation: /usr/lib/gcc/x86_64-linux-gnu/9
Selected GCC installation: /usr/bin/../lib/gcc/x86_64-linux-gnu/9
Candidate multilib: .;@m64
Selected multilib: .;@m64
configure:2571: $? = 0
configure:2560: clang -V >&5
clang: error: argument to '-V' is missing (expected 1 value)
clang: error: no input files
configure:2571: $? = 1
configure:2560: clang -qversion >&5
clang: error: unknown argument '-qversion'; did you mean '--version'?
clang: error: no input files
configure:2571: $? = 1
configure:2591: checking whether the C compiler works
configure:2613: clang -g -O2 -fdebug-prefix-map=/<<PKGBUILDDIR>>=. -fstack-protector-strong -Wformat -Werror=format-security -g -O2 -fstack-protector-strong -Wformat -Werror=format-security -D_FORTIFY_SOURCE=2 -fdebug-prefix-map=/<<PKGBUILDDIR>>=/ -Wdate-time -D_FORTIFY_SOURCE=2 -Wl,-z,relro -Wl,--as-needed conftest.c  >&5
configure:2617: $? = 0
configure:2665: result: yes
configure:2668: checking for C compiler default output file name
configure:2670: result: a.out
configure:2676: checking for suffix of executables
configure:2683: clang -o conftest -g -O2 -fdebug-prefix-map=/<<PKGBUILDDIR>>=. -fstack-protector-strong -Wformat -Werror=format-security -g -O2 -fstack-protector-strong -Wformat -Werror=format-security -D_FORTIFY_SOURCE=2 -fdebug-prefix-map=/<<PKGBUILDDIR>>=/ -Wdate-time -D_FORTIFY_SOURCE=2 -Wl,-z,relro -Wl,--as-needed conftest.c  >&5
configure:2687: $? = 0
configure:2709: result: 
configure:2731: checking whether we are cross compiling
configure:2739: clang -o conftest -g -O2 -fdebug-prefix-map=/<<PKGBUILDDIR>>=. -fstack-protector-strong -Wformat -Werror=format-security -g -O2 -fstack-protector-strong -Wformat -Werror=format-security -D_FORTIFY_SOURCE=2 -fdebug-prefix-map=/<<PKGBUILDDIR>>=/ -Wdate-time -D_FORTIFY_SOURCE=2 -Wl,-z,relro -Wl,--as-needed conftest.c  >&5
configure:2743: $? = 0
configure:2750: ./conftest
configure:2754: $? = 0
configure:2742: result: no
configure:2747: checking for suffix of object files
configure:2769: clang -c -g -O2 -fdebug-prefix-map=/<<PKGBUILDDIR>>=. -fstack-protector-strong -Wformat -Werror=format-security -g -O2 -fstack-protector-strong -Wformat -Werror=format-security -D_FORTIFY_SOURCE=2 -fdebug-prefix-map=/<<PKGBUILDDIR>>=/ -Wdate-time -D_FORTIFY_SOURCE=2 conftest.c >&5
configure:2773: $? = 0
configure:2794: result: o
configure:2798: checking whether we are using the GNU C compiler
configure:2817: clang -c -g -O2 -fdebug-prefix-map=/<<PKGBUILDDIR>>=. -fstack-protector-strong -Wformat -Werror=format-security -g -O2 -fstack-protector-strong -Wformat -Werror=format-security -D_FORTIFY_SOURCE=2 -fdebug-prefix-map=/<<PKGBUILDDIR>>=/ -Wdate-time -D_FORTIFY_SOURCE=2 conftest.c >&5
configure:2817: $? = 0
configure:2826: result: yes
configure:2835: checking whether clang accepts -g
configure:2855: clang -c -g -Wdate-time -D_FORTIFY_SOURCE=2 conftest.c >&5
configure:2855: $? = 0
configure:2896: result: yes
configure:2913: checking for clang option to accept ISO C89
configure:2976: clang  -c -g -O2 -fdebug-prefix-map=/<<PKGBUILDDIR>>=. -fstack-protector-strong -Wformat -Werror=format-security -g -O2 -fstack-protector-strong -Wformat -Werror=format-security -D_FORTIFY_SOURCE=2 -fdebug-prefix-map=/<<PKGBUILDDIR>>=/ -Wdate-time -D_FORTIFY_SOURCE=2 conftest.c >&5
configure:2976: $? = 0
configure:2989: result: none needed
configure:3009: checking for clang option to accept ISO C99
configure:3158: clang  -c -g -O2 -fdebug-prefix-map=/<<PKGBUILDDIR>>=. -fstack-protector-strong -Wformat -Werror=format-security -g -O2 -fstack-protector-strong -Wformat -Werror=format-security -D_FORTIFY_SOURCE=2 -fdebug-prefix-map=/<<PKGBUILDDIR>>=/ -Wdate-time -D_FORTIFY_SOURCE=2 conftest.c >&5
configure:3158: $? = 0
configure:3171: result: none needed
configure:3240: checking for clang
configure:3256: found /usr/bin/clang
configure:3267: result: clang
configure:3292: checking for Objective C compiler version
configure:3301: clang --version >&5
clang version 10.0.0-4 
Target: x86_64-pc-linux-gnu
Thread model: posix
InstalledDir: /usr/bin
configure:3312: $? = 0
configure:3301: clang -v >&5
clang version 10.0.0-4 
Target: x86_64-pc-linux-gnu
Thread model: posix
InstalledDir: /usr/bin
Found candidate GCC installation: /usr/bin/../lib/gcc/x86_64-linux-gnu/9
Found candidate GCC installation: /usr/lib/gcc/x86_64-linux-gnu/9
Selected GCC installation: /usr/bin/../lib/gcc/x86_64-linux-gnu/9
Candidate multilib: .;@m64
Selected multilib: .;@m64
configure:3312: $? = 0
configure:3301: clang -V >&5
clang: error: argument to '-V' is missing (expected 1 value)
clang: error: no input files
configure:3312: $? = 1
configure:3301: clang -qversion >&5
clang: error: unknown argument '-qversion'; did you mean '--version'?
clang: error: no input files
configure:3312: $? = 1
configure:3316: checking whether we are using the GNU Objective C compiler
configure:3335: clang -c -g -O2 -fdebug-prefix-map=/<<PKGBUILDDIR>>=. -fstack-protector-strong -Wformat -Werror=format-security -std=gnu11 -Wdate-time -D_FORTIFY_SOURCE=2 conftest.m >&5
configure:3335: $? = 0
configure:3344: result: yes
configure:3353: checking whether clang accepts -g
configure:3373: clang -c -g -Wdate-time -D_FORTIFY_SOURCE=2 conftest.m >&5
configure:3373: $? = 0
configure:3414: result: yes
configure:3543: checking for a BSD-compatible install
configure:3611: result: /usr/bin/install -c
configure:3622: checking whether ln -s works
configure:3626: result: yes
configure:3633: checking whether make sets $(MAKE)
configure:3655: result: yes
configure:3708: checking for ranlib
configure:3724: found /usr/bin/ranlib
configure:3735: result: ranlib
configure:3800: checking for ar
configure:3816: found /usr/bin/ar
configure:3827: result: ar
configure:3852: checking for re2c
configure:3870: found /usr/bin/re2c
configure:3883: result: /usr/bin/re2c
configure:3897: checking for doxygen
configure:3928: result: no
configure:3942: checking for dot
configure:3973: result: no
configure:4095: checking how to run the C preprocessor
configure:4126: clang -E -Wdate-time -D_FORTIFY_SOURCE=2 conftest.c
configure:4126: $? = 0
configure:4140: clang -E -Wdate-time -D_FORTIFY_SOURCE=2 conftest.c
conftest.c:9:10: fatal error: 'ac_nonexistent.h' file not found
#include <ac_nonexistent.h>
         ^~~~~~~~~~~~~~~~~~
1 error generated.
configure:4140: $? = 1
configure: failed program was:
| /* confdefs.h */
| #define PACKAGE_NAME "auth-ldap"
| #define PACKAGE_TARNAME "auth-ldap"
| #define PACKAGE_VERSION "2.0"
| #define PACKAGE_STRING "auth-ldap 2.0"
| #define PACKAGE_BUGREPORT "landonf@opendarwin.org"
| #define PACKAGE_URL ""
| /* end confdefs.h.  */
| #include <ac_nonexistent.h>
configure:4165: result: clang -E
configure:4185: clang -E -Wdate-time -D_FORTIFY_SOURCE=2 conftest.c
configure:4185: $? = 0
configure:4199: clang -E -Wdate-time -D_FORTIFY_SOURCE=2 conftest.c
conftest.c:9:10: fatal error: 'ac_nonexistent.h' file not found
#include <ac_nonexistent.h>
         ^~~~~~~~~~~~~~~~~~
1 error generated.
configure:4199: $? = 1
configure: failed program was:
| /* confdefs.h */
| #define PACKAGE_NAME "auth-ldap"
| #define PACKAGE_TARNAME "auth-ldap"
| #define PACKAGE_VERSION "2.0"
| #define PACKAGE_STRING "auth-ldap 2.0"
| #define PACKAGE_BUGREPORT "landonf@opendarwin.org"
| #define PACKAGE_URL ""
| /* end confdefs.h.  */
| #include <ac_nonexistent.h>
configure:4228: checking for grep that handles long lines and -e
configure:4286: result: /bin/grep
configure:4291: checking for egrep
configure:4353: result: /bin/grep -E
configure:4358: checking for ANSI C header files
configure:4378: clang -c -g -O2 -fdebug-prefix-map=/<<PKGBUILDDIR>>=. -fstack-protector-strong -Wformat -Werror=format-security -g -O2 -fstack-protector-strong -Wformat -Werror=format-security -D_FORTIFY_SOURCE=2 -fdebug-prefix-map=/<<PKGBUILDDIR>>=/ -Wdate-time -D_FORTIFY_SOURCE=2 conftest.c >&5
configure:4378: $? = 0
configure:4451: clang -o conftest -g -O2 -fdebug-prefix-map=/<<PKGBUILDDIR>>=. -fstack-protector-strong -Wformat -Werror=format-security -g -O2 -fstack-protector-strong -Wformat -Werror=format-security -D_FORTIFY_SOURCE=2 -fdebug-prefix-map=/<<PKGBUILDDIR>>=/ -Wdate-time -D_FORTIFY_SOURCE=2 -Wl,-z,relro -Wl,--as-needed conftest.c  >&5
configure:4451: $? = 0
configure:4451: ./conftest
configure:4451: $? = 0
configure:4462: result: yes
configure:4719: checking for the pthreads library -lpthreads
configure:4752: clang -o conftest -g -O2 -fdebug-prefix-map=/<<PKGBUILDDIR>>=. -fstack-protector-strong -Wformat -Werror=format-security -g -O2 -fstack-protector-strong -Wformat -Werror=format-security -D_FORTIFY_SOURCE=2 -fdebug-prefix-map=/<<PKGBUILDDIR>>=/  -Wdate-time -D_FORTIFY_SOURCE=2 -Wl,-z,relro -Wl,--as-needed conftest.c -lpthreads  >&5
conftest.c:15:41: warning: null passed to a callee that requires a non-null argument [-Wnonnull]
                     pthread_attr_init(0); pthread_cleanup_push(0, 0);
                                       ~^
conftest.c:16:44: warning: null passed to a callee that requires a non-null argument [-Wnonnull]
                     pthread_create(0,0,0,0); pthread_cleanup_pop(0);
                                    ~      ^
conftest.c:16:44: warning: null passed to a callee that requires a non-null argument [-Wnonnull]
                     pthread_create(0,0,0,0); pthread_cleanup_pop(0);
                                        ~  ^
3 warnings generated.
/usr/bin/ld: cannot find -lpthreads
clang: error: linker command failed with exit code 1 (use -v to see invocation)
configure:4752: $? = 1
configure: failed program was:
| /* confdefs.h */
| #define PACKAGE_NAME "auth-ldap"
| #define PACKAGE_TARNAME "auth-ldap"
| #define PACKAGE_VERSION "2.0"
| #define PACKAGE_STRING "auth-ldap 2.0"
| #define PACKAGE_BUGREPORT "landonf@opendarwin.org"
| #define PACKAGE_URL ""
| #define STDC_HEADERS 1
| /* end confdefs.h.  */
| #include <pthread.h>
| int
| main ()
| {
| pthread_t th; pthread_join(th, 0);
|                      pthread_attr_init(0); pthread_cleanup_push(0, 0);
|                      pthread_create(0,0,0,0); pthread_cleanup_pop(0);
|   ;
|   return 0;
| }
configure:4761: result: no
configure:4663: checking whether pthreads work without any flags
configure:4752: clang -o conftest -g -O2 -fdebug-prefix-map=/<<PKGBUILDDIR>>=. -fstack-protector-strong -Wformat -Werror=format-security -g -O2 -fstack-protector-strong -Wformat -Werror=format-security -D_FORTIFY_SOURCE=2 -fdebug-prefix-map=/<<PKGBUILDDIR>>=/  -Wdate-time -D_FORTIFY_SOURCE=2 -Wl,-z,relro -Wl,--as-needed conftest.c   >&5
conftest.c:15:41: warning: null passed to a callee that requires a non-null argument [-Wnonnull]
                     pthread_attr_init(0); pthread_cleanup_push(0, 0);
                                       ~^
conftest.c:16:44: warning: null passed to a callee that requires a non-null argument [-Wnonnull]
                     pthread_create(0,0,0,0); pthread_cleanup_pop(0);
                                    ~      ^
conftest.c:16:44: warning: null passed to a callee that requires a non-null argument [-Wnonnull]
                     pthread_create(0,0,0,0); pthread_cleanup_pop(0);
                                        ~  ^
3 warnings generated.
/usr/bin/ld: /tmp/conftest-a07ada.o: in function `main':
./conftest.c:14: undefined reference to `pthread_join'
/usr/bin/ld: ./conftest.c:15: undefined reference to `__pthread_register_cancel'
/usr/bin/ld: ./conftest.c:16: undefined reference to `pthread_create'
/usr/bin/ld: ./conftest.c:16: undefined reference to `__pthread_unregister_cancel'
clang: error: linker command failed with exit code 1 (use -v to see invocation)
configure:4752: $? = 1
configure: failed program was:
| /* confdefs.h */
| #define PACKAGE_NAME "auth-ldap"
| #define PACKAGE_TARNAME "auth-ldap"
| #define PACKAGE_VERSION "2.0"
| #define PACKAGE_STRING "auth-ldap 2.0"
| #define PACKAGE_BUGREPORT "landonf@opendarwin.org"
| #define PACKAGE_URL ""
| #define STDC_HEADERS 1
| /* end confdefs.h.  */
| #include <pthread.h>
| int
| main ()
| {
| pthread_t th; pthread_join(th, 0);
|                      pthread_attr_init(0); pthread_cleanup_push(0, 0);
|                      pthread_create(0,0,0,0); pthread_cleanup_pop(0);
|   ;
|   return 0;
| }
configure:4761: result: no
configure:4668: checking whether pthreads work with -Kthread
configure:4752: clang -o conftest -g -O2 -fdebug-prefix-map=/<<PKGBUILDDIR>>=. -fstack-protector-strong -Wformat -Werror=format-security -g -O2 -fstack-protector-strong -Wformat -Werror=format-security -D_FORTIFY_SOURCE=2 -fdebug-prefix-map=/<<PKGBUILDDIR>>=/ -Kthread -Wdate-time -D_FORTIFY_SOURCE=2 -Wl,-z,relro -Wl,--as-needed conftest.c -Kthread  >&5
clang: error: unknown argument '-Kthread'; did you mean '-pthread'?
clang: error: unknown argument '-Kthread'; did you mean '-pthread'?
configure:4752: $? = 1
configure: failed program was:
| /* confdefs.h */
| #define PACKAGE_NAME "auth-ldap"
| #define PACKAGE_TARNAME "auth-ldap"
| #define PACKAGE_VERSION "2.0"
| #define PACKAGE_STRING "auth-ldap 2.0"
| #define PACKAGE_BUGREPORT "landonf@opendarwin.org"
| #define PACKAGE_URL ""
| #define STDC_HEADERS 1
| /* end confdefs.h.  */
| #include <pthread.h>
| int
| main ()
| {
| pthread_t th; pthread_join(th, 0);
|                      pthread_attr_init(0); pthread_cleanup_push(0, 0);
|                      pthread_create(0,0,0,0); pthread_cleanup_pop(0);
|   ;
|   return 0;
| }
configure:4761: result: no
configure:4668: checking whether pthreads work with -kthread
configure:4752: clang -o conftest -g -O2 -fdebug-prefix-map=/<<PKGBUILDDIR>>=. -fstack-protector-strong -Wformat -Werror=format-security -g -O2 -fstack-protector-strong -Wformat -Werror=format-security -D_FORTIFY_SOURCE=2 -fdebug-prefix-map=/<<PKGBUILDDIR>>=/ -kthread -Wdate-time -D_FORTIFY_SOURCE=2 -Wl,-z,relro -Wl,--as-needed conftest.c -kthread  >&5
clang: error: unknown argument '-kthread'; did you mean '-pthread'?
clang: error: unknown argument '-kthread'; did you mean '-pthread'?
configure:4752: $? = 1
configure: failed program was:
| /* confdefs.h */
| #define PACKAGE_NAME "auth-ldap"
| #define PACKAGE_TARNAME "auth-ldap"
| #define PACKAGE_VERSION "2.0"
| #define PACKAGE_STRING "auth-ldap 2.0"
| #define PACKAGE_BUGREPORT "landonf@opendarwin.org"
| #define PACKAGE_URL ""
| #define STDC_HEADERS 1
| /* end confdefs.h.  */
| #include <pthread.h>
| int
| main ()
| {
| pthread_t th; pthread_join(th, 0);
|                      pthread_attr_init(0); pthread_cleanup_push(0, 0);
|                      pthread_create(0,0,0,0); pthread_cleanup_pop(0);
|   ;
|   return 0;
| }
configure:4761: result: no
configure:4719: checking for the pthreads library -llthread
configure:4752: clang -o conftest -g -O2 -fdebug-prefix-map=/<<PKGBUILDDIR>>=. -fstack-protector-strong -Wformat -Werror=format-security -g -O2 -fstack-protector-strong -Wformat -Werror=format-security -D_FORTIFY_SOURCE=2 -fdebug-prefix-map=/<<PKGBUILDDIR>>=/  -Wdate-time -D_FORTIFY_SOURCE=2 -Wl,-z,relro -Wl,--as-needed conftest.c -llthread  >&5
conftest.c:15:41: warning: null passed to a callee that requires a non-null argument [-Wnonnull]
                     pthread_attr_init(0); pthread_cleanup_push(0, 0);
                                       ~^
conftest.c:16:44: warning: null passed to a callee that requires a non-null argument [-Wnonnull]
                     pthread_create(0,0,0,0); pthread_cleanup_pop(0);
                                    ~      ^
conftest.c:16:44: warning: null passed to a callee that requires a non-null argument [-Wnonnull]
                     pthread_create(0,0,0,0); pthread_cleanup_pop(0);
                                        ~  ^
3 warnings generated.
/usr/bin/ld: cannot find -llthread
clang: error: linker command failed with exit code 1 (use -v to see invocation)
configure:4752: $? = 1
configure: failed program was:
| /* confdefs.h */
| #define PACKAGE_NAME "auth-ldap"
| #define PACKAGE_TARNAME "auth-ldap"
| #define PACKAGE_VERSION "2.0"
| #define PACKAGE_STRING "auth-ldap 2.0"
| #define PACKAGE_BUGREPORT "landonf@opendarwin.org"
| #define PACKAGE_URL ""
| #define STDC_HEADERS 1
| /* end confdefs.h.  */
| #include <pthread.h>
| int
| main ()
| {
| pthread_t th; pthread_join(th, 0);
|                      pthread_attr_init(0); pthread_cleanup_push(0, 0);
|                      pthread_create(0,0,0,0); pthread_cleanup_pop(0);
|   ;
|   return 0;
| }
configure:4761: result: no
configure:4668: checking whether pthreads work with -pthread
configure:4752: clang -o conftest -g -O2 -fdebug-prefix-map=/<<PKGBUILDDIR>>=. -fstack-protector-strong -Wformat -Werror=format-security -g -O2 -fstack-protector-strong -Wformat -Werror=format-security -D_FORTIFY_SOURCE=2 -fdebug-prefix-map=/<<PKGBUILDDIR>>=/ -pthread -Wdate-time -D_FORTIFY_SOURCE=2 -Wl,-z,relro -Wl,--as-needed conftest.c -pthread  >&5
conftest.c:15:41: warning: null passed to a callee that requires a non-null argument [-Wnonnull]
                     pthread_attr_init(0); pthread_cleanup_push(0, 0);
                                       ~^
conftest.c:16:44: warning: null passed to a callee that requires a non-null argument [-Wnonnull]
                     pthread_create(0,0,0,0); pthread_cleanup_pop(0);
                                    ~      ^
conftest.c:16:44: warning: null passed to a callee that requires a non-null argument [-Wnonnull]
                     pthread_create(0,0,0,0); pthread_cleanup_pop(0);
                                        ~  ^
3 warnings generated.
configure:4752: $? = 0
configure:4761: result: yes
configure:4780: checking for joinable pthread attribute
configure:4795: clang -o conftest -g -O2 -fdebug-prefix-map=/<<PKGBUILDDIR>>=. -fstack-protector-strong -Wformat -Werror=format-security -g -O2 -fstack-protector-strong -Wformat -Werror=format-security -D_FORTIFY_SOURCE=2 -fdebug-prefix-map=/<<PKGBUILDDIR>>=/ -pthread -Wdate-time -D_FORTIFY_SOURCE=2 -Wl,-z,relro -Wl,--as-needed conftest.c -pthread  >&5
configure:4795: $? = 0
configure:4801: result: PTHREAD_CREATE_JOINABLE
configure:4811: checking if more special flags are required for pthreads
configure:4818: result: no
configure:4972: checking for BSD pf(4) support
configure:4999: clang -o conftest -g -O2 -fdebug-prefix-map=/<<PKGBUILDDIR>>=. -fstack-protector-strong -Wformat -Werror=format-security -g -O2 -fstack-protector-strong -Wformat -Werror=format-security -D_FORTIFY_SOURCE=2 -fdebug-prefix-map=/<<PKGBUILDDIR>>=/ -Wdate-time -D_FORTIFY_SOURCE=2 -export-dynamic -Wl,-z,relro -Wl,--as-needed conftest.c  >&5
clang: warning: argument unused during compilation: '-e xport-dynamic' [-Wunused-command-line-argument]
conftest.c:17:16: fatal error: 'net/pfvar.h' file not found
                                                #include <net/pfvar.h>
                                                         ^~~~~~~~~~~~~
1 error generated.
configure:4999: $? = 1
configure: failed program was:
| /* confdefs.h */
| #define PACKAGE_NAME "auth-ldap"
| #define PACKAGE_TARNAME "auth-ldap"
| #define PACKAGE_VERSION "2.0"
| #define PACKAGE_STRING "auth-ldap 2.0"
| #define PACKAGE_BUGREPORT "landonf@opendarwin.org"
| #define PACKAGE_URL ""
| #define STDC_HEADERS 1
| #define HAVE_PTHREAD 1
| /* end confdefs.h.  */
| 
| 
| 						#include <sys/types.h>
| 						#include <sys/ioctl.h>
| 						#include <sys/socket.h>
| 						#include <net/if.h>
| 						#include <net/pfvar.h>
| 
| int
| main ()
| {
| 
| 						unsigned long req = DIOCRCLRTABLES;
| 
|   ;
|   return 0;
| }
| 
configure:5016: result: no
configure:5020: WARNING: pf(4) table support will not be included.
configure:5115: checking for strlcpy
configure:5115: clang -o conftest -g -O2 -fdebug-prefix-map=/<<PKGBUILDDIR>>=. -fstack-protector-strong -Wformat -Werror=format-security -g -O2 -fstack-protector-strong -Wformat -Werror=format-security -D_FORTIFY_SOURCE=2 -fdebug-prefix-map=/<<PKGBUILDDIR>>=/ -Wdate-time -D_FORTIFY_SOURCE=2 -export-dynamic -Wl,-z,relro -Wl,--as-needed conftest.c  >&5
clang: warning: argument unused during compilation: '-e xport-dynamic' [-Wunused-command-line-argument]
/usr/bin/ld: /tmp/conftest-6d503f.o: in function `main':
./conftest.c:46: undefined reference to `strlcpy'
clang: error: linker command failed with exit code 1 (use -v to see invocation)
configure:5115: $? = 1
configure: failed program was:
| /* confdefs.h */
| #define PACKAGE_NAME "auth-ldap"
| #define PACKAGE_TARNAME "auth-ldap"
| #define PACKAGE_VERSION "2.0"
| #define PACKAGE_STRING "auth-ldap 2.0"
| #define PACKAGE_BUGREPORT "landonf@opendarwin.org"
| #define PACKAGE_URL ""
| #define STDC_HEADERS 1
| #define HAVE_PTHREAD 1
| #define _GNU_SOURCE 1
| /* end confdefs.h.  */
| /* Define strlcpy to an innocuous variant, in case <limits.h> declares strlcpy.
|    For example, HP-UX 11i <limits.h> declares gettimeofday.  */
| #define strlcpy innocuous_strlcpy
| 
| /* System header to define __stub macros and hopefully few prototypes,
|     which can conflict with char strlcpy (); below.
|     Prefer <limits.h> to <assert.h> if __STDC__ is defined, since
|     <limits.h> exists even on freestanding compilers.  */
| 
| #ifdef __STDC__
| # include <limits.h>
| #else
| # include <assert.h>
| #endif
| 
| #undef strlcpy
| 
| /* Override any GCC internal prototype to avoid an error.
|    Use char because int might match the return type of a GCC
|    builtin and then its argument prototype would still apply.  */
| #ifdef __cplusplus
| extern "C"
| #endif
| char strlcpy ();
| /* The GNU C library defines this for functions which it implements
|     to always fail with ENOSYS.  Some functions are actually named
|     something starting with __ and the normal name is an alias.  */
| #if defined __stub_strlcpy || defined __stub___strlcpy
| choke me
| #endif
| 
| int
| main ()
| {
| return strlcpy ();
|   ;
|   return 0;
| }
configure:5115: result: no
configure:5230: checking for openldap
configure:5254: clang -o conftest -g -O2 -fdebug-prefix-map=/<<PKGBUILDDIR>>=. -fstack-protector-strong -Wformat -Werror=format-security -g -O2 -fstack-protector-strong -Wformat -Werror=format-security -D_FORTIFY_SOURCE=2 -fdebug-prefix-map=/<<PKGBUILDDIR>>=/  -Wdate-time -D_FORTIFY_SOURCE=2 -export-dynamic -Wl,-z,relro -Wl,--as-needed conftest.c  -lldap -llber >&5
clang: warning: argument unused during compilation: '-e xport-dynamic' [-Wunused-command-line-argument]
configure:5254: $? = 0
configure:5271: result: yes
configure:5315: checking for openssl
configure:5338: clang -o conftest -g -O2 -fdebug-prefix-map=/<<PKGBUILDDIR>>=. -fstack-protector-strong -Wformat -Werror=format-security -g -O2 -fstack-protector-strong -Wformat -Werror=format-security -D_FORTIFY_SOURCE=2 -fdebug-prefix-map=/<<PKGBUILDDIR>>=/  -Wdate-time -D_FORTIFY_SOURCE=2 -export-dynamic -Wl,-z,relro -Wl,--as-needed conftest.c  -lssl -lcrypto >&5
clang: warning: argument unused during compilation: '-e xport-dynamic' [-Wunused-command-line-argument]
configure:5338: $? = 0
configure:5355: result: yes
configure:5372: checking for NSStringFromSelector in Foundation framework
configure:5397: clang -o conftest -g -O2 -fdebug-prefix-map=/<<PKGBUILDDIR>>=. -fstack-protector-strong -Wformat -Werror=format-security -g -O2 -fstack-protector-strong -Wformat -Werror=format-security -D_FORTIFY_SOURCE=2 -fdebug-prefix-map=/<<PKGBUILDDIR>>=/ -Wdate-time -D_FORTIFY_SOURCE=2 -export-dynamic -Wl,-z,relro -Wl,--as-needed conftest.c -framework Foundation   >&5
clang: warning: argument unused during compilation: '-e xport-dynamic' [-Wunused-command-line-argument]
/usr/bin/ld: -f may not be used without -shared
clang: error: linker command failed with exit code 1 (use -v to see invocation)
configure:5397: $? = 1
configure: failed program was:
| /* confdefs.h */
| #define PACKAGE_NAME "auth-ldap"
| #define PACKAGE_TARNAME "auth-ldap"
| #define PACKAGE_VERSION "2.0"
| #define PACKAGE_STRING "auth-ldap 2.0"
| #define PACKAGE_BUGREPORT "landonf@opendarwin.org"
| #define PACKAGE_URL ""
| #define STDC_HEADERS 1
| #define HAVE_PTHREAD 1
| #define _GNU_SOURCE 1
| /* end confdefs.h.  */
| 
| /* Override any GCC internal prototype to avoid an error.
|    Use char because int might match the return type of a GCC
|    builtin and then its argument prototype would still apply.  */
| #ifdef __cplusplus
| extern "C"
| #endif
| char NSStringFromSelector ();
| int
| main ()
| {
| return NSStringFromSelector ();
|   ;
|   return 0;
| }
configure:5406: result: no
configure:5515: checking for openvpn-plugin.h
configure:5538: clang -o conftest -g -O2 -fdebug-prefix-map=/<<PKGBUILDDIR>>=. -fstack-protector-strong -Wformat -Werror=format-security -g -O2 -fstack-protector-strong -Wformat -Werror=format-security -D_FORTIFY_SOURCE=2 -fdebug-prefix-map=/<<PKGBUILDDIR>>=/ -I/usr/include/openvpn -Wdate-time -D_FORTIFY_SOURCE=2 -export-dynamic -Wl,-z,relro -Wl,--as-needed conftest.c  >&5
clang: warning: argument unused during compilation: '-e xport-dynamic' [-Wunused-command-line-argument]
configure:5538: $? = 0
configure:5555: result: yes
configure:5656: checking how to run the Objective C preprocessor
configure:5683: clang -E -Wdate-time -D_FORTIFY_SOURCE=2 conftest.m
configure:5683: $? = 0
configure:5697: clang -E -Wdate-time -D_FORTIFY_SOURCE=2 conftest.m
conftest.m:12:10: fatal error: 'ac_nonexistent.h' file not found
#include <ac_nonexistent.h>
         ^~~~~~~~~~~~~~~~~~
1 error generated.
configure:5697: $? = 1
configure: failed program was:
| /* confdefs.h */
| #define PACKAGE_NAME "auth-ldap"
| #define PACKAGE_TARNAME "auth-ldap"
| #define PACKAGE_VERSION "2.0"
| #define PACKAGE_STRING "auth-ldap 2.0"
| #define PACKAGE_BUGREPORT "landonf@opendarwin.org"
| #define PACKAGE_URL ""
| #define STDC_HEADERS 1
| #define HAVE_PTHREAD 1
| #define _GNU_SOURCE 1
| /* end confdefs.h.  */
| #include <ac_nonexistent.h>
configure:5722: result: clang -E
configure:5742: clang -E -Wdate-time -D_FORTIFY_SOURCE=2 conftest.m
configure:5742: $? = 0
configure:5756: clang -E -Wdate-time -D_FORTIFY_SOURCE=2 conftest.m
conftest.m:12:10: fatal error: 'ac_nonexistent.h' file not found
#include <ac_nonexistent.h>
         ^~~~~~~~~~~~~~~~~~
1 error generated.
configure:5756: $? = 1
configure: failed program was:
| /* confdefs.h */
| #define PACKAGE_NAME "auth-ldap"
| #define PACKAGE_TARNAME "auth-ldap"
| #define PACKAGE_VERSION "2.0"
| #define PACKAGE_STRING "auth-ldap 2.0"
| #define PACKAGE_BUGREPORT "landonf@opendarwin.org"
| #define PACKAGE_URL ""
| #define STDC_HEADERS 1
| #define HAVE_PTHREAD 1
| #define _GNU_SOURCE 1
| /* end confdefs.h.  */
| #include <ac_nonexistent.h>
configure:5790: checking for sys/types.h
configure:5790: clang -c -g -O2 -fdebug-prefix-map=/<<PKGBUILDDIR>>=. -fstack-protector-strong -Wformat -Werror=format-security -std=gnu11 -Wdate-time -D_FORTIFY_SOURCE=2 conftest.m >&5
configure:5790: $? = 0
configure:5790: result: yes
configure:5790: checking for sys/stat.h
configure:5790: clang -c -g -O2 -fdebug-prefix-map=/<<PKGBUILDDIR>>=. -fstack-protector-strong -Wformat -Werror=format-security -std=gnu11 -Wdate-time -D_FORTIFY_SOURCE=2 conftest.m >&5
configure:5790: $? = 0
configure:5790: result: yes
configure:5790: checking for stdlib.h
configure:5790: clang -c -g -O2 -fdebug-prefix-map=/<<PKGBUILDDIR>>=. -fstack-protector-strong -Wformat -Werror=format-security -std=gnu11 -Wdate-time -D_FORTIFY_SOURCE=2 conftest.m >&5
configure:5790: $? = 0
configure:5790: result: yes
configure:5790: checking for string.h
configure:5790: clang -c -g -O2 -fdebug-prefix-map=/<<PKGBUILDDIR>>=. -fstack-protector-strong -Wformat -Werror=format-security -std=gnu11 -Wdate-time -D_FORTIFY_SOURCE=2 conftest.m >&5
configure:5790: $? = 0
configure:5790: result: yes
configure:5790: checking for memory.h
configure:5790: clang -c -g -O2 -fdebug-prefix-map=/<<PKGBUILDDIR>>=. -fstack-protector-strong -Wformat -Werror=format-security -std=gnu11 -Wdate-time -D_FORTIFY_SOURCE=2 conftest.m >&5
configure:5790: $? = 0
configure:5790: result: yes
configure:5790: checking for strings.h
configure:5790: clang -c -g -O2 -fdebug-prefix-map=/<<PKGBUILDDIR>>=. -fstack-protector-strong -Wformat -Werror=format-security -std=gnu11 -Wdate-time -D_FORTIFY_SOURCE=2 conftest.m >&5
configure:5790: $? = 0
configure:5790: result: yes
configure:5790: checking for inttypes.h
configure:5790: clang -c -g -O2 -fdebug-prefix-map=/<<PKGBUILDDIR>>=. -fstack-protector-strong -Wformat -Werror=format-security -std=gnu11 -Wdate-time -D_FORTIFY_SOURCE=2 conftest.m >&5
configure:5790: $? = 0
configure:5790: result: yes
configure:5790: checking for stdint.h
configure:5790: clang -c -g -O2 -fdebug-prefix-map=/<<PKGBUILDDIR>>=. -fstack-protector-strong -Wformat -Werror=format-security -std=gnu11 -Wdate-time -D_FORTIFY_SOURCE=2 conftest.m >&5
configure:5790: $? = 0
configure:5790: result: yes
configure:5790: checking for unistd.h
configure:5790: clang -c -g -O2 -fdebug-prefix-map=/<<PKGBUILDDIR>>=. -fstack-protector-strong -Wformat -Werror=format-security -std=gnu11 -Wdate-time -D_FORTIFY_SOURCE=2 conftest.m >&5
configure:5790: $? = 0
configure:5790: result: yes
configure:5833: checking objc/objc.h usability
configure:5833: clang -c -g -O2 -fdebug-prefix-map=/<<PKGBUILDDIR>>=. -fstack-protector-strong -Wformat -Werror=format-security -std=gnu11 -Wdate-time -D_FORTIFY_SOURCE=2 conftest.m >&5
conftest.m:54:10: fatal error: 'objc/objc.h' file not found
#include <objc/objc.h>
         ^~~~~~~~~~~~~
1 error generated.
configure:5833: $? = 1
configure: failed program was:
| /* confdefs.h */
| #define PACKAGE_NAME "auth-ldap"
| #define PACKAGE_TARNAME "auth-ldap"
| #define PACKAGE_VERSION "2.0"
| #define PACKAGE_STRING "auth-ldap 2.0"
| #define PACKAGE_BUGREPORT "landonf@opendarwin.org"
| #define PACKAGE_URL ""
| #define STDC_HEADERS 1
| #define HAVE_PTHREAD 1
| #define _GNU_SOURCE 1
| #define HAVE_SYS_TYPES_H 1
| #define HAVE_SYS_STAT_H 1
| #define HAVE_STDLIB_H 1
| #define HAVE_STRING_H 1
| #define HAVE_MEMORY_H 1
| #define HAVE_STRINGS_H 1
| #define HAVE_INTTYPES_H 1
| #define HAVE_STDINT_H 1
| #define HAVE_UNISTD_H 1
| /* end confdefs.h.  */
| #include <stdio.h>
| #ifdef HAVE_SYS_TYPES_H
| # include <sys/types.h>
| #endif
| #ifdef HAVE_SYS_STAT_H
| # include <sys/stat.h>
| #endif
| #ifdef STDC_HEADERS
| # include <stdlib.h>
| # include <stddef.h>
| #else
| # ifdef HAVE_STDLIB_H
| #  include <stdlib.h>
| # endif
| #endif
| #ifdef HAVE_STRING_H
| # if !defined STDC_HEADERS && defined HAVE_MEMORY_H
| #  include <memory.h>
| # endif
| # include <string.h>
| #endif
| #ifdef HAVE_STRINGS_H
| # include <strings.h>
| #endif
| #ifdef HAVE_INTTYPES_H
| # include <inttypes.h>
| #endif
| #ifdef HAVE_STDINT_H
| # include <stdint.h>
| #endif
| #ifdef HAVE_UNISTD_H
| # include <unistd.h>
| #endif
| #include <objc/objc.h>
configure:5833: result: no
configure:5833: checking objc/objc.h presence
configure:5833: clang -E -Wdate-time -D_FORTIFY_SOURCE=2 conftest.m
conftest.m:21:10: fatal error: 'objc/objc.h' file not found
#include <objc/objc.h>
         ^~~~~~~~~~~~~
1 error generated.
configure:5833: $? = 1
configure: failed program was:
| /* confdefs.h */
| #define PACKAGE_NAME "auth-ldap"
| #define PACKAGE_TARNAME "auth-ldap"
| #define PACKAGE_VERSION "2.0"
| #define PACKAGE_STRING "auth-ldap 2.0"
| #define PACKAGE_BUGREPORT "landonf@opendarwin.org"
| #define PACKAGE_URL ""
| #define STDC_HEADERS 1
| #define HAVE_PTHREAD 1
| #define _GNU_SOURCE 1
| #define HAVE_SYS_TYPES_H 1
| #define HAVE_SYS_STAT_H 1
| #define HAVE_STDLIB_H 1
| #define HAVE_STRING_H 1
| #define HAVE_MEMORY_H 1
| #define HAVE_STRINGS_H 1
| #define HAVE_INTTYPES_H 1
| #define HAVE_STDINT_H 1
| #define HAVE_UNISTD_H 1
| /* end confdefs.h.  */
| #include <objc/objc.h>
configure:5833: result: no
configure:5833: checking for objc/objc.h
configure:5833: result: no
configure:5840: error: Can't locate Objective C runtime headers

## ---------------- ##
## Cache variables. ##
## ---------------- ##

ac_cv_build=x86_64-pc-linux-gnu
ac_cv_c_compiler_gnu=yes
ac_cv_env_CC_set=
ac_cv_env_CC_value=
ac_cv_env_CFLAGS_set=set
ac_cv_env_CFLAGS_value='-g -O2 -fdebug-prefix-map=/<<PKGBUILDDIR>>=. -fstack-protector-strong -Wformat -Werror=format-security -g -O2 -fstack-protector-strong -Wformat -Werror=format-security -D_FORTIFY_SOURCE=2 -fdebug-prefix-map=/<<PKGBUILDDIR>>=/'
ac_cv_env_CPPFLAGS_set=set
ac_cv_env_CPPFLAGS_value='-Wdate-time -D_FORTIFY_SOURCE=2'
ac_cv_env_CPP_set=
ac_cv_env_CPP_value=
ac_cv_env_LDFLAGS_set=set
ac_cv_env_LDFLAGS_value='-Wl,-z,relro -Wl,--as-needed'
ac_cv_env_LIBS_set=
ac_cv_env_LIBS_value=
ac_cv_env_OBJCFLAGS_set=set
ac_cv_env_OBJCFLAGS_value='-g -O2 -fdebug-prefix-map=/<<PKGBUILDDIR>>=. -fstack-protector-strong -Wformat -Werror=format-security -std=gnu11'
ac_cv_env_OBJCPP_set=
ac_cv_env_OBJCPP_value=
ac_cv_env_OBJC_set=
ac_cv_env_OBJC_value=
ac_cv_env_build_alias_set=set
ac_cv_env_build_alias_value=x86_64-linux-gnu
ac_cv_env_host_alias_set=
ac_cv_env_host_alias_value=
ac_cv_env_target_alias_set=
ac_cv_env_target_alias_value=
ac_cv_framework_Foundation_NSStringFromSelector=no
ac_cv_func_strlcpy=no
ac_cv_header_inttypes_h=yes
ac_cv_header_memory_h=yes
ac_cv_header_objc_objc_h=no
ac_cv_header_stdc=yes
ac_cv_header_stdint_h=yes
ac_cv_header_stdlib_h=yes
ac_cv_header_string_h=yes
ac_cv_header_strings_h=yes
ac_cv_header_sys_stat_h=yes
ac_cv_header_sys_types_h=yes
ac_cv_header_unistd_h=yes
ac_cv_host=x86_64-pc-linux-gnu
ac_cv_objc_compiler_gnu=yes
ac_cv_objext=o
ac_cv_path_DOT=no
ac_cv_path_DOXYGEN=no
ac_cv_path_EGREP='/bin/grep -E'
ac_cv_path_GREP=/bin/grep
ac_cv_path_RE2C=/usr/bin/re2c
ac_cv_path_install='/usr/bin/install -c'
ac_cv_prog_CPP='clang -E'
ac_cv_prog_OBJCPP='clang -E'
ac_cv_prog_ac_ct_AR=ar
ac_cv_prog_ac_ct_CC=clang
ac_cv_prog_ac_ct_OBJC=clang
ac_cv_prog_ac_ct_RANLIB=ranlib
ac_cv_prog_cc_c89=
ac_cv_prog_cc_c99=
ac_cv_prog_cc_g=yes
ac_cv_prog_make_make_set=yes
ac_cv_prog_objc_g=yes
ac_cv_target=x86_64-pc-linux-gnu
od_cv_openldap=yes
od_cv_openssl=yes
od_cv_openvpn=yes
tr_cv_pf_ioctl=no

## ----------------- ##
## Output variables. ##
## ----------------- ##

AR='ar'
CC='clang'
CFLAGS='-g -O2 -fdebug-prefix-map=/<<PKGBUILDDIR>>=. -fstack-protector-strong -Wformat -Werror=format-security -g -O2 -fstack-protector-strong -Wformat -Werror=format-security -D_FORTIFY_SOURCE=2 -fdebug-prefix-map=/<<PKGBUILDDIR>>=/'
CLEAN_PLUGIN='rm -f ${PLUGIN_FILE}'
CPP='clang -E'
CPPFLAGS='-Wdate-time -D_FORTIFY_SOURCE=2'
DEFS=''
DOT='no'
DOTDIR=''
DOXYGEN='false'
ECHO_C=''
ECHO_N='-n'
ECHO_T=''
EGREP='/bin/grep -E'
EXEEXT=''
GREP='/bin/grep'
INSTALL_DATA='${INSTALL} -m 644'
INSTALL_PLUGIN='$(INSTALL_LIB) $(PLUGIN_FILE) $(PLUGIN_INSTALL_DIR)/$(PLUGIN_FILE)'
INSTALL_PROGRAM='${INSTALL}'
INSTALL_SCRIPT='${INSTALL}'
LDAP_CFLAGS=''
LDAP_LIBS='-lldap -llber'
LDFLAGS='-export-dynamic -Wl,-z,relro -Wl,--as-needed'
LIBOBJS=''
LIBS=''
LN_S='ln -s'
LTLIBOBJS=''
MAKE_PLUGIN='${PLUGIN_LD} -o $@ ${PLUGIN_LD_FLAGS} ${PLUGIN_OBJS} ${LIBS}'
OBJC='clang'
OBJCFLAGS='-g -O2 -fdebug-prefix-map=/<<PKGBUILDDIR>>=. -fstack-protector-strong -Wformat -Werror=format-security -std=gnu11'
OBJCPP='clang -E'
OBJC_LIBS=''
OBJC_PTHREAD_CFLAGS=''
OBJC_PTHREAD_LIBS=''
OBJC_RUNTIME=''
OBJC_RUNTIME_FLAGS=''
OBJEXT='o'
OPENSSL_CFLAGS=''
OPENSSL_LIBS='-lssl -lcrypto'
OPENVPN_CFLAGS='-I/usr/include/openvpn'
PACKAGE_BUGREPORT='landonf@opendarwin.org'
PACKAGE_NAME='auth-ldap'
PACKAGE_STRING='auth-ldap 2.0'
PACKAGE_TARNAME='auth-ldap'
PACKAGE_URL=''
PACKAGE_VERSION='2.0'
PATH_SEPARATOR=':'
PLUGIN_CFLAGS='-fPIC'
PLUGIN_FILE='${PLUGIN_NAME}${PLUGIN_SUFFIX}'
PLUGIN_LD='clang -shared'
PLUGIN_LD_FLAGS='-Wl,-z,relro -Wl,--as-needed'
PLUGIN_SUFFIX='.so'
PTHREAD_CFLAGS='-pthread'
PTHREAD_LIBS='-pthread'
RANLIB='ranlib'
RE2C='/usr/bin/re2c'
SET_MAKE=''
SHELL='/bin/bash'
ac_ct_CC='clang'
ac_ct_OBJC='clang'
acx_pthread_config=''
bindir='${exec_prefix}/bin'
build='x86_64-pc-linux-gnu'
build_alias='x86_64-linux-gnu'
build_cpu='x86_64'
build_os='linux-gnu'
build_vendor='pc'
datadir='${datarootdir}'
datarootdir='${prefix}/share'
docdir='${datarootdir}/doc/${PACKAGE_TARNAME}'
dvidir='${docdir}'
exec_prefix='NONE'
host='x86_64-pc-linux-gnu'
host_alias=''
host_cpu='x86_64'
host_os='linux-gnu'
host_vendor='pc'
htmldir='${docdir}'
includedir='${prefix}/include'
infodir='${prefix}/share/info'
libdir='${prefix}/lib/x86_64-linux-gnu'
libexecdir='${exec_prefix}/libexec'
localedir='${datarootdir}/locale'
localstatedir='/var'
mandir='${prefix}/share/man'
oldincludedir='/usr/include'
pdfdir='${docdir}'
prefix='/usr'
program_transform_name='s,x,x,'
psdir='${docdir}'
runstatedir='/run'
sbindir='${exec_prefix}/sbin'
sharedstatedir='${prefix}/com'
sysconfdir='/etc'
target='x86_64-pc-linux-gnu'
target_alias=''
target_cpu='x86_64'
target_os='linux-gnu'
target_vendor='pc'

## ----------- ##
## confdefs.h. ##
## ----------- ##

/* confdefs.h */
#define PACKAGE_NAME "auth-ldap"
#define PACKAGE_TARNAME "auth-ldap"
#define PACKAGE_VERSION "2.0"
#define PACKAGE_STRING "auth-ldap 2.0"
#define PACKAGE_BUGREPORT "landonf@opendarwin.org"
#define PACKAGE_URL ""
#define STDC_HEADERS 1
#define HAVE_PTHREAD 1
#define _GNU_SOURCE 1
#define HAVE_SYS_TYPES_H 1
#define HAVE_SYS_STAT_H 1
#define HAVE_STDLIB_H 1
#define HAVE_STRING_H 1
#define HAVE_MEMORY_H 1
#define HAVE_STRINGS_H 1
#define HAVE_INTTYPES_H 1
#define HAVE_STDINT_H 1
#define HAVE_UNISTD_H 1

configure: exit 1
dh_auto_configure: error: ./configure --build=x86_64-linux-gnu --prefix=/usr --includedir=\${prefix}/include --mandir=\${prefix}/share/man --infodir=\${prefix}/share/info --sysconfdir=/etc --localstatedir=/var --disable-silent-rules --libdir=\${prefix}/lib/x86_64-linux-gnu --runstatedir=/run --disable-maintainer-mode --disable-dependency-tracking --prefix=/usr --with-openvpn=/usr/include/openvpn returned exit code 1
make[1]: *** [debian/rules:10: override_dh_auto_configure] Error 25
make[1]: Leaving directory '/<<PKGBUILDDIR>>'
make: *** [debian/rules:7: build] Error 2
dpkg-buildpackage: error: debian/rules build subprocess returned exit status 2
--------------------------------------------------------------------------------
Build finished at 2020-05-03T05:10:44Z

Finished
--------


+------------------------------------------------------------------------------+
| Cleanup                                                                      |
+------------------------------------------------------------------------------+

Purging /<<BUILDDIR>>
Not cleaning session: cloned chroot in use
E: Build failure (dpkg-buildpackage died)

+------------------------------------------------------------------------------+
| Summary                                                                      |
+------------------------------------------------------------------------------+

Build Architecture: amd64
Build Type: binary
Build-Space: 2104
Build-Time: 4
Distribution: unstable
Fail-Stage: build
Host Architecture: amd64
Install-Time: 9
Job: openvpn-auth-ldap_2.0.4-1
Machine Architecture: amd64
Package: openvpn-auth-ldap
Package-Time: 29
Source-Version: 2.0.4-1
Space: 2104
Status: attempted
Version: 2.0.4-1
--------------------------------------------------------------------------------
Finished at 2020-05-03T05:10:44Z
Build needed 00:00:29, 2104k disk space
E: Build failure (dpkg-buildpackage died)
DC-Status: Failed 29.821098349s
