DC-Build-Header: python-cffi 1.14.0-2 / 2020-05-03 03:05:41 +0000
DC-Task: type:rebuild-binarch-only source:python-cffi version:1.14.0-2 chroot:unstable esttime:3303 logfile:/tmp/python-cffi_1.14.0-2_unstable_clang10.log modes:clang10:binarch-only
DC-Sbuild-call: su user42 -c 'sbuild -n --arch-any --apt-update -d unstable -v --no-run-lintian --chroot-setup-commands=/tmp/clang10 python-cffi_1.14.0-2'
sbuild (Debian sbuild) 0.78.1 (09 February 2019) on ip-172-31-6-46.eu-central-1.compute.internal

+==============================================================================+
| python-cffi 1.14.0-2 (amd64)                 Sun, 03 May 2020 03:05:41 +0000 |
+==============================================================================+

Package: python-cffi
Version: 1.14.0-2
Source Version: 1.14.0-2
Distribution: unstable
Machine Architecture: amd64
Host Architecture: amd64
Build Architecture: amd64
Build Type: binary

I: NOTICE: Log filtering will replace 'var/run/schroot/mount/sid-amd64-sbuild-1d5d2b39-3bad-4de4-9670-494f41f0ada2' with '<<CHROOT>>'

+------------------------------------------------------------------------------+
| Chroot Setup Commands                                                        |
+------------------------------------------------------------------------------+


/tmp/clang10
------------

+ echo 'Entering customization script...'
Entering customization script...
+ CLANG_VERSION=10
+ echo 'Install of clang-10'
Install of clang-10
+ apt-get update
Get:1 http://127.0.0.1:12990/debian sid InRelease [146 kB]
Get:2 http://127.0.0.1:12990/debian sid/main Sources.diff/Index [27.9 kB]
Get:3 http://127.0.0.1:12990/debian sid/main amd64 Packages.diff/Index [27.9 kB]
Get:4 http://127.0.0.1:12990/debian sid/main Sources 2020-05-02-0208.16.pdiff [3982 B]
Get:5 http://127.0.0.1:12990/debian sid/main Sources 2020-05-02-0807.49.pdiff [10.9 kB]
Get:6 http://127.0.0.1:12990/debian sid/main Sources 2020-05-02-1412.30.pdiff [12.9 kB]
Get:7 http://127.0.0.1:12990/debian sid/main Sources 2020-05-02-2007.10.pdiff [13.4 kB]
Get:8 http://127.0.0.1:12990/debian sid/main Sources 2020-05-03-0208.39.pdiff [9476 B]
Get:8 http://127.0.0.1:12990/debian sid/main Sources 2020-05-03-0208.39.pdiff [9476 B]
Get:9 http://127.0.0.1:12990/debian sid/main amd64 Packages 2020-05-02-0208.16.pdiff [2772 B]
Get:10 http://127.0.0.1:12990/debian sid/main amd64 Packages 2020-05-02-0807.49.pdiff [3238 B]
Get:11 http://127.0.0.1:12990/debian sid/main amd64 Packages 2020-05-02-1412.30.pdiff [7641 B]
Get:12 http://127.0.0.1:12990/debian sid/main amd64 Packages 2020-05-02-2007.10.pdiff [10.5 kB]
Get:13 http://127.0.0.1:12990/debian sid/main amd64 Packages 2020-05-03-0208.39.pdiff [18.4 kB]
Get:13 http://127.0.0.1:12990/debian sid/main amd64 Packages 2020-05-03-0208.39.pdiff [18.4 kB]
Get:14 http://127.0.0.1:12990/debian sid/main Translation-en [6185 kB]
Fetched 6480 kB in 2s (3678 kB/s)
Reading package lists...
+ apt-get install --yes --no-install-recommends --force-yes clang-10 libomp-10-dev libobjc-9-dev
Reading package lists...
Building dependency tree...
The following additional packages will be installed:
  gcc-10-base lib32gcc-s1 lib32gcc1 lib32stdc++6 libatomic1 libbsd0 libc6-i386
  libcc1-0 libclang-common-10-dev libclang-cpp10 libclang1-10 libedit2
  libgc1c2 libgcc-s1 libgomp1 libitm1 libllvm10 liblsan0 libobjc4 libomp5-10
  libquadmath0 libstdc++6 libtsan0 libubsan1 libz3-4
Suggested packages:
  clang-10-doc libomp-10-doc
Recommended packages:
  llvm-10-dev python3
The following NEW packages will be installed:
  clang-10 lib32gcc-s1 lib32gcc1 lib32stdc++6 libbsd0 libc6-i386
  libclang-common-10-dev libclang-cpp10 libclang1-10 libedit2 libgc1c2
  libllvm10 libobjc-9-dev libobjc4 libomp-10-dev libomp5-10 libz3-4
The following packages will be upgraded:
  gcc-10-base libatomic1 libcc1-0 libgcc-s1 libgomp1 libitm1 liblsan0
  libquadmath0 libstdc++6 libtsan0 libubsan1
11 upgraded, 17 newly installed, 0 to remove and 0 not upgraded.
Need to get 51.4 MB of archives.
After this operation, 259 MB of additional disk space will be used.
Get:1 http://127.0.0.1:12990/debian sid/main amd64 libatomic1 amd64 10-20200502-1 [9048 B]
Get:2 http://127.0.0.1:12990/debian sid/main amd64 libubsan1 amd64 10-20200502-1 [134 kB]
Get:3 http://127.0.0.1:12990/debian sid/main amd64 libtsan0 amd64 10-20200502-1 [313 kB]
Get:4 http://127.0.0.1:12990/debian sid/main amd64 gcc-10-base amd64 10-20200502-1 [197 kB]
Get:5 http://127.0.0.1:12990/debian sid/main amd64 libstdc++6 amd64 10-20200502-1 [492 kB]
Get:6 http://127.0.0.1:12990/debian sid/main amd64 libquadmath0 amd64 10-20200502-1 [145 kB]
Get:7 http://127.0.0.1:12990/debian sid/main amd64 liblsan0 amd64 10-20200502-1 [141 kB]
Get:8 http://127.0.0.1:12990/debian sid/main amd64 libitm1 amd64 10-20200502-1 [25.7 kB]
Get:9 http://127.0.0.1:12990/debian sid/main amd64 libgomp1 amd64 10-20200502-1 [99.3 kB]
Get:10 http://127.0.0.1:12990/debian sid/main amd64 libcc1-0 amd64 10-20200502-1 [39.7 kB]
Get:11 http://127.0.0.1:12990/debian sid/main amd64 libgcc-s1 amd64 10-20200502-1 [41.2 kB]
Get:12 http://127.0.0.1:12990/debian sid/main amd64 libbsd0 amd64 0.10.0-1 [107 kB]
Get:13 http://127.0.0.1:12990/debian sid/main amd64 libedit2 amd64 3.1-20191231-1 [95.4 kB]
Get:14 http://127.0.0.1:12990/debian sid/main amd64 libz3-4 amd64 4.8.7-4 [6790 kB]
Get:15 http://127.0.0.1:12990/debian sid/main amd64 libllvm10 amd64 1:10.0.0-4 [15.5 MB]
Get:16 http://127.0.0.1:12990/debian sid/main amd64 libclang-cpp10 amd64 1:10.0.0-4 [10.1 MB]
Get:17 http://127.0.0.1:12990/debian sid/main amd64 libgc1c2 amd64 1:7.6.4-0.4 [224 kB]
Get:18 http://127.0.0.1:12990/debian sid/main amd64 libobjc4 amd64 10-20200502-1 [41.6 kB]
Get:19 http://127.0.0.1:12990/debian sid/main amd64 libobjc-9-dev amd64 9.3.0-11 [218 kB]
Get:20 http://127.0.0.1:12990/debian sid/main amd64 libc6-i386 amd64 2.30-4 [2926 kB]
Get:21 http://127.0.0.1:12990/debian sid/main amd64 lib32gcc-s1 amd64 10-20200502-1 [49.4 kB]
Get:22 http://127.0.0.1:12990/debian sid/main amd64 lib32gcc1 amd64 1:10-20200502-1 [1100 B]
Get:23 http://127.0.0.1:12990/debian sid/main amd64 lib32stdc++6 amd64 10-20200502-1 [510 kB]
Get:24 http://127.0.0.1:12990/debian sid/main amd64 libclang-common-10-dev amd64 1:10.0.0-4 [5062 kB]
Get:25 http://127.0.0.1:12990/debian sid/main amd64 libclang1-10 amd64 1:10.0.0-4 [7609 kB]
Get:26 http://127.0.0.1:12990/debian sid/main amd64 clang-10 amd64 1:10.0.0-4 [105 kB]
Get:27 http://127.0.0.1:12990/debian sid/main amd64 libomp5-10 amd64 1:10.0.0-4 [338 kB]
Get:28 http://127.0.0.1:12990/debian sid/main amd64 libomp-10-dev amd64 1:10.0.0-4 [85.0 kB]
debconf: delaying package configuration, since apt-utils is not installed
Fetched 51.4 MB in 0s (108 MB/s)
(Reading database ... (Reading database ... 5%(Reading database ... 10%(Reading database ... 15%(Reading database ... 20%(Reading database ... 25%(Reading database ... 30%(Reading database ... 35%(Reading database ... 40%(Reading database ... 45%(Reading database ... 50%(Reading database ... 55%(Reading database ... 60%(Reading database ... 65%(Reading database ... 70%(Reading database ... 75%(Reading database ... 80%(Reading database ... 85%(Reading database ... 90%(Reading database ... 95%(Reading database ... 100%(Reading database ... 12123 files and directories currently installed.)
Preparing to unpack .../libatomic1_10-20200502-1_amd64.deb ...
Unpacking libatomic1:amd64 (10-20200502-1) over (10-20200418-1) ...
Preparing to unpack .../libubsan1_10-20200502-1_amd64.deb ...
Unpacking libubsan1:amd64 (10-20200502-1) over (10-20200418-1) ...
Preparing to unpack .../libtsan0_10-20200502-1_amd64.deb ...
Unpacking libtsan0:amd64 (10-20200502-1) over (10-20200418-1) ...
Preparing to unpack .../gcc-10-base_10-20200502-1_amd64.deb ...
Unpacking gcc-10-base:amd64 (10-20200502-1) over (10-20200418-1) ...
Setting up gcc-10-base:amd64 (10-20200502-1) ...
(Reading database ... (Reading database ... 5%(Reading database ... 10%(Reading database ... 15%(Reading database ... 20%(Reading database ... 25%(Reading database ... 30%(Reading database ... 35%(Reading database ... 40%(Reading database ... 45%(Reading database ... 50%(Reading database ... 55%(Reading database ... 60%(Reading database ... 65%(Reading database ... 70%(Reading database ... 75%(Reading database ... 80%(Reading database ... 85%(Reading database ... 90%(Reading database ... 95%(Reading database ... 100%(Reading database ... 12123 files and directories currently installed.)
Preparing to unpack .../libstdc++6_10-20200502-1_amd64.deb ...
Unpacking libstdc++6:amd64 (10-20200502-1) over (10-20200418-1) ...
Setting up libstdc++6:amd64 (10-20200502-1) ...
(Reading database ... (Reading database ... 5%(Reading database ... 10%(Reading database ... 15%(Reading database ... 20%(Reading database ... 25%(Reading database ... 30%(Reading database ... 35%(Reading database ... 40%(Reading database ... 45%(Reading database ... 50%(Reading database ... 55%(Reading database ... 60%(Reading database ... 65%(Reading database ... 70%(Reading database ... 75%(Reading database ... 80%(Reading database ... 85%(Reading database ... 90%(Reading database ... 95%(Reading database ... 100%(Reading database ... 12123 files and directories currently installed.)
Preparing to unpack .../0-libquadmath0_10-20200502-1_amd64.deb ...
Unpacking libquadmath0:amd64 (10-20200502-1) over (10-20200418-1) ...
Preparing to unpack .../1-liblsan0_10-20200502-1_amd64.deb ...
Unpacking liblsan0:amd64 (10-20200502-1) over (10-20200418-1) ...
Preparing to unpack .../2-libitm1_10-20200502-1_amd64.deb ...
Unpacking libitm1:amd64 (10-20200502-1) over (10-20200418-1) ...
Preparing to unpack .../3-libgomp1_10-20200502-1_amd64.deb ...
Unpacking libgomp1:amd64 (10-20200502-1) over (10-20200418-1) ...
Preparing to unpack .../4-libcc1-0_10-20200502-1_amd64.deb ...
Unpacking libcc1-0:amd64 (10-20200502-1) over (10-20200418-1) ...
Preparing to unpack .../5-libgcc-s1_10-20200502-1_amd64.deb ...
Unpacking libgcc-s1:amd64 (10-20200502-1) over (10-20200418-1) ...
Setting up libgcc-s1:amd64 (10-20200502-1) ...
Selecting previously unselected package libbsd0:amd64.
(Reading database ... (Reading database ... 5%(Reading database ... 10%(Reading database ... 15%(Reading database ... 20%(Reading database ... 25%(Reading database ... 30%(Reading database ... 35%(Reading database ... 40%(Reading database ... 45%(Reading database ... 50%(Reading database ... 55%(Reading database ... 60%(Reading database ... 65%(Reading database ... 70%(Reading database ... 75%(Reading database ... 80%(Reading database ... 85%(Reading database ... 90%(Reading database ... 95%(Reading database ... 100%(Reading database ... 12123 files and directories currently installed.)
Preparing to unpack .../00-libbsd0_0.10.0-1_amd64.deb ...
Unpacking libbsd0:amd64 (0.10.0-1) ...
Selecting previously unselected package libedit2:amd64.
Preparing to unpack .../01-libedit2_3.1-20191231-1_amd64.deb ...
Unpacking libedit2:amd64 (3.1-20191231-1) ...
Selecting previously unselected package libz3-4:amd64.
Preparing to unpack .../02-libz3-4_4.8.7-4_amd64.deb ...
Unpacking libz3-4:amd64 (4.8.7-4) ...
Selecting previously unselected package libllvm10:amd64.
Preparing to unpack .../03-libllvm10_1%3a10.0.0-4_amd64.deb ...
Unpacking libllvm10:amd64 (1:10.0.0-4) ...
Selecting previously unselected package libclang-cpp10.
Preparing to unpack .../04-libclang-cpp10_1%3a10.0.0-4_amd64.deb ...
Unpacking libclang-cpp10 (1:10.0.0-4) ...
Selecting previously unselected package libgc1c2:amd64.
Preparing to unpack .../05-libgc1c2_1%3a7.6.4-0.4_amd64.deb ...
Unpacking libgc1c2:amd64 (1:7.6.4-0.4) ...
Selecting previously unselected package libobjc4:amd64.
Preparing to unpack .../06-libobjc4_10-20200502-1_amd64.deb ...
Unpacking libobjc4:amd64 (10-20200502-1) ...
Selecting previously unselected package libobjc-9-dev:amd64.
Preparing to unpack .../07-libobjc-9-dev_9.3.0-11_amd64.deb ...
Unpacking libobjc-9-dev:amd64 (9.3.0-11) ...
Selecting previously unselected package libc6-i386.
Preparing to unpack .../08-libc6-i386_2.30-4_amd64.deb ...
Unpacking libc6-i386 (2.30-4) ...
Selecting previously unselected package lib32gcc-s1.
Preparing to unpack .../09-lib32gcc-s1_10-20200502-1_amd64.deb ...
Unpacking lib32gcc-s1 (10-20200502-1) ...
Selecting previously unselected package lib32gcc1.
Preparing to unpack .../10-lib32gcc1_1%3a10-20200502-1_amd64.deb ...
Unpacking lib32gcc1 (1:10-20200502-1) ...
Selecting previously unselected package lib32stdc++6.
Preparing to unpack .../11-lib32stdc++6_10-20200502-1_amd64.deb ...
Unpacking lib32stdc++6 (10-20200502-1) ...
Selecting previously unselected package libclang-common-10-dev.
Preparing to unpack .../12-libclang-common-10-dev_1%3a10.0.0-4_amd64.deb ...
Unpacking libclang-common-10-dev (1:10.0.0-4) ...
Selecting previously unselected package libclang1-10.
Preparing to unpack .../13-libclang1-10_1%3a10.0.0-4_amd64.deb ...
Unpacking libclang1-10 (1:10.0.0-4) ...
Selecting previously unselected package clang-10.
Preparing to unpack .../14-clang-10_1%3a10.0.0-4_amd64.deb ...
Unpacking clang-10 (1:10.0.0-4) ...
Selecting previously unselected package libomp5-10:amd64.
Preparing to unpack .../15-libomp5-10_1%3a10.0.0-4_amd64.deb ...
Unpacking libomp5-10:amd64 (1:10.0.0-4) ...
Selecting previously unselected package libomp-10-dev.
Preparing to unpack .../16-libomp-10-dev_1%3a10.0.0-4_amd64.deb ...
Unpacking libomp-10-dev (1:10.0.0-4) ...
Setting up libgc1c2:amd64 (1:7.6.4-0.4) ...
Setting up libobjc4:amd64 (10-20200502-1) ...
Setting up libgomp1:amd64 (10-20200502-1) ...
Setting up libz3-4:amd64 (4.8.7-4) ...
Setting up libquadmath0:amd64 (10-20200502-1) ...
Setting up libatomic1:amd64 (10-20200502-1) ...
Setting up libobjc-9-dev:amd64 (9.3.0-11) ...
Setting up libubsan1:amd64 (10-20200502-1) ...
Setting up libomp5-10:amd64 (1:10.0.0-4) ...
Setting up libc6-i386 (2.30-4) ...
Setting up libbsd0:amd64 (0.10.0-1) ...
Setting up libcc1-0:amd64 (10-20200502-1) ...
Setting up liblsan0:amd64 (10-20200502-1) ...
Setting up libitm1:amd64 (10-20200502-1) ...
Setting up libtsan0:amd64 (10-20200502-1) ...
Setting up libomp-10-dev (1:10.0.0-4) ...
Setting up libedit2:amd64 (3.1-20191231-1) ...
Setting up libllvm10:amd64 (1:10.0.0-4) ...
Setting up lib32gcc-s1 (10-20200502-1) ...
Setting up libclang1-10 (1:10.0.0-4) ...
Setting up lib32gcc1 (1:10-20200502-1) ...
Setting up libclang-cpp10 (1:10.0.0-4) ...
Setting up lib32stdc++6 (10-20200502-1) ...
Setting up libclang-common-10-dev (1:10.0.0-4) ...
Setting up clang-10 (1:10.0.0-4) ...
Processing triggers for libc-bin (2.30-4) ...
W: --force-yes is deprecated, use one of the options starting with --allow instead.
+ echo 'Replace gcc, g++ & cpp by clang'
Replace gcc, g++ & cpp by clang
+ VERSIONS='4.6 4.7 4.8 4.9 5 6 7 8 9 10'
+ cd /usr/bin
+ for VERSION in $VERSIONS
+ rm -f g++-4.6 gcc-4.6 cpp-4.6 gcc
+ ln -s clang++-10 g++-4.6
+ ln -s clang-10 gcc-4.6
+ ln -s clang-10 cpp-4.6
+ ln -s clang-10 gcc
+ echo 'gcc-4.6 hold'
+ dpkg --set-selections
dpkg: warning: package not in status nor available database at line 1: gcc-4.6
dpkg: warning: found unknown packages; this might mean the available database
is outdated, and needs to be updated through a frontend method;
please see the FAQ <https://wiki.debian.org/Teams/Dpkg/FAQ>
+ echo 'g++-4.6 hold'
+ dpkg --set-selections
dpkg: warning: package not in status nor available database at line 1: g++-4.6
dpkg: warning: found unknown packages; this might mean the available database
is outdated, and needs to be updated through a frontend method;
please see the FAQ <https://wiki.debian.org/Teams/Dpkg/FAQ>
+ for VERSION in $VERSIONS
+ rm -f g++-4.7 gcc-4.7 cpp-4.7 gcc
+ ln -s clang++-10 g++-4.7
+ ln -s clang-10 gcc-4.7
+ ln -s clang-10 cpp-4.7
+ ln -s clang-10 gcc
+ echo 'gcc-4.7 hold'
+ dpkg --set-selections
dpkg: warning: package not in status nor available database at line 1: gcc-4.7
dpkg: warning: found unknown packages; this might mean the available database
is outdated, and needs to be updated through a frontend method;
please see the FAQ <https://wiki.debian.org/Teams/Dpkg/FAQ>
+ echo 'g++-4.7 hold'
+ dpkg --set-selections
dpkg: warning: package not in status nor available database at line 1: g++-4.7
dpkg: warning: found unknown packages; this might mean the available database
is outdated, and needs to be updated through a frontend method;
please see the FAQ <https://wiki.debian.org/Teams/Dpkg/FAQ>
+ for VERSION in $VERSIONS
+ rm -f g++-4.8 gcc-4.8 cpp-4.8 gcc
+ ln -s clang++-10 g++-4.8
+ ln -s clang-10 gcc-4.8
+ ln -s clang-10 cpp-4.8
+ ln -s clang-10 gcc
+ echo 'gcc-4.8 hold'
+ dpkg --set-selections
dpkg: warning: package not in status nor available database at line 1: gcc-4.8
dpkg: warning: found unknown packages; this might mean the available database
is outdated, and needs to be updated through a frontend method;
please see the FAQ <https://wiki.debian.org/Teams/Dpkg/FAQ>
+ echo 'g++-4.8 hold'
+ dpkg --set-selections
dpkg: warning: package not in status nor available database at line 1: g++-4.8
dpkg: warning: found unknown packages; this might mean the available database
is outdated, and needs to be updated through a frontend method;
please see the FAQ <https://wiki.debian.org/Teams/Dpkg/FAQ>
+ for VERSION in $VERSIONS
+ rm -f g++-4.9 gcc-4.9 cpp-4.9 gcc
+ ln -s clang++-10 g++-4.9
+ ln -s clang-10 gcc-4.9
+ ln -s clang-10 cpp-4.9
+ ln -s clang-10 gcc
+ echo 'gcc-4.9 hold'
+ dpkg --set-selections
dpkg: warning: package not in status nor available database at line 1: gcc-4.9
dpkg: warning: found unknown packages; this might mean the available database
is outdated, and needs to be updated through a frontend method;
please see the FAQ <https://wiki.debian.org/Teams/Dpkg/FAQ>
+ echo 'g++-4.9 hold'
+ dpkg --set-selections
dpkg: warning: package not in status nor available database at line 1: g++-4.9
dpkg: warning: found unknown packages; this might mean the available database
is outdated, and needs to be updated through a frontend method;
please see the FAQ <https://wiki.debian.org/Teams/Dpkg/FAQ>
+ for VERSION in $VERSIONS
+ rm -f g++-5 gcc-5 cpp-5 gcc
+ ln -s clang++-10 g++-5
+ ln -s clang-10 gcc-5
+ ln -s clang-10 cpp-5
+ ln -s clang-10 gcc
+ echo 'gcc-5 hold'
+ dpkg --set-selections
dpkg: warning: package not in status nor available database at line 1: gcc-5
dpkg: warning: found unknown packages; this might mean the available database
is outdated, and needs to be updated through a frontend method;
please see the FAQ <https://wiki.debian.org/Teams/Dpkg/FAQ>
+ echo 'g++-5 hold'
+ dpkg --set-selections
dpkg: warning: package not in status nor available database at line 1: g++-5
dpkg: warning: found unknown packages; this might mean the available database
is outdated, and needs to be updated through a frontend method;
please see the FAQ <https://wiki.debian.org/Teams/Dpkg/FAQ>
+ for VERSION in $VERSIONS
+ rm -f g++-6 gcc-6 cpp-6 gcc
+ ln -s clang++-10 g++-6
+ ln -s clang-10 gcc-6
+ ln -s clang-10 cpp-6
+ ln -s clang-10 gcc
+ echo 'gcc-6 hold'
+ dpkg --set-selections
dpkg: warning: package not in status nor available database at line 1: gcc-6
dpkg: warning: found unknown packages; this might mean the available database
is outdated, and needs to be updated through a frontend method;
please see the FAQ <https://wiki.debian.org/Teams/Dpkg/FAQ>
+ echo 'g++-6 hold'
+ dpkg --set-selections
dpkg: warning: package not in status nor available database at line 1: g++-6
dpkg: warning: found unknown packages; this might mean the available database
is outdated, and needs to be updated through a frontend method;
please see the FAQ <https://wiki.debian.org/Teams/Dpkg/FAQ>
+ for VERSION in $VERSIONS
+ rm -f g++-7 gcc-7 cpp-7 gcc
+ ln -s clang++-10 g++-7
+ ln -s clang-10 gcc-7
+ ln -s clang-10 cpp-7
+ ln -s clang-10 gcc
+ echo 'gcc-7 hold'
+ dpkg --set-selections
dpkg: warning: package not in status nor available database at line 1: gcc-7
dpkg: warning: found unknown packages; this might mean the available database
is outdated, and needs to be updated through a frontend method;
please see the FAQ <https://wiki.debian.org/Teams/Dpkg/FAQ>
+ echo 'g++-7 hold'
+ dpkg --set-selections
dpkg: warning: package not in status nor available database at line 1: g++-7
dpkg: warning: found unknown packages; this might mean the available database
is outdated, and needs to be updated through a frontend method;
please see the FAQ <https://wiki.debian.org/Teams/Dpkg/FAQ>
+ for VERSION in $VERSIONS
+ rm -f g++-8 gcc-8 cpp-8 gcc
+ ln -s clang++-10 g++-8
+ ln -s clang-10 gcc-8
+ ln -s clang-10 cpp-8
+ ln -s clang-10 gcc
+ echo 'gcc-8 hold'
+ dpkg --set-selections
dpkg: warning: package not in status nor available database at line 1: gcc-8
dpkg: warning: found unknown packages; this might mean the available database
is outdated, and needs to be updated through a frontend method;
please see the FAQ <https://wiki.debian.org/Teams/Dpkg/FAQ>
+ echo 'g++-8 hold'
+ dpkg --set-selections
dpkg: warning: package not in status nor available database at line 1: g++-8
dpkg: warning: found unknown packages; this might mean the available database
is outdated, and needs to be updated through a frontend method;
please see the FAQ <https://wiki.debian.org/Teams/Dpkg/FAQ>
+ for VERSION in $VERSIONS
+ rm -f g++-9 gcc-9 cpp-9 gcc
+ ln -s clang++-10 g++-9
+ ln -s clang-10 gcc-9
+ ln -s clang-10 cpp-9
+ ln -s clang-10 gcc
+ echo 'gcc-9 hold'
+ dpkg --set-selections
+ echo 'g++-9 hold'
+ dpkg --set-selections
+ for VERSION in $VERSIONS
+ rm -f g++-10 gcc-10 cpp-10 gcc
+ ln -s clang++-10 g++-10
+ ln -s clang-10 gcc-10
+ ln -s clang-10 cpp-10
+ ln -s clang-10 gcc
+ echo 'gcc-10 hold'
+ dpkg --set-selections
dpkg: warning: package not in status nor available database at line 1: gcc-10
dpkg: warning: found unknown packages; this might mean the available database
is outdated, and needs to be updated through a frontend method;
please see the FAQ <https://wiki.debian.org/Teams/Dpkg/FAQ>
+ echo 'g++-10 hold'
+ dpkg --set-selections
dpkg: warning: package not in status nor available database at line 1: g++-10
dpkg: warning: found unknown packages; this might mean the available database
is outdated, and needs to be updated through a frontend method;
please see the FAQ <https://wiki.debian.org/Teams/Dpkg/FAQ>
+ cd -
/build/python-cffi-RuPTTB
+ echo 'Check if gcc, g++ & cpp are actually clang'
Check if gcc, g++ & cpp are actually clang
+ gcc --version
+ grep clang
+ cpp --version
+ grep clang
+ g++ --version
+ grep clang
+ cd /usr/bin/
+ rm -f clang++ clang
+ ln -s clang-10 clang++
+ ln -s clang-10 clang
+ clang++ --version
clang version 10.0.0-4 
Target: x86_64-pc-linux-gnu
Thread model: posix
InstalledDir: /usr/bin
+ clang --version
clang version 10.0.0-4 
Target: x86_64-pc-linux-gnu
Thread model: posix
InstalledDir: /usr/bin
+ cd -
/build/python-cffi-RuPTTB
+ apt install --yes --no-install-recommends --force-yes qt5-qmake

WARNING: apt does not have a stable CLI interface. Use with caution in scripts.

Reading package lists...
Building dependency tree...
Reading state information...
The following additional packages will be installed:
  qt5-qmake-bin qtchooser
The following NEW packages will be installed:
  qt5-qmake qt5-qmake-bin qtchooser
0 upgraded, 3 newly installed, 0 to remove and 0 not upgraded.
Need to get 1270 kB of archives.
After this operation, 4788 kB of additional disk space will be used.
Get:1 http://127.0.0.1:12990/debian sid/main amd64 qt5-qmake-bin amd64 5.12.5+dfsg-10 [1015 kB]
Get:2 http://127.0.0.1:12990/debian sid/main amd64 qtchooser amd64 66-2 [26.3 kB]
Get:3 http://127.0.0.1:12990/debian sid/main amd64 qt5-qmake amd64 5.12.5+dfsg-10 [229 kB]
debconf: delaying package configuration, since apt-utils is not installed
Fetched 1270 kB in 0s (55.9 MB/s)
Selecting previously unselected package qt5-qmake-bin.
(Reading database ... (Reading database ... 5%(Reading database ... 10%(Reading database ... 15%(Reading database ... 20%(Reading database ... 25%(Reading database ... 30%(Reading database ... 35%(Reading database ... 40%(Reading database ... 45%(Reading database ... 50%(Reading database ... 55%(Reading database ... 60%(Reading database ... 65%(Reading database ... 70%(Reading database ... 75%(Reading database ... 80%(Reading database ... 85%(Reading database ... 90%(Reading database ... 95%(Reading database ... 100%(Reading database ... 12968 files and directories currently installed.)
Preparing to unpack .../qt5-qmake-bin_5.12.5+dfsg-10_amd64.deb ...
Unpacking qt5-qmake-bin (5.12.5+dfsg-10) ...
Selecting previously unselected package qtchooser.
Preparing to unpack .../qtchooser_66-2_amd64.deb ...
Unpacking qtchooser (66-2) ...
Selecting previously unselected package qt5-qmake:amd64.
Preparing to unpack .../qt5-qmake_5.12.5+dfsg-10_amd64.deb ...
Unpacking qt5-qmake:amd64 (5.12.5+dfsg-10) ...
Setting up qt5-qmake-bin (5.12.5+dfsg-10) ...
Setting up qtchooser (66-2) ...
Setting up qt5-qmake:amd64 (5.12.5+dfsg-10) ...
W: --force-yes is deprecated, use one of the options starting with --allow instead.
+ cp /usr/lib/x86_64-linux-gnu/qt5/mkspecs/linux-clang/qmake.conf /usr/lib/x86_64-linux-gnu/qt5/mkspecs/linux-clang/qplatformdefs.h /usr/lib/x86_64-linux-gnu/qt5/mkspecs/linux-g++/
+ ls -al /usr/lib/x86_64-linux-gnu/qt5/mkspecs/linux-g++/
total 16
drwxr-xr-x  2 root root 4096 May  3 03:05 .
drwxr-xr-x 75 root root 4096 May  3 03:05 ..
-rw-r--r--  1 root root  276 May  3 03:05 qmake.conf
-rw-r--r--  1 root root 3218 May  3 03:05 qplatformdefs.h
+ cat /usr/lib/x86_64-linux-gnu/qt5/mkspecs/linux-g++/qmake.conf
#
# qmake configuration for linux-clang
#

MAKEFILE_GENERATOR = UNIX
CONFIG += incremental

QMAKE_INCREMENTAL_STYLE = sublib

include(../common/linux.conf)
include(../common/gcc-base-unix.conf)
include(../common/clang.conf)

QMAKE_LFLAGS += -ccc-gcc-name g++

load(qt_config)
+ export QMAKESPEC=/usr/lib/x86_64-linux-gnu/qt5/mkspecs/linux-clang/
+ QMAKESPEC=/usr/lib/x86_64-linux-gnu/qt5/mkspecs/linux-clang/
+ sed -i -e 's|compare_problem(2,|compare_problem(0,|g' /usr/bin/dpkg-gensymbols
+ sed -i -e 's|compare_problem(1,|compare_problem(0,|g' /usr/bin/dpkg-gensymbols
+ grep 'compare_problem(' /usr/bin/dpkg-gensymbols
        compare_problem(4, g_('new libraries appeared in the symbols file: %s'), "@libs");
        compare_problem(3, g_('some libraries disappeared in the symbols file: %s'), "@libs");
        compare_problem(0, g_('some new symbols appeared in the symbols file: %s'),
        compare_problem(0, g_('some symbols or patterns disappeared in the symbols file: %s'),

I: Finished running '/tmp/clang10'.

Finished processing commands.
--------------------------------------------------------------------------------
I: NOTICE: Log filtering will replace 'build/python-cffi-RuPTTB/resolver-HYVbfe' with '<<RESOLVERDIR>>'

+------------------------------------------------------------------------------+
| Update chroot                                                                |
+------------------------------------------------------------------------------+

Hit:1 http://127.0.0.1:12990/debian sid InRelease
Reading package lists...
Reading package lists...
Building dependency tree...
Reading state information...
Calculating upgrade...
0 upgraded, 0 newly installed, 0 to remove and 0 not upgraded.

+------------------------------------------------------------------------------+
| Fetch source files                                                           |
+------------------------------------------------------------------------------+


Check APT
---------

Checking available source versions...

Download source files with APT
------------------------------

Reading package lists...
NOTICE: 'python-cffi' packaging is maintained in the 'Git' version control system at:
https://salsa.debian.org/python-team/modules/python-cffi.git
Please use:
git clone https://salsa.debian.org/python-team/modules/python-cffi.git
to retrieve the latest (possibly unreleased) updates to the package.
Need to get 472 kB of source archives.
Get:1 http://127.0.0.1:12990/debian sid/main python-cffi 1.14.0-2 (dsc) [2494 B]
Get:2 http://127.0.0.1:12990/debian sid/main python-cffi 1.14.0-2 (tar) [463 kB]
Get:3 http://127.0.0.1:12990/debian sid/main python-cffi 1.14.0-2 (diff) [6440 B]
Fetched 472 kB in 0s (5781 kB/s)
Download complete and in download only mode
I: NOTICE: Log filtering will replace 'build/python-cffi-RuPTTB/python-cffi-1.14.0' with '<<PKGBUILDDIR>>'
I: NOTICE: Log filtering will replace 'build/python-cffi-RuPTTB' with '<<BUILDDIR>>'

+------------------------------------------------------------------------------+
| Install package build dependencies                                           |
+------------------------------------------------------------------------------+


Setup apt archive
-----------------

Merged Build-Depends: debhelper-compat (= 12), dh-python, libffi-dev, python3-all-dbg, python3-all-dev, python3-py, python3-pycparser, python3-pytest, python3-setuptools, python3-sphinx, virtualenv, build-essential, fakeroot
Filtered Build-Depends: debhelper-compat (= 12), dh-python, libffi-dev, python3-all-dbg, python3-all-dev, python3-py, python3-pycparser, python3-pytest, python3-setuptools, python3-sphinx, virtualenv, build-essential, fakeroot
dpkg-deb: building package 'sbuild-build-depends-main-dummy' in '/<<RESOLVERDIR>>/apt_archive/sbuild-build-depends-main-dummy.deb'.
Ign:1 copy:/<<RESOLVERDIR>>/apt_archive ./ InRelease
Get:2 copy:/<<RESOLVERDIR>>/apt_archive ./ Release [957 B]
Ign:3 copy:/<<RESOLVERDIR>>/apt_archive ./ Release.gpg
Get:4 copy:/<<RESOLVERDIR>>/apt_archive ./ Sources [434 B]
Get:5 copy:/<<RESOLVERDIR>>/apt_archive ./ Packages [516 B]
Fetched 1907 B in 0s (0 B/s)
Reading package lists...
Reading package lists...

Install main build dependencies (apt-based resolver)
----------------------------------------------------

Installing build dependencies
Reading package lists...
Building dependency tree...
Reading state information...
The following additional packages will be installed:
  autoconf automake autopoint autotools-dev bsdmainutils ca-certificates
  debhelper dh-autoreconf dh-python dh-strip-nondeterminism docutils-common
  dwz file gettext gettext-base groff-base intltool-debian libarchive-zip-perl
  libcroco3 libdebhelper-perl libelf1 libexpat1 libexpat1-dev libffi-dev
  libfile-stripnondeterminism-perl libglib2.0-0 libicu63 libjs-jquery
  libjs-sphinxdoc libjs-underscore libmagic-mgc libmagic1 libmpdec2
  libpipeline1 libpython3-all-dbg libpython3-all-dev libpython3-dbg
  libpython3-dev libpython3-stdlib libpython3.8 libpython3.8-dbg
  libpython3.8-dev libpython3.8-minimal libpython3.8-stdlib libreadline8
  libsigsegv2 libsqlite3-0 libssl1.1 libsub-override-perl libtool libuchardet0
  libxml2 m4 man-db mime-support openssl po-debconf python-babel-localedata
  python-pip-whl python3 python3-alabaster python3-all python3-all-dbg
  python3-all-dev python3-appdirs python3-atomicwrites python3-attr
  python3-babel python3-certifi python3-chardet python3-dbg python3-dev
  python3-distlib python3-distutils python3-docutils python3-filelock
  python3-idna python3-imagesize python3-importlib-metadata python3-jinja2
  python3-lib2to3 python3-markupsafe python3-minimal python3-more-itertools
  python3-packaging python3-pkg-resources python3-pluggy python3-ply
  python3-py python3-pycparser python3-pygments python3-pyparsing
  python3-pytest python3-requests python3-roman python3-setuptools python3-six
  python3-sphinx python3-tz python3-urllib3 python3-virtualenv python3-wcwidth
  python3-zipp python3.8 python3.8-dbg python3.8-dev python3.8-minimal
  readline-common sensible-utils sgml-base sphinx-common virtualenv xml-core
  zlib1g-dev
Suggested packages:
  autoconf-archive gnu-standards autoconf-doc wamerican | wordlist whois
  vacation dh-make gettext-doc libasprintf-dev libgettextpo-dev groff
  libtool-doc gfortran | fortran95-compiler gcj-jdk m4-doc apparmor less
  www-browser libmail-box-perl python3-doc python3-tk python3-venv
  python-attr-doc docutils-doc fonts-linuxlibertine | ttf-linux-libertine
  texlive-lang-french texlive-latex-base texlive-latex-recommended
  python-jinja2-doc python-ply-doc subversion python-pygments-doc
  ttf-bitstream-vera python-pyparsing-doc python3-cryptography python3-openssl
  python3-socks python-requests-doc python-setuptools-doc dvipng
  fonts-freefont-otf imagemagick-6.q16 latexmk libjs-mathjax
  python3-sphinx-rtd-theme python3-stemmer sphinx-doc
  texlive-fonts-recommended texlive-latex-extra texlive-plain-generic
  python3.8-venv python3.8-doc python3-gdbm-dbg python3-tk-dbg binfmt-support
  readline-doc sgml-base-doc
Recommended packages:
  curl | wget | lynx libarchive-cpio-perl libglib2.0-data shared-mime-info
  xdg-user-dirs javascript-common libltdl-dev libmail-sendmail-perl
  libpaper-utils python3-pil gdb
The following NEW packages will be installed:
  autoconf automake autopoint autotools-dev bsdmainutils ca-certificates
  debhelper dh-autoreconf dh-python dh-strip-nondeterminism docutils-common
  dwz file gettext gettext-base groff-base intltool-debian libarchive-zip-perl
  libcroco3 libdebhelper-perl libelf1 libexpat1 libexpat1-dev libffi-dev
  libfile-stripnondeterminism-perl libglib2.0-0 libicu63 libjs-jquery
  libjs-sphinxdoc libjs-underscore libmagic-mgc libmagic1 libmpdec2
  libpipeline1 libpython3-all-dbg libpython3-all-dev libpython3-dbg
  libpython3-dev libpython3-stdlib libpython3.8 libpython3.8-dbg
  libpython3.8-dev libpython3.8-minimal libpython3.8-stdlib libreadline8
  libsigsegv2 libsqlite3-0 libssl1.1 libsub-override-perl libtool libuchardet0
  libxml2 m4 man-db mime-support openssl po-debconf python-babel-localedata
  python-pip-whl python3 python3-alabaster python3-all python3-all-dbg
  python3-all-dev python3-appdirs python3-atomicwrites python3-attr
  python3-babel python3-certifi python3-chardet python3-dbg python3-dev
  python3-distlib python3-distutils python3-docutils python3-filelock
  python3-idna python3-imagesize python3-importlib-metadata python3-jinja2
  python3-lib2to3 python3-markupsafe python3-minimal python3-more-itertools
  python3-packaging python3-pkg-resources python3-pluggy python3-ply
  python3-py python3-pycparser python3-pygments python3-pyparsing
  python3-pytest python3-requests python3-roman python3-setuptools python3-six
  python3-sphinx python3-tz python3-urllib3 python3-virtualenv python3-wcwidth
  python3-zipp python3.8 python3.8-dbg python3.8-dev python3.8-minimal
  readline-common sbuild-build-depends-main-dummy sensible-utils sgml-base
  sphinx-common virtualenv xml-core zlib1g-dev
0 upgraded, 115 newly installed, 0 to remove and 0 not upgraded.
Need to get 79.2 MB of archives.
After this operation, 292 MB of additional disk space will be used.
Get:1 copy:/<<RESOLVERDIR>>/apt_archive ./ sbuild-build-depends-main-dummy 0.invalid.0 [940 B]
Get:2 http://127.0.0.1:12990/debian sid/main amd64 bsdmainutils amd64 11.1.2+b1 [191 kB]
Get:3 http://127.0.0.1:12990/debian sid/main amd64 libuchardet0 amd64 0.0.6-3 [64.9 kB]
Get:4 http://127.0.0.1:12990/debian sid/main amd64 groff-base amd64 1.22.4-4 [919 kB]
Get:5 http://127.0.0.1:12990/debian sid/main amd64 libpipeline1 amd64 1.5.2-2 [33.9 kB]
Get:6 http://127.0.0.1:12990/debian sid/main amd64 man-db amd64 2.9.1-1 [1308 kB]
Get:7 http://127.0.0.1:12990/debian sid/main amd64 libssl1.1 amd64 1.1.1g-1 [1543 kB]
Get:8 http://127.0.0.1:12990/debian sid/main amd64 libpython3.8-minimal amd64 3.8.3~rc1-1 [760 kB]
Get:9 http://127.0.0.1:12990/debian sid/main amd64 libexpat1 amd64 2.2.9-1 [94.3 kB]
Get:10 http://127.0.0.1:12990/debian sid/main amd64 python3.8-minimal amd64 3.8.3~rc1-1 [1944 kB]
Get:11 http://127.0.0.1:12990/debian sid/main amd64 python3-minimal amd64 3.8.2-3 [37.6 kB]
Get:12 http://127.0.0.1:12990/debian sid/main amd64 mime-support all 3.64 [37.8 kB]
Get:13 http://127.0.0.1:12990/debian sid/main amd64 libmpdec2 amd64 2.4.2-3 [84.1 kB]
Get:14 http://127.0.0.1:12990/debian sid/main amd64 readline-common all 8.0-4 [72.5 kB]
Get:15 http://127.0.0.1:12990/debian sid/main amd64 libreadline8 amd64 8.0-4 [160 kB]
Get:16 http://127.0.0.1:12990/debian sid/main amd64 libsqlite3-0 amd64 3.31.1-5 [661 kB]
Get:17 http://127.0.0.1:12990/debian sid/main amd64 libpython3.8-stdlib amd64 3.8.3~rc1-1 [1667 kB]
Get:18 http://127.0.0.1:12990/debian sid/main amd64 python3.8 amd64 3.8.3~rc1-1 [415 kB]
Get:19 http://127.0.0.1:12990/debian sid/main amd64 libpython3-stdlib amd64 3.8.2-3 [20.8 kB]
Get:20 http://127.0.0.1:12990/debian sid/main amd64 python3 amd64 3.8.2-3 [63.7 kB]
Get:21 http://127.0.0.1:12990/debian sid/main amd64 sgml-base all 1.30 [15.1 kB]
Get:22 http://127.0.0.1:12990/debian sid/main amd64 sensible-utils all 0.0.12+nmu1 [16.0 kB]
Get:23 http://127.0.0.1:12990/debian sid/main amd64 libmagic-mgc amd64 1:5.38-4 [262 kB]
Get:24 http://127.0.0.1:12990/debian sid/main amd64 libmagic1 amd64 1:5.38-4 [120 kB]
Get:25 http://127.0.0.1:12990/debian sid/main amd64 file amd64 1:5.38-4 [67.9 kB]
Get:26 http://127.0.0.1:12990/debian sid/main amd64 gettext-base amd64 0.19.8.1-10 [123 kB]
Get:27 http://127.0.0.1:12990/debian sid/main amd64 libsigsegv2 amd64 2.12-2 [32.8 kB]
Get:28 http://127.0.0.1:12990/debian sid/main amd64 m4 amd64 1.4.18-4 [203 kB]
Get:29 http://127.0.0.1:12990/debian sid/main amd64 autoconf all 2.69-11.1 [341 kB]
Get:30 http://127.0.0.1:12990/debian sid/main amd64 autotools-dev all 20180224.1 [77.0 kB]
Get:31 http://127.0.0.1:12990/debian sid/main amd64 automake all 1:1.16.2-1 [775 kB]
Get:32 http://127.0.0.1:12990/debian sid/main amd64 autopoint all 0.19.8.1-10 [435 kB]
Get:33 http://127.0.0.1:12990/debian sid/main amd64 openssl amd64 1.1.1g-1 [846 kB]
Get:34 http://127.0.0.1:12990/debian sid/main amd64 ca-certificates all 20190110 [157 kB]
Get:35 http://127.0.0.1:12990/debian sid/main amd64 libtool all 2.4.6-14 [513 kB]
Get:36 http://127.0.0.1:12990/debian sid/main amd64 dh-autoreconf all 19 [16.9 kB]
Get:37 http://127.0.0.1:12990/debian sid/main amd64 libdebhelper-perl all 13 [184 kB]
Get:38 http://127.0.0.1:12990/debian sid/main amd64 libarchive-zip-perl all 1.68-1 [104 kB]
Get:39 http://127.0.0.1:12990/debian sid/main amd64 libsub-override-perl all 0.09-2 [10.2 kB]
Get:40 http://127.0.0.1:12990/debian sid/main amd64 libfile-stripnondeterminism-perl all 1.8.0-1 [24.2 kB]
Get:41 http://127.0.0.1:12990/debian sid/main amd64 dh-strip-nondeterminism all 1.8.0-1 [14.8 kB]
Get:42 http://127.0.0.1:12990/debian sid/main amd64 libelf1 amd64 0.176-1.1 [161 kB]
Get:43 http://127.0.0.1:12990/debian sid/main amd64 dwz amd64 0.13-5 [151 kB]
Get:44 http://127.0.0.1:12990/debian sid/main amd64 libglib2.0-0 amd64 2.64.2-1 [1343 kB]
Get:45 http://127.0.0.1:12990/debian sid/main amd64 libicu63 amd64 63.2-3 [8296 kB]
Get:46 http://127.0.0.1:12990/debian sid/main amd64 libxml2 amd64 2.9.10+dfsg-5 [709 kB]
Get:47 http://127.0.0.1:12990/debian sid/main amd64 libcroco3 amd64 0.6.13-1 [146 kB]
Get:48 http://127.0.0.1:12990/debian sid/main amd64 gettext amd64 0.19.8.1-10 [1303 kB]
Get:49 http://127.0.0.1:12990/debian sid/main amd64 intltool-debian all 0.35.0+20060710.5 [26.8 kB]
Get:50 http://127.0.0.1:12990/debian sid/main amd64 po-debconf all 1.0.21 [248 kB]
Get:51 http://127.0.0.1:12990/debian sid/main amd64 debhelper all 13 [1002 kB]
Get:52 http://127.0.0.1:12990/debian sid/main amd64 python3-lib2to3 all 3.8.2-2 [78.4 kB]
Get:53 http://127.0.0.1:12990/debian sid/main amd64 python3-distutils all 3.8.2-2 [145 kB]
Get:54 http://127.0.0.1:12990/debian sid/main amd64 dh-python all 4.20200315 [91.6 kB]
Get:55 http://127.0.0.1:12990/debian sid/main amd64 xml-core all 0.18+nmu1 [23.8 kB]
Get:56 http://127.0.0.1:12990/debian sid/main amd64 docutils-common all 0.16+dfsg-2 [129 kB]
Get:57 http://127.0.0.1:12990/debian sid/main amd64 libexpat1-dev amd64 2.2.9-1 [136 kB]
Get:58 http://127.0.0.1:12990/debian sid/main amd64 libffi-dev amd64 3.3-4 [56.4 kB]
Get:59 http://127.0.0.1:12990/debian sid/main amd64 libjs-jquery all 3.3.1~dfsg-3 [332 kB]
Get:60 http://127.0.0.1:12990/debian sid/main amd64 libjs-underscore all 1.9.1~dfsg-1 [99.4 kB]
Get:61 http://127.0.0.1:12990/debian sid/main amd64 libjs-sphinxdoc all 2.4.3-2 [110 kB]
Get:62 http://127.0.0.1:12990/debian sid/main amd64 libpython3.8-dbg amd64 3.8.3~rc1-1 [13.4 MB]
Get:63 http://127.0.0.1:12990/debian sid/main amd64 libpython3-dbg amd64 3.8.2-3 [21.0 kB]
Get:64 http://127.0.0.1:12990/debian sid/main amd64 libpython3-all-dbg amd64 3.8.2-3 [1064 B]
Get:65 http://127.0.0.1:12990/debian sid/main amd64 libpython3.8 amd64 3.8.3~rc1-1 [1620 kB]
Get:66 http://127.0.0.1:12990/debian sid/main amd64 libpython3.8-dev amd64 3.8.3~rc1-1 [3930 kB]
Get:67 http://127.0.0.1:12990/debian sid/main amd64 libpython3-dev amd64 3.8.2-3 [21.0 kB]
Get:68 http://127.0.0.1:12990/debian sid/main amd64 libpython3-all-dev amd64 3.8.2-3 [1068 B]
Get:69 http://127.0.0.1:12990/debian sid/main amd64 python-babel-localedata all 2.8.0+dfsg.1-3 [4998 kB]
Get:70 http://127.0.0.1:12990/debian sid/main amd64 python-pip-whl all 20.0.2-5 [1843 kB]
Get:71 http://127.0.0.1:12990/debian sid/main amd64 python3-alabaster all 0.7.8-1.1 [18.6 kB]
Get:72 http://127.0.0.1:12990/debian sid/main amd64 python3-all amd64 3.8.2-3 [1056 B]
Get:73 http://127.0.0.1:12990/debian sid/main amd64 python3.8-dbg amd64 3.8.3~rc1-1 [19.3 MB]
Get:74 http://127.0.0.1:12990/debian sid/main amd64 python3-dbg amd64 3.8.2-3 [1224 B]
Get:75 http://127.0.0.1:12990/debian sid/main amd64 python3-all-dbg amd64 3.8.2-3 [1064 B]
Get:76 http://127.0.0.1:12990/debian sid/main amd64 zlib1g-dev amd64 1:1.2.11.dfsg-2 [190 kB]
Get:77 http://127.0.0.1:12990/debian sid/main amd64 python3.8-dev amd64 3.8.3~rc1-1 [514 kB]
Get:78 http://127.0.0.1:12990/debian sid/main amd64 python3-dev amd64 3.8.2-3 [1164 B]
Get:79 http://127.0.0.1:12990/debian sid/main amd64 python3-all-dev amd64 3.8.2-3 [1064 B]
Get:80 http://127.0.0.1:12990/debian sid/main amd64 python3-appdirs all 1.4.3-2.1 [12.4 kB]
Get:81 http://127.0.0.1:12990/debian sid/main amd64 python3-atomicwrites all 1.3.0-1 [9964 B]
Get:82 http://127.0.0.1:12990/debian sid/main amd64 python3-attr all 19.3.0-4 [43.3 kB]
Get:83 http://127.0.0.1:12990/debian sid/main amd64 python3-pkg-resources all 46.1.3-1 [183 kB]
Get:84 http://127.0.0.1:12990/debian sid/main amd64 python3-tz all 2019.3-2 [27.3 kB]
Get:85 http://127.0.0.1:12990/debian sid/main amd64 python3-babel all 2.8.0+dfsg.1-3 [99.8 kB]
Get:86 http://127.0.0.1:12990/debian sid/main amd64 python3-certifi all 2019.11.28-2 [149 kB]
Get:87 http://127.0.0.1:12990/debian sid/main amd64 python3-chardet all 3.0.4-7 [81.1 kB]
Get:88 http://127.0.0.1:12990/debian sid/main amd64 python3-distlib all 0.3.0-1 [123 kB]
Get:89 http://127.0.0.1:12990/debian sid/main amd64 python3-roman all 2.0.0-4 [8972 B]
Get:90 http://127.0.0.1:12990/debian sid/main amd64 python3-docutils all 0.16+dfsg-2 [383 kB]
Get:91 http://127.0.0.1:12990/debian sid/main amd64 python3-filelock all 3.0.12-2 [8036 B]
Get:92 http://127.0.0.1:12990/debian sid/main amd64 python3-idna all 2.9-1 [37.1 kB]
Get:93 http://127.0.0.1:12990/debian sid/main amd64 python3-imagesize all 1.2.0-2 [5824 B]
Get:94 http://127.0.0.1:12990/debian sid/main amd64 python3-six all 1.14.0-3 [16.7 kB]
Get:95 http://127.0.0.1:12990/debian sid/main amd64 python3-more-itertools all 4.2.0-2 [42.6 kB]
Get:96 http://127.0.0.1:12990/debian sid/main amd64 python3-zipp all 1.0.0-2 [5984 B]
Get:97 http://127.0.0.1:12990/debian sid/main amd64 python3-importlib-metadata all 1.6.0-1 [10.3 kB]
Get:98 http://127.0.0.1:12990/debian sid/main amd64 python3-markupsafe amd64 1.1.1-1+b1 [15.2 kB]
Get:99 http://127.0.0.1:12990/debian sid/main amd64 python3-jinja2 all 2.11.1-1 [114 kB]
Get:100 http://127.0.0.1:12990/debian sid/main amd64 python3-pyparsing all 2.4.7-1 [109 kB]
Get:101 http://127.0.0.1:12990/debian sid/main amd64 python3-packaging all 20.3-1.2 [29.9 kB]
Get:102 http://127.0.0.1:12990/debian sid/main amd64 python3-pluggy all 0.13.0-4 [22.0 kB]
Get:103 http://127.0.0.1:12990/debian sid/main amd64 python3-ply all 3.11-3 [65.1 kB]
Get:104 http://127.0.0.1:12990/debian sid/main amd64 python3-py all 1.8.1-2 [86.8 kB]
Get:105 http://127.0.0.1:12990/debian sid/main amd64 python3-pycparser all 2.20-1 [74.3 kB]
Get:106 http://127.0.0.1:12990/debian sid/main amd64 python3-pygments all 2.3.1+dfsg-3 [596 kB]
Get:107 http://127.0.0.1:12990/debian sid/main amd64 python3-wcwidth all 0.1.9+dfsg1-1 [18.2 kB]
Get:108 http://127.0.0.1:12990/debian sid/main amd64 python3-pytest all 4.6.9-3 [267 kB]
Get:109 http://127.0.0.1:12990/debian sid/main amd64 python3-urllib3 all 1.25.9-1 [105 kB]
Get:110 http://127.0.0.1:12990/debian sid/main amd64 python3-requests all 2.23.0+dfsg-2 [71.4 kB]
Get:111 http://127.0.0.1:12990/debian sid/main amd64 python3-setuptools all 46.1.3-1 [382 kB]
Get:112 http://127.0.0.1:12990/debian sid/main amd64 sphinx-common all 2.4.3-2 [550 kB]
Get:113 http://127.0.0.1:12990/debian sid/main amd64 python3-sphinx all 2.4.3-2 [502 kB]
Get:114 http://127.0.0.1:12990/debian sid/main amd64 python3-virtualenv all 20.0.17-1 [75.3 kB]
Get:115 http://127.0.0.1:12990/debian sid/main amd64 virtualenv all 20.0.17-1 [16.0 kB]
debconf: delaying package configuration, since apt-utils is not installed
Fetched 79.2 MB in 1s (125 MB/s)
Selecting previously unselected package bsdmainutils.
(Reading database ... 13685 files and directories currently installed.)
Preparing to unpack .../0-bsdmainutils_11.1.2+b1_amd64.deb ...
Unpacking bsdmainutils (11.1.2+b1) ...
Selecting previously unselected package libuchardet0:amd64.
Preparing to unpack .../1-libuchardet0_0.0.6-3_amd64.deb ...
Unpacking libuchardet0:amd64 (0.0.6-3) ...
Selecting previously unselected package groff-base.
Preparing to unpack .../2-groff-base_1.22.4-4_amd64.deb ...
Unpacking groff-base (1.22.4-4) ...
Selecting previously unselected package libpipeline1:amd64.
Preparing to unpack .../3-libpipeline1_1.5.2-2_amd64.deb ...
Unpacking libpipeline1:amd64 (1.5.2-2) ...
Selecting previously unselected package man-db.
Preparing to unpack .../4-man-db_2.9.1-1_amd64.deb ...
Unpacking man-db (2.9.1-1) ...
Selecting previously unselected package libssl1.1:amd64.
Preparing to unpack .../5-libssl1.1_1.1.1g-1_amd64.deb ...
Unpacking libssl1.1:amd64 (1.1.1g-1) ...
Selecting previously unselected package libpython3.8-minimal:amd64.
Preparing to unpack .../6-libpython3.8-minimal_3.8.3~rc1-1_amd64.deb ...
Unpacking libpython3.8-minimal:amd64 (3.8.3~rc1-1) ...
Selecting previously unselected package libexpat1:amd64.
Preparing to unpack .../7-libexpat1_2.2.9-1_amd64.deb ...
Unpacking libexpat1:amd64 (2.2.9-1) ...
Selecting previously unselected package python3.8-minimal.
Preparing to unpack .../8-python3.8-minimal_3.8.3~rc1-1_amd64.deb ...
Unpacking python3.8-minimal (3.8.3~rc1-1) ...
Setting up libssl1.1:amd64 (1.1.1g-1) ...
Setting up libpython3.8-minimal:amd64 (3.8.3~rc1-1) ...
Setting up libexpat1:amd64 (2.2.9-1) ...
Setting up python3.8-minimal (3.8.3~rc1-1) ...
Selecting previously unselected package python3-minimal.
(Reading database ... 14634 files and directories currently installed.)
Preparing to unpack .../0-python3-minimal_3.8.2-3_amd64.deb ...
Unpacking python3-minimal (3.8.2-3) ...
Selecting previously unselected package mime-support.
Preparing to unpack .../1-mime-support_3.64_all.deb ...
Unpacking mime-support (3.64) ...
Selecting previously unselected package libmpdec2:amd64.
Preparing to unpack .../2-libmpdec2_2.4.2-3_amd64.deb ...
Unpacking libmpdec2:amd64 (2.4.2-3) ...
Selecting previously unselected package readline-common.
Preparing to unpack .../3-readline-common_8.0-4_all.deb ...
Unpacking readline-common (8.0-4) ...
Selecting previously unselected package libreadline8:amd64.
Preparing to unpack .../4-libreadline8_8.0-4_amd64.deb ...
Unpacking libreadline8:amd64 (8.0-4) ...
Selecting previously unselected package libsqlite3-0:amd64.
Preparing to unpack .../5-libsqlite3-0_3.31.1-5_amd64.deb ...
Unpacking libsqlite3-0:amd64 (3.31.1-5) ...
Selecting previously unselected package libpython3.8-stdlib:amd64.
Preparing to unpack .../6-libpython3.8-stdlib_3.8.3~rc1-1_amd64.deb ...
Unpacking libpython3.8-stdlib:amd64 (3.8.3~rc1-1) ...
Selecting previously unselected package python3.8.
Preparing to unpack .../7-python3.8_3.8.3~rc1-1_amd64.deb ...
Unpacking python3.8 (3.8.3~rc1-1) ...
Selecting previously unselected package libpython3-stdlib:amd64.
Preparing to unpack .../8-libpython3-stdlib_3.8.2-3_amd64.deb ...
Unpacking libpython3-stdlib:amd64 (3.8.2-3) ...
Setting up python3-minimal (3.8.2-3) ...
Selecting previously unselected package python3.
(Reading database ... 15068 files and directories currently installed.)
Preparing to unpack .../00-python3_3.8.2-3_amd64.deb ...
Unpacking python3 (3.8.2-3) ...
Selecting previously unselected package sgml-base.
Preparing to unpack .../01-sgml-base_1.30_all.deb ...
Unpacking sgml-base (1.30) ...
Selecting previously unselected package sensible-utils.
Preparing to unpack .../02-sensible-utils_0.0.12+nmu1_all.deb ...
Unpacking sensible-utils (0.0.12+nmu1) ...
Selecting previously unselected package libmagic-mgc.
Preparing to unpack .../03-libmagic-mgc_1%3a5.38-4_amd64.deb ...
Unpacking libmagic-mgc (1:5.38-4) ...
Selecting previously unselected package libmagic1:amd64.
Preparing to unpack .../04-libmagic1_1%3a5.38-4_amd64.deb ...
Unpacking libmagic1:amd64 (1:5.38-4) ...
Selecting previously unselected package file.
Preparing to unpack .../05-file_1%3a5.38-4_amd64.deb ...
Unpacking file (1:5.38-4) ...
Selecting previously unselected package gettext-base.
Preparing to unpack .../06-gettext-base_0.19.8.1-10_amd64.deb ...
Unpacking gettext-base (0.19.8.1-10) ...
Selecting previously unselected package libsigsegv2:amd64.
Preparing to unpack .../07-libsigsegv2_2.12-2_amd64.deb ...
Unpacking libsigsegv2:amd64 (2.12-2) ...
Selecting previously unselected package m4.
Preparing to unpack .../08-m4_1.4.18-4_amd64.deb ...
Unpacking m4 (1.4.18-4) ...
Selecting previously unselected package autoconf.
Preparing to unpack .../09-autoconf_2.69-11.1_all.deb ...
Unpacking autoconf (2.69-11.1) ...
Selecting previously unselected package autotools-dev.
Preparing to unpack .../10-autotools-dev_20180224.1_all.deb ...
Unpacking autotools-dev (20180224.1) ...
Selecting previously unselected package automake.
Preparing to unpack .../11-automake_1%3a1.16.2-1_all.deb ...
Unpacking automake (1:1.16.2-1) ...
Selecting previously unselected package autopoint.
Preparing to unpack .../12-autopoint_0.19.8.1-10_all.deb ...
Unpacking autopoint (0.19.8.1-10) ...
Selecting previously unselected package openssl.
Preparing to unpack .../13-openssl_1.1.1g-1_amd64.deb ...
Unpacking openssl (1.1.1g-1) ...
Selecting previously unselected package ca-certificates.
Preparing to unpack .../14-ca-certificates_20190110_all.deb ...
Unpacking ca-certificates (20190110) ...
Selecting previously unselected package libtool.
Preparing to unpack .../15-libtool_2.4.6-14_all.deb ...
Unpacking libtool (2.4.6-14) ...
Selecting previously unselected package dh-autoreconf.
Preparing to unpack .../16-dh-autoreconf_19_all.deb ...
Unpacking dh-autoreconf (19) ...
Selecting previously unselected package libdebhelper-perl.
Preparing to unpack .../17-libdebhelper-perl_13_all.deb ...
Unpacking libdebhelper-perl (13) ...
Selecting previously unselected package libarchive-zip-perl.
Preparing to unpack .../18-libarchive-zip-perl_1.68-1_all.deb ...
Unpacking libarchive-zip-perl (1.68-1) ...
Selecting previously unselected package libsub-override-perl.
Preparing to unpack .../19-libsub-override-perl_0.09-2_all.deb ...
Unpacking libsub-override-perl (0.09-2) ...
Selecting previously unselected package libfile-stripnondeterminism-perl.
Preparing to unpack .../20-libfile-stripnondeterminism-perl_1.8.0-1_all.deb ...
Unpacking libfile-stripnondeterminism-perl (1.8.0-1) ...
Selecting previously unselected package dh-strip-nondeterminism.
Preparing to unpack .../21-dh-strip-nondeterminism_1.8.0-1_all.deb ...
Unpacking dh-strip-nondeterminism (1.8.0-1) ...
Selecting previously unselected package libelf1:amd64.
Preparing to unpack .../22-libelf1_0.176-1.1_amd64.deb ...
Unpacking libelf1:amd64 (0.176-1.1) ...
Selecting previously unselected package dwz.
Preparing to unpack .../23-dwz_0.13-5_amd64.deb ...
Unpacking dwz (0.13-5) ...
Selecting previously unselected package libglib2.0-0:amd64.
Preparing to unpack .../24-libglib2.0-0_2.64.2-1_amd64.deb ...
Unpacking libglib2.0-0:amd64 (2.64.2-1) ...
Selecting previously unselected package libicu63:amd64.
Preparing to unpack .../25-libicu63_63.2-3_amd64.deb ...
Unpacking libicu63:amd64 (63.2-3) ...
Selecting previously unselected package libxml2:amd64.
Preparing to unpack .../26-libxml2_2.9.10+dfsg-5_amd64.deb ...
Unpacking libxml2:amd64 (2.9.10+dfsg-5) ...
Selecting previously unselected package libcroco3:amd64.
Preparing to unpack .../27-libcroco3_0.6.13-1_amd64.deb ...
Unpacking libcroco3:amd64 (0.6.13-1) ...
Selecting previously unselected package gettext.
Preparing to unpack .../28-gettext_0.19.8.1-10_amd64.deb ...
Unpacking gettext (0.19.8.1-10) ...
Selecting previously unselected package intltool-debian.
Preparing to unpack .../29-intltool-debian_0.35.0+20060710.5_all.deb ...
Unpacking intltool-debian (0.35.0+20060710.5) ...
Selecting previously unselected package po-debconf.
Preparing to unpack .../30-po-debconf_1.0.21_all.deb ...
Unpacking po-debconf (1.0.21) ...
Selecting previously unselected package debhelper.
Preparing to unpack .../31-debhelper_13_all.deb ...
Unpacking debhelper (13) ...
Selecting previously unselected package python3-lib2to3.
Preparing to unpack .../32-python3-lib2to3_3.8.2-2_all.deb ...
Unpacking python3-lib2to3 (3.8.2-2) ...
Selecting previously unselected package python3-distutils.
Preparing to unpack .../33-python3-distutils_3.8.2-2_all.deb ...
Unpacking python3-distutils (3.8.2-2) ...
Selecting previously unselected package dh-python.
Preparing to unpack .../34-dh-python_4.20200315_all.deb ...
Unpacking dh-python (4.20200315) ...
Selecting previously unselected package xml-core.
Preparing to unpack .../35-xml-core_0.18+nmu1_all.deb ...
Unpacking xml-core (0.18+nmu1) ...
Selecting previously unselected package docutils-common.
Preparing to unpack .../36-docutils-common_0.16+dfsg-2_all.deb ...
Unpacking docutils-common (0.16+dfsg-2) ...
Selecting previously unselected package libexpat1-dev:amd64.
Preparing to unpack .../37-libexpat1-dev_2.2.9-1_amd64.deb ...
Unpacking libexpat1-dev:amd64 (2.2.9-1) ...
Selecting previously unselected package libffi-dev:amd64.
Preparing to unpack .../38-libffi-dev_3.3-4_amd64.deb ...
Unpacking libffi-dev:amd64 (3.3-4) ...
Selecting previously unselected package libjs-jquery.
Preparing to unpack .../39-libjs-jquery_3.3.1~dfsg-3_all.deb ...
Unpacking libjs-jquery (3.3.1~dfsg-3) ...
Selecting previously unselected package libjs-underscore.
Preparing to unpack .../40-libjs-underscore_1.9.1~dfsg-1_all.deb ...
Unpacking libjs-underscore (1.9.1~dfsg-1) ...
Selecting previously unselected package libjs-sphinxdoc.
Preparing to unpack .../41-libjs-sphinxdoc_2.4.3-2_all.deb ...
Unpacking libjs-sphinxdoc (2.4.3-2) ...
Selecting previously unselected package libpython3.8-dbg:amd64.
Preparing to unpack .../42-libpython3.8-dbg_3.8.3~rc1-1_amd64.deb ...
Unpacking libpython3.8-dbg:amd64 (3.8.3~rc1-1) ...
Selecting previously unselected package libpython3-dbg:amd64.
Preparing to unpack .../43-libpython3-dbg_3.8.2-3_amd64.deb ...
Unpacking libpython3-dbg:amd64 (3.8.2-3) ...
Selecting previously unselected package libpython3-all-dbg:amd64.
Preparing to unpack .../44-libpython3-all-dbg_3.8.2-3_amd64.deb ...
Unpacking libpython3-all-dbg:amd64 (3.8.2-3) ...
Selecting previously unselected package libpython3.8:amd64.
Preparing to unpack .../45-libpython3.8_3.8.3~rc1-1_amd64.deb ...
Unpacking libpython3.8:amd64 (3.8.3~rc1-1) ...
Selecting previously unselected package libpython3.8-dev:amd64.
Preparing to unpack .../46-libpython3.8-dev_3.8.3~rc1-1_amd64.deb ...
Unpacking libpython3.8-dev:amd64 (3.8.3~rc1-1) ...
Selecting previously unselected package libpython3-dev:amd64.
Preparing to unpack .../47-libpython3-dev_3.8.2-3_amd64.deb ...
Unpacking libpython3-dev:amd64 (3.8.2-3) ...
Selecting previously unselected package libpython3-all-dev:amd64.
Preparing to unpack .../48-libpython3-all-dev_3.8.2-3_amd64.deb ...
Unpacking libpython3-all-dev:amd64 (3.8.2-3) ...
Selecting previously unselected package python-babel-localedata.
Preparing to unpack .../49-python-babel-localedata_2.8.0+dfsg.1-3_all.deb ...
Unpacking python-babel-localedata (2.8.0+dfsg.1-3) ...
Selecting previously unselected package python-pip-whl.
Preparing to unpack .../50-python-pip-whl_20.0.2-5_all.deb ...
Unpacking python-pip-whl (20.0.2-5) ...
Selecting previously unselected package python3-alabaster.
Preparing to unpack .../51-python3-alabaster_0.7.8-1.1_all.deb ...
Unpacking python3-alabaster (0.7.8-1.1) ...
Selecting previously unselected package python3-all.
Preparing to unpack .../52-python3-all_3.8.2-3_amd64.deb ...
Unpacking python3-all (3.8.2-3) ...
Selecting previously unselected package python3.8-dbg.
Preparing to unpack .../53-python3.8-dbg_3.8.3~rc1-1_amd64.deb ...
Unpacking python3.8-dbg (3.8.3~rc1-1) ...
Selecting previously unselected package python3-dbg.
Preparing to unpack .../54-python3-dbg_3.8.2-3_amd64.deb ...
Unpacking python3-dbg (3.8.2-3) ...
Selecting previously unselected package python3-all-dbg.
Preparing to unpack .../55-python3-all-dbg_3.8.2-3_amd64.deb ...
Unpacking python3-all-dbg (3.8.2-3) ...
Selecting previously unselected package zlib1g-dev:amd64.
Preparing to unpack .../56-zlib1g-dev_1%3a1.2.11.dfsg-2_amd64.deb ...
Unpacking zlib1g-dev:amd64 (1:1.2.11.dfsg-2) ...
Selecting previously unselected package python3.8-dev.
Preparing to unpack .../57-python3.8-dev_3.8.3~rc1-1_amd64.deb ...
Unpacking python3.8-dev (3.8.3~rc1-1) ...
Selecting previously unselected package python3-dev.
Preparing to unpack .../58-python3-dev_3.8.2-3_amd64.deb ...
Unpacking python3-dev (3.8.2-3) ...
Selecting previously unselected package python3-all-dev.
Preparing to unpack .../59-python3-all-dev_3.8.2-3_amd64.deb ...
Unpacking python3-all-dev (3.8.2-3) ...
Selecting previously unselected package python3-appdirs.
Preparing to unpack .../60-python3-appdirs_1.4.3-2.1_all.deb ...
Unpacking python3-appdirs (1.4.3-2.1) ...
Selecting previously unselected package python3-atomicwrites.
Preparing to unpack .../61-python3-atomicwrites_1.3.0-1_all.deb ...
Unpacking python3-atomicwrites (1.3.0-1) ...
Selecting previously unselected package python3-attr.
Preparing to unpack .../62-python3-attr_19.3.0-4_all.deb ...
Unpacking python3-attr (19.3.0-4) ...
Selecting previously unselected package python3-pkg-resources.
Preparing to unpack .../63-python3-pkg-resources_46.1.3-1_all.deb ...
Unpacking python3-pkg-resources (46.1.3-1) ...
Selecting previously unselected package python3-tz.
Preparing to unpack .../64-python3-tz_2019.3-2_all.deb ...
Unpacking python3-tz (2019.3-2) ...
Selecting previously unselected package python3-babel.
Preparing to unpack .../65-python3-babel_2.8.0+dfsg.1-3_all.deb ...
Unpacking python3-babel (2.8.0+dfsg.1-3) ...
Selecting previously unselected package python3-certifi.
Preparing to unpack .../66-python3-certifi_2019.11.28-2_all.deb ...
Unpacking python3-certifi (2019.11.28-2) ...
Selecting previously unselected package python3-chardet.
Preparing to unpack .../67-python3-chardet_3.0.4-7_all.deb ...
Unpacking python3-chardet (3.0.4-7) ...
Selecting previously unselected package python3-distlib.
Preparing to unpack .../68-python3-distlib_0.3.0-1_all.deb ...
Unpacking python3-distlib (0.3.0-1) ...
Selecting previously unselected package python3-roman.
Preparing to unpack .../69-python3-roman_2.0.0-4_all.deb ...
Unpacking python3-roman (2.0.0-4) ...
Selecting previously unselected package python3-docutils.
Preparing to unpack .../70-python3-docutils_0.16+dfsg-2_all.deb ...
Unpacking python3-docutils (0.16+dfsg-2) ...
Selecting previously unselected package python3-filelock.
Preparing to unpack .../71-python3-filelock_3.0.12-2_all.deb ...
Unpacking python3-filelock (3.0.12-2) ...
Selecting previously unselected package python3-idna.
Preparing to unpack .../72-python3-idna_2.9-1_all.deb ...
Unpacking python3-idna (2.9-1) ...
Selecting previously unselected package python3-imagesize.
Preparing to unpack .../73-python3-imagesize_1.2.0-2_all.deb ...
Unpacking python3-imagesize (1.2.0-2) ...
Selecting previously unselected package python3-six.
Preparing to unpack .../74-python3-six_1.14.0-3_all.deb ...
Unpacking python3-six (1.14.0-3) ...
Selecting previously unselected package python3-more-itertools.
Preparing to unpack .../75-python3-more-itertools_4.2.0-2_all.deb ...
Unpacking python3-more-itertools (4.2.0-2) ...
Selecting previously unselected package python3-zipp.
Preparing to unpack .../76-python3-zipp_1.0.0-2_all.deb ...
Unpacking python3-zipp (1.0.0-2) ...
Selecting previously unselected package python3-importlib-metadata.
Preparing to unpack .../77-python3-importlib-metadata_1.6.0-1_all.deb ...
Unpacking python3-importlib-metadata (1.6.0-1) ...
Selecting previously unselected package python3-markupsafe.
Preparing to unpack .../78-python3-markupsafe_1.1.1-1+b1_amd64.deb ...
Unpacking python3-markupsafe (1.1.1-1+b1) ...
Selecting previously unselected package python3-jinja2.
Preparing to unpack .../79-python3-jinja2_2.11.1-1_all.deb ...
Unpacking python3-jinja2 (2.11.1-1) ...
Selecting previously unselected package python3-pyparsing.
Preparing to unpack .../80-python3-pyparsing_2.4.7-1_all.deb ...
Unpacking python3-pyparsing (2.4.7-1) ...
Selecting previously unselected package python3-packaging.
Preparing to unpack .../81-python3-packaging_20.3-1.2_all.deb ...
Unpacking python3-packaging (20.3-1.2) ...
Selecting previously unselected package python3-pluggy.
Preparing to unpack .../82-python3-pluggy_0.13.0-4_all.deb ...
Unpacking python3-pluggy (0.13.0-4) ...
Selecting previously unselected package python3-ply.
Preparing to unpack .../83-python3-ply_3.11-3_all.deb ...
Unpacking python3-ply (3.11-3) ...
Selecting previously unselected package python3-py.
Preparing to unpack .../84-python3-py_1.8.1-2_all.deb ...
Unpacking python3-py (1.8.1-2) ...
Selecting previously unselected package python3-pycparser.
Preparing to unpack .../85-python3-pycparser_2.20-1_all.deb ...
Unpacking python3-pycparser (2.20-1) ...
Selecting previously unselected package python3-pygments.
Preparing to unpack .../86-python3-pygments_2.3.1+dfsg-3_all.deb ...
Unpacking python3-pygments (2.3.1+dfsg-3) ...
Selecting previously unselected package python3-wcwidth.
Preparing to unpack .../87-python3-wcwidth_0.1.9+dfsg1-1_all.deb ...
Unpacking python3-wcwidth (0.1.9+dfsg1-1) ...
Selecting previously unselected package python3-pytest.
Preparing to unpack .../88-python3-pytest_4.6.9-3_all.deb ...
Unpacking python3-pytest (4.6.9-3) ...
Selecting previously unselected package python3-urllib3.
Preparing to unpack .../89-python3-urllib3_1.25.9-1_all.deb ...
Unpacking python3-urllib3 (1.25.9-1) ...
Selecting previously unselected package python3-requests.
Preparing to unpack .../90-python3-requests_2.23.0+dfsg-2_all.deb ...
Unpacking python3-requests (2.23.0+dfsg-2) ...
Selecting previously unselected package python3-setuptools.
Preparing to unpack .../91-python3-setuptools_46.1.3-1_all.deb ...
Unpacking python3-setuptools (46.1.3-1) ...
Selecting previously unselected package sphinx-common.
Preparing to unpack .../92-sphinx-common_2.4.3-2_all.deb ...
Unpacking sphinx-common (2.4.3-2) ...
Selecting previously unselected package python3-sphinx.
Preparing to unpack .../93-python3-sphinx_2.4.3-2_all.deb ...
Unpacking python3-sphinx (2.4.3-2) ...
Selecting previously unselected package python3-virtualenv.
Preparing to unpack .../94-python3-virtualenv_20.0.17-1_all.deb ...
Unpacking python3-virtualenv (20.0.17-1) ...
Selecting previously unselected package virtualenv.
Preparing to unpack .../95-virtualenv_20.0.17-1_all.deb ...
Unpacking virtualenv (20.0.17-1) ...
Selecting previously unselected package sbuild-build-depends-main-dummy.
Preparing to unpack .../96-sbuild-build-depends-main-dummy_0.invalid.0_amd64.deb ...
Unpacking sbuild-build-depends-main-dummy (0.invalid.0) ...
Setting up libpipeline1:amd64 (1.5.2-2) ...
Setting up mime-support (3.64) ...
Setting up libmagic-mgc (1:5.38-4) ...
Setting up libarchive-zip-perl (1.68-1) ...
Setting up libglib2.0-0:amd64 (2.64.2-1) ...
No schema files found: doing nothing.
Setting up libdebhelper-perl (13) ...
Setting up libsqlite3-0:amd64 (3.31.1-5) ...
Setting up libmagic1:amd64 (1:5.38-4) ...
Setting up gettext-base (0.19.8.1-10) ...
Setting up file (1:5.38-4) ...
Setting up libffi-dev:amd64 (3.3-4) ...
Setting up libicu63:amd64 (63.2-3) ...
Setting up python-babel-localedata (2.8.0+dfsg.1-3) ...
Setting up autotools-dev (20180224.1) ...
Setting up libexpat1-dev:amd64 (2.2.9-1) ...
Setting up libsigsegv2:amd64 (2.12-2) ...
Setting up bsdmainutils (11.1.2+b1) ...
update-alternatives: using /usr/bin/bsd-write to provide /usr/bin/write (write) in auto mode
update-alternatives: using /usr/bin/bsd-from to provide /usr/bin/from (from) in auto mode
Setting up autopoint (0.19.8.1-10) ...
Setting up zlib1g-dev:amd64 (1:1.2.11.dfsg-2) ...
Setting up sensible-utils (0.0.12+nmu1) ...
Setting up libuchardet0:amd64 (0.0.6-3) ...
Setting up libsub-override-perl (0.09-2) ...
Setting up sgml-base (1.30) ...
Setting up libmpdec2:amd64 (2.4.2-3) ...
Setting up libjs-jquery (3.3.1~dfsg-3) ...
Setting up openssl (1.1.1g-1) ...
Setting up libelf1:amd64 (0.176-1.1) ...
Setting up readline-common (8.0-4) ...
Setting up libxml2:amd64 (2.9.10+dfsg-5) ...
Setting up libjs-underscore (1.9.1~dfsg-1) ...
Setting up libfile-stripnondeterminism-perl (1.8.0-1) ...
Setting up libtool (2.4.6-14) ...
Setting up libreadline8:amd64 (8.0-4) ...
Setting up m4 (1.4.18-4) ...
Setting up ca-certificates (20190110) ...
Updating certificates in /etc/ssl/certs...
128 added, 0 removed; done.
Setting up libcroco3:amd64 (0.6.13-1) ...
Setting up libjs-sphinxdoc (2.4.3-2) ...
Setting up autoconf (2.69-11.1) ...
Setting up dh-strip-nondeterminism (1.8.0-1) ...
Setting up dwz (0.13-5) ...
Setting up groff-base (1.22.4-4) ...
Setting up xml-core (0.18+nmu1) ...
Setting up python-pip-whl (20.0.2-5) ...
Setting up libpython3.8-stdlib:amd64 (3.8.3~rc1-1) ...
Setting up python3.8 (3.8.3~rc1-1) ...
Setting up libpython3-stdlib:amd64 (3.8.2-3) ...
Setting up automake (1:1.16.2-1) ...
update-alternatives: using /usr/bin/automake-1.16 to provide /usr/bin/automake (automake) in auto mode
Setting up gettext (0.19.8.1-10) ...
Setting up libpython3.8-dbg:amd64 (3.8.3~rc1-1) ...
Setting up libpython3-dbg:amd64 (3.8.2-3) ...
Setting up python3 (3.8.2-3) ...
Setting up libpython3-all-dbg:amd64 (3.8.2-3) ...
Setting up python3-distlib (0.3.0-1) ...
Setting up man-db (2.9.1-1) ...
Not building database; man-db/auto-update is not 'true'.
Setting up python3-markupsafe (1.1.1-1+b1) ...
Setting up python3-tz (2019.3-2) ...
Setting up python3-atomicwrites (1.3.0-1) ...
Setting up intltool-debian (0.35.0+20060710.5) ...
Setting up python3-six (1.14.0-3) ...
Setting up python3-roman (2.0.0-4) ...
Setting up python3-jinja2 (2.11.1-1) ...
Setting up python3-wcwidth (0.1.9+dfsg1-1) ...
Setting up python3-pyparsing (2.4.7-1) ...
Setting up python3-certifi (2019.11.28-2) ...
Setting up libpython3.8:amd64 (3.8.3~rc1-1) ...
Setting up sphinx-common (2.4.3-2) ...
Setting up python3-idna (2.9-1) ...
Setting up python3-urllib3 (1.25.9-1) ...
Setting up python3-lib2to3 (3.8.2-2) ...
Setting up python3-appdirs (1.4.3-2.1) ...
Setting up python3-imagesize (1.2.0-2) ...
Setting up python3-pkg-resources (46.1.3-1) ...
Setting up python3-distutils (3.8.2-2) ...
Setting up dh-python (4.20200315) ...
Setting up python3.8-dbg (3.8.3~rc1-1) ...
Setting up python3-more-itertools (4.2.0-2) ...
Setting up python3-attr (19.3.0-4) ...
Setting up python3-filelock (3.0.12-2) ...
Setting up python3-setuptools (46.1.3-1) ...
Setting up python3-py (1.8.1-2) ...
Setting up python3-babel (2.8.0+dfsg.1-3) ...
update-alternatives: using /usr/bin/pybabel-python3 to provide /usr/bin/pybabel (pybabel) in auto mode
Setting up python3-alabaster (0.7.8-1.1) ...
Setting up po-debconf (1.0.21) ...
Setting up python3-ply (3.11-3) ...
Setting up python3-all (3.8.2-3) ...
Setting up python3-zipp (1.0.0-2) ...
Setting up python3-pycparser (2.20-1) ...
Setting up python3-pygments (2.3.1+dfsg-3) ...
Setting up python3-packaging (20.3-1.2) ...
Setting up python3-chardet (3.0.4-7) ...
Setting up libpython3.8-dev:amd64 (3.8.3~rc1-1) ...
Setting up python3-requests (2.23.0+dfsg-2) ...
Setting up python3.8-dev (3.8.3~rc1-1) ...
Setting up python3-dbg (3.8.2-3) ...
Setting up libpython3-dev:amd64 (3.8.2-3) ...
Setting up python3-importlib-metadata (1.6.0-1) ...
Setting up python3-virtualenv (20.0.17-1) ...
Setting up libpython3-all-dev:amd64 (3.8.2-3) ...
Setting up virtualenv (20.0.17-1) ...
Setting up python3-dev (3.8.2-3) ...
Setting up python3-pluggy (0.13.0-4) ...
Setting up python3-all-dbg (3.8.2-3) ...
Setting up python3-all-dev (3.8.2-3) ...
Setting up python3-pytest (4.6.9-3) ...
Setting up dh-autoreconf (19) ...
Setting up debhelper (13) ...
Processing triggers for libc-bin (2.30-4) ...
Processing triggers for sgml-base (1.30) ...
Setting up docutils-common (0.16+dfsg-2) ...
Processing triggers for sgml-base (1.30) ...
Setting up python3-docutils (0.16+dfsg-2) ...
update-alternatives: using /usr/share/docutils/scripts/python3/rst-buildhtml to provide /usr/bin/rst-buildhtml (rst-buildhtml) in auto mode
update-alternatives: using /usr/share/docutils/scripts/python3/rst2html to provide /usr/bin/rst2html (rst2html) in auto mode
update-alternatives: using /usr/share/docutils/scripts/python3/rst2html4 to provide /usr/bin/rst2html4 (rst2html4) in auto mode
update-alternatives: using /usr/share/docutils/scripts/python3/rst2html5 to provide /usr/bin/rst2html5 (rst2html5) in auto mode
update-alternatives: using /usr/share/docutils/scripts/python3/rst2latex to provide /usr/bin/rst2latex (rst2latex) in auto mode
update-alternatives: using /usr/share/docutils/scripts/python3/rst2man to provide /usr/bin/rst2man (rst2man) in auto mode
update-alternatives: using /usr/share/docutils/scripts/python3/rst2odt to provide /usr/bin/rst2odt (rst2odt) in auto mode
update-alternatives: using /usr/share/docutils/scripts/python3/rst2odt_prepstyles to provide /usr/bin/rst2odt_prepstyles (rst2odt_prepstyles) in auto mode
update-alternatives: using /usr/share/docutils/scripts/python3/rst2pseudoxml to provide /usr/bin/rst2pseudoxml (rst2pseudoxml) in auto mode
update-alternatives: using /usr/share/docutils/scripts/python3/rst2s5 to provide /usr/bin/rst2s5 (rst2s5) in auto mode
update-alternatives: using /usr/share/docutils/scripts/python3/rst2xetex to provide /usr/bin/rst2xetex (rst2xetex) in auto mode
update-alternatives: using /usr/share/docutils/scripts/python3/rst2xml to provide /usr/bin/rst2xml (rst2xml) in auto mode
update-alternatives: using /usr/share/docutils/scripts/python3/rstpep2html to provide /usr/bin/rstpep2html (rstpep2html) in auto mode
Setting up python3-sphinx (2.4.3-2) ...
update-alternatives: using /usr/share/sphinx/scripts/python3/sphinx-apidoc to provide /usr/bin/sphinx-apidoc (sphinx-apidoc) in auto mode
update-alternatives: using /usr/share/sphinx/scripts/python3/sphinx-autogen to provide /usr/bin/sphinx-autogen (sphinx-autogen) in auto mode
update-alternatives: using /usr/share/sphinx/scripts/python3/sphinx-build to provide /usr/bin/sphinx-build (sphinx-build) in auto mode
update-alternatives: using /usr/share/sphinx/scripts/python3/sphinx-quickstart to provide /usr/bin/sphinx-quickstart (sphinx-quickstart) in auto mode
Setting up sbuild-build-depends-main-dummy (0.invalid.0) ...
Processing triggers for ca-certificates (20190110) ...
Updating certificates in /etc/ssl/certs...
0 added, 0 removed; done.
Running hooks in /etc/ca-certificates/update.d...
done.

+------------------------------------------------------------------------------+
| Check architectures                                                          |
+------------------------------------------------------------------------------+

Arch check ok (amd64 included in any all)

+------------------------------------------------------------------------------+
| Build environment                                                            |
+------------------------------------------------------------------------------+

Kernel: Linux 4.19.0-6-cloud-amd64 #1 SMP Debian 4.19.67-2+deb10u2 (2019-11-11) amd64 (x86_64)
Toolchain package versions: binutils_2.34-6 dpkg-dev_1.19.7 g++-9_9.3.0-11 gcc-9_9.3.0-11 libc6-dev_2.30-4 libstdc++-9-dev_9.3.0-11 libstdc++6_10-20200502-1 linux-libc-dev_5.6.7-1
Package versions: adduser_3.118 apt_2.0.2 autoconf_2.69-11.1 automake_1:1.16.2-1 autopoint_0.19.8.1-10 autotools-dev_20180224.1 base-files_11 base-passwd_3.5.47 bash_5.0-6 binutils_2.34-6 binutils-common_2.34-6 binutils-x86-64-linux-gnu_2.34-6 bsdmainutils_11.1.2+b1 bsdutils_1:2.34-0.1 build-essential_12.8 bzip2_1.0.8-2 ca-certificates_20190110 clang-10_1:10.0.0-4 coreutils_8.30-3+b1 cpp_4:9.2.1-3.1 cpp-9_9.3.0-11 dash_0.5.10.2-7 debconf_1.5.74 debhelper_13 debian-archive-keyring_2019.1 debianutils_4.9.1 dh-autoreconf_19 dh-python_4.20200315 dh-strip-nondeterminism_1.8.0-1 diffutils_1:3.7-3 docutils-common_0.16+dfsg-2 dpkg_1.19.7 dpkg-dev_1.19.7 dwz_0.13-5 e2fsprogs_1.45.6-1 fakeroot_1.24-1 fdisk_2.34-0.1 file_1:5.38-4 findutils_4.7.0-1 g++_4:9.2.1-3.1 g++-9_9.3.0-11 gcc_4:9.2.1-3.1 gcc-10-base_10-20200502-1 gcc-9_9.3.0-11 gcc-9-base_9.3.0-11 gettext_0.19.8.1-10 gettext-base_0.19.8.1-10 gpgv_2.2.20-1 grep_3.4-1 groff-base_1.22.4-4 gzip_1.10-2 hostname_3.23 init-system-helpers_1.57 intltool-debian_0.35.0+20060710.5 lib32gcc-s1_10-20200502-1 lib32gcc1_1:10-20200502-1 lib32stdc++6_10-20200502-1 libacl1_2.2.53-8 libapt-pkg6.0_2.0.2 libarchive-zip-perl_1.68-1 libasan5_9.3.0-11 libatomic1_10-20200502-1 libattr1_1:2.4.48-5 libaudit-common_1:2.8.5-3 libaudit1_1:2.8.5-3+b1 libbinutils_2.34-6 libblkid1_2.34-0.1 libbsd0_0.10.0-1 libbz2-1.0_1.0.8-2 libc-bin_2.30-4 libc-dev-bin_2.30-4 libc6_2.30-4 libc6-dev_2.30-4 libc6-i386_2.30-4 libcap-ng0_0.7.9-2.1+b2 libcc1-0_10-20200502-1 libclang-common-10-dev_1:10.0.0-4 libclang-cpp10_1:10.0.0-4 libclang1-10_1:10.0.0-4 libcom-err2_1.45.6-1 libcroco3_0.6.13-1 libcrypt-dev_1:4.4.16-1 libcrypt1_1:4.4.16-1 libctf-nobfd0_2.34-6 libctf0_2.34-6 libdb5.3_5.3.28+dfsg1-0.6 libdebconfclient0_0.251 libdebhelper-perl_13 libdpkg-perl_1.19.7 libedit2_3.1-20191231-1 libelf1_0.176-1.1 libexpat1_2.2.9-1 libexpat1-dev_2.2.9-1 libext2fs2_1.45.6-1 libfakeroot_1.24-1 libfdisk1_2.34-0.1 libffi-dev_3.3-4 libffi7_3.3-4 libfile-stripnondeterminism-perl_1.8.0-1 libgc1c2_1:7.6.4-0.4 libgcc-9-dev_9.3.0-11 libgcc-s1_10-20200502-1 libgcrypt20_1.8.5-5 libgdbm-compat4_1.18.1-5 libgdbm6_1.18.1-5 libglib2.0-0_2.64.2-1 libgmp10_2:6.2.0+dfsg-4 libgnutls30_3.6.13-2 libgomp1_10-20200502-1 libgpg-error0_1.37-1 libhogweed5_3.5.1+really3.5.1-2 libicu63_63.2-3 libidn2-0_2.3.0-1 libisl22_0.22.1-1 libitm1_10-20200502-1 libjs-jquery_3.3.1~dfsg-3 libjs-sphinxdoc_2.4.3-2 libjs-underscore_1.9.1~dfsg-1 libllvm10_1:10.0.0-4 liblsan0_10-20200502-1 liblz4-1_1.9.2-2 liblzma5_5.2.4-1+b1 libmagic-mgc_1:5.38-4 libmagic1_1:5.38-4 libmount1_2.34-0.1 libmpc3_1.1.0-1 libmpdec2_2.4.2-3 libmpfr6_4.0.2-1 libncursesw6_6.2-1 libnettle7_3.5.1+really3.5.1-2 libobjc-9-dev_9.3.0-11 libobjc4_10-20200502-1 libomp-10-dev_1:10.0.0-4 libomp5-10_1:10.0.0-4 libp11-kit0_0.23.20-1 libpam-modules_1.3.1-5 libpam-modules-bin_1.3.1-5 libpam-runtime_1.3.1-5 libpam0g_1.3.1-5 libpcre2-8-0_10.34-7 libpcre3_2:8.39-12+b1 libperl5.30_5.30.0-10 libpipeline1_1.5.2-2 libpython3-all-dbg_3.8.2-3 libpython3-all-dev_3.8.2-3 libpython3-dbg_3.8.2-3 libpython3-dev_3.8.2-3 libpython3-stdlib_3.8.2-3 libpython3.8_3.8.3~rc1-1 libpython3.8-dbg_3.8.3~rc1-1 libpython3.8-dev_3.8.3~rc1-1 libpython3.8-minimal_3.8.3~rc1-1 libpython3.8-stdlib_3.8.3~rc1-1 libquadmath0_10-20200502-1 libreadline8_8.0-4 libseccomp2_2.4.3-1+b1 libselinux1_3.0-1+b3 libsemanage-common_3.0-1 libsemanage1_3.0-1+b3 libsepol1_3.0-1 libsigsegv2_2.12-2 libsmartcols1_2.34-0.1 libsqlite3-0_3.31.1-5 libss2_1.45.6-1 libssl1.1_1.1.1g-1 libstdc++-9-dev_9.3.0-11 libstdc++6_10-20200502-1 libsub-override-perl_0.09-2 libsystemd0_245.5-2 libtasn1-6_4.16.0-2 libtinfo6_6.2-1 libtool_2.4.6-14 libtsan0_10-20200502-1 libubsan1_10-20200502-1 libuchardet0_0.0.6-3 libudev1_245.5-2 libunistring2_0.9.10-2 libuuid1_2.34-0.1 libxml2_2.9.10+dfsg-5 libz3-4_4.8.7-4 libzstd1_1.4.4+dfsg-3 linux-libc-dev_5.6.7-1 login_1:4.8.1-1 logsave_1.45.6-1 lsb-base_11.1.0 m4_1.4.18-4 make_4.2.1-1.3 man-db_2.9.1-1 mawk_1.3.4.20200120-2 mime-support_3.64 mount_2.34-0.1 ncurses-base_6.2-1 ncurses-bin_6.2-1 openssl_1.1.1g-1 passwd_1:4.8.1-1 patch_2.7.6-6 perl_5.30.0-10 perl-base_5.30.0-10 perl-modules-5.30_5.30.0-10 po-debconf_1.0.21 python-babel-localedata_2.8.0+dfsg.1-3 python-pip-whl_20.0.2-5 python3_3.8.2-3 python3-alabaster_0.7.8-1.1 python3-all_3.8.2-3 python3-all-dbg_3.8.2-3 python3-all-dev_3.8.2-3 python3-appdirs_1.4.3-2.1 python3-atomicwrites_1.3.0-1 python3-attr_19.3.0-4 python3-babel_2.8.0+dfsg.1-3 python3-certifi_2019.11.28-2 python3-chardet_3.0.4-7 python3-dbg_3.8.2-3 python3-dev_3.8.2-3 python3-distlib_0.3.0-1 python3-distutils_3.8.2-2 python3-docutils_0.16+dfsg-2 python3-filelock_3.0.12-2 python3-idna_2.9-1 python3-imagesize_1.2.0-2 python3-importlib-metadata_1.6.0-1 python3-jinja2_2.11.1-1 python3-lib2to3_3.8.2-2 python3-markupsafe_1.1.1-1+b1 python3-minimal_3.8.2-3 python3-more-itertools_4.2.0-2 python3-packaging_20.3-1.2 python3-pkg-resources_46.1.3-1 python3-pluggy_0.13.0-4 python3-ply_3.11-3 python3-py_1.8.1-2 python3-pycparser_2.20-1 python3-pygments_2.3.1+dfsg-3 python3-pyparsing_2.4.7-1 python3-pytest_4.6.9-3 python3-requests_2.23.0+dfsg-2 python3-roman_2.0.0-4 python3-setuptools_46.1.3-1 python3-six_1.14.0-3 python3-sphinx_2.4.3-2 python3-tz_2019.3-2 python3-urllib3_1.25.9-1 python3-virtualenv_20.0.17-1 python3-wcwidth_0.1.9+dfsg1-1 python3-zipp_1.0.0-2 python3.8_3.8.3~rc1-1 python3.8-dbg_3.8.3~rc1-1 python3.8-dev_3.8.3~rc1-1 python3.8-minimal_3.8.3~rc1-1 qt5-qmake_5.12.5+dfsg-10 qt5-qmake-bin_5.12.5+dfsg-10 qtchooser_66-2 readline-common_8.0-4 sbuild-build-depends-main-dummy_0.invalid.0 sed_4.7-1 sensible-utils_0.0.12+nmu1 sgml-base_1.30 sphinx-common_2.4.3-2 sysvinit-utils_2.96-3 tar_1.30+dfsg-7 tzdata_2020a-1 util-linux_2.34-0.1 virtualenv_20.0.17-1 xml-core_0.18+nmu1 xz-utils_5.2.4-1+b1 zlib1g_1:1.2.11.dfsg-2 zlib1g-dev_1:1.2.11.dfsg-2

+------------------------------------------------------------------------------+
| Build                                                                        |
+------------------------------------------------------------------------------+


Unpack source
-------------

-----BEGIN PGP SIGNED MESSAGE-----
Hash: SHA256

Format: 3.0 (quilt)
Source: python-cffi
Binary: python3-cffi, python3-cffi-backend, python3-cffi-backend-dbg, python-cffi-doc
Architecture: any all
Version: 1.14.0-2
Maintainer: Debian Python Modules Team <python-modules-team@lists.alioth.debian.org>
Uploaders: Stefano Rivera <stefanor@debian.org>
Homepage: http://cffi.readthedocs.org/
Standards-Version: 4.5.0
Vcs-Browser: https://salsa.debian.org/python-team/modules/python-cffi
Vcs-Git: https://salsa.debian.org/python-team/modules/python-cffi.git
Testsuite: autopkgtest
Testsuite-Triggers: build-essential, python3-all-dbg, python3-all-dev, python3-py, python3-pytest, python3-setuptools, virtualenv
Build-Depends: debhelper-compat (= 12), dh-python, libffi-dev, python3-all-dbg, python3-all-dev, python3-py, python3-pycparser, python3-pytest, python3-setuptools, python3-sphinx, virtualenv
Package-List:
 python-cffi-doc deb doc optional arch=all
 python3-cffi deb python optional arch=all
 python3-cffi-backend deb python optional arch=any
 python3-cffi-backend-dbg deb debug optional arch=any
Checksums-Sha1:
 2a8f05a7d51d77ef1e641cb359a54e4d8fa019cb 463065 python-cffi_1.14.0.orig.tar.gz
 69dcb81fd6fba5955d1071f3a4fae9db2f01e6c5 6440 python-cffi_1.14.0-2.debian.tar.xz
Checksums-Sha256:
 2d384f4a127a15ba701207f7639d94106693b6cd64173d6c8988e2c25f3ac2b6 463065 python-cffi_1.14.0.orig.tar.gz
 7bf30942b7ae2d159f167ba8f8dc72a0002bbf98694a97f19d5d780363598d89 6440 python-cffi_1.14.0-2.debian.tar.xz
Files:
 74845f8d2b7b583dd9a3574f402edf39 463065 python-cffi_1.14.0.orig.tar.gz
 44d81ca44ce208aaee5e685df7660058 6440 python-cffi_1.14.0-2.debian.tar.xz

-----BEGIN PGP SIGNATURE-----

iQIzBAEBCAAdFiEEufrTGSrz5KUwnZ05h588mTgBqU8FAl6REV0ACgkQh588mTgB
qU+VZxAAyefaZAZ+PEs8KHZNMdr5yn1r1gUAiasaMGKKXtZrsUH98yaInMXOzwlE
9UsVmEw6OtDJg4nxYbkJbGVdPh7JO9W4ratQyGRcll2pMFHWtXgNzm4Y/DpcZn4Q
caEx5aiW5XC/I7C5TUvgNeq3N2/MpOcd8e87gUvZJcryn0+UrJpWyVZjzW6K9QGe
ewXw8yp9totx9ch9R3JlbgiDaRRzR1agOe9XDbMHKYuQBaWKn4DxxGxqbJqW6bEY
m3CWUfpUydc1xozoCnSBHFb701uwpBCfh/BuwtzN5icSDLoo1eHfkq8tQrfgB9kx
cW3CPCE4Qj6mn5E5ywtBTM6GfZ/LKsXzrHgMGzJvoINbiI1Rg5DbC2SaOqxhDjZQ
h5oYla2cScKb7NOylTD/KHMWf6a32la6NXA/GuxPhyAINLVifI8YJBLvYxrmH+T1
81gwVLPUJA5b8OTrDHDAb6tveHB3zjmei9awDpl0lXnx0zPm/NRIu7dCRM9wz7uY
Xx//12ZutD9Ou2GKlwuvXZhNAGz+iMWF5Hrsd2ck6D13biHAPJcxac5UHhca104A
uYMtuEQiIoUmHRs8ZdGQcsG7hfv7Bppv/kH6RRxxVIYBrdcKUg3hSCOHSVRFW7cX
ezJAKOk2OU7Nq8P7gQd64oZAGBvffppZY9SWHzrKEzPB0LNs4zg=
=t2wY
-----END PGP SIGNATURE-----

gpgv: unknown type of key resource 'trustedkeys.kbx'
gpgv: keyblock resource '/sbuild-nonexistent/.gnupg/trustedkeys.kbx': General error
gpgv: Signature made Sat Apr 11 00:37:49 2020 UTC
gpgv:                using RSA key B9FAD3192AF3E4A5309D9D39879F3C993801A94F
gpgv: Can't check signature: No public key
dpkg-source: warning: failed to verify signature on ./python-cffi_1.14.0-2.dsc
dpkg-source: info: extracting python-cffi in /<<PKGBUILDDIR>>
dpkg-source: info: unpacking python-cffi_1.14.0.orig.tar.gz
dpkg-source: info: unpacking python-cffi_1.14.0-2.debian.tar.xz

Check disk space
----------------

Sufficient free space for build

User Environment
----------------

APT_CONFIG=/var/lib/sbuild/apt.conf
HOME=/sbuild-nonexistent
LANG=C.UTF-8
LC_ALL=C.UTF-8
LOGNAME=user42
PATH=/usr/local/sbin:/usr/local/bin:/usr/sbin:/usr/bin:/sbin:/bin:/usr/games
SCHROOT_ALIAS_NAME=unstable
SCHROOT_CHROOT_NAME=sid-amd64-sbuild
SCHROOT_COMMAND=env
SCHROOT_GID=1001
SCHROOT_GROUP=user42
SCHROOT_SESSION_ID=sid-amd64-sbuild-1d5d2b39-3bad-4de4-9670-494f41f0ada2
SCHROOT_UID=1001
SCHROOT_USER=user42
SHELL=/bin/sh
USER=user42

dpkg-buildpackage
-----------------

Command: dpkg-buildpackage -us -uc -b -rfakeroot
dpkg-buildpackage: info: source package python-cffi
dpkg-buildpackage: info: source version 1.14.0-2
dpkg-buildpackage: info: source distribution unstable
dpkg-buildpackage: info: source changed by Sandro Tosi <morph@debian.org>
 dpkg-source --before-build .
dpkg-buildpackage: info: host architecture amd64
 debian/rules clean
dh clean --with python3,sphinxdoc --buildsystem pybuild
   dh_auto_clean -O--buildsystem=pybuild
I: pybuild base:217: python3.8 setup.py clean 
running clean
removing '/<<PKGBUILDDIR>>/.pybuild/cpython3_3.8/build' (and everything under it)
'build/bdist.linux-x86_64' does not exist -- can't clean it
'build/scripts-3.8' does not exist -- can't clean it
I: pybuild base:217: python3.8-dbg setup.py clean 
running clean
removing '/<<PKGBUILDDIR>>/.pybuild/cpython3_3.8_dbg/build' (and everything under it)
'build/bdist.linux-x86_64' does not exist -- can't clean it
'build/scripts-3.8' does not exist -- can't clean it
   dh_autoreconf_clean -O--buildsystem=pybuild
   debian/rules override_dh_clean
make[1]: Entering directory '/<<PKGBUILDDIR>>'
dh_clean
rm -rf 
make[1]: Leaving directory '/<<PKGBUILDDIR>>'
 debian/rules binary
dh binary --with python3,sphinxdoc --buildsystem pybuild
   dh_update_autotools_config -O--buildsystem=pybuild
   dh_autoreconf -O--buildsystem=pybuild
   dh_auto_configure -O--buildsystem=pybuild
I: pybuild base:217: python3.8 setup.py config 
running config
I: pybuild base:217: python3.8-dbg setup.py config 
running config
   debian/rules override_dh_auto_build-indep
make[1]: Entering directory '/<<PKGBUILDDIR>>'
dh_auto_build --indep
I: pybuild base:217: /usr/bin/python3 setup.py build 
running build
running build_py
creating /<<PKGBUILDDIR>>/.pybuild/cpython3_3.8/build/cffi
copying cffi/error.py -> /<<PKGBUILDDIR>>/.pybuild/cpython3_3.8/build/cffi
copying cffi/verifier.py -> /<<PKGBUILDDIR>>/.pybuild/cpython3_3.8/build/cffi
copying cffi/api.py -> /<<PKGBUILDDIR>>/.pybuild/cpython3_3.8/build/cffi
copying cffi/__init__.py -> /<<PKGBUILDDIR>>/.pybuild/cpython3_3.8/build/cffi
copying cffi/lock.py -> /<<PKGBUILDDIR>>/.pybuild/cpython3_3.8/build/cffi
copying cffi/vengine_gen.py -> /<<PKGBUILDDIR>>/.pybuild/cpython3_3.8/build/cffi
copying cffi/pkgconfig.py -> /<<PKGBUILDDIR>>/.pybuild/cpython3_3.8/build/cffi
copying cffi/commontypes.py -> /<<PKGBUILDDIR>>/.pybuild/cpython3_3.8/build/cffi
copying cffi/ffiplatform.py -> /<<PKGBUILDDIR>>/.pybuild/cpython3_3.8/build/cffi
copying cffi/setuptools_ext.py -> /<<PKGBUILDDIR>>/.pybuild/cpython3_3.8/build/cffi
copying cffi/recompiler.py -> /<<PKGBUILDDIR>>/.pybuild/cpython3_3.8/build/cffi
copying cffi/backend_ctypes.py -> /<<PKGBUILDDIR>>/.pybuild/cpython3_3.8/build/cffi
copying cffi/cparser.py -> /<<PKGBUILDDIR>>/.pybuild/cpython3_3.8/build/cffi
copying cffi/model.py -> /<<PKGBUILDDIR>>/.pybuild/cpython3_3.8/build/cffi
copying cffi/cffi_opcode.py -> /<<PKGBUILDDIR>>/.pybuild/cpython3_3.8/build/cffi
copying cffi/vengine_cpy.py -> /<<PKGBUILDDIR>>/.pybuild/cpython3_3.8/build/cffi
copying cffi/_cffi_include.h -> /<<PKGBUILDDIR>>/.pybuild/cpython3_3.8/build/cffi
copying cffi/parse_c_type.h -> /<<PKGBUILDDIR>>/.pybuild/cpython3_3.8/build/cffi
copying cffi/_embedding.h -> /<<PKGBUILDDIR>>/.pybuild/cpython3_3.8/build/cffi
copying cffi/_cffi_errors.h -> /<<PKGBUILDDIR>>/.pybuild/cpython3_3.8/build/cffi
running build_ext
building '_cffi_backend' extension
creating build
creating build/temp.linux-x86_64-3.8
creating build/temp.linux-x86_64-3.8/c
x86_64-linux-gnu-gcc -pthread -Wno-unused-result -Wsign-compare -DNDEBUG -g -fwrapv -O2 -Wall -g -fstack-protector-strong -Wformat -Werror=format-security -g -fwrapv -O2 -g -O2 -fdebug-prefix-map=/<<PKGBUILDDIR>>=. -fstack-protector-strong -Wformat -Werror=format-security -Wdate-time -D_FORTIFY_SOURCE=2 -fPIC -DUSE__THREAD -DHAVE_SYNC_SYNCHRONIZE -I/usr/include/ffi -I/usr/include/libffi -I/usr/include/python3.8 -c c/_cffi_backend.c -o build/temp.linux-x86_64-3.8/c/_cffi_backend.o
c/_cffi_backend.c:6245:9: warning: 'ffi_prep_closure' is deprecated [-Wdeprecated-declarations]
    if (ffi_prep_closure(closure, &cif_descr->cif,
        ^
/usr/include/x86_64-linux-gnu/ffi.h:341:18: note: 'ffi_prep_closure' has been explicitly marked deprecated here
  __attribute__((deprecated))
                 ^
1 warning generated.
x86_64-linux-gnu-gcc -pthread -shared -Wl,-O1 -Wl,-Bsymbolic-functions -Wl,-z,relro -g -fwrapv -O2 -Wl,-z,relro -g -O2 -fdebug-prefix-map=/<<PKGBUILDDIR>>=. -fstack-protector-strong -Wformat -Werror=format-security -Wdate-time -D_FORTIFY_SOURCE=2 build/temp.linux-x86_64-3.8/c/_cffi_backend.o -lffi -o /<<PKGBUILDDIR>>/.pybuild/cpython3_3.8/build/_cffi_backend.cpython-38-x86_64-linux-gnu.so
I: pybuild base:217: /usr/bin/python3-dbg setup.py build 
running build
running build_py
creating /<<PKGBUILDDIR>>/.pybuild/cpython3_3.8_dbg/build/cffi
copying cffi/error.py -> /<<PKGBUILDDIR>>/.pybuild/cpython3_3.8_dbg/build/cffi
copying cffi/verifier.py -> /<<PKGBUILDDIR>>/.pybuild/cpython3_3.8_dbg/build/cffi
copying cffi/api.py -> /<<PKGBUILDDIR>>/.pybuild/cpython3_3.8_dbg/build/cffi
copying cffi/__init__.py -> /<<PKGBUILDDIR>>/.pybuild/cpython3_3.8_dbg/build/cffi
copying cffi/lock.py -> /<<PKGBUILDDIR>>/.pybuild/cpython3_3.8_dbg/build/cffi
copying cffi/vengine_gen.py -> /<<PKGBUILDDIR>>/.pybuild/cpython3_3.8_dbg/build/cffi
copying cffi/pkgconfig.py -> /<<PKGBUILDDIR>>/.pybuild/cpython3_3.8_dbg/build/cffi
copying cffi/commontypes.py -> /<<PKGBUILDDIR>>/.pybuild/cpython3_3.8_dbg/build/cffi
copying cffi/ffiplatform.py -> /<<PKGBUILDDIR>>/.pybuild/cpython3_3.8_dbg/build/cffi
copying cffi/setuptools_ext.py -> /<<PKGBUILDDIR>>/.pybuild/cpython3_3.8_dbg/build/cffi
copying cffi/recompiler.py -> /<<PKGBUILDDIR>>/.pybuild/cpython3_3.8_dbg/build/cffi
copying cffi/backend_ctypes.py -> /<<PKGBUILDDIR>>/.pybuild/cpython3_3.8_dbg/build/cffi
copying cffi/cparser.py -> /<<PKGBUILDDIR>>/.pybuild/cpython3_3.8_dbg/build/cffi
copying cffi/model.py -> /<<PKGBUILDDIR>>/.pybuild/cpython3_3.8_dbg/build/cffi
copying cffi/cffi_opcode.py -> /<<PKGBUILDDIR>>/.pybuild/cpython3_3.8_dbg/build/cffi
copying cffi/vengine_cpy.py -> /<<PKGBUILDDIR>>/.pybuild/cpython3_3.8_dbg/build/cffi
copying cffi/_cffi_include.h -> /<<PKGBUILDDIR>>/.pybuild/cpython3_3.8_dbg/build/cffi
copying cffi/parse_c_type.h -> /<<PKGBUILDDIR>>/.pybuild/cpython3_3.8_dbg/build/cffi
copying cffi/_embedding.h -> /<<PKGBUILDDIR>>/.pybuild/cpython3_3.8_dbg/build/cffi
copying cffi/_cffi_errors.h -> /<<PKGBUILDDIR>>/.pybuild/cpython3_3.8_dbg/build/cffi
running build_ext
building '_cffi_backend' extension
creating build/temp.linux-x86_64-3.8-pydebug
creating build/temp.linux-x86_64-3.8-pydebug/c
x86_64-linux-gnu-gcc -pthread -Wno-unused-result -Wsign-compare -g -Og -Wall -g -Og -fstack-protector-strong -Wformat -Werror=format-security -g -Og -fstack-protector-strong -Wformat -Werror=format-security -g -O2 -fdebug-prefix-map=/<<PKGBUILDDIR>>=. -fstack-protector-strong -Wformat -Werror=format-security -Wdate-time -D_FORTIFY_SOURCE=2 -fPIC -DUSE__THREAD -DHAVE_SYNC_SYNCHRONIZE -I/usr/include/ffi -I/usr/include/libffi -I/usr/include/python3.8d -c c/_cffi_backend.c -o build/temp.linux-x86_64-3.8-pydebug/c/_cffi_backend.o
c/_cffi_backend.c:6245:9: warning: 'ffi_prep_closure' is deprecated [-Wdeprecated-declarations]
    if (ffi_prep_closure(closure, &cif_descr->cif,
        ^
/usr/include/x86_64-linux-gnu/ffi.h:341:18: note: 'ffi_prep_closure' has been explicitly marked deprecated here
  __attribute__((deprecated))
                 ^
1 warning generated.
x86_64-linux-gnu-gcc -pthread -shared -Wl,-O1 -Wl,-Bsymbolic-functions -Wl,-z,relro -Wl,-z,relro -g -O2 -fdebug-prefix-map=/<<PKGBUILDDIR>>=. -fstack-protector-strong -Wformat -Werror=format-security -Wdate-time -D_FORTIFY_SOURCE=2 build/temp.linux-x86_64-3.8-pydebug/c/_cffi_backend.o -lffi -o /<<PKGBUILDDIR>>/.pybuild/cpython3_3.8_dbg/build/_cffi_backend.cpython-38d-x86_64-linux-gnu.so
python3 -m sphinx -b html -d doc/build/doctrees doc/source doc/build/html
Running Sphinx v2.4.3
making output directory... done
building [mo]: targets for 0 po files that are out of date
building [html]: targets for 9 source files that are out of date
updating environment: [new config] 9 added, 0 changed, 0 removed
reading sources... [ 11%] cdef
reading sources... [ 22%] embedding
reading sources... [ 33%] goals
reading sources... [ 44%] index
reading sources... [ 55%] installation
reading sources... [ 66%] overview
reading sources... [ 77%] ref
reading sources... [ 88%] using
reading sources... [100%] whatsnew

looking for now-outdated files... none found
pickling environment... done
checking consistency... done
preparing documents... done
writing output... [ 11%] cdef
writing output... [ 22%] embedding
writing output... [ 33%] goals
writing output... [ 44%] index
writing output... [ 55%] installation
writing output... [ 66%] overview
writing output... [ 77%] ref
writing output... [ 88%] using
writing output... [100%] whatsnew

generating indices...  genindexdone
writing additional pages...  searchdone
copying static files... ... done
copying extra files... done
dumping search index in English (code: en)... done
dumping object inventory... done
build succeeded.

The HTML pages are in doc/build/html.
make[1]: Leaving directory '/<<PKGBUILDDIR>>'
   dh_auto_build -O--buildsystem=pybuild -Npython3-cffi -Npython-cffi-doc
I: pybuild base:217: /usr/bin/python3 setup.py build 
running build
running build_py
running build_ext
I: pybuild base:217: /usr/bin/python3-dbg setup.py build 
running build
running build_py
running build_ext
   debian/rules override_dh_auto_test
make[1]: Entering directory '/<<PKGBUILDDIR>>'
PYBUILD_SYSTEM=custom \
	PYBUILD_TEST_ARGS="{interpreter} -m pytest c/ testing/" \
	dh_auto_test
I: pybuild base:217: python3.8 -m pytest c/ testing/
============================= test session starts ==============================
platform linux -- Python 3.8.3rc1, pytest-4.6.9, py-1.8.1, pluggy-0.13.0
rootdir: /<<PKGBUILDDIR>>
collected 2028 items

c/test_c.py ............................................................ [  2%]
........................................................................ [  6%]
...........s.......................s.................................... [ 10%]
....................                                                     [ 11%]
testing/cffi0/test_cdata.py .                                            [ 11%]
testing/cffi0/test_ctypes.py ..................s...............s.s.s.... [ 13%]
...s.........................sssssss..s..s.............................. [ 16%]
...............sssssssss                                                 [ 17%]
testing/cffi0/test_ffi_backend.py ...................................... [ 19%]
.............................................s...s...................... [ 23%]
............................................s....................ss..... [ 26%]
.............s.s...s...................                                  [ 28%]
testing/cffi0/test_function.py ......s............s..ss..sss..ss         [ 30%]
testing/cffi0/test_model.py .............                                [ 31%]
testing/cffi0/test_ownlib.py ..ss...ssss                                 [ 31%]
testing/cffi0/test_parsing.py ......................s..........          [ 33%]
testing/cffi0/test_platform.py ....                                      [ 33%]
testing/cffi0/test_unicode_literals.py ............                      [ 34%]
testing/cffi0/test_verify.py .........................s.....s........... [ 36%]
........................................................................ [ 39%]
..............................s...s.............ss..                     [ 42%]
testing/cffi0/test_verify2.py .........................s.....s.......... [ 44%]
........................................................................ [ 47%]
...............................s...s.............ss..                    [ 50%]
testing/cffi0/test_version.py ......                                     [ 50%]
testing/cffi0/test_vgen.py .........................s.....s............. [ 53%]
........................................................................ [ 56%]
............................s...s.............ss..                       [ 59%]
testing/cffi0/test_vgen2.py .........................s.....s............ [ 61%]
........................................................................ [ 64%]
.............................s...s.............ss..                      [ 67%]
testing/cffi0/test_zdistutils.py ......................................  [ 69%]
testing/cffi0/test_zintegration.py ........                              [ 69%]
testing/cffi1/test_cffi_binary.py .                                      [ 69%]
testing/cffi1/test_commontypes.py ...                                    [ 69%]
testing/cffi1/test_dlopen.py ...............                             [ 70%]
testing/cffi1/test_dlopen_unicode_literals.py ...............            [ 71%]
testing/cffi1/test_ffi_obj.py .............................s............ [ 73%]
.                                                                        [ 73%]
testing/cffi1/test_new_ffi_1.py ........................................ [ 75%]
.........................................s...s.......................... [ 78%]
...........                                                              [ 79%]
testing/cffi1/test_parse_c_type.py ..................                    [ 80%]
testing/cffi1/test_pkgconfig.py ...                                      [ 80%]
testing/cffi1/test_re_python.py .....................                    [ 81%]
testing/cffi1/test_realize_c_type.py .........                           [ 81%]
testing/cffi1/test_recompiler.py ....................................... [ 83%]
.......F..............F...s...F......................................... [ 87%]
.......................s.............................                    [ 90%]
testing/cffi1/test_unicode_literals.py .......                           [ 90%]
testing/cffi1/test_verify1.py .............................s............ [ 92%]
..............................................................s.....xxx. [ 96%]
...x......................s...s....s...s.ss                              [ 98%]
testing/cffi1/test_zdist.py .......................                      [ 99%]
testing/embedding/test_basic.py ....                                     [ 99%]
testing/embedding/test_performance.py .....                              [ 99%]
testing/embedding/test_recursive.py .                                    [ 99%]
testing/embedding/test_thread.py ....                                    [ 99%]
testing/embedding/test_tlocal.py .                                       [100%]

=================================== FAILURES ===================================
________________ test_verify_anonymous_struct_with_star_typedef ________________

self = <distutils.unixccompiler.UnixCCompiler object at 0x7fe7b9aed700>
obj = './_CFFI_test_verify_anonymous_struct_with_star_typedef.o'
src = '_CFFI_test_verify_anonymous_struct_with_star_typedef.cpp', ext = '.cpp'
cc_args = ['-UNDEBUG', '-I/usr/include/python3.8', '-c'], extra_postargs = []
pp_opts = ['-UNDEBUG', '-I/usr/include/python3.8']

    def _compile(self, obj, src, ext, cc_args, extra_postargs, pp_opts):
        compiler_so = self.compiler_so
        if sys.platform == 'darwin':
            compiler_so = _osx_support.compiler_fixup(compiler_so,
                                                    cc_args + extra_postargs)
        try:
>           self.spawn(compiler_so + cc_args + [src, '-o', obj] +
                       extra_postargs)

/usr/lib/python3.8/distutils/unixccompiler.py:117: 
_ _ _ _ _ _ _ _ _ _ _ _ _ _ _ _ _ _ _ _ _ _ _ _ _ _ _ _ _ _ _ _ _ _ _ _ _ _ _ _ 

self = <distutils.unixccompiler.UnixCCompiler object at 0x7fe7b9aed700>
cmd = ['x86_64-linux-gnu-gcc', '-pthread', '-Wno-unused-result', '-Wsign-compare', '-DNDEBUG', '-g', ...]

    def spawn(self, cmd):
>       spawn(cmd, dry_run=self.dry_run)

/usr/lib/python3.8/distutils/ccompiler.py:910: 
_ _ _ _ _ _ _ _ _ _ _ _ _ _ _ _ _ _ _ _ _ _ _ _ _ _ _ _ _ _ _ _ _ _ _ _ _ _ _ _ 

cmd = ['x86_64-linux-gnu-gcc', '-pthread', '-Wno-unused-result', '-Wsign-compare', '-DNDEBUG', '-g', ...]
search_path = 1, verbose = 0, dry_run = 0

    def spawn(cmd, search_path=1, verbose=0, dry_run=0):
        """Run another program, specified as a command list 'cmd', in a new process.
    
        'cmd' is just the argument list for the new process, ie.
        cmd[0] is the program to run and cmd[1:] are the rest of its arguments.
        There is no way to run a program with a name different from that of its
        executable.
    
        If 'search_path' is true (the default), the system's executable
        search path will be used to find the program; otherwise, cmd[0]
        must be the exact path to the executable.  If 'dry_run' is true,
        the command will not actually be run.
    
        Raise DistutilsExecError if running the program fails in any way; just
        return on success.
        """
        # cmd is documented as a list, but just in case some code passes a tuple
        # in, protect our %-formatting code against horrible death
        cmd = list(cmd)
        if os.name == 'posix':
>           _spawn_posix(cmd, search_path, dry_run=dry_run)

/usr/lib/python3.8/distutils/spawn.py:36: 
_ _ _ _ _ _ _ _ _ _ _ _ _ _ _ _ _ _ _ _ _ _ _ _ _ _ _ _ _ _ _ _ _ _ _ _ _ _ _ _ 

cmd = 'x86_64-linux-gnu-gcc', search_path = 1, verbose = 0, dry_run = 0

    def _spawn_posix(cmd, search_path=1, verbose=0, dry_run=0):
        log.info(' '.join(cmd))
        if dry_run:
            return
        executable = cmd[0]
        exec_fn = search_path and os.execvp or os.execv
        env = None
        if sys.platform == 'darwin':
            global _cfg_target, _cfg_target_split
            if _cfg_target is None:
                from distutils import sysconfig
                _cfg_target = sysconfig.get_config_var(
                                      'MACOSX_DEPLOYMENT_TARGET') or ''
                if _cfg_target:
                    _cfg_target_split = [int(x) for x in _cfg_target.split('.')]
            if _cfg_target:
                # ensure that the deployment target of build process is not less
                # than that used when the interpreter was built. This ensures
                # extension modules are built with correct compatibility values
                cur_target = os.environ.get('MACOSX_DEPLOYMENT_TARGET', _cfg_target)
                if _cfg_target_split > [int(x) for x in cur_target.split('.')]:
                    my_msg = ('$MACOSX_DEPLOYMENT_TARGET mismatch: '
                              'now "%s" but "%s" during configure'
                                    % (cur_target, _cfg_target))
                    raise DistutilsPlatformError(my_msg)
                env = dict(os.environ,
                           MACOSX_DEPLOYMENT_TARGET=cur_target)
                exec_fn = search_path and os.execvpe or os.execve
        pid = os.fork()
        if pid == 0: # in the child
            try:
                if env is None:
                    exec_fn(executable, cmd)
                else:
                    exec_fn(executable, cmd, env)
            except OSError as e:
                if not DEBUG:
                    cmd = executable
                sys.stderr.write("unable to execute %r: %s\n"
                                 % (cmd, e.strerror))
                os._exit(1)
    
            if not DEBUG:
                cmd = executable
            sys.stderr.write("unable to execute %r for unknown reasons" % cmd)
            os._exit(1)
        else: # in the parent
            # Loop until the child either exits or is terminated by a signal
            # (ie. keep waiting if it's merely stopped)
            while True:
                try:
                    pid, status = os.waitpid(pid, 0)
                except OSError as exc:
                    if not DEBUG:
                        cmd = executable
                    raise DistutilsExecError(
                          "command %r failed: %s" % (cmd, exc.args[-1]))
                if os.WIFSIGNALED(status):
                    if not DEBUG:
                        cmd = executable
                    raise DistutilsExecError(
                          "command %r terminated by signal %d"
                          % (cmd, os.WTERMSIG(status)))
                elif os.WIFEXITED(status):
                    exit_status = os.WEXITSTATUS(status)
                    if exit_status == 0:
                        return   # hey, it succeeded!
                    else:
                        if not DEBUG:
                            cmd = executable
>                       raise DistutilsExecError(
                              "command %r failed with exit status %d"
E                             distutils.errors.DistutilsExecError: command 'x86_64-linux-gnu-gcc' failed with exit status 1

/usr/lib/python3.8/distutils/spawn.py:157: DistutilsExecError

During handling of the above exception, another exception occurred:

tmpdir = '.'
ext = <setuptools.extension.Extension('_CFFI_test_verify_anonymous_struct_with_star_typedef') at 0x7fe7b9b02550>
compiler_verbose = 1, debug = 0

    def _build(tmpdir, ext, compiler_verbose=0, debug=None):
        # XXX compact but horrible :-(
        from distutils.core import Distribution
        import distutils.errors, distutils.log
        #
        dist = Distribution({'ext_modules': [ext]})
        dist.parse_config_files()
        options = dist.get_option_dict('build_ext')
        if debug is None:
            debug = sys.flags.debug
        options['debug'] = ('ffiplatform', debug)
        options['force'] = ('ffiplatform', True)
        options['build_lib'] = ('ffiplatform', tmpdir)
        options['build_temp'] = ('ffiplatform', tmpdir)
        #
        try:
            old_level = distutils.log.set_threshold(0) or 0
            try:
                distutils.log.set_verbosity(compiler_verbose)
>               dist.run_command('build_ext')

cffi/ffiplatform.py:51: 
_ _ _ _ _ _ _ _ _ _ _ _ _ _ _ _ _ _ _ _ _ _ _ _ _ _ _ _ _ _ _ _ _ _ _ _ _ _ _ _ 

self = <setuptools.dist.Distribution object at 0x7fe7b9b02d60>
command = 'build_ext'

    def run_command(self, command):
        """Do whatever it takes to run a command (including nothing at all,
        if the command has already been run).  Specifically: if we have
        already created and run the command named by 'command', return
        silently without doing anything.  If the command named by 'command'
        doesn't even have a command object yet, create one.  Then invoke
        'run()' on that command object (or an existing one).
        """
        # Already been here, done that? then return silently.
        if self.have_run.get(command):
            return
    
        log.info("running %s", command)
        cmd_obj = self.get_command_obj(command)
        cmd_obj.ensure_finalized()
>       cmd_obj.run()

/usr/lib/python3.8/distutils/dist.py:985: 
_ _ _ _ _ _ _ _ _ _ _ _ _ _ _ _ _ _ _ _ _ _ _ _ _ _ _ _ _ _ _ _ _ _ _ _ _ _ _ _ 

self = <setuptools.command.build_ext.build_ext object at 0x7fe7b9aed400>

    def run(self):
        """Build extensions in build directory, then copy if --inplace"""
        old_inplace, self.inplace = self.inplace, 0
>       _build_ext.run(self)

/usr/lib/python3/dist-packages/setuptools/command/build_ext.py:87: 
_ _ _ _ _ _ _ _ _ _ _ _ _ _ _ _ _ _ _ _ _ _ _ _ _ _ _ _ _ _ _ _ _ _ _ _ _ _ _ _ 

self = <setuptools.command.build_ext.build_ext object at 0x7fe7b9aed400>

    def run(self):
        from distutils.ccompiler import new_compiler
    
        # 'self.extensions', as supplied by setup.py, is a list of
        # Extension instances.  See the documentation for Extension (in
        # distutils.extension) for details.
        #
        # For backwards compatibility with Distutils 0.8.2 and earlier, we
        # also allow the 'extensions' list to be a list of tuples:
        #    (ext_name, build_info)
        # where build_info is a dictionary containing everything that
        # Extension instances do except the name, with a few things being
        # differently named.  We convert these 2-tuples to Extension
        # instances as needed.
    
        if not self.extensions:
            return
    
        # If we were asked to build any C/C++ libraries, make sure that the
        # directory where we put them is in the library search path for
        # linking extensions.
        if self.distribution.has_c_libraries():
            build_clib = self.get_finalized_command('build_clib')
            self.libraries.extend(build_clib.get_library_names() or [])
            self.library_dirs.append(build_clib.build_clib)
    
        # Setup the CCompiler object that we'll use to do all the
        # compiling and linking
        self.compiler = new_compiler(compiler=self.compiler,
                                     verbose=self.verbose,
                                     dry_run=self.dry_run,
                                     force=self.force)
        customize_compiler(self.compiler)
        # If we are cross-compiling, init the compiler now (if we are not
        # cross-compiling, init would not hurt, but people may rely on
        # late initialization of compiler even if they shouldn't...)
        if os.name == 'nt' and self.plat_name != get_platform():
            self.compiler.initialize(self.plat_name)
    
        # And make sure that any compile/link-related options (which might
        # come from the command-line or from the setup script) are set in
        # that CCompiler object -- that way, they automatically apply to
        # all compiling and linking done here.
        if self.include_dirs is not None:
            self.compiler.set_include_dirs(self.include_dirs)
        if self.define is not None:
            # 'define' option is a list of (name,value) tuples
            for (name, value) in self.define:
                self.compiler.define_macro(name, value)
        if self.undef is not None:
            for macro in self.undef:
                self.compiler.undefine_macro(macro)
        if self.libraries is not None:
            self.compiler.set_libraries(self.libraries)
        if self.library_dirs is not None:
            self.compiler.set_library_dirs(self.library_dirs)
        if self.rpath is not None:
            self.compiler.set_runtime_library_dirs(self.rpath)
        if self.link_objects is not None:
            self.compiler.set_link_objects(self.link_objects)
    
        # Now actually compile and link everything.
>       self.build_extensions()

/usr/lib/python3.8/distutils/command/build_ext.py:340: 
_ _ _ _ _ _ _ _ _ _ _ _ _ _ _ _ _ _ _ _ _ _ _ _ _ _ _ _ _ _ _ _ _ _ _ _ _ _ _ _ 

self = <setuptools.command.build_ext.build_ext object at 0x7fe7b9aed400>

    def build_extensions(self):
        # First, sanity-check the 'extensions' list
        self.check_extensions_list(self.extensions)
        if self.parallel:
            self._build_extensions_parallel()
        else:
>           self._build_extensions_serial()

/usr/lib/python3.8/distutils/command/build_ext.py:449: 
_ _ _ _ _ _ _ _ _ _ _ _ _ _ _ _ _ _ _ _ _ _ _ _ _ _ _ _ _ _ _ _ _ _ _ _ _ _ _ _ 

self = <setuptools.command.build_ext.build_ext object at 0x7fe7b9aed400>

    def _build_extensions_serial(self):
        for ext in self.extensions:
            with self._filter_build_errors(ext):
>               self.build_extension(ext)

/usr/lib/python3.8/distutils/command/build_ext.py:474: 
_ _ _ _ _ _ _ _ _ _ _ _ _ _ _ _ _ _ _ _ _ _ _ _ _ _ _ _ _ _ _ _ _ _ _ _ _ _ _ _ 

self = <setuptools.command.build_ext.build_ext object at 0x7fe7b9aed400>
ext = <setuptools.extension.Extension('_CFFI_test_verify_anonymous_struct_with_star_typedef') at 0x7fe7b9b02550>

    def build_extension(self, ext):
        ext._convert_pyx_sources_to_lang()
        _compiler = self.compiler
        try:
            if isinstance(ext, Library):
                self.compiler = self.shlib_compiler
>           _build_ext.build_extension(self, ext)

/usr/lib/python3/dist-packages/setuptools/command/build_ext.py:208: 
_ _ _ _ _ _ _ _ _ _ _ _ _ _ _ _ _ _ _ _ _ _ _ _ _ _ _ _ _ _ _ _ _ _ _ _ _ _ _ _ 

self = <setuptools.command.build_ext.build_ext object at 0x7fe7b9aed400>
ext = <setuptools.extension.Extension('_CFFI_test_verify_anonymous_struct_with_star_typedef') at 0x7fe7b9b02550>

    def build_extension(self, ext):
        sources = ext.sources
        if sources is None or not isinstance(sources, (list, tuple)):
            raise DistutilsSetupError(
                  "in 'ext_modules' option (extension '%s'), "
                  "'sources' must be present and must be "
                  "a list of source filenames" % ext.name)
        sources = list(sources)
    
        ext_path = self.get_ext_fullpath(ext.name)
        depends = sources + ext.depends
        if not (self.force or newer_group(depends, ext_path, 'newer')):
            log.debug("skipping '%s' extension (up-to-date)", ext.name)
            return
        else:
            log.info("building '%s' extension", ext.name)
    
        # First, scan the sources for SWIG definition files (.i), run
        # SWIG on 'em to create .c files, and modify the sources list
        # accordingly.
        sources = self.swig_sources(sources, ext)
    
        # Next, compile the source code to object files.
    
        # XXX not honouring 'define_macros' or 'undef_macros' -- the
        # CCompiler API needs to change to accommodate this, and I
        # want to do one thing at a time!
    
        # Two possible sources for extra compiler arguments:
        #   - 'extra_compile_args' in Extension object
        #   - CFLAGS environment variable (not particularly
        #     elegant, but people seem to expect it and I
        #     guess it's useful)
        # The environment variable should take precedence, and
        # any sensible compiler will give precedence to later
        # command line args.  Hence we combine them in order:
        extra_args = ext.extra_compile_args or []
    
        macros = ext.define_macros[:]
        for undef in ext.undef_macros:
            macros.append((undef,))
    
>       objects = self.compiler.compile(sources,
                                         output_dir=self.build_temp,
                                         macros=macros,
                                         include_dirs=ext.include_dirs,
                                         debug=self.debug,
                                         extra_postargs=extra_args,
                                         depends=ext.depends)

/usr/lib/python3.8/distutils/command/build_ext.py:528: 
_ _ _ _ _ _ _ _ _ _ _ _ _ _ _ _ _ _ _ _ _ _ _ _ _ _ _ _ _ _ _ _ _ _ _ _ _ _ _ _ 

self = <distutils.unixccompiler.UnixCCompiler object at 0x7fe7b9aed700>
sources = ['_CFFI_test_verify_anonymous_struct_with_star_typedef.cpp']
output_dir = '.', macros = [('NDEBUG',)], include_dirs = [], debug = 0
extra_preargs = None, extra_postargs = [], depends = []

    def compile(self, sources, output_dir=None, macros=None,
                include_dirs=None, debug=0, extra_preargs=None,
                extra_postargs=None, depends=None):
        """Compile one or more source files.
    
        'sources' must be a list of filenames, most likely C/C++
        files, but in reality anything that can be handled by a
        particular compiler and compiler class (eg. MSVCCompiler can
        handle resource files in 'sources').  Return a list of object
        filenames, one per source filename in 'sources'.  Depending on
        the implementation, not all source files will necessarily be
        compiled, but all corresponding object filenames will be
        returned.
    
        If 'output_dir' is given, object files will be put under it, while
        retaining their original path component.  That is, "foo/bar.c"
        normally compiles to "foo/bar.o" (for a Unix implementation); if
        'output_dir' is "build", then it would compile to
        "build/foo/bar.o".
    
        'macros', if given, must be a list of macro definitions.  A macro
        definition is either a (name, value) 2-tuple or a (name,) 1-tuple.
        The former defines a macro; if the value is None, the macro is
        defined without an explicit value.  The 1-tuple case undefines a
        macro.  Later definitions/redefinitions/ undefinitions take
        precedence.
    
        'include_dirs', if given, must be a list of strings, the
        directories to add to the default include file search path for this
        compilation only.
    
        'debug' is a boolean; if true, the compiler will be instructed to
        output debug symbols in (or alongside) the object file(s).
    
        'extra_preargs' and 'extra_postargs' are implementation- dependent.
        On platforms that have the notion of a command-line (e.g. Unix,
        DOS/Windows), they are most likely lists of strings: extra
        command-line arguments to prepend/append to the compiler command
        line.  On other platforms, consult the implementation class
        documentation.  In any event, they are intended as an escape hatch
        for those occasions when the abstract compiler framework doesn't
        cut the mustard.
    
        'depends', if given, is a list of filenames that all targets
        depend on.  If a source file is older than any file in
        depends, then the source file will be recompiled.  This
        supports dependency tracking, but only at a coarse
        granularity.
    
        Raises CompileError on failure.
        """
        # A concrete compiler class can either override this method
        # entirely or implement _compile().
        macros, objects, extra_postargs, pp_opts, build = \
                self._setup_compile(output_dir, macros, include_dirs, sources,
                                    depends, extra_postargs)
        cc_args = self._get_cc_args(pp_opts, debug, extra_preargs)
    
        for obj in objects:
            try:
                src, ext = build[obj]
            except KeyError:
                continue
>           self._compile(obj, src, ext, cc_args, extra_postargs, pp_opts)

/usr/lib/python3.8/distutils/ccompiler.py:574: 
_ _ _ _ _ _ _ _ _ _ _ _ _ _ _ _ _ _ _ _ _ _ _ _ _ _ _ _ _ _ _ _ _ _ _ _ _ _ _ _ 

self = <distutils.unixccompiler.UnixCCompiler object at 0x7fe7b9aed700>
obj = './_CFFI_test_verify_anonymous_struct_with_star_typedef.o'
src = '_CFFI_test_verify_anonymous_struct_with_star_typedef.cpp', ext = '.cpp'
cc_args = ['-UNDEBUG', '-I/usr/include/python3.8', '-c'], extra_postargs = []
pp_opts = ['-UNDEBUG', '-I/usr/include/python3.8']

    def _compile(self, obj, src, ext, cc_args, extra_postargs, pp_opts):
        compiler_so = self.compiler_so
        if sys.platform == 'darwin':
            compiler_so = _osx_support.compiler_fixup(compiler_so,
                                                    cc_args + extra_postargs)
        try:
            self.spawn(compiler_so + cc_args + [src, '-o', obj] +
                       extra_postargs)
        except DistutilsExecError as msg:
>           raise CompileError(msg)
E           distutils.errors.CompileError: command 'x86_64-linux-gnu-gcc' failed with exit status 1

/usr/lib/python3.8/distutils/unixccompiler.py:120: CompileError

During handling of the above exception, another exception occurred:

    def test_verify_anonymous_struct_with_star_typedef():
        ffi = FFI()
        ffi.cdef("typedef struct { int a; long b; } *foo_t;")
>       verify(ffi, 'test_verify_anonymous_struct_with_star_typedef',
               "typedef struct { int a; long b; } *foo_t;")

testing/cffi1/test_recompiler.py:491: 
_ _ _ _ _ _ _ _ _ _ _ _ _ _ _ _ _ _ _ _ _ _ _ _ _ _ _ _ _ _ _ _ _ _ _ _ _ _ _ _ 
testing/cffi1/test_recompiler.py:41: in verify
    return _verify(ffi, module_name, source, *args, **kwds)
testing/support.py:76: in _verify
    outputfilename = recompile(ffi, module_name, preamble, *args, **kwds)
cffi/recompiler.py:1535: in recompile
    outputfilename = ffiplatform.compile('.', ext,
cffi/ffiplatform.py:22: in compile
    outputfilename = _build(tmpdir, ext, compiler_verbose, debug)
_ _ _ _ _ _ _ _ _ _ _ _ _ _ _ _ _ _ _ _ _ _ _ _ _ _ _ _ _ _ _ _ _ _ _ _ _ _ _ _ 

tmpdir = '.'
ext = <setuptools.extension.Extension('_CFFI_test_verify_anonymous_struct_with_star_typedef') at 0x7fe7b9b02550>
compiler_verbose = 1, debug = 0

    def _build(tmpdir, ext, compiler_verbose=0, debug=None):
        # XXX compact but horrible :-(
        from distutils.core import Distribution
        import distutils.errors, distutils.log
        #
        dist = Distribution({'ext_modules': [ext]})
        dist.parse_config_files()
        options = dist.get_option_dict('build_ext')
        if debug is None:
            debug = sys.flags.debug
        options['debug'] = ('ffiplatform', debug)
        options['force'] = ('ffiplatform', True)
        options['build_lib'] = ('ffiplatform', tmpdir)
        options['build_temp'] = ('ffiplatform', tmpdir)
        #
        try:
            old_level = distutils.log.set_threshold(0) or 0
            try:
                distutils.log.set_verbosity(compiler_verbose)
                dist.run_command('build_ext')
                cmd_obj = dist.get_command_obj('build_ext')
                [soname] = cmd_obj.get_outputs()
            finally:
                distutils.log.set_threshold(old_level)
        except (distutils.errors.CompileError,
                distutils.errors.LinkError) as e:
>           raise VerificationError('%s: %s' % (e.__class__.__name__, e))
E           cffi.VerificationError: CompileError: command 'x86_64-linux-gnu-gcc' failed with exit status 1

cffi/ffiplatform.py:58: VerificationError
----------------------------- Captured stdout call -----------------------------
generating /tmp/ffi-0/_CFFI_test_verify_anonymous_struct_with_star_typedef.cpp
setting the current directory to '/tmp/ffi-0'
running build_ext
building '_CFFI_test_verify_anonymous_struct_with_star_typedef' extension
x86_64-linux-gnu-gcc -pthread -Wno-unused-result -Wsign-compare -DNDEBUG -g -fwrapv -O2 -Wall -g -fstack-protector-strong -Wformat -Werror=format-security -g -fwrapv -O2 -g -O2 -fdebug-prefix-map=/<<PKGBUILDDIR>>=. -fstack-protector-strong -Wformat -Werror=format-security -Wdate-time -D_FORTIFY_SOURCE=2 -fPIC -UNDEBUG -I/usr/include/python3.8 -c _CFFI_test_verify_anonymous_struct_with_star_typedef.cpp -o ./_CFFI_test_verify_anonymous_struct_with_star_typedef.o
----------------------------- Captured stderr call -----------------------------
_CFFI_test_verify_anonymous_struct_with_star_typedef.cpp:554:10: error: non-constant-expression cannot be narrowed from type 'long' to 'size_t' (aka 'unsigned long') in initializer list [-Wc++11-narrowing]
  { "a", ((char *)&((foo_t)0)->a) - (char *)0,
         ^~~~~~~~~~~~~~~~~~~~~~~~~~~~~~~~~~~~
_CFFI_test_verify_anonymous_struct_with_star_typedef.cpp:554:10: note: insert an explicit cast to silence this issue
  { "a", ((char *)&((foo_t)0)->a) - (char *)0,
         ^~~~~~~~~~~~~~~~~~~~~~~~~~~~~~~~~~~~
         static_cast<size_t>(                )
_CFFI_test_verify_anonymous_struct_with_star_typedef.cpp:557:10: error: non-constant-expression cannot be narrowed from type 'long' to 'size_t' (aka 'unsigned long') in initializer list [-Wc++11-narrowing]
  { "b", ((char *)&((foo_t)0)->b) - (char *)0,
         ^~~~~~~~~~~~~~~~~~~~~~~~~~~~~~~~~~~~
_CFFI_test_verify_anonymous_struct_with_star_typedef.cpp:557:10: note: insert an explicit cast to silence this issue
  { "b", ((char *)&((foo_t)0)->b) - (char *)0,
         ^~~~~~~~~~~~~~~~~~~~~~~~~~~~~~~~~~~~
         static_cast<size_t>(                )
2 errors generated.
________________________________ test_include_5 ________________________________

self = <distutils.unixccompiler.UnixCCompiler object at 0x7fe7b9bb27c0>
obj = './_CFFI_test_include_5_parent.o', src = '_CFFI_test_include_5_parent.cpp'
ext = '.cpp', cc_args = ['-UNDEBUG', '-I/usr/include/python3.8', '-c']
extra_postargs = [], pp_opts = ['-UNDEBUG', '-I/usr/include/python3.8']

    def _compile(self, obj, src, ext, cc_args, extra_postargs, pp_opts):
        compiler_so = self.compiler_so
        if sys.platform == 'darwin':
            compiler_so = _osx_support.compiler_fixup(compiler_so,
                                                    cc_args + extra_postargs)
        try:
>           self.spawn(compiler_so + cc_args + [src, '-o', obj] +
                       extra_postargs)

/usr/lib/python3.8/distutils/unixccompiler.py:117: 
_ _ _ _ _ _ _ _ _ _ _ _ _ _ _ _ _ _ _ _ _ _ _ _ _ _ _ _ _ _ _ _ _ _ _ _ _ _ _ _ 

self = <distutils.unixccompiler.UnixCCompiler object at 0x7fe7b9bb27c0>
cmd = ['x86_64-linux-gnu-gcc', '-pthread', '-Wno-unused-result', '-Wsign-compare', '-DNDEBUG', '-g', ...]

    def spawn(self, cmd):
>       spawn(cmd, dry_run=self.dry_run)

/usr/lib/python3.8/distutils/ccompiler.py:910: 
_ _ _ _ _ _ _ _ _ _ _ _ _ _ _ _ _ _ _ _ _ _ _ _ _ _ _ _ _ _ _ _ _ _ _ _ _ _ _ _ 

cmd = ['x86_64-linux-gnu-gcc', '-pthread', '-Wno-unused-result', '-Wsign-compare', '-DNDEBUG', '-g', ...]
search_path = 1, verbose = 0, dry_run = 0

    def spawn(cmd, search_path=1, verbose=0, dry_run=0):
        """Run another program, specified as a command list 'cmd', in a new process.
    
        'cmd' is just the argument list for the new process, ie.
        cmd[0] is the program to run and cmd[1:] are the rest of its arguments.
        There is no way to run a program with a name different from that of its
        executable.
    
        If 'search_path' is true (the default), the system's executable
        search path will be used to find the program; otherwise, cmd[0]
        must be the exact path to the executable.  If 'dry_run' is true,
        the command will not actually be run.
    
        Raise DistutilsExecError if running the program fails in any way; just
        return on success.
        """
        # cmd is documented as a list, but just in case some code passes a tuple
        # in, protect our %-formatting code against horrible death
        cmd = list(cmd)
        if os.name == 'posix':
>           _spawn_posix(cmd, search_path, dry_run=dry_run)

/usr/lib/python3.8/distutils/spawn.py:36: 
_ _ _ _ _ _ _ _ _ _ _ _ _ _ _ _ _ _ _ _ _ _ _ _ _ _ _ _ _ _ _ _ _ _ _ _ _ _ _ _ 

cmd = 'x86_64-linux-gnu-gcc', search_path = 1, verbose = 0, dry_run = 0

    def _spawn_posix(cmd, search_path=1, verbose=0, dry_run=0):
        log.info(' '.join(cmd))
        if dry_run:
            return
        executable = cmd[0]
        exec_fn = search_path and os.execvp or os.execv
        env = None
        if sys.platform == 'darwin':
            global _cfg_target, _cfg_target_split
            if _cfg_target is None:
                from distutils import sysconfig
                _cfg_target = sysconfig.get_config_var(
                                      'MACOSX_DEPLOYMENT_TARGET') or ''
                if _cfg_target:
                    _cfg_target_split = [int(x) for x in _cfg_target.split('.')]
            if _cfg_target:
                # ensure that the deployment target of build process is not less
                # than that used when the interpreter was built. This ensures
                # extension modules are built with correct compatibility values
                cur_target = os.environ.get('MACOSX_DEPLOYMENT_TARGET', _cfg_target)
                if _cfg_target_split > [int(x) for x in cur_target.split('.')]:
                    my_msg = ('$MACOSX_DEPLOYMENT_TARGET mismatch: '
                              'now "%s" but "%s" during configure'
                                    % (cur_target, _cfg_target))
                    raise DistutilsPlatformError(my_msg)
                env = dict(os.environ,
                           MACOSX_DEPLOYMENT_TARGET=cur_target)
                exec_fn = search_path and os.execvpe or os.execve
        pid = os.fork()
        if pid == 0: # in the child
            try:
                if env is None:
                    exec_fn(executable, cmd)
                else:
                    exec_fn(executable, cmd, env)
            except OSError as e:
                if not DEBUG:
                    cmd = executable
                sys.stderr.write("unable to execute %r: %s\n"
                                 % (cmd, e.strerror))
                os._exit(1)
    
            if not DEBUG:
                cmd = executable
            sys.stderr.write("unable to execute %r for unknown reasons" % cmd)
            os._exit(1)
        else: # in the parent
            # Loop until the child either exits or is terminated by a signal
            # (ie. keep waiting if it's merely stopped)
            while True:
                try:
                    pid, status = os.waitpid(pid, 0)
                except OSError as exc:
                    if not DEBUG:
                        cmd = executable
                    raise DistutilsExecError(
                          "command %r failed: %s" % (cmd, exc.args[-1]))
                if os.WIFSIGNALED(status):
                    if not DEBUG:
                        cmd = executable
                    raise DistutilsExecError(
                          "command %r terminated by signal %d"
                          % (cmd, os.WTERMSIG(status)))
                elif os.WIFEXITED(status):
                    exit_status = os.WEXITSTATUS(status)
                    if exit_status == 0:
                        return   # hey, it succeeded!
                    else:
                        if not DEBUG:
                            cmd = executable
>                       raise DistutilsExecError(
                              "command %r failed with exit status %d"
E                             distutils.errors.DistutilsExecError: command 'x86_64-linux-gnu-gcc' failed with exit status 1

/usr/lib/python3.8/distutils/spawn.py:157: DistutilsExecError

During handling of the above exception, another exception occurred:

tmpdir = '.'
ext = <setuptools.extension.Extension('_CFFI_test_include_5_parent') at 0x7fe7bb0531c0>
compiler_verbose = 1, debug = 0

    def _build(tmpdir, ext, compiler_verbose=0, debug=None):
        # XXX compact but horrible :-(
        from distutils.core import Distribution
        import distutils.errors, distutils.log
        #
        dist = Distribution({'ext_modules': [ext]})
        dist.parse_config_files()
        options = dist.get_option_dict('build_ext')
        if debug is None:
            debug = sys.flags.debug
        options['debug'] = ('ffiplatform', debug)
        options['force'] = ('ffiplatform', True)
        options['build_lib'] = ('ffiplatform', tmpdir)
        options['build_temp'] = ('ffiplatform', tmpdir)
        #
        try:
            old_level = distutils.log.set_threshold(0) or 0
            try:
                distutils.log.set_verbosity(compiler_verbose)
>               dist.run_command('build_ext')

cffi/ffiplatform.py:51: 
_ _ _ _ _ _ _ _ _ _ _ _ _ _ _ _ _ _ _ _ _ _ _ _ _ _ _ _ _ _ _ _ _ _ _ _ _ _ _ _ 

self = <setuptools.dist.Distribution object at 0x7fe7bb053490>
command = 'build_ext'

    def run_command(self, command):
        """Do whatever it takes to run a command (including nothing at all,
        if the command has already been run).  Specifically: if we have
        already created and run the command named by 'command', return
        silently without doing anything.  If the command named by 'command'
        doesn't even have a command object yet, create one.  Then invoke
        'run()' on that command object (or an existing one).
        """
        # Already been here, done that? then return silently.
        if self.have_run.get(command):
            return
    
        log.info("running %s", command)
        cmd_obj = self.get_command_obj(command)
        cmd_obj.ensure_finalized()
>       cmd_obj.run()

/usr/lib/python3.8/distutils/dist.py:985: 
_ _ _ _ _ _ _ _ _ _ _ _ _ _ _ _ _ _ _ _ _ _ _ _ _ _ _ _ _ _ _ _ _ _ _ _ _ _ _ _ 

self = <setuptools.command.build_ext.build_ext object at 0x7fe7b9bb25e0>

    def run(self):
        """Build extensions in build directory, then copy if --inplace"""
        old_inplace, self.inplace = self.inplace, 0
>       _build_ext.run(self)

/usr/lib/python3/dist-packages/setuptools/command/build_ext.py:87: 
_ _ _ _ _ _ _ _ _ _ _ _ _ _ _ _ _ _ _ _ _ _ _ _ _ _ _ _ _ _ _ _ _ _ _ _ _ _ _ _ 

self = <setuptools.command.build_ext.build_ext object at 0x7fe7b9bb25e0>

    def run(self):
        from distutils.ccompiler import new_compiler
    
        # 'self.extensions', as supplied by setup.py, is a list of
        # Extension instances.  See the documentation for Extension (in
        # distutils.extension) for details.
        #
        # For backwards compatibility with Distutils 0.8.2 and earlier, we
        # also allow the 'extensions' list to be a list of tuples:
        #    (ext_name, build_info)
        # where build_info is a dictionary containing everything that
        # Extension instances do except the name, with a few things being
        # differently named.  We convert these 2-tuples to Extension
        # instances as needed.
    
        if not self.extensions:
            return
    
        # If we were asked to build any C/C++ libraries, make sure that the
        # directory where we put them is in the library search path for
        # linking extensions.
        if self.distribution.has_c_libraries():
            build_clib = self.get_finalized_command('build_clib')
            self.libraries.extend(build_clib.get_library_names() or [])
            self.library_dirs.append(build_clib.build_clib)
    
        # Setup the CCompiler object that we'll use to do all the
        # compiling and linking
        self.compiler = new_compiler(compiler=self.compiler,
                                     verbose=self.verbose,
                                     dry_run=self.dry_run,
                                     force=self.force)
        customize_compiler(self.compiler)
        # If we are cross-compiling, init the compiler now (if we are not
        # cross-compiling, init would not hurt, but people may rely on
        # late initialization of compiler even if they shouldn't...)
        if os.name == 'nt' and self.plat_name != get_platform():
            self.compiler.initialize(self.plat_name)
    
        # And make sure that any compile/link-related options (which might
        # come from the command-line or from the setup script) are set in
        # that CCompiler object -- that way, they automatically apply to
        # all compiling and linking done here.
        if self.include_dirs is not None:
            self.compiler.set_include_dirs(self.include_dirs)
        if self.define is not None:
            # 'define' option is a list of (name,value) tuples
            for (name, value) in self.define:
                self.compiler.define_macro(name, value)
        if self.undef is not None:
            for macro in self.undef:
                self.compiler.undefine_macro(macro)
        if self.libraries is not None:
            self.compiler.set_libraries(self.libraries)
        if self.library_dirs is not None:
            self.compiler.set_library_dirs(self.library_dirs)
        if self.rpath is not None:
            self.compiler.set_runtime_library_dirs(self.rpath)
        if self.link_objects is not None:
            self.compiler.set_link_objects(self.link_objects)
    
        # Now actually compile and link everything.
>       self.build_extensions()

/usr/lib/python3.8/distutils/command/build_ext.py:340: 
_ _ _ _ _ _ _ _ _ _ _ _ _ _ _ _ _ _ _ _ _ _ _ _ _ _ _ _ _ _ _ _ _ _ _ _ _ _ _ _ 

self = <setuptools.command.build_ext.build_ext object at 0x7fe7b9bb25e0>

    def build_extensions(self):
        # First, sanity-check the 'extensions' list
        self.check_extensions_list(self.extensions)
        if self.parallel:
            self._build_extensions_parallel()
        else:
>           self._build_extensions_serial()

/usr/lib/python3.8/distutils/command/build_ext.py:449: 
_ _ _ _ _ _ _ _ _ _ _ _ _ _ _ _ _ _ _ _ _ _ _ _ _ _ _ _ _ _ _ _ _ _ _ _ _ _ _ _ 

self = <setuptools.command.build_ext.build_ext object at 0x7fe7b9bb25e0>

    def _build_extensions_serial(self):
        for ext in self.extensions:
            with self._filter_build_errors(ext):
>               self.build_extension(ext)

/usr/lib/python3.8/distutils/command/build_ext.py:474: 
_ _ _ _ _ _ _ _ _ _ _ _ _ _ _ _ _ _ _ _ _ _ _ _ _ _ _ _ _ _ _ _ _ _ _ _ _ _ _ _ 

self = <setuptools.command.build_ext.build_ext object at 0x7fe7b9bb25e0>
ext = <setuptools.extension.Extension('_CFFI_test_include_5_parent') at 0x7fe7bb0531c0>

    def build_extension(self, ext):
        ext._convert_pyx_sources_to_lang()
        _compiler = self.compiler
        try:
            if isinstance(ext, Library):
                self.compiler = self.shlib_compiler
>           _build_ext.build_extension(self, ext)

/usr/lib/python3/dist-packages/setuptools/command/build_ext.py:208: 
_ _ _ _ _ _ _ _ _ _ _ _ _ _ _ _ _ _ _ _ _ _ _ _ _ _ _ _ _ _ _ _ _ _ _ _ _ _ _ _ 

self = <setuptools.command.build_ext.build_ext object at 0x7fe7b9bb25e0>
ext = <setuptools.extension.Extension('_CFFI_test_include_5_parent') at 0x7fe7bb0531c0>

    def build_extension(self, ext):
        sources = ext.sources
        if sources is None or not isinstance(sources, (list, tuple)):
            raise DistutilsSetupError(
                  "in 'ext_modules' option (extension '%s'), "
                  "'sources' must be present and must be "
                  "a list of source filenames" % ext.name)
        sources = list(sources)
    
        ext_path = self.get_ext_fullpath(ext.name)
        depends = sources + ext.depends
        if not (self.force or newer_group(depends, ext_path, 'newer')):
            log.debug("skipping '%s' extension (up-to-date)", ext.name)
            return
        else:
            log.info("building '%s' extension", ext.name)
    
        # First, scan the sources for SWIG definition files (.i), run
        # SWIG on 'em to create .c files, and modify the sources list
        # accordingly.
        sources = self.swig_sources(sources, ext)
    
        # Next, compile the source code to object files.
    
        # XXX not honouring 'define_macros' or 'undef_macros' -- the
        # CCompiler API needs to change to accommodate this, and I
        # want to do one thing at a time!
    
        # Two possible sources for extra compiler arguments:
        #   - 'extra_compile_args' in Extension object
        #   - CFLAGS environment variable (not particularly
        #     elegant, but people seem to expect it and I
        #     guess it's useful)
        # The environment variable should take precedence, and
        # any sensible compiler will give precedence to later
        # command line args.  Hence we combine them in order:
        extra_args = ext.extra_compile_args or []
    
        macros = ext.define_macros[:]
        for undef in ext.undef_macros:
            macros.append((undef,))
    
>       objects = self.compiler.compile(sources,
                                         output_dir=self.build_temp,
                                         macros=macros,
                                         include_dirs=ext.include_dirs,
                                         debug=self.debug,
                                         extra_postargs=extra_args,
                                         depends=ext.depends)

/usr/lib/python3.8/distutils/command/build_ext.py:528: 
_ _ _ _ _ _ _ _ _ _ _ _ _ _ _ _ _ _ _ _ _ _ _ _ _ _ _ _ _ _ _ _ _ _ _ _ _ _ _ _ 

self = <distutils.unixccompiler.UnixCCompiler object at 0x7fe7b9bb27c0>
sources = ['_CFFI_test_include_5_parent.cpp'], output_dir = '.'
macros = [('NDEBUG',)], include_dirs = [], debug = 0, extra_preargs = None
extra_postargs = [], depends = []

    def compile(self, sources, output_dir=None, macros=None,
                include_dirs=None, debug=0, extra_preargs=None,
                extra_postargs=None, depends=None):
        """Compile one or more source files.
    
        'sources' must be a list of filenames, most likely C/C++
        files, but in reality anything that can be handled by a
        particular compiler and compiler class (eg. MSVCCompiler can
        handle resource files in 'sources').  Return a list of object
        filenames, one per source filename in 'sources'.  Depending on
        the implementation, not all source files will necessarily be
        compiled, but all corresponding object filenames will be
        returned.
    
        If 'output_dir' is given, object files will be put under it, while
        retaining their original path component.  That is, "foo/bar.c"
        normally compiles to "foo/bar.o" (for a Unix implementation); if
        'output_dir' is "build", then it would compile to
        "build/foo/bar.o".
    
        'macros', if given, must be a list of macro definitions.  A macro
        definition is either a (name, value) 2-tuple or a (name,) 1-tuple.
        The former defines a macro; if the value is None, the macro is
        defined without an explicit value.  The 1-tuple case undefines a
        macro.  Later definitions/redefinitions/ undefinitions take
        precedence.
    
        'include_dirs', if given, must be a list of strings, the
        directories to add to the default include file search path for this
        compilation only.
    
        'debug' is a boolean; if true, the compiler will be instructed to
        output debug symbols in (or alongside) the object file(s).
    
        'extra_preargs' and 'extra_postargs' are implementation- dependent.
        On platforms that have the notion of a command-line (e.g. Unix,
        DOS/Windows), they are most likely lists of strings: extra
        command-line arguments to prepend/append to the compiler command
        line.  On other platforms, consult the implementation class
        documentation.  In any event, they are intended as an escape hatch
        for those occasions when the abstract compiler framework doesn't
        cut the mustard.
    
        'depends', if given, is a list of filenames that all targets
        depend on.  If a source file is older than any file in
        depends, then the source file will be recompiled.  This
        supports dependency tracking, but only at a coarse
        granularity.
    
        Raises CompileError on failure.
        """
        # A concrete compiler class can either override this method
        # entirely or implement _compile().
        macros, objects, extra_postargs, pp_opts, build = \
                self._setup_compile(output_dir, macros, include_dirs, sources,
                                    depends, extra_postargs)
        cc_args = self._get_cc_args(pp_opts, debug, extra_preargs)
    
        for obj in objects:
            try:
                src, ext = build[obj]
            except KeyError:
                continue
>           self._compile(obj, src, ext, cc_args, extra_postargs, pp_opts)

/usr/lib/python3.8/distutils/ccompiler.py:574: 
_ _ _ _ _ _ _ _ _ _ _ _ _ _ _ _ _ _ _ _ _ _ _ _ _ _ _ _ _ _ _ _ _ _ _ _ _ _ _ _ 

self = <distutils.unixccompiler.UnixCCompiler object at 0x7fe7b9bb27c0>
obj = './_CFFI_test_include_5_parent.o', src = '_CFFI_test_include_5_parent.cpp'
ext = '.cpp', cc_args = ['-UNDEBUG', '-I/usr/include/python3.8', '-c']
extra_postargs = [], pp_opts = ['-UNDEBUG', '-I/usr/include/python3.8']

    def _compile(self, obj, src, ext, cc_args, extra_postargs, pp_opts):
        compiler_so = self.compiler_so
        if sys.platform == 'darwin':
            compiler_so = _osx_support.compiler_fixup(compiler_so,
                                                    cc_args + extra_postargs)
        try:
            self.spawn(compiler_so + cc_args + [src, '-o', obj] +
                       extra_postargs)
        except DistutilsExecError as msg:
>           raise CompileError(msg)
E           distutils.errors.CompileError: command 'x86_64-linux-gnu-gcc' failed with exit status 1

/usr/lib/python3.8/distutils/unixccompiler.py:120: CompileError

During handling of the above exception, another exception occurred:

    def test_include_5():
        ffi1 = FFI()
        ffi1.cdef("typedef struct { int x[2]; int y; } *mystruct_p;")
>       verify(ffi1, "test_include_5_parent",
               "typedef struct { int x[2]; int y; } *mystruct_p;")

testing/cffi1/test_recompiler.py:675: 
_ _ _ _ _ _ _ _ _ _ _ _ _ _ _ _ _ _ _ _ _ _ _ _ _ _ _ _ _ _ _ _ _ _ _ _ _ _ _ _ 
testing/cffi1/test_recompiler.py:41: in verify
    return _verify(ffi, module_name, source, *args, **kwds)
testing/support.py:76: in _verify
    outputfilename = recompile(ffi, module_name, preamble, *args, **kwds)
cffi/recompiler.py:1535: in recompile
    outputfilename = ffiplatform.compile('.', ext,
cffi/ffiplatform.py:22: in compile
    outputfilename = _build(tmpdir, ext, compiler_verbose, debug)
_ _ _ _ _ _ _ _ _ _ _ _ _ _ _ _ _ _ _ _ _ _ _ _ _ _ _ _ _ _ _ _ _ _ _ _ _ _ _ _ 

tmpdir = '.'
ext = <setuptools.extension.Extension('_CFFI_test_include_5_parent') at 0x7fe7bb0531c0>
compiler_verbose = 1, debug = 0

    def _build(tmpdir, ext, compiler_verbose=0, debug=None):
        # XXX compact but horrible :-(
        from distutils.core import Distribution
        import distutils.errors, distutils.log
        #
        dist = Distribution({'ext_modules': [ext]})
        dist.parse_config_files()
        options = dist.get_option_dict('build_ext')
        if debug is None:
            debug = sys.flags.debug
        options['debug'] = ('ffiplatform', debug)
        options['force'] = ('ffiplatform', True)
        options['build_lib'] = ('ffiplatform', tmpdir)
        options['build_temp'] = ('ffiplatform', tmpdir)
        #
        try:
            old_level = distutils.log.set_threshold(0) or 0
            try:
                distutils.log.set_verbosity(compiler_verbose)
                dist.run_command('build_ext')
                cmd_obj = dist.get_command_obj('build_ext')
                [soname] = cmd_obj.get_outputs()
            finally:
                distutils.log.set_threshold(old_level)
        except (distutils.errors.CompileError,
                distutils.errors.LinkError) as e:
>           raise VerificationError('%s: %s' % (e.__class__.__name__, e))
E           cffi.VerificationError: CompileError: command 'x86_64-linux-gnu-gcc' failed with exit status 1

cffi/ffiplatform.py:58: VerificationError
----------------------------- Captured stdout call -----------------------------
generating /tmp/ffi-0/_CFFI_test_include_5_parent.cpp
setting the current directory to '/tmp/ffi-0'
running build_ext
building '_CFFI_test_include_5_parent' extension
x86_64-linux-gnu-gcc -pthread -Wno-unused-result -Wsign-compare -DNDEBUG -g -fwrapv -O2 -Wall -g -fstack-protector-strong -Wformat -Werror=format-security -g -fwrapv -O2 -g -O2 -fdebug-prefix-map=/<<PKGBUILDDIR>>=. -fstack-protector-strong -Wformat -Werror=format-security -Wdate-time -D_FORTIFY_SOURCE=2 -fPIC -UNDEBUG -I/usr/include/python3.8 -c _CFFI_test_include_5_parent.cpp -o ./_CFFI_test_include_5_parent.o
----------------------------- Captured stderr call -----------------------------
_CFFI_test_include_5_parent.cpp:555:10: error: non-constant-expression cannot be narrowed from type 'long' to 'size_t' (aka 'unsigned long') in initializer list [-Wc++11-narrowing]
  { "x", ((char *)&((mystruct_p)0)->x) - (char *)0,
         ^~~~~~~~~~~~~~~~~~~~~~~~~~~~~~~~~~~~~~~~~
_CFFI_test_include_5_parent.cpp:555:10: note: insert an explicit cast to silence this issue
  { "x", ((char *)&((mystruct_p)0)->x) - (char *)0,
         ^~~~~~~~~~~~~~~~~~~~~~~~~~~~~~~~~~~~~~~~~
         static_cast<size_t>(                     )
_CFFI_test_include_5_parent.cpp:558:10: error: non-constant-expression cannot be narrowed from type 'long' to 'size_t' (aka 'unsigned long') in initializer list [-Wc++11-narrowing]
  { "y", ((char *)&((mystruct_p)0)->y) - (char *)0,
         ^~~~~~~~~~~~~~~~~~~~~~~~~~~~~~~~~~~~~~~~~
_CFFI_test_include_5_parent.cpp:558:10: note: insert an explicit cast to silence this issue
  { "y", ((char *)&((mystruct_p)0)->y) - (char *)0,
         ^~~~~~~~~~~~~~~~~~~~~~~~~~~~~~~~~~~~~~~~~
         static_cast<size_t>(                     )
2 errors generated.
_________________________ test_name_of_unnamed_struct __________________________

self = <distutils.unixccompiler.UnixCCompiler object at 0x7fe7bb4223d0>
obj = './_CFFI_test_name_of_unnamed_struct.o'
src = '_CFFI_test_name_of_unnamed_struct.cpp', ext = '.cpp'
cc_args = ['-UNDEBUG', '-I/usr/include/python3.8', '-c'], extra_postargs = []
pp_opts = ['-UNDEBUG', '-I/usr/include/python3.8']

    def _compile(self, obj, src, ext, cc_args, extra_postargs, pp_opts):
        compiler_so = self.compiler_so
        if sys.platform == 'darwin':
            compiler_so = _osx_support.compiler_fixup(compiler_so,
                                                    cc_args + extra_postargs)
        try:
>           self.spawn(compiler_so + cc_args + [src, '-o', obj] +
                       extra_postargs)

/usr/lib/python3.8/distutils/unixccompiler.py:117: 
_ _ _ _ _ _ _ _ _ _ _ _ _ _ _ _ _ _ _ _ _ _ _ _ _ _ _ _ _ _ _ _ _ _ _ _ _ _ _ _ 

self = <distutils.unixccompiler.UnixCCompiler object at 0x7fe7bb4223d0>
cmd = ['x86_64-linux-gnu-gcc', '-pthread', '-Wno-unused-result', '-Wsign-compare', '-DNDEBUG', '-g', ...]

    def spawn(self, cmd):
>       spawn(cmd, dry_run=self.dry_run)

/usr/lib/python3.8/distutils/ccompiler.py:910: 
_ _ _ _ _ _ _ _ _ _ _ _ _ _ _ _ _ _ _ _ _ _ _ _ _ _ _ _ _ _ _ _ _ _ _ _ _ _ _ _ 

cmd = ['x86_64-linux-gnu-gcc', '-pthread', '-Wno-unused-result', '-Wsign-compare', '-DNDEBUG', '-g', ...]
search_path = 1, verbose = 0, dry_run = 0

    def spawn(cmd, search_path=1, verbose=0, dry_run=0):
        """Run another program, specified as a command list 'cmd', in a new process.
    
        'cmd' is just the argument list for the new process, ie.
        cmd[0] is the program to run and cmd[1:] are the rest of its arguments.
        There is no way to run a program with a name different from that of its
        executable.
    
        If 'search_path' is true (the default), the system's executable
        search path will be used to find the program; otherwise, cmd[0]
        must be the exact path to the executable.  If 'dry_run' is true,
        the command will not actually be run.
    
        Raise DistutilsExecError if running the program fails in any way; just
        return on success.
        """
        # cmd is documented as a list, but just in case some code passes a tuple
        # in, protect our %-formatting code against horrible death
        cmd = list(cmd)
        if os.name == 'posix':
>           _spawn_posix(cmd, search_path, dry_run=dry_run)

/usr/lib/python3.8/distutils/spawn.py:36: 
_ _ _ _ _ _ _ _ _ _ _ _ _ _ _ _ _ _ _ _ _ _ _ _ _ _ _ _ _ _ _ _ _ _ _ _ _ _ _ _ 

cmd = 'x86_64-linux-gnu-gcc', search_path = 1, verbose = 0, dry_run = 0

    def _spawn_posix(cmd, search_path=1, verbose=0, dry_run=0):
        log.info(' '.join(cmd))
        if dry_run:
            return
        executable = cmd[0]
        exec_fn = search_path and os.execvp or os.execv
        env = None
        if sys.platform == 'darwin':
            global _cfg_target, _cfg_target_split
            if _cfg_target is None:
                from distutils import sysconfig
                _cfg_target = sysconfig.get_config_var(
                                      'MACOSX_DEPLOYMENT_TARGET') or ''
                if _cfg_target:
                    _cfg_target_split = [int(x) for x in _cfg_target.split('.')]
            if _cfg_target:
                # ensure that the deployment target of build process is not less
                # than that used when the interpreter was built. This ensures
                # extension modules are built with correct compatibility values
                cur_target = os.environ.get('MACOSX_DEPLOYMENT_TARGET', _cfg_target)
                if _cfg_target_split > [int(x) for x in cur_target.split('.')]:
                    my_msg = ('$MACOSX_DEPLOYMENT_TARGET mismatch: '
                              'now "%s" but "%s" during configure'
                                    % (cur_target, _cfg_target))
                    raise DistutilsPlatformError(my_msg)
                env = dict(os.environ,
                           MACOSX_DEPLOYMENT_TARGET=cur_target)
                exec_fn = search_path and os.execvpe or os.execve
        pid = os.fork()
        if pid == 0: # in the child
            try:
                if env is None:
                    exec_fn(executable, cmd)
                else:
                    exec_fn(executable, cmd, env)
            except OSError as e:
                if not DEBUG:
                    cmd = executable
                sys.stderr.write("unable to execute %r: %s\n"
                                 % (cmd, e.strerror))
                os._exit(1)
    
            if not DEBUG:
                cmd = executable
            sys.stderr.write("unable to execute %r for unknown reasons" % cmd)
            os._exit(1)
        else: # in the parent
            # Loop until the child either exits or is terminated by a signal
            # (ie. keep waiting if it's merely stopped)
            while True:
                try:
                    pid, status = os.waitpid(pid, 0)
                except OSError as exc:
                    if not DEBUG:
                        cmd = executable
                    raise DistutilsExecError(
                          "command %r failed: %s" % (cmd, exc.args[-1]))
                if os.WIFSIGNALED(status):
                    if not DEBUG:
                        cmd = executable
                    raise DistutilsExecError(
                          "command %r terminated by signal %d"
                          % (cmd, os.WTERMSIG(status)))
                elif os.WIFEXITED(status):
                    exit_status = os.WEXITSTATUS(status)
                    if exit_status == 0:
                        return   # hey, it succeeded!
                    else:
                        if not DEBUG:
                            cmd = executable
>                       raise DistutilsExecError(
                              "command %r failed with exit status %d"
E                             distutils.errors.DistutilsExecError: command 'x86_64-linux-gnu-gcc' failed with exit status 1

/usr/lib/python3.8/distutils/spawn.py:157: DistutilsExecError

During handling of the above exception, another exception occurred:

tmpdir = '.'
ext = <setuptools.extension.Extension('_CFFI_test_name_of_unnamed_struct') at 0x7fe7b9d78f40>
compiler_verbose = 1, debug = 0

    def _build(tmpdir, ext, compiler_verbose=0, debug=None):
        # XXX compact but horrible :-(
        from distutils.core import Distribution
        import distutils.errors, distutils.log
        #
        dist = Distribution({'ext_modules': [ext]})
        dist.parse_config_files()
        options = dist.get_option_dict('build_ext')
        if debug is None:
            debug = sys.flags.debug
        options['debug'] = ('ffiplatform', debug)
        options['force'] = ('ffiplatform', True)
        options['build_lib'] = ('ffiplatform', tmpdir)
        options['build_temp'] = ('ffiplatform', tmpdir)
        #
        try:
            old_level = distutils.log.set_threshold(0) or 0
            try:
                distutils.log.set_verbosity(compiler_verbose)
>               dist.run_command('build_ext')

cffi/ffiplatform.py:51: 
_ _ _ _ _ _ _ _ _ _ _ _ _ _ _ _ _ _ _ _ _ _ _ _ _ _ _ _ _ _ _ _ _ _ _ _ _ _ _ _ 

self = <setuptools.dist.Distribution object at 0x7fe7b9d78850>
command = 'build_ext'

    def run_command(self, command):
        """Do whatever it takes to run a command (including nothing at all,
        if the command has already been run).  Specifically: if we have
        already created and run the command named by 'command', return
        silently without doing anything.  If the command named by 'command'
        doesn't even have a command object yet, create one.  Then invoke
        'run()' on that command object (or an existing one).
        """
        # Already been here, done that? then return silently.
        if self.have_run.get(command):
            return
    
        log.info("running %s", command)
        cmd_obj = self.get_command_obj(command)
        cmd_obj.ensure_finalized()
>       cmd_obj.run()

/usr/lib/python3.8/distutils/dist.py:985: 
_ _ _ _ _ _ _ _ _ _ _ _ _ _ _ _ _ _ _ _ _ _ _ _ _ _ _ _ _ _ _ _ _ _ _ _ _ _ _ _ 

self = <setuptools.command.build_ext.build_ext object at 0x7fe7bb422670>

    def run(self):
        """Build extensions in build directory, then copy if --inplace"""
        old_inplace, self.inplace = self.inplace, 0
>       _build_ext.run(self)

/usr/lib/python3/dist-packages/setuptools/command/build_ext.py:87: 
_ _ _ _ _ _ _ _ _ _ _ _ _ _ _ _ _ _ _ _ _ _ _ _ _ _ _ _ _ _ _ _ _ _ _ _ _ _ _ _ 

self = <setuptools.command.build_ext.build_ext object at 0x7fe7bb422670>

    def run(self):
        from distutils.ccompiler import new_compiler
    
        # 'self.extensions', as supplied by setup.py, is a list of
        # Extension instances.  See the documentation for Extension (in
        # distutils.extension) for details.
        #
        # For backwards compatibility with Distutils 0.8.2 and earlier, we
        # also allow the 'extensions' list to be a list of tuples:
        #    (ext_name, build_info)
        # where build_info is a dictionary containing everything that
        # Extension instances do except the name, with a few things being
        # differently named.  We convert these 2-tuples to Extension
        # instances as needed.
    
        if not self.extensions:
            return
    
        # If we were asked to build any C/C++ libraries, make sure that the
        # directory where we put them is in the library search path for
        # linking extensions.
        if self.distribution.has_c_libraries():
            build_clib = self.get_finalized_command('build_clib')
            self.libraries.extend(build_clib.get_library_names() or [])
            self.library_dirs.append(build_clib.build_clib)
    
        # Setup the CCompiler object that we'll use to do all the
        # compiling and linking
        self.compiler = new_compiler(compiler=self.compiler,
                                     verbose=self.verbose,
                                     dry_run=self.dry_run,
                                     force=self.force)
        customize_compiler(self.compiler)
        # If we are cross-compiling, init the compiler now (if we are not
        # cross-compiling, init would not hurt, but people may rely on
        # late initialization of compiler even if they shouldn't...)
        if os.name == 'nt' and self.plat_name != get_platform():
            self.compiler.initialize(self.plat_name)
    
        # And make sure that any compile/link-related options (which might
        # come from the command-line or from the setup script) are set in
        # that CCompiler object -- that way, they automatically apply to
        # all compiling and linking done here.
        if self.include_dirs is not None:
            self.compiler.set_include_dirs(self.include_dirs)
        if self.define is not None:
            # 'define' option is a list of (name,value) tuples
            for (name, value) in self.define:
                self.compiler.define_macro(name, value)
        if self.undef is not None:
            for macro in self.undef:
                self.compiler.undefine_macro(macro)
        if self.libraries is not None:
            self.compiler.set_libraries(self.libraries)
        if self.library_dirs is not None:
            self.compiler.set_library_dirs(self.library_dirs)
        if self.rpath is not None:
            self.compiler.set_runtime_library_dirs(self.rpath)
        if self.link_objects is not None:
            self.compiler.set_link_objects(self.link_objects)
    
        # Now actually compile and link everything.
>       self.build_extensions()

/usr/lib/python3.8/distutils/command/build_ext.py:340: 
_ _ _ _ _ _ _ _ _ _ _ _ _ _ _ _ _ _ _ _ _ _ _ _ _ _ _ _ _ _ _ _ _ _ _ _ _ _ _ _ 

self = <setuptools.command.build_ext.build_ext object at 0x7fe7bb422670>

    def build_extensions(self):
        # First, sanity-check the 'extensions' list
        self.check_extensions_list(self.extensions)
        if self.parallel:
            self._build_extensions_parallel()
        else:
>           self._build_extensions_serial()

/usr/lib/python3.8/distutils/command/build_ext.py:449: 
_ _ _ _ _ _ _ _ _ _ _ _ _ _ _ _ _ _ _ _ _ _ _ _ _ _ _ _ _ _ _ _ _ _ _ _ _ _ _ _ 

self = <setuptools.command.build_ext.build_ext object at 0x7fe7bb422670>

    def _build_extensions_serial(self):
        for ext in self.extensions:
            with self._filter_build_errors(ext):
>               self.build_extension(ext)

/usr/lib/python3.8/distutils/command/build_ext.py:474: 
_ _ _ _ _ _ _ _ _ _ _ _ _ _ _ _ _ _ _ _ _ _ _ _ _ _ _ _ _ _ _ _ _ _ _ _ _ _ _ _ 

self = <setuptools.command.build_ext.build_ext object at 0x7fe7bb422670>
ext = <setuptools.extension.Extension('_CFFI_test_name_of_unnamed_struct') at 0x7fe7b9d78f40>

    def build_extension(self, ext):
        ext._convert_pyx_sources_to_lang()
        _compiler = self.compiler
        try:
            if isinstance(ext, Library):
                self.compiler = self.shlib_compiler
>           _build_ext.build_extension(self, ext)

/usr/lib/python3/dist-packages/setuptools/command/build_ext.py:208: 
_ _ _ _ _ _ _ _ _ _ _ _ _ _ _ _ _ _ _ _ _ _ _ _ _ _ _ _ _ _ _ _ _ _ _ _ _ _ _ _ 

self = <setuptools.command.build_ext.build_ext object at 0x7fe7bb422670>
ext = <setuptools.extension.Extension('_CFFI_test_name_of_unnamed_struct') at 0x7fe7b9d78f40>

    def build_extension(self, ext):
        sources = ext.sources
        if sources is None or not isinstance(sources, (list, tuple)):
            raise DistutilsSetupError(
                  "in 'ext_modules' option (extension '%s'), "
                  "'sources' must be present and must be "
                  "a list of source filenames" % ext.name)
        sources = list(sources)
    
        ext_path = self.get_ext_fullpath(ext.name)
        depends = sources + ext.depends
        if not (self.force or newer_group(depends, ext_path, 'newer')):
            log.debug("skipping '%s' extension (up-to-date)", ext.name)
            return
        else:
            log.info("building '%s' extension", ext.name)
    
        # First, scan the sources for SWIG definition files (.i), run
        # SWIG on 'em to create .c files, and modify the sources list
        # accordingly.
        sources = self.swig_sources(sources, ext)
    
        # Next, compile the source code to object files.
    
        # XXX not honouring 'define_macros' or 'undef_macros' -- the
        # CCompiler API needs to change to accommodate this, and I
        # want to do one thing at a time!
    
        # Two possible sources for extra compiler arguments:
        #   - 'extra_compile_args' in Extension object
        #   - CFLAGS environment variable (not particularly
        #     elegant, but people seem to expect it and I
        #     guess it's useful)
        # The environment variable should take precedence, and
        # any sensible compiler will give precedence to later
        # command line args.  Hence we combine them in order:
        extra_args = ext.extra_compile_args or []
    
        macros = ext.define_macros[:]
        for undef in ext.undef_macros:
            macros.append((undef,))
    
>       objects = self.compiler.compile(sources,
                                         output_dir=self.build_temp,
                                         macros=macros,
                                         include_dirs=ext.include_dirs,
                                         debug=self.debug,
                                         extra_postargs=extra_args,
                                         depends=ext.depends)

/usr/lib/python3.8/distutils/command/build_ext.py:528: 
_ _ _ _ _ _ _ _ _ _ _ _ _ _ _ _ _ _ _ _ _ _ _ _ _ _ _ _ _ _ _ _ _ _ _ _ _ _ _ _ 

self = <distutils.unixccompiler.UnixCCompiler object at 0x7fe7bb4223d0>
sources = ['_CFFI_test_name_of_unnamed_struct.cpp'], output_dir = '.'
macros = [('NDEBUG',)], include_dirs = [], debug = 0, extra_preargs = None
extra_postargs = [], depends = []

    def compile(self, sources, output_dir=None, macros=None,
                include_dirs=None, debug=0, extra_preargs=None,
                extra_postargs=None, depends=None):
        """Compile one or more source files.
    
        'sources' must be a list of filenames, most likely C/C++
        files, but in reality anything that can be handled by a
        particular compiler and compiler class (eg. MSVCCompiler can
        handle resource files in 'sources').  Return a list of object
        filenames, one per source filename in 'sources'.  Depending on
        the implementation, not all source files will necessarily be
        compiled, but all corresponding object filenames will be
        returned.
    
        If 'output_dir' is given, object files will be put under it, while
        retaining their original path component.  That is, "foo/bar.c"
        normally compiles to "foo/bar.o" (for a Unix implementation); if
        'output_dir' is "build", then it would compile to
        "build/foo/bar.o".
    
        'macros', if given, must be a list of macro definitions.  A macro
        definition is either a (name, value) 2-tuple or a (name,) 1-tuple.
        The former defines a macro; if the value is None, the macro is
        defined without an explicit value.  The 1-tuple case undefines a
        macro.  Later definitions/redefinitions/ undefinitions take
        precedence.
    
        'include_dirs', if given, must be a list of strings, the
        directories to add to the default include file search path for this
        compilation only.
    
        'debug' is a boolean; if true, the compiler will be instructed to
        output debug symbols in (or alongside) the object file(s).
    
        'extra_preargs' and 'extra_postargs' are implementation- dependent.
        On platforms that have the notion of a command-line (e.g. Unix,
        DOS/Windows), they are most likely lists of strings: extra
        command-line arguments to prepend/append to the compiler command
        line.  On other platforms, consult the implementation class
        documentation.  In any event, they are intended as an escape hatch
        for those occasions when the abstract compiler framework doesn't
        cut the mustard.
    
        'depends', if given, is a list of filenames that all targets
        depend on.  If a source file is older than any file in
        depends, then the source file will be recompiled.  This
        supports dependency tracking, but only at a coarse
        granularity.
    
        Raises CompileError on failure.
        """
        # A concrete compiler class can either override this method
        # entirely or implement _compile().
        macros, objects, extra_postargs, pp_opts, build = \
                self._setup_compile(output_dir, macros, include_dirs, sources,
                                    depends, extra_postargs)
        cc_args = self._get_cc_args(pp_opts, debug, extra_preargs)
    
        for obj in objects:
            try:
                src, ext = build[obj]
            except KeyError:
                continue
>           self._compile(obj, src, ext, cc_args, extra_postargs, pp_opts)

/usr/lib/python3.8/distutils/ccompiler.py:574: 
_ _ _ _ _ _ _ _ _ _ _ _ _ _ _ _ _ _ _ _ _ _ _ _ _ _ _ _ _ _ _ _ _ _ _ _ _ _ _ _ 

self = <distutils.unixccompiler.UnixCCompiler object at 0x7fe7bb4223d0>
obj = './_CFFI_test_name_of_unnamed_struct.o'
src = '_CFFI_test_name_of_unnamed_struct.cpp', ext = '.cpp'
cc_args = ['-UNDEBUG', '-I/usr/include/python3.8', '-c'], extra_postargs = []
pp_opts = ['-UNDEBUG', '-I/usr/include/python3.8']

    def _compile(self, obj, src, ext, cc_args, extra_postargs, pp_opts):
        compiler_so = self.compiler_so
        if sys.platform == 'darwin':
            compiler_so = _osx_support.compiler_fixup(compiler_so,
                                                    cc_args + extra_postargs)
        try:
            self.spawn(compiler_so + cc_args + [src, '-o', obj] +
                       extra_postargs)
        except DistutilsExecError as msg:
>           raise CompileError(msg)
E           distutils.errors.CompileError: command 'x86_64-linux-gnu-gcc' failed with exit status 1

/usr/lib/python3.8/distutils/unixccompiler.py:120: CompileError

During handling of the above exception, another exception occurred:

    def test_name_of_unnamed_struct():
        ffi = FFI()
        ffi.cdef("typedef struct { int x; } foo_t;\n"
                 "typedef struct { int y; } *bar_p;\n"
                 "typedef struct { int y; } **baz_pp;\n")
>       verify(ffi, "test_name_of_unnamed_struct",
                 "typedef struct { int x; } foo_t;\n"
                 "typedef struct { int y; } *bar_p;\n"
                 "typedef struct { int y; } **baz_pp;\n")

testing/cffi1/test_recompiler.py:808: 
_ _ _ _ _ _ _ _ _ _ _ _ _ _ _ _ _ _ _ _ _ _ _ _ _ _ _ _ _ _ _ _ _ _ _ _ _ _ _ _ 
testing/cffi1/test_recompiler.py:41: in verify
    return _verify(ffi, module_name, source, *args, **kwds)
testing/support.py:76: in _verify
    outputfilename = recompile(ffi, module_name, preamble, *args, **kwds)
cffi/recompiler.py:1535: in recompile
    outputfilename = ffiplatform.compile('.', ext,
cffi/ffiplatform.py:22: in compile
    outputfilename = _build(tmpdir, ext, compiler_verbose, debug)
_ _ _ _ _ _ _ _ _ _ _ _ _ _ _ _ _ _ _ _ _ _ _ _ _ _ _ _ _ _ _ _ _ _ _ _ _ _ _ _ 

tmpdir = '.'
ext = <setuptools.extension.Extension('_CFFI_test_name_of_unnamed_struct') at 0x7fe7b9d78f40>
compiler_verbose = 1, debug = 0

    def _build(tmpdir, ext, compiler_verbose=0, debug=None):
        # XXX compact but horrible :-(
        from distutils.core import Distribution
        import distutils.errors, distutils.log
        #
        dist = Distribution({'ext_modules': [ext]})
        dist.parse_config_files()
        options = dist.get_option_dict('build_ext')
        if debug is None:
            debug = sys.flags.debug
        options['debug'] = ('ffiplatform', debug)
        options['force'] = ('ffiplatform', True)
        options['build_lib'] = ('ffiplatform', tmpdir)
        options['build_temp'] = ('ffiplatform', tmpdir)
        #
        try:
            old_level = distutils.log.set_threshold(0) or 0
            try:
                distutils.log.set_verbosity(compiler_verbose)
                dist.run_command('build_ext')
                cmd_obj = dist.get_command_obj('build_ext')
                [soname] = cmd_obj.get_outputs()
            finally:
                distutils.log.set_threshold(old_level)
        except (distutils.errors.CompileError,
                distutils.errors.LinkError) as e:
>           raise VerificationError('%s: %s' % (e.__class__.__name__, e))
E           cffi.VerificationError: CompileError: command 'x86_64-linux-gnu-gcc' failed with exit status 1

cffi/ffiplatform.py:58: VerificationError
----------------------------- Captured stdout call -----------------------------
generating /tmp/ffi-0/_CFFI_test_name_of_unnamed_struct.cpp
setting the current directory to '/tmp/ffi-0'
running build_ext
building '_CFFI_test_name_of_unnamed_struct' extension
x86_64-linux-gnu-gcc -pthread -Wno-unused-result -Wsign-compare -DNDEBUG -g -fwrapv -O2 -Wall -g -fstack-protector-strong -Wformat -Werror=format-security -g -fwrapv -O2 -g -O2 -fdebug-prefix-map=/<<PKGBUILDDIR>>=. -fstack-protector-strong -Wformat -Werror=format-security -Wdate-time -D_FORTIFY_SOURCE=2 -fPIC -UNDEBUG -I/usr/include/python3.8 -c _CFFI_test_name_of_unnamed_struct.cpp -o ./_CFFI_test_name_of_unnamed_struct.o
----------------------------- Captured stderr call -----------------------------
_CFFI_test_name_of_unnamed_struct.cpp:572:10: error: non-constant-expression cannot be narrowed from type 'long' to 'size_t' (aka 'unsigned long') in initializer list [-Wc++11-narrowing]
  { "y", ((char *)&((bar_p)0)->y) - (char *)0,
         ^~~~~~~~~~~~~~~~~~~~~~~~~~~~~~~~~~~~
_CFFI_test_name_of_unnamed_struct.cpp:572:10: note: insert an explicit cast to silence this issue
  { "y", ((char *)&((bar_p)0)->y) - (char *)0,
         ^~~~~~~~~~~~~~~~~~~~~~~~~~~~~~~~~~~~
         static_cast<size_t>(                )
1 error generated.
=============================== warnings summary ===============================
c/test_c.py::test_cast_with_functionptr
  /<<PKGBUILDDIR>>/c/test_c.py:2170: UserWarning: implicit cast from 'char *' to a different pointer type: will be forbidden in the future (check that the types are as you expect; use an explicit ffi.cast() if they are correct)
    newp(BStructPtr, [cast(BCharP, 0)])

testing/cffi0/test_verify.py::test_bogus_ptr
testing/cffi0/test_verify2.py::test_ptr
testing/cffi0/test_verify2.py::test_bogus_ptr
  /<<PKGBUILDDIR>>/cffi/vengine_cpy.py:191: UserWarning: reimporting '_cffi__x7a036e55x79e7dae1' might overwrite older definitions
    warnings.warn("reimporting %r might overwrite older definitions"

testing/cffi0/test_verify.py::test_nonfull_enum
testing/cffi0/test_verify2.py::test_nonfull_enum
  /<<PKGBUILDDIR>>/cffi/vengine_cpy.py:191: UserWarning: reimporting '_cffi__x62ab7853xe5500f7c' might overwrite older definitions
    warnings.warn("reimporting %r might overwrite older definitions"

testing/cffi0/test_verify.py::test_keepalive_ffi
testing/cffi0/test_verify2.py::test_keepalive_lib
testing/cffi0/test_verify2.py::test_keepalive_ffi
  /<<PKGBUILDDIR>>/cffi/vengine_cpy.py:191: UserWarning: reimporting '_cffi__xe70fddd4xb0483fa0' might overwrite older definitions
    warnings.warn("reimporting %r might overwrite older definitions"

testing/cffi0/test_verify.py::test_verify_dlopen_flags
testing/cffi0/test_verify2.py::test_verify_dlopen_flags
  /<<PKGBUILDDIR>>/cffi/vengine_cpy.py:191: UserWarning: reimporting '_cffi__xcaec8814x36a3adfc' might overwrite older definitions
    warnings.warn("reimporting %r might overwrite older definitions"

testing/cffi0/test_verify2.py::test_module_type
  /<<PKGBUILDDIR>>/cffi/vengine_cpy.py:191: UserWarning: reimporting '_cffi__xcf03f4e0x1f260726' might overwrite older definitions
    warnings.warn("reimporting %r might overwrite older definitions"

testing/cffi0/test_verify2.py::test_simple_case
  /<<PKGBUILDDIR>>/cffi/vengine_cpy.py:191: UserWarning: reimporting '_cffi__x12a9aeb3xe70d0f31' might overwrite older definitions
    warnings.warn("reimporting %r might overwrite older definitions"

testing/cffi0/test_verify2.py::test_Wconversion_unsigned
  /<<PKGBUILDDIR>>/cffi/vengine_cpy.py:191: UserWarning: reimporting '_cffi__x287a9631x28b75f43' might overwrite older definitions
    warnings.warn("reimporting %r might overwrite older definitions"

testing/cffi0/test_verify2.py::test_Wconversion_integer
  /<<PKGBUILDDIR>>/cffi/vengine_cpy.py:191: UserWarning: reimporting '_cffi__xde885aebxc037442d' might overwrite older definitions
    warnings.warn("reimporting %r might overwrite older definitions"

testing/cffi0/test_verify2.py::test_Wconversion_floating
  /<<PKGBUILDDIR>>/cffi/vengine_cpy.py:191: UserWarning: reimporting '_cffi__xa68abc77xd5320603' might overwrite older definitions
    warnings.warn("reimporting %r might overwrite older definitions"

testing/cffi0/test_verify2.py::test_Wconversion_float2int
  /<<PKGBUILDDIR>>/cffi/vengine_cpy.py:191: UserWarning: reimporting '_cffi__xd85f3357xfcd51a2d' might overwrite older definitions
    warnings.warn("reimporting %r might overwrite older definitions"

testing/cffi0/test_verify2.py::test_Wconversion_double2int
  /<<PKGBUILDDIR>>/cffi/vengine_cpy.py:191: UserWarning: reimporting '_cffi__x19952ab6x8b4e1b1a' might overwrite older definitions
    warnings.warn("reimporting %r might overwrite older definitions"

testing/cffi0/test_verify2.py::test_rounding_1
  /<<PKGBUILDDIR>>/cffi/vengine_cpy.py:191: UserWarning: reimporting '_cffi__xc565b644x5fc7313f' might overwrite older definitions
    warnings.warn("reimporting %r might overwrite older definitions"

testing/cffi0/test_verify2.py::test_rounding_2
  /<<PKGBUILDDIR>>/cffi/vengine_cpy.py:191: UserWarning: reimporting '_cffi__x90bc58d1x3187bf76' might overwrite older definitions
    warnings.warn("reimporting %r might overwrite older definitions"

testing/cffi0/test_verify2.py::test_strlen_exact
  /<<PKGBUILDDIR>>/cffi/vengine_cpy.py:191: UserWarning: reimporting '_cffi__xf391670ex27ecd797' might overwrite older definitions
    warnings.warn("reimporting %r might overwrite older definitions"

testing/cffi0/test_verify2.py::test_strlen_approximate
  /<<PKGBUILDDIR>>/cffi/vengine_cpy.py:191: UserWarning: reimporting '_cffi__x841ad488x75104aca' might overwrite older definitions
    warnings.warn("reimporting %r might overwrite older definitions"

testing/cffi0/test_verify2.py::test_return_approximate
  /<<PKGBUILDDIR>>/cffi/vengine_cpy.py:191: UserWarning: reimporting '_cffi__x87609c74xfd63001f' might overwrite older definitions
    warnings.warn("reimporting %r might overwrite older definitions"

testing/cffi0/test_verify2.py::test_return_approximate
  /<<PKGBUILDDIR>>/cffi/vengine_cpy.py:191: UserWarning: reimporting '_cffi__xbc20334fxc290f2e2' might overwrite older definitions
    warnings.warn("reimporting %r might overwrite older definitions"

testing/cffi0/test_verify2.py::test_return_approximate
  /<<PKGBUILDDIR>>/cffi/vengine_cpy.py:191: UserWarning: reimporting '_cffi__x2c03094cx12835045' might overwrite older definitions
    warnings.warn("reimporting %r might overwrite older definitions"

testing/cffi0/test_verify2.py::test_return_approximate
  /<<PKGBUILDDIR>>/cffi/vengine_cpy.py:191: UserWarning: reimporting '_cffi__x565a2205xe09e3a5' might overwrite older definitions
    warnings.warn("reimporting %r might overwrite older definitions"

testing/cffi0/test_verify2.py::test_strlen_array_of_char
  /<<PKGBUILDDIR>>/cffi/vengine_cpy.py:191: UserWarning: reimporting '_cffi__x6fe91fbx26631835' might overwrite older definitions
    warnings.warn("reimporting %r might overwrite older definitions"

testing/cffi0/test_verify2.py::test_longdouble
  /<<PKGBUILDDIR>>/cffi/vengine_cpy.py:191: UserWarning: reimporting '_cffi__xf075a9a2x71a8bc50' might overwrite older definitions
    warnings.warn("reimporting %r might overwrite older definitions"

testing/cffi0/test_verify2.py::test_longdouble_precision
  /<<PKGBUILDDIR>>/cffi/vengine_cpy.py:191: UserWarning: reimporting '_cffi__x33909d9bx86d0ae4a' might overwrite older definitions
    warnings.warn("reimporting %r might overwrite older definitions"

testing/cffi0/test_verify2.py::test_all_integer_and_float_types
  /<<PKGBUILDDIR>>/cffi/vengine_cpy.py:191: UserWarning: reimporting '_cffi__xe6a59526xde22e708' might overwrite older definitions
    warnings.warn("reimporting %r might overwrite older definitions"

testing/cffi0/test_verify2.py::test_var_signed_integer_types
  /<<PKGBUILDDIR>>/cffi/vengine_cpy.py:191: UserWarning: reimporting '_cffi__x511eadf2xd7821f17' might overwrite older definitions
    warnings.warn("reimporting %r might overwrite older definitions"

testing/cffi0/test_verify2.py::test_var_unsigned_integer_types
  /<<PKGBUILDDIR>>/cffi/vengine_cpy.py:191: UserWarning: reimporting '_cffi__x5068e459xc59a6c7b' might overwrite older definitions
    warnings.warn("reimporting %r might overwrite older definitions"

testing/cffi0/test_verify2.py::test_fn_signed_integer_types
  /<<PKGBUILDDIR>>/cffi/vengine_cpy.py:191: UserWarning: reimporting '_cffi__x8276bc39x292c8f77' might overwrite older definitions
    warnings.warn("reimporting %r might overwrite older definitions"

testing/cffi0/test_verify2.py::test_fn_unsigned_integer_types
  /<<PKGBUILDDIR>>/cffi/vengine_cpy.py:191: UserWarning: reimporting '_cffi__x91021e83x6e2071e0' might overwrite older definitions
    warnings.warn("reimporting %r might overwrite older definitions"

testing/cffi0/test_verify2.py::test_char_type
  /<<PKGBUILDDIR>>/cffi/vengine_cpy.py:191: UserWarning: reimporting '_cffi__x4e162cd0x1df64979' might overwrite older definitions
    warnings.warn("reimporting %r might overwrite older definitions"

testing/cffi0/test_verify2.py::test_wchar_type
  /<<PKGBUILDDIR>>/cffi/vengine_cpy.py:191: UserWarning: reimporting '_cffi__x2445511cx7ff2ebfc' might overwrite older definitions
    warnings.warn("reimporting %r might overwrite older definitions"

testing/cffi0/test_verify2.py::test_no_argument
  /<<PKGBUILDDIR>>/cffi/vengine_cpy.py:191: UserWarning: reimporting '_cffi__xfcf58121x7ca99eea' might overwrite older definitions
    warnings.warn("reimporting %r might overwrite older definitions"

testing/cffi0/test_verify2.py::test_two_arguments
  /<<PKGBUILDDIR>>/cffi/vengine_cpy.py:191: UserWarning: reimporting '_cffi__x668c8ccdxb4c300fb' might overwrite older definitions
    warnings.warn("reimporting %r might overwrite older definitions"

testing/cffi0/test_verify2.py::test_macro
  /<<PKGBUILDDIR>>/cffi/vengine_cpy.py:191: UserWarning: reimporting '_cffi__x5f1d6163x361c6235' might overwrite older definitions
    warnings.warn("reimporting %r might overwrite older definitions"

testing/cffi0/test_verify2.py::test_nondecl_struct
  /<<PKGBUILDDIR>>/cffi/vengine_cpy.py:191: UserWarning: reimporting '_cffi__xe51bc839x7f9cd2fb' might overwrite older definitions
    warnings.warn("reimporting %r might overwrite older definitions"

testing/cffi0/test_verify2.py::test_ffi_full_struct
  /<<PKGBUILDDIR>>/cffi/vengine_cpy.py:191: UserWarning: reimporting '_cffi__x53f365f0xf91a124a' might overwrite older definitions
    warnings.warn("reimporting %r might overwrite older definitions"

testing/cffi0/test_verify2.py::test_ffi_full_struct
  /<<PKGBUILDDIR>>/cffi/vengine_cpy.py:191: UserWarning: reimporting '_cffi__xd4ca5bdbx5915bb36' might overwrite older definitions
    warnings.warn("reimporting %r might overwrite older definitions"

testing/cffi0/test_verify2.py::test_ffi_full_struct
  /<<PKGBUILDDIR>>/cffi/vengine_cpy.py:191: UserWarning: reimporting '_cffi__x3f92468dxa60a330c' might overwrite older definitions
    warnings.warn("reimporting %r might overwrite older definitions"

testing/cffi0/test_verify2.py::test_ffi_full_struct
  /<<PKGBUILDDIR>>/cffi/vengine_cpy.py:191: UserWarning: reimporting '_cffi__x6a65820ax96b3fac3' might overwrite older definitions
    warnings.warn("reimporting %r might overwrite older definitions"

testing/cffi0/test_verify2.py::test_ffi_full_struct
  /<<PKGBUILDDIR>>/cffi/vengine_cpy.py:191: UserWarning: reimporting '_cffi__xf0fa246exb9ec75c9' might overwrite older definitions
    warnings.warn("reimporting %r might overwrite older definitions"

testing/cffi0/test_verify2.py::test_ffi_nonfull_struct
  /<<PKGBUILDDIR>>/cffi/vengine_cpy.py:191: UserWarning: reimporting '_cffi__x59050000x7c0c76df' might overwrite older definitions
    warnings.warn("reimporting %r might overwrite older definitions"

testing/cffi0/test_verify2.py::test_ffi_nonfull_alignment
  /<<PKGBUILDDIR>>/cffi/vengine_cpy.py:191: UserWarning: reimporting '_cffi__xb6c8abc4x92b8f3e8' might overwrite older definitions
    warnings.warn("reimporting %r might overwrite older definitions"

testing/cffi0/test_verify2.py::test_struct_bad_sized_integer
  /<<PKGBUILDDIR>>/cffi/vengine_cpy.py:191: UserWarning: reimporting '_cffi__x905746c2x94889a45' might overwrite older definitions
    warnings.warn("reimporting %r might overwrite older definitions"

testing/cffi0/test_verify2.py::test_struct_bad_sized_integer
  /<<PKGBUILDDIR>>/cffi/vengine_cpy.py:191: UserWarning: reimporting '_cffi__x2cbc2ae1x47c0023c' might overwrite older definitions
    warnings.warn("reimporting %r might overwrite older definitions"

testing/cffi0/test_verify2.py::test_struct_bad_sized_integer
  /<<PKGBUILDDIR>>/cffi/vengine_cpy.py:191: UserWarning: reimporting '_cffi__xbb4ec443x7ae562a' might overwrite older definitions
    warnings.warn("reimporting %r might overwrite older definitions"

testing/cffi0/test_verify2.py::test_struct_bad_sized_integer
  /<<PKGBUILDDIR>>/cffi/vengine_cpy.py:191: UserWarning: reimporting '_cffi__x4236817x67f72837' might overwrite older definitions
    warnings.warn("reimporting %r might overwrite older definitions"

testing/cffi0/test_verify2.py::test_struct_bad_sized_integer
  /<<PKGBUILDDIR>>/cffi/vengine_cpy.py:191: UserWarning: reimporting '_cffi__x2613eab5xd4bca307' might overwrite older definitions
    warnings.warn("reimporting %r might overwrite older definitions"

testing/cffi0/test_verify2.py::test_struct_bad_sized_integer
  /<<PKGBUILDDIR>>/cffi/vengine_cpy.py:191: UserWarning: reimporting '_cffi__x6c8813a3x7cc1a2ea' might overwrite older definitions
    warnings.warn("reimporting %r might overwrite older definitions"

testing/cffi0/test_verify2.py::test_struct_bad_sized_integer
  /<<PKGBUILDDIR>>/cffi/vengine_cpy.py:191: UserWarning: reimporting '_cffi__xfb7afd01x885579ef' might overwrite older definitions
    warnings.warn("reimporting %r might overwrite older definitions"

testing/cffi0/test_verify2.py::test_struct_bad_sized_integer
  /<<PKGBUILDDIR>>/cffi/vengine_cpy.py:191: UserWarning: reimporting '_cffi__x44175155xeb334c48' might overwrite older definitions
    warnings.warn("reimporting %r might overwrite older definitions"

testing/cffi0/test_verify2.py::test_struct_bad_sized_integer
  /<<PKGBUILDDIR>>/cffi/vengine_cpy.py:191: UserWarning: reimporting '_cffi__x6436edc8x20f38714' might overwrite older definitions
    warnings.warn("reimporting %r might overwrite older definitions"

testing/cffi0/test_verify2.py::test_struct_bad_sized_integer
  /<<PKGBUILDDIR>>/cffi/vengine_cpy.py:191: UserWarning: reimporting '_cffi__x98c737b0x3ee4a597' might overwrite older definitions
    warnings.warn("reimporting %r might overwrite older definitions"

testing/cffi0/test_verify2.py::test_struct_bad_sized_integer
  /<<PKGBUILDDIR>>/cffi/vengine_cpy.py:191: UserWarning: reimporting '_cffi__xf35d912xca707e92' might overwrite older definitions
    warnings.warn("reimporting %r might overwrite older definitions"

testing/cffi0/test_verify2.py::test_struct_bad_sized_integer
  /<<PKGBUILDDIR>>/cffi/vengine_cpy.py:191: UserWarning: reimporting '_cffi__xb0587546xa9164b35' might overwrite older definitions
    warnings.warn("reimporting %r might overwrite older definitions"

testing/cffi0/test_verify2.py::test_struct_bad_sized_integer
  /<<PKGBUILDDIR>>/cffi/vengine_cpy.py:191: UserWarning: reimporting '_cffi__x2cd6e3acx4323b22e' might overwrite older definitions
    warnings.warn("reimporting %r might overwrite older definitions"

testing/cffi0/test_verify2.py::test_struct_bad_sized_integer
  /<<PKGBUILDDIR>>/cffi/vengine_cpy.py:191: UserWarning: reimporting '_cffi__xfb17028ax7604abf3' might overwrite older definitions
    warnings.warn("reimporting %r might overwrite older definitions"

testing/cffi0/test_verify2.py::test_struct_bad_sized_integer
  /<<PKGBUILDDIR>>/cffi/vengine_cpy.py:191: UserWarning: reimporting '_cffi__x6ce5ec28x829070f6' might overwrite older definitions
    warnings.warn("reimporting %r might overwrite older definitions"

testing/cffi0/test_verify2.py::test_struct_bad_sized_integer
  /<<PKGBUILDDIR>>/cffi/vengine_cpy.py:191: UserWarning: reimporting '_cffi__xd388407cxe1f64551' might overwrite older definitions
    warnings.warn("reimporting %r might overwrite older definitions"

testing/cffi0/test_verify2.py::test_struct_bad_sized_float
  /<<PKGBUILDDIR>>/cffi/vengine_cpy.py:191: UserWarning: reimporting '_cffi__x96ca4063x9f274dbf' might overwrite older definitions
    warnings.warn("reimporting %r might overwrite older definitions"

testing/cffi0/test_verify2.py::test_struct_bad_sized_float
  /<<PKGBUILDDIR>>/cffi/vengine_cpy.py:191: UserWarning: reimporting '_cffi__x7ae6626x5308f837' might overwrite older definitions
    warnings.warn("reimporting %r might overwrite older definitions"

testing/cffi0/test_verify2.py::test_struct_bad_sized_float
  /<<PKGBUILDDIR>>/cffi/vengine_cpy.py:191: UserWarning: reimporting '_cffi__xf3a6f4ccx2a54a353' might overwrite older definitions
    warnings.warn("reimporting %r might overwrite older definitions"

testing/cffi0/test_verify2.py::test_struct_signedness_ignored
  /<<PKGBUILDDIR>>/cffi/vengine_cpy.py:191: UserWarning: reimporting '_cffi__x822a098x2e363777' might overwrite older definitions
    warnings.warn("reimporting %r might overwrite older definitions"

testing/cffi0/test_verify2.py::test_struct_signedness_ignored
  /<<PKGBUILDDIR>>/cffi/vengine_cpy.py:191: UserWarning: reimporting '_cffi__xd374a9cx45581c81' might overwrite older definitions
    warnings.warn("reimporting %r might overwrite older definitions"

testing/cffi0/test_verify2.py::test_struct_array_field
  /<<PKGBUILDDIR>>/cffi/vengine_cpy.py:191: UserWarning: reimporting '_cffi__x80981decxe29f35f5' might overwrite older definitions
    warnings.warn("reimporting %r might overwrite older definitions"

testing/cffi0/test_verify2.py::test_struct_array_no_length
  /<<PKGBUILDDIR>>/cffi/vengine_cpy.py:191: UserWarning: reimporting '_cffi__x7e2dc6b9xdbfac55c' might overwrite older definitions
    warnings.warn("reimporting %r might overwrite older definitions"

testing/cffi0/test_verify2.py::test_struct_array_guess_length
  /<<PKGBUILDDIR>>/cffi/vengine_cpy.py:191: UserWarning: reimporting '_cffi__x78a4aa5axba565cdc' might overwrite older definitions
    warnings.warn("reimporting %r might overwrite older definitions"

testing/cffi0/test_verify2.py::test_struct_array_c99_1
  /<<PKGBUILDDIR>>/cffi/vengine_cpy.py:191: UserWarning: reimporting '_cffi__x5208fba2xbfbe5502' might overwrite older definitions
    warnings.warn("reimporting %r might overwrite older definitions"

testing/cffi0/test_verify2.py::test_struct_array_c99_2
  /<<PKGBUILDDIR>>/cffi/vengine_cpy.py:191: UserWarning: reimporting '_cffi__xda397ab4x8e225752' might overwrite older definitions
    warnings.warn("reimporting %r might overwrite older definitions"

testing/cffi0/test_verify2.py::test_struct_ptr_to_array_field
  /<<PKGBUILDDIR>>/cffi/vengine_cpy.py:191: UserWarning: reimporting '_cffi__x9243d43cx795fcba1' might overwrite older definitions
    warnings.warn("reimporting %r might overwrite older definitions"

testing/cffi0/test_verify2.py::test_struct_with_bitfield_exact
  /<<PKGBUILDDIR>>/cffi/vengine_cpy.py:191: UserWarning: reimporting '_cffi__xe38e290ax1ee65bef' might overwrite older definitions
    warnings.warn("reimporting %r might overwrite older definitions"

testing/cffi0/test_verify2.py::test_struct_with_bitfield_enum
  /<<PKGBUILDDIR>>/cffi/vengine_cpy.py:191: UserWarning: reimporting '_cffi__xa88efcf1x69d49687' might overwrite older definitions
    warnings.warn("reimporting %r might overwrite older definitions"

testing/cffi0/test_verify2.py::test_global_constants
  /<<PKGBUILDDIR>>/cffi/vengine_cpy.py:191: UserWarning: reimporting '_cffi__x8f8c10fax80491de4' might overwrite older definitions
    warnings.warn("reimporting %r might overwrite older definitions"

testing/cffi0/test_verify2.py::test_global_const_int_size
  /<<PKGBUILDDIR>>/cffi/vengine_cpy.py:191: UserWarning: reimporting '_cffi__x6c86cbf5x215eba74' might overwrite older definitions
    warnings.warn("reimporting %r might overwrite older definitions"

testing/cffi0/test_verify2.py::test_global_const_int_size
  /<<PKGBUILDDIR>>/cffi/vengine_cpy.py:191: UserWarning: reimporting '_cffi__x5f88f8x57af234b' might overwrite older definitions
    warnings.warn("reimporting %r might overwrite older definitions"

testing/cffi0/test_verify2.py::test_global_const_int_size
  /<<PKGBUILDDIR>>/cffi/vengine_cpy.py:191: UserWarning: reimporting '_cffi__x84734f41xc0ce36c6' might overwrite older definitions
    warnings.warn("reimporting %r might overwrite older definitions"

testing/cffi0/test_verify2.py::test_global_const_int_size
  /<<PKGBUILDDIR>>/cffi/vengine_cpy.py:191: UserWarning: reimporting '_cffi__xa6470c67xdaceb3cb' might overwrite older definitions
    warnings.warn("reimporting %r might overwrite older definitions"

testing/cffi0/test_verify2.py::test_global_const_int_size
  /<<PKGBUILDDIR>>/cffi/vengine_cpy.py:191: UserWarning: reimporting '_cffi__xa6470c67xcdf7ca37' might overwrite older definitions
    warnings.warn("reimporting %r might overwrite older definitions"

testing/cffi0/test_verify2.py::test_global_const_int_size
  /<<PKGBUILDDIR>>/cffi/vengine_cpy.py:191: UserWarning: reimporting '_cffi__x5c143083xe65e7c5b' might overwrite older definitions
    warnings.warn("reimporting %r might overwrite older definitions"

testing/cffi0/test_verify2.py::test_global_const_int_size
  /<<PKGBUILDDIR>>/cffi/vengine_cpy.py:191: UserWarning: reimporting '_cffi__x4b2d497fxe65e7c5b' might overwrite older definitions
    warnings.warn("reimporting %r might overwrite older definitions"

testing/cffi0/test_verify2.py::test_global_const_int_size
  /<<PKGBUILDDIR>>/cffi/vengine_cpy.py:191: UserWarning: reimporting '_cffi__x7ae1fd14xdc1c49bc' might overwrite older definitions
    warnings.warn("reimporting %r might overwrite older definitions"

testing/cffi0/test_verify2.py::test_global_const_int_size
  /<<PKGBUILDDIR>>/cffi/vengine_cpy.py:191: UserWarning: reimporting '_cffi__xa573b3f2xdc1c49bc' might overwrite older definitions
    warnings.warn("reimporting %r might overwrite older definitions"

testing/cffi0/test_verify2.py::test_global_const_int_size
  /<<PKGBUILDDIR>>/cffi/vengine_cpy.py:191: UserWarning: reimporting '_cffi__x747cbfecx3c392f12' might overwrite older definitions
    warnings.warn("reimporting %r might overwrite older definitions"

testing/cffi0/test_verify2.py::test_global_const_int_size
  /<<PKGBUILDDIR>>/cffi/vengine_cpy.py:191: UserWarning: reimporting '_cffi__xf94c25b0xffbcd1e9' might overwrite older definitions
    warnings.warn("reimporting %r might overwrite older definitions"

testing/cffi0/test_verify2.py::test_global_const_int_size
  /<<PKGBUILDDIR>>/cffi/vengine_cpy.py:191: UserWarning: reimporting '_cffi__x9b78649fx1449e8ce' might overwrite older definitions
    warnings.warn("reimporting %r might overwrite older definitions"

testing/cffi0/test_verify2.py::test_global_constants_non_int
  /<<PKGBUILDDIR>>/cffi/vengine_cpy.py:191: UserWarning: reimporting '_cffi__x2927ff2ex8d28a637' might overwrite older definitions
    warnings.warn("reimporting %r might overwrite older definitions"

testing/cffi0/test_verify2.py::test_full_enum
  /<<PKGBUILDDIR>>/cffi/vengine_cpy.py:191: UserWarning: reimporting '_cffi__x2a26fed1xde82d06b' might overwrite older definitions
    warnings.warn("reimporting %r might overwrite older definitions"

testing/cffi0/test_verify2.py::test_full_enum
  /<<PKGBUILDDIR>>/cffi/vengine_cpy.py:191: UserWarning: reimporting '_cffi__x32dbad14x9b8cba5d' might overwrite older definitions
    warnings.warn("reimporting %r might overwrite older definitions"

testing/cffi0/test_verify2.py::test_enum_usage
  /<<PKGBUILDDIR>>/cffi/vengine_cpy.py:191: UserWarning: reimporting '_cffi__x92e5cef0x210f12f3' might overwrite older definitions
    warnings.warn("reimporting %r might overwrite older definitions"

testing/cffi0/test_verify2.py::test_anonymous_enum
  /<<PKGBUILDDIR>>/cffi/vengine_cpy.py:191: UserWarning: reimporting '_cffi__x73ca7507x2b29f059' might overwrite older definitions
    warnings.warn("reimporting %r might overwrite older definitions"

testing/cffi0/test_verify2.py::test_nonfull_anonymous_enum
  /<<PKGBUILDDIR>>/cffi/vengine_cpy.py:191: UserWarning: reimporting '_cffi__xf910c1e7x536bf90e' might overwrite older definitions
    warnings.warn("reimporting %r might overwrite older definitions"

testing/cffi0/test_verify2.py::test_nonfull_enum_syntax2
  /<<PKGBUILDDIR>>/cffi/vengine_cpy.py:191: UserWarning: reimporting '_cffi__x67e06dc6x44af9ae0' might overwrite older definitions
    warnings.warn("reimporting %r might overwrite older definitions"

testing/cffi0/test_verify2.py::test_nonfull_enum_syntax2
  /<<PKGBUILDDIR>>/cffi/vengine_cpy.py:191: UserWarning: reimporting '_cffi__x8174400exe13e31a8' might overwrite older definitions
    warnings.warn("reimporting %r might overwrite older definitions"

testing/cffi0/test_verify2.py::test_nonfull_enum_syntax2
  /<<PKGBUILDDIR>>/cffi/vengine_cpy.py:191: UserWarning: reimporting '_cffi__xb856275x7127dc39' might overwrite older definitions
    warnings.warn("reimporting %r might overwrite older definitions"

testing/cffi0/test_verify2.py::test_get_set_errno
  /<<PKGBUILDDIR>>/cffi/vengine_cpy.py:191: UserWarning: reimporting '_cffi__x99a5394ax3174e75f' might overwrite older definitions
    warnings.warn("reimporting %r might overwrite older definitions"

testing/cffi0/test_verify2.py::test_define_int
  /<<PKGBUILDDIR>>/cffi/vengine_cpy.py:191: UserWarning: reimporting '_cffi__xb5276af0x1c1dcefe' might overwrite older definitions
    warnings.warn("reimporting %r might overwrite older definitions"

testing/cffi0/test_verify2.py::test_access_variable
  /<<PKGBUILDDIR>>/cffi/vengine_cpy.py:191: UserWarning: reimporting '_cffi__x17608fbdx65c71bf4' might overwrite older definitions
    warnings.warn("reimporting %r might overwrite older definitions"

testing/cffi0/test_verify2.py::test_access_address_of_variable
  /<<PKGBUILDDIR>>/cffi/vengine_cpy.py:191: UserWarning: reimporting '_cffi__xc13188cx23556e98' might overwrite older definitions
    warnings.warn("reimporting %r might overwrite older definitions"

testing/cffi0/test_verify2.py::test_access_array_variable
  /<<PKGBUILDDIR>>/cffi/vengine_cpy.py:191: UserWarning: reimporting '_cffi__x8512c2f3xefa4907' might overwrite older definitions
    warnings.warn("reimporting %r might overwrite older definitions"

testing/cffi0/test_verify2.py::test_access_array_variable_length_hidden
  /<<PKGBUILDDIR>>/cffi/vengine_cpy.py:191: UserWarning: reimporting '_cffi__x21c3069ex6dc2ac7f' might overwrite older definitions
    warnings.warn("reimporting %r might overwrite older definitions"

testing/cffi0/test_verify2.py::test_access_struct_variable
  /<<PKGBUILDDIR>>/cffi/vengine_cpy.py:191: UserWarning: reimporting '_cffi__x72ade843x1b22f850' might overwrite older definitions
    warnings.warn("reimporting %r might overwrite older definitions"

testing/cffi0/test_verify2.py::test_access_callback
  /<<PKGBUILDDIR>>/cffi/vengine_cpy.py:191: UserWarning: reimporting '_cffi__xcbf95e11x605aacd' might overwrite older definitions
    warnings.warn("reimporting %r might overwrite older definitions"

testing/cffi0/test_verify2.py::test_access_callback_function_typedef
  /<<PKGBUILDDIR>>/cffi/vengine_cpy.py:191: UserWarning: reimporting '_cffi__x26d09d29x9b108621' might overwrite older definitions
    warnings.warn("reimporting %r might overwrite older definitions"

testing/cffi0/test_verify2.py::test_call_with_struct_ptr
  /<<PKGBUILDDIR>>/cffi/vengine_cpy.py:191: UserWarning: reimporting '_cffi__x83a0e704xeb1ab79a' might overwrite older definitions
    warnings.warn("reimporting %r might overwrite older definitions"

testing/cffi0/test_verify2.py::test_unknown_type
  /<<PKGBUILDDIR>>/cffi/vengine_cpy.py:191: UserWarning: reimporting '_cffi__x16aa9445xc036e28f' might overwrite older definitions
    warnings.warn("reimporting %r might overwrite older definitions"

testing/cffi0/test_verify2.py::test_unknown_type_2
  /<<PKGBUILDDIR>>/cffi/vengine_cpy.py:191: UserWarning: reimporting '_cffi__x546bc47exead58ac3' might overwrite older definitions
    warnings.warn("reimporting %r might overwrite older definitions"

testing/cffi0/test_verify2.py::test_unknown_type_3
  /<<PKGBUILDDIR>>/cffi/vengine_cpy.py:191: UserWarning: reimporting '_cffi__x6de5b2e3xb5836b76' might overwrite older definitions
    warnings.warn("reimporting %r might overwrite older definitions"

testing/cffi0/test_verify2.py::test_varargs
  /<<PKGBUILDDIR>>/cffi/vengine_cpy.py:191: UserWarning: reimporting '_cffi__x771519a2xcc826df0' might overwrite older definitions
    warnings.warn("reimporting %r might overwrite older definitions"

testing/cffi0/test_verify2.py::test_varargs_struct
  /<<PKGBUILDDIR>>/cffi/vengine_cpy.py:191: UserWarning: reimporting '_cffi__x2cc00e99xd68718c5' might overwrite older definitions
    warnings.warn("reimporting %r might overwrite older definitions"

testing/cffi0/test_verify2.py::test_autofilled_struct_as_argument
  /<<PKGBUILDDIR>>/cffi/vengine_cpy.py:191: UserWarning: reimporting '_cffi__x1be5872cxac5dd6d9' might overwrite older definitions
    warnings.warn("reimporting %r might overwrite older definitions"

testing/cffi0/test_verify2.py::test_autofilled_struct_as_argument_dynamic
  /<<PKGBUILDDIR>>/cffi/vengine_cpy.py:191: UserWarning: reimporting '_cffi__xad215d3exf650a06f' might overwrite older definitions
    warnings.warn("reimporting %r might overwrite older definitions"

testing/cffi0/test_verify2.py::test_func_returns_struct
  /<<PKGBUILDDIR>>/cffi/vengine_cpy.py:191: UserWarning: reimporting '_cffi__x6e3ab629xedcc58e0' might overwrite older definitions
    warnings.warn("reimporting %r might overwrite older definitions"

testing/cffi0/test_verify2.py::test_func_as_funcptr
  /<<PKGBUILDDIR>>/cffi/vengine_cpy.py:191: UserWarning: reimporting '_cffi__xb105a03axe18063c6' might overwrite older definitions
    warnings.warn("reimporting %r might overwrite older definitions"

testing/cffi0/test_verify2.py::test_funcptr_as_argument
  /<<PKGBUILDDIR>>/cffi/vengine_cpy.py:191: UserWarning: reimporting '_cffi__xbbc21e34x184bc3d3' might overwrite older definitions
    warnings.warn("reimporting %r might overwrite older definitions"

testing/cffi0/test_verify2.py::test_func_as_argument
  /<<PKGBUILDDIR>>/cffi/vengine_cpy.py:191: UserWarning: reimporting '_cffi__x698b57b9x7ffcd7ef' might overwrite older definitions
    warnings.warn("reimporting %r might overwrite older definitions"

testing/cffi0/test_verify2.py::test_array_as_argument
  /<<PKGBUILDDIR>>/cffi/vengine_cpy.py:191: UserWarning: reimporting '_cffi__xedd2ee6dx1ce51c40' might overwrite older definitions
    warnings.warn("reimporting %r might overwrite older definitions"

testing/cffi0/test_verify2.py::test_enum_as_argument
  /<<PKGBUILDDIR>>/cffi/vengine_cpy.py:191: UserWarning: reimporting '_cffi__xed6811cex52ae373b' might overwrite older definitions
    warnings.warn("reimporting %r might overwrite older definitions"

testing/cffi0/test_verify2.py::test_enum_as_function_result
  /<<PKGBUILDDIR>>/cffi/vengine_cpy.py:191: UserWarning: reimporting '_cffi__xf1340c5cx8be6610b' might overwrite older definitions
    warnings.warn("reimporting %r might overwrite older definitions"

testing/cffi0/test_verify2.py::test_enum_values
  /<<PKGBUILDDIR>>/cffi/vengine_cpy.py:191: UserWarning: reimporting '_cffi__xaa78ae38xe88ce3d0' might overwrite older definitions
    warnings.warn("reimporting %r might overwrite older definitions"

testing/cffi0/test_verify2.py::test_typedef_complete_enum
  /<<PKGBUILDDIR>>/cffi/vengine_cpy.py:191: UserWarning: reimporting '_cffi__x35f142fcx7479bd8d' might overwrite older definitions
    warnings.warn("reimporting %r might overwrite older definitions"

testing/cffi0/test_verify2.py::test_typedef_incomplete_enum
  /<<PKGBUILDDIR>>/cffi/vengine_cpy.py:191: UserWarning: reimporting '_cffi__xc7048889x2bbde618' might overwrite older definitions
    warnings.warn("reimporting %r might overwrite older definitions"

testing/cffi0/test_verify2.py::test_typedef_enum_as_argument
  /<<PKGBUILDDIR>>/cffi/vengine_cpy.py:191: UserWarning: reimporting '_cffi__xa4d8d2abxd58115c8' might overwrite older definitions
    warnings.warn("reimporting %r might overwrite older definitions"

testing/cffi0/test_verify2.py::test_typedef_enum_as_function_result
  /<<PKGBUILDDIR>>/cffi/vengine_cpy.py:191: UserWarning: reimporting '_cffi__x15c13a58xe3a29ad' might overwrite older definitions
    warnings.warn("reimporting %r might overwrite older definitions"

testing/cffi0/test_verify2.py::test_function_typedef
  /<<PKGBUILDDIR>>/cffi/vengine_cpy.py:191: UserWarning: reimporting '_cffi__xdb90b458x8d92042b' might overwrite older definitions
    warnings.warn("reimporting %r might overwrite older definitions"

testing/cffi0/test_verify2.py::test_opaque_integer_as_function_result
  /<<PKGBUILDDIR>>/cffi/vengine_cpy.py:191: UserWarning: reimporting '_cffi__x82c188f1x998ade9a' might overwrite older definitions
    warnings.warn("reimporting %r might overwrite older definitions"

testing/cffi0/test_verify2.py::test_return_partial_struct
  /<<PKGBUILDDIR>>/cffi/vengine_cpy.py:191: UserWarning: reimporting '_cffi__xb79ba932x1a0df92c' might overwrite older definitions
    warnings.warn("reimporting %r might overwrite older definitions"

testing/cffi0/test_verify2.py::test_take_and_return_partial_structs
  /<<PKGBUILDDIR>>/cffi/vengine_cpy.py:191: UserWarning: reimporting '_cffi__x765ad743xfa342767' might overwrite older definitions
    warnings.warn("reimporting %r might overwrite older definitions"

testing/cffi0/test_verify2.py::test_dont_check_unnamable_fields
  /<<PKGBUILDDIR>>/cffi/vengine_cpy.py:191: UserWarning: reimporting '_cffi__x5ee4a9a9x1762c0b2' might overwrite older definitions
    warnings.warn("reimporting %r might overwrite older definitions"

testing/cffi0/test_verify2.py::test_nested_anonymous_struct_exact
  /<<PKGBUILDDIR>>/cffi/vengine_cpy.py:191: UserWarning: reimporting '_cffi__xd1c2374fx496c19d6' might overwrite older definitions
    warnings.warn("reimporting %r might overwrite older definitions"

testing/cffi0/test_verify2.py::test_nested_anonymous_struct_exact_error
  /<<PKGBUILDDIR>>/cffi/vengine_cpy.py:191: UserWarning: reimporting '_cffi__xd54a5167xadad4a9a' might overwrite older definitions
    warnings.warn("reimporting %r might overwrite older definitions"

testing/cffi0/test_verify2.py::test_nested_anonymous_struct_inexact_1
  /<<PKGBUILDDIR>>/cffi/vengine_cpy.py:191: UserWarning: reimporting '_cffi__x6a9fbc6dxf9c57341' might overwrite older definitions
    warnings.warn("reimporting %r might overwrite older definitions"

testing/cffi0/test_verify2.py::test_nested_anonymous_struct_inexact_2
  /<<PKGBUILDDIR>>/cffi/vengine_cpy.py:191: UserWarning: reimporting '_cffi__x11b98edxc0750a9f' might overwrite older definitions
    warnings.warn("reimporting %r might overwrite older definitions"

testing/cffi0/test_verify2.py::test_ffi_union
  /<<PKGBUILDDIR>>/cffi/vengine_cpy.py:191: UserWarning: reimporting '_cffi__x3f87b59dxe155d3d5' might overwrite older definitions
    warnings.warn("reimporting %r might overwrite older definitions"

testing/cffi0/test_verify2.py::test_ffi_union_partial
  /<<PKGBUILDDIR>>/cffi/vengine_cpy.py:191: UserWarning: reimporting '_cffi__x14179e76x28cefa00' might overwrite older definitions
    warnings.warn("reimporting %r might overwrite older definitions"

testing/cffi0/test_verify2.py::test_ffi_union_with_partial_struct
  /<<PKGBUILDDIR>>/cffi/vengine_cpy.py:191: UserWarning: reimporting '_cffi__x4ee254e1x9ee96aa5' might overwrite older definitions
    warnings.warn("reimporting %r might overwrite older definitions"

testing/cffi0/test_verify2.py::test_ffi_union_partial_2
  /<<PKGBUILDDIR>>/cffi/vengine_cpy.py:191: UserWarning: reimporting '_cffi__xb3364fe4xbc9aaab6' might overwrite older definitions
    warnings.warn("reimporting %r might overwrite older definitions"

testing/cffi0/test_verify2.py::test_ffi_union_with_partial_struct_2
  /<<PKGBUILDDIR>>/cffi/vengine_cpy.py:191: UserWarning: reimporting '_cffi__x745ebf19xef0ac5ef' might overwrite older definitions
    warnings.warn("reimporting %r might overwrite older definitions"

testing/cffi0/test_verify2.py::test_ffi_struct_packed
  /<<PKGBUILDDIR>>/cffi/vengine_cpy.py:191: UserWarning: reimporting '_cffi__x8e0c860fxfe2f01ed' might overwrite older definitions
    warnings.warn("reimporting %r might overwrite older definitions"

testing/cffi0/test_verify2.py::test_relative_to
  /<<PKGBUILDDIR>>/cffi/vengine_cpy.py:191: UserWarning: reimporting '_cffi__x7207a1f9x8e32dac0' might overwrite older definitions
    warnings.warn("reimporting %r might overwrite older definitions"

testing/cffi0/test_verify2.py::test_bug1
  /<<PKGBUILDDIR>>/cffi/vengine_cpy.py:191: UserWarning: reimporting '_cffi__x8bf6e7d6xb96706b0' might overwrite older definitions
    warnings.warn("reimporting %r might overwrite older definitions"

testing/cffi0/test_verify2.py::test_bool
  /<<PKGBUILDDIR>>/cffi/vengine_cpy.py:191: UserWarning: reimporting '_cffi__x98664a93x7e0f260f' might overwrite older definitions
    warnings.warn("reimporting %r might overwrite older definitions"

testing/cffi0/test_verify2.py::test_bool_on_long_double
  /<<PKGBUILDDIR>>/cffi/vengine_cpy.py:191: UserWarning: reimporting '_cffi__x8624779dx33ab9a99' might overwrite older definitions
    warnings.warn("reimporting %r might overwrite older definitions"

testing/cffi0/test_verify2.py::test_cannot_pass_float
  /<<PKGBUILDDIR>>/cffi/vengine_cpy.py:191: UserWarning: reimporting '_cffi__x226ced3ex70b66e67' might overwrite older definitions
    warnings.warn("reimporting %r might overwrite older definitions"

testing/cffi0/test_verify2.py::test_cannot_pass_float
  /<<PKGBUILDDIR>>/cffi/vengine_cpy.py:191: UserWarning: reimporting '_cffi__xcd826714x6454a180' might overwrite older definitions
    warnings.warn("reimporting %r might overwrite older definitions"

testing/cffi0/test_verify2.py::test_cannot_pass_float
  /<<PKGBUILDDIR>>/cffi/vengine_cpy.py:191: UserWarning: reimporting '_cffi__x81720633x4665bf37' might overwrite older definitions
    warnings.warn("reimporting %r might overwrite older definitions"

testing/cffi0/test_verify2.py::test_cannot_pass_float
  /<<PKGBUILDDIR>>/cffi/vengine_cpy.py:191: UserWarning: reimporting '_cffi__xbc97eff0x51fa10cd' might overwrite older definitions
    warnings.warn("reimporting %r might overwrite older definitions"

testing/cffi0/test_verify2.py::test_cannot_pass_float
  /<<PKGBUILDDIR>>/cffi/vengine_cpy.py:191: UserWarning: reimporting '_cffi__xdbfa3e29x9ac57dad' might overwrite older definitions
    warnings.warn("reimporting %r might overwrite older definitions"

testing/cffi0/test_verify2.py::test_cannot_pass_float
  /<<PKGBUILDDIR>>/cffi/vengine_cpy.py:191: UserWarning: reimporting '_cffi__xafc4f919xa166b641' might overwrite older definitions
    warnings.warn("reimporting %r might overwrite older definitions"

testing/cffi0/test_verify2.py::test_cannot_pass_float
  /<<PKGBUILDDIR>>/cffi/vengine_cpy.py:191: UserWarning: reimporting '_cffi__x41fb08e8x5094834f' might overwrite older definitions
    warnings.warn("reimporting %r might overwrite older definitions"

testing/cffi0/test_verify2.py::test_cannot_pass_float
  /<<PKGBUILDDIR>>/cffi/vengine_cpy.py:191: UserWarning: reimporting '_cffi__xeee652cfx89e418cd' might overwrite older definitions
    warnings.warn("reimporting %r might overwrite older definitions"

testing/cffi0/test_verify2.py::test_cannot_pass_float
  /<<PKGBUILDDIR>>/cffi/vengine_cpy.py:191: UserWarning: reimporting '_cffi__x91281f6cxb48fb89c' might overwrite older definitions
    warnings.warn("reimporting %r might overwrite older definitions"

testing/cffi0/test_verify2.py::test_cannot_pass_float
  /<<PKGBUILDDIR>>/cffi/vengine_cpy.py:191: UserWarning: reimporting '_cffi__x2b2d3a96x8adc148a' might overwrite older definitions
    warnings.warn("reimporting %r might overwrite older definitions"

testing/cffi0/test_verify2.py::test_addressof
  /<<PKGBUILDDIR>>/cffi/vengine_cpy.py:191: UserWarning: reimporting '_cffi__x9368f33x9413c987' might overwrite older definitions
    warnings.warn("reimporting %r might overwrite older definitions"

testing/cffi0/test_verify2.py::test_FILE_stored_in_stdout
  /<<PKGBUILDDIR>>/cffi/vengine_cpy.py:191: UserWarning: reimporting '_cffi__xd53c98f0x6ff89df0' might overwrite older definitions
    warnings.warn("reimporting %r might overwrite older definitions"

testing/cffi0/test_verify2.py::test_FILE_stored_explicitly
  /<<PKGBUILDDIR>>/cffi/vengine_cpy.py:191: UserWarning: reimporting '_cffi__x4af2a8f3xfa9d4736' might overwrite older definitions
    warnings.warn("reimporting %r might overwrite older definitions"

testing/cffi0/test_verify2.py::test_global_array_with_missing_length
  /<<PKGBUILDDIR>>/cffi/vengine_cpy.py:191: UserWarning: reimporting '_cffi__xdb3e69adx23b46982' might overwrite older definitions
    warnings.warn("reimporting %r might overwrite older definitions"

testing/cffi0/test_verify2.py::test_global_array_with_dotdotdot_length
  /<<PKGBUILDDIR>>/cffi/vengine_cpy.py:191: UserWarning: reimporting '_cffi__x82a5e498xf3f872b5' might overwrite older definitions
    warnings.warn("reimporting %r might overwrite older definitions"

testing/cffi0/test_verify2.py::test_struct_containing_struct
  /<<PKGBUILDDIR>>/cffi/vengine_cpy.py:191: UserWarning: reimporting '_cffi__x57347a80xbf6964e1' might overwrite older definitions
    warnings.warn("reimporting %r might overwrite older definitions"

testing/cffi0/test_verify2.py::test_struct_containing_struct
  /<<PKGBUILDDIR>>/cffi/vengine_cpy.py:191: UserWarning: reimporting '_cffi__x8a3864e1xda6d6175' might overwrite older definitions
    warnings.warn("reimporting %r might overwrite older definitions"

testing/cffi0/test_verify2.py::test_include
  /<<PKGBUILDDIR>>/cffi/vengine_cpy.py:191: UserWarning: reimporting '_cffi__x1b6afa38x388ccc31' might overwrite older definitions
    warnings.warn("reimporting %r might overwrite older definitions"

testing/cffi0/test_verify2.py::test_include
  /<<PKGBUILDDIR>>/cffi/vengine_cpy.py:191: UserWarning: reimporting '_cffi__x9b4a5fadx9af41f73' might overwrite older definitions
    warnings.warn("reimporting %r might overwrite older definitions"

testing/cffi0/test_verify2.py::test_include_enum
  /<<PKGBUILDDIR>>/cffi/vengine_cpy.py:191: UserWarning: reimporting '_cffi__xd091c0bcx3644d803' might overwrite older definitions
    warnings.warn("reimporting %r might overwrite older definitions"

testing/cffi0/test_verify2.py::test_include_enum
  /<<PKGBUILDDIR>>/cffi/vengine_cpy.py:191: UserWarning: reimporting '_cffi__xcd301117x6863efe6' might overwrite older definitions
    warnings.warn("reimporting %r might overwrite older definitions"

testing/cffi0/test_verify2.py::test_named_pointer_as_argument
  /<<PKGBUILDDIR>>/cffi/vengine_cpy.py:191: UserWarning: reimporting '_cffi__x3d85dea0xa884b162' might overwrite older definitions
    warnings.warn("reimporting %r might overwrite older definitions"

testing/cffi0/test_verify2.py::test_enum_size
  /<<PKGBUILDDIR>>/cffi/vengine_cpy.py:191: UserWarning: reimporting '_cffi__xa4f72e3cx912164c6' might overwrite older definitions
    warnings.warn("reimporting %r might overwrite older definitions"

testing/cffi0/test_verify2.py::test_enum_size
  /<<PKGBUILDDIR>>/cffi/vengine_cpy.py:191: UserWarning: reimporting '_cffi__x3556c999xed3c9499' might overwrite older definitions
    warnings.warn("reimporting %r might overwrite older definitions"

testing/cffi0/test_verify2.py::test_enum_size
  /<<PKGBUILDDIR>>/cffi/vengine_cpy.py:191: UserWarning: reimporting '_cffi__x42c41029x4303add7' might overwrite older definitions
    warnings.warn("reimporting %r might overwrite older definitions"

testing/cffi0/test_verify2.py::test_enum_size
  /<<PKGBUILDDIR>>/cffi/vengine_cpy.py:191: UserWarning: reimporting '_cffi__x349ce86cx577dec5a' might overwrite older definitions
    warnings.warn("reimporting %r might overwrite older definitions"

testing/cffi0/test_verify2.py::test_enum_size
  /<<PKGBUILDDIR>>/cffi/vengine_cpy.py:191: UserWarning: reimporting '_cffi__x6d00984ax1f9db135' might overwrite older definitions
    warnings.warn("reimporting %r might overwrite older definitions"

testing/cffi0/test_verify2.py::test_enum_size
  /<<PKGBUILDDIR>>/cffi/vengine_cpy.py:191: UserWarning: reimporting '_cffi__xd6a6ea26xdb5c76f1' might overwrite older definitions
    warnings.warn("reimporting %r might overwrite older definitions"

testing/cffi0/test_verify2.py::test_enum_size
  /<<PKGBUILDDIR>>/cffi/vengine_cpy.py:191: UserWarning: reimporting '_cffi__x497ee449xc7cd945c' might overwrite older definitions
    warnings.warn("reimporting %r might overwrite older definitions"

testing/cffi0/test_verify2.py::test_enum_size
  /<<PKGBUILDDIR>>/cffi/vengine_cpy.py:191: UserWarning: reimporting '_cffi__xdd838330x74f4c16d' might overwrite older definitions
    warnings.warn("reimporting %r might overwrite older definitions"

testing/cffi0/test_verify2.py::test_string_to_voidp_arg
  /<<PKGBUILDDIR>>/cffi/vengine_cpy.py:191: UserWarning: reimporting '_cffi__x81f47bbaxdf0e6843' might overwrite older definitions
    warnings.warn("reimporting %r might overwrite older definitions"

testing/cffi0/test_verify2.py::test_callback_indirection
  /<<PKGBUILDDIR>>/cffi/vengine_cpy.py:191: UserWarning: reimporting '_cffi__x78f83b38x552dbe56' might overwrite older definitions
    warnings.warn("reimporting %r might overwrite older definitions"

testing/cffi0/test_verify2.py::test_floatstar_argument
  /<<PKGBUILDDIR>>/cffi/vengine_cpy.py:191: UserWarning: reimporting '_cffi__xf436ca22x68c0b448' might overwrite older definitions
    warnings.warn("reimporting %r might overwrite older definitions"

testing/cffi0/test_verify2.py::test_charstar_argument
  /<<PKGBUILDDIR>>/cffi/vengine_cpy.py:191: UserWarning: reimporting '_cffi__xb09d7db8x9fd5a009' might overwrite older definitions
    warnings.warn("reimporting %r might overwrite older definitions"

testing/cffi0/test_verify2.py::test_passing_string_or_NULL
  /<<PKGBUILDDIR>>/cffi/vengine_cpy.py:191: UserWarning: reimporting '_cffi__x2616e35x68d076' might overwrite older definitions
    warnings.warn("reimporting %r might overwrite older definitions"

testing/cffi0/test_verify2.py::test_typeof_function
  /<<PKGBUILDDIR>>/cffi/vengine_cpy.py:191: UserWarning: reimporting '_cffi__xb08a6e7dxbe6bd98c' might overwrite older definitions
    warnings.warn("reimporting %r might overwrite older definitions"

testing/cffi0/test_verify2.py::test_call_with_voidstar_arg
  /<<PKGBUILDDIR>>/cffi/vengine_cpy.py:191: UserWarning: reimporting '_cffi__x35a5a20cx2e6185dc' might overwrite older definitions
    warnings.warn("reimporting %r might overwrite older definitions"

testing/cffi0/test_verify2.py::test_dir
  /<<PKGBUILDDIR>>/cffi/vengine_cpy.py:191: UserWarning: reimporting '_cffi__x4fea58c5x2188e523' might overwrite older definitions
    warnings.warn("reimporting %r might overwrite older definitions"

testing/cffi0/test_verify2.py::test_typeof_func_with_struct_argument
  /<<PKGBUILDDIR>>/cffi/vengine_cpy.py:191: UserWarning: reimporting '_cffi__x20b50ecx18d079bf' might overwrite older definitions
    warnings.warn("reimporting %r might overwrite older definitions"

testing/cffi0/test_verify2.py::test_bug_const_char_ptr_array_1
  /<<PKGBUILDDIR>>/cffi/vengine_cpy.py:191: UserWarning: reimporting '_cffi__x13360c6ax4d422544' might overwrite older definitions
    warnings.warn("reimporting %r might overwrite older definitions"

testing/cffi0/test_verify2.py::test_bug_const_char_ptr_array_2
  /<<PKGBUILDDIR>>/cffi/vengine_cpy.py:191: UserWarning: reimporting '_cffi__x9ca466eex6a82585f' might overwrite older definitions
    warnings.warn("reimporting %r might overwrite older definitions"

testing/cffi0/test_verify2.py::test_various_calls_direct
  /<<PKGBUILDDIR>>/cffi/vengine_cpy.py:191: UserWarning: reimporting '_cffi__x3551e9f9xe85ba87a' might overwrite older definitions
    warnings.warn("reimporting %r might overwrite older definitions"

testing/cffi0/test_verify2.py::test_various_calls_libffi
  /<<PKGBUILDDIR>>/cffi/vengine_cpy.py:191: UserWarning: reimporting '_cffi__xca7bda4ax691d22b5' might overwrite older definitions
    warnings.warn("reimporting %r might overwrite older definitions"

testing/cffi0/test_verify2.py::test_ptr_to_opaque
  /<<PKGBUILDDIR>>/cffi/vengine_cpy.py:191: UserWarning: reimporting '_cffi__xf0f38c71x580793e8' might overwrite older definitions
    warnings.warn("reimporting %r might overwrite older definitions"

testing/cffi0/test_verify2.py::test_errno_working_even_with_pypys_jit
  /<<PKGBUILDDIR>>/cffi/vengine_cpy.py:191: UserWarning: reimporting '_cffi__xbb663665x68f761c5' might overwrite older definitions
    warnings.warn("reimporting %r might overwrite older definitions"

testing/cffi0/test_verify2.py::test_verify_extra_arguments
  /<<PKGBUILDDIR>>/cffi/vengine_cpy.py:191: UserWarning: reimporting '_cffi__xe61c6bd2xa1ba6877' might overwrite older definitions
    warnings.warn("reimporting %r might overwrite older definitions"

testing/cffi0/test_verify2.py::test_use_local_dir
  /<<PKGBUILDDIR>>/cffi/vengine_cpy.py:191: UserWarning: reimporting 'test_use_local_dir' might overwrite older definitions
    warnings.warn("reimporting %r might overwrite older definitions"

testing/cffi0/test_verify2.py::test_define_known_value
  /<<PKGBUILDDIR>>/cffi/vengine_cpy.py:191: UserWarning: reimporting '_cffi__xeac8bf13xc00ea2e3' might overwrite older definitions
    warnings.warn("reimporting %r might overwrite older definitions"

testing/cffi0/test_verify2.py::test_static_const_int_known_value
  /<<PKGBUILDDIR>>/cffi/vengine_cpy.py:191: UserWarning: reimporting '_cffi__xeee43c97x7d873834' might overwrite older definitions
    warnings.warn("reimporting %r might overwrite older definitions"

testing/cffi0/test_verify2.py::test_const_struct_global
  /<<PKGBUILDDIR>>/cffi/vengine_cpy.py:191: UserWarning: reimporting '_cffi__x47178319x1e246236' might overwrite older definitions
    warnings.warn("reimporting %r might overwrite older definitions"

testing/cffi0/test_verify2.py::test_const_fields
  /<<PKGBUILDDIR>>/cffi/vengine_cpy.py:191: UserWarning: reimporting '_cffi__x8727b55cx55bd33c3' might overwrite older definitions
    warnings.warn("reimporting %r might overwrite older definitions"

testing/cffi0/test_verify2.py::test_win32_calling_convention_0
  /<<PKGBUILDDIR>>/cffi/vengine_cpy.py:191: UserWarning: reimporting '_cffi__xfbb5da34xa42f250' might overwrite older definitions
    warnings.warn("reimporting %r might overwrite older definitions"

testing/cffi0/test_verify2.py::test_win32_calling_convention_1
  /<<PKGBUILDDIR>>/cffi/vengine_cpy.py:191: UserWarning: reimporting '_cffi__x620571c9xb10594e9' might overwrite older definitions
    warnings.warn("reimporting %r might overwrite older definitions"

testing/cffi0/test_verify2.py::test_win32_calling_convention_2
  /<<PKGBUILDDIR>>/cffi/vengine_cpy.py:191: UserWarning: reimporting '_cffi__x9c2b0627x714ca647' might overwrite older definitions
    warnings.warn("reimporting %r might overwrite older definitions"

testing/cffi0/test_verify2.py::test_win32_calling_convention_3
  /<<PKGBUILDDIR>>/cffi/vengine_cpy.py:191: UserWarning: reimporting '_cffi__xcec413a8x2f601a28' might overwrite older definitions
    warnings.warn("reimporting %r might overwrite older definitions"

testing/cffi0/test_verify2.py::test_ffi_gc_size_arg
  /<<PKGBUILDDIR>>/cffi/vengine_cpy.py:191: UserWarning: reimporting '_cffi__x85d1fbf2x5301af5a' might overwrite older definitions
    warnings.warn("reimporting %r might overwrite older definitions"

testing/cffi0/test_verify2.py::test_arithmetic_in_cdef
  /<<PKGBUILDDIR>>/cffi/vengine_cpy.py:191: UserWarning: reimporting '_cffi__x4fa5ce52x9959ece7' might overwrite older definitions
    warnings.warn("reimporting %r might overwrite older definitions"

testing/cffi0/test_verify2.py::test_arithmetic_in_cdef
  /<<PKGBUILDDIR>>/cffi/vengine_cpy.py:191: UserWarning: reimporting '_cffi__xad357ae3x68dfdccc' might overwrite older definitions
    warnings.warn("reimporting %r might overwrite older definitions"

testing/cffi0/test_verify2.py::test_arithmetic_in_cdef
  /<<PKGBUILDDIR>>/cffi/vengine_cpy.py:191: UserWarning: reimporting '_cffi__x2b1c361ax68dfdccc' might overwrite older definitions
    warnings.warn("reimporting %r might overwrite older definitions"

testing/cffi0/test_verify2.py::test_passing_large_list
  /<<PKGBUILDDIR>>/cffi/vengine_cpy.py:191: UserWarning: reimporting '_cffi__x908601faxd8ac7f7f' might overwrite older definitions
    warnings.warn("reimporting %r might overwrite older definitions"

-- Docs: https://docs.pytest.org/en/latest/warnings.html
= 3 failed, 1935 passed, 86 skipped, 4 xfailed, 206 warnings in 301.74 seconds =
E: pybuild pybuild:352: test: plugin custom failed with: exit code=1: python3.8 -m pytest c/ testing/
dh_auto_test: error: pybuild --test --test-pytest -i python{version} -p 3.8 returned exit code 13
make[1]: *** [debian/rules:17: override_dh_auto_test] Error 25
make[1]: Leaving directory '/<<PKGBUILDDIR>>'
make: *** [debian/rules:10: binary] Error 2
dpkg-buildpackage: error: debian/rules binary subprocess returned exit status 2
--------------------------------------------------------------------------------
Build finished at 2020-05-03T03:11:34Z

Finished
--------


+------------------------------------------------------------------------------+
| Cleanup                                                                      |
+------------------------------------------------------------------------------+

Purging /<<BUILDDIR>>
Not cleaning session: cloned chroot in use
E: Build failure (dpkg-buildpackage died)

+------------------------------------------------------------------------------+
| Summary                                                                      |
+------------------------------------------------------------------------------+

Build Architecture: amd64
Build Type: binary
Build-Space: 27092
Build-Time: 313
Distribution: unstable
Fail-Stage: build
Host Architecture: amd64
Install-Time: 24
Job: python-cffi_1.14.0-2
Machine Architecture: amd64
Package: python-cffi
Package-Time: 353
Source-Version: 1.14.0-2
Space: 27092
Status: attempted
Version: 1.14.0-2
--------------------------------------------------------------------------------
Finished at 2020-05-03T03:11:34Z
Build needed 00:05:53, 27092k disk space
E: Build failure (dpkg-buildpackage died)
DC-Status: Failed 353.898132575s
DC-Time-Estimation: 353.898132575 versus expected 3303 (r/m: 8.333194204691122 ; m: 353.898132575)
