DC-Build-Header: rttr 0.9.6+dfsg1-3 / 2020-05-03 04:41:58 +0000
DC-Task: type:rebuild-binarch-only source:rttr version:0.9.6+dfsg1-3 chroot:unstable esttime:177 logfile:/tmp/rttr_0.9.6+dfsg1-3_unstable_clang10.log modes:clang10:binarch-only
DC-Sbuild-call: su user42 -c 'sbuild -n --arch-any --apt-update -d unstable -v --no-run-lintian --chroot-setup-commands=/tmp/clang10 rttr_0.9.6+dfsg1-3'
sbuild (Debian sbuild) 0.78.1 (09 February 2019) on ip-172-31-15-56.eu-central-1.compute.internal

+==============================================================================+
| rttr 0.9.6+dfsg1-3 (amd64)                   Sun, 03 May 2020 04:41:58 +0000 |
+==============================================================================+

Package: rttr
Version: 0.9.6+dfsg1-3
Source Version: 0.9.6+dfsg1-3
Distribution: unstable
Machine Architecture: amd64
Host Architecture: amd64
Build Architecture: amd64
Build Type: binary

I: NOTICE: Log filtering will replace 'var/run/schroot/mount/sid-amd64-sbuild-c97605e0-63c4-4da5-b2f3-af1601ca9b68' with '<<CHROOT>>'

+------------------------------------------------------------------------------+
| Chroot Setup Commands                                                        |
+------------------------------------------------------------------------------+


/tmp/clang10
------------

+ echo 'Entering customization script...'
Entering customization script...
+ CLANG_VERSION=10
+ echo 'Install of clang-10'
Install of clang-10
+ apt-get update
Get:1 http://127.0.0.1:12990/debian sid InRelease [146 kB]
Get:2 http://127.0.0.1:12990/debian sid/main Sources.diff/Index [27.9 kB]
Get:3 http://127.0.0.1:12990/debian sid/main amd64 Packages.diff/Index [27.9 kB]
Get:4 http://127.0.0.1:12990/debian sid/main Sources 2020-05-02-0208.16.pdiff [3982 B]
Get:5 http://127.0.0.1:12990/debian sid/main Sources 2020-05-02-0807.49.pdiff [10.9 kB]
Get:6 http://127.0.0.1:12990/debian sid/main Sources 2020-05-02-1412.30.pdiff [12.9 kB]
Get:7 http://127.0.0.1:12990/debian sid/main Sources 2020-05-02-2007.10.pdiff [13.4 kB]
Get:8 http://127.0.0.1:12990/debian sid/main Sources 2020-05-03-0208.39.pdiff [9476 B]
Get:8 http://127.0.0.1:12990/debian sid/main Sources 2020-05-03-0208.39.pdiff [9476 B]
Get:9 http://127.0.0.1:12990/debian sid/main amd64 Packages 2020-05-02-0208.16.pdiff [2772 B]
Get:10 http://127.0.0.1:12990/debian sid/main amd64 Packages 2020-05-02-0807.49.pdiff [3238 B]
Get:11 http://127.0.0.1:12990/debian sid/main amd64 Packages 2020-05-02-1412.30.pdiff [7641 B]
Get:12 http://127.0.0.1:12990/debian sid/main amd64 Packages 2020-05-02-2007.10.pdiff [10.5 kB]
Get:13 http://127.0.0.1:12990/debian sid/main amd64 Packages 2020-05-03-0208.39.pdiff [18.4 kB]
Get:13 http://127.0.0.1:12990/debian sid/main amd64 Packages 2020-05-03-0208.39.pdiff [18.4 kB]
Get:14 http://127.0.0.1:12990/debian sid/main Translation-en [6185 kB]
Fetched 6480 kB in 2s (3937 kB/s)
Reading package lists...
+ apt-get install --yes --no-install-recommends --force-yes clang-10 libomp-10-dev libobjc-9-dev
Reading package lists...
Building dependency tree...
The following additional packages will be installed:
  gcc-10-base lib32gcc-s1 lib32gcc1 lib32stdc++6 libatomic1 libbsd0 libc6-i386
  libcc1-0 libclang-common-10-dev libclang-cpp10 libclang1-10 libedit2
  libgc1c2 libgcc-s1 libgomp1 libitm1 libllvm10 liblsan0 libobjc4 libomp5-10
  libquadmath0 libstdc++6 libtsan0 libubsan1 libz3-4
Suggested packages:
  clang-10-doc libomp-10-doc
Recommended packages:
  llvm-10-dev python3
The following NEW packages will be installed:
  clang-10 lib32gcc-s1 lib32gcc1 lib32stdc++6 libbsd0 libc6-i386
  libclang-common-10-dev libclang-cpp10 libclang1-10 libedit2 libgc1c2
  libllvm10 libobjc-9-dev libobjc4 libomp-10-dev libomp5-10 libz3-4
The following packages will be upgraded:
  gcc-10-base libatomic1 libcc1-0 libgcc-s1 libgomp1 libitm1 liblsan0
  libquadmath0 libstdc++6 libtsan0 libubsan1
11 upgraded, 17 newly installed, 0 to remove and 0 not upgraded.
Need to get 51.4 MB of archives.
After this operation, 259 MB of additional disk space will be used.
Get:1 http://127.0.0.1:12990/debian sid/main amd64 libatomic1 amd64 10-20200502-1 [9048 B]
Get:2 http://127.0.0.1:12990/debian sid/main amd64 libubsan1 amd64 10-20200502-1 [134 kB]
Get:3 http://127.0.0.1:12990/debian sid/main amd64 libtsan0 amd64 10-20200502-1 [313 kB]
Get:4 http://127.0.0.1:12990/debian sid/main amd64 gcc-10-base amd64 10-20200502-1 [197 kB]
Get:5 http://127.0.0.1:12990/debian sid/main amd64 libstdc++6 amd64 10-20200502-1 [492 kB]
Get:6 http://127.0.0.1:12990/debian sid/main amd64 libquadmath0 amd64 10-20200502-1 [145 kB]
Get:7 http://127.0.0.1:12990/debian sid/main amd64 liblsan0 amd64 10-20200502-1 [141 kB]
Get:8 http://127.0.0.1:12990/debian sid/main amd64 libitm1 amd64 10-20200502-1 [25.7 kB]
Get:9 http://127.0.0.1:12990/debian sid/main amd64 libgomp1 amd64 10-20200502-1 [99.3 kB]
Get:10 http://127.0.0.1:12990/debian sid/main amd64 libcc1-0 amd64 10-20200502-1 [39.7 kB]
Get:11 http://127.0.0.1:12990/debian sid/main amd64 libgcc-s1 amd64 10-20200502-1 [41.2 kB]
Get:12 http://127.0.0.1:12990/debian sid/main amd64 libbsd0 amd64 0.10.0-1 [107 kB]
Get:13 http://127.0.0.1:12990/debian sid/main amd64 libedit2 amd64 3.1-20191231-1 [95.4 kB]
Get:14 http://127.0.0.1:12990/debian sid/main amd64 libz3-4 amd64 4.8.7-4 [6790 kB]
Get:15 http://127.0.0.1:12990/debian sid/main amd64 libllvm10 amd64 1:10.0.0-4 [15.5 MB]
Get:16 http://127.0.0.1:12990/debian sid/main amd64 libclang-cpp10 amd64 1:10.0.0-4 [10.1 MB]
Get:17 http://127.0.0.1:12990/debian sid/main amd64 libgc1c2 amd64 1:7.6.4-0.4 [224 kB]
Get:18 http://127.0.0.1:12990/debian sid/main amd64 libobjc4 amd64 10-20200502-1 [41.6 kB]
Get:19 http://127.0.0.1:12990/debian sid/main amd64 libobjc-9-dev amd64 9.3.0-11 [218 kB]
Get:20 http://127.0.0.1:12990/debian sid/main amd64 libc6-i386 amd64 2.30-4 [2926 kB]
Get:21 http://127.0.0.1:12990/debian sid/main amd64 lib32gcc-s1 amd64 10-20200502-1 [49.4 kB]
Get:22 http://127.0.0.1:12990/debian sid/main amd64 lib32gcc1 amd64 1:10-20200502-1 [1100 B]
Get:23 http://127.0.0.1:12990/debian sid/main amd64 lib32stdc++6 amd64 10-20200502-1 [510 kB]
Get:24 http://127.0.0.1:12990/debian sid/main amd64 libclang-common-10-dev amd64 1:10.0.0-4 [5062 kB]
Get:25 http://127.0.0.1:12990/debian sid/main amd64 libclang1-10 amd64 1:10.0.0-4 [7609 kB]
Get:26 http://127.0.0.1:12990/debian sid/main amd64 clang-10 amd64 1:10.0.0-4 [105 kB]
Get:27 http://127.0.0.1:12990/debian sid/main amd64 libomp5-10 amd64 1:10.0.0-4 [338 kB]
Get:28 http://127.0.0.1:12990/debian sid/main amd64 libomp-10-dev amd64 1:10.0.0-4 [85.0 kB]
debconf: delaying package configuration, since apt-utils is not installed
Fetched 51.4 MB in 0s (142 MB/s)
(Reading database ... (Reading database ... 5%(Reading database ... 10%(Reading database ... 15%(Reading database ... 20%(Reading database ... 25%(Reading database ... 30%(Reading database ... 35%(Reading database ... 40%(Reading database ... 45%(Reading database ... 50%(Reading database ... 55%(Reading database ... 60%(Reading database ... 65%(Reading database ... 70%(Reading database ... 75%(Reading database ... 80%(Reading database ... 85%(Reading database ... 90%(Reading database ... 95%(Reading database ... 100%(Reading database ... 12123 files and directories currently installed.)
Preparing to unpack .../libatomic1_10-20200502-1_amd64.deb ...
Unpacking libatomic1:amd64 (10-20200502-1) over (10-20200418-1) ...
Preparing to unpack .../libubsan1_10-20200502-1_amd64.deb ...
Unpacking libubsan1:amd64 (10-20200502-1) over (10-20200418-1) ...
Preparing to unpack .../libtsan0_10-20200502-1_amd64.deb ...
Unpacking libtsan0:amd64 (10-20200502-1) over (10-20200418-1) ...
Preparing to unpack .../gcc-10-base_10-20200502-1_amd64.deb ...
Unpacking gcc-10-base:amd64 (10-20200502-1) over (10-20200418-1) ...
Setting up gcc-10-base:amd64 (10-20200502-1) ...
(Reading database ... (Reading database ... 5%(Reading database ... 10%(Reading database ... 15%(Reading database ... 20%(Reading database ... 25%(Reading database ... 30%(Reading database ... 35%(Reading database ... 40%(Reading database ... 45%(Reading database ... 50%(Reading database ... 55%(Reading database ... 60%(Reading database ... 65%(Reading database ... 70%(Reading database ... 75%(Reading database ... 80%(Reading database ... 85%(Reading database ... 90%(Reading database ... 95%(Reading database ... 100%(Reading database ... 12123 files and directories currently installed.)
Preparing to unpack .../libstdc++6_10-20200502-1_amd64.deb ...
Unpacking libstdc++6:amd64 (10-20200502-1) over (10-20200418-1) ...
Setting up libstdc++6:amd64 (10-20200502-1) ...
(Reading database ... (Reading database ... 5%(Reading database ... 10%(Reading database ... 15%(Reading database ... 20%(Reading database ... 25%(Reading database ... 30%(Reading database ... 35%(Reading database ... 40%(Reading database ... 45%(Reading database ... 50%(Reading database ... 55%(Reading database ... 60%(Reading database ... 65%(Reading database ... 70%(Reading database ... 75%(Reading database ... 80%(Reading database ... 85%(Reading database ... 90%(Reading database ... 95%(Reading database ... 100%(Reading database ... 12123 files and directories currently installed.)
Preparing to unpack .../0-libquadmath0_10-20200502-1_amd64.deb ...
Unpacking libquadmath0:amd64 (10-20200502-1) over (10-20200418-1) ...
Preparing to unpack .../1-liblsan0_10-20200502-1_amd64.deb ...
Unpacking liblsan0:amd64 (10-20200502-1) over (10-20200418-1) ...
Preparing to unpack .../2-libitm1_10-20200502-1_amd64.deb ...
Unpacking libitm1:amd64 (10-20200502-1) over (10-20200418-1) ...
Preparing to unpack .../3-libgomp1_10-20200502-1_amd64.deb ...
Unpacking libgomp1:amd64 (10-20200502-1) over (10-20200418-1) ...
Preparing to unpack .../4-libcc1-0_10-20200502-1_amd64.deb ...
Unpacking libcc1-0:amd64 (10-20200502-1) over (10-20200418-1) ...
Preparing to unpack .../5-libgcc-s1_10-20200502-1_amd64.deb ...
Unpacking libgcc-s1:amd64 (10-20200502-1) over (10-20200418-1) ...
Setting up libgcc-s1:amd64 (10-20200502-1) ...
Selecting previously unselected package libbsd0:amd64.
(Reading database ... (Reading database ... 5%(Reading database ... 10%(Reading database ... 15%(Reading database ... 20%(Reading database ... 25%(Reading database ... 30%(Reading database ... 35%(Reading database ... 40%(Reading database ... 45%(Reading database ... 50%(Reading database ... 55%(Reading database ... 60%(Reading database ... 65%(Reading database ... 70%(Reading database ... 75%(Reading database ... 80%(Reading database ... 85%(Reading database ... 90%(Reading database ... 95%(Reading database ... 100%(Reading database ... 12123 files and directories currently installed.)
Preparing to unpack .../00-libbsd0_0.10.0-1_amd64.deb ...
Unpacking libbsd0:amd64 (0.10.0-1) ...
Selecting previously unselected package libedit2:amd64.
Preparing to unpack .../01-libedit2_3.1-20191231-1_amd64.deb ...
Unpacking libedit2:amd64 (3.1-20191231-1) ...
Selecting previously unselected package libz3-4:amd64.
Preparing to unpack .../02-libz3-4_4.8.7-4_amd64.deb ...
Unpacking libz3-4:amd64 (4.8.7-4) ...
Selecting previously unselected package libllvm10:amd64.
Preparing to unpack .../03-libllvm10_1%3a10.0.0-4_amd64.deb ...
Unpacking libllvm10:amd64 (1:10.0.0-4) ...
Selecting previously unselected package libclang-cpp10.
Preparing to unpack .../04-libclang-cpp10_1%3a10.0.0-4_amd64.deb ...
Unpacking libclang-cpp10 (1:10.0.0-4) ...
Selecting previously unselected package libgc1c2:amd64.
Preparing to unpack .../05-libgc1c2_1%3a7.6.4-0.4_amd64.deb ...
Unpacking libgc1c2:amd64 (1:7.6.4-0.4) ...
Selecting previously unselected package libobjc4:amd64.
Preparing to unpack .../06-libobjc4_10-20200502-1_amd64.deb ...
Unpacking libobjc4:amd64 (10-20200502-1) ...
Selecting previously unselected package libobjc-9-dev:amd64.
Preparing to unpack .../07-libobjc-9-dev_9.3.0-11_amd64.deb ...
Unpacking libobjc-9-dev:amd64 (9.3.0-11) ...
Selecting previously unselected package libc6-i386.
Preparing to unpack .../08-libc6-i386_2.30-4_amd64.deb ...
Unpacking libc6-i386 (2.30-4) ...
Selecting previously unselected package lib32gcc-s1.
Preparing to unpack .../09-lib32gcc-s1_10-20200502-1_amd64.deb ...
Unpacking lib32gcc-s1 (10-20200502-1) ...
Selecting previously unselected package lib32gcc1.
Preparing to unpack .../10-lib32gcc1_1%3a10-20200502-1_amd64.deb ...
Unpacking lib32gcc1 (1:10-20200502-1) ...
Selecting previously unselected package lib32stdc++6.
Preparing to unpack .../11-lib32stdc++6_10-20200502-1_amd64.deb ...
Unpacking lib32stdc++6 (10-20200502-1) ...
Selecting previously unselected package libclang-common-10-dev.
Preparing to unpack .../12-libclang-common-10-dev_1%3a10.0.0-4_amd64.deb ...
Unpacking libclang-common-10-dev (1:10.0.0-4) ...
Selecting previously unselected package libclang1-10.
Preparing to unpack .../13-libclang1-10_1%3a10.0.0-4_amd64.deb ...
Unpacking libclang1-10 (1:10.0.0-4) ...
Selecting previously unselected package clang-10.
Preparing to unpack .../14-clang-10_1%3a10.0.0-4_amd64.deb ...
Unpacking clang-10 (1:10.0.0-4) ...
Selecting previously unselected package libomp5-10:amd64.
Preparing to unpack .../15-libomp5-10_1%3a10.0.0-4_amd64.deb ...
Unpacking libomp5-10:amd64 (1:10.0.0-4) ...
Selecting previously unselected package libomp-10-dev.
Preparing to unpack .../16-libomp-10-dev_1%3a10.0.0-4_amd64.deb ...
Unpacking libomp-10-dev (1:10.0.0-4) ...
Setting up libgc1c2:amd64 (1:7.6.4-0.4) ...
Setting up libobjc4:amd64 (10-20200502-1) ...
Setting up libgomp1:amd64 (10-20200502-1) ...
Setting up libz3-4:amd64 (4.8.7-4) ...
Setting up libquadmath0:amd64 (10-20200502-1) ...
Setting up libatomic1:amd64 (10-20200502-1) ...
Setting up libobjc-9-dev:amd64 (9.3.0-11) ...
Setting up libubsan1:amd64 (10-20200502-1) ...
Setting up libomp5-10:amd64 (1:10.0.0-4) ...
Setting up libc6-i386 (2.30-4) ...
Setting up libbsd0:amd64 (0.10.0-1) ...
Setting up libcc1-0:amd64 (10-20200502-1) ...
Setting up liblsan0:amd64 (10-20200502-1) ...
Setting up libitm1:amd64 (10-20200502-1) ...
Setting up libtsan0:amd64 (10-20200502-1) ...
Setting up libomp-10-dev (1:10.0.0-4) ...
Setting up libedit2:amd64 (3.1-20191231-1) ...
Setting up libllvm10:amd64 (1:10.0.0-4) ...
Setting up lib32gcc-s1 (10-20200502-1) ...
Setting up libclang1-10 (1:10.0.0-4) ...
Setting up lib32gcc1 (1:10-20200502-1) ...
Setting up libclang-cpp10 (1:10.0.0-4) ...
Setting up lib32stdc++6 (10-20200502-1) ...
Setting up libclang-common-10-dev (1:10.0.0-4) ...
Setting up clang-10 (1:10.0.0-4) ...
Processing triggers for libc-bin (2.30-4) ...
W: --force-yes is deprecated, use one of the options starting with --allow instead.
+ echo 'Replace gcc, g++ & cpp by clang'
Replace gcc, g++ & cpp by clang
+ VERSIONS='4.6 4.7 4.8 4.9 5 6 7 8 9 10'
+ cd /usr/bin
+ for VERSION in $VERSIONS
+ rm -f g++-4.6 gcc-4.6 cpp-4.6 gcc
+ ln -s clang++-10 g++-4.6
+ ln -s clang-10 gcc-4.6
+ ln -s clang-10 cpp-4.6
+ ln -s clang-10 gcc
+ echo 'gcc-4.6 hold'
+ dpkg --set-selections
dpkg: warning: package not in status nor available database at line 1: gcc-4.6
dpkg: warning: found unknown packages; this might mean the available database
is outdated, and needs to be updated through a frontend method;
please see the FAQ <https://wiki.debian.org/Teams/Dpkg/FAQ>
+ echo 'g++-4.6 hold'
+ dpkg --set-selections
dpkg: warning: package not in status nor available database at line 1: g++-4.6
dpkg: warning: found unknown packages; this might mean the available database
is outdated, and needs to be updated through a frontend method;
please see the FAQ <https://wiki.debian.org/Teams/Dpkg/FAQ>
+ for VERSION in $VERSIONS
+ rm -f g++-4.7 gcc-4.7 cpp-4.7 gcc
+ ln -s clang++-10 g++-4.7
+ ln -s clang-10 gcc-4.7
+ ln -s clang-10 cpp-4.7
+ ln -s clang-10 gcc
+ echo 'gcc-4.7 hold'
+ dpkg --set-selections
dpkg: warning: package not in status nor available database at line 1: gcc-4.7
dpkg: warning: found unknown packages; this might mean the available database
is outdated, and needs to be updated through a frontend method;
please see the FAQ <https://wiki.debian.org/Teams/Dpkg/FAQ>
+ echo 'g++-4.7 hold'
+ dpkg --set-selections
dpkg: warning: package not in status nor available database at line 1: g++-4.7
dpkg: warning: found unknown packages; this might mean the available database
is outdated, and needs to be updated through a frontend method;
please see the FAQ <https://wiki.debian.org/Teams/Dpkg/FAQ>
+ for VERSION in $VERSIONS
+ rm -f g++-4.8 gcc-4.8 cpp-4.8 gcc
+ ln -s clang++-10 g++-4.8
+ ln -s clang-10 gcc-4.8
+ ln -s clang-10 cpp-4.8
+ ln -s clang-10 gcc
+ echo 'gcc-4.8 hold'
+ dpkg --set-selections
dpkg: warning: package not in status nor available database at line 1: gcc-4.8
dpkg: warning: found unknown packages; this might mean the available database
is outdated, and needs to be updated through a frontend method;
please see the FAQ <https://wiki.debian.org/Teams/Dpkg/FAQ>
+ echo 'g++-4.8 hold'
+ dpkg --set-selections
dpkg: warning: package not in status nor available database at line 1: g++-4.8
dpkg: warning: found unknown packages; this might mean the available database
is outdated, and needs to be updated through a frontend method;
please see the FAQ <https://wiki.debian.org/Teams/Dpkg/FAQ>
+ for VERSION in $VERSIONS
+ rm -f g++-4.9 gcc-4.9 cpp-4.9 gcc
+ ln -s clang++-10 g++-4.9
+ ln -s clang-10 gcc-4.9
+ ln -s clang-10 cpp-4.9
+ ln -s clang-10 gcc
+ echo 'gcc-4.9 hold'
+ dpkg --set-selections
dpkg: warning: package not in status nor available database at line 1: gcc-4.9
dpkg: warning: found unknown packages; this might mean the available database
is outdated, and needs to be updated through a frontend method;
please see the FAQ <https://wiki.debian.org/Teams/Dpkg/FAQ>
+ echo 'g++-4.9 hold'
+ dpkg --set-selections
dpkg: warning: package not in status nor available database at line 1: g++-4.9
dpkg: warning: found unknown packages; this might mean the available database
is outdated, and needs to be updated through a frontend method;
please see the FAQ <https://wiki.debian.org/Teams/Dpkg/FAQ>
+ for VERSION in $VERSIONS
+ rm -f g++-5 gcc-5 cpp-5 gcc
+ ln -s clang++-10 g++-5
+ ln -s clang-10 gcc-5
+ ln -s clang-10 cpp-5
+ ln -s clang-10 gcc
+ echo 'gcc-5 hold'
+ dpkg --set-selections
dpkg: warning: package not in status nor available database at line 1: gcc-5
dpkg: warning: found unknown packages; this might mean the available database
is outdated, and needs to be updated through a frontend method;
please see the FAQ <https://wiki.debian.org/Teams/Dpkg/FAQ>
+ echo 'g++-5 hold'
+ dpkg --set-selections
dpkg: warning: package not in status nor available database at line 1: g++-5
dpkg: warning: found unknown packages; this might mean the available database
is outdated, and needs to be updated through a frontend method;
please see the FAQ <https://wiki.debian.org/Teams/Dpkg/FAQ>
+ for VERSION in $VERSIONS
+ rm -f g++-6 gcc-6 cpp-6 gcc
+ ln -s clang++-10 g++-6
+ ln -s clang-10 gcc-6
+ ln -s clang-10 cpp-6
+ ln -s clang-10 gcc
+ echo 'gcc-6 hold'
+ dpkg --set-selections
dpkg: warning: package not in status nor available database at line 1: gcc-6
dpkg: warning: found unknown packages; this might mean the available database
is outdated, and needs to be updated through a frontend method;
please see the FAQ <https://wiki.debian.org/Teams/Dpkg/FAQ>
+ echo 'g++-6 hold'
+ dpkg --set-selections
dpkg: warning: package not in status nor available database at line 1: g++-6
dpkg: warning: found unknown packages; this might mean the available database
is outdated, and needs to be updated through a frontend method;
please see the FAQ <https://wiki.debian.org/Teams/Dpkg/FAQ>
+ for VERSION in $VERSIONS
+ rm -f g++-7 gcc-7 cpp-7 gcc
+ ln -s clang++-10 g++-7
+ ln -s clang-10 gcc-7
+ ln -s clang-10 cpp-7
+ ln -s clang-10 gcc
+ echo 'gcc-7 hold'
+ dpkg --set-selections
dpkg: warning: package not in status nor available database at line 1: gcc-7
dpkg: warning: found unknown packages; this might mean the available database
is outdated, and needs to be updated through a frontend method;
please see the FAQ <https://wiki.debian.org/Teams/Dpkg/FAQ>
+ echo 'g++-7 hold'
+ dpkg --set-selections
dpkg: warning: package not in status nor available database at line 1: g++-7
dpkg: warning: found unknown packages; this might mean the available database
is outdated, and needs to be updated through a frontend method;
please see the FAQ <https://wiki.debian.org/Teams/Dpkg/FAQ>
+ for VERSION in $VERSIONS
+ rm -f g++-8 gcc-8 cpp-8 gcc
+ ln -s clang++-10 g++-8
+ ln -s clang-10 gcc-8
+ ln -s clang-10 cpp-8
+ ln -s clang-10 gcc
+ echo 'gcc-8 hold'
+ dpkg --set-selections
dpkg: warning: package not in status nor available database at line 1: gcc-8
dpkg: warning: found unknown packages; this might mean the available database
is outdated, and needs to be updated through a frontend method;
please see the FAQ <https://wiki.debian.org/Teams/Dpkg/FAQ>
+ echo 'g++-8 hold'
+ dpkg --set-selections
dpkg: warning: package not in status nor available database at line 1: g++-8
dpkg: warning: found unknown packages; this might mean the available database
is outdated, and needs to be updated through a frontend method;
please see the FAQ <https://wiki.debian.org/Teams/Dpkg/FAQ>
+ for VERSION in $VERSIONS
+ rm -f g++-9 gcc-9 cpp-9 gcc
+ ln -s clang++-10 g++-9
+ ln -s clang-10 gcc-9
+ ln -s clang-10 cpp-9
+ ln -s clang-10 gcc
+ echo 'gcc-9 hold'
+ dpkg --set-selections
+ echo 'g++-9 hold'
+ dpkg --set-selections
+ for VERSION in $VERSIONS
+ rm -f g++-10 gcc-10 cpp-10 gcc
+ ln -s clang++-10 g++-10
+ ln -s clang-10 gcc-10
+ ln -s clang-10 cpp-10
+ ln -s clang-10 gcc
+ echo 'gcc-10 hold'
+ dpkg --set-selections
dpkg: warning: package not in status nor available database at line 1: gcc-10
dpkg: warning: found unknown packages; this might mean the available database
is outdated, and needs to be updated through a frontend method;
please see the FAQ <https://wiki.debian.org/Teams/Dpkg/FAQ>
+ echo 'g++-10 hold'
+ dpkg --set-selections
dpkg: warning: package not in status nor available database at line 1: g++-10
dpkg: warning: found unknown packages; this might mean the available database
is outdated, and needs to be updated through a frontend method;
please see the FAQ <https://wiki.debian.org/Teams/Dpkg/FAQ>
+ cd -
/build/rttr-kWuukK
+ echo 'Check if gcc, g++ & cpp are actually clang'
Check if gcc, g++ & cpp are actually clang
+ gcc --version
+ grep clang
+ cpp --version
+ grep clang
+ g++ --version
+ grep clang
+ cd /usr/bin/
+ rm -f clang++ clang
+ ln -s clang-10 clang++
+ ln -s clang-10 clang
+ clang++ --version
clang version 10.0.0-4 
Target: x86_64-pc-linux-gnu
Thread model: posix
InstalledDir: /usr/bin
+ clang --version
clang version 10.0.0-4 
Target: x86_64-pc-linux-gnu
Thread model: posix
InstalledDir: /usr/bin
+ cd -
/build/rttr-kWuukK
+ apt install --yes --no-install-recommends --force-yes qt5-qmake

WARNING: apt does not have a stable CLI interface. Use with caution in scripts.

Reading package lists...
Building dependency tree...
Reading state information...
The following additional packages will be installed:
  qt5-qmake-bin qtchooser
The following NEW packages will be installed:
  qt5-qmake qt5-qmake-bin qtchooser
0 upgraded, 3 newly installed, 0 to remove and 0 not upgraded.
Need to get 1270 kB of archives.
After this operation, 4788 kB of additional disk space will be used.
Get:1 http://127.0.0.1:12990/debian sid/main amd64 qt5-qmake-bin amd64 5.12.5+dfsg-10 [1015 kB]
Get:2 http://127.0.0.1:12990/debian sid/main amd64 qtchooser amd64 66-2 [26.3 kB]
Get:3 http://127.0.0.1:12990/debian sid/main amd64 qt5-qmake amd64 5.12.5+dfsg-10 [229 kB]
debconf: delaying package configuration, since apt-utils is not installed
Fetched 1270 kB in 0s (20.1 MB/s)
Selecting previously unselected package qt5-qmake-bin.
(Reading database ... (Reading database ... 5%(Reading database ... 10%(Reading database ... 15%(Reading database ... 20%(Reading database ... 25%(Reading database ... 30%(Reading database ... 35%(Reading database ... 40%(Reading database ... 45%(Reading database ... 50%(Reading database ... 55%(Reading database ... 60%(Reading database ... 65%(Reading database ... 70%(Reading database ... 75%(Reading database ... 80%(Reading database ... 85%(Reading database ... 90%(Reading database ... 95%(Reading database ... 100%(Reading database ... 12968 files and directories currently installed.)
Preparing to unpack .../qt5-qmake-bin_5.12.5+dfsg-10_amd64.deb ...
Unpacking qt5-qmake-bin (5.12.5+dfsg-10) ...
Selecting previously unselected package qtchooser.
Preparing to unpack .../qtchooser_66-2_amd64.deb ...
Unpacking qtchooser (66-2) ...
Selecting previously unselected package qt5-qmake:amd64.
Preparing to unpack .../qt5-qmake_5.12.5+dfsg-10_amd64.deb ...
Unpacking qt5-qmake:amd64 (5.12.5+dfsg-10) ...
Setting up qt5-qmake-bin (5.12.5+dfsg-10) ...
Setting up qtchooser (66-2) ...
Setting up qt5-qmake:amd64 (5.12.5+dfsg-10) ...
W: --force-yes is deprecated, use one of the options starting with --allow instead.
+ cp /usr/lib/x86_64-linux-gnu/qt5/mkspecs/linux-clang/qmake.conf /usr/lib/x86_64-linux-gnu/qt5/mkspecs/linux-clang/qplatformdefs.h /usr/lib/x86_64-linux-gnu/qt5/mkspecs/linux-g++/
+ ls -al /usr/lib/x86_64-linux-gnu/qt5/mkspecs/linux-g++/
total 16
drwxr-xr-x  2 root root 4096 May  3 04:42 .
drwxr-xr-x 75 root root 4096 May  3 04:42 ..
-rw-r--r--  1 root root  276 May  3 04:42 qmake.conf
-rw-r--r--  1 root root 3218 May  3 04:42 qplatformdefs.h
+ cat /usr/lib/x86_64-linux-gnu/qt5/mkspecs/linux-g++/qmake.conf
#
# qmake configuration for linux-clang
#

MAKEFILE_GENERATOR = UNIX
CONFIG += incremental

QMAKE_INCREMENTAL_STYLE = sublib

include(../common/linux.conf)
include(../common/gcc-base-unix.conf)
include(../common/clang.conf)

QMAKE_LFLAGS += -ccc-gcc-name g++

load(qt_config)
+ export QMAKESPEC=/usr/lib/x86_64-linux-gnu/qt5/mkspecs/linux-clang/
+ QMAKESPEC=/usr/lib/x86_64-linux-gnu/qt5/mkspecs/linux-clang/
+ sed -i -e 's|compare_problem(2,|compare_problem(0,|g' /usr/bin/dpkg-gensymbols
+ sed -i -e 's|compare_problem(1,|compare_problem(0,|g' /usr/bin/dpkg-gensymbols
+ grep 'compare_problem(' /usr/bin/dpkg-gensymbols
        compare_problem(4, g_('new libraries appeared in the symbols file: %s'), "@libs");
        compare_problem(3, g_('some libraries disappeared in the symbols file: %s'), "@libs");
        compare_problem(0, g_('some new symbols appeared in the symbols file: %s'),
        compare_problem(0, g_('some symbols or patterns disappeared in the symbols file: %s'),

I: Finished running '/tmp/clang10'.

Finished processing commands.
--------------------------------------------------------------------------------
I: NOTICE: Log filtering will replace 'build/rttr-kWuukK/resolver-yZ1Vvt' with '<<RESOLVERDIR>>'

+------------------------------------------------------------------------------+
| Update chroot                                                                |
+------------------------------------------------------------------------------+

Hit:1 http://127.0.0.1:12990/debian sid InRelease
Reading package lists...
Reading package lists...
Building dependency tree...
Reading state information...
Calculating upgrade...
0 upgraded, 0 newly installed, 0 to remove and 0 not upgraded.

+------------------------------------------------------------------------------+
| Fetch source files                                                           |
+------------------------------------------------------------------------------+


Check APT
---------

Checking available source versions...

Download source files with APT
------------------------------

Reading package lists...
Need to get 346 kB of source archives.
Get:1 http://127.0.0.1:12990/debian sid/main rttr 0.9.6+dfsg1-3 (dsc) [1835 B]
Get:2 http://127.0.0.1:12990/debian sid/main rttr 0.9.6+dfsg1-3 (tar) [342 kB]
Get:3 http://127.0.0.1:12990/debian sid/main rttr 0.9.6+dfsg1-3 (diff) [2476 B]
Fetched 346 kB in 0s (3712 kB/s)
Download complete and in download only mode
I: NOTICE: Log filtering will replace 'build/rttr-kWuukK/rttr-0.9.6+dfsg1' with '<<PKGBUILDDIR>>'
I: NOTICE: Log filtering will replace 'build/rttr-kWuukK' with '<<BUILDDIR>>'

+------------------------------------------------------------------------------+
| Install package build dependencies                                           |
+------------------------------------------------------------------------------+


Setup apt archive
-----------------

Merged Build-Depends: debhelper-compat (= 12), cmake, libboost-all-dev, rapidjson-dev, build-essential, fakeroot
Filtered Build-Depends: debhelper-compat (= 12), cmake, libboost-all-dev, rapidjson-dev, build-essential, fakeroot
dpkg-deb: building package 'sbuild-build-depends-main-dummy' in '/<<RESOLVERDIR>>/apt_archive/sbuild-build-depends-main-dummy.deb'.
Ign:1 copy:/<<RESOLVERDIR>>/apt_archive ./ InRelease
Get:2 copy:/<<RESOLVERDIR>>/apt_archive ./ Release [957 B]
Ign:3 copy:/<<RESOLVERDIR>>/apt_archive ./ Release.gpg
Get:4 copy:/<<RESOLVERDIR>>/apt_archive ./ Sources [394 B]
Get:5 copy:/<<RESOLVERDIR>>/apt_archive ./ Packages [474 B]
Fetched 1825 B in 0s (0 B/s)
Reading package lists...
Reading package lists...

Install main build dependencies (apt-based resolver)
----------------------------------------------------

Installing build dependencies
Reading package lists...
Building dependency tree...
Reading state information...
The following additional packages will be installed:
  autoconf automake autopoint autotools-dev bsdmainutils cmake cmake-data
  debhelper dh-autoreconf dh-strip-nondeterminism dwz file gettext
  gettext-base gfortran-9 groff-base ibverbs-providers icu-devtools
  intltool-debian libarchive-zip-perl libarchive13 libboost-all-dev
  libboost-atomic-dev libboost-atomic1.67-dev libboost-atomic1.67.0
  libboost-chrono-dev libboost-chrono1.67-dev libboost-chrono1.67.0
  libboost-container-dev libboost-container1.67-dev libboost-container1.67.0
  libboost-context-dev libboost-context1.67-dev libboost-context1.67.0
  libboost-coroutine-dev libboost-coroutine1.67-dev libboost-coroutine1.67.0
  libboost-date-time-dev libboost-date-time1.67-dev libboost-date-time1.67.0
  libboost-dev libboost-exception-dev libboost-exception1.67-dev
  libboost-fiber-dev libboost-fiber1.67-dev libboost-fiber1.67.0
  libboost-filesystem-dev libboost-filesystem1.67-dev
  libboost-filesystem1.67.0 libboost-graph-dev libboost-graph-parallel-dev
  libboost-graph-parallel1.67-dev libboost-graph-parallel1.67.0
  libboost-graph1.67-dev libboost-graph1.67.0 libboost-iostreams-dev
  libboost-iostreams1.67-dev libboost-iostreams1.67.0 libboost-locale-dev
  libboost-locale1.67-dev libboost-locale1.67.0 libboost-log-dev
  libboost-log1.67-dev libboost-log1.67.0 libboost-math-dev
  libboost-math1.67-dev libboost-math1.67.0 libboost-mpi-dev
  libboost-mpi-python-dev libboost-mpi-python1.67-dev
  libboost-mpi-python1.67.0 libboost-mpi1.67-dev libboost-mpi1.67.0
  libboost-numpy-dev libboost-numpy1.67-dev libboost-numpy1.67.0
  libboost-program-options-dev libboost-program-options1.67-dev
  libboost-program-options1.67.0 libboost-python-dev libboost-python1.67-dev
  libboost-python1.67.0 libboost-random-dev libboost-random1.67-dev
  libboost-random1.67.0 libboost-regex-dev libboost-regex1.67-dev
  libboost-regex1.67.0 libboost-serialization-dev
  libboost-serialization1.67-dev libboost-serialization1.67.0
  libboost-signals-dev libboost-signals1.67-dev libboost-signals1.67.0
  libboost-stacktrace-dev libboost-stacktrace1.67-dev
  libboost-stacktrace1.67.0 libboost-system-dev libboost-system1.67-dev
  libboost-system1.67.0 libboost-test-dev libboost-test1.67-dev
  libboost-test1.67.0 libboost-thread-dev libboost-thread1.67-dev
  libboost-thread1.67.0 libboost-timer-dev libboost-timer1.67-dev
  libboost-timer1.67.0 libboost-tools-dev libboost-type-erasure-dev
  libboost-type-erasure1.67-dev libboost-type-erasure1.67.0 libboost-wave-dev
  libboost-wave1.67-dev libboost-wave1.67.0 libboost1.67-dev
  libboost1.67-tools-dev libbrotli1 libcbor0 libcroco3 libcurl4
  libdebhelper-perl libelf1 libevent-2.1-7 libevent-core-2.1-7 libevent-dev
  libevent-extra-2.1-7 libevent-openssl-2.1-7 libevent-pthreads-2.1-7
  libexpat1 libexpat1-dev libfabric1 libfido2-1
  libfile-stripnondeterminism-perl libgfortran-9-dev libgfortran5 libglib2.0-0
  libgssapi-krb5-2 libhwloc-dev libhwloc-plugins libhwloc15 libibverbs-dev
  libibverbs1 libicu-dev libicu63 libjsoncpp1 libk5crypto3 libkeyutils1
  libkrb5-3 libkrb5support0 libldap-2.4-2 libldap-common libltdl-dev libltdl7
  libmagic-mgc libmagic1 libmpdec2 libncurses6 libnghttp2-14 libnl-3-200
  libnl-3-dev libnl-route-3-200 libnl-route-3-dev libnuma-dev libnuma1
  libopenmpi-dev libopenmpi3 libpciaccess0 libpipeline1 libpmix2 libprocps8
  libpsl5 libpsm-infinipath1 libpsm2-2 libpython-dev libpython-stdlib
  libpython2-dev libpython2-stdlib libpython2.7 libpython2.7-dev
  libpython2.7-minimal libpython2.7-stdlib libpython3-dev libpython3-stdlib
  libpython3.8 libpython3.8-dev libpython3.8-minimal libpython3.8-stdlib
  librdmacm1 libreadline8 librhash0 librtmp1 libsasl2-2 libsasl2-modules-db
  libsigsegv2 libsqlite3-0 libssh2-1 libssl1.1 libsub-override-perl libtool
  libuchardet0 libuv1 libx11-6 libx11-data libxau6 libxcb1 libxdmcp6 libxext6
  libxml2 libxnvctrl0 m4 man-db mime-support mpi-default-bin mpi-default-dev
  ocl-icd-libopencl1 openmpi-bin openmpi-common openssh-client po-debconf
  procps python python-dev python-minimal python2 python2-dev python2-minimal
  python2.7 python2.7-dev python2.7-minimal python3 python3-dev
  python3-distutils python3-lib2to3 python3-minimal python3.8 python3.8-dev
  python3.8-minimal rapidjson-dev readline-common sensible-utils zlib1g-dev
Suggested packages:
  autoconf-archive gnu-standards autoconf-doc wamerican | wordlist whois
  vacation cmake-doc ninja-build dh-make gettext-doc libasprintf-dev
  libgettextpo-dev gfortran-9-multilib gfortran-9-doc libcoarrays-dev groff
  lrzip libboost-doc graphviz libboost1.67-doc gccxml
  libboost-contract1.67-dev libmpfrc++-dev libntl-dev xsltproc doxygen
  docbook-xml docbook-xsl default-jdk fop krb5-doc krb5-user
  libhwloc-contrib-plugins icu-doc libtool-doc openmpi-doc pciutils gcj-jdk
  m4-doc apparmor less www-browser opencl-icd gfortran | fortran-compiler
  keychain libpam-ssh monkeysphere ssh-askpass libmail-box-perl python-doc
  python-tk python2-doc python2.7-doc binfmt-support python3-doc python3-tk
  python3-venv python3.8-venv python3.8-doc readline-doc
Recommended packages:
  curl | wget | lynx ca-certificates libarchive-cpio-perl libglib2.0-data
  shared-mime-info xdg-user-dirs krb5-locales libgpm2 libcoarrays-openmpi-dev
  publicsuffix libsasl2-modules xauth libmail-sendmail-perl psmisc
The following NEW packages will be installed:
  autoconf automake autopoint autotools-dev bsdmainutils cmake cmake-data
  debhelper dh-autoreconf dh-strip-nondeterminism dwz file gettext
  gettext-base gfortran-9 groff-base ibverbs-providers icu-devtools
  intltool-debian libarchive-zip-perl libarchive13 libboost-all-dev
  libboost-atomic-dev libboost-atomic1.67-dev libboost-atomic1.67.0
  libboost-chrono-dev libboost-chrono1.67-dev libboost-chrono1.67.0
  libboost-container-dev libboost-container1.67-dev libboost-container1.67.0
  libboost-context-dev libboost-context1.67-dev libboost-context1.67.0
  libboost-coroutine-dev libboost-coroutine1.67-dev libboost-coroutine1.67.0
  libboost-date-time-dev libboost-date-time1.67-dev libboost-date-time1.67.0
  libboost-dev libboost-exception-dev libboost-exception1.67-dev
  libboost-fiber-dev libboost-fiber1.67-dev libboost-fiber1.67.0
  libboost-filesystem-dev libboost-filesystem1.67-dev
  libboost-filesystem1.67.0 libboost-graph-dev libboost-graph-parallel-dev
  libboost-graph-parallel1.67-dev libboost-graph-parallel1.67.0
  libboost-graph1.67-dev libboost-graph1.67.0 libboost-iostreams-dev
  libboost-iostreams1.67-dev libboost-iostreams1.67.0 libboost-locale-dev
  libboost-locale1.67-dev libboost-locale1.67.0 libboost-log-dev
  libboost-log1.67-dev libboost-log1.67.0 libboost-math-dev
  libboost-math1.67-dev libboost-math1.67.0 libboost-mpi-dev
  libboost-mpi-python-dev libboost-mpi-python1.67-dev
  libboost-mpi-python1.67.0 libboost-mpi1.67-dev libboost-mpi1.67.0
  libboost-numpy-dev libboost-numpy1.67-dev libboost-numpy1.67.0
  libboost-program-options-dev libboost-program-options1.67-dev
  libboost-program-options1.67.0 libboost-python-dev libboost-python1.67-dev
  libboost-python1.67.0 libboost-random-dev libboost-random1.67-dev
  libboost-random1.67.0 libboost-regex-dev libboost-regex1.67-dev
  libboost-regex1.67.0 libboost-serialization-dev
  libboost-serialization1.67-dev libboost-serialization1.67.0
  libboost-signals-dev libboost-signals1.67-dev libboost-signals1.67.0
  libboost-stacktrace-dev libboost-stacktrace1.67-dev
  libboost-stacktrace1.67.0 libboost-system-dev libboost-system1.67-dev
  libboost-system1.67.0 libboost-test-dev libboost-test1.67-dev
  libboost-test1.67.0 libboost-thread-dev libboost-thread1.67-dev
  libboost-thread1.67.0 libboost-timer-dev libboost-timer1.67-dev
  libboost-timer1.67.0 libboost-tools-dev libboost-type-erasure-dev
  libboost-type-erasure1.67-dev libboost-type-erasure1.67.0 libboost-wave-dev
  libboost-wave1.67-dev libboost-wave1.67.0 libboost1.67-dev
  libboost1.67-tools-dev libbrotli1 libcbor0 libcroco3 libcurl4
  libdebhelper-perl libelf1 libevent-2.1-7 libevent-core-2.1-7 libevent-dev
  libevent-extra-2.1-7 libevent-openssl-2.1-7 libevent-pthreads-2.1-7
  libexpat1 libexpat1-dev libfabric1 libfido2-1
  libfile-stripnondeterminism-perl libgfortran-9-dev libgfortran5 libglib2.0-0
  libgssapi-krb5-2 libhwloc-dev libhwloc-plugins libhwloc15 libibverbs-dev
  libibverbs1 libicu-dev libicu63 libjsoncpp1 libk5crypto3 libkeyutils1
  libkrb5-3 libkrb5support0 libldap-2.4-2 libldap-common libltdl-dev libltdl7
  libmagic-mgc libmagic1 libmpdec2 libncurses6 libnghttp2-14 libnl-3-200
  libnl-3-dev libnl-route-3-200 libnl-route-3-dev libnuma-dev libnuma1
  libopenmpi-dev libopenmpi3 libpciaccess0 libpipeline1 libpmix2 libprocps8
  libpsl5 libpsm-infinipath1 libpsm2-2 libpython-dev libpython-stdlib
  libpython2-dev libpython2-stdlib libpython2.7 libpython2.7-dev
  libpython2.7-minimal libpython2.7-stdlib libpython3-dev libpython3-stdlib
  libpython3.8 libpython3.8-dev libpython3.8-minimal libpython3.8-stdlib
  librdmacm1 libreadline8 librhash0 librtmp1 libsasl2-2 libsasl2-modules-db
  libsigsegv2 libsqlite3-0 libssh2-1 libssl1.1 libsub-override-perl libtool
  libuchardet0 libuv1 libx11-6 libx11-data libxau6 libxcb1 libxdmcp6 libxext6
  libxml2 libxnvctrl0 m4 man-db mime-support mpi-default-bin mpi-default-dev
  ocl-icd-libopencl1 openmpi-bin openmpi-common openssh-client po-debconf
  procps python python-dev python-minimal python2 python2-dev python2-minimal
  python2.7 python2.7-dev python2.7-minimal python3 python3-dev
  python3-distutils python3-lib2to3 python3-minimal python3.8 python3.8-dev
  python3.8-minimal rapidjson-dev readline-common
  sbuild-build-depends-main-dummy sensible-utils zlib1g-dev
0 upgraded, 244 newly installed, 0 to remove and 0 not upgraded.
Need to get 112 MB of archives.
After this operation, 647 MB of additional disk space will be used.
Get:1 copy:/<<RESOLVERDIR>>/apt_archive ./ sbuild-build-depends-main-dummy 0.invalid.0 [904 B]
Get:2 http://127.0.0.1:12990/debian sid/main amd64 bsdmainutils amd64 11.1.2+b1 [191 kB]
Get:3 http://127.0.0.1:12990/debian sid/main amd64 libuchardet0 amd64 0.0.6-3 [64.9 kB]
Get:4 http://127.0.0.1:12990/debian sid/main amd64 groff-base amd64 1.22.4-4 [919 kB]
Get:5 http://127.0.0.1:12990/debian sid/main amd64 libpipeline1 amd64 1.5.2-2 [33.9 kB]
Get:6 http://127.0.0.1:12990/debian sid/main amd64 man-db amd64 2.9.1-1 [1308 kB]
Get:7 http://127.0.0.1:12990/debian sid/main amd64 libpython2.7-minimal amd64 2.7.18-1 [395 kB]
Get:8 http://127.0.0.1:12990/debian sid/main amd64 python2.7-minimal amd64 2.7.18-1 [1355 kB]
Get:9 http://127.0.0.1:12990/debian sid/main amd64 python2-minimal amd64 2.7.17-2 [41.4 kB]
Get:10 http://127.0.0.1:12990/debian sid/main amd64 python-minimal amd64 2.7.17-2 [21.1 kB]
Get:11 http://127.0.0.1:12990/debian sid/main amd64 libssl1.1 amd64 1.1.1g-1 [1543 kB]
Get:12 http://127.0.0.1:12990/debian sid/main amd64 mime-support all 3.64 [37.8 kB]
Get:13 http://127.0.0.1:12990/debian sid/main amd64 libexpat1 amd64 2.2.9-1 [94.3 kB]
Get:14 http://127.0.0.1:12990/debian sid/main amd64 readline-common all 8.0-4 [72.5 kB]
Get:15 http://127.0.0.1:12990/debian sid/main amd64 libreadline8 amd64 8.0-4 [160 kB]
Get:16 http://127.0.0.1:12990/debian sid/main amd64 libsqlite3-0 amd64 3.31.1-5 [661 kB]
Get:17 http://127.0.0.1:12990/debian sid/main amd64 libpython2.7-stdlib amd64 2.7.18-1 [1885 kB]
Get:18 http://127.0.0.1:12990/debian sid/main amd64 python2.7 amd64 2.7.18-1 [309 kB]
Get:19 http://127.0.0.1:12990/debian sid/main amd64 libpython2-stdlib amd64 2.7.17-2 [20.9 kB]
Get:20 http://127.0.0.1:12990/debian sid/main amd64 libpython-stdlib amd64 2.7.17-2 [20.9 kB]
Get:21 http://127.0.0.1:12990/debian sid/main amd64 python2 amd64 2.7.17-2 [41.7 kB]
Get:22 http://127.0.0.1:12990/debian sid/main amd64 python amd64 2.7.17-2 [22.9 kB]
Get:23 http://127.0.0.1:12990/debian sid/main amd64 libpython3.8-minimal amd64 3.8.3~rc1-1 [760 kB]
Get:24 http://127.0.0.1:12990/debian sid/main amd64 python3.8-minimal amd64 3.8.3~rc1-1 [1944 kB]
Get:25 http://127.0.0.1:12990/debian sid/main amd64 python3-minimal amd64 3.8.2-3 [37.6 kB]
Get:26 http://127.0.0.1:12990/debian sid/main amd64 libmpdec2 amd64 2.4.2-3 [84.1 kB]
Get:27 http://127.0.0.1:12990/debian sid/main amd64 libpython3.8-stdlib amd64 3.8.3~rc1-1 [1667 kB]
Get:28 http://127.0.0.1:12990/debian sid/main amd64 python3.8 amd64 3.8.3~rc1-1 [415 kB]
Get:29 http://127.0.0.1:12990/debian sid/main amd64 libpython3-stdlib amd64 3.8.2-3 [20.8 kB]
Get:30 http://127.0.0.1:12990/debian sid/main amd64 python3 amd64 3.8.2-3 [63.7 kB]
Get:31 http://127.0.0.1:12990/debian sid/main amd64 libncurses6 amd64 6.2-1 [102 kB]
Get:32 http://127.0.0.1:12990/debian sid/main amd64 libprocps8 amd64 2:3.3.16-4 [62.7 kB]
Get:33 http://127.0.0.1:12990/debian sid/main amd64 procps amd64 2:3.3.16-4 [262 kB]
Get:34 http://127.0.0.1:12990/debian sid/main amd64 sensible-utils all 0.0.12+nmu1 [16.0 kB]
Get:35 http://127.0.0.1:12990/debian sid/main amd64 libmagic-mgc amd64 1:5.38-4 [262 kB]
Get:36 http://127.0.0.1:12990/debian sid/main amd64 libmagic1 amd64 1:5.38-4 [120 kB]
Get:37 http://127.0.0.1:12990/debian sid/main amd64 file amd64 1:5.38-4 [67.9 kB]
Get:38 http://127.0.0.1:12990/debian sid/main amd64 gettext-base amd64 0.19.8.1-10 [123 kB]
Get:39 http://127.0.0.1:12990/debian sid/main amd64 libcbor0 amd64 0.5.0+dfsg-2 [24.0 kB]
Get:40 http://127.0.0.1:12990/debian sid/main amd64 libfido2-1 amd64 1.4.0-1 [49.5 kB]
Get:41 http://127.0.0.1:12990/debian sid/main amd64 libkrb5support0 amd64 1.17-7 [64.4 kB]
Get:42 http://127.0.0.1:12990/debian sid/main amd64 libk5crypto3 amd64 1.17-7 [115 kB]
Get:43 http://127.0.0.1:12990/debian sid/main amd64 libkeyutils1 amd64 1.6.1-2 [15.4 kB]
Get:44 http://127.0.0.1:12990/debian sid/main amd64 libkrb5-3 amd64 1.17-7 [366 kB]
Get:45 http://127.0.0.1:12990/debian sid/main amd64 libgssapi-krb5-2 amd64 1.17-7 [156 kB]
Get:46 http://127.0.0.1:12990/debian sid/main amd64 openssh-client amd64 1:8.2p1-4 [905 kB]
Get:47 http://127.0.0.1:12990/debian sid/main amd64 libsigsegv2 amd64 2.12-2 [32.8 kB]
Get:48 http://127.0.0.1:12990/debian sid/main amd64 m4 amd64 1.4.18-4 [203 kB]
Get:49 http://127.0.0.1:12990/debian sid/main amd64 autoconf all 2.69-11.1 [341 kB]
Get:50 http://127.0.0.1:12990/debian sid/main amd64 autotools-dev all 20180224.1 [77.0 kB]
Get:51 http://127.0.0.1:12990/debian sid/main amd64 automake all 1:1.16.2-1 [775 kB]
Get:52 http://127.0.0.1:12990/debian sid/main amd64 autopoint all 0.19.8.1-10 [435 kB]
Get:53 http://127.0.0.1:12990/debian sid/main amd64 cmake-data all 3.16.3-2 [1628 kB]
Get:54 http://127.0.0.1:12990/debian sid/main amd64 libicu63 amd64 63.2-3 [8296 kB]
Get:55 http://127.0.0.1:12990/debian sid/main amd64 libxml2 amd64 2.9.10+dfsg-5 [709 kB]
Get:56 http://127.0.0.1:12990/debian sid/main amd64 libarchive13 amd64 3.4.0-2 [335 kB]
Get:57 http://127.0.0.1:12990/debian sid/main amd64 libbrotli1 amd64 1.0.7-6.1 [267 kB]
Get:58 http://127.0.0.1:12990/debian sid/main amd64 libsasl2-modules-db amd64 2.1.27+dfsg-2 [69.0 kB]
Get:59 http://127.0.0.1:12990/debian sid/main amd64 libsasl2-2 amd64 2.1.27+dfsg-2 [106 kB]
Get:60 http://127.0.0.1:12990/debian sid/main amd64 libldap-common all 2.4.50+dfsg-1 [92.9 kB]
Get:61 http://127.0.0.1:12990/debian sid/main amd64 libldap-2.4-2 amd64 2.4.50+dfsg-1 [228 kB]
Get:62 http://127.0.0.1:12990/debian sid/main amd64 libnghttp2-14 amd64 1.40.0-1 [85.0 kB]
Get:63 http://127.0.0.1:12990/debian sid/main amd64 libpsl5 amd64 0.21.0-1 [55.1 kB]
Get:64 http://127.0.0.1:12990/debian sid/main amd64 librtmp1 amd64 2.4+20151223.gitfa8646d.1-2+b1 [60.8 kB]
Get:65 http://127.0.0.1:12990/debian sid/main amd64 libssh2-1 amd64 1.8.0-2.1 [140 kB]
Get:66 http://127.0.0.1:12990/debian sid/main amd64 libcurl4 amd64 7.68.0-1 [321 kB]
Get:67 http://127.0.0.1:12990/debian sid/main amd64 libjsoncpp1 amd64 1.7.4-3.1 [77.6 kB]
Get:68 http://127.0.0.1:12990/debian sid/main amd64 librhash0 amd64 1.3.9-1 [123 kB]
Get:69 http://127.0.0.1:12990/debian sid/main amd64 libuv1 amd64 1.35.0-2 [128 kB]
Get:70 http://127.0.0.1:12990/debian sid/main amd64 cmake amd64 3.16.3-2 [3675 kB]
Get:71 http://127.0.0.1:12990/debian sid/main amd64 libtool all 2.4.6-14 [513 kB]
Get:72 http://127.0.0.1:12990/debian sid/main amd64 dh-autoreconf all 19 [16.9 kB]
Get:73 http://127.0.0.1:12990/debian sid/main amd64 libdebhelper-perl all 13 [184 kB]
Get:74 http://127.0.0.1:12990/debian sid/main amd64 libarchive-zip-perl all 1.68-1 [104 kB]
Get:75 http://127.0.0.1:12990/debian sid/main amd64 libsub-override-perl all 0.09-2 [10.2 kB]
Get:76 http://127.0.0.1:12990/debian sid/main amd64 libfile-stripnondeterminism-perl all 1.8.0-1 [24.2 kB]
Get:77 http://127.0.0.1:12990/debian sid/main amd64 dh-strip-nondeterminism all 1.8.0-1 [14.8 kB]
Get:78 http://127.0.0.1:12990/debian sid/main amd64 libelf1 amd64 0.176-1.1 [161 kB]
Get:79 http://127.0.0.1:12990/debian sid/main amd64 dwz amd64 0.13-5 [151 kB]
Get:80 http://127.0.0.1:12990/debian sid/main amd64 libglib2.0-0 amd64 2.64.2-1 [1343 kB]
Get:81 http://127.0.0.1:12990/debian sid/main amd64 libcroco3 amd64 0.6.13-1 [146 kB]
Get:82 http://127.0.0.1:12990/debian sid/main amd64 gettext amd64 0.19.8.1-10 [1303 kB]
Get:83 http://127.0.0.1:12990/debian sid/main amd64 intltool-debian all 0.35.0+20060710.5 [26.8 kB]
Get:84 http://127.0.0.1:12990/debian sid/main amd64 po-debconf all 1.0.21 [248 kB]
Get:85 http://127.0.0.1:12990/debian sid/main amd64 debhelper all 13 [1002 kB]
Get:86 http://127.0.0.1:12990/debian sid/main amd64 libgfortran5 amd64 10-20200502-1 [727 kB]
Get:87 http://127.0.0.1:12990/debian sid/main amd64 libgfortran-9-dev amd64 9.3.0-11 [676 kB]
Get:88 http://127.0.0.1:12990/debian sid/main amd64 gfortran-9 amd64 9.3.0-11 [10.4 MB]
Get:89 http://127.0.0.1:12990/debian sid/main amd64 libnl-3-200 amd64 3.4.0-1+b1 [63.6 kB]
Get:90 http://127.0.0.1:12990/debian sid/main amd64 libnl-route-3-200 amd64 3.4.0-1+b1 [161 kB]
Get:91 http://127.0.0.1:12990/debian sid/main amd64 libibverbs1 amd64 29.0-1 [54.7 kB]
Get:92 http://127.0.0.1:12990/debian sid/main amd64 ibverbs-providers amd64 29.0-1 [236 kB]
Get:93 http://127.0.0.1:12990/debian sid/main amd64 icu-devtools amd64 63.2-3 [189 kB]
Get:94 http://127.0.0.1:12990/debian sid/main amd64 libboost1.67-dev amd64 1.67.0-17+b1 [8389 kB]
Get:95 http://127.0.0.1:12990/debian sid/main amd64 libboost-dev amd64 1.67.0.2+b1 [4496 B]
Get:96 http://127.0.0.1:12990/debian sid/main amd64 libboost1.67-tools-dev amd64 1.67.0-17+b1 [1451 kB]
Get:97 http://127.0.0.1:12990/debian sid/main amd64 libboost-tools-dev amd64 1.67.0.2+b1 [4456 B]
Get:98 http://127.0.0.1:12990/debian sid/main amd64 libboost-atomic1.67.0 amd64 1.67.0-17+b1 [226 kB]
Get:99 http://127.0.0.1:12990/debian sid/main amd64 libboost-atomic1.67-dev amd64 1.67.0-17+b1 [225 kB]
Get:100 http://127.0.0.1:12990/debian sid/main amd64 libboost-atomic-dev amd64 1.67.0.2+b1 [4584 B]
Get:101 http://127.0.0.1:12990/debian sid/main amd64 libboost-system1.67.0 amd64 1.67.0-17+b1 [230 kB]
Get:102 http://127.0.0.1:12990/debian sid/main amd64 libboost-chrono1.67.0 amd64 1.67.0-17+b1 [234 kB]
Get:103 http://127.0.0.1:12990/debian sid/main amd64 libboost-chrono1.67-dev amd64 1.67.0-17+b1 [237 kB]
Get:104 http://127.0.0.1:12990/debian sid/main amd64 libboost-chrono-dev amd64 1.67.0.2+b1 [4900 B]
Get:105 http://127.0.0.1:12990/debian sid/main amd64 libboost-container1.67.0 amd64 1.67.0-17+b1 [256 kB]
Get:106 http://127.0.0.1:12990/debian sid/main amd64 libboost-container1.67-dev amd64 1.67.0-17+b1 [256 kB]
Get:107 http://127.0.0.1:12990/debian sid/main amd64 libboost-container-dev amd64 1.67.0.2+b1 [4756 B]
Get:108 http://127.0.0.1:12990/debian sid/main amd64 libboost-context1.67.0 amd64 1.67.0-17+b1 [228 kB]
Get:109 http://127.0.0.1:12990/debian sid/main amd64 libboost-context1.67-dev amd64 1.67.0-17+b1 [228 kB]
Get:110 http://127.0.0.1:12990/debian sid/main amd64 libboost-context-dev amd64 1.67.0.2+b1 [4480 B]
Get:111 http://127.0.0.1:12990/debian sid/main amd64 libboost-thread1.67.0 amd64 1.67.0-17+b1 [270 kB]
Get:112 http://127.0.0.1:12990/debian sid/main amd64 libboost-coroutine1.67.0 amd64 1.67.0-17+b1 [241 kB]
Get:113 http://127.0.0.1:12990/debian sid/main amd64 libboost-coroutine1.67-dev amd64 1.67.0-17+b1 [243 kB]
Get:114 http://127.0.0.1:12990/debian sid/main amd64 libboost-coroutine-dev amd64 1.67.0.2+b1 [4552 B]
Get:115 http://127.0.0.1:12990/debian sid/main amd64 libboost-date-time1.67.0 amd64 1.67.0-17+b1 [239 kB]
Get:116 http://127.0.0.1:12990/debian sid/main amd64 libboost-serialization1.67.0 amd64 1.67.0-17+b1 [317 kB]
Get:117 http://127.0.0.1:12990/debian sid/main amd64 libboost-serialization1.67-dev amd64 1.67.0-17+b1 [358 kB]
Get:118 http://127.0.0.1:12990/debian sid/main amd64 libboost-date-time1.67-dev amd64 1.67.0-17+b1 [248 kB]
Get:119 http://127.0.0.1:12990/debian sid/main amd64 libboost-date-time-dev amd64 1.67.0.2+b1 [4276 B]
Get:120 http://127.0.0.1:12990/debian sid/main amd64 libboost-exception1.67-dev amd64 1.67.0-17+b1 [225 kB]
Get:121 http://127.0.0.1:12990/debian sid/main amd64 libboost-exception-dev amd64 1.67.0.2+b1 [4264 B]
Get:122 http://127.0.0.1:12990/debian sid/main amd64 libboost-filesystem1.67.0 amd64 1.67.0-17+b1 [261 kB]
Get:123 http://127.0.0.1:12990/debian sid/main amd64 libboost-fiber1.67.0 amd64 1.67.0-17+b1 [333 kB]
Get:124 http://127.0.0.1:12990/debian sid/main amd64 libboost-fiber1.67-dev amd64 1.67.0-17+b1 [345 kB]
Get:125 http://127.0.0.1:12990/debian sid/main amd64 libboost-fiber-dev amd64 1.67.0.2+b1 [4708 B]
Get:126 http://127.0.0.1:12990/debian sid/main amd64 libboost-system1.67-dev amd64 1.67.0-17+b1 [232 kB]
Get:127 http://127.0.0.1:12990/debian sid/main amd64 libboost-filesystem1.67-dev amd64 1.67.0-17+b1 [269 kB]
Get:128 http://127.0.0.1:12990/debian sid/main amd64 libboost-filesystem-dev amd64 1.67.0.2+b1 [4312 B]
Get:129 http://127.0.0.1:12990/debian sid/main amd64 libboost-regex1.67.0 amd64 1.67.0-17+b1 [513 kB]
Get:130 http://127.0.0.1:12990/debian sid/main amd64 libboost-graph1.67.0 amd64 1.67.0-17+b1 [323 kB]
Get:131 http://127.0.0.1:12990/debian sid/main amd64 libboost-test1.67.0 amd64 1.67.0-17+b1 [463 kB]
Get:132 http://127.0.0.1:12990/debian sid/main amd64 libboost-test1.67-dev amd64 1.67.0-17+b1 [516 kB]
Get:133 http://127.0.0.1:12990/debian sid/main amd64 libboost-graph1.67-dev amd64 1.67.0-17+b1 [334 kB]
Get:134 http://127.0.0.1:12990/debian sid/main amd64 libboost-graph-dev amd64 1.67.0.2+b1 [4384 B]
Get:135 http://127.0.0.1:12990/debian sid/main amd64 libevent-2.1-7 amd64 2.1.11-stable-1 [186 kB]
Get:136 http://127.0.0.1:12990/debian sid/main amd64 libevent-core-2.1-7 amd64 2.1.11-stable-1 [137 kB]
Get:137 http://127.0.0.1:12990/debian sid/main amd64 libevent-pthreads-2.1-7 amd64 2.1.11-stable-1 [55.1 kB]
Get:138 http://127.0.0.1:12990/debian sid/main amd64 libpsm-infinipath1 amd64 3.3+20.604758e7-6+b1 [169 kB]
Get:139 http://127.0.0.1:12990/debian sid/main amd64 libnuma1 amd64 2.0.12-1+b1 [26.3 kB]
Get:140 http://127.0.0.1:12990/debian sid/main amd64 libpsm2-2 amd64 11.2.86-1 [177 kB]
Get:141 http://127.0.0.1:12990/debian sid/main amd64 librdmacm1 amd64 29.0-1 [67.0 kB]
Get:142 http://127.0.0.1:12990/debian sid/main amd64 libfabric1 amd64 1.6.2-3+b1 [397 kB]
Get:143 http://127.0.0.1:12990/debian sid/main amd64 libhwloc15 amd64 2.2.0+dfsg-3 [139 kB]
Get:144 http://127.0.0.1:12990/debian sid/main amd64 libpciaccess0 amd64 0.14-1 [53.5 kB]
Get:145 http://127.0.0.1:12990/debian sid/main amd64 libxau6 amd64 1:1.0.8-1+b2 [19.9 kB]
Get:146 http://127.0.0.1:12990/debian sid/main amd64 libxdmcp6 amd64 1:1.1.2-3 [26.3 kB]
Get:147 http://127.0.0.1:12990/debian sid/main amd64 libxcb1 amd64 1.14-2 [139 kB]
Get:148 http://127.0.0.1:12990/debian sid/main amd64 libx11-data all 2:1.6.9-2 [298 kB]
Get:149 http://127.0.0.1:12990/debian sid/main amd64 libx11-6 amd64 2:1.6.9-2 [759 kB]
Get:150 http://127.0.0.1:12990/debian sid/main amd64 libxext6 amd64 2:1.3.3-1+b2 [52.5 kB]
Get:151 http://127.0.0.1:12990/debian sid/main amd64 libxnvctrl0 amd64 440.82-1 [26.3 kB]
Get:152 http://127.0.0.1:12990/debian sid/main amd64 ocl-icd-libopencl1 amd64 2.2.12-4 [37.8 kB]
Get:153 http://127.0.0.1:12990/debian sid/main amd64 libhwloc-plugins amd64 2.2.0+dfsg-3 [20.4 kB]
Get:154 http://127.0.0.1:12990/debian sid/main amd64 libpmix2 amd64 3.1.5-1 [443 kB]
Get:155 http://127.0.0.1:12990/debian sid/main amd64 libopenmpi3 amd64 4.0.3-6 [1997 kB]
Get:156 http://127.0.0.1:12990/debian sid/main amd64 libboost-mpi1.67.0 amd64 1.67.0-17+b1 [272 kB]
Get:157 http://127.0.0.1:12990/debian sid/main amd64 libboost-graph-parallel1.67.0 amd64 1.67.0-17+b1 [287 kB]
Get:158 http://127.0.0.1:12990/debian sid/main amd64 libboost-graph-parallel1.67-dev amd64 1.67.0-17+b1 [291 kB]
Get:159 http://127.0.0.1:12990/debian sid/main amd64 libboost-graph-parallel-dev amd64 1.67.0.2+b1 [4404 B]
Get:160 http://127.0.0.1:12990/debian sid/main amd64 libicu-dev amd64 63.2-3 [9184 kB]
Get:161 http://127.0.0.1:12990/debian sid/main amd64 libboost-regex1.67-dev amd64 1.67.0-17+b1 [568 kB]
Get:162 http://127.0.0.1:12990/debian sid/main amd64 libboost-iostreams1.67.0 amd64 1.67.0-17+b1 [250 kB]
Get:163 http://127.0.0.1:12990/debian sid/main amd64 libboost-iostreams1.67-dev amd64 1.67.0-17+b1 [256 kB]
Get:164 http://127.0.0.1:12990/debian sid/main amd64 libboost-iostreams-dev amd64 1.67.0.2+b1 [4260 B]
Get:165 http://127.0.0.1:12990/debian sid/main amd64 libboost-locale1.67.0 amd64 1.67.0-17+b1 [467 kB]
Get:166 http://127.0.0.1:12990/debian sid/main amd64 libboost-locale1.67-dev amd64 1.67.0-17+b1 [558 kB]
Get:167 http://127.0.0.1:12990/debian sid/main amd64 libboost-locale-dev amd64 1.67.0.2+b1 [4608 B]
Get:168 http://127.0.0.1:12990/debian sid/main amd64 libboost-log1.67.0 amd64 1.67.0-17+b1 [616 kB]
Get:169 http://127.0.0.1:12990/debian sid/main amd64 libboost-thread1.67-dev amd64 1.67.0-17+b1 [272 kB]
Get:170 http://127.0.0.1:12990/debian sid/main amd64 libboost-log1.67-dev amd64 1.67.0-17+b1 [791 kB]
Get:171 http://127.0.0.1:12990/debian sid/main amd64 libboost-log-dev amd64 1.67.0.2+b1 [4480 B]
Get:172 http://127.0.0.1:12990/debian sid/main amd64 libboost-math1.67.0 amd64 1.67.0-17+b1 [514 kB]
Get:173 http://127.0.0.1:12990/debian sid/main amd64 libboost-math1.67-dev amd64 1.67.0-17+b1 [764 kB]
Get:174 http://127.0.0.1:12990/debian sid/main amd64 libboost-math-dev amd64 1.67.0.2+b1 [4480 B]
Get:175 http://127.0.0.1:12990/debian sid/main amd64 openmpi-common all 4.0.3-6 [170 kB]
Get:176 http://127.0.0.1:12990/debian sid/main amd64 libnl-3-dev amd64 3.4.0-1+b1 [102 kB]
Get:177 http://127.0.0.1:12990/debian sid/main amd64 libnl-route-3-dev amd64 3.4.0-1+b1 [176 kB]
Get:178 http://127.0.0.1:12990/debian sid/main amd64 libibverbs-dev amd64 29.0-1 [448 kB]
Get:179 http://127.0.0.1:12990/debian sid/main amd64 libnuma-dev amd64 2.0.12-1+b1 [39.3 kB]
Get:180 http://127.0.0.1:12990/debian sid/main amd64 libltdl7 amd64 2.4.6-14 [390 kB]
Get:181 http://127.0.0.1:12990/debian sid/main amd64 libltdl-dev amd64 2.4.6-14 [162 kB]
Get:182 http://127.0.0.1:12990/debian sid/main amd64 libhwloc-dev amd64 2.2.0+dfsg-3 [212 kB]
Get:183 http://127.0.0.1:12990/debian sid/main amd64 libevent-extra-2.1-7 amd64 2.1.11-stable-1 [108 kB]
Get:184 http://127.0.0.1:12990/debian sid/main amd64 libevent-openssl-2.1-7 amd64 2.1.11-stable-1 [62.0 kB]
Get:185 http://127.0.0.1:12990/debian sid/main amd64 libevent-dev amd64 2.1.11-stable-1 [309 kB]
Get:186 http://127.0.0.1:12990/debian sid/main amd64 zlib1g-dev amd64 1:1.2.11.dfsg-2 [190 kB]
Get:187 http://127.0.0.1:12990/debian sid/main amd64 openmpi-bin amd64 4.0.3-6 [186 kB]
Get:188 http://127.0.0.1:12990/debian sid/main amd64 libopenmpi-dev amd64 4.0.3-6 [932 kB]
Get:189 http://127.0.0.1:12990/debian sid/main amd64 mpi-default-dev amd64 1.13 [5476 B]
Get:190 http://127.0.0.1:12990/debian sid/main amd64 libboost-mpi1.67-dev amd64 1.67.0-17+b1 [383 kB]
Get:191 http://127.0.0.1:12990/debian sid/main amd64 libboost-mpi-dev amd64 1.67.0.2+b1 [4364 B]
Get:192 http://127.0.0.1:12990/debian sid/main amd64 libboost-python1.67.0 amd64 1.67.0-17+b1 [345 kB]
Get:193 http://127.0.0.1:12990/debian sid/main amd64 mpi-default-bin amd64 1.13 [4672 B]
Get:194 http://127.0.0.1:12990/debian sid/main amd64 libboost-mpi-python1.67.0 amd64 1.67.0-17+b1 [474 kB]
Get:195 http://127.0.0.1:12990/debian sid/main amd64 libboost-mpi-python1.67-dev amd64 1.67.0-17+b1 [251 kB]
Get:196 http://127.0.0.1:12990/debian sid/main amd64 libboost-mpi-python-dev amd64 1.67.0.2+b1 [4392 B]
Get:197 http://127.0.0.1:12990/debian sid/main amd64 libboost-numpy1.67.0 amd64 1.67.0-17+b1 [242 kB]
Get:198 http://127.0.0.1:12990/debian sid/main amd64 libboost-numpy1.67-dev amd64 1.67.0-17+b1 [245 kB]
Get:199 http://127.0.0.1:12990/debian sid/main amd64 libboost-numpy-dev amd64 1.67.0.2+b1 [4320 B]
Get:200 http://127.0.0.1:12990/debian sid/main amd64 libboost-program-options1.67.0 amd64 1.67.0-17+b1 [356 kB]
Get:201 http://127.0.0.1:12990/debian sid/main amd64 libboost-program-options1.67-dev amd64 1.67.0-17+b1 [381 kB]
Get:202 http://127.0.0.1:12990/debian sid/main amd64 libboost-program-options-dev amd64 1.67.0.2+b1 [4288 B]
Get:203 http://127.0.0.1:12990/debian sid/main amd64 libpython2.7 amd64 2.7.18-1 [1036 kB]
Get:204 http://127.0.0.1:12990/debian sid/main amd64 libexpat1-dev amd64 2.2.9-1 [136 kB]
Get:205 http://127.0.0.1:12990/debian sid/main amd64 libpython2.7-dev amd64 2.7.18-1 [2469 kB]
Get:206 http://127.0.0.1:12990/debian sid/main amd64 libpython2-dev amd64 2.7.17-2 [21.0 kB]
Get:207 http://127.0.0.1:12990/debian sid/main amd64 libpython-dev amd64 2.7.17-2 [21.0 kB]
Get:208 http://127.0.0.1:12990/debian sid/main amd64 python2.7-dev amd64 2.7.18-1 [292 kB]
Get:209 http://127.0.0.1:12990/debian sid/main amd64 python2-dev amd64 2.7.17-2 [1220 B]
Get:210 http://127.0.0.1:12990/debian sid/main amd64 python-dev amd64 2.7.17-2 [1196 B]
Get:211 http://127.0.0.1:12990/debian sid/main amd64 libpython3.8 amd64 3.8.3~rc1-1 [1620 kB]
Get:212 http://127.0.0.1:12990/debian sid/main amd64 libpython3.8-dev amd64 3.8.3~rc1-1 [3930 kB]
Get:213 http://127.0.0.1:12990/debian sid/main amd64 libpython3-dev amd64 3.8.2-3 [21.0 kB]
Get:214 http://127.0.0.1:12990/debian sid/main amd64 python3.8-dev amd64 3.8.3~rc1-1 [514 kB]
Get:215 http://127.0.0.1:12990/debian sid/main amd64 python3-lib2to3 all 3.8.2-2 [78.4 kB]
Get:216 http://127.0.0.1:12990/debian sid/main amd64 python3-distutils all 3.8.2-2 [145 kB]
Get:217 http://127.0.0.1:12990/debian sid/main amd64 python3-dev amd64 3.8.2-3 [1164 B]
Get:218 http://127.0.0.1:12990/debian sid/main amd64 libboost-python1.67-dev amd64 1.67.0-17+b1 [366 kB]
Get:219 http://127.0.0.1:12990/debian sid/main amd64 libboost-python-dev amd64 1.67.0.2+b1 [4576 B]
Get:220 http://127.0.0.1:12990/debian sid/main amd64 libboost-random1.67.0 amd64 1.67.0-17+b1 [233 kB]
Get:221 http://127.0.0.1:12990/debian sid/main amd64 libboost-random1.67-dev amd64 1.67.0-17+b1 [233 kB]
Get:222 http://127.0.0.1:12990/debian sid/main amd64 libboost-random-dev amd64 1.67.0.2+b1 [4280 B]
Get:223 http://127.0.0.1:12990/debian sid/main amd64 libboost-regex-dev amd64 1.67.0.2+b1 [4544 B]
Get:224 http://127.0.0.1:12990/debian sid/main amd64 libboost-serialization-dev amd64 1.67.0.2+b1 [4500 B]
Get:225 http://127.0.0.1:12990/debian sid/main amd64 libboost-signals1.67.0 amd64 1.67.0-17+b1 [251 kB]
Get:226 http://127.0.0.1:12990/debian sid/main amd64 libboost-signals1.67-dev amd64 1.67.0-17+b1 [669 kB]
Get:227 http://127.0.0.1:12990/debian sid/main amd64 libboost-signals-dev amd64 1.67.0.2+b1 [4344 B]
Get:228 http://127.0.0.1:12990/debian sid/main amd64 libboost-stacktrace1.67.0 amd64 1.67.0-17+b1 [266 kB]
Get:229 http://127.0.0.1:12990/debian sid/main amd64 libboost-stacktrace1.67-dev amd64 1.67.0-17+b1 [244 kB]
Get:230 http://127.0.0.1:12990/debian sid/main amd64 libboost-stacktrace-dev amd64 1.67.0.2+b1 [4272 B]
Get:231 http://127.0.0.1:12990/debian sid/main amd64 libboost-system-dev amd64 1.67.0.2+b1 [4416 B]
Get:232 http://127.0.0.1:12990/debian sid/main amd64 libboost-test-dev amd64 1.67.0.2+b1 [4312 B]
Get:233 http://127.0.0.1:12990/debian sid/main amd64 libboost-thread-dev amd64 1.67.0.2+b1 [4308 B]
Get:234 http://127.0.0.1:12990/debian sid/main amd64 libboost-timer1.67.0 amd64 1.67.0-17+b1 [232 kB]
Get:235 http://127.0.0.1:12990/debian sid/main amd64 libboost-timer1.67-dev amd64 1.67.0-17+b1 [232 kB]
Get:236 http://127.0.0.1:12990/debian sid/main amd64 libboost-timer-dev amd64 1.67.0.2+b1 [4404 B]
Get:237 http://127.0.0.1:12990/debian sid/main amd64 libboost-type-erasure1.67.0 amd64 1.67.0-17+b1 [240 kB]
Get:238 http://127.0.0.1:12990/debian sid/main amd64 libboost-type-erasure1.67-dev amd64 1.67.0-17+b1 [240 kB]
Get:239 http://127.0.0.1:12990/debian sid/main amd64 libboost-type-erasure-dev amd64 1.67.0.2+b1 [4368 B]
Get:240 http://127.0.0.1:12990/debian sid/main amd64 libboost-wave1.67.0 amd64 1.67.0-17+b1 [442 kB]
Get:241 http://127.0.0.1:12990/debian sid/main amd64 libboost-wave1.67-dev amd64 1.67.0-17+b1 [466 kB]
Get:242 http://127.0.0.1:12990/debian sid/main amd64 libboost-wave-dev amd64 1.67.0.2+b1 [4308 B]
Get:243 http://127.0.0.1:12990/debian sid/main amd64 libboost-all-dev amd64 1.67.0.2+b1 [4620 B]
Get:244 http://127.0.0.1:12990/debian sid/main amd64 rapidjson-dev all 1.1.0+dfsg2-5 [98.7 kB]
debconf: delaying package configuration, since apt-utils is not installed
Fetched 112 MB in 1s (128 MB/s)
Selecting previously unselected package bsdmainutils.
(Reading database ... 13685 files and directories currently installed.)
Preparing to unpack .../00-bsdmainutils_11.1.2+b1_amd64.deb ...
Unpacking bsdmainutils (11.1.2+b1) ...
Selecting previously unselected package libuchardet0:amd64.
Preparing to unpack .../01-libuchardet0_0.0.6-3_amd64.deb ...
Unpacking libuchardet0:amd64 (0.0.6-3) ...
Selecting previously unselected package groff-base.
Preparing to unpack .../02-groff-base_1.22.4-4_amd64.deb ...
Unpacking groff-base (1.22.4-4) ...
Selecting previously unselected package libpipeline1:amd64.
Preparing to unpack .../03-libpipeline1_1.5.2-2_amd64.deb ...
Unpacking libpipeline1:amd64 (1.5.2-2) ...
Selecting previously unselected package man-db.
Preparing to unpack .../04-man-db_2.9.1-1_amd64.deb ...
Unpacking man-db (2.9.1-1) ...
Selecting previously unselected package libpython2.7-minimal:amd64.
Preparing to unpack .../05-libpython2.7-minimal_2.7.18-1_amd64.deb ...
Unpacking libpython2.7-minimal:amd64 (2.7.18-1) ...
Selecting previously unselected package python2.7-minimal.
Preparing to unpack .../06-python2.7-minimal_2.7.18-1_amd64.deb ...
Unpacking python2.7-minimal (2.7.18-1) ...
Selecting previously unselected package python2-minimal.
Preparing to unpack .../07-python2-minimal_2.7.17-2_amd64.deb ...
Unpacking python2-minimal (2.7.17-2) ...
Selecting previously unselected package python-minimal.
Preparing to unpack .../08-python-minimal_2.7.17-2_amd64.deb ...
Unpacking python-minimal (2.7.17-2) ...
Selecting previously unselected package libssl1.1:amd64.
Preparing to unpack .../09-libssl1.1_1.1.1g-1_amd64.deb ...
Unpacking libssl1.1:amd64 (1.1.1g-1) ...
Selecting previously unselected package mime-support.
Preparing to unpack .../10-mime-support_3.64_all.deb ...
Unpacking mime-support (3.64) ...
Selecting previously unselected package libexpat1:amd64.
Preparing to unpack .../11-libexpat1_2.2.9-1_amd64.deb ...
Unpacking libexpat1:amd64 (2.2.9-1) ...
Selecting previously unselected package readline-common.
Preparing to unpack .../12-readline-common_8.0-4_all.deb ...
Unpacking readline-common (8.0-4) ...
Selecting previously unselected package libreadline8:amd64.
Preparing to unpack .../13-libreadline8_8.0-4_amd64.deb ...
Unpacking libreadline8:amd64 (8.0-4) ...
Selecting previously unselected package libsqlite3-0:amd64.
Preparing to unpack .../14-libsqlite3-0_3.31.1-5_amd64.deb ...
Unpacking libsqlite3-0:amd64 (3.31.1-5) ...
Selecting previously unselected package libpython2.7-stdlib:amd64.
Preparing to unpack .../15-libpython2.7-stdlib_2.7.18-1_amd64.deb ...
Unpacking libpython2.7-stdlib:amd64 (2.7.18-1) ...
Selecting previously unselected package python2.7.
Preparing to unpack .../16-python2.7_2.7.18-1_amd64.deb ...
Unpacking python2.7 (2.7.18-1) ...
Selecting previously unselected package libpython2-stdlib:amd64.
Preparing to unpack .../17-libpython2-stdlib_2.7.17-2_amd64.deb ...
Unpacking libpython2-stdlib:amd64 (2.7.17-2) ...
Selecting previously unselected package libpython-stdlib:amd64.
Preparing to unpack .../18-libpython-stdlib_2.7.17-2_amd64.deb ...
Unpacking libpython-stdlib:amd64 (2.7.17-2) ...
Setting up libpython2.7-minimal:amd64 (2.7.18-1) ...
Setting up python2.7-minimal (2.7.18-1) ...
Setting up python2-minimal (2.7.17-2) ...
Selecting previously unselected package python2.
(Reading database ... 15168 files and directories currently installed.)
Preparing to unpack .../python2_2.7.17-2_amd64.deb ...
Unpacking python2 (2.7.17-2) ...
Setting up python-minimal (2.7.17-2) ...
Selecting previously unselected package python.
(Reading database ... 15201 files and directories currently installed.)
Preparing to unpack .../python_2.7.17-2_amd64.deb ...
Unpacking python (2.7.17-2) ...
Selecting previously unselected package libpython3.8-minimal:amd64.
Preparing to unpack .../libpython3.8-minimal_3.8.3~rc1-1_amd64.deb ...
Unpacking libpython3.8-minimal:amd64 (3.8.3~rc1-1) ...
Selecting previously unselected package python3.8-minimal.
Preparing to unpack .../python3.8-minimal_3.8.3~rc1-1_amd64.deb ...
Unpacking python3.8-minimal (3.8.3~rc1-1) ...
Setting up libssl1.1:amd64 (1.1.1g-1) ...
Setting up libpython3.8-minimal:amd64 (3.8.3~rc1-1) ...
Setting up libexpat1:amd64 (2.2.9-1) ...
Setting up python3.8-minimal (3.8.3~rc1-1) ...
Selecting previously unselected package python3-minimal.
(Reading database ... 15497 files and directories currently installed.)
Preparing to unpack .../python3-minimal_3.8.2-3_amd64.deb ...
Unpacking python3-minimal (3.8.2-3) ...
Selecting previously unselected package libmpdec2:amd64.
Preparing to unpack .../libmpdec2_2.4.2-3_amd64.deb ...
Unpacking libmpdec2:amd64 (2.4.2-3) ...
Selecting previously unselected package libpython3.8-stdlib:amd64.
Preparing to unpack .../libpython3.8-stdlib_3.8.3~rc1-1_amd64.deb ...
Unpacking libpython3.8-stdlib:amd64 (3.8.3~rc1-1) ...
Selecting previously unselected package python3.8.
Preparing to unpack .../python3.8_3.8.3~rc1-1_amd64.deb ...
Unpacking python3.8 (3.8.3~rc1-1) ...
Selecting previously unselected package libpython3-stdlib:amd64.
Preparing to unpack .../libpython3-stdlib_3.8.2-3_amd64.deb ...
Unpacking libpython3-stdlib:amd64 (3.8.2-3) ...
Setting up python3-minimal (3.8.2-3) ...
Selecting previously unselected package python3.
(Reading database ... 15874 files and directories currently installed.)
Preparing to unpack .../000-python3_3.8.2-3_amd64.deb ...
Unpacking python3 (3.8.2-3) ...
Selecting previously unselected package libncurses6:amd64.
Preparing to unpack .../001-libncurses6_6.2-1_amd64.deb ...
Unpacking libncurses6:amd64 (6.2-1) ...
Selecting previously unselected package libprocps8:amd64.
Preparing to unpack .../002-libprocps8_2%3a3.3.16-4_amd64.deb ...
Unpacking libprocps8:amd64 (2:3.3.16-4) ...
Selecting previously unselected package procps.
Preparing to unpack .../003-procps_2%3a3.3.16-4_amd64.deb ...
Unpacking procps (2:3.3.16-4) ...
Selecting previously unselected package sensible-utils.
Preparing to unpack .../004-sensible-utils_0.0.12+nmu1_all.deb ...
Unpacking sensible-utils (0.0.12+nmu1) ...
Selecting previously unselected package libmagic-mgc.
Preparing to unpack .../005-libmagic-mgc_1%3a5.38-4_amd64.deb ...
Unpacking libmagic-mgc (1:5.38-4) ...
Selecting previously unselected package libmagic1:amd64.
Preparing to unpack .../006-libmagic1_1%3a5.38-4_amd64.deb ...
Unpacking libmagic1:amd64 (1:5.38-4) ...
Selecting previously unselected package file.
Preparing to unpack .../007-file_1%3a5.38-4_amd64.deb ...
Unpacking file (1:5.38-4) ...
Selecting previously unselected package gettext-base.
Preparing to unpack .../008-gettext-base_0.19.8.1-10_amd64.deb ...
Unpacking gettext-base (0.19.8.1-10) ...
Selecting previously unselected package libcbor0:amd64.
Preparing to unpack .../009-libcbor0_0.5.0+dfsg-2_amd64.deb ...
Unpacking libcbor0:amd64 (0.5.0+dfsg-2) ...
Selecting previously unselected package libfido2-1:amd64.
Preparing to unpack .../010-libfido2-1_1.4.0-1_amd64.deb ...
Unpacking libfido2-1:amd64 (1.4.0-1) ...
Selecting previously unselected package libkrb5support0:amd64.
Preparing to unpack .../011-libkrb5support0_1.17-7_amd64.deb ...
Unpacking libkrb5support0:amd64 (1.17-7) ...
Selecting previously unselected package libk5crypto3:amd64.
Preparing to unpack .../012-libk5crypto3_1.17-7_amd64.deb ...
Unpacking libk5crypto3:amd64 (1.17-7) ...
Selecting previously unselected package libkeyutils1:amd64.
Preparing to unpack .../013-libkeyutils1_1.6.1-2_amd64.deb ...
Unpacking libkeyutils1:amd64 (1.6.1-2) ...
Selecting previously unselected package libkrb5-3:amd64.
Preparing to unpack .../014-libkrb5-3_1.17-7_amd64.deb ...
Unpacking libkrb5-3:amd64 (1.17-7) ...
Selecting previously unselected package libgssapi-krb5-2:amd64.
Preparing to unpack .../015-libgssapi-krb5-2_1.17-7_amd64.deb ...
Unpacking libgssapi-krb5-2:amd64 (1.17-7) ...
Selecting previously unselected package openssh-client.
Preparing to unpack .../016-openssh-client_1%3a8.2p1-4_amd64.deb ...
Unpacking openssh-client (1:8.2p1-4) ...
Selecting previously unselected package libsigsegv2:amd64.
Preparing to unpack .../017-libsigsegv2_2.12-2_amd64.deb ...
Unpacking libsigsegv2:amd64 (2.12-2) ...
Selecting previously unselected package m4.
Preparing to unpack .../018-m4_1.4.18-4_amd64.deb ...
Unpacking m4 (1.4.18-4) ...
Selecting previously unselected package autoconf.
Preparing to unpack .../019-autoconf_2.69-11.1_all.deb ...
Unpacking autoconf (2.69-11.1) ...
Selecting previously unselected package autotools-dev.
Preparing to unpack .../020-autotools-dev_20180224.1_all.deb ...
Unpacking autotools-dev (20180224.1) ...
Selecting previously unselected package automake.
Preparing to unpack .../021-automake_1%3a1.16.2-1_all.deb ...
Unpacking automake (1:1.16.2-1) ...
Selecting previously unselected package autopoint.
Preparing to unpack .../022-autopoint_0.19.8.1-10_all.deb ...
Unpacking autopoint (0.19.8.1-10) ...
Selecting previously unselected package cmake-data.
Preparing to unpack .../023-cmake-data_3.16.3-2_all.deb ...
Unpacking cmake-data (3.16.3-2) ...
Selecting previously unselected package libicu63:amd64.
Preparing to unpack .../024-libicu63_63.2-3_amd64.deb ...
Unpacking libicu63:amd64 (63.2-3) ...
Selecting previously unselected package libxml2:amd64.
Preparing to unpack .../025-libxml2_2.9.10+dfsg-5_amd64.deb ...
Unpacking libxml2:amd64 (2.9.10+dfsg-5) ...
Selecting previously unselected package libarchive13:amd64.
Preparing to unpack .../026-libarchive13_3.4.0-2_amd64.deb ...
Unpacking libarchive13:amd64 (3.4.0-2) ...
Selecting previously unselected package libbrotli1:amd64.
Preparing to unpack .../027-libbrotli1_1.0.7-6.1_amd64.deb ...
Unpacking libbrotli1:amd64 (1.0.7-6.1) ...
Selecting previously unselected package libsasl2-modules-db:amd64.
Preparing to unpack .../028-libsasl2-modules-db_2.1.27+dfsg-2_amd64.deb ...
Unpacking libsasl2-modules-db:amd64 (2.1.27+dfsg-2) ...
Selecting previously unselected package libsasl2-2:amd64.
Preparing to unpack .../029-libsasl2-2_2.1.27+dfsg-2_amd64.deb ...
Unpacking libsasl2-2:amd64 (2.1.27+dfsg-2) ...
Selecting previously unselected package libldap-common.
Preparing to unpack .../030-libldap-common_2.4.50+dfsg-1_all.deb ...
Unpacking libldap-common (2.4.50+dfsg-1) ...
Selecting previously unselected package libldap-2.4-2:amd64.
Preparing to unpack .../031-libldap-2.4-2_2.4.50+dfsg-1_amd64.deb ...
Unpacking libldap-2.4-2:amd64 (2.4.50+dfsg-1) ...
Selecting previously unselected package libnghttp2-14:amd64.
Preparing to unpack .../032-libnghttp2-14_1.40.0-1_amd64.deb ...
Unpacking libnghttp2-14:amd64 (1.40.0-1) ...
Selecting previously unselected package libpsl5:amd64.
Preparing to unpack .../033-libpsl5_0.21.0-1_amd64.deb ...
Unpacking libpsl5:amd64 (0.21.0-1) ...
Selecting previously unselected package librtmp1:amd64.
Preparing to unpack .../034-librtmp1_2.4+20151223.gitfa8646d.1-2+b1_amd64.deb ...
Unpacking librtmp1:amd64 (2.4+20151223.gitfa8646d.1-2+b1) ...
Selecting previously unselected package libssh2-1:amd64.
Preparing to unpack .../035-libssh2-1_1.8.0-2.1_amd64.deb ...
Unpacking libssh2-1:amd64 (1.8.0-2.1) ...
Selecting previously unselected package libcurl4:amd64.
Preparing to unpack .../036-libcurl4_7.68.0-1_amd64.deb ...
Unpacking libcurl4:amd64 (7.68.0-1) ...
Selecting previously unselected package libjsoncpp1:amd64.
Preparing to unpack .../037-libjsoncpp1_1.7.4-3.1_amd64.deb ...
Unpacking libjsoncpp1:amd64 (1.7.4-3.1) ...
Selecting previously unselected package librhash0:amd64.
Preparing to unpack .../038-librhash0_1.3.9-1_amd64.deb ...
Unpacking librhash0:amd64 (1.3.9-1) ...
Selecting previously unselected package libuv1:amd64.
Preparing to unpack .../039-libuv1_1.35.0-2_amd64.deb ...
Unpacking libuv1:amd64 (1.35.0-2) ...
Selecting previously unselected package cmake.
Preparing to unpack .../040-cmake_3.16.3-2_amd64.deb ...
Unpacking cmake (3.16.3-2) ...
Selecting previously unselected package libtool.
Preparing to unpack .../041-libtool_2.4.6-14_all.deb ...
Unpacking libtool (2.4.6-14) ...
Selecting previously unselected package dh-autoreconf.
Preparing to unpack .../042-dh-autoreconf_19_all.deb ...
Unpacking dh-autoreconf (19) ...
Selecting previously unselected package libdebhelper-perl.
Preparing to unpack .../043-libdebhelper-perl_13_all.deb ...
Unpacking libdebhelper-perl (13) ...
Selecting previously unselected package libarchive-zip-perl.
Preparing to unpack .../044-libarchive-zip-perl_1.68-1_all.deb ...
Unpacking libarchive-zip-perl (1.68-1) ...
Selecting previously unselected package libsub-override-perl.
Preparing to unpack .../045-libsub-override-perl_0.09-2_all.deb ...
Unpacking libsub-override-perl (0.09-2) ...
Selecting previously unselected package libfile-stripnondeterminism-perl.
Preparing to unpack .../046-libfile-stripnondeterminism-perl_1.8.0-1_all.deb ...
Unpacking libfile-stripnondeterminism-perl (1.8.0-1) ...
Selecting previously unselected package dh-strip-nondeterminism.
Preparing to unpack .../047-dh-strip-nondeterminism_1.8.0-1_all.deb ...
Unpacking dh-strip-nondeterminism (1.8.0-1) ...
Selecting previously unselected package libelf1:amd64.
Preparing to unpack .../048-libelf1_0.176-1.1_amd64.deb ...
Unpacking libelf1:amd64 (0.176-1.1) ...
Selecting previously unselected package dwz.
Preparing to unpack .../049-dwz_0.13-5_amd64.deb ...
Unpacking dwz (0.13-5) ...
Selecting previously unselected package libglib2.0-0:amd64.
Preparing to unpack .../050-libglib2.0-0_2.64.2-1_amd64.deb ...
Unpacking libglib2.0-0:amd64 (2.64.2-1) ...
Selecting previously unselected package libcroco3:amd64.
Preparing to unpack .../051-libcroco3_0.6.13-1_amd64.deb ...
Unpacking libcroco3:amd64 (0.6.13-1) ...
Selecting previously unselected package gettext.
Preparing to unpack .../052-gettext_0.19.8.1-10_amd64.deb ...
Unpacking gettext (0.19.8.1-10) ...
Selecting previously unselected package intltool-debian.
Preparing to unpack .../053-intltool-debian_0.35.0+20060710.5_all.deb ...
Unpacking intltool-debian (0.35.0+20060710.5) ...
Selecting previously unselected package po-debconf.
Preparing to unpack .../054-po-debconf_1.0.21_all.deb ...
Unpacking po-debconf (1.0.21) ...
Selecting previously unselected package debhelper.
Preparing to unpack .../055-debhelper_13_all.deb ...
Unpacking debhelper (13) ...
Selecting previously unselected package libgfortran5:amd64.
Preparing to unpack .../056-libgfortran5_10-20200502-1_amd64.deb ...
Unpacking libgfortran5:amd64 (10-20200502-1) ...
Selecting previously unselected package libgfortran-9-dev:amd64.
Preparing to unpack .../057-libgfortran-9-dev_9.3.0-11_amd64.deb ...
Unpacking libgfortran-9-dev:amd64 (9.3.0-11) ...
Selecting previously unselected package gfortran-9.
Preparing to unpack .../058-gfortran-9_9.3.0-11_amd64.deb ...
Unpacking gfortran-9 (9.3.0-11) ...
Selecting previously unselected package libnl-3-200:amd64.
Preparing to unpack .../059-libnl-3-200_3.4.0-1+b1_amd64.deb ...
Unpacking libnl-3-200:amd64 (3.4.0-1+b1) ...
Selecting previously unselected package libnl-route-3-200:amd64.
Preparing to unpack .../060-libnl-route-3-200_3.4.0-1+b1_amd64.deb ...
Unpacking libnl-route-3-200:amd64 (3.4.0-1+b1) ...
Selecting previously unselected package libibverbs1:amd64.
Preparing to unpack .../061-libibverbs1_29.0-1_amd64.deb ...
Unpacking libibverbs1:amd64 (29.0-1) ...
Selecting previously unselected package ibverbs-providers:amd64.
Preparing to unpack .../062-ibverbs-providers_29.0-1_amd64.deb ...
Unpacking ibverbs-providers:amd64 (29.0-1) ...
Selecting previously unselected package icu-devtools.
Preparing to unpack .../063-icu-devtools_63.2-3_amd64.deb ...
Unpacking icu-devtools (63.2-3) ...
Selecting previously unselected package libboost1.67-dev:amd64.
Preparing to unpack .../064-libboost1.67-dev_1.67.0-17+b1_amd64.deb ...
Unpacking libboost1.67-dev:amd64 (1.67.0-17+b1) ...
Selecting previously unselected package libboost-dev:amd64.
Preparing to unpack .../065-libboost-dev_1.67.0.2+b1_amd64.deb ...
Unpacking libboost-dev:amd64 (1.67.0.2+b1) ...
Selecting previously unselected package libboost1.67-tools-dev.
Preparing to unpack .../066-libboost1.67-tools-dev_1.67.0-17+b1_amd64.deb ...
Unpacking libboost1.67-tools-dev (1.67.0-17+b1) ...
Selecting previously unselected package libboost-tools-dev.
Preparing to unpack .../067-libboost-tools-dev_1.67.0.2+b1_amd64.deb ...
Unpacking libboost-tools-dev (1.67.0.2+b1) ...
Selecting previously unselected package libboost-atomic1.67.0:amd64.
Preparing to unpack .../068-libboost-atomic1.67.0_1.67.0-17+b1_amd64.deb ...
Unpacking libboost-atomic1.67.0:amd64 (1.67.0-17+b1) ...
Selecting previously unselected package libboost-atomic1.67-dev:amd64.
Preparing to unpack .../069-libboost-atomic1.67-dev_1.67.0-17+b1_amd64.deb ...
Unpacking libboost-atomic1.67-dev:amd64 (1.67.0-17+b1) ...
Selecting previously unselected package libboost-atomic-dev:amd64.
Preparing to unpack .../070-libboost-atomic-dev_1.67.0.2+b1_amd64.deb ...
Unpacking libboost-atomic-dev:amd64 (1.67.0.2+b1) ...
Selecting previously unselected package libboost-system1.67.0:amd64.
Preparing to unpack .../071-libboost-system1.67.0_1.67.0-17+b1_amd64.deb ...
Unpacking libboost-system1.67.0:amd64 (1.67.0-17+b1) ...
Selecting previously unselected package libboost-chrono1.67.0:amd64.
Preparing to unpack .../072-libboost-chrono1.67.0_1.67.0-17+b1_amd64.deb ...
Unpacking libboost-chrono1.67.0:amd64 (1.67.0-17+b1) ...
Selecting previously unselected package libboost-chrono1.67-dev:amd64.
Preparing to unpack .../073-libboost-chrono1.67-dev_1.67.0-17+b1_amd64.deb ...
Unpacking libboost-chrono1.67-dev:amd64 (1.67.0-17+b1) ...
Selecting previously unselected package libboost-chrono-dev:amd64.
Preparing to unpack .../074-libboost-chrono-dev_1.67.0.2+b1_amd64.deb ...
Unpacking libboost-chrono-dev:amd64 (1.67.0.2+b1) ...
Selecting previously unselected package libboost-container1.67.0:amd64.
Preparing to unpack .../075-libboost-container1.67.0_1.67.0-17+b1_amd64.deb ...
Unpacking libboost-container1.67.0:amd64 (1.67.0-17+b1) ...
Selecting previously unselected package libboost-container1.67-dev:amd64.
Preparing to unpack .../076-libboost-container1.67-dev_1.67.0-17+b1_amd64.deb ...
Unpacking libboost-container1.67-dev:amd64 (1.67.0-17+b1) ...
Selecting previously unselected package libboost-container-dev:amd64.
Preparing to unpack .../077-libboost-container-dev_1.67.0.2+b1_amd64.deb ...
Unpacking libboost-container-dev:amd64 (1.67.0.2+b1) ...
Selecting previously unselected package libboost-context1.67.0:amd64.
Preparing to unpack .../078-libboost-context1.67.0_1.67.0-17+b1_amd64.deb ...
Unpacking libboost-context1.67.0:amd64 (1.67.0-17+b1) ...
Selecting previously unselected package libboost-context1.67-dev:amd64.
Preparing to unpack .../079-libboost-context1.67-dev_1.67.0-17+b1_amd64.deb ...
Unpacking libboost-context1.67-dev:amd64 (1.67.0-17+b1) ...
Selecting previously unselected package libboost-context-dev:amd64.
Preparing to unpack .../080-libboost-context-dev_1.67.0.2+b1_amd64.deb ...
Unpacking libboost-context-dev:amd64 (1.67.0.2+b1) ...
Selecting previously unselected package libboost-thread1.67.0:amd64.
Preparing to unpack .../081-libboost-thread1.67.0_1.67.0-17+b1_amd64.deb ...
Unpacking libboost-thread1.67.0:amd64 (1.67.0-17+b1) ...
Selecting previously unselected package libboost-coroutine1.67.0:amd64.
Preparing to unpack .../082-libboost-coroutine1.67.0_1.67.0-17+b1_amd64.deb ...
Unpacking libboost-coroutine1.67.0:amd64 (1.67.0-17+b1) ...
Selecting previously unselected package libboost-coroutine1.67-dev:amd64.
Preparing to unpack .../083-libboost-coroutine1.67-dev_1.67.0-17+b1_amd64.deb ...
Unpacking libboost-coroutine1.67-dev:amd64 (1.67.0-17+b1) ...
Selecting previously unselected package libboost-coroutine-dev:amd64.
Preparing to unpack .../084-libboost-coroutine-dev_1.67.0.2+b1_amd64.deb ...
Unpacking libboost-coroutine-dev:amd64 (1.67.0.2+b1) ...
Selecting previously unselected package libboost-date-time1.67.0:amd64.
Preparing to unpack .../085-libboost-date-time1.67.0_1.67.0-17+b1_amd64.deb ...
Unpacking libboost-date-time1.67.0:amd64 (1.67.0-17+b1) ...
Selecting previously unselected package libboost-serialization1.67.0:amd64.
Preparing to unpack .../086-libboost-serialization1.67.0_1.67.0-17+b1_amd64.deb ...
Unpacking libboost-serialization1.67.0:amd64 (1.67.0-17+b1) ...
Selecting previously unselected package libboost-serialization1.67-dev:amd64.
Preparing to unpack .../087-libboost-serialization1.67-dev_1.67.0-17+b1_amd64.deb ...
Unpacking libboost-serialization1.67-dev:amd64 (1.67.0-17+b1) ...
Selecting previously unselected package libboost-date-time1.67-dev:amd64.
Preparing to unpack .../088-libboost-date-time1.67-dev_1.67.0-17+b1_amd64.deb ...
Unpacking libboost-date-time1.67-dev:amd64 (1.67.0-17+b1) ...
Selecting previously unselected package libboost-date-time-dev:amd64.
Preparing to unpack .../089-libboost-date-time-dev_1.67.0.2+b1_amd64.deb ...
Unpacking libboost-date-time-dev:amd64 (1.67.0.2+b1) ...
Selecting previously unselected package libboost-exception1.67-dev:amd64.
Preparing to unpack .../090-libboost-exception1.67-dev_1.67.0-17+b1_amd64.deb ...
Unpacking libboost-exception1.67-dev:amd64 (1.67.0-17+b1) ...
Selecting previously unselected package libboost-exception-dev:amd64.
Preparing to unpack .../091-libboost-exception-dev_1.67.0.2+b1_amd64.deb ...
Unpacking libboost-exception-dev:amd64 (1.67.0.2+b1) ...
Selecting previously unselected package libboost-filesystem1.67.0:amd64.
Preparing to unpack .../092-libboost-filesystem1.67.0_1.67.0-17+b1_amd64.deb ...
Unpacking libboost-filesystem1.67.0:amd64 (1.67.0-17+b1) ...
Selecting previously unselected package libboost-fiber1.67.0:amd64.
Preparing to unpack .../093-libboost-fiber1.67.0_1.67.0-17+b1_amd64.deb ...
Unpacking libboost-fiber1.67.0:amd64 (1.67.0-17+b1) ...
Selecting previously unselected package libboost-fiber1.67-dev:amd64.
Preparing to unpack .../094-libboost-fiber1.67-dev_1.67.0-17+b1_amd64.deb ...
Unpacking libboost-fiber1.67-dev:amd64 (1.67.0-17+b1) ...
Selecting previously unselected package libboost-fiber-dev:amd64.
Preparing to unpack .../095-libboost-fiber-dev_1.67.0.2+b1_amd64.deb ...
Unpacking libboost-fiber-dev:amd64 (1.67.0.2+b1) ...
Selecting previously unselected package libboost-system1.67-dev:amd64.
Preparing to unpack .../096-libboost-system1.67-dev_1.67.0-17+b1_amd64.deb ...
Unpacking libboost-system1.67-dev:amd64 (1.67.0-17+b1) ...
Selecting previously unselected package libboost-filesystem1.67-dev:amd64.
Preparing to unpack .../097-libboost-filesystem1.67-dev_1.67.0-17+b1_amd64.deb ...
Unpacking libboost-filesystem1.67-dev:amd64 (1.67.0-17+b1) ...
Selecting previously unselected package libboost-filesystem-dev:amd64.
Preparing to unpack .../098-libboost-filesystem-dev_1.67.0.2+b1_amd64.deb ...
Unpacking libboost-filesystem-dev:amd64 (1.67.0.2+b1) ...
Selecting previously unselected package libboost-regex1.67.0:amd64.
Preparing to unpack .../099-libboost-regex1.67.0_1.67.0-17+b1_amd64.deb ...
Unpacking libboost-regex1.67.0:amd64 (1.67.0-17+b1) ...
Selecting previously unselected package libboost-graph1.67.0:amd64.
Preparing to unpack .../100-libboost-graph1.67.0_1.67.0-17+b1_amd64.deb ...
Unpacking libboost-graph1.67.0:amd64 (1.67.0-17+b1) ...
Selecting previously unselected package libboost-test1.67.0:amd64.
Preparing to unpack .../101-libboost-test1.67.0_1.67.0-17+b1_amd64.deb ...
Unpacking libboost-test1.67.0:amd64 (1.67.0-17+b1) ...
Selecting previously unselected package libboost-test1.67-dev:amd64.
Preparing to unpack .../102-libboost-test1.67-dev_1.67.0-17+b1_amd64.deb ...
Unpacking libboost-test1.67-dev:amd64 (1.67.0-17+b1) ...
Selecting previously unselected package libboost-graph1.67-dev:amd64.
Preparing to unpack .../103-libboost-graph1.67-dev_1.67.0-17+b1_amd64.deb ...
Unpacking libboost-graph1.67-dev:amd64 (1.67.0-17+b1) ...
Selecting previously unselected package libboost-graph-dev:amd64.
Preparing to unpack .../104-libboost-graph-dev_1.67.0.2+b1_amd64.deb ...
Unpacking libboost-graph-dev:amd64 (1.67.0.2+b1) ...
Selecting previously unselected package libevent-2.1-7:amd64.
Preparing to unpack .../105-libevent-2.1-7_2.1.11-stable-1_amd64.deb ...
Unpacking libevent-2.1-7:amd64 (2.1.11-stable-1) ...
Selecting previously unselected package libevent-core-2.1-7:amd64.
Preparing to unpack .../106-libevent-core-2.1-7_2.1.11-stable-1_amd64.deb ...
Unpacking libevent-core-2.1-7:amd64 (2.1.11-stable-1) ...
Selecting previously unselected package libevent-pthreads-2.1-7:amd64.
Preparing to unpack .../107-libevent-pthreads-2.1-7_2.1.11-stable-1_amd64.deb ...
Unpacking libevent-pthreads-2.1-7:amd64 (2.1.11-stable-1) ...
Selecting previously unselected package libpsm-infinipath1.
Preparing to unpack .../108-libpsm-infinipath1_3.3+20.604758e7-6+b1_amd64.deb ...
Unpacking libpsm-infinipath1 (3.3+20.604758e7-6+b1) ...
Selecting previously unselected package libnuma1:amd64.
Preparing to unpack .../109-libnuma1_2.0.12-1+b1_amd64.deb ...
Unpacking libnuma1:amd64 (2.0.12-1+b1) ...
Selecting previously unselected package libpsm2-2.
Preparing to unpack .../110-libpsm2-2_11.2.86-1_amd64.deb ...
Unpacking libpsm2-2 (11.2.86-1) ...
Selecting previously unselected package librdmacm1:amd64.
Preparing to unpack .../111-librdmacm1_29.0-1_amd64.deb ...
Unpacking librdmacm1:amd64 (29.0-1) ...
Selecting previously unselected package libfabric1.
Preparing to unpack .../112-libfabric1_1.6.2-3+b1_amd64.deb ...
Unpacking libfabric1 (1.6.2-3+b1) ...
Selecting previously unselected package libhwloc15:amd64.
Preparing to unpack .../113-libhwloc15_2.2.0+dfsg-3_amd64.deb ...
Unpacking libhwloc15:amd64 (2.2.0+dfsg-3) ...
Selecting previously unselected package libpciaccess0:amd64.
Preparing to unpack .../114-libpciaccess0_0.14-1_amd64.deb ...
Unpacking libpciaccess0:amd64 (0.14-1) ...
Selecting previously unselected package libxau6:amd64.
Preparing to unpack .../115-libxau6_1%3a1.0.8-1+b2_amd64.deb ...
Unpacking libxau6:amd64 (1:1.0.8-1+b2) ...
Selecting previously unselected package libxdmcp6:amd64.
Preparing to unpack .../116-libxdmcp6_1%3a1.1.2-3_amd64.deb ...
Unpacking libxdmcp6:amd64 (1:1.1.2-3) ...
Selecting previously unselected package libxcb1:amd64.
Preparing to unpack .../117-libxcb1_1.14-2_amd64.deb ...
Unpacking libxcb1:amd64 (1.14-2) ...
Selecting previously unselected package libx11-data.
Preparing to unpack .../118-libx11-data_2%3a1.6.9-2_all.deb ...
Unpacking libx11-data (2:1.6.9-2) ...
Selecting previously unselected package libx11-6:amd64.
Preparing to unpack .../119-libx11-6_2%3a1.6.9-2_amd64.deb ...
Unpacking libx11-6:amd64 (2:1.6.9-2) ...
Selecting previously unselected package libxext6:amd64.
Preparing to unpack .../120-libxext6_2%3a1.3.3-1+b2_amd64.deb ...
Unpacking libxext6:amd64 (2:1.3.3-1+b2) ...
Selecting previously unselected package libxnvctrl0:amd64.
Preparing to unpack .../121-libxnvctrl0_440.82-1_amd64.deb ...
Unpacking libxnvctrl0:amd64 (440.82-1) ...
Selecting previously unselected package ocl-icd-libopencl1:amd64.
Preparing to unpack .../122-ocl-icd-libopencl1_2.2.12-4_amd64.deb ...
Unpacking ocl-icd-libopencl1:amd64 (2.2.12-4) ...
Selecting previously unselected package libhwloc-plugins:amd64.
Preparing to unpack .../123-libhwloc-plugins_2.2.0+dfsg-3_amd64.deb ...
Unpacking libhwloc-plugins:amd64 (2.2.0+dfsg-3) ...
Selecting previously unselected package libpmix2:amd64.
Preparing to unpack .../124-libpmix2_3.1.5-1_amd64.deb ...
Unpacking libpmix2:amd64 (3.1.5-1) ...
Selecting previously unselected package libopenmpi3:amd64.
Preparing to unpack .../125-libopenmpi3_4.0.3-6_amd64.deb ...
Unpacking libopenmpi3:amd64 (4.0.3-6) ...
Selecting previously unselected package libboost-mpi1.67.0.
Preparing to unpack .../126-libboost-mpi1.67.0_1.67.0-17+b1_amd64.deb ...
Unpacking libboost-mpi1.67.0 (1.67.0-17+b1) ...
Selecting previously unselected package libboost-graph-parallel1.67.0.
Preparing to unpack .../127-libboost-graph-parallel1.67.0_1.67.0-17+b1_amd64.deb ...
Unpacking libboost-graph-parallel1.67.0 (1.67.0-17+b1) ...
Selecting previously unselected package libboost-graph-parallel1.67-dev.
Preparing to unpack .../128-libboost-graph-parallel1.67-dev_1.67.0-17+b1_amd64.deb ...
Unpacking libboost-graph-parallel1.67-dev (1.67.0-17+b1) ...
Selecting previously unselected package libboost-graph-parallel-dev.
Preparing to unpack .../129-libboost-graph-parallel-dev_1.67.0.2+b1_amd64.deb ...
Unpacking libboost-graph-parallel-dev (1.67.0.2+b1) ...
Selecting previously unselected package libicu-dev:amd64.
Preparing to unpack .../130-libicu-dev_63.2-3_amd64.deb ...
Unpacking libicu-dev:amd64 (63.2-3) ...
Selecting previously unselected package libboost-regex1.67-dev:amd64.
Preparing to unpack .../131-libboost-regex1.67-dev_1.67.0-17+b1_amd64.deb ...
Unpacking libboost-regex1.67-dev:amd64 (1.67.0-17+b1) ...
Selecting previously unselected package libboost-iostreams1.67.0:amd64.
Preparing to unpack .../132-libboost-iostreams1.67.0_1.67.0-17+b1_amd64.deb ...
Unpacking libboost-iostreams1.67.0:amd64 (1.67.0-17+b1) ...
Selecting previously unselected package libboost-iostreams1.67-dev:amd64.
Preparing to unpack .../133-libboost-iostreams1.67-dev_1.67.0-17+b1_amd64.deb ...
Unpacking libboost-iostreams1.67-dev:amd64 (1.67.0-17+b1) ...
Selecting previously unselected package libboost-iostreams-dev:amd64.
Preparing to unpack .../134-libboost-iostreams-dev_1.67.0.2+b1_amd64.deb ...
Unpacking libboost-iostreams-dev:amd64 (1.67.0.2+b1) ...
Selecting previously unselected package libboost-locale1.67.0:amd64.
Preparing to unpack .../135-libboost-locale1.67.0_1.67.0-17+b1_amd64.deb ...
Unpacking libboost-locale1.67.0:amd64 (1.67.0-17+b1) ...
Selecting previously unselected package libboost-locale1.67-dev:amd64.
Preparing to unpack .../136-libboost-locale1.67-dev_1.67.0-17+b1_amd64.deb ...
Unpacking libboost-locale1.67-dev:amd64 (1.67.0-17+b1) ...
Selecting previously unselected package libboost-locale-dev:amd64.
Preparing to unpack .../137-libboost-locale-dev_1.67.0.2+b1_amd64.deb ...
Unpacking libboost-locale-dev:amd64 (1.67.0.2+b1) ...
Selecting previously unselected package libboost-log1.67.0.
Preparing to unpack .../138-libboost-log1.67.0_1.67.0-17+b1_amd64.deb ...
Unpacking libboost-log1.67.0 (1.67.0-17+b1) ...
Selecting previously unselected package libboost-thread1.67-dev:amd64.
Preparing to unpack .../139-libboost-thread1.67-dev_1.67.0-17+b1_amd64.deb ...
Unpacking libboost-thread1.67-dev:amd64 (1.67.0-17+b1) ...
Selecting previously unselected package libboost-log1.67-dev.
Preparing to unpack .../140-libboost-log1.67-dev_1.67.0-17+b1_amd64.deb ...
Unpacking libboost-log1.67-dev (1.67.0-17+b1) ...
Selecting previously unselected package libboost-log-dev.
Preparing to unpack .../141-libboost-log-dev_1.67.0.2+b1_amd64.deb ...
Unpacking libboost-log-dev (1.67.0.2+b1) ...
Selecting previously unselected package libboost-math1.67.0:amd64.
Preparing to unpack .../142-libboost-math1.67.0_1.67.0-17+b1_amd64.deb ...
Unpacking libboost-math1.67.0:amd64 (1.67.0-17+b1) ...
Selecting previously unselected package libboost-math1.67-dev:amd64.
Preparing to unpack .../143-libboost-math1.67-dev_1.67.0-17+b1_amd64.deb ...
Unpacking libboost-math1.67-dev:amd64 (1.67.0-17+b1) ...
Selecting previously unselected package libboost-math-dev:amd64.
Preparing to unpack .../144-libboost-math-dev_1.67.0.2+b1_amd64.deb ...
Unpacking libboost-math-dev:amd64 (1.67.0.2+b1) ...
Selecting previously unselected package openmpi-common.
Preparing to unpack .../145-openmpi-common_4.0.3-6_all.deb ...
Unpacking openmpi-common (4.0.3-6) ...
Selecting previously unselected package libnl-3-dev:amd64.
Preparing to unpack .../146-libnl-3-dev_3.4.0-1+b1_amd64.deb ...
Unpacking libnl-3-dev:amd64 (3.4.0-1+b1) ...
Selecting previously unselected package libnl-route-3-dev:amd64.
Preparing to unpack .../147-libnl-route-3-dev_3.4.0-1+b1_amd64.deb ...
Unpacking libnl-route-3-dev:amd64 (3.4.0-1+b1) ...
Selecting previously unselected package libibverbs-dev:amd64.
Preparing to unpack .../148-libibverbs-dev_29.0-1_amd64.deb ...
Unpacking libibverbs-dev:amd64 (29.0-1) ...
Selecting previously unselected package libnuma-dev:amd64.
Preparing to unpack .../149-libnuma-dev_2.0.12-1+b1_amd64.deb ...
Unpacking libnuma-dev:amd64 (2.0.12-1+b1) ...
Selecting previously unselected package libltdl7:amd64.
Preparing to unpack .../150-libltdl7_2.4.6-14_amd64.deb ...
Unpacking libltdl7:amd64 (2.4.6-14) ...
Selecting previously unselected package libltdl-dev:amd64.
Preparing to unpack .../151-libltdl-dev_2.4.6-14_amd64.deb ...
Unpacking libltdl-dev:amd64 (2.4.6-14) ...
Selecting previously unselected package libhwloc-dev:amd64.
Preparing to unpack .../152-libhwloc-dev_2.2.0+dfsg-3_amd64.deb ...
Unpacking libhwloc-dev:amd64 (2.2.0+dfsg-3) ...
Selecting previously unselected package libevent-extra-2.1-7:amd64.
Preparing to unpack .../153-libevent-extra-2.1-7_2.1.11-stable-1_amd64.deb ...
Unpacking libevent-extra-2.1-7:amd64 (2.1.11-stable-1) ...
Selecting previously unselected package libevent-openssl-2.1-7:amd64.
Preparing to unpack .../154-libevent-openssl-2.1-7_2.1.11-stable-1_amd64.deb ...
Unpacking libevent-openssl-2.1-7:amd64 (2.1.11-stable-1) ...
Selecting previously unselected package libevent-dev.
Preparing to unpack .../155-libevent-dev_2.1.11-stable-1_amd64.deb ...
Unpacking libevent-dev (2.1.11-stable-1) ...
Selecting previously unselected package zlib1g-dev:amd64.
Preparing to unpack .../156-zlib1g-dev_1%3a1.2.11.dfsg-2_amd64.deb ...
Unpacking zlib1g-dev:amd64 (1:1.2.11.dfsg-2) ...
Selecting previously unselected package openmpi-bin.
Preparing to unpack .../157-openmpi-bin_4.0.3-6_amd64.deb ...
Unpacking openmpi-bin (4.0.3-6) ...
Selecting previously unselected package libopenmpi-dev:amd64.
Preparing to unpack .../158-libopenmpi-dev_4.0.3-6_amd64.deb ...
Unpacking libopenmpi-dev:amd64 (4.0.3-6) ...
Selecting previously unselected package mpi-default-dev.
Preparing to unpack .../159-mpi-default-dev_1.13_amd64.deb ...
Unpacking mpi-default-dev (1.13) ...
Selecting previously unselected package libboost-mpi1.67-dev.
Preparing to unpack .../160-libboost-mpi1.67-dev_1.67.0-17+b1_amd64.deb ...
Unpacking libboost-mpi1.67-dev (1.67.0-17+b1) ...
Selecting previously unselected package libboost-mpi-dev.
Preparing to unpack .../161-libboost-mpi-dev_1.67.0.2+b1_amd64.deb ...
Unpacking libboost-mpi-dev (1.67.0.2+b1) ...
Selecting previously unselected package libboost-python1.67.0.
Preparing to unpack .../162-libboost-python1.67.0_1.67.0-17+b1_amd64.deb ...
Unpacking libboost-python1.67.0 (1.67.0-17+b1) ...
Selecting previously unselected package mpi-default-bin.
Preparing to unpack .../163-mpi-default-bin_1.13_amd64.deb ...
Unpacking mpi-default-bin (1.13) ...
Selecting previously unselected package libboost-mpi-python1.67.0.
Preparing to unpack .../164-libboost-mpi-python1.67.0_1.67.0-17+b1_amd64.deb ...
Unpacking libboost-mpi-python1.67.0 (1.67.0-17+b1) ...
Selecting previously unselected package libboost-mpi-python1.67-dev.
Preparing to unpack .../165-libboost-mpi-python1.67-dev_1.67.0-17+b1_amd64.deb ...
Unpacking libboost-mpi-python1.67-dev (1.67.0-17+b1) ...
Selecting previously unselected package libboost-mpi-python-dev.
Preparing to unpack .../166-libboost-mpi-python-dev_1.67.0.2+b1_amd64.deb ...
Unpacking libboost-mpi-python-dev (1.67.0.2+b1) ...
Selecting previously unselected package libboost-numpy1.67.0.
Preparing to unpack .../167-libboost-numpy1.67.0_1.67.0-17+b1_amd64.deb ...
Unpacking libboost-numpy1.67.0 (1.67.0-17+b1) ...
Selecting previously unselected package libboost-numpy1.67-dev.
Preparing to unpack .../168-libboost-numpy1.67-dev_1.67.0-17+b1_amd64.deb ...
Unpacking libboost-numpy1.67-dev (1.67.0-17+b1) ...
Selecting previously unselected package libboost-numpy-dev.
Preparing to unpack .../169-libboost-numpy-dev_1.67.0.2+b1_amd64.deb ...
Unpacking libboost-numpy-dev (1.67.0.2+b1) ...
Selecting previously unselected package libboost-program-options1.67.0:amd64.
Preparing to unpack .../170-libboost-program-options1.67.0_1.67.0-17+b1_amd64.deb ...
Unpacking libboost-program-options1.67.0:amd64 (1.67.0-17+b1) ...
Selecting previously unselected package libboost-program-options1.67-dev:amd64.
Preparing to unpack .../171-libboost-program-options1.67-dev_1.67.0-17+b1_amd64.deb ...
Unpacking libboost-program-options1.67-dev:amd64 (1.67.0-17+b1) ...
Selecting previously unselected package libboost-program-options-dev:amd64.
Preparing to unpack .../172-libboost-program-options-dev_1.67.0.2+b1_amd64.deb ...
Unpacking libboost-program-options-dev:amd64 (1.67.0.2+b1) ...
Selecting previously unselected package libpython2.7:amd64.
Preparing to unpack .../173-libpython2.7_2.7.18-1_amd64.deb ...
Unpacking libpython2.7:amd64 (2.7.18-1) ...
Selecting previously unselected package libexpat1-dev:amd64.
Preparing to unpack .../174-libexpat1-dev_2.2.9-1_amd64.deb ...
Unpacking libexpat1-dev:amd64 (2.2.9-1) ...
Selecting previously unselected package libpython2.7-dev:amd64.
Preparing to unpack .../175-libpython2.7-dev_2.7.18-1_amd64.deb ...
Unpacking libpython2.7-dev:amd64 (2.7.18-1) ...
Selecting previously unselected package libpython2-dev:amd64.
Preparing to unpack .../176-libpython2-dev_2.7.17-2_amd64.deb ...
Unpacking libpython2-dev:amd64 (2.7.17-2) ...
Selecting previously unselected package libpython-dev:amd64.
Preparing to unpack .../177-libpython-dev_2.7.17-2_amd64.deb ...
Unpacking libpython-dev:amd64 (2.7.17-2) ...
Selecting previously unselected package python2.7-dev.
Preparing to unpack .../178-python2.7-dev_2.7.18-1_amd64.deb ...
Unpacking python2.7-dev (2.7.18-1) ...
Selecting previously unselected package python2-dev.
Preparing to unpack .../179-python2-dev_2.7.17-2_amd64.deb ...
Unpacking python2-dev (2.7.17-2) ...
Selecting previously unselected package python-dev.
Preparing to unpack .../180-python-dev_2.7.17-2_amd64.deb ...
Unpacking python-dev (2.7.17-2) ...
Selecting previously unselected package libpython3.8:amd64.
Preparing to unpack .../181-libpython3.8_3.8.3~rc1-1_amd64.deb ...
Unpacking libpython3.8:amd64 (3.8.3~rc1-1) ...
Selecting previously unselected package libpython3.8-dev:amd64.
Preparing to unpack .../182-libpython3.8-dev_3.8.3~rc1-1_amd64.deb ...
Unpacking libpython3.8-dev:amd64 (3.8.3~rc1-1) ...
Selecting previously unselected package libpython3-dev:amd64.
Preparing to unpack .../183-libpython3-dev_3.8.2-3_amd64.deb ...
Unpacking libpython3-dev:amd64 (3.8.2-3) ...
Selecting previously unselected package python3.8-dev.
Preparing to unpack .../184-python3.8-dev_3.8.3~rc1-1_amd64.deb ...
Unpacking python3.8-dev (3.8.3~rc1-1) ...
Selecting previously unselected package python3-lib2to3.
Preparing to unpack .../185-python3-lib2to3_3.8.2-2_all.deb ...
Unpacking python3-lib2to3 (3.8.2-2) ...
Selecting previously unselected package python3-distutils.
Preparing to unpack .../186-python3-distutils_3.8.2-2_all.deb ...
Unpacking python3-distutils (3.8.2-2) ...
Selecting previously unselected package python3-dev.
Preparing to unpack .../187-python3-dev_3.8.2-3_amd64.deb ...
Unpacking python3-dev (3.8.2-3) ...
Selecting previously unselected package libboost-python1.67-dev.
Preparing to unpack .../188-libboost-python1.67-dev_1.67.0-17+b1_amd64.deb ...
Unpacking libboost-python1.67-dev (1.67.0-17+b1) ...
Selecting previously unselected package libboost-python-dev.
Preparing to unpack .../189-libboost-python-dev_1.67.0.2+b1_amd64.deb ...
Unpacking libboost-python-dev (1.67.0.2+b1) ...
Selecting previously unselected package libboost-random1.67.0:amd64.
Preparing to unpack .../190-libboost-random1.67.0_1.67.0-17+b1_amd64.deb ...
Unpacking libboost-random1.67.0:amd64 (1.67.0-17+b1) ...
Selecting previously unselected package libboost-random1.67-dev:amd64.
Preparing to unpack .../191-libboost-random1.67-dev_1.67.0-17+b1_amd64.deb ...
Unpacking libboost-random1.67-dev:amd64 (1.67.0-17+b1) ...
Selecting previously unselected package libboost-random-dev:amd64.
Preparing to unpack .../192-libboost-random-dev_1.67.0.2+b1_amd64.deb ...
Unpacking libboost-random-dev:amd64 (1.67.0.2+b1) ...
Selecting previously unselected package libboost-regex-dev:amd64.
Preparing to unpack .../193-libboost-regex-dev_1.67.0.2+b1_amd64.deb ...
Unpacking libboost-regex-dev:amd64 (1.67.0.2+b1) ...
Selecting previously unselected package libboost-serialization-dev:amd64.
Preparing to unpack .../194-libboost-serialization-dev_1.67.0.2+b1_amd64.deb ...
Unpacking libboost-serialization-dev:amd64 (1.67.0.2+b1) ...
Selecting previously unselected package libboost-signals1.67.0:amd64.
Preparing to unpack .../195-libboost-signals1.67.0_1.67.0-17+b1_amd64.deb ...
Unpacking libboost-signals1.67.0:amd64 (1.67.0-17+b1) ...
Selecting previously unselected package libboost-signals1.67-dev:amd64.
Preparing to unpack .../196-libboost-signals1.67-dev_1.67.0-17+b1_amd64.deb ...
Unpacking libboost-signals1.67-dev:amd64 (1.67.0-17+b1) ...
Selecting previously unselected package libboost-signals-dev:amd64.
Preparing to unpack .../197-libboost-signals-dev_1.67.0.2+b1_amd64.deb ...
Unpacking libboost-signals-dev:amd64 (1.67.0.2+b1) ...
Selecting previously unselected package libboost-stacktrace1.67.0:amd64.
Preparing to unpack .../198-libboost-stacktrace1.67.0_1.67.0-17+b1_amd64.deb ...
Unpacking libboost-stacktrace1.67.0:amd64 (1.67.0-17+b1) ...
Selecting previously unselected package libboost-stacktrace1.67-dev:amd64.
Preparing to unpack .../199-libboost-stacktrace1.67-dev_1.67.0-17+b1_amd64.deb ...
Unpacking libboost-stacktrace1.67-dev:amd64 (1.67.0-17+b1) ...
Selecting previously unselected package libboost-stacktrace-dev:amd64.
Preparing to unpack .../200-libboost-stacktrace-dev_1.67.0.2+b1_amd64.deb ...
Unpacking libboost-stacktrace-dev:amd64 (1.67.0.2+b1) ...
Selecting previously unselected package libboost-system-dev:amd64.
Preparing to unpack .../201-libboost-system-dev_1.67.0.2+b1_amd64.deb ...
Unpacking libboost-system-dev:amd64 (1.67.0.2+b1) ...
Selecting previously unselected package libboost-test-dev:amd64.
Preparing to unpack .../202-libboost-test-dev_1.67.0.2+b1_amd64.deb ...
Unpacking libboost-test-dev:amd64 (1.67.0.2+b1) ...
Selecting previously unselected package libboost-thread-dev:amd64.
Preparing to unpack .../203-libboost-thread-dev_1.67.0.2+b1_amd64.deb ...
Unpacking libboost-thread-dev:amd64 (1.67.0.2+b1) ...
Selecting previously unselected package libboost-timer1.67.0:amd64.
Preparing to unpack .../204-libboost-timer1.67.0_1.67.0-17+b1_amd64.deb ...
Unpacking libboost-timer1.67.0:amd64 (1.67.0-17+b1) ...
Selecting previously unselected package libboost-timer1.67-dev:amd64.
Preparing to unpack .../205-libboost-timer1.67-dev_1.67.0-17+b1_amd64.deb ...
Unpacking libboost-timer1.67-dev:amd64 (1.67.0-17+b1) ...
Selecting previously unselected package libboost-timer-dev:amd64.
Preparing to unpack .../206-libboost-timer-dev_1.67.0.2+b1_amd64.deb ...
Unpacking libboost-timer-dev:amd64 (1.67.0.2+b1) ...
Selecting previously unselected package libboost-type-erasure1.67.0:amd64.
Preparing to unpack .../207-libboost-type-erasure1.67.0_1.67.0-17+b1_amd64.deb ...
Unpacking libboost-type-erasure1.67.0:amd64 (1.67.0-17+b1) ...
Selecting previously unselected package libboost-type-erasure1.67-dev:amd64.
Preparing to unpack .../208-libboost-type-erasure1.67-dev_1.67.0-17+b1_amd64.deb ...
Unpacking libboost-type-erasure1.67-dev:amd64 (1.67.0-17+b1) ...
Selecting previously unselected package libboost-type-erasure-dev:amd64.
Preparing to unpack .../209-libboost-type-erasure-dev_1.67.0.2+b1_amd64.deb ...
Unpacking libboost-type-erasure-dev:amd64 (1.67.0.2+b1) ...
Selecting previously unselected package libboost-wave1.67.0:amd64.
Preparing to unpack .../210-libboost-wave1.67.0_1.67.0-17+b1_amd64.deb ...
Unpacking libboost-wave1.67.0:amd64 (1.67.0-17+b1) ...
Selecting previously unselected package libboost-wave1.67-dev:amd64.
Preparing to unpack .../211-libboost-wave1.67-dev_1.67.0-17+b1_amd64.deb ...
Unpacking libboost-wave1.67-dev:amd64 (1.67.0-17+b1) ...
Selecting previously unselected package libboost-wave-dev:amd64.
Preparing to unpack .../212-libboost-wave-dev_1.67.0.2+b1_amd64.deb ...
Unpacking libboost-wave-dev:amd64 (1.67.0.2+b1) ...
Selecting previously unselected package libboost-all-dev.
Preparing to unpack .../213-libboost-all-dev_1.67.0.2+b1_amd64.deb ...
Unpacking libboost-all-dev (1.67.0.2+b1) ...
Selecting previously unselected package rapidjson-dev.
Preparing to unpack .../214-rapidjson-dev_1.1.0+dfsg2-5_all.deb ...
Unpacking rapidjson-dev (1.1.0+dfsg2-5) ...
Selecting previously unselected package sbuild-build-depends-main-dummy.
Preparing to unpack .../215-sbuild-build-depends-main-dummy_0.invalid.0_amd64.deb ...
Unpacking sbuild-build-depends-main-dummy (0.invalid.0) ...
Setting up libboost1.67-dev:amd64 (1.67.0-17+b1) ...
Setting up libboost-program-options1.67.0:amd64 (1.67.0-17+b1) ...
Setting up libpipeline1:amd64 (1.5.2-2) ...
Setting up libboost1.67-tools-dev (1.67.0-17+b1) ...
Setting up libpciaccess0:amd64 (0.14-1) ...
Setting up libxau6:amd64 (1:1.0.8-1+b2) ...
Setting up libxdmcp6:amd64 (1:1.1.2-3) ...
Setting up libkeyutils1:amd64 (1.6.1-2) ...
Setting up libpsl5:amd64 (0.21.0-1) ...
Setting up libxcb1:amd64 (1.14-2) ...
Setting up mime-support (3.64) ...
Setting up libboost-signals1.67.0:amd64 (1.67.0-17+b1) ...
Setting up libmagic-mgc (1:5.38-4) ...
Setting up libarchive-zip-perl (1.68-1) ...
Setting up libboost-program-options1.67-dev:amd64 (1.67.0-17+b1) ...
Setting up libglib2.0-0:amd64 (2.64.2-1) ...
No schema files found: doing nothing.
Setting up libdebhelper-perl (13) ...
Setting up libbrotli1:amd64 (1.0.7-6.1) ...
Setting up libboost-container1.67.0:amd64 (1.67.0-17+b1) ...
Setting up libboost-test1.67.0:amd64 (1.67.0-17+b1) ...
Setting up libsqlite3-0:amd64 (3.31.1-5) ...
Setting up libcbor0:amd64 (0.5.0+dfsg-2) ...
Setting up libnghttp2-14:amd64 (1.40.0-1) ...
Setting up libmagic1:amd64 (1:5.38-4) ...
Setting up gettext-base (0.19.8.1-10) ...
Setting up libboost-tools-dev (1.67.0.2+b1) ...
Setting up libboost-date-time1.67.0:amd64 (1.67.0-17+b1) ...
Setting up file (1:5.38-4) ...
Setting up libboost-math1.67.0:amd64 (1.67.0-17+b1) ...
Setting up libldap-common (2.4.50+dfsg-1) ...
Setting up libicu63:amd64 (63.2-3) ...
Setting up libboost-container1.67-dev:amd64 (1.67.0-17+b1) ...
Setting up rapidjson-dev (1.1.0+dfsg2-5) ...
Setting up libkrb5support0:amd64 (1.17-7) ...
Setting up libboost-test1.67-dev:amd64 (1.67.0-17+b1) ...
Setting up libsasl2-modules-db:amd64 (2.1.27+dfsg-2) ...
Setting up libboost-test-dev:amd64 (1.67.0.2+b1) ...
Setting up autotools-dev (20180224.1) ...
Setting up libuv1:amd64 (1.35.0-2) ...
Setting up libexpat1-dev:amd64 (2.2.9-1) ...
Setting up libboost-program-options-dev:amd64 (1.67.0.2+b1) ...
Setting up libx11-data (2:1.6.9-2) ...
Setting up librtmp1:amd64 (2.4+20151223.gitfa8646d.1-2+b1) ...
Setting up libboost-signals1.67-dev:amd64 (1.67.0-17+b1) ...
Setting up libncurses6:amd64 (6.2-1) ...
Setting up libsigsegv2:amd64 (2.12-2) ...
Setting up bsdmainutils (11.1.2+b1) ...
update-alternatives: using /usr/bin/bsd-write to provide /usr/bin/write (write) in auto mode
update-alternatives: using /usr/bin/bsd-from to provide /usr/bin/from (from) in auto mode
Setting up libhwloc15:amd64 (2.2.0+dfsg-3) ...
Setting up libevent-core-2.1-7:amd64 (2.1.11-stable-1) ...
Setting up libevent-2.1-7:amd64 (2.1.11-stable-1) ...
Setting up autopoint (0.19.8.1-10) ...
Setting up icu-devtools (63.2-3) ...
Setting up libboost-iostreams1.67.0:amd64 (1.67.0-17+b1) ...
Setting up libk5crypto3:amd64 (1.17-7) ...
Setting up libltdl7:amd64 (2.4.6-14) ...
Setting up libboost-exception1.67-dev:amd64 (1.67.0-17+b1) ...
Setting up libsasl2-2:amd64 (2.1.27+dfsg-2) ...
Setting up libgfortran5:amd64 (10-20200502-1) ...
Setting up zlib1g-dev:amd64 (1:1.2.11.dfsg-2) ...
Setting up libnuma1:amd64 (2.0.12-1+b1) ...
Setting up libboost-signals-dev:amd64 (1.67.0.2+b1) ...
Setting up sensible-utils (0.0.12+nmu1) ...
Setting up ocl-icd-libopencl1:amd64 (2.2.12-4) ...
Setting up librhash0:amd64 (1.3.9-1) ...
Setting up libuchardet0:amd64 (0.0.6-3) ...
Setting up libnl-3-200:amd64 (3.4.0-1+b1) ...
Setting up libboost-python1.67.0 (1.67.0-17+b1) ...
Setting up libpsm2-2 (11.2.86-1) ...
Setting up openmpi-common (4.0.3-6) ...
Setting up libsub-override-perl (0.09-2) ...
Setting up libx11-6:amd64 (2:1.6.9-2) ...
Setting up libssh2-1:amd64 (1.8.0-2.1) ...
Setting up libboost-atomic1.67.0:amd64 (1.67.0-17+b1) ...
Setting up cmake-data (3.16.3-2) ...
Setting up libkrb5-3:amd64 (1.17-7) ...
Setting up libboost-dev:amd64 (1.67.0.2+b1) ...
Setting up libpsm-infinipath1 (3.3+20.604758e7-6+b1) ...
update-alternatives: using /usr/lib/libpsm1/libpsm_infinipath.so.1.16 to provide /usr/lib/x86_64-linux-gnu/libpsm_infinipath.so.1 (libpsm_infinipath.so.1) in auto mode
Setting up libmpdec2:amd64 (2.4.2-3) ...
Setting up libboost-context1.67.0:amd64 (1.67.0-17+b1) ...
Setting up libboost-system1.67.0:amd64 (1.67.0-17+b1) ...
Setting up libfido2-1:amd64 (1.4.0-1) ...
Setting up libboost-serialization1.67.0:amd64 (1.67.0-17+b1) ...
Setting up libelf1:amd64 (0.176-1.1) ...
Setting up readline-common (8.0-4) ...
Setting up libicu-dev:amd64 (63.2-3) ...
Setting up libxml2:amd64 (2.9.10+dfsg-5) ...
Setting up libprocps8:amd64 (2:3.3.16-4) ...
Setting up libjsoncpp1:amd64 (1.7.4-3.1) ...
Setting up libboost-stacktrace1.67.0:amd64 (1.67.0-17+b1) ...
Setting up libevent-pthreads-2.1-7:amd64 (2.1.11-stable-1) ...
Setting up libboost-atomic1.67-dev:amd64 (1.67.0-17+b1) ...
Setting up libfile-stripnondeterminism-perl (1.8.0-1) ...
Setting up libboost-serialization1.67-dev:amd64 (1.67.0-17+b1) ...
Setting up libevent-extra-2.1-7:amd64 (2.1.11-stable-1) ...
Setting up libboost-regex1.67.0:amd64 (1.67.0-17+b1) ...
Setting up libboost-chrono1.67.0:amd64 (1.67.0-17+b1) ...
Setting up libboost-math1.67-dev:amd64 (1.67.0-17+b1) ...
Setting up libboost-thread1.67.0:amd64 (1.67.0-17+b1) ...
Setting up libtool (2.4.6-14) ...
Setting up libarchive13:amd64 (3.4.0-2) ...
Setting up libboost-regex1.67-dev:amd64 (1.67.0-17+b1) ...
Setting up libboost-math-dev:amd64 (1.67.0.2+b1) ...
Setting up libreadline8:amd64 (8.0-4) ...
Setting up libxext6:amd64 (2:1.3.3-1+b2) ...
Setting up libgfortran-9-dev:amd64 (9.3.0-11) ...
Setting up libevent-openssl-2.1-7:amd64 (2.1.11-stable-1) ...
Setting up libldap-2.4-2:amd64 (2.4.50+dfsg-1) ...
Setting up m4 (1.4.18-4) ...
Setting up libboost-coroutine1.67.0:amd64 (1.67.0-17+b1) ...
Setting up libboost-exception-dev:amd64 (1.67.0.2+b1) ...
Setting up libboost-graph1.67.0:amd64 (1.67.0-17+b1) ...
Setting up libboost-locale1.67.0:amd64 (1.67.0-17+b1) ...
Setting up libboost-container-dev:amd64 (1.67.0.2+b1) ...
Setting up libnuma-dev:amd64 (2.0.12-1+b1) ...
Setting up libnl-route-3-200:amd64 (3.4.0-1+b1) ...
Setting up libxnvctrl0:amd64 (440.82-1) ...
Setting up libpython2.7-stdlib:amd64 (2.7.18-1) ...
Setting up libboost-type-erasure1.67.0:amd64 (1.67.0-17+b1) ...
Setting up libboost-numpy1.67.0 (1.67.0-17+b1) ...
Setting up libboost-date-time1.67-dev:amd64 (1.67.0-17+b1) ...
Setting up libboost-chrono1.67-dev:amd64 (1.67.0-17+b1) ...
Setting up libevent-dev (2.1.11-stable-1) ...
Setting up libgssapi-krb5-2:amd64 (1.17-7) ...
Setting up libcroco3:amd64 (0.6.13-1) ...
Setting up libboost-locale1.67-dev:amd64 (1.67.0-17+b1) ...
Setting up libboost-serialization-dev:amd64 (1.67.0.2+b1) ...
Setting up libboost-context1.67-dev:amd64 (1.67.0-17+b1) ...
Setting up libboost-date-time-dev:amd64 (1.67.0.2+b1) ...
Setting up autoconf (2.69-11.1) ...
Setting up dh-strip-nondeterminism (1.8.0-1) ...
Setting up libboost-atomic-dev:amd64 (1.67.0.2+b1) ...
Setting up dwz (0.13-5) ...
Setting up libnl-3-dev:amd64 (3.4.0-1+b1) ...
Setting up groff-base (1.22.4-4) ...
Setting up libboost-timer1.67.0:amd64 (1.67.0-17+b1) ...
Setting up procps (2:3.3.16-4) ...
update-alternatives: using /usr/bin/w.procps to provide /usr/bin/w (w) in auto mode
Setting up libboost-graph1.67-dev:amd64 (1.67.0-17+b1) ...
Setting up libcurl4:amd64 (7.68.0-1) ...
Setting up libboost-filesystem1.67.0:amd64 (1.67.0-17+b1) ...
Setting up libboost-coroutine1.67-dev:amd64 (1.67.0-17+b1) ...
Setting up libboost-system1.67-dev:amd64 (1.67.0-17+b1) ...
Setting up libboost-random1.67.0:amd64 (1.67.0-17+b1) ...
Setting up libboost-random1.67-dev:amd64 (1.67.0-17+b1) ...
Setting up libpython3.8-stdlib:amd64 (3.8.3~rc1-1) ...
Setting up python3.8 (3.8.3~rc1-1) ...
Setting up libboost-regex-dev:amd64 (1.67.0.2+b1) ...
Setting up libboost-stacktrace1.67-dev:amd64 (1.67.0-17+b1) ...
Setting up libboost-iostreams1.67-dev:amd64 (1.67.0-17+b1) ...
Setting up libboost-numpy1.67-dev (1.67.0-17+b1) ...
Setting up libpython3-stdlib:amd64 (3.8.2-3) ...
Setting up automake (1:1.16.2-1) ...
update-alternatives: using /usr/bin/automake-1.16 to provide /usr/bin/automake (automake) in auto mode
Setting up libboost-graph-dev:amd64 (1.67.0.2+b1) ...
Setting up libibverbs1:amd64 (29.0-1) ...
Setting up libpython2.7:amd64 (2.7.18-1) ...
Setting up libpython2.7-dev:amd64 (2.7.18-1) ...
Setting up gettext (0.19.8.1-10) ...
Setting up libboost-filesystem1.67-dev:amd64 (1.67.0-17+b1) ...
Setting up python2.7 (2.7.18-1) ...
Setting up libboost-wave1.67.0:amd64 (1.67.0-17+b1) ...
Setting up gfortran-9 (9.3.0-11) ...
Setting up ibverbs-providers:amd64 (29.0-1) ...
Setting up libboost-thread1.67-dev:amd64 (1.67.0-17+b1) ...
Setting up libpython2-stdlib:amd64 (2.7.17-2) ...
Setting up libboost-chrono-dev:amd64 (1.67.0.2+b1) ...
Setting up openssh-client (1:8.2p1-4) ...
Setting up libboost-system-dev:amd64 (1.67.0.2+b1) ...
Setting up libboost-random-dev:amd64 (1.67.0.2+b1) ...
Setting up libboost-locale-dev:amd64 (1.67.0.2+b1) ...
Setting up python3 (3.8.2-3) ...
Setting up libboost-context-dev:amd64 (1.67.0.2+b1) ...
Setting up libboost-iostreams-dev:amd64 (1.67.0.2+b1) ...
Setting up libboost-type-erasure1.67-dev:amd64 (1.67.0-17+b1) ...
Setting up libhwloc-plugins:amd64 (2.2.0+dfsg-3) ...
Setting up man-db (2.9.1-1) ...
Not building database; man-db/auto-update is not 'true'.
Setting up python2 (2.7.17-2) ...
Setting up libboost-type-erasure-dev:amd64 (1.67.0.2+b1) ...
Setting up intltool-debian (0.35.0+20060710.5) ...
Setting up libnl-route-3-dev:amd64 (3.4.0-1+b1) ...
Setting up libltdl-dev:amd64 (2.4.6-14) ...
Setting up libpython-stdlib:amd64 (2.7.17-2) ...
Setting up libboost-fiber1.67.0:amd64 (1.67.0-17+b1) ...
Setting up libboost-log1.67.0 (1.67.0-17+b1) ...
Setting up libpython3.8:amd64 (3.8.3~rc1-1) ...
Setting up libboost-numpy-dev (1.67.0.2+b1) ...
Setting up libboost-timer1.67-dev:amd64 (1.67.0-17+b1) ...
Setting up libboost-stacktrace-dev:amd64 (1.67.0.2+b1) ...
Setting up cmake (3.16.3-2) ...
Setting up libboost-fiber1.67-dev:amd64 (1.67.0-17+b1) ...
Setting up libpython2-dev:amd64 (2.7.17-2) ...
Setting up libhwloc-dev:amd64 (2.2.0+dfsg-3) ...
Setting up libboost-coroutine-dev:amd64 (1.67.0.2+b1) ...
Setting up python3-lib2to3 (3.8.2-2) ...
Setting up python (2.7.17-2) ...
Setting up libboost-timer-dev:amd64 (1.67.0.2+b1) ...
Setting up libboost-filesystem-dev:amd64 (1.67.0.2+b1) ...
Setting up libboost-thread-dev:amd64 (1.67.0.2+b1) ...
Setting up libboost-fiber-dev:amd64 (1.67.0.2+b1) ...
Setting up python2.7-dev (2.7.18-1) ...
Setting up python3-distutils (3.8.2-2) ...
Setting up librdmacm1:amd64 (29.0-1) ...
Setting up libboost-wave1.67-dev:amd64 (1.67.0-17+b1) ...
Setting up python2-dev (2.7.17-2) ...
Setting up libpmix2:amd64 (3.1.5-1) ...
Setting up po-debconf (1.0.21) ...
Setting up libboost-wave-dev:amd64 (1.67.0.2+b1) ...
Setting up libibverbs-dev:amd64 (29.0-1) ...
Setting up libboost-log1.67-dev (1.67.0-17+b1) ...
Setting up libpython-dev:amd64 (2.7.17-2) ...
Setting up libpython3.8-dev:amd64 (3.8.3~rc1-1) ...
Setting up python3.8-dev (3.8.3~rc1-1) ...
Setting up libboost-log-dev (1.67.0.2+b1) ...
Setting up python-dev (2.7.17-2) ...
Setting up libfabric1 (1.6.2-3+b1) ...
Setting up libpython3-dev:amd64 (3.8.2-3) ...
Setting up libopenmpi3:amd64 (4.0.3-6) ...
Setting up libboost-mpi1.67.0 (1.67.0-17+b1) ...
Setting up libboost-graph-parallel1.67.0 (1.67.0-17+b1) ...
Setting up python3-dev (3.8.2-3) ...
Setting up libboost-python1.67-dev (1.67.0-17+b1) ...
Setting up openmpi-bin (4.0.3-6) ...
update-alternatives: using /usr/bin/mpirun.openmpi to provide /usr/bin/mpirun (mpirun) in auto mode
update-alternatives: using /usr/bin/mpicc.openmpi to provide /usr/bin/mpicc (mpi) in auto mode
Setting up mpi-default-bin (1.13) ...
Setting up libboost-graph-parallel1.67-dev (1.67.0-17+b1) ...
Setting up libboost-python-dev (1.67.0.2+b1) ...
Setting up libboost-graph-parallel-dev (1.67.0.2+b1) ...
Setting up libopenmpi-dev:amd64 (4.0.3-6) ...
update-alternatives: using /usr/lib/x86_64-linux-gnu/openmpi/include to provide /usr/include/x86_64-linux-gnu/mpi (mpi-x86_64-linux-gnu) in auto mode
Setting up libboost-mpi-python1.67.0 (1.67.0-17+b1) ...
Setting up mpi-default-dev (1.13) ...
Setting up libboost-mpi1.67-dev (1.67.0-17+b1) ...
Setting up libboost-mpi-dev (1.67.0.2+b1) ...
Setting up libboost-mpi-python1.67-dev (1.67.0-17+b1) ...
Setting up libboost-mpi-python-dev (1.67.0.2+b1) ...
Setting up libboost-all-dev (1.67.0.2+b1) ...
Setting up debhelper (13) ...
Setting up dh-autoreconf (19) ...
Setting up sbuild-build-depends-main-dummy (0.invalid.0) ...
Processing triggers for libc-bin (2.30-4) ...

+------------------------------------------------------------------------------+
| Check architectures                                                          |
+------------------------------------------------------------------------------+

Arch check ok (amd64 included in any)

+------------------------------------------------------------------------------+
| Build environment                                                            |
+------------------------------------------------------------------------------+

Kernel: Linux 4.19.0-6-cloud-amd64 #1 SMP Debian 4.19.67-2+deb10u2 (2019-11-11) amd64 (x86_64)
Toolchain package versions: binutils_2.34-6 dpkg-dev_1.19.7 g++-9_9.3.0-11 gcc-9_9.3.0-11 libc6-dev_2.30-4 libstdc++-9-dev_9.3.0-11 libstdc++6_10-20200502-1 linux-libc-dev_5.6.7-1
Package versions: adduser_3.118 apt_2.0.2 autoconf_2.69-11.1 automake_1:1.16.2-1 autopoint_0.19.8.1-10 autotools-dev_20180224.1 base-files_11 base-passwd_3.5.47 bash_5.0-6 binutils_2.34-6 binutils-common_2.34-6 binutils-x86-64-linux-gnu_2.34-6 bsdmainutils_11.1.2+b1 bsdutils_1:2.34-0.1 build-essential_12.8 bzip2_1.0.8-2 clang-10_1:10.0.0-4 cmake_3.16.3-2 cmake-data_3.16.3-2 coreutils_8.30-3+b1 cpp_4:9.2.1-3.1 cpp-9_9.3.0-11 dash_0.5.10.2-7 debconf_1.5.74 debhelper_13 debian-archive-keyring_2019.1 debianutils_4.9.1 dh-autoreconf_19 dh-strip-nondeterminism_1.8.0-1 diffutils_1:3.7-3 dpkg_1.19.7 dpkg-dev_1.19.7 dwz_0.13-5 e2fsprogs_1.45.6-1 fakeroot_1.24-1 fdisk_2.34-0.1 file_1:5.38-4 findutils_4.7.0-1 g++_4:9.2.1-3.1 g++-9_9.3.0-11 gcc_4:9.2.1-3.1 gcc-10-base_10-20200502-1 gcc-9_9.3.0-11 gcc-9-base_9.3.0-11 gettext_0.19.8.1-10 gettext-base_0.19.8.1-10 gfortran-9_9.3.0-11 gpgv_2.2.20-1 grep_3.4-1 groff-base_1.22.4-4 gzip_1.10-2 hostname_3.23 ibverbs-providers_29.0-1 icu-devtools_63.2-3 init-system-helpers_1.57 intltool-debian_0.35.0+20060710.5 lib32gcc-s1_10-20200502-1 lib32gcc1_1:10-20200502-1 lib32stdc++6_10-20200502-1 libacl1_2.2.53-8 libapt-pkg6.0_2.0.2 libarchive-zip-perl_1.68-1 libarchive13_3.4.0-2 libasan5_9.3.0-11 libatomic1_10-20200502-1 libattr1_1:2.4.48-5 libaudit-common_1:2.8.5-3 libaudit1_1:2.8.5-3+b1 libbinutils_2.34-6 libblkid1_2.34-0.1 libboost-all-dev_1.67.0.2+b1 libboost-atomic-dev_1.67.0.2+b1 libboost-atomic1.67-dev_1.67.0-17+b1 libboost-atomic1.67.0_1.67.0-17+b1 libboost-chrono-dev_1.67.0.2+b1 libboost-chrono1.67-dev_1.67.0-17+b1 libboost-chrono1.67.0_1.67.0-17+b1 libboost-container-dev_1.67.0.2+b1 libboost-container1.67-dev_1.67.0-17+b1 libboost-container1.67.0_1.67.0-17+b1 libboost-context-dev_1.67.0.2+b1 libboost-context1.67-dev_1.67.0-17+b1 libboost-context1.67.0_1.67.0-17+b1 libboost-coroutine-dev_1.67.0.2+b1 libboost-coroutine1.67-dev_1.67.0-17+b1 libboost-coroutine1.67.0_1.67.0-17+b1 libboost-date-time-dev_1.67.0.2+b1 libboost-date-time1.67-dev_1.67.0-17+b1 libboost-date-time1.67.0_1.67.0-17+b1 libboost-dev_1.67.0.2+b1 libboost-exception-dev_1.67.0.2+b1 libboost-exception1.67-dev_1.67.0-17+b1 libboost-fiber-dev_1.67.0.2+b1 libboost-fiber1.67-dev_1.67.0-17+b1 libboost-fiber1.67.0_1.67.0-17+b1 libboost-filesystem-dev_1.67.0.2+b1 libboost-filesystem1.67-dev_1.67.0-17+b1 libboost-filesystem1.67.0_1.67.0-17+b1 libboost-graph-dev_1.67.0.2+b1 libboost-graph-parallel-dev_1.67.0.2+b1 libboost-graph-parallel1.67-dev_1.67.0-17+b1 libboost-graph-parallel1.67.0_1.67.0-17+b1 libboost-graph1.67-dev_1.67.0-17+b1 libboost-graph1.67.0_1.67.0-17+b1 libboost-iostreams-dev_1.67.0.2+b1 libboost-iostreams1.67-dev_1.67.0-17+b1 libboost-iostreams1.67.0_1.67.0-17+b1 libboost-locale-dev_1.67.0.2+b1 libboost-locale1.67-dev_1.67.0-17+b1 libboost-locale1.67.0_1.67.0-17+b1 libboost-log-dev_1.67.0.2+b1 libboost-log1.67-dev_1.67.0-17+b1 libboost-log1.67.0_1.67.0-17+b1 libboost-math-dev_1.67.0.2+b1 libboost-math1.67-dev_1.67.0-17+b1 libboost-math1.67.0_1.67.0-17+b1 libboost-mpi-dev_1.67.0.2+b1 libboost-mpi-python-dev_1.67.0.2+b1 libboost-mpi-python1.67-dev_1.67.0-17+b1 libboost-mpi-python1.67.0_1.67.0-17+b1 libboost-mpi1.67-dev_1.67.0-17+b1 libboost-mpi1.67.0_1.67.0-17+b1 libboost-numpy-dev_1.67.0.2+b1 libboost-numpy1.67-dev_1.67.0-17+b1 libboost-numpy1.67.0_1.67.0-17+b1 libboost-program-options-dev_1.67.0.2+b1 libboost-program-options1.67-dev_1.67.0-17+b1 libboost-program-options1.67.0_1.67.0-17+b1 libboost-python-dev_1.67.0.2+b1 libboost-python1.67-dev_1.67.0-17+b1 libboost-python1.67.0_1.67.0-17+b1 libboost-random-dev_1.67.0.2+b1 libboost-random1.67-dev_1.67.0-17+b1 libboost-random1.67.0_1.67.0-17+b1 libboost-regex-dev_1.67.0.2+b1 libboost-regex1.67-dev_1.67.0-17+b1 libboost-regex1.67.0_1.67.0-17+b1 libboost-serialization-dev_1.67.0.2+b1 libboost-serialization1.67-dev_1.67.0-17+b1 libboost-serialization1.67.0_1.67.0-17+b1 libboost-signals-dev_1.67.0.2+b1 libboost-signals1.67-dev_1.67.0-17+b1 libboost-signals1.67.0_1.67.0-17+b1 libboost-stacktrace-dev_1.67.0.2+b1 libboost-stacktrace1.67-dev_1.67.0-17+b1 libboost-stacktrace1.67.0_1.67.0-17+b1 libboost-system-dev_1.67.0.2+b1 libboost-system1.67-dev_1.67.0-17+b1 libboost-system1.67.0_1.67.0-17+b1 libboost-test-dev_1.67.0.2+b1 libboost-test1.67-dev_1.67.0-17+b1 libboost-test1.67.0_1.67.0-17+b1 libboost-thread-dev_1.67.0.2+b1 libboost-thread1.67-dev_1.67.0-17+b1 libboost-thread1.67.0_1.67.0-17+b1 libboost-timer-dev_1.67.0.2+b1 libboost-timer1.67-dev_1.67.0-17+b1 libboost-timer1.67.0_1.67.0-17+b1 libboost-tools-dev_1.67.0.2+b1 libboost-type-erasure-dev_1.67.0.2+b1 libboost-type-erasure1.67-dev_1.67.0-17+b1 libboost-type-erasure1.67.0_1.67.0-17+b1 libboost-wave-dev_1.67.0.2+b1 libboost-wave1.67-dev_1.67.0-17+b1 libboost-wave1.67.0_1.67.0-17+b1 libboost1.67-dev_1.67.0-17+b1 libboost1.67-tools-dev_1.67.0-17+b1 libbrotli1_1.0.7-6.1 libbsd0_0.10.0-1 libbz2-1.0_1.0.8-2 libc-bin_2.30-4 libc-dev-bin_2.30-4 libc6_2.30-4 libc6-dev_2.30-4 libc6-i386_2.30-4 libcap-ng0_0.7.9-2.1+b2 libcbor0_0.5.0+dfsg-2 libcc1-0_10-20200502-1 libclang-common-10-dev_1:10.0.0-4 libclang-cpp10_1:10.0.0-4 libclang1-10_1:10.0.0-4 libcom-err2_1.45.6-1 libcroco3_0.6.13-1 libcrypt-dev_1:4.4.16-1 libcrypt1_1:4.4.16-1 libctf-nobfd0_2.34-6 libctf0_2.34-6 libcurl4_7.68.0-1 libdb5.3_5.3.28+dfsg1-0.6 libdebconfclient0_0.251 libdebhelper-perl_13 libdpkg-perl_1.19.7 libedit2_3.1-20191231-1 libelf1_0.176-1.1 libevent-2.1-7_2.1.11-stable-1 libevent-core-2.1-7_2.1.11-stable-1 libevent-dev_2.1.11-stable-1 libevent-extra-2.1-7_2.1.11-stable-1 libevent-openssl-2.1-7_2.1.11-stable-1 libevent-pthreads-2.1-7_2.1.11-stable-1 libexpat1_2.2.9-1 libexpat1-dev_2.2.9-1 libext2fs2_1.45.6-1 libfabric1_1.6.2-3+b1 libfakeroot_1.24-1 libfdisk1_2.34-0.1 libffi7_3.3-4 libfido2-1_1.4.0-1 libfile-stripnondeterminism-perl_1.8.0-1 libgc1c2_1:7.6.4-0.4 libgcc-9-dev_9.3.0-11 libgcc-s1_10-20200502-1 libgcrypt20_1.8.5-5 libgdbm-compat4_1.18.1-5 libgdbm6_1.18.1-5 libgfortran-9-dev_9.3.0-11 libgfortran5_10-20200502-1 libglib2.0-0_2.64.2-1 libgmp10_2:6.2.0+dfsg-4 libgnutls30_3.6.13-2 libgomp1_10-20200502-1 libgpg-error0_1.37-1 libgssapi-krb5-2_1.17-7 libhogweed5_3.5.1+really3.5.1-2 libhwloc-dev_2.2.0+dfsg-3 libhwloc-plugins_2.2.0+dfsg-3 libhwloc15_2.2.0+dfsg-3 libibverbs-dev_29.0-1 libibverbs1_29.0-1 libicu-dev_63.2-3 libicu63_63.2-3 libidn2-0_2.3.0-1 libisl22_0.22.1-1 libitm1_10-20200502-1 libjsoncpp1_1.7.4-3.1 libk5crypto3_1.17-7 libkeyutils1_1.6.1-2 libkrb5-3_1.17-7 libkrb5support0_1.17-7 libldap-2.4-2_2.4.50+dfsg-1 libldap-common_2.4.50+dfsg-1 libllvm10_1:10.0.0-4 liblsan0_10-20200502-1 libltdl-dev_2.4.6-14 libltdl7_2.4.6-14 liblz4-1_1.9.2-2 liblzma5_5.2.4-1+b1 libmagic-mgc_1:5.38-4 libmagic1_1:5.38-4 libmount1_2.34-0.1 libmpc3_1.1.0-1 libmpdec2_2.4.2-3 libmpfr6_4.0.2-1 libncurses6_6.2-1 libncursesw6_6.2-1 libnettle7_3.5.1+really3.5.1-2 libnghttp2-14_1.40.0-1 libnl-3-200_3.4.0-1+b1 libnl-3-dev_3.4.0-1+b1 libnl-route-3-200_3.4.0-1+b1 libnl-route-3-dev_3.4.0-1+b1 libnuma-dev_2.0.12-1+b1 libnuma1_2.0.12-1+b1 libobjc-9-dev_9.3.0-11 libobjc4_10-20200502-1 libomp-10-dev_1:10.0.0-4 libomp5-10_1:10.0.0-4 libopenmpi-dev_4.0.3-6 libopenmpi3_4.0.3-6 libp11-kit0_0.23.20-1 libpam-modules_1.3.1-5 libpam-modules-bin_1.3.1-5 libpam-runtime_1.3.1-5 libpam0g_1.3.1-5 libpciaccess0_0.14-1 libpcre2-8-0_10.34-7 libpcre3_2:8.39-12+b1 libperl5.30_5.30.0-10 libpipeline1_1.5.2-2 libpmix2_3.1.5-1 libprocps8_2:3.3.16-4 libpsl5_0.21.0-1 libpsm-infinipath1_3.3+20.604758e7-6+b1 libpsm2-2_11.2.86-1 libpython-dev_2.7.17-2 libpython-stdlib_2.7.17-2 libpython2-dev_2.7.17-2 libpython2-stdlib_2.7.17-2 libpython2.7_2.7.18-1 libpython2.7-dev_2.7.18-1 libpython2.7-minimal_2.7.18-1 libpython2.7-stdlib_2.7.18-1 libpython3-dev_3.8.2-3 libpython3-stdlib_3.8.2-3 libpython3.8_3.8.3~rc1-1 libpython3.8-dev_3.8.3~rc1-1 libpython3.8-minimal_3.8.3~rc1-1 libpython3.8-stdlib_3.8.3~rc1-1 libquadmath0_10-20200502-1 librdmacm1_29.0-1 libreadline8_8.0-4 librhash0_1.3.9-1 librtmp1_2.4+20151223.gitfa8646d.1-2+b1 libsasl2-2_2.1.27+dfsg-2 libsasl2-modules-db_2.1.27+dfsg-2 libseccomp2_2.4.3-1+b1 libselinux1_3.0-1+b3 libsemanage-common_3.0-1 libsemanage1_3.0-1+b3 libsepol1_3.0-1 libsigsegv2_2.12-2 libsmartcols1_2.34-0.1 libsqlite3-0_3.31.1-5 libss2_1.45.6-1 libssh2-1_1.8.0-2.1 libssl1.1_1.1.1g-1 libstdc++-9-dev_9.3.0-11 libstdc++6_10-20200502-1 libsub-override-perl_0.09-2 libsystemd0_245.5-2 libtasn1-6_4.16.0-2 libtinfo6_6.2-1 libtool_2.4.6-14 libtsan0_10-20200502-1 libubsan1_10-20200502-1 libuchardet0_0.0.6-3 libudev1_245.5-2 libunistring2_0.9.10-2 libuuid1_2.34-0.1 libuv1_1.35.0-2 libx11-6_2:1.6.9-2 libx11-data_2:1.6.9-2 libxau6_1:1.0.8-1+b2 libxcb1_1.14-2 libxdmcp6_1:1.1.2-3 libxext6_2:1.3.3-1+b2 libxml2_2.9.10+dfsg-5 libxnvctrl0_440.82-1 libz3-4_4.8.7-4 libzstd1_1.4.4+dfsg-3 linux-libc-dev_5.6.7-1 login_1:4.8.1-1 logsave_1.45.6-1 lsb-base_11.1.0 m4_1.4.18-4 make_4.2.1-1.3 man-db_2.9.1-1 mawk_1.3.4.20200120-2 mime-support_3.64 mount_2.34-0.1 mpi-default-bin_1.13 mpi-default-dev_1.13 ncurses-base_6.2-1 ncurses-bin_6.2-1 ocl-icd-libopencl1_2.2.12-4 openmpi-bin_4.0.3-6 openmpi-common_4.0.3-6 openssh-client_1:8.2p1-4 passwd_1:4.8.1-1 patch_2.7.6-6 perl_5.30.0-10 perl-base_5.30.0-10 perl-modules-5.30_5.30.0-10 po-debconf_1.0.21 procps_2:3.3.16-4 python_2.7.17-2 python-dev_2.7.17-2 python-minimal_2.7.17-2 python2_2.7.17-2 python2-dev_2.7.17-2 python2-minimal_2.7.17-2 python2.7_2.7.18-1 python2.7-dev_2.7.18-1 python2.7-minimal_2.7.18-1 python3_3.8.2-3 python3-dev_3.8.2-3 python3-distutils_3.8.2-2 python3-lib2to3_3.8.2-2 python3-minimal_3.8.2-3 python3.8_3.8.3~rc1-1 python3.8-dev_3.8.3~rc1-1 python3.8-minimal_3.8.3~rc1-1 qt5-qmake_5.12.5+dfsg-10 qt5-qmake-bin_5.12.5+dfsg-10 qtchooser_66-2 rapidjson-dev_1.1.0+dfsg2-5 readline-common_8.0-4 sbuild-build-depends-main-dummy_0.invalid.0 sed_4.7-1 sensible-utils_0.0.12+nmu1 sysvinit-utils_2.96-3 tar_1.30+dfsg-7 tzdata_2020a-1 util-linux_2.34-0.1 xz-utils_5.2.4-1+b1 zlib1g_1:1.2.11.dfsg-2 zlib1g-dev_1:1.2.11.dfsg-2

+------------------------------------------------------------------------------+
| Build                                                                        |
+------------------------------------------------------------------------------+


Unpack source
-------------

-----BEGIN PGP SIGNED MESSAGE-----
Hash: SHA256

Format: 3.0 (quilt)
Source: rttr
Binary: librttr-core0.9.6, librttr-dev
Architecture: any
Version: 0.9.6+dfsg1-3
Maintainer: Patrick Matthi <pmatthaei@debian.org>
Homepage: https://www.rttr.org/
Standards-Version: 4.5.0
Build-Depends: debhelper-compat (= 12), cmake, libboost-all-dev, rapidjson-dev
Package-List:
 librttr-core0.9.6 deb libs optional arch=any
 librttr-dev deb libdevel optional arch=any
Checksums-Sha1:
 d3df7253974fe8d371ba88ae1f2a8eb48794402b 341543 rttr_0.9.6+dfsg1.orig.tar.gz
 ec9c001b28a8af2503ca4171816131e5edcea085 2476 rttr_0.9.6+dfsg1-3.debian.tar.xz
Checksums-Sha256:
 3e94d33dff9fc09ee256e31ace8f3842ad4ccb8975faaefdc2b60b3bb6d7b376 341543 rttr_0.9.6+dfsg1.orig.tar.gz
 a9f778745ff816c864b6dc6099329fd48896d3a92fa8effea001d500da16bd27 2476 rttr_0.9.6+dfsg1-3.debian.tar.xz
Files:
 d0d3fb5c6db13a00ed08242b0d3659aa 341543 rttr_0.9.6+dfsg1.orig.tar.gz
 39df62941563e597e86923621d0b8f63 2476 rttr_0.9.6+dfsg1-3.debian.tar.xz

-----BEGIN PGP SIGNATURE-----

iQIzBAEBCAAdFiEEWKA9xYJCWk3IuQ4TEtmwSpDL2OQFAl4p19sACgkQEtmwSpDL
2ORsFg//XwXwhzqXU4+OV5ERxE+JOP52HEfRcHDDeTbfQsIBixPuuouDsGzYPQFx
wUuBpTRldndG4XV0ypcTfDWaqrNHc+tdUzJmPG8gr8VTvg4DuRtt2JeQ9DnNPMek
BBGCkQ2FHz24SMjzQUmLbWwf2f8/X1pLljE87LbWat298V2/kMdkE5+RMUaQ2p9Z
AExUuYwhvQ78j4YGqLS9679QAJStyRFKcqgBqBltAFo1ZcKWogC3KPA/uiS3KvqK
8hYVCNl9iem6KLwgKCHohOgm2EztXsmow8BF3mImv4kshNoY1YgqeJGeZC1lZrVH
QUalZlqdLkESByljvoxyYjkawvD+jAcuZXfjvdf9g+Uu3mSGws4d2vksGKGlKDup
Yz3CsRbnTPTVEAWKZXbeXqPzNSibKq1Urh9l3AcYUcDTzmqGxbmC8N3wX00YsfdW
zPYuubBQIhX3yPbPllMTEvwHsTl4l7uZd3GYqN30ooAqgJs3Y4CmNyPKmxJdQb/a
OiRD6pws1jp7hrALoyXp8rb1aJZQjm9bW/ZXGAFoKzNA//v6zw9dbUila6sJLTn3
vNNImb6QLUM/VTbnF90qTRZHj3FE9E0NAkCV2od8+ycpYpnojLeJjcYEDOsGoAer
kGC1wPRRET/yqOLxQ+EQ1EgJNAMyA7SXSna3mNgcLIPIEOfcglI=
=yBG+
-----END PGP SIGNATURE-----

gpgv: unknown type of key resource 'trustedkeys.kbx'
gpgv: keyblock resource '/sbuild-nonexistent/.gnupg/trustedkeys.kbx': General error
gpgv: Signature made Thu Jan 23 17:28:59 2020 UTC
gpgv:                using RSA key 58A03DC582425A4DC8B90E1312D9B04A90CBD8E4
gpgv: Can't check signature: No public key
dpkg-source: warning: failed to verify signature on ./rttr_0.9.6+dfsg1-3.dsc
dpkg-source: info: extracting rttr in /<<PKGBUILDDIR>>
dpkg-source: info: unpacking rttr_0.9.6+dfsg1.orig.tar.gz
dpkg-source: info: unpacking rttr_0.9.6+dfsg1-3.debian.tar.xz

Check disk space
----------------

Sufficient free space for build

User Environment
----------------

APT_CONFIG=/var/lib/sbuild/apt.conf
HOME=/sbuild-nonexistent
LANG=C.UTF-8
LC_ALL=C.UTF-8
LOGNAME=user42
PATH=/usr/local/sbin:/usr/local/bin:/usr/sbin:/usr/bin:/sbin:/bin:/usr/games
SCHROOT_ALIAS_NAME=unstable
SCHROOT_CHROOT_NAME=sid-amd64-sbuild
SCHROOT_COMMAND=env
SCHROOT_GID=1001
SCHROOT_GROUP=user42
SCHROOT_SESSION_ID=sid-amd64-sbuild-c97605e0-63c4-4da5-b2f3-af1601ca9b68
SCHROOT_UID=1001
SCHROOT_USER=user42
SHELL=/bin/sh
USER=user42

dpkg-buildpackage
-----------------

Command: dpkg-buildpackage -us -uc -b -rfakeroot
dpkg-buildpackage: info: source package rttr
dpkg-buildpackage: info: source version 0.9.6+dfsg1-3
dpkg-buildpackage: info: source distribution unstable
dpkg-buildpackage: info: source changed by Patrick Matthi <pmatthaei@debian.org>
 dpkg-source --before-build .
dpkg-buildpackage: info: host architecture amd64
 debian/rules clean
dh clean
   dh_clean
 debian/rules binary
dh binary
   dh_update_autotools_config
   dh_autoreconf
   debian/rules override_dh_auto_configure
make[1]: Entering directory '/<<PKGBUILDDIR>>'
dh_auto_configure -- \
	-DCMAKE_INSTALL_PREFIX=/usr \
	-DCMAKE_BUILD_TYPE=Release -DBUILD_UNIT_TESTS=false -DUSE_PCH=false -DBUILD_BENCHMARKS=false -DBUILD_EXAMPLES=false \
	-DCMAKE_CXX_FLAGS="-g -O2 -fdebug-prefix-map=/<<PKGBUILDDIR>>=. -fstack-protector-strong -Wformat -Werror=format-security"
	cd obj-x86_64-linux-gnu && cmake -DCMAKE_INSTALL_PREFIX=/usr -DCMAKE_BUILD_TYPE=None -DCMAKE_INSTALL_SYSCONFDIR=/etc -DCMAKE_INSTALL_LOCALSTATEDIR=/var -DCMAKE_EXPORT_NO_PACKAGE_REGISTRY=ON -DCMAKE_FIND_PACKAGE_NO_PACKAGE_REGISTRY=ON -DCMAKE_INSTALL_RUNSTATEDIR=/run "-GUnix Makefiles" -DCMAKE_VERBOSE_MAKEFILE=ON -DCMAKE_AUTOGEN_VERBOSE=ON -DCMAKE_INSTALL_LIBDIR=lib/x86_64-linux-gnu -DCMAKE_INSTALL_PREFIX=/usr -DCMAKE_BUILD_TYPE=Release -DBUILD_UNIT_TESTS=false -DUSE_PCH=false -DBUILD_BENCHMARKS=false -DBUILD_EXAMPLES=false "-DCMAKE_CXX_FLAGS=-g -O2 -fdebug-prefix-map=/<<PKGBUILDDIR>>=. -fstack-protector-strong -Wformat -Werror=format-security" ..
-- The CXX compiler identification is Clang 10.0.0
-- Check for working CXX compiler: /usr/bin/c++
-- Check for working CXX compiler: /usr/bin/c++ -- works
-- Detecting CXX compiler ABI info
-- Detecting CXX compiler ABI info - done
-- Detecting CXX compile features
-- Detecting CXX compile features - done
Project version: 0.9.6
-- Architecture: x64
-- Enabled: use of RTTI
-- Performing Test HAS_NO_EXCEPT_TYPE_SIGNATURE_SUPPORT
-- Performing Test HAS_NO_EXCEPT_TYPE_SIGNATURE_SUPPORT - Success
-- Performing Test HAS_STL_NO_EXCEPT_TYPE_SIGNATURE_SUPPORT
-- Performing Test HAS_STL_NO_EXCEPT_TYPE_SIGNATURE_SUPPORT - Success
-- Performing Test HAS_CXX_CONSTEXPR
-- Performing Test HAS_CXX_CONSTEXPR - Success
-- Performing Test HAS_PARTIAL_SPECIALIZATION_FOR_ARRAYS
-- Performing Test HAS_PARTIAL_SPECIALIZATION_FOR_ARRAYS - Success
-- using C++: 17
-- 
-- Finding 3rd party libs...
-- ===========================
-- Finished finding 3rd party libs!
-- Scanning rttr module.
-- ===========================
-- rttr directory included
-- Scanning rttr module finished!
-- 
-- Could NOT find Doxygen (missing: DOXYGEN_EXECUTABLE) 
CMake Warning at doc/CMakeLists.txt:85 (message):
  Doxygen not found - Documentation will not be generated!


-- Configuring done
-- Generating done
CMake Warning:
  Manually-specified variables were not used by the project:

    CMAKE_AUTOGEN_VERBOSE
    CMAKE_EXPORT_NO_PACKAGE_REGISTRY


-- Build files have been written to: /<<PKGBUILDDIR>>/obj-x86_64-linux-gnu
make[1]: Leaving directory '/<<PKGBUILDDIR>>'
   dh_auto_build
	cd obj-x86_64-linux-gnu && make -j4 "INSTALL=install --strip-program=true"
make[1]: Entering directory '/<<PKGBUILDDIR>>/obj-x86_64-linux-gnu'
/usr/bin/cmake -S/<<PKGBUILDDIR>> -B/<<PKGBUILDDIR>>/obj-x86_64-linux-gnu --check-build-system CMakeFiles/Makefile.cmake 0
/usr/bin/cmake -E cmake_progress_start /<<PKGBUILDDIR>>/obj-x86_64-linux-gnu/CMakeFiles /<<PKGBUILDDIR>>/obj-x86_64-linux-gnu/CMakeFiles/progress.marks
make -f CMakeFiles/Makefile2 all
make[2]: Entering directory '/<<PKGBUILDDIR>>/obj-x86_64-linux-gnu'
make -f src/rttr/CMakeFiles/rttr_core.dir/build.make src/rttr/CMakeFiles/rttr_core.dir/depend
make[3]: Entering directory '/<<PKGBUILDDIR>>/obj-x86_64-linux-gnu'
cd /<<PKGBUILDDIR>>/obj-x86_64-linux-gnu && /usr/bin/cmake -E cmake_depends "Unix Makefiles" /<<PKGBUILDDIR>> /<<PKGBUILDDIR>>/src/rttr /<<PKGBUILDDIR>>/obj-x86_64-linux-gnu /<<PKGBUILDDIR>>/obj-x86_64-linux-gnu/src/rttr /<<PKGBUILDDIR>>/obj-x86_64-linux-gnu/src/rttr/CMakeFiles/rttr_core.dir/DependInfo.cmake --color=
Scanning dependencies of target rttr_core
make[3]: Leaving directory '/<<PKGBUILDDIR>>/obj-x86_64-linux-gnu'
make -f src/rttr/CMakeFiles/rttr_core.dir/build.make src/rttr/CMakeFiles/rttr_core.dir/build
make[3]: Entering directory '/<<PKGBUILDDIR>>/obj-x86_64-linux-gnu'
[  6%] Building CXX object src/rttr/CMakeFiles/rttr_core.dir/constructor.cpp.o
[  6%] Building CXX object src/rttr/CMakeFiles/rttr_core.dir/destructor.cpp.o
[ 12%] Building CXX object src/rttr/CMakeFiles/rttr_core.dir/library.cpp.o
[ 12%] Building CXX object src/rttr/CMakeFiles/rttr_core.dir/enumeration.cpp.o
cd /<<PKGBUILDDIR>>/obj-x86_64-linux-gnu/src/rttr && /usr/bin/c++  -DRTTR_DLL -DRTTR_DLL_EXPORTS -Drttr_core_EXPORTS -I/<<PKGBUILDDIR>>/obj-x86_64-linux-gnu/src/rttr/.. -I/<<PKGBUILDDIR>>/src/rttr/..  -g -O2 -fdebug-prefix-map=/<<PKGBUILDDIR>>=. -fstack-protector-strong -Wformat -Werror=format-security -frtti -O3 -DNDEBUG -frtti -fPIC -fvisibility=hidden -fvisibility-inlines-hidden   -Werror -Wall -std=c++17 -o CMakeFiles/rttr_core.dir/destructor.cpp.o -c /<<PKGBUILDDIR>>/src/rttr/destructor.cpp
cd /<<PKGBUILDDIR>>/obj-x86_64-linux-gnu/src/rttr && /usr/bin/c++  -DRTTR_DLL -DRTTR_DLL_EXPORTS -Drttr_core_EXPORTS -I/<<PKGBUILDDIR>>/obj-x86_64-linux-gnu/src/rttr/.. -I/<<PKGBUILDDIR>>/src/rttr/..  -g -O2 -fdebug-prefix-map=/<<PKGBUILDDIR>>=. -fstack-protector-strong -Wformat -Werror=format-security -frtti -O3 -DNDEBUG -frtti -fPIC -fvisibility=hidden -fvisibility-inlines-hidden   -Werror -Wall -std=c++17 -o CMakeFiles/rttr_core.dir/constructor.cpp.o -c /<<PKGBUILDDIR>>/src/rttr/constructor.cpp
cd /<<PKGBUILDDIR>>/obj-x86_64-linux-gnu/src/rttr && /usr/bin/c++  -DRTTR_DLL -DRTTR_DLL_EXPORTS -Drttr_core_EXPORTS -I/<<PKGBUILDDIR>>/obj-x86_64-linux-gnu/src/rttr/.. -I/<<PKGBUILDDIR>>/src/rttr/..  -g -O2 -fdebug-prefix-map=/<<PKGBUILDDIR>>=. -fstack-protector-strong -Wformat -Werror=format-security -frtti -O3 -DNDEBUG -frtti -fPIC -fvisibility=hidden -fvisibility-inlines-hidden   -Werror -Wall -std=c++17 -o CMakeFiles/rttr_core.dir/enumeration.cpp.o -c /<<PKGBUILDDIR>>/src/rttr/enumeration.cpp
cd /<<PKGBUILDDIR>>/obj-x86_64-linux-gnu/src/rttr && /usr/bin/c++  -DRTTR_DLL -DRTTR_DLL_EXPORTS -Drttr_core_EXPORTS -I/<<PKGBUILDDIR>>/obj-x86_64-linux-gnu/src/rttr/.. -I/<<PKGBUILDDIR>>/src/rttr/..  -g -O2 -fdebug-prefix-map=/<<PKGBUILDDIR>>=. -fstack-protector-strong -Wformat -Werror=format-security -frtti -O3 -DNDEBUG -frtti -fPIC -fvisibility=hidden -fvisibility-inlines-hidden   -Werror -Wall -std=c++17 -o CMakeFiles/rttr_core.dir/library.cpp.o -c /<<PKGBUILDDIR>>/src/rttr/library.cpp
In file included from /<<PKGBUILDDIR>>/src/rttr/constructor.cpp:28:
In file included from /<<PKGBUILDDIR>>/src/rttr/../rttr/constructor.h:35:
In file included from /<<PKGBUILDDIR>>/src/rttr/../rttr/array_range.h:338:
In file included from /<<PKGBUILDDIR>>/src/rttr/../rttr/detail/impl/array_range_impl.h:33:
In file included from /<<PKGBUILDDIR>>/src/rttr/../rttr/type.h:1221:
In file included from /<<PKGBUILDDIR>>/src/rttr/../rttr/detail/type/type_impl.h:36:
In file included from /<<PKGBUILDDIR>>/src/rttr/../rttr/detail/type/get_create_variant_func.h:32:
In file included from /<<PKGBUILDDIR>>/src/rttr/../rttr/variant.h:1156:
In file included from /<<PKGBUILDDIR>>/src/rttr/../rttr/detail/variant/variant_impl.h:36:
In file included from /<<PKGBUILDDIR>>/src/rttr/../rttr/detail/variant/variant_data_policy.h:36:
In file included from /<<PKGBUILDDIR>>/src/rttr/../rttr/detail/variant/variant_data_converter.h:32:
/<<PKGBUILDDIR>>/src/rttr/../rttr/detail/conversion/number_conversion.h:137:16: error: implicit conversion from 'int' to 'float' changes value from 2147483647 to 2147483648 [-Werror,-Wimplicit-int-float-conversion]
    if (from > std::numeric_limits<T>::max())
             ~ ^~~~~~~~~~~~~~~~~~~~~~~~~~~~~
/<<PKGBUILDDIR>>/src/rttr/../rttr/detail/variant/variant_data_converter.h:1060:16: note: in instantiation of function template specialization 'rttr::detail::convert_to<float, int>' requested here
        return convert_to(from, to);
               ^
In file included from /<<PKGBUILDDIR>>/src/rttr/constructor.cpp:28:
In file included from /<<PKGBUILDDIR>>/src/rttr/../rttr/constructor.h:35:
In file included from /<<PKGBUILDDIR>>/src/rttr/../rttr/array_range.h:338:
In file included from /<<PKGBUILDDIR>>/src/rttr/../rttr/detail/impl/array_range_impl.h:33:
In file included from /<<PKGBUILDDIR>>/src/rttr/../rttr/type.h:1221:
In file included from /<<PKGBUILDDIR>>/src/rttr/../rttr/detail/type/type_impl.h:36:
In file included from /<<PKGBUILDDIR>>/src/rttr/../rttr/detail/type/get_create_variant_func.h:32:
In file included from /<<PKGBUILDDIR>>/src/rttr/../rttr/variant.h:1156:
In file included from /<<PKGBUILDDIR>>/src/rttr/../rttr/detail/variant/variant_impl.h:36:
In file included from /<<PKGBUILDDIR>>/src/rttr/../rttr/detail/variant/variant_data_policy.h:36:
In file included from /<<PKGBUILDDIR>>/src/rttr/../rttr/detail/variant/variant_data_converter.h:32:
/<<PKGBUILDDIR>>/src/rttr/../rttr/detail/conversion/number_conversion.h:139:21: error: implicit conversion from 'int' to 'float' changes value from -2147483647 to -2147483648 [-Werror,-Wimplicit-int-float-conversion]
    else if (from < -std::numeric_limits<T>::max())
                  ~ ^~~~~~~~~~~~~~~~~~~~~~~~~~~~~~
/<<PKGBUILDDIR>>/src/rttr/../rttr/detail/conversion/number_conversion.h:137:16: error: implicit conversion from 'long' to 'float' changes value from 9223372036854775807 to 9223372036854775808 [-Werror,-Wimplicit-int-float-conversion]
    if (from > std::numeric_limits<T>::max())
             ~ ^~~~~~~~~~~~~~~~~~~~~~~~~~~~~
/<<PKGBUILDDIR>>/src/rttr/../rttr/detail/variant/variant_data_converter.h:1065:16: note: in instantiation of function template specialization 'rttr::detail::convert_to<float, long>' requested here
        return convert_to(from, to);
               ^
In file included from /<<PKGBUILDDIR>>/src/rttr/constructor.cpp:28:
In file included from /<<PKGBUILDDIR>>/src/rttr/../rttr/constructor.h:35:
In file included from /<<PKGBUILDDIR>>/src/rttr/../rttr/array_range.h:338:
In file included from /<<PKGBUILDDIR>>/src/rttr/../rttr/detail/impl/array_range_impl.h:33:
In file included from /<<PKGBUILDDIR>>/src/rttr/../rttr/type.h:1221:
In file included from /<<PKGBUILDDIR>>/src/rttr/../rttr/detail/type/type_impl.h:36:
In file included from /<<PKGBUILDDIR>>/src/rttr/../rttr/detail/type/get_create_variant_func.h:32:
In file included from /<<PKGBUILDDIR>>/src/rttr/../rttr/variant.h:1156:
In file included from /<<PKGBUILDDIR>>/src/rttr/../rttr/detail/variant/variant_impl.h:36:
In file included from /<<PKGBUILDDIR>>/src/rttr/../rttr/detail/variant/variant_data_policy.h:36:
In file included from /<<PKGBUILDDIR>>/src/rttr/../rttr/detail/variant/variant_data_converter.h:32:
/<<PKGBUILDDIR>>/src/rttr/../rttr/detail/conversion/number_conversion.h:139:21: error: implicit conversion from 'long' to 'float' changes value from -9223372036854775807 to -9223372036854775808 [-Werror,-Wimplicit-int-float-conversion]
    else if (from < -std::numeric_limits<T>::max())
                  ~ ^~~~~~~~~~~~~~~~~~~~~~~~~~~~~~
/<<PKGBUILDDIR>>/src/rttr/../rttr/detail/conversion/number_conversion.h:154:28: error: implicit conversion from 'unsigned int' to 'float' changes value from 4294967295 to 4294967296 [-Werror,-Wimplicit-int-float-conversion]
    if (from < 0 || from > std::numeric_limits<T>::max())
                         ~ ^~~~~~~~~~~~~~~~~~~~~~~~~~~~~
/<<PKGBUILDDIR>>/src/rttr/../rttr/detail/variant/variant_data_converter.h:1080:16: note: in instantiation of function template specialization 'rttr::detail::convert_to<float, unsigned int>' requested here
        return convert_to(from, to);
               ^
In file included from /<<PKGBUILDDIR>>/src/rttr/constructor.cpp:28:
In file included from /<<PKGBUILDDIR>>/src/rttr/../rttr/constructor.h:35:
In file included from /<<PKGBUILDDIR>>/src/rttr/../rttr/array_range.h:338:
In file included from /<<PKGBUILDDIR>>/src/rttr/../rttr/detail/impl/array_range_impl.h:33:
In file included from /<<PKGBUILDDIR>>/src/rttr/../rttr/type.h:1221:
In file included from /<<PKGBUILDDIR>>/src/rttr/../rttr/detail/type/type_impl.h:36:
In file included from /<<PKGBUILDDIR>>/src/rttr/../rttr/detail/type/get_create_variant_func.h:32:
In file included from /<<PKGBUILDDIR>>/src/rttr/../rttr/variant.h:1156:
In file included from /<<PKGBUILDDIR>>/src/rttr/../rttr/detail/variant/variant_impl.h:36:
In file included from /<<PKGBUILDDIR>>/src/rttr/../rttr/detail/variant/variant_data_policy.h:36:
In file included from /<<PKGBUILDDIR>>/src/rttr/../rttr/detail/variant/variant_data_converter.h:32:
/<<PKGBUILDDIR>>/src/rttr/../rttr/detail/conversion/number_conversion.h:154:28: error: implicit conversion from 'unsigned long' to 'float' changes value from 18446744073709551615 to 18446744073709551616 [-Werror,-Wimplicit-int-float-conversion]
    if (from < 0 || from > std::numeric_limits<T>::max())
                         ~ ^~~~~~~~~~~~~~~~~~~~~~~~~~~~~
/<<PKGBUILDDIR>>/src/rttr/../rttr/detail/variant/variant_data_converter.h:1085:16: note: in instantiation of function template specialization 'rttr::detail::convert_to<float, unsigned long>' requested here
        return convert_to(from, to);
               ^
In file included from /<<PKGBUILDDIR>>/src/rttr/constructor.cpp:28:
In file included from /<<PKGBUILDDIR>>/src/rttr/../rttr/constructor.h:35:
In file included from /<<PKGBUILDDIR>>/src/rttr/../rttr/array_range.h:338:
In file included from /<<PKGBUILDDIR>>/src/rttr/../rttr/detail/impl/array_range_impl.h:33:
In file included from /<<PKGBUILDDIR>>/src/rttr/../rttr/type.h:1221:
In file included from /<<PKGBUILDDIR>>/src/rttr/../rttr/detail/type/type_impl.h:36:
In file included from /<<PKGBUILDDIR>>/src/rttr/../rttr/detail/type/get_create_variant_func.h:32:
In file included from /<<PKGBUILDDIR>>/src/rttr/../rttr/variant.h:1156:
In file included from /<<PKGBUILDDIR>>/src/rttr/../rttr/detail/variant/variant_impl.h:36:
In file included from /<<PKGBUILDDIR>>/src/rttr/../rttr/detail/variant/variant_data_policy.h:36:
In file included from /<<PKGBUILDDIR>>/src/rttr/../rttr/detail/variant/variant_data_converter.h:32:
/<<PKGBUILDDIR>>/src/rttr/../rttr/detail/conversion/number_conversion.h:137:16: error: implicit conversion from 'long' to 'double' changes value from 9223372036854775807 to 9223372036854775808 [-Werror,-Wimplicit-int-float-conversion]
    if (from > std::numeric_limits<T>::max())
             ~ ^~~~~~~~~~~~~~~~~~~~~~~~~~~~~
/<<PKGBUILDDIR>>/src/rttr/../rttr/detail/variant/variant_data_converter.h:1146:16: note: in instantiation of function template specialization 'rttr::detail::convert_to<double, long>' requested here
        return convert_to(from, to);
               ^
In file included from /<<PKGBUILDDIR>>/src/rttr/constructor.cpp:28:
In file included from /<<PKGBUILDDIR>>/src/rttr/../rttr/constructor.h:35:
In file included from /<<PKGBUILDDIR>>/src/rttr/../rttr/array_range.h:338:
In file included from /<<PKGBUILDDIR>>/src/rttr/../rttr/detail/impl/array_range_impl.h:33:
In file included from /<<PKGBUILDDIR>>/src/rttr/../rttr/type.h:1221:
In file included from /<<PKGBUILDDIR>>/src/rttr/../rttr/detail/type/type_impl.h:36:
In file included from /<<PKGBUILDDIR>>/src/rttr/../rttr/detail/type/get_create_variant_func.h:32:
In file included from /<<PKGBUILDDIR>>/src/rttr/../rttr/variant.h:1156:
In file included from /<<PKGBUILDDIR>>/src/rttr/../rttr/detail/variant/variant_impl.h:36:
In file included from /<<PKGBUILDDIR>>/src/rttr/../rttr/detail/variant/variant_data_policy.h:36:
In file included from /<<PKGBUILDDIR>>/src/rttr/../rttr/detail/variant/variant_data_converter.h:32:
/<<PKGBUILDDIR>>/src/rttr/../rttr/detail/conversion/number_conversion.h:139:21: error: implicit conversion from 'long' to 'double' changes value from -9223372036854775807 to -9223372036854775808 [-Werror,-Wimplicit-int-float-conversion]
    else if (from < -std::numeric_limits<T>::max())
                  ~ ^~~~~~~~~~~~~~~~~~~~~~~~~~~~~~
/<<PKGBUILDDIR>>/src/rttr/../rttr/detail/conversion/number_conversion.h:154:28: error: implicit conversion from 'unsigned long' to 'double' changes value from 18446744073709551615 to 18446744073709551616 [-Werror,-Wimplicit-int-float-conversion]
    if (from < 0 || from > std::numeric_limits<T>::max())
                         ~ ^~~~~~~~~~~~~~~~~~~~~~~~~~~~~
/<<PKGBUILDDIR>>/src/rttr/../rttr/detail/variant/variant_data_converter.h:1166:16: note: in instantiation of function template specialization 'rttr::detail::convert_to<double, unsigned long>' requested here
        return convert_to(from, to);
               ^
In file included from /<<PKGBUILDDIR>>/src/rttr/library.cpp:28:
In file included from /<<PKGBUILDDIR>>/src/rttr/../rttr/library.h:33:
In file included from /<<PKGBUILDDIR>>/src/rttr/../rttr/type.h:1221:
In file included from /<<PKGBUILDDIR>>/src/rttr/../rttr/detail/type/type_impl.h:36:
In file included from /<<PKGBUILDDIR>>/src/rttr/../rttr/detail/type/get_create_variant_func.h:32:
In file included from /<<PKGBUILDDIR>>/src/rttr/../rttr/variant.h:1156:
In file included from /<<PKGBUILDDIR>>/src/rttr/../rttr/detail/variant/variant_impl.h:36:
In file included from /<<PKGBUILDDIR>>/src/rttr/../rttr/detail/variant/variant_data_policy.h:36:
In file included from /<<PKGBUILDDIR>>/src/rttr/../rttr/detail/variant/variant_data_converter.h:32:
/<<PKGBUILDDIR>>/src/rttr/../rttr/detail/conversion/number_conversion.h:137:16: error: implicit conversion from 'int' to 'float' changes value from 2147483647 to 2147483648 [-Werror,-Wimplicit-int-float-conversion]
    if (from > std::numeric_limits<T>::max())
             ~ ^~~~~~~~~~~~~~~~~~~~~~~~~~~~~
/<<PKGBUILDDIR>>/src/rttr/../rttr/detail/variant/variant_data_converter.h:1060:16: note: in instantiation of function template specialization 'rttr::detail::convert_to<float, int>' requested here
        return convert_to(from, to);
               ^
In file included from /<<PKGBUILDDIR>>/src/rttr/library.cpp:28:
In file included from /<<PKGBUILDDIR>>/src/rttr/../rttr/library.h:33:
In file included from /<<PKGBUILDDIR>>/src/rttr/../rttr/type.h:1221:
In file included from /<<PKGBUILDDIR>>/src/rttr/../rttr/detail/type/type_impl.h:36:
In file included from /<<PKGBUILDDIR>>/src/rttr/../rttr/detail/type/get_create_variant_func.h:32:
In file included from /<<PKGBUILDDIR>>/src/rttr/../rttr/variant.h:1156:
In file included from /<<PKGBUILDDIR>>/src/rttr/../rttr/detail/variant/variant_impl.h:36:
In file included from /<<PKGBUILDDIR>>/src/rttr/../rttr/detail/variant/variant_data_policy.h:36:
In file included from /<<PKGBUILDDIR>>/src/rttr/../rttr/detail/variant/variant_data_converter.h:32:
/<<PKGBUILDDIR>>/src/rttr/../rttr/detail/conversion/number_conversion.h:139:21: error: implicit conversion from 'int' to 'float' changes value from -2147483647 to -2147483648 [-Werror,-Wimplicit-int-float-conversion]
    else if (from < -std::numeric_limits<T>::max())
                  ~ ^~~~~~~~~~~~~~~~~~~~~~~~~~~~~~
/<<PKGBUILDDIR>>/src/rttr/../rttr/detail/conversion/number_conversion.h:137:16: error: implicit conversion from 'long' to 'float' changes value from 9223372036854775807 to 9223372036854775808 [-Werror,-Wimplicit-int-float-conversion]
    if (from > std::numeric_limits<T>::max())
             ~ ^~~~~~~~~~~~~~~~~~~~~~~~~~~~~
/<<PKGBUILDDIR>>/src/rttr/../rttr/detail/variant/variant_data_converter.h:1065:16: note: in instantiation of function template specialization 'rttr::detail::convert_to<float, long>' requested here
        return convert_to(from, to);
               ^
In file included from /<<PKGBUILDDIR>>/src/rttr/library.cpp:28:
In file included from /<<PKGBUILDDIR>>/src/rttr/../rttr/library.h:33:
In file included from /<<PKGBUILDDIR>>/src/rttr/../rttr/type.h:1221:
In file included from /<<PKGBUILDDIR>>/src/rttr/../rttr/detail/type/type_impl.h:36:
In file included from /<<PKGBUILDDIR>>/src/rttr/../rttr/detail/type/get_create_variant_func.h:32:
In file included from /<<PKGBUILDDIR>>/src/rttr/../rttr/variant.h:1156:
In file included from /<<PKGBUILDDIR>>/src/rttr/../rttr/detail/variant/variant_impl.h:36:
In file included from /<<PKGBUILDDIR>>/src/rttr/../rttr/detail/variant/variant_data_policy.h:36:
In file included from /<<PKGBUILDDIR>>/src/rttr/../rttr/detail/variant/variant_data_converter.h:32:
/<<PKGBUILDDIR>>/src/rttr/../rttr/detail/conversion/number_conversion.h:139:21: error: implicit conversion from 'long' to 'float' changes value from -9223372036854775807 to -9223372036854775808 [-Werror,-Wimplicit-int-float-conversion]
    else if (from < -std::numeric_limits<T>::max())
                  ~ ^~~~~~~~~~~~~~~~~~~~~~~~~~~~~~
/<<PKGBUILDDIR>>/src/rttr/../rttr/detail/conversion/number_conversion.h:154:28: error: implicit conversion from 'unsigned int' to 'float' changes value from 4294967295 to 4294967296 [-Werror,-Wimplicit-int-float-conversion]
    if (from < 0 || from > std::numeric_limits<T>::max())
                         ~ ^~~~~~~~~~~~~~~~~~~~~~~~~~~~~
/<<PKGBUILDDIR>>/src/rttr/../rttr/detail/variant/variant_data_converter.h:1080:16: note: in instantiation of function template specialization 'rttr::detail::convert_to<float, unsigned int>' requested here
        return convert_to(from, to);
               ^
In file included from /<<PKGBUILDDIR>>/src/rttr/library.cpp:28:
In file included from /<<PKGBUILDDIR>>/src/rttr/../rttr/library.h:33:
In file included from /<<PKGBUILDDIR>>/src/rttr/../rttr/type.h:1221:
In file included from /<<PKGBUILDDIR>>/src/rttr/../rttr/detail/type/type_impl.h:36:
In file included from /<<PKGBUILDDIR>>/src/rttr/../rttr/detail/type/get_create_variant_func.h:32:
In file included from /<<PKGBUILDDIR>>/src/rttr/../rttr/variant.h:1156:
In file included from /<<PKGBUILDDIR>>/src/rttr/../rttr/detail/variant/variant_impl.h:36:
In file included from /<<PKGBUILDDIR>>/src/rttr/../rttr/detail/variant/variant_data_policy.h:36:
In file included from /<<PKGBUILDDIR>>/src/rttr/../rttr/detail/variant/variant_data_converter.h:32:
/<<PKGBUILDDIR>>/src/rttr/../rttr/detail/conversion/number_conversion.h:154:28: error: implicit conversion from 'unsigned long' to 'float' changes value from 18446744073709551615 to 18446744073709551616 [-Werror,-Wimplicit-int-float-conversion]
    if (from < 0 || from > std::numeric_limits<T>::max())
                         ~ ^~~~~~~~~~~~~~~~~~~~~~~~~~~~~
/<<PKGBUILDDIR>>/src/rttr/../rttr/detail/variant/variant_data_converter.h:1085:16: note: in instantiation of function template specialization 'rttr::detail::convert_to<float, unsigned long>' requested here
        return convert_to(from, to);
               ^
In file included from /<<PKGBUILDDIR>>/src/rttr/library.cpp:28:
In file included from /<<PKGBUILDDIR>>/src/rttr/../rttr/library.h:33:
In file included from /<<PKGBUILDDIR>>/src/rttr/../rttr/type.h:1221:
In file included from /<<PKGBUILDDIR>>/src/rttr/../rttr/detail/type/type_impl.h:36:
In file included from /<<PKGBUILDDIR>>/src/rttr/../rttr/detail/type/get_create_variant_func.h:32:
In file included from /<<PKGBUILDDIR>>/src/rttr/../rttr/variant.h:1156:
In file included from /<<PKGBUILDDIR>>/src/rttr/../rttr/detail/variant/variant_impl.h:36:
In file included from /<<PKGBUILDDIR>>/src/rttr/../rttr/detail/variant/variant_data_policy.h:36:
In file included from /<<PKGBUILDDIR>>/src/rttr/../rttr/detail/variant/variant_data_converter.h:32:
/<<PKGBUILDDIR>>/src/rttr/../rttr/detail/conversion/number_conversion.h:137:16: error: implicit conversion from 'long' to 'double' changes value from 9223372036854775807 to 9223372036854775808 [-Werror,-Wimplicit-int-float-conversion]
    if (from > std::numeric_limits<T>::max())
             ~ ^~~~~~~~~~~~~~~~~~~~~~~~~~~~~
/<<PKGBUILDDIR>>/src/rttr/../rttr/detail/variant/variant_data_converter.h:1146:16: note: in instantiation of function template specialization 'rttr::detail::convert_to<double, long>' requested here
        return convert_to(from, to);
               ^
In file included from /<<PKGBUILDDIR>>/src/rttr/library.cpp:28:
In file included from /<<PKGBUILDDIR>>/src/rttr/../rttr/library.h:33:
In file included from /<<PKGBUILDDIR>>/src/rttr/../rttr/type.h:1221:
In file included from /<<PKGBUILDDIR>>/src/rttr/../rttr/detail/type/type_impl.h:36:
In file included from /<<PKGBUILDDIR>>/src/rttr/../rttr/detail/type/get_create_variant_func.h:32:
In file included from /<<PKGBUILDDIR>>/src/rttr/../rttr/variant.h:1156:
In file included from /<<PKGBUILDDIR>>/src/rttr/../rttr/detail/variant/variant_impl.h:36:
In file included from /<<PKGBUILDDIR>>/src/rttr/../rttr/detail/variant/variant_data_policy.h:36:
In file included from /<<PKGBUILDDIR>>/src/rttr/../rttr/detail/variant/variant_data_converter.h:32:
/<<PKGBUILDDIR>>/src/rttr/../rttr/detail/conversion/number_conversion.h:139:21: error: implicit conversion from 'long' to 'double' changes value from -9223372036854775807 to -9223372036854775808 [-Werror,-Wimplicit-int-float-conversion]
    else if (from < -std::numeric_limits<T>::max())
                  ~ ^~~~~~~~~~~~~~~~~~~~~~~~~~~~~~
/<<PKGBUILDDIR>>/src/rttr/../rttr/detail/conversion/number_conversion.h:154:28: error: implicit conversion from 'unsigned long' to 'double' changes value from 18446744073709551615 to 18446744073709551616 [-Werror,-Wimplicit-int-float-conversion]
    if (from < 0 || from > std::numeric_limits<T>::max())
                         ~ ^~~~~~~~~~~~~~~~~~~~~~~~~~~~~
/<<PKGBUILDDIR>>/src/rttr/../rttr/detail/variant/variant_data_converter.h:1166:16: note: in instantiation of function template specialization 'rttr::detail::convert_to<double, unsigned long>' requested here
        return convert_to(from, to);
               ^
9 errors generated.
make[3]: *** [src/rttr/CMakeFiles/rttr_core.dir/build.make:66: src/rttr/CMakeFiles/rttr_core.dir/constructor.cpp.o] Error 1
make[3]: *** Waiting for unfinished jobs....
9 errors generated.
In file included from /<<PKGBUILDDIR>>/src/rttr/destructor.cpp:29:
In file included from /<<PKGBUILDDIR>>/src/rttr/../rttr/detail/destructor/destructor_wrapper_base.h:32:
In file included from /<<PKGBUILDDIR>>/src/rttr/../rttr/type.h:1221:
In file included from /<<PKGBUILDDIR>>/src/rttr/../rttr/detail/type/type_impl.h:36:
In file included from /<<PKGBUILDDIR>>/src/rttr/../rttr/detail/type/get_create_variant_func.h:32:
In file included from /<<PKGBUILDDIR>>/src/rttr/../rttr/variant.h:1156:
In file included from /<<PKGBUILDDIR>>/src/rttr/../rttr/detail/variant/variant_impl.h:36:
In file included from /<<PKGBUILDDIR>>/src/rttr/../rttr/detail/variant/variant_data_policy.h:36:
In file included from /<<PKGBUILDDIR>>/src/rttr/../rttr/detail/variant/variant_data_converter.h:32:
/<<PKGBUILDDIR>>/src/rttr/../rttr/detail/conversion/number_conversion.h:137:16: error: implicit conversion from 'int' to 'float' changes value from 2147483647 to 2147483648 [-Werror,-Wimplicit-int-float-conversion]
    if (from > std::numeric_limits<T>::max())
             ~ ^~~~~~~~~~~~~~~~~~~~~~~~~~~~~
/<<PKGBUILDDIR>>/src/rttr/../rttr/detail/variant/variant_data_converter.h:1060:16: note: in instantiation of function template specialization 'rttr::detail::convert_to<float, int>' requested here
        return convert_to(from, to);
               ^
In file included from /<<PKGBUILDDIR>>/src/rttr/destructor.cpp:29:
In file included from /<<PKGBUILDDIR>>/src/rttr/../rttr/detail/destructor/destructor_wrapper_base.h:32:
In file included from /<<PKGBUILDDIR>>/src/rttr/../rttr/type.h:1221:
In file included from /<<PKGBUILDDIR>>/src/rttr/../rttr/detail/type/type_impl.h:36:
In file included from /<<PKGBUILDDIR>>/src/rttr/../rttr/detail/type/get_create_variant_func.h:32:
In file included from /<<PKGBUILDDIR>>/src/rttr/../rttr/variant.h:1156:
In file included from /<<PKGBUILDDIR>>/src/rttr/../rttr/detail/variant/variant_impl.h:36:
In file included from /<<PKGBUILDDIR>>/src/rttr/../rttr/detail/variant/variant_data_policy.h:36:
In file included from /<<PKGBUILDDIR>>/src/rttr/../rttr/detail/variant/variant_data_converter.h:32:
/<<PKGBUILDDIR>>/src/rttr/../rttr/detail/conversion/number_conversion.h:139:21: error: implicit conversion from 'int' to 'float' changes value from -2147483647 to -2147483648 [-Werror,-Wimplicit-int-float-conversion]
    else if (from < -std::numeric_limits<T>::max())
                  ~ ^~~~~~~~~~~~~~~~~~~~~~~~~~~~~~
/<<PKGBUILDDIR>>/src/rttr/../rttr/detail/conversion/number_conversion.h:137:16: error: implicit conversion from 'long' to 'float' changes value from 9223372036854775807 to 9223372036854775808 [-Werror,-Wimplicit-int-float-conversion]
    if (from > std::numeric_limits<T>::max())
             ~ ^~~~~~~~~~~~~~~~~~~~~~~~~~~~~
/<<PKGBUILDDIR>>/src/rttr/../rttr/detail/variant/variant_data_converter.h:1065:16: note: in instantiation of function template specialization 'rttr::detail::convert_to<float, long>' requested here
        return convert_to(from, to);
               ^
In file included from /<<PKGBUILDDIR>>/src/rttr/destructor.cpp:29:
In file included from /<<PKGBUILDDIR>>/src/rttr/../rttr/detail/destructor/destructor_wrapper_base.h:32:
In file included from /<<PKGBUILDDIR>>/src/rttr/../rttr/type.h:1221:
In file included from /<<PKGBUILDDIR>>/src/rttr/../rttr/detail/type/type_impl.h:36:
In file included from /<<PKGBUILDDIR>>/src/rttr/../rttr/detail/type/get_create_variant_func.h:32:
In file included from /<<PKGBUILDDIR>>/src/rttr/../rttr/variant.h:1156:
In file included from /<<PKGBUILDDIR>>/src/rttr/../rttr/detail/variant/variant_impl.h:36:
In file included from /<<PKGBUILDDIR>>/src/rttr/../rttr/detail/variant/variant_data_policy.h:36:
In file included from /<<PKGBUILDDIR>>/src/rttr/../rttr/detail/variant/variant_data_converter.h:32:
/<<PKGBUILDDIR>>/src/rttr/../rttr/detail/conversion/number_conversion.h:139:21: error: implicit conversion from 'long' to 'float' changes value from -9223372036854775807 to -9223372036854775808 [-Werror,-Wimplicit-int-float-conversion]
    else if (from < -std::numeric_limits<T>::max())
                  ~ ^~~~~~~~~~~~~~~~~~~~~~~~~~~~~~
/<<PKGBUILDDIR>>/src/rttr/../rttr/detail/conversion/number_conversion.h:154:28: error: implicit conversion from 'unsigned int' to 'float' changes value from 4294967295 to 4294967296 [-Werror,-Wimplicit-int-float-conversion]
    if (from < 0 || from > std::numeric_limits<T>::max())
                         ~ ^~~~~~~~~~~~~~~~~~~~~~~~~~~~~
/<<PKGBUILDDIR>>/src/rttr/../rttr/detail/variant/variant_data_converter.h:1080:16: note: in instantiation of function template specialization 'rttr::detail::convert_to<float, unsigned int>' requested here
        return convert_to(from, to);
               ^
make[3]: *** [src/rttr/CMakeFiles/rttr_core.dir/build.make:105: src/rttr/CMakeFiles/rttr_core.dir/library.cpp.o] Error 1
In file included from /<<PKGBUILDDIR>>/src/rttr/destructor.cpp:29:
In file included from /<<PKGBUILDDIR>>/src/rttr/../rttr/detail/destructor/destructor_wrapper_base.h:32:
In file included from /<<PKGBUILDDIR>>/src/rttr/../rttr/type.h:1221:
In file included from /<<PKGBUILDDIR>>/src/rttr/../rttr/detail/type/type_impl.h:36:
In file included from /<<PKGBUILDDIR>>/src/rttr/../rttr/detail/type/get_create_variant_func.h:32:
In file included from /<<PKGBUILDDIR>>/src/rttr/../rttr/variant.h:1156:
In file included from /<<PKGBUILDDIR>>/src/rttr/../rttr/detail/variant/variant_impl.h:36:
In file included from /<<PKGBUILDDIR>>/src/rttr/../rttr/detail/variant/variant_data_policy.h:36:
In file included from /<<PKGBUILDDIR>>/src/rttr/../rttr/detail/variant/variant_data_converter.h:32:
/<<PKGBUILDDIR>>/src/rttr/../rttr/detail/conversion/number_conversion.h:154:28: error: implicit conversion from 'unsigned long' to 'float' changes value from 18446744073709551615 to 18446744073709551616 [-Werror,-Wimplicit-int-float-conversion]
    if (from < 0 || from > std::numeric_limits<T>::max())
                         ~ ^~~~~~~~~~~~~~~~~~~~~~~~~~~~~
/<<PKGBUILDDIR>>/src/rttr/../rttr/detail/variant/variant_data_converter.h:1085:16: note: in instantiation of function template specialization 'rttr::detail::convert_to<float, unsigned long>' requested here
        return convert_to(from, to);
               ^
In file included from /<<PKGBUILDDIR>>/src/rttr/enumeration.cpp:28:
In file included from /<<PKGBUILDDIR>>/src/rttr/../rttr/enumeration.h:32:
In file included from /<<PKGBUILDDIR>>/src/rttr/../rttr/type.h:1221:
In file included from /<<PKGBUILDDIR>>/src/rttr/../rttr/detail/type/type_impl.h:36:
In file included from /<<PKGBUILDDIR>>/src/rttr/../rttr/detail/type/get_create_variant_func.h:32:
In file included from /<<PKGBUILDDIR>>/src/rttr/../rttr/variant.h:1156:
In file included from /<<PKGBUILDDIR>>/src/rttr/../rttr/detail/variant/variant_impl.h:36:
In file included from /<<PKGBUILDDIR>>/src/rttr/../rttr/detail/variant/variant_data_policy.h:36:
In file included from /<<PKGBUILDDIR>>/src/rttr/../rttr/detail/variant/variant_data_converter.h:32:
/<<PKGBUILDDIR>>/src/rttr/../rttr/detail/conversion/number_conversion.h:137:16: error: implicit conversion from 'int' to 'float' changes value from 2147483647 to 2147483648 [-Werror,-Wimplicit-int-float-conversion]
    if (from > std::numeric_limits<T>::max())
             ~ ^~~~~~~~~~~~~~~~~~~~~~~~~~~~~
/<<PKGBUILDDIR>>/src/rttr/../rttr/detail/variant/variant_data_converter.h:1060:16: note: in instantiation of function template specialization 'rttr::detail::convert_to<float, int>' requested here
        return convert_to(from, to);
               ^
In file included from /<<PKGBUILDDIR>>/src/rttr/enumeration.cpp:28:
In file included from /<<PKGBUILDDIR>>/src/rttr/../rttr/enumeration.h:32:
In file included from /<<PKGBUILDDIR>>/src/rttr/../rttr/type.h:1221:
In file included from /<<PKGBUILDDIR>>/src/rttr/../rttr/detail/type/type_impl.h:36:
In file included from /<<PKGBUILDDIR>>/src/rttr/../rttr/detail/type/get_create_variant_func.h:32:
In file included from /<<PKGBUILDDIR>>/src/rttr/../rttr/variant.h:1156:
In file included from /<<PKGBUILDDIR>>/src/rttr/../rttr/detail/variant/variant_impl.h:36:
In file included from /<<PKGBUILDDIR>>/src/rttr/../rttr/detail/variant/variant_data_policy.h:36:
In file included from /<<PKGBUILDDIR>>/src/rttr/../rttr/detail/variant/variant_data_converter.h:32:
/<<PKGBUILDDIR>>/src/rttr/../rttr/detail/conversion/number_conversion.h:139:21: error: implicit conversion from 'int' to 'float' changes value from -2147483647 to -2147483648 [-Werror,-Wimplicit-int-float-conversion]
    else if (from < -std::numeric_limits<T>::max())
                  ~ ^~~~~~~~~~~~~~~~~~~~~~~~~~~~~~
/<<PKGBUILDDIR>>/src/rttr/../rttr/detail/conversion/number_conversion.h:137:16: error: implicit conversion from 'long' to 'float' changes value from 9223372036854775807 to 9223372036854775808 [-Werror,-Wimplicit-int-float-conversion]
    if (from > std::numeric_limits<T>::max())
             ~ ^~~~~~~~~~~~~~~~~~~~~~~~~~~~~
/<<PKGBUILDDIR>>/src/rttr/../rttr/detail/variant/variant_data_converter.h:1065:16: note: in instantiation of function template specialization 'rttr::detail::convert_to<float, long>' requested here
        return convert_to(from, to);
               ^
In file included from /<<PKGBUILDDIR>>/src/rttr/enumeration.cpp:28:
In file included from /<<PKGBUILDDIR>>/src/rttr/../rttr/enumeration.h:32:
In file included from /<<PKGBUILDDIR>>/src/rttr/../rttr/type.h:1221:
In file included from /<<PKGBUILDDIR>>/src/rttr/../rttr/detail/type/type_impl.h:36:
In file included from /<<PKGBUILDDIR>>/src/rttr/../rttr/detail/type/get_create_variant_func.h:32:
In file included from /<<PKGBUILDDIR>>/src/rttr/../rttr/variant.h:1156:
In file included from /<<PKGBUILDDIR>>/src/rttr/../rttr/detail/variant/variant_impl.h:36:
In file included from /<<PKGBUILDDIR>>/src/rttr/../rttr/detail/variant/variant_data_policy.h:36:
In file included from /<<PKGBUILDDIR>>/src/rttr/../rttr/detail/variant/variant_data_converter.h:32:
/<<PKGBUILDDIR>>/src/rttr/../rttr/detail/conversion/number_conversion.h:139:21: error: implicit conversion from 'long' to 'float' changes value from -9223372036854775807 to -9223372036854775808 [-Werror,-Wimplicit-int-float-conversion]
    else if (from < -std::numeric_limits<T>::max())
                  ~ ^~~~~~~~~~~~~~~~~~~~~~~~~~~~~~
/<<PKGBUILDDIR>>/src/rttr/../rttr/detail/conversion/number_conversion.h:154:28: error: implicit conversion from 'unsigned int' to 'float' changes value from 4294967295 to 4294967296 [-Werror,-Wimplicit-int-float-conversion]
    if (from < 0 || from > std::numeric_limits<T>::max())
                         ~ ^~~~~~~~~~~~~~~~~~~~~~~~~~~~~
/<<PKGBUILDDIR>>/src/rttr/../rttr/detail/variant/variant_data_converter.h:1080:16: note: in instantiation of function template specialization 'rttr::detail::convert_to<float, unsigned int>' requested here
        return convert_to(from, to);
               ^
In file included from /<<PKGBUILDDIR>>/src/rttr/enumeration.cpp:28:
In file included from /<<PKGBUILDDIR>>/src/rttr/../rttr/enumeration.h:32:
In file included from /<<PKGBUILDDIR>>/src/rttr/../rttr/type.h:1221:
In file included from /<<PKGBUILDDIR>>/src/rttr/../rttr/detail/type/type_impl.h:36:
In file included from /<<PKGBUILDDIR>>/src/rttr/../rttr/detail/type/get_create_variant_func.h:32:
In file included from /<<PKGBUILDDIR>>/src/rttr/../rttr/variant.h:1156:
In file included from /<<PKGBUILDDIR>>/src/rttr/../rttr/detail/variant/variant_impl.h:36:
In file included from /<<PKGBUILDDIR>>/src/rttr/../rttr/detail/variant/variant_data_policy.h:36:
In file included from /<<PKGBUILDDIR>>/src/rttr/../rttr/detail/variant/variant_data_converter.h:32:
/<<PKGBUILDDIR>>/src/rttr/../rttr/detail/conversion/number_conversion.h:154:28: error: implicit conversion from 'unsigned long' to 'float' changes value from 18446744073709551615 to 18446744073709551616 [-Werror,-Wimplicit-int-float-conversion]
    if (from < 0 || from > std::numeric_limits<T>::max())
                         ~ ^~~~~~~~~~~~~~~~~~~~~~~~~~~~~
/<<PKGBUILDDIR>>/src/rttr/../rttr/detail/variant/variant_data_converter.h:1085:16: note: in instantiation of function template specialization 'rttr::detail::convert_to<float, unsigned long>' requested here
        return convert_to(from, to);
               ^
In file included from /<<PKGBUILDDIR>>/src/rttr/destructor.cpp:29:
In file included from /<<PKGBUILDDIR>>/src/rttr/../rttr/detail/destructor/destructor_wrapper_base.h:32:
In file included from /<<PKGBUILDDIR>>/src/rttr/../rttr/type.h:1221:
In file included from /<<PKGBUILDDIR>>/src/rttr/../rttr/detail/type/type_impl.h:36:
In file included from /<<PKGBUILDDIR>>/src/rttr/../rttr/detail/type/get_create_variant_func.h:32:
In file included from /<<PKGBUILDDIR>>/src/rttr/../rttr/variant.h:1156:
In file included from /<<PKGBUILDDIR>>/src/rttr/../rttr/detail/variant/variant_impl.h:36:
In file included from /<<PKGBUILDDIR>>/src/rttr/../rttr/detail/variant/variant_data_policy.h:36:
In file included from /<<PKGBUILDDIR>>/src/rttr/../rttr/detail/variant/variant_data_converter.h:32:
/<<PKGBUILDDIR>>/src/rttr/../rttr/detail/conversion/number_conversion.h:137:16: error: implicit conversion from 'long' to 'double' changes value from 9223372036854775807 to 9223372036854775808 [-Werror,-Wimplicit-int-float-conversion]
    if (from > std::numeric_limits<T>::max())
             ~ ^~~~~~~~~~~~~~~~~~~~~~~~~~~~~
/<<PKGBUILDDIR>>/src/rttr/../rttr/detail/variant/variant_data_converter.h:1146:16: note: in instantiation of function template specialization 'rttr::detail::convert_to<double, long>' requested here
        return convert_to(from, to);
               ^
In file included from /<<PKGBUILDDIR>>/src/rttr/destructor.cpp:29:
In file included from /<<PKGBUILDDIR>>/src/rttr/../rttr/detail/destructor/destructor_wrapper_base.h:32:
In file included from /<<PKGBUILDDIR>>/src/rttr/../rttr/type.h:1221:
In file included from /<<PKGBUILDDIR>>/src/rttr/../rttr/detail/type/type_impl.h:36:
In file included from /<<PKGBUILDDIR>>/src/rttr/../rttr/detail/type/get_create_variant_func.h:32:
In file included from /<<PKGBUILDDIR>>/src/rttr/../rttr/variant.h:1156:
In file included from /<<PKGBUILDDIR>>/src/rttr/../rttr/detail/variant/variant_impl.h:36:
In file included from /<<PKGBUILDDIR>>/src/rttr/../rttr/detail/variant/variant_data_policy.h:36:
In file included from /<<PKGBUILDDIR>>/src/rttr/../rttr/detail/variant/variant_data_converter.h:32:
/<<PKGBUILDDIR>>/src/rttr/../rttr/detail/conversion/number_conversion.h:139:21: error: implicit conversion from 'long' to 'double' changes value from -9223372036854775807 to -9223372036854775808 [-Werror,-Wimplicit-int-float-conversion]
    else if (from < -std::numeric_limits<T>::max())
                  ~ ^~~~~~~~~~~~~~~~~~~~~~~~~~~~~~
/<<PKGBUILDDIR>>/src/rttr/../rttr/detail/conversion/number_conversion.h:154:28: error: implicit conversion from 'unsigned long' to 'double' changes value from 18446744073709551615 to 18446744073709551616 [-Werror,-Wimplicit-int-float-conversion]
    if (from < 0 || from > std::numeric_limits<T>::max())
                         ~ ^~~~~~~~~~~~~~~~~~~~~~~~~~~~~
/<<PKGBUILDDIR>>/src/rttr/../rttr/detail/variant/variant_data_converter.h:1166:16: note: in instantiation of function template specialization 'rttr::detail::convert_to<double, unsigned long>' requested here
        return convert_to(from, to);
               ^
In file included from /<<PKGBUILDDIR>>/src/rttr/enumeration.cpp:28:
In file included from /<<PKGBUILDDIR>>/src/rttr/../rttr/enumeration.h:32:
In file included from /<<PKGBUILDDIR>>/src/rttr/../rttr/type.h:1221:
In file included from /<<PKGBUILDDIR>>/src/rttr/../rttr/detail/type/type_impl.h:36:
In file included from /<<PKGBUILDDIR>>/src/rttr/../rttr/detail/type/get_create_variant_func.h:32:
In file included from /<<PKGBUILDDIR>>/src/rttr/../rttr/variant.h:1156:
In file included from /<<PKGBUILDDIR>>/src/rttr/../rttr/detail/variant/variant_impl.h:36:
In file included from /<<PKGBUILDDIR>>/src/rttr/../rttr/detail/variant/variant_data_policy.h:36:
In file included from /<<PKGBUILDDIR>>/src/rttr/../rttr/detail/variant/variant_data_converter.h:32:
/<<PKGBUILDDIR>>/src/rttr/../rttr/detail/conversion/number_conversion.h:137:16: error: implicit conversion from 'long' to 'double' changes value from 9223372036854775807 to 9223372036854775808 [-Werror,-Wimplicit-int-float-conversion]
    if (from > std::numeric_limits<T>::max())
             ~ ^~~~~~~~~~~~~~~~~~~~~~~~~~~~~
/<<PKGBUILDDIR>>/src/rttr/../rttr/detail/variant/variant_data_converter.h:1146:16: note: in instantiation of function template specialization 'rttr::detail::convert_to<double, long>' requested here
        return convert_to(from, to);
               ^
In file included from /<<PKGBUILDDIR>>/src/rttr/enumeration.cpp:28:
In file included from /<<PKGBUILDDIR>>/src/rttr/../rttr/enumeration.h:32:
In file included from /<<PKGBUILDDIR>>/src/rttr/../rttr/type.h:1221:
In file included from /<<PKGBUILDDIR>>/src/rttr/../rttr/detail/type/type_impl.h:36:
In file included from /<<PKGBUILDDIR>>/src/rttr/../rttr/detail/type/get_create_variant_func.h:32:
In file included from /<<PKGBUILDDIR>>/src/rttr/../rttr/variant.h:1156:
In file included from /<<PKGBUILDDIR>>/src/rttr/../rttr/detail/variant/variant_impl.h:36:
In file included from /<<PKGBUILDDIR>>/src/rttr/../rttr/detail/variant/variant_data_policy.h:36:
In file included from /<<PKGBUILDDIR>>/src/rttr/../rttr/detail/variant/variant_data_converter.h:32:
/<<PKGBUILDDIR>>/src/rttr/../rttr/detail/conversion/number_conversion.h:139:21: error: implicit conversion from 'long' to 'double' changes value from -9223372036854775807 to -9223372036854775808 [-Werror,-Wimplicit-int-float-conversion]
    else if (from < -std::numeric_limits<T>::max())
                  ~ ^~~~~~~~~~~~~~~~~~~~~~~~~~~~~~
/<<PKGBUILDDIR>>/src/rttr/../rttr/detail/conversion/number_conversion.h:154:28: error: implicit conversion from 'unsigned long' to 'double' changes value from 18446744073709551615 to 18446744073709551616 [-Werror,-Wimplicit-int-float-conversion]
    if (from < 0 || from > std::numeric_limits<T>::max())
                         ~ ^~~~~~~~~~~~~~~~~~~~~~~~~~~~~
/<<PKGBUILDDIR>>/src/rttr/../rttr/detail/variant/variant_data_converter.h:1166:16: note: in instantiation of function template specialization 'rttr::detail::convert_to<double, unsigned long>' requested here
        return convert_to(from, to);
               ^
9 errors generated.
make[3]: *** [src/rttr/CMakeFiles/rttr_core.dir/build.make:92: src/rttr/CMakeFiles/rttr_core.dir/enumeration.cpp.o] Error 1
9 errors generated.
make[3]: *** [src/rttr/CMakeFiles/rttr_core.dir/build.make:79: src/rttr/CMakeFiles/rttr_core.dir/destructor.cpp.o] Error 1
make[3]: Leaving directory '/<<PKGBUILDDIR>>/obj-x86_64-linux-gnu'
make[2]: *** [CMakeFiles/Makefile2:136: src/rttr/CMakeFiles/rttr_core.dir/all] Error 2
make[2]: Leaving directory '/<<PKGBUILDDIR>>/obj-x86_64-linux-gnu'
make[1]: *** [Makefile:155: all] Error 2
make[1]: Leaving directory '/<<PKGBUILDDIR>>/obj-x86_64-linux-gnu'
dh_auto_build: error: cd obj-x86_64-linux-gnu && make -j4 "INSTALL=install --strip-program=true" returned exit code 2
make: *** [debian/rules:9: binary] Error 25
dpkg-buildpackage: error: debian/rules binary subprocess returned exit status 2
--------------------------------------------------------------------------------
Build finished at 2020-05-03T04:42:47Z

Finished
--------


+------------------------------------------------------------------------------+
| Cleanup                                                                      |
+------------------------------------------------------------------------------+

Purging /<<BUILDDIR>>
Not cleaning session: cloned chroot in use
E: Build failure (dpkg-buildpackage died)

+------------------------------------------------------------------------------+
| Summary                                                                      |
+------------------------------------------------------------------------------+

Build Architecture: amd64
Build Type: binary
Build-Space: 4888
Build-Time: 4
Distribution: unstable
Fail-Stage: build
Host Architecture: amd64
Install-Time: 30
Job: rttr_0.9.6+dfsg1-3
Machine Architecture: amd64
Package: rttr
Package-Time: 49
Source-Version: 0.9.6+dfsg1-3
Space: 4888
Status: attempted
Version: 0.9.6+dfsg1-3
--------------------------------------------------------------------------------
Finished at 2020-05-03T04:42:47Z
Build needed 00:00:49, 4888k disk space
E: Build failure (dpkg-buildpackage died)
DC-Status: Failed 50.667090774s
DC-Time-Estimation: 50.667090774 versus expected 177 (r/m: 2.4933918110575273 ; m: 50.667090774)
