DC-Build-Header: schroot 1.6.10-9 / 2020-05-03 04:21:40 +0000
DC-Task: type:rebuild-binarch-only source:schroot version:1.6.10-9 chroot:unstable esttime:352 logfile:/tmp/schroot_1.6.10-9_unstable_clang10.log modes:clang10:binarch-only
DC-Sbuild-call: su user42 -c 'sbuild -n --arch-any --apt-update -d unstable -v --no-run-lintian --chroot-setup-commands=/tmp/clang10 schroot_1.6.10-9'
sbuild (Debian sbuild) 0.78.1 (09 February 2019) on ip-172-31-3-13.eu-central-1.compute.internal

+==============================================================================+
| schroot 1.6.10-9 (amd64)                     Sun, 03 May 2020 04:21:40 +0000 |
+==============================================================================+

Package: schroot
Version: 1.6.10-9
Source Version: 1.6.10-9
Distribution: unstable
Machine Architecture: amd64
Host Architecture: amd64
Build Architecture: amd64
Build Type: binary

I: NOTICE: Log filtering will replace 'var/run/schroot/mount/sid-amd64-sbuild-dfa69cfb-53b9-4dba-9f60-3d7ac5d5be16' with '<<CHROOT>>'

+------------------------------------------------------------------------------+
| Chroot Setup Commands                                                        |
+------------------------------------------------------------------------------+


/tmp/clang10
------------

+ echo 'Entering customization script...'
Entering customization script...
+ CLANG_VERSION=10
+ echo 'Install of clang-10'
Install of clang-10
+ apt-get update
Get:1 http://127.0.0.1:12990/debian sid InRelease [146 kB]
Get:2 http://127.0.0.1:12990/debian sid/main Sources.diff/Index [27.9 kB]
Get:3 http://127.0.0.1:12990/debian sid/main amd64 Packages.diff/Index [27.9 kB]
Get:4 http://127.0.0.1:12990/debian sid/main Sources 2020-05-02-0208.16.pdiff [3982 B]
Get:5 http://127.0.0.1:12990/debian sid/main Sources 2020-05-02-0807.49.pdiff [10.9 kB]
Get:6 http://127.0.0.1:12990/debian sid/main Sources 2020-05-02-1412.30.pdiff [12.9 kB]
Get:7 http://127.0.0.1:12990/debian sid/main Sources 2020-05-02-2007.10.pdiff [13.4 kB]
Get:8 http://127.0.0.1:12990/debian sid/main Sources 2020-05-03-0208.39.pdiff [9476 B]
Get:8 http://127.0.0.1:12990/debian sid/main Sources 2020-05-03-0208.39.pdiff [9476 B]
Get:9 http://127.0.0.1:12990/debian sid/main amd64 Packages 2020-05-02-0208.16.pdiff [2772 B]
Get:10 http://127.0.0.1:12990/debian sid/main amd64 Packages 2020-05-02-0807.49.pdiff [3238 B]
Get:11 http://127.0.0.1:12990/debian sid/main amd64 Packages 2020-05-02-1412.30.pdiff [7641 B]
Get:12 http://127.0.0.1:12990/debian sid/main amd64 Packages 2020-05-02-2007.10.pdiff [10.5 kB]
Get:13 http://127.0.0.1:12990/debian sid/main amd64 Packages 2020-05-03-0208.39.pdiff [18.4 kB]
Get:13 http://127.0.0.1:12990/debian sid/main amd64 Packages 2020-05-03-0208.39.pdiff [18.4 kB]
Get:14 http://127.0.0.1:12990/debian sid/main Translation-en [6185 kB]
Fetched 6480 kB in 2s (3870 kB/s)
Reading package lists...
+ apt-get install --yes --no-install-recommends --force-yes clang-10 libomp-10-dev libobjc-9-dev
Reading package lists...
Building dependency tree...
The following additional packages will be installed:
  gcc-10-base lib32gcc-s1 lib32gcc1 lib32stdc++6 libatomic1 libbsd0 libc6-i386
  libcc1-0 libclang-common-10-dev libclang-cpp10 libclang1-10 libedit2
  libgc1c2 libgcc-s1 libgomp1 libitm1 libllvm10 liblsan0 libobjc4 libomp5-10
  libquadmath0 libstdc++6 libtsan0 libubsan1 libz3-4
Suggested packages:
  clang-10-doc libomp-10-doc
Recommended packages:
  llvm-10-dev python3
The following NEW packages will be installed:
  clang-10 lib32gcc-s1 lib32gcc1 lib32stdc++6 libbsd0 libc6-i386
  libclang-common-10-dev libclang-cpp10 libclang1-10 libedit2 libgc1c2
  libllvm10 libobjc-9-dev libobjc4 libomp-10-dev libomp5-10 libz3-4
The following packages will be upgraded:
  gcc-10-base libatomic1 libcc1-0 libgcc-s1 libgomp1 libitm1 liblsan0
  libquadmath0 libstdc++6 libtsan0 libubsan1
11 upgraded, 17 newly installed, 0 to remove and 0 not upgraded.
Need to get 51.4 MB of archives.
After this operation, 259 MB of additional disk space will be used.
Get:1 http://127.0.0.1:12990/debian sid/main amd64 libatomic1 amd64 10-20200502-1 [9048 B]
Get:2 http://127.0.0.1:12990/debian sid/main amd64 libubsan1 amd64 10-20200502-1 [134 kB]
Get:3 http://127.0.0.1:12990/debian sid/main amd64 libtsan0 amd64 10-20200502-1 [313 kB]
Get:4 http://127.0.0.1:12990/debian sid/main amd64 gcc-10-base amd64 10-20200502-1 [197 kB]
Get:5 http://127.0.0.1:12990/debian sid/main amd64 libstdc++6 amd64 10-20200502-1 [492 kB]
Get:6 http://127.0.0.1:12990/debian sid/main amd64 libquadmath0 amd64 10-20200502-1 [145 kB]
Get:7 http://127.0.0.1:12990/debian sid/main amd64 liblsan0 amd64 10-20200502-1 [141 kB]
Get:8 http://127.0.0.1:12990/debian sid/main amd64 libitm1 amd64 10-20200502-1 [25.7 kB]
Get:9 http://127.0.0.1:12990/debian sid/main amd64 libgomp1 amd64 10-20200502-1 [99.3 kB]
Get:10 http://127.0.0.1:12990/debian sid/main amd64 libcc1-0 amd64 10-20200502-1 [39.7 kB]
Get:11 http://127.0.0.1:12990/debian sid/main amd64 libgcc-s1 amd64 10-20200502-1 [41.2 kB]
Get:12 http://127.0.0.1:12990/debian sid/main amd64 libbsd0 amd64 0.10.0-1 [107 kB]
Get:13 http://127.0.0.1:12990/debian sid/main amd64 libedit2 amd64 3.1-20191231-1 [95.4 kB]
Get:14 http://127.0.0.1:12990/debian sid/main amd64 libz3-4 amd64 4.8.7-4 [6790 kB]
Get:15 http://127.0.0.1:12990/debian sid/main amd64 libllvm10 amd64 1:10.0.0-4 [15.5 MB]
Get:16 http://127.0.0.1:12990/debian sid/main amd64 libclang-cpp10 amd64 1:10.0.0-4 [10.1 MB]
Get:17 http://127.0.0.1:12990/debian sid/main amd64 libgc1c2 amd64 1:7.6.4-0.4 [224 kB]
Get:18 http://127.0.0.1:12990/debian sid/main amd64 libobjc4 amd64 10-20200502-1 [41.6 kB]
Get:19 http://127.0.0.1:12990/debian sid/main amd64 libobjc-9-dev amd64 9.3.0-11 [218 kB]
Get:20 http://127.0.0.1:12990/debian sid/main amd64 libc6-i386 amd64 2.30-4 [2926 kB]
Get:21 http://127.0.0.1:12990/debian sid/main amd64 lib32gcc-s1 amd64 10-20200502-1 [49.4 kB]
Get:22 http://127.0.0.1:12990/debian sid/main amd64 lib32gcc1 amd64 1:10-20200502-1 [1100 B]
Get:23 http://127.0.0.1:12990/debian sid/main amd64 lib32stdc++6 amd64 10-20200502-1 [510 kB]
Get:24 http://127.0.0.1:12990/debian sid/main amd64 libclang-common-10-dev amd64 1:10.0.0-4 [5062 kB]
Get:25 http://127.0.0.1:12990/debian sid/main amd64 libclang1-10 amd64 1:10.0.0-4 [7609 kB]
Get:26 http://127.0.0.1:12990/debian sid/main amd64 clang-10 amd64 1:10.0.0-4 [105 kB]
Get:27 http://127.0.0.1:12990/debian sid/main amd64 libomp5-10 amd64 1:10.0.0-4 [338 kB]
Get:28 http://127.0.0.1:12990/debian sid/main amd64 libomp-10-dev amd64 1:10.0.0-4 [85.0 kB]
debconf: delaying package configuration, since apt-utils is not installed
Fetched 51.4 MB in 0s (140 MB/s)
(Reading database ... (Reading database ... 5%(Reading database ... 10%(Reading database ... 15%(Reading database ... 20%(Reading database ... 25%(Reading database ... 30%(Reading database ... 35%(Reading database ... 40%(Reading database ... 45%(Reading database ... 50%(Reading database ... 55%(Reading database ... 60%(Reading database ... 65%(Reading database ... 70%(Reading database ... 75%(Reading database ... 80%(Reading database ... 85%(Reading database ... 90%(Reading database ... 95%(Reading database ... 100%(Reading database ... 12123 files and directories currently installed.)
Preparing to unpack .../libatomic1_10-20200502-1_amd64.deb ...
Unpacking libatomic1:amd64 (10-20200502-1) over (10-20200418-1) ...
Preparing to unpack .../libubsan1_10-20200502-1_amd64.deb ...
Unpacking libubsan1:amd64 (10-20200502-1) over (10-20200418-1) ...
Preparing to unpack .../libtsan0_10-20200502-1_amd64.deb ...
Unpacking libtsan0:amd64 (10-20200502-1) over (10-20200418-1) ...
Preparing to unpack .../gcc-10-base_10-20200502-1_amd64.deb ...
Unpacking gcc-10-base:amd64 (10-20200502-1) over (10-20200418-1) ...
Setting up gcc-10-base:amd64 (10-20200502-1) ...
(Reading database ... (Reading database ... 5%(Reading database ... 10%(Reading database ... 15%(Reading database ... 20%(Reading database ... 25%(Reading database ... 30%(Reading database ... 35%(Reading database ... 40%(Reading database ... 45%(Reading database ... 50%(Reading database ... 55%(Reading database ... 60%(Reading database ... 65%(Reading database ... 70%(Reading database ... 75%(Reading database ... 80%(Reading database ... 85%(Reading database ... 90%(Reading database ... 95%(Reading database ... 100%(Reading database ... 12123 files and directories currently installed.)
Preparing to unpack .../libstdc++6_10-20200502-1_amd64.deb ...
Unpacking libstdc++6:amd64 (10-20200502-1) over (10-20200418-1) ...
Setting up libstdc++6:amd64 (10-20200502-1) ...
(Reading database ... (Reading database ... 5%(Reading database ... 10%(Reading database ... 15%(Reading database ... 20%(Reading database ... 25%(Reading database ... 30%(Reading database ... 35%(Reading database ... 40%(Reading database ... 45%(Reading database ... 50%(Reading database ... 55%(Reading database ... 60%(Reading database ... 65%(Reading database ... 70%(Reading database ... 75%(Reading database ... 80%(Reading database ... 85%(Reading database ... 90%(Reading database ... 95%(Reading database ... 100%(Reading database ... 12123 files and directories currently installed.)
Preparing to unpack .../0-libquadmath0_10-20200502-1_amd64.deb ...
Unpacking libquadmath0:amd64 (10-20200502-1) over (10-20200418-1) ...
Preparing to unpack .../1-liblsan0_10-20200502-1_amd64.deb ...
Unpacking liblsan0:amd64 (10-20200502-1) over (10-20200418-1) ...
Preparing to unpack .../2-libitm1_10-20200502-1_amd64.deb ...
Unpacking libitm1:amd64 (10-20200502-1) over (10-20200418-1) ...
Preparing to unpack .../3-libgomp1_10-20200502-1_amd64.deb ...
Unpacking libgomp1:amd64 (10-20200502-1) over (10-20200418-1) ...
Preparing to unpack .../4-libcc1-0_10-20200502-1_amd64.deb ...
Unpacking libcc1-0:amd64 (10-20200502-1) over (10-20200418-1) ...
Preparing to unpack .../5-libgcc-s1_10-20200502-1_amd64.deb ...
Unpacking libgcc-s1:amd64 (10-20200502-1) over (10-20200418-1) ...
Setting up libgcc-s1:amd64 (10-20200502-1) ...
Selecting previously unselected package libbsd0:amd64.
(Reading database ... (Reading database ... 5%(Reading database ... 10%(Reading database ... 15%(Reading database ... 20%(Reading database ... 25%(Reading database ... 30%(Reading database ... 35%(Reading database ... 40%(Reading database ... 45%(Reading database ... 50%(Reading database ... 55%(Reading database ... 60%(Reading database ... 65%(Reading database ... 70%(Reading database ... 75%(Reading database ... 80%(Reading database ... 85%(Reading database ... 90%(Reading database ... 95%(Reading database ... 100%(Reading database ... 12123 files and directories currently installed.)
Preparing to unpack .../00-libbsd0_0.10.0-1_amd64.deb ...
Unpacking libbsd0:amd64 (0.10.0-1) ...
Selecting previously unselected package libedit2:amd64.
Preparing to unpack .../01-libedit2_3.1-20191231-1_amd64.deb ...
Unpacking libedit2:amd64 (3.1-20191231-1) ...
Selecting previously unselected package libz3-4:amd64.
Preparing to unpack .../02-libz3-4_4.8.7-4_amd64.deb ...
Unpacking libz3-4:amd64 (4.8.7-4) ...
Selecting previously unselected package libllvm10:amd64.
Preparing to unpack .../03-libllvm10_1%3a10.0.0-4_amd64.deb ...
Unpacking libllvm10:amd64 (1:10.0.0-4) ...
Selecting previously unselected package libclang-cpp10.
Preparing to unpack .../04-libclang-cpp10_1%3a10.0.0-4_amd64.deb ...
Unpacking libclang-cpp10 (1:10.0.0-4) ...
Selecting previously unselected package libgc1c2:amd64.
Preparing to unpack .../05-libgc1c2_1%3a7.6.4-0.4_amd64.deb ...
Unpacking libgc1c2:amd64 (1:7.6.4-0.4) ...
Selecting previously unselected package libobjc4:amd64.
Preparing to unpack .../06-libobjc4_10-20200502-1_amd64.deb ...
Unpacking libobjc4:amd64 (10-20200502-1) ...
Selecting previously unselected package libobjc-9-dev:amd64.
Preparing to unpack .../07-libobjc-9-dev_9.3.0-11_amd64.deb ...
Unpacking libobjc-9-dev:amd64 (9.3.0-11) ...
Selecting previously unselected package libc6-i386.
Preparing to unpack .../08-libc6-i386_2.30-4_amd64.deb ...
Unpacking libc6-i386 (2.30-4) ...
Selecting previously unselected package lib32gcc-s1.
Preparing to unpack .../09-lib32gcc-s1_10-20200502-1_amd64.deb ...
Unpacking lib32gcc-s1 (10-20200502-1) ...
Selecting previously unselected package lib32gcc1.
Preparing to unpack .../10-lib32gcc1_1%3a10-20200502-1_amd64.deb ...
Unpacking lib32gcc1 (1:10-20200502-1) ...
Selecting previously unselected package lib32stdc++6.
Preparing to unpack .../11-lib32stdc++6_10-20200502-1_amd64.deb ...
Unpacking lib32stdc++6 (10-20200502-1) ...
Selecting previously unselected package libclang-common-10-dev.
Preparing to unpack .../12-libclang-common-10-dev_1%3a10.0.0-4_amd64.deb ...
Unpacking libclang-common-10-dev (1:10.0.0-4) ...
Selecting previously unselected package libclang1-10.
Preparing to unpack .../13-libclang1-10_1%3a10.0.0-4_amd64.deb ...
Unpacking libclang1-10 (1:10.0.0-4) ...
Selecting previously unselected package clang-10.
Preparing to unpack .../14-clang-10_1%3a10.0.0-4_amd64.deb ...
Unpacking clang-10 (1:10.0.0-4) ...
Selecting previously unselected package libomp5-10:amd64.
Preparing to unpack .../15-libomp5-10_1%3a10.0.0-4_amd64.deb ...
Unpacking libomp5-10:amd64 (1:10.0.0-4) ...
Selecting previously unselected package libomp-10-dev.
Preparing to unpack .../16-libomp-10-dev_1%3a10.0.0-4_amd64.deb ...
Unpacking libomp-10-dev (1:10.0.0-4) ...
Setting up libgc1c2:amd64 (1:7.6.4-0.4) ...
Setting up libobjc4:amd64 (10-20200502-1) ...
Setting up libgomp1:amd64 (10-20200502-1) ...
Setting up libz3-4:amd64 (4.8.7-4) ...
Setting up libquadmath0:amd64 (10-20200502-1) ...
Setting up libatomic1:amd64 (10-20200502-1) ...
Setting up libobjc-9-dev:amd64 (9.3.0-11) ...
Setting up libubsan1:amd64 (10-20200502-1) ...
Setting up libomp5-10:amd64 (1:10.0.0-4) ...
Setting up libc6-i386 (2.30-4) ...
Setting up libbsd0:amd64 (0.10.0-1) ...
Setting up libcc1-0:amd64 (10-20200502-1) ...
Setting up liblsan0:amd64 (10-20200502-1) ...
Setting up libitm1:amd64 (10-20200502-1) ...
Setting up libtsan0:amd64 (10-20200502-1) ...
Setting up libomp-10-dev (1:10.0.0-4) ...
Setting up libedit2:amd64 (3.1-20191231-1) ...
Setting up libllvm10:amd64 (1:10.0.0-4) ...
Setting up lib32gcc-s1 (10-20200502-1) ...
Setting up libclang1-10 (1:10.0.0-4) ...
Setting up lib32gcc1 (1:10-20200502-1) ...
Setting up libclang-cpp10 (1:10.0.0-4) ...
Setting up lib32stdc++6 (10-20200502-1) ...
Setting up libclang-common-10-dev (1:10.0.0-4) ...
Setting up clang-10 (1:10.0.0-4) ...
Processing triggers for libc-bin (2.30-4) ...
W: --force-yes is deprecated, use one of the options starting with --allow instead.
+ echo 'Replace gcc, g++ & cpp by clang'
Replace gcc, g++ & cpp by clang
+ VERSIONS='4.6 4.7 4.8 4.9 5 6 7 8 9 10'
+ cd /usr/bin
+ for VERSION in $VERSIONS
+ rm -f g++-4.6 gcc-4.6 cpp-4.6 gcc
+ ln -s clang++-10 g++-4.6
+ ln -s clang-10 gcc-4.6
+ ln -s clang-10 cpp-4.6
+ ln -s clang-10 gcc
+ echo 'gcc-4.6 hold'
+ dpkg --set-selections
dpkg: warning: package not in status nor available database at line 1: gcc-4.6
dpkg: warning: found unknown packages; this might mean the available database
is outdated, and needs to be updated through a frontend method;
please see the FAQ <https://wiki.debian.org/Teams/Dpkg/FAQ>
+ echo 'g++-4.6 hold'
+ dpkg --set-selections
dpkg: warning: package not in status nor available database at line 1: g++-4.6
dpkg: warning: found unknown packages; this might mean the available database
is outdated, and needs to be updated through a frontend method;
please see the FAQ <https://wiki.debian.org/Teams/Dpkg/FAQ>
+ for VERSION in $VERSIONS
+ rm -f g++-4.7 gcc-4.7 cpp-4.7 gcc
+ ln -s clang++-10 g++-4.7
+ ln -s clang-10 gcc-4.7
+ ln -s clang-10 cpp-4.7
+ ln -s clang-10 gcc
+ echo 'gcc-4.7 hold'
+ dpkg --set-selections
dpkg: warning: package not in status nor available database at line 1: gcc-4.7
dpkg: warning: found unknown packages; this might mean the available database
is outdated, and needs to be updated through a frontend method;
please see the FAQ <https://wiki.debian.org/Teams/Dpkg/FAQ>
+ echo 'g++-4.7 hold'
+ dpkg --set-selections
dpkg: warning: package not in status nor available database at line 1: g++-4.7
dpkg: warning: found unknown packages; this might mean the available database
is outdated, and needs to be updated through a frontend method;
please see the FAQ <https://wiki.debian.org/Teams/Dpkg/FAQ>
+ for VERSION in $VERSIONS
+ rm -f g++-4.8 gcc-4.8 cpp-4.8 gcc
+ ln -s clang++-10 g++-4.8
+ ln -s clang-10 gcc-4.8
+ ln -s clang-10 cpp-4.8
+ ln -s clang-10 gcc
+ echo 'gcc-4.8 hold'
+ dpkg --set-selections
dpkg: warning: package not in status nor available database at line 1: gcc-4.8
dpkg: warning: found unknown packages; this might mean the available database
is outdated, and needs to be updated through a frontend method;
please see the FAQ <https://wiki.debian.org/Teams/Dpkg/FAQ>
+ echo 'g++-4.8 hold'
+ dpkg --set-selections
dpkg: warning: package not in status nor available database at line 1: g++-4.8
dpkg: warning: found unknown packages; this might mean the available database
is outdated, and needs to be updated through a frontend method;
please see the FAQ <https://wiki.debian.org/Teams/Dpkg/FAQ>
+ for VERSION in $VERSIONS
+ rm -f g++-4.9 gcc-4.9 cpp-4.9 gcc
+ ln -s clang++-10 g++-4.9
+ ln -s clang-10 gcc-4.9
+ ln -s clang-10 cpp-4.9
+ ln -s clang-10 gcc
+ echo 'gcc-4.9 hold'
+ dpkg --set-selections
dpkg: warning: package not in status nor available database at line 1: gcc-4.9
dpkg: warning: found unknown packages; this might mean the available database
is outdated, and needs to be updated through a frontend method;
please see the FAQ <https://wiki.debian.org/Teams/Dpkg/FAQ>
+ echo 'g++-4.9 hold'
+ dpkg --set-selections
dpkg: warning: package not in status nor available database at line 1: g++-4.9
dpkg: warning: found unknown packages; this might mean the available database
is outdated, and needs to be updated through a frontend method;
please see the FAQ <https://wiki.debian.org/Teams/Dpkg/FAQ>
+ for VERSION in $VERSIONS
+ rm -f g++-5 gcc-5 cpp-5 gcc
+ ln -s clang++-10 g++-5
+ ln -s clang-10 gcc-5
+ ln -s clang-10 cpp-5
+ ln -s clang-10 gcc
+ echo 'gcc-5 hold'
+ dpkg --set-selections
dpkg: warning: package not in status nor available database at line 1: gcc-5
dpkg: warning: found unknown packages; this might mean the available database
is outdated, and needs to be updated through a frontend method;
please see the FAQ <https://wiki.debian.org/Teams/Dpkg/FAQ>
+ echo 'g++-5 hold'
+ dpkg --set-selections
dpkg: warning: package not in status nor available database at line 1: g++-5
dpkg: warning: found unknown packages; this might mean the available database
is outdated, and needs to be updated through a frontend method;
please see the FAQ <https://wiki.debian.org/Teams/Dpkg/FAQ>
+ for VERSION in $VERSIONS
+ rm -f g++-6 gcc-6 cpp-6 gcc
+ ln -s clang++-10 g++-6
+ ln -s clang-10 gcc-6
+ ln -s clang-10 cpp-6
+ ln -s clang-10 gcc
+ echo 'gcc-6 hold'
+ dpkg --set-selections
dpkg: warning: package not in status nor available database at line 1: gcc-6
dpkg: warning: found unknown packages; this might mean the available database
is outdated, and needs to be updated through a frontend method;
please see the FAQ <https://wiki.debian.org/Teams/Dpkg/FAQ>
+ echo 'g++-6 hold'
+ dpkg --set-selections
dpkg: warning: package not in status nor available database at line 1: g++-6
dpkg: warning: found unknown packages; this might mean the available database
is outdated, and needs to be updated through a frontend method;
please see the FAQ <https://wiki.debian.org/Teams/Dpkg/FAQ>
+ for VERSION in $VERSIONS
+ rm -f g++-7 gcc-7 cpp-7 gcc
+ ln -s clang++-10 g++-7
+ ln -s clang-10 gcc-7
+ ln -s clang-10 cpp-7
+ ln -s clang-10 gcc
+ echo 'gcc-7 hold'
+ dpkg --set-selections
dpkg: warning: package not in status nor available database at line 1: gcc-7
dpkg: warning: found unknown packages; this might mean the available database
is outdated, and needs to be updated through a frontend method;
please see the FAQ <https://wiki.debian.org/Teams/Dpkg/FAQ>
+ echo 'g++-7 hold'
+ dpkg --set-selections
dpkg: warning: package not in status nor available database at line 1: g++-7
dpkg: warning: found unknown packages; this might mean the available database
is outdated, and needs to be updated through a frontend method;
please see the FAQ <https://wiki.debian.org/Teams/Dpkg/FAQ>
+ for VERSION in $VERSIONS
+ rm -f g++-8 gcc-8 cpp-8 gcc
+ ln -s clang++-10 g++-8
+ ln -s clang-10 gcc-8
+ ln -s clang-10 cpp-8
+ ln -s clang-10 gcc
+ echo 'gcc-8 hold'
+ dpkg --set-selections
dpkg: warning: package not in status nor available database at line 1: gcc-8
dpkg: warning: found unknown packages; this might mean the available database
is outdated, and needs to be updated through a frontend method;
please see the FAQ <https://wiki.debian.org/Teams/Dpkg/FAQ>
+ echo 'g++-8 hold'
+ dpkg --set-selections
dpkg: warning: package not in status nor available database at line 1: g++-8
dpkg: warning: found unknown packages; this might mean the available database
is outdated, and needs to be updated through a frontend method;
please see the FAQ <https://wiki.debian.org/Teams/Dpkg/FAQ>
+ for VERSION in $VERSIONS
+ rm -f g++-9 gcc-9 cpp-9 gcc
+ ln -s clang++-10 g++-9
+ ln -s clang-10 gcc-9
+ ln -s clang-10 cpp-9
+ ln -s clang-10 gcc
+ echo 'gcc-9 hold'
+ dpkg --set-selections
+ echo 'g++-9 hold'
+ dpkg --set-selections
+ for VERSION in $VERSIONS
+ rm -f g++-10 gcc-10 cpp-10 gcc
+ ln -s clang++-10 g++-10
+ ln -s clang-10 gcc-10
+ ln -s clang-10 cpp-10
+ ln -s clang-10 gcc
+ echo 'gcc-10 hold'
+ dpkg --set-selections
dpkg: warning: package not in status nor available database at line 1: gcc-10
dpkg: warning: found unknown packages; this might mean the available database
is outdated, and needs to be updated through a frontend method;
please see the FAQ <https://wiki.debian.org/Teams/Dpkg/FAQ>
+ echo 'g++-10 hold'
+ dpkg --set-selections
dpkg: warning: package not in status nor available database at line 1: g++-10
dpkg: warning: found unknown packages; this might mean the available database
is outdated, and needs to be updated through a frontend method;
please see the FAQ <https://wiki.debian.org/Teams/Dpkg/FAQ>
+ cd -
/build/schroot-J0TLNr
+ echo 'Check if gcc, g++ & cpp are actually clang'
Check if gcc, g++ & cpp are actually clang
+ gcc --version
+ grep clang
+ cpp --version
+ grep clang
+ g++ --version
+ grep clang
+ cd /usr/bin/
+ rm -f clang++ clang
+ ln -s clang-10 clang++
+ ln -s clang-10 clang
+ clang++ --version
clang version 10.0.0-4 
Target: x86_64-pc-linux-gnu
Thread model: posix
InstalledDir: /usr/bin
+ clang --version
clang version 10.0.0-4 
Target: x86_64-pc-linux-gnu
Thread model: posix
InstalledDir: /usr/bin
+ cd -
/build/schroot-J0TLNr
+ apt install --yes --no-install-recommends --force-yes qt5-qmake

WARNING: apt does not have a stable CLI interface. Use with caution in scripts.

Reading package lists...
Building dependency tree...
Reading state information...
The following additional packages will be installed:
  qt5-qmake-bin qtchooser
The following NEW packages will be installed:
  qt5-qmake qt5-qmake-bin qtchooser
0 upgraded, 3 newly installed, 0 to remove and 0 not upgraded.
Need to get 1270 kB of archives.
After this operation, 4788 kB of additional disk space will be used.
Get:1 http://127.0.0.1:12990/debian sid/main amd64 qt5-qmake-bin amd64 5.12.5+dfsg-10 [1015 kB]
Get:2 http://127.0.0.1:12990/debian sid/main amd64 qtchooser amd64 66-2 [26.3 kB]
Get:3 http://127.0.0.1:12990/debian sid/main amd64 qt5-qmake amd64 5.12.5+dfsg-10 [229 kB]
debconf: delaying package configuration, since apt-utils is not installed
Fetched 1270 kB in 0s (20.4 MB/s)
Selecting previously unselected package qt5-qmake-bin.
(Reading database ... (Reading database ... 5%(Reading database ... 10%(Reading database ... 15%(Reading database ... 20%(Reading database ... 25%(Reading database ... 30%(Reading database ... 35%(Reading database ... 40%(Reading database ... 45%(Reading database ... 50%(Reading database ... 55%(Reading database ... 60%(Reading database ... 65%(Reading database ... 70%(Reading database ... 75%(Reading database ... 80%(Reading database ... 85%(Reading database ... 90%(Reading database ... 95%(Reading database ... 100%(Reading database ... 12968 files and directories currently installed.)
Preparing to unpack .../qt5-qmake-bin_5.12.5+dfsg-10_amd64.deb ...
Unpacking qt5-qmake-bin (5.12.5+dfsg-10) ...
Selecting previously unselected package qtchooser.
Preparing to unpack .../qtchooser_66-2_amd64.deb ...
Unpacking qtchooser (66-2) ...
Selecting previously unselected package qt5-qmake:amd64.
Preparing to unpack .../qt5-qmake_5.12.5+dfsg-10_amd64.deb ...
Unpacking qt5-qmake:amd64 (5.12.5+dfsg-10) ...
Setting up qt5-qmake-bin (5.12.5+dfsg-10) ...
Setting up qtchooser (66-2) ...
Setting up qt5-qmake:amd64 (5.12.5+dfsg-10) ...
W: --force-yes is deprecated, use one of the options starting with --allow instead.
+ cp /usr/lib/x86_64-linux-gnu/qt5/mkspecs/linux-clang/qmake.conf /usr/lib/x86_64-linux-gnu/qt5/mkspecs/linux-clang/qplatformdefs.h /usr/lib/x86_64-linux-gnu/qt5/mkspecs/linux-g++/
+ ls -al /usr/lib/x86_64-linux-gnu/qt5/mkspecs/linux-g++/
total 16
drwxr-xr-x  2 root root 4096 May  3 04:21 .
drwxr-xr-x 75 root root 4096 May  3 04:21 ..
-rw-r--r--  1 root root  276 May  3 04:21 qmake.conf
-rw-r--r--  1 root root 3218 May  3 04:21 qplatformdefs.h
+ cat /usr/lib/x86_64-linux-gnu/qt5/mkspecs/linux-g++/qmake.conf
#
# qmake configuration for linux-clang
#

MAKEFILE_GENERATOR = UNIX
CONFIG += incremental

QMAKE_INCREMENTAL_STYLE = sublib

include(../common/linux.conf)
include(../common/gcc-base-unix.conf)
include(../common/clang.conf)

QMAKE_LFLAGS += -ccc-gcc-name g++

load(qt_config)
+ export QMAKESPEC=/usr/lib/x86_64-linux-gnu/qt5/mkspecs/linux-clang/
+ QMAKESPEC=/usr/lib/x86_64-linux-gnu/qt5/mkspecs/linux-clang/
+ sed -i -e 's|compare_problem(2,|compare_problem(0,|g' /usr/bin/dpkg-gensymbols
+ sed -i -e 's|compare_problem(1,|compare_problem(0,|g' /usr/bin/dpkg-gensymbols
+ grep 'compare_problem(' /usr/bin/dpkg-gensymbols
        compare_problem(4, g_('new libraries appeared in the symbols file: %s'), "@libs");
        compare_problem(3, g_('some libraries disappeared in the symbols file: %s'), "@libs");
        compare_problem(0, g_('some new symbols appeared in the symbols file: %s'),
        compare_problem(0, g_('some symbols or patterns disappeared in the symbols file: %s'),

I: Finished running '/tmp/clang10'.

Finished processing commands.
--------------------------------------------------------------------------------
I: NOTICE: Log filtering will replace 'build/schroot-J0TLNr/resolver-z8DCIl' with '<<RESOLVERDIR>>'

+------------------------------------------------------------------------------+
| Update chroot                                                                |
+------------------------------------------------------------------------------+

Hit:1 http://127.0.0.1:12990/debian sid InRelease
Reading package lists...
Reading package lists...
Building dependency tree...
Reading state information...
Calculating upgrade...
0 upgraded, 0 newly installed, 0 to remove and 0 not upgraded.

+------------------------------------------------------------------------------+
| Fetch source files                                                           |
+------------------------------------------------------------------------------+


Check APT
---------

Checking available source versions...

Download source files with APT
------------------------------

Reading package lists...
NOTICE: 'schroot' packaging is maintained in the 'Git' version control system at:
https://salsa.debian.org/debian/schroot.git
Please use:
git clone https://salsa.debian.org/debian/schroot.git
to retrieve the latest (possibly unreleased) updates to the package.
Need to get 882 kB of source archives.
Get:1 http://127.0.0.1:12990/debian sid/main schroot 1.6.10-9 (dsc) [2175 B]
Get:2 http://127.0.0.1:12990/debian sid/main schroot 1.6.10-9 (tar) [797 kB]
Get:3 http://127.0.0.1:12990/debian sid/main schroot 1.6.10-9 (diff) [82.7 kB]
Fetched 882 kB in 0s (8882 kB/s)
Download complete and in download only mode
I: NOTICE: Log filtering will replace 'build/schroot-J0TLNr/schroot-1.6.10' with '<<PKGBUILDDIR>>'
I: NOTICE: Log filtering will replace 'build/schroot-J0TLNr' with '<<BUILDDIR>>'

+------------------------------------------------------------------------------+
| Install package build dependencies                                           |
+------------------------------------------------------------------------------+


Setup apt archive
-----------------

Merged Build-Depends: cmake (>= 2.8.12), debhelper (>= 9), dh-systemd, pkg-config, libpam0g-dev, uuid-dev, libboost-dev, libboost-iostreams-dev, libboost-program-options-dev, libboost-regex-dev, libboost-filesystem-dev, gettext, libcppunit-dev, groff-base, po4a (>= 0.40), build-essential, fakeroot, doxygen, graphviz
Filtered Build-Depends: cmake (>= 2.8.12), debhelper (>= 9), dh-systemd, pkg-config, libpam0g-dev, uuid-dev, libboost-dev, libboost-iostreams-dev, libboost-program-options-dev, libboost-regex-dev, libboost-filesystem-dev, gettext, libcppunit-dev, groff-base, po4a (>= 0.40), build-essential, fakeroot, doxygen, graphviz
dpkg-deb: building package 'sbuild-build-depends-main-dummy' in '/<<RESOLVERDIR>>/apt_archive/sbuild-build-depends-main-dummy.deb'.
Ign:1 copy:/<<RESOLVERDIR>>/apt_archive ./ InRelease
Get:2 copy:/<<RESOLVERDIR>>/apt_archive ./ Release [957 B]
Ign:3 copy:/<<RESOLVERDIR>>/apt_archive ./ Release.gpg
Get:4 copy:/<<RESOLVERDIR>>/apt_archive ./ Sources [512 B]
Get:5 copy:/<<RESOLVERDIR>>/apt_archive ./ Packages [570 B]
Fetched 2039 B in 0s (0 B/s)
Reading package lists...
Reading package lists...

Install main build dependencies (apt-based resolver)
----------------------------------------------------

Installing build dependencies
Reading package lists...
Building dependency tree...
Reading state information...
The following additional packages will be installed:
  autoconf automake autopoint autotools-dev bsdmainutils cmake cmake-data
  debhelper dh-autoreconf dh-strip-nondeterminism dh-systemd doxygen dwz file
  fontconfig fontconfig-config fonts-dejavu-core gettext gettext-base graphviz
  groff-base icu-devtools intltool-debian libann0 libarchive-zip-perl
  libarchive13 libboost-dev libboost-filesystem-dev
  libboost-filesystem1.67-dev libboost-filesystem1.67.0 libboost-iostreams-dev
  libboost-iostreams1.67-dev libboost-iostreams1.67.0
  libboost-program-options-dev libboost-program-options1.67-dev
  libboost-program-options1.67.0 libboost-regex-dev libboost-regex1.67-dev
  libboost-regex1.67.0 libboost-system1.67-dev libboost-system1.67.0
  libboost1.67-dev libbrotli1 libcairo2 libcdt5 libcgraph6 libclang1-9
  libcppunit-1.15-0 libcppunit-dev libcroco3 libcurl4 libdatrie1
  libdebhelper-perl libelf1 libexpat1 libfile-stripnondeterminism-perl
  libfontconfig1 libfreetype6 libfribidi0 libgd3 libglib2.0-0 libgraphite2-3
  libgssapi-krb5-2 libgts-0.7-5 libgvc6 libgvpr2 libharfbuzz0b libice6
  libicu-dev libicu63 libjbig0 libjpeg62-turbo libjsoncpp1 libk5crypto3
  libkeyutils1 libkrb5-3 libkrb5support0 liblab-gamut1 libldap-2.4-2
  libldap-common libllvm9 libltdl7 libmagic-mgc libmagic1 libncurses6
  libnghttp2-14 libosp5 libpam0g-dev libpango-1.0-0 libpangocairo-1.0-0
  libpangoft2-1.0-0 libpathplan4 libpipeline1 libpixman-1-0 libpng16-16
  libprocps8 libpsl5 librhash0 librtmp1 libsasl2-2 libsasl2-modules-db
  libsgmls-perl libsigsegv2 libsm6 libssh2-1 libssl1.1 libsub-override-perl
  libthai-data libthai0 libtiff5 libtool libuchardet0 libuv1 libwebp6 libx11-6
  libx11-data libxapian30 libxau6 libxaw7 libxcb-render0 libxcb-shm0 libxcb1
  libxdmcp6 libxext6 libxml2 libxmu6 libxpm4 libxrender1 libxt6
  libyaml-tiny-perl m4 man-db opensp pkg-config po-debconf po4a procps
  sensible-utils sgml-base ucf uuid-dev x11-common
Suggested packages:
  autoconf-archive gnu-standards autoconf-doc wamerican | wordlist whois
  vacation cmake-doc ninja-build dh-make doxygen-latex doxygen-doc doxygen-gui
  gettext-doc libasprintf-dev libgettextpo-dev gsfonts graphviz-doc groff
  lrzip libboost-doc libboost1.67-doc libboost-atomic1.67-dev
  libboost-chrono1.67-dev libboost-container1.67-dev libboost-context1.67-dev
  libboost-contract1.67-dev libboost-coroutine1.67-dev
  libboost-date-time1.67-dev libboost-exception1.67-dev libboost-fiber1.67-dev
  libboost-graph1.67-dev libboost-graph-parallel1.67-dev
  libboost-locale1.67-dev libboost-log1.67-dev libboost-math1.67-dev
  libboost-mpi1.67-dev libboost-mpi-python1.67-dev libboost-numpy1.67-dev
  libboost-python1.67-dev libboost-random1.67-dev
  libboost-serialization1.67-dev libboost-signals1.67-dev
  libboost-stacktrace1.67-dev libboost-test1.67-dev libboost-thread1.67-dev
  libboost-timer1.67-dev libboost-type-erasure1.67-dev libboost-wave1.67-dev
  libboost1.67-tools-dev libmpfrc++-dev libntl-dev libcppunit-doc libgd-tools
  krb5-doc krb5-user icu-doc sgmlspl sgmls-doc libtool-doc gfortran
  | fortran95-compiler gcj-jdk xapian-tools m4-doc apparmor less www-browser
  doc-base sgml-data libmail-box-perl sgml-base-doc
Recommended packages:
  curl | wget | lynx fonts-liberation ca-certificates libarchive-cpio-perl
  libglib2.0-data shared-mime-info xdg-user-dirs libgts-bin krb5-locales
  libgpm2 publicsuffix libsasl2-modules libltdl-dev libmail-sendmail-perl
  liblocale-gettext-perl libterm-readkey-perl libtext-wrapi18n-perl
  libunicode-linebreak-perl psmisc
The following NEW packages will be installed:
  autoconf automake autopoint autotools-dev bsdmainutils cmake cmake-data
  debhelper dh-autoreconf dh-strip-nondeterminism dh-systemd doxygen dwz file
  fontconfig fontconfig-config fonts-dejavu-core gettext gettext-base graphviz
  groff-base icu-devtools intltool-debian libann0 libarchive-zip-perl
  libarchive13 libboost-dev libboost-filesystem-dev
  libboost-filesystem1.67-dev libboost-filesystem1.67.0 libboost-iostreams-dev
  libboost-iostreams1.67-dev libboost-iostreams1.67.0
  libboost-program-options-dev libboost-program-options1.67-dev
  libboost-program-options1.67.0 libboost-regex-dev libboost-regex1.67-dev
  libboost-regex1.67.0 libboost-system1.67-dev libboost-system1.67.0
  libboost1.67-dev libbrotli1 libcairo2 libcdt5 libcgraph6 libclang1-9
  libcppunit-1.15-0 libcppunit-dev libcroco3 libcurl4 libdatrie1
  libdebhelper-perl libelf1 libexpat1 libfile-stripnondeterminism-perl
  libfontconfig1 libfreetype6 libfribidi0 libgd3 libglib2.0-0 libgraphite2-3
  libgssapi-krb5-2 libgts-0.7-5 libgvc6 libgvpr2 libharfbuzz0b libice6
  libicu-dev libicu63 libjbig0 libjpeg62-turbo libjsoncpp1 libk5crypto3
  libkeyutils1 libkrb5-3 libkrb5support0 liblab-gamut1 libldap-2.4-2
  libldap-common libllvm9 libltdl7 libmagic-mgc libmagic1 libncurses6
  libnghttp2-14 libosp5 libpam0g-dev libpango-1.0-0 libpangocairo-1.0-0
  libpangoft2-1.0-0 libpathplan4 libpipeline1 libpixman-1-0 libpng16-16
  libprocps8 libpsl5 librhash0 librtmp1 libsasl2-2 libsasl2-modules-db
  libsgmls-perl libsigsegv2 libsm6 libssh2-1 libssl1.1 libsub-override-perl
  libthai-data libthai0 libtiff5 libtool libuchardet0 libuv1 libwebp6 libx11-6
  libx11-data libxapian30 libxau6 libxaw7 libxcb-render0 libxcb-shm0 libxcb1
  libxdmcp6 libxext6 libxml2 libxmu6 libxpm4 libxrender1 libxt6
  libyaml-tiny-perl m4 man-db opensp pkg-config po-debconf po4a procps
  sbuild-build-depends-main-dummy sensible-utils sgml-base ucf uuid-dev
  x11-common
0 upgraded, 143 newly installed, 0 to remove and 0 not upgraded.
Need to get 98.5 MB of archives.
After this operation, 498 MB of additional disk space will be used.
Get:1 copy:/<<RESOLVERDIR>>/apt_archive ./ sbuild-build-depends-main-dummy 0.invalid.0 [1000 B]
Get:2 http://127.0.0.1:12990/debian sid/main amd64 bsdmainutils amd64 11.1.2+b1 [191 kB]
Get:3 http://127.0.0.1:12990/debian sid/main amd64 libuchardet0 amd64 0.0.6-3 [64.9 kB]
Get:4 http://127.0.0.1:12990/debian sid/main amd64 groff-base amd64 1.22.4-4 [919 kB]
Get:5 http://127.0.0.1:12990/debian sid/main amd64 libpipeline1 amd64 1.5.2-2 [33.9 kB]
Get:6 http://127.0.0.1:12990/debian sid/main amd64 man-db amd64 2.9.1-1 [1308 kB]
Get:7 http://127.0.0.1:12990/debian sid/main amd64 sgml-base all 1.30 [15.1 kB]
Get:8 http://127.0.0.1:12990/debian sid/main amd64 libncurses6 amd64 6.2-1 [102 kB]
Get:9 http://127.0.0.1:12990/debian sid/main amd64 libprocps8 amd64 2:3.3.16-4 [62.7 kB]
Get:10 http://127.0.0.1:12990/debian sid/main amd64 procps amd64 2:3.3.16-4 [262 kB]
Get:11 http://127.0.0.1:12990/debian sid/main amd64 sensible-utils all 0.0.12+nmu1 [16.0 kB]
Get:12 http://127.0.0.1:12990/debian sid/main amd64 libmagic-mgc amd64 1:5.38-4 [262 kB]
Get:13 http://127.0.0.1:12990/debian sid/main amd64 libmagic1 amd64 1:5.38-4 [120 kB]
Get:14 http://127.0.0.1:12990/debian sid/main amd64 file amd64 1:5.38-4 [67.9 kB]
Get:15 http://127.0.0.1:12990/debian sid/main amd64 gettext-base amd64 0.19.8.1-10 [123 kB]
Get:16 http://127.0.0.1:12990/debian sid/main amd64 ucf all 3.0038+nmu1 [69.0 kB]
Get:17 http://127.0.0.1:12990/debian sid/main amd64 libsigsegv2 amd64 2.12-2 [32.8 kB]
Get:18 http://127.0.0.1:12990/debian sid/main amd64 m4 amd64 1.4.18-4 [203 kB]
Get:19 http://127.0.0.1:12990/debian sid/main amd64 autoconf all 2.69-11.1 [341 kB]
Get:20 http://127.0.0.1:12990/debian sid/main amd64 autotools-dev all 20180224.1 [77.0 kB]
Get:21 http://127.0.0.1:12990/debian sid/main amd64 automake all 1:1.16.2-1 [775 kB]
Get:22 http://127.0.0.1:12990/debian sid/main amd64 autopoint all 0.19.8.1-10 [435 kB]
Get:23 http://127.0.0.1:12990/debian sid/main amd64 cmake-data all 3.16.3-2 [1628 kB]
Get:24 http://127.0.0.1:12990/debian sid/main amd64 libicu63 amd64 63.2-3 [8296 kB]
Get:25 http://127.0.0.1:12990/debian sid/main amd64 libxml2 amd64 2.9.10+dfsg-5 [709 kB]
Get:26 http://127.0.0.1:12990/debian sid/main amd64 libarchive13 amd64 3.4.0-2 [335 kB]
Get:27 http://127.0.0.1:12990/debian sid/main amd64 libbrotli1 amd64 1.0.7-6.1 [267 kB]
Get:28 http://127.0.0.1:12990/debian sid/main amd64 libkrb5support0 amd64 1.17-7 [64.4 kB]
Get:29 http://127.0.0.1:12990/debian sid/main amd64 libk5crypto3 amd64 1.17-7 [115 kB]
Get:30 http://127.0.0.1:12990/debian sid/main amd64 libkeyutils1 amd64 1.6.1-2 [15.4 kB]
Get:31 http://127.0.0.1:12990/debian sid/main amd64 libssl1.1 amd64 1.1.1g-1 [1543 kB]
Get:32 http://127.0.0.1:12990/debian sid/main amd64 libkrb5-3 amd64 1.17-7 [366 kB]
Get:33 http://127.0.0.1:12990/debian sid/main amd64 libgssapi-krb5-2 amd64 1.17-7 [156 kB]
Get:34 http://127.0.0.1:12990/debian sid/main amd64 libsasl2-modules-db amd64 2.1.27+dfsg-2 [69.0 kB]
Get:35 http://127.0.0.1:12990/debian sid/main amd64 libsasl2-2 amd64 2.1.27+dfsg-2 [106 kB]
Get:36 http://127.0.0.1:12990/debian sid/main amd64 libldap-common all 2.4.50+dfsg-1 [92.9 kB]
Get:37 http://127.0.0.1:12990/debian sid/main amd64 libldap-2.4-2 amd64 2.4.50+dfsg-1 [228 kB]
Get:38 http://127.0.0.1:12990/debian sid/main amd64 libnghttp2-14 amd64 1.40.0-1 [85.0 kB]
Get:39 http://127.0.0.1:12990/debian sid/main amd64 libpsl5 amd64 0.21.0-1 [55.1 kB]
Get:40 http://127.0.0.1:12990/debian sid/main amd64 librtmp1 amd64 2.4+20151223.gitfa8646d.1-2+b1 [60.8 kB]
Get:41 http://127.0.0.1:12990/debian sid/main amd64 libssh2-1 amd64 1.8.0-2.1 [140 kB]
Get:42 http://127.0.0.1:12990/debian sid/main amd64 libcurl4 amd64 7.68.0-1 [321 kB]
Get:43 http://127.0.0.1:12990/debian sid/main amd64 libexpat1 amd64 2.2.9-1 [94.3 kB]
Get:44 http://127.0.0.1:12990/debian sid/main amd64 libjsoncpp1 amd64 1.7.4-3.1 [77.6 kB]
Get:45 http://127.0.0.1:12990/debian sid/main amd64 librhash0 amd64 1.3.9-1 [123 kB]
Get:46 http://127.0.0.1:12990/debian sid/main amd64 libuv1 amd64 1.35.0-2 [128 kB]
Get:47 http://127.0.0.1:12990/debian sid/main amd64 cmake amd64 3.16.3-2 [3675 kB]
Get:48 http://127.0.0.1:12990/debian sid/main amd64 libtool all 2.4.6-14 [513 kB]
Get:49 http://127.0.0.1:12990/debian sid/main amd64 dh-autoreconf all 19 [16.9 kB]
Get:50 http://127.0.0.1:12990/debian sid/main amd64 libdebhelper-perl all 13 [184 kB]
Get:51 http://127.0.0.1:12990/debian sid/main amd64 libarchive-zip-perl all 1.68-1 [104 kB]
Get:52 http://127.0.0.1:12990/debian sid/main amd64 libsub-override-perl all 0.09-2 [10.2 kB]
Get:53 http://127.0.0.1:12990/debian sid/main amd64 libfile-stripnondeterminism-perl all 1.8.0-1 [24.2 kB]
Get:54 http://127.0.0.1:12990/debian sid/main amd64 dh-strip-nondeterminism all 1.8.0-1 [14.8 kB]
Get:55 http://127.0.0.1:12990/debian sid/main amd64 libelf1 amd64 0.176-1.1 [161 kB]
Get:56 http://127.0.0.1:12990/debian sid/main amd64 dwz amd64 0.13-5 [151 kB]
Get:57 http://127.0.0.1:12990/debian sid/main amd64 libglib2.0-0 amd64 2.64.2-1 [1343 kB]
Get:58 http://127.0.0.1:12990/debian sid/main amd64 libcroco3 amd64 0.6.13-1 [146 kB]
Get:59 http://127.0.0.1:12990/debian sid/main amd64 gettext amd64 0.19.8.1-10 [1303 kB]
Get:60 http://127.0.0.1:12990/debian sid/main amd64 intltool-debian all 0.35.0+20060710.5 [26.8 kB]
Get:61 http://127.0.0.1:12990/debian sid/main amd64 po-debconf all 1.0.21 [248 kB]
Get:62 http://127.0.0.1:12990/debian sid/main amd64 debhelper all 13 [1002 kB]
Get:63 http://127.0.0.1:12990/debian sid/main amd64 dh-systemd all 13 [129 kB]
Get:64 http://127.0.0.1:12990/debian sid/main amd64 libllvm9 amd64 1:9.0.1-12 [15.0 MB]
Get:65 http://127.0.0.1:12990/debian sid/main amd64 libclang1-9 amd64 1:9.0.1-12 [6713 kB]
Get:66 http://127.0.0.1:12990/debian sid/main amd64 libxapian30 amd64 1.4.15-1 [1085 kB]
Get:67 http://127.0.0.1:12990/debian sid/main amd64 doxygen amd64 1.8.17-1 [9482 kB]
Get:68 http://127.0.0.1:12990/debian sid/main amd64 libpng16-16 amd64 1.6.37-2 [292 kB]
Get:69 http://127.0.0.1:12990/debian sid/main amd64 libfreetype6 amd64 2.10.1-2 [392 kB]
Get:70 http://127.0.0.1:12990/debian sid/main amd64 fonts-dejavu-core all 2.37-1 [1068 kB]
Get:71 http://127.0.0.1:12990/debian sid/main amd64 fontconfig-config all 2.13.1-4 [281 kB]
Get:72 http://127.0.0.1:12990/debian sid/main amd64 libfontconfig1 amd64 2.13.1-4 [347 kB]
Get:73 http://127.0.0.1:12990/debian sid/main amd64 fontconfig amd64 2.13.1-4 [416 kB]
Get:74 http://127.0.0.1:12990/debian sid/main amd64 libann0 amd64 1.1.2+doc-7 [25.3 kB]
Get:75 http://127.0.0.1:12990/debian sid/main amd64 libcdt5 amd64 2.42.2-4 [60.7 kB]
Get:76 http://127.0.0.1:12990/debian sid/main amd64 libcgraph6 amd64 2.42.2-4 [85.0 kB]
Get:77 http://127.0.0.1:12990/debian sid/main amd64 libjpeg62-turbo amd64 1:1.5.2-2+b1 [134 kB]
Get:78 http://127.0.0.1:12990/debian sid/main amd64 libjbig0 amd64 2.1-3.1+b2 [31.0 kB]
Get:79 http://127.0.0.1:12990/debian sid/main amd64 libwebp6 amd64 0.6.1-2+b1 [261 kB]
Get:80 http://127.0.0.1:12990/debian sid/main amd64 libtiff5 amd64 4.1.0+git191117-2 [271 kB]
Get:81 http://127.0.0.1:12990/debian sid/main amd64 libxau6 amd64 1:1.0.8-1+b2 [19.9 kB]
Get:82 http://127.0.0.1:12990/debian sid/main amd64 libxdmcp6 amd64 1:1.1.2-3 [26.3 kB]
Get:83 http://127.0.0.1:12990/debian sid/main amd64 libxcb1 amd64 1.14-2 [139 kB]
Get:84 http://127.0.0.1:12990/debian sid/main amd64 libx11-data all 2:1.6.9-2 [298 kB]
Get:85 http://127.0.0.1:12990/debian sid/main amd64 libx11-6 amd64 2:1.6.9-2 [759 kB]
Get:86 http://127.0.0.1:12990/debian sid/main amd64 libxpm4 amd64 1:3.5.12-1 [49.1 kB]
Get:87 http://127.0.0.1:12990/debian sid/main amd64 libgd3 amd64 2.3.0-1 [137 kB]
Get:88 http://127.0.0.1:12990/debian sid/main amd64 libgts-0.7-5 amd64 0.7.6+darcs121130-4+b1 [158 kB]
Get:89 http://127.0.0.1:12990/debian sid/main amd64 libpixman-1-0 amd64 0.36.0-1 [537 kB]
Get:90 http://127.0.0.1:12990/debian sid/main amd64 libxcb-render0 amd64 1.14-2 [111 kB]
Get:91 http://127.0.0.1:12990/debian sid/main amd64 libxcb-shm0 amd64 1.14-2 [101 kB]
Get:92 http://127.0.0.1:12990/debian sid/main amd64 libxext6 amd64 2:1.3.3-1+b2 [52.5 kB]
Get:93 http://127.0.0.1:12990/debian sid/main amd64 libxrender1 amd64 1:0.9.10-1 [33.0 kB]
Get:94 http://127.0.0.1:12990/debian sid/main amd64 libcairo2 amd64 1.16.0-4 [689 kB]
Get:95 http://127.0.0.1:12990/debian sid/main amd64 libltdl7 amd64 2.4.6-14 [390 kB]
Get:96 http://127.0.0.1:12990/debian sid/main amd64 libfribidi0 amd64 1.0.8-2 [64.8 kB]
Get:97 http://127.0.0.1:12990/debian sid/main amd64 libgraphite2-3 amd64 1.3.14-1 [81.2 kB]
Get:98 http://127.0.0.1:12990/debian sid/main amd64 libharfbuzz0b amd64 2.6.4-1 [1360 kB]
Get:99 http://127.0.0.1:12990/debian sid/main amd64 libthai-data all 0.1.28-3 [170 kB]
Get:100 http://127.0.0.1:12990/debian sid/main amd64 libdatrie1 amd64 0.2.12-3 [39.5 kB]
Get:101 http://127.0.0.1:12990/debian sid/main amd64 libthai0 amd64 0.1.28-3 [54.2 kB]
Get:102 http://127.0.0.1:12990/debian sid/main amd64 libpango-1.0-0 amd64 1.44.7-4 [183 kB]
Get:103 http://127.0.0.1:12990/debian sid/main amd64 libpangoft2-1.0-0 amd64 1.44.7-4 [59.0 kB]
Get:104 http://127.0.0.1:12990/debian sid/main amd64 libpangocairo-1.0-0 amd64 1.44.7-4 [48.9 kB]
Get:105 http://127.0.0.1:12990/debian sid/main amd64 libpathplan4 amd64 2.42.2-4 [63.9 kB]
Get:106 http://127.0.0.1:12990/debian sid/main amd64 libgvc6 amd64 2.42.2-4 [691 kB]
Get:107 http://127.0.0.1:12990/debian sid/main amd64 libgvpr2 amd64 2.42.2-4 [211 kB]
Get:108 http://127.0.0.1:12990/debian sid/main amd64 liblab-gamut1 amd64 2.42.2-4 [221 kB]
Get:109 http://127.0.0.1:12990/debian sid/main amd64 x11-common all 1:7.7+20 [252 kB]
Get:110 http://127.0.0.1:12990/debian sid/main amd64 libice6 amd64 2:1.0.9-2 [58.7 kB]
Get:111 http://127.0.0.1:12990/debian sid/main amd64 libsm6 amd64 2:1.2.3-1 [35.1 kB]
Get:112 http://127.0.0.1:12990/debian sid/main amd64 libxt6 amd64 1:1.1.5-1+b3 [190 kB]
Get:113 http://127.0.0.1:12990/debian sid/main amd64 libxmu6 amd64 2:1.1.2-2+b3 [60.8 kB]
Get:114 http://127.0.0.1:12990/debian sid/main amd64 libxaw7 amd64 2:1.0.13-1+b2 [201 kB]
Get:115 http://127.0.0.1:12990/debian sid/main amd64 graphviz amd64 2.42.2-4 [630 kB]
Get:116 http://127.0.0.1:12990/debian sid/main amd64 icu-devtools amd64 63.2-3 [189 kB]
Get:117 http://127.0.0.1:12990/debian sid/main amd64 libboost1.67-dev amd64 1.67.0-17+b1 [8389 kB]
Get:118 http://127.0.0.1:12990/debian sid/main amd64 libboost-dev amd64 1.67.0.2+b1 [4496 B]
Get:119 http://127.0.0.1:12990/debian sid/main amd64 libboost-system1.67.0 amd64 1.67.0-17+b1 [230 kB]
Get:120 http://127.0.0.1:12990/debian sid/main amd64 libboost-filesystem1.67.0 amd64 1.67.0-17+b1 [261 kB]
Get:121 http://127.0.0.1:12990/debian sid/main amd64 libboost-system1.67-dev amd64 1.67.0-17+b1 [232 kB]
Get:122 http://127.0.0.1:12990/debian sid/main amd64 libboost-filesystem1.67-dev amd64 1.67.0-17+b1 [269 kB]
Get:123 http://127.0.0.1:12990/debian sid/main amd64 libboost-filesystem-dev amd64 1.67.0.2+b1 [4312 B]
Get:124 http://127.0.0.1:12990/debian sid/main amd64 libboost-regex1.67.0 amd64 1.67.0-17+b1 [513 kB]
Get:125 http://127.0.0.1:12990/debian sid/main amd64 libicu-dev amd64 63.2-3 [9184 kB]
Get:126 http://127.0.0.1:12990/debian sid/main amd64 libboost-regex1.67-dev amd64 1.67.0-17+b1 [568 kB]
Get:127 http://127.0.0.1:12990/debian sid/main amd64 libboost-iostreams1.67.0 amd64 1.67.0-17+b1 [250 kB]
Get:128 http://127.0.0.1:12990/debian sid/main amd64 libboost-iostreams1.67-dev amd64 1.67.0-17+b1 [256 kB]
Get:129 http://127.0.0.1:12990/debian sid/main amd64 libboost-iostreams-dev amd64 1.67.0.2+b1 [4260 B]
Get:130 http://127.0.0.1:12990/debian sid/main amd64 libboost-program-options1.67.0 amd64 1.67.0-17+b1 [356 kB]
Get:131 http://127.0.0.1:12990/debian sid/main amd64 libboost-program-options1.67-dev amd64 1.67.0-17+b1 [381 kB]
Get:132 http://127.0.0.1:12990/debian sid/main amd64 libboost-program-options-dev amd64 1.67.0.2+b1 [4288 B]
Get:133 http://127.0.0.1:12990/debian sid/main amd64 libboost-regex-dev amd64 1.67.0.2+b1 [4544 B]
Get:134 http://127.0.0.1:12990/debian sid/main amd64 libcppunit-1.15-0 amd64 1.15.1-2 [145 kB]
Get:135 http://127.0.0.1:12990/debian sid/main amd64 libcppunit-dev amd64 1.15.1-2 [204 kB]
Get:136 http://127.0.0.1:12990/debian sid/main amd64 libosp5 amd64 1.5.2-13+b1 [948 kB]
Get:137 http://127.0.0.1:12990/debian sid/main amd64 libpam0g-dev amd64 1.3.1-5 [186 kB]
Get:138 http://127.0.0.1:12990/debian sid/main amd64 libsgmls-perl all 1.03ii-36 [26.5 kB]
Get:139 http://127.0.0.1:12990/debian sid/main amd64 libyaml-tiny-perl all 1.73-1 [32.3 kB]
Get:140 http://127.0.0.1:12990/debian sid/main amd64 opensp amd64 1.5.2-13+b1 [449 kB]
Get:141 http://127.0.0.1:12990/debian sid/main amd64 pkg-config amd64 0.29.2-1 [65.1 kB]
Get:142 http://127.0.0.1:12990/debian sid/main amd64 po4a all 0.57-2 [1563 kB]
Get:143 http://127.0.0.1:12990/debian sid/main amd64 uuid-dev amd64 2.34-0.1 [93.5 kB]
debconf: delaying package configuration, since apt-utils is not installed
Fetched 98.5 MB in 1s (139 MB/s)
Selecting previously unselected package bsdmainutils.
(Reading database ... 13685 files and directories currently installed.)
Preparing to unpack .../000-bsdmainutils_11.1.2+b1_amd64.deb ...
Unpacking bsdmainutils (11.1.2+b1) ...
Selecting previously unselected package libuchardet0:amd64.
Preparing to unpack .../001-libuchardet0_0.0.6-3_amd64.deb ...
Unpacking libuchardet0:amd64 (0.0.6-3) ...
Selecting previously unselected package groff-base.
Preparing to unpack .../002-groff-base_1.22.4-4_amd64.deb ...
Unpacking groff-base (1.22.4-4) ...
Selecting previously unselected package libpipeline1:amd64.
Preparing to unpack .../003-libpipeline1_1.5.2-2_amd64.deb ...
Unpacking libpipeline1:amd64 (1.5.2-2) ...
Selecting previously unselected package man-db.
Preparing to unpack .../004-man-db_2.9.1-1_amd64.deb ...
Unpacking man-db (2.9.1-1) ...
Selecting previously unselected package sgml-base.
Preparing to unpack .../005-sgml-base_1.30_all.deb ...
Unpacking sgml-base (1.30) ...
Selecting previously unselected package libncurses6:amd64.
Preparing to unpack .../006-libncurses6_6.2-1_amd64.deb ...
Unpacking libncurses6:amd64 (6.2-1) ...
Selecting previously unselected package libprocps8:amd64.
Preparing to unpack .../007-libprocps8_2%3a3.3.16-4_amd64.deb ...
Unpacking libprocps8:amd64 (2:3.3.16-4) ...
Selecting previously unselected package procps.
Preparing to unpack .../008-procps_2%3a3.3.16-4_amd64.deb ...
Unpacking procps (2:3.3.16-4) ...
Selecting previously unselected package sensible-utils.
Preparing to unpack .../009-sensible-utils_0.0.12+nmu1_all.deb ...
Unpacking sensible-utils (0.0.12+nmu1) ...
Selecting previously unselected package libmagic-mgc.
Preparing to unpack .../010-libmagic-mgc_1%3a5.38-4_amd64.deb ...
Unpacking libmagic-mgc (1:5.38-4) ...
Selecting previously unselected package libmagic1:amd64.
Preparing to unpack .../011-libmagic1_1%3a5.38-4_amd64.deb ...
Unpacking libmagic1:amd64 (1:5.38-4) ...
Selecting previously unselected package file.
Preparing to unpack .../012-file_1%3a5.38-4_amd64.deb ...
Unpacking file (1:5.38-4) ...
Selecting previously unselected package gettext-base.
Preparing to unpack .../013-gettext-base_0.19.8.1-10_amd64.deb ...
Unpacking gettext-base (0.19.8.1-10) ...
Selecting previously unselected package ucf.
Preparing to unpack .../014-ucf_3.0038+nmu1_all.deb ...
Moving old data out of the way
Unpacking ucf (3.0038+nmu1) ...
Selecting previously unselected package libsigsegv2:amd64.
Preparing to unpack .../015-libsigsegv2_2.12-2_amd64.deb ...
Unpacking libsigsegv2:amd64 (2.12-2) ...
Selecting previously unselected package m4.
Preparing to unpack .../016-m4_1.4.18-4_amd64.deb ...
Unpacking m4 (1.4.18-4) ...
Selecting previously unselected package autoconf.
Preparing to unpack .../017-autoconf_2.69-11.1_all.deb ...
Unpacking autoconf (2.69-11.1) ...
Selecting previously unselected package autotools-dev.
Preparing to unpack .../018-autotools-dev_20180224.1_all.deb ...
Unpacking autotools-dev (20180224.1) ...
Selecting previously unselected package automake.
Preparing to unpack .../019-automake_1%3a1.16.2-1_all.deb ...
Unpacking automake (1:1.16.2-1) ...
Selecting previously unselected package autopoint.
Preparing to unpack .../020-autopoint_0.19.8.1-10_all.deb ...
Unpacking autopoint (0.19.8.1-10) ...
Selecting previously unselected package cmake-data.
Preparing to unpack .../021-cmake-data_3.16.3-2_all.deb ...
Unpacking cmake-data (3.16.3-2) ...
Selecting previously unselected package libicu63:amd64.
Preparing to unpack .../022-libicu63_63.2-3_amd64.deb ...
Unpacking libicu63:amd64 (63.2-3) ...
Selecting previously unselected package libxml2:amd64.
Preparing to unpack .../023-libxml2_2.9.10+dfsg-5_amd64.deb ...
Unpacking libxml2:amd64 (2.9.10+dfsg-5) ...
Selecting previously unselected package libarchive13:amd64.
Preparing to unpack .../024-libarchive13_3.4.0-2_amd64.deb ...
Unpacking libarchive13:amd64 (3.4.0-2) ...
Selecting previously unselected package libbrotli1:amd64.
Preparing to unpack .../025-libbrotli1_1.0.7-6.1_amd64.deb ...
Unpacking libbrotli1:amd64 (1.0.7-6.1) ...
Selecting previously unselected package libkrb5support0:amd64.
Preparing to unpack .../026-libkrb5support0_1.17-7_amd64.deb ...
Unpacking libkrb5support0:amd64 (1.17-7) ...
Selecting previously unselected package libk5crypto3:amd64.
Preparing to unpack .../027-libk5crypto3_1.17-7_amd64.deb ...
Unpacking libk5crypto3:amd64 (1.17-7) ...
Selecting previously unselected package libkeyutils1:amd64.
Preparing to unpack .../028-libkeyutils1_1.6.1-2_amd64.deb ...
Unpacking libkeyutils1:amd64 (1.6.1-2) ...
Selecting previously unselected package libssl1.1:amd64.
Preparing to unpack .../029-libssl1.1_1.1.1g-1_amd64.deb ...
Unpacking libssl1.1:amd64 (1.1.1g-1) ...
Selecting previously unselected package libkrb5-3:amd64.
Preparing to unpack .../030-libkrb5-3_1.17-7_amd64.deb ...
Unpacking libkrb5-3:amd64 (1.17-7) ...
Selecting previously unselected package libgssapi-krb5-2:amd64.
Preparing to unpack .../031-libgssapi-krb5-2_1.17-7_amd64.deb ...
Unpacking libgssapi-krb5-2:amd64 (1.17-7) ...
Selecting previously unselected package libsasl2-modules-db:amd64.
Preparing to unpack .../032-libsasl2-modules-db_2.1.27+dfsg-2_amd64.deb ...
Unpacking libsasl2-modules-db:amd64 (2.1.27+dfsg-2) ...
Selecting previously unselected package libsasl2-2:amd64.
Preparing to unpack .../033-libsasl2-2_2.1.27+dfsg-2_amd64.deb ...
Unpacking libsasl2-2:amd64 (2.1.27+dfsg-2) ...
Selecting previously unselected package libldap-common.
Preparing to unpack .../034-libldap-common_2.4.50+dfsg-1_all.deb ...
Unpacking libldap-common (2.4.50+dfsg-1) ...
Selecting previously unselected package libldap-2.4-2:amd64.
Preparing to unpack .../035-libldap-2.4-2_2.4.50+dfsg-1_amd64.deb ...
Unpacking libldap-2.4-2:amd64 (2.4.50+dfsg-1) ...
Selecting previously unselected package libnghttp2-14:amd64.
Preparing to unpack .../036-libnghttp2-14_1.40.0-1_amd64.deb ...
Unpacking libnghttp2-14:amd64 (1.40.0-1) ...
Selecting previously unselected package libpsl5:amd64.
Preparing to unpack .../037-libpsl5_0.21.0-1_amd64.deb ...
Unpacking libpsl5:amd64 (0.21.0-1) ...
Selecting previously unselected package librtmp1:amd64.
Preparing to unpack .../038-librtmp1_2.4+20151223.gitfa8646d.1-2+b1_amd64.deb ...
Unpacking librtmp1:amd64 (2.4+20151223.gitfa8646d.1-2+b1) ...
Selecting previously unselected package libssh2-1:amd64.
Preparing to unpack .../039-libssh2-1_1.8.0-2.1_amd64.deb ...
Unpacking libssh2-1:amd64 (1.8.0-2.1) ...
Selecting previously unselected package libcurl4:amd64.
Preparing to unpack .../040-libcurl4_7.68.0-1_amd64.deb ...
Unpacking libcurl4:amd64 (7.68.0-1) ...
Selecting previously unselected package libexpat1:amd64.
Preparing to unpack .../041-libexpat1_2.2.9-1_amd64.deb ...
Unpacking libexpat1:amd64 (2.2.9-1) ...
Selecting previously unselected package libjsoncpp1:amd64.
Preparing to unpack .../042-libjsoncpp1_1.7.4-3.1_amd64.deb ...
Unpacking libjsoncpp1:amd64 (1.7.4-3.1) ...
Selecting previously unselected package librhash0:amd64.
Preparing to unpack .../043-librhash0_1.3.9-1_amd64.deb ...
Unpacking librhash0:amd64 (1.3.9-1) ...
Selecting previously unselected package libuv1:amd64.
Preparing to unpack .../044-libuv1_1.35.0-2_amd64.deb ...
Unpacking libuv1:amd64 (1.35.0-2) ...
Selecting previously unselected package cmake.
Preparing to unpack .../045-cmake_3.16.3-2_amd64.deb ...
Unpacking cmake (3.16.3-2) ...
Selecting previously unselected package libtool.
Preparing to unpack .../046-libtool_2.4.6-14_all.deb ...
Unpacking libtool (2.4.6-14) ...
Selecting previously unselected package dh-autoreconf.
Preparing to unpack .../047-dh-autoreconf_19_all.deb ...
Unpacking dh-autoreconf (19) ...
Selecting previously unselected package libdebhelper-perl.
Preparing to unpack .../048-libdebhelper-perl_13_all.deb ...
Unpacking libdebhelper-perl (13) ...
Selecting previously unselected package libarchive-zip-perl.
Preparing to unpack .../049-libarchive-zip-perl_1.68-1_all.deb ...
Unpacking libarchive-zip-perl (1.68-1) ...
Selecting previously unselected package libsub-override-perl.
Preparing to unpack .../050-libsub-override-perl_0.09-2_all.deb ...
Unpacking libsub-override-perl (0.09-2) ...
Selecting previously unselected package libfile-stripnondeterminism-perl.
Preparing to unpack .../051-libfile-stripnondeterminism-perl_1.8.0-1_all.deb ...
Unpacking libfile-stripnondeterminism-perl (1.8.0-1) ...
Selecting previously unselected package dh-strip-nondeterminism.
Preparing to unpack .../052-dh-strip-nondeterminism_1.8.0-1_all.deb ...
Unpacking dh-strip-nondeterminism (1.8.0-1) ...
Selecting previously unselected package libelf1:amd64.
Preparing to unpack .../053-libelf1_0.176-1.1_amd64.deb ...
Unpacking libelf1:amd64 (0.176-1.1) ...
Selecting previously unselected package dwz.
Preparing to unpack .../054-dwz_0.13-5_amd64.deb ...
Unpacking dwz (0.13-5) ...
Selecting previously unselected package libglib2.0-0:amd64.
Preparing to unpack .../055-libglib2.0-0_2.64.2-1_amd64.deb ...
Unpacking libglib2.0-0:amd64 (2.64.2-1) ...
Selecting previously unselected package libcroco3:amd64.
Preparing to unpack .../056-libcroco3_0.6.13-1_amd64.deb ...
Unpacking libcroco3:amd64 (0.6.13-1) ...
Selecting previously unselected package gettext.
Preparing to unpack .../057-gettext_0.19.8.1-10_amd64.deb ...
Unpacking gettext (0.19.8.1-10) ...
Selecting previously unselected package intltool-debian.
Preparing to unpack .../058-intltool-debian_0.35.0+20060710.5_all.deb ...
Unpacking intltool-debian (0.35.0+20060710.5) ...
Selecting previously unselected package po-debconf.
Preparing to unpack .../059-po-debconf_1.0.21_all.deb ...
Unpacking po-debconf (1.0.21) ...
Selecting previously unselected package debhelper.
Preparing to unpack .../060-debhelper_13_all.deb ...
Unpacking debhelper (13) ...
Selecting previously unselected package dh-systemd.
Preparing to unpack .../061-dh-systemd_13_all.deb ...
Unpacking dh-systemd (13) ...
Selecting previously unselected package libllvm9:amd64.
Preparing to unpack .../062-libllvm9_1%3a9.0.1-12_amd64.deb ...
Unpacking libllvm9:amd64 (1:9.0.1-12) ...
Selecting previously unselected package libclang1-9.
Preparing to unpack .../063-libclang1-9_1%3a9.0.1-12_amd64.deb ...
Unpacking libclang1-9 (1:9.0.1-12) ...
Selecting previously unselected package libxapian30:amd64.
Preparing to unpack .../064-libxapian30_1.4.15-1_amd64.deb ...
Unpacking libxapian30:amd64 (1.4.15-1) ...
Selecting previously unselected package doxygen.
Preparing to unpack .../065-doxygen_1.8.17-1_amd64.deb ...
Unpacking doxygen (1.8.17-1) ...
Selecting previously unselected package libpng16-16:amd64.
Preparing to unpack .../066-libpng16-16_1.6.37-2_amd64.deb ...
Unpacking libpng16-16:amd64 (1.6.37-2) ...
Selecting previously unselected package libfreetype6:amd64.
Preparing to unpack .../067-libfreetype6_2.10.1-2_amd64.deb ...
Unpacking libfreetype6:amd64 (2.10.1-2) ...
Selecting previously unselected package fonts-dejavu-core.
Preparing to unpack .../068-fonts-dejavu-core_2.37-1_all.deb ...
Unpacking fonts-dejavu-core (2.37-1) ...
Selecting previously unselected package fontconfig-config.
Preparing to unpack .../069-fontconfig-config_2.13.1-4_all.deb ...
Unpacking fontconfig-config (2.13.1-4) ...
Selecting previously unselected package libfontconfig1:amd64.
Preparing to unpack .../070-libfontconfig1_2.13.1-4_amd64.deb ...
Unpacking libfontconfig1:amd64 (2.13.1-4) ...
Selecting previously unselected package fontconfig.
Preparing to unpack .../071-fontconfig_2.13.1-4_amd64.deb ...
Unpacking fontconfig (2.13.1-4) ...
Selecting previously unselected package libann0.
Preparing to unpack .../072-libann0_1.1.2+doc-7_amd64.deb ...
Unpacking libann0 (1.1.2+doc-7) ...
Selecting previously unselected package libcdt5:amd64.
Preparing to unpack .../073-libcdt5_2.42.2-4_amd64.deb ...
Unpacking libcdt5:amd64 (2.42.2-4) ...
Selecting previously unselected package libcgraph6:amd64.
Preparing to unpack .../074-libcgraph6_2.42.2-4_amd64.deb ...
Unpacking libcgraph6:amd64 (2.42.2-4) ...
Selecting previously unselected package libjpeg62-turbo:amd64.
Preparing to unpack .../075-libjpeg62-turbo_1%3a1.5.2-2+b1_amd64.deb ...
Unpacking libjpeg62-turbo:amd64 (1:1.5.2-2+b1) ...
Selecting previously unselected package libjbig0:amd64.
Preparing to unpack .../076-libjbig0_2.1-3.1+b2_amd64.deb ...
Unpacking libjbig0:amd64 (2.1-3.1+b2) ...
Selecting previously unselected package libwebp6:amd64.
Preparing to unpack .../077-libwebp6_0.6.1-2+b1_amd64.deb ...
Unpacking libwebp6:amd64 (0.6.1-2+b1) ...
Selecting previously unselected package libtiff5:amd64.
Preparing to unpack .../078-libtiff5_4.1.0+git191117-2_amd64.deb ...
Unpacking libtiff5:amd64 (4.1.0+git191117-2) ...
Selecting previously unselected package libxau6:amd64.
Preparing to unpack .../079-libxau6_1%3a1.0.8-1+b2_amd64.deb ...
Unpacking libxau6:amd64 (1:1.0.8-1+b2) ...
Selecting previously unselected package libxdmcp6:amd64.
Preparing to unpack .../080-libxdmcp6_1%3a1.1.2-3_amd64.deb ...
Unpacking libxdmcp6:amd64 (1:1.1.2-3) ...
Selecting previously unselected package libxcb1:amd64.
Preparing to unpack .../081-libxcb1_1.14-2_amd64.deb ...
Unpacking libxcb1:amd64 (1.14-2) ...
Selecting previously unselected package libx11-data.
Preparing to unpack .../082-libx11-data_2%3a1.6.9-2_all.deb ...
Unpacking libx11-data (2:1.6.9-2) ...
Selecting previously unselected package libx11-6:amd64.
Preparing to unpack .../083-libx11-6_2%3a1.6.9-2_amd64.deb ...
Unpacking libx11-6:amd64 (2:1.6.9-2) ...
Selecting previously unselected package libxpm4:amd64.
Preparing to unpack .../084-libxpm4_1%3a3.5.12-1_amd64.deb ...
Unpacking libxpm4:amd64 (1:3.5.12-1) ...
Selecting previously unselected package libgd3:amd64.
Preparing to unpack .../085-libgd3_2.3.0-1_amd64.deb ...
Unpacking libgd3:amd64 (2.3.0-1) ...
Selecting previously unselected package libgts-0.7-5:amd64.
Preparing to unpack .../086-libgts-0.7-5_0.7.6+darcs121130-4+b1_amd64.deb ...
Unpacking libgts-0.7-5:amd64 (0.7.6+darcs121130-4+b1) ...
Selecting previously unselected package libpixman-1-0:amd64.
Preparing to unpack .../087-libpixman-1-0_0.36.0-1_amd64.deb ...
Unpacking libpixman-1-0:amd64 (0.36.0-1) ...
Selecting previously unselected package libxcb-render0:amd64.
Preparing to unpack .../088-libxcb-render0_1.14-2_amd64.deb ...
Unpacking libxcb-render0:amd64 (1.14-2) ...
Selecting previously unselected package libxcb-shm0:amd64.
Preparing to unpack .../089-libxcb-shm0_1.14-2_amd64.deb ...
Unpacking libxcb-shm0:amd64 (1.14-2) ...
Selecting previously unselected package libxext6:amd64.
Preparing to unpack .../090-libxext6_2%3a1.3.3-1+b2_amd64.deb ...
Unpacking libxext6:amd64 (2:1.3.3-1+b2) ...
Selecting previously unselected package libxrender1:amd64.
Preparing to unpack .../091-libxrender1_1%3a0.9.10-1_amd64.deb ...
Unpacking libxrender1:amd64 (1:0.9.10-1) ...
Selecting previously unselected package libcairo2:amd64.
Preparing to unpack .../092-libcairo2_1.16.0-4_amd64.deb ...
Unpacking libcairo2:amd64 (1.16.0-4) ...
Selecting previously unselected package libltdl7:amd64.
Preparing to unpack .../093-libltdl7_2.4.6-14_amd64.deb ...
Unpacking libltdl7:amd64 (2.4.6-14) ...
Selecting previously unselected package libfribidi0:amd64.
Preparing to unpack .../094-libfribidi0_1.0.8-2_amd64.deb ...
Unpacking libfribidi0:amd64 (1.0.8-2) ...
Selecting previously unselected package libgraphite2-3:amd64.
Preparing to unpack .../095-libgraphite2-3_1.3.14-1_amd64.deb ...
Unpacking libgraphite2-3:amd64 (1.3.14-1) ...
Selecting previously unselected package libharfbuzz0b:amd64.
Preparing to unpack .../096-libharfbuzz0b_2.6.4-1_amd64.deb ...
Unpacking libharfbuzz0b:amd64 (2.6.4-1) ...
Selecting previously unselected package libthai-data.
Preparing to unpack .../097-libthai-data_0.1.28-3_all.deb ...
Unpacking libthai-data (0.1.28-3) ...
Selecting previously unselected package libdatrie1:amd64.
Preparing to unpack .../098-libdatrie1_0.2.12-3_amd64.deb ...
Unpacking libdatrie1:amd64 (0.2.12-3) ...
Selecting previously unselected package libthai0:amd64.
Preparing to unpack .../099-libthai0_0.1.28-3_amd64.deb ...
Unpacking libthai0:amd64 (0.1.28-3) ...
Selecting previously unselected package libpango-1.0-0:amd64.
Preparing to unpack .../100-libpango-1.0-0_1.44.7-4_amd64.deb ...
Unpacking libpango-1.0-0:amd64 (1.44.7-4) ...
Selecting previously unselected package libpangoft2-1.0-0:amd64.
Preparing to unpack .../101-libpangoft2-1.0-0_1.44.7-4_amd64.deb ...
Unpacking libpangoft2-1.0-0:amd64 (1.44.7-4) ...
Selecting previously unselected package libpangocairo-1.0-0:amd64.
Preparing to unpack .../102-libpangocairo-1.0-0_1.44.7-4_amd64.deb ...
Unpacking libpangocairo-1.0-0:amd64 (1.44.7-4) ...
Selecting previously unselected package libpathplan4:amd64.
Preparing to unpack .../103-libpathplan4_2.42.2-4_amd64.deb ...
Unpacking libpathplan4:amd64 (2.42.2-4) ...
Selecting previously unselected package libgvc6.
Preparing to unpack .../104-libgvc6_2.42.2-4_amd64.deb ...
Unpacking libgvc6 (2.42.2-4) ...
Selecting previously unselected package libgvpr2:amd64.
Preparing to unpack .../105-libgvpr2_2.42.2-4_amd64.deb ...
Unpacking libgvpr2:amd64 (2.42.2-4) ...
Selecting previously unselected package liblab-gamut1:amd64.
Preparing to unpack .../106-liblab-gamut1_2.42.2-4_amd64.deb ...
Unpacking liblab-gamut1:amd64 (2.42.2-4) ...
Selecting previously unselected package x11-common.
Preparing to unpack .../107-x11-common_1%3a7.7+20_all.deb ...
Unpacking x11-common (1:7.7+20) ...
Selecting previously unselected package libice6:amd64.
Preparing to unpack .../108-libice6_2%3a1.0.9-2_amd64.deb ...
Unpacking libice6:amd64 (2:1.0.9-2) ...
Selecting previously unselected package libsm6:amd64.
Preparing to unpack .../109-libsm6_2%3a1.2.3-1_amd64.deb ...
Unpacking libsm6:amd64 (2:1.2.3-1) ...
Selecting previously unselected package libxt6:amd64.
Preparing to unpack .../110-libxt6_1%3a1.1.5-1+b3_amd64.deb ...
Unpacking libxt6:amd64 (1:1.1.5-1+b3) ...
Selecting previously unselected package libxmu6:amd64.
Preparing to unpack .../111-libxmu6_2%3a1.1.2-2+b3_amd64.deb ...
Unpacking libxmu6:amd64 (2:1.1.2-2+b3) ...
Selecting previously unselected package libxaw7:amd64.
Preparing to unpack .../112-libxaw7_2%3a1.0.13-1+b2_amd64.deb ...
Unpacking libxaw7:amd64 (2:1.0.13-1+b2) ...
Selecting previously unselected package graphviz.
Preparing to unpack .../113-graphviz_2.42.2-4_amd64.deb ...
Unpacking graphviz (2.42.2-4) ...
Selecting previously unselected package icu-devtools.
Preparing to unpack .../114-icu-devtools_63.2-3_amd64.deb ...
Unpacking icu-devtools (63.2-3) ...
Selecting previously unselected package libboost1.67-dev:amd64.
Preparing to unpack .../115-libboost1.67-dev_1.67.0-17+b1_amd64.deb ...
Unpacking libboost1.67-dev:amd64 (1.67.0-17+b1) ...
Selecting previously unselected package libboost-dev:amd64.
Preparing to unpack .../116-libboost-dev_1.67.0.2+b1_amd64.deb ...
Unpacking libboost-dev:amd64 (1.67.0.2+b1) ...
Selecting previously unselected package libboost-system1.67.0:amd64.
Preparing to unpack .../117-libboost-system1.67.0_1.67.0-17+b1_amd64.deb ...
Unpacking libboost-system1.67.0:amd64 (1.67.0-17+b1) ...
Selecting previously unselected package libboost-filesystem1.67.0:amd64.
Preparing to unpack .../118-libboost-filesystem1.67.0_1.67.0-17+b1_amd64.deb ...
Unpacking libboost-filesystem1.67.0:amd64 (1.67.0-17+b1) ...
Selecting previously unselected package libboost-system1.67-dev:amd64.
Preparing to unpack .../119-libboost-system1.67-dev_1.67.0-17+b1_amd64.deb ...
Unpacking libboost-system1.67-dev:amd64 (1.67.0-17+b1) ...
Selecting previously unselected package libboost-filesystem1.67-dev:amd64.
Preparing to unpack .../120-libboost-filesystem1.67-dev_1.67.0-17+b1_amd64.deb ...
Unpacking libboost-filesystem1.67-dev:amd64 (1.67.0-17+b1) ...
Selecting previously unselected package libboost-filesystem-dev:amd64.
Preparing to unpack .../121-libboost-filesystem-dev_1.67.0.2+b1_amd64.deb ...
Unpacking libboost-filesystem-dev:amd64 (1.67.0.2+b1) ...
Selecting previously unselected package libboost-regex1.67.0:amd64.
Preparing to unpack .../122-libboost-regex1.67.0_1.67.0-17+b1_amd64.deb ...
Unpacking libboost-regex1.67.0:amd64 (1.67.0-17+b1) ...
Selecting previously unselected package libicu-dev:amd64.
Preparing to unpack .../123-libicu-dev_63.2-3_amd64.deb ...
Unpacking libicu-dev:amd64 (63.2-3) ...
Selecting previously unselected package libboost-regex1.67-dev:amd64.
Preparing to unpack .../124-libboost-regex1.67-dev_1.67.0-17+b1_amd64.deb ...
Unpacking libboost-regex1.67-dev:amd64 (1.67.0-17+b1) ...
Selecting previously unselected package libboost-iostreams1.67.0:amd64.
Preparing to unpack .../125-libboost-iostreams1.67.0_1.67.0-17+b1_amd64.deb ...
Unpacking libboost-iostreams1.67.0:amd64 (1.67.0-17+b1) ...
Selecting previously unselected package libboost-iostreams1.67-dev:amd64.
Preparing to unpack .../126-libboost-iostreams1.67-dev_1.67.0-17+b1_amd64.deb ...
Unpacking libboost-iostreams1.67-dev:amd64 (1.67.0-17+b1) ...
Selecting previously unselected package libboost-iostreams-dev:amd64.
Preparing to unpack .../127-libboost-iostreams-dev_1.67.0.2+b1_amd64.deb ...
Unpacking libboost-iostreams-dev:amd64 (1.67.0.2+b1) ...
Selecting previously unselected package libboost-program-options1.67.0:amd64.
Preparing to unpack .../128-libboost-program-options1.67.0_1.67.0-17+b1_amd64.deb ...
Unpacking libboost-program-options1.67.0:amd64 (1.67.0-17+b1) ...
Selecting previously unselected package libboost-program-options1.67-dev:amd64.
Preparing to unpack .../129-libboost-program-options1.67-dev_1.67.0-17+b1_amd64.deb ...
Unpacking libboost-program-options1.67-dev:amd64 (1.67.0-17+b1) ...
Selecting previously unselected package libboost-program-options-dev:amd64.
Preparing to unpack .../130-libboost-program-options-dev_1.67.0.2+b1_amd64.deb ...
Unpacking libboost-program-options-dev:amd64 (1.67.0.2+b1) ...
Selecting previously unselected package libboost-regex-dev:amd64.
Preparing to unpack .../131-libboost-regex-dev_1.67.0.2+b1_amd64.deb ...
Unpacking libboost-regex-dev:amd64 (1.67.0.2+b1) ...
Selecting previously unselected package libcppunit-1.15-0:amd64.
Preparing to unpack .../132-libcppunit-1.15-0_1.15.1-2_amd64.deb ...
Unpacking libcppunit-1.15-0:amd64 (1.15.1-2) ...
Selecting previously unselected package libcppunit-dev.
Preparing to unpack .../133-libcppunit-dev_1.15.1-2_amd64.deb ...
Unpacking libcppunit-dev (1.15.1-2) ...
Selecting previously unselected package libosp5.
Preparing to unpack .../134-libosp5_1.5.2-13+b1_amd64.deb ...
Unpacking libosp5 (1.5.2-13+b1) ...
Selecting previously unselected package libpam0g-dev:amd64.
Preparing to unpack .../135-libpam0g-dev_1.3.1-5_amd64.deb ...
Unpacking libpam0g-dev:amd64 (1.3.1-5) ...
Selecting previously unselected package libsgmls-perl.
Preparing to unpack .../136-libsgmls-perl_1.03ii-36_all.deb ...
Unpacking libsgmls-perl (1.03ii-36) ...
Selecting previously unselected package libyaml-tiny-perl.
Preparing to unpack .../137-libyaml-tiny-perl_1.73-1_all.deb ...
Unpacking libyaml-tiny-perl (1.73-1) ...
Selecting previously unselected package opensp.
Preparing to unpack .../138-opensp_1.5.2-13+b1_amd64.deb ...
Unpacking opensp (1.5.2-13+b1) ...
Selecting previously unselected package pkg-config.
Preparing to unpack .../139-pkg-config_0.29.2-1_amd64.deb ...
Unpacking pkg-config (0.29.2-1) ...
Selecting previously unselected package po4a.
Preparing to unpack .../140-po4a_0.57-2_all.deb ...
Unpacking po4a (0.57-2) ...
Selecting previously unselected package uuid-dev:amd64.
Preparing to unpack .../141-uuid-dev_2.34-0.1_amd64.deb ...
Unpacking uuid-dev:amd64 (2.34-0.1) ...
Selecting previously unselected package sbuild-build-depends-main-dummy.
Preparing to unpack .../142-sbuild-build-depends-main-dummy_0.invalid.0_amd64.deb ...
Unpacking sbuild-build-depends-main-dummy (0.invalid.0) ...
Setting up libboost1.67-dev:amd64 (1.67.0-17+b1) ...
Setting up libexpat1:amd64 (2.2.9-1) ...
Setting up libboost-program-options1.67.0:amd64 (1.67.0-17+b1) ...
Setting up libpipeline1:amd64 (1.5.2-2) ...
Setting up libgraphite2-3:amd64 (1.3.14-1) ...
Setting up libpixman-1-0:amd64 (0.36.0-1) ...
Setting up libcppunit-1.15-0:amd64 (1.15.1-2) ...
Setting up libxapian30:amd64 (1.4.15-1) ...
Setting up libxau6:amd64 (1:1.0.8-1+b2) ...
Setting up libxdmcp6:amd64 (1:1.1.2-3) ...
Setting up libkeyutils1:amd64 (1.6.1-2) ...
Setting up libsgmls-perl (1.03ii-36) ...
Setting up libpsl5:amd64 (0.21.0-1) ...
Setting up libxcb1:amd64 (1.14-2) ...
Setting up libdatrie1:amd64 (0.2.12-3) ...
Setting up libpam0g-dev:amd64 (1.3.1-5) ...
Setting up libmagic-mgc (1:5.38-4) ...
Setting up libxcb-render0:amd64 (1.14-2) ...
Setting up libarchive-zip-perl (1.68-1) ...
Setting up libboost-program-options1.67-dev:amd64 (1.67.0-17+b1) ...
Setting up libglib2.0-0:amd64 (2.64.2-1) ...
No schema files found: doing nothing.
Setting up libssl1.1:amd64 (1.1.1g-1) ...
Setting up libdebhelper-perl (13) ...
Setting up libbrotli1:amd64 (1.0.7-6.1) ...
Setting up liblab-gamut1:amd64 (2.42.2-4) ...
Setting up x11-common (1:7.7+20) ...
update-rc.d: warning: start and stop actions are no longer supported; falling back to defaults
invoke-rc.d: could not determine current runlevel
All runlevel operations denied by policy
invoke-rc.d: policy-rc.d denied execution of start.
Setting up libnghttp2-14:amd64 (1.40.0-1) ...
Setting up libmagic1:amd64 (1:5.38-4) ...
Setting up gettext-base (0.19.8.1-10) ...
Setting up libxcb-shm0:amd64 (1.14-2) ...
Setting up file (1:5.38-4) ...
Setting up libldap-common (2.4.50+dfsg-1) ...
Setting up libyaml-tiny-perl (1.73-1) ...
Setting up libjbig0:amd64 (2.1-3.1+b2) ...
Setting up libicu63:amd64 (63.2-3) ...
Setting up libkrb5support0:amd64 (1.17-7) ...
Setting up libsasl2-modules-db:amd64 (2.1.27+dfsg-2) ...
Setting up libosp5 (1.5.2-13+b1) ...
Setting up libgts-0.7-5:amd64 (0.7.6+darcs121130-4+b1) ...
Setting up autotools-dev (20180224.1) ...
Setting up libuv1:amd64 (1.35.0-2) ...
Setting up libjpeg62-turbo:amd64 (1:1.5.2-2+b1) ...
Setting up libboost-program-options-dev:amd64 (1.67.0.2+b1) ...
Setting up libx11-data (2:1.6.9-2) ...
Setting up librtmp1:amd64 (2.4+20151223.gitfa8646d.1-2+b1) ...
Setting up uuid-dev:amd64 (2.34-0.1) ...
Setting up libpathplan4:amd64 (2.42.2-4) ...
Setting up libann0 (1.1.2+doc-7) ...
Setting up libncurses6:amd64 (6.2-1) ...
Setting up libsigsegv2:amd64 (2.12-2) ...
Setting up libfribidi0:amd64 (1.0.8-2) ...
Setting up bsdmainutils (11.1.2+b1) ...
update-alternatives: using /usr/bin/bsd-write to provide /usr/bin/write (write) in auto mode
update-alternatives: using /usr/bin/bsd-from to provide /usr/bin/from (from) in auto mode
Setting up libpng16-16:amd64 (1.6.37-2) ...
Setting up autopoint (0.19.8.1-10) ...
Setting up libwebp6:amd64 (0.6.1-2+b1) ...
Setting up icu-devtools (63.2-3) ...
Setting up pkg-config (0.29.2-1) ...
Setting up fonts-dejavu-core (2.37-1) ...
Setting up libboost-iostreams1.67.0:amd64 (1.67.0-17+b1) ...
Setting up libk5crypto3:amd64 (1.17-7) ...
Setting up libltdl7:amd64 (2.4.6-14) ...
Setting up libsasl2-2:amd64 (2.1.27+dfsg-2) ...
Setting up sensible-utils (0.0.12+nmu1) ...
Setting up librhash0:amd64 (1.3.9-1) ...
Setting up libuchardet0:amd64 (0.0.6-3) ...
Setting up libsub-override-perl (0.09-2) ...
Setting up libx11-6:amd64 (2:1.6.9-2) ...
Setting up libthai-data (0.1.28-3) ...
Setting up libssh2-1:amd64 (1.8.0-2.1) ...
Setting up sgml-base (1.30) ...
Setting up cmake-data (3.16.3-2) ...
Setting up libcdt5:amd64 (2.42.2-4) ...
Setting up libkrb5-3:amd64 (1.17-7) ...
Setting up libcgraph6:amd64 (2.42.2-4) ...
Setting up libboost-dev:amd64 (1.67.0.2+b1) ...
Setting up libtiff5:amd64 (4.1.0+git191117-2) ...
Setting up libboost-system1.67.0:amd64 (1.67.0-17+b1) ...
Setting up libcppunit-dev (1.15.1-2) ...
Setting up libelf1:amd64 (0.176-1.1) ...
Setting up libicu-dev:amd64 (63.2-3) ...
Setting up libxml2:amd64 (2.9.10+dfsg-5) ...
Setting up libllvm9:amd64 (1:9.0.1-12) ...
Setting up libprocps8:amd64 (2:3.3.16-4) ...
Setting up libjsoncpp1:amd64 (1.7.4-3.1) ...
Setting up libfile-stripnondeterminism-perl (1.8.0-1) ...
Setting up libice6:amd64 (2:1.0.9-2) ...
Setting up libboost-regex1.67.0:amd64 (1.67.0-17+b1) ...
Setting up libxpm4:amd64 (1:3.5.12-1) ...
Setting up libxrender1:amd64 (1:0.9.10-1) ...
Setting up libtool (2.4.6-14) ...
Setting up libarchive13:amd64 (3.4.0-2) ...
Setting up libboost-regex1.67-dev:amd64 (1.67.0-17+b1) ...
Setting up libclang1-9 (1:9.0.1-12) ...
Setting up libxext6:amd64 (2:1.3.3-1+b2) ...
Setting up libldap-2.4-2:amd64 (2.4.50+dfsg-1) ...
Setting up m4 (1.4.18-4) ...
Setting up opensp (1.5.2-13+b1) ...
Setting up libthai0:amd64 (0.1.28-3) ...
Setting up doxygen (1.8.17-1) ...
Setting up libfreetype6:amd64 (2.10.1-2) ...
Setting up libgssapi-krb5-2:amd64 (1.17-7) ...
Setting up libcroco3:amd64 (0.6.13-1) ...
Setting up ucf (3.0038+nmu1) ...
Setting up autoconf (2.69-11.1) ...
Setting up dh-strip-nondeterminism (1.8.0-1) ...
Setting up libgvpr2:amd64 (2.42.2-4) ...
Setting up dwz (0.13-5) ...
Setting up groff-base (1.22.4-4) ...
Setting up procps (2:3.3.16-4) ...
update-alternatives: using /usr/bin/w.procps to provide /usr/bin/w (w) in auto mode
Setting up libcurl4:amd64 (7.68.0-1) ...
Setting up libharfbuzz0b:amd64 (2.6.4-1) ...
Setting up libboost-filesystem1.67.0:amd64 (1.67.0-17+b1) ...
Setting up libboost-system1.67-dev:amd64 (1.67.0-17+b1) ...
Setting up libboost-regex-dev:amd64 (1.67.0.2+b1) ...
Setting up libsm6:amd64 (2:1.2.3-1) ...
Setting up libboost-iostreams1.67-dev:amd64 (1.67.0-17+b1) ...
Setting up automake (1:1.16.2-1) ...
update-alternatives: using /usr/bin/automake-1.16 to provide /usr/bin/automake (automake) in auto mode
Setting up gettext (0.19.8.1-10) ...
Setting up po4a (0.57-2) ...
Setting up libboost-filesystem1.67-dev:amd64 (1.67.0-17+b1) ...
Setting up fontconfig-config (2.13.1-4) ...
Setting up libboost-iostreams-dev:amd64 (1.67.0.2+b1) ...
Setting up man-db (2.9.1-1) ...
Not building database; man-db/auto-update is not 'true'.
Setting up intltool-debian (0.35.0+20060710.5) ...
Setting up libxt6:amd64 (1:1.1.5-1+b3) ...
Setting up cmake (3.16.3-2) ...
Setting up libfontconfig1:amd64 (2.13.1-4) ...
Setting up libboost-filesystem-dev:amd64 (1.67.0.2+b1) ...
Setting up fontconfig (2.13.1-4) ...
Regenerating fonts cache... done.
Setting up libxmu6:amd64 (2:1.1.2-2+b3) ...
Setting up po-debconf (1.0.21) ...
Setting up libpango-1.0-0:amd64 (1.44.7-4) ...
Setting up libxaw7:amd64 (2:1.0.13-1+b2) ...
Setting up libcairo2:amd64 (1.16.0-4) ...
Setting up libgd3:amd64 (2.3.0-1) ...
Setting up libpangoft2-1.0-0:amd64 (1.44.7-4) ...
Setting up libpangocairo-1.0-0:amd64 (1.44.7-4) ...
Setting up libgvc6 (2.42.2-4) ...
Setting up graphviz (2.42.2-4) ...
Setting up dh-autoreconf (19) ...
Setting up debhelper (13) ...
Setting up dh-systemd (13) ...
Setting up sbuild-build-depends-main-dummy (0.invalid.0) ...
Processing triggers for libc-bin (2.30-4) ...

+------------------------------------------------------------------------------+
| Check architectures                                                          |
+------------------------------------------------------------------------------+

Arch check ok (amd64 included in any all)

+------------------------------------------------------------------------------+
| Build environment                                                            |
+------------------------------------------------------------------------------+

Kernel: Linux 4.19.0-6-cloud-amd64 #1 SMP Debian 4.19.67-2+deb10u2 (2019-11-11) amd64 (x86_64)
Toolchain package versions: binutils_2.34-6 dpkg-dev_1.19.7 g++-9_9.3.0-11 gcc-9_9.3.0-11 libc6-dev_2.30-4 libstdc++-9-dev_9.3.0-11 libstdc++6_10-20200502-1 linux-libc-dev_5.6.7-1
Package versions: adduser_3.118 apt_2.0.2 autoconf_2.69-11.1 automake_1:1.16.2-1 autopoint_0.19.8.1-10 autotools-dev_20180224.1 base-files_11 base-passwd_3.5.47 bash_5.0-6 binutils_2.34-6 binutils-common_2.34-6 binutils-x86-64-linux-gnu_2.34-6 bsdmainutils_11.1.2+b1 bsdutils_1:2.34-0.1 build-essential_12.8 bzip2_1.0.8-2 clang-10_1:10.0.0-4 cmake_3.16.3-2 cmake-data_3.16.3-2 coreutils_8.30-3+b1 cpp_4:9.2.1-3.1 cpp-9_9.3.0-11 dash_0.5.10.2-7 debconf_1.5.74 debhelper_13 debian-archive-keyring_2019.1 debianutils_4.9.1 dh-autoreconf_19 dh-strip-nondeterminism_1.8.0-1 dh-systemd_13 diffutils_1:3.7-3 doxygen_1.8.17-1 dpkg_1.19.7 dpkg-dev_1.19.7 dwz_0.13-5 e2fsprogs_1.45.6-1 fakeroot_1.24-1 fdisk_2.34-0.1 file_1:5.38-4 findutils_4.7.0-1 fontconfig_2.13.1-4 fontconfig-config_2.13.1-4 fonts-dejavu-core_2.37-1 g++_4:9.2.1-3.1 g++-9_9.3.0-11 gcc_4:9.2.1-3.1 gcc-10-base_10-20200502-1 gcc-9_9.3.0-11 gcc-9-base_9.3.0-11 gettext_0.19.8.1-10 gettext-base_0.19.8.1-10 gpgv_2.2.20-1 graphviz_2.42.2-4 grep_3.4-1 groff-base_1.22.4-4 gzip_1.10-2 hostname_3.23 icu-devtools_63.2-3 init-system-helpers_1.57 intltool-debian_0.35.0+20060710.5 lib32gcc-s1_10-20200502-1 lib32gcc1_1:10-20200502-1 lib32stdc++6_10-20200502-1 libacl1_2.2.53-8 libann0_1.1.2+doc-7 libapt-pkg6.0_2.0.2 libarchive-zip-perl_1.68-1 libarchive13_3.4.0-2 libasan5_9.3.0-11 libatomic1_10-20200502-1 libattr1_1:2.4.48-5 libaudit-common_1:2.8.5-3 libaudit1_1:2.8.5-3+b1 libbinutils_2.34-6 libblkid1_2.34-0.1 libboost-dev_1.67.0.2+b1 libboost-filesystem-dev_1.67.0.2+b1 libboost-filesystem1.67-dev_1.67.0-17+b1 libboost-filesystem1.67.0_1.67.0-17+b1 libboost-iostreams-dev_1.67.0.2+b1 libboost-iostreams1.67-dev_1.67.0-17+b1 libboost-iostreams1.67.0_1.67.0-17+b1 libboost-program-options-dev_1.67.0.2+b1 libboost-program-options1.67-dev_1.67.0-17+b1 libboost-program-options1.67.0_1.67.0-17+b1 libboost-regex-dev_1.67.0.2+b1 libboost-regex1.67-dev_1.67.0-17+b1 libboost-regex1.67.0_1.67.0-17+b1 libboost-system1.67-dev_1.67.0-17+b1 libboost-system1.67.0_1.67.0-17+b1 libboost1.67-dev_1.67.0-17+b1 libbrotli1_1.0.7-6.1 libbsd0_0.10.0-1 libbz2-1.0_1.0.8-2 libc-bin_2.30-4 libc-dev-bin_2.30-4 libc6_2.30-4 libc6-dev_2.30-4 libc6-i386_2.30-4 libcairo2_1.16.0-4 libcap-ng0_0.7.9-2.1+b2 libcc1-0_10-20200502-1 libcdt5_2.42.2-4 libcgraph6_2.42.2-4 libclang-common-10-dev_1:10.0.0-4 libclang-cpp10_1:10.0.0-4 libclang1-10_1:10.0.0-4 libclang1-9_1:9.0.1-12 libcom-err2_1.45.6-1 libcppunit-1.15-0_1.15.1-2 libcppunit-dev_1.15.1-2 libcroco3_0.6.13-1 libcrypt-dev_1:4.4.16-1 libcrypt1_1:4.4.16-1 libctf-nobfd0_2.34-6 libctf0_2.34-6 libcurl4_7.68.0-1 libdatrie1_0.2.12-3 libdb5.3_5.3.28+dfsg1-0.6 libdebconfclient0_0.251 libdebhelper-perl_13 libdpkg-perl_1.19.7 libedit2_3.1-20191231-1 libelf1_0.176-1.1 libexpat1_2.2.9-1 libext2fs2_1.45.6-1 libfakeroot_1.24-1 libfdisk1_2.34-0.1 libffi7_3.3-4 libfile-stripnondeterminism-perl_1.8.0-1 libfontconfig1_2.13.1-4 libfreetype6_2.10.1-2 libfribidi0_1.0.8-2 libgc1c2_1:7.6.4-0.4 libgcc-9-dev_9.3.0-11 libgcc-s1_10-20200502-1 libgcrypt20_1.8.5-5 libgd3_2.3.0-1 libgdbm-compat4_1.18.1-5 libgdbm6_1.18.1-5 libglib2.0-0_2.64.2-1 libgmp10_2:6.2.0+dfsg-4 libgnutls30_3.6.13-2 libgomp1_10-20200502-1 libgpg-error0_1.37-1 libgraphite2-3_1.3.14-1 libgssapi-krb5-2_1.17-7 libgts-0.7-5_0.7.6+darcs121130-4+b1 libgvc6_2.42.2-4 libgvpr2_2.42.2-4 libharfbuzz0b_2.6.4-1 libhogweed5_3.5.1+really3.5.1-2 libice6_2:1.0.9-2 libicu-dev_63.2-3 libicu63_63.2-3 libidn2-0_2.3.0-1 libisl22_0.22.1-1 libitm1_10-20200502-1 libjbig0_2.1-3.1+b2 libjpeg62-turbo_1:1.5.2-2+b1 libjsoncpp1_1.7.4-3.1 libk5crypto3_1.17-7 libkeyutils1_1.6.1-2 libkrb5-3_1.17-7 libkrb5support0_1.17-7 liblab-gamut1_2.42.2-4 libldap-2.4-2_2.4.50+dfsg-1 libldap-common_2.4.50+dfsg-1 libllvm10_1:10.0.0-4 libllvm9_1:9.0.1-12 liblsan0_10-20200502-1 libltdl7_2.4.6-14 liblz4-1_1.9.2-2 liblzma5_5.2.4-1+b1 libmagic-mgc_1:5.38-4 libmagic1_1:5.38-4 libmount1_2.34-0.1 libmpc3_1.1.0-1 libmpfr6_4.0.2-1 libncurses6_6.2-1 libncursesw6_6.2-1 libnettle7_3.5.1+really3.5.1-2 libnghttp2-14_1.40.0-1 libobjc-9-dev_9.3.0-11 libobjc4_10-20200502-1 libomp-10-dev_1:10.0.0-4 libomp5-10_1:10.0.0-4 libosp5_1.5.2-13+b1 libp11-kit0_0.23.20-1 libpam-modules_1.3.1-5 libpam-modules-bin_1.3.1-5 libpam-runtime_1.3.1-5 libpam0g_1.3.1-5 libpam0g-dev_1.3.1-5 libpango-1.0-0_1.44.7-4 libpangocairo-1.0-0_1.44.7-4 libpangoft2-1.0-0_1.44.7-4 libpathplan4_2.42.2-4 libpcre2-8-0_10.34-7 libpcre3_2:8.39-12+b1 libperl5.30_5.30.0-10 libpipeline1_1.5.2-2 libpixman-1-0_0.36.0-1 libpng16-16_1.6.37-2 libprocps8_2:3.3.16-4 libpsl5_0.21.0-1 libquadmath0_10-20200502-1 librhash0_1.3.9-1 librtmp1_2.4+20151223.gitfa8646d.1-2+b1 libsasl2-2_2.1.27+dfsg-2 libsasl2-modules-db_2.1.27+dfsg-2 libseccomp2_2.4.3-1+b1 libselinux1_3.0-1+b3 libsemanage-common_3.0-1 libsemanage1_3.0-1+b3 libsepol1_3.0-1 libsgmls-perl_1.03ii-36 libsigsegv2_2.12-2 libsm6_2:1.2.3-1 libsmartcols1_2.34-0.1 libss2_1.45.6-1 libssh2-1_1.8.0-2.1 libssl1.1_1.1.1g-1 libstdc++-9-dev_9.3.0-11 libstdc++6_10-20200502-1 libsub-override-perl_0.09-2 libsystemd0_245.5-2 libtasn1-6_4.16.0-2 libthai-data_0.1.28-3 libthai0_0.1.28-3 libtiff5_4.1.0+git191117-2 libtinfo6_6.2-1 libtool_2.4.6-14 libtsan0_10-20200502-1 libubsan1_10-20200502-1 libuchardet0_0.0.6-3 libudev1_245.5-2 libunistring2_0.9.10-2 libuuid1_2.34-0.1 libuv1_1.35.0-2 libwebp6_0.6.1-2+b1 libx11-6_2:1.6.9-2 libx11-data_2:1.6.9-2 libxapian30_1.4.15-1 libxau6_1:1.0.8-1+b2 libxaw7_2:1.0.13-1+b2 libxcb-render0_1.14-2 libxcb-shm0_1.14-2 libxcb1_1.14-2 libxdmcp6_1:1.1.2-3 libxext6_2:1.3.3-1+b2 libxml2_2.9.10+dfsg-5 libxmu6_2:1.1.2-2+b3 libxpm4_1:3.5.12-1 libxrender1_1:0.9.10-1 libxt6_1:1.1.5-1+b3 libyaml-tiny-perl_1.73-1 libz3-4_4.8.7-4 libzstd1_1.4.4+dfsg-3 linux-libc-dev_5.6.7-1 login_1:4.8.1-1 logsave_1.45.6-1 lsb-base_11.1.0 m4_1.4.18-4 make_4.2.1-1.3 man-db_2.9.1-1 mawk_1.3.4.20200120-2 mount_2.34-0.1 ncurses-base_6.2-1 ncurses-bin_6.2-1 opensp_1.5.2-13+b1 passwd_1:4.8.1-1 patch_2.7.6-6 perl_5.30.0-10 perl-base_5.30.0-10 perl-modules-5.30_5.30.0-10 pkg-config_0.29.2-1 po-debconf_1.0.21 po4a_0.57-2 procps_2:3.3.16-4 qt5-qmake_5.12.5+dfsg-10 qt5-qmake-bin_5.12.5+dfsg-10 qtchooser_66-2 sbuild-build-depends-main-dummy_0.invalid.0 sed_4.7-1 sensible-utils_0.0.12+nmu1 sgml-base_1.30 sysvinit-utils_2.96-3 tar_1.30+dfsg-7 tzdata_2020a-1 ucf_3.0038+nmu1 util-linux_2.34-0.1 uuid-dev_2.34-0.1 x11-common_1:7.7+20 xz-utils_5.2.4-1+b1 zlib1g_1:1.2.11.dfsg-2

+------------------------------------------------------------------------------+
| Build                                                                        |
+------------------------------------------------------------------------------+


Unpack source
-------------

-----BEGIN PGP SIGNED MESSAGE-----
Hash: SHA512

Format: 3.0 (quilt)
Source: schroot
Binary: schroot-common, schroot
Architecture: any all
Version: 1.6.10-9
Maintainer: Debian QA Group <packages@qa.debian.org>
Homepage: https://gitlab.com/codelibre/schroot
Standards-Version: 4.5.0
Vcs-Browser: https://salsa.debian.org/debian/schroot
Vcs-Git: https://salsa.debian.org/debian/schroot.git
Build-Depends: cmake (>= 2.8.12), debhelper (>= 9), dh-systemd, pkg-config, libpam0g-dev, uuid-dev [!kfreebsd-any], libboost-dev, libboost-iostreams-dev, libboost-program-options-dev, libboost-regex-dev, libboost-filesystem-dev, gettext, libcppunit-dev, groff-base, po4a (>= 0.40)
Build-Depends-Indep: doxygen, graphviz
Package-List:
 schroot deb admin optional arch=any
 schroot-common deb admin optional arch=all
Checksums-Sha1:
 65bd37b17d7bce7ba30ae27ec23bae38f7450273 797328 schroot_1.6.10.orig.tar.xz
 de807cf3e81ad055ec6f0a48cf46aaad04ed9b44 82708 schroot_1.6.10-9.debian.tar.xz
Checksums-Sha256:
 3ce8dfd9cb97b099e4b6d4ccec421d6cc8c9ef84574681e928a12badb5643d0b 797328 schroot_1.6.10.orig.tar.xz
 db3b3b9540cfca54ce97c4a904f6dd74b58c18dbd3a028e15a5813da34cf0fd2 82708 schroot_1.6.10-9.debian.tar.xz
Files:
 f8ec667831487f4b12e094bc0dc9bbe3 797328 schroot_1.6.10.orig.tar.xz
 1bd4b4fac28148278ada9fa3fc649371 82708 schroot_1.6.10-9.debian.tar.xz

-----BEGIN PGP SIGNATURE-----

iQIzBAEBCgAdFiEEfncpR22H1vEdkazLwpPntGGCWs4FAl4nOPkACgkQwpPntGGC
Ws7KexAAq1/Zi6nDKq/vkDvKPrL0w0xETNRO5s8K7zWIHyDdy4DtA9BDbJN3QlnL
PVwMw4jJhzN6lOIjVdD7MwC7mhoMeMsbLt8Lwcz020DvpkrzfMxJPX8CtJ/deO3k
kZe2x3ZC0n0yR1I1gz4yiIRsL5VyogV8hy3+YR9f0g99R5tKGaat6LRrRrJKg8h2
wutqFm7BbFVOlZgUG4l4IcOxacIFx8LE7V/8+Fjlc/1QOH0M3UDiV1/PBjJm3sSL
wWhtRCuR+NVo49gR58OFYX1dxF9UbdpNX1fs5ph+0574+OPPNO8DflL5zjdy0h20
Yv8ybQzq2oi7KfcLP0NdqYR0ao94b8TpN5i3OU0gK8ygBowvMqNNrUmH9B40Jan3
KYbAWYB1meZJimN0QjKrzHqC6n+RoMaytDE/NxD4pJ2IBEImNi9EkWOLQTkA6mfu
I2VLUKDDHn8uUTeCQ8MgDCD82S7i1qSDnsi5rFpNcW1C2sE9outvwZi21Ek/C6Az
nGk19CxCthrfnvDkXxDmLF3n3ktJc0p/9FLqzj3nfwFDI6t3RJtIWvK+pPnPM7Rt
bJ3jDXUty/3FqqxClID33NRiUeVNEPbAXfqOScxMtOC80SOIK0cIanqpxdXuI4g2
Ijo8O9QVHlqWDeqPribiPbEFF2DTPawxBWK5MEI0xh559dhf1xg=
=lJG0
-----END PGP SIGNATURE-----

gpgv: unknown type of key resource 'trustedkeys.kbx'
gpgv: keyblock resource '/sbuild-nonexistent/.gnupg/trustedkeys.kbx': General error
gpgv: Signature made Tue Jan 21 17:46:33 2020 UTC
gpgv:                using RSA key 7E7729476D87D6F11D91ACCBC293E7B461825ACE
gpgv: Can't check signature: No public key
dpkg-source: warning: failed to verify signature on ./schroot_1.6.10-9.dsc
dpkg-source: info: extracting schroot in /<<PKGBUILDDIR>>
dpkg-source: info: unpacking schroot_1.6.10.orig.tar.xz
dpkg-source: info: unpacking schroot_1.6.10-9.debian.tar.xz
dpkg-source: info: using patch list from debian/patches/series
dpkg-source: info: applying Add-support-for-more-compression-formats.patch
dpkg-source: info: applying Add-SESSION_SOURCE-and-CHROOT_SESSION_SOURCE.patch
dpkg-source: info: applying 10mount-Move-mount-directory-to-var-run.patch
dpkg-source: info: applying Support-union-mounts-with-overlay-as-in-Linux-4.0.patch
dpkg-source: info: applying GCC5-fixes-on-regexes.patch
dpkg-source: info: applying schroot-mount-make-bind-mounts-private.patch
dpkg-source: info: applying schroot-mount-resolve-mount-destinations-while-chrooted.patch
dpkg-source: info: applying fix-test-suite-with-usrmerge.patch
dpkg-source: info: applying Unmount-everything-that-we-can-instead-of-giving-up.patch
dpkg-source: info: applying fix-killprocs.patch
dpkg-source: info: applying fix-bash-completion.patch
dpkg-source: info: applying fix_typos_in_schroot_manpage.patch
dpkg-source: info: applying update_czech_schroot_translation.patch
dpkg-source: info: applying update_french_schroot_manpage_translation_2018.patch
dpkg-source: info: applying update_german_schroot_manpage_translation_2018.patch
dpkg-source: info: applying zfs-snapshot-support.patch
dpkg-source: info: applying cross.patch

Check disk space
----------------

Sufficient free space for build

User Environment
----------------

APT_CONFIG=/var/lib/sbuild/apt.conf
HOME=/sbuild-nonexistent
LANG=C.UTF-8
LC_ALL=C.UTF-8
LOGNAME=user42
PATH=/usr/local/sbin:/usr/local/bin:/usr/sbin:/usr/bin:/sbin:/bin:/usr/games
SCHROOT_ALIAS_NAME=unstable
SCHROOT_CHROOT_NAME=sid-amd64-sbuild
SCHROOT_COMMAND=env
SCHROOT_GID=1001
SCHROOT_GROUP=user42
SCHROOT_SESSION_ID=sid-amd64-sbuild-dfa69cfb-53b9-4dba-9f60-3d7ac5d5be16
SCHROOT_UID=1001
SCHROOT_USER=user42
SHELL=/bin/sh
USER=user42

dpkg-buildpackage
-----------------

Command: dpkg-buildpackage -us -uc -b -rfakeroot
dpkg-buildpackage: info: source package schroot
dpkg-buildpackage: info: source version 1.6.10-9
dpkg-buildpackage: info: source distribution unstable
dpkg-buildpackage: info: source changed by Boyuan Yang <byang@debian.org>
 dpkg-source --before-build .
dpkg-buildpackage: info: host architecture amd64
 fakeroot debian/rules clean
dh clean --with systemd --buildsystem=cmake --builddirectory=debian/build --parallel
dh: warning: Compatibility levels before 10 are deprecated (level 9 in use)
   debian/rules override_dh_auto_clean
make[1]: Entering directory '/<<PKGBUILDDIR>>'
dh_auto_clean
dh_auto_clean: warning: Compatibility levels before 10 are deprecated (level 9 in use)
rm -f debian/schroot.install debian/schroot-common.install
rm -rf debian/build
rm -rf debian/install
make[1]: Leaving directory '/<<PKGBUILDDIR>>'
   dh_clean -O--buildsystem=cmake -O--builddirectory=debian/build -O--parallel
dh_clean: warning: Compatibility levels before 10 are deprecated (level 9 in use)
 debian/rules build
dh build --with systemd --buildsystem=cmake --builddirectory=debian/build --parallel
dh: warning: Compatibility levels before 10 are deprecated (level 9 in use)
   dh_update_autotools_config -O--buildsystem=cmake -O--builddirectory=debian/build -O--parallel
   debian/rules override_dh_auto_configure
make[1]: Entering directory '/<<PKGBUILDDIR>>'
GTEST_ROOT="/<<PKGBUILDDIR>>/debian/build/gtest" \
CFLAGS="-g -O2 -fdebug-prefix-map=/<<PKGBUILDDIR>>=. -fstack-protector-strong -Wformat -Werror=format-security -Wall -Wdate-time -D_FORTIFY_SOURCE=2" \
CXXFLAGS="-g -O2 -fdebug-prefix-map=/<<PKGBUILDDIR>>=. -fstack-protector-strong -Wformat -Werror=format-security -Wall -D_FILE_OFFSET_BITS=64 -D_LARGEFILE_SOURCE -Wdate-time -D_FORTIFY_SOURCE=2" \
dh_auto_configure --builddirectory=debian/build/ -- \
        -DCMAKE_INSTALL_LIBEXECDIR=lib \
        -DSCHROOT_LIBEXEC_DIR=/usr/lib/x86_64-linux-gnu/schroot \
        -Ddebug=OFF -Ddchroot=OFF -Ddchroot-dsa=OFF \
        -Dbash_completion_dir=/usr/share/bash-completion/completions \
        -Dlvm-snapshot=ON -Dbtrfs-snapshot=ON -Dzfs-snapshot=ON \
        -DBTRFS_EXECUTABLE=/sbin/btrfs \
        -DLVCREATE_EXECUTABLE=/sbin/lvcreate \
        -DLVREMOVE_EXECUTABLE=/sbin/lvremove \
        -DZFS_EXECUTABLE=/sbin/zfs \
        /<<PKGBUILDDIR>>
dh_auto_configure: warning: Compatibility levels before 10 are deprecated (level 9 in use)
	cd debian/build && cmake -DCMAKE_INSTALL_PREFIX=/usr -DCMAKE_BUILD_TYPE=None -DCMAKE_INSTALL_SYSCONFDIR=/etc -DCMAKE_INSTALL_LOCALSTATEDIR=/var -DCMAKE_EXPORT_NO_PACKAGE_REGISTRY=ON -DCMAKE_FIND_PACKAGE_NO_PACKAGE_REGISTRY=ON "-GUnix Makefiles" -DCMAKE_VERBOSE_MAKEFILE=ON -DCMAKE_AUTOGEN_VERBOSE=ON -DCMAKE_INSTALL_LIBDIR=lib/x86_64-linux-gnu -DCMAKE_INSTALL_LIBEXECDIR=lib -DSCHROOT_LIBEXEC_DIR=/usr/lib/x86_64-linux-gnu/schroot -Ddebug=OFF -Ddchroot=OFF -Ddchroot-dsa=OFF -Dbash_completion_dir=/usr/share/bash-completion/completions -Dlvm-snapshot=ON -Dbtrfs-snapshot=ON -Dzfs-snapshot=ON -DBTRFS_EXECUTABLE=/sbin/btrfs -DLVCREATE_EXECUTABLE=/sbin/lvcreate -DLVREMOVE_EXECUTABLE=/sbin/lvremove -DZFS_EXECUTABLE=/sbin/zfs /<<PKGBUILDDIR>> ../..
-- The C compiler identification is Clang 10.0.0
-- The CXX compiler identification is Clang 10.0.0
-- Check for working C compiler: /usr/bin/cc
-- Check for working C compiler: /usr/bin/cc -- works
-- Detecting C compiler ABI info
-- Detecting C compiler ABI info - done
-- Detecting C compile features
-- Detecting C compile features - done
-- Check for working CXX compiler: /usr/bin/c++
-- Check for working CXX compiler: /usr/bin/c++ -- works
-- Detecting CXX compiler ABI info
-- Detecting CXX compiler ABI info - done
-- Detecting CXX compile features
-- Detecting CXX compile features - done
-- Reading release metadata from cmake/GitVersion.cmake
-- Configuring schroot 1.6.10 (05 May 2014)
-- Performing Test CXX_FLAG_CXX11
-- Performing Test CXX_FLAG_CXX11 - Success
-- Performing Test CXX_FLAG-pedantic
-- Performing Test CXX_FLAG-pedantic - Success
-- Performing Test CXX_FLAG-Wall
-- Performing Test CXX_FLAG-Wall - Success
-- Performing Test CXX_FLAG-Wcast-align
-- Performing Test CXX_FLAG-Wcast-align - Success
-- Performing Test CXX_FLAG-Wwrite-strings
-- Performing Test CXX_FLAG-Wwrite-strings - Success
-- Performing Test CXX_FLAG-Wswitch-default
-- Performing Test CXX_FLAG-Wswitch-default - Success
-- Performing Test CXX_FLAG-Wcast-qual
-- Performing Test CXX_FLAG-Wcast-qual - Success
-- Performing Test CXX_FLAG-Wunused-variable
-- Performing Test CXX_FLAG-Wunused-variable - Success
-- Performing Test CXX_FLAG-Wredundant-decls
-- Performing Test CXX_FLAG-Wredundant-decls - Success
-- Performing Test CXX_FLAG-Wctor-dtor-privacy
-- Performing Test CXX_FLAG-Wctor-dtor-privacy - Success
-- Performing Test CXX_FLAG-Wnon-virtual-dtor
-- Performing Test CXX_FLAG-Wnon-virtual-dtor - Success
-- Performing Test CXX_FLAG-Wreorder
-- Performing Test CXX_FLAG-Wreorder - Success
-- Performing Test CXX_FLAG-Wold-style-cast
-- Performing Test CXX_FLAG-Wold-style-cast - Success
-- Performing Test CXX_FLAG-Woverloaded-virtual
-- Performing Test CXX_FLAG-Woverloaded-virtual - Success
-- Performing Test CXX_FLAG-fstrict-aliasing
-- Performing Test CXX_FLAG-fstrict-aliasing - Success
-- Looking for C++ include tuple
-- Looking for C++ include tuple - found
-- Looking for C++ include tr1/tuple
-- Looking for C++ include tr1/tuple - found
-- Performing Test HAVE_MEMORY_SHARED_PTR
-- Performing Test HAVE_MEMORY_SHARED_PTR - Success
-- Looking for C++ include tr1/memory
-- Looking for C++ include tr1/memory - found
-- Looking for pthread.h
-- Looking for pthread.h - found
-- Performing Test CMAKE_HAVE_LIBC_PTHREAD
-- Performing Test CMAKE_HAVE_LIBC_PTHREAD - Failed
-- Looking for pthread_create in pthreads
-- Looking for pthread_create in pthreads - not found
-- Looking for pthread_create in pthread
-- Looking for pthread_create in pthread - found
-- Found Threads: TRUE  
-- Found Boost: /usr/include (found version "1.67.0")  
-- Found Boost: /usr/include (found version "1.67.0") found components: filesystem system iostreams program_options regex 
-- Looking for C++ include boost/format.hpp
-- Looking for C++ include boost/format.hpp - found
-- Looking for C++ include boost/iostreams/device/file_descriptor.hpp
-- Looking for C++ include boost/iostreams/device/file_descriptor.hpp - found
-- Looking for C++ include boost/program_options.hpp
-- Looking for C++ include boost/program_options.hpp - found
-- Looking for C++ include boost/type_traits.hpp
-- Looking for C++ include boost/type_traits.hpp - found
-- Performing Test BOOST_PROGRAM_OPTIONS_LINK
-- Performing Test BOOST_PROGRAM_OPTIONS_LINK - Success
-- Performing Test BOOST_PROGRAM_OPTIONS_DESCRIPTION_CURRENT_LINK
-- Performing Test BOOST_PROGRAM_OPTIONS_DESCRIPTION_CURRENT_LINK - Success
-- Performing Test BOOST_IOSTREAMS_LINK
-- Performing Test BOOST_IOSTREAMS_LINK - Success
-- Performing Test BOOST_IOSTREAMS_CLOSE_HANDLE_CURRENT_LINK
-- Performing Test BOOST_IOSTREAMS_CLOSE_HANDLE_CURRENT_LINK - Success
-- Performing Test BOOST_FILESYSTEM_LINK
-- Performing Test BOOST_FILESYSTEM_LINK - Success
-- Performing Test HAVE_REGEX_REGEX
-- Performing Test HAVE_REGEX_REGEX - Success
-- Performing Test CPPUNIT_CLASS
-- Performing Test CPPUNIT_CLASS - Success
-- Found Gettext: /usr/bin/msgmerge (found version "0.19.8.1") 
-- Looking for C++ include uuid/uuid.h
-- Looking for C++ include uuid/uuid.h - found
-- Looking for uuid_generate in uuid
-- Looking for uuid_generate in uuid - found
-- Looking for C++ include security/pam_appl.h
-- Looking for C++ include security/pam_appl.h - found
-- Looking for pam_authenticate in pam
-- Looking for pam_authenticate in pam - found
-- Found Doxygen: /usr/bin/doxygen (found version "1.8.17") found components: doxygen dot 
-- Looking for C++ include sys/personality.h
-- Looking for C++ include sys/personality.h - found
-- Looking for personality
-- Looking for personality - found
-- Generated schroot profile buildd/copyfiles
-- Generated schroot profile buildd/fstab
-- Generated schroot profile buildd/nssdatabases
-- Generated schroot profile default/copyfiles
-- Generated schroot profile default/fstab
-- Generated schroot profile default/nssdatabases
-- Generated schroot profile desktop/copyfiles
-- Generated schroot profile desktop/fstab
-- Generated schroot profile desktop/nssdatabases
-- Generated schroot profile minimal/copyfiles
-- Generated schroot profile minimal/fstab
-- Generated schroot profile minimal/nssdatabases
-- Generated schroot profile sbuild/copyfiles
-- Generated schroot profile sbuild/fstab
-- Generated schroot profile sbuild/nssdatabases
po4a::man: This page includes another file with '.so'. Do not forget to translate this file ('config.man').
po4a::man: This page includes another file with '.so'. Do not forget to translate this file ('authors.man').
po4a::man: This page includes another file with '.so'. Do not forget to translate this file ('copyright.man').
po4a::man: This page includes another file with '.so'. Do not forget to translate this file ('config.man').
po4a::man: This page includes another file with '.so'. Do not forget to translate this file ('authors.man').
po4a::man: This page includes another file with '.so'. Do not forget to translate this file ('copyright.man').
po4a::man: This page includes another file with '.so'. Do not forget to translate this file ('config.man').
po4a::man: This page includes another file with '.so'. Do not forget to translate this file ('authors.man').
po4a::man: This page includes another file with '.so'. Do not forget to translate this file ('copyright.man').
po4a::man: This page includes another file with '.so'. Do not forget to translate this file ('config.man').
po4a::man: This page includes another file with '.so'. Do not forget to translate this file ('authors.man').
po4a::man: This page includes another file with '.so'. Do not forget to translate this file ('copyright.man').
po4a::man: This page includes another file with '.so'. Do not forget to translate this file ('config.man').
po4a::man: This page includes another file with '.so'. Do not forget to translate this file ('authors.man').
po4a::man: This page includes another file with '.so'. Do not forget to translate this file ('copyright.man').
po4a::man: This page includes another file with '.so'. Do not forget to translate this file ('config.man').
po4a::man: This page includes another file with '.so'. Do not forget to translate this file ('authors.man').
po4a::man: This page includes another file with '.so'. Do not forget to translate this file ('copyright.man').
po4a::man: This page includes another file with '.so'. Do not forget to translate this file ('config.man').
po4a::man: This page includes another file with '.so'. Do not forget to translate this file ('authors.man').
po4a::man: This page includes another file with '.so'. Do not forget to translate this file ('copyright.man').
 (661 entries)
po4a::man: This page includes another file with '.so'. Do not forget to translate this file ('config.man').
po4a::man: This page includes another file with '.so'. Do not forget to translate this file ('authors.man').
po4a::man: This page includes another file with '.so'. Do not forget to translate this file ('copyright.man').
po4a::man: This page includes another file with '.so'. Do not forget to translate this file ('config.man').
po4a::man: This page includes another file with '.so'. Do not forget to translate this file ('authors.man').
po4a::man: This page includes another file with '.so'. Do not forget to translate this file ('copyright.man').
po4a::man: This page includes another file with '.so'. Do not forget to translate this file ('config.man').
po4a::man: This page includes another file with '.so'. Do not forget to translate this file ('authors.man').
po4a::man: This page includes another file with '.so'. Do not forget to translate this file ('copyright.man').
po4a::man: This page includes another file with '.so'. Do not forget to translate this file ('config.man').
po4a::man: This page includes another file with '.so'. Do not forget to translate this file ('authors.man').
po4a::man: This page includes another file with '.so'. Do not forget to translate this file ('copyright.man').
po4a::man: This page includes another file with '.so'. Do not forget to translate this file ('config.man').
po4a::man: This page includes another file with '.so'. Do not forget to translate this file ('authors.man').
po4a::man: This page includes another file with '.so'. Do not forget to translate this file ('copyright.man').
po4a::man: This page includes another file with '.so'. Do not forget to translate this file ('config.man').
po4a::man: This page includes another file with '.so'. Do not forget to translate this file ('authors.man').
po4a::man: This page includes another file with '.so'. Do not forget to translate this file ('copyright.man').
po4a::man: This page includes another file with '.so'. Do not forget to translate this file ('config.man').
po4a::man: This page includes another file with '.so'. Do not forget to translate this file ('authors.man').
po4a::man: This page includes another file with '.so'. Do not forget to translate this file ('copyright.man').
po4a::man: This page includes another file with '.so'. Do not forget to translate this file ('config.man').
po4a::man: This page includes another file with '.so'. Do not forget to translate this file ('authors.man').
po4a::man: This page includes another file with '.so'. Do not forget to translate this file ('copyright.man').
po4a::man: This page includes another file with '.so'. Do not forget to translate this file ('config.man').
po4a::man: This page includes another file with '.so'. Do not forget to translate this file ('authors.man').
po4a::man: This page includes another file with '.so'. Do not forget to translate this file ('copyright.man').
po4a::man: This page includes another file with '.so'. Do not forget to translate this file ('config.man').
po4a::man: This page includes another file with '.so'. Do not forget to translate this file ('authors.man').
po4a::man: This page includes another file with '.so'. Do not forget to translate this file ('copyright.man').
po4a::man: This page includes another file with '.so'. Do not forget to translate this file ('config.man').
po4a::man: This page includes another file with '.so'. Do not forget to translate this file ('authors.man').
po4a::man: This page includes another file with '.so'. Do not forget to translate this file ('copyright.man').
po4a::man: This page includes another file with '.so'. Do not forget to translate this file ('config.man').
po4a::man: This page includes another file with '.so'. Do not forget to translate this file ('authors.man').
po4a::man: This page includes another file with '.so'. Do not forget to translate this file ('copyright.man').
po4a::man: This page includes another file with '.so'. Do not forget to translate this file ('config.man').
po4a::man: This page includes another file with '.so'. Do not forget to translate this file ('authors.man').
po4a::man: This page includes another file with '.so'. Do not forget to translate this file ('copyright.man').
po4a::man: This page includes another file with '.so'. Do not forget to translate this file ('config.man').
po4a::man: This page includes another file with '.so'. Do not forget to translate this file ('authors.man').
po4a::man: This page includes another file with '.so'. Do not forget to translate this file ('copyright.man').
-- Configuring done
-- Generating done
CMake Warning:
  Manually-specified variables were not used by the project:

    CMAKE_AUTOGEN_VERBOSE
    CMAKE_EXPORT_NO_PACKAGE_REGISTRY


-- Build files have been written to: /<<PKGBUILDDIR>>/debian/build
dh_testdir
make[1]: Leaving directory '/<<PKGBUILDDIR>>'
   debian/rules override_dh_auto_build
make[1]: Entering directory '/<<PKGBUILDDIR>>'
/usr/bin/make -C debian/build all VERBOSE=1
make[2]: Entering directory '/<<PKGBUILDDIR>>/debian/build'
/usr/bin/cmake -S/<<PKGBUILDDIR>> -B/<<PKGBUILDDIR>>/debian/build --check-build-system CMakeFiles/Makefile.cmake 0
/usr/bin/cmake -E cmake_progress_start /<<PKGBUILDDIR>>/debian/build/CMakeFiles /<<PKGBUILDDIR>>/debian/build/CMakeFiles/progress.marks
/usr/bin/make -f CMakeFiles/Makefile2 all
make[3]: Entering directory '/<<PKGBUILDDIR>>/debian/build'
/usr/bin/make -f sbuild/CMakeFiles/sbuild.dir/build.make sbuild/CMakeFiles/sbuild.dir/depend
/usr/bin/make -f po/CMakeFiles/update-gmo.dir/build.make po/CMakeFiles/update-gmo.dir/depend
/usr/bin/make -f man/CMakeFiles/manpages.dir/build.make man/CMakeFiles/manpages.dir/depend
/usr/bin/make -f man/CMakeFiles/manpage-sources.dir/build.make man/CMakeFiles/manpage-sources.dir/depend
make[4]: Entering directory '/<<PKGBUILDDIR>>/debian/build'
cd /<<PKGBUILDDIR>>/debian/build && /usr/bin/cmake -E cmake_depends "Unix Makefiles" /<<PKGBUILDDIR>> /<<PKGBUILDDIR>>/po /<<PKGBUILDDIR>>/debian/build /<<PKGBUILDDIR>>/debian/build/po /<<PKGBUILDDIR>>/debian/build/po/CMakeFiles/update-gmo.dir/DependInfo.cmake --color=
make[4]: Entering directory '/<<PKGBUILDDIR>>/debian/build'
cd /<<PKGBUILDDIR>>/debian/build && /usr/bin/cmake -E cmake_depends "Unix Makefiles" /<<PKGBUILDDIR>> /<<PKGBUILDDIR>>/man /<<PKGBUILDDIR>>/debian/build /<<PKGBUILDDIR>>/debian/build/man /<<PKGBUILDDIR>>/debian/build/man/CMakeFiles/manpages.dir/DependInfo.cmake --color=
make[4]: Entering directory '/<<PKGBUILDDIR>>/debian/build'
cd /<<PKGBUILDDIR>>/debian/build && /usr/bin/cmake -E cmake_depends "Unix Makefiles" /<<PKGBUILDDIR>> /<<PKGBUILDDIR>>/man /<<PKGBUILDDIR>>/debian/build /<<PKGBUILDDIR>>/debian/build/man /<<PKGBUILDDIR>>/debian/build/man/CMakeFiles/manpage-sources.dir/DependInfo.cmake --color=
make[4]: Entering directory '/<<PKGBUILDDIR>>/debian/build'
cd /<<PKGBUILDDIR>>/debian/build && /usr/bin/cmake -E cmake_depends "Unix Makefiles" /<<PKGBUILDDIR>> /<<PKGBUILDDIR>>/sbuild /<<PKGBUILDDIR>>/debian/build /<<PKGBUILDDIR>>/debian/build/sbuild /<<PKGBUILDDIR>>/debian/build/sbuild/CMakeFiles/sbuild.dir/DependInfo.cmake --color=
Dependee "/<<PKGBUILDDIR>>/debian/build/po/CMakeFiles/update-gmo.dir/DependInfo.cmake" is newer than depender "/<<PKGBUILDDIR>>/debian/build/po/CMakeFiles/update-gmo.dir/depend.internal".
Dependee "/<<PKGBUILDDIR>>/debian/build/po/CMakeFiles/CMakeDirectoryInformation.cmake" is newer than depender "/<<PKGBUILDDIR>>/debian/build/po/CMakeFiles/update-gmo.dir/depend.internal".
Dependee "/<<PKGBUILDDIR>>/debian/build/man/CMakeFiles/manpages.dir/DependInfo.cmake" is newer than depender "/<<PKGBUILDDIR>>/debian/build/man/CMakeFiles/manpages.dir/depend.internal".
Dependee "/<<PKGBUILDDIR>>/debian/build/man/CMakeFiles/CMakeDirectoryInformation.cmake" is newer than depender "/<<PKGBUILDDIR>>/debian/build/man/CMakeFiles/manpages.dir/depend.internal".
Scanning dependencies of target update-gmo
Dependee "/<<PKGBUILDDIR>>/debian/build/man/CMakeFiles/manpage-sources.dir/DependInfo.cmake" is newer than depender "/<<PKGBUILDDIR>>/debian/build/man/CMakeFiles/manpage-sources.dir/depend.internal".
Dependee "/<<PKGBUILDDIR>>/debian/build/man/CMakeFiles/CMakeDirectoryInformation.cmake" is newer than depender "/<<PKGBUILDDIR>>/debian/build/man/CMakeFiles/manpage-sources.dir/depend.internal".
Dependee "/<<PKGBUILDDIR>>/debian/build/sbuild/CMakeFiles/sbuild.dir/DependInfo.cmake" is newer than depender "/<<PKGBUILDDIR>>/debian/build/sbuild/CMakeFiles/sbuild.dir/depend.internal".
Dependee "/<<PKGBUILDDIR>>/debian/build/sbuild/CMakeFiles/CMakeDirectoryInformation.cmake" is newer than depender "/<<PKGBUILDDIR>>/debian/build/sbuild/CMakeFiles/sbuild.dir/depend.internal".
Scanning dependencies of target manpages
Scanning dependencies of target manpage-sources
make[4]: Leaving directory '/<<PKGBUILDDIR>>/debian/build'
make[4]: Leaving directory '/<<PKGBUILDDIR>>/debian/build'
/usr/bin/make -f po/CMakeFiles/update-gmo.dir/build.make po/CMakeFiles/update-gmo.dir/build
/usr/bin/make -f man/CMakeFiles/manpages.dir/build.make man/CMakeFiles/manpages.dir/build
make[4]: Leaving directory '/<<PKGBUILDDIR>>/debian/build'
/usr/bin/make -f man/CMakeFiles/manpage-sources.dir/build.make man/CMakeFiles/manpage-sources.dir/build
make[4]: Entering directory '/<<PKGBUILDDIR>>/debian/build'
make[4]: Entering directory '/<<PKGBUILDDIR>>/debian/build'
make[4]: Entering directory '/<<PKGBUILDDIR>>/debian/build'
make[4]: Nothing to be done for 'man/CMakeFiles/manpage-sources.dir/build'.
make[4]: Leaving directory '/<<PKGBUILDDIR>>/debian/build'
[  1%] Generating schroot.1
[  1%] Generating cs.gmo
[  2%] Built target manpage-sources
cd /<<PKGBUILDDIR>>/debian/build/po && /usr/bin/cmake -E remove /<<PKGBUILDDIR>>/debian/build/po/cs.gmo
cd /<<PKGBUILDDIR>>/debian/build/man && /usr/bin/soelim -I/<<PKGBUILDDIR>>/debian/build/man -I/<<PKGBUILDDIR>>/man < /<<PKGBUILDDIR>>/man/schroot.1.man > /<<PKGBUILDDIR>>/debian/build/man/schroot.1
cd /<<PKGBUILDDIR>>/debian/build/po && msgfmt -c --statistics -o /<<PKGBUILDDIR>>/debian/build/po/cs.gmo /<<PKGBUILDDIR>>/po/cs.po
[  3%] Generating schroot-setup.5
cd /<<PKGBUILDDIR>>/debian/build/man && /usr/bin/soelim -I/<<PKGBUILDDIR>>/debian/build/man -I/<<PKGBUILDDIR>>/man < /<<PKGBUILDDIR>>/man/schroot-setup.5.man > /<<PKGBUILDDIR>>/debian/build/man/schroot-setup.5
[  4%] Generating schroot.conf.5
cd /<<PKGBUILDDIR>>/debian/build/man && /usr/bin/soelim -I/<<PKGBUILDDIR>>/debian/build/man -I/<<PKGBUILDDIR>>/man < /<<PKGBUILDDIR>>/man/schroot.conf.5.man > /<<PKGBUILDDIR>>/debian/build/man/schroot.conf.5
365 translated messages.
cd /<<PKGBUILDDIR>>/debian/build/po && touch /<<PKGBUILDDIR>>/debian/build/po/cs.gmo
[  4%] Generating schroot-script-config.5
cd /<<PKGBUILDDIR>>/debian/build/man && /usr/bin/soelim -I/<<PKGBUILDDIR>>/debian/build/man -I/<<PKGBUILDDIR>>/man < /<<PKGBUILDDIR>>/man/schroot-script-config.5.man > /<<PKGBUILDDIR>>/debian/build/man/schroot-script-config.5
Scanning dependencies of target sbuild
make[4]: Leaving directory '/<<PKGBUILDDIR>>/debian/build'
/usr/bin/make -f sbuild/CMakeFiles/sbuild.dir/build.make sbuild/CMakeFiles/sbuild.dir/build
[  4%] Generating da.gmo
[  5%] Generating schroot-faq.7
cd /<<PKGBUILDDIR>>/debian/build/po && /usr/bin/cmake -E remove /<<PKGBUILDDIR>>/debian/build/po/da.gmo
cd /<<PKGBUILDDIR>>/debian/build/man && /usr/bin/soelim -I/<<PKGBUILDDIR>>/debian/build/man -I/<<PKGBUILDDIR>>/man < /<<PKGBUILDDIR>>/man/schroot-faq.7.man > /<<PKGBUILDDIR>>/debian/build/man/schroot-faq.7
make[4]: Entering directory '/<<PKGBUILDDIR>>/debian/build'
[  6%] Generating de.gmo
cd /<<PKGBUILDDIR>>/debian/build/po && /usr/bin/cmake -E remove /<<PKGBUILDDIR>>/debian/build/po/de.gmo
[  7%] Generating translated/de/schroot-faq.7
cd /<<PKGBUILDDIR>>/debian/build/po && msgfmt -c --statistics -o /<<PKGBUILDDIR>>/debian/build/po/da.gmo /<<PKGBUILDDIR>>/po/da.po
cd /<<PKGBUILDDIR>>/debian/build/man && /usr/bin/soelim -I/<<PKGBUILDDIR>>/debian/build/man/translated/de -I/<<PKGBUILDDIR>>/debian/build/man -I/<<PKGBUILDDIR>>/man < /<<PKGBUILDDIR>>/debian/build/man/translated/de/schroot-faq.7.man > /<<PKGBUILDDIR>>/debian/build/man/translated/de/schroot-faq.7
[  7%] Building CXX object sbuild/CMakeFiles/sbuild.dir/sbuild-ctty.cc.o
cd /<<PKGBUILDDIR>>/debian/build/sbuild && /usr/bin/c++   -I/<<PKGBUILDDIR>>/debian/build/lib -I/<<PKGBUILDDIR>>/lib -I/<<PKGBUILDDIR>>/debian/build -I/<<PKGBUILDDIR>> -I/<<PKGBUILDDIR>>/sbuild -I/<<PKGBUILDDIR>>/debian/build/sbuild  -g -O2 -fdebug-prefix-map=/<<PKGBUILDDIR>>=. -fstack-protector-strong -Wformat -Werror=format-security -Wall -D_FILE_OFFSET_BITS=64 -D_LARGEFILE_SOURCE -Wdate-time -D_FORTIFY_SOURCE=2 -Wdate-time -D_FORTIFY_SOURCE=2 -std=c++11 -pedantic -Wall -Wcast-align -Wwrite-strings -Wswitch-default -Wcast-qual -Wunused-variable -Wredundant-decls -Wctor-dtor-privacy -Wnon-virtual-dtor -Wreorder -Wold-style-cast -Woverloaded-virtual -fstrict-aliasing   -o CMakeFiles/sbuild.dir/sbuild-ctty.cc.o -c /<<PKGBUILDDIR>>/sbuild/sbuild-ctty.cc
cd /<<PKGBUILDDIR>>/debian/build/po && msgfmt -c --statistics -o /<<PKGBUILDDIR>>/debian/build/po/de.gmo /<<PKGBUILDDIR>>/po/de.po
358 translated messages.
cd /<<PKGBUILDDIR>>/debian/build/po && touch /<<PKGBUILDDIR>>/debian/build/po/da.gmo
[  7%] Generating translated/de/schroot-script-config.5
358 translated messages.
cd /<<PKGBUILDDIR>>/debian/build/man && /usr/bin/soelim -I/<<PKGBUILDDIR>>/debian/build/man/translated/de -I/<<PKGBUILDDIR>>/debian/build/man -I/<<PKGBUILDDIR>>/man < /<<PKGBUILDDIR>>/debian/build/man/translated/de/schroot-script-config.5.man > /<<PKGBUILDDIR>>/debian/build/man/translated/de/schroot-script-config.5
cd /<<PKGBUILDDIR>>/debian/build/po && touch /<<PKGBUILDDIR>>/debian/build/po/de.gmo
[  8%] Generating translated/de/schroot-setup.5
cd /<<PKGBUILDDIR>>/debian/build/man && /usr/bin/soelim -I/<<PKGBUILDDIR>>/debian/build/man/translated/de -I/<<PKGBUILDDIR>>/debian/build/man -I/<<PKGBUILDDIR>>/man < /<<PKGBUILDDIR>>/debian/build/man/translated/de/schroot-setup.5.man > /<<PKGBUILDDIR>>/debian/build/man/translated/de/schroot-setup.5
[  9%] Generating translated/de/schroot.1
[ 10%] Generating en.gmo
cd /<<PKGBUILDDIR>>/debian/build/man && /usr/bin/soelim -I/<<PKGBUILDDIR>>/debian/build/man/translated/de -I/<<PKGBUILDDIR>>/debian/build/man -I/<<PKGBUILDDIR>>/man < /<<PKGBUILDDIR>>/debian/build/man/translated/de/schroot.1.man > /<<PKGBUILDDIR>>/debian/build/man/translated/de/schroot.1
cd /<<PKGBUILDDIR>>/debian/build/po && /usr/bin/cmake -E remove /<<PKGBUILDDIR>>/debian/build/po/en.gmo
[ 10%] Generating eu.gmo
cd /<<PKGBUILDDIR>>/debian/build/po && /usr/bin/cmake -E remove /<<PKGBUILDDIR>>/debian/build/po/eu.gmo
cd /<<PKGBUILDDIR>>/debian/build/po && msgfmt -c --statistics -o /<<PKGBUILDDIR>>/debian/build/po/en.gmo /<<PKGBUILDDIR>>/po/en.po
[ 10%] Generating translated/de/schroot.conf.5
cd /<<PKGBUILDDIR>>/debian/build/man && /usr/bin/soelim -I/<<PKGBUILDDIR>>/debian/build/man/translated/de -I/<<PKGBUILDDIR>>/debian/build/man -I/<<PKGBUILDDIR>>/man < /<<PKGBUILDDIR>>/debian/build/man/translated/de/schroot.conf.5.man > /<<PKGBUILDDIR>>/debian/build/man/translated/de/schroot.conf.5
cd /<<PKGBUILDDIR>>/debian/build/po && msgfmt -c --statistics -o /<<PKGBUILDDIR>>/debian/build/po/eu.gmo /<<PKGBUILDDIR>>/po/eu.po
358 translated messages.
cd /<<PKGBUILDDIR>>/debian/build/po && touch /<<PKGBUILDDIR>>/debian/build/po/en.gmo
[ 12%] Generating translated/fr/schroot-faq.7
cd /<<PKGBUILDDIR>>/debian/build/man && /usr/bin/soelim -I/<<PKGBUILDDIR>>/debian/build/man/translated/fr -I/<<PKGBUILDDIR>>/debian/build/man -I/<<PKGBUILDDIR>>/man < /<<PKGBUILDDIR>>/debian/build/man/translated/fr/schroot-faq.7.man > /<<PKGBUILDDIR>>/debian/build/man/translated/fr/schroot-faq.7
358 translated messages.
cd /<<PKGBUILDDIR>>/debian/build/po && touch /<<PKGBUILDDIR>>/debian/build/po/eu.gmo
[ 13%] Building CXX object sbuild/CMakeFiles/sbuild.dir/sbuild-environment.cc.o
cd /<<PKGBUILDDIR>>/debian/build/sbuild && /usr/bin/c++   -I/<<PKGBUILDDIR>>/debian/build/lib -I/<<PKGBUILDDIR>>/lib -I/<<PKGBUILDDIR>>/debian/build -I/<<PKGBUILDDIR>> -I/<<PKGBUILDDIR>>/sbuild -I/<<PKGBUILDDIR>>/debian/build/sbuild  -g -O2 -fdebug-prefix-map=/<<PKGBUILDDIR>>=. -fstack-protector-strong -Wformat -Werror=format-security -Wall -D_FILE_OFFSET_BITS=64 -D_LARGEFILE_SOURCE -Wdate-time -D_FORTIFY_SOURCE=2 -Wdate-time -D_FORTIFY_SOURCE=2 -std=c++11 -pedantic -Wall -Wcast-align -Wwrite-strings -Wswitch-default -Wcast-qual -Wunused-variable -Wredundant-decls -Wctor-dtor-privacy -Wnon-virtual-dtor -Wreorder -Wold-style-cast -Woverloaded-virtual -fstrict-aliasing   -o CMakeFiles/sbuild.dir/sbuild-environment.cc.o -c /<<PKGBUILDDIR>>/sbuild/sbuild-environment.cc
[ 15%] Generating translated/fr/schroot-script-config.5
[ 15%] Generating fr.gmo
cd /<<PKGBUILDDIR>>/debian/build/po && /usr/bin/cmake -E remove /<<PKGBUILDDIR>>/debian/build/po/fr.gmo
cd /<<PKGBUILDDIR>>/debian/build/man && /usr/bin/soelim -I/<<PKGBUILDDIR>>/debian/build/man/translated/fr -I/<<PKGBUILDDIR>>/debian/build/man -I/<<PKGBUILDDIR>>/man < /<<PKGBUILDDIR>>/debian/build/man/translated/fr/schroot-script-config.5.man > /<<PKGBUILDDIR>>/debian/build/man/translated/fr/schroot-script-config.5
cd /<<PKGBUILDDIR>>/debian/build/po && msgfmt -c --statistics -o /<<PKGBUILDDIR>>/debian/build/po/fr.gmo /<<PKGBUILDDIR>>/po/fr.po
[ 15%] Generating translated/fr/schroot-setup.5
cd /<<PKGBUILDDIR>>/debian/build/man && /usr/bin/soelim -I/<<PKGBUILDDIR>>/debian/build/man/translated/fr -I/<<PKGBUILDDIR>>/debian/build/man -I/<<PKGBUILDDIR>>/man < /<<PKGBUILDDIR>>/debian/build/man/translated/fr/schroot-setup.5.man > /<<PKGBUILDDIR>>/debian/build/man/translated/fr/schroot-setup.5
358 translated messages.
cd /<<PKGBUILDDIR>>/debian/build/po && touch /<<PKGBUILDDIR>>/debian/build/po/fr.gmo
[ 16%] Generating translated/fr/schroot.1
cd /<<PKGBUILDDIR>>/debian/build/man && /usr/bin/soelim -I/<<PKGBUILDDIR>>/debian/build/man/translated/fr -I/<<PKGBUILDDIR>>/debian/build/man -I/<<PKGBUILDDIR>>/man < /<<PKGBUILDDIR>>/debian/build/man/translated/fr/schroot.1.man > /<<PKGBUILDDIR>>/debian/build/man/translated/fr/schroot.1
[ 17%] Generating it.gmo
cd /<<PKGBUILDDIR>>/debian/build/po && /usr/bin/cmake -E remove /<<PKGBUILDDIR>>/debian/build/po/it.gmo
[ 18%] Generating translated/fr/schroot.conf.5
cd /<<PKGBUILDDIR>>/debian/build/man && /usr/bin/soelim -I/<<PKGBUILDDIR>>/debian/build/man/translated/fr -I/<<PKGBUILDDIR>>/debian/build/man -I/<<PKGBUILDDIR>>/man < /<<PKGBUILDDIR>>/debian/build/man/translated/fr/schroot.conf.5.man > /<<PKGBUILDDIR>>/debian/build/man/translated/fr/schroot.conf.5
cd /<<PKGBUILDDIR>>/debian/build/po && msgfmt -c --statistics -o /<<PKGBUILDDIR>>/debian/build/po/it.gmo /<<PKGBUILDDIR>>/po/it.po
make[4]: Leaving directory '/<<PKGBUILDDIR>>/debian/build'
247 translated messages, 91 fuzzy translations, 20 untranslated messages.
cd /<<PKGBUILDDIR>>/debian/build/po && touch /<<PKGBUILDDIR>>/debian/build/po/it.gmo
[ 19%] Built target manpages
[ 19%] Generating pt.gmo
[ 20%] Generating sv.gmo
cd /<<PKGBUILDDIR>>/debian/build/po && /usr/bin/cmake -E remove /<<PKGBUILDDIR>>/debian/build/po/pt.gmo
cd /<<PKGBUILDDIR>>/debian/build/po && /usr/bin/cmake -E remove /<<PKGBUILDDIR>>/debian/build/po/sv.gmo
cd /<<PKGBUILDDIR>>/debian/build/po && msgfmt -c --statistics -o /<<PKGBUILDDIR>>/debian/build/po/pt.gmo /<<PKGBUILDDIR>>/po/pt.po
cd /<<PKGBUILDDIR>>/debian/build/po && msgfmt -c --statistics -o /<<PKGBUILDDIR>>/debian/build/po/sv.gmo /<<PKGBUILDDIR>>/po/sv.po
357 translated messages, 1 fuzzy translation.
cd /<<PKGBUILDDIR>>/debian/build/po && touch /<<PKGBUILDDIR>>/debian/build/po/pt.gmo
152 translated messages, 119 fuzzy translations, 87 untranslated messages.
cd /<<PKGBUILDDIR>>/debian/build/po && touch /<<PKGBUILDDIR>>/debian/build/po/sv.gmo
[ 21%] Generating vi.gmo
cd /<<PKGBUILDDIR>>/debian/build/po && /usr/bin/cmake -E remove /<<PKGBUILDDIR>>/debian/build/po/vi.gmo
[ 23%] Building CXX object sbuild/CMakeFiles/sbuild.dir/sbuild-feature.cc.o
cd /<<PKGBUILDDIR>>/debian/build/sbuild && /usr/bin/c++   -I/<<PKGBUILDDIR>>/debian/build/lib -I/<<PKGBUILDDIR>>/lib -I/<<PKGBUILDDIR>>/debian/build -I/<<PKGBUILDDIR>> -I/<<PKGBUILDDIR>>/sbuild -I/<<PKGBUILDDIR>>/debian/build/sbuild  -g -O2 -fdebug-prefix-map=/<<PKGBUILDDIR>>=. -fstack-protector-strong -Wformat -Werror=format-security -Wall -D_FILE_OFFSET_BITS=64 -D_LARGEFILE_SOURCE -Wdate-time -D_FORTIFY_SOURCE=2 -Wdate-time -D_FORTIFY_SOURCE=2 -std=c++11 -pedantic -Wall -Wcast-align -Wwrite-strings -Wswitch-default -Wcast-qual -Wunused-variable -Wredundant-decls -Wctor-dtor-privacy -Wnon-virtual-dtor -Wreorder -Wold-style-cast -Woverloaded-virtual -fstrict-aliasing   -o CMakeFiles/sbuild.dir/sbuild-feature.cc.o -c /<<PKGBUILDDIR>>/sbuild/sbuild-feature.cc
cd /<<PKGBUILDDIR>>/debian/build/po && msgfmt -c --statistics -o /<<PKGBUILDDIR>>/debian/build/po/vi.gmo /<<PKGBUILDDIR>>/po/vi.po
246 translated messages, 91 fuzzy translations, 21 untranslated messages.
cd /<<PKGBUILDDIR>>/debian/build/po && touch /<<PKGBUILDDIR>>/debian/build/po/vi.gmo
[ 23%] Generating zh_CN.gmo
cd /<<PKGBUILDDIR>>/debian/build/po && /usr/bin/cmake -E remove /<<PKGBUILDDIR>>/debian/build/po/zh_CN.gmo
cd /<<PKGBUILDDIR>>/debian/build/po && msgfmt -c --statistics -o /<<PKGBUILDDIR>>/debian/build/po/zh_CN.gmo /<<PKGBUILDDIR>>/po/zh_CN.po
337 translated messages, 6 fuzzy translations, 15 untranslated messages.
cd /<<PKGBUILDDIR>>/debian/build/po && touch /<<PKGBUILDDIR>>/debian/build/po/zh_CN.gmo
make[4]: Leaving directory '/<<PKGBUILDDIR>>/debian/build'
[ 31%] Built target update-gmo
[ 31%] Building CXX object sbuild/CMakeFiles/sbuild.dir/sbuild-format-detail.cc.o
cd /<<PKGBUILDDIR>>/debian/build/sbuild && /usr/bin/c++   -I/<<PKGBUILDDIR>>/debian/build/lib -I/<<PKGBUILDDIR>>/lib -I/<<PKGBUILDDIR>>/debian/build -I/<<PKGBUILDDIR>> -I/<<PKGBUILDDIR>>/sbuild -I/<<PKGBUILDDIR>>/debian/build/sbuild  -g -O2 -fdebug-prefix-map=/<<PKGBUILDDIR>>=. -fstack-protector-strong -Wformat -Werror=format-security -Wall -D_FILE_OFFSET_BITS=64 -D_LARGEFILE_SOURCE -Wdate-time -D_FORTIFY_SOURCE=2 -Wdate-time -D_FORTIFY_SOURCE=2 -std=c++11 -pedantic -Wall -Wcast-align -Wwrite-strings -Wswitch-default -Wcast-qual -Wunused-variable -Wredundant-decls -Wctor-dtor-privacy -Wnon-virtual-dtor -Wreorder -Wold-style-cast -Woverloaded-virtual -fstrict-aliasing   -o CMakeFiles/sbuild.dir/sbuild-format-detail.cc.o -c /<<PKGBUILDDIR>>/sbuild/sbuild-format-detail.cc
In file included from /<<PKGBUILDDIR>>/sbuild/sbuild-format-detail.cc:21:
In file included from /<<PKGBUILDDIR>>/sbuild/sbuild-format-detail.h:23:
In file included from /<<PKGBUILDDIR>>/sbuild/sbuild-util.h:22:
In file included from /<<PKGBUILDDIR>>/sbuild/sbuild-environment.h:23:
In file included from /<<PKGBUILDDIR>>/sbuild/sbuild-parse-value.h:22:
In file included from /<<PKGBUILDDIR>>/sbuild/sbuild-parse-error.h:22:
In file included from /<<PKGBUILDDIR>>/sbuild/sbuild-custom-error.h:22:
In file included from /<<PKGBUILDDIR>>/sbuild/sbuild-error.h:344:
/<<PKGBUILDDIR>>/sbuild/sbuild-error.tcc:260:43: warning: instantiation of variable 'sbuild::error<sbuild::stat::error_code>::error_strings' required here, but no definition is available [-Wundefined-var-template]
  typename map_type::const_iterator pos = error_strings.find(error);
                                          ^
/<<PKGBUILDDIR>>/sbuild/sbuild-error.tcc:39:19: note: in instantiation of member function 'sbuild::error<sbuild::stat::error_code>::get_error' requested here
  std::string msg(get_error(error));
                  ^
/<<PKGBUILDDIR>>/sbuild/sbuild-custom-error.h:122:30: note: in instantiation of function template specialization 'sbuild::error<sbuild::stat::error_code>::format_error<std::__cxx11::basic_string<char>, sbuild::null, sbuild::null, char *, sbuild::null, sbuild::null>' requested here
      sbuild::error<T>(this->format_error(context, null(), null(), error, detail, null(), null()),
                             ^
/<<PKGBUILDDIR>>/sbuild/sbuild-util.h:414:19: note: in instantiation of function template specialization 'sbuild::custom_error<sbuild::stat::error_code>::custom_error<std::__cxx11::basic_string<char>, char *>' requested here
            throw error(this->file, FILE, std::strerror(this->errorno));
                  ^
/<<PKGBUILDDIR>>/sbuild/sbuild-error.h:146:21: note: forward declaration of template entity is here
    static map_type error_strings;
                    ^
/<<PKGBUILDDIR>>/sbuild/sbuild-error.tcc:260:43: note: add an explicit instantiation declaration to suppress this warning if 'sbuild::error<sbuild::stat::error_code>::error_strings' is explicitly instantiated in another translation unit
  typename map_type::const_iterator pos = error_strings.find(error);
                                          ^
[ 32%] Building CXX object sbuild/CMakeFiles/sbuild.dir/sbuild-keyfile-base.cc.o
cd /<<PKGBUILDDIR>>/debian/build/sbuild && /usr/bin/c++   -I/<<PKGBUILDDIR>>/debian/build/lib -I/<<PKGBUILDDIR>>/lib -I/<<PKGBUILDDIR>>/debian/build -I/<<PKGBUILDDIR>> -I/<<PKGBUILDDIR>>/sbuild -I/<<PKGBUILDDIR>>/debian/build/sbuild  -g -O2 -fdebug-prefix-map=/<<PKGBUILDDIR>>=. -fstack-protector-strong -Wformat -Werror=format-security -Wall -D_FILE_OFFSET_BITS=64 -D_LARGEFILE_SOURCE -Wdate-time -D_FORTIFY_SOURCE=2 -Wdate-time -D_FORTIFY_SOURCE=2 -std=c++11 -pedantic -Wall -Wcast-align -Wwrite-strings -Wswitch-default -Wcast-qual -Wunused-variable -Wredundant-decls -Wctor-dtor-privacy -Wnon-virtual-dtor -Wreorder -Wold-style-cast -Woverloaded-virtual -fstrict-aliasing   -o CMakeFiles/sbuild.dir/sbuild-keyfile-base.cc.o -c /<<PKGBUILDDIR>>/sbuild/sbuild-keyfile-base.cc
[ 34%] Building CXX object sbuild/CMakeFiles/sbuild.dir/sbuild-lock.cc.o
cd /<<PKGBUILDDIR>>/debian/build/sbuild && /usr/bin/c++   -I/<<PKGBUILDDIR>>/debian/build/lib -I/<<PKGBUILDDIR>>/lib -I/<<PKGBUILDDIR>>/debian/build -I/<<PKGBUILDDIR>> -I/<<PKGBUILDDIR>>/sbuild -I/<<PKGBUILDDIR>>/debian/build/sbuild  -g -O2 -fdebug-prefix-map=/<<PKGBUILDDIR>>=. -fstack-protector-strong -Wformat -Werror=format-security -Wall -D_FILE_OFFSET_BITS=64 -D_LARGEFILE_SOURCE -Wdate-time -D_FORTIFY_SOURCE=2 -Wdate-time -D_FORTIFY_SOURCE=2 -std=c++11 -pedantic -Wall -Wcast-align -Wwrite-strings -Wswitch-default -Wcast-qual -Wunused-variable -Wredundant-decls -Wctor-dtor-privacy -Wnon-virtual-dtor -Wreorder -Wold-style-cast -Woverloaded-virtual -fstrict-aliasing   -o CMakeFiles/sbuild.dir/sbuild-lock.cc.o -c /<<PKGBUILDDIR>>/sbuild/sbuild-lock.cc
1 warning generated.
[ 34%] Building CXX object sbuild/CMakeFiles/sbuild.dir/sbuild-log.cc.o
cd /<<PKGBUILDDIR>>/debian/build/sbuild && /usr/bin/c++   -I/<<PKGBUILDDIR>>/debian/build/lib -I/<<PKGBUILDDIR>>/lib -I/<<PKGBUILDDIR>>/debian/build -I/<<PKGBUILDDIR>> -I/<<PKGBUILDDIR>>/sbuild -I/<<PKGBUILDDIR>>/debian/build/sbuild  -g -O2 -fdebug-prefix-map=/<<PKGBUILDDIR>>=. -fstack-protector-strong -Wformat -Werror=format-security -Wall -D_FILE_OFFSET_BITS=64 -D_LARGEFILE_SOURCE -Wdate-time -D_FORTIFY_SOURCE=2 -Wdate-time -D_FORTIFY_SOURCE=2 -std=c++11 -pedantic -Wall -Wcast-align -Wwrite-strings -Wswitch-default -Wcast-qual -Wunused-variable -Wredundant-decls -Wctor-dtor-privacy -Wnon-virtual-dtor -Wreorder -Wold-style-cast -Woverloaded-virtual -fstrict-aliasing   -o CMakeFiles/sbuild.dir/sbuild-log.cc.o -c /<<PKGBUILDDIR>>/sbuild/sbuild-log.cc
[ 35%] Building CXX object sbuild/CMakeFiles/sbuild.dir/sbuild-mntstream.cc.o
cd /<<PKGBUILDDIR>>/debian/build/sbuild && /usr/bin/c++   -I/<<PKGBUILDDIR>>/debian/build/lib -I/<<PKGBUILDDIR>>/lib -I/<<PKGBUILDDIR>>/debian/build -I/<<PKGBUILDDIR>> -I/<<PKGBUILDDIR>>/sbuild -I/<<PKGBUILDDIR>>/debian/build/sbuild  -g -O2 -fdebug-prefix-map=/<<PKGBUILDDIR>>=. -fstack-protector-strong -Wformat -Werror=format-security -Wall -D_FILE_OFFSET_BITS=64 -D_LARGEFILE_SOURCE -Wdate-time -D_FORTIFY_SOURCE=2 -Wdate-time -D_FORTIFY_SOURCE=2 -std=c++11 -pedantic -Wall -Wcast-align -Wwrite-strings -Wswitch-default -Wcast-qual -Wunused-variable -Wredundant-decls -Wctor-dtor-privacy -Wnon-virtual-dtor -Wreorder -Wold-style-cast -Woverloaded-virtual -fstrict-aliasing   -o CMakeFiles/sbuild.dir/sbuild-mntstream.cc.o -c /<<PKGBUILDDIR>>/sbuild/sbuild-mntstream.cc
In file included from /<<PKGBUILDDIR>>/sbuild/sbuild-keyfile-base.cc:21:
In file included from /<<PKGBUILDDIR>>/sbuild/sbuild-keyfile-base.h:24:
In file included from /<<PKGBUILDDIR>>/sbuild/sbuild-parse-error.h:22:
In file included from /<<PKGBUILDDIR>>/sbuild/sbuild-custom-error.h:22:
In file included from /<<PKGBUILDDIR>>/sbuild/sbuild-error.h:344:
/<<PKGBUILDDIR>>/sbuild/sbuild-error.tcc:260:43: warning: instantiation of variable 'sbuild::error<sbuild::stat::error_code>::error_strings' required here, but no definition is available [-Wundefined-var-template]
  typename map_type::const_iterator pos = error_strings.find(error);
                                          ^
/<<PKGBUILDDIR>>/sbuild/sbuild-error.tcc:39:19: note: in instantiation of member function 'sbuild::error<sbuild::stat::error_code>::get_error' requested here
  std::string msg(get_error(error));
                  ^
/<<PKGBUILDDIR>>/sbuild/sbuild-custom-error.h:122:30: note: in instantiation of function template specialization 'sbuild::error<sbuild::stat::error_code>::format_error<std::__cxx11::basic_string<char>, sbuild::null, sbuild::null, char *, sbuild::null, sbuild::null>' requested here
      sbuild::error<T>(this->format_error(context, null(), null(), error, detail, null(), null()),
                             ^
/<<PKGBUILDDIR>>/sbuild/sbuild-util.h:414:19: note: in instantiation of function template specialization 'sbuild::custom_error<sbuild::stat::error_code>::custom_error<std::__cxx11::basic_string<char>, char *>' requested here
            throw error(this->file, FILE, std::strerror(this->errorno));
                  ^
/<<PKGBUILDDIR>>/sbuild/sbuild-error.h:146:21: note: forward declaration of template entity is here
    static map_type error_strings;
                    ^
/<<PKGBUILDDIR>>/sbuild/sbuild-error.tcc:260:43: note: add an explicit instantiation declaration to suppress this warning if 'sbuild::error<sbuild::stat::error_code>::error_strings' is explicitly instantiated in another translation unit
  typename map_type::const_iterator pos = error_strings.find(error);
                                          ^
1 warning generated.
[ 36%] Building CXX object sbuild/CMakeFiles/sbuild.dir/sbuild-nostream.cc.o
cd /<<PKGBUILDDIR>>/debian/build/sbuild && /usr/bin/c++   -I/<<PKGBUILDDIR>>/debian/build/lib -I/<<PKGBUILDDIR>>/lib -I/<<PKGBUILDDIR>>/debian/build -I/<<PKGBUILDDIR>> -I/<<PKGBUILDDIR>>/sbuild -I/<<PKGBUILDDIR>>/debian/build/sbuild  -g -O2 -fdebug-prefix-map=/<<PKGBUILDDIR>>=. -fstack-protector-strong -Wformat -Werror=format-security -Wall -D_FILE_OFFSET_BITS=64 -D_LARGEFILE_SOURCE -Wdate-time -D_FORTIFY_SOURCE=2 -Wdate-time -D_FORTIFY_SOURCE=2 -std=c++11 -pedantic -Wall -Wcast-align -Wwrite-strings -Wswitch-default -Wcast-qual -Wunused-variable -Wredundant-decls -Wctor-dtor-privacy -Wnon-virtual-dtor -Wreorder -Wold-style-cast -Woverloaded-virtual -fstrict-aliasing   -o CMakeFiles/sbuild.dir/sbuild-nostream.cc.o -c /<<PKGBUILDDIR>>/sbuild/sbuild-nostream.cc
[ 36%] Building CXX object sbuild/CMakeFiles/sbuild.dir/sbuild-null.cc.o
cd /<<PKGBUILDDIR>>/debian/build/sbuild && /usr/bin/c++   -I/<<PKGBUILDDIR>>/debian/build/lib -I/<<PKGBUILDDIR>>/lib -I/<<PKGBUILDDIR>>/debian/build -I/<<PKGBUILDDIR>> -I/<<PKGBUILDDIR>>/sbuild -I/<<PKGBUILDDIR>>/debian/build/sbuild  -g -O2 -fdebug-prefix-map=/<<PKGBUILDDIR>>=. -fstack-protector-strong -Wformat -Werror=format-security -Wall -D_FILE_OFFSET_BITS=64 -D_LARGEFILE_SOURCE -Wdate-time -D_FORTIFY_SOURCE=2 -Wdate-time -D_FORTIFY_SOURCE=2 -std=c++11 -pedantic -Wall -Wcast-align -Wwrite-strings -Wswitch-default -Wcast-qual -Wunused-variable -Wredundant-decls -Wctor-dtor-privacy -Wnon-virtual-dtor -Wreorder -Wold-style-cast -Woverloaded-virtual -fstrict-aliasing   -o CMakeFiles/sbuild.dir/sbuild-null.cc.o -c /<<PKGBUILDDIR>>/sbuild/sbuild-null.cc
[ 37%] Building CXX object sbuild/CMakeFiles/sbuild.dir/sbuild-parse-value.cc.o
cd /<<PKGBUILDDIR>>/debian/build/sbuild && /usr/bin/c++   -I/<<PKGBUILDDIR>>/debian/build/lib -I/<<PKGBUILDDIR>>/lib -I/<<PKGBUILDDIR>>/debian/build -I/<<PKGBUILDDIR>> -I/<<PKGBUILDDIR>>/sbuild -I/<<PKGBUILDDIR>>/debian/build/sbuild  -g -O2 -fdebug-prefix-map=/<<PKGBUILDDIR>>=. -fstack-protector-strong -Wformat -Werror=format-security -Wall -D_FILE_OFFSET_BITS=64 -D_LARGEFILE_SOURCE -Wdate-time -D_FORTIFY_SOURCE=2 -Wdate-time -D_FORTIFY_SOURCE=2 -std=c++11 -pedantic -Wall -Wcast-align -Wwrite-strings -Wswitch-default -Wcast-qual -Wunused-variable -Wredundant-decls -Wctor-dtor-privacy -Wnon-virtual-dtor -Wreorder -Wold-style-cast -Woverloaded-virtual -fstrict-aliasing   -o CMakeFiles/sbuild.dir/sbuild-parse-value.cc.o -c /<<PKGBUILDDIR>>/sbuild/sbuild-parse-value.cc
In file included from /<<PKGBUILDDIR>>/sbuild/sbuild-log.cc:21:
In file included from /<<PKGBUILDDIR>>/sbuild/sbuild-ctty.h:23:
In file included from /<<PKGBUILDDIR>>/sbuild/sbuild-parse-error.h:22:
In file included from /<<PKGBUILDDIR>>/sbuild/sbuild-custom-error.h:22:
In file included from /<<PKGBUILDDIR>>/sbuild/sbuild-error.h:344:
/<<PKGBUILDDIR>>/sbuild/sbuild-error.tcc:260:43: warning: instantiation of variable 'sbuild::error<sbuild::stat::error_code>::error_strings' required here, but no definition is available [-Wundefined-var-template]
  typename map_type::const_iterator pos = error_strings.find(error);
                                          ^
/<<PKGBUILDDIR>>/sbuild/sbuild-error.tcc:39:19: note: in instantiation of member function 'sbuild::error<sbuild::stat::error_code>::get_error' requested here
  std::string msg(get_error(error));
                  ^
/<<PKGBUILDDIR>>/sbuild/sbuild-custom-error.h:122:30: note: in instantiation of function template specialization 'sbuild::error<sbuild::stat::error_code>::format_error<std::__cxx11::basic_string<char>, sbuild::null, sbuild::null, char *, sbuild::null, sbuild::null>' requested here
      sbuild::error<T>(this->format_error(context, null(), null(), error, detail, null(), null()),
                             ^
/<<PKGBUILDDIR>>/sbuild/sbuild-util.h:414:19: note: in instantiation of function template specialization 'sbuild::custom_error<sbuild::stat::error_code>::custom_error<std::__cxx11::basic_string<char>, char *>' requested here
            throw error(this->file, FILE, std::strerror(this->errorno));
                  ^
/<<PKGBUILDDIR>>/sbuild/sbuild-error.h:146:21: note: forward declaration of template entity is here
    static map_type error_strings;
                    ^
/<<PKGBUILDDIR>>/sbuild/sbuild-error.tcc:260:43: note: add an explicit instantiation declaration to suppress this warning if 'sbuild::error<sbuild::stat::error_code>::error_strings' is explicitly instantiated in another translation unit
  typename map_type::const_iterator pos = error_strings.find(error);
                                          ^
[ 38%] Building CXX object sbuild/CMakeFiles/sbuild.dir/sbuild-personality.cc.o
cd /<<PKGBUILDDIR>>/debian/build/sbuild && /usr/bin/c++   -I/<<PKGBUILDDIR>>/debian/build/lib -I/<<PKGBUILDDIR>>/lib -I/<<PKGBUILDDIR>>/debian/build -I/<<PKGBUILDDIR>> -I/<<PKGBUILDDIR>>/sbuild -I/<<PKGBUILDDIR>>/debian/build/sbuild  -g -O2 -fdebug-prefix-map=/<<PKGBUILDDIR>>=. -fstack-protector-strong -Wformat -Werror=format-security -Wall -D_FILE_OFFSET_BITS=64 -D_LARGEFILE_SOURCE -Wdate-time -D_FORTIFY_SOURCE=2 -Wdate-time -D_FORTIFY_SOURCE=2 -std=c++11 -pedantic -Wall -Wcast-align -Wwrite-strings -Wswitch-default -Wcast-qual -Wunused-variable -Wredundant-decls -Wctor-dtor-privacy -Wnon-virtual-dtor -Wreorder -Wold-style-cast -Woverloaded-virtual -fstrict-aliasing   -o CMakeFiles/sbuild.dir/sbuild-personality.cc.o -c /<<PKGBUILDDIR>>/sbuild/sbuild-personality.cc
[ 38%] Building CXX object sbuild/CMakeFiles/sbuild.dir/sbuild-run-parts.cc.o
cd /<<PKGBUILDDIR>>/debian/build/sbuild && /usr/bin/c++   -I/<<PKGBUILDDIR>>/debian/build/lib -I/<<PKGBUILDDIR>>/lib -I/<<PKGBUILDDIR>>/debian/build -I/<<PKGBUILDDIR>> -I/<<PKGBUILDDIR>>/sbuild -I/<<PKGBUILDDIR>>/debian/build/sbuild  -g -O2 -fdebug-prefix-map=/<<PKGBUILDDIR>>=. -fstack-protector-strong -Wformat -Werror=format-security -Wall -D_FILE_OFFSET_BITS=64 -D_LARGEFILE_SOURCE -Wdate-time -D_FORTIFY_SOURCE=2 -Wdate-time -D_FORTIFY_SOURCE=2 -std=c++11 -pedantic -Wall -Wcast-align -Wwrite-strings -Wswitch-default -Wcast-qual -Wunused-variable -Wredundant-decls -Wctor-dtor-privacy -Wnon-virtual-dtor -Wreorder -Wold-style-cast -Woverloaded-virtual -fstrict-aliasing   -o CMakeFiles/sbuild.dir/sbuild-run-parts.cc.o -c /<<PKGBUILDDIR>>/sbuild/sbuild-run-parts.cc
1 warning generated.
[ 39%] Building CXX object sbuild/CMakeFiles/sbuild.dir/sbuild-session.cc.o
cd /<<PKGBUILDDIR>>/debian/build/sbuild && /usr/bin/c++   -I/<<PKGBUILDDIR>>/debian/build/lib -I/<<PKGBUILDDIR>>/lib -I/<<PKGBUILDDIR>>/debian/build -I/<<PKGBUILDDIR>> -I/<<PKGBUILDDIR>>/sbuild -I/<<PKGBUILDDIR>>/debian/build/sbuild  -g -O2 -fdebug-prefix-map=/<<PKGBUILDDIR>>=. -fstack-protector-strong -Wformat -Werror=format-security -Wall -D_FILE_OFFSET_BITS=64 -D_LARGEFILE_SOURCE -Wdate-time -D_FORTIFY_SOURCE=2 -Wdate-time -D_FORTIFY_SOURCE=2 -std=c++11 -pedantic -Wall -Wcast-align -Wwrite-strings -Wswitch-default -Wcast-qual -Wunused-variable -Wredundant-decls -Wctor-dtor-privacy -Wnon-virtual-dtor -Wreorder -Wold-style-cast -Woverloaded-virtual -fstrict-aliasing   -o CMakeFiles/sbuild.dir/sbuild-session.cc.o -c /<<PKGBUILDDIR>>/sbuild/sbuild-session.cc
[ 40%] Building CXX object sbuild/CMakeFiles/sbuild.dir/sbuild-types.cc.o
cd /<<PKGBUILDDIR>>/debian/build/sbuild && /usr/bin/c++   -I/<<PKGBUILDDIR>>/debian/build/lib -I/<<PKGBUILDDIR>>/lib -I/<<PKGBUILDDIR>>/debian/build -I/<<PKGBUILDDIR>> -I/<<PKGBUILDDIR>>/sbuild -I/<<PKGBUILDDIR>>/debian/build/sbuild  -g -O2 -fdebug-prefix-map=/<<PKGBUILDDIR>>=. -fstack-protector-strong -Wformat -Werror=format-security -Wall -D_FILE_OFFSET_BITS=64 -D_LARGEFILE_SOURCE -Wdate-time -D_FORTIFY_SOURCE=2 -Wdate-time -D_FORTIFY_SOURCE=2 -std=c++11 -pedantic -Wall -Wcast-align -Wwrite-strings -Wswitch-default -Wcast-qual -Wunused-variable -Wredundant-decls -Wctor-dtor-privacy -Wnon-virtual-dtor -Wreorder -Wold-style-cast -Woverloaded-virtual -fstrict-aliasing   -o CMakeFiles/sbuild.dir/sbuild-types.cc.o -c /<<PKGBUILDDIR>>/sbuild/sbuild-types.cc
[ 40%] Building CXX object sbuild/CMakeFiles/sbuild.dir/sbuild-util.cc.o
cd /<<PKGBUILDDIR>>/debian/build/sbuild && /usr/bin/c++   -I/<<PKGBUILDDIR>>/debian/build/lib -I/<<PKGBUILDDIR>>/lib -I/<<PKGBUILDDIR>>/debian/build -I/<<PKGBUILDDIR>> -I/<<PKGBUILDDIR>>/sbuild -I/<<PKGBUILDDIR>>/debian/build/sbuild  -g -O2 -fdebug-prefix-map=/<<PKGBUILDDIR>>=. -fstack-protector-strong -Wformat -Werror=format-security -Wall -D_FILE_OFFSET_BITS=64 -D_LARGEFILE_SOURCE -Wdate-time -D_FORTIFY_SOURCE=2 -Wdate-time -D_FORTIFY_SOURCE=2 -std=c++11 -pedantic -Wall -Wcast-align -Wwrite-strings -Wswitch-default -Wcast-qual -Wunused-variable -Wredundant-decls -Wctor-dtor-privacy -Wnon-virtual-dtor -Wreorder -Wold-style-cast -Woverloaded-virtual -fstrict-aliasing   -o CMakeFiles/sbuild.dir/sbuild-util.cc.o -c /<<PKGBUILDDIR>>/sbuild/sbuild-util.cc
In file included from /<<PKGBUILDDIR>>/sbuild/sbuild-session.cc:21:
In file included from /<<PKGBUILDDIR>>/sbuild/sbuild-chroot.h:25:
In file included from /<<PKGBUILDDIR>>/sbuild/sbuild-keyfile.h:22:
In file included from /<<PKGBUILDDIR>>/sbuild/sbuild-basic-keyfile.h:1511:
/<<PKGBUILDDIR>>/sbuild/sbuild-basic-keyfile.tcc:217:18: error: no viable overloaded '='
      localename = std::locale::classic();
      ~~~~~~~~~~ ^ ~~~~~~~~~~~~~~~~~~~~~~
/usr/bin/../lib/gcc/x86_64-linux-gnu/9/../../../../include/c++/9/bits/basic_string.h:665:7: note: candidate function not viable: no known conversion from 'const std::locale' to 'const std::__cxx11::basic_string<char>' for 1st argument
      operator=(const basic_string& __str)
      ^
/usr/bin/../lib/gcc/x86_64-linux-gnu/9/../../../../include/c++/9/bits/basic_string.h:704:7: note: candidate function not viable: no known conversion from 'const std::locale' to 'const char *' for 1st argument
      operator=(const _CharT* __s)
      ^
/usr/bin/../lib/gcc/x86_64-linux-gnu/9/../../../../include/c++/9/bits/basic_string.h:715:7: note: candidate function not viable: no known conversion from 'const std::locale' to 'char' for 1st argument
      operator=(_CharT __c)
      ^
/usr/bin/../lib/gcc/x86_64-linux-gnu/9/../../../../include/c++/9/bits/basic_string.h:732:7: note: candidate function not viable: no known conversion from 'const std::locale' to 'std::__cxx11::basic_string<char>' for 1st argument
      operator=(basic_string&& __str)
      ^
/usr/bin/../lib/gcc/x86_64-linux-gnu/9/../../../../include/c++/9/bits/basic_string.h:795:7: note: candidate function not viable: no known conversion from 'const std::locale' to 'initializer_list<char>' for 1st argument
      operator=(initializer_list<_CharT> __l)
      ^
In file included from /<<PKGBUILDDIR>>/sbuild/sbuild-session.cc:21:
/<<PKGBUILDDIR>>/sbuild/sbuild-chroot.h:884:17: warning: using the result of an assignment as a condition without parentheses [-Wparentheses]
        if (ret = std::dynamic_pointer_cast<T>(*pos))
            ~~~~^~~~~~~~~~~~~~~~~~~~~~~~~~~~~~~~~~~~
/<<PKGBUILDDIR>>/sbuild/sbuild-chroot.h:884:17: note: place parentheses around the assignment to silence this warning
        if (ret = std::dynamic_pointer_cast<T>(*pos))
                ^
            (                                       )
/<<PKGBUILDDIR>>/sbuild/sbuild-chroot.h:884:17: note: use '==' to turn this assignment into an equality comparison
        if (ret = std::dynamic_pointer_cast<T>(*pos))
                ^
                ==
/<<PKGBUILDDIR>>/sbuild/sbuild-chroot.h:901:17: warning: using the result of an assignment as a condition without parentheses [-Wparentheses]
        if (ret = std::dynamic_pointer_cast<T>(*pos))
            ~~~~^~~~~~~~~~~~~~~~~~~~~~~~~~~~~~~~~~~~
/<<PKGBUILDDIR>>/sbuild/sbuild-chroot.h:901:17: note: place parentheses around the assignment to silence this warning
        if (ret = std::dynamic_pointer_cast<T>(*pos))
                ^
            (                                       )
/<<PKGBUILDDIR>>/sbuild/sbuild-chroot.h:901:17: note: use '==' to turn this assignment into an equality comparison
        if (ret = std::dynamic_pointer_cast<T>(*pos))
                ^
                ==
In file included from /<<PKGBUILDDIR>>/sbuild/sbuild-run-parts.cc:21:
In file included from /<<PKGBUILDDIR>>/sbuild/sbuild-run-parts.h:22:
In file included from /<<PKGBUILDDIR>>/sbuild/sbuild-custom-error.h:22:
In file included from /<<PKGBUILDDIR>>/sbuild/sbuild-error.h:344:
/<<PKGBUILDDIR>>/sbuild/sbuild-error.tcc:260:43: warning: instantiation of variable 'sbuild::error<sbuild::stat::error_code>::error_strings' required here, but no definition is available [-Wundefined-var-template]
  typename map_type::const_iterator pos = error_strings.find(error);
                                          ^
/<<PKGBUILDDIR>>/sbuild/sbuild-error.tcc:39:19: note: in instantiation of member function 'sbuild::error<sbuild::stat::error_code>::get_error' requested here
  std::string msg(get_error(error));
                  ^
/<<PKGBUILDDIR>>/sbuild/sbuild-custom-error.h:122:30: note: in instantiation of function template specialization 'sbuild::error<sbuild::stat::error_code>::format_error<std::__cxx11::basic_string<char>, sbuild::null, sbuild::null, char *, sbuild::null, sbuild::null>' requested here
      sbuild::error<T>(this->format_error(context, null(), null(), error, detail, null(), null()),
                             ^
/<<PKGBUILDDIR>>/sbuild/sbuild-util.h:414:19: note: in instantiation of function template specialization 'sbuild::custom_error<sbuild::stat::error_code>::custom_error<std::__cxx11::basic_string<char>, char *>' requested here
            throw error(this->file, FILE, std::strerror(this->errorno));
                  ^
/<<PKGBUILDDIR>>/sbuild/sbuild-error.h:146:21: note: forward declaration of template entity is here
    static map_type error_strings;
                    ^
/<<PKGBUILDDIR>>/sbuild/sbuild-error.tcc:260:43: note: add an explicit instantiation declaration to suppress this warning if 'sbuild::error<sbuild::stat::error_code>::error_strings' is explicitly instantiated in another translation unit
  typename map_type::const_iterator pos = error_strings.find(error);
                                          ^
[ 41%] Building CXX object sbuild/CMakeFiles/sbuild.dir/sbuild-auth.cc.o
cd /<<PKGBUILDDIR>>/debian/build/sbuild && /usr/bin/c++   -I/<<PKGBUILDDIR>>/debian/build/lib -I/<<PKGBUILDDIR>>/lib -I/<<PKGBUILDDIR>>/debian/build -I/<<PKGBUILDDIR>> -I/<<PKGBUILDDIR>>/sbuild -I/<<PKGBUILDDIR>>/debian/build/sbuild  -g -O2 -fdebug-prefix-map=/<<PKGBUILDDIR>>=. -fstack-protector-strong -Wformat -Werror=format-security -Wall -D_FILE_OFFSET_BITS=64 -D_LARGEFILE_SOURCE -Wdate-time -D_FORTIFY_SOURCE=2 -Wdate-time -D_FORTIFY_SOURCE=2 -std=c++11 -pedantic -Wall -Wcast-align -Wwrite-strings -Wswitch-default -Wcast-qual -Wunused-variable -Wredundant-decls -Wctor-dtor-privacy -Wnon-virtual-dtor -Wreorder -Wold-style-cast -Woverloaded-virtual -fstrict-aliasing   -o CMakeFiles/sbuild.dir/sbuild-auth.cc.o -c /<<PKGBUILDDIR>>/sbuild/sbuild-auth.cc
/<<PKGBUILDDIR>>/sbuild/sbuild-session.cc:1199:11: warning: ignoring return value of function declared with 'warn_unused_result' attribute [-Wunused-result]
          setuid(0);
          ^~~~~~ ~
/<<PKGBUILDDIR>>/sbuild/sbuild-session.cc:1200:11: warning: ignoring return value of function declared with 'warn_unused_result' attribute [-Wunused-result]
          setgid(0);
          ^~~~~~ ~
In file included from /<<PKGBUILDDIR>>/sbuild/sbuild-util.cc:21:
In file included from /<<PKGBUILDDIR>>/sbuild/sbuild-chroot.h:25:
In file included from /<<PKGBUILDDIR>>/sbuild/sbuild-keyfile.h:22:
In file included from /<<PKGBUILDDIR>>/sbuild/sbuild-basic-keyfile.h:1511:
/<<PKGBUILDDIR>>/sbuild/sbuild-basic-keyfile.tcc:217:18: error: no viable overloaded '='
      localename = std::locale::classic();
      ~~~~~~~~~~ ^ ~~~~~~~~~~~~~~~~~~~~~~
/usr/bin/../lib/gcc/x86_64-linux-gnu/9/../../../../include/c++/9/bits/basic_string.h:665:7: note: candidate function not viable: no known conversion from 'const std::locale' to 'const std::__cxx11::basic_string<char>' for 1st argument
      operator=(const basic_string& __str)
      ^
/usr/bin/../lib/gcc/x86_64-linux-gnu/9/../../../../include/c++/9/bits/basic_string.h:704:7: note: candidate function not viable: no known conversion from 'const std::locale' to 'const char *' for 1st argument
      operator=(const _CharT* __s)
      ^
/usr/bin/../lib/gcc/x86_64-linux-gnu/9/../../../../include/c++/9/bits/basic_string.h:715:7: note: candidate function not viable: no known conversion from 'const std::locale' to 'char' for 1st argument
      operator=(_CharT __c)
      ^
/usr/bin/../lib/gcc/x86_64-linux-gnu/9/../../../../include/c++/9/bits/basic_string.h:732:7: note: candidate function not viable: no known conversion from 'const std::locale' to 'std::__cxx11::basic_string<char>' for 1st argument
      operator=(basic_string&& __str)
      ^
/usr/bin/../lib/gcc/x86_64-linux-gnu/9/../../../../include/c++/9/bits/basic_string.h:795:7: note: candidate function not viable: no known conversion from 'const std::locale' to 'initializer_list<char>' for 1st argument
      operator=(initializer_list<_CharT> __l)
      ^
In file included from /<<PKGBUILDDIR>>/sbuild/sbuild-util.cc:21:
/<<PKGBUILDDIR>>/sbuild/sbuild-chroot.h:884:17: warning: using the result of an assignment as a condition without parentheses [-Wparentheses]
        if (ret = std::dynamic_pointer_cast<T>(*pos))
            ~~~~^~~~~~~~~~~~~~~~~~~~~~~~~~~~~~~~~~~~
/<<PKGBUILDDIR>>/sbuild/sbuild-chroot.h:884:17: note: place parentheses around the assignment to silence this warning
        if (ret = std::dynamic_pointer_cast<T>(*pos))
                ^
            (                                       )
/<<PKGBUILDDIR>>/sbuild/sbuild-chroot.h:884:17: note: use '==' to turn this assignment into an equality comparison
        if (ret = std::dynamic_pointer_cast<T>(*pos))
                ^
                ==
/<<PKGBUILDDIR>>/sbuild/sbuild-chroot.h:901:17: warning: using the result of an assignment as a condition without parentheses [-Wparentheses]
        if (ret = std::dynamic_pointer_cast<T>(*pos))
            ~~~~^~~~~~~~~~~~~~~~~~~~~~~~~~~~~~~~~~~~
/<<PKGBUILDDIR>>/sbuild/sbuild-chroot.h:901:17: note: place parentheses around the assignment to silence this warning
        if (ret = std::dynamic_pointer_cast<T>(*pos))
                ^
            (                                       )
/<<PKGBUILDDIR>>/sbuild/sbuild-chroot.h:901:17: note: use '==' to turn this assignment into an equality comparison
        if (ret = std::dynamic_pointer_cast<T>(*pos))
                ^
                ==
In file included from /<<PKGBUILDDIR>>/sbuild/sbuild-session.cc:21:
/<<PKGBUILDDIR>>/sbuild/sbuild-chroot.h:884:17: warning: using the result of an assignment as a condition without parentheses [-Wparentheses]
        if (ret = std::dynamic_pointer_cast<T>(*pos))
            ~~~~^~~~~~~~~~~~~~~~~~~~~~~~~~~~~~~~~~~~
/<<PKGBUILDDIR>>/sbuild/sbuild-session.cc:655:26: note: in instantiation of function template specialization 'sbuild::chroot::get_facet<sbuild::chroot_facet_session_clonable>' requested here
              assert(ch->get_facet<chroot_facet_session_clonable>());
                         ^
/<<PKGBUILDDIR>>/sbuild/sbuild-chroot.h:884:17: note: place parentheses around the assignment to silence this warning
        if (ret = std::dynamic_pointer_cast<T>(*pos))
                ^
            (                                       )
/<<PKGBUILDDIR>>/sbuild/sbuild-chroot.h:884:17: note: use '==' to turn this assignment into an equality comparison
        if (ret = std::dynamic_pointer_cast<T>(*pos))
                ^
                ==
/<<PKGBUILDDIR>>/sbuild/sbuild-chroot.h:884:17: warning: using the result of an assignment as a condition without parentheses [-Wparentheses]
        if (ret = std::dynamic_pointer_cast<T>(*pos))
            ~~~~^~~~~~~~~~~~~~~~~~~~~~~~~~~~~~~~~~~~
/<<PKGBUILDDIR>>/sbuild/sbuild-session.cc:684:30: note: in instantiation of function template specialization 'sbuild::chroot::get_facet<sbuild::chroot_facet_session>' requested here
              assert(chroot->get_facet<chroot_facet_session>());
                             ^
/<<PKGBUILDDIR>>/sbuild/sbuild-chroot.h:884:17: note: place parentheses around the assignment to silence this warning
        if (ret = std::dynamic_pointer_cast<T>(*pos))
                ^
            (                                       )
/<<PKGBUILDDIR>>/sbuild/sbuild-chroot.h:884:17: note: use '==' to turn this assignment into an equality comparison
        if (ret = std::dynamic_pointer_cast<T>(*pos))
                ^
                ==
/<<PKGBUILDDIR>>/sbuild/sbuild-chroot.h:884:17: warning: using the result of an assignment as a condition without parentheses [-Wparentheses]
        if (ret = std::dynamic_pointer_cast<T>(*pos))
            ~~~~^~~~~~~~~~~~~~~~~~~~~~~~~~~~~~~~~~~~
/<<PKGBUILDDIR>>/sbuild/sbuild-session.cc:694:21: note: in instantiation of function template specialization 'sbuild::chroot::get_facet<sbuild::chroot_facet_userdata>' requested here
            chroot->get_facet<chroot_facet_userdata>();
                    ^
/<<PKGBUILDDIR>>/sbuild/sbuild-chroot.h:884:17: note: place parentheses around the assignment to silence this warning
        if (ret = std::dynamic_pointer_cast<T>(*pos))
                ^
            (                                       )
/<<PKGBUILDDIR>>/sbuild/sbuild-chroot.h:884:17: note: use '==' to turn this assignment into an equality comparison
        if (ret = std::dynamic_pointer_cast<T>(*pos))
                ^
                ==
/<<PKGBUILDDIR>>/sbuild/sbuild-chroot.h:884:17: warning: using the result of an assignment as a condition without parentheses [-Wparentheses]
        if (ret = std::dynamic_pointer_cast<T>(*pos))
            ~~~~^~~~~~~~~~~~~~~~~~~~~~~~~~~~~~~~~~~~
/<<PKGBUILDDIR>>/sbuild/sbuild-session.cc:1279:21: note: in instantiation of function template specialization 'sbuild::chroot::get_facet<sbuild::chroot_facet_personality>' requested here
    session_chroot->get_facet<chroot_facet_personality>();
                    ^
/<<PKGBUILDDIR>>/sbuild/sbuild-chroot.h:884:17: note: place parentheses around the assignment to silence this warning
        if (ret = std::dynamic_pointer_cast<T>(*pos))
                ^
            (                                       )
/<<PKGBUILDDIR>>/sbuild/sbuild-chroot.h:884:17: note: use '==' to turn this assignment into an equality comparison
        if (ret = std::dynamic_pointer_cast<T>(*pos))
                ^
                ==
8 warnings and 1 error generated.
make[4]: *** [sbuild/CMakeFiles/sbuild.dir/build.make:235: sbuild/CMakeFiles/sbuild.dir/sbuild-session.cc.o] Error 1
make[4]: *** Waiting for unfinished jobs....
2 warnings and 1 error generated.
make[4]: *** [sbuild/CMakeFiles/sbuild.dir/build.make:261: sbuild/CMakeFiles/sbuild.dir/sbuild-util.cc.o] Error 1
In file included from /<<PKGBUILDDIR>>/sbuild/sbuild-auth.cc:21:
In file included from /<<PKGBUILDDIR>>/sbuild/sbuild-auth.h:23:
In file included from /<<PKGBUILDDIR>>/sbuild/sbuild-custom-error.h:22:
In file included from /<<PKGBUILDDIR>>/sbuild/sbuild-error.h:344:
/<<PKGBUILDDIR>>/sbuild/sbuild-error.tcc:260:43: warning: instantiation of variable 'sbuild::error<sbuild::stat::error_code>::error_strings' required here, but no definition is available [-Wundefined-var-template]
  typename map_type::const_iterator pos = error_strings.find(error);
                                          ^
/<<PKGBUILDDIR>>/sbuild/sbuild-error.tcc:39:19: note: in instantiation of member function 'sbuild::error<sbuild::stat::error_code>::get_error' requested here
  std::string msg(get_error(error));
                  ^
/<<PKGBUILDDIR>>/sbuild/sbuild-custom-error.h:122:30: note: in instantiation of function template specialization 'sbuild::error<sbuild::stat::error_code>::format_error<std::__cxx11::basic_string<char>, sbuild::null, sbuild::null, char *, sbuild::null, sbuild::null>' requested here
      sbuild::error<T>(this->format_error(context, null(), null(), error, detail, null(), null()),
                             ^
/<<PKGBUILDDIR>>/sbuild/sbuild-util.h:414:19: note: in instantiation of function template specialization 'sbuild::custom_error<sbuild::stat::error_code>::custom_error<std::__cxx11::basic_string<char>, char *>' requested here
            throw error(this->file, FILE, std::strerror(this->errorno));
                  ^
/<<PKGBUILDDIR>>/sbuild/sbuild-error.h:146:21: note: forward declaration of template entity is here
    static map_type error_strings;
                    ^
/<<PKGBUILDDIR>>/sbuild/sbuild-error.tcc:260:43: note: add an explicit instantiation declaration to suppress this warning if 'sbuild::error<sbuild::stat::error_code>::error_strings' is explicitly instantiated in another translation unit
  typename map_type::const_iterator pos = error_strings.find(error);
                                          ^
1 warning generated.
1 warning generated.
make[4]: Leaving directory '/<<PKGBUILDDIR>>/debian/build'
make[3]: *** [CMakeFiles/Makefile2:455: sbuild/CMakeFiles/sbuild.dir/all] Error 2
make[3]: Leaving directory '/<<PKGBUILDDIR>>/debian/build'
make[2]: *** [Makefile:144: all] Error 2
make[2]: Leaving directory '/<<PKGBUILDDIR>>/debian/build'
make[1]: *** [debian/rules:73: override_dh_auto_build] Error 2
make[1]: Leaving directory '/<<PKGBUILDDIR>>'
make: *** [debian/rules:41: build] Error 2
dpkg-buildpackage: error: debian/rules build subprocess returned exit status 2
--------------------------------------------------------------------------------
Build finished at 2020-05-03T04:22:57Z

Finished
--------


+------------------------------------------------------------------------------+
| Cleanup                                                                      |
+------------------------------------------------------------------------------+

Purging /<<BUILDDIR>>
Not cleaning session: cloned chroot in use
E: Build failure (dpkg-buildpackage died)

+------------------------------------------------------------------------------+
| Summary                                                                      |
+------------------------------------------------------------------------------+

Build Architecture: amd64
Build Type: binary
Build-Space: 26844
Build-Time: 37
Distribution: unstable
Fail-Stage: build
Host Architecture: amd64
Install-Time: 25
Job: schroot_1.6.10-9
Machine Architecture: amd64
Package: schroot
Package-Time: 77
Source-Version: 1.6.10-9
Space: 26844
Status: attempted
Version: 1.6.10-9
--------------------------------------------------------------------------------
Finished at 2020-05-03T04:22:57Z
Build needed 00:01:17, 26844k disk space
E: Build failure (dpkg-buildpackage died)
DC-Status: Failed 78.079120271s
DC-Time-Estimation: 78.079120271 versus expected 352 (r/m: 3.5082475158309285 ; m: 78.079120271)
