DC-Build-Header: tinyobjloader 2.0.0~rc5+dfsg1-2 / 2020-05-03 02:12:06 +0000
DC-Task: type:rebuild-binarch-only source:tinyobjloader version:2.0.0~rc5+dfsg1-2 chroot:unstable esttime: logfile:/tmp/tinyobjloader_2.0.0~rc5+dfsg1-2_unstable_clang10.log modes:clang10:binarch-only
DC-Sbuild-call: su user42 -c 'sbuild -n --arch-any --apt-update -d unstable -v --no-run-lintian --chroot-setup-commands=/tmp/clang10 tinyobjloader_2.0.0~rc5+dfsg1-2'
sbuild (Debian sbuild) 0.78.1 (09 February 2019) on ip-172-31-13-92.eu-central-1.compute.internal

+==============================================================================+
| tinyobjloader 2.0.0~rc5+dfsg1-2 (amd64)      Sun, 03 May 2020 02:12:06 +0000 |
+==============================================================================+

Package: tinyobjloader
Version: 2.0.0~rc5+dfsg1-2
Source Version: 2.0.0~rc5+dfsg1-2
Distribution: unstable
Machine Architecture: amd64
Host Architecture: amd64
Build Architecture: amd64
Build Type: binary

I: NOTICE: Log filtering will replace 'var/run/schroot/mount/sid-amd64-sbuild-dc9e79a5-796f-46ef-ba13-a24f2d7654ff' with '<<CHROOT>>'

+------------------------------------------------------------------------------+
| Chroot Setup Commands                                                        |
+------------------------------------------------------------------------------+


/tmp/clang10
------------

+ echo 'Entering customization script...'
Entering customization script...
+ CLANG_VERSION=10
+ echo 'Install of clang-10'
Install of clang-10
+ apt-get update
Get:1 http://127.0.0.1:12990/debian sid InRelease [146 kB]
Get:2 http://127.0.0.1:12990/debian sid/main Sources.diff/Index [27.9 kB]
Get:3 http://127.0.0.1:12990/debian sid/main amd64 Packages.diff/Index [27.9 kB]
Get:4 http://127.0.0.1:12990/debian sid/main Sources 2020-05-02-0208.16.pdiff [3982 B]
Get:5 http://127.0.0.1:12990/debian sid/main Sources 2020-05-02-0807.49.pdiff [10.9 kB]
Get:6 http://127.0.0.1:12990/debian sid/main Sources 2020-05-02-1412.30.pdiff [12.9 kB]
Get:7 http://127.0.0.1:12990/debian sid/main Sources 2020-05-02-2007.10.pdiff [13.4 kB]
Get:7 http://127.0.0.1:12990/debian sid/main Sources 2020-05-02-2007.10.pdiff [13.4 kB]
Get:8 http://127.0.0.1:12990/debian sid/main amd64 Packages 2020-05-02-0208.16.pdiff [2772 B]
Get:9 http://127.0.0.1:12990/debian sid/main amd64 Packages 2020-05-02-0807.49.pdiff [3238 B]
Get:10 http://127.0.0.1:12990/debian sid/main amd64 Packages 2020-05-02-1412.30.pdiff [7641 B]
Get:11 http://127.0.0.1:12990/debian sid/main amd64 Packages 2020-05-02-2007.10.pdiff [10.5 kB]
Get:11 http://127.0.0.1:12990/debian sid/main amd64 Packages 2020-05-02-2007.10.pdiff [10.5 kB]
Get:12 http://127.0.0.1:12990/debian sid/main Translation-en [6192 kB]
Fetched 6459 kB in 2s (3843 kB/s)
Reading package lists...
+ apt-get install --yes --no-install-recommends --force-yes clang-10 libomp-10-dev libobjc-9-dev
Reading package lists...
Building dependency tree...
The following additional packages will be installed:
  lib32gcc-s1 lib32gcc1 lib32stdc++6 libbsd0 libc6-i386 libclang-common-10-dev
  libclang-cpp10 libclang1-10 libedit2 libgc1c2 libllvm10 libobjc4 libomp5-10
  libz3-4
Suggested packages:
  clang-10-doc libomp-10-doc
Recommended packages:
  llvm-10-dev python3
The following NEW packages will be installed:
  clang-10 lib32gcc-s1 lib32gcc1 lib32stdc++6 libbsd0 libc6-i386
  libclang-common-10-dev libclang-cpp10 libclang1-10 libedit2 libgc1c2
  libllvm10 libobjc-9-dev libobjc4 libomp-10-dev libomp5-10 libz3-4
0 upgraded, 17 newly installed, 0 to remove and 0 not upgraded.
Need to get 49.8 MB of archives.
After this operation, 259 MB of additional disk space will be used.
Get:1 http://127.0.0.1:12990/debian sid/main amd64 libbsd0 amd64 0.10.0-1 [107 kB]
Get:2 http://127.0.0.1:12990/debian sid/main amd64 libedit2 amd64 3.1-20191231-1 [95.4 kB]
Get:3 http://127.0.0.1:12990/debian sid/main amd64 libz3-4 amd64 4.8.7-4 [6790 kB]
Get:4 http://127.0.0.1:12990/debian sid/main amd64 libllvm10 amd64 1:10.0.0-4 [15.5 MB]
Get:5 http://127.0.0.1:12990/debian sid/main amd64 libclang-cpp10 amd64 1:10.0.0-4 [10.1 MB]
Get:6 http://127.0.0.1:12990/debian sid/main amd64 libgc1c2 amd64 1:7.6.4-0.4 [224 kB]
Get:7 http://127.0.0.1:12990/debian sid/main amd64 libobjc4 amd64 10-20200418-1 [41.7 kB]
Get:8 http://127.0.0.1:12990/debian sid/main amd64 libobjc-9-dev amd64 9.3.0-11 [218 kB]
Get:9 http://127.0.0.1:12990/debian sid/main amd64 libc6-i386 amd64 2.30-4 [2926 kB]
Get:10 http://127.0.0.1:12990/debian sid/main amd64 lib32gcc-s1 amd64 10-20200418-1 [49.4 kB]
Get:11 http://127.0.0.1:12990/debian sid/main amd64 lib32gcc1 amd64 1:10-20200418-1 [1100 B]
Get:12 http://127.0.0.1:12990/debian sid/main amd64 lib32stdc++6 amd64 10-20200418-1 [510 kB]
Get:13 http://127.0.0.1:12990/debian sid/main amd64 libclang-common-10-dev amd64 1:10.0.0-4 [5062 kB]
Get:14 http://127.0.0.1:12990/debian sid/main amd64 libclang1-10 amd64 1:10.0.0-4 [7609 kB]
Get:15 http://127.0.0.1:12990/debian sid/main amd64 clang-10 amd64 1:10.0.0-4 [105 kB]
Get:16 http://127.0.0.1:12990/debian sid/main amd64 libomp5-10 amd64 1:10.0.0-4 [338 kB]
Get:17 http://127.0.0.1:12990/debian sid/main amd64 libomp-10-dev amd64 1:10.0.0-4 [85.0 kB]
debconf: delaying package configuration, since apt-utils is not installed
Fetched 49.8 MB in 0s (141 MB/s)
Selecting previously unselected package libbsd0:amd64.
(Reading database ... (Reading database ... 5%(Reading database ... 10%(Reading database ... 15%(Reading database ... 20%(Reading database ... 25%(Reading database ... 30%(Reading database ... 35%(Reading database ... 40%(Reading database ... 45%(Reading database ... 50%(Reading database ... 55%(Reading database ... 60%(Reading database ... 65%(Reading database ... 70%(Reading database ... 75%(Reading database ... 80%(Reading database ... 85%(Reading database ... 90%(Reading database ... 95%(Reading database ... 100%(Reading database ... 12123 files and directories currently installed.)
Preparing to unpack .../00-libbsd0_0.10.0-1_amd64.deb ...
Unpacking libbsd0:amd64 (0.10.0-1) ...
Selecting previously unselected package libedit2:amd64.
Preparing to unpack .../01-libedit2_3.1-20191231-1_amd64.deb ...
Unpacking libedit2:amd64 (3.1-20191231-1) ...
Selecting previously unselected package libz3-4:amd64.
Preparing to unpack .../02-libz3-4_4.8.7-4_amd64.deb ...
Unpacking libz3-4:amd64 (4.8.7-4) ...
Selecting previously unselected package libllvm10:amd64.
Preparing to unpack .../03-libllvm10_1%3a10.0.0-4_amd64.deb ...
Unpacking libllvm10:amd64 (1:10.0.0-4) ...
Selecting previously unselected package libclang-cpp10.
Preparing to unpack .../04-libclang-cpp10_1%3a10.0.0-4_amd64.deb ...
Unpacking libclang-cpp10 (1:10.0.0-4) ...
Selecting previously unselected package libgc1c2:amd64.
Preparing to unpack .../05-libgc1c2_1%3a7.6.4-0.4_amd64.deb ...
Unpacking libgc1c2:amd64 (1:7.6.4-0.4) ...
Selecting previously unselected package libobjc4:amd64.
Preparing to unpack .../06-libobjc4_10-20200418-1_amd64.deb ...
Unpacking libobjc4:amd64 (10-20200418-1) ...
Selecting previously unselected package libobjc-9-dev:amd64.
Preparing to unpack .../07-libobjc-9-dev_9.3.0-11_amd64.deb ...
Unpacking libobjc-9-dev:amd64 (9.3.0-11) ...
Selecting previously unselected package libc6-i386.
Preparing to unpack .../08-libc6-i386_2.30-4_amd64.deb ...
Unpacking libc6-i386 (2.30-4) ...
Selecting previously unselected package lib32gcc-s1.
Preparing to unpack .../09-lib32gcc-s1_10-20200418-1_amd64.deb ...
Unpacking lib32gcc-s1 (10-20200418-1) ...
Selecting previously unselected package lib32gcc1.
Preparing to unpack .../10-lib32gcc1_1%3a10-20200418-1_amd64.deb ...
Unpacking lib32gcc1 (1:10-20200418-1) ...
Selecting previously unselected package lib32stdc++6.
Preparing to unpack .../11-lib32stdc++6_10-20200418-1_amd64.deb ...
Unpacking lib32stdc++6 (10-20200418-1) ...
Selecting previously unselected package libclang-common-10-dev.
Preparing to unpack .../12-libclang-common-10-dev_1%3a10.0.0-4_amd64.deb ...
Unpacking libclang-common-10-dev (1:10.0.0-4) ...
Selecting previously unselected package libclang1-10.
Preparing to unpack .../13-libclang1-10_1%3a10.0.0-4_amd64.deb ...
Unpacking libclang1-10 (1:10.0.0-4) ...
Selecting previously unselected package clang-10.
Preparing to unpack .../14-clang-10_1%3a10.0.0-4_amd64.deb ...
Unpacking clang-10 (1:10.0.0-4) ...
Selecting previously unselected package libomp5-10:amd64.
Preparing to unpack .../15-libomp5-10_1%3a10.0.0-4_amd64.deb ...
Unpacking libomp5-10:amd64 (1:10.0.0-4) ...
Selecting previously unselected package libomp-10-dev.
Preparing to unpack .../16-libomp-10-dev_1%3a10.0.0-4_amd64.deb ...
Unpacking libomp-10-dev (1:10.0.0-4) ...
Setting up libgc1c2:amd64 (1:7.6.4-0.4) ...
Setting up libobjc4:amd64 (10-20200418-1) ...
Setting up libz3-4:amd64 (4.8.7-4) ...
Setting up libobjc-9-dev:amd64 (9.3.0-11) ...
Setting up libomp5-10:amd64 (1:10.0.0-4) ...
Setting up libc6-i386 (2.30-4) ...
Setting up libbsd0:amd64 (0.10.0-1) ...
Setting up libomp-10-dev (1:10.0.0-4) ...
Setting up libedit2:amd64 (3.1-20191231-1) ...
Setting up libllvm10:amd64 (1:10.0.0-4) ...
Setting up lib32gcc-s1 (10-20200418-1) ...
Setting up libclang1-10 (1:10.0.0-4) ...
Setting up lib32gcc1 (1:10-20200418-1) ...
Setting up libclang-cpp10 (1:10.0.0-4) ...
Setting up lib32stdc++6 (10-20200418-1) ...
Setting up libclang-common-10-dev (1:10.0.0-4) ...
Setting up clang-10 (1:10.0.0-4) ...
Processing triggers for libc-bin (2.30-4) ...
W: --force-yes is deprecated, use one of the options starting with --allow instead.
+ echo 'Replace gcc, g++ & cpp by clang'
Replace gcc, g++ & cpp by clang
+ VERSIONS='4.6 4.7 4.8 4.9 5 6 7 8 9 10'
+ cd /usr/bin
+ for VERSION in $VERSIONS
+ rm -f g++-4.6 gcc-4.6 cpp-4.6 gcc
+ ln -s clang++-10 g++-4.6
+ ln -s clang-10 gcc-4.6
+ ln -s clang-10 cpp-4.6
+ ln -s clang-10 gcc
+ echo 'gcc-4.6 hold'
+ dpkg --set-selections
dpkg: warning: package not in status nor available database at line 1: gcc-4.6
dpkg: warning: found unknown packages; this might mean the available database
is outdated, and needs to be updated through a frontend method;
please see the FAQ <https://wiki.debian.org/Teams/Dpkg/FAQ>
+ echo 'g++-4.6 hold'
+ dpkg --set-selections
dpkg: warning: package not in status nor available database at line 1: g++-4.6
dpkg: warning: found unknown packages; this might mean the available database
is outdated, and needs to be updated through a frontend method;
please see the FAQ <https://wiki.debian.org/Teams/Dpkg/FAQ>
+ for VERSION in $VERSIONS
+ rm -f g++-4.7 gcc-4.7 cpp-4.7 gcc
+ ln -s clang++-10 g++-4.7
+ ln -s clang-10 gcc-4.7
+ ln -s clang-10 cpp-4.7
+ ln -s clang-10 gcc
+ echo 'gcc-4.7 hold'
+ dpkg --set-selections
dpkg: warning: package not in status nor available database at line 1: gcc-4.7
dpkg: warning: found unknown packages; this might mean the available database
is outdated, and needs to be updated through a frontend method;
please see the FAQ <https://wiki.debian.org/Teams/Dpkg/FAQ>
+ echo 'g++-4.7 hold'
+ dpkg --set-selections
dpkg: warning: package not in status nor available database at line 1: g++-4.7
dpkg: warning: found unknown packages; this might mean the available database
is outdated, and needs to be updated through a frontend method;
please see the FAQ <https://wiki.debian.org/Teams/Dpkg/FAQ>
+ for VERSION in $VERSIONS
+ rm -f g++-4.8 gcc-4.8 cpp-4.8 gcc
+ ln -s clang++-10 g++-4.8
+ ln -s clang-10 gcc-4.8
+ ln -s clang-10 cpp-4.8
+ ln -s clang-10 gcc
+ echo 'gcc-4.8 hold'
+ dpkg --set-selections
dpkg: warning: package not in status nor available database at line 1: gcc-4.8
dpkg: warning: found unknown packages; this might mean the available database
is outdated, and needs to be updated through a frontend method;
please see the FAQ <https://wiki.debian.org/Teams/Dpkg/FAQ>
+ echo 'g++-4.8 hold'
+ dpkg --set-selections
dpkg: warning: package not in status nor available database at line 1: g++-4.8
dpkg: warning: found unknown packages; this might mean the available database
is outdated, and needs to be updated through a frontend method;
please see the FAQ <https://wiki.debian.org/Teams/Dpkg/FAQ>
+ for VERSION in $VERSIONS
+ rm -f g++-4.9 gcc-4.9 cpp-4.9 gcc
+ ln -s clang++-10 g++-4.9
+ ln -s clang-10 gcc-4.9
+ ln -s clang-10 cpp-4.9
+ ln -s clang-10 gcc
+ echo 'gcc-4.9 hold'
+ dpkg --set-selections
dpkg: warning: package not in status nor available database at line 1: gcc-4.9
dpkg: warning: found unknown packages; this might mean the available database
is outdated, and needs to be updated through a frontend method;
please see the FAQ <https://wiki.debian.org/Teams/Dpkg/FAQ>
+ echo 'g++-4.9 hold'
+ dpkg --set-selections
dpkg: warning: package not in status nor available database at line 1: g++-4.9
dpkg: warning: found unknown packages; this might mean the available database
is outdated, and needs to be updated through a frontend method;
please see the FAQ <https://wiki.debian.org/Teams/Dpkg/FAQ>
+ for VERSION in $VERSIONS
+ rm -f g++-5 gcc-5 cpp-5 gcc
+ ln -s clang++-10 g++-5
+ ln -s clang-10 gcc-5
+ ln -s clang-10 cpp-5
+ ln -s clang-10 gcc
+ echo 'gcc-5 hold'
+ dpkg --set-selections
dpkg: warning: package not in status nor available database at line 1: gcc-5
dpkg: warning: found unknown packages; this might mean the available database
is outdated, and needs to be updated through a frontend method;
please see the FAQ <https://wiki.debian.org/Teams/Dpkg/FAQ>
+ echo 'g++-5 hold'
+ dpkg --set-selections
dpkg: warning: package not in status nor available database at line 1: g++-5
dpkg: warning: found unknown packages; this might mean the available database
is outdated, and needs to be updated through a frontend method;
please see the FAQ <https://wiki.debian.org/Teams/Dpkg/FAQ>
+ for VERSION in $VERSIONS
+ rm -f g++-6 gcc-6 cpp-6 gcc
+ ln -s clang++-10 g++-6
+ ln -s clang-10 gcc-6
+ ln -s clang-10 cpp-6
+ ln -s clang-10 gcc
+ echo 'gcc-6 hold'
+ dpkg --set-selections
dpkg: warning: package not in status nor available database at line 1: gcc-6
dpkg: warning: found unknown packages; this might mean the available database
is outdated, and needs to be updated through a frontend method;
please see the FAQ <https://wiki.debian.org/Teams/Dpkg/FAQ>
+ echo 'g++-6 hold'
+ dpkg --set-selections
dpkg: warning: package not in status nor available database at line 1: g++-6
dpkg: warning: found unknown packages; this might mean the available database
is outdated, and needs to be updated through a frontend method;
please see the FAQ <https://wiki.debian.org/Teams/Dpkg/FAQ>
+ for VERSION in $VERSIONS
+ rm -f g++-7 gcc-7 cpp-7 gcc
+ ln -s clang++-10 g++-7
+ ln -s clang-10 gcc-7
+ ln -s clang-10 cpp-7
+ ln -s clang-10 gcc
+ echo 'gcc-7 hold'
+ dpkg --set-selections
dpkg: warning: package not in status nor available database at line 1: gcc-7
dpkg: warning: found unknown packages; this might mean the available database
is outdated, and needs to be updated through a frontend method;
please see the FAQ <https://wiki.debian.org/Teams/Dpkg/FAQ>
+ echo 'g++-7 hold'
+ dpkg --set-selections
dpkg: warning: package not in status nor available database at line 1: g++-7
dpkg: warning: found unknown packages; this might mean the available database
is outdated, and needs to be updated through a frontend method;
please see the FAQ <https://wiki.debian.org/Teams/Dpkg/FAQ>
+ for VERSION in $VERSIONS
+ rm -f g++-8 gcc-8 cpp-8 gcc
+ ln -s clang++-10 g++-8
+ ln -s clang-10 gcc-8
+ ln -s clang-10 cpp-8
+ ln -s clang-10 gcc
+ echo 'gcc-8 hold'
+ dpkg --set-selections
dpkg: warning: package not in status nor available database at line 1: gcc-8
dpkg: warning: found unknown packages; this might mean the available database
is outdated, and needs to be updated through a frontend method;
please see the FAQ <https://wiki.debian.org/Teams/Dpkg/FAQ>
+ echo 'g++-8 hold'
+ dpkg --set-selections
dpkg: warning: package not in status nor available database at line 1: g++-8
dpkg: warning: found unknown packages; this might mean the available database
is outdated, and needs to be updated through a frontend method;
please see the FAQ <https://wiki.debian.org/Teams/Dpkg/FAQ>
+ for VERSION in $VERSIONS
+ rm -f g++-9 gcc-9 cpp-9 gcc
+ ln -s clang++-10 g++-9
+ ln -s clang-10 gcc-9
+ ln -s clang-10 cpp-9
+ ln -s clang-10 gcc
+ echo 'gcc-9 hold'
+ dpkg --set-selections
+ echo 'g++-9 hold'
+ dpkg --set-selections
+ for VERSION in $VERSIONS
+ rm -f g++-10 gcc-10 cpp-10 gcc
+ ln -s clang++-10 g++-10
+ ln -s clang-10 gcc-10
+ ln -s clang-10 cpp-10
+ ln -s clang-10 gcc
+ echo 'gcc-10 hold'
+ dpkg --set-selections
dpkg: warning: package not in status nor available database at line 1: gcc-10
dpkg: warning: found unknown packages; this might mean the available database
is outdated, and needs to be updated through a frontend method;
please see the FAQ <https://wiki.debian.org/Teams/Dpkg/FAQ>
+ echo 'g++-10 hold'
+ dpkg --set-selections
dpkg: warning: package not in status nor available database at line 1: g++-10
dpkg: warning: found unknown packages; this might mean the available database
is outdated, and needs to be updated through a frontend method;
please see the FAQ <https://wiki.debian.org/Teams/Dpkg/FAQ>
+ cd -
/build/tinyobjloader-PoSiJx
+ echo 'Check if gcc, g++ & cpp are actually clang'
Check if gcc, g++ & cpp are actually clang
+ gcc --version
+ grep clang
+ cpp --version
+ grep clang
+ g++ --version
+ grep clang
+ cd /usr/bin/
+ rm -f clang++ clang
+ ln -s clang-10 clang++
+ ln -s clang-10 clang
+ clang++ --version
clang version 10.0.0-4 
Target: x86_64-pc-linux-gnu
Thread model: posix
InstalledDir: /usr/bin
+ clang --version
clang version 10.0.0-4 
Target: x86_64-pc-linux-gnu
Thread model: posix
InstalledDir: /usr/bin
+ cd -
/build/tinyobjloader-PoSiJx
+ apt install --yes --no-install-recommends --force-yes qt5-qmake

WARNING: apt does not have a stable CLI interface. Use with caution in scripts.

Reading package lists...
Building dependency tree...
Reading state information...
The following additional packages will be installed:
  qt5-qmake-bin qtchooser
The following NEW packages will be installed:
  qt5-qmake qt5-qmake-bin qtchooser
0 upgraded, 3 newly installed, 0 to remove and 0 not upgraded.
Need to get 1270 kB of archives.
After this operation, 4788 kB of additional disk space will be used.
Get:1 http://127.0.0.1:12990/debian sid/main amd64 qt5-qmake-bin amd64 5.12.5+dfsg-10 [1015 kB]
Get:2 http://127.0.0.1:12990/debian sid/main amd64 qtchooser amd64 66-2 [26.3 kB]
Get:3 http://127.0.0.1:12990/debian sid/main amd64 qt5-qmake amd64 5.12.5+dfsg-10 [229 kB]
debconf: delaying package configuration, since apt-utils is not installed
Fetched 1270 kB in 0s (19.9 MB/s)
Selecting previously unselected package qt5-qmake-bin.
(Reading database ... (Reading database ... 5%(Reading database ... 10%(Reading database ... 15%(Reading database ... 20%(Reading database ... 25%(Reading database ... 30%(Reading database ... 35%(Reading database ... 40%(Reading database ... 45%(Reading database ... 50%(Reading database ... 55%(Reading database ... 60%(Reading database ... 65%(Reading database ... 70%(Reading database ... 75%(Reading database ... 80%(Reading database ... 85%(Reading database ... 90%(Reading database ... 95%(Reading database ... 100%(Reading database ... 12968 files and directories currently installed.)
Preparing to unpack .../qt5-qmake-bin_5.12.5+dfsg-10_amd64.deb ...
Unpacking qt5-qmake-bin (5.12.5+dfsg-10) ...
Selecting previously unselected package qtchooser.
Preparing to unpack .../qtchooser_66-2_amd64.deb ...
Unpacking qtchooser (66-2) ...
Selecting previously unselected package qt5-qmake:amd64.
Preparing to unpack .../qt5-qmake_5.12.5+dfsg-10_amd64.deb ...
Unpacking qt5-qmake:amd64 (5.12.5+dfsg-10) ...
Setting up qt5-qmake-bin (5.12.5+dfsg-10) ...
Setting up qtchooser (66-2) ...
Setting up qt5-qmake:amd64 (5.12.5+dfsg-10) ...
W: --force-yes is deprecated, use one of the options starting with --allow instead.
+ cp /usr/lib/x86_64-linux-gnu/qt5/mkspecs/linux-clang/qmake.conf /usr/lib/x86_64-linux-gnu/qt5/mkspecs/linux-clang/qplatformdefs.h /usr/lib/x86_64-linux-gnu/qt5/mkspecs/linux-g++/
+ ls -al /usr/lib/x86_64-linux-gnu/qt5/mkspecs/linux-g++/
total 16
drwxr-xr-x  2 root root 4096 May  3 02:12 .
drwxr-xr-x 75 root root 4096 May  3 02:12 ..
-rw-r--r--  1 root root  276 May  3 02:12 qmake.conf
-rw-r--r--  1 root root 3218 May  3 02:12 qplatformdefs.h
+ cat /usr/lib/x86_64-linux-gnu/qt5/mkspecs/linux-g++/qmake.conf
#
# qmake configuration for linux-clang
#

MAKEFILE_GENERATOR = UNIX
CONFIG += incremental

QMAKE_INCREMENTAL_STYLE = sublib

include(../common/linux.conf)
include(../common/gcc-base-unix.conf)
include(../common/clang.conf)

QMAKE_LFLAGS += -ccc-gcc-name g++

load(qt_config)
+ export QMAKESPEC=/usr/lib/x86_64-linux-gnu/qt5/mkspecs/linux-clang/
+ QMAKESPEC=/usr/lib/x86_64-linux-gnu/qt5/mkspecs/linux-clang/
+ sed -i -e 's|compare_problem(2,|compare_problem(0,|g' /usr/bin/dpkg-gensymbols
+ sed -i -e 's|compare_problem(1,|compare_problem(0,|g' /usr/bin/dpkg-gensymbols
+ grep 'compare_problem(' /usr/bin/dpkg-gensymbols
        compare_problem(4, g_('new libraries appeared in the symbols file: %s'), "@libs");
        compare_problem(3, g_('some libraries disappeared in the symbols file: %s'), "@libs");
        compare_problem(0, g_('some new symbols appeared in the symbols file: %s'),
        compare_problem(0, g_('some symbols or patterns disappeared in the symbols file: %s'),

I: Finished running '/tmp/clang10'.

Finished processing commands.
--------------------------------------------------------------------------------
I: NOTICE: Log filtering will replace 'build/tinyobjloader-PoSiJx/resolver-xihukB' with '<<RESOLVERDIR>>'

+------------------------------------------------------------------------------+
| Update chroot                                                                |
+------------------------------------------------------------------------------+

Hit:1 http://127.0.0.1:12990/debian sid InRelease
Reading package lists...
Reading package lists...
Building dependency tree...
Reading state information...
Calculating upgrade...
0 upgraded, 0 newly installed, 0 to remove and 0 not upgraded.

+------------------------------------------------------------------------------+
| Fetch source files                                                           |
+------------------------------------------------------------------------------+


Check APT
---------

Checking available source versions...

Download source files with APT
------------------------------

Reading package lists...
NOTICE: 'tinyobjloader' packaging is maintained in the 'Git' version control system at:
https://salsa.debian.org/debian/tinyobjloader.git
Please use:
git clone https://salsa.debian.org/debian/tinyobjloader.git
to retrieve the latest (possibly unreleased) updates to the package.
Need to get 386 kB of source archives.
Get:1 http://127.0.0.1:12990/debian sid/main tinyobjloader 2.0.0~rc5+dfsg1-2 (dsc) [2286 B]
Get:2 http://127.0.0.1:12990/debian sid/main tinyobjloader 2.0.0~rc5+dfsg1-2 (tar) [375 kB]
Get:3 http://127.0.0.1:12990/debian sid/main tinyobjloader 2.0.0~rc5+dfsg1-2 (diff) [9144 B]
Fetched 386 kB in 0s (4439 kB/s)
Download complete and in download only mode
I: NOTICE: Log filtering will replace 'build/tinyobjloader-PoSiJx/tinyobjloader-2.0.0~rc5+dfsg1' with '<<PKGBUILDDIR>>'
I: NOTICE: Log filtering will replace 'build/tinyobjloader-PoSiJx' with '<<BUILDDIR>>'

+------------------------------------------------------------------------------+
| Install package build dependencies                                           |
+------------------------------------------------------------------------------+


Setup apt archive
-----------------

Merged Build-Depends: debhelper-compat (= 12), cmake, dh-python, python3-all-dev, python3-setuptools, python3-pybind11, pybind11-dev, build-essential, fakeroot
Filtered Build-Depends: debhelper-compat (= 12), cmake, dh-python, python3-all-dev, python3-setuptools, python3-pybind11, pybind11-dev, build-essential, fakeroot
dpkg-deb: building package 'sbuild-build-depends-main-dummy' in '/<<RESOLVERDIR>>/apt_archive/sbuild-build-depends-main-dummy.deb'.
Ign:1 copy:/<<RESOLVERDIR>>/apt_archive ./ InRelease
Get:2 copy:/<<RESOLVERDIR>>/apt_archive ./ Release [957 B]
Ign:3 copy:/<<RESOLVERDIR>>/apt_archive ./ Release.gpg
Get:4 copy:/<<RESOLVERDIR>>/apt_archive ./ Sources [409 B]
Get:5 copy:/<<RESOLVERDIR>>/apt_archive ./ Packages [488 B]
Fetched 1854 B in 0s (184 kB/s)
Reading package lists...
Reading package lists...

Install main build dependencies (apt-based resolver)
----------------------------------------------------

Installing build dependencies
Reading package lists...
Building dependency tree...
Reading state information...
The following additional packages will be installed:
  autoconf automake autopoint autotools-dev bsdmainutils cmake cmake-data
  debhelper dh-autoreconf dh-python dh-strip-nondeterminism dwz file gettext
  gettext-base groff-base intltool-debian libarchive-zip-perl libarchive13
  libbrotli1 libcroco3 libcurl4 libdebhelper-perl libelf1 libexpat1
  libexpat1-dev libfile-stripnondeterminism-perl libglib2.0-0 libgssapi-krb5-2
  libicu63 libjsoncpp1 libk5crypto3 libkeyutils1 libkrb5-3 libkrb5support0
  libldap-2.4-2 libldap-common libmagic-mgc libmagic1 libmpdec2 libncurses6
  libnghttp2-14 libpipeline1 libprocps8 libpsl5 libpython3-all-dev
  libpython3-dev libpython3-stdlib libpython3.8 libpython3.8-dev
  libpython3.8-minimal libpython3.8-stdlib libreadline8 librhash0 librtmp1
  libsasl2-2 libsasl2-modules-db libsigsegv2 libsqlite3-0 libssh2-1 libssl1.1
  libsub-override-perl libtool libuchardet0 libuv1 libxml2 m4 man-db
  mime-support po-debconf procps pybind11-dev python3 python3-all
  python3-all-dev python3-dev python3-distutils python3-lib2to3
  python3-minimal python3-pkg-resources python3-pybind11 python3-setuptools
  python3.8 python3.8-dev python3.8-minimal readline-common sensible-utils
  zlib1g-dev
Suggested packages:
  autoconf-archive gnu-standards autoconf-doc wamerican | wordlist whois
  vacation cmake-doc ninja-build dh-make gettext-doc libasprintf-dev
  libgettextpo-dev groff lrzip krb5-doc krb5-user libtool-doc gfortran
  | fortran95-compiler gcj-jdk m4-doc apparmor less www-browser
  libmail-box-perl pybind11-doc python3-doc python3-tk python3-venv
  python-setuptools-doc python3.8-venv python3.8-doc binfmt-support
  readline-doc
Recommended packages:
  curl | wget | lynx ca-certificates libarchive-cpio-perl libglib2.0-data
  shared-mime-info xdg-user-dirs krb5-locales libgpm2 publicsuffix
  libsasl2-modules libltdl-dev libmail-sendmail-perl psmisc libeigen3-dev
  python3-numpy
The following NEW packages will be installed:
  autoconf automake autopoint autotools-dev bsdmainutils cmake cmake-data
  debhelper dh-autoreconf dh-python dh-strip-nondeterminism dwz file gettext
  gettext-base groff-base intltool-debian libarchive-zip-perl libarchive13
  libbrotli1 libcroco3 libcurl4 libdebhelper-perl libelf1 libexpat1
  libexpat1-dev libfile-stripnondeterminism-perl libglib2.0-0 libgssapi-krb5-2
  libicu63 libjsoncpp1 libk5crypto3 libkeyutils1 libkrb5-3 libkrb5support0
  libldap-2.4-2 libldap-common libmagic-mgc libmagic1 libmpdec2 libncurses6
  libnghttp2-14 libpipeline1 libprocps8 libpsl5 libpython3-all-dev
  libpython3-dev libpython3-stdlib libpython3.8 libpython3.8-dev
  libpython3.8-minimal libpython3.8-stdlib libreadline8 librhash0 librtmp1
  libsasl2-2 libsasl2-modules-db libsigsegv2 libsqlite3-0 libssh2-1 libssl1.1
  libsub-override-perl libtool libuchardet0 libuv1 libxml2 m4 man-db
  mime-support po-debconf procps pybind11-dev python3 python3-all
  python3-all-dev python3-dev python3-distutils python3-lib2to3
  python3-minimal python3-pkg-resources python3-pybind11 python3-setuptools
  python3.8 python3.8-dev python3.8-minimal readline-common
  sbuild-build-depends-main-dummy sensible-utils zlib1g-dev
0 upgraded, 89 newly installed, 0 to remove and 0 not upgraded.
Need to get 42.9 MB of archives.
After this operation, 166 MB of additional disk space will be used.
Get:1 copy:/<<RESOLVERDIR>>/apt_archive ./ sbuild-build-depends-main-dummy 0.invalid.0 [920 B]
Get:2 http://127.0.0.1:12990/debian sid/main amd64 bsdmainutils amd64 11.1.2+b1 [191 kB]
Get:3 http://127.0.0.1:12990/debian sid/main amd64 libuchardet0 amd64 0.0.6-3 [64.9 kB]
Get:4 http://127.0.0.1:12990/debian sid/main amd64 groff-base amd64 1.22.4-4 [919 kB]
Get:5 http://127.0.0.1:12990/debian sid/main amd64 libpipeline1 amd64 1.5.2-2 [33.9 kB]
Get:6 http://127.0.0.1:12990/debian sid/main amd64 man-db amd64 2.9.1-1 [1308 kB]
Get:7 http://127.0.0.1:12990/debian sid/main amd64 libssl1.1 amd64 1.1.1g-1 [1543 kB]
Get:8 http://127.0.0.1:12990/debian sid/main amd64 libpython3.8-minimal amd64 3.8.3~rc1-1 [760 kB]
Get:9 http://127.0.0.1:12990/debian sid/main amd64 libexpat1 amd64 2.2.9-1 [94.3 kB]
Get:10 http://127.0.0.1:12990/debian sid/main amd64 python3.8-minimal amd64 3.8.3~rc1-1 [1944 kB]
Get:11 http://127.0.0.1:12990/debian sid/main amd64 python3-minimal amd64 3.8.2-3 [37.6 kB]
Get:12 http://127.0.0.1:12990/debian sid/main amd64 mime-support all 3.64 [37.8 kB]
Get:13 http://127.0.0.1:12990/debian sid/main amd64 libmpdec2 amd64 2.4.2-3 [84.1 kB]
Get:14 http://127.0.0.1:12990/debian sid/main amd64 readline-common all 8.0-4 [72.5 kB]
Get:15 http://127.0.0.1:12990/debian sid/main amd64 libreadline8 amd64 8.0-4 [160 kB]
Get:16 http://127.0.0.1:12990/debian sid/main amd64 libsqlite3-0 amd64 3.31.1-5 [661 kB]
Get:17 http://127.0.0.1:12990/debian sid/main amd64 libpython3.8-stdlib amd64 3.8.3~rc1-1 [1667 kB]
Get:18 http://127.0.0.1:12990/debian sid/main amd64 python3.8 amd64 3.8.3~rc1-1 [415 kB]
Get:19 http://127.0.0.1:12990/debian sid/main amd64 libpython3-stdlib amd64 3.8.2-3 [20.8 kB]
Get:20 http://127.0.0.1:12990/debian sid/main amd64 python3 amd64 3.8.2-3 [63.7 kB]
Get:21 http://127.0.0.1:12990/debian sid/main amd64 libncurses6 amd64 6.2-1 [102 kB]
Get:22 http://127.0.0.1:12990/debian sid/main amd64 libprocps8 amd64 2:3.3.16-4 [62.7 kB]
Get:23 http://127.0.0.1:12990/debian sid/main amd64 procps amd64 2:3.3.16-4 [262 kB]
Get:24 http://127.0.0.1:12990/debian sid/main amd64 sensible-utils all 0.0.12+nmu1 [16.0 kB]
Get:25 http://127.0.0.1:12990/debian sid/main amd64 libmagic-mgc amd64 1:5.38-4 [262 kB]
Get:26 http://127.0.0.1:12990/debian sid/main amd64 libmagic1 amd64 1:5.38-4 [120 kB]
Get:27 http://127.0.0.1:12990/debian sid/main amd64 file amd64 1:5.38-4 [67.9 kB]
Get:28 http://127.0.0.1:12990/debian sid/main amd64 gettext-base amd64 0.19.8.1-10 [123 kB]
Get:29 http://127.0.0.1:12990/debian sid/main amd64 libsigsegv2 amd64 2.12-2 [32.8 kB]
Get:30 http://127.0.0.1:12990/debian sid/main amd64 m4 amd64 1.4.18-4 [203 kB]
Get:31 http://127.0.0.1:12990/debian sid/main amd64 autoconf all 2.69-11.1 [341 kB]
Get:32 http://127.0.0.1:12990/debian sid/main amd64 autotools-dev all 20180224.1 [77.0 kB]
Get:33 http://127.0.0.1:12990/debian sid/main amd64 automake all 1:1.16.2-1 [775 kB]
Get:34 http://127.0.0.1:12990/debian sid/main amd64 autopoint all 0.19.8.1-10 [435 kB]
Get:35 http://127.0.0.1:12990/debian sid/main amd64 cmake-data all 3.16.3-2 [1628 kB]
Get:36 http://127.0.0.1:12990/debian sid/main amd64 libicu63 amd64 63.2-3 [8296 kB]
Get:37 http://127.0.0.1:12990/debian sid/main amd64 libxml2 amd64 2.9.10+dfsg-5 [709 kB]
Get:38 http://127.0.0.1:12990/debian sid/main amd64 libarchive13 amd64 3.4.0-2 [335 kB]
Get:39 http://127.0.0.1:12990/debian sid/main amd64 libbrotli1 amd64 1.0.7-6.1 [267 kB]
Get:40 http://127.0.0.1:12990/debian sid/main amd64 libkrb5support0 amd64 1.17-7 [64.4 kB]
Get:41 http://127.0.0.1:12990/debian sid/main amd64 libk5crypto3 amd64 1.17-7 [115 kB]
Get:42 http://127.0.0.1:12990/debian sid/main amd64 libkeyutils1 amd64 1.6.1-2 [15.4 kB]
Get:43 http://127.0.0.1:12990/debian sid/main amd64 libkrb5-3 amd64 1.17-7 [366 kB]
Get:44 http://127.0.0.1:12990/debian sid/main amd64 libgssapi-krb5-2 amd64 1.17-7 [156 kB]
Get:45 http://127.0.0.1:12990/debian sid/main amd64 libsasl2-modules-db amd64 2.1.27+dfsg-2 [69.0 kB]
Get:46 http://127.0.0.1:12990/debian sid/main amd64 libsasl2-2 amd64 2.1.27+dfsg-2 [106 kB]
Get:47 http://127.0.0.1:12990/debian sid/main amd64 libldap-common all 2.4.50+dfsg-1 [92.9 kB]
Get:48 http://127.0.0.1:12990/debian sid/main amd64 libldap-2.4-2 amd64 2.4.50+dfsg-1 [228 kB]
Get:49 http://127.0.0.1:12990/debian sid/main amd64 libnghttp2-14 amd64 1.40.0-1 [85.0 kB]
Get:50 http://127.0.0.1:12990/debian sid/main amd64 libpsl5 amd64 0.21.0-1 [55.1 kB]
Get:51 http://127.0.0.1:12990/debian sid/main amd64 librtmp1 amd64 2.4+20151223.gitfa8646d.1-2+b1 [60.8 kB]
Get:52 http://127.0.0.1:12990/debian sid/main amd64 libssh2-1 amd64 1.8.0-2.1 [140 kB]
Get:53 http://127.0.0.1:12990/debian sid/main amd64 libcurl4 amd64 7.68.0-1 [321 kB]
Get:54 http://127.0.0.1:12990/debian sid/main amd64 libjsoncpp1 amd64 1.7.4-3.1 [77.6 kB]
Get:55 http://127.0.0.1:12990/debian sid/main amd64 librhash0 amd64 1.3.9-1 [123 kB]
Get:56 http://127.0.0.1:12990/debian sid/main amd64 libuv1 amd64 1.35.0-2 [128 kB]
Get:57 http://127.0.0.1:12990/debian sid/main amd64 cmake amd64 3.16.3-2 [3675 kB]
Get:58 http://127.0.0.1:12990/debian sid/main amd64 libtool all 2.4.6-14 [513 kB]
Get:59 http://127.0.0.1:12990/debian sid/main amd64 dh-autoreconf all 19 [16.9 kB]
Get:60 http://127.0.0.1:12990/debian sid/main amd64 libdebhelper-perl all 13 [184 kB]
Get:61 http://127.0.0.1:12990/debian sid/main amd64 libarchive-zip-perl all 1.68-1 [104 kB]
Get:62 http://127.0.0.1:12990/debian sid/main amd64 libsub-override-perl all 0.09-2 [10.2 kB]
Get:63 http://127.0.0.1:12990/debian sid/main amd64 libfile-stripnondeterminism-perl all 1.8.0-1 [24.2 kB]
Get:64 http://127.0.0.1:12990/debian sid/main amd64 dh-strip-nondeterminism all 1.8.0-1 [14.8 kB]
Get:65 http://127.0.0.1:12990/debian sid/main amd64 libelf1 amd64 0.176-1.1 [161 kB]
Get:66 http://127.0.0.1:12990/debian sid/main amd64 dwz amd64 0.13-5 [151 kB]
Get:67 http://127.0.0.1:12990/debian sid/main amd64 libglib2.0-0 amd64 2.64.2-1 [1343 kB]
Get:68 http://127.0.0.1:12990/debian sid/main amd64 libcroco3 amd64 0.6.13-1 [146 kB]
Get:69 http://127.0.0.1:12990/debian sid/main amd64 gettext amd64 0.19.8.1-10 [1303 kB]
Get:70 http://127.0.0.1:12990/debian sid/main amd64 intltool-debian all 0.35.0+20060710.5 [26.8 kB]
Get:71 http://127.0.0.1:12990/debian sid/main amd64 po-debconf all 1.0.21 [248 kB]
Get:72 http://127.0.0.1:12990/debian sid/main amd64 debhelper all 13 [1002 kB]
Get:73 http://127.0.0.1:12990/debian sid/main amd64 python3-lib2to3 all 3.8.2-2 [78.4 kB]
Get:74 http://127.0.0.1:12990/debian sid/main amd64 python3-distutils all 3.8.2-2 [145 kB]
Get:75 http://127.0.0.1:12990/debian sid/main amd64 dh-python all 4.20200315 [91.6 kB]
Get:76 http://127.0.0.1:12990/debian sid/main amd64 libexpat1-dev amd64 2.2.9-1 [136 kB]
Get:77 http://127.0.0.1:12990/debian sid/main amd64 libpython3.8 amd64 3.8.3~rc1-1 [1620 kB]
Get:78 http://127.0.0.1:12990/debian sid/main amd64 libpython3.8-dev amd64 3.8.3~rc1-1 [3930 kB]
Get:79 http://127.0.0.1:12990/debian sid/main amd64 libpython3-dev amd64 3.8.2-3 [21.0 kB]
Get:80 http://127.0.0.1:12990/debian sid/main amd64 libpython3-all-dev amd64 3.8.2-3 [1068 B]
Get:81 http://127.0.0.1:12990/debian sid/main amd64 pybind11-dev all 2.5.0-4 [138 kB]
Get:82 http://127.0.0.1:12990/debian sid/main amd64 python3-all amd64 3.8.2-3 [1056 B]
Get:83 http://127.0.0.1:12990/debian sid/main amd64 zlib1g-dev amd64 1:1.2.11.dfsg-2 [190 kB]
Get:84 http://127.0.0.1:12990/debian sid/main amd64 python3.8-dev amd64 3.8.3~rc1-1 [514 kB]
Get:85 http://127.0.0.1:12990/debian sid/main amd64 python3-dev amd64 3.8.2-3 [1164 B]
Get:86 http://127.0.0.1:12990/debian sid/main amd64 python3-all-dev amd64 3.8.2-3 [1064 B]
Get:87 http://127.0.0.1:12990/debian sid/main amd64 python3-pkg-resources all 46.1.3-1 [183 kB]
Get:88 http://127.0.0.1:12990/debian sid/main amd64 python3-pybind11 all 2.5.0-4 [133 kB]
Get:89 http://127.0.0.1:12990/debian sid/main amd64 python3-setuptools all 46.1.3-1 [382 kB]
debconf: delaying package configuration, since apt-utils is not installed
Fetched 42.9 MB in 0s (106 MB/s)
Selecting previously unselected package bsdmainutils.
(Reading database ... 13685 files and directories currently installed.)
Preparing to unpack .../0-bsdmainutils_11.1.2+b1_amd64.deb ...
Unpacking bsdmainutils (11.1.2+b1) ...
Selecting previously unselected package libuchardet0:amd64.
Preparing to unpack .../1-libuchardet0_0.0.6-3_amd64.deb ...
Unpacking libuchardet0:amd64 (0.0.6-3) ...
Selecting previously unselected package groff-base.
Preparing to unpack .../2-groff-base_1.22.4-4_amd64.deb ...
Unpacking groff-base (1.22.4-4) ...
Selecting previously unselected package libpipeline1:amd64.
Preparing to unpack .../3-libpipeline1_1.5.2-2_amd64.deb ...
Unpacking libpipeline1:amd64 (1.5.2-2) ...
Selecting previously unselected package man-db.
Preparing to unpack .../4-man-db_2.9.1-1_amd64.deb ...
Unpacking man-db (2.9.1-1) ...
Selecting previously unselected package libssl1.1:amd64.
Preparing to unpack .../5-libssl1.1_1.1.1g-1_amd64.deb ...
Unpacking libssl1.1:amd64 (1.1.1g-1) ...
Selecting previously unselected package libpython3.8-minimal:amd64.
Preparing to unpack .../6-libpython3.8-minimal_3.8.3~rc1-1_amd64.deb ...
Unpacking libpython3.8-minimal:amd64 (3.8.3~rc1-1) ...
Selecting previously unselected package libexpat1:amd64.
Preparing to unpack .../7-libexpat1_2.2.9-1_amd64.deb ...
Unpacking libexpat1:amd64 (2.2.9-1) ...
Selecting previously unselected package python3.8-minimal.
Preparing to unpack .../8-python3.8-minimal_3.8.3~rc1-1_amd64.deb ...
Unpacking python3.8-minimal (3.8.3~rc1-1) ...
Setting up libssl1.1:amd64 (1.1.1g-1) ...
Setting up libpython3.8-minimal:amd64 (3.8.3~rc1-1) ...
Setting up libexpat1:amd64 (2.2.9-1) ...
Setting up python3.8-minimal (3.8.3~rc1-1) ...
Selecting previously unselected package python3-minimal.
(Reading database ... 14634 files and directories currently installed.)
Preparing to unpack .../0-python3-minimal_3.8.2-3_amd64.deb ...
Unpacking python3-minimal (3.8.2-3) ...
Selecting previously unselected package mime-support.
Preparing to unpack .../1-mime-support_3.64_all.deb ...
Unpacking mime-support (3.64) ...
Selecting previously unselected package libmpdec2:amd64.
Preparing to unpack .../2-libmpdec2_2.4.2-3_amd64.deb ...
Unpacking libmpdec2:amd64 (2.4.2-3) ...
Selecting previously unselected package readline-common.
Preparing to unpack .../3-readline-common_8.0-4_all.deb ...
Unpacking readline-common (8.0-4) ...
Selecting previously unselected package libreadline8:amd64.
Preparing to unpack .../4-libreadline8_8.0-4_amd64.deb ...
Unpacking libreadline8:amd64 (8.0-4) ...
Selecting previously unselected package libsqlite3-0:amd64.
Preparing to unpack .../5-libsqlite3-0_3.31.1-5_amd64.deb ...
Unpacking libsqlite3-0:amd64 (3.31.1-5) ...
Selecting previously unselected package libpython3.8-stdlib:amd64.
Preparing to unpack .../6-libpython3.8-stdlib_3.8.3~rc1-1_amd64.deb ...
Unpacking libpython3.8-stdlib:amd64 (3.8.3~rc1-1) ...
Selecting previously unselected package python3.8.
Preparing to unpack .../7-python3.8_3.8.3~rc1-1_amd64.deb ...
Unpacking python3.8 (3.8.3~rc1-1) ...
Selecting previously unselected package libpython3-stdlib:amd64.
Preparing to unpack .../8-libpython3-stdlib_3.8.2-3_amd64.deb ...
Unpacking libpython3-stdlib:amd64 (3.8.2-3) ...
Setting up python3-minimal (3.8.2-3) ...
Selecting previously unselected package python3.
(Reading database ... 15068 files and directories currently installed.)
Preparing to unpack .../00-python3_3.8.2-3_amd64.deb ...
Unpacking python3 (3.8.2-3) ...
Selecting previously unselected package libncurses6:amd64.
Preparing to unpack .../01-libncurses6_6.2-1_amd64.deb ...
Unpacking libncurses6:amd64 (6.2-1) ...
Selecting previously unselected package libprocps8:amd64.
Preparing to unpack .../02-libprocps8_2%3a3.3.16-4_amd64.deb ...
Unpacking libprocps8:amd64 (2:3.3.16-4) ...
Selecting previously unselected package procps.
Preparing to unpack .../03-procps_2%3a3.3.16-4_amd64.deb ...
Unpacking procps (2:3.3.16-4) ...
Selecting previously unselected package sensible-utils.
Preparing to unpack .../04-sensible-utils_0.0.12+nmu1_all.deb ...
Unpacking sensible-utils (0.0.12+nmu1) ...
Selecting previously unselected package libmagic-mgc.
Preparing to unpack .../05-libmagic-mgc_1%3a5.38-4_amd64.deb ...
Unpacking libmagic-mgc (1:5.38-4) ...
Selecting previously unselected package libmagic1:amd64.
Preparing to unpack .../06-libmagic1_1%3a5.38-4_amd64.deb ...
Unpacking libmagic1:amd64 (1:5.38-4) ...
Selecting previously unselected package file.
Preparing to unpack .../07-file_1%3a5.38-4_amd64.deb ...
Unpacking file (1:5.38-4) ...
Selecting previously unselected package gettext-base.
Preparing to unpack .../08-gettext-base_0.19.8.1-10_amd64.deb ...
Unpacking gettext-base (0.19.8.1-10) ...
Selecting previously unselected package libsigsegv2:amd64.
Preparing to unpack .../09-libsigsegv2_2.12-2_amd64.deb ...
Unpacking libsigsegv2:amd64 (2.12-2) ...
Selecting previously unselected package m4.
Preparing to unpack .../10-m4_1.4.18-4_amd64.deb ...
Unpacking m4 (1.4.18-4) ...
Selecting previously unselected package autoconf.
Preparing to unpack .../11-autoconf_2.69-11.1_all.deb ...
Unpacking autoconf (2.69-11.1) ...
Selecting previously unselected package autotools-dev.
Preparing to unpack .../12-autotools-dev_20180224.1_all.deb ...
Unpacking autotools-dev (20180224.1) ...
Selecting previously unselected package automake.
Preparing to unpack .../13-automake_1%3a1.16.2-1_all.deb ...
Unpacking automake (1:1.16.2-1) ...
Selecting previously unselected package autopoint.
Preparing to unpack .../14-autopoint_0.19.8.1-10_all.deb ...
Unpacking autopoint (0.19.8.1-10) ...
Selecting previously unselected package cmake-data.
Preparing to unpack .../15-cmake-data_3.16.3-2_all.deb ...
Unpacking cmake-data (3.16.3-2) ...
Selecting previously unselected package libicu63:amd64.
Preparing to unpack .../16-libicu63_63.2-3_amd64.deb ...
Unpacking libicu63:amd64 (63.2-3) ...
Selecting previously unselected package libxml2:amd64.
Preparing to unpack .../17-libxml2_2.9.10+dfsg-5_amd64.deb ...
Unpacking libxml2:amd64 (2.9.10+dfsg-5) ...
Selecting previously unselected package libarchive13:amd64.
Preparing to unpack .../18-libarchive13_3.4.0-2_amd64.deb ...
Unpacking libarchive13:amd64 (3.4.0-2) ...
Selecting previously unselected package libbrotli1:amd64.
Preparing to unpack .../19-libbrotli1_1.0.7-6.1_amd64.deb ...
Unpacking libbrotli1:amd64 (1.0.7-6.1) ...
Selecting previously unselected package libkrb5support0:amd64.
Preparing to unpack .../20-libkrb5support0_1.17-7_amd64.deb ...
Unpacking libkrb5support0:amd64 (1.17-7) ...
Selecting previously unselected package libk5crypto3:amd64.
Preparing to unpack .../21-libk5crypto3_1.17-7_amd64.deb ...
Unpacking libk5crypto3:amd64 (1.17-7) ...
Selecting previously unselected package libkeyutils1:amd64.
Preparing to unpack .../22-libkeyutils1_1.6.1-2_amd64.deb ...
Unpacking libkeyutils1:amd64 (1.6.1-2) ...
Selecting previously unselected package libkrb5-3:amd64.
Preparing to unpack .../23-libkrb5-3_1.17-7_amd64.deb ...
Unpacking libkrb5-3:amd64 (1.17-7) ...
Selecting previously unselected package libgssapi-krb5-2:amd64.
Preparing to unpack .../24-libgssapi-krb5-2_1.17-7_amd64.deb ...
Unpacking libgssapi-krb5-2:amd64 (1.17-7) ...
Selecting previously unselected package libsasl2-modules-db:amd64.
Preparing to unpack .../25-libsasl2-modules-db_2.1.27+dfsg-2_amd64.deb ...
Unpacking libsasl2-modules-db:amd64 (2.1.27+dfsg-2) ...
Selecting previously unselected package libsasl2-2:amd64.
Preparing to unpack .../26-libsasl2-2_2.1.27+dfsg-2_amd64.deb ...
Unpacking libsasl2-2:amd64 (2.1.27+dfsg-2) ...
Selecting previously unselected package libldap-common.
Preparing to unpack .../27-libldap-common_2.4.50+dfsg-1_all.deb ...
Unpacking libldap-common (2.4.50+dfsg-1) ...
Selecting previously unselected package libldap-2.4-2:amd64.
Preparing to unpack .../28-libldap-2.4-2_2.4.50+dfsg-1_amd64.deb ...
Unpacking libldap-2.4-2:amd64 (2.4.50+dfsg-1) ...
Selecting previously unselected package libnghttp2-14:amd64.
Preparing to unpack .../29-libnghttp2-14_1.40.0-1_amd64.deb ...
Unpacking libnghttp2-14:amd64 (1.40.0-1) ...
Selecting previously unselected package libpsl5:amd64.
Preparing to unpack .../30-libpsl5_0.21.0-1_amd64.deb ...
Unpacking libpsl5:amd64 (0.21.0-1) ...
Selecting previously unselected package librtmp1:amd64.
Preparing to unpack .../31-librtmp1_2.4+20151223.gitfa8646d.1-2+b1_amd64.deb ...
Unpacking librtmp1:amd64 (2.4+20151223.gitfa8646d.1-2+b1) ...
Selecting previously unselected package libssh2-1:amd64.
Preparing to unpack .../32-libssh2-1_1.8.0-2.1_amd64.deb ...
Unpacking libssh2-1:amd64 (1.8.0-2.1) ...
Selecting previously unselected package libcurl4:amd64.
Preparing to unpack .../33-libcurl4_7.68.0-1_amd64.deb ...
Unpacking libcurl4:amd64 (7.68.0-1) ...
Selecting previously unselected package libjsoncpp1:amd64.
Preparing to unpack .../34-libjsoncpp1_1.7.4-3.1_amd64.deb ...
Unpacking libjsoncpp1:amd64 (1.7.4-3.1) ...
Selecting previously unselected package librhash0:amd64.
Preparing to unpack .../35-librhash0_1.3.9-1_amd64.deb ...
Unpacking librhash0:amd64 (1.3.9-1) ...
Selecting previously unselected package libuv1:amd64.
Preparing to unpack .../36-libuv1_1.35.0-2_amd64.deb ...
Unpacking libuv1:amd64 (1.35.0-2) ...
Selecting previously unselected package cmake.
Preparing to unpack .../37-cmake_3.16.3-2_amd64.deb ...
Unpacking cmake (3.16.3-2) ...
Selecting previously unselected package libtool.
Preparing to unpack .../38-libtool_2.4.6-14_all.deb ...
Unpacking libtool (2.4.6-14) ...
Selecting previously unselected package dh-autoreconf.
Preparing to unpack .../39-dh-autoreconf_19_all.deb ...
Unpacking dh-autoreconf (19) ...
Selecting previously unselected package libdebhelper-perl.
Preparing to unpack .../40-libdebhelper-perl_13_all.deb ...
Unpacking libdebhelper-perl (13) ...
Selecting previously unselected package libarchive-zip-perl.
Preparing to unpack .../41-libarchive-zip-perl_1.68-1_all.deb ...
Unpacking libarchive-zip-perl (1.68-1) ...
Selecting previously unselected package libsub-override-perl.
Preparing to unpack .../42-libsub-override-perl_0.09-2_all.deb ...
Unpacking libsub-override-perl (0.09-2) ...
Selecting previously unselected package libfile-stripnondeterminism-perl.
Preparing to unpack .../43-libfile-stripnondeterminism-perl_1.8.0-1_all.deb ...
Unpacking libfile-stripnondeterminism-perl (1.8.0-1) ...
Selecting previously unselected package dh-strip-nondeterminism.
Preparing to unpack .../44-dh-strip-nondeterminism_1.8.0-1_all.deb ...
Unpacking dh-strip-nondeterminism (1.8.0-1) ...
Selecting previously unselected package libelf1:amd64.
Preparing to unpack .../45-libelf1_0.176-1.1_amd64.deb ...
Unpacking libelf1:amd64 (0.176-1.1) ...
Selecting previously unselected package dwz.
Preparing to unpack .../46-dwz_0.13-5_amd64.deb ...
Unpacking dwz (0.13-5) ...
Selecting previously unselected package libglib2.0-0:amd64.
Preparing to unpack .../47-libglib2.0-0_2.64.2-1_amd64.deb ...
Unpacking libglib2.0-0:amd64 (2.64.2-1) ...
Selecting previously unselected package libcroco3:amd64.
Preparing to unpack .../48-libcroco3_0.6.13-1_amd64.deb ...
Unpacking libcroco3:amd64 (0.6.13-1) ...
Selecting previously unselected package gettext.
Preparing to unpack .../49-gettext_0.19.8.1-10_amd64.deb ...
Unpacking gettext (0.19.8.1-10) ...
Selecting previously unselected package intltool-debian.
Preparing to unpack .../50-intltool-debian_0.35.0+20060710.5_all.deb ...
Unpacking intltool-debian (0.35.0+20060710.5) ...
Selecting previously unselected package po-debconf.
Preparing to unpack .../51-po-debconf_1.0.21_all.deb ...
Unpacking po-debconf (1.0.21) ...
Selecting previously unselected package debhelper.
Preparing to unpack .../52-debhelper_13_all.deb ...
Unpacking debhelper (13) ...
Selecting previously unselected package python3-lib2to3.
Preparing to unpack .../53-python3-lib2to3_3.8.2-2_all.deb ...
Unpacking python3-lib2to3 (3.8.2-2) ...
Selecting previously unselected package python3-distutils.
Preparing to unpack .../54-python3-distutils_3.8.2-2_all.deb ...
Unpacking python3-distutils (3.8.2-2) ...
Selecting previously unselected package dh-python.
Preparing to unpack .../55-dh-python_4.20200315_all.deb ...
Unpacking dh-python (4.20200315) ...
Selecting previously unselected package libexpat1-dev:amd64.
Preparing to unpack .../56-libexpat1-dev_2.2.9-1_amd64.deb ...
Unpacking libexpat1-dev:amd64 (2.2.9-1) ...
Selecting previously unselected package libpython3.8:amd64.
Preparing to unpack .../57-libpython3.8_3.8.3~rc1-1_amd64.deb ...
Unpacking libpython3.8:amd64 (3.8.3~rc1-1) ...
Selecting previously unselected package libpython3.8-dev:amd64.
Preparing to unpack .../58-libpython3.8-dev_3.8.3~rc1-1_amd64.deb ...
Unpacking libpython3.8-dev:amd64 (3.8.3~rc1-1) ...
Selecting previously unselected package libpython3-dev:amd64.
Preparing to unpack .../59-libpython3-dev_3.8.2-3_amd64.deb ...
Unpacking libpython3-dev:amd64 (3.8.2-3) ...
Selecting previously unselected package libpython3-all-dev:amd64.
Preparing to unpack .../60-libpython3-all-dev_3.8.2-3_amd64.deb ...
Unpacking libpython3-all-dev:amd64 (3.8.2-3) ...
Selecting previously unselected package pybind11-dev.
Preparing to unpack .../61-pybind11-dev_2.5.0-4_all.deb ...
Unpacking pybind11-dev (2.5.0-4) ...
Selecting previously unselected package python3-all.
Preparing to unpack .../62-python3-all_3.8.2-3_amd64.deb ...
Unpacking python3-all (3.8.2-3) ...
Selecting previously unselected package zlib1g-dev:amd64.
Preparing to unpack .../63-zlib1g-dev_1%3a1.2.11.dfsg-2_amd64.deb ...
Unpacking zlib1g-dev:amd64 (1:1.2.11.dfsg-2) ...
Selecting previously unselected package python3.8-dev.
Preparing to unpack .../64-python3.8-dev_3.8.3~rc1-1_amd64.deb ...
Unpacking python3.8-dev (3.8.3~rc1-1) ...
Selecting previously unselected package python3-dev.
Preparing to unpack .../65-python3-dev_3.8.2-3_amd64.deb ...
Unpacking python3-dev (3.8.2-3) ...
Selecting previously unselected package python3-all-dev.
Preparing to unpack .../66-python3-all-dev_3.8.2-3_amd64.deb ...
Unpacking python3-all-dev (3.8.2-3) ...
Selecting previously unselected package python3-pkg-resources.
Preparing to unpack .../67-python3-pkg-resources_46.1.3-1_all.deb ...
Unpacking python3-pkg-resources (46.1.3-1) ...
Selecting previously unselected package python3-pybind11.
Preparing to unpack .../68-python3-pybind11_2.5.0-4_all.deb ...
Unpacking python3-pybind11 (2.5.0-4) ...
Selecting previously unselected package python3-setuptools.
Preparing to unpack .../69-python3-setuptools_46.1.3-1_all.deb ...
Unpacking python3-setuptools (46.1.3-1) ...
Selecting previously unselected package sbuild-build-depends-main-dummy.
Preparing to unpack .../70-sbuild-build-depends-main-dummy_0.invalid.0_amd64.deb ...
Unpacking sbuild-build-depends-main-dummy (0.invalid.0) ...
Setting up libpipeline1:amd64 (1.5.2-2) ...
Setting up libkeyutils1:amd64 (1.6.1-2) ...
Setting up libpsl5:amd64 (0.21.0-1) ...
Setting up mime-support (3.64) ...
Setting up libmagic-mgc (1:5.38-4) ...
Setting up libarchive-zip-perl (1.68-1) ...
Setting up libglib2.0-0:amd64 (2.64.2-1) ...
No schema files found: doing nothing.
Setting up libdebhelper-perl (13) ...
Setting up libbrotli1:amd64 (1.0.7-6.1) ...
Setting up libsqlite3-0:amd64 (3.31.1-5) ...
Setting up libnghttp2-14:amd64 (1.40.0-1) ...
Setting up libmagic1:amd64 (1:5.38-4) ...
Setting up gettext-base (0.19.8.1-10) ...
Setting up file (1:5.38-4) ...
Setting up libldap-common (2.4.50+dfsg-1) ...
Setting up pybind11-dev (2.5.0-4) ...
Setting up libicu63:amd64 (63.2-3) ...
Setting up libkrb5support0:amd64 (1.17-7) ...
Setting up libsasl2-modules-db:amd64 (2.1.27+dfsg-2) ...
Setting up autotools-dev (20180224.1) ...
Setting up libuv1:amd64 (1.35.0-2) ...
Setting up libexpat1-dev:amd64 (2.2.9-1) ...
Setting up librtmp1:amd64 (2.4+20151223.gitfa8646d.1-2+b1) ...
Setting up libncurses6:amd64 (6.2-1) ...
Setting up libsigsegv2:amd64 (2.12-2) ...
Setting up bsdmainutils (11.1.2+b1) ...
update-alternatives: using /usr/bin/bsd-write to provide /usr/bin/write (write) in auto mode
update-alternatives: using /usr/bin/bsd-from to provide /usr/bin/from (from) in auto mode
Setting up autopoint (0.19.8.1-10) ...
Setting up libk5crypto3:amd64 (1.17-7) ...
Setting up libsasl2-2:amd64 (2.1.27+dfsg-2) ...
Setting up zlib1g-dev:amd64 (1:1.2.11.dfsg-2) ...
Setting up sensible-utils (0.0.12+nmu1) ...
Setting up librhash0:amd64 (1.3.9-1) ...
Setting up libuchardet0:amd64 (0.0.6-3) ...
Setting up libsub-override-perl (0.09-2) ...
Setting up libssh2-1:amd64 (1.8.0-2.1) ...
Setting up cmake-data (3.16.3-2) ...
Setting up libkrb5-3:amd64 (1.17-7) ...
Setting up libmpdec2:amd64 (2.4.2-3) ...
Setting up libelf1:amd64 (0.176-1.1) ...
Setting up readline-common (8.0-4) ...
Setting up libxml2:amd64 (2.9.10+dfsg-5) ...
Setting up libprocps8:amd64 (2:3.3.16-4) ...
Setting up libjsoncpp1:amd64 (1.7.4-3.1) ...
Setting up libfile-stripnondeterminism-perl (1.8.0-1) ...
Setting up libtool (2.4.6-14) ...
Setting up libarchive13:amd64 (3.4.0-2) ...
Setting up libreadline8:amd64 (8.0-4) ...
Setting up libldap-2.4-2:amd64 (2.4.50+dfsg-1) ...
Setting up m4 (1.4.18-4) ...
Setting up libgssapi-krb5-2:amd64 (1.17-7) ...
Setting up libcroco3:amd64 (0.6.13-1) ...
Setting up autoconf (2.69-11.1) ...
Setting up dh-strip-nondeterminism (1.8.0-1) ...
Setting up dwz (0.13-5) ...
Setting up groff-base (1.22.4-4) ...
Setting up procps (2:3.3.16-4) ...
update-alternatives: using /usr/bin/w.procps to provide /usr/bin/w (w) in auto mode
Setting up libcurl4:amd64 (7.68.0-1) ...
Setting up libpython3.8-stdlib:amd64 (3.8.3~rc1-1) ...
Setting up python3.8 (3.8.3~rc1-1) ...
Setting up libpython3-stdlib:amd64 (3.8.2-3) ...
Setting up automake (1:1.16.2-1) ...
update-alternatives: using /usr/bin/automake-1.16 to provide /usr/bin/automake (automake) in auto mode
Setting up gettext (0.19.8.1-10) ...
Setting up python3 (3.8.2-3) ...
Setting up man-db (2.9.1-1) ...
Not building database; man-db/auto-update is not 'true'.
Setting up intltool-debian (0.35.0+20060710.5) ...
Setting up libpython3.8:amd64 (3.8.3~rc1-1) ...
Setting up cmake (3.16.3-2) ...
Setting up python3-lib2to3 (3.8.2-2) ...
Setting up python3-pybind11 (2.5.0-4) ...
Setting up python3-pkg-resources (46.1.3-1) ...
Setting up python3-distutils (3.8.2-2) ...
Setting up dh-python (4.20200315) ...
Setting up python3-setuptools (46.1.3-1) ...
Setting up po-debconf (1.0.21) ...
Setting up python3-all (3.8.2-3) ...
Setting up libpython3.8-dev:amd64 (3.8.3~rc1-1) ...
Setting up python3.8-dev (3.8.3~rc1-1) ...
Setting up libpython3-dev:amd64 (3.8.2-3) ...
Setting up libpython3-all-dev:amd64 (3.8.2-3) ...
Setting up python3-dev (3.8.2-3) ...
Setting up python3-all-dev (3.8.2-3) ...
Setting up dh-autoreconf (19) ...
Setting up debhelper (13) ...
Setting up sbuild-build-depends-main-dummy (0.invalid.0) ...
Processing triggers for libc-bin (2.30-4) ...

+------------------------------------------------------------------------------+
| Check architectures                                                          |
+------------------------------------------------------------------------------+

Arch check ok (amd64 included in any)

+------------------------------------------------------------------------------+
| Build environment                                                            |
+------------------------------------------------------------------------------+

Kernel: Linux 4.19.0-6-cloud-amd64 #1 SMP Debian 4.19.67-2+deb10u2 (2019-11-11) amd64 (x86_64)
Toolchain package versions: binutils_2.34-6 dpkg-dev_1.19.7 g++-9_9.3.0-11 gcc-9_9.3.0-11 libc6-dev_2.30-4 libstdc++-9-dev_9.3.0-11 libstdc++6_10-20200418-1 linux-libc-dev_5.6.7-1
Package versions: adduser_3.118 apt_2.0.2 autoconf_2.69-11.1 automake_1:1.16.2-1 autopoint_0.19.8.1-10 autotools-dev_20180224.1 base-files_11 base-passwd_3.5.47 bash_5.0-6 binutils_2.34-6 binutils-common_2.34-6 binutils-x86-64-linux-gnu_2.34-6 bsdmainutils_11.1.2+b1 bsdutils_1:2.34-0.1 build-essential_12.8 bzip2_1.0.8-2 clang-10_1:10.0.0-4 cmake_3.16.3-2 cmake-data_3.16.3-2 coreutils_8.30-3+b1 cpp_4:9.2.1-3.1 cpp-9_9.3.0-11 dash_0.5.10.2-7 debconf_1.5.74 debhelper_13 debian-archive-keyring_2019.1 debianutils_4.9.1 dh-autoreconf_19 dh-python_4.20200315 dh-strip-nondeterminism_1.8.0-1 diffutils_1:3.7-3 dpkg_1.19.7 dpkg-dev_1.19.7 dwz_0.13-5 e2fsprogs_1.45.6-1 fakeroot_1.24-1 fdisk_2.34-0.1 file_1:5.38-4 findutils_4.7.0-1 g++_4:9.2.1-3.1 g++-9_9.3.0-11 gcc_4:9.2.1-3.1 gcc-10-base_10-20200418-1 gcc-9_9.3.0-11 gcc-9-base_9.3.0-11 gettext_0.19.8.1-10 gettext-base_0.19.8.1-10 gpgv_2.2.20-1 grep_3.4-1 groff-base_1.22.4-4 gzip_1.10-2 hostname_3.23 init-system-helpers_1.57 intltool-debian_0.35.0+20060710.5 lib32gcc-s1_10-20200418-1 lib32gcc1_1:10-20200418-1 lib32stdc++6_10-20200418-1 libacl1_2.2.53-8 libapt-pkg6.0_2.0.2 libarchive-zip-perl_1.68-1 libarchive13_3.4.0-2 libasan5_9.3.0-11 libatomic1_10-20200418-1 libattr1_1:2.4.48-5 libaudit-common_1:2.8.5-3 libaudit1_1:2.8.5-3+b1 libbinutils_2.34-6 libblkid1_2.34-0.1 libbrotli1_1.0.7-6.1 libbsd0_0.10.0-1 libbz2-1.0_1.0.8-2 libc-bin_2.30-4 libc-dev-bin_2.30-4 libc6_2.30-4 libc6-dev_2.30-4 libc6-i386_2.30-4 libcap-ng0_0.7.9-2.1+b2 libcc1-0_10-20200418-1 libclang-common-10-dev_1:10.0.0-4 libclang-cpp10_1:10.0.0-4 libclang1-10_1:10.0.0-4 libcom-err2_1.45.6-1 libcroco3_0.6.13-1 libcrypt-dev_1:4.4.16-1 libcrypt1_1:4.4.16-1 libctf-nobfd0_2.34-6 libctf0_2.34-6 libcurl4_7.68.0-1 libdb5.3_5.3.28+dfsg1-0.6 libdebconfclient0_0.251 libdebhelper-perl_13 libdpkg-perl_1.19.7 libedit2_3.1-20191231-1 libelf1_0.176-1.1 libexpat1_2.2.9-1 libexpat1-dev_2.2.9-1 libext2fs2_1.45.6-1 libfakeroot_1.24-1 libfdisk1_2.34-0.1 libffi7_3.3-4 libfile-stripnondeterminism-perl_1.8.0-1 libgc1c2_1:7.6.4-0.4 libgcc-9-dev_9.3.0-11 libgcc-s1_10-20200418-1 libgcrypt20_1.8.5-5 libgdbm-compat4_1.18.1-5 libgdbm6_1.18.1-5 libglib2.0-0_2.64.2-1 libgmp10_2:6.2.0+dfsg-4 libgnutls30_3.6.13-2 libgomp1_10-20200418-1 libgpg-error0_1.37-1 libgssapi-krb5-2_1.17-7 libhogweed5_3.5.1+really3.5.1-2 libicu63_63.2-3 libidn2-0_2.3.0-1 libisl22_0.22.1-1 libitm1_10-20200418-1 libjsoncpp1_1.7.4-3.1 libk5crypto3_1.17-7 libkeyutils1_1.6.1-2 libkrb5-3_1.17-7 libkrb5support0_1.17-7 libldap-2.4-2_2.4.50+dfsg-1 libldap-common_2.4.50+dfsg-1 libllvm10_1:10.0.0-4 liblsan0_10-20200418-1 liblz4-1_1.9.2-2 liblzma5_5.2.4-1+b1 libmagic-mgc_1:5.38-4 libmagic1_1:5.38-4 libmount1_2.34-0.1 libmpc3_1.1.0-1 libmpdec2_2.4.2-3 libmpfr6_4.0.2-1 libncurses6_6.2-1 libncursesw6_6.2-1 libnettle7_3.5.1+really3.5.1-2 libnghttp2-14_1.40.0-1 libobjc-9-dev_9.3.0-11 libobjc4_10-20200418-1 libomp-10-dev_1:10.0.0-4 libomp5-10_1:10.0.0-4 libp11-kit0_0.23.20-1 libpam-modules_1.3.1-5 libpam-modules-bin_1.3.1-5 libpam-runtime_1.3.1-5 libpam0g_1.3.1-5 libpcre2-8-0_10.34-7 libpcre3_2:8.39-12+b1 libperl5.30_5.30.0-10 libpipeline1_1.5.2-2 libprocps8_2:3.3.16-4 libpsl5_0.21.0-1 libpython3-all-dev_3.8.2-3 libpython3-dev_3.8.2-3 libpython3-stdlib_3.8.2-3 libpython3.8_3.8.3~rc1-1 libpython3.8-dev_3.8.3~rc1-1 libpython3.8-minimal_3.8.3~rc1-1 libpython3.8-stdlib_3.8.3~rc1-1 libquadmath0_10-20200418-1 libreadline8_8.0-4 librhash0_1.3.9-1 librtmp1_2.4+20151223.gitfa8646d.1-2+b1 libsasl2-2_2.1.27+dfsg-2 libsasl2-modules-db_2.1.27+dfsg-2 libseccomp2_2.4.3-1+b1 libselinux1_3.0-1+b3 libsemanage-common_3.0-1 libsemanage1_3.0-1+b3 libsepol1_3.0-1 libsigsegv2_2.12-2 libsmartcols1_2.34-0.1 libsqlite3-0_3.31.1-5 libss2_1.45.6-1 libssh2-1_1.8.0-2.1 libssl1.1_1.1.1g-1 libstdc++-9-dev_9.3.0-11 libstdc++6_10-20200418-1 libsub-override-perl_0.09-2 libsystemd0_245.5-2 libtasn1-6_4.16.0-2 libtinfo6_6.2-1 libtool_2.4.6-14 libtsan0_10-20200418-1 libubsan1_10-20200418-1 libuchardet0_0.0.6-3 libudev1_245.5-2 libunistring2_0.9.10-2 libuuid1_2.34-0.1 libuv1_1.35.0-2 libxml2_2.9.10+dfsg-5 libz3-4_4.8.7-4 libzstd1_1.4.4+dfsg-3 linux-libc-dev_5.6.7-1 login_1:4.8.1-1 logsave_1.45.6-1 lsb-base_11.1.0 m4_1.4.18-4 make_4.2.1-1.3 man-db_2.9.1-1 mawk_1.3.4.20200120-2 mime-support_3.64 mount_2.34-0.1 ncurses-base_6.2-1 ncurses-bin_6.2-1 passwd_1:4.8.1-1 patch_2.7.6-6 perl_5.30.0-10 perl-base_5.30.0-10 perl-modules-5.30_5.30.0-10 po-debconf_1.0.21 procps_2:3.3.16-4 pybind11-dev_2.5.0-4 python3_3.8.2-3 python3-all_3.8.2-3 python3-all-dev_3.8.2-3 python3-dev_3.8.2-3 python3-distutils_3.8.2-2 python3-lib2to3_3.8.2-2 python3-minimal_3.8.2-3 python3-pkg-resources_46.1.3-1 python3-pybind11_2.5.0-4 python3-setuptools_46.1.3-1 python3.8_3.8.3~rc1-1 python3.8-dev_3.8.3~rc1-1 python3.8-minimal_3.8.3~rc1-1 qt5-qmake_5.12.5+dfsg-10 qt5-qmake-bin_5.12.5+dfsg-10 qtchooser_66-2 readline-common_8.0-4 sbuild-build-depends-main-dummy_0.invalid.0 sed_4.7-1 sensible-utils_0.0.12+nmu1 sysvinit-utils_2.96-3 tar_1.30+dfsg-7 tzdata_2020a-1 util-linux_2.34-0.1 xz-utils_5.2.4-1+b1 zlib1g_1:1.2.11.dfsg-2 zlib1g-dev_1:1.2.11.dfsg-2

+------------------------------------------------------------------------------+
| Build                                                                        |
+------------------------------------------------------------------------------+


Unpack source
-------------

-----BEGIN PGP SIGNED MESSAGE-----
Hash: SHA512

Format: 3.0 (quilt)
Source: tinyobjloader
Binary: libtinyobjloader-dev, libtinyobjloader1, python3-tinyobjloader
Architecture: any
Version: 2.0.0~rc5+dfsg1-2
Maintainer: Timo Röhling <timo.roehling@fkie.fraunhofer.de>
Homepage: https://github.com/tinyobjloader/tinyobjloader
Standards-Version: 4.5.0
Vcs-Browser: https://salsa.debian.org/debian/tinyobjloader
Vcs-Git: https://salsa.debian.org/debian/tinyobjloader.git
Testsuite: autopkgtest
Testsuite-Triggers: c++-compiler, cmake, g++
Build-Depends: debhelper-compat (= 12), cmake, dh-python, python3-all-dev, python3-setuptools, python3-pybind11, pybind11-dev
Package-List:
 libtinyobjloader-dev deb libdevel optional arch=any
 libtinyobjloader1 deb libs optional arch=any
 python3-tinyobjloader deb python optional arch=any
Checksums-Sha1:
 473cc0405d251377f5981f7b9b5023ac59f6174c 374710 tinyobjloader_2.0.0~rc5+dfsg1.orig.tar.gz
 1c6c79d00d6b5a6ecd0d30a224e5efd70331ff09 9144 tinyobjloader_2.0.0~rc5+dfsg1-2.debian.tar.xz
Checksums-Sha256:
 60fa0bb5fdd2a0af77f19c2524d644754659fec252232c28e988e9f0306eac28 374710 tinyobjloader_2.0.0~rc5+dfsg1.orig.tar.gz
 b532eb005b3d83a7e9adcfce4751f72160d3c46d0a15f5555815dab677c7e75c 9144 tinyobjloader_2.0.0~rc5+dfsg1-2.debian.tar.xz
Files:
 2aa75326f53862668f784ab0b54e4af1 374710 tinyobjloader_2.0.0~rc5+dfsg1.orig.tar.gz
 c8c7529ebcc2c63ed4c2cd7289c4bb7b 9144 tinyobjloader_2.0.0~rc5+dfsg1-2.debian.tar.xz

-----BEGIN PGP SIGNATURE-----

iQIzBAEBCgAdFiEEc7KZy9TurdzAF+h6W//cwljmlDMFAl6dmMoACgkQW//cwljm
lDNWLRAAhzc26R39SfPCB4rjcrmCjFoMU9uKF9QNEEhE7wYDLhyhVFBTjxpPPP8Q
7PdYungbbNT6qBSviq2HmnLMB/cI7ZeGI0zU7LTO+eavBZ42F3UN7w3bupV7GfKt
iBAfM7TSgw5Nkqb8El44Yjteb2oYV1d44edamh1HKxKrLMLVVYxjyUMjQCFQ/60o
nupsdWAYMYLgpZuxyY51uNPvbePg7AX9bFWxey4bEfx4eBxPk9b+UeT0jVkmj3vM
5r56l6SZkHR8lvbaetDfalBVR+2LARmDjfXhL19TbF2t6syUDN8cQDsYm4z4Hbgm
tI4V/Zq7loo6r8fQ9xbxVrCru5f6Y4CfAm8AYZuIg/bf9qMaQqAjNqL9dbHi1jDO
eR2+l7klLM8S9ldE6DK9wQ9nGzzjK45LXJMt865OgS6ZS7MjjeOAh1TAwhnHcdVG
nVILMdnq63WAqkSFgsVZB1D0YO2DCjZqZgvLcTc7cik72jHlHMN95HBCG8Y6pC0j
+ELfi84ZFVfe9MJrvtsWBgzsrqh18F05g2J9QLi5Y0N+waKAEKTjFq9FEDm+L+Kh
/PoDdRCIrzkl4cremhj888wn67tK2rAYkSwVBI+QDUEAkSefUxT6ArVA18NDohL8
iZ+gPh8ZP4wXB1AesNjXF28/H3xTAyp736cGF0qa6YjljtLaRgI=
=wA4f
-----END PGP SIGNATURE-----

gpgv: unknown type of key resource 'trustedkeys.kbx'
gpgv: keyblock resource '/sbuild-nonexistent/.gnupg/trustedkeys.kbx': General error
gpgv: Signature made Mon Apr 20 12:42:50 2020 UTC
gpgv:                using RSA key 73B299CBD4EEADDCC017E87A5BFFDCC258E69433
gpgv: Can't check signature: No public key
dpkg-source: warning: failed to verify signature on ./tinyobjloader_2.0.0~rc5+dfsg1-2.dsc
dpkg-source: info: extracting tinyobjloader in /<<PKGBUILDDIR>>
dpkg-source: info: unpacking tinyobjloader_2.0.0~rc5+dfsg1.orig.tar.gz
dpkg-source: info: unpacking tinyobjloader_2.0.0~rc5+dfsg1-2.debian.tar.xz
dpkg-source: info: using patch list from debian/patches/series
dpkg-source: info: applying 0001-Fix-version-number.patch
dpkg-source: info: applying 0002-Fix-CMake-config-installation-dir.patch
dpkg-source: info: applying 0003-Build-both-single-and-double-precision-version.patch
dpkg-source: info: applying 0004-Integrate-unit-tests-with-CMake.patch
dpkg-source: info: applying 0005-Add-CMake-configuration-to-examples.patch
dpkg-source: info: applying 0006-Enable-LTO-for-Python-module.patch
dpkg-source: info: applying 0007-Export-only-symbols-from-the-tinyobj-namespace.patch
dpkg-source: info: applying 0008-Fix-model-path-for-Python-example.patch

Check disk space
----------------

Sufficient free space for build

User Environment
----------------

APT_CONFIG=/var/lib/sbuild/apt.conf
HOME=/sbuild-nonexistent
LANG=C.UTF-8
LC_ALL=C.UTF-8
LOGNAME=user42
PATH=/usr/local/sbin:/usr/local/bin:/usr/sbin:/usr/bin:/sbin:/bin:/usr/games
SCHROOT_ALIAS_NAME=unstable
SCHROOT_CHROOT_NAME=sid-amd64-sbuild
SCHROOT_COMMAND=env
SCHROOT_GID=1001
SCHROOT_GROUP=user42
SCHROOT_SESSION_ID=sid-amd64-sbuild-dc9e79a5-796f-46ef-ba13-a24f2d7654ff
SCHROOT_UID=1001
SCHROOT_USER=user42
SHELL=/bin/sh
USER=user42

dpkg-buildpackage
-----------------

Command: dpkg-buildpackage -us -uc -b -rfakeroot
dpkg-buildpackage: info: source package tinyobjloader
dpkg-buildpackage: info: source version 2.0.0~rc5+dfsg1-2
dpkg-buildpackage: info: source distribution unstable
dpkg-buildpackage: info: source changed by Timo Röhling <timo.roehling@fkie.fraunhofer.de>
 dpkg-source --before-build .
dpkg-buildpackage: info: host architecture amd64
 debian/rules clean
dh clean --with python3
   debian/rules override_dh_auto_clean
make[1]: Entering directory '/<<PKGBUILDDIR>>'
dh_auto_clean -Npython3-tinyobjloader -Scmake
dh_auto_clean -ppython3-tinyobjloader -Spybuild -Dpython
I: pybuild base:217: python3.8 setup.py clean 
running clean
removing '/<<PKGBUILDDIR>>/.pybuild/cpython3_3.8_tinyobjloader/build' (and everything under it)
'build/bdist.linux-x86_64' does not exist -- can't clean it
'build/scripts-3.8' does not exist -- can't clean it
make[1]: Leaving directory '/<<PKGBUILDDIR>>'
   dh_clean
 debian/rules binary
dh binary --with python3
   dh_update_autotools_config
   dh_autoreconf
   debian/rules override_dh_auto_configure
make[1]: Entering directory '/<<PKGBUILDDIR>>'
dh_auto_configure -Npython3-tinyobjloader -Scmake -- \
	-DBUILD_SHARED_LIBS=ON \
	-DBUILD_TESTING=ON
	cd obj-x86_64-linux-gnu && cmake -DCMAKE_INSTALL_PREFIX=/usr -DCMAKE_BUILD_TYPE=None -DCMAKE_INSTALL_SYSCONFDIR=/etc -DCMAKE_INSTALL_LOCALSTATEDIR=/var -DCMAKE_EXPORT_NO_PACKAGE_REGISTRY=ON -DCMAKE_FIND_PACKAGE_NO_PACKAGE_REGISTRY=ON -DCMAKE_INSTALL_RUNSTATEDIR=/run "-GUnix Makefiles" -DCMAKE_VERBOSE_MAKEFILE=ON -DCMAKE_AUTOGEN_VERBOSE=ON -DCMAKE_INSTALL_LIBDIR=lib/x86_64-linux-gnu -DBUILD_SHARED_LIBS=ON -DBUILD_TESTING=ON ..
-- The C compiler identification is Clang 10.0.0
-- The CXX compiler identification is Clang 10.0.0
-- Check for working C compiler: /usr/bin/cc
-- Check for working C compiler: /usr/bin/cc -- works
-- Detecting C compiler ABI info
-- Detecting C compiler ABI info - done
-- Detecting C compile features
-- Detecting C compile features - done
-- Check for working CXX compiler: /usr/bin/c++
-- Check for working CXX compiler: /usr/bin/c++ -- works
-- Detecting CXX compiler ABI info
-- Detecting CXX compiler ABI info - done
-- Detecting CXX compile features
-- Detecting CXX compile features - done
-- Configuring done
-- Generating done
CMake Warning:
  Manually-specified variables were not used by the project:

    CMAKE_AUTOGEN_VERBOSE
    CMAKE_EXPORT_NO_PACKAGE_REGISTRY
    CMAKE_FIND_PACKAGE_NO_PACKAGE_REGISTRY


-- Build files have been written to: /<<PKGBUILDDIR>>/obj-x86_64-linux-gnu
dh_auto_configure -ppython3-tinyobjloader -Spybuild -Dpython
I: pybuild base:217: python3.8 setup.py config 
running config
make[1]: Leaving directory '/<<PKGBUILDDIR>>'
   debian/rules override_dh_auto_build
make[1]: Entering directory '/<<PKGBUILDDIR>>'
dh_auto_build -Npython3-tinyobjloader -Scmake
	cd obj-x86_64-linux-gnu && make -j4 "INSTALL=install --strip-program=true"
make[2]: Entering directory '/<<PKGBUILDDIR>>/obj-x86_64-linux-gnu'
/usr/bin/cmake -S"/<<PKGBUILDDIR>>" -B"/<<PKGBUILDDIR>>/obj-x86_64-linux-gnu" --check-build-system CMakeFiles/Makefile.cmake 0
/usr/bin/cmake -E cmake_progress_start "/<<PKGBUILDDIR>>/obj-x86_64-linux-gnu/CMakeFiles" "/<<PKGBUILDDIR>>/obj-x86_64-linux-gnu/CMakeFiles/progress.marks"
make -f CMakeFiles/Makefile2 all
make[3]: Entering directory '/<<PKGBUILDDIR>>/obj-x86_64-linux-gnu'
make -f CMakeFiles/tinyobjloader_double.dir/build.make CMakeFiles/tinyobjloader_double.dir/depend
make -f CMakeFiles/tinyobjloader.dir/build.make CMakeFiles/tinyobjloader.dir/depend
make[4]: Entering directory '/<<PKGBUILDDIR>>/obj-x86_64-linux-gnu'
cd "/<<PKGBUILDDIR>>/obj-x86_64-linux-gnu" && /usr/bin/cmake -E cmake_depends "Unix Makefiles" "/<<PKGBUILDDIR>>" "/<<PKGBUILDDIR>>" "/<<PKGBUILDDIR>>/obj-x86_64-linux-gnu" "/<<PKGBUILDDIR>>/obj-x86_64-linux-gnu" "/<<PKGBUILDDIR>>/obj-x86_64-linux-gnu/CMakeFiles/tinyobjloader_double.dir/DependInfo.cmake" --color=
make[4]: Entering directory '/<<PKGBUILDDIR>>/obj-x86_64-linux-gnu'
cd "/<<PKGBUILDDIR>>/obj-x86_64-linux-gnu" && /usr/bin/cmake -E cmake_depends "Unix Makefiles" "/<<PKGBUILDDIR>>" "/<<PKGBUILDDIR>>" "/<<PKGBUILDDIR>>/obj-x86_64-linux-gnu" "/<<PKGBUILDDIR>>/obj-x86_64-linux-gnu" "/<<PKGBUILDDIR>>/obj-x86_64-linux-gnu/CMakeFiles/tinyobjloader.dir/DependInfo.cmake" --color=
Scanning dependencies of target tinyobjloader_double
Scanning dependencies of target tinyobjloader
make[4]: Leaving directory '/<<PKGBUILDDIR>>/obj-x86_64-linux-gnu'
make -f CMakeFiles/tinyobjloader_double.dir/build.make CMakeFiles/tinyobjloader_double.dir/build
make[4]: Leaving directory '/<<PKGBUILDDIR>>/obj-x86_64-linux-gnu'
make -f CMakeFiles/tinyobjloader.dir/build.make CMakeFiles/tinyobjloader.dir/build
make[4]: Entering directory '/<<PKGBUILDDIR>>/obj-x86_64-linux-gnu'
make[4]: Entering directory '/<<PKGBUILDDIR>>/obj-x86_64-linux-gnu'
[ 12%] Building CXX object CMakeFiles/tinyobjloader_double.dir/tiny_obj_loader.cc.o
[ 25%] Building CXX object CMakeFiles/tinyobjloader.dir/tiny_obj_loader.cc.o
/usr/bin/c++  -DTINYOBJLOADER_USE_DOUBLE -Dtinyobjloader_double_EXPORTS  -g -O2 -ffile-prefix-map=/<<PKGBUILDDIR>>=. -fstack-protector-strong -Wformat -Werror=format-security -Wdate-time -D_FORTIFY_SOURCE=2 -fPIC -fvisibility-inlines-hidden   -o CMakeFiles/tinyobjloader_double.dir/tiny_obj_loader.cc.o -c "/<<PKGBUILDDIR>>/tiny_obj_loader.cc"
/usr/bin/c++  -Dtinyobjloader_EXPORTS  -g -O2 -ffile-prefix-map=/<<PKGBUILDDIR>>=. -fstack-protector-strong -Wformat -Werror=format-security -Wdate-time -D_FORTIFY_SOURCE=2 -fPIC -fvisibility-inlines-hidden   -o CMakeFiles/tinyobjloader.dir/tiny_obj_loader.cc.o -c "/<<PKGBUILDDIR>>/tiny_obj_loader.cc"
[ 37%] Linking CXX shared library libtinyobjloader_double.so
/usr/bin/cmake -E cmake_link_script CMakeFiles/tinyobjloader_double.dir/link.txt --verbose=1
[ 50%] Linking CXX shared library libtinyobjloader.so
/usr/bin/cmake -E cmake_link_script CMakeFiles/tinyobjloader.dir/link.txt --verbose=1
/usr/bin/c++ -fPIC -g -O2 -ffile-prefix-map=/<<PKGBUILDDIR>>=. -fstack-protector-strong -Wformat -Werror=format-security -Wdate-time -D_FORTIFY_SOURCE=2 "-Wl,--version-script=/<<PKGBUILDDIR>>/version-script" -Wl,-z,relro -Wl,-z,now -shared -Wl,-soname,libtinyobjloader_double.so.1 -o libtinyobjloader_double.so.2.0.0 CMakeFiles/tinyobjloader_double.dir/tiny_obj_loader.cc.o 
/usr/bin/c++ -fPIC -g -O2 -ffile-prefix-map=/<<PKGBUILDDIR>>=. -fstack-protector-strong -Wformat -Werror=format-security -Wdate-time -D_FORTIFY_SOURCE=2 "-Wl,--version-script=/<<PKGBUILDDIR>>/version-script" -Wl,-z,relro -Wl,-z,now -shared -Wl,-soname,libtinyobjloader.so.1 -o libtinyobjloader.so.2.0.0 CMakeFiles/tinyobjloader.dir/tiny_obj_loader.cc.o 
/usr/bin/cmake -E cmake_symlink_library libtinyobjloader.so.2.0.0 libtinyobjloader.so.1 libtinyobjloader.so
make[4]: Leaving directory '/<<PKGBUILDDIR>>/obj-x86_64-linux-gnu'
/usr/bin/cmake -E cmake_symlink_library libtinyobjloader_double.so.2.0.0 libtinyobjloader_double.so.1 libtinyobjloader_double.so
[ 50%] Built target tinyobjloader
make -f tests/CMakeFiles/tester.dir/build.make tests/CMakeFiles/tester.dir/depend
make[4]: Entering directory '/<<PKGBUILDDIR>>/obj-x86_64-linux-gnu'
cd "/<<PKGBUILDDIR>>/obj-x86_64-linux-gnu" && /usr/bin/cmake -E cmake_depends "Unix Makefiles" "/<<PKGBUILDDIR>>" "/<<PKGBUILDDIR>>/tests" "/<<PKGBUILDDIR>>/obj-x86_64-linux-gnu" "/<<PKGBUILDDIR>>/obj-x86_64-linux-gnu/tests" "/<<PKGBUILDDIR>>/obj-x86_64-linux-gnu/tests/CMakeFiles/tester.dir/DependInfo.cmake" --color=
make[4]: Leaving directory '/<<PKGBUILDDIR>>/obj-x86_64-linux-gnu'
Scanning dependencies of target tester
make[4]: Leaving directory '/<<PKGBUILDDIR>>/obj-x86_64-linux-gnu'
make -f tests/CMakeFiles/tester.dir/build.make tests/CMakeFiles/tester.dir/build
make[4]: Entering directory '/<<PKGBUILDDIR>>/obj-x86_64-linux-gnu'
[ 50%] Built target tinyobjloader_double
make -f tests/CMakeFiles/tester_d.dir/build.make tests/CMakeFiles/tester_d.dir/depend
make[4]: Entering directory '/<<PKGBUILDDIR>>/obj-x86_64-linux-gnu'
cd "/<<PKGBUILDDIR>>/obj-x86_64-linux-gnu" && /usr/bin/cmake -E cmake_depends "Unix Makefiles" "/<<PKGBUILDDIR>>" "/<<PKGBUILDDIR>>/tests" "/<<PKGBUILDDIR>>/obj-x86_64-linux-gnu" "/<<PKGBUILDDIR>>/obj-x86_64-linux-gnu/tests" "/<<PKGBUILDDIR>>/obj-x86_64-linux-gnu/tests/CMakeFiles/tester_d.dir/DependInfo.cmake" --color=
[ 62%] Building CXX object tests/CMakeFiles/tester.dir/tester.cc.o
cd "/<<PKGBUILDDIR>>/obj-x86_64-linux-gnu/tests" && /usr/bin/c++   -I"/<<PKGBUILDDIR>>"  -g -O2 -ffile-prefix-map=/<<PKGBUILDDIR>>=. -fstack-protector-strong -Wformat -Werror=format-security -Wdate-time -D_FORTIFY_SOURCE=2   -o CMakeFiles/tester.dir/tester.cc.o -c "/<<PKGBUILDDIR>>/tests/tester.cc"
Scanning dependencies of target tester_d
make[4]: Leaving directory '/<<PKGBUILDDIR>>/obj-x86_64-linux-gnu'
make -f tests/CMakeFiles/tester_d.dir/build.make tests/CMakeFiles/tester_d.dir/build
make[4]: Entering directory '/<<PKGBUILDDIR>>/obj-x86_64-linux-gnu'
[ 75%] Building CXX object tests/CMakeFiles/tester_d.dir/tester.cc.o
cd "/<<PKGBUILDDIR>>/obj-x86_64-linux-gnu/tests" && /usr/bin/c++  -DTINYOBJLOADER_USE_DOUBLE -I"/<<PKGBUILDDIR>>"  -g -O2 -ffile-prefix-map=/<<PKGBUILDDIR>>=. -fstack-protector-strong -Wformat -Werror=format-security -Wdate-time -D_FORTIFY_SOURCE=2   -o CMakeFiles/tester_d.dir/tester.cc.o -c "/<<PKGBUILDDIR>>/tests/tester.cc"
[ 87%] Linking CXX executable tester_d
cd "/<<PKGBUILDDIR>>/obj-x86_64-linux-gnu/tests" && /usr/bin/cmake -E cmake_link_script CMakeFiles/tester_d.dir/link.txt --verbose=1
[100%] Linking CXX executable tester
cd "/<<PKGBUILDDIR>>/obj-x86_64-linux-gnu/tests" && /usr/bin/cmake -E cmake_link_script CMakeFiles/tester.dir/link.txt --verbose=1
/usr/bin/c++  -g -O2 -ffile-prefix-map=/<<PKGBUILDDIR>>=. -fstack-protector-strong -Wformat -Werror=format-security -Wdate-time -D_FORTIFY_SOURCE=2  -Wl,-z,relro -Wl,-z,now CMakeFiles/tester_d.dir/tester.cc.o  -o tester_d  -Wl,-rpath,"/<<PKGBUILDDIR>>/obj-x86_64-linux-gnu" ../libtinyobjloader_double.so.2.0.0 
/usr/bin/c++  -g -O2 -ffile-prefix-map=/<<PKGBUILDDIR>>=. -fstack-protector-strong -Wformat -Werror=format-security -Wdate-time -D_FORTIFY_SOURCE=2  -Wl,-z,relro -Wl,-z,now CMakeFiles/tester.dir/tester.cc.o  -o tester  -Wl,-rpath,"/<<PKGBUILDDIR>>/obj-x86_64-linux-gnu" ../libtinyobjloader.so.2.0.0 
make[4]: Leaving directory '/<<PKGBUILDDIR>>/obj-x86_64-linux-gnu'
[100%] Built target tester
make[4]: Leaving directory '/<<PKGBUILDDIR>>/obj-x86_64-linux-gnu'
[100%] Built target tester_d
make[3]: Leaving directory '/<<PKGBUILDDIR>>/obj-x86_64-linux-gnu'
/usr/bin/cmake -E cmake_progress_start "/<<PKGBUILDDIR>>/obj-x86_64-linux-gnu/CMakeFiles" 0
make[2]: Leaving directory '/<<PKGBUILDDIR>>/obj-x86_64-linux-gnu'
dh_auto_build -ppython3-tinyobjloader -Spybuild -Dpython
I: pybuild base:217: /usr/bin/python3 setup.py build 
running build
running build_ext
building 'tinyobjloader' extension
creating build
creating build/temp.linux-x86_64-3.8
x86_64-linux-gnu-gcc -pthread -Wno-unused-result -Wsign-compare -DNDEBUG -g -fwrapv -O2 -Wall -g -fstack-protector-strong -Wformat -Werror=format-security -g -fwrapv -O2 -g -O2 -ffile-prefix-map=/<<PKGBUILDDIR>>=. -fstack-protector-strong -Wformat -Werror=format-security -Wdate-time -D_FORTIFY_SOURCE=2 -fPIC -I.. -I/usr/lib/python3/dist-packages/pybind11/include -I/usr/lib/python3/dist-packages/pybind11/include -I/usr/include/include -I/usr/include/python3.8 -c bindings.cc -o build/temp.linux-x86_64-3.8/bindings.o -std=c++11 -flto -fno-fat-lto-objects
clang: warning: optimization flag '-fno-fat-lto-objects' is not supported [-Wignored-optimization-argument]
In file included from bindings.cc:1:
/usr/lib/python3/dist-packages/pybind11/include/pybind11/pybind11.h:1093:9: warning: expression result unused [-Wunused-value]
        PYBIND11_EXPAND_SIDE_EFFECTS(add_base<options>(record));
        ^~~~~~~~~~~~~~~~~~~~~~~~~~~~~~~~~~~~~~~~~~~~~~~~~~~~~~~
/usr/lib/python3/dist-packages/pybind11/include/pybind11/detail/common.h:662:47: note: expanded from macro 'PYBIND11_EXPAND_SIDE_EFFECTS'
#define PYBIND11_EXPAND_SIDE_EFFECTS(PATTERN) pybind11::detail::expand_side_effects{ ((PATTERN), void(), false)..., false }
                                              ^                                    ~~~~~~~~~~~~~~~~~~~~~~~~~~~~~~~~~~~~~~~~
bindings.cc:22:3: note: in instantiation of function template specialization 'pybind11::class_<tinyobj::ObjReaderConfig>::class_<>' requested here
  py::class_<ObjReaderConfig>(tobj_module, "ObjReaderConfig")
  ^
In file included from bindings.cc:1:
/usr/lib/python3/dist-packages/pybind11/include/pybind11/pybind11.h:1093:9: warning: expression result unused [-Wunused-value]
        PYBIND11_EXPAND_SIDE_EFFECTS(add_base<options>(record));
        ^~~~~~~~~~~~~~~~~~~~~~~~~~~~~~~~~~~~~~~~~~~~~~~~~~~~~~~
/usr/lib/python3/dist-packages/pybind11/include/pybind11/detail/common.h:662:47: note: expanded from macro 'PYBIND11_EXPAND_SIDE_EFFECTS'
#define PYBIND11_EXPAND_SIDE_EFFECTS(PATTERN) pybind11::detail::expand_side_effects{ ((PATTERN), void(), false)..., false }
                                              ^                                    ~~~~~~~~~~~~~~~~~~~~~~~~~~~~~~~~~~~~~~~~
bindings.cc:27:3: note: in instantiation of function template specialization 'pybind11::class_<tinyobj::ObjReader>::class_<>' requested here
  py::class_<ObjReader>(tobj_module, "ObjReader")
  ^
In file included from bindings.cc:1:
/usr/lib/python3/dist-packages/pybind11/include/pybind11/pybind11.h:1093:9: warning: expression result unused [-Wunused-value]
        PYBIND11_EXPAND_SIDE_EFFECTS(add_base<options>(record));
        ^~~~~~~~~~~~~~~~~~~~~~~~~~~~~~~~~~~~~~~~~~~~~~~~~~~~~~~
/usr/lib/python3/dist-packages/pybind11/include/pybind11/detail/common.h:662:47: note: expanded from macro 'PYBIND11_EXPAND_SIDE_EFFECTS'
#define PYBIND11_EXPAND_SIDE_EFFECTS(PATTERN) pybind11::detail::expand_side_effects{ ((PATTERN), void(), false)..., false }
                                              ^                                    ~~~~~~~~~~~~~~~~~~~~~~~~~~~~~~~~~~~~~~~~
bindings.cc:38:3: note: in instantiation of function template specialization 'pybind11::class_<tinyobj::attrib_t>::class_<>' requested here
  py::class_<attrib_t>(tobj_module, "attrib_t")
  ^
In file included from bindings.cc:1:
/usr/lib/python3/dist-packages/pybind11/include/pybind11/pybind11.h:1093:9: warning: expression result unused [-Wunused-value]
        PYBIND11_EXPAND_SIDE_EFFECTS(add_base<options>(record));
        ^~~~~~~~~~~~~~~~~~~~~~~~~~~~~~~~~~~~~~~~~~~~~~~~~~~~~~~
/usr/lib/python3/dist-packages/pybind11/include/pybind11/detail/common.h:662:47: note: expanded from macro 'PYBIND11_EXPAND_SIDE_EFFECTS'
#define PYBIND11_EXPAND_SIDE_EFFECTS(PATTERN) pybind11::detail::expand_side_effects{ ((PATTERN), void(), false)..., false }
                                              ^                                    ~~~~~~~~~~~~~~~~~~~~~~~~~~~~~~~~~~~~~~~~
bindings.cc:52:3: note: in instantiation of function template specialization 'pybind11::class_<tinyobj::shape_t>::class_<>' requested here
  py::class_<shape_t>(tobj_module, "shape_t")
  ^
In file included from bindings.cc:1:
/usr/lib/python3/dist-packages/pybind11/include/pybind11/pybind11.h:1093:9: warning: expression result unused [-Wunused-value]
        PYBIND11_EXPAND_SIDE_EFFECTS(add_base<options>(record));
        ^~~~~~~~~~~~~~~~~~~~~~~~~~~~~~~~~~~~~~~~~~~~~~~~~~~~~~~
/usr/lib/python3/dist-packages/pybind11/include/pybind11/detail/common.h:662:47: note: expanded from macro 'PYBIND11_EXPAND_SIDE_EFFECTS'
#define PYBIND11_EXPAND_SIDE_EFFECTS(PATTERN) pybind11::detail::expand_side_effects{ ((PATTERN), void(), false)..., false }
                                              ^                                    ~~~~~~~~~~~~~~~~~~~~~~~~~~~~~~~~~~~~~~~~
bindings.cc:59:3: note: in instantiation of function template specialization 'pybind11::class_<tinyobj::index_t>::class_<>' requested here
  py::class_<index_t>(tobj_module, "index_t")
  ^
In file included from bindings.cc:1:
/usr/lib/python3/dist-packages/pybind11/include/pybind11/pybind11.h:1093:9: warning: expression result unused [-Wunused-value]
        PYBIND11_EXPAND_SIDE_EFFECTS(add_base<options>(record));
        ^~~~~~~~~~~~~~~~~~~~~~~~~~~~~~~~~~~~~~~~~~~~~~~~~~~~~~~
/usr/lib/python3/dist-packages/pybind11/include/pybind11/detail/common.h:662:47: note: expanded from macro 'PYBIND11_EXPAND_SIDE_EFFECTS'
#define PYBIND11_EXPAND_SIDE_EFFECTS(PATTERN) pybind11::detail::expand_side_effects{ ((PATTERN), void(), false)..., false }
                                              ^                                    ~~~~~~~~~~~~~~~~~~~~~~~~~~~~~~~~~~~~~~~~
bindings.cc:84:3: note: in instantiation of function template specialization 'pybind11::class_<tinyobj::_material_t>::class_<>' requested here
  py::class_<material_t>(tobj_module, "material_t")
  ^
In file included from bindings.cc:1:
/usr/lib/python3/dist-packages/pybind11/include/pybind11/pybind11.h:1093:9: warning: expression result unused [-Wunused-value]
        PYBIND11_EXPAND_SIDE_EFFECTS(add_base<options>(record));
        ^~~~~~~~~~~~~~~~~~~~~~~~~~~~~~~~~~~~~~~~~~~~~~~~~~~~~~~
/usr/lib/python3/dist-packages/pybind11/include/pybind11/detail/common.h:662:47: note: expanded from macro 'PYBIND11_EXPAND_SIDE_EFFECTS'
#define PYBIND11_EXPAND_SIDE_EFFECTS(PATTERN) pybind11::detail::expand_side_effects{ ((PATTERN), void(), false)..., false }
                                              ^                                    ~~~~~~~~~~~~~~~~~~~~~~~~~~~~~~~~~~~~~~~~
bindings.cc:122:3: note: in instantiation of function template specialization 'pybind11::class_<tinyobj::mesh_t>::class_<>' requested here
  py::class_<mesh_t>(tobj_module, "mesh_t")
  ^
In file included from bindings.cc:1:
/usr/lib/python3/dist-packages/pybind11/include/pybind11/pybind11.h:1093:9: warning: expression result unused [-Wunused-value]
        PYBIND11_EXPAND_SIDE_EFFECTS(add_base<options>(record));
        ^~~~~~~~~~~~~~~~~~~~~~~~~~~~~~~~~~~~~~~~~~~~~~~~~~~~~~~
/usr/lib/python3/dist-packages/pybind11/include/pybind11/detail/common.h:662:47: note: expanded from macro 'PYBIND11_EXPAND_SIDE_EFFECTS'
#define PYBIND11_EXPAND_SIDE_EFFECTS(PATTERN) pybind11::detail::expand_side_effects{ ((PATTERN), void(), false)..., false }
                                              ^                                    ~~~~~~~~~~~~~~~~~~~~~~~~~~~~~~~~~~~~~~~~
bindings.cc:149:3: note: in instantiation of function template specialization 'pybind11::class_<tinyobj::lines_t>::class_<>' requested here
  py::class_<lines_t>(tobj_module, "lines_t")
  ^
In file included from bindings.cc:1:
/usr/lib/python3/dist-packages/pybind11/include/pybind11/pybind11.h:1093:9: warning: expression result unused [-Wunused-value]
        PYBIND11_EXPAND_SIDE_EFFECTS(add_base<options>(record));
        ^~~~~~~~~~~~~~~~~~~~~~~~~~~~~~~~~~~~~~~~~~~~~~~~~~~~~~~
/usr/lib/python3/dist-packages/pybind11/include/pybind11/detail/common.h:662:47: note: expanded from macro 'PYBIND11_EXPAND_SIDE_EFFECTS'
#define PYBIND11_EXPAND_SIDE_EFFECTS(PATTERN) pybind11::detail::expand_side_effects{ ((PATTERN), void(), false)..., false }
                                              ^                                    ~~~~~~~~~~~~~~~~~~~~~~~~~~~~~~~~~~~~~~~~
bindings.cc:152:3: note: in instantiation of function template specialization 'pybind11::class_<tinyobj::points_t>::class_<>' requested here
  py::class_<points_t>(tobj_module, "points_t")
  ^
9 warnings generated.
x86_64-linux-gnu-gcc -pthread -Wno-unused-result -Wsign-compare -DNDEBUG -g -fwrapv -O2 -Wall -g -fstack-protector-strong -Wformat -Werror=format-security -g -fwrapv -O2 -g -O2 -ffile-prefix-map=/<<PKGBUILDDIR>>=. -fstack-protector-strong -Wformat -Werror=format-security -Wdate-time -D_FORTIFY_SOURCE=2 -fPIC -I.. -I/usr/lib/python3/dist-packages/pybind11/include -I/usr/lib/python3/dist-packages/pybind11/include -I/usr/include/include -I/usr/include/python3.8 -c tiny_obj_loader.cc -o build/temp.linux-x86_64-3.8/tiny_obj_loader.o -std=c++11 -flto -fno-fat-lto-objects
clang: warning: optimization flag '-fno-fat-lto-objects' is not supported [-Wignored-optimization-argument]
x86_64-linux-gnu-g++ -pthread -shared -Wl,-O1 -Wl,-Bsymbolic-functions -Wl,-z,relro -g -fwrapv -O2 -Wl,-z,relro -Wl,-z,now -g -O2 -ffile-prefix-map=/<<PKGBUILDDIR>>=. -fstack-protector-strong -Wformat -Werror=format-security -Wdate-time -D_FORTIFY_SOURCE=2 build/temp.linux-x86_64-3.8/bindings.o build/temp.linux-x86_64-3.8/tiny_obj_loader.o -o /<<PKGBUILDDIR>>/.pybuild/cpython3_3.8_tinyobjloader/build/tinyobjloader.cpython-38-x86_64-linux-gnu.so -flto
/usr/bin/x86_64-linux-gnu-ld: /usr/lib/llvm-10/bin/../lib/LLVMgold.so: error loading plugin: /usr/lib/llvm-10/bin/../lib/LLVMgold.so: cannot open shared object file: No such file or directory
clang: error: linker command failed with exit code 1 (use -v to see invocation)
error: command 'x86_64-linux-gnu-g++' failed with exit status 1
E: pybuild pybuild:352: build: plugin distutils failed with: exit code=1: /usr/bin/python3 setup.py build 
dh_auto_build: error: pybuild --build -i python{version} -p 3.8 --dir python returned exit code 13
make[1]: *** [debian/rules:27: override_dh_auto_build] Error 25
make[1]: Leaving directory '/<<PKGBUILDDIR>>'
make: *** [debian/rules:13: binary] Error 2
dpkg-buildpackage: error: debian/rules binary subprocess returned exit status 2
--------------------------------------------------------------------------------
Build finished at 2020-05-03T02:13:09Z

Finished
--------


+------------------------------------------------------------------------------+
| Cleanup                                                                      |
+------------------------------------------------------------------------------+

Purging /<<BUILDDIR>>
Not cleaning session: cloned chroot in use
E: Build failure (dpkg-buildpackage died)

+------------------------------------------------------------------------------+
| Summary                                                                      |
+------------------------------------------------------------------------------+

Build Architecture: amd64
Build Type: binary
Build-Space: 24548
Build-Time: 19
Distribution: unstable
Fail-Stage: build
Host Architecture: amd64
Install-Time: 30
Job: tinyobjloader_2.0.0~rc5+dfsg1-2
Machine Architecture: amd64
Package: tinyobjloader
Package-Time: 63
Source-Version: 2.0.0~rc5+dfsg1-2
Space: 24548
Status: attempted
Version: 2.0.0~rc5+dfsg1-2
--------------------------------------------------------------------------------
Finished at 2020-05-03T02:13:09Z
Build needed 00:01:03, 24548k disk space
E: Build failure (dpkg-buildpackage died)
DC-Status: Failed 64.325627114s
DC-Time-Estimation: 64.325627114 versus expected 1 (r/m: 63.325627114 ; m: 1.0)
