DC-Build-Header: gamin 0.1.10-5 / 2017-08-20 19:07:23 +0000
DC-Task: type:rebuild-binarch-only source:gamin version:0.1.10-5 chroot:unstable esttime:50 logfile:/tmp/gamin_0.1.10-5_unstable_clang5.0.log modes:clang50:binarch-only
DC-Sbuild-call: su user42 -c 'sbuild -n --arch-any --apt-update -d unstable -v  --chroot-setup-commands=/tmp/clang50 gamin_0.1.10-5'
sbuild (Debian sbuild) 0.73.0 (23 Dec 2016) on ip-172-31-32-245.eu-central-1.compute.internal

+==============================================================================+
| gamin 0.1.10-5 (amd64)                       Sun, 20 Aug 2017 19:07:23 +0000 |
+==============================================================================+

Package: gamin
Version: 0.1.10-5
Source Version: 0.1.10-5
Distribution: unstable
Machine Architecture: amd64
Host Architecture: amd64
Build Architecture: amd64
Build Type: any

I: NOTICE: Log filtering will replace 'var/run/schroot/mount/unstable-amd64-sbuild-2d773e25-e8e8-4c3a-84ff-68cf09c3f9c8' with '<<CHROOT>>'

+------------------------------------------------------------------------------+
| Chroot Setup Commands                                                        |
+------------------------------------------------------------------------------+


/tmp/clang50
------------

+ echo 'Entering customization script...'
Entering customization script...
+ CLANG_VERSION=5.0
+ echo 'Install of clang-5.0'
Install of clang-5.0
+ apt-get update
Hit:1 http://127.0.0.1:9999/debian unstable InRelease
Get:2 http://127.0.0.1:9999/debian unstable/main Translation-en [5785 kB]
Fetched 5785 kB in 1s (3886 kB/s)
Reading package lists...
+ apt-get install --yes --no-install-recommends --force-yes clang-5.0
Reading package lists...
Building dependency tree...
Reading state information...
The following additional packages will be installed:
  libasan3 libbsd0 libclang-common-5.0-dev libclang1-5.0 libedit2 libgcc-6-dev
  libjsoncpp1 libllvm5.0 libncurses5 libobjc-6-dev libobjc4 libstdc++-6-dev
Suggested packages:
  gnustep gnustep-devel clang-5.0-doc libomp-dev libstdc++-6-doc
Recommended packages:
  llvm-5.0-dev python libgpm2
The following NEW packages will be installed:
  clang-5.0 libasan3 libbsd0 libclang-common-5.0-dev libclang1-5.0 libedit2
  libgcc-6-dev libjsoncpp1 libllvm5.0 libncurses5 libobjc-6-dev libobjc4
  libstdc++-6-dev
0 upgraded, 13 newly installed, 0 to remove and 0 not upgraded.
Need to get 88.4 MB of archives.
After this operation, 376 MB of additional disk space will be used.
Get:1 http://127.0.0.1:9999/debian unstable/main amd64 libbsd0 amd64 0.8.6-1 [90.3 kB]
Get:2 http://127.0.0.1:9999/debian unstable/main amd64 libncurses5 amd64 6.0+20170715-2 [93.8 kB]
Get:3 http://127.0.0.1:9999/debian unstable/main amd64 libedit2 amd64 3.1-20170329-1 [85.2 kB]
Get:4 http://127.0.0.1:9999/debian unstable/main amd64 libllvm5.0 amd64 1:5.0~+rc2-1 [13.5 MB]
Get:5 http://127.0.0.1:9999/debian unstable/main amd64 libclang1-5.0 amd64 1:5.0~+rc2-1 [6729 kB]
Get:6 http://127.0.0.1:9999/debian unstable/main amd64 libjsoncpp1 amd64 1.7.4-3 [75.6 kB]
Get:7 http://127.0.0.1:9999/debian unstable/main amd64 libasan3 amd64 6.4.0-3 [311 kB]
Get:8 http://127.0.0.1:9999/debian unstable/main amd64 libgcc-6-dev amd64 6.4.0-3 [2296 kB]
Get:9 http://127.0.0.1:9999/debian unstable/main amd64 libstdc++-6-dev amd64 6.4.0-3 [1421 kB]
Get:10 http://127.0.0.1:9999/debian unstable/main amd64 libobjc4 amd64 7.2.0-1 [51.0 kB]
Get:11 http://127.0.0.1:9999/debian unstable/main amd64 libobjc-6-dev amd64 6.4.0-3 [197 kB]
Get:12 http://127.0.0.1:9999/debian unstable/main amd64 libclang-common-5.0-dev amd64 1:5.0~+rc2-1 [1989 kB]
Get:13 http://127.0.0.1:9999/debian unstable/main amd64 clang-5.0 amd64 1:5.0~+rc2-1 [61.6 MB]
debconf: delaying package configuration, since apt-utils is not installed
Fetched 88.4 MB in 0s (98.0 MB/s)
Selecting previously unselected package libbsd0:amd64.
(Reading database ... (Reading database ... 5%(Reading database ... 10%(Reading database ... 15%(Reading database ... 20%(Reading database ... 25%(Reading database ... 30%(Reading database ... 35%(Reading database ... 40%(Reading database ... 45%(Reading database ... 50%(Reading database ... 55%(Reading database ... 60%(Reading database ... 65%(Reading database ... 70%(Reading database ... 75%(Reading database ... 80%(Reading database ... 85%(Reading database ... 90%(Reading database ... 95%(Reading database ... 100%(Reading database ... 9822 files and directories currently installed.)
Preparing to unpack .../00-libbsd0_0.8.6-1_amd64.deb ...
Unpacking libbsd0:amd64 (0.8.6-1) ...
Selecting previously unselected package libncurses5:amd64.
Preparing to unpack .../01-libncurses5_6.0+20170715-2_amd64.deb ...
Unpacking libncurses5:amd64 (6.0+20170715-2) ...
Selecting previously unselected package libedit2:amd64.
Preparing to unpack .../02-libedit2_3.1-20170329-1_amd64.deb ...
Unpacking libedit2:amd64 (3.1-20170329-1) ...
Selecting previously unselected package libllvm5.0:amd64.
Preparing to unpack .../03-libllvm5.0_1%3a5.0~+rc2-1_amd64.deb ...
Unpacking libllvm5.0:amd64 (1:5.0~+rc2-1) ...
Selecting previously unselected package libclang1-5.0:amd64.
Preparing to unpack .../04-libclang1-5.0_1%3a5.0~+rc2-1_amd64.deb ...
Unpacking libclang1-5.0:amd64 (1:5.0~+rc2-1) ...
Selecting previously unselected package libjsoncpp1:amd64.
Preparing to unpack .../05-libjsoncpp1_1.7.4-3_amd64.deb ...
Unpacking libjsoncpp1:amd64 (1.7.4-3) ...
Selecting previously unselected package libasan3:amd64.
Preparing to unpack .../06-libasan3_6.4.0-3_amd64.deb ...
Unpacking libasan3:amd64 (6.4.0-3) ...
Selecting previously unselected package libgcc-6-dev:amd64.
Preparing to unpack .../07-libgcc-6-dev_6.4.0-3_amd64.deb ...
Unpacking libgcc-6-dev:amd64 (6.4.0-3) ...
Selecting previously unselected package libstdc++-6-dev:amd64.
Preparing to unpack .../08-libstdc++-6-dev_6.4.0-3_amd64.deb ...
Unpacking libstdc++-6-dev:amd64 (6.4.0-3) ...
Selecting previously unselected package libobjc4:amd64.
Preparing to unpack .../09-libobjc4_7.2.0-1_amd64.deb ...
Unpacking libobjc4:amd64 (7.2.0-1) ...
Selecting previously unselected package libobjc-6-dev:amd64.
Preparing to unpack .../10-libobjc-6-dev_6.4.0-3_amd64.deb ...
Unpacking libobjc-6-dev:amd64 (6.4.0-3) ...
Selecting previously unselected package libclang-common-5.0-dev.
Preparing to unpack .../11-libclang-common-5.0-dev_1%3a5.0~+rc2-1_amd64.deb ...
Unpacking libclang-common-5.0-dev (1:5.0~+rc2-1) ...
Selecting previously unselected package clang-5.0.
Preparing to unpack .../12-clang-5.0_1%3a5.0~+rc2-1_amd64.deb ...
Unpacking clang-5.0 (1:5.0~+rc2-1) ...
Setting up libncurses5:amd64 (6.0+20170715-2) ...
Setting up libobjc4:amd64 (7.2.0-1) ...
Setting up libasan3:amd64 (6.4.0-3) ...
Setting up libgcc-6-dev:amd64 (6.4.0-3) ...
Setting up libstdc++-6-dev:amd64 (6.4.0-3) ...
Setting up libbsd0:amd64 (0.8.6-1) ...
Processing triggers for libc-bin (2.24-14) ...
Setting up libobjc-6-dev:amd64 (6.4.0-3) ...
Setting up libjsoncpp1:amd64 (1.7.4-3) ...
Setting up libedit2:amd64 (3.1-20170329-1) ...
Setting up libllvm5.0:amd64 (1:5.0~+rc2-1) ...
Setting up libclang1-5.0:amd64 (1:5.0~+rc2-1) ...
Setting up libclang-common-5.0-dev (1:5.0~+rc2-1) ...
Setting up clang-5.0 (1:5.0~+rc2-1) ...
Processing triggers for libc-bin (2.24-14) ...
W: --force-yes is deprecated, use one of the options starting with --allow instead.
+ echo 'Replace gcc, g++ & cpp by clang'
Replace gcc, g++ & cpp by clang
+ VERSIONS='4.6 4.7 4.8 4.9 5 6 7'
+ cd /usr/bin
+ for VERSION in $VERSIONS
+ rm -f g++-4.6 gcc-4.6 cpp-4.6 gcc
+ ln -s clang++-5.0 g++-4.6
+ ln -s clang-5.0 gcc-4.6
+ ln -s clang-5.0 cpp-4.6
+ ln -s clang-5.0 gcc
+ echo 'gcc-4.6 hold'
+ dpkg --set-selections
dpkg: warning: package not in status nor available database at line 1: gcc-4.6
dpkg: warning: found unknown packages; this might mean the available database
is outdated, and needs to be updated through a frontend method;
please see the FAQ <https://wiki.debian.org/Teams/Dpkg/FAQ>
+ echo 'g++-4.6 hold'
+ dpkg --set-selections
dpkg: warning: package not in status nor available database at line 1: g++-4.6
dpkg: warning: found unknown packages; this might mean the available database
is outdated, and needs to be updated through a frontend method;
please see the FAQ <https://wiki.debian.org/Teams/Dpkg/FAQ>
+ for VERSION in $VERSIONS
+ rm -f g++-4.7 gcc-4.7 cpp-4.7 gcc
+ ln -s clang++-5.0 g++-4.7
+ ln -s clang-5.0 gcc-4.7
+ ln -s clang-5.0 cpp-4.7
+ ln -s clang-5.0 gcc
+ echo 'gcc-4.7 hold'
+ dpkg --set-selections
dpkg: warning: package not in status nor available database at line 1: gcc-4.7
dpkg: warning: found unknown packages; this might mean the available database
is outdated, and needs to be updated through a frontend method;
please see the FAQ <https://wiki.debian.org/Teams/Dpkg/FAQ>
+ echo 'g++-4.7 hold'
+ dpkg --set-selections
dpkg: warning: package not in status nor available database at line 1: g++-4.7
dpkg: warning: found unknown packages; this might mean the available database
is outdated, and needs to be updated through a frontend method;
please see the FAQ <https://wiki.debian.org/Teams/Dpkg/FAQ>
+ for VERSION in $VERSIONS
+ rm -f g++-4.8 gcc-4.8 cpp-4.8 gcc
+ ln -s clang++-5.0 g++-4.8
+ ln -s clang-5.0 gcc-4.8
+ ln -s clang-5.0 cpp-4.8
+ ln -s clang-5.0 gcc
+ echo 'gcc-4.8 hold'
+ dpkg --set-selections
dpkg: warning: package not in status nor available database at line 1: gcc-4.8
dpkg: warning: found unknown packages; this might mean the available database
is outdated, and needs to be updated through a frontend method;
please see the FAQ <https://wiki.debian.org/Teams/Dpkg/FAQ>
+ echo 'g++-4.8 hold'
+ dpkg --set-selections
dpkg: warning: package not in status nor available database at line 1: g++-4.8
dpkg: warning: found unknown packages; this might mean the available database
is outdated, and needs to be updated through a frontend method;
please see the FAQ <https://wiki.debian.org/Teams/Dpkg/FAQ>
+ for VERSION in $VERSIONS
+ rm -f g++-4.9 gcc-4.9 cpp-4.9 gcc
+ ln -s clang++-5.0 g++-4.9
+ ln -s clang-5.0 gcc-4.9
+ ln -s clang-5.0 cpp-4.9
+ ln -s clang-5.0 gcc
+ echo 'gcc-4.9 hold'
+ dpkg --set-selections
dpkg: warning: package not in status nor available database at line 1: gcc-4.9
dpkg: warning: found unknown packages; this might mean the available database
is outdated, and needs to be updated through a frontend method;
please see the FAQ <https://wiki.debian.org/Teams/Dpkg/FAQ>
+ echo 'g++-4.9 hold'
+ dpkg --set-selections
dpkg: warning: package not in status nor available database at line 1: g++-4.9
dpkg: warning: found unknown packages; this might mean the available database
is outdated, and needs to be updated through a frontend method;
please see the FAQ <https://wiki.debian.org/Teams/Dpkg/FAQ>
+ for VERSION in $VERSIONS
+ rm -f g++-5 gcc-5 cpp-5 gcc
+ ln -s clang++-5.0 g++-5
+ ln -s clang-5.0 gcc-5
+ ln -s clang-5.0 cpp-5
+ ln -s clang-5.0 gcc
+ echo 'gcc-5 hold'
+ dpkg --set-selections
+ echo 'g++-5 hold'
+ dpkg --set-selections
+ for VERSION in $VERSIONS
+ rm -f g++-6 gcc-6 cpp-6 gcc
+ ln -s clang++-5.0 g++-6
+ ln -s clang-5.0 gcc-6
+ ln -s clang-5.0 cpp-6
+ ln -s clang-5.0 gcc
+ echo 'gcc-6 hold'
+ dpkg --set-selections
dpkg: warning: package not in status nor available database at line 1: gcc-6
dpkg: warning: found unknown packages; this might mean the available database
is outdated, and needs to be updated through a frontend method;
please see the FAQ <https://wiki.debian.org/Teams/Dpkg/FAQ>
+ echo 'g++-6 hold'
+ dpkg --set-selections
dpkg: warning: package not in status nor available database at line 1: g++-6
dpkg: warning: found unknown packages; this might mean the available database
is outdated, and needs to be updated through a frontend method;
please see the FAQ <https://wiki.debian.org/Teams/Dpkg/FAQ>
+ for VERSION in $VERSIONS
+ rm -f g++-7 gcc-7 cpp-7 gcc
+ ln -s clang++-5.0 g++-7
+ ln -s clang-5.0 gcc-7
+ ln -s clang-5.0 cpp-7
+ ln -s clang-5.0 gcc
+ echo 'gcc-7 hold'
+ dpkg --set-selections
+ echo 'g++-7 hold'
+ dpkg --set-selections
+ cd -
/build/gamin-RQNlPY
+ echo 'Check if gcc, g++ & cpp are actually clang'
Check if gcc, g++ & cpp are actually clang
+ gcc --version
+ grep clang
+ cpp --version
+ grep clang
+ g++ --version
+ grep clang

I: Finished running '/tmp/clang50'.

Finished processing commands.
--------------------------------------------------------------------------------

+------------------------------------------------------------------------------+
| Update chroot                                                                |
+------------------------------------------------------------------------------+

Hit:1 http://127.0.0.1:9999/debian unstable InRelease
Reading package lists...
Reading package lists...
Building dependency tree...
Reading state information...
Calculating upgrade...
0 upgraded, 0 newly installed, 0 to remove and 0 not upgraded.

+------------------------------------------------------------------------------+
| Fetch source files                                                           |
+------------------------------------------------------------------------------+


Check APT
---------

Checking available source versions...

Download source files with APT
------------------------------

Reading package lists...
Need to get 664 kB of source archives.
Get:1 http://127.0.0.1:9999/debian unstable/main gamin 0.1.10-5 (dsc) [2126 B]
Get:2 http://127.0.0.1:9999/debian unstable/main gamin 0.1.10-5 (tar) [653 kB]
Get:3 http://127.0.0.1:9999/debian unstable/main gamin 0.1.10-5 (diff) [8772 B]
Fetched 664 kB in 1s (402 kB/s)
Download complete and in download only mode
I: NOTICE: Log filtering will replace 'build/gamin-RQNlPY/gamin-0.1.10' with '<<PKGBUILDDIR>>'
I: NOTICE: Log filtering will replace 'build/gamin-RQNlPY' with '<<BUILDDIR>>'

+------------------------------------------------------------------------------+
| Install build-essential                                                      |
+------------------------------------------------------------------------------+


Setup apt archive
-----------------

Merged Build-Depends: build-essential, fakeroot
Filtered Build-Depends: build-essential, fakeroot
dpkg-deb: building package 'sbuild-build-depends-core-dummy' in '/<<BUILDDIR>>/resolver-A3SIBx/apt_archive/sbuild-build-depends-core-dummy.deb'.
dpkg-scanpackages: warning: Packages in archive but missing from override file:
dpkg-scanpackages: warning:   sbuild-build-depends-core-dummy
dpkg-scanpackages: info: Wrote 1 entries to output Packages file.
Ign:1 copy:/<<BUILDDIR>>/resolver-A3SIBx/apt_archive ./ InRelease
Get:2 copy:/<<BUILDDIR>>/resolver-A3SIBx/apt_archive ./ Release [957 B]
Ign:3 copy:/<<BUILDDIR>>/resolver-A3SIBx/apt_archive ./ Release.gpg
Get:4 copy:/<<BUILDDIR>>/resolver-A3SIBx/apt_archive ./ Sources [349 B]
Get:5 copy:/<<BUILDDIR>>/resolver-A3SIBx/apt_archive ./ Packages [432 B]
Fetched 1738 B in 0s (0 B/s)
Reading package lists...
Reading package lists...

Install core build dependencies (apt-based resolver)
----------------------------------------------------

Installing build dependencies
Reading package lists...
Building dependency tree...
Reading state information...
The following NEW packages will be installed:
  sbuild-build-depends-core-dummy
0 upgraded, 1 newly installed, 0 to remove and 0 not upgraded.
Need to get 784 B of archives.
After this operation, 0 B of additional disk space will be used.
Get:1 copy:/<<BUILDDIR>>/resolver-A3SIBx/apt_archive ./ sbuild-build-depends-core-dummy 0.invalid.0 [784 B]
debconf: delaying package configuration, since apt-utils is not installed
Fetched 784 B in 0s (0 B/s)
Selecting previously unselected package sbuild-build-depends-core-dummy.
(Reading database ... 11331 files and directories currently installed.)
Preparing to unpack .../sbuild-build-depends-core-dummy_0.invalid.0_amd64.deb ...
Unpacking sbuild-build-depends-core-dummy (0.invalid.0) ...
Setting up sbuild-build-depends-core-dummy (0.invalid.0) ...

+------------------------------------------------------------------------------+
| Check architectures                                                          |
+------------------------------------------------------------------------------+

Arch check ok (amd64 included in any)

+------------------------------------------------------------------------------+
| Install package build dependencies                                           |
+------------------------------------------------------------------------------+


Setup apt archive
-----------------

Merged Build-Depends: cdbs (>= 0.4.73), debhelper (>= 5.0.37.2), libglib2.0-dev, gnome-pkg-tools, python-all-dev (>= 2.3.5-11), dh-python, dpkg-dev (>= 1.13.19), dh-autoreconf
Filtered Build-Depends: cdbs (>= 0.4.73), debhelper (>= 5.0.37.2), libglib2.0-dev, gnome-pkg-tools, python-all-dev (>= 2.3.5-11), dh-python, dpkg-dev (>= 1.13.19), dh-autoreconf
dpkg-deb: building package 'sbuild-build-depends-gamin-dummy' in '/<<BUILDDIR>>/resolver-A3SIBx/apt_archive/sbuild-build-depends-gamin-dummy.deb'.
dpkg-scanpackages: warning: Packages in archive but missing from override file:
dpkg-scanpackages: warning:   sbuild-build-depends-core-dummy sbuild-build-depends-gamin-dummy
dpkg-scanpackages: info: Wrote 2 entries to output Packages file.
Ign:1 copy:/<<BUILDDIR>>/resolver-A3SIBx/apt_archive ./ InRelease
Get:2 copy:/<<BUILDDIR>>/resolver-A3SIBx/apt_archive ./ Release [963 B]
Ign:3 copy:/<<BUILDDIR>>/resolver-A3SIBx/apt_archive ./ Release.gpg
Get:4 copy:/<<BUILDDIR>>/resolver-A3SIBx/apt_archive ./ Sources [561 B]
Get:5 copy:/<<BUILDDIR>>/resolver-A3SIBx/apt_archive ./ Packages [645 B]
Fetched 2169 B in 0s (0 B/s)
Reading package lists...
Reading package lists...

Install gamin build dependencies (apt-based resolver)
-----------------------------------------------------

Installing build dependencies
Reading package lists...
Building dependency tree...
Reading state information...
The following additional packages will be installed:
  autoconf automake autopoint autotools-dev bsdmainutils cdbs debhelper
  dh-autoreconf dh-python dh-strip-nondeterminism file gettext gettext-base
  gnome-pkg-tools groff-base intltool-debian libarchive-zip-perl libcroco3
  libelf1 libexpat1 libexpat1-dev libfile-stripnondeterminism-perl
  libglib2.0-0 libglib2.0-bin libglib2.0-data libglib2.0-dev
  libglib2.0-dev-bin libicu57 libmagic-mgc libmagic1 libmpdec2 libpcre16-3
  libpcre3-dev libpcre32-3 libpcrecpp0v5 libpipeline1 libpython-all-dev
  libpython-dev libpython-stdlib libpython2.7 libpython2.7-dev
  libpython2.7-minimal libpython2.7-stdlib libpython3-stdlib
  libpython3.5-minimal libpython3.5-stdlib libreadline7 libsigsegv2
  libsqlite3-0 libssl1.1 libtimedate-perl libtool libxml2 m4 man-db
  mime-support pkg-config po-debconf python python-all python-all-dev
  python-dev python-minimal python2.7 python2.7-dev python2.7-minimal python3
  python3-minimal python3.5 python3.5-minimal readline-common zlib1g-dev
Suggested packages:
  autoconf-archive gnu-standards autoconf-doc wamerican | wordlist whois
  vacation devscripts dh-make gettext-doc libasprintf-dev libgettextpo-dev
  groff libglib2.0-doc libtool-doc gfortran | fortran95-compiler gcj-jdk
  m4-doc less www-browser libmail-box-perl python-doc python-tk python2.7-doc
  binfmt-support python3-doc python3-tk python3-venv python3.5-venv
  python3.5-doc readline-doc
Recommended packages:
  curl | wget | lynx-cur svn-buildpackage libarchive-cpio-perl
  shared-mime-info xdg-user-dirs libltdl-dev xml-core libmail-sendmail-perl
The following NEW packages will be installed:
  autoconf automake autopoint autotools-dev bsdmainutils cdbs debhelper
  dh-autoreconf dh-python dh-strip-nondeterminism file gettext gettext-base
  gnome-pkg-tools groff-base intltool-debian libarchive-zip-perl libcroco3
  libelf1 libexpat1 libexpat1-dev libfile-stripnondeterminism-perl
  libglib2.0-0 libglib2.0-bin libglib2.0-data libglib2.0-dev
  libglib2.0-dev-bin libicu57 libmagic-mgc libmagic1 libmpdec2 libpcre16-3
  libpcre3-dev libpcre32-3 libpcrecpp0v5 libpipeline1 libpython-all-dev
  libpython-dev libpython-stdlib libpython2.7 libpython2.7-dev
  libpython2.7-minimal libpython2.7-stdlib libpython3-stdlib
  libpython3.5-minimal libpython3.5-stdlib libreadline7 libsigsegv2
  libsqlite3-0 libssl1.1 libtimedate-perl libtool libxml2 m4 man-db
  mime-support pkg-config po-debconf python python-all python-all-dev
  python-dev python-minimal python2.7 python2.7-dev python2.7-minimal python3
  python3-minimal python3.5 python3.5-minimal readline-common
  sbuild-build-depends-gamin-dummy zlib1g-dev
0 upgraded, 73 newly installed, 0 to remove and 0 not upgraded.
Need to get 70.9 MB of archives.
After this operation, 189 MB of additional disk space will be used.
Get:1 copy:/<<BUILDDIR>>/resolver-A3SIBx/apt_archive ./ sbuild-build-depends-gamin-dummy 0.invalid.0 [860 B]
Get:2 http://127.0.0.1:9999/debian unstable/main amd64 groff-base amd64 1.22.3-9 [1160 kB]
Get:3 http://127.0.0.1:9999/debian unstable/main amd64 bsdmainutils amd64 9.0.12+nmu1 [186 kB]
Get:4 http://127.0.0.1:9999/debian unstable/main amd64 libpipeline1 amd64 1.4.2-1 [28.3 kB]
Get:5 http://127.0.0.1:9999/debian unstable/main amd64 man-db amd64 2.7.6.1-2 [1044 kB]
Get:6 http://127.0.0.1:9999/debian unstable/main amd64 libpython2.7-minimal amd64 2.7.13-4 [392 kB]
Get:7 http://127.0.0.1:9999/debian unstable/main amd64 python2.7-minimal amd64 2.7.13-4 [1370 kB]
Get:8 http://127.0.0.1:9999/debian unstable/main amd64 python-minimal amd64 2.7.13-2 [40.5 kB]
Get:9 http://127.0.0.1:9999/debian unstable/main amd64 mime-support all 3.60 [36.7 kB]
Get:10 http://127.0.0.1:9999/debian unstable/main amd64 libexpat1 amd64 2.2.3-1 [87.5 kB]
Get:11 http://127.0.0.1:9999/debian unstable/main amd64 readline-common all 7.0-3 [70.4 kB]
Get:12 http://127.0.0.1:9999/debian unstable/main amd64 libreadline7 amd64 7.0-3 [151 kB]
Get:13 http://127.0.0.1:9999/debian unstable/main amd64 libsqlite3-0 amd64 3.19.3-3 [582 kB]
Get:14 http://127.0.0.1:9999/debian unstable/main amd64 libssl1.1 amd64 1.1.0f-4 [1349 kB]
Get:15 http://127.0.0.1:9999/debian unstable/main amd64 libpython2.7-stdlib amd64 2.7.13-4 [1898 kB]
Get:16 http://127.0.0.1:9999/debian unstable/main amd64 python2.7 amd64 2.7.13-4 [292 kB]
Get:17 http://127.0.0.1:9999/debian unstable/main amd64 libpython-stdlib amd64 2.7.13-2 [20.0 kB]
Get:18 http://127.0.0.1:9999/debian unstable/main amd64 python amd64 2.7.13-2 [154 kB]
Get:19 http://127.0.0.1:9999/debian unstable/main amd64 libpython3.5-minimal amd64 3.5.4-2 [579 kB]
Get:20 http://127.0.0.1:9999/debian unstable/main amd64 python3.5-minimal amd64 3.5.4-2 [1683 kB]
Get:21 http://127.0.0.1:9999/debian unstable/main amd64 python3-minimal amd64 3.5.3-3 [35.4 kB]
Get:22 http://127.0.0.1:9999/debian unstable/main amd64 libmpdec2 amd64 2.4.2-1 [85.2 kB]
Get:23 http://127.0.0.1:9999/debian unstable/main amd64 libpython3.5-stdlib amd64 3.5.4-2 [2174 kB]
Get:24 http://127.0.0.1:9999/debian unstable/main amd64 python3.5 amd64 3.5.4-2 [241 kB]
Get:25 http://127.0.0.1:9999/debian unstable/main amd64 libpython3-stdlib amd64 3.5.3-3 [18.8 kB]
Get:26 http://127.0.0.1:9999/debian unstable/main amd64 dh-python all 2.20170125 [86.8 kB]
Get:27 http://127.0.0.1:9999/debian unstable/main amd64 python3 amd64 3.5.3-3 [21.8 kB]
Get:28 http://127.0.0.1:9999/debian unstable/main amd64 libmagic-mgc amd64 1:5.31-1 [223 kB]
Get:29 http://127.0.0.1:9999/debian unstable/main amd64 libmagic1 amd64 1:5.31-1 [112 kB]
Get:30 http://127.0.0.1:9999/debian unstable/main amd64 file amd64 1:5.31-1 [64.2 kB]
Get:31 http://127.0.0.1:9999/debian unstable/main amd64 gettext-base amd64 0.19.8.1-2+b1 [122 kB]
Get:32 http://127.0.0.1:9999/debian unstable/main amd64 libicu57 amd64 57.1-6 [7701 kB]
Get:33 http://127.0.0.1:9999/debian unstable/main amd64 libxml2 amd64 2.9.4+dfsg1-3 [715 kB]
Get:34 http://127.0.0.1:9999/debian unstable/main amd64 libsigsegv2 amd64 2.11-1 [29.9 kB]
Get:35 http://127.0.0.1:9999/debian unstable/main amd64 m4 amd64 1.4.18-1 [202 kB]
Get:36 http://127.0.0.1:9999/debian unstable/main amd64 autoconf all 2.69-10 [338 kB]
Get:37 http://127.0.0.1:9999/debian unstable/main amd64 autotools-dev all 20161112.1 [73.4 kB]
Get:38 http://127.0.0.1:9999/debian unstable/main amd64 automake all 1:1.15.1-2 [736 kB]
Get:39 http://127.0.0.1:9999/debian unstable/main amd64 autopoint all 0.19.8.1-2 [433 kB]
Get:40 http://127.0.0.1:9999/debian unstable/main amd64 cdbs all 0.4.152 [82.7 kB]
Get:41 http://127.0.0.1:9999/debian unstable/main amd64 libtool all 2.4.6-2 [545 kB]
Get:42 http://127.0.0.1:9999/debian unstable/main amd64 dh-autoreconf all 14 [15.9 kB]
Get:43 http://127.0.0.1:9999/debian unstable/main amd64 libarchive-zip-perl all 1.59-1 [95.5 kB]
Get:44 http://127.0.0.1:9999/debian unstable/main amd64 libfile-stripnondeterminism-perl all 0.038-1 [17.6 kB]
Get:45 http://127.0.0.1:9999/debian unstable/main amd64 libtimedate-perl all 2.3000-2 [42.2 kB]
Get:46 http://127.0.0.1:9999/debian unstable/main amd64 dh-strip-nondeterminism all 0.038-1 [11.1 kB]
Get:47 http://127.0.0.1:9999/debian unstable/main amd64 libglib2.0-0 amd64 2.53.4-3 [2796 kB]
Get:48 http://127.0.0.1:9999/debian unstable/main amd64 libcroco3 amd64 0.6.12-1 [144 kB]
Get:49 http://127.0.0.1:9999/debian unstable/main amd64 gettext amd64 0.19.8.1-2+b1 [1301 kB]
Get:50 http://127.0.0.1:9999/debian unstable/main amd64 intltool-debian all 0.35.0+20060710.4 [26.3 kB]
Get:51 http://127.0.0.1:9999/debian unstable/main amd64 po-debconf all 1.0.20 [247 kB]
Get:52 http://127.0.0.1:9999/debian unstable/main amd64 debhelper all 10.7.2 [975 kB]
Get:53 http://127.0.0.1:9999/debian unstable/main amd64 gnome-pkg-tools all 0.19.9 [27.2 kB]
Get:54 http://127.0.0.1:9999/debian unstable/main amd64 libelf1 amd64 0.168-1 [157 kB]
Get:55 http://127.0.0.1:9999/debian unstable/main amd64 libexpat1-dev amd64 2.2.3-1 [136 kB]
Get:56 http://127.0.0.1:9999/debian unstable/main amd64 libglib2.0-data all 2.53.4-3 [2502 kB]
Get:57 http://127.0.0.1:9999/debian unstable/main amd64 libglib2.0-bin amd64 2.53.4-3 [1578 kB]
Get:58 http://127.0.0.1:9999/debian unstable/main amd64 libglib2.0-dev-bin amd64 2.53.4-3 [1594 kB]
Get:59 http://127.0.0.1:9999/debian unstable/main amd64 libpcre16-3 amd64 2:8.39-4 [258 kB]
Get:60 http://127.0.0.1:9999/debian unstable/main amd64 libpcre32-3 amd64 2:8.39-4 [248 kB]
Get:61 http://127.0.0.1:9999/debian unstable/main amd64 libpcrecpp0v5 amd64 2:8.39-4 [151 kB]
Get:62 http://127.0.0.1:9999/debian unstable/main amd64 libpcre3-dev amd64 2:8.39-4 [647 kB]
Get:63 http://127.0.0.1:9999/debian unstable/main amd64 pkg-config amd64 0.29-4+b1 [63.3 kB]
Get:64 http://127.0.0.1:9999/debian unstable/main amd64 zlib1g-dev amd64 1:1.2.8.dfsg-5 [205 kB]
Get:65 http://127.0.0.1:9999/debian unstable/main amd64 libglib2.0-dev amd64 2.53.4-3 [2879 kB]
Get:66 http://127.0.0.1:9999/debian unstable/main amd64 libpython2.7 amd64 2.7.13-4 [1073 kB]
Get:67 http://127.0.0.1:9999/debian unstable/main amd64 libpython2.7-dev amd64 2.7.13-4 [28.2 MB]
Get:68 http://127.0.0.1:9999/debian unstable/main amd64 libpython-dev amd64 2.7.13-2 [20.1 kB]
Get:69 http://127.0.0.1:9999/debian unstable/main amd64 libpython-all-dev amd64 2.7.13-2 [960 B]
Get:70 http://127.0.0.1:9999/debian unstable/main amd64 python-all amd64 2.7.13-2 [942 B]
Get:71 http://127.0.0.1:9999/debian unstable/main amd64 python2.7-dev amd64 2.7.13-4 [290 kB]
Get:72 http://127.0.0.1:9999/debian unstable/main amd64 python-dev amd64 2.7.13-2 [1126 B]
Get:73 http://127.0.0.1:9999/debian unstable/main amd64 python-all-dev amd64 2.7.13-2 [962 B]
debconf: delaying package configuration, since apt-utils is not installed
Fetched 70.9 MB in 0s (96.8 MB/s)
Selecting previously unselected package groff-base.
(Reading database ... 11331 files and directories currently installed.)
Preparing to unpack .../00-groff-base_1.22.3-9_amd64.deb ...
Unpacking groff-base (1.22.3-9) ...
Selecting previously unselected package bsdmainutils.
Preparing to unpack .../01-bsdmainutils_9.0.12+nmu1_amd64.deb ...
Unpacking bsdmainutils (9.0.12+nmu1) ...
Selecting previously unselected package libpipeline1:amd64.
Preparing to unpack .../02-libpipeline1_1.4.2-1_amd64.deb ...
Unpacking libpipeline1:amd64 (1.4.2-1) ...
Selecting previously unselected package man-db.
Preparing to unpack .../03-man-db_2.7.6.1-2_amd64.deb ...
Unpacking man-db (2.7.6.1-2) ...
Selecting previously unselected package libpython2.7-minimal:amd64.
Preparing to unpack .../04-libpython2.7-minimal_2.7.13-4_amd64.deb ...
Unpacking libpython2.7-minimal:amd64 (2.7.13-4) ...
Selecting previously unselected package python2.7-minimal.
Preparing to unpack .../05-python2.7-minimal_2.7.13-4_amd64.deb ...
Unpacking python2.7-minimal (2.7.13-4) ...
Selecting previously unselected package python-minimal.
Preparing to unpack .../06-python-minimal_2.7.13-2_amd64.deb ...
Unpacking python-minimal (2.7.13-2) ...
Selecting previously unselected package mime-support.
Preparing to unpack .../07-mime-support_3.60_all.deb ...
Unpacking mime-support (3.60) ...
Selecting previously unselected package libexpat1:amd64.
Preparing to unpack .../08-libexpat1_2.2.3-1_amd64.deb ...
Unpacking libexpat1:amd64 (2.2.3-1) ...
Selecting previously unselected package readline-common.
Preparing to unpack .../09-readline-common_7.0-3_all.deb ...
Unpacking readline-common (7.0-3) ...
Selecting previously unselected package libreadline7:amd64.
Preparing to unpack .../10-libreadline7_7.0-3_amd64.deb ...
Unpacking libreadline7:amd64 (7.0-3) ...
Selecting previously unselected package libsqlite3-0:amd64.
Preparing to unpack .../11-libsqlite3-0_3.19.3-3_amd64.deb ...
Unpacking libsqlite3-0:amd64 (3.19.3-3) ...
Selecting previously unselected package libssl1.1:amd64.
Preparing to unpack .../12-libssl1.1_1.1.0f-4_amd64.deb ...
Unpacking libssl1.1:amd64 (1.1.0f-4) ...
Selecting previously unselected package libpython2.7-stdlib:amd64.
Preparing to unpack .../13-libpython2.7-stdlib_2.7.13-4_amd64.deb ...
Unpacking libpython2.7-stdlib:amd64 (2.7.13-4) ...
Selecting previously unselected package python2.7.
Preparing to unpack .../14-python2.7_2.7.13-4_amd64.deb ...
Unpacking python2.7 (2.7.13-4) ...
Selecting previously unselected package libpython-stdlib:amd64.
Preparing to unpack .../15-libpython-stdlib_2.7.13-2_amd64.deb ...
Unpacking libpython-stdlib:amd64 (2.7.13-2) ...
Setting up libpython2.7-minimal:amd64 (2.7.13-4) ...
Setting up python2.7-minimal (2.7.13-4) ...
Setting up python-minimal (2.7.13-2) ...
Selecting previously unselected package python.
(Reading database ... 12714 files and directories currently installed.)
Preparing to unpack .../0-python_2.7.13-2_amd64.deb ...
Unpacking python (2.7.13-2) ...
Selecting previously unselected package libpython3.5-minimal:amd64.
Preparing to unpack .../1-libpython3.5-minimal_3.5.4-2_amd64.deb ...
Unpacking libpython3.5-minimal:amd64 (3.5.4-2) ...
Selecting previously unselected package python3.5-minimal.
Preparing to unpack .../2-python3.5-minimal_3.5.4-2_amd64.deb ...
Unpacking python3.5-minimal (3.5.4-2) ...
Selecting previously unselected package python3-minimal.
Preparing to unpack .../3-python3-minimal_3.5.3-3_amd64.deb ...
Unpacking python3-minimal (3.5.3-3) ...
Selecting previously unselected package libmpdec2:amd64.
Preparing to unpack .../4-libmpdec2_2.4.2-1_amd64.deb ...
Unpacking libmpdec2:amd64 (2.4.2-1) ...
Selecting previously unselected package libpython3.5-stdlib:amd64.
Preparing to unpack .../5-libpython3.5-stdlib_3.5.4-2_amd64.deb ...
Unpacking libpython3.5-stdlib:amd64 (3.5.4-2) ...
Selecting previously unselected package python3.5.
Preparing to unpack .../6-python3.5_3.5.4-2_amd64.deb ...
Unpacking python3.5 (3.5.4-2) ...
Selecting previously unselected package libpython3-stdlib:amd64.
Preparing to unpack .../7-libpython3-stdlib_3.5.3-3_amd64.deb ...
Unpacking libpython3-stdlib:amd64 (3.5.3-3) ...
Selecting previously unselected package dh-python.
Preparing to unpack .../8-dh-python_2.20170125_all.deb ...
Unpacking dh-python (2.20170125) ...
Setting up libssl1.1:amd64 (1.1.0f-4) ...
Setting up libpython3.5-minimal:amd64 (3.5.4-2) ...
Setting up libexpat1:amd64 (2.2.3-1) ...
Setting up python3.5-minimal (3.5.4-2) ...
Setting up python3-minimal (3.5.3-3) ...
Selecting previously unselected package python3.
(Reading database ... 13691 files and directories currently installed.)
Preparing to unpack .../00-python3_3.5.3-3_amd64.deb ...
Unpacking python3 (3.5.3-3) ...
Selecting previously unselected package libmagic-mgc.
Preparing to unpack .../01-libmagic-mgc_1%3a5.31-1_amd64.deb ...
Unpacking libmagic-mgc (1:5.31-1) ...
Selecting previously unselected package libmagic1:amd64.
Preparing to unpack .../02-libmagic1_1%3a5.31-1_amd64.deb ...
Unpacking libmagic1:amd64 (1:5.31-1) ...
Selecting previously unselected package file.
Preparing to unpack .../03-file_1%3a5.31-1_amd64.deb ...
Unpacking file (1:5.31-1) ...
Selecting previously unselected package gettext-base.
Preparing to unpack .../04-gettext-base_0.19.8.1-2+b1_amd64.deb ...
Unpacking gettext-base (0.19.8.1-2+b1) ...
Selecting previously unselected package libicu57:amd64.
Preparing to unpack .../05-libicu57_57.1-6_amd64.deb ...
Unpacking libicu57:amd64 (57.1-6) ...
Selecting previously unselected package libxml2:amd64.
Preparing to unpack .../06-libxml2_2.9.4+dfsg1-3_amd64.deb ...
Unpacking libxml2:amd64 (2.9.4+dfsg1-3) ...
Selecting previously unselected package libsigsegv2:amd64.
Preparing to unpack .../07-libsigsegv2_2.11-1_amd64.deb ...
Unpacking libsigsegv2:amd64 (2.11-1) ...
Selecting previously unselected package m4.
Preparing to unpack .../08-m4_1.4.18-1_amd64.deb ...
Unpacking m4 (1.4.18-1) ...
Selecting previously unselected package autoconf.
Preparing to unpack .../09-autoconf_2.69-10_all.deb ...
Unpacking autoconf (2.69-10) ...
Selecting previously unselected package autotools-dev.
Preparing to unpack .../10-autotools-dev_20161112.1_all.deb ...
Unpacking autotools-dev (20161112.1) ...
Selecting previously unselected package automake.
Preparing to unpack .../11-automake_1%3a1.15.1-2_all.deb ...
Unpacking automake (1:1.15.1-2) ...
Selecting previously unselected package autopoint.
Preparing to unpack .../12-autopoint_0.19.8.1-2_all.deb ...
Unpacking autopoint (0.19.8.1-2) ...
Selecting previously unselected package cdbs.
Preparing to unpack .../13-cdbs_0.4.152_all.deb ...
Unpacking cdbs (0.4.152) ...
Selecting previously unselected package libtool.
Preparing to unpack .../14-libtool_2.4.6-2_all.deb ...
Unpacking libtool (2.4.6-2) ...
Selecting previously unselected package dh-autoreconf.
Preparing to unpack .../15-dh-autoreconf_14_all.deb ...
Unpacking dh-autoreconf (14) ...
Selecting previously unselected package libarchive-zip-perl.
Preparing to unpack .../16-libarchive-zip-perl_1.59-1_all.deb ...
Unpacking libarchive-zip-perl (1.59-1) ...
Selecting previously unselected package libfile-stripnondeterminism-perl.
Preparing to unpack .../17-libfile-stripnondeterminism-perl_0.038-1_all.deb ...
Unpacking libfile-stripnondeterminism-perl (0.038-1) ...
Selecting previously unselected package libtimedate-perl.
Preparing to unpack .../18-libtimedate-perl_2.3000-2_all.deb ...
Unpacking libtimedate-perl (2.3000-2) ...
Selecting previously unselected package dh-strip-nondeterminism.
Preparing to unpack .../19-dh-strip-nondeterminism_0.038-1_all.deb ...
Unpacking dh-strip-nondeterminism (0.038-1) ...
Selecting previously unselected package libglib2.0-0:amd64.
Preparing to unpack .../20-libglib2.0-0_2.53.4-3_amd64.deb ...
Unpacking libglib2.0-0:amd64 (2.53.4-3) ...
Selecting previously unselected package libcroco3:amd64.
Preparing to unpack .../21-libcroco3_0.6.12-1_amd64.deb ...
Unpacking libcroco3:amd64 (0.6.12-1) ...
Selecting previously unselected package gettext.
Preparing to unpack .../22-gettext_0.19.8.1-2+b1_amd64.deb ...
Unpacking gettext (0.19.8.1-2+b1) ...
Selecting previously unselected package intltool-debian.
Preparing to unpack .../23-intltool-debian_0.35.0+20060710.4_all.deb ...
Unpacking intltool-debian (0.35.0+20060710.4) ...
Selecting previously unselected package po-debconf.
Preparing to unpack .../24-po-debconf_1.0.20_all.deb ...
Unpacking po-debconf (1.0.20) ...
Selecting previously unselected package debhelper.
Preparing to unpack .../25-debhelper_10.7.2_all.deb ...
Unpacking debhelper (10.7.2) ...
Selecting previously unselected package gnome-pkg-tools.
Preparing to unpack .../26-gnome-pkg-tools_0.19.9_all.deb ...
Unpacking gnome-pkg-tools (0.19.9) ...
Selecting previously unselected package libelf1:amd64.
Preparing to unpack .../27-libelf1_0.168-1_amd64.deb ...
Unpacking libelf1:amd64 (0.168-1) ...
Selecting previously unselected package libexpat1-dev:amd64.
Preparing to unpack .../28-libexpat1-dev_2.2.3-1_amd64.deb ...
Unpacking libexpat1-dev:amd64 (2.2.3-1) ...
Selecting previously unselected package libglib2.0-data.
Preparing to unpack .../29-libglib2.0-data_2.53.4-3_all.deb ...
Unpacking libglib2.0-data (2.53.4-3) ...
Selecting previously unselected package libglib2.0-bin.
Preparing to unpack .../30-libglib2.0-bin_2.53.4-3_amd64.deb ...
Unpacking libglib2.0-bin (2.53.4-3) ...
Selecting previously unselected package libglib2.0-dev-bin.
Preparing to unpack .../31-libglib2.0-dev-bin_2.53.4-3_amd64.deb ...
Unpacking libglib2.0-dev-bin (2.53.4-3) ...
Selecting previously unselected package libpcre16-3:amd64.
Preparing to unpack .../32-libpcre16-3_2%3a8.39-4_amd64.deb ...
Unpacking libpcre16-3:amd64 (2:8.39-4) ...
Selecting previously unselected package libpcre32-3:amd64.
Preparing to unpack .../33-libpcre32-3_2%3a8.39-4_amd64.deb ...
Unpacking libpcre32-3:amd64 (2:8.39-4) ...
Selecting previously unselected package libpcrecpp0v5:amd64.
Preparing to unpack .../34-libpcrecpp0v5_2%3a8.39-4_amd64.deb ...
Unpacking libpcrecpp0v5:amd64 (2:8.39-4) ...
Selecting previously unselected package libpcre3-dev:amd64.
Preparing to unpack .../35-libpcre3-dev_2%3a8.39-4_amd64.deb ...
Unpacking libpcre3-dev:amd64 (2:8.39-4) ...
Selecting previously unselected package pkg-config.
Preparing to unpack .../36-pkg-config_0.29-4+b1_amd64.deb ...
Unpacking pkg-config (0.29-4+b1) ...
Selecting previously unselected package zlib1g-dev:amd64.
Preparing to unpack .../37-zlib1g-dev_1%3a1.2.8.dfsg-5_amd64.deb ...
Unpacking zlib1g-dev:amd64 (1:1.2.8.dfsg-5) ...
Selecting previously unselected package libglib2.0-dev:amd64.
Preparing to unpack .../38-libglib2.0-dev_2.53.4-3_amd64.deb ...
Unpacking libglib2.0-dev:amd64 (2.53.4-3) ...
Selecting previously unselected package libpython2.7:amd64.
Preparing to unpack .../39-libpython2.7_2.7.13-4_amd64.deb ...
Unpacking libpython2.7:amd64 (2.7.13-4) ...
Selecting previously unselected package libpython2.7-dev:amd64.
Preparing to unpack .../40-libpython2.7-dev_2.7.13-4_amd64.deb ...
Unpacking libpython2.7-dev:amd64 (2.7.13-4) ...
Selecting previously unselected package libpython-dev:amd64.
Preparing to unpack .../41-libpython-dev_2.7.13-2_amd64.deb ...
Unpacking libpython-dev:amd64 (2.7.13-2) ...
Selecting previously unselected package libpython-all-dev:amd64.
Preparing to unpack .../42-libpython-all-dev_2.7.13-2_amd64.deb ...
Unpacking libpython-all-dev:amd64 (2.7.13-2) ...
Selecting previously unselected package python-all.
Preparing to unpack .../43-python-all_2.7.13-2_amd64.deb ...
Unpacking python-all (2.7.13-2) ...
Selecting previously unselected package python2.7-dev.
Preparing to unpack .../44-python2.7-dev_2.7.13-4_amd64.deb ...
Unpacking python2.7-dev (2.7.13-4) ...
Selecting previously unselected package python-dev.
Preparing to unpack .../45-python-dev_2.7.13-2_amd64.deb ...
Unpacking python-dev (2.7.13-2) ...
Selecting previously unselected package python-all-dev.
Preparing to unpack .../46-python-all-dev_2.7.13-2_amd64.deb ...
Unpacking python-all-dev (2.7.13-2) ...
Selecting previously unselected package sbuild-build-depends-gamin-dummy.
Preparing to unpack .../47-sbuild-build-depends-gamin-dummy_0.invalid.0_amd64.deb ...
Unpacking sbuild-build-depends-gamin-dummy (0.invalid.0) ...
Setting up cdbs (0.4.152) ...
Setting up readline-common (7.0-3) ...
Setting up gnome-pkg-tools (0.19.9) ...
Setting up libarchive-zip-perl (1.59-1) ...
Setting up mime-support (3.60) ...
Setting up libtimedate-perl (2.3000-2) ...
Setting up libsigsegv2:amd64 (2.11-1) ...
Setting up libreadline7:amd64 (7.0-3) ...
Setting up libelf1:amd64 (0.168-1) ...
Setting up groff-base (1.22.3-9) ...
Setting up libglib2.0-0:amd64 (2.53.4-3) ...
No schema files found: doing nothing.
Setting up gettext-base (0.19.8.1-2+b1) ...
Setting up libpipeline1:amd64 (1.4.2-1) ...
Setting up m4 (1.4.18-1) ...
Setting up libicu57:amd64 (57.1-6) ...
Setting up libxml2:amd64 (2.9.4+dfsg1-3) ...
Setting up libmagic-mgc (1:5.31-1) ...
Setting up libmagic1:amd64 (1:5.31-1) ...
Setting up libcroco3:amd64 (0.6.12-1) ...
Setting up pkg-config (0.29-4+b1) ...
Setting up libglib2.0-data (2.53.4-3) ...
Processing triggers for libc-bin (2.24-14) ...
Setting up autotools-dev (20161112.1) ...
Setting up libsqlite3-0:amd64 (3.19.3-3) ...
Setting up libexpat1-dev:amd64 (2.2.3-1) ...
Setting up libpcrecpp0v5:amd64 (2:8.39-4) ...
Setting up libpcre32-3:amd64 (2:8.39-4) ...
Setting up libpcre16-3:amd64 (2:8.39-4) ...
Setting up bsdmainutils (9.0.12+nmu1) ...
update-alternatives: using /usr/bin/bsd-write to provide /usr/bin/write (write) in auto mode
update-alternatives: using /usr/bin/bsd-from to provide /usr/bin/from (from) in auto mode
Setting up libglib2.0-bin (2.53.4-3) ...
Setting up libpython2.7-stdlib:amd64 (2.7.13-4) ...
Setting up autopoint (0.19.8.1-2) ...
Setting up libmpdec2:amd64 (2.4.2-1) ...
Setting up zlib1g-dev:amd64 (1:1.2.8.dfsg-5) ...
Setting up libfile-stripnondeterminism-perl (0.038-1) ...
Setting up libpcre3-dev:amd64 (2:8.39-4) ...
Setting up gettext (0.19.8.1-2+b1) ...
Setting up libpython3.5-stdlib:amd64 (3.5.4-2) ...
Setting up python2.7 (2.7.13-4) ...
Setting up autoconf (2.69-10) ...
Setting up file (1:5.31-1) ...
Setting up libpython-stdlib:amd64 (2.7.13-2) ...
Setting up intltool-debian (0.35.0+20060710.4) ...
Setting up libpython2.7:amd64 (2.7.13-4) ...
Setting up automake (1:1.15.1-2) ...
update-alternatives: using /usr/bin/automake-1.15 to provide /usr/bin/automake (automake) in auto mode
Setting up man-db (2.7.6.1-2) ...
Not building database; man-db/auto-update is not 'true'.
Setting up libpython2.7-dev:amd64 (2.7.13-4) ...
Setting up python2.7-dev (2.7.13-4) ...
Setting up python (2.7.13-2) ...
Setting up libtool (2.4.6-2) ...
Setting up python3.5 (3.5.4-2) ...
Setting up libpython3-stdlib:amd64 (3.5.3-3) ...
Setting up libpython-dev:amd64 (2.7.13-2) ...
Setting up po-debconf (1.0.20) ...
Setting up python-dev (2.7.13-2) ...
Setting up libpython-all-dev:amd64 (2.7.13-2) ...
Setting up python-all (2.7.13-2) ...
Setting up python-all-dev (2.7.13-2) ...
Setting up dh-autoreconf (14) ...
Setting up python3 (3.5.3-3) ...
Setting up libglib2.0-dev-bin (2.53.4-3) ...
Setting up libglib2.0-dev:amd64 (2.53.4-3) ...
Setting up dh-strip-nondeterminism (0.038-1) ...
Setting up dh-python (2.20170125) ...
Setting up debhelper (10.7.2) ...
Setting up sbuild-build-depends-gamin-dummy (0.invalid.0) ...
Processing triggers for libc-bin (2.24-14) ...

+------------------------------------------------------------------------------+
| Build environment                                                            |
+------------------------------------------------------------------------------+

Kernel: Linux 4.9.0-2-amd64 amd64 (x86_64)
Toolchain package versions: binutils_2.29-4 dpkg-dev_1.18.24 g++-7_7.2.0-1 gcc-7_7.2.0-1 libc6-dev_2.24-14 libstdc++-6-dev_6.4.0-3 libstdc++-7-dev_7.2.0-1 libstdc++6_7.2.0-1 linux-libc-dev_4.12.6-1
Package versions: adduser_3.116 apt_1.5~beta2 autoconf_2.69-10 automake_1:1.15.1-2 autopoint_0.19.8.1-2 autotools-dev_20161112.1 base-files_10 base-passwd_3.5.43 bash_4.4-5 binutils_2.29-4 bsdmainutils_9.0.12+nmu1 bsdutils_1:2.29.2-4 build-essential_12.3 bzip2_1.0.6-8.1 cdbs_0.4.152 clang-5.0_1:5.0~+rc2-1 coreutils_8.26-3 cpp_4:7.1.0-2 cpp-7_7.2.0-1 dash_0.5.8-2.5 debconf_1.5.63 debfoster_2.7-2.1+b1 debhelper_10.7.2 debian-archive-keyring_2017.5 debianutils_4.8.2 dh-autoreconf_14 dh-python_2.20170125 dh-strip-nondeterminism_0.038-1 diffutils_1:3.6-1 dpkg_1.18.24 dpkg-dev_1.18.24 e2fslibs_1.43.5-1 e2fsprogs_1.43.5-1 eatmydata_105-5 fakeroot_1.22-1 fdisk_2.29.2-4 file_1:5.31-1 findutils_4.6.0+git+20170729-2 g++_4:7.1.0-2 g++-7_7.2.0-1 gcc_4:7.1.0-2 gcc-6-base_6.4.0-3 gcc-7_7.2.0-1 gcc-7-base_7.2.0-1 gettext_0.19.8.1-2+b1 gettext-base_0.19.8.1-2+b1 gnome-pkg-tools_0.19.9 gpgv_2.1.23-2 grep_3.1-2 groff-base_1.22.3-9 gzip_1.6-5+b1 hostname_3.18+b1 init-system-helpers_1.49 intltool-debian_0.35.0+20060710.4 libacl1_2.2.52-3+b1 libapt-pkg5.0_1.5~beta2 libarchive-zip-perl_1.59-1 libasan3_6.4.0-3 libasan4_7.2.0-1 libatomic1_7.2.0-1 libattr1_1:2.4.47-2+b2 libaudit-common_1:2.7.7-1 libaudit1_1:2.7.7-1+b2 libblkid1_2.29.2-4 libbsd0_0.8.6-1 libbz2-1.0_1.0.6-8.1 libc-bin_2.24-14 libc-dev-bin_2.24-14 libc6_2.24-14 libc6-dev_2.24-14 libcap-ng0_0.7.7-3+b1 libcc1-0_7.2.0-1 libcilkrts5_7.2.0-1 libclang-common-5.0-dev_1:5.0~+rc2-1 libclang1-5.0_1:5.0~+rc2-1 libcomerr2_1.43.5-1 libcroco3_0.6.12-1 libdb5.3_5.3.28-13 libdebconfclient0_0.229 libdpkg-perl_1.18.24 libeatmydata1_105-5 libedit2_3.1-20170329-1 libelf1_0.168-1 libexpat1_2.2.3-1 libexpat1-dev_2.2.3-1 libfakeroot_1.22-1 libfdisk1_2.29.2-4 libffi6_3.2.1-6 libfile-stripnondeterminism-perl_0.038-1 libgc1c2_1:7.4.2-8 libgcc-6-dev_6.4.0-3 libgcc-7-dev_7.2.0-1 libgcc1_1:7.2.0-1 libgcrypt20_1.7.8-2 libgdbm3_1.8.3-14 libglib2.0-0_2.53.4-3 libglib2.0-bin_2.53.4-3 libglib2.0-data_2.53.4-3 libglib2.0-dev_2.53.4-3 libglib2.0-dev-bin_2.53.4-3 libgmp10_2:6.1.2+dfsg-1 libgnutls30_3.5.14-3 libgomp1_7.2.0-1 libgpg-error0_1.27-3 libhogweed4_3.3-1+b1 libicu57_57.1-6 libidn2-0_2.0.2-3 libisl15_0.18-1 libitm1_7.2.0-1 libjsoncpp1_1.7.4-3 libllvm5.0_1:5.0~+rc2-1 liblsan0_7.2.0-1 liblz4-1_0.0~r131-2+b1 liblzma5_5.2.2-1.3 libmagic-mgc_1:5.31-1 libmagic1_1:5.31-1 libmount1_2.29.2-4 libmpc3_1.0.3-1+b2 libmpdec2_2.4.2-1 libmpfr4_3.1.5-1 libmpx2_7.2.0-1 libncurses5_6.0+20170715-2 libncursesw5_6.0+20170715-2 libnettle6_3.3-1+b1 libobjc-6-dev_6.4.0-3 libobjc4_7.2.0-1 libp11-kit0_0.23.7-3 libpam-modules_1.1.8-3.6 libpam-modules-bin_1.1.8-3.6 libpam-runtime_1.1.8-3.6 libpam0g_1.1.8-3.6 libpcre16-3_2:8.39-4 libpcre3_2:8.39-4 libpcre3-dev_2:8.39-4 libpcre32-3_2:8.39-4 libpcrecpp0v5_2:8.39-4 libperl5.26_5.26.0-5 libpipeline1_1.4.2-1 libpython-all-dev_2.7.13-2 libpython-dev_2.7.13-2 libpython-stdlib_2.7.13-2 libpython2.7_2.7.13-4 libpython2.7-dev_2.7.13-4 libpython2.7-minimal_2.7.13-4 libpython2.7-stdlib_2.7.13-4 libpython3-stdlib_3.5.3-3 libpython3.5-minimal_3.5.4-2 libpython3.5-stdlib_3.5.4-2 libquadmath0_7.2.0-1 libreadline7_7.0-3 libselinux1_2.6-3+b2 libsemanage-common_2.6-2 libsemanage1_2.6-2+b1 libsepol1_2.6-2 libsigsegv2_2.11-1 libsmartcols1_2.29.2-4 libsqlite3-0_3.19.3-3 libss2_1.43.5-1 libssl1.1_1.1.0f-4 libstdc++-6-dev_6.4.0-3 libstdc++-7-dev_7.2.0-1 libstdc++6_7.2.0-1 libsystemd0_234-2 libtasn1-6_4.12-2.1 libtimedate-perl_2.3000-2 libtinfo5_6.0+20170715-2 libtool_2.4.6-2 libtsan0_7.2.0-1 libubsan0_7.2.0-1 libudev1_234-2 libunistring2_0.9.7-2 libustr-1.0-1_1.0.4-6 libuuid1_2.29.2-4 libxml2_2.9.4+dfsg1-3 linux-libc-dev_4.12.6-1 login_1:4.4-4.1 m4_1.4.18-1 make_4.1-9.1 man-db_2.7.6.1-2 mawk_1.3.3-17+b3 mime-support_3.60 mount_2.29.2-4 multiarch-support_2.24-14 ncurses-base_6.0+20170715-2 ncurses-bin_6.0+20170715-2 passwd_1:4.4-4.1 patch_2.7.5-1+b2 perl_5.26.0-5 perl-base_5.26.0-5 perl-modules-5.26_5.26.0-5 pkg-config_0.29-4+b1 po-debconf_1.0.20 python_2.7.13-2 python-all_2.7.13-2 python-all-dev_2.7.13-2 python-dev_2.7.13-2 python-minimal_2.7.13-2 python2.7_2.7.13-4 python2.7-dev_2.7.13-4 python2.7-minimal_2.7.13-4 python3_3.5.3-3 python3-minimal_3.5.3-3 python3.5_3.5.4-2 python3.5-minimal_3.5.4-2 readline-common_7.0-3 sbuild-build-depends-core-dummy_0.invalid.0 sbuild-build-depends-gamin-dummy_0.invalid.0 sed_4.4-1 sensible-utils_0.0.10 sysvinit-utils_2.88dsf-59.9 tar_1.29b-2 util-linux_2.29.2-4 xz-utils_5.2.2-1.3 zlib1g_1:1.2.8.dfsg-5 zlib1g-dev_1:1.2.8.dfsg-5

+------------------------------------------------------------------------------+
| Build                                                                        |
+------------------------------------------------------------------------------+


Unpack source
-------------

gpgv: unknown type of key resource 'trustedkeys.kbx'
gpgv: keyblock resource '/sbuild-nonexistent/.gnupg/trustedkeys.kbx': General error
gpgv: Signature made Tue Aug 18 16:58:14 2015 UTC
gpgv:                using RSA key D14EF15DAFE11347
gpgv: Can't check signature: No public key
dpkg-source: warning: failed to verify signature on ./gamin_0.1.10-5.dsc
dpkg-source: info: extracting gamin in /<<PKGBUILDDIR>>
dpkg-source: info: unpacking gamin_0.1.10.orig.tar.gz
dpkg-source: info: unpacking gamin_0.1.10-5.debian.tar.xz
dpkg-source: info: applying 01_python_detection.patch
dpkg-source: info: applying 15_kfreebsd.patch
dpkg-source: info: applying 16_armel-gnueabi.patch
dpkg-source: info: applying 17_deprecated_const_return.patch
dpkg-source: info: applying 18_gam_server_deadlocks.patch

Check disk space
----------------

Sufficient free space for build

User Environment
----------------

APT_CONFIG=/var/lib/sbuild/apt.conf
HOME=/sbuild-nonexistent
LANG=en_US.UTF-8
LC_ALL=POSIX
LOGNAME=user42
PATH=/usr/local/sbin:/usr/local/bin:/usr/sbin:/usr/bin:/sbin:/bin:/usr/games
SCHROOT_ALIAS_NAME=unstable-amd64-sbuild
SCHROOT_CHROOT_NAME=unstable-amd64-sbuild
SCHROOT_COMMAND=env
SCHROOT_GID=1001
SCHROOT_GROUP=user42
SCHROOT_SESSION_ID=unstable-amd64-sbuild-2d773e25-e8e8-4c3a-84ff-68cf09c3f9c8
SCHROOT_UID=1001
SCHROOT_USER=user42
SHELL=/bin/sh
USER=user42

dpkg-buildpackage
-----------------

dpkg-buildpackage: info: source package gamin
dpkg-buildpackage: info: source version 0.1.10-5
dpkg-buildpackage: info: source distribution unstable
dpkg-buildpackage: info: source changed by Martin Pitt <mpitt@debian.org>
 dpkg-source --before-build gamin-0.1.10
dpkg-buildpackage: info: host architecture amd64
 fakeroot debian/rules clean
pyversions: missing X(S)-Python-Version in control file, fall back to debian/pyversions
pyversions: missing debian/pyversions file, fall back to supported versions
CDBS WARNING:  copyright-check disabled - touch debian/copyright_hints to enable.
test -x debian/rules
rmdir debian/build
rmdir: failed to remove 'debian/build': No such file or directory
/usr/share/cdbs/1/rules/buildcore.mk:49: recipe for target 'cleanbuilddir' failed
make: [cleanbuilddir] Error 1 (ignored)
rm -f debian/stamp-makefile-build debian/stamp-makefile-install
GCONF_DISABLE_MAKEFILE_SCHEMA_INSTALL=1 /usr/bin/make -C debian/build -k distclean
make[1]: *** debian/build: No such file or directory.  Stop.
/usr/share/cdbs/1/class/makefile.mk:91: recipe for target 'makefile-clean' failed
make: [makefile-clean] Error 2 (ignored)
rm -f debian/stamp-autotools
rmdir --ignore-fail-on-non-empty debian/build
rmdir: failed to remove 'debian/build': No such file or directory
/usr/share/cdbs/1/class/autotools.mk:64: recipe for target 'makefile-clean' failed
make: [makefile-clean] Error 1 (ignored)
set -e;    
if test -e debian/autoreconf.before; then \
	dh_autoreconf_clean ; \
fi
dh_clean 
dh_clean: Compatibility levels before 9 are deprecated (level 5 in use)
rm -f debian/stamp-autotools-files
find doc -name '*.omf.out' -type f -delete
rm -f debian/copyright_newhints
rm -f debian/cdbs-install-list debian/cdbs-package-list debian/stamp-copyright-check
rm -rf "debian/upstream-cruft"
rm -f debian/stamp-upstream-cruft
{ cat /usr/share/gnome-pkg-tools/control.header ; \
  sed "s/@GNOME_TEAM@/Debian GNOME Maintainers <pkg-gnome-maintainers@lists.alioth.debian.org>, Emilio Pozuelo Monfort <pochu@debian.org>, Martin Pitt <mpitt@debian.org>, Sebastian Drge <slomo@debian.org>/" debian/control.in ; } \
> debian/control
 debian/rules build-arch
pyversions: missing X(S)-Python-Version in control file, fall back to debian/pyversions
pyversions: missing debian/pyversions file, fall back to supported versions
CDBS WARNING:  copyright-check disabled - touch debian/copyright_hints to enable.
test -x debian/rules
mkdir -p "debian/build"
CDBS WARNING:    DEB_DH_BUILDDEB_ARGS is deprecated since 0.4.85

Scanning upstream source for new/changed copyright notices...

set -e; LC_ALL=C.UTF-8 /usr/bin/licensecheck --check '.*' --recursive --copyright --deb-fmt --ignore '^(debian/(changelog|copyright(|_hints|_newhints)))$' --lines 0 * | /usr/lib/cdbs/licensecheck2dep5 > debian/copyright_newhints
/bin/sh: 1: /usr/bin/licensecheck: not found
0 combinations of copyright and licensing found.
diff: debian/copyright_hints: No such file or directory
No new copyright notices found - assuming no news is good news...
touch debian/stamp-copyright-check
touch debian/stamp-upstream-cruft
set -e;   mv ./config.guess ./config.guess.cdbs-orig; cp --remove-destination /usr/share/misc/config.guess ./config.guess;
set -e;   mv ./config.sub ./config.sub.cdbs-orig; cp --remove-destination /usr/share/misc/config.sub ./config.sub;
dh_autoreconf 
aclocal: warning: autoconf input should be named 'configure.ac', not 'configure.in'
configure.in:32: warning: AC_COMPILE_IFELSE was called before AC_USE_SYSTEM_EXTENSIONS
../../lib/autoconf/specific.m4:368: AC_USE_SYSTEM_EXTENSIONS is expanded from...
configure.in:32: the top level
configure.in:32: warning: AC_RUN_IFELSE was called before AC_USE_SYSTEM_EXTENSIONS
../../lib/autoconf/specific.m4:368: AC_USE_SYSTEM_EXTENSIONS is expanded from...
configure.in:32: the top level
configure.in:32: warning: AC_COMPILE_IFELSE was called before AC_USE_SYSTEM_EXTENSIONS
../../lib/autoconf/specific.m4:368: AC_USE_SYSTEM_EXTENSIONS is expanded from...
configure.in:32: the top level
configure.in:32: warning: AC_RUN_IFELSE was called before AC_USE_SYSTEM_EXTENSIONS
../../lib/autoconf/specific.m4:368: AC_USE_SYSTEM_EXTENSIONS is expanded from...
configure.in:32: the top level
libtoolize: putting auxiliary files in '.'.
libtoolize: copying file './ltmain.sh'
libtoolize: Consider adding 'AC_CONFIG_MACRO_DIRS([m4])' to configure.in,
libtoolize: and rerunning libtoolize and aclocal.
libtoolize: Consider adding '-I m4' to ACLOCAL_AMFLAGS in Makefile.am.
aclocal: warning: autoconf input should be named 'configure.ac', not 'configure.in'
configure.in:32: warning: AC_COMPILE_IFELSE was called before AC_USE_SYSTEM_EXTENSIONS
../../lib/autoconf/specific.m4:368: AC_USE_SYSTEM_EXTENSIONS is expanded from...
configure.in:32: the top level
configure.in:32: warning: AC_RUN_IFELSE was called before AC_USE_SYSTEM_EXTENSIONS
../../lib/autoconf/specific.m4:368: AC_USE_SYSTEM_EXTENSIONS is expanded from...
configure.in:32: the top level
configure.in:32: warning: AC_COMPILE_IFELSE was called before AC_USE_SYSTEM_EXTENSIONS
../../lib/autoconf/specific.m4:368: AC_USE_SYSTEM_EXTENSIONS is expanded from...
configure.in:32: the top level
configure.in:32: warning: AC_RUN_IFELSE was called before AC_USE_SYSTEM_EXTENSIONS
../../lib/autoconf/specific.m4:368: AC_USE_SYSTEM_EXTENSIONS is expanded from...
configure.in:32: the top level
configure.in:32: warning: AC_COMPILE_IFELSE was called before AC_USE_SYSTEM_EXTENSIONS
../../lib/autoconf/specific.m4:368: AC_USE_SYSTEM_EXTENSIONS is expanded from...
configure.in:32: the top level
configure.in:32: warning: AC_RUN_IFELSE was called before AC_USE_SYSTEM_EXTENSIONS
../../lib/autoconf/specific.m4:368: AC_USE_SYSTEM_EXTENSIONS is expanded from...
configure.in:32: the top level
automake: warning: autoconf input should be named 'configure.ac', not 'configure.in'
configure.in:32: warning: AC_COMPILE_IFELSE was called before AC_USE_SYSTEM_EXTENSIONS
../../lib/autoconf/specific.m4:368: AC_USE_SYSTEM_EXTENSIONS is expanded from...
configure.in:32: the top level
configure.in:32: warning: AC_RUN_IFELSE was called before AC_USE_SYSTEM_EXTENSIONS
../../lib/autoconf/specific.m4:368: AC_USE_SYSTEM_EXTENSIONS is expanded from...
configure.in:32: the top level
configure.in:28: warning: AM_INIT_AUTOMAKE: two- and three-arguments forms are deprecated.  For more info, see:
configure.in:28: http://www.gnu.org/software/automake/manual/automake.html#Modernize-AM_005fINIT_005fAUTOMAKE-invocation
configure.in:30: installing './compile'
configure.in:28: installing './missing'
automake: warning: autoconf input should be named 'configure.ac', not 'configure.in'
lib/Makefile.am:1: warning: 'INCLUDES' is the old name for 'AM_CPPFLAGS' (or '*_CPPFLAGS')
lib/Makefile.am: installing './depcomp'
libgamin/Makefile.am:1: warning: 'INCLUDES' is the old name for 'AM_CPPFLAGS' (or '*_CPPFLAGS')
python/Makefile.am:5: warning: 'INCLUDES' is the old name for 'AM_CPPFLAGS' (or '*_CPPFLAGS')
server/Makefile.am:1: warning: 'INCLUDES' is the old name for 'AM_CPPFLAGS' (or '*_CPPFLAGS')
tests/Makefile.am:3: warning: 'INCLUDES' is the old name for 'AM_CPPFLAGS' (or '*_CPPFLAGS')
touch debian/stamp-autotools-files
chmod a+x /<<PKGBUILDDIR>>/./configure
mkdir -p debian/build
cd debian/build && CFLAGS="-g -O2 -fdebug-prefix-map=/<<PKGBUILDDIR>>=. -fstack-protector-strong -Wformat -Werror=format-security" CXXFLAGS="-g -O2 -fdebug-prefix-map=/<<PKGBUILDDIR>>=. -fstack-protector-strong -Wformat -Werror=format-security" CPPFLAGS="-Wdate-time -D_FORTIFY_SOURCE=2" LDFLAGS="-Wl,-z,relro" LDFLAGS="-Wl,-O1" PYTHON="" /<<PKGBUILDDIR>>/./configure --build=x86_64-linux-gnu --prefix=/usr --includedir="\${prefix}/include" --mandir="\${prefix}/share/man" --infodir="\${prefix}/share/info" --sysconfdir=/etc --localstatedir=/var --libexecdir="\${prefix}/lib/gamin" --disable-maintainer-mode --disable-dependency-tracking --disable-silent-rules --disable-kqueue
configure: WARNING: unrecognized options: --disable-maintainer-mode
checking build system type... x86_64-pc-linux-gnu
checking host system type... x86_64-pc-linux-gnu
checking target system type... x86_64-pc-linux-gnu
checking for a BSD-compatible install... /usr/bin/install -c
checking whether build environment is sane... yes
checking for a thread-safe mkdir -p... /bin/mkdir -p
checking for gawk... no
checking for mawk... mawk
checking whether make sets $(MAKE)... yes
checking whether make supports nested variables... yes
checking how to print strings... printf
checking for style of include used by make... GNU
checking for gcc... gcc
checking whether the C compiler works... yes
checking for C compiler default output file name... a.out
checking for suffix of executables... 
checking whether we are cross compiling... no
checking for suffix of object files... o
checking whether we are using the GNU C compiler... yes
checking whether gcc accepts -g... yes
checking for gcc option to accept ISO C89... none needed
checking whether gcc understands -c and -o together... yes
checking dependency style of gcc... none
checking for a sed that does not truncate output... /bin/sed
checking for grep that handles long lines and -e... /bin/grep
checking for egrep... /bin/grep -E
checking for fgrep... /bin/grep -F
checking for ld used by gcc... /usr/bin/ld
checking if the linker (/usr/bin/ld) is GNU ld... yes
checking for BSD- or MS-compatible name lister (nm)... /usr/bin/nm -B
checking the name lister (/usr/bin/nm -B) interface... BSD nm
checking whether ln -s works... yes
checking the maximum length of command line arguments... 1572864
checking how to convert x86_64-pc-linux-gnu file names to x86_64-pc-linux-gnu format... func_convert_file_noop
checking how to convert x86_64-pc-linux-gnu file names to toolchain format... func_convert_file_noop
checking for /usr/bin/ld option to reload object files... -r
checking for objdump... objdump
checking how to recognize dependent libraries... pass_all
checking for dlltool... no
checking how to associate runtime and link libraries... printf %s\n
checking for ar... ar
checking for archiver @FILE support... @
checking for strip... strip
checking for ranlib... ranlib
checking command to parse /usr/bin/nm -B output from gcc object... ok
checking for sysroot... no
checking for a working dd... /bin/dd
checking how to truncate binary pipes... /bin/dd bs=4096 count=1
checking for mt... no
checking if : is a manifest tool... no
checking how to run the C preprocessor... gcc -E
checking for ANSI C header files... yes
checking for sys/types.h... yes
checking for sys/stat.h... yes
checking for stdlib.h... yes
checking for string.h... yes
checking for memory.h... yes
checking for strings.h... yes
checking for inttypes.h... yes
checking for stdint.h... yes
checking for unistd.h... yes
checking for dlfcn.h... yes
checking for objdir... .libs
checking if gcc supports -fno-rtti -fno-exceptions... yes
checking for gcc option to produce PIC... -fPIC -DPIC
checking if gcc PIC flag -fPIC -DPIC works... yes
checking if gcc static flag -static works... yes
checking if gcc supports -c -o file.o... yes
checking if gcc supports -c -o file.o... (cached) yes
checking whether the gcc linker (/usr/bin/ld -m elf_x86_64) supports shared libraries... yes
checking whether -lc should be explicitly linked in... no
checking dynamic linker characteristics... GNU/Linux ld.so
checking how to hardcode library paths into programs... immediate
checking whether stripping libraries is possible... yes
checking if libtool supports shared libraries... yes
checking whether to build shared libraries... yes
checking whether to build static libraries... yes
checking minix/config.h usability... no
checking minix/config.h presence... no
checking for minix/config.h... no
checking whether it is safe to define __EXTENSIONS__... yes
checking for gcc... (cached) gcc
checking whether we are using the GNU C compiler... (cached) yes
checking whether gcc accepts -g... (cached) yes
checking for gcc option to accept ISO C89... (cached) none needed
checking whether gcc understands -c and -o together... (cached) yes
checking dependency style of gcc... (cached) none
checking for gcc... (cached) gcc
checking whether we are using the GNU C compiler... (cached) yes
checking whether gcc accepts -g... (cached) yes
checking for gcc option to accept ISO C89... (cached) none needed
checking whether gcc understands -c and -o together... (cached) yes
checking dependency style of gcc... (cached) none
checking for ANSI C header files... (cached) yes
checking whether make sets $(MAKE)... (cached) yes
checking gtk-doc version >= 1.0... no
checking for usleep... yes
checking for setsid... yes
checking for setenv... yes
checking for putenv... yes
checking for getlogin_r... yes
checking for nanoseconds field of struct stat.st_mtim... tv_nsec
checking for pkg-config... /usr/bin/pkg-config
checking pkg-config is at least version 0.9.0... yes
checking for DAEMON... yes
checking for TEST... yes
checking sys/inotify.h usability... yes
checking sys/inotify.h presence... yes
checking for sys/inotify.h... yes
checking for kevent... no
Enabling multithreaded support
checking pthread.h usability... yes
checking pthread.h presence... yes
checking for pthread.h... yes
checking for pthread_mutexattr_settype in -lpthread... yes
Use weak symbols !
checking for ISO C99 varargs macros in C... yes
checking for GNUC varargs macros... yes
checking for struct cmsgcred... no
checking abstract socket namespace... yes
checking for python... /usr/bin/python
Found Python version 2.7
checking for more compiler warnings... yes
checking whether gcc understands -Wno-sign-compare... yes
checking that generated files are newer than configure... done
configure: creating ./config.status
config.status: creating Makefile
config.status: creating lib/Makefile
config.status: creating libgamin/Makefile
config.status: creating server/Makefile
config.status: creating tests/Makefile
config.status: creating python/Makefile
config.status: creating python/tests/Makefile
config.status: creating doc/Makefile
config.status: creating gamin.pc
config.status: creating gamin.spec
config.status: creating config.h
config.status: executing depfiles commands
config.status: executing libtool commands
configure: WARNING: unrecognized options: --disable-maintainer-mode

gamin-0.1.10:

        prefix:                   /usr
        source code location:     /<<PKGBUILDDIR>>/.
        compiler:                 gcc
        compiler flags:            -Wall -Wchar-subscripts -Wmissing-declarations -Wmissing-prototypes -Wnested-externs -Wsign-compare -Wno-sign-compare -g -g -O2 -fdebug-prefix-map=/<<PKGBUILDDIR>>=. -fstack-protector-strong -Wformat -Werror=format-security

	build gam_server:         yes
	build libgamin/libfam:    yes
	build python bindings:    yes
	build tests:              yes

	backends:                 polling, inotify, dnotify
	build documentation:      no
	debug support:            yes

touch debian/stamp-autotools
GCONF_DISABLE_MAKEFILE_SCHEMA_INSTALL=1 /usr/bin/make -C debian/build 
make[1]: Entering directory '/<<PKGBUILDDIR>>/debian/build'
/usr/bin/make  all-recursive
make[2]: Entering directory '/<<PKGBUILDDIR>>/debian/build'
Making all in lib
make[3]: Entering directory '/<<PKGBUILDDIR>>/debian/build/lib'
gcc -DHAVE_CONFIG_H -I. -I/<<PKGBUILDDIR>>/./lib -I..  -I.. -I/<<PKGBUILDDIR>>/./lib -DGAM_DEBUG_ENABLED  -Wdate-time -D_FORTIFY_SOURCE=2 -Wall -Wchar-subscripts -Wmissing-declarations -Wmissing-prototypes -Wnested-externs -Wsign-compare -Wno-sign-compare -g -g -O2 -fdebug-prefix-map=/<<PKGBUILDDIR>>=. -fstack-protector-strong -Wformat -Werror=format-security -c -o gam_event.o /<<PKGBUILDDIR>>/./lib/gam_event.c
gcc -DHAVE_CONFIG_H -I. -I/<<PKGBUILDDIR>>/./lib -I..  -I.. -I/<<PKGBUILDDIR>>/./lib -DGAM_DEBUG_ENABLED  -Wdate-time -D_FORTIFY_SOURCE=2 -Wall -Wchar-subscripts -Wmissing-declarations -Wmissing-prototypes -Wnested-externs -Wsign-compare -Wno-sign-compare -g -g -O2 -fdebug-prefix-map=/<<PKGBUILDDIR>>=. -fstack-protector-strong -Wformat -Werror=format-security -c -o gam_error.o /<<PKGBUILDDIR>>/./lib/gam_error.c
rm -f libgamin_shared.a
ar cru libgamin_shared.a gam_event.o gam_error.o 
ar: `u' modifier ignored since `D' is the default (see `U')
ranlib libgamin_shared.a
make[3]: Leaving directory '/<<PKGBUILDDIR>>/debian/build/lib'
Making all in doc
make[3]: Entering directory '/<<PKGBUILDDIR>>/debian/build/doc'
make[3]: Nothing to be done for 'all'.
make[3]: Leaving directory '/<<PKGBUILDDIR>>/debian/build/doc'
Making all in libgamin
make[3]: Entering directory '/<<PKGBUILDDIR>>/debian/build/libgamin'
/bin/bash ../libtool  --tag=CC   --mode=compile gcc -DHAVE_CONFIG_H -I. -I/<<PKGBUILDDIR>>/./libgamin -I..  -I.. -I/<<PKGBUILDDIR>>/./lib -DBINDIR=\""/usr/lib/gamin"\" -DBUILDDIR=\"".."\" -DGAM_DEBUG_ENABLED  -Wdate-time -D_FORTIFY_SOURCE=2 -Wall -Wchar-subscripts -Wmissing-declarations -Wmissing-prototypes -Wnested-externs -Wsign-compare -Wno-sign-compare -g -g -O2 -fdebug-prefix-map=/<<PKGBUILDDIR>>=. -fstack-protector-strong -Wformat -Werror=format-security -c -o gam_api.lo /<<PKGBUILDDIR>>/./libgamin/gam_api.c
libtool: compile:  gcc -DHAVE_CONFIG_H -I. -I/<<PKGBUILDDIR>>/./libgamin -I.. -I.. -I/<<PKGBUILDDIR>>/./lib -DBINDIR=\"/usr/lib/gamin\" -DBUILDDIR=\"..\" -DGAM_DEBUG_ENABLED -Wdate-time -D_FORTIFY_SOURCE=2 -Wall -Wchar-subscripts -Wmissing-declarations -Wmissing-prototypes -Wnested-externs -Wsign-compare -Wno-sign-compare -g -g -O2 -fdebug-prefix-map=/<<PKGBUILDDIR>>=. -fstack-protector-strong -Wformat -Werror=format-security -c /<<PKGBUILDDIR>>/./libgamin/gam_api.c  -fPIC -DPIC -o .libs/gam_api.o
/<<PKGBUILDDIR>>/./libgamin/gam_api.c:41:3: warning: unused variable 'FAMError' [-Wunused-variable]
} FAMError;
  ^
1 warning generated.
libtool: compile:  gcc -DHAVE_CONFIG_H -I. -I/<<PKGBUILDDIR>>/./libgamin -I.. -I.. -I/<<PKGBUILDDIR>>/./lib -DBINDIR=\"/usr/lib/gamin\" -DBUILDDIR=\"..\" -DGAM_DEBUG_ENABLED -Wdate-time -D_FORTIFY_SOURCE=2 -Wall -Wchar-subscripts -Wmissing-declarations -Wmissing-prototypes -Wnested-externs -Wsign-compare -Wno-sign-compare -g -g -O2 -fdebug-prefix-map=/<<PKGBUILDDIR>>=. -fstack-protector-strong -Wformat -Werror=format-security -c /<<PKGBUILDDIR>>/./libgamin/gam_api.c -o gam_api.o >/dev/null 2>&1
/bin/bash ../libtool  --tag=CC   --mode=compile gcc -DHAVE_CONFIG_H -I. -I/<<PKGBUILDDIR>>/./libgamin -I..  -I.. -I/<<PKGBUILDDIR>>/./lib -DBINDIR=\""/usr/lib/gamin"\" -DBUILDDIR=\"".."\" -DGAM_DEBUG_ENABLED  -Wdate-time -D_FORTIFY_SOURCE=2 -Wall -Wchar-subscripts -Wmissing-declarations -Wmissing-prototypes -Wnested-externs -Wsign-compare -Wno-sign-compare -g -g -O2 -fdebug-prefix-map=/<<PKGBUILDDIR>>=. -fstack-protector-strong -Wformat -Werror=format-security -c -o gam_data.lo /<<PKGBUILDDIR>>/./libgamin/gam_data.c
libtool: compile:  gcc -DHAVE_CONFIG_H -I. -I/<<PKGBUILDDIR>>/./libgamin -I.. -I.. -I/<<PKGBUILDDIR>>/./lib -DBINDIR=\"/usr/lib/gamin\" -DBUILDDIR=\"..\" -DGAM_DEBUG_ENABLED -Wdate-time -D_FORTIFY_SOURCE=2 -Wall -Wchar-subscripts -Wmissing-declarations -Wmissing-prototypes -Wnested-externs -Wsign-compare -Wno-sign-compare -g -g -O2 -fdebug-prefix-map=/<<PKGBUILDDIR>>=. -fstack-protector-strong -Wformat -Werror=format-security -c /<<PKGBUILDDIR>>/./libgamin/gam_data.c  -fPIC -DPIC -o .libs/gam_data.o
/<<PKGBUILDDIR>>/./libgamin/gam_data.c:461:7: warning: comparison of function 'pthread_mutex_init' not equal to a null pointer is always true [-Wtautological-pointer-compare]
            (pthread_mutex_init != NULL) &&
             ^~~~~~~~~~~~~~~~~~    ~~~~
/<<PKGBUILDDIR>>/./libgamin/gam_data.c:461:7: note: prefix with the address-of operator to silence this warning
            (pthread_mutex_init != NULL) &&
             ^
             &
1 warning generated.
libtool: compile:  gcc -DHAVE_CONFIG_H -I. -I/<<PKGBUILDDIR>>/./libgamin -I.. -I.. -I/<<PKGBUILDDIR>>/./lib -DBINDIR=\"/usr/lib/gamin\" -DBUILDDIR=\"..\" -DGAM_DEBUG_ENABLED -Wdate-time -D_FORTIFY_SOURCE=2 -Wall -Wchar-subscripts -Wmissing-declarations -Wmissing-prototypes -Wnested-externs -Wsign-compare -Wno-sign-compare -g -g -O2 -fdebug-prefix-map=/<<PKGBUILDDIR>>=. -fstack-protector-strong -Wformat -Werror=format-security -c /<<PKGBUILDDIR>>/./libgamin/gam_data.c -o gam_data.o >/dev/null 2>&1
/bin/bash ../libtool  --tag=CC   --mode=compile gcc -DHAVE_CONFIG_H -I. -I/<<PKGBUILDDIR>>/./libgamin -I..  -I.. -I/<<PKGBUILDDIR>>/./lib -DBINDIR=\""/usr/lib/gamin"\" -DBUILDDIR=\"".."\" -DGAM_DEBUG_ENABLED  -Wdate-time -D_FORTIFY_SOURCE=2 -Wall -Wchar-subscripts -Wmissing-declarations -Wmissing-prototypes -Wnested-externs -Wsign-compare -Wno-sign-compare -g -g -O2 -fdebug-prefix-map=/<<PKGBUILDDIR>>=. -fstack-protector-strong -Wformat -Werror=format-security -c -o gam_fork.lo /<<PKGBUILDDIR>>/./libgamin/gam_fork.c
libtool: compile:  gcc -DHAVE_CONFIG_H -I. -I/<<PKGBUILDDIR>>/./libgamin -I.. -I.. -I/<<PKGBUILDDIR>>/./lib -DBINDIR=\"/usr/lib/gamin\" -DBUILDDIR=\"..\" -DGAM_DEBUG_ENABLED -Wdate-time -D_FORTIFY_SOURCE=2 -Wall -Wchar-subscripts -Wmissing-declarations -Wmissing-prototypes -Wnested-externs -Wsign-compare -Wno-sign-compare -g -g -O2 -fdebug-prefix-map=/<<PKGBUILDDIR>>=. -fstack-protector-strong -Wformat -Werror=format-security -c /<<PKGBUILDDIR>>/./libgamin/gam_fork.c  -fPIC -DPIC -o .libs/gam_fork.o
libtool: compile:  gcc -DHAVE_CONFIG_H -I. -I/<<PKGBUILDDIR>>/./libgamin -I.. -I.. -I/<<PKGBUILDDIR>>/./lib -DBINDIR=\"/usr/lib/gamin\" -DBUILDDIR=\"..\" -DGAM_DEBUG_ENABLED -Wdate-time -D_FORTIFY_SOURCE=2 -Wall -Wchar-subscripts -Wmissing-declarations -Wmissing-prototypes -Wnested-externs -Wsign-compare -Wno-sign-compare -g -g -O2 -fdebug-prefix-map=/<<PKGBUILDDIR>>=. -fstack-protector-strong -Wformat -Werror=format-security -c /<<PKGBUILDDIR>>/./libgamin/gam_fork.c -o gam_fork.o >/dev/null 2>&1
/bin/bash ../libtool  --tag=CC   --mode=compile gcc -DHAVE_CONFIG_H -I. -I/<<PKGBUILDDIR>>/./libgamin -I..  -I.. -I/<<PKGBUILDDIR>>/./lib -DBINDIR=\""/usr/lib/gamin"\" -DBUILDDIR=\"".."\" -DGAM_DEBUG_ENABLED  -Wdate-time -D_FORTIFY_SOURCE=2 -Wall -Wchar-subscripts -Wmissing-declarations -Wmissing-prototypes -Wnested-externs -Wsign-compare -Wno-sign-compare -g -g -O2 -fdebug-prefix-map=/<<PKGBUILDDIR>>=. -fstack-protector-strong -Wformat -Werror=format-security -c -o gam_error.lo /<<PKGBUILDDIR>>/./libgamin/gam_error.c
libtool: compile:  gcc -DHAVE_CONFIG_H -I. -I/<<PKGBUILDDIR>>/./libgamin -I.. -I.. -I/<<PKGBUILDDIR>>/./lib -DBINDIR=\"/usr/lib/gamin\" -DBUILDDIR=\"..\" -DGAM_DEBUG_ENABLED -Wdate-time -D_FORTIFY_SOURCE=2 -Wall -Wchar-subscripts -Wmissing-declarations -Wmissing-prototypes -Wnested-externs -Wsign-compare -Wno-sign-compare -g -g -O2 -fdebug-prefix-map=/<<PKGBUILDDIR>>=. -fstack-protector-strong -Wformat -Werror=format-security -c /<<PKGBUILDDIR>>/./libgamin/gam_error.c  -fPIC -DPIC -o .libs/gam_error.o
libtool: compile:  gcc -DHAVE_CONFIG_H -I. -I/<<PKGBUILDDIR>>/./libgamin -I.. -I.. -I/<<PKGBUILDDIR>>/./lib -DBINDIR=\"/usr/lib/gamin\" -DBUILDDIR=\"..\" -DGAM_DEBUG_ENABLED -Wdate-time -D_FORTIFY_SOURCE=2 -Wall -Wchar-subscripts -Wmissing-declarations -Wmissing-prototypes -Wnested-externs -Wsign-compare -Wno-sign-compare -g -g -O2 -fdebug-prefix-map=/<<PKGBUILDDIR>>=. -fstack-protector-strong -Wformat -Werror=format-security -c /<<PKGBUILDDIR>>/./libgamin/gam_error.c -o gam_error.o >/dev/null 2>&1
/bin/bash ../libtool  --tag=CC   --mode=compile gcc -DHAVE_CONFIG_H -I. -I/<<PKGBUILDDIR>>/./libgamin -I..  -I.. -I/<<PKGBUILDDIR>>/./lib -DBINDIR=\""/usr/lib/gamin"\" -DBUILDDIR=\"".."\" -DGAM_DEBUG_ENABLED  -Wdate-time -D_FORTIFY_SOURCE=2 -Wall -Wchar-subscripts -Wmissing-declarations -Wmissing-prototypes -Wnested-externs -Wsign-compare -Wno-sign-compare -g -g -O2 -fdebug-prefix-map=/<<PKGBUILDDIR>>=. -fstack-protector-strong -Wformat -Werror=format-security -c -o gam_event.lo /<<PKGBUILDDIR>>/./libgamin/gam_event.c
libtool: compile:  gcc -DHAVE_CONFIG_H -I. -I/<<PKGBUILDDIR>>/./libgamin -I.. -I.. -I/<<PKGBUILDDIR>>/./lib -DBINDIR=\"/usr/lib/gamin\" -DBUILDDIR=\"..\" -DGAM_DEBUG_ENABLED -Wdate-time -D_FORTIFY_SOURCE=2 -Wall -Wchar-subscripts -Wmissing-declarations -Wmissing-prototypes -Wnested-externs -Wsign-compare -Wno-sign-compare -g -g -O2 -fdebug-prefix-map=/<<PKGBUILDDIR>>=. -fstack-protector-strong -Wformat -Werror=format-security -c /<<PKGBUILDDIR>>/./libgamin/gam_event.c  -fPIC -DPIC -o .libs/gam_event.o
libtool: compile:  gcc -DHAVE_CONFIG_H -I. -I/<<PKGBUILDDIR>>/./libgamin -I.. -I.. -I/<<PKGBUILDDIR>>/./lib -DBINDIR=\"/usr/lib/gamin\" -DBUILDDIR=\"..\" -DGAM_DEBUG_ENABLED -Wdate-time -D_FORTIFY_SOURCE=2 -Wall -Wchar-subscripts -Wmissing-declarations -Wmissing-prototypes -Wnested-externs -Wsign-compare -Wno-sign-compare -g -g -O2 -fdebug-prefix-map=/<<PKGBUILDDIR>>=. -fstack-protector-strong -Wformat -Werror=format-security -c /<<PKGBUILDDIR>>/./libgamin/gam_event.c -o gam_event.o >/dev/null 2>&1
/bin/bash ../libtool  --tag=CC   --mode=link gcc -Wall -Wchar-subscripts -Wmissing-declarations -Wmissing-prototypes -Wnested-externs -Wsign-compare -Wno-sign-compare -g -g -O2 -fdebug-prefix-map=/<<PKGBUILDDIR>>=. -fstack-protector-strong -Wformat -Werror=format-security -Wl,--version-script=/<<PKGBUILDDIR>>/./libgamin/gamin_sym.version -version-info 1:10:1  -Wl,-O1 -o libgamin-1.la -rpath /usr/lib gam_api.lo gam_data.lo gam_fork.lo gam_error.lo gam_event.lo  
libtool: link: gcc -shared  -fPIC -DPIC  .libs/gam_api.o .libs/gam_data.o .libs/gam_fork.o .libs/gam_error.o .libs/gam_event.o    -g -g -O2 -fstack-protector-strong -Wl,--version-script=/<<PKGBUILDDIR>>/./libgamin/gamin_sym.version -Wl,-O1   -Wl,-soname -Wl,libgamin-1.so.0 -o .libs/libgamin-1.so.0.1.10
libtool: link: (cd ".libs" && rm -f "libgamin-1.so.0" && ln -s "libgamin-1.so.0.1.10" "libgamin-1.so.0")
libtool: link: (cd ".libs" && rm -f "libgamin-1.so" && ln -s "libgamin-1.so.0.1.10" "libgamin-1.so")
libtool: link: ar cru .libs/libgamin-1.a  gam_api.o gam_data.o gam_fork.o gam_error.o gam_event.o
ar: `u' modifier ignored since `D' is the default (see `U')
libtool: link: ranlib .libs/libgamin-1.a
libtool: link: ( cd ".libs" && rm -f "libgamin-1.la" && ln -s "../libgamin-1.la" "libgamin-1.la" )
/bin/bash ../libtool  --tag=CC   --mode=link gcc -Wall -Wchar-subscripts -Wmissing-declarations -Wmissing-prototypes -Wnested-externs -Wsign-compare -Wno-sign-compare -g -g -O2 -fdebug-prefix-map=/<<PKGBUILDDIR>>=. -fstack-protector-strong -Wformat -Werror=format-security -Wl,--version-script=/<<PKGBUILDDIR>>/./libgamin/gamin_sym.version -version-info 0:0:0  -Wl,-O1 -o libfam.la -rpath /usr/lib gam_api.lo gam_data.lo gam_fork.lo gam_error.lo gam_event.lo  
libtool: link: gcc -shared  -fPIC -DPIC  .libs/gam_api.o .libs/gam_data.o .libs/gam_fork.o .libs/gam_error.o .libs/gam_event.o    -g -g -O2 -fstack-protector-strong -Wl,--version-script=/<<PKGBUILDDIR>>/./libgamin/gamin_sym.version -Wl,-O1   -Wl,-soname -Wl,libfam.so.0 -o .libs/libfam.so.0.0.0
libtool: link: (cd ".libs" && rm -f "libfam.so.0" && ln -s "libfam.so.0.0.0" "libfam.so.0")
libtool: link: (cd ".libs" && rm -f "libfam.so" && ln -s "libfam.so.0.0.0" "libfam.so")
libtool: link: ar cru .libs/libfam.a  gam_api.o gam_data.o gam_fork.o gam_error.o gam_event.o
ar: `u' modifier ignored since `D' is the default (see `U')
libtool: link: ranlib .libs/libfam.a
libtool: link: ( cd ".libs" && rm -f "libfam.la" && ln -s "../libfam.la" "libfam.la" )
gcc -DHAVE_CONFIG_H -I. -I/<<PKGBUILDDIR>>/./libgamin -I..  -I.. -I/<<PKGBUILDDIR>>/./lib -DBINDIR=\""/usr/lib/gamin"\" -DBUILDDIR=\"".."\" -DGAM_DEBUG_ENABLED  -Wdate-time -D_FORTIFY_SOURCE=2 -Wall -Wchar-subscripts -Wmissing-declarations -Wmissing-prototypes -Wnested-externs -Wsign-compare -Wno-sign-compare -g -g -O2 -fdebug-prefix-map=/<<PKGBUILDDIR>>=. -fstack-protector-strong -Wformat -Werror=format-security -c -o gamin.o /<<PKGBUILDDIR>>/./libgamin/gamin.c
/bin/bash ../libtool  --tag=CC   --mode=link gcc -Wall -Wchar-subscripts -Wmissing-declarations -Wmissing-prototypes -Wnested-externs -Wsign-compare -Wno-sign-compare -g -g -O2 -fdebug-prefix-map=/<<PKGBUILDDIR>>=. -fstack-protector-strong -Wformat -Werror=format-security  -Wl,-O1 -o gamin gamin.o  libgamin-1.la 
libtool: link: gcc -Wall -Wchar-subscripts -Wmissing-declarations -Wmissing-prototypes -Wnested-externs -Wsign-compare -Wno-sign-compare -g -g -O2 -fdebug-prefix-map=/<<PKGBUILDDIR>>=. -fstack-protector-strong -Wformat -Werror=format-security -Wl,-O1 -o .libs/gamin gamin.o  ./.libs/libgamin-1.so
make[3]: Leaving directory '/<<PKGBUILDDIR>>/debian/build/libgamin'
Making all in python
make[3]: Entering directory '/<<PKGBUILDDIR>>/debian/build/python'
Making all in tests
make[4]: Entering directory '/<<PKGBUILDDIR>>/debian/build/python/tests'
make[4]: Nothing to be done for 'all'.
make[4]: Leaving directory '/<<PKGBUILDDIR>>/debian/build/python/tests'
make[4]: Entering directory '/<<PKGBUILDDIR>>/debian/build/python'
/bin/bash ../libtool  --tag=CC   --mode=compile gcc -DHAVE_CONFIG_H -I. -I/<<PKGBUILDDIR>>/./python -I.. -I/usr/include/python2.7 -I/<<PKGBUILDDIR>>/./libgamin -I/<<PKGBUILDDIR>>/./lib  -Wdate-time -D_FORTIFY_SOURCE=2 -Wall -Wchar-subscripts -Wmissing-declarations -Wmissing-prototypes -Wnested-externs -Wsign-compare -Wno-sign-compare -g -g -O2 -fdebug-prefix-map=/<<PKGBUILDDIR>>=. -fstack-protector-strong -Wformat -Werror=format-security -c -o gamin.lo /<<PKGBUILDDIR>>/./python/gamin.c
libtool: compile:  gcc -DHAVE_CONFIG_H -I. -I/<<PKGBUILDDIR>>/./python -I.. -I/usr/include/python2.7 -I/<<PKGBUILDDIR>>/./libgamin -I/<<PKGBUILDDIR>>/./lib -Wdate-time -D_FORTIFY_SOURCE=2 -Wall -Wchar-subscripts -Wmissing-declarations -Wmissing-prototypes -Wnested-externs -Wsign-compare -Wno-sign-compare -g -g -O2 -fdebug-prefix-map=/<<PKGBUILDDIR>>=. -fstack-protector-strong -Wformat -Werror=format-security -c /<<PKGBUILDDIR>>/./python/gamin.c  -fPIC -DPIC -o .libs/gamin.o
In file included from /<<PKGBUILDDIR>>/./python/gamin.c:11:
../config.h:59:9: warning: 'HAVE_PTHREAD_H' macro redefined [-Wmacro-redefined]
#define HAVE_PTHREAD_H /**/
        ^
/usr/include/x86_64-linux-gnu/python2.7/pyconfig.h:540:9: note: previous definition is here
#define HAVE_PTHREAD_H 1
        ^
1 warning generated.
libtool: compile:  gcc -DHAVE_CONFIG_H -I. -I/<<PKGBUILDDIR>>/./python -I.. -I/usr/include/python2.7 -I/<<PKGBUILDDIR>>/./libgamin -I/<<PKGBUILDDIR>>/./lib -Wdate-time -D_FORTIFY_SOURCE=2 -Wall -Wchar-subscripts -Wmissing-declarations -Wmissing-prototypes -Wnested-externs -Wsign-compare -Wno-sign-compare -g -g -O2 -fdebug-prefix-map=/<<PKGBUILDDIR>>=. -fstack-protector-strong -Wformat -Werror=format-security -c /<<PKGBUILDDIR>>/./python/gamin.c -o gamin.o >/dev/null 2>&1
/bin/bash ../libtool  --tag=CC   --mode=link gcc -Wall -Wchar-subscripts -Wmissing-declarations -Wmissing-prototypes -Wnested-externs -Wsign-compare -Wno-sign-compare -g -g -O2 -fdebug-prefix-map=/<<PKGBUILDDIR>>=. -fstack-protector-strong -Wformat -Werror=format-security -module -avoid-version -Wl,-O1 -o _gamin.la -rpath /usr/lib/python2.7/site-packages gamin.lo ../libgamin/libgamin-1.la 
libtool: link: gcc -shared  -fPIC -DPIC  .libs/gamin.o   -Wl,-rpath -Wl,/<<PKGBUILDDIR>>/debian/build/libgamin/.libs ../libgamin/.libs/libgamin-1.so  -g -g -O2 -fstack-protector-strong -Wl,-O1   -Wl,-soname -Wl,_gamin.so -o .libs/_gamin.so
libtool: link: ar cru .libs/_gamin.a  gamin.o
ar: `u' modifier ignored since `D' is the default (see `U')
libtool: link: ranlib .libs/_gamin.a
libtool: link: ( cd ".libs" && rm -f "_gamin.la" && ln -s "../_gamin.la" "_gamin.la" )
make[4]: Leaving directory '/<<PKGBUILDDIR>>/debian/build/python'
make[3]: Leaving directory '/<<PKGBUILDDIR>>/debian/build/python'
Making all in lib
make[3]: Entering directory '/<<PKGBUILDDIR>>/debian/build/lib'
make[3]: Nothing to be done for 'all'.
make[3]: Leaving directory '/<<PKGBUILDDIR>>/debian/build/lib'
Making all in server
make[3]: Entering directory '/<<PKGBUILDDIR>>/debian/build/server'
/usr/bin/make  all-am
make[4]: Entering directory '/<<PKGBUILDDIR>>/debian/build/server'
gcc -DHAVE_CONFIG_H -I. -I/<<PKGBUILDDIR>>/./server -I..  -I.. -I../libgamin -I../protocol -I/<<PKGBUILDDIR>>/./lib -I/<<PKGBUILDDIR>>/./libgamin -I/usr/include/glib-2.0 -I/usr/lib/x86_64-linux-gnu/glib-2.0/include -DBINDIR=\""/usr/lib/gamin"\" -DG_DISABLE_DEPRECATED -DGAM_DEBUG_ENABLED  -Wdate-time -D_FORTIFY_SOURCE=2 -Wall -Wchar-subscripts -Wmissing-declarations -Wmissing-prototypes -Wnested-externs -Wsign-compare -Wno-sign-compare -g -g -O2 -fdebug-prefix-map=/<<PKGBUILDDIR>>=. -fstack-protector-strong -Wformat -Werror=format-security -c -o gam_subscription.o /<<PKGBUILDDIR>>/./server/gam_subscription.c
/<<PKGBUILDDIR>>/./server/gam_subscription.c:351:1: warning: no previous prototype for function 'gam_subscription_shutdown' [-Wmissing-prototypes]
gam_subscription_shutdown ()
^
/<<PKGBUILDDIR>>/./server/gam_subscription.h:50:9: note: this declaration is not a prototype; add 'void' to make it a prototype for a zero-parameter function
void                            gam_subscription_shutdown ();
                                ^
                                                           void
1 warning generated.
gcc -DHAVE_CONFIG_H -I. -I/<<PKGBUILDDIR>>/./server -I..  -I.. -I../libgamin -I../protocol -I/<<PKGBUILDDIR>>/./lib -I/<<PKGBUILDDIR>>/./libgamin -I/usr/include/glib-2.0 -I/usr/lib/x86_64-linux-gnu/glib-2.0/include -DBINDIR=\""/usr/lib/gamin"\" -DG_DISABLE_DEPRECATED -DGAM_DEBUG_ENABLED  -Wdate-time -D_FORTIFY_SOURCE=2 -Wall -Wchar-subscripts -Wmissing-declarations -Wmissing-prototypes -Wnested-externs -Wsign-compare -Wno-sign-compare -g -g -O2 -fdebug-prefix-map=/<<PKGBUILDDIR>>=. -fstack-protector-strong -Wformat -Werror=format-security -c -o gam_listener.o /<<PKGBUILDDIR>>/./server/gam_listener.c
/<<PKGBUILDDIR>>/./server/gam_listener.c:101:39: warning: implicit declaration of function 'gam_exclude_check' is invalid in C99 [-Wimplicit-function-declaration]
    if (gam_inotify_is_running() && (!gam_exclude_check(path))) {
                                      ^
1 warning generated.
gcc -DHAVE_CONFIG_H -I. -I/<<PKGBUILDDIR>>/./server -I..  -I.. -I../libgamin -I../protocol -I/<<PKGBUILDDIR>>/./lib -I/<<PKGBUILDDIR>>/./libgamin -I/usr/include/glib-2.0 -I/usr/lib/x86_64-linux-gnu/glib-2.0/include -DBINDIR=\""/usr/lib/gamin"\" -DG_DISABLE_DEPRECATED -DGAM_DEBUG_ENABLED  -Wdate-time -D_FORTIFY_SOURCE=2 -Wall -Wchar-subscripts -Wmissing-declarations -Wmissing-prototypes -Wnested-externs -Wsign-compare -Wno-sign-compare -g -g -O2 -fdebug-prefix-map=/<<PKGBUILDDIR>>=. -fstack-protector-strong -Wformat -Werror=format-security -c -o gam_server.o /<<PKGBUILDDIR>>/./server/gam_server.c
/<<PKGBUILDDIR>>/./server/gam_server.c:167:6: warning: implicit declaration of function 'gam_poll_basic_init' is invalid in C99 [-Wimplicit-function-declaration]
        if (gam_poll_basic_init()) {
            ^
/<<PKGBUILDDIR>>/./server/gam_server.c:441:9: warning: implicit conversion from enumeration type 'GamKernelHandler' to different enumeration type 'GamPollHandler' [-Wenum-conversion]
        return __gam_kernel_handler;
        ~~~~~~ ^~~~~~~~~~~~~~~~~~~~
/<<PKGBUILDDIR>>/./server/gam_server.c:535:1: warning: control reaches end of non-void function [-Wreturn-type]
}  
^
3 warnings generated.
gcc -DHAVE_CONFIG_H -I. -I/<<PKGBUILDDIR>>/./server -I..  -I.. -I../libgamin -I../protocol -I/<<PKGBUILDDIR>>/./lib -I/<<PKGBUILDDIR>>/./libgamin -I/usr/include/glib-2.0 -I/usr/lib/x86_64-linux-gnu/glib-2.0/include -DBINDIR=\""/usr/lib/gamin"\" -DG_DISABLE_DEPRECATED -DGAM_DEBUG_ENABLED  -Wdate-time -D_FORTIFY_SOURCE=2 -Wall -Wchar-subscripts -Wmissing-declarations -Wmissing-prototypes -Wnested-externs -Wsign-compare -Wno-sign-compare -g -g -O2 -fdebug-prefix-map=/<<PKGBUILDDIR>>=. -fstack-protector-strong -Wformat -Werror=format-security -c -o gam_node.o /<<PKGBUILDDIR>>/./server/gam_node.c
/<<PKGBUILDDIR>>/./server/gam_node.c:375:2: warning: implicit declaration of function 'gam_server_emit_event' is invalid in C99 [-Wimplicit-function-declaration]
        gam_server_emit_event(gam_node_get_path(node), is_dir_node, event, subs, 0);
        ^
1 warning generated.
gcc -DHAVE_CONFIG_H -I. -I/<<PKGBUILDDIR>>/./server -I..  -I.. -I../libgamin -I../protocol -I/<<PKGBUILDDIR>>/./lib -I/<<PKGBUILDDIR>>/./libgamin -I/usr/include/glib-2.0 -I/usr/lib/x86_64-linux-gnu/glib-2.0/include -DBINDIR=\""/usr/lib/gamin"\" -DG_DISABLE_DEPRECATED -DGAM_DEBUG_ENABLED  -Wdate-time -D_FORTIFY_SOURCE=2 -Wall -Wchar-subscripts -Wmissing-declarations -Wmissing-prototypes -Wnested-externs -Wsign-compare -Wno-sign-compare -g -g -O2 -fdebug-prefix-map=/<<PKGBUILDDIR>>=. -fstack-protector-strong -Wformat -Werror=format-security -c -o gam_tree.o /<<PKGBUILDDIR>>/./server/gam_tree.c
gcc -DHAVE_CONFIG_H -I. -I/<<PKGBUILDDIR>>/./server -I..  -I.. -I../libgamin -I../protocol -I/<<PKGBUILDDIR>>/./lib -I/<<PKGBUILDDIR>>/./libgamin -I/usr/include/glib-2.0 -I/usr/lib/x86_64-linux-gnu/glib-2.0/include -DBINDIR=\""/usr/lib/gamin"\" -DG_DISABLE_DEPRECATED -DGAM_DEBUG_ENABLED  -Wdate-time -D_FORTIFY_SOURCE=2 -Wall -Wchar-subscripts -Wmissing-declarations -Wmissing-prototypes -Wnested-externs -Wsign-compare -Wno-sign-compare -g -g -O2 -fdebug-prefix-map=/<<PKGBUILDDIR>>=. -fstack-protector-strong -Wformat -Werror=format-security -c -o gam_poll_basic.o /<<PKGBUILDDIR>>/./server/gam_poll_basic.c
gcc -DHAVE_CONFIG_H -I. -I/<<PKGBUILDDIR>>/./server -I..  -I.. -I../libgamin -I../protocol -I/<<PKGBUILDDIR>>/./lib -I/<<PKGBUILDDIR>>/./libgamin -I/usr/include/glib-2.0 -I/usr/lib/x86_64-linux-gnu/glib-2.0/include -DBINDIR=\""/usr/lib/gamin"\" -DG_DISABLE_DEPRECATED -DGAM_DEBUG_ENABLED  -Wdate-time -D_FORTIFY_SOURCE=2 -Wall -Wchar-subscripts -Wmissing-declarations -Wmissing-prototypes -Wnested-externs -Wsign-compare -Wno-sign-compare -g -g -O2 -fdebug-prefix-map=/<<PKGBUILDDIR>>=. -fstack-protector-strong -Wformat -Werror=format-security -c -o gam_poll_generic.o /<<PKGBUILDDIR>>/./server/gam_poll_generic.c
gcc -DHAVE_CONFIG_H -I. -I/<<PKGBUILDDIR>>/./server -I..  -I.. -I../libgamin -I../protocol -I/<<PKGBUILDDIR>>/./lib -I/<<PKGBUILDDIR>>/./libgamin -I/usr/include/glib-2.0 -I/usr/lib/x86_64-linux-gnu/glib-2.0/include -DBINDIR=\""/usr/lib/gamin"\" -DG_DISABLE_DEPRECATED -DGAM_DEBUG_ENABLED  -Wdate-time -D_FORTIFY_SOURCE=2 -Wall -Wchar-subscripts -Wmissing-declarations -Wmissing-prototypes -Wnested-externs -Wsign-compare -Wno-sign-compare -g -g -O2 -fdebug-prefix-map=/<<PKGBUILDDIR>>=. -fstack-protector-strong -Wformat -Werror=format-security -c -o gam_pidname.o /<<PKGBUILDDIR>>/./server/gam_pidname.c
gcc -DHAVE_CONFIG_H -I. -I/<<PKGBUILDDIR>>/./server -I..  -I.. -I../libgamin -I../protocol -I/<<PKGBUILDDIR>>/./lib -I/<<PKGBUILDDIR>>/./libgamin -I/usr/include/glib-2.0 -I/usr/lib/x86_64-linux-gnu/glib-2.0/include -DBINDIR=\""/usr/lib/gamin"\" -DG_DISABLE_DEPRECATED -DGAM_DEBUG_ENABLED  -Wdate-time -D_FORTIFY_SOURCE=2 -Wall -Wchar-subscripts -Wmissing-declarations -Wmissing-prototypes -Wnested-externs -Wsign-compare -Wno-sign-compare -g -g -O2 -fdebug-prefix-map=/<<PKGBUILDDIR>>=. -fstack-protector-strong -Wformat -Werror=format-security -c -o gam_channel.o /<<PKGBUILDDIR>>/./server/gam_channel.c
gcc -DHAVE_CONFIG_H -I. -I/<<PKGBUILDDIR>>/./server -I..  -I.. -I../libgamin -I../protocol -I/<<PKGBUILDDIR>>/./lib -I/<<PKGBUILDDIR>>/./libgamin -I/usr/include/glib-2.0 -I/usr/lib/x86_64-linux-gnu/glib-2.0/include -DBINDIR=\""/usr/lib/gamin"\" -DG_DISABLE_DEPRECATED -DGAM_DEBUG_ENABLED  -Wdate-time -D_FORTIFY_SOURCE=2 -Wall -Wchar-subscripts -Wmissing-declarations -Wmissing-prototypes -Wnested-externs -Wsign-compare -Wno-sign-compare -g -g -O2 -fdebug-prefix-map=/<<PKGBUILDDIR>>=. -fstack-protector-strong -Wformat -Werror=format-security -c -o gam_connection.o /<<PKGBUILDDIR>>/./server/gam_connection.c
/<<PKGBUILDDIR>>/./server/gam_connection.c:402:42: warning: implicit declaration of function 'gam_exclude_check' is invalid in C99 [-Wimplicit-function-declaration]
            if ((gam_inotify_is_running()) && (!gam_exclude_check(path))) {
                                                ^
1 warning generated.
gcc -DHAVE_CONFIG_H -I. -I/<<PKGBUILDDIR>>/./server -I..  -I.. -I../libgamin -I../protocol -I/<<PKGBUILDDIR>>/./lib -I/<<PKGBUILDDIR>>/./libgamin -I/usr/include/glib-2.0 -I/usr/lib/x86_64-linux-gnu/glib-2.0/include -DBINDIR=\""/usr/lib/gamin"\" -DG_DISABLE_DEPRECATED -DGAM_DEBUG_ENABLED  -Wdate-time -D_FORTIFY_SOURCE=2 -Wall -Wchar-subscripts -Wmissing-declarations -Wmissing-prototypes -Wnested-externs -Wsign-compare -Wno-sign-compare -g -g -O2 -fdebug-prefix-map=/<<PKGBUILDDIR>>=. -fstack-protector-strong -Wformat -Werror=format-security -c -o gam_debugging.o /<<PKGBUILDDIR>>/./server/gam_debugging.c
gcc -DHAVE_CONFIG_H -I. -I/<<PKGBUILDDIR>>/./server -I..  -I.. -I../libgamin -I../protocol -I/<<PKGBUILDDIR>>/./lib -I/<<PKGBUILDDIR>>/./libgamin -I/usr/include/glib-2.0 -I/usr/lib/x86_64-linux-gnu/glib-2.0/include -DBINDIR=\""/usr/lib/gamin"\" -DG_DISABLE_DEPRECATED -DGAM_DEBUG_ENABLED  -Wdate-time -D_FORTIFY_SOURCE=2 -Wall -Wchar-subscripts -Wmissing-declarations -Wmissing-prototypes -Wnested-externs -Wsign-compare -Wno-sign-compare -g -g -O2 -fdebug-prefix-map=/<<PKGBUILDDIR>>=. -fstack-protector-strong -Wformat -Werror=format-security -c -o gam_excludes.o /<<PKGBUILDDIR>>/./server/gam_excludes.c
gcc -DHAVE_CONFIG_H -I. -I/<<PKGBUILDDIR>>/./server -I..  -I.. -I../libgamin -I../protocol -I/<<PKGBUILDDIR>>/./lib -I/<<PKGBUILDDIR>>/./libgamin -I/usr/include/glib-2.0 -I/usr/lib/x86_64-linux-gnu/glib-2.0/include -DBINDIR=\""/usr/lib/gamin"\" -DG_DISABLE_DEPRECATED -DGAM_DEBUG_ENABLED  -Wdate-time -D_FORTIFY_SOURCE=2 -Wall -Wchar-subscripts -Wmissing-declarations -Wmissing-prototypes -Wnested-externs -Wsign-compare -Wno-sign-compare -g -g -O2 -fdebug-prefix-map=/<<PKGBUILDDIR>>=. -fstack-protector-strong -Wformat -Werror=format-security -c -o gam_fs.o /<<PKGBUILDDIR>>/./server/gam_fs.c
gcc -DHAVE_CONFIG_H -I. -I/<<PKGBUILDDIR>>/./server -I..  -I.. -I../libgamin -I../protocol -I/<<PKGBUILDDIR>>/./lib -I/<<PKGBUILDDIR>>/./libgamin -I/usr/include/glib-2.0 -I/usr/lib/x86_64-linux-gnu/glib-2.0/include -DBINDIR=\""/usr/lib/gamin"\" -DG_DISABLE_DEPRECATED -DGAM_DEBUG_ENABLED  -Wdate-time -D_FORTIFY_SOURCE=2 -Wall -Wchar-subscripts -Wmissing-declarations -Wmissing-prototypes -Wnested-externs -Wsign-compare -Wno-sign-compare -g -g -O2 -fdebug-prefix-map=/<<PKGBUILDDIR>>=. -fstack-protector-strong -Wformat -Werror=format-security -c -o gam_conf.o /<<PKGBUILDDIR>>/./server/gam_conf.c
gcc -DHAVE_CONFIG_H -I. -I/<<PKGBUILDDIR>>/./server -I..  -I.. -I../libgamin -I../protocol -I/<<PKGBUILDDIR>>/./lib -I/<<PKGBUILDDIR>>/./libgamin -I/usr/include/glib-2.0 -I/usr/lib/x86_64-linux-gnu/glib-2.0/include -DBINDIR=\""/usr/lib/gamin"\" -DG_DISABLE_DEPRECATED -DGAM_DEBUG_ENABLED  -Wdate-time -D_FORTIFY_SOURCE=2 -Wall -Wchar-subscripts -Wmissing-declarations -Wmissing-prototypes -Wnested-externs -Wsign-compare -Wno-sign-compare -g -g -O2 -fdebug-prefix-map=/<<PKGBUILDDIR>>=. -fstack-protector-strong -Wformat -Werror=format-security -c -o gam_eq.o /<<PKGBUILDDIR>>/./server/gam_eq.c
/<<PKGBUILDDIR>>/./server/gam_eq.c:127:3: error: non-void function 'gam_eq_flush' should return a value [-Wreturn-type]
                return;
                ^
1 error generated.
Makefile:520: recipe for target 'gam_eq.o' failed
make[4]: *** [gam_eq.o] Error 1
make[4]: Leaving directory '/<<PKGBUILDDIR>>/debian/build/server'
Makefile:395: recipe for target 'all' failed
make[3]: *** [all] Error 2
make[3]: Leaving directory '/<<PKGBUILDDIR>>/debian/build/server'
Makefile:501: recipe for target 'all-recursive' failed
make[2]: *** [all-recursive] Error 1
make[2]: Leaving directory '/<<PKGBUILDDIR>>/debian/build'
Makefile:408: recipe for target 'all' failed
make[1]: *** [all] Error 2
make[1]: Leaving directory '/<<PKGBUILDDIR>>/debian/build'
/usr/share/cdbs/1/class/makefile.mk:77: recipe for target 'debian/stamp-makefile-build' failed
make: *** [debian/stamp-makefile-build] Error 2
dpkg-buildpackage: error: debian/rules build-arch gave error exit status 2
--------------------------------------------------------------------------------
Build finished at 2017-08-20T19:08:16Z

Finished
--------


+------------------------------------------------------------------------------+
| Cleanup                                                                      |
+------------------------------------------------------------------------------+

Purging /<<BUILDDIR>>
Not cleaning session: cloned chroot in use
E: Build failure (dpkg-buildpackage died)

+------------------------------------------------------------------------------+
| Summary                                                                      |
+------------------------------------------------------------------------------+

Build Architecture: amd64
Build Type: any
Build-Space: 7192
Build-Time: 15
Distribution: unstable
Fail-Stage: build
Host Architecture: amd64
Install-Time: 15
Job: gamin_0.1.10-5
Machine Architecture: amd64
Package: gamin
Package-Time: 53
Source-Version: 0.1.10-5
Space: 7192
Status: attempted
Version: 0.1.10-5
--------------------------------------------------------------------------------
Finished at 2017-08-20T19:08:16Z
Build needed 00:00:53, 7192k disk space
E: Build failure (dpkg-buildpackage died)
DC-Status: Failed 54.489681636s
