DC-Build-Header: qdjango 0.6.2-2 / 2017-08-20 18:30:23 +0000
DC-Task: type:rebuild-binarch-only source:qdjango version:0.6.2-2 chroot:unstable esttime:211 logfile:/tmp/qdjango_0.6.2-2_unstable_clang5.0.log modes:clang50:binarch-only
DC-Sbuild-call: su user42 -c 'sbuild -n --arch-any --apt-update -d unstable -v  --chroot-setup-commands=/tmp/clang50 qdjango_0.6.2-2'
sbuild (Debian sbuild) 0.73.0 (23 Dec 2016) on ip-172-31-46-107.eu-central-1.compute.internal

+==============================================================================+
| qdjango 0.6.2-2 (amd64)                      Sun, 20 Aug 2017 18:30:23 +0000 |
+==============================================================================+

Package: qdjango
Version: 0.6.2-2
Source Version: 0.6.2-2
Distribution: unstable
Machine Architecture: amd64
Host Architecture: amd64
Build Architecture: amd64
Build Type: any

I: NOTICE: Log filtering will replace 'var/run/schroot/mount/unstable-amd64-sbuild-320b42d5-4dfc-4f28-af3d-3e06796f05d6' with '<<CHROOT>>'

+------------------------------------------------------------------------------+
| Chroot Setup Commands                                                        |
+------------------------------------------------------------------------------+


/tmp/clang50
------------

+ echo 'Entering customization script...'
Entering customization script...
+ CLANG_VERSION=5.0
+ echo 'Install of clang-5.0'
Install of clang-5.0
+ apt-get update
Hit:1 http://127.0.0.1:9999/debian unstable InRelease
Get:2 http://127.0.0.1:9999/debian unstable/main Translation-en [5785 kB]
Fetched 5785 kB in 1s (3886 kB/s)
Reading package lists...
+ apt-get install --yes --no-install-recommends --force-yes clang-5.0
Reading package lists...
Building dependency tree...
Reading state information...
The following additional packages will be installed:
  libasan3 libbsd0 libclang-common-5.0-dev libclang1-5.0 libedit2 libgcc-6-dev
  libjsoncpp1 libllvm5.0 libncurses5 libobjc-6-dev libobjc4 libstdc++-6-dev
Suggested packages:
  gnustep gnustep-devel clang-5.0-doc libomp-dev libstdc++-6-doc
Recommended packages:
  llvm-5.0-dev python libgpm2
The following NEW packages will be installed:
  clang-5.0 libasan3 libbsd0 libclang-common-5.0-dev libclang1-5.0 libedit2
  libgcc-6-dev libjsoncpp1 libllvm5.0 libncurses5 libobjc-6-dev libobjc4
  libstdc++-6-dev
0 upgraded, 13 newly installed, 0 to remove and 0 not upgraded.
Need to get 88.4 MB of archives.
After this operation, 376 MB of additional disk space will be used.
Get:1 http://127.0.0.1:9999/debian unstable/main amd64 libbsd0 amd64 0.8.6-1 [90.3 kB]
Get:2 http://127.0.0.1:9999/debian unstable/main amd64 libncurses5 amd64 6.0+20170715-2 [93.8 kB]
Get:3 http://127.0.0.1:9999/debian unstable/main amd64 libedit2 amd64 3.1-20170329-1 [85.2 kB]
Get:4 http://127.0.0.1:9999/debian unstable/main amd64 libllvm5.0 amd64 1:5.0~+rc2-1 [13.5 MB]
Get:5 http://127.0.0.1:9999/debian unstable/main amd64 libclang1-5.0 amd64 1:5.0~+rc2-1 [6729 kB]
Get:6 http://127.0.0.1:9999/debian unstable/main amd64 libjsoncpp1 amd64 1.7.4-3 [75.6 kB]
Get:7 http://127.0.0.1:9999/debian unstable/main amd64 libasan3 amd64 6.4.0-3 [311 kB]
Get:8 http://127.0.0.1:9999/debian unstable/main amd64 libgcc-6-dev amd64 6.4.0-3 [2296 kB]
Get:9 http://127.0.0.1:9999/debian unstable/main amd64 libstdc++-6-dev amd64 6.4.0-3 [1421 kB]
Get:10 http://127.0.0.1:9999/debian unstable/main amd64 libobjc4 amd64 7.2.0-1 [51.0 kB]
Get:11 http://127.0.0.1:9999/debian unstable/main amd64 libobjc-6-dev amd64 6.4.0-3 [197 kB]
Get:12 http://127.0.0.1:9999/debian unstable/main amd64 libclang-common-5.0-dev amd64 1:5.0~+rc2-1 [1989 kB]
Get:13 http://127.0.0.1:9999/debian unstable/main amd64 clang-5.0 amd64 1:5.0~+rc2-1 [61.6 MB]
debconf: delaying package configuration, since apt-utils is not installed
Fetched 88.4 MB in 0s (98.8 MB/s)
Selecting previously unselected package libbsd0:amd64.
(Reading database ... (Reading database ... 5%(Reading database ... 10%(Reading database ... 15%(Reading database ... 20%(Reading database ... 25%(Reading database ... 30%(Reading database ... 35%(Reading database ... 40%(Reading database ... 45%(Reading database ... 50%(Reading database ... 55%(Reading database ... 60%(Reading database ... 65%(Reading database ... 70%(Reading database ... 75%(Reading database ... 80%(Reading database ... 85%(Reading database ... 90%(Reading database ... 95%(Reading database ... 100%(Reading database ... 9822 files and directories currently installed.)
Preparing to unpack .../00-libbsd0_0.8.6-1_amd64.deb ...
Unpacking libbsd0:amd64 (0.8.6-1) ...
Selecting previously unselected package libncurses5:amd64.
Preparing to unpack .../01-libncurses5_6.0+20170715-2_amd64.deb ...
Unpacking libncurses5:amd64 (6.0+20170715-2) ...
Selecting previously unselected package libedit2:amd64.
Preparing to unpack .../02-libedit2_3.1-20170329-1_amd64.deb ...
Unpacking libedit2:amd64 (3.1-20170329-1) ...
Selecting previously unselected package libllvm5.0:amd64.
Preparing to unpack .../03-libllvm5.0_1%3a5.0~+rc2-1_amd64.deb ...
Unpacking libllvm5.0:amd64 (1:5.0~+rc2-1) ...
Selecting previously unselected package libclang1-5.0:amd64.
Preparing to unpack .../04-libclang1-5.0_1%3a5.0~+rc2-1_amd64.deb ...
Unpacking libclang1-5.0:amd64 (1:5.0~+rc2-1) ...
Selecting previously unselected package libjsoncpp1:amd64.
Preparing to unpack .../05-libjsoncpp1_1.7.4-3_amd64.deb ...
Unpacking libjsoncpp1:amd64 (1.7.4-3) ...
Selecting previously unselected package libasan3:amd64.
Preparing to unpack .../06-libasan3_6.4.0-3_amd64.deb ...
Unpacking libasan3:amd64 (6.4.0-3) ...
Selecting previously unselected package libgcc-6-dev:amd64.
Preparing to unpack .../07-libgcc-6-dev_6.4.0-3_amd64.deb ...
Unpacking libgcc-6-dev:amd64 (6.4.0-3) ...
Selecting previously unselected package libstdc++-6-dev:amd64.
Preparing to unpack .../08-libstdc++-6-dev_6.4.0-3_amd64.deb ...
Unpacking libstdc++-6-dev:amd64 (6.4.0-3) ...
Selecting previously unselected package libobjc4:amd64.
Preparing to unpack .../09-libobjc4_7.2.0-1_amd64.deb ...
Unpacking libobjc4:amd64 (7.2.0-1) ...
Selecting previously unselected package libobjc-6-dev:amd64.
Preparing to unpack .../10-libobjc-6-dev_6.4.0-3_amd64.deb ...
Unpacking libobjc-6-dev:amd64 (6.4.0-3) ...
Selecting previously unselected package libclang-common-5.0-dev.
Preparing to unpack .../11-libclang-common-5.0-dev_1%3a5.0~+rc2-1_amd64.deb ...
Unpacking libclang-common-5.0-dev (1:5.0~+rc2-1) ...
Selecting previously unselected package clang-5.0.
Preparing to unpack .../12-clang-5.0_1%3a5.0~+rc2-1_amd64.deb ...
Unpacking clang-5.0 (1:5.0~+rc2-1) ...
Setting up libncurses5:amd64 (6.0+20170715-2) ...
Setting up libobjc4:amd64 (7.2.0-1) ...
Setting up libasan3:amd64 (6.4.0-3) ...
Setting up libgcc-6-dev:amd64 (6.4.0-3) ...
Setting up libstdc++-6-dev:amd64 (6.4.0-3) ...
Setting up libbsd0:amd64 (0.8.6-1) ...
Processing triggers for libc-bin (2.24-14) ...
Setting up libobjc-6-dev:amd64 (6.4.0-3) ...
Setting up libjsoncpp1:amd64 (1.7.4-3) ...
Setting up libedit2:amd64 (3.1-20170329-1) ...
Setting up libllvm5.0:amd64 (1:5.0~+rc2-1) ...
Setting up libclang1-5.0:amd64 (1:5.0~+rc2-1) ...
Setting up libclang-common-5.0-dev (1:5.0~+rc2-1) ...
Setting up clang-5.0 (1:5.0~+rc2-1) ...
Processing triggers for libc-bin (2.24-14) ...
W: --force-yes is deprecated, use one of the options starting with --allow instead.
+ echo 'Replace gcc, g++ & cpp by clang'
Replace gcc, g++ & cpp by clang
+ VERSIONS='4.6 4.7 4.8 4.9 5 6 7'
+ cd /usr/bin
+ for VERSION in $VERSIONS
+ rm -f g++-4.6 gcc-4.6 cpp-4.6 gcc
+ ln -s clang++-5.0 g++-4.6
+ ln -s clang-5.0 gcc-4.6
+ ln -s clang-5.0 cpp-4.6
+ ln -s clang-5.0 gcc
+ echo 'gcc-4.6 hold'
+ dpkg --set-selections
dpkg: warning: package not in status nor available database at line 1: gcc-4.6
dpkg: warning: found unknown packages; this might mean the available database
is outdated, and needs to be updated through a frontend method;
please see the FAQ <https://wiki.debian.org/Teams/Dpkg/FAQ>
+ echo 'g++-4.6 hold'
+ dpkg --set-selections
dpkg: warning: package not in status nor available database at line 1: g++-4.6
dpkg: warning: found unknown packages; this might mean the available database
is outdated, and needs to be updated through a frontend method;
please see the FAQ <https://wiki.debian.org/Teams/Dpkg/FAQ>
+ for VERSION in $VERSIONS
+ rm -f g++-4.7 gcc-4.7 cpp-4.7 gcc
+ ln -s clang++-5.0 g++-4.7
+ ln -s clang-5.0 gcc-4.7
+ ln -s clang-5.0 cpp-4.7
+ ln -s clang-5.0 gcc
+ echo 'gcc-4.7 hold'
+ dpkg --set-selections
dpkg: warning: package not in status nor available database at line 1: gcc-4.7
dpkg: warning: found unknown packages; this might mean the available database
is outdated, and needs to be updated through a frontend method;
please see the FAQ <https://wiki.debian.org/Teams/Dpkg/FAQ>
+ echo 'g++-4.7 hold'
+ dpkg --set-selections
dpkg: warning: package not in status nor available database at line 1: g++-4.7
dpkg: warning: found unknown packages; this might mean the available database
is outdated, and needs to be updated through a frontend method;
please see the FAQ <https://wiki.debian.org/Teams/Dpkg/FAQ>
+ for VERSION in $VERSIONS
+ rm -f g++-4.8 gcc-4.8 cpp-4.8 gcc
+ ln -s clang++-5.0 g++-4.8
+ ln -s clang-5.0 gcc-4.8
+ ln -s clang-5.0 cpp-4.8
+ ln -s clang-5.0 gcc
+ echo 'gcc-4.8 hold'
+ dpkg --set-selections
dpkg: warning: package not in status nor available database at line 1: gcc-4.8
dpkg: warning: found unknown packages; this might mean the available database
is outdated, and needs to be updated through a frontend method;
please see the FAQ <https://wiki.debian.org/Teams/Dpkg/FAQ>
+ echo 'g++-4.8 hold'
+ dpkg --set-selections
dpkg: warning: package not in status nor available database at line 1: g++-4.8
dpkg: warning: found unknown packages; this might mean the available database
is outdated, and needs to be updated through a frontend method;
please see the FAQ <https://wiki.debian.org/Teams/Dpkg/FAQ>
+ for VERSION in $VERSIONS
+ rm -f g++-4.9 gcc-4.9 cpp-4.9 gcc
+ ln -s clang++-5.0 g++-4.9
+ ln -s clang-5.0 gcc-4.9
+ ln -s clang-5.0 cpp-4.9
+ ln -s clang-5.0 gcc
+ echo 'gcc-4.9 hold'
+ dpkg --set-selections
dpkg: warning: package not in status nor available database at line 1: gcc-4.9
dpkg: warning: found unknown packages; this might mean the available database
is outdated, and needs to be updated through a frontend method;
please see the FAQ <https://wiki.debian.org/Teams/Dpkg/FAQ>
+ echo 'g++-4.9 hold'
+ dpkg --set-selections
dpkg: warning: package not in status nor available database at line 1: g++-4.9
dpkg: warning: found unknown packages; this might mean the available database
is outdated, and needs to be updated through a frontend method;
please see the FAQ <https://wiki.debian.org/Teams/Dpkg/FAQ>
+ for VERSION in $VERSIONS
+ rm -f g++-5 gcc-5 cpp-5 gcc
+ ln -s clang++-5.0 g++-5
+ ln -s clang-5.0 gcc-5
+ ln -s clang-5.0 cpp-5
+ ln -s clang-5.0 gcc
+ echo 'gcc-5 hold'
+ dpkg --set-selections
+ echo 'g++-5 hold'
+ dpkg --set-selections
+ for VERSION in $VERSIONS
+ rm -f g++-6 gcc-6 cpp-6 gcc
+ ln -s clang++-5.0 g++-6
+ ln -s clang-5.0 gcc-6
+ ln -s clang-5.0 cpp-6
+ ln -s clang-5.0 gcc
+ echo 'gcc-6 hold'
+ dpkg --set-selections
dpkg: warning: package not in status nor available database at line 1: gcc-6
dpkg: warning: found unknown packages; this might mean the available database
is outdated, and needs to be updated through a frontend method;
please see the FAQ <https://wiki.debian.org/Teams/Dpkg/FAQ>
+ echo 'g++-6 hold'
+ dpkg --set-selections
dpkg: warning: package not in status nor available database at line 1: g++-6
dpkg: warning: found unknown packages; this might mean the available database
is outdated, and needs to be updated through a frontend method;
please see the FAQ <https://wiki.debian.org/Teams/Dpkg/FAQ>
+ for VERSION in $VERSIONS
+ rm -f g++-7 gcc-7 cpp-7 gcc
+ ln -s clang++-5.0 g++-7
+ ln -s clang-5.0 gcc-7
+ ln -s clang-5.0 cpp-7
+ ln -s clang-5.0 gcc
+ echo 'gcc-7 hold'
+ dpkg --set-selections
+ echo 'g++-7 hold'
+ dpkg --set-selections
+ cd -
/build/qdjango-kLNrkI
+ echo 'Check if gcc, g++ & cpp are actually clang'
Check if gcc, g++ & cpp are actually clang
+ gcc --version
+ grep clang
+ cpp --version
+ grep clang
+ g++ --version
+ grep clang

I: Finished running '/tmp/clang50'.

Finished processing commands.
--------------------------------------------------------------------------------

+------------------------------------------------------------------------------+
| Update chroot                                                                |
+------------------------------------------------------------------------------+

Hit:1 http://127.0.0.1:9999/debian unstable InRelease
Reading package lists...
Reading package lists...
Building dependency tree...
Reading state information...
Calculating upgrade...
0 upgraded, 0 newly installed, 0 to remove and 0 not upgraded.

+------------------------------------------------------------------------------+
| Fetch source files                                                           |
+------------------------------------------------------------------------------+


Check APT
---------

Checking available source versions...

Download source files with APT
------------------------------

Reading package lists...
NOTICE: 'qdjango' packaging is maintained in the 'Git' version control system at:
git://anonscm.debian.org/collab-maint/qdjango.git
Please use:
git clone git://anonscm.debian.org/collab-maint/qdjango.git
to retrieve the latest (possibly unreleased) updates to the package.
Need to get 104 kB of source archives.
Get:1 http://127.0.0.1:9999/debian unstable/main qdjango 0.6.2-2 (dsc) [2135 B]
Get:2 http://127.0.0.1:9999/debian unstable/main qdjango 0.6.2-2 (tar) [98.7 kB]
Get:3 http://127.0.0.1:9999/debian unstable/main qdjango 0.6.2-2 (diff) [3584 B]
Fetched 104 kB in 0s (192 kB/s)
Download complete and in download only mode
I: NOTICE: Log filtering will replace 'build/qdjango-kLNrkI/qdjango-0.6.2' with '<<PKGBUILDDIR>>'
I: NOTICE: Log filtering will replace 'build/qdjango-kLNrkI' with '<<BUILDDIR>>'

+------------------------------------------------------------------------------+
| Install build-essential                                                      |
+------------------------------------------------------------------------------+


Setup apt archive
-----------------

Merged Build-Depends: build-essential, fakeroot
Filtered Build-Depends: build-essential, fakeroot
dpkg-deb: building package 'sbuild-build-depends-core-dummy' in '/<<BUILDDIR>>/resolver-pWhzfv/apt_archive/sbuild-build-depends-core-dummy.deb'.
dpkg-scanpackages: warning: Packages in archive but missing from override file:
dpkg-scanpackages: warning:   sbuild-build-depends-core-dummy
dpkg-scanpackages: info: Wrote 1 entries to output Packages file.
Ign:1 copy:/<<BUILDDIR>>/resolver-pWhzfv/apt_archive ./ InRelease
Get:2 copy:/<<BUILDDIR>>/resolver-pWhzfv/apt_archive ./ Release [957 B]
Ign:3 copy:/<<BUILDDIR>>/resolver-pWhzfv/apt_archive ./ Release.gpg
Get:4 copy:/<<BUILDDIR>>/resolver-pWhzfv/apt_archive ./ Sources [349 B]
Get:5 copy:/<<BUILDDIR>>/resolver-pWhzfv/apt_archive ./ Packages [431 B]
Fetched 1737 B in 0s (0 B/s)
Reading package lists...
Reading package lists...

Install core build dependencies (apt-based resolver)
----------------------------------------------------

Installing build dependencies
Reading package lists...
Building dependency tree...
Reading state information...
The following NEW packages will be installed:
  sbuild-build-depends-core-dummy
0 upgraded, 1 newly installed, 0 to remove and 0 not upgraded.
Need to get 782 B of archives.
After this operation, 0 B of additional disk space will be used.
Get:1 copy:/<<BUILDDIR>>/resolver-pWhzfv/apt_archive ./ sbuild-build-depends-core-dummy 0.invalid.0 [782 B]
debconf: delaying package configuration, since apt-utils is not installed
Fetched 782 B in 0s (0 B/s)
Selecting previously unselected package sbuild-build-depends-core-dummy.
(Reading database ... 11331 files and directories currently installed.)
Preparing to unpack .../sbuild-build-depends-core-dummy_0.invalid.0_amd64.deb ...
Unpacking sbuild-build-depends-core-dummy (0.invalid.0) ...
Setting up sbuild-build-depends-core-dummy (0.invalid.0) ...

+------------------------------------------------------------------------------+
| Check architectures                                                          |
+------------------------------------------------------------------------------+

Arch check ok (amd64 included in any all)

+------------------------------------------------------------------------------+
| Install package build dependencies                                           |
+------------------------------------------------------------------------------+


Setup apt archive
-----------------

Merged Build-Depends: debhelper (>= 9), qtbase5-dev, libqt5sql5-sqlite
Filtered Build-Depends: debhelper (>= 9), qtbase5-dev, libqt5sql5-sqlite
dpkg-deb: building package 'sbuild-build-depends-qdjango-dummy' in '/<<BUILDDIR>>/resolver-pWhzfv/apt_archive/sbuild-build-depends-qdjango-dummy.deb'.
dpkg-scanpackages: warning: Packages in archive but missing from override file:
dpkg-scanpackages: warning:   sbuild-build-depends-core-dummy sbuild-build-depends-qdjango-dummy
dpkg-scanpackages: info: Wrote 2 entries to output Packages file.
Ign:1 copy:/<<BUILDDIR>>/resolver-pWhzfv/apt_archive ./ InRelease
Get:2 copy:/<<BUILDDIR>>/resolver-pWhzfv/apt_archive ./ Release [963 B]
Ign:3 copy:/<<BUILDDIR>>/resolver-pWhzfv/apt_archive ./ Release.gpg
Get:4 copy:/<<BUILDDIR>>/resolver-pWhzfv/apt_archive ./ Sources [509 B]
Get:5 copy:/<<BUILDDIR>>/resolver-pWhzfv/apt_archive ./ Packages [590 B]
Fetched 2062 B in 0s (0 B/s)
Reading package lists...
Reading package lists...

Install qdjango build dependencies (apt-based resolver)
-------------------------------------------------------

Installing build dependencies
Reading package lists...
Building dependency tree...
Reading state information...
The following additional packages will be installed:
  autoconf automake autopoint autotools-dev bsdmainutils debhelper
  dh-autoreconf dh-strip-nondeterminism file fontconfig fontconfig-config
  fonts-dejavu-core gettext gettext-base groff-base intltool-debian
  libarchive-zip-perl libavahi-client3 libavahi-common-data libavahi-common3
  libcroco3 libcups2 libdbus-1-3 libdouble-conversion1 libdrm-amdgpu1
  libdrm-common libdrm-dev libdrm-intel1 libdrm-nouveau2 libdrm-radeon1
  libdrm2 libegl1-mesa libevdev2 libexpat1 libfile-stripnondeterminism-perl
  libfontconfig1 libfreetype6 libgbm1 libgl1-mesa-dev libgl1-mesa-glx
  libglapi-mesa libglib2.0-0 libglu1-mesa libglu1-mesa-dev libgraphite2-3
  libgssapi-krb5-2 libgudev-1.0-0 libharfbuzz0b libice6 libicu57 libinput-bin
  libinput10 libjpeg62-turbo libk5crypto3 libkeyutils1 libkrb5-3
  libkrb5support0 libmagic-mgc libmagic1 libmtdev1 libpciaccess0 libpipeline1
  libpng16-16 libpthread-stubs0-dev libqt5concurrent5 libqt5core5a libqt5dbus5
  libqt5gui5 libqt5network5 libqt5printsupport5 libqt5sql5 libqt5sql5-sqlite
  libqt5test5 libqt5widgets5 libqt5xml5 libsigsegv2 libsm6 libsqlite3-0
  libssl1.0.2 libtimedate-perl libtool libwacom-common libwacom2
  libwayland-client0 libwayland-server0 libx11-6 libx11-data libx11-dev
  libx11-xcb-dev libx11-xcb1 libxau-dev libxau6 libxcb-dri2-0
  libxcb-dri2-0-dev libxcb-dri3-0 libxcb-dri3-dev libxcb-glx0 libxcb-glx0-dev
  libxcb-icccm4 libxcb-image0 libxcb-keysyms1 libxcb-present-dev
  libxcb-present0 libxcb-randr0 libxcb-randr0-dev libxcb-render-util0
  libxcb-render0 libxcb-render0-dev libxcb-shape0 libxcb-shape0-dev
  libxcb-shm0 libxcb-sync-dev libxcb-sync1 libxcb-util0 libxcb-xfixes0
  libxcb-xfixes0-dev libxcb-xinerama0 libxcb-xkb1 libxcb1 libxcb1-dev
  libxdamage-dev libxdamage1 libxdmcp-dev libxdmcp6 libxext-dev libxext6
  libxfixes-dev libxfixes3 libxi6 libxkbcommon-x11-0 libxkbcommon0 libxml2
  libxshmfence-dev libxshmfence1 libxxf86vm-dev libxxf86vm1 lsb-base m4 man-db
  mesa-common-dev po-debconf qt5-qmake qtbase5-dev qtbase5-dev-tools qtchooser
  ucf x11-common x11proto-core-dev x11proto-damage-dev x11proto-dri2-dev
  x11proto-fixes-dev x11proto-gl-dev x11proto-input-dev x11proto-kb-dev
  x11proto-xext-dev x11proto-xf86vidmode-dev xkb-data xorg-sgml-doctools
  xtrans-dev
Suggested packages:
  autoconf-archive gnu-standards autoconf-doc wamerican | wordlist whois
  vacation dh-make gettext-doc libasprintf-dev libgettextpo-dev groff
  cups-common krb5-doc krb5-user pciutils libthai0 qt5-image-formats-plugins
  qtwayland5 libtool-doc gfortran | fortran95-compiler gcj-jdk libxcb-doc
  libxext-doc m4-doc less www-browser libmail-box-perl
  default-libmysqlclient-dev firebird-dev libegl1-mesa-dev libpq-dev
  libsqlite3-dev unixodbc-dev
Recommended packages:
  curl | wget | lynx-cur dbus libarchive-cpio-perl libgl1-mesa-dri
  libglib2.0-data shared-mime-info xdg-user-dirs krb5-locales
  qttranslations5-l10n libqt5svg5 qt5-gtk-platformtheme libltdl-dev
  libwacom-bin libx11-doc xml-core libmail-sendmail-perl libqt5opengl5-dev
The following NEW packages will be installed:
  autoconf automake autopoint autotools-dev bsdmainutils debhelper
  dh-autoreconf dh-strip-nondeterminism file fontconfig fontconfig-config
  fonts-dejavu-core gettext gettext-base groff-base intltool-debian
  libarchive-zip-perl libavahi-client3 libavahi-common-data libavahi-common3
  libcroco3 libcups2 libdbus-1-3 libdouble-conversion1 libdrm-amdgpu1
  libdrm-common libdrm-dev libdrm-intel1 libdrm-nouveau2 libdrm-radeon1
  libdrm2 libegl1-mesa libevdev2 libexpat1 libfile-stripnondeterminism-perl
  libfontconfig1 libfreetype6 libgbm1 libgl1-mesa-dev libgl1-mesa-glx
  libglapi-mesa libglib2.0-0 libglu1-mesa libglu1-mesa-dev libgraphite2-3
  libgssapi-krb5-2 libgudev-1.0-0 libharfbuzz0b libice6 libicu57 libinput-bin
  libinput10 libjpeg62-turbo libk5crypto3 libkeyutils1 libkrb5-3
  libkrb5support0 libmagic-mgc libmagic1 libmtdev1 libpciaccess0 libpipeline1
  libpng16-16 libpthread-stubs0-dev libqt5concurrent5 libqt5core5a libqt5dbus5
  libqt5gui5 libqt5network5 libqt5printsupport5 libqt5sql5 libqt5sql5-sqlite
  libqt5test5 libqt5widgets5 libqt5xml5 libsigsegv2 libsm6 libsqlite3-0
  libssl1.0.2 libtimedate-perl libtool libwacom-common libwacom2
  libwayland-client0 libwayland-server0 libx11-6 libx11-data libx11-dev
  libx11-xcb-dev libx11-xcb1 libxau-dev libxau6 libxcb-dri2-0
  libxcb-dri2-0-dev libxcb-dri3-0 libxcb-dri3-dev libxcb-glx0 libxcb-glx0-dev
  libxcb-icccm4 libxcb-image0 libxcb-keysyms1 libxcb-present-dev
  libxcb-present0 libxcb-randr0 libxcb-randr0-dev libxcb-render-util0
  libxcb-render0 libxcb-render0-dev libxcb-shape0 libxcb-shape0-dev
  libxcb-shm0 libxcb-sync-dev libxcb-sync1 libxcb-util0 libxcb-xfixes0
  libxcb-xfixes0-dev libxcb-xinerama0 libxcb-xkb1 libxcb1 libxcb1-dev
  libxdamage-dev libxdamage1 libxdmcp-dev libxdmcp6 libxext-dev libxext6
  libxfixes-dev libxfixes3 libxi6 libxkbcommon-x11-0 libxkbcommon0 libxml2
  libxshmfence-dev libxshmfence1 libxxf86vm-dev libxxf86vm1 lsb-base m4 man-db
  mesa-common-dev po-debconf qt5-qmake qtbase5-dev qtbase5-dev-tools qtchooser
  sbuild-build-depends-qdjango-dummy ucf x11-common x11proto-core-dev
  x11proto-damage-dev x11proto-dri2-dev x11proto-fixes-dev x11proto-gl-dev
  x11proto-input-dev x11proto-kb-dev x11proto-xext-dev
  x11proto-xf86vidmode-dev xkb-data xorg-sgml-doctools xtrans-dev
0 upgraded, 160 newly installed, 0 to remove and 0 not upgraded.
Need to get 48.1 MB of archives.
After this operation, 168 MB of additional disk space will be used.
Get:1 copy:/<<BUILDDIR>>/resolver-pWhzfv/apt_archive ./ sbuild-build-depends-qdjango-dummy 0.invalid.0 [806 B]
Get:2 http://127.0.0.1:9999/debian unstable/main amd64 groff-base amd64 1.22.3-9 [1160 kB]
Get:3 http://127.0.0.1:9999/debian unstable/main amd64 bsdmainutils amd64 9.0.12+nmu1 [186 kB]
Get:4 http://127.0.0.1:9999/debian unstable/main amd64 libpipeline1 amd64 1.4.2-1 [28.3 kB]
Get:5 http://127.0.0.1:9999/debian unstable/main amd64 man-db amd64 2.7.6.1-2 [1044 kB]
Get:6 http://127.0.0.1:9999/debian unstable/main amd64 libexpat1 amd64 2.2.3-1 [87.5 kB]
Get:7 http://127.0.0.1:9999/debian unstable/main amd64 libpng16-16 amd64 1.6.31-1 [284 kB]
Get:8 http://127.0.0.1:9999/debian unstable/main amd64 libfreetype6 amd64 2.8-0.2 [449 kB]
Get:9 http://127.0.0.1:9999/debian unstable/main amd64 ucf all 3.0036 [70.2 kB]
Get:10 http://127.0.0.1:9999/debian unstable/main amd64 fonts-dejavu-core all 2.37-1 [1068 kB]
Get:11 http://127.0.0.1:9999/debian unstable/main amd64 fontconfig-config all 2.12.3-0.2 [304 kB]
Get:12 http://127.0.0.1:9999/debian unstable/main amd64 libfontconfig1 amd64 2.12.3-0.2 [366 kB]
Get:13 http://127.0.0.1:9999/debian unstable/main amd64 fontconfig amd64 2.12.3-0.2 [436 kB]
Get:14 http://127.0.0.1:9999/debian unstable/main amd64 lsb-base all 9.20161125 [27.9 kB]
Get:15 http://127.0.0.1:9999/debian unstable/main amd64 libssl1.0.2 amd64 1.0.2l-2 [1294 kB]
Get:16 http://127.0.0.1:9999/debian unstable/main amd64 libmagic-mgc amd64 1:5.31-1 [223 kB]
Get:17 http://127.0.0.1:9999/debian unstable/main amd64 libmagic1 amd64 1:5.31-1 [112 kB]
Get:18 http://127.0.0.1:9999/debian unstable/main amd64 file amd64 1:5.31-1 [64.2 kB]
Get:19 http://127.0.0.1:9999/debian unstable/main amd64 gettext-base amd64 0.19.8.1-2+b1 [122 kB]
Get:20 http://127.0.0.1:9999/debian unstable/main amd64 libkeyutils1 amd64 1.5.9-9 [12.4 kB]
Get:21 http://127.0.0.1:9999/debian unstable/main amd64 libkrb5support0 amd64 1.15.1-2 [62.2 kB]
Get:22 http://127.0.0.1:9999/debian unstable/main amd64 libk5crypto3 amd64 1.15.1-2 [120 kB]
Get:23 http://127.0.0.1:9999/debian unstable/main amd64 libkrb5-3 amd64 1.15.1-2 [312 kB]
Get:24 http://127.0.0.1:9999/debian unstable/main amd64 libgssapi-krb5-2 amd64 1.15.1-2 [155 kB]
Get:25 http://127.0.0.1:9999/debian unstable/main amd64 libsqlite3-0 amd64 3.19.3-3 [582 kB]
Get:26 http://127.0.0.1:9999/debian unstable/main amd64 libicu57 amd64 57.1-6 [7701 kB]
Get:27 http://127.0.0.1:9999/debian unstable/main amd64 libxml2 amd64 2.9.4+dfsg1-3 [715 kB]
Get:28 http://127.0.0.1:9999/debian unstable/main amd64 libsigsegv2 amd64 2.11-1 [29.9 kB]
Get:29 http://127.0.0.1:9999/debian unstable/main amd64 m4 amd64 1.4.18-1 [202 kB]
Get:30 http://127.0.0.1:9999/debian unstable/main amd64 autoconf all 2.69-10 [338 kB]
Get:31 http://127.0.0.1:9999/debian unstable/main amd64 autotools-dev all 20161112.1 [73.4 kB]
Get:32 http://127.0.0.1:9999/debian unstable/main amd64 automake all 1:1.15.1-2 [736 kB]
Get:33 http://127.0.0.1:9999/debian unstable/main amd64 autopoint all 0.19.8.1-2 [433 kB]
Get:34 http://127.0.0.1:9999/debian unstable/main amd64 libtool all 2.4.6-2 [545 kB]
Get:35 http://127.0.0.1:9999/debian unstable/main amd64 dh-autoreconf all 14 [15.9 kB]
Get:36 http://127.0.0.1:9999/debian unstable/main amd64 libarchive-zip-perl all 1.59-1 [95.5 kB]
Get:37 http://127.0.0.1:9999/debian unstable/main amd64 libfile-stripnondeterminism-perl all 0.038-1 [17.6 kB]
Get:38 http://127.0.0.1:9999/debian unstable/main amd64 libtimedate-perl all 2.3000-2 [42.2 kB]
Get:39 http://127.0.0.1:9999/debian unstable/main amd64 dh-strip-nondeterminism all 0.038-1 [11.1 kB]
Get:40 http://127.0.0.1:9999/debian unstable/main amd64 libglib2.0-0 amd64 2.53.4-3 [2796 kB]
Get:41 http://127.0.0.1:9999/debian unstable/main amd64 libcroco3 amd64 0.6.12-1 [144 kB]
Get:42 http://127.0.0.1:9999/debian unstable/main amd64 gettext amd64 0.19.8.1-2+b1 [1301 kB]
Get:43 http://127.0.0.1:9999/debian unstable/main amd64 intltool-debian all 0.35.0+20060710.4 [26.3 kB]
Get:44 http://127.0.0.1:9999/debian unstable/main amd64 po-debconf all 1.0.20 [247 kB]
Get:45 http://127.0.0.1:9999/debian unstable/main amd64 debhelper all 10.7.2 [975 kB]
Get:46 http://127.0.0.1:9999/debian unstable/main amd64 libavahi-common-data amd64 0.6.32-2 [118 kB]
Get:47 http://127.0.0.1:9999/debian unstable/main amd64 libavahi-common3 amd64 0.6.32-2 [52.0 kB]
Get:48 http://127.0.0.1:9999/debian unstable/main amd64 libdbus-1-3 amd64 1.11.16+really1.10.22-1 [195 kB]
Get:49 http://127.0.0.1:9999/debian unstable/main amd64 libavahi-client3 amd64 0.6.32-2 [55.3 kB]
Get:50 http://127.0.0.1:9999/debian unstable/main amd64 libcups2 amd64 2.2.4-3 [313 kB]
Get:51 http://127.0.0.1:9999/debian unstable/main amd64 libdouble-conversion1 amd64 2.0.1-4 [33.7 kB]
Get:52 http://127.0.0.1:9999/debian unstable/main amd64 libdrm-common all 2.4.82-1 [13.0 kB]
Get:53 http://127.0.0.1:9999/debian unstable/main amd64 libdrm2 amd64 2.4.82-1 [38.8 kB]
Get:54 http://127.0.0.1:9999/debian unstable/main amd64 libdrm-amdgpu1 amd64 2.4.82-1 [27.7 kB]
Get:55 http://127.0.0.1:9999/debian unstable/main amd64 libpciaccess0 amd64 0.13.4-1+b2 [50.0 kB]
Get:56 http://127.0.0.1:9999/debian unstable/main amd64 libdrm-intel1 amd64 2.4.82-1 [69.6 kB]
Get:57 http://127.0.0.1:9999/debian unstable/main amd64 libdrm-radeon1 amd64 2.4.82-1 [30.7 kB]
Get:58 http://127.0.0.1:9999/debian unstable/main amd64 libdrm-nouveau2 amd64 2.4.82-1 [25.6 kB]
Get:59 http://127.0.0.1:9999/debian unstable/main amd64 libdrm-dev amd64 2.4.82-1 [243 kB]
Get:60 http://127.0.0.1:9999/debian unstable/main amd64 libwayland-client0 amd64 1.14.0-1 [24.8 kB]
Get:61 http://127.0.0.1:9999/debian unstable/main amd64 libwayland-server0 amd64 1.14.0-1 [30.9 kB]
Get:62 http://127.0.0.1:9999/debian unstable/main amd64 libgbm1 amd64 17.1.5-1 [61.3 kB]
Get:63 http://127.0.0.1:9999/debian unstable/main amd64 libxau6 amd64 1:1.0.8-1+b2 [19.9 kB]
Get:64 http://127.0.0.1:9999/debian unstable/main amd64 libxdmcp6 amd64 1:1.1.2-3 [26.3 kB]
Get:65 http://127.0.0.1:9999/debian unstable/main amd64 libxcb1 amd64 1.12-1 [133 kB]
Get:66 http://127.0.0.1:9999/debian unstable/main amd64 libx11-data all 2:1.6.4-3 [290 kB]
Get:67 http://127.0.0.1:9999/debian unstable/main amd64 libx11-6 amd64 2:1.6.4-3 [747 kB]
Get:68 http://127.0.0.1:9999/debian unstable/main amd64 libx11-xcb1 amd64 2:1.6.4-3 [183 kB]
Get:69 http://127.0.0.1:9999/debian unstable/main amd64 libxcb-dri2-0 amd64 1.12-1 [97.2 kB]
Get:70 http://127.0.0.1:9999/debian unstable/main amd64 libxcb-dri3-0 amd64 1.12-1 [95.6 kB]
Get:71 http://127.0.0.1:9999/debian unstable/main amd64 libxcb-present0 amd64 1.12-1 [95.8 kB]
Get:72 http://127.0.0.1:9999/debian unstable/main amd64 libxcb-sync1 amd64 1.12-1 [99.2 kB]
Get:73 http://127.0.0.1:9999/debian unstable/main amd64 libxcb-xfixes0 amd64 1.12-1 [99.6 kB]
Get:74 http://127.0.0.1:9999/debian unstable/main amd64 libxshmfence1 amd64 1.2-1+b2 [7922 B]
Get:75 http://127.0.0.1:9999/debian unstable/main amd64 libegl1-mesa amd64 17.1.5-1 [115 kB]
Get:76 http://127.0.0.1:9999/debian unstable/main amd64 libevdev2 amd64 1.5.7+dfsg-1 [30.1 kB]
Get:77 http://127.0.0.1:9999/debian unstable/main amd64 xorg-sgml-doctools all 1:1.11-1 [21.9 kB]
Get:78 http://127.0.0.1:9999/debian unstable/main amd64 x11proto-core-dev all 7.0.31-1 [728 kB]
Get:79 http://127.0.0.1:9999/debian unstable/main amd64 libxau-dev amd64 1:1.0.8-1+b2 [23.1 kB]
Get:80 http://127.0.0.1:9999/debian unstable/main amd64 libxdmcp-dev amd64 1:1.1.2-3 [42.2 kB]
Get:81 http://127.0.0.1:9999/debian unstable/main amd64 x11proto-input-dev all 2.3.2-1 [158 kB]
Get:82 http://127.0.0.1:9999/debian unstable/main amd64 x11proto-kb-dev all 1.0.7-1 [233 kB]
Get:83 http://127.0.0.1:9999/debian unstable/main amd64 xtrans-dev all 1.3.5-1 [100 kB]
Get:84 http://127.0.0.1:9999/debian unstable/main amd64 libpthread-stubs0-dev amd64 0.3-4 [3866 B]
Get:85 http://127.0.0.1:9999/debian unstable/main amd64 libxcb1-dev amd64 1.12-1 [169 kB]
Get:86 http://127.0.0.1:9999/debian unstable/main amd64 libx11-dev amd64 2:1.6.4-3 [815 kB]
Get:87 http://127.0.0.1:9999/debian unstable/main amd64 mesa-common-dev amd64 17.1.5-1 [538 kB]
Get:88 http://127.0.0.1:9999/debian unstable/main amd64 libglapi-mesa amd64 17.1.5-1 [59.8 kB]
Get:89 http://127.0.0.1:9999/debian unstable/main amd64 libxcb-glx0 amd64 1.12-1 [113 kB]
Get:90 http://127.0.0.1:9999/debian unstable/main amd64 libxfixes3 amd64 1:5.0.3-1 [21.9 kB]
Get:91 http://127.0.0.1:9999/debian unstable/main amd64 libxdamage1 amd64 1:1.1.4-2+b3 [14.5 kB]
Get:92 http://127.0.0.1:9999/debian unstable/main amd64 libxext6 amd64 2:1.3.3-1+b2 [52.5 kB]
Get:93 http://127.0.0.1:9999/debian unstable/main amd64 libxxf86vm1 amd64 1:1.1.4-1+b2 [20.8 kB]
Get:94 http://127.0.0.1:9999/debian unstable/main amd64 libgl1-mesa-glx amd64 17.1.5-1 [168 kB]
Get:95 http://127.0.0.1:9999/debian unstable/main amd64 libx11-xcb-dev amd64 2:1.6.4-3 [185 kB]
Get:96 http://127.0.0.1:9999/debian unstable/main amd64 libxcb-dri3-dev amd64 1.12-1 [96.1 kB]
Get:97 http://127.0.0.1:9999/debian unstable/main amd64 libxcb-randr0 amd64 1.12-1 [107 kB]
Get:98 http://127.0.0.1:9999/debian unstable/main amd64 libxcb-render0 amd64 1.12-1 [105 kB]
Get:99 http://127.0.0.1:9999/debian unstable/main amd64 libxcb-render0-dev amd64 1.12-1 [109 kB]
Get:100 http://127.0.0.1:9999/debian unstable/main amd64 libxcb-randr0-dev amd64 1.12-1 [110 kB]
Get:101 http://127.0.0.1:9999/debian unstable/main amd64 libxcb-shape0 amd64 1.12-1 [96.2 kB]
Get:102 http://127.0.0.1:9999/debian unstable/main amd64 libxcb-shape0-dev amd64 1.12-1 [97.4 kB]
Get:103 http://127.0.0.1:9999/debian unstable/main amd64 libxcb-xfixes0-dev amd64 1.12-1 [102 kB]
Get:104 http://127.0.0.1:9999/debian unstable/main amd64 libxcb-sync-dev amd64 1.12-1 [101 kB]
Get:105 http://127.0.0.1:9999/debian unstable/main amd64 libxcb-present-dev amd64 1.12-1 [97.2 kB]
Get:106 http://127.0.0.1:9999/debian unstable/main amd64 libxshmfence-dev amd64 1.2-1+b2 [7420 B]
Get:107 http://127.0.0.1:9999/debian unstable/main amd64 libxcb-dri2-0-dev amd64 1.12-1 [98.8 kB]
Get:108 http://127.0.0.1:9999/debian unstable/main amd64 libxcb-glx0-dev amd64 1.12-1 [118 kB]
Get:109 http://127.0.0.1:9999/debian unstable/main amd64 x11proto-xext-dev all 7.3.0-1 [212 kB]
Get:110 http://127.0.0.1:9999/debian unstable/main amd64 x11proto-fixes-dev all 1:5.0-2 [19.2 kB]
Get:111 http://127.0.0.1:9999/debian unstable/main amd64 libxfixes-dev amd64 1:5.0.3-1 [23.8 kB]
Get:112 http://127.0.0.1:9999/debian unstable/main amd64 x11proto-damage-dev all 1:1.2.1-2 [11.8 kB]
Get:113 http://127.0.0.1:9999/debian unstable/main amd64 libxdamage-dev amd64 1:1.1.4-2+b3 [14.3 kB]
Get:114 http://127.0.0.1:9999/debian unstable/main amd64 libxext-dev amd64 2:1.3.3-1+b2 [107 kB]
Get:115 http://127.0.0.1:9999/debian unstable/main amd64 x11proto-xf86vidmode-dev all 2.3.1-2 [6114 B]
Get:116 http://127.0.0.1:9999/debian unstable/main amd64 libxxf86vm-dev amd64 1:1.1.4-1+b2 [25.4 kB]
Get:117 http://127.0.0.1:9999/debian unstable/main amd64 x11proto-dri2-dev all 2.8-2 [18.2 kB]
Get:118 http://127.0.0.1:9999/debian unstable/main amd64 x11proto-gl-dev all 1.4.17-1 [28.0 kB]
Get:119 http://127.0.0.1:9999/debian unstable/main amd64 libgl1-mesa-dev amd64 17.1.5-1 [42.1 kB]
Get:120 http://127.0.0.1:9999/debian unstable/main amd64 libglu1-mesa amd64 9.0.0-2.1 [168 kB]
Get:121 http://127.0.0.1:9999/debian unstable/main amd64 libglu1-mesa-dev amd64 9.0.0-2.1 [202 kB]
Get:122 http://127.0.0.1:9999/debian unstable/main amd64 libgraphite2-3 amd64 1.3.10-2 [84.3 kB]
Get:123 http://127.0.0.1:9999/debian unstable/main amd64 libgudev-1.0-0 amd64 230-3 [12.9 kB]
Get:124 http://127.0.0.1:9999/debian unstable/main amd64 libharfbuzz0b amd64 1.4.2-1 [671 kB]
Get:125 http://127.0.0.1:9999/debian unstable/main amd64 x11-common all 1:7.7+19 [251 kB]
Get:126 http://127.0.0.1:9999/debian unstable/main amd64 libice6 amd64 2:1.0.9-2 [58.7 kB]
Get:127 http://127.0.0.1:9999/debian unstable/main amd64 libwacom-common all 0.24-1 [33.9 kB]
Get:128 http://127.0.0.1:9999/debian unstable/main amd64 libwacom2 amd64 0.24-1 [17.8 kB]
Get:129 http://127.0.0.1:9999/debian unstable/main amd64 libinput-bin amd64 1.8.0-1 [11.7 kB]
Get:130 http://127.0.0.1:9999/debian unstable/main amd64 libmtdev1 amd64 1.1.5-1+b1 [22.3 kB]
Get:131 http://127.0.0.1:9999/debian unstable/main amd64 libinput10 amd64 1.8.0-1 [80.3 kB]
Get:132 http://127.0.0.1:9999/debian unstable/main amd64 libjpeg62-turbo amd64 1:1.5.1-2 [134 kB]
Get:133 http://127.0.0.1:9999/debian unstable/main amd64 libqt5core5a amd64 5.9.1+dfsg-8 [2056 kB]
Get:134 http://127.0.0.1:9999/debian unstable/main amd64 libqt5concurrent5 amd64 5.9.1+dfsg-8 [51.9 kB]
Get:135 http://127.0.0.1:9999/debian unstable/main amd64 libqt5dbus5 amd64 5.9.1+dfsg-8 [217 kB]
Get:136 http://127.0.0.1:9999/debian unstable/main amd64 libqt5network5 amd64 5.9.1+dfsg-8 [654 kB]
Get:137 http://127.0.0.1:9999/debian unstable/main amd64 libsm6 amd64 2:1.2.2-1+b3 [33.3 kB]
Get:138 http://127.0.0.1:9999/debian unstable/main amd64 libxcb-icccm4 amd64 0.4.1-1+b1 [27.4 kB]
Get:139 http://127.0.0.1:9999/debian unstable/main amd64 libxcb-shm0 amd64 1.12-1 [95.9 kB]
Get:140 http://127.0.0.1:9999/debian unstable/main amd64 libxcb-util0 amd64 0.3.8-3+b2 [23.0 kB]
Get:141 http://127.0.0.1:9999/debian unstable/main amd64 libxcb-image0 amd64 0.4.0-1+b2 [24.4 kB]
Get:142 http://127.0.0.1:9999/debian unstable/main amd64 libxcb-keysyms1 amd64 0.4.0-1+b2 [16.4 kB]
Get:143 http://127.0.0.1:9999/debian unstable/main amd64 libxcb-render-util0 amd64 0.3.9-1+b1 [18.3 kB]
Get:144 http://127.0.0.1:9999/debian unstable/main amd64 libxcb-xinerama0 amd64 1.12-1 [95.5 kB]
Get:145 http://127.0.0.1:9999/debian unstable/main amd64 libxcb-xkb1 amd64 1.12-1 [120 kB]
Get:146 http://127.0.0.1:9999/debian unstable/main amd64 libxi6 amd64 2:1.7.9-1 [82.6 kB]
Get:147 http://127.0.0.1:9999/debian unstable/main amd64 xkb-data all 2.19-1.1 [649 kB]
Get:148 http://127.0.0.1:9999/debian unstable/main amd64 libxkbcommon0 amd64 0.7.1-1 [122 kB]
Get:149 http://127.0.0.1:9999/debian unstable/main amd64 libxkbcommon-x11-0 amd64 0.7.1-1 [39.0 kB]
Get:150 http://127.0.0.1:9999/debian unstable/main amd64 libqt5gui5 amd64 5.9.1+dfsg-8 [2601 kB]
Get:151 http://127.0.0.1:9999/debian unstable/main amd64 libqt5widgets5 amd64 5.9.1+dfsg-8 [2232 kB]
Get:152 http://127.0.0.1:9999/debian unstable/main amd64 libqt5printsupport5 amd64 5.9.1+dfsg-8 [198 kB]
Get:153 http://127.0.0.1:9999/debian unstable/main amd64 libqt5sql5 amd64 5.9.1+dfsg-8 [137 kB]
Get:154 http://127.0.0.1:9999/debian unstable/main amd64 libqt5sql5-sqlite amd64 5.9.1+dfsg-8 [61.8 kB]
Get:155 http://127.0.0.1:9999/debian unstable/main amd64 libqt5test5 amd64 5.9.1+dfsg-8 [120 kB]
Get:156 http://127.0.0.1:9999/debian unstable/main amd64 libqt5xml5 amd64 5.9.1+dfsg-8 [122 kB]
Get:157 http://127.0.0.1:9999/debian unstable/main amd64 qtchooser amd64 63-g13a3d08-1 [25.2 kB]
Get:158 http://127.0.0.1:9999/debian unstable/main amd64 qt5-qmake amd64 5.9.1+dfsg-8 [1120 kB]
Get:159 http://127.0.0.1:9999/debian unstable/main amd64 qtbase5-dev-tools amd64 5.9.1+dfsg-8 [756 kB]
Get:160 http://127.0.0.1:9999/debian unstable/main amd64 qtbase5-dev amd64 5.9.1+dfsg-8 [984 kB]
debconf: delaying package configuration, since apt-utils is not installed
Fetched 48.1 MB in 0s (93.4 MB/s)
Selecting previously unselected package groff-base.
(Reading database ... 11331 files and directories currently installed.)
Preparing to unpack .../000-groff-base_1.22.3-9_amd64.deb ...
Unpacking groff-base (1.22.3-9) ...
Selecting previously unselected package bsdmainutils.
Preparing to unpack .../001-bsdmainutils_9.0.12+nmu1_amd64.deb ...
Unpacking bsdmainutils (9.0.12+nmu1) ...
Selecting previously unselected package libpipeline1:amd64.
Preparing to unpack .../002-libpipeline1_1.4.2-1_amd64.deb ...
Unpacking libpipeline1:amd64 (1.4.2-1) ...
Selecting previously unselected package man-db.
Preparing to unpack .../003-man-db_2.7.6.1-2_amd64.deb ...
Unpacking man-db (2.7.6.1-2) ...
Selecting previously unselected package libexpat1:amd64.
Preparing to unpack .../004-libexpat1_2.2.3-1_amd64.deb ...
Unpacking libexpat1:amd64 (2.2.3-1) ...
Selecting previously unselected package libpng16-16:amd64.
Preparing to unpack .../005-libpng16-16_1.6.31-1_amd64.deb ...
Unpacking libpng16-16:amd64 (1.6.31-1) ...
Selecting previously unselected package libfreetype6:amd64.
Preparing to unpack .../006-libfreetype6_2.8-0.2_amd64.deb ...
Unpacking libfreetype6:amd64 (2.8-0.2) ...
Selecting previously unselected package ucf.
Preparing to unpack .../007-ucf_3.0036_all.deb ...
Moving old data out of the way
Unpacking ucf (3.0036) ...
Selecting previously unselected package fonts-dejavu-core.
Preparing to unpack .../008-fonts-dejavu-core_2.37-1_all.deb ...
Unpacking fonts-dejavu-core (2.37-1) ...
Selecting previously unselected package fontconfig-config.
Preparing to unpack .../009-fontconfig-config_2.12.3-0.2_all.deb ...
Unpacking fontconfig-config (2.12.3-0.2) ...
Selecting previously unselected package libfontconfig1:amd64.
Preparing to unpack .../010-libfontconfig1_2.12.3-0.2_amd64.deb ...
Unpacking libfontconfig1:amd64 (2.12.3-0.2) ...
Selecting previously unselected package fontconfig.
Preparing to unpack .../011-fontconfig_2.12.3-0.2_amd64.deb ...
Unpacking fontconfig (2.12.3-0.2) ...
Selecting previously unselected package lsb-base.
Preparing to unpack .../012-lsb-base_9.20161125_all.deb ...
Unpacking lsb-base (9.20161125) ...
Selecting previously unselected package libssl1.0.2:amd64.
Preparing to unpack .../013-libssl1.0.2_1.0.2l-2_amd64.deb ...
Unpacking libssl1.0.2:amd64 (1.0.2l-2) ...
Selecting previously unselected package libmagic-mgc.
Preparing to unpack .../014-libmagic-mgc_1%3a5.31-1_amd64.deb ...
Unpacking libmagic-mgc (1:5.31-1) ...
Selecting previously unselected package libmagic1:amd64.
Preparing to unpack .../015-libmagic1_1%3a5.31-1_amd64.deb ...
Unpacking libmagic1:amd64 (1:5.31-1) ...
Selecting previously unselected package file.
Preparing to unpack .../016-file_1%3a5.31-1_amd64.deb ...
Unpacking file (1:5.31-1) ...
Selecting previously unselected package gettext-base.
Preparing to unpack .../017-gettext-base_0.19.8.1-2+b1_amd64.deb ...
Unpacking gettext-base (0.19.8.1-2+b1) ...
Selecting previously unselected package libkeyutils1:amd64.
Preparing to unpack .../018-libkeyutils1_1.5.9-9_amd64.deb ...
Unpacking libkeyutils1:amd64 (1.5.9-9) ...
Selecting previously unselected package libkrb5support0:amd64.
Preparing to unpack .../019-libkrb5support0_1.15.1-2_amd64.deb ...
Unpacking libkrb5support0:amd64 (1.15.1-2) ...
Selecting previously unselected package libk5crypto3:amd64.
Preparing to unpack .../020-libk5crypto3_1.15.1-2_amd64.deb ...
Unpacking libk5crypto3:amd64 (1.15.1-2) ...
Selecting previously unselected package libkrb5-3:amd64.
Preparing to unpack .../021-libkrb5-3_1.15.1-2_amd64.deb ...
Unpacking libkrb5-3:amd64 (1.15.1-2) ...
Selecting previously unselected package libgssapi-krb5-2:amd64.
Preparing to unpack .../022-libgssapi-krb5-2_1.15.1-2_amd64.deb ...
Unpacking libgssapi-krb5-2:amd64 (1.15.1-2) ...
Selecting previously unselected package libsqlite3-0:amd64.
Preparing to unpack .../023-libsqlite3-0_3.19.3-3_amd64.deb ...
Unpacking libsqlite3-0:amd64 (3.19.3-3) ...
Selecting previously unselected package libicu57:amd64.
Preparing to unpack .../024-libicu57_57.1-6_amd64.deb ...
Unpacking libicu57:amd64 (57.1-6) ...
Selecting previously unselected package libxml2:amd64.
Preparing to unpack .../025-libxml2_2.9.4+dfsg1-3_amd64.deb ...
Unpacking libxml2:amd64 (2.9.4+dfsg1-3) ...
Selecting previously unselected package libsigsegv2:amd64.
Preparing to unpack .../026-libsigsegv2_2.11-1_amd64.deb ...
Unpacking libsigsegv2:amd64 (2.11-1) ...
Selecting previously unselected package m4.
Preparing to unpack .../027-m4_1.4.18-1_amd64.deb ...
Unpacking m4 (1.4.18-1) ...
Selecting previously unselected package autoconf.
Preparing to unpack .../028-autoconf_2.69-10_all.deb ...
Unpacking autoconf (2.69-10) ...
Selecting previously unselected package autotools-dev.
Preparing to unpack .../029-autotools-dev_20161112.1_all.deb ...
Unpacking autotools-dev (20161112.1) ...
Selecting previously unselected package automake.
Preparing to unpack .../030-automake_1%3a1.15.1-2_all.deb ...
Unpacking automake (1:1.15.1-2) ...
Selecting previously unselected package autopoint.
Preparing to unpack .../031-autopoint_0.19.8.1-2_all.deb ...
Unpacking autopoint (0.19.8.1-2) ...
Selecting previously unselected package libtool.
Preparing to unpack .../032-libtool_2.4.6-2_all.deb ...
Unpacking libtool (2.4.6-2) ...
Selecting previously unselected package dh-autoreconf.
Preparing to unpack .../033-dh-autoreconf_14_all.deb ...
Unpacking dh-autoreconf (14) ...
Selecting previously unselected package libarchive-zip-perl.
Preparing to unpack .../034-libarchive-zip-perl_1.59-1_all.deb ...
Unpacking libarchive-zip-perl (1.59-1) ...
Selecting previously unselected package libfile-stripnondeterminism-perl.
Preparing to unpack .../035-libfile-stripnondeterminism-perl_0.038-1_all.deb ...
Unpacking libfile-stripnondeterminism-perl (0.038-1) ...
Selecting previously unselected package libtimedate-perl.
Preparing to unpack .../036-libtimedate-perl_2.3000-2_all.deb ...
Unpacking libtimedate-perl (2.3000-2) ...
Selecting previously unselected package dh-strip-nondeterminism.
Preparing to unpack .../037-dh-strip-nondeterminism_0.038-1_all.deb ...
Unpacking dh-strip-nondeterminism (0.038-1) ...
Selecting previously unselected package libglib2.0-0:amd64.
Preparing to unpack .../038-libglib2.0-0_2.53.4-3_amd64.deb ...
Unpacking libglib2.0-0:amd64 (2.53.4-3) ...
Selecting previously unselected package libcroco3:amd64.
Preparing to unpack .../039-libcroco3_0.6.12-1_amd64.deb ...
Unpacking libcroco3:amd64 (0.6.12-1) ...
Selecting previously unselected package gettext.
Preparing to unpack .../040-gettext_0.19.8.1-2+b1_amd64.deb ...
Unpacking gettext (0.19.8.1-2+b1) ...
Selecting previously unselected package intltool-debian.
Preparing to unpack .../041-intltool-debian_0.35.0+20060710.4_all.deb ...
Unpacking intltool-debian (0.35.0+20060710.4) ...
Selecting previously unselected package po-debconf.
Preparing to unpack .../042-po-debconf_1.0.20_all.deb ...
Unpacking po-debconf (1.0.20) ...
Selecting previously unselected package debhelper.
Preparing to unpack .../043-debhelper_10.7.2_all.deb ...
Unpacking debhelper (10.7.2) ...
Selecting previously unselected package libavahi-common-data:amd64.
Preparing to unpack .../044-libavahi-common-data_0.6.32-2_amd64.deb ...
Unpacking libavahi-common-data:amd64 (0.6.32-2) ...
Selecting previously unselected package libavahi-common3:amd64.
Preparing to unpack .../045-libavahi-common3_0.6.32-2_amd64.deb ...
Unpacking libavahi-common3:amd64 (0.6.32-2) ...
Selecting previously unselected package libdbus-1-3:amd64.
Preparing to unpack .../046-libdbus-1-3_1.11.16+really1.10.22-1_amd64.deb ...
Unpacking libdbus-1-3:amd64 (1.11.16+really1.10.22-1) ...
Selecting previously unselected package libavahi-client3:amd64.
Preparing to unpack .../047-libavahi-client3_0.6.32-2_amd64.deb ...
Unpacking libavahi-client3:amd64 (0.6.32-2) ...
Selecting previously unselected package libcups2:amd64.
Preparing to unpack .../048-libcups2_2.2.4-3_amd64.deb ...
Unpacking libcups2:amd64 (2.2.4-3) ...
Selecting previously unselected package libdouble-conversion1:amd64.
Preparing to unpack .../049-libdouble-conversion1_2.0.1-4_amd64.deb ...
Unpacking libdouble-conversion1:amd64 (2.0.1-4) ...
Selecting previously unselected package libdrm-common.
Preparing to unpack .../050-libdrm-common_2.4.82-1_all.deb ...
Unpacking libdrm-common (2.4.82-1) ...
Selecting previously unselected package libdrm2:amd64.
Preparing to unpack .../051-libdrm2_2.4.82-1_amd64.deb ...
Unpacking libdrm2:amd64 (2.4.82-1) ...
Selecting previously unselected package libdrm-amdgpu1:amd64.
Preparing to unpack .../052-libdrm-amdgpu1_2.4.82-1_amd64.deb ...
Unpacking libdrm-amdgpu1:amd64 (2.4.82-1) ...
Selecting previously unselected package libpciaccess0:amd64.
Preparing to unpack .../053-libpciaccess0_0.13.4-1+b2_amd64.deb ...
Unpacking libpciaccess0:amd64 (0.13.4-1+b2) ...
Selecting previously unselected package libdrm-intel1:amd64.
Preparing to unpack .../054-libdrm-intel1_2.4.82-1_amd64.deb ...
Unpacking libdrm-intel1:amd64 (2.4.82-1) ...
Selecting previously unselected package libdrm-radeon1:amd64.
Preparing to unpack .../055-libdrm-radeon1_2.4.82-1_amd64.deb ...
Unpacking libdrm-radeon1:amd64 (2.4.82-1) ...
Selecting previously unselected package libdrm-nouveau2:amd64.
Preparing to unpack .../056-libdrm-nouveau2_2.4.82-1_amd64.deb ...
Unpacking libdrm-nouveau2:amd64 (2.4.82-1) ...
Selecting previously unselected package libdrm-dev:amd64.
Preparing to unpack .../057-libdrm-dev_2.4.82-1_amd64.deb ...
Unpacking libdrm-dev:amd64 (2.4.82-1) ...
Selecting previously unselected package libwayland-client0:amd64.
Preparing to unpack .../058-libwayland-client0_1.14.0-1_amd64.deb ...
Unpacking libwayland-client0:amd64 (1.14.0-1) ...
Selecting previously unselected package libwayland-server0:amd64.
Preparing to unpack .../059-libwayland-server0_1.14.0-1_amd64.deb ...
Unpacking libwayland-server0:amd64 (1.14.0-1) ...
Selecting previously unselected package libgbm1:amd64.
Preparing to unpack .../060-libgbm1_17.1.5-1_amd64.deb ...
Unpacking libgbm1:amd64 (17.1.5-1) ...
Selecting previously unselected package libxau6:amd64.
Preparing to unpack .../061-libxau6_1%3a1.0.8-1+b2_amd64.deb ...
Unpacking libxau6:amd64 (1:1.0.8-1+b2) ...
Selecting previously unselected package libxdmcp6:amd64.
Preparing to unpack .../062-libxdmcp6_1%3a1.1.2-3_amd64.deb ...
Unpacking libxdmcp6:amd64 (1:1.1.2-3) ...
Selecting previously unselected package libxcb1:amd64.
Preparing to unpack .../063-libxcb1_1.12-1_amd64.deb ...
Unpacking libxcb1:amd64 (1.12-1) ...
Selecting previously unselected package libx11-data.
Preparing to unpack .../064-libx11-data_2%3a1.6.4-3_all.deb ...
Unpacking libx11-data (2:1.6.4-3) ...
Selecting previously unselected package libx11-6:amd64.
Preparing to unpack .../065-libx11-6_2%3a1.6.4-3_amd64.deb ...
Unpacking libx11-6:amd64 (2:1.6.4-3) ...
Selecting previously unselected package libx11-xcb1:amd64.
Preparing to unpack .../066-libx11-xcb1_2%3a1.6.4-3_amd64.deb ...
Unpacking libx11-xcb1:amd64 (2:1.6.4-3) ...
Selecting previously unselected package libxcb-dri2-0:amd64.
Preparing to unpack .../067-libxcb-dri2-0_1.12-1_amd64.deb ...
Unpacking libxcb-dri2-0:amd64 (1.12-1) ...
Selecting previously unselected package libxcb-dri3-0:amd64.
Preparing to unpack .../068-libxcb-dri3-0_1.12-1_amd64.deb ...
Unpacking libxcb-dri3-0:amd64 (1.12-1) ...
Selecting previously unselected package libxcb-present0:amd64.
Preparing to unpack .../069-libxcb-present0_1.12-1_amd64.deb ...
Unpacking libxcb-present0:amd64 (1.12-1) ...
Selecting previously unselected package libxcb-sync1:amd64.
Preparing to unpack .../070-libxcb-sync1_1.12-1_amd64.deb ...
Unpacking libxcb-sync1:amd64 (1.12-1) ...
Selecting previously unselected package libxcb-xfixes0:amd64.
Preparing to unpack .../071-libxcb-xfixes0_1.12-1_amd64.deb ...
Unpacking libxcb-xfixes0:amd64 (1.12-1) ...
Selecting previously unselected package libxshmfence1:amd64.
Preparing to unpack .../072-libxshmfence1_1.2-1+b2_amd64.deb ...
Unpacking libxshmfence1:amd64 (1.2-1+b2) ...
Selecting previously unselected package libegl1-mesa:amd64.
Preparing to unpack .../073-libegl1-mesa_17.1.5-1_amd64.deb ...
Unpacking libegl1-mesa:amd64 (17.1.5-1) ...
Selecting previously unselected package libevdev2:amd64.
Preparing to unpack .../074-libevdev2_1.5.7+dfsg-1_amd64.deb ...
Unpacking libevdev2:amd64 (1.5.7+dfsg-1) ...
Selecting previously unselected package xorg-sgml-doctools.
Preparing to unpack .../075-xorg-sgml-doctools_1%3a1.11-1_all.deb ...
Unpacking xorg-sgml-doctools (1:1.11-1) ...
Selecting previously unselected package x11proto-core-dev.
Preparing to unpack .../076-x11proto-core-dev_7.0.31-1_all.deb ...
Unpacking x11proto-core-dev (7.0.31-1) ...
Selecting previously unselected package libxau-dev:amd64.
Preparing to unpack .../077-libxau-dev_1%3a1.0.8-1+b2_amd64.deb ...
Unpacking libxau-dev:amd64 (1:1.0.8-1+b2) ...
Selecting previously unselected package libxdmcp-dev:amd64.
Preparing to unpack .../078-libxdmcp-dev_1%3a1.1.2-3_amd64.deb ...
Unpacking libxdmcp-dev:amd64 (1:1.1.2-3) ...
Selecting previously unselected package x11proto-input-dev.
Preparing to unpack .../079-x11proto-input-dev_2.3.2-1_all.deb ...
Unpacking x11proto-input-dev (2.3.2-1) ...
Selecting previously unselected package x11proto-kb-dev.
Preparing to unpack .../080-x11proto-kb-dev_1.0.7-1_all.deb ...
Unpacking x11proto-kb-dev (1.0.7-1) ...
Selecting previously unselected package xtrans-dev.
Preparing to unpack .../081-xtrans-dev_1.3.5-1_all.deb ...
Unpacking xtrans-dev (1.3.5-1) ...
Selecting previously unselected package libpthread-stubs0-dev:amd64.
Preparing to unpack .../082-libpthread-stubs0-dev_0.3-4_amd64.deb ...
Unpacking libpthread-stubs0-dev:amd64 (0.3-4) ...
Selecting previously unselected package libxcb1-dev:amd64.
Preparing to unpack .../083-libxcb1-dev_1.12-1_amd64.deb ...
Unpacking libxcb1-dev:amd64 (1.12-1) ...
Selecting previously unselected package libx11-dev:amd64.
Preparing to unpack .../084-libx11-dev_2%3a1.6.4-3_amd64.deb ...
Unpacking libx11-dev:amd64 (2:1.6.4-3) ...
Selecting previously unselected package mesa-common-dev:amd64.
Preparing to unpack .../085-mesa-common-dev_17.1.5-1_amd64.deb ...
Unpacking mesa-common-dev:amd64 (17.1.5-1) ...
Selecting previously unselected package libglapi-mesa:amd64.
Preparing to unpack .../086-libglapi-mesa_17.1.5-1_amd64.deb ...
Unpacking libglapi-mesa:amd64 (17.1.5-1) ...
Selecting previously unselected package libxcb-glx0:amd64.
Preparing to unpack .../087-libxcb-glx0_1.12-1_amd64.deb ...
Unpacking libxcb-glx0:amd64 (1.12-1) ...
Selecting previously unselected package libxfixes3:amd64.
Preparing to unpack .../088-libxfixes3_1%3a5.0.3-1_amd64.deb ...
Unpacking libxfixes3:amd64 (1:5.0.3-1) ...
Selecting previously unselected package libxdamage1:amd64.
Preparing to unpack .../089-libxdamage1_1%3a1.1.4-2+b3_amd64.deb ...
Unpacking libxdamage1:amd64 (1:1.1.4-2+b3) ...
Selecting previously unselected package libxext6:amd64.
Preparing to unpack .../090-libxext6_2%3a1.3.3-1+b2_amd64.deb ...
Unpacking libxext6:amd64 (2:1.3.3-1+b2) ...
Selecting previously unselected package libxxf86vm1:amd64.
Preparing to unpack .../091-libxxf86vm1_1%3a1.1.4-1+b2_amd64.deb ...
Unpacking libxxf86vm1:amd64 (1:1.1.4-1+b2) ...
Selecting previously unselected package libgl1-mesa-glx:amd64.
Preparing to unpack .../092-libgl1-mesa-glx_17.1.5-1_amd64.deb ...
Unpacking libgl1-mesa-glx:amd64 (17.1.5-1) ...
Selecting previously unselected package libx11-xcb-dev:amd64.
Preparing to unpack .../093-libx11-xcb-dev_2%3a1.6.4-3_amd64.deb ...
Unpacking libx11-xcb-dev:amd64 (2:1.6.4-3) ...
Selecting previously unselected package libxcb-dri3-dev:amd64.
Preparing to unpack .../094-libxcb-dri3-dev_1.12-1_amd64.deb ...
Unpacking libxcb-dri3-dev:amd64 (1.12-1) ...
Selecting previously unselected package libxcb-randr0:amd64.
Preparing to unpack .../095-libxcb-randr0_1.12-1_amd64.deb ...
Unpacking libxcb-randr0:amd64 (1.12-1) ...
Selecting previously unselected package libxcb-render0:amd64.
Preparing to unpack .../096-libxcb-render0_1.12-1_amd64.deb ...
Unpacking libxcb-render0:amd64 (1.12-1) ...
Selecting previously unselected package libxcb-render0-dev:amd64.
Preparing to unpack .../097-libxcb-render0-dev_1.12-1_amd64.deb ...
Unpacking libxcb-render0-dev:amd64 (1.12-1) ...
Selecting previously unselected package libxcb-randr0-dev:amd64.
Preparing to unpack .../098-libxcb-randr0-dev_1.12-1_amd64.deb ...
Unpacking libxcb-randr0-dev:amd64 (1.12-1) ...
Selecting previously unselected package libxcb-shape0:amd64.
Preparing to unpack .../099-libxcb-shape0_1.12-1_amd64.deb ...
Unpacking libxcb-shape0:amd64 (1.12-1) ...
Selecting previously unselected package libxcb-shape0-dev:amd64.
Preparing to unpack .../100-libxcb-shape0-dev_1.12-1_amd64.deb ...
Unpacking libxcb-shape0-dev:amd64 (1.12-1) ...
Selecting previously unselected package libxcb-xfixes0-dev:amd64.
Preparing to unpack .../101-libxcb-xfixes0-dev_1.12-1_amd64.deb ...
Unpacking libxcb-xfixes0-dev:amd64 (1.12-1) ...
Selecting previously unselected package libxcb-sync-dev:amd64.
Preparing to unpack .../102-libxcb-sync-dev_1.12-1_amd64.deb ...
Unpacking libxcb-sync-dev:amd64 (1.12-1) ...
Selecting previously unselected package libxcb-present-dev:amd64.
Preparing to unpack .../103-libxcb-present-dev_1.12-1_amd64.deb ...
Unpacking libxcb-present-dev:amd64 (1.12-1) ...
Selecting previously unselected package libxshmfence-dev:amd64.
Preparing to unpack .../104-libxshmfence-dev_1.2-1+b2_amd64.deb ...
Unpacking libxshmfence-dev:amd64 (1.2-1+b2) ...
Selecting previously unselected package libxcb-dri2-0-dev:amd64.
Preparing to unpack .../105-libxcb-dri2-0-dev_1.12-1_amd64.deb ...
Unpacking libxcb-dri2-0-dev:amd64 (1.12-1) ...
Selecting previously unselected package libxcb-glx0-dev:amd64.
Preparing to unpack .../106-libxcb-glx0-dev_1.12-1_amd64.deb ...
Unpacking libxcb-glx0-dev:amd64 (1.12-1) ...
Selecting previously unselected package x11proto-xext-dev.
Preparing to unpack .../107-x11proto-xext-dev_7.3.0-1_all.deb ...
Unpacking x11proto-xext-dev (7.3.0-1) ...
Selecting previously unselected package x11proto-fixes-dev.
Preparing to unpack .../108-x11proto-fixes-dev_1%3a5.0-2_all.deb ...
Unpacking x11proto-fixes-dev (1:5.0-2) ...
Selecting previously unselected package libxfixes-dev:amd64.
Preparing to unpack .../109-libxfixes-dev_1%3a5.0.3-1_amd64.deb ...
Unpacking libxfixes-dev:amd64 (1:5.0.3-1) ...
Selecting previously unselected package x11proto-damage-dev.
Preparing to unpack .../110-x11proto-damage-dev_1%3a1.2.1-2_all.deb ...
Unpacking x11proto-damage-dev (1:1.2.1-2) ...
Selecting previously unselected package libxdamage-dev:amd64.
Preparing to unpack .../111-libxdamage-dev_1%3a1.1.4-2+b3_amd64.deb ...
Unpacking libxdamage-dev:amd64 (1:1.1.4-2+b3) ...
Selecting previously unselected package libxext-dev:amd64.
Preparing to unpack .../112-libxext-dev_2%3a1.3.3-1+b2_amd64.deb ...
Unpacking libxext-dev:amd64 (2:1.3.3-1+b2) ...
Selecting previously unselected package x11proto-xf86vidmode-dev.
Preparing to unpack .../113-x11proto-xf86vidmode-dev_2.3.1-2_all.deb ...
Unpacking x11proto-xf86vidmode-dev (2.3.1-2) ...
Selecting previously unselected package libxxf86vm-dev:amd64.
Preparing to unpack .../114-libxxf86vm-dev_1%3a1.1.4-1+b2_amd64.deb ...
Unpacking libxxf86vm-dev:amd64 (1:1.1.4-1+b2) ...
Selecting previously unselected package x11proto-dri2-dev.
Preparing to unpack .../115-x11proto-dri2-dev_2.8-2_all.deb ...
Unpacking x11proto-dri2-dev (2.8-2) ...
Selecting previously unselected package x11proto-gl-dev.
Preparing to unpack .../116-x11proto-gl-dev_1.4.17-1_all.deb ...
Unpacking x11proto-gl-dev (1.4.17-1) ...
Selecting previously unselected package libgl1-mesa-dev:amd64.
Preparing to unpack .../117-libgl1-mesa-dev_17.1.5-1_amd64.deb ...
Unpacking libgl1-mesa-dev:amd64 (17.1.5-1) ...
Selecting previously unselected package libglu1-mesa:amd64.
Preparing to unpack .../118-libglu1-mesa_9.0.0-2.1_amd64.deb ...
Unpacking libglu1-mesa:amd64 (9.0.0-2.1) ...
Selecting previously unselected package libglu1-mesa-dev:amd64.
Preparing to unpack .../119-libglu1-mesa-dev_9.0.0-2.1_amd64.deb ...
Unpacking libglu1-mesa-dev:amd64 (9.0.0-2.1) ...
Selecting previously unselected package libgraphite2-3:amd64.
Preparing to unpack .../120-libgraphite2-3_1.3.10-2_amd64.deb ...
Unpacking libgraphite2-3:amd64 (1.3.10-2) ...
Selecting previously unselected package libgudev-1.0-0:amd64.
Preparing to unpack .../121-libgudev-1.0-0_230-3_amd64.deb ...
Unpacking libgudev-1.0-0:amd64 (230-3) ...
Selecting previously unselected package libharfbuzz0b:amd64.
Preparing to unpack .../122-libharfbuzz0b_1.4.2-1_amd64.deb ...
Unpacking libharfbuzz0b:amd64 (1.4.2-1) ...
Selecting previously unselected package x11-common.
Preparing to unpack .../123-x11-common_1%3a7.7+19_all.deb ...
Unpacking x11-common (1:7.7+19) ...
Selecting previously unselected package libice6:amd64.
Preparing to unpack .../124-libice6_2%3a1.0.9-2_amd64.deb ...
Unpacking libice6:amd64 (2:1.0.9-2) ...
Selecting previously unselected package libwacom-common.
Preparing to unpack .../125-libwacom-common_0.24-1_all.deb ...
Unpacking libwacom-common (0.24-1) ...
Selecting previously unselected package libwacom2:amd64.
Preparing to unpack .../126-libwacom2_0.24-1_amd64.deb ...
Unpacking libwacom2:amd64 (0.24-1) ...
Selecting previously unselected package libinput-bin.
Preparing to unpack .../127-libinput-bin_1.8.0-1_amd64.deb ...
Unpacking libinput-bin (1.8.0-1) ...
Selecting previously unselected package libmtdev1:amd64.
Preparing to unpack .../128-libmtdev1_1.1.5-1+b1_amd64.deb ...
Unpacking libmtdev1:amd64 (1.1.5-1+b1) ...
Selecting previously unselected package libinput10:amd64.
Preparing to unpack .../129-libinput10_1.8.0-1_amd64.deb ...
Unpacking libinput10:amd64 (1.8.0-1) ...
Selecting previously unselected package libjpeg62-turbo:amd64.
Preparing to unpack .../130-libjpeg62-turbo_1%3a1.5.1-2_amd64.deb ...
Unpacking libjpeg62-turbo:amd64 (1:1.5.1-2) ...
Selecting previously unselected package libqt5core5a:amd64.
Preparing to unpack .../131-libqt5core5a_5.9.1+dfsg-8_amd64.deb ...
Unpacking libqt5core5a:amd64 (5.9.1+dfsg-8) ...
Selecting previously unselected package libqt5concurrent5:amd64.
Preparing to unpack .../132-libqt5concurrent5_5.9.1+dfsg-8_amd64.deb ...
Unpacking libqt5concurrent5:amd64 (5.9.1+dfsg-8) ...
Selecting previously unselected package libqt5dbus5:amd64.
Preparing to unpack .../133-libqt5dbus5_5.9.1+dfsg-8_amd64.deb ...
Unpacking libqt5dbus5:amd64 (5.9.1+dfsg-8) ...
Selecting previously unselected package libqt5network5:amd64.
Preparing to unpack .../134-libqt5network5_5.9.1+dfsg-8_amd64.deb ...
Unpacking libqt5network5:amd64 (5.9.1+dfsg-8) ...
Selecting previously unselected package libsm6:amd64.
Preparing to unpack .../135-libsm6_2%3a1.2.2-1+b3_amd64.deb ...
Unpacking libsm6:amd64 (2:1.2.2-1+b3) ...
Selecting previously unselected package libxcb-icccm4:amd64.
Preparing to unpack .../136-libxcb-icccm4_0.4.1-1+b1_amd64.deb ...
Unpacking libxcb-icccm4:amd64 (0.4.1-1+b1) ...
Selecting previously unselected package libxcb-shm0:amd64.
Preparing to unpack .../137-libxcb-shm0_1.12-1_amd64.deb ...
Unpacking libxcb-shm0:amd64 (1.12-1) ...
Selecting previously unselected package libxcb-util0:amd64.
Preparing to unpack .../138-libxcb-util0_0.3.8-3+b2_amd64.deb ...
Unpacking libxcb-util0:amd64 (0.3.8-3+b2) ...
Selecting previously unselected package libxcb-image0:amd64.
Preparing to unpack .../139-libxcb-image0_0.4.0-1+b2_amd64.deb ...
Unpacking libxcb-image0:amd64 (0.4.0-1+b2) ...
Selecting previously unselected package libxcb-keysyms1:amd64.
Preparing to unpack .../140-libxcb-keysyms1_0.4.0-1+b2_amd64.deb ...
Unpacking libxcb-keysyms1:amd64 (0.4.0-1+b2) ...
Selecting previously unselected package libxcb-render-util0:amd64.
Preparing to unpack .../141-libxcb-render-util0_0.3.9-1+b1_amd64.deb ...
Unpacking libxcb-render-util0:amd64 (0.3.9-1+b1) ...
Selecting previously unselected package libxcb-xinerama0:amd64.
Preparing to unpack .../142-libxcb-xinerama0_1.12-1_amd64.deb ...
Unpacking libxcb-xinerama0:amd64 (1.12-1) ...
Selecting previously unselected package libxcb-xkb1:amd64.
Preparing to unpack .../143-libxcb-xkb1_1.12-1_amd64.deb ...
Unpacking libxcb-xkb1:amd64 (1.12-1) ...
Selecting previously unselected package libxi6:amd64.
Preparing to unpack .../144-libxi6_2%3a1.7.9-1_amd64.deb ...
Unpacking libxi6:amd64 (2:1.7.9-1) ...
Selecting previously unselected package xkb-data.
Preparing to unpack .../145-xkb-data_2.19-1.1_all.deb ...
Unpacking xkb-data (2.19-1.1) ...
Selecting previously unselected package libxkbcommon0:amd64.
Preparing to unpack .../146-libxkbcommon0_0.7.1-1_amd64.deb ...
Unpacking libxkbcommon0:amd64 (0.7.1-1) ...
Selecting previously unselected package libxkbcommon-x11-0:amd64.
Preparing to unpack .../147-libxkbcommon-x11-0_0.7.1-1_amd64.deb ...
Unpacking libxkbcommon-x11-0:amd64 (0.7.1-1) ...
Selecting previously unselected package libqt5gui5:amd64.
Preparing to unpack .../148-libqt5gui5_5.9.1+dfsg-8_amd64.deb ...
Unpacking libqt5gui5:amd64 (5.9.1+dfsg-8) ...
Selecting previously unselected package libqt5widgets5:amd64.
Preparing to unpack .../149-libqt5widgets5_5.9.1+dfsg-8_amd64.deb ...
Unpacking libqt5widgets5:amd64 (5.9.1+dfsg-8) ...
Selecting previously unselected package libqt5printsupport5:amd64.
Preparing to unpack .../150-libqt5printsupport5_5.9.1+dfsg-8_amd64.deb ...
Unpacking libqt5printsupport5:amd64 (5.9.1+dfsg-8) ...
Selecting previously unselected package libqt5sql5:amd64.
Preparing to unpack .../151-libqt5sql5_5.9.1+dfsg-8_amd64.deb ...
Unpacking libqt5sql5:amd64 (5.9.1+dfsg-8) ...
Selecting previously unselected package libqt5sql5-sqlite:amd64.
Preparing to unpack .../152-libqt5sql5-sqlite_5.9.1+dfsg-8_amd64.deb ...
Unpacking libqt5sql5-sqlite:amd64 (5.9.1+dfsg-8) ...
Selecting previously unselected package libqt5test5:amd64.
Preparing to unpack .../153-libqt5test5_5.9.1+dfsg-8_amd64.deb ...
Unpacking libqt5test5:amd64 (5.9.1+dfsg-8) ...
Selecting previously unselected package libqt5xml5:amd64.
Preparing to unpack .../154-libqt5xml5_5.9.1+dfsg-8_amd64.deb ...
Unpacking libqt5xml5:amd64 (5.9.1+dfsg-8) ...
Selecting previously unselected package qtchooser.
Preparing to unpack .../155-qtchooser_63-g13a3d08-1_amd64.deb ...
Unpacking qtchooser (63-g13a3d08-1) ...
Selecting previously unselected package qt5-qmake:amd64.
Preparing to unpack .../156-qt5-qmake_5.9.1+dfsg-8_amd64.deb ...
Unpacking qt5-qmake:amd64 (5.9.1+dfsg-8) ...
Selecting previously unselected package qtbase5-dev-tools.
Preparing to unpack .../157-qtbase5-dev-tools_5.9.1+dfsg-8_amd64.deb ...
Unpacking qtbase5-dev-tools (5.9.1+dfsg-8) ...
Selecting previously unselected package qtbase5-dev:amd64.
Preparing to unpack .../158-qtbase5-dev_5.9.1+dfsg-8_amd64.deb ...
Unpacking qtbase5-dev:amd64 (5.9.1+dfsg-8) ...
Selecting previously unselected package sbuild-build-depends-qdjango-dummy.
Preparing to unpack .../159-sbuild-build-depends-qdjango-dummy_0.invalid.0_amd64.deb ...
Unpacking sbuild-build-depends-qdjango-dummy (0.invalid.0) ...
Setting up x11proto-dri2-dev (2.8-2) ...
Setting up libexpat1:amd64 (2.2.3-1) ...
Setting up libjpeg62-turbo:amd64 (1:1.5.1-2) ...
Setting up libarchive-zip-perl (1.59-1) ...
Setting up libwacom-common (0.24-1) ...
Setting up libdouble-conversion1:amd64 (2.0.1-4) ...
Setting up libevdev2:amd64 (1.5.7+dfsg-1) ...
Setting up libpng16-16:amd64 (1.6.31-1) ...
Setting up libtimedate-perl (2.3000-2) ...
Setting up libsigsegv2:amd64 (2.11-1) ...
Setting up libpthread-stubs0-dev:amd64 (0.3-4) ...
Setting up fonts-dejavu-core (2.37-1) ...
Setting up groff-base (1.22.3-9) ...
Setting up libglib2.0-0:amd64 (2.53.4-3) ...
No schema files found: doing nothing.
Setting up libxshmfence1:amd64 (1.2-1+b2) ...
Setting up xorg-sgml-doctools (1:1.11-1) ...
Setting up libwayland-client0:amd64 (1.14.0-1) ...
Setting up xkb-data (2.19-1.1) ...
Setting up qtchooser (63-g13a3d08-1) ...
Setting up x11proto-xf86vidmode-dev (2.3.1-2) ...
Setting up gettext-base (0.19.8.1-2+b1) ...
Setting up libpipeline1:amd64 (1.4.2-1) ...
Setting up x11proto-kb-dev (1.0.7-1) ...
Setting up libglapi-mesa:amd64 (17.1.5-1) ...
Setting up m4 (1.4.18-1) ...
Setting up libicu57:amd64 (57.1-6) ...
Setting up ucf (3.0036) ...
Setting up libxml2:amd64 (2.9.4+dfsg1-3) ...
Setting up libfreetype6:amd64 (2.8-0.2) ...
Setting up libmagic-mgc (1:5.31-1) ...
Setting up libmagic1:amd64 (1:5.31-1) ...
Setting up libdrm-common (2.4.82-1) ...
Setting up lsb-base (9.20161125) ...
Setting up libgraphite2-3:amd64 (1.3.10-2) ...
Setting up libcroco3:amd64 (0.6.12-1) ...
Setting up libssl1.0.2:amd64 (1.0.2l-2) ...
Setting up libx11-xcb1:amd64 (2:1.6.4-3) ...
Setting up xtrans-dev (1.3.5-1) ...
Setting up qt5-qmake:amd64 (5.9.1+dfsg-8) ...
Processing triggers for libc-bin (2.24-14) ...
Setting up autotools-dev (20161112.1) ...
Setting up x11proto-gl-dev (1.4.17-1) ...
Setting up libmtdev1:amd64 (1.1.5-1+b1) ...
Setting up libsqlite3-0:amd64 (3.19.3-3) ...
Setting up libpciaccess0:amd64 (0.13.4-1+b2) ...
Setting up libxkbcommon0:amd64 (0.7.1-1) ...
Setting up libgudev-1.0-0:amd64 (230-3) ...
Setting up libxdmcp6:amd64 (1:1.1.2-3) ...
Setting up libkeyutils1:amd64 (1.5.9-9) ...
Setting up bsdmainutils (9.0.12+nmu1) ...
update-alternatives: using /usr/bin/bsd-write to provide /usr/bin/write (write) in auto mode
update-alternatives: using /usr/bin/bsd-from to provide /usr/bin/from (from) in auto mode
Setting up x11-common (1:7.7+19) ...
update-rc.d: warning: start and stop actions are no longer supported; falling back to defaults
invoke-rc.d: could not determine current runlevel
All runlevel operations denied by policy
invoke-rc.d: policy-rc.d denied execution of start.
Setting up libx11-data (2:1.6.4-3) ...
Setting up libxau6:amd64 (1:1.0.8-1+b2) ...
Setting up autopoint (0.19.8.1-2) ...
Setting up libdbus-1-3:amd64 (1.11.16+really1.10.22-1) ...
Setting up libavahi-common-data:amd64 (0.6.32-2) ...
Setting up libwayland-server0:amd64 (1.14.0-1) ...
Setting up libfile-stripnondeterminism-perl (0.038-1) ...
Setting up libqt5core5a:amd64 (5.9.1+dfsg-8) ...
Setting up libqt5dbus5:amd64 (5.9.1+dfsg-8) ...
Setting up fontconfig-config (2.12.3-0.2) ...
Setting up libqt5network5:amd64 (5.9.1+dfsg-8) ...
Setting up x11proto-core-dev (7.0.31-1) ...
Setting up libwacom2:amd64 (0.24-1) ...
Setting up libxshmfence-dev:amd64 (1.2-1+b2) ...
Setting up gettext (0.19.8.1-2+b1) ...
Setting up libqt5test5:amd64 (5.9.1+dfsg-8) ...
Setting up libharfbuzz0b:amd64 (1.4.2-1) ...
Setting up libxau-dev:amd64 (1:1.0.8-1+b2) ...
Setting up autoconf (2.69-10) ...
Setting up file (1:5.31-1) ...
Setting up libinput-bin (1.8.0-1) ...
Setting up libkrb5support0:amd64 (1.15.1-2) ...
Setting up libdrm2:amd64 (2.4.82-1) ...
Setting up intltool-debian (0.35.0+20060710.4) ...
Setting up libdrm-intel1:amd64 (2.4.82-1) ...
Setting up libxdmcp-dev:amd64 (1:1.1.2-3) ...
Setting up libqt5xml5:amd64 (5.9.1+dfsg-8) ...
Setting up automake (1:1.15.1-2) ...
update-alternatives: using /usr/bin/automake-1.15 to provide /usr/bin/automake (automake) in auto mode
Setting up libqt5sql5:amd64 (5.9.1+dfsg-8) ...
Setting up libice6:amd64 (2:1.0.9-2) ...
Setting up man-db (2.7.6.1-2) ...
Not building database; man-db/auto-update is not 'true'.
Setting up libavahi-common3:amd64 (0.6.32-2) ...
Setting up libdrm-radeon1:amd64 (2.4.82-1) ...
Setting up libdrm-nouveau2:amd64 (2.4.82-1) ...
Setting up libxcb1:amd64 (1.12-1) ...
Setting up x11proto-input-dev (2.3.2-1) ...
Setting up libqt5concurrent5:amd64 (5.9.1+dfsg-8) ...
Setting up libxcb-xkb1:amd64 (1.12-1) ...
Setting up libtool (2.4.6-2) ...
Setting up libxcb-xinerama0:amd64 (1.12-1) ...
Setting up libxcb-present0:amd64 (1.12-1) ...
Setting up libfontconfig1:amd64 (2.12.3-0.2) ...
Setting up qtbase5-dev-tools (5.9.1+dfsg-8) ...
Setting up libxcb-dri2-0:amd64 (1.12-1) ...
Setting up libsm6:amd64 (2:1.2.2-1+b3) ...
Setting up libxcb-dri3-0:amd64 (1.12-1) ...
Setting up libk5crypto3:amd64 (1.15.1-2) ...
Setting up libxcb-glx0:amd64 (1.12-1) ...
Setting up libxcb-randr0:amd64 (1.12-1) ...
Setting up libxcb-xfixes0:amd64 (1.12-1) ...
Setting up libxcb-icccm4:amd64 (0.4.1-1+b1) ...
Setting up libxcb-render0:amd64 (1.12-1) ...
Setting up libxcb-util0:amd64 (0.3.8-3+b2) ...
Setting up po-debconf (1.0.20) ...
Setting up libdrm-amdgpu1:amd64 (2.4.82-1) ...
Setting up libdrm-dev:amd64 (2.4.82-1) ...
Setting up libgbm1:amd64 (17.1.5-1) ...
Setting up libx11-6:amd64 (2:1.6.4-3) ...
Setting up libinput10:amd64 (1.8.0-1) ...
Setting up libxkbcommon-x11-0:amd64 (0.7.1-1) ...
Setting up libxcb-sync1:amd64 (1.12-1) ...
Setting up libqt5sql5-sqlite:amd64 (5.9.1+dfsg-8) ...
Setting up x11proto-xext-dev (7.3.0-1) ...
Setting up libxcb-shm0:amd64 (1.12-1) ...
Setting up libxcb-shape0:amd64 (1.12-1) ...
Setting up libxcb1-dev:amd64 (1.12-1) ...
Setting up libxcb-glx0-dev:amd64 (1.12-1) ...
Setting up libavahi-client3:amd64 (0.6.32-2) ...
Setting up libxcb-keysyms1:amd64 (0.4.0-1+b2) ...
Setting up libkrb5-3:amd64 (1.15.1-2) ...
Setting up libx11-dev:amd64 (2:1.6.4-3) ...
Setting up libxcb-sync-dev:amd64 (1.12-1) ...
Setting up fontconfig (2.12.3-0.2) ...
Regenerating fonts cache... done.
Setting up libegl1-mesa:amd64 (17.1.5-1) ...
Setting up libx11-xcb-dev:amd64 (2:1.6.4-3) ...
Setting up libxcb-render-util0:amd64 (0.3.9-1+b1) ...
Setting up libxcb-image0:amd64 (0.4.0-1+b2) ...
Setting up mesa-common-dev:amd64 (17.1.5-1) ...
Setting up libxext6:amd64 (2:1.3.3-1+b2) ...
Setting up libxfixes3:amd64 (1:5.0.3-1) ...
Setting up x11proto-fixes-dev (1:5.0-2) ...
Setting up libgssapi-krb5-2:amd64 (1.15.1-2) ...
Setting up libxcb-dri2-0-dev:amd64 (1.12-1) ...
Setting up libxcb-render0-dev:amd64 (1.12-1) ...
Setting up x11proto-damage-dev (1:1.2.1-2) ...
Setting up libxcb-dri3-dev:amd64 (1.12-1) ...
Setting up libxext-dev:amd64 (2:1.3.3-1+b2) ...
Setting up libxcb-shape0-dev:amd64 (1.12-1) ...
Setting up libxxf86vm1:amd64 (1:1.1.4-1+b2) ...
Setting up libxxf86vm-dev:amd64 (1:1.1.4-1+b2) ...
Setting up libxfixes-dev:amd64 (1:5.0.3-1) ...
Setting up libcups2:amd64 (2.2.4-3) ...
Setting up libxi6:amd64 (2:1.7.9-1) ...
Setting up libxcb-randr0-dev:amd64 (1.12-1) ...
Setting up libxdamage1:amd64 (1:1.1.4-2+b3) ...
Setting up libxcb-xfixes0-dev:amd64 (1.12-1) ...
Setting up libxdamage-dev:amd64 (1:1.1.4-2+b3) ...
Setting up libgl1-mesa-glx:amd64 (17.1.5-1) ...
Setting up libqt5gui5:amd64 (5.9.1+dfsg-8) ...
Setting up libglu1-mesa:amd64 (9.0.0-2.1) ...
Setting up libxcb-present-dev:amd64 (1.12-1) ...
Setting up libqt5widgets5:amd64 (5.9.1+dfsg-8) ...
Setting up libqt5printsupport5:amd64 (5.9.1+dfsg-8) ...
Setting up libgl1-mesa-dev:amd64 (17.1.5-1) ...
Setting up libglu1-mesa-dev:amd64 (9.0.0-2.1) ...
Setting up qtbase5-dev:amd64 (5.9.1+dfsg-8) ...
Setting up dh-autoreconf (14) ...
Setting up dh-strip-nondeterminism (0.038-1) ...
Setting up debhelper (10.7.2) ...
Setting up sbuild-build-depends-qdjango-dummy (0.invalid.0) ...
Processing triggers for libc-bin (2.24-14) ...

+------------------------------------------------------------------------------+
| Build environment                                                            |
+------------------------------------------------------------------------------+

Kernel: Linux 4.9.0-2-amd64 amd64 (x86_64)
Toolchain package versions: binutils_2.29-4 dpkg-dev_1.18.24 g++-7_7.2.0-1 gcc-7_7.2.0-1 libc6-dev_2.24-14 libstdc++-6-dev_6.4.0-3 libstdc++-7-dev_7.2.0-1 libstdc++6_7.2.0-1 linux-libc-dev_4.12.6-1
Package versions: adduser_3.116 apt_1.5~beta2 autoconf_2.69-10 automake_1:1.15.1-2 autopoint_0.19.8.1-2 autotools-dev_20161112.1 base-files_10 base-passwd_3.5.43 bash_4.4-5 binutils_2.29-4 bsdmainutils_9.0.12+nmu1 bsdutils_1:2.29.2-4 build-essential_12.3 bzip2_1.0.6-8.1 clang-5.0_1:5.0~+rc2-1 coreutils_8.26-3 cpp_4:7.1.0-2 cpp-7_7.2.0-1 dash_0.5.8-2.5 debconf_1.5.63 debfoster_2.7-2.1+b1 debhelper_10.7.2 debian-archive-keyring_2017.5 debianutils_4.8.2 dh-autoreconf_14 dh-strip-nondeterminism_0.038-1 diffutils_1:3.6-1 dpkg_1.18.24 dpkg-dev_1.18.24 e2fslibs_1.43.5-1 e2fsprogs_1.43.5-1 eatmydata_105-5 fakeroot_1.22-1 fdisk_2.29.2-4 file_1:5.31-1 findutils_4.6.0+git+20170729-2 fontconfig_2.12.3-0.2 fontconfig-config_2.12.3-0.2 fonts-dejavu-core_2.37-1 g++_4:7.1.0-2 g++-7_7.2.0-1 gcc_4:7.1.0-2 gcc-6-base_6.4.0-3 gcc-7_7.2.0-1 gcc-7-base_7.2.0-1 gettext_0.19.8.1-2+b1 gettext-base_0.19.8.1-2+b1 gpgv_2.1.23-2 grep_3.1-2 groff-base_1.22.3-9 gzip_1.6-5+b1 hostname_3.18+b1 init-system-helpers_1.49 intltool-debian_0.35.0+20060710.4 libacl1_2.2.52-3+b1 libapt-pkg5.0_1.5~beta2 libarchive-zip-perl_1.59-1 libasan3_6.4.0-3 libasan4_7.2.0-1 libatomic1_7.2.0-1 libattr1_1:2.4.47-2+b2 libaudit-common_1:2.7.7-1 libaudit1_1:2.7.7-1+b2 libavahi-client3_0.6.32-2 libavahi-common-data_0.6.32-2 libavahi-common3_0.6.32-2 libblkid1_2.29.2-4 libbsd0_0.8.6-1 libbz2-1.0_1.0.6-8.1 libc-bin_2.24-14 libc-dev-bin_2.24-14 libc6_2.24-14 libc6-dev_2.24-14 libcap-ng0_0.7.7-3+b1 libcc1-0_7.2.0-1 libcilkrts5_7.2.0-1 libclang-common-5.0-dev_1:5.0~+rc2-1 libclang1-5.0_1:5.0~+rc2-1 libcomerr2_1.43.5-1 libcroco3_0.6.12-1 libcups2_2.2.4-3 libdb5.3_5.3.28-13 libdbus-1-3_1.11.16+really1.10.22-1 libdebconfclient0_0.229 libdouble-conversion1_2.0.1-4 libdpkg-perl_1.18.24 libdrm-amdgpu1_2.4.82-1 libdrm-common_2.4.82-1 libdrm-dev_2.4.82-1 libdrm-intel1_2.4.82-1 libdrm-nouveau2_2.4.82-1 libdrm-radeon1_2.4.82-1 libdrm2_2.4.82-1 libeatmydata1_105-5 libedit2_3.1-20170329-1 libegl1-mesa_17.1.5-1 libevdev2_1.5.7+dfsg-1 libexpat1_2.2.3-1 libfakeroot_1.22-1 libfdisk1_2.29.2-4 libffi6_3.2.1-6 libfile-stripnondeterminism-perl_0.038-1 libfontconfig1_2.12.3-0.2 libfreetype6_2.8-0.2 libgbm1_17.1.5-1 libgc1c2_1:7.4.2-8 libgcc-6-dev_6.4.0-3 libgcc-7-dev_7.2.0-1 libgcc1_1:7.2.0-1 libgcrypt20_1.7.8-2 libgdbm3_1.8.3-14 libgl1-mesa-dev_17.1.5-1 libgl1-mesa-glx_17.1.5-1 libglapi-mesa_17.1.5-1 libglib2.0-0_2.53.4-3 libglu1-mesa_9.0.0-2.1 libglu1-mesa-dev_9.0.0-2.1 libgmp10_2:6.1.2+dfsg-1 libgnutls30_3.5.14-3 libgomp1_7.2.0-1 libgpg-error0_1.27-3 libgraphite2-3_1.3.10-2 libgssapi-krb5-2_1.15.1-2 libgudev-1.0-0_230-3 libharfbuzz0b_1.4.2-1 libhogweed4_3.3-1+b1 libice6_2:1.0.9-2 libicu57_57.1-6 libidn2-0_2.0.2-3 libinput-bin_1.8.0-1 libinput10_1.8.0-1 libisl15_0.18-1 libitm1_7.2.0-1 libjpeg62-turbo_1:1.5.1-2 libjsoncpp1_1.7.4-3 libk5crypto3_1.15.1-2 libkeyutils1_1.5.9-9 libkrb5-3_1.15.1-2 libkrb5support0_1.15.1-2 libllvm5.0_1:5.0~+rc2-1 liblsan0_7.2.0-1 liblz4-1_0.0~r131-2+b1 liblzma5_5.2.2-1.3 libmagic-mgc_1:5.31-1 libmagic1_1:5.31-1 libmount1_2.29.2-4 libmpc3_1.0.3-1+b2 libmpfr4_3.1.5-1 libmpx2_7.2.0-1 libmtdev1_1.1.5-1+b1 libncurses5_6.0+20170715-2 libncursesw5_6.0+20170715-2 libnettle6_3.3-1+b1 libobjc-6-dev_6.4.0-3 libobjc4_7.2.0-1 libp11-kit0_0.23.7-3 libpam-modules_1.1.8-3.6 libpam-modules-bin_1.1.8-3.6 libpam-runtime_1.1.8-3.6 libpam0g_1.1.8-3.6 libpciaccess0_0.13.4-1+b2 libpcre3_2:8.39-4 libperl5.26_5.26.0-5 libpipeline1_1.4.2-1 libpng16-16_1.6.31-1 libpthread-stubs0-dev_0.3-4 libqt5concurrent5_5.9.1+dfsg-8 libqt5core5a_5.9.1+dfsg-8 libqt5dbus5_5.9.1+dfsg-8 libqt5gui5_5.9.1+dfsg-8 libqt5network5_5.9.1+dfsg-8 libqt5printsupport5_5.9.1+dfsg-8 libqt5sql5_5.9.1+dfsg-8 libqt5sql5-sqlite_5.9.1+dfsg-8 libqt5test5_5.9.1+dfsg-8 libqt5widgets5_5.9.1+dfsg-8 libqt5xml5_5.9.1+dfsg-8 libquadmath0_7.2.0-1 libselinux1_2.6-3+b2 libsemanage-common_2.6-2 libsemanage1_2.6-2+b1 libsepol1_2.6-2 libsigsegv2_2.11-1 libsm6_2:1.2.2-1+b3 libsmartcols1_2.29.2-4 libsqlite3-0_3.19.3-3 libss2_1.43.5-1 libssl1.0.2_1.0.2l-2 libstdc++-6-dev_6.4.0-3 libstdc++-7-dev_7.2.0-1 libstdc++6_7.2.0-1 libsystemd0_234-2 libtasn1-6_4.12-2.1 libtimedate-perl_2.3000-2 libtinfo5_6.0+20170715-2 libtool_2.4.6-2 libtsan0_7.2.0-1 libubsan0_7.2.0-1 libudev1_234-2 libunistring2_0.9.7-2 libustr-1.0-1_1.0.4-6 libuuid1_2.29.2-4 libwacom-common_0.24-1 libwacom2_0.24-1 libwayland-client0_1.14.0-1 libwayland-server0_1.14.0-1 libx11-6_2:1.6.4-3 libx11-data_2:1.6.4-3 libx11-dev_2:1.6.4-3 libx11-xcb-dev_2:1.6.4-3 libx11-xcb1_2:1.6.4-3 libxau-dev_1:1.0.8-1+b2 libxau6_1:1.0.8-1+b2 libxcb-dri2-0_1.12-1 libxcb-dri2-0-dev_1.12-1 libxcb-dri3-0_1.12-1 libxcb-dri3-dev_1.12-1 libxcb-glx0_1.12-1 libxcb-glx0-dev_1.12-1 libxcb-icccm4_0.4.1-1+b1 libxcb-image0_0.4.0-1+b2 libxcb-keysyms1_0.4.0-1+b2 libxcb-present-dev_1.12-1 libxcb-present0_1.12-1 libxcb-randr0_1.12-1 libxcb-randr0-dev_1.12-1 libxcb-render-util0_0.3.9-1+b1 libxcb-render0_1.12-1 libxcb-render0-dev_1.12-1 libxcb-shape0_1.12-1 libxcb-shape0-dev_1.12-1 libxcb-shm0_1.12-1 libxcb-sync-dev_1.12-1 libxcb-sync1_1.12-1 libxcb-util0_0.3.8-3+b2 libxcb-xfixes0_1.12-1 libxcb-xfixes0-dev_1.12-1 libxcb-xinerama0_1.12-1 libxcb-xkb1_1.12-1 libxcb1_1.12-1 libxcb1-dev_1.12-1 libxdamage-dev_1:1.1.4-2+b3 libxdamage1_1:1.1.4-2+b3 libxdmcp-dev_1:1.1.2-3 libxdmcp6_1:1.1.2-3 libxext-dev_2:1.3.3-1+b2 libxext6_2:1.3.3-1+b2 libxfixes-dev_1:5.0.3-1 libxfixes3_1:5.0.3-1 libxi6_2:1.7.9-1 libxkbcommon-x11-0_0.7.1-1 libxkbcommon0_0.7.1-1 libxml2_2.9.4+dfsg1-3 libxshmfence-dev_1.2-1+b2 libxshmfence1_1.2-1+b2 libxxf86vm-dev_1:1.1.4-1+b2 libxxf86vm1_1:1.1.4-1+b2 linux-libc-dev_4.12.6-1 login_1:4.4-4.1 lsb-base_9.20161125 m4_1.4.18-1 make_4.1-9.1 man-db_2.7.6.1-2 mawk_1.3.3-17+b3 mesa-common-dev_17.1.5-1 mount_2.29.2-4 multiarch-support_2.24-14 ncurses-base_6.0+20170715-2 ncurses-bin_6.0+20170715-2 passwd_1:4.4-4.1 patch_2.7.5-1+b2 perl_5.26.0-5 perl-base_5.26.0-5 perl-modules-5.26_5.26.0-5 po-debconf_1.0.20 qt5-qmake_5.9.1+dfsg-8 qtbase5-dev_5.9.1+dfsg-8 qtbase5-dev-tools_5.9.1+dfsg-8 qtchooser_63-g13a3d08-1 sbuild-build-depends-core-dummy_0.invalid.0 sbuild-build-depends-qdjango-dummy_0.invalid.0 sed_4.4-1 sensible-utils_0.0.10 sysvinit-utils_2.88dsf-59.9 tar_1.29b-2 ucf_3.0036 util-linux_2.29.2-4 x11-common_1:7.7+19 x11proto-core-dev_7.0.31-1 x11proto-damage-dev_1:1.2.1-2 x11proto-dri2-dev_2.8-2 x11proto-fixes-dev_1:5.0-2 x11proto-gl-dev_1.4.17-1 x11proto-input-dev_2.3.2-1 x11proto-kb-dev_1.0.7-1 x11proto-xext-dev_7.3.0-1 x11proto-xf86vidmode-dev_2.3.1-2 xkb-data_2.19-1.1 xorg-sgml-doctools_1:1.11-1 xtrans-dev_1.3.5-1 xz-utils_5.2.2-1.3 zlib1g_1:1.2.8.dfsg-5

+------------------------------------------------------------------------------+
| Build                                                                        |
+------------------------------------------------------------------------------+


Unpack source
-------------

gpgv: unknown type of key resource 'trustedkeys.kbx'
gpgv: keyblock resource '/sbuild-nonexistent/.gnupg/trustedkeys.kbx': General error
gpgv: Signature made Tue Jun 21 07:12:56 2016 UTC
gpgv:                using RSA key D2CF64921ACE2687
gpgv: Can't check signature: No public key
dpkg-source: warning: failed to verify signature on ./qdjango_0.6.2-2.dsc
dpkg-source: info: extracting qdjango in /<<PKGBUILDDIR>>
dpkg-source: info: unpacking qdjango_0.6.2.orig.tar.gz
dpkg-source: info: unpacking qdjango_0.6.2-2.debian.tar.xz
dpkg-source: info: applying disable_hash_tests.patch
dpkg-source: info: applying fix_gcc6_ftbfs.patch

Check disk space
----------------

Sufficient free space for build

User Environment
----------------

APT_CONFIG=/var/lib/sbuild/apt.conf
HOME=/sbuild-nonexistent
LANG=en_US.UTF-8
LC_ALL=POSIX
LOGNAME=user42
PATH=/usr/local/sbin:/usr/local/bin:/usr/sbin:/usr/bin:/sbin:/bin:/usr/games
SCHROOT_ALIAS_NAME=unstable-amd64-sbuild
SCHROOT_CHROOT_NAME=unstable-amd64-sbuild
SCHROOT_COMMAND=env
SCHROOT_GID=1001
SCHROOT_GROUP=user42
SCHROOT_SESSION_ID=unstable-amd64-sbuild-320b42d5-4dfc-4f28-af3d-3e06796f05d6
SCHROOT_UID=1001
SCHROOT_USER=user42
SHELL=/bin/sh
USER=user42

dpkg-buildpackage
-----------------

dpkg-buildpackage: info: source package qdjango
dpkg-buildpackage: info: source version 0.6.2-2
dpkg-buildpackage: info: source distribution unstable
dpkg-buildpackage: info: source changed by Jeremy Lain <jeremy.laine@m4x.org>
 dpkg-source --before-build qdjango-0.6.2
dpkg-buildpackage: info: host architecture amd64
 fakeroot debian/rules clean
dh clean
   dh_auto_clean
   dh_clean
 debian/rules build-arch
dh build-arch
   dh_update_autotools_config -a
   debian/rules override_dh_auto_configure
make[1]: Entering directory '/<<PKGBUILDDIR>>'
dh_auto_configure -- LIBDIR=lib/x86_64-linux-gnu
	qmake -makefile -nocache "QMAKE_CFLAGS_RELEASE=-g -O2 -fdebug-prefix-map=/<<PKGBUILDDIR>>=. -fstack-protector-strong -Wformat -Werror=format-security -Wdate-time -D_FORTIFY_SOURCE=2" "QMAKE_CFLAGS_DEBUG=-g -O2 -fdebug-prefix-map=/<<PKGBUILDDIR>>=. -fstack-protector-strong -Wformat -Werror=format-security -Wdate-time -D_FORTIFY_SOURCE=2" "QMAKE_CXXFLAGS_RELEASE=-g -O2 -fdebug-prefix-map=/<<PKGBUILDDIR>>=. -fstack-protector-strong -Wformat -Werror=format-security -Wdate-time -D_FORTIFY_SOURCE=2" "QMAKE_CXXFLAGS_DEBUG=-g -O2 -fdebug-prefix-map=/<<PKGBUILDDIR>>=. -fstack-protector-strong -Wformat -Werror=format-security -Wdate-time -D_FORTIFY_SOURCE=2" QMAKE_LFLAGS_RELEASE=-Wl,-z,relro QMAKE_LFLAGS_DEBUG=-Wl,-z,relro QMAKE_STRIP=: PREFIX=/usr LIBDIR=lib/x86_64-linux-gnu
Info: creating stash file /<<PKGBUILDDIR>>/.qmake.stash
make[1]: Leaving directory '/<<PKGBUILDDIR>>'
   dh_auto_build -a
	make -j1
make[1]: Entering directory '/<<PKGBUILDDIR>>'
Makefile:362: warning: overriding recipe for target 'dist'
Makefile:320: warning: ignoring old recipe for target 'dist'
cd src/ && ( test -e Makefile || /usr/lib/x86_64-linux-gnu/qt5/bin/qmake -o Makefile /<<PKGBUILDDIR>>/src/src.pro -nocache 'QMAKE_CFLAGS_RELEASE=-g -O2 -fdebug-prefix-map=/<<PKGBUILDDIR>>=. -fstack-protector-strong -Wformat -Werror=format-security -Wdate-time -D_FORTIFY_SOURCE=2' 'QMAKE_CFLAGS_DEBUG=-g -O2 -fdebug-prefix-map=/<<PKGBUILDDIR>>=. -fstack-protector-strong -Wformat -Werror=format-security -Wdate-time -D_FORTIFY_SOURCE=2' 'QMAKE_CXXFLAGS_RELEASE=-g -O2 -fdebug-prefix-map=/<<PKGBUILDDIR>>=. -fstack-protector-strong -Wformat -Werror=format-security -Wdate-time -D_FORTIFY_SOURCE=2' 'QMAKE_CXXFLAGS_DEBUG=-g -O2 -fdebug-prefix-map=/<<PKGBUILDDIR>>=. -fstack-protector-strong -Wformat -Werror=format-security -Wdate-time -D_FORTIFY_SOURCE=2' QMAKE_LFLAGS_RELEASE=-Wl,-z,relro QMAKE_LFLAGS_DEBUG=-Wl,-z,relro QMAKE_STRIP=: PREFIX=/usr LIBDIR=lib/x86_64-linux-gnu ) && make -f Makefile 
make[2]: Entering directory '/<<PKGBUILDDIR>>/src'
cd db/ && ( test -e Makefile || /usr/lib/x86_64-linux-gnu/qt5/bin/qmake -o Makefile /<<PKGBUILDDIR>>/src/db/db.pro -nocache 'QMAKE_CFLAGS_RELEASE=-g -O2 -fdebug-prefix-map=/<<PKGBUILDDIR>>=. -fstack-protector-strong -Wformat -Werror=format-security -Wdate-time -D_FORTIFY_SOURCE=2' 'QMAKE_CFLAGS_DEBUG=-g -O2 -fdebug-prefix-map=/<<PKGBUILDDIR>>=. -fstack-protector-strong -Wformat -Werror=format-security -Wdate-time -D_FORTIFY_SOURCE=2' 'QMAKE_CXXFLAGS_RELEASE=-g -O2 -fdebug-prefix-map=/<<PKGBUILDDIR>>=. -fstack-protector-strong -Wformat -Werror=format-security -Wdate-time -D_FORTIFY_SOURCE=2' 'QMAKE_CXXFLAGS_DEBUG=-g -O2 -fdebug-prefix-map=/<<PKGBUILDDIR>>=. -fstack-protector-strong -Wformat -Werror=format-security -Wdate-time -D_FORTIFY_SOURCE=2' QMAKE_LFLAGS_RELEASE=-Wl,-z,relro QMAKE_LFLAGS_DEBUG=-Wl,-z,relro QMAKE_STRIP=: PREFIX=/usr LIBDIR=lib/x86_64-linux-gnu ) && make -f Makefile 
make[3]: Entering directory '/<<PKGBUILDDIR>>/src/db'
g++ -c -m64 -pipe -g -O2 -fdebug-prefix-map=/<<PKGBUILDDIR>>=. -fstack-protector-strong -Wformat -Werror=format-security -Wdate-time -D_FORTIFY_SOURCE=2 -std=gnu++11 -Wall -W -D_REENTRANT -fPIC -DQDJANGO_SHARED -DQDJANGO_DB_BUILD -DQT_NO_DEBUG -DQT_SQL_LIB -DQT_CORE_LIB -I. -isystem /usr/include/x86_64-linux-gnu/qt5 -isystem /usr/include/x86_64-linux-gnu/qt5/QtSql -isystem /usr/include/x86_64-linux-gnu/qt5/QtCore -I. -I/usr/lib/x86_64-linux-gnu/qt5/mkspecs/linux-g++-64 -o QDjango.o QDjango.cpp
g++ -c -m64 -pipe -g -O2 -fdebug-prefix-map=/<<PKGBUILDDIR>>=. -fstack-protector-strong -Wformat -Werror=format-security -Wdate-time -D_FORTIFY_SOURCE=2 -std=gnu++11 -Wall -W -D_REENTRANT -fPIC -DQDJANGO_SHARED -DQDJANGO_DB_BUILD -DQT_NO_DEBUG -DQT_SQL_LIB -DQT_CORE_LIB -I. -isystem /usr/include/x86_64-linux-gnu/qt5 -isystem /usr/include/x86_64-linux-gnu/qt5/QtSql -isystem /usr/include/x86_64-linux-gnu/qt5/QtCore -I. -I/usr/lib/x86_64-linux-gnu/qt5/mkspecs/linux-g++-64 -o QDjangoMetaModel.o QDjangoMetaModel.cpp
g++ -c -m64 -pipe -g -O2 -fdebug-prefix-map=/<<PKGBUILDDIR>>=. -fstack-protector-strong -Wformat -Werror=format-security -Wdate-time -D_FORTIFY_SOURCE=2 -std=gnu++11 -Wall -W -D_REENTRANT -fPIC -DQDJANGO_SHARED -DQDJANGO_DB_BUILD -DQT_NO_DEBUG -DQT_SQL_LIB -DQT_CORE_LIB -I. -isystem /usr/include/x86_64-linux-gnu/qt5 -isystem /usr/include/x86_64-linux-gnu/qt5/QtSql -isystem /usr/include/x86_64-linux-gnu/qt5/QtCore -I. -I/usr/lib/x86_64-linux-gnu/qt5/mkspecs/linux-g++-64 -o QDjangoModel.o QDjangoModel.cpp
g++ -c -m64 -pipe -g -O2 -fdebug-prefix-map=/<<PKGBUILDDIR>>=. -fstack-protector-strong -Wformat -Werror=format-security -Wdate-time -D_FORTIFY_SOURCE=2 -std=gnu++11 -Wall -W -D_REENTRANT -fPIC -DQDJANGO_SHARED -DQDJANGO_DB_BUILD -DQT_NO_DEBUG -DQT_SQL_LIB -DQT_CORE_LIB -I. -isystem /usr/include/x86_64-linux-gnu/qt5 -isystem /usr/include/x86_64-linux-gnu/qt5/QtSql -isystem /usr/include/x86_64-linux-gnu/qt5/QtCore -I. -I/usr/lib/x86_64-linux-gnu/qt5/mkspecs/linux-g++-64 -o QDjangoQuerySet.o QDjangoQuerySet.cpp
g++ -c -m64 -pipe -g -O2 -fdebug-prefix-map=/<<PKGBUILDDIR>>=. -fstack-protector-strong -Wformat -Werror=format-security -Wdate-time -D_FORTIFY_SOURCE=2 -std=gnu++11 -Wall -W -D_REENTRANT -fPIC -DQDJANGO_SHARED -DQDJANGO_DB_BUILD -DQT_NO_DEBUG -DQT_SQL_LIB -DQT_CORE_LIB -I. -isystem /usr/include/x86_64-linux-gnu/qt5 -isystem /usr/include/x86_64-linux-gnu/qt5/QtSql -isystem /usr/include/x86_64-linux-gnu/qt5/QtCore -I. -I/usr/lib/x86_64-linux-gnu/qt5/mkspecs/linux-g++-64 -o QDjangoWhere.o QDjangoWhere.cpp
g++ -m64 -pipe -g -O2 -fdebug-prefix-map=/<<PKGBUILDDIR>>=. -fstack-protector-strong -Wformat -Werror=format-security -Wdate-time -D_FORTIFY_SOURCE=2 -std=gnu++11 -Wall -W -dM -E -o moc_predefs.h /usr/lib/x86_64-linux-gnu/qt5/mkspecs/features/data/dummy.cpp
/usr/lib/x86_64-linux-gnu/qt5/bin/moc -DQDJANGO_SHARED -DQDJANGO_DB_BUILD -DQT_NO_DEBUG -DQT_SQL_LIB -DQT_CORE_LIB --include ./moc_predefs.h -I/usr/lib/x86_64-linux-gnu/qt5/mkspecs/linux-g++-64 -I/<<PKGBUILDDIR>>/src/db -I/usr/include/x86_64-linux-gnu/qt5 -I/usr/include/x86_64-linux-gnu/qt5/QtSql -I/usr/include/x86_64-linux-gnu/qt5/QtCore -I/usr/include/clang/5.0.0/include -I/usr/include/c++/7.2.0 -I/usr/include/x86_64-linux-gnu/c++/7.2.0 -I/usr/include/c++/7.2.0/backward -I/usr/local/include -I/usr/include/x86_64-linux-gnu -I/usr/include QDjango_p.h -o moc_QDjango_p.cpp
g++ -c -m64 -pipe -g -O2 -fdebug-prefix-map=/<<PKGBUILDDIR>>=. -fstack-protector-strong -Wformat -Werror=format-security -Wdate-time -D_FORTIFY_SOURCE=2 -std=gnu++11 -Wall -W -D_REENTRANT -fPIC -DQDJANGO_SHARED -DQDJANGO_DB_BUILD -DQT_NO_DEBUG -DQT_SQL_LIB -DQT_CORE_LIB -I. -isystem /usr/include/x86_64-linux-gnu/qt5 -isystem /usr/include/x86_64-linux-gnu/qt5/QtSql -isystem /usr/include/x86_64-linux-gnu/qt5/QtCore -I. -I/usr/lib/x86_64-linux-gnu/qt5/mkspecs/linux-g++-64 -o moc_QDjango_p.o moc_QDjango_p.cpp
/usr/lib/x86_64-linux-gnu/qt5/bin/moc -DQDJANGO_SHARED -DQDJANGO_DB_BUILD -DQT_NO_DEBUG -DQT_SQL_LIB -DQT_CORE_LIB --include ./moc_predefs.h -I/usr/lib/x86_64-linux-gnu/qt5/mkspecs/linux-g++-64 -I/<<PKGBUILDDIR>>/src/db -I/usr/include/x86_64-linux-gnu/qt5 -I/usr/include/x86_64-linux-gnu/qt5/QtSql -I/usr/include/x86_64-linux-gnu/qt5/QtCore -I/usr/include/clang/5.0.0/include -I/usr/include/c++/7.2.0 -I/usr/include/x86_64-linux-gnu/c++/7.2.0 -I/usr/include/c++/7.2.0/backward -I/usr/local/include -I/usr/include/x86_64-linux-gnu -I/usr/include QDjangoModel.h -o moc_QDjangoModel.cpp
g++ -c -m64 -pipe -g -O2 -fdebug-prefix-map=/<<PKGBUILDDIR>>=. -fstack-protector-strong -Wformat -Werror=format-security -Wdate-time -D_FORTIFY_SOURCE=2 -std=gnu++11 -Wall -W -D_REENTRANT -fPIC -DQDJANGO_SHARED -DQDJANGO_DB_BUILD -DQT_NO_DEBUG -DQT_SQL_LIB -DQT_CORE_LIB -I. -isystem /usr/include/x86_64-linux-gnu/qt5 -isystem /usr/include/x86_64-linux-gnu/qt5/QtSql -isystem /usr/include/x86_64-linux-gnu/qt5/QtCore -I. -I/usr/lib/x86_64-linux-gnu/qt5/mkspecs/linux-g++-64 -o moc_QDjangoModel.o moc_QDjangoModel.cpp
rm -f libqdjango-db.so.0.6.2 libqdjango-db.so libqdjango-db.so.0 libqdjango-db.so.0.6
g++ -m64 -Wl,-z,relro -shared -Wl,-soname,libqdjango-db.so.0 -o libqdjango-db.so.0.6.2 QDjango.o QDjangoMetaModel.o QDjangoModel.o QDjangoQuerySet.o QDjangoWhere.o moc_QDjango_p.o moc_QDjangoModel.o  -L/usr/lib/x86_64-linux-gnu -lQt5Sql -lQt5Core -lpthread  
ln -s libqdjango-db.so.0.6.2 libqdjango-db.so
ln -s libqdjango-db.so.0.6.2 libqdjango-db.so.0
ln -s libqdjango-db.so.0.6.2 libqdjango-db.so.0.6
make[3]: Leaving directory '/<<PKGBUILDDIR>>/src/db'
cd http/ && ( test -e Makefile || /usr/lib/x86_64-linux-gnu/qt5/bin/qmake -o Makefile /<<PKGBUILDDIR>>/src/http/http.pro -nocache 'QMAKE_CFLAGS_RELEASE=-g -O2 -fdebug-prefix-map=/<<PKGBUILDDIR>>=. -fstack-protector-strong -Wformat -Werror=format-security -Wdate-time -D_FORTIFY_SOURCE=2' 'QMAKE_CFLAGS_DEBUG=-g -O2 -fdebug-prefix-map=/<<PKGBUILDDIR>>=. -fstack-protector-strong -Wformat -Werror=format-security -Wdate-time -D_FORTIFY_SOURCE=2' 'QMAKE_CXXFLAGS_RELEASE=-g -O2 -fdebug-prefix-map=/<<PKGBUILDDIR>>=. -fstack-protector-strong -Wformat -Werror=format-security -Wdate-time -D_FORTIFY_SOURCE=2' 'QMAKE_CXXFLAGS_DEBUG=-g -O2 -fdebug-prefix-map=/<<PKGBUILDDIR>>=. -fstack-protector-strong -Wformat -Werror=format-security -Wdate-time -D_FORTIFY_SOURCE=2' QMAKE_LFLAGS_RELEASE=-Wl,-z,relro QMAKE_LFLAGS_DEBUG=-Wl,-z,relro QMAKE_STRIP=: PREFIX=/usr LIBDIR=lib/x86_64-linux-gnu ) && make -f Makefile 
make[3]: Entering directory '/<<PKGBUILDDIR>>/src/http'
g++ -c -m64 -pipe -g -O2 -fdebug-prefix-map=/<<PKGBUILDDIR>>=. -fstack-protector-strong -Wformat -Werror=format-security -Wdate-time -D_FORTIFY_SOURCE=2 -std=gnu++11 -Wall -W -D_REENTRANT -fPIC -DQDJANGO_SHARED -DQDJANGO_HTTP_BUILD -DQT_NO_DEBUG -DQT_NETWORK_LIB -DQT_CORE_LIB -I. -isystem /usr/include/x86_64-linux-gnu/qt5 -isystem /usr/include/x86_64-linux-gnu/qt5/QtNetwork -isystem /usr/include/x86_64-linux-gnu/qt5/QtCore -I. -I/usr/lib/x86_64-linux-gnu/qt5/mkspecs/linux-g++-64 -o QDjangoFastCgiServer.o QDjangoFastCgiServer.cpp
g++ -c -m64 -pipe -g -O2 -fdebug-prefix-map=/<<PKGBUILDDIR>>=. -fstack-protector-strong -Wformat -Werror=format-security -Wdate-time -D_FORTIFY_SOURCE=2 -std=gnu++11 -Wall -W -D_REENTRANT -fPIC -DQDJANGO_SHARED -DQDJANGO_HTTP_BUILD -DQT_NO_DEBUG -DQT_NETWORK_LIB -DQT_CORE_LIB -I. -isystem /usr/include/x86_64-linux-gnu/qt5 -isystem /usr/include/x86_64-linux-gnu/qt5/QtNetwork -isystem /usr/include/x86_64-linux-gnu/qt5/QtCore -I. -I/usr/lib/x86_64-linux-gnu/qt5/mkspecs/linux-g++-64 -o QDjangoHttpController.o QDjangoHttpController.cpp
g++ -c -m64 -pipe -g -O2 -fdebug-prefix-map=/<<PKGBUILDDIR>>=. -fstack-protector-strong -Wformat -Werror=format-security -Wdate-time -D_FORTIFY_SOURCE=2 -std=gnu++11 -Wall -W -D_REENTRANT -fPIC -DQDJANGO_SHARED -DQDJANGO_HTTP_BUILD -DQT_NO_DEBUG -DQT_NETWORK_LIB -DQT_CORE_LIB -I. -isystem /usr/include/x86_64-linux-gnu/qt5 -isystem /usr/include/x86_64-linux-gnu/qt5/QtNetwork -isystem /usr/include/x86_64-linux-gnu/qt5/QtCore -I. -I/usr/lib/x86_64-linux-gnu/qt5/mkspecs/linux-g++-64 -o QDjangoHttpRequest.o QDjangoHttpRequest.cpp
g++ -c -m64 -pipe -g -O2 -fdebug-prefix-map=/<<PKGBUILDDIR>>=. -fstack-protector-strong -Wformat -Werror=format-security -Wdate-time -D_FORTIFY_SOURCE=2 -std=gnu++11 -Wall -W -D_REENTRANT -fPIC -DQDJANGO_SHARED -DQDJANGO_HTTP_BUILD -DQT_NO_DEBUG -DQT_NETWORK_LIB -DQT_CORE_LIB -I. -isystem /usr/include/x86_64-linux-gnu/qt5 -isystem /usr/include/x86_64-linux-gnu/qt5/QtNetwork -isystem /usr/include/x86_64-linux-gnu/qt5/QtCore -I. -I/usr/lib/x86_64-linux-gnu/qt5/mkspecs/linux-g++-64 -o QDjangoHttpResponse.o QDjangoHttpResponse.cpp
g++ -c -m64 -pipe -g -O2 -fdebug-prefix-map=/<<PKGBUILDDIR>>=. -fstack-protector-strong -Wformat -Werror=format-security -Wdate-time -D_FORTIFY_SOURCE=2 -std=gnu++11 -Wall -W -D_REENTRANT -fPIC -DQDJANGO_SHARED -DQDJANGO_HTTP_BUILD -DQT_NO_DEBUG -DQT_NETWORK_LIB -DQT_CORE_LIB -I. -isystem /usr/include/x86_64-linux-gnu/qt5 -isystem /usr/include/x86_64-linux-gnu/qt5/QtNetwork -isystem /usr/include/x86_64-linux-gnu/qt5/QtCore -I. -I/usr/lib/x86_64-linux-gnu/qt5/mkspecs/linux-g++-64 -o QDjangoHttpServer.o QDjangoHttpServer.cpp
g++ -c -m64 -pipe -g -O2 -fdebug-prefix-map=/<<PKGBUILDDIR>>=. -fstack-protector-strong -Wformat -Werror=format-security -Wdate-time -D_FORTIFY_SOURCE=2 -std=gnu++11 -Wall -W -D_REENTRANT -fPIC -DQDJANGO_SHARED -DQDJANGO_HTTP_BUILD -DQT_NO_DEBUG -DQT_NETWORK_LIB -DQT_CORE_LIB -I. -isystem /usr/include/x86_64-linux-gnu/qt5 -isystem /usr/include/x86_64-linux-gnu/qt5/QtNetwork -isystem /usr/include/x86_64-linux-gnu/qt5/QtCore -I. -I/usr/lib/x86_64-linux-gnu/qt5/mkspecs/linux-g++-64 -o QDjangoUrlResolver.o QDjangoUrlResolver.cpp
g++ -m64 -pipe -g -O2 -fdebug-prefix-map=/<<PKGBUILDDIR>>=. -fstack-protector-strong -Wformat -Werror=format-security -Wdate-time -D_FORTIFY_SOURCE=2 -std=gnu++11 -Wall -W -dM -E -o moc_predefs.h /usr/lib/x86_64-linux-gnu/qt5/mkspecs/features/data/dummy.cpp
/usr/lib/x86_64-linux-gnu/qt5/bin/moc -DQDJANGO_SHARED -DQDJANGO_HTTP_BUILD -DQT_NO_DEBUG -DQT_NETWORK_LIB -DQT_CORE_LIB --include ./moc_predefs.h -I/usr/lib/x86_64-linux-gnu/qt5/mkspecs/linux-g++-64 -I/<<PKGBUILDDIR>>/src/http -I/usr/include/x86_64-linux-gnu/qt5 -I/usr/include/x86_64-linux-gnu/qt5/QtNetwork -I/usr/include/x86_64-linux-gnu/qt5/QtCore -I/usr/include/clang/5.0.0/include -I/usr/include/c++/7.2.0 -I/usr/include/x86_64-linux-gnu/c++/7.2.0 -I/usr/include/c++/7.2.0/backward -I/usr/local/include -I/usr/include/x86_64-linux-gnu -I/usr/include QDjangoFastCgiServer.h -o moc_QDjangoFastCgiServer.cpp
g++ -c -m64 -pipe -g -O2 -fdebug-prefix-map=/<<PKGBUILDDIR>>=. -fstack-protector-strong -Wformat -Werror=format-security -Wdate-time -D_FORTIFY_SOURCE=2 -std=gnu++11 -Wall -W -D_REENTRANT -fPIC -DQDJANGO_SHARED -DQDJANGO_HTTP_BUILD -DQT_NO_DEBUG -DQT_NETWORK_LIB -DQT_CORE_LIB -I. -isystem /usr/include/x86_64-linux-gnu/qt5 -isystem /usr/include/x86_64-linux-gnu/qt5/QtNetwork -isystem /usr/include/x86_64-linux-gnu/qt5/QtCore -I. -I/usr/lib/x86_64-linux-gnu/qt5/mkspecs/linux-g++-64 -o moc_QDjangoFastCgiServer.o moc_QDjangoFastCgiServer.cpp
/usr/lib/x86_64-linux-gnu/qt5/bin/moc -DQDJANGO_SHARED -DQDJANGO_HTTP_BUILD -DQT_NO_DEBUG -DQT_NETWORK_LIB -DQT_CORE_LIB --include ./moc_predefs.h -I/usr/lib/x86_64-linux-gnu/qt5/mkspecs/linux-g++-64 -I/<<PKGBUILDDIR>>/src/http -I/usr/include/x86_64-linux-gnu/qt5 -I/usr/include/x86_64-linux-gnu/qt5/QtNetwork -I/usr/include/x86_64-linux-gnu/qt5/QtCore -I/usr/include/clang/5.0.0/include -I/usr/include/c++/7.2.0 -I/usr/include/x86_64-linux-gnu/c++/7.2.0 -I/usr/include/c++/7.2.0/backward -I/usr/local/include -I/usr/include/x86_64-linux-gnu -I/usr/include QDjangoFastCgiServer_p.h -o moc_QDjangoFastCgiServer_p.cpp
g++ -c -m64 -pipe -g -O2 -fdebug-prefix-map=/<<PKGBUILDDIR>>=. -fstack-protector-strong -Wformat -Werror=format-security -Wdate-time -D_FORTIFY_SOURCE=2 -std=gnu++11 -Wall -W -D_REENTRANT -fPIC -DQDJANGO_SHARED -DQDJANGO_HTTP_BUILD -DQT_NO_DEBUG -DQT_NETWORK_LIB -DQT_CORE_LIB -I. -isystem /usr/include/x86_64-linux-gnu/qt5 -isystem /usr/include/x86_64-linux-gnu/qt5/QtNetwork -isystem /usr/include/x86_64-linux-gnu/qt5/QtCore -I. -I/usr/lib/x86_64-linux-gnu/qt5/mkspecs/linux-g++-64 -o moc_QDjangoFastCgiServer_p.o moc_QDjangoFastCgiServer_p.cpp
/usr/lib/x86_64-linux-gnu/qt5/bin/moc -DQDJANGO_SHARED -DQDJANGO_HTTP_BUILD -DQT_NO_DEBUG -DQT_NETWORK_LIB -DQT_CORE_LIB --include ./moc_predefs.h -I/usr/lib/x86_64-linux-gnu/qt5/mkspecs/linux-g++-64 -I/<<PKGBUILDDIR>>/src/http -I/usr/include/x86_64-linux-gnu/qt5 -I/usr/include/x86_64-linux-gnu/qt5/QtNetwork -I/usr/include/x86_64-linux-gnu/qt5/QtCore -I/usr/include/clang/5.0.0/include -I/usr/include/c++/7.2.0 -I/usr/include/x86_64-linux-gnu/c++/7.2.0 -I/usr/include/c++/7.2.0/backward -I/usr/local/include -I/usr/include/x86_64-linux-gnu -I/usr/include QDjangoHttpResponse.h -o moc_QDjangoHttpResponse.cpp
g++ -c -m64 -pipe -g -O2 -fdebug-prefix-map=/<<PKGBUILDDIR>>=. -fstack-protector-strong -Wformat -Werror=format-security -Wdate-time -D_FORTIFY_SOURCE=2 -std=gnu++11 -Wall -W -D_REENTRANT -fPIC -DQDJANGO_SHARED -DQDJANGO_HTTP_BUILD -DQT_NO_DEBUG -DQT_NETWORK_LIB -DQT_CORE_LIB -I. -isystem /usr/include/x86_64-linux-gnu/qt5 -isystem /usr/include/x86_64-linux-gnu/qt5/QtNetwork -isystem /usr/include/x86_64-linux-gnu/qt5/QtCore -I. -I/usr/lib/x86_64-linux-gnu/qt5/mkspecs/linux-g++-64 -o moc_QDjangoHttpResponse.o moc_QDjangoHttpResponse.cpp
/usr/lib/x86_64-linux-gnu/qt5/bin/moc -DQDJANGO_SHARED -DQDJANGO_HTTP_BUILD -DQT_NO_DEBUG -DQT_NETWORK_LIB -DQT_CORE_LIB --include ./moc_predefs.h -I/usr/lib/x86_64-linux-gnu/qt5/mkspecs/linux-g++-64 -I/<<PKGBUILDDIR>>/src/http -I/usr/include/x86_64-linux-gnu/qt5 -I/usr/include/x86_64-linux-gnu/qt5/QtNetwork -I/usr/include/x86_64-linux-gnu/qt5/QtCore -I/usr/include/clang/5.0.0/include -I/usr/include/c++/7.2.0 -I/usr/include/x86_64-linux-gnu/c++/7.2.0 -I/usr/include/c++/7.2.0/backward -I/usr/local/include -I/usr/include/x86_64-linux-gnu -I/usr/include QDjangoHttpServer.h -o moc_QDjangoHttpServer.cpp
g++ -c -m64 -pipe -g -O2 -fdebug-prefix-map=/<<PKGBUILDDIR>>=. -fstack-protector-strong -Wformat -Werror=format-security -Wdate-time -D_FORTIFY_SOURCE=2 -std=gnu++11 -Wall -W -D_REENTRANT -fPIC -DQDJANGO_SHARED -DQDJANGO_HTTP_BUILD -DQT_NO_DEBUG -DQT_NETWORK_LIB -DQT_CORE_LIB -I. -isystem /usr/include/x86_64-linux-gnu/qt5 -isystem /usr/include/x86_64-linux-gnu/qt5/QtNetwork -isystem /usr/include/x86_64-linux-gnu/qt5/QtCore -I. -I/usr/lib/x86_64-linux-gnu/qt5/mkspecs/linux-g++-64 -o moc_QDjangoHttpServer.o moc_QDjangoHttpServer.cpp
/usr/lib/x86_64-linux-gnu/qt5/bin/moc -DQDJANGO_SHARED -DQDJANGO_HTTP_BUILD -DQT_NO_DEBUG -DQT_NETWORK_LIB -DQT_CORE_LIB --include ./moc_predefs.h -I/usr/lib/x86_64-linux-gnu/qt5/mkspecs/linux-g++-64 -I/<<PKGBUILDDIR>>/src/http -I/usr/include/x86_64-linux-gnu/qt5 -I/usr/include/x86_64-linux-gnu/qt5/QtNetwork -I/usr/include/x86_64-linux-gnu/qt5/QtCore -I/usr/include/clang/5.0.0/include -I/usr/include/c++/7.2.0 -I/usr/include/x86_64-linux-gnu/c++/7.2.0 -I/usr/include/c++/7.2.0/backward -I/usr/local/include -I/usr/include/x86_64-linux-gnu -I/usr/include QDjangoHttpServer_p.h -o moc_QDjangoHttpServer_p.cpp
g++ -c -m64 -pipe -g -O2 -fdebug-prefix-map=/<<PKGBUILDDIR>>=. -fstack-protector-strong -Wformat -Werror=format-security -Wdate-time -D_FORTIFY_SOURCE=2 -std=gnu++11 -Wall -W -D_REENTRANT -fPIC -DQDJANGO_SHARED -DQDJANGO_HTTP_BUILD -DQT_NO_DEBUG -DQT_NETWORK_LIB -DQT_CORE_LIB -I. -isystem /usr/include/x86_64-linux-gnu/qt5 -isystem /usr/include/x86_64-linux-gnu/qt5/QtNetwork -isystem /usr/include/x86_64-linux-gnu/qt5/QtCore -I. -I/usr/lib/x86_64-linux-gnu/qt5/mkspecs/linux-g++-64 -o moc_QDjangoHttpServer_p.o moc_QDjangoHttpServer_p.cpp
/usr/lib/x86_64-linux-gnu/qt5/bin/moc -DQDJANGO_SHARED -DQDJANGO_HTTP_BUILD -DQT_NO_DEBUG -DQT_NETWORK_LIB -DQT_CORE_LIB --include ./moc_predefs.h -I/usr/lib/x86_64-linux-gnu/qt5/mkspecs/linux-g++-64 -I/<<PKGBUILDDIR>>/src/http -I/usr/include/x86_64-linux-gnu/qt5 -I/usr/include/x86_64-linux-gnu/qt5/QtNetwork -I/usr/include/x86_64-linux-gnu/qt5/QtCore -I/usr/include/clang/5.0.0/include -I/usr/include/c++/7.2.0 -I/usr/include/x86_64-linux-gnu/c++/7.2.0 -I/usr/include/c++/7.2.0/backward -I/usr/local/include -I/usr/include/x86_64-linux-gnu -I/usr/include QDjangoUrlResolver.h -o moc_QDjangoUrlResolver.cpp
g++ -c -m64 -pipe -g -O2 -fdebug-prefix-map=/<<PKGBUILDDIR>>=. -fstack-protector-strong -Wformat -Werror=format-security -Wdate-time -D_FORTIFY_SOURCE=2 -std=gnu++11 -Wall -W -D_REENTRANT -fPIC -DQDJANGO_SHARED -DQDJANGO_HTTP_BUILD -DQT_NO_DEBUG -DQT_NETWORK_LIB -DQT_CORE_LIB -I. -isystem /usr/include/x86_64-linux-gnu/qt5 -isystem /usr/include/x86_64-linux-gnu/qt5/QtNetwork -isystem /usr/include/x86_64-linux-gnu/qt5/QtCore -I. -I/usr/lib/x86_64-linux-gnu/qt5/mkspecs/linux-g++-64 -o moc_QDjangoUrlResolver.o moc_QDjangoUrlResolver.cpp
rm -f libqdjango-http.so.0.6.2 libqdjango-http.so libqdjango-http.so.0 libqdjango-http.so.0.6
g++ -m64 -Wl,-z,relro -shared -Wl,-soname,libqdjango-http.so.0 -o libqdjango-http.so.0.6.2 QDjangoFastCgiServer.o QDjangoHttpController.o QDjangoHttpRequest.o QDjangoHttpResponse.o QDjangoHttpServer.o QDjangoUrlResolver.o moc_QDjangoFastCgiServer.o moc_QDjangoFastCgiServer_p.o moc_QDjangoHttpResponse.o moc_QDjangoHttpServer.o moc_QDjangoHttpServer_p.o moc_QDjangoUrlResolver.o  -L/usr/lib/x86_64-linux-gnu -lQt5Network -lQt5Core -lpthread  
ln -s libqdjango-http.so.0.6.2 libqdjango-http.so
ln -s libqdjango-http.so.0.6.2 libqdjango-http.so.0
ln -s libqdjango-http.so.0.6.2 libqdjango-http.so.0.6
make[3]: Leaving directory '/<<PKGBUILDDIR>>/src/http'
make[2]: Leaving directory '/<<PKGBUILDDIR>>/src'
cd tests/ && ( test -e Makefile || /usr/lib/x86_64-linux-gnu/qt5/bin/qmake -o Makefile /<<PKGBUILDDIR>>/tests/tests.pro -nocache 'QMAKE_CFLAGS_RELEASE=-g -O2 -fdebug-prefix-map=/<<PKGBUILDDIR>>=. -fstack-protector-strong -Wformat -Werror=format-security -Wdate-time -D_FORTIFY_SOURCE=2' 'QMAKE_CFLAGS_DEBUG=-g -O2 -fdebug-prefix-map=/<<PKGBUILDDIR>>=. -fstack-protector-strong -Wformat -Werror=format-security -Wdate-time -D_FORTIFY_SOURCE=2' 'QMAKE_CXXFLAGS_RELEASE=-g -O2 -fdebug-prefix-map=/<<PKGBUILDDIR>>=. -fstack-protector-strong -Wformat -Werror=format-security -Wdate-time -D_FORTIFY_SOURCE=2' 'QMAKE_CXXFLAGS_DEBUG=-g -O2 -fdebug-prefix-map=/<<PKGBUILDDIR>>=. -fstack-protector-strong -Wformat -Werror=format-security -Wdate-time -D_FORTIFY_SOURCE=2' QMAKE_LFLAGS_RELEASE=-Wl,-z,relro QMAKE_LFLAGS_DEBUG=-Wl,-z,relro QMAKE_STRIP=: PREFIX=/usr LIBDIR=lib/x86_64-linux-gnu ) && make -f Makefile 
make[2]: Entering directory '/<<PKGBUILDDIR>>/tests'
cd db/ && ( test -e Makefile || /usr/lib/x86_64-linux-gnu/qt5/bin/qmake -o Makefile /<<PKGBUILDDIR>>/tests/db/db.pro -nocache 'QMAKE_CFLAGS_RELEASE=-g -O2 -fdebug-prefix-map=/<<PKGBUILDDIR>>=. -fstack-protector-strong -Wformat -Werror=format-security -Wdate-time -D_FORTIFY_SOURCE=2' 'QMAKE_CFLAGS_DEBUG=-g -O2 -fdebug-prefix-map=/<<PKGBUILDDIR>>=. -fstack-protector-strong -Wformat -Werror=format-security -Wdate-time -D_FORTIFY_SOURCE=2' 'QMAKE_CXXFLAGS_RELEASE=-g -O2 -fdebug-prefix-map=/<<PKGBUILDDIR>>=. -fstack-protector-strong -Wformat -Werror=format-security -Wdate-time -D_FORTIFY_SOURCE=2' 'QMAKE_CXXFLAGS_DEBUG=-g -O2 -fdebug-prefix-map=/<<PKGBUILDDIR>>=. -fstack-protector-strong -Wformat -Werror=format-security -Wdate-time -D_FORTIFY_SOURCE=2' QMAKE_LFLAGS_RELEASE=-Wl,-z,relro QMAKE_LFLAGS_DEBUG=-Wl,-z,relro QMAKE_STRIP=: PREFIX=/usr LIBDIR=lib/x86_64-linux-gnu ) && make -f Makefile 
make[3]: Entering directory '/<<PKGBUILDDIR>>/tests/db'
cd qdjango/ && ( test -e Makefile || /usr/lib/x86_64-linux-gnu/qt5/bin/qmake -o Makefile /<<PKGBUILDDIR>>/tests/db/qdjango/qdjango.pro -nocache 'QMAKE_CFLAGS_RELEASE=-g -O2 -fdebug-prefix-map=/<<PKGBUILDDIR>>=. -fstack-protector-strong -Wformat -Werror=format-security -Wdate-time -D_FORTIFY_SOURCE=2' 'QMAKE_CFLAGS_DEBUG=-g -O2 -fdebug-prefix-map=/<<PKGBUILDDIR>>=. -fstack-protector-strong -Wformat -Werror=format-security -Wdate-time -D_FORTIFY_SOURCE=2' 'QMAKE_CXXFLAGS_RELEASE=-g -O2 -fdebug-prefix-map=/<<PKGBUILDDIR>>=. -fstack-protector-strong -Wformat -Werror=format-security -Wdate-time -D_FORTIFY_SOURCE=2' 'QMAKE_CXXFLAGS_DEBUG=-g -O2 -fdebug-prefix-map=/<<PKGBUILDDIR>>=. -fstack-protector-strong -Wformat -Werror=format-security -Wdate-time -D_FORTIFY_SOURCE=2' QMAKE_LFLAGS_RELEASE=-Wl,-z,relro QMAKE_LFLAGS_DEBUG=-Wl,-z,relro QMAKE_STRIP=: PREFIX=/usr LIBDIR=lib/x86_64-linux-gnu ) && make -f Makefile 
make[4]: Entering directory '/<<PKGBUILDDIR>>/tests/db/qdjango'
g++ -c -m64 -pipe -g -O2 -fdebug-prefix-map=/<<PKGBUILDDIR>>=. -fstack-protector-strong -Wformat -Werror=format-security -Wdate-time -D_FORTIFY_SOURCE=2 -std=gnu++11 -Wall -W -D_REENTRANT -fPIC -DQDJANGO_SHARED -DQT_NO_DEBUG -DQT_TESTLIB_LIB -DQT_SQL_LIB -DQT_CORE_LIB -DQT_TESTCASE_BUILDDIR='"/<<PKGBUILDDIR>>/tests/db/qdjango"' -I. -I../../../tests -I../../../src/db -I../../../src/http -I../../db -isystem /usr/include/x86_64-linux-gnu/qt5 -isystem /usr/include/x86_64-linux-gnu/qt5/QtTest -isystem /usr/include/x86_64-linux-gnu/qt5/QtSql -isystem /usr/include/x86_64-linux-gnu/qt5/QtCore -I. -I/usr/lib/x86_64-linux-gnu/qt5/mkspecs/linux-g++-64 -o util.o ../util.cpp
g++ -m64 -pipe -g -O2 -fdebug-prefix-map=/<<PKGBUILDDIR>>=. -fstack-protector-strong -Wformat -Werror=format-security -Wdate-time -D_FORTIFY_SOURCE=2 -std=gnu++11 -Wall -W -dM -E -o moc_predefs.h /usr/lib/x86_64-linux-gnu/qt5/mkspecs/features/data/dummy.cpp
/usr/lib/x86_64-linux-gnu/qt5/bin/moc -DQDJANGO_SHARED -DQT_NO_DEBUG -DQT_TESTLIB_LIB -DQT_SQL_LIB -DQT_CORE_LIB -DQT_TESTCASE_BUILDDIR='"/<<PKGBUILDDIR>>/tests/db/qdjango"' --include ./moc_predefs.h -I/usr/lib/x86_64-linux-gnu/qt5/mkspecs/linux-g++-64 -I/<<PKGBUILDDIR>>/tests/db/qdjango -I/<<PKGBUILDDIR>>/tests -I/<<PKGBUILDDIR>>/src/db -I/<<PKGBUILDDIR>>/src/http -I/<<PKGBUILDDIR>>/tests/db -I/usr/include/x86_64-linux-gnu/qt5 -I/usr/include/x86_64-linux-gnu/qt5/QtTest -I/usr/include/x86_64-linux-gnu/qt5/QtSql -I/usr/include/x86_64-linux-gnu/qt5/QtCore -I/usr/include/clang/5.0.0/include -I/usr/include/c++/7.2.0 -I/usr/include/x86_64-linux-gnu/c++/7.2.0 -I/usr/include/c++/7.2.0/backward -I/usr/local/include -I/usr/include/x86_64-linux-gnu -I/usr/include tst_qdjango.cpp -o tst_qdjango.moc
g++ -c -m64 -pipe -g -O2 -fdebug-prefix-map=/<<PKGBUILDDIR>>=. -fstack-protector-strong -Wformat -Werror=format-security -Wdate-time -D_FORTIFY_SOURCE=2 -std=gnu++11 -Wall -W -D_REENTRANT -fPIC -DQDJANGO_SHARED -DQT_NO_DEBUG -DQT_TESTLIB_LIB -DQT_SQL_LIB -DQT_CORE_LIB -DQT_TESTCASE_BUILDDIR='"/<<PKGBUILDDIR>>/tests/db/qdjango"' -I. -I../../../tests -I../../../src/db -I../../../src/http -I../../db -isystem /usr/include/x86_64-linux-gnu/qt5 -isystem /usr/include/x86_64-linux-gnu/qt5/QtTest -isystem /usr/include/x86_64-linux-gnu/qt5/QtSql -isystem /usr/include/x86_64-linux-gnu/qt5/QtCore -I. -I/usr/lib/x86_64-linux-gnu/qt5/mkspecs/linux-g++-64 -o tst_qdjango.o tst_qdjango.cpp
g++ -m64 -Wl,-z,relro -Wl,-rpath,/<<PKGBUILDDIR>>/tests/db/qdjango/../../../src/db -Wl,-rpath,/<<PKGBUILDDIR>>/tests/db/qdjango/../../../src/http -o tst_qdjango util.o tst_qdjango.o   -L../../../src/db -lqdjango-db -L/usr/lib/x86_64-linux-gnu -lQt5Test -lQt5Sql -lQt5Core -lpthread 
make[4]: Leaving directory '/<<PKGBUILDDIR>>/tests/db/qdjango'
cd qdjangocompiler/ && ( test -e Makefile || /usr/lib/x86_64-linux-gnu/qt5/bin/qmake -o Makefile /<<PKGBUILDDIR>>/tests/db/qdjangocompiler/qdjangocompiler.pro -nocache 'QMAKE_CFLAGS_RELEASE=-g -O2 -fdebug-prefix-map=/<<PKGBUILDDIR>>=. -fstack-protector-strong -Wformat -Werror=format-security -Wdate-time -D_FORTIFY_SOURCE=2' 'QMAKE_CFLAGS_DEBUG=-g -O2 -fdebug-prefix-map=/<<PKGBUILDDIR>>=. -fstack-protector-strong -Wformat -Werror=format-security -Wdate-time -D_FORTIFY_SOURCE=2' 'QMAKE_CXXFLAGS_RELEASE=-g -O2 -fdebug-prefix-map=/<<PKGBUILDDIR>>=. -fstack-protector-strong -Wformat -Werror=format-security -Wdate-time -D_FORTIFY_SOURCE=2' 'QMAKE_CXXFLAGS_DEBUG=-g -O2 -fdebug-prefix-map=/<<PKGBUILDDIR>>=. -fstack-protector-strong -Wformat -Werror=format-security -Wdate-time -D_FORTIFY_SOURCE=2' QMAKE_LFLAGS_RELEASE=-Wl,-z,relro QMAKE_LFLAGS_DEBUG=-Wl,-z,relro QMAKE_STRIP=: PREFIX=/usr LIBDIR=lib/x86_64-linux-gnu ) && make -f Makefile 
make[4]: Entering directory '/<<PKGBUILDDIR>>/tests/db/qdjangocompiler'
g++ -c -m64 -pipe -g -O2 -fdebug-prefix-map=/<<PKGBUILDDIR>>=. -fstack-protector-strong -Wformat -Werror=format-security -Wdate-time -D_FORTIFY_SOURCE=2 -std=gnu++11 -Wall -W -D_REENTRANT -fPIC -DQDJANGO_SHARED -DQT_NO_DEBUG -DQT_TESTLIB_LIB -DQT_SQL_LIB -DQT_CORE_LIB -DQT_TESTCASE_BUILDDIR='"/<<PKGBUILDDIR>>/tests/db/qdjangocompiler"' -I. -I../../../tests -I../../../src/db -I../../../src/http -I../../db -isystem /usr/include/x86_64-linux-gnu/qt5 -isystem /usr/include/x86_64-linux-gnu/qt5/QtTest -isystem /usr/include/x86_64-linux-gnu/qt5/QtSql -isystem /usr/include/x86_64-linux-gnu/qt5/QtCore -I. -I/usr/lib/x86_64-linux-gnu/qt5/mkspecs/linux-g++-64 -o util.o ../util.cpp
g++ -m64 -pipe -g -O2 -fdebug-prefix-map=/<<PKGBUILDDIR>>=. -fstack-protector-strong -Wformat -Werror=format-security -Wdate-time -D_FORTIFY_SOURCE=2 -std=gnu++11 -Wall -W -dM -E -o moc_predefs.h /usr/lib/x86_64-linux-gnu/qt5/mkspecs/features/data/dummy.cpp
/usr/lib/x86_64-linux-gnu/qt5/bin/moc -DQDJANGO_SHARED -DQT_NO_DEBUG -DQT_TESTLIB_LIB -DQT_SQL_LIB -DQT_CORE_LIB -DQT_TESTCASE_BUILDDIR='"/<<PKGBUILDDIR>>/tests/db/qdjangocompiler"' --include ./moc_predefs.h -I/usr/lib/x86_64-linux-gnu/qt5/mkspecs/linux-g++-64 -I/<<PKGBUILDDIR>>/tests/db/qdjangocompiler -I/<<PKGBUILDDIR>>/tests -I/<<PKGBUILDDIR>>/src/db -I/<<PKGBUILDDIR>>/src/http -I/<<PKGBUILDDIR>>/tests/db -I/usr/include/x86_64-linux-gnu/qt5 -I/usr/include/x86_64-linux-gnu/qt5/QtTest -I/usr/include/x86_64-linux-gnu/qt5/QtSql -I/usr/include/x86_64-linux-gnu/qt5/QtCore -I/usr/include/clang/5.0.0/include -I/usr/include/c++/7.2.0 -I/usr/include/x86_64-linux-gnu/c++/7.2.0 -I/usr/include/c++/7.2.0/backward -I/usr/local/include -I/usr/include/x86_64-linux-gnu -I/usr/include tst_qdjangocompiler.cpp -o tst_qdjangocompiler.moc
g++ -c -m64 -pipe -g -O2 -fdebug-prefix-map=/<<PKGBUILDDIR>>=. -fstack-protector-strong -Wformat -Werror=format-security -Wdate-time -D_FORTIFY_SOURCE=2 -std=gnu++11 -Wall -W -D_REENTRANT -fPIC -DQDJANGO_SHARED -DQT_NO_DEBUG -DQT_TESTLIB_LIB -DQT_SQL_LIB -DQT_CORE_LIB -DQT_TESTCASE_BUILDDIR='"/<<PKGBUILDDIR>>/tests/db/qdjangocompiler"' -I. -I../../../tests -I../../../src/db -I../../../src/http -I../../db -isystem /usr/include/x86_64-linux-gnu/qt5 -isystem /usr/include/x86_64-linux-gnu/qt5/QtTest -isystem /usr/include/x86_64-linux-gnu/qt5/QtSql -isystem /usr/include/x86_64-linux-gnu/qt5/QtCore -I. -I/usr/lib/x86_64-linux-gnu/qt5/mkspecs/linux-g++-64 -o tst_qdjangocompiler.o tst_qdjangocompiler.cpp
g++ -m64 -Wl,-z,relro -Wl,-rpath,/<<PKGBUILDDIR>>/tests/db/qdjangocompiler/../../../src/db -Wl,-rpath,/<<PKGBUILDDIR>>/tests/db/qdjangocompiler/../../../src/http -o tst_qdjangocompiler util.o tst_qdjangocompiler.o   -L../../../src/db -lqdjango-db -L/usr/lib/x86_64-linux-gnu -lQt5Test -lQt5Sql -lQt5Core -lpthread 
make[4]: Leaving directory '/<<PKGBUILDDIR>>/tests/db/qdjangocompiler'
cd qdjangometamodel/ && ( test -e Makefile || /usr/lib/x86_64-linux-gnu/qt5/bin/qmake -o Makefile /<<PKGBUILDDIR>>/tests/db/qdjangometamodel/qdjangometamodel.pro -nocache 'QMAKE_CFLAGS_RELEASE=-g -O2 -fdebug-prefix-map=/<<PKGBUILDDIR>>=. -fstack-protector-strong -Wformat -Werror=format-security -Wdate-time -D_FORTIFY_SOURCE=2' 'QMAKE_CFLAGS_DEBUG=-g -O2 -fdebug-prefix-map=/<<PKGBUILDDIR>>=. -fstack-protector-strong -Wformat -Werror=format-security -Wdate-time -D_FORTIFY_SOURCE=2' 'QMAKE_CXXFLAGS_RELEASE=-g -O2 -fdebug-prefix-map=/<<PKGBUILDDIR>>=. -fstack-protector-strong -Wformat -Werror=format-security -Wdate-time -D_FORTIFY_SOURCE=2' 'QMAKE_CXXFLAGS_DEBUG=-g -O2 -fdebug-prefix-map=/<<PKGBUILDDIR>>=. -fstack-protector-strong -Wformat -Werror=format-security -Wdate-time -D_FORTIFY_SOURCE=2' QMAKE_LFLAGS_RELEASE=-Wl,-z,relro QMAKE_LFLAGS_DEBUG=-Wl,-z,relro QMAKE_STRIP=: PREFIX=/usr LIBDIR=lib/x86_64-linux-gnu ) && make -f Makefile 
make[4]: Entering directory '/<<PKGBUILDDIR>>/tests/db/qdjangometamodel'
g++ -c -m64 -pipe -g -O2 -fdebug-prefix-map=/<<PKGBUILDDIR>>=. -fstack-protector-strong -Wformat -Werror=format-security -Wdate-time -D_FORTIFY_SOURCE=2 -std=gnu++11 -Wall -W -D_REENTRANT -fPIC -DQDJANGO_SHARED -DQT_NO_DEBUG -DQT_TESTLIB_LIB -DQT_SQL_LIB -DQT_CORE_LIB -DQT_TESTCASE_BUILDDIR='"/<<PKGBUILDDIR>>/tests/db/qdjangometamodel"' -I. -I../../../tests -I../../../src/db -I../../../src/http -I../../db -isystem /usr/include/x86_64-linux-gnu/qt5 -isystem /usr/include/x86_64-linux-gnu/qt5/QtTest -isystem /usr/include/x86_64-linux-gnu/qt5/QtSql -isystem /usr/include/x86_64-linux-gnu/qt5/QtCore -I. -I/usr/lib/x86_64-linux-gnu/qt5/mkspecs/linux-g++-64 -o util.o ../util.cpp
g++ -c -m64 -pipe -g -O2 -fdebug-prefix-map=/<<PKGBUILDDIR>>=. -fstack-protector-strong -Wformat -Werror=format-security -Wdate-time -D_FORTIFY_SOURCE=2 -std=gnu++11 -Wall -W -D_REENTRANT -fPIC -DQDJANGO_SHARED -DQT_NO_DEBUG -DQT_TESTLIB_LIB -DQT_SQL_LIB -DQT_CORE_LIB -DQT_TESTCASE_BUILDDIR='"/<<PKGBUILDDIR>>/tests/db/qdjangometamodel"' -I. -I../../../tests -I../../../src/db -I../../../src/http -I../../db -isystem /usr/include/x86_64-linux-gnu/qt5 -isystem /usr/include/x86_64-linux-gnu/qt5/QtTest -isystem /usr/include/x86_64-linux-gnu/qt5/QtSql -isystem /usr/include/x86_64-linux-gnu/qt5/QtCore -I. -I/usr/lib/x86_64-linux-gnu/qt5/mkspecs/linux-g++-64 -o auth-models.o ../auth-models.cpp
g++ -c -m64 -pipe -g -O2 -fdebug-prefix-map=/<<PKGBUILDDIR>>=. -fstack-protector-strong -Wformat -Werror=format-security -Wdate-time -D_FORTIFY_SOURCE=2 -std=gnu++11 -Wall -W -D_REENTRANT -fPIC -DQDJANGO_SHARED -DQT_NO_DEBUG -DQT_TESTLIB_LIB -DQT_SQL_LIB -DQT_CORE_LIB -DQT_TESTCASE_BUILDDIR='"/<<PKGBUILDDIR>>/tests/db/qdjangometamodel"' -I. -I../../../tests -I../../../src/db -I../../../src/http -I../../db -isystem /usr/include/x86_64-linux-gnu/qt5 -isystem /usr/include/x86_64-linux-gnu/qt5/QtTest -isystem /usr/include/x86_64-linux-gnu/qt5/QtSql -isystem /usr/include/x86_64-linux-gnu/qt5/QtCore -I. -I/usr/lib/x86_64-linux-gnu/qt5/mkspecs/linux-g++-64 -o tst_qdjangometamodel.o tst_qdjangometamodel.cpp
g++ -m64 -pipe -g -O2 -fdebug-prefix-map=/<<PKGBUILDDIR>>=. -fstack-protector-strong -Wformat -Werror=format-security -Wdate-time -D_FORTIFY_SOURCE=2 -std=gnu++11 -Wall -W -dM -E -o moc_predefs.h /usr/lib/x86_64-linux-gnu/qt5/mkspecs/features/data/dummy.cpp
/usr/lib/x86_64-linux-gnu/qt5/bin/moc -DQDJANGO_SHARED -DQT_NO_DEBUG -DQT_TESTLIB_LIB -DQT_SQL_LIB -DQT_CORE_LIB -DQT_TESTCASE_BUILDDIR='"/<<PKGBUILDDIR>>/tests/db/qdjangometamodel"' --include ./moc_predefs.h -I/usr/lib/x86_64-linux-gnu/qt5/mkspecs/linux-g++-64 -I/<<PKGBUILDDIR>>/tests/db/qdjangometamodel -I/<<PKGBUILDDIR>>/tests -I/<<PKGBUILDDIR>>/src/db -I/<<PKGBUILDDIR>>/src/http -I/<<PKGBUILDDIR>>/tests/db -I/usr/include/x86_64-linux-gnu/qt5 -I/usr/include/x86_64-linux-gnu/qt5/QtTest -I/usr/include/x86_64-linux-gnu/qt5/QtSql -I/usr/include/x86_64-linux-gnu/qt5/QtCore -I/usr/include/clang/5.0.0/include -I/usr/include/c++/7.2.0 -I/usr/include/x86_64-linux-gnu/c++/7.2.0 -I/usr/include/c++/7.2.0/backward -I/usr/local/include -I/usr/include/x86_64-linux-gnu -I/usr/include ../auth-models.h -o moc_auth-models.cpp
g++ -c -m64 -pipe -g -O2 -fdebug-prefix-map=/<<PKGBUILDDIR>>=. -fstack-protector-strong -Wformat -Werror=format-security -Wdate-time -D_FORTIFY_SOURCE=2 -std=gnu++11 -Wall -W -D_REENTRANT -fPIC -DQDJANGO_SHARED -DQT_NO_DEBUG -DQT_TESTLIB_LIB -DQT_SQL_LIB -DQT_CORE_LIB -DQT_TESTCASE_BUILDDIR='"/<<PKGBUILDDIR>>/tests/db/qdjangometamodel"' -I. -I../../../tests -I../../../src/db -I../../../src/http -I../../db -isystem /usr/include/x86_64-linux-gnu/qt5 -isystem /usr/include/x86_64-linux-gnu/qt5/QtTest -isystem /usr/include/x86_64-linux-gnu/qt5/QtSql -isystem /usr/include/x86_64-linux-gnu/qt5/QtCore -I. -I/usr/lib/x86_64-linux-gnu/qt5/mkspecs/linux-g++-64 -o moc_auth-models.o moc_auth-models.cpp
/usr/lib/x86_64-linux-gnu/qt5/bin/moc -DQDJANGO_SHARED -DQT_NO_DEBUG -DQT_TESTLIB_LIB -DQT_SQL_LIB -DQT_CORE_LIB -DQT_TESTCASE_BUILDDIR='"/<<PKGBUILDDIR>>/tests/db/qdjangometamodel"' --include ./moc_predefs.h -I/usr/lib/x86_64-linux-gnu/qt5/mkspecs/linux-g++-64 -I/<<PKGBUILDDIR>>/tests/db/qdjangometamodel -I/<<PKGBUILDDIR>>/tests -I/<<PKGBUILDDIR>>/src/db -I/<<PKGBUILDDIR>>/src/http -I/<<PKGBUILDDIR>>/tests/db -I/usr/include/x86_64-linux-gnu/qt5 -I/usr/include/x86_64-linux-gnu/qt5/QtTest -I/usr/include/x86_64-linux-gnu/qt5/QtSql -I/usr/include/x86_64-linux-gnu/qt5/QtCore -I/usr/include/clang/5.0.0/include -I/usr/include/c++/7.2.0 -I/usr/include/x86_64-linux-gnu/c++/7.2.0 -I/usr/include/c++/7.2.0/backward -I/usr/local/include -I/usr/include/x86_64-linux-gnu -I/usr/include tst_qdjangometamodel.h -o moc_tst_qdjangometamodel.cpp
g++ -c -m64 -pipe -g -O2 -fdebug-prefix-map=/<<PKGBUILDDIR>>=. -fstack-protector-strong -Wformat -Werror=format-security -Wdate-time -D_FORTIFY_SOURCE=2 -std=gnu++11 -Wall -W -D_REENTRANT -fPIC -DQDJANGO_SHARED -DQT_NO_DEBUG -DQT_TESTLIB_LIB -DQT_SQL_LIB -DQT_CORE_LIB -DQT_TESTCASE_BUILDDIR='"/<<PKGBUILDDIR>>/tests/db/qdjangometamodel"' -I. -I../../../tests -I../../../src/db -I../../../src/http -I../../db -isystem /usr/include/x86_64-linux-gnu/qt5 -isystem /usr/include/x86_64-linux-gnu/qt5/QtTest -isystem /usr/include/x86_64-linux-gnu/qt5/QtSql -isystem /usr/include/x86_64-linux-gnu/qt5/QtCore -I. -I/usr/lib/x86_64-linux-gnu/qt5/mkspecs/linux-g++-64 -o moc_tst_qdjangometamodel.o moc_tst_qdjangometamodel.cpp
g++ -m64 -Wl,-z,relro -Wl,-rpath,/<<PKGBUILDDIR>>/tests/db/qdjangometamodel/../../../src/db -Wl,-rpath,/<<PKGBUILDDIR>>/tests/db/qdjangometamodel/../../../src/http -o tst_qdjangometamodel util.o auth-models.o tst_qdjangometamodel.o moc_auth-models.o moc_tst_qdjangometamodel.o   -L../../../src/db -lqdjango-db -L/usr/lib/x86_64-linux-gnu -lQt5Test -lQt5Sql -lQt5Core -lpthread 
make[4]: Leaving directory '/<<PKGBUILDDIR>>/tests/db/qdjangometamodel'
cd qdjangomodel/ && ( test -e Makefile || /usr/lib/x86_64-linux-gnu/qt5/bin/qmake -o Makefile /<<PKGBUILDDIR>>/tests/db/qdjangomodel/qdjangomodel.pro -nocache 'QMAKE_CFLAGS_RELEASE=-g -O2 -fdebug-prefix-map=/<<PKGBUILDDIR>>=. -fstack-protector-strong -Wformat -Werror=format-security -Wdate-time -D_FORTIFY_SOURCE=2' 'QMAKE_CFLAGS_DEBUG=-g -O2 -fdebug-prefix-map=/<<PKGBUILDDIR>>=. -fstack-protector-strong -Wformat -Werror=format-security -Wdate-time -D_FORTIFY_SOURCE=2' 'QMAKE_CXXFLAGS_RELEASE=-g -O2 -fdebug-prefix-map=/<<PKGBUILDDIR>>=. -fstack-protector-strong -Wformat -Werror=format-security -Wdate-time -D_FORTIFY_SOURCE=2' 'QMAKE_CXXFLAGS_DEBUG=-g -O2 -fdebug-prefix-map=/<<PKGBUILDDIR>>=. -fstack-protector-strong -Wformat -Werror=format-security -Wdate-time -D_FORTIFY_SOURCE=2' QMAKE_LFLAGS_RELEASE=-Wl,-z,relro QMAKE_LFLAGS_DEBUG=-Wl,-z,relro QMAKE_STRIP=: PREFIX=/usr LIBDIR=lib/x86_64-linux-gnu ) && make -f Makefile 
make[4]: Entering directory '/<<PKGBUILDDIR>>/tests/db/qdjangomodel'
g++ -c -m64 -pipe -g -O2 -fdebug-prefix-map=/<<PKGBUILDDIR>>=. -fstack-protector-strong -Wformat -Werror=format-security -Wdate-time -D_FORTIFY_SOURCE=2 -std=gnu++11 -Wall -W -D_REENTRANT -fPIC -DQDJANGO_SHARED -DQT_NO_DEBUG -DQT_TESTLIB_LIB -DQT_SQL_LIB -DQT_CORE_LIB -DQT_TESTCASE_BUILDDIR='"/<<PKGBUILDDIR>>/tests/db/qdjangomodel"' -I. -I../../../tests -I../../../src/db -I../../../src/http -I../../db -isystem /usr/include/x86_64-linux-gnu/qt5 -isystem /usr/include/x86_64-linux-gnu/qt5/QtTest -isystem /usr/include/x86_64-linux-gnu/qt5/QtSql -isystem /usr/include/x86_64-linux-gnu/qt5/QtCore -I. -I/usr/lib/x86_64-linux-gnu/qt5/mkspecs/linux-g++-64 -o util.o ../util.cpp
g++ -m64 -pipe -g -O2 -fdebug-prefix-map=/<<PKGBUILDDIR>>=. -fstack-protector-strong -Wformat -Werror=format-security -Wdate-time -D_FORTIFY_SOURCE=2 -std=gnu++11 -Wall -W -dM -E -o moc_predefs.h /usr/lib/x86_64-linux-gnu/qt5/mkspecs/features/data/dummy.cpp
/usr/lib/x86_64-linux-gnu/qt5/bin/moc -DQDJANGO_SHARED -DQT_NO_DEBUG -DQT_TESTLIB_LIB -DQT_SQL_LIB -DQT_CORE_LIB -DQT_TESTCASE_BUILDDIR='"/<<PKGBUILDDIR>>/tests/db/qdjangomodel"' --include ./moc_predefs.h -I/usr/lib/x86_64-linux-gnu/qt5/mkspecs/linux-g++-64 -I/<<PKGBUILDDIR>>/tests/db/qdjangomodel -I/<<PKGBUILDDIR>>/tests -I/<<PKGBUILDDIR>>/src/db -I/<<PKGBUILDDIR>>/src/http -I/<<PKGBUILDDIR>>/tests/db -I/usr/include/x86_64-linux-gnu/qt5 -I/usr/include/x86_64-linux-gnu/qt5/QtTest -I/usr/include/x86_64-linux-gnu/qt5/QtSql -I/usr/include/x86_64-linux-gnu/qt5/QtCore -I/usr/include/clang/5.0.0/include -I/usr/include/c++/7.2.0 -I/usr/include/x86_64-linux-gnu/c++/7.2.0 -I/usr/include/c++/7.2.0/backward -I/usr/local/include -I/usr/include/x86_64-linux-gnu -I/usr/include tst_qdjangomodel.cpp -o tst_qdjangomodel.moc
g++ -c -m64 -pipe -g -O2 -fdebug-prefix-map=/<<PKGBUILDDIR>>=. -fstack-protector-strong -Wformat -Werror=format-security -Wdate-time -D_FORTIFY_SOURCE=2 -std=gnu++11 -Wall -W -D_REENTRANT -fPIC -DQDJANGO_SHARED -DQT_NO_DEBUG -DQT_TESTLIB_LIB -DQT_SQL_LIB -DQT_CORE_LIB -DQT_TESTCASE_BUILDDIR='"/<<PKGBUILDDIR>>/tests/db/qdjangomodel"' -I. -I../../../tests -I../../../src/db -I../../../src/http -I../../db -isystem /usr/include/x86_64-linux-gnu/qt5 -isystem /usr/include/x86_64-linux-gnu/qt5/QtTest -isystem /usr/include/x86_64-linux-gnu/qt5/QtSql -isystem /usr/include/x86_64-linux-gnu/qt5/QtCore -I. -I/usr/lib/x86_64-linux-gnu/qt5/mkspecs/linux-g++-64 -o tst_qdjangomodel.o tst_qdjangomodel.cpp
g++ -m64 -Wl,-z,relro -Wl,-rpath,/<<PKGBUILDDIR>>/tests/db/qdjangomodel/../../../src/db -Wl,-rpath,/<<PKGBUILDDIR>>/tests/db/qdjangomodel/../../../src/http -o tst_qdjangomodel util.o tst_qdjangomodel.o   -L../../../src/db -lqdjango-db -L/usr/lib/x86_64-linux-gnu -lQt5Test -lQt5Sql -lQt5Core -lpthread 
make[4]: Leaving directory '/<<PKGBUILDDIR>>/tests/db/qdjangomodel'
cd qdjangoqueryset/ && ( test -e Makefile || /usr/lib/x86_64-linux-gnu/qt5/bin/qmake -o Makefile /<<PKGBUILDDIR>>/tests/db/qdjangoqueryset/qdjangoqueryset.pro -nocache 'QMAKE_CFLAGS_RELEASE=-g -O2 -fdebug-prefix-map=/<<PKGBUILDDIR>>=. -fstack-protector-strong -Wformat -Werror=format-security -Wdate-time -D_FORTIFY_SOURCE=2' 'QMAKE_CFLAGS_DEBUG=-g -O2 -fdebug-prefix-map=/<<PKGBUILDDIR>>=. -fstack-protector-strong -Wformat -Werror=format-security -Wdate-time -D_FORTIFY_SOURCE=2' 'QMAKE_CXXFLAGS_RELEASE=-g -O2 -fdebug-prefix-map=/<<PKGBUILDDIR>>=. -fstack-protector-strong -Wformat -Werror=format-security -Wdate-time -D_FORTIFY_SOURCE=2' 'QMAKE_CXXFLAGS_DEBUG=-g -O2 -fdebug-prefix-map=/<<PKGBUILDDIR>>=. -fstack-protector-strong -Wformat -Werror=format-security -Wdate-time -D_FORTIFY_SOURCE=2' QMAKE_LFLAGS_RELEASE=-Wl,-z,relro QMAKE_LFLAGS_DEBUG=-Wl,-z,relro QMAKE_STRIP=: PREFIX=/usr LIBDIR=lib/x86_64-linux-gnu ) && make -f Makefile 
make[4]: Entering directory '/<<PKGBUILDDIR>>/tests/db/qdjangoqueryset'
g++ -c -m64 -pipe -g -O2 -fdebug-prefix-map=/<<PKGBUILDDIR>>=. -fstack-protector-strong -Wformat -Werror=format-security -Wdate-time -D_FORTIFY_SOURCE=2 -std=gnu++11 -Wall -W -D_REENTRANT -fPIC -DQDJANGO_SHARED -DQT_NO_DEBUG -DQT_TESTLIB_LIB -DQT_SQL_LIB -DQT_CORE_LIB -DQT_TESTCASE_BUILDDIR='"/<<PKGBUILDDIR>>/tests/db/qdjangoqueryset"' -I. -I../../../tests -I../../../src/db -I../../../src/http -I../../db -isystem /usr/include/x86_64-linux-gnu/qt5 -isystem /usr/include/x86_64-linux-gnu/qt5/QtTest -isystem /usr/include/x86_64-linux-gnu/qt5/QtSql -isystem /usr/include/x86_64-linux-gnu/qt5/QtCore -I. -I/usr/lib/x86_64-linux-gnu/qt5/mkspecs/linux-g++-64 -o util.o ../util.cpp
g++ -m64 -pipe -g -O2 -fdebug-prefix-map=/<<PKGBUILDDIR>>=. -fstack-protector-strong -Wformat -Werror=format-security -Wdate-time -D_FORTIFY_SOURCE=2 -std=gnu++11 -Wall -W -dM -E -o moc_predefs.h /usr/lib/x86_64-linux-gnu/qt5/mkspecs/features/data/dummy.cpp
/usr/lib/x86_64-linux-gnu/qt5/bin/moc -DQDJANGO_SHARED -DQT_NO_DEBUG -DQT_TESTLIB_LIB -DQT_SQL_LIB -DQT_CORE_LIB -DQT_TESTCASE_BUILDDIR='"/<<PKGBUILDDIR>>/tests/db/qdjangoqueryset"' --include ./moc_predefs.h -I/usr/lib/x86_64-linux-gnu/qt5/mkspecs/linux-g++-64 -I/<<PKGBUILDDIR>>/tests/db/qdjangoqueryset -I/<<PKGBUILDDIR>>/tests -I/<<PKGBUILDDIR>>/src/db -I/<<PKGBUILDDIR>>/src/http -I/<<PKGBUILDDIR>>/tests/db -I/usr/include/x86_64-linux-gnu/qt5 -I/usr/include/x86_64-linux-gnu/qt5/QtTest -I/usr/include/x86_64-linux-gnu/qt5/QtSql -I/usr/include/x86_64-linux-gnu/qt5/QtCore -I/usr/include/clang/5.0.0/include -I/usr/include/c++/7.2.0 -I/usr/include/x86_64-linux-gnu/c++/7.2.0 -I/usr/include/c++/7.2.0/backward -I/usr/local/include -I/usr/include/x86_64-linux-gnu -I/usr/include tst_qdjangoqueryset.cpp -o tst_qdjangoqueryset.moc
g++ -c -m64 -pipe -g -O2 -fdebug-prefix-map=/<<PKGBUILDDIR>>=. -fstack-protector-strong -Wformat -Werror=format-security -Wdate-time -D_FORTIFY_SOURCE=2 -std=gnu++11 -Wall -W -D_REENTRANT -fPIC -DQDJANGO_SHARED -DQT_NO_DEBUG -DQT_TESTLIB_LIB -DQT_SQL_LIB -DQT_CORE_LIB -DQT_TESTCASE_BUILDDIR='"/<<PKGBUILDDIR>>/tests/db/qdjangoqueryset"' -I. -I../../../tests -I../../../src/db -I../../../src/http -I../../db -isystem /usr/include/x86_64-linux-gnu/qt5 -isystem /usr/include/x86_64-linux-gnu/qt5/QtTest -isystem /usr/include/x86_64-linux-gnu/qt5/QtSql -isystem /usr/include/x86_64-linux-gnu/qt5/QtCore -I. -I/usr/lib/x86_64-linux-gnu/qt5/mkspecs/linux-g++-64 -o tst_qdjangoqueryset.o tst_qdjangoqueryset.cpp
g++ -m64 -Wl,-z,relro -Wl,-rpath,/<<PKGBUILDDIR>>/tests/db/qdjangoqueryset/../../../src/db -Wl,-rpath,/<<PKGBUILDDIR>>/tests/db/qdjangoqueryset/../../../src/http -o tst_qdjangoqueryset util.o tst_qdjangoqueryset.o   -L../../../src/db -lqdjango-db -L/usr/lib/x86_64-linux-gnu -lQt5Test -lQt5Sql -lQt5Core -lpthread 
make[4]: Leaving directory '/<<PKGBUILDDIR>>/tests/db/qdjangoqueryset'
cd qdjangowhere/ && ( test -e Makefile || /usr/lib/x86_64-linux-gnu/qt5/bin/qmake -o Makefile /<<PKGBUILDDIR>>/tests/db/qdjangowhere/qdjangowhere.pro -nocache 'QMAKE_CFLAGS_RELEASE=-g -O2 -fdebug-prefix-map=/<<PKGBUILDDIR>>=. -fstack-protector-strong -Wformat -Werror=format-security -Wdate-time -D_FORTIFY_SOURCE=2' 'QMAKE_CFLAGS_DEBUG=-g -O2 -fdebug-prefix-map=/<<PKGBUILDDIR>>=. -fstack-protector-strong -Wformat -Werror=format-security -Wdate-time -D_FORTIFY_SOURCE=2' 'QMAKE_CXXFLAGS_RELEASE=-g -O2 -fdebug-prefix-map=/<<PKGBUILDDIR>>=. -fstack-protector-strong -Wformat -Werror=format-security -Wdate-time -D_FORTIFY_SOURCE=2' 'QMAKE_CXXFLAGS_DEBUG=-g -O2 -fdebug-prefix-map=/<<PKGBUILDDIR>>=. -fstack-protector-strong -Wformat -Werror=format-security -Wdate-time -D_FORTIFY_SOURCE=2' QMAKE_LFLAGS_RELEASE=-Wl,-z,relro QMAKE_LFLAGS_DEBUG=-Wl,-z,relro QMAKE_STRIP=: PREFIX=/usr LIBDIR=lib/x86_64-linux-gnu ) && make -f Makefile 
make[4]: Entering directory '/<<PKGBUILDDIR>>/tests/db/qdjangowhere'
g++ -c -m64 -pipe -g -O2 -fdebug-prefix-map=/<<PKGBUILDDIR>>=. -fstack-protector-strong -Wformat -Werror=format-security -Wdate-time -D_FORTIFY_SOURCE=2 -std=gnu++11 -Wall -W -D_REENTRANT -fPIC -DQDJANGO_SHARED -DQT_NO_DEBUG -DQT_TESTLIB_LIB -DQT_SQL_LIB -DQT_CORE_LIB -DQT_TESTCASE_BUILDDIR='"/<<PKGBUILDDIR>>/tests/db/qdjangowhere"' -I. -I../../../tests -I../../../src/db -I../../../src/http -I../../db -isystem /usr/include/x86_64-linux-gnu/qt5 -isystem /usr/include/x86_64-linux-gnu/qt5/QtTest -isystem /usr/include/x86_64-linux-gnu/qt5/QtSql -isystem /usr/include/x86_64-linux-gnu/qt5/QtCore -I. -I/usr/lib/x86_64-linux-gnu/qt5/mkspecs/linux-g++-64 -o util.o ../util.cpp
g++ -m64 -pipe -g -O2 -fdebug-prefix-map=/<<PKGBUILDDIR>>=. -fstack-protector-strong -Wformat -Werror=format-security -Wdate-time -D_FORTIFY_SOURCE=2 -std=gnu++11 -Wall -W -dM -E -o moc_predefs.h /usr/lib/x86_64-linux-gnu/qt5/mkspecs/features/data/dummy.cpp
/usr/lib/x86_64-linux-gnu/qt5/bin/moc -DQDJANGO_SHARED -DQT_NO_DEBUG -DQT_TESTLIB_LIB -DQT_SQL_LIB -DQT_CORE_LIB -DQT_TESTCASE_BUILDDIR='"/<<PKGBUILDDIR>>/tests/db/qdjangowhere"' --include ./moc_predefs.h -I/usr/lib/x86_64-linux-gnu/qt5/mkspecs/linux-g++-64 -I/<<PKGBUILDDIR>>/tests/db/qdjangowhere -I/<<PKGBUILDDIR>>/tests -I/<<PKGBUILDDIR>>/src/db -I/<<PKGBUILDDIR>>/src/http -I/<<PKGBUILDDIR>>/tests/db -I/usr/include/x86_64-linux-gnu/qt5 -I/usr/include/x86_64-linux-gnu/qt5/QtTest -I/usr/include/x86_64-linux-gnu/qt5/QtSql -I/usr/include/x86_64-linux-gnu/qt5/QtCore -I/usr/include/clang/5.0.0/include -I/usr/include/c++/7.2.0 -I/usr/include/x86_64-linux-gnu/c++/7.2.0 -I/usr/include/c++/7.2.0/backward -I/usr/local/include -I/usr/include/x86_64-linux-gnu -I/usr/include tst_qdjangowhere.cpp -o tst_qdjangowhere.moc
g++ -c -m64 -pipe -g -O2 -fdebug-prefix-map=/<<PKGBUILDDIR>>=. -fstack-protector-strong -Wformat -Werror=format-security -Wdate-time -D_FORTIFY_SOURCE=2 -std=gnu++11 -Wall -W -D_REENTRANT -fPIC -DQDJANGO_SHARED -DQT_NO_DEBUG -DQT_TESTLIB_LIB -DQT_SQL_LIB -DQT_CORE_LIB -DQT_TESTCASE_BUILDDIR='"/<<PKGBUILDDIR>>/tests/db/qdjangowhere"' -I. -I../../../tests -I../../../src/db -I../../../src/http -I../../db -isystem /usr/include/x86_64-linux-gnu/qt5 -isystem /usr/include/x86_64-linux-gnu/qt5/QtTest -isystem /usr/include/x86_64-linux-gnu/qt5/QtSql -isystem /usr/include/x86_64-linux-gnu/qt5/QtCore -I. -I/usr/lib/x86_64-linux-gnu/qt5/mkspecs/linux-g++-64 -o tst_qdjangowhere.o tst_qdjangowhere.cpp
g++ -m64 -Wl,-z,relro -Wl,-rpath,/<<PKGBUILDDIR>>/tests/db/qdjangowhere/../../../src/db -Wl,-rpath,/<<PKGBUILDDIR>>/tests/db/qdjangowhere/../../../src/http -o tst_qdjangowhere util.o tst_qdjangowhere.o   -L../../../src/db -lqdjango-db -L/usr/lib/x86_64-linux-gnu -lQt5Test -lQt5Sql -lQt5Core -lpthread 
make[4]: Leaving directory '/<<PKGBUILDDIR>>/tests/db/qdjangowhere'
cd auth/ && ( test -e Makefile || /usr/lib/x86_64-linux-gnu/qt5/bin/qmake -o Makefile /<<PKGBUILDDIR>>/tests/db/auth/auth.pro -nocache 'QMAKE_CFLAGS_RELEASE=-g -O2 -fdebug-prefix-map=/<<PKGBUILDDIR>>=. -fstack-protector-strong -Wformat -Werror=format-security -Wdate-time -D_FORTIFY_SOURCE=2' 'QMAKE_CFLAGS_DEBUG=-g -O2 -fdebug-prefix-map=/<<PKGBUILDDIR>>=. -fstack-protector-strong -Wformat -Werror=format-security -Wdate-time -D_FORTIFY_SOURCE=2' 'QMAKE_CXXFLAGS_RELEASE=-g -O2 -fdebug-prefix-map=/<<PKGBUILDDIR>>=. -fstack-protector-strong -Wformat -Werror=format-security -Wdate-time -D_FORTIFY_SOURCE=2' 'QMAKE_CXXFLAGS_DEBUG=-g -O2 -fdebug-prefix-map=/<<PKGBUILDDIR>>=. -fstack-protector-strong -Wformat -Werror=format-security -Wdate-time -D_FORTIFY_SOURCE=2' QMAKE_LFLAGS_RELEASE=-Wl,-z,relro QMAKE_LFLAGS_DEBUG=-Wl,-z,relro QMAKE_STRIP=: PREFIX=/usr LIBDIR=lib/x86_64-linux-gnu ) && make -f Makefile 
make[4]: Entering directory '/<<PKGBUILDDIR>>/tests/db/auth'
g++ -c -m64 -pipe -g -O2 -fdebug-prefix-map=/<<PKGBUILDDIR>>=. -fstack-protector-strong -Wformat -Werror=format-security -Wdate-time -D_FORTIFY_SOURCE=2 -std=gnu++11 -Wall -W -D_REENTRANT -fPIC -DQDJANGO_SHARED -DQT_NO_DEBUG -DQT_TESTLIB_LIB -DQT_SQL_LIB -DQT_CORE_LIB -DQT_TESTCASE_BUILDDIR='"/<<PKGBUILDDIR>>/tests/db/auth"' -I. -I../../../tests -I../../../src/db -I../../../src/http -I../../db -isystem /usr/include/x86_64-linux-gnu/qt5 -isystem /usr/include/x86_64-linux-gnu/qt5/QtTest -isystem /usr/include/x86_64-linux-gnu/qt5/QtSql -isystem /usr/include/x86_64-linux-gnu/qt5/QtCore -I. -I/usr/lib/x86_64-linux-gnu/qt5/mkspecs/linux-g++-64 -o util.o ../util.cpp
g++ -c -m64 -pipe -g -O2 -fdebug-prefix-map=/<<PKGBUILDDIR>>=. -fstack-protector-strong -Wformat -Werror=format-security -Wdate-time -D_FORTIFY_SOURCE=2 -std=gnu++11 -Wall -W -D_REENTRANT -fPIC -DQDJANGO_SHARED -DQT_NO_DEBUG -DQT_TESTLIB_LIB -DQT_SQL_LIB -DQT_CORE_LIB -DQT_TESTCASE_BUILDDIR='"/<<PKGBUILDDIR>>/tests/db/auth"' -I. -I../../../tests -I../../../src/db -I../../../src/http -I../../db -isystem /usr/include/x86_64-linux-gnu/qt5 -isystem /usr/include/x86_64-linux-gnu/qt5/QtTest -isystem /usr/include/x86_64-linux-gnu/qt5/QtSql -isystem /usr/include/x86_64-linux-gnu/qt5/QtCore -I. -I/usr/lib/x86_64-linux-gnu/qt5/mkspecs/linux-g++-64 -o auth-models.o ../auth-models.cpp
g++ -m64 -pipe -g -O2 -fdebug-prefix-map=/<<PKGBUILDDIR>>=. -fstack-protector-strong -Wformat -Werror=format-security -Wdate-time -D_FORTIFY_SOURCE=2 -std=gnu++11 -Wall -W -dM -E -o moc_predefs.h /usr/lib/x86_64-linux-gnu/qt5/mkspecs/features/data/dummy.cpp
/usr/lib/x86_64-linux-gnu/qt5/bin/moc -DQDJANGO_SHARED -DQT_NO_DEBUG -DQT_TESTLIB_LIB -DQT_SQL_LIB -DQT_CORE_LIB -DQT_TESTCASE_BUILDDIR='"/<<PKGBUILDDIR>>/tests/db/auth"' --include ./moc_predefs.h -I/usr/lib/x86_64-linux-gnu/qt5/mkspecs/linux-g++-64 -I/<<PKGBUILDDIR>>/tests/db/auth -I/<<PKGBUILDDIR>>/tests -I/<<PKGBUILDDIR>>/src/db -I/<<PKGBUILDDIR>>/src/http -I/<<PKGBUILDDIR>>/tests/db -I/usr/include/x86_64-linux-gnu/qt5 -I/usr/include/x86_64-linux-gnu/qt5/QtTest -I/usr/include/x86_64-linux-gnu/qt5/QtSql -I/usr/include/x86_64-linux-gnu/qt5/QtCore -I/usr/include/clang/5.0.0/include -I/usr/include/c++/7.2.0 -I/usr/include/x86_64-linux-gnu/c++/7.2.0 -I/usr/include/c++/7.2.0/backward -I/usr/local/include -I/usr/include/x86_64-linux-gnu -I/usr/include tst_auth.cpp -o tst_auth.moc
g++ -c -m64 -pipe -g -O2 -fdebug-prefix-map=/<<PKGBUILDDIR>>=. -fstack-protector-strong -Wformat -Werror=format-security -Wdate-time -D_FORTIFY_SOURCE=2 -std=gnu++11 -Wall -W -D_REENTRANT -fPIC -DQDJANGO_SHARED -DQT_NO_DEBUG -DQT_TESTLIB_LIB -DQT_SQL_LIB -DQT_CORE_LIB -DQT_TESTCASE_BUILDDIR='"/<<PKGBUILDDIR>>/tests/db/auth"' -I. -I../../../tests -I../../../src/db -I../../../src/http -I../../db -isystem /usr/include/x86_64-linux-gnu/qt5 -isystem /usr/include/x86_64-linux-gnu/qt5/QtTest -isystem /usr/include/x86_64-linux-gnu/qt5/QtSql -isystem /usr/include/x86_64-linux-gnu/qt5/QtCore -I. -I/usr/lib/x86_64-linux-gnu/qt5/mkspecs/linux-g++-64 -o tst_auth.o tst_auth.cpp
tst_auth.cpp:624:14: warning: reference cannot be bound to dereferenced null pointer in well-defined C++ code; comparison may be assumed to always evaluate to false [-Wtautological-undefined-compare]
    QVERIFY(&*(it += 2) == 0);
             ^~~~~~~~~~    ~
/usr/include/x86_64-linux-gnu/qt5/QtTest/qtestcase.h:64:43: note: expanded from macro 'QVERIFY'
    if (!QTest::qVerify(static_cast<bool>(statement), #statement, "", __FILE__, __LINE__))\
                                          ^~~~~~~~~
../../../src/db/QDjangoQuerySet.h:131:18: note: 'operator*' returns a reference
        const T &operator*() const { return *t(); }
                 ^
1 warning generated.
/usr/lib/x86_64-linux-gnu/qt5/bin/moc -DQDJANGO_SHARED -DQT_NO_DEBUG -DQT_TESTLIB_LIB -DQT_SQL_LIB -DQT_CORE_LIB -DQT_TESTCASE_BUILDDIR='"/<<PKGBUILDDIR>>/tests/db/auth"' --include ./moc_predefs.h -I/usr/lib/x86_64-linux-gnu/qt5/mkspecs/linux-g++-64 -I/<<PKGBUILDDIR>>/tests/db/auth -I/<<PKGBUILDDIR>>/tests -I/<<PKGBUILDDIR>>/src/db -I/<<PKGBUILDDIR>>/src/http -I/<<PKGBUILDDIR>>/tests/db -I/usr/include/x86_64-linux-gnu/qt5 -I/usr/include/x86_64-linux-gnu/qt5/QtTest -I/usr/include/x86_64-linux-gnu/qt5/QtSql -I/usr/include/x86_64-linux-gnu/qt5/QtCore -I/usr/include/clang/5.0.0/include -I/usr/include/c++/7.2.0 -I/usr/include/x86_64-linux-gnu/c++/7.2.0 -I/usr/include/c++/7.2.0/backward -I/usr/local/include -I/usr/include/x86_64-linux-gnu -I/usr/include ../auth-models.h -o moc_auth-models.cpp
g++ -c -m64 -pipe -g -O2 -fdebug-prefix-map=/<<PKGBUILDDIR>>=. -fstack-protector-strong -Wformat -Werror=format-security -Wdate-time -D_FORTIFY_SOURCE=2 -std=gnu++11 -Wall -W -D_REENTRANT -fPIC -DQDJANGO_SHARED -DQT_NO_DEBUG -DQT_TESTLIB_LIB -DQT_SQL_LIB -DQT_CORE_LIB -DQT_TESTCASE_BUILDDIR='"/<<PKGBUILDDIR>>/tests/db/auth"' -I. -I../../../tests -I../../../src/db -I../../../src/http -I../../db -isystem /usr/include/x86_64-linux-gnu/qt5 -isystem /usr/include/x86_64-linux-gnu/qt5/QtTest -isystem /usr/include/x86_64-linux-gnu/qt5/QtSql -isystem /usr/include/x86_64-linux-gnu/qt5/QtCore -I. -I/usr/lib/x86_64-linux-gnu/qt5/mkspecs/linux-g++-64 -o moc_auth-models.o moc_auth-models.cpp
g++ -m64 -Wl,-z,relro -Wl,-rpath,/<<PKGBUILDDIR>>/tests/db/auth/../../../src/db -Wl,-rpath,/<<PKGBUILDDIR>>/tests/db/auth/../../../src/http -o tst_auth util.o auth-models.o tst_auth.o moc_auth-models.o   -L../../../src/db -lqdjango-db -L/usr/lib/x86_64-linux-gnu -lQt5Test -lQt5Sql -lQt5Core -lpthread 
make[4]: Leaving directory '/<<PKGBUILDDIR>>/tests/db/auth'
cd shares/ && ( test -e Makefile || /usr/lib/x86_64-linux-gnu/qt5/bin/qmake -o Makefile /<<PKGBUILDDIR>>/tests/db/shares/shares.pro -nocache 'QMAKE_CFLAGS_RELEASE=-g -O2 -fdebug-prefix-map=/<<PKGBUILDDIR>>=. -fstack-protector-strong -Wformat -Werror=format-security -Wdate-time -D_FORTIFY_SOURCE=2' 'QMAKE_CFLAGS_DEBUG=-g -O2 -fdebug-prefix-map=/<<PKGBUILDDIR>>=. -fstack-protector-strong -Wformat -Werror=format-security -Wdate-time -D_FORTIFY_SOURCE=2' 'QMAKE_CXXFLAGS_RELEASE=-g -O2 -fdebug-prefix-map=/<<PKGBUILDDIR>>=. -fstack-protector-strong -Wformat -Werror=format-security -Wdate-time -D_FORTIFY_SOURCE=2' 'QMAKE_CXXFLAGS_DEBUG=-g -O2 -fdebug-prefix-map=/<<PKGBUILDDIR>>=. -fstack-protector-strong -Wformat -Werror=format-security -Wdate-time -D_FORTIFY_SOURCE=2' QMAKE_LFLAGS_RELEASE=-Wl,-z,relro QMAKE_LFLAGS_DEBUG=-Wl,-z,relro QMAKE_STRIP=: PREFIX=/usr LIBDIR=lib/x86_64-linux-gnu ) && make -f Makefile 
make[4]: Entering directory '/<<PKGBUILDDIR>>/tests/db/shares'
g++ -c -m64 -pipe -g -O2 -fdebug-prefix-map=/<<PKGBUILDDIR>>=. -fstack-protector-strong -Wformat -Werror=format-security -Wdate-time -D_FORTIFY_SOURCE=2 -std=gnu++11 -Wall -W -D_REENTRANT -fPIC -DQDJANGO_SHARED -DQT_NO_DEBUG -DQT_TESTLIB_LIB -DQT_SQL_LIB -DQT_CORE_LIB -DQT_TESTCASE_BUILDDIR='"/<<PKGBUILDDIR>>/tests/db/shares"' -I. -I../../../tests -I../../../src/db -I../../../src/http -I../../db -isystem /usr/include/x86_64-linux-gnu/qt5 -isystem /usr/include/x86_64-linux-gnu/qt5/QtTest -isystem /usr/include/x86_64-linux-gnu/qt5/QtSql -isystem /usr/include/x86_64-linux-gnu/qt5/QtCore -I. -I/usr/lib/x86_64-linux-gnu/qt5/mkspecs/linux-g++-64 -o util.o ../util.cpp
g++ -m64 -pipe -g -O2 -fdebug-prefix-map=/<<PKGBUILDDIR>>=. -fstack-protector-strong -Wformat -Werror=format-security -Wdate-time -D_FORTIFY_SOURCE=2 -std=gnu++11 -Wall -W -dM -E -o moc_predefs.h /usr/lib/x86_64-linux-gnu/qt5/mkspecs/features/data/dummy.cpp
/usr/lib/x86_64-linux-gnu/qt5/bin/moc -DQDJANGO_SHARED -DQT_NO_DEBUG -DQT_TESTLIB_LIB -DQT_SQL_LIB -DQT_CORE_LIB -DQT_TESTCASE_BUILDDIR='"/<<PKGBUILDDIR>>/tests/db/shares"' --include ./moc_predefs.h -I/usr/lib/x86_64-linux-gnu/qt5/mkspecs/linux-g++-64 -I/<<PKGBUILDDIR>>/tests/db/shares -I/<<PKGBUILDDIR>>/tests -I/<<PKGBUILDDIR>>/src/db -I/<<PKGBUILDDIR>>/src/http -I/<<PKGBUILDDIR>>/tests/db -I/usr/include/x86_64-linux-gnu/qt5 -I/usr/include/x86_64-linux-gnu/qt5/QtTest -I/usr/include/x86_64-linux-gnu/qt5/QtSql -I/usr/include/x86_64-linux-gnu/qt5/QtCore -I/usr/include/clang/5.0.0/include -I/usr/include/c++/7.2.0 -I/usr/include/x86_64-linux-gnu/c++/7.2.0 -I/usr/include/c++/7.2.0/backward -I/usr/local/include -I/usr/include/x86_64-linux-gnu -I/usr/include tst_shares.cpp -o tst_shares.moc
g++ -c -m64 -pipe -g -O2 -fdebug-prefix-map=/<<PKGBUILDDIR>>=. -fstack-protector-strong -Wformat -Werror=format-security -Wdate-time -D_FORTIFY_SOURCE=2 -std=gnu++11 -Wall -W -D_REENTRANT -fPIC -DQDJANGO_SHARED -DQT_NO_DEBUG -DQT_TESTLIB_LIB -DQT_SQL_LIB -DQT_CORE_LIB -DQT_TESTCASE_BUILDDIR='"/<<PKGBUILDDIR>>/tests/db/shares"' -I. -I../../../tests -I../../../src/db -I../../../src/http -I../../db -isystem /usr/include/x86_64-linux-gnu/qt5 -isystem /usr/include/x86_64-linux-gnu/qt5/QtTest -isystem /usr/include/x86_64-linux-gnu/qt5/QtSql -isystem /usr/include/x86_64-linux-gnu/qt5/QtCore -I. -I/usr/lib/x86_64-linux-gnu/qt5/mkspecs/linux-g++-64 -o tst_shares.o tst_shares.cpp
g++ -m64 -Wl,-z,relro -Wl,-rpath,/<<PKGBUILDDIR>>/tests/db/shares/../../../src/db -Wl,-rpath,/<<PKGBUILDDIR>>/tests/db/shares/../../../src/http -o tst_shares util.o tst_shares.o   -L../../../src/db -lqdjango-db -L/usr/lib/x86_64-linux-gnu -lQt5Test -lQt5Sql -lQt5Core -lpthread 
make[4]: Leaving directory '/<<PKGBUILDDIR>>/tests/db/shares'
make[3]: Leaving directory '/<<PKGBUILDDIR>>/tests/db'
cd http/ && ( test -e Makefile || /usr/lib/x86_64-linux-gnu/qt5/bin/qmake -o Makefile /<<PKGBUILDDIR>>/tests/http/http.pro -nocache 'QMAKE_CFLAGS_RELEASE=-g -O2 -fdebug-prefix-map=/<<PKGBUILDDIR>>=. -fstack-protector-strong -Wformat -Werror=format-security -Wdate-time -D_FORTIFY_SOURCE=2' 'QMAKE_CFLAGS_DEBUG=-g -O2 -fdebug-prefix-map=/<<PKGBUILDDIR>>=. -fstack-protector-strong -Wformat -Werror=format-security -Wdate-time -D_FORTIFY_SOURCE=2' 'QMAKE_CXXFLAGS_RELEASE=-g -O2 -fdebug-prefix-map=/<<PKGBUILDDIR>>=. -fstack-protector-strong -Wformat -Werror=format-security -Wdate-time -D_FORTIFY_SOURCE=2' 'QMAKE_CXXFLAGS_DEBUG=-g -O2 -fdebug-prefix-map=/<<PKGBUILDDIR>>=. -fstack-protector-strong -Wformat -Werror=format-security -Wdate-time -D_FORTIFY_SOURCE=2' QMAKE_LFLAGS_RELEASE=-Wl,-z,relro QMAKE_LFLAGS_DEBUG=-Wl,-z,relro QMAKE_STRIP=: PREFIX=/usr LIBDIR=lib/x86_64-linux-gnu ) && make -f Makefile 
make[3]: Entering directory '/<<PKGBUILDDIR>>/tests/http'
cd qdjangofastcgiserver/ && ( test -e Makefile || /usr/lib/x86_64-linux-gnu/qt5/bin/qmake -o Makefile /<<PKGBUILDDIR>>/tests/http/qdjangofastcgiserver/qdjangofastcgiserver.pro -nocache 'QMAKE_CFLAGS_RELEASE=-g -O2 -fdebug-prefix-map=/<<PKGBUILDDIR>>=. -fstack-protector-strong -Wformat -Werror=format-security -Wdate-time -D_FORTIFY_SOURCE=2' 'QMAKE_CFLAGS_DEBUG=-g -O2 -fdebug-prefix-map=/<<PKGBUILDDIR>>=. -fstack-protector-strong -Wformat -Werror=format-security -Wdate-time -D_FORTIFY_SOURCE=2' 'QMAKE_CXXFLAGS_RELEASE=-g -O2 -fdebug-prefix-map=/<<PKGBUILDDIR>>=. -fstack-protector-strong -Wformat -Werror=format-security -Wdate-time -D_FORTIFY_SOURCE=2' 'QMAKE_CXXFLAGS_DEBUG=-g -O2 -fdebug-prefix-map=/<<PKGBUILDDIR>>=. -fstack-protector-strong -Wformat -Werror=format-security -Wdate-time -D_FORTIFY_SOURCE=2' QMAKE_LFLAGS_RELEASE=-Wl,-z,relro QMAKE_LFLAGS_DEBUG=-Wl,-z,relro QMAKE_STRIP=: PREFIX=/usr LIBDIR=lib/x86_64-linux-gnu ) && make -f Makefile 
make[4]: Entering directory '/<<PKGBUILDDIR>>/tests/http/qdjangofastcgiserver'
g++ -m64 -pipe -g -O2 -fdebug-prefix-map=/<<PKGBUILDDIR>>=. -fstack-protector-strong -Wformat -Werror=format-security -Wdate-time -D_FORTIFY_SOURCE=2 -std=gnu++11 -Wall -W -dM -E -o moc_predefs.h /usr/lib/x86_64-linux-gnu/qt5/mkspecs/features/data/dummy.cpp
/usr/lib/x86_64-linux-gnu/qt5/bin/moc -DQDJANGO_SHARED -DQT_NO_DEBUG -DQT_TESTLIB_LIB -DQT_NETWORK_LIB -DQT_CORE_LIB -DQT_TESTCASE_BUILDDIR='"/<<PKGBUILDDIR>>/tests/http/qdjangofastcgiserver"' --include ./moc_predefs.h -I/usr/lib/x86_64-linux-gnu/qt5/mkspecs/linux-g++-64 -I/<<PKGBUILDDIR>>/tests/http/qdjangofastcgiserver -I/<<PKGBUILDDIR>>/tests -I/<<PKGBUILDDIR>>/src/db -I/<<PKGBUILDDIR>>/src/http -I/usr/include/x86_64-linux-gnu/qt5 -I/usr/include/x86_64-linux-gnu/qt5/QtTest -I/usr/include/x86_64-linux-gnu/qt5/QtNetwork -I/usr/include/x86_64-linux-gnu/qt5/QtCore -I/usr/include/clang/5.0.0/include -I/usr/include/c++/7.2.0 -I/usr/include/x86_64-linux-gnu/c++/7.2.0 -I/usr/include/c++/7.2.0/backward -I/usr/local/include -I/usr/include/x86_64-linux-gnu -I/usr/include tst_qdjangofastcgiserver.cpp -o tst_qdjangofastcgiserver.moc
g++ -c -m64 -pipe -g -O2 -fdebug-prefix-map=/<<PKGBUILDDIR>>=. -fstack-protector-strong -Wformat -Werror=format-security -Wdate-time -D_FORTIFY_SOURCE=2 -std=gnu++11 -Wall -W -D_REENTRANT -fPIC -DQDJANGO_SHARED -DQT_NO_DEBUG -DQT_TESTLIB_LIB -DQT_NETWORK_LIB -DQT_CORE_LIB -DQT_TESTCASE_BUILDDIR='"/<<PKGBUILDDIR>>/tests/http/qdjangofastcgiserver"' -I. -I../../../tests -I../../../src/db -I../../../src/http -isystem /usr/include/x86_64-linux-gnu/qt5 -isystem /usr/include/x86_64-linux-gnu/qt5/QtTest -isystem /usr/include/x86_64-linux-gnu/qt5/QtNetwork -isystem /usr/include/x86_64-linux-gnu/qt5/QtCore -I. -I/usr/lib/x86_64-linux-gnu/qt5/mkspecs/linux-g++-64 -o tst_qdjangofastcgiserver.o tst_qdjangofastcgiserver.cpp
g++ -m64 -Wl,-z,relro -Wl,-rpath,/<<PKGBUILDDIR>>/tests/http/qdjangofastcgiserver/../../../src/db -Wl,-rpath,/<<PKGBUILDDIR>>/tests/http/qdjangofastcgiserver/../../../src/http -o tst_qdjangofastcgiserver tst_qdjangofastcgiserver.o   -L../../../src/http -lqdjango-http -L/usr/lib/x86_64-linux-gnu -lQt5Test -lQt5Network -lQt5Core -lpthread 
make[4]: Leaving directory '/<<PKGBUILDDIR>>/tests/http/qdjangofastcgiserver'
cd qdjangohttpcontroller/ && ( test -e Makefile || /usr/lib/x86_64-linux-gnu/qt5/bin/qmake -o Makefile /<<PKGBUILDDIR>>/tests/http/qdjangohttpcontroller/qdjangohttpcontroller.pro -nocache 'QMAKE_CFLAGS_RELEASE=-g -O2 -fdebug-prefix-map=/<<PKGBUILDDIR>>=. -fstack-protector-strong -Wformat -Werror=format-security -Wdate-time -D_FORTIFY_SOURCE=2' 'QMAKE_CFLAGS_DEBUG=-g -O2 -fdebug-prefix-map=/<<PKGBUILDDIR>>=. -fstack-protector-strong -Wformat -Werror=format-security -Wdate-time -D_FORTIFY_SOURCE=2' 'QMAKE_CXXFLAGS_RELEASE=-g -O2 -fdebug-prefix-map=/<<PKGBUILDDIR>>=. -fstack-protector-strong -Wformat -Werror=format-security -Wdate-time -D_FORTIFY_SOURCE=2' 'QMAKE_CXXFLAGS_DEBUG=-g -O2 -fdebug-prefix-map=/<<PKGBUILDDIR>>=. -fstack-protector-strong -Wformat -Werror=format-security -Wdate-time -D_FORTIFY_SOURCE=2' QMAKE_LFLAGS_RELEASE=-Wl,-z,relro QMAKE_LFLAGS_DEBUG=-Wl,-z,relro QMAKE_STRIP=: PREFIX=/usr LIBDIR=lib/x86_64-linux-gnu ) && make -f Makefile 
make[4]: Entering directory '/<<PKGBUILDDIR>>/tests/http/qdjangohttpcontroller'
g++ -m64 -pipe -g -O2 -fdebug-prefix-map=/<<PKGBUILDDIR>>=. -fstack-protector-strong -Wformat -Werror=format-security -Wdate-time -D_FORTIFY_SOURCE=2 -std=gnu++11 -Wall -W -dM -E -o moc_predefs.h /usr/lib/x86_64-linux-gnu/qt5/mkspecs/features/data/dummy.cpp
/usr/lib/x86_64-linux-gnu/qt5/bin/moc -DQDJANGO_SHARED -DQT_NO_DEBUG -DQT_TESTLIB_LIB -DQT_NETWORK_LIB -DQT_CORE_LIB -DQT_TESTCASE_BUILDDIR='"/<<PKGBUILDDIR>>/tests/http/qdjangohttpcontroller"' --include ./moc_predefs.h -I/usr/lib/x86_64-linux-gnu/qt5/mkspecs/linux-g++-64 -I/<<PKGBUILDDIR>>/tests/http/qdjangohttpcontroller -I/<<PKGBUILDDIR>>/tests -I/<<PKGBUILDDIR>>/src/db -I/<<PKGBUILDDIR>>/src/http -I/usr/include/x86_64-linux-gnu/qt5 -I/usr/include/x86_64-linux-gnu/qt5/QtTest -I/usr/include/x86_64-linux-gnu/qt5/QtNetwork -I/usr/include/x86_64-linux-gnu/qt5/QtCore -I/usr/include/clang/5.0.0/include -I/usr/include/c++/7.2.0 -I/usr/include/x86_64-linux-gnu/c++/7.2.0 -I/usr/include/c++/7.2.0/backward -I/usr/local/include -I/usr/include/x86_64-linux-gnu -I/usr/include tst_qdjangohttpcontroller.cpp -o tst_qdjangohttpcontroller.moc
g++ -c -m64 -pipe -g -O2 -fdebug-prefix-map=/<<PKGBUILDDIR>>=. -fstack-protector-strong -Wformat -Werror=format-security -Wdate-time -D_FORTIFY_SOURCE=2 -std=gnu++11 -Wall -W -D_REENTRANT -fPIC -DQDJANGO_SHARED -DQT_NO_DEBUG -DQT_TESTLIB_LIB -DQT_NETWORK_LIB -DQT_CORE_LIB -DQT_TESTCASE_BUILDDIR='"/<<PKGBUILDDIR>>/tests/http/qdjangohttpcontroller"' -I. -I../../../tests -I../../../src/db -I../../../src/http -isystem /usr/include/x86_64-linux-gnu/qt5 -isystem /usr/include/x86_64-linux-gnu/qt5/QtTest -isystem /usr/include/x86_64-linux-gnu/qt5/QtNetwork -isystem /usr/include/x86_64-linux-gnu/qt5/QtCore -I. -I/usr/lib/x86_64-linux-gnu/qt5/mkspecs/linux-g++-64 -o tst_qdjangohttpcontroller.o tst_qdjangohttpcontroller.cpp
/usr/lib/x86_64-linux-gnu/qt5/bin/rcc -name tst_qdjangohttpcontroller tst_qdjangohttpcontroller.qrc -o qrc_tst_qdjangohttpcontroller.cpp
g++ -c -m64 -pipe -g -O2 -fdebug-prefix-map=/<<PKGBUILDDIR>>=. -fstack-protector-strong -Wformat -Werror=format-security -Wdate-time -D_FORTIFY_SOURCE=2 -std=gnu++11 -Wall -W -D_REENTRANT -fPIC -DQDJANGO_SHARED -DQT_NO_DEBUG -DQT_TESTLIB_LIB -DQT_NETWORK_LIB -DQT_CORE_LIB -DQT_TESTCASE_BUILDDIR='"/<<PKGBUILDDIR>>/tests/http/qdjangohttpcontroller"' -I. -I../../../tests -I../../../src/db -I../../../src/http -isystem /usr/include/x86_64-linux-gnu/qt5 -isystem /usr/include/x86_64-linux-gnu/qt5/QtTest -isystem /usr/include/x86_64-linux-gnu/qt5/QtNetwork -isystem /usr/include/x86_64-linux-gnu/qt5/QtCore -I. -I/usr/lib/x86_64-linux-gnu/qt5/mkspecs/linux-g++-64 -o qrc_tst_qdjangohttpcontroller.o qrc_tst_qdjangohttpcontroller.cpp
g++ -m64 -Wl,-z,relro -Wl,-rpath,/<<PKGBUILDDIR>>/tests/http/qdjangohttpcontroller/../../../src/db -Wl,-rpath,/<<PKGBUILDDIR>>/tests/http/qdjangohttpcontroller/../../../src/http -o tst_qdjangohttpcontroller tst_qdjangohttpcontroller.o qrc_tst_qdjangohttpcontroller.o   -L../../../src/http -lqdjango-http -L/usr/lib/x86_64-linux-gnu -lQt5Test -lQt5Network -lQt5Core -lpthread 
make[4]: Leaving directory '/<<PKGBUILDDIR>>/tests/http/qdjangohttpcontroller'
cd qdjangohttprequest/ && ( test -e Makefile || /usr/lib/x86_64-linux-gnu/qt5/bin/qmake -o Makefile /<<PKGBUILDDIR>>/tests/http/qdjangohttprequest/qdjangohttprequest.pro -nocache 'QMAKE_CFLAGS_RELEASE=-g -O2 -fdebug-prefix-map=/<<PKGBUILDDIR>>=. -fstack-protector-strong -Wformat -Werror=format-security -Wdate-time -D_FORTIFY_SOURCE=2' 'QMAKE_CFLAGS_DEBUG=-g -O2 -fdebug-prefix-map=/<<PKGBUILDDIR>>=. -fstack-protector-strong -Wformat -Werror=format-security -Wdate-time -D_FORTIFY_SOURCE=2' 'QMAKE_CXXFLAGS_RELEASE=-g -O2 -fdebug-prefix-map=/<<PKGBUILDDIR>>=. -fstack-protector-strong -Wformat -Werror=format-security -Wdate-time -D_FORTIFY_SOURCE=2' 'QMAKE_CXXFLAGS_DEBUG=-g -O2 -fdebug-prefix-map=/<<PKGBUILDDIR>>=. -fstack-protector-strong -Wformat -Werror=format-security -Wdate-time -D_FORTIFY_SOURCE=2' QMAKE_LFLAGS_RELEASE=-Wl,-z,relro QMAKE_LFLAGS_DEBUG=-Wl,-z,relro QMAKE_STRIP=: PREFIX=/usr LIBDIR=lib/x86_64-linux-gnu ) && make -f Makefile 
make[4]: Entering directory '/<<PKGBUILDDIR>>/tests/http/qdjangohttprequest'
g++ -m64 -pipe -g -O2 -fdebug-prefix-map=/<<PKGBUILDDIR>>=. -fstack-protector-strong -Wformat -Werror=format-security -Wdate-time -D_FORTIFY_SOURCE=2 -std=gnu++11 -Wall -W -dM -E -o moc_predefs.h /usr/lib/x86_64-linux-gnu/qt5/mkspecs/features/data/dummy.cpp
/usr/lib/x86_64-linux-gnu/qt5/bin/moc -DQDJANGO_SHARED -DQT_NO_DEBUG -DQT_TESTLIB_LIB -DQT_NETWORK_LIB -DQT_CORE_LIB -DQT_TESTCASE_BUILDDIR='"/<<PKGBUILDDIR>>/tests/http/qdjangohttprequest"' --include ./moc_predefs.h -I/usr/lib/x86_64-linux-gnu/qt5/mkspecs/linux-g++-64 -I/<<PKGBUILDDIR>>/tests/http/qdjangohttprequest -I/<<PKGBUILDDIR>>/tests -I/<<PKGBUILDDIR>>/src/db -I/<<PKGBUILDDIR>>/src/http -I/usr/include/x86_64-linux-gnu/qt5 -I/usr/include/x86_64-linux-gnu/qt5/QtTest -I/usr/include/x86_64-linux-gnu/qt5/QtNetwork -I/usr/include/x86_64-linux-gnu/qt5/QtCore -I/usr/include/clang/5.0.0/include -I/usr/include/c++/7.2.0 -I/usr/include/x86_64-linux-gnu/c++/7.2.0 -I/usr/include/c++/7.2.0/backward -I/usr/local/include -I/usr/include/x86_64-linux-gnu -I/usr/include tst_qdjangohttprequest.cpp -o tst_qdjangohttprequest.moc
g++ -c -m64 -pipe -g -O2 -fdebug-prefix-map=/<<PKGBUILDDIR>>=. -fstack-protector-strong -Wformat -Werror=format-security -Wdate-time -D_FORTIFY_SOURCE=2 -std=gnu++11 -Wall -W -D_REENTRANT -fPIC -DQDJANGO_SHARED -DQT_NO_DEBUG -DQT_TESTLIB_LIB -DQT_NETWORK_LIB -DQT_CORE_LIB -DQT_TESTCASE_BUILDDIR='"/<<PKGBUILDDIR>>/tests/http/qdjangohttprequest"' -I. -I../../../tests -I../../../src/db -I../../../src/http -isystem /usr/include/x86_64-linux-gnu/qt5 -isystem /usr/include/x86_64-linux-gnu/qt5/QtTest -isystem /usr/include/x86_64-linux-gnu/qt5/QtNetwork -isystem /usr/include/x86_64-linux-gnu/qt5/QtCore -I. -I/usr/lib/x86_64-linux-gnu/qt5/mkspecs/linux-g++-64 -o tst_qdjangohttprequest.o tst_qdjangohttprequest.cpp
g++ -m64 -Wl,-z,relro -Wl,-rpath,/<<PKGBUILDDIR>>/tests/http/qdjangohttprequest/../../../src/db -Wl,-rpath,/<<PKGBUILDDIR>>/tests/http/qdjangohttprequest/../../../src/http -o tst_qdjangohttprequest tst_qdjangohttprequest.o   -L../../../src/http -lqdjango-http -L/usr/lib/x86_64-linux-gnu -lQt5Test -lQt5Network -lQt5Core -lpthread 
make[4]: Leaving directory '/<<PKGBUILDDIR>>/tests/http/qdjangohttprequest'
cd qdjangohttpresponse/ && ( test -e Makefile || /usr/lib/x86_64-linux-gnu/qt5/bin/qmake -o Makefile /<<PKGBUILDDIR>>/tests/http/qdjangohttpresponse/qdjangohttpresponse.pro -nocache 'QMAKE_CFLAGS_RELEASE=-g -O2 -fdebug-prefix-map=/<<PKGBUILDDIR>>=. -fstack-protector-strong -Wformat -Werror=format-security -Wdate-time -D_FORTIFY_SOURCE=2' 'QMAKE_CFLAGS_DEBUG=-g -O2 -fdebug-prefix-map=/<<PKGBUILDDIR>>=. -fstack-protector-strong -Wformat -Werror=format-security -Wdate-time -D_FORTIFY_SOURCE=2' 'QMAKE_CXXFLAGS_RELEASE=-g -O2 -fdebug-prefix-map=/<<PKGBUILDDIR>>=. -fstack-protector-strong -Wformat -Werror=format-security -Wdate-time -D_FORTIFY_SOURCE=2' 'QMAKE_CXXFLAGS_DEBUG=-g -O2 -fdebug-prefix-map=/<<PKGBUILDDIR>>=. -fstack-protector-strong -Wformat -Werror=format-security -Wdate-time -D_FORTIFY_SOURCE=2' QMAKE_LFLAGS_RELEASE=-Wl,-z,relro QMAKE_LFLAGS_DEBUG=-Wl,-z,relro QMAKE_STRIP=: PREFIX=/usr LIBDIR=lib/x86_64-linux-gnu ) && make -f Makefile 
make[4]: Entering directory '/<<PKGBUILDDIR>>/tests/http/qdjangohttpresponse'
g++ -m64 -pipe -g -O2 -fdebug-prefix-map=/<<PKGBUILDDIR>>=. -fstack-protector-strong -Wformat -Werror=format-security -Wdate-time -D_FORTIFY_SOURCE=2 -std=gnu++11 -Wall -W -dM -E -o moc_predefs.h /usr/lib/x86_64-linux-gnu/qt5/mkspecs/features/data/dummy.cpp
/usr/lib/x86_64-linux-gnu/qt5/bin/moc -DQDJANGO_SHARED -DQT_NO_DEBUG -DQT_TESTLIB_LIB -DQT_NETWORK_LIB -DQT_CORE_LIB -DQT_TESTCASE_BUILDDIR='"/<<PKGBUILDDIR>>/tests/http/qdjangohttpresponse"' --include ./moc_predefs.h -I/usr/lib/x86_64-linux-gnu/qt5/mkspecs/linux-g++-64 -I/<<PKGBUILDDIR>>/tests/http/qdjangohttpresponse -I/<<PKGBUILDDIR>>/tests -I/<<PKGBUILDDIR>>/src/db -I/<<PKGBUILDDIR>>/src/http -I/usr/include/x86_64-linux-gnu/qt5 -I/usr/include/x86_64-linux-gnu/qt5/QtTest -I/usr/include/x86_64-linux-gnu/qt5/QtNetwork -I/usr/include/x86_64-linux-gnu/qt5/QtCore -I/usr/include/clang/5.0.0/include -I/usr/include/c++/7.2.0 -I/usr/include/x86_64-linux-gnu/c++/7.2.0 -I/usr/include/c++/7.2.0/backward -I/usr/local/include -I/usr/include/x86_64-linux-gnu -I/usr/include tst_qdjangohttpresponse.cpp -o tst_qdjangohttpresponse.moc
g++ -c -m64 -pipe -g -O2 -fdebug-prefix-map=/<<PKGBUILDDIR>>=. -fstack-protector-strong -Wformat -Werror=format-security -Wdate-time -D_FORTIFY_SOURCE=2 -std=gnu++11 -Wall -W -D_REENTRANT -fPIC -DQDJANGO_SHARED -DQT_NO_DEBUG -DQT_TESTLIB_LIB -DQT_NETWORK_LIB -DQT_CORE_LIB -DQT_TESTCASE_BUILDDIR='"/<<PKGBUILDDIR>>/tests/http/qdjangohttpresponse"' -I. -I../../../tests -I../../../src/db -I../../../src/http -isystem /usr/include/x86_64-linux-gnu/qt5 -isystem /usr/include/x86_64-linux-gnu/qt5/QtTest -isystem /usr/include/x86_64-linux-gnu/qt5/QtNetwork -isystem /usr/include/x86_64-linux-gnu/qt5/QtCore -I. -I/usr/lib/x86_64-linux-gnu/qt5/mkspecs/linux-g++-64 -o tst_qdjangohttpresponse.o tst_qdjangohttpresponse.cpp
g++ -m64 -Wl,-z,relro -Wl,-rpath,/<<PKGBUILDDIR>>/tests/http/qdjangohttpresponse/../../../src/db -Wl,-rpath,/<<PKGBUILDDIR>>/tests/http/qdjangohttpresponse/../../../src/http -o tst_qdjangohttpresponse tst_qdjangohttpresponse.o   -L../../../src/http -lqdjango-http -L/usr/lib/x86_64-linux-gnu -lQt5Test -lQt5Network -lQt5Core -lpthread 
make[4]: Leaving directory '/<<PKGBUILDDIR>>/tests/http/qdjangohttpresponse'
cd qdjangohttpserver/ && ( test -e Makefile || /usr/lib/x86_64-linux-gnu/qt5/bin/qmake -o Makefile /<<PKGBUILDDIR>>/tests/http/qdjangohttpserver/qdjangohttpserver.pro -nocache 'QMAKE_CFLAGS_RELEASE=-g -O2 -fdebug-prefix-map=/<<PKGBUILDDIR>>=. -fstack-protector-strong -Wformat -Werror=format-security -Wdate-time -D_FORTIFY_SOURCE=2' 'QMAKE_CFLAGS_DEBUG=-g -O2 -fdebug-prefix-map=/<<PKGBUILDDIR>>=. -fstack-protector-strong -Wformat -Werror=format-security -Wdate-time -D_FORTIFY_SOURCE=2' 'QMAKE_CXXFLAGS_RELEASE=-g -O2 -fdebug-prefix-map=/<<PKGBUILDDIR>>=. -fstack-protector-strong -Wformat -Werror=format-security -Wdate-time -D_FORTIFY_SOURCE=2' 'QMAKE_CXXFLAGS_DEBUG=-g -O2 -fdebug-prefix-map=/<<PKGBUILDDIR>>=. -fstack-protector-strong -Wformat -Werror=format-security -Wdate-time -D_FORTIFY_SOURCE=2' QMAKE_LFLAGS_RELEASE=-Wl,-z,relro QMAKE_LFLAGS_DEBUG=-Wl,-z,relro QMAKE_STRIP=: PREFIX=/usr LIBDIR=lib/x86_64-linux-gnu ) && make -f Makefile 
make[4]: Entering directory '/<<PKGBUILDDIR>>/tests/http/qdjangohttpserver'
g++ -m64 -pipe -g -O2 -fdebug-prefix-map=/<<PKGBUILDDIR>>=. -fstack-protector-strong -Wformat -Werror=format-security -Wdate-time -D_FORTIFY_SOURCE=2 -std=gnu++11 -Wall -W -dM -E -o moc_predefs.h /usr/lib/x86_64-linux-gnu/qt5/mkspecs/features/data/dummy.cpp
/usr/lib/x86_64-linux-gnu/qt5/bin/moc -DQDJANGO_SHARED -DQT_NO_DEBUG -DQT_TESTLIB_LIB -DQT_NETWORK_LIB -DQT_CORE_LIB -DQT_TESTCASE_BUILDDIR='"/<<PKGBUILDDIR>>/tests/http/qdjangohttpserver"' --include ./moc_predefs.h -I/usr/lib/x86_64-linux-gnu/qt5/mkspecs/linux-g++-64 -I/<<PKGBUILDDIR>>/tests/http/qdjangohttpserver -I/<<PKGBUILDDIR>>/tests -I/<<PKGBUILDDIR>>/src/db -I/<<PKGBUILDDIR>>/src/http -I/usr/include/x86_64-linux-gnu/qt5 -I/usr/include/x86_64-linux-gnu/qt5/QtTest -I/usr/include/x86_64-linux-gnu/qt5/QtNetwork -I/usr/include/x86_64-linux-gnu/qt5/QtCore -I/usr/include/clang/5.0.0/include -I/usr/include/c++/7.2.0 -I/usr/include/x86_64-linux-gnu/c++/7.2.0 -I/usr/include/c++/7.2.0/backward -I/usr/local/include -I/usr/include/x86_64-linux-gnu -I/usr/include tst_qdjangohttpserver.cpp -o tst_qdjangohttpserver.moc
g++ -c -m64 -pipe -g -O2 -fdebug-prefix-map=/<<PKGBUILDDIR>>=. -fstack-protector-strong -Wformat -Werror=format-security -Wdate-time -D_FORTIFY_SOURCE=2 -std=gnu++11 -Wall -W -D_REENTRANT -fPIC -DQDJANGO_SHARED -DQT_NO_DEBUG -DQT_TESTLIB_LIB -DQT_NETWORK_LIB -DQT_CORE_LIB -DQT_TESTCASE_BUILDDIR='"/<<PKGBUILDDIR>>/tests/http/qdjangohttpserver"' -I. -I../../../tests -I../../../src/db -I../../../src/http -isystem /usr/include/x86_64-linux-gnu/qt5 -isystem /usr/include/x86_64-linux-gnu/qt5/QtTest -isystem /usr/include/x86_64-linux-gnu/qt5/QtNetwork -isystem /usr/include/x86_64-linux-gnu/qt5/QtCore -I. -I/usr/lib/x86_64-linux-gnu/qt5/mkspecs/linux-g++-64 -o tst_qdjangohttpserver.o tst_qdjangohttpserver.cpp
g++ -m64 -Wl,-z,relro -Wl,-rpath,/<<PKGBUILDDIR>>/tests/http/qdjangohttpserver/../../../src/db -Wl,-rpath,/<<PKGBUILDDIR>>/tests/http/qdjangohttpserver/../../../src/http -o tst_qdjangohttpserver tst_qdjangohttpserver.o   -L../../../src/http -lqdjango-http -L/usr/lib/x86_64-linux-gnu -lQt5Test -lQt5Network -lQt5Core -lpthread 
make[4]: Leaving directory '/<<PKGBUILDDIR>>/tests/http/qdjangohttpserver'
cd qdjangourlresolver/ && ( test -e Makefile || /usr/lib/x86_64-linux-gnu/qt5/bin/qmake -o Makefile /<<PKGBUILDDIR>>/tests/http/qdjangourlresolver/qdjangourlresolver.pro -nocache 'QMAKE_CFLAGS_RELEASE=-g -O2 -fdebug-prefix-map=/<<PKGBUILDDIR>>=. -fstack-protector-strong -Wformat -Werror=format-security -Wdate-time -D_FORTIFY_SOURCE=2' 'QMAKE_CFLAGS_DEBUG=-g -O2 -fdebug-prefix-map=/<<PKGBUILDDIR>>=. -fstack-protector-strong -Wformat -Werror=format-security -Wdate-time -D_FORTIFY_SOURCE=2' 'QMAKE_CXXFLAGS_RELEASE=-g -O2 -fdebug-prefix-map=/<<PKGBUILDDIR>>=. -fstack-protector-strong -Wformat -Werror=format-security -Wdate-time -D_FORTIFY_SOURCE=2' 'QMAKE_CXXFLAGS_DEBUG=-g -O2 -fdebug-prefix-map=/<<PKGBUILDDIR>>=. -fstack-protector-strong -Wformat -Werror=format-security -Wdate-time -D_FORTIFY_SOURCE=2' QMAKE_LFLAGS_RELEASE=-Wl,-z,relro QMAKE_LFLAGS_DEBUG=-Wl,-z,relro QMAKE_STRIP=: PREFIX=/usr LIBDIR=lib/x86_64-linux-gnu ) && make -f Makefile 
make[4]: Entering directory '/<<PKGBUILDDIR>>/tests/http/qdjangourlresolver'
g++ -m64 -pipe -g -O2 -fdebug-prefix-map=/<<PKGBUILDDIR>>=. -fstack-protector-strong -Wformat -Werror=format-security -Wdate-time -D_FORTIFY_SOURCE=2 -std=gnu++11 -Wall -W -dM -E -o moc_predefs.h /usr/lib/x86_64-linux-gnu/qt5/mkspecs/features/data/dummy.cpp
/usr/lib/x86_64-linux-gnu/qt5/bin/moc -DQDJANGO_SHARED -DQT_NO_DEBUG -DQT_TESTLIB_LIB -DQT_NETWORK_LIB -DQT_CORE_LIB -DQT_TESTCASE_BUILDDIR='"/<<PKGBUILDDIR>>/tests/http/qdjangourlresolver"' --include ./moc_predefs.h -I/usr/lib/x86_64-linux-gnu/qt5/mkspecs/linux-g++-64 -I/<<PKGBUILDDIR>>/tests/http/qdjangourlresolver -I/<<PKGBUILDDIR>>/tests -I/<<PKGBUILDDIR>>/src/db -I/<<PKGBUILDDIR>>/src/http -I/usr/include/x86_64-linux-gnu/qt5 -I/usr/include/x86_64-linux-gnu/qt5/QtTest -I/usr/include/x86_64-linux-gnu/qt5/QtNetwork -I/usr/include/x86_64-linux-gnu/qt5/QtCore -I/usr/include/clang/5.0.0/include -I/usr/include/c++/7.2.0 -I/usr/include/x86_64-linux-gnu/c++/7.2.0 -I/usr/include/c++/7.2.0/backward -I/usr/local/include -I/usr/include/x86_64-linux-gnu -I/usr/include tst_qdjangourlresolver.cpp -o tst_qdjangourlresolver.moc
g++ -c -m64 -pipe -g -O2 -fdebug-prefix-map=/<<PKGBUILDDIR>>=. -fstack-protector-strong -Wformat -Werror=format-security -Wdate-time -D_FORTIFY_SOURCE=2 -std=gnu++11 -Wall -W -D_REENTRANT -fPIC -DQDJANGO_SHARED -DQT_NO_DEBUG -DQT_TESTLIB_LIB -DQT_NETWORK_LIB -DQT_CORE_LIB -DQT_TESTCASE_BUILDDIR='"/<<PKGBUILDDIR>>/tests/http/qdjangourlresolver"' -I. -I../../../tests -I../../../src/db -I../../../src/http -isystem /usr/include/x86_64-linux-gnu/qt5 -isystem /usr/include/x86_64-linux-gnu/qt5/QtTest -isystem /usr/include/x86_64-linux-gnu/qt5/QtNetwork -isystem /usr/include/x86_64-linux-gnu/qt5/QtCore -I. -I/usr/lib/x86_64-linux-gnu/qt5/mkspecs/linux-g++-64 -o tst_qdjangourlresolver.o tst_qdjangourlresolver.cpp
g++ -m64 -Wl,-z,relro -Wl,-rpath,/<<PKGBUILDDIR>>/tests/http/qdjangourlresolver/../../../src/db -Wl,-rpath,/<<PKGBUILDDIR>>/tests/http/qdjangourlresolver/../../../src/http -o tst_qdjangourlresolver tst_qdjangourlresolver.o   -L../../../src/http -lqdjango-http -L/usr/lib/x86_64-linux-gnu -lQt5Test -lQt5Network -lQt5Core -lpthread 
make[4]: Leaving directory '/<<PKGBUILDDIR>>/tests/http/qdjangourlresolver'
make[3]: Leaving directory '/<<PKGBUILDDIR>>/tests/http'
make[2]: Leaving directory '/<<PKGBUILDDIR>>/tests'
cd examples/ && ( test -e Makefile || /usr/lib/x86_64-linux-gnu/qt5/bin/qmake -o Makefile /<<PKGBUILDDIR>>/examples/examples.pro -nocache 'QMAKE_CFLAGS_RELEASE=-g -O2 -fdebug-prefix-map=/<<PKGBUILDDIR>>=. -fstack-protector-strong -Wformat -Werror=format-security -Wdate-time -D_FORTIFY_SOURCE=2' 'QMAKE_CFLAGS_DEBUG=-g -O2 -fdebug-prefix-map=/<<PKGBUILDDIR>>=. -fstack-protector-strong -Wformat -Werror=format-security -Wdate-time -D_FORTIFY_SOURCE=2' 'QMAKE_CXXFLAGS_RELEASE=-g -O2 -fdebug-prefix-map=/<<PKGBUILDDIR>>=. -fstack-protector-strong -Wformat -Werror=format-security -Wdate-time -D_FORTIFY_SOURCE=2' 'QMAKE_CXXFLAGS_DEBUG=-g -O2 -fdebug-prefix-map=/<<PKGBUILDDIR>>=. -fstack-protector-strong -Wformat -Werror=format-security -Wdate-time -D_FORTIFY_SOURCE=2' QMAKE_LFLAGS_RELEASE=-Wl,-z,relro QMAKE_LFLAGS_DEBUG=-Wl,-z,relro QMAKE_STRIP=: PREFIX=/usr LIBDIR=lib/x86_64-linux-gnu ) && make -f Makefile 
make[2]: Entering directory '/<<PKGBUILDDIR>>/examples'
cd http-server/ && ( test -e Makefile || /usr/lib/x86_64-linux-gnu/qt5/bin/qmake -o Makefile /<<PKGBUILDDIR>>/examples/http-server/http-server.pro -nocache 'QMAKE_CFLAGS_RELEASE=-g -O2 -fdebug-prefix-map=/<<PKGBUILDDIR>>=. -fstack-protector-strong -Wformat -Werror=format-security -Wdate-time -D_FORTIFY_SOURCE=2' 'QMAKE_CFLAGS_DEBUG=-g -O2 -fdebug-prefix-map=/<<PKGBUILDDIR>>=. -fstack-protector-strong -Wformat -Werror=format-security -Wdate-time -D_FORTIFY_SOURCE=2' 'QMAKE_CXXFLAGS_RELEASE=-g -O2 -fdebug-prefix-map=/<<PKGBUILDDIR>>=. -fstack-protector-strong -Wformat -Werror=format-security -Wdate-time -D_FORTIFY_SOURCE=2' 'QMAKE_CXXFLAGS_DEBUG=-g -O2 -fdebug-prefix-map=/<<PKGBUILDDIR>>=. -fstack-protector-strong -Wformat -Werror=format-security -Wdate-time -D_FORTIFY_SOURCE=2' QMAKE_LFLAGS_RELEASE=-Wl,-z,relro QMAKE_LFLAGS_DEBUG=-Wl,-z,relro QMAKE_STRIP=: PREFIX=/usr LIBDIR=lib/x86_64-linux-gnu ) && make -f Makefile 
make[3]: Entering directory '/<<PKGBUILDDIR>>/examples/http-server'
g++ -c -m64 -pipe -g -O2 -fdebug-prefix-map=/<<PKGBUILDDIR>>=. -fstack-protector-strong -Wformat -Werror=format-security -Wdate-time -D_FORTIFY_SOURCE=2 -std=gnu++11 -Wall -W -D_REENTRANT -fPIC -DQDJANGO_SHARED -DQT_NO_DEBUG -DQT_GUI_LIB -DQT_NETWORK_LIB -DQT_SQL_LIB -DQT_CORE_LIB -I. -I../../tests/db -I../../src/db -I../../src/http -isystem /usr/include/x86_64-linux-gnu/qt5 -isystem /usr/include/x86_64-linux-gnu/qt5/QtGui -isystem /usr/include/x86_64-linux-gnu/qt5/QtNetwork -isystem /usr/include/x86_64-linux-gnu/qt5/QtSql -isystem /usr/include/x86_64-linux-gnu/qt5/QtCore -I. -isystem /usr/include/libdrm -I/usr/lib/x86_64-linux-gnu/qt5/mkspecs/linux-g++-64 -o http-server.o http-server.cpp
g++ -c -m64 -pipe -g -O2 -fdebug-prefix-map=/<<PKGBUILDDIR>>=. -fstack-protector-strong -Wformat -Werror=format-security -Wdate-time -D_FORTIFY_SOURCE=2 -std=gnu++11 -Wall -W -D_REENTRANT -fPIC -DQDJANGO_SHARED -DQT_NO_DEBUG -DQT_GUI_LIB -DQT_NETWORK_LIB -DQT_SQL_LIB -DQT_CORE_LIB -I. -I../../tests/db -I../../src/db -I../../src/http -isystem /usr/include/x86_64-linux-gnu/qt5 -isystem /usr/include/x86_64-linux-gnu/qt5/QtGui -isystem /usr/include/x86_64-linux-gnu/qt5/QtNetwork -isystem /usr/include/x86_64-linux-gnu/qt5/QtSql -isystem /usr/include/x86_64-linux-gnu/qt5/QtCore -I. -isystem /usr/include/libdrm -I/usr/lib/x86_64-linux-gnu/qt5/mkspecs/linux-g++-64 -o auth-models.o ../../tests/db/auth-models.cpp
/usr/lib/x86_64-linux-gnu/qt5/bin/rcc -name http-server http-server.qrc -o qrc_http-server.cpp
g++ -c -m64 -pipe -g -O2 -fdebug-prefix-map=/<<PKGBUILDDIR>>=. -fstack-protector-strong -Wformat -Werror=format-security -Wdate-time -D_FORTIFY_SOURCE=2 -std=gnu++11 -Wall -W -D_REENTRANT -fPIC -DQDJANGO_SHARED -DQT_NO_DEBUG -DQT_GUI_LIB -DQT_NETWORK_LIB -DQT_SQL_LIB -DQT_CORE_LIB -I. -I../../tests/db -I../../src/db -I../../src/http -isystem /usr/include/x86_64-linux-gnu/qt5 -isystem /usr/include/x86_64-linux-gnu/qt5/QtGui -isystem /usr/include/x86_64-linux-gnu/qt5/QtNetwork -isystem /usr/include/x86_64-linux-gnu/qt5/QtSql -isystem /usr/include/x86_64-linux-gnu/qt5/QtCore -I. -isystem /usr/include/libdrm -I/usr/lib/x86_64-linux-gnu/qt5/mkspecs/linux-g++-64 -o qrc_http-server.o qrc_http-server.cpp
g++ -m64 -pipe -g -O2 -fdebug-prefix-map=/<<PKGBUILDDIR>>=. -fstack-protector-strong -Wformat -Werror=format-security -Wdate-time -D_FORTIFY_SOURCE=2 -std=gnu++11 -Wall -W -dM -E -o moc_predefs.h /usr/lib/x86_64-linux-gnu/qt5/mkspecs/features/data/dummy.cpp
/usr/lib/x86_64-linux-gnu/qt5/bin/moc -DQDJANGO_SHARED -DQT_NO_DEBUG -DQT_GUI_LIB -DQT_NETWORK_LIB -DQT_SQL_LIB -DQT_CORE_LIB --include ./moc_predefs.h -I/usr/lib/x86_64-linux-gnu/qt5/mkspecs/linux-g++-64 -I/<<PKGBUILDDIR>>/examples/http-server -I/<<PKGBUILDDIR>>/tests/db -I/<<PKGBUILDDIR>>/src/db -I/<<PKGBUILDDIR>>/src/http -I/usr/include/x86_64-linux-gnu/qt5 -I/usr/include/x86_64-linux-gnu/qt5/QtGui -I/usr/include/x86_64-linux-gnu/qt5/QtNetwork -I/usr/include/x86_64-linux-gnu/qt5/QtSql -I/usr/include/x86_64-linux-gnu/qt5/QtCore -I/usr/include/clang/5.0.0/include -I/usr/include/c++/7.2.0 -I/usr/include/x86_64-linux-gnu/c++/7.2.0 -I/usr/include/c++/7.2.0/backward -I/usr/local/include -I/usr/include/x86_64-linux-gnu -I/usr/include http-server.h -o moc_http-server.cpp
g++ -c -m64 -pipe -g -O2 -fdebug-prefix-map=/<<PKGBUILDDIR>>=. -fstack-protector-strong -Wformat -Werror=format-security -Wdate-time -D_FORTIFY_SOURCE=2 -std=gnu++11 -Wall -W -D_REENTRANT -fPIC -DQDJANGO_SHARED -DQT_NO_DEBUG -DQT_GUI_LIB -DQT_NETWORK_LIB -DQT_SQL_LIB -DQT_CORE_LIB -I. -I../../tests/db -I../../src/db -I../../src/http -isystem /usr/include/x86_64-linux-gnu/qt5 -isystem /usr/include/x86_64-linux-gnu/qt5/QtGui -isystem /usr/include/x86_64-linux-gnu/qt5/QtNetwork -isystem /usr/include/x86_64-linux-gnu/qt5/QtSql -isystem /usr/include/x86_64-linux-gnu/qt5/QtCore -I. -isystem /usr/include/libdrm -I/usr/lib/x86_64-linux-gnu/qt5/mkspecs/linux-g++-64 -o moc_http-server.o moc_http-server.cpp
/usr/lib/x86_64-linux-gnu/qt5/bin/moc -DQDJANGO_SHARED -DQT_NO_DEBUG -DQT_GUI_LIB -DQT_NETWORK_LIB -DQT_SQL_LIB -DQT_CORE_LIB --include ./moc_predefs.h -I/usr/lib/x86_64-linux-gnu/qt5/mkspecs/linux-g++-64 -I/<<PKGBUILDDIR>>/examples/http-server -I/<<PKGBUILDDIR>>/tests/db -I/<<PKGBUILDDIR>>/src/db -I/<<PKGBUILDDIR>>/src/http -I/usr/include/x86_64-linux-gnu/qt5 -I/usr/include/x86_64-linux-gnu/qt5/QtGui -I/usr/include/x86_64-linux-gnu/qt5/QtNetwork -I/usr/include/x86_64-linux-gnu/qt5/QtSql -I/usr/include/x86_64-linux-gnu/qt5/QtCore -I/usr/include/clang/5.0.0/include -I/usr/include/c++/7.2.0 -I/usr/include/x86_64-linux-gnu/c++/7.2.0 -I/usr/include/c++/7.2.0/backward -I/usr/local/include -I/usr/include/x86_64-linux-gnu -I/usr/include ../../tests/db/auth-models.h -o moc_auth-models.cpp
g++ -c -m64 -pipe -g -O2 -fdebug-prefix-map=/<<PKGBUILDDIR>>=. -fstack-protector-strong -Wformat -Werror=format-security -Wdate-time -D_FORTIFY_SOURCE=2 -std=gnu++11 -Wall -W -D_REENTRANT -fPIC -DQDJANGO_SHARED -DQT_NO_DEBUG -DQT_GUI_LIB -DQT_NETWORK_LIB -DQT_SQL_LIB -DQT_CORE_LIB -I. -I../../tests/db -I../../src/db -I../../src/http -isystem /usr/include/x86_64-linux-gnu/qt5 -isystem /usr/include/x86_64-linux-gnu/qt5/QtGui -isystem /usr/include/x86_64-linux-gnu/qt5/QtNetwork -isystem /usr/include/x86_64-linux-gnu/qt5/QtSql -isystem /usr/include/x86_64-linux-gnu/qt5/QtCore -I. -isystem /usr/include/libdrm -I/usr/lib/x86_64-linux-gnu/qt5/mkspecs/linux-g++-64 -o moc_auth-models.o moc_auth-models.cpp
g++ -m64 -Wl,-z,relro -o qdjango-http-server http-server.o auth-models.o qrc_http-server.o moc_http-server.o moc_auth-models.o   -L/usr/X11R6/lib64 -L../../src/db -lqdjango-db -L../../src/http -lqdjango-http -L/usr/lib/x86_64-linux-gnu -lQt5Gui -lQt5Network -lQt5Sql -lQt5Core -lGL -lpthread 
make[3]: Leaving directory '/<<PKGBUILDDIR>>/examples/http-server'
make[2]: Leaving directory '/<<PKGBUILDDIR>>/examples'
make[1]: Leaving directory '/<<PKGBUILDDIR>>'
   dh_auto_test -a
	make -j1 check
make[1]: Entering directory '/<<PKGBUILDDIR>>'
Makefile:362: warning: overriding recipe for target 'dist'
Makefile:320: warning: ignoring old recipe for target 'dist'
cd src/ && ( test -e Makefile || /usr/lib/x86_64-linux-gnu/qt5/bin/qmake -o Makefile /<<PKGBUILDDIR>>/src/src.pro -nocache 'QMAKE_CFLAGS_RELEASE=-g -O2 -fdebug-prefix-map=/<<PKGBUILDDIR>>=. -fstack-protector-strong -Wformat -Werror=format-security -Wdate-time -D_FORTIFY_SOURCE=2' 'QMAKE_CFLAGS_DEBUG=-g -O2 -fdebug-prefix-map=/<<PKGBUILDDIR>>=. -fstack-protector-strong -Wformat -Werror=format-security -Wdate-time -D_FORTIFY_SOURCE=2' 'QMAKE_CXXFLAGS_RELEASE=-g -O2 -fdebug-prefix-map=/<<PKGBUILDDIR>>=. -fstack-protector-strong -Wformat -Werror=format-security -Wdate-time -D_FORTIFY_SOURCE=2' 'QMAKE_CXXFLAGS_DEBUG=-g -O2 -fdebug-prefix-map=/<<PKGBUILDDIR>>=. -fstack-protector-strong -Wformat -Werror=format-security -Wdate-time -D_FORTIFY_SOURCE=2' QMAKE_LFLAGS_RELEASE=-Wl,-z,relro QMAKE_LFLAGS_DEBUG=-Wl,-z,relro QMAKE_STRIP=: PREFIX=/usr LIBDIR=lib/x86_64-linux-gnu ) && make -f Makefile check
make[2]: Entering directory '/<<PKGBUILDDIR>>/src'
cd db/ && ( test -e Makefile || /usr/lib/x86_64-linux-gnu/qt5/bin/qmake -o Makefile /<<PKGBUILDDIR>>/src/db/db.pro -nocache 'QMAKE_CFLAGS_RELEASE=-g -O2 -fdebug-prefix-map=/<<PKGBUILDDIR>>=. -fstack-protector-strong -Wformat -Werror=format-security -Wdate-time -D_FORTIFY_SOURCE=2' 'QMAKE_CFLAGS_DEBUG=-g -O2 -fdebug-prefix-map=/<<PKGBUILDDIR>>=. -fstack-protector-strong -Wformat -Werror=format-security -Wdate-time -D_FORTIFY_SOURCE=2' 'QMAKE_CXXFLAGS_RELEASE=-g -O2 -fdebug-prefix-map=/<<PKGBUILDDIR>>=. -fstack-protector-strong -Wformat -Werror=format-security -Wdate-time -D_FORTIFY_SOURCE=2' 'QMAKE_CXXFLAGS_DEBUG=-g -O2 -fdebug-prefix-map=/<<PKGBUILDDIR>>=. -fstack-protector-strong -Wformat -Werror=format-security -Wdate-time -D_FORTIFY_SOURCE=2' QMAKE_LFLAGS_RELEASE=-Wl,-z,relro QMAKE_LFLAGS_DEBUG=-Wl,-z,relro QMAKE_STRIP=: PREFIX=/usr LIBDIR=lib/x86_64-linux-gnu ) && make -f Makefile check
make[3]: Entering directory '/<<PKGBUILDDIR>>/src/db'
make[3]: Nothing to be done for 'check'.
make[3]: Leaving directory '/<<PKGBUILDDIR>>/src/db'
cd http/ && ( test -e Makefile || /usr/lib/x86_64-linux-gnu/qt5/bin/qmake -o Makefile /<<PKGBUILDDIR>>/src/http/http.pro -nocache 'QMAKE_CFLAGS_RELEASE=-g -O2 -fdebug-prefix-map=/<<PKGBUILDDIR>>=. -fstack-protector-strong -Wformat -Werror=format-security -Wdate-time -D_FORTIFY_SOURCE=2' 'QMAKE_CFLAGS_DEBUG=-g -O2 -fdebug-prefix-map=/<<PKGBUILDDIR>>=. -fstack-protector-strong -Wformat -Werror=format-security -Wdate-time -D_FORTIFY_SOURCE=2' 'QMAKE_CXXFLAGS_RELEASE=-g -O2 -fdebug-prefix-map=/<<PKGBUILDDIR>>=. -fstack-protector-strong -Wformat -Werror=format-security -Wdate-time -D_FORTIFY_SOURCE=2' 'QMAKE_CXXFLAGS_DEBUG=-g -O2 -fdebug-prefix-map=/<<PKGBUILDDIR>>=. -fstack-protector-strong -Wformat -Werror=format-security -Wdate-time -D_FORTIFY_SOURCE=2' QMAKE_LFLAGS_RELEASE=-Wl,-z,relro QMAKE_LFLAGS_DEBUG=-Wl,-z,relro QMAKE_STRIP=: PREFIX=/usr LIBDIR=lib/x86_64-linux-gnu ) && make -f Makefile check
make[3]: Entering directory '/<<PKGBUILDDIR>>/src/http'
make[3]: Nothing to be done for 'check'.
make[3]: Leaving directory '/<<PKGBUILDDIR>>/src/http'
make[2]: Leaving directory '/<<PKGBUILDDIR>>/src'
cd tests/ && ( test -e Makefile || /usr/lib/x86_64-linux-gnu/qt5/bin/qmake -o Makefile /<<PKGBUILDDIR>>/tests/tests.pro -nocache 'QMAKE_CFLAGS_RELEASE=-g -O2 -fdebug-prefix-map=/<<PKGBUILDDIR>>=. -fstack-protector-strong -Wformat -Werror=format-security -Wdate-time -D_FORTIFY_SOURCE=2' 'QMAKE_CFLAGS_DEBUG=-g -O2 -fdebug-prefix-map=/<<PKGBUILDDIR>>=. -fstack-protector-strong -Wformat -Werror=format-security -Wdate-time -D_FORTIFY_SOURCE=2' 'QMAKE_CXXFLAGS_RELEASE=-g -O2 -fdebug-prefix-map=/<<PKGBUILDDIR>>=. -fstack-protector-strong -Wformat -Werror=format-security -Wdate-time -D_FORTIFY_SOURCE=2' 'QMAKE_CXXFLAGS_DEBUG=-g -O2 -fdebug-prefix-map=/<<PKGBUILDDIR>>=. -fstack-protector-strong -Wformat -Werror=format-security -Wdate-time -D_FORTIFY_SOURCE=2' QMAKE_LFLAGS_RELEASE=-Wl,-z,relro QMAKE_LFLAGS_DEBUG=-Wl,-z,relro QMAKE_STRIP=: PREFIX=/usr LIBDIR=lib/x86_64-linux-gnu ) && make -f Makefile check
make[2]: Entering directory '/<<PKGBUILDDIR>>/tests'
cd db/ && ( test -e Makefile || /usr/lib/x86_64-linux-gnu/qt5/bin/qmake -o Makefile /<<PKGBUILDDIR>>/tests/db/db.pro -nocache 'QMAKE_CFLAGS_RELEASE=-g -O2 -fdebug-prefix-map=/<<PKGBUILDDIR>>=. -fstack-protector-strong -Wformat -Werror=format-security -Wdate-time -D_FORTIFY_SOURCE=2' 'QMAKE_CFLAGS_DEBUG=-g -O2 -fdebug-prefix-map=/<<PKGBUILDDIR>>=. -fstack-protector-strong -Wformat -Werror=format-security -Wdate-time -D_FORTIFY_SOURCE=2' 'QMAKE_CXXFLAGS_RELEASE=-g -O2 -fdebug-prefix-map=/<<PKGBUILDDIR>>=. -fstack-protector-strong -Wformat -Werror=format-security -Wdate-time -D_FORTIFY_SOURCE=2' 'QMAKE_CXXFLAGS_DEBUG=-g -O2 -fdebug-prefix-map=/<<PKGBUILDDIR>>=. -fstack-protector-strong -Wformat -Werror=format-security -Wdate-time -D_FORTIFY_SOURCE=2' QMAKE_LFLAGS_RELEASE=-Wl,-z,relro QMAKE_LFLAGS_DEBUG=-Wl,-z,relro QMAKE_STRIP=: PREFIX=/usr LIBDIR=lib/x86_64-linux-gnu ) && make -f Makefile check
make[3]: Entering directory '/<<PKGBUILDDIR>>/tests/db'
cd qdjango/ && ( test -e Makefile || /usr/lib/x86_64-linux-gnu/qt5/bin/qmake -o Makefile /<<PKGBUILDDIR>>/tests/db/qdjango/qdjango.pro -nocache 'QMAKE_CFLAGS_RELEASE=-g -O2 -fdebug-prefix-map=/<<PKGBUILDDIR>>=. -fstack-protector-strong -Wformat -Werror=format-security -Wdate-time -D_FORTIFY_SOURCE=2' 'QMAKE_CFLAGS_DEBUG=-g -O2 -fdebug-prefix-map=/<<PKGBUILDDIR>>=. -fstack-protector-strong -Wformat -Werror=format-security -Wdate-time -D_FORTIFY_SOURCE=2' 'QMAKE_CXXFLAGS_RELEASE=-g -O2 -fdebug-prefix-map=/<<PKGBUILDDIR>>=. -fstack-protector-strong -Wformat -Werror=format-security -Wdate-time -D_FORTIFY_SOURCE=2' 'QMAKE_CXXFLAGS_DEBUG=-g -O2 -fdebug-prefix-map=/<<PKGBUILDDIR>>=. -fstack-protector-strong -Wformat -Werror=format-security -Wdate-time -D_FORTIFY_SOURCE=2' QMAKE_LFLAGS_RELEASE=-Wl,-z,relro QMAKE_LFLAGS_DEBUG=-Wl,-z,relro QMAKE_STRIP=: PREFIX=/usr LIBDIR=lib/x86_64-linux-gnu ) && make -f Makefile check
make[4]: Entering directory '/<<PKGBUILDDIR>>/tests/db/qdjango'
/<<PKGBUILDDIR>>/tests/db/qdjango/target_wrapper.sh  ./tst_qdjango 
********* Start testing of tst_QDjango *********
Config: Using QtTest library 5.9.1, Qt 5.9.1 (x86_64-little_endian-lp64 shared (dynamic) release build; by GCC 7.1.0)
PASS   : tst_QDjango::initTestCase()
SKIP   : tst_QDjango::databaseThreaded() Threaded test cannot work with in-memory SQLite database.
   Loc: [tst_qdjango.cpp(104)]
PASS   : tst_QDjango::debugEnabled()
QWARN  : tst_QDjango::debugQuery() SQL error QSqlError("1", "Unable to execute statement", "no such column: foo")
PASS   : tst_QDjango::debugQuery()
PASS   : tst_QDjango::cleanupTestCase()
Totals: 4 passed, 0 failed, 1 skipped, 0 blacklisted, 2ms
********* Finished testing of tst_QDjango *********
make[4]: Leaving directory '/<<PKGBUILDDIR>>/tests/db/qdjango'
cd qdjangocompiler/ && ( test -e Makefile || /usr/lib/x86_64-linux-gnu/qt5/bin/qmake -o Makefile /<<PKGBUILDDIR>>/tests/db/qdjangocompiler/qdjangocompiler.pro -nocache 'QMAKE_CFLAGS_RELEASE=-g -O2 -fdebug-prefix-map=/<<PKGBUILDDIR>>=. -fstack-protector-strong -Wformat -Werror=format-security -Wdate-time -D_FORTIFY_SOURCE=2' 'QMAKE_CFLAGS_DEBUG=-g -O2 -fdebug-prefix-map=/<<PKGBUILDDIR>>=. -fstack-protector-strong -Wformat -Werror=format-security -Wdate-time -D_FORTIFY_SOURCE=2' 'QMAKE_CXXFLAGS_RELEASE=-g -O2 -fdebug-prefix-map=/<<PKGBUILDDIR>>=. -fstack-protector-strong -Wformat -Werror=format-security -Wdate-time -D_FORTIFY_SOURCE=2' 'QMAKE_CXXFLAGS_DEBUG=-g -O2 -fdebug-prefix-map=/<<PKGBUILDDIR>>=. -fstack-protector-strong -Wformat -Werror=format-security -Wdate-time -D_FORTIFY_SOURCE=2' QMAKE_LFLAGS_RELEASE=-Wl,-z,relro QMAKE_LFLAGS_DEBUG=-Wl,-z,relro QMAKE_STRIP=: PREFIX=/usr LIBDIR=lib/x86_64-linux-gnu ) && make -f Makefile check
make[4]: Entering directory '/<<PKGBUILDDIR>>/tests/db/qdjangocompiler'
/<<PKGBUILDDIR>>/tests/db/qdjangocompiler/target_wrapper.sh  ./tst_qdjangocompiler 
********* Start testing of tst_QDjangoCompiler *********
Config: Using QtTest library 5.9.1, Qt 5.9.1 (x86_64-little_endian-lp64 shared (dynamic) release build; by GCC 7.1.0)
PASS   : tst_QDjangoCompiler::initTestCase()
PASS   : tst_QDjangoCompiler::fieldNames(non recursive)
PASS   : tst_QDjangoCompiler::fieldNames(recurse one level)
PASS   : tst_QDjangoCompiler::fieldNames(recurse with nullable)
PASS   : tst_QDjangoCompiler::fieldNames(recurse two levels)
PASS   : tst_QDjangoCompiler::fieldNames(recurse two levels with nullable item)
PASS   : tst_QDjangoCompiler::fieldNames(order ascending)
PASS   : tst_QDjangoCompiler::fieldNames(order ascending explicit)
PASS   : tst_QDjangoCompiler::fieldNames(order ascending foreign)
PASS   : tst_QDjangoCompiler::fieldNames(order ascending foreign double)
PASS   : tst_QDjangoCompiler::fieldNames(order descending)
PASS   : tst_QDjangoCompiler::fieldNames(filter local field)
PASS   : tst_QDjangoCompiler::fieldNames(filter foreign field)
PASS   : tst_QDjangoCompiler::fieldNames(filter reverse field)
PASS   : tst_QDjangoCompiler::fieldNames(filter multiple fields)
PASS   : tst_QDjangoCompiler::orderLimitSql(no order, from 0)
PASS   : tst_QDjangoCompiler::orderLimitSql(no order, from 0 to 3)
PASS   : tst_QDjangoCompiler::orderLimitSql(no order, from 1)
PASS   : tst_QDjangoCompiler::orderLimitSql(no order, from 1 to 3)
PASS   : tst_QDjangoCompiler::cleanupTestCase()
Totals: 20 passed, 0 failed, 0 skipped, 0 blacklisted, 2ms
********* Finished testing of tst_QDjangoCompiler *********
make[4]: Leaving directory '/<<PKGBUILDDIR>>/tests/db/qdjangocompiler'
cd qdjangometamodel/ && ( test -e Makefile || /usr/lib/x86_64-linux-gnu/qt5/bin/qmake -o Makefile /<<PKGBUILDDIR>>/tests/db/qdjangometamodel/qdjangometamodel.pro -nocache 'QMAKE_CFLAGS_RELEASE=-g -O2 -fdebug-prefix-map=/<<PKGBUILDDIR>>=. -fstack-protector-strong -Wformat -Werror=format-security -Wdate-time -D_FORTIFY_SOURCE=2' 'QMAKE_CFLAGS_DEBUG=-g -O2 -fdebug-prefix-map=/<<PKGBUILDDIR>>=. -fstack-protector-strong -Wformat -Werror=format-security -Wdate-time -D_FORTIFY_SOURCE=2' 'QMAKE_CXXFLAGS_RELEASE=-g -O2 -fdebug-prefix-map=/<<PKGBUILDDIR>>=. -fstack-protector-strong -Wformat -Werror=format-security -Wdate-time -D_FORTIFY_SOURCE=2' 'QMAKE_CXXFLAGS_DEBUG=-g -O2 -fdebug-prefix-map=/<<PKGBUILDDIR>>=. -fstack-protector-strong -Wformat -Werror=format-security -Wdate-time -D_FORTIFY_SOURCE=2' QMAKE_LFLAGS_RELEASE=-Wl,-z,relro QMAKE_LFLAGS_DEBUG=-Wl,-z,relro QMAKE_STRIP=: PREFIX=/usr LIBDIR=lib/x86_64-linux-gnu ) && make -f Makefile check
make[4]: Entering directory '/<<PKGBUILDDIR>>/tests/db/qdjangometamodel'
/<<PKGBUILDDIR>>/tests/db/qdjangometamodel/target_wrapper.sh  ./tst_qdjangometamodel 
********* Start testing of tst_QDjangoMetaModel *********
Config: Using QtTest library 5.9.1, Qt 5.9.1 (x86_64-little_endian-lp64 shared (dynamic) release build; by GCC 7.1.0)
PASS   : tst_QDjangoMetaModel::initTestCase()
PASS   : tst_QDjangoMetaModel::testBool()
PASS   : tst_QDjangoMetaModel::testByteArray()
PASS   : tst_QDjangoMetaModel::testDate()
PASS   : tst_QDjangoMetaModel::testDateTime()
PASS   : tst_QDjangoMetaModel::testDouble()
PASS   : tst_QDjangoMetaModel::testInteger()
PASS   : tst_QDjangoMetaModel::testLongLong()
PASS   : tst_QDjangoMetaModel::testString()
PASS   : tst_QDjangoMetaModel::testTime()
SKIP   : tst_QDjangoMetaModel::testOptions() makes platform-dependent assumptions about hashing
   Loc: [tst_qdjangometamodel.cpp(321)]
SKIP   : tst_QDjangoMetaModel::testConstraints() makes platform-dependent assumptions about hashing
   Loc: [tst_qdjangometamodel.cpp(426)]
PASS   : tst_QDjangoMetaModel::testIsValid()
PASS   : tst_QDjangoMetaModel::cleanupTestCase()
Totals: 12 passed, 0 failed, 2 skipped, 0 blacklisted, 5ms
********* Finished testing of tst_QDjangoMetaModel *********
make[4]: Leaving directory '/<<PKGBUILDDIR>>/tests/db/qdjangometamodel'
cd qdjangomodel/ && ( test -e Makefile || /usr/lib/x86_64-linux-gnu/qt5/bin/qmake -o Makefile /<<PKGBUILDDIR>>/tests/db/qdjangomodel/qdjangomodel.pro -nocache 'QMAKE_CFLAGS_RELEASE=-g -O2 -fdebug-prefix-map=/<<PKGBUILDDIR>>=. -fstack-protector-strong -Wformat -Werror=format-security -Wdate-time -D_FORTIFY_SOURCE=2' 'QMAKE_CFLAGS_DEBUG=-g -O2 -fdebug-prefix-map=/<<PKGBUILDDIR>>=. -fstack-protector-strong -Wformat -Werror=format-security -Wdate-time -D_FORTIFY_SOURCE=2' 'QMAKE_CXXFLAGS_RELEASE=-g -O2 -fdebug-prefix-map=/<<PKGBUILDDIR>>=. -fstack-protector-strong -Wformat -Werror=format-security -Wdate-time -D_FORTIFY_SOURCE=2' 'QMAKE_CXXFLAGS_DEBUG=-g -O2 -fdebug-prefix-map=/<<PKGBUILDDIR>>=. -fstack-protector-strong -Wformat -Werror=format-security -Wdate-time -D_FORTIFY_SOURCE=2' QMAKE_LFLAGS_RELEASE=-Wl,-z,relro QMAKE_LFLAGS_DEBUG=-Wl,-z,relro QMAKE_STRIP=: PREFIX=/usr LIBDIR=lib/x86_64-linux-gnu ) && make -f Makefile check
make[4]: Entering directory '/<<PKGBUILDDIR>>/tests/db/qdjangomodel'
/<<PKGBUILDDIR>>/tests/db/qdjangomodel/target_wrapper.sh  ./tst_qdjangomodel 
********* Start testing of tst_QDjangoModel *********
Config: Using QtTest library 5.9.1, Qt 5.9.1 (x86_64-little_endian-lp64 shared (dynamic) release build; by GCC 7.1.0)
PASS   : tst_QDjangoModel::initTestCase()
PASS   : tst_QDjangoModel::deleteCascade()
PASS   : tst_QDjangoModel::foreignKey()
PASS   : tst_QDjangoModel::foreignKey_null()
PASS   : tst_QDjangoModel::setForeignKey()
PASS   : tst_QDjangoModel::filterRelated()
PASS   : tst_QDjangoModel::filterRelatedReverse()
PASS   : tst_QDjangoModel::filterRelatedReverse_null()
PASS   : tst_QDjangoModel::primaryKey()
PASS   : tst_QDjangoModel::selectRelated()
PASS   : tst_QDjangoModel::selectRelated_null()
PASS   : tst_QDjangoModel::toString()
PASS   : tst_QDjangoModel::cleanupTestCase()
Totals: 13 passed, 0 failed, 0 skipped, 0 blacklisted, 12ms
********* Finished testing of tst_QDjangoModel *********
make[4]: Leaving directory '/<<PKGBUILDDIR>>/tests/db/qdjangomodel'
cd qdjangoqueryset/ && ( test -e Makefile || /usr/lib/x86_64-linux-gnu/qt5/bin/qmake -o Makefile /<<PKGBUILDDIR>>/tests/db/qdjangoqueryset/qdjangoqueryset.pro -nocache 'QMAKE_CFLAGS_RELEASE=-g -O2 -fdebug-prefix-map=/<<PKGBUILDDIR>>=. -fstack-protector-strong -Wformat -Werror=format-security -Wdate-time -D_FORTIFY_SOURCE=2' 'QMAKE_CFLAGS_DEBUG=-g -O2 -fdebug-prefix-map=/<<PKGBUILDDIR>>=. -fstack-protector-strong -Wformat -Werror=format-security -Wdate-time -D_FORTIFY_SOURCE=2' 'QMAKE_CXXFLAGS_RELEASE=-g -O2 -fdebug-prefix-map=/<<PKGBUILDDIR>>=. -fstack-protector-strong -Wformat -Werror=format-security -Wdate-time -D_FORTIFY_SOURCE=2' 'QMAKE_CXXFLAGS_DEBUG=-g -O2 -fdebug-prefix-map=/<<PKGBUILDDIR>>=. -fstack-protector-strong -Wformat -Werror=format-security -Wdate-time -D_FORTIFY_SOURCE=2' QMAKE_LFLAGS_RELEASE=-Wl,-z,relro QMAKE_LFLAGS_DEBUG=-Wl,-z,relro QMAKE_STRIP=: PREFIX=/usr LIBDIR=lib/x86_64-linux-gnu ) && make -f Makefile check
make[4]: Entering directory '/<<PKGBUILDDIR>>/tests/db/qdjangoqueryset'
/<<PKGBUILDDIR>>/tests/db/qdjangoqueryset/target_wrapper.sh  ./tst_qdjangoqueryset 
********* Start testing of tst_QDjangoQuerySetPrivate *********
Config: Using QtTest library 5.9.1, Qt 5.9.1 (x86_64-little_endian-lp64 shared (dynamic) release build; by GCC 7.1.0)
PASS   : tst_QDjangoQuerySetPrivate::initTestCase()
PASS   : tst_QDjangoQuerySetPrivate::countQuery()
PASS   : tst_QDjangoQuerySetPrivate::deleteQuery()
PASS   : tst_QDjangoQuerySetPrivate::insertQuery()
PASS   : tst_QDjangoQuerySetPrivate::selectQuery()
PASS   : tst_QDjangoQuerySetPrivate::updateQuery()
PASS   : tst_QDjangoQuerySetPrivate::cleanupTestCase()
Totals: 7 passed, 0 failed, 0 skipped, 0 blacklisted, 2ms
********* Finished testing of tst_QDjangoQuerySetPrivate *********
make[4]: Leaving directory '/<<PKGBUILDDIR>>/tests/db/qdjangoqueryset'
cd qdjangowhere/ && ( test -e Makefile || /usr/lib/x86_64-linux-gnu/qt5/bin/qmake -o Makefile /<<PKGBUILDDIR>>/tests/db/qdjangowhere/qdjangowhere.pro -nocache 'QMAKE_CFLAGS_RELEASE=-g -O2 -fdebug-prefix-map=/<<PKGBUILDDIR>>=. -fstack-protector-strong -Wformat -Werror=format-security -Wdate-time -D_FORTIFY_SOURCE=2' 'QMAKE_CFLAGS_DEBUG=-g -O2 -fdebug-prefix-map=/<<PKGBUILDDIR>>=. -fstack-protector-strong -Wformat -Werror=format-security -Wdate-time -D_FORTIFY_SOURCE=2' 'QMAKE_CXXFLAGS_RELEASE=-g -O2 -fdebug-prefix-map=/<<PKGBUILDDIR>>=. -fstack-protector-strong -Wformat -Werror=format-security -Wdate-time -D_FORTIFY_SOURCE=2' 'QMAKE_CXXFLAGS_DEBUG=-g -O2 -fdebug-prefix-map=/<<PKGBUILDDIR>>=. -fstack-protector-strong -Wformat -Werror=format-security -Wdate-time -D_FORTIFY_SOURCE=2' QMAKE_LFLAGS_RELEASE=-Wl,-z,relro QMAKE_LFLAGS_DEBUG=-Wl,-z,relro QMAKE_STRIP=: PREFIX=/usr LIBDIR=lib/x86_64-linux-gnu ) && make -f Makefile check
make[4]: Entering directory '/<<PKGBUILDDIR>>/tests/db/qdjangowhere'
/<<PKGBUILDDIR>>/tests/db/qdjangowhere/target_wrapper.sh  ./tst_qdjangowhere 
********* Start testing of tst_QDjangoWhere *********
Config: Using QtTest library 5.9.1, Qt 5.9.1 (x86_64-little_endian-lp64 shared (dynamic) release build; by GCC 7.1.0)
PASS   : tst_QDjangoWhere::initTestCase()
PASS   : tst_QDjangoWhere::emptyWhere()
PASS   : tst_QDjangoWhere::equalsWhere()
PASS   : tst_QDjangoWhere::iEqualsWhere()
PASS   : tst_QDjangoWhere::notEqualsWhere()
PASS   : tst_QDjangoWhere::iNotEqualsWhere()
PASS   : tst_QDjangoWhere::greaterThan()
PASS   : tst_QDjangoWhere::greaterOrEquals()
PASS   : tst_QDjangoWhere::lessThan()
PASS   : tst_QDjangoWhere::lessOrEquals()
PASS   : tst_QDjangoWhere::isIn()
PASS   : tst_QDjangoWhere::isNull()
PASS   : tst_QDjangoWhere::startsWith()
PASS   : tst_QDjangoWhere::iStartsWith()
PASS   : tst_QDjangoWhere::endsWith()
PASS   : tst_QDjangoWhere::iEndsWith()
PASS   : tst_QDjangoWhere::contains()
PASS   : tst_QDjangoWhere::iContains()
PASS   : tst_QDjangoWhere::andWhere()
PASS   : tst_QDjangoWhere::orWhere()
PASS   : tst_QDjangoWhere::complexWhere()
PASS   : tst_QDjangoWhere::toString()
PASS   : tst_QDjangoWhere::cleanupTestCase()
Totals: 23 passed, 0 failed, 0 skipped, 0 blacklisted, 2ms
********* Finished testing of tst_QDjangoWhere *********
make[4]: Leaving directory '/<<PKGBUILDDIR>>/tests/db/qdjangowhere'
cd auth/ && ( test -e Makefile || /usr/lib/x86_64-linux-gnu/qt5/bin/qmake -o Makefile /<<PKGBUILDDIR>>/tests/db/auth/auth.pro -nocache 'QMAKE_CFLAGS_RELEASE=-g -O2 -fdebug-prefix-map=/<<PKGBUILDDIR>>=. -fstack-protector-strong -Wformat -Werror=format-security -Wdate-time -D_FORTIFY_SOURCE=2' 'QMAKE_CFLAGS_DEBUG=-g -O2 -fdebug-prefix-map=/<<PKGBUILDDIR>>=. -fstack-protector-strong -Wformat -Werror=format-security -Wdate-time -D_FORTIFY_SOURCE=2' 'QMAKE_CXXFLAGS_RELEASE=-g -O2 -fdebug-prefix-map=/<<PKGBUILDDIR>>=. -fstack-protector-strong -Wformat -Werror=format-security -Wdate-time -D_FORTIFY_SOURCE=2' 'QMAKE_CXXFLAGS_DEBUG=-g -O2 -fdebug-prefix-map=/<<PKGBUILDDIR>>=. -fstack-protector-strong -Wformat -Werror=format-security -Wdate-time -D_FORTIFY_SOURCE=2' QMAKE_LFLAGS_RELEASE=-Wl,-z,relro QMAKE_LFLAGS_DEBUG=-Wl,-z,relro QMAKE_STRIP=: PREFIX=/usr LIBDIR=lib/x86_64-linux-gnu ) && make -f Makefile check
make[4]: Entering directory '/<<PKGBUILDDIR>>/tests/db/auth'
/<<PKGBUILDDIR>>/tests/db/auth/target_wrapper.sh  ./tst_auth 
********* Start testing of tst_Auth *********
Config: Using QtTest library 5.9.1, Qt 5.9.1 (x86_64-little_endian-lp64 shared (dynamic) release build; by GCC 7.1.0)
PASS   : tst_Auth::initTestCase()
PASS   : tst_Auth::create()
PASS   : tst_Auth::remove()
PASS   : tst_Auth::removeFilter()
PASS   : tst_Auth::removeLimit()
PASS   : tst_Auth::get()
PASS   : tst_Auth::filter()
PASS   : tst_Auth::filterLike()
PASS   : tst_Auth::exclude()
PASS   : tst_Auth::limit()
PASS   : tst_Auth::subLimit()
PASS   : tst_Auth::orderBy()
PASS   : tst_Auth::update()
PASS   : tst_Auth::values()
PASS   : tst_Auth::valuesList()
FAIL!  : tst_Auth::constIterator() '&*(it += 2) == 0' returned FALSE. ()
   Loc: [tst_auth.cpp(624)]
PASS   : tst_Auth::testGroups()
PASS   : tst_Auth::testRelated()
PASS   : tst_Auth::filterRelated()
PASS   : tst_Auth::cleanupTestCase()
Totals: 19 passed, 1 failed, 0 skipped, 0 blacklisted, 20ms
********* Finished testing of tst_Auth *********
Makefile:350: recipe for target 'check' failed
make[4]: *** [check] Error 1
make[4]: Leaving directory '/<<PKGBUILDDIR>>/tests/db/auth'
Makefile:413: recipe for target 'sub-auth-check' failed
make[3]: *** [sub-auth-check] Error 2
make[3]: Leaving directory '/<<PKGBUILDDIR>>/tests/db'
Makefile:239: recipe for target 'sub-db-check' failed
make[2]: *** [sub-db-check] Error 2
make[2]: Leaving directory '/<<PKGBUILDDIR>>/tests'
Makefile:329: recipe for target 'sub-tests-check_ordered' failed
make[1]: *** [sub-tests-check_ordered] Error 2
make[1]: Leaving directory '/<<PKGBUILDDIR>>'
dh_auto_test: make -j1 check returned exit code 2
debian/rules:9: recipe for target 'build-arch' failed
make: *** [build-arch] Error 2
dpkg-buildpackage: error: debian/rules build-arch gave error exit status 2
--------------------------------------------------------------------------------
Build finished at 2017-08-20T18:32:23Z

Finished
--------


+------------------------------------------------------------------------------+
| Cleanup                                                                      |
+------------------------------------------------------------------------------+

Purging /<<BUILDDIR>>
Not cleaning session: cloned chroot in use
E: Build failure (dpkg-buildpackage died)

+------------------------------------------------------------------------------+
| Summary                                                                      |
+------------------------------------------------------------------------------+

Build Architecture: amd64
Build Type: any
Build-Space: 59712
Build-Time: 85
Distribution: unstable
Fail-Stage: build
Host Architecture: amd64
Install-Time: 12
Job: qdjango_0.6.2-2
Machine Architecture: amd64
Package: qdjango
Package-Time: 120
Source-Version: 0.6.2-2
Space: 59712
Status: attempted
Version: 0.6.2-2
--------------------------------------------------------------------------------
Finished at 2017-08-20T18:32:23Z
Build needed 00:02:00, 59712k disk space
E: Build failure (dpkg-buildpackage died)
DC-Status: Failed 120.909211968s
DC-Time-Estimation: 120.909211968 versus expected 211 (r/m: 0.7451110346814894 ; m: 120.909211968)
