DC-Build-Header: ruby-libvirt 0.7.0-1 / 2017-08-20 18:50:45 +0000
DC-Task: type:rebuild-binarch-only source:ruby-libvirt version:0.7.0-1 chroot:unstable esttime:103 logfile:/tmp/ruby-libvirt_0.7.0-1_unstable_clang5.0.log modes:clang50:binarch-only
DC-Sbuild-call: su user42 -c 'sbuild -n --arch-any --apt-update -d unstable -v  --chroot-setup-commands=/tmp/clang50 ruby-libvirt_0.7.0-1'
sbuild (Debian sbuild) 0.73.0 (23 Dec 2016) on ip-172-31-43-211.eu-central-1.compute.internal

+==============================================================================+
| ruby-libvirt 0.7.0-1 (amd64)                 Sun, 20 Aug 2017 18:50:45 +0000 |
+==============================================================================+

Package: ruby-libvirt
Version: 0.7.0-1
Source Version: 0.7.0-1
Distribution: unstable
Machine Architecture: amd64
Host Architecture: amd64
Build Architecture: amd64
Build Type: any

I: NOTICE: Log filtering will replace 'var/run/schroot/mount/unstable-amd64-sbuild-cac7c32e-59a9-4baa-9f72-9287f34bbed8' with '<<CHROOT>>'

+------------------------------------------------------------------------------+
| Chroot Setup Commands                                                        |
+------------------------------------------------------------------------------+


/tmp/clang50
------------

+ echo 'Entering customization script...'
Entering customization script...
+ CLANG_VERSION=5.0
+ echo 'Install of clang-5.0'
Install of clang-5.0
+ apt-get update
Hit:1 http://127.0.0.1:9999/debian unstable InRelease
Get:2 http://127.0.0.1:9999/debian unstable/main Translation-en [5785 kB]
Fetched 5785 kB in 1s (3875 kB/s)
Reading package lists...
+ apt-get install --yes --no-install-recommends --force-yes clang-5.0
Reading package lists...
Building dependency tree...
Reading state information...
The following additional packages will be installed:
  libasan3 libbsd0 libclang-common-5.0-dev libclang1-5.0 libedit2 libgcc-6-dev
  libjsoncpp1 libllvm5.0 libncurses5 libobjc-6-dev libobjc4 libstdc++-6-dev
Suggested packages:
  gnustep gnustep-devel clang-5.0-doc libomp-dev libstdc++-6-doc
Recommended packages:
  llvm-5.0-dev python libgpm2
The following NEW packages will be installed:
  clang-5.0 libasan3 libbsd0 libclang-common-5.0-dev libclang1-5.0 libedit2
  libgcc-6-dev libjsoncpp1 libllvm5.0 libncurses5 libobjc-6-dev libobjc4
  libstdc++-6-dev
0 upgraded, 13 newly installed, 0 to remove and 0 not upgraded.
Need to get 88.4 MB of archives.
After this operation, 376 MB of additional disk space will be used.
Get:1 http://127.0.0.1:9999/debian unstable/main amd64 libbsd0 amd64 0.8.6-1 [90.3 kB]
Get:2 http://127.0.0.1:9999/debian unstable/main amd64 libncurses5 amd64 6.0+20170715-2 [93.8 kB]
Get:3 http://127.0.0.1:9999/debian unstable/main amd64 libedit2 amd64 3.1-20170329-1 [85.2 kB]
Get:4 http://127.0.0.1:9999/debian unstable/main amd64 libllvm5.0 amd64 1:5.0~+rc2-1 [13.5 MB]
Get:5 http://127.0.0.1:9999/debian unstable/main amd64 libclang1-5.0 amd64 1:5.0~+rc2-1 [6729 kB]
Get:6 http://127.0.0.1:9999/debian unstable/main amd64 libjsoncpp1 amd64 1.7.4-3 [75.6 kB]
Get:7 http://127.0.0.1:9999/debian unstable/main amd64 libasan3 amd64 6.4.0-3 [311 kB]
Get:8 http://127.0.0.1:9999/debian unstable/main amd64 libgcc-6-dev amd64 6.4.0-3 [2296 kB]
Get:9 http://127.0.0.1:9999/debian unstable/main amd64 libstdc++-6-dev amd64 6.4.0-3 [1421 kB]
Get:10 http://127.0.0.1:9999/debian unstable/main amd64 libobjc4 amd64 7.2.0-1 [51.0 kB]
Get:11 http://127.0.0.1:9999/debian unstable/main amd64 libobjc-6-dev amd64 6.4.0-3 [197 kB]
Get:12 http://127.0.0.1:9999/debian unstable/main amd64 libclang-common-5.0-dev amd64 1:5.0~+rc2-1 [1989 kB]
Get:13 http://127.0.0.1:9999/debian unstable/main amd64 clang-5.0 amd64 1:5.0~+rc2-1 [61.6 MB]
debconf: delaying package configuration, since apt-utils is not installed
Fetched 88.4 MB in 0s (96.8 MB/s)
Selecting previously unselected package libbsd0:amd64.
(Reading database ... (Reading database ... 5%(Reading database ... 10%(Reading database ... 15%(Reading database ... 20%(Reading database ... 25%(Reading database ... 30%(Reading database ... 35%(Reading database ... 40%(Reading database ... 45%(Reading database ... 50%(Reading database ... 55%(Reading database ... 60%(Reading database ... 65%(Reading database ... 70%(Reading database ... 75%(Reading database ... 80%(Reading database ... 85%(Reading database ... 90%(Reading database ... 95%(Reading database ... 100%(Reading database ... 9822 files and directories currently installed.)
Preparing to unpack .../00-libbsd0_0.8.6-1_amd64.deb ...
Unpacking libbsd0:amd64 (0.8.6-1) ...
Selecting previously unselected package libncurses5:amd64.
Preparing to unpack .../01-libncurses5_6.0+20170715-2_amd64.deb ...
Unpacking libncurses5:amd64 (6.0+20170715-2) ...
Selecting previously unselected package libedit2:amd64.
Preparing to unpack .../02-libedit2_3.1-20170329-1_amd64.deb ...
Unpacking libedit2:amd64 (3.1-20170329-1) ...
Selecting previously unselected package libllvm5.0:amd64.
Preparing to unpack .../03-libllvm5.0_1%3a5.0~+rc2-1_amd64.deb ...
Unpacking libllvm5.0:amd64 (1:5.0~+rc2-1) ...
Selecting previously unselected package libclang1-5.0:amd64.
Preparing to unpack .../04-libclang1-5.0_1%3a5.0~+rc2-1_amd64.deb ...
Unpacking libclang1-5.0:amd64 (1:5.0~+rc2-1) ...
Selecting previously unselected package libjsoncpp1:amd64.
Preparing to unpack .../05-libjsoncpp1_1.7.4-3_amd64.deb ...
Unpacking libjsoncpp1:amd64 (1.7.4-3) ...
Selecting previously unselected package libasan3:amd64.
Preparing to unpack .../06-libasan3_6.4.0-3_amd64.deb ...
Unpacking libasan3:amd64 (6.4.0-3) ...
Selecting previously unselected package libgcc-6-dev:amd64.
Preparing to unpack .../07-libgcc-6-dev_6.4.0-3_amd64.deb ...
Unpacking libgcc-6-dev:amd64 (6.4.0-3) ...
Selecting previously unselected package libstdc++-6-dev:amd64.
Preparing to unpack .../08-libstdc++-6-dev_6.4.0-3_amd64.deb ...
Unpacking libstdc++-6-dev:amd64 (6.4.0-3) ...
Selecting previously unselected package libobjc4:amd64.
Preparing to unpack .../09-libobjc4_7.2.0-1_amd64.deb ...
Unpacking libobjc4:amd64 (7.2.0-1) ...
Selecting previously unselected package libobjc-6-dev:amd64.
Preparing to unpack .../10-libobjc-6-dev_6.4.0-3_amd64.deb ...
Unpacking libobjc-6-dev:amd64 (6.4.0-3) ...
Selecting previously unselected package libclang-common-5.0-dev.
Preparing to unpack .../11-libclang-common-5.0-dev_1%3a5.0~+rc2-1_amd64.deb ...
Unpacking libclang-common-5.0-dev (1:5.0~+rc2-1) ...
Selecting previously unselected package clang-5.0.
Preparing to unpack .../12-clang-5.0_1%3a5.0~+rc2-1_amd64.deb ...
Unpacking clang-5.0 (1:5.0~+rc2-1) ...
Setting up libncurses5:amd64 (6.0+20170715-2) ...
Setting up libobjc4:amd64 (7.2.0-1) ...
Setting up libasan3:amd64 (6.4.0-3) ...
Setting up libgcc-6-dev:amd64 (6.4.0-3) ...
Setting up libstdc++-6-dev:amd64 (6.4.0-3) ...
Setting up libbsd0:amd64 (0.8.6-1) ...
Processing triggers for libc-bin (2.24-14) ...
Setting up libobjc-6-dev:amd64 (6.4.0-3) ...
Setting up libjsoncpp1:amd64 (1.7.4-3) ...
Setting up libedit2:amd64 (3.1-20170329-1) ...
Setting up libllvm5.0:amd64 (1:5.0~+rc2-1) ...
Setting up libclang1-5.0:amd64 (1:5.0~+rc2-1) ...
Setting up libclang-common-5.0-dev (1:5.0~+rc2-1) ...
Setting up clang-5.0 (1:5.0~+rc2-1) ...
Processing triggers for libc-bin (2.24-14) ...
W: --force-yes is deprecated, use one of the options starting with --allow instead.
+ echo 'Replace gcc, g++ & cpp by clang'
Replace gcc, g++ & cpp by clang
+ VERSIONS='4.6 4.7 4.8 4.9 5 6 7'
+ cd /usr/bin
+ for VERSION in $VERSIONS
+ rm -f g++-4.6 gcc-4.6 cpp-4.6 gcc
+ ln -s clang++-5.0 g++-4.6
+ ln -s clang-5.0 gcc-4.6
+ ln -s clang-5.0 cpp-4.6
+ ln -s clang-5.0 gcc
+ echo 'gcc-4.6 hold'
+ dpkg --set-selections
dpkg: warning: package not in status nor available database at line 1: gcc-4.6
dpkg: warning: found unknown packages; this might mean the available database
is outdated, and needs to be updated through a frontend method;
please see the FAQ <https://wiki.debian.org/Teams/Dpkg/FAQ>
+ echo 'g++-4.6 hold'
+ dpkg --set-selections
dpkg: warning: package not in status nor available database at line 1: g++-4.6
dpkg: warning: found unknown packages; this might mean the available database
is outdated, and needs to be updated through a frontend method;
please see the FAQ <https://wiki.debian.org/Teams/Dpkg/FAQ>
+ for VERSION in $VERSIONS
+ rm -f g++-4.7 gcc-4.7 cpp-4.7 gcc
+ ln -s clang++-5.0 g++-4.7
+ ln -s clang-5.0 gcc-4.7
+ ln -s clang-5.0 cpp-4.7
+ ln -s clang-5.0 gcc
+ echo 'gcc-4.7 hold'
+ dpkg --set-selections
dpkg: warning: package not in status nor available database at line 1: gcc-4.7
dpkg: warning: found unknown packages; this might mean the available database
is outdated, and needs to be updated through a frontend method;
please see the FAQ <https://wiki.debian.org/Teams/Dpkg/FAQ>
+ echo 'g++-4.7 hold'
+ dpkg --set-selections
dpkg: warning: package not in status nor available database at line 1: g++-4.7
dpkg: warning: found unknown packages; this might mean the available database
is outdated, and needs to be updated through a frontend method;
please see the FAQ <https://wiki.debian.org/Teams/Dpkg/FAQ>
+ for VERSION in $VERSIONS
+ rm -f g++-4.8 gcc-4.8 cpp-4.8 gcc
+ ln -s clang++-5.0 g++-4.8
+ ln -s clang-5.0 gcc-4.8
+ ln -s clang-5.0 cpp-4.8
+ ln -s clang-5.0 gcc
+ echo 'gcc-4.8 hold'
+ dpkg --set-selections
dpkg: warning: package not in status nor available database at line 1: gcc-4.8
dpkg: warning: found unknown packages; this might mean the available database
is outdated, and needs to be updated through a frontend method;
please see the FAQ <https://wiki.debian.org/Teams/Dpkg/FAQ>
+ echo 'g++-4.8 hold'
+ dpkg --set-selections
dpkg: warning: package not in status nor available database at line 1: g++-4.8
dpkg: warning: found unknown packages; this might mean the available database
is outdated, and needs to be updated through a frontend method;
please see the FAQ <https://wiki.debian.org/Teams/Dpkg/FAQ>
+ for VERSION in $VERSIONS
+ rm -f g++-4.9 gcc-4.9 cpp-4.9 gcc
+ ln -s clang++-5.0 g++-4.9
+ ln -s clang-5.0 gcc-4.9
+ ln -s clang-5.0 cpp-4.9
+ ln -s clang-5.0 gcc
+ echo 'gcc-4.9 hold'
+ dpkg --set-selections
dpkg: warning: package not in status nor available database at line 1: gcc-4.9
dpkg: warning: found unknown packages; this might mean the available database
is outdated, and needs to be updated through a frontend method;
please see the FAQ <https://wiki.debian.org/Teams/Dpkg/FAQ>
+ echo 'g++-4.9 hold'
+ dpkg --set-selections
dpkg: warning: package not in status nor available database at line 1: g++-4.9
dpkg: warning: found unknown packages; this might mean the available database
is outdated, and needs to be updated through a frontend method;
please see the FAQ <https://wiki.debian.org/Teams/Dpkg/FAQ>
+ for VERSION in $VERSIONS
+ rm -f g++-5 gcc-5 cpp-5 gcc
+ ln -s clang++-5.0 g++-5
+ ln -s clang-5.0 gcc-5
+ ln -s clang-5.0 cpp-5
+ ln -s clang-5.0 gcc
+ echo 'gcc-5 hold'
+ dpkg --set-selections
+ echo 'g++-5 hold'
+ dpkg --set-selections
+ for VERSION in $VERSIONS
+ rm -f g++-6 gcc-6 cpp-6 gcc
+ ln -s clang++-5.0 g++-6
+ ln -s clang-5.0 gcc-6
+ ln -s clang-5.0 cpp-6
+ ln -s clang-5.0 gcc
+ echo 'gcc-6 hold'
+ dpkg --set-selections
dpkg: warning: package not in status nor available database at line 1: gcc-6
dpkg: warning: found unknown packages; this might mean the available database
is outdated, and needs to be updated through a frontend method;
please see the FAQ <https://wiki.debian.org/Teams/Dpkg/FAQ>
+ echo 'g++-6 hold'
+ dpkg --set-selections
dpkg: warning: package not in status nor available database at line 1: g++-6
dpkg: warning: found unknown packages; this might mean the available database
is outdated, and needs to be updated through a frontend method;
please see the FAQ <https://wiki.debian.org/Teams/Dpkg/FAQ>
+ for VERSION in $VERSIONS
+ rm -f g++-7 gcc-7 cpp-7 gcc
+ ln -s clang++-5.0 g++-7
+ ln -s clang-5.0 gcc-7
+ ln -s clang-5.0 cpp-7
+ ln -s clang-5.0 gcc
+ echo 'gcc-7 hold'
+ dpkg --set-selections
+ echo 'g++-7 hold'
+ dpkg --set-selections
+ cd -
/build/ruby-libvirt-nVafIY
+ echo 'Check if gcc, g++ & cpp are actually clang'
Check if gcc, g++ & cpp are actually clang
+ gcc --version
+ grep clang
+ cpp --version
+ grep clang
+ g++ --version
+ grep clang

I: Finished running '/tmp/clang50'.

Finished processing commands.
--------------------------------------------------------------------------------

+------------------------------------------------------------------------------+
| Update chroot                                                                |
+------------------------------------------------------------------------------+

Hit:1 http://127.0.0.1:9999/debian unstable InRelease
Reading package lists...
Reading package lists...
Building dependency tree...
Reading state information...
Calculating upgrade...
0 upgraded, 0 newly installed, 0 to remove and 0 not upgraded.

+------------------------------------------------------------------------------+
| Fetch source files                                                           |
+------------------------------------------------------------------------------+


Check APT
---------

Checking available source versions...

Download source files with APT
------------------------------

Reading package lists...
NOTICE: 'ruby-libvirt' packaging is maintained in the 'Git' version control system at:
https://anonscm.debian.org/git/pkg-libvirt/ruby-libvirt.git
Please use:
git clone https://anonscm.debian.org/git/pkg-libvirt/ruby-libvirt.git
to retrieve the latest (possibly unreleased) updates to the package.
Need to get 121 kB of source archives.
Get:1 http://127.0.0.1:9999/debian unstable/main ruby-libvirt 0.7.0-1 (dsc) [2132 B]
Get:2 http://127.0.0.1:9999/debian unstable/main ruby-libvirt 0.7.0-1 (tar) [115 kB]
Get:3 http://127.0.0.1:9999/debian unstable/main ruby-libvirt 0.7.0-1 (diff) [3988 B]
Fetched 121 kB in 0s (320 kB/s)
Download complete and in download only mode
I: NOTICE: Log filtering will replace 'build/ruby-libvirt-nVafIY/ruby-libvirt-0.7.0' with '<<PKGBUILDDIR>>'
I: NOTICE: Log filtering will replace 'build/ruby-libvirt-nVafIY' with '<<BUILDDIR>>'

+------------------------------------------------------------------------------+
| Install build-essential                                                      |
+------------------------------------------------------------------------------+


Setup apt archive
-----------------

Merged Build-Depends: build-essential, fakeroot
Filtered Build-Depends: build-essential, fakeroot
dpkg-deb: building package 'sbuild-build-depends-core-dummy' in '/<<BUILDDIR>>/resolver-qjDsSY/apt_archive/sbuild-build-depends-core-dummy.deb'.
dpkg-scanpackages: warning: Packages in archive but missing from override file:
dpkg-scanpackages: warning:   sbuild-build-depends-core-dummy
dpkg-scanpackages: info: Wrote 1 entries to output Packages file.
Ign:1 copy:/<<BUILDDIR>>/resolver-qjDsSY/apt_archive ./ InRelease
Get:2 copy:/<<BUILDDIR>>/resolver-qjDsSY/apt_archive ./ Release [957 B]
Ign:3 copy:/<<BUILDDIR>>/resolver-qjDsSY/apt_archive ./ Release.gpg
Get:4 copy:/<<BUILDDIR>>/resolver-qjDsSY/apt_archive ./ Sources [349 B]
Get:5 copy:/<<BUILDDIR>>/resolver-qjDsSY/apt_archive ./ Packages [433 B]
Fetched 1739 B in 0s (0 B/s)
Reading package lists...
Reading package lists...

Install core build dependencies (apt-based resolver)
----------------------------------------------------

Installing build dependencies
Reading package lists...
Building dependency tree...
Reading state information...
The following NEW packages will be installed:
  sbuild-build-depends-core-dummy
0 upgraded, 1 newly installed, 0 to remove and 0 not upgraded.
Need to get 784 B of archives.
After this operation, 0 B of additional disk space will be used.
Get:1 copy:/<<BUILDDIR>>/resolver-qjDsSY/apt_archive ./ sbuild-build-depends-core-dummy 0.invalid.0 [784 B]
debconf: delaying package configuration, since apt-utils is not installed
Fetched 784 B in 0s (0 B/s)
Selecting previously unselected package sbuild-build-depends-core-dummy.
(Reading database ... 11331 files and directories currently installed.)
Preparing to unpack .../sbuild-build-depends-core-dummy_0.invalid.0_amd64.deb ...
Unpacking sbuild-build-depends-core-dummy (0.invalid.0) ...
Setting up sbuild-build-depends-core-dummy (0.invalid.0) ...

+------------------------------------------------------------------------------+
| Check architectures                                                          |
+------------------------------------------------------------------------------+

Arch check ok (amd64 included in any)

+------------------------------------------------------------------------------+
| Install package build dependencies                                           |
+------------------------------------------------------------------------------+


Setup apt archive
-----------------

Merged Build-Depends: debhelper (>= 7.0.50~), gem2deb (>= 0.6.0), libvirt-dev, pkg-config, rake, libvirt-daemon
Filtered Build-Depends: debhelper (>= 7.0.50~), gem2deb (>= 0.6.0), libvirt-dev, pkg-config, rake, libvirt-daemon
dpkg-deb: building package 'sbuild-build-depends-ruby-libvirt-dummy' in '/<<BUILDDIR>>/resolver-qjDsSY/apt_archive/sbuild-build-depends-ruby-libvirt-dummy.deb'.
dpkg-scanpackages: warning: Packages in archive but missing from override file:
dpkg-scanpackages: warning:   sbuild-build-depends-core-dummy sbuild-build-depends-ruby-libvirt-dummy
dpkg-scanpackages: info: Wrote 2 entries to output Packages file.
Ign:1 copy:/<<BUILDDIR>>/resolver-qjDsSY/apt_archive ./ InRelease
Get:2 copy:/<<BUILDDIR>>/resolver-qjDsSY/apt_archive ./ Release [963 B]
Ign:3 copy:/<<BUILDDIR>>/resolver-qjDsSY/apt_archive ./ Release.gpg
Get:4 copy:/<<BUILDDIR>>/resolver-qjDsSY/apt_archive ./ Sources [532 B]
Get:5 copy:/<<BUILDDIR>>/resolver-qjDsSY/apt_archive ./ Packages [613 B]
Fetched 2108 B in 0s (0 B/s)
Reading package lists...
Reading package lists...

Install ruby-libvirt build dependencies (apt-based resolver)
------------------------------------------------------------

Installing build dependencies
Reading package lists...
Building dependency tree...
Reading state information...
The following additional packages will be installed:
  augeas-lenses autoconf automake autopoint autotools-dev bsdmainutils
  ca-certificates debhelper devscripts dh-autoreconf dh-python
  dh-strip-nondeterminism dmsetup file gem2deb gem2deb-test-runner gettext
  gettext-base groff-base intltool-debian libapparmor1 libarchive-zip-perl
  libaugeas0 libavahi-client3 libavahi-common-data libavahi-common3
  libboost-iostreams1.62.0 libboost-random1.62.0 libboost-system1.62.0
  libboost-thread1.62.0 libcroco3 libcurl3-gnutls libdbus-1-3
  libdevmapper1.02.1 libexpat1 libfile-homedir-perl
  libfile-stripnondeterminism-perl libfile-which-perl libfuse2 libglib2.0-0
  libgmp-dev libgmpxx4ldbl libgssapi-krb5-2 libicu57 libk5crypto3 libkeyutils1
  libkrb5-3 libkrb5support0 libldap-2.4-2 libldap-common libmagic-mgc
  libmagic1 libmpdec2 libnetcf1 libnghttp2-14 libnl-3-200 libnl-route-3-200
  libnspr4 libnss3 libnuma1 libparted2 libpcap0.8 libpciaccess0 libpipeline1
  libpsl5 libpython3-stdlib libpython3.5-minimal libpython3.5-stdlib librados2
  librbd1 libreadline7 librtmp1 libruby2.3 libsasl2-2 libsasl2-modules-db
  libsigsegv2 libsqlite3-0 libssh2-1 libssl1.0.2 libssl1.1 libtimedate-perl
  libtool libvirt-daemon libvirt-dev libvirt0 libxen-4.8 libxen-dev
  libxenstore3.0 libxml2 libxslt1.1 libyajl2 libyaml-0-2 m4 man-db
  mime-support openssl pkg-config po-debconf python3 python3-minimal python3.5
  python3.5-minimal rake readline-common ruby ruby-all-dev ruby-did-you-mean
  ruby-minitest ruby-net-telnet ruby-power-assert ruby-setup ruby-test-unit
  ruby2.3 ruby2.3-dev rubygems-integration
Suggested packages:
  augeas-doc autoconf-archive gnu-standards autoconf-doc wamerican | wordlist
  whois vacation dh-make adequate autopkgtest bls-standalone bsd-mailx | mailx
  check-all-the-things cvs-buildpackage devscripts-el diffoscope disorderfs
  dose-extra duck faketime gnuplot how-can-i-help libauthen-sasl-perl
  libfile-desktopentry-perl libnet-smtps-perl libterm-size-perl
  libyaml-syck-perl mozilla-devscripts mutt piuparts quilt ratt reprotest
  ssh-client svn-buildpackage w3m gettext-doc libasprintf-dev libgettextpo-dev
  groff augeas-tools fuse gmp-doc libgmp10-doc libmpfr-dev krb5-doc krb5-user
  parted libparted-dev libparted-i18n pciutils libtool-doc gfortran
  | fortran95-compiler gcj-jdk libvirt-daemon-system numad m4-doc less
  www-browser libmail-box-perl python3-doc python3-tk python3-venv
  python3.5-venv python3.5-doc binfmt-support readline-doc ri ruby-dev bundler
Recommended packages:
  at dctrl-tools dput | dupload gnupg | gnupg2 libdistro-info-perl
  libencode-locale-perl libgit-wrapper-perl liblist-compare-perl liburi-perl
  libwww-perl licensecheck lintian patchutils python3-debian python3-magic
  python3-unidiff strace unzip wdiff wget | curl debian-keyring equivs
  liblwp-protocol-https-perl libsoap-lite-perl apt-file curl | wget | lynx-cur
  dbus libarchive-cpio-perl libglib2.0-data shared-mime-info xdg-user-dirs
  krb5-locales publicsuffix libsasl2-modules libltdl-dev qemu-kvm | qemu
  libxml2-utils netcat-openbsd lvm2 xml-core libmail-sendmail-perl zip
  fonts-lato libjs-jquery
The following NEW packages will be installed:
  augeas-lenses autoconf automake autopoint autotools-dev bsdmainutils
  ca-certificates debhelper devscripts dh-autoreconf dh-python
  dh-strip-nondeterminism dmsetup file gem2deb gem2deb-test-runner gettext
  gettext-base groff-base intltool-debian libapparmor1 libarchive-zip-perl
  libaugeas0 libavahi-client3 libavahi-common-data libavahi-common3
  libboost-iostreams1.62.0 libboost-random1.62.0 libboost-system1.62.0
  libboost-thread1.62.0 libcroco3 libcurl3-gnutls libdbus-1-3
  libdevmapper1.02.1 libexpat1 libfile-homedir-perl
  libfile-stripnondeterminism-perl libfile-which-perl libfuse2 libglib2.0-0
  libgmp-dev libgmpxx4ldbl libgssapi-krb5-2 libicu57 libk5crypto3 libkeyutils1
  libkrb5-3 libkrb5support0 libldap-2.4-2 libldap-common libmagic-mgc
  libmagic1 libmpdec2 libnetcf1 libnghttp2-14 libnl-3-200 libnl-route-3-200
  libnspr4 libnss3 libnuma1 libparted2 libpcap0.8 libpciaccess0 libpipeline1
  libpsl5 libpython3-stdlib libpython3.5-minimal libpython3.5-stdlib librados2
  librbd1 libreadline7 librtmp1 libruby2.3 libsasl2-2 libsasl2-modules-db
  libsigsegv2 libsqlite3-0 libssh2-1 libssl1.0.2 libssl1.1 libtimedate-perl
  libtool libvirt-daemon libvirt-dev libvirt0 libxen-4.8 libxen-dev
  libxenstore3.0 libxml2 libxslt1.1 libyajl2 libyaml-0-2 m4 man-db
  mime-support openssl pkg-config po-debconf python3 python3-minimal python3.5
  python3.5-minimal rake readline-common ruby ruby-all-dev ruby-did-you-mean
  ruby-minitest ruby-net-telnet ruby-power-assert ruby-setup ruby-test-unit
  ruby2.3 ruby2.3-dev rubygems-integration
  sbuild-build-depends-ruby-libvirt-dummy
0 upgraded, 116 newly installed, 0 to remove and 0 not upgraded.
Need to get 55.0 MB of archives.
After this operation, 182 MB of additional disk space will be used.
Get:1 copy:/<<BUILDDIR>>/resolver-qjDsSY/apt_archive ./ sbuild-build-depends-ruby-libvirt-dummy 0.invalid.0 [828 B]
Get:2 http://127.0.0.1:9999/debian unstable/main amd64 groff-base amd64 1.22.3-9 [1160 kB]
Get:3 http://127.0.0.1:9999/debian unstable/main amd64 bsdmainutils amd64 9.0.12+nmu1 [186 kB]
Get:4 http://127.0.0.1:9999/debian unstable/main amd64 libpipeline1 amd64 1.4.2-1 [28.3 kB]
Get:5 http://127.0.0.1:9999/debian unstable/main amd64 man-db amd64 2.7.6.1-2 [1044 kB]
Get:6 http://127.0.0.1:9999/debian unstable/main amd64 libssl1.1 amd64 1.1.0f-4 [1349 kB]
Get:7 http://127.0.0.1:9999/debian unstable/main amd64 libpython3.5-minimal amd64 3.5.4-2 [579 kB]
Get:8 http://127.0.0.1:9999/debian unstable/main amd64 libexpat1 amd64 2.2.3-1 [87.5 kB]
Get:9 http://127.0.0.1:9999/debian unstable/main amd64 python3.5-minimal amd64 3.5.4-2 [1683 kB]
Get:10 http://127.0.0.1:9999/debian unstable/main amd64 python3-minimal amd64 3.5.3-3 [35.4 kB]
Get:11 http://127.0.0.1:9999/debian unstable/main amd64 mime-support all 3.60 [36.7 kB]
Get:12 http://127.0.0.1:9999/debian unstable/main amd64 libmpdec2 amd64 2.4.2-1 [85.2 kB]
Get:13 http://127.0.0.1:9999/debian unstable/main amd64 readline-common all 7.0-3 [70.4 kB]
Get:14 http://127.0.0.1:9999/debian unstable/main amd64 libreadline7 amd64 7.0-3 [151 kB]
Get:15 http://127.0.0.1:9999/debian unstable/main amd64 libsqlite3-0 amd64 3.19.3-3 [582 kB]
Get:16 http://127.0.0.1:9999/debian unstable/main amd64 libpython3.5-stdlib amd64 3.5.4-2 [2174 kB]
Get:17 http://127.0.0.1:9999/debian unstable/main amd64 python3.5 amd64 3.5.4-2 [241 kB]
Get:18 http://127.0.0.1:9999/debian unstable/main amd64 libpython3-stdlib amd64 3.5.3-3 [18.8 kB]
Get:19 http://127.0.0.1:9999/debian unstable/main amd64 dh-python all 2.20170125 [86.8 kB]
Get:20 http://127.0.0.1:9999/debian unstable/main amd64 python3 amd64 3.5.3-3 [21.8 kB]
Get:21 http://127.0.0.1:9999/debian unstable/main amd64 libssl1.0.2 amd64 1.0.2l-2 [1294 kB]
Get:22 http://127.0.0.1:9999/debian unstable/main amd64 libmagic-mgc amd64 1:5.31-1 [223 kB]
Get:23 http://127.0.0.1:9999/debian unstable/main amd64 libmagic1 amd64 1:5.31-1 [112 kB]
Get:24 http://127.0.0.1:9999/debian unstable/main amd64 file amd64 1:5.31-1 [64.2 kB]
Get:25 http://127.0.0.1:9999/debian unstable/main amd64 gettext-base amd64 0.19.8.1-2+b1 [122 kB]
Get:26 http://127.0.0.1:9999/debian unstable/main amd64 libkeyutils1 amd64 1.5.9-9 [12.4 kB]
Get:27 http://127.0.0.1:9999/debian unstable/main amd64 libkrb5support0 amd64 1.15.1-2 [62.2 kB]
Get:28 http://127.0.0.1:9999/debian unstable/main amd64 libk5crypto3 amd64 1.15.1-2 [120 kB]
Get:29 http://127.0.0.1:9999/debian unstable/main amd64 libkrb5-3 amd64 1.15.1-2 [312 kB]
Get:30 http://127.0.0.1:9999/debian unstable/main amd64 libgssapi-krb5-2 amd64 1.15.1-2 [155 kB]
Get:31 http://127.0.0.1:9999/debian unstable/main amd64 libsasl2-modules-db amd64 2.1.27~101-g0780600+dfsg-3 [68.2 kB]
Get:32 http://127.0.0.1:9999/debian unstable/main amd64 libsasl2-2 amd64 2.1.27~101-g0780600+dfsg-3 [105 kB]
Get:33 http://127.0.0.1:9999/debian unstable/main amd64 libldap-common all 2.4.45+dfsg-1 [87.0 kB]
Get:34 http://127.0.0.1:9999/debian unstable/main amd64 libldap-2.4-2 amd64 2.4.45+dfsg-1 [223 kB]
Get:35 http://127.0.0.1:9999/debian unstable/main amd64 libicu57 amd64 57.1-6 [7701 kB]
Get:36 http://127.0.0.1:9999/debian unstable/main amd64 libxml2 amd64 2.9.4+dfsg1-3 [715 kB]
Get:37 http://127.0.0.1:9999/debian unstable/main amd64 augeas-lenses all 1.8.1-1 [420 kB]
Get:38 http://127.0.0.1:9999/debian unstable/main amd64 libsigsegv2 amd64 2.11-1 [29.9 kB]
Get:39 http://127.0.0.1:9999/debian unstable/main amd64 m4 amd64 1.4.18-1 [202 kB]
Get:40 http://127.0.0.1:9999/debian unstable/main amd64 autoconf all 2.69-10 [338 kB]
Get:41 http://127.0.0.1:9999/debian unstable/main amd64 autotools-dev all 20161112.1 [73.4 kB]
Get:42 http://127.0.0.1:9999/debian unstable/main amd64 automake all 1:1.15.1-2 [736 kB]
Get:43 http://127.0.0.1:9999/debian unstable/main amd64 autopoint all 0.19.8.1-2 [433 kB]
Get:44 http://127.0.0.1:9999/debian unstable/main amd64 openssl amd64 1.1.0f-4 [725 kB]
Get:45 http://127.0.0.1:9999/debian unstable/main amd64 ca-certificates all 20170717 [178 kB]
Get:46 http://127.0.0.1:9999/debian unstable/main amd64 libtool all 2.4.6-2 [545 kB]
Get:47 http://127.0.0.1:9999/debian unstable/main amd64 dh-autoreconf all 14 [15.9 kB]
Get:48 http://127.0.0.1:9999/debian unstable/main amd64 libarchive-zip-perl all 1.59-1 [95.5 kB]
Get:49 http://127.0.0.1:9999/debian unstable/main amd64 libfile-stripnondeterminism-perl all 0.038-1 [17.6 kB]
Get:50 http://127.0.0.1:9999/debian unstable/main amd64 libtimedate-perl all 2.3000-2 [42.2 kB]
Get:51 http://127.0.0.1:9999/debian unstable/main amd64 dh-strip-nondeterminism all 0.038-1 [11.1 kB]
Get:52 http://127.0.0.1:9999/debian unstable/main amd64 libglib2.0-0 amd64 2.53.4-3 [2796 kB]
Get:53 http://127.0.0.1:9999/debian unstable/main amd64 libcroco3 amd64 0.6.12-1 [144 kB]
Get:54 http://127.0.0.1:9999/debian unstable/main amd64 gettext amd64 0.19.8.1-2+b1 [1301 kB]
Get:55 http://127.0.0.1:9999/debian unstable/main amd64 intltool-debian all 0.35.0+20060710.4 [26.3 kB]
Get:56 http://127.0.0.1:9999/debian unstable/main amd64 po-debconf all 1.0.20 [247 kB]
Get:57 http://127.0.0.1:9999/debian unstable/main amd64 debhelper all 10.7.2 [975 kB]
Get:58 http://127.0.0.1:9999/debian unstable/main amd64 libfile-which-perl all 1.21-1 [14.3 kB]
Get:59 http://127.0.0.1:9999/debian unstable/main amd64 libfile-homedir-perl all 1.00-1 [48.9 kB]
Get:60 http://127.0.0.1:9999/debian unstable/main amd64 devscripts amd64 2.17.9 [949 kB]
Get:61 http://127.0.0.1:9999/debian unstable/main amd64 libdevmapper1.02.1 amd64 2:1.02.142-1 [176 kB]
Get:62 http://127.0.0.1:9999/debian unstable/main amd64 dmsetup amd64 2:1.02.142-1 [111 kB]
Get:63 http://127.0.0.1:9999/debian unstable/main amd64 rubygems-integration all 1.11 [4994 B]
Get:64 http://127.0.0.1:9999/debian unstable/main amd64 ruby-did-you-mean all 1.0.0-2 [11.2 kB]
Get:65 http://127.0.0.1:9999/debian unstable/main amd64 ruby-minitest all 5.10.3-1 [53.5 kB]
Get:66 http://127.0.0.1:9999/debian unstable/main amd64 ruby-net-telnet all 0.1.1-2 [12.5 kB]
Get:67 http://127.0.0.1:9999/debian unstable/main amd64 ruby-power-assert all 0.3.0-1 [7902 B]
Get:68 http://127.0.0.1:9999/debian unstable/main amd64 ruby-test-unit all 3.2.5-1 [71.7 kB]
Get:69 http://127.0.0.1:9999/debian unstable/main amd64 libyaml-0-2 amd64 0.1.7-2 [47.6 kB]
Get:70 http://127.0.0.1:9999/debian unstable/main amd64 libruby2.3 amd64 2.3.3-1 [3104 kB]
Get:71 http://127.0.0.1:9999/debian unstable/main amd64 ruby2.3 amd64 2.3.3-1 [186 kB]
Get:72 http://127.0.0.1:9999/debian unstable/main amd64 ruby amd64 1:2.3.3 [10.8 kB]
Get:73 http://127.0.0.1:9999/debian unstable/main amd64 rake all 12.0.0-1 [45.7 kB]
Get:74 http://127.0.0.1:9999/debian unstable/main amd64 gem2deb-test-runner amd64 0.35 [20.8 kB]
Get:75 http://127.0.0.1:9999/debian unstable/main amd64 libgmpxx4ldbl amd64 2:6.1.2+dfsg-1 [22.2 kB]
Get:76 http://127.0.0.1:9999/debian unstable/main amd64 libgmp-dev amd64 2:6.1.2+dfsg-1 [631 kB]
Get:77 http://127.0.0.1:9999/debian unstable/main amd64 ruby2.3-dev amd64 2.3.3-1 [1179 kB]
Get:78 http://127.0.0.1:9999/debian unstable/main amd64 ruby-all-dev amd64 1:2.3.3 [10.2 kB]
Get:79 http://127.0.0.1:9999/debian unstable/main amd64 ruby-setup all 3.4.1-9 [34.2 kB]
Get:80 http://127.0.0.1:9999/debian unstable/main amd64 gem2deb amd64 0.35 [58.0 kB]
Get:81 http://127.0.0.1:9999/debian unstable/main amd64 libapparmor1 amd64 2.11.0-10 [80.8 kB]
Get:82 http://127.0.0.1:9999/debian unstable/main amd64 libaugeas0 amd64 1.8.1-1 [288 kB]
Get:83 http://127.0.0.1:9999/debian unstable/main amd64 libavahi-common-data amd64 0.6.32-2 [118 kB]
Get:84 http://127.0.0.1:9999/debian unstable/main amd64 libavahi-common3 amd64 0.6.32-2 [52.0 kB]
Get:85 http://127.0.0.1:9999/debian unstable/main amd64 libdbus-1-3 amd64 1.11.16+really1.10.22-1 [195 kB]
Get:86 http://127.0.0.1:9999/debian unstable/main amd64 libavahi-client3 amd64 0.6.32-2 [55.3 kB]
Get:87 http://127.0.0.1:9999/debian unstable/main amd64 libboost-iostreams1.62.0 amd64 1.62.0+dfsg-4+b1 [51.1 kB]
Get:88 http://127.0.0.1:9999/debian unstable/main amd64 libboost-system1.62.0 amd64 1.62.0+dfsg-4+b1 [32.7 kB]
Get:89 http://127.0.0.1:9999/debian unstable/main amd64 libboost-random1.62.0 amd64 1.62.0+dfsg-4+b1 [35.8 kB]
Get:90 http://127.0.0.1:9999/debian unstable/main amd64 libboost-thread1.62.0 amd64 1.62.0+dfsg-4+b1 [71.8 kB]
Get:91 http://127.0.0.1:9999/debian unstable/main amd64 libnghttp2-14 amd64 1.24.0-1 [81.6 kB]
Get:92 http://127.0.0.1:9999/debian unstable/main amd64 libpsl5 amd64 0.18.0-2 [43.4 kB]
Get:93 http://127.0.0.1:9999/debian unstable/main amd64 librtmp1 amd64 2.4+20151223.gitfa8646d.1-1+b1 [60.4 kB]
Get:94 http://127.0.0.1:9999/debian unstable/main amd64 libssh2-1 amd64 1.8.0-1 [138 kB]
Get:95 http://127.0.0.1:9999/debian unstable/main amd64 libcurl3-gnutls amd64 7.55.0-1 [294 kB]
Get:96 http://127.0.0.1:9999/debian unstable/main amd64 libfuse2 amd64 2.9.7-1 [125 kB]
Get:97 http://127.0.0.1:9999/debian unstable/main amd64 libnl-3-200 amd64 3.2.27-2 [61.5 kB]
Get:98 http://127.0.0.1:9999/debian unstable/main amd64 libnl-route-3-200 amd64 3.2.27-2 [136 kB]
Get:99 http://127.0.0.1:9999/debian unstable/main amd64 libxslt1.1 amd64 1.1.29-2.1 [233 kB]
Get:100 http://127.0.0.1:9999/debian unstable/main amd64 libnetcf1 amd64 1:0.2.8-1+b2 [47.2 kB]
Get:101 http://127.0.0.1:9999/debian unstable/main amd64 libnspr4 amd64 2:4.16-1 [117 kB]
Get:102 http://127.0.0.1:9999/debian unstable/main amd64 libnss3 amd64 2:3.32-1 [1154 kB]
Get:103 http://127.0.0.1:9999/debian unstable/main amd64 libnuma1 amd64 2.0.11-2.1 [33.3 kB]
Get:104 http://127.0.0.1:9999/debian unstable/main amd64 libparted2 amd64 3.2-17 [276 kB]
Get:105 http://127.0.0.1:9999/debian unstable/main amd64 libpcap0.8 amd64 1.8.1-3 [138 kB]
Get:106 http://127.0.0.1:9999/debian unstable/main amd64 libpciaccess0 amd64 0.13.4-1+b2 [50.0 kB]
Get:107 http://127.0.0.1:9999/debian unstable/main amd64 librados2 amd64 10.2.5-7.2 [2679 kB]
Get:108 http://127.0.0.1:9999/debian unstable/main amd64 librbd1 amd64 10.2.5-7.2 [3203 kB]
Get:109 http://127.0.0.1:9999/debian unstable/main amd64 libxenstore3.0 amd64 4.8.1-1+deb9u1 [32.6 kB]
Get:110 http://127.0.0.1:9999/debian unstable/main amd64 libyajl2 amd64 2.1.0-2+b3 [23.2 kB]
Get:111 http://127.0.0.1:9999/debian unstable/main amd64 libxen-4.8 amd64 4.8.1-1+deb9u1 [410 kB]
Get:112 http://127.0.0.1:9999/debian unstable/main amd64 libvirt0 amd64 3.6.0-1 [4414 kB]
Get:113 http://127.0.0.1:9999/debian unstable/main amd64 libvirt-daemon amd64 3.6.0-1 [2229 kB]
Get:114 http://127.0.0.1:9999/debian unstable/main amd64 libxen-dev amd64 4.8.1-1+deb9u1 [649 kB]
Get:115 http://127.0.0.1:9999/debian unstable/main amd64 libvirt-dev amd64 3.6.0-1 [180 kB]
Get:116 http://127.0.0.1:9999/debian unstable/main amd64 pkg-config amd64 0.29-4+b1 [63.3 kB]
debconf: delaying package configuration, since apt-utils is not installed
Fetched 55.0 MB in 0s (70.7 MB/s)
Selecting previously unselected package groff-base.
(Reading database ... 11331 files and directories currently installed.)
Preparing to unpack .../00-groff-base_1.22.3-9_amd64.deb ...
Unpacking groff-base (1.22.3-9) ...
Selecting previously unselected package bsdmainutils.
Preparing to unpack .../01-bsdmainutils_9.0.12+nmu1_amd64.deb ...
Unpacking bsdmainutils (9.0.12+nmu1) ...
Selecting previously unselected package libpipeline1:amd64.
Preparing to unpack .../02-libpipeline1_1.4.2-1_amd64.deb ...
Unpacking libpipeline1:amd64 (1.4.2-1) ...
Selecting previously unselected package man-db.
Preparing to unpack .../03-man-db_2.7.6.1-2_amd64.deb ...
Unpacking man-db (2.7.6.1-2) ...
Selecting previously unselected package libssl1.1:amd64.
Preparing to unpack .../04-libssl1.1_1.1.0f-4_amd64.deb ...
Unpacking libssl1.1:amd64 (1.1.0f-4) ...
Selecting previously unselected package libpython3.5-minimal:amd64.
Preparing to unpack .../05-libpython3.5-minimal_3.5.4-2_amd64.deb ...
Unpacking libpython3.5-minimal:amd64 (3.5.4-2) ...
Selecting previously unselected package libexpat1:amd64.
Preparing to unpack .../06-libexpat1_2.2.3-1_amd64.deb ...
Unpacking libexpat1:amd64 (2.2.3-1) ...
Selecting previously unselected package python3.5-minimal.
Preparing to unpack .../07-python3.5-minimal_3.5.4-2_amd64.deb ...
Unpacking python3.5-minimal (3.5.4-2) ...
Selecting previously unselected package python3-minimal.
Preparing to unpack .../08-python3-minimal_3.5.3-3_amd64.deb ...
Unpacking python3-minimal (3.5.3-3) ...
Selecting previously unselected package mime-support.
Preparing to unpack .../09-mime-support_3.60_all.deb ...
Unpacking mime-support (3.60) ...
Selecting previously unselected package libmpdec2:amd64.
Preparing to unpack .../10-libmpdec2_2.4.2-1_amd64.deb ...
Unpacking libmpdec2:amd64 (2.4.2-1) ...
Selecting previously unselected package readline-common.
Preparing to unpack .../11-readline-common_7.0-3_all.deb ...
Unpacking readline-common (7.0-3) ...
Selecting previously unselected package libreadline7:amd64.
Preparing to unpack .../12-libreadline7_7.0-3_amd64.deb ...
Unpacking libreadline7:amd64 (7.0-3) ...
Selecting previously unselected package libsqlite3-0:amd64.
Preparing to unpack .../13-libsqlite3-0_3.19.3-3_amd64.deb ...
Unpacking libsqlite3-0:amd64 (3.19.3-3) ...
Selecting previously unselected package libpython3.5-stdlib:amd64.
Preparing to unpack .../14-libpython3.5-stdlib_3.5.4-2_amd64.deb ...
Unpacking libpython3.5-stdlib:amd64 (3.5.4-2) ...
Selecting previously unselected package python3.5.
Preparing to unpack .../15-python3.5_3.5.4-2_amd64.deb ...
Unpacking python3.5 (3.5.4-2) ...
Selecting previously unselected package libpython3-stdlib:amd64.
Preparing to unpack .../16-libpython3-stdlib_3.5.3-3_amd64.deb ...
Unpacking libpython3-stdlib:amd64 (3.5.3-3) ...
Selecting previously unselected package dh-python.
Preparing to unpack .../17-dh-python_2.20170125_all.deb ...
Unpacking dh-python (2.20170125) ...
Setting up libssl1.1:amd64 (1.1.0f-4) ...
Setting up libpython3.5-minimal:amd64 (3.5.4-2) ...
Setting up libexpat1:amd64 (2.2.3-1) ...
Setting up python3.5-minimal (3.5.4-2) ...
Setting up python3-minimal (3.5.3-3) ...
Selecting previously unselected package python3.
(Reading database ... 12885 files and directories currently installed.)
Preparing to unpack .../00-python3_3.5.3-3_amd64.deb ...
Unpacking python3 (3.5.3-3) ...
Selecting previously unselected package libssl1.0.2:amd64.
Preparing to unpack .../01-libssl1.0.2_1.0.2l-2_amd64.deb ...
Unpacking libssl1.0.2:amd64 (1.0.2l-2) ...
Selecting previously unselected package libmagic-mgc.
Preparing to unpack .../02-libmagic-mgc_1%3a5.31-1_amd64.deb ...
Unpacking libmagic-mgc (1:5.31-1) ...
Selecting previously unselected package libmagic1:amd64.
Preparing to unpack .../03-libmagic1_1%3a5.31-1_amd64.deb ...
Unpacking libmagic1:amd64 (1:5.31-1) ...
Selecting previously unselected package file.
Preparing to unpack .../04-file_1%3a5.31-1_amd64.deb ...
Unpacking file (1:5.31-1) ...
Selecting previously unselected package gettext-base.
Preparing to unpack .../05-gettext-base_0.19.8.1-2+b1_amd64.deb ...
Unpacking gettext-base (0.19.8.1-2+b1) ...
Selecting previously unselected package libkeyutils1:amd64.
Preparing to unpack .../06-libkeyutils1_1.5.9-9_amd64.deb ...
Unpacking libkeyutils1:amd64 (1.5.9-9) ...
Selecting previously unselected package libkrb5support0:amd64.
Preparing to unpack .../07-libkrb5support0_1.15.1-2_amd64.deb ...
Unpacking libkrb5support0:amd64 (1.15.1-2) ...
Selecting previously unselected package libk5crypto3:amd64.
Preparing to unpack .../08-libk5crypto3_1.15.1-2_amd64.deb ...
Unpacking libk5crypto3:amd64 (1.15.1-2) ...
Selecting previously unselected package libkrb5-3:amd64.
Preparing to unpack .../09-libkrb5-3_1.15.1-2_amd64.deb ...
Unpacking libkrb5-3:amd64 (1.15.1-2) ...
Selecting previously unselected package libgssapi-krb5-2:amd64.
Preparing to unpack .../10-libgssapi-krb5-2_1.15.1-2_amd64.deb ...
Unpacking libgssapi-krb5-2:amd64 (1.15.1-2) ...
Selecting previously unselected package libsasl2-modules-db:amd64.
Preparing to unpack .../11-libsasl2-modules-db_2.1.27~101-g0780600+dfsg-3_amd64.deb ...
Unpacking libsasl2-modules-db:amd64 (2.1.27~101-g0780600+dfsg-3) ...
Selecting previously unselected package libsasl2-2:amd64.
Preparing to unpack .../12-libsasl2-2_2.1.27~101-g0780600+dfsg-3_amd64.deb ...
Unpacking libsasl2-2:amd64 (2.1.27~101-g0780600+dfsg-3) ...
Selecting previously unselected package libldap-common.
Preparing to unpack .../13-libldap-common_2.4.45+dfsg-1_all.deb ...
Unpacking libldap-common (2.4.45+dfsg-1) ...
Selecting previously unselected package libldap-2.4-2:amd64.
Preparing to unpack .../14-libldap-2.4-2_2.4.45+dfsg-1_amd64.deb ...
Unpacking libldap-2.4-2:amd64 (2.4.45+dfsg-1) ...
Selecting previously unselected package libicu57:amd64.
Preparing to unpack .../15-libicu57_57.1-6_amd64.deb ...
Unpacking libicu57:amd64 (57.1-6) ...
Selecting previously unselected package libxml2:amd64.
Preparing to unpack .../16-libxml2_2.9.4+dfsg1-3_amd64.deb ...
Unpacking libxml2:amd64 (2.9.4+dfsg1-3) ...
Selecting previously unselected package augeas-lenses.
Preparing to unpack .../17-augeas-lenses_1.8.1-1_all.deb ...
Unpacking augeas-lenses (1.8.1-1) ...
Selecting previously unselected package libsigsegv2:amd64.
Preparing to unpack .../18-libsigsegv2_2.11-1_amd64.deb ...
Unpacking libsigsegv2:amd64 (2.11-1) ...
Selecting previously unselected package m4.
Preparing to unpack .../19-m4_1.4.18-1_amd64.deb ...
Unpacking m4 (1.4.18-1) ...
Selecting previously unselected package autoconf.
Preparing to unpack .../20-autoconf_2.69-10_all.deb ...
Unpacking autoconf (2.69-10) ...
Selecting previously unselected package autotools-dev.
Preparing to unpack .../21-autotools-dev_20161112.1_all.deb ...
Unpacking autotools-dev (20161112.1) ...
Selecting previously unselected package automake.
Preparing to unpack .../22-automake_1%3a1.15.1-2_all.deb ...
Unpacking automake (1:1.15.1-2) ...
Selecting previously unselected package autopoint.
Preparing to unpack .../23-autopoint_0.19.8.1-2_all.deb ...
Unpacking autopoint (0.19.8.1-2) ...
Selecting previously unselected package openssl.
Preparing to unpack .../24-openssl_1.1.0f-4_amd64.deb ...
Unpacking openssl (1.1.0f-4) ...
Selecting previously unselected package ca-certificates.
Preparing to unpack .../25-ca-certificates_20170717_all.deb ...
Unpacking ca-certificates (20170717) ...
Selecting previously unselected package libtool.
Preparing to unpack .../26-libtool_2.4.6-2_all.deb ...
Unpacking libtool (2.4.6-2) ...
Selecting previously unselected package dh-autoreconf.
Preparing to unpack .../27-dh-autoreconf_14_all.deb ...
Unpacking dh-autoreconf (14) ...
Selecting previously unselected package libarchive-zip-perl.
Preparing to unpack .../28-libarchive-zip-perl_1.59-1_all.deb ...
Unpacking libarchive-zip-perl (1.59-1) ...
Selecting previously unselected package libfile-stripnondeterminism-perl.
Preparing to unpack .../29-libfile-stripnondeterminism-perl_0.038-1_all.deb ...
Unpacking libfile-stripnondeterminism-perl (0.038-1) ...
Selecting previously unselected package libtimedate-perl.
Preparing to unpack .../30-libtimedate-perl_2.3000-2_all.deb ...
Unpacking libtimedate-perl (2.3000-2) ...
Selecting previously unselected package dh-strip-nondeterminism.
Preparing to unpack .../31-dh-strip-nondeterminism_0.038-1_all.deb ...
Unpacking dh-strip-nondeterminism (0.038-1) ...
Selecting previously unselected package libglib2.0-0:amd64.
Preparing to unpack .../32-libglib2.0-0_2.53.4-3_amd64.deb ...
Unpacking libglib2.0-0:amd64 (2.53.4-3) ...
Selecting previously unselected package libcroco3:amd64.
Preparing to unpack .../33-libcroco3_0.6.12-1_amd64.deb ...
Unpacking libcroco3:amd64 (0.6.12-1) ...
Selecting previously unselected package gettext.
Preparing to unpack .../34-gettext_0.19.8.1-2+b1_amd64.deb ...
Unpacking gettext (0.19.8.1-2+b1) ...
Selecting previously unselected package intltool-debian.
Preparing to unpack .../35-intltool-debian_0.35.0+20060710.4_all.deb ...
Unpacking intltool-debian (0.35.0+20060710.4) ...
Selecting previously unselected package po-debconf.
Preparing to unpack .../36-po-debconf_1.0.20_all.deb ...
Unpacking po-debconf (1.0.20) ...
Selecting previously unselected package debhelper.
Preparing to unpack .../37-debhelper_10.7.2_all.deb ...
Unpacking debhelper (10.7.2) ...
Selecting previously unselected package libfile-which-perl.
Preparing to unpack .../38-libfile-which-perl_1.21-1_all.deb ...
Unpacking libfile-which-perl (1.21-1) ...
Selecting previously unselected package libfile-homedir-perl.
Preparing to unpack .../39-libfile-homedir-perl_1.00-1_all.deb ...
Unpacking libfile-homedir-perl (1.00-1) ...
Selecting previously unselected package devscripts.
Preparing to unpack .../40-devscripts_2.17.9_amd64.deb ...
Unpacking devscripts (2.17.9) ...
Selecting previously unselected package libdevmapper1.02.1:amd64.
Preparing to unpack .../41-libdevmapper1.02.1_2%3a1.02.142-1_amd64.deb ...
Unpacking libdevmapper1.02.1:amd64 (2:1.02.142-1) ...
Selecting previously unselected package dmsetup.
Preparing to unpack .../42-dmsetup_2%3a1.02.142-1_amd64.deb ...
Unpacking dmsetup (2:1.02.142-1) ...
Selecting previously unselected package rubygems-integration.
Preparing to unpack .../43-rubygems-integration_1.11_all.deb ...
Unpacking rubygems-integration (1.11) ...
Selecting previously unselected package ruby-did-you-mean.
Preparing to unpack .../44-ruby-did-you-mean_1.0.0-2_all.deb ...
Unpacking ruby-did-you-mean (1.0.0-2) ...
Selecting previously unselected package ruby-minitest.
Preparing to unpack .../45-ruby-minitest_5.10.3-1_all.deb ...
Unpacking ruby-minitest (5.10.3-1) ...
Selecting previously unselected package ruby-net-telnet.
Preparing to unpack .../46-ruby-net-telnet_0.1.1-2_all.deb ...
Unpacking ruby-net-telnet (0.1.1-2) ...
Selecting previously unselected package ruby-power-assert.
Preparing to unpack .../47-ruby-power-assert_0.3.0-1_all.deb ...
Unpacking ruby-power-assert (0.3.0-1) ...
Selecting previously unselected package ruby-test-unit.
Preparing to unpack .../48-ruby-test-unit_3.2.5-1_all.deb ...
Unpacking ruby-test-unit (3.2.5-1) ...
Selecting previously unselected package libyaml-0-2:amd64.
Preparing to unpack .../49-libyaml-0-2_0.1.7-2_amd64.deb ...
Unpacking libyaml-0-2:amd64 (0.1.7-2) ...
Selecting previously unselected package libruby2.3:amd64.
Preparing to unpack .../50-libruby2.3_2.3.3-1_amd64.deb ...
Unpacking libruby2.3:amd64 (2.3.3-1) ...
Selecting previously unselected package ruby2.3.
Preparing to unpack .../51-ruby2.3_2.3.3-1_amd64.deb ...
Unpacking ruby2.3 (2.3.3-1) ...
Selecting previously unselected package ruby.
Preparing to unpack .../52-ruby_1%3a2.3.3_amd64.deb ...
Unpacking ruby (1:2.3.3) ...
Selecting previously unselected package rake.
Preparing to unpack .../53-rake_12.0.0-1_all.deb ...
Unpacking rake (12.0.0-1) ...
Selecting previously unselected package gem2deb-test-runner.
Preparing to unpack .../54-gem2deb-test-runner_0.35_amd64.deb ...
Unpacking gem2deb-test-runner (0.35) ...
Selecting previously unselected package libgmpxx4ldbl:amd64.
Preparing to unpack .../55-libgmpxx4ldbl_2%3a6.1.2+dfsg-1_amd64.deb ...
Unpacking libgmpxx4ldbl:amd64 (2:6.1.2+dfsg-1) ...
Selecting previously unselected package libgmp-dev:amd64.
Preparing to unpack .../56-libgmp-dev_2%3a6.1.2+dfsg-1_amd64.deb ...
Unpacking libgmp-dev:amd64 (2:6.1.2+dfsg-1) ...
Selecting previously unselected package ruby2.3-dev:amd64.
Preparing to unpack .../57-ruby2.3-dev_2.3.3-1_amd64.deb ...
Unpacking ruby2.3-dev:amd64 (2.3.3-1) ...
Selecting previously unselected package ruby-all-dev:amd64.
Preparing to unpack .../58-ruby-all-dev_1%3a2.3.3_amd64.deb ...
Unpacking ruby-all-dev:amd64 (1:2.3.3) ...
Selecting previously unselected package ruby-setup.
Preparing to unpack .../59-ruby-setup_3.4.1-9_all.deb ...
Unpacking ruby-setup (3.4.1-9) ...
Selecting previously unselected package gem2deb.
Preparing to unpack .../60-gem2deb_0.35_amd64.deb ...
Unpacking gem2deb (0.35) ...
Selecting previously unselected package libapparmor1:amd64.
Preparing to unpack .../61-libapparmor1_2.11.0-10_amd64.deb ...
Unpacking libapparmor1:amd64 (2.11.0-10) ...
Selecting previously unselected package libaugeas0:amd64.
Preparing to unpack .../62-libaugeas0_1.8.1-1_amd64.deb ...
Unpacking libaugeas0:amd64 (1.8.1-1) ...
Selecting previously unselected package libavahi-common-data:amd64.
Preparing to unpack .../63-libavahi-common-data_0.6.32-2_amd64.deb ...
Unpacking libavahi-common-data:amd64 (0.6.32-2) ...
Selecting previously unselected package libavahi-common3:amd64.
Preparing to unpack .../64-libavahi-common3_0.6.32-2_amd64.deb ...
Unpacking libavahi-common3:amd64 (0.6.32-2) ...
Selecting previously unselected package libdbus-1-3:amd64.
Preparing to unpack .../65-libdbus-1-3_1.11.16+really1.10.22-1_amd64.deb ...
Unpacking libdbus-1-3:amd64 (1.11.16+really1.10.22-1) ...
Selecting previously unselected package libavahi-client3:amd64.
Preparing to unpack .../66-libavahi-client3_0.6.32-2_amd64.deb ...
Unpacking libavahi-client3:amd64 (0.6.32-2) ...
Selecting previously unselected package libboost-iostreams1.62.0:amd64.
Preparing to unpack .../67-libboost-iostreams1.62.0_1.62.0+dfsg-4+b1_amd64.deb ...
Unpacking libboost-iostreams1.62.0:amd64 (1.62.0+dfsg-4+b1) ...
Selecting previously unselected package libboost-system1.62.0:amd64.
Preparing to unpack .../68-libboost-system1.62.0_1.62.0+dfsg-4+b1_amd64.deb ...
Unpacking libboost-system1.62.0:amd64 (1.62.0+dfsg-4+b1) ...
Selecting previously unselected package libboost-random1.62.0:amd64.
Preparing to unpack .../69-libboost-random1.62.0_1.62.0+dfsg-4+b1_amd64.deb ...
Unpacking libboost-random1.62.0:amd64 (1.62.0+dfsg-4+b1) ...
Selecting previously unselected package libboost-thread1.62.0:amd64.
Preparing to unpack .../70-libboost-thread1.62.0_1.62.0+dfsg-4+b1_amd64.deb ...
Unpacking libboost-thread1.62.0:amd64 (1.62.0+dfsg-4+b1) ...
Selecting previously unselected package libnghttp2-14:amd64.
Preparing to unpack .../71-libnghttp2-14_1.24.0-1_amd64.deb ...
Unpacking libnghttp2-14:amd64 (1.24.0-1) ...
Selecting previously unselected package libpsl5:amd64.
Preparing to unpack .../72-libpsl5_0.18.0-2_amd64.deb ...
Unpacking libpsl5:amd64 (0.18.0-2) ...
Selecting previously unselected package librtmp1:amd64.
Preparing to unpack .../73-librtmp1_2.4+20151223.gitfa8646d.1-1+b1_amd64.deb ...
Unpacking librtmp1:amd64 (2.4+20151223.gitfa8646d.1-1+b1) ...
Selecting previously unselected package libssh2-1:amd64.
Preparing to unpack .../74-libssh2-1_1.8.0-1_amd64.deb ...
Unpacking libssh2-1:amd64 (1.8.0-1) ...
Selecting previously unselected package libcurl3-gnutls:amd64.
Preparing to unpack .../75-libcurl3-gnutls_7.55.0-1_amd64.deb ...
Unpacking libcurl3-gnutls:amd64 (7.55.0-1) ...
Selecting previously unselected package libfuse2:amd64.
Preparing to unpack .../76-libfuse2_2.9.7-1_amd64.deb ...
Unpacking libfuse2:amd64 (2.9.7-1) ...
Selecting previously unselected package libnl-3-200:amd64.
Preparing to unpack .../77-libnl-3-200_3.2.27-2_amd64.deb ...
Unpacking libnl-3-200:amd64 (3.2.27-2) ...
Selecting previously unselected package libnl-route-3-200:amd64.
Preparing to unpack .../78-libnl-route-3-200_3.2.27-2_amd64.deb ...
Unpacking libnl-route-3-200:amd64 (3.2.27-2) ...
Selecting previously unselected package libxslt1.1:amd64.
Preparing to unpack .../79-libxslt1.1_1.1.29-2.1_amd64.deb ...
Unpacking libxslt1.1:amd64 (1.1.29-2.1) ...
Selecting previously unselected package libnetcf1.
Preparing to unpack .../80-libnetcf1_1%3a0.2.8-1+b2_amd64.deb ...
Unpacking libnetcf1 (1:0.2.8-1+b2) ...
Selecting previously unselected package libnspr4:amd64.
Preparing to unpack .../81-libnspr4_2%3a4.16-1_amd64.deb ...
Unpacking libnspr4:amd64 (2:4.16-1) ...
Selecting previously unselected package libnss3:amd64.
Preparing to unpack .../82-libnss3_2%3a3.32-1_amd64.deb ...
Unpacking libnss3:amd64 (2:3.32-1) ...
Selecting previously unselected package libnuma1:amd64.
Preparing to unpack .../83-libnuma1_2.0.11-2.1_amd64.deb ...
Unpacking libnuma1:amd64 (2.0.11-2.1) ...
Selecting previously unselected package libparted2:amd64.
Preparing to unpack .../84-libparted2_3.2-17_amd64.deb ...
Unpacking libparted2:amd64 (3.2-17) ...
Selecting previously unselected package libpcap0.8:amd64.
Preparing to unpack .../85-libpcap0.8_1.8.1-3_amd64.deb ...
Unpacking libpcap0.8:amd64 (1.8.1-3) ...
Selecting previously unselected package libpciaccess0:amd64.
Preparing to unpack .../86-libpciaccess0_0.13.4-1+b2_amd64.deb ...
Unpacking libpciaccess0:amd64 (0.13.4-1+b2) ...
Selecting previously unselected package librados2.
Preparing to unpack .../87-librados2_10.2.5-7.2_amd64.deb ...
Unpacking librados2 (10.2.5-7.2) ...
Selecting previously unselected package librbd1.
Preparing to unpack .../88-librbd1_10.2.5-7.2_amd64.deb ...
Unpacking librbd1 (10.2.5-7.2) ...
Selecting previously unselected package libxenstore3.0:amd64.
Preparing to unpack .../89-libxenstore3.0_4.8.1-1+deb9u1_amd64.deb ...
Unpacking libxenstore3.0:amd64 (4.8.1-1+deb9u1) ...
Selecting previously unselected package libyajl2:amd64.
Preparing to unpack .../90-libyajl2_2.1.0-2+b3_amd64.deb ...
Unpacking libyajl2:amd64 (2.1.0-2+b3) ...
Selecting previously unselected package libxen-4.8:amd64.
Preparing to unpack .../91-libxen-4.8_4.8.1-1+deb9u1_amd64.deb ...
Unpacking libxen-4.8:amd64 (4.8.1-1+deb9u1) ...
Selecting previously unselected package libvirt0.
Preparing to unpack .../92-libvirt0_3.6.0-1_amd64.deb ...
Unpacking libvirt0 (3.6.0-1) ...
Selecting previously unselected package libvirt-daemon.
Preparing to unpack .../93-libvirt-daemon_3.6.0-1_amd64.deb ...
Unpacking libvirt-daemon (3.6.0-1) ...
Selecting previously unselected package libxen-dev:amd64.
Preparing to unpack .../94-libxen-dev_4.8.1-1+deb9u1_amd64.deb ...
Unpacking libxen-dev:amd64 (4.8.1-1+deb9u1) ...
Selecting previously unselected package libvirt-dev.
Preparing to unpack .../95-libvirt-dev_3.6.0-1_amd64.deb ...
Unpacking libvirt-dev (3.6.0-1) ...
Selecting previously unselected package pkg-config.
Preparing to unpack .../96-pkg-config_0.29-4+b1_amd64.deb ...
Unpacking pkg-config (0.29-4+b1) ...
Selecting previously unselected package sbuild-build-depends-ruby-libvirt-dummy.
Preparing to unpack .../97-sbuild-build-depends-ruby-libvirt-dummy_0.invalid.0_amd64.deb ...
Unpacking sbuild-build-depends-ruby-libvirt-dummy (0.invalid.0) ...
Setting up readline-common (7.0-3) ...
Setting up libarchive-zip-perl (1.59-1) ...
Setting up libnghttp2-14:amd64 (1.24.0-1) ...
Setting up mime-support (3.60) ...
Setting up libfile-which-perl (1.21-1) ...
Setting up libtimedate-perl (2.3000-2) ...
Setting up libsigsegv2:amd64 (2.11-1) ...
Setting up libldap-common (2.4.45+dfsg-1) ...
Setting up libreadline7:amd64 (7.0-3) ...
Setting up libpsl5:amd64 (0.18.0-2) ...
Setting up libnuma1:amd64 (2.0.11-2.1) ...
Setting up libfile-homedir-perl (1.00-1) ...
Setting up groff-base (1.22.3-9) ...
Setting up libglib2.0-0:amd64 (2.53.4-3) ...
No schema files found: doing nothing.
Setting up libfuse2:amd64 (2.9.7-1) ...
Setting up libsasl2-modules-db:amd64 (2.1.27~101-g0780600+dfsg-3) ...
Setting up libsasl2-2:amd64 (2.1.27~101-g0780600+dfsg-3) ...
Setting up libxenstore3.0:amd64 (4.8.1-1+deb9u1) ...
Setting up gettext-base (0.19.8.1-2+b1) ...
Setting up libpipeline1:amd64 (1.4.2-1) ...
Setting up librtmp1:amd64 (2.4+20151223.gitfa8646d.1-1+b1) ...
Setting up m4 (1.4.18-1) ...
Setting up libicu57:amd64 (57.1-6) ...
Setting up libnspr4:amd64 (2:4.16-1) ...
Setting up libxml2:amd64 (2.9.4+dfsg1-3) ...
Setting up libmagic-mgc (1:5.31-1) ...
Setting up libmagic1:amd64 (1:5.31-1) ...
Setting up libcroco3:amd64 (0.6.12-1) ...
Setting up libboost-iostreams1.62.0:amd64 (1.62.0+dfsg-4+b1) ...
Setting up libxslt1.1:amd64 (1.1.29-2.1) ...
Setting up libssl1.0.2:amd64 (1.0.2l-2) ...
Setting up pkg-config (0.29-4+b1) ...
Setting up libyajl2:amd64 (2.1.0-2+b3) ...
Setting up ruby-did-you-mean (1.0.0-2) ...
Setting up libyaml-0-2:amd64 (0.1.7-2) ...
Setting up libssh2-1:amd64 (1.8.0-1) ...
Processing triggers for libc-bin (2.24-14) ...
Setting up autotools-dev (20161112.1) ...
Setting up libapparmor1:amd64 (2.11.0-10) ...
Setting up libldap-2.4-2:amd64 (2.4.45+dfsg-1) ...
Setting up augeas-lenses (1.8.1-1) ...
Setting up openssl (1.1.0f-4) ...
Setting up ruby-net-telnet (0.1.1-2) ...
Setting up libsqlite3-0:amd64 (3.19.3-3) ...
Setting up libpciaccess0:amd64 (0.13.4-1+b2) ...
Setting up libkeyutils1:amd64 (1.5.9-9) ...
Setting up bsdmainutils (9.0.12+nmu1) ...
update-alternatives: using /usr/bin/bsd-write to provide /usr/bin/write (write) in auto mode
update-alternatives: using /usr/bin/bsd-from to provide /usr/bin/from (from) in auto mode
Setting up libgmpxx4ldbl:amd64 (2:6.1.2+dfsg-1) ...
Setting up libnl-3-200:amd64 (3.2.27-2) ...
Setting up ruby-minitest (5.10.3-1) ...
Setting up ca-certificates (20170717) ...
Updating certificates in /etc/ssl/certs...
148 added, 0 removed; done.
Setting up autopoint (0.19.8.1-2) ...
Setting up libmpdec2:amd64 (2.4.2-1) ...
Setting up libdbus-1-3:amd64 (1.11.16+really1.10.22-1) ...
Setting up libboost-system1.62.0:amd64 (1.62.0+dfsg-4+b1) ...
Setting up ruby-power-assert (0.3.0-1) ...
Setting up libavahi-common-data:amd64 (0.6.32-2) ...
Setting up libpcap0.8:amd64 (1.8.1-3) ...
Setting up libfile-stripnondeterminism-perl (0.038-1) ...
Setting up libgmp-dev:amd64 (2:6.1.2+dfsg-1) ...
Setting up gettext (0.19.8.1-2+b1) ...
Setting up libboost-thread1.62.0:amd64 (1.62.0+dfsg-4+b1) ...
Setting up libboost-random1.62.0:amd64 (1.62.0+dfsg-4+b1) ...
Setting up libpython3.5-stdlib:amd64 (3.5.4-2) ...
Setting up libaugeas0:amd64 (1.8.1-1) ...
Setting up libnss3:amd64 (2:3.32-1) ...
Setting up libnl-route-3-200:amd64 (3.2.27-2) ...
Setting up autoconf (2.69-10) ...
Setting up file (1:5.31-1) ...
Setting up libkrb5support0:amd64 (1.15.1-2) ...
Setting up libxen-4.8:amd64 (4.8.1-1+deb9u1) ...
Setting up librados2 (10.2.5-7.2) ...
Setting up intltool-debian (0.35.0+20060710.4) ...
Setting up automake (1:1.15.1-2) ...
update-alternatives: using /usr/bin/automake-1.15 to provide /usr/bin/automake (automake) in auto mode
Setting up rubygems-integration (1.11) ...
Setting up man-db (2.7.6.1-2) ...
Not building database; man-db/auto-update is not 'true'.
Setting up libavahi-common3:amd64 (0.6.32-2) ...
Setting up libtool (2.4.6-2) ...
Setting up python3.5 (3.5.4-2) ...
Setting up libpython3-stdlib:amd64 (3.5.3-3) ...
Setting up libk5crypto3:amd64 (1.15.1-2) ...
Setting up po-debconf (1.0.20) ...
Setting up libnetcf1 (1:0.2.8-1+b2) ...
Setting up librbd1 (10.2.5-7.2) ...
Setting up libxen-dev:amd64 (4.8.1-1+deb9u1) ...
Setting up libavahi-client3:amd64 (0.6.32-2) ...
Setting up libkrb5-3:amd64 (1.15.1-2) ...
Setting up libgssapi-krb5-2:amd64 (1.15.1-2) ...
Setting up libcurl3-gnutls:amd64 (7.55.0-1) ...
Setting up libdevmapper1.02.1:amd64 (2:1.02.142-1) ...
Setting up dmsetup (2:1.02.142-1) ...
Setting up libparted2:amd64 (3.2-17) ...
Setting up dh-autoreconf (14) ...
Setting up python3 (3.5.3-3) ...
Setting up ruby-test-unit (3.2.5-1) ...
Setting up rake (12.0.0-1) ...
Setting up libvirt0 (3.6.0-1) ...
Setting up devscripts (2.17.9) ...
Setting up dh-strip-nondeterminism (0.038-1) ...
Setting up libvirt-daemon (3.6.0-1) ...
Setting up libruby2.3:amd64 (2.3.3-1) ...
Setting up dh-python (2.20170125) ...
Setting up libvirt-dev (3.6.0-1) ...
Setting up debhelper (10.7.2) ...
Setting up ruby2.3 (2.3.3-1) ...
Setting up ruby2.3-dev:amd64 (2.3.3-1) ...
Setting up ruby (1:2.3.3) ...
Setting up gem2deb-test-runner (0.35) ...
Setting up ruby-all-dev:amd64 (1:2.3.3) ...
Setting up ruby-setup (3.4.1-9) ...
Setting up gem2deb (0.35) ...
Setting up sbuild-build-depends-ruby-libvirt-dummy (0.invalid.0) ...
Processing triggers for libc-bin (2.24-14) ...
Processing triggers for ca-certificates (20170717) ...
Updating certificates in /etc/ssl/certs...
0 added, 0 removed; done.
Running hooks in /etc/ca-certificates/update.d...
done.

+------------------------------------------------------------------------------+
| Build environment                                                            |
+------------------------------------------------------------------------------+

Kernel: Linux 4.9.0-2-amd64 amd64 (x86_64)
Toolchain package versions: binutils_2.29-4 dpkg-dev_1.18.24 g++-7_7.2.0-1 gcc-7_7.2.0-1 libc6-dev_2.24-14 libstdc++-6-dev_6.4.0-3 libstdc++-7-dev_7.2.0-1 libstdc++6_7.2.0-1 linux-libc-dev_4.12.6-1
Package versions: adduser_3.116 apt_1.5~beta2 augeas-lenses_1.8.1-1 autoconf_2.69-10 automake_1:1.15.1-2 autopoint_0.19.8.1-2 autotools-dev_20161112.1 base-files_10 base-passwd_3.5.43 bash_4.4-5 binutils_2.29-4 bsdmainutils_9.0.12+nmu1 bsdutils_1:2.29.2-4 build-essential_12.3 bzip2_1.0.6-8.1 ca-certificates_20170717 clang-5.0_1:5.0~+rc2-1 coreutils_8.26-3 cpp_4:7.1.0-2 cpp-7_7.2.0-1 dash_0.5.8-2.5 debconf_1.5.63 debfoster_2.7-2.1+b1 debhelper_10.7.2 debian-archive-keyring_2017.5 debianutils_4.8.2 devscripts_2.17.9 dh-autoreconf_14 dh-python_2.20170125 dh-strip-nondeterminism_0.038-1 diffutils_1:3.6-1 dmsetup_2:1.02.142-1 dpkg_1.18.24 dpkg-dev_1.18.24 e2fslibs_1.43.5-1 e2fsprogs_1.43.5-1 eatmydata_105-5 fakeroot_1.22-1 fdisk_2.29.2-4 file_1:5.31-1 findutils_4.6.0+git+20170729-2 g++_4:7.1.0-2 g++-7_7.2.0-1 gcc_4:7.1.0-2 gcc-6-base_6.4.0-3 gcc-7_7.2.0-1 gcc-7-base_7.2.0-1 gem2deb_0.35 gem2deb-test-runner_0.35 gettext_0.19.8.1-2+b1 gettext-base_0.19.8.1-2+b1 gpgv_2.1.23-2 grep_3.1-2 groff-base_1.22.3-9 gzip_1.6-5+b1 hostname_3.18+b1 init-system-helpers_1.49 intltool-debian_0.35.0+20060710.4 libacl1_2.2.52-3+b1 libapparmor1_2.11.0-10 libapt-pkg5.0_1.5~beta2 libarchive-zip-perl_1.59-1 libasan3_6.4.0-3 libasan4_7.2.0-1 libatomic1_7.2.0-1 libattr1_1:2.4.47-2+b2 libaudit-common_1:2.7.7-1 libaudit1_1:2.7.7-1+b2 libaugeas0_1.8.1-1 libavahi-client3_0.6.32-2 libavahi-common-data_0.6.32-2 libavahi-common3_0.6.32-2 libblkid1_2.29.2-4 libboost-iostreams1.62.0_1.62.0+dfsg-4+b1 libboost-random1.62.0_1.62.0+dfsg-4+b1 libboost-system1.62.0_1.62.0+dfsg-4+b1 libboost-thread1.62.0_1.62.0+dfsg-4+b1 libbsd0_0.8.6-1 libbz2-1.0_1.0.6-8.1 libc-bin_2.24-14 libc-dev-bin_2.24-14 libc6_2.24-14 libc6-dev_2.24-14 libcap-ng0_0.7.7-3+b1 libcc1-0_7.2.0-1 libcilkrts5_7.2.0-1 libclang-common-5.0-dev_1:5.0~+rc2-1 libclang1-5.0_1:5.0~+rc2-1 libcomerr2_1.43.5-1 libcroco3_0.6.12-1 libcurl3-gnutls_7.55.0-1 libdb5.3_5.3.28-13 libdbus-1-3_1.11.16+really1.10.22-1 libdebconfclient0_0.229 libdevmapper1.02.1_2:1.02.142-1 libdpkg-perl_1.18.24 libeatmydata1_105-5 libedit2_3.1-20170329-1 libexpat1_2.2.3-1 libfakeroot_1.22-1 libfdisk1_2.29.2-4 libffi6_3.2.1-6 libfile-homedir-perl_1.00-1 libfile-stripnondeterminism-perl_0.038-1 libfile-which-perl_1.21-1 libfuse2_2.9.7-1 libgc1c2_1:7.4.2-8 libgcc-6-dev_6.4.0-3 libgcc-7-dev_7.2.0-1 libgcc1_1:7.2.0-1 libgcrypt20_1.7.8-2 libgdbm3_1.8.3-14 libglib2.0-0_2.53.4-3 libgmp-dev_2:6.1.2+dfsg-1 libgmp10_2:6.1.2+dfsg-1 libgmpxx4ldbl_2:6.1.2+dfsg-1 libgnutls30_3.5.14-3 libgomp1_7.2.0-1 libgpg-error0_1.27-3 libgssapi-krb5-2_1.15.1-2 libhogweed4_3.3-1+b1 libicu57_57.1-6 libidn2-0_2.0.2-3 libisl15_0.18-1 libitm1_7.2.0-1 libjsoncpp1_1.7.4-3 libk5crypto3_1.15.1-2 libkeyutils1_1.5.9-9 libkrb5-3_1.15.1-2 libkrb5support0_1.15.1-2 libldap-2.4-2_2.4.45+dfsg-1 libldap-common_2.4.45+dfsg-1 libllvm5.0_1:5.0~+rc2-1 liblsan0_7.2.0-1 liblz4-1_0.0~r131-2+b1 liblzma5_5.2.2-1.3 libmagic-mgc_1:5.31-1 libmagic1_1:5.31-1 libmount1_2.29.2-4 libmpc3_1.0.3-1+b2 libmpdec2_2.4.2-1 libmpfr4_3.1.5-1 libmpx2_7.2.0-1 libncurses5_6.0+20170715-2 libncursesw5_6.0+20170715-2 libnetcf1_1:0.2.8-1+b2 libnettle6_3.3-1+b1 libnghttp2-14_1.24.0-1 libnl-3-200_3.2.27-2 libnl-route-3-200_3.2.27-2 libnspr4_2:4.16-1 libnss3_2:3.32-1 libnuma1_2.0.11-2.1 libobjc-6-dev_6.4.0-3 libobjc4_7.2.0-1 libp11-kit0_0.23.7-3 libpam-modules_1.1.8-3.6 libpam-modules-bin_1.1.8-3.6 libpam-runtime_1.1.8-3.6 libpam0g_1.1.8-3.6 libparted2_3.2-17 libpcap0.8_1.8.1-3 libpciaccess0_0.13.4-1+b2 libpcre3_2:8.39-4 libperl5.26_5.26.0-5 libpipeline1_1.4.2-1 libpsl5_0.18.0-2 libpython3-stdlib_3.5.3-3 libpython3.5-minimal_3.5.4-2 libpython3.5-stdlib_3.5.4-2 libquadmath0_7.2.0-1 librados2_10.2.5-7.2 librbd1_10.2.5-7.2 libreadline7_7.0-3 librtmp1_2.4+20151223.gitfa8646d.1-1+b1 libruby2.3_2.3.3-1 libsasl2-2_2.1.27~101-g0780600+dfsg-3 libsasl2-modules-db_2.1.27~101-g0780600+dfsg-3 libselinux1_2.6-3+b2 libsemanage-common_2.6-2 libsemanage1_2.6-2+b1 libsepol1_2.6-2 libsigsegv2_2.11-1 libsmartcols1_2.29.2-4 libsqlite3-0_3.19.3-3 libss2_1.43.5-1 libssh2-1_1.8.0-1 libssl1.0.2_1.0.2l-2 libssl1.1_1.1.0f-4 libstdc++-6-dev_6.4.0-3 libstdc++-7-dev_7.2.0-1 libstdc++6_7.2.0-1 libsystemd0_234-2 libtasn1-6_4.12-2.1 libtimedate-perl_2.3000-2 libtinfo5_6.0+20170715-2 libtool_2.4.6-2 libtsan0_7.2.0-1 libubsan0_7.2.0-1 libudev1_234-2 libunistring2_0.9.7-2 libustr-1.0-1_1.0.4-6 libuuid1_2.29.2-4 libvirt-daemon_3.6.0-1 libvirt-dev_3.6.0-1 libvirt0_3.6.0-1 libxen-4.8_4.8.1-1+deb9u1 libxen-dev_4.8.1-1+deb9u1 libxenstore3.0_4.8.1-1+deb9u1 libxml2_2.9.4+dfsg1-3 libxslt1.1_1.1.29-2.1 libyajl2_2.1.0-2+b3 libyaml-0-2_0.1.7-2 linux-libc-dev_4.12.6-1 login_1:4.4-4.1 m4_1.4.18-1 make_4.1-9.1 man-db_2.7.6.1-2 mawk_1.3.3-17+b3 mime-support_3.60 mount_2.29.2-4 multiarch-support_2.24-14 ncurses-base_6.0+20170715-2 ncurses-bin_6.0+20170715-2 openssl_1.1.0f-4 passwd_1:4.4-4.1 patch_2.7.5-1+b2 perl_5.26.0-5 perl-base_5.26.0-5 perl-modules-5.26_5.26.0-5 pkg-config_0.29-4+b1 po-debconf_1.0.20 python3_3.5.3-3 python3-minimal_3.5.3-3 python3.5_3.5.4-2 python3.5-minimal_3.5.4-2 rake_12.0.0-1 readline-common_7.0-3 ruby_1:2.3.3 ruby-all-dev_1:2.3.3 ruby-did-you-mean_1.0.0-2 ruby-minitest_5.10.3-1 ruby-net-telnet_0.1.1-2 ruby-power-assert_0.3.0-1 ruby-setup_3.4.1-9 ruby-test-unit_3.2.5-1 ruby2.3_2.3.3-1 ruby2.3-dev_2.3.3-1 rubygems-integration_1.11 sbuild-build-depends-core-dummy_0.invalid.0 sbuild-build-depends-ruby-libvirt-dummy_0.invalid.0 sed_4.4-1 sensible-utils_0.0.10 sysvinit-utils_2.88dsf-59.9 tar_1.29b-2 util-linux_2.29.2-4 xz-utils_5.2.2-1.3 zlib1g_1:1.2.8.dfsg-5

+------------------------------------------------------------------------------+
| Build                                                                        |
+------------------------------------------------------------------------------+


Unpack source
-------------

gpgv: unknown type of key resource 'trustedkeys.kbx'
gpgv: keyblock resource '/sbuild-nonexistent/.gnupg/trustedkeys.kbx': General error
gpgv: Signature made Mon Oct 10 19:39:40 2016 UTC
gpgv:                using RSA key 07B8B7B0EA98120B
gpgv: Can't check signature: No public key
dpkg-source: warning: failed to verify signature on ./ruby-libvirt_0.7.0-1.dsc
dpkg-source: info: extracting ruby-libvirt in /<<PKGBUILDDIR>>
dpkg-source: info: unpacking ruby-libvirt_0.7.0.orig.tar.gz
dpkg-source: info: unpacking ruby-libvirt_0.7.0-1.debian.tar.xz
dpkg-source: info: applying Don-t-run-tests-that-require-qemu-system.patch

Check disk space
----------------

Sufficient free space for build

User Environment
----------------

APT_CONFIG=/var/lib/sbuild/apt.conf
HOME=/sbuild-nonexistent
LANG=en_US.UTF-8
LC_ALL=POSIX
LOGNAME=user42
PATH=/usr/local/sbin:/usr/local/bin:/usr/sbin:/usr/bin:/sbin:/bin:/usr/games
SCHROOT_ALIAS_NAME=unstable-amd64-sbuild
SCHROOT_CHROOT_NAME=unstable-amd64-sbuild
SCHROOT_COMMAND=env
SCHROOT_GID=1001
SCHROOT_GROUP=user42
SCHROOT_SESSION_ID=unstable-amd64-sbuild-cac7c32e-59a9-4baa-9f72-9287f34bbed8
SCHROOT_UID=1001
SCHROOT_USER=user42
SHELL=/bin/sh
USER=user42

dpkg-buildpackage
-----------------

dpkg-buildpackage: info: source package ruby-libvirt
dpkg-buildpackage: info: source version 0.7.0-1
dpkg-buildpackage: info: source distribution unstable
dpkg-buildpackage: info: source changed by Guido Gnther <agx@sigxcpu.org>
 dpkg-source --before-build ruby-libvirt-0.7.0
dpkg-buildpackage: info: host architecture amd64
 fakeroot debian/rules clean
dh clean --buildsystem=ruby --with ruby
dh: Compatibility levels before 9 are deprecated (level 7 in use)
   debian/rules override_dh_auto_clean
make[1]: Entering directory '/<<PKGBUILDDIR>>'
rm -f *.gemspec
dh_auto_clean
dh_auto_clean: Compatibility levels before 9 are deprecated (level 7 in use)
	dh_ruby --clean
   dh_ruby --clean
make[1]: Leaving directory '/<<PKGBUILDDIR>>'
   dh_clean -O--buildsystem=ruby
dh_clean: Compatibility levels before 9 are deprecated (level 7 in use)
 debian/rules build-arch
dh build-arch --buildsystem=ruby --with ruby
dh: Compatibility levels before 9 are deprecated (level 7 in use)
   dh_update_autotools_config -a -O--buildsystem=ruby
   dh_auto_configure -a -O--buildsystem=ruby
dh_auto_configure: Compatibility levels before 9 are deprecated (level 7 in use)
	dh_ruby --configure
   dh_auto_build -a -O--buildsystem=ruby
dh_auto_build: Compatibility levels before 9 are deprecated (level 7 in use)
	dh_ruby --build
   dh_ruby --build
   dh_auto_test -a -O--buildsystem=ruby
dh_auto_test: Compatibility levels before 9 are deprecated (level 7 in use)
	dh_ruby --test
 fakeroot debian/rules binary-arch
dh binary-arch --buildsystem=ruby --with ruby
dh: Compatibility levels before 9 are deprecated (level 7 in use)
   dh_testroot -a -O--buildsystem=ruby
   dh_prep -a -O--buildsystem=ruby
   debian/rules override_dh_auto_install
make[1]: Entering directory '/<<PKGBUILDDIR>>'
rake -f debian/gemspec.rake gemspec
dh_auto_install
dh_auto_install: Compatibility levels before 9 are deprecated (level 7 in use)
	dh_ruby --install /<<PKGBUILDDIR>>/debian/ruby-libvirt
   dh_ruby --install


 Install files                                                                


install -d /<<PKGBUILDDIR>>/debian/ruby-libvirt/usr/lib/ruby/vendor_ruby
install -D -m644 /<<PKGBUILDDIR>>/lib/libvirt.rb /<<PKGBUILDDIR>>/debian/ruby-libvirt/usr/lib/ruby/vendor_ruby/libvirt.rb


 Build native extensions for ruby2.3                                          


/usr/bin/ruby2.3 /usr/lib/ruby/vendor_ruby/gem2deb/extension_builder.rb /<<PKGBUILDDIR>> debian/ruby-libvirt
current directory: /<<PKGBUILDDIR>>/ext/libvirt
/usr/bin/ruby2.3 -r ./siteconf20170820-118710-uccv0m.rb extconf.rb
*** extconf.rb failed ***
Could not create Makefile due to some reason, probably lack of necessary
libraries and/or headers.  Check the mkmf.log file for more details.  You may
need configuration options.

Provided configuration options:
	--with-opt-dir
	--without-opt-dir
	--with-opt-include
	--without-opt-include=${opt-dir}/include
	--with-opt-lib
	--without-opt-lib=${opt-dir}/lib
	--with-make-prog
	--without-make-prog
	--srcdir=.
	--curdir
	--ruby=/usr/bin/$(RUBY_BASE_NAME)2.3
	--with-libvirt-include
	--without-libvirt-include
	--with-libvirt-lib
	--without-libvirt-lib
	--with-libvirt-config
	--without-libvirt-config
	--with-pkg-config
	--without-pkg-config
extconf.rb:73:in `<main>': libvirt library not found in default locations (RuntimeError)
~~~~~~~~~~~~~~~~~~~~~  mkmf.log ~~~~~~~~~~~~~~~~~~~~~
cat: mkmf.log: No such file or directory
/usr/lib/ruby/2.3.0/rubygems/ext/builder.rb:92:in `run': extconf failed, exit code 1 (Gem::InstallError)
	from /usr/lib/ruby/2.3.0/rubygems/ext/ext_conf_builder.rb:48:in `block in build'
	from /usr/lib/ruby/2.3.0/tempfile.rb:295:in `open'
	from /usr/lib/ruby/2.3.0/rubygems/ext/ext_conf_builder.rb:31:in `build'
	from /usr/lib/ruby/vendor_ruby/gem2deb/extension_builder.rb:76:in `block in build_and_install'
	from /usr/lib/ruby/vendor_ruby/gem2deb/extension_builder.rb:70:in `chdir'
	from /usr/lib/ruby/vendor_ruby/gem2deb/extension_builder.rb:70:in `build_and_install'
	from /usr/lib/ruby/vendor_ruby/gem2deb/extension_builder.rb:108:in `block in build_all_extensions'
	from /usr/lib/ruby/vendor_ruby/gem2deb/extension_builder.rb:105:in `each'
	from /usr/lib/ruby/vendor_ruby/gem2deb/extension_builder.rb:105:in `build_all_extensions'
	from /usr/lib/ruby/vendor_ruby/gem2deb/extension_builder.rb:121:in `<main>'
~~~~~~~~~~~~~~~~~~~~~  mkmf.log ~~~~~~~~~~~~~~~~~~~~~
/usr/lib/ruby/vendor_ruby/gem2deb.rb:56:in `run': /usr/bin/ruby2.3 /usr/lib/ruby/vendor_ruby/gem2deb/extension_builder.rb /<<PKGBUILDDIR>> debian/ruby-libvirt (Gem2Deb::CommandFailed)
	from /usr/lib/ruby/vendor_ruby/gem2deb.rb:67:in `run_ruby'
	from /usr/lib/ruby/vendor_ruby/gem2deb/installer.rb:37:in `block in install_files_and_build_extensions'
	from /usr/lib/ruby/vendor_ruby/gem2deb/installer.rb:34:in `each'
	from /usr/lib/ruby/vendor_ruby/gem2deb/installer.rb:34:in `install_files_and_build_extensions'
	from /usr/lib/ruby/vendor_ruby/gem2deb/dh_ruby.rb:84:in `block in install'
	from /usr/lib/ruby/vendor_ruby/gem2deb/dh_ruby.rb:82:in `each'
	from /usr/lib/ruby/vendor_ruby/gem2deb/dh_ruby.rb:82:in `install'
	from /usr/bin/dh_ruby:94:in `<main>'
dh_auto_install: dh_ruby --install /<<PKGBUILDDIR>>/debian/ruby-libvirt returned exit code 1
debian/rules:8: recipe for target 'override_dh_auto_install' failed
make[1]: *** [override_dh_auto_install] Error 1
make[1]: Leaving directory '/<<PKGBUILDDIR>>'
debian/rules:5: recipe for target 'binary-arch' failed
make: *** [binary-arch] Error 2
dpkg-buildpackage: error: fakeroot debian/rules binary-arch gave error exit status 2
--------------------------------------------------------------------------------
Build finished at 2017-08-20T18:51:24Z

Finished
--------


+------------------------------------------------------------------------------+
| Cleanup                                                                      |
+------------------------------------------------------------------------------+

Purging /<<BUILDDIR>>
Not cleaning session: cloned chroot in use
E: Build failure (dpkg-buildpackage died)

+------------------------------------------------------------------------------+
| Summary                                                                      |
+------------------------------------------------------------------------------+

Build Architecture: amd64
Build Type: any
Build-Space: 992
Build-Time: 2
Distribution: unstable
Fail-Stage: build
Host Architecture: amd64
Install-Time: 15
Job: ruby-libvirt_0.7.0-1
Machine Architecture: amd64
Package: ruby-libvirt
Package-Time: 39
Source-Version: 0.7.0-1
Space: 992
Status: attempted
Version: 0.7.0-1
--------------------------------------------------------------------------------
Finished at 2017-08-20T18:51:24Z
Build needed 00:00:39, 992k disk space
E: Build failure (dpkg-buildpackage died)
DC-Status: Failed 40.113223477s
DC-Time-Estimation: 40.113223477 versus expected 103 (r/m: 1.5677318119063115 ; m: 40.113223477)
