DC-Build-Header: adun.app 0.81-13 / 2020-02-25 17:25:42 +0000
DC-Task: type:rebuild-binarch-only source:adun.app version:0.81-13 chroot:unstable esttime:131 logfile:/tmp/adun.app_0.81-13_unstable_clang10.log modes:clang10:binarch-only
DC-Sbuild-call: su user42 -c 'sbuild -n --arch-any --apt-update -d unstable -v --no-run-lintian --chroot-setup-commands=/tmp/clang10 adun.app_0.81-13'
sbuild (Debian sbuild) 0.78.1 (09 February 2019) on ip-172-31-13-180.eu-central-1.compute.internal

+==============================================================================+
| adun.app 0.81-13 (amd64)                     Tue, 25 Feb 2020 17:25:42 +0000 |
+==============================================================================+

Package: adun.app
Version: 0.81-13
Source Version: 0.81-13
Distribution: unstable
Machine Architecture: amd64
Host Architecture: amd64
Build Architecture: amd64
Build Type: binary

I: NOTICE: Log filtering will replace 'var/run/schroot/mount/sid-amd64-sbuild-46d95cfb-8458-4687-9b14-e9ed05241c9e' with '<<CHROOT>>'

+------------------------------------------------------------------------------+
| Chroot Setup Commands                                                        |
+------------------------------------------------------------------------------+


/tmp/clang10
------------

+ echo 'Entering customization script...'
Entering customization script...
+ CLANG_VERSION=10
+ echo 'Install of clang-10'
Install of clang-10
+ apt-get update
Get:1 http://127.0.0.1:12990/debian sid InRelease [142 kB]
Get:2 http://127.0.0.1:12990/debian sid/main Sources.diff/Index [27.9 kB]
Get:3 http://127.0.0.1:12990/debian sid/main amd64 Packages.diff/Index [27.9 kB]
Get:4 http://127.0.0.1:12990/debian sid/main Sources 2020-02-24-0823.32.pdiff [11.0 kB]
Get:5 http://127.0.0.1:12990/debian sid/main Sources 2020-02-24-1420.34.pdiff [30.2 kB]
Get:6 http://127.0.0.1:12990/debian sid/main Sources 2020-02-24-2014.03.pdiff [16.9 kB]
Get:7 http://127.0.0.1:12990/debian sid/main Sources 2020-02-25-0213.11.pdiff [23.2 kB]
Get:8 http://127.0.0.1:12990/debian sid/main Sources 2020-02-25-0815.22.pdiff [9222 B]
Get:9 http://127.0.0.1:12990/debian sid/main Sources 2020-02-25-1413.15.pdiff [16.3 kB]
Get:10 http://127.0.0.1:12990/debian sid/main amd64 Packages 2020-02-24-0823.32.pdiff [15.5 kB]
Get:11 http://127.0.0.1:12990/debian sid/main amd64 Packages 2020-02-24-1420.34.pdiff [27.5 kB]
Get:12 http://127.0.0.1:12990/debian sid/main amd64 Packages 2020-02-24-2014.03.pdiff [21.6 kB]
Get:13 http://127.0.0.1:12990/debian sid/main amd64 Packages 2020-02-25-0213.11.pdiff [35.0 kB]
Get:14 http://127.0.0.1:12990/debian sid/main amd64 Packages 2020-02-25-0815.22.pdiff [20.1 kB]
Get:15 http://127.0.0.1:12990/debian sid/main amd64 Packages 2020-02-25-1413.15.pdiff [18.4 kB]
Get:9 http://127.0.0.1:12990/debian sid/main Sources 2020-02-25-1413.15.pdiff [16.3 kB]
Get:15 http://127.0.0.1:12990/debian sid/main amd64 Packages 2020-02-25-1413.15.pdiff [18.4 kB]
Get:16 http://127.0.0.1:12990/debian sid/main Translation-en [6195 kB]
Fetched 6638 kB in 2s (3880 kB/s)
Reading package lists...
+ apt-get install --yes --no-install-recommends --force-yes clang-10 libomp-10-dev libobjc-9-dev
Reading package lists...
Building dependency tree...
The following additional packages will be installed:
  cpp-9 g++-9 gcc-9 gcc-9-base lib32gcc-s1 lib32gcc1 lib32stdc++6 libasan5
  libbsd0 libc6-i386 libclang-common-10-dev libclang-cpp10 libclang1-10
  libedit2 libgc1c2 libgcc-9-dev libllvm10 libobjc4 libomp5-10 libstdc++-9-dev
  libz3-4
Suggested packages:
  clang-10-doc gcc-9-locales g++-9-multilib gcc-9-doc gcc-9-multilib
  libomp-10-doc libstdc++-9-doc
Recommended packages:
  llvm-10-dev python3
The following NEW packages will be installed:
  clang-10 lib32gcc-s1 lib32gcc1 lib32stdc++6 libbsd0 libc6-i386
  libclang-common-10-dev libclang-cpp10 libclang1-10 libedit2 libgc1c2
  libllvm10 libobjc-9-dev libobjc4 libomp-10-dev libomp5-10 libz3-4
The following packages will be upgraded:
  cpp-9 g++-9 gcc-9 gcc-9-base libasan5 libgcc-9-dev libstdc++-9-dev
7 upgraded, 17 newly installed, 0 to remove and 3 not upgraded.
Need to get 81.5 MB of archives.
After this operation, 238 MB of additional disk space will be used.
Get:1 http://127.0.0.1:12990/debian sid/main amd64 libasan5 amd64 9.2.1-30 [389 kB]
Get:2 http://127.0.0.1:12990/debian sid/main amd64 g++-9 amd64 9.2.1-30 [10.7 MB]
Get:3 http://127.0.0.1:12990/debian sid/main amd64 gcc-9 amd64 9.2.1-30 [10.0 MB]
Get:4 http://127.0.0.1:12990/debian sid/main amd64 libstdc++-9-dev amd64 9.2.1-30 [1697 kB]
Get:5 http://127.0.0.1:12990/debian sid/main amd64 libgcc-9-dev amd64 9.2.1-30 [2349 kB]
Get:6 http://127.0.0.1:12990/debian sid/main amd64 cpp-9 amd64 9.2.1-30 [9711 kB]
Get:7 http://127.0.0.1:12990/debian sid/main amd64 gcc-9-base amd64 9.2.1-30 [196 kB]
Get:8 http://127.0.0.1:12990/debian sid/main amd64 libbsd0 amd64 0.10.0-1 [107 kB]
Get:9 http://127.0.0.1:12990/debian sid/main amd64 libedit2 amd64 3.1-20191231-1 [95.4 kB]
Get:10 http://127.0.0.1:12990/debian sid/main amd64 libz3-4 amd64 4.8.7-4 [6790 kB]
Get:11 http://127.0.0.1:12990/debian sid/main amd64 libllvm10 amd64 1:10.0.0~+rc2-1 [15.5 MB]
Get:12 http://127.0.0.1:12990/debian sid/main amd64 libclang-cpp10 amd64 1:10.0.0~+rc2-1 [9069 kB]
Get:13 http://127.0.0.1:12990/debian sid/main amd64 libgc1c2 amd64 1:7.6.4-0.4 [224 kB]
Get:14 http://127.0.0.1:12990/debian sid/main amd64 libobjc4 amd64 10-20200222-1 [41.6 kB]
Get:15 http://127.0.0.1:12990/debian sid/main amd64 libobjc-9-dev amd64 9.2.1-30 [219 kB]
Get:16 http://127.0.0.1:12990/debian sid/main amd64 libc6-i386 amd64 2.29-10 [2918 kB]
Get:17 http://127.0.0.1:12990/debian sid/main amd64 lib32gcc-s1 amd64 10-20200222-1 [49.4 kB]
Get:18 http://127.0.0.1:12990/debian sid/main amd64 lib32gcc1 amd64 1:10-20200222-1 [1104 B]
Get:19 http://127.0.0.1:12990/debian sid/main amd64 lib32stdc++6 amd64 10-20200222-1 [510 kB]
Get:20 http://127.0.0.1:12990/debian sid/main amd64 libclang-common-10-dev amd64 1:10.0.0~+rc2-1 [2782 kB]
Get:21 http://127.0.0.1:12990/debian sid/main amd64 libclang1-10 amd64 1:10.0.0~+rc2-1 [7607 kB]
Get:22 http://127.0.0.1:12990/debian sid/main amd64 clang-10 amd64 1:10.0.0~+rc2-1 [103 kB]
Get:23 http://127.0.0.1:12990/debian sid/main amd64 libomp5-10 amd64 1:10.0.0~+rc2-1 [337 kB]
Get:24 http://127.0.0.1:12990/debian sid/main amd64 libomp-10-dev amd64 1:10.0.0~+rc2-1 [84.3 kB]
debconf: delaying package configuration, since apt-utils is not installed
Fetched 81.5 MB in 1s (96.2 MB/s)
(Reading database ... (Reading database ... 5%(Reading database ... 10%(Reading database ... 15%(Reading database ... 20%(Reading database ... 25%(Reading database ... 30%(Reading database ... 35%(Reading database ... 40%(Reading database ... 45%(Reading database ... 50%(Reading database ... 55%(Reading database ... 60%(Reading database ... 65%(Reading database ... 70%(Reading database ... 75%(Reading database ... 80%(Reading database ... 85%(Reading database ... 90%(Reading database ... 95%(Reading database ... 100%(Reading database ... 12119 files and directories currently installed.)
Preparing to unpack .../00-libasan5_9.2.1-30_amd64.deb ...
Unpacking libasan5:amd64 (9.2.1-30) over (9.2.1-29) ...
Preparing to unpack .../01-g++-9_9.2.1-30_amd64.deb ...
Unpacking g++-9 (9.2.1-30) over (9.2.1-29) ...
Preparing to unpack .../02-gcc-9_9.2.1-30_amd64.deb ...
Unpacking gcc-9 (9.2.1-30) over (9.2.1-29) ...
Preparing to unpack .../03-libstdc++-9-dev_9.2.1-30_amd64.deb ...
Unpacking libstdc++-9-dev:amd64 (9.2.1-30) over (9.2.1-29) ...
Preparing to unpack .../04-libgcc-9-dev_9.2.1-30_amd64.deb ...
Unpacking libgcc-9-dev:amd64 (9.2.1-30) over (9.2.1-29) ...
Preparing to unpack .../05-cpp-9_9.2.1-30_amd64.deb ...
Unpacking cpp-9 (9.2.1-30) over (9.2.1-29) ...
Preparing to unpack .../06-gcc-9-base_9.2.1-30_amd64.deb ...
Unpacking gcc-9-base:amd64 (9.2.1-30) over (9.2.1-29) ...
Selecting previously unselected package libbsd0:amd64.
Preparing to unpack .../07-libbsd0_0.10.0-1_amd64.deb ...
Unpacking libbsd0:amd64 (0.10.0-1) ...
Selecting previously unselected package libedit2:amd64.
Preparing to unpack .../08-libedit2_3.1-20191231-1_amd64.deb ...
Unpacking libedit2:amd64 (3.1-20191231-1) ...
Selecting previously unselected package libz3-4:amd64.
Preparing to unpack .../09-libz3-4_4.8.7-4_amd64.deb ...
Unpacking libz3-4:amd64 (4.8.7-4) ...
Selecting previously unselected package libllvm10:amd64.
Preparing to unpack .../10-libllvm10_1%3a10.0.0~+rc2-1_amd64.deb ...
Unpacking libllvm10:amd64 (1:10.0.0~+rc2-1) ...
Selecting previously unselected package libclang-cpp10.
Preparing to unpack .../11-libclang-cpp10_1%3a10.0.0~+rc2-1_amd64.deb ...
Unpacking libclang-cpp10 (1:10.0.0~+rc2-1) ...
Selecting previously unselected package libgc1c2:amd64.
Preparing to unpack .../12-libgc1c2_1%3a7.6.4-0.4_amd64.deb ...
Unpacking libgc1c2:amd64 (1:7.6.4-0.4) ...
Selecting previously unselected package libobjc4:amd64.
Preparing to unpack .../13-libobjc4_10-20200222-1_amd64.deb ...
Unpacking libobjc4:amd64 (10-20200222-1) ...
Selecting previously unselected package libobjc-9-dev:amd64.
Preparing to unpack .../14-libobjc-9-dev_9.2.1-30_amd64.deb ...
Unpacking libobjc-9-dev:amd64 (9.2.1-30) ...
Selecting previously unselected package libc6-i386.
Preparing to unpack .../15-libc6-i386_2.29-10_amd64.deb ...
Unpacking libc6-i386 (2.29-10) ...
Selecting previously unselected package lib32gcc-s1.
Preparing to unpack .../16-lib32gcc-s1_10-20200222-1_amd64.deb ...
Unpacking lib32gcc-s1 (10-20200222-1) ...
Selecting previously unselected package lib32gcc1.
Preparing to unpack .../17-lib32gcc1_1%3a10-20200222-1_amd64.deb ...
Unpacking lib32gcc1 (1:10-20200222-1) ...
Selecting previously unselected package lib32stdc++6.
Preparing to unpack .../18-lib32stdc++6_10-20200222-1_amd64.deb ...
Unpacking lib32stdc++6 (10-20200222-1) ...
Selecting previously unselected package libclang-common-10-dev.
Preparing to unpack .../19-libclang-common-10-dev_1%3a10.0.0~+rc2-1_amd64.deb ...
Unpacking libclang-common-10-dev (1:10.0.0~+rc2-1) ...
Selecting previously unselected package libclang1-10.
Preparing to unpack .../20-libclang1-10_1%3a10.0.0~+rc2-1_amd64.deb ...
Unpacking libclang1-10 (1:10.0.0~+rc2-1) ...
Selecting previously unselected package clang-10.
Preparing to unpack .../21-clang-10_1%3a10.0.0~+rc2-1_amd64.deb ...
Unpacking clang-10 (1:10.0.0~+rc2-1) ...
Selecting previously unselected package libomp5-10:amd64.
Preparing to unpack .../22-libomp5-10_1%3a10.0.0~+rc2-1_amd64.deb ...
Unpacking libomp5-10:amd64 (1:10.0.0~+rc2-1) ...
Selecting previously unselected package libomp-10-dev.
Preparing to unpack .../23-libomp-10-dev_1%3a10.0.0~+rc2-1_amd64.deb ...
Unpacking libomp-10-dev (1:10.0.0~+rc2-1) ...
Setting up libgc1c2:amd64 (1:7.6.4-0.4) ...
Setting up libobjc4:amd64 (10-20200222-1) ...
Setting up libz3-4:amd64 (4.8.7-4) ...
Setting up libomp5-10:amd64 (1:10.0.0~+rc2-1) ...
Setting up libc6-i386 (2.29-10) ...
Setting up libbsd0:amd64 (0.10.0-1) ...
Setting up gcc-9-base:amd64 (9.2.1-30) ...
Setting up libomp-10-dev (1:10.0.0~+rc2-1) ...
Setting up libedit2:amd64 (3.1-20191231-1) ...
Setting up libllvm10:amd64 (1:10.0.0~+rc2-1) ...
Setting up libasan5:amd64 (9.2.1-30) ...
Setting up lib32gcc-s1 (10-20200222-1) ...
Setting up libclang1-10 (1:10.0.0~+rc2-1) ...
Setting up cpp-9 (9.2.1-30) ...
Setting up lib32gcc1 (1:10-20200222-1) ...
Setting up libclang-cpp10 (1:10.0.0~+rc2-1) ...
Setting up libgcc-9-dev:amd64 (9.2.1-30) ...
Setting up lib32stdc++6 (10-20200222-1) ...
Setting up libobjc-9-dev:amd64 (9.2.1-30) ...
Setting up gcc-9 (9.2.1-30) ...
Setting up libstdc++-9-dev:amd64 (9.2.1-30) ...
Setting up libclang-common-10-dev (1:10.0.0~+rc2-1) ...
Setting up g++-9 (9.2.1-30) ...
Setting up clang-10 (1:10.0.0~+rc2-1) ...
Processing triggers for libc-bin (2.29-10) ...
W: --force-yes is deprecated, use one of the options starting with --allow instead.
+ echo 'Replace gcc, g++ & cpp by clang'
Replace gcc, g++ & cpp by clang
+ VERSIONS='4.6 4.7 4.8 4.9 5 6 7 8 9 10'
+ cd /usr/bin
+ for VERSION in $VERSIONS
+ rm -f g++-4.6 gcc-4.6 cpp-4.6 gcc
+ ln -s clang++-10 g++-4.6
+ ln -s clang-10 gcc-4.6
+ ln -s clang-10 cpp-4.6
+ ln -s clang-10 gcc
+ echo 'gcc-4.6 hold'
+ dpkg --set-selections
dpkg: warning: package not in status nor available database at line 1: gcc-4.6
dpkg: warning: found unknown packages; this might mean the available database
is outdated, and needs to be updated through a frontend method;
please see the FAQ <https://wiki.debian.org/Teams/Dpkg/FAQ>
+ echo 'g++-4.6 hold'
+ dpkg --set-selections
dpkg: warning: package not in status nor available database at line 1: g++-4.6
dpkg: warning: found unknown packages; this might mean the available database
is outdated, and needs to be updated through a frontend method;
please see the FAQ <https://wiki.debian.org/Teams/Dpkg/FAQ>
+ for VERSION in $VERSIONS
+ rm -f g++-4.7 gcc-4.7 cpp-4.7 gcc
+ ln -s clang++-10 g++-4.7
+ ln -s clang-10 gcc-4.7
+ ln -s clang-10 cpp-4.7
+ ln -s clang-10 gcc
+ echo 'gcc-4.7 hold'
+ dpkg --set-selections
dpkg: warning: package not in status nor available database at line 1: gcc-4.7
dpkg: warning: found unknown packages; this might mean the available database
is outdated, and needs to be updated through a frontend method;
please see the FAQ <https://wiki.debian.org/Teams/Dpkg/FAQ>
+ echo 'g++-4.7 hold'
+ dpkg --set-selections
dpkg: warning: package not in status nor available database at line 1: g++-4.7
dpkg: warning: found unknown packages; this might mean the available database
is outdated, and needs to be updated through a frontend method;
please see the FAQ <https://wiki.debian.org/Teams/Dpkg/FAQ>
+ for VERSION in $VERSIONS
+ rm -f g++-4.8 gcc-4.8 cpp-4.8 gcc
+ ln -s clang++-10 g++-4.8
+ ln -s clang-10 gcc-4.8
+ ln -s clang-10 cpp-4.8
+ ln -s clang-10 gcc
+ echo 'gcc-4.8 hold'
+ dpkg --set-selections
dpkg: warning: package not in status nor available database at line 1: gcc-4.8
dpkg: warning: found unknown packages; this might mean the available database
is outdated, and needs to be updated through a frontend method;
please see the FAQ <https://wiki.debian.org/Teams/Dpkg/FAQ>
+ echo 'g++-4.8 hold'
+ dpkg --set-selections
dpkg: warning: package not in status nor available database at line 1: g++-4.8
dpkg: warning: found unknown packages; this might mean the available database
is outdated, and needs to be updated through a frontend method;
please see the FAQ <https://wiki.debian.org/Teams/Dpkg/FAQ>
+ for VERSION in $VERSIONS
+ rm -f g++-4.9 gcc-4.9 cpp-4.9 gcc
+ ln -s clang++-10 g++-4.9
+ ln -s clang-10 gcc-4.9
+ ln -s clang-10 cpp-4.9
+ ln -s clang-10 gcc
+ echo 'gcc-4.9 hold'
+ dpkg --set-selections
dpkg: warning: package not in status nor available database at line 1: gcc-4.9
dpkg: warning: found unknown packages; this might mean the available database
is outdated, and needs to be updated through a frontend method;
please see the FAQ <https://wiki.debian.org/Teams/Dpkg/FAQ>
+ echo 'g++-4.9 hold'
+ dpkg --set-selections
dpkg: warning: package not in status nor available database at line 1: g++-4.9
dpkg: warning: found unknown packages; this might mean the available database
is outdated, and needs to be updated through a frontend method;
please see the FAQ <https://wiki.debian.org/Teams/Dpkg/FAQ>
+ for VERSION in $VERSIONS
+ rm -f g++-5 gcc-5 cpp-5 gcc
+ ln -s clang++-10 g++-5
+ ln -s clang-10 gcc-5
+ ln -s clang-10 cpp-5
+ ln -s clang-10 gcc
+ echo 'gcc-5 hold'
+ dpkg --set-selections
dpkg: warning: package not in status nor available database at line 1: gcc-5
dpkg: warning: found unknown packages; this might mean the available database
is outdated, and needs to be updated through a frontend method;
please see the FAQ <https://wiki.debian.org/Teams/Dpkg/FAQ>
+ echo 'g++-5 hold'
+ dpkg --set-selections
dpkg: warning: package not in status nor available database at line 1: g++-5
dpkg: warning: found unknown packages; this might mean the available database
is outdated, and needs to be updated through a frontend method;
please see the FAQ <https://wiki.debian.org/Teams/Dpkg/FAQ>
+ for VERSION in $VERSIONS
+ rm -f g++-6 gcc-6 cpp-6 gcc
+ ln -s clang++-10 g++-6
+ ln -s clang-10 gcc-6
+ ln -s clang-10 cpp-6
+ ln -s clang-10 gcc
+ echo 'gcc-6 hold'
+ dpkg --set-selections
dpkg: warning: package not in status nor available database at line 1: gcc-6
dpkg: warning: found unknown packages; this might mean the available database
is outdated, and needs to be updated through a frontend method;
please see the FAQ <https://wiki.debian.org/Teams/Dpkg/FAQ>
+ echo 'g++-6 hold'
+ dpkg --set-selections
dpkg: warning: package not in status nor available database at line 1: g++-6
dpkg: warning: found unknown packages; this might mean the available database
is outdated, and needs to be updated through a frontend method;
please see the FAQ <https://wiki.debian.org/Teams/Dpkg/FAQ>
+ for VERSION in $VERSIONS
+ rm -f g++-7 gcc-7 cpp-7 gcc
+ ln -s clang++-10 g++-7
+ ln -s clang-10 gcc-7
+ ln -s clang-10 cpp-7
+ ln -s clang-10 gcc
+ echo 'gcc-7 hold'
+ dpkg --set-selections
dpkg: warning: package not in status nor available database at line 1: gcc-7
dpkg: warning: found unknown packages; this might mean the available database
is outdated, and needs to be updated through a frontend method;
please see the FAQ <https://wiki.debian.org/Teams/Dpkg/FAQ>
+ echo 'g++-7 hold'
+ dpkg --set-selections
dpkg: warning: package not in status nor available database at line 1: g++-7
dpkg: warning: found unknown packages; this might mean the available database
is outdated, and needs to be updated through a frontend method;
please see the FAQ <https://wiki.debian.org/Teams/Dpkg/FAQ>
+ for VERSION in $VERSIONS
+ rm -f g++-8 gcc-8 cpp-8 gcc
+ ln -s clang++-10 g++-8
+ ln -s clang-10 gcc-8
+ ln -s clang-10 cpp-8
+ ln -s clang-10 gcc
+ echo 'gcc-8 hold'
+ dpkg --set-selections
dpkg: warning: package not in status nor available database at line 1: gcc-8
dpkg: warning: found unknown packages; this might mean the available database
is outdated, and needs to be updated through a frontend method;
please see the FAQ <https://wiki.debian.org/Teams/Dpkg/FAQ>
+ echo 'g++-8 hold'
+ dpkg --set-selections
dpkg: warning: package not in status nor available database at line 1: g++-8
dpkg: warning: found unknown packages; this might mean the available database
is outdated, and needs to be updated through a frontend method;
please see the FAQ <https://wiki.debian.org/Teams/Dpkg/FAQ>
+ for VERSION in $VERSIONS
+ rm -f g++-9 gcc-9 cpp-9 gcc
+ ln -s clang++-10 g++-9
+ ln -s clang-10 gcc-9
+ ln -s clang-10 cpp-9
+ ln -s clang-10 gcc
+ echo 'gcc-9 hold'
+ dpkg --set-selections
+ echo 'g++-9 hold'
+ dpkg --set-selections
+ for VERSION in $VERSIONS
+ rm -f g++-10 gcc-10 cpp-10 gcc
+ ln -s clang++-10 g++-10
+ ln -s clang-10 gcc-10
+ ln -s clang-10 cpp-10
+ ln -s clang-10 gcc
+ echo 'gcc-10 hold'
+ dpkg --set-selections
dpkg: warning: package not in status nor available database at line 1: gcc-10
dpkg: warning: found unknown packages; this might mean the available database
is outdated, and needs to be updated through a frontend method;
please see the FAQ <https://wiki.debian.org/Teams/Dpkg/FAQ>
+ echo 'g++-10 hold'
+ dpkg --set-selections
dpkg: warning: package not in status nor available database at line 1: g++-10
dpkg: warning: found unknown packages; this might mean the available database
is outdated, and needs to be updated through a frontend method;
please see the FAQ <https://wiki.debian.org/Teams/Dpkg/FAQ>
+ cd -
/build/adun.app-hBuEWG
+ echo 'Check if gcc, g++ & cpp are actually clang'
Check if gcc, g++ & cpp are actually clang
+ gcc --version
+ grep clang
+ cpp --version
+ grep clang
+ g++ --version
+ grep clang

I: Finished running '/tmp/clang10'.

Finished processing commands.
--------------------------------------------------------------------------------
I: NOTICE: Log filtering will replace 'build/adun.app-hBuEWG/resolver-gcaFdr' with '<<RESOLVERDIR>>'

+------------------------------------------------------------------------------+
| Update chroot                                                                |
+------------------------------------------------------------------------------+

Hit:1 http://127.0.0.1:12990/debian sid InRelease
Reading package lists...
Reading package lists...
Building dependency tree...
Reading state information...
Calculating upgrade...
The following packages will be upgraded:
  bash libgmp10 zlib1g
3 upgraded, 0 newly installed, 0 to remove and 0 not upgraded.
Need to get 1722 kB of archives.
After this operation, 4096 B of additional disk space will be used.
Get:1 http://127.0.0.1:12990/debian sid/main amd64 bash amd64 5.0-6 [1379 kB]
Get:2 http://127.0.0.1:12990/debian sid/main amd64 libgmp10 amd64 2:6.2.0+dfsg-4 [253 kB]
Get:3 http://127.0.0.1:12990/debian sid/main amd64 zlib1g amd64 1:1.2.11.dfsg-2 [90.4 kB]
debconf: delaying package configuration, since apt-utils is not installed
Fetched 1722 kB in 0s (26.8 MB/s)
(Reading database ... (Reading database ... 5%(Reading database ... 10%(Reading database ... 15%(Reading database ... 20%(Reading database ... 25%(Reading database ... 30%(Reading database ... 35%(Reading database ... 40%(Reading database ... 45%(Reading database ... 50%(Reading database ... 55%(Reading database ... 60%(Reading database ... 65%(Reading database ... 70%(Reading database ... 75%(Reading database ... 80%(Reading database ... 85%(Reading database ... 90%(Reading database ... 95%(Reading database ... 100%(Reading database ... 12960 files and directories currently installed.)
Preparing to unpack .../archives/bash_5.0-6_amd64.deb ...
Unpacking bash (5.0-6) over (5.0-5) ...
Setting up bash (5.0-6) ...
update-alternatives: using /usr/share/man/man7/bash-builtins.7.gz to provide /usr/share/man/man7/builtins.7.gz (builtins.7.gz) in auto mode
(Reading database ... (Reading database ... 5%(Reading database ... 10%(Reading database ... 15%(Reading database ... 20%(Reading database ... 25%(Reading database ... 30%(Reading database ... 35%(Reading database ... 40%(Reading database ... 45%(Reading database ... 50%(Reading database ... 55%(Reading database ... 60%(Reading database ... 65%(Reading database ... 70%(Reading database ... 75%(Reading database ... 80%(Reading database ... 85%(Reading database ... 90%(Reading database ... 95%(Reading database ... 100%(Reading database ... 12960 files and directories currently installed.)
Preparing to unpack .../libgmp10_2%3a6.2.0+dfsg-4_amd64.deb ...
Unpacking libgmp10:amd64 (2:6.2.0+dfsg-4) over (2:6.2.0+dfsg-3) ...
Setting up libgmp10:amd64 (2:6.2.0+dfsg-4) ...
(Reading database ... (Reading database ... 5%(Reading database ... 10%(Reading database ... 15%(Reading database ... 20%(Reading database ... 25%(Reading database ... 30%(Reading database ... 35%(Reading database ... 40%(Reading database ... 45%(Reading database ... 50%(Reading database ... 55%(Reading database ... 60%(Reading database ... 65%(Reading database ... 70%(Reading database ... 75%(Reading database ... 80%(Reading database ... 85%(Reading database ... 90%(Reading database ... 95%(Reading database ... 100%(Reading database ... 12960 files and directories currently installed.)
Preparing to unpack .../zlib1g_1%3a1.2.11.dfsg-2_amd64.deb ...
Unpacking zlib1g:amd64 (1:1.2.11.dfsg-2) over (1:1.2.11.dfsg-1.2) ...
Setting up zlib1g:amd64 (1:1.2.11.dfsg-2) ...
Processing triggers for libc-bin (2.29-10) ...

+------------------------------------------------------------------------------+
| Fetch source files                                                           |
+------------------------------------------------------------------------------+


Check APT
---------

Checking available source versions...

Download source files with APT
------------------------------

Reading package lists...
NOTICE: 'adun.app' packaging is maintained in the 'Git' version control system at:
https://salsa.debian.org/med-team/adun-app.git
Please use:
git clone https://salsa.debian.org/med-team/adun-app.git
to retrieve the latest (possibly unreleased) updates to the package.
Need to get 4604 kB of source archives.
Get:1 http://127.0.0.1:12990/debian sid/main adun.app 0.81-13 (dsc) [2110 B]
Get:2 http://127.0.0.1:12990/debian sid/main adun.app 0.81-13 (tar) [4554 kB]
Get:3 http://127.0.0.1:12990/debian sid/main adun.app 0.81-13 (diff) [47.3 kB]
Fetched 4604 kB in 0s (34.2 MB/s)
Download complete and in download only mode
I: NOTICE: Log filtering will replace 'build/adun.app-hBuEWG/adun.app-0.81' with '<<PKGBUILDDIR>>'
I: NOTICE: Log filtering will replace 'build/adun.app-hBuEWG' with '<<BUILDDIR>>'

+------------------------------------------------------------------------------+
| Install package build dependencies                                           |
+------------------------------------------------------------------------------+


Setup apt archive
-----------------

Merged Build-Depends: debhelper (>= 11), gnustep-make (>= 2.7.0-4), libgnustep-gui-dev, libsteptalk-dev, libsqlclient-dev, libgsl-dev, build-essential, fakeroot
Filtered Build-Depends: debhelper (>= 11), gnustep-make (>= 2.7.0-4), libgnustep-gui-dev, libsteptalk-dev, libsqlclient-dev, libgsl-dev, build-essential, fakeroot
dpkg-deb: building package 'sbuild-build-depends-main-dummy' in '/<<RESOLVERDIR>>/apt_archive/sbuild-build-depends-main-dummy.deb'.
Ign:1 copy:/<<RESOLVERDIR>>/apt_archive ./ InRelease
Get:2 copy:/<<RESOLVERDIR>>/apt_archive ./ Release [957 B]
Ign:3 copy:/<<RESOLVERDIR>>/apt_archive ./ Release.gpg
Get:4 copy:/<<RESOLVERDIR>>/apt_archive ./ Sources [409 B]
Get:5 copy:/<<RESOLVERDIR>>/apt_archive ./ Packages [490 B]
Fetched 1856 B in 0s (0 B/s)
Reading package lists...
Reading package lists...

Install main build dependencies (apt-based resolver)
----------------------------------------------------

Installing build dependencies
Reading package lists...
Building dependency tree...
Reading state information...
The following additional packages will be installed:
  autoconf automake autopoint autotools-dev bsdmainutils ca-certificates
  debhelper dh-autoreconf dh-strip-nondeterminism dwz file fontconfig
  fontconfig-config fonts-dejavu-core fonts-freefont-ttf gettext gettext-base
  gnustep-back-common gnustep-back0.27 gnustep-back0.27-cairo
  gnustep-base-common gnustep-base-runtime gnustep-common gnustep-gui-common
  gnustep-gui-runtime gnustep-make gobjc gobjc-9 groff-base
  imagemagick-6-common intltool-debian libao-common libao4 libarchive-zip-perl
  libasound2 libasound2-data libaspell15 libavahi-client3 libavahi-common-data
  libavahi-common3 libcairo2 libcroco3 libcups2 libdbus-1-3 libde265-0
  libdebhelper-perl libdrm-amdgpu1 libdrm-common libdrm-intel1 libdrm-nouveau2
  libdrm-radeon1 libdrm2 libecpg6 libelf1 libexpat1 libfftw3-double3
  libfile-stripnondeterminism-perl libflac8 libflite1 libfontconfig1
  libfreetype6 libgif7 libgl1 libgl1-mesa-dri libglapi-mesa libglib2.0-0
  libglvnd0 libglx-mesa0 libglx0 libgnustep-base-dev libgnustep-base1.26
  libgnustep-dl2-0d libgnustep-gui-dev libgnustep-gui0.27 libgsl-dev libgsl23
  libgslcblas0 libgssapi-krb5-2 libheif1 libice6 libicns1 libicu63 libjbig0
  libjpeg62-turbo libk5crypto3 libkeyutils1 libkrb5-3 libkrb5support0
  liblcms2-2 libldap-2.4-2 libldap-common libllvm9 liblqr-1-0 libltdl7
  libmagic-mgc libmagic1 libmagickcore-6.q16-6 libmariadb3 libnuma1 libogg0
  libopenjp2-7 libpciaccess0 libperformance0.5 libpgtypes3 libpipeline1
  libpixman-1-0 libpng16-16 libpq5 libsasl2-2 libsasl2-modules-db
  libsensors-config libsensors5 libsigsegv2 libsm6 libsndfile1
  libsqlclient-dev libsqlclient1.8 libsqlite3-0 libssl1.1 libsteptalk-dev
  libsteptalk0 libsub-override-perl libtiff5 libtool libuchardet0 libvorbis0a
  libvorbisenc2 libvulkan1 libwebp6 libwebpmux3 libx11-6 libx11-data
  libx11-xcb1 libx265-179 libxau6 libxcb-dri2-0 libxcb-dri3-0 libxcb-glx0
  libxcb-present0 libxcb-render0 libxcb-shm0 libxcb-sync1 libxcb1 libxcursor1
  libxdamage1 libxdmcp6 libxext6 libxfixes3 libxml2 libxmu6 libxrender1
  libxshmfence1 libxslt1.1 libxt6 libxxf86vm1 m4 man-db mariadb-common
  mknfonts.tool mysql-common openssl po-debconf sensible-utils ucf x11-common
Suggested packages:
  autoconf-archive gnu-standards autoconf-doc wamerican | wordlist whois
  vacation dh-make gettext-doc libasprintf-dev libgettextpo-dev fonts-dejavu
  | gsfonts-x11 gnustep-make-doc gobjc-multilib gobjc-9-multilib gcc-9-doc
  groff libaudio2 libpulse0 libsndio6.1 libasound2-plugins alsa-utils aspell
  cups-common libfftw3-bin libfftw3-dev gnustep-base-doc gnustep-gui-doc
  gsl-ref-psdoc | gsl-doc-pdf | gsl-doc-info | gsl-ref-html krb5-doc krb5-user
  liblcms2-utils libmagickcore-6.q16-6-extra pciutils lm-sensors libtool-doc
  gfortran | fortran95-compiler gcj-jdk m4-doc apparmor less www-browser
  libmail-box-perl
Recommended packages:
  curl | wget | lynx alsa-ucm-conf alsa-topology-conf aspell-en
  | aspell-dictionary | aspell6a-dictionary dbus libarchive-cpio-perl
  libglib2.0-data shared-mime-info xdg-user-dirs
  gnustep-dl2-postgresql-adaptor | gnustep-dl2-sqlite-adaptor krb5-locales
  ghostscript gsfonts libsasl2-modules libltdl-dev mesa-vulkan-drivers
  | vulkan-icd libmail-sendmail-perl
The following NEW packages will be installed:
  autoconf automake autopoint autotools-dev bsdmainutils ca-certificates
  debhelper dh-autoreconf dh-strip-nondeterminism dwz file fontconfig
  fontconfig-config fonts-dejavu-core fonts-freefont-ttf gettext gettext-base
  gnustep-back-common gnustep-back0.27 gnustep-back0.27-cairo
  gnustep-base-common gnustep-base-runtime gnustep-common gnustep-gui-common
  gnustep-gui-runtime gnustep-make gobjc gobjc-9 groff-base
  imagemagick-6-common intltool-debian libao-common libao4 libarchive-zip-perl
  libasound2 libasound2-data libaspell15 libavahi-client3 libavahi-common-data
  libavahi-common3 libcairo2 libcroco3 libcups2 libdbus-1-3 libde265-0
  libdebhelper-perl libdrm-amdgpu1 libdrm-common libdrm-intel1 libdrm-nouveau2
  libdrm-radeon1 libdrm2 libecpg6 libelf1 libexpat1 libfftw3-double3
  libfile-stripnondeterminism-perl libflac8 libflite1 libfontconfig1
  libfreetype6 libgif7 libgl1 libgl1-mesa-dri libglapi-mesa libglib2.0-0
  libglvnd0 libglx-mesa0 libglx0 libgnustep-base-dev libgnustep-base1.26
  libgnustep-dl2-0d libgnustep-gui-dev libgnustep-gui0.27 libgsl-dev libgsl23
  libgslcblas0 libgssapi-krb5-2 libheif1 libice6 libicns1 libicu63 libjbig0
  libjpeg62-turbo libk5crypto3 libkeyutils1 libkrb5-3 libkrb5support0
  liblcms2-2 libldap-2.4-2 libldap-common libllvm9 liblqr-1-0 libltdl7
  libmagic-mgc libmagic1 libmagickcore-6.q16-6 libmariadb3 libnuma1 libogg0
  libopenjp2-7 libpciaccess0 libperformance0.5 libpgtypes3 libpipeline1
  libpixman-1-0 libpng16-16 libpq5 libsasl2-2 libsasl2-modules-db
  libsensors-config libsensors5 libsigsegv2 libsm6 libsndfile1
  libsqlclient-dev libsqlclient1.8 libsqlite3-0 libssl1.1 libsteptalk-dev
  libsteptalk0 libsub-override-perl libtiff5 libtool libuchardet0 libvorbis0a
  libvorbisenc2 libvulkan1 libwebp6 libwebpmux3 libx11-6 libx11-data
  libx11-xcb1 libx265-179 libxau6 libxcb-dri2-0 libxcb-dri3-0 libxcb-glx0
  libxcb-present0 libxcb-render0 libxcb-shm0 libxcb-sync1 libxcb1 libxcursor1
  libxdamage1 libxdmcp6 libxext6 libxfixes3 libxml2 libxmu6 libxrender1
  libxshmfence1 libxslt1.1 libxt6 libxxf86vm1 m4 man-db mariadb-common
  mknfonts.tool mysql-common openssl po-debconf
  sbuild-build-depends-main-dummy sensible-utils ucf x11-common
0 upgraded, 166 newly installed, 0 to remove and 0 not upgraded.
Need to get 103 MB of archives.
After this operation, 609 MB of additional disk space will be used.
Get:1 copy:/<<RESOLVERDIR>>/apt_archive ./ sbuild-build-depends-main-dummy 0.invalid.0 [920 B]
Get:2 http://127.0.0.1:12990/debian sid/main amd64 bsdmainutils amd64 11.1.2+b1 [191 kB]
Get:3 http://127.0.0.1:12990/debian sid/main amd64 libuchardet0 amd64 0.0.6-3 [64.9 kB]
Get:4 http://127.0.0.1:12990/debian sid/main amd64 groff-base amd64 1.22.4-4 [919 kB]
Get:5 http://127.0.0.1:12990/debian sid/main amd64 libpipeline1 amd64 1.5.2-2 [33.9 kB]
Get:6 http://127.0.0.1:12990/debian sid/main amd64 man-db amd64 2.9.0-2 [1307 kB]
Get:7 http://127.0.0.1:12990/debian sid/main amd64 libfftw3-double3 amd64 3.3.8-2 [733 kB]
Get:8 http://127.0.0.1:12990/debian sid/main amd64 libexpat1 amd64 2.2.9-1 [94.3 kB]
Get:9 http://127.0.0.1:12990/debian sid/main amd64 libpng16-16 amd64 1.6.37-2 [292 kB]
Get:10 http://127.0.0.1:12990/debian sid/main amd64 libfreetype6 amd64 2.10.1-2 [392 kB]
Get:11 http://127.0.0.1:12990/debian sid/main amd64 sensible-utils all 0.0.12+nmu1 [16.0 kB]
Get:12 http://127.0.0.1:12990/debian sid/main amd64 ucf all 3.0038+nmu1 [69.0 kB]
Get:13 http://127.0.0.1:12990/debian sid/main amd64 fonts-dejavu-core all 2.37-1 [1068 kB]
Get:14 http://127.0.0.1:12990/debian sid/main amd64 fontconfig-config all 2.13.1-2 [280 kB]
Get:15 http://127.0.0.1:12990/debian sid/main amd64 libfontconfig1 amd64 2.13.1-2+b1 [347 kB]
Get:16 http://127.0.0.1:12990/debian sid/main amd64 libde265-0 amd64 1.0.4-1 [239 kB]
Get:17 http://127.0.0.1:12990/debian sid/main amd64 libnuma1 amd64 2.0.12-1+b1 [26.3 kB]
Get:18 http://127.0.0.1:12990/debian sid/main amd64 libx265-179 amd64 3.2.1-1 [1071 kB]
Get:19 http://127.0.0.1:12990/debian sid/main amd64 libheif1 amd64 1.6.1-1 [164 kB]
Get:20 http://127.0.0.1:12990/debian sid/main amd64 libjbig0 amd64 2.1-3.1+b2 [31.0 kB]
Get:21 http://127.0.0.1:12990/debian sid/main amd64 libjpeg62-turbo amd64 1:1.5.2-2+b1 [134 kB]
Get:22 http://127.0.0.1:12990/debian sid/main amd64 liblcms2-2 amd64 2.9-4 [146 kB]
Get:23 http://127.0.0.1:12990/debian sid/main amd64 libglib2.0-0 amd64 2.62.4-2 [1319 kB]
Get:24 http://127.0.0.1:12990/debian sid/main amd64 liblqr-1-0 amd64 0.4.2-2.1 [29.1 kB]
Get:25 http://127.0.0.1:12990/debian sid/main amd64 libltdl7 amd64 2.4.6-13 [390 kB]
Get:26 http://127.0.0.1:12990/debian sid/main amd64 libopenjp2-7 amd64 2.3.1-1 [159 kB]
Get:27 http://127.0.0.1:12990/debian sid/main amd64 libwebp6 amd64 0.6.1-2+b1 [261 kB]
Get:28 http://127.0.0.1:12990/debian sid/main amd64 libtiff5 amd64 4.1.0+git191117-2 [271 kB]
Get:29 http://127.0.0.1:12990/debian sid/main amd64 libwebpmux3 amd64 0.6.1-2+b1 [97.9 kB]
Get:30 http://127.0.0.1:12990/debian sid/main amd64 libxau6 amd64 1:1.0.8-1+b2 [19.9 kB]
Get:31 http://127.0.0.1:12990/debian sid/main amd64 libxdmcp6 amd64 1:1.1.2-3 [26.3 kB]
Get:32 http://127.0.0.1:12990/debian sid/main amd64 libxcb1 amd64 1.13.1-5 [137 kB]
Get:33 http://127.0.0.1:12990/debian sid/main amd64 libx11-data all 2:1.6.8-1 [298 kB]
Get:34 http://127.0.0.1:12990/debian sid/main amd64 libx11-6 amd64 2:1.6.8-1 [756 kB]
Get:35 http://127.0.0.1:12990/debian sid/main amd64 libxext6 amd64 2:1.3.3-1+b2 [52.5 kB]
Get:36 http://127.0.0.1:12990/debian sid/main amd64 libicu63 amd64 63.2-2 [8301 kB]
Get:37 http://127.0.0.1:12990/debian sid/main amd64 libxml2 amd64 2.9.10+dfsg-3 [709 kB]
Get:38 http://127.0.0.1:12990/debian sid/main amd64 imagemagick-6-common all 8:6.9.10.23+dfsg-2.1 [200 kB]
Get:39 http://127.0.0.1:12990/debian sid/main amd64 libmagickcore-6.q16-6 amd64 8:6.9.10.23+dfsg-2.1+b2 [1787 kB]
Get:40 http://127.0.0.1:12990/debian sid/main amd64 libmagic-mgc amd64 1:5.38-4 [262 kB]
Get:41 http://127.0.0.1:12990/debian sid/main amd64 libmagic1 amd64 1:5.38-4 [120 kB]
Get:42 http://127.0.0.1:12990/debian sid/main amd64 file amd64 1:5.38-4 [67.9 kB]
Get:43 http://127.0.0.1:12990/debian sid/main amd64 gettext-base amd64 0.19.8.1-10 [123 kB]
Get:44 http://127.0.0.1:12990/debian sid/main amd64 libsigsegv2 amd64 2.12-2 [32.8 kB]
Get:45 http://127.0.0.1:12990/debian sid/main amd64 m4 amd64 1.4.18-4 [203 kB]
Get:46 http://127.0.0.1:12990/debian sid/main amd64 autoconf all 2.69-11.1 [341 kB]
Get:47 http://127.0.0.1:12990/debian sid/main amd64 autotools-dev all 20180224.1 [77.0 kB]
Get:48 http://127.0.0.1:12990/debian sid/main amd64 automake all 1:1.16.1-4 [771 kB]
Get:49 http://127.0.0.1:12990/debian sid/main amd64 autopoint all 0.19.8.1-10 [435 kB]
Get:50 http://127.0.0.1:12990/debian sid/main amd64 libssl1.1 amd64 1.1.1d-2 [1540 kB]
Get:51 http://127.0.0.1:12990/debian sid/main amd64 openssl amd64 1.1.1d-2 [840 kB]
Get:52 http://127.0.0.1:12990/debian sid/main amd64 ca-certificates all 20190110 [157 kB]
Get:53 http://127.0.0.1:12990/debian sid/main amd64 libtool all 2.4.6-13 [513 kB]
Get:54 http://127.0.0.1:12990/debian sid/main amd64 dh-autoreconf all 19 [16.9 kB]
Get:55 http://127.0.0.1:12990/debian sid/main amd64 libdebhelper-perl all 12.9 [183 kB]
Get:56 http://127.0.0.1:12990/debian sid/main amd64 libarchive-zip-perl all 1.67-1 [104 kB]
Get:57 http://127.0.0.1:12990/debian sid/main amd64 libsub-override-perl all 0.09-2 [10.2 kB]
Get:58 http://127.0.0.1:12990/debian sid/main amd64 libfile-stripnondeterminism-perl all 1.6.3-2 [23.7 kB]
Get:59 http://127.0.0.1:12990/debian sid/main amd64 dh-strip-nondeterminism all 1.6.3-2 [14.7 kB]
Get:60 http://127.0.0.1:12990/debian sid/main amd64 libelf1 amd64 0.176-1.1 [161 kB]
Get:61 http://127.0.0.1:12990/debian sid/main amd64 dwz amd64 0.13-5 [151 kB]
Get:62 http://127.0.0.1:12990/debian sid/main amd64 libcroco3 amd64 0.6.13-1 [146 kB]
Get:63 http://127.0.0.1:12990/debian sid/main amd64 gettext amd64 0.19.8.1-10 [1303 kB]
Get:64 http://127.0.0.1:12990/debian sid/main amd64 intltool-debian all 0.35.0+20060710.5 [26.8 kB]
Get:65 http://127.0.0.1:12990/debian sid/main amd64 po-debconf all 1.0.21 [248 kB]
Get:66 http://127.0.0.1:12990/debian sid/main amd64 debhelper all 12.9 [994 kB]
Get:67 http://127.0.0.1:12990/debian sid/main amd64 fontconfig amd64 2.13.1-2+b1 [405 kB]
Get:68 http://127.0.0.1:12990/debian sid/main amd64 fonts-freefont-ttf all 20120503-9 [4319 kB]
Get:69 http://127.0.0.1:12990/debian sid/main amd64 gnustep-common amd64 2.7.0-4 [116 kB]
Get:70 http://127.0.0.1:12990/debian sid/main amd64 gnustep-base-common all 1.26.0-6 [284 kB]
Get:71 http://127.0.0.1:12990/debian sid/main amd64 libavahi-common-data amd64 0.7-5 [122 kB]
Get:72 http://127.0.0.1:12990/debian sid/main amd64 libavahi-common3 amd64 0.7-5 [54.6 kB]
Get:73 http://127.0.0.1:12990/debian sid/main amd64 libdbus-1-3 amd64 1.12.16-2 [214 kB]
Get:74 http://127.0.0.1:12990/debian sid/main amd64 libavahi-client3 amd64 0.7-5 [58.2 kB]
Get:75 http://127.0.0.1:12990/debian sid/main amd64 libxslt1.1 amd64 1.1.34-3 [239 kB]
Get:76 http://127.0.0.1:12990/debian sid/main amd64 libgnustep-base1.26 amd64 1.26.0-6+b1 [1541 kB]
Get:77 http://127.0.0.1:12990/debian sid/main amd64 gnustep-base-runtime amd64 1.26.0-6+b1 [426 kB]
Get:78 http://127.0.0.1:12990/debian sid/main amd64 mknfonts.tool amd64 0.5-12+b1 [15.3 kB]
Get:79 http://127.0.0.1:12990/debian sid/main amd64 gnustep-gui-common all 0.27.0-5 [615 kB]
Get:80 http://127.0.0.1:12990/debian sid/main amd64 libao-common all 1.2.2+20180113-1 [11.6 kB]
Get:81 http://127.0.0.1:12990/debian sid/main amd64 libao4 amd64 1.2.2+20180113-1+b1 [37.6 kB]
Get:82 http://127.0.0.1:12990/debian sid/main amd64 libaspell15 amd64 0.60.8-1 [352 kB]
Get:83 http://127.0.0.1:12990/debian sid/main amd64 libkeyutils1 amd64 1.6.1-2 [15.4 kB]
Get:84 http://127.0.0.1:12990/debian sid/main amd64 libkrb5support0 amd64 1.17-6 [64.6 kB]
Get:85 http://127.0.0.1:12990/debian sid/main amd64 libk5crypto3 amd64 1.17-6 [116 kB]
Get:86 http://127.0.0.1:12990/debian sid/main amd64 libkrb5-3 amd64 1.17-6 [366 kB]
Get:87 http://127.0.0.1:12990/debian sid/main amd64 libgssapi-krb5-2 amd64 1.17-6 [156 kB]
Get:88 http://127.0.0.1:12990/debian sid/main amd64 libcups2 amd64 2.3.1-11 [349 kB]
Get:89 http://127.0.0.1:12990/debian sid/main amd64 libasound2-data all 1.2.1.2-2 [38.2 kB]
Get:90 http://127.0.0.1:12990/debian sid/main amd64 libasound2 amd64 1.2.1.2-2 [348 kB]
Get:91 http://127.0.0.1:12990/debian sid/main amd64 libflite1 amd64 2.1-release-3 [12.8 MB]
Get:92 http://127.0.0.1:12990/debian sid/main amd64 libgif7 amd64 5.1.9-1 [44.7 kB]
Get:93 http://127.0.0.1:12990/debian sid/main amd64 libicns1 amd64 0.8.1-3.1 [36.9 kB]
Get:94 http://127.0.0.1:12990/debian sid/main amd64 libgnustep-gui0.27 amd64 0.27.0-5 [1430 kB]
Get:95 http://127.0.0.1:12990/debian sid/main amd64 libogg0 amd64 1.3.2-1+b1 [21.3 kB]
Get:96 http://127.0.0.1:12990/debian sid/main amd64 libflac8 amd64 1.3.3-1 [112 kB]
Get:97 http://127.0.0.1:12990/debian sid/main amd64 libvorbis0a amd64 1.3.6-2 [93.5 kB]
Get:98 http://127.0.0.1:12990/debian sid/main amd64 libvorbisenc2 amd64 1.3.6-2 [80.2 kB]
Get:99 http://127.0.0.1:12990/debian sid/main amd64 libsndfile1 amd64 1.0.28-7 [252 kB]
Get:100 http://127.0.0.1:12990/debian sid/main amd64 gnustep-gui-runtime amd64 0.27.0-5 [158 kB]
Get:101 http://127.0.0.1:12990/debian sid/main amd64 libxfixes3 amd64 1:5.0.3-1 [21.9 kB]
Get:102 http://127.0.0.1:12990/debian sid/main amd64 gnustep-back-common amd64 0.27.0-2 [119 kB]
Get:103 http://127.0.0.1:12990/debian sid/main amd64 libpixman-1-0 amd64 0.36.0-1 [537 kB]
Get:104 http://127.0.0.1:12990/debian sid/main amd64 libxcb-render0 amd64 1.13.1-5 [109 kB]
Get:105 http://127.0.0.1:12990/debian sid/main amd64 libxcb-shm0 amd64 1.13.1-5 [99.3 kB]
Get:106 http://127.0.0.1:12990/debian sid/main amd64 libxrender1 amd64 1:0.9.10-1 [33.0 kB]
Get:107 http://127.0.0.1:12990/debian sid/main amd64 libcairo2 amd64 1.16.0-4 [689 kB]
Get:108 http://127.0.0.1:12990/debian sid/main amd64 libglvnd0 amd64 1.3.1-1 [51.1 kB]
Get:109 http://127.0.0.1:12990/debian sid/main amd64 libdrm-common all 2.4.100-4 [14.2 kB]
Get:110 http://127.0.0.1:12990/debian sid/main amd64 libdrm2 amd64 2.4.100-4 [40.7 kB]
Get:111 http://127.0.0.1:12990/debian sid/main amd64 libglapi-mesa amd64 19.3.3-1 [69.7 kB]
Get:112 http://127.0.0.1:12990/debian sid/main amd64 libx11-xcb1 amd64 2:1.6.8-1 [190 kB]
Get:113 http://127.0.0.1:12990/debian sid/main amd64 libxcb-dri2-0 amd64 1.13.1-5 [101 kB]
Get:114 http://127.0.0.1:12990/debian sid/main amd64 libxcb-dri3-0 amd64 1.13.1-5 [100 kB]
Get:115 http://127.0.0.1:12990/debian sid/main amd64 libxcb-glx0 amd64 1.13.1-5 [116 kB]
Get:116 http://127.0.0.1:12990/debian sid/main amd64 libxcb-present0 amd64 1.13.1-5 [99.3 kB]
Get:117 http://127.0.0.1:12990/debian sid/main amd64 libxcb-sync1 amd64 1.13.1-5 [103 kB]
Get:118 http://127.0.0.1:12990/debian sid/main amd64 libxdamage1 amd64 1:1.1.5-1 [15.7 kB]
Get:119 http://127.0.0.1:12990/debian sid/main amd64 libxshmfence1 amd64 1.3-1 [8820 B]
Get:120 http://127.0.0.1:12990/debian sid/main amd64 libxxf86vm1 amd64 1:1.1.4-1+b2 [20.8 kB]
Get:121 http://127.0.0.1:12990/debian sid/main amd64 libdrm-amdgpu1 amd64 2.4.100-4 [28.0 kB]
Get:122 http://127.0.0.1:12990/debian sid/main amd64 libpciaccess0 amd64 0.14-1 [53.5 kB]
Get:123 http://127.0.0.1:12990/debian sid/main amd64 libdrm-intel1 amd64 2.4.100-4 [70.1 kB]
Get:124 http://127.0.0.1:12990/debian sid/main amd64 libdrm-nouveau2 amd64 2.4.100-4 [26.3 kB]
Get:125 http://127.0.0.1:12990/debian sid/main amd64 libdrm-radeon1 amd64 2.4.100-4 [29.5 kB]
Get:126 http://127.0.0.1:12990/debian sid/main amd64 libllvm9 amd64 1:9.0.1-8 [15.0 MB]
Get:127 http://127.0.0.1:12990/debian sid/main amd64 libsensors-config all 1:3.6.0-2 [32.0 kB]
Get:128 http://127.0.0.1:12990/debian sid/main amd64 libsensors5 amd64 1:3.6.0-2 [53.1 kB]
Get:129 http://127.0.0.1:12990/debian sid/main amd64 libvulkan1 amd64 1.2.131.2-1 [98.2 kB]
Get:130 http://127.0.0.1:12990/debian sid/main amd64 libgl1-mesa-dri amd64 19.3.3-1 [9219 kB]
Get:131 http://127.0.0.1:12990/debian sid/main amd64 libglx-mesa0 amd64 19.3.3-1 [183 kB]
Get:132 http://127.0.0.1:12990/debian sid/main amd64 libglx0 amd64 1.3.1-1 [34.6 kB]
Get:133 http://127.0.0.1:12990/debian sid/main amd64 libgl1 amd64 1.3.1-1 [89.3 kB]
Get:134 http://127.0.0.1:12990/debian sid/main amd64 libxcursor1 amd64 1:1.2.0-2 [37.3 kB]
Get:135 http://127.0.0.1:12990/debian sid/main amd64 x11-common all 1:7.7+20 [252 kB]
Get:136 http://127.0.0.1:12990/debian sid/main amd64 libice6 amd64 2:1.0.9-2 [58.7 kB]
Get:137 http://127.0.0.1:12990/debian sid/main amd64 libsm6 amd64 2:1.2.3-1 [35.1 kB]
Get:138 http://127.0.0.1:12990/debian sid/main amd64 libxt6 amd64 1:1.1.5-1+b3 [190 kB]
Get:139 http://127.0.0.1:12990/debian sid/main amd64 libxmu6 amd64 2:1.1.2-2+b3 [60.8 kB]
Get:140 http://127.0.0.1:12990/debian sid/main amd64 gnustep-back0.27-cairo amd64 0.27.0-2 [250 kB]
Get:141 http://127.0.0.1:12990/debian sid/main amd64 gnustep-back0.27 all 0.27.0-2 [87.4 kB]
Get:142 http://127.0.0.1:12990/debian sid/main amd64 gobjc-9 amd64 9.2.1-30 [9646 kB]
Get:143 http://127.0.0.1:12990/debian sid/main amd64 gobjc amd64 4:9.2.1-3.1 [1008 B]
Get:144 http://127.0.0.1:12990/debian sid/main amd64 gnustep-make all 2.7.0-4 [211 kB]
Get:145 http://127.0.0.1:12990/debian sid/main amd64 libpgtypes3 amd64 12.2-1 [41.6 kB]
Get:146 http://127.0.0.1:12990/debian sid/main amd64 libsasl2-modules-db amd64 2.1.27+dfsg-2 [69.0 kB]
Get:147 http://127.0.0.1:12990/debian sid/main amd64 libsasl2-2 amd64 2.1.27+dfsg-2 [106 kB]
Get:148 http://127.0.0.1:12990/debian sid/main amd64 libldap-common all 2.4.49+dfsg-1 [91.9 kB]
Get:149 http://127.0.0.1:12990/debian sid/main amd64 libldap-2.4-2 amd64 2.4.49+dfsg-1 [226 kB]
Get:150 http://127.0.0.1:12990/debian sid/main amd64 libpq5 amd64 12.2-1 [172 kB]
Get:151 http://127.0.0.1:12990/debian sid/main amd64 libecpg6 amd64 12.2-1 [55.7 kB]
Get:152 http://127.0.0.1:12990/debian sid/main amd64 libgnustep-base-dev amd64 1.26.0-6+b1 [1957 kB]
Get:153 http://127.0.0.1:12990/debian sid/main amd64 libgnustep-dl2-0d amd64 0.12.0-15.1+b3 [600 kB]
Get:154 http://127.0.0.1:12990/debian sid/main amd64 libgnustep-gui-dev amd64 0.27.0-5 [1834 kB]
Get:155 http://127.0.0.1:12990/debian sid/main amd64 libgslcblas0 amd64 2.5+dfsg-6+b1 [102 kB]
Get:156 http://127.0.0.1:12990/debian sid/main amd64 libgsl23 amd64 2.5+dfsg-6+b1 [879 kB]
Get:157 http://127.0.0.1:12990/debian sid/main amd64 libgsl-dev amd64 2.5+dfsg-6+b1 [1063 kB]
Get:158 http://127.0.0.1:12990/debian sid/main amd64 mysql-common all 5.8+1.0.5 [7324 B]
Get:159 http://127.0.0.1:12990/debian sid/main amd64 mariadb-common all 1:10.3.22-1 [32.3 kB]
Get:160 http://127.0.0.1:12990/debian sid/main amd64 libmariadb3 amd64 1:10.3.22-1 [171 kB]
Get:161 http://127.0.0.1:12990/debian sid/main amd64 libperformance0.5 amd64 0.5.0-1+b2 [50.1 kB]
Get:162 http://127.0.0.1:12990/debian sid/main amd64 libsqlite3-0 amd64 3.31.1-3 [661 kB]
Get:163 http://127.0.0.1:12990/debian sid/main amd64 libsqlclient1.8 amd64 1.8.1-3+b1 [81.1 kB]
Get:164 http://127.0.0.1:12990/debian sid/main amd64 libsqlclient-dev amd64 1.8.1-3+b1 [54.7 kB]
Get:165 http://127.0.0.1:12990/debian sid/main amd64 libsteptalk0 amd64 0.10.0-6+b7 [161 kB]
Get:166 http://127.0.0.1:12990/debian sid/main amd64 libsteptalk-dev amd64 0.10.0-6+b7 [21.4 kB]
debconf: delaying package configuration, since apt-utils is not installed
Fetched 103 MB in 1s (81.3 MB/s)
Selecting previously unselected package bsdmainutils.
(Reading database ... 12960 files and directories currently installed.)
Preparing to unpack .../000-bsdmainutils_11.1.2+b1_amd64.deb ...
Unpacking bsdmainutils (11.1.2+b1) ...
Selecting previously unselected package libuchardet0:amd64.
Preparing to unpack .../001-libuchardet0_0.0.6-3_amd64.deb ...
Unpacking libuchardet0:amd64 (0.0.6-3) ...
Selecting previously unselected package groff-base.
Preparing to unpack .../002-groff-base_1.22.4-4_amd64.deb ...
Unpacking groff-base (1.22.4-4) ...
Selecting previously unselected package libpipeline1:amd64.
Preparing to unpack .../003-libpipeline1_1.5.2-2_amd64.deb ...
Unpacking libpipeline1:amd64 (1.5.2-2) ...
Selecting previously unselected package man-db.
Preparing to unpack .../004-man-db_2.9.0-2_amd64.deb ...
Unpacking man-db (2.9.0-2) ...
Selecting previously unselected package libfftw3-double3:amd64.
Preparing to unpack .../005-libfftw3-double3_3.3.8-2_amd64.deb ...
Unpacking libfftw3-double3:amd64 (3.3.8-2) ...
Selecting previously unselected package libexpat1:amd64.
Preparing to unpack .../006-libexpat1_2.2.9-1_amd64.deb ...
Unpacking libexpat1:amd64 (2.2.9-1) ...
Selecting previously unselected package libpng16-16:amd64.
Preparing to unpack .../007-libpng16-16_1.6.37-2_amd64.deb ...
Unpacking libpng16-16:amd64 (1.6.37-2) ...
Selecting previously unselected package libfreetype6:amd64.
Preparing to unpack .../008-libfreetype6_2.10.1-2_amd64.deb ...
Unpacking libfreetype6:amd64 (2.10.1-2) ...
Selecting previously unselected package sensible-utils.
Preparing to unpack .../009-sensible-utils_0.0.12+nmu1_all.deb ...
Unpacking sensible-utils (0.0.12+nmu1) ...
Selecting previously unselected package ucf.
Preparing to unpack .../010-ucf_3.0038+nmu1_all.deb ...
Moving old data out of the way
Unpacking ucf (3.0038+nmu1) ...
Selecting previously unselected package fonts-dejavu-core.
Preparing to unpack .../011-fonts-dejavu-core_2.37-1_all.deb ...
Unpacking fonts-dejavu-core (2.37-1) ...
Selecting previously unselected package fontconfig-config.
Preparing to unpack .../012-fontconfig-config_2.13.1-2_all.deb ...
Unpacking fontconfig-config (2.13.1-2) ...
Selecting previously unselected package libfontconfig1:amd64.
Preparing to unpack .../013-libfontconfig1_2.13.1-2+b1_amd64.deb ...
Unpacking libfontconfig1:amd64 (2.13.1-2+b1) ...
Selecting previously unselected package libde265-0:amd64.
Preparing to unpack .../014-libde265-0_1.0.4-1_amd64.deb ...
Unpacking libde265-0:amd64 (1.0.4-1) ...
Selecting previously unselected package libnuma1:amd64.
Preparing to unpack .../015-libnuma1_2.0.12-1+b1_amd64.deb ...
Unpacking libnuma1:amd64 (2.0.12-1+b1) ...
Selecting previously unselected package libx265-179:amd64.
Preparing to unpack .../016-libx265-179_3.2.1-1_amd64.deb ...
Unpacking libx265-179:amd64 (3.2.1-1) ...
Selecting previously unselected package libheif1:amd64.
Preparing to unpack .../017-libheif1_1.6.1-1_amd64.deb ...
Unpacking libheif1:amd64 (1.6.1-1) ...
Selecting previously unselected package libjbig0:amd64.
Preparing to unpack .../018-libjbig0_2.1-3.1+b2_amd64.deb ...
Unpacking libjbig0:amd64 (2.1-3.1+b2) ...
Selecting previously unselected package libjpeg62-turbo:amd64.
Preparing to unpack .../019-libjpeg62-turbo_1%3a1.5.2-2+b1_amd64.deb ...
Unpacking libjpeg62-turbo:amd64 (1:1.5.2-2+b1) ...
Selecting previously unselected package liblcms2-2:amd64.
Preparing to unpack .../020-liblcms2-2_2.9-4_amd64.deb ...
Unpacking liblcms2-2:amd64 (2.9-4) ...
Selecting previously unselected package libglib2.0-0:amd64.
Preparing to unpack .../021-libglib2.0-0_2.62.4-2_amd64.deb ...
Unpacking libglib2.0-0:amd64 (2.62.4-2) ...
Selecting previously unselected package liblqr-1-0:amd64.
Preparing to unpack .../022-liblqr-1-0_0.4.2-2.1_amd64.deb ...
Unpacking liblqr-1-0:amd64 (0.4.2-2.1) ...
Selecting previously unselected package libltdl7:amd64.
Preparing to unpack .../023-libltdl7_2.4.6-13_amd64.deb ...
Unpacking libltdl7:amd64 (2.4.6-13) ...
Selecting previously unselected package libopenjp2-7:amd64.
Preparing to unpack .../024-libopenjp2-7_2.3.1-1_amd64.deb ...
Unpacking libopenjp2-7:amd64 (2.3.1-1) ...
Selecting previously unselected package libwebp6:amd64.
Preparing to unpack .../025-libwebp6_0.6.1-2+b1_amd64.deb ...
Unpacking libwebp6:amd64 (0.6.1-2+b1) ...
Selecting previously unselected package libtiff5:amd64.
Preparing to unpack .../026-libtiff5_4.1.0+git191117-2_amd64.deb ...
Unpacking libtiff5:amd64 (4.1.0+git191117-2) ...
Selecting previously unselected package libwebpmux3:amd64.
Preparing to unpack .../027-libwebpmux3_0.6.1-2+b1_amd64.deb ...
Unpacking libwebpmux3:amd64 (0.6.1-2+b1) ...
Selecting previously unselected package libxau6:amd64.
Preparing to unpack .../028-libxau6_1%3a1.0.8-1+b2_amd64.deb ...
Unpacking libxau6:amd64 (1:1.0.8-1+b2) ...
Selecting previously unselected package libxdmcp6:amd64.
Preparing to unpack .../029-libxdmcp6_1%3a1.1.2-3_amd64.deb ...
Unpacking libxdmcp6:amd64 (1:1.1.2-3) ...
Selecting previously unselected package libxcb1:amd64.
Preparing to unpack .../030-libxcb1_1.13.1-5_amd64.deb ...
Unpacking libxcb1:amd64 (1.13.1-5) ...
Selecting previously unselected package libx11-data.
Preparing to unpack .../031-libx11-data_2%3a1.6.8-1_all.deb ...
Unpacking libx11-data (2:1.6.8-1) ...
Selecting previously unselected package libx11-6:amd64.
Preparing to unpack .../032-libx11-6_2%3a1.6.8-1_amd64.deb ...
Unpacking libx11-6:amd64 (2:1.6.8-1) ...
Selecting previously unselected package libxext6:amd64.
Preparing to unpack .../033-libxext6_2%3a1.3.3-1+b2_amd64.deb ...
Unpacking libxext6:amd64 (2:1.3.3-1+b2) ...
Selecting previously unselected package libicu63:amd64.
Preparing to unpack .../034-libicu63_63.2-2_amd64.deb ...
Unpacking libicu63:amd64 (63.2-2) ...
Selecting previously unselected package libxml2:amd64.
Preparing to unpack .../035-libxml2_2.9.10+dfsg-3_amd64.deb ...
Unpacking libxml2:amd64 (2.9.10+dfsg-3) ...
Selecting previously unselected package imagemagick-6-common.
Preparing to unpack .../036-imagemagick-6-common_8%3a6.9.10.23+dfsg-2.1_all.deb ...
Unpacking imagemagick-6-common (8:6.9.10.23+dfsg-2.1) ...
Selecting previously unselected package libmagickcore-6.q16-6:amd64.
Preparing to unpack .../037-libmagickcore-6.q16-6_8%3a6.9.10.23+dfsg-2.1+b2_amd64.deb ...
Unpacking libmagickcore-6.q16-6:amd64 (8:6.9.10.23+dfsg-2.1+b2) ...
Selecting previously unselected package libmagic-mgc.
Preparing to unpack .../038-libmagic-mgc_1%3a5.38-4_amd64.deb ...
Unpacking libmagic-mgc (1:5.38-4) ...
Selecting previously unselected package libmagic1:amd64.
Preparing to unpack .../039-libmagic1_1%3a5.38-4_amd64.deb ...
Unpacking libmagic1:amd64 (1:5.38-4) ...
Selecting previously unselected package file.
Preparing to unpack .../040-file_1%3a5.38-4_amd64.deb ...
Unpacking file (1:5.38-4) ...
Selecting previously unselected package gettext-base.
Preparing to unpack .../041-gettext-base_0.19.8.1-10_amd64.deb ...
Unpacking gettext-base (0.19.8.1-10) ...
Selecting previously unselected package libsigsegv2:amd64.
Preparing to unpack .../042-libsigsegv2_2.12-2_amd64.deb ...
Unpacking libsigsegv2:amd64 (2.12-2) ...
Selecting previously unselected package m4.
Preparing to unpack .../043-m4_1.4.18-4_amd64.deb ...
Unpacking m4 (1.4.18-4) ...
Selecting previously unselected package autoconf.
Preparing to unpack .../044-autoconf_2.69-11.1_all.deb ...
Unpacking autoconf (2.69-11.1) ...
Selecting previously unselected package autotools-dev.
Preparing to unpack .../045-autotools-dev_20180224.1_all.deb ...
Unpacking autotools-dev (20180224.1) ...
Selecting previously unselected package automake.
Preparing to unpack .../046-automake_1%3a1.16.1-4_all.deb ...
Unpacking automake (1:1.16.1-4) ...
Selecting previously unselected package autopoint.
Preparing to unpack .../047-autopoint_0.19.8.1-10_all.deb ...
Unpacking autopoint (0.19.8.1-10) ...
Selecting previously unselected package libssl1.1:amd64.
Preparing to unpack .../048-libssl1.1_1.1.1d-2_amd64.deb ...
Unpacking libssl1.1:amd64 (1.1.1d-2) ...
Selecting previously unselected package openssl.
Preparing to unpack .../049-openssl_1.1.1d-2_amd64.deb ...
Unpacking openssl (1.1.1d-2) ...
Selecting previously unselected package ca-certificates.
Preparing to unpack .../050-ca-certificates_20190110_all.deb ...
Unpacking ca-certificates (20190110) ...
Selecting previously unselected package libtool.
Preparing to unpack .../051-libtool_2.4.6-13_all.deb ...
Unpacking libtool (2.4.6-13) ...
Selecting previously unselected package dh-autoreconf.
Preparing to unpack .../052-dh-autoreconf_19_all.deb ...
Unpacking dh-autoreconf (19) ...
Selecting previously unselected package libdebhelper-perl.
Preparing to unpack .../053-libdebhelper-perl_12.9_all.deb ...
Unpacking libdebhelper-perl (12.9) ...
Selecting previously unselected package libarchive-zip-perl.
Preparing to unpack .../054-libarchive-zip-perl_1.67-1_all.deb ...
Unpacking libarchive-zip-perl (1.67-1) ...
Selecting previously unselected package libsub-override-perl.
Preparing to unpack .../055-libsub-override-perl_0.09-2_all.deb ...
Unpacking libsub-override-perl (0.09-2) ...
Selecting previously unselected package libfile-stripnondeterminism-perl.
Preparing to unpack .../056-libfile-stripnondeterminism-perl_1.6.3-2_all.deb ...
Unpacking libfile-stripnondeterminism-perl (1.6.3-2) ...
Selecting previously unselected package dh-strip-nondeterminism.
Preparing to unpack .../057-dh-strip-nondeterminism_1.6.3-2_all.deb ...
Unpacking dh-strip-nondeterminism (1.6.3-2) ...
Selecting previously unselected package libelf1:amd64.
Preparing to unpack .../058-libelf1_0.176-1.1_amd64.deb ...
Unpacking libelf1:amd64 (0.176-1.1) ...
Selecting previously unselected package dwz.
Preparing to unpack .../059-dwz_0.13-5_amd64.deb ...
Unpacking dwz (0.13-5) ...
Selecting previously unselected package libcroco3:amd64.
Preparing to unpack .../060-libcroco3_0.6.13-1_amd64.deb ...
Unpacking libcroco3:amd64 (0.6.13-1) ...
Selecting previously unselected package gettext.
Preparing to unpack .../061-gettext_0.19.8.1-10_amd64.deb ...
Unpacking gettext (0.19.8.1-10) ...
Selecting previously unselected package intltool-debian.
Preparing to unpack .../062-intltool-debian_0.35.0+20060710.5_all.deb ...
Unpacking intltool-debian (0.35.0+20060710.5) ...
Selecting previously unselected package po-debconf.
Preparing to unpack .../063-po-debconf_1.0.21_all.deb ...
Unpacking po-debconf (1.0.21) ...
Selecting previously unselected package debhelper.
Preparing to unpack .../064-debhelper_12.9_all.deb ...
Unpacking debhelper (12.9) ...
Selecting previously unselected package fontconfig.
Preparing to unpack .../065-fontconfig_2.13.1-2+b1_amd64.deb ...
Unpacking fontconfig (2.13.1-2+b1) ...
Selecting previously unselected package fonts-freefont-ttf.
Preparing to unpack .../066-fonts-freefont-ttf_20120503-9_all.deb ...
Unpacking fonts-freefont-ttf (20120503-9) ...
Selecting previously unselected package gnustep-common.
Preparing to unpack .../067-gnustep-common_2.7.0-4_amd64.deb ...
Unpacking gnustep-common (2.7.0-4) ...
Selecting previously unselected package gnustep-base-common.
Preparing to unpack .../068-gnustep-base-common_1.26.0-6_all.deb ...
Unpacking gnustep-base-common (1.26.0-6) ...
Selecting previously unselected package libavahi-common-data:amd64.
Preparing to unpack .../069-libavahi-common-data_0.7-5_amd64.deb ...
Unpacking libavahi-common-data:amd64 (0.7-5) ...
Selecting previously unselected package libavahi-common3:amd64.
Preparing to unpack .../070-libavahi-common3_0.7-5_amd64.deb ...
Unpacking libavahi-common3:amd64 (0.7-5) ...
Selecting previously unselected package libdbus-1-3:amd64.
Preparing to unpack .../071-libdbus-1-3_1.12.16-2_amd64.deb ...
Unpacking libdbus-1-3:amd64 (1.12.16-2) ...
Selecting previously unselected package libavahi-client3:amd64.
Preparing to unpack .../072-libavahi-client3_0.7-5_amd64.deb ...
Unpacking libavahi-client3:amd64 (0.7-5) ...
Selecting previously unselected package libxslt1.1:amd64.
Preparing to unpack .../073-libxslt1.1_1.1.34-3_amd64.deb ...
Unpacking libxslt1.1:amd64 (1.1.34-3) ...
Selecting previously unselected package libgnustep-base1.26.
Preparing to unpack .../074-libgnustep-base1.26_1.26.0-6+b1_amd64.deb ...
Unpacking libgnustep-base1.26 (1.26.0-6+b1) ...
Selecting previously unselected package gnustep-base-runtime.
Preparing to unpack .../075-gnustep-base-runtime_1.26.0-6+b1_amd64.deb ...
Unpacking gnustep-base-runtime (1.26.0-6+b1) ...
Selecting previously unselected package mknfonts.tool.
Preparing to unpack .../076-mknfonts.tool_0.5-12+b1_amd64.deb ...
Unpacking mknfonts.tool (0.5-12+b1) ...
Selecting previously unselected package gnustep-gui-common.
Preparing to unpack .../077-gnustep-gui-common_0.27.0-5_all.deb ...
Unpacking gnustep-gui-common (0.27.0-5) ...
Selecting previously unselected package libao-common.
Preparing to unpack .../078-libao-common_1.2.2+20180113-1_all.deb ...
Unpacking libao-common (1.2.2+20180113-1) ...
Selecting previously unselected package libao4:amd64.
Preparing to unpack .../079-libao4_1.2.2+20180113-1+b1_amd64.deb ...
Unpacking libao4:amd64 (1.2.2+20180113-1+b1) ...
Selecting previously unselected package libaspell15:amd64.
Preparing to unpack .../080-libaspell15_0.60.8-1_amd64.deb ...
Unpacking libaspell15:amd64 (0.60.8-1) ...
Selecting previously unselected package libkeyutils1:amd64.
Preparing to unpack .../081-libkeyutils1_1.6.1-2_amd64.deb ...
Unpacking libkeyutils1:amd64 (1.6.1-2) ...
Selecting previously unselected package libkrb5support0:amd64.
Preparing to unpack .../082-libkrb5support0_1.17-6_amd64.deb ...
Unpacking libkrb5support0:amd64 (1.17-6) ...
Selecting previously unselected package libk5crypto3:amd64.
Preparing to unpack .../083-libk5crypto3_1.17-6_amd64.deb ...
Unpacking libk5crypto3:amd64 (1.17-6) ...
Selecting previously unselected package libkrb5-3:amd64.
Preparing to unpack .../084-libkrb5-3_1.17-6_amd64.deb ...
Unpacking libkrb5-3:amd64 (1.17-6) ...
Selecting previously unselected package libgssapi-krb5-2:amd64.
Preparing to unpack .../085-libgssapi-krb5-2_1.17-6_amd64.deb ...
Unpacking libgssapi-krb5-2:amd64 (1.17-6) ...
Selecting previously unselected package libcups2:amd64.
Preparing to unpack .../086-libcups2_2.3.1-11_amd64.deb ...
Unpacking libcups2:amd64 (2.3.1-11) ...
Selecting previously unselected package libasound2-data.
Preparing to unpack .../087-libasound2-data_1.2.1.2-2_all.deb ...
Unpacking libasound2-data (1.2.1.2-2) ...
Selecting previously unselected package libasound2:amd64.
Preparing to unpack .../088-libasound2_1.2.1.2-2_amd64.deb ...
Unpacking libasound2:amd64 (1.2.1.2-2) ...
Selecting previously unselected package libflite1:amd64.
Preparing to unpack .../089-libflite1_2.1-release-3_amd64.deb ...
Unpacking libflite1:amd64 (2.1-release-3) ...
Selecting previously unselected package libgif7:amd64.
Preparing to unpack .../090-libgif7_5.1.9-1_amd64.deb ...
Unpacking libgif7:amd64 (5.1.9-1) ...
Selecting previously unselected package libicns1:amd64.
Preparing to unpack .../091-libicns1_0.8.1-3.1_amd64.deb ...
Unpacking libicns1:amd64 (0.8.1-3.1) ...
Selecting previously unselected package libgnustep-gui0.27.
Preparing to unpack .../092-libgnustep-gui0.27_0.27.0-5_amd64.deb ...
Unpacking libgnustep-gui0.27 (0.27.0-5) ...
Selecting previously unselected package libogg0:amd64.
Preparing to unpack .../093-libogg0_1.3.2-1+b1_amd64.deb ...
Unpacking libogg0:amd64 (1.3.2-1+b1) ...
Selecting previously unselected package libflac8:amd64.
Preparing to unpack .../094-libflac8_1.3.3-1_amd64.deb ...
Unpacking libflac8:amd64 (1.3.3-1) ...
Selecting previously unselected package libvorbis0a:amd64.
Preparing to unpack .../095-libvorbis0a_1.3.6-2_amd64.deb ...
Unpacking libvorbis0a:amd64 (1.3.6-2) ...
Selecting previously unselected package libvorbisenc2:amd64.
Preparing to unpack .../096-libvorbisenc2_1.3.6-2_amd64.deb ...
Unpacking libvorbisenc2:amd64 (1.3.6-2) ...
Selecting previously unselected package libsndfile1:amd64.
Preparing to unpack .../097-libsndfile1_1.0.28-7_amd64.deb ...
Unpacking libsndfile1:amd64 (1.0.28-7) ...
Selecting previously unselected package gnustep-gui-runtime.
Preparing to unpack .../098-gnustep-gui-runtime_0.27.0-5_amd64.deb ...
Unpacking gnustep-gui-runtime (0.27.0-5) ...
Selecting previously unselected package libxfixes3:amd64.
Preparing to unpack .../099-libxfixes3_1%3a5.0.3-1_amd64.deb ...
Unpacking libxfixes3:amd64 (1:5.0.3-1) ...
Selecting previously unselected package gnustep-back-common.
Preparing to unpack .../100-gnustep-back-common_0.27.0-2_amd64.deb ...
Unpacking gnustep-back-common (0.27.0-2) ...
Selecting previously unselected package libpixman-1-0:amd64.
Preparing to unpack .../101-libpixman-1-0_0.36.0-1_amd64.deb ...
Unpacking libpixman-1-0:amd64 (0.36.0-1) ...
Selecting previously unselected package libxcb-render0:amd64.
Preparing to unpack .../102-libxcb-render0_1.13.1-5_amd64.deb ...
Unpacking libxcb-render0:amd64 (1.13.1-5) ...
Selecting previously unselected package libxcb-shm0:amd64.
Preparing to unpack .../103-libxcb-shm0_1.13.1-5_amd64.deb ...
Unpacking libxcb-shm0:amd64 (1.13.1-5) ...
Selecting previously unselected package libxrender1:amd64.
Preparing to unpack .../104-libxrender1_1%3a0.9.10-1_amd64.deb ...
Unpacking libxrender1:amd64 (1:0.9.10-1) ...
Selecting previously unselected package libcairo2:amd64.
Preparing to unpack .../105-libcairo2_1.16.0-4_amd64.deb ...
Unpacking libcairo2:amd64 (1.16.0-4) ...
Selecting previously unselected package libglvnd0:amd64.
Preparing to unpack .../106-libglvnd0_1.3.1-1_amd64.deb ...
Unpacking libglvnd0:amd64 (1.3.1-1) ...
Selecting previously unselected package libdrm-common.
Preparing to unpack .../107-libdrm-common_2.4.100-4_all.deb ...
Unpacking libdrm-common (2.4.100-4) ...
Selecting previously unselected package libdrm2:amd64.
Preparing to unpack .../108-libdrm2_2.4.100-4_amd64.deb ...
Unpacking libdrm2:amd64 (2.4.100-4) ...
Selecting previously unselected package libglapi-mesa:amd64.
Preparing to unpack .../109-libglapi-mesa_19.3.3-1_amd64.deb ...
Unpacking libglapi-mesa:amd64 (19.3.3-1) ...
Selecting previously unselected package libx11-xcb1:amd64.
Preparing to unpack .../110-libx11-xcb1_2%3a1.6.8-1_amd64.deb ...
Unpacking libx11-xcb1:amd64 (2:1.6.8-1) ...
Selecting previously unselected package libxcb-dri2-0:amd64.
Preparing to unpack .../111-libxcb-dri2-0_1.13.1-5_amd64.deb ...
Unpacking libxcb-dri2-0:amd64 (1.13.1-5) ...
Selecting previously unselected package libxcb-dri3-0:amd64.
Preparing to unpack .../112-libxcb-dri3-0_1.13.1-5_amd64.deb ...
Unpacking libxcb-dri3-0:amd64 (1.13.1-5) ...
Selecting previously unselected package libxcb-glx0:amd64.
Preparing to unpack .../113-libxcb-glx0_1.13.1-5_amd64.deb ...
Unpacking libxcb-glx0:amd64 (1.13.1-5) ...
Selecting previously unselected package libxcb-present0:amd64.
Preparing to unpack .../114-libxcb-present0_1.13.1-5_amd64.deb ...
Unpacking libxcb-present0:amd64 (1.13.1-5) ...
Selecting previously unselected package libxcb-sync1:amd64.
Preparing to unpack .../115-libxcb-sync1_1.13.1-5_amd64.deb ...
Unpacking libxcb-sync1:amd64 (1.13.1-5) ...
Selecting previously unselected package libxdamage1:amd64.
Preparing to unpack .../116-libxdamage1_1%3a1.1.5-1_amd64.deb ...
Unpacking libxdamage1:amd64 (1:1.1.5-1) ...
Selecting previously unselected package libxshmfence1:amd64.
Preparing to unpack .../117-libxshmfence1_1.3-1_amd64.deb ...
Unpacking libxshmfence1:amd64 (1.3-1) ...
Selecting previously unselected package libxxf86vm1:amd64.
Preparing to unpack .../118-libxxf86vm1_1%3a1.1.4-1+b2_amd64.deb ...
Unpacking libxxf86vm1:amd64 (1:1.1.4-1+b2) ...
Selecting previously unselected package libdrm-amdgpu1:amd64.
Preparing to unpack .../119-libdrm-amdgpu1_2.4.100-4_amd64.deb ...
Unpacking libdrm-amdgpu1:amd64 (2.4.100-4) ...
Selecting previously unselected package libpciaccess0:amd64.
Preparing to unpack .../120-libpciaccess0_0.14-1_amd64.deb ...
Unpacking libpciaccess0:amd64 (0.14-1) ...
Selecting previously unselected package libdrm-intel1:amd64.
Preparing to unpack .../121-libdrm-intel1_2.4.100-4_amd64.deb ...
Unpacking libdrm-intel1:amd64 (2.4.100-4) ...
Selecting previously unselected package libdrm-nouveau2:amd64.
Preparing to unpack .../122-libdrm-nouveau2_2.4.100-4_amd64.deb ...
Unpacking libdrm-nouveau2:amd64 (2.4.100-4) ...
Selecting previously unselected package libdrm-radeon1:amd64.
Preparing to unpack .../123-libdrm-radeon1_2.4.100-4_amd64.deb ...
Unpacking libdrm-radeon1:amd64 (2.4.100-4) ...
Selecting previously unselected package libllvm9:amd64.
Preparing to unpack .../124-libllvm9_1%3a9.0.1-8_amd64.deb ...
Unpacking libllvm9:amd64 (1:9.0.1-8) ...
Selecting previously unselected package libsensors-config.
Preparing to unpack .../125-libsensors-config_1%3a3.6.0-2_all.deb ...
Unpacking libsensors-config (1:3.6.0-2) ...
Selecting previously unselected package libsensors5:amd64.
Preparing to unpack .../126-libsensors5_1%3a3.6.0-2_amd64.deb ...
Unpacking libsensors5:amd64 (1:3.6.0-2) ...
Selecting previously unselected package libvulkan1:amd64.
Preparing to unpack .../127-libvulkan1_1.2.131.2-1_amd64.deb ...
Unpacking libvulkan1:amd64 (1.2.131.2-1) ...
Selecting previously unselected package libgl1-mesa-dri:amd64.
Preparing to unpack .../128-libgl1-mesa-dri_19.3.3-1_amd64.deb ...
Unpacking libgl1-mesa-dri:amd64 (19.3.3-1) ...
Selecting previously unselected package libglx-mesa0:amd64.
Preparing to unpack .../129-libglx-mesa0_19.3.3-1_amd64.deb ...
Unpacking libglx-mesa0:amd64 (19.3.3-1) ...
Selecting previously unselected package libglx0:amd64.
Preparing to unpack .../130-libglx0_1.3.1-1_amd64.deb ...
Unpacking libglx0:amd64 (1.3.1-1) ...
Selecting previously unselected package libgl1:amd64.
Preparing to unpack .../131-libgl1_1.3.1-1_amd64.deb ...
Unpacking libgl1:amd64 (1.3.1-1) ...
Selecting previously unselected package libxcursor1:amd64.
Preparing to unpack .../132-libxcursor1_1%3a1.2.0-2_amd64.deb ...
Unpacking libxcursor1:amd64 (1:1.2.0-2) ...
Selecting previously unselected package x11-common.
Preparing to unpack .../133-x11-common_1%3a7.7+20_all.deb ...
Unpacking x11-common (1:7.7+20) ...
Selecting previously unselected package libice6:amd64.
Preparing to unpack .../134-libice6_2%3a1.0.9-2_amd64.deb ...
Unpacking libice6:amd64 (2:1.0.9-2) ...
Selecting previously unselected package libsm6:amd64.
Preparing to unpack .../135-libsm6_2%3a1.2.3-1_amd64.deb ...
Unpacking libsm6:amd64 (2:1.2.3-1) ...
Selecting previously unselected package libxt6:amd64.
Preparing to unpack .../136-libxt6_1%3a1.1.5-1+b3_amd64.deb ...
Unpacking libxt6:amd64 (1:1.1.5-1+b3) ...
Selecting previously unselected package libxmu6:amd64.
Preparing to unpack .../137-libxmu6_2%3a1.1.2-2+b3_amd64.deb ...
Unpacking libxmu6:amd64 (2:1.1.2-2+b3) ...
Selecting previously unselected package gnustep-back0.27-cairo.
Preparing to unpack .../138-gnustep-back0.27-cairo_0.27.0-2_amd64.deb ...
Unpacking gnustep-back0.27-cairo (0.27.0-2) ...
Selecting previously unselected package gnustep-back0.27.
Preparing to unpack .../139-gnustep-back0.27_0.27.0-2_all.deb ...
Unpacking gnustep-back0.27 (0.27.0-2) ...
Selecting previously unselected package gobjc-9.
Preparing to unpack .../140-gobjc-9_9.2.1-30_amd64.deb ...
Unpacking gobjc-9 (9.2.1-30) ...
Selecting previously unselected package gobjc.
Preparing to unpack .../141-gobjc_4%3a9.2.1-3.1_amd64.deb ...
Unpacking gobjc (4:9.2.1-3.1) ...
Selecting previously unselected package gnustep-make.
Preparing to unpack .../142-gnustep-make_2.7.0-4_all.deb ...
Unpacking gnustep-make (2.7.0-4) ...
Selecting previously unselected package libpgtypes3:amd64.
Preparing to unpack .../143-libpgtypes3_12.2-1_amd64.deb ...
Unpacking libpgtypes3:amd64 (12.2-1) ...
Selecting previously unselected package libsasl2-modules-db:amd64.
Preparing to unpack .../144-libsasl2-modules-db_2.1.27+dfsg-2_amd64.deb ...
Unpacking libsasl2-modules-db:amd64 (2.1.27+dfsg-2) ...
Selecting previously unselected package libsasl2-2:amd64.
Preparing to unpack .../145-libsasl2-2_2.1.27+dfsg-2_amd64.deb ...
Unpacking libsasl2-2:amd64 (2.1.27+dfsg-2) ...
Selecting previously unselected package libldap-common.
Preparing to unpack .../146-libldap-common_2.4.49+dfsg-1_all.deb ...
Unpacking libldap-common (2.4.49+dfsg-1) ...
Selecting previously unselected package libldap-2.4-2:amd64.
Preparing to unpack .../147-libldap-2.4-2_2.4.49+dfsg-1_amd64.deb ...
Unpacking libldap-2.4-2:amd64 (2.4.49+dfsg-1) ...
Selecting previously unselected package libpq5:amd64.
Preparing to unpack .../148-libpq5_12.2-1_amd64.deb ...
Unpacking libpq5:amd64 (12.2-1) ...
Selecting previously unselected package libecpg6:amd64.
Preparing to unpack .../149-libecpg6_12.2-1_amd64.deb ...
Unpacking libecpg6:amd64 (12.2-1) ...
Selecting previously unselected package libgnustep-base-dev.
Preparing to unpack .../150-libgnustep-base-dev_1.26.0-6+b1_amd64.deb ...
Unpacking libgnustep-base-dev (1.26.0-6+b1) ...
Selecting previously unselected package libgnustep-dl2-0d.
Preparing to unpack .../151-libgnustep-dl2-0d_0.12.0-15.1+b3_amd64.deb ...
Unpacking libgnustep-dl2-0d (0.12.0-15.1+b3) ...
Selecting previously unselected package libgnustep-gui-dev.
Preparing to unpack .../152-libgnustep-gui-dev_0.27.0-5_amd64.deb ...
Unpacking libgnustep-gui-dev (0.27.0-5) ...
Selecting previously unselected package libgslcblas0:amd64.
Preparing to unpack .../153-libgslcblas0_2.5+dfsg-6+b1_amd64.deb ...
Unpacking libgslcblas0:amd64 (2.5+dfsg-6+b1) ...
Selecting previously unselected package libgsl23:amd64.
Preparing to unpack .../154-libgsl23_2.5+dfsg-6+b1_amd64.deb ...
Unpacking libgsl23:amd64 (2.5+dfsg-6+b1) ...
Selecting previously unselected package libgsl-dev.
Preparing to unpack .../155-libgsl-dev_2.5+dfsg-6+b1_amd64.deb ...
Unpacking libgsl-dev (2.5+dfsg-6+b1) ...
Selecting previously unselected package mysql-common.
Preparing to unpack .../156-mysql-common_5.8+1.0.5_all.deb ...
Unpacking mysql-common (5.8+1.0.5) ...
Selecting previously unselected package mariadb-common.
Preparing to unpack .../157-mariadb-common_1%3a10.3.22-1_all.deb ...
Unpacking mariadb-common (1:10.3.22-1) ...
Selecting previously unselected package libmariadb3:amd64.
Preparing to unpack .../158-libmariadb3_1%3a10.3.22-1_amd64.deb ...
Unpacking libmariadb3:amd64 (1:10.3.22-1) ...
Selecting previously unselected package libperformance0.5.
Preparing to unpack .../159-libperformance0.5_0.5.0-1+b2_amd64.deb ...
Unpacking libperformance0.5 (0.5.0-1+b2) ...
Selecting previously unselected package libsqlite3-0:amd64.
Preparing to unpack .../160-libsqlite3-0_3.31.1-3_amd64.deb ...
Unpacking libsqlite3-0:amd64 (3.31.1-3) ...
Selecting previously unselected package libsqlclient1.8.
Preparing to unpack .../161-libsqlclient1.8_1.8.1-3+b1_amd64.deb ...
Unpacking libsqlclient1.8 (1.8.1-3+b1) ...
Selecting previously unselected package libsqlclient-dev.
Preparing to unpack .../162-libsqlclient-dev_1.8.1-3+b1_amd64.deb ...
Unpacking libsqlclient-dev (1.8.1-3+b1) ...
Selecting previously unselected package libsteptalk0.
Preparing to unpack .../163-libsteptalk0_0.10.0-6+b7_amd64.deb ...
Unpacking libsteptalk0 (0.10.0-6+b7) ...
Selecting previously unselected package libsteptalk-dev.
Preparing to unpack .../164-libsteptalk-dev_0.10.0-6+b7_amd64.deb ...
Unpacking libsteptalk-dev (0.10.0-6+b7) ...
Selecting previously unselected package sbuild-build-depends-main-dummy.
Preparing to unpack .../165-sbuild-build-depends-main-dummy_0.invalid.0_amd64.deb ...
Unpacking sbuild-build-depends-main-dummy (0.invalid.0) ...
Setting up libexpat1:amd64 (2.2.9-1) ...
Setting up libpipeline1:amd64 (1.5.2-2) ...
Setting up libpgtypes3:amd64 (12.2-1) ...
Setting up liblcms2-2:amd64 (2.9-4) ...
Setting up libpixman-1-0:amd64 (0.36.0-1) ...
Setting up libx11-xcb1:amd64 (2:1.6.8-1) ...
Setting up libpciaccess0:amd64 (0.14-1) ...
Setting up mysql-common (5.8+1.0.5) ...
update-alternatives: using /etc/mysql/my.cnf.fallback to provide /etc/mysql/my.cnf (my.cnf) in auto mode
Setting up libxau6:amd64 (1:1.0.8-1+b2) ...
Setting up imagemagick-6-common (8:6.9.10.23+dfsg-2.1) ...
Setting up libxdmcp6:amd64 (1:1.1.2-3) ...
Setting up libkeyutils1:amd64 (1.6.1-2) ...
Setting up libxcb1:amd64 (1.13.1-5) ...
Setting up libogg0:amd64 (1.3.2-1+b1) ...
Setting up gnustep-common (2.7.0-4) ...
Setting up libgslcblas0:amd64 (2.5+dfsg-6+b1) ...
Setting up libmagic-mgc (1:5.38-4) ...
Setting up libxcb-render0:amd64 (1.13.1-5) ...
Setting up libarchive-zip-perl (1.67-1) ...
Setting up libglib2.0-0:amd64 (2.62.4-2) ...
No schema files found: doing nothing.
Setting up libaspell15:amd64 (0.60.8-1) ...
Setting up libglvnd0:amd64 (1.3.1-1) ...
Setting up libssl1.1:amd64 (1.1.1d-2) ...
Setting up libxcb-glx0:amd64 (1.13.1-5) ...
Setting up libdebhelper-perl (12.9) ...
Setting up libsqlite3-0:amd64 (3.31.1-3) ...
Setting up x11-common (1:7.7+20) ...
update-rc.d: warning: start and stop actions are no longer supported; falling back to defaults
invoke-rc.d: could not determine current runlevel
All runlevel operations denied by policy
invoke-rc.d: policy-rc.d denied execution of start.
Setting up libsensors-config (1:3.6.0-2) ...
Setting up libmagic1:amd64 (1:5.38-4) ...
Setting up fonts-freefont-ttf (20120503-9) ...
Setting up gobjc-9 (9.2.1-30) ...
Setting up gettext-base (0.19.8.1-10) ...
Setting up libxcb-shm0:amd64 (1.13.1-5) ...
Setting up file (1:5.38-4) ...
Setting up libldap-common (2.4.49+dfsg-1) ...
Setting up libjbig0:amd64 (2.1-3.1+b2) ...
Setting up libicu63:amd64 (63.2-2) ...
Setting up libflac8:amd64 (1.3.3-1) ...
Setting up libkrb5support0:amd64 (1.17-6) ...
Setting up libao-common (1.2.2+20180113-1) ...
Setting up libsasl2-modules-db:amd64 (2.1.27+dfsg-2) ...
Setting up libxcb-present0:amd64 (1.13.1-5) ...
Setting up mariadb-common (1:10.3.22-1) ...
update-alternatives: using /etc/mysql/mariadb.cnf to provide /etc/mysql/my.cnf (my.cnf) in auto mode
Setting up libasound2-data (1.2.1.2-2) ...
Setting up autotools-dev (20180224.1) ...
Setting up libjpeg62-turbo:amd64 (1:1.5.2-2+b1) ...
Setting up libx11-data (2:1.6.8-1) ...
Setting up libxcb-sync1:amd64 (1.13.1-5) ...
Setting up libgsl23:amd64 (2.5+dfsg-6+b1) ...
Setting up libavahi-common-data:amd64 (0.7-5) ...
Setting up libdbus-1-3:amd64 (1.12.16-2) ...
Setting up libsigsegv2:amd64 (2.12-2) ...
Setting up bsdmainutils (11.1.2+b1) ...
update-alternatives: using /usr/bin/bsd-write to provide /usr/bin/write (write) in auto mode
update-alternatives: using /usr/bin/bsd-from to provide /usr/bin/from (from) in auto mode
Setting up libpng16-16:amd64 (1.6.37-2) ...
Setting up libvorbis0a:amd64 (1.3.6-2) ...
Setting up autopoint (0.19.8.1-10) ...
Setting up libwebp6:amd64 (0.6.1-2+b1) ...
Setting up libmariadb3:amd64 (1:10.3.22-1) ...
Setting up fonts-dejavu-core (2.37-1) ...
Setting up libsensors5:amd64 (1:3.6.0-2) ...
Setting up libk5crypto3:amd64 (1.17-6) ...
Setting up libltdl7:amd64 (2.4.6-13) ...
Setting up libfftw3-double3:amd64 (3.3.8-2) ...
Setting up libglapi-mesa:amd64 (19.3.3-1) ...
Setting up libsasl2-2:amd64 (2.1.27+dfsg-2) ...
Setting up libvulkan1:amd64 (1.2.131.2-1) ...
Setting up libxcb-dri2-0:amd64 (1.13.1-5) ...
Setting up libgif7:amd64 (5.1.9-1) ...
Setting up libao4:amd64 (1.2.2+20180113-1+b1) ...
Setting up libnuma1:amd64 (2.0.12-1+b1) ...
Setting up liblqr-1-0:amd64 (0.4.2-2.1) ...
Setting up sensible-utils (0.0.12+nmu1) ...
Setting up libxshmfence1:amd64 (1.3-1) ...
Setting up libuchardet0:amd64 (0.0.6-3) ...
Setting up libasound2:amd64 (1.2.1.2-2) ...
Setting up libopenjp2-7:amd64 (2.3.1-1) ...
Setting up libsub-override-perl (0.09-2) ...
Setting up libx11-6:amd64 (2:1.6.8-1) ...
Setting up libkrb5-3:amd64 (1.17-6) ...
Setting up libtiff5:amd64 (4.1.0+git191117-2) ...
Setting up libde265-0:amd64 (1.0.4-1) ...
Setting up openssl (1.1.1d-2) ...
Setting up libwebpmux3:amd64 (0.6.1-2+b1) ...
Setting up libdrm-common (2.4.100-4) ...
Setting up libelf1:amd64 (0.176-1.1) ...
Setting up libxml2:amd64 (2.9.10+dfsg-3) ...
Setting up libllvm9:amd64 (1:9.0.1-8) ...
Setting up libvorbisenc2:amd64 (1.3.6-2) ...
Setting up libfile-stripnondeterminism-perl (1.6.3-2) ...
Setting up libxcb-dri3-0:amd64 (1.13.1-5) ...
Setting up gobjc (4:9.2.1-3.1) ...
Setting up libice6:amd64 (2:1.0.9-2) ...
Setting up libgsl-dev (2.5+dfsg-6+b1) ...
Setting up gnustep-make (2.7.0-4) ...
Setting up libxrender1:amd64 (1:0.9.10-1) ...
Setting up libtool (2.4.6-13) ...
Setting up libx265-179:amd64 (3.2.1-1) ...
Setting up libheif1:amd64 (1.6.1-1) ...
Setting up libavahi-common3:amd64 (0.7-5) ...
Setting up libxext6:amd64 (2:1.3.3-1+b2) ...
Setting up libldap-2.4-2:amd64 (2.4.49+dfsg-1) ...
Setting up m4 (1.4.18-4) ...
Setting up libxxf86vm1:amd64 (1:1.1.4-1+b2) ...
Setting up ca-certificates (20190110) ...
Updating certificates in /etc/ssl/certs...
128 added, 0 removed; done.
Setting up libfreetype6:amd64 (2.10.1-2) ...
Setting up libxfixes3:amd64 (1:5.0.3-1) ...
Setting up gnustep-base-common (1.26.0-6) ...
Setting up libgssapi-krb5-2:amd64 (1.17-6) ...
Setting up libcroco3:amd64 (0.6.13-1) ...
Setting up ucf (3.0038+nmu1) ...
Setting up autoconf (2.69-11.1) ...
Setting up dh-strip-nondeterminism (1.6.3-2) ...
Setting up libicns1:amd64 (0.8.1-3.1) ...
Setting up libdrm2:amd64 (2.4.100-4) ...
Setting up dwz (0.13-5) ...
Setting up libflite1:amd64 (2.1-release-3) ...
Setting up groff-base (1.22.4-4) ...
Setting up libxslt1.1:amd64 (1.1.34-3) ...
Setting up gnustep-gui-common (0.27.0-5) ...
Setting up libsndfile1:amd64 (1.0.28-7) ...
Setting up libsm6:amd64 (2:1.2.3-1) ...
Setting up libavahi-client3:amd64 (0.7-5) ...
Setting up libdrm-amdgpu1:amd64 (2.4.100-4) ...
Setting up automake (1:1.16.1-4) ...
update-alternatives: using /usr/bin/automake-1.16 to provide /usr/bin/automake (automake) in auto mode
Setting up libdrm-nouveau2:amd64 (2.4.100-4) ...
Setting up gettext (0.19.8.1-10) ...
Setting up libxdamage1:amd64 (1:1.1.5-1) ...
Setting up libdrm-radeon1:amd64 (2.4.100-4) ...
Setting up fontconfig-config (2.13.1-2) ...
Setting up libxcursor1:amd64 (1:1.2.0-2) ...
Setting up libdrm-intel1:amd64 (2.4.100-4) ...
Setting up libgl1-mesa-dri:amd64 (19.3.3-1) ...
Setting up libpq5:amd64 (12.2-1) ...
Setting up man-db (2.9.0-2) ...
Not building database; man-db/auto-update is not 'true'.
Setting up intltool-debian (0.35.0+20060710.5) ...
Setting up libgnustep-base1.26 (1.26.0-6+b1) ...
Setting up libxt6:amd64 (1:1.1.5-1+b3) ...
Setting up libcups2:amd64 (2.3.1-11) ...
Setting up libecpg6:amd64 (12.2-1) ...
Setting up libfontconfig1:amd64 (2.13.1-2+b1) ...
Setting up fontconfig (2.13.1-2+b1) ...
Regenerating fonts cache... done.
Setting up libxmu6:amd64 (2:1.1.2-2+b3) ...
Setting up libglx-mesa0:amd64 (19.3.3-1) ...
Setting up libglx0:amd64 (1.3.1-1) ...
Setting up po-debconf (1.0.21) ...
Setting up libcairo2:amd64 (1.16.0-4) ...
Setting up gnustep-base-runtime (1.26.0-6+b1) ...
Setting up libmagickcore-6.q16-6:amd64 (8:6.9.10.23+dfsg-2.1+b2) ...
Setting up libgl1:amd64 (1.3.1-1) ...
Setting up libperformance0.5 (0.5.0-1+b2) ...
Setting up libgnustep-gui0.27 (0.27.0-5) ...
Setting up mknfonts.tool (0.5-12+b1) ...
Setting up gnustep-gui-runtime (0.27.0-5) ...
Setting up libgnustep-base-dev (1.26.0-6+b1) ...
Setting up libsqlclient1.8 (1.8.1-3+b1) ...
Setting up libgnustep-gui-dev (0.27.0-5) ...
Setting up libsqlclient-dev (1.8.1-3+b1) ...
Setting up gnustep-back-common (0.27.0-2) ...
Generating GNUstep nfont descriptions... done.
Setting up gnustep-back0.27-cairo (0.27.0-2) ...
update-alternatives: using /usr/lib/GNUstep/Bundles/libgnustep-cairo-027.bundle to provide /usr/lib/GNUstep/Bundles/libgnustep-back-027.bundle (gnustep-back-027) in auto mode
Setting up gnustep-back0.27 (0.27.0-2) ...
Setting up libgnustep-dl2-0d (0.12.0-15.1+b3) ...
Setting up libsteptalk0 (0.10.0-6+b7) ...
Setting up libsteptalk-dev (0.10.0-6+b7) ...
Setting up dh-autoreconf (19) ...
Setting up debhelper (12.9) ...
Setting up sbuild-build-depends-main-dummy (0.invalid.0) ...
Processing triggers for libc-bin (2.29-10) ...
Processing triggers for ca-certificates (20190110) ...
Updating certificates in /etc/ssl/certs...
0 added, 0 removed; done.
Running hooks in /etc/ca-certificates/update.d...
done.

+------------------------------------------------------------------------------+
| Check architectures                                                          |
+------------------------------------------------------------------------------+

Arch check ok (amd64 included in any)

+------------------------------------------------------------------------------+
| Build environment                                                            |
+------------------------------------------------------------------------------+

Kernel: Linux 4.19.0-6-cloud-amd64 #1 SMP Debian 4.19.67-2+deb10u2 (2019-11-11) amd64 (x86_64)
Toolchain package versions: binutils_2.34-3 dpkg-dev_1.19.7 g++-9_9.2.1-30 gcc-9_9.2.1-30 libc6-dev_2.29-10 libstdc++-9-dev_9.2.1-30 libstdc++6_10-20200222-1 linux-libc-dev_5.4.19-1
Package versions: adduser_3.118 apt_1.8.4 autoconf_2.69-11.1 automake_1:1.16.1-4 autopoint_0.19.8.1-10 autotools-dev_20180224.1 base-files_11 base-passwd_3.5.47 bash_5.0-6 binutils_2.34-3 binutils-common_2.34-3 binutils-x86-64-linux-gnu_2.34-3 bsdmainutils_11.1.2+b1 bsdutils_1:2.34-0.1 build-essential_12.8 bzip2_1.0.8-2 ca-certificates_20190110 clang-10_1:10.0.0~+rc2-1 coreutils_8.30-3+b1 cpp_4:9.2.1-3.1 cpp-9_9.2.1-30 dash_0.5.10.2-6 debconf_1.5.73 debhelper_12.9 debian-archive-keyring_2019.1 debianutils_4.9.1 dh-autoreconf_19 dh-strip-nondeterminism_1.6.3-2 diffutils_1:3.7-3 dpkg_1.19.7 dpkg-dev_1.19.7 dwz_0.13-5 e2fsprogs_1.45.5-2 fakeroot_1.24-1 fdisk_2.34-0.1 file_1:5.38-4 findutils_4.7.0-1 fontconfig_2.13.1-2+b1 fontconfig-config_2.13.1-2 fonts-dejavu-core_2.37-1 fonts-freefont-ttf_20120503-9 g++_4:9.2.1-3.1 g++-9_9.2.1-30 gcc_4:9.2.1-3.1 gcc-10-base_10-20200222-1 gcc-9_9.2.1-30 gcc-9-base_9.2.1-30 gettext_0.19.8.1-10 gettext-base_0.19.8.1-10 gnustep-back-common_0.27.0-2 gnustep-back0.27_0.27.0-2 gnustep-back0.27-cairo_0.27.0-2 gnustep-base-common_1.26.0-6 gnustep-base-runtime_1.26.0-6+b1 gnustep-common_2.7.0-4 gnustep-gui-common_0.27.0-5 gnustep-gui-runtime_0.27.0-5 gnustep-make_2.7.0-4 gobjc_4:9.2.1-3.1 gobjc-9_9.2.1-30 gpgv_2.2.19-1 grep_3.4-1 groff-base_1.22.4-4 gzip_1.9-3+b1 hostname_3.23 imagemagick-6-common_8:6.9.10.23+dfsg-2.1 init-system-helpers_1.57 intltool-debian_0.35.0+20060710.5 lib32gcc-s1_10-20200222-1 lib32gcc1_1:10-20200222-1 lib32stdc++6_10-20200222-1 libacl1_2.2.53-5 libao-common_1.2.2+20180113-1 libao4_1.2.2+20180113-1+b1 libapt-pkg5.0_1.8.4 libarchive-zip-perl_1.67-1 libasan5_9.2.1-30 libasound2_1.2.1.2-2 libasound2-data_1.2.1.2-2 libaspell15_0.60.8-1 libatomic1_10-20200222-1 libattr1_1:2.4.48-5 libaudit-common_1:2.8.5-2 libaudit1_1:2.8.5-2+b1 libavahi-client3_0.7-5 libavahi-common-data_0.7-5 libavahi-common3_0.7-5 libbinutils_2.34-3 libblkid1_2.34-0.1 libbsd0_0.10.0-1 libbz2-1.0_1.0.8-2 libc-bin_2.29-10 libc-dev-bin_2.29-10 libc6_2.29-10 libc6-dev_2.29-10 libc6-i386_2.29-10 libcairo2_1.16.0-4 libcap-ng0_0.7.9-2.1+b1 libcc1-0_10-20200222-1 libclang-common-10-dev_1:10.0.0~+rc2-1 libclang-cpp10_1:10.0.0~+rc2-1 libclang1-10_1:10.0.0~+rc2-1 libcom-err2_1.45.5-2 libcroco3_0.6.13-1 libcrypt-dev_1:4.4.10-10 libcrypt1_1:4.4.10-10 libctf-nobfd0_2.34-3 libctf0_2.34-3 libcups2_2.3.1-11 libdb5.3_5.3.28+dfsg1-0.6 libdbus-1-3_1.12.16-2 libde265-0_1.0.4-1 libdebconfclient0_0.251 libdebhelper-perl_12.9 libdpkg-perl_1.19.7 libdrm-amdgpu1_2.4.100-4 libdrm-common_2.4.100-4 libdrm-intel1_2.4.100-4 libdrm-nouveau2_2.4.100-4 libdrm-radeon1_2.4.100-4 libdrm2_2.4.100-4 libecpg6_12.2-1 libedit2_3.1-20191231-1 libelf1_0.176-1.1 libexpat1_2.2.9-1 libext2fs2_1.45.5-2 libfakeroot_1.24-1 libfdisk1_2.34-0.1 libffi7_3.3-3 libfftw3-double3_3.3.8-2 libfile-stripnondeterminism-perl_1.6.3-2 libflac8_1.3.3-1 libflite1_2.1-release-3 libfontconfig1_2.13.1-2+b1 libfreetype6_2.10.1-2 libgc1c2_1:7.6.4-0.4 libgcc-9-dev_9.2.1-30 libgcc-s1_10-20200222-1 libgcc1_1:10-20200222-1 libgcrypt20_1.8.5-5 libgdbm-compat4_1.18.1-5 libgdbm6_1.18.1-5 libgif7_5.1.9-1 libgl1_1.3.1-1 libgl1-mesa-dri_19.3.3-1 libglapi-mesa_19.3.3-1 libglib2.0-0_2.62.4-2 libglvnd0_1.3.1-1 libglx-mesa0_19.3.3-1 libglx0_1.3.1-1 libgmp10_2:6.2.0+dfsg-4 libgnustep-base-dev_1.26.0-6+b1 libgnustep-base1.26_1.26.0-6+b1 libgnustep-dl2-0d_0.12.0-15.1+b3 libgnustep-gui-dev_0.27.0-5 libgnustep-gui0.27_0.27.0-5 libgnutls30_3.6.12-2 libgomp1_10-20200222-1 libgpg-error0_1.37-1 libgsl-dev_2.5+dfsg-6+b1 libgsl23_2.5+dfsg-6+b1 libgslcblas0_2.5+dfsg-6+b1 libgssapi-krb5-2_1.17-6 libheif1_1.6.1-1 libhogweed5_3.5.1+really3.5.1-2 libice6_2:1.0.9-2 libicns1_0.8.1-3.1 libicu63_63.2-2 libidn2-0_2.2.0-2 libisl22_0.22.1-1 libitm1_10-20200222-1 libjbig0_2.1-3.1+b2 libjpeg62-turbo_1:1.5.2-2+b1 libk5crypto3_1.17-6 libkeyutils1_1.6.1-2 libkrb5-3_1.17-6 libkrb5support0_1.17-6 liblcms2-2_2.9-4 libldap-2.4-2_2.4.49+dfsg-1 libldap-common_2.4.49+dfsg-1 libllvm10_1:10.0.0~+rc2-1 libllvm9_1:9.0.1-8 liblqr-1-0_0.4.2-2.1 liblsan0_10-20200222-1 libltdl7_2.4.6-13 liblz4-1_1.9.2-2 liblzma5_5.2.4-1+b1 libmagic-mgc_1:5.38-4 libmagic1_1:5.38-4 libmagickcore-6.q16-6_8:6.9.10.23+dfsg-2.1+b2 libmariadb3_1:10.3.22-1 libmount1_2.34-0.1 libmpc3_1.1.0-1 libmpfr6_4.0.2-1 libncursesw6_6.1+20191019-1 libnettle7_3.5.1+really3.5.1-2 libnuma1_2.0.12-1+b1 libobjc-9-dev_9.2.1-30 libobjc4_10-20200222-1 libogg0_1.3.2-1+b1 libomp-10-dev_1:10.0.0~+rc2-1 libomp5-10_1:10.0.0~+rc2-1 libopenjp2-7_2.3.1-1 libp11-kit0_0.23.20-1 libpam-modules_1.3.1-5 libpam-modules-bin_1.3.1-5 libpam-runtime_1.3.1-5 libpam0g_1.3.1-5 libpciaccess0_0.14-1 libpcre2-8-0_10.34-7 libpcre3_2:8.39-12+b1 libperformance0.5_0.5.0-1+b2 libperl5.30_5.30.0-9 libpgtypes3_12.2-1 libpipeline1_1.5.2-2 libpixman-1-0_0.36.0-1 libpng16-16_1.6.37-2 libpq5_12.2-1 libquadmath0_10-20200222-1 libsasl2-2_2.1.27+dfsg-2 libsasl2-modules-db_2.1.27+dfsg-2 libseccomp2_2.4.2-2 libselinux1_3.0-1+b1 libsemanage-common_3.0-1 libsemanage1_3.0-1+b1 libsensors-config_1:3.6.0-2 libsensors5_1:3.6.0-2 libsepol1_3.0-1 libsigsegv2_2.12-2 libsm6_2:1.2.3-1 libsmartcols1_2.34-0.1 libsndfile1_1.0.28-7 libsqlclient-dev_1.8.1-3+b1 libsqlclient1.8_1.8.1-3+b1 libsqlite3-0_3.31.1-3 libss2_1.45.5-2 libssl1.1_1.1.1d-2 libstdc++-9-dev_9.2.1-30 libstdc++6_10-20200222-1 libsteptalk-dev_0.10.0-6+b7 libsteptalk0_0.10.0-6+b7 libsub-override-perl_0.09-2 libsystemd0_244.3-1 libtasn1-6_4.16.0-2 libtiff5_4.1.0+git191117-2 libtinfo6_6.1+20191019-1 libtool_2.4.6-13 libtsan0_10-20200222-1 libubsan1_10-20200222-1 libuchardet0_0.0.6-3 libudev1_244.3-1 libunistring2_0.9.10-2 libuuid1_2.34-0.1 libvorbis0a_1.3.6-2 libvorbisenc2_1.3.6-2 libvulkan1_1.2.131.2-1 libwebp6_0.6.1-2+b1 libwebpmux3_0.6.1-2+b1 libx11-6_2:1.6.8-1 libx11-data_2:1.6.8-1 libx11-xcb1_2:1.6.8-1 libx265-179_3.2.1-1 libxau6_1:1.0.8-1+b2 libxcb-dri2-0_1.13.1-5 libxcb-dri3-0_1.13.1-5 libxcb-glx0_1.13.1-5 libxcb-present0_1.13.1-5 libxcb-render0_1.13.1-5 libxcb-shm0_1.13.1-5 libxcb-sync1_1.13.1-5 libxcb1_1.13.1-5 libxcursor1_1:1.2.0-2 libxdamage1_1:1.1.5-1 libxdmcp6_1:1.1.2-3 libxext6_2:1.3.3-1+b2 libxfixes3_1:5.0.3-1 libxml2_2.9.10+dfsg-3 libxmu6_2:1.1.2-2+b3 libxrender1_1:0.9.10-1 libxshmfence1_1.3-1 libxslt1.1_1.1.34-3 libxt6_1:1.1.5-1+b3 libxxf86vm1_1:1.1.4-1+b2 libz3-4_4.8.7-4 libzstd1_1.4.4+dfsg-3 linux-libc-dev_5.4.19-1 login_1:4.8.1-1 logsave_1.45.5-2 lsb-base_11.1.0 m4_1.4.18-4 make_4.2.1-1.2 man-db_2.9.0-2 mariadb-common_1:10.3.22-1 mawk_1.3.4.20200120-2 mknfonts.tool_0.5-12+b1 mount_2.34-0.1 mysql-common_5.8+1.0.5 ncurses-base_6.1+20191019-1 ncurses-bin_6.1+20191019-1 openssl_1.1.1d-2 passwd_1:4.8.1-1 patch_2.7.6-6 perl_5.30.0-9 perl-base_5.30.0-9 perl-modules-5.30_5.30.0-9 po-debconf_1.0.21 sbuild-build-depends-main-dummy_0.invalid.0 sed_4.7-1 sensible-utils_0.0.12+nmu1 sysvinit-utils_2.96-2.1 tar_1.30+dfsg-6+b1 tzdata_2019c-3 ucf_3.0038+nmu1 util-linux_2.34-0.1 x11-common_1:7.7+20 xz-utils_5.2.4-1+b1 zlib1g_1:1.2.11.dfsg-2

+------------------------------------------------------------------------------+
| Build                                                                        |
+------------------------------------------------------------------------------+


Unpack source
-------------

-----BEGIN PGP SIGNED MESSAGE-----
Hash: SHA256

Format: 3.0 (quilt)
Source: adun.app
Binary: adun.app, adun-core
Architecture: any
Version: 0.81-13
Maintainer: Debian Med Packaging Team <debian-med-packaging@lists.alioth.debian.org>
Uploaders: Andreas Tille <tille@debian.org>, Yavor Doganov <yavor@gnu.org>
Homepage: http://wiki.gnustep.org/index.php/Adun
Standards-Version: 4.3.0
Vcs-Browser: https://salsa.debian.org/med-team/adun-app
Vcs-Git: https://salsa.debian.org/med-team/adun-app.git
Build-Depends: debhelper (>= 11), gnustep-make (>= 2.7.0-4), libgnustep-gui-dev, libsteptalk-dev, libsqlclient-dev, libgsl-dev
Package-List:
 adun-core deb science optional arch=any
 adun.app deb science optional arch=any
Checksums-Sha1:
 0ce0ab377c6f1b6245bca1b0c7b9ed6d5e1cd278 4554395 adun.app_0.81.orig.tar.gz
 8c502de2a166456d616cbf00c87b7d2a56769000 47296 adun.app_0.81-13.debian.tar.xz
Checksums-Sha256:
 7c6c8cdf334cdad9f877705bc6eece7c4ee89d49801d606b8069d1645b734c9f 4554395 adun.app_0.81.orig.tar.gz
 90edfe7e2500b0c2d4741428b794562c3e9f1f6d60337000cd36d85e0dcb317f 47296 adun.app_0.81-13.debian.tar.xz
Files:
 fb34517ff9a7071bf65b45fe96d7077b 4554395 adun.app_0.81.orig.tar.gz
 3ee8032ef5a405c9ba3a190054becb13 47296 adun.app_0.81-13.debian.tar.xz

-----BEGIN PGP SIGNATURE-----

iQJCBAEBCAAsFiEE8fAHMgoDVUHwpmPKV4oElNHGRtEFAlxJv1AOHHRpbGxlYUBy
a2kuZGUACgkQV4oElNHGRtHoGQ/+OE4ujpZR2rXGPIE62+rHLvG4K7I/6mpTtuax
giJ1IK6vZxTtzSi+aI5/Nd04BUZNe6e+Qhb1NuimgVGiENkoKXsmzqmspNPFmdlT
KgolRgQ9AzmO5VnB1EftNC8lkL+FGTJWANcpbqBki66zD0AHTk8kycDiU0ojoL3l
9MG+pY3CVRFA8AE9tWOiA0rprrgTG2aXMw5wo63r1ZOGOEEjtu7LIzzuf17DejmM
MoiGpzJH9dWkjVnhyQqXPLgNk9pMS55khEHjMXXIiqR5uDb/Z/3RBNDnVo/xQTpj
XT001iajw4ut2O2d34mIhgsNCCSHVdtLdiwsePvMLC7a6+ty3EZdrNX4ZP98R+Ya
NmNtYQPLzIeghxYQJ79TZ9HBxqt9ShTMsSbSSciTZN1OGlomR+CYTBxLKnQWM5yl
5O+/blU7kqZE8VzRET0dcqt5bSZWnEuhP8yAq3zDILMr/7JHaLRPtfBRsXjYYD+N
hlEXVz7jFVup6UWUaAjbkMsmhJItvR8KobOG1r9XdEBvxsyJqgIkhHHE8dOP5uiR
ksx3f2/4F/SMfxcNp60I+NZRUC9RquKjfFMeFydBJWIDqkce3LqZQstgejYtUtqv
PBhlHRguViIOjzgH7yZ2mJ7OuGrE3lAiLIbTUQ5A+b06kpU8/M4MfQM8vTZIna29
byl3BYs=
=G7/x
-----END PGP SIGNATURE-----

gpgv: unknown type of key resource 'trustedkeys.kbx'
gpgv: keyblock resource '/sbuild-nonexistent/.gnupg/trustedkeys.kbx': General error
gpgv: Signature made Thu Jan 24 13:36:16 2019 UTC
gpgv:                using RSA key F1F007320A035541F0A663CA578A0494D1C646D1
gpgv:                issuer "tillea@rki.de"
gpgv: Can't check signature: No public key
dpkg-source: warning: failed to verify signature on ./adun.app_0.81-13.dsc
dpkg-source: info: extracting adun.app in /<<PKGBUILDDIR>>
dpkg-source: info: unpacking adun.app_0.81.orig.tar.gz
dpkg-source: info: unpacking adun.app_0.81-13.debian.tar.xz
dpkg-source: info: using patch list from debian/patches/series
dpkg-source: info: applying 05_no-plugin-script.patch
dpkg-source: info: applying 15_link-properly.patch
dpkg-source: info: applying 20_paths.patch
dpkg-source: info: applying fix-implicit-pointer.patch
dpkg-source: info: applying gcc-warnings.patch
dpkg-source: info: applying enable-scripting-extension.patch
dpkg-source: info: applying enable-sql-extension.patch
dpkg-source: info: applying invalid-observer.patch
dpkg-source: info: applying spelling-errors.patch
dpkg-source: info: applying check-return-value.patch
dpkg-source: info: applying ftbfs-powerpcspe.patch

Check disk space
----------------

Sufficient free space for build

User Environment
----------------

APT_CONFIG=/var/lib/sbuild/apt.conf
HOME=/sbuild-nonexistent
LANG=C.UTF-8
LC_ALL=C.UTF-8
LOGNAME=user42
PATH=/usr/local/sbin:/usr/local/bin:/usr/sbin:/usr/bin:/sbin:/bin:/usr/games
SCHROOT_ALIAS_NAME=unstable
SCHROOT_CHROOT_NAME=sid-amd64-sbuild
SCHROOT_COMMAND=env
SCHROOT_GID=1001
SCHROOT_GROUP=user42
SCHROOT_SESSION_ID=sid-amd64-sbuild-46d95cfb-8458-4687-9b14-e9ed05241c9e
SCHROOT_UID=1001
SCHROOT_USER=user42
SHELL=/bin/sh
USER=user42

dpkg-buildpackage
-----------------

Command: dpkg-buildpackage -us -uc -b -rfakeroot
dpkg-buildpackage: info: source package adun.app
dpkg-buildpackage: info: source version 0.81-13
dpkg-buildpackage: info: source distribution unstable
dpkg-buildpackage: info: source changed by Yavor Doganov <yavor@gnu.org>
 dpkg-source --before-build .
dpkg-buildpackage: info: host architecture amd64
 fakeroot debian/rules clean
dh clean
   dh_auto_clean
	make -j4 distclean
make[1]: Entering directory '/<<PKGBUILDDIR>>'
This is gnustep-make 2.7.0. Type 'make print-gnustep-make-help' for help.
Running in gnustep-make version 2 strict mode.
rm -rf ./*~ ./obj
Making clean in Kernel/ ...
rm -rf ./*~ ./obj
Making clean in Base ...
rm -rf ./*~ ./obj
Making clean in AdunKernel ...
rm -rf ./*~ ./obj
Making clean in subprojects of framework AdunKernel...
rm -rf ./*~ ./obj
rm -rf ./*~ ./obj
Making clean in subprojects of subproject CoreAdditions...
rm -rf ./*~ ./obj
Making clean for framework AdunKernel...
rm -rf ./Resources/AdunCore
Making clean in MolTalk/ ...
rm -rf ./*~ ./obj
Making clean for framework MolTalk...
Making clean in UL/ ...
rm -rf ./*~ ./obj
Making clean in XMLLib ...
rm -rf ./*~ ./obj
Making clean in ULFramework ...
rm -rf ./*~ ./obj
Making clean for framework ULFramework...
Making clean in AdunServer ...
rm -rf ./*~ ./obj
Making clean in Extensions/ULApplicationScripting ...
rm -rf ./*~ ./obj
(cd .; \
rm -rf   ULApplicationScripting.bundle)
Making clean in Extensions/ULSQLDatabaseBackend ...
rm -rf ./*~ ./obj
(cd .; \
rm -rf   ULSQLDatabaseBackend.bundle)
(cd .; \
rm -rf    *.app)
Making distclean in Kernel/ ...
Making distclean in Base ...
make[3]: Nothing to be done for 'distclean'.
Making distclean in AdunKernel ...
Making distclean in subprojects of framework AdunKernel...
make[4]: Nothing to be done for 'distclean'.
Making distclean in subprojects of subproject CoreAdditions...
make[5]: Nothing to be done for 'distclean'.
Making distclean for framework AdunKernel...
make[4]: Nothing to be done for 'internal-framework-distclean'.
Making distclean in MolTalk/ ...
Making distclean for framework MolTalk...
make[3]: Nothing to be done for 'internal-framework-distclean'.
Making distclean in UL/ ...
Making distclean in XMLLib ...
make[3]: Nothing to be done for 'distclean'.
Making distclean in ULFramework ...
Making distclean for framework ULFramework...
make[4]: Nothing to be done for 'internal-framework-distclean'.
Making distclean in AdunServer ...
make[3]: Nothing to be done for 'distclean'.
Making distclean in Extensions/ULApplicationScripting ...
make[3]: Nothing to be done for 'distclean'.
Making distclean in Extensions/ULSQLDatabaseBackend ...
make[3]: Nothing to be done for 'distclean'.
make[1]: Leaving directory '/<<PKGBUILDDIR>>'
   dh_clean
 debian/rules build
dh build
   dh_update_autotools_config
   dh_autoreconf
   dh_auto_configure
   debian/rules override_dh_auto_build
make[1]: Entering directory '/<<PKGBUILDDIR>>'
MAKELEVEL=0 dh_auto_build -- GNUSTEP_MAKE_PARALLEL_BUILDING=no \
   messages=yes CFLAGS="-g -O2 -fdebug-prefix-map=/<<PKGBUILDDIR>>=. -fstack-protector-strong -Wformat -Werror=format-security -fgnu89-inline -Wno-unused-parameter" CPPFLAGS="-Wdate-time -D_FORTIFY_SOURCE=2" CXXFLAGS="-g -O2 -fdebug-prefix-map=/<<PKGBUILDDIR>>=. -fstack-protector-strong -Wformat -Werror=format-security" FCFLAGS="-g -O2 -fdebug-prefix-map=/<<PKGBUILDDIR>>=. -fstack-protector-strong" FFLAGS="-g -O2 -fdebug-prefix-map=/<<PKGBUILDDIR>>=. -fstack-protector-strong" GCJFLAGS="-g -O2 -fdebug-prefix-map=/<<PKGBUILDDIR>>=. -fstack-protector-strong" LDFLAGS="-Wl,-z,relro -Wl,-z,now -Wl,--no-undefined -Wl,--as-needed -Wl,-rpath,/usr/lib/adun.app" OBJCFLAGS="-g -O2 -fdebug-prefix-map=/<<PKGBUILDDIR>>=. -fstack-protector-strong -Wformat -Werror=format-security -Wno-expansion-to-defined -Wno-unused-parameter" OBJCXXFLAGS="-g -O2 -fdebug-prefix-map=/<<PKGBUILDDIR>>=. -fstack-protector-strong -Wformat -Werror=format-security" 
	make -j4 "INSTALL=install --strip-program=true" GNUSTEP_MAKE_PARALLEL_BUILDING=no messages=yes "CFLAGS=-g -O2 -fdebug-prefix-map=/<<PKGBUILDDIR>>=. -fstack-protector-strong -Wformat -Werror=format-security -fgnu89-inline -Wno-unused-parameter" "CPPFLAGS=-Wdate-time -D_FORTIFY_SOURCE=2" "CXXFLAGS=-g -O2 -fdebug-prefix-map=/<<PKGBUILDDIR>>=. -fstack-protector-strong -Wformat -Werror=format-security" "FCFLAGS=-g -O2 -fdebug-prefix-map=/<<PKGBUILDDIR>>=. -fstack-protector-strong" "FFLAGS=-g -O2 -fdebug-prefix-map=/<<PKGBUILDDIR>>=. -fstack-protector-strong" "GCJFLAGS=-g -O2 -fdebug-prefix-map=/<<PKGBUILDDIR>>=. -fstack-protector-strong" "LDFLAGS=-Wl,-z,relro -Wl,-z,now -Wl,--no-undefined -Wl,--as-needed -Wl,-rpath,/usr/lib/adun.app" "OBJCFLAGS=-g -O2 -fdebug-prefix-map=/<<PKGBUILDDIR>>=. -fstack-protector-strong -Wformat -Werror=format-security -Wno-expansion-to-defined -Wno-unused-parameter" "OBJCXXFLAGS=-g -O2 -fdebug-prefix-map=/<<PKGBUILDDIR>>=. -fstack-protector-strong -Wformat -Werror=format-security"
make: Entering directory '/<<PKGBUILDDIR>>'
This is gnustep-make 2.7.0. Type 'make print-gnustep-make-help' for help.
Running in gnustep-make version 2 strict mode.
Making all in Kernel/ ...
make[1]: Entering directory '/<<PKGBUILDDIR>>/Kernel'
Making all in Base ...
make[2]: Entering directory '/<<PKGBUILDDIR>>/Kernel/Base'
cd .; \
/usr/share/GNUstep/Makefiles/mkinstalldirs ./obj
Making all for library libadun_base...
cd .; \
/usr/share/GNUstep/Makefiles/mkinstalldirs ./obj/libadun_base.obj/
gcc AdHarmonicBond.c -c \
      -MMD -MP -Wdate-time -D_FORTIFY_SOURCE=2 -DSAFE_ANGLE -DGNUSTEP -DGNUSTEP_BASE_LIBRARY=1 -DGNU_GUI_LIBRARY=1 -DGNU_RUNTIME=1 -DGNUSTEP_BASE_LIBRARY=1 -pthread -pthread -fPIC -Wall -DGSWARN -DGSDIAGNOSE -Wno-import -g -O2 -g -O2 -fdebug-prefix-map=/<<PKGBUILDDIR>>=. -fstack-protector-strong -Wformat -Werror=format-security -fgnu89-inline -Wno-unused-parameter -W -static -O3 -I/usr/local/include -I../ -I. -I/usr/local/include/GNUstep -I/usr/include/GNUstep \
       -o obj/libadun_base.obj/AdHarmonicBond.c.o
gcc AdEnzymixBond.c -c \
      -MMD -MP -Wdate-time -D_FORTIFY_SOURCE=2 -DSAFE_ANGLE -DGNUSTEP -DGNUSTEP_BASE_LIBRARY=1 -DGNU_GUI_LIBRARY=1 -DGNU_RUNTIME=1 -DGNUSTEP_BASE_LIBRARY=1 -pthread -pthread -fPIC -Wall -DGSWARN -DGSDIAGNOSE -Wno-import -g -O2 -g -O2 -fdebug-prefix-map=/<<PKGBUILDDIR>>=. -fstack-protector-strong -Wformat -Werror=format-security -fgnu89-inline -Wno-unused-parameter -W -static -O3 -I/usr/local/include -I../ -I. -I/usr/local/include/GNUstep -I/usr/include/GNUstep \
       -o obj/libadun_base.obj/AdEnzymixBond.c.o
gcc AdEnzymixAngle.c -c \
      -MMD -MP -Wdate-time -D_FORTIFY_SOURCE=2 -DSAFE_ANGLE -DGNUSTEP -DGNUSTEP_BASE_LIBRARY=1 -DGNU_GUI_LIBRARY=1 -DGNU_RUNTIME=1 -DGNUSTEP_BASE_LIBRARY=1 -pthread -pthread -fPIC -Wall -DGSWARN -DGSDIAGNOSE -Wno-import -g -O2 -g -O2 -fdebug-prefix-map=/<<PKGBUILDDIR>>=. -fstack-protector-strong -Wformat -Werror=format-security -fgnu89-inline -Wno-unused-parameter -W -static -O3 -I/usr/local/include -I../ -I. -I/usr/local/include/GNUstep -I/usr/include/GNUstep \
       -o obj/libadun_base.obj/AdEnzymixAngle.c.o
gcc AdHarmonicAngle.c -c \
      -MMD -MP -Wdate-time -D_FORTIFY_SOURCE=2 -DSAFE_ANGLE -DGNUSTEP -DGNUSTEP_BASE_LIBRARY=1 -DGNU_GUI_LIBRARY=1 -DGNU_RUNTIME=1 -DGNUSTEP_BASE_LIBRARY=1 -pthread -pthread -fPIC -Wall -DGSWARN -DGSDIAGNOSE -Wno-import -g -O2 -g -O2 -fdebug-prefix-map=/<<PKGBUILDDIR>>=. -fstack-protector-strong -Wformat -Werror=format-security -fgnu89-inline -Wno-unused-parameter -W -static -O3 -I/usr/local/include -I../ -I. -I/usr/local/include/GNUstep -I/usr/include/GNUstep \
       -o obj/libadun_base.obj/AdHarmonicAngle.c.o
gcc AdFourierTorsion.c -c \
      -MMD -MP -Wdate-time -D_FORTIFY_SOURCE=2 -DSAFE_ANGLE -DGNUSTEP -DGNUSTEP_BASE_LIBRARY=1 -DGNU_GUI_LIBRARY=1 -DGNU_RUNTIME=1 -DGNUSTEP_BASE_LIBRARY=1 -pthread -pthread -fPIC -Wall -DGSWARN -DGSDIAGNOSE -Wno-import -g -O2 -g -O2 -fdebug-prefix-map=/<<PKGBUILDDIR>>=. -fstack-protector-strong -Wformat -Werror=format-security -fgnu89-inline -Wno-unused-parameter -W -static -O3 -I/usr/local/include -I../ -I. -I/usr/local/include/GNUstep -I/usr/include/GNUstep \
       -o obj/libadun_base.obj/AdFourierTorsion.c.o
gcc AdHarmonicImproperTorsion.c -c \
      -MMD -MP -Wdate-time -D_FORTIFY_SOURCE=2 -DSAFE_ANGLE -DGNUSTEP -DGNUSTEP_BASE_LIBRARY=1 -DGNU_GUI_LIBRARY=1 -DGNU_RUNTIME=1 -DGNUSTEP_BASE_LIBRARY=1 -pthread -pthread -fPIC -Wall -DGSWARN -DGSDIAGNOSE -Wno-import -g -O2 -g -O2 -fdebug-prefix-map=/<<PKGBUILDDIR>>=. -fstack-protector-strong -Wformat -Werror=format-security -fgnu89-inline -Wno-unused-parameter -W -static -O3 -I/usr/local/include -I../ -I. -I/usr/local/include/GNUstep -I/usr/include/GNUstep \
       -o obj/libadun_base.obj/AdHarmonicImproperTorsion.c.o
gcc AdCoulombAndLennardJonesA.c -c \
      -MMD -MP -Wdate-time -D_FORTIFY_SOURCE=2 -DSAFE_ANGLE -DGNUSTEP -DGNUSTEP_BASE_LIBRARY=1 -DGNU_GUI_LIBRARY=1 -DGNU_RUNTIME=1 -DGNUSTEP_BASE_LIBRARY=1 -pthread -pthread -fPIC -Wall -DGSWARN -DGSDIAGNOSE -Wno-import -g -O2 -g -O2 -fdebug-prefix-map=/<<PKGBUILDDIR>>=. -fstack-protector-strong -Wformat -Werror=format-security -fgnu89-inline -Wno-unused-parameter -W -static -O3 -I/usr/local/include -I../ -I. -I/usr/local/include/GNUstep -I/usr/include/GNUstep \
       -o obj/libadun_base.obj/AdCoulombAndLennardJonesA.c.o
AdCoulombAndLennardJonesA.c:497:10: warning: unused parameter 'b1' [-Wunused-parameter]
                double b1,
                       ^
1 warning generated.
gcc AdCoulombAndLennardJonesB.c -c \
      -MMD -MP -Wdate-time -D_FORTIFY_SOURCE=2 -DSAFE_ANGLE -DGNUSTEP -DGNUSTEP_BASE_LIBRARY=1 -DGNU_GUI_LIBRARY=1 -DGNU_RUNTIME=1 -DGNUSTEP_BASE_LIBRARY=1 -pthread -pthread -fPIC -Wall -DGSWARN -DGSDIAGNOSE -Wno-import -g -O2 -g -O2 -fdebug-prefix-map=/<<PKGBUILDDIR>>=. -fstack-protector-strong -Wformat -Werror=format-security -fgnu89-inline -Wno-unused-parameter -W -static -O3 -I/usr/local/include -I../ -I. -I/usr/local/include/GNUstep -I/usr/include/GNUstep \
       -o obj/libadun_base.obj/AdCoulombAndLennardJonesB.c.o
AdCoulombAndLennardJonesB.c:351:10: warning: unused parameter 'b1' [-Wunused-parameter]
                double b1,
                       ^
1 warning generated.
gcc AdLinkedList.c -c \
      -MMD -MP -Wdate-time -D_FORTIFY_SOURCE=2 -DSAFE_ANGLE -DGNUSTEP -DGNUSTEP_BASE_LIBRARY=1 -DGNU_GUI_LIBRARY=1 -DGNU_RUNTIME=1 -DGNUSTEP_BASE_LIBRARY=1 -pthread -pthread -fPIC -Wall -DGSWARN -DGSDIAGNOSE -Wno-import -g -O2 -g -O2 -fdebug-prefix-map=/<<PKGBUILDDIR>>=. -fstack-protector-strong -Wformat -Werror=format-security -fgnu89-inline -Wno-unused-parameter -W -static -O3 -I/usr/local/include -I../ -I. -I/usr/local/include/GNUstep -I/usr/include/GNUstep \
       -o obj/libadun_base.obj/AdLinkedList.c.o
gcc AdMatrix.c -c \
      -MMD -MP -Wdate-time -D_FORTIFY_SOURCE=2 -DSAFE_ANGLE -DGNUSTEP -DGNUSTEP_BASE_LIBRARY=1 -DGNU_GUI_LIBRARY=1 -DGNU_RUNTIME=1 -DGNUSTEP_BASE_LIBRARY=1 -pthread -pthread -fPIC -Wall -DGSWARN -DGSDIAGNOSE -Wno-import -g -O2 -g -O2 -fdebug-prefix-map=/<<PKGBUILDDIR>>=. -fstack-protector-strong -Wformat -Werror=format-security -fgnu89-inline -Wno-unused-parameter -W -static -O3 -I/usr/local/include -I../ -I. -I/usr/local/include/GNUstep -I/usr/include/GNUstep \
       -o obj/libadun_base.obj/AdMatrix.c.o
AdMatrix.c:54:7: warning: using integer absolute value function 'abs' when argument is of floating point type [-Wabsolute-value]
                        if(abs(difference) > tolerance)
                           ^
AdMatrix.c:54:7: note: use function 'fabs' instead
                        if(abs(difference) > tolerance)
                           ^~~
                           fabs
AdMatrix.c:54:7: note: include the header <math.h> or explicitly provide a declaration for 'fabs'
1 warning generated.
gcc AdGeneralizedBornFunctions.c -c \
      -MMD -MP -Wdate-time -D_FORTIFY_SOURCE=2 -DSAFE_ANGLE -DGNUSTEP -DGNUSTEP_BASE_LIBRARY=1 -DGNU_GUI_LIBRARY=1 -DGNU_RUNTIME=1 -DGNUSTEP_BASE_LIBRARY=1 -pthread -pthread -fPIC -Wall -DGSWARN -DGSDIAGNOSE -Wno-import -g -O2 -g -O2 -fdebug-prefix-map=/<<PKGBUILDDIR>>=. -fstack-protector-strong -Wformat -Werror=format-security -fgnu89-inline -Wno-unused-parameter -W -static -O3 -I/usr/local/include -I../ -I. -I/usr/local/include/GNUstep -I/usr/include/GNUstep \
       -o obj/libadun_base.obj/AdGeneralizedBornFunctions.c.o
gcc AdQuaternion.c -c \
      -MMD -MP -Wdate-time -D_FORTIFY_SOURCE=2 -DSAFE_ANGLE -DGNUSTEP -DGNUSTEP_BASE_LIBRARY=1 -DGNU_GUI_LIBRARY=1 -DGNU_RUNTIME=1 -DGNUSTEP_BASE_LIBRARY=1 -pthread -pthread -fPIC -Wall -DGSWARN -DGSDIAGNOSE -Wno-import -g -O2 -g -O2 -fdebug-prefix-map=/<<PKGBUILDDIR>>=. -fstack-protector-strong -Wformat -Werror=format-security -fgnu89-inline -Wno-unused-parameter -W -static -O3 -I/usr/local/include -I../ -I. -I/usr/local/include/GNUstep -I/usr/include/GNUstep \
       -o obj/libadun_base.obj/AdQuaternion.c.o
gcc AdQuadratureFunctions.c -c \
      -MMD -MP -Wdate-time -D_FORTIFY_SOURCE=2 -DSAFE_ANGLE -DGNUSTEP -DGNUSTEP_BASE_LIBRARY=1 -DGNU_GUI_LIBRARY=1 -DGNU_RUNTIME=1 -DGNUSTEP_BASE_LIBRARY=1 -pthread -pthread -fPIC -Wall -DGSWARN -DGSDIAGNOSE -Wno-import -g -O2 -g -O2 -fdebug-prefix-map=/<<PKGBUILDDIR>>=. -fstack-protector-strong -Wformat -Werror=format-security -fgnu89-inline -Wno-unused-parameter -W -static -O3 -I/usr/local/include -I../ -I. -I/usr/local/include/GNUstep -I/usr/include/GNUstep \
       -o obj/libadun_base.obj/AdQuadratureFunctions.c.o
gcc AdSorter.c -c \
      -MMD -MP -Wdate-time -D_FORTIFY_SOURCE=2 -DSAFE_ANGLE -DGNUSTEP -DGNUSTEP_BASE_LIBRARY=1 -DGNU_GUI_LIBRARY=1 -DGNU_RUNTIME=1 -DGNUSTEP_BASE_LIBRARY=1 -pthread -pthread -fPIC -Wall -DGSWARN -DGSDIAGNOSE -Wno-import -g -O2 -g -O2 -fdebug-prefix-map=/<<PKGBUILDDIR>>=. -fstack-protector-strong -Wformat -Werror=format-security -fgnu89-inline -Wno-unused-parameter -W -static -O3 -I/usr/local/include -I../ -I. -I/usr/local/include/GNUstep -I/usr/include/GNUstep \
       -o obj/libadun_base.obj/AdSorter.c.o
gcc AdVector.c -c \
      -MMD -MP -Wdate-time -D_FORTIFY_SOURCE=2 -DSAFE_ANGLE -DGNUSTEP -DGNUSTEP_BASE_LIBRARY=1 -DGNU_GUI_LIBRARY=1 -DGNU_RUNTIME=1 -DGNUSTEP_BASE_LIBRARY=1 -pthread -pthread -fPIC -Wall -DGSWARN -DGSDIAGNOSE -Wno-import -g -O2 -g -O2 -fdebug-prefix-map=/<<PKGBUILDDIR>>=. -fstack-protector-strong -Wformat -Werror=format-security -fgnu89-inline -Wno-unused-parameter -W -static -O3 -I/usr/local/include -I../ -I. -I/usr/local/include/GNUstep -I/usr/include/GNUstep \
       -o obj/libadun_base.obj/AdVector.c.o
gcc AdVolumeFunctions.c -c \
      -MMD -MP -Wdate-time -D_FORTIFY_SOURCE=2 -DSAFE_ANGLE -DGNUSTEP -DGNUSTEP_BASE_LIBRARY=1 -DGNU_GUI_LIBRARY=1 -DGNU_RUNTIME=1 -DGNUSTEP_BASE_LIBRARY=1 -pthread -pthread -fPIC -Wall -DGSWARN -DGSDIAGNOSE -Wno-import -g -O2 -g -O2 -fdebug-prefix-map=/<<PKGBUILDDIR>>=. -fstack-protector-strong -Wformat -Werror=format-security -fgnu89-inline -Wno-unused-parameter -W -static -O3 -I/usr/local/include -I../ -I. -I/usr/local/include/GNUstep -I/usr/include/GNUstep \
       -o obj/libadun_base.obj/AdVolumeFunctions.c.o
gcc AdBaseFunctions.c -c \
      -MMD -MP -Wdate-time -D_FORTIFY_SOURCE=2 -DSAFE_ANGLE -DGNUSTEP -DGNUSTEP_BASE_LIBRARY=1 -DGNU_GUI_LIBRARY=1 -DGNU_RUNTIME=1 -DGNUSTEP_BASE_LIBRARY=1 -pthread -pthread -fPIC -Wall -DGSWARN -DGSDIAGNOSE -Wno-import -g -O2 -g -O2 -fdebug-prefix-map=/<<PKGBUILDDIR>>=. -fstack-protector-strong -Wformat -Werror=format-security -fgnu89-inline -Wno-unused-parameter -W -static -O3 -I/usr/local/include -I../ -I. -I/usr/local/include/GNUstep -I/usr/include/GNUstep \
       -o obj/libadun_base.obj/AdBaseFunctions.c.o
gcc  -shared -Wl,-soname,libadun_base.so.0  -rdynamic      -Wl,-z,relro -Wl,-z,now -Wl,--no-undefined -Wl,--as-needed -Wl,-rpath,/usr/lib/adun.app -pthread  -fexceptions -o ./obj/libadun_base.so.0.0.1 obj/libadun_base.obj/AdHarmonicBond.c.o obj/libadun_base.obj/AdEnzymixBond.c.o obj/libadun_base.obj/AdEnzymixAngle.c.o obj/libadun_base.obj/AdHarmonicAngle.c.o obj/libadun_base.obj/AdFourierTorsion.c.o obj/libadun_base.obj/AdHarmonicImproperTorsion.c.o obj/libadun_base.obj/AdCoulombAndLennardJonesA.c.o obj/libadun_base.obj/AdCoulombAndLennardJonesB.c.o obj/libadun_base.obj/AdLinkedList.c.o obj/libadun_base.obj/AdMatrix.c.o obj/libadun_base.obj/AdGeneralizedBornFunctions.c.o obj/libadun_base.obj/AdQuaternion.c.o obj/libadun_base.obj/AdQuadratureFunctions.c.o obj/libadun_base.obj/AdSorter.c.o obj/libadun_base.obj/AdVector.c.o obj/libadun_base.obj/AdVolumeFunctions.c.o obj/libadun_base.obj/AdBaseFunctions.c.o   -L/usr/local/lib    -L/usr/local/lib -L/usr/lib   -lgsl -lm   && (cd ./obj; rm -f libadun_base.so; if [ "libadun_base.so.0" != "libadun_base.so.0.0.1" ]; then rm -f libadun_base.so.0; ln -s libadun_base.so.0.0.1 libadun_base.so.0; fi; ln -s libadun_base.so.0 libadun_base.so; )
make[2]: Leaving directory '/<<PKGBUILDDIR>>/Kernel/Base'
Making all in AdunKernel ...
make[2]: Entering directory '/<<PKGBUILDDIR>>/Kernel/AdunKernel'
Making build-headers in subprojects of framework AdunKernel...
make[3]: Entering directory '/<<PKGBUILDDIR>>/Kernel/AdunKernel/Framework'
Making build-headers for subproject Framework...
/usr/share/GNUstep/Makefiles/mkinstalldirs ../AdunKernel.framework/Versions/0/Headers
make[3]: Leaving directory '/<<PKGBUILDDIR>>/Kernel/AdunKernel/Framework'
make[3]: Entering directory '/<<PKGBUILDDIR>>/Kernel/AdunKernel/CoreAdditions'
Making build-headers in subprojects of subproject CoreAdditions...
make[4]: Entering directory '/<<PKGBUILDDIR>>/Kernel/AdunKernel/CoreAdditions/Commands'
Making build-headers for subproject CoreCommands...
install --strip-program=true -m 644 AdStatusCommand.h ../../AdunKernel.framework/Versions/0/Headers/AdStatusCommand.h
install: WARNING: ignoring --strip-program option as -s option was not specified
install --strip-program=true -m 644 AdEndSimulationCommand.h ../../AdunKernel.framework/Versions/0/Headers/AdEndSimulationCommand.h
install: WARNING: ignoring --strip-program option as -s option was not specified
make[4]: Leaving directory '/<<PKGBUILDDIR>>/Kernel/AdunKernel/CoreAdditions/Commands'
Making build-headers for subproject CoreAdditions...
make[4]: Nothing to be done for 'internal-subproject-build-headers'.
make[3]: Leaving directory '/<<PKGBUILDDIR>>/Kernel/AdunKernel/CoreAdditions'
Making build-headers for framework AdunKernel...
install --strip-program=true -m 644 Headers/AdunKernel/AdFrameworkFunctions.h AdunKernel.framework/Versions/0/Headers/AdFrameworkFunctions.h
install: WARNING: ignoring --strip-program option as -s option was not specified
install --strip-program=true -m 644 Headers/AdunKernel/AdunDefinitions.h AdunKernel.framework/Versions/0/Headers/AdunDefinitions.h
install: WARNING: ignoring --strip-program option as -s option was not specified
install --strip-program=true -m 644 Headers/AdunKernel/AdDataSources.h AdunKernel.framework/Versions/0/Headers/AdDataSources.h
install: WARNING: ignoring --strip-program option as -s option was not specified
install --strip-program=true -m 644 Headers/AdunKernel/AdGridDelegate.h AdunKernel.framework/Versions/0/Headers/AdGridDelegate.h
install: WARNING: ignoring --strip-program option as -s option was not specified
install --strip-program=true -m 644 Headers/AdunKernel/AdServerInterface.h AdunKernel.framework/Versions/0/Headers/AdServerInterface.h
install: WARNING: ignoring --strip-program option as -s option was not specified
install --strip-program=true -m 644 Headers/AdunKernel/AdIndexSetConversions.h AdunKernel.framework/Versions/0/Headers/AdIndexSetConversions.h
install: WARNING: ignoring --strip-program option as -s option was not specified
install --strip-program=true -m 644 Headers/AdunKernel/AdMemento.h AdunKernel.framework/Versions/0/Headers/AdMemento.h
install: WARNING: ignoring --strip-program option as -s option was not specified
install --strip-program=true -m 644 Headers/AdunKernel/AdMatrixModification.h AdunKernel.framework/Versions/0/Headers/AdMatrixModification.h
install: WARNING: ignoring --strip-program option as -s option was not specified
install --strip-program=true -m 644 Headers/AdunKernel/AdunTimer.h AdunKernel.framework/Versions/0/Headers/AdunTimer.h
install: WARNING: ignoring --strip-program option as -s option was not specified
install --strip-program=true -m 644 Headers/AdunKernel/AdunModelObject.h AdunKernel.framework/Versions/0/Headers/AdunModelObject.h
install: WARNING: ignoring --strip-program option as -s option was not specified
install --strip-program=true -m 644 Headers/AdunKernel/AdunMatrixStructureCoder.h AdunKernel.framework/Versions/0/Headers/AdunMatrixStructureCoder.h
install: WARNING: ignoring --strip-program option as -s option was not specified
install --strip-program=true -m 644 Headers/AdunKernel/AdunDataMatrix.h AdunKernel.framework/Versions/0/Headers/AdunDataMatrix.h
install: WARNING: ignoring --strip-program option as -s option was not specified
install --strip-program=true -m 644 Headers/AdunKernel/AdunDataSet.h AdunKernel.framework/Versions/0/Headers/AdunDataSet.h
install: WARNING: ignoring --strip-program option as -s option was not specified
install --strip-program=true -m 644 Headers/AdunKernel/AdunDataSource.h AdunKernel.framework/Versions/0/Headers/AdunDataSource.h
install: WARNING: ignoring --strip-program option as -s option was not specified
install --strip-program=true -m 644 Headers/AdunKernel/AdunContainerDataSource.h AdunKernel.framework/Versions/0/Headers/AdunContainerDataSource.h
install: WARNING: ignoring --strip-program option as -s option was not specified
install --strip-program=true -m 644 Headers/AdunKernel/AdunElementSelection.h AdunKernel.framework/Versions/0/Headers/AdunElementSelection.h
install: WARNING: ignoring --strip-program option as -s option was not specified
install --strip-program=true -m 644 Headers/AdunKernel/AdunGrid.h AdunKernel.framework/Versions/0/Headers/AdunGrid.h
install: WARNING: ignoring --strip-program option as -s option was not specified
install --strip-program=true -m 644 Headers/AdunKernel/AdunSphericalBox.h AdunKernel.framework/Versions/0/Headers/AdunSphericalBox.h
install: WARNING: ignoring --strip-program option as -s option was not specified
install --strip-program=true -m 644 Headers/AdunKernel/AdunEllipsoidBox.h AdunKernel.framework/Versions/0/Headers/AdunEllipsoidBox.h
install: WARNING: ignoring --strip-program option as -s option was not specified
install --strip-program=true -m 644 Headers/AdunKernel/AdunCuboidBox.h AdunKernel.framework/Versions/0/Headers/AdunCuboidBox.h
install: WARNING: ignoring --strip-program option as -s option was not specified
install --strip-program=true -m 644 Headers/AdunKernel/AdunMoleculeCavity.h AdunKernel.framework/Versions/0/Headers/AdunMoleculeCavity.h
install: WARNING: ignoring --strip-program option as -s option was not specified
install --strip-program=true -m 644 Headers/AdunKernel/AdunCellListHandler.h AdunKernel.framework/Versions/0/Headers/AdunCellListHandler.h
install: WARNING: ignoring --strip-program option as -s option was not specified
install --strip-program=true -m 644 Headers/AdunKernel/AdunSimpleListHandler.h AdunKernel.framework/Versions/0/Headers/AdunSimpleListHandler.h
install: WARNING: ignoring --strip-program option as -s option was not specified
install --strip-program=true -m 644 Headers/AdunKernel/AdunLinkedList.h AdunKernel.framework/Versions/0/Headers/AdunLinkedList.h
install: WARNING: ignoring --strip-program option as -s option was not specified
install --strip-program=true -m 644 Headers/AdunKernel/AdunListHandler.h AdunKernel.framework/Versions/0/Headers/AdunListHandler.h
install: WARNING: ignoring --strip-program option as -s option was not specified
install --strip-program=true -m 644 Headers/AdunKernel/AdunDynamics.h AdunKernel.framework/Versions/0/Headers/AdunDynamics.h
install: WARNING: ignoring --strip-program option as -s option was not specified
install --strip-program=true -m 644 Headers/AdunKernel/AdunInteractionSystem.h AdunKernel.framework/Versions/0/Headers/AdunInteractionSystem.h
install: WARNING: ignoring --strip-program option as -s option was not specified
install --strip-program=true -m 644 Headers/AdunKernel/AdunSystem.h AdunKernel.framework/Versions/0/Headers/AdunSystem.h
install: WARNING: ignoring --strip-program option as -s option was not specified
install --strip-program=true -m 644 Headers/AdunKernel/AdunSystemCollection.h AdunKernel.framework/Versions/0/Headers/AdunSystemCollection.h
install: WARNING: ignoring --strip-program option as -s option was not specified
install --strip-program=true -m 644 Headers/AdunKernel/AdForceFieldTerm.h AdunKernel.framework/Versions/0/Headers/AdForceFieldTerm.h
install: WARNING: ignoring --strip-program option as -s option was not specified
install --strip-program=true -m 644 Headers/AdunKernel/AdunHarmonicConstraintTerm.h AdunKernel.framework/Versions/0/Headers/AdunHarmonicConstraintTerm.h
install: WARNING: ignoring --strip-program option as -s option was not specified
install --strip-program=true -m 644 Headers/AdunKernel/AdunSCAAS.h AdunKernel.framework/Versions/0/Headers/AdunSCAAS.h
install: WARNING: ignoring --strip-program option as -s option was not specified
install --strip-program=true -m 644 Headers/AdunKernel/AdunNonbondedTerm.h AdunKernel.framework/Versions/0/Headers/AdunNonbondedTerm.h
install: WARNING: ignoring --strip-program option as -s option was not specified
install --strip-program=true -m 644 Headers/AdunKernel/AdunPureNonbondedTerm.h AdunKernel.framework/Versions/0/Headers/AdunPureNonbondedTerm.h
install: WARNING: ignoring --strip-program option as -s option was not specified
install --strip-program=true -m 644 Headers/AdunKernel/AdunGRFNonbondedTerm.h AdunKernel.framework/Versions/0/Headers/AdunGRFNonbondedTerm.h
install: WARNING: ignoring --strip-program option as -s option was not specified
install --strip-program=true -m 644 Headers/AdunKernel/AdunShiftedNonbondedTerm.h AdunKernel.framework/Versions/0/Headers/AdunShiftedNonbondedTerm.h
install: WARNING: ignoring --strip-program option as -s option was not specified
install --strip-program=true -m 644 Headers/AdunKernel/AdunMultithreadedNonbondedTerm.h AdunKernel.framework/Versions/0/Headers/AdunMultithreadedNonbondedTerm.h
install: WARNING: ignoring --strip-program option as -s option was not specified
install --strip-program=true -m 644 Headers/AdunKernel/AdunSmoothedGBTerm.h AdunKernel.framework/Versions/0/Headers/AdunSmoothedGBTerm.h
install: WARNING: ignoring --strip-program option as -s option was not specified
install --strip-program=true -m 644 Headers/AdunKernel/AdunForceField.h AdunKernel.framework/Versions/0/Headers/AdunForceField.h
install: WARNING: ignoring --strip-program option as -s option was not specified
install --strip-program=true -m 644 Headers/AdunKernel/AdunMolecularMechanicsForceField.h AdunKernel.framework/Versions/0/Headers/AdunMolecularMechanicsForceField.h
install: WARNING: ignoring --strip-program option as -s option was not specified
install --strip-program=true -m 644 Headers/AdunKernel/AdunEnzymixForceField.h AdunKernel.framework/Versions/0/Headers/AdunEnzymixForceField.h
install: WARNING: ignoring --strip-program option as -s option was not specified
install --strip-program=true -m 644 Headers/AdunKernel/AdunAmberForceField.h AdunKernel.framework/Versions/0/Headers/AdunAmberForceField.h
install: WARNING: ignoring --strip-program option as -s option was not specified
install --strip-program=true -m 644 Headers/AdunKernel/AdunCharmmForceField.h AdunKernel.framework/Versions/0/Headers/AdunCharmmForceField.h
install: WARNING: ignoring --strip-program option as -s option was not specified
install --strip-program=true -m 644 Headers/AdunKernel/AdunForceFieldCollection.h AdunKernel.framework/Versions/0/Headers/AdunForceFieldCollection.h
install: WARNING: ignoring --strip-program option as -s option was not specified
install --strip-program=true -m 644 Headers/AdunKernel/AdunConfigurationGenerator.h AdunKernel.framework/Versions/0/Headers/AdunConfigurationGenerator.h
install: WARNING: ignoring --strip-program option as -s option was not specified
install --strip-program=true -m 644 Headers/AdunKernel/AdunSimulator.h AdunKernel.framework/Versions/0/Headers/AdunSimulator.h
install: WARNING: ignoring --strip-program option as -s option was not specified
install --strip-program=true -m 644 Headers/AdunKernel/AdunLangevinThermostat.h AdunKernel.framework/Versions/0/Headers/AdunLangevinThermostat.h
install: WARNING: ignoring --strip-program option as -s option was not specified
install --strip-program=true -m 644 Headers/AdunKernel/AdunBerendsenThermostat.h AdunKernel.framework/Versions/0/Headers/AdunBerendsenThermostat.h
install: WARNING: ignoring --strip-program option as -s option was not specified
install --strip-program=true -m 644 Headers/AdunKernel/AdunMinimiser.h AdunKernel.framework/Versions/0/Headers/AdunMinimiser.h
install: WARNING: ignoring --strip-program option as -s option was not specified
install --strip-program=true -m 644 Headers/AdunKernel/AdunMemoryManager.h AdunKernel.framework/Versions/0/Headers/AdunMemoryManager.h
install: WARNING: ignoring --strip-program option as -s option was not specified
install --strip-program=true -m 644 Headers/AdunKernel/AdCoreCommand.h AdunKernel.framework/Versions/0/Headers/AdCoreCommand.h
install: WARNING: ignoring --strip-program option as -s option was not specified
install --strip-program=true -m 644 Headers/AdunKernel/AdCoreAdditions.h AdunKernel.framework/Versions/0/Headers/AdCoreAdditions.h
install: WARNING: ignoring --strip-program option as -s option was not specified
install --strip-program=true -m 644 Headers/AdunKernel/AdCommandInterface.h AdunKernel.framework/Versions/0/Headers/AdCommandInterface.h
install: WARNING: ignoring --strip-program option as -s option was not specified
install --strip-program=true -m 644 Headers/AdunKernel/AdController.h AdunKernel.framework/Versions/0/Headers/AdController.h
install: WARNING: ignoring --strip-program option as -s option was not specified
install --strip-program=true -m 644 Headers/AdunKernel/AdunIOManager.h AdunKernel.framework/Versions/0/Headers/AdunIOManager.h
install: WARNING: ignoring --strip-program option as -s option was not specified
install --strip-program=true -m 644 Headers/AdunKernel/AdunSimulationData.h AdunKernel.framework/Versions/0/Headers/AdunSimulationData.h
install: WARNING: ignoring --strip-program option as -s option was not specified
install --strip-program=true -m 644 Headers/AdunKernel/AdunTrajectory.h AdunKernel.framework/Versions/0/Headers/AdunTrajectory.h
install: WARNING: ignoring --strip-program option as -s option was not specified
install --strip-program=true -m 644 Headers/AdunKernel/AdunFileSystemSimulationStorage.h AdunKernel.framework/Versions/0/Headers/AdunFileSystemSimulationStorage.h
install: WARNING: ignoring --strip-program option as -s option was not specified
install --strip-program=true -m 644 Headers/AdunKernel/AdunController.h AdunKernel.framework/Versions/0/Headers/AdunController.h
install: WARNING: ignoring --strip-program option as -s option was not specified
install --strip-program=true -m 644 Headers/AdunKernel/AdunTemplateProcessor.h AdunKernel.framework/Versions/0/Headers/AdunTemplateProcessor.h
install: WARNING: ignoring --strip-program option as -s option was not specified
install --strip-program=true -m 644 Headers/AdunKernel/AdunCheckpointManager.h AdunKernel.framework/Versions/0/Headers/AdunCheckpointManager.h
install: WARNING: ignoring --strip-program option as -s option was not specified
install --strip-program=true -m 644 Headers/AdunKernel/AdunCore.h AdunKernel.framework/Versions/0/Headers/AdunCore.h
install: WARNING: ignoring --strip-program option as -s option was not specified
install --strip-program=true -m 644 Headers/AdunKernel/AdunKernel.h AdunKernel.framework/Versions/0/Headers/AdunKernel.h
install: WARNING: ignoring --strip-program option as -s option was not specified
/usr/share/GNUstep/Makefiles/mkinstalldirs ./derived_src; \
touch derived_src/.stamp
/usr/share/GNUstep/Makefiles/mkinstalldirs AdunKernel.framework/Versions/0/Resources
cd ./AdunKernel.framework/Versions; \
rm -f Current; \
ln -s 0 Current
cd ./AdunKernel.framework; \
  if [ ! -h "Resources" ]; then \
    rm -f Resources; \
    ln -s Versions/Current/Resources Resources; \
  fi; \
  if [ ! -h "Headers" ]; then \
    rm -f Headers; \
    ln -s Versions/Current/Headers Headers; \
  fi
cd ./derived_src; \
  if [ ! -h "AdunKernel" ]; then \
    rm -f ./AdunKernel; \
    ln -s ../AdunKernel.framework/Headers \
                    ./AdunKernel; \
  fi
cd .; \
/usr/share/GNUstep/Makefiles/mkinstalldirs ./obj
Making all in subprojects of framework AdunKernel...
make[3]: Entering directory '/<<PKGBUILDDIR>>/Kernel/AdunKernel/Framework'
cd .; \
/usr/share/GNUstep/Makefiles/mkinstalldirs ./obj
Making all for subproject Framework...
cd .; \
/usr/share/GNUstep/Makefiles/mkinstalldirs ./obj/Framework.obj/
gcc AdFrameworkFunctions.m -c \
      -MMD -MP -Wdate-time -D_FORTIFY_SOURCE=2 -DGNUSTEP -DGNUSTEP_BASE_LIBRARY=1 -DGNU_GUI_LIBRARY=1 -DGNU_RUNTIME=1 -DGNUSTEP_BASE_LIBRARY=1 -fno-strict-aliasing -fexceptions -fobjc-exceptions -D_NATIVE_OBJC_EXCEPTIONS -pthread -fPIC -Wall -DGSWARN -DGSDIAGNOSE -Wno-import -g -O2 -g -O2 -fdebug-prefix-map=/<<PKGBUILDDIR>>=. -fstack-protector-strong -Wformat -Werror=format-security -Wno-expansion-to-defined -Wno-unused-parameter -fgnu-runtime -W -O3 -fconstant-string-class=NSConstantString -fconstant-string-class=NSConstantString -I/usr/local/include -I../ -I../../ -I../Headers -I/usr/local/include -I./../derived_src -I. -I/usr/local/include/GNUstep -I/usr/include/GNUstep \
       -o obj/Framework.obj/AdFrameworkFunctions.m.o
In file included from AdFrameworkFunctions.m:1:
In file included from ../Headers/AdunKernel/AdFrameworkFunctions.h:5:
/usr/include/GNUstep/Foundation/Foundation.h:31:9: fatal error: 'objc/objc.h' file not found
#import <objc/objc.h>
        ^~~~~~~~~~~~~
1 error generated.
make[4]: *** [/usr/share/GNUstep/Makefiles/rules.make:479: obj/Framework.obj/AdFrameworkFunctions.m.o] Error 1
make[3]: *** [/usr/share/GNUstep/Makefiles/Master/rules.make:297: Framework.all.subproject.variables] Error 2
make[3]: Leaving directory '/<<PKGBUILDDIR>>/Kernel/AdunKernel/Framework'
make[2]: *** [/usr/share/GNUstep/Makefiles/Master/rules.make:297: AdunKernel.all.framework.variables] Error 2
make[2]: Leaving directory '/<<PKGBUILDDIR>>/Kernel/AdunKernel'
make[1]: *** [/usr/share/GNUstep/Makefiles/Master/serial-subdirectories.make:53: internal-all] Error 2
make[1]: Leaving directory '/<<PKGBUILDDIR>>/Kernel'
make: *** [/usr/share/GNUstep/Makefiles/Master/serial-subdirectories.make:53: internal-all] Error 2
make: Leaving directory '/<<PKGBUILDDIR>>'
dh_auto_build: error: make -j4 "INSTALL=install --strip-program=true" GNUSTEP_MAKE_PARALLEL_BUILDING=no messages=yes "CFLAGS=-g -O2 -fdebug-prefix-map=/<<PKGBUILDDIR>>=. -fstack-protector-strong -Wformat -Werror=format-security -fgnu89-inline -Wno-unused-parameter" "CPPFLAGS=-Wdate-time -D_FORTIFY_SOURCE=2" "CXXFLAGS=-g -O2 -fdebug-prefix-map=/<<PKGBUILDDIR>>=. -fstack-protector-strong -Wformat -Werror=format-security" "FCFLAGS=-g -O2 -fdebug-prefix-map=/<<PKGBUILDDIR>>=. -fstack-protector-strong" "FFLAGS=-g -O2 -fdebug-prefix-map=/<<PKGBUILDDIR>>=. -fstack-protector-strong" "GCJFLAGS=-g -O2 -fdebug-prefix-map=/<<PKGBUILDDIR>>=. -fstack-protector-strong" "LDFLAGS=-Wl,-z,relro -Wl,-z,now -Wl,--no-undefined -Wl,--as-needed -Wl,-rpath,/usr/lib/adun.app" "OBJCFLAGS=-g -O2 -fdebug-prefix-map=/<<PKGBUILDDIR>>=. -fstack-protector-strong -Wformat -Werror=format-security -Wno-expansion-to-defined -Wno-unused-parameter" "OBJCXXFLAGS=-g -O2 -fdebug-prefix-map=/<<PKGBUILDDIR>>=. -fstack-protector-strong -Wformat -Werror=format-security" returned exit code 2
make[1]: *** [debian/rules:47: override_dh_auto_build] Error 25
make[1]: Leaving directory '/<<PKGBUILDDIR>>'
make: *** [debian/rules:33: build] Error 2
dpkg-buildpackage: error: debian/rules build subprocess returned exit status 2
--------------------------------------------------------------------------------
Build finished at 2020-02-25T17:26:21Z

Finished
--------


+------------------------------------------------------------------------------+
| Cleanup                                                                      |
+------------------------------------------------------------------------------+

Purging /<<BUILDDIR>>
Not cleaning session: cloned chroot in use
E: Build failure (dpkg-buildpackage died)

+------------------------------------------------------------------------------+
| Summary                                                                      |
+------------------------------------------------------------------------------+

Build Architecture: amd64
Build Type: binary
Build-Space: 18272
Build-Time: 4
Distribution: unstable
Fail-Stage: build
Host Architecture: amd64
Install-Time: 18
Job: adun.app_0.81-13
Machine Architecture: amd64
Package: adun.app
Package-Time: 39
Source-Version: 0.81-13
Space: 18272
Status: attempted
Version: 0.81-13
--------------------------------------------------------------------------------
Finished at 2020-02-25T17:26:21Z
Build needed 00:00:39, 18272k disk space
E: Build failure (dpkg-buildpackage died)
DC-Status: Failed 39.614284638s
DC-Time-Estimation: 39.614284638 versus expected 131 (r/m: 2.306887936942278 ; m: 39.614284638)
