DC-Build-Header: chasquid 1.2-1 / 2020-02-24 23:53:01 +0000
DC-Task: type:rebuild-binarch-only source:chasquid version:1.2-1 chroot:unstable esttime:172 logfile:/tmp/chasquid_1.2-1_unstable_clang10.log modes:clang10:binarch-only
DC-Sbuild-call: su user42 -c 'sbuild -n --arch-any --apt-update -d unstable -v --no-run-lintian --chroot-setup-commands=/tmp/clang10 chasquid_1.2-1'
sbuild (Debian sbuild) 0.78.1 (09 February 2019) on ip-172-31-12-118.eu-central-1.compute.internal

+==============================================================================+
| chasquid 1.2-1 (amd64)                       Mon, 24 Feb 2020 23:53:01 +0000 |
+==============================================================================+

Package: chasquid
Version: 1.2-1
Source Version: 1.2-1
Distribution: unstable
Machine Architecture: amd64
Host Architecture: amd64
Build Architecture: amd64
Build Type: binary

I: NOTICE: Log filtering will replace 'var/run/schroot/mount/sid-amd64-sbuild-1aa31635-3355-406d-826e-eee7e834d094' with '<<CHROOT>>'

+------------------------------------------------------------------------------+
| Chroot Setup Commands                                                        |
+------------------------------------------------------------------------------+


/tmp/clang10
------------

+ echo 'Entering customization script...'
Entering customization script...
+ CLANG_VERSION=10
+ echo 'Install of clang-10'
Install of clang-10
+ apt-get update
Get:1 http://127.0.0.1:12990/debian sid InRelease [142 kB]
Get:2 http://127.0.0.1:12990/debian sid/main Sources.diff/Index [27.9 kB]
Get:3 http://127.0.0.1:12990/debian sid/main amd64 Packages.diff/Index [27.9 kB]
Get:4 http://127.0.0.1:12990/debian sid/main Sources 2020-02-24-0823.32.pdiff [11.0 kB]
Get:5 http://127.0.0.1:12990/debian sid/main Sources 2020-02-24-1420.34.pdiff [30.2 kB]
Get:6 http://127.0.0.1:12990/debian sid/main Sources 2020-02-24-2014.03.pdiff [16.9 kB]
Get:6 http://127.0.0.1:12990/debian sid/main Sources 2020-02-24-2014.03.pdiff [16.9 kB]
Get:7 http://127.0.0.1:12990/debian sid/main amd64 Packages 2020-02-24-0823.32.pdiff [15.5 kB]
Get:8 http://127.0.0.1:12990/debian sid/main amd64 Packages 2020-02-24-1420.34.pdiff [27.5 kB]
Get:9 http://127.0.0.1:12990/debian sid/main amd64 Packages 2020-02-24-2014.03.pdiff [21.6 kB]
Get:9 http://127.0.0.1:12990/debian sid/main amd64 Packages 2020-02-24-2014.03.pdiff [21.6 kB]
Get:10 http://127.0.0.1:12990/debian sid/main Translation-en [6193 kB]
Fetched 6514 kB in 3s (2281 kB/s)
Reading package lists...
+ apt-get install --yes --no-install-recommends --force-yes clang-10 libomp-10-dev libobjc-9-dev
Reading package lists...
Building dependency tree...
The following additional packages will be installed:
  lib32gcc-s1 lib32gcc1 lib32stdc++6 libbsd0 libc6-i386 libclang-common-10-dev
  libclang-cpp10 libclang1-10 libedit2 libgc1c2 libllvm10 libobjc4 libomp5-10
  libz3-4
Suggested packages:
  clang-10-doc libomp-10-doc
Recommended packages:
  llvm-10-dev python3
The following NEW packages will be installed:
  clang-10 lib32gcc-s1 lib32gcc1 lib32stdc++6 libbsd0 libc6-i386
  libclang-common-10-dev libclang-cpp10 libclang1-10 libedit2 libgc1c2
  libllvm10 libobjc-9-dev libobjc4 libomp-10-dev libomp5-10 libz3-4
0 upgraded, 17 newly installed, 0 to remove and 1 not upgraded.
Need to get 46.4 MB of archives.
After this operation, 238 MB of additional disk space will be used.
Get:1 http://127.0.0.1:12990/debian sid/main amd64 libbsd0 amd64 0.10.0-1 [107 kB]
Get:2 http://127.0.0.1:12990/debian sid/main amd64 libedit2 amd64 3.1-20191231-1 [95.4 kB]
Get:3 http://127.0.0.1:12990/debian sid/main amd64 libz3-4 amd64 4.8.7-4 [6790 kB]
Get:4 http://127.0.0.1:12990/debian sid/main amd64 libllvm10 amd64 1:10.0.0~+rc2-1 [15.5 MB]
Get:5 http://127.0.0.1:12990/debian sid/main amd64 libclang-cpp10 amd64 1:10.0.0~+rc2-1 [9069 kB]
Get:6 http://127.0.0.1:12990/debian sid/main amd64 libgc1c2 amd64 1:7.6.4-0.4 [224 kB]
Get:7 http://127.0.0.1:12990/debian sid/main amd64 libobjc4 amd64 10-20200222-1 [41.6 kB]
Get:8 http://127.0.0.1:12990/debian sid/main amd64 libobjc-9-dev amd64 9.2.1-29 [219 kB]
Get:9 http://127.0.0.1:12990/debian sid/main amd64 libc6-i386 amd64 2.29-10 [2918 kB]
Get:10 http://127.0.0.1:12990/debian sid/main amd64 lib32gcc-s1 amd64 10-20200222-1 [49.4 kB]
Get:11 http://127.0.0.1:12990/debian sid/main amd64 lib32gcc1 amd64 1:10-20200222-1 [1104 B]
Get:12 http://127.0.0.1:12990/debian sid/main amd64 lib32stdc++6 amd64 10-20200222-1 [510 kB]
Get:13 http://127.0.0.1:12990/debian sid/main amd64 libclang-common-10-dev amd64 1:10.0.0~+rc2-1 [2782 kB]
Get:14 http://127.0.0.1:12990/debian sid/main amd64 libclang1-10 amd64 1:10.0.0~+rc2-1 [7607 kB]
Get:15 http://127.0.0.1:12990/debian sid/main amd64 clang-10 amd64 1:10.0.0~+rc2-1 [103 kB]
Get:16 http://127.0.0.1:12990/debian sid/main amd64 libomp5-10 amd64 1:10.0.0~+rc2-1 [337 kB]
Get:17 http://127.0.0.1:12990/debian sid/main amd64 libomp-10-dev amd64 1:10.0.0~+rc2-1 [84.3 kB]
debconf: delaying package configuration, since apt-utils is not installed
Fetched 46.4 MB in 1s (65.4 MB/s)
Selecting previously unselected package libbsd0:amd64.
(Reading database ... (Reading database ... 5%(Reading database ... 10%(Reading database ... 15%(Reading database ... 20%(Reading database ... 25%(Reading database ... 30%(Reading database ... 35%(Reading database ... 40%(Reading database ... 45%(Reading database ... 50%(Reading database ... 55%(Reading database ... 60%(Reading database ... 65%(Reading database ... 70%(Reading database ... 75%(Reading database ... 80%(Reading database ... 85%(Reading database ... 90%(Reading database ... 95%(Reading database ... 100%(Reading database ... 12119 files and directories currently installed.)
Preparing to unpack .../00-libbsd0_0.10.0-1_amd64.deb ...
Unpacking libbsd0:amd64 (0.10.0-1) ...
Selecting previously unselected package libedit2:amd64.
Preparing to unpack .../01-libedit2_3.1-20191231-1_amd64.deb ...
Unpacking libedit2:amd64 (3.1-20191231-1) ...
Selecting previously unselected package libz3-4:amd64.
Preparing to unpack .../02-libz3-4_4.8.7-4_amd64.deb ...
Unpacking libz3-4:amd64 (4.8.7-4) ...
Selecting previously unselected package libllvm10:amd64.
Preparing to unpack .../03-libllvm10_1%3a10.0.0~+rc2-1_amd64.deb ...
Unpacking libllvm10:amd64 (1:10.0.0~+rc2-1) ...
Selecting previously unselected package libclang-cpp10.
Preparing to unpack .../04-libclang-cpp10_1%3a10.0.0~+rc2-1_amd64.deb ...
Unpacking libclang-cpp10 (1:10.0.0~+rc2-1) ...
Selecting previously unselected package libgc1c2:amd64.
Preparing to unpack .../05-libgc1c2_1%3a7.6.4-0.4_amd64.deb ...
Unpacking libgc1c2:amd64 (1:7.6.4-0.4) ...
Selecting previously unselected package libobjc4:amd64.
Preparing to unpack .../06-libobjc4_10-20200222-1_amd64.deb ...
Unpacking libobjc4:amd64 (10-20200222-1) ...
Selecting previously unselected package libobjc-9-dev:amd64.
Preparing to unpack .../07-libobjc-9-dev_9.2.1-29_amd64.deb ...
Unpacking libobjc-9-dev:amd64 (9.2.1-29) ...
Selecting previously unselected package libc6-i386.
Preparing to unpack .../08-libc6-i386_2.29-10_amd64.deb ...
Unpacking libc6-i386 (2.29-10) ...
Selecting previously unselected package lib32gcc-s1.
Preparing to unpack .../09-lib32gcc-s1_10-20200222-1_amd64.deb ...
Unpacking lib32gcc-s1 (10-20200222-1) ...
Selecting previously unselected package lib32gcc1.
Preparing to unpack .../10-lib32gcc1_1%3a10-20200222-1_amd64.deb ...
Unpacking lib32gcc1 (1:10-20200222-1) ...
Selecting previously unselected package lib32stdc++6.
Preparing to unpack .../11-lib32stdc++6_10-20200222-1_amd64.deb ...
Unpacking lib32stdc++6 (10-20200222-1) ...
Selecting previously unselected package libclang-common-10-dev.
Preparing to unpack .../12-libclang-common-10-dev_1%3a10.0.0~+rc2-1_amd64.deb ...
Unpacking libclang-common-10-dev (1:10.0.0~+rc2-1) ...
Selecting previously unselected package libclang1-10.
Preparing to unpack .../13-libclang1-10_1%3a10.0.0~+rc2-1_amd64.deb ...
Unpacking libclang1-10 (1:10.0.0~+rc2-1) ...
Selecting previously unselected package clang-10.
Preparing to unpack .../14-clang-10_1%3a10.0.0~+rc2-1_amd64.deb ...
Unpacking clang-10 (1:10.0.0~+rc2-1) ...
Selecting previously unselected package libomp5-10:amd64.
Preparing to unpack .../15-libomp5-10_1%3a10.0.0~+rc2-1_amd64.deb ...
Unpacking libomp5-10:amd64 (1:10.0.0~+rc2-1) ...
Selecting previously unselected package libomp-10-dev.
Preparing to unpack .../16-libomp-10-dev_1%3a10.0.0~+rc2-1_amd64.deb ...
Unpacking libomp-10-dev (1:10.0.0~+rc2-1) ...
Setting up libgc1c2:amd64 (1:7.6.4-0.4) ...
Setting up libobjc4:amd64 (10-20200222-1) ...
Setting up libz3-4:amd64 (4.8.7-4) ...
Setting up libobjc-9-dev:amd64 (9.2.1-29) ...
Setting up libomp5-10:amd64 (1:10.0.0~+rc2-1) ...
Setting up libc6-i386 (2.29-10) ...
Setting up libbsd0:amd64 (0.10.0-1) ...
Setting up libomp-10-dev (1:10.0.0~+rc2-1) ...
Setting up libedit2:amd64 (3.1-20191231-1) ...
Setting up libllvm10:amd64 (1:10.0.0~+rc2-1) ...
Setting up lib32gcc-s1 (10-20200222-1) ...
Setting up libclang1-10 (1:10.0.0~+rc2-1) ...
Setting up lib32gcc1 (1:10-20200222-1) ...
Setting up libclang-cpp10 (1:10.0.0~+rc2-1) ...
Setting up lib32stdc++6 (10-20200222-1) ...
Setting up libclang-common-10-dev (1:10.0.0~+rc2-1) ...
Setting up clang-10 (1:10.0.0~+rc2-1) ...
Processing triggers for libc-bin (2.29-10) ...
W: --force-yes is deprecated, use one of the options starting with --allow instead.
+ echo 'Replace gcc, g++ & cpp by clang'
Replace gcc, g++ & cpp by clang
+ VERSIONS='4.6 4.7 4.8 4.9 5 6 7 8 9 10'
+ cd /usr/bin
+ for VERSION in $VERSIONS
+ rm -f g++-4.6 gcc-4.6 cpp-4.6 gcc
+ ln -s clang++-10 g++-4.6
+ ln -s clang-10 gcc-4.6
+ ln -s clang-10 cpp-4.6
+ ln -s clang-10 gcc
+ echo 'gcc-4.6 hold'
+ dpkg --set-selections
dpkg: warning: package not in status nor available database at line 1: gcc-4.6
dpkg: warning: found unknown packages; this might mean the available database
is outdated, and needs to be updated through a frontend method;
please see the FAQ <https://wiki.debian.org/Teams/Dpkg/FAQ>
+ echo 'g++-4.6 hold'
+ dpkg --set-selections
dpkg: warning: package not in status nor available database at line 1: g++-4.6
dpkg: warning: found unknown packages; this might mean the available database
is outdated, and needs to be updated through a frontend method;
please see the FAQ <https://wiki.debian.org/Teams/Dpkg/FAQ>
+ for VERSION in $VERSIONS
+ rm -f g++-4.7 gcc-4.7 cpp-4.7 gcc
+ ln -s clang++-10 g++-4.7
+ ln -s clang-10 gcc-4.7
+ ln -s clang-10 cpp-4.7
+ ln -s clang-10 gcc
+ echo 'gcc-4.7 hold'
+ dpkg --set-selections
dpkg: warning: package not in status nor available database at line 1: gcc-4.7
dpkg: warning: found unknown packages; this might mean the available database
is outdated, and needs to be updated through a frontend method;
please see the FAQ <https://wiki.debian.org/Teams/Dpkg/FAQ>
+ echo 'g++-4.7 hold'
+ dpkg --set-selections
dpkg: warning: package not in status nor available database at line 1: g++-4.7
dpkg: warning: found unknown packages; this might mean the available database
is outdated, and needs to be updated through a frontend method;
please see the FAQ <https://wiki.debian.org/Teams/Dpkg/FAQ>
+ for VERSION in $VERSIONS
+ rm -f g++-4.8 gcc-4.8 cpp-4.8 gcc
+ ln -s clang++-10 g++-4.8
+ ln -s clang-10 gcc-4.8
+ ln -s clang-10 cpp-4.8
+ ln -s clang-10 gcc
+ echo 'gcc-4.8 hold'
+ dpkg --set-selections
dpkg: warning: package not in status nor available database at line 1: gcc-4.8
dpkg: warning: found unknown packages; this might mean the available database
is outdated, and needs to be updated through a frontend method;
please see the FAQ <https://wiki.debian.org/Teams/Dpkg/FAQ>
+ echo 'g++-4.8 hold'
+ dpkg --set-selections
dpkg: warning: package not in status nor available database at line 1: g++-4.8
dpkg: warning: found unknown packages; this might mean the available database
is outdated, and needs to be updated through a frontend method;
please see the FAQ <https://wiki.debian.org/Teams/Dpkg/FAQ>
+ for VERSION in $VERSIONS
+ rm -f g++-4.9 gcc-4.9 cpp-4.9 gcc
+ ln -s clang++-10 g++-4.9
+ ln -s clang-10 gcc-4.9
+ ln -s clang-10 cpp-4.9
+ ln -s clang-10 gcc
+ dpkg --set-selections
+ echo 'gcc-4.9 hold'
dpkg: warning: package not in status nor available database at line 1: gcc-4.9
dpkg: warning: found unknown packages; this might mean the available database
is outdated, and needs to be updated through a frontend method;
please see the FAQ <https://wiki.debian.org/Teams/Dpkg/FAQ>
+ echo 'g++-4.9 hold'
+ dpkg --set-selections
dpkg: warning: package not in status nor available database at line 1: g++-4.9
dpkg: warning: found unknown packages; this might mean the available database
is outdated, and needs to be updated through a frontend method;
please see the FAQ <https://wiki.debian.org/Teams/Dpkg/FAQ>
+ for VERSION in $VERSIONS
+ rm -f g++-5 gcc-5 cpp-5 gcc
+ ln -s clang++-10 g++-5
+ ln -s clang-10 gcc-5
+ ln -s clang-10 cpp-5
+ ln -s clang-10 gcc
+ echo 'gcc-5 hold'
+ dpkg --set-selections
dpkg: warning: package not in status nor available database at line 1: gcc-5
dpkg: warning: found unknown packages; this might mean the available database
is outdated, and needs to be updated through a frontend method;
please see the FAQ <https://wiki.debian.org/Teams/Dpkg/FAQ>
+ echo 'g++-5 hold'
+ dpkg --set-selections
dpkg: warning: package not in status nor available database at line 1: g++-5
dpkg: warning: found unknown packages; this might mean the available database
is outdated, and needs to be updated through a frontend method;
please see the FAQ <https://wiki.debian.org/Teams/Dpkg/FAQ>
+ for VERSION in $VERSIONS
+ rm -f g++-6 gcc-6 cpp-6 gcc
+ ln -s clang++-10 g++-6
+ ln -s clang-10 gcc-6
+ ln -s clang-10 cpp-6
+ ln -s clang-10 gcc
+ echo 'gcc-6 hold'
+ dpkg --set-selections
dpkg: warning: package not in status nor available database at line 1: gcc-6
dpkg: warning: found unknown packages; this might mean the available database
is outdated, and needs to be updated through a frontend method;
please see the FAQ <https://wiki.debian.org/Teams/Dpkg/FAQ>
+ dpkg --set-selections
+ echo 'g++-6 hold'
dpkg: warning: package not in status nor available database at line 1: g++-6
dpkg: warning: found unknown packages; this might mean the available database
is outdated, and needs to be updated through a frontend method;
please see the FAQ <https://wiki.debian.org/Teams/Dpkg/FAQ>
+ for VERSION in $VERSIONS
+ rm -f g++-7 gcc-7 cpp-7 gcc
+ ln -s clang++-10 g++-7
+ ln -s clang-10 gcc-7
+ ln -s clang-10 cpp-7
+ ln -s clang-10 gcc
+ dpkg --set-selections
+ echo 'gcc-7 hold'
dpkg: warning: package not in status nor available database at line 1: gcc-7
dpkg: warning: found unknown packages; this might mean the available database
is outdated, and needs to be updated through a frontend method;
please see the FAQ <https://wiki.debian.org/Teams/Dpkg/FAQ>
+ echo 'g++-7 hold'
+ dpkg --set-selections
dpkg: warning: package not in status nor available database at line 1: g++-7
dpkg: warning: found unknown packages; this might mean the available database
is outdated, and needs to be updated through a frontend method;
please see the FAQ <https://wiki.debian.org/Teams/Dpkg/FAQ>
+ for VERSION in $VERSIONS
+ rm -f g++-8 gcc-8 cpp-8 gcc
+ ln -s clang++-10 g++-8
+ ln -s clang-10 gcc-8
+ ln -s clang-10 cpp-8
+ ln -s clang-10 gcc
+ echo 'gcc-8 hold'
+ dpkg --set-selections
dpkg: warning: package not in status nor available database at line 1: gcc-8
dpkg: warning: found unknown packages; this might mean the available database
is outdated, and needs to be updated through a frontend method;
please see the FAQ <https://wiki.debian.org/Teams/Dpkg/FAQ>
+ dpkg --set-selections
+ echo 'g++-8 hold'
dpkg: warning: package not in status nor available database at line 1: g++-8
dpkg: warning: found unknown packages; this might mean the available database
is outdated, and needs to be updated through a frontend method;
please see the FAQ <https://wiki.debian.org/Teams/Dpkg/FAQ>
+ for VERSION in $VERSIONS
+ rm -f g++-9 gcc-9 cpp-9 gcc
+ ln -s clang++-10 g++-9
+ ln -s clang-10 gcc-9
+ ln -s clang-10 cpp-9
+ ln -s clang-10 gcc
+ echo 'gcc-9 hold'
+ dpkg --set-selections
+ dpkg --set-selections
+ echo 'g++-9 hold'
+ for VERSION in $VERSIONS
+ rm -f g++-10 gcc-10 cpp-10 gcc
+ ln -s clang++-10 g++-10
+ ln -s clang-10 gcc-10
+ ln -s clang-10 cpp-10
+ ln -s clang-10 gcc
+ dpkg --set-selections
+ echo 'gcc-10 hold'
dpkg: warning: package not in status nor available database at line 1: gcc-10
dpkg: warning: found unknown packages; this might mean the available database
is outdated, and needs to be updated through a frontend method;
please see the FAQ <https://wiki.debian.org/Teams/Dpkg/FAQ>
+ echo 'g++-10 hold'
+ dpkg --set-selections
dpkg: warning: package not in status nor available database at line 1: g++-10
dpkg: warning: found unknown packages; this might mean the available database
is outdated, and needs to be updated through a frontend method;
please see the FAQ <https://wiki.debian.org/Teams/Dpkg/FAQ>
+ cd -
/build/chasquid-jZIuMp
+ echo 'Check if gcc, g++ & cpp are actually clang'
Check if gcc, g++ & cpp are actually clang
+ gcc --version
+ grep clang
+ cpp --version
+ grep clang
+ g++ --version
+ grep clang

I: Finished running '/tmp/clang10'.

Finished processing commands.
--------------------------------------------------------------------------------
I: NOTICE: Log filtering will replace 'build/chasquid-jZIuMp/resolver-Hkb2kG' with '<<RESOLVERDIR>>'

+------------------------------------------------------------------------------+
| Update chroot                                                                |
+------------------------------------------------------------------------------+

Hit:1 http://127.0.0.1:12990/debian sid InRelease
Reading package lists...
Reading package lists...
Building dependency tree...
Reading state information...
Calculating upgrade...
The following packages will be upgraded:
  libgmp10
1 upgraded, 0 newly installed, 0 to remove and 0 not upgraded.
Need to get 253 kB of archives.
After this operation, 0 B of additional disk space will be used.
Get:1 http://127.0.0.1:12990/debian sid/main amd64 libgmp10 amd64 2:6.2.0+dfsg-4 [253 kB]
debconf: delaying package configuration, since apt-utils is not installed
Fetched 253 kB in 0s (4124 kB/s)
(Reading database ... (Reading database ... 5%(Reading database ... 10%(Reading database ... 15%(Reading database ... 20%(Reading database ... 25%(Reading database ... 30%(Reading database ... 35%(Reading database ... 40%(Reading database ... 45%(Reading database ... 50%(Reading database ... 55%(Reading database ... 60%(Reading database ... 65%(Reading database ... 70%(Reading database ... 75%(Reading database ... 80%(Reading database ... 85%(Reading database ... 90%(Reading database ... 95%(Reading database ... 100%(Reading database ... 12960 files and directories currently installed.)
Preparing to unpack .../libgmp10_2%3a6.2.0+dfsg-4_amd64.deb ...
Unpacking libgmp10:amd64 (2:6.2.0+dfsg-4) over (2:6.2.0+dfsg-3) ...
Setting up libgmp10:amd64 (2:6.2.0+dfsg-4) ...
Processing triggers for libc-bin (2.29-10) ...

+------------------------------------------------------------------------------+
| Fetch source files                                                           |
+------------------------------------------------------------------------------+


Check APT
---------

Checking available source versions...

Download source files with APT
------------------------------

Reading package lists...
NOTICE: 'chasquid' packaging is maintained in the 'Git' version control system at:
https://salsa.debian.org/go-team/packages/chasquid.git
Please use:
git clone https://salsa.debian.org/go-team/packages/chasquid.git
to retrieve the latest (possibly unreleased) updates to the package.
Need to get 184 kB of source archives.
Get:1 http://127.0.0.1:12990/debian sid/main chasquid 1.2-1 (dsc) [2309 B]
Get:2 http://127.0.0.1:12990/debian sid/main chasquid 1.2-1 (tar) [175 kB]
Get:3 http://127.0.0.1:12990/debian sid/main chasquid 1.2-1 (diff) [6384 B]
Fetched 184 kB in 0s (1216 kB/s)
Download complete and in download only mode
I: NOTICE: Log filtering will replace 'build/chasquid-jZIuMp/chasquid-1.2' with '<<PKGBUILDDIR>>'
I: NOTICE: Log filtering will replace 'build/chasquid-jZIuMp' with '<<BUILDDIR>>'

+------------------------------------------------------------------------------+
| Install package build dependencies                                           |
+------------------------------------------------------------------------------+


Setup apt archive
-----------------

Merged Build-Depends: debhelper (>= 12), dh-golang (>= 1.17~), golang-any, golang-blitiri-go-log-dev, golang-blitiri-go-spf-dev (>= 0.0+git20191018.0.a683815), golang-blitiri-go-systemd-dev, golang-github-docopt-docopt-go-dev, golang-golang-x-crypto-dev, golang-golang-x-net-dev, golang-golang-x-text-dev, golang-goprotobuf-dev, build-essential, fakeroot
Filtered Build-Depends: debhelper (>= 12), dh-golang (>= 1.17~), golang-any, golang-blitiri-go-log-dev, golang-blitiri-go-spf-dev (>= 0.0+git20191018.0.a683815), golang-blitiri-go-systemd-dev, golang-github-docopt-docopt-go-dev, golang-golang-x-crypto-dev, golang-golang-x-net-dev, golang-golang-x-text-dev, golang-goprotobuf-dev, build-essential, fakeroot
dpkg-deb: building package 'sbuild-build-depends-main-dummy' in '/<<RESOLVERDIR>>/apt_archive/sbuild-build-depends-main-dummy.deb'.
Ign:1 copy:/<<RESOLVERDIR>>/apt_archive ./ InRelease
Get:2 copy:/<<RESOLVERDIR>>/apt_archive ./ Release [957 B]
Ign:3 copy:/<<RESOLVERDIR>>/apt_archive ./ Release.gpg
Get:4 copy:/<<RESOLVERDIR>>/apt_archive ./ Sources [472 B]
Get:5 copy:/<<RESOLVERDIR>>/apt_archive ./ Packages [554 B]
Fetched 1983 B in 0s (185 kB/s)
Reading package lists...
Reading package lists...

Install main build dependencies (apt-based resolver)
----------------------------------------------------

Installing build dependencies
Reading package lists...
Building dependency tree...
Reading state information...
The following additional packages will be installed:
  autoconf automake autopoint autotools-dev bsdmainutils debhelper
  dh-autoreconf dh-golang dh-strip-nondeterminism dwz file gettext
  gettext-base golang-1.13-go golang-1.13-src golang-any
  golang-blitiri-go-log-dev golang-blitiri-go-spf-dev
  golang-blitiri-go-systemd-dev golang-github-docopt-docopt-go-dev golang-go
  golang-golang-x-crypto-dev golang-golang-x-net-dev golang-golang-x-sys-dev
  golang-golang-x-text-dev golang-goprotobuf-dev golang-src groff-base
  intltool-debian libarchive-zip-perl libcroco3 libdebhelper-perl libelf1
  libfile-stripnondeterminism-perl libglib2.0-0 libicu63 libmagic-mgc
  libmagic1 libpipeline1 libprotobuf-dev libprotobuf-lite17 libprotobuf17
  libprotoc17 libsigsegv2 libsub-override-perl libtool libuchardet0 libxml2 m4
  man-db po-debconf protobuf-compiler sensible-utils zlib1g-dev
Suggested packages:
  autoconf-archive gnu-standards autoconf-doc wamerican | wordlist whois
  vacation dh-make gettext-doc libasprintf-dev libgettextpo-dev bzr | brz
  ca-certificates git mercurial subversion groff libtool-doc gfortran
  | fortran95-compiler gcj-jdk m4-doc apparmor less www-browser
  libmail-box-perl
Recommended packages:
  curl | wget | lynx pkg-config libarchive-cpio-perl libglib2.0-data
  shared-mime-info xdg-user-dirs libltdl-dev libmail-sendmail-perl
The following NEW packages will be installed:
  autoconf automake autopoint autotools-dev bsdmainutils debhelper
  dh-autoreconf dh-golang dh-strip-nondeterminism dwz file gettext
  gettext-base golang-1.13-go golang-1.13-src golang-any
  golang-blitiri-go-log-dev golang-blitiri-go-spf-dev
  golang-blitiri-go-systemd-dev golang-github-docopt-docopt-go-dev golang-go
  golang-golang-x-crypto-dev golang-golang-x-net-dev golang-golang-x-sys-dev
  golang-golang-x-text-dev golang-goprotobuf-dev golang-src groff-base
  intltool-debian libarchive-zip-perl libcroco3 libdebhelper-perl libelf1
  libfile-stripnondeterminism-perl libglib2.0-0 libicu63 libmagic-mgc
  libmagic1 libpipeline1 libprotobuf-dev libprotobuf-lite17 libprotobuf17
  libprotoc17 libsigsegv2 libsub-override-perl libtool libuchardet0 libxml2 m4
  man-db po-debconf protobuf-compiler sbuild-build-depends-main-dummy
  sensible-utils zlib1g-dev
0 upgraded, 55 newly installed, 0 to remove and 0 not upgraded.
Need to get 90.4 MB of archives.
After this operation, 461 MB of additional disk space will be used.
Get:1 copy:/<<RESOLVERDIR>>/apt_archive ./ sbuild-build-depends-main-dummy 0.invalid.0 [980 B]
Get:2 http://127.0.0.1:12990/debian sid/main amd64 bsdmainutils amd64 11.1.2+b1 [191 kB]
Get:3 http://127.0.0.1:12990/debian sid/main amd64 libuchardet0 amd64 0.0.6-3 [64.9 kB]
Get:4 http://127.0.0.1:12990/debian sid/main amd64 groff-base amd64 1.22.4-4 [919 kB]
Get:5 http://127.0.0.1:12990/debian sid/main amd64 libpipeline1 amd64 1.5.2-2 [33.9 kB]
Get:6 http://127.0.0.1:12990/debian sid/main amd64 man-db amd64 2.9.0-2 [1307 kB]
Get:7 http://127.0.0.1:12990/debian sid/main amd64 sensible-utils all 0.0.12+nmu1 [16.0 kB]
Get:8 http://127.0.0.1:12990/debian sid/main amd64 libmagic-mgc amd64 1:5.38-4 [262 kB]
Get:9 http://127.0.0.1:12990/debian sid/main amd64 libmagic1 amd64 1:5.38-4 [120 kB]
Get:10 http://127.0.0.1:12990/debian sid/main amd64 file amd64 1:5.38-4 [67.9 kB]
Get:11 http://127.0.0.1:12990/debian sid/main amd64 gettext-base amd64 0.19.8.1-10 [123 kB]
Get:12 http://127.0.0.1:12990/debian sid/main amd64 libsigsegv2 amd64 2.12-2 [32.8 kB]
Get:13 http://127.0.0.1:12990/debian sid/main amd64 m4 amd64 1.4.18-4 [203 kB]
Get:14 http://127.0.0.1:12990/debian sid/main amd64 autoconf all 2.69-11.1 [341 kB]
Get:15 http://127.0.0.1:12990/debian sid/main amd64 autotools-dev all 20180224.1 [77.0 kB]
Get:16 http://127.0.0.1:12990/debian sid/main amd64 automake all 1:1.16.1-4 [771 kB]
Get:17 http://127.0.0.1:12990/debian sid/main amd64 autopoint all 0.19.8.1-10 [435 kB]
Get:18 http://127.0.0.1:12990/debian sid/main amd64 libtool all 2.4.6-13 [513 kB]
Get:19 http://127.0.0.1:12990/debian sid/main amd64 dh-autoreconf all 19 [16.9 kB]
Get:20 http://127.0.0.1:12990/debian sid/main amd64 libdebhelper-perl all 12.9 [183 kB]
Get:21 http://127.0.0.1:12990/debian sid/main amd64 libarchive-zip-perl all 1.67-1 [104 kB]
Get:22 http://127.0.0.1:12990/debian sid/main amd64 libsub-override-perl all 0.09-2 [10.2 kB]
Get:23 http://127.0.0.1:12990/debian sid/main amd64 libfile-stripnondeterminism-perl all 1.6.3-2 [23.7 kB]
Get:24 http://127.0.0.1:12990/debian sid/main amd64 dh-strip-nondeterminism all 1.6.3-2 [14.7 kB]
Get:25 http://127.0.0.1:12990/debian sid/main amd64 libelf1 amd64 0.176-1.1 [161 kB]
Get:26 http://127.0.0.1:12990/debian sid/main amd64 dwz amd64 0.13-5 [151 kB]
Get:27 http://127.0.0.1:12990/debian sid/main amd64 libglib2.0-0 amd64 2.62.4-2 [1319 kB]
Get:28 http://127.0.0.1:12990/debian sid/main amd64 libicu63 amd64 63.2-2 [8301 kB]
Get:29 http://127.0.0.1:12990/debian sid/main amd64 libxml2 amd64 2.9.10+dfsg-3 [709 kB]
Get:30 http://127.0.0.1:12990/debian sid/main amd64 libcroco3 amd64 0.6.13-1 [146 kB]
Get:31 http://127.0.0.1:12990/debian sid/main amd64 gettext amd64 0.19.8.1-10 [1303 kB]
Get:32 http://127.0.0.1:12990/debian sid/main amd64 intltool-debian all 0.35.0+20060710.5 [26.8 kB]
Get:33 http://127.0.0.1:12990/debian sid/main amd64 po-debconf all 1.0.21 [248 kB]
Get:34 http://127.0.0.1:12990/debian sid/main amd64 debhelper all 12.9 [994 kB]
Get:35 http://127.0.0.1:12990/debian sid/main amd64 dh-golang all 1.46 [23.2 kB]
Get:36 http://127.0.0.1:12990/debian sid/main amd64 golang-1.13-src amd64 1.13.8-1 [12.7 MB]
Get:37 http://127.0.0.1:12990/debian sid/main amd64 golang-1.13-go amd64 1.13.8-1 [47.6 MB]
Get:38 http://127.0.0.1:12990/debian sid/main amd64 golang-src amd64 2:1.13~1 [4572 B]
Get:39 http://127.0.0.1:12990/debian sid/main amd64 golang-go amd64 2:1.13~1 [23.7 kB]
Get:40 http://127.0.0.1:12990/debian sid/main amd64 golang-any amd64 2:1.13~1 [4692 B]
Get:41 http://127.0.0.1:12990/debian sid/main amd64 golang-github-docopt-docopt-go-dev all 0.6.2+git20160216.0.784ddc5-1 [9434 B]
Get:42 http://127.0.0.1:12990/debian sid/main amd64 golang-golang-x-sys-dev all 0.0~git20200219.cb0a6d8-1 [270 kB]
Get:43 http://127.0.0.1:12990/debian sid/main amd64 golang-golang-x-text-dev all 0.3.2-3 [3642 kB]
Get:44 http://127.0.0.1:12990/debian sid/main amd64 golang-golang-x-net-dev all 1:0.0+git20200219.4628272+dfsg-1 [640 kB]
Get:45 http://127.0.0.1:12990/debian sid/main amd64 golang-golang-x-crypto-dev all 1:0.0~git20190701.4def268-2 [1505 kB]
Get:46 http://127.0.0.1:12990/debian sid/main amd64 zlib1g-dev amd64 1:1.2.11.dfsg-1.2 [209 kB]
Get:47 http://127.0.0.1:12990/debian sid/main amd64 libprotobuf17 amd64 3.6.1.3-2+b2 [840 kB]
Get:48 http://127.0.0.1:12990/debian sid/main amd64 libprotobuf-lite17 amd64 3.6.1.3-2+b2 [169 kB]
Get:49 http://127.0.0.1:12990/debian sid/main amd64 libprotobuf-dev amd64 3.6.1.3-2+b2 [1152 kB]
Get:50 http://127.0.0.1:12990/debian sid/main amd64 libprotoc17 amd64 3.6.1.3-2+b2 [686 kB]
Get:51 http://127.0.0.1:12990/debian sid/main amd64 protobuf-compiler amd64 3.6.1.3-2+b2 [65.1 kB]
Get:52 http://127.0.0.1:12990/debian sid/main amd64 golang-goprotobuf-dev amd64 1.3.2-2 [1628 kB]
Get:53 http://127.0.0.1:12990/debian sid/main amd64 golang-blitiri-go-log-dev all 0.0+git20170910.0.2b2e1b6-1 [5960 B]
Get:54 http://127.0.0.1:12990/debian sid/main amd64 golang-blitiri-go-spf-dev all 0.0+git20191018.0.a683815-1 [84.4 kB]
Get:55 http://127.0.0.1:12990/debian sid/main amd64 golang-blitiri-go-systemd-dev all 0.0+git20170821.0.aec3508-1 [5904 B]
debconf: delaying package configuration, since apt-utils is not installed
Fetched 90.4 MB in 2s (57.7 MB/s)
Selecting previously unselected package bsdmainutils.
(Reading database ... 12960 files and directories currently installed.)
Preparing to unpack .../00-bsdmainutils_11.1.2+b1_amd64.deb ...
Unpacking bsdmainutils (11.1.2+b1) ...
Selecting previously unselected package libuchardet0:amd64.
Preparing to unpack .../01-libuchardet0_0.0.6-3_amd64.deb ...
Unpacking libuchardet0:amd64 (0.0.6-3) ...
Selecting previously unselected package groff-base.
Preparing to unpack .../02-groff-base_1.22.4-4_amd64.deb ...
Unpacking groff-base (1.22.4-4) ...
Selecting previously unselected package libpipeline1:amd64.
Preparing to unpack .../03-libpipeline1_1.5.2-2_amd64.deb ...
Unpacking libpipeline1:amd64 (1.5.2-2) ...
Selecting previously unselected package man-db.
Preparing to unpack .../04-man-db_2.9.0-2_amd64.deb ...
Unpacking man-db (2.9.0-2) ...
Selecting previously unselected package sensible-utils.
Preparing to unpack .../05-sensible-utils_0.0.12+nmu1_all.deb ...
Unpacking sensible-utils (0.0.12+nmu1) ...
Selecting previously unselected package libmagic-mgc.
Preparing to unpack .../06-libmagic-mgc_1%3a5.38-4_amd64.deb ...
Unpacking libmagic-mgc (1:5.38-4) ...
Selecting previously unselected package libmagic1:amd64.
Preparing to unpack .../07-libmagic1_1%3a5.38-4_amd64.deb ...
Unpacking libmagic1:amd64 (1:5.38-4) ...
Selecting previously unselected package file.
Preparing to unpack .../08-file_1%3a5.38-4_amd64.deb ...
Unpacking file (1:5.38-4) ...
Selecting previously unselected package gettext-base.
Preparing to unpack .../09-gettext-base_0.19.8.1-10_amd64.deb ...
Unpacking gettext-base (0.19.8.1-10) ...
Selecting previously unselected package libsigsegv2:amd64.
Preparing to unpack .../10-libsigsegv2_2.12-2_amd64.deb ...
Unpacking libsigsegv2:amd64 (2.12-2) ...
Selecting previously unselected package m4.
Preparing to unpack .../11-m4_1.4.18-4_amd64.deb ...
Unpacking m4 (1.4.18-4) ...
Selecting previously unselected package autoconf.
Preparing to unpack .../12-autoconf_2.69-11.1_all.deb ...
Unpacking autoconf (2.69-11.1) ...
Selecting previously unselected package autotools-dev.
Preparing to unpack .../13-autotools-dev_20180224.1_all.deb ...
Unpacking autotools-dev (20180224.1) ...
Selecting previously unselected package automake.
Preparing to unpack .../14-automake_1%3a1.16.1-4_all.deb ...
Unpacking automake (1:1.16.1-4) ...
Selecting previously unselected package autopoint.
Preparing to unpack .../15-autopoint_0.19.8.1-10_all.deb ...
Unpacking autopoint (0.19.8.1-10) ...
Selecting previously unselected package libtool.
Preparing to unpack .../16-libtool_2.4.6-13_all.deb ...
Unpacking libtool (2.4.6-13) ...
Selecting previously unselected package dh-autoreconf.
Preparing to unpack .../17-dh-autoreconf_19_all.deb ...
Unpacking dh-autoreconf (19) ...
Selecting previously unselected package libdebhelper-perl.
Preparing to unpack .../18-libdebhelper-perl_12.9_all.deb ...
Unpacking libdebhelper-perl (12.9) ...
Selecting previously unselected package libarchive-zip-perl.
Preparing to unpack .../19-libarchive-zip-perl_1.67-1_all.deb ...
Unpacking libarchive-zip-perl (1.67-1) ...
Selecting previously unselected package libsub-override-perl.
Preparing to unpack .../20-libsub-override-perl_0.09-2_all.deb ...
Unpacking libsub-override-perl (0.09-2) ...
Selecting previously unselected package libfile-stripnondeterminism-perl.
Preparing to unpack .../21-libfile-stripnondeterminism-perl_1.6.3-2_all.deb ...
Unpacking libfile-stripnondeterminism-perl (1.6.3-2) ...
Selecting previously unselected package dh-strip-nondeterminism.
Preparing to unpack .../22-dh-strip-nondeterminism_1.6.3-2_all.deb ...
Unpacking dh-strip-nondeterminism (1.6.3-2) ...
Selecting previously unselected package libelf1:amd64.
Preparing to unpack .../23-libelf1_0.176-1.1_amd64.deb ...
Unpacking libelf1:amd64 (0.176-1.1) ...
Selecting previously unselected package dwz.
Preparing to unpack .../24-dwz_0.13-5_amd64.deb ...
Unpacking dwz (0.13-5) ...
Selecting previously unselected package libglib2.0-0:amd64.
Preparing to unpack .../25-libglib2.0-0_2.62.4-2_amd64.deb ...
Unpacking libglib2.0-0:amd64 (2.62.4-2) ...
Selecting previously unselected package libicu63:amd64.
Preparing to unpack .../26-libicu63_63.2-2_amd64.deb ...
Unpacking libicu63:amd64 (63.2-2) ...
Selecting previously unselected package libxml2:amd64.
Preparing to unpack .../27-libxml2_2.9.10+dfsg-3_amd64.deb ...
Unpacking libxml2:amd64 (2.9.10+dfsg-3) ...
Selecting previously unselected package libcroco3:amd64.
Preparing to unpack .../28-libcroco3_0.6.13-1_amd64.deb ...
Unpacking libcroco3:amd64 (0.6.13-1) ...
Selecting previously unselected package gettext.
Preparing to unpack .../29-gettext_0.19.8.1-10_amd64.deb ...
Unpacking gettext (0.19.8.1-10) ...
Selecting previously unselected package intltool-debian.
Preparing to unpack .../30-intltool-debian_0.35.0+20060710.5_all.deb ...
Unpacking intltool-debian (0.35.0+20060710.5) ...
Selecting previously unselected package po-debconf.
Preparing to unpack .../31-po-debconf_1.0.21_all.deb ...
Unpacking po-debconf (1.0.21) ...
Selecting previously unselected package debhelper.
Preparing to unpack .../32-debhelper_12.9_all.deb ...
Unpacking debhelper (12.9) ...
Selecting previously unselected package dh-golang.
Preparing to unpack .../33-dh-golang_1.46_all.deb ...
Unpacking dh-golang (1.46) ...
Selecting previously unselected package golang-1.13-src.
Preparing to unpack .../34-golang-1.13-src_1.13.8-1_amd64.deb ...
Unpacking golang-1.13-src (1.13.8-1) ...
Selecting previously unselected package golang-1.13-go.
Preparing to unpack .../35-golang-1.13-go_1.13.8-1_amd64.deb ...
Unpacking golang-1.13-go (1.13.8-1) ...
Selecting previously unselected package golang-src.
Preparing to unpack .../36-golang-src_2%3a1.13~1_amd64.deb ...
Unpacking golang-src (2:1.13~1) ...
Selecting previously unselected package golang-go.
Preparing to unpack .../37-golang-go_2%3a1.13~1_amd64.deb ...
Unpacking golang-go (2:1.13~1) ...
Selecting previously unselected package golang-any.
Preparing to unpack .../38-golang-any_2%3a1.13~1_amd64.deb ...
Unpacking golang-any (2:1.13~1) ...
Selecting previously unselected package golang-github-docopt-docopt-go-dev.
Preparing to unpack .../39-golang-github-docopt-docopt-go-dev_0.6.2+git20160216.0.784ddc5-1_all.deb ...
Unpacking golang-github-docopt-docopt-go-dev (0.6.2+git20160216.0.784ddc5-1) ...
Selecting previously unselected package golang-golang-x-sys-dev.
Preparing to unpack .../40-golang-golang-x-sys-dev_0.0~git20200219.cb0a6d8-1_all.deb ...
Unpacking golang-golang-x-sys-dev (0.0~git20200219.cb0a6d8-1) ...
Selecting previously unselected package golang-golang-x-text-dev.
Preparing to unpack .../41-golang-golang-x-text-dev_0.3.2-3_all.deb ...
Unpacking golang-golang-x-text-dev (0.3.2-3) ...
Selecting previously unselected package golang-golang-x-net-dev.
Preparing to unpack .../42-golang-golang-x-net-dev_1%3a0.0+git20200219.4628272+dfsg-1_all.deb ...
Unpacking golang-golang-x-net-dev (1:0.0+git20200219.4628272+dfsg-1) ...
Selecting previously unselected package golang-golang-x-crypto-dev.
Preparing to unpack .../43-golang-golang-x-crypto-dev_1%3a0.0~git20190701.4def268-2_all.deb ...
Unpacking golang-golang-x-crypto-dev (1:0.0~git20190701.4def268-2) ...
Selecting previously unselected package zlib1g-dev:amd64.
Preparing to unpack .../44-zlib1g-dev_1%3a1.2.11.dfsg-1.2_amd64.deb ...
Unpacking zlib1g-dev:amd64 (1:1.2.11.dfsg-1.2) ...
Selecting previously unselected package libprotobuf17:amd64.
Preparing to unpack .../45-libprotobuf17_3.6.1.3-2+b2_amd64.deb ...
Unpacking libprotobuf17:amd64 (3.6.1.3-2+b2) ...
Selecting previously unselected package libprotobuf-lite17:amd64.
Preparing to unpack .../46-libprotobuf-lite17_3.6.1.3-2+b2_amd64.deb ...
Unpacking libprotobuf-lite17:amd64 (3.6.1.3-2+b2) ...
Selecting previously unselected package libprotobuf-dev:amd64.
Preparing to unpack .../47-libprotobuf-dev_3.6.1.3-2+b2_amd64.deb ...
Unpacking libprotobuf-dev:amd64 (3.6.1.3-2+b2) ...
Selecting previously unselected package libprotoc17:amd64.
Preparing to unpack .../48-libprotoc17_3.6.1.3-2+b2_amd64.deb ...
Unpacking libprotoc17:amd64 (3.6.1.3-2+b2) ...
Selecting previously unselected package protobuf-compiler.
Preparing to unpack .../49-protobuf-compiler_3.6.1.3-2+b2_amd64.deb ...
Unpacking protobuf-compiler (3.6.1.3-2+b2) ...
Selecting previously unselected package golang-goprotobuf-dev.
Preparing to unpack .../50-golang-goprotobuf-dev_1.3.2-2_amd64.deb ...
Unpacking golang-goprotobuf-dev (1.3.2-2) ...
Selecting previously unselected package golang-blitiri-go-log-dev.
Preparing to unpack .../51-golang-blitiri-go-log-dev_0.0+git20170910.0.2b2e1b6-1_all.deb ...
Unpacking golang-blitiri-go-log-dev (0.0+git20170910.0.2b2e1b6-1) ...
Selecting previously unselected package golang-blitiri-go-spf-dev.
Preparing to unpack .../52-golang-blitiri-go-spf-dev_0.0+git20191018.0.a683815-1_all.deb ...
Unpacking golang-blitiri-go-spf-dev (0.0+git20191018.0.a683815-1) ...
Selecting previously unselected package golang-blitiri-go-systemd-dev.
Preparing to unpack .../53-golang-blitiri-go-systemd-dev_0.0+git20170821.0.aec3508-1_all.deb ...
Unpacking golang-blitiri-go-systemd-dev (0.0+git20170821.0.aec3508-1) ...
Selecting previously unselected package sbuild-build-depends-main-dummy.
Preparing to unpack .../54-sbuild-build-depends-main-dummy_0.invalid.0_amd64.deb ...
Unpacking sbuild-build-depends-main-dummy (0.invalid.0) ...
Setting up libpipeline1:amd64 (1.5.2-2) ...
Setting up golang-1.13-src (1.13.8-1) ...
Setting up libmagic-mgc (1:5.38-4) ...
Setting up golang-blitiri-go-systemd-dev (0.0+git20170821.0.aec3508-1) ...
Setting up libarchive-zip-perl (1.67-1) ...
Setting up libglib2.0-0:amd64 (2.62.4-2) ...
No schema files found: doing nothing.
Setting up libprotobuf-lite17:amd64 (3.6.1.3-2+b2) ...
Setting up libdebhelper-perl (12.9) ...
Setting up golang-golang-x-sys-dev (0.0~git20200219.cb0a6d8-1) ...
Setting up libmagic1:amd64 (1:5.38-4) ...
Setting up gettext-base (0.19.8.1-10) ...
Setting up file (1:5.38-4) ...
Setting up libicu63:amd64 (63.2-2) ...
Setting up autotools-dev (20180224.1) ...
Setting up libsigsegv2:amd64 (2.12-2) ...
Setting up bsdmainutils (11.1.2+b1) ...
update-alternatives: using /usr/bin/bsd-write to provide /usr/bin/write (write) in auto mode
update-alternatives: using /usr/bin/bsd-from to provide /usr/bin/from (from) in auto mode
Setting up autopoint (0.19.8.1-10) ...
Setting up golang-1.13-go (1.13.8-1) ...
Setting up zlib1g-dev:amd64 (1:1.2.11.dfsg-1.2) ...
Setting up golang-blitiri-go-log-dev (0.0+git20170910.0.2b2e1b6-1) ...
Setting up sensible-utils (0.0.12+nmu1) ...
Setting up golang-golang-x-text-dev (0.3.2-3) ...
Setting up libuchardet0:amd64 (0.0.6-3) ...
Setting up golang-blitiri-go-spf-dev (0.0+git20191018.0.a683815-1) ...
Setting up libsub-override-perl (0.09-2) ...
Setting up libprotobuf17:amd64 (3.6.1.3-2+b2) ...
Setting up golang-src (2:1.13~1) ...
Setting up libelf1:amd64 (0.176-1.1) ...
Setting up libxml2:amd64 (2.9.10+dfsg-3) ...
Setting up libfile-stripnondeterminism-perl (1.6.3-2) ...
Setting up libprotoc17:amd64 (3.6.1.3-2+b2) ...
Setting up protobuf-compiler (3.6.1.3-2+b2) ...
Setting up libtool (2.4.6-13) ...
Setting up golang-go (2:1.13~1) ...
Setting up m4 (1.4.18-4) ...
Setting up golang-any (2:1.13~1) ...
Setting up libprotobuf-dev:amd64 (3.6.1.3-2+b2) ...
Setting up golang-goprotobuf-dev (1.3.2-2) ...
Setting up libcroco3:amd64 (0.6.13-1) ...
Setting up golang-golang-x-net-dev (1:0.0+git20200219.4628272+dfsg-1) ...
Setting up autoconf (2.69-11.1) ...
Setting up dh-strip-nondeterminism (1.6.3-2) ...
Setting up dwz (0.13-5) ...
Setting up groff-base (1.22.4-4) ...
Setting up golang-golang-x-crypto-dev (1:0.0~git20190701.4def268-2) ...
Setting up golang-github-docopt-docopt-go-dev (0.6.2+git20160216.0.784ddc5-1) ...
Setting up automake (1:1.16.1-4) ...
update-alternatives: using /usr/bin/automake-1.16 to provide /usr/bin/automake (automake) in auto mode
Setting up gettext (0.19.8.1-10) ...
Setting up man-db (2.9.0-2) ...
Not building database; man-db/auto-update is not 'true'.
Setting up intltool-debian (0.35.0+20060710.5) ...
Setting up po-debconf (1.0.21) ...
Setting up dh-autoreconf (19) ...
Setting up debhelper (12.9) ...
Setting up dh-golang (1.46) ...
Setting up sbuild-build-depends-main-dummy (0.invalid.0) ...
Processing triggers for libc-bin (2.29-10) ...

+------------------------------------------------------------------------------+
| Check architectures                                                          |
+------------------------------------------------------------------------------+

Arch check ok (amd64 included in any)

+------------------------------------------------------------------------------+
| Build environment                                                            |
+------------------------------------------------------------------------------+

Kernel: Linux 4.19.0-6-cloud-amd64 #1 SMP Debian 4.19.67-2+deb10u2 (2019-11-11) amd64 (x86_64)
Toolchain package versions: binutils_2.34-3 dpkg-dev_1.19.7 g++-9_9.2.1-29 gcc-9_9.2.1-29 libc6-dev_2.29-10 libstdc++-9-dev_9.2.1-29 libstdc++6_10-20200222-1 linux-libc-dev_5.4.19-1
Package versions: adduser_3.118 apt_1.8.4 autoconf_2.69-11.1 automake_1:1.16.1-4 autopoint_0.19.8.1-10 autotools-dev_20180224.1 base-files_11 base-passwd_3.5.47 bash_5.0-5 binutils_2.34-3 binutils-common_2.34-3 binutils-x86-64-linux-gnu_2.34-3 bsdmainutils_11.1.2+b1 bsdutils_1:2.34-0.1 build-essential_12.8 bzip2_1.0.8-2 clang-10_1:10.0.0~+rc2-1 coreutils_8.30-3+b1 cpp_4:9.2.1-3.1 cpp-9_9.2.1-29 dash_0.5.10.2-6 debconf_1.5.73 debhelper_12.9 debian-archive-keyring_2019.1 debianutils_4.9.1 dh-autoreconf_19 dh-golang_1.46 dh-strip-nondeterminism_1.6.3-2 diffutils_1:3.7-3 dpkg_1.19.7 dpkg-dev_1.19.7 dwz_0.13-5 e2fsprogs_1.45.5-2 fakeroot_1.24-1 fdisk_2.34-0.1 file_1:5.38-4 findutils_4.7.0-1 g++_4:9.2.1-3.1 g++-9_9.2.1-29 gcc_4:9.2.1-3.1 gcc-10-base_10-20200222-1 gcc-9_9.2.1-29 gcc-9-base_9.2.1-29 gettext_0.19.8.1-10 gettext-base_0.19.8.1-10 golang-1.13-go_1.13.8-1 golang-1.13-src_1.13.8-1 golang-any_2:1.13~1 golang-blitiri-go-log-dev_0.0+git20170910.0.2b2e1b6-1 golang-blitiri-go-spf-dev_0.0+git20191018.0.a683815-1 golang-blitiri-go-systemd-dev_0.0+git20170821.0.aec3508-1 golang-github-docopt-docopt-go-dev_0.6.2+git20160216.0.784ddc5-1 golang-go_2:1.13~1 golang-golang-x-crypto-dev_1:0.0~git20190701.4def268-2 golang-golang-x-net-dev_1:0.0+git20200219.4628272+dfsg-1 golang-golang-x-sys-dev_0.0~git20200219.cb0a6d8-1 golang-golang-x-text-dev_0.3.2-3 golang-goprotobuf-dev_1.3.2-2 golang-src_2:1.13~1 gpgv_2.2.19-1 grep_3.4-1 groff-base_1.22.4-4 gzip_1.9-3+b1 hostname_3.23 init-system-helpers_1.57 intltool-debian_0.35.0+20060710.5 lib32gcc-s1_10-20200222-1 lib32gcc1_1:10-20200222-1 lib32stdc++6_10-20200222-1 libacl1_2.2.53-5 libapt-pkg5.0_1.8.4 libarchive-zip-perl_1.67-1 libasan5_9.2.1-29 libatomic1_10-20200222-1 libattr1_1:2.4.48-5 libaudit-common_1:2.8.5-2 libaudit1_1:2.8.5-2+b1 libbinutils_2.34-3 libblkid1_2.34-0.1 libbsd0_0.10.0-1 libbz2-1.0_1.0.8-2 libc-bin_2.29-10 libc-dev-bin_2.29-10 libc6_2.29-10 libc6-dev_2.29-10 libc6-i386_2.29-10 libcap-ng0_0.7.9-2.1+b1 libcc1-0_10-20200222-1 libclang-common-10-dev_1:10.0.0~+rc2-1 libclang-cpp10_1:10.0.0~+rc2-1 libclang1-10_1:10.0.0~+rc2-1 libcom-err2_1.45.5-2 libcroco3_0.6.13-1 libcrypt-dev_1:4.4.10-10 libcrypt1_1:4.4.10-10 libctf-nobfd0_2.34-3 libctf0_2.34-3 libdb5.3_5.3.28+dfsg1-0.6 libdebconfclient0_0.251 libdebhelper-perl_12.9 libdpkg-perl_1.19.7 libedit2_3.1-20191231-1 libelf1_0.176-1.1 libext2fs2_1.45.5-2 libfakeroot_1.24-1 libfdisk1_2.34-0.1 libffi7_3.3-3 libfile-stripnondeterminism-perl_1.6.3-2 libgc1c2_1:7.6.4-0.4 libgcc-9-dev_9.2.1-29 libgcc-s1_10-20200222-1 libgcc1_1:10-20200222-1 libgcrypt20_1.8.5-5 libgdbm-compat4_1.18.1-5 libgdbm6_1.18.1-5 libglib2.0-0_2.62.4-2 libgmp10_2:6.2.0+dfsg-4 libgnutls30_3.6.12-2 libgomp1_10-20200222-1 libgpg-error0_1.37-1 libhogweed5_3.5.1+really3.5.1-2 libicu63_63.2-2 libidn2-0_2.2.0-2 libisl22_0.22.1-1 libitm1_10-20200222-1 libllvm10_1:10.0.0~+rc2-1 liblsan0_10-20200222-1 liblz4-1_1.9.2-2 liblzma5_5.2.4-1+b1 libmagic-mgc_1:5.38-4 libmagic1_1:5.38-4 libmount1_2.34-0.1 libmpc3_1.1.0-1 libmpfr6_4.0.2-1 libncursesw6_6.1+20191019-1 libnettle7_3.5.1+really3.5.1-2 libobjc-9-dev_9.2.1-29 libobjc4_10-20200222-1 libomp-10-dev_1:10.0.0~+rc2-1 libomp5-10_1:10.0.0~+rc2-1 libp11-kit0_0.23.20-1 libpam-modules_1.3.1-5 libpam-modules-bin_1.3.1-5 libpam-runtime_1.3.1-5 libpam0g_1.3.1-5 libpcre2-8-0_10.34-7 libpcre3_2:8.39-12+b1 libperl5.30_5.30.0-9 libpipeline1_1.5.2-2 libprotobuf-dev_3.6.1.3-2+b2 libprotobuf-lite17_3.6.1.3-2+b2 libprotobuf17_3.6.1.3-2+b2 libprotoc17_3.6.1.3-2+b2 libquadmath0_10-20200222-1 libseccomp2_2.4.2-2 libselinux1_3.0-1+b1 libsemanage-common_3.0-1 libsemanage1_3.0-1+b1 libsepol1_3.0-1 libsigsegv2_2.12-2 libsmartcols1_2.34-0.1 libss2_1.45.5-2 libstdc++-9-dev_9.2.1-29 libstdc++6_10-20200222-1 libsub-override-perl_0.09-2 libsystemd0_244.3-1 libtasn1-6_4.16.0-2 libtinfo6_6.1+20191019-1 libtool_2.4.6-13 libtsan0_10-20200222-1 libubsan1_10-20200222-1 libuchardet0_0.0.6-3 libudev1_244.3-1 libunistring2_0.9.10-2 libuuid1_2.34-0.1 libxml2_2.9.10+dfsg-3 libz3-4_4.8.7-4 libzstd1_1.4.4+dfsg-3 linux-libc-dev_5.4.19-1 login_1:4.8.1-1 logsave_1.45.5-2 lsb-base_11.1.0 m4_1.4.18-4 make_4.2.1-1.2 man-db_2.9.0-2 mawk_1.3.4.20200120-2 mount_2.34-0.1 ncurses-base_6.1+20191019-1 ncurses-bin_6.1+20191019-1 passwd_1:4.8.1-1 patch_2.7.6-6 perl_5.30.0-9 perl-base_5.30.0-9 perl-modules-5.30_5.30.0-9 po-debconf_1.0.21 protobuf-compiler_3.6.1.3-2+b2 sbuild-build-depends-main-dummy_0.invalid.0 sed_4.7-1 sensible-utils_0.0.12+nmu1 sysvinit-utils_2.96-2.1 tar_1.30+dfsg-6+b1 tzdata_2019c-3 util-linux_2.34-0.1 xz-utils_5.2.4-1+b1 zlib1g_1:1.2.11.dfsg-1.2 zlib1g-dev_1:1.2.11.dfsg-1.2

+------------------------------------------------------------------------------+
| Build                                                                        |
+------------------------------------------------------------------------------+


Unpack source
-------------

-----BEGIN PGP SIGNED MESSAGE-----
Hash: SHA256

Format: 3.0 (quilt)
Source: chasquid
Binary: chasquid
Architecture: any
Version: 1.2-1
Maintainer: Debian Go Packaging Team <pkg-go-maintainers@lists.alioth.debian.org>
Uploaders: Mart√≠n Ferrari <tincho@debian.org>, Alberto Bertogli <albertito@blitiri.com.ar>
Homepage: https://blitiri.com.ar/p/chasquid
Standards-Version: 4.4.1
Vcs-Browser: https://salsa.debian.org/go-team/packages/chasquid
Vcs-Git: https://salsa.debian.org/go-team/packages/chasquid.git
Testsuite: autopkgtest-pkg-go
Build-Depends: debhelper (>= 12), dh-golang (>= 1.17~), golang-any, golang-blitiri-go-log-dev, golang-blitiri-go-spf-dev (>= 0.0+git20191018.0.a683815), golang-blitiri-go-systemd-dev, golang-github-docopt-docopt-go-dev, golang-golang-x-crypto-dev, golang-golang-x-net-dev, golang-golang-x-text-dev, golang-goprotobuf-dev
Package-List:
 chasquid deb mail optional arch=any
Checksums-Sha1:
 ef961cbad0152a33c38b9fb344f094c868a01e05 175054 chasquid_1.2.orig.tar.gz
 1d1d917ca22769044207d5acf28bee60a1d4fea9 6384 chasquid_1.2-1.debian.tar.xz
Checksums-Sha256:
 d97d74906e4eba3a601803eb2b26f24de0249e4bbc25164923e38a38900e156e 175054 chasquid_1.2.orig.tar.gz
 e57193809d541e423325abf7bfd4ce49bca7ca66a80c7ad353fd91ded66566a0 6384 chasquid_1.2-1.debian.tar.xz
Files:
 54da486ea46731a4c7d5b3ae588fd06c 175054 chasquid_1.2.orig.tar.gz
 c5aaafa33f8597d95505875bb7465a09 6384 chasquid_1.2-1.debian.tar.xz
Go-Import-Path: blitiri.com.ar/go/chasquid

-----BEGIN PGP SIGNATURE-----

iQIzBAEBCAAdFiEETe94h3mvRsa9AoOeXdjgv5Gj09oFAl3ysdQACgkQXdjgv5Gj
09oYrQ/5Aby51PgUtySQSjeS/Ojo+81dgFdpXSpzG982QCFec+Re0YZjIeVlOWn6
4TwCwlWhnLCxGsdFQ7b/7s97AI8XCiUuOwf82D26dOoc/U7MvMTFY6BlA8L9acql
YTu0LtRWdC2GwurisJ7oVo1MlzuZPIlLNBaqmdNxGsOlMOpeUjA+LYrPk6mjf8Zl
YQ6a1vJXchNBWgkXSI0RXrfWDCgLRugxoEhFnT7qaztF/lDzvB4C1n2LF1perUAj
IOWty+PZ+1sOnfYEJ5+Fj3+0L+mwG1I8RIyVZ6UdSlCB4a7GA7n42Q4mVfV0LI//
81AhemoW7lfGw2dvq2zqtGRhErRVlNZlX9gOjum4AJ9LkwYxPrzI0VgH3WtTRUao
bgGJ4LHqvCOWs3mLLVdrTd1tnZV/reIVYOKdu/JinnZjXaoO2UyUwLxum871xHSv
7Mik0b6747Ml5V4R/YI4g+tZEOwyIcpxB5N+IcvHcGQeiKrVaANsT9dx8IGIbG7Y
L/3gRUpX+bYL1WDTs6RXqKtRp5nWb7uP/x6JlN9ha33dm/p9NPCr30o0bg2szMHX
AxKjNqEX0tXB/K1s7mZGqU4HFboLSRK5uLZqcydnxi7IspZDbTkb29j+cpgGVlvz
L3dFIH66O56sNzMMg9FBuifiL2CA35NYvTXGfPy/dFw9faSaZQU=
=asjG
-----END PGP SIGNATURE-----

gpgv: unknown type of key resource 'trustedkeys.kbx'
gpgv: keyblock resource '/sbuild-nonexistent/.gnupg/trustedkeys.kbx': General error
gpgv: Signature made Thu Dec 12 21:32:04 2019 UTC
gpgv:                using RSA key 4DEF788779AF46C6BD02839E5DD8E0BF91A3D3DA
gpgv: Can't check signature: No public key
dpkg-source: warning: failed to verify signature on ./chasquid_1.2-1.dsc
dpkg-source: info: extracting chasquid in /<<PKGBUILDDIR>>
dpkg-source: info: unpacking chasquid_1.2.orig.tar.gz
dpkg-source: info: unpacking chasquid_1.2-1.debian.tar.xz
dpkg-source: info: using patch list from debian/patches/series
dpkg-source: info: applying 0001-Use_chasquid_user.patch

Check disk space
----------------

Sufficient free space for build

User Environment
----------------

APT_CONFIG=/var/lib/sbuild/apt.conf
HOME=/sbuild-nonexistent
LANG=C.UTF-8
LC_ALL=C.UTF-8
LOGNAME=user42
PATH=/usr/local/sbin:/usr/local/bin:/usr/sbin:/usr/bin:/sbin:/bin:/usr/games
SCHROOT_ALIAS_NAME=unstable
SCHROOT_CHROOT_NAME=sid-amd64-sbuild
SCHROOT_COMMAND=env
SCHROOT_GID=1001
SCHROOT_GROUP=user42
SCHROOT_SESSION_ID=sid-amd64-sbuild-1aa31635-3355-406d-826e-eee7e834d094
SCHROOT_UID=1001
SCHROOT_USER=user42
SHELL=/bin/sh
USER=user42

dpkg-buildpackage
-----------------

Command: dpkg-buildpackage -us -uc -b -rfakeroot
dpkg-buildpackage: info: source package chasquid
dpkg-buildpackage: info: source version 1.2-1
dpkg-buildpackage: info: source distribution unstable
dpkg-buildpackage: info: source changed by Alberto Bertogli <albertito@blitiri.com.ar>
 dpkg-source --before-build .
dpkg-buildpackage: info: host architecture amd64
 debian/rules clean
dh clean --buildsystem=golang --with=golang
   dh_auto_clean -O--buildsystem=golang
   dh_autoreconf_clean -O--buildsystem=golang
   dh_clean -O--buildsystem=golang
 debian/rules binary
dh binary --buildsystem=golang --with=golang
   dh_update_autotools_config -O--buildsystem=golang
   dh_autoreconf -O--buildsystem=golang
   dh_auto_configure -O--buildsystem=golang
   debian/rules override_dh_auto_build
make[1]: Entering directory '/<<PKGBUILDDIR>>'
dh_auto_build -- -ldflags " -X main.version=1.2-1 -X main.sourceDateTs=1575649379"
	cd obj-x86_64-linux-gnu && go install -trimpath -v -p 4 -ldflags " -X main.version=1.2-1 -X main.sourceDateTs=1575649379" blitiri.com.ar/go/chasquid blitiri.com.ar/go/chasquid/cmd/chasquid-util blitiri.com.ar/go/chasquid/cmd/mda-lmtp blitiri.com.ar/go/chasquid/cmd/smtp-check blitiri.com.ar/go/chasquid/internal/aliases blitiri.com.ar/go/chasquid/internal/auth blitiri.com.ar/go/chasquid/internal/config blitiri.com.ar/go/chasquid/internal/courier blitiri.com.ar/go/chasquid/internal/domaininfo blitiri.com.ar/go/chasquid/internal/dovecot blitiri.com.ar/go/chasquid/internal/envelope blitiri.com.ar/go/chasquid/internal/maillog blitiri.com.ar/go/chasquid/internal/normalize blitiri.com.ar/go/chasquid/internal/protoio blitiri.com.ar/go/chasquid/internal/protoio/testpb blitiri.com.ar/go/chasquid/internal/queue blitiri.com.ar/go/chasquid/internal/safeio blitiri.com.ar/go/chasquid/internal/set blitiri.com.ar/go/chasquid/internal/smtp blitiri.com.ar/go/chasquid/internal/smtpsrv blitiri.com.ar/go/chasquid/internal/sts blitiri.com.ar/go/chasquid/internal/testlib blitiri.com.ar/go/chasquid/internal/tlsconst blitiri.com.ar/go/chasquid/internal/trace blitiri.com.ar/go/chasquid/internal/userdb
runtime/internal/sys
runtime/internal/atomic
math/bits
internal/cpu
runtime/internal/math
unicode/utf8
internal/race
sync/atomic
unicode
internal/nettrace
internal/bytealg
math
internal/testlog
runtime/cgo
runtime
encoding
unicode/utf16
container/list
crypto/internal/subtle
crypto/subtle
vendor/golang.org/x/crypto/cryptobyte/asn1
vendor/golang.org/x/crypto/internal/subtle
vendor/golang.org/x/crypto/curve25519
blitiri.com.ar/go/chasquid/internal/set
sync
internal/reflectlite
internal/singleflight
math/rand
sort
errors
strconv
io
internal/oserror
vendor/golang.org/x/net/dns/dnsmessage
syscall
strings
reflect
bytes
path
html
bufio
hash
hash/crc32
crypto
time
internal/syscall/unix
crypto/internal/randutil
crypto/hmac
crypto/rc4
vendor/golang.org/x/crypto/hkdf
vendor/golang.org/x/text/transform
text/tabwriter
golang.org/x/text/transform
golang.org/x/text/internal/tag
golang.org/x/crypto/pbkdf2
regexp/syntax
golang.org/x/text/runes
internal/poll
context
internal/fmtsort
encoding/binary
golang.org/x/text/width
os
encoding/base64
crypto/cipher
crypto/sha512
crypto/ed25519/internal/edwards25519
crypto/md5
crypto/aes
fmt
net
path/filepath
crypto/des
io/ioutil
crypto/sha1
blitiri.com.ar/go/chasquid/internal/safeio
crypto/sha256
flag
log
encoding/json
net/url
golang.org/x/net/internal/timeseries
text/template/parse
compress/flate
compress/gzip
text/template
math/big
github.com/golang/protobuf/proto
html/template
encoding/hex
crypto/rand
crypto/elliptic
encoding/asn1
crypto/ed25519
crypto/ecdsa
crypto/rsa
crypto/dsa
blitiri.com.ar/go/chasquid/internal/protoio
crypto/x509/pkix
encoding/pem
vendor/golang.org/x/crypto/cryptobyte
vendor/golang.org/x/crypto/internal/chacha20
vendor/golang.org/x/crypto/poly1305
vendor/golang.org/x/sys/cpu
vendor/golang.org/x/text/unicode/bidi
vendor/golang.org/x/text/unicode/norm
vendor/golang.org/x/crypto/chacha20poly1305
vendor/golang.org/x/text/secure/bidirule
vendor/golang.org/x/net/http2/hpack
mime
mime/quotedprintable
net/http/internal
vendor/golang.org/x/net/idna
blitiri.com.ar/go/chasquid/internal/envelope
golang.org/x/text/unicode/bidi
golang.org/x/text/unicode/norm
golang.org/x/text/secure/bidirule
os/exec
golang.org/x/text/internal/language
github.com/golang/protobuf/ptypes/any
github.com/golang/protobuf/ptypes/duration
github.com/golang/protobuf/ptypes/timestamp
github.com/golang/protobuf/ptypes
golang.org/x/net/idna
blitiri.com.ar/go/chasquid/internal/tlsconst
golang.org/x/text/internal/language/compact
golang.org/x/crypto/scrypt
log/syslog
crypto/x509
net/textproto
blitiri.com.ar/go/log
vendor/golang.org/x/net/http/httpproxy
blitiri.com.ar/go/chasquid/internal/config
vendor/golang.org/x/net/http/httpguts
mime/multipart
blitiri.com.ar/go/chasquid/internal/dovecot
golang.org/x/text/language
net/mail
regexp
blitiri.com.ar/go/systemd
runtime/pprof
golang.org/x/text/internal
crypto/tls
golang.org/x/text/cases
blitiri.com.ar/go/spf
runtime/trace
github.com/docopt/docopt-go
golang.org/x/sys/unix
golang.org/x/text/secure/precis
blitiri.com.ar/go/chasquid/cmd/mda-lmtp
blitiri.com.ar/go/chasquid/internal/normalize
blitiri.com.ar/go/chasquid/internal/auth
blitiri.com.ar/go/chasquid/internal/userdb
blitiri.com.ar/go/chasquid/internal/protoio/testpb
runtime/debug
testing
golang.org/x/crypto/ssh/terminal
net/http/httptrace
net/http
net/smtp
blitiri.com.ar/go/chasquid/internal/testlib
blitiri.com.ar/go/chasquid/internal/smtp
golang.org/x/net/context/ctxhttp
expvar
net/http/pprof
golang.org/x/net/trace
blitiri.com.ar/go/chasquid/internal/trace
blitiri.com.ar/go/chasquid/internal/domaininfo
blitiri.com.ar/go/chasquid/internal/maillog
blitiri.com.ar/go/chasquid/internal/sts
blitiri.com.ar/go/chasquid/internal/aliases
blitiri.com.ar/go/chasquid/cmd/chasquid-util
blitiri.com.ar/go/chasquid/internal/courier
blitiri.com.ar/go/chasquid/cmd/smtp-check
blitiri.com.ar/go/chasquid/internal/queue
blitiri.com.ar/go/chasquid/internal/smtpsrv
blitiri.com.ar/go/chasquid
make[1]: Leaving directory '/<<PKGBUILDDIR>>'
   dh_auto_test -O--buildsystem=golang
	cd obj-x86_64-linux-gnu && go test -vet=off -v -p 4 blitiri.com.ar/go/chasquid blitiri.com.ar/go/chasquid/cmd/chasquid-util blitiri.com.ar/go/chasquid/cmd/mda-lmtp blitiri.com.ar/go/chasquid/cmd/smtp-check blitiri.com.ar/go/chasquid/internal/aliases blitiri.com.ar/go/chasquid/internal/auth blitiri.com.ar/go/chasquid/internal/config blitiri.com.ar/go/chasquid/internal/courier blitiri.com.ar/go/chasquid/internal/domaininfo blitiri.com.ar/go/chasquid/internal/dovecot blitiri.com.ar/go/chasquid/internal/envelope blitiri.com.ar/go/chasquid/internal/maillog blitiri.com.ar/go/chasquid/internal/normalize blitiri.com.ar/go/chasquid/internal/protoio blitiri.com.ar/go/chasquid/internal/protoio/testpb blitiri.com.ar/go/chasquid/internal/queue blitiri.com.ar/go/chasquid/internal/safeio blitiri.com.ar/go/chasquid/internal/set blitiri.com.ar/go/chasquid/internal/smtp blitiri.com.ar/go/chasquid/internal/smtpsrv blitiri.com.ar/go/chasquid/internal/sts blitiri.com.ar/go/chasquid/internal/testlib blitiri.com.ar/go/chasquid/internal/tlsconst blitiri.com.ar/go/chasquid/internal/trace blitiri.com.ar/go/chasquid/internal/userdb
?   	blitiri.com.ar/go/chasquid	[no test files]
?   	blitiri.com.ar/go/chasquid/cmd/chasquid-util	[no test files]
?   	blitiri.com.ar/go/chasquid/cmd/mda-lmtp	[no test files]
?   	blitiri.com.ar/go/chasquid/cmd/smtp-check	[no test files]
=== RUN   TestBasic
--- PASS: TestBasic (0.00s)
=== RUN   TestAddrRewrite
--- PASS: TestAddrRewrite (0.00s)
=== RUN   TestExistsRewrite
--- PASS: TestExistsRewrite (0.00s)
=== RUN   TestTooMuchRecursion
--- PASS: TestTooMuchRecursion (0.00s)
=== RUN   TestAddFile
--- PASS: TestAddFile (0.00s)
=== RUN   TestRichFile
--- PASS: TestRichFile (0.00s)
=== RUN   TestManyFiles
--- PASS: TestManyFiles (0.00s)
PASS
ok  	blitiri.com.ar/go/chasquid/internal/aliases	0.048s
=== RUN   TestDecodeResponse
--- PASS: TestDecodeResponse (0.00s)
    auth_test.go:54: OK: "" failed with response pieces != 3, as per RFC
    auth_test.go:54: OK: "\x00" failed with response pieces != 3, as per RFC
    auth_test.go:54: OK: "\x00\x00" failed with empty identity, must be in the form user@domain
    auth_test.go:54: OK: "\x00\x00\x00" failed with empty identity, must be in the form user@domain
    auth_test.go:54: OK: "\x00\x00\x00\x00" failed with empty identity, must be in the form user@domain
    auth_test.go:54: OK: "a\x00b" failed with response pieces != 3, as per RFC
    auth_test.go:54: OK: "a\x00b\x00c" failed with auth IDs do not match
    auth_test.go:54: OK: "a@a\x00b@b\x00pass" failed with auth IDs do not match
    auth_test.go:54: OK: "a\x00a\x00pass" failed with identity must be in the form user@domain
    auth_test.go:54: OK: "\xffa@b\x00\xffa@b\x00pass" failed with bidirule: failed Bidi Rule
=== RUN   TestAuthenticate
--- PASS: TestAuthenticate (0.75s)
=== RUN   TestInterfaces
--- PASS: TestInterfaces (0.00s)
=== RUN   TestMultipleBackends
--- PASS: TestMultipleBackends (0.18s)
=== RUN   TestErrors
--- PASS: TestErrors (0.00s)
=== RUN   TestReload
--- PASS: TestReload (0.00s)
PASS
ok  	blitiri.com.ar/go/chasquid/internal/auth	0.939s
=== RUN   TestEmptyConfig
--- PASS: TestEmptyConfig (0.00s)
    testlib.go:26: test directory: "/tmp/testlib_200749274"
=== RUN   TestFullConfig
--- PASS: TestFullConfig (0.00s)
    testlib.go:26: test directory: "/tmp/testlib_448612977"
=== RUN   TestErrorLoading
--- PASS: TestErrorLoading (0.00s)
=== RUN   TestBrokenConfig
--- PASS: TestBrokenConfig (0.00s)
    testlib.go:26: test directory: "/tmp/testlib_220395292"
PASS
ok  	blitiri.com.ar/go/chasquid/internal/config	0.041s
=== RUN   TestProcmail
--- PASS: TestProcmail (0.01s)
    testlib.go:26: test directory: "/tmp/testlib_912559631"
=== RUN   TestProcmailTimeout
_ procmail.go:68     Courier.Procmail to@local: error: operation timed out
--- PASS: TestProcmailTimeout (0.10s)
=== RUN   TestProcmailBadCommandLine
_ procmail.go:81     Courier.Procmail to: error: procmail failed: exec: \"thisdoesnotexist\": executable file not found in $PATH - \"\"
_ procmail.go:81     Courier.Procmail to: error: procmail failed: exit status 1 - \"cat: unrecognized option '--fail_unknown_option'\\nTry 'cat --help' for more information.\\n\"
--- PASS: TestProcmailBadCommandLine (0.02s)
=== RUN   TestExitCode
--- SKIP: TestExitCode (0.00s)
    procmail_test.go:72: util/exitcode not found, running from outside repo?
=== RUN   TestSanitize
--- PASS: TestSanitize (0.00s)
=== RUN   TestSMTP
_ smtp.go:138        Courier.SMTP to@to: error: Could not dial: dial tcp: address ::::35275: too many colons in address
_ smtp.go:107        Courier.SMTP to@to: error: \":::\" returned transient error: Could not dial: dial tcp: address ::::35275: too many colons in address
--- PASS: TestSMTP (0.00s)
    testlib.go:26: test directory: "/tmp/testlib_559455266"
    smtp_test.go:62: fakeServer got connection
    smtp_test.go:73: fakeServer read: "EHLO me"
    smtp_test.go:73: fakeServer read: "MAIL FROM:<me@me>"
    smtp_test.go:73: fakeServer read: "RCPT TO:<to@to>"
    smtp_test.go:73: fakeServer read: "DATA"
    smtp_test.go:73: fakeServer read: "QUIT"
    smtp_test.go:69: fakeServer exiting: EOF
=== RUN   TestSMTPErrors
_ smtp.go:149        Courier.SMTP to@to: error: Error saying hello: write tcp 127.0.0.1:57732->127.0.0.1:34915: i/o timeout
_ smtp.go:107        Courier.SMTP to@to: error: \"127.0.0.1\" returned transient error: Error saying hello: write tcp 127.0.0.1:57732->127.0.0.1:34915: i/o timeout
_ smtp.go:111        Courier.SMTP to@to: error: all MXs returned transient failures (last: Error saying hello: write tcp 127.0.0.1:57732->127.0.0.1:34915: i/o timeout)
_ smtp.go:206        Courier.SMTP to@to: error: MAIL+RCPT 501 mail error
_ smtp.go:206        Courier.SMTP to@to: error: MAIL+RCPT 501 rcpt error
_ smtp.go:211        Courier.SMTP to@to: error: DATA 554 data error
_ smtp.go:220        Courier.SMTP to@to: error: DATA closing 551 data response error
--- PASS: TestSMTPErrors (1.01s)
    testlib.go:26: test directory: "/tmp/testlib_183318948"
    smtp_test.go:62: fakeServer got connection
    smtp_test.go:69: fakeServer exiting: EOF
    smtp_test.go:188: failed as expected: all MXs returned transient failures (last: Error saying hello: write tcp 127.0.0.1:57732->127.0.0.1:34915: i/o timeout)
    testlib.go:26: test directory: "/tmp/testlib_408313523"
    smtp_test.go:62: fakeServer got connection
    smtp_test.go:73: fakeServer read: "EHLO me"
    smtp_test.go:73: fakeServer read: "MAIL FROM:<me@me>"
    smtp_test.go:188: failed as expected: MAIL+RCPT 501 mail error
    smtp_test.go:69: fakeServer exiting: EOF
    testlib.go:26: test directory: "/tmp/testlib_883260253"
    smtp_test.go:62: fakeServer got connection
    smtp_test.go:73: fakeServer read: "EHLO me"
    smtp_test.go:73: fakeServer read: "MAIL FROM:<me@me>"
    smtp_test.go:73: fakeServer read: "RCPT TO:<to@to>"
    smtp_test.go:188: failed as expected: MAIL+RCPT 501 rcpt error
    smtp_test.go:69: fakeServer exiting: EOF
    testlib.go:26: test directory: "/tmp/testlib_734706071"
    smtp_test.go:62: fakeServer got connection
    smtp_test.go:73: fakeServer read: "EHLO me"
    smtp_test.go:73: fakeServer read: "MAIL FROM:<me@me>"
    smtp_test.go:73: fakeServer read: "RCPT TO:<to@to>"
    smtp_test.go:73: fakeServer read: "DATA"
    smtp_test.go:188: failed as expected: DATA 554 data error
    smtp_test.go:79: fakeServer exiting: unexpected EOF
    testlib.go:26: test directory: "/tmp/testlib_887026145"
    smtp_test.go:62: fakeServer got connection
    smtp_test.go:73: fakeServer read: "EHLO me"
    smtp_test.go:73: fakeServer read: "MAIL FROM:<me@me>"
    smtp_test.go:73: fakeServer read: "RCPT TO:<to@to>"
    smtp_test.go:73: fakeServer read: "DATA"
    smtp_test.go:188: failed as expected: DATA closing 551 data response error
    smtp_test.go:69: fakeServer exiting: EOF
=== RUN   TestNoMXServer
_ smtp.go:77         Courier.SMTP to@to: error: Could not find mail server: <nil>
--- PASS: TestNoMXServer (0.00s)
    testlib.go:26: test directory: "/tmp/testlib_839379131"
    smtp_test.go:206: got permanent failure, as expected: Could not find mail server: <nil>
=== RUN   TestTooManyMX
--- PASS: TestTooManyMX (0.00s)
=== RUN   TestFallbackToA
--- PASS: TestFallbackToA (0.00s)
=== RUN   TestTemporaryDNSerror
--- PASS: TestTemporaryDNSerror (0.00s)
=== RUN   TestMXLookupError
--- PASS: TestMXLookupError (0.00s)
=== RUN   TestLookupInvalidDomain
--- PASS: TestLookupInvalidDomain (0.00s)
PASS
ok  	blitiri.com.ar/go/chasquid/internal/courier	1.175s
=== RUN   TestBasic
_ domaininfo.go:107  DomainInfo /tmp/testlib_751365964: d1 incoming level raised: TLS_SECURE > PLAIN
_ domaininfo.go:99   DomainInfo /tmp/testlib_751365964: error: d1 incoming denied: TLS_INSECURE < TLS_SECURE
_ domaininfo.go:99   DomainInfo /tmp/testlib_751365964: error: d1 incoming denied: TLS_INSECURE < TLS_SECURE
--- PASS: TestBasic (0.00s)
    testlib.go:26: test directory: "/tmp/testlib_751365964"
=== RUN   TestNewDomain
_ domaininfo.go:107  DomainInfo /tmp/testlib_972347429: insecure incoming level raised: TLS_INSECURE > PLAIN
_ domaininfo.go:139  DomainInfo /tmp/testlib_972347429: insecure outgoing level raised: TLS_INSECURE > PLAIN
_ domaininfo.go:107  DomainInfo /tmp/testlib_972347429: secure incoming level raised: TLS_SECURE > PLAIN
_ domaininfo.go:139  DomainInfo /tmp/testlib_972347429: secure outgoing level raised: TLS_SECURE > PLAIN
--- PASS: TestNewDomain (0.00s)
    testlib.go:26: test directory: "/tmp/testlib_972347429"
=== RUN   TestProgressions
_ domaininfo.go:107  DomainInfo /tmp/testlib_549456195: pisis incoming level raised: TLS_INSECURE > PLAIN
_ domaininfo.go:139  DomainInfo /tmp/testlib_549456195: pisis outgoing level raised: TLS_INSECURE > PLAIN
_ domaininfo.go:107  DomainInfo /tmp/testlib_549456195: pisis incoming level raised: TLS_SECURE > TLS_INSECURE
_ domaininfo.go:139  DomainInfo /tmp/testlib_549456195: pisis outgoing level raised: TLS_SECURE > TLS_INSECURE
_ domaininfo.go:99   DomainInfo /tmp/testlib_549456195: error: pisis incoming denied: TLS_INSECURE < TLS_SECURE
_ domaininfo.go:131  DomainInfo /tmp/testlib_549456195: error: pisis outgoing denied: TLS_INSECURE < TLS_SECURE
_ domaininfo.go:107  DomainInfo /tmp/testlib_549456195: ssip incoming level raised: TLS_SECURE > PLAIN
_ domaininfo.go:139  DomainInfo /tmp/testlib_549456195: ssip outgoing level raised: TLS_SECURE > PLAIN
_ domaininfo.go:99   DomainInfo /tmp/testlib_549456195: error: ssip incoming denied: TLS_INSECURE < TLS_SECURE
_ domaininfo.go:131  DomainInfo /tmp/testlib_549456195: error: ssip outgoing denied: TLS_INSECURE < TLS_SECURE
_ domaininfo.go:99   DomainInfo /tmp/testlib_549456195: error: ssip incoming denied: PLAIN < TLS_SECURE
_ domaininfo.go:131  DomainInfo /tmp/testlib_549456195: error: ssip outgoing denied: PLAIN < TLS_SECURE
--- PASS: TestProgressions (0.00s)
    testlib.go:26: test directory: "/tmp/testlib_549456195"
=== RUN   TestErrors
_ domaininfo.go:107  DomainInfo /tmp/testlib_259363147: d1 incoming level raised: TLS_SECURE > PLAIN
--- PASS: TestErrors (0.00s)
    testlib.go:26: test directory: "/tmp/testlib_259363147"
PASS
ok  	blitiri.com.ar/go/chasquid/internal/domaininfo	0.038s
=== RUN   TestUsernameNotSafe
--- PASS: TestUsernameNotSafe (0.00s)
=== RUN   TestAutodetect
--- PASS: TestAutodetect (0.00s)
    testlib.go:26: test directory: "/tmp/testlib_542163146"
=== RUN   TestReload
--- PASS: TestReload (0.00s)
=== RUN   TestNotASocket
--- PASS: TestNotASocket (0.00s)
PASS
ok  	blitiri.com.ar/go/chasquid/internal/dovecot	0.044s
=== RUN   TestSplit
--- PASS: TestSplit (0.00s)
=== RUN   TestDomainIn
--- PASS: TestDomainIn (0.00s)
=== RUN   TestAddHeader
--- PASS: TestAddHeader (0.00s)
PASS
ok  	blitiri.com.ar/go/chasquid/internal/envelope	0.036s
=== RUN   TestLogger
--- PASS: TestLogger (0.00s)
=== RUN   TestDefault
--- PASS: TestDefault (0.00s)
=== RUN   TestFailedLogger
--- PASS: TestFailedLogger (0.00s)
PASS
ok  	blitiri.com.ar/go/chasquid/internal/maillog	0.041s
=== RUN   TestUser
--- PASS: TestUser (0.00s)
=== RUN   TestDomain
--- PASS: TestDomain (0.00s)
=== RUN   TestAddr
--- PASS: TestAddr (0.00s)
=== RUN   TestDomainToUnicode
--- PASS: TestDomainToUnicode (0.00s)
PASS
ok  	blitiri.com.ar/go/chasquid/internal/normalize	0.031s
=== RUN   TestBin
--- PASS: TestBin (0.00s)
    testlib.go:26: test directory: "/tmp/testlib_088733259"
=== RUN   TestText
--- PASS: TestText (0.00s)
    testlib.go:26: test directory: "/tmp/testlib_144936117"
=== RUN   TestStore
--- PASS: TestStore (0.00s)
    testlib.go:26: test directory: "/tmp/testlib_938718895"
=== RUN   TestFileErrors
--- PASS: TestFileErrors (0.00s)
    testlib.go:26: test directory: "/tmp/testlib_783576249"
PASS
ok  	blitiri.com.ar/go/chasquid/internal/protoio	0.042s
?   	blitiri.com.ar/go/chasquid/internal/protoio/testpb	[no test files]
=== RUN   TestDSN
--- PASS: TestDSN (0.00s)
    dsn_test.go:49: From: Mail Delivery System <postmaster-dsn@dsnDomain>
        To: <from@from.org>
        Subject: Mail delivery failed: returning message to sender
        Message-ID: <chasquid-dsn-mX6mMPvLMWQ@dsnDomain>
        Date: Mon, 24 Feb 2020 23:54:41 +0000
        In-Reply-To: <msgid-123@zaraza>
        References: <msgid-123@zaraza>
        X-Failed-Recipients: pepe@africa.org, √±aca@africa.org, 
        Auto-Submitted: auto-replied
        MIME-Version: 1.0
        Content-Type: multipart/report; report-type=delivery-status;
            boundary="C0v52t-YHWM"
        
        
        --C0v52t-YHWM
        Content-Type: text/plain; charset="utf-8"
        Content-Disposition: inline
        Content-Description: Notification
        Content-Transfer-Encoding: 8bit
        
        Delivery of your message to the following recipient(s) failed permanently:
        
          - pepe@africa.org
          - √±aca@africa.org
        
        
        Technical details:
        - "poe@rcpt" (EMAIL) failed permanently with error:
            oh! horror!
        - "muchos@rcpt" (EMAIL) failed permanently with error:
            550 5.7.1 [11:22:33:44::1] Our system has detected that this
            5.7.1 message is likely unsolicited mail. To reduce the amount of spam sent
            5.7.1 to BlahMail, this message has been blocked. Please visit
            5.7.1  https://support.blah/mail/?p=UnsolicitedMessageError
            5.7.1  for more information. a1b2c3a1b2c3a1b.123 - bsmtp
        - "newman@rcpt" (EMAIL) failed repeatedly and timed out, last error:
            oh! the humanity!
        
        
        --C0v52t-YHWM
        Content-Type: message/global-delivery-status
        Content-Description: Delivery Report
        Content-Transfer-Encoding: 8bit
        
        Reporting-MTA: dns; dsnDomain
        
        Original-Recipient: utf-8; √±aca@africa.org
        Final-Recipient: utf-8; poe@rcpt
        Action: failed
        Status: 5.0.0
        Diagnostic-Code: smtp; oh! horror!
        
        Original-Recipient: utf-8; pepe@africa.org
        Final-Recipient: utf-8; muchos@rcpt
        Action: failed
        Status: 5.0.0
        Diagnostic-Code: smtp; 550 5.7.1 [11:22:33:44::1] Our system has detected that this
            5.7.1 message is likely unsolicited mail. To reduce the amount of spam sent
            5.7.1 to BlahMail, this message has been blocked. Please visit
            5.7.1  https://support.blah/mail/?p=UnsolicitedMessageError
            5.7.1  for more information. a1b2c3a1b2c3a1b.123 - bsmtp
        
        Original-Recipient: utf-8; √±aca@africa.org
        Final-Recipient: utf-8; newman@rcpt
        Action: failed
        Status: 4.0.0
        Diagnostic-Code: smtp; oh! the humanity!
        
        
        
        --C0v52t-YHWM
        Content-Type: message/rfc822
        Content-Description: Undelivered Message
        Content-Transfer-Encoding: 8bit
        
        Message-ID: <msgid-123@zaraza>
        
        Data √±aca.
        
        
        --C0v52t-YHWM--
        
=== RUN   TestBasic
_ queue.go:304       Queue.SendLoop uPTNApBwfmo: from from
_ queue.go:363       Queue.SendLoop uPTNApBwfmo: nodomain sent
_ queue.go:363       Queue.SendLoop uPTNApBwfmo: am@loco sent
_ queue.go:363       Queue.SendLoop uPTNApBwfmo: x@remote sent
_ queue.go:338       Queue.SendLoop uPTNApBwfmo: all done
--- PASS: TestBasic (0.00s)
    testlib.go:26: test directory: "/tmp/testlib_994898156"
=== RUN   TestDSNOnTimeout
_ queue.go:304       Queue.SendLoop Vi9ADmayRrc: from from@loco
_ queue.go:461       Queue.SendLoop Vi9ADmayRrc: queued DSN: jFT_FFfsotA
_ queue.go:338       Queue.SendLoop Vi9ADmayRrc: all done
_ queue.go:304       Queue.SendLoop jFT_FFfsotA: from <>
_ queue.go:363       Queue.SendLoop jFT_FFfsotA: from@loco sent
_ queue.go:338       Queue.SendLoop jFT_FFfsotA: all done
--- PASS: TestDSNOnTimeout (0.00s)
    testlib.go:26: test directory: "/tmp/testlib_474362047"
=== RUN   TestAliases
_ queue.go:304       Queue.SendLoop -ghy9dfCCB4: from from
_ queue.go:363       Queue.SendLoop -ghy9dfCCB4: ata@hualpa sent
_ queue.go:363       Queue.SendLoop -ghy9dfCCB4: pq@loco sent
_ queue.go:363       Queue.SendLoop -ghy9dfCCB4: rs@loco sent
_ queue.go:338       Queue.SendLoop -ghy9dfCCB4: all done
--- PASS: TestAliases (0.01s)
    testlib.go:26: test directory: "/tmp/testlib_161477219"
=== RUN   TestFullQueue
--- PASS: TestFullQueue (0.00s)
    testlib.go:26: test directory: "/tmp/testlib_355463418"
=== RUN   TestPipes
_ queue.go:304       Queue.SendLoop TewxJ84Mifw: from from
_ queue.go:363       Queue.SendLoop TewxJ84Mifw: to sent
_ queue.go:371       Queue.SendLoop TewxJ84Mifw: error: failed to write: open /tmp/testlib_355463418/.m:TewxJ84Mifw486070990: no such file or directory
_ queue.go:338       Queue.SendLoop TewxJ84Mifw: all done
E queue.go:222       failed to remove queue file "/tmp/testlib_355463418/m:TewxJ84Mifw": remove /tmp/testlib_355463418/m:TewxJ84Mifw: no such file or directory
--- PASS: TestPipes (0.01s)
    testlib.go:26: test directory: "/tmp/testlib_824516203"
=== RUN   TestNextDelay
--- PASS: TestNextDelay (0.00s)
=== RUN   TestSerialization
_ queue.go:304       Queue.SendLoop cZ9zpIzFnZI: from from@loco
_ queue.go:363       Queue.SendLoop cZ9zpIzFnZI: to@to sent
_ queue.go:338       Queue.SendLoop cZ9zpIzFnZI: all done
--- PASS: TestSerialization (0.00s)
    testlib.go:26: test directory: "/tmp/testlib_813748693"
PASS
ok  	blitiri.com.ar/go/chasquid/internal/queue	0.085s
=== RUN   TestWriteFile
--- PASS: TestWriteFile (0.00s)
    testlib.go:26: test directory: "/tmp/testlib_759817712"
=== RUN   TestWriteFileWithOp
--- PASS: TestWriteFileWithOp (0.00s)
    testlib.go:26: test directory: "/tmp/testlib_129141284"
=== RUN   TestWriteFileWithFailingOp
--- PASS: TestWriteFileWithFailingOp (0.00s)
    testlib.go:26: test directory: "/tmp/testlib_189211382"
PASS
ok  	blitiri.com.ar/go/chasquid/internal/safeio	0.037s
=== RUN   TestString
--- PASS: TestString (0.00s)
PASS
ok  	blitiri.com.ar/go/chasquid/internal/set	0.038s
=== RUN   TestIsPermanent
--- PASS: TestIsPermanent (0.00s)
=== RUN   TestIsASCII
--- PASS: TestIsASCII (0.00s)
=== RUN   TestBasic
--- PASS: TestBasic (0.00s)
=== RUN   TestSMTPUTF8
--- PASS: TestSMTPUTF8 (0.00s)
=== RUN   TestSMTPUTF8NotSupported
--- PASS: TestSMTPUTF8NotSupported (0.00s)
=== RUN   TestFallbackToIDNA
--- PASS: TestFallbackToIDNA (0.00s)
=== RUN   TestLineTooLong
--- PASS: TestLineTooLong (0.04s)
PASS
ok  	blitiri.com.ar/go/chasquid/internal/smtp	0.050s
_ server.go:212      Server listening on 127.0.0.1:34407 (submission+TLS)
2020-02-24 23:54:41.979761  daemon listening on 127.0.0.1:34407
_ server.go:212      Server listening on 127.0.0.1:32971 (SMTP)
2020-02-24 23:54:41.979826  daemon listening on 127.0.0.1:32971
_ server.go:212      Server listening on 127.0.0.1:33067 (submission)
2020-02-24 23:54:41.979853  daemon listening on 127.0.0.1:33067
_ conn.go:283        SMTP.Conn 127.0.0.1:41694: error: exiting with error: EOF
_ conn.go:283        SMTP.Conn 127.0.0.1:55670: error: exiting with error: EOF
=== RUN   TestSecLevel
_ domaininfo.go:107  DomainInfo /tmp/testlib_109355294: slc incoming level raised: TLS_CLIENT > PLAIN
_ domaininfo.go:99   DomainInfo /tmp/testlib_109355294: error: slc incoming denied: PLAIN < TLS_CLIENT
_ conn.go:488        testconn testconn: error: security level check for slc failed (PLAIN)
_ conn.go:283        SMTP.Conn 127.0.0.1:58562: error: exiting with error: EOF
--- PASS: TestSecLevel (0.00s)
    testlib.go:26: test directory: "/tmp/testlib_109355294"
=== RUN   TestIsHeader
--- PASS: TestIsHeader (0.00s)
=== RUN   TestReadUntilDot
--- PASS: TestReadUntilDot (0.00s)
    conn_test.go:105: testing ""
    conn_test.go:105: testing "."
    conn_test.go:105: testing ".."
    conn_test.go:105: testing ".\r\n"
    conn_test.go:105: testing "\r\n."
    conn_test.go:105: testing "\r\n.\r\n"
    conn_test.go:105: testing ".\n"
    conn_test.go:105: testing "\n."
    conn_test.go:105: testing "\n.\n"
    conn_test.go:105: testing ".\r"
    conn_test.go:105: testing "\r."
    conn_test.go:105: testing "\r.\r"
    conn_test.go:105: testing "12345678901234567890\r\n.\r\n"
    conn_test.go:105: testing "123456789012345678901234\r\n.\r\n"
    conn_test.go:105: testing "1234567890123456789012345678901234567890\r\n.\r\n"
    conn_test.go:105: testing "123456789012345678901234567890123456789012345678901234567890\r\n.\r\n"
    conn_test.go:105: testing "12345678901234567890.12345678901234567890\n."
    conn_test.go:105: testing "12345678901234567890.\n12345678901234567890\n."
    conn_test.go:126: testing ".\na"
    conn_test.go:126: testing "\n.\na"
    conn_test.go:126: testing "\n.\nabc"
    conn_test.go:126: testing "\n.\n12345678"
    conn_test.go:126: testing "\n.\n12345678901234567890"
    conn_test.go:126: testing "\n.\n1234567890123456789012345678901234567890"
    conn_test.go:126: testing "\n.\n.\n"
=== RUN   TestAddrLiteral
--- PASS: TestAddrLiteral (0.00s)
=== RUN   TestSimple
_ conn.go:632        SMTP.Conn 127.0.0.1:41700: Queued from from@from to [to@localhost] - xCHS8FOb62Y
2020-02-24 23:54:42.082220  xCHS8FOb62Y from=from@from queued ip=127.0.0.1:41700 to=[to@localhost]
_ queue.go:304       Queue.SendLoop xCHS8FOb62Y: from from@from
_ queue.go:363       Queue.SendLoop xCHS8FOb62Y: testuser@localhost sent
2020-02-24 23:54:42.082317  xCHS8FOb62Y from=from@from to=testuser@localhost sent
_ queue.go:338       Queue.SendLoop xCHS8FOb62Y: all done
2020-02-24 23:54:42.082460  xCHS8FOb62Y from=from@from all done
--- PASS: TestSimple (0.00s)
=== RUN   TestSimpleTLS
_ conn.go:283        SMTP.Conn 127.0.0.1:41700: error: exiting with error: EOF
_ conn.go:632        SMTP.Conn 127.0.0.1:41702: Queued from from@from to [to@localhost] - JmWlGtKoRkU
2020-02-24 23:54:42.086266  JmWlGtKoRkU from=from@from queued ip=127.0.0.1:41702 to=[to@localhost]
_ queue.go:304       Queue.SendLoop JmWlGtKoRkU: from from@from
_ queue.go:363       Queue.SendLoop JmWlGtKoRkU: testuser@localhost sent
2020-02-24 23:54:42.086785  JmWlGtKoRkU from=from@from to=testuser@localhost sent
_ queue.go:338       Queue.SendLoop JmWlGtKoRkU: all done
2020-02-24 23:54:42.086954  JmWlGtKoRkU from=from@from all done
--- PASS: TestSimpleTLS (0.00s)
=== RUN   TestManyEmails
_ conn.go:283        SMTP.Conn 127.0.0.1:41702: error: exiting with error: EOF
_ conn.go:632        SMTP.Conn 127.0.0.1:41704: Queued from from@from to [to@localhost] - 6LUxT1kF55A
2020-02-24 23:54:42.089623  6LUxT1kF55A from=from@from queued ip=127.0.0.1:41704 to=[to@localhost]
_ queue.go:304       Queue.SendLoop 6LUxT1kF55A: from from@from
_ queue.go:363       Queue.SendLoop 6LUxT1kF55A: testuser@localhost sent
2020-02-24 23:54:42.089693  6LUxT1kF55A from=from@from to=testuser@localhost sent
_ queue.go:338       Queue.SendLoop 6LUxT1kF55A: all done
2020-02-24 23:54:42.089825  6LUxT1kF55A from=from@from all done
_ conn.go:632        SMTP.Conn 127.0.0.1:41704: Queued from from@from to [to@localhost] - 7yQeFbNo8ko
2020-02-24 23:54:42.090248  7yQeFbNo8ko from=from@from queued ip=127.0.0.1:41704 to=[to@localhost]
_ queue.go:304       Queue.SendLoop 7yQeFbNo8ko: from from@from
_ queue.go:363       Queue.SendLoop 7yQeFbNo8ko: testuser@localhost sent
2020-02-24 23:54:42.090314  7yQeFbNo8ko from=from@from to=testuser@localhost sent
_ queue.go:338       Queue.SendLoop 7yQeFbNo8ko: all done
2020-02-24 23:54:42.090439  7yQeFbNo8ko from=from@from all done
_ conn.go:632        SMTP.Conn 127.0.0.1:41704: Queued from from@from to [to@localhost] - 6XT7SQLerjI
2020-02-24 23:54:42.090740  6XT7SQLerjI from=from@from queued ip=127.0.0.1:41704 to=[to@localhost]
_ queue.go:304       Queue.SendLoop 6XT7SQLerjI: from from@from
_ queue.go:363       Queue.SendLoop 6XT7SQLerjI: testuser@localhost sent
2020-02-24 23:54:42.090803  6XT7SQLerjI from=from@from to=testuser@localhost sent
_ queue.go:338       Queue.SendLoop 6XT7SQLerjI: all done
2020-02-24 23:54:42.090928  6XT7SQLerjI from=from@from all done
--- PASS: TestManyEmails (0.00s)
=== RUN   TestAuth
_ conn.go:283        SMTP.Conn 127.0.0.1:41704: error: exiting with error: EOF
2020-02-24 23:54:42.255442  127.0.0.1:55680 auth succeeded for testuser@localhost
_ queue.go:304       Queue.SendLoop 0HpYOvWPNn0: from testuser@localhost
_ queue.go:363       Queue.SendLoop 0HpYOvWPNn0: testuser@localhost sent
2020-02-24 23:54:42.265799  0HpYOvWPNn0 from=testuser@localhost to=testuser@localhost sent
_ queue.go:338       Queue.SendLoop 0HpYOvWPNn0: all done
2020-02-24 23:54:42.265989  0HpYOvWPNn0 from=testuser@localhost all done
_ conn.go:632        SMTP.Conn 127.0.0.1:55680: Queued from testuser@localhost to [to@localhost] - 0HpYOvWPNn0
2020-02-24 23:54:42.266065  0HpYOvWPNn0 from=testuser@localhost queued ip=127.0.0.1:55680 to=[to@localhost]
--- PASS: TestAuth (0.18s)
=== RUN   TestSubmissionWithoutAuth
_ conn.go:264        SMTP.Conn 127.0.0.1:55694: error: MAIL failed: 550  5.7.9 Mail to submission port must be authenticated
--- PASS: TestSubmissionWithoutAuth (0.00s)
=== RUN   TestAuthOnTLS
_ conn.go:283        SMTP.Conn 127.0.0.1:55694: error: exiting with error: EOF
_ conn.go:283        SMTP.Conn 127.0.0.1:55680: error: exiting with error: EOF
2020-02-24 23:54:42.411973  127.0.0.1:58586 auth succeeded for testuser@localhost
_ queue.go:304       Queue.SendLoop M5GoSRfWQI4: from testuser@localhost
_ queue.go:363       Queue.SendLoop M5GoSRfWQI4: testuser@localhost sent
2020-02-24 23:54:42.416019  M5GoSRfWQI4 from=testuser@localhost to=testuser@localhost sent
_ queue.go:338       Queue.SendLoop M5GoSRfWQI4: all done
2020-02-24 23:54:42.416213  M5GoSRfWQI4 from=testuser@localhost all done
_ conn.go:632        SMTP.Conn 127.0.0.1:58586: Queued from testuser@localhost to [to@localhost] - M5GoSRfWQI4
2020-02-24 23:54:42.416339  M5GoSRfWQI4 from=testuser@localhost queued ip=127.0.0.1:58586 to=[to@localhost]
--- PASS: TestAuthOnTLS (0.15s)
=== RUN   TestAuthOnSMTP
_ conn.go:283        SMTP.Conn 127.0.0.1:58586: error: exiting with error: EOF
2020-02-24 23:54:42.519405  127.0.0.1:41724 auth succeeded for testuser@localhost
_ conn.go:632        SMTP.Conn 127.0.0.1:41724: Queued from testuser@localhost to [to@localhost] - eqyM6ebDAuw
_ queue.go:304       Queue.SendLoop eqyM6ebDAuw: from testuser@localhost
_ queue.go:363       Queue.SendLoop eqyM6ebDAuw: testuser@localhost sent
2020-02-24 23:54:42.520051  eqyM6ebDAuw from=testuser@localhost to=testuser@localhost sent
_ queue.go:338       Queue.SendLoop eqyM6ebDAuw: all done
2020-02-24 23:54:42.520221  eqyM6ebDAuw from=testuser@localhost all done
2020-02-24 23:54:42.520264  eqyM6ebDAuw from=testuser@localhost queued ip=127.0.0.1:41724 to=[to@localhost]
--- PASS: TestAuthOnSMTP (0.10s)
=== RUN   TestWrongMailParsing
_ conn.go:264        SMTP.Conn 127.0.0.1:41726: error: MAIL failed: 501  5.1.7 Sender address malformed
_ conn.go:264        SMTP.Conn 127.0.0.1:41726: error: MAIL failed: 501  5.1.7 Sender address malformed
_ conn.go:264        SMTP.Conn 127.0.0.1:41726: error: MAIL failed: 501  5.1.7 Sender address malformed
_ conn.go:264        SMTP.Conn 127.0.0.1:41726: error: MAIL failed: 501  5.1.7 Sender address malformed
_ conn.go:264        SMTP.Conn 127.0.0.1:41726: error: MAIL failed: 501  5.1.7 Sender address malformed
_ conn.go:264        SMTP.Conn 127.0.0.1:41726: error: MAIL failed: 501  5.1.7 Sender address malformed
_ conn.go:264        SMTP.Conn 127.0.0.1:41726: error: RCPT failed: 501  5.1.3 Malformed destination address
_ conn.go:264        SMTP.Conn 127.0.0.1:41726: error: RCPT failed: 501  5.1.3 Malformed destination address
_ conn.go:264        SMTP.Conn 127.0.0.1:41726: error: RCPT failed: 501  5.1.3 Malformed destination address
_ conn.go:264        SMTP.Conn 127.0.0.1:41726: error: RCPT failed: 501  5.1.3 Malformed destination address
_ conn.go:264        SMTP.Conn 127.0.0.1:41726: error: RCPT failed: 501  5.1.3 Malformed destination address
_ conn.go:269        SMTP.Conn 127.0.0.1:41726: error: too many errors, breaking connection
--- PASS: TestWrongMailParsing (0.00s)
=== RUN   TestNullMailFrom
--- PASS: TestNullMailFrom (0.00s)
=== RUN   TestRcptBeforeMail
_ conn.go:283        SMTP.Conn 127.0.0.1:41728: error: exiting with error: EOF
_ conn.go:264        SMTP.Conn 127.0.0.1:41730: error: RCPT failed: 503  5.5.1 Sender not yet given
--- PASS: TestRcptBeforeMail (0.00s)
=== RUN   TestRcptOption
_ conn.go:283        SMTP.Conn 127.0.0.1:41730: error: exiting with error: EOF
_ conn.go:283        SMTP.Conn 127.0.0.1:41732: error: exiting with error: EOF
--- PASS: TestRcptOption (0.00s)
=== RUN   TestRelayForbidden
2020-02-24 23:54:42.524906  127.0.0.1:41734 rejected from=from@somewhere to=[to@somewhere] - relay not allowed
_ conn.go:264        SMTP.Conn 127.0.0.1:41734: error: RCPT failed: 503  5.7.1 Relay not allowed
--- PASS: TestRelayForbidden (0.00s)
=== RUN   TestTooManyRecipients
_ conn.go:283        SMTP.Conn 127.0.0.1:41734: error: exiting with error: EOF
_ conn.go:283        SMTP.Conn 127.0.0.1:41724: error: exiting with error: EOF
2020-02-24 23:54:42.626989  127.0.0.1:55710 auth succeeded for testuser@localhost
_ conn.go:264        SMTP.Conn 127.0.0.1:55710: error: RCPT failed: 452  4.5.3 Too many recipients
--- PASS: TestTooManyRecipients (0.11s)
=== RUN   TestTooMuchData
_ conn.go:283        SMTP.Conn 127.0.0.1:55710: error: exiting with error: EOF
_ conn.go:632        SMTP.Conn 127.0.0.1:41738: Queued from from@from to [to@localhost] - 0caFcUl_f9M
_ queue.go:304       Queue.SendLoop 0caFcUl_f9M: from from@from
_ queue.go:363       Queue.SendLoop 0caFcUl_f9M: testuser@localhost sent
2020-02-24 23:54:42.820857  0caFcUl_f9M from=from@from to=testuser@localhost sent
2020-02-24 23:54:42.829442  0caFcUl_f9M from=from@from queued ip=127.0.0.1:41738 to=[to@localhost]
_ queue.go:338       Queue.SendLoop 0caFcUl_f9M: all done
2020-02-24 23:54:42.949498  0caFcUl_f9M from=from@from all done
_ conn.go:632        SMTP.Conn 127.0.0.1:41738: Queued from from@from to [to@localhost] - u2n4rENvyOg
2020-02-24 23:54:43.036458  u2n4rENvyOg from=from@from queued ip=127.0.0.1:41738 to=[to@localhost]
_ queue.go:304       Queue.SendLoop u2n4rENvyOg: from from@from
_ queue.go:363       Queue.SendLoop u2n4rENvyOg: testuser@localhost sent
2020-02-24 23:54:43.036543  u2n4rENvyOg from=from@from to=testuser@localhost sent
_ queue.go:338       Queue.SendLoop u2n4rENvyOg: all done
2020-02-24 23:54:43.138983  u2n4rENvyOg from=from@from all done
_ conn.go:264        SMTP.Conn 127.0.0.1:41738: error: DATA failed: 552  5.3.4 Message too big
_ conn.go:632        SMTP.Conn 127.0.0.1:41738: Queued from from@from to [to@localhost] - _Oy7uUw2xLk
2020-02-24 23:54:43.381246  _Oy7uUw2xLk from=from@from queued ip=127.0.0.1:41738 to=[to@localhost]
_ queue.go:304       Queue.SendLoop _Oy7uUw2xLk: from from@from
_ queue.go:363       Queue.SendLoop _Oy7uUw2xLk: testuser@localhost sent
2020-02-24 23:54:43.381381  _Oy7uUw2xLk from=from@from to=testuser@localhost sent
--- PASS: TestTooMuchData (0.75s)
_ conn.go:283        SMTP.Conn 127.0.0.1:41738: error: exiting with error: EOF
=== RUN   TestSimpleCommands
_ conn.go:264        SMTP.Conn 127.0.0.1:41740: error: VRFY failed: 502  5.5.1 You have a strange feeling for a moment, then it passes.
_ conn.go:264        SMTP.Conn 127.0.0.1:41740: error: EXPN failed: 502  5.5.1 You feel disoriented for a moment.
--- PASS: TestSimpleCommands (0.02s)
=== RUN   TestLongLines
_ conn.go:283        SMTP.Conn 127.0.0.1:41740: error: exiting with error: EOF
_ conn.go:264        SMTP.Conn 127.0.0.1:41742: error: unknown<> failed: 500  5.5.1 Unknown command
_ conn.go:283        SMTP.Conn 127.0.0.1:41742: error: exiting with error: line too long
--- PASS: TestLongLines (0.00s)
=== RUN   TestReset
--- PASS: TestReset (0.00s)
=== RUN   TestRepeatedStartTLS
_ conn.go:283        SMTP.Conn 127.0.0.1:41744: error: exiting with error: EOF
_ conn.go:264        SMTP.Conn 127.0.0.1:41746: error: STARTTLS failed: 503  5.5.1 You are already wearing that!
--- PASS: TestRepeatedStartTLS (0.00s)
=== RUN   TestStartTLSOnTLS
_ conn.go:264        SMTP.Conn 127.0.0.1:58612: error: STARTTLS failed: 503  5.5.1 You are already wearing that!
_ conn.go:283        SMTP.Conn 127.0.0.1:58612: error: exiting with error: EOF
--- PASS: TestStartTLSOnTLS (0.00s)
PASS
ok  	blitiri.com.ar/go/chasquid/internal/smtpsrv	1.662s
=== RUN   TestParsePolicy
--- PASS: TestParsePolicy (0.00s)
    sts_test.go:90: pol1: &{Version:STSv1 Mode:enforce MXs:[*.mail.example.com] MaxAge:34h17m36s}
=== RUN   TestCheckPolicy
--- PASS: TestCheckPolicy (0.00s)
=== RUN   TestMatchDomain
--- PASS: TestMatchDomain (0.00s)
=== RUN   TestMXIsAllowed
--- PASS: TestMXIsAllowed (0.00s)
=== RUN   TestFetch
--- PASS: TestFetch (0.01s)
    sts_test.go:203: domain.com: &{Version:STSv1 Mode:enforce MXs:[*.mail.domain.com] MaxAge:1h0m0s}
    sts_test.go:210: policy404: got error as expected: HTTP response status code: 404
    sts_test.go:218: version99: got expected error: unknown policy version
    sts_test.go:226: domErr: got expected error: error for testing purposes
=== RUN   TestPolicyTooBig
--- PASS: TestPolicyTooBig (0.02s)
    sts_test.go:242: got error as expected: MTA-STS TXT record missing
=== RUN   TestCacheBasics
--- PASS: TestCacheBasics (0.00s)
    testlib.go:26: test directory: "/tmp/testlib_102501309"
    sts_test.go:277: cache fetched domain.com: &{STSv1 enforce [*.mail.domain.com] 1h0m0s}
    sts_test.go:286: cache fetched domain.com: &{STSv1 enforce [*.mail.domain.com] 1h0m0s}
    sts_test.go:300: cache fetched domain.com: &{STSv1 enforce [*.mail.domain.com] 1h0m0s}
    sts_test.go:309: cache fetched domErr: <nil>
=== RUN   TestCacheBadData
--- PASS: TestCacheBadData (0.00s)
    testlib.go:26: test directory: "/tmp/testlib_993770986"
    sts_test.go:349: cache fetched domain.com: &{STSv1 enforce [*.mail.domain.com] 1h0m0s}
    sts_test.go:363: cache fetched domain.com: &{STSv1 enforce [*.mail.domain.com] 1h0m0s}
    sts_test.go:372: cache fetched domain.com: &{STSv1 enforce [*.mail.domain.com] 1h0m0s}
    sts_test.go:349: cache fetched domain.com: &{STSv1 enforce [*.mail.domain.com] 1h0m0s}
    sts_test.go:363: cache fetched domain.com: &{STSv1 enforce [*.mail.domain.com] 1h0m0s}
    sts_test.go:372: cache fetched domain.com: &{STSv1 enforce [*.mail.domain.com] 1h0m0s}
=== RUN   TestCacheRefresh
--- PASS: TestCacheRefresh (0.01s)
    testlib.go:26: test directory: "/tmp/testlib_159643397"
    sts_test.go:389: Fetch "refresh-test": &{STSv1 enforce [mx] 1m40s}
    sts_test.go:389: Fetch "refresh-test": &{STSv1 enforce [mx] 1m40s}
    sts_test.go:389: Fetch "refresh-test": &{STSv1 enforce [mx] 3m20s}
=== RUN   TestCacheSlashSafe
--- PASS: TestCacheSlashSafe (0.00s)
    testlib.go:26: test directory: "/tmp/testlib_588522706"
    sts_test.go:464: recovered: domain contains slash
=== RUN   TestURLForDomain
--- PASS: TestURLForDomain (0.00s)
=== RUN   TestHasSTSRecord
--- PASS: TestHasSTSRecord (0.00s)
=== RUN   TestHTTPGet
--- PASS: TestHTTPGet (0.00s)
PASS
ok  	blitiri.com.ar/go/chasquid/internal/sts	0.049s
=== RUN   TestBasic
--- PASS: TestBasic (0.00s)
    testlib.go:26: test directory: "/tmp/testlib_250317839"
=== RUN   TestRemoveCheck
--- PASS: TestRemoveCheck (0.00s)
    testlib_test.go:33: recovered: invalid/dangerous directory
=== RUN   TestLeaveDirOnError
--- PASS: TestLeaveDirOnError (0.00s)
=== RUN   TestRewriteSafeguard
--- PASS: TestRewriteSafeguard (0.00s)
    testlib_test.go:60: recovered: invalid/dangerous path
=== RUN   TestRewrite
--- PASS: TestRewrite (0.00s)
    testlib.go:26: test directory: "/tmp/testlib_385595161"
=== RUN   TestGetFreePort
--- PASS: TestGetFreePort (0.00s)
PASS
ok  	blitiri.com.ar/go/chasquid/internal/testlib	0.037s
=== RUN   TestVersionName
--- PASS: TestVersionName (0.00s)
=== RUN   TestCipherSuiteName
--- PASS: TestCipherSuiteName (0.00s)
PASS
ok  	blitiri.com.ar/go/chasquid/internal/tlsconst	0.060s
?   	blitiri.com.ar/go/chasquid/internal/trace	[no test files]
=== RUN   TestEmptyLoad
--- PASS: TestEmptyLoad (0.00s)
    userdb_test.go:38: file: "/tmp/userdb_test953448917"
    userdb_test.go:38: file: "/tmp/userdb_test451494704"
=== RUN   TestWrite
--- PASS: TestWrite (0.80s)
    userdb_test.go:38: file: "/tmp/userdb_test448560335"
=== RUN   TestNew
--- PASS: TestNew (0.16s)
=== RUN   TestInvalidUsername
--- PASS: TestInvalidUsername (0.00s)
    userdb_test.go:38: file: "/tmp/userdb_test691129715"
=== RUN   TestPlainScheme
--- PASS: TestPlainScheme (0.00s)
    userdb_test.go:38: file: "/tmp/userdb_test007498294"
=== RUN   TestReload
--- PASS: TestReload (0.00s)
    userdb_test.go:38: file: "/tmp/userdb_test036692184"
=== RUN   TestRemoveUser
--- PASS: TestRemoveUser (0.08s)
    userdb_test.go:38: file: "/tmp/userdb_test384595543"
=== RUN   TestExists
--- PASS: TestExists (0.09s)
    userdb_test.go:38: file: "/tmp/userdb_test739680202"
PASS
ok  	blitiri.com.ar/go/chasquid/internal/userdb	1.161s
   create-stamp debian/debhelper-build-stamp
   dh_testroot -O--buildsystem=golang
   dh_prep -O--buildsystem=golang
   dh_installdirs -O--buildsystem=golang
   debian/rules override_dh_auto_install
make[1]: Entering directory '/<<PKGBUILDDIR>>'
dh_auto_install -- --no-source
	cd obj-x86_64-linux-gnu && mkdir -p /<<PKGBUILDDIR>>/debian/chasquid/usr
	cd obj-x86_64-linux-gnu && cp -r bin /<<PKGBUILDDIR>>/debian/chasquid/usr
make[1]: Leaving directory '/<<PKGBUILDDIR>>'
   dh_install -O--buildsystem=golang
   debian/rules override_dh_installdocs
make[1]: Entering directory '/<<PKGBUILDDIR>>'
# Some entries in docs/ are symlinks; replace them with copies so
# dh_installdocs doesn't leave dangling links.
cp -r docs/ .tmpdocs/
cp README.md .tmpdocs/
( cd .tmpdocs/; for f in `find . -type l`; do \
	cp --remove-destination `readlink $f` $f; done )
dh_installdocs .tmpdocs/*
rm -r .tmpdocs/
make[1]: Leaving directory '/<<PKGBUILDDIR>>'
   debian/rules override_dh_installchangelogs
make[1]: Entering directory '/<<PKGBUILDDIR>>'
dh_installchangelogs docs/relnotes.md
make[1]: Leaving directory '/<<PKGBUILDDIR>>'
   dh_installman -O--buildsystem=golang
   dh_installinit -O--buildsystem=golang
   debian/rules override_dh_installsystemd
make[1]: Entering directory '/<<PKGBUILDDIR>>'
dh_installsystemd --name chasquid chasquid.service
dh_installsystemd --name chasquid --no-enable chasquid-smtp.socket
dh_installsystemd --name chasquid --no-enable \
            chasquid-submission.socket
dh_installsystemd --name chasquid --no-enable \
            chasquid-submission_tls.socket
make[1]: Leaving directory '/<<PKGBUILDDIR>>'
   dh_installsystemduser -O--buildsystem=golang
   dh_perl -O--buildsystem=golang
   dh_link -O--buildsystem=golang
   dh_strip_nondeterminism -O--buildsystem=golang
   dh_compress -O--buildsystem=golang
   dh_fixperms -O--buildsystem=golang
   dh_missing -O--buildsystem=golang
   dh_strip -O--buildsystem=golang
dh_strip: warning: Could not find the BuildID in debian/chasquid/usr/bin/chasquid-util
dh_strip: warning: Could not find the BuildID in debian/chasquid/usr/bin/chasquid
dh_strip: warning: Could not find the BuildID in debian/chasquid/usr/bin/mda-lmtp
dh_strip: warning: Could not find the BuildID in debian/chasquid/usr/bin/smtp-check
   dh_makeshlibs -O--buildsystem=golang
   dh_shlibdeps -O--buildsystem=golang
   dh_installdeb -O--buildsystem=golang
   dh_golang -O--buildsystem=golang
   dh_gencontrol -O--buildsystem=golang
   dh_md5sums -O--buildsystem=golang
   dh_builddeb -O--buildsystem=golang
dpkg-deb: building package 'chasquid' in '../chasquid_1.2-1_amd64.deb'.
 dpkg-genbuildinfo --build=binary
 dpkg-genchanges --build=binary >../chasquid_1.2-1_amd64.changes
dpkg-genchanges: info: binary-only upload (no source code included)
 dpkg-source --after-build .
dpkg-buildpackage: info: binary-only upload (no source included)
--------------------------------------------------------------------------------
Build finished at 2020-02-24T23:55:04Z

Finished
--------

I: Built successfully

+------------------------------------------------------------------------------+
| Changes                                                                      |
+------------------------------------------------------------------------------+


chasquid_1.2-1_amd64.changes:
-----------------------------

Format: 1.8
Date: Fri, 06 Dec 2019 16:22:59 +0000
Source: chasquid
Binary: chasquid
Architecture: amd64
Version: 1.2-1
Distribution: unstable
Urgency: medium
Maintainer: Debian Go Packaging Team <pkg-go-maintainers@lists.alioth.debian.org>
Changed-By: Alberto Bertogli <albertito@blitiri.com.ar>
Description:
 chasquid   - simple SMTP (email) server written in go
Changes:
 chasquid (1.2-1) unstable; urgency=medium
 .
   * New upstream release (1.2)
   * Changelogs are now at relnotes.md
Checksums-Sha1:
 03ab49ae82c4c8d6ae60d18aad50acc8cd254246 5718 chasquid_1.2-1_amd64.buildinfo
 6a829a68444fc7ff61cbb22962f23b0e4d82ba8d 8225768 chasquid_1.2-1_amd64.deb
Checksums-Sha256:
 69401b8ee54949e1e1d6e49aea4cde0df3ea6fd835c4f5f99af8fe10ccc535b7 5718 chasquid_1.2-1_amd64.buildinfo
 3261bf2f10d6fe38d17bca235694170b5bef0f984590272ba5847ed10145483c 8225768 chasquid_1.2-1_amd64.deb
Files:
 8e51362cb2e90c3bf13b6217d7b637e2 5718 mail optional chasquid_1.2-1_amd64.buildinfo
 812f1ae920a4a6c4f87bfd41c590f446 8225768 mail optional chasquid_1.2-1_amd64.deb

+------------------------------------------------------------------------------+
| Buildinfo                                                                    |
+------------------------------------------------------------------------------+

Format: 1.0
Source: chasquid
Binary: chasquid
Architecture: amd64
Version: 1.2-1
Checksums-Md5:
 812f1ae920a4a6c4f87bfd41c590f446 8225768 chasquid_1.2-1_amd64.deb
Checksums-Sha1:
 6a829a68444fc7ff61cbb22962f23b0e4d82ba8d 8225768 chasquid_1.2-1_amd64.deb
Checksums-Sha256:
 3261bf2f10d6fe38d17bca235694170b5bef0f984590272ba5847ed10145483c 8225768 chasquid_1.2-1_amd64.deb
Build-Origin: Debian
Build-Architecture: amd64
Build-Date: Mon, 24 Feb 2020 23:55:04 +0000
Build-Path: /<<PKGBUILDDIR>>
Installed-Build-Depends:
 autoconf (= 2.69-11.1),
 automake (= 1:1.16.1-4),
 autopoint (= 0.19.8.1-10),
 autotools-dev (= 20180224.1),
 base-files (= 11),
 base-passwd (= 3.5.47),
 bash (= 5.0-5),
 binutils (= 2.34-3),
 binutils-common (= 2.34-3),
 binutils-x86-64-linux-gnu (= 2.34-3),
 bsdmainutils (= 11.1.2+b1),
 bsdutils (= 1:2.34-0.1),
 build-essential (= 12.8),
 bzip2 (= 1.0.8-2),
 clang-10 (= 1:10.0.0~+rc2-1),
 coreutils (= 8.30-3+b1),
 cpp (= 4:9.2.1-3.1),
 cpp-9 (= 9.2.1-29),
 dash (= 0.5.10.2-6),
 debconf (= 1.5.73),
 debhelper (= 12.9),
 debianutils (= 4.9.1),
 dh-autoreconf (= 19),
 dh-golang (= 1.46),
 dh-strip-nondeterminism (= 1.6.3-2),
 diffutils (= 1:3.7-3),
 dpkg (= 1.19.7),
 dpkg-dev (= 1.19.7),
 dwz (= 0.13-5),
 fdisk (= 2.34-0.1),
 file (= 1:5.38-4),
 findutils (= 4.7.0-1),
 g++ (= 4:9.2.1-3.1),
 g++-9 (= 9.2.1-29),
 gcc (= 4:9.2.1-3.1),
 gcc-10-base (= 10-20200222-1),
 gcc-9 (= 9.2.1-29),
 gcc-9-base (= 9.2.1-29),
 gettext (= 0.19.8.1-10),
 gettext-base (= 0.19.8.1-10),
 golang-1.13-go (= 1.13.8-1),
 golang-1.13-src (= 1.13.8-1),
 golang-any (= 2:1.13~1),
 golang-blitiri-go-log-dev (= 0.0+git20170910.0.2b2e1b6-1),
 golang-blitiri-go-spf-dev (= 0.0+git20191018.0.a683815-1),
 golang-blitiri-go-systemd-dev (= 0.0+git20170821.0.aec3508-1),
 golang-github-docopt-docopt-go-dev (= 0.6.2+git20160216.0.784ddc5-1),
 golang-go (= 2:1.13~1),
 golang-golang-x-crypto-dev (= 1:0.0~git20190701.4def268-2),
 golang-golang-x-net-dev (= 1:0.0+git20200219.4628272+dfsg-1),
 golang-golang-x-sys-dev (= 0.0~git20200219.cb0a6d8-1),
 golang-golang-x-text-dev (= 0.3.2-3),
 golang-goprotobuf-dev (= 1.3.2-2),
 golang-src (= 2:1.13~1),
 grep (= 3.4-1),
 groff-base (= 1.22.4-4),
 gzip (= 1.9-3+b1),
 hostname (= 3.23),
 init-system-helpers (= 1.57),
 intltool-debian (= 0.35.0+20060710.5),
 lib32gcc-s1 (= 10-20200222-1),
 lib32gcc1 (= 1:10-20200222-1),
 lib32stdc++6 (= 10-20200222-1),
 libacl1 (= 2.2.53-5),
 libarchive-zip-perl (= 1.67-1),
 libasan5 (= 9.2.1-29),
 libatomic1 (= 10-20200222-1),
 libattr1 (= 1:2.4.48-5),
 libaudit-common (= 1:2.8.5-2),
 libaudit1 (= 1:2.8.5-2+b1),
 libbinutils (= 2.34-3),
 libblkid1 (= 2.34-0.1),
 libbsd0 (= 0.10.0-1),
 libbz2-1.0 (= 1.0.8-2),
 libc-bin (= 2.29-10),
 libc-dev-bin (= 2.29-10),
 libc6 (= 2.29-10),
 libc6-dev (= 2.29-10),
 libc6-i386 (= 2.29-10),
 libcap-ng0 (= 0.7.9-2.1+b1),
 libcc1-0 (= 10-20200222-1),
 libclang-common-10-dev (= 1:10.0.0~+rc2-1),
 libclang-cpp10 (= 1:10.0.0~+rc2-1),
 libclang1-10 (= 1:10.0.0~+rc2-1),
 libcroco3 (= 0.6.13-1),
 libcrypt-dev (= 1:4.4.10-10),
 libcrypt1 (= 1:4.4.10-10),
 libctf-nobfd0 (= 2.34-3),
 libctf0 (= 2.34-3),
 libdb5.3 (= 5.3.28+dfsg1-0.6),
 libdebconfclient0 (= 0.251),
 libdebhelper-perl (= 12.9),
 libdpkg-perl (= 1.19.7),
 libedit2 (= 3.1-20191231-1),
 libelf1 (= 0.176-1.1),
 libfdisk1 (= 2.34-0.1),
 libffi7 (= 3.3-3),
 libfile-stripnondeterminism-perl (= 1.6.3-2),
 libgc1c2 (= 1:7.6.4-0.4),
 libgcc-9-dev (= 9.2.1-29),
 libgcc-s1 (= 10-20200222-1),
 libgcc1 (= 1:10-20200222-1),
 libgcrypt20 (= 1.8.5-5),
 libgdbm-compat4 (= 1.18.1-5),
 libgdbm6 (= 1.18.1-5),
 libglib2.0-0 (= 2.62.4-2),
 libgmp10 (= 2:6.2.0+dfsg-4),
 libgomp1 (= 10-20200222-1),
 libgpg-error0 (= 1.37-1),
 libicu63 (= 63.2-2),
 libisl22 (= 0.22.1-1),
 libitm1 (= 10-20200222-1),
 libllvm10 (= 1:10.0.0~+rc2-1),
 liblsan0 (= 10-20200222-1),
 liblz4-1 (= 1.9.2-2),
 liblzma5 (= 5.2.4-1+b1),
 libmagic-mgc (= 1:5.38-4),
 libmagic1 (= 1:5.38-4),
 libmount1 (= 2.34-0.1),
 libmpc3 (= 1.1.0-1),
 libmpfr6 (= 4.0.2-1),
 libncursesw6 (= 6.1+20191019-1),
 libobjc-9-dev (= 9.2.1-29),
 libobjc4 (= 10-20200222-1),
 libpam-modules (= 1.3.1-5),
 libpam-modules-bin (= 1.3.1-5),
 libpam-runtime (= 1.3.1-5),
 libpam0g (= 1.3.1-5),
 libpcre2-8-0 (= 10.34-7),
 libpcre3 (= 2:8.39-12+b1),
 libperl5.30 (= 5.30.0-9),
 libpipeline1 (= 1.5.2-2),
 libprotobuf-dev (= 3.6.1.3-2+b2),
 libprotobuf-lite17 (= 3.6.1.3-2+b2),
 libprotobuf17 (= 3.6.1.3-2+b2),
 libprotoc17 (= 3.6.1.3-2+b2),
 libquadmath0 (= 10-20200222-1),
 libseccomp2 (= 2.4.2-2),
 libselinux1 (= 3.0-1+b1),
 libsigsegv2 (= 2.12-2),
 libsmartcols1 (= 2.34-0.1),
 libstdc++-9-dev (= 9.2.1-29),
 libstdc++6 (= 10-20200222-1),
 libsub-override-perl (= 0.09-2),
 libsystemd0 (= 244.3-1),
 libtinfo6 (= 6.1+20191019-1),
 libtool (= 2.4.6-13),
 libtsan0 (= 10-20200222-1),
 libubsan1 (= 10-20200222-1),
 libuchardet0 (= 0.0.6-3),
 libudev1 (= 244.3-1),
 libunistring2 (= 0.9.10-2),
 libuuid1 (= 2.34-0.1),
 libxml2 (= 2.9.10+dfsg-3),
 libz3-4 (= 4.8.7-4),
 linux-libc-dev (= 5.4.19-1),
 login (= 1:4.8.1-1),
 lsb-base (= 11.1.0),
 m4 (= 1.4.18-4),
 make (= 4.2.1-1.2),
 man-db (= 2.9.0-2),
 mawk (= 1.3.4.20200120-2),
 ncurses-base (= 6.1+20191019-1),
 ncurses-bin (= 6.1+20191019-1),
 patch (= 2.7.6-6),
 perl (= 5.30.0-9),
 perl-base (= 5.30.0-9),
 perl-modules-5.30 (= 5.30.0-9),
 po-debconf (= 1.0.21),
 protobuf-compiler (= 3.6.1.3-2+b2),
 sed (= 4.7-1),
 sensible-utils (= 0.0.12+nmu1),
 sysvinit-utils (= 2.96-2.1),
 tar (= 1.30+dfsg-6+b1),
 util-linux (= 2.34-0.1),
 xz-utils (= 5.2.4-1+b1),
 zlib1g (= 1:1.2.11.dfsg-1.2),
 zlib1g-dev (= 1:1.2.11.dfsg-1.2)
Environment:
 DEB_BUILD_OPTIONS="parallel=4"
 LANG="C.UTF-8"
 LC_ALL="C.UTF-8"
 SOURCE_DATE_EPOCH="1575649379"


+------------------------------------------------------------------------------+
| Package contents                                                             |
+------------------------------------------------------------------------------+


chasquid_1.2-1_amd64.deb
------------------------

 new Debian package, version 2.0.
 size 8225768 bytes: control archive=3496 bytes.
     112 bytes,     4 lines      conffiles            
    1217 bytes,    19 lines      control              
    2954 bytes,    42 lines      md5sums              
    6677 bytes,   169 lines   *  postinst             #!/bin/sh
    2751 bytes,    90 lines   *  postrm               #!/bin/sh
     865 bytes,    22 lines   *  prerm                #!/bin/sh
 Package: chasquid
 Version: 1.2-1
 Architecture: amd64
 Maintainer: Debian Go Packaging Team <pkg-go-maintainers@lists.alioth.debian.org>
 Installed-Size: 28466
 Depends: libc6 (>= 2.4)
 Built-Using: golang-1.13 (= 1.13.8-1), golang-blitiri-go-log (= 0.0+git20170910.0.2b2e1b6-1), golang-blitiri-go-spf (= 0.0+git20191018.0.a683815-1), golang-blitiri-go-systemd (= 0.0+git20170821.0.aec3508-1), golang-github-docopt-docopt-go (= 0.6.2+git20160216.0.784ddc5-1), golang-go.crypto (= 1:0.0~git20190701.4def268-2), golang-golang-x-net (= 1:0.0+git20200219.4628272+dfsg-1), golang-golang-x-sys (= 0.0~git20200219.cb0a6d8-1), golang-golang-x-text (= 0.3.2-3), golang-goprotobuf (= 1.3.2-2)
 Section: mail
 Priority: optional
 Homepage: https://blitiri.com.ar/p/chasquid
 Description: simple SMTP (email) server written in go
  chasquid is an SMTP (email) server with a focus on simplicity, security, and
  ease of operation.
  .
  It's written in Go, and is open source under the Apache license 2.0.
  .
  It is currently in beta: it's functional and has had some production exposure,
  but some things may still change in backwards-incompatible ways, including the
  configuration format. It should be rare and will be avoided if possible.

drwxr-xr-x root/root         0 2019-12-06 16:22 ./
drwxr-xr-x root/root         0 2019-12-06 16:22 ./etc/
drwxr-xr-x root/root         0 2019-12-06 16:22 ./etc/chasquid/
-rw-r--r-- root/root       918 2019-12-06 16:22 ./etc/chasquid/README
drwxr-xr-x root/root         0 2019-12-06 16:22 ./etc/chasquid/certs/
-rw-r--r-- root/root       412 2019-12-06 16:22 ./etc/chasquid/certs/README.certs
-rw-r--r-- root/root      3011 2019-12-06 15:33 ./etc/chasquid/chasquid.conf
drwxr-xr-x root/root         0 2019-12-06 16:22 ./etc/chasquid/domains/
drwxr-xr-x root/root         0 2019-12-06 16:22 ./etc/chasquid/hooks/
-rwxr-xr-x root/root      2549 2019-12-06 16:22 ./etc/chasquid/hooks/post-data
drwxr-xr-x root/root         0 2019-12-06 16:22 ./lib/
drwxr-xr-x root/root         0 2019-12-06 16:22 ./lib/systemd/
drwxr-xr-x root/root         0 2019-12-06 16:22 ./lib/systemd/system/
-rw-r--r-- root/root       167 2019-12-06 15:33 ./lib/systemd/system/chasquid-smtp.socket
-rw-r--r-- root/root       180 2019-12-06 15:33 ./lib/systemd/system/chasquid-submission.socket
-rw-r--r-- root/root       193 2019-12-06 15:33 ./lib/systemd/system/chasquid-submission_tls.socket
-rw-r--r-- root/root       370 2019-12-06 16:22 ./lib/systemd/system/chasquid.service
drwxr-xr-x root/root         0 2019-12-06 16:22 ./usr/
drwxr-xr-x root/root         0 2019-12-06 16:22 ./usr/bin/
-rwxr-xr-x root/root  10152696 2019-12-06 16:22 ./usr/bin/chasquid
-rwxr-xr-x root/root   8950712 2019-12-06 16:22 ./usr/bin/chasquid-util
-rwxr-xr-x root/root   2308824 2019-12-06 16:22 ./usr/bin/mda-lmtp
-rwxr-xr-x root/root   7594296 2019-12-06 16:22 ./usr/bin/smtp-check
drwxr-xr-x root/root         0 2019-12-06 16:22 ./usr/share/
drwxr-xr-x root/root         0 2019-12-06 16:22 ./usr/share/doc/
drwxr-xr-x root/root         0 2019-12-06 16:22 ./usr/share/doc/chasquid/
-rw-r--r-- root/root      3184 2019-12-06 16:22 ./usr/share/doc/chasquid/README.md
-rw-r--r-- root/root      2725 2019-12-06 16:22 ./usr/share/doc/chasquid/aliases.md
-rw-r--r-- root/root      1286 2019-12-06 16:22 ./usr/share/doc/chasquid/changelog.Debian.gz
-rw-r--r-- root/root      1282 2019-12-06 15:33 ./usr/share/doc/chasquid/changelog.gz
-rw-r--r-- root/root      3685 2019-12-06 16:22 ./usr/share/doc/chasquid/copyright
-rw-r--r-- root/root      1031 2019-12-06 16:22 ./usr/share/doc/chasquid/dkim.md
-rw-r--r-- root/root      2336 2019-12-06 16:22 ./usr/share/doc/chasquid/docker.md
-rw-r--r-- root/root      1303 2019-12-06 16:22 ./usr/share/doc/chasquid/dovecot.md
-rw-r--r-- root/root      1746 2019-12-06 16:22 ./usr/share/doc/chasquid/flow.md
-rw-r--r-- root/root      2621 2019-12-06 16:22 ./usr/share/doc/chasquid/hooks.md
-rw-r--r-- root/root      2913 2019-12-06 16:22 ./usr/share/doc/chasquid/howto.md.gz
-rw-r--r-- root/root       596 2019-12-06 16:22 ./usr/share/doc/chasquid/index.md
-rw-r--r-- root/root      2814 2019-12-06 16:22 ./usr/share/doc/chasquid/install.md
drwxr-xr-x root/root         0 2019-12-06 16:22 ./usr/share/doc/chasquid/man/
-rw-r--r-- root/root      2267 2019-12-06 16:22 ./usr/share/doc/chasquid/man/chasquid-util.1.gz
-rw-r--r-- root/root      1344 2019-12-06 16:22 ./usr/share/doc/chasquid/man/chasquid-util.1.pod
-rw-r--r-- root/root      2790 2019-12-06 16:22 ./usr/share/doc/chasquid/man/chasquid.1.gz
-rw-r--r-- root/root      2147 2019-12-06 16:22 ./usr/share/doc/chasquid/man/chasquid.1.pod
-rw-r--r-- root/root      3358 2019-12-06 16:22 ./usr/share/doc/chasquid/man/chasquid.conf.5.gz
-rw-r--r-- root/root      3615 2019-12-06 16:22 ./usr/share/doc/chasquid/man/chasquid.conf.5.pod
-rw-r--r-- root/root       586 2019-12-06 16:22 ./usr/share/doc/chasquid/man/generate.sh
-rw-r--r-- root/root      1362 2019-12-06 16:22 ./usr/share/doc/chasquid/man/index.md
-rw-r--r-- root/root      2369 2019-12-06 16:22 ./usr/share/doc/chasquid/man/mda-lmtp.1.gz
-rw-r--r-- root/root      1157 2019-12-06 16:22 ./usr/share/doc/chasquid/man/mda-lmtp.1.pod
-rw-r--r-- root/root      2011 2019-12-06 16:22 ./usr/share/doc/chasquid/man/smtp-check.1.gz
-rw-r--r-- root/root       459 2019-12-06 16:22 ./usr/share/doc/chasquid/man/smtp-check.1.pod
-rw-r--r-- root/root      2372 2019-12-06 16:22 ./usr/share/doc/chasquid/monitoring.md.gz
-rw-r--r-- root/root      2782 2019-12-06 16:22 ./usr/share/doc/chasquid/relnotes.md
-rw-r--r-- root/root      2296 2019-12-06 16:22 ./usr/share/doc/chasquid/sec-levels.md.gz
-rw-r--r-- root/root      3423 2019-12-06 16:22 ./usr/share/doc/chasquid/tests.md
drwxr-xr-x root/root         0 2019-12-06 16:22 ./usr/share/man/
drwxr-xr-x root/root         0 2019-12-06 16:22 ./usr/share/man/man1/
-rw-r--r-- root/root      2267 2019-12-06 16:22 ./usr/share/man/man1/chasquid-util.1.gz
-rw-r--r-- root/root      2790 2019-12-06 16:22 ./usr/share/man/man1/chasquid.1.gz
-rw-r--r-- root/root      2369 2019-12-06 16:22 ./usr/share/man/man1/mda-lmtp.1.gz
-rw-r--r-- root/root      2011 2019-12-06 16:22 ./usr/share/man/man1/smtp-check.1.gz
drwxr-xr-x root/root         0 2019-12-06 16:22 ./usr/share/man/man5/
-rw-r--r-- root/root      3358 2019-12-06 16:22 ./usr/share/man/man5/chasquid.conf.5.gz
drwxr-xr-x root/root         0 2019-12-06 16:22 ./var/
drwxr-xr-x root/root         0 2019-12-06 16:22 ./var/lib/
drwxr-xr-x root/root         0 2019-12-06 16:22 ./var/lib/chasquid/


+------------------------------------------------------------------------------+
| Post Build                                                                   |
+------------------------------------------------------------------------------+


+------------------------------------------------------------------------------+
| Cleanup                                                                      |
+------------------------------------------------------------------------------+

Purging /<<BUILDDIR>>
Not cleaning session: cloned chroot in use

+------------------------------------------------------------------------------+
| Summary                                                                      |
+------------------------------------------------------------------------------+

Build Architecture: amd64
Build Type: binary
Build-Space: 149300
Build-Time: 58
Distribution: unstable
Host Architecture: amd64
Install-Time: 42
Job: chasquid_1.2-1
Machine Architecture: amd64
Package: chasquid
Package-Time: 123
Source-Version: 1.2-1
Space: 149300
Status: successful
Version: 1.2-1
--------------------------------------------------------------------------------
Finished at 2020-02-24T23:55:04Z
Build needed 00:02:03, 149300k disk space
DC-Status: OK 125.861072358s
