DC-Build-Header: cpl-plugin-muse 2.8.1+dfsg-1 / 2020-02-25 17:14:13 +0000
DC-Task: type:rebuild-binarch-only source:cpl-plugin-muse version:2.8.1+dfsg-1 chroot:unstable esttime:138 logfile:/tmp/cpl-plugin-muse_2.8.1+dfsg-1_unstable_clang10.log modes:clang10:binarch-only
DC-Sbuild-call: su user42 -c 'sbuild -n --arch-any --apt-update -d unstable -v --no-run-lintian --chroot-setup-commands=/tmp/clang10 cpl-plugin-muse_2.8.1+dfsg-1'
sbuild (Debian sbuild) 0.78.1 (09 February 2019) on ip-172-31-6-46.eu-central-1.compute.internal

+==============================================================================+
| cpl-plugin-muse 2.8.1+dfsg-1 (amd64)         Tue, 25 Feb 2020 17:14:13 +0000 |
+==============================================================================+

Package: cpl-plugin-muse
Version: 2.8.1+dfsg-1
Source Version: 2.8.1+dfsg-1
Distribution: unstable
Machine Architecture: amd64
Host Architecture: amd64
Build Architecture: amd64
Build Type: binary

I: NOTICE: Log filtering will replace 'var/run/schroot/mount/sid-amd64-sbuild-bda50796-2658-443a-ab38-6f85aae032c3' with '<<CHROOT>>'

+------------------------------------------------------------------------------+
| Chroot Setup Commands                                                        |
+------------------------------------------------------------------------------+


/tmp/clang10
------------

+ echo 'Entering customization script...'
Entering customization script...
+ CLANG_VERSION=10
+ echo 'Install of clang-10'
Install of clang-10
+ apt-get update
Get:1 http://127.0.0.1:12990/debian sid InRelease [142 kB]
Get:2 http://127.0.0.1:12990/debian sid/main Sources.diff/Index [27.9 kB]
Get:3 http://127.0.0.1:12990/debian sid/main amd64 Packages.diff/Index [27.9 kB]
Get:4 http://127.0.0.1:12990/debian sid/main Sources 2020-02-24-0823.32.pdiff [11.0 kB]
Get:5 http://127.0.0.1:12990/debian sid/main Sources 2020-02-24-1420.34.pdiff [30.2 kB]
Get:6 http://127.0.0.1:12990/debian sid/main Sources 2020-02-24-2014.03.pdiff [16.9 kB]
Get:7 http://127.0.0.1:12990/debian sid/main Sources 2020-02-25-0213.11.pdiff [23.2 kB]
Get:8 http://127.0.0.1:12990/debian sid/main Sources 2020-02-25-0815.22.pdiff [9222 B]
Get:9 http://127.0.0.1:12990/debian sid/main Sources 2020-02-25-1413.15.pdiff [16.3 kB]
Get:10 http://127.0.0.1:12990/debian sid/main amd64 Packages 2020-02-24-0823.32.pdiff [15.5 kB]
Get:11 http://127.0.0.1:12990/debian sid/main amd64 Packages 2020-02-24-1420.34.pdiff [27.5 kB]
Get:12 http://127.0.0.1:12990/debian sid/main amd64 Packages 2020-02-24-2014.03.pdiff [21.6 kB]
Get:13 http://127.0.0.1:12990/debian sid/main amd64 Packages 2020-02-25-0213.11.pdiff [35.0 kB]
Get:14 http://127.0.0.1:12990/debian sid/main amd64 Packages 2020-02-25-0815.22.pdiff [20.1 kB]
Get:15 http://127.0.0.1:12990/debian sid/main amd64 Packages 2020-02-25-1413.15.pdiff [18.4 kB]
Get:9 http://127.0.0.1:12990/debian sid/main Sources 2020-02-25-1413.15.pdiff [16.3 kB]
Get:15 http://127.0.0.1:12990/debian sid/main amd64 Packages 2020-02-25-1413.15.pdiff [18.4 kB]
Get:16 http://127.0.0.1:12990/debian sid/main Translation-en [6195 kB]
Fetched 6638 kB in 2s (3884 kB/s)
Reading package lists...
+ apt-get install --yes --no-install-recommends --force-yes clang-10 libomp-10-dev libobjc-9-dev
Reading package lists...
Building dependency tree...
The following additional packages will be installed:
  cpp-9 g++-9 gcc-9 gcc-9-base lib32gcc-s1 lib32gcc1 lib32stdc++6 libasan5
  libbsd0 libc6-i386 libclang-common-10-dev libclang-cpp10 libclang1-10
  libedit2 libgc1c2 libgcc-9-dev libllvm10 libobjc4 libomp5-10 libstdc++-9-dev
  libz3-4
Suggested packages:
  clang-10-doc gcc-9-locales g++-9-multilib gcc-9-doc gcc-9-multilib
  libomp-10-doc libstdc++-9-doc
Recommended packages:
  llvm-10-dev python3
The following NEW packages will be installed:
  clang-10 lib32gcc-s1 lib32gcc1 lib32stdc++6 libbsd0 libc6-i386
  libclang-common-10-dev libclang-cpp10 libclang1-10 libedit2 libgc1c2
  libllvm10 libobjc-9-dev libobjc4 libomp-10-dev libomp5-10 libz3-4
The following packages will be upgraded:
  cpp-9 g++-9 gcc-9 gcc-9-base libasan5 libgcc-9-dev libstdc++-9-dev
7 upgraded, 17 newly installed, 0 to remove and 3 not upgraded.
Need to get 81.5 MB of archives.
After this operation, 238 MB of additional disk space will be used.
Get:1 http://127.0.0.1:12990/debian sid/main amd64 libasan5 amd64 9.2.1-30 [389 kB]
Get:2 http://127.0.0.1:12990/debian sid/main amd64 g++-9 amd64 9.2.1-30 [10.7 MB]
Get:3 http://127.0.0.1:12990/debian sid/main amd64 gcc-9 amd64 9.2.1-30 [10.0 MB]
Get:4 http://127.0.0.1:12990/debian sid/main amd64 libstdc++-9-dev amd64 9.2.1-30 [1697 kB]
Get:5 http://127.0.0.1:12990/debian sid/main amd64 libgcc-9-dev amd64 9.2.1-30 [2349 kB]
Get:6 http://127.0.0.1:12990/debian sid/main amd64 cpp-9 amd64 9.2.1-30 [9711 kB]
Get:7 http://127.0.0.1:12990/debian sid/main amd64 gcc-9-base amd64 9.2.1-30 [196 kB]
Get:8 http://127.0.0.1:12990/debian sid/main amd64 libbsd0 amd64 0.10.0-1 [107 kB]
Get:9 http://127.0.0.1:12990/debian sid/main amd64 libedit2 amd64 3.1-20191231-1 [95.4 kB]
Get:10 http://127.0.0.1:12990/debian sid/main amd64 libz3-4 amd64 4.8.7-4 [6790 kB]
Get:11 http://127.0.0.1:12990/debian sid/main amd64 libllvm10 amd64 1:10.0.0~+rc2-1 [15.5 MB]
Get:12 http://127.0.0.1:12990/debian sid/main amd64 libclang-cpp10 amd64 1:10.0.0~+rc2-1 [9069 kB]
Get:13 http://127.0.0.1:12990/debian sid/main amd64 libgc1c2 amd64 1:7.6.4-0.4 [224 kB]
Get:14 http://127.0.0.1:12990/debian sid/main amd64 libobjc4 amd64 10-20200222-1 [41.6 kB]
Get:15 http://127.0.0.1:12990/debian sid/main amd64 libobjc-9-dev amd64 9.2.1-30 [219 kB]
Get:16 http://127.0.0.1:12990/debian sid/main amd64 libc6-i386 amd64 2.29-10 [2918 kB]
Get:17 http://127.0.0.1:12990/debian sid/main amd64 lib32gcc-s1 amd64 10-20200222-1 [49.4 kB]
Get:18 http://127.0.0.1:12990/debian sid/main amd64 lib32gcc1 amd64 1:10-20200222-1 [1104 B]
Get:19 http://127.0.0.1:12990/debian sid/main amd64 lib32stdc++6 amd64 10-20200222-1 [510 kB]
Get:20 http://127.0.0.1:12990/debian sid/main amd64 libclang-common-10-dev amd64 1:10.0.0~+rc2-1 [2782 kB]
Get:21 http://127.0.0.1:12990/debian sid/main amd64 libclang1-10 amd64 1:10.0.0~+rc2-1 [7607 kB]
Get:22 http://127.0.0.1:12990/debian sid/main amd64 clang-10 amd64 1:10.0.0~+rc2-1 [103 kB]
Get:23 http://127.0.0.1:12990/debian sid/main amd64 libomp5-10 amd64 1:10.0.0~+rc2-1 [337 kB]
Get:24 http://127.0.0.1:12990/debian sid/main amd64 libomp-10-dev amd64 1:10.0.0~+rc2-1 [84.3 kB]
debconf: delaying package configuration, since apt-utils is not installed
Fetched 81.5 MB in 1s (102 MB/s)
(Reading database ... (Reading database ... 5%(Reading database ... 10%(Reading database ... 15%(Reading database ... 20%(Reading database ... 25%(Reading database ... 30%(Reading database ... 35%(Reading database ... 40%(Reading database ... 45%(Reading database ... 50%(Reading database ... 55%(Reading database ... 60%(Reading database ... 65%(Reading database ... 70%(Reading database ... 75%(Reading database ... 80%(Reading database ... 85%(Reading database ... 90%(Reading database ... 95%(Reading database ... 100%(Reading database ... 12119 files and directories currently installed.)
Preparing to unpack .../00-libasan5_9.2.1-30_amd64.deb ...
Unpacking libasan5:amd64 (9.2.1-30) over (9.2.1-29) ...
Preparing to unpack .../01-g++-9_9.2.1-30_amd64.deb ...
Unpacking g++-9 (9.2.1-30) over (9.2.1-29) ...
Preparing to unpack .../02-gcc-9_9.2.1-30_amd64.deb ...
Unpacking gcc-9 (9.2.1-30) over (9.2.1-29) ...
Preparing to unpack .../03-libstdc++-9-dev_9.2.1-30_amd64.deb ...
Unpacking libstdc++-9-dev:amd64 (9.2.1-30) over (9.2.1-29) ...
Preparing to unpack .../04-libgcc-9-dev_9.2.1-30_amd64.deb ...
Unpacking libgcc-9-dev:amd64 (9.2.1-30) over (9.2.1-29) ...
Preparing to unpack .../05-cpp-9_9.2.1-30_amd64.deb ...
Unpacking cpp-9 (9.2.1-30) over (9.2.1-29) ...
Preparing to unpack .../06-gcc-9-base_9.2.1-30_amd64.deb ...
Unpacking gcc-9-base:amd64 (9.2.1-30) over (9.2.1-29) ...
Selecting previously unselected package libbsd0:amd64.
Preparing to unpack .../07-libbsd0_0.10.0-1_amd64.deb ...
Unpacking libbsd0:amd64 (0.10.0-1) ...
Selecting previously unselected package libedit2:amd64.
Preparing to unpack .../08-libedit2_3.1-20191231-1_amd64.deb ...
Unpacking libedit2:amd64 (3.1-20191231-1) ...
Selecting previously unselected package libz3-4:amd64.
Preparing to unpack .../09-libz3-4_4.8.7-4_amd64.deb ...
Unpacking libz3-4:amd64 (4.8.7-4) ...
Selecting previously unselected package libllvm10:amd64.
Preparing to unpack .../10-libllvm10_1%3a10.0.0~+rc2-1_amd64.deb ...
Unpacking libllvm10:amd64 (1:10.0.0~+rc2-1) ...
Selecting previously unselected package libclang-cpp10.
Preparing to unpack .../11-libclang-cpp10_1%3a10.0.0~+rc2-1_amd64.deb ...
Unpacking libclang-cpp10 (1:10.0.0~+rc2-1) ...
Selecting previously unselected package libgc1c2:amd64.
Preparing to unpack .../12-libgc1c2_1%3a7.6.4-0.4_amd64.deb ...
Unpacking libgc1c2:amd64 (1:7.6.4-0.4) ...
Selecting previously unselected package libobjc4:amd64.
Preparing to unpack .../13-libobjc4_10-20200222-1_amd64.deb ...
Unpacking libobjc4:amd64 (10-20200222-1) ...
Selecting previously unselected package libobjc-9-dev:amd64.
Preparing to unpack .../14-libobjc-9-dev_9.2.1-30_amd64.deb ...
Unpacking libobjc-9-dev:amd64 (9.2.1-30) ...
Selecting previously unselected package libc6-i386.
Preparing to unpack .../15-libc6-i386_2.29-10_amd64.deb ...
Unpacking libc6-i386 (2.29-10) ...
Selecting previously unselected package lib32gcc-s1.
Preparing to unpack .../16-lib32gcc-s1_10-20200222-1_amd64.deb ...
Unpacking lib32gcc-s1 (10-20200222-1) ...
Selecting previously unselected package lib32gcc1.
Preparing to unpack .../17-lib32gcc1_1%3a10-20200222-1_amd64.deb ...
Unpacking lib32gcc1 (1:10-20200222-1) ...
Selecting previously unselected package lib32stdc++6.
Preparing to unpack .../18-lib32stdc++6_10-20200222-1_amd64.deb ...
Unpacking lib32stdc++6 (10-20200222-1) ...
Selecting previously unselected package libclang-common-10-dev.
Preparing to unpack .../19-libclang-common-10-dev_1%3a10.0.0~+rc2-1_amd64.deb ...
Unpacking libclang-common-10-dev (1:10.0.0~+rc2-1) ...
Selecting previously unselected package libclang1-10.
Preparing to unpack .../20-libclang1-10_1%3a10.0.0~+rc2-1_amd64.deb ...
Unpacking libclang1-10 (1:10.0.0~+rc2-1) ...
Selecting previously unselected package clang-10.
Preparing to unpack .../21-clang-10_1%3a10.0.0~+rc2-1_amd64.deb ...
Unpacking clang-10 (1:10.0.0~+rc2-1) ...
Selecting previously unselected package libomp5-10:amd64.
Preparing to unpack .../22-libomp5-10_1%3a10.0.0~+rc2-1_amd64.deb ...
Unpacking libomp5-10:amd64 (1:10.0.0~+rc2-1) ...
Selecting previously unselected package libomp-10-dev.
Preparing to unpack .../23-libomp-10-dev_1%3a10.0.0~+rc2-1_amd64.deb ...
Unpacking libomp-10-dev (1:10.0.0~+rc2-1) ...
Setting up libgc1c2:amd64 (1:7.6.4-0.4) ...
Setting up libobjc4:amd64 (10-20200222-1) ...
Setting up libz3-4:amd64 (4.8.7-4) ...
Setting up libomp5-10:amd64 (1:10.0.0~+rc2-1) ...
Setting up libc6-i386 (2.29-10) ...
Setting up libbsd0:amd64 (0.10.0-1) ...
Setting up gcc-9-base:amd64 (9.2.1-30) ...
Setting up libomp-10-dev (1:10.0.0~+rc2-1) ...
Setting up libedit2:amd64 (3.1-20191231-1) ...
Setting up libllvm10:amd64 (1:10.0.0~+rc2-1) ...
Setting up libasan5:amd64 (9.2.1-30) ...
Setting up lib32gcc-s1 (10-20200222-1) ...
Setting up libclang1-10 (1:10.0.0~+rc2-1) ...
Setting up cpp-9 (9.2.1-30) ...
Setting up lib32gcc1 (1:10-20200222-1) ...
Setting up libclang-cpp10 (1:10.0.0~+rc2-1) ...
Setting up libgcc-9-dev:amd64 (9.2.1-30) ...
Setting up lib32stdc++6 (10-20200222-1) ...
Setting up libobjc-9-dev:amd64 (9.2.1-30) ...
Setting up gcc-9 (9.2.1-30) ...
Setting up libstdc++-9-dev:amd64 (9.2.1-30) ...
Setting up libclang-common-10-dev (1:10.0.0~+rc2-1) ...
Setting up g++-9 (9.2.1-30) ...
Setting up clang-10 (1:10.0.0~+rc2-1) ...
Processing triggers for libc-bin (2.29-10) ...
W: --force-yes is deprecated, use one of the options starting with --allow instead.
+ echo 'Replace gcc, g++ & cpp by clang'
Replace gcc, g++ & cpp by clang
+ VERSIONS='4.6 4.7 4.8 4.9 5 6 7 8 9 10'
+ cd /usr/bin
+ for VERSION in $VERSIONS
+ rm -f g++-4.6 gcc-4.6 cpp-4.6 gcc
+ ln -s clang++-10 g++-4.6
+ ln -s clang-10 gcc-4.6
+ ln -s clang-10 cpp-4.6
+ ln -s clang-10 gcc
+ dpkg --set-selections
+ echo 'gcc-4.6 hold'
dpkg: warning: package not in status nor available database at line 1: gcc-4.6
dpkg: warning: found unknown packages; this might mean the available database
is outdated, and needs to be updated through a frontend method;
please see the FAQ <https://wiki.debian.org/Teams/Dpkg/FAQ>
+ echo 'g++-4.6 hold'
+ dpkg --set-selections
dpkg: warning: package not in status nor available database at line 1: g++-4.6
dpkg: warning: found unknown packages; this might mean the available database
is outdated, and needs to be updated through a frontend method;
please see the FAQ <https://wiki.debian.org/Teams/Dpkg/FAQ>
+ for VERSION in $VERSIONS
+ rm -f g++-4.7 gcc-4.7 cpp-4.7 gcc
+ ln -s clang++-10 g++-4.7
+ ln -s clang-10 gcc-4.7
+ ln -s clang-10 cpp-4.7
+ ln -s clang-10 gcc
+ echo 'gcc-4.7 hold'
+ dpkg --set-selections
dpkg: warning: package not in status nor available database at line 1: gcc-4.7
dpkg: warning: found unknown packages; this might mean the available database
is outdated, and needs to be updated through a frontend method;
please see the FAQ <https://wiki.debian.org/Teams/Dpkg/FAQ>
+ echo 'g++-4.7 hold'
+ dpkg --set-selections
dpkg: warning: package not in status nor available database at line 1: g++-4.7
dpkg: warning: found unknown packages; this might mean the available database
is outdated, and needs to be updated through a frontend method;
please see the FAQ <https://wiki.debian.org/Teams/Dpkg/FAQ>
+ for VERSION in $VERSIONS
+ rm -f g++-4.8 gcc-4.8 cpp-4.8 gcc
+ ln -s clang++-10 g++-4.8
+ ln -s clang-10 gcc-4.8
+ ln -s clang-10 cpp-4.8
+ ln -s clang-10 gcc
+ echo 'gcc-4.8 hold'
+ dpkg --set-selections
dpkg: warning: package not in status nor available database at line 1: gcc-4.8
dpkg: warning: found unknown packages; this might mean the available database
is outdated, and needs to be updated through a frontend method;
please see the FAQ <https://wiki.debian.org/Teams/Dpkg/FAQ>
+ echo 'g++-4.8 hold'
+ dpkg --set-selections
dpkg: warning: package not in status nor available database at line 1: g++-4.8
dpkg: warning: found unknown packages; this might mean the available database
is outdated, and needs to be updated through a frontend method;
please see the FAQ <https://wiki.debian.org/Teams/Dpkg/FAQ>
+ for VERSION in $VERSIONS
+ rm -f g++-4.9 gcc-4.9 cpp-4.9 gcc
+ ln -s clang++-10 g++-4.9
+ ln -s clang-10 gcc-4.9
+ ln -s clang-10 cpp-4.9
+ ln -s clang-10 gcc
+ echo 'gcc-4.9 hold'
+ dpkg --set-selections
dpkg: warning: package not in status nor available database at line 1: gcc-4.9
dpkg: warning: found unknown packages; this might mean the available database
is outdated, and needs to be updated through a frontend method;
please see the FAQ <https://wiki.debian.org/Teams/Dpkg/FAQ>
+ echo 'g++-4.9 hold'
+ dpkg --set-selections
dpkg: warning: package not in status nor available database at line 1: g++-4.9
dpkg: warning: found unknown packages; this might mean the available database
is outdated, and needs to be updated through a frontend method;
please see the FAQ <https://wiki.debian.org/Teams/Dpkg/FAQ>
+ for VERSION in $VERSIONS
+ rm -f g++-5 gcc-5 cpp-5 gcc
+ ln -s clang++-10 g++-5
+ ln -s clang-10 gcc-5
+ ln -s clang-10 cpp-5
+ ln -s clang-10 gcc
+ echo 'gcc-5 hold'
+ dpkg --set-selections
dpkg: warning: package not in status nor available database at line 1: gcc-5
dpkg: warning: found unknown packages; this might mean the available database
is outdated, and needs to be updated through a frontend method;
please see the FAQ <https://wiki.debian.org/Teams/Dpkg/FAQ>
+ echo 'g++-5 hold'
+ dpkg --set-selections
dpkg: warning: package not in status nor available database at line 1: g++-5
dpkg: warning: found unknown packages; this might mean the available database
is outdated, and needs to be updated through a frontend method;
please see the FAQ <https://wiki.debian.org/Teams/Dpkg/FAQ>
+ for VERSION in $VERSIONS
+ rm -f g++-6 gcc-6 cpp-6 gcc
+ ln -s clang++-10 g++-6
+ ln -s clang-10 gcc-6
+ ln -s clang-10 cpp-6
+ ln -s clang-10 gcc
+ echo 'gcc-6 hold'
+ dpkg --set-selections
dpkg: warning: package not in status nor available database at line 1: gcc-6
dpkg: warning: found unknown packages; this might mean the available database
is outdated, and needs to be updated through a frontend method;
please see the FAQ <https://wiki.debian.org/Teams/Dpkg/FAQ>
+ echo 'g++-6 hold'
+ dpkg --set-selections
dpkg: warning: package not in status nor available database at line 1: g++-6
dpkg: warning: found unknown packages; this might mean the available database
is outdated, and needs to be updated through a frontend method;
please see the FAQ <https://wiki.debian.org/Teams/Dpkg/FAQ>
+ for VERSION in $VERSIONS
+ rm -f g++-7 gcc-7 cpp-7 gcc
+ ln -s clang++-10 g++-7
+ ln -s clang-10 gcc-7
+ ln -s clang-10 cpp-7
+ ln -s clang-10 gcc
+ echo 'gcc-7 hold'
+ dpkg --set-selections
dpkg: warning: package not in status nor available database at line 1: gcc-7
dpkg: warning: found unknown packages; this might mean the available database
is outdated, and needs to be updated through a frontend method;
please see the FAQ <https://wiki.debian.org/Teams/Dpkg/FAQ>
+ echo 'g++-7 hold'
+ dpkg --set-selections
dpkg: warning: package not in status nor available database at line 1: g++-7
dpkg: warning: found unknown packages; this might mean the available database
is outdated, and needs to be updated through a frontend method;
please see the FAQ <https://wiki.debian.org/Teams/Dpkg/FAQ>
+ for VERSION in $VERSIONS
+ rm -f g++-8 gcc-8 cpp-8 gcc
+ ln -s clang++-10 g++-8
+ ln -s clang-10 gcc-8
+ ln -s clang-10 cpp-8
+ ln -s clang-10 gcc
+ echo 'gcc-8 hold'
+ dpkg --set-selections
dpkg: warning: package not in status nor available database at line 1: gcc-8
dpkg: warning: found unknown packages; this might mean the available database
is outdated, and needs to be updated through a frontend method;
please see the FAQ <https://wiki.debian.org/Teams/Dpkg/FAQ>
+ echo 'g++-8 hold'
+ dpkg --set-selections
dpkg: warning: package not in status nor available database at line 1: g++-8
dpkg: warning: found unknown packages; this might mean the available database
is outdated, and needs to be updated through a frontend method;
please see the FAQ <https://wiki.debian.org/Teams/Dpkg/FAQ>
+ for VERSION in $VERSIONS
+ rm -f g++-9 gcc-9 cpp-9 gcc
+ ln -s clang++-10 g++-9
+ ln -s clang-10 gcc-9
+ ln -s clang-10 cpp-9
+ ln -s clang-10 gcc
+ echo 'gcc-9 hold'
+ dpkg --set-selections
+ echo 'g++-9 hold'
+ dpkg --set-selections
+ for VERSION in $VERSIONS
+ rm -f g++-10 gcc-10 cpp-10 gcc
+ ln -s clang++-10 g++-10
+ ln -s clang-10 gcc-10
+ ln -s clang-10 cpp-10
+ ln -s clang-10 gcc
+ echo 'gcc-10 hold'
+ dpkg --set-selections
dpkg: warning: package not in status nor available database at line 1: gcc-10
dpkg: warning: found unknown packages; this might mean the available database
is outdated, and needs to be updated through a frontend method;
please see the FAQ <https://wiki.debian.org/Teams/Dpkg/FAQ>
+ echo 'g++-10 hold'
+ dpkg --set-selections
dpkg: warning: package not in status nor available database at line 1: g++-10
dpkg: warning: found unknown packages; this might mean the available database
is outdated, and needs to be updated through a frontend method;
please see the FAQ <https://wiki.debian.org/Teams/Dpkg/FAQ>
+ cd -
/build/cpl-plugin-muse-WsZkVv
+ echo 'Check if gcc, g++ & cpp are actually clang'
Check if gcc, g++ & cpp are actually clang
+ gcc --version
+ grep clang
+ cpp --version
+ grep clang
+ g++ --version
+ grep clang

I: Finished running '/tmp/clang10'.

Finished processing commands.
--------------------------------------------------------------------------------
I: NOTICE: Log filtering will replace 'build/cpl-plugin-muse-WsZkVv/resolver-HJrHxI' with '<<RESOLVERDIR>>'

+------------------------------------------------------------------------------+
| Update chroot                                                                |
+------------------------------------------------------------------------------+

Hit:1 http://127.0.0.1:12990/debian sid InRelease
Reading package lists...
Reading package lists...
Building dependency tree...
Reading state information...
Calculating upgrade...
The following packages will be upgraded:
  bash libgmp10 zlib1g
3 upgraded, 0 newly installed, 0 to remove and 0 not upgraded.
Need to get 1722 kB of archives.
After this operation, 4096 B of additional disk space will be used.
Get:1 http://127.0.0.1:12990/debian sid/main amd64 bash amd64 5.0-6 [1379 kB]
Get:2 http://127.0.0.1:12990/debian sid/main amd64 libgmp10 amd64 2:6.2.0+dfsg-4 [253 kB]
Get:3 http://127.0.0.1:12990/debian sid/main amd64 zlib1g amd64 1:1.2.11.dfsg-2 [90.4 kB]
debconf: delaying package configuration, since apt-utils is not installed
Fetched 1722 kB in 0s (27.1 MB/s)
(Reading database ... (Reading database ... 5%(Reading database ... 10%(Reading database ... 15%(Reading database ... 20%(Reading database ... 25%(Reading database ... 30%(Reading database ... 35%(Reading database ... 40%(Reading database ... 45%(Reading database ... 50%(Reading database ... 55%(Reading database ... 60%(Reading database ... 65%(Reading database ... 70%(Reading database ... 75%(Reading database ... 80%(Reading database ... 85%(Reading database ... 90%(Reading database ... 95%(Reading database ... 100%(Reading database ... 12960 files and directories currently installed.)
Preparing to unpack .../archives/bash_5.0-6_amd64.deb ...
Unpacking bash (5.0-6) over (5.0-5) ...
Setting up bash (5.0-6) ...
update-alternatives: using /usr/share/man/man7/bash-builtins.7.gz to provide /usr/share/man/man7/builtins.7.gz (builtins.7.gz) in auto mode
(Reading database ... (Reading database ... 5%(Reading database ... 10%(Reading database ... 15%(Reading database ... 20%(Reading database ... 25%(Reading database ... 30%(Reading database ... 35%(Reading database ... 40%(Reading database ... 45%(Reading database ... 50%(Reading database ... 55%(Reading database ... 60%(Reading database ... 65%(Reading database ... 70%(Reading database ... 75%(Reading database ... 80%(Reading database ... 85%(Reading database ... 90%(Reading database ... 95%(Reading database ... 100%(Reading database ... 12960 files and directories currently installed.)
Preparing to unpack .../libgmp10_2%3a6.2.0+dfsg-4_amd64.deb ...
Unpacking libgmp10:amd64 (2:6.2.0+dfsg-4) over (2:6.2.0+dfsg-3) ...
Setting up libgmp10:amd64 (2:6.2.0+dfsg-4) ...
(Reading database ... (Reading database ... 5%(Reading database ... 10%(Reading database ... 15%(Reading database ... 20%(Reading database ... 25%(Reading database ... 30%(Reading database ... 35%(Reading database ... 40%(Reading database ... 45%(Reading database ... 50%(Reading database ... 55%(Reading database ... 60%(Reading database ... 65%(Reading database ... 70%(Reading database ... 75%(Reading database ... 80%(Reading database ... 85%(Reading database ... 90%(Reading database ... 95%(Reading database ... 100%(Reading database ... 12960 files and directories currently installed.)
Preparing to unpack .../zlib1g_1%3a1.2.11.dfsg-2_amd64.deb ...
Unpacking zlib1g:amd64 (1:1.2.11.dfsg-2) over (1:1.2.11.dfsg-1.2) ...
Setting up zlib1g:amd64 (1:1.2.11.dfsg-2) ...
Processing triggers for libc-bin (2.29-10) ...

+------------------------------------------------------------------------------+
| Fetch source files                                                           |
+------------------------------------------------------------------------------+


Check APT
---------

Checking available source versions...

Download source files with APT
------------------------------

Reading package lists...
NOTICE: 'cpl-plugin-muse' packaging is maintained in the 'Git' version control system at:
https://salsa.debian.org/debian-astro-team/cpl-plugin-muse.git
Please use:
git clone https://salsa.debian.org/debian-astro-team/cpl-plugin-muse.git
to retrieve the latest (possibly unreleased) updates to the package.
Need to get 1217 kB of source archives.
Get:1 http://127.0.0.1:12990/debian sid/main cpl-plugin-muse 2.8.1+dfsg-1 (dsc) [2362 B]
Get:2 http://127.0.0.1:12990/debian sid/main cpl-plugin-muse 2.8.1+dfsg-1 (tar) [1201 kB]
Get:3 http://127.0.0.1:12990/debian sid/main cpl-plugin-muse 2.8.1+dfsg-1 (diff) [13.6 kB]
Fetched 1217 kB in 0s (11.8 MB/s)
Download complete and in download only mode
I: NOTICE: Log filtering will replace 'build/cpl-plugin-muse-WsZkVv/cpl-plugin-muse-2.8.1+dfsg' with '<<PKGBUILDDIR>>'
I: NOTICE: Log filtering will replace 'build/cpl-plugin-muse-WsZkVv' with '<<BUILDDIR>>'

+------------------------------------------------------------------------------+
| Install package build dependencies                                           |
+------------------------------------------------------------------------------+


Setup apt archive
-----------------

Merged Build-Depends: debhelper-compat (= 12), libcpl-dev (>= 6.5), python3, python3-astropy, python3-cpl, python3-sphinx, build-essential, fakeroot
Filtered Build-Depends: debhelper-compat (= 12), libcpl-dev (>= 6.5), python3, python3-astropy, python3-cpl, python3-sphinx, build-essential, fakeroot
dpkg-deb: building package 'sbuild-build-depends-main-dummy' in '/<<RESOLVERDIR>>/apt_archive/sbuild-build-depends-main-dummy.deb'.
Ign:1 copy:/<<RESOLVERDIR>>/apt_archive ./ InRelease
Get:2 copy:/<<RESOLVERDIR>>/apt_archive ./ Release [957 B]
Ign:3 copy:/<<RESOLVERDIR>>/apt_archive ./ Release.gpg
Get:4 copy:/<<RESOLVERDIR>>/apt_archive ./ Sources [408 B]
Get:5 copy:/<<RESOLVERDIR>>/apt_archive ./ Packages [491 B]
Fetched 1856 B in 0s (0 B/s)
Reading package lists...
Reading package lists...

Install main build dependencies (apt-based resolver)
----------------------------------------------------

Installing build dependencies
Reading package lists...
Building dependency tree...
Reading state information...
The following additional packages will be installed:
  autoconf automake autopoint autotools-dev bsdmainutils ca-certificates
  debhelper dh-autoreconf dh-strip-nondeterminism docutils-common dwz file
  fontconfig-config fonts-dejavu-core gettext gettext-base groff-base
  intltool-debian libarchive-zip-perl libblas3 libbrotli1 libcairo2
  libcext-dev libcext0 libcfitsio-dev libcfitsio8 libcpl-dev libcplcore26
  libcpldfs26 libcpldrs26 libcplui26 libcroco3 libcurl3-gnutls
  libdebhelper-perl libelf1 liberfa1 libexpat1 libfftw3-double3
  libfftw3-single3 libfile-stripnondeterminism-perl libfontconfig1
  libfreetype6 libgfortran5 libgiza0 libglib2.0-0 libgssapi-krb5-2 libicu63
  libjs-jquery libjs-sphinxdoc libjs-underscore libk5crypto3 libkeyutils1
  libkrb5-3 libkrb5support0 liblapack3 libldap-2.4-2 libldap-common
  libmagic-mgc libmagic1 libmpdec2 libnghttp2-14 libpgplot0 libpgsbox7
  libpipeline1 libpixman-1-0 libpng16-16 libpsl5 libpython3-stdlib
  libpython3.7-minimal libpython3.7-stdlib libpython3.8-minimal
  libpython3.8-stdlib libreadline8 librtmp1 libsasl2-2 libsasl2-modules-db
  libsigsegv2 libsqlite3-0 libssh2-1 libssl1.1 libsub-override-perl libtool
  libuchardet0 libwcs7 libx11-6 libx11-data libxau6 libxcb-render0 libxcb-shm0
  libxcb1 libxdmcp6 libxext6 libxml2 libxrender1 m4 man-db mime-support
  openssl po-debconf python-babel-localedata python3 python3-alabaster
  python3-astropy python3-atomicwrites python3-attr python3-babel
  python3-certifi python3-chardet python3-configobj python3-cpl
  python3-dateutil python3-distutils python3-docutils python3-hypothesis
  python3-idna python3-imagesize python3-importlib-metadata python3-jinja2
  python3-lib2to3 python3-markupsafe python3-minimal python3-more-itertools
  python3-numpy python3-packaging python3-pkg-resources python3-pluggy
  python3-ply python3-psutil python3-py python3-pygments python3-pyparsing
  python3-pytest python3-pytest-arraydiff python3-pytest-astropy
  python3-pytest-astropy-header python3-pytest-doctestplus
  python3-pytest-openfiles python3-pytest-remotedata python3-requests
  python3-roman python3-six python3-sphinx python3-tz python3-urllib3
  python3-wcwidth python3-zipp python3.7 python3.7-minimal python3.8
  python3.8-minimal readline-common sensible-utils sgml-base sphinx-common ucf
  wcslib-dev xml-core
Suggested packages:
  autoconf-archive gnu-standards autoconf-doc wamerican | wordlist whois
  vacation dh-make gettext-doc libasprintf-dev libgettextpo-dev groff
  libcpl-doc libfftw3-bin libfftw3-dev krb5-doc krb5-user libtool-doc gfortran
  | fortran95-compiler gcj-jdk m4-doc apparmor less www-browser
  libmail-box-perl python3-doc python3-tk python3-venv libxml2-utils
  python-astropy-doc python3-astropy-affiliated python3-beautifulsoup
  python3-h5py python3-matplotlib python3-pandas python3-yaml python-attr-doc
  python-configobj-doc gdb docutils-doc fonts-linuxlibertine
  | ttf-linux-libertine texlive-lang-french texlive-latex-base
  texlive-latex-recommended python-hypothesis-doc python-jinja2-doc gfortran
  python-numpy-doc python3-dev python3-numpy-dbg python3-setuptools
  python-ply-doc python-psutil-doc subversion python-pygments-doc
  ttf-bitstream-vera python-pyparsing-doc python3-cryptography python3-openssl
  python3-socks dvipng imagemagick-6.q16 latexmk libjs-mathjax
  python3-sphinx-rtd-theme python3-stemmer sphinx-doc
  texlive-fonts-recommended texlive-latex-extra texlive-plain-generic
  python3.7-venv python3.7-doc binfmt-support python3.8-venv python3.8-doc
  readline-doc sgml-base-doc wcslib-doc
Recommended packages:
  curl | wget | lynx libcfitsio-doc libarchive-cpio-perl libglib2.0-data
  shared-mime-info xdg-user-dirs javascript-common krb5-locales publicsuffix
  libsasl2-modules libltdl-dev libmail-sendmail-perl libjs-jquery-datatables
  python3-scipy libpaper-utils python3-pil giza-dev
The following NEW packages will be installed:
  autoconf automake autopoint autotools-dev bsdmainutils ca-certificates
  debhelper dh-autoreconf dh-strip-nondeterminism docutils-common dwz file
  fontconfig-config fonts-dejavu-core gettext gettext-base groff-base
  intltool-debian libarchive-zip-perl libblas3 libbrotli1 libcairo2
  libcext-dev libcext0 libcfitsio-dev libcfitsio8 libcpl-dev libcplcore26
  libcpldfs26 libcpldrs26 libcplui26 libcroco3 libcurl3-gnutls
  libdebhelper-perl libelf1 liberfa1 libexpat1 libfftw3-double3
  libfftw3-single3 libfile-stripnondeterminism-perl libfontconfig1
  libfreetype6 libgfortran5 libgiza0 libglib2.0-0 libgssapi-krb5-2 libicu63
  libjs-jquery libjs-sphinxdoc libjs-underscore libk5crypto3 libkeyutils1
  libkrb5-3 libkrb5support0 liblapack3 libldap-2.4-2 libldap-common
  libmagic-mgc libmagic1 libmpdec2 libnghttp2-14 libpgplot0 libpgsbox7
  libpipeline1 libpixman-1-0 libpng16-16 libpsl5 libpython3-stdlib
  libpython3.7-minimal libpython3.7-stdlib libpython3.8-minimal
  libpython3.8-stdlib libreadline8 librtmp1 libsasl2-2 libsasl2-modules-db
  libsigsegv2 libsqlite3-0 libssh2-1 libssl1.1 libsub-override-perl libtool
  libuchardet0 libwcs7 libx11-6 libx11-data libxau6 libxcb-render0 libxcb-shm0
  libxcb1 libxdmcp6 libxext6 libxml2 libxrender1 m4 man-db mime-support
  openssl po-debconf python-babel-localedata python3 python3-alabaster
  python3-astropy python3-atomicwrites python3-attr python3-babel
  python3-certifi python3-chardet python3-configobj python3-cpl
  python3-dateutil python3-distutils python3-docutils python3-hypothesis
  python3-idna python3-imagesize python3-importlib-metadata python3-jinja2
  python3-lib2to3 python3-markupsafe python3-minimal python3-more-itertools
  python3-numpy python3-packaging python3-pkg-resources python3-pluggy
  python3-ply python3-psutil python3-py python3-pygments python3-pyparsing
  python3-pytest python3-pytest-arraydiff python3-pytest-astropy
  python3-pytest-astropy-header python3-pytest-doctestplus
  python3-pytest-openfiles python3-pytest-remotedata python3-requests
  python3-roman python3-six python3-sphinx python3-tz python3-urllib3
  python3-wcwidth python3-zipp python3.7 python3.7-minimal python3.8
  python3.8-minimal readline-common sbuild-build-depends-main-dummy
  sensible-utils sgml-base sphinx-common ucf wcslib-dev xml-core
0 upgraded, 158 newly installed, 0 to remove and 0 not upgraded.
Need to get 66.1 MB of archives.
After this operation, 271 MB of additional disk space will be used.
Get:1 copy:/<<RESOLVERDIR>>/apt_archive ./ sbuild-build-depends-main-dummy 0.invalid.0 [916 B]
Get:2 http://127.0.0.1:12990/debian sid/main amd64 bsdmainutils amd64 11.1.2+b1 [191 kB]
Get:3 http://127.0.0.1:12990/debian sid/main amd64 libuchardet0 amd64 0.0.6-3 [64.9 kB]
Get:4 http://127.0.0.1:12990/debian sid/main amd64 groff-base amd64 1.22.4-4 [919 kB]
Get:5 http://127.0.0.1:12990/debian sid/main amd64 libpipeline1 amd64 1.5.2-2 [33.9 kB]
Get:6 http://127.0.0.1:12990/debian sid/main amd64 man-db amd64 2.9.0-2 [1307 kB]
Get:7 http://127.0.0.1:12990/debian sid/main amd64 libssl1.1 amd64 1.1.1d-2 [1540 kB]
Get:8 http://127.0.0.1:12990/debian sid/main amd64 libpython3.7-minimal amd64 3.7.6-1+b1 [591 kB]
Get:9 http://127.0.0.1:12990/debian sid/main amd64 libexpat1 amd64 2.2.9-1 [94.3 kB]
Get:10 http://127.0.0.1:12990/debian sid/main amd64 python3.7-minimal amd64 3.7.6-1+b1 [1813 kB]
Get:11 http://127.0.0.1:12990/debian sid/main amd64 python3-minimal amd64 3.7.5-3 [36.8 kB]
Get:12 http://127.0.0.1:12990/debian sid/main amd64 mime-support all 3.64 [37.8 kB]
Get:13 http://127.0.0.1:12990/debian sid/main amd64 libmpdec2 amd64 2.4.2-2 [87.2 kB]
Get:14 http://127.0.0.1:12990/debian sid/main amd64 readline-common all 8.0-4 [72.5 kB]
Get:15 http://127.0.0.1:12990/debian sid/main amd64 libreadline8 amd64 8.0-4 [160 kB]
Get:16 http://127.0.0.1:12990/debian sid/main amd64 libsqlite3-0 amd64 3.31.1-3 [661 kB]
Get:17 http://127.0.0.1:12990/debian sid/main amd64 libpython3.7-stdlib amd64 3.7.6-1+b1 [1735 kB]
Get:18 http://127.0.0.1:12990/debian sid/main amd64 python3.7 amd64 3.7.6-1+b1 [351 kB]
Get:19 http://127.0.0.1:12990/debian sid/main amd64 libpython3-stdlib amd64 3.7.5-3 [20.2 kB]
Get:20 http://127.0.0.1:12990/debian sid/main amd64 python3 amd64 3.7.5-3 [62.1 kB]
Get:21 http://127.0.0.1:12990/debian sid/main amd64 libpython3.8-minimal amd64 3.8.2~rc2-2 [750 kB]
Get:22 http://127.0.0.1:12990/debian sid/main amd64 python3.8-minimal amd64 3.8.2~rc2-2 [1939 kB]
Get:23 http://127.0.0.1:12990/debian sid/main amd64 sgml-base all 1.29.1 [15.0 kB]
Get:24 http://127.0.0.1:12990/debian sid/main amd64 sensible-utils all 0.0.12+nmu1 [16.0 kB]
Get:25 http://127.0.0.1:12990/debian sid/main amd64 libmagic-mgc amd64 1:5.38-4 [262 kB]
Get:26 http://127.0.0.1:12990/debian sid/main amd64 libmagic1 amd64 1:5.38-4 [120 kB]
Get:27 http://127.0.0.1:12990/debian sid/main amd64 file amd64 1:5.38-4 [67.9 kB]
Get:28 http://127.0.0.1:12990/debian sid/main amd64 gettext-base amd64 0.19.8.1-10 [123 kB]
Get:29 http://127.0.0.1:12990/debian sid/main amd64 ucf all 3.0038+nmu1 [69.0 kB]
Get:30 http://127.0.0.1:12990/debian sid/main amd64 libsigsegv2 amd64 2.12-2 [32.8 kB]
Get:31 http://127.0.0.1:12990/debian sid/main amd64 m4 amd64 1.4.18-4 [203 kB]
Get:32 http://127.0.0.1:12990/debian sid/main amd64 autoconf all 2.69-11.1 [341 kB]
Get:33 http://127.0.0.1:12990/debian sid/main amd64 autotools-dev all 20180224.1 [77.0 kB]
Get:34 http://127.0.0.1:12990/debian sid/main amd64 automake all 1:1.16.1-4 [771 kB]
Get:35 http://127.0.0.1:12990/debian sid/main amd64 autopoint all 0.19.8.1-10 [435 kB]
Get:36 http://127.0.0.1:12990/debian sid/main amd64 openssl amd64 1.1.1d-2 [840 kB]
Get:37 http://127.0.0.1:12990/debian sid/main amd64 ca-certificates all 20190110 [157 kB]
Get:38 http://127.0.0.1:12990/debian sid/main amd64 libtool all 2.4.6-13 [513 kB]
Get:39 http://127.0.0.1:12990/debian sid/main amd64 dh-autoreconf all 19 [16.9 kB]
Get:40 http://127.0.0.1:12990/debian sid/main amd64 libdebhelper-perl all 12.9 [183 kB]
Get:41 http://127.0.0.1:12990/debian sid/main amd64 libarchive-zip-perl all 1.67-1 [104 kB]
Get:42 http://127.0.0.1:12990/debian sid/main amd64 libsub-override-perl all 0.09-2 [10.2 kB]
Get:43 http://127.0.0.1:12990/debian sid/main amd64 libfile-stripnondeterminism-perl all 1.6.3-2 [23.7 kB]
Get:44 http://127.0.0.1:12990/debian sid/main amd64 dh-strip-nondeterminism all 1.6.3-2 [14.7 kB]
Get:45 http://127.0.0.1:12990/debian sid/main amd64 libelf1 amd64 0.176-1.1 [161 kB]
Get:46 http://127.0.0.1:12990/debian sid/main amd64 dwz amd64 0.13-5 [151 kB]
Get:47 http://127.0.0.1:12990/debian sid/main amd64 libglib2.0-0 amd64 2.62.4-2 [1319 kB]
Get:48 http://127.0.0.1:12990/debian sid/main amd64 libicu63 amd64 63.2-2 [8301 kB]
Get:49 http://127.0.0.1:12990/debian sid/main amd64 libxml2 amd64 2.9.10+dfsg-3 [709 kB]
Get:50 http://127.0.0.1:12990/debian sid/main amd64 libcroco3 amd64 0.6.13-1 [146 kB]
Get:51 http://127.0.0.1:12990/debian sid/main amd64 gettext amd64 0.19.8.1-10 [1303 kB]
Get:52 http://127.0.0.1:12990/debian sid/main amd64 intltool-debian all 0.35.0+20060710.5 [26.8 kB]
Get:53 http://127.0.0.1:12990/debian sid/main amd64 po-debconf all 1.0.21 [248 kB]
Get:54 http://127.0.0.1:12990/debian sid/main amd64 debhelper all 12.9 [994 kB]
Get:55 http://127.0.0.1:12990/debian sid/main amd64 xml-core all 0.18+nmu1 [23.8 kB]
Get:56 http://127.0.0.1:12990/debian sid/main amd64 docutils-common all 0.16+dfsg-1 [129 kB]
Get:57 http://127.0.0.1:12990/debian sid/main amd64 fonts-dejavu-core all 2.37-1 [1068 kB]
Get:58 http://127.0.0.1:12990/debian sid/main amd64 fontconfig-config all 2.13.1-2 [280 kB]
Get:59 http://127.0.0.1:12990/debian sid/main amd64 libblas3 amd64 3.9.0-1 [153 kB]
Get:60 http://127.0.0.1:12990/debian sid/main amd64 libbrotli1 amd64 1.0.7-6 [266 kB]
Get:61 http://127.0.0.1:12990/debian sid/main amd64 libpng16-16 amd64 1.6.37-2 [292 kB]
Get:62 http://127.0.0.1:12990/debian sid/main amd64 libfreetype6 amd64 2.10.1-2 [392 kB]
Get:63 http://127.0.0.1:12990/debian sid/main amd64 libfontconfig1 amd64 2.13.1-2+b1 [347 kB]
Get:64 http://127.0.0.1:12990/debian sid/main amd64 libpixman-1-0 amd64 0.36.0-1 [537 kB]
Get:65 http://127.0.0.1:12990/debian sid/main amd64 libxau6 amd64 1:1.0.8-1+b2 [19.9 kB]
Get:66 http://127.0.0.1:12990/debian sid/main amd64 libxdmcp6 amd64 1:1.1.2-3 [26.3 kB]
Get:67 http://127.0.0.1:12990/debian sid/main amd64 libxcb1 amd64 1.13.1-5 [137 kB]
Get:68 http://127.0.0.1:12990/debian sid/main amd64 libx11-data all 2:1.6.8-1 [298 kB]
Get:69 http://127.0.0.1:12990/debian sid/main amd64 libx11-6 amd64 2:1.6.8-1 [756 kB]
Get:70 http://127.0.0.1:12990/debian sid/main amd64 libxcb-render0 amd64 1.13.1-5 [109 kB]
Get:71 http://127.0.0.1:12990/debian sid/main amd64 libxcb-shm0 amd64 1.13.1-5 [99.3 kB]
Get:72 http://127.0.0.1:12990/debian sid/main amd64 libxext6 amd64 2:1.3.3-1+b2 [52.5 kB]
Get:73 http://127.0.0.1:12990/debian sid/main amd64 libxrender1 amd64 1:0.9.10-1 [33.0 kB]
Get:74 http://127.0.0.1:12990/debian sid/main amd64 libcairo2 amd64 1.16.0-4 [689 kB]
Get:75 http://127.0.0.1:12990/debian sid/main amd64 libcext0 amd64 7.1.2+dfsg-1+b2 [76.3 kB]
Get:76 http://127.0.0.1:12990/debian sid/main amd64 libcext-dev amd64 7.1.2+dfsg-1+b2 [50.3 kB]
Get:77 http://127.0.0.1:12990/debian sid/main amd64 libkeyutils1 amd64 1.6.1-2 [15.4 kB]
Get:78 http://127.0.0.1:12990/debian sid/main amd64 libkrb5support0 amd64 1.17-6 [64.6 kB]
Get:79 http://127.0.0.1:12990/debian sid/main amd64 libk5crypto3 amd64 1.17-6 [116 kB]
Get:80 http://127.0.0.1:12990/debian sid/main amd64 libkrb5-3 amd64 1.17-6 [366 kB]
Get:81 http://127.0.0.1:12990/debian sid/main amd64 libgssapi-krb5-2 amd64 1.17-6 [156 kB]
Get:82 http://127.0.0.1:12990/debian sid/main amd64 libsasl2-modules-db amd64 2.1.27+dfsg-2 [69.0 kB]
Get:83 http://127.0.0.1:12990/debian sid/main amd64 libsasl2-2 amd64 2.1.27+dfsg-2 [106 kB]
Get:84 http://127.0.0.1:12990/debian sid/main amd64 libldap-common all 2.4.49+dfsg-1 [91.9 kB]
Get:85 http://127.0.0.1:12990/debian sid/main amd64 libldap-2.4-2 amd64 2.4.49+dfsg-1 [226 kB]
Get:86 http://127.0.0.1:12990/debian sid/main amd64 libnghttp2-14 amd64 1.40.0-1 [85.0 kB]
Get:87 http://127.0.0.1:12990/debian sid/main amd64 libpsl5 amd64 0.20.2-2 [53.7 kB]
Get:88 http://127.0.0.1:12990/debian sid/main amd64 librtmp1 amd64 2.4+20151223.gitfa8646d.1-2+b1 [60.8 kB]
Get:89 http://127.0.0.1:12990/debian sid/main amd64 libssh2-1 amd64 1.8.0-2.1 [140 kB]
Get:90 http://127.0.0.1:12990/debian sid/main amd64 libcurl3-gnutls amd64 7.68.0-1 [319 kB]
Get:91 http://127.0.0.1:12990/debian sid/main amd64 libcfitsio8 amd64 3.470-3 [542 kB]
Get:92 http://127.0.0.1:12990/debian sid/main amd64 libcfitsio-dev amd64 3.470-3 [587 kB]
Get:93 http://127.0.0.1:12990/debian sid/main amd64 libfftw3-double3 amd64 3.3.8-2 [733 kB]
Get:94 http://127.0.0.1:12990/debian sid/main amd64 libfftw3-single3 amd64 3.3.8-2 [762 kB]
Get:95 http://127.0.0.1:12990/debian sid/main amd64 libcplcore26 amd64 7.1.2+dfsg-1+b2 [489 kB]
Get:96 http://127.0.0.1:12990/debian sid/main amd64 libcplui26 amd64 7.1.2+dfsg-1+b2 [79.1 kB]
Get:97 http://127.0.0.1:12990/debian sid/main amd64 libcpldfs26 amd64 7.1.2+dfsg-1+b2 [77.1 kB]
Get:98 http://127.0.0.1:12990/debian sid/main amd64 libwcs7 amd64 7.1+ds-2 [266 kB]
Get:99 http://127.0.0.1:12990/debian sid/main amd64 libcpldrs26 amd64 7.1.2+dfsg-1+b2 [103 kB]
Get:100 http://127.0.0.1:12990/debian sid/main amd64 libgfortran5 amd64 10-20200222-1 [721 kB]
Get:101 http://127.0.0.1:12990/debian sid/main amd64 libgiza0 amd64 1.1.0-1 [105 kB]
Get:102 http://127.0.0.1:12990/debian sid/main amd64 libpgplot0 amd64 1.1.0-1 [43.3 kB]
Get:103 http://127.0.0.1:12990/debian sid/main amd64 libpgsbox7 amd64 7.1+ds-2 [59.6 kB]
Get:104 http://127.0.0.1:12990/debian sid/main amd64 wcslib-dev amd64 7.1+ds-2 [384 kB]
Get:105 http://127.0.0.1:12990/debian sid/main amd64 libcpl-dev amd64 7.1.2+dfsg-1+b2 [97.6 kB]
Get:106 http://127.0.0.1:12990/debian sid/main amd64 liberfa1 amd64 1.7.0-1 [125 kB]
Get:107 http://127.0.0.1:12990/debian sid/main amd64 libjs-jquery all 3.3.1~dfsg-3 [332 kB]
Get:108 http://127.0.0.1:12990/debian sid/main amd64 libjs-underscore all 1.9.1~dfsg-1 [99.4 kB]
Get:109 http://127.0.0.1:12990/debian sid/main amd64 libjs-sphinxdoc all 1.8.5-5 [96.7 kB]
Get:110 http://127.0.0.1:12990/debian sid/main amd64 liblapack3 amd64 3.9.0-1 [2168 kB]
Get:111 http://127.0.0.1:12990/debian sid/main amd64 libpython3.8-stdlib amd64 3.8.2~rc2-2 [1665 kB]
Get:112 http://127.0.0.1:12990/debian sid/main amd64 python-babel-localedata all 2.8.0+dfsg.1-2 [4399 kB]
Get:113 http://127.0.0.1:12990/debian sid/main amd64 python3-alabaster all 0.7.8-1 [18.4 kB]
Get:114 http://127.0.0.1:12990/debian sid/main amd64 python3-six all 1.14.0-2 [16.7 kB]
Get:115 http://127.0.0.1:12990/debian sid/main amd64 python3-configobj all 5.0.6-3 [35.7 kB]
Get:116 http://127.0.0.1:12990/debian sid/main amd64 python3-lib2to3 all 3.8.0-1 [78.3 kB]
Get:117 http://127.0.0.1:12990/debian sid/main amd64 python3-distutils all 3.8.0-1 [145 kB]
Get:118 http://127.0.0.1:12990/debian sid/main amd64 python3-attr all 19.3.0-1 [43.1 kB]
Get:119 http://127.0.0.1:12990/debian sid/main amd64 python3-more-itertools all 4.2.0-1 [42.2 kB]
Get:120 http://127.0.0.1:12990/debian sid/main amd64 python3-pkg-resources all 44.0.0-1 [155 kB]
Get:121 http://127.0.0.1:12990/debian sid/main amd64 python3-zipp all 1.0.0-1 [5944 B]
Get:122 http://127.0.0.1:12990/debian sid/main amd64 python3-importlib-metadata all 1.5.0-1 [9956 B]
Get:123 http://127.0.0.1:12990/debian sid/main amd64 python3-pluggy all 0.13.0-2 [21.9 kB]
Get:124 http://127.0.0.1:12990/debian sid/main amd64 python3-py all 1.8.1-1 [86.8 kB]
Get:125 http://127.0.0.1:12990/debian sid/main amd64 python3-atomicwrites all 1.1.5-2 [6892 B]
Get:126 http://127.0.0.1:12990/debian sid/main amd64 python3-pyparsing all 2.4.6-1 [109 kB]
Get:127 http://127.0.0.1:12990/debian sid/main amd64 python3-packaging all 19.1-2 [23.9 kB]
Get:128 http://127.0.0.1:12990/debian sid/main amd64 python3-wcwidth all 0.1.8+dfsg1-3 [17.4 kB]
Get:129 http://127.0.0.1:12990/debian sid/main amd64 python3-pytest all 4.6.9-1 [267 kB]
Get:130 http://127.0.0.1:12990/debian sid/main amd64 python3-dateutil all 2.7.3-3 [64.5 kB]
Get:131 http://127.0.0.1:12990/debian sid/main amd64 python3-hypothesis all 4.36.2-1 [173 kB]
Get:132 http://127.0.0.1:12990/debian sid/main amd64 python3.8 amd64 3.8.2~rc2-2 [409 kB]
Get:133 http://127.0.0.1:12990/debian sid/main amd64 python3-numpy amd64 1:1.17.4-5 [6150 kB]
Get:134 http://127.0.0.1:12990/debian sid/main amd64 python3-pytest-arraydiff all 0.3-1 [9132 B]
Get:135 http://127.0.0.1:12990/debian sid/main amd64 python3-pytest-astropy-header all 0.1.2-1 [7828 B]
Get:136 http://127.0.0.1:12990/debian sid/main amd64 python3-pytest-doctestplus all 0.5.0-2 [17.7 kB]
Get:137 http://127.0.0.1:12990/debian sid/main amd64 python3-psutil amd64 5.6.7-2 [177 kB]
Get:138 http://127.0.0.1:12990/debian sid/main amd64 python3-pytest-openfiles all 0.4.0-1 [7240 B]
Get:139 http://127.0.0.1:12990/debian sid/main amd64 python3-pytest-remotedata all 0.3.2-1 [8972 B]
Get:140 http://127.0.0.1:12990/debian sid/main amd64 python3-pytest-astropy all 0.7.0-1 [4648 B]
Get:141 http://127.0.0.1:12990/debian sid/main amd64 python3-ply all 3.11-3 [65.1 kB]
Get:142 http://127.0.0.1:12990/debian sid/main amd64 python3-astropy amd64 4.0-4 [3412 kB]
Get:143 http://127.0.0.1:12990/debian sid/main amd64 python3-tz all 2019.3-1 [27.2 kB]
Get:144 http://127.0.0.1:12990/debian sid/main amd64 python3-babel all 2.8.0+dfsg.1-2 [99.8 kB]
Get:145 http://127.0.0.1:12990/debian sid/main amd64 python3-certifi all 2019.11.28-1 [149 kB]
Get:146 http://127.0.0.1:12990/debian sid/main amd64 python3-chardet all 3.0.4-4 [80.8 kB]
Get:147 http://127.0.0.1:12990/debian sid/main amd64 python3-cpl amd64 0.7.4-2+b1 [35.5 kB]
Get:148 http://127.0.0.1:12990/debian sid/main amd64 python3-roman all 2.0.0-3 [8768 B]
Get:149 http://127.0.0.1:12990/debian sid/main amd64 python3-docutils all 0.16+dfsg-1 [383 kB]
Get:150 http://127.0.0.1:12990/debian sid/main amd64 python3-idna all 2.6-2 [34.4 kB]
Get:151 http://127.0.0.1:12990/debian sid/main amd64 python3-imagesize all 1.2.0-1 [5764 B]
Get:152 http://127.0.0.1:12990/debian sid/main amd64 python3-markupsafe amd64 1.1.0-1+b2 [15.5 kB]
Get:153 http://127.0.0.1:12990/debian sid/main amd64 python3-jinja2 all 2.10.1-1 [107 kB]
Get:154 http://127.0.0.1:12990/debian sid/main amd64 python3-pygments all 2.3.1+dfsg-1 [594 kB]
Get:155 http://127.0.0.1:12990/debian sid/main amd64 python3-urllib3 all 1.25.8-1 [104 kB]
Get:156 http://127.0.0.1:12990/debian sid/main amd64 python3-requests all 2.22.0-2 [67.0 kB]
Get:157 http://127.0.0.1:12990/debian sid/main amd64 sphinx-common all 1.8.5-5 [491 kB]
Get:158 http://127.0.0.1:12990/debian sid/main amd64 python3-sphinx all 1.8.5-5 [482 kB]
debconf: delaying package configuration, since apt-utils is not installed
Fetched 66.1 MB in 1s (94.9 MB/s)
Selecting previously unselected package bsdmainutils.
(Reading database ... 12960 files and directories currently installed.)
Preparing to unpack .../0-bsdmainutils_11.1.2+b1_amd64.deb ...
Unpacking bsdmainutils (11.1.2+b1) ...
Selecting previously unselected package libuchardet0:amd64.
Preparing to unpack .../1-libuchardet0_0.0.6-3_amd64.deb ...
Unpacking libuchardet0:amd64 (0.0.6-3) ...
Selecting previously unselected package groff-base.
Preparing to unpack .../2-groff-base_1.22.4-4_amd64.deb ...
Unpacking groff-base (1.22.4-4) ...
Selecting previously unselected package libpipeline1:amd64.
Preparing to unpack .../3-libpipeline1_1.5.2-2_amd64.deb ...
Unpacking libpipeline1:amd64 (1.5.2-2) ...
Selecting previously unselected package man-db.
Preparing to unpack .../4-man-db_2.9.0-2_amd64.deb ...
Unpacking man-db (2.9.0-2) ...
Selecting previously unselected package libssl1.1:amd64.
Preparing to unpack .../5-libssl1.1_1.1.1d-2_amd64.deb ...
Unpacking libssl1.1:amd64 (1.1.1d-2) ...
Selecting previously unselected package libpython3.7-minimal:amd64.
Preparing to unpack .../6-libpython3.7-minimal_3.7.6-1+b1_amd64.deb ...
Unpacking libpython3.7-minimal:amd64 (3.7.6-1+b1) ...
Selecting previously unselected package libexpat1:amd64.
Preparing to unpack .../7-libexpat1_2.2.9-1_amd64.deb ...
Unpacking libexpat1:amd64 (2.2.9-1) ...
Selecting previously unselected package python3.7-minimal.
Preparing to unpack .../8-python3.7-minimal_3.7.6-1+b1_amd64.deb ...
Unpacking python3.7-minimal (3.7.6-1+b1) ...
Setting up libssl1.1:amd64 (1.1.1d-2) ...
Setting up libpython3.7-minimal:amd64 (3.7.6-1+b1) ...
Setting up libexpat1:amd64 (2.2.9-1) ...
Setting up python3.7-minimal (3.7.6-1+b1) ...
Selecting previously unselected package python3-minimal.
(Reading database ... 13869 files and directories currently installed.)
Preparing to unpack .../0-python3-minimal_3.7.5-3_amd64.deb ...
Unpacking python3-minimal (3.7.5-3) ...
Selecting previously unselected package mime-support.
Preparing to unpack .../1-mime-support_3.64_all.deb ...
Unpacking mime-support (3.64) ...
Selecting previously unselected package libmpdec2:amd64.
Preparing to unpack .../2-libmpdec2_2.4.2-2_amd64.deb ...
Unpacking libmpdec2:amd64 (2.4.2-2) ...
Selecting previously unselected package readline-common.
Preparing to unpack .../3-readline-common_8.0-4_all.deb ...
Unpacking readline-common (8.0-4) ...
Selecting previously unselected package libreadline8:amd64.
Preparing to unpack .../4-libreadline8_8.0-4_amd64.deb ...
Unpacking libreadline8:amd64 (8.0-4) ...
Selecting previously unselected package libsqlite3-0:amd64.
Preparing to unpack .../5-libsqlite3-0_3.31.1-3_amd64.deb ...
Unpacking libsqlite3-0:amd64 (3.31.1-3) ...
Selecting previously unselected package libpython3.7-stdlib:amd64.
Preparing to unpack .../6-libpython3.7-stdlib_3.7.6-1+b1_amd64.deb ...
Unpacking libpython3.7-stdlib:amd64 (3.7.6-1+b1) ...
Selecting previously unselected package python3.7.
Preparing to unpack .../7-python3.7_3.7.6-1+b1_amd64.deb ...
Unpacking python3.7 (3.7.6-1+b1) ...
Selecting previously unselected package libpython3-stdlib:amd64.
Preparing to unpack .../8-libpython3-stdlib_3.7.5-3_amd64.deb ...
Unpacking libpython3-stdlib:amd64 (3.7.5-3) ...
Setting up python3-minimal (3.7.5-3) ...
Selecting previously unselected package python3.
(Reading database ... 14340 files and directories currently installed.)
Preparing to unpack .../000-python3_3.7.5-3_amd64.deb ...
Unpacking python3 (3.7.5-3) ...
Selecting previously unselected package libpython3.8-minimal:amd64.
Preparing to unpack .../001-libpython3.8-minimal_3.8.2~rc2-2_amd64.deb ...
Unpacking libpython3.8-minimal:amd64 (3.8.2~rc2-2) ...
Selecting previously unselected package python3.8-minimal.
Preparing to unpack .../002-python3.8-minimal_3.8.2~rc2-2_amd64.deb ...
Unpacking python3.8-minimal (3.8.2~rc2-2) ...
Selecting previously unselected package sgml-base.
Preparing to unpack .../003-sgml-base_1.29.1_all.deb ...
Unpacking sgml-base (1.29.1) ...
Selecting previously unselected package sensible-utils.
Preparing to unpack .../004-sensible-utils_0.0.12+nmu1_all.deb ...
Unpacking sensible-utils (0.0.12+nmu1) ...
Selecting previously unselected package libmagic-mgc.
Preparing to unpack .../005-libmagic-mgc_1%3a5.38-4_amd64.deb ...
Unpacking libmagic-mgc (1:5.38-4) ...
Selecting previously unselected package libmagic1:amd64.
Preparing to unpack .../006-libmagic1_1%3a5.38-4_amd64.deb ...
Unpacking libmagic1:amd64 (1:5.38-4) ...
Selecting previously unselected package file.
Preparing to unpack .../007-file_1%3a5.38-4_amd64.deb ...
Unpacking file (1:5.38-4) ...
Selecting previously unselected package gettext-base.
Preparing to unpack .../008-gettext-base_0.19.8.1-10_amd64.deb ...
Unpacking gettext-base (0.19.8.1-10) ...
Selecting previously unselected package ucf.
Preparing to unpack .../009-ucf_3.0038+nmu1_all.deb ...
Moving old data out of the way
Unpacking ucf (3.0038+nmu1) ...
Selecting previously unselected package libsigsegv2:amd64.
Preparing to unpack .../010-libsigsegv2_2.12-2_amd64.deb ...
Unpacking libsigsegv2:amd64 (2.12-2) ...
Selecting previously unselected package m4.
Preparing to unpack .../011-m4_1.4.18-4_amd64.deb ...
Unpacking m4 (1.4.18-4) ...
Selecting previously unselected package autoconf.
Preparing to unpack .../012-autoconf_2.69-11.1_all.deb ...
Unpacking autoconf (2.69-11.1) ...
Selecting previously unselected package autotools-dev.
Preparing to unpack .../013-autotools-dev_20180224.1_all.deb ...
Unpacking autotools-dev (20180224.1) ...
Selecting previously unselected package automake.
Preparing to unpack .../014-automake_1%3a1.16.1-4_all.deb ...
Unpacking automake (1:1.16.1-4) ...
Selecting previously unselected package autopoint.
Preparing to unpack .../015-autopoint_0.19.8.1-10_all.deb ...
Unpacking autopoint (0.19.8.1-10) ...
Selecting previously unselected package openssl.
Preparing to unpack .../016-openssl_1.1.1d-2_amd64.deb ...
Unpacking openssl (1.1.1d-2) ...
Selecting previously unselected package ca-certificates.
Preparing to unpack .../017-ca-certificates_20190110_all.deb ...
Unpacking ca-certificates (20190110) ...
Selecting previously unselected package libtool.
Preparing to unpack .../018-libtool_2.4.6-13_all.deb ...
Unpacking libtool (2.4.6-13) ...
Selecting previously unselected package dh-autoreconf.
Preparing to unpack .../019-dh-autoreconf_19_all.deb ...
Unpacking dh-autoreconf (19) ...
Selecting previously unselected package libdebhelper-perl.
Preparing to unpack .../020-libdebhelper-perl_12.9_all.deb ...
Unpacking libdebhelper-perl (12.9) ...
Selecting previously unselected package libarchive-zip-perl.
Preparing to unpack .../021-libarchive-zip-perl_1.67-1_all.deb ...
Unpacking libarchive-zip-perl (1.67-1) ...
Selecting previously unselected package libsub-override-perl.
Preparing to unpack .../022-libsub-override-perl_0.09-2_all.deb ...
Unpacking libsub-override-perl (0.09-2) ...
Selecting previously unselected package libfile-stripnondeterminism-perl.
Preparing to unpack .../023-libfile-stripnondeterminism-perl_1.6.3-2_all.deb ...
Unpacking libfile-stripnondeterminism-perl (1.6.3-2) ...
Selecting previously unselected package dh-strip-nondeterminism.
Preparing to unpack .../024-dh-strip-nondeterminism_1.6.3-2_all.deb ...
Unpacking dh-strip-nondeterminism (1.6.3-2) ...
Selecting previously unselected package libelf1:amd64.
Preparing to unpack .../025-libelf1_0.176-1.1_amd64.deb ...
Unpacking libelf1:amd64 (0.176-1.1) ...
Selecting previously unselected package dwz.
Preparing to unpack .../026-dwz_0.13-5_amd64.deb ...
Unpacking dwz (0.13-5) ...
Selecting previously unselected package libglib2.0-0:amd64.
Preparing to unpack .../027-libglib2.0-0_2.62.4-2_amd64.deb ...
Unpacking libglib2.0-0:amd64 (2.62.4-2) ...
Selecting previously unselected package libicu63:amd64.
Preparing to unpack .../028-libicu63_63.2-2_amd64.deb ...
Unpacking libicu63:amd64 (63.2-2) ...
Selecting previously unselected package libxml2:amd64.
Preparing to unpack .../029-libxml2_2.9.10+dfsg-3_amd64.deb ...
Unpacking libxml2:amd64 (2.9.10+dfsg-3) ...
Selecting previously unselected package libcroco3:amd64.
Preparing to unpack .../030-libcroco3_0.6.13-1_amd64.deb ...
Unpacking libcroco3:amd64 (0.6.13-1) ...
Selecting previously unselected package gettext.
Preparing to unpack .../031-gettext_0.19.8.1-10_amd64.deb ...
Unpacking gettext (0.19.8.1-10) ...
Selecting previously unselected package intltool-debian.
Preparing to unpack .../032-intltool-debian_0.35.0+20060710.5_all.deb ...
Unpacking intltool-debian (0.35.0+20060710.5) ...
Selecting previously unselected package po-debconf.
Preparing to unpack .../033-po-debconf_1.0.21_all.deb ...
Unpacking po-debconf (1.0.21) ...
Selecting previously unselected package debhelper.
Preparing to unpack .../034-debhelper_12.9_all.deb ...
Unpacking debhelper (12.9) ...
Selecting previously unselected package xml-core.
Preparing to unpack .../035-xml-core_0.18+nmu1_all.deb ...
Unpacking xml-core (0.18+nmu1) ...
Selecting previously unselected package docutils-common.
Preparing to unpack .../036-docutils-common_0.16+dfsg-1_all.deb ...
Unpacking docutils-common (0.16+dfsg-1) ...
Selecting previously unselected package fonts-dejavu-core.
Preparing to unpack .../037-fonts-dejavu-core_2.37-1_all.deb ...
Unpacking fonts-dejavu-core (2.37-1) ...
Selecting previously unselected package fontconfig-config.
Preparing to unpack .../038-fontconfig-config_2.13.1-2_all.deb ...
Unpacking fontconfig-config (2.13.1-2) ...
Selecting previously unselected package libblas3:amd64.
Preparing to unpack .../039-libblas3_3.9.0-1_amd64.deb ...
Unpacking libblas3:amd64 (3.9.0-1) ...
Selecting previously unselected package libbrotli1:amd64.
Preparing to unpack .../040-libbrotli1_1.0.7-6_amd64.deb ...
Unpacking libbrotli1:amd64 (1.0.7-6) ...
Selecting previously unselected package libpng16-16:amd64.
Preparing to unpack .../041-libpng16-16_1.6.37-2_amd64.deb ...
Unpacking libpng16-16:amd64 (1.6.37-2) ...
Selecting previously unselected package libfreetype6:amd64.
Preparing to unpack .../042-libfreetype6_2.10.1-2_amd64.deb ...
Unpacking libfreetype6:amd64 (2.10.1-2) ...
Selecting previously unselected package libfontconfig1:amd64.
Preparing to unpack .../043-libfontconfig1_2.13.1-2+b1_amd64.deb ...
Unpacking libfontconfig1:amd64 (2.13.1-2+b1) ...
Selecting previously unselected package libpixman-1-0:amd64.
Preparing to unpack .../044-libpixman-1-0_0.36.0-1_amd64.deb ...
Unpacking libpixman-1-0:amd64 (0.36.0-1) ...
Selecting previously unselected package libxau6:amd64.
Preparing to unpack .../045-libxau6_1%3a1.0.8-1+b2_amd64.deb ...
Unpacking libxau6:amd64 (1:1.0.8-1+b2) ...
Selecting previously unselected package libxdmcp6:amd64.
Preparing to unpack .../046-libxdmcp6_1%3a1.1.2-3_amd64.deb ...
Unpacking libxdmcp6:amd64 (1:1.1.2-3) ...
Selecting previously unselected package libxcb1:amd64.
Preparing to unpack .../047-libxcb1_1.13.1-5_amd64.deb ...
Unpacking libxcb1:amd64 (1.13.1-5) ...
Selecting previously unselected package libx11-data.
Preparing to unpack .../048-libx11-data_2%3a1.6.8-1_all.deb ...
Unpacking libx11-data (2:1.6.8-1) ...
Selecting previously unselected package libx11-6:amd64.
Preparing to unpack .../049-libx11-6_2%3a1.6.8-1_amd64.deb ...
Unpacking libx11-6:amd64 (2:1.6.8-1) ...
Selecting previously unselected package libxcb-render0:amd64.
Preparing to unpack .../050-libxcb-render0_1.13.1-5_amd64.deb ...
Unpacking libxcb-render0:amd64 (1.13.1-5) ...
Selecting previously unselected package libxcb-shm0:amd64.
Preparing to unpack .../051-libxcb-shm0_1.13.1-5_amd64.deb ...
Unpacking libxcb-shm0:amd64 (1.13.1-5) ...
Selecting previously unselected package libxext6:amd64.
Preparing to unpack .../052-libxext6_2%3a1.3.3-1+b2_amd64.deb ...
Unpacking libxext6:amd64 (2:1.3.3-1+b2) ...
Selecting previously unselected package libxrender1:amd64.
Preparing to unpack .../053-libxrender1_1%3a0.9.10-1_amd64.deb ...
Unpacking libxrender1:amd64 (1:0.9.10-1) ...
Selecting previously unselected package libcairo2:amd64.
Preparing to unpack .../054-libcairo2_1.16.0-4_amd64.deb ...
Unpacking libcairo2:amd64 (1.16.0-4) ...
Selecting previously unselected package libcext0:amd64.
Preparing to unpack .../055-libcext0_7.1.2+dfsg-1+b2_amd64.deb ...
Unpacking libcext0:amd64 (7.1.2+dfsg-1+b2) ...
Selecting previously unselected package libcext-dev.
Preparing to unpack .../056-libcext-dev_7.1.2+dfsg-1+b2_amd64.deb ...
Unpacking libcext-dev (7.1.2+dfsg-1+b2) ...
Selecting previously unselected package libkeyutils1:amd64.
Preparing to unpack .../057-libkeyutils1_1.6.1-2_amd64.deb ...
Unpacking libkeyutils1:amd64 (1.6.1-2) ...
Selecting previously unselected package libkrb5support0:amd64.
Preparing to unpack .../058-libkrb5support0_1.17-6_amd64.deb ...
Unpacking libkrb5support0:amd64 (1.17-6) ...
Selecting previously unselected package libk5crypto3:amd64.
Preparing to unpack .../059-libk5crypto3_1.17-6_amd64.deb ...
Unpacking libk5crypto3:amd64 (1.17-6) ...
Selecting previously unselected package libkrb5-3:amd64.
Preparing to unpack .../060-libkrb5-3_1.17-6_amd64.deb ...
Unpacking libkrb5-3:amd64 (1.17-6) ...
Selecting previously unselected package libgssapi-krb5-2:amd64.
Preparing to unpack .../061-libgssapi-krb5-2_1.17-6_amd64.deb ...
Unpacking libgssapi-krb5-2:amd64 (1.17-6) ...
Selecting previously unselected package libsasl2-modules-db:amd64.
Preparing to unpack .../062-libsasl2-modules-db_2.1.27+dfsg-2_amd64.deb ...
Unpacking libsasl2-modules-db:amd64 (2.1.27+dfsg-2) ...
Selecting previously unselected package libsasl2-2:amd64.
Preparing to unpack .../063-libsasl2-2_2.1.27+dfsg-2_amd64.deb ...
Unpacking libsasl2-2:amd64 (2.1.27+dfsg-2) ...
Selecting previously unselected package libldap-common.
Preparing to unpack .../064-libldap-common_2.4.49+dfsg-1_all.deb ...
Unpacking libldap-common (2.4.49+dfsg-1) ...
Selecting previously unselected package libldap-2.4-2:amd64.
Preparing to unpack .../065-libldap-2.4-2_2.4.49+dfsg-1_amd64.deb ...
Unpacking libldap-2.4-2:amd64 (2.4.49+dfsg-1) ...
Selecting previously unselected package libnghttp2-14:amd64.
Preparing to unpack .../066-libnghttp2-14_1.40.0-1_amd64.deb ...
Unpacking libnghttp2-14:amd64 (1.40.0-1) ...
Selecting previously unselected package libpsl5:amd64.
Preparing to unpack .../067-libpsl5_0.20.2-2_amd64.deb ...
Unpacking libpsl5:amd64 (0.20.2-2) ...
Selecting previously unselected package librtmp1:amd64.
Preparing to unpack .../068-librtmp1_2.4+20151223.gitfa8646d.1-2+b1_amd64.deb ...
Unpacking librtmp1:amd64 (2.4+20151223.gitfa8646d.1-2+b1) ...
Selecting previously unselected package libssh2-1:amd64.
Preparing to unpack .../069-libssh2-1_1.8.0-2.1_amd64.deb ...
Unpacking libssh2-1:amd64 (1.8.0-2.1) ...
Selecting previously unselected package libcurl3-gnutls:amd64.
Preparing to unpack .../070-libcurl3-gnutls_7.68.0-1_amd64.deb ...
Unpacking libcurl3-gnutls:amd64 (7.68.0-1) ...
Selecting previously unselected package libcfitsio8:amd64.
Preparing to unpack .../071-libcfitsio8_3.470-3_amd64.deb ...
Unpacking libcfitsio8:amd64 (3.470-3) ...
Selecting previously unselected package libcfitsio-dev:amd64.
Preparing to unpack .../072-libcfitsio-dev_3.470-3_amd64.deb ...
Unpacking libcfitsio-dev:amd64 (3.470-3) ...
Selecting previously unselected package libfftw3-double3:amd64.
Preparing to unpack .../073-libfftw3-double3_3.3.8-2_amd64.deb ...
Unpacking libfftw3-double3:amd64 (3.3.8-2) ...
Selecting previously unselected package libfftw3-single3:amd64.
Preparing to unpack .../074-libfftw3-single3_3.3.8-2_amd64.deb ...
Unpacking libfftw3-single3:amd64 (3.3.8-2) ...
Selecting previously unselected package libcplcore26:amd64.
Preparing to unpack .../075-libcplcore26_7.1.2+dfsg-1+b2_amd64.deb ...
Unpacking libcplcore26:amd64 (7.1.2+dfsg-1+b2) ...
Selecting previously unselected package libcplui26:amd64.
Preparing to unpack .../076-libcplui26_7.1.2+dfsg-1+b2_amd64.deb ...
Unpacking libcplui26:amd64 (7.1.2+dfsg-1+b2) ...
Selecting previously unselected package libcpldfs26:amd64.
Preparing to unpack .../077-libcpldfs26_7.1.2+dfsg-1+b2_amd64.deb ...
Unpacking libcpldfs26:amd64 (7.1.2+dfsg-1+b2) ...
Selecting previously unselected package libwcs7:amd64.
Preparing to unpack .../078-libwcs7_7.1+ds-2_amd64.deb ...
Unpacking libwcs7:amd64 (7.1+ds-2) ...
Selecting previously unselected package libcpldrs26:amd64.
Preparing to unpack .../079-libcpldrs26_7.1.2+dfsg-1+b2_amd64.deb ...
Unpacking libcpldrs26:amd64 (7.1.2+dfsg-1+b2) ...
Selecting previously unselected package libgfortran5:amd64.
Preparing to unpack .../080-libgfortran5_10-20200222-1_amd64.deb ...
Unpacking libgfortran5:amd64 (10-20200222-1) ...
Selecting previously unselected package libgiza0:amd64.
Preparing to unpack .../081-libgiza0_1.1.0-1_amd64.deb ...
Unpacking libgiza0:amd64 (1.1.0-1) ...
Selecting previously unselected package libpgplot0:amd64.
Preparing to unpack .../082-libpgplot0_1.1.0-1_amd64.deb ...
Unpacking libpgplot0:amd64 (1.1.0-1) ...
Selecting previously unselected package libpgsbox7:amd64.
Preparing to unpack .../083-libpgsbox7_7.1+ds-2_amd64.deb ...
Unpacking libpgsbox7:amd64 (7.1+ds-2) ...
Selecting previously unselected package wcslib-dev:amd64.
Preparing to unpack .../084-wcslib-dev_7.1+ds-2_amd64.deb ...
Unpacking wcslib-dev:amd64 (7.1+ds-2) ...
Selecting previously unselected package libcpl-dev.
Preparing to unpack .../085-libcpl-dev_7.1.2+dfsg-1+b2_amd64.deb ...
Unpacking libcpl-dev (7.1.2+dfsg-1+b2) ...
Selecting previously unselected package liberfa1:amd64.
Preparing to unpack .../086-liberfa1_1.7.0-1_amd64.deb ...
Unpacking liberfa1:amd64 (1.7.0-1) ...
Selecting previously unselected package libjs-jquery.
Preparing to unpack .../087-libjs-jquery_3.3.1~dfsg-3_all.deb ...
Unpacking libjs-jquery (3.3.1~dfsg-3) ...
Selecting previously unselected package libjs-underscore.
Preparing to unpack .../088-libjs-underscore_1.9.1~dfsg-1_all.deb ...
Unpacking libjs-underscore (1.9.1~dfsg-1) ...
Selecting previously unselected package libjs-sphinxdoc.
Preparing to unpack .../089-libjs-sphinxdoc_1.8.5-5_all.deb ...
Unpacking libjs-sphinxdoc (1.8.5-5) ...
Selecting previously unselected package liblapack3:amd64.
Preparing to unpack .../090-liblapack3_3.9.0-1_amd64.deb ...
Unpacking liblapack3:amd64 (3.9.0-1) ...
Selecting previously unselected package libpython3.8-stdlib:amd64.
Preparing to unpack .../091-libpython3.8-stdlib_3.8.2~rc2-2_amd64.deb ...
Unpacking libpython3.8-stdlib:amd64 (3.8.2~rc2-2) ...
Selecting previously unselected package python-babel-localedata.
Preparing to unpack .../092-python-babel-localedata_2.8.0+dfsg.1-2_all.deb ...
Unpacking python-babel-localedata (2.8.0+dfsg.1-2) ...
Selecting previously unselected package python3-alabaster.
Preparing to unpack .../093-python3-alabaster_0.7.8-1_all.deb ...
Unpacking python3-alabaster (0.7.8-1) ...
Selecting previously unselected package python3-six.
Preparing to unpack .../094-python3-six_1.14.0-2_all.deb ...
Unpacking python3-six (1.14.0-2) ...
Selecting previously unselected package python3-configobj.
Preparing to unpack .../095-python3-configobj_5.0.6-3_all.deb ...
Unpacking python3-configobj (5.0.6-3) ...
Selecting previously unselected package python3-lib2to3.
Preparing to unpack .../096-python3-lib2to3_3.8.0-1_all.deb ...
Unpacking python3-lib2to3 (3.8.0-1) ...
Selecting previously unselected package python3-distutils.
Preparing to unpack .../097-python3-distutils_3.8.0-1_all.deb ...
Unpacking python3-distutils (3.8.0-1) ...
Selecting previously unselected package python3-attr.
Preparing to unpack .../098-python3-attr_19.3.0-1_all.deb ...
Unpacking python3-attr (19.3.0-1) ...
Selecting previously unselected package python3-more-itertools.
Preparing to unpack .../099-python3-more-itertools_4.2.0-1_all.deb ...
Unpacking python3-more-itertools (4.2.0-1) ...
Selecting previously unselected package python3-pkg-resources.
Preparing to unpack .../100-python3-pkg-resources_44.0.0-1_all.deb ...
Unpacking python3-pkg-resources (44.0.0-1) ...
Selecting previously unselected package python3-zipp.
Preparing to unpack .../101-python3-zipp_1.0.0-1_all.deb ...
Unpacking python3-zipp (1.0.0-1) ...
Selecting previously unselected package python3-importlib-metadata.
Preparing to unpack .../102-python3-importlib-metadata_1.5.0-1_all.deb ...
Unpacking python3-importlib-metadata (1.5.0-1) ...
Selecting previously unselected package python3-pluggy.
Preparing to unpack .../103-python3-pluggy_0.13.0-2_all.deb ...
Unpacking python3-pluggy (0.13.0-2) ...
Selecting previously unselected package python3-py.
Preparing to unpack .../104-python3-py_1.8.1-1_all.deb ...
Unpacking python3-py (1.8.1-1) ...
Selecting previously unselected package python3-atomicwrites.
Preparing to unpack .../105-python3-atomicwrites_1.1.5-2_all.deb ...
Unpacking python3-atomicwrites (1.1.5-2) ...
Selecting previously unselected package python3-pyparsing.
Preparing to unpack .../106-python3-pyparsing_2.4.6-1_all.deb ...
Unpacking python3-pyparsing (2.4.6-1) ...
Selecting previously unselected package python3-packaging.
Preparing to unpack .../107-python3-packaging_19.1-2_all.deb ...
Unpacking python3-packaging (19.1-2) ...
Selecting previously unselected package python3-wcwidth.
Preparing to unpack .../108-python3-wcwidth_0.1.8+dfsg1-3_all.deb ...
Unpacking python3-wcwidth (0.1.8+dfsg1-3) ...
Selecting previously unselected package python3-pytest.
Preparing to unpack .../109-python3-pytest_4.6.9-1_all.deb ...
Unpacking python3-pytest (4.6.9-1) ...
Selecting previously unselected package python3-dateutil.
Preparing to unpack .../110-python3-dateutil_2.7.3-3_all.deb ...
Unpacking python3-dateutil (2.7.3-3) ...
Selecting previously unselected package python3-hypothesis.
Preparing to unpack .../111-python3-hypothesis_4.36.2-1_all.deb ...
Unpacking python3-hypothesis (4.36.2-1) ...
Selecting previously unselected package python3.8.
Preparing to unpack .../112-python3.8_3.8.2~rc2-2_amd64.deb ...
Unpacking python3.8 (3.8.2~rc2-2) ...
Selecting previously unselected package python3-numpy.
Preparing to unpack .../113-python3-numpy_1%3a1.17.4-5_amd64.deb ...
Unpacking python3-numpy (1:1.17.4-5) ...
Selecting previously unselected package python3-pytest-arraydiff.
Preparing to unpack .../114-python3-pytest-arraydiff_0.3-1_all.deb ...
Unpacking python3-pytest-arraydiff (0.3-1) ...
Selecting previously unselected package python3-pytest-astropy-header.
Preparing to unpack .../115-python3-pytest-astropy-header_0.1.2-1_all.deb ...
Unpacking python3-pytest-astropy-header (0.1.2-1) ...
Selecting previously unselected package python3-pytest-doctestplus.
Preparing to unpack .../116-python3-pytest-doctestplus_0.5.0-2_all.deb ...
Unpacking python3-pytest-doctestplus (0.5.0-2) ...
Selecting previously unselected package python3-psutil.
Preparing to unpack .../117-python3-psutil_5.6.7-2_amd64.deb ...
Unpacking python3-psutil (5.6.7-2) ...
Selecting previously unselected package python3-pytest-openfiles.
Preparing to unpack .../118-python3-pytest-openfiles_0.4.0-1_all.deb ...
Unpacking python3-pytest-openfiles (0.4.0-1) ...
Selecting previously unselected package python3-pytest-remotedata.
Preparing to unpack .../119-python3-pytest-remotedata_0.3.2-1_all.deb ...
Unpacking python3-pytest-remotedata (0.3.2-1) ...
Selecting previously unselected package python3-pytest-astropy.
Preparing to unpack .../120-python3-pytest-astropy_0.7.0-1_all.deb ...
Unpacking python3-pytest-astropy (0.7.0-1) ...
Selecting previously unselected package python3-ply.
Preparing to unpack .../121-python3-ply_3.11-3_all.deb ...
Unpacking python3-ply (3.11-3) ...
Selecting previously unselected package python3-astropy.
Preparing to unpack .../122-python3-astropy_4.0-4_amd64.deb ...
Unpacking python3-astropy (4.0-4) ...
Selecting previously unselected package python3-tz.
Preparing to unpack .../123-python3-tz_2019.3-1_all.deb ...
Unpacking python3-tz (2019.3-1) ...
Selecting previously unselected package python3-babel.
Preparing to unpack .../124-python3-babel_2.8.0+dfsg.1-2_all.deb ...
Unpacking python3-babel (2.8.0+dfsg.1-2) ...
Selecting previously unselected package python3-certifi.
Preparing to unpack .../125-python3-certifi_2019.11.28-1_all.deb ...
Unpacking python3-certifi (2019.11.28-1) ...
Selecting previously unselected package python3-chardet.
Preparing to unpack .../126-python3-chardet_3.0.4-4_all.deb ...
Unpacking python3-chardet (3.0.4-4) ...
Selecting previously unselected package python3-cpl.
Preparing to unpack .../127-python3-cpl_0.7.4-2+b1_amd64.deb ...
Unpacking python3-cpl (0.7.4-2+b1) ...
Selecting previously unselected package python3-roman.
Preparing to unpack .../128-python3-roman_2.0.0-3_all.deb ...
Unpacking python3-roman (2.0.0-3) ...
Selecting previously unselected package python3-docutils.
Preparing to unpack .../129-python3-docutils_0.16+dfsg-1_all.deb ...
Unpacking python3-docutils (0.16+dfsg-1) ...
Selecting previously unselected package python3-idna.
Preparing to unpack .../130-python3-idna_2.6-2_all.deb ...
Unpacking python3-idna (2.6-2) ...
Selecting previously unselected package python3-imagesize.
Preparing to unpack .../131-python3-imagesize_1.2.0-1_all.deb ...
Unpacking python3-imagesize (1.2.0-1) ...
Selecting previously unselected package python3-markupsafe.
Preparing to unpack .../132-python3-markupsafe_1.1.0-1+b2_amd64.deb ...
Unpacking python3-markupsafe (1.1.0-1+b2) ...
Selecting previously unselected package python3-jinja2.
Preparing to unpack .../133-python3-jinja2_2.10.1-1_all.deb ...
Unpacking python3-jinja2 (2.10.1-1) ...
Selecting previously unselected package python3-pygments.
Preparing to unpack .../134-python3-pygments_2.3.1+dfsg-1_all.deb ...
Unpacking python3-pygments (2.3.1+dfsg-1) ...
Selecting previously unselected package python3-urllib3.
Preparing to unpack .../135-python3-urllib3_1.25.8-1_all.deb ...
Unpacking python3-urllib3 (1.25.8-1) ...
Selecting previously unselected package python3-requests.
Preparing to unpack .../136-python3-requests_2.22.0-2_all.deb ...
Unpacking python3-requests (2.22.0-2) ...
Selecting previously unselected package sphinx-common.
Preparing to unpack .../137-sphinx-common_1.8.5-5_all.deb ...
Unpacking sphinx-common (1.8.5-5) ...
Selecting previously unselected package python3-sphinx.
Preparing to unpack .../138-python3-sphinx_1.8.5-5_all.deb ...
Unpacking python3-sphinx (1.8.5-5) ...
Selecting previously unselected package sbuild-build-depends-main-dummy.
Preparing to unpack .../139-sbuild-build-depends-main-dummy_0.invalid.0_amd64.deb ...
Unpacking sbuild-build-depends-main-dummy (0.invalid.0) ...
Setting up libpipeline1:amd64 (1.5.2-2) ...
Setting up liberfa1:amd64 (1.7.0-1) ...
Setting up libpixman-1-0:amd64 (0.36.0-1) ...
Setting up libxau6:amd64 (1:1.0.8-1+b2) ...
Setting up libxdmcp6:amd64 (1:1.1.2-3) ...
Setting up libwcs7:amd64 (7.1+ds-2) ...
Setting up libkeyutils1:amd64 (1.6.1-2) ...
Setting up libpsl5:amd64 (0.20.2-2) ...
Setting up libxcb1:amd64 (1.13.1-5) ...
Setting up libpython3.8-minimal:amd64 (3.8.2~rc2-2) ...
Setting up libfftw3-single3:amd64 (3.3.8-2) ...
Setting up mime-support (3.64) ...
Setting up libmagic-mgc (1:5.38-4) ...
Setting up libxcb-render0:amd64 (1.13.1-5) ...
Setting up libarchive-zip-perl (1.67-1) ...
Setting up libglib2.0-0:amd64 (2.62.4-2) ...
No schema files found: doing nothing.
Setting up libdebhelper-perl (12.9) ...
Setting up libbrotli1:amd64 (1.0.7-6) ...
Setting up libsqlite3-0:amd64 (3.31.1-3) ...
Setting up libnghttp2-14:amd64 (1.40.0-1) ...
Setting up libmagic1:amd64 (1:5.38-4) ...
Setting up gettext-base (0.19.8.1-10) ...
Setting up libxcb-shm0:amd64 (1.13.1-5) ...
Setting up file (1:5.38-4) ...
Setting up libldap-common (2.4.49+dfsg-1) ...
Setting up libicu63:amd64 (63.2-2) ...
Setting up python-babel-localedata (2.8.0+dfsg.1-2) ...
Setting up libkrb5support0:amd64 (1.17-6) ...
Setting up libsasl2-modules-db:amd64 (2.1.27+dfsg-2) ...
Setting up autotools-dev (20180224.1) ...
Setting up libblas3:amd64 (3.9.0-1) ...
update-alternatives: using /usr/lib/x86_64-linux-gnu/blas/libblas.so.3 to provide /usr/lib/x86_64-linux-gnu/libblas.so.3 (libblas.so.3-x86_64-linux-gnu) in auto mode
Setting up libx11-data (2:1.6.8-1) ...
Setting up librtmp1:amd64 (2.4+20151223.gitfa8646d.1-2+b1) ...
Setting up libsigsegv2:amd64 (2.12-2) ...
Setting up bsdmainutils (11.1.2+b1) ...
update-alternatives: using /usr/bin/bsd-write to provide /usr/bin/write (write) in auto mode
update-alternatives: using /usr/bin/bsd-from to provide /usr/bin/from (from) in auto mode
Setting up libpng16-16:amd64 (1.6.37-2) ...
Setting up autopoint (0.19.8.1-10) ...
Setting up fonts-dejavu-core (2.37-1) ...
Setting up libk5crypto3:amd64 (1.17-6) ...
Setting up libfftw3-double3:amd64 (3.3.8-2) ...
Setting up libsasl2-2:amd64 (2.1.27+dfsg-2) ...
Setting up libgfortran5:amd64 (10-20200222-1) ...
Setting up python3.8-minimal (3.8.2~rc2-2) ...
Setting up sensible-utils (0.0.12+nmu1) ...
Setting up libuchardet0:amd64 (0.0.6-3) ...
Setting up libsub-override-perl (0.09-2) ...
Setting up libx11-6:amd64 (2:1.6.8-1) ...
Setting up libssh2-1:amd64 (1.8.0-2.1) ...
Setting up sgml-base (1.29.1) ...
Setting up libkrb5-3:amd64 (1.17-6) ...
Setting up libmpdec2:amd64 (2.4.2-2) ...
Setting up libcext0:amd64 (7.1.2+dfsg-1+b2) ...
Setting up libjs-jquery (3.3.1~dfsg-3) ...
Setting up openssl (1.1.1d-2) ...
Setting up libelf1:amd64 (0.176-1.1) ...
Setting up readline-common (8.0-4) ...
Setting up libxml2:amd64 (2.9.10+dfsg-3) ...
Setting up libcext-dev (7.1.2+dfsg-1+b2) ...
Setting up libjs-underscore (1.9.1~dfsg-1) ...
Setting up libfile-stripnondeterminism-perl (1.6.3-2) ...
Setting up liblapack3:amd64 (3.9.0-1) ...
update-alternatives: using /usr/lib/x86_64-linux-gnu/lapack/liblapack.so.3 to provide /usr/lib/x86_64-linux-gnu/liblapack.so.3 (liblapack.so.3-x86_64-linux-gnu) in auto mode
Setting up libxrender1:amd64 (1:0.9.10-1) ...
Setting up libtool (2.4.6-13) ...
Setting up libreadline8:amd64 (8.0-4) ...
Setting up libxext6:amd64 (2:1.3.3-1+b2) ...
Setting up libldap-2.4-2:amd64 (2.4.49+dfsg-1) ...
Setting up m4 (1.4.18-4) ...
Setting up ca-certificates (20190110) ...
Updating certificates in /etc/ssl/certs...
128 added, 0 removed; done.
Setting up libfreetype6:amd64 (2.10.1-2) ...
Setting up libgssapi-krb5-2:amd64 (1.17-6) ...
Setting up libcroco3:amd64 (0.6.13-1) ...
Setting up ucf (3.0038+nmu1) ...
Setting up libjs-sphinxdoc (1.8.5-5) ...
Setting up autoconf (2.69-11.1) ...
Setting up dh-strip-nondeterminism (1.6.3-2) ...
Setting up dwz (0.13-5) ...
Setting up groff-base (1.22.4-4) ...
Setting up xml-core (0.18+nmu1) ...
Setting up libpython3.8-stdlib:amd64 (3.8.2~rc2-2) ...
Setting up python3.8 (3.8.2~rc2-2) ...
Setting up automake (1:1.16.1-4) ...
update-alternatives: using /usr/bin/automake-1.16 to provide /usr/bin/automake (automake) in auto mode
Setting up libpython3.7-stdlib:amd64 (3.7.6-1+b1) ...
Setting up gettext (0.19.8.1-10) ...
Setting up fontconfig-config (2.13.1-2) ...
Setting up libcurl3-gnutls:amd64 (7.68.0-1) ...
Setting up man-db (2.9.0-2) ...
Not building database; man-db/auto-update is not 'true'.
Setting up intltool-debian (0.35.0+20060710.5) ...
Setting up libcfitsio8:amd64 (3.470-3) ...
Setting up sphinx-common (1.8.5-5) ...
Setting up libfontconfig1:amd64 (2.13.1-2+b1) ...
Setting up libpython3-stdlib:amd64 (3.7.5-3) ...
Setting up python3.7 (3.7.6-1+b1) ...
Setting up libcfitsio-dev:amd64 (3.470-3) ...
Setting up po-debconf (1.0.21) ...
Setting up python3 (3.7.5-3) ...
Setting up python3-markupsafe (1.1.0-1+b2) ...
Setting up libcairo2:amd64 (1.16.0-4) ...
Setting up python3-psutil (5.6.7-2) ...
Setting up python3-tz (2019.3-1) ...
Setting up python3-atomicwrites (1.1.5-2) ...
Setting up python3-six (1.14.0-2) ...
Setting up python3-roman (2.0.0-3) ...
Setting up python3-jinja2 (2.10.1-1) ...
Setting up python3-pygments (2.3.1+dfsg-1) ...
Setting up libcplcore26:amd64 (7.1.2+dfsg-1+b2) ...
Setting up python3-configobj (5.0.6-3) ...
Setting up python3-wcwidth (0.1.8+dfsg1-3) ...
Setting up python3-pyparsing (2.4.6-1) ...
Setting up python3-certifi (2019.11.28-1) ...
Setting up python3-idna (2.6-2) ...
Setting up python3-urllib3 (1.25.8-1) ...
Setting up libcplui26:amd64 (7.1.2+dfsg-1+b2) ...
Setting up python3-dateutil (2.7.3-3) ...
Setting up python3-lib2to3 (3.8.0-1) ...
Setting up libgiza0:amd64 (1.1.0-1) ...
Setting up libpgplot0:amd64 (1.1.0-1) ...
Setting up python3-imagesize (1.2.0-1) ...
Setting up python3-pkg-resources (44.0.0-1) ...
Setting up python3-distutils (3.8.0-1) ...
Setting up python3-more-itertools (4.2.0-1) ...
Setting up python3-attr (19.3.0-1) ...
Setting up libcpldrs26:amd64 (7.1.2+dfsg-1+b2) ...
Setting up python3-py (1.8.1-1) ...
Setting up python3-babel (2.8.0+dfsg.1-2) ...
update-alternatives: using /usr/bin/pybabel-python3 to provide /usr/bin/pybabel (pybabel) in auto mode
Setting up python3-alabaster (0.7.8-1) ...
Setting up python3-hypothesis (4.36.2-1) ...
Setting up python3-ply (3.11-3) ...
Setting up libcpldfs26:amd64 (7.1.2+dfsg-1+b2) ...
Setting up python3-zipp (1.0.0-1) ...
Setting up python3-packaging (19.1-2) ...
Setting up python3-chardet (3.0.4-4) ...
Setting up libpgsbox7:amd64 (7.1+ds-2) ...
Setting up python3-requests (2.22.0-2) ...
Setting up python3-numpy (1:1.17.4-5) ...
Setting up python3-importlib-metadata (1.5.0-1) ...
Setting up wcslib-dev:amd64 (7.1+ds-2) ...
Setting up libcpl-dev (7.1.2+dfsg-1+b2) ...
Setting up python3-pluggy (0.13.0-2) ...
Setting up python3-pytest (4.6.9-1) ...
Setting up python3-pytest-arraydiff (0.3-1) ...
Setting up python3-pytest-remotedata (0.3.2-1) ...
Setting up python3-pytest-doctestplus (0.5.0-2) ...
Setting up python3-pytest-openfiles (0.4.0-1) ...
Setting up python3-pytest-astropy-header (0.1.2-1) ...
Setting up python3-pytest-astropy (0.7.0-1) ...
Setting up python3-astropy (4.0-4) ...
Setting up python3-cpl (0.7.4-2+b1) ...
Setting up dh-autoreconf (19) ...
Setting up debhelper (12.9) ...
Processing triggers for libc-bin (2.29-10) ...
Processing triggers for sgml-base (1.29.1) ...
Setting up docutils-common (0.16+dfsg-1) ...
Processing triggers for sgml-base (1.29.1) ...
Setting up python3-docutils (0.16+dfsg-1) ...
update-alternatives: using /usr/share/docutils/scripts/python3/rst-buildhtml to provide /usr/bin/rst-buildhtml (rst-buildhtml) in auto mode
update-alternatives: using /usr/share/docutils/scripts/python3/rst2html to provide /usr/bin/rst2html (rst2html) in auto mode
update-alternatives: using /usr/share/docutils/scripts/python3/rst2html4 to provide /usr/bin/rst2html4 (rst2html4) in auto mode
update-alternatives: using /usr/share/docutils/scripts/python3/rst2html5 to provide /usr/bin/rst2html5 (rst2html5) in auto mode
update-alternatives: using /usr/share/docutils/scripts/python3/rst2latex to provide /usr/bin/rst2latex (rst2latex) in auto mode
update-alternatives: using /usr/share/docutils/scripts/python3/rst2man to provide /usr/bin/rst2man (rst2man) in auto mode
update-alternatives: using /usr/share/docutils/scripts/python3/rst2odt to provide /usr/bin/rst2odt (rst2odt) in auto mode
update-alternatives: using /usr/share/docutils/scripts/python3/rst2odt_prepstyles to provide /usr/bin/rst2odt_prepstyles (rst2odt_prepstyles) in auto mode
update-alternatives: using /usr/share/docutils/scripts/python3/rst2pseudoxml to provide /usr/bin/rst2pseudoxml (rst2pseudoxml) in auto mode
update-alternatives: using /usr/share/docutils/scripts/python3/rst2s5 to provide /usr/bin/rst2s5 (rst2s5) in auto mode
update-alternatives: using /usr/share/docutils/scripts/python3/rst2xetex to provide /usr/bin/rst2xetex (rst2xetex) in auto mode
update-alternatives: using /usr/share/docutils/scripts/python3/rst2xml to provide /usr/bin/rst2xml (rst2xml) in auto mode
update-alternatives: using /usr/share/docutils/scripts/python3/rstpep2html to provide /usr/bin/rstpep2html (rstpep2html) in auto mode
Setting up python3-sphinx (1.8.5-5) ...
update-alternatives: using /usr/share/sphinx/scripts/python3/sphinx-apidoc to provide /usr/bin/sphinx-apidoc (sphinx-apidoc) in auto mode
update-alternatives: using /usr/share/sphinx/scripts/python3/sphinx-autogen to provide /usr/bin/sphinx-autogen (sphinx-autogen) in auto mode
update-alternatives: using /usr/share/sphinx/scripts/python3/sphinx-build to provide /usr/bin/sphinx-build (sphinx-build) in auto mode
update-alternatives: using /usr/share/sphinx/scripts/python3/sphinx-quickstart to provide /usr/bin/sphinx-quickstart (sphinx-quickstart) in auto mode
Setting up sbuild-build-depends-main-dummy (0.invalid.0) ...
Processing triggers for ca-certificates (20190110) ...
Updating certificates in /etc/ssl/certs...
0 added, 0 removed; done.
Running hooks in /etc/ca-certificates/update.d...
done.

+------------------------------------------------------------------------------+
| Check architectures                                                          |
+------------------------------------------------------------------------------+

Arch check ok (amd64 included in any all)

+------------------------------------------------------------------------------+
| Build environment                                                            |
+------------------------------------------------------------------------------+

Kernel: Linux 4.19.0-6-cloud-amd64 #1 SMP Debian 4.19.67-2+deb10u2 (2019-11-11) amd64 (x86_64)
Toolchain package versions: binutils_2.34-3 dpkg-dev_1.19.7 g++-9_9.2.1-30 gcc-9_9.2.1-30 libc6-dev_2.29-10 libstdc++-9-dev_9.2.1-30 libstdc++6_10-20200222-1 linux-libc-dev_5.4.19-1
Package versions: adduser_3.118 apt_1.8.4 autoconf_2.69-11.1 automake_1:1.16.1-4 autopoint_0.19.8.1-10 autotools-dev_20180224.1 base-files_11 base-passwd_3.5.47 bash_5.0-6 binutils_2.34-3 binutils-common_2.34-3 binutils-x86-64-linux-gnu_2.34-3 bsdmainutils_11.1.2+b1 bsdutils_1:2.34-0.1 build-essential_12.8 bzip2_1.0.8-2 ca-certificates_20190110 clang-10_1:10.0.0~+rc2-1 coreutils_8.30-3+b1 cpp_4:9.2.1-3.1 cpp-9_9.2.1-30 dash_0.5.10.2-6 debconf_1.5.73 debhelper_12.9 debian-archive-keyring_2019.1 debianutils_4.9.1 dh-autoreconf_19 dh-strip-nondeterminism_1.6.3-2 diffutils_1:3.7-3 docutils-common_0.16+dfsg-1 dpkg_1.19.7 dpkg-dev_1.19.7 dwz_0.13-5 e2fsprogs_1.45.5-2 fakeroot_1.24-1 fdisk_2.34-0.1 file_1:5.38-4 findutils_4.7.0-1 fontconfig-config_2.13.1-2 fonts-dejavu-core_2.37-1 g++_4:9.2.1-3.1 g++-9_9.2.1-30 gcc_4:9.2.1-3.1 gcc-10-base_10-20200222-1 gcc-9_9.2.1-30 gcc-9-base_9.2.1-30 gettext_0.19.8.1-10 gettext-base_0.19.8.1-10 gpgv_2.2.19-1 grep_3.4-1 groff-base_1.22.4-4 gzip_1.9-3+b1 hostname_3.23 init-system-helpers_1.57 intltool-debian_0.35.0+20060710.5 lib32gcc-s1_10-20200222-1 lib32gcc1_1:10-20200222-1 lib32stdc++6_10-20200222-1 libacl1_2.2.53-5 libapt-pkg5.0_1.8.4 libarchive-zip-perl_1.67-1 libasan5_9.2.1-30 libatomic1_10-20200222-1 libattr1_1:2.4.48-5 libaudit-common_1:2.8.5-2 libaudit1_1:2.8.5-2+b1 libbinutils_2.34-3 libblas3_3.9.0-1 libblkid1_2.34-0.1 libbrotli1_1.0.7-6 libbsd0_0.10.0-1 libbz2-1.0_1.0.8-2 libc-bin_2.29-10 libc-dev-bin_2.29-10 libc6_2.29-10 libc6-dev_2.29-10 libc6-i386_2.29-10 libcairo2_1.16.0-4 libcap-ng0_0.7.9-2.1+b1 libcc1-0_10-20200222-1 libcext-dev_7.1.2+dfsg-1+b2 libcext0_7.1.2+dfsg-1+b2 libcfitsio-dev_3.470-3 libcfitsio8_3.470-3 libclang-common-10-dev_1:10.0.0~+rc2-1 libclang-cpp10_1:10.0.0~+rc2-1 libclang1-10_1:10.0.0~+rc2-1 libcom-err2_1.45.5-2 libcpl-dev_7.1.2+dfsg-1+b2 libcplcore26_7.1.2+dfsg-1+b2 libcpldfs26_7.1.2+dfsg-1+b2 libcpldrs26_7.1.2+dfsg-1+b2 libcplui26_7.1.2+dfsg-1+b2 libcroco3_0.6.13-1 libcrypt-dev_1:4.4.10-10 libcrypt1_1:4.4.10-10 libctf-nobfd0_2.34-3 libctf0_2.34-3 libcurl3-gnutls_7.68.0-1 libdb5.3_5.3.28+dfsg1-0.6 libdebconfclient0_0.251 libdebhelper-perl_12.9 libdpkg-perl_1.19.7 libedit2_3.1-20191231-1 libelf1_0.176-1.1 liberfa1_1.7.0-1 libexpat1_2.2.9-1 libext2fs2_1.45.5-2 libfakeroot_1.24-1 libfdisk1_2.34-0.1 libffi7_3.3-3 libfftw3-double3_3.3.8-2 libfftw3-single3_3.3.8-2 libfile-stripnondeterminism-perl_1.6.3-2 libfontconfig1_2.13.1-2+b1 libfreetype6_2.10.1-2 libgc1c2_1:7.6.4-0.4 libgcc-9-dev_9.2.1-30 libgcc-s1_10-20200222-1 libgcc1_1:10-20200222-1 libgcrypt20_1.8.5-5 libgdbm-compat4_1.18.1-5 libgdbm6_1.18.1-5 libgfortran5_10-20200222-1 libgiza0_1.1.0-1 libglib2.0-0_2.62.4-2 libgmp10_2:6.2.0+dfsg-4 libgnutls30_3.6.12-2 libgomp1_10-20200222-1 libgpg-error0_1.37-1 libgssapi-krb5-2_1.17-6 libhogweed5_3.5.1+really3.5.1-2 libicu63_63.2-2 libidn2-0_2.2.0-2 libisl22_0.22.1-1 libitm1_10-20200222-1 libjs-jquery_3.3.1~dfsg-3 libjs-sphinxdoc_1.8.5-5 libjs-underscore_1.9.1~dfsg-1 libk5crypto3_1.17-6 libkeyutils1_1.6.1-2 libkrb5-3_1.17-6 libkrb5support0_1.17-6 liblapack3_3.9.0-1 libldap-2.4-2_2.4.49+dfsg-1 libldap-common_2.4.49+dfsg-1 libllvm10_1:10.0.0~+rc2-1 liblsan0_10-20200222-1 liblz4-1_1.9.2-2 liblzma5_5.2.4-1+b1 libmagic-mgc_1:5.38-4 libmagic1_1:5.38-4 libmount1_2.34-0.1 libmpc3_1.1.0-1 libmpdec2_2.4.2-2 libmpfr6_4.0.2-1 libncursesw6_6.1+20191019-1 libnettle7_3.5.1+really3.5.1-2 libnghttp2-14_1.40.0-1 libobjc-9-dev_9.2.1-30 libobjc4_10-20200222-1 libomp-10-dev_1:10.0.0~+rc2-1 libomp5-10_1:10.0.0~+rc2-1 libp11-kit0_0.23.20-1 libpam-modules_1.3.1-5 libpam-modules-bin_1.3.1-5 libpam-runtime_1.3.1-5 libpam0g_1.3.1-5 libpcre2-8-0_10.34-7 libpcre3_2:8.39-12+b1 libperl5.30_5.30.0-9 libpgplot0_1.1.0-1 libpgsbox7_7.1+ds-2 libpipeline1_1.5.2-2 libpixman-1-0_0.36.0-1 libpng16-16_1.6.37-2 libpsl5_0.20.2-2 libpython3-stdlib_3.7.5-3 libpython3.7-minimal_3.7.6-1+b1 libpython3.7-stdlib_3.7.6-1+b1 libpython3.8-minimal_3.8.2~rc2-2 libpython3.8-stdlib_3.8.2~rc2-2 libquadmath0_10-20200222-1 libreadline8_8.0-4 librtmp1_2.4+20151223.gitfa8646d.1-2+b1 libsasl2-2_2.1.27+dfsg-2 libsasl2-modules-db_2.1.27+dfsg-2 libseccomp2_2.4.2-2 libselinux1_3.0-1+b1 libsemanage-common_3.0-1 libsemanage1_3.0-1+b1 libsepol1_3.0-1 libsigsegv2_2.12-2 libsmartcols1_2.34-0.1 libsqlite3-0_3.31.1-3 libss2_1.45.5-2 libssh2-1_1.8.0-2.1 libssl1.1_1.1.1d-2 libstdc++-9-dev_9.2.1-30 libstdc++6_10-20200222-1 libsub-override-perl_0.09-2 libsystemd0_244.3-1 libtasn1-6_4.16.0-2 libtinfo6_6.1+20191019-1 libtool_2.4.6-13 libtsan0_10-20200222-1 libubsan1_10-20200222-1 libuchardet0_0.0.6-3 libudev1_244.3-1 libunistring2_0.9.10-2 libuuid1_2.34-0.1 libwcs7_7.1+ds-2 libx11-6_2:1.6.8-1 libx11-data_2:1.6.8-1 libxau6_1:1.0.8-1+b2 libxcb-render0_1.13.1-5 libxcb-shm0_1.13.1-5 libxcb1_1.13.1-5 libxdmcp6_1:1.1.2-3 libxext6_2:1.3.3-1+b2 libxml2_2.9.10+dfsg-3 libxrender1_1:0.9.10-1 libz3-4_4.8.7-4 libzstd1_1.4.4+dfsg-3 linux-libc-dev_5.4.19-1 login_1:4.8.1-1 logsave_1.45.5-2 lsb-base_11.1.0 m4_1.4.18-4 make_4.2.1-1.2 man-db_2.9.0-2 mawk_1.3.4.20200120-2 mime-support_3.64 mount_2.34-0.1 ncurses-base_6.1+20191019-1 ncurses-bin_6.1+20191019-1 openssl_1.1.1d-2 passwd_1:4.8.1-1 patch_2.7.6-6 perl_5.30.0-9 perl-base_5.30.0-9 perl-modules-5.30_5.30.0-9 po-debconf_1.0.21 python-babel-localedata_2.8.0+dfsg.1-2 python3_3.7.5-3 python3-alabaster_0.7.8-1 python3-astropy_4.0-4 python3-atomicwrites_1.1.5-2 python3-attr_19.3.0-1 python3-babel_2.8.0+dfsg.1-2 python3-certifi_2019.11.28-1 python3-chardet_3.0.4-4 python3-configobj_5.0.6-3 python3-cpl_0.7.4-2+b1 python3-dateutil_2.7.3-3 python3-distutils_3.8.0-1 python3-docutils_0.16+dfsg-1 python3-hypothesis_4.36.2-1 python3-idna_2.6-2 python3-imagesize_1.2.0-1 python3-importlib-metadata_1.5.0-1 python3-jinja2_2.10.1-1 python3-lib2to3_3.8.0-1 python3-markupsafe_1.1.0-1+b2 python3-minimal_3.7.5-3 python3-more-itertools_4.2.0-1 python3-numpy_1:1.17.4-5 python3-packaging_19.1-2 python3-pkg-resources_44.0.0-1 python3-pluggy_0.13.0-2 python3-ply_3.11-3 python3-psutil_5.6.7-2 python3-py_1.8.1-1 python3-pygments_2.3.1+dfsg-1 python3-pyparsing_2.4.6-1 python3-pytest_4.6.9-1 python3-pytest-arraydiff_0.3-1 python3-pytest-astropy_0.7.0-1 python3-pytest-astropy-header_0.1.2-1 python3-pytest-doctestplus_0.5.0-2 python3-pytest-openfiles_0.4.0-1 python3-pytest-remotedata_0.3.2-1 python3-requests_2.22.0-2 python3-roman_2.0.0-3 python3-six_1.14.0-2 python3-sphinx_1.8.5-5 python3-tz_2019.3-1 python3-urllib3_1.25.8-1 python3-wcwidth_0.1.8+dfsg1-3 python3-zipp_1.0.0-1 python3.7_3.7.6-1+b1 python3.7-minimal_3.7.6-1+b1 python3.8_3.8.2~rc2-2 python3.8-minimal_3.8.2~rc2-2 readline-common_8.0-4 sbuild-build-depends-main-dummy_0.invalid.0 sed_4.7-1 sensible-utils_0.0.12+nmu1 sgml-base_1.29.1 sphinx-common_1.8.5-5 sysvinit-utils_2.96-2.1 tar_1.30+dfsg-6+b1 tzdata_2019c-3 ucf_3.0038+nmu1 util-linux_2.34-0.1 wcslib-dev_7.1+ds-2 xml-core_0.18+nmu1 xz-utils_5.2.4-1+b1 zlib1g_1:1.2.11.dfsg-2

+------------------------------------------------------------------------------+
| Build                                                                        |
+------------------------------------------------------------------------------+


Unpack source
-------------

-----BEGIN PGP SIGNED MESSAGE-----
Hash: SHA512

Format: 3.0 (quilt)
Source: cpl-plugin-muse
Binary: cpl-plugin-muse, cpl-plugin-muse-doc, cpl-plugin-muse-calib
Architecture: any all
Version: 2.8.1+dfsg-1
Maintainer: Debian Astro Team <debian-astro-maintainers@lists.alioth.debian.org>
Uploaders: Ole Streicher <olebole@debian.org>
Homepage: https://www.eso.org/sci/software/pipelines/muse
Standards-Version: 4.4.1
Vcs-Browser: https://salsa.debian.org/debian-astro-team/cpl-plugin-muse
Vcs-Git: https://salsa.debian.org/debian-astro-team/cpl-plugin-muse.git
Testsuite: autopkgtest
Testsuite-Triggers: python3-astropy, python3-cpl
Build-Depends: debhelper-compat (= 12), libcpl-dev (>= 6.5), python3, python3-astropy, python3-cpl, python3-sphinx
Package-List:
 cpl-plugin-muse deb science optional arch=any
 cpl-plugin-muse-calib deb contrib/science optional arch=all
 cpl-plugin-muse-doc deb doc optional arch=all
Checksums-Sha1:
 93e5accec0920f2ee2831c09af16958ceb5509ef 1200924 cpl-plugin-muse_2.8.1+dfsg.orig.tar.xz
 1fdb7e57df856377a7ab49354c6567935d66b923 13568 cpl-plugin-muse_2.8.1+dfsg-1.debian.tar.xz
Checksums-Sha256:
 303950474b506f82d59fdafbf5ac3ba7ac48bd050ebd3a9bb68e59bb6c23d67d 1200924 cpl-plugin-muse_2.8.1+dfsg.orig.tar.xz
 2bdd568d63577145693b06f0cabd54f8fb6a3218d8369aa5c2bfeecdcc9d526e 13568 cpl-plugin-muse_2.8.1+dfsg-1.debian.tar.xz
Files:
 ee6ad4837b566459dc4392c961cd168d 1200924 cpl-plugin-muse_2.8.1+dfsg.orig.tar.xz
 11027b604c819ae04ba6a225ec888993 13568 cpl-plugin-muse_2.8.1+dfsg-1.debian.tar.xz

-----BEGIN PGP SIGNATURE-----

iQIzBAEBCgAdFiEEuvxshffLFD/utvsVcRWv0HcQ3PcFAl3f7+0ACgkQcRWv0HcQ
3PfwRhAAv5Iz8FlRpvrutym9f+hI+gG4rorNjZ6n+l34zwhwAx5XP76Uql6uNSKG
9q+B+Aj8lPMzR8xxZX9iE2INbjGir5j2q4t5pzL4KGp/9gAE3vWiNqtgrzUT/+zx
DH4URIQJRbfQC6WfXZ4LvlIhNZduoNWWxmqWPzjZeQrvGu4hYKaLSZTXNKJ7m+hT
JZXUVlpfzLnTPIU/Hn1+8trEPyZJjb2+gL2EU5qupFsUVYHhOR8Tj9GOlglWkl+F
hUWWIKsbhwICJY1OJXZPDHV917z8jzbeoXrSoyp/eC6P9yi0GV27sGhkO013DDF/
98OPjYgjIaMtTMlxznGIQ3B3i7KJMijsbmOxCDVSLi7QGTvXLip8mKGdxoHX6ZHv
ROXN4bWyQ9jAgPE3F42hcU2lT0tBl64/tvdIeLlnTlyIRDJjmYtMyv/0rMiu46sc
xYG897/IKIdqEAXLVtR6Hrbxvn/7iXs6kS4CFt7OwPwbrCpPPIj5OGwBIMqvbQ9C
MxWsYSCZoHnJ35lOOJ63ZGKjNuxF9L/2Oei3iGUiSpKcUBy4Fv/zoip915uxkrYe
JWHHqM+MH47qW777Ug2wsTT+8Tuuf+NE65n962+tezntIcy9ruWGKZoHLngmpcFv
oKNCNHQPyXgjt1rL13YrmOAnyJ5jCsovbOJulyKeISlZxoshY0I=
=rOcw
-----END PGP SIGNATURE-----

gpgv: unknown type of key resource 'trustedkeys.kbx'
gpgv: keyblock resource '/sbuild-nonexistent/.gnupg/trustedkeys.kbx': General error
gpgv: Signature made Thu Nov 28 16:03:57 2019 UTC
gpgv:                using RSA key BAFC6C85F7CB143FEEB6FB157115AFD07710DCF7
gpgv: Can't check signature: No public key
dpkg-source: warning: failed to verify signature on ./cpl-plugin-muse_2.8.1+dfsg-1.dsc
dpkg-source: info: extracting cpl-plugin-muse in /<<PKGBUILDDIR>>
dpkg-source: info: unpacking cpl-plugin-muse_2.8.1+dfsg.orig.tar.xz
dpkg-source: info: unpacking cpl-plugin-muse_2.8.1+dfsg-1.debian.tar.xz
dpkg-source: info: using patch list from debian/patches/series
dpkg-source: info: applying libadd_cpl.patch
dpkg-source: info: applying set-plugindir.patch
dpkg-source: info: applying Force-serial-tests.patch
dpkg-source: info: applying Disable-tests-that-require-test-data.patch
dpkg-source: info: applying Propagate-LDFLAGS.patch
dpkg-source: info: applying Increase-rvcorrect-tolerance.patch
dpkg-source: info: applying Don-t-create-Makefile-in-non-existing-dir.patch

Check disk space
----------------

Sufficient free space for build

User Environment
----------------

APT_CONFIG=/var/lib/sbuild/apt.conf
HOME=/sbuild-nonexistent
LANG=C.UTF-8
LC_ALL=C.UTF-8
LOGNAME=user42
PATH=/usr/local/sbin:/usr/local/bin:/usr/sbin:/usr/bin:/sbin:/bin:/usr/games
SCHROOT_ALIAS_NAME=unstable
SCHROOT_CHROOT_NAME=sid-amd64-sbuild
SCHROOT_COMMAND=env
SCHROOT_GID=1001
SCHROOT_GROUP=user42
SCHROOT_SESSION_ID=sid-amd64-sbuild-bda50796-2658-443a-ab38-6f85aae032c3
SCHROOT_UID=1001
SCHROOT_USER=user42
SHELL=/bin/sh
USER=user42

dpkg-buildpackage
-----------------

Command: dpkg-buildpackage -us -uc -b -rfakeroot
dpkg-buildpackage: info: source package cpl-plugin-muse
dpkg-buildpackage: info: source version 2.8.1+dfsg-1
dpkg-buildpackage: info: source distribution unstable
dpkg-buildpackage: info: source changed by Ole Streicher <olebole@debian.org>
 dpkg-source --before-build .
dpkg-buildpackage: info: host architecture amd64
 fakeroot debian/rules clean
dh  clean --with sphinxdoc
   debian/rules override_dh_clean
make[1]: Entering directory '/<<PKGBUILDDIR>>'
dh_clean
rm -rf debian/cpl-plugin-muse.install \
               debian/cpl-plugin-muse-doc.manpages \
               debian/cpl-plugin-muse-doc.docs \
               debian/cpl-plugin-muse-doc.doc-base \
       debian/cpl-plugin-muse-calib.lintian-overrides \
       debian/cpl-plugin-muse-calib.install \
       debian/cpl-plugin-muse-calib.postinst \
               debian/cpl-plugin-muse-calib.prerm \
               debian/README.Debian \
       man sphinx
make[1]: Leaving directory '/<<PKGBUILDDIR>>'
 debian/rules build
dh  build --with sphinxdoc
   dh_update_autotools_config
   dh_autoreconf
libtoolize: putting auxiliary files in AC_CONFIG_AUX_DIR, 'admin'.
libtoolize: copying file 'admin/ltmain.sh'
libtoolize: putting macros in AC_CONFIG_MACRO_DIRS, 'm4'.
libtoolize: copying file 'm4/libtool.m4'
libtoolize: copying file 'm4/ltoptions.m4'
libtoolize: copying file 'm4/ltsugar.m4'
libtoolize: copying file 'm4/ltversion.m4'
libtoolize: copying file 'm4/lt~obsolete.m4'
configure.ac:38: installing 'admin/compile'
configure.ac:14: installing 'admin/missing'
muse/Makefile.am: installing 'admin/depcomp'
tests/Makefile.am:71: warning: variable 'muse_test_autocalib_SOURCES' is defined but no program or
tests/Makefile.am:71: library has 'muse_test_autocalib' as canonical name (possible typo)
tests/Makefile.am:76: warning: variable 'muse_test_cosmics_dcr_SOURCES' is defined but no program or
tests/Makefile.am:76: library has 'muse_test_cosmics_dcr' as canonical name (possible typo)
tests/Makefile.am:81: warning: variable 'muse_test_dar_SOURCES' is defined but no program or
tests/Makefile.am:81: library has 'muse_test_dar' as canonical name (possible typo)
tests/Makefile.am:84: warning: variable 'muse_test_findstars_SOURCES' is defined but no program or
tests/Makefile.am:84: library has 'muse_test_findstars' as canonical name (possible typo)
tests/Makefile.am:87: warning: variable 'muse_test_flux_SOURCES' is defined but no program or
tests/Makefile.am:87: library has 'muse_test_flux' as canonical name (possible typo)
tests/Makefile.am:90: warning: variable 'muse_test_general_statistics_SOURCES' is defined but no program or
tests/Makefile.am:90: library has 'muse_test_general_statistics' as canonical name (possible typo)
tests/Makefile.am:93: warning: variable 'muse_test_geo_SOURCES' is defined but no program or
tests/Makefile.am:93: library has 'muse_test_geo' as canonical name (possible typo)
tests/Makefile.am:100: warning: variable 'muse_test_lsf_SOURCES' is defined but no program or
tests/Makefile.am:100: library has 'muse_test_lsf' as canonical name (possible typo)
tests/Makefile.am:103: warning: variable 'muse_test_lsf_params_SOURCES' is defined but no program or
tests/Makefile.am:103: library has 'muse_test_lsf_params' as canonical name (possible typo)
tests/Makefile.am:112: warning: variable 'muse_test_pixtable_SOURCES' is defined but no program or
tests/Makefile.am:112: library has 'muse_test_pixtable' as canonical name (possible typo)
tests/Makefile.am:118: warning: variable 'muse_test_quadrants_SOURCES' is defined but no program or
tests/Makefile.am:118: library has 'muse_test_quadrants' as canonical name (possible typo)
tests/Makefile.am:121: warning: variable 'muse_test_quality_SOURCES' is defined but no program or
tests/Makefile.am:121: library has 'muse_test_quality' as canonical name (possible typo)
tests/Makefile.am:124: warning: variable 'muse_test_raman_SOURCES' is defined but no program or
tests/Makefile.am:124: library has 'muse_test_raman' as canonical name (possible typo)
tests/Makefile.am:127: warning: variable 'muse_test_resampling_SOURCES' is defined but no program or
tests/Makefile.am:127: library has 'muse_test_resampling' as canonical name (possible typo)
tests/Makefile.am:164: warning: variable 'muse_test_sky_master_SOURCES' is defined but no program or
tests/Makefile.am:164: library has 'muse_test_sky_master' as canonical name (possible typo)
tests/Makefile.am:167: warning: variable 'muse_test_sky_subtract_SOURCES' is defined but no program or
tests/Makefile.am:167: library has 'muse_test_sky_subtract' as canonical name (possible typo)
tests/Makefile.am:133: warning: variable 'muse_test_table_SOURCES' is defined but no program or
tests/Makefile.am:133: library has 'muse_test_table' as canonical name (possible typo)
tests/Makefile.am:135: warning: variable 'muse_test_trace_flat_SOURCES' is defined but no program or
tests/Makefile.am:135: library has 'muse_test_trace_flat' as canonical name (possible typo)
tests/Makefile.am:138: warning: variable 'muse_test_trace_locate_slices_SOURCES' is defined but no program or
tests/Makefile.am:138: library has 'muse_test_trace_locate_slices' as canonical name (possible typo)
tests/Makefile.am:141: warning: variable 'muse_test_utils_SOURCES' is defined but no program or
tests/Makefile.am:141: library has 'muse_test_utils' as canonical name (possible typo)
tests/Makefile.am:144: warning: variable 'muse_test_utils_fit_SOURCES' is defined but no program or
tests/Makefile.am:144: library has 'muse_test_utils_fit' as canonical name (possible typo)
tests/Makefile.am:150: warning: variable 'muse_test_wavecal_arc_SOURCES' is defined but no program or
tests/Makefile.am:150: library has 'muse_test_wavecal_arc' as canonical name (possible typo)
tests/Makefile.am:147: warning: variable 'muse_test_wavecal_arc_lampwise_SOURCES' is defined but no program or
tests/Makefile.am:147: library has 'muse_test_wavecal_arc_lampwise' as canonical name (possible typo)
tests/Makefile.am:153: warning: variable 'muse_test_wavecal_detect_lines_SOURCES' is defined but no program or
tests/Makefile.am:153: library has 'muse_test_wavecal_detect_lines' as canonical name (possible typo)
tests/Makefile.am:156: warning: variable 'muse_test_wavecal_map_SOURCES' is defined but no program or
tests/Makefile.am:156: library has 'muse_test_wavecal_map' as canonical name (possible typo)
tests/Makefile.am:159: warning: variable 'muse_test_wcs_SOURCES' is defined but no program or
tests/Makefile.am:159: library has 'muse_test_wcs' as canonical name (possible typo)
   debian/rules override_dh_auto_configure
make[1]: Entering directory '/<<PKGBUILDDIR>>'
dh_auto_configure -- --prefix=/usr/
	./configure --build=x86_64-linux-gnu --prefix=/usr --includedir=\${prefix}/include --mandir=\${prefix}/share/man --infodir=\${prefix}/share/info --sysconfdir=/etc --localstatedir=/var --disable-silent-rules --libdir=\${prefix}/lib/x86_64-linux-gnu --runstatedir=/run --disable-maintainer-mode --disable-dependency-tracking --prefix=/usr/
checking build system type... x86_64-pc-linux-gnu
checking host system type... x86_64-pc-linux-gnu
checking target system type... x86_64-pc-linux-gnu
checking for a BSD-compatible install... /usr/bin/install -c
checking whether build environment is sane... yes
checking for a thread-safe mkdir -p... /bin/mkdir -p
checking for gawk... no
checking for mawk... mawk
checking whether make sets $(MAKE)... yes
checking whether make supports nested variables... yes
checking whether make supports nested variables... (cached) yes
checking whether to enable maintainer-specific portions of Makefiles... no
checking for gcc... gcc
checking whether the C compiler works... yes
checking for C compiler default output file name... a.out
checking for suffix of executables... 
checking whether we are cross compiling... no
checking for suffix of object files... o
checking whether we are using the GNU C compiler... yes
checking whether gcc accepts -g... yes
checking for gcc option to accept ISO C89... none needed
checking whether gcc understands -c and -o together... yes
checking whether make supports the include directive... yes (GNU style)
checking dependency style of gcc... none
checking how to run the C preprocessor... gcc -E
checking whether ln -s works... yes
checking for pkg-config... no
checking whether debugging code should be created... no
checking for grep that handles long lines and -e... /bin/grep
checking for egrep... /bin/grep -E
checking whether strict compiler options should be used... no
checking whether gcc supports --std=c99... yes
checking whether gcc supports -Wno-overlength-strings... yes
checking for doxygen... no
checking for latex... no
checking for latex2html... no
checking for xsltproc... no
checking how to print strings... printf
checking for a sed that does not truncate output... /bin/sed
checking for fgrep... /bin/grep -F
checking for ld used by gcc... /usr/bin/ld
checking if the linker (/usr/bin/ld) is GNU ld... yes
checking for BSD- or MS-compatible name lister (nm)... /usr/bin/nm -B
checking the name lister (/usr/bin/nm -B) interface... BSD nm
checking the maximum length of command line arguments... 1572864
checking how to convert x86_64-pc-linux-gnu file names to x86_64-pc-linux-gnu format... func_convert_file_noop
checking how to convert x86_64-pc-linux-gnu file names to toolchain format... func_convert_file_noop
checking for /usr/bin/ld option to reload object files... -r
checking for objdump... objdump
checking how to recognize dependent libraries... pass_all
checking for dlltool... no
checking how to associate runtime and link libraries... printf %s\n
checking for ar... ar
checking for archiver @FILE support... @
checking for strip... strip
checking for ranlib... ranlib
checking command to parse /usr/bin/nm -B output from gcc object... ok
checking for sysroot... no
checking for a working dd... /bin/dd
checking how to truncate binary pipes... /bin/dd bs=4096 count=1
checking for mt... no
checking if : is a manifest tool... no
checking for ANSI C header files... yes
checking for sys/types.h... yes
checking for sys/stat.h... yes
checking for stdlib.h... yes
checking for string.h... yes
checking for memory.h... yes
checking for strings.h... yes
checking for inttypes.h... yes
checking for stdint.h... yes
checking for unistd.h... yes
checking for dlfcn.h... yes
checking for objdir... .libs
checking if gcc supports -fno-rtti -fno-exceptions... yes
checking for gcc option to produce PIC... -fPIC -DPIC
checking if gcc PIC flag -fPIC -DPIC works... yes
checking if gcc static flag -static works... yes
checking if gcc supports -c -o file.o... yes
checking if gcc supports -c -o file.o... (cached) yes
checking whether the gcc linker (/usr/bin/ld -m elf_x86_64) supports shared libraries... yes
checking whether -lc should be explicitly linked in... no
checking dynamic linker characteristics... GNU/Linux ld.so
checking how to hardcode library paths into programs... immediate
checking whether stripping libraries is possible... yes
checking if libtool supports shared libraries... yes
checking whether to build shared libraries... yes
checking whether to build static libraries... no
checking for pow in -lm... yes
checking for socket in -lsocket... no
checking for inet_ntoa in -lnsl... yes
checking for cairo... no
checking whether GCC has a working OpenMP implementation... yes (GCC )
checking for the compiler option to support OpenMP... -fopenmp
checking for library containing omp_get_num_threads... -lgomp
checking for ANSI C header files... (cached) yes
checking for strings.h... (cached) yes
checking for sys/stat.h... (cached) yes
checking for sys/types.h... (cached) yes
checking for unistd.h... (cached) yes
checking for dlfcn.h... (cached) yes
checking for an ANSI C-conforming const... yes
checking for inline... inline
checking for uint32_t... yes
checking for drand48... yes
checking for isinf... yes
checking for isnan... yes
checking for lround... yes
checking for popen... yes
checking for pclose... yes
checking for mkdtemp... yes
checking for readlink... yes
checking for isnormal... yes
checking for isfinite... yes
checking whether gettimeofday is declared... yes
checking for gettimeofday... yes
checking for CPL... yes
checking for a CPL version >= 6.6... 7.1.2
checking for a CPL version with FFTW support... yes
checking for extra includes... no
checking for extra libs... no
checking that generated files are newer than configure... done
configure: creating ./config.status
config.status: creating tools/Makefile
config.status: creating Makefile
config.status: creating Doxyfile
config.status: creating muse/Makefile
config.status: creating recipes/Makefile
config.status: creating reflex/Makefile
config.status: creating reflex/muse.xml
config.status: creating reflex/muse_exp_combine.xml
config.status: creating reflex/contrib_wkf/Makefile
config.status: creating reflex/contrib_wkf/zap/Makefile
config.status: creating tests/Makefile
config.status: creating xmldoc/Doxyfile
config.status: creating xmldoc/Makefile
config.status: creating config.h
config.status: executing depfiles commands
config.status: executing libtool commands
make[1]: Leaving directory '/<<PKGBUILDDIR>>'
   dh_auto_build
	make -j4
make[1]: Entering directory '/<<PKGBUILDDIR>>'
make  all-recursive
make[2]: Entering directory '/<<PKGBUILDDIR>>'
Making all in muse
make[3]: Entering directory '/<<PKGBUILDDIR>>/muse'
make  all-am
make[4]: Entering directory '/<<PKGBUILDDIR>>/muse'
/bin/bash ../libtool  --tag=CC   --mode=compile gcc -DHAVE_CONFIG_H -I. -I..  -DCX_LOG_DOMAIN=\"MuseLib\" -DNDEBUG -I../muse -I../muse -I/usr/include/cpl -I/usr/include  -Wdate-time -D_FORTIFY_SOURCE=2  -g -O2 -fdebug-prefix-map=/<<PKGBUILDDIR>>=. -fstack-protector-strong -Wformat -Werror=format-security --std=c99 -Wno-overlength-strings -fopenmp -c -o muse_data_format_z.lo muse_data_format_z.c
/bin/bash ../libtool  --tag=CC   --mode=compile gcc -DHAVE_CONFIG_H -I. -I..  -DCX_LOG_DOMAIN=\"MuseLib\" -DNDEBUG -I../muse -I../muse -I/usr/include/cpl -I/usr/include  -Wdate-time -D_FORTIFY_SOURCE=2  -g -O2 -fdebug-prefix-map=/<<PKGBUILDDIR>>=. -fstack-protector-strong -Wformat -Werror=format-security --std=c99 -Wno-overlength-strings -fopenmp -c -o muse_artifacts.lo muse_artifacts.c
/bin/bash ../libtool  --tag=CC   --mode=compile gcc -DHAVE_CONFIG_H -I. -I..  -DCX_LOG_DOMAIN=\"MuseLib\" -DNDEBUG -I../muse -I../muse -I/usr/include/cpl -I/usr/include  -Wdate-time -D_FORTIFY_SOURCE=2  -g -O2 -fdebug-prefix-map=/<<PKGBUILDDIR>>=. -fstack-protector-strong -Wformat -Werror=format-security --std=c99 -Wno-overlength-strings -fopenmp -c -o muse_autocalib.lo muse_autocalib.c
/bin/bash ../libtool  --tag=CC   --mode=compile gcc -DHAVE_CONFIG_H -I. -I..  -DCX_LOG_DOMAIN=\"MuseLib\" -DNDEBUG -I../muse -I../muse -I/usr/include/cpl -I/usr/include  -Wdate-time -D_FORTIFY_SOURCE=2  -g -O2 -fdebug-prefix-map=/<<PKGBUILDDIR>>=. -fstack-protector-strong -Wformat -Werror=format-security --std=c99 -Wno-overlength-strings -fopenmp -c -o muse_astro.lo muse_astro.c
libtool: compile:  gcc -DHAVE_CONFIG_H -I. -I.. -DCX_LOG_DOMAIN=\"MuseLib\" -DNDEBUG -I../muse -I../muse -I/usr/include/cpl -I/usr/include -Wdate-time -D_FORTIFY_SOURCE=2 -g -O2 -fdebug-prefix-map=/<<PKGBUILDDIR>>=. -fstack-protector-strong -Wformat -Werror=format-security --std=c99 -Wno-overlength-strings -fopenmp -c muse_artifacts.c  -fPIC -DPIC -o .libs/muse_artifacts.o
libtool: compile:  gcc -DHAVE_CONFIG_H -I. -I.. -DCX_LOG_DOMAIN=\"MuseLib\" -DNDEBUG -I../muse -I../muse -I/usr/include/cpl -I/usr/include -Wdate-time -D_FORTIFY_SOURCE=2 -g -O2 -fdebug-prefix-map=/<<PKGBUILDDIR>>=. -fstack-protector-strong -Wformat -Werror=format-security --std=c99 -Wno-overlength-strings -fopenmp -c muse_astro.c  -fPIC -DPIC -o .libs/muse_astro.o
libtool: compile:  gcc -DHAVE_CONFIG_H -I. -I.. -DCX_LOG_DOMAIN=\"MuseLib\" -DNDEBUG -I../muse -I../muse -I/usr/include/cpl -I/usr/include -Wdate-time -D_FORTIFY_SOURCE=2 -g -O2 -fdebug-prefix-map=/<<PKGBUILDDIR>>=. -fstack-protector-strong -Wformat -Werror=format-security --std=c99 -Wno-overlength-strings -fopenmp -c muse_autocalib.c  -fPIC -DPIC -o .libs/muse_autocalib.o
libtool: compile:  gcc -DHAVE_CONFIG_H -I. -I.. -DCX_LOG_DOMAIN=\"MuseLib\" -DNDEBUG -I../muse -I../muse -I/usr/include/cpl -I/usr/include -Wdate-time -D_FORTIFY_SOURCE=2 -g -O2 -fdebug-prefix-map=/<<PKGBUILDDIR>>=. -fstack-protector-strong -Wformat -Werror=format-security --std=c99 -Wno-overlength-strings -fopenmp -c muse_data_format_z.c  -fPIC -DPIC -o .libs/muse_data_format_z.o
/bin/bash ../libtool  --tag=CC   --mode=compile gcc -DHAVE_CONFIG_H -I. -I..  -DCX_LOG_DOMAIN=\"MuseLib\" -DNDEBUG -I../muse -I../muse -I/usr/include/cpl -I/usr/include  -Wdate-time -D_FORTIFY_SOURCE=2  -g -O2 -fdebug-prefix-map=/<<PKGBUILDDIR>>=. -fstack-protector-strong -Wformat -Werror=format-security --std=c99 -Wno-overlength-strings -fopenmp -c -o muse_basicproc.lo muse_basicproc.c
muse_autocalib.c:520:25: warning: format specifies type 'unsigned short' but the argument has type 'int' [-Wformat]
                        s+1, slice_flux[slidx], npts[k]);
                        ^~~
muse_autocalib.c:643:59: warning: format specifies type 'unsigned short' but the argument has type 'int' [-Wformat]
          cpl_msg_debug(__func__, "  - SLICE %02hu : %f", s+1, corr[k]);
                                             ~~~~~        ^~~
                                             %02d
muse_autocalib.c:699:33: warning: format specifies type 'unsigned short' but the argument has type 'int' [-Wformat]
                          "%f", s+1, oldcorr, corr[k]);
                                ^~~
libtool: compile:  gcc -DHAVE_CONFIG_H -I. -I.. -DCX_LOG_DOMAIN=\"MuseLib\" -DNDEBUG -I../muse -I../muse -I/usr/include/cpl -I/usr/include -Wdate-time -D_FORTIFY_SOURCE=2 -g -O2 -fdebug-prefix-map=/<<PKGBUILDDIR>>=. -fstack-protector-strong -Wformat -Werror=format-security --std=c99 -Wno-overlength-strings -fopenmp -c muse_basicproc.c  -fPIC -DPIC -o .libs/muse_basicproc.o
/bin/bash ../libtool  --tag=CC   --mode=compile gcc -DHAVE_CONFIG_H -I. -I..  -DCX_LOG_DOMAIN=\"MuseLib\" -DNDEBUG -I../muse -I../muse -I/usr/include/cpl -I/usr/include  -Wdate-time -D_FORTIFY_SOURCE=2  -g -O2 -fdebug-prefix-map=/<<PKGBUILDDIR>>=. -fstack-protector-strong -Wformat -Werror=format-security --std=c99 -Wno-overlength-strings -fopenmp -c -o muse_combine.lo muse_combine.c
libtool: compile:  gcc -DHAVE_CONFIG_H -I. -I.. -DCX_LOG_DOMAIN=\"MuseLib\" -DNDEBUG -I../muse -I../muse -I/usr/include/cpl -I/usr/include -Wdate-time -D_FORTIFY_SOURCE=2 -g -O2 -fdebug-prefix-map=/<<PKGBUILDDIR>>=. -fstack-protector-strong -Wformat -Werror=format-security --std=c99 -Wno-overlength-strings -fopenmp -c muse_combine.c  -fPIC -DPIC -o .libs/muse_combine.o
/bin/bash ../libtool  --tag=CC   --mode=compile gcc -DHAVE_CONFIG_H -I. -I..  -DCX_LOG_DOMAIN=\"MuseLib\" -DNDEBUG -I../muse -I../muse -I/usr/include/cpl -I/usr/include  -Wdate-time -D_FORTIFY_SOURCE=2  -g -O2 -fdebug-prefix-map=/<<PKGBUILDDIR>>=. -fstack-protector-strong -Wformat -Werror=format-security --std=c99 -Wno-overlength-strings -fopenmp -c -o muse_cplwrappers.lo muse_cplwrappers.c
libtool: compile:  gcc -DHAVE_CONFIG_H -I. -I.. -DCX_LOG_DOMAIN=\"MuseLib\" -DNDEBUG -I../muse -I../muse -I/usr/include/cpl -I/usr/include -Wdate-time -D_FORTIFY_SOURCE=2 -g -O2 -fdebug-prefix-map=/<<PKGBUILDDIR>>=. -fstack-protector-strong -Wformat -Werror=format-security --std=c99 -Wno-overlength-strings -fopenmp -c muse_cplwrappers.c  -fPIC -DPIC -o .libs/muse_cplwrappers.o
3 warnings generated.
/bin/bash ../libtool  --tag=CC   --mode=compile gcc -DHAVE_CONFIG_H -I. -I..  -DCX_LOG_DOMAIN=\"MuseLib\" -DNDEBUG -I../muse -I../muse -I/usr/include/cpl -I/usr/include  -Wdate-time -D_FORTIFY_SOURCE=2  -g -O2 -fdebug-prefix-map=/<<PKGBUILDDIR>>=. -fstack-protector-strong -Wformat -Werror=format-security --std=c99 -Wno-overlength-strings -fopenmp -c -o muse_dar.lo muse_dar.c
/bin/bash ../libtool  --tag=CC   --mode=compile gcc -DHAVE_CONFIG_H -I. -I..  -DCX_LOG_DOMAIN=\"MuseLib\" -DNDEBUG -I../muse -I../muse -I/usr/include/cpl -I/usr/include  -Wdate-time -D_FORTIFY_SOURCE=2  -g -O2 -fdebug-prefix-map=/<<PKGBUILDDIR>>=. -fstack-protector-strong -Wformat -Werror=format-security --std=c99 -Wno-overlength-strings -fopenmp -c -o muse_datacube.lo muse_datacube.c
libtool: compile:  gcc -DHAVE_CONFIG_H -I. -I.. -DCX_LOG_DOMAIN=\"MuseLib\" -DNDEBUG -I../muse -I../muse -I/usr/include/cpl -I/usr/include -Wdate-time -D_FORTIFY_SOURCE=2 -g -O2 -fdebug-prefix-map=/<<PKGBUILDDIR>>=. -fstack-protector-strong -Wformat -Werror=format-security --std=c99 -Wno-overlength-strings -fopenmp -c muse_dar.c  -fPIC -DPIC -o .libs/muse_dar.o
libtool: compile:  gcc -DHAVE_CONFIG_H -I. -I.. -DCX_LOG_DOMAIN=\"MuseLib\" -DNDEBUG -I../muse -I../muse -I/usr/include/cpl -I/usr/include -Wdate-time -D_FORTIFY_SOURCE=2 -g -O2 -fdebug-prefix-map=/<<PKGBUILDDIR>>=. -fstack-protector-strong -Wformat -Werror=format-security --std=c99 -Wno-overlength-strings -fopenmp -c muse_datacube.c  -fPIC -DPIC -o .libs/muse_datacube.o
/bin/bash ../libtool  --tag=CC   --mode=compile gcc -DHAVE_CONFIG_H -I. -I..  -DCX_LOG_DOMAIN=\"MuseLib\" -DNDEBUG -I../muse -I../muse -I/usr/include/cpl -I/usr/include  -Wdate-time -D_FORTIFY_SOURCE=2  -g -O2 -fdebug-prefix-map=/<<PKGBUILDDIR>>=. -fstack-protector-strong -Wformat -Werror=format-security --std=c99 -Wno-overlength-strings -fopenmp -c -o muse_findstars.lo muse_findstars.c
libtool: compile:  gcc -DHAVE_CONFIG_H -I. -I.. -DCX_LOG_DOMAIN=\"MuseLib\" -DNDEBUG -I../muse -I../muse -I/usr/include/cpl -I/usr/include -Wdate-time -D_FORTIFY_SOURCE=2 -g -O2 -fdebug-prefix-map=/<<PKGBUILDDIR>>=. -fstack-protector-strong -Wformat -Werror=format-security --std=c99 -Wno-overlength-strings -fopenmp -c muse_findstars.c  -fPIC -DPIC -o .libs/muse_findstars.o
/bin/bash ../libtool  --tag=CC   --mode=compile gcc -DHAVE_CONFIG_H -I. -I..  -DCX_LOG_DOMAIN=\"MuseLib\" -DNDEBUG -I../muse -I../muse -I/usr/include/cpl -I/usr/include  -Wdate-time -D_FORTIFY_SOURCE=2  -g -O2 -fdebug-prefix-map=/<<PKGBUILDDIR>>=. -fstack-protector-strong -Wformat -Werror=format-security --std=c99 -Wno-overlength-strings -fopenmp -c -o muse_flux.lo muse_flux.c
/bin/bash ../libtool  --tag=CC   --mode=compile gcc -DHAVE_CONFIG_H -I. -I..  -DCX_LOG_DOMAIN=\"MuseLib\" -DNDEBUG -I../muse -I../muse -I/usr/include/cpl -I/usr/include  -Wdate-time -D_FORTIFY_SOURCE=2  -g -O2 -fdebug-prefix-map=/<<PKGBUILDDIR>>=. -fstack-protector-strong -Wformat -Werror=format-security --std=c99 -Wno-overlength-strings -fopenmp -c -o muse_geo.lo muse_geo.c
libtool: compile:  gcc -DHAVE_CONFIG_H -I. -I.. -DCX_LOG_DOMAIN=\"MuseLib\" -DNDEBUG -I../muse -I../muse -I/usr/include/cpl -I/usr/include -Wdate-time -D_FORTIFY_SOURCE=2 -g -O2 -fdebug-prefix-map=/<<PKGBUILDDIR>>=. -fstack-protector-strong -Wformat -Werror=format-security --std=c99 -Wno-overlength-strings -fopenmp -c muse_flux.c  -fPIC -DPIC -o .libs/muse_flux.o
libtool: compile:  gcc -DHAVE_CONFIG_H -I. -I.. -DCX_LOG_DOMAIN=\"MuseLib\" -DNDEBUG -I../muse -I../muse -I/usr/include/cpl -I/usr/include -Wdate-time -D_FORTIFY_SOURCE=2 -g -O2 -fdebug-prefix-map=/<<PKGBUILDDIR>>=. -fstack-protector-strong -Wformat -Werror=format-security --std=c99 -Wno-overlength-strings -fopenmp -c muse_geo.c  -fPIC -DPIC -o .libs/muse_geo.o
/bin/bash ../libtool  --tag=CC   --mode=compile gcc -DHAVE_CONFIG_H -I. -I..  -DCX_LOG_DOMAIN=\"MuseLib\" -DNDEBUG -I../muse -I../muse -I/usr/include/cpl -I/usr/include  -Wdate-time -D_FORTIFY_SOURCE=2  -g -O2 -fdebug-prefix-map=/<<PKGBUILDDIR>>=. -fstack-protector-strong -Wformat -Werror=format-security --std=c99 -Wno-overlength-strings -fopenmp -c -o muse_idp.lo muse_idp.c
libtool: compile:  gcc -DHAVE_CONFIG_H -I. -I.. -DCX_LOG_DOMAIN=\"MuseLib\" -DNDEBUG -I../muse -I../muse -I/usr/include/cpl -I/usr/include -Wdate-time -D_FORTIFY_SOURCE=2 -g -O2 -fdebug-prefix-map=/<<PKGBUILDDIR>>=. -fstack-protector-strong -Wformat -Werror=format-security --std=c99 -Wno-overlength-strings -fopenmp -c muse_idp.c  -fPIC -DPIC -o .libs/muse_idp.o
/bin/bash ../libtool  --tag=CC   --mode=compile gcc -DHAVE_CONFIG_H -I. -I..  -DCX_LOG_DOMAIN=\"MuseLib\" -DNDEBUG -I../muse -I../muse -I/usr/include/cpl -I/usr/include  -Wdate-time -D_FORTIFY_SOURCE=2  -g -O2 -fdebug-prefix-map=/<<PKGBUILDDIR>>=. -fstack-protector-strong -Wformat -Werror=format-security --std=c99 -Wno-overlength-strings -fopenmp -c -o muse_image.lo muse_image.c
libtool: compile:  gcc -DHAVE_CONFIG_H -I. -I.. -DCX_LOG_DOMAIN=\"MuseLib\" -DNDEBUG -I../muse -I../muse -I/usr/include/cpl -I/usr/include -Wdate-time -D_FORTIFY_SOURCE=2 -g -O2 -fdebug-prefix-map=/<<PKGBUILDDIR>>=. -fstack-protector-strong -Wformat -Werror=format-security --std=c99 -Wno-overlength-strings -fopenmp -c muse_image.c  -fPIC -DPIC -o .libs/muse_image.o
/bin/bash ../libtool  --tag=CC   --mode=compile gcc -DHAVE_CONFIG_H -I. -I..  -DCX_LOG_DOMAIN=\"MuseLib\" -DNDEBUG -I../muse -I../muse -I/usr/include/cpl -I/usr/include  -Wdate-time -D_FORTIFY_SOURCE=2  -g -O2 -fdebug-prefix-map=/<<PKGBUILDDIR>>=. -fstack-protector-strong -Wformat -Werror=format-security --std=c99 -Wno-overlength-strings -fopenmp -c -o muse_imagelist.lo muse_imagelist.c
libtool: compile:  gcc -DHAVE_CONFIG_H -I. -I.. -DCX_LOG_DOMAIN=\"MuseLib\" -DNDEBUG -I../muse -I../muse -I/usr/include/cpl -I/usr/include -Wdate-time -D_FORTIFY_SOURCE=2 -g -O2 -fdebug-prefix-map=/<<PKGBUILDDIR>>=. -fstack-protector-strong -Wformat -Werror=format-security --std=c99 -Wno-overlength-strings -fopenmp -c muse_imagelist.c  -fPIC -DPIC -o .libs/muse_imagelist.o
/bin/bash ../libtool  --tag=CC   --mode=compile gcc -DHAVE_CONFIG_H -I. -I..  -DCX_LOG_DOMAIN=\"MuseLib\" -DNDEBUG -I../muse -I../muse -I/usr/include/cpl -I/usr/include  -Wdate-time -D_FORTIFY_SOURCE=2  -g -O2 -fdebug-prefix-map=/<<PKGBUILDDIR>>=. -fstack-protector-strong -Wformat -Werror=format-security --std=c99 -Wno-overlength-strings -fopenmp -c -o kdtree.lo kdtree.c
libtool: compile:  gcc -DHAVE_CONFIG_H -I. -I.. -DCX_LOG_DOMAIN=\"MuseLib\" -DNDEBUG -I../muse -I../muse -I/usr/include/cpl -I/usr/include -Wdate-time -D_FORTIFY_SOURCE=2 -g -O2 -fdebug-prefix-map=/<<PKGBUILDDIR>>=. -fstack-protector-strong -Wformat -Werror=format-security --std=c99 -Wno-overlength-strings -fopenmp -c kdtree.c  -fPIC -DPIC -o .libs/kdtree.o
/bin/bash ../libtool  --tag=CC   --mode=compile gcc -DHAVE_CONFIG_H -I. -I..  -DCX_LOG_DOMAIN=\"MuseLib\" -DNDEBUG -I../muse -I../muse -I/usr/include/cpl -I/usr/include  -Wdate-time -D_FORTIFY_SOURCE=2  -g -O2 -fdebug-prefix-map=/<<PKGBUILDDIR>>=. -fstack-protector-strong -Wformat -Werror=format-security --std=c99 -Wno-overlength-strings -fopenmp -c -o muse_kdmatch.lo muse_kdmatch.c
libtool: compile:  gcc -DHAVE_CONFIG_H -I. -I.. -DCX_LOG_DOMAIN=\"MuseLib\" -DNDEBUG -I../muse -I../muse -I/usr/include/cpl -I/usr/include -Wdate-time -D_FORTIFY_SOURCE=2 -g -O2 -fdebug-prefix-map=/<<PKGBUILDDIR>>=. -fstack-protector-strong -Wformat -Werror=format-security --std=c99 -Wno-overlength-strings -fopenmp -c muse_kdmatch.c  -fPIC -DPIC -o .libs/muse_kdmatch.o
/bin/bash ../libtool  --tag=CC   --mode=compile gcc -DHAVE_CONFIG_H -I. -I..  -DCX_LOG_DOMAIN=\"MuseLib\" -DNDEBUG -I../muse -I../muse -I/usr/include/cpl -I/usr/include  -Wdate-time -D_FORTIFY_SOURCE=2  -g -O2 -fdebug-prefix-map=/<<PKGBUILDDIR>>=. -fstack-protector-strong -Wformat -Werror=format-security --std=c99 -Wno-overlength-strings -fopenmp -c -o muse_lsf.lo muse_lsf.c
/bin/bash ../libtool  --tag=CC   --mode=compile gcc -DHAVE_CONFIG_H -I. -I..  -DCX_LOG_DOMAIN=\"MuseLib\" -DNDEBUG -I../muse -I../muse -I/usr/include/cpl -I/usr/include  -Wdate-time -D_FORTIFY_SOURCE=2  -g -O2 -fdebug-prefix-map=/<<PKGBUILDDIR>>=. -fstack-protector-strong -Wformat -Werror=format-security --std=c99 -Wno-overlength-strings -fopenmp -c -o muse_lsf_params.lo muse_lsf_params.c
/bin/bash ../libtool  --tag=CC   --mode=compile gcc -DHAVE_CONFIG_H -I. -I..  -DCX_LOG_DOMAIN=\"MuseLib\" -DNDEBUG -I../muse -I../muse -I/usr/include/cpl -I/usr/include  -Wdate-time -D_FORTIFY_SOURCE=2  -g -O2 -fdebug-prefix-map=/<<PKGBUILDDIR>>=. -fstack-protector-strong -Wformat -Werror=format-security --std=c99 -Wno-overlength-strings -fopenmp -c -o muse_mask.lo muse_mask.c
libtool: compile:  gcc -DHAVE_CONFIG_H -I. -I.. -DCX_LOG_DOMAIN=\"MuseLib\" -DNDEBUG -I../muse -I../muse -I/usr/include/cpl -I/usr/include -Wdate-time -D_FORTIFY_SOURCE=2 -g -O2 -fdebug-prefix-map=/<<PKGBUILDDIR>>=. -fstack-protector-strong -Wformat -Werror=format-security --std=c99 -Wno-overlength-strings -fopenmp -c muse_lsf.c  -fPIC -DPIC -o .libs/muse_lsf.o
libtool: compile:  gcc -DHAVE_CONFIG_H -I. -I.. -DCX_LOG_DOMAIN=\"MuseLib\" -DNDEBUG -I../muse -I../muse -I/usr/include/cpl -I/usr/include -Wdate-time -D_FORTIFY_SOURCE=2 -g -O2 -fdebug-prefix-map=/<<PKGBUILDDIR>>=. -fstack-protector-strong -Wformat -Werror=format-security --std=c99 -Wno-overlength-strings -fopenmp -c muse_lsf_params.c  -fPIC -DPIC -o .libs/muse_lsf_params.o
libtool: compile:  gcc -DHAVE_CONFIG_H -I. -I.. -DCX_LOG_DOMAIN=\"MuseLib\" -DNDEBUG -I../muse -I../muse -I/usr/include/cpl -I/usr/include -Wdate-time -D_FORTIFY_SOURCE=2 -g -O2 -fdebug-prefix-map=/<<PKGBUILDDIR>>=. -fstack-protector-strong -Wformat -Werror=format-security --std=c99 -Wno-overlength-strings -fopenmp -c muse_mask.c  -fPIC -DPIC -o .libs/muse_mask.o
/bin/bash ../libtool  --tag=CC   --mode=compile gcc -DHAVE_CONFIG_H -I. -I..  -DCX_LOG_DOMAIN=\"MuseLib\" -DNDEBUG -I../muse -I../muse -I/usr/include/cpl -I/usr/include  -Wdate-time -D_FORTIFY_SOURCE=2  -g -O2 -fdebug-prefix-map=/<<PKGBUILDDIR>>=. -fstack-protector-strong -Wformat -Werror=format-security --std=c99 -Wno-overlength-strings -fopenmp -c -o muse_optimize.lo muse_optimize.c
libtool: compile:  gcc -DHAVE_CONFIG_H -I. -I.. -DCX_LOG_DOMAIN=\"MuseLib\" -DNDEBUG -I../muse -I../muse -I/usr/include/cpl -I/usr/include -Wdate-time -D_FORTIFY_SOURCE=2 -g -O2 -fdebug-prefix-map=/<<PKGBUILDDIR>>=. -fstack-protector-strong -Wformat -Werror=format-security --std=c99 -Wno-overlength-strings -fopenmp -c muse_optimize.c  -fPIC -DPIC -o .libs/muse_optimize.o
/bin/bash ../libtool  --tag=CC   --mode=compile gcc -DHAVE_CONFIG_H -I. -I..  -DCX_LOG_DOMAIN=\"MuseLib\" -DNDEBUG -I../muse -I../muse -I/usr/include/cpl -I/usr/include  -Wdate-time -D_FORTIFY_SOURCE=2  -g -O2 -fdebug-prefix-map=/<<PKGBUILDDIR>>=. -fstack-protector-strong -Wformat -Werror=format-security --std=c99 -Wno-overlength-strings -fopenmp -c -o muse_pfits.lo muse_pfits.c
libtool: compile:  gcc -DHAVE_CONFIG_H -I. -I.. -DCX_LOG_DOMAIN=\"MuseLib\" -DNDEBUG -I../muse -I../muse -I/usr/include/cpl -I/usr/include -Wdate-time -D_FORTIFY_SOURCE=2 -g -O2 -fdebug-prefix-map=/<<PKGBUILDDIR>>=. -fstack-protector-strong -Wformat -Werror=format-security --std=c99 -Wno-overlength-strings -fopenmp -c muse_pfits.c  -fPIC -DPIC -o .libs/muse_pfits.o
/bin/bash ../libtool  --tag=CC   --mode=compile gcc -DHAVE_CONFIG_H -I. -I..  -DCX_LOG_DOMAIN=\"MuseLib\" -DNDEBUG -I../muse -I../muse -I/usr/include/cpl -I/usr/include  -Wdate-time -D_FORTIFY_SOURCE=2  -g -O2 -fdebug-prefix-map=/<<PKGBUILDDIR>>=. -fstack-protector-strong -Wformat -Werror=format-security --std=c99 -Wno-overlength-strings -fopenmp -c -o muse_phys.lo muse_phys.c
/bin/bash ../libtool  --tag=CC   --mode=compile gcc -DHAVE_CONFIG_H -I. -I..  -DCX_LOG_DOMAIN=\"MuseLib\" -DNDEBUG -I../muse -I../muse -I/usr/include/cpl -I/usr/include  -Wdate-time -D_FORTIFY_SOURCE=2  -g -O2 -fdebug-prefix-map=/<<PKGBUILDDIR>>=. -fstack-protector-strong -Wformat -Werror=format-security --std=c99 -Wno-overlength-strings -fopenmp -c -o muse_pixgrid.lo muse_pixgrid.c
libtool: compile:  gcc -DHAVE_CONFIG_H -I. -I.. -DCX_LOG_DOMAIN=\"MuseLib\" -DNDEBUG -I../muse -I../muse -I/usr/include/cpl -I/usr/include -Wdate-time -D_FORTIFY_SOURCE=2 -g -O2 -fdebug-prefix-map=/<<PKGBUILDDIR>>=. -fstack-protector-strong -Wformat -Werror=format-security --std=c99 -Wno-overlength-strings -fopenmp -c muse_phys.c  -fPIC -DPIC -o .libs/muse_phys.o
libtool: compile:  gcc -DHAVE_CONFIG_H -I. -I.. -DCX_LOG_DOMAIN=\"MuseLib\" -DNDEBUG -I../muse -I../muse -I/usr/include/cpl -I/usr/include -Wdate-time -D_FORTIFY_SOURCE=2 -g -O2 -fdebug-prefix-map=/<<PKGBUILDDIR>>=. -fstack-protector-strong -Wformat -Werror=format-security --std=c99 -Wno-overlength-strings -fopenmp -c muse_pixgrid.c  -fPIC -DPIC -o .libs/muse_pixgrid.o
/bin/bash ../libtool  --tag=CC   --mode=compile gcc -DHAVE_CONFIG_H -I. -I..  -DCX_LOG_DOMAIN=\"MuseLib\" -DNDEBUG -I../muse -I../muse -I/usr/include/cpl -I/usr/include  -Wdate-time -D_FORTIFY_SOURCE=2  -g -O2 -fdebug-prefix-map=/<<PKGBUILDDIR>>=. -fstack-protector-strong -Wformat -Werror=format-security --std=c99 -Wno-overlength-strings -fopenmp -c -o muse_pixtable.lo muse_pixtable.c
libtool: compile:  gcc -DHAVE_CONFIG_H -I. -I.. -DCX_LOG_DOMAIN=\"MuseLib\" -DNDEBUG -I../muse -I../muse -I/usr/include/cpl -I/usr/include -Wdate-time -D_FORTIFY_SOURCE=2 -g -O2 -fdebug-prefix-map=/<<PKGBUILDDIR>>=. -fstack-protector-strong -Wformat -Werror=format-security --std=c99 -Wno-overlength-strings -fopenmp -c muse_pixtable.c  -fPIC -DPIC -o .libs/muse_pixtable.o
/bin/bash ../libtool  --tag=CC   --mode=compile gcc -DHAVE_CONFIG_H -I. -I..  -DCX_LOG_DOMAIN=\"MuseLib\" -DNDEBUG -I../muse -I../muse -I/usr/include/cpl -I/usr/include  -Wdate-time -D_FORTIFY_SOURCE=2  -g -O2 -fdebug-prefix-map=/<<PKGBUILDDIR>>=. -fstack-protector-strong -Wformat -Werror=format-security --std=c99 -Wno-overlength-strings -fopenmp -c -o muse_postproc.lo muse_postproc.c
/bin/bash ../libtool  --tag=CC   --mode=compile gcc -DHAVE_CONFIG_H -I. -I..  -DCX_LOG_DOMAIN=\"MuseLib\" -DNDEBUG -I../muse -I../muse -I/usr/include/cpl -I/usr/include  -Wdate-time -D_FORTIFY_SOURCE=2  -g -O2 -fdebug-prefix-map=/<<PKGBUILDDIR>>=. -fstack-protector-strong -Wformat -Werror=format-security --std=c99 -Wno-overlength-strings -fopenmp -c -o muse_processing.lo muse_processing.c
libtool: compile:  gcc -DHAVE_CONFIG_H -I. -I.. -DCX_LOG_DOMAIN=\"MuseLib\" -DNDEBUG -I../muse -I../muse -I/usr/include/cpl -I/usr/include -Wdate-time -D_FORTIFY_SOURCE=2 -g -O2 -fdebug-prefix-map=/<<PKGBUILDDIR>>=. -fstack-protector-strong -Wformat -Werror=format-security --std=c99 -Wno-overlength-strings -fopenmp -c muse_postproc.c  -fPIC -DPIC -o .libs/muse_postproc.o
libtool: compile:  gcc -DHAVE_CONFIG_H -I. -I.. -DCX_LOG_DOMAIN=\"MuseLib\" -DNDEBUG -I../muse -I../muse -I/usr/include/cpl -I/usr/include -Wdate-time -D_FORTIFY_SOURCE=2 -g -O2 -fdebug-prefix-map=/<<PKGBUILDDIR>>=. -fstack-protector-strong -Wformat -Werror=format-security --std=c99 -Wno-overlength-strings -fopenmp -c muse_processing.c  -fPIC -DPIC -o .libs/muse_processing.o
muse_postproc.c:1410:38: warning: absolute value function 'fabsf' given an argument of type 'double' but has parameter of type 'float' which may cause truncation of value [-Wabsolute-value]
    rc = muse_wcs_locate_sources(pt, fabsf(aProp->detsigma), aProp->centroid,
                                     ^
muse_postproc.c:1410:38: note: use function 'fabs' instead
    rc = muse_wcs_locate_sources(pt, fabsf(aProp->detsigma), aProp->centroid,
                                     ^~~~~
                                     fabs
/bin/bash ../libtool  --tag=CC   --mode=compile gcc -DHAVE_CONFIG_H -I. -I..  -DCX_LOG_DOMAIN=\"MuseLib\" -DNDEBUG -I../muse -I../muse -I/usr/include/cpl -I/usr/include  -Wdate-time -D_FORTIFY_SOURCE=2  -g -O2 -fdebug-prefix-map=/<<PKGBUILDDIR>>=. -fstack-protector-strong -Wformat -Werror=format-security --std=c99 -Wno-overlength-strings -fopenmp -c -o muse_processinginfo.lo muse_processinginfo.c
libtool: compile:  gcc -DHAVE_CONFIG_H -I. -I.. -DCX_LOG_DOMAIN=\"MuseLib\" -DNDEBUG -I../muse -I../muse -I/usr/include/cpl -I/usr/include -Wdate-time -D_FORTIFY_SOURCE=2 -g -O2 -fdebug-prefix-map=/<<PKGBUILDDIR>>=. -fstack-protector-strong -Wformat -Werror=format-security --std=c99 -Wno-overlength-strings -fopenmp -c muse_processinginfo.c  -fPIC -DPIC -o .libs/muse_processinginfo.o
1 warning generated.
/bin/bash ../libtool  --tag=CC   --mode=compile gcc -DHAVE_CONFIG_H -I. -I..  -DCX_LOG_DOMAIN=\"MuseLib\" -DNDEBUG -I../muse -I../muse -I/usr/include/cpl -I/usr/include  -Wdate-time -D_FORTIFY_SOURCE=2  -g -O2 -fdebug-prefix-map=/<<PKGBUILDDIR>>=. -fstack-protector-strong -Wformat -Werror=format-security --std=c99 -Wno-overlength-strings -fopenmp -c -o muse_quadrants.lo muse_quadrants.c
/bin/bash ../libtool  --tag=CC   --mode=compile gcc -DHAVE_CONFIG_H -I. -I..  -DCX_LOG_DOMAIN=\"MuseLib\" -DNDEBUG -I../muse -I../muse -I/usr/include/cpl -I/usr/include  -Wdate-time -D_FORTIFY_SOURCE=2  -g -O2 -fdebug-prefix-map=/<<PKGBUILDDIR>>=. -fstack-protector-strong -Wformat -Werror=format-security --std=c99 -Wno-overlength-strings -fopenmp -c -o muse_quality.lo muse_quality.c
libtool: compile:  gcc -DHAVE_CONFIG_H -I. -I.. -DCX_LOG_DOMAIN=\"MuseLib\" -DNDEBUG -I../muse -I../muse -I/usr/include/cpl -I/usr/include -Wdate-time -D_FORTIFY_SOURCE=2 -g -O2 -fdebug-prefix-map=/<<PKGBUILDDIR>>=. -fstack-protector-strong -Wformat -Werror=format-security --std=c99 -Wno-overlength-strings -fopenmp -c muse_quadrants.c  -fPIC -DPIC -o .libs/muse_quadrants.o
/bin/bash ../libtool  --tag=CC   --mode=compile gcc -DHAVE_CONFIG_H -I. -I..  -DCX_LOG_DOMAIN=\"MuseLib\" -DNDEBUG -I../muse -I../muse -I/usr/include/cpl -I/usr/include  -Wdate-time -D_FORTIFY_SOURCE=2  -g -O2 -fdebug-prefix-map=/<<PKGBUILDDIR>>=. -fstack-protector-strong -Wformat -Werror=format-security --std=c99 -Wno-overlength-strings -fopenmp -c -o muse_raman.lo muse_raman.c
libtool: compile:  gcc -DHAVE_CONFIG_H -I. -I.. -DCX_LOG_DOMAIN=\"MuseLib\" -DNDEBUG -I../muse -I../muse -I/usr/include/cpl -I/usr/include -Wdate-time -D_FORTIFY_SOURCE=2 -g -O2 -fdebug-prefix-map=/<<PKGBUILDDIR>>=. -fstack-protector-strong -Wformat -Werror=format-security --std=c99 -Wno-overlength-strings -fopenmp -c muse_quality.c  -fPIC -DPIC -o .libs/muse_quality.o
libtool: compile:  gcc -DHAVE_CONFIG_H -I. -I.. -DCX_LOG_DOMAIN=\"MuseLib\" -DNDEBUG -I../muse -I../muse -I/usr/include/cpl -I/usr/include -Wdate-time -D_FORTIFY_SOURCE=2 -g -O2 -fdebug-prefix-map=/<<PKGBUILDDIR>>=. -fstack-protector-strong -Wformat -Werror=format-security --std=c99 -Wno-overlength-strings -fopenmp -c muse_raman.c  -fPIC -DPIC -o .libs/muse_raman.o
/bin/bash ../libtool  --tag=CC   --mode=compile gcc -DHAVE_CONFIG_H -I. -I..  -DCX_LOG_DOMAIN=\"MuseLib\" -DNDEBUG -I../muse -I../muse -I/usr/include/cpl -I/usr/include  -Wdate-time -D_FORTIFY_SOURCE=2  -g -O2 -fdebug-prefix-map=/<<PKGBUILDDIR>>=. -fstack-protector-strong -Wformat -Werror=format-security --std=c99 -Wno-overlength-strings -fopenmp -c -o muse_resampling.lo muse_resampling.c
libtool: compile:  gcc -DHAVE_CONFIG_H -I. -I.. -DCX_LOG_DOMAIN=\"MuseLib\" -DNDEBUG -I../muse -I../muse -I/usr/include/cpl -I/usr/include -Wdate-time -D_FORTIFY_SOURCE=2 -g -O2 -fdebug-prefix-map=/<<PKGBUILDDIR>>=. -fstack-protector-strong -Wformat -Werror=format-security --std=c99 -Wno-overlength-strings -fopenmp -c muse_resampling.c  -fPIC -DPIC -o .libs/muse_resampling.o
/bin/bash ../libtool  --tag=CC   --mode=compile gcc -DHAVE_CONFIG_H -I. -I..  -DCX_LOG_DOMAIN=\"MuseLib\" -DNDEBUG -I../muse -I../muse -I/usr/include/cpl -I/usr/include  -Wdate-time -D_FORTIFY_SOURCE=2  -g -O2 -fdebug-prefix-map=/<<PKGBUILDDIR>>=. -fstack-protector-strong -Wformat -Werror=format-security --std=c99 -Wno-overlength-strings -fopenmp -c -o muse_rvcorrect.lo muse_rvcorrect.c
libtool: compile:  gcc -DHAVE_CONFIG_H -I. -I.. -DCX_LOG_DOMAIN=\"MuseLib\" -DNDEBUG -I../muse -I../muse -I/usr/include/cpl -I/usr/include -Wdate-time -D_FORTIFY_SOURCE=2 -g -O2 -fdebug-prefix-map=/<<PKGBUILDDIR>>=. -fstack-protector-strong -Wformat -Werror=format-security --std=c99 -Wno-overlength-strings -fopenmp -c muse_rvcorrect.c  -fPIC -DPIC -o .libs/muse_rvcorrect.o
/bin/bash ../libtool  --tag=CC   --mode=compile gcc -DHAVE_CONFIG_H -I. -I..  -DCX_LOG_DOMAIN=\"MuseLib\" -DNDEBUG -I../muse -I../muse -I/usr/include/cpl -I/usr/include  -Wdate-time -D_FORTIFY_SOURCE=2  -g -O2 -fdebug-prefix-map=/<<PKGBUILDDIR>>=. -fstack-protector-strong -Wformat -Werror=format-security --std=c99 -Wno-overlength-strings -fopenmp -c -o muse_sky_common.lo muse_sky_common.c
/bin/bash ../libtool  --tag=CC   --mode=compile gcc -DHAVE_CONFIG_H -I. -I..  -DCX_LOG_DOMAIN=\"MuseLib\" -DNDEBUG -I../muse -I../muse -I/usr/include/cpl -I/usr/include  -Wdate-time -D_FORTIFY_SOURCE=2  -g -O2 -fdebug-prefix-map=/<<PKGBUILDDIR>>=. -fstack-protector-strong -Wformat -Werror=format-security --std=c99 -Wno-overlength-strings -fopenmp -c -o muse_sky_lines.lo muse_sky_lines.c
/bin/bash ../libtool  --tag=CC   --mode=compile gcc -DHAVE_CONFIG_H -I. -I..  -DCX_LOG_DOMAIN=\"MuseLib\" -DNDEBUG -I../muse -I../muse -I/usr/include/cpl -I/usr/include  -Wdate-time -D_FORTIFY_SOURCE=2  -g -O2 -fdebug-prefix-map=/<<PKGBUILDDIR>>=. -fstack-protector-strong -Wformat -Werror=format-security --std=c99 -Wno-overlength-strings -fopenmp -c -o muse_sky_master.lo muse_sky_master.c
libtool: compile:  gcc -DHAVE_CONFIG_H -I. -I.. -DCX_LOG_DOMAIN=\"MuseLib\" -DNDEBUG -I../muse -I../muse -I/usr/include/cpl -I/usr/include -Wdate-time -D_FORTIFY_SOURCE=2 -g -O2 -fdebug-prefix-map=/<<PKGBUILDDIR>>=. -fstack-protector-strong -Wformat -Werror=format-security --std=c99 -Wno-overlength-strings -fopenmp -c muse_sky_common.c  -fPIC -DPIC -o .libs/muse_sky_common.o
libtool: compile:  gcc -DHAVE_CONFIG_H -I. -I.. -DCX_LOG_DOMAIN=\"MuseLib\" -DNDEBUG -I../muse -I../muse -I/usr/include/cpl -I/usr/include -Wdate-time -D_FORTIFY_SOURCE=2 -g -O2 -fdebug-prefix-map=/<<PKGBUILDDIR>>=. -fstack-protector-strong -Wformat -Werror=format-security --std=c99 -Wno-overlength-strings -fopenmp -c muse_sky_lines.c  -fPIC -DPIC -o .libs/muse_sky_lines.o
libtool: compile:  gcc -DHAVE_CONFIG_H -I. -I.. -DCX_LOG_DOMAIN=\"MuseLib\" -DNDEBUG -I../muse -I../muse -I/usr/include/cpl -I/usr/include -Wdate-time -D_FORTIFY_SOURCE=2 -g -O2 -fdebug-prefix-map=/<<PKGBUILDDIR>>=. -fstack-protector-strong -Wformat -Werror=format-security --std=c99 -Wno-overlength-strings -fopenmp -c muse_sky_master.c  -fPIC -DPIC -o .libs/muse_sky_master.o
/bin/bash ../libtool  --tag=CC   --mode=compile gcc -DHAVE_CONFIG_H -I. -I..  -DCX_LOG_DOMAIN=\"MuseLib\" -DNDEBUG -I../muse -I../muse -I/usr/include/cpl -I/usr/include  -Wdate-time -D_FORTIFY_SOURCE=2  -g -O2 -fdebug-prefix-map=/<<PKGBUILDDIR>>=. -fstack-protector-strong -Wformat -Werror=format-security --std=c99 -Wno-overlength-strings -fopenmp -c -o muse_sky_old.lo muse_sky_old.c
libtool: compile:  gcc -DHAVE_CONFIG_H -I. -I.. -DCX_LOG_DOMAIN=\"MuseLib\" -DNDEBUG -I../muse -I../muse -I/usr/include/cpl -I/usr/include -Wdate-time -D_FORTIFY_SOURCE=2 -g -O2 -fdebug-prefix-map=/<<PKGBUILDDIR>>=. -fstack-protector-strong -Wformat -Werror=format-security --std=c99 -Wno-overlength-strings -fopenmp -c muse_sky_old.c  -fPIC -DPIC -o .libs/muse_sky_old.o
/bin/bash ../libtool  --tag=CC   --mode=compile gcc -DHAVE_CONFIG_H -I. -I..  -DCX_LOG_DOMAIN=\"MuseLib\" -DNDEBUG -I../muse -I../muse -I/usr/include/cpl -I/usr/include  -Wdate-time -D_FORTIFY_SOURCE=2  -g -O2 -fdebug-prefix-map=/<<PKGBUILDDIR>>=. -fstack-protector-strong -Wformat -Werror=format-security --std=c99 -Wno-overlength-strings -fopenmp -c -o muse_sky_qc.lo muse_sky_qc.c
/bin/bash ../libtool  --tag=CC   --mode=compile gcc -DHAVE_CONFIG_H -I. -I..  -DCX_LOG_DOMAIN=\"MuseLib\" -DNDEBUG -I../muse -I../muse -I/usr/include/cpl -I/usr/include  -Wdate-time -D_FORTIFY_SOURCE=2  -g -O2 -fdebug-prefix-map=/<<PKGBUILDDIR>>=. -fstack-protector-strong -Wformat -Werror=format-security --std=c99 -Wno-overlength-strings -fopenmp -c -o muse_sky_subtract.lo muse_sky_subtract.c
libtool: compile:  gcc -DHAVE_CONFIG_H -I. -I.. -DCX_LOG_DOMAIN=\"MuseLib\" -DNDEBUG -I../muse -I../muse -I/usr/include/cpl -I/usr/include -Wdate-time -D_FORTIFY_SOURCE=2 -g -O2 -fdebug-prefix-map=/<<PKGBUILDDIR>>=. -fstack-protector-strong -Wformat -Werror=format-security --std=c99 -Wno-overlength-strings -fopenmp -c muse_sky_qc.c  -fPIC -DPIC -o .libs/muse_sky_qc.o
libtool: compile:  gcc -DHAVE_CONFIG_H -I. -I.. -DCX_LOG_DOMAIN=\"MuseLib\" -DNDEBUG -I../muse -I../muse -I/usr/include/cpl -I/usr/include -Wdate-time -D_FORTIFY_SOURCE=2 -g -O2 -fdebug-prefix-map=/<<PKGBUILDDIR>>=. -fstack-protector-strong -Wformat -Werror=format-security --std=c99 -Wno-overlength-strings -fopenmp -c muse_sky_subtract.c  -fPIC -DPIC -o .libs/muse_sky_subtract.o
/bin/bash ../libtool  --tag=CC   --mode=compile gcc -DHAVE_CONFIG_H -I. -I..  -DCX_LOG_DOMAIN=\"MuseLib\" -DNDEBUG -I../muse -I../muse -I/usr/include/cpl -I/usr/include  -Wdate-time -D_FORTIFY_SOURCE=2  -g -O2 -fdebug-prefix-map=/<<PKGBUILDDIR>>=. -fstack-protector-strong -Wformat -Werror=format-security --std=c99 -Wno-overlength-strings -fopenmp -c -o muse_table.lo muse_table.c
/bin/bash ../libtool  --tag=CC   --mode=compile gcc -DHAVE_CONFIG_H -I. -I..  -DCX_LOG_DOMAIN=\"MuseLib\" -DNDEBUG -I../muse -I../muse -I/usr/include/cpl -I/usr/include  -Wdate-time -D_FORTIFY_SOURCE=2  -g -O2 -fdebug-prefix-map=/<<PKGBUILDDIR>>=. -fstack-protector-strong -Wformat -Werror=format-security --std=c99 -Wno-overlength-strings -fopenmp -c -o muse_tracing.lo muse_tracing.c
/bin/bash ../libtool  --tag=CC   --mode=compile gcc -DHAVE_CONFIG_H -I. -I..  -DCX_LOG_DOMAIN=\"MuseLib\" -DNDEBUG -I../muse -I../muse -I/usr/include/cpl -I/usr/include  -Wdate-time -D_FORTIFY_SOURCE=2  -g -O2 -fdebug-prefix-map=/<<PKGBUILDDIR>>=. -fstack-protector-strong -Wformat -Werror=format-security --std=c99 -Wno-overlength-strings -fopenmp -c -o muse_utils.lo muse_utils.c
libtool: compile:  gcc -DHAVE_CONFIG_H -I. -I.. -DCX_LOG_DOMAIN=\"MuseLib\" -DNDEBUG -I../muse -I../muse -I/usr/include/cpl -I/usr/include -Wdate-time -D_FORTIFY_SOURCE=2 -g -O2 -fdebug-prefix-map=/<<PKGBUILDDIR>>=. -fstack-protector-strong -Wformat -Werror=format-security --std=c99 -Wno-overlength-strings -fopenmp -c muse_table.c  -fPIC -DPIC -o .libs/muse_table.o
libtool: compile:  gcc -DHAVE_CONFIG_H -I. -I.. -DCX_LOG_DOMAIN=\"MuseLib\" -DNDEBUG -I../muse -I../muse -I/usr/include/cpl -I/usr/include -Wdate-time -D_FORTIFY_SOURCE=2 -g -O2 -fdebug-prefix-map=/<<PKGBUILDDIR>>=. -fstack-protector-strong -Wformat -Werror=format-security --std=c99 -Wno-overlength-strings -fopenmp -c muse_tracing.c  -fPIC -DPIC -o .libs/muse_tracing.o
libtool: compile:  gcc -DHAVE_CONFIG_H -I. -I.. -DCX_LOG_DOMAIN=\"MuseLib\" -DNDEBUG -I../muse -I../muse -I/usr/include/cpl -I/usr/include -Wdate-time -D_FORTIFY_SOURCE=2 -g -O2 -fdebug-prefix-map=/<<PKGBUILDDIR>>=. -fstack-protector-strong -Wformat -Werror=format-security --std=c99 -Wno-overlength-strings -fopenmp -c muse_utils.c  -fPIC -DPIC -o .libs/muse_utils.o
/bin/bash ../libtool  --tag=CC   --mode=compile gcc -DHAVE_CONFIG_H -I. -I..  -DCX_LOG_DOMAIN=\"MuseLib\" -DNDEBUG -I../muse -I../muse -I/usr/include/cpl -I/usr/include  -Wdate-time -D_FORTIFY_SOURCE=2  -g -O2 -fdebug-prefix-map=/<<PKGBUILDDIR>>=. -fstack-protector-strong -Wformat -Werror=format-security --std=c99 -Wno-overlength-strings -fopenmp -c -o muse_wavecalib.lo muse_wavecalib.c
libtool: compile:  gcc -DHAVE_CONFIG_H -I. -I.. -DCX_LOG_DOMAIN=\"MuseLib\" -DNDEBUG -I../muse -I../muse -I/usr/include/cpl -I/usr/include -Wdate-time -D_FORTIFY_SOURCE=2 -g -O2 -fdebug-prefix-map=/<<PKGBUILDDIR>>=. -fstack-protector-strong -Wformat -Werror=format-security --std=c99 -Wno-overlength-strings -fopenmp -c muse_wavecalib.c  -fPIC -DPIC -o .libs/muse_wavecalib.o
/bin/bash ../libtool  --tag=CC   --mode=compile gcc -DHAVE_CONFIG_H -I. -I..  -DCX_LOG_DOMAIN=\"MuseLib\" -DNDEBUG -I../muse -I../muse -I/usr/include/cpl -I/usr/include  -Wdate-time -D_FORTIFY_SOURCE=2  -g -O2 -fdebug-prefix-map=/<<PKGBUILDDIR>>=. -fstack-protector-strong -Wformat -Werror=format-security --std=c99 -Wno-overlength-strings -fopenmp -c -o muse_wcs.lo muse_wcs.c
/bin/bash ../libtool  --tag=CC   --mode=compile gcc -DHAVE_CONFIG_H -I. -I..  -DCX_LOG_DOMAIN=\"MuseLib\" -DNDEBUG -I../muse -I../muse -I/usr/include/cpl -I/usr/include  -Wdate-time -D_FORTIFY_SOURCE=2  -g -O2 -fdebug-prefix-map=/<<PKGBUILDDIR>>=. -fstack-protector-strong -Wformat -Werror=format-security --std=c99 -Wno-overlength-strings -fopenmp -c -o muse_xcombine.lo muse_xcombine.c
libtool: compile:  gcc -DHAVE_CONFIG_H -I. -I.. -DCX_LOG_DOMAIN=\"MuseLib\" -DNDEBUG -I../muse -I../muse -I/usr/include/cpl -I/usr/include -Wdate-time -D_FORTIFY_SOURCE=2 -g -O2 -fdebug-prefix-map=/<<PKGBUILDDIR>>=. -fstack-protector-strong -Wformat -Werror=format-security --std=c99 -Wno-overlength-strings -fopenmp -c muse_wcs.c  -fPIC -DPIC -o .libs/muse_wcs.o
libtool: compile:  gcc -DHAVE_CONFIG_H -I. -I.. -DCX_LOG_DOMAIN=\"MuseLib\" -DNDEBUG -I../muse -I../muse -I/usr/include/cpl -I/usr/include -Wdate-time -D_FORTIFY_SOURCE=2 -g -O2 -fdebug-prefix-map=/<<PKGBUILDDIR>>=. -fstack-protector-strong -Wformat -Werror=format-security --std=c99 -Wno-overlength-strings -fopenmp -c muse_xcombine.c  -fPIC -DPIC -o .libs/muse_xcombine.o
/bin/bash ../libtool  --tag=CC   --mode=link gcc  -g -O2 -fdebug-prefix-map=/<<PKGBUILDDIR>>=. -fstack-protector-strong -Wformat -Werror=format-security --std=c99 -Wno-overlength-strings -fopenmp  -version-info 43:1:0 -Wl,-z,relro -fopenmp -o libmuse.la -rpath /usr/lib/x86_64-linux-gnu/muse-2.8.1 muse_data_format_z.lo muse_artifacts.lo muse_autocalib.lo muse_astro.lo muse_basicproc.lo muse_combine.lo muse_cplwrappers.lo muse_dar.lo muse_datacube.lo muse_findstars.lo muse_flux.lo muse_geo.lo muse_idp.lo muse_image.lo muse_imagelist.lo kdtree.lo muse_kdmatch.lo muse_lsf.lo muse_lsf_params.lo muse_mask.lo muse_optimize.lo muse_pfits.lo muse_phys.lo muse_pixgrid.lo muse_pixtable.lo muse_postproc.lo muse_processing.lo muse_processinginfo.lo muse_quadrants.lo muse_quality.lo muse_raman.lo muse_resampling.lo muse_rvcorrect.lo muse_sky_common.lo muse_sky_lines.lo muse_sky_master.lo muse_sky_old.lo muse_sky_qc.lo muse_sky_subtract.lo muse_table.lo muse_tracing.lo muse_utils.lo muse_wavecalib.lo muse_wcs.lo muse_xcombine.lo -lcpldfs -lcplui -lcpldrs -lcplcore -lgomp  -lm -lnsl
libtool: link: gcc -shared  -fPIC -DPIC  .libs/muse_data_format_z.o .libs/muse_artifacts.o .libs/muse_autocalib.o .libs/muse_astro.o .libs/muse_basicproc.o .libs/muse_combine.o .libs/muse_cplwrappers.o .libs/muse_dar.o .libs/muse_datacube.o .libs/muse_findstars.o .libs/muse_flux.o .libs/muse_geo.o .libs/muse_idp.o .libs/muse_image.o .libs/muse_imagelist.o .libs/kdtree.o .libs/muse_kdmatch.o .libs/muse_lsf.o .libs/muse_lsf_params.o .libs/muse_mask.o .libs/muse_optimize.o .libs/muse_pfits.o .libs/muse_phys.o .libs/muse_pixgrid.o .libs/muse_pixtable.o .libs/muse_postproc.o .libs/muse_processing.o .libs/muse_processinginfo.o .libs/muse_quadrants.o .libs/muse_quality.o .libs/muse_raman.o .libs/muse_resampling.o .libs/muse_rvcorrect.o .libs/muse_sky_common.o .libs/muse_sky_lines.o .libs/muse_sky_master.o .libs/muse_sky_old.o .libs/muse_sky_qc.o .libs/muse_sky_subtract.o .libs/muse_table.o .libs/muse_tracing.o .libs/muse_utils.o .libs/muse_wavecalib.o .libs/muse_wcs.o .libs/muse_xcombine.o   -lcpldfs -lcplui -lcpldrs -lcplcore -lgomp -lm -lnsl  -g -O2 -fstack-protector-strong -fopenmp -Wl,-z -Wl,relro -fopenmp   -fopenmp -Wl,-soname -Wl,libmuse.so.43 -o .libs/libmuse.so.43.0.1
libtool: link: (cd ".libs" && rm -f "libmuse.so.43" && ln -s "libmuse.so.43.0.1" "libmuse.so.43")
libtool: link: (cd ".libs" && rm -f "libmuse.so" && ln -s "libmuse.so.43.0.1" "libmuse.so")
libtool: link: ( cd ".libs" && rm -f "libmuse.la" && ln -s "../libmuse.la" "libmuse.la" )
make[4]: Leaving directory '/<<PKGBUILDDIR>>/muse'
make[3]: Leaving directory '/<<PKGBUILDDIR>>/muse'
Making all in recipes
make[3]: Entering directory '/<<PKGBUILDDIR>>/recipes'
make  all-am
make[4]: Entering directory '/<<PKGBUILDDIR>>/recipes'
/bin/bash ../libtool  --tag=CC   --mode=compile gcc -DHAVE_CONFIG_H -I. -I..  -I../muse -I../muse -I/usr/include/cpl -I/usr/include  -Wdate-time -D_FORTIFY_SOURCE=2  -g -O2 -fdebug-prefix-map=/<<PKGBUILDDIR>>=. -fstack-protector-strong -Wformat -Werror=format-security --std=c99 -Wno-overlength-strings -fopenmp -c -o muse_qi_mask_z.lo muse_qi_mask_z.c
/bin/bash ../libtool  --tag=CC   --mode=compile gcc -DHAVE_CONFIG_H -I. -I..  -I../muse -I../muse -I/usr/include/cpl -I/usr/include  -Wdate-time -D_FORTIFY_SOURCE=2  -g -O2 -fdebug-prefix-map=/<<PKGBUILDDIR>>=. -fstack-protector-strong -Wformat -Werror=format-security --std=c99 -Wno-overlength-strings -fopenmp -c -o muse_qi_mask.lo muse_qi_mask.c
/bin/bash ../libtool  --tag=CC   --mode=compile gcc -DHAVE_CONFIG_H -I. -I..  -I../muse -I../muse -I/usr/include/cpl -I/usr/include  -Wdate-time -D_FORTIFY_SOURCE=2  -g -O2 -fdebug-prefix-map=/<<PKGBUILDDIR>>=. -fstack-protector-strong -Wformat -Werror=format-security --std=c99 -Wno-overlength-strings -fopenmp -c -o muse_bias_z.lo muse_bias_z.c
/bin/bash ../libtool  --tag=CC   --mode=compile gcc -DHAVE_CONFIG_H -I. -I..  -I../muse -I../muse -I/usr/include/cpl -I/usr/include  -Wdate-time -D_FORTIFY_SOURCE=2  -g -O2 -fdebug-prefix-map=/<<PKGBUILDDIR>>=. -fstack-protector-strong -Wformat -Werror=format-security --std=c99 -Wno-overlength-strings -fopenmp -c -o muse_bias.lo muse_bias.c
libtool: compile:  gcc -DHAVE_CONFIG_H -I. -I.. -I../muse -I../muse -I/usr/include/cpl -I/usr/include -Wdate-time -D_FORTIFY_SOURCE=2 -g -O2 -fdebug-prefix-map=/<<PKGBUILDDIR>>=. -fstack-protector-strong -Wformat -Werror=format-security --std=c99 -Wno-overlength-strings -fopenmp -c muse_qi_mask_z.c  -fPIC -DPIC -o .libs/muse_qi_mask_z.o
libtool: compile:  gcc -DHAVE_CONFIG_H -I. -I.. -I../muse -I../muse -I/usr/include/cpl -I/usr/include -Wdate-time -D_FORTIFY_SOURCE=2 -g -O2 -fdebug-prefix-map=/<<PKGBUILDDIR>>=. -fstack-protector-strong -Wformat -Werror=format-security --std=c99 -Wno-overlength-strings -fopenmp -c muse_bias_z.c  -fPIC -DPIC -o .libs/muse_bias_z.o
libtool: compile:  gcc -DHAVE_CONFIG_H -I. -I.. -I../muse -I../muse -I/usr/include/cpl -I/usr/include -Wdate-time -D_FORTIFY_SOURCE=2 -g -O2 -fdebug-prefix-map=/<<PKGBUILDDIR>>=. -fstack-protector-strong -Wformat -Werror=format-security --std=c99 -Wno-overlength-strings -fopenmp -c muse_qi_mask.c  -fPIC -DPIC -o .libs/muse_qi_mask.o
libtool: compile:  gcc -DHAVE_CONFIG_H -I. -I.. -I../muse -I../muse -I/usr/include/cpl -I/usr/include -Wdate-time -D_FORTIFY_SOURCE=2 -g -O2 -fdebug-prefix-map=/<<PKGBUILDDIR>>=. -fstack-protector-strong -Wformat -Werror=format-security --std=c99 -Wno-overlength-strings -fopenmp -c muse_bias.c  -fPIC -DPIC -o .libs/muse_bias.o
/bin/bash ../libtool  --tag=CC   --mode=compile gcc -DHAVE_CONFIG_H -I. -I..  -I../muse -I../muse -I/usr/include/cpl -I/usr/include  -Wdate-time -D_FORTIFY_SOURCE=2  -g -O2 -fdebug-prefix-map=/<<PKGBUILDDIR>>=. -fstack-protector-strong -Wformat -Werror=format-security --std=c99 -Wno-overlength-strings -fopenmp -c -o muse_dark_z.lo muse_dark_z.c
/bin/bash ../libtool  --tag=CC   --mode=compile gcc -DHAVE_CONFIG_H -I. -I..  -I../muse -I../muse -I/usr/include/cpl -I/usr/include  -Wdate-time -D_FORTIFY_SOURCE=2  -g -O2 -fdebug-prefix-map=/<<PKGBUILDDIR>>=. -fstack-protector-strong -Wformat -Werror=format-security --std=c99 -Wno-overlength-strings -fopenmp -c -o muse_dark.lo muse_dark.c
libtool: compile:  gcc -DHAVE_CONFIG_H -I. -I.. -I../muse -I../muse -I/usr/include/cpl -I/usr/include -Wdate-time -D_FORTIFY_SOURCE=2 -g -O2 -fdebug-prefix-map=/<<PKGBUILDDIR>>=. -fstack-protector-strong -Wformat -Werror=format-security --std=c99 -Wno-overlength-strings -fopenmp -c muse_dark_z.c  -fPIC -DPIC -o .libs/muse_dark_z.o
libtool: compile:  gcc -DHAVE_CONFIG_H -I. -I.. -I../muse -I../muse -I/usr/include/cpl -I/usr/include -Wdate-time -D_FORTIFY_SOURCE=2 -g -O2 -fdebug-prefix-map=/<<PKGBUILDDIR>>=. -fstack-protector-strong -Wformat -Werror=format-security --std=c99 -Wno-overlength-strings -fopenmp -c muse_dark.c  -fPIC -DPIC -o .libs/muse_dark.o
/bin/bash ../libtool  --tag=CC   --mode=compile gcc -DHAVE_CONFIG_H -I. -I..  -I../muse -I../muse -I/usr/include/cpl -I/usr/include  -Wdate-time -D_FORTIFY_SOURCE=2  -g -O2 -fdebug-prefix-map=/<<PKGBUILDDIR>>=. -fstack-protector-strong -Wformat -Werror=format-security --std=c99 -Wno-overlength-strings -fopenmp -c -o muse_flat_z.lo muse_flat_z.c
/bin/bash ../libtool  --tag=CC   --mode=compile gcc -DHAVE_CONFIG_H -I. -I..  -I../muse -I../muse -I/usr/include/cpl -I/usr/include  -Wdate-time -D_FORTIFY_SOURCE=2  -g -O2 -fdebug-prefix-map=/<<PKGBUILDDIR>>=. -fstack-protector-strong -Wformat -Werror=format-security --std=c99 -Wno-overlength-strings -fopenmp -c -o muse_flat.lo muse_flat.c
libtool: compile:  gcc -DHAVE_CONFIG_H -I. -I.. -I../muse -I../muse -I/usr/include/cpl -I/usr/include -Wdate-time -D_FORTIFY_SOURCE=2 -g -O2 -fdebug-prefix-map=/<<PKGBUILDDIR>>=. -fstack-protector-strong -Wformat -Werror=format-security --std=c99 -Wno-overlength-strings -fopenmp -c muse_flat_z.c  -fPIC -DPIC -o .libs/muse_flat_z.o
libtool: compile:  gcc -DHAVE_CONFIG_H -I. -I.. -I../muse -I../muse -I/usr/include/cpl -I/usr/include -Wdate-time -D_FORTIFY_SOURCE=2 -g -O2 -fdebug-prefix-map=/<<PKGBUILDDIR>>=. -fstack-protector-strong -Wformat -Werror=format-security --std=c99 -Wno-overlength-strings -fopenmp -c muse_flat.c  -fPIC -DPIC -o .libs/muse_flat.o
/bin/bash ../libtool  --tag=CC   --mode=compile gcc -DHAVE_CONFIG_H -I. -I..  -I../muse -I../muse -I/usr/include/cpl -I/usr/include  -Wdate-time -D_FORTIFY_SOURCE=2  -g -O2 -fdebug-prefix-map=/<<PKGBUILDDIR>>=. -fstack-protector-strong -Wformat -Werror=format-security --std=c99 -Wno-overlength-strings -fopenmp -c -o muse_wavecal_z.lo muse_wavecal_z.c
libtool: compile:  gcc -DHAVE_CONFIG_H -I. -I.. -I../muse -I../muse -I/usr/include/cpl -I/usr/include -Wdate-time -D_FORTIFY_SOURCE=2 -g -O2 -fdebug-prefix-map=/<<PKGBUILDDIR>>=. -fstack-protector-strong -Wformat -Werror=format-security --std=c99 -Wno-overlength-strings -fopenmp -c muse_wavecal_z.c  -fPIC -DPIC -o .libs/muse_wavecal_z.o
/bin/bash ../libtool  --tag=CC   --mode=compile gcc -DHAVE_CONFIG_H -I. -I..  -I../muse -I../muse -I/usr/include/cpl -I/usr/include  -Wdate-time -D_FORTIFY_SOURCE=2  -g -O2 -fdebug-prefix-map=/<<PKGBUILDDIR>>=. -fstack-protector-strong -Wformat -Werror=format-security --std=c99 -Wno-overlength-strings -fopenmp -c -o muse_wavecal.lo muse_wavecal.c
libtool: compile:  gcc -DHAVE_CONFIG_H -I. -I.. -I../muse -I../muse -I/usr/include/cpl -I/usr/include -Wdate-time -D_FORTIFY_SOURCE=2 -g -O2 -fdebug-prefix-map=/<<PKGBUILDDIR>>=. -fstack-protector-strong -Wformat -Werror=format-security --std=c99 -Wno-overlength-strings -fopenmp -c muse_wavecal.c  -fPIC -DPIC -o .libs/muse_wavecal.o
/bin/bash ../libtool  --tag=CC   --mode=compile gcc -DHAVE_CONFIG_H -I. -I..  -I../muse -I../muse -I/usr/include/cpl -I/usr/include  -Wdate-time -D_FORTIFY_SOURCE=2  -g -O2 -fdebug-prefix-map=/<<PKGBUILDDIR>>=. -fstack-protector-strong -Wformat -Werror=format-security --std=c99 -Wno-overlength-strings -fopenmp -c -o muse_ampl_z.lo muse_ampl_z.c
/bin/bash ../libtool  --tag=CC   --mode=compile gcc -DHAVE_CONFIG_H -I. -I..  -I../muse -I../muse -I/usr/include/cpl -I/usr/include  -Wdate-time -D_FORTIFY_SOURCE=2  -g -O2 -fdebug-prefix-map=/<<PKGBUILDDIR>>=. -fstack-protector-strong -Wformat -Werror=format-security --std=c99 -Wno-overlength-strings -fopenmp -c -o muse_ampl.lo muse_ampl.c
libtool: compile:  gcc -DHAVE_CONFIG_H -I. -I.. -I../muse -I../muse -I/usr/include/cpl -I/usr/include -Wdate-time -D_FORTIFY_SOURCE=2 -g -O2 -fdebug-prefix-map=/<<PKGBUILDDIR>>=. -fstack-protector-strong -Wformat -Werror=format-security --std=c99 -Wno-overlength-strings -fopenmp -c muse_ampl_z.c  -fPIC -DPIC -o .libs/muse_ampl_z.o
libtool: compile:  gcc -DHAVE_CONFIG_H -I. -I.. -I../muse -I../muse -I/usr/include/cpl -I/usr/include -Wdate-time -D_FORTIFY_SOURCE=2 -g -O2 -fdebug-prefix-map=/<<PKGBUILDDIR>>=. -fstack-protector-strong -Wformat -Werror=format-security --std=c99 -Wno-overlength-strings -fopenmp -c muse_ampl.c  -fPIC -DPIC -o .libs/muse_ampl.o
/bin/bash ../libtool  --tag=CC   --mode=compile gcc -DHAVE_CONFIG_H -I. -I..  -I../muse -I../muse -I/usr/include/cpl -I/usr/include  -Wdate-time -D_FORTIFY_SOURCE=2  -g -O2 -fdebug-prefix-map=/<<PKGBUILDDIR>>=. -fstack-protector-strong -Wformat -Werror=format-security --std=c99 -Wno-overlength-strings -fopenmp -c -o muse_geometry_z.lo muse_geometry_z.c
/bin/bash ../libtool  --tag=CC   --mode=compile gcc -DHAVE_CONFIG_H -I. -I..  -I../muse -I../muse -I/usr/include/cpl -I/usr/include  -Wdate-time -D_FORTIFY_SOURCE=2  -g -O2 -fdebug-prefix-map=/<<PKGBUILDDIR>>=. -fstack-protector-strong -Wformat -Werror=format-security --std=c99 -Wno-overlength-strings -fopenmp -c -o muse_geometry.lo muse_geometry.c
libtool: compile:  gcc -DHAVE_CONFIG_H -I. -I.. -I../muse -I../muse -I/usr/include/cpl -I/usr/include -Wdate-time -D_FORTIFY_SOURCE=2 -g -O2 -fdebug-prefix-map=/<<PKGBUILDDIR>>=. -fstack-protector-strong -Wformat -Werror=format-security --std=c99 -Wno-overlength-strings -fopenmp -c muse_geometry_z.c  -fPIC -DPIC -o .libs/muse_geometry_z.o
libtool: compile:  gcc -DHAVE_CONFIG_H -I. -I.. -I../muse -I../muse -I/usr/include/cpl -I/usr/include -Wdate-time -D_FORTIFY_SOURCE=2 -g -O2 -fdebug-prefix-map=/<<PKGBUILDDIR>>=. -fstack-protector-strong -Wformat -Werror=format-security --std=c99 -Wno-overlength-strings -fopenmp -c muse_geometry.c  -fPIC -DPIC -o .libs/muse_geometry.o
/bin/bash ../libtool  --tag=CC   --mode=compile gcc -DHAVE_CONFIG_H -I. -I..  -I../muse -I../muse -I/usr/include/cpl -I/usr/include  -Wdate-time -D_FORTIFY_SOURCE=2  -g -O2 -fdebug-prefix-map=/<<PKGBUILDDIR>>=. -fstack-protector-strong -Wformat -Werror=format-security --std=c99 -Wno-overlength-strings -fopenmp -c -o muse_lingain_z.lo muse_lingain_z.c
/bin/bash ../libtool  --tag=CC   --mode=compile gcc -DHAVE_CONFIG_H -I. -I..  -I../muse -I../muse -I/usr/include/cpl -I/usr/include  -Wdate-time -D_FORTIFY_SOURCE=2  -g -O2 -fdebug-prefix-map=/<<PKGBUILDDIR>>=. -fstack-protector-strong -Wformat -Werror=format-security --std=c99 -Wno-overlength-strings -fopenmp -c -o muse_lingain.lo muse_lingain.c
libtool: compile:  gcc -DHAVE_CONFIG_H -I. -I.. -I../muse -I../muse -I/usr/include/cpl -I/usr/include -Wdate-time -D_FORTIFY_SOURCE=2 -g -O2 -fdebug-prefix-map=/<<PKGBUILDDIR>>=. -fstack-protector-strong -Wformat -Werror=format-security --std=c99 -Wno-overlength-strings -fopenmp -c muse_lingain_z.c  -fPIC -DPIC -o .libs/muse_lingain_z.o
libtool: compile:  gcc -DHAVE_CONFIG_H -I. -I.. -I../muse -I../muse -I/usr/include/cpl -I/usr/include -Wdate-time -D_FORTIFY_SOURCE=2 -g -O2 -fdebug-prefix-map=/<<PKGBUILDDIR>>=. -fstack-protector-strong -Wformat -Werror=format-security --std=c99 -Wno-overlength-strings -fopenmp -c muse_lingain.c  -fPIC -DPIC -o .libs/muse_lingain.o
/bin/bash ../libtool  --tag=CC   --mode=compile gcc -DHAVE_CONFIG_H -I. -I..  -I../muse -I../muse -I/usr/include/cpl -I/usr/include  -Wdate-time -D_FORTIFY_SOURCE=2  -g -O2 -fdebug-prefix-map=/<<PKGBUILDDIR>>=. -fstack-protector-strong -Wformat -Werror=format-security --std=c99 -Wno-overlength-strings -fopenmp -c -o muse_illum_z.lo muse_illum_z.c
libtool: compile:  gcc -DHAVE_CONFIG_H -I. -I.. -I../muse -I../muse -I/usr/include/cpl -I/usr/include -Wdate-time -D_FORTIFY_SOURCE=2 -g -O2 -fdebug-prefix-map=/<<PKGBUILDDIR>>=. -fstack-protector-strong -Wformat -Werror=format-security --std=c99 -Wno-overlength-strings -fopenmp -c muse_illum_z.c  -fPIC -DPIC -o .libs/muse_illum_z.o
muse_lingain.c:392:55: warning: format specifies type 'unsigned char' but the argument has type 'int' [-Wformat]
                                  "missing!", islice, aParams->nifu);
                                                      ^~~~~~~~~~~~~
muse_lingain.c:1615:53: warning: format specifies type 'unsigned char' but the argument has type 'unsigned int' [-Wformat]
                        "quadrant %hhu of IFU %u!", quadrant, aParams->nifu);
                                  ~~~~              ^~~~~~~~
                                  %u
muse_lingain.c:1629:45: warning: format specifies type 'unsigned char' but the argument has type 'unsigned int' [-Wformat]
                      "IFU %u is invalid!", quadrant, aParams->nifu);
                                            ^~~~~~~~
muse_lingain.c:1634:49: warning: format specifies type 'unsigned char' but the argument has type 'unsigned int' [-Wformat]
                   "IFU %u: %.6f [counts/ADU]", quadrant, aParams->nifu,
                                                ^~~~~~~~
muse_lingain.c:1691:53: warning: format specifies type 'unsigned char' but the argument has type 'unsigned int' [-Wformat]
                        "quadrant %hhu of IFU %u!", quadrant, aParams->nifu);
                                  ~~~~              ^~~~~~~~
                                  %u
muse_lingain.c:1703:66: warning: format specifies type 'unsigned char' but the argument has type 'unsigned int' [-Wformat]
                      "%u! Skipping non-linearity computation!", quadrant,
                                                                 ^~~~~~~~
muse_lingain.c:1716:62: warning: format specifies type 'unsigned char' but the argument has type 'unsigned int' [-Wformat]
                      "for quadrant %hhu of IFU %u failed!", quadrant,
                                    ~~~~                     ^~~~~~~~
                                    %u
muse_lingain.c:1727:41: warning: format specifies type 'unsigned char' but the argument has type 'unsigned int' [-Wformat]
                   qlinearity.range[1], quadrant, aParams->nifu,
                                        ^~~~~~~~
/bin/bash ../libtool  --tag=CC   --mode=compile gcc -DHAVE_CONFIG_H -I. -I..  -I../muse -I../muse -I/usr/include/cpl -I/usr/include  -Wdate-time -D_FORTIFY_SOURCE=2  -g -O2 -fdebug-prefix-map=/<<PKGBUILDDIR>>=. -fstack-protector-strong -Wformat -Werror=format-security --std=c99 -Wno-overlength-strings -fopenmp -c -o muse_illum.lo muse_illum.c
/bin/bash ../libtool  --tag=CC   --mode=compile gcc -DHAVE_CONFIG_H -I. -I..  -I../muse -I../muse -I/usr/include/cpl -I/usr/include  -Wdate-time -D_FORTIFY_SOURCE=2  -g -O2 -fdebug-prefix-map=/<<PKGBUILDDIR>>=. -fstack-protector-strong -Wformat -Werror=format-security --std=c99 -Wno-overlength-strings -fopenmp -c -o muse_twilight_z.lo muse_twilight_z.c
libtool: compile:  gcc -DHAVE_CONFIG_H -I. -I.. -I../muse -I../muse -I/usr/include/cpl -I/usr/include -Wdate-time -D_FORTIFY_SOURCE=2 -g -O2 -fdebug-prefix-map=/<<PKGBUILDDIR>>=. -fstack-protector-strong -Wformat -Werror=format-security --std=c99 -Wno-overlength-strings -fopenmp -c muse_illum.c  -fPIC -DPIC -o .libs/muse_illum.o
/bin/bash ../libtool  --tag=CC   --mode=compile gcc -DHAVE_CONFIG_H -I. -I..  -I../muse -I../muse -I/usr/include/cpl -I/usr/include  -Wdate-time -D_FORTIFY_SOURCE=2  -g -O2 -fdebug-prefix-map=/<<PKGBUILDDIR>>=. -fstack-protector-strong -Wformat -Werror=format-security --std=c99 -Wno-overlength-strings -fopenmp -c -o muse_twilight.lo muse_twilight.c
libtool: compile:  gcc -DHAVE_CONFIG_H -I. -I.. -I../muse -I../muse -I/usr/include/cpl -I/usr/include -Wdate-time -D_FORTIFY_SOURCE=2 -g -O2 -fdebug-prefix-map=/<<PKGBUILDDIR>>=. -fstack-protector-strong -Wformat -Werror=format-security --std=c99 -Wno-overlength-strings -fopenmp -c muse_twilight_z.c  -fPIC -DPIC -o .libs/muse_twilight_z.o
libtool: compile:  gcc -DHAVE_CONFIG_H -I. -I.. -I../muse -I../muse -I/usr/include/cpl -I/usr/include -Wdate-time -D_FORTIFY_SOURCE=2 -g -O2 -fdebug-prefix-map=/<<PKGBUILDDIR>>=. -fstack-protector-strong -Wformat -Werror=format-security --std=c99 -Wno-overlength-strings -fopenmp -c muse_twilight.c  -fPIC -DPIC -o .libs/muse_twilight.o
muse_illum.c:143:47: warning: format specifies type 'unsigned char' but the argument has type 'int' [-Wformat]
    char *extname = cpl_sprintf("CHAN%02hhu", nifu + 1);
                                     ~~~~~~   ^~~~~~~~
                                     %02d
8 warnings generated.
/bin/bash ../libtool  --tag=CC   --mode=compile gcc -DHAVE_CONFIG_H -I. -I..  -I../muse -I../muse -I/usr/include/cpl -I/usr/include  -Wdate-time -D_FORTIFY_SOURCE=2  -g -O2 -fdebug-prefix-map=/<<PKGBUILDDIR>>=. -fstack-protector-strong -Wformat -Werror=format-security --std=c99 -Wno-overlength-strings -fopenmp -c -o muse_create_sky_z.lo muse_create_sky_z.c
1 warning generated.
/bin/bash ../libtool  --tag=CC   --mode=compile gcc -DHAVE_CONFIG_H -I. -I..  -I../muse -I../muse -I/usr/include/cpl -I/usr/include  -Wdate-time -D_FORTIFY_SOURCE=2  -g -O2 -fdebug-prefix-map=/<<PKGBUILDDIR>>=. -fstack-protector-strong -Wformat -Werror=format-security --std=c99 -Wno-overlength-strings -fopenmp -c -o muse_create_sky.lo muse_create_sky.c
libtool: compile:  gcc -DHAVE_CONFIG_H -I. -I.. -I../muse -I../muse -I/usr/include/cpl -I/usr/include -Wdate-time -D_FORTIFY_SOURCE=2 -g -O2 -fdebug-prefix-map=/<<PKGBUILDDIR>>=. -fstack-protector-strong -Wformat -Werror=format-security --std=c99 -Wno-overlength-strings -fopenmp -c muse_create_sky_z.c  -fPIC -DPIC -o .libs/muse_create_sky_z.o
muse_twilight.c:286:54: warning: format specifies type 'unsigned char' but the argument has type 'int' [-Wformat]
      kw = cpl_sprintf(MUSE_HDR_FLAT_FLUX_SKY"%hhu", 23);
                                              ~~~~   ^~
                                              %d
libtool: compile:  gcc -DHAVE_CONFIG_H -I. -I.. -I../muse -I../muse -I/usr/include/cpl -I/usr/include -Wdate-time -D_FORTIFY_SOURCE=2 -g -O2 -fdebug-prefix-map=/<<PKGBUILDDIR>>=. -fstack-protector-strong -Wformat -Werror=format-security --std=c99 -Wno-overlength-strings -fopenmp -c muse_create_sky.c  -fPIC -DPIC -o .libs/muse_create_sky.o
/bin/bash ../libtool  --tag=CC   --mode=compile gcc -DHAVE_CONFIG_H -I. -I..  -I../muse -I../muse -I/usr/include/cpl -I/usr/include  -Wdate-time -D_FORTIFY_SOURCE=2  -g -O2 -fdebug-prefix-map=/<<PKGBUILDDIR>>=. -fstack-protector-strong -Wformat -Werror=format-security --std=c99 -Wno-overlength-strings -fopenmp -c -o muse_lsf_z.lo muse_lsf_z.c
libtool: compile:  gcc -DHAVE_CONFIG_H -I. -I.. -I../muse -I../muse -I/usr/include/cpl -I/usr/include -Wdate-time -D_FORTIFY_SOURCE=2 -g -O2 -fdebug-prefix-map=/<<PKGBUILDDIR>>=. -fstack-protector-strong -Wformat -Werror=format-security --std=c99 -Wno-overlength-strings -fopenmp -c muse_lsf_z.c  -fPIC -DPIC -o .libs/muse_lsf_z.o
/bin/bash ../libtool  --tag=CC   --mode=compile gcc -DHAVE_CONFIG_H -I. -I..  -I../muse -I../muse -I/usr/include/cpl -I/usr/include  -Wdate-time -D_FORTIFY_SOURCE=2  -g -O2 -fdebug-prefix-map=/<<PKGBUILDDIR>>=. -fstack-protector-strong -Wformat -Werror=format-security --std=c99 -Wno-overlength-strings -fopenmp -c -o muse_lsf.lo muse_lsf.c
/bin/bash ../libtool  --tag=CC   --mode=compile gcc -DHAVE_CONFIG_H -I. -I..  -I../muse -I../muse -I/usr/include/cpl -I/usr/include  -Wdate-time -D_FORTIFY_SOURCE=2  -g -O2 -fdebug-prefix-map=/<<PKGBUILDDIR>>=. -fstack-protector-strong -Wformat -Werror=format-security --std=c99 -Wno-overlength-strings -fopenmp -c -o muse_standard_z.lo muse_standard_z.c
libtool: compile:  gcc -DHAVE_CONFIG_H -I. -I.. -I../muse -I../muse -I/usr/include/cpl -I/usr/include -Wdate-time -D_FORTIFY_SOURCE=2 -g -O2 -fdebug-prefix-map=/<<PKGBUILDDIR>>=. -fstack-protector-strong -Wformat -Werror=format-security --std=c99 -Wno-overlength-strings -fopenmp -c muse_lsf.c  -fPIC -DPIC -o .libs/muse_lsf.o
1 warning generated.
libtool: compile:  gcc -DHAVE_CONFIG_H -I. -I.. -I../muse -I../muse -I/usr/include/cpl -I/usr/include -Wdate-time -D_FORTIFY_SOURCE=2 -g -O2 -fdebug-prefix-map=/<<PKGBUILDDIR>>=. -fstack-protector-strong -Wformat -Werror=format-security --std=c99 -Wno-overlength-strings -fopenmp -c muse_standard_z.c  -fPIC -DPIC -o .libs/muse_standard_z.o
/bin/bash ../libtool  --tag=CC   --mode=compile gcc -DHAVE_CONFIG_H -I. -I..  -I../muse -I../muse -I/usr/include/cpl -I/usr/include  -Wdate-time -D_FORTIFY_SOURCE=2  -g -O2 -fdebug-prefix-map=/<<PKGBUILDDIR>>=. -fstack-protector-strong -Wformat -Werror=format-security --std=c99 -Wno-overlength-strings -fopenmp -c -o muse_standard.lo muse_standard.c
libtool: compile:  gcc -DHAVE_CONFIG_H -I. -I.. -I../muse -I../muse -I/usr/include/cpl -I/usr/include -Wdate-time -D_FORTIFY_SOURCE=2 -g -O2 -fdebug-prefix-map=/<<PKGBUILDDIR>>=. -fstack-protector-strong -Wformat -Werror=format-security --std=c99 -Wno-overlength-strings -fopenmp -c muse_standard.c  -fPIC -DPIC -o .libs/muse_standard.o
muse_lsf.c:219:8: error: loop iteration variable in the associated loop of 'omp parallel for' directive may not be shared, predetermined as private
  for (i_slice = 0; i_slice < n_slices; i_slice++) {
       ^
muse_lsf.c:218:46: note: defined as shared
          shared(aLines, aMaxIter, n_slices, i_slice, lsfParams, slice_pixtable)
                                             ^
1 error generated.
make[4]: *** [Makefile:903: muse_lsf.lo] Error 1
make[4]: *** Waiting for unfinished jobs....
make[4]: Leaving directory '/<<PKGBUILDDIR>>/recipes'
make[3]: *** [Makefile:667: all] Error 2
make[3]: Leaving directory '/<<PKGBUILDDIR>>/recipes'
make[2]: *** [Makefile:531: all-recursive] Error 1
make[2]: Leaving directory '/<<PKGBUILDDIR>>'
make[1]: *** [Makefile:439: all] Error 2
make[1]: Leaving directory '/<<PKGBUILDDIR>>'
dh_auto_build: error: make -j4 returned exit code 2
make: *** [debian/rules:14: build] Error 25
dpkg-buildpackage: error: debian/rules build subprocess returned exit status 2
--------------------------------------------------------------------------------
Build finished at 2020-02-25T17:15:16Z

Finished
--------


+------------------------------------------------------------------------------+
| Cleanup                                                                      |
+------------------------------------------------------------------------------+

Purging /<<BUILDDIR>>
Not cleaning session: cloned chroot in use
E: Build failure (dpkg-buildpackage died)

+------------------------------------------------------------------------------+
| Summary                                                                      |
+------------------------------------------------------------------------------+

Build Architecture: amd64
Build Type: binary
Build-Space: 30068
Build-Time: 20
Distribution: unstable
Fail-Stage: build
Host Architecture: amd64
Install-Time: 26
Job: cpl-plugin-muse_2.8.1+dfsg-1
Machine Architecture: amd64
Package: cpl-plugin-muse
Package-Time: 63
Source-Version: 2.8.1+dfsg-1
Space: 30068
Status: attempted
Version: 2.8.1+dfsg-1
--------------------------------------------------------------------------------
Finished at 2020-02-25T17:15:16Z
Build needed 00:01:03, 30068k disk space
E: Build failure (dpkg-buildpackage died)
DC-Status: Failed 64.595439603s
DC-Time-Estimation: 64.595439603 versus expected 138 (r/m: 1.136373726197087 ; m: 64.595439603)
