DC-Build-Header: dune-pdelab 2.6~20180302-2 / 2020-02-25 12:13:22 +0000
DC-Task: type:rebuild-binarch-only source:dune-pdelab version:2.6~20180302-2 chroot:unstable esttime:1633 logfile:/tmp/dune-pdelab_2.6~20180302-2_unstable_clang10.log modes:clang10:binarch-only
DC-Sbuild-call: su user42 -c 'sbuild -n --arch-any --apt-update -d unstable -v --no-run-lintian --chroot-setup-commands=/tmp/clang10 dune-pdelab_2.6~20180302-2'
sbuild (Debian sbuild) 0.78.1 (09 February 2019) on ip-172-31-14-77.eu-central-1.compute.internal

+==============================================================================+
| dune-pdelab 2.6~20180302-2 (amd64)           Tue, 25 Feb 2020 12:13:23 +0000 |
+==============================================================================+

Package: dune-pdelab
Version: 2.6~20180302-2
Source Version: 2.6~20180302-2
Distribution: unstable
Machine Architecture: amd64
Host Architecture: amd64
Build Architecture: amd64
Build Type: binary

I: NOTICE: Log filtering will replace 'var/run/schroot/mount/sid-amd64-sbuild-3f4a91e0-d2da-4993-bbf1-b79ac89cd39e' with '<<CHROOT>>'

+------------------------------------------------------------------------------+
| Chroot Setup Commands                                                        |
+------------------------------------------------------------------------------+


/tmp/clang10
------------

+ echo 'Entering customization script...'
Entering customization script...
+ CLANG_VERSION=10
+ echo 'Install of clang-10'
Install of clang-10
+ apt-get update
Get:1 http://127.0.0.1:12990/debian sid InRelease [142 kB]
Get:2 http://127.0.0.1:12990/debian sid/main Sources.diff/Index [27.9 kB]
Get:3 http://127.0.0.1:12990/debian sid/main amd64 Packages.diff/Index [27.9 kB]
Get:4 http://127.0.0.1:12990/debian sid/main Sources 2020-02-24-0823.32.pdiff [11.0 kB]
Get:5 http://127.0.0.1:12990/debian sid/main Sources 2020-02-24-1420.34.pdiff [30.2 kB]
Get:6 http://127.0.0.1:12990/debian sid/main Sources 2020-02-24-2014.03.pdiff [16.9 kB]
Get:7 http://127.0.0.1:12990/debian sid/main Sources 2020-02-25-0213.11.pdiff [23.2 kB]
Get:8 http://127.0.0.1:12990/debian sid/main Sources 2020-02-25-0815.22.pdiff [9222 B]
Get:9 http://127.0.0.1:12990/debian sid/main amd64 Packages 2020-02-24-0823.32.pdiff [15.5 kB]
Get:10 http://127.0.0.1:12990/debian sid/main amd64 Packages 2020-02-24-1420.34.pdiff [27.5 kB]
Get:11 http://127.0.0.1:12990/debian sid/main amd64 Packages 2020-02-24-2014.03.pdiff [21.6 kB]
Get:12 http://127.0.0.1:12990/debian sid/main amd64 Packages 2020-02-25-0213.11.pdiff [35.0 kB]
Get:8 http://127.0.0.1:12990/debian sid/main Sources 2020-02-25-0815.22.pdiff [9222 B]
Get:13 http://127.0.0.1:12990/debian sid/main amd64 Packages 2020-02-25-0815.22.pdiff [20.1 kB]
Get:13 http://127.0.0.1:12990/debian sid/main amd64 Packages 2020-02-25-0815.22.pdiff [20.1 kB]
Get:14 http://127.0.0.1:12990/debian sid/main Translation-en [6195 kB]
Fetched 6604 kB in 2s (3687 kB/s)
Reading package lists...
+ apt-get install --yes --no-install-recommends --force-yes clang-10 libomp-10-dev libobjc-9-dev
Reading package lists...
Building dependency tree...
The following additional packages will be installed:
  cpp-9 g++-9 gcc-9 gcc-9-base lib32gcc-s1 lib32gcc1 lib32stdc++6 libasan5
  libbsd0 libc6-i386 libclang-common-10-dev libclang-cpp10 libclang1-10
  libedit2 libgc1c2 libgcc-9-dev libllvm10 libobjc4 libomp5-10 libstdc++-9-dev
  libz3-4
Suggested packages:
  clang-10-doc gcc-9-locales g++-9-multilib gcc-9-doc gcc-9-multilib
  libomp-10-doc libstdc++-9-doc
Recommended packages:
  llvm-10-dev python3
The following NEW packages will be installed:
  clang-10 lib32gcc-s1 lib32gcc1 lib32stdc++6 libbsd0 libc6-i386
  libclang-common-10-dev libclang-cpp10 libclang1-10 libedit2 libgc1c2
  libllvm10 libobjc-9-dev libobjc4 libomp-10-dev libomp5-10 libz3-4
The following packages will be upgraded:
  cpp-9 g++-9 gcc-9 gcc-9-base libasan5 libgcc-9-dev libstdc++-9-dev
7 upgraded, 17 newly installed, 0 to remove and 2 not upgraded.
Need to get 81.5 MB of archives.
After this operation, 238 MB of additional disk space will be used.
Get:1 http://127.0.0.1:12990/debian sid/main amd64 libasan5 amd64 9.2.1-30 [389 kB]
Get:2 http://127.0.0.1:12990/debian sid/main amd64 g++-9 amd64 9.2.1-30 [10.7 MB]
Get:3 http://127.0.0.1:12990/debian sid/main amd64 gcc-9 amd64 9.2.1-30 [10.0 MB]
Get:4 http://127.0.0.1:12990/debian sid/main amd64 libstdc++-9-dev amd64 9.2.1-30 [1697 kB]
Get:5 http://127.0.0.1:12990/debian sid/main amd64 libgcc-9-dev amd64 9.2.1-30 [2349 kB]
Get:6 http://127.0.0.1:12990/debian sid/main amd64 cpp-9 amd64 9.2.1-30 [9711 kB]
Get:7 http://127.0.0.1:12990/debian sid/main amd64 gcc-9-base amd64 9.2.1-30 [196 kB]
Get:8 http://127.0.0.1:12990/debian sid/main amd64 libbsd0 amd64 0.10.0-1 [107 kB]
Get:9 http://127.0.0.1:12990/debian sid/main amd64 libedit2 amd64 3.1-20191231-1 [95.4 kB]
Get:10 http://127.0.0.1:12990/debian sid/main amd64 libz3-4 amd64 4.8.7-4 [6790 kB]
Get:11 http://127.0.0.1:12990/debian sid/main amd64 libllvm10 amd64 1:10.0.0~+rc2-1 [15.5 MB]
Get:12 http://127.0.0.1:12990/debian sid/main amd64 libclang-cpp10 amd64 1:10.0.0~+rc2-1 [9069 kB]
Get:13 http://127.0.0.1:12990/debian sid/main amd64 libgc1c2 amd64 1:7.6.4-0.4 [224 kB]
Get:14 http://127.0.0.1:12990/debian sid/main amd64 libobjc4 amd64 10-20200222-1 [41.6 kB]
Get:15 http://127.0.0.1:12990/debian sid/main amd64 libobjc-9-dev amd64 9.2.1-30 [219 kB]
Get:16 http://127.0.0.1:12990/debian sid/main amd64 libc6-i386 amd64 2.29-10 [2918 kB]
Get:17 http://127.0.0.1:12990/debian sid/main amd64 lib32gcc-s1 amd64 10-20200222-1 [49.4 kB]
Get:18 http://127.0.0.1:12990/debian sid/main amd64 lib32gcc1 amd64 1:10-20200222-1 [1104 B]
Get:19 http://127.0.0.1:12990/debian sid/main amd64 lib32stdc++6 amd64 10-20200222-1 [510 kB]
Get:20 http://127.0.0.1:12990/debian sid/main amd64 libclang-common-10-dev amd64 1:10.0.0~+rc2-1 [2782 kB]
Get:21 http://127.0.0.1:12990/debian sid/main amd64 libclang1-10 amd64 1:10.0.0~+rc2-1 [7607 kB]
Get:22 http://127.0.0.1:12990/debian sid/main amd64 clang-10 amd64 1:10.0.0~+rc2-1 [103 kB]
Get:23 http://127.0.0.1:12990/debian sid/main amd64 libomp5-10 amd64 1:10.0.0~+rc2-1 [337 kB]
Get:24 http://127.0.0.1:12990/debian sid/main amd64 libomp-10-dev amd64 1:10.0.0~+rc2-1 [84.3 kB]
debconf: delaying package configuration, since apt-utils is not installed
Fetched 81.5 MB in 1s (99.3 MB/s)
(Reading database ... (Reading database ... 5%(Reading database ... 10%(Reading database ... 15%(Reading database ... 20%(Reading database ... 25%(Reading database ... 30%(Reading database ... 35%(Reading database ... 40%(Reading database ... 45%(Reading database ... 50%(Reading database ... 55%(Reading database ... 60%(Reading database ... 65%(Reading database ... 70%(Reading database ... 75%(Reading database ... 80%(Reading database ... 85%(Reading database ... 90%(Reading database ... 95%(Reading database ... 100%(Reading database ... 12119 files and directories currently installed.)
Preparing to unpack .../00-libasan5_9.2.1-30_amd64.deb ...
Unpacking libasan5:amd64 (9.2.1-30) over (9.2.1-29) ...
Preparing to unpack .../01-g++-9_9.2.1-30_amd64.deb ...
Unpacking g++-9 (9.2.1-30) over (9.2.1-29) ...
Preparing to unpack .../02-gcc-9_9.2.1-30_amd64.deb ...
Unpacking gcc-9 (9.2.1-30) over (9.2.1-29) ...
Preparing to unpack .../03-libstdc++-9-dev_9.2.1-30_amd64.deb ...
Unpacking libstdc++-9-dev:amd64 (9.2.1-30) over (9.2.1-29) ...
Preparing to unpack .../04-libgcc-9-dev_9.2.1-30_amd64.deb ...
Unpacking libgcc-9-dev:amd64 (9.2.1-30) over (9.2.1-29) ...
Preparing to unpack .../05-cpp-9_9.2.1-30_amd64.deb ...
Unpacking cpp-9 (9.2.1-30) over (9.2.1-29) ...
Preparing to unpack .../06-gcc-9-base_9.2.1-30_amd64.deb ...
Unpacking gcc-9-base:amd64 (9.2.1-30) over (9.2.1-29) ...
Selecting previously unselected package libbsd0:amd64.
Preparing to unpack .../07-libbsd0_0.10.0-1_amd64.deb ...
Unpacking libbsd0:amd64 (0.10.0-1) ...
Selecting previously unselected package libedit2:amd64.
Preparing to unpack .../08-libedit2_3.1-20191231-1_amd64.deb ...
Unpacking libedit2:amd64 (3.1-20191231-1) ...
Selecting previously unselected package libz3-4:amd64.
Preparing to unpack .../09-libz3-4_4.8.7-4_amd64.deb ...
Unpacking libz3-4:amd64 (4.8.7-4) ...
Selecting previously unselected package libllvm10:amd64.
Preparing to unpack .../10-libllvm10_1%3a10.0.0~+rc2-1_amd64.deb ...
Unpacking libllvm10:amd64 (1:10.0.0~+rc2-1) ...
Selecting previously unselected package libclang-cpp10.
Preparing to unpack .../11-libclang-cpp10_1%3a10.0.0~+rc2-1_amd64.deb ...
Unpacking libclang-cpp10 (1:10.0.0~+rc2-1) ...
Selecting previously unselected package libgc1c2:amd64.
Preparing to unpack .../12-libgc1c2_1%3a7.6.4-0.4_amd64.deb ...
Unpacking libgc1c2:amd64 (1:7.6.4-0.4) ...
Selecting previously unselected package libobjc4:amd64.
Preparing to unpack .../13-libobjc4_10-20200222-1_amd64.deb ...
Unpacking libobjc4:amd64 (10-20200222-1) ...
Selecting previously unselected package libobjc-9-dev:amd64.
Preparing to unpack .../14-libobjc-9-dev_9.2.1-30_amd64.deb ...
Unpacking libobjc-9-dev:amd64 (9.2.1-30) ...
Selecting previously unselected package libc6-i386.
Preparing to unpack .../15-libc6-i386_2.29-10_amd64.deb ...
Unpacking libc6-i386 (2.29-10) ...
Selecting previously unselected package lib32gcc-s1.
Preparing to unpack .../16-lib32gcc-s1_10-20200222-1_amd64.deb ...
Unpacking lib32gcc-s1 (10-20200222-1) ...
Selecting previously unselected package lib32gcc1.
Preparing to unpack .../17-lib32gcc1_1%3a10-20200222-1_amd64.deb ...
Unpacking lib32gcc1 (1:10-20200222-1) ...
Selecting previously unselected package lib32stdc++6.
Preparing to unpack .../18-lib32stdc++6_10-20200222-1_amd64.deb ...
Unpacking lib32stdc++6 (10-20200222-1) ...
Selecting previously unselected package libclang-common-10-dev.
Preparing to unpack .../19-libclang-common-10-dev_1%3a10.0.0~+rc2-1_amd64.deb ...
Unpacking libclang-common-10-dev (1:10.0.0~+rc2-1) ...
Selecting previously unselected package libclang1-10.
Preparing to unpack .../20-libclang1-10_1%3a10.0.0~+rc2-1_amd64.deb ...
Unpacking libclang1-10 (1:10.0.0~+rc2-1) ...
Selecting previously unselected package clang-10.
Preparing to unpack .../21-clang-10_1%3a10.0.0~+rc2-1_amd64.deb ...
Unpacking clang-10 (1:10.0.0~+rc2-1) ...
Selecting previously unselected package libomp5-10:amd64.
Preparing to unpack .../22-libomp5-10_1%3a10.0.0~+rc2-1_amd64.deb ...
Unpacking libomp5-10:amd64 (1:10.0.0~+rc2-1) ...
Selecting previously unselected package libomp-10-dev.
Preparing to unpack .../23-libomp-10-dev_1%3a10.0.0~+rc2-1_amd64.deb ...
Unpacking libomp-10-dev (1:10.0.0~+rc2-1) ...
Setting up libgc1c2:amd64 (1:7.6.4-0.4) ...
Setting up libobjc4:amd64 (10-20200222-1) ...
Setting up libz3-4:amd64 (4.8.7-4) ...
Setting up libomp5-10:amd64 (1:10.0.0~+rc2-1) ...
Setting up libc6-i386 (2.29-10) ...
Setting up libbsd0:amd64 (0.10.0-1) ...
Setting up gcc-9-base:amd64 (9.2.1-30) ...
Setting up libomp-10-dev (1:10.0.0~+rc2-1) ...
Setting up libedit2:amd64 (3.1-20191231-1) ...
Setting up libllvm10:amd64 (1:10.0.0~+rc2-1) ...
Setting up libasan5:amd64 (9.2.1-30) ...
Setting up lib32gcc-s1 (10-20200222-1) ...
Setting up libclang1-10 (1:10.0.0~+rc2-1) ...
Setting up cpp-9 (9.2.1-30) ...
Setting up lib32gcc1 (1:10-20200222-1) ...
Setting up libclang-cpp10 (1:10.0.0~+rc2-1) ...
Setting up libgcc-9-dev:amd64 (9.2.1-30) ...
Setting up lib32stdc++6 (10-20200222-1) ...
Setting up libobjc-9-dev:amd64 (9.2.1-30) ...
Setting up gcc-9 (9.2.1-30) ...
Setting up libstdc++-9-dev:amd64 (9.2.1-30) ...
Setting up libclang-common-10-dev (1:10.0.0~+rc2-1) ...
Setting up g++-9 (9.2.1-30) ...
Setting up clang-10 (1:10.0.0~+rc2-1) ...
Processing triggers for libc-bin (2.29-10) ...
W: --force-yes is deprecated, use one of the options starting with --allow instead.
+ echo 'Replace gcc, g++ & cpp by clang'
Replace gcc, g++ & cpp by clang
+ VERSIONS='4.6 4.7 4.8 4.9 5 6 7 8 9 10'
+ cd /usr/bin
+ for VERSION in $VERSIONS
+ rm -f g++-4.6 gcc-4.6 cpp-4.6 gcc
+ ln -s clang++-10 g++-4.6
+ ln -s clang-10 gcc-4.6
+ ln -s clang-10 cpp-4.6
+ ln -s clang-10 gcc
+ echo 'gcc-4.6 hold'
+ dpkg --set-selections
dpkg: warning: package not in status nor available database at line 1: gcc-4.6
dpkg: warning: found unknown packages; this might mean the available database
is outdated, and needs to be updated through a frontend method;
please see the FAQ <https://wiki.debian.org/Teams/Dpkg/FAQ>
+ echo 'g++-4.6 hold'
+ dpkg --set-selections
dpkg: warning: package not in status nor available database at line 1: g++-4.6
dpkg: warning: found unknown packages; this might mean the available database
is outdated, and needs to be updated through a frontend method;
please see the FAQ <https://wiki.debian.org/Teams/Dpkg/FAQ>
+ for VERSION in $VERSIONS
+ rm -f g++-4.7 gcc-4.7 cpp-4.7 gcc
+ ln -s clang++-10 g++-4.7
+ ln -s clang-10 gcc-4.7
+ ln -s clang-10 cpp-4.7
+ ln -s clang-10 gcc
+ echo 'gcc-4.7 hold'
+ dpkg --set-selections
dpkg: warning: package not in status nor available database at line 1: gcc-4.7
dpkg: warning: found unknown packages; this might mean the available database
is outdated, and needs to be updated through a frontend method;
please see the FAQ <https://wiki.debian.org/Teams/Dpkg/FAQ>
+ echo 'g++-4.7 hold'
+ dpkg --set-selections
dpkg: warning: package not in status nor available database at line 1: g++-4.7
dpkg: warning: found unknown packages; this might mean the available database
is outdated, and needs to be updated through a frontend method;
please see the FAQ <https://wiki.debian.org/Teams/Dpkg/FAQ>
+ for VERSION in $VERSIONS
+ rm -f g++-4.8 gcc-4.8 cpp-4.8 gcc
+ ln -s clang++-10 g++-4.8
+ ln -s clang-10 gcc-4.8
+ ln -s clang-10 cpp-4.8
+ ln -s clang-10 gcc
+ echo 'gcc-4.8 hold'
+ dpkg --set-selections
dpkg: warning: package not in status nor available database at line 1: gcc-4.8
dpkg: warning: found unknown packages; this might mean the available database
is outdated, and needs to be updated through a frontend method;
please see the FAQ <https://wiki.debian.org/Teams/Dpkg/FAQ>
+ echo 'g++-4.8 hold'
+ dpkg --set-selections
dpkg: warning: package not in status nor available database at line 1: g++-4.8
dpkg: warning: found unknown packages; this might mean the available database
is outdated, and needs to be updated through a frontend method;
please see the FAQ <https://wiki.debian.org/Teams/Dpkg/FAQ>
+ for VERSION in $VERSIONS
+ rm -f g++-4.9 gcc-4.9 cpp-4.9 gcc
+ ln -s clang++-10 g++-4.9
+ ln -s clang-10 gcc-4.9
+ ln -s clang-10 cpp-4.9
+ ln -s clang-10 gcc
+ echo 'gcc-4.9 hold'
+ dpkg --set-selections
dpkg: warning: package not in status nor available database at line 1: gcc-4.9
dpkg: warning: found unknown packages; this might mean the available database
is outdated, and needs to be updated through a frontend method;
please see the FAQ <https://wiki.debian.org/Teams/Dpkg/FAQ>
+ echo 'g++-4.9 hold'
+ dpkg --set-selections
dpkg: warning: package not in status nor available database at line 1: g++-4.9
dpkg: warning: found unknown packages; this might mean the available database
is outdated, and needs to be updated through a frontend method;
please see the FAQ <https://wiki.debian.org/Teams/Dpkg/FAQ>
+ for VERSION in $VERSIONS
+ rm -f g++-5 gcc-5 cpp-5 gcc
+ ln -s clang++-10 g++-5
+ ln -s clang-10 gcc-5
+ ln -s clang-10 cpp-5
+ ln -s clang-10 gcc
+ echo 'gcc-5 hold'
+ dpkg --set-selections
dpkg: warning: package not in status nor available database at line 1: gcc-5
dpkg: warning: found unknown packages; this might mean the available database
is outdated, and needs to be updated through a frontend method;
please see the FAQ <https://wiki.debian.org/Teams/Dpkg/FAQ>
+ echo 'g++-5 hold'
+ dpkg --set-selections
dpkg: warning: package not in status nor available database at line 1: g++-5
dpkg: warning: found unknown packages; this might mean the available database
is outdated, and needs to be updated through a frontend method;
please see the FAQ <https://wiki.debian.org/Teams/Dpkg/FAQ>
+ for VERSION in $VERSIONS
+ rm -f g++-6 gcc-6 cpp-6 gcc
+ ln -s clang++-10 g++-6
+ ln -s clang-10 gcc-6
+ ln -s clang-10 cpp-6
+ ln -s clang-10 gcc
+ echo 'gcc-6 hold'
+ dpkg --set-selections
dpkg: warning: package not in status nor available database at line 1: gcc-6
dpkg: warning: found unknown packages; this might mean the available database
is outdated, and needs to be updated through a frontend method;
please see the FAQ <https://wiki.debian.org/Teams/Dpkg/FAQ>
+ echo 'g++-6 hold'
+ dpkg --set-selections
dpkg: warning: package not in status nor available database at line 1: g++-6
dpkg: warning: found unknown packages; this might mean the available database
is outdated, and needs to be updated through a frontend method;
please see the FAQ <https://wiki.debian.org/Teams/Dpkg/FAQ>
+ for VERSION in $VERSIONS
+ rm -f g++-7 gcc-7 cpp-7 gcc
+ ln -s clang++-10 g++-7
+ ln -s clang-10 gcc-7
+ ln -s clang-10 cpp-7
+ ln -s clang-10 gcc
+ echo 'gcc-7 hold'
+ dpkg --set-selections
dpkg: warning: package not in status nor available database at line 1: gcc-7
dpkg: warning: found unknown packages; this might mean the available database
is outdated, and needs to be updated through a frontend method;
please see the FAQ <https://wiki.debian.org/Teams/Dpkg/FAQ>
+ echo 'g++-7 hold'
+ dpkg --set-selections
dpkg: warning: package not in status nor available database at line 1: g++-7
dpkg: warning: found unknown packages; this might mean the available database
is outdated, and needs to be updated through a frontend method;
please see the FAQ <https://wiki.debian.org/Teams/Dpkg/FAQ>
+ for VERSION in $VERSIONS
+ rm -f g++-8 gcc-8 cpp-8 gcc
+ ln -s clang++-10 g++-8
+ ln -s clang-10 gcc-8
+ ln -s clang-10 cpp-8
+ ln -s clang-10 gcc
+ echo 'gcc-8 hold'
+ dpkg --set-selections
dpkg: warning: package not in status nor available database at line 1: gcc-8
dpkg: warning: found unknown packages; this might mean the available database
is outdated, and needs to be updated through a frontend method;
please see the FAQ <https://wiki.debian.org/Teams/Dpkg/FAQ>
+ echo 'g++-8 hold'
+ dpkg --set-selections
dpkg: warning: package not in status nor available database at line 1: g++-8
dpkg: warning: found unknown packages; this might mean the available database
is outdated, and needs to be updated through a frontend method;
please see the FAQ <https://wiki.debian.org/Teams/Dpkg/FAQ>
+ for VERSION in $VERSIONS
+ rm -f g++-9 gcc-9 cpp-9 gcc
+ ln -s clang++-10 g++-9
+ ln -s clang-10 gcc-9
+ ln -s clang-10 cpp-9
+ ln -s clang-10 gcc
+ echo 'gcc-9 hold'
+ dpkg --set-selections
+ echo 'g++-9 hold'
+ dpkg --set-selections
+ for VERSION in $VERSIONS
+ rm -f g++-10 gcc-10 cpp-10 gcc
+ ln -s clang++-10 g++-10
+ ln -s clang-10 gcc-10
+ ln -s clang-10 cpp-10
+ ln -s clang-10 gcc
+ echo 'gcc-10 hold'
+ dpkg --set-selections
dpkg: warning: package not in status nor available database at line 1: gcc-10
dpkg: warning: found unknown packages; this might mean the available database
is outdated, and needs to be updated through a frontend method;
please see the FAQ <https://wiki.debian.org/Teams/Dpkg/FAQ>
+ echo 'g++-10 hold'
+ dpkg --set-selections
dpkg: warning: package not in status nor available database at line 1: g++-10
dpkg: warning: found unknown packages; this might mean the available database
is outdated, and needs to be updated through a frontend method;
please see the FAQ <https://wiki.debian.org/Teams/Dpkg/FAQ>
+ cd -
/build/dune-pdelab-ShR1mE
+ echo 'Check if gcc, g++ & cpp are actually clang'
Check if gcc, g++ & cpp are actually clang
+ gcc --version
+ grep clang
+ cpp --version
+ grep clang
+ g++ --version
+ grep clang

I: Finished running '/tmp/clang10'.

Finished processing commands.
--------------------------------------------------------------------------------
I: NOTICE: Log filtering will replace 'build/dune-pdelab-ShR1mE/resolver-Ie1NSX' with '<<RESOLVERDIR>>'

+------------------------------------------------------------------------------+
| Update chroot                                                                |
+------------------------------------------------------------------------------+

Hit:1 http://127.0.0.1:12990/debian sid InRelease
Reading package lists...
Reading package lists...
Building dependency tree...
Reading state information...
Calculating upgrade...
The following packages will be upgraded:
  libgmp10 zlib1g
2 upgraded, 0 newly installed, 0 to remove and 0 not upgraded.
Need to get 343 kB of archives.
After this operation, 0 B of additional disk space will be used.
Get:1 http://127.0.0.1:12990/debian sid/main amd64 libgmp10 amd64 2:6.2.0+dfsg-4 [253 kB]
Get:2 http://127.0.0.1:12990/debian sid/main amd64 zlib1g amd64 1:1.2.11.dfsg-2 [90.4 kB]
debconf: delaying package configuration, since apt-utils is not installed
Fetched 343 kB in 0s (6255 kB/s)
(Reading database ... (Reading database ... 5%(Reading database ... 10%(Reading database ... 15%(Reading database ... 20%(Reading database ... 25%(Reading database ... 30%(Reading database ... 35%(Reading database ... 40%(Reading database ... 45%(Reading database ... 50%(Reading database ... 55%(Reading database ... 60%(Reading database ... 65%(Reading database ... 70%(Reading database ... 75%(Reading database ... 80%(Reading database ... 85%(Reading database ... 90%(Reading database ... 95%(Reading database ... 100%(Reading database ... 12960 files and directories currently installed.)
Preparing to unpack .../libgmp10_2%3a6.2.0+dfsg-4_amd64.deb ...
Unpacking libgmp10:amd64 (2:6.2.0+dfsg-4) over (2:6.2.0+dfsg-3) ...
Setting up libgmp10:amd64 (2:6.2.0+dfsg-4) ...
(Reading database ... (Reading database ... 5%(Reading database ... 10%(Reading database ... 15%(Reading database ... 20%(Reading database ... 25%(Reading database ... 30%(Reading database ... 35%(Reading database ... 40%(Reading database ... 45%(Reading database ... 50%(Reading database ... 55%(Reading database ... 60%(Reading database ... 65%(Reading database ... 70%(Reading database ... 75%(Reading database ... 80%(Reading database ... 85%(Reading database ... 90%(Reading database ... 95%(Reading database ... 100%(Reading database ... 12960 files and directories currently installed.)
Preparing to unpack .../zlib1g_1%3a1.2.11.dfsg-2_amd64.deb ...
Unpacking zlib1g:amd64 (1:1.2.11.dfsg-2) over (1:1.2.11.dfsg-1.2) ...
Setting up zlib1g:amd64 (1:1.2.11.dfsg-2) ...
Processing triggers for libc-bin (2.29-10) ...

+------------------------------------------------------------------------------+
| Fetch source files                                                           |
+------------------------------------------------------------------------------+


Check APT
---------

Checking available source versions...

Download source files with APT
------------------------------

Reading package lists...
NOTICE: 'dune-pdelab' packaging is maintained in the 'Git' version control system at:
https://salsa.debian.org/science-team/dune-pdelab.git
Please use:
git clone https://salsa.debian.org/science-team/dune-pdelab.git
to retrieve the latest (possibly unreleased) updates to the package.
Need to get 536 kB of source archives.
Get:1 http://127.0.0.1:12990/debian sid/main dune-pdelab 2.6~20180302-2 (dsc) [2595 B]
Get:2 http://127.0.0.1:12990/debian sid/main dune-pdelab 2.6~20180302-2 (tar) [529 kB]
Get:3 http://127.0.0.1:12990/debian sid/main dune-pdelab 2.6~20180302-2 (diff) [5308 B]
Fetched 536 kB in 0s (5976 kB/s)
Download complete and in download only mode
I: NOTICE: Log filtering will replace 'build/dune-pdelab-ShR1mE/dune-pdelab-2.6~20180302' with '<<PKGBUILDDIR>>'
I: NOTICE: Log filtering will replace 'build/dune-pdelab-ShR1mE' with '<<BUILDDIR>>'

+------------------------------------------------------------------------------+
| Install package build dependencies                                           |
+------------------------------------------------------------------------------+


Setup apt archive
-----------------

Merged Build-Depends: debhelper (>= 9), cmake, gfortran, mpi-default-bin, mpi-default-dev, pkg-config, python3, libdune-common-dev (>= 2.6.0), libdune-functions-dev (>= 2.6~), libdune-grid-dev (>= 2.6.0), libdune-istl-dev (>= 2.6.0), libdune-localfunctions-dev (>= 2.6.0), libdune-typetree-dev (>= 2.6~), libeigen3-dev, libalberta-dev (>= 2.0.1-5), libgmp-dev, libsuperlu-dev | libsuperlu3-dev, build-essential, fakeroot, doxygen, ghostscript, graphviz, imagemagick, texlive-latex-recommended, texlive-pictures
Filtered Build-Depends: debhelper (>= 9), cmake, gfortran, mpi-default-bin, mpi-default-dev, pkg-config, python3, libdune-common-dev (>= 2.6.0), libdune-functions-dev (>= 2.6~), libdune-grid-dev (>= 2.6.0), libdune-istl-dev (>= 2.6.0), libdune-localfunctions-dev (>= 2.6.0), libdune-typetree-dev (>= 2.6~), libeigen3-dev, libalberta-dev (>= 2.0.1-5), libgmp-dev, libsuperlu-dev, build-essential, fakeroot, doxygen, ghostscript, graphviz, imagemagick, texlive-latex-recommended, texlive-pictures
dpkg-deb: building package 'sbuild-build-depends-main-dummy' in '/<<RESOLVERDIR>>/apt_archive/sbuild-build-depends-main-dummy.deb'.
Ign:1 copy:/<<RESOLVERDIR>>/apt_archive ./ InRelease
Get:2 copy:/<<RESOLVERDIR>>/apt_archive ./ Release [963 B]
Ign:3 copy:/<<RESOLVERDIR>>/apt_archive ./ Release.gpg
Get:4 copy:/<<RESOLVERDIR>>/apt_archive ./ Sources [558 B]
Get:5 copy:/<<RESOLVERDIR>>/apt_archive ./ Packages [631 B]
Fetched 2152 B in 0s (0 B/s)
Reading package lists...
Reading package lists...

Install main build dependencies (apt-based resolver)
----------------------------------------------------

Installing build dependencies
Reading package lists...
Building dependency tree...
Reading state information...
The following additional packages will be installed:
  autoconf automake autopoint autotools-dev bsdmainutils cmake cmake-data
  debhelper dh-autoreconf dh-strip-nondeterminism doxygen dwz file fontconfig
  fontconfig-config fonts-dejavu-core fonts-lmodern fonts-urw-base35 gettext
  gettext-base gfortran gfortran-9 ghostscript graphviz groff-base
  hicolor-icon-theme ibverbs-providers imagemagick imagemagick-6-common
  imagemagick-6.q16 intltool-debian libalberta-dev libalberta4 libamd2 libann0
  libarchive-zip-perl libarchive13 libavahi-client3 libavahi-common-data
  libavahi-common3 libblas-dev libblas3 libbrotli1 libbtf1 libcairo2 libcamd2
  libcbor0 libccolamd2 libcdt5 libcgraph6 libcholmod3 libclang1-9 libcolamd2
  libcroco3 libcups2 libcurl4 libcxsparse3 libdatrie1 libdbus-1-3 libde265-0
  libdebhelper-perl libdune-common-dev libdune-functions-dev
  libdune-geometry-dev libdune-grid-dev libdune-istl-dev
  libdune-localfunctions-dev libdune-typetree-dev libdune-uggrid-dev
  libeigen3-dev libelf1 libevent-2.1-7 libevent-core-2.1-7 libevent-dev
  libevent-extra-2.1-7 libevent-openssl-2.1-7 libevent-pthreads-2.1-7
  libexpat1 libfabric1 libfftw3-double3 libfido2-1
  libfile-stripnondeterminism-perl libfontconfig1 libfreetype6 libfribidi0
  libgd3 libgfortran-9-dev libgfortran5 libglib2.0-0 libgmp-dev libgmpxx4ldbl
  libgraphblas3 libgraphite2-3 libgs9 libgs9-common libgssapi-krb5-2
  libgts-0.7-5 libgvc6 libgvpr2 libharfbuzz-icu0 libharfbuzz0b libheif1
  libhwloc-dev libhwloc-plugins libhwloc15 libibverbs-dev libibverbs1 libice6
  libicu63 libidn11 libijs-0.35 libjbig0 libjbig2dec0 libjpeg62-turbo
  libjsoncpp1 libk5crypto3 libkeyutils1 libklu1 libkpathsea6 libkrb5-3
  libkrb5support0 liblab-gamut1 liblapack-dev liblapack3 liblcms2-2
  libldap-2.4-2 libldap-common libldl2 libllvm9 liblqr-1-0 libltdl-dev
  libltdl7 libmagic-mgc libmagic1 libmagickcore-6.q16-6 libmagickwand-6.q16-6
  libmetis5 libmongoose2 libmpdec2 libncurses6 libnghttp2-14 libnl-3-200
  libnl-3-dev libnl-route-3-200 libnl-route-3-dev libnuma-dev libnuma1
  libopenjp2-7 libopenmpi-dev libopenmpi3 libpango-1.0-0 libpangocairo-1.0-0
  libpangoft2-1.0-0 libpaper-utils libpaper1 libpathplan4 libpciaccess0
  libpipeline1 libpixman-1-0 libpmix2 libpng16-16 libprocps8 libpsl5
  libpsm-infinipath1 libpsm2-2 libptexenc1 libpython3-stdlib
  libpython3.7-minimal libpython3.7-stdlib librbio2 librdmacm1 libreadline8
  librhash0 librtmp1 libsasl2-2 libsasl2-modules-db libsigsegv2 libsm6
  libspqr2 libsqlite3-0 libssh2-1 libssl1.1 libsub-override-perl
  libsuitesparse-dev libsuitesparseconfig5 libsuperlu-dev libsuperlu5
  libsynctex2 libteckit0 libtexlua53 libtexluajit2 libthai-data libthai0
  libtiff5 libtool libuchardet0 libumfpack5 libuv1 libwebp6 libwebpmux3
  libx11-6 libx11-data libx265-179 libxapian30 libxau6 libxaw7 libxcb-render0
  libxcb-shm0 libxcb1 libxdmcp6 libxext6 libxi6 libxml2 libxmu6 libxnvctrl0
  libxpm4 libxrender1 libxt6 libzzip-0-13 m4 man-db mime-support
  mpi-default-bin mpi-default-dev ocl-icd-libopencl1 openmpi-bin
  openmpi-common openssh-client pkg-config po-debconf poppler-data procps
  python3 python3-minimal python3.7 python3.7-minimal readline-common
  sensible-utils t1utils tex-common texlive-base texlive-binaries
  texlive-latex-base texlive-latex-recommended texlive-pictures ucf x11-common
  xdg-utils
Suggested packages:
  autoconf-archive gnu-standards autoconf-doc wamerican | wordlist whois
  vacation cmake-doc ninja-build dh-make doxygen-latex doxygen-doc doxygen-gui
  fonts-freefont-otf | fonts-freefont-ttf fonts-texgyre gettext-doc
  libasprintf-dev libgettextpo-dev gfortran-multilib gfortran-doc
  gfortran-9-multilib gfortran-9-doc libcoarrays-dev ghostscript-x gsfonts
  graphviz-doc groff imagemagick-doc autotrace cups-bsd | lpr | lprng curl
  enscript ffmpeg gimp gnuplot grads hp2xx html2ps libwmf-bin mplayer povray
  radiance sane-utils transfig ufraw-batch lrzip liblapack-doc cups-common
  libdune-common-doc libdune-functions-doc libdune-grid-doc libdune-istl-doc
  libdune-localfunctions-doc libdune-typetree-doc libeigen3-doc libmpfrc++-dev
  libfftw3-bin libfftw3-dev libgd-tools gmp-doc libgmp10-doc libmpfr-dev
  krb5-doc krb5-user libhwloc-contrib-plugins liblcms2-utils libtool-doc
  libmagickcore-6.q16-6-extra openmpi-doc pciutils libsuperlu-doc gcj-jdk
  xapian-tools m4-doc apparmor less www-browser opencl-icd keychain libpam-ssh
  monkeysphere ssh-askpass libmail-box-perl poppler-utils
  fonts-japanese-mincho | fonts-ipafont-mincho fonts-japanese-gothic
  | fonts-ipafont-gothic fonts-arphic-ukai fonts-arphic-uming fonts-nanum
  python3-doc python3-tk python3-venv python3.7-venv python3.7-doc
  binfmt-support readline-doc perl-tk xpdf | pdf-viewer xzdec
  texlive-latex-base-doc texlive-latex-recommended-doc texlive-luatex
  texlive-pstricks dot2tex prerex ruby-tcltk | libtcltk-ruby
  texlive-latex-extra texlive-pictures-doc vprerex
Recommended packages:
  curl | wget | lynx fonts-liberation libmagickcore-6.q16-6-extra netpbm
  ca-certificates dbus libarchive-cpio-perl libglib2.0-data shared-mime-info
  xdg-user-dirs fonts-droid-fallback libgts-bin krb5-locales gsfonts libgpm2
  libcoarrays-openmpi-dev publicsuffix libsasl2-modules xauth
  libmail-sendmail-perl psmisc lmodern dvisvgm ruby | ruby-interpreter tk
  libfile-mimeinfo-perl libnet-dbus-perl libx11-protocol-perl x11-utils
  x11-xserver-utils
The following NEW packages will be installed:
  autoconf automake autopoint autotools-dev bsdmainutils cmake cmake-data
  debhelper dh-autoreconf dh-strip-nondeterminism doxygen dwz file fontconfig
  fontconfig-config fonts-dejavu-core fonts-lmodern fonts-urw-base35 gettext
  gettext-base gfortran gfortran-9 ghostscript graphviz groff-base
  hicolor-icon-theme ibverbs-providers imagemagick imagemagick-6-common
  imagemagick-6.q16 intltool-debian libalberta-dev libalberta4 libamd2 libann0
  libarchive-zip-perl libarchive13 libavahi-client3 libavahi-common-data
  libavahi-common3 libblas-dev libblas3 libbrotli1 libbtf1 libcairo2 libcamd2
  libcbor0 libccolamd2 libcdt5 libcgraph6 libcholmod3 libclang1-9 libcolamd2
  libcroco3 libcups2 libcurl4 libcxsparse3 libdatrie1 libdbus-1-3 libde265-0
  libdebhelper-perl libdune-common-dev libdune-functions-dev
  libdune-geometry-dev libdune-grid-dev libdune-istl-dev
  libdune-localfunctions-dev libdune-typetree-dev libdune-uggrid-dev
  libeigen3-dev libelf1 libevent-2.1-7 libevent-core-2.1-7 libevent-dev
  libevent-extra-2.1-7 libevent-openssl-2.1-7 libevent-pthreads-2.1-7
  libexpat1 libfabric1 libfftw3-double3 libfido2-1
  libfile-stripnondeterminism-perl libfontconfig1 libfreetype6 libfribidi0
  libgd3 libgfortran-9-dev libgfortran5 libglib2.0-0 libgmp-dev libgmpxx4ldbl
  libgraphblas3 libgraphite2-3 libgs9 libgs9-common libgssapi-krb5-2
  libgts-0.7-5 libgvc6 libgvpr2 libharfbuzz-icu0 libharfbuzz0b libheif1
  libhwloc-dev libhwloc-plugins libhwloc15 libibverbs-dev libibverbs1 libice6
  libicu63 libidn11 libijs-0.35 libjbig0 libjbig2dec0 libjpeg62-turbo
  libjsoncpp1 libk5crypto3 libkeyutils1 libklu1 libkpathsea6 libkrb5-3
  libkrb5support0 liblab-gamut1 liblapack-dev liblapack3 liblcms2-2
  libldap-2.4-2 libldap-common libldl2 libllvm9 liblqr-1-0 libltdl-dev
  libltdl7 libmagic-mgc libmagic1 libmagickcore-6.q16-6 libmagickwand-6.q16-6
  libmetis5 libmongoose2 libmpdec2 libncurses6 libnghttp2-14 libnl-3-200
  libnl-3-dev libnl-route-3-200 libnl-route-3-dev libnuma-dev libnuma1
  libopenjp2-7 libopenmpi-dev libopenmpi3 libpango-1.0-0 libpangocairo-1.0-0
  libpangoft2-1.0-0 libpaper-utils libpaper1 libpathplan4 libpciaccess0
  libpipeline1 libpixman-1-0 libpmix2 libpng16-16 libprocps8 libpsl5
  libpsm-infinipath1 libpsm2-2 libptexenc1 libpython3-stdlib
  libpython3.7-minimal libpython3.7-stdlib librbio2 librdmacm1 libreadline8
  librhash0 librtmp1 libsasl2-2 libsasl2-modules-db libsigsegv2 libsm6
  libspqr2 libsqlite3-0 libssh2-1 libssl1.1 libsub-override-perl
  libsuitesparse-dev libsuitesparseconfig5 libsuperlu-dev libsuperlu5
  libsynctex2 libteckit0 libtexlua53 libtexluajit2 libthai-data libthai0
  libtiff5 libtool libuchardet0 libumfpack5 libuv1 libwebp6 libwebpmux3
  libx11-6 libx11-data libx265-179 libxapian30 libxau6 libxaw7 libxcb-render0
  libxcb-shm0 libxcb1 libxdmcp6 libxext6 libxi6 libxml2 libxmu6 libxnvctrl0
  libxpm4 libxrender1 libxt6 libzzip-0-13 m4 man-db mime-support
  mpi-default-bin mpi-default-dev ocl-icd-libopencl1 openmpi-bin
  openmpi-common openssh-client pkg-config po-debconf poppler-data procps
  python3 python3-minimal python3.7 python3.7-minimal readline-common
  sbuild-build-depends-main-dummy sensible-utils t1utils tex-common
  texlive-base texlive-binaries texlive-latex-base texlive-latex-recommended
  texlive-pictures ucf x11-common xdg-utils
0 upgraded, 249 newly installed, 0 to remove and 0 not upgraded.
Need to get 192 MB of archives.
After this operation, 799 MB of additional disk space will be used.
Get:1 copy:/<<RESOLVERDIR>>/apt_archive ./ sbuild-build-depends-main-dummy 0.invalid.0 [1060 B]
Get:2 http://127.0.0.1:12990/debian sid/main amd64 bsdmainutils amd64 11.1.2+b1 [191 kB]
Get:3 http://127.0.0.1:12990/debian sid/main amd64 libuchardet0 amd64 0.0.6-3 [64.9 kB]
Get:4 http://127.0.0.1:12990/debian sid/main amd64 groff-base amd64 1.22.4-4 [919 kB]
Get:5 http://127.0.0.1:12990/debian sid/main amd64 libpipeline1 amd64 1.5.2-2 [33.9 kB]
Get:6 http://127.0.0.1:12990/debian sid/main amd64 man-db amd64 2.9.0-2 [1307 kB]
Get:7 http://127.0.0.1:12990/debian sid/main amd64 libfftw3-double3 amd64 3.3.8-2 [733 kB]
Get:8 http://127.0.0.1:12990/debian sid/main amd64 libexpat1 amd64 2.2.9-1 [94.3 kB]
Get:9 http://127.0.0.1:12990/debian sid/main amd64 libpng16-16 amd64 1.6.37-2 [292 kB]
Get:10 http://127.0.0.1:12990/debian sid/main amd64 libfreetype6 amd64 2.10.1-2 [392 kB]
Get:11 http://127.0.0.1:12990/debian sid/main amd64 sensible-utils all 0.0.12+nmu1 [16.0 kB]
Get:12 http://127.0.0.1:12990/debian sid/main amd64 ucf all 3.0038+nmu1 [69.0 kB]
Get:13 http://127.0.0.1:12990/debian sid/main amd64 fonts-dejavu-core all 2.37-1 [1068 kB]
Get:14 http://127.0.0.1:12990/debian sid/main amd64 fontconfig-config all 2.13.1-2 [280 kB]
Get:15 http://127.0.0.1:12990/debian sid/main amd64 libfontconfig1 amd64 2.13.1-2+b1 [347 kB]
Get:16 http://127.0.0.1:12990/debian sid/main amd64 libde265-0 amd64 1.0.4-1 [239 kB]
Get:17 http://127.0.0.1:12990/debian sid/main amd64 libnuma1 amd64 2.0.12-1+b1 [26.3 kB]
Get:18 http://127.0.0.1:12990/debian sid/main amd64 libx265-179 amd64 3.2.1-1 [1071 kB]
Get:19 http://127.0.0.1:12990/debian sid/main amd64 libheif1 amd64 1.6.1-1 [164 kB]
Get:20 http://127.0.0.1:12990/debian sid/main amd64 libjbig0 amd64 2.1-3.1+b2 [31.0 kB]
Get:21 http://127.0.0.1:12990/debian sid/main amd64 libjpeg62-turbo amd64 1:1.5.2-2+b1 [134 kB]
Get:22 http://127.0.0.1:12990/debian sid/main amd64 liblcms2-2 amd64 2.9-4 [146 kB]
Get:23 http://127.0.0.1:12990/debian sid/main amd64 libglib2.0-0 amd64 2.62.4-2 [1319 kB]
Get:24 http://127.0.0.1:12990/debian sid/main amd64 liblqr-1-0 amd64 0.4.2-2.1 [29.1 kB]
Get:25 http://127.0.0.1:12990/debian sid/main amd64 libltdl7 amd64 2.4.6-13 [390 kB]
Get:26 http://127.0.0.1:12990/debian sid/main amd64 libopenjp2-7 amd64 2.3.1-1 [159 kB]
Get:27 http://127.0.0.1:12990/debian sid/main amd64 libwebp6 amd64 0.6.1-2+b1 [261 kB]
Get:28 http://127.0.0.1:12990/debian sid/main amd64 libtiff5 amd64 4.1.0+git191117-2 [271 kB]
Get:29 http://127.0.0.1:12990/debian sid/main amd64 libwebpmux3 amd64 0.6.1-2+b1 [97.9 kB]
Get:30 http://127.0.0.1:12990/debian sid/main amd64 libxau6 amd64 1:1.0.8-1+b2 [19.9 kB]
Get:31 http://127.0.0.1:12990/debian sid/main amd64 libxdmcp6 amd64 1:1.1.2-3 [26.3 kB]
Get:32 http://127.0.0.1:12990/debian sid/main amd64 libxcb1 amd64 1.13.1-5 [137 kB]
Get:33 http://127.0.0.1:12990/debian sid/main amd64 libx11-data all 2:1.6.8-1 [298 kB]
Get:34 http://127.0.0.1:12990/debian sid/main amd64 libx11-6 amd64 2:1.6.8-1 [756 kB]
Get:35 http://127.0.0.1:12990/debian sid/main amd64 libxext6 amd64 2:1.3.3-1+b2 [52.5 kB]
Get:36 http://127.0.0.1:12990/debian sid/main amd64 libicu63 amd64 63.2-2 [8301 kB]
Get:37 http://127.0.0.1:12990/debian sid/main amd64 libxml2 amd64 2.9.10+dfsg-3 [709 kB]
Get:38 http://127.0.0.1:12990/debian sid/main amd64 imagemagick-6-common all 8:6.9.10.23+dfsg-2.1 [200 kB]
Get:39 http://127.0.0.1:12990/debian sid/main amd64 libmagickcore-6.q16-6 amd64 8:6.9.10.23+dfsg-2.1+b2 [1787 kB]
Get:40 http://127.0.0.1:12990/debian sid/main amd64 libmagickwand-6.q16-6 amd64 8:6.9.10.23+dfsg-2.1+b2 [446 kB]
Get:41 http://127.0.0.1:12990/debian sid/main amd64 poppler-data all 0.4.9-2 [1473 kB]
Get:42 http://127.0.0.1:12990/debian sid/main amd64 libssl1.1 amd64 1.1.1d-2 [1540 kB]
Get:43 http://127.0.0.1:12990/debian sid/main amd64 libpython3.7-minimal amd64 3.7.6-1+b1 [591 kB]
Get:44 http://127.0.0.1:12990/debian sid/main amd64 python3.7-minimal amd64 3.7.6-1+b1 [1813 kB]
Get:45 http://127.0.0.1:12990/debian sid/main amd64 python3-minimal amd64 3.7.5-3 [36.8 kB]
Get:46 http://127.0.0.1:12990/debian sid/main amd64 mime-support all 3.64 [37.8 kB]
Get:47 http://127.0.0.1:12990/debian sid/main amd64 libmpdec2 amd64 2.4.2-2 [87.2 kB]
Get:48 http://127.0.0.1:12990/debian sid/main amd64 readline-common all 8.0-3 [72.5 kB]
Get:49 http://127.0.0.1:12990/debian sid/main amd64 libreadline8 amd64 8.0-3 [160 kB]
Get:50 http://127.0.0.1:12990/debian sid/main amd64 libsqlite3-0 amd64 3.31.1-3 [661 kB]
Get:51 http://127.0.0.1:12990/debian sid/main amd64 libpython3.7-stdlib amd64 3.7.6-1+b1 [1735 kB]
Get:52 http://127.0.0.1:12990/debian sid/main amd64 python3.7 amd64 3.7.6-1+b1 [351 kB]
Get:53 http://127.0.0.1:12990/debian sid/main amd64 libpython3-stdlib amd64 3.7.5-3 [20.2 kB]
Get:54 http://127.0.0.1:12990/debian sid/main amd64 python3 amd64 3.7.5-3 [62.1 kB]
Get:55 http://127.0.0.1:12990/debian sid/main amd64 tex-common all 6.13 [53.2 kB]
Get:56 http://127.0.0.1:12990/debian sid/main amd64 libncurses6 amd64 6.1+20191019-1 [102 kB]
Get:57 http://127.0.0.1:12990/debian sid/main amd64 libprocps8 amd64 2:3.3.16-1+b1 [62.8 kB]
Get:58 http://127.0.0.1:12990/debian sid/main amd64 procps amd64 2:3.3.16-1+b1 [263 kB]
Get:59 http://127.0.0.1:12990/debian sid/main amd64 libmagic-mgc amd64 1:5.38-4 [262 kB]
Get:60 http://127.0.0.1:12990/debian sid/main amd64 libmagic1 amd64 1:5.38-4 [120 kB]
Get:61 http://127.0.0.1:12990/debian sid/main amd64 file amd64 1:5.38-4 [67.9 kB]
Get:62 http://127.0.0.1:12990/debian sid/main amd64 gettext-base amd64 0.19.8.1-10 [123 kB]
Get:63 http://127.0.0.1:12990/debian sid/main amd64 libcbor0 amd64 0.5.0+dfsg-2 [24.0 kB]
Get:64 http://127.0.0.1:12990/debian sid/main amd64 libfido2-1 amd64 1.3.1-1 [47.4 kB]
Get:65 http://127.0.0.1:12990/debian sid/main amd64 libkeyutils1 amd64 1.6.1-2 [15.4 kB]
Get:66 http://127.0.0.1:12990/debian sid/main amd64 libkrb5support0 amd64 1.17-6 [64.6 kB]
Get:67 http://127.0.0.1:12990/debian sid/main amd64 libk5crypto3 amd64 1.17-6 [116 kB]
Get:68 http://127.0.0.1:12990/debian sid/main amd64 libkrb5-3 amd64 1.17-6 [366 kB]
Get:69 http://127.0.0.1:12990/debian sid/main amd64 libgssapi-krb5-2 amd64 1.17-6 [156 kB]
Get:70 http://127.0.0.1:12990/debian sid/main amd64 openssh-client amd64 1:8.2p1-3 [906 kB]
Get:71 http://127.0.0.1:12990/debian sid/main amd64 libsigsegv2 amd64 2.12-2 [32.8 kB]
Get:72 http://127.0.0.1:12990/debian sid/main amd64 m4 amd64 1.4.18-4 [203 kB]
Get:73 http://127.0.0.1:12990/debian sid/main amd64 autoconf all 2.69-11.1 [341 kB]
Get:74 http://127.0.0.1:12990/debian sid/main amd64 autotools-dev all 20180224.1 [77.0 kB]
Get:75 http://127.0.0.1:12990/debian sid/main amd64 automake all 1:1.16.1-4 [771 kB]
Get:76 http://127.0.0.1:12990/debian sid/main amd64 autopoint all 0.19.8.1-10 [435 kB]
Get:77 http://127.0.0.1:12990/debian sid/main amd64 cmake-data all 3.16.3-1 [1628 kB]
Get:78 http://127.0.0.1:12990/debian sid/main amd64 libarchive13 amd64 3.4.0-1+b1 [335 kB]
Get:79 http://127.0.0.1:12990/debian sid/main amd64 libbrotli1 amd64 1.0.7-6 [266 kB]
Get:80 http://127.0.0.1:12990/debian sid/main amd64 libsasl2-modules-db amd64 2.1.27+dfsg-2 [69.0 kB]
Get:81 http://127.0.0.1:12990/debian sid/main amd64 libsasl2-2 amd64 2.1.27+dfsg-2 [106 kB]
Get:82 http://127.0.0.1:12990/debian sid/main amd64 libldap-common all 2.4.49+dfsg-1 [91.9 kB]
Get:83 http://127.0.0.1:12990/debian sid/main amd64 libldap-2.4-2 amd64 2.4.49+dfsg-1 [226 kB]
Get:84 http://127.0.0.1:12990/debian sid/main amd64 libnghttp2-14 amd64 1.40.0-1 [85.0 kB]
Get:85 http://127.0.0.1:12990/debian sid/main amd64 libpsl5 amd64 0.20.2-2 [53.7 kB]
Get:86 http://127.0.0.1:12990/debian sid/main amd64 librtmp1 amd64 2.4+20151223.gitfa8646d.1-2+b1 [60.8 kB]
Get:87 http://127.0.0.1:12990/debian sid/main amd64 libssh2-1 amd64 1.8.0-2.1 [140 kB]
Get:88 http://127.0.0.1:12990/debian sid/main amd64 libcurl4 amd64 7.68.0-1 [321 kB]
Get:89 http://127.0.0.1:12990/debian sid/main amd64 libjsoncpp1 amd64 1.7.4-3.1 [77.6 kB]
Get:90 http://127.0.0.1:12990/debian sid/main amd64 librhash0 amd64 1.3.9-1 [123 kB]
Get:91 http://127.0.0.1:12990/debian sid/main amd64 libuv1 amd64 1.34.2-1 [127 kB]
Get:92 http://127.0.0.1:12990/debian sid/main amd64 cmake amd64 3.16.3-1 [3673 kB]
Get:93 http://127.0.0.1:12990/debian sid/main amd64 libtool all 2.4.6-13 [513 kB]
Get:94 http://127.0.0.1:12990/debian sid/main amd64 dh-autoreconf all 19 [16.9 kB]
Get:95 http://127.0.0.1:12990/debian sid/main amd64 libdebhelper-perl all 12.9 [183 kB]
Get:96 http://127.0.0.1:12990/debian sid/main amd64 libarchive-zip-perl all 1.67-1 [104 kB]
Get:97 http://127.0.0.1:12990/debian sid/main amd64 libsub-override-perl all 0.09-2 [10.2 kB]
Get:98 http://127.0.0.1:12990/debian sid/main amd64 libfile-stripnondeterminism-perl all 1.6.3-2 [23.7 kB]
Get:99 http://127.0.0.1:12990/debian sid/main amd64 dh-strip-nondeterminism all 1.6.3-2 [14.7 kB]
Get:100 http://127.0.0.1:12990/debian sid/main amd64 libelf1 amd64 0.176-1.1 [161 kB]
Get:101 http://127.0.0.1:12990/debian sid/main amd64 dwz amd64 0.13-5 [151 kB]
Get:102 http://127.0.0.1:12990/debian sid/main amd64 libcroco3 amd64 0.6.13-1 [146 kB]
Get:103 http://127.0.0.1:12990/debian sid/main amd64 gettext amd64 0.19.8.1-10 [1303 kB]
Get:104 http://127.0.0.1:12990/debian sid/main amd64 intltool-debian all 0.35.0+20060710.5 [26.8 kB]
Get:105 http://127.0.0.1:12990/debian sid/main amd64 po-debconf all 1.0.21 [248 kB]
Get:106 http://127.0.0.1:12990/debian sid/main amd64 debhelper all 12.9 [994 kB]
Get:107 http://127.0.0.1:12990/debian sid/main amd64 libllvm9 amd64 1:9.0.1-8 [15.0 MB]
Get:108 http://127.0.0.1:12990/debian sid/main amd64 libclang1-9 amd64 1:9.0.1-8 [6719 kB]
Get:109 http://127.0.0.1:12990/debian sid/main amd64 libxapian30 amd64 1.4.14-2 [1085 kB]
Get:110 http://127.0.0.1:12990/debian sid/main amd64 doxygen amd64 1.8.16-2 [9455 kB]
Get:111 http://127.0.0.1:12990/debian sid/main amd64 fontconfig amd64 2.13.1-2+b1 [405 kB]
Get:112 http://127.0.0.1:12990/debian sid/main amd64 fonts-lmodern all 2.004.5-6 [4539 kB]
Get:113 http://127.0.0.1:12990/debian sid/main amd64 fonts-urw-base35 all 20170801.1-3 [6333 kB]
Get:114 http://127.0.0.1:12990/debian sid/main amd64 libgfortran5 amd64 10-20200222-1 [721 kB]
Get:115 http://127.0.0.1:12990/debian sid/main amd64 libgfortran-9-dev amd64 9.2.1-30 [676 kB]
Get:116 http://127.0.0.1:12990/debian sid/main amd64 gfortran-9 amd64 9.2.1-30 [10.4 MB]
Get:117 http://127.0.0.1:12990/debian sid/main amd64 gfortran amd64 4:9.2.1-3.1 [1432 B]
Get:118 http://127.0.0.1:12990/debian sid/main amd64 libgs9-common all 9.50~dfsg-5 [725 kB]
Get:119 http://127.0.0.1:12990/debian sid/main amd64 libavahi-common-data amd64 0.7-5 [122 kB]
Get:120 http://127.0.0.1:12990/debian sid/main amd64 libavahi-common3 amd64 0.7-5 [54.6 kB]
Get:121 http://127.0.0.1:12990/debian sid/main amd64 libdbus-1-3 amd64 1.12.16-2 [214 kB]
Get:122 http://127.0.0.1:12990/debian sid/main amd64 libavahi-client3 amd64 0.7-5 [58.2 kB]
Get:123 http://127.0.0.1:12990/debian sid/main amd64 libcups2 amd64 2.3.1-11 [349 kB]
Get:124 http://127.0.0.1:12990/debian sid/main amd64 libidn11 amd64 1.33-2.2 [116 kB]
Get:125 http://127.0.0.1:12990/debian sid/main amd64 libijs-0.35 amd64 0.35-15 [16.4 kB]
Get:126 http://127.0.0.1:12990/debian sid/main amd64 libjbig2dec0 amd64 0.17-1 [63.5 kB]
Get:127 http://127.0.0.1:12990/debian sid/main amd64 libpaper1 amd64 1.1.28+b1 [21.6 kB]
Get:128 http://127.0.0.1:12990/debian sid/main amd64 libgs9 amd64 9.50~dfsg-5 [2227 kB]
Get:129 http://127.0.0.1:12990/debian sid/main amd64 ghostscript amd64 9.50~dfsg-5 [95.8 kB]
Get:130 http://127.0.0.1:12990/debian sid/main amd64 libann0 amd64 1.1.2+doc-7 [25.3 kB]
Get:131 http://127.0.0.1:12990/debian sid/main amd64 libcdt5 amd64 2.42.2-3+b1 [60.9 kB]
Get:132 http://127.0.0.1:12990/debian sid/main amd64 libcgraph6 amd64 2.42.2-3+b1 [85.2 kB]
Get:133 http://127.0.0.1:12990/debian sid/main amd64 libxpm4 amd64 1:3.5.12-1 [49.1 kB]
Get:134 http://127.0.0.1:12990/debian sid/main amd64 libgd3 amd64 2.2.5-5.2 [136 kB]
Get:135 http://127.0.0.1:12990/debian sid/main amd64 libgts-0.7-5 amd64 0.7.6+darcs121130-4+b1 [158 kB]
Get:136 http://127.0.0.1:12990/debian sid/main amd64 libpixman-1-0 amd64 0.36.0-1 [537 kB]
Get:137 http://127.0.0.1:12990/debian sid/main amd64 libxcb-render0 amd64 1.13.1-5 [109 kB]
Get:138 http://127.0.0.1:12990/debian sid/main amd64 libxcb-shm0 amd64 1.13.1-5 [99.3 kB]
Get:139 http://127.0.0.1:12990/debian sid/main amd64 libxrender1 amd64 1:0.9.10-1 [33.0 kB]
Get:140 http://127.0.0.1:12990/debian sid/main amd64 libcairo2 amd64 1.16.0-4 [689 kB]
Get:141 http://127.0.0.1:12990/debian sid/main amd64 libfribidi0 amd64 1.0.8-2 [64.8 kB]
Get:142 http://127.0.0.1:12990/debian sid/main amd64 libthai-data all 0.1.28-3 [170 kB]
Get:143 http://127.0.0.1:12990/debian sid/main amd64 libdatrie1 amd64 0.2.12-3 [39.5 kB]
Get:144 http://127.0.0.1:12990/debian sid/main amd64 libthai0 amd64 0.1.28-3 [54.2 kB]
Get:145 http://127.0.0.1:12990/debian sid/main amd64 libpango-1.0-0 amd64 1.42.4-8 [186 kB]
Get:146 http://127.0.0.1:12990/debian sid/main amd64 libgraphite2-3 amd64 1.3.13-11 [80.9 kB]
Get:147 http://127.0.0.1:12990/debian sid/main amd64 libharfbuzz0b amd64 2.6.4-1 [1360 kB]
Get:148 http://127.0.0.1:12990/debian sid/main amd64 libpangoft2-1.0-0 amd64 1.42.4-8 [68.2 kB]
Get:149 http://127.0.0.1:12990/debian sid/main amd64 libpangocairo-1.0-0 amd64 1.42.4-8 [55.7 kB]
Get:150 http://127.0.0.1:12990/debian sid/main amd64 libpathplan4 amd64 2.42.2-3+b1 [64.1 kB]
Get:151 http://127.0.0.1:12990/debian sid/main amd64 libgvc6 amd64 2.42.2-3+b1 [693 kB]
Get:152 http://127.0.0.1:12990/debian sid/main amd64 libgvpr2 amd64 2.42.2-3+b1 [211 kB]
Get:153 http://127.0.0.1:12990/debian sid/main amd64 liblab-gamut1 amd64 2.42.2-3+b1 [220 kB]
Get:154 http://127.0.0.1:12990/debian sid/main amd64 x11-common all 1:7.7+20 [252 kB]
Get:155 http://127.0.0.1:12990/debian sid/main amd64 libice6 amd64 2:1.0.9-2 [58.7 kB]
Get:156 http://127.0.0.1:12990/debian sid/main amd64 libsm6 amd64 2:1.2.3-1 [35.1 kB]
Get:157 http://127.0.0.1:12990/debian sid/main amd64 libxt6 amd64 1:1.1.5-1+b3 [190 kB]
Get:158 http://127.0.0.1:12990/debian sid/main amd64 libxmu6 amd64 2:1.1.2-2+b3 [60.8 kB]
Get:159 http://127.0.0.1:12990/debian sid/main amd64 libxaw7 amd64 2:1.0.13-1+b2 [201 kB]
Get:160 http://127.0.0.1:12990/debian sid/main amd64 graphviz amd64 2.42.2-3+b1 [632 kB]
Get:161 http://127.0.0.1:12990/debian sid/main amd64 hicolor-icon-theme all 0.17-2 [11.4 kB]
Get:162 http://127.0.0.1:12990/debian sid/main amd64 libnl-3-200 amd64 3.4.0-1+b1 [63.6 kB]
Get:163 http://127.0.0.1:12990/debian sid/main amd64 libnl-route-3-200 amd64 3.4.0-1+b1 [161 kB]
Get:164 http://127.0.0.1:12990/debian sid/main amd64 libibverbs1 amd64 28.0-1 [54.5 kB]
Get:165 http://127.0.0.1:12990/debian sid/main amd64 ibverbs-providers amd64 28.0-1 [234 kB]
Get:166 http://127.0.0.1:12990/debian sid/main amd64 imagemagick-6.q16 amd64 8:6.9.10.23+dfsg-2.1+b2 [580 kB]
Get:167 http://127.0.0.1:12990/debian sid/main amd64 imagemagick amd64 8:6.9.10.23+dfsg-2.1+b2 [156 kB]
Get:168 http://127.0.0.1:12990/debian sid/main amd64 libalberta4 amd64 3.0.1-2 [797 kB]
Get:169 http://127.0.0.1:12990/debian sid/main amd64 libalberta-dev amd64 3.0.1-2 [165 kB]
Get:170 http://127.0.0.1:12990/debian sid/main amd64 libsuitesparseconfig5 amd64 1:5.6.0+dfsg-2 [22.1 kB]
Get:171 http://127.0.0.1:12990/debian sid/main amd64 libamd2 amd64 1:5.6.0+dfsg-2 [34.5 kB]
Get:172 http://127.0.0.1:12990/debian sid/main amd64 libblas3 amd64 3.9.0-1 [153 kB]
Get:173 http://127.0.0.1:12990/debian sid/main amd64 libblas-dev amd64 3.9.0-1 [160 kB]
Get:174 http://127.0.0.1:12990/debian sid/main amd64 libbtf1 amd64 1:5.6.0+dfsg-2 [23.7 kB]
Get:175 http://127.0.0.1:12990/debian sid/main amd64 libcamd2 amd64 1:5.6.0+dfsg-2 [36.1 kB]
Get:176 http://127.0.0.1:12990/debian sid/main amd64 libccolamd2 amd64 1:5.6.0+dfsg-2 [37.7 kB]
Get:177 http://127.0.0.1:12990/debian sid/main amd64 libcolamd2 amd64 1:5.6.0+dfsg-2 [31.4 kB]
Get:178 http://127.0.0.1:12990/debian sid/main amd64 liblapack3 amd64 3.9.0-1 [2168 kB]
Get:179 http://127.0.0.1:12990/debian sid/main amd64 libmetis5 amd64 5.1.0.dfsg-5+b2 [175 kB]
Get:180 http://127.0.0.1:12990/debian sid/main amd64 libcholmod3 amd64 1:5.6.0+dfsg-2 [323 kB]
Get:181 http://127.0.0.1:12990/debian sid/main amd64 libcxsparse3 amd64 1:5.6.0+dfsg-2 [78.4 kB]
Get:182 http://127.0.0.1:12990/debian sid/main amd64 pkg-config amd64 0.29-6 [63.5 kB]
Get:183 http://127.0.0.1:12990/debian sid/main amd64 libdune-common-dev amd64 2.6.0-4 [298 kB]
Get:184 http://127.0.0.1:12990/debian sid/main amd64 libdune-geometry-dev amd64 2.6.0-1 [283 kB]
Get:185 http://127.0.0.1:12990/debian sid/main amd64 libdune-localfunctions-dev all 2.6.0-1 [108 kB]
Get:186 http://127.0.0.1:12990/debian sid/main amd64 libevent-2.1-7 amd64 2.1.11-stable-1 [186 kB]
Get:187 http://127.0.0.1:12990/debian sid/main amd64 libevent-core-2.1-7 amd64 2.1.11-stable-1 [137 kB]
Get:188 http://127.0.0.1:12990/debian sid/main amd64 libevent-pthreads-2.1-7 amd64 2.1.11-stable-1 [55.1 kB]
Get:189 http://127.0.0.1:12990/debian sid/main amd64 libpsm-infinipath1 amd64 3.3+20.604758e7-6+b1 [169 kB]
Get:190 http://127.0.0.1:12990/debian sid/main amd64 libpsm2-2 amd64 11.2.86-1 [177 kB]
Get:191 http://127.0.0.1:12990/debian sid/main amd64 librdmacm1 amd64 28.0-1 [67.1 kB]
Get:192 http://127.0.0.1:12990/debian sid/main amd64 libfabric1 amd64 1.6.2-3+b1 [397 kB]
Get:193 http://127.0.0.1:12990/debian sid/main amd64 libhwloc15 amd64 2.1.0+dfsg-3 [139 kB]
Get:194 http://127.0.0.1:12990/debian sid/main amd64 libpciaccess0 amd64 0.14-1 [53.5 kB]
Get:195 http://127.0.0.1:12990/debian sid/main amd64 libxnvctrl0 amd64 440.59-1 [26.2 kB]
Get:196 http://127.0.0.1:12990/debian sid/main amd64 ocl-icd-libopencl1 amd64 2.2.12-3 [37.7 kB]
Get:197 http://127.0.0.1:12990/debian sid/main amd64 libhwloc-plugins amd64 2.1.0+dfsg-3 [19.9 kB]
Get:198 http://127.0.0.1:12990/debian sid/main amd64 libpmix2 amd64 3.1.4-1+b1 [431 kB]
Get:199 http://127.0.0.1:12990/debian sid/main amd64 libopenmpi3 amd64 4.0.2-5 [1993 kB]
Get:200 http://127.0.0.1:12990/debian sid/main amd64 libdune-uggrid-dev amd64 2.6.0-1+b1 [525 kB]
Get:201 http://127.0.0.1:12990/debian sid/main amd64 libdune-grid-dev amd64 2.6.0-5 [1139 kB]
Get:202 http://127.0.0.1:12990/debian sid/main amd64 libdune-typetree-dev all 2.6~20180215-1 [37.4 kB]
Get:203 http://127.0.0.1:12990/debian sid/main amd64 libdune-functions-dev all 2.6~20180228-1 [58.0 kB]
Get:204 http://127.0.0.1:12990/debian sid/main amd64 libgraphblas3 amd64 1:5.6.0+dfsg-2 [1945 kB]
Get:205 http://127.0.0.1:12990/debian sid/main amd64 libklu1 amd64 1:5.6.0+dfsg-2 [86.5 kB]
Get:206 http://127.0.0.1:12990/debian sid/main amd64 libldl2 amd64 1:5.6.0+dfsg-2 [23.3 kB]
Get:207 http://127.0.0.1:12990/debian sid/main amd64 libmongoose2 amd64 1:5.6.0+dfsg-2 [46.1 kB]
Get:208 http://127.0.0.1:12990/debian sid/main amd64 libumfpack5 amd64 1:5.6.0+dfsg-2 [245 kB]
Get:209 http://127.0.0.1:12990/debian sid/main amd64 librbio2 amd64 1:5.6.0+dfsg-2 [38.8 kB]
Get:210 http://127.0.0.1:12990/debian sid/main amd64 libspqr2 amd64 1:5.6.0+dfsg-2 [79.7 kB]
Get:211 http://127.0.0.1:12990/debian sid/main amd64 liblapack-dev amd64 3.9.0-1 [4256 kB]
Get:212 http://127.0.0.1:12990/debian sid/main amd64 libsuitesparse-dev amd64 1:5.6.0+dfsg-2 [2670 kB]
Get:213 http://127.0.0.1:12990/debian sid/main amd64 libsuperlu5 amd64 5.2.1+dfsg1-4 [161 kB]
Get:214 http://127.0.0.1:12990/debian sid/main amd64 libsuperlu-dev amd64 5.2.1+dfsg1-4 [18.4 kB]
Get:215 http://127.0.0.1:12990/debian sid/main amd64 libdune-istl-dev all 2.6.0-2 [185 kB]
Get:216 http://127.0.0.1:12990/debian sid/main amd64 libeigen3-dev all 3.3.7-1 [850 kB]
Get:217 http://127.0.0.1:12990/debian sid/main amd64 libevent-extra-2.1-7 amd64 2.1.11-stable-1 [108 kB]
Get:218 http://127.0.0.1:12990/debian sid/main amd64 libevent-openssl-2.1-7 amd64 2.1.11-stable-1 [62.0 kB]
Get:219 http://127.0.0.1:12990/debian sid/main amd64 libevent-dev amd64 2.1.11-stable-1 [309 kB]
Get:220 http://127.0.0.1:12990/debian sid/main amd64 libgmpxx4ldbl amd64 2:6.2.0+dfsg-4 [23.0 kB]
Get:221 http://127.0.0.1:12990/debian sid/main amd64 libgmp-dev amd64 2:6.2.0+dfsg-4 [643 kB]
Get:222 http://127.0.0.1:12990/debian sid/main amd64 libharfbuzz-icu0 amd64 2.6.4-1 [976 kB]
Get:223 http://127.0.0.1:12990/debian sid/main amd64 libnuma-dev amd64 2.0.12-1+b1 [39.3 kB]
Get:224 http://127.0.0.1:12990/debian sid/main amd64 libltdl-dev amd64 2.4.6-13 [162 kB]
Get:225 http://127.0.0.1:12990/debian sid/main amd64 libhwloc-dev amd64 2.1.0+dfsg-3 [210 kB]
Get:226 http://127.0.0.1:12990/debian sid/main amd64 libnl-3-dev amd64 3.4.0-1+b1 [102 kB]
Get:227 http://127.0.0.1:12990/debian sid/main amd64 libnl-route-3-dev amd64 3.4.0-1+b1 [176 kB]
Get:228 http://127.0.0.1:12990/debian sid/main amd64 libibverbs-dev amd64 28.0-1 [444 kB]
Get:229 http://127.0.0.1:12990/debian sid/main amd64 libkpathsea6 amd64 2019.20190605.51237-3 [169 kB]
Get:230 http://127.0.0.1:12990/debian sid/main amd64 openmpi-common all 4.0.2-5 [169 kB]
Get:231 http://127.0.0.1:12990/debian sid/main amd64 openmpi-bin amd64 4.0.2-5 [186 kB]
Get:232 http://127.0.0.1:12990/debian sid/main amd64 libopenmpi-dev amd64 4.0.2-5 [915 kB]
Get:233 http://127.0.0.1:12990/debian sid/main amd64 libpaper-utils amd64 1.1.28+b1 [18.3 kB]
Get:234 http://127.0.0.1:12990/debian sid/main amd64 libptexenc1 amd64 2019.20190605.51237-3 [62.8 kB]
Get:235 http://127.0.0.1:12990/debian sid/main amd64 libsynctex2 amd64 2019.20190605.51237-3 [81.8 kB]
Get:236 http://127.0.0.1:12990/debian sid/main amd64 libteckit0 amd64 2.5.8+ds2-5 [318 kB]
Get:237 http://127.0.0.1:12990/debian sid/main amd64 libtexlua53 amd64 2019.20190605.51237-3 [128 kB]
Get:238 http://127.0.0.1:12990/debian sid/main amd64 libtexluajit2 amd64 2019.20190605.51237-3 [258 kB]
Get:239 http://127.0.0.1:12990/debian sid/main amd64 libxi6 amd64 2:1.7.9-1 [82.6 kB]
Get:240 http://127.0.0.1:12990/debian sid/main amd64 libzzip-0-13 amd64 0.13.62-3.2 [55.4 kB]
Get:241 http://127.0.0.1:12990/debian sid/main amd64 mpi-default-bin amd64 1.13 [4672 B]
Get:242 http://127.0.0.1:12990/debian sid/main amd64 mpi-default-dev amd64 1.13 [5476 B]
Get:243 http://127.0.0.1:12990/debian sid/main amd64 t1utils amd64 1.41-3 [62.3 kB]
Get:244 http://127.0.0.1:12990/debian sid/main amd64 texlive-binaries amd64 2019.20190605.51237-3 [8054 kB]
Get:245 http://127.0.0.1:12990/debian sid/main amd64 xdg-utils all 1.1.3-1 [73.3 kB]
Get:246 http://127.0.0.1:12990/debian sid/main amd64 texlive-base all 2019.20200218-1 [20.9 MB]
Get:247 http://127.0.0.1:12990/debian sid/main amd64 texlive-latex-base all 2019.20200218-1 [1019 kB]
Get:248 http://127.0.0.1:12990/debian sid/main amd64 texlive-latex-recommended all 2019.20200218-1 [15.7 MB]
Get:249 http://127.0.0.1:12990/debian sid/main amd64 texlive-pictures all 2019.20200218-1 [4526 kB]
debconf: delaying package configuration, since apt-utils is not installed
Fetched 192 MB in 2s (92.1 MB/s)
Selecting previously unselected package bsdmainutils.
(Reading database ... 12960 files and directories currently installed.)
Preparing to unpack .../00-bsdmainutils_11.1.2+b1_amd64.deb ...
Unpacking bsdmainutils (11.1.2+b1) ...
Selecting previously unselected package libuchardet0:amd64.
Preparing to unpack .../01-libuchardet0_0.0.6-3_amd64.deb ...
Unpacking libuchardet0:amd64 (0.0.6-3) ...
Selecting previously unselected package groff-base.
Preparing to unpack .../02-groff-base_1.22.4-4_amd64.deb ...
Unpacking groff-base (1.22.4-4) ...
Selecting previously unselected package libpipeline1:amd64.
Preparing to unpack .../03-libpipeline1_1.5.2-2_amd64.deb ...
Unpacking libpipeline1:amd64 (1.5.2-2) ...
Selecting previously unselected package man-db.
Preparing to unpack .../04-man-db_2.9.0-2_amd64.deb ...
Unpacking man-db (2.9.0-2) ...
Selecting previously unselected package libfftw3-double3:amd64.
Preparing to unpack .../05-libfftw3-double3_3.3.8-2_amd64.deb ...
Unpacking libfftw3-double3:amd64 (3.3.8-2) ...
Selecting previously unselected package libexpat1:amd64.
Preparing to unpack .../06-libexpat1_2.2.9-1_amd64.deb ...
Unpacking libexpat1:amd64 (2.2.9-1) ...
Selecting previously unselected package libpng16-16:amd64.
Preparing to unpack .../07-libpng16-16_1.6.37-2_amd64.deb ...
Unpacking libpng16-16:amd64 (1.6.37-2) ...
Selecting previously unselected package libfreetype6:amd64.
Preparing to unpack .../08-libfreetype6_2.10.1-2_amd64.deb ...
Unpacking libfreetype6:amd64 (2.10.1-2) ...
Selecting previously unselected package sensible-utils.
Preparing to unpack .../09-sensible-utils_0.0.12+nmu1_all.deb ...
Unpacking sensible-utils (0.0.12+nmu1) ...
Selecting previously unselected package ucf.
Preparing to unpack .../10-ucf_3.0038+nmu1_all.deb ...
Moving old data out of the way
Unpacking ucf (3.0038+nmu1) ...
Selecting previously unselected package fonts-dejavu-core.
Preparing to unpack .../11-fonts-dejavu-core_2.37-1_all.deb ...
Unpacking fonts-dejavu-core (2.37-1) ...
Selecting previously unselected package fontconfig-config.
Preparing to unpack .../12-fontconfig-config_2.13.1-2_all.deb ...
Unpacking fontconfig-config (2.13.1-2) ...
Selecting previously unselected package libfontconfig1:amd64.
Preparing to unpack .../13-libfontconfig1_2.13.1-2+b1_amd64.deb ...
Unpacking libfontconfig1:amd64 (2.13.1-2+b1) ...
Selecting previously unselected package libde265-0:amd64.
Preparing to unpack .../14-libde265-0_1.0.4-1_amd64.deb ...
Unpacking libde265-0:amd64 (1.0.4-1) ...
Selecting previously unselected package libnuma1:amd64.
Preparing to unpack .../15-libnuma1_2.0.12-1+b1_amd64.deb ...
Unpacking libnuma1:amd64 (2.0.12-1+b1) ...
Selecting previously unselected package libx265-179:amd64.
Preparing to unpack .../16-libx265-179_3.2.1-1_amd64.deb ...
Unpacking libx265-179:amd64 (3.2.1-1) ...
Selecting previously unselected package libheif1:amd64.
Preparing to unpack .../17-libheif1_1.6.1-1_amd64.deb ...
Unpacking libheif1:amd64 (1.6.1-1) ...
Selecting previously unselected package libjbig0:amd64.
Preparing to unpack .../18-libjbig0_2.1-3.1+b2_amd64.deb ...
Unpacking libjbig0:amd64 (2.1-3.1+b2) ...
Selecting previously unselected package libjpeg62-turbo:amd64.
Preparing to unpack .../19-libjpeg62-turbo_1%3a1.5.2-2+b1_amd64.deb ...
Unpacking libjpeg62-turbo:amd64 (1:1.5.2-2+b1) ...
Selecting previously unselected package liblcms2-2:amd64.
Preparing to unpack .../20-liblcms2-2_2.9-4_amd64.deb ...
Unpacking liblcms2-2:amd64 (2.9-4) ...
Selecting previously unselected package libglib2.0-0:amd64.
Preparing to unpack .../21-libglib2.0-0_2.62.4-2_amd64.deb ...
Unpacking libglib2.0-0:amd64 (2.62.4-2) ...
Selecting previously unselected package liblqr-1-0:amd64.
Preparing to unpack .../22-liblqr-1-0_0.4.2-2.1_amd64.deb ...
Unpacking liblqr-1-0:amd64 (0.4.2-2.1) ...
Selecting previously unselected package libltdl7:amd64.
Preparing to unpack .../23-libltdl7_2.4.6-13_amd64.deb ...
Unpacking libltdl7:amd64 (2.4.6-13) ...
Selecting previously unselected package libopenjp2-7:amd64.
Preparing to unpack .../24-libopenjp2-7_2.3.1-1_amd64.deb ...
Unpacking libopenjp2-7:amd64 (2.3.1-1) ...
Selecting previously unselected package libwebp6:amd64.
Preparing to unpack .../25-libwebp6_0.6.1-2+b1_amd64.deb ...
Unpacking libwebp6:amd64 (0.6.1-2+b1) ...
Selecting previously unselected package libtiff5:amd64.
Preparing to unpack .../26-libtiff5_4.1.0+git191117-2_amd64.deb ...
Unpacking libtiff5:amd64 (4.1.0+git191117-2) ...
Selecting previously unselected package libwebpmux3:amd64.
Preparing to unpack .../27-libwebpmux3_0.6.1-2+b1_amd64.deb ...
Unpacking libwebpmux3:amd64 (0.6.1-2+b1) ...
Selecting previously unselected package libxau6:amd64.
Preparing to unpack .../28-libxau6_1%3a1.0.8-1+b2_amd64.deb ...
Unpacking libxau6:amd64 (1:1.0.8-1+b2) ...
Selecting previously unselected package libxdmcp6:amd64.
Preparing to unpack .../29-libxdmcp6_1%3a1.1.2-3_amd64.deb ...
Unpacking libxdmcp6:amd64 (1:1.1.2-3) ...
Selecting previously unselected package libxcb1:amd64.
Preparing to unpack .../30-libxcb1_1.13.1-5_amd64.deb ...
Unpacking libxcb1:amd64 (1.13.1-5) ...
Selecting previously unselected package libx11-data.
Preparing to unpack .../31-libx11-data_2%3a1.6.8-1_all.deb ...
Unpacking libx11-data (2:1.6.8-1) ...
Selecting previously unselected package libx11-6:amd64.
Preparing to unpack .../32-libx11-6_2%3a1.6.8-1_amd64.deb ...
Unpacking libx11-6:amd64 (2:1.6.8-1) ...
Selecting previously unselected package libxext6:amd64.
Preparing to unpack .../33-libxext6_2%3a1.3.3-1+b2_amd64.deb ...
Unpacking libxext6:amd64 (2:1.3.3-1+b2) ...
Selecting previously unselected package libicu63:amd64.
Preparing to unpack .../34-libicu63_63.2-2_amd64.deb ...
Unpacking libicu63:amd64 (63.2-2) ...
Selecting previously unselected package libxml2:amd64.
Preparing to unpack .../35-libxml2_2.9.10+dfsg-3_amd64.deb ...
Unpacking libxml2:amd64 (2.9.10+dfsg-3) ...
Selecting previously unselected package imagemagick-6-common.
Preparing to unpack .../36-imagemagick-6-common_8%3a6.9.10.23+dfsg-2.1_all.deb ...
Unpacking imagemagick-6-common (8:6.9.10.23+dfsg-2.1) ...
Selecting previously unselected package libmagickcore-6.q16-6:amd64.
Preparing to unpack .../37-libmagickcore-6.q16-6_8%3a6.9.10.23+dfsg-2.1+b2_amd64.deb ...
Unpacking libmagickcore-6.q16-6:amd64 (8:6.9.10.23+dfsg-2.1+b2) ...
Selecting previously unselected package libmagickwand-6.q16-6:amd64.
Preparing to unpack .../38-libmagickwand-6.q16-6_8%3a6.9.10.23+dfsg-2.1+b2_amd64.deb ...
Unpacking libmagickwand-6.q16-6:amd64 (8:6.9.10.23+dfsg-2.1+b2) ...
Selecting previously unselected package poppler-data.
Preparing to unpack .../39-poppler-data_0.4.9-2_all.deb ...
Unpacking poppler-data (0.4.9-2) ...
Selecting previously unselected package libssl1.1:amd64.
Preparing to unpack .../40-libssl1.1_1.1.1d-2_amd64.deb ...
Unpacking libssl1.1:amd64 (1.1.1d-2) ...
Selecting previously unselected package libpython3.7-minimal:amd64.
Preparing to unpack .../41-libpython3.7-minimal_3.7.6-1+b1_amd64.deb ...
Unpacking libpython3.7-minimal:amd64 (3.7.6-1+b1) ...
Selecting previously unselected package python3.7-minimal.
Preparing to unpack .../42-python3.7-minimal_3.7.6-1+b1_amd64.deb ...
Unpacking python3.7-minimal (3.7.6-1+b1) ...
Setting up libssl1.1:amd64 (1.1.1d-2) ...
Setting up libpython3.7-minimal:amd64 (3.7.6-1+b1) ...
Setting up libexpat1:amd64 (2.2.9-1) ...
Setting up python3.7-minimal (3.7.6-1+b1) ...
Selecting previously unselected package python3-minimal.
(Reading database ... 15300 files and directories currently installed.)
Preparing to unpack .../0-python3-minimal_3.7.5-3_amd64.deb ...
Unpacking python3-minimal (3.7.5-3) ...
Selecting previously unselected package mime-support.
Preparing to unpack .../1-mime-support_3.64_all.deb ...
Unpacking mime-support (3.64) ...
Selecting previously unselected package libmpdec2:amd64.
Preparing to unpack .../2-libmpdec2_2.4.2-2_amd64.deb ...
Unpacking libmpdec2:amd64 (2.4.2-2) ...
Selecting previously unselected package readline-common.
Preparing to unpack .../3-readline-common_8.0-3_all.deb ...
Unpacking readline-common (8.0-3) ...
Selecting previously unselected package libreadline8:amd64.
Preparing to unpack .../4-libreadline8_8.0-3_amd64.deb ...
Unpacking libreadline8:amd64 (8.0-3) ...
Selecting previously unselected package libsqlite3-0:amd64.
Preparing to unpack .../5-libsqlite3-0_3.31.1-3_amd64.deb ...
Unpacking libsqlite3-0:amd64 (3.31.1-3) ...
Selecting previously unselected package libpython3.7-stdlib:amd64.
Preparing to unpack .../6-libpython3.7-stdlib_3.7.6-1+b1_amd64.deb ...
Unpacking libpython3.7-stdlib:amd64 (3.7.6-1+b1) ...
Selecting previously unselected package python3.7.
Preparing to unpack .../7-python3.7_3.7.6-1+b1_amd64.deb ...
Unpacking python3.7 (3.7.6-1+b1) ...
Selecting previously unselected package libpython3-stdlib:amd64.
Preparing to unpack .../8-libpython3-stdlib_3.7.5-3_amd64.deb ...
Unpacking libpython3-stdlib:amd64 (3.7.5-3) ...
Setting up python3-minimal (3.7.5-3) ...
Selecting previously unselected package python3.
(Reading database ... 15771 files and directories currently installed.)
Preparing to unpack .../000-python3_3.7.5-3_amd64.deb ...
Unpacking python3 (3.7.5-3) ...
Selecting previously unselected package tex-common.
Preparing to unpack .../001-tex-common_6.13_all.deb ...
Unpacking tex-common (6.13) ...
Selecting previously unselected package libncurses6:amd64.
Preparing to unpack .../002-libncurses6_6.1+20191019-1_amd64.deb ...
Unpacking libncurses6:amd64 (6.1+20191019-1) ...
Selecting previously unselected package libprocps8:amd64.
Preparing to unpack .../003-libprocps8_2%3a3.3.16-1+b1_amd64.deb ...
Unpacking libprocps8:amd64 (2:3.3.16-1+b1) ...
Selecting previously unselected package procps.
Preparing to unpack .../004-procps_2%3a3.3.16-1+b1_amd64.deb ...
Unpacking procps (2:3.3.16-1+b1) ...
Selecting previously unselected package libmagic-mgc.
Preparing to unpack .../005-libmagic-mgc_1%3a5.38-4_amd64.deb ...
Unpacking libmagic-mgc (1:5.38-4) ...
Selecting previously unselected package libmagic1:amd64.
Preparing to unpack .../006-libmagic1_1%3a5.38-4_amd64.deb ...
Unpacking libmagic1:amd64 (1:5.38-4) ...
Selecting previously unselected package file.
Preparing to unpack .../007-file_1%3a5.38-4_amd64.deb ...
Unpacking file (1:5.38-4) ...
Selecting previously unselected package gettext-base.
Preparing to unpack .../008-gettext-base_0.19.8.1-10_amd64.deb ...
Unpacking gettext-base (0.19.8.1-10) ...
Selecting previously unselected package libcbor0:amd64.
Preparing to unpack .../009-libcbor0_0.5.0+dfsg-2_amd64.deb ...
Unpacking libcbor0:amd64 (0.5.0+dfsg-2) ...
Selecting previously unselected package libfido2-1:amd64.
Preparing to unpack .../010-libfido2-1_1.3.1-1_amd64.deb ...
Unpacking libfido2-1:amd64 (1.3.1-1) ...
Selecting previously unselected package libkeyutils1:amd64.
Preparing to unpack .../011-libkeyutils1_1.6.1-2_amd64.deb ...
Unpacking libkeyutils1:amd64 (1.6.1-2) ...
Selecting previously unselected package libkrb5support0:amd64.
Preparing to unpack .../012-libkrb5support0_1.17-6_amd64.deb ...
Unpacking libkrb5support0:amd64 (1.17-6) ...
Selecting previously unselected package libk5crypto3:amd64.
Preparing to unpack .../013-libk5crypto3_1.17-6_amd64.deb ...
Unpacking libk5crypto3:amd64 (1.17-6) ...
Selecting previously unselected package libkrb5-3:amd64.
Preparing to unpack .../014-libkrb5-3_1.17-6_amd64.deb ...
Unpacking libkrb5-3:amd64 (1.17-6) ...
Selecting previously unselected package libgssapi-krb5-2:amd64.
Preparing to unpack .../015-libgssapi-krb5-2_1.17-6_amd64.deb ...
Unpacking libgssapi-krb5-2:amd64 (1.17-6) ...
Selecting previously unselected package openssh-client.
Preparing to unpack .../016-openssh-client_1%3a8.2p1-3_amd64.deb ...
Unpacking openssh-client (1:8.2p1-3) ...
Selecting previously unselected package libsigsegv2:amd64.
Preparing to unpack .../017-libsigsegv2_2.12-2_amd64.deb ...
Unpacking libsigsegv2:amd64 (2.12-2) ...
Selecting previously unselected package m4.
Preparing to unpack .../018-m4_1.4.18-4_amd64.deb ...
Unpacking m4 (1.4.18-4) ...
Selecting previously unselected package autoconf.
Preparing to unpack .../019-autoconf_2.69-11.1_all.deb ...
Unpacking autoconf (2.69-11.1) ...
Selecting previously unselected package autotools-dev.
Preparing to unpack .../020-autotools-dev_20180224.1_all.deb ...
Unpacking autotools-dev (20180224.1) ...
Selecting previously unselected package automake.
Preparing to unpack .../021-automake_1%3a1.16.1-4_all.deb ...
Unpacking automake (1:1.16.1-4) ...
Selecting previously unselected package autopoint.
Preparing to unpack .../022-autopoint_0.19.8.1-10_all.deb ...
Unpacking autopoint (0.19.8.1-10) ...
Selecting previously unselected package cmake-data.
Preparing to unpack .../023-cmake-data_3.16.3-1_all.deb ...
Unpacking cmake-data (3.16.3-1) ...
Selecting previously unselected package libarchive13:amd64.
Preparing to unpack .../024-libarchive13_3.4.0-1+b1_amd64.deb ...
Unpacking libarchive13:amd64 (3.4.0-1+b1) ...
Selecting previously unselected package libbrotli1:amd64.
Preparing to unpack .../025-libbrotli1_1.0.7-6_amd64.deb ...
Unpacking libbrotli1:amd64 (1.0.7-6) ...
Selecting previously unselected package libsasl2-modules-db:amd64.
Preparing to unpack .../026-libsasl2-modules-db_2.1.27+dfsg-2_amd64.deb ...
Unpacking libsasl2-modules-db:amd64 (2.1.27+dfsg-2) ...
Selecting previously unselected package libsasl2-2:amd64.
Preparing to unpack .../027-libsasl2-2_2.1.27+dfsg-2_amd64.deb ...
Unpacking libsasl2-2:amd64 (2.1.27+dfsg-2) ...
Selecting previously unselected package libldap-common.
Preparing to unpack .../028-libldap-common_2.4.49+dfsg-1_all.deb ...
Unpacking libldap-common (2.4.49+dfsg-1) ...
Selecting previously unselected package libldap-2.4-2:amd64.
Preparing to unpack .../029-libldap-2.4-2_2.4.49+dfsg-1_amd64.deb ...
Unpacking libldap-2.4-2:amd64 (2.4.49+dfsg-1) ...
Selecting previously unselected package libnghttp2-14:amd64.
Preparing to unpack .../030-libnghttp2-14_1.40.0-1_amd64.deb ...
Unpacking libnghttp2-14:amd64 (1.40.0-1) ...
Selecting previously unselected package libpsl5:amd64.
Preparing to unpack .../031-libpsl5_0.20.2-2_amd64.deb ...
Unpacking libpsl5:amd64 (0.20.2-2) ...
Selecting previously unselected package librtmp1:amd64.
Preparing to unpack .../032-librtmp1_2.4+20151223.gitfa8646d.1-2+b1_amd64.deb ...
Unpacking librtmp1:amd64 (2.4+20151223.gitfa8646d.1-2+b1) ...
Selecting previously unselected package libssh2-1:amd64.
Preparing to unpack .../033-libssh2-1_1.8.0-2.1_amd64.deb ...
Unpacking libssh2-1:amd64 (1.8.0-2.1) ...
Selecting previously unselected package libcurl4:amd64.
Preparing to unpack .../034-libcurl4_7.68.0-1_amd64.deb ...
Unpacking libcurl4:amd64 (7.68.0-1) ...
Selecting previously unselected package libjsoncpp1:amd64.
Preparing to unpack .../035-libjsoncpp1_1.7.4-3.1_amd64.deb ...
Unpacking libjsoncpp1:amd64 (1.7.4-3.1) ...
Selecting previously unselected package librhash0:amd64.
Preparing to unpack .../036-librhash0_1.3.9-1_amd64.deb ...
Unpacking librhash0:amd64 (1.3.9-1) ...
Selecting previously unselected package libuv1:amd64.
Preparing to unpack .../037-libuv1_1.34.2-1_amd64.deb ...
Unpacking libuv1:amd64 (1.34.2-1) ...
Selecting previously unselected package cmake.
Preparing to unpack .../038-cmake_3.16.3-1_amd64.deb ...
Unpacking cmake (3.16.3-1) ...
Selecting previously unselected package libtool.
Preparing to unpack .../039-libtool_2.4.6-13_all.deb ...
Unpacking libtool (2.4.6-13) ...
Selecting previously unselected package dh-autoreconf.
Preparing to unpack .../040-dh-autoreconf_19_all.deb ...
Unpacking dh-autoreconf (19) ...
Selecting previously unselected package libdebhelper-perl.
Preparing to unpack .../041-libdebhelper-perl_12.9_all.deb ...
Unpacking libdebhelper-perl (12.9) ...
Selecting previously unselected package libarchive-zip-perl.
Preparing to unpack .../042-libarchive-zip-perl_1.67-1_all.deb ...
Unpacking libarchive-zip-perl (1.67-1) ...
Selecting previously unselected package libsub-override-perl.
Preparing to unpack .../043-libsub-override-perl_0.09-2_all.deb ...
Unpacking libsub-override-perl (0.09-2) ...
Selecting previously unselected package libfile-stripnondeterminism-perl.
Preparing to unpack .../044-libfile-stripnondeterminism-perl_1.6.3-2_all.deb ...
Unpacking libfile-stripnondeterminism-perl (1.6.3-2) ...
Selecting previously unselected package dh-strip-nondeterminism.
Preparing to unpack .../045-dh-strip-nondeterminism_1.6.3-2_all.deb ...
Unpacking dh-strip-nondeterminism (1.6.3-2) ...
Selecting previously unselected package libelf1:amd64.
Preparing to unpack .../046-libelf1_0.176-1.1_amd64.deb ...
Unpacking libelf1:amd64 (0.176-1.1) ...
Selecting previously unselected package dwz.
Preparing to unpack .../047-dwz_0.13-5_amd64.deb ...
Unpacking dwz (0.13-5) ...
Selecting previously unselected package libcroco3:amd64.
Preparing to unpack .../048-libcroco3_0.6.13-1_amd64.deb ...
Unpacking libcroco3:amd64 (0.6.13-1) ...
Selecting previously unselected package gettext.
Preparing to unpack .../049-gettext_0.19.8.1-10_amd64.deb ...
Unpacking gettext (0.19.8.1-10) ...
Selecting previously unselected package intltool-debian.
Preparing to unpack .../050-intltool-debian_0.35.0+20060710.5_all.deb ...
Unpacking intltool-debian (0.35.0+20060710.5) ...
Selecting previously unselected package po-debconf.
Preparing to unpack .../051-po-debconf_1.0.21_all.deb ...
Unpacking po-debconf (1.0.21) ...
Selecting previously unselected package debhelper.
Preparing to unpack .../052-debhelper_12.9_all.deb ...
Unpacking debhelper (12.9) ...
Selecting previously unselected package libllvm9:amd64.
Preparing to unpack .../053-libllvm9_1%3a9.0.1-8_amd64.deb ...
Unpacking libllvm9:amd64 (1:9.0.1-8) ...
Selecting previously unselected package libclang1-9.
Preparing to unpack .../054-libclang1-9_1%3a9.0.1-8_amd64.deb ...
Unpacking libclang1-9 (1:9.0.1-8) ...
Selecting previously unselected package libxapian30:amd64.
Preparing to unpack .../055-libxapian30_1.4.14-2_amd64.deb ...
Unpacking libxapian30:amd64 (1.4.14-2) ...
Selecting previously unselected package doxygen.
Preparing to unpack .../056-doxygen_1.8.16-2_amd64.deb ...
Unpacking doxygen (1.8.16-2) ...
Selecting previously unselected package fontconfig.
Preparing to unpack .../057-fontconfig_2.13.1-2+b1_amd64.deb ...
Unpacking fontconfig (2.13.1-2+b1) ...
Selecting previously unselected package fonts-lmodern.
Preparing to unpack .../058-fonts-lmodern_2.004.5-6_all.deb ...
Unpacking fonts-lmodern (2.004.5-6) ...
Selecting previously unselected package fonts-urw-base35.
Preparing to unpack .../059-fonts-urw-base35_20170801.1-3_all.deb ...
Unpacking fonts-urw-base35 (20170801.1-3) ...
Selecting previously unselected package libgfortran5:amd64.
Preparing to unpack .../060-libgfortran5_10-20200222-1_amd64.deb ...
Unpacking libgfortran5:amd64 (10-20200222-1) ...
Selecting previously unselected package libgfortran-9-dev:amd64.
Preparing to unpack .../061-libgfortran-9-dev_9.2.1-30_amd64.deb ...
Unpacking libgfortran-9-dev:amd64 (9.2.1-30) ...
Selecting previously unselected package gfortran-9.
Preparing to unpack .../062-gfortran-9_9.2.1-30_amd64.deb ...
Unpacking gfortran-9 (9.2.1-30) ...
Selecting previously unselected package gfortran.
Preparing to unpack .../063-gfortran_4%3a9.2.1-3.1_amd64.deb ...
Unpacking gfortran (4:9.2.1-3.1) ...
Selecting previously unselected package libgs9-common.
Preparing to unpack .../064-libgs9-common_9.50~dfsg-5_all.deb ...
Unpacking libgs9-common (9.50~dfsg-5) ...
Selecting previously unselected package libavahi-common-data:amd64.
Preparing to unpack .../065-libavahi-common-data_0.7-5_amd64.deb ...
Unpacking libavahi-common-data:amd64 (0.7-5) ...
Selecting previously unselected package libavahi-common3:amd64.
Preparing to unpack .../066-libavahi-common3_0.7-5_amd64.deb ...
Unpacking libavahi-common3:amd64 (0.7-5) ...
Selecting previously unselected package libdbus-1-3:amd64.
Preparing to unpack .../067-libdbus-1-3_1.12.16-2_amd64.deb ...
Unpacking libdbus-1-3:amd64 (1.12.16-2) ...
Selecting previously unselected package libavahi-client3:amd64.
Preparing to unpack .../068-libavahi-client3_0.7-5_amd64.deb ...
Unpacking libavahi-client3:amd64 (0.7-5) ...
Selecting previously unselected package libcups2:amd64.
Preparing to unpack .../069-libcups2_2.3.1-11_amd64.deb ...
Unpacking libcups2:amd64 (2.3.1-11) ...
Selecting previously unselected package libidn11:amd64.
Preparing to unpack .../070-libidn11_1.33-2.2_amd64.deb ...
Unpacking libidn11:amd64 (1.33-2.2) ...
Selecting previously unselected package libijs-0.35:amd64.
Preparing to unpack .../071-libijs-0.35_0.35-15_amd64.deb ...
Unpacking libijs-0.35:amd64 (0.35-15) ...
Selecting previously unselected package libjbig2dec0:amd64.
Preparing to unpack .../072-libjbig2dec0_0.17-1_amd64.deb ...
Unpacking libjbig2dec0:amd64 (0.17-1) ...
Selecting previously unselected package libpaper1:amd64.
Preparing to unpack .../073-libpaper1_1.1.28+b1_amd64.deb ...
Unpacking libpaper1:amd64 (1.1.28+b1) ...
Selecting previously unselected package libgs9:amd64.
Preparing to unpack .../074-libgs9_9.50~dfsg-5_amd64.deb ...
Unpacking libgs9:amd64 (9.50~dfsg-5) ...
Selecting previously unselected package ghostscript.
Preparing to unpack .../075-ghostscript_9.50~dfsg-5_amd64.deb ...
Unpacking ghostscript (9.50~dfsg-5) ...
Selecting previously unselected package libann0.
Preparing to unpack .../076-libann0_1.1.2+doc-7_amd64.deb ...
Unpacking libann0 (1.1.2+doc-7) ...
Selecting previously unselected package libcdt5:amd64.
Preparing to unpack .../077-libcdt5_2.42.2-3+b1_amd64.deb ...
Unpacking libcdt5:amd64 (2.42.2-3+b1) ...
Selecting previously unselected package libcgraph6:amd64.
Preparing to unpack .../078-libcgraph6_2.42.2-3+b1_amd64.deb ...
Unpacking libcgraph6:amd64 (2.42.2-3+b1) ...
Selecting previously unselected package libxpm4:amd64.
Preparing to unpack .../079-libxpm4_1%3a3.5.12-1_amd64.deb ...
Unpacking libxpm4:amd64 (1:3.5.12-1) ...
Selecting previously unselected package libgd3:amd64.
Preparing to unpack .../080-libgd3_2.2.5-5.2_amd64.deb ...
Unpacking libgd3:amd64 (2.2.5-5.2) ...
Selecting previously unselected package libgts-0.7-5:amd64.
Preparing to unpack .../081-libgts-0.7-5_0.7.6+darcs121130-4+b1_amd64.deb ...
Unpacking libgts-0.7-5:amd64 (0.7.6+darcs121130-4+b1) ...
Selecting previously unselected package libpixman-1-0:amd64.
Preparing to unpack .../082-libpixman-1-0_0.36.0-1_amd64.deb ...
Unpacking libpixman-1-0:amd64 (0.36.0-1) ...
Selecting previously unselected package libxcb-render0:amd64.
Preparing to unpack .../083-libxcb-render0_1.13.1-5_amd64.deb ...
Unpacking libxcb-render0:amd64 (1.13.1-5) ...
Selecting previously unselected package libxcb-shm0:amd64.
Preparing to unpack .../084-libxcb-shm0_1.13.1-5_amd64.deb ...
Unpacking libxcb-shm0:amd64 (1.13.1-5) ...
Selecting previously unselected package libxrender1:amd64.
Preparing to unpack .../085-libxrender1_1%3a0.9.10-1_amd64.deb ...
Unpacking libxrender1:amd64 (1:0.9.10-1) ...
Selecting previously unselected package libcairo2:amd64.
Preparing to unpack .../086-libcairo2_1.16.0-4_amd64.deb ...
Unpacking libcairo2:amd64 (1.16.0-4) ...
Selecting previously unselected package libfribidi0:amd64.
Preparing to unpack .../087-libfribidi0_1.0.8-2_amd64.deb ...
Unpacking libfribidi0:amd64 (1.0.8-2) ...
Selecting previously unselected package libthai-data.
Preparing to unpack .../088-libthai-data_0.1.28-3_all.deb ...
Unpacking libthai-data (0.1.28-3) ...
Selecting previously unselected package libdatrie1:amd64.
Preparing to unpack .../089-libdatrie1_0.2.12-3_amd64.deb ...
Unpacking libdatrie1:amd64 (0.2.12-3) ...
Selecting previously unselected package libthai0:amd64.
Preparing to unpack .../090-libthai0_0.1.28-3_amd64.deb ...
Unpacking libthai0:amd64 (0.1.28-3) ...
Selecting previously unselected package libpango-1.0-0:amd64.
Preparing to unpack .../091-libpango-1.0-0_1.42.4-8_amd64.deb ...
Unpacking libpango-1.0-0:amd64 (1.42.4-8) ...
Selecting previously unselected package libgraphite2-3:amd64.
Preparing to unpack .../092-libgraphite2-3_1.3.13-11_amd64.deb ...
Unpacking libgraphite2-3:amd64 (1.3.13-11) ...
Selecting previously unselected package libharfbuzz0b:amd64.
Preparing to unpack .../093-libharfbuzz0b_2.6.4-1_amd64.deb ...
Unpacking libharfbuzz0b:amd64 (2.6.4-1) ...
Selecting previously unselected package libpangoft2-1.0-0:amd64.
Preparing to unpack .../094-libpangoft2-1.0-0_1.42.4-8_amd64.deb ...
Unpacking libpangoft2-1.0-0:amd64 (1.42.4-8) ...
Selecting previously unselected package libpangocairo-1.0-0:amd64.
Preparing to unpack .../095-libpangocairo-1.0-0_1.42.4-8_amd64.deb ...
Unpacking libpangocairo-1.0-0:amd64 (1.42.4-8) ...
Selecting previously unselected package libpathplan4:amd64.
Preparing to unpack .../096-libpathplan4_2.42.2-3+b1_amd64.deb ...
Unpacking libpathplan4:amd64 (2.42.2-3+b1) ...
Selecting previously unselected package libgvc6.
Preparing to unpack .../097-libgvc6_2.42.2-3+b1_amd64.deb ...
Unpacking libgvc6 (2.42.2-3+b1) ...
Selecting previously unselected package libgvpr2:amd64.
Preparing to unpack .../098-libgvpr2_2.42.2-3+b1_amd64.deb ...
Unpacking libgvpr2:amd64 (2.42.2-3+b1) ...
Selecting previously unselected package liblab-gamut1:amd64.
Preparing to unpack .../099-liblab-gamut1_2.42.2-3+b1_amd64.deb ...
Unpacking liblab-gamut1:amd64 (2.42.2-3+b1) ...
Selecting previously unselected package x11-common.
Preparing to unpack .../100-x11-common_1%3a7.7+20_all.deb ...
Unpacking x11-common (1:7.7+20) ...
Selecting previously unselected package libice6:amd64.
Preparing to unpack .../101-libice6_2%3a1.0.9-2_amd64.deb ...
Unpacking libice6:amd64 (2:1.0.9-2) ...
Selecting previously unselected package libsm6:amd64.
Preparing to unpack .../102-libsm6_2%3a1.2.3-1_amd64.deb ...
Unpacking libsm6:amd64 (2:1.2.3-1) ...
Selecting previously unselected package libxt6:amd64.
Preparing to unpack .../103-libxt6_1%3a1.1.5-1+b3_amd64.deb ...
Unpacking libxt6:amd64 (1:1.1.5-1+b3) ...
Selecting previously unselected package libxmu6:amd64.
Preparing to unpack .../104-libxmu6_2%3a1.1.2-2+b3_amd64.deb ...
Unpacking libxmu6:amd64 (2:1.1.2-2+b3) ...
Selecting previously unselected package libxaw7:amd64.
Preparing to unpack .../105-libxaw7_2%3a1.0.13-1+b2_amd64.deb ...
Unpacking libxaw7:amd64 (2:1.0.13-1+b2) ...
Selecting previously unselected package graphviz.
Preparing to unpack .../106-graphviz_2.42.2-3+b1_amd64.deb ...
Unpacking graphviz (2.42.2-3+b1) ...
Selecting previously unselected package hicolor-icon-theme.
Preparing to unpack .../107-hicolor-icon-theme_0.17-2_all.deb ...
Unpacking hicolor-icon-theme (0.17-2) ...
Selecting previously unselected package libnl-3-200:amd64.
Preparing to unpack .../108-libnl-3-200_3.4.0-1+b1_amd64.deb ...
Unpacking libnl-3-200:amd64 (3.4.0-1+b1) ...
Selecting previously unselected package libnl-route-3-200:amd64.
Preparing to unpack .../109-libnl-route-3-200_3.4.0-1+b1_amd64.deb ...
Unpacking libnl-route-3-200:amd64 (3.4.0-1+b1) ...
Selecting previously unselected package libibverbs1:amd64.
Preparing to unpack .../110-libibverbs1_28.0-1_amd64.deb ...
Unpacking libibverbs1:amd64 (28.0-1) ...
Selecting previously unselected package ibverbs-providers:amd64.
Preparing to unpack .../111-ibverbs-providers_28.0-1_amd64.deb ...
Unpacking ibverbs-providers:amd64 (28.0-1) ...
Selecting previously unselected package imagemagick-6.q16.
Preparing to unpack .../112-imagemagick-6.q16_8%3a6.9.10.23+dfsg-2.1+b2_amd64.deb ...
Unpacking imagemagick-6.q16 (8:6.9.10.23+dfsg-2.1+b2) ...
Selecting previously unselected package imagemagick.
Preparing to unpack .../113-imagemagick_8%3a6.9.10.23+dfsg-2.1+b2_amd64.deb ...
Unpacking imagemagick (8:6.9.10.23+dfsg-2.1+b2) ...
Selecting previously unselected package libalberta4:amd64.
Preparing to unpack .../114-libalberta4_3.0.1-2_amd64.deb ...
Unpacking libalberta4:amd64 (3.0.1-2) ...
Selecting previously unselected package libalberta-dev:amd64.
Preparing to unpack .../115-libalberta-dev_3.0.1-2_amd64.deb ...
Unpacking libalberta-dev:amd64 (3.0.1-2) ...
Selecting previously unselected package libsuitesparseconfig5:amd64.
Preparing to unpack .../116-libsuitesparseconfig5_1%3a5.6.0+dfsg-2_amd64.deb ...
Unpacking libsuitesparseconfig5:amd64 (1:5.6.0+dfsg-2) ...
Selecting previously unselected package libamd2:amd64.
Preparing to unpack .../117-libamd2_1%3a5.6.0+dfsg-2_amd64.deb ...
Unpacking libamd2:amd64 (1:5.6.0+dfsg-2) ...
Selecting previously unselected package libblas3:amd64.
Preparing to unpack .../118-libblas3_3.9.0-1_amd64.deb ...
Unpacking libblas3:amd64 (3.9.0-1) ...
Selecting previously unselected package libblas-dev:amd64.
Preparing to unpack .../119-libblas-dev_3.9.0-1_amd64.deb ...
Unpacking libblas-dev:amd64 (3.9.0-1) ...
Selecting previously unselected package libbtf1:amd64.
Preparing to unpack .../120-libbtf1_1%3a5.6.0+dfsg-2_amd64.deb ...
Unpacking libbtf1:amd64 (1:5.6.0+dfsg-2) ...
Selecting previously unselected package libcamd2:amd64.
Preparing to unpack .../121-libcamd2_1%3a5.6.0+dfsg-2_amd64.deb ...
Unpacking libcamd2:amd64 (1:5.6.0+dfsg-2) ...
Selecting previously unselected package libccolamd2:amd64.
Preparing to unpack .../122-libccolamd2_1%3a5.6.0+dfsg-2_amd64.deb ...
Unpacking libccolamd2:amd64 (1:5.6.0+dfsg-2) ...
Selecting previously unselected package libcolamd2:amd64.
Preparing to unpack .../123-libcolamd2_1%3a5.6.0+dfsg-2_amd64.deb ...
Unpacking libcolamd2:amd64 (1:5.6.0+dfsg-2) ...
Selecting previously unselected package liblapack3:amd64.
Preparing to unpack .../124-liblapack3_3.9.0-1_amd64.deb ...
Unpacking liblapack3:amd64 (3.9.0-1) ...
Selecting previously unselected package libmetis5:amd64.
Preparing to unpack .../125-libmetis5_5.1.0.dfsg-5+b2_amd64.deb ...
Unpacking libmetis5:amd64 (5.1.0.dfsg-5+b2) ...
Selecting previously unselected package libcholmod3:amd64.
Preparing to unpack .../126-libcholmod3_1%3a5.6.0+dfsg-2_amd64.deb ...
Unpacking libcholmod3:amd64 (1:5.6.0+dfsg-2) ...
Selecting previously unselected package libcxsparse3:amd64.
Preparing to unpack .../127-libcxsparse3_1%3a5.6.0+dfsg-2_amd64.deb ...
Unpacking libcxsparse3:amd64 (1:5.6.0+dfsg-2) ...
Selecting previously unselected package pkg-config.
Preparing to unpack .../128-pkg-config_0.29-6_amd64.deb ...
Unpacking pkg-config (0.29-6) ...
Selecting previously unselected package libdune-common-dev:amd64.
Preparing to unpack .../129-libdune-common-dev_2.6.0-4_amd64.deb ...
Unpacking libdune-common-dev:amd64 (2.6.0-4) ...
Selecting previously unselected package libdune-geometry-dev:amd64.
Preparing to unpack .../130-libdune-geometry-dev_2.6.0-1_amd64.deb ...
Unpacking libdune-geometry-dev:amd64 (2.6.0-1) ...
Selecting previously unselected package libdune-localfunctions-dev.
Preparing to unpack .../131-libdune-localfunctions-dev_2.6.0-1_all.deb ...
Unpacking libdune-localfunctions-dev (2.6.0-1) ...
Selecting previously unselected package libevent-2.1-7:amd64.
Preparing to unpack .../132-libevent-2.1-7_2.1.11-stable-1_amd64.deb ...
Unpacking libevent-2.1-7:amd64 (2.1.11-stable-1) ...
Selecting previously unselected package libevent-core-2.1-7:amd64.
Preparing to unpack .../133-libevent-core-2.1-7_2.1.11-stable-1_amd64.deb ...
Unpacking libevent-core-2.1-7:amd64 (2.1.11-stable-1) ...
Selecting previously unselected package libevent-pthreads-2.1-7:amd64.
Preparing to unpack .../134-libevent-pthreads-2.1-7_2.1.11-stable-1_amd64.deb ...
Unpacking libevent-pthreads-2.1-7:amd64 (2.1.11-stable-1) ...
Selecting previously unselected package libpsm-infinipath1.
Preparing to unpack .../135-libpsm-infinipath1_3.3+20.604758e7-6+b1_amd64.deb ...
Unpacking libpsm-infinipath1 (3.3+20.604758e7-6+b1) ...
Selecting previously unselected package libpsm2-2.
Preparing to unpack .../136-libpsm2-2_11.2.86-1_amd64.deb ...
Unpacking libpsm2-2 (11.2.86-1) ...
Selecting previously unselected package librdmacm1:amd64.
Preparing to unpack .../137-librdmacm1_28.0-1_amd64.deb ...
Unpacking librdmacm1:amd64 (28.0-1) ...
Selecting previously unselected package libfabric1.
Preparing to unpack .../138-libfabric1_1.6.2-3+b1_amd64.deb ...
Unpacking libfabric1 (1.6.2-3+b1) ...
Selecting previously unselected package libhwloc15:amd64.
Preparing to unpack .../139-libhwloc15_2.1.0+dfsg-3_amd64.deb ...
Unpacking libhwloc15:amd64 (2.1.0+dfsg-3) ...
Selecting previously unselected package libpciaccess0:amd64.
Preparing to unpack .../140-libpciaccess0_0.14-1_amd64.deb ...
Unpacking libpciaccess0:amd64 (0.14-1) ...
Selecting previously unselected package libxnvctrl0:amd64.
Preparing to unpack .../141-libxnvctrl0_440.59-1_amd64.deb ...
Unpacking libxnvctrl0:amd64 (440.59-1) ...
Selecting previously unselected package ocl-icd-libopencl1:amd64.
Preparing to unpack .../142-ocl-icd-libopencl1_2.2.12-3_amd64.deb ...
Unpacking ocl-icd-libopencl1:amd64 (2.2.12-3) ...
Selecting previously unselected package libhwloc-plugins:amd64.
Preparing to unpack .../143-libhwloc-plugins_2.1.0+dfsg-3_amd64.deb ...
Unpacking libhwloc-plugins:amd64 (2.1.0+dfsg-3) ...
Selecting previously unselected package libpmix2:amd64.
Preparing to unpack .../144-libpmix2_3.1.4-1+b1_amd64.deb ...
Unpacking libpmix2:amd64 (3.1.4-1+b1) ...
Selecting previously unselected package libopenmpi3:amd64.
Preparing to unpack .../145-libopenmpi3_4.0.2-5_amd64.deb ...
Unpacking libopenmpi3:amd64 (4.0.2-5) ...
Selecting previously unselected package libdune-uggrid-dev:amd64.
Preparing to unpack .../146-libdune-uggrid-dev_2.6.0-1+b1_amd64.deb ...
Unpacking libdune-uggrid-dev:amd64 (2.6.0-1+b1) ...
Selecting previously unselected package libdune-grid-dev:amd64.
Preparing to unpack .../147-libdune-grid-dev_2.6.0-5_amd64.deb ...
Unpacking libdune-grid-dev:amd64 (2.6.0-5) ...
Selecting previously unselected package libdune-typetree-dev.
Preparing to unpack .../148-libdune-typetree-dev_2.6~20180215-1_all.deb ...
Unpacking libdune-typetree-dev (2.6~20180215-1) ...
Selecting previously unselected package libdune-functions-dev.
Preparing to unpack .../149-libdune-functions-dev_2.6~20180228-1_all.deb ...
Unpacking libdune-functions-dev (2.6~20180228-1) ...
Selecting previously unselected package libgraphblas3:amd64.
Preparing to unpack .../150-libgraphblas3_1%3a5.6.0+dfsg-2_amd64.deb ...
Unpacking libgraphblas3:amd64 (1:5.6.0+dfsg-2) ...
Selecting previously unselected package libklu1:amd64.
Preparing to unpack .../151-libklu1_1%3a5.6.0+dfsg-2_amd64.deb ...
Unpacking libklu1:amd64 (1:5.6.0+dfsg-2) ...
Selecting previously unselected package libldl2:amd64.
Preparing to unpack .../152-libldl2_1%3a5.6.0+dfsg-2_amd64.deb ...
Unpacking libldl2:amd64 (1:5.6.0+dfsg-2) ...
Selecting previously unselected package libmongoose2:amd64.
Preparing to unpack .../153-libmongoose2_1%3a5.6.0+dfsg-2_amd64.deb ...
Unpacking libmongoose2:amd64 (1:5.6.0+dfsg-2) ...
Selecting previously unselected package libumfpack5:amd64.
Preparing to unpack .../154-libumfpack5_1%3a5.6.0+dfsg-2_amd64.deb ...
Unpacking libumfpack5:amd64 (1:5.6.0+dfsg-2) ...
Selecting previously unselected package librbio2:amd64.
Preparing to unpack .../155-librbio2_1%3a5.6.0+dfsg-2_amd64.deb ...
Unpacking librbio2:amd64 (1:5.6.0+dfsg-2) ...
Selecting previously unselected package libspqr2:amd64.
Preparing to unpack .../156-libspqr2_1%3a5.6.0+dfsg-2_amd64.deb ...
Unpacking libspqr2:amd64 (1:5.6.0+dfsg-2) ...
Selecting previously unselected package liblapack-dev:amd64.
Preparing to unpack .../157-liblapack-dev_3.9.0-1_amd64.deb ...
Unpacking liblapack-dev:amd64 (3.9.0-1) ...
Selecting previously unselected package libsuitesparse-dev:amd64.
Preparing to unpack .../158-libsuitesparse-dev_1%3a5.6.0+dfsg-2_amd64.deb ...
Unpacking libsuitesparse-dev:amd64 (1:5.6.0+dfsg-2) ...
Selecting previously unselected package libsuperlu5:amd64.
Preparing to unpack .../159-libsuperlu5_5.2.1+dfsg1-4_amd64.deb ...
Unpacking libsuperlu5:amd64 (5.2.1+dfsg1-4) ...
Selecting previously unselected package libsuperlu-dev:amd64.
Preparing to unpack .../160-libsuperlu-dev_5.2.1+dfsg1-4_amd64.deb ...
Unpacking libsuperlu-dev:amd64 (5.2.1+dfsg1-4) ...
Selecting previously unselected package libdune-istl-dev.
Preparing to unpack .../161-libdune-istl-dev_2.6.0-2_all.deb ...
Unpacking libdune-istl-dev (2.6.0-2) ...
Selecting previously unselected package libeigen3-dev.
Preparing to unpack .../162-libeigen3-dev_3.3.7-1_all.deb ...
Unpacking libeigen3-dev (3.3.7-1) ...
Selecting previously unselected package libevent-extra-2.1-7:amd64.
Preparing to unpack .../163-libevent-extra-2.1-7_2.1.11-stable-1_amd64.deb ...
Unpacking libevent-extra-2.1-7:amd64 (2.1.11-stable-1) ...
Selecting previously unselected package libevent-openssl-2.1-7:amd64.
Preparing to unpack .../164-libevent-openssl-2.1-7_2.1.11-stable-1_amd64.deb ...
Unpacking libevent-openssl-2.1-7:amd64 (2.1.11-stable-1) ...
Selecting previously unselected package libevent-dev.
Preparing to unpack .../165-libevent-dev_2.1.11-stable-1_amd64.deb ...
Unpacking libevent-dev (2.1.11-stable-1) ...
Selecting previously unselected package libgmpxx4ldbl:amd64.
Preparing to unpack .../166-libgmpxx4ldbl_2%3a6.2.0+dfsg-4_amd64.deb ...
Unpacking libgmpxx4ldbl:amd64 (2:6.2.0+dfsg-4) ...
Selecting previously unselected package libgmp-dev:amd64.
Preparing to unpack .../167-libgmp-dev_2%3a6.2.0+dfsg-4_amd64.deb ...
Unpacking libgmp-dev:amd64 (2:6.2.0+dfsg-4) ...
Selecting previously unselected package libharfbuzz-icu0:amd64.
Preparing to unpack .../168-libharfbuzz-icu0_2.6.4-1_amd64.deb ...
Unpacking libharfbuzz-icu0:amd64 (2.6.4-1) ...
Selecting previously unselected package libnuma-dev:amd64.
Preparing to unpack .../169-libnuma-dev_2.0.12-1+b1_amd64.deb ...
Unpacking libnuma-dev:amd64 (2.0.12-1+b1) ...
Selecting previously unselected package libltdl-dev:amd64.
Preparing to unpack .../170-libltdl-dev_2.4.6-13_amd64.deb ...
Unpacking libltdl-dev:amd64 (2.4.6-13) ...
Selecting previously unselected package libhwloc-dev:amd64.
Preparing to unpack .../171-libhwloc-dev_2.1.0+dfsg-3_amd64.deb ...
Unpacking libhwloc-dev:amd64 (2.1.0+dfsg-3) ...
Selecting previously unselected package libnl-3-dev:amd64.
Preparing to unpack .../172-libnl-3-dev_3.4.0-1+b1_amd64.deb ...
Unpacking libnl-3-dev:amd64 (3.4.0-1+b1) ...
Selecting previously unselected package libnl-route-3-dev:amd64.
Preparing to unpack .../173-libnl-route-3-dev_3.4.0-1+b1_amd64.deb ...
Unpacking libnl-route-3-dev:amd64 (3.4.0-1+b1) ...
Selecting previously unselected package libibverbs-dev:amd64.
Preparing to unpack .../174-libibverbs-dev_28.0-1_amd64.deb ...
Unpacking libibverbs-dev:amd64 (28.0-1) ...
Selecting previously unselected package libkpathsea6:amd64.
Preparing to unpack .../175-libkpathsea6_2019.20190605.51237-3_amd64.deb ...
Unpacking libkpathsea6:amd64 (2019.20190605.51237-3) ...
Selecting previously unselected package openmpi-common.
Preparing to unpack .../176-openmpi-common_4.0.2-5_all.deb ...
Unpacking openmpi-common (4.0.2-5) ...
Selecting previously unselected package openmpi-bin.
Preparing to unpack .../177-openmpi-bin_4.0.2-5_amd64.deb ...
Unpacking openmpi-bin (4.0.2-5) ...
Selecting previously unselected package libopenmpi-dev:amd64.
Preparing to unpack .../178-libopenmpi-dev_4.0.2-5_amd64.deb ...
Unpacking libopenmpi-dev:amd64 (4.0.2-5) ...
Selecting previously unselected package libpaper-utils.
Preparing to unpack .../179-libpaper-utils_1.1.28+b1_amd64.deb ...
Unpacking libpaper-utils (1.1.28+b1) ...
Selecting previously unselected package libptexenc1:amd64.
Preparing to unpack .../180-libptexenc1_2019.20190605.51237-3_amd64.deb ...
Unpacking libptexenc1:amd64 (2019.20190605.51237-3) ...
Selecting previously unselected package libsynctex2:amd64.
Preparing to unpack .../181-libsynctex2_2019.20190605.51237-3_amd64.deb ...
Unpacking libsynctex2:amd64 (2019.20190605.51237-3) ...
Selecting previously unselected package libteckit0:amd64.
Preparing to unpack .../182-libteckit0_2.5.8+ds2-5_amd64.deb ...
Unpacking libteckit0:amd64 (2.5.8+ds2-5) ...
Selecting previously unselected package libtexlua53:amd64.
Preparing to unpack .../183-libtexlua53_2019.20190605.51237-3_amd64.deb ...
Unpacking libtexlua53:amd64 (2019.20190605.51237-3) ...
Selecting previously unselected package libtexluajit2:amd64.
Preparing to unpack .../184-libtexluajit2_2019.20190605.51237-3_amd64.deb ...
Unpacking libtexluajit2:amd64 (2019.20190605.51237-3) ...
Selecting previously unselected package libxi6:amd64.
Preparing to unpack .../185-libxi6_2%3a1.7.9-1_amd64.deb ...
Unpacking libxi6:amd64 (2:1.7.9-1) ...
Selecting previously unselected package libzzip-0-13:amd64.
Preparing to unpack .../186-libzzip-0-13_0.13.62-3.2_amd64.deb ...
Unpacking libzzip-0-13:amd64 (0.13.62-3.2) ...
Selecting previously unselected package mpi-default-bin.
Preparing to unpack .../187-mpi-default-bin_1.13_amd64.deb ...
Unpacking mpi-default-bin (1.13) ...
Selecting previously unselected package mpi-default-dev.
Preparing to unpack .../188-mpi-default-dev_1.13_amd64.deb ...
Unpacking mpi-default-dev (1.13) ...
Selecting previously unselected package t1utils.
Preparing to unpack .../189-t1utils_1.41-3_amd64.deb ...
Unpacking t1utils (1.41-3) ...
Selecting previously unselected package texlive-binaries.
Preparing to unpack .../190-texlive-binaries_2019.20190605.51237-3_amd64.deb ...
Unpacking texlive-binaries (2019.20190605.51237-3) ...
Selecting previously unselected package xdg-utils.
Preparing to unpack .../191-xdg-utils_1.1.3-1_all.deb ...
Unpacking xdg-utils (1.1.3-1) ...
Selecting previously unselected package texlive-base.
Preparing to unpack .../192-texlive-base_2019.20200218-1_all.deb ...
Unpacking texlive-base (2019.20200218-1) ...
Selecting previously unselected package texlive-latex-base.
Preparing to unpack .../193-texlive-latex-base_2019.20200218-1_all.deb ...
Unpacking texlive-latex-base (2019.20200218-1) ...
Selecting previously unselected package texlive-latex-recommended.
Preparing to unpack .../194-texlive-latex-recommended_2019.20200218-1_all.deb ...
Unpacking texlive-latex-recommended (2019.20200218-1) ...
Selecting previously unselected package texlive-pictures.
Preparing to unpack .../195-texlive-pictures_2019.20200218-1_all.deb ...
Unpacking texlive-pictures (2019.20200218-1) ...
Selecting previously unselected package sbuild-build-depends-main-dummy.
Preparing to unpack .../196-sbuild-build-depends-main-dummy_0.invalid.0_amd64.deb ...
Unpacking sbuild-build-depends-main-dummy (0.invalid.0) ...
Setting up libpipeline1:amd64 (1.5.2-2) ...
Setting up libgraphite2-3:amd64 (1.3.13-11) ...
Setting up liblcms2-2:amd64 (2.9-4) ...
Setting up libpixman-1-0:amd64 (0.36.0-1) ...
Setting up libxapian30:amd64 (1.4.14-2) ...
Setting up libgraphblas3:amd64 (1:5.6.0+dfsg-2) ...
Setting up libpciaccess0:amd64 (0.14-1) ...
Setting up libxau6:amd64 (1:1.0.8-1+b2) ...
Setting up imagemagick-6-common (8:6.9.10.23+dfsg-2.1) ...
Setting up libxdmcp6:amd64 (1:1.1.2-3) ...
Setting up libkeyutils1:amd64 (1.6.1-2) ...
Setting up libpsl5:amd64 (0.20.2-2) ...
Setting up libxcb1:amd64 (1.13.1-5) ...
Setting up mime-support (3.64) ...
Setting up libalberta4:amd64 (3.0.1-2) ...
Setting up hicolor-icon-theme (0.17-2) ...
Setting up libdatrie1:amd64 (0.2.12-3) ...
Setting up libmagic-mgc (1:5.38-4) ...
Setting up libtexlua53:amd64 (2019.20190605.51237-3) ...
Setting up libxcb-render0:amd64 (1.13.1-5) ...
Setting up libarchive-zip-perl (1.67-1) ...
Setting up libglib2.0-0:amd64 (2.62.4-2) ...
No schema files found: doing nothing.
Setting up libijs-0.35:amd64 (0.35-15) ...
Setting up libtexluajit2:amd64 (2019.20190605.51237-3) ...
Setting up libdebhelper-perl (12.9) ...
Setting up libbrotli1:amd64 (1.0.7-6) ...
Setting up libsqlite3-0:amd64 (3.31.1-3) ...
Setting up libcbor0:amd64 (0.5.0+dfsg-2) ...
Setting up liblab-gamut1:amd64 (2.42.2-3+b1) ...
Setting up x11-common (1:7.7+20) ...
update-rc.d: warning: start and stop actions are no longer supported; falling back to defaults
invoke-rc.d: could not determine current runlevel
All runlevel operations denied by policy
invoke-rc.d: policy-rc.d denied execution of start.
Setting up libldl2:amd64 (1:5.6.0+dfsg-2) ...
Setting up libnghttp2-14:amd64 (1.40.0-1) ...
Setting up libmagic1:amd64 (1:5.38-4) ...
Setting up gettext-base (0.19.8.1-10) ...
Setting up libmetis5:amd64 (5.1.0.dfsg-5+b2) ...
Setting up libxcb-shm0:amd64 (1.13.1-5) ...
Setting up libzzip-0-13:amd64 (0.13.62-3.2) ...
Setting up file (1:5.38-4) ...
Setting up fonts-urw-base35 (20170801.1-3) ...
Setting up libldap-common (2.4.49+dfsg-1) ...
Setting up libjbig0:amd64 (2.1-3.1+b2) ...
Setting up libbtf1:amd64 (1:5.6.0+dfsg-2) ...
Setting up libicu63:amd64 (63.2-2) ...
Setting up poppler-data (0.4.9-2) ...
Setting up libkrb5support0:amd64 (1.17-6) ...
Setting up libsasl2-modules-db:amd64 (2.1.27+dfsg-2) ...
Setting up libgts-0.7-5:amd64 (0.7.6+darcs121130-4+b1) ...
Setting up autotools-dev (20180224.1) ...
Setting up libblas3:amd64 (3.9.0-1) ...
update-alternatives: using /usr/lib/x86_64-linux-gnu/blas/libblas.so.3 to provide /usr/lib/x86_64-linux-gnu/libblas.so.3 (libblas.so.3-x86_64-linux-gnu) in auto mode
Setting up libgmpxx4ldbl:amd64 (2:6.2.0+dfsg-4) ...
Setting up libuv1:amd64 (1.34.2-1) ...
Setting up libjpeg62-turbo:amd64 (1:1.5.2-2+b1) ...
Setting up libx11-data (2:1.6.8-1) ...
Setting up libjbig2dec0:amd64 (0.17-1) ...
Setting up librtmp1:amd64 (2.4+20151223.gitfa8646d.1-2+b1) ...
Setting up libidn11:amd64 (1.33-2.2) ...
Setting up libteckit0:amd64 (2.5.8+ds2-5) ...
Setting up libpathplan4:amd64 (2.42.2-3+b1) ...
Setting up libavahi-common-data:amd64 (0.7-5) ...
Setting up libann0 (1.1.2+doc-7) ...
Setting up libncurses6:amd64 (6.1+20191019-1) ...
Setting up libdbus-1-3:amd64 (1.12.16-2) ...
Setting up libsigsegv2:amd64 (2.12-2) ...
Setting up libfribidi0:amd64 (1.0.8-2) ...
Setting up t1utils (1.41-3) ...
Setting up bsdmainutils (11.1.2+b1) ...
update-alternatives: using /usr/bin/bsd-write to provide /usr/bin/write (write) in auto mode
update-alternatives: using /usr/bin/bsd-from to provide /usr/bin/from (from) in auto mode
Setting up libpng16-16:amd64 (1.6.37-2) ...
Setting up libevent-core-2.1-7:amd64 (2.1.11-stable-1) ...
Setting up libevent-2.1-7:amd64 (2.1.11-stable-1) ...
Setting up autopoint (0.19.8.1-10) ...
Setting up libwebp6:amd64 (0.6.1-2+b1) ...
Setting up pkg-config (0.29-6) ...
Setting up fonts-dejavu-core (2.37-1) ...
Setting up libk5crypto3:amd64 (1.17-6) ...
Setting up libltdl7:amd64 (2.4.6-13) ...
Setting up libfftw3-double3:amd64 (3.3.8-2) ...
Setting up libkpathsea6:amd64 (2019.20190605.51237-3) ...
Setting up libsasl2-2:amd64 (2.1.27+dfsg-2) ...
Setting up libgfortran5:amd64 (10-20200222-1) ...
Setting up libnuma1:amd64 (2.0.12-1+b1) ...
Setting up liblqr-1-0:amd64 (0.4.2-2.1) ...
Setting up sensible-utils (0.0.12+nmu1) ...
Setting up ocl-icd-libopencl1:amd64 (2.2.12-3) ...
Setting up librhash0:amd64 (1.3.9-1) ...
Setting up libuchardet0:amd64 (0.0.6-3) ...
Setting up libalberta-dev:amd64 (3.0.1-2) ...
Setting up libnl-3-200:amd64 (3.4.0-1+b1) ...
Setting up libpsm2-2 (11.2.86-1) ...
Setting up openmpi-common (4.0.2-5) ...
Setting up fonts-lmodern (2.004.5-6) ...
Setting up libopenjp2-7:amd64 (2.3.1-1) ...
Setting up libsub-override-perl (0.09-2) ...
Setting up libx11-6:amd64 (2:1.6.8-1) ...
Setting up libthai-data (0.1.28-3) ...
Setting up libssh2-1:amd64 (1.8.0-2.1) ...
Setting up libcxsparse3:amd64 (1:5.6.0+dfsg-2) ...
Setting up cmake-data (3.16.3-1) ...
Setting up libcdt5:amd64 (2.42.2-3+b1) ...
Setting up libkrb5-3:amd64 (1.17-6) ...
Setting up libcgraph6:amd64 (2.42.2-3+b1) ...
Setting up libtiff5:amd64 (4.1.0+git191117-2) ...
Setting up libpsm-infinipath1 (3.3+20.604758e7-6+b1) ...
update-alternatives: using /usr/lib/libpsm1/libpsm_infinipath.so.1.16 to provide /usr/lib/x86_64-linux-gnu/libpsm_infinipath.so.1 (libpsm_infinipath.so.1) in auto mode
Setting up libmpdec2:amd64 (2.4.2-2) ...
Setting up libfido2-1:amd64 (1.3.1-1) ...
Setting up libde265-0:amd64 (1.0.4-1) ...
Setting up libwebpmux3:amd64 (0.6.1-2+b1) ...
Setting up libelf1:amd64 (0.176-1.1) ...
Setting up readline-common (8.0-3) ...
Setting up libxml2:amd64 (2.9.10+dfsg-3) ...
Setting up xdg-utils (1.1.3-1) ...
Setting up libsuitesparseconfig5:amd64 (1:5.6.0+dfsg-2) ...
Setting up libllvm9:amd64 (1:9.0.1-8) ...
Setting up libprocps8:amd64 (2:3.3.16-1+b1) ...
Setting up libblas-dev:amd64 (3.9.0-1) ...
update-alternatives: using /usr/lib/x86_64-linux-gnu/blas/libblas.so to provide /usr/lib/x86_64-linux-gnu/libblas.so (libblas.so-x86_64-linux-gnu) in auto mode
Setting up librbio2:amd64 (1:5.6.0+dfsg-2) ...
Setting up libjsoncpp1:amd64 (1.7.4-3.1) ...
Setting up libsynctex2:amd64 (2019.20190605.51237-3) ...
Setting up libevent-pthreads-2.1-7:amd64 (2.1.11-stable-1) ...
Setting up libgs9-common (9.50~dfsg-5) ...
Setting up libfile-stripnondeterminism-perl (1.6.3-2) ...
Setting up libamd2:amd64 (1:5.6.0+dfsg-2) ...
Setting up libice6:amd64 (2:1.0.9-2) ...
Setting up libevent-extra-2.1-7:amd64 (2.1.11-stable-1) ...
Setting up liblapack3:amd64 (3.9.0-1) ...
update-alternatives: using /usr/lib/x86_64-linux-gnu/lapack/liblapack.so.3 to provide /usr/lib/x86_64-linux-gnu/liblapack.so.3 (liblapack.so.3-x86_64-linux-gnu) in auto mode
Setting up libgmp-dev:amd64 (2:6.2.0+dfsg-4) ...
Setting up libcolamd2:amd64 (1:5.6.0+dfsg-2) ...
Setting up libxpm4:amd64 (1:3.5.12-1) ...
Setting up libxrender1:amd64 (1:0.9.10-1) ...
Setting up libtool (2.4.6-13) ...
Setting up libx265-179:amd64 (3.2.1-1) ...
Setting up libarchive13:amd64 (3.4.0-1+b1) ...
Setting up libclang1-9 (1:9.0.1-8) ...
Setting up libreadline8:amd64 (8.0-3) ...
Setting up libheif1:amd64 (1.6.1-1) ...
Setting up libavahi-common3:amd64 (0.7-5) ...
Setting up libsuperlu5:amd64 (5.2.1+dfsg1-4) ...
Setting up libxext6:amd64 (2:1.3.3-1+b2) ...
Setting up libgfortran-9-dev:amd64 (9.2.1-30) ...
Setting up libevent-openssl-2.1-7:amd64 (2.1.11-stable-1) ...
Setting up libldap-2.4-2:amd64 (2.4.49+dfsg-1) ...
Setting up m4 (1.4.18-4) ...
Setting up libnuma-dev:amd64 (2.0.12-1+b1) ...
Setting up libnl-route-3-200:amd64 (3.4.0-1+b1) ...
Setting up libxnvctrl0:amd64 (440.59-1) ...
Setting up libthai0:amd64 (0.1.28-3) ...
Setting up libcamd2:amd64 (1:5.6.0+dfsg-2) ...
Setting up libmongoose2:amd64 (1:5.6.0+dfsg-2) ...
Setting up doxygen (1.8.16-2) ...
Setting up libptexenc1:amd64 (2019.20190605.51237-3) ...
Setting up libfreetype6:amd64 (2.10.1-2) ...
Setting up libevent-dev (2.1.11-stable-1) ...
Setting up liblapack-dev:amd64 (3.9.0-1) ...
update-alternatives: using /usr/lib/x86_64-linux-gnu/lapack/liblapack.so to provide /usr/lib/x86_64-linux-gnu/liblapack.so (liblapack.so-x86_64-linux-gnu) in auto mode
Setting up libhwloc15:amd64 (2.1.0+dfsg-3) ...
Setting up libeigen3-dev (3.3.7-1) ...
Setting up libgssapi-krb5-2:amd64 (1.17-6) ...
Setting up libcroco3:amd64 (0.6.13-1) ...
Setting up ucf (3.0038+nmu1) ...
Setting up autoconf (2.69-11.1) ...
Setting up dh-strip-nondeterminism (1.6.3-2) ...
Setting up libgvpr2:amd64 (2.42.2-3+b1) ...
Setting up dwz (0.13-5) ...
Setting up libnl-3-dev:amd64 (3.4.0-1+b1) ...
Setting up groff-base (1.22.4-4) ...
Setting up libklu1:amd64 (1:5.6.0+dfsg-2) ...
Setting up libccolamd2:amd64 (1:5.6.0+dfsg-2) ...
Setting up procps (2:3.3.16-1+b1) ...
update-alternatives: using /usr/bin/w.procps to provide /usr/bin/w (w) in auto mode
Setting up libcurl4:amd64 (7.68.0-1) ...
Setting up libharfbuzz0b:amd64 (2.6.4-1) ...
Setting up libsuperlu-dev:amd64 (5.2.1+dfsg1-4) ...
Setting up libsm6:amd64 (2:1.2.3-1) ...
Setting up libavahi-client3:amd64 (0.7-5) ...
Setting up libcholmod3:amd64 (1:5.6.0+dfsg-2) ...
Setting up automake (1:1.16.1-4) ...
update-alternatives: using /usr/bin/automake-1.16 to provide /usr/bin/automake (automake) in auto mode
Setting up libpaper1:amd64 (1.1.28+b1) ...

Creating config file /etc/papersize with new version
Setting up libspqr2:amd64 (1:5.6.0+dfsg-2) ...
Setting up libibverbs1:amd64 (28.0-1) ...
Setting up libpython3.7-stdlib:amd64 (3.7.6-1+b1) ...
Setting up gettext (0.19.8.1-10) ...
Setting up libharfbuzz-icu0:amd64 (2.6.4-1) ...
Setting up libxi6:amd64 (2:1.7.9-1) ...
Setting up gfortran-9 (9.2.1-30) ...
Setting up ibverbs-providers:amd64 (28.0-1) ...
Setting up fontconfig-config (2.13.1-2) ...
Setting up openssh-client (1:8.2p1-3) ...
Setting up libpaper-utils (1.1.28+b1) ...
Setting up libhwloc-plugins:amd64 (2.1.0+dfsg-3) ...
Setting up man-db (2.9.0-2) ...
Not building database; man-db/auto-update is not 'true'.
Setting up gfortran (4:9.2.1-3.1) ...
update-alternatives: using /usr/bin/gfortran to provide /usr/bin/f95 (f95) in auto mode
update-alternatives: using /usr/bin/gfortran to provide /usr/bin/f77 (f77) in auto mode
Setting up intltool-debian (0.35.0+20060710.5) ...
Setting up tex-common (6.13) ...
update-language: texlive-base not installed and configured, doing nothing!
Setting up libnl-route-3-dev:amd64 (3.4.0-1+b1) ...
Setting up libltdl-dev:amd64 (2.4.6-13) ...
Setting up libumfpack5:amd64 (1:5.6.0+dfsg-2) ...
Setting up libxt6:amd64 (1:1.1.5-1+b3) ...
Setting up libcups2:amd64 (2.3.1-11) ...
Setting up cmake (3.16.3-1) ...
Setting up libhwloc-dev:amd64 (2.1.0+dfsg-3) ...
Setting up libfontconfig1:amd64 (2.13.1-2+b1) ...
Setting up libpython3-stdlib:amd64 (3.7.5-3) ...
Setting up librdmacm1:amd64 (28.0-1) ...
Setting up python3.7 (3.7.6-1+b1) ...
Setting up fontconfig (2.13.1-2+b1) ...
Regenerating fonts cache... done.
Setting up libxmu6:amd64 (2:1.1.2-2+b3) ...
Setting up libgs9:amd64 (9.50~dfsg-5) ...
Setting up libsuitesparse-dev:amd64 (1:5.6.0+dfsg-2) ...
Setting up libpmix2:amd64 (3.1.4-1+b1) ...
Setting up po-debconf (1.0.21) ...
Setting up libpango-1.0-0:amd64 (1.42.4-8) ...
Setting up python3 (3.7.5-3) ...
Setting up libxaw7:amd64 (2:1.0.13-1+b2) ...
Setting up libdune-common-dev:amd64 (2.6.0-4) ...
Setting up libibverbs-dev:amd64 (28.0-1) ...
Setting up ghostscript (9.50~dfsg-5) ...
Setting up libcairo2:amd64 (1.16.0-4) ...
Setting up libmagickcore-6.q16-6:amd64 (8:6.9.10.23+dfsg-2.1+b2) ...
Setting up libgd3:amd64 (2.2.5-5.2) ...
Setting up texlive-binaries (2019.20190605.51237-3) ...
update-alternatives: using /usr/bin/xdvi-xaw to provide /usr/bin/xdvi.bin (xdvi.bin) in auto mode
update-alternatives: using /usr/bin/bibtex.original to provide /usr/bin/bibtex (bibtex) in auto mode
Setting up libdune-typetree-dev (2.6~20180215-1) ...
Setting up libmagickwand-6.q16-6:amd64 (8:6.9.10.23+dfsg-2.1+b2) ...
Setting up libdune-geometry-dev:amd64 (2.6.0-1) ...
Setting up libpangoft2-1.0-0:amd64 (1.42.4-8) ...
Setting up texlive-base (2019.20200218-1) ...
tl-paper: setting paper size for dvips to a4: /var/lib/texmf/dvips/config/config-paper.ps
tl-paper: setting paper size for dvipdfmx to a4: /var/lib/texmf/dvipdfmx/dvipdfmx-paper.cfg
tl-paper: setting paper size for xdvi to a4: /var/lib/texmf/xdvi/XDvi-paper
tl-paper: setting paper size for pdftex to a4: /var/lib/texmf/tex/generic/config/pdftexconfig.tex
Setting up libpangocairo-1.0-0:amd64 (1.42.4-8) ...
Setting up libdune-istl-dev (2.6.0-2) ...
Setting up libfabric1 (1.6.2-3+b1) ...
Setting up libdune-localfunctions-dev (2.6.0-1) ...
Setting up libopenmpi3:amd64 (4.0.2-5) ...
Setting up texlive-latex-base (2019.20200218-1) ...
Setting up texlive-latex-recommended (2019.20200218-1) ...
Setting up libgvc6 (2.42.2-3+b1) ...
Setting up texlive-pictures (2019.20200218-1) ...
Setting up imagemagick-6.q16 (8:6.9.10.23+dfsg-2.1+b2) ...
update-alternatives: using /usr/bin/compare-im6.q16 to provide /usr/bin/compare (compare) in auto mode
update-alternatives: using /usr/bin/compare-im6.q16 to provide /usr/bin/compare-im6 (compare-im6) in auto mode
update-alternatives: using /usr/bin/animate-im6.q16 to provide /usr/bin/animate (animate) in auto mode
update-alternatives: using /usr/bin/animate-im6.q16 to provide /usr/bin/animate-im6 (animate-im6) in auto mode
update-alternatives: using /usr/bin/convert-im6.q16 to provide /usr/bin/convert (convert) in auto mode
update-alternatives: using /usr/bin/convert-im6.q16 to provide /usr/bin/convert-im6 (convert-im6) in auto mode
update-alternatives: using /usr/bin/composite-im6.q16 to provide /usr/bin/composite (composite) in auto mode
update-alternatives: using /usr/bin/composite-im6.q16 to provide /usr/bin/composite-im6 (composite-im6) in auto mode
update-alternatives: using /usr/bin/conjure-im6.q16 to provide /usr/bin/conjure (conjure) in auto mode
update-alternatives: using /usr/bin/conjure-im6.q16 to provide /usr/bin/conjure-im6 (conjure-im6) in auto mode
update-alternatives: using /usr/bin/import-im6.q16 to provide /usr/bin/import (import) in auto mode
update-alternatives: using /usr/bin/import-im6.q16 to provide /usr/bin/import-im6 (import-im6) in auto mode
update-alternatives: using /usr/bin/identify-im6.q16 to provide /usr/bin/identify (identify) in auto mode
update-alternatives: using /usr/bin/identify-im6.q16 to provide /usr/bin/identify-im6 (identify-im6) in auto mode
update-alternatives: using /usr/bin/stream-im6.q16 to provide /usr/bin/stream (stream) in auto mode
update-alternatives: using /usr/bin/stream-im6.q16 to provide /usr/bin/stream-im6 (stream-im6) in auto mode
update-alternatives: using /usr/bin/display-im6.q16 to provide /usr/bin/display (display) in auto mode
update-alternatives: using /usr/bin/display-im6.q16 to provide /usr/bin/display-im6 (display-im6) in auto mode
update-alternatives: using /usr/bin/montage-im6.q16 to provide /usr/bin/montage (montage) in auto mode
update-alternatives: using /usr/bin/montage-im6.q16 to provide /usr/bin/montage-im6 (montage-im6) in auto mode
update-alternatives: using /usr/bin/mogrify-im6.q16 to provide /usr/bin/mogrify (mogrify) in auto mode
update-alternatives: using /usr/bin/mogrify-im6.q16 to provide /usr/bin/mogrify-im6 (mogrify-im6) in auto mode
Setting up openmpi-bin (4.0.2-5) ...
update-alternatives: using /usr/bin/mpirun.openmpi to provide /usr/bin/mpirun (mpirun) in auto mode
update-alternatives: using /usr/bin/mpicc.openmpi to provide /usr/bin/mpicc (mpi) in auto mode
Setting up graphviz (2.42.2-3+b1) ...
Setting up libdune-uggrid-dev:amd64 (2.6.0-1+b1) ...
Setting up mpi-default-bin (1.13) ...
Setting up libdune-grid-dev:amd64 (2.6.0-5) ...
Setting up libdune-functions-dev (2.6~20180228-1) ...
Setting up imagemagick (8:6.9.10.23+dfsg-2.1+b2) ...
Setting up libopenmpi-dev:amd64 (4.0.2-5) ...
update-alternatives: using /usr/lib/x86_64-linux-gnu/openmpi/include to provide /usr/include/x86_64-linux-gnu/mpi (mpi-x86_64-linux-gnu) in auto mode
Setting up mpi-default-dev (1.13) ...
Setting up dh-autoreconf (19) ...
Setting up debhelper (12.9) ...
Setting up sbuild-build-depends-main-dummy (0.invalid.0) ...
Processing triggers for libc-bin (2.29-10) ...
Processing triggers for tex-common (6.13) ...
Running updmap-sys. This may take some time... done.
Running mktexlsr /var/lib/texmf ... done.
Building format(s) --all.
	This may take some time... done.

+------------------------------------------------------------------------------+
| Check architectures                                                          |
+------------------------------------------------------------------------------+

Arch check ok (amd64 included in any all)

+------------------------------------------------------------------------------+
| Build environment                                                            |
+------------------------------------------------------------------------------+

Kernel: Linux 4.19.0-6-cloud-amd64 #1 SMP Debian 4.19.67-2+deb10u2 (2019-11-11) amd64 (x86_64)
Toolchain package versions: binutils_2.34-3 dpkg-dev_1.19.7 g++-9_9.2.1-30 gcc-9_9.2.1-30 libc6-dev_2.29-10 libstdc++-9-dev_9.2.1-30 libstdc++6_10-20200222-1 linux-libc-dev_5.4.19-1
Package versions: adduser_3.118 apt_1.8.4 autoconf_2.69-11.1 automake_1:1.16.1-4 autopoint_0.19.8.1-10 autotools-dev_20180224.1 base-files_11 base-passwd_3.5.47 bash_5.0-5 binutils_2.34-3 binutils-common_2.34-3 binutils-x86-64-linux-gnu_2.34-3 bsdmainutils_11.1.2+b1 bsdutils_1:2.34-0.1 build-essential_12.8 bzip2_1.0.8-2 clang-10_1:10.0.0~+rc2-1 cmake_3.16.3-1 cmake-data_3.16.3-1 coreutils_8.30-3+b1 cpp_4:9.2.1-3.1 cpp-9_9.2.1-30 dash_0.5.10.2-6 debconf_1.5.73 debhelper_12.9 debian-archive-keyring_2019.1 debianutils_4.9.1 dh-autoreconf_19 dh-strip-nondeterminism_1.6.3-2 diffutils_1:3.7-3 doxygen_1.8.16-2 dpkg_1.19.7 dpkg-dev_1.19.7 dwz_0.13-5 e2fsprogs_1.45.5-2 fakeroot_1.24-1 fdisk_2.34-0.1 file_1:5.38-4 findutils_4.7.0-1 fontconfig_2.13.1-2+b1 fontconfig-config_2.13.1-2 fonts-dejavu-core_2.37-1 fonts-lmodern_2.004.5-6 fonts-urw-base35_20170801.1-3 g++_4:9.2.1-3.1 g++-9_9.2.1-30 gcc_4:9.2.1-3.1 gcc-10-base_10-20200222-1 gcc-9_9.2.1-30 gcc-9-base_9.2.1-30 gettext_0.19.8.1-10 gettext-base_0.19.8.1-10 gfortran_4:9.2.1-3.1 gfortran-9_9.2.1-30 ghostscript_9.50~dfsg-5 gpgv_2.2.19-1 graphviz_2.42.2-3+b1 grep_3.4-1 groff-base_1.22.4-4 gzip_1.9-3+b1 hicolor-icon-theme_0.17-2 hostname_3.23 ibverbs-providers_28.0-1 imagemagick_8:6.9.10.23+dfsg-2.1+b2 imagemagick-6-common_8:6.9.10.23+dfsg-2.1 imagemagick-6.q16_8:6.9.10.23+dfsg-2.1+b2 init-system-helpers_1.57 intltool-debian_0.35.0+20060710.5 lib32gcc-s1_10-20200222-1 lib32gcc1_1:10-20200222-1 lib32stdc++6_10-20200222-1 libacl1_2.2.53-5 libalberta-dev_3.0.1-2 libalberta4_3.0.1-2 libamd2_1:5.6.0+dfsg-2 libann0_1.1.2+doc-7 libapt-pkg5.0_1.8.4 libarchive-zip-perl_1.67-1 libarchive13_3.4.0-1+b1 libasan5_9.2.1-30 libatomic1_10-20200222-1 libattr1_1:2.4.48-5 libaudit-common_1:2.8.5-2 libaudit1_1:2.8.5-2+b1 libavahi-client3_0.7-5 libavahi-common-data_0.7-5 libavahi-common3_0.7-5 libbinutils_2.34-3 libblas-dev_3.9.0-1 libblas3_3.9.0-1 libblkid1_2.34-0.1 libbrotli1_1.0.7-6 libbsd0_0.10.0-1 libbtf1_1:5.6.0+dfsg-2 libbz2-1.0_1.0.8-2 libc-bin_2.29-10 libc-dev-bin_2.29-10 libc6_2.29-10 libc6-dev_2.29-10 libc6-i386_2.29-10 libcairo2_1.16.0-4 libcamd2_1:5.6.0+dfsg-2 libcap-ng0_0.7.9-2.1+b1 libcbor0_0.5.0+dfsg-2 libcc1-0_10-20200222-1 libccolamd2_1:5.6.0+dfsg-2 libcdt5_2.42.2-3+b1 libcgraph6_2.42.2-3+b1 libcholmod3_1:5.6.0+dfsg-2 libclang-common-10-dev_1:10.0.0~+rc2-1 libclang-cpp10_1:10.0.0~+rc2-1 libclang1-10_1:10.0.0~+rc2-1 libclang1-9_1:9.0.1-8 libcolamd2_1:5.6.0+dfsg-2 libcom-err2_1.45.5-2 libcroco3_0.6.13-1 libcrypt-dev_1:4.4.10-10 libcrypt1_1:4.4.10-10 libctf-nobfd0_2.34-3 libctf0_2.34-3 libcups2_2.3.1-11 libcurl4_7.68.0-1 libcxsparse3_1:5.6.0+dfsg-2 libdatrie1_0.2.12-3 libdb5.3_5.3.28+dfsg1-0.6 libdbus-1-3_1.12.16-2 libde265-0_1.0.4-1 libdebconfclient0_0.251 libdebhelper-perl_12.9 libdpkg-perl_1.19.7 libdune-common-dev_2.6.0-4 libdune-functions-dev_2.6~20180228-1 libdune-geometry-dev_2.6.0-1 libdune-grid-dev_2.6.0-5 libdune-istl-dev_2.6.0-2 libdune-localfunctions-dev_2.6.0-1 libdune-typetree-dev_2.6~20180215-1 libdune-uggrid-dev_2.6.0-1+b1 libedit2_3.1-20191231-1 libeigen3-dev_3.3.7-1 libelf1_0.176-1.1 libevent-2.1-7_2.1.11-stable-1 libevent-core-2.1-7_2.1.11-stable-1 libevent-dev_2.1.11-stable-1 libevent-extra-2.1-7_2.1.11-stable-1 libevent-openssl-2.1-7_2.1.11-stable-1 libevent-pthreads-2.1-7_2.1.11-stable-1 libexpat1_2.2.9-1 libext2fs2_1.45.5-2 libfabric1_1.6.2-3+b1 libfakeroot_1.24-1 libfdisk1_2.34-0.1 libffi7_3.3-3 libfftw3-double3_3.3.8-2 libfido2-1_1.3.1-1 libfile-stripnondeterminism-perl_1.6.3-2 libfontconfig1_2.13.1-2+b1 libfreetype6_2.10.1-2 libfribidi0_1.0.8-2 libgc1c2_1:7.6.4-0.4 libgcc-9-dev_9.2.1-30 libgcc-s1_10-20200222-1 libgcc1_1:10-20200222-1 libgcrypt20_1.8.5-5 libgd3_2.2.5-5.2 libgdbm-compat4_1.18.1-5 libgdbm6_1.18.1-5 libgfortran-9-dev_9.2.1-30 libgfortran5_10-20200222-1 libglib2.0-0_2.62.4-2 libgmp-dev_2:6.2.0+dfsg-4 libgmp10_2:6.2.0+dfsg-4 libgmpxx4ldbl_2:6.2.0+dfsg-4 libgnutls30_3.6.12-2 libgomp1_10-20200222-1 libgpg-error0_1.37-1 libgraphblas3_1:5.6.0+dfsg-2 libgraphite2-3_1.3.13-11 libgs9_9.50~dfsg-5 libgs9-common_9.50~dfsg-5 libgssapi-krb5-2_1.17-6 libgts-0.7-5_0.7.6+darcs121130-4+b1 libgvc6_2.42.2-3+b1 libgvpr2_2.42.2-3+b1 libharfbuzz-icu0_2.6.4-1 libharfbuzz0b_2.6.4-1 libheif1_1.6.1-1 libhogweed5_3.5.1+really3.5.1-2 libhwloc-dev_2.1.0+dfsg-3 libhwloc-plugins_2.1.0+dfsg-3 libhwloc15_2.1.0+dfsg-3 libibverbs-dev_28.0-1 libibverbs1_28.0-1 libice6_2:1.0.9-2 libicu63_63.2-2 libidn11_1.33-2.2 libidn2-0_2.2.0-2 libijs-0.35_0.35-15 libisl22_0.22.1-1 libitm1_10-20200222-1 libjbig0_2.1-3.1+b2 libjbig2dec0_0.17-1 libjpeg62-turbo_1:1.5.2-2+b1 libjsoncpp1_1.7.4-3.1 libk5crypto3_1.17-6 libkeyutils1_1.6.1-2 libklu1_1:5.6.0+dfsg-2 libkpathsea6_2019.20190605.51237-3 libkrb5-3_1.17-6 libkrb5support0_1.17-6 liblab-gamut1_2.42.2-3+b1 liblapack-dev_3.9.0-1 liblapack3_3.9.0-1 liblcms2-2_2.9-4 libldap-2.4-2_2.4.49+dfsg-1 libldap-common_2.4.49+dfsg-1 libldl2_1:5.6.0+dfsg-2 libllvm10_1:10.0.0~+rc2-1 libllvm9_1:9.0.1-8 liblqr-1-0_0.4.2-2.1 liblsan0_10-20200222-1 libltdl-dev_2.4.6-13 libltdl7_2.4.6-13 liblz4-1_1.9.2-2 liblzma5_5.2.4-1+b1 libmagic-mgc_1:5.38-4 libmagic1_1:5.38-4 libmagickcore-6.q16-6_8:6.9.10.23+dfsg-2.1+b2 libmagickwand-6.q16-6_8:6.9.10.23+dfsg-2.1+b2 libmetis5_5.1.0.dfsg-5+b2 libmongoose2_1:5.6.0+dfsg-2 libmount1_2.34-0.1 libmpc3_1.1.0-1 libmpdec2_2.4.2-2 libmpfr6_4.0.2-1 libncurses6_6.1+20191019-1 libncursesw6_6.1+20191019-1 libnettle7_3.5.1+really3.5.1-2 libnghttp2-14_1.40.0-1 libnl-3-200_3.4.0-1+b1 libnl-3-dev_3.4.0-1+b1 libnl-route-3-200_3.4.0-1+b1 libnl-route-3-dev_3.4.0-1+b1 libnuma-dev_2.0.12-1+b1 libnuma1_2.0.12-1+b1 libobjc-9-dev_9.2.1-30 libobjc4_10-20200222-1 libomp-10-dev_1:10.0.0~+rc2-1 libomp5-10_1:10.0.0~+rc2-1 libopenjp2-7_2.3.1-1 libopenmpi-dev_4.0.2-5 libopenmpi3_4.0.2-5 libp11-kit0_0.23.20-1 libpam-modules_1.3.1-5 libpam-modules-bin_1.3.1-5 libpam-runtime_1.3.1-5 libpam0g_1.3.1-5 libpango-1.0-0_1.42.4-8 libpangocairo-1.0-0_1.42.4-8 libpangoft2-1.0-0_1.42.4-8 libpaper-utils_1.1.28+b1 libpaper1_1.1.28+b1 libpathplan4_2.42.2-3+b1 libpciaccess0_0.14-1 libpcre2-8-0_10.34-7 libpcre3_2:8.39-12+b1 libperl5.30_5.30.0-9 libpipeline1_1.5.2-2 libpixman-1-0_0.36.0-1 libpmix2_3.1.4-1+b1 libpng16-16_1.6.37-2 libprocps8_2:3.3.16-1+b1 libpsl5_0.20.2-2 libpsm-infinipath1_3.3+20.604758e7-6+b1 libpsm2-2_11.2.86-1 libptexenc1_2019.20190605.51237-3 libpython3-stdlib_3.7.5-3 libpython3.7-minimal_3.7.6-1+b1 libpython3.7-stdlib_3.7.6-1+b1 libquadmath0_10-20200222-1 librbio2_1:5.6.0+dfsg-2 librdmacm1_28.0-1 libreadline8_8.0-3 librhash0_1.3.9-1 librtmp1_2.4+20151223.gitfa8646d.1-2+b1 libsasl2-2_2.1.27+dfsg-2 libsasl2-modules-db_2.1.27+dfsg-2 libseccomp2_2.4.2-2 libselinux1_3.0-1+b1 libsemanage-common_3.0-1 libsemanage1_3.0-1+b1 libsepol1_3.0-1 libsigsegv2_2.12-2 libsm6_2:1.2.3-1 libsmartcols1_2.34-0.1 libspqr2_1:5.6.0+dfsg-2 libsqlite3-0_3.31.1-3 libss2_1.45.5-2 libssh2-1_1.8.0-2.1 libssl1.1_1.1.1d-2 libstdc++-9-dev_9.2.1-30 libstdc++6_10-20200222-1 libsub-override-perl_0.09-2 libsuitesparse-dev_1:5.6.0+dfsg-2 libsuitesparseconfig5_1:5.6.0+dfsg-2 libsuperlu-dev_5.2.1+dfsg1-4 libsuperlu5_5.2.1+dfsg1-4 libsynctex2_2019.20190605.51237-3 libsystemd0_244.3-1 libtasn1-6_4.16.0-2 libteckit0_2.5.8+ds2-5 libtexlua53_2019.20190605.51237-3 libtexluajit2_2019.20190605.51237-3 libthai-data_0.1.28-3 libthai0_0.1.28-3 libtiff5_4.1.0+git191117-2 libtinfo6_6.1+20191019-1 libtool_2.4.6-13 libtsan0_10-20200222-1 libubsan1_10-20200222-1 libuchardet0_0.0.6-3 libudev1_244.3-1 libumfpack5_1:5.6.0+dfsg-2 libunistring2_0.9.10-2 libuuid1_2.34-0.1 libuv1_1.34.2-1 libwebp6_0.6.1-2+b1 libwebpmux3_0.6.1-2+b1 libx11-6_2:1.6.8-1 libx11-data_2:1.6.8-1 libx265-179_3.2.1-1 libxapian30_1.4.14-2 libxau6_1:1.0.8-1+b2 libxaw7_2:1.0.13-1+b2 libxcb-render0_1.13.1-5 libxcb-shm0_1.13.1-5 libxcb1_1.13.1-5 libxdmcp6_1:1.1.2-3 libxext6_2:1.3.3-1+b2 libxi6_2:1.7.9-1 libxml2_2.9.10+dfsg-3 libxmu6_2:1.1.2-2+b3 libxnvctrl0_440.59-1 libxpm4_1:3.5.12-1 libxrender1_1:0.9.10-1 libxt6_1:1.1.5-1+b3 libz3-4_4.8.7-4 libzstd1_1.4.4+dfsg-3 libzzip-0-13_0.13.62-3.2 linux-libc-dev_5.4.19-1 login_1:4.8.1-1 logsave_1.45.5-2 lsb-base_11.1.0 m4_1.4.18-4 make_4.2.1-1.2 man-db_2.9.0-2 mawk_1.3.4.20200120-2 mime-support_3.64 mount_2.34-0.1 mpi-default-bin_1.13 mpi-default-dev_1.13 ncurses-base_6.1+20191019-1 ncurses-bin_6.1+20191019-1 ocl-icd-libopencl1_2.2.12-3 openmpi-bin_4.0.2-5 openmpi-common_4.0.2-5 openssh-client_1:8.2p1-3 passwd_1:4.8.1-1 patch_2.7.6-6 perl_5.30.0-9 perl-base_5.30.0-9 perl-modules-5.30_5.30.0-9 pkg-config_0.29-6 po-debconf_1.0.21 poppler-data_0.4.9-2 procps_2:3.3.16-1+b1 python3_3.7.5-3 python3-minimal_3.7.5-3 python3.7_3.7.6-1+b1 python3.7-minimal_3.7.6-1+b1 readline-common_8.0-3 sbuild-build-depends-main-dummy_0.invalid.0 sed_4.7-1 sensible-utils_0.0.12+nmu1 sysvinit-utils_2.96-2.1 t1utils_1.41-3 tar_1.30+dfsg-6+b1 tex-common_6.13 texlive-base_2019.20200218-1 texlive-binaries_2019.20190605.51237-3 texlive-latex-base_2019.20200218-1 texlive-latex-recommended_2019.20200218-1 texlive-pictures_2019.20200218-1 tzdata_2019c-3 ucf_3.0038+nmu1 util-linux_2.34-0.1 x11-common_1:7.7+20 xdg-utils_1.1.3-1 xz-utils_5.2.4-1+b1 zlib1g_1:1.2.11.dfsg-2

+------------------------------------------------------------------------------+
| Build                                                                        |
+------------------------------------------------------------------------------+


Unpack source
-------------

-----BEGIN PGP SIGNED MESSAGE-----
Hash: SHA512

Format: 3.0 (quilt)
Source: dune-pdelab
Binary: libdune-pdelab-dev, libdune-pdelab-doc
Architecture: any all
Version: 2.6~20180302-2
Maintainer: Debian Science Maintainers <debian-science-maintainers@lists.alioth.debian.org>
Uploaders: Ansgar Burchardt <ansgar@debian.org>
Homepage: https://www.dune-project.org/modules/dune-pdelab/
Standards-Version: 4.4.1
Vcs-Browser: https://salsa.debian.org/science-team/dune-pdelab
Vcs-Git: https://salsa.debian.org/science-team/dune-pdelab.git
Build-Depends: debhelper (>= 9), cmake, gfortran, mpi-default-bin, mpi-default-dev, pkg-config, python3, libdune-common-dev (>= 2.6.0), libdune-functions-dev (>= 2.6~), libdune-grid-dev (>= 2.6.0), libdune-istl-dev (>= 2.6.0), libdune-localfunctions-dev (>= 2.6.0), libdune-typetree-dev (>= 2.6~), libeigen3-dev, libalberta-dev (>= 2.0.1-5), libgmp-dev, libsuperlu-dev | libsuperlu3-dev
Build-Depends-Indep: doxygen, ghostscript, graphviz, imagemagick, texlive-latex-recommended, texlive-pictures
Package-List:
 libdune-pdelab-dev deb libdevel optional arch=any
 libdune-pdelab-doc deb doc optional arch=all
Checksums-Sha1:
 45c3c42c1e8ad15aae9c8879e5e58739e8f6c961 528512 dune-pdelab_2.6~20180302.orig.tar.xz
 b40947af3a311542924a64f728b1067a8195f12f 5308 dune-pdelab_2.6~20180302-2.debian.tar.xz
Checksums-Sha256:
 ad98f2ac6d27e6a7baf3d468c747014cd70c4a6d5ca18f79635835bfa093c79c 528512 dune-pdelab_2.6~20180302.orig.tar.xz
 d9844131862c3e696cc17a3be32d4bf4e5e66cf969555f9b0a315e27f3044b07 5308 dune-pdelab_2.6~20180302-2.debian.tar.xz
Files:
 daaeb9092b68ba3c8eadcc79fc6a01e2 528512 dune-pdelab_2.6~20180302.orig.tar.xz
 1ab00eed68107a0101c56eea9b7b843f 5308 dune-pdelab_2.6~20180302-2.debian.tar.xz

-----BEGIN PGP SIGNATURE-----

iQJGBAEBCgAwFiEE6XYjQ9o8g2p4zSVKamMCj1p06JMFAl2wjcASHGFuc2dhckBk
ZWJpYW4ub3JnAAoJEGpjAo9adOiTrtIP/2aFG90R/gLjgYCyMtgabYTbB4eKBp4i
htJt09VDBo/Y+R3zYF2nkY0rpLL2925b8AWulNSMB5AWoux+VkhAzyPoOAJtVIEq
IEZLqERkqx6vJzShTh9Aml2tGe5LZ9jvD2s9RBABjUfySCDGw5QIpC2VAixDo9Wz
3eAy+gA4BSMbPEmksLquadku7ng/xkBhRx/52JMkS+vY7j7kM4qzzXwJZDgVXjXd
zPVzd7jU5G3dfhMHMugO506H0JV/hODxjb40p4fjj4c9oyvkY17AvyxFvP5Ghm7K
l9QAw7HAH4WMA38G3ZWZ0smrb4Xir/Sc7b4HMv5G0tNLzeT1PcMUSBpYg9GCW1Qc
2Q0YHJE4Zd5VKTQMEmwrreEUccY/qOux/gwbpG+9LwMU7/T+KXcTzTPztdOAPrgm
W2abp2tnm6gpAuk6sBFyMLDzFbNqWm6FQXdr495j/QXDcnb9yGe3MduNTJC3f5XV
94853AyeC0mKfnO03iMuIGUFO6xvI6gbhOHLEJUD0EitV5LwkHph7SuuaDYwwXDl
j5+7lGUH2m+M7YdIHnR5DQzk0DHJr5WLxSI1aBKVr9udiVynohPNkr5UMaT426tv
cUgXb2Y3dSfXzjkzFcc6iTfFsJbaShs+sT3AYRBOqvA854bOlm0WqtnBjHp+jLpU
Ee2ZKYgF9aDc
=8KtM
-----END PGP SIGNATURE-----

gpgv: unknown type of key resource 'trustedkeys.kbx'
gpgv: keyblock resource '/sbuild-nonexistent/.gnupg/trustedkeys.kbx': General error
gpgv: Signature made Wed Oct 23 17:28:32 2019 UTC
gpgv:                using RSA key E9762343DA3C836A78CD254A6A63028F5A74E893
gpgv:                issuer "ansgar@debian.org"
gpgv: Can't check signature: No public key
dpkg-source: warning: failed to verify signature on ./dune-pdelab_2.6~20180302-2.dsc
dpkg-source: info: extracting dune-pdelab in /<<PKGBUILDDIR>>
dpkg-source: info: unpacking dune-pdelab_2.6~20180302.orig.tar.xz
dpkg-source: info: unpacking dune-pdelab_2.6~20180302-2.debian.tar.xz
dpkg-source: info: using patch list from debian/patches/series
dpkg-source: info: applying increase-timeout.patch

Check disk space
----------------

Sufficient free space for build

User Environment
----------------

APT_CONFIG=/var/lib/sbuild/apt.conf
HOME=/sbuild-nonexistent
LANG=C.UTF-8
LC_ALL=C.UTF-8
LOGNAME=user42
PATH=/usr/local/sbin:/usr/local/bin:/usr/sbin:/usr/bin:/sbin:/bin:/usr/games
SCHROOT_ALIAS_NAME=unstable
SCHROOT_CHROOT_NAME=sid-amd64-sbuild
SCHROOT_COMMAND=env
SCHROOT_GID=1001
SCHROOT_GROUP=user42
SCHROOT_SESSION_ID=sid-amd64-sbuild-3f4a91e0-d2da-4993-bbf1-b79ac89cd39e
SCHROOT_UID=1001
SCHROOT_USER=user42
SHELL=/bin/sh
USER=user42

dpkg-buildpackage
-----------------

Command: dpkg-buildpackage -us -uc -b -rfakeroot
dpkg-buildpackage: info: source package dune-pdelab
dpkg-buildpackage: info: source version 2.6~20180302-2
dpkg-buildpackage: info: source distribution unstable
dpkg-buildpackage: info: source changed by Ansgar Burchardt <ansgar@debian.org>
 dpkg-source --before-build .
dpkg-buildpackage: info: host architecture amd64
 debian/rules clean
dh clean --parallel --builddirectory=build
   dh_auto_clean -O--parallel -O--builddirectory=build
   dh_clean -O--parallel -O--builddirectory=build
 debian/rules binary
dh binary --parallel --builddirectory=build
   dh_update_autotools_config -O--parallel -O--builddirectory=build
   debian/rules override_dh_auto_configure
make[1]: Entering directory '/<<PKGBUILDDIR>>'
dh_auto_configure -- -DBUILD_SHARED_LIBS=1
	cd build && cmake -DCMAKE_INSTALL_PREFIX=/usr -DCMAKE_BUILD_TYPE=None -DCMAKE_INSTALL_SYSCONFDIR=/etc -DCMAKE_INSTALL_LOCALSTATEDIR=/var -DCMAKE_EXPORT_NO_PACKAGE_REGISTRY=ON -DCMAKE_FIND_PACKAGE_NO_PACKAGE_REGISTRY=ON "-GUnix Makefiles" -DCMAKE_VERBOSE_MAKEFILE=ON -DCMAKE_INSTALL_LIBDIR=lib/x86_64-linux-gnu -DBUILD_SHARED_LIBS=1 ..
-- The C compiler identification is Clang 10.0.0
-- The CXX compiler identification is Clang 10.0.0
-- Check for working C compiler: /usr/bin/cc
-- Check for working C compiler: /usr/bin/cc -- works
-- Detecting C compiler ABI info
-- Detecting C compiler ABI info - done
-- Detecting C compile features
-- Detecting C compile features - done
-- Check for working CXX compiler: /usr/bin/c++
-- Check for working CXX compiler: /usr/bin/c++ -- works
-- Detecting CXX compiler ABI info
-- Detecting CXX compiler ABI info - done
-- Detecting CXX compile features
-- Detecting CXX compile features - done
-- Dependencies for dune-pdelab: dune-grid (>= 2.5);dune-localfunctions (>= 2.5);dune-istl (>= 2.5);dune-typetree (>= 2.5);dune-functions (>= 2.5)
-- Suggestions for dune-pdelab: dune-alugrid
-- Dependencies for dune-grid: dune-geometry (>= 2.6)
-- Suggestions for dune-grid: dune-uggrid (>=2.6)
-- Dependencies for dune-localfunctions: dune-geometry (>= 2.6)
-- Dependencies for dune-istl: dune-common (>= 2.6)
-- Dependencies for dune-typetree: dune-common (>= 2.6)
-- Dependencies for dune-functions: dune-localfunctions (>= 2.5);dune-grid (>= 2.5);dune-typetree
-- Suggestions for dune-functions: dune-istl
-- Could NOT find dune-alugrid (missing: dune-alugrid_DIR)
-- No full CMake package configuration support available. Falling back to pkg-config.
-- Found PkgConfig: /usr/bin/pkg-config (found version "0.29") 
-- Checking for module 'dune-alugrid '
--   No package 'dune-alugrid' found
-- Dependencies for dune-localfunctions: dune-geometry (>= 2.6)
-- Dependencies for dune-grid: dune-geometry (>= 2.6)
-- Suggestions for dune-grid: dune-uggrid (>=2.6)
-- Dependencies for dune-typetree: dune-common (>= 2.6)
-- Dependencies for dune-geometry: dune-common (>= 2.6)
-- Dependencies for dune-istl: dune-common (>= 2.6)
-- Dependencies for dune-uggrid: dune-common
-- Dependencies for dune-geometry: dune-common (>= 2.6)
-- Dependencies for dune-uggrid: dune-common
-- The Fortran compiler identification is GNU 9.2.1
-- Check for working Fortran compiler: /usr/bin/f95
-- Check for working Fortran compiler: /usr/bin/f95  -- works
-- Detecting Fortran compiler ABI info
-- Detecting Fortran compiler ABI info - done
CMake Warning (dev) at /usr/share/cmake-3.16/Modules/CMakeDetermineCompilerABI.cmake:99 (if):
  Policy CMP0054 is not set: Only interpret if() arguments as variables or
  keywords when unquoted.  Run "cmake --help-policy CMP0054" for policy
  details.  Use the cmake_policy command to set the policy and suppress this
  warning.

  Quoted variables like "start" will no longer be dereferenced when the
  policy is set to NEW.  Since the policy is not set the OLD behavior will be
  used.
Call Stack (most recent call first):
  /usr/share/cmake-3.16/Modules/CMakeTestFortranCompiler.cmake:59 (CMAKE_DETERMINE_COMPILER_ABI)
  /usr/share/dune/cmake/modules/DuneMacros.cmake:653 (enable_language)
  CMakeLists.txt:23 (dune_project)
This warning is for project developers.  Use -Wno-dev to suppress it.

-- Checking whether /usr/bin/f95 supports Fortran 90
-- Checking whether /usr/bin/f95 supports Fortran 90 -- yes
-- Performing Test cxx_std_flag_17
-- Performing Test cxx_std_flag_17 - Success
-- Performing Test compiler_supports_cxx17
-- Performing Test compiler_supports_cxx17 - Success
-- Performing Test HAS_ATTRIBUTE_UNUSED
-- Performing Test HAS_ATTRIBUTE_UNUSED - Success
-- Performing Test HAS_ATTRIBUTE_DEPRECATED
-- Performing Test HAS_ATTRIBUTE_DEPRECATED - Success
-- Performing Test HAS_ATTRIBUTE_DEPRECATED_MSG
-- Performing Test HAS_ATTRIBUTE_DEPRECATED_MSG - Success
-- Performing Test HAVE_IS_INDEXABLE_SUPPORT
-- Performing Test HAVE_IS_INDEXABLE_SUPPORT - Success
-- Performing Test DUNE_HAVE_CXX_CLASS_TEMPLATE_ARGUMENT_DEDUCTION
-- Performing Test DUNE_HAVE_CXX_CLASS_TEMPLATE_ARGUMENT_DEDUCTION - Success
-- Performing Test DUNE_HAVE_CXX_OPTIONAL
-- Performing Test DUNE_HAVE_CXX_OPTIONAL - Success
-- Looking for pthread.h
-- Looking for pthread.h - found
-- Performing Test CMAKE_HAVE_LIBC_PTHREAD
-- Performing Test CMAKE_HAVE_LIBC_PTHREAD - Failed
-- Check if compiler accepts -pthread
-- Check if compiler accepts -pthread - yes
-- Found Threads: TRUE  
-- Performing Test STDTHREAD_WORKS
-- Performing Test STDTHREAD_WORKS - Success
-- Performing Test DUNE_SUPPORTS_CXX_THROW_IN_CONSTEXPR
-- Performing Test DUNE_SUPPORTS_CXX_THROW_IN_CONSTEXPR - Success
-- Looking for C++ include experimental/type_traits
-- Looking for C++ include experimental/type_traits - found
-- Looking for std::make_unique<int>
-- Looking for std::make_unique<int> - found
-- Looking for std::move<std::bool_constant<true>>
-- Looking for std::move<std::bool_constant<true>> - found
-- Looking for std::apply<std::negate<int>,std::tuple<int>>
-- Looking for std::apply<std::negate<int>,std::tuple<int>> - found
-- Looking for std::experimental::make_array<int,int>
-- Looking for std::experimental::make_array<int,int> - found
-- Looking for std::move<std::experimental::detected_t<std::decay_t,int>>
-- Looking for std::move<std::experimental::detected_t<std::decay_t,int>> - found
-- Performing Test HAVE_CXA_DEMANGLE
-- Performing Test HAVE_CXA_DEMANGLE - Success
-- Found MPI_C: /usr/lib/x86_64-linux-gnu/openmpi/lib/libmpi.so (found version "3.1") 
-- Found MPI_CXX: /usr/lib/x86_64-linux-gnu/openmpi/lib/libmpi_cxx.so (found version "3.1") 
-- Found MPI_Fortran: /usr/lib/x86_64-linux-gnu/openmpi/lib/libmpi_usempif08.so (found version "3.1") 
-- Found MPI: TRUE (found version "3.1")  
-- Detecting Fortran/C Interface
-- Detecting Fortran/C Interface - Found GLOBAL and MODULE mangling
-- Verifying Fortran/CXX Compiler Compatibility
-- Verifying Fortran/CXX Compiler Compatibility - Success
-- Found LATEX: /usr/bin/latex   
-- Found UnixCommands: /bin/bash  
-- I could not find the htlatex command.
-- I could not find the biber command.
-- I could not find the pdftops command.
-- Could NOT find Sphinx (missing: SPHINX_EXECUTABLE) 
-- Found Doxygen: /usr/bin/doxygen (found version "1.8.16") found components: doxygen dot 
-- Searching for macro file 'DuneCommonMacros' for module 'dune-common'.
-- Performing tests specific to dune-common from file /usr/share/dune/cmake/modules/DuneCommonMacros.cmake.
CMake Warning (dev) at /usr/share/dune/cmake/modules/DuneStreams.cmake:18 (elseif):
  Policy CMP0054 is not set: Only interpret if() arguments as variables or
  keywords when unquoted.  Run "cmake --help-policy CMP0054" for policy
  details.  Use the cmake_policy command to set the policy and suppress this
  warning.

  Quoted variables like "info" will no longer be dereferenced when the policy
  is set to NEW.  Since the policy is not set the OLD behavior will be used.
Call Stack (most recent call first):
  /usr/share/dune/cmake/modules/DuneCommonMacros.cmake:10 (dune_set_minimal_debug_level)
  /usr/share/dune/cmake/modules/DuneMacros.cmake:583 (include)
  /usr/share/dune/cmake/modules/DuneMacros.cmake:735 (dune_process_dependency_macros)
  CMakeLists.txt:23 (dune_project)
This warning is for project developers.  Use -Wno-dev to suppress it.

-- Set Minimal Debug Level to 4
-- Looking for Fortran sgemm
-- Looking for Fortran sgemm - not found
-- Looking for Fortran sgemm
-- Looking for Fortran sgemm - found
-- Found BLAS: /usr/lib/x86_64-linux-gnu/libblas.so  
-- Looking for Fortran cheev
-- Looking for Fortran cheev - not found
-- Looking for Fortran cheev
-- Looking for Fortran cheev - found
-- A library with LAPACK API found.
-- Looking for C++ include gmpxx.h
-- Looking for C++ include gmpxx.h - found
-- Looking for __gmpz_abs in /usr/lib/x86_64-linux-gnu/libgmp.so
-- Looking for __gmpz_abs in /usr/lib/x86_64-linux-gnu/libgmp.so - found
-- Found GMP: /usr/include  
-- Looking for sys/mman.h
-- Looking for sys/mman.h - found
-- Performing Test HAVE_MPROTECT
-- Performing Test HAVE_MPROTECT - Success
-- Library dir: TBB_LIBRARY_DIR-NOTFOUND
-- Performing Test TBB_COMPILE_TEST
-- Performing Test TBB_COMPILE_TEST - Failed
-- Could NOT find TBB (missing: TBB_INCLUDE_DIRS TBB_LIBRARIES TBB_COMPILE_TEST) 
-- Could NOT find Vc (missing: Vc_DIR)
-- Found PythonInterp: /usr/bin/python3.7 (found version "3.7.6") 
-- Could NOT find PythonLibs (missing: PYTHON_LIBRARIES PYTHON_INCLUDE_DIRS) 
-- Failed to find the python package pip with interpreter /usr/bin/python3.7. (missing: DUNE_PYTHON_pip_FOUND) 
-- Setting dune-common_INCLUDE_DIRS=/usr/include
-- Setting dune-common_LIBRARIES=dunecommon
-- Searching for macro file 'DuneUggridMacros' for module 'dune-uggrid'.
-- Performing tests specific to dune-uggrid from file /usr/share/dune/cmake/modules/DuneUggridMacros.cmake.
-- Looking for rpc/rpc.h
-- Looking for rpc/rpc.h - found
-- Setting dune-uggrid_INCLUDE_DIRS=/usr/include
-- Setting dune-uggrid_LIBRARIES=ugL;ugS2;ugS3
-- Searching for macro file 'DuneGeometryMacros' for module 'dune-geometry'.
-- No module specific tests perfomed for module 'dune-geometry' because macro file 'DuneGeometryMacros.cmake' not found in /<<PKGBUILDDIR>>/cmake/modules;/usr/share/dune/cmake/modules;/usr/share/dune/cmake/modules;/usr/share/dune/cmake/modules;/usr/share/dune/cmake/modules;/usr/share/dune/cmake/modules;/usr/share/dune/cmake/modules;/usr/share/dune/cmake/modules;/usr/share/dune/cmake/modules.
-- Setting dune-geometry_INCLUDE_DIRS=/usr/include
-- Setting dune-geometry_LIBRARIES=dunegeometry
-- Searching for macro file 'DuneIstlMacros' for module 'dune-istl'.
-- Performing tests specific to dune-istl from file /usr/share/dune/cmake/modules/DuneIstlMacros.cmake.
-- Looking for metis.h
-- Looking for metis.h - not found
-- Could NOT find METIS (missing: METIS_INCLUDE_DIR METIS_LIBRARY HAVE_METIS_PARTGRAPHKWAY) 
-- Looking for parmetis.h
-- Looking for parmetis.h - not found
CMake Warning at /usr/share/dune/cmake/modules/FindParMETIS.cmake:82 (message):
  metis.h is missing, you have to copy it manually next to parmetis.h
Call Stack (most recent call first):
  /usr/share/dune/cmake/modules/DuneIstlMacros.cmake:7 (find_package)
  /usr/share/dune/cmake/modules/DuneMacros.cmake:583 (include)
  /usr/share/dune/cmake/modules/DuneMacros.cmake:735 (dune_process_dependency_macros)
  CMakeLists.txt:23 (dune_project)


-- Could NOT find ParMETIS (missing: PARMETIS_INCLUDE_DIR PARMETIS_LIBRARY HAVE_PARMETIS) 
-- Performing Test SUPERLU_MIN_VERSION_4
-- Performing Test SUPERLU_MIN_VERSION_4 - Success
-- Performing Test SUPERLU_MIN_VERSION_4_3
-- Performing Test SUPERLU_MIN_VERSION_4_3 - Success
-- Performing Test SUPERLU_MIN_VERSION_5
-- Performing Test SUPERLU_MIN_VERSION_5 - Success
CMake Warning (dev) at /usr/share/cmake-3.16/Modules/CheckIncludeFiles.cmake:120 (message):
  Policy CMP0075 is not set: Include file check macros honor
  CMAKE_REQUIRED_LIBRARIES.  Run "cmake --help-policy CMP0075" for policy
  details.  Use the cmake_policy command to set the policy and suppress this
  warning.

  CMAKE_REQUIRED_LIBRARIES is set to:

    /usr/lib/x86_64-linux-gnu/libsuperlu.so;/usr/lib/x86_64-linux-gnu/libblas.so

  For compatibility with CMake 3.11 and below this check is ignoring it.
Call Stack (most recent call first):
  /usr/share/dune/cmake/modules/FindSuperLU.cmake:131 (check_include_files)
  /usr/share/dune/cmake/modules/DuneIstlMacros.cmake:9 (find_package)
  /usr/share/dune/cmake/modules/DuneMacros.cmake:583 (include)
  /usr/share/dune/cmake/modules/DuneMacros.cmake:735 (dune_process_dependency_macros)
  CMakeLists.txt:23 (dune_project)
This warning is for project developers.  Use -Wno-dev to suppress it.

-- Looking for include file slu_sdefs.h
-- Looking for include file slu_sdefs.h - found
-- Looking for include file slu_cdefs.h
-- Looking for include file slu_cdefs.h - found
-- Looking for include file slu_zdefs.h
-- Looking for include file slu_zdefs.h - found
-- Found SuperLU: TRUE  
CMake Deprecation Warning at /usr/share/cmake-3.16/Modules/FeatureSummary.cmake:669 (message):
  SET_PACKAGE_INFO is deprecated.  Use SET_PACKAGE_PROPERTIES instead.
Call Stack (most recent call first):
  /usr/share/dune/cmake/modules/FindSuperLU.cmake:171 (set_package_info)
  /usr/share/dune/cmake/modules/DuneIstlMacros.cmake:9 (find_package)
  /usr/share/dune/cmake/modules/DuneMacros.cmake:583 (include)
  /usr/share/dune/cmake/modules/DuneMacros.cmake:735 (dune_process_dependency_macros)
  CMakeLists.txt:23 (dune_project)


-- Could NOT find ARPACK (missing: ARPACK_LIBRARY) 
-- Could NOT find ARPACKPP (missing: ARPACK_FOUND ARPACKPP_INCLUDE_DIR) 
-- Performing Test SUITESPARSE_MIN_VERSION_4_3
-- Performing Test SUITESPARSE_MIN_VERSION_4_3 - Success
-- Found SuiteSparse: TRUE  found components: LDL SPQR UMFPACK 
-- Setting dune-istl_INCLUDE_DIRS=/usr/include
-- Searching for macro file 'DuneTypetreeMacros' for module 'dune-typetree'.
-- Performing tests specific to dune-typetree from file /usr/share/dune/cmake/modules/DuneTypetreeMacros.cmake.
-- Setting dune-typetree_INCLUDE_DIRS=/usr/include
-- Searching for macro file 'DuneGridMacros' for module 'dune-grid'.
-- Performing tests specific to dune-grid from file /usr/share/dune/cmake/modules/DuneGridMacros.cmake.
-- Looking for mkstemp
-- Looking for mkstemp - found
-- Could NOT find METIS (missing: METIS_INCLUDE_DIR METIS_LIBRARY HAVE_METIS_PARTGRAPHKWAY) 
CMake Warning at /usr/share/dune/cmake/modules/FindParMETIS.cmake:82 (message):
  metis.h is missing, you have to copy it manually next to parmetis.h
Call Stack (most recent call first):
  /usr/share/dune/cmake/modules/DuneGridMacros.cmake:15 (find_package)
  /usr/share/dune/cmake/modules/DuneMacros.cmake:583 (include)
  /usr/share/dune/cmake/modules/DuneMacros.cmake:735 (dune_process_dependency_macros)
  CMakeLists.txt:23 (dune_project)


-- Could NOT find ParMETIS (missing: PARMETIS_INCLUDE_DIR PARMETIS_LIBRARY HAVE_PARMETIS) 
-- Looking for include file alberta/alberta.h
-- Looking for include file alberta/alberta.h - found
-- Performing Test ALBERTA_IS_VERSION_3
-- Performing Test ALBERTA_IS_VERSION_3 - Success
-- Looking for alberta_calloc in /usr/lib/x86_64-linux-gnu/libalberta_utilities.so
-- Looking for alberta_calloc in /usr/lib/x86_64-linux-gnu/libalberta_utilities.so - found
-- Looking for mesh_traverse in /usr/lib/x86_64-linux-gnu/libalberta_1d.so
-- Looking for mesh_traverse in /usr/lib/x86_64-linux-gnu/libalberta_1d.so - found
-- Looking for mesh_traverse in /usr/lib/x86_64-linux-gnu/libalberta_2d.so
-- Looking for mesh_traverse in /usr/lib/x86_64-linux-gnu/libalberta_2d.so - found
-- Looking for mesh_traverse in /usr/lib/x86_64-linux-gnu/libalberta_3d.so
-- Looking for mesh_traverse in /usr/lib/x86_64-linux-gnu/libalberta_3d.so - found
-- Found alberta libraries for dimensions 1;2;3
-- Checking for one of the modules 'psurface'
-- Checking for module 'psurface'
--   No package 'psurface' found
-- Could NOT find psurface (missing: PSURFACE_INCLUDE_DIR PSURFACE_LIBRARY) 
-- Could NOT find AmiraMesh (missing: AMIRAMESH_INCLUDE_DIR AMIRAMESH_LIBRARY) 
-- Setting dune-grid_INCLUDE_DIRS=/usr/include
-- Setting dune-grid_LIBRARIES=dunegrid;dunealbertagrid_1d;dunealbertagrid_2d;dunealbertagrid_3d
-- Searching for macro file 'DuneLocalfunctionsMacros' for module 'dune-localfunctions'.
-- No module specific tests perfomed for module 'dune-localfunctions' because macro file 'DuneLocalfunctionsMacros.cmake' not found in /<<PKGBUILDDIR>>/cmake/modules;/usr/share/dune/cmake/modules;/usr/share/dune/cmake/modules;/usr/share/dune/cmake/modules;/usr/share/dune/cmake/modules;/usr/share/dune/cmake/modules;/usr/share/dune/cmake/modules;/usr/share/dune/cmake/modules;/usr/share/dune/cmake/modules.
-- Setting dune-localfunctions_INCLUDE_DIRS=/usr/include
-- Searching for macro file 'DuneAlugridMacros' for module 'dune-alugrid'.
-- No module specific tests perfomed for module 'dune-alugrid' because macro file 'DuneAlugridMacros.cmake' not found in /<<PKGBUILDDIR>>/cmake/modules;/usr/share/dune/cmake/modules;/usr/share/dune/cmake/modules;/usr/share/dune/cmake/modules;/usr/share/dune/cmake/modules;/usr/share/dune/cmake/modules;/usr/share/dune/cmake/modules;/usr/share/dune/cmake/modules;/usr/share/dune/cmake/modules.
-- Searching for macro file 'DuneFunctionsMacros' for module 'dune-functions'.
-- Performing tests specific to dune-functions from file /usr/share/dune/cmake/modules/DuneFunctionsMacros.cmake.
-- Setting dune-functions_INCLUDE_DIRS=/usr/include
-- Searching for macro file 'DunePdelabMacros' for module 'dune-pdelab'.
-- Performing tests specific to dune-pdelab from file /<<PKGBUILDDIR>>/cmake/modules/DunePdelabMacros.cmake.
-- PETSc could not be found.  Be sure to set PETSC_DIR and PETSC_ARCH. (missing: PETSC_INCLUDES PETSC_LIBRARIES PETSC_EXECUTABLE_RUNS) 
-- Using scripts from /usr/share/dune/cmake/scripts for creating doxygen stuff.
-- using /usr/share/dune-common/doc/doxygen//Doxystyle to create doxystyle file
-- using C macro definitions from /usr/share/dune-common/doc/doxygen//doxygen-macros for Doxygen
CMake Warning at /usr/share/dune/cmake/modules/AddAlbertaFlags.cmake:48 (message):
  Alberta dimension not set.  Please set it, e.g.  use
  add_dune_alberta_flags(GRIDDIM 2 <target>).  Falling back to dimension 2.
Call Stack (most recent call first):
  dune/pdelab/test/CMakeLists.txt:56 (add_dune_alberta_flags)


CMake Warning at /usr/share/dune/cmake/modules/AddAlbertaFlags.cmake:48 (message):
  Alberta dimension not set.  Please set it, e.g.  use
  add_dune_alberta_flags(GRIDDIM 2 <target>).  Falling back to dimension 2.
Call Stack (most recent call first):
  dune/pdelab/test/CMakeLists.txt:60 (add_dune_alberta_flags)


CMake Warning at /usr/share/dune/cmake/modules/AddAlbertaFlags.cmake:48 (message):
  Alberta dimension not set.  Please set it, e.g.  use
  add_dune_alberta_flags(GRIDDIM 2 <target>).  Falling back to dimension 2.
Call Stack (most recent call first):
  dune/pdelab/test/CMakeLists.txt:65 (add_dune_alberta_flags)


CMake Warning at /usr/share/dune/cmake/modules/AddAlbertaFlags.cmake:48 (message):
  Alberta dimension not set.  Please set it, e.g.  use
  add_dune_alberta_flags(GRIDDIM 2 <target>).  Falling back to dimension 2.
Call Stack (most recent call first):
  dune/pdelab/test/CMakeLists.txt:71 (add_dune_alberta_flags)


CMake Warning at /usr/share/dune/cmake/modules/AddAlbertaFlags.cmake:48 (message):
  Alberta dimension not set.  Please set it, e.g.  use
  add_dune_alberta_flags(GRIDDIM 2 <target>).  Falling back to dimension 2.
Call Stack (most recent call first):
  dune/pdelab/test/CMakeLists.txt:75 (add_dune_alberta_flags)


-- Adding custom target for config.h generation
-- The following OPTIONAL packages have been found:

 * dune-uggrid
 * MPI, Message Passing Interface library
   Parallel programming on multiple processors
 * LATEX, Type setting system
   To generate the documentation
 * UnixCommands, Some common Unix commands
   To generate the documentation with LaTeX
 * Doxygen, Class documentation generator, <www.doxygen.org>
   To generate the class documentation from C++ sources
 * PkgConfig, Unified interface for querying installed libraries
   To find Dune module dependencies
 * LAPACK, fast linear algebra routines
 * GMP, GNU multi-precision library including the C++ bindings GMPxx
   Mulity-precision quadrature rules, basis function evaluation etc.
 * PythonInterp
 * SuperLU, Direct linear solver library
 * Threads, Multi-threading library
 * SuiteSparse
 * Alberta
 * Eigen3

-- The following REQUIRED packages have been found:

 * dune-common
 * dune-grid
 * dune-localfunctions
 * dune-istl
 * dune-typetree
 * dune-functions
 * dune-geometry

-- The following OPTIONAL packages have not been found:

 * dune-alugrid
 * Sphinx, Documentation generator, <www.sphinx-doc.org>
   To generate the documentation from CMake and Python sources
 * Inkscape, converts SVG images, <www.inkscape.org>
   To generate the documentation with LaTeX
 * TBB, Threading Building Blocks library
   Parallel programming on multi-core processors
 * Vc, C++ Vectorization library, <https://github.com/VcDevel/Vc>
   For use of SIMD instructions
 * PythonLibs
 * ARPACK
 * ARPACKPP
 * METIS
 * ParMETIS
 * Psurface
 * AmiraMesh
 * PETSc

-- Configuring done
CMake Warning (dev) in CMakeLists.txt:
  Policy CMP0087 is not set: Install CODE|SCRIPT allow the use of generator
  expressions.  Run "cmake --help-policy CMP0087" for policy details.  Use
  the cmake_policy command to set the policy and suppress this warning.
This warning is for project developers.  Use -Wno-dev to suppress it.

-- Generating done
CMake Warning:
  Manually-specified variables were not used by the project:

    CMAKE_EXPORT_NO_PACKAGE_REGISTRY


-- Build files have been written to: /<<PKGBUILDDIR>>/build
make[1]: Leaving directory '/<<PKGBUILDDIR>>'
   dh_auto_build -O--parallel -O--builddirectory=build
	cd build && make -j4
make[1]: Entering directory '/<<PKGBUILDDIR>>/build'
/usr/bin/cmake -S"/<<PKGBUILDDIR>>" -B"/<<PKGBUILDDIR>>/build" --check-build-system CMakeFiles/Makefile.cmake 0
/usr/bin/cmake -E cmake_progress_start "/<<PKGBUILDDIR>>/build/CMakeFiles" "/<<PKGBUILDDIR>>/build/CMakeFiles/progress.marks"
make -f CMakeFiles/Makefile2 all
make[2]: Entering directory '/<<PKGBUILDDIR>>/build'
make -f CMakeFiles/dunepdelab.dir/build.make CMakeFiles/dunepdelab.dir/depend
make[3]: Entering directory '/<<PKGBUILDDIR>>/build'
cd "/<<PKGBUILDDIR>>/build" && /usr/bin/cmake -E cmake_depends "Unix Makefiles" "/<<PKGBUILDDIR>>" "/<<PKGBUILDDIR>>" "/<<PKGBUILDDIR>>/build" "/<<PKGBUILDDIR>>/build" "/<<PKGBUILDDIR>>/build/CMakeFiles/dunepdelab.dir/DependInfo.cmake" --color=
Scanning dependencies of target dunepdelab
make[3]: Leaving directory '/<<PKGBUILDDIR>>/build'
make -f CMakeFiles/dunepdelab.dir/build.make CMakeFiles/dunepdelab.dir/build
make[3]: Entering directory '/<<PKGBUILDDIR>>/build'
[ 50%] Building CXX object CMakeFiles/dunepdelab.dir/dune/pdelab/common/logtag.cc.o
/usr/bin/c++  -DENABLE_EIGEN=1 -DENABLE_GMP=1 -DENABLE_MPI=1 -DENABLE_SUITESPARSE=1 -DENABLE_SUPERLU=1 -DENABLE_TBB=1 -DENABLE_UG=1 -DHAVE_CONFIG_H -DMPICH_SKIP_MPICXX -DMPIPP_H -DMPI_NO_CPPBIND -DModelP -DUG_USE_NEW_DIMENSION_DEFINES -D_TBB_CPP0X -Ddunepdelab_EXPORTS -I"/<<PKGBUILDDIR>>/build" -I"/<<PKGBUILDDIR>>" -I/usr/lib/x86_64-linux-gnu/openmpi/include/openmpi -I/usr/lib/x86_64-linux-gnu/openmpi/include -I/usr/include/eigen3 -I/usr/include/suitesparse -I/usr/include/superlu  -std=c++17 -g -O2 -fdebug-prefix-map=/<<PKGBUILDDIR>>=. -fstack-protector-strong -Wformat -Werror=format-security -Wdate-time -D_FORTIFY_SOURCE=2 -fPIC   -o CMakeFiles/dunepdelab.dir/dune/pdelab/common/logtag.cc.o -c "/<<PKGBUILDDIR>>/dune/pdelab/common/logtag.cc"
[100%] Building CXX object CMakeFiles/dunepdelab.dir/dune/pdelab/common/hostname.cc.o
[100%] Building CXX object CMakeFiles/dunepdelab.dir/dune/pdelab/common/clock.cc.o
/usr/bin/c++  -DENABLE_EIGEN=1 -DENABLE_GMP=1 -DENABLE_MPI=1 -DENABLE_SUITESPARSE=1 -DENABLE_SUPERLU=1 -DENABLE_TBB=1 -DENABLE_UG=1 -DHAVE_CONFIG_H -DMPICH_SKIP_MPICXX -DMPIPP_H -DMPI_NO_CPPBIND -DModelP -DUG_USE_NEW_DIMENSION_DEFINES -D_TBB_CPP0X -Ddunepdelab_EXPORTS -I"/<<PKGBUILDDIR>>/build" -I"/<<PKGBUILDDIR>>" -I/usr/lib/x86_64-linux-gnu/openmpi/include/openmpi -I/usr/lib/x86_64-linux-gnu/openmpi/include -I/usr/include/eigen3 -I/usr/include/suitesparse -I/usr/include/superlu  -std=c++17 -g -O2 -fdebug-prefix-map=/<<PKGBUILDDIR>>=. -fstack-protector-strong -Wformat -Werror=format-security -Wdate-time -D_FORTIFY_SOURCE=2 -fPIC   -o CMakeFiles/dunepdelab.dir/dune/pdelab/common/hostname.cc.o -c "/<<PKGBUILDDIR>>/dune/pdelab/common/hostname.cc"
/usr/bin/c++  -DENABLE_EIGEN=1 -DENABLE_GMP=1 -DENABLE_MPI=1 -DENABLE_SUITESPARSE=1 -DENABLE_SUPERLU=1 -DENABLE_TBB=1 -DENABLE_UG=1 -DHAVE_CONFIG_H -DMPICH_SKIP_MPICXX -DMPIPP_H -DMPI_NO_CPPBIND -DModelP -DUG_USE_NEW_DIMENSION_DEFINES -D_TBB_CPP0X -Ddunepdelab_EXPORTS -I"/<<PKGBUILDDIR>>/build" -I"/<<PKGBUILDDIR>>" -I/usr/lib/x86_64-linux-gnu/openmpi/include/openmpi -I/usr/lib/x86_64-linux-gnu/openmpi/include -I/usr/include/eigen3 -I/usr/include/suitesparse -I/usr/include/superlu  -std=c++17 -g -O2 -fdebug-prefix-map=/<<PKGBUILDDIR>>=. -fstack-protector-strong -Wformat -Werror=format-security -Wdate-time -D_FORTIFY_SOURCE=2 -fPIC   -o CMakeFiles/dunepdelab.dir/dune/pdelab/common/clock.cc.o -c "/<<PKGBUILDDIR>>/dune/pdelab/common/clock.cc"
[100%] Linking CXX shared library lib/libdunepdelab.so
/usr/bin/cmake -E cmake_link_script CMakeFiles/dunepdelab.dir/link.txt --verbose=1
/usr/bin/c++ -fPIC -std=c++17 -g -O2 -fdebug-prefix-map=/<<PKGBUILDDIR>>=. -fstack-protector-strong -Wformat -Werror=format-security -Wdate-time -D_FORTIFY_SOURCE=2 -Wl,-z,relro -shared -Wl,-soname,libdunepdelab.so.2.5-dev -o lib/libdunepdelab.so.2.5-dev CMakeFiles/dunepdelab.dir/dune/pdelab/common/clock.cc.o CMakeFiles/dunepdelab.dir/dune/pdelab/common/hostname.cc.o CMakeFiles/dunepdelab.dir/dune/pdelab/common/logtag.cc.o  -Wl,-rpath,/usr/lib/x86_64-linux-gnu/openmpi/lib: /usr/lib/x86_64-linux-gnu/libdunealbertagrid_3d.so.2.6-git /usr/lib/x86_64-linux-gnu/libdunealbertagrid_2d.so.2.6-git /usr/lib/x86_64-linux-gnu/libdunealbertagrid_1d.so.2.6-git /usr/lib/x86_64-linux-gnu/libdunegrid.so.2.6-git /usr/lib/x86_64-linux-gnu/libdunegeometry.so.2.6-git /usr/lib/x86_64-linux-gnu/libugS3.so.2.6.0 /usr/lib/x86_64-linux-gnu/libugS2.so.2.6.0 /usr/lib/x86_64-linux-gnu/libugL.so.2.6.0 /usr/lib/x86_64-linux-gnu/libdunecommon.so.2.6-git -lldl -lspqr -lumfpack -lcholmod -lamd -lcamd -lcolamd -lccolamd -lsuitesparseconfig -lsuperlu -lblas -lgmp -lgmpxx -llapack -lblas -pthread /usr/lib/x86_64-linux-gnu/openmpi/lib/libmpi.so -lalberta_3d -lalberta_2d -lalberta_1d -lalberta_utilities -lm -lltdl -lgmp -lgmpxx -llapack /usr/lib/x86_64-linux-gnu/openmpi/lib/libmpi.so 
/usr/bin/cmake -E cmake_symlink_library lib/libdunepdelab.so.2.5-dev lib/libdunepdelab.so.2.5-dev lib/libdunepdelab.so
make[3]: Leaving directory '/<<PKGBUILDDIR>>/build'
[100%] Built target dunepdelab
make[2]: Leaving directory '/<<PKGBUILDDIR>>/build'
/usr/bin/cmake -E cmake_progress_start "/<<PKGBUILDDIR>>/build/CMakeFiles" 0
make[1]: Leaving directory '/<<PKGBUILDDIR>>/build'
   debian/rules override_dh_auto_test
make[1]: Entering directory '/<<PKGBUILDDIR>>'
dh_auto_build -- build_tests
	cd build && make -j4 build_tests
make[2]: Entering directory '/<<PKGBUILDDIR>>/build'
/usr/bin/cmake -S"/<<PKGBUILDDIR>>" -B"/<<PKGBUILDDIR>>/build" --check-build-system CMakeFiles/Makefile.cmake 0
make -f CMakeFiles/Makefile2 build_tests
make[3]: Entering directory '/<<PKGBUILDDIR>>/build'
/usr/bin/cmake -S"/<<PKGBUILDDIR>>" -B"/<<PKGBUILDDIR>>/build" --check-build-system CMakeFiles/Makefile.cmake 0
/usr/bin/cmake -E cmake_progress_start "/<<PKGBUILDDIR>>/build/CMakeFiles" 99
make -f CMakeFiles/Makefile2 CMakeFiles/build_tests.dir/all
make[4]: Entering directory '/<<PKGBUILDDIR>>/build'
make -f CMakeFiles/dunepdelab.dir/build.make CMakeFiles/dunepdelab.dir/depend
make[5]: Entering directory '/<<PKGBUILDDIR>>/build'
cd "/<<PKGBUILDDIR>>/build" && /usr/bin/cmake -E cmake_depends "Unix Makefiles" "/<<PKGBUILDDIR>>" "/<<PKGBUILDDIR>>" "/<<PKGBUILDDIR>>/build" "/<<PKGBUILDDIR>>/build" "/<<PKGBUILDDIR>>/build/CMakeFiles/dunepdelab.dir/DependInfo.cmake" --color=
make[5]: Leaving directory '/<<PKGBUILDDIR>>/build'
make -f CMakeFiles/dunepdelab.dir/build.make CMakeFiles/dunepdelab.dir/build
make[5]: Entering directory '/<<PKGBUILDDIR>>/build'
make[5]: Nothing to be done for 'CMakeFiles/dunepdelab.dir/build'.
make[5]: Leaving directory '/<<PKGBUILDDIR>>/build'
[  2%] Built target dunepdelab
make -f dune/pdelab/test/fem/CMakeFiles/testp32dfem.dir/build.make dune/pdelab/test/fem/CMakeFiles/testp32dfem.dir/depend
make -f dune/pdelab/test/CMakeFiles/testpoisson-periodic-2d-deg1-dg1-parallel.dir/build.make dune/pdelab/test/CMakeFiles/testpoisson-periodic-2d-deg1-dg1-parallel.dir/depend
make -f dune/pdelab/test/CMakeFiles/testchunkedblockordering.dir/build.make dune/pdelab/test/CMakeFiles/testchunkedblockordering.dir/depend
make -f dune/pdelab/test/CMakeFiles/testrt02dgridfunctionspace.dir/build.make dune/pdelab/test/CMakeFiles/testrt02dgridfunctionspace.dir/depend
make[5]: Entering directory '/<<PKGBUILDDIR>>/build'
cd "/<<PKGBUILDDIR>>/build" && /usr/bin/cmake -E cmake_depends "Unix Makefiles" "/<<PKGBUILDDIR>>" "/<<PKGBUILDDIR>>/dune/pdelab/test/fem" "/<<PKGBUILDDIR>>/build" "/<<PKGBUILDDIR>>/build/dune/pdelab/test/fem" "/<<PKGBUILDDIR>>/build/dune/pdelab/test/fem/CMakeFiles/testp32dfem.dir/DependInfo.cmake" --color=
make[5]: Entering directory '/<<PKGBUILDDIR>>/build'
make[5]: Entering directory '/<<PKGBUILDDIR>>/build'
cd "/<<PKGBUILDDIR>>/build" && /usr/bin/cmake -E cmake_depends "Unix Makefiles" "/<<PKGBUILDDIR>>" "/<<PKGBUILDDIR>>/dune/pdelab/test" "/<<PKGBUILDDIR>>/build" "/<<PKGBUILDDIR>>/build/dune/pdelab/test" "/<<PKGBUILDDIR>>/build/dune/pdelab/test/CMakeFiles/testchunkedblockordering.dir/DependInfo.cmake" --color=
cd "/<<PKGBUILDDIR>>/build" && /usr/bin/cmake -E cmake_depends "Unix Makefiles" "/<<PKGBUILDDIR>>" "/<<PKGBUILDDIR>>/dune/pdelab/test" "/<<PKGBUILDDIR>>/build" "/<<PKGBUILDDIR>>/build/dune/pdelab/test" "/<<PKGBUILDDIR>>/build/dune/pdelab/test/CMakeFiles/testpoisson-periodic-2d-deg1-dg1-parallel.dir/DependInfo.cmake" --color=
make[5]: Entering directory '/<<PKGBUILDDIR>>/build'
cd "/<<PKGBUILDDIR>>/build" && /usr/bin/cmake -E cmake_depends "Unix Makefiles" "/<<PKGBUILDDIR>>" "/<<PKGBUILDDIR>>/dune/pdelab/test" "/<<PKGBUILDDIR>>/build" "/<<PKGBUILDDIR>>/build/dune/pdelab/test" "/<<PKGBUILDDIR>>/build/dune/pdelab/test/CMakeFiles/testrt02dgridfunctionspace.dir/DependInfo.cmake" --color=
Scanning dependencies of target testchunkedblockordering
make[5]: Leaving directory '/<<PKGBUILDDIR>>/build'
make -f dune/pdelab/test/CMakeFiles/testchunkedblockordering.dir/build.make dune/pdelab/test/CMakeFiles/testchunkedblockordering.dir/build
Scanning dependencies of target testp32dfem
make[5]: Leaving directory '/<<PKGBUILDDIR>>/build'
make -f dune/pdelab/test/fem/CMakeFiles/testp32dfem.dir/build.make dune/pdelab/test/fem/CMakeFiles/testp32dfem.dir/build
make[5]: Entering directory '/<<PKGBUILDDIR>>/build'
make[5]: Entering directory '/<<PKGBUILDDIR>>/build'
Scanning dependencies of target testrt02dgridfunctionspace
make[5]: Leaving directory '/<<PKGBUILDDIR>>/build'
make -f dune/pdelab/test/CMakeFiles/testrt02dgridfunctionspace.dir/build.make dune/pdelab/test/CMakeFiles/testrt02dgridfunctionspace.dir/build
Scanning dependencies of target testpoisson-periodic-2d-deg1-dg1-parallel
make[5]: Entering directory '/<<PKGBUILDDIR>>/build'
make[5]: Leaving directory '/<<PKGBUILDDIR>>/build'
make -f dune/pdelab/test/CMakeFiles/testpoisson-periodic-2d-deg1-dg1-parallel.dir/build.make dune/pdelab/test/CMakeFiles/testpoisson-periodic-2d-deg1-dg1-parallel.dir/build
[  3%] Building CXX object dune/pdelab/test/CMakeFiles/testchunkedblockordering.dir/testchunkedblockordering.cc.o
cd "/<<PKGBUILDDIR>>/build/dune/pdelab/test" && /usr/bin/c++  -DENABLE_EIGEN=1 -DENABLE_GMP=1 -DENABLE_MPI=1 -DENABLE_SUITESPARSE=1 -DENABLE_SUPERLU=1 -DENABLE_TBB=1 -DENABLE_UG=1 -DHAVE_CONFIG_H -DMPICH_SKIP_MPICXX -DMPIPP_H -DMPI_NO_CPPBIND -DModelP -DUG_USE_NEW_DIMENSION_DEFINES -D_TBB_CPP0X -I"/<<PKGBUILDDIR>>/build" -I"/<<PKGBUILDDIR>>" -I/usr/lib/x86_64-linux-gnu/openmpi/include/openmpi -I/usr/lib/x86_64-linux-gnu/openmpi/include -I/usr/include/eigen3 -I/usr/include/suitesparse -I/usr/include/superlu -I/usr/include/alberta  -std=c++17 -g -O2 -fdebug-prefix-map=/<<PKGBUILDDIR>>=. -fstack-protector-strong -Wformat -Werror=format-security -Wdate-time -D_FORTIFY_SOURCE=2 -fPIE   -o CMakeFiles/testchunkedblockordering.dir/testchunkedblockordering.cc.o -c "/<<PKGBUILDDIR>>/dune/pdelab/test/testchunkedblockordering.cc"
make[5]: Entering directory '/<<PKGBUILDDIR>>/build'
[  3%] Building CXX object dune/pdelab/test/fem/CMakeFiles/testp32dfem.dir/testfemwithgfs.cc.o
cd "/<<PKGBUILDDIR>>/build/dune/pdelab/test/fem" && /usr/bin/c++  -DENABLE_EIGEN=1 -DENABLE_GMP=1 -DENABLE_MPI=1 -DENABLE_SUITESPARSE=1 -DENABLE_SUPERLU=1 -DENABLE_TBB=1 -DENABLE_UG=1 -DFEM_ -DFEM_DIM=2 -DFEM_FACTORY=PKFEMFactory -DFEM_FACTORY_ORDER=3 -DGRIDSDIR="\"/<<PKGBUILDDIR>>/dune/pdelab/test/fem/grids\"" -DHAVE_CONFIG_H -DMPICH_SKIP_MPICXX -DMPIPP_H -DMPI_NO_CPPBIND -DModelP -DUG_USE_NEW_DIMENSION_DEFINES -DUSE_PK_FEM_FACTORY -D_TBB_CPP0X -I"/<<PKGBUILDDIR>>/build" -I"/<<PKGBUILDDIR>>" -I/usr/lib/x86_64-linux-gnu/openmpi/include/openmpi -I/usr/lib/x86_64-linux-gnu/openmpi/include -I/usr/include/eigen3 -I/usr/include/suitesparse -I/usr/include/superlu  -std=c++17 -g -O2 -fdebug-prefix-map=/<<PKGBUILDDIR>>=. -fstack-protector-strong -Wformat -Werror=format-security -Wdate-time -D_FORTIFY_SOURCE=2 -fPIE   -o CMakeFiles/testp32dfem.dir/testfemwithgfs.cc.o -c "/<<PKGBUILDDIR>>/dune/pdelab/test/fem/testfemwithgfs.cc"
[  3%] Building CXX object dune/pdelab/test/CMakeFiles/testrt02dgridfunctionspace.dir/testrt02dgridfunctionspace.cc.o
[  3%] Building CXX object dune/pdelab/test/CMakeFiles/testpoisson-periodic-2d-deg1-dg1-parallel.dir/testpoisson-periodic-2d.cc.o
cd "/<<PKGBUILDDIR>>/build/dune/pdelab/test" && /usr/bin/c++  -DALBERTA_DIM=2 -DENABLE_ALBERTA -DENABLE_EIGEN=1 -DENABLE_GMP=1 -DENABLE_MPI=1 -DENABLE_SUITESPARSE=1 -DENABLE_SUPERLU=1 -DENABLE_TBB=1 -DENABLE_UG=1 -DGRIDSDIR="\"/<<PKGBUILDDIR>>/dune/pdelab/test/grids\"" -DHAVE_CONFIG_H -DMPICH_SKIP_MPICXX -DMPIPP_H -DMPI_NO_CPPBIND -DModelP -DUG_USE_NEW_DIMENSION_DEFINES -D_TBB_CPP0X -I"/<<PKGBUILDDIR>>/build" -I"/<<PKGBUILDDIR>>" -I/usr/lib/x86_64-linux-gnu/openmpi/include/openmpi -I/usr/lib/x86_64-linux-gnu/openmpi/include -I/usr/include/eigen3 -I/usr/include/suitesparse -I/usr/include/superlu -I/usr/include/alberta  -std=c++17 -g -O2 -fdebug-prefix-map=/<<PKGBUILDDIR>>=. -fstack-protector-strong -Wformat -Werror=format-security -Wdate-time -D_FORTIFY_SOURCE=2 -fPIE   -o CMakeFiles/testrt02dgridfunctionspace.dir/testrt02dgridfunctionspace.cc.o -c "/<<PKGBUILDDIR>>/dune/pdelab/test/testrt02dgridfunctionspace.cc"
cd "/<<PKGBUILDDIR>>/build/dune/pdelab/test" && /usr/bin/c++  -DDEGREE=1 -DDG=1 -DENABLE_EIGEN=1 -DENABLE_GMP=1 -DENABLE_MPI=1 -DENABLE_SUITESPARSE=1 -DENABLE_SUPERLU=1 -DENABLE_TBB=1 -DENABLE_UG=1 -DHAVE_CONFIG_H -DMPICH_SKIP_MPICXX -DMPIPP_H -DMPI_NO_CPPBIND -DModelP -DUG_USE_NEW_DIMENSION_DEFINES -D_TBB_CPP0X -I"/<<PKGBUILDDIR>>/build" -I"/<<PKGBUILDDIR>>" -I/usr/lib/x86_64-linux-gnu/openmpi/include/openmpi -I/usr/lib/x86_64-linux-gnu/openmpi/include -I/usr/include/eigen3 -I/usr/include/suitesparse -I/usr/include/superlu -I/usr/include/alberta  -std=c++17 -g -O2 -fdebug-prefix-map=/<<PKGBUILDDIR>>=. -fstack-protector-strong -Wformat -Werror=format-security -Wdate-time -D_FORTIFY_SOURCE=2 -fPIE   -o CMakeFiles/testpoisson-periodic-2d-deg1-dg1-parallel.dir/testpoisson-periodic-2d.cc.o -c "/<<PKGBUILDDIR>>/dune/pdelab/test/testpoisson-periodic-2d.cc"
In file included from /<<PKGBUILDDIR>>/dune/pdelab/test/testpoisson-periodic-2d.cc:7:
In file included from /<<PKGBUILDDIR>>/dune/pdelab/test/testpoisson-periodic.hh:10:
In file included from /<<PKGBUILDDIR>>/dune/pdelab/boilerplate/pdelab.hh:58:
In file included from /usr/include/dune/istl/paamg/amg.hh:8:
In file included from /usr/include/dune/istl/paamg/smoother.hh:6:
In file included from /usr/include/dune/istl/paamg/construction.hh:9:
/usr/include/dune/istl/owneroverlapcopy.hh:292:18: error: assigning to 'SolverCategory::Category' from incompatible type 'Dune::SolverCategory'
      category = set;
                 ^~~
In file included from /<<PKGBUILDDIR>>/dune/pdelab/test/testrt02dgridfunctionspace.cc:26:
In file included from /<<PKGBUILDDIR>>/dune/pdelab/backend/istl.hh:7:
In file included from /<<PKGBUILDDIR>>/dune/pdelab/backend/istl/istlsolverbackend.hh:6:
In file included from /<<PKGBUILDDIR>>/dune/pdelab/backend/istl/seqistlsolverbackend.hh:9:
/usr/include/dune/istl/owneroverlapcopy.hh:292:18: error: assigning to 'SolverCategory::Category' from incompatible type 'Dune::SolverCategory'
      category = set;
                 ^~~
[  4%] Linking CXX executable testp32dfem
cd "/<<PKGBUILDDIR>>/build/dune/pdelab/test/fem" && /usr/bin/cmake -E cmake_link_script CMakeFiles/testp32dfem.dir/link.txt --verbose=1
/usr/bin/c++  -std=c++17 -g -O2 -fdebug-prefix-map=/<<PKGBUILDDIR>>=. -fstack-protector-strong -Wformat -Werror=format-security -Wdate-time -D_FORTIFY_SOURCE=2  -Wl,-z,relro -pthread -rdynamic CMakeFiles/testp32dfem.dir/testfemwithgfs.cc.o  -o testp32dfem  -Wl,-rpath,"/usr/lib/x86_64-linux-gnu/openmpi/lib:/<<PKGBUILDDIR>>/build/lib" -lldl -lspqr -lumfpack -lcholmod -lamd -lcamd -lcolamd -lccolamd -lsuitesparseconfig -lsuperlu -lblas -lgmp -lgmpxx -llapack -lblas -pthread /usr/lib/x86_64-linux-gnu/openmpi/lib/libmpi.so ../../../../lib/libdunepdelab.so.2.5-dev -lldl -lspqr -lumfpack -lcholmod -lamd -lcamd -lcolamd -lccolamd -lsuitesparseconfig -lsuperlu -lblas -lgmp -lgmpxx -llapack -lblas -pthread /usr/lib/x86_64-linux-gnu/openmpi/lib/libmpi.so /usr/lib/x86_64-linux-gnu/libdunealbertagrid_3d.so.2.6-git -lalberta_3d /usr/lib/x86_64-linux-gnu/libdunealbertagrid_2d.so.2.6-git -lalberta_2d /usr/lib/x86_64-linux-gnu/libdunealbertagrid_1d.so.2.6-git -lalberta_1d -lalberta_utilities -lm -lltdl /usr/lib/x86_64-linux-gnu/libdunegrid.so.2.6-git /usr/lib/x86_64-linux-gnu/libdunegeometry.so.2.6-git /usr/lib/x86_64-linux-gnu/libugS3.so.2.6.0 /usr/lib/x86_64-linux-gnu/libugS2.so.2.6.0 /usr/lib/x86_64-linux-gnu/libugL.so.2.6.0 /usr/lib/x86_64-linux-gnu/libdunecommon.so.2.6-git -lgmp -lgmpxx -llapack -pthread /usr/lib/x86_64-linux-gnu/openmpi/lib/libmpi.so 
make[5]: Leaving directory '/<<PKGBUILDDIR>>/build'
[  4%] Built target testp32dfem
make -f dune/pdelab/test/CMakeFiles/testpoisson-periodic-3d-deg1-dg1-parallel.dir/build.make dune/pdelab/test/CMakeFiles/testpoisson-periodic-3d-deg1-dg1-parallel.dir/depend
make[5]: Entering directory '/<<PKGBUILDDIR>>/build'
cd "/<<PKGBUILDDIR>>/build" && /usr/bin/cmake -E cmake_depends "Unix Makefiles" "/<<PKGBUILDDIR>>" "/<<PKGBUILDDIR>>/dune/pdelab/test" "/<<PKGBUILDDIR>>/build" "/<<PKGBUILDDIR>>/build/dune/pdelab/test" "/<<PKGBUILDDIR>>/build/dune/pdelab/test/CMakeFiles/testpoisson-periodic-3d-deg1-dg1-parallel.dir/DependInfo.cmake" --color=
Scanning dependencies of target testpoisson-periodic-3d-deg1-dg1-parallel
make[5]: Leaving directory '/<<PKGBUILDDIR>>/build'
make -f dune/pdelab/test/CMakeFiles/testpoisson-periodic-3d-deg1-dg1-parallel.dir/build.make dune/pdelab/test/CMakeFiles/testpoisson-periodic-3d-deg1-dg1-parallel.dir/build
make[5]: Entering directory '/<<PKGBUILDDIR>>/build'
[  4%] Building CXX object dune/pdelab/test/CMakeFiles/testpoisson-periodic-3d-deg1-dg1-parallel.dir/testpoisson-periodic-3d.cc.o
cd "/<<PKGBUILDDIR>>/build/dune/pdelab/test" && /usr/bin/c++  -DDEGREE=1 -DDG=1 -DENABLE_EIGEN=1 -DENABLE_GMP=1 -DENABLE_MPI=1 -DENABLE_SUITESPARSE=1 -DENABLE_SUPERLU=1 -DENABLE_TBB=1 -DENABLE_UG=1 -DHAVE_CONFIG_H -DMPICH_SKIP_MPICXX -DMPIPP_H -DMPI_NO_CPPBIND -DModelP -DUG_USE_NEW_DIMENSION_DEFINES -D_TBB_CPP0X -I"/<<PKGBUILDDIR>>/build" -I"/<<PKGBUILDDIR>>" -I/usr/lib/x86_64-linux-gnu/openmpi/include/openmpi -I/usr/lib/x86_64-linux-gnu/openmpi/include -I/usr/include/eigen3 -I/usr/include/suitesparse -I/usr/include/superlu -I/usr/include/alberta  -std=c++17 -g -O2 -fdebug-prefix-map=/<<PKGBUILDDIR>>=. -fstack-protector-strong -Wformat -Werror=format-security -Wdate-time -D_FORTIFY_SOURCE=2 -fPIE   -o CMakeFiles/testpoisson-periodic-3d-deg1-dg1-parallel.dir/testpoisson-periodic-3d.cc.o -c "/<<PKGBUILDDIR>>/dune/pdelab/test/testpoisson-periodic-3d.cc"
In file included from /<<PKGBUILDDIR>>/dune/pdelab/test/testpoisson-periodic-2d.cc:7:
In file included from /<<PKGBUILDDIR>>/dune/pdelab/test/testpoisson-periodic.hh:10:
/<<PKGBUILDDIR>>/dune/pdelab/boilerplate/pdelab.hh:1399:53: warning: 'GeometryType' is deprecated: "The GeometryType constructor taking BasicType is deprecated and will be removed after DUNE 2.6" [-Wdeprecated-declarations]
                femp = std::shared_ptr<FEM>(new FEM(Dune::GeometryType(gt,dim)));
                                                    ^
/usr/include/dune/geometry/type.hh:317:7: note: 'GeometryType' has been explicitly marked deprecated here
      DUNE_DEPRECATED_MSG("The GeometryType constructor taking BasicType is deprecated and will be removed after DUNE 2.6")
      ^
/usr/include/dune/common/deprecated.hh:171:50: note: expanded from macro 'DUNE_DEPRECATED_MSG'
#define DUNE_DEPRECATED_MSG(text) __attribute__((deprecated(# text)))
                                                 ^
In file included from /<<PKGBUILDDIR>>/dune/pdelab/test/testpoisson-periodic-2d.cc:7:
In file included from /<<PKGBUILDDIR>>/dune/pdelab/test/testpoisson-periodic.hh:10:
/<<PKGBUILDDIR>>/dune/pdelab/boilerplate/pdelab.hh:1399:53: warning: 'GeometryType' is deprecated: "The GeometryType constructor taking BasicType is deprecated and will be removed after DUNE 2.6" [-Wdeprecated-declarations]
                femp = std::shared_ptr<FEM>(new FEM(Dune::GeometryType(gt,dim)));
                                                    ^
/usr/include/dune/geometry/type.hh:317:7: note: 'GeometryType' has been explicitly marked deprecated here
      DUNE_DEPRECATED_MSG("The GeometryType constructor taking BasicType is deprecated and will be removed after DUNE 2.6")
      ^
/usr/include/dune/common/deprecated.hh:171:50: note: expanded from macro 'DUNE_DEPRECATED_MSG'
#define DUNE_DEPRECATED_MSG(text) __attribute__((deprecated(# text)))
                                                 ^
1 error generated.
make[5]: *** [dune/pdelab/test/CMakeFiles/testrt02dgridfunctionspace.dir/build.make:66: dune/pdelab/test/CMakeFiles/testrt02dgridfunctionspace.dir/testrt02dgridfunctionspace.cc.o] Error 1
make[5]: Leaving directory '/<<PKGBUILDDIR>>/build'
make[4]: *** [CMakeFiles/Makefile2:2150: dune/pdelab/test/CMakeFiles/testrt02dgridfunctionspace.dir/all] Error 2
make[4]: *** Waiting for unfinished jobs....
In file included from /<<PKGBUILDDIR>>/dune/pdelab/test/testpoisson-periodic-3d.cc:7:
In file included from /<<PKGBUILDDIR>>/dune/pdelab/test/testpoisson-periodic.hh:10:
In file included from /<<PKGBUILDDIR>>/dune/pdelab/boilerplate/pdelab.hh:58:
In file included from /usr/include/dune/istl/paamg/amg.hh:8:
In file included from /usr/include/dune/istl/paamg/smoother.hh:6:
In file included from /usr/include/dune/istl/paamg/construction.hh:9:
/usr/include/dune/istl/owneroverlapcopy.hh:292:18: error: assigning to 'SolverCategory::Category' from incompatible type 'Dune::SolverCategory'
      category = set;
                 ^~~
2 warnings and 1 error generated.
make[5]: *** [dune/pdelab/test/CMakeFiles/testpoisson-periodic-2d-deg1-dg1-parallel.dir/build.make:66: dune/pdelab/test/CMakeFiles/testpoisson-periodic-2d-deg1-dg1-parallel.dir/testpoisson-periodic-2d.cc.o] Error 1
make[5]: Leaving directory '/<<PKGBUILDDIR>>/build'
make[4]: *** [CMakeFiles/Makefile2:2096: dune/pdelab/test/CMakeFiles/testpoisson-periodic-2d-deg1-dg1-parallel.dir/all] Error 2
In file included from /<<PKGBUILDDIR>>/dune/pdelab/test/testpoisson-periodic-3d.cc:7:
In file included from /<<PKGBUILDDIR>>/dune/pdelab/test/testpoisson-periodic.hh:10:
/<<PKGBUILDDIR>>/dune/pdelab/boilerplate/pdelab.hh:1399:53: warning: 'GeometryType' is deprecated: "The GeometryType constructor taking BasicType is deprecated and will be removed after DUNE 2.6" [-Wdeprecated-declarations]
                femp = std::shared_ptr<FEM>(new FEM(Dune::GeometryType(gt,dim)));
                                                    ^
/usr/include/dune/geometry/type.hh:317:7: note: 'GeometryType' has been explicitly marked deprecated here
      DUNE_DEPRECATED_MSG("The GeometryType constructor taking BasicType is deprecated and will be removed after DUNE 2.6")
      ^
/usr/include/dune/common/deprecated.hh:171:50: note: expanded from macro 'DUNE_DEPRECATED_MSG'
#define DUNE_DEPRECATED_MSG(text) __attribute__((deprecated(# text)))
                                                 ^
In file included from /<<PKGBUILDDIR>>/dune/pdelab/test/testpoisson-periodic-3d.cc:7:
In file included from /<<PKGBUILDDIR>>/dune/pdelab/test/testpoisson-periodic.hh:10:
/<<PKGBUILDDIR>>/dune/pdelab/boilerplate/pdelab.hh:1399:53: warning: 'GeometryType' is deprecated: "The GeometryType constructor taking BasicType is deprecated and will be removed after DUNE 2.6" [-Wdeprecated-declarations]
                femp = std::shared_ptr<FEM>(new FEM(Dune::GeometryType(gt,dim)));
                                                    ^
/usr/include/dune/geometry/type.hh:317:7: note: 'GeometryType' has been explicitly marked deprecated here
      DUNE_DEPRECATED_MSG("The GeometryType constructor taking BasicType is deprecated and will be removed after DUNE 2.6")
      ^
/usr/include/dune/common/deprecated.hh:171:50: note: expanded from macro 'DUNE_DEPRECATED_MSG'
#define DUNE_DEPRECATED_MSG(text) __attribute__((deprecated(# text)))
                                                 ^
2 warnings and 1 error generated.
make[5]: *** [dune/pdelab/test/CMakeFiles/testpoisson-periodic-3d-deg1-dg1-parallel.dir/build.make:66: dune/pdelab/test/CMakeFiles/testpoisson-periodic-3d-deg1-dg1-parallel.dir/testpoisson-periodic-3d.cc.o] Error 1
make[5]: Leaving directory '/<<PKGBUILDDIR>>/build'
make[4]: *** [CMakeFiles/Makefile2:2177: dune/pdelab/test/CMakeFiles/testpoisson-periodic-3d-deg1-dg1-parallel.dir/all] Error 2
[  4%] Linking CXX executable testchunkedblockordering
cd "/<<PKGBUILDDIR>>/build/dune/pdelab/test" && /usr/bin/cmake -E cmake_link_script CMakeFiles/testchunkedblockordering.dir/link.txt --verbose=1
/usr/bin/c++  -std=c++17 -g -O2 -fdebug-prefix-map=/<<PKGBUILDDIR>>=. -fstack-protector-strong -Wformat -Werror=format-security -Wdate-time -D_FORTIFY_SOURCE=2  -Wl,-z,relro -pthread -rdynamic CMakeFiles/testchunkedblockordering.dir/testchunkedblockordering.cc.o  -o testchunkedblockordering  -Wl,-rpath,"/usr/lib/x86_64-linux-gnu/openmpi/lib:/<<PKGBUILDDIR>>/build/lib" -lldl -lspqr -lumfpack -lcholmod -lamd -lcamd -lcolamd -lccolamd -lsuitesparseconfig -lsuperlu -lblas -lgmp -lgmpxx -llapack -lblas -pthread /usr/lib/x86_64-linux-gnu/openmpi/lib/libmpi.so ../../../lib/libdunepdelab.so.2.5-dev -lldl -lspqr -lumfpack -lcholmod -lamd -lcamd -lcolamd -lccolamd -lsuitesparseconfig -lsuperlu -lblas -lgmp -lgmpxx -llapack -lblas -pthread /usr/lib/x86_64-linux-gnu/openmpi/lib/libmpi.so /usr/lib/x86_64-linux-gnu/libdunealbertagrid_3d.so.2.6-git -lalberta_3d /usr/lib/x86_64-linux-gnu/libdunealbertagrid_2d.so.2.6-git -lalberta_2d /usr/lib/x86_64-linux-gnu/libdunealbertagrid_1d.so.2.6-git -lalberta_1d -lalberta_utilities -lm -lltdl /usr/lib/x86_64-linux-gnu/libdunegrid.so.2.6-git /usr/lib/x86_64-linux-gnu/libdunegeometry.so.2.6-git /usr/lib/x86_64-linux-gnu/libugS3.so.2.6.0 /usr/lib/x86_64-linux-gnu/libugS2.so.2.6.0 /usr/lib/x86_64-linux-gnu/libugL.so.2.6.0 /usr/lib/x86_64-linux-gnu/libdunecommon.so.2.6-git -lgmp -lgmpxx -llapack -pthread /usr/lib/x86_64-linux-gnu/openmpi/lib/libmpi.so 
make[5]: Leaving directory '/<<PKGBUILDDIR>>/build'
[  4%] Built target testchunkedblockordering
make[4]: Leaving directory '/<<PKGBUILDDIR>>/build'
make[3]: *** [CMakeFiles/Makefile2:2022: CMakeFiles/build_tests.dir/rule] Error 2
make[3]: Leaving directory '/<<PKGBUILDDIR>>/build'
make[2]: *** [Makefile:733: build_tests] Error 2
make[2]: Leaving directory '/<<PKGBUILDDIR>>/build'
dh_auto_build: error: cd build && make -j4 build_tests returned exit code 2
make[1]: *** [/usr/share/dune/dune-debian.mk:20: override_dh_auto_test] Error 25
make[1]: Leaving directory '/<<PKGBUILDDIR>>'
make: *** [debian/rules:6: binary] Error 2
dpkg-buildpackage: error: debian/rules binary subprocess returned exit status 2
--------------------------------------------------------------------------------
Build finished at 2020-02-25T12:14:44Z

Finished
--------


+------------------------------------------------------------------------------+
| Cleanup                                                                      |
+------------------------------------------------------------------------------+

Purging /<<BUILDDIR>>
Not cleaning session: cloned chroot in use
E: Build failure (dpkg-buildpackage died)

+------------------------------------------------------------------------------+
| Summary                                                                      |
+------------------------------------------------------------------------------+

Build Architecture: amd64
Build Type: binary
Build-Space: 25224
Build-Time: 29
Distribution: unstable
Fail-Stage: build
Host Architecture: amd64
Install-Time: 35
Job: dune-pdelab_2.6~20180302-2
Machine Architecture: amd64
Package: dune-pdelab
Package-Time: 81
Source-Version: 2.6~20180302-2
Space: 25224
Status: attempted
Version: 2.6~20180302-2
--------------------------------------------------------------------------------
Finished at 2020-02-25T12:14:44Z
Build needed 00:01:21, 25224k disk space
E: Build failure (dpkg-buildpackage died)
DC-Status: Failed 83.026596797s
DC-Time-Estimation: 83.026596797 versus expected 1633 (r/m: 18.668396188665717 ; m: 83.026596797)
