DC-Build-Header: libdc1394-22 2.2.5-2.1 / 2020-02-25 17:57:01 +0000
DC-Task: type:rebuild-binarch-only source:libdc1394-22 version:2.2.5-2.1 chroot:unstable esttime:103 logfile:/tmp/libdc1394-22_2.2.5-2.1_unstable_clang10.log modes:clang10:binarch-only
DC-Sbuild-call: su user42 -c 'sbuild -n --arch-any --apt-update -d unstable -v --no-run-lintian --chroot-setup-commands=/tmp/clang10 libdc1394-22_2.2.5-2.1'
sbuild (Debian sbuild) 0.78.1 (09 February 2019) on ip-172-31-4-228.eu-central-1.compute.internal

+==============================================================================+
| libdc1394-22 2.2.5-2.1 (amd64)               Tue, 25 Feb 2020 17:57:01 +0000 |
+==============================================================================+

Package: libdc1394-22
Version: 2.2.5-2.1
Source Version: 2.2.5-2.1
Distribution: unstable
Machine Architecture: amd64
Host Architecture: amd64
Build Architecture: amd64
Build Type: binary

I: NOTICE: Log filtering will replace 'var/run/schroot/mount/sid-amd64-sbuild-1d238ced-61b7-4b3d-9939-40dd53b5f09e' with '<<CHROOT>>'

+------------------------------------------------------------------------------+
| Chroot Setup Commands                                                        |
+------------------------------------------------------------------------------+


/tmp/clang10
------------

+ echo 'Entering customization script...'
Entering customization script...
+ CLANG_VERSION=10
+ echo 'Install of clang-10'
Install of clang-10
+ apt-get update
Get:1 http://127.0.0.1:12990/debian sid InRelease [142 kB]
Get:2 http://127.0.0.1:12990/debian sid/main Sources.diff/Index [27.9 kB]
Get:3 http://127.0.0.1:12990/debian sid/main amd64 Packages.diff/Index [27.9 kB]
Get:4 http://127.0.0.1:12990/debian sid/main Sources 2020-02-24-0823.32.pdiff [11.0 kB]
Get:5 http://127.0.0.1:12990/debian sid/main Sources 2020-02-24-1420.34.pdiff [30.2 kB]
Get:6 http://127.0.0.1:12990/debian sid/main Sources 2020-02-24-2014.03.pdiff [16.9 kB]
Get:7 http://127.0.0.1:12990/debian sid/main Sources 2020-02-25-0213.11.pdiff [23.2 kB]
Get:8 http://127.0.0.1:12990/debian sid/main Sources 2020-02-25-0815.22.pdiff [9222 B]
Get:9 http://127.0.0.1:12990/debian sid/main Sources 2020-02-25-1413.15.pdiff [16.3 kB]
Get:10 http://127.0.0.1:12990/debian sid/main amd64 Packages 2020-02-24-0823.32.pdiff [15.5 kB]
Get:11 http://127.0.0.1:12990/debian sid/main amd64 Packages 2020-02-24-1420.34.pdiff [27.5 kB]
Get:12 http://127.0.0.1:12990/debian sid/main amd64 Packages 2020-02-24-2014.03.pdiff [21.6 kB]
Get:13 http://127.0.0.1:12990/debian sid/main amd64 Packages 2020-02-25-0213.11.pdiff [35.0 kB]
Get:14 http://127.0.0.1:12990/debian sid/main amd64 Packages 2020-02-25-0815.22.pdiff [20.1 kB]
Get:15 http://127.0.0.1:12990/debian sid/main amd64 Packages 2020-02-25-1413.15.pdiff [18.4 kB]
Get:9 http://127.0.0.1:12990/debian sid/main Sources 2020-02-25-1413.15.pdiff [16.3 kB]
Get:15 http://127.0.0.1:12990/debian sid/main amd64 Packages 2020-02-25-1413.15.pdiff [18.4 kB]
Get:16 http://127.0.0.1:12990/debian sid/main Translation-en [6195 kB]
Fetched 6638 kB in 2s (3823 kB/s)
Reading package lists...
+ apt-get install --yes --no-install-recommends --force-yes clang-10 libomp-10-dev libobjc-9-dev
Reading package lists...
Building dependency tree...
The following additional packages will be installed:
  cpp-9 g++-9 gcc-9 gcc-9-base lib32gcc-s1 lib32gcc1 lib32stdc++6 libasan5
  libbsd0 libc6-i386 libclang-common-10-dev libclang-cpp10 libclang1-10
  libedit2 libgc1c2 libgcc-9-dev libllvm10 libobjc4 libomp5-10 libstdc++-9-dev
  libz3-4
Suggested packages:
  clang-10-doc gcc-9-locales g++-9-multilib gcc-9-doc gcc-9-multilib
  libomp-10-doc libstdc++-9-doc
Recommended packages:
  llvm-10-dev python3
The following NEW packages will be installed:
  clang-10 lib32gcc-s1 lib32gcc1 lib32stdc++6 libbsd0 libc6-i386
  libclang-common-10-dev libclang-cpp10 libclang1-10 libedit2 libgc1c2
  libllvm10 libobjc-9-dev libobjc4 libomp-10-dev libomp5-10 libz3-4
The following packages will be upgraded:
  cpp-9 g++-9 gcc-9 gcc-9-base libasan5 libgcc-9-dev libstdc++-9-dev
7 upgraded, 17 newly installed, 0 to remove and 3 not upgraded.
Need to get 81.5 MB of archives.
After this operation, 238 MB of additional disk space will be used.
Get:1 http://127.0.0.1:12990/debian sid/main amd64 libasan5 amd64 9.2.1-30 [389 kB]
Get:2 http://127.0.0.1:12990/debian sid/main amd64 g++-9 amd64 9.2.1-30 [10.7 MB]
Get:3 http://127.0.0.1:12990/debian sid/main amd64 gcc-9 amd64 9.2.1-30 [10.0 MB]
Get:4 http://127.0.0.1:12990/debian sid/main amd64 libstdc++-9-dev amd64 9.2.1-30 [1697 kB]
Get:5 http://127.0.0.1:12990/debian sid/main amd64 libgcc-9-dev amd64 9.2.1-30 [2349 kB]
Get:6 http://127.0.0.1:12990/debian sid/main amd64 cpp-9 amd64 9.2.1-30 [9711 kB]
Get:7 http://127.0.0.1:12990/debian sid/main amd64 gcc-9-base amd64 9.2.1-30 [196 kB]
Get:8 http://127.0.0.1:12990/debian sid/main amd64 libbsd0 amd64 0.10.0-1 [107 kB]
Get:9 http://127.0.0.1:12990/debian sid/main amd64 libedit2 amd64 3.1-20191231-1 [95.4 kB]
Get:10 http://127.0.0.1:12990/debian sid/main amd64 libz3-4 amd64 4.8.7-4 [6790 kB]
Get:11 http://127.0.0.1:12990/debian sid/main amd64 libllvm10 amd64 1:10.0.0~+rc2-1 [15.5 MB]
Get:12 http://127.0.0.1:12990/debian sid/main amd64 libclang-cpp10 amd64 1:10.0.0~+rc2-1 [9069 kB]
Get:13 http://127.0.0.1:12990/debian sid/main amd64 libgc1c2 amd64 1:7.6.4-0.4 [224 kB]
Get:14 http://127.0.0.1:12990/debian sid/main amd64 libobjc4 amd64 10-20200222-1 [41.6 kB]
Get:15 http://127.0.0.1:12990/debian sid/main amd64 libobjc-9-dev amd64 9.2.1-30 [219 kB]
Get:16 http://127.0.0.1:12990/debian sid/main amd64 libc6-i386 amd64 2.29-10 [2918 kB]
Get:17 http://127.0.0.1:12990/debian sid/main amd64 lib32gcc-s1 amd64 10-20200222-1 [49.4 kB]
Get:18 http://127.0.0.1:12990/debian sid/main amd64 lib32gcc1 amd64 1:10-20200222-1 [1104 B]
Get:19 http://127.0.0.1:12990/debian sid/main amd64 lib32stdc++6 amd64 10-20200222-1 [510 kB]
Get:20 http://127.0.0.1:12990/debian sid/main amd64 libclang-common-10-dev amd64 1:10.0.0~+rc2-1 [2782 kB]
Get:21 http://127.0.0.1:12990/debian sid/main amd64 libclang1-10 amd64 1:10.0.0~+rc2-1 [7607 kB]
Get:22 http://127.0.0.1:12990/debian sid/main amd64 clang-10 amd64 1:10.0.0~+rc2-1 [103 kB]
Get:23 http://127.0.0.1:12990/debian sid/main amd64 libomp5-10 amd64 1:10.0.0~+rc2-1 [337 kB]
Get:24 http://127.0.0.1:12990/debian sid/main amd64 libomp-10-dev amd64 1:10.0.0~+rc2-1 [84.3 kB]
debconf: delaying package configuration, since apt-utils is not installed
Fetched 81.5 MB in 1s (101 MB/s)
(Reading database ... (Reading database ... 5%(Reading database ... 10%(Reading database ... 15%(Reading database ... 20%(Reading database ... 25%(Reading database ... 30%(Reading database ... 35%(Reading database ... 40%(Reading database ... 45%(Reading database ... 50%(Reading database ... 55%(Reading database ... 60%(Reading database ... 65%(Reading database ... 70%(Reading database ... 75%(Reading database ... 80%(Reading database ... 85%(Reading database ... 90%(Reading database ... 95%(Reading database ... 100%(Reading database ... 12119 files and directories currently installed.)
Preparing to unpack .../00-libasan5_9.2.1-30_amd64.deb ...
Unpacking libasan5:amd64 (9.2.1-30) over (9.2.1-29) ...
Preparing to unpack .../01-g++-9_9.2.1-30_amd64.deb ...
Unpacking g++-9 (9.2.1-30) over (9.2.1-29) ...
Preparing to unpack .../02-gcc-9_9.2.1-30_amd64.deb ...
Unpacking gcc-9 (9.2.1-30) over (9.2.1-29) ...
Preparing to unpack .../03-libstdc++-9-dev_9.2.1-30_amd64.deb ...
Unpacking libstdc++-9-dev:amd64 (9.2.1-30) over (9.2.1-29) ...
Preparing to unpack .../04-libgcc-9-dev_9.2.1-30_amd64.deb ...
Unpacking libgcc-9-dev:amd64 (9.2.1-30) over (9.2.1-29) ...
Preparing to unpack .../05-cpp-9_9.2.1-30_amd64.deb ...
Unpacking cpp-9 (9.2.1-30) over (9.2.1-29) ...
Preparing to unpack .../06-gcc-9-base_9.2.1-30_amd64.deb ...
Unpacking gcc-9-base:amd64 (9.2.1-30) over (9.2.1-29) ...
Selecting previously unselected package libbsd0:amd64.
Preparing to unpack .../07-libbsd0_0.10.0-1_amd64.deb ...
Unpacking libbsd0:amd64 (0.10.0-1) ...
Selecting previously unselected package libedit2:amd64.
Preparing to unpack .../08-libedit2_3.1-20191231-1_amd64.deb ...
Unpacking libedit2:amd64 (3.1-20191231-1) ...
Selecting previously unselected package libz3-4:amd64.
Preparing to unpack .../09-libz3-4_4.8.7-4_amd64.deb ...
Unpacking libz3-4:amd64 (4.8.7-4) ...
Selecting previously unselected package libllvm10:amd64.
Preparing to unpack .../10-libllvm10_1%3a10.0.0~+rc2-1_amd64.deb ...
Unpacking libllvm10:amd64 (1:10.0.0~+rc2-1) ...
Selecting previously unselected package libclang-cpp10.
Preparing to unpack .../11-libclang-cpp10_1%3a10.0.0~+rc2-1_amd64.deb ...
Unpacking libclang-cpp10 (1:10.0.0~+rc2-1) ...
Selecting previously unselected package libgc1c2:amd64.
Preparing to unpack .../12-libgc1c2_1%3a7.6.4-0.4_amd64.deb ...
Unpacking libgc1c2:amd64 (1:7.6.4-0.4) ...
Selecting previously unselected package libobjc4:amd64.
Preparing to unpack .../13-libobjc4_10-20200222-1_amd64.deb ...
Unpacking libobjc4:amd64 (10-20200222-1) ...
Selecting previously unselected package libobjc-9-dev:amd64.
Preparing to unpack .../14-libobjc-9-dev_9.2.1-30_amd64.deb ...
Unpacking libobjc-9-dev:amd64 (9.2.1-30) ...
Selecting previously unselected package libc6-i386.
Preparing to unpack .../15-libc6-i386_2.29-10_amd64.deb ...
Unpacking libc6-i386 (2.29-10) ...
Selecting previously unselected package lib32gcc-s1.
Preparing to unpack .../16-lib32gcc-s1_10-20200222-1_amd64.deb ...
Unpacking lib32gcc-s1 (10-20200222-1) ...
Selecting previously unselected package lib32gcc1.
Preparing to unpack .../17-lib32gcc1_1%3a10-20200222-1_amd64.deb ...
Unpacking lib32gcc1 (1:10-20200222-1) ...
Selecting previously unselected package lib32stdc++6.
Preparing to unpack .../18-lib32stdc++6_10-20200222-1_amd64.deb ...
Unpacking lib32stdc++6 (10-20200222-1) ...
Selecting previously unselected package libclang-common-10-dev.
Preparing to unpack .../19-libclang-common-10-dev_1%3a10.0.0~+rc2-1_amd64.deb ...
Unpacking libclang-common-10-dev (1:10.0.0~+rc2-1) ...
Selecting previously unselected package libclang1-10.
Preparing to unpack .../20-libclang1-10_1%3a10.0.0~+rc2-1_amd64.deb ...
Unpacking libclang1-10 (1:10.0.0~+rc2-1) ...
Selecting previously unselected package clang-10.
Preparing to unpack .../21-clang-10_1%3a10.0.0~+rc2-1_amd64.deb ...
Unpacking clang-10 (1:10.0.0~+rc2-1) ...
Selecting previously unselected package libomp5-10:amd64.
Preparing to unpack .../22-libomp5-10_1%3a10.0.0~+rc2-1_amd64.deb ...
Unpacking libomp5-10:amd64 (1:10.0.0~+rc2-1) ...
Selecting previously unselected package libomp-10-dev.
Preparing to unpack .../23-libomp-10-dev_1%3a10.0.0~+rc2-1_amd64.deb ...
Unpacking libomp-10-dev (1:10.0.0~+rc2-1) ...
Setting up libgc1c2:amd64 (1:7.6.4-0.4) ...
Setting up libobjc4:amd64 (10-20200222-1) ...
Setting up libz3-4:amd64 (4.8.7-4) ...
Setting up libomp5-10:amd64 (1:10.0.0~+rc2-1) ...
Setting up libc6-i386 (2.29-10) ...
Setting up libbsd0:amd64 (0.10.0-1) ...
Setting up gcc-9-base:amd64 (9.2.1-30) ...
Setting up libomp-10-dev (1:10.0.0~+rc2-1) ...
Setting up libedit2:amd64 (3.1-20191231-1) ...
Setting up libllvm10:amd64 (1:10.0.0~+rc2-1) ...
Setting up libasan5:amd64 (9.2.1-30) ...
Setting up lib32gcc-s1 (10-20200222-1) ...
Setting up libclang1-10 (1:10.0.0~+rc2-1) ...
Setting up cpp-9 (9.2.1-30) ...
Setting up lib32gcc1 (1:10-20200222-1) ...
Setting up libclang-cpp10 (1:10.0.0~+rc2-1) ...
Setting up libgcc-9-dev:amd64 (9.2.1-30) ...
Setting up lib32stdc++6 (10-20200222-1) ...
Setting up libobjc-9-dev:amd64 (9.2.1-30) ...
Setting up gcc-9 (9.2.1-30) ...
Setting up libstdc++-9-dev:amd64 (9.2.1-30) ...
Setting up libclang-common-10-dev (1:10.0.0~+rc2-1) ...
Setting up g++-9 (9.2.1-30) ...
Setting up clang-10 (1:10.0.0~+rc2-1) ...
Processing triggers for libc-bin (2.29-10) ...
W: --force-yes is deprecated, use one of the options starting with --allow instead.
+ echo 'Replace gcc, g++ & cpp by clang'
Replace gcc, g++ & cpp by clang
+ VERSIONS='4.6 4.7 4.8 4.9 5 6 7 8 9 10'
+ cd /usr/bin
+ for VERSION in $VERSIONS
+ rm -f g++-4.6 gcc-4.6 cpp-4.6 gcc
+ ln -s clang++-10 g++-4.6
+ ln -s clang-10 gcc-4.6
+ ln -s clang-10 cpp-4.6
+ ln -s clang-10 gcc
+ echo 'gcc-4.6 hold'
+ dpkg --set-selections
dpkg: warning: package not in status nor available database at line 1: gcc-4.6
dpkg: warning: found unknown packages; this might mean the available database
is outdated, and needs to be updated through a frontend method;
please see the FAQ <https://wiki.debian.org/Teams/Dpkg/FAQ>
+ echo 'g++-4.6 hold'
+ dpkg --set-selections
dpkg: warning: package not in status nor available database at line 1: g++-4.6
dpkg: warning: found unknown packages; this might mean the available database
is outdated, and needs to be updated through a frontend method;
please see the FAQ <https://wiki.debian.org/Teams/Dpkg/FAQ>
+ for VERSION in $VERSIONS
+ rm -f g++-4.7 gcc-4.7 cpp-4.7 gcc
+ ln -s clang++-10 g++-4.7
+ ln -s clang-10 gcc-4.7
+ ln -s clang-10 cpp-4.7
+ ln -s clang-10 gcc
+ echo 'gcc-4.7 hold'
+ dpkg --set-selections
dpkg: warning: package not in status nor available database at line 1: gcc-4.7
dpkg: warning: found unknown packages; this might mean the available database
is outdated, and needs to be updated through a frontend method;
please see the FAQ <https://wiki.debian.org/Teams/Dpkg/FAQ>
+ echo 'g++-4.7 hold'
+ dpkg --set-selections
dpkg: warning: package not in status nor available database at line 1: g++-4.7
dpkg: warning: found unknown packages; this might mean the available database
is outdated, and needs to be updated through a frontend method;
please see the FAQ <https://wiki.debian.org/Teams/Dpkg/FAQ>
+ for VERSION in $VERSIONS
+ rm -f g++-4.8 gcc-4.8 cpp-4.8 gcc
+ ln -s clang++-10 g++-4.8
+ ln -s clang-10 gcc-4.8
+ ln -s clang-10 cpp-4.8
+ ln -s clang-10 gcc
+ echo 'gcc-4.8 hold'
+ dpkg --set-selections
dpkg: warning: package not in status nor available database at line 1: gcc-4.8
dpkg: warning: found unknown packages; this might mean the available database
is outdated, and needs to be updated through a frontend method;
please see the FAQ <https://wiki.debian.org/Teams/Dpkg/FAQ>
+ echo 'g++-4.8 hold'
+ dpkg --set-selections
dpkg: warning: package not in status nor available database at line 1: g++-4.8
dpkg: warning: found unknown packages; this might mean the available database
is outdated, and needs to be updated through a frontend method;
please see the FAQ <https://wiki.debian.org/Teams/Dpkg/FAQ>
+ for VERSION in $VERSIONS
+ rm -f g++-4.9 gcc-4.9 cpp-4.9 gcc
+ ln -s clang++-10 g++-4.9
+ ln -s clang-10 gcc-4.9
+ ln -s clang-10 cpp-4.9
+ ln -s clang-10 gcc
+ echo 'gcc-4.9 hold'
+ dpkg --set-selections
dpkg: warning: package not in status nor available database at line 1: gcc-4.9
dpkg: warning: found unknown packages; this might mean the available database
is outdated, and needs to be updated through a frontend method;
please see the FAQ <https://wiki.debian.org/Teams/Dpkg/FAQ>
+ echo 'g++-4.9 hold'
+ dpkg --set-selections
dpkg: warning: package not in status nor available database at line 1: g++-4.9
dpkg: warning: found unknown packages; this might mean the available database
is outdated, and needs to be updated through a frontend method;
please see the FAQ <https://wiki.debian.org/Teams/Dpkg/FAQ>
+ for VERSION in $VERSIONS
+ rm -f g++-5 gcc-5 cpp-5 gcc
+ ln -s clang++-10 g++-5
+ ln -s clang-10 gcc-5
+ ln -s clang-10 cpp-5
+ ln -s clang-10 gcc
+ echo 'gcc-5 hold'
+ dpkg --set-selections
dpkg: warning: package not in status nor available database at line 1: gcc-5
dpkg: warning: found unknown packages; this might mean the available database
is outdated, and needs to be updated through a frontend method;
please see the FAQ <https://wiki.debian.org/Teams/Dpkg/FAQ>
+ echo 'g++-5 hold'
+ dpkg --set-selections
dpkg: warning: package not in status nor available database at line 1: g++-5
dpkg: warning: found unknown packages; this might mean the available database
is outdated, and needs to be updated through a frontend method;
please see the FAQ <https://wiki.debian.org/Teams/Dpkg/FAQ>
+ for VERSION in $VERSIONS
+ rm -f g++-6 gcc-6 cpp-6 gcc
+ ln -s clang++-10 g++-6
+ ln -s clang-10 gcc-6
+ ln -s clang-10 cpp-6
+ ln -s clang-10 gcc
+ echo 'gcc-6 hold'
+ dpkg --set-selections
dpkg: warning: package not in status nor available database at line 1: gcc-6
dpkg: warning: found unknown packages; this might mean the available database
is outdated, and needs to be updated through a frontend method;
please see the FAQ <https://wiki.debian.org/Teams/Dpkg/FAQ>
+ echo 'g++-6 hold'
+ dpkg --set-selections
dpkg: warning: package not in status nor available database at line 1: g++-6
dpkg: warning: found unknown packages; this might mean the available database
is outdated, and needs to be updated through a frontend method;
please see the FAQ <https://wiki.debian.org/Teams/Dpkg/FAQ>
+ for VERSION in $VERSIONS
+ rm -f g++-7 gcc-7 cpp-7 gcc
+ ln -s clang++-10 g++-7
+ ln -s clang-10 gcc-7
+ ln -s clang-10 cpp-7
+ ln -s clang-10 gcc
+ echo 'gcc-7 hold'
+ dpkg --set-selections
dpkg: warning: package not in status nor available database at line 1: gcc-7
dpkg: warning: found unknown packages; this might mean the available database
is outdated, and needs to be updated through a frontend method;
please see the FAQ <https://wiki.debian.org/Teams/Dpkg/FAQ>
+ echo 'g++-7 hold'
+ dpkg --set-selections
dpkg: warning: package not in status nor available database at line 1: g++-7
dpkg: warning: found unknown packages; this might mean the available database
is outdated, and needs to be updated through a frontend method;
please see the FAQ <https://wiki.debian.org/Teams/Dpkg/FAQ>
+ for VERSION in $VERSIONS
+ rm -f g++-8 gcc-8 cpp-8 gcc
+ ln -s clang++-10 g++-8
+ ln -s clang-10 gcc-8
+ ln -s clang-10 cpp-8
+ ln -s clang-10 gcc
+ echo 'gcc-8 hold'
+ dpkg --set-selections
dpkg: warning: package not in status nor available database at line 1: gcc-8
dpkg: warning: found unknown packages; this might mean the available database
is outdated, and needs to be updated through a frontend method;
please see the FAQ <https://wiki.debian.org/Teams/Dpkg/FAQ>
+ echo 'g++-8 hold'
+ dpkg --set-selections
dpkg: warning: package not in status nor available database at line 1: g++-8
dpkg: warning: found unknown packages; this might mean the available database
is outdated, and needs to be updated through a frontend method;
please see the FAQ <https://wiki.debian.org/Teams/Dpkg/FAQ>
+ for VERSION in $VERSIONS
+ rm -f g++-9 gcc-9 cpp-9 gcc
+ ln -s clang++-10 g++-9
+ ln -s clang-10 gcc-9
+ ln -s clang-10 cpp-9
+ ln -s clang-10 gcc
+ echo 'gcc-9 hold'
+ dpkg --set-selections
+ echo 'g++-9 hold'
+ dpkg --set-selections
+ for VERSION in $VERSIONS
+ rm -f g++-10 gcc-10 cpp-10 gcc
+ ln -s clang++-10 g++-10
+ ln -s clang-10 gcc-10
+ ln -s clang-10 cpp-10
+ ln -s clang-10 gcc
+ echo 'gcc-10 hold'
+ dpkg --set-selections
dpkg: warning: package not in status nor available database at line 1: gcc-10
dpkg: warning: found unknown packages; this might mean the available database
is outdated, and needs to be updated through a frontend method;
please see the FAQ <https://wiki.debian.org/Teams/Dpkg/FAQ>
+ echo 'g++-10 hold'
+ dpkg --set-selections
dpkg: warning: package not in status nor available database at line 1: g++-10
dpkg: warning: found unknown packages; this might mean the available database
is outdated, and needs to be updated through a frontend method;
please see the FAQ <https://wiki.debian.org/Teams/Dpkg/FAQ>
+ cd -
/build/libdc1394-22-pnpnHQ
+ echo 'Check if gcc, g++ & cpp are actually clang'
Check if gcc, g++ & cpp are actually clang
+ gcc --version
+ grep clang
+ cpp --version
+ grep clang
+ g++ --version
+ grep clang

I: Finished running '/tmp/clang10'.

Finished processing commands.
--------------------------------------------------------------------------------
I: NOTICE: Log filtering will replace 'build/libdc1394-22-pnpnHQ/resolver-TQZwst' with '<<RESOLVERDIR>>'

+------------------------------------------------------------------------------+
| Update chroot                                                                |
+------------------------------------------------------------------------------+

Hit:1 http://127.0.0.1:12990/debian sid InRelease
Reading package lists...
Reading package lists...
Building dependency tree...
Reading state information...
Calculating upgrade...
The following packages will be upgraded:
  bash libgmp10 zlib1g
3 upgraded, 0 newly installed, 0 to remove and 0 not upgraded.
Need to get 1722 kB of archives.
After this operation, 4096 B of additional disk space will be used.
Get:1 http://127.0.0.1:12990/debian sid/main amd64 bash amd64 5.0-6 [1379 kB]
Get:2 http://127.0.0.1:12990/debian sid/main amd64 libgmp10 amd64 2:6.2.0+dfsg-4 [253 kB]
Get:3 http://127.0.0.1:12990/debian sid/main amd64 zlib1g amd64 1:1.2.11.dfsg-2 [90.4 kB]
debconf: delaying package configuration, since apt-utils is not installed
Fetched 1722 kB in 0s (71.8 MB/s)
(Reading database ... (Reading database ... 5%(Reading database ... 10%(Reading database ... 15%(Reading database ... 20%(Reading database ... 25%(Reading database ... 30%(Reading database ... 35%(Reading database ... 40%(Reading database ... 45%(Reading database ... 50%(Reading database ... 55%(Reading database ... 60%(Reading database ... 65%(Reading database ... 70%(Reading database ... 75%(Reading database ... 80%(Reading database ... 85%(Reading database ... 90%(Reading database ... 95%(Reading database ... 100%(Reading database ... 12960 files and directories currently installed.)
Preparing to unpack .../archives/bash_5.0-6_amd64.deb ...
Unpacking bash (5.0-6) over (5.0-5) ...
Setting up bash (5.0-6) ...
update-alternatives: using /usr/share/man/man7/bash-builtins.7.gz to provide /usr/share/man/man7/builtins.7.gz (builtins.7.gz) in auto mode
(Reading database ... (Reading database ... 5%(Reading database ... 10%(Reading database ... 15%(Reading database ... 20%(Reading database ... 25%(Reading database ... 30%(Reading database ... 35%(Reading database ... 40%(Reading database ... 45%(Reading database ... 50%(Reading database ... 55%(Reading database ... 60%(Reading database ... 65%(Reading database ... 70%(Reading database ... 75%(Reading database ... 80%(Reading database ... 85%(Reading database ... 90%(Reading database ... 95%(Reading database ... 100%(Reading database ... 12960 files and directories currently installed.)
Preparing to unpack .../libgmp10_2%3a6.2.0+dfsg-4_amd64.deb ...
Unpacking libgmp10:amd64 (2:6.2.0+dfsg-4) over (2:6.2.0+dfsg-3) ...
Setting up libgmp10:amd64 (2:6.2.0+dfsg-4) ...
(Reading database ... (Reading database ... 5%(Reading database ... 10%(Reading database ... 15%(Reading database ... 20%(Reading database ... 25%(Reading database ... 30%(Reading database ... 35%(Reading database ... 40%(Reading database ... 45%(Reading database ... 50%(Reading database ... 55%(Reading database ... 60%(Reading database ... 65%(Reading database ... 70%(Reading database ... 75%(Reading database ... 80%(Reading database ... 85%(Reading database ... 90%(Reading database ... 95%(Reading database ... 100%(Reading database ... 12960 files and directories currently installed.)
Preparing to unpack .../zlib1g_1%3a1.2.11.dfsg-2_amd64.deb ...
Unpacking zlib1g:amd64 (1:1.2.11.dfsg-2) over (1:1.2.11.dfsg-1.2) ...
Setting up zlib1g:amd64 (1:1.2.11.dfsg-2) ...
Processing triggers for libc-bin (2.29-10) ...

+------------------------------------------------------------------------------+
| Fetch source files                                                           |
+------------------------------------------------------------------------------+


Check APT
---------

Checking available source versions...

Download source files with APT
------------------------------

Reading package lists...
Need to get 621 kB of source archives.
Get:1 http://127.0.0.1:12990/debian sid/main libdc1394-22 2.2.5-2.1 (dsc) [2194 B]
Get:2 http://127.0.0.1:12990/debian sid/main libdc1394-22 2.2.5-2.1 (tar) [612 kB]
Get:3 http://127.0.0.1:12990/debian sid/main libdc1394-22 2.2.5-2.1 (diff) [6668 B]
Fetched 621 kB in 0s (7777 kB/s)
Download complete and in download only mode
I: NOTICE: Log filtering will replace 'build/libdc1394-22-pnpnHQ/libdc1394-22-2.2.5' with '<<PKGBUILDDIR>>'
I: NOTICE: Log filtering will replace 'build/libdc1394-22-pnpnHQ' with '<<BUILDDIR>>'

+------------------------------------------------------------------------------+
| Install package build dependencies                                           |
+------------------------------------------------------------------------------+


Setup apt archive
-----------------

Merged Build-Depends: debhelper-compat (= 12), dpkg-dev (>= 1.16.0), libraw1394-dev (>= 2.0.1), libusb-1.0-0-dev, libx11-dev, libxv-dev, pkg-config, chrpath, doxygen-latex, texlive-latex-recommended, texlive-fonts-recommended, build-essential, fakeroot
Filtered Build-Depends: debhelper-compat (= 12), dpkg-dev (>= 1.16.0), libraw1394-dev (>= 2.0.1), libusb-1.0-0-dev, libx11-dev, libxv-dev, pkg-config, chrpath, doxygen-latex, texlive-latex-recommended, texlive-fonts-recommended, build-essential, fakeroot
dpkg-deb: building package 'sbuild-build-depends-main-dummy' in '/<<RESOLVERDIR>>/apt_archive/sbuild-build-depends-main-dummy.deb'.
Ign:1 copy:/<<RESOLVERDIR>>/apt_archive ./ InRelease
Get:2 copy:/<<RESOLVERDIR>>/apt_archive ./ Release [957 B]
Ign:3 copy:/<<RESOLVERDIR>>/apt_archive ./ Release.gpg
Get:4 copy:/<<RESOLVERDIR>>/apt_archive ./ Sources [457 B]
Get:5 copy:/<<RESOLVERDIR>>/apt_archive ./ Packages [544 B]
Fetched 1958 B in 0s (0 B/s)
Reading package lists...
Reading package lists...

Install main build dependencies (apt-based resolver)
----------------------------------------------------

Installing build dependencies
Reading package lists...
Building dependency tree...
Reading state information...
The following additional packages will be installed:
  autoconf automake autopoint autotools-dev bsdmainutils chrpath
  cm-super-minimal debhelper dh-autoreconf dh-strip-nondeterminism doxygen
  doxygen-latex dwz file fontconfig-config fonts-dejavu-core fonts-lmodern
  fonts-urw-base35 gettext gettext-base ghostscript groff-base intltool-debian
  libapache-pom-java libarchive-zip-perl libavahi-client3 libavahi-common-data
  libavahi-common3 libcairo2 libclang1-9 libcommons-logging-java
  libcommons-parent-java libcroco3 libcups2 libdatrie1 libdbus-1-3
  libdebhelper-perl libelf1 libexpat1 libfile-stripnondeterminism-perl
  libfontbox-java libfontconfig1 libfreetype6 libglib2.0-0 libgraphite2-3
  libgs9 libgs9-common libgssapi-krb5-2 libharfbuzz-icu0 libharfbuzz0b libice6
  libicu63 libidn11 libijs-0.35 libjbig0 libjbig2dec0 libjpeg62-turbo
  libk5crypto3 libkeyutils1 libkpathsea6 libkrb5-3 libkrb5support0 liblcms2-2
  libllvm9 libmagic-mgc libmagic1 libmime-charset-perl libmpdec2 libopenjp2-7
  libpaper-utils libpaper1 libpdfbox-java libpipeline1 libpixman-1-0
  libpng16-16 libptexenc1 libpthread-stubs0-dev libpython3-stdlib
  libpython3.7-minimal libpython3.7-stdlib libraw1394-11 libraw1394-dev
  libreadline8 libsigsegv2 libsm6 libsombok3 libsqlite3-0 libssl1.1
  libsub-override-perl libsynctex2 libteckit0 libtexlua53 libtexluajit2
  libthai-data libthai0 libtiff5 libtool libuchardet0
  libunicode-linebreak-perl libusb-1.0-0 libusb-1.0-0-dev libwebp6 libx11-6
  libx11-data libx11-dev libxapian30 libxau-dev libxau6 libxaw7 libxcb-render0
  libxcb-shm0 libxcb1 libxcb1-dev libxdmcp-dev libxdmcp6 libxext-dev libxext6
  libxi6 libxml2 libxmu6 libxpm4 libxrender1 libxt6 libxv-dev libxv1
  libzzip-0-13 m4 man-db mime-support pkg-config po-debconf poppler-data
  preview-latex-style python3 python3-minimal python3.7 python3.7-minimal
  readline-common sensible-utils t1utils tex-common texlive-base
  texlive-binaries texlive-extra-utils texlive-font-utils
  texlive-fonts-recommended texlive-latex-base texlive-latex-extra
  texlive-latex-recommended texlive-pictures texlive-plain-generic ucf
  x11-common x11proto-core-dev x11proto-dev x11proto-xext-dev xdg-utils
  xorg-sgml-doctools xtrans-dev
Suggested packages:
  autoconf-archive gnu-standards autoconf-doc wamerican | wordlist whois
  vacation dh-make doxygen-doc doxygen-gui graphviz fonts-freefont-otf
  | fonts-freefont-ttf fonts-texgyre gettext-doc libasprintf-dev
  libgettextpo-dev ghostscript-x groff libavalon-framework-java
  libcommons-logging-java-doc libexcalibur-logkit-java liblog4j1.2-java
  cups-common krb5-doc krb5-user liblcms2-utils libencode-hanextra-perl
  libpod2-base-perl libraw1394-doc libtool-doc gfortran | fortran95-compiler
  gcj-jdk libx11-doc xapian-tools libxcb-doc libxext-doc m4-doc apparmor less
  www-browser libmail-box-perl poppler-utils fonts-japanese-mincho
  | fonts-ipafont-mincho fonts-japanese-gothic | fonts-ipafont-gothic
  fonts-arphic-ukai fonts-arphic-uming fonts-nanum python3-doc python3-tk
  python3-venv python3.7-venv python3.7-doc binfmt-support readline-doc
  perl-tk xpdf | pdf-viewer xzdec chktex dvidvi dvipng fragmaster lacheck
  latexdiff latexmk purifyeps xindy lcdf-typetools psutils
  texlive-fonts-recommended-doc texlive-latex-base-doc python3-pygments
  icc-profiles libfile-which-perl libspreadsheet-parseexcel-perl
  texlive-latex-extra-doc texlive-latex-recommended-doc texlive-luatex
  texlive-pstricks dot2tex prerex ruby-tcltk | libtcltk-ruby
  texlive-pictures-doc vprerex default-jre-headless
Recommended packages:
  curl | wget | lynx dbus libarchive-cpio-perl libglib2.0-data
  shared-mime-info xdg-user-dirs fonts-droid-fallback krb5-locales
  libraw1394-tools libltdl-dev libusb-1.0-doc libmail-sendmail-perl lmodern
  dvisvgm libfile-homedir-perl liblog-log4perl-perl libyaml-tiny-perl ruby
  | ruby-interpreter ps2eps tex-gyre tipa tk libfile-mimeinfo-perl
  libnet-dbus-perl libx11-protocol-perl x11-utils x11-xserver-utils
The following NEW packages will be installed:
  autoconf automake autopoint autotools-dev bsdmainutils chrpath
  cm-super-minimal debhelper dh-autoreconf dh-strip-nondeterminism doxygen
  doxygen-latex dwz file fontconfig-config fonts-dejavu-core fonts-lmodern
  fonts-urw-base35 gettext gettext-base ghostscript groff-base intltool-debian
  libapache-pom-java libarchive-zip-perl libavahi-client3 libavahi-common-data
  libavahi-common3 libcairo2 libclang1-9 libcommons-logging-java
  libcommons-parent-java libcroco3 libcups2 libdatrie1 libdbus-1-3
  libdebhelper-perl libelf1 libexpat1 libfile-stripnondeterminism-perl
  libfontbox-java libfontconfig1 libfreetype6 libglib2.0-0 libgraphite2-3
  libgs9 libgs9-common libgssapi-krb5-2 libharfbuzz-icu0 libharfbuzz0b libice6
  libicu63 libidn11 libijs-0.35 libjbig0 libjbig2dec0 libjpeg62-turbo
  libk5crypto3 libkeyutils1 libkpathsea6 libkrb5-3 libkrb5support0 liblcms2-2
  libllvm9 libmagic-mgc libmagic1 libmime-charset-perl libmpdec2 libopenjp2-7
  libpaper-utils libpaper1 libpdfbox-java libpipeline1 libpixman-1-0
  libpng16-16 libptexenc1 libpthread-stubs0-dev libpython3-stdlib
  libpython3.7-minimal libpython3.7-stdlib libraw1394-11 libraw1394-dev
  libreadline8 libsigsegv2 libsm6 libsombok3 libsqlite3-0 libssl1.1
  libsub-override-perl libsynctex2 libteckit0 libtexlua53 libtexluajit2
  libthai-data libthai0 libtiff5 libtool libuchardet0
  libunicode-linebreak-perl libusb-1.0-0 libusb-1.0-0-dev libwebp6 libx11-6
  libx11-data libx11-dev libxapian30 libxau-dev libxau6 libxaw7 libxcb-render0
  libxcb-shm0 libxcb1 libxcb1-dev libxdmcp-dev libxdmcp6 libxext-dev libxext6
  libxi6 libxml2 libxmu6 libxpm4 libxrender1 libxt6 libxv-dev libxv1
  libzzip-0-13 m4 man-db mime-support pkg-config po-debconf poppler-data
  preview-latex-style python3 python3-minimal python3.7 python3.7-minimal
  readline-common sbuild-build-depends-main-dummy sensible-utils t1utils
  tex-common texlive-base texlive-binaries texlive-extra-utils
  texlive-font-utils texlive-fonts-recommended texlive-latex-base
  texlive-latex-extra texlive-latex-recommended texlive-pictures
  texlive-plain-generic ucf x11-common x11proto-core-dev x11proto-dev
  x11proto-xext-dev xdg-utils xorg-sgml-doctools xtrans-dev
0 upgraded, 160 newly installed, 0 to remove and 0 not upgraded.
Need to get 239 MB of archives.
After this operation, 726 MB of additional disk space will be used.
Get:1 copy:/<<RESOLVERDIR>>/apt_archive ./ sbuild-build-depends-main-dummy 0.invalid.0 [972 B]
Get:2 http://127.0.0.1:12990/debian sid/main amd64 bsdmainutils amd64 11.1.2+b1 [191 kB]
Get:3 http://127.0.0.1:12990/debian sid/main amd64 libuchardet0 amd64 0.0.6-3 [64.9 kB]
Get:4 http://127.0.0.1:12990/debian sid/main amd64 groff-base amd64 1.22.4-4 [919 kB]
Get:5 http://127.0.0.1:12990/debian sid/main amd64 libpipeline1 amd64 1.5.2-2 [33.9 kB]
Get:6 http://127.0.0.1:12990/debian sid/main amd64 man-db amd64 2.9.0-2 [1307 kB]
Get:7 http://127.0.0.1:12990/debian sid/main amd64 poppler-data all 0.4.9-2 [1473 kB]
Get:8 http://127.0.0.1:12990/debian sid/main amd64 libssl1.1 amd64 1.1.1d-2 [1540 kB]
Get:9 http://127.0.0.1:12990/debian sid/main amd64 libpython3.7-minimal amd64 3.7.6-1+b1 [591 kB]
Get:10 http://127.0.0.1:12990/debian sid/main amd64 libexpat1 amd64 2.2.9-1 [94.3 kB]
Get:11 http://127.0.0.1:12990/debian sid/main amd64 python3.7-minimal amd64 3.7.6-1+b1 [1813 kB]
Get:12 http://127.0.0.1:12990/debian sid/main amd64 python3-minimal amd64 3.7.5-3 [36.8 kB]
Get:13 http://127.0.0.1:12990/debian sid/main amd64 mime-support all 3.64 [37.8 kB]
Get:14 http://127.0.0.1:12990/debian sid/main amd64 libmpdec2 amd64 2.4.2-2 [87.2 kB]
Get:15 http://127.0.0.1:12990/debian sid/main amd64 readline-common all 8.0-4 [72.5 kB]
Get:16 http://127.0.0.1:12990/debian sid/main amd64 libreadline8 amd64 8.0-4 [160 kB]
Get:17 http://127.0.0.1:12990/debian sid/main amd64 libsqlite3-0 amd64 3.31.1-3 [661 kB]
Get:18 http://127.0.0.1:12990/debian sid/main amd64 libpython3.7-stdlib amd64 3.7.6-1+b1 [1735 kB]
Get:19 http://127.0.0.1:12990/debian sid/main amd64 python3.7 amd64 3.7.6-1+b1 [351 kB]
Get:20 http://127.0.0.1:12990/debian sid/main amd64 libpython3-stdlib amd64 3.7.5-3 [20.2 kB]
Get:21 http://127.0.0.1:12990/debian sid/main amd64 python3 amd64 3.7.5-3 [62.1 kB]
Get:22 http://127.0.0.1:12990/debian sid/main amd64 sensible-utils all 0.0.12+nmu1 [16.0 kB]
Get:23 http://127.0.0.1:12990/debian sid/main amd64 ucf all 3.0038+nmu1 [69.0 kB]
Get:24 http://127.0.0.1:12990/debian sid/main amd64 tex-common all 6.13 [53.2 kB]
Get:25 http://127.0.0.1:12990/debian sid/main amd64 libmagic-mgc amd64 1:5.38-4 [262 kB]
Get:26 http://127.0.0.1:12990/debian sid/main amd64 libmagic1 amd64 1:5.38-4 [120 kB]
Get:27 http://127.0.0.1:12990/debian sid/main amd64 file amd64 1:5.38-4 [67.9 kB]
Get:28 http://127.0.0.1:12990/debian sid/main amd64 gettext-base amd64 0.19.8.1-10 [123 kB]
Get:29 http://127.0.0.1:12990/debian sid/main amd64 libsigsegv2 amd64 2.12-2 [32.8 kB]
Get:30 http://127.0.0.1:12990/debian sid/main amd64 m4 amd64 1.4.18-4 [203 kB]
Get:31 http://127.0.0.1:12990/debian sid/main amd64 autoconf all 2.69-11.1 [341 kB]
Get:32 http://127.0.0.1:12990/debian sid/main amd64 autotools-dev all 20180224.1 [77.0 kB]
Get:33 http://127.0.0.1:12990/debian sid/main amd64 automake all 1:1.16.1-4 [771 kB]
Get:34 http://127.0.0.1:12990/debian sid/main amd64 autopoint all 0.19.8.1-10 [435 kB]
Get:35 http://127.0.0.1:12990/debian sid/main amd64 chrpath amd64 0.16-2+b1 [17.1 kB]
Get:36 http://127.0.0.1:12990/debian sid/main amd64 libpaper1 amd64 1.1.28+b1 [21.6 kB]
Get:37 http://127.0.0.1:12990/debian sid/main amd64 libpaper-utils amd64 1.1.28+b1 [18.3 kB]
Get:38 http://127.0.0.1:12990/debian sid/main amd64 libkpathsea6 amd64 2019.20190605.51237-3 [169 kB]
Get:39 http://127.0.0.1:12990/debian sid/main amd64 libptexenc1 amd64 2019.20190605.51237-3 [62.8 kB]
Get:40 http://127.0.0.1:12990/debian sid/main amd64 libsynctex2 amd64 2019.20190605.51237-3 [81.8 kB]
Get:41 http://127.0.0.1:12990/debian sid/main amd64 libtexlua53 amd64 2019.20190605.51237-3 [128 kB]
Get:42 http://127.0.0.1:12990/debian sid/main amd64 libtexluajit2 amd64 2019.20190605.51237-3 [258 kB]
Get:43 http://127.0.0.1:12990/debian sid/main amd64 t1utils amd64 1.41-3 [62.3 kB]
Get:44 http://127.0.0.1:12990/debian sid/main amd64 libpng16-16 amd64 1.6.37-2 [292 kB]
Get:45 http://127.0.0.1:12990/debian sid/main amd64 libfreetype6 amd64 2.10.1-2 [392 kB]
Get:46 http://127.0.0.1:12990/debian sid/main amd64 fonts-dejavu-core all 2.37-1 [1068 kB]
Get:47 http://127.0.0.1:12990/debian sid/main amd64 fontconfig-config all 2.13.1-2 [280 kB]
Get:48 http://127.0.0.1:12990/debian sid/main amd64 libfontconfig1 amd64 2.13.1-2+b1 [347 kB]
Get:49 http://127.0.0.1:12990/debian sid/main amd64 libpixman-1-0 amd64 0.36.0-1 [537 kB]
Get:50 http://127.0.0.1:12990/debian sid/main amd64 libxau6 amd64 1:1.0.8-1+b2 [19.9 kB]
Get:51 http://127.0.0.1:12990/debian sid/main amd64 libxdmcp6 amd64 1:1.1.2-3 [26.3 kB]
Get:52 http://127.0.0.1:12990/debian sid/main amd64 libxcb1 amd64 1.13.1-5 [137 kB]
Get:53 http://127.0.0.1:12990/debian sid/main amd64 libx11-data all 2:1.6.8-1 [298 kB]
Get:54 http://127.0.0.1:12990/debian sid/main amd64 libx11-6 amd64 2:1.6.8-1 [756 kB]
Get:55 http://127.0.0.1:12990/debian sid/main amd64 libxcb-render0 amd64 1.13.1-5 [109 kB]
Get:56 http://127.0.0.1:12990/debian sid/main amd64 libxcb-shm0 amd64 1.13.1-5 [99.3 kB]
Get:57 http://127.0.0.1:12990/debian sid/main amd64 libxext6 amd64 2:1.3.3-1+b2 [52.5 kB]
Get:58 http://127.0.0.1:12990/debian sid/main amd64 libxrender1 amd64 1:0.9.10-1 [33.0 kB]
Get:59 http://127.0.0.1:12990/debian sid/main amd64 libcairo2 amd64 1.16.0-4 [689 kB]
Get:60 http://127.0.0.1:12990/debian sid/main amd64 libgraphite2-3 amd64 1.3.13-11 [80.9 kB]
Get:61 http://127.0.0.1:12990/debian sid/main amd64 libglib2.0-0 amd64 2.62.4-2 [1319 kB]
Get:62 http://127.0.0.1:12990/debian sid/main amd64 libharfbuzz0b amd64 2.6.4-1 [1360 kB]
Get:63 http://127.0.0.1:12990/debian sid/main amd64 libicu63 amd64 63.2-2 [8301 kB]
Get:64 http://127.0.0.1:12990/debian sid/main amd64 libharfbuzz-icu0 amd64 2.6.4-1 [976 kB]
Get:65 http://127.0.0.1:12990/debian sid/main amd64 libteckit0 amd64 2.5.8+ds2-5 [318 kB]
Get:66 http://127.0.0.1:12990/debian sid/main amd64 x11-common all 1:7.7+20 [252 kB]
Get:67 http://127.0.0.1:12990/debian sid/main amd64 libice6 amd64 2:1.0.9-2 [58.7 kB]
Get:68 http://127.0.0.1:12990/debian sid/main amd64 libsm6 amd64 2:1.2.3-1 [35.1 kB]
Get:69 http://127.0.0.1:12990/debian sid/main amd64 libxt6 amd64 1:1.1.5-1+b3 [190 kB]
Get:70 http://127.0.0.1:12990/debian sid/main amd64 libxmu6 amd64 2:1.1.2-2+b3 [60.8 kB]
Get:71 http://127.0.0.1:12990/debian sid/main amd64 libxpm4 amd64 1:3.5.12-1 [49.1 kB]
Get:72 http://127.0.0.1:12990/debian sid/main amd64 libxaw7 amd64 2:1.0.13-1+b2 [201 kB]
Get:73 http://127.0.0.1:12990/debian sid/main amd64 libxi6 amd64 2:1.7.9-1 [82.6 kB]
Get:74 http://127.0.0.1:12990/debian sid/main amd64 libzzip-0-13 amd64 0.13.62-3.2 [55.4 kB]
Get:75 http://127.0.0.1:12990/debian sid/main amd64 texlive-binaries amd64 2019.20190605.51237-3 [8054 kB]
Get:76 http://127.0.0.1:12990/debian sid/main amd64 xdg-utils all 1.1.3-1 [73.3 kB]
Get:77 http://127.0.0.1:12990/debian sid/main amd64 texlive-base all 2019.20200218-1 [20.9 MB]
Get:78 http://127.0.0.1:12990/debian sid/main amd64 fonts-lmodern all 2.004.5-6 [4539 kB]
Get:79 http://127.0.0.1:12990/debian sid/main amd64 texlive-latex-base all 2019.20200218-1 [1019 kB]
Get:80 http://127.0.0.1:12990/debian sid/main amd64 texlive-latex-recommended all 2019.20200218-1 [15.7 MB]
Get:81 http://127.0.0.1:12990/debian sid/main amd64 cm-super-minimal all 0.3.4-15 [5815 kB]
Get:82 http://127.0.0.1:12990/debian sid/main amd64 libtool all 2.4.6-13 [513 kB]
Get:83 http://127.0.0.1:12990/debian sid/main amd64 dh-autoreconf all 19 [16.9 kB]
Get:84 http://127.0.0.1:12990/debian sid/main amd64 libdebhelper-perl all 12.9 [183 kB]
Get:85 http://127.0.0.1:12990/debian sid/main amd64 libarchive-zip-perl all 1.67-1 [104 kB]
Get:86 http://127.0.0.1:12990/debian sid/main amd64 libsub-override-perl all 0.09-2 [10.2 kB]
Get:87 http://127.0.0.1:12990/debian sid/main amd64 libfile-stripnondeterminism-perl all 1.6.3-2 [23.7 kB]
Get:88 http://127.0.0.1:12990/debian sid/main amd64 dh-strip-nondeterminism all 1.6.3-2 [14.7 kB]
Get:89 http://127.0.0.1:12990/debian sid/main amd64 libelf1 amd64 0.176-1.1 [161 kB]
Get:90 http://127.0.0.1:12990/debian sid/main amd64 dwz amd64 0.13-5 [151 kB]
Get:91 http://127.0.0.1:12990/debian sid/main amd64 libxml2 amd64 2.9.10+dfsg-3 [709 kB]
Get:92 http://127.0.0.1:12990/debian sid/main amd64 libcroco3 amd64 0.6.13-1 [146 kB]
Get:93 http://127.0.0.1:12990/debian sid/main amd64 gettext amd64 0.19.8.1-10 [1303 kB]
Get:94 http://127.0.0.1:12990/debian sid/main amd64 intltool-debian all 0.35.0+20060710.5 [26.8 kB]
Get:95 http://127.0.0.1:12990/debian sid/main amd64 po-debconf all 1.0.21 [248 kB]
Get:96 http://127.0.0.1:12990/debian sid/main amd64 debhelper all 12.9 [994 kB]
Get:97 http://127.0.0.1:12990/debian sid/main amd64 libllvm9 amd64 1:9.0.1-8 [15.0 MB]
Get:98 http://127.0.0.1:12990/debian sid/main amd64 libclang1-9 amd64 1:9.0.1-8 [6719 kB]
Get:99 http://127.0.0.1:12990/debian sid/main amd64 libxapian30 amd64 1.4.14-2 [1085 kB]
Get:100 http://127.0.0.1:12990/debian sid/main amd64 doxygen amd64 1.8.16-2 [9455 kB]
Get:101 http://127.0.0.1:12990/debian sid/main amd64 libthai-data all 0.1.28-3 [170 kB]
Get:102 http://127.0.0.1:12990/debian sid/main amd64 libdatrie1 amd64 0.2.12-3 [39.5 kB]
Get:103 http://127.0.0.1:12990/debian sid/main amd64 libthai0 amd64 0.1.28-3 [54.2 kB]
Get:104 http://127.0.0.1:12990/debian sid/main amd64 libsombok3 amd64 2.4.0-2+b1 [31.4 kB]
Get:105 http://127.0.0.1:12990/debian sid/main amd64 libmime-charset-perl all 1.012.2-1 [35.4 kB]
Get:106 http://127.0.0.1:12990/debian sid/main amd64 libunicode-linebreak-perl amd64 0.0.20190101-1+b2 [103 kB]
Get:107 http://127.0.0.1:12990/debian sid/main amd64 texlive-extra-utils all 2019.202000218-1 [43.9 MB]
Get:108 http://127.0.0.1:12990/debian sid/main amd64 libapache-pom-java all 18-1 [4676 B]
Get:109 http://127.0.0.1:12990/debian sid/main amd64 libcommons-parent-java all 43-1 [10.8 kB]
Get:110 http://127.0.0.1:12990/debian sid/main amd64 libcommons-logging-java all 1.2-2 [62.2 kB]
Get:111 http://127.0.0.1:12990/debian sid/main amd64 libfontbox-java all 1:1.8.16-2 [211 kB]
Get:112 http://127.0.0.1:12990/debian sid/main amd64 libpdfbox-java all 1:1.8.16-2 [5205 kB]
Get:113 http://127.0.0.1:12990/debian sid/main amd64 preview-latex-style all 11.91-2 [201 kB]
Get:114 http://127.0.0.1:12990/debian sid/main amd64 texlive-pictures all 2019.20200218-1 [4526 kB]
Get:115 http://127.0.0.1:12990/debian sid/main amd64 texlive-latex-extra all 2019.202000218-1 [12.9 MB]
Get:116 http://127.0.0.1:12990/debian sid/main amd64 texlive-plain-generic all 2019.202000218-1 [24.6 MB]
Get:117 http://127.0.0.1:12990/debian sid/main amd64 texlive-font-utils all 2019.202000218-1 [1763 kB]
Get:118 http://127.0.0.1:12990/debian sid/main amd64 fonts-urw-base35 all 20170801.1-3 [6333 kB]
Get:119 http://127.0.0.1:12990/debian sid/main amd64 libgs9-common all 9.50~dfsg-5 [725 kB]
Get:120 http://127.0.0.1:12990/debian sid/main amd64 libavahi-common-data amd64 0.7-5 [122 kB]
Get:121 http://127.0.0.1:12990/debian sid/main amd64 libavahi-common3 amd64 0.7-5 [54.6 kB]
Get:122 http://127.0.0.1:12990/debian sid/main amd64 libdbus-1-3 amd64 1.12.16-2 [214 kB]
Get:123 http://127.0.0.1:12990/debian sid/main amd64 libavahi-client3 amd64 0.7-5 [58.2 kB]
Get:124 http://127.0.0.1:12990/debian sid/main amd64 libkeyutils1 amd64 1.6.1-2 [15.4 kB]
Get:125 http://127.0.0.1:12990/debian sid/main amd64 libkrb5support0 amd64 1.17-6 [64.6 kB]
Get:126 http://127.0.0.1:12990/debian sid/main amd64 libk5crypto3 amd64 1.17-6 [116 kB]
Get:127 http://127.0.0.1:12990/debian sid/main amd64 libkrb5-3 amd64 1.17-6 [366 kB]
Get:128 http://127.0.0.1:12990/debian sid/main amd64 libgssapi-krb5-2 amd64 1.17-6 [156 kB]
Get:129 http://127.0.0.1:12990/debian sid/main amd64 libcups2 amd64 2.3.1-11 [349 kB]
Get:130 http://127.0.0.1:12990/debian sid/main amd64 libidn11 amd64 1.33-2.2 [116 kB]
Get:131 http://127.0.0.1:12990/debian sid/main amd64 libijs-0.35 amd64 0.35-15 [16.4 kB]
Get:132 http://127.0.0.1:12990/debian sid/main amd64 libjbig2dec0 amd64 0.17-1 [63.5 kB]
Get:133 http://127.0.0.1:12990/debian sid/main amd64 libjpeg62-turbo amd64 1:1.5.2-2+b1 [134 kB]
Get:134 http://127.0.0.1:12990/debian sid/main amd64 liblcms2-2 amd64 2.9-4 [146 kB]
Get:135 http://127.0.0.1:12990/debian sid/main amd64 libopenjp2-7 amd64 2.3.1-1 [159 kB]
Get:136 http://127.0.0.1:12990/debian sid/main amd64 libjbig0 amd64 2.1-3.1+b2 [31.0 kB]
Get:137 http://127.0.0.1:12990/debian sid/main amd64 libwebp6 amd64 0.6.1-2+b1 [261 kB]
Get:138 http://127.0.0.1:12990/debian sid/main amd64 libtiff5 amd64 4.1.0+git191117-2 [271 kB]
Get:139 http://127.0.0.1:12990/debian sid/main amd64 libgs9 amd64 9.50~dfsg-5 [2227 kB]
Get:140 http://127.0.0.1:12990/debian sid/main amd64 ghostscript amd64 9.50~dfsg-5 [95.8 kB]
Get:141 http://127.0.0.1:12990/debian sid/main amd64 texlive-fonts-recommended all 2019.20200218-1 [5002 kB]
Get:142 http://127.0.0.1:12990/debian sid/main amd64 doxygen-latex all 1.8.16-2 [253 kB]
Get:143 http://127.0.0.1:12990/debian sid/main amd64 libpthread-stubs0-dev amd64 0.4-1 [5344 B]
Get:144 http://127.0.0.1:12990/debian sid/main amd64 libraw1394-11 amd64 2.1.2-1+b1 [47.2 kB]
Get:145 http://127.0.0.1:12990/debian sid/main amd64 libraw1394-dev amd64 2.1.2-1+b1 [57.9 kB]
Get:146 http://127.0.0.1:12990/debian sid/main amd64 libusb-1.0-0 amd64 2:1.0.23-2 [58.0 kB]
Get:147 http://127.0.0.1:12990/debian sid/main amd64 libusb-1.0-0-dev amd64 2:1.0.23-2 [77.6 kB]
Get:148 http://127.0.0.1:12990/debian sid/main amd64 xorg-sgml-doctools all 1:1.11-1 [21.9 kB]
Get:149 http://127.0.0.1:12990/debian sid/main amd64 x11proto-dev all 2018.4-4 [251 kB]
Get:150 http://127.0.0.1:12990/debian sid/main amd64 x11proto-core-dev all 2018.4-4 [3128 B]
Get:151 http://127.0.0.1:12990/debian sid/main amd64 libxau-dev amd64 1:1.0.8-1+b2 [23.1 kB]
Get:152 http://127.0.0.1:12990/debian sid/main amd64 libxdmcp-dev amd64 1:1.1.2-3 [42.2 kB]
Get:153 http://127.0.0.1:12990/debian sid/main amd64 xtrans-dev all 1.3.5-1 [100 kB]
Get:154 http://127.0.0.1:12990/debian sid/main amd64 libxcb1-dev amd64 1.13.1-5 [174 kB]
Get:155 http://127.0.0.1:12990/debian sid/main amd64 libx11-dev amd64 2:1.6.8-1 [822 kB]
Get:156 http://127.0.0.1:12990/debian sid/main amd64 x11proto-xext-dev all 2018.4-4 [3128 B]
Get:157 http://127.0.0.1:12990/debian sid/main amd64 libxext-dev amd64 2:1.3.3-1+b2 [107 kB]
Get:158 http://127.0.0.1:12990/debian sid/main amd64 libxv1 amd64 2:1.0.11-1 [24.6 kB]
Get:159 http://127.0.0.1:12990/debian sid/main amd64 libxv-dev amd64 2:1.0.11-1 [48.1 kB]
Get:160 http://127.0.0.1:12990/debian sid/main amd64 pkg-config amd64 0.29-6 [63.5 kB]
debconf: delaying package configuration, since apt-utils is not installed
Fetched 239 MB in 2s (98.1 MB/s)
Selecting previously unselected package bsdmainutils.
(Reading database ... 12960 files and directories currently installed.)
Preparing to unpack .../0-bsdmainutils_11.1.2+b1_amd64.deb ...
Unpacking bsdmainutils (11.1.2+b1) ...
Selecting previously unselected package libuchardet0:amd64.
Preparing to unpack .../1-libuchardet0_0.0.6-3_amd64.deb ...
Unpacking libuchardet0:amd64 (0.0.6-3) ...
Selecting previously unselected package groff-base.
Preparing to unpack .../2-groff-base_1.22.4-4_amd64.deb ...
Unpacking groff-base (1.22.4-4) ...
Selecting previously unselected package libpipeline1:amd64.
Preparing to unpack .../3-libpipeline1_1.5.2-2_amd64.deb ...
Unpacking libpipeline1:amd64 (1.5.2-2) ...
Selecting previously unselected package man-db.
Preparing to unpack .../4-man-db_2.9.0-2_amd64.deb ...
Unpacking man-db (2.9.0-2) ...
Selecting previously unselected package poppler-data.
Preparing to unpack .../5-poppler-data_0.4.9-2_all.deb ...
Unpacking poppler-data (0.4.9-2) ...
Selecting previously unselected package libssl1.1:amd64.
Preparing to unpack .../6-libssl1.1_1.1.1d-2_amd64.deb ...
Unpacking libssl1.1:amd64 (1.1.1d-2) ...
Selecting previously unselected package libpython3.7-minimal:amd64.
Preparing to unpack .../7-libpython3.7-minimal_3.7.6-1+b1_amd64.deb ...
Unpacking libpython3.7-minimal:amd64 (3.7.6-1+b1) ...
Selecting previously unselected package libexpat1:amd64.
Preparing to unpack .../8-libexpat1_2.2.9-1_amd64.deb ...
Unpacking libexpat1:amd64 (2.2.9-1) ...
Selecting previously unselected package python3.7-minimal.
Preparing to unpack .../9-python3.7-minimal_3.7.6-1+b1_amd64.deb ...
Unpacking python3.7-minimal (3.7.6-1+b1) ...
Setting up libssl1.1:amd64 (1.1.1d-2) ...
Setting up libpython3.7-minimal:amd64 (3.7.6-1+b1) ...
Setting up libexpat1:amd64 (2.2.9-1) ...
Setting up python3.7-minimal (3.7.6-1+b1) ...
Selecting previously unselected package python3-minimal.
(Reading database ... 14387 files and directories currently installed.)
Preparing to unpack .../0-python3-minimal_3.7.5-3_amd64.deb ...
Unpacking python3-minimal (3.7.5-3) ...
Selecting previously unselected package mime-support.
Preparing to unpack .../1-mime-support_3.64_all.deb ...
Unpacking mime-support (3.64) ...
Selecting previously unselected package libmpdec2:amd64.
Preparing to unpack .../2-libmpdec2_2.4.2-2_amd64.deb ...
Unpacking libmpdec2:amd64 (2.4.2-2) ...
Selecting previously unselected package readline-common.
Preparing to unpack .../3-readline-common_8.0-4_all.deb ...
Unpacking readline-common (8.0-4) ...
Selecting previously unselected package libreadline8:amd64.
Preparing to unpack .../4-libreadline8_8.0-4_amd64.deb ...
Unpacking libreadline8:amd64 (8.0-4) ...
Selecting previously unselected package libsqlite3-0:amd64.
Preparing to unpack .../5-libsqlite3-0_3.31.1-3_amd64.deb ...
Unpacking libsqlite3-0:amd64 (3.31.1-3) ...
Selecting previously unselected package libpython3.7-stdlib:amd64.
Preparing to unpack .../6-libpython3.7-stdlib_3.7.6-1+b1_amd64.deb ...
Unpacking libpython3.7-stdlib:amd64 (3.7.6-1+b1) ...
Selecting previously unselected package python3.7.
Preparing to unpack .../7-python3.7_3.7.6-1+b1_amd64.deb ...
Unpacking python3.7 (3.7.6-1+b1) ...
Selecting previously unselected package libpython3-stdlib:amd64.
Preparing to unpack .../8-libpython3-stdlib_3.7.5-3_amd64.deb ...
Unpacking libpython3-stdlib:amd64 (3.7.5-3) ...
Setting up python3-minimal (3.7.5-3) ...
Selecting previously unselected package python3.
(Reading database ... 14858 files and directories currently installed.)
Preparing to unpack .../000-python3_3.7.5-3_amd64.deb ...
Unpacking python3 (3.7.5-3) ...
Selecting previously unselected package sensible-utils.
Preparing to unpack .../001-sensible-utils_0.0.12+nmu1_all.deb ...
Unpacking sensible-utils (0.0.12+nmu1) ...
Selecting previously unselected package ucf.
Preparing to unpack .../002-ucf_3.0038+nmu1_all.deb ...
Moving old data out of the way
Unpacking ucf (3.0038+nmu1) ...
Selecting previously unselected package tex-common.
Preparing to unpack .../003-tex-common_6.13_all.deb ...
Unpacking tex-common (6.13) ...
Selecting previously unselected package libmagic-mgc.
Preparing to unpack .../004-libmagic-mgc_1%3a5.38-4_amd64.deb ...
Unpacking libmagic-mgc (1:5.38-4) ...
Selecting previously unselected package libmagic1:amd64.
Preparing to unpack .../005-libmagic1_1%3a5.38-4_amd64.deb ...
Unpacking libmagic1:amd64 (1:5.38-4) ...
Selecting previously unselected package file.
Preparing to unpack .../006-file_1%3a5.38-4_amd64.deb ...
Unpacking file (1:5.38-4) ...
Selecting previously unselected package gettext-base.
Preparing to unpack .../007-gettext-base_0.19.8.1-10_amd64.deb ...
Unpacking gettext-base (0.19.8.1-10) ...
Selecting previously unselected package libsigsegv2:amd64.
Preparing to unpack .../008-libsigsegv2_2.12-2_amd64.deb ...
Unpacking libsigsegv2:amd64 (2.12-2) ...
Selecting previously unselected package m4.
Preparing to unpack .../009-m4_1.4.18-4_amd64.deb ...
Unpacking m4 (1.4.18-4) ...
Selecting previously unselected package autoconf.
Preparing to unpack .../010-autoconf_2.69-11.1_all.deb ...
Unpacking autoconf (2.69-11.1) ...
Selecting previously unselected package autotools-dev.
Preparing to unpack .../011-autotools-dev_20180224.1_all.deb ...
Unpacking autotools-dev (20180224.1) ...
Selecting previously unselected package automake.
Preparing to unpack .../012-automake_1%3a1.16.1-4_all.deb ...
Unpacking automake (1:1.16.1-4) ...
Selecting previously unselected package autopoint.
Preparing to unpack .../013-autopoint_0.19.8.1-10_all.deb ...
Unpacking autopoint (0.19.8.1-10) ...
Selecting previously unselected package chrpath.
Preparing to unpack .../014-chrpath_0.16-2+b1_amd64.deb ...
Unpacking chrpath (0.16-2+b1) ...
Selecting previously unselected package libpaper1:amd64.
Preparing to unpack .../015-libpaper1_1.1.28+b1_amd64.deb ...
Unpacking libpaper1:amd64 (1.1.28+b1) ...
Selecting previously unselected package libpaper-utils.
Preparing to unpack .../016-libpaper-utils_1.1.28+b1_amd64.deb ...
Unpacking libpaper-utils (1.1.28+b1) ...
Selecting previously unselected package libkpathsea6:amd64.
Preparing to unpack .../017-libkpathsea6_2019.20190605.51237-3_amd64.deb ...
Unpacking libkpathsea6:amd64 (2019.20190605.51237-3) ...
Selecting previously unselected package libptexenc1:amd64.
Preparing to unpack .../018-libptexenc1_2019.20190605.51237-3_amd64.deb ...
Unpacking libptexenc1:amd64 (2019.20190605.51237-3) ...
Selecting previously unselected package libsynctex2:amd64.
Preparing to unpack .../019-libsynctex2_2019.20190605.51237-3_amd64.deb ...
Unpacking libsynctex2:amd64 (2019.20190605.51237-3) ...
Selecting previously unselected package libtexlua53:amd64.
Preparing to unpack .../020-libtexlua53_2019.20190605.51237-3_amd64.deb ...
Unpacking libtexlua53:amd64 (2019.20190605.51237-3) ...
Selecting previously unselected package libtexluajit2:amd64.
Preparing to unpack .../021-libtexluajit2_2019.20190605.51237-3_amd64.deb ...
Unpacking libtexluajit2:amd64 (2019.20190605.51237-3) ...
Selecting previously unselected package t1utils.
Preparing to unpack .../022-t1utils_1.41-3_amd64.deb ...
Unpacking t1utils (1.41-3) ...
Selecting previously unselected package libpng16-16:amd64.
Preparing to unpack .../023-libpng16-16_1.6.37-2_amd64.deb ...
Unpacking libpng16-16:amd64 (1.6.37-2) ...
Selecting previously unselected package libfreetype6:amd64.
Preparing to unpack .../024-libfreetype6_2.10.1-2_amd64.deb ...
Unpacking libfreetype6:amd64 (2.10.1-2) ...
Selecting previously unselected package fonts-dejavu-core.
Preparing to unpack .../025-fonts-dejavu-core_2.37-1_all.deb ...
Unpacking fonts-dejavu-core (2.37-1) ...
Selecting previously unselected package fontconfig-config.
Preparing to unpack .../026-fontconfig-config_2.13.1-2_all.deb ...
Unpacking fontconfig-config (2.13.1-2) ...
Selecting previously unselected package libfontconfig1:amd64.
Preparing to unpack .../027-libfontconfig1_2.13.1-2+b1_amd64.deb ...
Unpacking libfontconfig1:amd64 (2.13.1-2+b1) ...
Selecting previously unselected package libpixman-1-0:amd64.
Preparing to unpack .../028-libpixman-1-0_0.36.0-1_amd64.deb ...
Unpacking libpixman-1-0:amd64 (0.36.0-1) ...
Selecting previously unselected package libxau6:amd64.
Preparing to unpack .../029-libxau6_1%3a1.0.8-1+b2_amd64.deb ...
Unpacking libxau6:amd64 (1:1.0.8-1+b2) ...
Selecting previously unselected package libxdmcp6:amd64.
Preparing to unpack .../030-libxdmcp6_1%3a1.1.2-3_amd64.deb ...
Unpacking libxdmcp6:amd64 (1:1.1.2-3) ...
Selecting previously unselected package libxcb1:amd64.
Preparing to unpack .../031-libxcb1_1.13.1-5_amd64.deb ...
Unpacking libxcb1:amd64 (1.13.1-5) ...
Selecting previously unselected package libx11-data.
Preparing to unpack .../032-libx11-data_2%3a1.6.8-1_all.deb ...
Unpacking libx11-data (2:1.6.8-1) ...
Selecting previously unselected package libx11-6:amd64.
Preparing to unpack .../033-libx11-6_2%3a1.6.8-1_amd64.deb ...
Unpacking libx11-6:amd64 (2:1.6.8-1) ...
Selecting previously unselected package libxcb-render0:amd64.
Preparing to unpack .../034-libxcb-render0_1.13.1-5_amd64.deb ...
Unpacking libxcb-render0:amd64 (1.13.1-5) ...
Selecting previously unselected package libxcb-shm0:amd64.
Preparing to unpack .../035-libxcb-shm0_1.13.1-5_amd64.deb ...
Unpacking libxcb-shm0:amd64 (1.13.1-5) ...
Selecting previously unselected package libxext6:amd64.
Preparing to unpack .../036-libxext6_2%3a1.3.3-1+b2_amd64.deb ...
Unpacking libxext6:amd64 (2:1.3.3-1+b2) ...
Selecting previously unselected package libxrender1:amd64.
Preparing to unpack .../037-libxrender1_1%3a0.9.10-1_amd64.deb ...
Unpacking libxrender1:amd64 (1:0.9.10-1) ...
Selecting previously unselected package libcairo2:amd64.
Preparing to unpack .../038-libcairo2_1.16.0-4_amd64.deb ...
Unpacking libcairo2:amd64 (1.16.0-4) ...
Selecting previously unselected package libgraphite2-3:amd64.
Preparing to unpack .../039-libgraphite2-3_1.3.13-11_amd64.deb ...
Unpacking libgraphite2-3:amd64 (1.3.13-11) ...
Selecting previously unselected package libglib2.0-0:amd64.
Preparing to unpack .../040-libglib2.0-0_2.62.4-2_amd64.deb ...
Unpacking libglib2.0-0:amd64 (2.62.4-2) ...
Selecting previously unselected package libharfbuzz0b:amd64.
Preparing to unpack .../041-libharfbuzz0b_2.6.4-1_amd64.deb ...
Unpacking libharfbuzz0b:amd64 (2.6.4-1) ...
Selecting previously unselected package libicu63:amd64.
Preparing to unpack .../042-libicu63_63.2-2_amd64.deb ...
Unpacking libicu63:amd64 (63.2-2) ...
Selecting previously unselected package libharfbuzz-icu0:amd64.
Preparing to unpack .../043-libharfbuzz-icu0_2.6.4-1_amd64.deb ...
Unpacking libharfbuzz-icu0:amd64 (2.6.4-1) ...
Selecting previously unselected package libteckit0:amd64.
Preparing to unpack .../044-libteckit0_2.5.8+ds2-5_amd64.deb ...
Unpacking libteckit0:amd64 (2.5.8+ds2-5) ...
Selecting previously unselected package x11-common.
Preparing to unpack .../045-x11-common_1%3a7.7+20_all.deb ...
Unpacking x11-common (1:7.7+20) ...
Selecting previously unselected package libice6:amd64.
Preparing to unpack .../046-libice6_2%3a1.0.9-2_amd64.deb ...
Unpacking libice6:amd64 (2:1.0.9-2) ...
Selecting previously unselected package libsm6:amd64.
Preparing to unpack .../047-libsm6_2%3a1.2.3-1_amd64.deb ...
Unpacking libsm6:amd64 (2:1.2.3-1) ...
Selecting previously unselected package libxt6:amd64.
Preparing to unpack .../048-libxt6_1%3a1.1.5-1+b3_amd64.deb ...
Unpacking libxt6:amd64 (1:1.1.5-1+b3) ...
Selecting previously unselected package libxmu6:amd64.
Preparing to unpack .../049-libxmu6_2%3a1.1.2-2+b3_amd64.deb ...
Unpacking libxmu6:amd64 (2:1.1.2-2+b3) ...
Selecting previously unselected package libxpm4:amd64.
Preparing to unpack .../050-libxpm4_1%3a3.5.12-1_amd64.deb ...
Unpacking libxpm4:amd64 (1:3.5.12-1) ...
Selecting previously unselected package libxaw7:amd64.
Preparing to unpack .../051-libxaw7_2%3a1.0.13-1+b2_amd64.deb ...
Unpacking libxaw7:amd64 (2:1.0.13-1+b2) ...
Selecting previously unselected package libxi6:amd64.
Preparing to unpack .../052-libxi6_2%3a1.7.9-1_amd64.deb ...
Unpacking libxi6:amd64 (2:1.7.9-1) ...
Selecting previously unselected package libzzip-0-13:amd64.
Preparing to unpack .../053-libzzip-0-13_0.13.62-3.2_amd64.deb ...
Unpacking libzzip-0-13:amd64 (0.13.62-3.2) ...
Selecting previously unselected package texlive-binaries.
Preparing to unpack .../054-texlive-binaries_2019.20190605.51237-3_amd64.deb ...
Unpacking texlive-binaries (2019.20190605.51237-3) ...
Selecting previously unselected package xdg-utils.
Preparing to unpack .../055-xdg-utils_1.1.3-1_all.deb ...
Unpacking xdg-utils (1.1.3-1) ...
Selecting previously unselected package texlive-base.
Preparing to unpack .../056-texlive-base_2019.20200218-1_all.deb ...
Unpacking texlive-base (2019.20200218-1) ...
Selecting previously unselected package fonts-lmodern.
Preparing to unpack .../057-fonts-lmodern_2.004.5-6_all.deb ...
Unpacking fonts-lmodern (2.004.5-6) ...
Selecting previously unselected package texlive-latex-base.
Preparing to unpack .../058-texlive-latex-base_2019.20200218-1_all.deb ...
Unpacking texlive-latex-base (2019.20200218-1) ...
Selecting previously unselected package texlive-latex-recommended.
Preparing to unpack .../059-texlive-latex-recommended_2019.20200218-1_all.deb ...
Unpacking texlive-latex-recommended (2019.20200218-1) ...
Selecting previously unselected package cm-super-minimal.
Preparing to unpack .../060-cm-super-minimal_0.3.4-15_all.deb ...
Unpacking cm-super-minimal (0.3.4-15) ...
Selecting previously unselected package libtool.
Preparing to unpack .../061-libtool_2.4.6-13_all.deb ...
Unpacking libtool (2.4.6-13) ...
Selecting previously unselected package dh-autoreconf.
Preparing to unpack .../062-dh-autoreconf_19_all.deb ...
Unpacking dh-autoreconf (19) ...
Selecting previously unselected package libdebhelper-perl.
Preparing to unpack .../063-libdebhelper-perl_12.9_all.deb ...
Unpacking libdebhelper-perl (12.9) ...
Selecting previously unselected package libarchive-zip-perl.
Preparing to unpack .../064-libarchive-zip-perl_1.67-1_all.deb ...
Unpacking libarchive-zip-perl (1.67-1) ...
Selecting previously unselected package libsub-override-perl.
Preparing to unpack .../065-libsub-override-perl_0.09-2_all.deb ...
Unpacking libsub-override-perl (0.09-2) ...
Selecting previously unselected package libfile-stripnondeterminism-perl.
Preparing to unpack .../066-libfile-stripnondeterminism-perl_1.6.3-2_all.deb ...
Unpacking libfile-stripnondeterminism-perl (1.6.3-2) ...
Selecting previously unselected package dh-strip-nondeterminism.
Preparing to unpack .../067-dh-strip-nondeterminism_1.6.3-2_all.deb ...
Unpacking dh-strip-nondeterminism (1.6.3-2) ...
Selecting previously unselected package libelf1:amd64.
Preparing to unpack .../068-libelf1_0.176-1.1_amd64.deb ...
Unpacking libelf1:amd64 (0.176-1.1) ...
Selecting previously unselected package dwz.
Preparing to unpack .../069-dwz_0.13-5_amd64.deb ...
Unpacking dwz (0.13-5) ...
Selecting previously unselected package libxml2:amd64.
Preparing to unpack .../070-libxml2_2.9.10+dfsg-3_amd64.deb ...
Unpacking libxml2:amd64 (2.9.10+dfsg-3) ...
Selecting previously unselected package libcroco3:amd64.
Preparing to unpack .../071-libcroco3_0.6.13-1_amd64.deb ...
Unpacking libcroco3:amd64 (0.6.13-1) ...
Selecting previously unselected package gettext.
Preparing to unpack .../072-gettext_0.19.8.1-10_amd64.deb ...
Unpacking gettext (0.19.8.1-10) ...
Selecting previously unselected package intltool-debian.
Preparing to unpack .../073-intltool-debian_0.35.0+20060710.5_all.deb ...
Unpacking intltool-debian (0.35.0+20060710.5) ...
Selecting previously unselected package po-debconf.
Preparing to unpack .../074-po-debconf_1.0.21_all.deb ...
Unpacking po-debconf (1.0.21) ...
Selecting previously unselected package debhelper.
Preparing to unpack .../075-debhelper_12.9_all.deb ...
Unpacking debhelper (12.9) ...
Selecting previously unselected package libllvm9:amd64.
Preparing to unpack .../076-libllvm9_1%3a9.0.1-8_amd64.deb ...
Unpacking libllvm9:amd64 (1:9.0.1-8) ...
Selecting previously unselected package libclang1-9.
Preparing to unpack .../077-libclang1-9_1%3a9.0.1-8_amd64.deb ...
Unpacking libclang1-9 (1:9.0.1-8) ...
Selecting previously unselected package libxapian30:amd64.
Preparing to unpack .../078-libxapian30_1.4.14-2_amd64.deb ...
Unpacking libxapian30:amd64 (1.4.14-2) ...
Selecting previously unselected package doxygen.
Preparing to unpack .../079-doxygen_1.8.16-2_amd64.deb ...
Unpacking doxygen (1.8.16-2) ...
Selecting previously unselected package libthai-data.
Preparing to unpack .../080-libthai-data_0.1.28-3_all.deb ...
Unpacking libthai-data (0.1.28-3) ...
Selecting previously unselected package libdatrie1:amd64.
Preparing to unpack .../081-libdatrie1_0.2.12-3_amd64.deb ...
Unpacking libdatrie1:amd64 (0.2.12-3) ...
Selecting previously unselected package libthai0:amd64.
Preparing to unpack .../082-libthai0_0.1.28-3_amd64.deb ...
Unpacking libthai0:amd64 (0.1.28-3) ...
Selecting previously unselected package libsombok3:amd64.
Preparing to unpack .../083-libsombok3_2.4.0-2+b1_amd64.deb ...
Unpacking libsombok3:amd64 (2.4.0-2+b1) ...
Selecting previously unselected package libmime-charset-perl.
Preparing to unpack .../084-libmime-charset-perl_1.012.2-1_all.deb ...
Unpacking libmime-charset-perl (1.012.2-1) ...
Selecting previously unselected package libunicode-linebreak-perl.
Preparing to unpack .../085-libunicode-linebreak-perl_0.0.20190101-1+b2_amd64.deb ...
Unpacking libunicode-linebreak-perl (0.0.20190101-1+b2) ...
Selecting previously unselected package texlive-extra-utils.
Preparing to unpack .../086-texlive-extra-utils_2019.202000218-1_all.deb ...
Unpacking texlive-extra-utils (2019.202000218-1) ...
Selecting previously unselected package libapache-pom-java.
Preparing to unpack .../087-libapache-pom-java_18-1_all.deb ...
Unpacking libapache-pom-java (18-1) ...
Selecting previously unselected package libcommons-parent-java.
Preparing to unpack .../088-libcommons-parent-java_43-1_all.deb ...
Unpacking libcommons-parent-java (43-1) ...
Selecting previously unselected package libcommons-logging-java.
Preparing to unpack .../089-libcommons-logging-java_1.2-2_all.deb ...
Unpacking libcommons-logging-java (1.2-2) ...
Selecting previously unselected package libfontbox-java.
Preparing to unpack .../090-libfontbox-java_1%3a1.8.16-2_all.deb ...
Unpacking libfontbox-java (1:1.8.16-2) ...
Selecting previously unselected package libpdfbox-java.
Preparing to unpack .../091-libpdfbox-java_1%3a1.8.16-2_all.deb ...
Unpacking libpdfbox-java (1:1.8.16-2) ...
Selecting previously unselected package preview-latex-style.
Preparing to unpack .../092-preview-latex-style_11.91-2_all.deb ...
Unpacking preview-latex-style (11.91-2) ...
Selecting previously unselected package texlive-pictures.
Preparing to unpack .../093-texlive-pictures_2019.20200218-1_all.deb ...
Unpacking texlive-pictures (2019.20200218-1) ...
Selecting previously unselected package texlive-latex-extra.
Preparing to unpack .../094-texlive-latex-extra_2019.202000218-1_all.deb ...
Unpacking texlive-latex-extra (2019.202000218-1) ...
Selecting previously unselected package texlive-plain-generic.
Preparing to unpack .../095-texlive-plain-generic_2019.202000218-1_all.deb ...
Unpacking texlive-plain-generic (2019.202000218-1) ...
Selecting previously unselected package texlive-font-utils.
Preparing to unpack .../096-texlive-font-utils_2019.202000218-1_all.deb ...
Unpacking texlive-font-utils (2019.202000218-1) ...
Selecting previously unselected package fonts-urw-base35.
Preparing to unpack .../097-fonts-urw-base35_20170801.1-3_all.deb ...
Unpacking fonts-urw-base35 (20170801.1-3) ...
Selecting previously unselected package libgs9-common.
Preparing to unpack .../098-libgs9-common_9.50~dfsg-5_all.deb ...
Unpacking libgs9-common (9.50~dfsg-5) ...
Selecting previously unselected package libavahi-common-data:amd64.
Preparing to unpack .../099-libavahi-common-data_0.7-5_amd64.deb ...
Unpacking libavahi-common-data:amd64 (0.7-5) ...
Selecting previously unselected package libavahi-common3:amd64.
Preparing to unpack .../100-libavahi-common3_0.7-5_amd64.deb ...
Unpacking libavahi-common3:amd64 (0.7-5) ...
Selecting previously unselected package libdbus-1-3:amd64.
Preparing to unpack .../101-libdbus-1-3_1.12.16-2_amd64.deb ...
Unpacking libdbus-1-3:amd64 (1.12.16-2) ...
Selecting previously unselected package libavahi-client3:amd64.
Preparing to unpack .../102-libavahi-client3_0.7-5_amd64.deb ...
Unpacking libavahi-client3:amd64 (0.7-5) ...
Selecting previously unselected package libkeyutils1:amd64.
Preparing to unpack .../103-libkeyutils1_1.6.1-2_amd64.deb ...
Unpacking libkeyutils1:amd64 (1.6.1-2) ...
Selecting previously unselected package libkrb5support0:amd64.
Preparing to unpack .../104-libkrb5support0_1.17-6_amd64.deb ...
Unpacking libkrb5support0:amd64 (1.17-6) ...
Selecting previously unselected package libk5crypto3:amd64.
Preparing to unpack .../105-libk5crypto3_1.17-6_amd64.deb ...
Unpacking libk5crypto3:amd64 (1.17-6) ...
Selecting previously unselected package libkrb5-3:amd64.
Preparing to unpack .../106-libkrb5-3_1.17-6_amd64.deb ...
Unpacking libkrb5-3:amd64 (1.17-6) ...
Selecting previously unselected package libgssapi-krb5-2:amd64.
Preparing to unpack .../107-libgssapi-krb5-2_1.17-6_amd64.deb ...
Unpacking libgssapi-krb5-2:amd64 (1.17-6) ...
Selecting previously unselected package libcups2:amd64.
Preparing to unpack .../108-libcups2_2.3.1-11_amd64.deb ...
Unpacking libcups2:amd64 (2.3.1-11) ...
Selecting previously unselected package libidn11:amd64.
Preparing to unpack .../109-libidn11_1.33-2.2_amd64.deb ...
Unpacking libidn11:amd64 (1.33-2.2) ...
Selecting previously unselected package libijs-0.35:amd64.
Preparing to unpack .../110-libijs-0.35_0.35-15_amd64.deb ...
Unpacking libijs-0.35:amd64 (0.35-15) ...
Selecting previously unselected package libjbig2dec0:amd64.
Preparing to unpack .../111-libjbig2dec0_0.17-1_amd64.deb ...
Unpacking libjbig2dec0:amd64 (0.17-1) ...
Selecting previously unselected package libjpeg62-turbo:amd64.
Preparing to unpack .../112-libjpeg62-turbo_1%3a1.5.2-2+b1_amd64.deb ...
Unpacking libjpeg62-turbo:amd64 (1:1.5.2-2+b1) ...
Selecting previously unselected package liblcms2-2:amd64.
Preparing to unpack .../113-liblcms2-2_2.9-4_amd64.deb ...
Unpacking liblcms2-2:amd64 (2.9-4) ...
Selecting previously unselected package libopenjp2-7:amd64.
Preparing to unpack .../114-libopenjp2-7_2.3.1-1_amd64.deb ...
Unpacking libopenjp2-7:amd64 (2.3.1-1) ...
Selecting previously unselected package libjbig0:amd64.
Preparing to unpack .../115-libjbig0_2.1-3.1+b2_amd64.deb ...
Unpacking libjbig0:amd64 (2.1-3.1+b2) ...
Selecting previously unselected package libwebp6:amd64.
Preparing to unpack .../116-libwebp6_0.6.1-2+b1_amd64.deb ...
Unpacking libwebp6:amd64 (0.6.1-2+b1) ...
Selecting previously unselected package libtiff5:amd64.
Preparing to unpack .../117-libtiff5_4.1.0+git191117-2_amd64.deb ...
Unpacking libtiff5:amd64 (4.1.0+git191117-2) ...
Selecting previously unselected package libgs9:amd64.
Preparing to unpack .../118-libgs9_9.50~dfsg-5_amd64.deb ...
Unpacking libgs9:amd64 (9.50~dfsg-5) ...
Selecting previously unselected package ghostscript.
Preparing to unpack .../119-ghostscript_9.50~dfsg-5_amd64.deb ...
Unpacking ghostscript (9.50~dfsg-5) ...
Selecting previously unselected package texlive-fonts-recommended.
Preparing to unpack .../120-texlive-fonts-recommended_2019.20200218-1_all.deb ...
Unpacking texlive-fonts-recommended (2019.20200218-1) ...
Selecting previously unselected package doxygen-latex.
Preparing to unpack .../121-doxygen-latex_1.8.16-2_all.deb ...
Unpacking doxygen-latex (1.8.16-2) ...
Selecting previously unselected package libpthread-stubs0-dev:amd64.
Preparing to unpack .../122-libpthread-stubs0-dev_0.4-1_amd64.deb ...
Unpacking libpthread-stubs0-dev:amd64 (0.4-1) ...
Selecting previously unselected package libraw1394-11:amd64.
Preparing to unpack .../123-libraw1394-11_2.1.2-1+b1_amd64.deb ...
Unpacking libraw1394-11:amd64 (2.1.2-1+b1) ...
Selecting previously unselected package libraw1394-dev:amd64.
Preparing to unpack .../124-libraw1394-dev_2.1.2-1+b1_amd64.deb ...
Unpacking libraw1394-dev:amd64 (2.1.2-1+b1) ...
Selecting previously unselected package libusb-1.0-0:amd64.
Preparing to unpack .../125-libusb-1.0-0_2%3a1.0.23-2_amd64.deb ...
Unpacking libusb-1.0-0:amd64 (2:1.0.23-2) ...
Selecting previously unselected package libusb-1.0-0-dev:amd64.
Preparing to unpack .../126-libusb-1.0-0-dev_2%3a1.0.23-2_amd64.deb ...
Unpacking libusb-1.0-0-dev:amd64 (2:1.0.23-2) ...
Selecting previously unselected package xorg-sgml-doctools.
Preparing to unpack .../127-xorg-sgml-doctools_1%3a1.11-1_all.deb ...
Unpacking xorg-sgml-doctools (1:1.11-1) ...
Selecting previously unselected package x11proto-dev.
Preparing to unpack .../128-x11proto-dev_2018.4-4_all.deb ...
Unpacking x11proto-dev (2018.4-4) ...
Selecting previously unselected package x11proto-core-dev.
Preparing to unpack .../129-x11proto-core-dev_2018.4-4_all.deb ...
Unpacking x11proto-core-dev (2018.4-4) ...
Selecting previously unselected package libxau-dev:amd64.
Preparing to unpack .../130-libxau-dev_1%3a1.0.8-1+b2_amd64.deb ...
Unpacking libxau-dev:amd64 (1:1.0.8-1+b2) ...
Selecting previously unselected package libxdmcp-dev:amd64.
Preparing to unpack .../131-libxdmcp-dev_1%3a1.1.2-3_amd64.deb ...
Unpacking libxdmcp-dev:amd64 (1:1.1.2-3) ...
Selecting previously unselected package xtrans-dev.
Preparing to unpack .../132-xtrans-dev_1.3.5-1_all.deb ...
Unpacking xtrans-dev (1.3.5-1) ...
Selecting previously unselected package libxcb1-dev:amd64.
Preparing to unpack .../133-libxcb1-dev_1.13.1-5_amd64.deb ...
Unpacking libxcb1-dev:amd64 (1.13.1-5) ...
Selecting previously unselected package libx11-dev:amd64.
Preparing to unpack .../134-libx11-dev_2%3a1.6.8-1_amd64.deb ...
Unpacking libx11-dev:amd64 (2:1.6.8-1) ...
Selecting previously unselected package x11proto-xext-dev.
Preparing to unpack .../135-x11proto-xext-dev_2018.4-4_all.deb ...
Unpacking x11proto-xext-dev (2018.4-4) ...
Selecting previously unselected package libxext-dev:amd64.
Preparing to unpack .../136-libxext-dev_2%3a1.3.3-1+b2_amd64.deb ...
Unpacking libxext-dev:amd64 (2:1.3.3-1+b2) ...
Selecting previously unselected package libxv1:amd64.
Preparing to unpack .../137-libxv1_2%3a1.0.11-1_amd64.deb ...
Unpacking libxv1:amd64 (2:1.0.11-1) ...
Selecting previously unselected package libxv-dev:amd64.
Preparing to unpack .../138-libxv-dev_2%3a1.0.11-1_amd64.deb ...
Unpacking libxv-dev:amd64 (2:1.0.11-1) ...
Selecting previously unselected package pkg-config.
Preparing to unpack .../139-pkg-config_0.29-6_amd64.deb ...
Unpacking pkg-config (0.29-6) ...
Selecting previously unselected package sbuild-build-depends-main-dummy.
Preparing to unpack .../140-sbuild-build-depends-main-dummy_0.invalid.0_amd64.deb ...
Unpacking sbuild-build-depends-main-dummy (0.invalid.0) ...
Setting up libpipeline1:amd64 (1.5.2-2) ...
Setting up libgraphite2-3:amd64 (1.3.13-11) ...
Setting up liblcms2-2:amd64 (2.9-4) ...
Setting up libpixman-1-0:amd64 (0.36.0-1) ...
Setting up libxapian30:amd64 (1.4.14-2) ...
Setting up libxau6:amd64 (1:1.0.8-1+b2) ...
Setting up libxdmcp6:amd64 (1:1.1.2-3) ...
Setting up libraw1394-11:amd64 (2.1.2-1+b1) ...
Setting up libkeyutils1:amd64 (1.6.1-2) ...
Setting up libxcb1:amd64 (1.13.1-5) ...
Setting up mime-support (3.64) ...
Setting up libdatrie1:amd64 (0.2.12-3) ...
Setting up libmagic-mgc (1:5.38-4) ...
Setting up libtexlua53:amd64 (2019.20190605.51237-3) ...
Setting up libxcb-render0:amd64 (1.13.1-5) ...
Setting up libarchive-zip-perl (1.67-1) ...
Setting up libglib2.0-0:amd64 (2.62.4-2) ...
No schema files found: doing nothing.
Setting up libijs-0.35:amd64 (0.35-15) ...
Setting up libraw1394-dev:amd64 (2.1.2-1+b1) ...
Setting up libtexluajit2:amd64 (2019.20190605.51237-3) ...
Setting up libdebhelper-perl (12.9) ...
Setting up libfontbox-java (1:1.8.16-2) ...
Setting up libsqlite3-0:amd64 (3.31.1-3) ...
Setting up x11-common (1:7.7+20) ...
update-rc.d: warning: start and stop actions are no longer supported; falling back to defaults
invoke-rc.d: could not determine current runlevel
All runlevel operations denied by policy
invoke-rc.d: policy-rc.d denied execution of start.
Setting up libmagic1:amd64 (1:5.38-4) ...
Setting up gettext-base (0.19.8.1-10) ...
Setting up libxcb-shm0:amd64 (1.13.1-5) ...
Setting up libzzip-0-13:amd64 (0.13.62-3.2) ...
Setting up file (1:5.38-4) ...
Setting up fonts-urw-base35 (20170801.1-3) ...
Setting up libpthread-stubs0-dev:amd64 (0.4-1) ...
Setting up libjbig0:amd64 (2.1-3.1+b2) ...
Setting up libicu63:amd64 (63.2-2) ...
Setting up poppler-data (0.4.9-2) ...
Setting up libkrb5support0:amd64 (1.17-6) ...
Setting up xtrans-dev (1.3.5-1) ...
Setting up autotools-dev (20180224.1) ...
Setting up libjpeg62-turbo:amd64 (1:1.5.2-2+b1) ...
Setting up libx11-data (2:1.6.8-1) ...
Setting up libjbig2dec0:amd64 (0.17-1) ...
Setting up libidn11:amd64 (1.33-2.2) ...
Setting up libteckit0:amd64 (2.5.8+ds2-5) ...
Setting up libapache-pom-java (18-1) ...
Setting up libavahi-common-data:amd64 (0.7-5) ...
Setting up libdbus-1-3:amd64 (1.12.16-2) ...
Setting up libsigsegv2:amd64 (2.12-2) ...
Setting up t1utils (1.41-3) ...
Setting up bsdmainutils (11.1.2+b1) ...
update-alternatives: using /usr/bin/bsd-write to provide /usr/bin/write (write) in auto mode
update-alternatives: using /usr/bin/bsd-from to provide /usr/bin/from (from) in auto mode
Setting up libpng16-16:amd64 (1.6.37-2) ...
Setting up autopoint (0.19.8.1-10) ...
Setting up libwebp6:amd64 (0.6.1-2+b1) ...
Setting up pkg-config (0.29-6) ...
Setting up fonts-dejavu-core (2.37-1) ...
Setting up libk5crypto3:amd64 (1.17-6) ...
Setting up libkpathsea6:amd64 (2019.20190605.51237-3) ...
Setting up sensible-utils (0.0.12+nmu1) ...
Setting up libmime-charset-perl (1.012.2-1) ...
Setting up libuchardet0:amd64 (0.0.6-3) ...
Setting up fonts-lmodern (2.004.5-6) ...
Setting up libopenjp2-7:amd64 (2.3.1-1) ...
Setting up libsub-override-perl (0.09-2) ...
Setting up libx11-6:amd64 (2:1.6.8-1) ...
Setting up libthai-data (0.1.28-3) ...
Setting up xorg-sgml-doctools (1:1.11-1) ...
Setting up libkrb5-3:amd64 (1.17-6) ...
Setting up libtiff5:amd64 (4.1.0+git191117-2) ...
Setting up libusb-1.0-0:amd64 (2:1.0.23-2) ...
Setting up libmpdec2:amd64 (2.4.2-2) ...
Setting up libelf1:amd64 (0.176-1.1) ...
Setting up readline-common (8.0-4) ...
Setting up libxml2:amd64 (2.9.10+dfsg-3) ...
Setting up xdg-utils (1.1.3-1) ...
Setting up libllvm9:amd64 (1:9.0.1-8) ...
Setting up chrpath (0.16-2+b1) ...
Setting up libsynctex2:amd64 (2019.20190605.51237-3) ...
Setting up libgs9-common (9.50~dfsg-5) ...
Setting up x11proto-dev (2018.4-4) ...
Setting up libfile-stripnondeterminism-perl (1.6.3-2) ...
Setting up libice6:amd64 (2:1.0.9-2) ...
Setting up libpdfbox-java (1:1.8.16-2) ...
Setting up libxau-dev:amd64 (1:1.0.8-1+b2) ...
Setting up libxpm4:amd64 (1:3.5.12-1) ...
Setting up libxrender1:amd64 (1:0.9.10-1) ...
Setting up libtool (2.4.6-13) ...
Setting up libclang1-9 (1:9.0.1-8) ...
Setting up libreadline8:amd64 (8.0-4) ...
Setting up libcommons-parent-java (43-1) ...
Setting up libavahi-common3:amd64 (0.7-5) ...
Setting up libcommons-logging-java (1.2-2) ...
Setting up libxext6:amd64 (2:1.3.3-1+b2) ...
Setting up libusb-1.0-0-dev:amd64 (2:1.0.23-2) ...
Setting up m4 (1.4.18-4) ...
Setting up libthai0:amd64 (0.1.28-3) ...
Setting up libxdmcp-dev:amd64 (1:1.1.2-3) ...
Setting up doxygen (1.8.16-2) ...
Setting up libptexenc1:amd64 (2019.20190605.51237-3) ...
Setting up libfreetype6:amd64 (2.10.1-2) ...
Setting up x11proto-core-dev (2018.4-4) ...
Setting up libxv1:amd64 (2:1.0.11-1) ...
Setting up libgssapi-krb5-2:amd64 (1.17-6) ...
Setting up libcroco3:amd64 (0.6.13-1) ...
Setting up ucf (3.0038+nmu1) ...
Setting up autoconf (2.69-11.1) ...
Setting up dh-strip-nondeterminism (1.6.3-2) ...
Setting up x11proto-xext-dev (2018.4-4) ...
Setting up dwz (0.13-5) ...
Setting up groff-base (1.22.4-4) ...
Setting up libharfbuzz0b:amd64 (2.6.4-1) ...
Setting up libsm6:amd64 (2:1.2.3-1) ...
Setting up libavahi-client3:amd64 (0.7-5) ...
Setting up automake (1:1.16.1-4) ...
update-alternatives: using /usr/bin/automake-1.16 to provide /usr/bin/automake (automake) in auto mode
Setting up libpaper1:amd64 (1.1.28+b1) ...

Creating config file /etc/papersize with new version
Setting up libpython3.7-stdlib:amd64 (3.7.6-1+b1) ...
Setting up gettext (0.19.8.1-10) ...
Setting up libharfbuzz-icu0:amd64 (2.6.4-1) ...
Setting up libxcb1-dev:amd64 (1.13.1-5) ...
Setting up libxi6:amd64 (2:1.7.9-1) ...
Setting up libsombok3:amd64 (2.4.0-2+b1) ...
Setting up fontconfig-config (2.13.1-2) ...
Setting up libx11-dev:amd64 (2:1.6.8-1) ...
Setting up libpaper-utils (1.1.28+b1) ...
Setting up man-db (2.9.0-2) ...
Not building database; man-db/auto-update is not 'true'.
Setting up intltool-debian (0.35.0+20060710.5) ...
Setting up tex-common (6.13) ...
update-language: texlive-base not installed and configured, doing nothing!
Setting up libunicode-linebreak-perl (0.0.20190101-1+b2) ...
Setting up libxt6:amd64 (1:1.1.5-1+b3) ...
Setting up libxext-dev:amd64 (2:1.3.3-1+b2) ...
Setting up libcups2:amd64 (2.3.1-11) ...
Setting up libfontconfig1:amd64 (2.13.1-2+b1) ...
Setting up libpython3-stdlib:amd64 (3.7.5-3) ...
Setting up python3.7 (3.7.6-1+b1) ...
Setting up libxmu6:amd64 (2:1.1.2-2+b3) ...
Setting up libgs9:amd64 (9.50~dfsg-5) ...
Setting up po-debconf (1.0.21) ...
Setting up preview-latex-style (11.91-2) ...
Setting up python3 (3.7.5-3) ...
Setting up libxaw7:amd64 (2:1.0.13-1+b2) ...
Setting up ghostscript (9.50~dfsg-5) ...
Setting up libcairo2:amd64 (1.16.0-4) ...
Setting up libxv-dev:amd64 (2:1.0.11-1) ...
Setting up texlive-binaries (2019.20190605.51237-3) ...
update-alternatives: using /usr/bin/xdvi-xaw to provide /usr/bin/xdvi.bin (xdvi.bin) in auto mode
update-alternatives: using /usr/bin/bibtex.original to provide /usr/bin/bibtex (bibtex) in auto mode
Setting up texlive-base (2019.20200218-1) ...
tl-paper: setting paper size for dvips to a4: /var/lib/texmf/dvips/config/config-paper.ps
tl-paper: setting paper size for dvipdfmx to a4: /var/lib/texmf/dvipdfmx/dvipdfmx-paper.cfg
tl-paper: setting paper size for xdvi to a4: /var/lib/texmf/xdvi/XDvi-paper
tl-paper: setting paper size for pdftex to a4: /var/lib/texmf/tex/generic/config/pdftexconfig.tex
Setting up texlive-plain-generic (2019.202000218-1) ...
Setting up texlive-font-utils (2019.202000218-1) ...
Setting up texlive-latex-base (2019.20200218-1) ...
Setting up texlive-extra-utils (2019.202000218-1) ...
Setting up texlive-latex-recommended (2019.20200218-1) ...
Setting up texlive-pictures (2019.20200218-1) ...
Setting up texlive-fonts-recommended (2019.20200218-1) ...
Setting up cm-super-minimal (0.3.4-15) ...
Setting up texlive-latex-extra (2019.202000218-1) ...
Setting up doxygen-latex (1.8.16-2) ...
Setting up dh-autoreconf (19) ...
Setting up debhelper (12.9) ...
Setting up sbuild-build-depends-main-dummy (0.invalid.0) ...
Processing triggers for libc-bin (2.29-10) ...
Processing triggers for tex-common (6.13) ...
Running updmap-sys. This may take some time... done.
Running mktexlsr /var/lib/texmf ... done.
Building format(s) --all.
	This may take some time... done.

+------------------------------------------------------------------------------+
| Check architectures                                                          |
+------------------------------------------------------------------------------+

Arch check ok (amd64 included in any all)

+------------------------------------------------------------------------------+
| Build environment                                                            |
+------------------------------------------------------------------------------+

Kernel: Linux 4.19.0-6-cloud-amd64 #1 SMP Debian 4.19.67-2+deb10u2 (2019-11-11) amd64 (x86_64)
Toolchain package versions: binutils_2.34-3 dpkg-dev_1.19.7 g++-9_9.2.1-30 gcc-9_9.2.1-30 libc6-dev_2.29-10 libstdc++-9-dev_9.2.1-30 libstdc++6_10-20200222-1 linux-libc-dev_5.4.19-1
Package versions: adduser_3.118 apt_1.8.4 autoconf_2.69-11.1 automake_1:1.16.1-4 autopoint_0.19.8.1-10 autotools-dev_20180224.1 base-files_11 base-passwd_3.5.47 bash_5.0-6 binutils_2.34-3 binutils-common_2.34-3 binutils-x86-64-linux-gnu_2.34-3 bsdmainutils_11.1.2+b1 bsdutils_1:2.34-0.1 build-essential_12.8 bzip2_1.0.8-2 chrpath_0.16-2+b1 clang-10_1:10.0.0~+rc2-1 cm-super-minimal_0.3.4-15 coreutils_8.30-3+b1 cpp_4:9.2.1-3.1 cpp-9_9.2.1-30 dash_0.5.10.2-6 debconf_1.5.73 debhelper_12.9 debian-archive-keyring_2019.1 debianutils_4.9.1 dh-autoreconf_19 dh-strip-nondeterminism_1.6.3-2 diffutils_1:3.7-3 doxygen_1.8.16-2 doxygen-latex_1.8.16-2 dpkg_1.19.7 dpkg-dev_1.19.7 dwz_0.13-5 e2fsprogs_1.45.5-2 fakeroot_1.24-1 fdisk_2.34-0.1 file_1:5.38-4 findutils_4.7.0-1 fontconfig-config_2.13.1-2 fonts-dejavu-core_2.37-1 fonts-lmodern_2.004.5-6 fonts-urw-base35_20170801.1-3 g++_4:9.2.1-3.1 g++-9_9.2.1-30 gcc_4:9.2.1-3.1 gcc-10-base_10-20200222-1 gcc-9_9.2.1-30 gcc-9-base_9.2.1-30 gettext_0.19.8.1-10 gettext-base_0.19.8.1-10 ghostscript_9.50~dfsg-5 gpgv_2.2.19-1 grep_3.4-1 groff-base_1.22.4-4 gzip_1.9-3+b1 hostname_3.23 init-system-helpers_1.57 intltool-debian_0.35.0+20060710.5 lib32gcc-s1_10-20200222-1 lib32gcc1_1:10-20200222-1 lib32stdc++6_10-20200222-1 libacl1_2.2.53-5 libapache-pom-java_18-1 libapt-pkg5.0_1.8.4 libarchive-zip-perl_1.67-1 libasan5_9.2.1-30 libatomic1_10-20200222-1 libattr1_1:2.4.48-5 libaudit-common_1:2.8.5-2 libaudit1_1:2.8.5-2+b1 libavahi-client3_0.7-5 libavahi-common-data_0.7-5 libavahi-common3_0.7-5 libbinutils_2.34-3 libblkid1_2.34-0.1 libbsd0_0.10.0-1 libbz2-1.0_1.0.8-2 libc-bin_2.29-10 libc-dev-bin_2.29-10 libc6_2.29-10 libc6-dev_2.29-10 libc6-i386_2.29-10 libcairo2_1.16.0-4 libcap-ng0_0.7.9-2.1+b1 libcc1-0_10-20200222-1 libclang-common-10-dev_1:10.0.0~+rc2-1 libclang-cpp10_1:10.0.0~+rc2-1 libclang1-10_1:10.0.0~+rc2-1 libclang1-9_1:9.0.1-8 libcom-err2_1.45.5-2 libcommons-logging-java_1.2-2 libcommons-parent-java_43-1 libcroco3_0.6.13-1 libcrypt-dev_1:4.4.10-10 libcrypt1_1:4.4.10-10 libctf-nobfd0_2.34-3 libctf0_2.34-3 libcups2_2.3.1-11 libdatrie1_0.2.12-3 libdb5.3_5.3.28+dfsg1-0.6 libdbus-1-3_1.12.16-2 libdebconfclient0_0.251 libdebhelper-perl_12.9 libdpkg-perl_1.19.7 libedit2_3.1-20191231-1 libelf1_0.176-1.1 libexpat1_2.2.9-1 libext2fs2_1.45.5-2 libfakeroot_1.24-1 libfdisk1_2.34-0.1 libffi7_3.3-3 libfile-stripnondeterminism-perl_1.6.3-2 libfontbox-java_1:1.8.16-2 libfontconfig1_2.13.1-2+b1 libfreetype6_2.10.1-2 libgc1c2_1:7.6.4-0.4 libgcc-9-dev_9.2.1-30 libgcc-s1_10-20200222-1 libgcc1_1:10-20200222-1 libgcrypt20_1.8.5-5 libgdbm-compat4_1.18.1-5 libgdbm6_1.18.1-5 libglib2.0-0_2.62.4-2 libgmp10_2:6.2.0+dfsg-4 libgnutls30_3.6.12-2 libgomp1_10-20200222-1 libgpg-error0_1.37-1 libgraphite2-3_1.3.13-11 libgs9_9.50~dfsg-5 libgs9-common_9.50~dfsg-5 libgssapi-krb5-2_1.17-6 libharfbuzz-icu0_2.6.4-1 libharfbuzz0b_2.6.4-1 libhogweed5_3.5.1+really3.5.1-2 libice6_2:1.0.9-2 libicu63_63.2-2 libidn11_1.33-2.2 libidn2-0_2.2.0-2 libijs-0.35_0.35-15 libisl22_0.22.1-1 libitm1_10-20200222-1 libjbig0_2.1-3.1+b2 libjbig2dec0_0.17-1 libjpeg62-turbo_1:1.5.2-2+b1 libk5crypto3_1.17-6 libkeyutils1_1.6.1-2 libkpathsea6_2019.20190605.51237-3 libkrb5-3_1.17-6 libkrb5support0_1.17-6 liblcms2-2_2.9-4 libllvm10_1:10.0.0~+rc2-1 libllvm9_1:9.0.1-8 liblsan0_10-20200222-1 liblz4-1_1.9.2-2 liblzma5_5.2.4-1+b1 libmagic-mgc_1:5.38-4 libmagic1_1:5.38-4 libmime-charset-perl_1.012.2-1 libmount1_2.34-0.1 libmpc3_1.1.0-1 libmpdec2_2.4.2-2 libmpfr6_4.0.2-1 libncursesw6_6.1+20191019-1 libnettle7_3.5.1+really3.5.1-2 libobjc-9-dev_9.2.1-30 libobjc4_10-20200222-1 libomp-10-dev_1:10.0.0~+rc2-1 libomp5-10_1:10.0.0~+rc2-1 libopenjp2-7_2.3.1-1 libp11-kit0_0.23.20-1 libpam-modules_1.3.1-5 libpam-modules-bin_1.3.1-5 libpam-runtime_1.3.1-5 libpam0g_1.3.1-5 libpaper-utils_1.1.28+b1 libpaper1_1.1.28+b1 libpcre2-8-0_10.34-7 libpcre3_2:8.39-12+b1 libpdfbox-java_1:1.8.16-2 libperl5.30_5.30.0-9 libpipeline1_1.5.2-2 libpixman-1-0_0.36.0-1 libpng16-16_1.6.37-2 libptexenc1_2019.20190605.51237-3 libpthread-stubs0-dev_0.4-1 libpython3-stdlib_3.7.5-3 libpython3.7-minimal_3.7.6-1+b1 libpython3.7-stdlib_3.7.6-1+b1 libquadmath0_10-20200222-1 libraw1394-11_2.1.2-1+b1 libraw1394-dev_2.1.2-1+b1 libreadline8_8.0-4 libseccomp2_2.4.2-2 libselinux1_3.0-1+b1 libsemanage-common_3.0-1 libsemanage1_3.0-1+b1 libsepol1_3.0-1 libsigsegv2_2.12-2 libsm6_2:1.2.3-1 libsmartcols1_2.34-0.1 libsombok3_2.4.0-2+b1 libsqlite3-0_3.31.1-3 libss2_1.45.5-2 libssl1.1_1.1.1d-2 libstdc++-9-dev_9.2.1-30 libstdc++6_10-20200222-1 libsub-override-perl_0.09-2 libsynctex2_2019.20190605.51237-3 libsystemd0_244.3-1 libtasn1-6_4.16.0-2 libteckit0_2.5.8+ds2-5 libtexlua53_2019.20190605.51237-3 libtexluajit2_2019.20190605.51237-3 libthai-data_0.1.28-3 libthai0_0.1.28-3 libtiff5_4.1.0+git191117-2 libtinfo6_6.1+20191019-1 libtool_2.4.6-13 libtsan0_10-20200222-1 libubsan1_10-20200222-1 libuchardet0_0.0.6-3 libudev1_244.3-1 libunicode-linebreak-perl_0.0.20190101-1+b2 libunistring2_0.9.10-2 libusb-1.0-0_2:1.0.23-2 libusb-1.0-0-dev_2:1.0.23-2 libuuid1_2.34-0.1 libwebp6_0.6.1-2+b1 libx11-6_2:1.6.8-1 libx11-data_2:1.6.8-1 libx11-dev_2:1.6.8-1 libxapian30_1.4.14-2 libxau-dev_1:1.0.8-1+b2 libxau6_1:1.0.8-1+b2 libxaw7_2:1.0.13-1+b2 libxcb-render0_1.13.1-5 libxcb-shm0_1.13.1-5 libxcb1_1.13.1-5 libxcb1-dev_1.13.1-5 libxdmcp-dev_1:1.1.2-3 libxdmcp6_1:1.1.2-3 libxext-dev_2:1.3.3-1+b2 libxext6_2:1.3.3-1+b2 libxi6_2:1.7.9-1 libxml2_2.9.10+dfsg-3 libxmu6_2:1.1.2-2+b3 libxpm4_1:3.5.12-1 libxrender1_1:0.9.10-1 libxt6_1:1.1.5-1+b3 libxv-dev_2:1.0.11-1 libxv1_2:1.0.11-1 libz3-4_4.8.7-4 libzstd1_1.4.4+dfsg-3 libzzip-0-13_0.13.62-3.2 linux-libc-dev_5.4.19-1 login_1:4.8.1-1 logsave_1.45.5-2 lsb-base_11.1.0 m4_1.4.18-4 make_4.2.1-1.2 man-db_2.9.0-2 mawk_1.3.4.20200120-2 mime-support_3.64 mount_2.34-0.1 ncurses-base_6.1+20191019-1 ncurses-bin_6.1+20191019-1 passwd_1:4.8.1-1 patch_2.7.6-6 perl_5.30.0-9 perl-base_5.30.0-9 perl-modules-5.30_5.30.0-9 pkg-config_0.29-6 po-debconf_1.0.21 poppler-data_0.4.9-2 preview-latex-style_11.91-2 python3_3.7.5-3 python3-minimal_3.7.5-3 python3.7_3.7.6-1+b1 python3.7-minimal_3.7.6-1+b1 readline-common_8.0-4 sbuild-build-depends-main-dummy_0.invalid.0 sed_4.7-1 sensible-utils_0.0.12+nmu1 sysvinit-utils_2.96-2.1 t1utils_1.41-3 tar_1.30+dfsg-6+b1 tex-common_6.13 texlive-base_2019.20200218-1 texlive-binaries_2019.20190605.51237-3 texlive-extra-utils_2019.202000218-1 texlive-font-utils_2019.202000218-1 texlive-fonts-recommended_2019.20200218-1 texlive-latex-base_2019.20200218-1 texlive-latex-extra_2019.202000218-1 texlive-latex-recommended_2019.20200218-1 texlive-pictures_2019.20200218-1 texlive-plain-generic_2019.202000218-1 tzdata_2019c-3 ucf_3.0038+nmu1 util-linux_2.34-0.1 x11-common_1:7.7+20 x11proto-core-dev_2018.4-4 x11proto-dev_2018.4-4 x11proto-xext-dev_2018.4-4 xdg-utils_1.1.3-1 xorg-sgml-doctools_1:1.11-1 xtrans-dev_1.3.5-1 xz-utils_5.2.4-1+b1 zlib1g_1:1.2.11.dfsg-2

+------------------------------------------------------------------------------+
| Build                                                                        |
+------------------------------------------------------------------------------+


Unpack source
-------------

-----BEGIN PGP SIGNED MESSAGE-----
Hash: SHA512

Format: 3.0 (quilt)
Source: libdc1394-22
Binary: libdc1394-22-dev, libdc1394-22, libdc1394-22-doc, libdc1394-utils
Architecture: any all
Version: 2.2.5-2.1
Maintainer: Guus Sliepen <guus@debian.org>
Uploaders: Peter De Schrijver (p2) <p2@debian.org>
Homepage: http://damien.douxchamps.net/ieee1394/libdc1394/
Standards-Version: 4.3.0
Build-Depends: debhelper-compat (= 12), dpkg-dev (>= 1.16.0), libraw1394-dev (>= 2.0.1), libusb-1.0-0-dev, libx11-dev, libxv-dev, pkg-config, chrpath, doxygen-latex, texlive-latex-recommended, texlive-fonts-recommended
Package-List:
 libdc1394-22 deb libs optional arch=any
 libdc1394-22-dev deb libdevel optional arch=any
 libdc1394-22-doc deb doc optional arch=all
 libdc1394-utils deb utils optional arch=any
Checksums-Sha1:
 dae8a3ea7d800d438d813e1a14155cced5912a29 611918 libdc1394-22_2.2.5.orig.tar.gz
 8c6e2836553565cc8976665e281341aeeba28339 6668 libdc1394-22_2.2.5-2.1.debian.tar.xz
Checksums-Sha256:
 350cc8d08aee5ffc4e1f3049e2e1c2bc6660642d424595157da97ab5b1263337 611918 libdc1394-22_2.2.5.orig.tar.gz
 cf8c6566d08a011a084ca157e984414f849077ff3c6f6659dbf246302fc5d53b 6668 libdc1394-22_2.2.5-2.1.debian.tar.xz
Files:
 01acfcde2cc85863b0acb90dcffa1659 611918 libdc1394-22_2.2.5.orig.tar.gz
 fc73d65d6a8138c268d7291eac8cd202 6668 libdc1394-22_2.2.5-2.1.debian.tar.xz

-----BEGIN PGP SIGNATURE-----

iQIzBAEBCgAdFiEEfncpR22H1vEdkazLwpPntGGCWs4FAl16srQACgkQwpPntGGC
Ws5f9A/9HiMg+B/gjCJOjHwHtVXrr3XwMsiO8U/rqTawDQ1F3mAMzAmbj/S4dP9b
Wx5cj9pGTX9jUUIss4aFptZJqjBat9UdVjH96rqhZVaJ3rKBgpTUdgGZJ8El+p1J
ICVPFCd29nteASevE8amBJCH+uJS3U2OnfbSgIjxLxcRLslnuoe81eqs3J/qaEJJ
koeVF+PKKnleORFyy2WpyjxNj+4cUVaEEP3I5mBwaOQqmGGxVwSiMYWbst35CKfx
udvDsOXMIu5/lr+3w3YlZZKMEtzWNb4e62bQLIVxwiFPYCUqF+BKACteIbh1UIbW
haFPSRDKV/Br49DIN3p3YK8jZZasHNKsbMGVxmFeTnPTLGmHaVUHGHEYXYK02VQz
jI5qneed5JrHSzGeVyMkFJqCFcaY+jlj5OMlovKborqhQDXjRotg0mj2jNiAl5Sj
unXCXj34GlYQu5o6mluIdayivAmrAeEnWkszhjzsz3ioxSs1FlIJsGzFeyWTpTjO
djg6APFkNwfXf+cNGHdkEya0pUyGso9ZQV++QYqWyn8iUJXL3XKVtpLjguopyZV8
cUhCrIhxlJ/035EwGptcfiGg2GgNDjUJ4lR/y2/Tlzr84w74SZ813HAurpwSYwW+
NvvyuCJCe8WQFeUhtS839hVuK7wPQvOSYeRVkVm8nk1z+oAuyV0=
=pnBh
-----END PGP SIGNATURE-----

gpgv: unknown type of key resource 'trustedkeys.kbx'
gpgv: keyblock resource '/sbuild-nonexistent/.gnupg/trustedkeys.kbx': General error
gpgv: Signature made Thu Sep 12 21:03:48 2019 UTC
gpgv:                using RSA key 7E7729476D87D6F11D91ACCBC293E7B461825ACE
gpgv: Can't check signature: No public key
dpkg-source: warning: failed to verify signature on ./libdc1394-22_2.2.5-2.1.dsc
dpkg-source: info: extracting libdc1394-22 in /<<PKGBUILDDIR>>
dpkg-source: info: unpacking libdc1394-22_2.2.5.orig.tar.gz
dpkg-source: info: unpacking libdc1394-22_2.2.5-2.1.debian.tar.xz
dpkg-source: info: using patch list from debian/patches/series
dpkg-source: info: applying fix-declaration-of-dc1394_get_image_size_from_video_mode
dpkg-source: info: applying link-with-pthread
dpkg-source: info: applying dont-install-all-manpages-for-examples
dpkg-source: info: applying dont-check-for-sdl

Check disk space
----------------

Sufficient free space for build

User Environment
----------------

APT_CONFIG=/var/lib/sbuild/apt.conf
HOME=/sbuild-nonexistent
LANG=C.UTF-8
LC_ALL=C.UTF-8
LOGNAME=user42
PATH=/usr/local/sbin:/usr/local/bin:/usr/sbin:/usr/bin:/sbin:/bin:/usr/games
SCHROOT_ALIAS_NAME=unstable
SCHROOT_CHROOT_NAME=sid-amd64-sbuild
SCHROOT_COMMAND=env
SCHROOT_GID=1001
SCHROOT_GROUP=user42
SCHROOT_SESSION_ID=sid-amd64-sbuild-1d238ced-61b7-4b3d-9939-40dd53b5f09e
SCHROOT_UID=1001
SCHROOT_USER=user42
SHELL=/bin/sh
USER=user42

dpkg-buildpackage
-----------------

Command: dpkg-buildpackage -us -uc -b -rfakeroot
dpkg-buildpackage: info: source package libdc1394-22
dpkg-buildpackage: info: source version 2.2.5-2.1
dpkg-buildpackage: info: source distribution unstable
dpkg-buildpackage: info: source changed by Boyuan Yang <byang@debian.org>
 dpkg-source --before-build .
dpkg-buildpackage: info: host architecture amd64
 fakeroot debian/rules clean
dh clean
   dh_clean
 debian/rules build
dh build
   dh_update_autotools_config
   dh_autoreconf
libtoolize: putting auxiliary files in '.'.
libtoolize: copying file './ltmain.sh'
libtoolize: putting macros in AC_CONFIG_MACRO_DIRS, 'm4'.
libtoolize: copying file 'm4/libtool.m4'
libtoolize: copying file 'm4/ltoptions.m4'
libtoolize: copying file 'm4/ltsugar.m4'
libtoolize: copying file 'm4/ltversion.m4'
libtoolize: copying file 'm4/lt~obsolete.m4'
libtoolize: Consider adding '-I m4' to ACLOCAL_AMFLAGS in Makefile.am.
configure.ac:29: installing './compile'
configure.ac:30: installing './missing'
dc1394/Makefile.am: installing './depcomp'
   debian/rules override_dh_auto_configure
make[1]: Entering directory '/<<PKGBUILDDIR>>'
dh_auto_configure -- --enable-doxygen-pdf --enable-doxygen-html
	./configure --build=x86_64-linux-gnu --prefix=/usr --includedir=\${prefix}/include --mandir=\${prefix}/share/man --infodir=\${prefix}/share/info --sysconfdir=/etc --localstatedir=/var --disable-silent-rules --libdir=\${prefix}/lib/x86_64-linux-gnu --runstatedir=/run --disable-maintainer-mode --disable-dependency-tracking --enable-doxygen-pdf --enable-doxygen-html
configure: WARNING: unrecognized options: --disable-maintainer-mode
checking build system type... x86_64-pc-linux-gnu
checking host system type... x86_64-pc-linux-gnu
checking target system type... x86_64-pc-linux-gnu
checking for doxygen... /usr/bin/doxygen
checking for perl... /usr/bin/perl
checking for pdflatex... /usr/bin/pdflatex
checking for makeindex... /usr/bin/makeindex
checking for egrep... /bin/egrep
checking for gcc... gcc
checking whether the C compiler works... yes
checking for C compiler default output file name... a.out
checking for suffix of executables... 
checking whether we are cross compiling... no
checking for suffix of object files... o
checking whether we are using the GNU C compiler... yes
checking whether gcc accepts -g... yes
checking for gcc option to accept ISO C89... none needed
checking whether gcc understands -c and -o together... yes
checking for ar... ar
checking the archiver (ar) interface... ar
checking for a BSD-compatible install... /usr/bin/install -c
checking whether build environment is sane... yes
checking for a thread-safe mkdir -p... /bin/mkdir -p
checking for gawk... no
checking for mawk... mawk
checking whether make sets $(MAKE)... yes
checking whether make supports the include directive... yes (GNU style)
checking whether make supports nested variables... yes
checking dependency style of gcc... none
checking for gcc... (cached) gcc
checking whether we are using the GNU C compiler... (cached) yes
checking whether gcc accepts -g... (cached) yes
checking for gcc option to accept ISO C89... (cached) none needed
checking whether gcc understands -c and -o together... (cached) yes
checking how to print strings... printf
checking for a sed that does not truncate output... /bin/sed
checking for grep that handles long lines and -e... /bin/grep
checking for egrep... /bin/grep -E
checking for fgrep... /bin/grep -F
checking for ld used by gcc... /usr/bin/ld
checking if the linker (/usr/bin/ld) is GNU ld... yes
checking for BSD- or MS-compatible name lister (nm)... /usr/bin/nm -B
checking the name lister (/usr/bin/nm -B) interface... BSD nm
checking whether ln -s works... yes
checking the maximum length of command line arguments... 1572864
checking how to convert x86_64-pc-linux-gnu file names to x86_64-pc-linux-gnu format... func_convert_file_noop
checking how to convert x86_64-pc-linux-gnu file names to toolchain format... func_convert_file_noop
checking for /usr/bin/ld option to reload object files... -r
checking for objdump... objdump
checking how to recognize dependent libraries... pass_all
checking for dlltool... no
checking how to associate runtime and link libraries... printf %s\n
checking for archiver @FILE support... @
checking for strip... strip
checking for ranlib... ranlib
checking command to parse /usr/bin/nm -B output from gcc object... ok
checking for sysroot... no
checking for a working dd... /bin/dd
checking how to truncate binary pipes... /bin/dd bs=4096 count=1
checking for mt... no
checking if : is a manifest tool... no
checking how to run the C preprocessor... gcc -E
checking for ANSI C header files... yes
checking for sys/types.h... yes
checking for sys/stat.h... yes
checking for stdlib.h... yes
checking for string.h... yes
checking for memory.h... yes
checking for strings.h... yes
checking for inttypes.h... yes
checking for stdint.h... yes
checking for unistd.h... yes
checking for dlfcn.h... yes
checking for objdir... .libs
checking if gcc supports -fno-rtti -fno-exceptions... yes
checking for gcc option to produce PIC... -fPIC -DPIC
checking if gcc PIC flag -fPIC -DPIC works... yes
checking if gcc static flag -static works... yes
checking if gcc supports -c -o file.o... yes
checking if gcc supports -c -o file.o... (cached) yes
checking whether the gcc linker (/usr/bin/ld -m elf_x86_64) supports shared libraries... yes
checking whether -lc should be explicitly linked in... no
checking dynamic linker characteristics... GNU/Linux ld.so
checking how to hardcode library paths into programs... immediate
checking whether stripping libraries is possible... yes
checking if libtool supports shared libraries... yes
checking whether to build shared libraries... yes
checking whether to build static libraries... yes
checking for pkg-config... /usr/bin/pkg-config
checking pkg-config is at least version 0.9.0... yes
checking for C/C++ restrict keyword... __restrict
checking for pow in -lm... yes
checking for LIBUSB... yes
checking for raw1394_channel_modify in -lraw1394... yes
checking for main in -lGL... no
checking linux/videodev.h usability... no
checking linux/videodev.h presence... no
checking for linux/videodev.h... no
checking for Xv extensions... no
checking for ANSI C header files... (cached) yes
checking for stdint.h... (cached) yes
checking fcntl.h usability... yes
checking fcntl.h presence... yes
checking for fcntl.h... yes
checking sys/ioctl.h usability... yes
checking sys/ioctl.h presence... yes
checking for sys/ioctl.h... yes
checking for unistd.h... (cached) yes
checking sys/mman.h usability... yes
checking sys/mman.h presence... yes
checking for sys/mman.h... yes
checking netinet/in.h usability... yes
checking netinet/in.h presence... yes
checking for netinet/in.h... yes
checking for X... libraries , headers 
checking for gethostbyname... yes
checking for connect... yes
checking for remove... yes
checking for shmat... yes
checking for IceConnectionNumber in -lICE... no
checking for size_t... yes
checking for stdlib.h... (cached) yes
checking for unistd.h... (cached) yes
checking for sys/param.h... yes
checking for getpagesize... yes
checking for working mmap... yes
checking that generated files are newer than configure... done
configure: creating ./config.status
config.status: creating Makefile
config.status: creating libdc1394-2.pc
config.status: creating dc1394/Makefile
config.status: creating dc1394/linux/Makefile
config.status: creating dc1394/juju/Makefile
config.status: creating dc1394/macosx/Makefile
config.status: creating dc1394/windows/Makefile
config.status: creating dc1394/usb/Makefile
config.status: creating dc1394/vendor/Makefile
config.status: creating examples/Makefile
config.status: creating config.h
config.status: executing depfiles commands
config.status: executing libtool commands
configure: WARNING: unrecognized options: --disable-maintainer-mode

Configuration (libdc1394):

    Linux support:                      Enabled
      Legacy drivers (libraw1394):      Enabled
    Mac OS X support:                   Disabled (Mac OS not detected)
    Windows support:                    Disabled (Windows not detected)
    IIDC-over-USB support:              Enabled
    Build examples:                     Yes
      Build SDL/OpenGL examples:        No
      Build XV examples:                No
      Build V4L examples:               No

make[1]: Leaving directory '/<<PKGBUILDDIR>>'
   debian/rules override_dh_auto_build
make[1]: Entering directory '/<<PKGBUILDDIR>>'
dh_auto_build -- all doxygen-pdf
	make -j4 all doxygen-pdf
make[2]: Entering directory '/<<PKGBUILDDIR>>'
rm -rf doc
SRCDIR='.' PROJECT='libdc1394' DOCDIR='doc' VERSION='2.2.5' PERL_PATH='/usr/bin/perl' HAVE_DOT='NO' GENERATE_MAN='NO' GENERATE_RTF='NO' GENERATE_XML='NO' GENERATE_HTMLHELP='NO' GENERATE_CHI='NO' GENERATE_HTML='YES' GENERATE_LATEX='YES' /usr/bin/doxygen ./Doxyfile.in
make  all-recursive
make[3]: Entering directory '/<<PKGBUILDDIR>>'
Making all in dc1394
make[4]: Entering directory '/<<PKGBUILDDIR>>/dc1394'
Making all in linux
make[5]: Entering directory '/<<PKGBUILDDIR>>/dc1394/linux'
/bin/bash ../../libtool  --tag=CC   --mode=compile gcc -DHAVE_CONFIG_H -I. -I../..   -Wdate-time -D_FORTIFY_SOURCE=2 -I../.. -I../../dc1394 -Wall -Wunused -std=gnu99 -g -O2 -fdebug-prefix-map=/<<PKGBUILDDIR>>=. -fstack-protector-strong -Wformat -Werror=format-security -c -o control.lo control.c
/bin/bash ../../libtool  --tag=CC   --mode=compile gcc -DHAVE_CONFIG_H -I. -I../..   -Wdate-time -D_FORTIFY_SOURCE=2 -I../.. -I../../dc1394 -Wall -Wunused -std=gnu99 -g -O2 -fdebug-prefix-map=/<<PKGBUILDDIR>>=. -fstack-protector-strong -Wformat -Werror=format-security -c -o capture.lo capture.c
warning: Tag 'DETAILS_AT_TOP' at line 172 of file './Doxyfile.in' has become obsolete.
         To avoid this warning please remove this line from your configuration file or upgrade it using "doxygen -u"
warning: Tag 'SHOW_DIRECTORIES' at line 418 of file './Doxyfile.in' has become obsolete.
         To avoid this warning please remove this line from your configuration file or upgrade it using "doxygen -u"
warning: Tag 'HTML_ALIGN_MEMBERS' at line 718 of file './Doxyfile.in' has become obsolete.
         To avoid this warning please remove this line from your configuration file or upgrade it using "doxygen -u"
warning: Tag 'XML_SCHEMA' at line 958 of file './Doxyfile.in' has become obsolete.
         To avoid this warning please remove this line from your configuration file or upgrade it using "doxygen -u"
warning: Tag 'XML_DTD' at line 964 of file './Doxyfile.in' has become obsolete.
         To avoid this warning please remove this line from your configuration file or upgrade it using "doxygen -u"
warning: Tag 'PERL_PATH' at line 1125 of file './Doxyfile.in' has become obsolete.
         To avoid this warning please remove this line from your configuration file or upgrade it using "doxygen -u"
warning: Tag 'MSCGEN_PATH' at line 1146 of file './Doxyfile.in' has become obsolete.
         To avoid this warning please remove this line from your configuration file or upgrade it using "doxygen -u"
Notice: Output directory 'doc' does not exist. I have created it for you.
Searching for include files...
Searching for example files...
Searching for files in directory /<<PKGBUILDDIR>>/examples
Searching for images...
Searching for dot files...
Searching for msc files...
Searching for dia files...
Searching for files to exclude
Searching INPUT for files to process...
Searching for files in directory /<<PKGBUILDDIR>>/dc1394
Searching for files in directory /<<PKGBUILDDIR>>/dc1394/juju
Searching for files in directory /<<PKGBUILDDIR>>/dc1394/linux
Searching for files in directory /<<PKGBUILDDIR>>/dc1394/macosx
Searching for files in directory /<<PKGBUILDDIR>>/dc1394/usb
Searching for files in directory /<<PKGBUILDDIR>>/dc1394/vendor
Searching for files in directory /<<PKGBUILDDIR>>/dc1394/windows
Reading and parsing tag files
Parsing files
Preprocessing /<<PKGBUILDDIR>>/dc1394/camera.h...
Parsing file /<<PKGBUILDDIR>>/dc1394/camera.h...
Preprocessing /<<PKGBUILDDIR>>/dc1394/capture.h...
Parsing file /<<PKGBUILDDIR>>/dc1394/capture.h...
Preprocessing /<<PKGBUILDDIR>>/dc1394/control.h...
Parsing file /<<PKGBUILDDIR>>/dc1394/control.h...
Preprocessing /<<PKGBUILDDIR>>/dc1394/conversions.h...
Parsing file /<<PKGBUILDDIR>>/dc1394/conversions.h...
Preprocessing /<<PKGBUILDDIR>>/dc1394/dc1394.h...
Parsing file /<<PKGBUILDDIR>>/dc1394/dc1394.h...
Preprocessing /<<PKGBUILDDIR>>/dc1394/format7.h...
Parsing file /<<PKGBUILDDIR>>/dc1394/format7.h...
Preprocessing /<<PKGBUILDDIR>>/dc1394/internal.h...
Parsing file /<<PKGBUILDDIR>>/dc1394/internal.h...
Preprocessing /<<PKGBUILDDIR>>/dc1394/iso.h...
Parsing file /<<PKGBUILDDIR>>/dc1394/iso.h...
Preprocessing /<<PKGBUILDDIR>>/dc1394/juju/firewire-cdev.h...
Parsing file /<<PKGBUILDDIR>>/dc1394/juju/firewire-cdev.h...
Preprocessing /<<PKGBUILDDIR>>/dc1394/juju/firewire-constants.h...
Parsing file /<<PKGBUILDDIR>>/dc1394/juju/firewire-constants.h...
Preprocessing /<<PKGBUILDDIR>>/dc1394/juju/juju.h...
Parsing file /<<PKGBUILDDIR>>/dc1394/juju/juju.h...
Preprocessing /<<PKGBUILDDIR>>/dc1394/linux/capture.h...
Parsing file /<<PKGBUILDDIR>>/dc1394/linux/capture.h...
Preprocessing /<<PKGBUILDDIR>>/dc1394/linux/control.h...
Parsing file /<<PKGBUILDDIR>>/dc1394/linux/control.h...
Preprocessing /<<PKGBUILDDIR>>/dc1394/linux/kernel-video1394.h...
Parsing file /<<PKGBUILDDIR>>/dc1394/linux/kernel-video1394.h...
Preprocessing /<<PKGBUILDDIR>>/dc1394/linux/linux.h...
Parsing file /<<PKGBUILDDIR>>/dc1394/linux/linux.h...
Preprocessing /<<PKGBUILDDIR>>/dc1394/log.h...
Parsing file /<<PKGBUILDDIR>>/dc1394/log.h...
Preprocessing /<<PKGBUILDDIR>>/dc1394/macosx/macosx.h...
Parsing file /<<PKGBUILDDIR>>/dc1394/macosx/macosx.h...
Preprocessing /<<PKGBUILDDIR>>/dc1394/macosx.h...
Parsing file /<<PKGBUILDDIR>>/dc1394/macosx.h...
Preprocessing /build/libdc1394-libtool: compile:  gcc -DHAVE_CONFIG_H -I. -I../.. -Wdate-time -D_FORTIFY_SOURCE=2 -I../.. -I../../dc1394 -Wall -Wunused -std=gnu99 -g -O2 -fdebug-prefix-map=/<<PKGBUILDDIR>>=. -fstack-protector-strong -Wformat -Werror=format-security -c capture.c  -fPIC -DPIC -o .libs/capture.o
libtool: compile:  gcc -DHAVE_CONFIG_H -I. -I../.. -Wdate-time -D_FORTIFY_SOURCE=2 -I../.. -I../../dc1394 -Wall -Wunused -std=gnu99 -g -O2 -fdebug-prefix-map=/<<PKGBUILDDIR>>=. -fstack-protector-strong -Wformat -Werror=format-security -c control.c  -fPIC -DPIC -o .libs/control.o
22-pnpnHQ/libdc1394-22-2.2.5/dc1394/offsets.h...
Parsing file /<<PKGBUILDDIR>>/dc1394/offsets.h...
Preprocessing /<<PKGBUILDDIR>>/dc1394/platform.h...
Parsing file /<<PKGBUILDDIR>>/dc1394/platform.h...
Preprocessing /<<PKGBUILDDIR>>/dc1394/register.h...
Parsing file /<<PKGBUILDDIR>>/dc1394/register.h...
Preprocessing /<<PKGBUILDDIR>>/dc1394/types.h...
Parsing file /<<PKGBUILDDIR>>/dc1394/types.h...
Preprocessing /<<PKGBUILDDIR>>/dc1394/usb/usb.h...
Parsing file /<<PKGBUILDDIR>>/dc1394/usb/usb.h...
Preprocessing /<<PKGBUILDDIR>>/dc1394/utils.h...
Parsing file /<<PKGBUILDDIR>>/dc1394/utils.h...
Preprocessing /<<PKGBUILDDIR>>/dc1394/vendor/avt.h...
Parsing file /<<PKGBUILDDIR>>/dc1394/vendor/avt.h...
Preprocessing /<<PKGBUILDDIR>>/dc1394/vendor/basler.h...
Parsing file /<<PKGBUILDDIR>>/dc1394/vendor/basler.h...
Preprocessing /<<PKGBUILDDIR>>/dc1394/vendor/basler_sff.h...
Parsing file /<<PKGBUILDDIR>>/dc1394/vendor/basler_sff.h...
Preprocessing /<<PKGBUILDDIR>>/dc1394/vendor/basler_sff_registry.h...
Parsing file /<<PKGBUILDDIR>>/dc1394/vendor/basler_sff_registry.h...
Preprocessing /<<PKGBUILDDIR>>/dc1394/vendor/pixelink.h...
Parsing file /<<PKGBUILDDIR>>/dc1394/vendor/pixelink.h...
Preprocessing /<<PKGBUILDDIR>>/dc1394/video.h...
Parsing file /<<PKGBUILDDIR>>/dc1394/video.h...
Preprocessing /<<PKGBUILDDIR>>/dc1394/windows/platform_windows.h...
Parsing file /<<PKGBUILDDIR>>/dc1394/windows/platform_windows.h...
Building group list...
Building directory list...
Building namespace list...
Building file list...
Building class list...
Computing nesting relations for classes...
Associating documentation with classes...
Building example list...
Searching for enumerations...
Searching for documented typedefs...
Searching for members imported via using declarations...
Searching for included using directives...
Searching for documented variables...
Building interface member list...
Building member list...
Searching for friends...
Searching for documented defines...
Computing class inheritance relations...
Computing class usage relations...
Flushing cached template relations that have become invalid...
Computing class relations...
Add enum values to enums...
Searching for member function documentation...
Creating members for template instances...
Building page list...
Search for main page...
Computing page relations...
Determining the scope of groups...
Sorting lists...
Determining which enums are documented
Computing member relations...
Building full member lists recursively...
Adding members to member groups.
Computing member references...
Inheriting documentation...
Generating disk names...
Adding source references...
Adding xrefitems...
Sorting member lists...
Setting anonymous enum type...
Computing dependencies between directories...
Generating citations page...
Counting members...
Counting data structures...
Resolving user defined references...
Finding anchors and sections in the documentation...
Transferring function references...
Combining using relations...
Adding members to index pages...
Correcting members for VHDL...
Generating style sheet...
Generating search indices...
Generating example documentation...
Generating file sources...
Generating file documentation...
Generating docs for file dc1394/camera.h...
Generating docs for file dc1394/capture.h...
Generating docs for file dc1394/control.h...
Generating docs /<<PKGBUILDDIR>>/dc1394/log.h:204: warning: argument 'message' of command @param is not found in the argument list of dc1394_log_register_handler(dc1394log_t type, void(*log_handler)(dc1394log_t type, const char *message, void *user), void *user)
/<<PKGBUILDDIR>>/dc1394/log.h:212: warning: The following parameters of dc1394_log_register_handler(dc1394log_t type, void(*log_handler)(dc1394log_t type, const char *message, void *user), void *user) are not documented:
  parameter 'user'
/<<PKGBUILDDIR>>/dc1394/juju/firewire-cdev.h:391: warning: Found unknown command '\immediate'
/<<PKGBUILDDIR>>/dc1394/juju/firewire-cdev.h:392: warning: Found unknown command '\key'
/<<PKGBUILDDIR>>/dc1394/juju/firewire-cdev.h:393: warning: Found unknown command '\data'
/<<PKGBUILDDIR>>/dc1394/juju/firewire-cdev.h:394: warning: Found unknown command '\length'
/<<PKGBUILDDIR>>/dc1394/juju/firewire-cdev.h:395: warning: Found unknown command '\handle'
/<<PKGBUILDDIR>>/dc1394/juju/firewire-cdev.h:400: warning: Found unknown command '\key'
/<<PKGBUILDDIR>>/dc1394/juju/firewire-cdev.h:401: warning: Found unknown command '\data'
/<<PKGBUILDDIR>>/dc1394/juju/firewire-cdev.h:401: warning: Found unknown command '\length'
/<<PKGBUILDDIR>>/dc1394/juju/firewire-cdev.h:401: warning: Found unknown command '\key'
/<<PKGBUILDDIR>>/dc1394/juju/firewire-cdev.h:405: warning: Found unknown command '\immediate'
/<<PKGBUILDDIR>>/dc1394/juju/firewire-cdev.h:408: warning: Found unknown command '\immediate'
/<<PKGBUILDDIR>>/dc1394/juju/firewire-cdev.h:408: warning: Found unknown command '\key'
/<<PKGBUILDDIR>>/dc1394/juju/firewire-cdev.h:408: warning: Found unknown command '\data'
/<<PKGBUILDDIR>>/dc1394/juju/firewire-cdev.h:342: warning: Found unknown command '\offset'
/<<PKGBUILDDIR>>/dc1394/juju/firewire-cdev.h:343: warning: Found unknown command '\closure'
/<<PKGBUILDDIR>>/dc1394/juju/firewire-cdev.h:344: warning: Found unknown command '\length'
/<<PKGBUILDDIR>>/dc1394/juju/firewire-cdev.h:345: warning: Found unknown command '\handle'
/<<PKGBUILDDIR>>/dc1394/juju/firewire-cdev.h:351: warning: Found unknown command '\closure'
/<<PKGBUILDDIR>>/dc1394/juju/firewire-cdev.h:352: warning: Found unknown command '\handle'
/<<PKGBUILDDIR>>/dc1394/juju/firewire-cdev.h:624: warning: Found unknown command '\closure'
/<<PKGBUILDDIR>>/dc1394/juju/firewire-cdev.h:625: warning: Found unknown command '\channels'
/<<PKGBUILDDIR>>/dc1394/juju/firewire-cdev.h:626: warning: Found unknown command '\bandwidth'
/<<PKGBUILDDIR>>/dc1394/juju/firewire-cdev.h:627: warning: Found unknown command '\handle'
/<<PKGBUILDDIR>>/dc1394/juju/firewire-cdev.h:632: warning: Found unknown command '\channels'
/<<PKGBUILDDIR>>/dc1394/juju/firewire-cdev.h:655: warning: Found unknown command '\handle'
/<<PKGBUILDDIR>>/dc1394/juju/firewire-cdev.h:659: warning: Found unknown command '\channels'
/<<PKGBUILDDIR>>/dc1394/juju/firewire-cdev.h:663: warning: Found unknown command '\bandwidth'
/<<PKGBUILDDIR>>/dc1394/juju/firewire-cdev.h:442: warning: Found unknown command '\type'
/<<PKGBUILDDIR>>/dc1394/juju/firewire-cdev.h:443: warning: Found unknown command '\header_size'
/<<PKGBUILDDIR>>/dc1394/juju/firewire-cdev.h:444: warning: Found unknown command '\channel'
/<<PKGBUILDDIR>>/dc1394/juju/firewire-cdev.h:445: warning: Found unknown command '\speed'
/<<PKGBUILDDIR>>/dc1394/juju/firewire-cdev.h:446: warning: Found unknown command '\closure'
/<<PKGBUILDDIR>>/dc1394/juju/firewire-cdev.h:447: warning: Found unknown command '\handle'
/<<PKGBUILDDIR>>/dc1394/juju/firewire-cdev.h:458: warning: Found unknown command '\header_size'
/<<PKGBUILDDIR>>/dc1394/juju/firewire-cdev.h:461: warning: Found unknown command '\header_size'
/<<PKGBUILDDIR>>/dc1394/juju/firewire-cdev.h:367: warning: Found unknown command '\handle'
/<<PKGBUILDDIR>>/dc1394/juju/firewire-cdev.h:203: warning: Found unknown command '\common'
/<<PKGBUILDDIR>>/dc1394/juju/firewire-cdev.h:204: warning: Found unknown command '\bus_reset'
/<<PKGBUILDDIR>>/dc1394/juju/firewire-cdev.h:204: warning: Found unknown command '\common'
/<<PKGBUILDDIR>>/dc1394/juju/firewire-cdev.h:205: warning: Found unknown command '\response'
/<<PKGBUILDDIR>>/dc1394/juju/firewire-cdev.h:205: warning: Found unknown command '\common'
/<<PKGBUILDDIR>>/dc1394/juju/firewire-cdev.h:206: warning: Found unknown command '\request'
/<<PKGBUILDDIR>>/dc1394/juju/firewire-cdev.h:206: warning: Found unknown command '\common'
/<<PKGBUILDDIR>>/dc1394/juju/firewire-cdev.h:207: warning: Found unknown command '\iso_interrupt'
/<<PKGBUILDDIR>>/dc1394/juju/firewire-cdev.h:207: warning: Found unknown command '\common'
/<<PKGBUILDDIR>>/dc1394/juju/firewire-cdev.h:208: warning: Found unknown command '\iso_resource'
/<<PKGBUILDDIR>>/dc1394/juju/firewire-cdev.h:208: warning: Found unknown command '\common'
/<<PKGBUILDDIR>>/dc1394/juju/firewire-cdev.h:58: warning: Found unknown command '\closure'
/<<PKGBUILDDIR>>/dc1394/juju/firewire-cdev.h:58: warning: Unsupported symbol &fw_cdev_event_common; found
/<<PKGBUILDDIR>>/dc1394/juju/firewire-cdev.h:59: warning: Found unknown command '\type'
/<<PKGBUILDDIR>>/dc1394/juju/firewire-cdev.h:59: warning: Unsupported symbol &fw_cdev_event_common; found
/<<PKGBUILDDIR>>/dc1394/juju/firewire-cdev.h:60: warning: Found unknown command '\node_id'
/<<PKGBUILDDIR>>/dc1394/juju/firewire-cdev.h:61: warning: Found unknown command '\local_node_id'
/<<PKGBUILDDIR>>/dc1394/juju/firewire-cdev.h:62: warning: Found unknown command '\bm_node_id'
/<<PKGBUILDDIR>>/dc1394/juju/firewire-cdev.h:63: warning: Found unknown command '\irm_node_id'
/<<PKGBUILDDIR>>/dc1394/juju/firewire-cdev.h:64: warning: Found unknown command '\root_node_id'
/<<PKGBUILDDIR>>/dc1394/juju/firewire-cdev.h:65: warning: Found unknown command '\generation'
/<<PKGBUILDDIR>>/dc1394/juju/firewire-cdev.h:41: warning: Found unknown command '\closure'
/<<PKGBUILDDIR>>/dc1394/juju/firewire-cdev.h:42: warning: Found unknown command '\type'
/<<PKGBUILDDIR>>/dc1394/juju/firewire-cdev.h:47: warning: Found unknown command '\closure'
/<<PKGBUILDDIR>>/dc1394/juju/firewire-cdev.h:49: warning: Found unknown command '\closure'
/<<PKGBUILDDIR>>/dc1394/juju/firewire-cdev.h:49: warning: Found unknown command '\type'
/<<PKGBUILDDIR>>/dc1394/juju/firewire-cdev.h:135: warning: Found unknown command '\closure'
/<<PKGBUILDDIR>>/dc1394/juju/firewire-cdev.h:135: warning: Unsupported symbol &fw_cdev_event_common; found
/<<PKGBUILDDIR>>/dc1394/juju/firewire-cdev.h:137: warning: Found unknown command '\type'
/<<PKGBUILDDIR>>/dc1394/juju/firewire-cdev.h:137: warning: Unsupported symbol &fw_cdev_event_common; found
/<<PKGBUILDDIR>>/dc1394/juju/firewire-cdev.h:138: warning: Found unknown command '\cycle'
/<<PKGBUILDDIR>>/dc1394/juju/firewire-cdev.h:139: warning: Found unknown command '\header_length'
/<<PKGBUILDDIR>>/dc1394/juju/firewire-cdev.h:140: warning: Found unknown command '\header'
/<<PKGBUILDDIR>>/dc1394/juju/firewire-cdev.h:145: warning: Found unknown command '\header'
/<<PKGBUILDDIR>>/dc1394/juju/firewire-cdev.h:174: warning: Found unknown command '\closure'
/<<PKGBUILDDIR>>/dc1394/juju/firewire-cdev.h:174: warning: Unsupported symbol &fw_cdev_event_common; found
/<<PKGBUILDDIR>>/dc1394/juju/firewire-cdev.h:176: warning: Found unknown command '\type'
/<<PKGBUILDDIR>>/dc1394/juju/firewire-cdev.h:178: warning: Found unknown command '\handle'
/<<PKGBUILDDIR>>/dc1394/juju/firewire-cdev.h:179: warning: Found unknown command '\channel'
/<<PKGBUILDDIR>>/dc1394/juju/firewire-cdev.h:180: warning: Found unknown command '\bandwidth'
/<<PKGBUILDDIR>>/dc1394/juju/firewire-cdev.h:183: warning: Found unknown command '\channel'
/<<PKGBUILDDIR>>/dc1394/juju/firewire-cdev.h:184: warning: Found unknown command '\bandwidth'
/<<PKGBUILDDIR>>/dc1394/juju/firewire-cdev.h:190: warning: Found unknown command '\channel'
/<<PKGBUILDDIR>>/dc1394/juju/firewire-cdev.h:191: warning: Found unknown command '\bandwidth'
/<<PKGBUILDDIR>>/dc1394/juju/firewire-cdev.h:106: warning: Found unknown command '\closure'
/<<PKGBUILDDIR>>/dc1394/juju/firewire-cdev.h:106: warning: Unsupported symbol &fw_cdev_event_common; found
/<<PKGBUILDDIR>>/dc1394/juju/firewire-cdev.h:107: warning: Found unknown command '\type'
/<<PKGBUILDDIR>>/dc1394/juju/firewire-cdev.h:107: warning: Unsupported symbol &fw_cdev_event_common; found
/<<PKGBUILDDIR>>/dc1394/juju/firewire-cdev.h:108: warning: Found unknown command '\tcode'
/<<PKGBUILDDIR>>/dc1394/juju/firewire-cdev.h:109: warning: Found unknown command '\offset'
/<<PKGBUILDDIR>>/dc1394/juju/firewire-cdev.h:110: warning: Found unknown command '\handle'
/<<PKGBUILDDIR>>/dc1394/juju/firewire-cdev.h:111: warning: Found unknown command '\length'
/<<PKGBUILDDIR>>/dc1394/juju/firewire-cdev.h:112: warning: Found unknown command '\data'
/<<PKGBUILDDIR>>/dc1394/juju/firewire-cdev.h:118: warning: Found unknown command '\handle'
/<<PKGBUILDDIR>>/dc1394/juju/firewire-cdev.h:121: warning: Found unknown command '\data'
/<<PKGBUILDDIR>>/dc1394/juju/firewire-cdev.h:84: warning: Found unknown command '\closure'
/<<PKGBUILDDIR>>/dc1394/juju/firewire-cdev.h:84: warning: Unsupported symbol &fw_cdev_event_common; found
/<<PKGBUILDDIR>>/dc1394/juju/firewire-cdev.h:86: warning: Found unknown command '\type'
/<<PKGBUILDDIR>>/dc1394/juju/firewire-cdev.h:86: warning: Unsupported symbol &fw_cdev_event_common; found
/<<PKGBUILDDIR>>/dc1394/juju/firewire-cdev.h:87: warning: Found unknown command '\rcode'
/<<PKGBUILDDIR>>/dc1394/juju/firewire-cdev.h:88: warning: Found unknown command '\length'
/<<PKGBUILDDIR>>/dc1394/juju/firewire-cdev.h:89: warning: Found unknown command '\data'
/<<PKGBUILDDIR>>/dc1394/juju/firewire-cdev.h:94: warning: Found unknown command '\data'
/<<PKGBUILDDIR>>/dc1394/juju/firewire-cdev.h:584: warning: Found unknown command '\local_time'
/<<PKGBUILDDIR>>/dc1394/juju/firewire-cdev.h:585: warning: Found unknown command '\cycle_timer'
/<<PKGBUILDDIR>>/dc1394/juju/firewire-cdev.h:591: warning: Found unknown command '\cycle_timer'
/<<PKGBUILDDIR>>/dc1394/juju/firewire-cdev.h:596: warning: Found unknown command '\cycle_timer'
/<<PKGBUILDDIR>>/dc1394/juju/firewire-cdev.h:605: warning: Found unknown command '\tv_sec'
/<<PKGBUILDDIR>>/dc1394/juju/firewire-cdev.h:606: warning: Found unknown command '\tv_nsec'
/<<PKGBUILDDIR>>/dc1394/juju/firewire-cdev.h:607: warning: Found unknown command '\clk_id'
/<<PKGBUILDDIR>>/dc1394/juju/firewire-cdev.h:608: warning: Found unknown command '\cycle_timer'
/<<PKGBUILDDIR>>/dc1394/juju/firewire-cdev.h:612: warning: Found unknown command '\clk_id'
/<<PKGBUILDDIR>>/dc1394/juju/firewire-cdev.h:275: warning: Found unknown command '\rom_length'
/<<PKGBUILDDIR>>/dc1394/juju/firewire-cdev.h:275: warning: Found unknown command '\rom'
/<<PKGBUILDDIR>>/dc1394/juju/firewire-cdev.h:277: warning: Found unknown command '\rom_length'
/<<PKGBUILDDIR>>/dc1394/juju/firewire-cdev.h:279: warning: Found unknown command '\rom'
/<<PKGBUILDDIR>>/dc1394/juju/firewire-cdev.h:281: warning: Found unknown command '\bus_reset'
/<<PKGBUILDDIR>>/dc1394/juju/firewire-cdev.h:284: warning: Found unknown command '\bus_reset_closure'
/<<PKGBUILDDIR>>/dc1394/juju/firewire-cdev.h:285: warning: Found unknown command '\card'
/<<PKGBUILDDIR>>/dc1394/juju/firewire-cdev.h:379: warning: Found unknown command '\type'
/<<PKGBUILDDIR>>/dc1394/juju/firewire-cdev.h:483: warning: Found unknown command '\control'
/<<PKGBUILDDIR>>/dc1394/juju/firewire-cdev.h:487: warning: Found unknown command '\header'
/<<PKGBUILDDIR>>/dc1394/juju/firewire-cdev.h:491: warning: Found unknown command '\control'
/<<PKGBUILDDIR>>/dc1394/juju/firewire-cdev.h:494: warning: Found unknown command '\header'
/<<PKGBUILDDIR>>/dc1394/juju/firewire-cdev.h:527: warning: Found unknown command '\packets'
/<<PKGBUILDDIR>>/dc1394/juju/firewire-cdev.h:528: warning: Found unknown command '\data'
/<<PKGBUILDDIR>>/dc1394/juju/firewire-cdev.h:529: warning: Found unknown command '\size'
/<<PKGBUILDDIR>>/dc1394/juju/firewire-cdev.h:530: warning: Found unknown command '\handle'
/<<PKGBUILDDIR>>/dc1394/juju/firewire-cdev.h:540: warning: Found unknown command '\packets'
/<<PKGBUILDDIR>>/dc1394/juju/firewire-cdev.h:540: warning: Found unknown command '\data'
/<<PKGBUILDDIR>>/dc1394/juju/firewire-cdev.h:540: warning: Found unknown command '\size'
/<<PKGBUILDDIR>>/dc1394/juju/firewire-cdev.h:427: warning: Found unknown command '\handle'
/<<PKGBUILDDIR>>/dc1394/juju/firewire-cdev.h:298: warning: Found unknown command '\tcode'
/<<PKGBUILDDIR>>/dc1394/juju/firewire-cdev.h:299: warning: Found unknown command '\length'
/<<PKGBUILDDIR>>/dc1394/juju/firewire-cdev.h:300: warning: Found unknown command '\offset'
/<<PKGBUILDDIR>>/dc1394/juju/firewire-cdev.h:301: warning: Found unknown command '\closure'
/<<PKGBUILDDIR>>/dc1394/juju/firewire-cdev.h:302: warning: Found unknown command '\data'
/<<PKGBUILDDIR>>/dc1394/juju/firewire-cdev.h:303: warning: Found unknown command '\generation'
/<<PKGBUILDDIR>>/dc1394/juju/firewire-cdev.h:307: warning: Found unknown command '\data'
/<<PKGBUILDDIR>>/dc1394/juju/firewire-cdev.h:308: warning: Found unknown command '\closure'
/<<PKGBUILDDIR>>/dc1394/juju/firewire-cdev.h:322: warning: Found unknown command '\rcode'
/<<PKGBUILDDIR>>/dc1394/juju/firewire-cdev.h:323: warning: Found unknown command '\length'
/<<PKGBUILDDIR>>/dc1394/juju/firewire-cdev.h:324: warning: Found unknown command '\data'
/<<PKGBUILDDIR>>/dc1394/juju/firewire-cdev.h:325: warning: Found unknown command '\handle'
/<<PKGBUILDDIR>>/dc1394/juju/firewire-cdev.h:675: warning: Found unknown command '\length'
/<<PKGBUILDDIR>>/dc1394/juju/firewire-cdev.h:676: warning: Found unknown command '\tag'
/<<PKGBUILDDIR>>/dc1394/juju/firewire-cdev.h:677: warning: Found unknown command '\channel'
/<<PKGBUILDDIR>>/dc1394/juju/firewire-cdev.h:678: warning: Found unknown command '\sy'
/<<PKGBUILDDIR>>/dc1394/juju/firewire-cdev.h:679: warning: Found unknown command '\closure'
/<<PKGBUILDDIR>>/dc1394/juju/firewire-cdev.h:680: warning: Found unknown command '\data'
/<<PKGBUILDDIR>>/dc1394/juju/firewire-cdev.h:681: warning: Found unknown command '\generation'
/<<PKGBUILDDIR>>/dc1394/juju/firewire-cdev.h:682: warning: Found unknown command '\speed'
/<<PKGBUILDDIR>>/dc1394/juju/firewire-cdev.h:558: warning: Found unknown command '\cycle'
/<<PKGBUILDDIR>>/dc1394/juju/firewire-cdev.h:558: warning: Found unknown command '\cycle'
/<<PKGBUILDDIR>>/dc1394/juju/firewire-cdev.h:560: warning: Found unknown command '\sync'
/<<PKGBUILDDIR>>/dc1394/juju/firewire-cdev.h:562: warning: Found unknown command '\tags'
/<<PKGBUILDDIR>>/dc1394/juju/firewire-cdev.h:564: warning: Found unknown command '\tags'
/<<PKGBUILDDIR>>/dc1394/juju/firewire-cdev.h:565: warning: Found unknown command '\handle'
/<<PKGBUILDDIR>>/dc1394/juju/firewire-cdev.h:576: warning: Found unknown command '\handle'
for file dc1394/conversions.h...
Generating docs for file dc1394/dc1394.h...
Generating docs for file dc1394/format7.h...
Generating docs for file dc1394/iso.h...
Generating docs for file dc1394/log.h...
Generating docs for file dc1394/register.h...
Generating docs for file dc1394/types.h...
Generating docs for file dc1394/utils.h...
Generating docs for file dc1394/vendor/avt.h...
Generating docs for file dc1394/vendor/basler.h...
Generating docs for file dc1394/vendor/basler_sff.h...
Generating docs for file dc1394/vendor/basler_sff_registry.h...
Generating docs for file dc1394/vendor/pixelink.h...
Generating docs for file dc1394/video.h...
Generating page documentation...
Generating group documentation...
Generating class documentation...
Generating docs for compound __dc1394_camera...
Generating docs for compound __dc1394_pxl_adv_feature_info_struct...
Generating docs for compound __dc1394_pxl_camera_info_struct...
Generating docs for compound __dc1394_pxl_gpio_info_struct...
Generating docs for compound __dc1394_video_frame...
Generating docs for compound __dc1394camera_list_t...
Generating docs for compound __dc1394feature_info_t_struct...
Generating docs for compound __dc1394featureset_t...
Generating docs for compound __dc1394format7mode_t...
Generating docs for compound __dc1394format7modeset_t...
Generating docs for compound dc1394basler_dcam_csr_value_t...
Generating docs for compound dc1394basler_dcam_whitebalance_csr_value_t...
Generating docs for compound dc1394basler_sff_chunk_tail_t...
Generating docs for compound dc1394basler_sff_crc_checksum_t...
Generating docs for compound dc1394basler_sff_cycle_time_stamp_t...
Generating docs for compound dc1394basler_sff_dcam_values_t...
Generating docs for compound dc1394basler_sff_extended_data_stream_t...
Generating docs for compound dc1394basler_sff_frame_counter_t...
Generating docs for compound dc1394basler_sff_guid_t...
Generating docs for compound dc1394basler_sff_t...
Generating docs for compound dc1394camera_id_t...
Generating docs for compound dc1394color_codings_t...
Generating docs for compound dc1394feature_modes_t...
Generating docs for compound dc1394framerates_t...
Generating docs for compound dc1394trigger_modes_t...
Generating docs for compound dc1394trigger_sources_t...
Generating docs for compound dc1394video_modes_t...
Generating docs for compound fw_cdev_add_descriptor...
Generating docs for compound fw_cdev_allocate...
Generating docs for compound fw_cdev_allocate_iso_resource...
Generating docs for compound fw_cdev_create_iso_context...
Generating docs for compound fw_cdev_deallocate...
Generating docs for compound fw_cdev_event...
Generating docs for compound fw_cdev_event_bus_reset...
Generating docs for compound fw_cdev_event_common...
Generating docs for compound fw_cdev_event_iso_interrupt...
Generating docs for compound fw_cdev_event_iso_resource...
Generating docs for compound fw_cdev_event_request...
Generating docs for compound fw_cdev_event_response...
Generating docs for compound fw_cdev_get_cycle_timer...
Generating docs for compound fw_cdev_get_cycle_timer2...
Generating docs for compound fw_cdev_get_info...
Generating docs for compound fw_cdev_initiate_bus_reset...
Generating docs for compound fw_cdev_iso_packet...
Generating docs for compound fw_cdev_queue_iso...
Generating docs for compound fw_cdev_remove_descriptor...
Generating docs for compound fw_cdev_send_request...
Generating docs for compound fw_cdev_send_response...
Generating docs for compound fw_cdev_send_stream_packet...
Generating docs for compound fw_cdev_start_iso...
Generating docs for compound fw_cdev_stop_iso...
Generating namespace index...
Generating graph info page...
Generating directory documentation...
Generating index page...
Generating page index...
Generating module index...
Generating namespace index...
Generating namespace member index...
Generating annotated compound index...
Generating alphabetical compound index...
Generating hierarchical class index...
Generating member index...
Generating file index...
Generating file member index...
Generating example index...
finalizing index lists...
writing tag file...
Running plantuml with JAVA...
lookup cache used 421/65536 hits=2992 misses=461
finished...
cd doc/latex; \
rm -f *.aux *.toc *.idx *.ind *.ilg *.log *.out; \
/usr/bin/pdflatex refman.tex; \
/usr/bin/makeindex refman.idx; \
/usr/bin/pdflatex refman.tex; \
countdown=5; \
while /bin/egrep 'Rerun (LaTeX|to get cross-references right)' \
                  refman.log > /dev/null 2>&1 \
   && test $countdown -gt 0; do \
    /usr/bin/pdflatex refman.tex; \
    countdown=`expr $countdown - 1`; \
done; \
mv refman.pdf ../libdc1394.pdf
This is pdfTeX, Version 3.14159265-2.6-1.40.20 (TeX Live 2019/Debian) (preloaded format=pdflatex)
 restricted \write18 enabled.
entering extended mode
(./refman.tex
LaTeX2e <2020-02-02> patch level 2
L3 programming layer <2020-02-14>
(/usr/share/texlive/texmf-dist/tex/latex/base/book.cls
Document Class: book 2019/12/20 v1.4l Standard LaTeX document class
(/usr/share/texlive/texmf-dist/tex/latex/base/bk10.clo))
(/usr/share/texlive/texmf-dist/tex/latex/base/ifthen.sty)
(/usr/share/texlive/texmf-dist/tex/latex/tools/array.sty
(/usr/share/texlive/texmf-dist/tex/latex/tools/array-2016-10-06.sty))
(/usr/share/texlive/texmf-dist/tex/latex/base/fixltx2e.sty

Package fixltx2e Warning: fixltx2e is not required with releases after 2015
(fixltx2e)                All fixes are now in the LaTeX kernel.
(fixltx2e)                See the latexrelease package for details.

) (/usr/share/texlive/texmf-dist/tex/latex/tools/calc.sty) (./doxygen.sty
(/usr/share/texlive/texmf-dist/tex/latex/base/alltt.sty)
(/usr/share/texlive/texmf-dist/tex/latex/float/float.sty)
(/usr/share/texlive/texmf-dist/tex/latex/tools/verbatim.sty)
(/usr/share/texlive/texmf-dist/tex/latex/xcolor/xcolor.sty
(/usr/share/texlive/texmf-dist/tex/latex/graphics-cfg/color.cfg)
(/usr/share/texlive/texmf-dist/tex/latex/graphics-def/pdftex.def)
(/usr/share/texlive/texmf-dist/tex/latex/colortbl/colortbl.sty))
(./longtable_doxygen.sty) (./tabu_doxygen.sty
(/usr/share/texlive/texmf-dist/tex/latex/varwidth/varwidth.sty))
(/usr/share/texlive/texmf-dist/tex/latex/fancyvrb/fancyvrb.sty
(/usr/share/texlive/texmf-dist/tex/latex/graphics/keyval.sty))
(/usr/share/texlive/texmf-dist/tex/latex/tools/tabularx.sty)
(/usr/share/texlive/texmf-dist/tex/latex/multirow/multirow.sty)
(/usr/share/texlive/texmf-dist/tex/latex/hanging/hanging.sty)
(/usr/share/texlive/texmf-dist/tex/generic/iftex/ifpdf.sty
(/usr/share/texlive/texmf-dist/tex/generic/iftex/iftex.sty))
(/usr/share/texlive/texmf-dist/tex/latex/adjustbox/adjustbox.sty
(/usr/share/texlive/texmf-dist/tex/latex/xkeyval/xkeyval.sty
(/usr/share/texlive/texmf-dist/tex/generic/xkeyval/xkeyval.tex
(/usr/share/texlive/texmf-dist/tex/generic/xkeyval/xkvutils.tex)))
(/usr/share/texlive/texmf-dist/tex/latex/adjustbox/adjcalc.sty)
(/usr/share/texlive/texmf-dist/tex/latex/adjustbox/trimclip.sty
(/usr/share/texlive/texmf-dist/tex/latex/graphics/graphicx.sty
(/usr/share/texlive/texmf-dist/tex/latex/graphics/graphics.sty
(/usr/share/texlive/texmf-dist/tex/latex/graphics/trig.sty)
(/usr/share/texlive/texmf-dist/tex/latex/graphics-cfg/graphics.cfg)))
(/usr/share/texlive/texmf-dist/tex/latex/collectbox/collectbox.sty)
(/usr/share/texlive/texmf-dist/tex/latex/adjustbox/tc-pdftex.def))
(/usr/share/texlive/texmf-dist/tex/latex/ifoddpage/ifoddpage.sty))
(/usr/share/texlive/texmf-dist/tex/latex/amsfonts/amssymb.sty
(/usr/share/texlive/texmf-dist/tex/latex/amsfonts/amsfonts.sty))
(/usr/share/texlive/texmf-dist/tex/latex/stackengine/stackengine.sty
(/usr/share/texlive/texmf-dist/tex/latex/etoolbox/etoolbox.sty)
(/usr/share/texlive/texmf-dist/tex/generic/listofitems/listofitems.sty
(/usr/share/texlive/texmf-dist/tex/generic/listofitems/listofitems.tex)))
(/usr/share/texlive/texmf-dist/tex/generic/ulem/ulem.sty)libtool: compile:  gcc -DHAVE_CONFIG_H -I. -I../.. -Wdate-time -D_FORTIFY_SOURCE=2 -I../.. -I../../dc1394 -Wall -Wunused -std=gnu99 -g -O2 -fdebug-prefix-map=/<<PKGBUILDDIR>>=. -fstack-protector-strong -Wformat -Werror=format-security -c capture.c -o capture.o >/dev/null 2>&1
)
(/usr/share/texlive/texmf-dist/tex/latex/base/inputenc.sty)
(/usr/share/texlive/texmf-dist/tex/latex/base/makeidx.sty)
(/usr/share/texlive/texmf-dist/tex/latex/tools/multicol.sty)
(/usr/share/texlive/texmf-dist/tex/latex/base/textcomp.sty)
(/usr/share/texlive/texmf-dist/tex/latex/wasysym/wasysym.sty)
(/usr/share/texlive/texmf-dist/tex/generic/iftex/ifxetex.sty)
(/usr/share/texlive/texmf-dist/tex/latex/base/fontenc.sty)
(/usr/share/texlive/texmf-dist/tex/latex/psnfss/helvet.sty)
(/usr/share/texlive/texmf-dist/tex/latex/psnfss/courier.sty)
(/usr/share/texlive/texmf-dist/tex/latex/sectsty/sectsty.sty

LaTeX Warning: Command \underbar  has changed.
               Check if current package is valid.


LaTeX Warning: Command \underline  has changed.
               Check if current package is valid.

) (/usr/share/texlive/texmf-dist/tex/latex/geometry/geometry.sty
(/usr/share/texlive/texmf-dist/tex/generic/iftex/ifvtex.sty))
(/usr/share/texlive/texmf-dist/tex/latex/fancyhdr/fancyhdr.sty)
(/usr/share/texlive/texmf-dist/tex/latex/natbib/natbib.sty)
(/usr/share/texlive/texmf-dist/tex/latex/tocloft/tocloft.sty)
Writing index file refman.idx
(/usr/share/texlive/texmf-dist/tex/latex/newunicodechar/newunicodechar.sty)

Package newunicodechar Warning: Redefining Unicode character on input line 112.



Package newunicodechar Warning: Redefining Unicode character on input line 113.


(/usr/share/texlive/texmf-dist/tex/latex/caption/caption.sty
(/usr/share/texlive/texmf-dist/tex/latex/caption/caption3.sty)libtool: compile:  gcc -DHAVE_CONFIG_H -I. -I../.. -Wdate-time -D_FORTIFY_SOURCE=2 -I../.. -I../../dc1394 -Wall -Wunused -std=gnu99 -g -O2 -fdebug-prefix-map=/<<PKGBUILDDIR>>=. -fstack-protector-strong -Wformat -Werror=format-security -c control.c -o control.o >/dev/null 2>&1

(/usr/share/texlive/texmf-dist/tex/latex/caption/ltcaption.sty))
(/usr/share/texlive/texmf-dist/tex/latex/etoc/etoc.sty)
(/usr/share/texlive/texmf-dist/tex/latex/l3backend/l3backend-pdfmode.def)
No file refman.aux.
(/usr/share/texlive/texmf-dist/tex/latex/psnfss/t1phv.fd)
(/usr/share/texlive/texmf-dist/tex/context/base/mkii/supp-pdf.mkii
[Loading MPS to PDF converter (version 2006.09.02).]
) (/usr/share/texlive/texmf-dist/tex/latex/epstopdf-pkg/epstopdf-base.sty
(/usr/share/texlive/texmf-dist/tex/latex/latexconfig/epstopdf-sys.cfg))
*geometry* driver: auto-detecting
*geometry* detected driver: pdftex
No file refman.toc.
(/usr/share/texlive/texmf-dist/tex/latex/amsfonts/umsa.fd)
(/usr/share/texlive/texmf-dist/tex/latex/amsfonts/umsb.fd)
(/usr/share/texlive/texmf-dist/tex/latex/wasysym/uwasy.fd) [1{/var/lib/texmf/fo
nts/map/pdftex/updmap/pdftex.map}] [2]
Chapter 1.
(./annotated.tex

LaTeX Warning: Reference `struct____dc1394__camera' on page 1 undefined on inpu
t line 3.


LaTeX Warning: Reference `struct____dc1394__pxl__adv__feature__info__struct' on
 page 1 undefined on input line 4.


LaTeX Warning: Reference `struct____dc1394__pxl__camera__info__struct' on page 
1 undefined on input line 5.


LaTeX Warning: Reference `struct____dc1394__pxl__gpio__info__struct' on page 1 
undefined on input line 6.


LaTeX Warning: Reference `struct____dc1394__video__frame' on page 1 undefined o
n input line 7.


LaTeX Warning: Reference `struct____dc1394camera__list__t' on page 1 undefined 
on input line 8.


LaTeX Warning: Reference `struct____dc1394feature__info__t__struct' on page 1 u
ndefined on input line 9.


LaTeX Warning: Reference `struct____dc1394featureset__t' on page 1 undefined on
 input line 10.


LaTeX Warning: Reference `struct____dc1394format7mode__t' on page 1 undefined o
n input line 11.


LaTeX Warning: Reference `struct____dc1394format7modeset__t' on page 1 undefine
d on input line 12.


LaTeX Warning: Reference `structdc1394basler__dcam__csr__value__t' on page 1 un
defined on input line 13.


LaTeX Warning: Reference `structdc1394basler__dcam__whitebalance__csr__value__t
' on page 1 undefined on input line 14.


LaTeX Warning: Reference `structdc1394basler__sff__chunk__tail__t' on page 1 un
defined on input line 15.


LaTeX Warning: Reference `structdc1394basler__sff__crc__checksum__t' on page 1 
undefined on input line 16.


LaTeX Warning: Reference `structdc1394basler__sff__cycle__time__stamp__t' on pa
ge 1 undefined on input line 17.


LaTeX Warning: Reference `structdc1394basler__sff__dcam__values__t' on page 1 u
ndefined on input line 18.


LaTeX Warning: Reference `structdc1394basler__sff__extended__data__stream__t' o
n page 1 undefined on input line 19.


LaTeX Warning: Reference `structdc1394basler__sff__frame__counter__t' on page 1
 undefined on input line 20.


LaTeX Warning: Reference `structdc1394basler__sff__guid__t' on page 1 undefined
 on input line 21.


LaTeX Warning: Reference `structdc1394basler__sff__t' on page 1 undefined on in
put line 22.


LaTeX Warning: Reference `structdc1394camera__id__t' on page 1 undefined on inp
ut line 23.


LaTeX Warning: Reference `structdc1394color__codings__t' on page 1 undefined on
 input line 24.


LaTeX Warning: Reference `structdc1394feature__modes__t' on page 1 undefined on
 input line 25.


LaTeX Warning: Reference `structdc1394framerates__t' on page 1 undefined on inp
ut line 26.


LaTeX Warning: Reference `structdc1394trigger__modes__t' on page 1 undefined on
 input line 27.


LaTeX Warning: Reference `structdc1394trigger__sources__t' on page 1 undefined 
on input line 28.


LaTeX Warning: Reference `structdc1394video__modes__t' on page 1 undefined on i
nput line 29.


LaTeX Warning: Reference `structfw__cdev__add__descriptor' on page 1 undefined 
on input line 30.


LaTeX Warning: Reference `structfw__cdev__allocate' on page 1 undefined on inpu
t line 31.


LaTeX Warning: Reference `structfw__cdev__allocate__iso__resource' on page 1 un
defined on input line 32.


LaTeX Warning: Reference `structfw__cdev__create__iso__context' on page 1 undef
ined on input line 33.


LaTeX Warning: Reference `structfw__cdev__deallocate' on page 1 undefined on in
put line 34.


LaTeX Warning: Reference `unionfw__cdev__event' on page 1 undefined on input li
ne 35.


LaTeX Warning: Reference `structfw__cdev__event__bus__reset' on page 1 undefine
d on input line 36.


LaTeX Warning: Reference `structfw__cdev__event__common' on page 1 undefined on
 input line 37.


LaTeX Warning: Reference `structfw__cdev__event__iso__interrupt' on page 1 unde
fined on input line 38.


LaTeX Warning: Reference `structfw__cdev__event__iso__resource' on page 1 undef
ined on input line 39.


LaTeX Warning: Reference `structfw__cdev__event__request' on page 1 undefined o
n input line 40.


LaTeX Warning: Reference `structfw__cdev__event__response' on page 1 undefined 
on input line 41.

[1]

LaTeX Warning: Reference `structfw__cdev__get__cycle__timer' on page 2 undefine
d on input line 42.


LaTeX Warning: Reference `structfw__cdev__get__cycle__timer2' on page 2 undefin
ed on input line 43.


LaTeX Warning: Reference `structfw__cdev__get__info' on page 2 undefined on inp
ut line 44.


LaTeX Warning: Reference `structfw__cdev__initiate__bus__reset' on page 2 undef
ined on input line 45.


LaTeX Warning: Reference `structfw__cdev__iso__packet' on page 2 undefined on i
nput line 46.


LaTeX Warning: Reference `structfw__cdev__queue__iso' on page 2 undefined on in
put line 47.


LaTeX Warning: Reference `structfw__cdev__remove__descriptor' on page 2 undefin
ed on input line 48.


LaTeX Warning: Reference `structfw__cdev__send__request' on page 2 undefined on
 input line 49.


LaTeX Warning: Reference `structfw__cdev__send__response' on page 2 undefined o
n input line 50.


LaTeX Warning: Reference `structfw__cdev__send__stream__packet' on page 2 undef
ined on input line 51.


LaTeX Warning: Reference `structfw__cdev__start__iso' on page 2 undefined on in
put line 52.


LaTeX Warning: Reference `structfw__cdev__stop__iso' on page 2 undefined on inp
ut line 53.

) [2]
Chapter 2.
(./files.tex

LaTeX Warning: Reference `camera_8h' on page 3 undefined on input line 3.


LaTeX Warning: Reference `capture_8h' on page 3 undefined on input line 4.


LaTeX Warning: Reference `control_8h' on page 3 undefined on input line 5.


LaTeX Warning: Reference `conversions_8h' on page 3 undefined on input line 6.


LaTeX Warning: Reference `dc1394_8h' on page 3 undefined on input line 7.


LaTeX Warning: Reference `format7_8h' on page 3 undefined on input line 8.


LaTeX Warning: Reference `iso_8h' on page 3 undefined on input line 9.


LaTeX Warning: Reference `log_8h' on page 3 undefined on input line 10.


LaTeX Warning: Reference `register_8h' on page 3 undefined on input line 11.


LaTeX Warning: Reference `types_8h' on page 3 undefined on input line 12.


LaTeX Warning: Reference `utils_8h' on page 3 undefined on input line 13.


LaTeX Warning: Reference `video_8h' on page 3 undefined on input line 14.


LaTeX Warning: Reference `avt_8h' on page 3 undefined on input line 15.


LaTeX Warning: Reference `basler_8h' on page 3 undefined on input line 16.


LaTeX Warning: Reference `basler__sff_8h' on page 3 undefined on input line 17.



LaTeX Warning: Reference `basler__sff__registry_8h' on page 3 undefined on inpu
t line 18.


LaTeX Warning: Reference `pixelink_8h' on page 3 undefined on input line 19.

) [3] [4]
Chapter 3.
(./struct____dc1394__camera.tex
(/usr/share/texlive/texmf-dist/tex/latex/psnfss/t1pcr.fd)
(/usr/share/texlive/texmf-dist/tex/latex/psnfss/ts1phv.fd))
(./struct____dc1394__pxl__adv__feature__info__struct.tex)
(./struct____dc1394__pxl__camera__info__struct.tex)
(./struct____dc1394__pxl__gpio__info__struct.tex [5])
(./struct____dc1394__video__frame.tex) (./struct____dc1394camera__list__t.tex)
(./struct____dc1394feature__info__t__struct.tex [6])
(./struct____dc1394featureset__t.tex) (./struct____dc1394format7mode__t.tex)
(./struct____dc1394format7modeset__t.tex [7])
(./structdc1394basler__dcam__csr__value__t.tex)
(./structdc1394basler__dcam__whitebalance__csr__value__t.tex)
(./structdc1394basler__sff__chunk__tail__t.tex [8])
(./structdc1394basler__sff__crc__checksum__t.tex)
(./structdc1394basler__sff__cycle__time__stamp__t.tex)
(./structdc1394basler__sff__dcam__values__t.tex)
(./structdc1394basler__sff__extended__data__stream__t.tex [9])
(./structdc1394basler__sff__frame__counter__t.tex)
(./structdc1394basler__sff__guid__t.tex) (./structdc1394basler__sff__t.tex
[10]) (./structdc1394camera__id__t.tex) (./structdc1394color__codings__t.tex)
(./structdc1394feature__modes__t.tex [11]) (./structdc1394framerates__t.tex

LaTeX Warning: Reference `structdc1394framerates__t' on page 12 undefined on in
put line 12.

) (./structdc1394trigger__modes__t.tex) (./structdc1394trigger__sources__t.tex
[12]) (./structdc1394video__modes__t.tex)
(./structfw__cdev__add__descriptor.tex

LaTeX Warning: Reference `structfw__cdev__add__descriptor' on page 13 undefined
 on input line 10.

) (./structfw__cdev__allocate.tex

LaTeX Warning: Reference `structfw__cdev__allocate' on page 13 undefined on inp
ut line 10.

[13]

LaTeX Warning: Reference `structfw__cdev__event__request' on page 14 undefined 
on input line 12.

) (./structfw__cdev__allocate__iso__resource.tex

LaTeX Warning: Reference `structfw__cdev__allocate__iso__resource' on page 14 u
ndefined on input line 10.

[14]) (./structfw__cdev__create__iso__context.tex

LaTeX Warning: Reference `structfw__cdev__create__iso__context' on page 15 unde
fined on input line 10.


LaTeX Warning: Reference `structfw__cdev__event__iso__interrupt' on page 15 und
efined on input line 10.


LaTeX Warning: Reference `structfw__cdev__event__iso__interrupt' on page 15 und
efined on input line 18.

) (./structfw__cdev__deallocate.tex

LaTeX Warning: Reference `structfw__cdev__deallocate' on page 15 undefined on i
nput line 10.

) (./unionfw__cdev__event.tex [15]

LaTeX Warning: Reference `unionfw__cdev__event' on page 16 undefined on input l
ine 10.

) (./structfw__cdev__event__bus__reset.tex

LaTeX Warning: Reference `structfw__cdev__event__bus__reset' on page 16 undefin
ed on input line 10.

) (./structfw__cdev__event__common.tex

LaTeX Warning: Reference `structfw__cdev__event__common' on page 16 undefined o
n input line 10.

[16]) (./structfw__cdev__event__iso__interrupt.tex

LaTeX Warning: Reference `structfw__cdev__event__iso__interrupt' on page 17 und
efined on input line 10.


LaTeX Warning: Reference `structfw__cdev__iso__packet' on page 17 undefined on 
input line 12.

) (./structfw__cdev__event__iso__resource.tex

LaTeX Warning: Reference `structfw__cdev__event__iso__resource' on page 17 unde
fined on input line 10.

[17]) (./structfw__cdev__event__request.tex

LaTeX Warning: Reference `structfw__cdev__event__request' on page 18 undefined 
on input line 10.

) (./structfw__cdev__event__response.tex

LaTeX Warning: Reference `structfw__cdev__event__response' on page 18 undefined
 on input line 10.

[18]) (./structfw__cdev__get__cycle__timer.tex

LaTeX Warning: Reference `structfw__cdev__get__cycle__timer' on page 19 undefin
ed on input line 10.

) (./structfw__cdev__get__cycle__timer2.tex

LaTeX Warning: Reference `structfw__cdev__get__cycle__timer2' on page 19 undefi
ned on input line 10.


Underfull \hbox (badness 1648) in paragraph at lines 12--13
[]\T1/phv/m/n/10 The F[]W[]_[][]C[]D[]E[]V[]_[][]I[]O[]C[]_[][]G[]E[]T[]_[][]C[
]Y[]C[]L[]E[]_[][]T[]I[]M[]E[]R2 works like F[]W[]_[][]C[]D[]E[]V[]_[][]I[]O[]C
[]_[][]G[]E[]T[]_[][]C[]Y[]C[]L[]E[]_[][]T[]I[]M[]ER but lets you
) (./structfw__cdev__get__info.tex [19]

LaTeX Warning: Reference `structfw__cdev__get__info' on page 20 undefined on in
put line 10.


Underfull \hbox (badness 10000) detected at line 10
[][][]

LaTeX Warning: Reference `structfw__cdev__event__bus__reset' on page 20 undefin
ed on input line 11.

) (./structfw__cdev__initiate__bus__reset.tex

LaTeX Warning: Reference `structfw__cdev__initiate__bus__reset' on page 20 unde
fined on input line 10.

) (./structfw__cdev__iso__packet.tex

LaTeX Warning: Reference `structfw__cdev__iso__packet' on page 20 undefined on 
input line 10.

[20]

LaTeX Warning: Reference `structfw__cdev__iso__packet' on page 21 undefined on 
input line 12.


LaTeX Warning: Reference `structfw__cdev__start__iso' on page 21 undefined on i
nput line 18.


LaTeX Warning: Reference `structfw__cdev__event__iso__interrupt' on page 21 und
efined on input line 18.


LaTeX Warning: Reference `structfw__cdev__event__iso__interrupt' on page 21 und
efined on input line 20.

) (./structfw__cdev__queue__iso.tex

LaTeX Warning: Reference `structfw__cdev__queue__iso' on page 21 undefined on i
nput line 10.


LaTeX Warning: Reference `structfw__cdev__iso__packet' on page 21 undefined on 
input line 12.

) (./structfw__cdev__remove__descriptor.tex [21]

LaTeX Warning: Reference `structfw__cdev__remove__descriptor' on page 22 undefi
ned on input line 10.

) (./structfw__cdev__send__request.tex

LaTeX Warning: Reference `structfw__cdev__send__request' on page 22 undefined o
n input line 10.


LaTeX Warning: Reference `structfw__cdev__event__response' on page 22 undefined
 on input line 12.

) (./structfw__cdev__send__response.tex

LaTeX Warning: Reference `structfw__cdev__send__response' on page 22 undefined 
on input line 10.


LaTeX Warning: Reference `structfw__cdev__event__request' on page 22 undefined 
on input line 10.

) (./structfw__cdev__send__stream__packet.tex [22]

LaTeX Warning: Reference `structfw__cdev__send__stream__packet' on page 23 unde
fined on input line 10.


LaTeX Warning: Reference `structfw__cdev__event__response' on page 23 undefined
 on input line 12.

) (./structfw__cdev__start__iso.tex

LaTeX Warning: Reference `structfw__cdev__start__iso' on page 23 undefined on i
nput line 10.

) (./structfw__cdev__stop__iso.tex

LaTeX Warning: Reference `structfw__cdev__stop__iso' on page 23 undefined on in
put line 10.

[23]) [24]
Chapter 4.
(./camera_8h.tex
Underfull \hbox (badness 10000) in paragraph at lines 8--10


Underfull \hbox (badness 756) in paragraph at lines 46--48
[] \T1/phv/b/n/10 dc1394error[]_[]t  dc1394[]_[]camera[]_[]get[]_[]node \T1/phv
/m/n/10 ( \T1/phv/b/n/10 dc1394camera[]_[]t $\OMS/cmsy/m/n/10 ^^C$\T1/phv/m/n/1
0 camera, uint32[]_[]t $\OMS/cmsy/m/n/10 ^^C$\T1/phv/m/n/10 node, uint32[]_[]
[25]
Underfull \hbox (badness 10000) detected at line 67
[][][]
[26] [27] [28]) (./capture_8h.tex
Underfull \hbox (badness 10000) in paragraph at lines 8--10

[29]
Underfull \hbox (badness 10000) detected at line 47
[][][]
[30]

LaTeX Warning: Reference `capture_8h_aa8fab925911bf54fc36496dc0579ddf1' on page
 31 undefined on input line 102.


LaTeX Warning: Reference `capture_8h_ac6cf3a92dddaf32c01beca2b1a7cd783' on page
 31 undefined on input line 108.

[31]) (./control_8h.tex
Underfull \hbox (badness 10000) in paragraph at lines 8--9

[32]
Underfull \hbox (badness 776) in paragraph at lines 67--69
[] \T1/phv/b/n/10 dc1394error[]_[]t  dc1394[]_[]feature[]_[]set[]_[]value \T1/p
hv/m/n/10 ( \T1/phv/b/n/10 dc1394camera[]_[]t $\OMS/cmsy/m/n/10 ^^C$\T1/phv/m/n
/10 camera,  \T1/phv/b/n/10 dc1394feature[]_[]t \T1/phv/m/n/10 fea-ture,
[33]
Underfull \hbox (badness 5893) in paragraph at lines 117--119
[] \T1/phv/b/n/10 dc1394error[]_[]t  dc1394[]_[]external[]_[]trigger[]_[]get[]_
[]supported[]_[]sources \T1/phv/m/n/10 ( \T1/phv/b/n/10 dc1394camera[]_[]t $\OM
S/cmsy/m/n/10 ^^C$\T1/phv/m/n/10 camera,

Underfull \hbox (badness 10000) detected at line 142
[][][]
[34] [35] [36] [37] [38] [39] [40]/bin/bash ../../libtool  --tag=CC   --mode=link gcc -I../.. -I../../dc1394 -Wall -Wunused -std=gnu99 -g -O2 -fdebug-prefix-map=/<<PKGBUILDDIR>>=. -fstack-protector-strong -Wformat -Werror=format-security  -Wl,-z,relro -o libdc1394-linux.la  control.lo capture.lo -lraw1394 -lm 
 [41] [42]) (./conversions_8h.tex
Underfull \hbox (badness 10000) in paragraph at lines 8--9

[43]
Underfull \hbox (badness 10000) detected at line 42
[][][]
[44] [45] [46]

Package longtable Warning: Column widths have changed
(longtable)                in table 4.1 on input line 123.

) (./dc1394_8h.tex
Underfull \hbox (badness 10000) in paragraph at lines 8--19

) (./format7_8h.tex [47]
Underfull \hbox (badness 10000) in paragraph at lines 8--10


Underfull \hbox (badness 6758) in paragraph at lines 55--57
[] \T1/phv/b/n/10 dc1394error[]_[]t  dc1394[]_[]format7[]_[]get[]_[]recommended
[]_[]packet[]_[]size \T1/phv/m/n/10 ( \T1/phv/b/n/10 dc1394camera[]_[]t $\OMS/c
msy/m/n/10 ^^C$\T1/phv/m/n/10 camera,
[48] [49] [50] [51] [52] [53]) (./iso_8h.texlibtool: link: ar cr .libs/libdc1394-linux.a .libs/control.o .libs/capture.o 

Underfull \hbox (badness 10000) in paragraph at lines 8--9

[54]libtool: link: ranlib .libs/libdc1394-linux.a

Underfull \hbox (badness 10000) detected at line 29
[][][]

Package longtable Warning: Column widths have changed
(longtable)                in table 4.2 on input line 49.


LaTeX Warning: Reference `iso_8h_a3eb30e5b336a5253ae2ddbaefba340e0' on page 55 
undefined on input line 50.


Underfull \hbox (badness 10000) detected at line 52
[][][]
[55libtool: link: ( cd ".libs" && rm -f "libdc1394-linux.la" && ln -s "../libdc1394-linux.la" "libdc1394-linux.la" )
]make[5]: Leaving directory '/<<PKGBUILDDIR>>/dc1394/linux'
Making all in juju
make[5]: Entering directory '/<<PKGBUILDDIR>>/dc1394/juju'
/bin/bash ../../libtool  --tag=CC   --mode=compile gcc -DHAVE_CONFIG_H -I. -I../..   -Wdate-time -D_FORTIFY_SOURCE=2 -I../.. -I../../dc1394 -Wall -Wunused -std=gnu99 -g -O2 -fdebug-prefix-map=/<<PKGBUILDDIR>>=. -fstack-protector-strong -Wformat -Werror=format-security -c -o control.lo control.c
/bin/bash ../../libtool  --tag=CC   --mode=compile gcc -DHAVE_CONFIG_H -I. -I../..   -Wdate-time -D_FORTIFY_SOURCE=2 -I../.. -I../../dc1394 -Wall -Wunused -std=gnu99 -g -O2 -fdebug-prefix-map=/<<PKGBUILDDIR>>=. -fstack-protector-strong -Wformat -Werror=format-security -c -o capture.lo capture.c


Package longtable Warning: Column widths have changed
(longtable)                in table 4.3 on input line 72.


LaTeX Warning: Reference `iso_8h_a3eb30e5b336a5253ae2ddbaefba340e0' on page 56 
undefined on input line 73.


LaTeX Warning: Reference `video_8h_a318000c573732bc9a535d30c22493510' on page 5
6 undefined on input line 73.


Underfull \hbox (badness 10000) detected at line 75
[][][]

Package longtable Warning: Column widths have changed
(longtable)                in table 4.4 on input line 88.


LaTeX Warning: Reference `iso_8h_a4c360ee489109e8504dbe02c7f9cbade' on page 56 
undefined on input line 89.


LaTeX Warning: Reference `iso_8h_a9652f00457198f360754eb7087ac3132' on page 56 
undefined on input line 89.

[56]
Underfull \hbox (badness 10000) detected at line 91
[][][]

Package longtable Warning: Column widths have changed
(longtable)                in table 4.5 on input line 106.


Underfull \hbox (badness 10000) detected at line 109
[][][]

Package longtable Warning: Column widths have changed
(longtable)                in table 4.6 on input line 124.

[57]
Underfull \hbox (badness 10000) detected at line 127
[][][]

Package longtable Warning: Column widths have changed
(longtable)                in table 4.7 on input line 140.


Underfull \hbox (badness 10000) detected at line 143
[][][]
) (./log_8h.tex
Underfull \hbox (badness 10000) in paragraph at lines 8--9

[58]libtool: compile:  gcc -DHAVE_CONFIG_H -I. -I../.. -Wdate-time -D_FORTIFY_SOURCE=2 -I../.. -I../../dc1394 -Wall -Wunused -std=gnu99 -g -O2 -fdebug-prefix-map=/<<PKGBUILDDIR>>=. -fstack-protector-strong -Wformat -Werror=format-security -c capture.c  -fPIC -DPIC -o .libs/capture.o

Underfull \hbox (badness 10000) detected at line 34
[][][]
[59]libtool: compile:  gcc -DHAVE_CONFIG_H -I. -I../.. -Wdate-time -D_FORTIFY_SOURCE=2 -I../.. -I../../dc1394 -Wall -Wunused -std=gnu99 -g -O2 -fdebug-prefix-map=/<<PKGBUILDDIR>>=. -fstack-protector-strong -Wformat -Werror=format-security -c control.c  -fPIC -DPIC -o .libs/control.o


Package longtable Warning: Column widths have changed
(longtable)                in table 4.8 on input line 78.


Package longtable Warning: Column widths have changed
(longtable)                in table 4.9 on input line 89.


Package longtable Warning: Column widths have changed
(longtable)                in table 4.10 on input line 104.

[60]

Package longtable Warning: Column widths have changed
(longtable)                in table 4.11 on input line 121.

) (./register_8h.tex
Underfull \hbox (badness 10000) detected at line 48
[][][]
[61] [62] [63] [64]) (./types_8h.tex
Underfull \hbox (badness 10000) in paragraph at lines 8--9

[65]capture.c:324:9: error: fields must have a constant size: 'variable length array in structure' extension will never be supported
                __u32 headers[craw->packets_per_frame*2 + 16]; // HPK 20161209
                      ^
1 error generated.
) (./utils_8h.tex [66make[5]: *** [Makefile:464: capture.lo] Error 1
make[5]: *** Waiting for unfinished jobs....
]
Underfull \hbox (badness 10000) detected at line 40
[][][]
[67] [68]) (./avt_8h.tex
Underfull \hbox (badness 10000) in paragraph at lines 8--11

[69]control.c:286:19: error: fields must have a constant size: 'variable length array in structure' extension will never be supported
            __u32 buffer[cam->max_response_quads];
                  ^
1 error generated.
make[5]: *** [Makefile:464: control.lo] Error 1
make[5]: Leaving directory '/<<PKGBUILDDIR>>/dc1394/juju'
make[4]: *** [Makefile:615: all-recursive] Error 1
make[4]: Leaving directory '/<<PKGBUILDDIR>>/dc1394'
make[3]: *** [Makefile:602: all-recursive] Error 1
make[3]: Leaving directory '/<<PKGBUILDDIR>>'
make[2]: *** [Makefile:469: all] Error 2
make[2]: *** Waiting for unfinished jobs....

Underfull \hbox (badness 2521) in paragraph at lines 20--22
[] \T1/phv/b/n/10 dc1394error[]_[]t  dc1394[]_[]avt[]_[]get[]_[]shading \T1/phv
/m/n/10 ( \T1/phv/b/n/10 dc1394camera[]_[]t $\OMS/cmsy/m/n/10 ^^C$\T1/phv/m/n/1
0 camera,  \T1/phv/b/n/10 dc1394bool[]_[]t $\OMS/cmsy/m/n/10 ^^C$\T1/phv/m/n/10
 on[]_[]off,

Underfull \hbox (badness 3679) in paragraph at lines 22--24
[] \T1/phv/b/n/10 dc1394error[]_[]t  dc1394[]_[]avt[]_[]set[]_[]shading \T1/phv
/m/n/10 ( \T1/phv/b/n/10 dc1394camera[]_[]t $\OMS/cmsy/m/n/10 ^^C$\T1/phv/m/n/1
0 camera,  \T1/phv/b/n/10 dc1394bool[]_[]t \T1/phv/m/n/10 on[]_[]off,

Underfull \hbox (badness 3826) in paragraph at lines 66--68
[] \T1/phv/b/n/10 dc1394error[]_[]t  dc1394[]_[]avt[]_[]set[]_[]blemish \T1/phv
/m/n/10 ( \T1/phv/b/n/10 dc1394camera[]_[]t $\OMS/cmsy/m/n/10 ^^C$\T1/phv/m/n/1
0 camera,  \T1/phv/b/n/10 dc1394bool[]_[]t \T1/phv/m/n/10 on[]_[]off,
[70]
Underfull \hbox (badness 963) in paragraph at lines 108--110
[] \T1/phv/b/n/10 dc1394error[]_[]t  dc1394[]_[]avt[]_[]write[]_[]shading[]_[]i
mg \T1/phv/m/n/10 ( \T1/phv/b/n/10 dc1394camera[]_[]t $\OMS/cmsy/m/n/10 ^^C$\T1
/phv/m/n/10 camera, un-signed char $\OMS/cmsy/m/n/10 ^^C$\T1/phv/m/n/10 buf,

Underfull \hbox (badness 1803) in paragraph at lines 114--116
[] \T1/phv/b/n/10 dc1394error[]_[]t  dc1394[]_[]avt[]_[]set[]_[]color[]_[]corr 
\T1/phv/m/n/10 ( \T1/phv/b/n/10 dc1394camera[]_[]t $\OMS/cmsy/m/n/10 ^^C$\T1/ph
v/m/n/10 camera,  \T1/phv/b/n/10 dc1394bool[]_[]t \T1/phv/m/n/10 on[]_[]off,
[71] [72] [73] [74] [75] [76] [77] [78] [79] [80]) (./basler_8h.tex
Underfull \hbox (badness 10000) in paragraph at lines 8--9

[81] [82] [83]) (./basler__sff_8h.tex
Underfull \hbox (badness 10000) in paragraph at lines 8--9

[84]
Underfull \hbox (badness 10000) in paragraph at lines 85--86
\T1/pcr/m/n/8 typedef struct  \T1/pcr/b/n/8 dc1394basler[]_[]dcam[]_[]whitebala
nce[]_[]csr[]_[]value[]_[]t  dc1394basler[]_[]dcam[]_[]whitebalance[]_[]
[85]
Underfull \hbox (badness 10000) in paragraph at lines 109--110
\T1/pcr/m/n/8 typedef struct  \T1/pcr/b/n/8 dc1394basler[]_[]sff[]_[]extended[]
_[]data[]_[]stream[]_[]t  dc1394basler[]_[]sff[]_[]extended[]_[]data[]_[]

LaTeX Warning: Reference `structdc1394basler__sff__frame__counter__t' on page 8
6 undefined on input line 6.


LaTeX Warning: Reference `structdc1394basler__sff__dcam__values__t' on page 86 
undefined on input line 14.

[86]

Package longtable Warning: Column widths have changed
(longtable)                in table 4.12 on input line 189.

[87]) (./basler__sff__registry_8h.tex
Underfull \hbox (badness 10000) in paragraph at lines 8--9

) (./pixelink_8h.tex
Underfull \hbox (badness 10000) in paragraph at lines 8--10

[88]
Underfull \hbox (badness 862) in paragraph at lines 50--52
[] \T1/phv/b/n/10 dc1394error[]_[]t  dc1394[]_[]pxl[]_[]get[]_[]gpo[]_[]param[]
_[]min[]_[]max \T1/phv/m/n/10 ( \T1/phv/b/n/10 dc1394camera[]_[]t $\OMS/cmsy/m/
n/10 ^^C$\T1/phv/m/n/10 , uint32[]_[]t, uint32[]_[]t $\OMS/cmsy/m/n/10 ^^C$\T1/
phv/m/n/10 ,
[89] [90] [91] [92]) (./video_8h.tex
Underfull \hbox (badness 10000) in paragraph at lines 8--9


Underfull \hbox (badness 1490) in paragraph at lines 37--39
[] \T1/phv/b/n/10 dc1394error[]_[]t  dc1394[]_[]video[]_[]get[]_[]framerate \T1
/phv/m/n/10 ( \T1/phv/b/n/10 dc1394camera[]_[]t $\OMS/cmsy/m/n/10 ^^C$\T1/phv/m
/n/10 camera,  \T1/phv/b/n/10 dc1394framerate[]_[]

Underfull \hbox (badness 1629) in paragraph at lines 67--69
[] \T1/phv/b/n/10 dc1394error[]_[]t  dc1394[]_[]video[]_[]set[]_[]multi[]_[]sho
t \T1/phv/m/n/10 ( \T1/phv/b/n/10 dc1394camera[]_[]t $\OMS/cmsy/m/n/10 ^^C$\T1/
phv/m/n/10 camera, uint32[]_[]t num[]Frames,
[93] [94] [95] [96] [97]) [98]
No file refman.ind.

Package longtable Warning: Table widths have changed. Rerun LaTeX.

(./refman.aux)

LaTeX Warning: There were undefined references.


LaTeX Warning: Label(s) may have changed. Rerun to get cross-references right.

 )
(see the transcript file for additional information){/usr/share/texlive/texmf-d
ist/fonts/enc/dvips/base/8r.enc}</usr/share/texlive/texmf-dist/fonts/type1/publ
ic/amsfonts/cm/cmmi10.pfb></usr/share/texlive/texmf-dist/fonts/type1/public/ams
fonts/cm/cmmi7.pfb></usr/share/texlive/texmf-dist/fonts/type1/public/amsfonts/c
m/cmsy10.pfb></usr/share/texlive/texmf-dist/fonts/type1/public/amsfonts/cm/cmsy
7.pfb></usr/share/texlive/texmf-dist/fonts/type1/public/amsfonts/cm/cmsy8.pfb><
/usr/share/texlive/texmf-dist/fonts/type1/urw/courier/ucrb8a.pfb></usr/share/te
xlive/texmf-dist/fonts/type1/urw/courier/ucrr8a.pfb></usr/share/texlive/texmf-d
ist/fonts/type1/urw/courier/ucrro8a.pfb></usr/share/texlive/texmf-dist/fonts/ty
pe1/urw/helvetic/uhvb8a.pfb></usr/share/texlive/texmf-dist/fonts/type1/urw/helv
etic/uhvb8ac.pfb></usr/share/texlive/texmf-dist/fonts/type1/urw/helvetic/uhvbo8
a.pfb></usr/share/texlive/texmf-dist/fonts/type1/urw/helvetic/uhvr8a.pfb></usr/
share/texlive/texmf-dist/fonts/type1/urw/helvetic/uhvro8a.pfb>
Output written on refman.pdf (100 pages, 261726 bytes).
Transcript written on refman.log.
This is makeindex, version 2.15 [TeX Live 2019] (kpathsea + Thai support).
Scanning input file refman.idx....done (654 entries accepted, 0 rejected).
Sorting entries........done (6415 comparisons).
Generating output file refman.ind....done (993 lines written, 0 warnings).
Output written in refman.ind.
Transcript written in refman.ilg.
This is pdfTeX, Version 3.14159265-2.6-1.40.20 (TeX Live 2019/Debian) (preloaded format=pdflatex)
 restricted \write18 enabled.
entering extended mode
(./refman.tex
LaTeX2e <2020-02-02> patch level 2
L3 programming layer <2020-02-14>
(/usr/share/texlive/texmf-dist/tex/latex/base/book.cls
Document Class: book 2019/12/20 v1.4l Standard LaTeX document class
(/usr/share/texlive/texmf-dist/tex/latex/base/bk10.clo))
(/usr/share/texlive/texmf-dist/tex/latex/base/ifthen.sty)
(/usr/share/texlive/texmf-dist/tex/latex/tools/array.sty
(/usr/share/texlive/texmf-dist/tex/latex/tools/array-2016-10-06.sty))
(/usr/share/texlive/texmf-dist/tex/latex/base/fixltx2e.sty

Package fixltx2e Warning: fixltx2e is not required with releases after 2015
(fixltx2e)                All fixes are now in the LaTeX kernel.
(fixltx2e)                See the latexrelease package for details.

) (/usr/share/texlive/texmf-dist/tex/latex/tools/calc.sty) (./doxygen.sty
(/usr/share/texlive/texmf-dist/tex/latex/base/alltt.sty)
(/usr/share/texlive/texmf-dist/tex/latex/float/float.sty)
(/usr/share/texlive/texmf-dist/tex/latex/tools/verbatim.sty)
(/usr/share/texlive/texmf-dist/tex/latex/xcolor/xcolor.sty
(/usr/share/texlive/texmf-dist/tex/latex/graphics-cfg/color.cfg)
(/usr/share/texlive/texmf-dist/tex/latex/graphics-def/pdftex.def)
(/usr/share/texlive/texmf-dist/tex/latex/colortbl/colortbl.sty))
(./longtable_doxygen.sty) (./tabu_doxygen.sty
(/usr/share/texlive/texmf-dist/tex/latex/varwidth/varwidth.sty))
(/usr/share/texlive/texmf-dist/tex/latex/fancyvrb/fancyvrb.sty
(/usr/share/texlive/texmf-dist/tex/latex/graphics/keyval.sty))
(/usr/share/texlive/texmf-dist/tex/latex/tools/tabularx.sty)
(/usr/share/texlive/texmf-dist/tex/latex/multirow/multirow.sty)
(/usr/share/texlive/texmf-dist/tex/latex/hanging/hanging.sty)
(/usr/share/texlive/texmf-dist/tex/generic/iftex/ifpdf.sty
(/usr/share/texlive/texmf-dist/tex/generic/iftex/iftex.sty))
(/usr/share/texlive/texmf-dist/tex/latex/adjustbox/adjustbox.sty
(/usr/share/texlive/texmf-dist/tex/latex/xkeyval/xkeyval.sty
(/usr/share/texlive/texmf-dist/tex/generic/xkeyval/xkeyval.tex
(/usr/share/texlive/texmf-dist/tex/generic/xkeyval/xkvutils.tex)))
(/usr/share/texlive/texmf-dist/tex/latex/adjustbox/adjcalc.sty)
(/usr/share/texlive/texmf-dist/tex/latex/adjustbox/trimclip.sty
(/usr/share/texlive/texmf-dist/tex/latex/graphics/graphicx.sty
(/usr/share/texlive/texmf-dist/tex/latex/graphics/graphics.sty
(/usr/share/texlive/texmf-dist/tex/latex/graphics/trig.sty)
(/usr/share/texlive/texmf-dist/tex/latex/graphics-cfg/graphics.cfg)))
(/usr/share/texlive/texmf-dist/tex/latex/collectbox/collectbox.sty)
(/usr/share/texlive/texmf-dist/tex/latex/adjustbox/tc-pdftex.def))
(/usr/share/texlive/texmf-dist/tex/latex/ifoddpage/ifoddpage.sty))
(/usr/share/texlive/texmf-dist/tex/latex/amsfonts/amssymb.sty
(/usr/share/texlive/texmf-dist/tex/latex/amsfonts/amsfonts.sty))
(/usr/share/texlive/texmf-dist/tex/latex/stackengine/stackengine.sty
(/usr/share/texlive/texmf-dist/tex/latex/etoolbox/etoolbox.sty)
(/usr/share/texlive/texmf-dist/tex/generic/listofitems/listofitems.sty
(/usr/share/texlive/texmf-dist/tex/generic/listofitems/listofitems.tex)))
(/usr/share/texlive/texmf-dist/tex/generic/ulem/ulem.sty))
(/usr/share/texlive/texmf-dist/tex/latex/base/inputenc.sty)
(/usr/share/texlive/texmf-dist/tex/latex/base/makeidx.sty)
(/usr/share/texlive/texmf-dist/tex/latex/tools/multicol.sty)
(/usr/share/texlive/texmf-dist/tex/latex/base/textcomp.sty)
(/usr/share/texlive/texmf-dist/tex/latex/wasysym/wasysym.sty)
(/usr/share/texlive/texmf-dist/tex/generic/iftex/ifxetex.sty)
(/usr/share/texlive/texmf-dist/tex/latex/base/fontenc.sty)
(/usr/share/texlive/texmf-dist/tex/latex/psnfss/helvet.sty)
(/usr/share/texlive/texmf-dist/tex/latex/psnfss/courier.sty)
(/usr/share/texlive/texmf-dist/tex/latex/sectsty/sectsty.sty

LaTeX Warning: Command \underbar  has changed.
               Check if current package is valid.


LaTeX Warning: Command \underline  has changed.
               Check if current package is valid.

) (/usr/share/texlive/texmf-dist/tex/latex/geometry/geometry.sty
(/usr/share/texlive/texmf-dist/tex/generic/iftex/ifvtex.sty))
(/usr/share/texlive/texmf-dist/tex/latex/fancyhdr/fancyhdr.sty)
(/usr/share/texlive/texmf-dist/tex/latex/natbib/natbib.sty)
(/usr/share/texlive/texmf-dist/tex/latex/tocloft/tocloft.sty)
Writing index file refman.idx
(/usr/share/texlive/texmf-dist/tex/latex/newunicodechar/newunicodechar.sty)

Package newunicodechar Warning: Redefining Unicode character on input line 112.



Package newunicodechar Warning: Redefining Unicode character on input line 113.


(/usr/share/texlive/texmf-dist/tex/latex/caption/caption.sty
(/usr/share/texlive/texmf-dist/tex/latex/caption/caption3.sty)
(/usr/share/texlive/texmf-dist/tex/latex/caption/ltcaption.sty))
(/usr/share/texlive/texmf-dist/tex/latex/etoc/etoc.sty)
(/usr/share/texlive/texmf-dist/tex/latex/l3backend/l3backend-pdfmode.def)
(./refman.aux) (/usr/share/texlive/texmf-dist/tex/latex/psnfss/t1phv.fd)
(/usr/share/texlive/texmf-dist/tex/context/base/mkii/supp-pdf.mkii
[Loading MPS to PDF converter (version 2006.09.02).]
) (/usr/share/texlive/texmf-dist/tex/latex/epstopdf-pkg/epstopdf-base.sty
(/usr/share/texlive/texmf-dist/tex/latex/latexconfig/epstopdf-sys.cfg))
*geometry* driver: auto-detecting
*geometry* detected driver: pdftex
(/usr/share/texlive/texmf-dist/tex/latex/amsfonts/umsa.fd)
(/usr/share/texlive/texmf-dist/tex/latex/amsfonts/umsb.fd)
(/usr/share/texlive/texmf-dist/tex/latex/wasysym/uwasy.fd) [1{/var/lib/texmf/fo
nts/map/pdftex/updmap/pdftex.map}] [2] [1] [2] [3] [4] [5] [6] [7] [8] [9]
[10] [11] [12]
Chapter 1.
(./annotated.tex [1]) [2]
Chapter 2.
(./files.tex) [3] [4]
Chapter 3.
(./struct____dc1394__camera.tex
(/usr/share/texlive/texmf-dist/tex/latex/psnfss/t1pcr.fd)
(/usr/share/texlive/texmf-dist/tex/latex/psnfss/ts1phv.fd))
(./struct____dc1394__pxl__adv__feature__info__struct.tex)
(./struct____dc1394__pxl__camera__info__struct.tex)
(./struct____dc1394__pxl__gpio__info__struct.tex [5])
(./struct____dc1394__video__frame.tex) (./struct____dc1394camera__list__t.tex)
(./struct____dc1394feature__info__t__struct.tex [6])
(./struct____dc1394featureset__t.tex) (./struct____dc1394format7mode__t.tex)
(./struct____dc1394format7modeset__t.tex [7])
(./structdc1394basler__dcam__csr__value__t.tex)
(./structdc1394basler__dcam__whitebalance__csr__value__t.tex)
(./structdc1394basler__sff__chunk__tail__t.tex [8])
(./structdc1394basler__sff__crc__checksum__t.tex)
(./structdc1394basler__sff__cycle__time__stamp__t.tex)
(./structdc1394basler__sff__dcam__values__t.tex)
(./structdc1394basler__sff__extended__data__stream__t.tex [9])
(./structdc1394basler__sff__frame__counter__t.tex)
(./structdc1394basler__sff__guid__t.tex) (./structdc1394basler__sff__t.tex
[10]) (./structdc1394camera__id__t.tex) (./structdc1394color__codings__t.tex)
(./structdc1394feature__modes__t.tex [11]) (./structdc1394framerates__t.tex)
(./structdc1394trigger__modes__t.tex) (./structdc1394trigger__sources__t.tex
[12]) (./structdc1394video__modes__t.tex)
(./structfw__cdev__add__descriptor.tex) (./structfw__cdev__allocate.tex
[13]) (./structfw__cdev__allocate__iso__resource.tex [14])
(./structfw__cdev__create__iso__context.tex) (./structfw__cdev__deallocate.tex)
(./unionfw__cdev__event.tex [15]) (./structfw__cdev__event__bus__reset.tex)
(./structfw__cdev__event__common.tex [16])
(./structfw__cdev__event__iso__interrupt.tex)
(./structfw__cdev__event__iso__resource.tex [17])
(./structfw__cdev__event__request.tex) (./structfw__cdev__event__response.tex
[18]) (./structfw__cdev__get__cycle__timer.tex)
(./structfw__cdev__get__cycle__timer2.tex
Underfull \hbox (badness 1648) in paragraph at lines 12--13
[]\T1/phv/m/n/10 The F[]W[]_[][]C[]D[]E[]V[]_[][]I[]O[]C[]_[][]G[]E[]T[]_[][]C[
]Y[]C[]L[]E[]_[][]T[]I[]M[]E[]R2 works like F[]W[]_[][]C[]D[]E[]V[]_[][]I[]O[]C
[]_[][]G[]E[]T[]_[][]C[]Y[]C[]L[]E[]_[][]T[]I[]M[]ER but lets you
) (./structfw__cdev__get__info.tex [19]
Underfull \hbox (badness 10000) detected at line 10
[][][]
) (./structfw__cdev__initiate__bus__reset.tex)
(./structfw__cdev__iso__packet.tex [20]) (./structfw__cdev__queue__iso.tex)
(./structfw__cdev__remove__descriptor.tex [21])
(./structfw__cdev__send__request.tex) (./structfw__cdev__send__response.tex)
(./structfw__cdev__send__stream__packet.tex [22])
(./structfw__cdev__start__iso.tex) (./structfw__cdev__stop__iso.tex [23])
[24]
Chapter 4.
(./camera_8h.tex
Underfull \hbox (badness 10000) in paragraph at lines 8--10


Underfull \hbox (badness 756) in paragraph at lines 46--48
[] \T1/phv/b/n/10 dc1394error[]_[]t  dc1394[]_[]camera[]_[]get[]_[]node \T1/phv
/m/n/10 ( \T1/phv/b/n/10 dc1394camera[]_[]t $\OMS/cmsy/m/n/10 ^^C$\T1/phv/m/n/1
0 camera, uint32[]_[]t $\OMS/cmsy/m/n/10 ^^C$\T1/phv/m/n/10 node, uint32[]_[]
[25]
Underfull \hbox (badness 10000) detected at line 67
[][][]
[26] [27] [28]) (./capture_8h.tex
Underfull \hbox (badness 10000) in paragraph at lines 8--10

[29]
Underfull \hbox (badness 10000) detected at line 47
[][][]
[30] [31]) (./control_8h.tex
Underfull \hbox (badness 10000) in paragraph at lines 8--9

[32]
Underfull \hbox (badness 776) in paragraph at lines 67--69
[] \T1/phv/b/n/10 dc1394error[]_[]t  dc1394[]_[]feature[]_[]set[]_[]value \T1/p
hv/m/n/10 ( \T1/phv/b/n/10 dc1394camera[]_[]t $\OMS/cmsy/m/n/10 ^^C$\T1/phv/m/n
/10 camera,  \T1/phv/b/n/10 dc1394feature[]_[]t \T1/phv/m/n/10 fea-ture,
[33]
Underfull \hbox (badness 5893) in paragraph at lines 117--119
[] \T1/phv/b/n/10 dc1394error[]_[]t  dc1394[]_[]external[]_[]trigger[]_[]get[]_
[]supported[]_[]sources \T1/phv/m/n/10 ( \T1/phv/b/n/10 dc1394camera[]_[]t $\OM
S/cmsy/m/n/10 ^^C$\T1/phv/m/n/10 camera,

Underfull \hbox (badness 10000) detected at line 142
[][][]
[34] [35] [36] [37] [38] [39] [40] [41] [42]) (./conversions_8h.tex
Underfull \hbox (badness 10000) in paragraph at lines 8--9

[43]
Underfull \hbox (badness 10000) detected at line 42
[][][]
[44] [45] [46]) (./dc1394_8h.tex
Underfull \hbox (badness 10000) in paragraph at lines 8--19

) (./format7_8h.tex [47]
Underfull \hbox (badness 10000) in paragraph at lines 8--10


Underfull \hbox (badness 6758) in paragraph at lines 55--57
[] \T1/phv/b/n/10 dc1394error[]_[]t  dc1394[]_[]format7[]_[]get[]_[]recommended
[]_[]packet[]_[]size \T1/phv/m/n/10 ( \T1/phv/b/n/10 dc1394camera[]_[]t $\OMS/c
msy/m/n/10 ^^C$\T1/phv/m/n/10 camera,
[48] [49] [50] [51] [52] [53]) (./iso_8h.tex
Underfull \hbox (badness 10000) in paragraph at lines 8--9

[54]
Underfull \hbox (badness 10000) detected at line 29
[][][]

Underfull \hbox (badness 10000) detected at line 52
[][][]
[55]
Underfull \hbox (badness 10000) detected at line 75
[][][]
[56]
Underfull \hbox (badness 10000) detected at line 91
[][][]

Underfull \hbox (badness 10000) detected at line 109
[][][]
[57]
Underfull \hbox (badness 10000) detected at line 127
[][][]

Underfull \hbox (badness 10000) detected at line 143
[][][]
) (./log_8h.tex
Underfull \hbox (badness 10000) in paragraph at lines 8--9

[58]
Underfull \hbox (badness 10000) detected at line 34
[][][]
[59] [60]) (./register_8h.tex
Underfull \hbox (badness 10000) detected at line 48
[][][]
[61] [62] [63] [64]) (./types_8h.tex
Underfull \hbox (badness 10000) in paragraph at lines 8--9

[65]) (./utils_8h.tex [66]
Underfull \hbox (badness 10000) detected at line 40
[][][]
[67] [68]) (./avt_8h.tex
Underfull \hbox (badness 10000) in paragraph at lines 8--11

[69]
Underfull \hbox (badness 2521) in paragraph at lines 20--22
[] \T1/phv/b/n/10 dc1394error[]_[]t  dc1394[]_[]avt[]_[]get[]_[]shading \T1/phv
/m/n/10 ( \T1/phv/b/n/10 dc1394camera[]_[]t $\OMS/cmsy/m/n/10 ^^C$\T1/phv/m/n/1
0 camera,  \T1/phv/b/n/10 dc1394bool[]_[]t $\OMS/cmsy/m/n/10 ^^C$\T1/phv/m/n/10
 on[]_[]off,

Underfull \hbox (badness 3679) in paragraph at lines 22--24
[] \T1/phv/b/n/10 dc1394error[]_[]t  dc1394[]_[]avt[]_[]set[]_[]shading \T1/phv
/m/n/10 ( \T1/phv/b/n/10 dc1394camera[]_[]t $\OMS/cmsy/m/n/10 ^^C$\T1/phv/m/n/1
0 camera,  \T1/phv/b/n/10 dc1394bool[]_[]t \T1/phv/m/n/10 on[]_[]off,

Underfull \hbox (badness 3826) in paragraph at lines 66--68
[] \T1/phv/b/n/10 dc1394error[]_[]t  dc1394[]_[]avt[]_[]set[]_[]blemish \T1/phv
/m/n/10 ( \T1/phv/b/n/10 dc1394camera[]_[]t $\OMS/cmsy/m/n/10 ^^C$\T1/phv/m/n/1
0 camera,  \T1/phv/b/n/10 dc1394bool[]_[]t \T1/phv/m/n/10 on[]_[]off,
[70]
Underfull \hbox (badness 963) in paragraph at lines 108--110
[] \T1/phv/b/n/10 dc1394error[]_[]t  dc1394[]_[]avt[]_[]write[]_[]shading[]_[]i
mg \T1/phv/m/n/10 ( \T1/phv/b/n/10 dc1394camera[]_[]t $\OMS/cmsy/m/n/10 ^^C$\T1
/phv/m/n/10 camera, un-signed char $\OMS/cmsy/m/n/10 ^^C$\T1/phv/m/n/10 buf,

Underfull \hbox (badness 1803) in paragraph at lines 114--116
[] \T1/phv/b/n/10 dc1394error[]_[]t  dc1394[]_[]avt[]_[]set[]_[]color[]_[]corr 
\T1/phv/m/n/10 ( \T1/phv/b/n/10 dc1394camera[]_[]t $\OMS/cmsy/m/n/10 ^^C$\T1/ph
v/m/n/10 camera,  \T1/phv/b/n/10 dc1394bool[]_[]t \T1/phv/m/n/10 on[]_[]off,
[71] [72] [73] [74] [75] [76] [77] [78] [79] [80]) (./basler_8h.tex
Underfull \hbox (badness 10000) in paragraph at lines 8--9

[81] [82] [83]) (./basler__sff_8h.tex
Underfull \hbox (badness 10000) in paragraph at lines 8--9

[84]
Underfull \hbox (badness 10000) in paragraph at lines 85--86
\T1/pcr/m/n/8 typedef struct  \T1/pcr/b/n/8 dc1394basler[]_[]dcam[]_[]whitebala
nce[]_[]csr[]_[]value[]_[]t  dc1394basler[]_[]dcam[]_[]whitebalance[]_[]
[85]
Underfull \hbox (badness 10000) in paragraph at lines 109--110
\T1/pcr/m/n/8 typedef struct  \T1/pcr/b/n/8 dc1394basler[]_[]sff[]_[]extended[]
_[]data[]_[]stream[]_[]t  dc1394basler[]_[]sff[]_[]extended[]_[]data[]_[]
[86] [87]) (./basler__sff__registry_8h.tex
Underfull \hbox (badness 10000) in paragraph at lines 8--9

) (./pixelink_8h.tex
Underfull \hbox (badness 10000) in paragraph at lines 8--10

[88]
Underfull \hbox (badness 862) in paragraph at lines 50--52
[] \T1/phv/b/n/10 dc1394error[]_[]t  dc1394[]_[]pxl[]_[]get[]_[]gpo[]_[]param[]
_[]min[]_[]max \T1/phv/m/n/10 ( \T1/phv/b/n/10 dc1394camera[]_[]t $\OMS/cmsy/m/
n/10 ^^C$\T1/phv/m/n/10 , uint32[]_[]t, uint32[]_[]t $\OMS/cmsy/m/n/10 ^^C$\T1/
phv/m/n/10 ,
[89] [90] [91] [92]) (./video_8h.tex
Underfull \hbox (badness 10000) in paragraph at lines 8--9


Underfull \hbox (badness 1490) in paragraph at lines 37--39
[] \T1/phv/b/n/10 dc1394error[]_[]t  dc1394[]_[]video[]_[]get[]_[]framerate \T1
/phv/m/n/10 ( \T1/phv/b/n/10 dc1394camera[]_[]t $\OMS/cmsy/m/n/10 ^^C$\T1/phv/m
/n/10 camera,  \T1/phv/b/n/10 dc1394framerate[]_[]

Underfull \hbox (badness 1629) in paragraph at lines 67--69
[] \T1/phv/b/n/10 dc1394error[]_[]t  dc1394[]_[]video[]_[]set[]_[]multi[]_[]sho
t \T1/phv/m/n/10 ( \T1/phv/b/n/10 dc1394camera[]_[]t $\OMS/cmsy/m/n/10 ^^C$\T1/
phv/m/n/10 camera, uint32[]_[]t num[]Frames,
[93] [94] [95] [96] [97]) [98] (./refman.ind
Underfull \hbox (badness 10000) in paragraph at lines 87--88
[]| \T1/phv/m/n/10 DC1394_BASLER_SFF_CYCLE_TIME_STAMP,

Overfull \hbox (18.41447pt too wide) in paragraph at lines 89--90
[]| \T1/phv/m/n/10 DC1394_BASLER_SFF_EXTENDED_DATA_STREAM,

Overfull \hbox (21.43813pt too wide) in paragraph at lines 90--91
[]| \T1/phv/m/n/10 DC1394_BASLER_SFF_EXTENDED_VERSION_INFO,

Overfull \hbox (56.58278pt too wide) in paragraph at lines 93--94
[]| \T1/phv/m/n/10 DC1394_BASLER_SFF_OUTPUT_PORT_0_CONFIGURATION,

Overfull \hbox (56.58278pt too wide) in paragraph at lines 94--95
[]| \T1/phv/m/n/10 DC1394_BASLER_SFF_OUTPUT_PORT_1_CONFIGURATION,

Overfull \hbox (56.58278pt too wide) in paragraph at lines 95--96
[]| \T1/phv/m/n/10 DC1394_BASLER_SFF_OUTPUT_PORT_2_CONFIGURATION,

Overfull \hbox (56.58278pt too wide) in paragraph at lines 96--97
[]| \T1/phv/m/n/10 DC1394_BASLER_SFF_OUTPUT_PORT_3_CONFIGURATION,

Overfull \hbox (43.16397pt too wide) in paragraph at lines 98--99
[]| \T1/phv/m/n/10 DC1394_BASLER_SFF_TRIGGER_FLAG_AND_COUNTER,
[99]
Underfull \hbox (badness 10000) in paragraph at lines 100--101
[]| \T1/phv/m/n/10 dc1394basler_dcam_whitebalance_csr_value_t,

Underfull \hbox (badness 10000) in paragraph at lines 141--142
[]| \T1/phv/m/n/10 DC1394_CAPTURE_FLAGS_CHANNEL_ALLOC,

Underfull \hbox (badness 10000) in paragraph at lines 156--157
[]| \T1/phv/m/n/10 dc1394_external_trigger_get_supported_sources,
[100] [101]
Overfull \hbox (34.08089pt too wide) in paragraph at lines 377--378
[]\T1/phv/m/n/10 DC1394_BASLER_SFF_OUTPUT_PORT_0_CONFIGURATION 

Overfull \hbox (34.08089pt too wide) in paragraph at lines 379--380
[]\T1/phv/m/n/10 DC1394_BASLER_SFF_OUTPUT_PORT_1_CONFIGURATION 

Overfull \hbox (34.08089pt too wide) in paragraph at lines 381--382
[]\T1/phv/m/n/10 DC1394_BASLER_SFF_OUTPUT_PORT_2_CONFIGURATION 

Overfull \hbox (34.08089pt too wide) in paragraph at lines 383--384
[]\T1/phv/m/n/10 DC1394_BASLER_SFF_OUTPUT_PORT_3_CONFIGURATION 

Overfull \hbox (20.66208pt too wide) in paragraph at lines 387--388
[]\T1/phv/m/n/10 DC1394_BASLER_SFF_TRIGGER_FLAG_AND_COUNTER 
[102] [103] [104] [105]
Underfull \hbox (badness 10000) in paragraph at lines 841--842
[]| \T1/phv/m/n/10 dc1394_format7_get_recommended_packet_size,
[106] [107]) (./refman.aux) )
(see the transcript file for additional information){/usr/share/texlive/texmf-d
ist/fonts/enc/dvips/base/8r.enc}</usr/share/texlive/texmf-dist/fonts/type1/publ
ic/amsfonts/cm/cmmi10.pfb></usr/share/texlive/texmf-dist/fonts/type1/public/ams
fonts/cm/cmmi7.pfb></usr/share/texlive/texmf-dist/fonts/type1/public/amsfonts/c
m/cmsy10.pfb></usr/share/texlive/texmf-dist/fonts/type1/public/amsfonts/cm/cmsy
7.pfb></usr/share/texlive/texmf-dist/fonts/type1/public/amsfonts/cm/cmsy8.pfb><
/usr/share/texlive/texmf-dist/fonts/type1/urw/courier/ucrb8a.pfb></usr/share/te
xlive/texmf-dist/fonts/type1/urw/courier/ucrr8a.pfb></usr/share/texlive/texmf-d
ist/fonts/type1/urw/courier/ucrro8a.pfb></usr/share/texlive/texmf-dist/fonts/ty
pe1/urw/helvetic/uhvb8a.pfb></usr/share/texlive/texmf-dist/fonts/type1/urw/helv
etic/uhvb8ac.pfb></usr/share/texlive/texmf-dist/fonts/type1/urw/helvetic/uhvbo8
a.pfb></usr/share/texlive/texmf-dist/fonts/type1/urw/helvetic/uhvr8a.pfb></usr/
share/texlive/texmf-dist/fonts/type1/urw/helvetic/uhvro8a.pfb>
Output written on refman.pdf (121 pages, 285164 bytes).
Transcript written on refman.log.
make[2]: Leaving directory '/<<PKGBUILDDIR>>'
dh_auto_build: error: make -j4 all doxygen-pdf returned exit code 2
make[1]: *** [debian/rules:10: override_dh_auto_build] Error 25
make[1]: Leaving directory '/<<PKGBUILDDIR>>'
make: *** [debian/rules:4: build] Error 2
dpkg-buildpackage: error: debian/rules build subprocess returned exit status 2
--------------------------------------------------------------------------------
Build finished at 2020-02-25T17:58:10Z

Finished
--------


+------------------------------------------------------------------------------+
| Cleanup                                                                      |
+------------------------------------------------------------------------------+

Purging /<<BUILDDIR>>
Not cleaning session: cloned chroot in use
E: Build failure (dpkg-buildpackage died)

+------------------------------------------------------------------------------+
| Summary                                                                      |
+------------------------------------------------------------------------------+

Build Architecture: amd64
Build Type: binary
Build-Space: 9108
Build-Time: 12
Distribution: unstable
Fail-Stage: build
Host Architecture: amd64
Install-Time: 40
Job: libdc1394-22_2.2.5-2.1
Machine Architecture: amd64
Package: libdc1394-22
Package-Time: 69
Source-Version: 2.2.5-2.1
Space: 9108
Status: attempted
Version: 2.2.5-2.1
--------------------------------------------------------------------------------
Finished at 2020-02-25T17:58:10Z
Build needed 00:01:09, 9108k disk space
E: Build failure (dpkg-buildpackage died)
DC-Status: Failed 70.643119775s
