DC-Build-Header: libratbag 0.13-1 / 2020-02-25 18:29:02 +0000
DC-Task: type:rebuild-binarch-only source:libratbag version:0.13-1 chroot:unstable esttime:74 logfile:/tmp/libratbag_0.13-1_unstable_clang10.log modes:clang10:binarch-only
DC-Sbuild-call: su user42 -c 'sbuild -n --arch-any --apt-update -d unstable -v --no-run-lintian --chroot-setup-commands=/tmp/clang10 libratbag_0.13-1'
sbuild (Debian sbuild) 0.78.1 (09 February 2019) on ip-172-31-12-118.eu-central-1.compute.internal

+==============================================================================+
| libratbag 0.13-1 (amd64)                     Tue, 25 Feb 2020 18:29:03 +0000 |
+==============================================================================+

Package: libratbag
Version: 0.13-1
Source Version: 0.13-1
Distribution: unstable
Machine Architecture: amd64
Host Architecture: amd64
Build Architecture: amd64
Build Type: binary

I: NOTICE: Log filtering will replace 'var/run/schroot/mount/sid-amd64-sbuild-2c7ed6b5-44f8-400b-97dd-4257310419b7' with '<<CHROOT>>'

+------------------------------------------------------------------------------+
| Chroot Setup Commands                                                        |
+------------------------------------------------------------------------------+


/tmp/clang10
------------

+ echo 'Entering customization script...'
Entering customization script...
+ CLANG_VERSION=10
+ echo 'Install of clang-10'
Install of clang-10
+ apt-get update
Get:1 http://127.0.0.1:12990/debian sid InRelease [142 kB]
Get:2 http://127.0.0.1:12990/debian sid/main Sources.diff/Index [27.9 kB]
Get:3 http://127.0.0.1:12990/debian sid/main amd64 Packages.diff/Index [27.9 kB]
Get:4 http://127.0.0.1:12990/debian sid/main Sources 2020-02-24-0823.32.pdiff [11.0 kB]
Get:5 http://127.0.0.1:12990/debian sid/main Sources 2020-02-24-1420.34.pdiff [30.2 kB]
Get:6 http://127.0.0.1:12990/debian sid/main Sources 2020-02-24-2014.03.pdiff [16.9 kB]
Get:7 http://127.0.0.1:12990/debian sid/main Sources 2020-02-25-0213.11.pdiff [23.2 kB]
Get:8 http://127.0.0.1:12990/debian sid/main Sources 2020-02-25-0815.22.pdiff [9222 B]
Get:9 http://127.0.0.1:12990/debian sid/main Sources 2020-02-25-1413.15.pdiff [16.3 kB]
Get:10 http://127.0.0.1:12990/debian sid/main amd64 Packages 2020-02-24-0823.32.pdiff [15.5 kB]
Get:11 http://127.0.0.1:12990/debian sid/main amd64 Packages 2020-02-24-1420.34.pdiff [27.5 kB]
Get:12 http://127.0.0.1:12990/debian sid/main amd64 Packages 2020-02-24-2014.03.pdiff [21.6 kB]
Get:13 http://127.0.0.1:12990/debian sid/main amd64 Packages 2020-02-25-0213.11.pdiff [35.0 kB]
Get:14 http://127.0.0.1:12990/debian sid/main amd64 Packages 2020-02-25-0815.22.pdiff [20.1 kB]
Get:15 http://127.0.0.1:12990/debian sid/main amd64 Packages 2020-02-25-1413.15.pdiff [18.4 kB]
Get:9 http://127.0.0.1:12990/debian sid/main Sources 2020-02-25-1413.15.pdiff [16.3 kB]
Get:15 http://127.0.0.1:12990/debian sid/main amd64 Packages 2020-02-25-1413.15.pdiff [18.4 kB]
Get:16 http://127.0.0.1:12990/debian sid/main Translation-en [6195 kB]
Fetched 6638 kB in 2s (3882 kB/s)
Reading package lists...
+ apt-get install --yes --no-install-recommends --force-yes clang-10 libomp-10-dev libobjc-9-dev
Reading package lists...
Building dependency tree...
The following additional packages will be installed:
  cpp-9 g++-9 gcc-9 gcc-9-base lib32gcc-s1 lib32gcc1 lib32stdc++6 libasan5
  libbsd0 libc6-i386 libclang-common-10-dev libclang-cpp10 libclang1-10
  libedit2 libgc1c2 libgcc-9-dev libllvm10 libobjc4 libomp5-10 libstdc++-9-dev
  libz3-4
Suggested packages:
  clang-10-doc gcc-9-locales g++-9-multilib gcc-9-doc gcc-9-multilib
  libomp-10-doc libstdc++-9-doc
Recommended packages:
  llvm-10-dev python3
The following NEW packages will be installed:
  clang-10 lib32gcc-s1 lib32gcc1 lib32stdc++6 libbsd0 libc6-i386
  libclang-common-10-dev libclang-cpp10 libclang1-10 libedit2 libgc1c2
  libllvm10 libobjc-9-dev libobjc4 libomp-10-dev libomp5-10 libz3-4
The following packages will be upgraded:
  cpp-9 g++-9 gcc-9 gcc-9-base libasan5 libgcc-9-dev libstdc++-9-dev
7 upgraded, 17 newly installed, 0 to remove and 3 not upgraded.
Need to get 81.5 MB of archives.
After this operation, 238 MB of additional disk space will be used.
Get:1 http://127.0.0.1:12990/debian sid/main amd64 libasan5 amd64 9.2.1-30 [389 kB]
Get:2 http://127.0.0.1:12990/debian sid/main amd64 g++-9 amd64 9.2.1-30 [10.7 MB]
Get:3 http://127.0.0.1:12990/debian sid/main amd64 gcc-9 amd64 9.2.1-30 [10.0 MB]
Get:4 http://127.0.0.1:12990/debian sid/main amd64 libstdc++-9-dev amd64 9.2.1-30 [1697 kB]
Get:5 http://127.0.0.1:12990/debian sid/main amd64 libgcc-9-dev amd64 9.2.1-30 [2349 kB]
Get:6 http://127.0.0.1:12990/debian sid/main amd64 cpp-9 amd64 9.2.1-30 [9711 kB]
Get:7 http://127.0.0.1:12990/debian sid/main amd64 gcc-9-base amd64 9.2.1-30 [196 kB]
Get:8 http://127.0.0.1:12990/debian sid/main amd64 libbsd0 amd64 0.10.0-1 [107 kB]
Get:9 http://127.0.0.1:12990/debian sid/main amd64 libedit2 amd64 3.1-20191231-1 [95.4 kB]
Get:10 http://127.0.0.1:12990/debian sid/main amd64 libz3-4 amd64 4.8.7-4 [6790 kB]
Get:11 http://127.0.0.1:12990/debian sid/main amd64 libllvm10 amd64 1:10.0.0~+rc2-1 [15.5 MB]
Get:12 http://127.0.0.1:12990/debian sid/main amd64 libclang-cpp10 amd64 1:10.0.0~+rc2-1 [9069 kB]
Get:13 http://127.0.0.1:12990/debian sid/main amd64 libgc1c2 amd64 1:7.6.4-0.4 [224 kB]
Get:14 http://127.0.0.1:12990/debian sid/main amd64 libobjc4 amd64 10-20200222-1 [41.6 kB]
Get:15 http://127.0.0.1:12990/debian sid/main amd64 libobjc-9-dev amd64 9.2.1-30 [219 kB]
Get:16 http://127.0.0.1:12990/debian sid/main amd64 libc6-i386 amd64 2.29-10 [2918 kB]
Get:17 http://127.0.0.1:12990/debian sid/main amd64 lib32gcc-s1 amd64 10-20200222-1 [49.4 kB]
Get:18 http://127.0.0.1:12990/debian sid/main amd64 lib32gcc1 amd64 1:10-20200222-1 [1104 B]
Get:19 http://127.0.0.1:12990/debian sid/main amd64 lib32stdc++6 amd64 10-20200222-1 [510 kB]
Get:20 http://127.0.0.1:12990/debian sid/main amd64 libclang-common-10-dev amd64 1:10.0.0~+rc2-1 [2782 kB]
Get:21 http://127.0.0.1:12990/debian sid/main amd64 libclang1-10 amd64 1:10.0.0~+rc2-1 [7607 kB]
Get:22 http://127.0.0.1:12990/debian sid/main amd64 clang-10 amd64 1:10.0.0~+rc2-1 [103 kB]
Get:23 http://127.0.0.1:12990/debian sid/main amd64 libomp5-10 amd64 1:10.0.0~+rc2-1 [337 kB]
Get:24 http://127.0.0.1:12990/debian sid/main amd64 libomp-10-dev amd64 1:10.0.0~+rc2-1 [84.3 kB]
debconf: delaying package configuration, since apt-utils is not installed
Fetched 81.5 MB in 1s (102 MB/s)
(Reading database ... (Reading database ... 5%(Reading database ... 10%(Reading database ... 15%(Reading database ... 20%(Reading database ... 25%(Reading database ... 30%(Reading database ... 35%(Reading database ... 40%(Reading database ... 45%(Reading database ... 50%(Reading database ... 55%(Reading database ... 60%(Reading database ... 65%(Reading database ... 70%(Reading database ... 75%(Reading database ... 80%(Reading database ... 85%(Reading database ... 90%(Reading database ... 95%(Reading database ... 100%(Reading database ... 12119 files and directories currently installed.)
Preparing to unpack .../00-libasan5_9.2.1-30_amd64.deb ...
Unpacking libasan5:amd64 (9.2.1-30) over (9.2.1-29) ...
Preparing to unpack .../01-g++-9_9.2.1-30_amd64.deb ...
Unpacking g++-9 (9.2.1-30) over (9.2.1-29) ...
Preparing to unpack .../02-gcc-9_9.2.1-30_amd64.deb ...
Unpacking gcc-9 (9.2.1-30) over (9.2.1-29) ...
Preparing to unpack .../03-libstdc++-9-dev_9.2.1-30_amd64.deb ...
Unpacking libstdc++-9-dev:amd64 (9.2.1-30) over (9.2.1-29) ...
Preparing to unpack .../04-libgcc-9-dev_9.2.1-30_amd64.deb ...
Unpacking libgcc-9-dev:amd64 (9.2.1-30) over (9.2.1-29) ...
Preparing to unpack .../05-cpp-9_9.2.1-30_amd64.deb ...
Unpacking cpp-9 (9.2.1-30) over (9.2.1-29) ...
Preparing to unpack .../06-gcc-9-base_9.2.1-30_amd64.deb ...
Unpacking gcc-9-base:amd64 (9.2.1-30) over (9.2.1-29) ...
Selecting previously unselected package libbsd0:amd64.
Preparing to unpack .../07-libbsd0_0.10.0-1_amd64.deb ...
Unpacking libbsd0:amd64 (0.10.0-1) ...
Selecting previously unselected package libedit2:amd64.
Preparing to unpack .../08-libedit2_3.1-20191231-1_amd64.deb ...
Unpacking libedit2:amd64 (3.1-20191231-1) ...
Selecting previously unselected package libz3-4:amd64.
Preparing to unpack .../09-libz3-4_4.8.7-4_amd64.deb ...
Unpacking libz3-4:amd64 (4.8.7-4) ...
Selecting previously unselected package libllvm10:amd64.
Preparing to unpack .../10-libllvm10_1%3a10.0.0~+rc2-1_amd64.deb ...
Unpacking libllvm10:amd64 (1:10.0.0~+rc2-1) ...
Selecting previously unselected package libclang-cpp10.
Preparing to unpack .../11-libclang-cpp10_1%3a10.0.0~+rc2-1_amd64.deb ...
Unpacking libclang-cpp10 (1:10.0.0~+rc2-1) ...
Selecting previously unselected package libgc1c2:amd64.
Preparing to unpack .../12-libgc1c2_1%3a7.6.4-0.4_amd64.deb ...
Unpacking libgc1c2:amd64 (1:7.6.4-0.4) ...
Selecting previously unselected package libobjc4:amd64.
Preparing to unpack .../13-libobjc4_10-20200222-1_amd64.deb ...
Unpacking libobjc4:amd64 (10-20200222-1) ...
Selecting previously unselected package libobjc-9-dev:amd64.
Preparing to unpack .../14-libobjc-9-dev_9.2.1-30_amd64.deb ...
Unpacking libobjc-9-dev:amd64 (9.2.1-30) ...
Selecting previously unselected package libc6-i386.
Preparing to unpack .../15-libc6-i386_2.29-10_amd64.deb ...
Unpacking libc6-i386 (2.29-10) ...
Selecting previously unselected package lib32gcc-s1.
Preparing to unpack .../16-lib32gcc-s1_10-20200222-1_amd64.deb ...
Unpacking lib32gcc-s1 (10-20200222-1) ...
Selecting previously unselected package lib32gcc1.
Preparing to unpack .../17-lib32gcc1_1%3a10-20200222-1_amd64.deb ...
Unpacking lib32gcc1 (1:10-20200222-1) ...
Selecting previously unselected package lib32stdc++6.
Preparing to unpack .../18-lib32stdc++6_10-20200222-1_amd64.deb ...
Unpacking lib32stdc++6 (10-20200222-1) ...
Selecting previously unselected package libclang-common-10-dev.
Preparing to unpack .../19-libclang-common-10-dev_1%3a10.0.0~+rc2-1_amd64.deb ...
Unpacking libclang-common-10-dev (1:10.0.0~+rc2-1) ...
Selecting previously unselected package libclang1-10.
Preparing to unpack .../20-libclang1-10_1%3a10.0.0~+rc2-1_amd64.deb ...
Unpacking libclang1-10 (1:10.0.0~+rc2-1) ...
Selecting previously unselected package clang-10.
Preparing to unpack .../21-clang-10_1%3a10.0.0~+rc2-1_amd64.deb ...
Unpacking clang-10 (1:10.0.0~+rc2-1) ...
Selecting previously unselected package libomp5-10:amd64.
Preparing to unpack .../22-libomp5-10_1%3a10.0.0~+rc2-1_amd64.deb ...
Unpacking libomp5-10:amd64 (1:10.0.0~+rc2-1) ...
Selecting previously unselected package libomp-10-dev.
Preparing to unpack .../23-libomp-10-dev_1%3a10.0.0~+rc2-1_amd64.deb ...
Unpacking libomp-10-dev (1:10.0.0~+rc2-1) ...
Setting up libgc1c2:amd64 (1:7.6.4-0.4) ...
Setting up libobjc4:amd64 (10-20200222-1) ...
Setting up libz3-4:amd64 (4.8.7-4) ...
Setting up libomp5-10:amd64 (1:10.0.0~+rc2-1) ...
Setting up libc6-i386 (2.29-10) ...
Setting up libbsd0:amd64 (0.10.0-1) ...
Setting up gcc-9-base:amd64 (9.2.1-30) ...
Setting up libomp-10-dev (1:10.0.0~+rc2-1) ...
Setting up libedit2:amd64 (3.1-20191231-1) ...
Setting up libllvm10:amd64 (1:10.0.0~+rc2-1) ...
Setting up libasan5:amd64 (9.2.1-30) ...
Setting up lib32gcc-s1 (10-20200222-1) ...
Setting up libclang1-10 (1:10.0.0~+rc2-1) ...
Setting up cpp-9 (9.2.1-30) ...
Setting up lib32gcc1 (1:10-20200222-1) ...
Setting up libclang-cpp10 (1:10.0.0~+rc2-1) ...
Setting up libgcc-9-dev:amd64 (9.2.1-30) ...
Setting up lib32stdc++6 (10-20200222-1) ...
Setting up libobjc-9-dev:amd64 (9.2.1-30) ...
Setting up gcc-9 (9.2.1-30) ...
Setting up libstdc++-9-dev:amd64 (9.2.1-30) ...
Setting up libclang-common-10-dev (1:10.0.0~+rc2-1) ...
Setting up g++-9 (9.2.1-30) ...
Setting up clang-10 (1:10.0.0~+rc2-1) ...
Processing triggers for libc-bin (2.29-10) ...
W: --force-yes is deprecated, use one of the options starting with --allow instead.
+ echo 'Replace gcc, g++ & cpp by clang'
Replace gcc, g++ & cpp by clang
+ VERSIONS='4.6 4.7 4.8 4.9 5 6 7 8 9 10'
+ cd /usr/bin
+ for VERSION in $VERSIONS
+ rm -f g++-4.6 gcc-4.6 cpp-4.6 gcc
+ ln -s clang++-10 g++-4.6
+ ln -s clang-10 gcc-4.6
+ ln -s clang-10 cpp-4.6
+ ln -s clang-10 gcc
+ echo 'gcc-4.6 hold'
+ dpkg --set-selections
dpkg: warning: package not in status nor available database at line 1: gcc-4.6
dpkg: warning: found unknown packages; this might mean the available database
is outdated, and needs to be updated through a frontend method;
please see the FAQ <https://wiki.debian.org/Teams/Dpkg/FAQ>
+ echo 'g++-4.6 hold'
+ dpkg --set-selections
dpkg: warning: package not in status nor available database at line 1: g++-4.6
dpkg: warning: found unknown packages; this might mean the available database
is outdated, and needs to be updated through a frontend method;
please see the FAQ <https://wiki.debian.org/Teams/Dpkg/FAQ>
+ for VERSION in $VERSIONS
+ rm -f g++-4.7 gcc-4.7 cpp-4.7 gcc
+ ln -s clang++-10 g++-4.7
+ ln -s clang-10 gcc-4.7
+ ln -s clang-10 cpp-4.7
+ ln -s clang-10 gcc
+ echo 'gcc-4.7 hold'
+ dpkg --set-selections
dpkg: warning: package not in status nor available database at line 1: gcc-4.7
dpkg: warning: found unknown packages; this might mean the available database
is outdated, and needs to be updated through a frontend method;
please see the FAQ <https://wiki.debian.org/Teams/Dpkg/FAQ>
+ echo 'g++-4.7 hold'
+ dpkg --set-selections
dpkg: warning: package not in status nor available database at line 1: g++-4.7
dpkg: warning: found unknown packages; this might mean the available database
is outdated, and needs to be updated through a frontend method;
please see the FAQ <https://wiki.debian.org/Teams/Dpkg/FAQ>
+ for VERSION in $VERSIONS
+ rm -f g++-4.8 gcc-4.8 cpp-4.8 gcc
+ ln -s clang++-10 g++-4.8
+ ln -s clang-10 gcc-4.8
+ ln -s clang-10 cpp-4.8
+ ln -s clang-10 gcc
+ echo 'gcc-4.8 hold'
+ dpkg --set-selections
dpkg: warning: package not in status nor available database at line 1: gcc-4.8
dpkg: warning: found unknown packages; this might mean the available database
is outdated, and needs to be updated through a frontend method;
please see the FAQ <https://wiki.debian.org/Teams/Dpkg/FAQ>
+ echo 'g++-4.8 hold'
+ dpkg --set-selections
dpkg: warning: package not in status nor available database at line 1: g++-4.8
dpkg: warning: found unknown packages; this might mean the available database
is outdated, and needs to be updated through a frontend method;
please see the FAQ <https://wiki.debian.org/Teams/Dpkg/FAQ>
+ for VERSION in $VERSIONS
+ rm -f g++-4.9 gcc-4.9 cpp-4.9 gcc
+ ln -s clang++-10 g++-4.9
+ ln -s clang-10 gcc-4.9
+ ln -s clang-10 cpp-4.9
+ ln -s clang-10 gcc
+ echo 'gcc-4.9 hold'
+ dpkg --set-selections
dpkg: warning: package not in status nor available database at line 1: gcc-4.9
dpkg: warning: found unknown packages; this might mean the available database
is outdated, and needs to be updated through a frontend method;
please see the FAQ <https://wiki.debian.org/Teams/Dpkg/FAQ>
+ echo 'g++-4.9 hold'
+ dpkg --set-selections
dpkg: warning: package not in status nor available database at line 1: g++-4.9
dpkg: warning: found unknown packages; this might mean the available database
is outdated, and needs to be updated through a frontend method;
please see the FAQ <https://wiki.debian.org/Teams/Dpkg/FAQ>
+ for VERSION in $VERSIONS
+ rm -f g++-5 gcc-5 cpp-5 gcc
+ ln -s clang++-10 g++-5
+ ln -s clang-10 gcc-5
+ ln -s clang-10 cpp-5
+ ln -s clang-10 gcc
+ echo 'gcc-5 hold'
+ dpkg --set-selections
dpkg: warning: package not in status nor available database at line 1: gcc-5
dpkg: warning: found unknown packages; this might mean the available database
is outdated, and needs to be updated through a frontend method;
please see the FAQ <https://wiki.debian.org/Teams/Dpkg/FAQ>
+ echo 'g++-5 hold'
+ dpkg --set-selections
dpkg: warning: package not in status nor available database at line 1: g++-5
dpkg: warning: found unknown packages; this might mean the available database
is outdated, and needs to be updated through a frontend method;
please see the FAQ <https://wiki.debian.org/Teams/Dpkg/FAQ>
+ for VERSION in $VERSIONS
+ rm -f g++-6 gcc-6 cpp-6 gcc
+ ln -s clang++-10 g++-6
+ ln -s clang-10 gcc-6
+ ln -s clang-10 cpp-6
+ ln -s clang-10 gcc
+ echo 'gcc-6 hold'
+ dpkg --set-selections
dpkg: warning: package not in status nor available database at line 1: gcc-6
dpkg: warning: found unknown packages; this might mean the available database
is outdated, and needs to be updated through a frontend method;
please see the FAQ <https://wiki.debian.org/Teams/Dpkg/FAQ>
+ echo 'g++-6 hold'
+ dpkg --set-selections
dpkg: warning: package not in status nor available database at line 1: g++-6
dpkg: warning: found unknown packages; this might mean the available database
is outdated, and needs to be updated through a frontend method;
please see the FAQ <https://wiki.debian.org/Teams/Dpkg/FAQ>
+ for VERSION in $VERSIONS
+ rm -f g++-7 gcc-7 cpp-7 gcc
+ ln -s clang++-10 g++-7
+ ln -s clang-10 gcc-7
+ ln -s clang-10 cpp-7
+ ln -s clang-10 gcc
+ echo 'gcc-7 hold'
+ dpkg --set-selections
dpkg: warning: package not in status nor available database at line 1: gcc-7
dpkg: warning: found unknown packages; this might mean the available database
is outdated, and needs to be updated through a frontend method;
please see the FAQ <https://wiki.debian.org/Teams/Dpkg/FAQ>
+ echo 'g++-7 hold'
+ dpkg --set-selections
dpkg: warning: package not in status nor available database at line 1: g++-7
dpkg: warning: found unknown packages; this might mean the available database
is outdated, and needs to be updated through a frontend method;
please see the FAQ <https://wiki.debian.org/Teams/Dpkg/FAQ>
+ for VERSION in $VERSIONS
+ rm -f g++-8 gcc-8 cpp-8 gcc
+ ln -s clang++-10 g++-8
+ ln -s clang-10 gcc-8
+ ln -s clang-10 cpp-8
+ ln -s clang-10 gcc
+ echo 'gcc-8 hold'
+ dpkg --set-selections
dpkg: warning: package not in status nor available database at line 1: gcc-8
dpkg: warning: found unknown packages; this might mean the available database
is outdated, and needs to be updated through a frontend method;
please see the FAQ <https://wiki.debian.org/Teams/Dpkg/FAQ>
+ echo 'g++-8 hold'
+ dpkg --set-selections
dpkg: warning: package not in status nor available database at line 1: g++-8
dpkg: warning: found unknown packages; this might mean the available database
is outdated, and needs to be updated through a frontend method;
please see the FAQ <https://wiki.debian.org/Teams/Dpkg/FAQ>
+ for VERSION in $VERSIONS
+ rm -f g++-9 gcc-9 cpp-9 gcc
+ ln -s clang++-10 g++-9
+ ln -s clang-10 gcc-9
+ ln -s clang-10 cpp-9
+ ln -s clang-10 gcc
+ echo 'gcc-9 hold'
+ dpkg --set-selections
+ echo 'g++-9 hold'
+ dpkg --set-selections
+ for VERSION in $VERSIONS
+ rm -f g++-10 gcc-10 cpp-10 gcc
+ ln -s clang++-10 g++-10
+ ln -s clang-10 gcc-10
+ ln -s clang-10 cpp-10
+ ln -s clang-10 gcc
+ echo 'gcc-10 hold'
+ dpkg --set-selections
dpkg: warning: package not in status nor available database at line 1: gcc-10
dpkg: warning: found unknown packages; this might mean the available database
is outdated, and needs to be updated through a frontend method;
please see the FAQ <https://wiki.debian.org/Teams/Dpkg/FAQ>
+ echo 'g++-10 hold'
+ dpkg --set-selections
dpkg: warning: package not in status nor available database at line 1: g++-10
dpkg: warning: found unknown packages; this might mean the available database
is outdated, and needs to be updated through a frontend method;
please see the FAQ <https://wiki.debian.org/Teams/Dpkg/FAQ>
+ cd -
/build/libratbag-bHNe4C
+ echo 'Check if gcc, g++ & cpp are actually clang'
Check if gcc, g++ & cpp are actually clang
+ gcc --version
+ grep clang
+ cpp --version
+ grep clang
+ g++ --version
+ grep clang

I: Finished running '/tmp/clang10'.

Finished processing commands.
--------------------------------------------------------------------------------
I: NOTICE: Log filtering will replace 'build/libratbag-bHNe4C/resolver-SGgrH9' with '<<RESOLVERDIR>>'

+------------------------------------------------------------------------------+
| Update chroot                                                                |
+------------------------------------------------------------------------------+

Hit:1 http://127.0.0.1:12990/debian sid InRelease
Reading package lists...
Reading package lists...
Building dependency tree...
Reading state information...
Calculating upgrade...
The following packages will be upgraded:
  bash libgmp10 zlib1g
3 upgraded, 0 newly installed, 0 to remove and 0 not upgraded.
Need to get 1722 kB of archives.
After this operation, 4096 B of additional disk space will be used.
Get:1 http://127.0.0.1:12990/debian sid/main amd64 bash amd64 5.0-6 [1379 kB]
Get:2 http://127.0.0.1:12990/debian sid/main amd64 libgmp10 amd64 2:6.2.0+dfsg-4 [253 kB]
Get:3 http://127.0.0.1:12990/debian sid/main amd64 zlib1g amd64 1:1.2.11.dfsg-2 [90.4 kB]
debconf: delaying package configuration, since apt-utils is not installed
Fetched 1722 kB in 0s (73.6 MB/s)
(Reading database ... (Reading database ... 5%(Reading database ... 10%(Reading database ... 15%(Reading database ... 20%(Reading database ... 25%(Reading database ... 30%(Reading database ... 35%(Reading database ... 40%(Reading database ... 45%(Reading database ... 50%(Reading database ... 55%(Reading database ... 60%(Reading database ... 65%(Reading database ... 70%(Reading database ... 75%(Reading database ... 80%(Reading database ... 85%(Reading database ... 90%(Reading database ... 95%(Reading database ... 100%(Reading database ... 12960 files and directories currently installed.)
Preparing to unpack .../archives/bash_5.0-6_amd64.deb ...
Unpacking bash (5.0-6) over (5.0-5) ...
Setting up bash (5.0-6) ...
update-alternatives: using /usr/share/man/man7/bash-builtins.7.gz to provide /usr/share/man/man7/builtins.7.gz (builtins.7.gz) in auto mode
(Reading database ... (Reading database ... 5%(Reading database ... 10%(Reading database ... 15%(Reading database ... 20%(Reading database ... 25%(Reading database ... 30%(Reading database ... 35%(Reading database ... 40%(Reading database ... 45%(Reading database ... 50%(Reading database ... 55%(Reading database ... 60%(Reading database ... 65%(Reading database ... 70%(Reading database ... 75%(Reading database ... 80%(Reading database ... 85%(Reading database ... 90%(Reading database ... 95%(Reading database ... 100%(Reading database ... 12960 files and directories currently installed.)
Preparing to unpack .../libgmp10_2%3a6.2.0+dfsg-4_amd64.deb ...
Unpacking libgmp10:amd64 (2:6.2.0+dfsg-4) over (2:6.2.0+dfsg-3) ...
Setting up libgmp10:amd64 (2:6.2.0+dfsg-4) ...
(Reading database ... (Reading database ... 5%(Reading database ... 10%(Reading database ... 15%(Reading database ... 20%(Reading database ... 25%(Reading database ... 30%(Reading database ... 35%(Reading database ... 40%(Reading database ... 45%(Reading database ... 50%(Reading database ... 55%(Reading database ... 60%(Reading database ... 65%(Reading database ... 70%(Reading database ... 75%(Reading database ... 80%(Reading database ... 85%(Reading database ... 90%(Reading database ... 95%(Reading database ... 100%(Reading database ... 12960 files and directories currently installed.)
Preparing to unpack .../zlib1g_1%3a1.2.11.dfsg-2_amd64.deb ...
Unpacking zlib1g:amd64 (1:1.2.11.dfsg-2) over (1:1.2.11.dfsg-1.2) ...
Setting up zlib1g:amd64 (1:1.2.11.dfsg-2) ...
Processing triggers for libc-bin (2.29-10) ...

+------------------------------------------------------------------------------+
| Fetch source files                                                           |
+------------------------------------------------------------------------------+


Check APT
---------

Checking available source versions...

Download source files with APT
------------------------------

Reading package lists...
NOTICE: 'libratbag' packaging is maintained in the 'Git' version control system at:
https://salsa.debian.org/debian/libratbag.git
Please use:
git clone https://salsa.debian.org/debian/libratbag.git
to retrieve the latest (possibly unreleased) updates to the package.
Need to get 250 kB of source archives.
Get:1 http://127.0.0.1:12990/debian sid/main libratbag 0.13-1 (dsc) [2290 B]
Get:2 http://127.0.0.1:12990/debian sid/main libratbag 0.13-1 (tar) [242 kB]
Get:3 http://127.0.0.1:12990/debian sid/main libratbag 0.13-1 (diff) [5416 B]
Fetched 250 kB in 0s (2644 kB/s)
Download complete and in download only mode
I: NOTICE: Log filtering will replace 'build/libratbag-bHNe4C/libratbag-0.13' with '<<PKGBUILDDIR>>'
I: NOTICE: Log filtering will replace 'build/libratbag-bHNe4C' with '<<BUILDDIR>>'

+------------------------------------------------------------------------------+
| Install package build dependencies                                           |
+------------------------------------------------------------------------------+


Setup apt archive
-----------------

Merged Build-Depends: check, debhelper-compat (= 12), dh-python, git, libevdev-dev, libglib2.0-dev, libjson-glib-dev, libsystemd-dev (>= 227), libudev-dev, libunistring-dev, meson (>= 0.40), pkg-config, python3-dev, python3-evdev, python3-gi, python3-lxml, swig, systemd, build-essential, fakeroot
Filtered Build-Depends: check, debhelper-compat (= 12), dh-python, git, libevdev-dev, libglib2.0-dev, libjson-glib-dev, libsystemd-dev (>= 227), libudev-dev, libunistring-dev, meson (>= 0.40), pkg-config, python3-dev, python3-evdev, python3-gi, python3-lxml, swig, systemd, build-essential, fakeroot
dpkg-deb: building package 'sbuild-build-depends-main-dummy' in '/<<RESOLVERDIR>>/apt_archive/sbuild-build-depends-main-dummy.deb'.
Ign:1 copy:/<<RESOLVERDIR>>/apt_archive ./ InRelease
Get:2 copy:/<<RESOLVERDIR>>/apt_archive ./ Release [957 B]
Ign:3 copy:/<<RESOLVERDIR>>/apt_archive ./ Release.gpg
Get:4 copy:/<<RESOLVERDIR>>/apt_archive ./ Sources [479 B]
Get:5 copy:/<<RESOLVERDIR>>/apt_archive ./ Packages [559 B]
Fetched 1995 B in 0s (0 B/s)
Reading package lists...
Reading package lists...

Install main build dependencies (apt-based resolver)
----------------------------------------------------

Installing build dependencies
Reading package lists...
Building dependency tree...
Reading state information...
The following additional packages will be installed:
  autoconf automake autopoint autotools-dev bsdmainutils check debhelper
  dh-autoreconf dh-python dh-strip-nondeterminism dmsetup dwz file gettext
  gettext-base gir1.2-glib-2.0 gir1.2-json-1.0 git git-man groff-base
  intltool-debian libapparmor1 libarchive-zip-perl libargon2-1 libblkid-dev
  libbrotli1 libcap2 libcroco3 libcryptsetup12 libcurl3-gnutls
  libdebhelper-perl libdevmapper1.02.1 libelf1 liberror-perl libevdev-dev
  libevdev2 libexpat1 libexpat1-dev libffi-dev
  libfile-stripnondeterminism-perl libgirepository-1.0-1 libglib2.0-0
  libglib2.0-bin libglib2.0-data libglib2.0-dev libglib2.0-dev-bin
  libgssapi-krb5-2 libicu63 libip4tc2 libjson-c4 libjson-glib-1.0-0
  libjson-glib-1.0-common libjson-glib-dev libk5crypto3 libkeyutils1 libkmod2
  libkrb5-3 libkrb5support0 libldap-2.4-2 libldap-common libmagic-mgc
  libmagic1 libmount-dev libmpdec2 libnghttp2-14 libpcre16-3 libpcre2-16-0
  libpcre2-32-0 libpcre2-dev libpcre2-posix2 libpcre3-dev libpcre32-3
  libpcrecpp0v5 libpipeline1 libpsl5 libpython3-dev libpython3-stdlib
  libpython3.7 libpython3.7-dev libpython3.7-minimal libpython3.7-stdlib
  libreadline8 librtmp1 libsasl2-2 libsasl2-modules-db libselinux1-dev
  libsepol1-dev libsigsegv2 libsqlite3-0 libssh2-1 libssl1.1
  libsub-override-perl libsubunit-dev libsubunit0 libsystemd-dev libtool
  libuchardet0 libudev-dev libunistring-dev libxml2 libxslt1.1 m4 man-db meson
  mime-support ninja-build pkg-config po-debconf python3 python3-dev
  python3-distutils python3-evdev python3-gi python3-lib2to3 python3-lxml
  python3-minimal python3.7 python3.7-dev python3.7-minimal readline-common
  sensible-utils swig swig4.0 systemd uuid-dev zlib1g-dev
Suggested packages:
  autoconf-archive gnu-standards autoconf-doc wamerican | wordlist whois
  vacation dh-make gettext-doc libasprintf-dev libgettextpo-dev git-daemon-run
  | git-daemon-sysvinit git-doc git-el git-email git-gui gitk gitweb git-cvs
  git-mediawiki git-svn groff libevdev-doc libgirepository1.0-dev
  libglib2.0-doc libgdk-pixbuf2.0-bin | libgdk-pixbuf2.0-dev libxml2-utils
  krb5-doc krb5-user libjson-glib-doc libtool-doc gfortran
  | fortran95-compiler gcj-jdk m4-doc apparmor less www-browser
  libmail-box-perl python3-doc python3-tk python3-venv python-evdev-doc
  python3-lxml-dbg python-lxml-doc python3.7-venv python3.7-doc binfmt-support
  readline-doc swig-doc swig-examples swig4.0-examples swig4.0-doc
  systemd-container policykit-1
Recommended packages:
  curl | wget | lynx ca-certificates less ssh-client libarchive-cpio-perl
  shared-mime-info xdg-user-dirs krb5-locales publicsuffix libsasl2-modules
  libltdl-dev libmail-sendmail-perl python3-bs4 python3-html5lib dbus
The following NEW packages will be installed:
  autoconf automake autopoint autotools-dev bsdmainutils check debhelper
  dh-autoreconf dh-python dh-strip-nondeterminism dmsetup dwz file gettext
  gettext-base gir1.2-glib-2.0 gir1.2-json-1.0 git git-man groff-base
  intltool-debian libapparmor1 libarchive-zip-perl libargon2-1 libblkid-dev
  libbrotli1 libcap2 libcroco3 libcryptsetup12 libcurl3-gnutls
  libdebhelper-perl libdevmapper1.02.1 libelf1 liberror-perl libevdev-dev
  libevdev2 libexpat1 libexpat1-dev libffi-dev
  libfile-stripnondeterminism-perl libgirepository-1.0-1 libglib2.0-0
  libglib2.0-bin libglib2.0-data libglib2.0-dev libglib2.0-dev-bin
  libgssapi-krb5-2 libicu63 libip4tc2 libjson-c4 libjson-glib-1.0-0
  libjson-glib-1.0-common libjson-glib-dev libk5crypto3 libkeyutils1 libkmod2
  libkrb5-3 libkrb5support0 libldap-2.4-2 libldap-common libmagic-mgc
  libmagic1 libmount-dev libmpdec2 libnghttp2-14 libpcre16-3 libpcre2-16-0
  libpcre2-32-0 libpcre2-dev libpcre2-posix2 libpcre3-dev libpcre32-3
  libpcrecpp0v5 libpipeline1 libpsl5 libpython3-dev libpython3-stdlib
  libpython3.7 libpython3.7-dev libpython3.7-minimal libpython3.7-stdlib
  libreadline8 librtmp1 libsasl2-2 libsasl2-modules-db libselinux1-dev
  libsepol1-dev libsigsegv2 libsqlite3-0 libssh2-1 libssl1.1
  libsub-override-perl libsubunit-dev libsubunit0 libsystemd-dev libtool
  libuchardet0 libudev-dev libunistring-dev libxml2 libxslt1.1 m4 man-db meson
  mime-support ninja-build pkg-config po-debconf python3 python3-dev
  python3-distutils python3-evdev python3-gi python3-lib2to3 python3-lxml
  python3-minimal python3.7 python3.7-dev python3.7-minimal readline-common
  sbuild-build-depends-main-dummy sensible-utils swig swig4.0 systemd uuid-dev
  zlib1g-dev
0 upgraded, 127 newly installed, 0 to remove and 0 not upgraded.
Need to get 98.7 MB of archives.
After this operation, 311 MB of additional disk space will be used.
Get:1 copy:/<<RESOLVERDIR>>/apt_archive ./ sbuild-build-depends-main-dummy 0.invalid.0 [984 B]
Get:2 http://127.0.0.1:12990/debian sid/main amd64 libapparmor1 amd64 2.13.3-7 [96.8 kB]
Get:3 http://127.0.0.1:12990/debian sid/main amd64 libcap2 amd64 1:2.32-1 [20.4 kB]
Get:4 http://127.0.0.1:12990/debian sid/main amd64 libargon2-1 amd64 0~20171227-0.2 [19.6 kB]
Get:5 http://127.0.0.1:12990/debian sid/main amd64 dmsetup amd64 2:1.02.167-1 [91.1 kB]
Get:6 http://127.0.0.1:12990/debian sid/main amd64 libdevmapper1.02.1 amd64 2:1.02.167-1 [142 kB]
Get:7 http://127.0.0.1:12990/debian sid/main amd64 libjson-c4 amd64 0.13.1+dfsg-7 [36.7 kB]
Get:8 http://127.0.0.1:12990/debian sid/main amd64 libssl1.1 amd64 1.1.1d-2 [1540 kB]
Get:9 http://127.0.0.1:12990/debian sid/main amd64 libcryptsetup12 amd64 2:2.2.2-3 [229 kB]
Get:10 http://127.0.0.1:12990/debian sid/main amd64 libip4tc2 amd64 1.8.4-3 [69.1 kB]
Get:11 http://127.0.0.1:12990/debian sid/main amd64 libkmod2 amd64 27-1 [54.7 kB]
Get:12 http://127.0.0.1:12990/debian sid/main amd64 systemd amd64 244.3-1 [3831 kB]
Get:13 http://127.0.0.1:12990/debian sid/main amd64 bsdmainutils amd64 11.1.2+b1 [191 kB]
Get:14 http://127.0.0.1:12990/debian sid/main amd64 libuchardet0 amd64 0.0.6-3 [64.9 kB]
Get:15 http://127.0.0.1:12990/debian sid/main amd64 groff-base amd64 1.22.4-4 [919 kB]
Get:16 http://127.0.0.1:12990/debian sid/main amd64 libpipeline1 amd64 1.5.2-2 [33.9 kB]
Get:17 http://127.0.0.1:12990/debian sid/main amd64 man-db amd64 2.9.0-2 [1307 kB]
Get:18 http://127.0.0.1:12990/debian sid/main amd64 libpython3.7-minimal amd64 3.7.6-1+b1 [591 kB]
Get:19 http://127.0.0.1:12990/debian sid/main amd64 libexpat1 amd64 2.2.9-1 [94.3 kB]
Get:20 http://127.0.0.1:12990/debian sid/main amd64 python3.7-minimal amd64 3.7.6-1+b1 [1813 kB]
Get:21 http://127.0.0.1:12990/debian sid/main amd64 python3-minimal amd64 3.7.5-3 [36.8 kB]
Get:22 http://127.0.0.1:12990/debian sid/main amd64 mime-support all 3.64 [37.8 kB]
Get:23 http://127.0.0.1:12990/debian sid/main amd64 libmpdec2 amd64 2.4.2-2 [87.2 kB]
Get:24 http://127.0.0.1:12990/debian sid/main amd64 readline-common all 8.0-4 [72.5 kB]
Get:25 http://127.0.0.1:12990/debian sid/main amd64 libreadline8 amd64 8.0-4 [160 kB]
Get:26 http://127.0.0.1:12990/debian sid/main amd64 libsqlite3-0 amd64 3.31.1-3 [661 kB]
Get:27 http://127.0.0.1:12990/debian sid/main amd64 libpython3.7-stdlib amd64 3.7.6-1+b1 [1735 kB]
Get:28 http://127.0.0.1:12990/debian sid/main amd64 python3.7 amd64 3.7.6-1+b1 [351 kB]
Get:29 http://127.0.0.1:12990/debian sid/main amd64 libpython3-stdlib amd64 3.7.5-3 [20.2 kB]
Get:30 http://127.0.0.1:12990/debian sid/main amd64 python3 amd64 3.7.5-3 [62.1 kB]
Get:31 http://127.0.0.1:12990/debian sid/main amd64 sensible-utils all 0.0.12+nmu1 [16.0 kB]
Get:32 http://127.0.0.1:12990/debian sid/main amd64 libmagic-mgc amd64 1:5.38-4 [262 kB]
Get:33 http://127.0.0.1:12990/debian sid/main amd64 libmagic1 amd64 1:5.38-4 [120 kB]
Get:34 http://127.0.0.1:12990/debian sid/main amd64 file amd64 1:5.38-4 [67.9 kB]
Get:35 http://127.0.0.1:12990/debian sid/main amd64 gettext-base amd64 0.19.8.1-10 [123 kB]
Get:36 http://127.0.0.1:12990/debian sid/main amd64 libsigsegv2 amd64 2.12-2 [32.8 kB]
Get:37 http://127.0.0.1:12990/debian sid/main amd64 m4 amd64 1.4.18-4 [203 kB]
Get:38 http://127.0.0.1:12990/debian sid/main amd64 autoconf all 2.69-11.1 [341 kB]
Get:39 http://127.0.0.1:12990/debian sid/main amd64 autotools-dev all 20180224.1 [77.0 kB]
Get:40 http://127.0.0.1:12990/debian sid/main amd64 automake all 1:1.16.1-4 [771 kB]
Get:41 http://127.0.0.1:12990/debian sid/main amd64 autopoint all 0.19.8.1-10 [435 kB]
Get:42 http://127.0.0.1:12990/debian sid/main amd64 libsubunit0 amd64 1.3.0-6 [9500 B]
Get:43 http://127.0.0.1:12990/debian sid/main amd64 libsubunit-dev amd64 1.3.0-6 [10.4 kB]
Get:44 http://127.0.0.1:12990/debian sid/main amd64 check amd64 0.12.0-0.1 [113 kB]
Get:45 http://127.0.0.1:12990/debian sid/main amd64 libtool all 2.4.6-13 [513 kB]
Get:46 http://127.0.0.1:12990/debian sid/main amd64 dh-autoreconf all 19 [16.9 kB]
Get:47 http://127.0.0.1:12990/debian sid/main amd64 libdebhelper-perl all 12.9 [183 kB]
Get:48 http://127.0.0.1:12990/debian sid/main amd64 libarchive-zip-perl all 1.67-1 [104 kB]
Get:49 http://127.0.0.1:12990/debian sid/main amd64 libsub-override-perl all 0.09-2 [10.2 kB]
Get:50 http://127.0.0.1:12990/debian sid/main amd64 libfile-stripnondeterminism-perl all 1.6.3-2 [23.7 kB]
Get:51 http://127.0.0.1:12990/debian sid/main amd64 dh-strip-nondeterminism all 1.6.3-2 [14.7 kB]
Get:52 http://127.0.0.1:12990/debian sid/main amd64 libelf1 amd64 0.176-1.1 [161 kB]
Get:53 http://127.0.0.1:12990/debian sid/main amd64 dwz amd64 0.13-5 [151 kB]
Get:54 http://127.0.0.1:12990/debian sid/main amd64 libglib2.0-0 amd64 2.62.4-2 [1319 kB]
Get:55 http://127.0.0.1:12990/debian sid/main amd64 libicu63 amd64 63.2-2 [8301 kB]
Get:56 http://127.0.0.1:12990/debian sid/main amd64 libxml2 amd64 2.9.10+dfsg-3 [709 kB]
Get:57 http://127.0.0.1:12990/debian sid/main amd64 libcroco3 amd64 0.6.13-1 [146 kB]
Get:58 http://127.0.0.1:12990/debian sid/main amd64 gettext amd64 0.19.8.1-10 [1303 kB]
Get:59 http://127.0.0.1:12990/debian sid/main amd64 intltool-debian all 0.35.0+20060710.5 [26.8 kB]
Get:60 http://127.0.0.1:12990/debian sid/main amd64 po-debconf all 1.0.21 [248 kB]
Get:61 http://127.0.0.1:12990/debian sid/main amd64 debhelper all 12.9 [994 kB]
Get:62 http://127.0.0.1:12990/debian sid/main amd64 python3-lib2to3 all 3.8.0-1 [78.3 kB]
Get:63 http://127.0.0.1:12990/debian sid/main amd64 python3-distutils all 3.8.0-1 [145 kB]
Get:64 http://127.0.0.1:12990/debian sid/main amd64 dh-python all 4.20191017 [94.4 kB]
Get:65 http://127.0.0.1:12990/debian sid/main amd64 libgirepository-1.0-1 amd64 1.62.0-5 [95.3 kB]
Get:66 http://127.0.0.1:12990/debian sid/main amd64 gir1.2-glib-2.0 amd64 1.62.0-5 [146 kB]
Get:67 http://127.0.0.1:12990/debian sid/main amd64 libjson-glib-1.0-common all 1.4.4-2 [52.3 kB]
Get:68 http://127.0.0.1:12990/debian sid/main amd64 libjson-glib-1.0-0 amd64 1.4.4-2 [61.2 kB]
Get:69 http://127.0.0.1:12990/debian sid/main amd64 gir1.2-json-1.0 amd64 1.4.4-2 [11.7 kB]
Get:70 http://127.0.0.1:12990/debian sid/main amd64 libbrotli1 amd64 1.0.7-6 [266 kB]
Get:71 http://127.0.0.1:12990/debian sid/main amd64 libkeyutils1 amd64 1.6.1-2 [15.4 kB]
Get:72 http://127.0.0.1:12990/debian sid/main amd64 libkrb5support0 amd64 1.17-6 [64.6 kB]
Get:73 http://127.0.0.1:12990/debian sid/main amd64 libk5crypto3 amd64 1.17-6 [116 kB]
Get:74 http://127.0.0.1:12990/debian sid/main amd64 libkrb5-3 amd64 1.17-6 [366 kB]
Get:75 http://127.0.0.1:12990/debian sid/main amd64 libgssapi-krb5-2 amd64 1.17-6 [156 kB]
Get:76 http://127.0.0.1:12990/debian sid/main amd64 libsasl2-modules-db amd64 2.1.27+dfsg-2 [69.0 kB]
Get:77 http://127.0.0.1:12990/debian sid/main amd64 libsasl2-2 amd64 2.1.27+dfsg-2 [106 kB]
Get:78 http://127.0.0.1:12990/debian sid/main amd64 libldap-common all 2.4.49+dfsg-1 [91.9 kB]
Get:79 http://127.0.0.1:12990/debian sid/main amd64 libldap-2.4-2 amd64 2.4.49+dfsg-1 [226 kB]
Get:80 http://127.0.0.1:12990/debian sid/main amd64 libnghttp2-14 amd64 1.40.0-1 [85.0 kB]
Get:81 http://127.0.0.1:12990/debian sid/main amd64 libpsl5 amd64 0.20.2-2 [53.7 kB]
Get:82 http://127.0.0.1:12990/debian sid/main amd64 librtmp1 amd64 2.4+20151223.gitfa8646d.1-2+b1 [60.8 kB]
Get:83 http://127.0.0.1:12990/debian sid/main amd64 libssh2-1 amd64 1.8.0-2.1 [140 kB]
Get:84 http://127.0.0.1:12990/debian sid/main amd64 libcurl3-gnutls amd64 7.68.0-1 [319 kB]
Get:85 http://127.0.0.1:12990/debian sid/main amd64 liberror-perl all 0.17029-1 [31.0 kB]
Get:86 http://127.0.0.1:12990/debian sid/main amd64 git-man all 1:2.25.1-1 [1729 kB]
Get:87 http://127.0.0.1:12990/debian sid/main amd64 git amd64 1:2.25.1-1 [6330 kB]
Get:88 http://127.0.0.1:12990/debian sid/main amd64 uuid-dev amd64 2.34-0.1 [93.5 kB]
Get:89 http://127.0.0.1:12990/debian sid/main amd64 libblkid-dev amd64 2.34-0.1 [226 kB]
Get:90 http://127.0.0.1:12990/debian sid/main amd64 libevdev2 amd64 1.8.901+dfsg-1 [33.3 kB]
Get:91 http://127.0.0.1:12990/debian sid/main amd64 libevdev-dev amd64 1.8.901+dfsg-1 [51.3 kB]
Get:92 http://127.0.0.1:12990/debian sid/main amd64 libexpat1-dev amd64 2.2.9-1 [136 kB]
Get:93 http://127.0.0.1:12990/debian sid/main amd64 libffi-dev amd64 3.3-3 [56.4 kB]
Get:94 http://127.0.0.1:12990/debian sid/main amd64 libglib2.0-data all 2.62.4-2 [1121 kB]
Get:95 http://127.0.0.1:12990/debian sid/main amd64 libglib2.0-bin amd64 2.62.4-2 [132 kB]
Get:96 http://127.0.0.1:12990/debian sid/main amd64 libglib2.0-dev-bin amd64 2.62.4-2 [165 kB]
Get:97 http://127.0.0.1:12990/debian sid/main amd64 libmount-dev amd64 2.34-0.1 [236 kB]
Get:98 http://127.0.0.1:12990/debian sid/main amd64 libpcre16-3 amd64 2:8.39-12+b1 [259 kB]
Get:99 http://127.0.0.1:12990/debian sid/main amd64 libpcre32-3 amd64 2:8.39-12+b1 [250 kB]
Get:100 http://127.0.0.1:12990/debian sid/main amd64 libpcrecpp0v5 amd64 2:8.39-12+b1 [152 kB]
Get:101 http://127.0.0.1:12990/debian sid/main amd64 libpcre3-dev amd64 2:8.39-12+b1 [653 kB]
Get:102 http://127.0.0.1:12990/debian sid/main amd64 libsepol1-dev amd64 3.0-1 [336 kB]
Get:103 http://127.0.0.1:12990/debian sid/main amd64 libpcre2-16-0 amd64 10.34-7 [219 kB]
Get:104 http://127.0.0.1:12990/debian sid/main amd64 libpcre2-32-0 amd64 10.34-7 [208 kB]
Get:105 http://127.0.0.1:12990/debian sid/main amd64 libpcre2-posix2 amd64 10.34-7 [45.2 kB]
Get:106 http://127.0.0.1:12990/debian sid/main amd64 libpcre2-dev amd64 10.34-7 [709 kB]
Get:107 http://127.0.0.1:12990/debian sid/main amd64 libselinux1-dev amd64 3.0-1+b1 [171 kB]
Get:108 http://127.0.0.1:12990/debian sid/main amd64 pkg-config amd64 0.29-6 [63.5 kB]
Get:109 http://127.0.0.1:12990/debian sid/main amd64 zlib1g-dev amd64 1:1.2.11.dfsg-2 [190 kB]
Get:110 http://127.0.0.1:12990/debian sid/main amd64 libglib2.0-dev amd64 2.62.4-2 [1542 kB]
Get:111 http://127.0.0.1:12990/debian sid/main amd64 libjson-glib-dev amd64 1.4.4-2 [32.1 kB]
Get:112 http://127.0.0.1:12990/debian sid/main amd64 libpython3.7 amd64 3.7.6-1+b1 [1484 kB]
Get:113 http://127.0.0.1:12990/debian sid/main amd64 libpython3.7-dev amd64 3.7.6-1+b1 [41.4 MB]
Get:114 http://127.0.0.1:12990/debian sid/main amd64 libpython3-dev amd64 3.7.5-3 [20.3 kB]
Get:115 http://127.0.0.1:12990/debian sid/main amd64 libsystemd-dev amd64 244.3-1 [334 kB]
Get:116 http://127.0.0.1:12990/debian sid/main amd64 libudev-dev amd64 244.3-1 [114 kB]
Get:117 http://127.0.0.1:12990/debian sid/main amd64 libunistring-dev amd64 0.9.10-2 [553 kB]
Get:118 http://127.0.0.1:12990/debian sid/main amd64 libxslt1.1 amd64 1.1.34-3 [239 kB]
Get:119 http://127.0.0.1:12990/debian sid/main amd64 ninja-build amd64 1.10.0-1 [107 kB]
Get:120 http://127.0.0.1:12990/debian sid/main amd64 meson all 0.53.1-1 [377 kB]
Get:121 http://127.0.0.1:12990/debian sid/main amd64 python3.7-dev amd64 3.7.6-1+b1 [518 kB]
Get:122 http://127.0.0.1:12990/debian sid/main amd64 python3-dev amd64 3.7.5-3 [1260 B]
Get:123 http://127.0.0.1:12990/debian sid/main amd64 python3-evdev amd64 1.3.0+dfsg-1 [38.5 kB]
Get:124 http://127.0.0.1:12990/debian sid/main amd64 python3-gi amd64 3.34.0-6 [216 kB]
Get:125 http://127.0.0.1:12990/debian sid/main amd64 python3-lxml amd64 4.5.0-1 [2350 kB]
Get:126 http://127.0.0.1:12990/debian sid/main amd64 swig4.0 amd64 4.0.1-5 [1402 kB]
Get:127 http://127.0.0.1:12990/debian sid/main amd64 swig all 4.0.1-5 [329 kB]
debconf: delaying package configuration, since apt-utils is not installed
Fetched 98.7 MB in 1s (99.0 MB/s)
Selecting previously unselected package libapparmor1:amd64.
(Reading database ... 12960 files and directories currently installed.)
Preparing to unpack .../00-libapparmor1_2.13.3-7_amd64.deb ...
Unpacking libapparmor1:amd64 (2.13.3-7) ...
Selecting previously unselected package libcap2:amd64.
Preparing to unpack .../01-libcap2_1%3a2.32-1_amd64.deb ...
Unpacking libcap2:amd64 (1:2.32-1) ...
Selecting previously unselected package libargon2-1:amd64.
Preparing to unpack .../02-libargon2-1_0~20171227-0.2_amd64.deb ...
Unpacking libargon2-1:amd64 (0~20171227-0.2) ...
Selecting previously unselected package dmsetup.
Preparing to unpack .../03-dmsetup_2%3a1.02.167-1_amd64.deb ...
Unpacking dmsetup (2:1.02.167-1) ...
Selecting previously unselected package libdevmapper1.02.1:amd64.
Preparing to unpack .../04-libdevmapper1.02.1_2%3a1.02.167-1_amd64.deb ...
Unpacking libdevmapper1.02.1:amd64 (2:1.02.167-1) ...
Selecting previously unselected package libjson-c4:amd64.
Preparing to unpack .../05-libjson-c4_0.13.1+dfsg-7_amd64.deb ...
Unpacking libjson-c4:amd64 (0.13.1+dfsg-7) ...
Selecting previously unselected package libssl1.1:amd64.
Preparing to unpack .../06-libssl1.1_1.1.1d-2_amd64.deb ...
Unpacking libssl1.1:amd64 (1.1.1d-2) ...
Selecting previously unselected package libcryptsetup12:amd64.
Preparing to unpack .../07-libcryptsetup12_2%3a2.2.2-3_amd64.deb ...
Unpacking libcryptsetup12:amd64 (2:2.2.2-3) ...
Selecting previously unselected package libip4tc2:amd64.
Preparing to unpack .../08-libip4tc2_1.8.4-3_amd64.deb ...
Unpacking libip4tc2:amd64 (1.8.4-3) ...
Selecting previously unselected package libkmod2:amd64.
Preparing to unpack .../09-libkmod2_27-1_amd64.deb ...
Unpacking libkmod2:amd64 (27-1) ...
Selecting previously unselected package systemd.
Preparing to unpack .../10-systemd_244.3-1_amd64.deb ...
Unpacking systemd (244.3-1) ...
Selecting previously unselected package bsdmainutils.
Preparing to unpack .../11-bsdmainutils_11.1.2+b1_amd64.deb ...
Unpacking bsdmainutils (11.1.2+b1) ...
Selecting previously unselected package libuchardet0:amd64.
Preparing to unpack .../12-libuchardet0_0.0.6-3_amd64.deb ...
Unpacking libuchardet0:amd64 (0.0.6-3) ...
Selecting previously unselected package groff-base.
Preparing to unpack .../13-groff-base_1.22.4-4_amd64.deb ...
Unpacking groff-base (1.22.4-4) ...
Selecting previously unselected package libpipeline1:amd64.
Preparing to unpack .../14-libpipeline1_1.5.2-2_amd64.deb ...
Unpacking libpipeline1:amd64 (1.5.2-2) ...
Selecting previously unselected package man-db.
Preparing to unpack .../15-man-db_2.9.0-2_amd64.deb ...
Unpacking man-db (2.9.0-2) ...
Selecting previously unselected package libpython3.7-minimal:amd64.
Preparing to unpack .../16-libpython3.7-minimal_3.7.6-1+b1_amd64.deb ...
Unpacking libpython3.7-minimal:amd64 (3.7.6-1+b1) ...
Selecting previously unselected package libexpat1:amd64.
Preparing to unpack .../17-libexpat1_2.2.9-1_amd64.deb ...
Unpacking libexpat1:amd64 (2.2.9-1) ...
Selecting previously unselected package python3.7-minimal.
Preparing to unpack .../18-python3.7-minimal_3.7.6-1+b1_amd64.deb ...
Unpacking python3.7-minimal (3.7.6-1+b1) ...
Setting up libssl1.1:amd64 (1.1.1d-2) ...
Setting up libpython3.7-minimal:amd64 (3.7.6-1+b1) ...
Setting up libexpat1:amd64 (2.2.9-1) ...
Setting up python3.7-minimal (3.7.6-1+b1) ...
Selecting previously unselected package python3-minimal.
(Reading database ... 14703 files and directories currently installed.)
Preparing to unpack .../0-python3-minimal_3.7.5-3_amd64.deb ...
Unpacking python3-minimal (3.7.5-3) ...
Selecting previously unselected package mime-support.
Preparing to unpack .../1-mime-support_3.64_all.deb ...
Unpacking mime-support (3.64) ...
Selecting previously unselected package libmpdec2:amd64.
Preparing to unpack .../2-libmpdec2_2.4.2-2_amd64.deb ...
Unpacking libmpdec2:amd64 (2.4.2-2) ...
Selecting previously unselected package readline-common.
Preparing to unpack .../3-readline-common_8.0-4_all.deb ...
Unpacking readline-common (8.0-4) ...
Selecting previously unselected package libreadline8:amd64.
Preparing to unpack .../4-libreadline8_8.0-4_amd64.deb ...
Unpacking libreadline8:amd64 (8.0-4) ...
Selecting previously unselected package libsqlite3-0:amd64.
Preparing to unpack .../5-libsqlite3-0_3.31.1-3_amd64.deb ...
Unpacking libsqlite3-0:amd64 (3.31.1-3) ...
Selecting previously unselected package libpython3.7-stdlib:amd64.
Preparing to unpack .../6-libpython3.7-stdlib_3.7.6-1+b1_amd64.deb ...
Unpacking libpython3.7-stdlib:amd64 (3.7.6-1+b1) ...
Selecting previously unselected package python3.7.
Preparing to unpack .../7-python3.7_3.7.6-1+b1_amd64.deb ...
Unpacking python3.7 (3.7.6-1+b1) ...
Selecting previously unselected package libpython3-stdlib:amd64.
Preparing to unpack .../8-libpython3-stdlib_3.7.5-3_amd64.deb ...
Unpacking libpython3-stdlib:amd64 (3.7.5-3) ...
Setting up python3-minimal (3.7.5-3) ...
Selecting previously unselected package python3.
(Reading database ... 15174 files and directories currently installed.)
Preparing to unpack .../00-python3_3.7.5-3_amd64.deb ...
Unpacking python3 (3.7.5-3) ...
Selecting previously unselected package sensible-utils.
Preparing to unpack .../01-sensible-utils_0.0.12+nmu1_all.deb ...
Unpacking sensible-utils (0.0.12+nmu1) ...
Selecting previously unselected package libmagic-mgc.
Preparing to unpack .../02-libmagic-mgc_1%3a5.38-4_amd64.deb ...
Unpacking libmagic-mgc (1:5.38-4) ...
Selecting previously unselected package libmagic1:amd64.
Preparing to unpack .../03-libmagic1_1%3a5.38-4_amd64.deb ...
Unpacking libmagic1:amd64 (1:5.38-4) ...
Selecting previously unselected package file.
Preparing to unpack .../04-file_1%3a5.38-4_amd64.deb ...
Unpacking file (1:5.38-4) ...
Selecting previously unselected package gettext-base.
Preparing to unpack .../05-gettext-base_0.19.8.1-10_amd64.deb ...
Unpacking gettext-base (0.19.8.1-10) ...
Selecting previously unselected package libsigsegv2:amd64.
Preparing to unpack .../06-libsigsegv2_2.12-2_amd64.deb ...
Unpacking libsigsegv2:amd64 (2.12-2) ...
Selecting previously unselected package m4.
Preparing to unpack .../07-m4_1.4.18-4_amd64.deb ...
Unpacking m4 (1.4.18-4) ...
Selecting previously unselected package autoconf.
Preparing to unpack .../08-autoconf_2.69-11.1_all.deb ...
Unpacking autoconf (2.69-11.1) ...
Selecting previously unselected package autotools-dev.
Preparing to unpack .../09-autotools-dev_20180224.1_all.deb ...
Unpacking autotools-dev (20180224.1) ...
Selecting previously unselected package automake.
Preparing to unpack .../10-automake_1%3a1.16.1-4_all.deb ...
Unpacking automake (1:1.16.1-4) ...
Selecting previously unselected package autopoint.
Preparing to unpack .../11-autopoint_0.19.8.1-10_all.deb ...
Unpacking autopoint (0.19.8.1-10) ...
Selecting previously unselected package libsubunit0:amd64.
Preparing to unpack .../12-libsubunit0_1.3.0-6_amd64.deb ...
Unpacking libsubunit0:amd64 (1.3.0-6) ...
Selecting previously unselected package libsubunit-dev:amd64.
Preparing to unpack .../13-libsubunit-dev_1.3.0-6_amd64.deb ...
Unpacking libsubunit-dev:amd64 (1.3.0-6) ...
Selecting previously unselected package check:amd64.
Preparing to unpack .../14-check_0.12.0-0.1_amd64.deb ...
Unpacking check:amd64 (0.12.0-0.1) ...
Selecting previously unselected package libtool.
Preparing to unpack .../15-libtool_2.4.6-13_all.deb ...
Unpacking libtool (2.4.6-13) ...
Selecting previously unselected package dh-autoreconf.
Preparing to unpack .../16-dh-autoreconf_19_all.deb ...
Unpacking dh-autoreconf (19) ...
Selecting previously unselected package libdebhelper-perl.
Preparing to unpack .../17-libdebhelper-perl_12.9_all.deb ...
Unpacking libdebhelper-perl (12.9) ...
Selecting previously unselected package libarchive-zip-perl.
Preparing to unpack .../18-libarchive-zip-perl_1.67-1_all.deb ...
Unpacking libarchive-zip-perl (1.67-1) ...
Selecting previously unselected package libsub-override-perl.
Preparing to unpack .../19-libsub-override-perl_0.09-2_all.deb ...
Unpacking libsub-override-perl (0.09-2) ...
Selecting previously unselected package libfile-stripnondeterminism-perl.
Preparing to unpack .../20-libfile-stripnondeterminism-perl_1.6.3-2_all.deb ...
Unpacking libfile-stripnondeterminism-perl (1.6.3-2) ...
Selecting previously unselected package dh-strip-nondeterminism.
Preparing to unpack .../21-dh-strip-nondeterminism_1.6.3-2_all.deb ...
Unpacking dh-strip-nondeterminism (1.6.3-2) ...
Selecting previously unselected package libelf1:amd64.
Preparing to unpack .../22-libelf1_0.176-1.1_amd64.deb ...
Unpacking libelf1:amd64 (0.176-1.1) ...
Selecting previously unselected package dwz.
Preparing to unpack .../23-dwz_0.13-5_amd64.deb ...
Unpacking dwz (0.13-5) ...
Selecting previously unselected package libglib2.0-0:amd64.
Preparing to unpack .../24-libglib2.0-0_2.62.4-2_amd64.deb ...
Unpacking libglib2.0-0:amd64 (2.62.4-2) ...
Selecting previously unselected package libicu63:amd64.
Preparing to unpack .../25-libicu63_63.2-2_amd64.deb ...
Unpacking libicu63:amd64 (63.2-2) ...
Selecting previously unselected package libxml2:amd64.
Preparing to unpack .../26-libxml2_2.9.10+dfsg-3_amd64.deb ...
Unpacking libxml2:amd64 (2.9.10+dfsg-3) ...
Selecting previously unselected package libcroco3:amd64.
Preparing to unpack .../27-libcroco3_0.6.13-1_amd64.deb ...
Unpacking libcroco3:amd64 (0.6.13-1) ...
Selecting previously unselected package gettext.
Preparing to unpack .../28-gettext_0.19.8.1-10_amd64.deb ...
Unpacking gettext (0.19.8.1-10) ...
Selecting previously unselected package intltool-debian.
Preparing to unpack .../29-intltool-debian_0.35.0+20060710.5_all.deb ...
Unpacking intltool-debian (0.35.0+20060710.5) ...
Selecting previously unselected package po-debconf.
Preparing to unpack .../30-po-debconf_1.0.21_all.deb ...
Unpacking po-debconf (1.0.21) ...
Selecting previously unselected package debhelper.
Preparing to unpack .../31-debhelper_12.9_all.deb ...
Unpacking debhelper (12.9) ...
Selecting previously unselected package python3-lib2to3.
Preparing to unpack .../32-python3-lib2to3_3.8.0-1_all.deb ...
Unpacking python3-lib2to3 (3.8.0-1) ...
Selecting previously unselected package python3-distutils.
Preparing to unpack .../33-python3-distutils_3.8.0-1_all.deb ...
Unpacking python3-distutils (3.8.0-1) ...
Selecting previously unselected package dh-python.
Preparing to unpack .../34-dh-python_4.20191017_all.deb ...
Unpacking dh-python (4.20191017) ...
Selecting previously unselected package libgirepository-1.0-1:amd64.
Preparing to unpack .../35-libgirepository-1.0-1_1.62.0-5_amd64.deb ...
Unpacking libgirepository-1.0-1:amd64 (1.62.0-5) ...
Selecting previously unselected package gir1.2-glib-2.0:amd64.
Preparing to unpack .../36-gir1.2-glib-2.0_1.62.0-5_amd64.deb ...
Unpacking gir1.2-glib-2.0:amd64 (1.62.0-5) ...
Selecting previously unselected package libjson-glib-1.0-common.
Preparing to unpack .../37-libjson-glib-1.0-common_1.4.4-2_all.deb ...
Unpacking libjson-glib-1.0-common (1.4.4-2) ...
Selecting previously unselected package libjson-glib-1.0-0:amd64.
Preparing to unpack .../38-libjson-glib-1.0-0_1.4.4-2_amd64.deb ...
Unpacking libjson-glib-1.0-0:amd64 (1.4.4-2) ...
Selecting previously unselected package gir1.2-json-1.0:amd64.
Preparing to unpack .../39-gir1.2-json-1.0_1.4.4-2_amd64.deb ...
Unpacking gir1.2-json-1.0:amd64 (1.4.4-2) ...
Selecting previously unselected package libbrotli1:amd64.
Preparing to unpack .../40-libbrotli1_1.0.7-6_amd64.deb ...
Unpacking libbrotli1:amd64 (1.0.7-6) ...
Selecting previously unselected package libkeyutils1:amd64.
Preparing to unpack .../41-libkeyutils1_1.6.1-2_amd64.deb ...
Unpacking libkeyutils1:amd64 (1.6.1-2) ...
Selecting previously unselected package libkrb5support0:amd64.
Preparing to unpack .../42-libkrb5support0_1.17-6_amd64.deb ...
Unpacking libkrb5support0:amd64 (1.17-6) ...
Selecting previously unselected package libk5crypto3:amd64.
Preparing to unpack .../43-libk5crypto3_1.17-6_amd64.deb ...
Unpacking libk5crypto3:amd64 (1.17-6) ...
Selecting previously unselected package libkrb5-3:amd64.
Preparing to unpack .../44-libkrb5-3_1.17-6_amd64.deb ...
Unpacking libkrb5-3:amd64 (1.17-6) ...
Selecting previously unselected package libgssapi-krb5-2:amd64.
Preparing to unpack .../45-libgssapi-krb5-2_1.17-6_amd64.deb ...
Unpacking libgssapi-krb5-2:amd64 (1.17-6) ...
Selecting previously unselected package libsasl2-modules-db:amd64.
Preparing to unpack .../46-libsasl2-modules-db_2.1.27+dfsg-2_amd64.deb ...
Unpacking libsasl2-modules-db:amd64 (2.1.27+dfsg-2) ...
Selecting previously unselected package libsasl2-2:amd64.
Preparing to unpack .../47-libsasl2-2_2.1.27+dfsg-2_amd64.deb ...
Unpacking libsasl2-2:amd64 (2.1.27+dfsg-2) ...
Selecting previously unselected package libldap-common.
Preparing to unpack .../48-libldap-common_2.4.49+dfsg-1_all.deb ...
Unpacking libldap-common (2.4.49+dfsg-1) ...
Selecting previously unselected package libldap-2.4-2:amd64.
Preparing to unpack .../49-libldap-2.4-2_2.4.49+dfsg-1_amd64.deb ...
Unpacking libldap-2.4-2:amd64 (2.4.49+dfsg-1) ...
Selecting previously unselected package libnghttp2-14:amd64.
Preparing to unpack .../50-libnghttp2-14_1.40.0-1_amd64.deb ...
Unpacking libnghttp2-14:amd64 (1.40.0-1) ...
Selecting previously unselected package libpsl5:amd64.
Preparing to unpack .../51-libpsl5_0.20.2-2_amd64.deb ...
Unpacking libpsl5:amd64 (0.20.2-2) ...
Selecting previously unselected package librtmp1:amd64.
Preparing to unpack .../52-librtmp1_2.4+20151223.gitfa8646d.1-2+b1_amd64.deb ...
Unpacking librtmp1:amd64 (2.4+20151223.gitfa8646d.1-2+b1) ...
Selecting previously unselected package libssh2-1:amd64.
Preparing to unpack .../53-libssh2-1_1.8.0-2.1_amd64.deb ...
Unpacking libssh2-1:amd64 (1.8.0-2.1) ...
Selecting previously unselected package libcurl3-gnutls:amd64.
Preparing to unpack .../54-libcurl3-gnutls_7.68.0-1_amd64.deb ...
Unpacking libcurl3-gnutls:amd64 (7.68.0-1) ...
Selecting previously unselected package liberror-perl.
Preparing to unpack .../55-liberror-perl_0.17029-1_all.deb ...
Unpacking liberror-perl (0.17029-1) ...
Selecting previously unselected package git-man.
Preparing to unpack .../56-git-man_1%3a2.25.1-1_all.deb ...
Unpacking git-man (1:2.25.1-1) ...
Selecting previously unselected package git.
Preparing to unpack .../57-git_1%3a2.25.1-1_amd64.deb ...
Unpacking git (1:2.25.1-1) ...
Selecting previously unselected package uuid-dev:amd64.
Preparing to unpack .../58-uuid-dev_2.34-0.1_amd64.deb ...
Unpacking uuid-dev:amd64 (2.34-0.1) ...
Selecting previously unselected package libblkid-dev:amd64.
Preparing to unpack .../59-libblkid-dev_2.34-0.1_amd64.deb ...
Unpacking libblkid-dev:amd64 (2.34-0.1) ...
Selecting previously unselected package libevdev2:amd64.
Preparing to unpack .../60-libevdev2_1.8.901+dfsg-1_amd64.deb ...
Unpacking libevdev2:amd64 (1.8.901+dfsg-1) ...
Selecting previously unselected package libevdev-dev:amd64.
Preparing to unpack .../61-libevdev-dev_1.8.901+dfsg-1_amd64.deb ...
Unpacking libevdev-dev:amd64 (1.8.901+dfsg-1) ...
Selecting previously unselected package libexpat1-dev:amd64.
Preparing to unpack .../62-libexpat1-dev_2.2.9-1_amd64.deb ...
Unpacking libexpat1-dev:amd64 (2.2.9-1) ...
Selecting previously unselected package libffi-dev:amd64.
Preparing to unpack .../63-libffi-dev_3.3-3_amd64.deb ...
Unpacking libffi-dev:amd64 (3.3-3) ...
Selecting previously unselected package libglib2.0-data.
Preparing to unpack .../64-libglib2.0-data_2.62.4-2_all.deb ...
Unpacking libglib2.0-data (2.62.4-2) ...
Selecting previously unselected package libglib2.0-bin.
Preparing to unpack .../65-libglib2.0-bin_2.62.4-2_amd64.deb ...
Unpacking libglib2.0-bin (2.62.4-2) ...
Selecting previously unselected package libglib2.0-dev-bin.
Preparing to unpack .../66-libglib2.0-dev-bin_2.62.4-2_amd64.deb ...
Unpacking libglib2.0-dev-bin (2.62.4-2) ...
Selecting previously unselected package libmount-dev:amd64.
Preparing to unpack .../67-libmount-dev_2.34-0.1_amd64.deb ...
Unpacking libmount-dev:amd64 (2.34-0.1) ...
Selecting previously unselected package libpcre16-3:amd64.
Preparing to unpack .../68-libpcre16-3_2%3a8.39-12+b1_amd64.deb ...
Unpacking libpcre16-3:amd64 (2:8.39-12+b1) ...
Selecting previously unselected package libpcre32-3:amd64.
Preparing to unpack .../69-libpcre32-3_2%3a8.39-12+b1_amd64.deb ...
Unpacking libpcre32-3:amd64 (2:8.39-12+b1) ...
Selecting previously unselected package libpcrecpp0v5:amd64.
Preparing to unpack .../70-libpcrecpp0v5_2%3a8.39-12+b1_amd64.deb ...
Unpacking libpcrecpp0v5:amd64 (2:8.39-12+b1) ...
Selecting previously unselected package libpcre3-dev:amd64.
Preparing to unpack .../71-libpcre3-dev_2%3a8.39-12+b1_amd64.deb ...
Unpacking libpcre3-dev:amd64 (2:8.39-12+b1) ...
Selecting previously unselected package libsepol1-dev:amd64.
Preparing to unpack .../72-libsepol1-dev_3.0-1_amd64.deb ...
Unpacking libsepol1-dev:amd64 (3.0-1) ...
Selecting previously unselected package libpcre2-16-0:amd64.
Preparing to unpack .../73-libpcre2-16-0_10.34-7_amd64.deb ...
Unpacking libpcre2-16-0:amd64 (10.34-7) ...
Selecting previously unselected package libpcre2-32-0:amd64.
Preparing to unpack .../74-libpcre2-32-0_10.34-7_amd64.deb ...
Unpacking libpcre2-32-0:amd64 (10.34-7) ...
Selecting previously unselected package libpcre2-posix2:amd64.
Preparing to unpack .../75-libpcre2-posix2_10.34-7_amd64.deb ...
Unpacking libpcre2-posix2:amd64 (10.34-7) ...
Selecting previously unselected package libpcre2-dev:amd64.
Preparing to unpack .../76-libpcre2-dev_10.34-7_amd64.deb ...
Unpacking libpcre2-dev:amd64 (10.34-7) ...
Selecting previously unselected package libselinux1-dev:amd64.
Preparing to unpack .../77-libselinux1-dev_3.0-1+b1_amd64.deb ...
Unpacking libselinux1-dev:amd64 (3.0-1+b1) ...
Selecting previously unselected package pkg-config.
Preparing to unpack .../78-pkg-config_0.29-6_amd64.deb ...
Unpacking pkg-config (0.29-6) ...
Selecting previously unselected package zlib1g-dev:amd64.
Preparing to unpack .../79-zlib1g-dev_1%3a1.2.11.dfsg-2_amd64.deb ...
Unpacking zlib1g-dev:amd64 (1:1.2.11.dfsg-2) ...
Selecting previously unselected package libglib2.0-dev:amd64.
Preparing to unpack .../80-libglib2.0-dev_2.62.4-2_amd64.deb ...
Unpacking libglib2.0-dev:amd64 (2.62.4-2) ...
Selecting previously unselected package libjson-glib-dev:amd64.
Preparing to unpack .../81-libjson-glib-dev_1.4.4-2_amd64.deb ...
Unpacking libjson-glib-dev:amd64 (1.4.4-2) ...
Selecting previously unselected package libpython3.7:amd64.
Preparing to unpack .../82-libpython3.7_3.7.6-1+b1_amd64.deb ...
Unpacking libpython3.7:amd64 (3.7.6-1+b1) ...
Selecting previously unselected package libpython3.7-dev:amd64.
Preparing to unpack .../83-libpython3.7-dev_3.7.6-1+b1_amd64.deb ...
Unpacking libpython3.7-dev:amd64 (3.7.6-1+b1) ...
Selecting previously unselected package libpython3-dev:amd64.
Preparing to unpack .../84-libpython3-dev_3.7.5-3_amd64.deb ...
Unpacking libpython3-dev:amd64 (3.7.5-3) ...
Selecting previously unselected package libsystemd-dev:amd64.
Preparing to unpack .../85-libsystemd-dev_244.3-1_amd64.deb ...
Unpacking libsystemd-dev:amd64 (244.3-1) ...
Selecting previously unselected package libudev-dev:amd64.
Preparing to unpack .../86-libudev-dev_244.3-1_amd64.deb ...
Unpacking libudev-dev:amd64 (244.3-1) ...
Selecting previously unselected package libunistring-dev:amd64.
Preparing to unpack .../87-libunistring-dev_0.9.10-2_amd64.deb ...
Unpacking libunistring-dev:amd64 (0.9.10-2) ...
Selecting previously unselected package libxslt1.1:amd64.
Preparing to unpack .../88-libxslt1.1_1.1.34-3_amd64.deb ...
Unpacking libxslt1.1:amd64 (1.1.34-3) ...
Selecting previously unselected package ninja-build.
Preparing to unpack .../89-ninja-build_1.10.0-1_amd64.deb ...
Unpacking ninja-build (1.10.0-1) ...
Selecting previously unselected package meson.
Preparing to unpack .../90-meson_0.53.1-1_all.deb ...
Unpacking meson (0.53.1-1) ...
Selecting previously unselected package python3.7-dev.
Preparing to unpack .../91-python3.7-dev_3.7.6-1+b1_amd64.deb ...
Unpacking python3.7-dev (3.7.6-1+b1) ...
Selecting previously unselected package python3-dev.
Preparing to unpack .../92-python3-dev_3.7.5-3_amd64.deb ...
Unpacking python3-dev (3.7.5-3) ...
Selecting previously unselected package python3-evdev.
Preparing to unpack .../93-python3-evdev_1.3.0+dfsg-1_amd64.deb ...
Unpacking python3-evdev (1.3.0+dfsg-1) ...
Selecting previously unselected package python3-gi.
Preparing to unpack .../94-python3-gi_3.34.0-6_amd64.deb ...
Unpacking python3-gi (3.34.0-6) ...
Selecting previously unselected package python3-lxml:amd64.
Preparing to unpack .../95-python3-lxml_4.5.0-1_amd64.deb ...
Unpacking python3-lxml:amd64 (4.5.0-1) ...
Selecting previously unselected package swig4.0.
Preparing to unpack .../96-swig4.0_4.0.1-5_amd64.deb ...
Unpacking swig4.0 (4.0.1-5) ...
Selecting previously unselected package swig.
Preparing to unpack .../97-swig_4.0.1-5_all.deb ...
Unpacking swig (4.0.1-5) ...
Selecting previously unselected package sbuild-build-depends-main-dummy.
Preparing to unpack .../98-sbuild-build-depends-main-dummy_0.invalid.0_amd64.deb ...
Unpacking sbuild-build-depends-main-dummy (0.invalid.0) ...
Setting up libip4tc2:amd64 (1.8.4-3) ...
Setting up libunistring-dev:amd64 (0.9.10-2) ...
Setting up libpcrecpp0v5:amd64 (2:8.39-12+b1) ...
Setting up libpipeline1:amd64 (1.5.2-2) ...
Setting up libkeyutils1:amd64 (1.6.1-2) ...
Setting up libapparmor1:amd64 (2.13.3-7) ...
Setting up libpsl5:amd64 (0.20.2-2) ...
Setting up mime-support (3.64) ...
Setting up libpcre16-3:amd64 (2:8.39-12+b1) ...
Setting up libmagic-mgc (1:5.38-4) ...
Setting up libarchive-zip-perl (1.67-1) ...
Setting up libglib2.0-0:amd64 (2.62.4-2) ...
No schema files found: doing nothing.
Setting up libargon2-1:amd64 (0~20171227-0.2) ...
Setting up libdebhelper-perl (12.9) ...
Setting up libbrotli1:amd64 (1.0.7-6) ...
Setting up libsqlite3-0:amd64 (3.31.1-3) ...
Setting up libnghttp2-14:amd64 (1.40.0-1) ...
Setting up libmagic1:amd64 (1:5.38-4) ...
Setting up libsepol1-dev:amd64 (3.0-1) ...
Setting up gettext-base (0.19.8.1-10) ...
Setting up file (1:5.38-4) ...
Setting up libffi-dev:amd64 (3.3-3) ...
Setting up libsubunit0:amd64 (1.3.0-6) ...
Setting up libldap-common (2.4.49+dfsg-1) ...
Setting up libpcre2-16-0:amd64 (10.34-7) ...
Setting up libicu63:amd64 (63.2-2) ...
Setting up libcap2:amd64 (1:2.32-1) ...
Setting up ninja-build (1.10.0-1) ...
Setting up libkrb5support0:amd64 (1.17-6) ...
Setting up libsasl2-modules-db:amd64 (2.1.27+dfsg-2) ...
Setting up liberror-perl (0.17029-1) ...
Setting up autotools-dev (20180224.1) ...
Setting up libpcre2-32-0:amd64 (10.34-7) ...
Setting up libglib2.0-data (2.62.4-2) ...
Setting up libexpat1-dev:amd64 (2.2.9-1) ...
Setting up librtmp1:amd64 (2.4+20151223.gitfa8646d.1-2+b1) ...
Setting up uuid-dev:amd64 (2.34-0.1) ...
Setting up libsigsegv2:amd64 (2.12-2) ...
Setting up bsdmainutils (11.1.2+b1) ...
update-alternatives: using /usr/bin/bsd-write to provide /usr/bin/write (write) in auto mode
update-alternatives: using /usr/bin/bsd-from to provide /usr/bin/from (from) in auto mode
Setting up libpcre32-3:amd64 (2:8.39-12+b1) ...
Setting up autopoint (0.19.8.1-10) ...
Setting up pkg-config (0.29-6) ...
Setting up libudev-dev:amd64 (244.3-1) ...
Setting up libpcre2-posix2:amd64 (10.34-7) ...
Setting up libk5crypto3:amd64 (1.17-6) ...
Setting up libsasl2-2:amd64 (2.1.27+dfsg-2) ...
Setting up zlib1g-dev:amd64 (1:1.2.11.dfsg-2) ...
Setting up sensible-utils (0.0.12+nmu1) ...
Setting up libuchardet0:amd64 (0.0.6-3) ...
Setting up libsub-override-perl (0.09-2) ...
Setting up git-man (1:2.25.1-1) ...
Setting up libgirepository-1.0-1:amd64 (1.62.0-5) ...
Setting up libssh2-1:amd64 (1.8.0-2.1) ...
Setting up libjson-glib-1.0-common (1.4.4-2) ...
Setting up libkrb5-3:amd64 (1.17-6) ...
Setting up libmpdec2:amd64 (2.4.2-2) ...
Setting up libjson-c4:amd64 (0.13.1+dfsg-7) ...
Setting up swig4.0 (4.0.1-5) ...
Setting up libelf1:amd64 (0.176-1.1) ...
Setting up libevdev2:amd64 (1.8.901+dfsg-1) ...
Setting up readline-common (8.0-4) ...
Setting up libxml2:amd64 (2.9.10+dfsg-3) ...
Setting up libsystemd-dev:amd64 (244.3-1) ...
Setting up libkmod2:amd64 (27-1) ...
Setting up libfile-stripnondeterminism-perl (1.6.3-2) ...
Setting up libblkid-dev:amd64 (2.34-0.1) ...
Setting up swig (4.0.1-5) ...
Setting up libpcre2-dev:amd64 (10.34-7) ...
Setting up libevdev-dev:amd64 (1.8.901+dfsg-1) ...
Setting up libtool (2.4.6-13) ...
Setting up libselinux1-dev:amd64 (3.0-1+b1) ...
Setting up libpcre3-dev:amd64 (2:8.39-12+b1) ...
Setting up libreadline8:amd64 (8.0-4) ...
Setting up libsubunit-dev:amd64 (1.3.0-6) ...
Setting up libglib2.0-bin (2.62.4-2) ...
Setting up libldap-2.4-2:amd64 (2.4.49+dfsg-1) ...
Setting up m4 (1.4.18-4) ...
Setting up libjson-glib-1.0-0:amd64 (1.4.4-2) ...
Setting up check:amd64 (0.12.0-0.1) ...
Setting up libgssapi-krb5-2:amd64 (1.17-6) ...
Setting up libcroco3:amd64 (0.6.13-1) ...
Setting up gir1.2-glib-2.0:amd64 (1.62.0-5) ...
Setting up autoconf (2.69-11.1) ...
Setting up dh-strip-nondeterminism (1.6.3-2) ...
Setting up dwz (0.13-5) ...
Setting up groff-base (1.22.4-4) ...
Setting up libxslt1.1:amd64 (1.1.34-3) ...
Setting up gir1.2-json-1.0:amd64 (1.4.4-2) ...
Setting up libmount-dev:amd64 (2.34-0.1) ...
Setting up automake (1:1.16.1-4) ...
update-alternatives: using /usr/bin/automake-1.16 to provide /usr/bin/automake (automake) in auto mode
Setting up libpython3.7-stdlib:amd64 (3.7.6-1+b1) ...
Setting up gettext (0.19.8.1-10) ...
Setting up libpython3.7:amd64 (3.7.6-1+b1) ...
Setting up libpython3.7-dev:amd64 (3.7.6-1+b1) ...
Setting up libcurl3-gnutls:amd64 (7.68.0-1) ...
Setting up man-db (2.9.0-2) ...
Not building database; man-db/auto-update is not 'true'.
Created symlink /etc/systemd/system/timers.target.wants/man-db.timer  /lib/systemd/system/man-db.timer.
Setting up intltool-debian (0.35.0+20060710.5) ...
Setting up git (1:2.25.1-1) ...
Setting up libpython3-stdlib:amd64 (3.7.5-3) ...
Setting up python3.7 (3.7.6-1+b1) ...
Setting up libpython3-dev:amd64 (3.7.5-3) ...
Setting up po-debconf (1.0.21) ...
Setting up python3 (3.7.5-3) ...
Setting up python3.7-dev (3.7.6-1+b1) ...
Setting up python3-gi (3.34.0-6) ...
Setting up python3-evdev (1.3.0+dfsg-1) ...
Setting up python3-lxml:amd64 (4.5.0-1) ...
Setting up python3-lib2to3 (3.8.0-1) ...
Setting up python3-distutils (3.8.0-1) ...
Setting up dh-python (4.20191017) ...
Setting up libglib2.0-dev-bin (2.62.4-2) ...
Setting up meson (0.53.1-1) ...
Setting up libglib2.0-dev:amd64 (2.62.4-2) ...
Setting up python3-dev (3.7.5-3) ...
Setting up libjson-glib-dev:amd64 (1.4.4-2) ...
Setting up libdevmapper1.02.1:amd64 (2:1.02.167-1) ...
Setting up dmsetup (2:1.02.167-1) ...
Setting up libcryptsetup12:amd64 (2:2.2.2-3) ...
Setting up systemd (244.3-1) ...
Created symlink /etc/systemd/system/getty.target.wants/getty@tty1.service  /lib/systemd/system/getty@.service.
Created symlink /etc/systemd/system/multi-user.target.wants/remote-fs.target  /lib/systemd/system/remote-fs.target.
Created symlink /etc/systemd/system/dbus-org.freedesktop.timesync1.service  /lib/systemd/system/systemd-timesyncd.service.
Created symlink /etc/systemd/system/sysinit.target.wants/systemd-timesyncd.service  /lib/systemd/system/systemd-timesyncd.service.
Initializing machine ID from KVM UUID.
Setting up dh-autoreconf (19) ...
Setting up debhelper (12.9) ...
Setting up sbuild-build-depends-main-dummy (0.invalid.0) ...
Processing triggers for libc-bin (2.29-10) ...

+------------------------------------------------------------------------------+
| Check architectures                                                          |
+------------------------------------------------------------------------------+

Arch check ok (amd64 included in any all)

+------------------------------------------------------------------------------+
| Build environment                                                            |
+------------------------------------------------------------------------------+

Kernel: Linux 4.19.0-6-cloud-amd64 #1 SMP Debian 4.19.67-2+deb10u2 (2019-11-11) amd64 (x86_64)
Toolchain package versions: binutils_2.34-3 dpkg-dev_1.19.7 g++-9_9.2.1-30 gcc-9_9.2.1-30 libc6-dev_2.29-10 libstdc++-9-dev_9.2.1-30 libstdc++6_10-20200222-1 linux-libc-dev_5.4.19-1
Package versions: adduser_3.118 apt_1.8.4 autoconf_2.69-11.1 automake_1:1.16.1-4 autopoint_0.19.8.1-10 autotools-dev_20180224.1 base-files_11 base-passwd_3.5.47 bash_5.0-6 binutils_2.34-3 binutils-common_2.34-3 binutils-x86-64-linux-gnu_2.34-3 bsdmainutils_11.1.2+b1 bsdutils_1:2.34-0.1 build-essential_12.8 bzip2_1.0.8-2 check_0.12.0-0.1 clang-10_1:10.0.0~+rc2-1 coreutils_8.30-3+b1 cpp_4:9.2.1-3.1 cpp-9_9.2.1-30 dash_0.5.10.2-6 debconf_1.5.73 debhelper_12.9 debian-archive-keyring_2019.1 debianutils_4.9.1 dh-autoreconf_19 dh-python_4.20191017 dh-strip-nondeterminism_1.6.3-2 diffutils_1:3.7-3 dmsetup_2:1.02.167-1 dpkg_1.19.7 dpkg-dev_1.19.7 dwz_0.13-5 e2fsprogs_1.45.5-2 fakeroot_1.24-1 fdisk_2.34-0.1 file_1:5.38-4 findutils_4.7.0-1 g++_4:9.2.1-3.1 g++-9_9.2.1-30 gcc_4:9.2.1-3.1 gcc-10-base_10-20200222-1 gcc-9_9.2.1-30 gcc-9-base_9.2.1-30 gettext_0.19.8.1-10 gettext-base_0.19.8.1-10 gir1.2-glib-2.0_1.62.0-5 gir1.2-json-1.0_1.4.4-2 git_1:2.25.1-1 git-man_1:2.25.1-1 gpgv_2.2.19-1 grep_3.4-1 groff-base_1.22.4-4 gzip_1.9-3+b1 hostname_3.23 init-system-helpers_1.57 intltool-debian_0.35.0+20060710.5 lib32gcc-s1_10-20200222-1 lib32gcc1_1:10-20200222-1 lib32stdc++6_10-20200222-1 libacl1_2.2.53-5 libapparmor1_2.13.3-7 libapt-pkg5.0_1.8.4 libarchive-zip-perl_1.67-1 libargon2-1_0~20171227-0.2 libasan5_9.2.1-30 libatomic1_10-20200222-1 libattr1_1:2.4.48-5 libaudit-common_1:2.8.5-2 libaudit1_1:2.8.5-2+b1 libbinutils_2.34-3 libblkid-dev_2.34-0.1 libblkid1_2.34-0.1 libbrotli1_1.0.7-6 libbsd0_0.10.0-1 libbz2-1.0_1.0.8-2 libc-bin_2.29-10 libc-dev-bin_2.29-10 libc6_2.29-10 libc6-dev_2.29-10 libc6-i386_2.29-10 libcap-ng0_0.7.9-2.1+b1 libcap2_1:2.32-1 libcc1-0_10-20200222-1 libclang-common-10-dev_1:10.0.0~+rc2-1 libclang-cpp10_1:10.0.0~+rc2-1 libclang1-10_1:10.0.0~+rc2-1 libcom-err2_1.45.5-2 libcroco3_0.6.13-1 libcrypt-dev_1:4.4.10-10 libcrypt1_1:4.4.10-10 libcryptsetup12_2:2.2.2-3 libctf-nobfd0_2.34-3 libctf0_2.34-3 libcurl3-gnutls_7.68.0-1 libdb5.3_5.3.28+dfsg1-0.6 libdebconfclient0_0.251 libdebhelper-perl_12.9 libdevmapper1.02.1_2:1.02.167-1 libdpkg-perl_1.19.7 libedit2_3.1-20191231-1 libelf1_0.176-1.1 liberror-perl_0.17029-1 libevdev-dev_1.8.901+dfsg-1 libevdev2_1.8.901+dfsg-1 libexpat1_2.2.9-1 libexpat1-dev_2.2.9-1 libext2fs2_1.45.5-2 libfakeroot_1.24-1 libfdisk1_2.34-0.1 libffi-dev_3.3-3 libffi7_3.3-3 libfile-stripnondeterminism-perl_1.6.3-2 libgc1c2_1:7.6.4-0.4 libgcc-9-dev_9.2.1-30 libgcc-s1_10-20200222-1 libgcc1_1:10-20200222-1 libgcrypt20_1.8.5-5 libgdbm-compat4_1.18.1-5 libgdbm6_1.18.1-5 libgirepository-1.0-1_1.62.0-5 libglib2.0-0_2.62.4-2 libglib2.0-bin_2.62.4-2 libglib2.0-data_2.62.4-2 libglib2.0-dev_2.62.4-2 libglib2.0-dev-bin_2.62.4-2 libgmp10_2:6.2.0+dfsg-4 libgnutls30_3.6.12-2 libgomp1_10-20200222-1 libgpg-error0_1.37-1 libgssapi-krb5-2_1.17-6 libhogweed5_3.5.1+really3.5.1-2 libicu63_63.2-2 libidn2-0_2.2.0-2 libip4tc2_1.8.4-3 libisl22_0.22.1-1 libitm1_10-20200222-1 libjson-c4_0.13.1+dfsg-7 libjson-glib-1.0-0_1.4.4-2 libjson-glib-1.0-common_1.4.4-2 libjson-glib-dev_1.4.4-2 libk5crypto3_1.17-6 libkeyutils1_1.6.1-2 libkmod2_27-1 libkrb5-3_1.17-6 libkrb5support0_1.17-6 libldap-2.4-2_2.4.49+dfsg-1 libldap-common_2.4.49+dfsg-1 libllvm10_1:10.0.0~+rc2-1 liblsan0_10-20200222-1 liblz4-1_1.9.2-2 liblzma5_5.2.4-1+b1 libmagic-mgc_1:5.38-4 libmagic1_1:5.38-4 libmount-dev_2.34-0.1 libmount1_2.34-0.1 libmpc3_1.1.0-1 libmpdec2_2.4.2-2 libmpfr6_4.0.2-1 libncursesw6_6.1+20191019-1 libnettle7_3.5.1+really3.5.1-2 libnghttp2-14_1.40.0-1 libobjc-9-dev_9.2.1-30 libobjc4_10-20200222-1 libomp-10-dev_1:10.0.0~+rc2-1 libomp5-10_1:10.0.0~+rc2-1 libp11-kit0_0.23.20-1 libpam-modules_1.3.1-5 libpam-modules-bin_1.3.1-5 libpam-runtime_1.3.1-5 libpam0g_1.3.1-5 libpcre16-3_2:8.39-12+b1 libpcre2-16-0_10.34-7 libpcre2-32-0_10.34-7 libpcre2-8-0_10.34-7 libpcre2-dev_10.34-7 libpcre2-posix2_10.34-7 libpcre3_2:8.39-12+b1 libpcre3-dev_2:8.39-12+b1 libpcre32-3_2:8.39-12+b1 libpcrecpp0v5_2:8.39-12+b1 libperl5.30_5.30.0-9 libpipeline1_1.5.2-2 libpsl5_0.20.2-2 libpython3-dev_3.7.5-3 libpython3-stdlib_3.7.5-3 libpython3.7_3.7.6-1+b1 libpython3.7-dev_3.7.6-1+b1 libpython3.7-minimal_3.7.6-1+b1 libpython3.7-stdlib_3.7.6-1+b1 libquadmath0_10-20200222-1 libreadline8_8.0-4 librtmp1_2.4+20151223.gitfa8646d.1-2+b1 libsasl2-2_2.1.27+dfsg-2 libsasl2-modules-db_2.1.27+dfsg-2 libseccomp2_2.4.2-2 libselinux1_3.0-1+b1 libselinux1-dev_3.0-1+b1 libsemanage-common_3.0-1 libsemanage1_3.0-1+b1 libsepol1_3.0-1 libsepol1-dev_3.0-1 libsigsegv2_2.12-2 libsmartcols1_2.34-0.1 libsqlite3-0_3.31.1-3 libss2_1.45.5-2 libssh2-1_1.8.0-2.1 libssl1.1_1.1.1d-2 libstdc++-9-dev_9.2.1-30 libstdc++6_10-20200222-1 libsub-override-perl_0.09-2 libsubunit-dev_1.3.0-6 libsubunit0_1.3.0-6 libsystemd-dev_244.3-1 libsystemd0_244.3-1 libtasn1-6_4.16.0-2 libtinfo6_6.1+20191019-1 libtool_2.4.6-13 libtsan0_10-20200222-1 libubsan1_10-20200222-1 libuchardet0_0.0.6-3 libudev-dev_244.3-1 libudev1_244.3-1 libunistring-dev_0.9.10-2 libunistring2_0.9.10-2 libuuid1_2.34-0.1 libxml2_2.9.10+dfsg-3 libxslt1.1_1.1.34-3 libz3-4_4.8.7-4 libzstd1_1.4.4+dfsg-3 linux-libc-dev_5.4.19-1 login_1:4.8.1-1 logsave_1.45.5-2 lsb-base_11.1.0 m4_1.4.18-4 make_4.2.1-1.2 man-db_2.9.0-2 mawk_1.3.4.20200120-2 meson_0.53.1-1 mime-support_3.64 mount_2.34-0.1 ncurses-base_6.1+20191019-1 ncurses-bin_6.1+20191019-1 ninja-build_1.10.0-1 passwd_1:4.8.1-1 patch_2.7.6-6 perl_5.30.0-9 perl-base_5.30.0-9 perl-modules-5.30_5.30.0-9 pkg-config_0.29-6 po-debconf_1.0.21 python3_3.7.5-3 python3-dev_3.7.5-3 python3-distutils_3.8.0-1 python3-evdev_1.3.0+dfsg-1 python3-gi_3.34.0-6 python3-lib2to3_3.8.0-1 python3-lxml_4.5.0-1 python3-minimal_3.7.5-3 python3.7_3.7.6-1+b1 python3.7-dev_3.7.6-1+b1 python3.7-minimal_3.7.6-1+b1 readline-common_8.0-4 sbuild-build-depends-main-dummy_0.invalid.0 sed_4.7-1 sensible-utils_0.0.12+nmu1 swig_4.0.1-5 swig4.0_4.0.1-5 systemd_244.3-1 sysvinit-utils_2.96-2.1 tar_1.30+dfsg-6+b1 tzdata_2019c-3 util-linux_2.34-0.1 uuid-dev_2.34-0.1 xz-utils_5.2.4-1+b1 zlib1g_1:1.2.11.dfsg-2 zlib1g-dev_1:1.2.11.dfsg-2

+------------------------------------------------------------------------------+
| Build                                                                        |
+------------------------------------------------------------------------------+


Unpack source
-------------

-----BEGIN PGP SIGNED MESSAGE-----
Hash: SHA512

Format: 3.0 (quilt)
Source: libratbag
Binary: liblur3, liblur-dev, lur-command, libratbag-tools, ratbagd
Architecture: any all
Version: 0.13-1
Maintainer: Stephen Kitt <skitt@debian.org>
Homepage: https://github.com/libratbag/libratbag/
Standards-Version: 4.5.0
Vcs-Browser: https://salsa.debian.org/debian/libratbag
Vcs-Git: https://salsa.debian.org/debian/libratbag.git
Build-Depends: check, debhelper-compat (= 12), dh-python, git, libevdev-dev, libglib2.0-dev, libjson-glib-dev, libsystemd-dev (>= 227), libudev-dev, libunistring-dev, meson (>= 0.40), pkg-config, python3-dev, python3-evdev, python3-gi, python3-lxml, swig, systemd
Package-List:
 liblur-dev deb libdevel optional arch=linux-any
 liblur3 deb libs optional arch=linux-any
 libratbag-tools deb oldlibs optional arch=all
 lur-command deb utils optional arch=linux-any
 ratbagd deb utils optional arch=any
Checksums-Sha1:
 db1ba030a8687d59e1c7d37577591d7b533a441b 242054 libratbag_0.13.orig.tar.gz
 193d97cf00cae24d8f7b5cb28cf9f1dc449271ed 5416 libratbag_0.13-1.debian.tar.xz
Checksums-Sha256:
 b0a71851e5781eed789f5ba5f44bc6bc36ec4a7ef77fcc0303976149f3f719c9 242054 libratbag_0.13.orig.tar.gz
 32c51273f176cc392c9d651df0f278b07d78a8133c3f39735ade4b6fd4e386fd 5416 libratbag_0.13-1.debian.tar.xz
Files:
 2aa37debb5a4695f34d877a5458b589e 242054 libratbag_0.13.orig.tar.gz
 42efc54e3a4f4a92c125d7d27b47a95b 5416 libratbag_0.13-1.debian.tar.xz

-----BEGIN PGP SIGNATURE-----

iQIzBAEBCgAdFiEEnPVX/hPLkMoq7x0ggNMC9Yhtg5wFAl5BhL0ACgkQgNMC9Yht
g5yh6RAAgzeaWJjZYJBdyqk/lLfKMlE5N2V4ebQINeuSdgmZXO5NpytHKwsQbkWE
DA2jBIl5XO/pKwM5AJBbR46OpLGIvBqfTN06iQM4vEWIGyhqX1ZhWCaFrZ8g4EuB
n0fDCzr4Zlzt7PHJxZZTA8ho1L1qJmqzoQ9a3Welu7syaRElVeHNt6RY73o8Pjm6
h+dwFoFZLcx8ugFHwYaxHepiZetvRXMipa6ogMRjtCeliuKyFCUBZKIW0cxIx9e8
genlwiyNcSiLMc1vzx0zZxblgP13YahH6gy5F7BkHWdN92AzvTeSAyj+sE33Ruj7
qZVrw9jqGelp1aY/tZ8HhG1GCXtlAvquX6va4lRySVikdsPdBvgE8BM13n+D8L2v
9v7VBmuszS2xayB3SY0zJ3JwN36i5DyN7oDXi7MRARrO6Ig5CGer0VFq2eL4qn8h
XoRlttnAYj0ME7ABUluJxO6Cbgv3ETG5q35xgDnL3SttR5vgnE5C4OOnvhETodfE
8+dqWmrPm3vagDlr8Ez71NEHvRUvRYQw5fHj80KT075WU2YTq3xkhVp2QjlgUQiy
fJojMZhZbISVoG4+nAgIsfUV8Rd3RgDdMyBqVM72hAhTEhmtAT8ixSFghYaDOP34
INT/pqEGaROcpVN2/cRFFwVDMD8MYmshtcJk/HNz+3r2VYfF07o=
=8XNl
-----END PGP SIGNATURE-----

gpgv: unknown type of key resource 'trustedkeys.kbx'
gpgv: keyblock resource '/sbuild-nonexistent/.gnupg/trustedkeys.kbx': General error
gpgv: Signature made Mon Feb 10 16:28:45 2020 UTC
gpgv:                using RSA key 9CF557FE13CB90CA2AEF1D2080D302F5886D839C
gpgv: Can't check signature: No public key
dpkg-source: warning: failed to verify signature on ./libratbag_0.13-1.dsc
dpkg-source: info: extracting libratbag in /<<PKGBUILDDIR>>
dpkg-source: info: unpacking libratbag_0.13.orig.tar.gz
dpkg-source: info: unpacking libratbag_0.13-1.debian.tar.xz
dpkg-source: info: using patch list from debian/patches/series
dpkg-source: info: applying disable-ratbagctl-test.patch
dpkg-source: info: applying disable-valgrind.patch
dpkg-source: info: applying manpage-fixes.patch

Check disk space
----------------

Sufficient free space for build

User Environment
----------------

APT_CONFIG=/var/lib/sbuild/apt.conf
HOME=/sbuild-nonexistent
LANG=C.UTF-8
LC_ALL=C.UTF-8
LOGNAME=user42
PATH=/usr/local/sbin:/usr/local/bin:/usr/sbin:/usr/bin:/sbin:/bin:/usr/games
SCHROOT_ALIAS_NAME=unstable
SCHROOT_CHROOT_NAME=sid-amd64-sbuild
SCHROOT_COMMAND=env
SCHROOT_GID=1001
SCHROOT_GROUP=user42
SCHROOT_SESSION_ID=sid-amd64-sbuild-2c7ed6b5-44f8-400b-97dd-4257310419b7
SCHROOT_UID=1001
SCHROOT_USER=user42
SHELL=/bin/sh
USER=user42

dpkg-buildpackage
-----------------

Command: dpkg-buildpackage -us -uc -b -rfakeroot
dpkg-buildpackage: info: source package libratbag
dpkg-buildpackage: info: source version 0.13-1
dpkg-buildpackage: info: source distribution unstable
dpkg-buildpackage: info: source changed by Stephen Kitt <skitt@debian.org>
 dpkg-source --before-build .
dpkg-buildpackage: info: host architecture amd64
 debian/rules clean
dh clean --with python3
   dh_clean
 debian/rules binary
dh binary --with python3
   dh_update_autotools_config
   dh_autoreconf
   debian/rules override_dh_auto_configure
make[1]: Entering directory '/<<PKGBUILDDIR>>'
dh_auto_configure -- -Dudev-dir=/lib/udev -Dsystemd-unit-dir=/lib/systemd/system
	cd obj-x86_64-linux-gnu && LC_ALL=C.UTF-8 meson .. --wrap-mode=nodownload --buildtype=plain --prefix=/usr --sysconfdir=/etc --localstatedir=/var --libdir=lib/x86_64-linux-gnu -Dudev-dir=/lib/udev -Dsystemd-unit-dir=/lib/systemd/system
The Meson build system
Version: 0.53.1
Source dir: /<<PKGBUILDDIR>>
Build dir: /<<PKGBUILDDIR>>/obj-x86_64-linux-gnu
Build type: native build
Project name: libratbag
Project version: 0.13
Appending CFLAGS from environment: '-g -O2 -fdebug-prefix-map=/<<PKGBUILDDIR>>=. -fstack-protector-strong -Wformat -Werror=format-security'
Appending LDFLAGS from environment: ['-Wl,-z,relro', '-Wl,-z,now']
Appending CPPFLAGS from environment: '-Wdate-time -D_FORTIFY_SOURCE=2'
Appending CFLAGS from environment: '-g -O2 -fdebug-prefix-map=/<<PKGBUILDDIR>>=. -fstack-protector-strong -Wformat -Werror=format-security'
Appending LDFLAGS from environment: ['-Wl,-z,relro', '-Wl,-z,now']
Appending CPPFLAGS from environment: '-Wdate-time -D_FORTIFY_SOURCE=2'
C compiler for the host machine: cc (clang 10.0.0 "clang version 10.0.0-+rc2-1 ")
C linker for the host machine: cc GNU ld.bfd 2.34
Host machine cpu family: x86_64
Host machine cpu: x86_64
Found pkg-config: /usr/bin/pkg-config (0.29)
Run-time dependency libudev found: YES 244
Run-time dependency libevdev found: YES 1.8.901
Run-time dependency glib-2.0 found: YES 2.62.4
Run-time dependency json-glib-1.0 found: YES 1.4.4
Library m found: YES
Library unistring found: YES
Run-time dependency libsystemd found: YES 244
Run-time dependency systemd found: YES 244
WARNING: Project targeting '>= 0.40.0' but tried to use feature introduced in '0.50.0': install arg in configure_file
Configuring lur-command.1 using configuration
Program /<<PKGBUILDDIR>>/data/devices/data-parse-test.py found: YES (/<<PKGBUILDDIR>>/data/devices/data-parse-test.py)
Program /<<PKGBUILDDIR>>/data/devices/duplicate-check.py found: YES (/<<PKGBUILDDIR>>/data/devices/duplicate-check.py)
Program /<<PKGBUILDDIR>>/data/devices/receiver-check.py found: YES (/<<PKGBUILDDIR>>/data/devices/receiver-check.py)
Run-time dependency check found: YES 0.12.0
Configuring org.freedesktop.ratbag_devel1.conf using configuration
meson.build:442: WARNING: Got an empty configuration_data() object and found no substitutions in the input file 'org.freedesktop.ratbag_devel1.conf.in'. If you want to copy a file to the build dir, use the 'copy:' keyword argument added in 0.47.0
Configuring ratbagd.service using configuration
Configuring org.freedesktop.ratbag1.service using configuration
Configuring org.freedesktop.ratbag1.conf using configuration
WARNING: Project targeting '>= 0.40.0' but tried to use feature introduced in '0.46.0': Python Module
Program python3 found: YES (/usr/bin/python3)
Configuring ratbagctl.in using configuration
Configuring ratbagctl.1 using configuration
Configuring toolbox.py using configuration
Configuring ratbagctl.devel using configuration
Configuring ratbagctl.test using configuration
Program swig found: YES (/usr/bin/swig)
Did not find CMake 'cmake'
Found CMake: NO
Run-time dependency python3-embed found: NO (tried pkgconfig and cmake)
Run-time dependency python3 found: YES 3.7
Configuring ratbagc.py using configuration
Configuring config.h using configuration
Build targets in project: 19
WARNING: Project specifies a minimum meson_version '>= 0.40.0' but uses features which were added in newer versions:
 * 0.46.0: {'Python Module'}
 * 0.50.0: {'install arg in configure_file'}

Found ninja-1.10.0 at /usr/bin/ninja
make[1]: Leaving directory '/<<PKGBUILDDIR>>'
   dh_auto_build
	cd obj-x86_64-linux-gnu && LC_ALL=C.UTF-8 ninja -j4 -v
[1/72] cc -Iutil@sta -I. -I.. -Xclang -fcolor-diagnostics -pipe -D_FILE_OFFSET_BITS=64 -std=gnu99 -Wno-unused-parameter -fvisibility=hidden -Wmissing-prototypes -Wformat -Werror=format-security -Wstrict-prototypes -g -O2 -fdebug-prefix-map=/<<PKGBUILDDIR>>=. -fstack-protector-strong -Wformat -Werror=format-security -Wdate-time -D_FORTIFY_SOURCE=2 -fPIC -MD -MQ 'util@sta/src_libratbag-util.c.o' -MF 'util@sta/src_libratbag-util.c.o.d' -o 'util@sta/src_libratbag-util.c.o' -c ../src/libratbag-util.c
[2/72] rm -f libutil.a && ar csrD libutil.a 'util@sta/src_libratbag-util.c.o'
[3/72] cc -Ihidpp@sta -I. -I.. -Xclang -fcolor-diagnostics -pipe -D_FILE_OFFSET_BITS=64 -std=gnu99 -Wno-unused-parameter -fvisibility=hidden -Wmissing-prototypes -Wformat -Werror=format-security -Wstrict-prototypes -g -O2 -fdebug-prefix-map=/<<PKGBUILDDIR>>=. -fstack-protector-strong -Wformat -Werror=format-security -Wdate-time -D_FORTIFY_SOURCE=2 -fPIC -MD -MQ 'hidpp@sta/src_hidpp-generic.c.o' -MF 'hidpp@sta/src_hidpp-generic.c.o.d' -o 'hidpp@sta/src_hidpp-generic.c.o' -c ../src/hidpp-generic.c
../src/hidpp-generic.c:377:2: warning: ignoring return value of function declared with 'warn_unused_result' attribute [-Wunused-result]
        asprintf(&output_buf, "%s %s", header ? header : "", bytes);
        ^~~~~~~~~~~~~~~~~~~~~~~~~~~~~~~~~~~~~~~~~~~~~~~~~~~~~~~~~~~
/usr/include/x86_64-linux-gnu/bits/stdio2.h:202:3: note: expanded from macro 'asprintf'
  __asprintf_chk (ptr, __USE_FORTIFY_LEVEL - 1, __VA_ARGS__)
  ^~~~~~~~~~~~~~  ~~~~~~~~~~~~~~~~~~~~~~~~~~~~~~~~~~~~~~~~~
1 warning generated.
[4/72] cc -Ilur@sha -I. -I.. -I../ -Xclang -fcolor-diagnostics -pipe -D_FILE_OFFSET_BITS=64 -std=gnu99 -Wno-unused-parameter -fvisibility=hidden -Wmissing-prototypes -Wformat -Werror=format-security -Wstrict-prototypes -g -O2 -fdebug-prefix-map=/<<PKGBUILDDIR>>=. -fstack-protector-strong -Wformat -Werror=format-security -Wdate-time -D_FORTIFY_SOURCE=2 -fPIC -MD -MQ 'lur@sha/src_liblur.c.o' -MF 'lur@sha/src_liblur.c.o.d' -o 'lur@sha/src_liblur.c.o' -c ../src/liblur.c
[5/72] cc -Iratbag@sta -I. -I.. -I../ -I/usr/include/libevdev-1.0/ -I/usr/include/glib-2.0 -I/usr/lib/x86_64-linux-gnu/glib-2.0/include -I/usr/include/json-glib-1.0 -I/usr/include/libmount -I/usr/include/blkid -Xclang -fcolor-diagnostics -pipe -D_FILE_OFFSET_BITS=64 -std=gnu99 -Wno-unused-parameter -fvisibility=hidden -Wmissing-prototypes -Wformat -Werror=format-security -Wstrict-prototypes -g -O2 -fdebug-prefix-map=/<<PKGBUILDDIR>>=. -fstack-protector-strong -Wformat -Werror=format-security -Wdate-time -D_FORTIFY_SOURCE=2 -fPIC -pthread -MD -MQ 'ratbag@sta/src_driver-etekcity.c.o' -MF 'ratbag@sta/src_driver-etekcity.c.o.d' -o 'ratbag@sta/src_driver-etekcity.c.o' -c ../src/driver-etekcity.c
[6/72] cc -Iratbag@sta -I. -I.. -I../ -I/usr/include/libevdev-1.0/ -I/usr/include/glib-2.0 -I/usr/lib/x86_64-linux-gnu/glib-2.0/include -I/usr/include/json-glib-1.0 -I/usr/include/libmount -I/usr/include/blkid -Xclang -fcolor-diagnostics -pipe -D_FILE_OFFSET_BITS=64 -std=gnu99 -Wno-unused-parameter -fvisibility=hidden -Wmissing-prototypes -Wformat -Werror=format-security -Wstrict-prototypes -g -O2 -fdebug-prefix-map=/<<PKGBUILDDIR>>=. -fstack-protector-strong -Wformat -Werror=format-security -Wdate-time -D_FORTIFY_SOURCE=2 -fPIC -pthread -MD -MQ 'ratbag@sta/src_driver-hidpp10.c.o' -MF 'ratbag@sta/src_driver-hidpp10.c.o.d' -o 'ratbag@sta/src_driver-hidpp10.c.o' -c ../src/driver-hidpp10.c
../src/driver-hidpp10.c:419:8: warning: address of array 'p.name' will always evaluate to 'true' [-Wpointer-bool-conversion]
        if (p.name && p.name[0] != '\0')
            ~~^~~~ ~~
../src/driver-hidpp10.c:519:29: warning: implicit conversion from enumeration type 'enum hidpp_log_priority' to different enumeration type 'enum ratbag_log_priority' [-Wenum-conversion]
        log_msg_va(device->ratbag, priority, format, args);
        ~~~~~~~~~~                 ^~~~~~~~
2 warnings generated.
[7/72] cc -Ihidpp@sta -I. -I.. -Xclang -fcolor-diagnostics -pipe -D_FILE_OFFSET_BITS=64 -std=gnu99 -Wno-unused-parameter -fvisibility=hidden -Wmissing-prototypes -Wformat -Werror=format-security -Wstrict-prototypes -g -O2 -fdebug-prefix-map=/<<PKGBUILDDIR>>=. -fstack-protector-strong -Wformat -Werror=format-security -Wdate-time -D_FORTIFY_SOURCE=2 -fPIC -MD -MQ 'hidpp@sta/src_hidpp20.c.o' -MF 'hidpp@sta/src_hidpp20.c.o.d' -o 'hidpp@sta/src_hidpp20.c.o' -c ../src/hidpp20.c
[8/72] cc -Ihidpp@sta -I. -I.. -Xclang -fcolor-diagnostics -pipe -D_FILE_OFFSET_BITS=64 -std=gnu99 -Wno-unused-parameter -fvisibility=hidden -Wmissing-prototypes -Wformat -Werror=format-security -Wstrict-prototypes -g -O2 -fdebug-prefix-map=/<<PKGBUILDDIR>>=. -fstack-protector-strong -Wformat -Werror=format-security -Wdate-time -D_FORTIFY_SOURCE=2 -fPIC -MD -MQ 'hidpp@sta/src_hidpp10.c.o' -MF 'hidpp@sta/src_hidpp10.c.o.d' -o 'hidpp@sta/src_hidpp10.c.o' -c ../src/hidpp10.c
[9/72] rm -f libhidpp.a && ar csrD libhidpp.a 'hidpp@sta/src_hidpp-generic.c.o' 'hidpp@sta/src_hidpp10.c.o' 'hidpp@sta/src_hidpp20.c.o'
[10/72] cc -Iratbag@sta -I. -I.. -I../ -I/usr/include/libevdev-1.0/ -I/usr/include/glib-2.0 -I/usr/lib/x86_64-linux-gnu/glib-2.0/include -I/usr/include/json-glib-1.0 -I/usr/include/libmount -I/usr/include/blkid -Xclang -fcolor-diagnostics -pipe -D_FILE_OFFSET_BITS=64 -std=gnu99 -Wno-unused-parameter -fvisibility=hidden -Wmissing-prototypes -Wformat -Werror=format-security -Wstrict-prototypes -g -O2 -fdebug-prefix-map=/<<PKGBUILDDIR>>=. -fstack-protector-strong -Wformat -Werror=format-security -Wdate-time -D_FORTIFY_SOURCE=2 -fPIC -pthread -MD -MQ 'ratbag@sta/src_driver-hidpp20.c.o' -MF 'ratbag@sta/src_driver-hidpp20.c.o.d' -o 'ratbag@sta/src_driver-hidpp20.c.o' -c ../src/driver-hidpp20.c
../src/driver-hidpp20.c:1607:29: warning: implicit conversion from enumeration type 'enum hidpp_log_priority' to different enumeration type 'enum ratbag_log_priority' [-Wenum-conversion]
        log_msg_va(device->ratbag, priority, format, args);
        ~~~~~~~~~~                 ^~~~~~~~
1 warning generated.
[11/72] cc -Iratbag@sta -I. -I.. -I../ -I/usr/include/libevdev-1.0/ -I/usr/include/glib-2.0 -I/usr/lib/x86_64-linux-gnu/glib-2.0/include -I/usr/include/json-glib-1.0 -I/usr/include/libmount -I/usr/include/blkid -Xclang -fcolor-diagnostics -pipe -D_FILE_OFFSET_BITS=64 -std=gnu99 -Wno-unused-parameter -fvisibility=hidden -Wmissing-prototypes -Wformat -Werror=format-security -Wstrict-prototypes -g -O2 -fdebug-prefix-map=/<<PKGBUILDDIR>>=. -fstack-protector-strong -Wformat -Werror=format-security -Wdate-time -D_FORTIFY_SOURCE=2 -fPIC -pthread -MD -MQ 'ratbag@sta/src_driver-logitech-g300.c.o' -MF 'ratbag@sta/src_driver-logitech-g300.c.o.d' -o 'ratbag@sta/src_driver-logitech-g300.c.o' -c ../src/driver-logitech-g300.c
[12/72] cc  -o liblur.so.3.0.3 'lur@sha/src_liblur.c.o' -Wl,--as-needed -Wl,--no-undefined -shared -fPIC -Wl,--start-group -Wl,-soname,liblur.so.3 -g -O2 -fdebug-prefix-map=/<<PKGBUILDDIR>>=. -fstack-protector-strong -Wformat -Werror=format-security -Wl,-z,relro -Wl,-z,now libutil.a libhidpp.a -Wl,--version-script,/<<PKGBUILDDIR>>/src/liblur.sym /lib/x86_64-linux-gnu/libudev.so -lm -Wl,--end-group '-Wl,-rpath,$ORIGIN/' -Wl,-rpath-link,/<<PKGBUILDDIR>>/obj-x86_64-linux-gnu/
[13/72] cc -Iratbag@sta -I. -I.. -I../ -I/usr/include/libevdev-1.0/ -I/usr/include/glib-2.0 -I/usr/lib/x86_64-linux-gnu/glib-2.0/include -I/usr/include/json-glib-1.0 -I/usr/include/libmount -I/usr/include/blkid -Xclang -fcolor-diagnostics -pipe -D_FILE_OFFSET_BITS=64 -std=gnu99 -Wno-unused-parameter -fvisibility=hidden -Wmissing-prototypes -Wformat -Werror=format-security -Wstrict-prototypes -g -O2 -fdebug-prefix-map=/<<PKGBUILDDIR>>=. -fstack-protector-strong -Wformat -Werror=format-security -Wdate-time -D_FORTIFY_SOURCE=2 -fPIC -pthread -MD -MQ 'ratbag@sta/src_driver-logitech-g600.c.o' -MF 'ratbag@sta/src_driver-logitech-g600.c.o.d' -o 'ratbag@sta/src_driver-logitech-g600.c.o' -c ../src/driver-logitech-g600.c
[14/72] /usr/bin/meson --internal symbolextractor liblur.so.3.0.3 'lur@sha/liblur.so.3.0.3.symbols' 
[15/72] cc -Iratbag@sta -I. -I.. -I../ -I/usr/include/libevdev-1.0/ -I/usr/include/glib-2.0 -I/usr/lib/x86_64-linux-gnu/glib-2.0/include -I/usr/include/json-glib-1.0 -I/usr/include/libmount -I/usr/include/blkid -Xclang -fcolor-diagnostics -pipe -D_FILE_OFFSET_BITS=64 -std=gnu99 -Wno-unused-parameter -fvisibility=hidden -Wmissing-prototypes -Wformat -Werror=format-security -Wstrict-prototypes -g -O2 -fdebug-prefix-map=/<<PKGBUILDDIR>>=. -fstack-protector-strong -Wformat -Werror=format-security -Wdate-time -D_FORTIFY_SOURCE=2 -fPIC -pthread -MD -MQ 'ratbag@sta/src_driver-roccat-kone-pure.c.o' -MF 'ratbag@sta/src_driver-roccat-kone-pure.c.o.d' -o 'ratbag@sta/src_driver-roccat-kone-pure.c.o' -c ../src/driver-roccat-kone-pure.c
[16/72] cc -Iratbag@sta -I. -I.. -I../ -I/usr/include/libevdev-1.0/ -I/usr/include/glib-2.0 -I/usr/lib/x86_64-linux-gnu/glib-2.0/include -I/usr/include/json-glib-1.0 -I/usr/include/libmount -I/usr/include/blkid -Xclang -fcolor-diagnostics -pipe -D_FILE_OFFSET_BITS=64 -std=gnu99 -Wno-unused-parameter -fvisibility=hidden -Wmissing-prototypes -Wformat -Werror=format-security -Wstrict-prototypes -g -O2 -fdebug-prefix-map=/<<PKGBUILDDIR>>=. -fstack-protector-strong -Wformat -Werror=format-security -Wdate-time -D_FORTIFY_SOURCE=2 -fPIC -pthread -MD -MQ 'ratbag@sta/src_driver-roccat.c.o' -MF 'ratbag@sta/src_driver-roccat.c.o.d' -o 'ratbag@sta/src_driver-roccat.c.o' -c ../src/driver-roccat.c
[17/72] cc -Iratbag@sta -I. -I.. -I../ -I/usr/include/libevdev-1.0/ -I/usr/include/glib-2.0 -I/usr/lib/x86_64-linux-gnu/glib-2.0/include -I/usr/include/json-glib-1.0 -I/usr/include/libmount -I/usr/include/blkid -Xclang -fcolor-diagnostics -pipe -D_FILE_OFFSET_BITS=64 -std=gnu99 -Wno-unused-parameter -fvisibility=hidden -Wmissing-prototypes -Wformat -Werror=format-security -Wstrict-prototypes -g -O2 -fdebug-prefix-map=/<<PKGBUILDDIR>>=. -fstack-protector-strong -Wformat -Werror=format-security -Wdate-time -D_FORTIFY_SOURCE=2 -fPIC -pthread -MD -MQ 'ratbag@sta/src_driver-gskill.c.o' -MF 'ratbag@sta/src_driver-gskill.c.o.d' -o 'ratbag@sta/src_driver-gskill.c.o' -c ../src/driver-gskill.c
[18/72] cc -Iratbag@sta -I. -I.. -I../ -I/usr/include/libevdev-1.0/ -I/usr/include/glib-2.0 -I/usr/lib/x86_64-linux-gnu/glib-2.0/include -I/usr/include/json-glib-1.0 -I/usr/include/libmount -I/usr/include/blkid -Xclang -fcolor-diagnostics -pipe -D_FILE_OFFSET_BITS=64 -std=gnu99 -Wno-unused-parameter -fvisibility=hidden -Wmissing-prototypes -Wformat -Werror=format-security -Wstrict-prototypes -g -O2 -fdebug-prefix-map=/<<PKGBUILDDIR>>=. -fstack-protector-strong -Wformat -Werror=format-security -Wdate-time -D_FORTIFY_SOURCE=2 -fPIC -pthread -MD -MQ 'ratbag@sta/src_driver-steelseries.c.o' -MF 'ratbag@sta/src_driver-steelseries.c.o.d' -o 'ratbag@sta/src_driver-steelseries.c.o' -c ../src/driver-steelseries.c
[19/72] cc -Iratbag@sta -I. -I.. -I../ -I/usr/include/libevdev-1.0/ -I/usr/include/glib-2.0 -I/usr/lib/x86_64-linux-gnu/glib-2.0/include -I/usr/include/json-glib-1.0 -I/usr/include/libmount -I/usr/include/blkid -Xclang -fcolor-diagnostics -pipe -D_FILE_OFFSET_BITS=64 -std=gnu99 -Wno-unused-parameter -fvisibility=hidden -Wmissing-prototypes -Wformat -Werror=format-security -Wstrict-prototypes -g -O2 -fdebug-prefix-map=/<<PKGBUILDDIR>>=. -fstack-protector-strong -Wformat -Werror=format-security -Wdate-time -D_FORTIFY_SOURCE=2 -fPIC -pthread -MD -MQ 'ratbag@sta/src_driver-test.c.o' -MF 'ratbag@sta/src_driver-test.c.o.d' -o 'ratbag@sta/src_driver-test.c.o' -c ../src/driver-test.c
[20/72] cc -Iratbag@sta -I. -I.. -I../ -I/usr/include/libevdev-1.0/ -I/usr/include/glib-2.0 -I/usr/lib/x86_64-linux-gnu/glib-2.0/include -I/usr/include/json-glib-1.0 -I/usr/include/libmount -I/usr/include/blkid -Xclang -fcolor-diagnostics -pipe -D_FILE_OFFSET_BITS=64 -std=gnu99 -Wno-unused-parameter -fvisibility=hidden -Wmissing-prototypes -Wformat -Werror=format-security -Wstrict-prototypes -g -O2 -fdebug-prefix-map=/<<PKGBUILDDIR>>=. -fstack-protector-strong -Wformat -Werror=format-security -Wdate-time -D_FORTIFY_SOURCE=2 -fPIC -pthread -MD -MQ 'ratbag@sta/src_libratbag-test.c.o' -MF 'ratbag@sta/src_libratbag-test.c.o.d' -o 'ratbag@sta/src_libratbag-test.c.o' -c ../src/libratbag-test.c
[21/72] cc -Iratbag@sta -I. -I.. -I../ -I/usr/include/libevdev-1.0/ -I/usr/include/glib-2.0 -I/usr/lib/x86_64-linux-gnu/glib-2.0/include -I/usr/include/json-glib-1.0 -I/usr/include/libmount -I/usr/include/blkid -Xclang -fcolor-diagnostics -pipe -D_FILE_OFFSET_BITS=64 -std=gnu99 -Wno-unused-parameter -fvisibility=hidden -Wmissing-prototypes -Wformat -Werror=format-security -Wstrict-prototypes -g -O2 -fdebug-prefix-map=/<<PKGBUILDDIR>>=. -fstack-protector-strong -Wformat -Werror=format-security -Wdate-time -D_FORTIFY_SOURCE=2 -fPIC -pthread -MD -MQ 'ratbag@sta/src_libratbag-hidraw.c.o' -MF 'ratbag@sta/src_libratbag-hidraw.c.o.d' -o 'ratbag@sta/src_libratbag-hidraw.c.o' -c ../src/libratbag-hidraw.c
[22/72] cc -Ishared@sta -I. -I.. -I../src -I/usr/include/libevdev-1.0/ -Xclang -fcolor-diagnostics -pipe -D_FILE_OFFSET_BITS=64 -std=gnu99 -Wno-unused-parameter -fvisibility=hidden -Wmissing-prototypes -Wformat -Werror=format-security -Wstrict-prototypes -g -O2 -fdebug-prefix-map=/<<PKGBUILDDIR>>=. -fstack-protector-strong -Wformat -Werror=format-security -Wdate-time -D_FORTIFY_SOURCE=2 -fPIC -MD -MQ 'shared@sta/tools_shared.c.o' -MF 'shared@sta/tools_shared.c.o.d' -o 'shared@sta/tools_shared.c.o' -c ../tools/shared.c
[23/72] rm -f libshared.a && ar csrD libshared.a 'shared@sta/tools_shared.c.o'
[24/72] cc -Iratbag@sta -I. -I.. -I../ -I/usr/include/libevdev-1.0/ -I/usr/include/glib-2.0 -I/usr/lib/x86_64-linux-gnu/glib-2.0/include -I/usr/include/json-glib-1.0 -I/usr/include/libmount -I/usr/include/blkid -Xclang -fcolor-diagnostics -pipe -D_FILE_OFFSET_BITS=64 -std=gnu99 -Wno-unused-parameter -fvisibility=hidden -Wmissing-prototypes -Wformat -Werror=format-security -Wstrict-prototypes -g -O2 -fdebug-prefix-map=/<<PKGBUILDDIR>>=. -fstack-protector-strong -Wformat -Werror=format-security -Wdate-time -D_FORTIFY_SOURCE=2 -fPIC -pthread -MD -MQ 'ratbag@sta/src_libratbag-data.c.o' -MF 'ratbag@sta/src_libratbag-data.c.o.d' -o 'ratbag@sta/src_libratbag-data.c.o' -c ../src/libratbag-data.c
[25/72] cc -Ihidpp10-dump-page@exe -I. -I.. -I../src -Xclang -fcolor-diagnostics -pipe -D_FILE_OFFSET_BITS=64 -std=gnu99 -Wno-unused-parameter -fvisibility=hidden -Wmissing-prototypes -Wformat -Werror=format-security -Wstrict-prototypes -g -O2 -fdebug-prefix-map=/<<PKGBUILDDIR>>=. -fstack-protector-strong -Wformat -Werror=format-security -Wdate-time -D_FORTIFY_SOURCE=2 -MD -MQ 'hidpp10-dump-page@exe/tools_hidpp10-dump-page.c.o' -MF 'hidpp10-dump-page@exe/tools_hidpp10-dump-page.c.o.d' -o 'hidpp10-dump-page@exe/tools_hidpp10-dump-page.c.o' -c ../tools/hidpp10-dump-page.c
[26/72] cc -Iratbag@sta -I. -I.. -I../ -I/usr/include/libevdev-1.0/ -I/usr/include/glib-2.0 -I/usr/lib/x86_64-linux-gnu/glib-2.0/include -I/usr/include/json-glib-1.0 -I/usr/include/libmount -I/usr/include/blkid -Xclang -fcolor-diagnostics -pipe -D_FILE_OFFSET_BITS=64 -std=gnu99 -Wno-unused-parameter -fvisibility=hidden -Wmissing-prototypes -Wformat -Werror=format-security -Wstrict-prototypes -g -O2 -fdebug-prefix-map=/<<PKGBUILDDIR>>=. -fstack-protector-strong -Wformat -Werror=format-security -Wdate-time -D_FORTIFY_SOURCE=2 -fPIC -pthread -MD -MQ 'ratbag@sta/src_libratbag.c.o' -MF 'ratbag@sta/src_libratbag.c.o.d' -o 'ratbag@sta/src_libratbag.c.o' -c ../src/libratbag.c
[27/72] rm -f libratbag.a && ar csrD libratbag.a 'ratbag@sta/src_driver-etekcity.c.o' 'ratbag@sta/src_driver-hidpp20.c.o' 'ratbag@sta/src_driver-hidpp10.c.o' 'ratbag@sta/src_driver-logitech-g300.c.o' 'ratbag@sta/src_driver-logitech-g600.c.o' 'ratbag@sta/src_driver-roccat.c.o' 'ratbag@sta/src_driver-roccat-kone-pure.c.o' 'ratbag@sta/src_driver-gskill.c.o' 'ratbag@sta/src_driver-steelseries.c.o' 'ratbag@sta/src_driver-test.c.o' 'ratbag@sta/src_libratbag.c.o' 'ratbag@sta/src_libratbag-data.c.o' 'ratbag@sta/src_libratbag-hidraw.c.o' 'ratbag@sta/src_libratbag-test.c.o'
[28/72] cc  -o hidpp10-dump-page 'hidpp10-dump-page@exe/tools_hidpp10-dump-page.c.o' -Wl,--as-needed -Wl,--no-undefined -g -O2 -fdebug-prefix-map=/<<PKGBUILDDIR>>=. -fstack-protector-strong -Wformat -Werror=format-security -Wl,-z,relro -Wl,-z,now -Wl,--start-group libhidpp.a -lm -Wl,--end-group '-Wl,-rpath,$ORIGIN/' -Wl,-rpath-link,/<<PKGBUILDDIR>>/obj-x86_64-linux-gnu/
[29/72] cc -Ihidpp20-reset@exe -I. -I.. -I../src -Xclang -fcolor-diagnostics -pipe -D_FILE_OFFSET_BITS=64 -std=gnu99 -Wno-unused-parameter -fvisibility=hidden -Wmissing-prototypes -Wformat -Werror=format-security -Wstrict-prototypes -g -O2 -fdebug-prefix-map=/<<PKGBUILDDIR>>=. -fstack-protector-strong -Wformat -Werror=format-security -Wdate-time -D_FORTIFY_SOURCE=2 -MD -MQ 'hidpp20-reset@exe/tools_hidpp20-reset.c.o' -MF 'hidpp20-reset@exe/tools_hidpp20-reset.c.o.d' -o 'hidpp20-reset@exe/tools_hidpp20-reset.c.o' -c ../tools/hidpp20-reset.c
[30/72] cc -Ihidpp20-dump-page@exe -I. -I.. -I../src -Xclang -fcolor-diagnostics -pipe -D_FILE_OFFSET_BITS=64 -std=gnu99 -Wno-unused-parameter -fvisibility=hidden -Wmissing-prototypes -Wformat -Werror=format-security -Wstrict-prototypes -g -O2 -fdebug-prefix-map=/<<PKGBUILDDIR>>=. -fstack-protector-strong -Wformat -Werror=format-security -Wdate-time -D_FORTIFY_SOURCE=2 -MD -MQ 'hidpp20-dump-page@exe/tools_hidpp20-dump-page.c.o' -MF 'hidpp20-dump-page@exe/tools_hidpp20-dump-page.c.o.d' -o 'hidpp20-dump-page@exe/tools_hidpp20-dump-page.c.o' -c ../tools/hidpp20-dump-page.c
[31/72] cc  -o hidpp20-reset 'hidpp20-reset@exe/tools_hidpp20-reset.c.o' -Wl,--as-needed -Wl,--no-undefined -g -O2 -fdebug-prefix-map=/<<PKGBUILDDIR>>=. -fstack-protector-strong -Wformat -Werror=format-security -Wl,-z,relro -Wl,-z,now -Wl,--start-group libhidpp.a -lm -Wl,--end-group '-Wl,-rpath,$ORIGIN/' -Wl,-rpath-link,/<<PKGBUILDDIR>>/obj-x86_64-linux-gnu/
[32/72] cc  -o hidpp20-dump-page 'hidpp20-dump-page@exe/tools_hidpp20-dump-page.c.o' -Wl,--as-needed -Wl,--no-undefined -g -O2 -fdebug-prefix-map=/<<PKGBUILDDIR>>=. -fstack-protector-strong -Wformat -Werror=format-security -Wl,-z,relro -Wl,-z,now -Wl,--start-group libhidpp.a -lm -Wl,--end-group '-Wl,-rpath,$ORIGIN/' -Wl,-rpath-link,/<<PKGBUILDDIR>>/obj-x86_64-linux-gnu/
[33/72] cc -Ilur-command@exe -I. -I.. -I../src -Xclang -fcolor-diagnostics -pipe -D_FILE_OFFSET_BITS=64 -std=gnu99 -Wno-unused-parameter -fvisibility=hidden -Wmissing-prototypes -Wformat -Werror=format-security -Wstrict-prototypes -g -O2 -fdebug-prefix-map=/<<PKGBUILDDIR>>=. -fstack-protector-strong -Wformat -Werror=format-security -Wdate-time -D_FORTIFY_SOURCE=2 -MD -MQ 'lur-command@exe/tools_lur-command.c.o' -MF 'lur-command@exe/tools_lur-command.c.o.d' -o 'lur-command@exe/tools_lur-command.c.o' -c ../tools/lur-command.c
[34/72] cc -Itest-context@exe -I. -I.. -I../src -I/usr/include/libevdev-1.0/ -I/usr/include/glib-2.0 -I/usr/lib/x86_64-linux-gnu/glib-2.0/include -I/usr/include/json-glib-1.0 -I/usr/include/libmount -I/usr/include/blkid -Xclang -fcolor-diagnostics -pipe -D_FILE_OFFSET_BITS=64 -std=gnu99 -Wno-unused-parameter -fvisibility=hidden -Wmissing-prototypes -Wformat -Werror=format-security -Wstrict-prototypes -g -O2 -fdebug-prefix-map=/<<PKGBUILDDIR>>=. -fstack-protector-strong -Wformat -Werror=format-security -Wdate-time -D_FORTIFY_SOURCE=2 -pthread -MD -MQ 'test-context@exe/test_test-context.c.o' -MF 'test-context@exe/test_test-context.c.o.d' -o 'test-context@exe/test_test-context.c.o' -c ../test/test-context.c
[35/72] cc  -o lur-command 'lur-command@exe/tools_lur-command.c.o' -Wl,--as-needed -Wl,--no-undefined -g -O2 -fdebug-prefix-map=/<<PKGBUILDDIR>>=. -fstack-protector-strong -Wformat -Werror=format-security -Wl,-z,relro -Wl,-z,now -Wl,--start-group libshared.a liblur.so.3.0.3 /lib/x86_64-linux-gnu/libudev.so /usr/lib/x86_64-linux-gnu/libevdev.so -Wl,--end-group '-Wl,-rpath,$ORIGIN/' -Wl,-rpath-link,/<<PKGBUILDDIR>>/obj-x86_64-linux-gnu/
[36/72] cc  -o test-context 'test-context@exe/test_test-context.c.o' -Wl,--as-needed -Wl,--no-undefined -g -O2 -fdebug-prefix-map=/<<PKGBUILDDIR>>=. -fstack-protector-strong -Wformat -Werror=format-security -Wl,-z,relro -Wl,-z,now -Wl,--start-group libratbag.a libutil.a libhidpp.a /lib/x86_64-linux-gnu/libudev.so /usr/lib/x86_64-linux-gnu/libevdev.so /usr/lib/x86_64-linux-gnu/libglib-2.0.so /usr/lib/x86_64-linux-gnu/libjson-glib-1.0.so /usr/lib/x86_64-linux-gnu/libgio-2.0.so /usr/lib/x86_64-linux-gnu/libgobject-2.0.so /usr/lib/x86_64-linux-gnu/libcheck_pic.a -pthread -lrt -lm /usr/lib/x86_64-linux-gnu/libsubunit.so -Wl,--end-group '-Wl,-rpath,$ORIGIN/' -Wl,-rpath-link,/<<PKGBUILDDIR>>/obj-x86_64-linux-gnu/
[37/72] cc -Itest-util@exe -I. -I.. -I../src -I/usr/include/libevdev-1.0/ -I/usr/include/glib-2.0 -I/usr/lib/x86_64-linux-gnu/glib-2.0/include -I/usr/include/json-glib-1.0 -I/usr/include/libmount -I/usr/include/blkid -Xclang -fcolor-diagnostics -pipe -D_FILE_OFFSET_BITS=64 -std=gnu99 -Wno-unused-parameter -fvisibility=hidden -Wmissing-prototypes -Wformat -Werror=format-security -Wstrict-prototypes -g -O2 -fdebug-prefix-map=/<<PKGBUILDDIR>>=. -fstack-protector-strong -Wformat -Werror=format-security -Wdate-time -D_FORTIFY_SOURCE=2 -pthread -MD -MQ 'test-util@exe/test_test-util.c.o' -MF 'test-util@exe/test_test-util.c.o.d' -o 'test-util@exe/test_test-util.c.o' -c ../test/test-util.c
[38/72] cc  -o test-util 'test-util@exe/test_test-util.c.o' -Wl,--as-needed -Wl,--no-undefined -g -O2 -fdebug-prefix-map=/<<PKGBUILDDIR>>=. -fstack-protector-strong -Wformat -Werror=format-security -Wl,-z,relro -Wl,-z,now -Wl,--start-group libratbag.a libutil.a libhidpp.a /lib/x86_64-linux-gnu/libudev.so /usr/lib/x86_64-linux-gnu/libevdev.so /usr/lib/x86_64-linux-gnu/libglib-2.0.so /usr/lib/x86_64-linux-gnu/libjson-glib-1.0.so /usr/lib/x86_64-linux-gnu/libgio-2.0.so /usr/lib/x86_64-linux-gnu/libgobject-2.0.so /usr/lib/x86_64-linux-gnu/libcheck_pic.a -pthread -lrt -lm /usr/lib/x86_64-linux-gnu/libsubunit.so -Wl,--end-group '-Wl,-rpath,$ORIGIN/' -Wl,-rpath-link,/<<PKGBUILDDIR>>/obj-x86_64-linux-gnu/
[39/72] cc -Itest-iconv-helper@exe -I. -I.. -I../src -I/usr/include/libevdev-1.0/ -I/usr/include/glib-2.0 -I/usr/lib/x86_64-linux-gnu/glib-2.0/include -I/usr/include/json-glib-1.0 -I/usr/include/libmount -I/usr/include/blkid -Xclang -fcolor-diagnostics -pipe -D_FILE_OFFSET_BITS=64 -std=gnu99 -Wno-unused-parameter -fvisibility=hidden -Wmissing-prototypes -Wformat -Werror=format-security -Wstrict-prototypes -g -O2 -fdebug-prefix-map=/<<PKGBUILDDIR>>=. -fstack-protector-strong -Wformat -Werror=format-security -Wdate-time -D_FORTIFY_SOURCE=2 -pthread -MD -MQ 'test-iconv-helper@exe/test_test-iconv-helper.c.o' -MF 'test-iconv-helper@exe/test_test-iconv-helper.c.o.d' -o 'test-iconv-helper@exe/test_test-iconv-helper.c.o' -c ../test/test-iconv-helper.c
[40/72] cc -Iratbagd@exe -I. -I.. -I../src -I/usr/include/libevdev-1.0/ -I/usr/include/glib-2.0 -I/usr/lib/x86_64-linux-gnu/glib-2.0/include -I/usr/include/json-glib-1.0 -I/usr/include/libmount -I/usr/include/blkid -Xclang -fcolor-diagnostics -pipe -D_FILE_OFFSET_BITS=64 -std=gnu99 -Wno-unused-parameter -fvisibility=hidden -Wmissing-prototypes -Wformat -Werror=format-security -Wstrict-prototypes -g -O2 -fdebug-prefix-map=/<<PKGBUILDDIR>>=. -fstack-protector-strong -Wformat -Werror=format-security -Wdate-time -D_FORTIFY_SOURCE=2 -pthread -MD -MQ 'ratbagd@exe/src_shared-rbtree.c.o' -MF 'ratbagd@exe/src_shared-rbtree.c.o.d' -o 'ratbagd@exe/src_shared-rbtree.c.o' -c ../src/shared-rbtree.c
[41/72] cc  -o test-iconv-helper 'test-iconv-helper@exe/test_test-iconv-helper.c.o' -Wl,--as-needed -Wl,--no-undefined -g -O2 -fdebug-prefix-map=/<<PKGBUILDDIR>>=. -fstack-protector-strong -Wformat -Werror=format-security -Wl,-z,relro -Wl,-z,now -Wl,--start-group libratbag.a libutil.a libhidpp.a /lib/x86_64-linux-gnu/libudev.so /usr/lib/x86_64-linux-gnu/libevdev.so /usr/lib/x86_64-linux-gnu/libglib-2.0.so /usr/lib/x86_64-linux-gnu/libjson-glib-1.0.so /usr/lib/x86_64-linux-gnu/libgio-2.0.so /usr/lib/x86_64-linux-gnu/libgobject-2.0.so /usr/lib/x86_64-linux-gnu/libcheck_pic.a -pthread -lrt -lm /usr/lib/x86_64-linux-gnu/libsubunit.so -Wl,--end-group '-Wl,-rpath,$ORIGIN/' -Wl,-rpath-link,/<<PKGBUILDDIR>>/obj-x86_64-linux-gnu/
[42/72] cc -Itest-device@exe -I. -I.. -I../src -I/usr/include/libevdev-1.0/ -I/usr/include/glib-2.0 -I/usr/lib/x86_64-linux-gnu/glib-2.0/include -I/usr/include/json-glib-1.0 -I/usr/include/libmount -I/usr/include/blkid -Xclang -fcolor-diagnostics -pipe -D_FILE_OFFSET_BITS=64 -std=gnu99 -Wno-unused-parameter -fvisibility=hidden -Wmissing-prototypes -Wformat -Werror=format-security -Wstrict-prototypes -g -O2 -fdebug-prefix-map=/<<PKGBUILDDIR>>=. -fstack-protector-strong -Wformat -Werror=format-security -Wdate-time -D_FORTIFY_SOURCE=2 -pthread -MD -MQ 'test-device@exe/test_test-device.c.o' -MF 'test-device@exe/test_test-device.c.o.d' -o 'test-device@exe/test_test-device.c.o' -c ../test/test-device.c
[43/72] cc  -o test-device 'test-device@exe/test_test-device.c.o' -Wl,--as-needed -Wl,--no-undefined -g -O2 -fdebug-prefix-map=/<<PKGBUILDDIR>>=. -fstack-protector-strong -Wformat -Werror=format-security -Wl,-z,relro -Wl,-z,now -Wl,--start-group libratbag.a libutil.a libhidpp.a /lib/x86_64-linux-gnu/libudev.so /usr/lib/x86_64-linux-gnu/libevdev.so /usr/lib/x86_64-linux-gnu/libglib-2.0.so /usr/lib/x86_64-linux-gnu/libjson-glib-1.0.so /usr/lib/x86_64-linux-gnu/libgio-2.0.so /usr/lib/x86_64-linux-gnu/libgobject-2.0.so /usr/lib/x86_64-linux-gnu/libcheck_pic.a -pthread -lrt -lm /usr/lib/x86_64-linux-gnu/libsubunit.so -Wl,--end-group '-Wl,-rpath,$ORIGIN/' -Wl,-rpath-link,/<<PKGBUILDDIR>>/obj-x86_64-linux-gnu/
[44/72] cc -Iratbagd@exe -I. -I.. -I../src -I/usr/include/libevdev-1.0/ -I/usr/include/glib-2.0 -I/usr/lib/x86_64-linux-gnu/glib-2.0/include -I/usr/include/json-glib-1.0 -I/usr/include/libmount -I/usr/include/blkid -Xclang -fcolor-diagnostics -pipe -D_FILE_OFFSET_BITS=64 -std=gnu99 -Wno-unused-parameter -fvisibility=hidden -Wmissing-prototypes -Wformat -Werror=format-security -Wstrict-prototypes -g -O2 -fdebug-prefix-map=/<<PKGBUILDDIR>>=. -fstack-protector-strong -Wformat -Werror=format-security -Wdate-time -D_FORTIFY_SOURCE=2 -pthread -MD -MQ 'ratbagd@exe/ratbagd_ratbagd.c.o' -MF 'ratbagd@exe/ratbagd_ratbagd.c.o.d' -o 'ratbagd@exe/ratbagd_ratbagd.c.o' -c ../ratbagd/ratbagd.c
[45/72] cc -Iratbagd@exe -I. -I.. -I../src -I/usr/include/libevdev-1.0/ -I/usr/include/glib-2.0 -I/usr/lib/x86_64-linux-gnu/glib-2.0/include -I/usr/include/json-glib-1.0 -I/usr/include/libmount -I/usr/include/blkid -Xclang -fcolor-diagnostics -pipe -D_FILE_OFFSET_BITS=64 -std=gnu99 -Wno-unused-parameter -fvisibility=hidden -Wmissing-prototypes -Wformat -Werror=format-security -Wstrict-prototypes -g -O2 -fdebug-prefix-map=/<<PKGBUILDDIR>>=. -fstack-protector-strong -Wformat -Werror=format-security -Wdate-time -D_FORTIFY_SOURCE=2 -pthread -MD -MQ 'ratbagd@exe/ratbagd_ratbagd-led.c.o' -MF 'ratbagd@exe/ratbagd_ratbagd-led.c.o.d' -o 'ratbagd@exe/ratbagd_ratbagd-led.c.o' -c ../ratbagd/ratbagd-led.c
[46/72] cc -Iratbagd@exe -I. -I.. -I../src -I/usr/include/libevdev-1.0/ -I/usr/include/glib-2.0 -I/usr/lib/x86_64-linux-gnu/glib-2.0/include -I/usr/include/json-glib-1.0 -I/usr/include/libmount -I/usr/include/blkid -Xclang -fcolor-diagnostics -pipe -D_FILE_OFFSET_BITS=64 -std=gnu99 -Wno-unused-parameter -fvisibility=hidden -Wmissing-prototypes -Wformat -Werror=format-security -Wstrict-prototypes -g -O2 -fdebug-prefix-map=/<<PKGBUILDDIR>>=. -fstack-protector-strong -Wformat -Werror=format-security -Wdate-time -D_FORTIFY_SOURCE=2 -pthread -MD -MQ 'ratbagd@exe/ratbagd_ratbagd-button.c.o' -MF 'ratbagd@exe/ratbagd_ratbagd-button.c.o.d' -o 'ratbagd@exe/ratbagd_ratbagd-button.c.o' -c ../ratbagd/ratbagd-button.c
[47/72] cc -Iratbagd@exe -I. -I.. -I../src -I/usr/include/libevdev-1.0/ -I/usr/include/glib-2.0 -I/usr/lib/x86_64-linux-gnu/glib-2.0/include -I/usr/include/json-glib-1.0 -I/usr/include/libmount -I/usr/include/blkid -Xclang -fcolor-diagnostics -pipe -D_FILE_OFFSET_BITS=64 -std=gnu99 -Wno-unused-parameter -fvisibility=hidden -Wmissing-prototypes -Wformat -Werror=format-security -Wstrict-prototypes -g -O2 -fdebug-prefix-map=/<<PKGBUILDDIR>>=. -fstack-protector-strong -Wformat -Werror=format-security -Wdate-time -D_FORTIFY_SOURCE=2 -pthread -MD -MQ 'ratbagd@exe/ratbagd_ratbagd-test.c.o' -MF 'ratbagd@exe/ratbagd_ratbagd-test.c.o.d' -o 'ratbagd@exe/ratbagd_ratbagd-test.c.o' -c ../ratbagd/ratbagd-test.c
[48/72] cc -Iratbagd@exe -I. -I.. -I../src -I/usr/include/libevdev-1.0/ -I/usr/include/glib-2.0 -I/usr/lib/x86_64-linux-gnu/glib-2.0/include -I/usr/include/json-glib-1.0 -I/usr/include/libmount -I/usr/include/blkid -Xclang -fcolor-diagnostics -pipe -D_FILE_OFFSET_BITS=64 -std=gnu99 -Wno-unused-parameter -fvisibility=hidden -Wmissing-prototypes -Wformat -Werror=format-security -Wstrict-prototypes -g -O2 -fdebug-prefix-map=/<<PKGBUILDDIR>>=. -fstack-protector-strong -Wformat -Werror=format-security -Wdate-time -D_FORTIFY_SOURCE=2 -pthread -MD -MQ 'ratbagd@exe/ratbagd_ratbagd-resolution.c.o' -MF 'ratbagd@exe/ratbagd_ratbagd-resolution.c.o.d' -o 'ratbagd@exe/ratbagd_ratbagd-resolution.c.o' -c ../ratbagd/ratbagd-resolution.c
[49/72] cc -Iratbagd@exe -I. -I.. -I../src -I/usr/include/libevdev-1.0/ -I/usr/include/glib-2.0 -I/usr/lib/x86_64-linux-gnu/glib-2.0/include -I/usr/include/json-glib-1.0 -I/usr/include/libmount -I/usr/include/blkid -Xclang -fcolor-diagnostics -pipe -D_FILE_OFFSET_BITS=64 -std=gnu99 -Wno-unused-parameter -fvisibility=hidden -Wmissing-prototypes -Wformat -Werror=format-security -Wstrict-prototypes -g -O2 -fdebug-prefix-map=/<<PKGBUILDDIR>>=. -fstack-protector-strong -Wformat -Werror=format-security -Wdate-time -D_FORTIFY_SOURCE=2 -pthread -MD -MQ 'ratbagd@exe/ratbagd_ratbagd-device.c.o' -MF 'ratbagd@exe/ratbagd_ratbagd-device.c.o.d' -o 'ratbagd@exe/ratbagd_ratbagd-device.c.o' -c ../ratbagd/ratbagd-device.c
[50/72] cc -Iratbagd@exe -I. -I.. -I../src -I/usr/include/libevdev-1.0/ -I/usr/include/glib-2.0 -I/usr/lib/x86_64-linux-gnu/glib-2.0/include -I/usr/include/json-glib-1.0 -I/usr/include/libmount -I/usr/include/blkid -Xclang -fcolor-diagnostics -pipe -D_FILE_OFFSET_BITS=64 -std=gnu99 -Wno-unused-parameter -fvisibility=hidden -Wmissing-prototypes -Wformat -Werror=format-security -Wstrict-prototypes -g -O2 -fdebug-prefix-map=/<<PKGBUILDDIR>>=. -fstack-protector-strong -Wformat -Werror=format-security -Wdate-time -D_FORTIFY_SOURCE=2 -pthread -MD -MQ 'ratbagd@exe/src_libratbag-util.c.o' -MF 'ratbagd@exe/src_libratbag-util.c.o.d' -o 'ratbagd@exe/src_libratbag-util.c.o' -c ../src/libratbag-util.c
[51/72] cc -Iratbagd@exe -I. -I.. -I../src -I/usr/include/libevdev-1.0/ -I/usr/include/glib-2.0 -I/usr/lib/x86_64-linux-gnu/glib-2.0/include -I/usr/include/json-glib-1.0 -I/usr/include/libmount -I/usr/include/blkid -Xclang -fcolor-diagnostics -pipe -D_FILE_OFFSET_BITS=64 -std=gnu99 -Wno-unused-parameter -fvisibility=hidden -Wmissing-prototypes -Wformat -Werror=format-security -Wstrict-prototypes -g -O2 -fdebug-prefix-map=/<<PKGBUILDDIR>>=. -fstack-protector-strong -Wformat -Werror=format-security -Wdate-time -D_FORTIFY_SOURCE=2 -pthread -MD -MQ 'ratbagd@exe/ratbagd_ratbagd-profile.c.o' -MF 'ratbagd@exe/ratbagd_ratbagd-profile.c.o.d' -o 'ratbagd@exe/ratbagd_ratbagd-profile.c.o' -c ../ratbagd/ratbagd-profile.c
[52/72] cc -Iratbagd.devel@exe -I. -I.. -I../src -I/usr/include/libevdev-1.0/ -I/usr/include/glib-2.0 -I/usr/lib/x86_64-linux-gnu/glib-2.0/include -I/usr/include/json-glib-1.0 -I/usr/include/libmount -I/usr/include/blkid -Xclang -fcolor-diagnostics -pipe -D_FILE_OFFSET_BITS=64 -std=gnu99 -Wno-unused-parameter -fvisibility=hidden -Wmissing-prototypes -Wformat -Werror=format-security -Wstrict-prototypes -g -O2 -fdebug-prefix-map=/<<PKGBUILDDIR>>=. -fstack-protector-strong -Wformat -Werror=format-security -Wdate-time -D_FORTIFY_SOURCE=2 -pthread '-DRATBAG_DBUS_INTERFACE="ratbag_devel1"' '-DDBUS_POLICY_SRC="/<<PKGBUILDDIR>>/obj-x86_64-linux-gnu/org.freedesktop.ratbag_devel1.conf"' '-DDBUS_POLICY_DST="/etc/dbus-1/system.d/org.freedesktop.ratbag_devel1.conf"' -DDISABLE_COREDUMP=1 -MD -MQ 'ratbagd.devel@exe/ratbagd_ratbagd.c.o' -MF 'ratbagd.devel@exe/ratbagd_ratbagd.c.o.d' -o 'ratbagd.devel@exe/ratbagd_ratbagd.c.o' -c ../ratbagd/ratbagd.c
[53/72] cc -Iratbagd@exe -I. -I.. -I../src -I/usr/include/libevdev-1.0/ -I/usr/include/glib-2.0 -I/usr/lib/x86_64-linux-gnu/glib-2.0/include -I/usr/include/json-glib-1.0 -I/usr/include/libmount -I/usr/include/blkid -Xclang -fcolor-diagnostics -pipe -D_FILE_OFFSET_BITS=64 -std=gnu99 -Wno-unused-parameter -fvisibility=hidden -Wmissing-prototypes -Wformat -Werror=format-security -Wstrict-prototypes -g -O2 -fdebug-prefix-map=/<<PKGBUILDDIR>>=. -fstack-protector-strong -Wformat -Werror=format-security -Wdate-time -D_FORTIFY_SOURCE=2 -pthread -MD -MQ 'ratbagd@exe/ratbagd_ratbagd-json.c.o' -MF 'ratbagd@exe/ratbagd_ratbagd-json.c.o.d' -o 'ratbagd@exe/ratbagd_ratbagd-json.c.o' -c ../ratbagd/ratbagd-json.c
FAILED: ratbagd@exe/ratbagd_ratbagd-json.c.o 
cc -Iratbagd@exe -I. -I.. -I../src -I/usr/include/libevdev-1.0/ -I/usr/include/glib-2.0 -I/usr/lib/x86_64-linux-gnu/glib-2.0/include -I/usr/include/json-glib-1.0 -I/usr/include/libmount -I/usr/include/blkid -Xclang -fcolor-diagnostics -pipe -D_FILE_OFFSET_BITS=64 -std=gnu99 -Wno-unused-parameter -fvisibility=hidden -Wmissing-prototypes -Wformat -Werror=format-security -Wstrict-prototypes -g -O2 -fdebug-prefix-map=/<<PKGBUILDDIR>>=. -fstack-protector-strong -Wformat -Werror=format-security -Wdate-time -D_FORTIFY_SOURCE=2 -pthread -MD -MQ 'ratbagd@exe/ratbagd_ratbagd-json.c.o' -MF 'ratbagd@exe/ratbagd_ratbagd-json.c.o.d' -o 'ratbagd@exe/ratbagd_ratbagd-json.c.o' -c ../ratbagd/ratbagd-json.c
../ratbagd/ratbagd-json.c:536:3: error: cannot jump from this goto statement to its label
                parser_error("profiles");
                ^
../ratbagd/ratbagd-json.c:84:2: note: expanded from macro 'parser_error'
        goto out; \
        ^
../ratbagd/ratbagd-json.c:543:19: note: jump bypasses initialization of variable with __attribute__((cleanup))
        g_autoptr(GList) list = json_array_get_elements(arr);
                         ^
../ratbagd/ratbagd-json.c:531:3: error: cannot jump from this goto statement to its label
                parser_error("root");
                ^
../ratbagd/ratbagd-json.c:84:2: note: expanded from macro 'parser_error'
        goto out; \
        ^
../ratbagd/ratbagd-json.c:543:19: note: jump bypasses initialization of variable with __attribute__((cleanup))
        g_autoptr(GList) list = json_array_get_elements(arr);
                         ^
../ratbagd/ratbagd-json.c:524:3: error: cannot jump from this goto statement to its label
                goto out;
                ^
../ratbagd/ratbagd-json.c:543:19: note: jump bypasses initialization of variable with __attribute__((cleanup))
        g_autoptr(GList) list = json_array_get_elements(arr);
                         ^
3 errors generated.
[54/72] cc -Iratbagd.devel@exe -I. -I.. -I../src -I/usr/include/libevdev-1.0/ -I/usr/include/glib-2.0 -I/usr/lib/x86_64-linux-gnu/glib-2.0/include -I/usr/include/json-glib-1.0 -I/usr/include/libmount -I/usr/include/blkid -Xclang -fcolor-diagnostics -pipe -D_FILE_OFFSET_BITS=64 -std=gnu99 -Wno-unused-parameter -fvisibility=hidden -Wmissing-prototypes -Wformat -Werror=format-security -Wstrict-prototypes -g -O2 -fdebug-prefix-map=/<<PKGBUILDDIR>>=. -fstack-protector-strong -Wformat -Werror=format-security -Wdate-time -D_FORTIFY_SOURCE=2 -pthread '-DRATBAG_DBUS_INTERFACE="ratbag_devel1"' '-DDBUS_POLICY_SRC="/<<PKGBUILDDIR>>/obj-x86_64-linux-gnu/org.freedesktop.ratbag_devel1.conf"' '-DDBUS_POLICY_DST="/etc/dbus-1/system.d/org.freedesktop.ratbag_devel1.conf"' -DDISABLE_COREDUMP=1 -MD -MQ 'ratbagd.devel@exe/ratbagd_ratbagd-led.c.o' -MF 'ratbagd.devel@exe/ratbagd_ratbagd-led.c.o.d' -o 'ratbagd.devel@exe/ratbagd_ratbagd-led.c.o' -c ../ratbagd/ratbagd-led.c
[55/72] cc -Iratbagd.devel@exe -I. -I.. -I../src -I/usr/include/libevdev-1.0/ -I/usr/include/glib-2.0 -I/usr/lib/x86_64-linux-gnu/glib-2.0/include -I/usr/include/json-glib-1.0 -I/usr/include/libmount -I/usr/include/blkid -Xclang -fcolor-diagnostics -pipe -D_FILE_OFFSET_BITS=64 -std=gnu99 -Wno-unused-parameter -fvisibility=hidden -Wmissing-prototypes -Wformat -Werror=format-security -Wstrict-prototypes -g -O2 -fdebug-prefix-map=/<<PKGBUILDDIR>>=. -fstack-protector-strong -Wformat -Werror=format-security -Wdate-time -D_FORTIFY_SOURCE=2 -pthread '-DRATBAG_DBUS_INTERFACE="ratbag_devel1"' '-DDBUS_POLICY_SRC="/<<PKGBUILDDIR>>/obj-x86_64-linux-gnu/org.freedesktop.ratbag_devel1.conf"' '-DDBUS_POLICY_DST="/etc/dbus-1/system.d/org.freedesktop.ratbag_devel1.conf"' -DDISABLE_COREDUMP=1 -MD -MQ 'ratbagd.devel@exe/src_shared-rbtree.c.o' -MF 'ratbagd.devel@exe/src_shared-rbtree.c.o.d' -o 'ratbagd.devel@exe/src_shared-rbtree.c.o' -c ../src/shared-rbtree.c
[56/72] cc -Iratbagd.devel@exe -I. -I.. -I../src -I/usr/include/libevdev-1.0/ -I/usr/include/glib-2.0 -I/usr/lib/x86_64-linux-gnu/glib-2.0/include -I/usr/include/json-glib-1.0 -I/usr/include/libmount -I/usr/include/blkid -Xclang -fcolor-diagnostics -pipe -D_FILE_OFFSET_BITS=64 -std=gnu99 -Wno-unused-parameter -fvisibility=hidden -Wmissing-prototypes -Wformat -Werror=format-security -Wstrict-prototypes -g -O2 -fdebug-prefix-map=/<<PKGBUILDDIR>>=. -fstack-protector-strong -Wformat -Werror=format-security -Wdate-time -D_FORTIFY_SOURCE=2 -pthread '-DRATBAG_DBUS_INTERFACE="ratbag_devel1"' '-DDBUS_POLICY_SRC="/<<PKGBUILDDIR>>/obj-x86_64-linux-gnu/org.freedesktop.ratbag_devel1.conf"' '-DDBUS_POLICY_DST="/etc/dbus-1/system.d/org.freedesktop.ratbag_devel1.conf"' -DDISABLE_COREDUMP=1 -MD -MQ 'ratbagd.devel@exe/ratbagd_ratbagd-button.c.o' -MF 'ratbagd.devel@exe/ratbagd_ratbagd-button.c.o.d' -o 'ratbagd.devel@exe/ratbagd_ratbagd-button.c.o' -c ../ratbagd/ratbagd-button.c
ninja: build stopped: subcommand failed.
dh_auto_build: error: cd obj-x86_64-linux-gnu && LC_ALL=C.UTF-8 ninja -j4 -v returned exit code 1
make: *** [debian/rules:6: binary] Error 25
dpkg-buildpackage: error: debian/rules binary subprocess returned exit status 2
--------------------------------------------------------------------------------
Build finished at 2020-02-25T18:29:40Z

Finished
--------


+------------------------------------------------------------------------------+
| Cleanup                                                                      |
+------------------------------------------------------------------------------+

Purging /<<BUILDDIR>>
Not cleaning session: cloned chroot in use
E: Build failure (dpkg-buildpackage died)

+------------------------------------------------------------------------------+
| Summary                                                                      |
+------------------------------------------------------------------------------+

Build Architecture: amd64
Build Type: binary
Build-Space: 9072
Build-Time: 6
Distribution: unstable
Fail-Stage: build
Host Architecture: amd64
Install-Time: 15
Job: libratbag_0.13-1
Machine Architecture: amd64
Package: libratbag
Package-Time: 37
Source-Version: 0.13-1
Space: 9072
Status: attempted
Version: 0.13-1
--------------------------------------------------------------------------------
Finished at 2020-02-25T18:29:40Z
Build needed 00:00:37, 9072k disk space
E: Build failure (dpkg-buildpackage died)
DC-Status: Failed 38.104404164s
