DC-Build-Header: logbook 1.5.3-2 / 2020-02-25 03:11:59 +0000
DC-Task: type:rebuild-binarch-only source:logbook version:1.5.3-2 chroot:unstable esttime:96 logfile:/tmp/logbook_1.5.3-2_unstable_clang10.log modes:clang10:binarch-only
DC-Sbuild-call: su user42 -c 'sbuild -n --arch-any --apt-update -d unstable -v --no-run-lintian --chroot-setup-commands=/tmp/clang10 logbook_1.5.3-2'
sbuild (Debian sbuild) 0.78.1 (09 February 2019) on ip-172-31-14-77.eu-central-1.compute.internal

+==============================================================================+
| logbook 1.5.3-2 (amd64)                      Tue, 25 Feb 2020 03:11:59 +0000 |
+==============================================================================+

Package: logbook
Version: 1.5.3-2
Source Version: 1.5.3-2
Distribution: unstable
Machine Architecture: amd64
Host Architecture: amd64
Build Architecture: amd64
Build Type: binary

I: NOTICE: Log filtering will replace 'var/run/schroot/mount/sid-amd64-sbuild-37fcb293-898d-44b2-af04-589ebaf0787a' with '<<CHROOT>>'

+------------------------------------------------------------------------------+
| Chroot Setup Commands                                                        |
+------------------------------------------------------------------------------+


/tmp/clang10
------------

+ echo 'Entering customization script...'
Entering customization script...
+ CLANG_VERSION=10
+ echo 'Install of clang-10'
Install of clang-10
+ apt-get update
Get:1 http://127.0.0.1:12990/debian sid InRelease [142 kB]
Get:2 http://127.0.0.1:12990/debian sid/main Sources.diff/Index [27.9 kB]
Get:3 http://127.0.0.1:12990/debian sid/main amd64 Packages.diff/Index [27.9 kB]
Get:4 http://127.0.0.1:12990/debian sid/main Sources 2020-02-24-0823.32.pdiff [11.0 kB]
Get:5 http://127.0.0.1:12990/debian sid/main Sources 2020-02-24-1420.34.pdiff [30.2 kB]
Get:6 http://127.0.0.1:12990/debian sid/main Sources 2020-02-24-2014.03.pdiff [16.9 kB]
Get:7 http://127.0.0.1:12990/debian sid/main Sources 2020-02-25-0213.11.pdiff [23.2 kB]
Get:8 http://127.0.0.1:12990/debian sid/main amd64 Packages 2020-02-24-0823.32.pdiff [15.5 kB]
Get:9 http://127.0.0.1:12990/debian sid/main amd64 Packages 2020-02-24-1420.34.pdiff [27.5 kB]
Get:10 http://127.0.0.1:12990/debian sid/main amd64 Packages 2020-02-24-2014.03.pdiff [21.6 kB]
Get:11 http://127.0.0.1:12990/debian sid/main amd64 Packages 2020-02-25-0213.11.pdiff [35.0 kB]
Get:7 http://127.0.0.1:12990/debian sid/main Sources 2020-02-25-0213.11.pdiff [23.2 kB]
Get:11 http://127.0.0.1:12990/debian sid/main amd64 Packages 2020-02-25-0213.11.pdiff [35.0 kB]
Get:12 http://127.0.0.1:12990/debian sid/main Translation-en [6193 kB]
Fetched 6572 kB in 3s (2168 kB/s)
Reading package lists...
+ apt-get install --yes --no-install-recommends --force-yes clang-10 libomp-10-dev libobjc-9-dev
Reading package lists...
Building dependency tree...
The following additional packages will be installed:
  lib32gcc-s1 lib32gcc1 lib32stdc++6 libbsd0 libc6-i386 libclang-common-10-dev
  libclang-cpp10 libclang1-10 libedit2 libgc1c2 libllvm10 libobjc4 libomp5-10
  libz3-4
Suggested packages:
  clang-10-doc libomp-10-doc
Recommended packages:
  llvm-10-dev python3
The following NEW packages will be installed:
  clang-10 lib32gcc-s1 lib32gcc1 lib32stdc++6 libbsd0 libc6-i386
  libclang-common-10-dev libclang-cpp10 libclang1-10 libedit2 libgc1c2
  libllvm10 libobjc-9-dev libobjc4 libomp-10-dev libomp5-10 libz3-4
0 upgraded, 17 newly installed, 0 to remove and 2 not upgraded.
Need to get 46.4 MB of archives.
After this operation, 238 MB of additional disk space will be used.
Get:1 http://127.0.0.1:12990/debian sid/main amd64 libbsd0 amd64 0.10.0-1 [107 kB]
Get:2 http://127.0.0.1:12990/debian sid/main amd64 libedit2 amd64 3.1-20191231-1 [95.4 kB]
Get:3 http://127.0.0.1:12990/debian sid/main amd64 libz3-4 amd64 4.8.7-4 [6790 kB]
Get:4 http://127.0.0.1:12990/debian sid/main amd64 libllvm10 amd64 1:10.0.0~+rc2-1 [15.5 MB]
Get:5 http://127.0.0.1:12990/debian sid/main amd64 libclang-cpp10 amd64 1:10.0.0~+rc2-1 [9069 kB]
Get:6 http://127.0.0.1:12990/debian sid/main amd64 libgc1c2 amd64 1:7.6.4-0.4 [224 kB]
Get:7 http://127.0.0.1:12990/debian sid/main amd64 libobjc4 amd64 10-20200222-1 [41.6 kB]
Get:8 http://127.0.0.1:12990/debian sid/main amd64 libobjc-9-dev amd64 9.2.1-29 [219 kB]
Get:9 http://127.0.0.1:12990/debian sid/main amd64 libc6-i386 amd64 2.29-10 [2918 kB]
Get:10 http://127.0.0.1:12990/debian sid/main amd64 lib32gcc-s1 amd64 10-20200222-1 [49.4 kB]
Get:11 http://127.0.0.1:12990/debian sid/main amd64 lib32gcc1 amd64 1:10-20200222-1 [1104 B]
Get:12 http://127.0.0.1:12990/debian sid/main amd64 lib32stdc++6 amd64 10-20200222-1 [510 kB]
Get:13 http://127.0.0.1:12990/debian sid/main amd64 libclang-common-10-dev amd64 1:10.0.0~+rc2-1 [2782 kB]
Get:14 http://127.0.0.1:12990/debian sid/main amd64 libclang1-10 amd64 1:10.0.0~+rc2-1 [7607 kB]
Get:15 http://127.0.0.1:12990/debian sid/main amd64 clang-10 amd64 1:10.0.0~+rc2-1 [103 kB]
Get:16 http://127.0.0.1:12990/debian sid/main amd64 libomp5-10 amd64 1:10.0.0~+rc2-1 [337 kB]
Get:17 http://127.0.0.1:12990/debian sid/main amd64 libomp-10-dev amd64 1:10.0.0~+rc2-1 [84.3 kB]
debconf: delaying package configuration, since apt-utils is not installed
Fetched 46.4 MB in 3s (14.5 MB/s)
Selecting previously unselected package libbsd0:amd64.
(Reading database ... (Reading database ... 5%(Reading database ... 10%(Reading database ... 15%(Reading database ... 20%(Reading database ... 25%(Reading database ... 30%(Reading database ... 35%(Reading database ... 40%(Reading database ... 45%(Reading database ... 50%(Reading database ... 55%(Reading database ... 60%(Reading database ... 65%(Reading database ... 70%(Reading database ... 75%(Reading database ... 80%(Reading database ... 85%(Reading database ... 90%(Reading database ... 95%(Reading database ... 100%(Reading database ... 12119 files and directories currently installed.)
Preparing to unpack .../00-libbsd0_0.10.0-1_amd64.deb ...
Unpacking libbsd0:amd64 (0.10.0-1) ...
Selecting previously unselected package libedit2:amd64.
Preparing to unpack .../01-libedit2_3.1-20191231-1_amd64.deb ...
Unpacking libedit2:amd64 (3.1-20191231-1) ...
Selecting previously unselected package libz3-4:amd64.
Preparing to unpack .../02-libz3-4_4.8.7-4_amd64.deb ...
Unpacking libz3-4:amd64 (4.8.7-4) ...
Selecting previously unselected package libllvm10:amd64.
Preparing to unpack .../03-libllvm10_1%3a10.0.0~+rc2-1_amd64.deb ...
Unpacking libllvm10:amd64 (1:10.0.0~+rc2-1) ...
Selecting previously unselected package libclang-cpp10.
Preparing to unpack .../04-libclang-cpp10_1%3a10.0.0~+rc2-1_amd64.deb ...
Unpacking libclang-cpp10 (1:10.0.0~+rc2-1) ...
Selecting previously unselected package libgc1c2:amd64.
Preparing to unpack .../05-libgc1c2_1%3a7.6.4-0.4_amd64.deb ...
Unpacking libgc1c2:amd64 (1:7.6.4-0.4) ...
Selecting previously unselected package libobjc4:amd64.
Preparing to unpack .../06-libobjc4_10-20200222-1_amd64.deb ...
Unpacking libobjc4:amd64 (10-20200222-1) ...
Selecting previously unselected package libobjc-9-dev:amd64.
Preparing to unpack .../07-libobjc-9-dev_9.2.1-29_amd64.deb ...
Unpacking libobjc-9-dev:amd64 (9.2.1-29) ...
Selecting previously unselected package libc6-i386.
Preparing to unpack .../08-libc6-i386_2.29-10_amd64.deb ...
Unpacking libc6-i386 (2.29-10) ...
Selecting previously unselected package lib32gcc-s1.
Preparing to unpack .../09-lib32gcc-s1_10-20200222-1_amd64.deb ...
Unpacking lib32gcc-s1 (10-20200222-1) ...
Selecting previously unselected package lib32gcc1.
Preparing to unpack .../10-lib32gcc1_1%3a10-20200222-1_amd64.deb ...
Unpacking lib32gcc1 (1:10-20200222-1) ...
Selecting previously unselected package lib32stdc++6.
Preparing to unpack .../11-lib32stdc++6_10-20200222-1_amd64.deb ...
Unpacking lib32stdc++6 (10-20200222-1) ...
Selecting previously unselected package libclang-common-10-dev.
Preparing to unpack .../12-libclang-common-10-dev_1%3a10.0.0~+rc2-1_amd64.deb ...
Unpacking libclang-common-10-dev (1:10.0.0~+rc2-1) ...
Selecting previously unselected package libclang1-10.
Preparing to unpack .../13-libclang1-10_1%3a10.0.0~+rc2-1_amd64.deb ...
Unpacking libclang1-10 (1:10.0.0~+rc2-1) ...
Selecting previously unselected package clang-10.
Preparing to unpack .../14-clang-10_1%3a10.0.0~+rc2-1_amd64.deb ...
Unpacking clang-10 (1:10.0.0~+rc2-1) ...
Selecting previously unselected package libomp5-10:amd64.
Preparing to unpack .../15-libomp5-10_1%3a10.0.0~+rc2-1_amd64.deb ...
Unpacking libomp5-10:amd64 (1:10.0.0~+rc2-1) ...
Selecting previously unselected package libomp-10-dev.
Preparing to unpack .../16-libomp-10-dev_1%3a10.0.0~+rc2-1_amd64.deb ...
Unpacking libomp-10-dev (1:10.0.0~+rc2-1) ...
Setting up libgc1c2:amd64 (1:7.6.4-0.4) ...
Setting up libobjc4:amd64 (10-20200222-1) ...
Setting up libz3-4:amd64 (4.8.7-4) ...
Setting up libobjc-9-dev:amd64 (9.2.1-29) ...
Setting up libomp5-10:amd64 (1:10.0.0~+rc2-1) ...
Setting up libc6-i386 (2.29-10) ...
Setting up libbsd0:amd64 (0.10.0-1) ...
Setting up libomp-10-dev (1:10.0.0~+rc2-1) ...
Setting up libedit2:amd64 (3.1-20191231-1) ...
Setting up libllvm10:amd64 (1:10.0.0~+rc2-1) ...
Setting up lib32gcc-s1 (10-20200222-1) ...
Setting up libclang1-10 (1:10.0.0~+rc2-1) ...
Setting up lib32gcc1 (1:10-20200222-1) ...
Setting up libclang-cpp10 (1:10.0.0~+rc2-1) ...
Setting up lib32stdc++6 (10-20200222-1) ...
Setting up libclang-common-10-dev (1:10.0.0~+rc2-1) ...
Setting up clang-10 (1:10.0.0~+rc2-1) ...
Processing triggers for libc-bin (2.29-10) ...
W: --force-yes is deprecated, use one of the options starting with --allow instead.
+ echo 'Replace gcc, g++ & cpp by clang'
Replace gcc, g++ & cpp by clang
+ VERSIONS='4.6 4.7 4.8 4.9 5 6 7 8 9 10'
+ cd /usr/bin
+ for VERSION in $VERSIONS
+ rm -f g++-4.6 gcc-4.6 cpp-4.6 gcc
+ ln -s clang++-10 g++-4.6
+ ln -s clang-10 gcc-4.6
+ ln -s clang-10 cpp-4.6
+ ln -s clang-10 gcc
+ echo 'gcc-4.6 hold'
+ dpkg --set-selections
dpkg: warning: package not in status nor available database at line 1: gcc-4.6
dpkg: warning: found unknown packages; this might mean the available database
is outdated, and needs to be updated through a frontend method;
please see the FAQ <https://wiki.debian.org/Teams/Dpkg/FAQ>
+ dpkg --set-selections
+ echo 'g++-4.6 hold'
dpkg: warning: package not in status nor available database at line 1: g++-4.6
dpkg: warning: found unknown packages; this might mean the available database
is outdated, and needs to be updated through a frontend method;
please see the FAQ <https://wiki.debian.org/Teams/Dpkg/FAQ>
+ for VERSION in $VERSIONS
+ rm -f g++-4.7 gcc-4.7 cpp-4.7 gcc
+ ln -s clang++-10 g++-4.7
+ ln -s clang-10 gcc-4.7
+ ln -s clang-10 cpp-4.7
+ ln -s clang-10 gcc
+ echo 'gcc-4.7 hold'
+ dpkg --set-selections
dpkg: warning: package not in status nor available database at line 1: gcc-4.7
dpkg: warning: found unknown packages; this might mean the available database
is outdated, and needs to be updated through a frontend method;
please see the FAQ <https://wiki.debian.org/Teams/Dpkg/FAQ>
+ echo 'g++-4.7 hold'
+ dpkg --set-selections
dpkg: warning: package not in status nor available database at line 1: g++-4.7
dpkg: warning: found unknown packages; this might mean the available database
is outdated, and needs to be updated through a frontend method;
please see the FAQ <https://wiki.debian.org/Teams/Dpkg/FAQ>
+ for VERSION in $VERSIONS
+ rm -f g++-4.8 gcc-4.8 cpp-4.8 gcc
+ ln -s clang++-10 g++-4.8
+ ln -s clang-10 gcc-4.8
+ ln -s clang-10 cpp-4.8
+ ln -s clang-10 gcc
+ echo 'gcc-4.8 hold'
+ dpkg --set-selections
dpkg: warning: package not in status nor available database at line 1: gcc-4.8
dpkg: warning: found unknown packages; this might mean the available database
is outdated, and needs to be updated through a frontend method;
please see the FAQ <https://wiki.debian.org/Teams/Dpkg/FAQ>
+ echo 'g++-4.8 hold'
+ dpkg --set-selections
dpkg: warning: package not in status nor available database at line 1: g++-4.8
dpkg: warning: found unknown packages; this might mean the available database
is outdated, and needs to be updated through a frontend method;
please see the FAQ <https://wiki.debian.org/Teams/Dpkg/FAQ>
+ for VERSION in $VERSIONS
+ rm -f g++-4.9 gcc-4.9 cpp-4.9 gcc
+ ln -s clang++-10 g++-4.9
+ ln -s clang-10 gcc-4.9
+ ln -s clang-10 cpp-4.9
+ ln -s clang-10 gcc
+ echo 'gcc-4.9 hold'
+ dpkg --set-selections
dpkg: warning: package not in status nor available database at line 1: gcc-4.9
dpkg: warning: found unknown packages; this might mean the available database
is outdated, and needs to be updated through a frontend method;
please see the FAQ <https://wiki.debian.org/Teams/Dpkg/FAQ>
+ echo 'g++-4.9 hold'
+ dpkg --set-selections
dpkg: warning: package not in status nor available database at line 1: g++-4.9
dpkg: warning: found unknown packages; this might mean the available database
is outdated, and needs to be updated through a frontend method;
please see the FAQ <https://wiki.debian.org/Teams/Dpkg/FAQ>
+ for VERSION in $VERSIONS
+ rm -f g++-5 gcc-5 cpp-5 gcc
+ ln -s clang++-10 g++-5
+ ln -s clang-10 gcc-5
+ ln -s clang-10 cpp-5
+ ln -s clang-10 gcc
+ echo 'gcc-5 hold'
+ dpkg --set-selections
dpkg: warning: package not in status nor available database at line 1: gcc-5
dpkg: warning: found unknown packages; this might mean the available database
is outdated, and needs to be updated through a frontend method;
please see the FAQ <https://wiki.debian.org/Teams/Dpkg/FAQ>
+ echo 'g++-5 hold'
+ dpkg --set-selections
dpkg: warning: package not in status nor available database at line 1: g++-5
dpkg: warning: found unknown packages; this might mean the available database
is outdated, and needs to be updated through a frontend method;
please see the FAQ <https://wiki.debian.org/Teams/Dpkg/FAQ>
+ for VERSION in $VERSIONS
+ rm -f g++-6 gcc-6 cpp-6 gcc
+ ln -s clang++-10 g++-6
+ ln -s clang-10 gcc-6
+ ln -s clang-10 cpp-6
+ ln -s clang-10 gcc
+ echo 'gcc-6 hold'
+ dpkg --set-selections
dpkg: warning: package not in status nor available database at line 1: gcc-6
dpkg: warning: found unknown packages; this might mean the available database
is outdated, and needs to be updated through a frontend method;
please see the FAQ <https://wiki.debian.org/Teams/Dpkg/FAQ>
+ dpkg --set-selections
+ echo 'g++-6 hold'
dpkg: warning: package not in status nor available database at line 1: g++-6
dpkg: warning: found unknown packages; this might mean the available database
is outdated, and needs to be updated through a frontend method;
please see the FAQ <https://wiki.debian.org/Teams/Dpkg/FAQ>
+ for VERSION in $VERSIONS
+ rm -f g++-7 gcc-7 cpp-7 gcc
+ ln -s clang++-10 g++-7
+ ln -s clang-10 gcc-7
+ ln -s clang-10 cpp-7
+ ln -s clang-10 gcc
+ dpkg --set-selections
+ echo 'gcc-7 hold'
dpkg: warning: package not in status nor available database at line 1: gcc-7
dpkg: warning: found unknown packages; this might mean the available database
is outdated, and needs to be updated through a frontend method;
please see the FAQ <https://wiki.debian.org/Teams/Dpkg/FAQ>
+ echo 'g++-7 hold'
+ dpkg --set-selections
dpkg: warning: package not in status nor available database at line 1: g++-7
dpkg: warning: found unknown packages; this might mean the available database
is outdated, and needs to be updated through a frontend method;
please see the FAQ <https://wiki.debian.org/Teams/Dpkg/FAQ>
+ for VERSION in $VERSIONS
+ rm -f g++-8 gcc-8 cpp-8 gcc
+ ln -s clang++-10 g++-8
+ ln -s clang-10 gcc-8
+ ln -s clang-10 cpp-8
+ ln -s clang-10 gcc
+ echo 'gcc-8 hold'
+ dpkg --set-selections
dpkg: warning: package not in status nor available database at line 1: gcc-8
dpkg: warning: found unknown packages; this might mean the available database
is outdated, and needs to be updated through a frontend method;
please see the FAQ <https://wiki.debian.org/Teams/Dpkg/FAQ>
+ echo 'g++-8 hold'
+ dpkg --set-selections
dpkg: warning: package not in status nor available database at line 1: g++-8
dpkg: warning: found unknown packages; this might mean the available database
is outdated, and needs to be updated through a frontend method;
please see the FAQ <https://wiki.debian.org/Teams/Dpkg/FAQ>
+ for VERSION in $VERSIONS
+ rm -f g++-9 gcc-9 cpp-9 gcc
+ ln -s clang++-10 g++-9
+ ln -s clang-10 gcc-9
+ ln -s clang-10 cpp-9
+ ln -s clang-10 gcc
+ dpkg --set-selections
+ echo 'gcc-9 hold'
+ dpkg --set-selections
+ echo 'g++-9 hold'
+ for VERSION in $VERSIONS
+ rm -f g++-10 gcc-10 cpp-10 gcc
+ ln -s clang++-10 g++-10
+ ln -s clang-10 gcc-10
+ ln -s clang-10 cpp-10
+ ln -s clang-10 gcc
+ dpkg --set-selections
+ echo 'gcc-10 hold'
dpkg: warning: package not in status nor available database at line 1: gcc-10
dpkg: warning: found unknown packages; this might mean the available database
is outdated, and needs to be updated through a frontend method;
please see the FAQ <https://wiki.debian.org/Teams/Dpkg/FAQ>
+ dpkg --set-selections
+ echo 'g++-10 hold'
dpkg: warning: package not in status nor available database at line 1: g++-10
dpkg: warning: found unknown packages; this might mean the available database
is outdated, and needs to be updated through a frontend method;
please see the FAQ <https://wiki.debian.org/Teams/Dpkg/FAQ>
+ cd -
/build/logbook-cHfnC4
+ echo 'Check if gcc, g++ & cpp are actually clang'
Check if gcc, g++ & cpp are actually clang
+ gcc --version
+ grep clang
+ cpp --version
+ grep clang
+ g++ --version
+ grep clang

I: Finished running '/tmp/clang10'.

Finished processing commands.
--------------------------------------------------------------------------------
I: NOTICE: Log filtering will replace 'build/logbook-cHfnC4/resolver-sntoIk' with '<<RESOLVERDIR>>'

+------------------------------------------------------------------------------+
| Update chroot                                                                |
+------------------------------------------------------------------------------+

Hit:1 http://127.0.0.1:12990/debian sid InRelease
Reading package lists...
Reading package lists...
Building dependency tree...
Reading state information...
Calculating upgrade...
The following packages will be upgraded:
  libgmp10 zlib1g
2 upgraded, 0 newly installed, 0 to remove and 0 not upgraded.
Need to get 343 kB of archives.
After this operation, 0 B of additional disk space will be used.
Get:1 http://127.0.0.1:12990/debian sid/main amd64 libgmp10 amd64 2:6.2.0+dfsg-4 [253 kB]
Get:2 http://127.0.0.1:12990/debian sid/main amd64 zlib1g amd64 1:1.2.11.dfsg-2 [90.4 kB]
debconf: delaying package configuration, since apt-utils is not installed
Fetched 343 kB in 0s (5255 kB/s)
(Reading database ... (Reading database ... 5%(Reading database ... 10%(Reading database ... 15%(Reading database ... 20%(Reading database ... 25%(Reading database ... 30%(Reading database ... 35%(Reading database ... 40%(Reading database ... 45%(Reading database ... 50%(Reading database ... 55%(Reading database ... 60%(Reading database ... 65%(Reading database ... 70%(Reading database ... 75%(Reading database ... 80%(Reading database ... 85%(Reading database ... 90%(Reading database ... 95%(Reading database ... 100%(Reading database ... 12960 files and directories currently installed.)
Preparing to unpack .../libgmp10_2%3a6.2.0+dfsg-4_amd64.deb ...
Unpacking libgmp10:amd64 (2:6.2.0+dfsg-4) over (2:6.2.0+dfsg-3) ...
Setting up libgmp10:amd64 (2:6.2.0+dfsg-4) ...
(Reading database ... (Reading database ... 5%(Reading database ... 10%(Reading database ... 15%(Reading database ... 20%(Reading database ... 25%(Reading database ... 30%(Reading database ... 35%(Reading database ... 40%(Reading database ... 45%(Reading database ... 50%(Reading database ... 55%(Reading database ... 60%(Reading database ... 65%(Reading database ... 70%(Reading database ... 75%(Reading database ... 80%(Reading database ... 85%(Reading database ... 90%(Reading database ... 95%(Reading database ... 100%(Reading database ... 12960 files and directories currently installed.)
Preparing to unpack .../zlib1g_1%3a1.2.11.dfsg-2_amd64.deb ...
Unpacking zlib1g:amd64 (1:1.2.11.dfsg-2) over (1:1.2.11.dfsg-1.2) ...
Setting up zlib1g:amd64 (1:1.2.11.dfsg-2) ...
Processing triggers for libc-bin (2.29-10) ...

+------------------------------------------------------------------------------+
| Fetch source files                                                           |
+------------------------------------------------------------------------------+


Check APT
---------

Checking available source versions...

Download source files with APT
------------------------------

Reading package lists...
NOTICE: 'logbook' packaging is maintained in the 'Git' version control system at:
https://salsa.debian.org/debian/logbook.git
Please use:
git clone https://salsa.debian.org/debian/logbook.git
to retrieve the latest (possibly unreleased) updates to the package.
Need to get 427 kB of source archives.
Get:1 http://127.0.0.1:12990/debian sid/main logbook 1.5.3-2 (dsc) [2308 B]
Get:2 http://127.0.0.1:12990/debian sid/main logbook 1.5.3-2 (tar) [372 kB]
Get:3 http://127.0.0.1:12990/debian sid/main logbook 1.5.3-2 (diff) [52.6 kB]
Fetched 427 kB in 0s (2924 kB/s)
Download complete and in download only mode
I: NOTICE: Log filtering will replace 'build/logbook-cHfnC4/logbook-1.5.3' with '<<PKGBUILDDIR>>'
I: NOTICE: Log filtering will replace 'build/logbook-cHfnC4' with '<<BUILDDIR>>'

+------------------------------------------------------------------------------+
| Install package build dependencies                                           |
+------------------------------------------------------------------------------+


Setup apt archive
-----------------

Merged Build-Depends: debhelper-compat (= 12), dh-python, python-all, python-setuptools, python3-all, python3-setuptools, python-sphinx (>= 1.0.7+dfsg) | python3-sphinx, python-docutils, python2.7-doc, cython, cython3, python2.7-dev, python3-dev, build-essential, fakeroot
Filtered Build-Depends: debhelper-compat (= 12), dh-python, python-all, python-setuptools, python3-all, python3-setuptools, python-sphinx (>= 1.0.7+dfsg), python-docutils, python2.7-doc, cython, cython3, python2.7-dev, python3-dev, build-essential, fakeroot
dpkg-deb: building package 'sbuild-build-depends-main-dummy' in '/<<RESOLVERDIR>>/apt_archive/sbuild-build-depends-main-dummy.deb'.
Ign:1 copy:/<<RESOLVERDIR>>/apt_archive ./ InRelease
Get:2 copy:/<<RESOLVERDIR>>/apt_archive ./ Release [957 B]
Ign:3 copy:/<<RESOLVERDIR>>/apt_archive ./ Release.gpg
Get:4 copy:/<<RESOLVERDIR>>/apt_archive ./ Sources [449 B]
Get:5 copy:/<<RESOLVERDIR>>/apt_archive ./ Packages [528 B]
Fetched 1934 B in 0s (0 B/s)
Reading package lists...
Reading package lists...

Install main build dependencies (apt-based resolver)
----------------------------------------------------

Installing build dependencies
Reading package lists...
Building dependency tree...
Reading state information...
The following additional packages will be installed:
  autoconf automake autopoint autotools-dev bsdmainutils ca-certificates
  cython cython3 debhelper dh-autoreconf dh-python dh-strip-nondeterminism
  docutils-common dwz file gettext gettext-base groff-base intltool-debian
  libarchive-zip-perl libcroco3 libdebhelper-perl libelf1 libexpat1
  libexpat1-dev libfile-stripnondeterminism-perl libglib2.0-0 libicu63
  libjs-jquery libjs-sphinxdoc libjs-underscore libmagic-mgc libmagic1
  libmpdec2 libpipeline1 libpython-stdlib libpython2-stdlib libpython2.7
  libpython2.7-dev libpython2.7-minimal libpython2.7-stdlib libpython3-dev
  libpython3-stdlib libpython3.7 libpython3.7-dev libpython3.7-minimal
  libpython3.7-stdlib libpython3.8-minimal libpython3.8-stdlib libreadline8
  libsigsegv2 libsqlite3-0 libssl1.1 libsub-override-perl libtool libuchardet0
  libxml2 m4 man-db mime-support openssl po-debconf python python-alabaster
  python-all python-attr python-babel python-babel-localedata python-certifi
  python-chardet python-docutils python-idna python-imagesize python-jinja2
  python-markupsafe python-minimal python-packaging python-pkg-resources
  python-pygments python-pyparsing python-requests python-roman
  python-setuptools python-six python-sphinx python-typing python-tz
  python-urllib3 python2 python2-minimal python2.7 python2.7-dev python2.7-doc
  python2.7-minimal python3 python3-all python3-dev python3-distutils
  python3-lib2to3 python3-minimal python3-pkg-resources python3-setuptools
  python3.7 python3.7-dev python3.7-minimal python3.8 python3.8-minimal
  readline-common sensible-utils sgml-base sphinx-common xml-core zlib1g-dev
Suggested packages:
  autoconf-archive gnu-standards autoconf-doc wamerican | wordlist whois
  vacation cython-doc dh-make gettext-doc libasprintf-dev libgettextpo-dev
  groff libtool-doc gfortran | fortran95-compiler gcj-jdk m4-doc apparmor less
  www-browser libmail-box-perl python-doc python-tk python-attr-doc
  fonts-linuxlibertine | ttf-linux-libertine texlive-lang-french
  texlive-latex-base texlive-latex-recommended python-jinja2-doc
  python-pygments-doc ttf-bitstream-vera python-pyparsing-doc
  python-cryptography python-openssl python-socks python-setuptools-doc dvipng
  imagemagick-6.q16 latexmk libjs-mathjax python-sphinx-rtd-theme
  python-stemmer sphinx-doc texlive-fonts-recommended texlive-latex-extra
  texlive-plain-generic python-ntlm python2-doc binfmt-support python3-doc
  python3-tk python3-venv python3.7-venv python3.7-doc python3.8-venv
  python3.8-doc readline-doc sgml-base-doc
Recommended packages:
  python-dev curl | wget | lynx libarchive-cpio-perl libglib2.0-data
  shared-mime-info xdg-user-dirs javascript-common libltdl-dev
  libmail-sendmail-perl docutils-doc libpaper-utils python-pil python-enum34
  python-cryptography python-ipaddress python-openssl
The following NEW packages will be installed:
  autoconf automake autopoint autotools-dev bsdmainutils ca-certificates
  cython cython3 debhelper dh-autoreconf dh-python dh-strip-nondeterminism
  docutils-common dwz file gettext gettext-base groff-base intltool-debian
  libarchive-zip-perl libcroco3 libdebhelper-perl libelf1 libexpat1
  libexpat1-dev libfile-stripnondeterminism-perl libglib2.0-0 libicu63
  libjs-jquery libjs-sphinxdoc libjs-underscore libmagic-mgc libmagic1
  libmpdec2 libpipeline1 libpython-stdlib libpython2-stdlib libpython2.7
  libpython2.7-dev libpython2.7-minimal libpython2.7-stdlib libpython3-dev
  libpython3-stdlib libpython3.7 libpython3.7-dev libpython3.7-minimal
  libpython3.7-stdlib libpython3.8-minimal libpython3.8-stdlib libreadline8
  libsigsegv2 libsqlite3-0 libssl1.1 libsub-override-perl libtool libuchardet0
  libxml2 m4 man-db mime-support openssl po-debconf python python-alabaster
  python-all python-attr python-babel python-babel-localedata python-certifi
  python-chardet python-docutils python-idna python-imagesize python-jinja2
  python-markupsafe python-minimal python-packaging python-pkg-resources
  python-pygments python-pyparsing python-requests python-roman
  python-setuptools python-six python-sphinx python-typing python-tz
  python-urllib3 python2 python2-minimal python2.7 python2.7-dev python2.7-doc
  python2.7-minimal python3 python3-all python3-dev python3-distutils
  python3-lib2to3 python3-minimal python3-pkg-resources python3-setuptools
  python3.7 python3.7-dev python3.7-minimal python3.8 python3.8-minimal
  readline-common sbuild-build-depends-main-dummy sensible-utils sgml-base
  sphinx-common xml-core zlib1g-dev
0 upgraded, 114 newly installed, 0 to remove and 0 not upgraded.
Need to get 126 MB of archives.
After this operation, 376 MB of additional disk space will be used.
Get:1 copy:/<<RESOLVERDIR>>/apt_archive ./ sbuild-build-depends-main-dummy 0.invalid.0 [952 B]
Get:2 http://127.0.0.1:12990/debian sid/main amd64 bsdmainutils amd64 11.1.2+b1 [191 kB]
Get:3 http://127.0.0.1:12990/debian sid/main amd64 libuchardet0 amd64 0.0.6-3 [64.9 kB]
Get:4 http://127.0.0.1:12990/debian sid/main amd64 groff-base amd64 1.22.4-4 [919 kB]
Get:5 http://127.0.0.1:12990/debian sid/main amd64 libpipeline1 amd64 1.5.2-2 [33.9 kB]
Get:6 http://127.0.0.1:12990/debian sid/main amd64 man-db amd64 2.9.0-2 [1307 kB]
Get:7 http://127.0.0.1:12990/debian sid/main amd64 libpython2.7-minimal amd64 2.7.17-1+b1 [395 kB]
Get:8 http://127.0.0.1:12990/debian sid/main amd64 python2.7-minimal amd64 2.7.17-1+b1 [1342 kB]
Get:9 http://127.0.0.1:12990/debian sid/main amd64 python2-minimal amd64 2.7.17-2 [41.4 kB]
Get:10 http://127.0.0.1:12990/debian sid/main amd64 python-minimal amd64 2.7.17-2 [21.1 kB]
Get:11 http://127.0.0.1:12990/debian sid/main amd64 libssl1.1 amd64 1.1.1d-2 [1540 kB]
Get:12 http://127.0.0.1:12990/debian sid/main amd64 mime-support all 3.64 [37.8 kB]
Get:13 http://127.0.0.1:12990/debian sid/main amd64 libexpat1 amd64 2.2.9-1 [94.3 kB]
Get:14 http://127.0.0.1:12990/debian sid/main amd64 readline-common all 8.0-3 [72.5 kB]
Get:15 http://127.0.0.1:12990/debian sid/main amd64 libreadline8 amd64 8.0-3 [160 kB]
Get:16 http://127.0.0.1:12990/debian sid/main amd64 libsqlite3-0 amd64 3.31.1-3 [661 kB]
Get:17 http://127.0.0.1:12990/debian sid/main amd64 libpython2.7-stdlib amd64 2.7.17-1+b1 [1886 kB]
Get:18 http://127.0.0.1:12990/debian sid/main amd64 python2.7 amd64 2.7.17-1+b1 [309 kB]
Get:19 http://127.0.0.1:12990/debian sid/main amd64 libpython2-stdlib amd64 2.7.17-2 [20.9 kB]
Get:20 http://127.0.0.1:12990/debian sid/main amd64 libpython-stdlib amd64 2.7.17-2 [20.9 kB]
Get:21 http://127.0.0.1:12990/debian sid/main amd64 python2 amd64 2.7.17-2 [41.7 kB]
Get:22 http://127.0.0.1:12990/debian sid/main amd64 python amd64 2.7.17-2 [22.9 kB]
Get:23 http://127.0.0.1:12990/debian sid/main amd64 libpython3.7-minimal amd64 3.7.6-1+b1 [591 kB]
Get:24 http://127.0.0.1:12990/debian sid/main amd64 python3.7-minimal amd64 3.7.6-1+b1 [1813 kB]
Get:25 http://127.0.0.1:12990/debian sid/main amd64 python3-minimal amd64 3.7.5-3 [36.8 kB]
Get:26 http://127.0.0.1:12990/debian sid/main amd64 libmpdec2 amd64 2.4.2-2 [87.2 kB]
Get:27 http://127.0.0.1:12990/debian sid/main amd64 libpython3.7-stdlib amd64 3.7.6-1+b1 [1735 kB]
Get:28 http://127.0.0.1:12990/debian sid/main amd64 python3.7 amd64 3.7.6-1+b1 [351 kB]
Get:29 http://127.0.0.1:12990/debian sid/main amd64 libpython3-stdlib amd64 3.7.5-3 [20.2 kB]
Get:30 http://127.0.0.1:12990/debian sid/main amd64 python3 amd64 3.7.5-3 [62.1 kB]
Get:31 http://127.0.0.1:12990/debian sid/main amd64 libpython3.8-minimal amd64 3.8.2~rc2-2 [750 kB]
Get:32 http://127.0.0.1:12990/debian sid/main amd64 python3.8-minimal amd64 3.8.2~rc2-2 [1939 kB]
Get:33 http://127.0.0.1:12990/debian sid/main amd64 sgml-base all 1.29.1 [15.0 kB]
Get:34 http://127.0.0.1:12990/debian sid/main amd64 sensible-utils all 0.0.12+nmu1 [16.0 kB]
Get:35 http://127.0.0.1:12990/debian sid/main amd64 libmagic-mgc amd64 1:5.38-4 [262 kB]
Get:36 http://127.0.0.1:12990/debian sid/main amd64 libmagic1 amd64 1:5.38-4 [120 kB]
Get:37 http://127.0.0.1:12990/debian sid/main amd64 file amd64 1:5.38-4 [67.9 kB]
Get:38 http://127.0.0.1:12990/debian sid/main amd64 gettext-base amd64 0.19.8.1-10 [123 kB]
Get:39 http://127.0.0.1:12990/debian sid/main amd64 libsigsegv2 amd64 2.12-2 [32.8 kB]
Get:40 http://127.0.0.1:12990/debian sid/main amd64 m4 amd64 1.4.18-4 [203 kB]
Get:41 http://127.0.0.1:12990/debian sid/main amd64 autoconf all 2.69-11.1 [341 kB]
Get:42 http://127.0.0.1:12990/debian sid/main amd64 autotools-dev all 20180224.1 [77.0 kB]
Get:43 http://127.0.0.1:12990/debian sid/main amd64 automake all 1:1.16.1-4 [771 kB]
Get:44 http://127.0.0.1:12990/debian sid/main amd64 autopoint all 0.19.8.1-10 [435 kB]
Get:45 http://127.0.0.1:12990/debian sid/main amd64 openssl amd64 1.1.1d-2 [840 kB]
Get:46 http://127.0.0.1:12990/debian sid/main amd64 ca-certificates all 20190110 [157 kB]
Get:47 http://127.0.0.1:12990/debian sid/main amd64 cython amd64 0.29.14-0.1+b1 [1445 kB]
Get:48 http://127.0.0.1:12990/debian sid/main amd64 cython3 amd64 0.29.14-0.1+b1 [2117 kB]
Get:49 http://127.0.0.1:12990/debian sid/main amd64 libtool all 2.4.6-13 [513 kB]
Get:50 http://127.0.0.1:12990/debian sid/main amd64 dh-autoreconf all 19 [16.9 kB]
Get:51 http://127.0.0.1:12990/debian sid/main amd64 libdebhelper-perl all 12.9 [183 kB]
Get:52 http://127.0.0.1:12990/debian sid/main amd64 libarchive-zip-perl all 1.67-1 [104 kB]
Get:53 http://127.0.0.1:12990/debian sid/main amd64 libsub-override-perl all 0.09-2 [10.2 kB]
Get:54 http://127.0.0.1:12990/debian sid/main amd64 libfile-stripnondeterminism-perl all 1.6.3-2 [23.7 kB]
Get:55 http://127.0.0.1:12990/debian sid/main amd64 dh-strip-nondeterminism all 1.6.3-2 [14.7 kB]
Get:56 http://127.0.0.1:12990/debian sid/main amd64 libelf1 amd64 0.176-1.1 [161 kB]
Get:57 http://127.0.0.1:12990/debian sid/main amd64 dwz amd64 0.13-5 [151 kB]
Get:58 http://127.0.0.1:12990/debian sid/main amd64 libglib2.0-0 amd64 2.62.4-2 [1319 kB]
Get:59 http://127.0.0.1:12990/debian sid/main amd64 libicu63 amd64 63.2-2 [8301 kB]
Get:60 http://127.0.0.1:12990/debian sid/main amd64 libxml2 amd64 2.9.10+dfsg-3 [709 kB]
Get:61 http://127.0.0.1:12990/debian sid/main amd64 libcroco3 amd64 0.6.13-1 [146 kB]
Get:62 http://127.0.0.1:12990/debian sid/main amd64 gettext amd64 0.19.8.1-10 [1303 kB]
Get:63 http://127.0.0.1:12990/debian sid/main amd64 intltool-debian all 0.35.0+20060710.5 [26.8 kB]
Get:64 http://127.0.0.1:12990/debian sid/main amd64 po-debconf all 1.0.21 [248 kB]
Get:65 http://127.0.0.1:12990/debian sid/main amd64 debhelper all 12.9 [994 kB]
Get:66 http://127.0.0.1:12990/debian sid/main amd64 python3-lib2to3 all 3.8.0-1 [78.3 kB]
Get:67 http://127.0.0.1:12990/debian sid/main amd64 python3-distutils all 3.8.0-1 [145 kB]
Get:68 http://127.0.0.1:12990/debian sid/main amd64 dh-python all 4.20191017 [94.4 kB]
Get:69 http://127.0.0.1:12990/debian sid/main amd64 xml-core all 0.18+nmu1 [23.8 kB]
Get:70 http://127.0.0.1:12990/debian sid/main amd64 docutils-common all 0.16+dfsg-1 [129 kB]
Get:71 http://127.0.0.1:12990/debian sid/main amd64 libexpat1-dev amd64 2.2.9-1 [136 kB]
Get:72 http://127.0.0.1:12990/debian sid/main amd64 libjs-jquery all 3.3.1~dfsg-3 [332 kB]
Get:73 http://127.0.0.1:12990/debian sid/main amd64 libjs-underscore all 1.9.1~dfsg-1 [99.4 kB]
Get:74 http://127.0.0.1:12990/debian sid/main amd64 libjs-sphinxdoc all 1.8.5-5 [96.7 kB]
Get:75 http://127.0.0.1:12990/debian sid/main amd64 libpython2.7 amd64 2.7.17-1+b1 [1035 kB]
Get:76 http://127.0.0.1:12990/debian sid/main amd64 libpython2.7-dev amd64 2.7.17-1+b1 [27.1 MB]
Get:77 http://127.0.0.1:12990/debian sid/main amd64 libpython3.7 amd64 3.7.6-1+b1 [1484 kB]
Get:78 http://127.0.0.1:12990/debian sid/main amd64 libpython3.7-dev amd64 3.7.6-1+b1 [41.4 MB]
Get:79 http://127.0.0.1:12990/debian sid/main amd64 libpython3-dev amd64 3.7.5-3 [20.3 kB]
Get:80 http://127.0.0.1:12990/debian sid/main amd64 libpython3.8-stdlib amd64 3.8.2~rc2-2 [1665 kB]
Get:81 http://127.0.0.1:12990/debian sid/main amd64 python-alabaster all 0.7.8-1 [18.4 kB]
Get:82 http://127.0.0.1:12990/debian sid/main amd64 python-all amd64 2.7.17-2 [1048 B]
Get:83 http://127.0.0.1:12990/debian sid/main amd64 python-attr all 19.3.0-1 [43.0 kB]
Get:84 http://127.0.0.1:12990/debian sid/main amd64 python-babel-localedata all 2.8.0+dfsg.1-2 [4399 kB]
Get:85 http://127.0.0.1:12990/debian sid/main amd64 python-pkg-resources all 44.0.0-1 [184 kB]
Get:86 http://127.0.0.1:12990/debian sid/main amd64 python-tz all 2019.3-1 [33.7 kB]
Get:87 http://127.0.0.1:12990/debian sid/main amd64 python-babel all 2.8.0+dfsg.1-2 [100 kB]
Get:88 http://127.0.0.1:12990/debian sid/main amd64 python-certifi all 2019.11.28-1 [149 kB]
Get:89 http://127.0.0.1:12990/debian sid/main amd64 python-chardet all 3.0.4-4 [80.6 kB]
Get:90 http://127.0.0.1:12990/debian sid/main amd64 python-roman all 2.0.0-3 [8688 B]
Get:91 http://127.0.0.1:12990/debian sid/main amd64 python-docutils all 0.16+dfsg-1 [384 kB]
Get:92 http://127.0.0.1:12990/debian sid/main amd64 python-idna all 2.6-2 [34.3 kB]
Get:93 http://127.0.0.1:12990/debian sid/main amd64 python-imagesize all 1.2.0-1 [5672 B]
Get:94 http://127.0.0.1:12990/debian sid/main amd64 python-markupsafe amd64 1.1.0-1+b2 [14.3 kB]
Get:95 http://127.0.0.1:12990/debian sid/main amd64 python-jinja2 all 2.10.1-1 [106 kB]
Get:96 http://127.0.0.1:12990/debian sid/main amd64 python-pyparsing all 2.4.6-1 [109 kB]
Get:97 http://127.0.0.1:12990/debian sid/main amd64 python-six all 1.14.0-2 [16.6 kB]
Get:98 http://127.0.0.1:12990/debian sid/main amd64 python-packaging all 19.1-2 [23.8 kB]
Get:99 http://127.0.0.1:12990/debian sid/main amd64 python-pygments all 2.3.1+dfsg-1 [596 kB]
Get:100 http://127.0.0.1:12990/debian sid/main amd64 python-urllib3 all 1.25.8-1 [104 kB]
Get:101 http://127.0.0.1:12990/debian sid/main amd64 python-requests all 2.22.0-2 [67.1 kB]
Get:102 http://127.0.0.1:12990/debian sid/main amd64 python-setuptools all 44.0.0-1 [385 kB]
Get:103 http://127.0.0.1:12990/debian sid/main amd64 python-typing all 3.6.6-2 [22.8 kB]
Get:104 http://127.0.0.1:12990/debian sid/main amd64 sphinx-common all 1.8.5-5 [491 kB]
Get:105 http://127.0.0.1:12990/debian sid/main amd64 python-sphinx all 1.8.5-5 [484 kB]
Get:106 http://127.0.0.1:12990/debian sid/main amd64 python2.7-dev amd64 2.7.17-1+b1 [292 kB]
Get:107 http://127.0.0.1:12990/debian sid/main amd64 python2.7-doc all 2.7.17-1 [4402 kB]
Get:108 http://127.0.0.1:12990/debian sid/main amd64 python3.8 amd64 3.8.2~rc2-2 [409 kB]
Get:109 http://127.0.0.1:12990/debian sid/main amd64 python3-all amd64 3.7.5-3 [1060 B]
Get:110 http://127.0.0.1:12990/debian sid/main amd64 zlib1g-dev amd64 1:1.2.11.dfsg-2 [190 kB]
Get:111 http://127.0.0.1:12990/debian sid/main amd64 python3.7-dev amd64 3.7.6-1+b1 [518 kB]
Get:112 http://127.0.0.1:12990/debian sid/main amd64 python3-dev amd64 3.7.5-3 [1260 B]
Get:113 http://127.0.0.1:12990/debian sid/main amd64 python3-pkg-resources all 44.0.0-1 [155 kB]
Get:114 http://127.0.0.1:12990/debian sid/main amd64 python3-setuptools all 44.0.0-1 [313 kB]
debconf: delaying package configuration, since apt-utils is not installed
Fetched 126 MB in 2s (61.5 MB/s)
Selecting previously unselected package bsdmainutils.
(Reading database ... 12960 files and directories currently installed.)
Preparing to unpack .../00-bsdmainutils_11.1.2+b1_amd64.deb ...
Unpacking bsdmainutils (11.1.2+b1) ...
Selecting previously unselected package libuchardet0:amd64.
Preparing to unpack .../01-libuchardet0_0.0.6-3_amd64.deb ...
Unpacking libuchardet0:amd64 (0.0.6-3) ...
Selecting previously unselected package groff-base.
Preparing to unpack .../02-groff-base_1.22.4-4_amd64.deb ...
Unpacking groff-base (1.22.4-4) ...
Selecting previously unselected package libpipeline1:amd64.
Preparing to unpack .../03-libpipeline1_1.5.2-2_amd64.deb ...
Unpacking libpipeline1:amd64 (1.5.2-2) ...
Selecting previously unselected package man-db.
Preparing to unpack .../04-man-db_2.9.0-2_amd64.deb ...
Unpacking man-db (2.9.0-2) ...
Selecting previously unselected package libpython2.7-minimal:amd64.
Preparing to unpack .../05-libpython2.7-minimal_2.7.17-1+b1_amd64.deb ...
Unpacking libpython2.7-minimal:amd64 (2.7.17-1+b1) ...
Selecting previously unselected package python2.7-minimal.
Preparing to unpack .../06-python2.7-minimal_2.7.17-1+b1_amd64.deb ...
Unpacking python2.7-minimal (2.7.17-1+b1) ...
Selecting previously unselected package python2-minimal.
Preparing to unpack .../07-python2-minimal_2.7.17-2_amd64.deb ...
Unpacking python2-minimal (2.7.17-2) ...
Selecting previously unselected package python-minimal.
Preparing to unpack .../08-python-minimal_2.7.17-2_amd64.deb ...
Unpacking python-minimal (2.7.17-2) ...
Selecting previously unselected package libssl1.1:amd64.
Preparing to unpack .../09-libssl1.1_1.1.1d-2_amd64.deb ...
Unpacking libssl1.1:amd64 (1.1.1d-2) ...
Selecting previously unselected package mime-support.
Preparing to unpack .../10-mime-support_3.64_all.deb ...
Unpacking mime-support (3.64) ...
Selecting previously unselected package libexpat1:amd64.
Preparing to unpack .../11-libexpat1_2.2.9-1_amd64.deb ...
Unpacking libexpat1:amd64 (2.2.9-1) ...
Selecting previously unselected package readline-common.
Preparing to unpack .../12-readline-common_8.0-3_all.deb ...
Unpacking readline-common (8.0-3) ...
Selecting previously unselected package libreadline8:amd64.
Preparing to unpack .../13-libreadline8_8.0-3_amd64.deb ...
Unpacking libreadline8:amd64 (8.0-3) ...
Selecting previously unselected package libsqlite3-0:amd64.
Preparing to unpack .../14-libsqlite3-0_3.31.1-3_amd64.deb ...
Unpacking libsqlite3-0:amd64 (3.31.1-3) ...
Selecting previously unselected package libpython2.7-stdlib:amd64.
Preparing to unpack .../15-libpython2.7-stdlib_2.7.17-1+b1_amd64.deb ...
Unpacking libpython2.7-stdlib:amd64 (2.7.17-1+b1) ...
Selecting previously unselected package python2.7.
Preparing to unpack .../16-python2.7_2.7.17-1+b1_amd64.deb ...
Unpacking python2.7 (2.7.17-1+b1) ...
Selecting previously unselected package libpython2-stdlib:amd64.
Preparing to unpack .../17-libpython2-stdlib_2.7.17-2_amd64.deb ...
Unpacking libpython2-stdlib:amd64 (2.7.17-2) ...
Selecting previously unselected package libpython-stdlib:amd64.
Preparing to unpack .../18-libpython-stdlib_2.7.17-2_amd64.deb ...
Unpacking libpython-stdlib:amd64 (2.7.17-2) ...
Setting up libpython2.7-minimal:amd64 (2.7.17-1+b1) ...
Setting up python2.7-minimal (2.7.17-1+b1) ...
Setting up python2-minimal (2.7.17-2) ...
Selecting previously unselected package python2.
(Reading database ... 14446 files and directories currently installed.)
Preparing to unpack .../python2_2.7.17-2_amd64.deb ...
Unpacking python2 (2.7.17-2) ...
Setting up python-minimal (2.7.17-2) ...
Selecting previously unselected package python.
(Reading database ... 14479 files and directories currently installed.)
Preparing to unpack .../python_2.7.17-2_amd64.deb ...
Unpacking python (2.7.17-2) ...
Selecting previously unselected package libpython3.7-minimal:amd64.
Preparing to unpack .../libpython3.7-minimal_3.7.6-1+b1_amd64.deb ...
Unpacking libpython3.7-minimal:amd64 (3.7.6-1+b1) ...
Selecting previously unselected package python3.7-minimal.
Preparing to unpack .../python3.7-minimal_3.7.6-1+b1_amd64.deb ...
Unpacking python3.7-minimal (3.7.6-1+b1) ...
Setting up libssl1.1:amd64 (1.1.1d-2) ...
Setting up libpython3.7-minimal:amd64 (3.7.6-1+b1) ...
Setting up libexpat1:amd64 (2.2.9-1) ...
Setting up python3.7-minimal (3.7.6-1+b1) ...
Selecting previously unselected package python3-minimal.
(Reading database ... 14735 files and directories currently installed.)
Preparing to unpack .../python3-minimal_3.7.5-3_amd64.deb ...
Unpacking python3-minimal (3.7.5-3) ...
Selecting previously unselected package libmpdec2:amd64.
Preparing to unpack .../libmpdec2_2.4.2-2_amd64.deb ...
Unpacking libmpdec2:amd64 (2.4.2-2) ...
Selecting previously unselected package libpython3.7-stdlib:amd64.
Preparing to unpack .../libpython3.7-stdlib_3.7.6-1+b1_amd64.deb ...
Unpacking libpython3.7-stdlib:amd64 (3.7.6-1+b1) ...
Selecting previously unselected package python3.7.
Preparing to unpack .../python3.7_3.7.6-1+b1_amd64.deb ...
Unpacking python3.7 (3.7.6-1+b1) ...
Selecting previously unselected package libpython3-stdlib:amd64.
Preparing to unpack .../libpython3-stdlib_3.7.5-3_amd64.deb ...
Unpacking libpython3-stdlib:amd64 (3.7.5-3) ...
Setting up python3-minimal (3.7.5-3) ...
Selecting previously unselected package python3.
(Reading database ... 15149 files and directories currently installed.)
Preparing to unpack .../00-python3_3.7.5-3_amd64.deb ...
Unpacking python3 (3.7.5-3) ...
Selecting previously unselected package libpython3.8-minimal:amd64.
Preparing to unpack .../01-libpython3.8-minimal_3.8.2~rc2-2_amd64.deb ...
Unpacking libpython3.8-minimal:amd64 (3.8.2~rc2-2) ...
Selecting previously unselected package python3.8-minimal.
Preparing to unpack .../02-python3.8-minimal_3.8.2~rc2-2_amd64.deb ...
Unpacking python3.8-minimal (3.8.2~rc2-2) ...
Selecting previously unselected package sgml-base.
Preparing to unpack .../03-sgml-base_1.29.1_all.deb ...
Unpacking sgml-base (1.29.1) ...
Selecting previously unselected package sensible-utils.
Preparing to unpack .../04-sensible-utils_0.0.12+nmu1_all.deb ...
Unpacking sensible-utils (0.0.12+nmu1) ...
Selecting previously unselected package libmagic-mgc.
Preparing to unpack .../05-libmagic-mgc_1%3a5.38-4_amd64.deb ...
Unpacking libmagic-mgc (1:5.38-4) ...
Selecting previously unselected package libmagic1:amd64.
Preparing to unpack .../06-libmagic1_1%3a5.38-4_amd64.deb ...
Unpacking libmagic1:amd64 (1:5.38-4) ...
Selecting previously unselected package file.
Preparing to unpack .../07-file_1%3a5.38-4_amd64.deb ...
Unpacking file (1:5.38-4) ...
Selecting previously unselected package gettext-base.
Preparing to unpack .../08-gettext-base_0.19.8.1-10_amd64.deb ...
Unpacking gettext-base (0.19.8.1-10) ...
Selecting previously unselected package libsigsegv2:amd64.
Preparing to unpack .../09-libsigsegv2_2.12-2_amd64.deb ...
Unpacking libsigsegv2:amd64 (2.12-2) ...
Selecting previously unselected package m4.
Preparing to unpack .../10-m4_1.4.18-4_amd64.deb ...
Unpacking m4 (1.4.18-4) ...
Selecting previously unselected package autoconf.
Preparing to unpack .../11-autoconf_2.69-11.1_all.deb ...
Unpacking autoconf (2.69-11.1) ...
Selecting previously unselected package autotools-dev.
Preparing to unpack .../12-autotools-dev_20180224.1_all.deb ...
Unpacking autotools-dev (20180224.1) ...
Selecting previously unselected package automake.
Preparing to unpack .../13-automake_1%3a1.16.1-4_all.deb ...
Unpacking automake (1:1.16.1-4) ...
Selecting previously unselected package autopoint.
Preparing to unpack .../14-autopoint_0.19.8.1-10_all.deb ...
Unpacking autopoint (0.19.8.1-10) ...
Selecting previously unselected package openssl.
Preparing to unpack .../15-openssl_1.1.1d-2_amd64.deb ...
Unpacking openssl (1.1.1d-2) ...
Selecting previously unselected package ca-certificates.
Preparing to unpack .../16-ca-certificates_20190110_all.deb ...
Unpacking ca-certificates (20190110) ...
Selecting previously unselected package cython.
Preparing to unpack .../17-cython_0.29.14-0.1+b1_amd64.deb ...
Unpacking cython (0.29.14-0.1+b1) ...
Selecting previously unselected package cython3.
Preparing to unpack .../18-cython3_0.29.14-0.1+b1_amd64.deb ...
Unpacking cython3 (0.29.14-0.1+b1) ...
Selecting previously unselected package libtool.
Preparing to unpack .../19-libtool_2.4.6-13_all.deb ...
Unpacking libtool (2.4.6-13) ...
Selecting previously unselected package dh-autoreconf.
Preparing to unpack .../20-dh-autoreconf_19_all.deb ...
Unpacking dh-autoreconf (19) ...
Selecting previously unselected package libdebhelper-perl.
Preparing to unpack .../21-libdebhelper-perl_12.9_all.deb ...
Unpacking libdebhelper-perl (12.9) ...
Selecting previously unselected package libarchive-zip-perl.
Preparing to unpack .../22-libarchive-zip-perl_1.67-1_all.deb ...
Unpacking libarchive-zip-perl (1.67-1) ...
Selecting previously unselected package libsub-override-perl.
Preparing to unpack .../23-libsub-override-perl_0.09-2_all.deb ...
Unpacking libsub-override-perl (0.09-2) ...
Selecting previously unselected package libfile-stripnondeterminism-perl.
Preparing to unpack .../24-libfile-stripnondeterminism-perl_1.6.3-2_all.deb ...
Unpacking libfile-stripnondeterminism-perl (1.6.3-2) ...
Selecting previously unselected package dh-strip-nondeterminism.
Preparing to unpack .../25-dh-strip-nondeterminism_1.6.3-2_all.deb ...
Unpacking dh-strip-nondeterminism (1.6.3-2) ...
Selecting previously unselected package libelf1:amd64.
Preparing to unpack .../26-libelf1_0.176-1.1_amd64.deb ...
Unpacking libelf1:amd64 (0.176-1.1) ...
Selecting previously unselected package dwz.
Preparing to unpack .../27-dwz_0.13-5_amd64.deb ...
Unpacking dwz (0.13-5) ...
Selecting previously unselected package libglib2.0-0:amd64.
Preparing to unpack .../28-libglib2.0-0_2.62.4-2_amd64.deb ...
Unpacking libglib2.0-0:amd64 (2.62.4-2) ...
Selecting previously unselected package libicu63:amd64.
Preparing to unpack .../29-libicu63_63.2-2_amd64.deb ...
Unpacking libicu63:amd64 (63.2-2) ...
Selecting previously unselected package libxml2:amd64.
Preparing to unpack .../30-libxml2_2.9.10+dfsg-3_amd64.deb ...
Unpacking libxml2:amd64 (2.9.10+dfsg-3) ...
Selecting previously unselected package libcroco3:amd64.
Preparing to unpack .../31-libcroco3_0.6.13-1_amd64.deb ...
Unpacking libcroco3:amd64 (0.6.13-1) ...
Selecting previously unselected package gettext.
Preparing to unpack .../32-gettext_0.19.8.1-10_amd64.deb ...
Unpacking gettext (0.19.8.1-10) ...
Selecting previously unselected package intltool-debian.
Preparing to unpack .../33-intltool-debian_0.35.0+20060710.5_all.deb ...
Unpacking intltool-debian (0.35.0+20060710.5) ...
Selecting previously unselected package po-debconf.
Preparing to unpack .../34-po-debconf_1.0.21_all.deb ...
Unpacking po-debconf (1.0.21) ...
Selecting previously unselected package debhelper.
Preparing to unpack .../35-debhelper_12.9_all.deb ...
Unpacking debhelper (12.9) ...
Selecting previously unselected package python3-lib2to3.
Preparing to unpack .../36-python3-lib2to3_3.8.0-1_all.deb ...
Unpacking python3-lib2to3 (3.8.0-1) ...
Selecting previously unselected package python3-distutils.
Preparing to unpack .../37-python3-distutils_3.8.0-1_all.deb ...
Unpacking python3-distutils (3.8.0-1) ...
Selecting previously unselected package dh-python.
Preparing to unpack .../38-dh-python_4.20191017_all.deb ...
Unpacking dh-python (4.20191017) ...
Selecting previously unselected package xml-core.
Preparing to unpack .../39-xml-core_0.18+nmu1_all.deb ...
Unpacking xml-core (0.18+nmu1) ...
Selecting previously unselected package docutils-common.
Preparing to unpack .../40-docutils-common_0.16+dfsg-1_all.deb ...
Unpacking docutils-common (0.16+dfsg-1) ...
Selecting previously unselected package libexpat1-dev:amd64.
Preparing to unpack .../41-libexpat1-dev_2.2.9-1_amd64.deb ...
Unpacking libexpat1-dev:amd64 (2.2.9-1) ...
Selecting previously unselected package libjs-jquery.
Preparing to unpack .../42-libjs-jquery_3.3.1~dfsg-3_all.deb ...
Unpacking libjs-jquery (3.3.1~dfsg-3) ...
Selecting previously unselected package libjs-underscore.
Preparing to unpack .../43-libjs-underscore_1.9.1~dfsg-1_all.deb ...
Unpacking libjs-underscore (1.9.1~dfsg-1) ...
Selecting previously unselected package libjs-sphinxdoc.
Preparing to unpack .../44-libjs-sphinxdoc_1.8.5-5_all.deb ...
Unpacking libjs-sphinxdoc (1.8.5-5) ...
Selecting previously unselected package libpython2.7:amd64.
Preparing to unpack .../45-libpython2.7_2.7.17-1+b1_amd64.deb ...
Unpacking libpython2.7:amd64 (2.7.17-1+b1) ...
Selecting previously unselected package libpython2.7-dev:amd64.
Preparing to unpack .../46-libpython2.7-dev_2.7.17-1+b1_amd64.deb ...
Unpacking libpython2.7-dev:amd64 (2.7.17-1+b1) ...
Selecting previously unselected package libpython3.7:amd64.
Preparing to unpack .../47-libpython3.7_3.7.6-1+b1_amd64.deb ...
Unpacking libpython3.7:amd64 (3.7.6-1+b1) ...
Selecting previously unselected package libpython3.7-dev:amd64.
Preparing to unpack .../48-libpython3.7-dev_3.7.6-1+b1_amd64.deb ...
Unpacking libpython3.7-dev:amd64 (3.7.6-1+b1) ...
Selecting previously unselected package libpython3-dev:amd64.
Preparing to unpack .../49-libpython3-dev_3.7.5-3_amd64.deb ...
Unpacking libpython3-dev:amd64 (3.7.5-3) ...
Selecting previously unselected package libpython3.8-stdlib:amd64.
Preparing to unpack .../50-libpython3.8-stdlib_3.8.2~rc2-2_amd64.deb ...
Unpacking libpython3.8-stdlib:amd64 (3.8.2~rc2-2) ...
Selecting previously unselected package python-alabaster.
Preparing to unpack .../51-python-alabaster_0.7.8-1_all.deb ...
Unpacking python-alabaster (0.7.8-1) ...
Selecting previously unselected package python-all.
Preparing to unpack .../52-python-all_2.7.17-2_amd64.deb ...
Unpacking python-all (2.7.17-2) ...
Selecting previously unselected package python-attr.
Preparing to unpack .../53-python-attr_19.3.0-1_all.deb ...
Unpacking python-attr (19.3.0-1) ...
Selecting previously unselected package python-babel-localedata.
Preparing to unpack .../54-python-babel-localedata_2.8.0+dfsg.1-2_all.deb ...
Unpacking python-babel-localedata (2.8.0+dfsg.1-2) ...
Selecting previously unselected package python-pkg-resources.
Preparing to unpack .../55-python-pkg-resources_44.0.0-1_all.deb ...
Unpacking python-pkg-resources (44.0.0-1) ...
Selecting previously unselected package python-tz.
Preparing to unpack .../56-python-tz_2019.3-1_all.deb ...
Unpacking python-tz (2019.3-1) ...
Selecting previously unselected package python-babel.
Preparing to unpack .../57-python-babel_2.8.0+dfsg.1-2_all.deb ...
Unpacking python-babel (2.8.0+dfsg.1-2) ...
Selecting previously unselected package python-certifi.
Preparing to unpack .../58-python-certifi_2019.11.28-1_all.deb ...
Unpacking python-certifi (2019.11.28-1) ...
Selecting previously unselected package python-chardet.
Preparing to unpack .../59-python-chardet_3.0.4-4_all.deb ...
Unpacking python-chardet (3.0.4-4) ...
Selecting previously unselected package python-roman.
Preparing to unpack .../60-python-roman_2.0.0-3_all.deb ...
Unpacking python-roman (2.0.0-3) ...
Selecting previously unselected package python-docutils.
Preparing to unpack .../61-python-docutils_0.16+dfsg-1_all.deb ...
Unpacking python-docutils (0.16+dfsg-1) ...
Selecting previously unselected package python-idna.
Preparing to unpack .../62-python-idna_2.6-2_all.deb ...
Unpacking python-idna (2.6-2) ...
Selecting previously unselected package python-imagesize.
Preparing to unpack .../63-python-imagesize_1.2.0-1_all.deb ...
Unpacking python-imagesize (1.2.0-1) ...
Selecting previously unselected package python-markupsafe.
Preparing to unpack .../64-python-markupsafe_1.1.0-1+b2_amd64.deb ...
Unpacking python-markupsafe (1.1.0-1+b2) ...
Selecting previously unselected package python-jinja2.
Preparing to unpack .../65-python-jinja2_2.10.1-1_all.deb ...
Unpacking python-jinja2 (2.10.1-1) ...
Selecting previously unselected package python-pyparsing.
Preparing to unpack .../66-python-pyparsing_2.4.6-1_all.deb ...
Unpacking python-pyparsing (2.4.6-1) ...
Selecting previously unselected package python-six.
Preparing to unpack .../67-python-six_1.14.0-2_all.deb ...
Unpacking python-six (1.14.0-2) ...
Selecting previously unselected package python-packaging.
Preparing to unpack .../68-python-packaging_19.1-2_all.deb ...
Unpacking python-packaging (19.1-2) ...
Selecting previously unselected package python-pygments.
Preparing to unpack .../69-python-pygments_2.3.1+dfsg-1_all.deb ...
Unpacking python-pygments (2.3.1+dfsg-1) ...
Selecting previously unselected package python-urllib3.
Preparing to unpack .../70-python-urllib3_1.25.8-1_all.deb ...
Unpacking python-urllib3 (1.25.8-1) ...
Selecting previously unselected package python-requests.
Preparing to unpack .../71-python-requests_2.22.0-2_all.deb ...
Unpacking python-requests (2.22.0-2) ...
Selecting previously unselected package python-setuptools.
Preparing to unpack .../72-python-setuptools_44.0.0-1_all.deb ...
Unpacking python-setuptools (44.0.0-1) ...
Selecting previously unselected package python-typing.
Preparing to unpack .../73-python-typing_3.6.6-2_all.deb ...
Unpacking python-typing (3.6.6-2) ...
Selecting previously unselected package sphinx-common.
Preparing to unpack .../74-sphinx-common_1.8.5-5_all.deb ...
Unpacking sphinx-common (1.8.5-5) ...
Selecting previously unselected package python-sphinx.
Preparing to unpack .../75-python-sphinx_1.8.5-5_all.deb ...
Unpacking python-sphinx (1.8.5-5) ...
Selecting previously unselected package python2.7-dev.
Preparing to unpack .../76-python2.7-dev_2.7.17-1+b1_amd64.deb ...
Unpacking python2.7-dev (2.7.17-1+b1) ...
Selecting previously unselected package python2.7-doc.
Preparing to unpack .../77-python2.7-doc_2.7.17-1_all.deb ...
Unpacking python2.7-doc (2.7.17-1) ...
Selecting previously unselected package python3.8.
Preparing to unpack .../78-python3.8_3.8.2~rc2-2_amd64.deb ...
Unpacking python3.8 (3.8.2~rc2-2) ...
Selecting previously unselected package python3-all.
Preparing to unpack .../79-python3-all_3.7.5-3_amd64.deb ...
Unpacking python3-all (3.7.5-3) ...
Selecting previously unselected package zlib1g-dev:amd64.
Preparing to unpack .../80-zlib1g-dev_1%3a1.2.11.dfsg-2_amd64.deb ...
Unpacking zlib1g-dev:amd64 (1:1.2.11.dfsg-2) ...
Selecting previously unselected package python3.7-dev.
Preparing to unpack .../81-python3.7-dev_3.7.6-1+b1_amd64.deb ...
Unpacking python3.7-dev (3.7.6-1+b1) ...
Selecting previously unselected package python3-dev.
Preparing to unpack .../82-python3-dev_3.7.5-3_amd64.deb ...
Unpacking python3-dev (3.7.5-3) ...
Selecting previously unselected package python3-pkg-resources.
Preparing to unpack .../83-python3-pkg-resources_44.0.0-1_all.deb ...
Unpacking python3-pkg-resources (44.0.0-1) ...
Selecting previously unselected package python3-setuptools.
Preparing to unpack .../84-python3-setuptools_44.0.0-1_all.deb ...
Unpacking python3-setuptools (44.0.0-1) ...
Selecting previously unselected package sbuild-build-depends-main-dummy.
Preparing to unpack .../85-sbuild-build-depends-main-dummy_0.invalid.0_amd64.deb ...
Unpacking sbuild-build-depends-main-dummy (0.invalid.0) ...
Setting up libpipeline1:amd64 (1.5.2-2) ...
Setting up libpython3.8-minimal:amd64 (3.8.2~rc2-2) ...
Setting up mime-support (3.64) ...
Setting up libmagic-mgc (1:5.38-4) ...
Setting up libarchive-zip-perl (1.67-1) ...
Setting up libglib2.0-0:amd64 (2.62.4-2) ...
No schema files found: doing nothing.
Setting up libdebhelper-perl (12.9) ...
Setting up libsqlite3-0:amd64 (3.31.1-3) ...
Setting up libmagic1:amd64 (1:5.38-4) ...
Setting up gettext-base (0.19.8.1-10) ...
Setting up file (1:5.38-4) ...
Setting up libicu63:amd64 (63.2-2) ...
Setting up python-babel-localedata (2.8.0+dfsg.1-2) ...
Setting up autotools-dev (20180224.1) ...
Setting up libexpat1-dev:amd64 (2.2.9-1) ...
Setting up libsigsegv2:amd64 (2.12-2) ...
Setting up bsdmainutils (11.1.2+b1) ...
update-alternatives: using /usr/bin/bsd-write to provide /usr/bin/write (write) in auto mode
update-alternatives: using /usr/bin/bsd-from to provide /usr/bin/from (from) in auto mode
Setting up autopoint (0.19.8.1-10) ...
Setting up zlib1g-dev:amd64 (1:1.2.11.dfsg-2) ...
Setting up python3.8-minimal (3.8.2~rc2-2) ...
Setting up sensible-utils (0.0.12+nmu1) ...
Setting up libuchardet0:amd64 (0.0.6-3) ...
Setting up libsub-override-perl (0.09-2) ...
Setting up sgml-base (1.29.1) ...
Setting up libmpdec2:amd64 (2.4.2-2) ...
Setting up libjs-jquery (3.3.1~dfsg-3) ...
Setting up openssl (1.1.1d-2) ...
Setting up libelf1:amd64 (0.176-1.1) ...
Setting up readline-common (8.0-3) ...
Setting up libxml2:amd64 (2.9.10+dfsg-3) ...
Setting up libjs-underscore (1.9.1~dfsg-1) ...
Setting up python2.7-doc (2.7.17-1) ...
Setting up libfile-stripnondeterminism-perl (1.6.3-2) ...
Setting up libtool (2.4.6-13) ...
Setting up libreadline8:amd64 (8.0-3) ...
Setting up m4 (1.4.18-4) ...
Setting up libpython2.7-stdlib:amd64 (2.7.17-1+b1) ...
Setting up ca-certificates (20190110) ...
Updating certificates in /etc/ssl/certs...
128 added, 0 removed; done.
Setting up libcroco3:amd64 (0.6.13-1) ...
Setting up libjs-sphinxdoc (1.8.5-5) ...
Setting up autoconf (2.69-11.1) ...
Setting up dh-strip-nondeterminism (1.6.3-2) ...
Setting up dwz (0.13-5) ...
Setting up groff-base (1.22.4-4) ...
Setting up xml-core (0.18+nmu1) ...
Setting up libpython3.8-stdlib:amd64 (3.8.2~rc2-2) ...
Setting up python3.8 (3.8.2~rc2-2) ...
Setting up automake (1:1.16.1-4) ...
update-alternatives: using /usr/bin/automake-1.16 to provide /usr/bin/automake (automake) in auto mode
Setting up libpython3.7-stdlib:amd64 (3.7.6-1+b1) ...
Setting up libpython2.7:amd64 (2.7.17-1+b1) ...
Setting up libpython2.7-dev:amd64 (2.7.17-1+b1) ...
Setting up gettext (0.19.8.1-10) ...
Setting up python2.7 (2.7.17-1+b1) ...
Setting up libpython3.7:amd64 (3.7.6-1+b1) ...
Setting up libpython2-stdlib:amd64 (2.7.17-2) ...
Setting up libpython3.7-dev:amd64 (3.7.6-1+b1) ...
Setting up man-db (2.9.0-2) ...
Not building database; man-db/auto-update is not 'true'.
Setting up python2 (2.7.17-2) ...
Setting up python-certifi (2019.11.28-1) ...
Setting up intltool-debian (0.35.0+20060710.5) ...
Setting up python-six (1.14.0-2) ...
Setting up libpython-stdlib:amd64 (2.7.17-2) ...
Setting up python-pyparsing (2.4.6-1) ...
Setting up python-imagesize (1.2.0-1) ...
Setting up sphinx-common (1.8.5-5) ...
Setting up python-markupsafe (1.1.0-1+b2) ...
Setting up python (2.7.17-2) ...
Setting up libpython3-stdlib:amd64 (3.7.5-3) ...
Setting up python2.7-dev (2.7.17-1+b1) ...
Setting up python-urllib3 (1.25.8-1) ...
Setting up python3.7 (3.7.6-1+b1) ...
Setting up cython (0.29.14-0.1+b1) ...
Setting up libpython3-dev:amd64 (3.7.5-3) ...
Setting up python-typing (3.6.6-2) ...
Setting up python-pkg-resources (44.0.0-1) ...
Setting up po-debconf (1.0.21) ...
Setting up python3 (3.7.5-3) ...
Setting up python-all (2.7.17-2) ...
Setting up python-attr (19.3.0-1) ...
Setting up python3.7-dev (3.7.6-1+b1) ...
Setting up python-pygments (2.3.1+dfsg-1) ...
Setting up python-jinja2 (2.10.1-1) ...
Setting up python-idna (2.6-2) ...
Setting up cython3 (0.29.14-0.1+b1) ...
Setting up python-setuptools (44.0.0-1) ...
Setting up python-roman (2.0.0-3) ...
Setting up python-tz (2019.3-1) ...
Setting up python-alabaster (0.7.8-1) ...
Setting up python-chardet (3.0.4-4) ...
Setting up python-requests (2.22.0-2) ...
Setting up python-babel (2.8.0+dfsg.1-2) ...
update-alternatives: using /usr/bin/pybabel-python2 to provide /usr/bin/pybabel (pybabel) in auto mode
Setting up python3-lib2to3 (3.8.0-1) ...
Setting up python-packaging (19.1-2) ...
Setting up python3-pkg-resources (44.0.0-1) ...
Setting up python3-distutils (3.8.0-1) ...
Setting up dh-python (4.20191017) ...
Setting up python3-setuptools (44.0.0-1) ...
Setting up python3-all (3.7.5-3) ...
Setting up python3-dev (3.7.5-3) ...
Setting up dh-autoreconf (19) ...
Setting up debhelper (12.9) ...
Processing triggers for libc-bin (2.29-10) ...
Processing triggers for sgml-base (1.29.1) ...
Setting up docutils-common (0.16+dfsg-1) ...
Processing triggers for sgml-base (1.29.1) ...
Setting up python-docutils (0.16+dfsg-1) ...
update-alternatives: using /usr/share/docutils/scripts/python2/rst-buildhtml to provide /usr/bin/rst-buildhtml (rst-buildhtml) in auto mode
update-alternatives: using /usr/share/docutils/scripts/python2/rst2html to provide /usr/bin/rst2html (rst2html) in auto mode
update-alternatives: using /usr/share/docutils/scripts/python2/rst2html4 to provide /usr/bin/rst2html4 (rst2html4) in auto mode
update-alternatives: using /usr/share/docutils/scripts/python2/rst2html5 to provide /usr/bin/rst2html5 (rst2html5) in auto mode
update-alternatives: using /usr/share/docutils/scripts/python2/rst2latex to provide /usr/bin/rst2latex (rst2latex) in auto mode
update-alternatives: using /usr/share/docutils/scripts/python2/rst2man to provide /usr/bin/rst2man (rst2man) in auto mode
update-alternatives: using /usr/share/docutils/scripts/python2/rst2odt to provide /usr/bin/rst2odt (rst2odt) in auto mode
update-alternatives: using /usr/share/docutils/scripts/python2/rst2odt_prepstyles to provide /usr/bin/rst2odt_prepstyles (rst2odt_prepstyles) in auto mode
update-alternatives: using /usr/share/docutils/scripts/python2/rst2pseudoxml to provide /usr/bin/rst2pseudoxml (rst2pseudoxml) in auto mode
update-alternatives: using /usr/share/docutils/scripts/python2/rst2s5 to provide /usr/bin/rst2s5 (rst2s5) in auto mode
update-alternatives: using /usr/share/docutils/scripts/python2/rst2xetex to provide /usr/bin/rst2xetex (rst2xetex) in auto mode
update-alternatives: using /usr/share/docutils/scripts/python2/rst2xml to provide /usr/bin/rst2xml (rst2xml) in auto mode
update-alternatives: using /usr/share/docutils/scripts/python2/rstpep2html to provide /usr/bin/rstpep2html (rstpep2html) in auto mode
Setting up python-sphinx (1.8.5-5) ...
update-alternatives: using /usr/share/sphinx/scripts/python2/sphinx-apidoc to provide /usr/bin/sphinx-apidoc (sphinx-apidoc) in auto mode
update-alternatives: using /usr/share/sphinx/scripts/python2/sphinx-autogen to provide /usr/bin/sphinx-autogen (sphinx-autogen) in auto mode
update-alternatives: using /usr/share/sphinx/scripts/python2/sphinx-build to provide /usr/bin/sphinx-build (sphinx-build) in auto mode
update-alternatives: using /usr/share/sphinx/scripts/python2/sphinx-quickstart to provide /usr/bin/sphinx-quickstart (sphinx-quickstart) in auto mode
Setting up sbuild-build-depends-main-dummy (0.invalid.0) ...
Processing triggers for ca-certificates (20190110) ...
Updating certificates in /etc/ssl/certs...
0 added, 0 removed; done.
Running hooks in /etc/ca-certificates/update.d...
done.

+------------------------------------------------------------------------------+
| Check architectures                                                          |
+------------------------------------------------------------------------------+

Arch check ok (amd64 included in any all)

+------------------------------------------------------------------------------+
| Build environment                                                            |
+------------------------------------------------------------------------------+

Kernel: Linux 4.19.0-6-cloud-amd64 #1 SMP Debian 4.19.67-2+deb10u2 (2019-11-11) amd64 (x86_64)
Toolchain package versions: binutils_2.34-3 dpkg-dev_1.19.7 g++-9_9.2.1-29 gcc-9_9.2.1-29 libc6-dev_2.29-10 libstdc++-9-dev_9.2.1-29 libstdc++6_10-20200222-1 linux-libc-dev_5.4.19-1
Package versions: adduser_3.118 apt_1.8.4 autoconf_2.69-11.1 automake_1:1.16.1-4 autopoint_0.19.8.1-10 autotools-dev_20180224.1 base-files_11 base-passwd_3.5.47 bash_5.0-5 binutils_2.34-3 binutils-common_2.34-3 binutils-x86-64-linux-gnu_2.34-3 bsdmainutils_11.1.2+b1 bsdutils_1:2.34-0.1 build-essential_12.8 bzip2_1.0.8-2 ca-certificates_20190110 clang-10_1:10.0.0~+rc2-1 coreutils_8.30-3+b1 cpp_4:9.2.1-3.1 cpp-9_9.2.1-29 cython_0.29.14-0.1+b1 cython3_0.29.14-0.1+b1 dash_0.5.10.2-6 debconf_1.5.73 debhelper_12.9 debian-archive-keyring_2019.1 debianutils_4.9.1 dh-autoreconf_19 dh-python_4.20191017 dh-strip-nondeterminism_1.6.3-2 diffutils_1:3.7-3 docutils-common_0.16+dfsg-1 dpkg_1.19.7 dpkg-dev_1.19.7 dwz_0.13-5 e2fsprogs_1.45.5-2 fakeroot_1.24-1 fdisk_2.34-0.1 file_1:5.38-4 findutils_4.7.0-1 g++_4:9.2.1-3.1 g++-9_9.2.1-29 gcc_4:9.2.1-3.1 gcc-10-base_10-20200222-1 gcc-9_9.2.1-29 gcc-9-base_9.2.1-29 gettext_0.19.8.1-10 gettext-base_0.19.8.1-10 gpgv_2.2.19-1 grep_3.4-1 groff-base_1.22.4-4 gzip_1.9-3+b1 hostname_3.23 init-system-helpers_1.57 intltool-debian_0.35.0+20060710.5 lib32gcc-s1_10-20200222-1 lib32gcc1_1:10-20200222-1 lib32stdc++6_10-20200222-1 libacl1_2.2.53-5 libapt-pkg5.0_1.8.4 libarchive-zip-perl_1.67-1 libasan5_9.2.1-29 libatomic1_10-20200222-1 libattr1_1:2.4.48-5 libaudit-common_1:2.8.5-2 libaudit1_1:2.8.5-2+b1 libbinutils_2.34-3 libblkid1_2.34-0.1 libbsd0_0.10.0-1 libbz2-1.0_1.0.8-2 libc-bin_2.29-10 libc-dev-bin_2.29-10 libc6_2.29-10 libc6-dev_2.29-10 libc6-i386_2.29-10 libcap-ng0_0.7.9-2.1+b1 libcc1-0_10-20200222-1 libclang-common-10-dev_1:10.0.0~+rc2-1 libclang-cpp10_1:10.0.0~+rc2-1 libclang1-10_1:10.0.0~+rc2-1 libcom-err2_1.45.5-2 libcroco3_0.6.13-1 libcrypt-dev_1:4.4.10-10 libcrypt1_1:4.4.10-10 libctf-nobfd0_2.34-3 libctf0_2.34-3 libdb5.3_5.3.28+dfsg1-0.6 libdebconfclient0_0.251 libdebhelper-perl_12.9 libdpkg-perl_1.19.7 libedit2_3.1-20191231-1 libelf1_0.176-1.1 libexpat1_2.2.9-1 libexpat1-dev_2.2.9-1 libext2fs2_1.45.5-2 libfakeroot_1.24-1 libfdisk1_2.34-0.1 libffi7_3.3-3 libfile-stripnondeterminism-perl_1.6.3-2 libgc1c2_1:7.6.4-0.4 libgcc-9-dev_9.2.1-29 libgcc-s1_10-20200222-1 libgcc1_1:10-20200222-1 libgcrypt20_1.8.5-5 libgdbm-compat4_1.18.1-5 libgdbm6_1.18.1-5 libglib2.0-0_2.62.4-2 libgmp10_2:6.2.0+dfsg-4 libgnutls30_3.6.12-2 libgomp1_10-20200222-1 libgpg-error0_1.37-1 libhogweed5_3.5.1+really3.5.1-2 libicu63_63.2-2 libidn2-0_2.2.0-2 libisl22_0.22.1-1 libitm1_10-20200222-1 libjs-jquery_3.3.1~dfsg-3 libjs-sphinxdoc_1.8.5-5 libjs-underscore_1.9.1~dfsg-1 libllvm10_1:10.0.0~+rc2-1 liblsan0_10-20200222-1 liblz4-1_1.9.2-2 liblzma5_5.2.4-1+b1 libmagic-mgc_1:5.38-4 libmagic1_1:5.38-4 libmount1_2.34-0.1 libmpc3_1.1.0-1 libmpdec2_2.4.2-2 libmpfr6_4.0.2-1 libncursesw6_6.1+20191019-1 libnettle7_3.5.1+really3.5.1-2 libobjc-9-dev_9.2.1-29 libobjc4_10-20200222-1 libomp-10-dev_1:10.0.0~+rc2-1 libomp5-10_1:10.0.0~+rc2-1 libp11-kit0_0.23.20-1 libpam-modules_1.3.1-5 libpam-modules-bin_1.3.1-5 libpam-runtime_1.3.1-5 libpam0g_1.3.1-5 libpcre2-8-0_10.34-7 libpcre3_2:8.39-12+b1 libperl5.30_5.30.0-9 libpipeline1_1.5.2-2 libpython-stdlib_2.7.17-2 libpython2-stdlib_2.7.17-2 libpython2.7_2.7.17-1+b1 libpython2.7-dev_2.7.17-1+b1 libpython2.7-minimal_2.7.17-1+b1 libpython2.7-stdlib_2.7.17-1+b1 libpython3-dev_3.7.5-3 libpython3-stdlib_3.7.5-3 libpython3.7_3.7.6-1+b1 libpython3.7-dev_3.7.6-1+b1 libpython3.7-minimal_3.7.6-1+b1 libpython3.7-stdlib_3.7.6-1+b1 libpython3.8-minimal_3.8.2~rc2-2 libpython3.8-stdlib_3.8.2~rc2-2 libquadmath0_10-20200222-1 libreadline8_8.0-3 libseccomp2_2.4.2-2 libselinux1_3.0-1+b1 libsemanage-common_3.0-1 libsemanage1_3.0-1+b1 libsepol1_3.0-1 libsigsegv2_2.12-2 libsmartcols1_2.34-0.1 libsqlite3-0_3.31.1-3 libss2_1.45.5-2 libssl1.1_1.1.1d-2 libstdc++-9-dev_9.2.1-29 libstdc++6_10-20200222-1 libsub-override-perl_0.09-2 libsystemd0_244.3-1 libtasn1-6_4.16.0-2 libtinfo6_6.1+20191019-1 libtool_2.4.6-13 libtsan0_10-20200222-1 libubsan1_10-20200222-1 libuchardet0_0.0.6-3 libudev1_244.3-1 libunistring2_0.9.10-2 libuuid1_2.34-0.1 libxml2_2.9.10+dfsg-3 libz3-4_4.8.7-4 libzstd1_1.4.4+dfsg-3 linux-libc-dev_5.4.19-1 login_1:4.8.1-1 logsave_1.45.5-2 lsb-base_11.1.0 m4_1.4.18-4 make_4.2.1-1.2 man-db_2.9.0-2 mawk_1.3.4.20200120-2 mime-support_3.64 mount_2.34-0.1 ncurses-base_6.1+20191019-1 ncurses-bin_6.1+20191019-1 openssl_1.1.1d-2 passwd_1:4.8.1-1 patch_2.7.6-6 perl_5.30.0-9 perl-base_5.30.0-9 perl-modules-5.30_5.30.0-9 po-debconf_1.0.21 python_2.7.17-2 python-alabaster_0.7.8-1 python-all_2.7.17-2 python-attr_19.3.0-1 python-babel_2.8.0+dfsg.1-2 python-babel-localedata_2.8.0+dfsg.1-2 python-certifi_2019.11.28-1 python-chardet_3.0.4-4 python-docutils_0.16+dfsg-1 python-idna_2.6-2 python-imagesize_1.2.0-1 python-jinja2_2.10.1-1 python-markupsafe_1.1.0-1+b2 python-minimal_2.7.17-2 python-packaging_19.1-2 python-pkg-resources_44.0.0-1 python-pygments_2.3.1+dfsg-1 python-pyparsing_2.4.6-1 python-requests_2.22.0-2 python-roman_2.0.0-3 python-setuptools_44.0.0-1 python-six_1.14.0-2 python-sphinx_1.8.5-5 python-typing_3.6.6-2 python-tz_2019.3-1 python-urllib3_1.25.8-1 python2_2.7.17-2 python2-minimal_2.7.17-2 python2.7_2.7.17-1+b1 python2.7-dev_2.7.17-1+b1 python2.7-doc_2.7.17-1 python2.7-minimal_2.7.17-1+b1 python3_3.7.5-3 python3-all_3.7.5-3 python3-dev_3.7.5-3 python3-distutils_3.8.0-1 python3-lib2to3_3.8.0-1 python3-minimal_3.7.5-3 python3-pkg-resources_44.0.0-1 python3-setuptools_44.0.0-1 python3.7_3.7.6-1+b1 python3.7-dev_3.7.6-1+b1 python3.7-minimal_3.7.6-1+b1 python3.8_3.8.2~rc2-2 python3.8-minimal_3.8.2~rc2-2 readline-common_8.0-3 sbuild-build-depends-main-dummy_0.invalid.0 sed_4.7-1 sensible-utils_0.0.12+nmu1 sgml-base_1.29.1 sphinx-common_1.8.5-5 sysvinit-utils_2.96-2.1 tar_1.30+dfsg-6+b1 tzdata_2019c-3 util-linux_2.34-0.1 xml-core_0.18+nmu1 xz-utils_5.2.4-1+b1 zlib1g_1:1.2.11.dfsg-2 zlib1g-dev_1:1.2.11.dfsg-2

+------------------------------------------------------------------------------+
| Build                                                                        |
+------------------------------------------------------------------------------+


Unpack source
-------------

-----BEGIN PGP SIGNED MESSAGE-----
Hash: SHA512

Format: 3.0 (quilt)
Source: logbook
Binary: python3-logbook, python-logbook-doc
Architecture: any all
Version: 1.5.3-2
Maintainer: Agustin Henze <tin@debian.org>
Uploaders:  Iaki Malerba <inaki@malerba.space>,
Homepage: http://pythonhosted.org/Logbook/
Standards-Version: 4.4.1
Vcs-Browser: https://salsa.debian.org/debian/logbook
Vcs-Git: https://salsa.debian.org/debian/logbook.git
Testsuite: autopkgtest
Testsuite-Triggers: libzmq3-dev, python3-pip, python3-pytest, python3-setuptools, python3-wheel, redis-server
Build-Depends: debhelper-compat (= 12), dh-python, python-all, python-setuptools, python3-all, python3-setuptools, python-sphinx (>= 1.0.7+dfsg) | python3-sphinx, python-docutils, python2.7-doc, cython, cython3, python2.7-dev, python3-dev
Package-List:
 python-logbook-doc deb doc optional arch=all
 python3-logbook deb python optional arch=any
Checksums-Sha1:
 e43d38224ba6829cee6a439d5de9ab2bfe95f983 371901 logbook_1.5.3.orig.tar.gz
 5071794d3ce3b2f2f0dc0734af84cdc9ef3ef0e3 52648 logbook_1.5.3-2.debian.tar.xz
Checksums-Sha256:
 d23a1d2b3dd094adcafb6c7e636f9b88782a6868538f96beb7b10534f9a16557 371901 logbook_1.5.3.orig.tar.gz
 7ff0be374d399ce8c169e14d0221884ee8d6808af81803d4b4c9a6c4f0ec51ff 52648 logbook_1.5.3-2.debian.tar.xz
Files:
 35e241aca9ccfca28eb1847be0b2a957 371901 logbook_1.5.3.orig.tar.gz
 f49e7d9788c142d9e2be6e1bd032e960 52648 logbook_1.5.3-2.debian.tar.xz

-----BEGIN PGP SIGNATURE-----

iQJIBAEBCgAyFiEE1ebJmvu2M+JYt+af57yRVE86UxsFAl4Aw2oUHGluYWtpQG1h
bGVyYmEuc3BhY2UACgkQ57yRVE86Uxu3bA//R0jGd1Z4RqMgo05lcz8EoKDmYVhM
WdQZLGV5IksvKAJQxeGGJ6otIfdgGAKPgKPjk9wdpff4gxlF0z17sFA7yx7uiPed
s4VHpcNyK78pGS5aLsxCEgrJpy3HH3NakAfC8ZvF48nziSpbewelzYEyFS8jvi0X
nh8eR1pcYsGx2allX6zHRj1FIQwsgGLCb6BKuXSbIalS7u3jm6TbKrQSR62d7lll
5BLpGMC31QXoi76yUznbrCm4mbQjyH0RtbNgReHYRNmqP+Jn0XbcaHKkGkIT7Ebe
vkMXTp0yiJmxR742A5J4w64VogkEsMEjmClCl+gCq1f3p8UtMTaLCIMt/cfKM9DR
D4Y7paNJ2cEdVg0GPaSypagUs4VK9FMqTL3ksOcL/FTRG4x7OhPzeeSsAfBwQZY6
eEh0G8MzEfsH8iudtWSH5lQg7ZxIazIPe+wJa1ST6PhJvZK+S6U2ZPq6m0ozXpbD
zLH2z0MfWB3yNq4BZ/Ra4GwrKYjc3pzEvcvPSVixEVnmtz/SV9LmQ4ycPK335BKo
ABgK/iXq9aIqPBsudy7azQ1CyrkMdcWvUEKn+q1bLWHYb6XWEWy8XMqosuN4fGQ1
kjbchnefwRXYTD7jM9wyQ4wx0lHaD+2rKxoVoF+i52YVv2zcDXUeCV53VeDPD5br
/up57Qyxtw9hcmU=
=rNx6
-----END PGP SIGNATURE-----

gpgv: unknown type of key resource 'trustedkeys.kbx'
gpgv: keyblock resource '/sbuild-nonexistent/.gnupg/trustedkeys.kbx': General error
gpgv: Signature made Mon Dec 23 13:38:50 2019 UTC
gpgv:                using RSA key D5E6C99AFBB633E258B7E69FE7BC91544F3A531B
gpgv:                issuer "inaki@malerba.space"
gpgv: Can't check signature: No public key
dpkg-source: warning: failed to verify signature on ./logbook_1.5.3-2.dsc
dpkg-source: info: extracting logbook in /<<PKGBUILDDIR>>
dpkg-source: info: unpacking logbook_1.5.3.orig.tar.gz
dpkg-source: info: unpacking logbook_1.5.3-2.debian.tar.xz
dpkg-source: info: using patch list from debian/patches/series
dpkg-source: info: applying 0001-Point-intersphinx-map-to-local-doc.patch

Check disk space
----------------

Sufficient free space for build

User Environment
----------------

APT_CONFIG=/var/lib/sbuild/apt.conf
HOME=/sbuild-nonexistent
LANG=C.UTF-8
LC_ALL=C.UTF-8
LOGNAME=user42
PATH=/usr/local/sbin:/usr/local/bin:/usr/sbin:/usr/bin:/sbin:/bin:/usr/games
SCHROOT_ALIAS_NAME=unstable
SCHROOT_CHROOT_NAME=sid-amd64-sbuild
SCHROOT_COMMAND=env
SCHROOT_GID=1001
SCHROOT_GROUP=user42
SCHROOT_SESSION_ID=sid-amd64-sbuild-37fcb293-898d-44b2-af04-589ebaf0787a
SCHROOT_UID=1001
SCHROOT_USER=user42
SHELL=/bin/sh
USER=user42

dpkg-buildpackage
-----------------

Command: dpkg-buildpackage -us -uc -b -rfakeroot
dpkg-buildpackage: info: source package logbook
dpkg-buildpackage: info: source version 1.5.3-2
dpkg-buildpackage: info: source distribution unstable
dpkg-buildpackage: info: source changed by Iaki Malerba <inaki@malerba.space>
 dpkg-source --before-build .
dpkg-buildpackage: info: host architecture amd64
 fakeroot debian/rules clean
dh clean --with python3,sphinxdoc --buildsystem=pybuild
   debian/rules override_dh_auto_clean
make[1]: Entering directory '/<<PKGBUILDDIR>>'
dh_auto_clean
I: pybuild base:217: python2.7 setup.py clean 
running clean
removing '/<<PKGBUILDDIR>>/.pybuild/cpython2_2.7_logbook/build' (and everything under it)
'build/bdist.linux-amd64' does not exist -- can't clean it
'build/scripts-2.7' does not exist -- can't clean it
I: pybuild base:217: python3.8 setup.py clean 
running clean
removing '/<<PKGBUILDDIR>>/.pybuild/cpython3_3.8_logbook/build' (and everything under it)
'build/bdist.linux-amd64' does not exist -- can't clean it
'build/scripts-3.8' does not exist -- can't clean it
I: pybuild base:217: python3.7 setup.py clean 
running clean
removing '/<<PKGBUILDDIR>>/.pybuild/cpython3_3.7_logbook/build' (and everything under it)
'build/bdist.linux-amd64' does not exist -- can't clean it
'build/scripts-3.7' does not exist -- can't clean it
rm -rf docs/_build
rm -rf Logbook.egg-info
make[1]: Leaving directory '/<<PKGBUILDDIR>>'
   dh_autoreconf_clean -O--buildsystem=pybuild
   dh_clean -O--buildsystem=pybuild
 debian/rules build
dh build --with python3,sphinxdoc --buildsystem=pybuild
   dh_update_autotools_config -O--buildsystem=pybuild
   dh_autoreconf -O--buildsystem=pybuild
   dh_auto_configure -O--buildsystem=pybuild
I: pybuild base:217: python2.7 setup.py config 
running config
I: pybuild base:217: python3.8 setup.py config 
running config
I: pybuild base:217: python3.7 setup.py config 
running config
   debian/rules override_dh_auto_build
make[1]: Entering directory '/<<PKGBUILDDIR>>'
make cybuild
make[2]: Entering directory '/<<PKGBUILDDIR>>'
cython logbook/_speedups.pyx
python setup.py build_ext --inplace
running build_ext
building 'logbook._speedups' extension
creating build
creating build/temp.linux-x86_64-2.7
creating build/temp.linux-x86_64-2.7/logbook
x86_64-linux-gnu-gcc -pthread -fno-strict-aliasing -g -O2 -fdebug-prefix-map=/<<PKGBUILDDIR>>=. -fstack-protector-strong -Wformat -Werror=format-security -Wdate-time -D_FORTIFY_SOURCE=2 -fPIC -I/usr/include/python2.7 -c logbook/_speedups.c -o build/temp.linux-x86_64-2.7/logbook/_speedups.o
x86_64-linux-gnu-gcc -pthread -shared -Wl,-O1 -Wl,-Bsymbolic-functions -Wl,-z,relro -fno-strict-aliasing -DNDEBUG -g -fwrapv -O2 -Wall -Wstrict-prototypes -Wdate-time -D_FORTIFY_SOURCE=2 -g -fdebug-prefix-map=/build/python2.7-x6KfBw/python2.7-2.7.17=. -fstack-protector-strong -Wformat -Werror=format-security -Wl,-z,relro -Wl,-z,now -g -O2 -fdebug-prefix-map=/<<PKGBUILDDIR>>=. -fstack-protector-strong -Wformat -Werror=format-security -Wdate-time -D_FORTIFY_SOURCE=2 -fPIC build/temp.linux-x86_64-2.7/logbook/_speedups.o -o /<<PKGBUILDDIR>>/logbook/_speedups.so
make[2]: Leaving directory '/<<PKGBUILDDIR>>'
dh_auto_build
I: pybuild base:217: /usr/bin/python setup.py build 
running build
running build_py
creating /<<PKGBUILDDIR>>/.pybuild/cpython2_2.7_logbook/build/logbook
copying logbook/__init__.py -> /<<PKGBUILDDIR>>/.pybuild/cpython2_2.7_logbook/build/logbook
copying logbook/concurrency.py -> /<<PKGBUILDDIR>>/.pybuild/cpython2_2.7_logbook/build/logbook
copying logbook/__version__.py -> /<<PKGBUILDDIR>>/.pybuild/cpython2_2.7_logbook/build/logbook
copying logbook/queues.py -> /<<PKGBUILDDIR>>/.pybuild/cpython2_2.7_logbook/build/logbook
copying logbook/helpers.py -> /<<PKGBUILDDIR>>/.pybuild/cpython2_2.7_logbook/build/logbook
copying logbook/notifiers.py -> /<<PKGBUILDDIR>>/.pybuild/cpython2_2.7_logbook/build/logbook
copying logbook/handlers.py -> /<<PKGBUILDDIR>>/.pybuild/cpython2_2.7_logbook/build/logbook
copying logbook/more.py -> /<<PKGBUILDDIR>>/.pybuild/cpython2_2.7_logbook/build/logbook
copying logbook/ticketing.py -> /<<PKGBUILDDIR>>/.pybuild/cpython2_2.7_logbook/build/logbook
copying logbook/compat.py -> /<<PKGBUILDDIR>>/.pybuild/cpython2_2.7_logbook/build/logbook
copying logbook/_fallback.py -> /<<PKGBUILDDIR>>/.pybuild/cpython2_2.7_logbook/build/logbook
copying logbook/_termcolors.py -> /<<PKGBUILDDIR>>/.pybuild/cpython2_2.7_logbook/build/logbook
copying logbook/base.py -> /<<PKGBUILDDIR>>/.pybuild/cpython2_2.7_logbook/build/logbook
copying logbook/utils.py -> /<<PKGBUILDDIR>>/.pybuild/cpython2_2.7_logbook/build/logbook
running build_ext
building 'logbook._speedups' extension
creating build/temp.linux-amd64-2.7
creating build/temp.linux-amd64-2.7/logbook
x86_64-linux-gnu-gcc -pthread -fno-strict-aliasing -g -O2 -fdebug-prefix-map=/<<PKGBUILDDIR>>=. -fstack-protector-strong -Wformat -Werror=format-security -Wdate-time -D_FORTIFY_SOURCE=2 -fPIC -I/usr/include/python2.7 -c logbook/_speedups.c -o build/temp.linux-amd64-2.7/logbook/_speedups.o
x86_64-linux-gnu-gcc -pthread -shared -Wl,-O1 -Wl,-Bsymbolic-functions -Wl,-z,relro -fno-strict-aliasing -DNDEBUG -g -fwrapv -O2 -Wall -Wstrict-prototypes -Wdate-time -D_FORTIFY_SOURCE=2 -g -fdebug-prefix-map=/build/python2.7-x6KfBw/python2.7-2.7.17=. -fstack-protector-strong -Wformat -Werror=format-security -Wl,-z,relro -Wl,-z,now -g -O2 -fdebug-prefix-map=/<<PKGBUILDDIR>>=. -fstack-protector-strong -Wformat -Werror=format-security -Wdate-time -D_FORTIFY_SOURCE=2 -fPIC build/temp.linux-amd64-2.7/logbook/_speedups.o -o /<<PKGBUILDDIR>>/.pybuild/cpython2_2.7_logbook/build/logbook/_speedups.so
I: pybuild base:217: /usr/bin/python3.8 setup.py build 
running build
running build_py
creating /<<PKGBUILDDIR>>/.pybuild/cpython3_3.8_logbook/build/logbook
copying logbook/__init__.py -> /<<PKGBUILDDIR>>/.pybuild/cpython3_3.8_logbook/build/logbook
copying logbook/concurrency.py -> /<<PKGBUILDDIR>>/.pybuild/cpython3_3.8_logbook/build/logbook
copying logbook/__version__.py -> /<<PKGBUILDDIR>>/.pybuild/cpython3_3.8_logbook/build/logbook
copying logbook/queues.py -> /<<PKGBUILDDIR>>/.pybuild/cpython3_3.8_logbook/build/logbook
copying logbook/helpers.py -> /<<PKGBUILDDIR>>/.pybuild/cpython3_3.8_logbook/build/logbook
copying logbook/notifiers.py -> /<<PKGBUILDDIR>>/.pybuild/cpython3_3.8_logbook/build/logbook
copying logbook/handlers.py -> /<<PKGBUILDDIR>>/.pybuild/cpython3_3.8_logbook/build/logbook
copying logbook/more.py -> /<<PKGBUILDDIR>>/.pybuild/cpython3_3.8_logbook/build/logbook
copying logbook/ticketing.py -> /<<PKGBUILDDIR>>/.pybuild/cpython3_3.8_logbook/build/logbook
copying logbook/compat.py -> /<<PKGBUILDDIR>>/.pybuild/cpython3_3.8_logbook/build/logbook
copying logbook/_fallback.py -> /<<PKGBUILDDIR>>/.pybuild/cpython3_3.8_logbook/build/logbook
copying logbook/_termcolors.py -> /<<PKGBUILDDIR>>/.pybuild/cpython3_3.8_logbook/build/logbook
copying logbook/base.py -> /<<PKGBUILDDIR>>/.pybuild/cpython3_3.8_logbook/build/logbook
copying logbook/utils.py -> /<<PKGBUILDDIR>>/.pybuild/cpython3_3.8_logbook/build/logbook
running build_ext
building 'logbook._speedups' extension
creating build/temp.linux-amd64-3.8
creating build/temp.linux-amd64-3.8/logbook
x86_64-linux-gnu-gcc -pthread -Wno-unused-result -Wsign-compare -DNDEBUG -g -fwrapv -O2 -Wall -g -fstack-protector-strong -Wformat -Werror=format-security -g -fwrapv -O2 -g -O2 -fdebug-prefix-map=/<<PKGBUILDDIR>>=. -fstack-protector-strong -Wformat -Werror=format-security -Wdate-time -D_FORTIFY_SOURCE=2 -fPIC -I/usr/include/python3.8 -c logbook/_speedups.c -o build/temp.linux-amd64-3.8/logbook/_speedups.o
logbook/_speedups.c:4:10: fatal error: 'Python.h' file not found
#include "Python.h"
         ^~~~~~~~~~
1 error generated.
***************************************************************************
command 'x86_64-linux-gnu-gcc' failed with exit status 1
WARNING: The C extension could not be compiled, speedups are not enabled.
Failure information, if any, is above.
Retrying the build without the C extension now.
***************************************************************************
running build
running build_py
running build_ext
***************************************************************************
WARNING: The C extension could not be compiled, speedups are not enabled.
Plain-Python build succeeded.
***************************************************************************
I: pybuild base:217: /usr/bin/python3 setup.py build 
running build
running build_py
creating /<<PKGBUILDDIR>>/.pybuild/cpython3_3.7_logbook/build/logbook
copying logbook/__init__.py -> /<<PKGBUILDDIR>>/.pybuild/cpython3_3.7_logbook/build/logbook
copying logbook/concurrency.py -> /<<PKGBUILDDIR>>/.pybuild/cpython3_3.7_logbook/build/logbook
copying logbook/__version__.py -> /<<PKGBUILDDIR>>/.pybuild/cpython3_3.7_logbook/build/logbook
copying logbook/queues.py -> /<<PKGBUILDDIR>>/.pybuild/cpython3_3.7_logbook/build/logbook
copying logbook/helpers.py -> /<<PKGBUILDDIR>>/.pybuild/cpython3_3.7_logbook/build/logbook
copying logbook/notifiers.py -> /<<PKGBUILDDIR>>/.pybuild/cpython3_3.7_logbook/build/logbook
copying logbook/handlers.py -> /<<PKGBUILDDIR>>/.pybuild/cpython3_3.7_logbook/build/logbook
copying logbook/more.py -> /<<PKGBUILDDIR>>/.pybuild/cpython3_3.7_logbook/build/logbook
copying logbook/ticketing.py -> /<<PKGBUILDDIR>>/.pybuild/cpython3_3.7_logbook/build/logbook
copying logbook/compat.py -> /<<PKGBUILDDIR>>/.pybuild/cpython3_3.7_logbook/build/logbook
copying logbook/_fallback.py -> /<<PKGBUILDDIR>>/.pybuild/cpython3_3.7_logbook/build/logbook
copying logbook/_termcolors.py -> /<<PKGBUILDDIR>>/.pybuild/cpython3_3.7_logbook/build/logbook
copying logbook/base.py -> /<<PKGBUILDDIR>>/.pybuild/cpython3_3.7_logbook/build/logbook
copying logbook/utils.py -> /<<PKGBUILDDIR>>/.pybuild/cpython3_3.7_logbook/build/logbook
running build_ext
building 'logbook._speedups' extension
creating build/temp.linux-amd64-3.7
creating build/temp.linux-amd64-3.7/logbook
x86_64-linux-gnu-gcc -pthread -Wno-unused-result -Wsign-compare -DNDEBUG -g -fwrapv -O2 -Wall -g -fstack-protector-strong -Wformat -Werror=format-security -g -fwrapv -O2 -g -O2 -fdebug-prefix-map=/<<PKGBUILDDIR>>=. -fstack-protector-strong -Wformat -Werror=format-security -Wdate-time -D_FORTIFY_SOURCE=2 -fPIC -I/usr/include/python3.7m -c logbook/_speedups.c -o build/temp.linux-amd64-3.7/logbook/_speedups.o
x86_64-linux-gnu-gcc -pthread -shared -Wl,-O1 -Wl,-Bsymbolic-functions -Wl,-z,relro -Wl,-z,relro -Wl,-z,now -g -O2 -fdebug-prefix-map=/<<PKGBUILDDIR>>=. -fstack-protector-strong -Wformat -Werror=format-security -Wdate-time -D_FORTIFY_SOURCE=2 build/temp.linux-amd64-3.7/logbook/_speedups.o -o /<<PKGBUILDDIR>>/.pybuild/cpython3_3.7_logbook/build/logbook/_speedups.cpython-37m-x86_64-linux-gnu.so
make[1]: Leaving directory '/<<PKGBUILDDIR>>'
   create-stamp debian/debhelper-build-stamp
 fakeroot debian/rules binary
dh binary --with python3,sphinxdoc --buildsystem=pybuild
   dh_testroot -O--buildsystem=pybuild
   dh_prep -O--buildsystem=pybuild
   debian/rules override_dh_auto_install
make[1]: Entering directory '/<<PKGBUILDDIR>>'
dh_auto_install
I: pybuild base:217: /usr/bin/python setup.py install --root /<<PKGBUILDDIR>>/debian/python-logbook 
running install
running build
running build_py
running build_ext
running install_lib
copying /<<PKGBUILDDIR>>/.pybuild/cpython2_2.7_logbook/build/logbook/_speedups.so -> /<<PKGBUILDDIR>>/debian/python-logbook/usr/lib/python2.7/dist-packages/logbook
copying /<<PKGBUILDDIR>>/.pybuild/cpython2_2.7_logbook/build/logbook/__init__.py -> /<<PKGBUILDDIR>>/debian/python-logbook/usr/lib/python2.7/dist-packages/logbook
copying /<<PKGBUILDDIR>>/.pybuild/cpython2_2.7_logbook/build/logbook/concurrency.py -> /<<PKGBUILDDIR>>/debian/python-logbook/usr/lib/python2.7/dist-packages/logbook
copying /<<PKGBUILDDIR>>/.pybuild/cpython2_2.7_logbook/build/logbook/__version__.py -> /<<PKGBUILDDIR>>/debian/python-logbook/usr/lib/python2.7/dist-packages/logbook
copying /<<PKGBUILDDIR>>/.pybuild/cpython2_2.7_logbook/build/logbook/queues.py -> /<<PKGBUILDDIR>>/debian/python-logbook/usr/lib/python2.7/dist-packages/logbook
copying /<<PKGBUILDDIR>>/.pybuild/cpython2_2.7_logbook/build/logbook/helpers.py -> /<<PKGBUILDDIR>>/debian/python-logbook/usr/lib/python2.7/dist-packages/logbook
copying /<<PKGBUILDDIR>>/.pybuild/cpython2_2.7_logbook/build/logbook/notifiers.py -> /<<PKGBUILDDIR>>/debian/python-logbook/usr/lib/python2.7/dist-packages/logbook
copying /<<PKGBUILDDIR>>/.pybuild/cpython2_2.7_logbook/build/logbook/handlers.py -> /<<PKGBUILDDIR>>/debian/python-logbook/usr/lib/python2.7/dist-packages/logbook
copying /<<PKGBUILDDIR>>/.pybuild/cpython2_2.7_logbook/build/logbook/more.py -> /<<PKGBUILDDIR>>/debian/python-logbook/usr/lib/python2.7/dist-packages/logbook
copying /<<PKGBUILDDIR>>/.pybuild/cpython2_2.7_logbook/build/logbook/ticketing.py -> /<<PKGBUILDDIR>>/debian/python-logbook/usr/lib/python2.7/dist-packages/logbook
copying /<<PKGBUILDDIR>>/.pybuild/cpython2_2.7_logbook/build/logbook/compat.py -> /<<PKGBUILDDIR>>/debian/python-logbook/usr/lib/python2.7/dist-packages/logbook
copying /<<PKGBUILDDIR>>/.pybuild/cpython2_2.7_logbook/build/logbook/_fallback.py -> /<<PKGBUILDDIR>>/debian/python-logbook/usr/lib/python2.7/dist-packages/logbook
copying /<<PKGBUILDDIR>>/.pybuild/cpython2_2.7_logbook/build/logbook/_termcolors.py -> /<<PKGBUILDDIR>>/debian/python-logbook/usr/lib/python2.7/dist-packages/logbook
copying /<<PKGBUILDDIR>>/.pybuild/cpython2_2.7_logbook/build/logbook/base.py -> /<<PKGBUILDDIR>>/debian/python-logbook/usr/lib/python2.7/dist-packages/logbook
copying /<<PKGBUILDDIR>>/.pybuild/cpython2_2.7_logbook/build/logbook/utils.py -> /<<PKGBUILDDIR>>/debian/python-logbook/usr/lib/python2.7/dist-packages/logbook
byte-compiling /<<PKGBUILDDIR>>/debian/python-logbook/usr/lib/python2.7/dist-packages/logbook/__init__.py to __init__.pyc
byte-compiling /<<PKGBUILDDIR>>/debian/python-logbook/usr/lib/python2.7/dist-packages/logbook/concurrency.py to concurrency.pyc
byte-compiling /<<PKGBUILDDIR>>/debian/python-logbook/usr/lib/python2.7/dist-packages/logbook/__version__.py to __version__.pyc
byte-compiling /<<PKGBUILDDIR>>/debian/python-logbook/usr/lib/python2.7/dist-packages/logbook/queues.py to queues.pyc
byte-compiling /<<PKGBUILDDIR>>/debian/python-logbook/usr/lib/python2.7/dist-packages/logbook/helpers.py to helpers.pyc
byte-compiling /<<PKGBUILDDIR>>/debian/python-logbook/usr/lib/python2.7/dist-packages/logbook/notifiers.py to notifiers.pyc
byte-compiling /<<PKGBUILDDIR>>/debian/python-logbook/usr/lib/python2.7/dist-packages/logbook/handlers.py to handlers.pyc
byte-compiling /<<PKGBUILDDIR>>/debian/python-logbook/usr/lib/python2.7/dist-packages/logbook/more.py to more.pyc
byte-compiling /<<PKGBUILDDIR>>/debian/python-logbook/usr/lib/python2.7/dist-packages/logbook/ticketing.py to ticketing.pyc
byte-compiling /<<PKGBUILDDIR>>/debian/python-logbook/usr/lib/python2.7/dist-packages/logbook/compat.py to compat.pyc
byte-compiling /<<PKGBUILDDIR>>/debian/python-logbook/usr/lib/python2.7/dist-packages/logbook/_fallback.py to _fallback.pyc
byte-compiling /<<PKGBUILDDIR>>/debian/python-logbook/usr/lib/python2.7/dist-packages/logbook/_termcolors.py to _termcolors.pyc
byte-compiling /<<PKGBUILDDIR>>/debian/python-logbook/usr/lib/python2.7/dist-packages/logbook/base.py to base.pyc
byte-compiling /<<PKGBUILDDIR>>/debian/python-logbook/usr/lib/python2.7/dist-packages/logbook/utils.py to utils.pyc
running install_egg_info
running egg_info
creating Logbook.egg-info
writing requirements to Logbook.egg-info/requires.txt
writing Logbook.egg-info/PKG-INFO
writing top-level names to Logbook.egg-info/top_level.txt
writing dependency_links to Logbook.egg-info/dependency_links.txt
writing manifest file 'Logbook.egg-info/SOURCES.txt'
reading manifest file 'Logbook.egg-info/SOURCES.txt'
reading manifest template 'MANIFEST.in'
writing manifest file 'Logbook.egg-info/SOURCES.txt'
removing '/<<PKGBUILDDIR>>/debian/python-logbook/usr/lib/python2.7/dist-packages/Logbook-1.5.3.egg-info' (and everything under it)
Copying Logbook.egg-info to /<<PKGBUILDDIR>>/debian/python-logbook/usr/lib/python2.7/dist-packages/Logbook-1.5.3.egg-info
Skipping SOURCES.txt
running install_scripts
I: pybuild base:217: /usr/bin/python3.8 setup.py install --root /<<PKGBUILDDIR>>/debian/python3-logbook 
running install
running build
running build_py
running build_ext
building 'logbook._speedups' extension
x86_64-linux-gnu-gcc -pthread -Wno-unused-result -Wsign-compare -DNDEBUG -g -fwrapv -O2 -Wall -g -fstack-protector-strong -Wformat -Werror=format-security -g -fwrapv -O2 -g -O2 -fdebug-prefix-map=/<<PKGBUILDDIR>>=. -fstack-protector-strong -Wformat -Werror=format-security -Wdate-time -D_FORTIFY_SOURCE=2 -fPIC -I/usr/include/python3.8 -c logbook/_speedups.c -o build/temp.linux-amd64-3.8/logbook/_speedups.o
logbook/_speedups.c:4:10: fatal error: 'Python.h' file not found
#include "Python.h"
         ^~~~~~~~~~
1 error generated.
***************************************************************************
command 'x86_64-linux-gnu-gcc' failed with exit status 1
WARNING: The C extension could not be compiled, speedups are not enabled.
Failure information, if any, is above.
Retrying the build without the C extension now.
***************************************************************************
running install
running build
running build_py
running build_ext
running install_lib
creating /<<PKGBUILDDIR>>/debian/python3-logbook
creating /<<PKGBUILDDIR>>/debian/python3-logbook/usr
creating /<<PKGBUILDDIR>>/debian/python3-logbook/usr/lib
creating /<<PKGBUILDDIR>>/debian/python3-logbook/usr/lib/python3.8
creating /<<PKGBUILDDIR>>/debian/python3-logbook/usr/lib/python3.8/dist-packages
creating /<<PKGBUILDDIR>>/debian/python3-logbook/usr/lib/python3.8/dist-packages/logbook
copying /<<PKGBUILDDIR>>/.pybuild/cpython3_3.8_logbook/build/logbook/__init__.py -> /<<PKGBUILDDIR>>/debian/python3-logbook/usr/lib/python3.8/dist-packages/logbook
copying /<<PKGBUILDDIR>>/.pybuild/cpython3_3.8_logbook/build/logbook/concurrency.py -> /<<PKGBUILDDIR>>/debian/python3-logbook/usr/lib/python3.8/dist-packages/logbook
copying /<<PKGBUILDDIR>>/.pybuild/cpython3_3.8_logbook/build/logbook/__version__.py -> /<<PKGBUILDDIR>>/debian/python3-logbook/usr/lib/python3.8/dist-packages/logbook
copying /<<PKGBUILDDIR>>/.pybuild/cpython3_3.8_logbook/build/logbook/queues.py -> /<<PKGBUILDDIR>>/debian/python3-logbook/usr/lib/python3.8/dist-packages/logbook
copying /<<PKGBUILDDIR>>/.pybuild/cpython3_3.8_logbook/build/logbook/helpers.py -> /<<PKGBUILDDIR>>/debian/python3-logbook/usr/lib/python3.8/dist-packages/logbook
copying /<<PKGBUILDDIR>>/.pybuild/cpython3_3.8_logbook/build/logbook/notifiers.py -> /<<PKGBUILDDIR>>/debian/python3-logbook/usr/lib/python3.8/dist-packages/logbook
copying /<<PKGBUILDDIR>>/.pybuild/cpython3_3.8_logbook/build/logbook/handlers.py -> /<<PKGBUILDDIR>>/debian/python3-logbook/usr/lib/python3.8/dist-packages/logbook
copying /<<PKGBUILDDIR>>/.pybuild/cpython3_3.8_logbook/build/logbook/more.py -> /<<PKGBUILDDIR>>/debian/python3-logbook/usr/lib/python3.8/dist-packages/logbook
copying /<<PKGBUILDDIR>>/.pybuild/cpython3_3.8_logbook/build/logbook/ticketing.py -> /<<PKGBUILDDIR>>/debian/python3-logbook/usr/lib/python3.8/dist-packages/logbook
copying /<<PKGBUILDDIR>>/.pybuild/cpython3_3.8_logbook/build/logbook/compat.py -> /<<PKGBUILDDIR>>/debian/python3-logbook/usr/lib/python3.8/dist-packages/logbook
copying /<<PKGBUILDDIR>>/.pybuild/cpython3_3.8_logbook/build/logbook/_fallback.py -> /<<PKGBUILDDIR>>/debian/python3-logbook/usr/lib/python3.8/dist-packages/logbook
copying /<<PKGBUILDDIR>>/.pybuild/cpython3_3.8_logbook/build/logbook/_termcolors.py -> /<<PKGBUILDDIR>>/debian/python3-logbook/usr/lib/python3.8/dist-packages/logbook
copying /<<PKGBUILDDIR>>/.pybuild/cpython3_3.8_logbook/build/logbook/base.py -> /<<PKGBUILDDIR>>/debian/python3-logbook/usr/lib/python3.8/dist-packages/logbook
copying /<<PKGBUILDDIR>>/.pybuild/cpython3_3.8_logbook/build/logbook/utils.py -> /<<PKGBUILDDIR>>/debian/python3-logbook/usr/lib/python3.8/dist-packages/logbook
byte-compiling /<<PKGBUILDDIR>>/debian/python3-logbook/usr/lib/python3.8/dist-packages/logbook/__init__.py to __init__.cpython-38.pyc
byte-compiling /<<PKGBUILDDIR>>/debian/python3-logbook/usr/lib/python3.8/dist-packages/logbook/concurrency.py to concurrency.cpython-38.pyc
byte-compiling /<<PKGBUILDDIR>>/debian/python3-logbook/usr/lib/python3.8/dist-packages/logbook/__version__.py to __version__.cpython-38.pyc
byte-compiling /<<PKGBUILDDIR>>/debian/python3-logbook/usr/lib/python3.8/dist-packages/logbook/queues.py to queues.cpython-38.pyc
byte-compiling /<<PKGBUILDDIR>>/debian/python3-logbook/usr/lib/python3.8/dist-packages/logbook/helpers.py to helpers.cpython-38.pyc
byte-compiling /<<PKGBUILDDIR>>/debian/python3-logbook/usr/lib/python3.8/dist-packages/logbook/notifiers.py to notifiers.cpython-38.pyc
byte-compiling /<<PKGBUILDDIR>>/debian/python3-logbook/usr/lib/python3.8/dist-packages/logbook/handlers.py to handlers.cpython-38.pyc
byte-compiling /<<PKGBUILDDIR>>/debian/python3-logbook/usr/lib/python3.8/dist-packages/logbook/more.py to more.cpython-38.pyc
byte-compiling /<<PKGBUILDDIR>>/debian/python3-logbook/usr/lib/python3.8/dist-packages/logbook/ticketing.py to ticketing.cpython-38.pyc
byte-compiling /<<PKGBUILDDIR>>/debian/python3-logbook/usr/lib/python3.8/dist-packages/logbook/compat.py to compat.cpython-38.pyc
byte-compiling /<<PKGBUILDDIR>>/debian/python3-logbook/usr/lib/python3.8/dist-packages/logbook/_fallback.py to _fallback.cpython-38.pyc
byte-compiling /<<PKGBUILDDIR>>/debian/python3-logbook/usr/lib/python3.8/dist-packages/logbook/_termcolors.py to _termcolors.cpython-38.pyc
byte-compiling /<<PKGBUILDDIR>>/debian/python3-logbook/usr/lib/python3.8/dist-packages/logbook/base.py to base.cpython-38.pyc
byte-compiling /<<PKGBUILDDIR>>/debian/python3-logbook/usr/lib/python3.8/dist-packages/logbook/utils.py to utils.cpython-38.pyc
running install_egg_info
running egg_info
writing Logbook.egg-info/PKG-INFO
writing dependency_links to Logbook.egg-info/dependency_links.txt
writing requirements to Logbook.egg-info/requires.txt
writing top-level names to Logbook.egg-info/top_level.txt
reading manifest file 'Logbook.egg-info/SOURCES.txt'
reading manifest template 'MANIFEST.in'
writing manifest file 'Logbook.egg-info/SOURCES.txt'
Copying Logbook.egg-info to /<<PKGBUILDDIR>>/debian/python3-logbook/usr/lib/python3.8/dist-packages/Logbook-1.5.3.egg-info
Skipping SOURCES.txt
running install_scripts
***************************************************************************
WARNING: The C extension could not be compiled, speedups are not enabled.
Plain-Python build succeeded.
***************************************************************************
I: pybuild base:217: /usr/bin/python3 setup.py install --root /<<PKGBUILDDIR>>/debian/python3-logbook 
running install
running build
running build_py
running build_ext
running install_lib
creating /<<PKGBUILDDIR>>/debian/python3-logbook/usr/lib/python3.7
creating /<<PKGBUILDDIR>>/debian/python3-logbook/usr/lib/python3.7/dist-packages
creating /<<PKGBUILDDIR>>/debian/python3-logbook/usr/lib/python3.7/dist-packages/logbook
copying /<<PKGBUILDDIR>>/.pybuild/cpython3_3.7_logbook/build/logbook/__init__.py -> /<<PKGBUILDDIR>>/debian/python3-logbook/usr/lib/python3.7/dist-packages/logbook
copying /<<PKGBUILDDIR>>/.pybuild/cpython3_3.7_logbook/build/logbook/concurrency.py -> /<<PKGBUILDDIR>>/debian/python3-logbook/usr/lib/python3.7/dist-packages/logbook
copying /<<PKGBUILDDIR>>/.pybuild/cpython3_3.7_logbook/build/logbook/__version__.py -> /<<PKGBUILDDIR>>/debian/python3-logbook/usr/lib/python3.7/dist-packages/logbook
copying /<<PKGBUILDDIR>>/.pybuild/cpython3_3.7_logbook/build/logbook/queues.py -> /<<PKGBUILDDIR>>/debian/python3-logbook/usr/lib/python3.7/dist-packages/logbook
copying /<<PKGBUILDDIR>>/.pybuild/cpython3_3.7_logbook/build/logbook/helpers.py -> /<<PKGBUILDDIR>>/debian/python3-logbook/usr/lib/python3.7/dist-packages/logbook
copying /<<PKGBUILDDIR>>/.pybuild/cpython3_3.7_logbook/build/logbook/_speedups.cpython-37m-x86_64-linux-gnu.so -> /<<PKGBUILDDIR>>/debian/python3-logbook/usr/lib/python3.7/dist-packages/logbook
copying /<<PKGBUILDDIR>>/.pybuild/cpython3_3.7_logbook/build/logbook/notifiers.py -> /<<PKGBUILDDIR>>/debian/python3-logbook/usr/lib/python3.7/dist-packages/logbook
copying /<<PKGBUILDDIR>>/.pybuild/cpython3_3.7_logbook/build/logbook/handlers.py -> /<<PKGBUILDDIR>>/debian/python3-logbook/usr/lib/python3.7/dist-packages/logbook
copying /<<PKGBUILDDIR>>/.pybuild/cpython3_3.7_logbook/build/logbook/more.py -> /<<PKGBUILDDIR>>/debian/python3-logbook/usr/lib/python3.7/dist-packages/logbook
copying /<<PKGBUILDDIR>>/.pybuild/cpython3_3.7_logbook/build/logbook/ticketing.py -> /<<PKGBUILDDIR>>/debian/python3-logbook/usr/lib/python3.7/dist-packages/logbook
copying /<<PKGBUILDDIR>>/.pybuild/cpython3_3.7_logbook/build/logbook/compat.py -> /<<PKGBUILDDIR>>/debian/python3-logbook/usr/lib/python3.7/dist-packages/logbook
copying /<<PKGBUILDDIR>>/.pybuild/cpython3_3.7_logbook/build/logbook/_fallback.py -> /<<PKGBUILDDIR>>/debian/python3-logbook/usr/lib/python3.7/dist-packages/logbook
copying /<<PKGBUILDDIR>>/.pybuild/cpython3_3.7_logbook/build/logbook/_termcolors.py -> /<<PKGBUILDDIR>>/debian/python3-logbook/usr/lib/python3.7/dist-packages/logbook
copying /<<PKGBUILDDIR>>/.pybuild/cpython3_3.7_logbook/build/logbook/base.py -> /<<PKGBUILDDIR>>/debian/python3-logbook/usr/lib/python3.7/dist-packages/logbook
copying /<<PKGBUILDDIR>>/.pybuild/cpython3_3.7_logbook/build/logbook/utils.py -> /<<PKGBUILDDIR>>/debian/python3-logbook/usr/lib/python3.7/dist-packages/logbook
byte-compiling /<<PKGBUILDDIR>>/debian/python3-logbook/usr/lib/python3.7/dist-packages/logbook/__init__.py to __init__.cpython-37.pyc
byte-compiling /<<PKGBUILDDIR>>/debian/python3-logbook/usr/lib/python3.7/dist-packages/logbook/concurrency.py to concurrency.cpython-37.pyc
byte-compiling /<<PKGBUILDDIR>>/debian/python3-logbook/usr/lib/python3.7/dist-packages/logbook/__version__.py to __version__.cpython-37.pyc
byte-compiling /<<PKGBUILDDIR>>/debian/python3-logbook/usr/lib/python3.7/dist-packages/logbook/queues.py to queues.cpython-37.pyc
byte-compiling /<<PKGBUILDDIR>>/debian/python3-logbook/usr/lib/python3.7/dist-packages/logbook/helpers.py to helpers.cpython-37.pyc
byte-compiling /<<PKGBUILDDIR>>/debian/python3-logbook/usr/lib/python3.7/dist-packages/logbook/notifiers.py to notifiers.cpython-37.pyc
byte-compiling /<<PKGBUILDDIR>>/debian/python3-logbook/usr/lib/python3.7/dist-packages/logbook/handlers.py to handlers.cpython-37.pyc
byte-compiling /<<PKGBUILDDIR>>/debian/python3-logbook/usr/lib/python3.7/dist-packages/logbook/more.py to more.cpython-37.pyc
byte-compiling /<<PKGBUILDDIR>>/debian/python3-logbook/usr/lib/python3.7/dist-packages/logbook/ticketing.py to ticketing.cpython-37.pyc
byte-compiling /<<PKGBUILDDIR>>/debian/python3-logbook/usr/lib/python3.7/dist-packages/logbook/compat.py to compat.cpython-37.pyc
byte-compiling /<<PKGBUILDDIR>>/debian/python3-logbook/usr/lib/python3.7/dist-packages/logbook/_fallback.py to _fallback.cpython-37.pyc
byte-compiling /<<PKGBUILDDIR>>/debian/python3-logbook/usr/lib/python3.7/dist-packages/logbook/_termcolors.py to _termcolors.cpython-37.pyc
byte-compiling /<<PKGBUILDDIR>>/debian/python3-logbook/usr/lib/python3.7/dist-packages/logbook/base.py to base.cpython-37.pyc
byte-compiling /<<PKGBUILDDIR>>/debian/python3-logbook/usr/lib/python3.7/dist-packages/logbook/utils.py to utils.cpython-37.pyc
running install_egg_info
running egg_info
writing Logbook.egg-info/PKG-INFO
writing dependency_links to Logbook.egg-info/dependency_links.txt
writing requirements to Logbook.egg-info/requires.txt
writing top-level names to Logbook.egg-info/top_level.txt
reading manifest file 'Logbook.egg-info/SOURCES.txt'
reading manifest template 'MANIFEST.in'
writing manifest file 'Logbook.egg-info/SOURCES.txt'
Copying Logbook.egg-info to /<<PKGBUILDDIR>>/debian/python3-logbook/usr/lib/python3.7/dist-packages/Logbook-1.5.3.egg-info
Skipping SOURCES.txt
running install_scripts
# build the html pages for the -doc package
set -ex; \
	cd docs; \
	make html
+ cd docs
+ make html
make[2]: Entering directory '/<<PKGBUILDDIR>>/docs'
sphinx-build -b html -d _build/doctrees   . _build/html
Running Sphinx v1.8.5
making output directory...
loading intersphinx inventory from /usr/share/doc/python2.7/html/objects.inv...
building [mo]: targets for 0 po files that are out of date
building [html]: targets for 24 source files that are out of date
updating environment: 24 added, 0 changed, 0 removed
reading sources... [  4%] api/base
reading sources... [  8%] api/compat
reading sources... [ 12%] api/handlers
reading sources... [ 16%] api/index
reading sources... [ 20%] api/internal
reading sources... [ 25%] api/more
reading sources... [ 29%] api/notifiers
reading sources... [ 33%] api/queues
reading sources... [ 37%] api/ticketing
reading sources... [ 41%] api/utilities
reading sources... [ 45%] changelog
reading sources... [ 50%] compat
reading sources... [ 54%] cookbook
reading sources... [ 58%] designdefense
reading sources... [ 62%] designexplained
reading sources... [ 66%] features
reading sources... [ 70%] index
reading sources... [ 75%] libraries
reading sources... [ 79%] performance
reading sources... [ 83%] quickstart
reading sources... [ 87%] setups
reading sources... [ 91%] stacks
reading sources... [ 95%] ticketing
reading sources... [100%] unittesting

looking for now-outdated files... none found
pickling environment... done
checking consistency... done
preparing documents... done
writing output... [  4%] api/base
writing output... [  8%] api/compat
writing output... [ 12%] api/handlers
writing output... [ 16%] api/index
writing output... [ 20%] api/internal
writing output... [ 25%] api/more
writing output... [ 29%] api/notifiers
writing output... [ 33%] api/queues
writing output... [ 37%] api/ticketing
writing output... [ 41%] api/utilities
writing output... [ 45%] changelog
writing output... [ 50%] compat
writing output... [ 54%] cookbook
writing output... [ 58%] designdefense
writing output... [ 62%] designexplained
writing output... [ 66%] features
writing output... [ 70%] index
writing output... [ 75%] libraries
writing output... [ 79%] performance
writing output... [ 83%] quickstart
writing output... [ 87%] setups
writing output... [ 91%] stacks
writing output... [ 95%] ticketing
writing output... [100%] unittesting

generating indices... genindex py-modindex
writing additional pages... search
copying static files... done
copying extra files... done
dumping search index in English (code: en) ... done
dumping object inventory... done
build succeeded.

The HTML pages are in _build/html.

Build finished. The HTML pages are in _build/html.
make[2]: Leaving directory '/<<PKGBUILDDIR>>/docs'
make[1]: Leaving directory '/<<PKGBUILDDIR>>'
   dh_installdocs -O--buildsystem=pybuild
dh_installdocs: warning: Cannot auto-detect main package for python-logbook-doc.  If the default is wrong, please use --doc-main-package
   dh_sphinxdoc -O--buildsystem=pybuild
   dh_installchangelogs -O--buildsystem=pybuild
   dh_python3 -O--buildsystem=pybuild
   dh_installinit -O--buildsystem=pybuild
   dh_installsystemduser -O--buildsystem=pybuild
   dh_perl -O--buildsystem=pybuild
   dh_link -O--buildsystem=pybuild
   dh_strip_nondeterminism -O--buildsystem=pybuild
   dh_compress -O--buildsystem=pybuild
   dh_fixperms -O--buildsystem=pybuild
   dh_missing -O--buildsystem=pybuild
   dh_dwz -O--buildsystem=pybuild
   dh_strip -O--buildsystem=pybuild
   dh_makeshlibs -O--buildsystem=pybuild
   dh_shlibdeps -O--buildsystem=pybuild
dpkg-shlibdeps: warning: package could avoid a useless dependency if debian/python3-logbook/usr/lib/python3/dist-packages/logbook/_speedups.cpython-37m-x86_64-linux-gnu.so was not linked against libpthread.so.0 (it uses none of the library's symbols)
   dh_installdeb -O--buildsystem=pybuild
   dh_gencontrol -O--buildsystem=pybuild
dpkg-gencontrol: warning: package python-logbook-doc: substitution variable ${sphinxdoc:Built-Using} unused, but is defined
dpkg-gencontrol: warning: package python3-logbook: substitution variable ${python3:Provides} unused, but is defined
dpkg-gencontrol: warning: package python3-logbook: substitution variable ${python3:Versions} unused, but is defined
dpkg-gencontrol: warning: package python3-logbook: substitution variable ${python3:Provides} unused, but is defined
dpkg-gencontrol: warning: package python3-logbook: substitution variable ${python3:Versions} unused, but is defined
   dh_md5sums -O--buildsystem=pybuild
   dh_builddeb -O--buildsystem=pybuild
dpkg-deb: building package 'python3-logbook-dbgsym' in '../python3-logbook-dbgsym_1.5.3-2_amd64.deb'.
dpkg-deb: building package 'python-logbook-doc' in '../python-logbook-doc_1.5.3-2_all.deb'.
dpkg-deb: building package 'python3-logbook' in '../python3-logbook_1.5.3-2_amd64.deb'.
 dpkg-genbuildinfo --build=binary
 dpkg-genchanges --build=binary >../logbook_1.5.3-2_amd64.changes
dpkg-genchanges: info: binary-only upload (no source code included)
 dpkg-source --after-build .
dpkg-buildpackage: info: binary-only upload (no source included)
--------------------------------------------------------------------------------
Build finished at 2020-02-25T03:13:38Z

Finished
--------

I: Built successfully

+------------------------------------------------------------------------------+
| Changes                                                                      |
+------------------------------------------------------------------------------+


logbook_1.5.3-2_amd64.changes:
------------------------------

Format: 1.8
Date: Sat, 21 Dec 2019 16:15:41 +0100
Source: logbook
Binary: python-logbook-doc python3-logbook python3-logbook-dbgsym
Architecture: all amd64
Version: 1.5.3-2
Distribution: unstable
Urgency: medium
Maintainer: Agustin Henze <tin@debian.org>
Changed-By: Iaki Malerba <inaki@malerba.space>
Description:
 python-logbook-doc - logging system for Python that replaces the standard library's mo
 python3-logbook - logging system for Python that replaces the standard library's mo
Changes:
 logbook (1.5.3-2) unstable; urgency=medium
 .
   * Remove python2 package.
   * Fix docs Index and Files reference on docs.
   * Bump standards version to 4.4.1
   * Bump debhelper and use debhelper-compat.
Checksums-Sha1:
 0dda97238936729df9a3deded54fe42aaacfdfcd 7899 logbook_1.5.3-2_amd64.buildinfo
 6283992647d165a9d2e33a4ff9cdfe9876c5c1a6 347064 python-logbook-doc_1.5.3-2_all.deb
 466a23900d516b63d589da2aab54855bdfba54fd 131364 python3-logbook-dbgsym_1.5.3-2_amd64.deb
 393ebf662cff2a9ca4a5eaf1de6dcbdd7fe6531a 98252 python3-logbook_1.5.3-2_amd64.deb
Checksums-Sha256:
 193658e6503c5dcf47b9cbf20169ff3cc86f0f77b08922f44c04afd1ee723d35 7899 logbook_1.5.3-2_amd64.buildinfo
 959836c5276894d41f63b8e63d6fc5a57acdff361384a083e2361dcd24ec7b57 347064 python-logbook-doc_1.5.3-2_all.deb
 1001fc3b3310dba15ec9ac6248eb61e5ef4d3cd9a5813b44785556adab9d4e96 131364 python3-logbook-dbgsym_1.5.3-2_amd64.deb
 063ea28b6eadf5ee26c84c1142b8ece1e6f72e603e52f8a4462a44ea4197ebe9 98252 python3-logbook_1.5.3-2_amd64.deb
Files:
 301e38c08dee0ed44828d47bb92bc2ac 7899 python optional logbook_1.5.3-2_amd64.buildinfo
 359c1008a045a0e8d293a2b620333e98 347064 doc optional python-logbook-doc_1.5.3-2_all.deb
 a669a8236f6d1b3ac51e4d9822c65f52 131364 debug optional python3-logbook-dbgsym_1.5.3-2_amd64.deb
 aa1a124a091a8cb11561663e02f83d94 98252 python optional python3-logbook_1.5.3-2_amd64.deb

+------------------------------------------------------------------------------+
| Buildinfo                                                                    |
+------------------------------------------------------------------------------+

Format: 1.0
Source: logbook
Binary: python3-logbook python-logbook-doc
Architecture: all amd64
Version: 1.5.3-2
Checksums-Md5:
 359c1008a045a0e8d293a2b620333e98 347064 python-logbook-doc_1.5.3-2_all.deb
 a669a8236f6d1b3ac51e4d9822c65f52 131364 python3-logbook-dbgsym_1.5.3-2_amd64.deb
 aa1a124a091a8cb11561663e02f83d94 98252 python3-logbook_1.5.3-2_amd64.deb
Checksums-Sha1:
 6283992647d165a9d2e33a4ff9cdfe9876c5c1a6 347064 python-logbook-doc_1.5.3-2_all.deb
 466a23900d516b63d589da2aab54855bdfba54fd 131364 python3-logbook-dbgsym_1.5.3-2_amd64.deb
 393ebf662cff2a9ca4a5eaf1de6dcbdd7fe6531a 98252 python3-logbook_1.5.3-2_amd64.deb
Checksums-Sha256:
 959836c5276894d41f63b8e63d6fc5a57acdff361384a083e2361dcd24ec7b57 347064 python-logbook-doc_1.5.3-2_all.deb
 1001fc3b3310dba15ec9ac6248eb61e5ef4d3cd9a5813b44785556adab9d4e96 131364 python3-logbook-dbgsym_1.5.3-2_amd64.deb
 063ea28b6eadf5ee26c84c1142b8ece1e6f72e603e52f8a4462a44ea4197ebe9 98252 python3-logbook_1.5.3-2_amd64.deb
Build-Origin: Debian
Build-Architecture: amd64
Build-Date: Tue, 25 Feb 2020 03:13:38 +0000
Build-Path: /<<PKGBUILDDIR>>
Installed-Build-Depends:
 autoconf (= 2.69-11.1),
 automake (= 1:1.16.1-4),
 autopoint (= 0.19.8.1-10),
 autotools-dev (= 20180224.1),
 base-files (= 11),
 base-passwd (= 3.5.47),
 bash (= 5.0-5),
 binutils (= 2.34-3),
 binutils-common (= 2.34-3),
 binutils-x86-64-linux-gnu (= 2.34-3),
 bsdmainutils (= 11.1.2+b1),
 bsdutils (= 1:2.34-0.1),
 build-essential (= 12.8),
 bzip2 (= 1.0.8-2),
 ca-certificates (= 20190110),
 clang-10 (= 1:10.0.0~+rc2-1),
 coreutils (= 8.30-3+b1),
 cpp (= 4:9.2.1-3.1),
 cpp-9 (= 9.2.1-29),
 cython (= 0.29.14-0.1+b1),
 cython3 (= 0.29.14-0.1+b1),
 dash (= 0.5.10.2-6),
 debconf (= 1.5.73),
 debhelper (= 12.9),
 debianutils (= 4.9.1),
 dh-autoreconf (= 19),
 dh-python (= 4.20191017),
 dh-strip-nondeterminism (= 1.6.3-2),
 diffutils (= 1:3.7-3),
 docutils-common (= 0.16+dfsg-1),
 dpkg (= 1.19.7),
 dpkg-dev (= 1.19.7),
 dwz (= 0.13-5),
 fdisk (= 2.34-0.1),
 file (= 1:5.38-4),
 findutils (= 4.7.0-1),
 g++ (= 4:9.2.1-3.1),
 g++-9 (= 9.2.1-29),
 gcc (= 4:9.2.1-3.1),
 gcc-10-base (= 10-20200222-1),
 gcc-9 (= 9.2.1-29),
 gcc-9-base (= 9.2.1-29),
 gettext (= 0.19.8.1-10),
 gettext-base (= 0.19.8.1-10),
 grep (= 3.4-1),
 groff-base (= 1.22.4-4),
 gzip (= 1.9-3+b1),
 hostname (= 3.23),
 init-system-helpers (= 1.57),
 intltool-debian (= 0.35.0+20060710.5),
 lib32gcc-s1 (= 10-20200222-1),
 lib32gcc1 (= 1:10-20200222-1),
 lib32stdc++6 (= 10-20200222-1),
 libacl1 (= 2.2.53-5),
 libarchive-zip-perl (= 1.67-1),
 libasan5 (= 9.2.1-29),
 libatomic1 (= 10-20200222-1),
 libattr1 (= 1:2.4.48-5),
 libaudit-common (= 1:2.8.5-2),
 libaudit1 (= 1:2.8.5-2+b1),
 libbinutils (= 2.34-3),
 libblkid1 (= 2.34-0.1),
 libbsd0 (= 0.10.0-1),
 libbz2-1.0 (= 1.0.8-2),
 libc-bin (= 2.29-10),
 libc-dev-bin (= 2.29-10),
 libc6 (= 2.29-10),
 libc6-dev (= 2.29-10),
 libc6-i386 (= 2.29-10),
 libcap-ng0 (= 0.7.9-2.1+b1),
 libcc1-0 (= 10-20200222-1),
 libclang-common-10-dev (= 1:10.0.0~+rc2-1),
 libclang-cpp10 (= 1:10.0.0~+rc2-1),
 libclang1-10 (= 1:10.0.0~+rc2-1),
 libcroco3 (= 0.6.13-1),
 libcrypt-dev (= 1:4.4.10-10),
 libcrypt1 (= 1:4.4.10-10),
 libctf-nobfd0 (= 2.34-3),
 libctf0 (= 2.34-3),
 libdb5.3 (= 5.3.28+dfsg1-0.6),
 libdebconfclient0 (= 0.251),
 libdebhelper-perl (= 12.9),
 libdpkg-perl (= 1.19.7),
 libedit2 (= 3.1-20191231-1),
 libelf1 (= 0.176-1.1),
 libexpat1 (= 2.2.9-1),
 libexpat1-dev (= 2.2.9-1),
 libfdisk1 (= 2.34-0.1),
 libffi7 (= 3.3-3),
 libfile-stripnondeterminism-perl (= 1.6.3-2),
 libgc1c2 (= 1:7.6.4-0.4),
 libgcc-9-dev (= 9.2.1-29),
 libgcc-s1 (= 10-20200222-1),
 libgcc1 (= 1:10-20200222-1),
 libgcrypt20 (= 1.8.5-5),
 libgdbm-compat4 (= 1.18.1-5),
 libgdbm6 (= 1.18.1-5),
 libglib2.0-0 (= 2.62.4-2),
 libgmp10 (= 2:6.2.0+dfsg-4),
 libgomp1 (= 10-20200222-1),
 libgpg-error0 (= 1.37-1),
 libicu63 (= 63.2-2),
 libisl22 (= 0.22.1-1),
 libitm1 (= 10-20200222-1),
 libjs-jquery (= 3.3.1~dfsg-3),
 libjs-sphinxdoc (= 1.8.5-5),
 libjs-underscore (= 1.9.1~dfsg-1),
 libllvm10 (= 1:10.0.0~+rc2-1),
 liblsan0 (= 10-20200222-1),
 liblz4-1 (= 1.9.2-2),
 liblzma5 (= 5.2.4-1+b1),
 libmagic-mgc (= 1:5.38-4),
 libmagic1 (= 1:5.38-4),
 libmount1 (= 2.34-0.1),
 libmpc3 (= 1.1.0-1),
 libmpdec2 (= 2.4.2-2),
 libmpfr6 (= 4.0.2-1),
 libncursesw6 (= 6.1+20191019-1),
 libobjc-9-dev (= 9.2.1-29),
 libobjc4 (= 10-20200222-1),
 libpam-modules (= 1.3.1-5),
 libpam-modules-bin (= 1.3.1-5),
 libpam-runtime (= 1.3.1-5),
 libpam0g (= 1.3.1-5),
 libpcre2-8-0 (= 10.34-7),
 libpcre3 (= 2:8.39-12+b1),
 libperl5.30 (= 5.30.0-9),
 libpipeline1 (= 1.5.2-2),
 libpython-stdlib (= 2.7.17-2),
 libpython2-stdlib (= 2.7.17-2),
 libpython2.7 (= 2.7.17-1+b1),
 libpython2.7-dev (= 2.7.17-1+b1),
 libpython2.7-minimal (= 2.7.17-1+b1),
 libpython2.7-stdlib (= 2.7.17-1+b1),
 libpython3-dev (= 3.7.5-3),
 libpython3-stdlib (= 3.7.5-3),
 libpython3.7 (= 3.7.6-1+b1),
 libpython3.7-dev (= 3.7.6-1+b1),
 libpython3.7-minimal (= 3.7.6-1+b1),
 libpython3.7-stdlib (= 3.7.6-1+b1),
 libpython3.8-minimal (= 3.8.2~rc2-2),
 libpython3.8-stdlib (= 3.8.2~rc2-2),
 libquadmath0 (= 10-20200222-1),
 libreadline8 (= 8.0-3),
 libseccomp2 (= 2.4.2-2),
 libselinux1 (= 3.0-1+b1),
 libsigsegv2 (= 2.12-2),
 libsmartcols1 (= 2.34-0.1),
 libsqlite3-0 (= 3.31.1-3),
 libssl1.1 (= 1.1.1d-2),
 libstdc++-9-dev (= 9.2.1-29),
 libstdc++6 (= 10-20200222-1),
 libsub-override-perl (= 0.09-2),
 libsystemd0 (= 244.3-1),
 libtinfo6 (= 6.1+20191019-1),
 libtool (= 2.4.6-13),
 libtsan0 (= 10-20200222-1),
 libubsan1 (= 10-20200222-1),
 libuchardet0 (= 0.0.6-3),
 libudev1 (= 244.3-1),
 libunistring2 (= 0.9.10-2),
 libuuid1 (= 2.34-0.1),
 libxml2 (= 2.9.10+dfsg-3),
 libz3-4 (= 4.8.7-4),
 linux-libc-dev (= 5.4.19-1),
 login (= 1:4.8.1-1),
 lsb-base (= 11.1.0),
 m4 (= 1.4.18-4),
 make (= 4.2.1-1.2),
 man-db (= 2.9.0-2),
 mawk (= 1.3.4.20200120-2),
 mime-support (= 3.64),
 ncurses-base (= 6.1+20191019-1),
 ncurses-bin (= 6.1+20191019-1),
 openssl (= 1.1.1d-2),
 patch (= 2.7.6-6),
 perl (= 5.30.0-9),
 perl-base (= 5.30.0-9),
 perl-modules-5.30 (= 5.30.0-9),
 po-debconf (= 1.0.21),
 python (= 2.7.17-2),
 python-alabaster (= 0.7.8-1),
 python-all (= 2.7.17-2),
 python-attr (= 19.3.0-1),
 python-babel (= 2.8.0+dfsg.1-2),
 python-babel-localedata (= 2.8.0+dfsg.1-2),
 python-certifi (= 2019.11.28-1),
 python-chardet (= 3.0.4-4),
 python-docutils (= 0.16+dfsg-1),
 python-idna (= 2.6-2),
 python-imagesize (= 1.2.0-1),
 python-jinja2 (= 2.10.1-1),
 python-markupsafe (= 1.1.0-1+b2),
 python-minimal (= 2.7.17-2),
 python-packaging (= 19.1-2),
 python-pkg-resources (= 44.0.0-1),
 python-pygments (= 2.3.1+dfsg-1),
 python-pyparsing (= 2.4.6-1),
 python-requests (= 2.22.0-2),
 python-roman (= 2.0.0-3),
 python-setuptools (= 44.0.0-1),
 python-six (= 1.14.0-2),
 python-sphinx (= 1.8.5-5),
 python-typing (= 3.6.6-2),
 python-tz (= 2019.3-1),
 python-urllib3 (= 1.25.8-1),
 python2 (= 2.7.17-2),
 python2-minimal (= 2.7.17-2),
 python2.7 (= 2.7.17-1+b1),
 python2.7-dev (= 2.7.17-1+b1),
 python2.7-doc (= 2.7.17-1),
 python2.7-minimal (= 2.7.17-1+b1),
 python3 (= 3.7.5-3),
 python3-all (= 3.7.5-3),
 python3-dev (= 3.7.5-3),
 python3-distutils (= 3.8.0-1),
 python3-lib2to3 (= 3.8.0-1),
 python3-minimal (= 3.7.5-3),
 python3-pkg-resources (= 44.0.0-1),
 python3-setuptools (= 44.0.0-1),
 python3.7 (= 3.7.6-1+b1),
 python3.7-dev (= 3.7.6-1+b1),
 python3.7-minimal (= 3.7.6-1+b1),
 python3.8 (= 3.8.2~rc2-2),
 python3.8-minimal (= 3.8.2~rc2-2),
 readline-common (= 8.0-3),
 sed (= 4.7-1),
 sensible-utils (= 0.0.12+nmu1),
 sgml-base (= 1.29.1),
 sphinx-common (= 1.8.5-5),
 sysvinit-utils (= 2.96-2.1),
 tar (= 1.30+dfsg-6+b1),
 tzdata (= 2019c-3),
 util-linux (= 2.34-0.1),
 xml-core (= 0.18+nmu1),
 xz-utils (= 5.2.4-1+b1),
 zlib1g (= 1:1.2.11.dfsg-2),
 zlib1g-dev (= 1:1.2.11.dfsg-2)
Environment:
 DEB_BUILD_OPTIONS="parallel=4"
 LANG="C.UTF-8"
 LC_ALL="C.UTF-8"
 SOURCE_DATE_EPOCH="1576941341"


+------------------------------------------------------------------------------+
| Package contents                                                             |
+------------------------------------------------------------------------------+


python-logbook-doc_1.5.3-2_all.deb
----------------------------------

 new Debian package, version 2.0.
 size 347064 bytes: control archive=2388 bytes.
     601 bytes,    17 lines      control              
    6197 bytes,    67 lines      md5sums              
 Package: python-logbook-doc
 Source: logbook
 Version: 1.5.3-2
 Architecture: all
 Maintainer: Agustin Henze <tin@debian.org>
 Installed-Size: 1046
 Depends: libjs-sphinxdoc (>= 1.0)
 Suggests: python-doc
 Section: doc
 Priority: optional
 Homepage: http://pythonhosted.org/Logbook/
 Description: logging system for Python that replaces the standard library's module (doc)
  Logbook is a logging system for Python that replaces the standard library's
  logging module. It was designed with both complex and simple applications in
  mind and the idea to make logging fun
  .
  This package contains API documentation.

drwxr-xr-x root/root         0 2019-12-21 15:15 ./
drwxr-xr-x root/root         0 2019-12-21 15:15 ./usr/
drwxr-xr-x root/root         0 2019-12-21 15:15 ./usr/share/
drwxr-xr-x root/root         0 2019-12-21 15:15 ./usr/share/doc-base/
-rw-r--r-- root/root       389 2019-12-21 15:14 ./usr/share/doc-base/python-logbook-reference-manual
drwxr-xr-x root/root         0 2019-12-21 15:15 ./usr/share/doc/
drwxr-xr-x root/root         0 2019-12-21 15:15 ./usr/share/doc/python-logbook-doc/
-rw-r--r-- root/root      1184 2019-12-21 15:15 ./usr/share/doc/python-logbook-doc/changelog.Debian.gz
-rw-r--r-- root/root      4194 2019-10-16 17:48 ./usr/share/doc/python-logbook-doc/changelog.gz
-rw-r--r-- root/root      2657 2019-12-12 20:38 ./usr/share/doc/python-logbook-doc/copyright
drwxr-xr-x root/root         0 2019-12-21 15:15 ./usr/share/doc/python-logbook-doc/html/
drwxr-xr-x root/root         0 2019-12-21 15:15 ./usr/share/doc/python-logbook-doc/html/_sources/
drwxr-xr-x root/root         0 2019-12-21 15:15 ./usr/share/doc/python-logbook-doc/html/_sources/api/
-rw-r--r-- root/root       543 2019-10-16 17:48 ./usr/share/doc/python-logbook-doc/html/_sources/api/base.rst.txt
-rw-r--r-- root/root       499 2019-10-16 17:48 ./usr/share/doc/python-logbook-doc/html/_sources/api/compat.rst.txt
-rw-r--r-- root/root      1397 2019-10-16 17:48 ./usr/share/doc/python-logbook-doc/html/_sources/api/handlers.rst.txt
-rw-r--r-- root/root       243 2019-10-16 17:48 ./usr/share/doc/python-logbook-doc/html/_sources/api/index.rst.txt
-rw-r--r-- root/root       426 2019-10-16 17:48 ./usr/share/doc/python-logbook-doc/html/_sources/api/internal.rst.txt
-rw-r--r-- root/root       937 2019-10-16 17:48 ./usr/share/doc/python-logbook-doc/html/_sources/api/more.rst.txt
-rw-r--r-- root/root       807 2019-10-16 17:48 ./usr/share/doc/python-logbook-doc/html/_sources/api/notifiers.rst.txt
-rw-r--r-- root/root      1062 2019-10-16 17:48 ./usr/share/doc/python-logbook-doc/html/_sources/api/queues.rst.txt
-rw-r--r-- root/root       545 2019-10-16 17:48 ./usr/share/doc/python-logbook-doc/html/_sources/api/ticketing.rst.txt
-rw-r--r-- root/root       663 2019-10-16 17:48 ./usr/share/doc/python-logbook-doc/html/_sources/api/utilities.rst.txt
-rw-r--r-- root/root        24 2019-10-16 17:48 ./usr/share/doc/python-logbook-doc/html/_sources/changelog.rst.txt
-rw-r--r-- root/root      2132 2019-10-16 17:48 ./usr/share/doc/python-logbook-doc/html/_sources/compat.rst.txt
-rw-r--r-- root/root       632 2019-10-16 17:48 ./usr/share/doc/python-logbook-doc/html/_sources/cookbook.rst.txt
-rw-r--r-- root/root     10248 2019-10-16 17:48 ./usr/share/doc/python-logbook-doc/html/_sources/designdefense.rst.txt
-rw-r--r-- root/root      4667 2019-10-16 17:48 ./usr/share/doc/python-logbook-doc/html/_sources/designexplained.rst.txt
-rw-r--r-- root/root      5940 2019-10-16 17:48 ./usr/share/doc/python-logbook-doc/html/_sources/features.rst.txt
-rw-r--r-- root/root      1477 2019-10-16 17:48 ./usr/share/doc/python-logbook-doc/html/_sources/index.rst.txt
-rw-r--r-- root/root      5222 2019-10-16 17:48 ./usr/share/doc/python-logbook-doc/html/_sources/libraries.rst.txt
-rw-r--r-- root/root      3226 2019-10-16 17:48 ./usr/share/doc/python-logbook-doc/html/_sources/performance.rst.txt
-rw-r--r-- root/root      8981 2019-10-16 17:48 ./usr/share/doc/python-logbook-doc/html/_sources/quickstart.rst.txt
-rw-r--r-- root/root      8579 2019-10-16 17:48 ./usr/share/doc/python-logbook-doc/html/_sources/setups.rst.txt
-rw-r--r-- root/root      4425 2019-10-16 17:48 ./usr/share/doc/python-logbook-doc/html/_sources/stacks.rst.txt
-rw-r--r-- root/root      2792 2019-10-16 17:48 ./usr/share/doc/python-logbook-doc/html/_sources/ticketing.rst.txt
-rw-r--r-- root/root      2581 2019-10-16 17:48 ./usr/share/doc/python-logbook-doc/html/_sources/unittesting.rst.txt
drwxr-xr-x root/root         0 2019-12-21 15:15 ./usr/share/doc/python-logbook-doc/html/_static/
-rw-r--r-- root/root      3448 2019-10-16 17:48 ./usr/share/doc/python-logbook-doc/html/_static/background.png
-rw-r--r-- root/root     10912 2019-12-21 15:15 ./usr/share/doc/python-logbook-doc/html/_static/basic.css
lrwxrwxrwx root/root         0 2019-12-21 15:15 ./usr/share/doc/python-logbook-doc/html/_static/doctools.js -> ../../../../javascript/sphinxdoc/1.0/doctools.js
-rw-r--r-- root/root       309 2019-12-21 15:15 ./usr/share/doc/python-logbook-doc/html/_static/documentation_options.js
-rw-r--r-- root/root       286 2019-03-09 14:07 ./usr/share/doc/python-logbook-doc/html/_static/file.png
lrwxrwxrwx root/root         0 2019-12-21 15:15 ./usr/share/doc/python-logbook-doc/html/_static/jquery.js -> ../../../../javascript/sphinxdoc/1.0/jquery.js
-rw-r--r-- root/root     10847 2019-12-21 15:15 ./usr/share/doc/python-logbook-doc/html/_static/language_data.js
-rw-r--r-- root/root    255890 2019-10-16 17:48 ./usr/share/doc/python-logbook-doc/html/_static/logbook-logo.png
-rw-r--r-- root/root        90 2019-03-09 14:07 ./usr/share/doc/python-logbook-doc/html/_static/minus.png
-rw-r--r-- root/root        90 2019-03-09 14:07 ./usr/share/doc/python-logbook-doc/html/_static/plus.png
-rw-r--r-- root/root      4395 2019-12-21 15:15 ./usr/share/doc/python-logbook-doc/html/_static/pygments.css
lrwxrwxrwx root/root         0 2019-12-21 15:15 ./usr/share/doc/python-logbook-doc/html/_static/searchtools.js -> ../../../../javascript/sphinxdoc/1.0/searchtools.js
-rw-r--r-- root/root      2694 2019-12-21 15:15 ./usr/share/doc/python-logbook-doc/html/_static/sheet.css
lrwxrwxrwx root/root         0 2019-12-21 15:15 ./usr/share/doc/python-logbook-doc/html/_static/underscore.js -> ../../../../javascript/sphinxdoc/1.0/underscore.js
drwxr-xr-x root/root         0 2019-12-21 15:15 ./usr/share/doc/python-logbook-doc/html/api/
-rw-r--r-- root/root     56159 2019-12-21 15:15 ./usr/share/doc/python-logbook-doc/html/api/base.html
-rw-r--r-- root/root     16372 2019-12-21 15:15 ./usr/share/doc/python-logbook-doc/html/api/compat.html
-rw-r--r-- root/root     98864 2019-12-21 15:15 ./usr/share/doc/python-logbook-doc/html/api/handlers.html
-rw-r--r-- root/root      7217 2019-12-21 15:15 ./usr/share/doc/python-logbook-doc/html/api/index.html
-rw-r--r-- root/root     28367 2019-12-21 15:15 ./usr/share/doc/python-logbook-doc/html/api/internal.html
-rw-r--r-- root/root     29286 2019-12-21 15:15 ./usr/share/doc/python-logbook-doc/html/api/more.html
-rw-r--r-- root/root     16027 2019-12-21 15:15 ./usr/share/doc/python-logbook-doc/html/api/notifiers.html
-rw-r--r-- root/root     48394 2019-12-21 15:15 ./usr/share/doc/python-logbook-doc/html/api/queues.html
-rw-r--r-- root/root     15057 2019-12-21 15:15 ./usr/share/doc/python-logbook-doc/html/api/ticketing.html
-rw-r--r-- root/root     20654 2019-12-21 15:15 ./usr/share/doc/python-logbook-doc/html/api/utilities.html
-rw-r--r-- root/root      5937 2019-12-21 15:15 ./usr/share/doc/python-logbook-doc/html/changelog.html.gz
-rw-r--r-- root/root     10660 2019-12-21 15:15 ./usr/share/doc/python-logbook-doc/html/compat.html
-rw-r--r-- root/root      5967 2019-12-21 15:15 ./usr/share/doc/python-logbook-doc/html/cookbook.html
-rw-r--r-- root/root     21672 2019-12-21 15:15 ./usr/share/doc/python-logbook-doc/html/designdefense.html
-rw-r--r-- root/root     14686 2019-12-21 15:15 ./usr/share/doc/python-logbook-doc/html/designexplained.html
-rw-r--r-- root/root     11894 2019-12-21 15:15 ./usr/share/doc/python-logbook-doc/html/features.html
-rw-r--r-- root/root     60928 2019-12-21 15:15 ./usr/share/doc/python-logbook-doc/html/genindex.html
-rw-r--r-- root/root     17404 2019-12-21 15:15 ./usr/share/doc/python-logbook-doc/html/index.html
-rw-r--r-- root/root     17807 2019-12-21 15:15 ./usr/share/doc/python-logbook-doc/html/libraries.html
-rw-r--r-- root/root      3443 2019-12-21 15:15 ./usr/share/doc/python-logbook-doc/html/objects.inv
-rw-r--r-- root/root      8590 2019-12-21 15:15 ./usr/share/doc/python-logbook-doc/html/performance.html
-rw-r--r-- root/root      4993 2019-12-21 15:15 ./usr/share/doc/python-logbook-doc/html/py-modindex.html
-rw-r--r-- root/root     27504 2019-12-21 15:15 ./usr/share/doc/python-logbook-doc/html/quickstart.html
-rw-r--r-- root/root      3757 2019-12-21 15:15 ./usr/share/doc/python-logbook-doc/html/search.html
-rw-r--r-- root/root     43188 2019-12-21 15:15 ./usr/share/doc/python-logbook-doc/html/searchindex.js
-rw-r--r-- root/root     25114 2019-12-21 15:15 ./usr/share/doc/python-logbook-doc/html/setups.html
-rw-r--r-- root/root     12950 2019-12-21 15:15 ./usr/share/doc/python-logbook-doc/html/stacks.html
-rw-r--r-- root/root      8444 2019-12-21 15:15 ./usr/share/doc/python-logbook-doc/html/ticketing.html
-rw-r--r-- root/root     12078 2019-12-21 15:15 ./usr/share/doc/python-logbook-doc/html/unittesting.html


python3-logbook-dbgsym_1.5.3-2_amd64.deb
----------------------------------------

 new Debian package, version 2.0.
 size 131364 bytes: control archive=520 bytes.
     352 bytes,    12 lines      control              
     106 bytes,     1 lines      md5sums              
 Package: python3-logbook-dbgsym
 Source: logbook
 Version: 1.5.3-2
 Auto-Built-Package: debug-symbols
 Architecture: amd64
 Maintainer: Agustin Henze <tin@debian.org>
 Installed-Size: 173
 Depends: python3-logbook (= 1.5.3-2)
 Section: debug
 Priority: optional
 Description: debug symbols for python3-logbook
 Build-Ids: c2a13d4bc15ccff97225ac5552c0563d4db22d1c

drwxr-xr-x root/root         0 2019-12-21 15:15 ./
drwxr-xr-x root/root         0 2019-12-21 15:15 ./usr/
drwxr-xr-x root/root         0 2019-12-21 15:15 ./usr/lib/
drwxr-xr-x root/root         0 2019-12-21 15:15 ./usr/lib/debug/
drwxr-xr-x root/root         0 2019-12-21 15:15 ./usr/lib/debug/.build-id/
drwxr-xr-x root/root         0 2019-12-21 15:15 ./usr/lib/debug/.build-id/c2/
-rw-r--r-- root/root    166224 2019-12-21 15:15 ./usr/lib/debug/.build-id/c2/a13d4bc15ccff97225ac5552c0563d4db22d1c.debug
drwxr-xr-x root/root         0 2019-12-21 15:15 ./usr/share/
drwxr-xr-x root/root         0 2019-12-21 15:15 ./usr/share/doc/
lrwxrwxrwx root/root         0 2019-12-21 15:15 ./usr/share/doc/python3-logbook-dbgsym -> python3-logbook


python3-logbook_1.5.3-2_amd64.deb
---------------------------------

 new Debian package, version 2.0.
 size 98252 bytes: control archive=1672 bytes.
     659 bytes,    17 lines      control              
    2026 bytes,    23 lines      md5sums              
     256 bytes,    12 lines   *  postinst             #!/bin/sh
     405 bytes,    12 lines   *  prerm                #!/bin/sh
 Package: python3-logbook
 Source: logbook
 Version: 1.5.3-2
 Architecture: amd64
 Maintainer: Agustin Henze <tin@debian.org>
 Installed-Size: 407
 Depends: python3 (<< 3.8), python3 (>= 3.7~), python3:any, libc6 (>= 2.14)
 Suggests: python-logbook-doc
 Section: python
 Priority: optional
 Homepage: http://pythonhosted.org/Logbook/
 Description: logging system for Python that replaces the standard library's module (Python3)
  Logbook is a logging system for Python that replaces the standard library's
  logging module. It was designed with both complex and simple applications in
  mind and the idea to make logging fun
  .
  This is the Python 3 version of the package.

drwxr-xr-x root/root         0 2019-12-21 15:15 ./
drwxr-xr-x root/root         0 2019-12-21 15:15 ./usr/
drwxr-xr-x root/root         0 2019-12-21 15:15 ./usr/lib/
drwxr-xr-x root/root         0 2019-12-21 15:15 ./usr/lib/python3/
drwxr-xr-x root/root         0 2019-12-21 15:15 ./usr/lib/python3/dist-packages/
drwxr-xr-x root/root         0 2019-12-21 15:15 ./usr/lib/python3/dist-packages/Logbook-1.5.3.egg-info/
-rw-r--r-- root/root      2502 2019-12-21 15:15 ./usr/lib/python3/dist-packages/Logbook-1.5.3.egg-info/PKG-INFO
-rw-r--r-- root/root         1 2019-12-21 15:15 ./usr/lib/python3/dist-packages/Logbook-1.5.3.egg-info/dependency_links.txt
-rw-r--r-- root/root         1 2019-12-21 15:15 ./usr/lib/python3/dist-packages/Logbook-1.5.3.egg-info/not-zip-safe
-rw-r--r-- root/root       286 2019-12-21 15:15 ./usr/lib/python3/dist-packages/Logbook-1.5.3.egg-info/requires.txt
-rw-r--r-- root/root         8 2019-12-21 15:15 ./usr/lib/python3/dist-packages/Logbook-1.5.3.egg-info/top_level.txt
drwxr-xr-x root/root         0 2019-12-21 15:15 ./usr/lib/python3/dist-packages/logbook/
-rw-r--r-- root/root      1772 2019-10-16 17:48 ./usr/lib/python3/dist-packages/logbook/__init__.py
-rw-r--r-- root/root        22 2019-10-16 17:48 ./usr/lib/python3/dist-packages/logbook/__version__.py
-rw-r--r-- root/root      8112 2019-10-16 17:48 ./usr/lib/python3/dist-packages/logbook/_fallback.py
-rw-r--r-- root/root    146800 2019-12-21 15:15 ./usr/lib/python3/dist-packages/logbook/_speedups.cpython-37m-x86_64-linux-gnu.so
-rw-r--r-- root/root      1138 2019-10-16 17:48 ./usr/lib/python3/dist-packages/logbook/_termcolors.py
-rw-r--r-- root/root     41344 2019-10-16 17:48 ./usr/lib/python3/dist-packages/logbook/base.py
-rw-r--r-- root/root     10377 2019-10-16 17:48 ./usr/lib/python3/dist-packages/logbook/compat.py
-rw-r--r-- root/root      6257 2019-10-16 17:48 ./usr/lib/python3/dist-packages/logbook/concurrency.py
-rw-r--r-- root/root     71534 2019-10-16 17:48 ./usr/lib/python3/dist-packages/logbook/handlers.py
-rw-r--r-- root/root      8384 2019-10-16 17:48 ./usr/lib/python3/dist-packages/logbook/helpers.py
-rw-r--r-- root/root     19776 2019-10-16 17:48 ./usr/lib/python3/dist-packages/logbook/more.py
-rw-r--r-- root/root     12035 2019-10-16 17:48 ./usr/lib/python3/dist-packages/logbook/notifiers.py
-rw-r--r-- root/root     24663 2019-10-16 17:48 ./usr/lib/python3/dist-packages/logbook/queues.py
-rw-r--r-- root/root     19231 2019-10-16 17:48 ./usr/lib/python3/dist-packages/logbook/ticketing.py
-rw-r--r-- root/root      5783 2019-10-16 17:48 ./usr/lib/python3/dist-packages/logbook/utils.py
drwxr-xr-x root/root         0 2019-12-21 15:15 ./usr/share/
drwxr-xr-x root/root         0 2019-12-21 15:15 ./usr/share/doc/
drwxr-xr-x root/root         0 2019-12-21 15:15 ./usr/share/doc/python3-logbook/
-rw-r--r-- root/root      1184 2019-12-21 15:15 ./usr/share/doc/python3-logbook/changelog.Debian.gz
-rw-r--r-- root/root      4194 2019-10-16 17:48 ./usr/share/doc/python3-logbook/changelog.gz
-rw-r--r-- root/root      2657 2019-12-12 20:38 ./usr/share/doc/python3-logbook/copyright


+------------------------------------------------------------------------------+
| Post Build                                                                   |
+------------------------------------------------------------------------------+


+------------------------------------------------------------------------------+
| Cleanup                                                                      |
+------------------------------------------------------------------------------+

Purging /<<BUILDDIR>>
Not cleaning session: cloned chroot in use

+------------------------------------------------------------------------------+
| Summary                                                                      |
+------------------------------------------------------------------------------+

Build Architecture: amd64
Build Type: binary
Build-Space: 15644
Build-Time: 29
Distribution: unstable
Host Architecture: amd64
Install-Time: 41
Job: logbook_1.5.3-2
Machine Architecture: amd64
Package: logbook
Package-Time: 99
Source-Version: 1.5.3-2
Space: 15644
Status: successful
Version: 1.5.3-2
--------------------------------------------------------------------------------
Finished at 2020-02-25T03:13:38Z
Build needed 00:01:39, 15644k disk space
DC-Status: OK 101.032668951s
