DC-Build-Header: php-gearman 2.0.6+1.1.2-7 / 2020-02-25 02:50:08 +0000
DC-Task: type:rebuild-binarch-only source:php-gearman version:2.0.6+1.1.2-7 chroot:unstable esttime:101 logfile:/tmp/php-gearman_2.0.6+1.1.2-7_unstable_clang10.log modes:clang10:binarch-only
DC-Sbuild-call: su user42 -c 'sbuild -n --arch-any --apt-update -d unstable -v --no-run-lintian --chroot-setup-commands=/tmp/clang10 php-gearman_2.0.6+1.1.2-7'
sbuild (Debian sbuild) 0.78.1 (09 February 2019) on ip-172-31-3-7.eu-central-1.compute.internal

+==============================================================================+
| php-gearman 2.0.6+1.1.2-7 (amd64)            Tue, 25 Feb 2020 02:50:09 +0000 |
+==============================================================================+

Package: php-gearman
Version: 2.0.6+1.1.2-7
Source Version: 2.0.6+1.1.2-7
Distribution: unstable
Machine Architecture: amd64
Host Architecture: amd64
Build Architecture: amd64
Build Type: binary

I: NOTICE: Log filtering will replace 'var/run/schroot/mount/sid-amd64-sbuild-50667e8a-0496-4484-8cc4-00893c687700' with '<<CHROOT>>'

+------------------------------------------------------------------------------+
| Chroot Setup Commands                                                        |
+------------------------------------------------------------------------------+


/tmp/clang10
------------

+ echo 'Entering customization script...'
Entering customization script...
+ CLANG_VERSION=10
+ echo 'Install of clang-10'
Install of clang-10
+ apt-get update
Get:1 http://127.0.0.1:12990/debian sid InRelease [142 kB]
Get:2 http://127.0.0.1:12990/debian sid/main Sources.diff/Index [27.9 kB]
Get:3 http://127.0.0.1:12990/debian sid/main amd64 Packages.diff/Index [27.9 kB]
Get:4 http://127.0.0.1:12990/debian sid/main Sources 2020-02-24-0823.32.pdiff [11.0 kB]
Get:5 http://127.0.0.1:12990/debian sid/main Sources 2020-02-24-1420.34.pdiff [30.2 kB]
Get:6 http://127.0.0.1:12990/debian sid/main Sources 2020-02-24-2014.03.pdiff [16.9 kB]
Get:6 http://127.0.0.1:12990/debian sid/main Sources 2020-02-24-2014.03.pdiff [16.9 kB]
Get:7 http://127.0.0.1:12990/debian sid/main amd64 Packages 2020-02-24-0823.32.pdiff [15.5 kB]
Get:8 http://127.0.0.1:12990/debian sid/main amd64 Packages 2020-02-24-1420.34.pdiff [27.5 kB]
Get:9 http://127.0.0.1:12990/debian sid/main amd64 Packages 2020-02-24-2014.03.pdiff [21.6 kB]
Get:9 http://127.0.0.1:12990/debian sid/main amd64 Packages 2020-02-24-2014.03.pdiff [21.6 kB]
Get:10 http://127.0.0.1:12990/debian sid/main Translation-en [6193 kB]
Fetched 6514 kB in 2s (3361 kB/s)
Reading package lists...
+ apt-get install --yes --no-install-recommends --force-yes clang-10 libomp-10-dev libobjc-9-dev
Reading package lists...
Building dependency tree...
The following additional packages will be installed:
  lib32gcc-s1 lib32gcc1 lib32stdc++6 libbsd0 libc6-i386 libclang-common-10-dev
  libclang-cpp10 libclang1-10 libedit2 libgc1c2 libllvm10 libobjc4 libomp5-10
  libz3-4
Suggested packages:
  clang-10-doc libomp-10-doc
Recommended packages:
  llvm-10-dev python3
The following NEW packages will be installed:
  clang-10 lib32gcc-s1 lib32gcc1 lib32stdc++6 libbsd0 libc6-i386
  libclang-common-10-dev libclang-cpp10 libclang1-10 libedit2 libgc1c2
  libllvm10 libobjc-9-dev libobjc4 libomp-10-dev libomp5-10 libz3-4
0 upgraded, 17 newly installed, 0 to remove and 1 not upgraded.
Need to get 46.4 MB of archives.
After this operation, 238 MB of additional disk space will be used.
Get:1 http://127.0.0.1:12990/debian sid/main amd64 libbsd0 amd64 0.10.0-1 [107 kB]
Get:2 http://127.0.0.1:12990/debian sid/main amd64 libedit2 amd64 3.1-20191231-1 [95.4 kB]
Get:3 http://127.0.0.1:12990/debian sid/main amd64 libz3-4 amd64 4.8.7-4 [6790 kB]
Get:4 http://127.0.0.1:12990/debian sid/main amd64 libllvm10 amd64 1:10.0.0~+rc2-1 [15.5 MB]
Get:5 http://127.0.0.1:12990/debian sid/main amd64 libclang-cpp10 amd64 1:10.0.0~+rc2-1 [9069 kB]
Get:6 http://127.0.0.1:12990/debian sid/main amd64 libgc1c2 amd64 1:7.6.4-0.4 [224 kB]
Get:7 http://127.0.0.1:12990/debian sid/main amd64 libobjc4 amd64 10-20200222-1 [41.6 kB]
Get:8 http://127.0.0.1:12990/debian sid/main amd64 libobjc-9-dev amd64 9.2.1-29 [219 kB]
Get:9 http://127.0.0.1:12990/debian sid/main amd64 libc6-i386 amd64 2.29-10 [2918 kB]
Get:10 http://127.0.0.1:12990/debian sid/main amd64 lib32gcc-s1 amd64 10-20200222-1 [49.4 kB]
Get:11 http://127.0.0.1:12990/debian sid/main amd64 lib32gcc1 amd64 1:10-20200222-1 [1104 B]
Get:12 http://127.0.0.1:12990/debian sid/main amd64 lib32stdc++6 amd64 10-20200222-1 [510 kB]
Get:13 http://127.0.0.1:12990/debian sid/main amd64 libclang-common-10-dev amd64 1:10.0.0~+rc2-1 [2782 kB]
Get:14 http://127.0.0.1:12990/debian sid/main amd64 libclang1-10 amd64 1:10.0.0~+rc2-1 [7607 kB]
Get:15 http://127.0.0.1:12990/debian sid/main amd64 clang-10 amd64 1:10.0.0~+rc2-1 [103 kB]
Get:16 http://127.0.0.1:12990/debian sid/main amd64 libomp5-10 amd64 1:10.0.0~+rc2-1 [337 kB]
Get:17 http://127.0.0.1:12990/debian sid/main amd64 libomp-10-dev amd64 1:10.0.0~+rc2-1 [84.3 kB]
debconf: delaying package configuration, since apt-utils is not installed
Fetched 46.4 MB in 1s (77.9 MB/s)
Selecting previously unselected package libbsd0:amd64.
(Reading database ... (Reading database ... 5%(Reading database ... 10%(Reading database ... 15%(Reading database ... 20%(Reading database ... 25%(Reading database ... 30%(Reading database ... 35%(Reading database ... 40%(Reading database ... 45%(Reading database ... 50%(Reading database ... 55%(Reading database ... 60%(Reading database ... 65%(Reading database ... 70%(Reading database ... 75%(Reading database ... 80%(Reading database ... 85%(Reading database ... 90%(Reading database ... 95%(Reading database ... 100%(Reading database ... 12119 files and directories currently installed.)
Preparing to unpack .../00-libbsd0_0.10.0-1_amd64.deb ...
Unpacking libbsd0:amd64 (0.10.0-1) ...
Selecting previously unselected package libedit2:amd64.
Preparing to unpack .../01-libedit2_3.1-20191231-1_amd64.deb ...
Unpacking libedit2:amd64 (3.1-20191231-1) ...
Selecting previously unselected package libz3-4:amd64.
Preparing to unpack .../02-libz3-4_4.8.7-4_amd64.deb ...
Unpacking libz3-4:amd64 (4.8.7-4) ...
Selecting previously unselected package libllvm10:amd64.
Preparing to unpack .../03-libllvm10_1%3a10.0.0~+rc2-1_amd64.deb ...
Unpacking libllvm10:amd64 (1:10.0.0~+rc2-1) ...
Selecting previously unselected package libclang-cpp10.
Preparing to unpack .../04-libclang-cpp10_1%3a10.0.0~+rc2-1_amd64.deb ...
Unpacking libclang-cpp10 (1:10.0.0~+rc2-1) ...
Selecting previously unselected package libgc1c2:amd64.
Preparing to unpack .../05-libgc1c2_1%3a7.6.4-0.4_amd64.deb ...
Unpacking libgc1c2:amd64 (1:7.6.4-0.4) ...
Selecting previously unselected package libobjc4:amd64.
Preparing to unpack .../06-libobjc4_10-20200222-1_amd64.deb ...
Unpacking libobjc4:amd64 (10-20200222-1) ...
Selecting previously unselected package libobjc-9-dev:amd64.
Preparing to unpack .../07-libobjc-9-dev_9.2.1-29_amd64.deb ...
Unpacking libobjc-9-dev:amd64 (9.2.1-29) ...
Selecting previously unselected package libc6-i386.
Preparing to unpack .../08-libc6-i386_2.29-10_amd64.deb ...
Unpacking libc6-i386 (2.29-10) ...
Selecting previously unselected package lib32gcc-s1.
Preparing to unpack .../09-lib32gcc-s1_10-20200222-1_amd64.deb ...
Unpacking lib32gcc-s1 (10-20200222-1) ...
Selecting previously unselected package lib32gcc1.
Preparing to unpack .../10-lib32gcc1_1%3a10-20200222-1_amd64.deb ...
Unpacking lib32gcc1 (1:10-20200222-1) ...
Selecting previously unselected package lib32stdc++6.
Preparing to unpack .../11-lib32stdc++6_10-20200222-1_amd64.deb ...
Unpacking lib32stdc++6 (10-20200222-1) ...
Selecting previously unselected package libclang-common-10-dev.
Preparing to unpack .../12-libclang-common-10-dev_1%3a10.0.0~+rc2-1_amd64.deb ...
Unpacking libclang-common-10-dev (1:10.0.0~+rc2-1) ...
Selecting previously unselected package libclang1-10.
Preparing to unpack .../13-libclang1-10_1%3a10.0.0~+rc2-1_amd64.deb ...
Unpacking libclang1-10 (1:10.0.0~+rc2-1) ...
Selecting previously unselected package clang-10.
Preparing to unpack .../14-clang-10_1%3a10.0.0~+rc2-1_amd64.deb ...
Unpacking clang-10 (1:10.0.0~+rc2-1) ...
Selecting previously unselected package libomp5-10:amd64.
Preparing to unpack .../15-libomp5-10_1%3a10.0.0~+rc2-1_amd64.deb ...
Unpacking libomp5-10:amd64 (1:10.0.0~+rc2-1) ...
Selecting previously unselected package libomp-10-dev.
Preparing to unpack .../16-libomp-10-dev_1%3a10.0.0~+rc2-1_amd64.deb ...
Unpacking libomp-10-dev (1:10.0.0~+rc2-1) ...
Setting up libgc1c2:amd64 (1:7.6.4-0.4) ...
Setting up libobjc4:amd64 (10-20200222-1) ...
Setting up libz3-4:amd64 (4.8.7-4) ...
Setting up libobjc-9-dev:amd64 (9.2.1-29) ...
Setting up libomp5-10:amd64 (1:10.0.0~+rc2-1) ...
Setting up libc6-i386 (2.29-10) ...
Setting up libbsd0:amd64 (0.10.0-1) ...
Setting up libomp-10-dev (1:10.0.0~+rc2-1) ...
Setting up libedit2:amd64 (3.1-20191231-1) ...
Setting up libllvm10:amd64 (1:10.0.0~+rc2-1) ...
Setting up lib32gcc-s1 (10-20200222-1) ...
Setting up libclang1-10 (1:10.0.0~+rc2-1) ...
Setting up lib32gcc1 (1:10-20200222-1) ...
Setting up libclang-cpp10 (1:10.0.0~+rc2-1) ...
Setting up lib32stdc++6 (10-20200222-1) ...
Setting up libclang-common-10-dev (1:10.0.0~+rc2-1) ...
Setting up clang-10 (1:10.0.0~+rc2-1) ...
Processing triggers for libc-bin (2.29-10) ...
W: --force-yes is deprecated, use one of the options starting with --allow instead.
+ echo 'Replace gcc, g++ & cpp by clang'
Replace gcc, g++ & cpp by clang
+ VERSIONS='4.6 4.7 4.8 4.9 5 6 7 8 9 10'
+ cd /usr/bin
+ for VERSION in $VERSIONS
+ rm -f g++-4.6 gcc-4.6 cpp-4.6 gcc
+ ln -s clang++-10 g++-4.6
+ ln -s clang-10 gcc-4.6
+ ln -s clang-10 cpp-4.6
+ ln -s clang-10 gcc
+ echo 'gcc-4.6 hold'
+ dpkg --set-selections
dpkg: warning: package not in status nor available database at line 1: gcc-4.6
dpkg: warning: found unknown packages; this might mean the available database
is outdated, and needs to be updated through a frontend method;
please see the FAQ <https://wiki.debian.org/Teams/Dpkg/FAQ>
+ echo 'g++-4.6 hold'
+ dpkg --set-selections
dpkg: warning: package not in status nor available database at line 1: g++-4.6
dpkg: warning: found unknown packages; this might mean the available database
is outdated, and needs to be updated through a frontend method;
please see the FAQ <https://wiki.debian.org/Teams/Dpkg/FAQ>
+ for VERSION in $VERSIONS
+ rm -f g++-4.7 gcc-4.7 cpp-4.7 gcc
+ ln -s clang++-10 g++-4.7
+ ln -s clang-10 gcc-4.7
+ ln -s clang-10 cpp-4.7
+ ln -s clang-10 gcc
+ echo 'gcc-4.7 hold'
+ dpkg --set-selections
dpkg: warning: package not in status nor available database at line 1: gcc-4.7
dpkg: warning: found unknown packages; this might mean the available database
is outdated, and needs to be updated through a frontend method;
please see the FAQ <https://wiki.debian.org/Teams/Dpkg/FAQ>
+ echo 'g++-4.7 hold'
+ dpkg --set-selections
dpkg: warning: package not in status nor available database at line 1: g++-4.7
dpkg: warning: found unknown packages; this might mean the available database
is outdated, and needs to be updated through a frontend method;
please see the FAQ <https://wiki.debian.org/Teams/Dpkg/FAQ>
+ for VERSION in $VERSIONS
+ rm -f g++-4.8 gcc-4.8 cpp-4.8 gcc
+ ln -s clang++-10 g++-4.8
+ ln -s clang-10 gcc-4.8
+ ln -s clang-10 cpp-4.8
+ ln -s clang-10 gcc
+ echo 'gcc-4.8 hold'
+ dpkg --set-selections
dpkg: warning: package not in status nor available database at line 1: gcc-4.8
dpkg: warning: found unknown packages; this might mean the available database
is outdated, and needs to be updated through a frontend method;
please see the FAQ <https://wiki.debian.org/Teams/Dpkg/FAQ>
+ echo 'g++-4.8 hold'
+ dpkg --set-selections
dpkg: warning: package not in status nor available database at line 1: g++-4.8
dpkg: warning: found unknown packages; this might mean the available database
is outdated, and needs to be updated through a frontend method;
please see the FAQ <https://wiki.debian.org/Teams/Dpkg/FAQ>
+ for VERSION in $VERSIONS
+ rm -f g++-4.9 gcc-4.9 cpp-4.9 gcc
+ ln -s clang++-10 g++-4.9
+ ln -s clang-10 gcc-4.9
+ ln -s clang-10 cpp-4.9
+ ln -s clang-10 gcc
+ echo 'gcc-4.9 hold'
+ dpkg --set-selections
dpkg: warning: package not in status nor available database at line 1: gcc-4.9
dpkg: warning: found unknown packages; this might mean the available database
is outdated, and needs to be updated through a frontend method;
please see the FAQ <https://wiki.debian.org/Teams/Dpkg/FAQ>
+ echo 'g++-4.9 hold'
+ dpkg --set-selections
dpkg: warning: package not in status nor available database at line 1: g++-4.9
dpkg: warning: found unknown packages; this might mean the available database
is outdated, and needs to be updated through a frontend method;
please see the FAQ <https://wiki.debian.org/Teams/Dpkg/FAQ>
+ for VERSION in $VERSIONS
+ rm -f g++-5 gcc-5 cpp-5 gcc
+ ln -s clang++-10 g++-5
+ ln -s clang-10 gcc-5
+ ln -s clang-10 cpp-5
+ ln -s clang-10 gcc
+ echo 'gcc-5 hold'
+ dpkg --set-selections
dpkg: warning: package not in status nor available database at line 1: gcc-5
dpkg: warning: found unknown packages; this might mean the available database
is outdated, and needs to be updated through a frontend method;
please see the FAQ <https://wiki.debian.org/Teams/Dpkg/FAQ>
+ echo 'g++-5 hold'
+ dpkg --set-selections
dpkg: warning: package not in status nor available database at line 1: g++-5
dpkg: warning: found unknown packages; this might mean the available database
is outdated, and needs to be updated through a frontend method;
please see the FAQ <https://wiki.debian.org/Teams/Dpkg/FAQ>
+ for VERSION in $VERSIONS
+ rm -f g++-6 gcc-6 cpp-6 gcc
+ ln -s clang++-10 g++-6
+ ln -s clang-10 gcc-6
+ ln -s clang-10 cpp-6
+ ln -s clang-10 gcc
+ echo 'gcc-6 hold'
+ dpkg --set-selections
dpkg: warning: package not in status nor available database at line 1: gcc-6
dpkg: warning: found unknown packages; this might mean the available database
is outdated, and needs to be updated through a frontend method;
please see the FAQ <https://wiki.debian.org/Teams/Dpkg/FAQ>
+ echo 'g++-6 hold'
+ dpkg --set-selections
dpkg: warning: package not in status nor available database at line 1: g++-6
dpkg: warning: found unknown packages; this might mean the available database
is outdated, and needs to be updated through a frontend method;
please see the FAQ <https://wiki.debian.org/Teams/Dpkg/FAQ>
+ for VERSION in $VERSIONS
+ rm -f g++-7 gcc-7 cpp-7 gcc
+ ln -s clang++-10 g++-7
+ ln -s clang-10 gcc-7
+ ln -s clang-10 cpp-7
+ ln -s clang-10 gcc
+ echo 'gcc-7 hold'
+ dpkg --set-selections
dpkg: warning: package not in status nor available database at line 1: gcc-7
dpkg: warning: found unknown packages; this might mean the available database
is outdated, and needs to be updated through a frontend method;
please see the FAQ <https://wiki.debian.org/Teams/Dpkg/FAQ>
+ echo 'g++-7 hold'
+ dpkg --set-selections
dpkg: warning: package not in status nor available database at line 1: g++-7
dpkg: warning: found unknown packages; this might mean the available database
is outdated, and needs to be updated through a frontend method;
please see the FAQ <https://wiki.debian.org/Teams/Dpkg/FAQ>
+ for VERSION in $VERSIONS
+ rm -f g++-8 gcc-8 cpp-8 gcc
+ ln -s clang++-10 g++-8
+ ln -s clang-10 gcc-8
+ ln -s clang-10 cpp-8
+ ln -s clang-10 gcc
+ echo 'gcc-8 hold'
+ dpkg --set-selections
dpkg: warning: package not in status nor available database at line 1: gcc-8
dpkg: warning: found unknown packages; this might mean the available database
is outdated, and needs to be updated through a frontend method;
please see the FAQ <https://wiki.debian.org/Teams/Dpkg/FAQ>
+ echo 'g++-8 hold'
+ dpkg --set-selections
dpkg: warning: package not in status nor available database at line 1: g++-8
dpkg: warning: found unknown packages; this might mean the available database
is outdated, and needs to be updated through a frontend method;
please see the FAQ <https://wiki.debian.org/Teams/Dpkg/FAQ>
+ for VERSION in $VERSIONS
+ rm -f g++-9 gcc-9 cpp-9 gcc
+ ln -s clang++-10 g++-9
+ ln -s clang-10 gcc-9
+ ln -s clang-10 cpp-9
+ ln -s clang-10 gcc
+ echo 'gcc-9 hold'
+ dpkg --set-selections
+ echo 'g++-9 hold'
+ dpkg --set-selections
+ for VERSION in $VERSIONS
+ rm -f g++-10 gcc-10 cpp-10 gcc
+ ln -s clang++-10 g++-10
+ ln -s clang-10 gcc-10
+ ln -s clang-10 cpp-10
+ ln -s clang-10 gcc
+ echo 'gcc-10 hold'
+ dpkg --set-selections
dpkg: warning: package not in status nor available database at line 1: gcc-10
dpkg: warning: found unknown packages; this might mean the available database
is outdated, and needs to be updated through a frontend method;
please see the FAQ <https://wiki.debian.org/Teams/Dpkg/FAQ>
+ echo 'g++-10 hold'
+ dpkg --set-selections
dpkg: warning: package not in status nor available database at line 1: g++-10
dpkg: warning: found unknown packages; this might mean the available database
is outdated, and needs to be updated through a frontend method;
please see the FAQ <https://wiki.debian.org/Teams/Dpkg/FAQ>
+ cd -
/build/php-gearman-asOAqN
+ echo 'Check if gcc, g++ & cpp are actually clang'
Check if gcc, g++ & cpp are actually clang
+ gcc --version
+ grep clang
+ cpp --version
+ grep clang
+ g++ --version
+ grep clang

I: Finished running '/tmp/clang10'.

Finished processing commands.
--------------------------------------------------------------------------------
I: NOTICE: Log filtering will replace 'build/php-gearman-asOAqN/resolver-ADu4NX' with '<<RESOLVERDIR>>'

+------------------------------------------------------------------------------+
| Update chroot                                                                |
+------------------------------------------------------------------------------+

Hit:1 http://127.0.0.1:12990/debian sid InRelease
Reading package lists...
Reading package lists...
Building dependency tree...
Reading state information...
Calculating upgrade...
The following packages will be upgraded:
  libgmp10
1 upgraded, 0 newly installed, 0 to remove and 0 not upgraded.
Need to get 253 kB of archives.
After this operation, 0 B of additional disk space will be used.
Get:1 http://127.0.0.1:12990/debian sid/main amd64 libgmp10 amd64 2:6.2.0+dfsg-4 [253 kB]
debconf: delaying package configuration, since apt-utils is not installed
Fetched 253 kB in 0s (4999 kB/s)
(Reading database ... (Reading database ... 5%(Reading database ... 10%(Reading database ... 15%(Reading database ... 20%(Reading database ... 25%(Reading database ... 30%(Reading database ... 35%(Reading database ... 40%(Reading database ... 45%(Reading database ... 50%(Reading database ... 55%(Reading database ... 60%(Reading database ... 65%(Reading database ... 70%(Reading database ... 75%(Reading database ... 80%(Reading database ... 85%(Reading database ... 90%(Reading database ... 95%(Reading database ... 100%(Reading database ... 12960 files and directories currently installed.)
Preparing to unpack .../libgmp10_2%3a6.2.0+dfsg-4_amd64.deb ...
Unpacking libgmp10:amd64 (2:6.2.0+dfsg-4) over (2:6.2.0+dfsg-3) ...
Setting up libgmp10:amd64 (2:6.2.0+dfsg-4) ...
Processing triggers for libc-bin (2.29-10) ...

+------------------------------------------------------------------------------+
| Fetch source files                                                           |
+------------------------------------------------------------------------------+


Check APT
---------

Checking available source versions...

Download source files with APT
------------------------------

Reading package lists...
NOTICE: 'php-gearman' packaging is maintained in the 'Git' version control system at:
https://salsa.debian.org/php-team/pecl/php-gearman.git
Please use:
git clone https://salsa.debian.org/php-team/pecl/php-gearman.git
to retrieve the latest (possibly unreleased) updates to the package.
Need to get 51.0 kB of source archives.
Get:1 http://127.0.0.1:12990/debian sid/main php-gearman 2.0.6+1.1.2-7 (dsc) [2164 B]
Get:2 http://127.0.0.1:12990/debian sid/main php-gearman 2.0.6+1.1.2-7 (tar) [44.8 kB]
Get:3 http://127.0.0.1:12990/debian sid/main php-gearman 2.0.6+1.1.2-7 (diff) [4072 B]
Fetched 51.0 kB in 0s (707 kB/s)
Download complete and in download only mode
I: NOTICE: Log filtering will replace 'build/php-gearman-asOAqN/php-gearman-2.0.6+1.1.2' with '<<PKGBUILDDIR>>'
I: NOTICE: Log filtering will replace 'build/php-gearman-asOAqN' with '<<BUILDDIR>>'

+------------------------------------------------------------------------------+
| Install package build dependencies                                           |
+------------------------------------------------------------------------------+


Setup apt archive
-----------------

Merged Build-Depends: debhelper (>= 9), dh-php (>= 0.33~), libgearman-dev (>= 1.0.0), php-all-dev, build-essential, fakeroot
Filtered Build-Depends: debhelper (>= 9), dh-php (>= 0.33~), libgearman-dev (>= 1.0.0), php-all-dev, build-essential, fakeroot
dpkg-deb: building package 'sbuild-build-depends-main-dummy' in '/<<RESOLVERDIR>>/apt_archive/sbuild-build-depends-main-dummy.deb'.
Ign:1 copy:/<<RESOLVERDIR>>/apt_archive ./ InRelease
Get:2 copy:/<<RESOLVERDIR>>/apt_archive ./ Release [957 B]
Ign:3 copy:/<<RESOLVERDIR>>/apt_archive ./ Release.gpg
Get:4 copy:/<<RESOLVERDIR>>/apt_archive ./ Sources [402 B]
Get:5 copy:/<<RESOLVERDIR>>/apt_archive ./ Packages [483 B]
Fetched 1842 B in 0s (0 B/s)
Reading package lists...
Reading package lists...

Install main build dependencies (apt-based resolver)
----------------------------------------------------

Installing build dependencies
Reading package lists...
Building dependency tree...
Reading state information...
The following additional packages will be installed:
  autoconf automake autopoint autotools-dev bsdmainutils debhelper
  dh-autoreconf dh-php dh-strip-nondeterminism dwz file gettext gettext-base
  groff-base intltool-debian libarchive-zip-perl libargon2-1 libcroco3
  libdebhelper-perl libelf1 libevent-2.1-7 libevent-core-2.1-7 libevent-dev
  libevent-extra-2.1-7 libevent-openssl-2.1-7 libevent-pthreads-2.1-7
  libexporter-tiny-perl libfile-stripnondeterminism-perl libgearman-dev
  libgearman8 libglib2.0-0 libicu63 liblist-moreutils-perl libmagic-mgc
  libmagic1 libpcre2-16-0 libpcre2-32-0 libpcre2-dev libpcre2-posix2
  libpipeline1 libsigsegv2 libsodium23 libssl-dev libssl1.1
  libsub-override-perl libtool libuchardet0 libxml2 m4 man-db mime-support
  php-all-dev php-common php7.3-cli php7.3-common php7.3-dev php7.3-json
  php7.3-opcache php7.3-readline php7.4-cli php7.4-common php7.4-dev
  php7.4-json php7.4-opcache php7.4-readline po-debconf psmisc sensible-utils
  shtool ucf xml2
Suggested packages:
  autoconf-archive gnu-standards autoconf-doc wamerican | wordlist whois
  vacation dh-make gettext-doc libasprintf-dev libgettextpo-dev groff
  libssl-doc libtool-doc gfortran | fortran95-compiler gcj-jdk m4-doc apparmor
  less www-browser php-pear libmail-box-perl
Recommended packages:
  curl | wget | lynx libarchive-cpio-perl libglib2.0-data shared-mime-info
  xdg-user-dirs libltdl-dev pkg-php-tools libmail-sendmail-perl
The following NEW packages will be installed:
  autoconf automake autopoint autotools-dev bsdmainutils debhelper
  dh-autoreconf dh-php dh-strip-nondeterminism dwz file gettext gettext-base
  groff-base intltool-debian libarchive-zip-perl libargon2-1 libcroco3
  libdebhelper-perl libelf1 libevent-2.1-7 libevent-core-2.1-7 libevent-dev
  libevent-extra-2.1-7 libevent-openssl-2.1-7 libevent-pthreads-2.1-7
  libexporter-tiny-perl libfile-stripnondeterminism-perl libgearman-dev
  libgearman8 libglib2.0-0 libicu63 liblist-moreutils-perl libmagic-mgc
  libmagic1 libpcre2-16-0 libpcre2-32-0 libpcre2-dev libpcre2-posix2
  libpipeline1 libsigsegv2 libsodium23 libssl-dev libssl1.1
  libsub-override-perl libtool libuchardet0 libxml2 m4 man-db mime-support
  php-all-dev php-common php7.3-cli php7.3-common php7.3-dev php7.3-json
  php7.3-opcache php7.3-readline php7.4-cli php7.4-common php7.4-dev
  php7.4-json php7.4-opcache php7.4-readline po-debconf psmisc
  sbuild-build-depends-main-dummy sensible-utils shtool ucf xml2
0 upgraded, 72 newly installed, 0 to remove and 0 not upgraded.
Need to get 32.0 MB of archives.
After this operation, 130 MB of additional disk space will be used.
Get:1 copy:/<<RESOLVERDIR>>/apt_archive ./ sbuild-build-depends-main-dummy 0.invalid.0 [908 B]
Get:2 http://127.0.0.1:12990/debian sid/main amd64 bsdmainutils amd64 11.1.2+b1 [191 kB]
Get:3 http://127.0.0.1:12990/debian sid/main amd64 libuchardet0 amd64 0.0.6-3 [64.9 kB]
Get:4 http://127.0.0.1:12990/debian sid/main amd64 groff-base amd64 1.22.4-4 [919 kB]
Get:5 http://127.0.0.1:12990/debian sid/main amd64 libpipeline1 amd64 1.5.2-2 [33.9 kB]
Get:6 http://127.0.0.1:12990/debian sid/main amd64 man-db amd64 2.9.0-2 [1307 kB]
Get:7 http://127.0.0.1:12990/debian sid/main amd64 sensible-utils all 0.0.12+nmu1 [16.0 kB]
Get:8 http://127.0.0.1:12990/debian sid/main amd64 libmagic-mgc amd64 1:5.38-4 [262 kB]
Get:9 http://127.0.0.1:12990/debian sid/main amd64 libmagic1 amd64 1:5.38-4 [120 kB]
Get:10 http://127.0.0.1:12990/debian sid/main amd64 file amd64 1:5.38-4 [67.9 kB]
Get:11 http://127.0.0.1:12990/debian sid/main amd64 gettext-base amd64 0.19.8.1-10 [123 kB]
Get:12 http://127.0.0.1:12990/debian sid/main amd64 mime-support all 3.64 [37.8 kB]
Get:13 http://127.0.0.1:12990/debian sid/main amd64 ucf all 3.0038+nmu1 [69.0 kB]
Get:14 http://127.0.0.1:12990/debian sid/main amd64 libsigsegv2 amd64 2.12-2 [32.8 kB]
Get:15 http://127.0.0.1:12990/debian sid/main amd64 m4 amd64 1.4.18-4 [203 kB]
Get:16 http://127.0.0.1:12990/debian sid/main amd64 autoconf all 2.69-11.1 [341 kB]
Get:17 http://127.0.0.1:12990/debian sid/main amd64 autotools-dev all 20180224.1 [77.0 kB]
Get:18 http://127.0.0.1:12990/debian sid/main amd64 automake all 1:1.16.1-4 [771 kB]
Get:19 http://127.0.0.1:12990/debian sid/main amd64 autopoint all 0.19.8.1-10 [435 kB]
Get:20 http://127.0.0.1:12990/debian sid/main amd64 libtool all 2.4.6-13 [513 kB]
Get:21 http://127.0.0.1:12990/debian sid/main amd64 dh-autoreconf all 19 [16.9 kB]
Get:22 http://127.0.0.1:12990/debian sid/main amd64 libdebhelper-perl all 12.9 [183 kB]
Get:23 http://127.0.0.1:12990/debian sid/main amd64 libarchive-zip-perl all 1.67-1 [104 kB]
Get:24 http://127.0.0.1:12990/debian sid/main amd64 libsub-override-perl all 0.09-2 [10.2 kB]
Get:25 http://127.0.0.1:12990/debian sid/main amd64 libfile-stripnondeterminism-perl all 1.6.3-2 [23.7 kB]
Get:26 http://127.0.0.1:12990/debian sid/main amd64 dh-strip-nondeterminism all 1.6.3-2 [14.7 kB]
Get:27 http://127.0.0.1:12990/debian sid/main amd64 libelf1 amd64 0.176-1.1 [161 kB]
Get:28 http://127.0.0.1:12990/debian sid/main amd64 dwz amd64 0.13-5 [151 kB]
Get:29 http://127.0.0.1:12990/debian sid/main amd64 libglib2.0-0 amd64 2.62.4-2 [1319 kB]
Get:30 http://127.0.0.1:12990/debian sid/main amd64 libicu63 amd64 63.2-2 [8301 kB]
Get:31 http://127.0.0.1:12990/debian sid/main amd64 libxml2 amd64 2.9.10+dfsg-3 [709 kB]
Get:32 http://127.0.0.1:12990/debian sid/main amd64 libcroco3 amd64 0.6.13-1 [146 kB]
Get:33 http://127.0.0.1:12990/debian sid/main amd64 gettext amd64 0.19.8.1-10 [1303 kB]
Get:34 http://127.0.0.1:12990/debian sid/main amd64 intltool-debian all 0.35.0+20060710.5 [26.8 kB]
Get:35 http://127.0.0.1:12990/debian sid/main amd64 po-debconf all 1.0.21 [248 kB]
Get:36 http://127.0.0.1:12990/debian sid/main amd64 debhelper all 12.9 [994 kB]
Get:37 http://127.0.0.1:12990/debian sid/main amd64 libexporter-tiny-perl all 1.002001-1 [36.9 kB]
Get:38 http://127.0.0.1:12990/debian sid/main amd64 liblist-moreutils-perl amd64 0.416-1+b5 [63.6 kB]
Get:39 http://127.0.0.1:12990/debian sid/main amd64 xml2 amd64 0.5-3 [14.2 kB]
Get:40 http://127.0.0.1:12990/debian sid/main amd64 dh-php all 0.35 [14.0 kB]
Get:41 http://127.0.0.1:12990/debian sid/main amd64 libargon2-1 amd64 0~20171227-0.2 [19.6 kB]
Get:42 http://127.0.0.1:12990/debian sid/main amd64 libevent-2.1-7 amd64 2.1.11-stable-1 [186 kB]
Get:43 http://127.0.0.1:12990/debian sid/main amd64 libevent-core-2.1-7 amd64 2.1.11-stable-1 [137 kB]
Get:44 http://127.0.0.1:12990/debian sid/main amd64 libevent-extra-2.1-7 amd64 2.1.11-stable-1 [108 kB]
Get:45 http://127.0.0.1:12990/debian sid/main amd64 libevent-pthreads-2.1-7 amd64 2.1.11-stable-1 [55.1 kB]
Get:46 http://127.0.0.1:12990/debian sid/main amd64 libssl1.1 amd64 1.1.1d-2 [1540 kB]
Get:47 http://127.0.0.1:12990/debian sid/main amd64 libevent-openssl-2.1-7 amd64 2.1.11-stable-1 [62.0 kB]
Get:48 http://127.0.0.1:12990/debian sid/main amd64 libevent-dev amd64 2.1.11-stable-1 [309 kB]
Get:49 http://127.0.0.1:12990/debian sid/main amd64 libgearman8 amd64 1.1.18+ds-3.1 [84.0 kB]
Get:50 http://127.0.0.1:12990/debian sid/main amd64 libgearman-dev amd64 1.1.18+ds-3.1 [280 kB]
Get:51 http://127.0.0.1:12990/debian sid/main amd64 libpcre2-16-0 amd64 10.34-7 [219 kB]
Get:52 http://127.0.0.1:12990/debian sid/main amd64 libpcre2-32-0 amd64 10.34-7 [208 kB]
Get:53 http://127.0.0.1:12990/debian sid/main amd64 libpcre2-posix2 amd64 10.34-7 [45.2 kB]
Get:54 http://127.0.0.1:12990/debian sid/main amd64 libpcre2-dev amd64 10.34-7 [709 kB]
Get:55 http://127.0.0.1:12990/debian sid/main amd64 libsodium23 amd64 1.0.18-1 [161 kB]
Get:56 http://127.0.0.1:12990/debian sid/main amd64 libssl-dev amd64 1.1.1d-2 [1797 kB]
Get:57 http://127.0.0.1:12990/debian sid/main amd64 psmisc amd64 23.3-1 [131 kB]
Get:58 http://127.0.0.1:12990/debian sid/main amd64 php-common all 2:73 [15.4 kB]
Get:59 http://127.0.0.1:12990/debian sid/main amd64 php7.3-common amd64 7.3.15-3 [951 kB]
Get:60 http://127.0.0.1:12990/debian sid/main amd64 php7.3-json amd64 7.3.15-3 [18.8 kB]
Get:61 http://127.0.0.1:12990/debian sid/main amd64 php7.3-opcache amd64 7.3.15-3 [183 kB]
Get:62 http://127.0.0.1:12990/debian sid/main amd64 php7.3-readline amd64 7.3.15-3 [12.2 kB]
Get:63 http://127.0.0.1:12990/debian sid/main amd64 php7.3-cli amd64 7.3.15-3 [1409 kB]
Get:64 http://127.0.0.1:12990/debian sid/main amd64 shtool all 2.0.8-10 [135 kB]
Get:65 http://127.0.0.1:12990/debian sid/main amd64 php7.3-dev amd64 7.3.15-3 [573 kB]
Get:66 http://127.0.0.1:12990/debian sid/main amd64 php7.4-common amd64 7.4.3-4 [1001 kB]
Get:67 http://127.0.0.1:12990/debian sid/main amd64 php7.4-json amd64 7.4.3-4 [19.0 kB]
Get:68 http://127.0.0.1:12990/debian sid/main amd64 php7.4-opcache amd64 7.4.3-4 [198 kB]
Get:69 http://127.0.0.1:12990/debian sid/main amd64 php7.4-readline amd64 7.4.3-4 [12.4 kB]
Get:70 http://127.0.0.1:12990/debian sid/main amd64 php7.4-cli amd64 7.4.3-4 [1418 kB]
Get:71 http://127.0.0.1:12990/debian sid/main amd64 php7.4-dev amd64 7.4.3-4 [538 kB]
Get:72 http://127.0.0.1:12990/debian sid/main amd64 php-all-dev all 2:73 [6060 B]
debconf: delaying package configuration, since apt-utils is not installed
Fetched 32.0 MB in 0s (72.1 MB/s)
Selecting previously unselected package bsdmainutils.
(Reading database ... 12960 files and directories currently installed.)
Preparing to unpack .../00-bsdmainutils_11.1.2+b1_amd64.deb ...
Unpacking bsdmainutils (11.1.2+b1) ...
Selecting previously unselected package libuchardet0:amd64.
Preparing to unpack .../01-libuchardet0_0.0.6-3_amd64.deb ...
Unpacking libuchardet0:amd64 (0.0.6-3) ...
Selecting previously unselected package groff-base.
Preparing to unpack .../02-groff-base_1.22.4-4_amd64.deb ...
Unpacking groff-base (1.22.4-4) ...
Selecting previously unselected package libpipeline1:amd64.
Preparing to unpack .../03-libpipeline1_1.5.2-2_amd64.deb ...
Unpacking libpipeline1:amd64 (1.5.2-2) ...
Selecting previously unselected package man-db.
Preparing to unpack .../04-man-db_2.9.0-2_amd64.deb ...
Unpacking man-db (2.9.0-2) ...
Selecting previously unselected package sensible-utils.
Preparing to unpack .../05-sensible-utils_0.0.12+nmu1_all.deb ...
Unpacking sensible-utils (0.0.12+nmu1) ...
Selecting previously unselected package libmagic-mgc.
Preparing to unpack .../06-libmagic-mgc_1%3a5.38-4_amd64.deb ...
Unpacking libmagic-mgc (1:5.38-4) ...
Selecting previously unselected package libmagic1:amd64.
Preparing to unpack .../07-libmagic1_1%3a5.38-4_amd64.deb ...
Unpacking libmagic1:amd64 (1:5.38-4) ...
Selecting previously unselected package file.
Preparing to unpack .../08-file_1%3a5.38-4_amd64.deb ...
Unpacking file (1:5.38-4) ...
Selecting previously unselected package gettext-base.
Preparing to unpack .../09-gettext-base_0.19.8.1-10_amd64.deb ...
Unpacking gettext-base (0.19.8.1-10) ...
Selecting previously unselected package mime-support.
Preparing to unpack .../10-mime-support_3.64_all.deb ...
Unpacking mime-support (3.64) ...
Selecting previously unselected package ucf.
Preparing to unpack .../11-ucf_3.0038+nmu1_all.deb ...
Moving old data out of the way
Unpacking ucf (3.0038+nmu1) ...
Selecting previously unselected package libsigsegv2:amd64.
Preparing to unpack .../12-libsigsegv2_2.12-2_amd64.deb ...
Unpacking libsigsegv2:amd64 (2.12-2) ...
Selecting previously unselected package m4.
Preparing to unpack .../13-m4_1.4.18-4_amd64.deb ...
Unpacking m4 (1.4.18-4) ...
Selecting previously unselected package autoconf.
Preparing to unpack .../14-autoconf_2.69-11.1_all.deb ...
Unpacking autoconf (2.69-11.1) ...
Selecting previously unselected package autotools-dev.
Preparing to unpack .../15-autotools-dev_20180224.1_all.deb ...
Unpacking autotools-dev (20180224.1) ...
Selecting previously unselected package automake.
Preparing to unpack .../16-automake_1%3a1.16.1-4_all.deb ...
Unpacking automake (1:1.16.1-4) ...
Selecting previously unselected package autopoint.
Preparing to unpack .../17-autopoint_0.19.8.1-10_all.deb ...
Unpacking autopoint (0.19.8.1-10) ...
Selecting previously unselected package libtool.
Preparing to unpack .../18-libtool_2.4.6-13_all.deb ...
Unpacking libtool (2.4.6-13) ...
Selecting previously unselected package dh-autoreconf.
Preparing to unpack .../19-dh-autoreconf_19_all.deb ...
Unpacking dh-autoreconf (19) ...
Selecting previously unselected package libdebhelper-perl.
Preparing to unpack .../20-libdebhelper-perl_12.9_all.deb ...
Unpacking libdebhelper-perl (12.9) ...
Selecting previously unselected package libarchive-zip-perl.
Preparing to unpack .../21-libarchive-zip-perl_1.67-1_all.deb ...
Unpacking libarchive-zip-perl (1.67-1) ...
Selecting previously unselected package libsub-override-perl.
Preparing to unpack .../22-libsub-override-perl_0.09-2_all.deb ...
Unpacking libsub-override-perl (0.09-2) ...
Selecting previously unselected package libfile-stripnondeterminism-perl.
Preparing to unpack .../23-libfile-stripnondeterminism-perl_1.6.3-2_all.deb ...
Unpacking libfile-stripnondeterminism-perl (1.6.3-2) ...
Selecting previously unselected package dh-strip-nondeterminism.
Preparing to unpack .../24-dh-strip-nondeterminism_1.6.3-2_all.deb ...
Unpacking dh-strip-nondeterminism (1.6.3-2) ...
Selecting previously unselected package libelf1:amd64.
Preparing to unpack .../25-libelf1_0.176-1.1_amd64.deb ...
Unpacking libelf1:amd64 (0.176-1.1) ...
Selecting previously unselected package dwz.
Preparing to unpack .../26-dwz_0.13-5_amd64.deb ...
Unpacking dwz (0.13-5) ...
Selecting previously unselected package libglib2.0-0:amd64.
Preparing to unpack .../27-libglib2.0-0_2.62.4-2_amd64.deb ...
Unpacking libglib2.0-0:amd64 (2.62.4-2) ...
Selecting previously unselected package libicu63:amd64.
Preparing to unpack .../28-libicu63_63.2-2_amd64.deb ...
Unpacking libicu63:amd64 (63.2-2) ...
Selecting previously unselected package libxml2:amd64.
Preparing to unpack .../29-libxml2_2.9.10+dfsg-3_amd64.deb ...
Unpacking libxml2:amd64 (2.9.10+dfsg-3) ...
Selecting previously unselected package libcroco3:amd64.
Preparing to unpack .../30-libcroco3_0.6.13-1_amd64.deb ...
Unpacking libcroco3:amd64 (0.6.13-1) ...
Selecting previously unselected package gettext.
Preparing to unpack .../31-gettext_0.19.8.1-10_amd64.deb ...
Unpacking gettext (0.19.8.1-10) ...
Selecting previously unselected package intltool-debian.
Preparing to unpack .../32-intltool-debian_0.35.0+20060710.5_all.deb ...
Unpacking intltool-debian (0.35.0+20060710.5) ...
Selecting previously unselected package po-debconf.
Preparing to unpack .../33-po-debconf_1.0.21_all.deb ...
Unpacking po-debconf (1.0.21) ...
Selecting previously unselected package debhelper.
Preparing to unpack .../34-debhelper_12.9_all.deb ...
Unpacking debhelper (12.9) ...
Selecting previously unselected package libexporter-tiny-perl.
Preparing to unpack .../35-libexporter-tiny-perl_1.002001-1_all.deb ...
Unpacking libexporter-tiny-perl (1.002001-1) ...
Selecting previously unselected package liblist-moreutils-perl.
Preparing to unpack .../36-liblist-moreutils-perl_0.416-1+b5_amd64.deb ...
Unpacking liblist-moreutils-perl (0.416-1+b5) ...
Selecting previously unselected package xml2.
Preparing to unpack .../37-xml2_0.5-3_amd64.deb ...
Unpacking xml2 (0.5-3) ...
Selecting previously unselected package dh-php.
Preparing to unpack .../38-dh-php_0.35_all.deb ...
Unpacking dh-php (0.35) ...
Selecting previously unselected package libargon2-1:amd64.
Preparing to unpack .../39-libargon2-1_0~20171227-0.2_amd64.deb ...
Unpacking libargon2-1:amd64 (0~20171227-0.2) ...
Selecting previously unselected package libevent-2.1-7:amd64.
Preparing to unpack .../40-libevent-2.1-7_2.1.11-stable-1_amd64.deb ...
Unpacking libevent-2.1-7:amd64 (2.1.11-stable-1) ...
Selecting previously unselected package libevent-core-2.1-7:amd64.
Preparing to unpack .../41-libevent-core-2.1-7_2.1.11-stable-1_amd64.deb ...
Unpacking libevent-core-2.1-7:amd64 (2.1.11-stable-1) ...
Selecting previously unselected package libevent-extra-2.1-7:amd64.
Preparing to unpack .../42-libevent-extra-2.1-7_2.1.11-stable-1_amd64.deb ...
Unpacking libevent-extra-2.1-7:amd64 (2.1.11-stable-1) ...
Selecting previously unselected package libevent-pthreads-2.1-7:amd64.
Preparing to unpack .../43-libevent-pthreads-2.1-7_2.1.11-stable-1_amd64.deb ...
Unpacking libevent-pthreads-2.1-7:amd64 (2.1.11-stable-1) ...
Selecting previously unselected package libssl1.1:amd64.
Preparing to unpack .../44-libssl1.1_1.1.1d-2_amd64.deb ...
Unpacking libssl1.1:amd64 (1.1.1d-2) ...
Selecting previously unselected package libevent-openssl-2.1-7:amd64.
Preparing to unpack .../45-libevent-openssl-2.1-7_2.1.11-stable-1_amd64.deb ...
Unpacking libevent-openssl-2.1-7:amd64 (2.1.11-stable-1) ...
Selecting previously unselected package libevent-dev.
Preparing to unpack .../46-libevent-dev_2.1.11-stable-1_amd64.deb ...
Unpacking libevent-dev (2.1.11-stable-1) ...
Selecting previously unselected package libgearman8:amd64.
Preparing to unpack .../47-libgearman8_1.1.18+ds-3.1_amd64.deb ...
Unpacking libgearman8:amd64 (1.1.18+ds-3.1) ...
Selecting previously unselected package libgearman-dev.
Preparing to unpack .../48-libgearman-dev_1.1.18+ds-3.1_amd64.deb ...
Unpacking libgearman-dev (1.1.18+ds-3.1) ...
Selecting previously unselected package libpcre2-16-0:amd64.
Preparing to unpack .../49-libpcre2-16-0_10.34-7_amd64.deb ...
Unpacking libpcre2-16-0:amd64 (10.34-7) ...
Selecting previously unselected package libpcre2-32-0:amd64.
Preparing to unpack .../50-libpcre2-32-0_10.34-7_amd64.deb ...
Unpacking libpcre2-32-0:amd64 (10.34-7) ...
Selecting previously unselected package libpcre2-posix2:amd64.
Preparing to unpack .../51-libpcre2-posix2_10.34-7_amd64.deb ...
Unpacking libpcre2-posix2:amd64 (10.34-7) ...
Selecting previously unselected package libpcre2-dev:amd64.
Preparing to unpack .../52-libpcre2-dev_10.34-7_amd64.deb ...
Unpacking libpcre2-dev:amd64 (10.34-7) ...
Selecting previously unselected package libsodium23:amd64.
Preparing to unpack .../53-libsodium23_1.0.18-1_amd64.deb ...
Unpacking libsodium23:amd64 (1.0.18-1) ...
Selecting previously unselected package libssl-dev:amd64.
Preparing to unpack .../54-libssl-dev_1.1.1d-2_amd64.deb ...
Unpacking libssl-dev:amd64 (1.1.1d-2) ...
Selecting previously unselected package psmisc.
Preparing to unpack .../55-psmisc_23.3-1_amd64.deb ...
Unpacking psmisc (23.3-1) ...
Selecting previously unselected package php-common.
Preparing to unpack .../56-php-common_2%3a73_all.deb ...
Unpacking php-common (2:73) ...
Selecting previously unselected package php7.3-common.
Preparing to unpack .../57-php7.3-common_7.3.15-3_amd64.deb ...
Unpacking php7.3-common (7.3.15-3) ...
Selecting previously unselected package php7.3-json.
Preparing to unpack .../58-php7.3-json_7.3.15-3_amd64.deb ...
Unpacking php7.3-json (7.3.15-3) ...
Selecting previously unselected package php7.3-opcache.
Preparing to unpack .../59-php7.3-opcache_7.3.15-3_amd64.deb ...
Unpacking php7.3-opcache (7.3.15-3) ...
Selecting previously unselected package php7.3-readline.
Preparing to unpack .../60-php7.3-readline_7.3.15-3_amd64.deb ...
Unpacking php7.3-readline (7.3.15-3) ...
Selecting previously unselected package php7.3-cli.
Preparing to unpack .../61-php7.3-cli_7.3.15-3_amd64.deb ...
Unpacking php7.3-cli (7.3.15-3) ...
Selecting previously unselected package shtool.
Preparing to unpack .../62-shtool_2.0.8-10_all.deb ...
Unpacking shtool (2.0.8-10) ...
Selecting previously unselected package php7.3-dev.
Preparing to unpack .../63-php7.3-dev_7.3.15-3_amd64.deb ...
Unpacking php7.3-dev (7.3.15-3) ...
Selecting previously unselected package php7.4-common.
Preparing to unpack .../64-php7.4-common_7.4.3-4_amd64.deb ...
Unpacking php7.4-common (7.4.3-4) ...
Selecting previously unselected package php7.4-json.
Preparing to unpack .../65-php7.4-json_7.4.3-4_amd64.deb ...
Unpacking php7.4-json (7.4.3-4) ...
Selecting previously unselected package php7.4-opcache.
Preparing to unpack .../66-php7.4-opcache_7.4.3-4_amd64.deb ...
Unpacking php7.4-opcache (7.4.3-4) ...
Selecting previously unselected package php7.4-readline.
Preparing to unpack .../67-php7.4-readline_7.4.3-4_amd64.deb ...
Unpacking php7.4-readline (7.4.3-4) ...
Selecting previously unselected package php7.4-cli.
Preparing to unpack .../68-php7.4-cli_7.4.3-4_amd64.deb ...
Unpacking php7.4-cli (7.4.3-4) ...
Selecting previously unselected package php7.4-dev.
Preparing to unpack .../69-php7.4-dev_7.4.3-4_amd64.deb ...
Unpacking php7.4-dev (7.4.3-4) ...
Selecting previously unselected package php-all-dev.
Preparing to unpack .../70-php-all-dev_2%3a73_all.deb ...
Unpacking php-all-dev (2:73) ...
Selecting previously unselected package sbuild-build-depends-main-dummy.
Preparing to unpack .../71-sbuild-build-depends-main-dummy_0.invalid.0_amd64.deb ...
Unpacking sbuild-build-depends-main-dummy (0.invalid.0) ...
Setting up libpipeline1:amd64 (1.5.2-2) ...
Setting up shtool (2.0.8-10) ...
Setting up libsodium23:amd64 (1.0.18-1) ...
Setting up mime-support (3.64) ...
Setting up libmagic-mgc (1:5.38-4) ...
Setting up psmisc (23.3-1) ...
Setting up libarchive-zip-perl (1.67-1) ...
Setting up libglib2.0-0:amd64 (2.62.4-2) ...
No schema files found: doing nothing.
Setting up libssl1.1:amd64 (1.1.1d-2) ...
Setting up libargon2-1:amd64 (0~20171227-0.2) ...
Setting up libdebhelper-perl (12.9) ...
Setting up libmagic1:amd64 (1:5.38-4) ...
Setting up gettext-base (0.19.8.1-10) ...
Setting up file (1:5.38-4) ...
Setting up libpcre2-16-0:amd64 (10.34-7) ...
Setting up libicu63:amd64 (63.2-2) ...
Setting up autotools-dev (20180224.1) ...
Setting up libpcre2-32-0:amd64 (10.34-7) ...
Setting up libsigsegv2:amd64 (2.12-2) ...
Setting up bsdmainutils (11.1.2+b1) ...
update-alternatives: using /usr/bin/bsd-write to provide /usr/bin/write (write) in auto mode
update-alternatives: using /usr/bin/bsd-from to provide /usr/bin/from (from) in auto mode
Setting up libssl-dev:amd64 (1.1.1d-2) ...
Setting up libevent-core-2.1-7:amd64 (2.1.11-stable-1) ...
Setting up libevent-2.1-7:amd64 (2.1.11-stable-1) ...
Setting up autopoint (0.19.8.1-10) ...
Setting up libpcre2-posix2:amd64 (10.34-7) ...
Setting up sensible-utils (0.0.12+nmu1) ...
Setting up libuchardet0:amd64 (0.0.6-3) ...
Setting up libgearman8:amd64 (1.1.18+ds-3.1) ...
Setting up libsub-override-perl (0.09-2) ...
Setting up libexporter-tiny-perl (1.002001-1) ...
Setting up libelf1:amd64 (0.176-1.1) ...
Setting up libxml2:amd64 (2.9.10+dfsg-3) ...
Setting up libevent-pthreads-2.1-7:amd64 (2.1.11-stable-1) ...
Setting up libfile-stripnondeterminism-perl (1.6.3-2) ...
Setting up php-common (2:73) ...
Setting up libevent-extra-2.1-7:amd64 (2.1.11-stable-1) ...
Setting up libpcre2-dev:amd64 (10.34-7) ...
Setting up libtool (2.4.6-13) ...
Setting up liblist-moreutils-perl (0.416-1+b5) ...
Setting up libevent-openssl-2.1-7:amd64 (2.1.11-stable-1) ...
Setting up m4 (1.4.18-4) ...
Setting up libevent-dev (2.1.11-stable-1) ...
Setting up libcroco3:amd64 (0.6.13-1) ...
Setting up ucf (3.0038+nmu1) ...
Setting up autoconf (2.69-11.1) ...
Setting up dh-strip-nondeterminism (1.6.3-2) ...
Setting up dwz (0.13-5) ...
Setting up groff-base (1.22.4-4) ...
Setting up xml2 (0.5-3) ...
Setting up automake (1:1.16.1-4) ...
update-alternatives: using /usr/bin/automake-1.16 to provide /usr/bin/automake (automake) in auto mode
Setting up gettext (0.19.8.1-10) ...
Setting up php7.4-common (7.4.3-4) ...

Creating config file /etc/php/7.4/mods-available/calendar.ini with new version

Creating config file /etc/php/7.4/mods-available/ctype.ini with new version

Creating config file /etc/php/7.4/mods-available/exif.ini with new version

Creating config file /etc/php/7.4/mods-available/fileinfo.ini with new version

Creating config file /etc/php/7.4/mods-available/ffi.ini with new version

Creating config file /etc/php/7.4/mods-available/ftp.ini with new version

Creating config file /etc/php/7.4/mods-available/gettext.ini with new version

Creating config file /etc/php/7.4/mods-available/iconv.ini with new version

Creating config file /etc/php/7.4/mods-available/pdo.ini with new version

Creating config file /etc/php/7.4/mods-available/phar.ini with new version

Creating config file /etc/php/7.4/mods-available/posix.ini with new version

Creating config file /etc/php/7.4/mods-available/shmop.ini with new version

Creating config file /etc/php/7.4/mods-available/sockets.ini with new version

Creating config file /etc/php/7.4/mods-available/sysvmsg.ini with new version

Creating config file /etc/php/7.4/mods-available/sysvsem.ini with new version

Creating config file /etc/php/7.4/mods-available/sysvshm.ini with new version

Creating config file /etc/php/7.4/mods-available/tokenizer.ini with new version
Setting up libgearman-dev (1.1.18+ds-3.1) ...
Setting up php7.4-readline (7.4.3-4) ...

Creating config file /etc/php/7.4/mods-available/readline.ini with new version
Setting up man-db (2.9.0-2) ...
Not building database; man-db/auto-update is not 'true'.
Setting up intltool-debian (0.35.0+20060710.5) ...
Setting up php7.3-common (7.3.15-3) ...

Creating config file /etc/php/7.3/mods-available/calendar.ini with new version

Creating config file /etc/php/7.3/mods-available/ctype.ini with new version

Creating config file /etc/php/7.3/mods-available/exif.ini with new version

Creating config file /etc/php/7.3/mods-available/fileinfo.ini with new version

Creating config file /etc/php/7.3/mods-available/ftp.ini with new version

Creating config file /etc/php/7.3/mods-available/gettext.ini with new version

Creating config file /etc/php/7.3/mods-available/iconv.ini with new version

Creating config file /etc/php/7.3/mods-available/pdo.ini with new version

Creating config file /etc/php/7.3/mods-available/phar.ini with new version

Creating config file /etc/php/7.3/mods-available/posix.ini with new version

Creating config file /etc/php/7.3/mods-available/shmop.ini with new version

Creating config file /etc/php/7.3/mods-available/sockets.ini with new version

Creating config file /etc/php/7.3/mods-available/sysvmsg.ini with new version

Creating config file /etc/php/7.3/mods-available/sysvsem.ini with new version

Creating config file /etc/php/7.3/mods-available/sysvshm.ini with new version

Creating config file /etc/php/7.3/mods-available/tokenizer.ini with new version
Setting up php7.3-opcache (7.3.15-3) ...

Creating config file /etc/php/7.3/mods-available/opcache.ini with new version
Setting up php7.4-opcache (7.4.3-4) ...

Creating config file /etc/php/7.4/mods-available/opcache.ini with new version
Setting up php7.4-json (7.4.3-4) ...

Creating config file /etc/php/7.4/mods-available/json.ini with new version
Setting up php7.3-json (7.3.15-3) ...

Creating config file /etc/php/7.3/mods-available/json.ini with new version
Setting up php7.3-readline (7.3.15-3) ...

Creating config file /etc/php/7.3/mods-available/readline.ini with new version
Setting up po-debconf (1.0.21) ...
Setting up php7.4-cli (7.4.3-4) ...
update-alternatives: using /usr/bin/php7.4 to provide /usr/bin/php (php) in auto mode
update-alternatives: using /usr/bin/phar7.4 to provide /usr/bin/phar (phar) in auto mode
update-alternatives: using /usr/bin/phar.phar7.4 to provide /usr/bin/phar.phar (phar.phar) in auto mode

Creating config file /etc/php/7.4/cli/php.ini with new version
Setting up php7.4-dev (7.4.3-4) ...
update-alternatives: using /usr/bin/php-config7.4 to provide /usr/bin/php-config (php-config) in auto mode
update-alternatives: using /usr/bin/phpize7.4 to provide /usr/bin/phpize (phpize) in auto mode
Setting up php7.3-cli (7.3.15-3) ...

Creating config file /etc/php/7.3/cli/php.ini with new version
Setting up php7.3-dev (7.3.15-3) ...
Setting up php-all-dev (2:73) ...
Setting up dh-autoreconf (19) ...
Setting up debhelper (12.9) ...
Setting up dh-php (0.35) ...
Setting up sbuild-build-depends-main-dummy (0.invalid.0) ...
Processing triggers for libc-bin (2.29-10) ...
Processing triggers for php7.4-cli (7.4.3-4) ...
Processing triggers for php7.3-cli (7.3.15-3) ...

+------------------------------------------------------------------------------+
| Check architectures                                                          |
+------------------------------------------------------------------------------+

Arch check ok (amd64 included in any)

+------------------------------------------------------------------------------+
| Build environment                                                            |
+------------------------------------------------------------------------------+

Kernel: Linux 4.19.0-6-cloud-amd64 #1 SMP Debian 4.19.67-2+deb10u2 (2019-11-11) amd64 (x86_64)
Toolchain package versions: binutils_2.34-3 dpkg-dev_1.19.7 g++-9_9.2.1-29 gcc-9_9.2.1-29 libc6-dev_2.29-10 libstdc++-9-dev_9.2.1-29 libstdc++6_10-20200222-1 linux-libc-dev_5.4.19-1
Package versions: adduser_3.118 apt_1.8.4 autoconf_2.69-11.1 automake_1:1.16.1-4 autopoint_0.19.8.1-10 autotools-dev_20180224.1 base-files_11 base-passwd_3.5.47 bash_5.0-5 binutils_2.34-3 binutils-common_2.34-3 binutils-x86-64-linux-gnu_2.34-3 bsdmainutils_11.1.2+b1 bsdutils_1:2.34-0.1 build-essential_12.8 bzip2_1.0.8-2 clang-10_1:10.0.0~+rc2-1 coreutils_8.30-3+b1 cpp_4:9.2.1-3.1 cpp-9_9.2.1-29 dash_0.5.10.2-6 debconf_1.5.73 debhelper_12.9 debian-archive-keyring_2019.1 debianutils_4.9.1 dh-autoreconf_19 dh-php_0.35 dh-strip-nondeterminism_1.6.3-2 diffutils_1:3.7-3 dpkg_1.19.7 dpkg-dev_1.19.7 dwz_0.13-5 e2fsprogs_1.45.5-2 fakeroot_1.24-1 fdisk_2.34-0.1 file_1:5.38-4 findutils_4.7.0-1 g++_4:9.2.1-3.1 g++-9_9.2.1-29 gcc_4:9.2.1-3.1 gcc-10-base_10-20200222-1 gcc-9_9.2.1-29 gcc-9-base_9.2.1-29 gettext_0.19.8.1-10 gettext-base_0.19.8.1-10 gpgv_2.2.19-1 grep_3.4-1 groff-base_1.22.4-4 gzip_1.9-3+b1 hostname_3.23 init-system-helpers_1.57 intltool-debian_0.35.0+20060710.5 lib32gcc-s1_10-20200222-1 lib32gcc1_1:10-20200222-1 lib32stdc++6_10-20200222-1 libacl1_2.2.53-5 libapt-pkg5.0_1.8.4 libarchive-zip-perl_1.67-1 libargon2-1_0~20171227-0.2 libasan5_9.2.1-29 libatomic1_10-20200222-1 libattr1_1:2.4.48-5 libaudit-common_1:2.8.5-2 libaudit1_1:2.8.5-2+b1 libbinutils_2.34-3 libblkid1_2.34-0.1 libbsd0_0.10.0-1 libbz2-1.0_1.0.8-2 libc-bin_2.29-10 libc-dev-bin_2.29-10 libc6_2.29-10 libc6-dev_2.29-10 libc6-i386_2.29-10 libcap-ng0_0.7.9-2.1+b1 libcc1-0_10-20200222-1 libclang-common-10-dev_1:10.0.0~+rc2-1 libclang-cpp10_1:10.0.0~+rc2-1 libclang1-10_1:10.0.0~+rc2-1 libcom-err2_1.45.5-2 libcroco3_0.6.13-1 libcrypt-dev_1:4.4.10-10 libcrypt1_1:4.4.10-10 libctf-nobfd0_2.34-3 libctf0_2.34-3 libdb5.3_5.3.28+dfsg1-0.6 libdebconfclient0_0.251 libdebhelper-perl_12.9 libdpkg-perl_1.19.7 libedit2_3.1-20191231-1 libelf1_0.176-1.1 libevent-2.1-7_2.1.11-stable-1 libevent-core-2.1-7_2.1.11-stable-1 libevent-dev_2.1.11-stable-1 libevent-extra-2.1-7_2.1.11-stable-1 libevent-openssl-2.1-7_2.1.11-stable-1 libevent-pthreads-2.1-7_2.1.11-stable-1 libexporter-tiny-perl_1.002001-1 libext2fs2_1.45.5-2 libfakeroot_1.24-1 libfdisk1_2.34-0.1 libffi7_3.3-3 libfile-stripnondeterminism-perl_1.6.3-2 libgc1c2_1:7.6.4-0.4 libgcc-9-dev_9.2.1-29 libgcc-s1_10-20200222-1 libgcc1_1:10-20200222-1 libgcrypt20_1.8.5-5 libgdbm-compat4_1.18.1-5 libgdbm6_1.18.1-5 libgearman-dev_1.1.18+ds-3.1 libgearman8_1.1.18+ds-3.1 libglib2.0-0_2.62.4-2 libgmp10_2:6.2.0+dfsg-4 libgnutls30_3.6.12-2 libgomp1_10-20200222-1 libgpg-error0_1.37-1 libhogweed5_3.5.1+really3.5.1-2 libicu63_63.2-2 libidn2-0_2.2.0-2 libisl22_0.22.1-1 libitm1_10-20200222-1 liblist-moreutils-perl_0.416-1+b5 libllvm10_1:10.0.0~+rc2-1 liblsan0_10-20200222-1 liblz4-1_1.9.2-2 liblzma5_5.2.4-1+b1 libmagic-mgc_1:5.38-4 libmagic1_1:5.38-4 libmount1_2.34-0.1 libmpc3_1.1.0-1 libmpfr6_4.0.2-1 libncursesw6_6.1+20191019-1 libnettle7_3.5.1+really3.5.1-2 libobjc-9-dev_9.2.1-29 libobjc4_10-20200222-1 libomp-10-dev_1:10.0.0~+rc2-1 libomp5-10_1:10.0.0~+rc2-1 libp11-kit0_0.23.20-1 libpam-modules_1.3.1-5 libpam-modules-bin_1.3.1-5 libpam-runtime_1.3.1-5 libpam0g_1.3.1-5 libpcre2-16-0_10.34-7 libpcre2-32-0_10.34-7 libpcre2-8-0_10.34-7 libpcre2-dev_10.34-7 libpcre2-posix2_10.34-7 libpcre3_2:8.39-12+b1 libperl5.30_5.30.0-9 libpipeline1_1.5.2-2 libquadmath0_10-20200222-1 libseccomp2_2.4.2-2 libselinux1_3.0-1+b1 libsemanage-common_3.0-1 libsemanage1_3.0-1+b1 libsepol1_3.0-1 libsigsegv2_2.12-2 libsmartcols1_2.34-0.1 libsodium23_1.0.18-1 libss2_1.45.5-2 libssl-dev_1.1.1d-2 libssl1.1_1.1.1d-2 libstdc++-9-dev_9.2.1-29 libstdc++6_10-20200222-1 libsub-override-perl_0.09-2 libsystemd0_244.3-1 libtasn1-6_4.16.0-2 libtinfo6_6.1+20191019-1 libtool_2.4.6-13 libtsan0_10-20200222-1 libubsan1_10-20200222-1 libuchardet0_0.0.6-3 libudev1_244.3-1 libunistring2_0.9.10-2 libuuid1_2.34-0.1 libxml2_2.9.10+dfsg-3 libz3-4_4.8.7-4 libzstd1_1.4.4+dfsg-3 linux-libc-dev_5.4.19-1 login_1:4.8.1-1 logsave_1.45.5-2 lsb-base_11.1.0 m4_1.4.18-4 make_4.2.1-1.2 man-db_2.9.0-2 mawk_1.3.4.20200120-2 mime-support_3.64 mount_2.34-0.1 ncurses-base_6.1+20191019-1 ncurses-bin_6.1+20191019-1 passwd_1:4.8.1-1 patch_2.7.6-6 perl_5.30.0-9 perl-base_5.30.0-9 perl-modules-5.30_5.30.0-9 php-all-dev_2:73 php-common_2:73 php7.3-cli_7.3.15-3 php7.3-common_7.3.15-3 php7.3-dev_7.3.15-3 php7.3-json_7.3.15-3 php7.3-opcache_7.3.15-3 php7.3-readline_7.3.15-3 php7.4-cli_7.4.3-4 php7.4-common_7.4.3-4 php7.4-dev_7.4.3-4 php7.4-json_7.4.3-4 php7.4-opcache_7.4.3-4 php7.4-readline_7.4.3-4 po-debconf_1.0.21 psmisc_23.3-1 sbuild-build-depends-main-dummy_0.invalid.0 sed_4.7-1 sensible-utils_0.0.12+nmu1 shtool_2.0.8-10 sysvinit-utils_2.96-2.1 tar_1.30+dfsg-6+b1 tzdata_2019c-3 ucf_3.0038+nmu1 util-linux_2.34-0.1 xml2_0.5-3 xz-utils_5.2.4-1+b1 zlib1g_1:1.2.11.dfsg-1.2

+------------------------------------------------------------------------------+
| Build                                                                        |
+------------------------------------------------------------------------------+


Unpack source
-------------

-----BEGIN PGP SIGNED MESSAGE-----
Hash: SHA512

Format: 3.0 (quilt)
Source: php-gearman
Binary: php-gearman
Architecture: any
Version: 2.0.6+1.1.2-7
Maintainer: Debian PHP PECL Maintainers <team+php-pecl@tracker.debian.org>
Uploaders: Ondej Sur <ondrej@debian.org>
Homepage: https://pecl.php.net/package/gearman
Standards-Version: 3.9.8
Vcs-Browser: https://salsa.debian.org/php-team/pecl/php-gearman
Vcs-Git: https://salsa.debian.org/php-team/pecl/php-gearman.git
Build-Depends: debhelper (>= 9), dh-php (>= 0.33~), libgearman-dev (>= 1.0.0), php-all-dev
Package-List:
 php-gearman deb php optional arch=any
Checksums-Sha1:
 d1cd5d2816686907763a99165efa33eaee640533 44760 php-gearman_2.0.6+1.1.2.orig.tar.xz
 416b51d00a7e8a6940c54e41e30007640b636e07 4072 php-gearman_2.0.6+1.1.2-7.debian.tar.xz
Checksums-Sha256:
 591aab1b77412fdac95eff502e6ffce0096f75b2b4f74f609da1a2dbdc5adda0 44760 php-gearman_2.0.6+1.1.2.orig.tar.xz
 a8566ba66512398e0ba9abf7b83fa22dca99bad9ebfda67e7ca5455e712139a0 4072 php-gearman_2.0.6+1.1.2-7.debian.tar.xz
Files:
 efc77fb7fad54186ef92d7b44e7f7817 44760 php-gearman_2.0.6+1.1.2.orig.tar.xz
 e9da8a65b66ddc10e1319e9e70e6756b 4072 php-gearman_2.0.6+1.1.2-7.debian.tar.xz

-----BEGIN PGP SIGNATURE-----

iQKTBAEBCgB9FiEEw2Gx4wKVQ+vGJel9g3Kkd++uWcIFAl5SThRfFIAAAAAALgAo
aXNzdWVyLWZwckBub3RhdGlvbnMub3BlbnBncC5maWZ0aGhvcnNlbWFuLm5ldEMz
NjFCMUUzMDI5NTQzRUJDNjI1RTk3RDgzNzJBNDc3RUZBRTU5QzIACgkQg3Kkd++u
WcJgNw//dH1IS06gv3aNRoc6oRQ5beRB9EYLq8K0beHcV/0b1RalqPRJ0wCYybAD
wRZeo3yfVV2D6yhu3uU2i7dubuw5tJs7u+/kR4MdU8kxRjynCnkT6yksHMCLgzc3
6RKwS3RRstv5K03bfAqlZD2H26ii9WnqmdJeb5vZJls1KmEPEQRRsM9ldmccNbKD
5KcN/5V0SC84SqHwnliGKVJrMF57qjEnwluSQh00rJhHZ1EgpYnzVn8eTUbCvLB7
7w/Zycv8hmd894Dr1ZsbIHzjGTkEZcFG70DQCHsg4SDvUA3BXbElS55/AvqTxXnt
afl1ceNZnn6IMWrZL7zUbDFVWZy/PxLgLEst36DLvlvZphQ2ieMySrUUCh7mGwAt
b6/KjxgE+g3HaHlaZQh1sCZq6fjgXl6g66krGrH7culYz++l35kJ/OO86nTkeub2
9ZUGI1JT+2Rh60CpRaYVxL+j8tLVSwXsDqDkpSoyxFkAwdb59VviWxaqdqHncjTt
F3JLrmVP5f8uGvT1DBhUIZ9BN4MlACYchef+NFj+tUZTMGmx6lKKQ3BhpUDhI6CF
25GSUjIRJjdL8XDpLaCpTWZL45Y2zvzrwO1tdIUFe7V0Nq4yGkfdtOmCl81pvP50
DNhmRKBQx+8hswuauenJulMBiomubQqqWPQ6+ImAApQXmgxWtjQ=
=ftss
-----END PGP SIGNATURE-----

gpgv: unknown type of key resource 'trustedkeys.kbx'
gpgv: keyblock resource '/sbuild-nonexistent/.gnupg/trustedkeys.kbx': General error
gpgv: Signature made Sun Feb 23 10:04:04 2020 UTC
gpgv:                using RSA key C361B1E3029543EBC625E97D8372A477EFAE59C2
gpgv: Can't check signature: No public key
dpkg-source: warning: failed to verify signature on ./php-gearman_2.0.6+1.1.2-7.dsc
dpkg-source: info: extracting php-gearman in /<<PKGBUILDDIR>>
dpkg-source: info: unpacking php-gearman_2.0.6+1.1.2.orig.tar.xz
dpkg-source: info: unpacking php-gearman_2.0.6+1.1.2-7.debian.tar.xz

Check disk space
----------------

Sufficient free space for build

User Environment
----------------

APT_CONFIG=/var/lib/sbuild/apt.conf
HOME=/sbuild-nonexistent
LANG=C.UTF-8
LC_ALL=C.UTF-8
LOGNAME=user42
PATH=/usr/local/sbin:/usr/local/bin:/usr/sbin:/usr/bin:/sbin:/bin:/usr/games
SCHROOT_ALIAS_NAME=unstable
SCHROOT_CHROOT_NAME=sid-amd64-sbuild
SCHROOT_COMMAND=env
SCHROOT_GID=1001
SCHROOT_GROUP=user42
SCHROOT_SESSION_ID=sid-amd64-sbuild-50667e8a-0496-4484-8cc4-00893c687700
SCHROOT_UID=1001
SCHROOT_USER=user42
SHELL=/bin/sh
USER=user42

dpkg-buildpackage
-----------------

Command: dpkg-buildpackage -us -uc -b -rfakeroot
dpkg-buildpackage: info: source package php-gearman
dpkg-buildpackage: info: source version 2.0.6+1.1.2-7
dpkg-buildpackage: info: source distribution unstable
dpkg-buildpackage: info: source changed by Ondej Sur <ondrej@debian.org>
 dpkg-source --before-build .
dpkg-buildpackage: info: host architecture amd64
 fakeroot debian/rules clean
dh clean --with php
   debian/rules override_dh_auto_clean
make[1]: Entering directory '/<<PKGBUILDDIR>>'
rm -rf build-7.4
touch clean-7.4-stamp
rm -rf build-7.3
touch clean-7.3-stamp
rm -f configure-7.4-stamp configure-7.3-stamp build-7.4-stamp build-7.3-stamp install-7.4-stamp install-7.3-stamp test-7.4-stamp test-7.3-stamp clean-7.4-stamp clean-7.3-stamp
make[1]: Leaving directory '/<<PKGBUILDDIR>>'
   dh_clean
 debian/rules build
dh build --with php
   dh_update_autotools_config
   debian/rules override_dh_auto_configure
make[1]: Entering directory '/<<PKGBUILDDIR>>'
cp -a gearman-2.0.6 build-7.4
cd build-7.4 && phpize7.4
Configuring for:
PHP Api Version:         20190902
Zend Module Api No:      20190902
Zend Extension Api No:   320190902
dh_auto_configure --sourcedirectory=build-7.4 -- --enable-gearman --with-php-config=/usr/bin/php-config7.4 
	cd build-7.4 && ./configure --build=x86_64-linux-gnu --prefix=/usr --includedir=\${prefix}/include --mandir=\${prefix}/share/man --infodir=\${prefix}/share/info --sysconfdir=/etc --localstatedir=/var --disable-silent-rules --libdir=\${prefix}/lib/x86_64-linux-gnu --libexecdir=\${prefix}/lib/x86_64-linux-gnu --disable-maintainer-mode --disable-dependency-tracking --enable-gearman --with-php-config=/usr/bin/php-config7.4
configure: WARNING: unrecognized options: --disable-silent-rules, --disable-maintainer-mode, --disable-dependency-tracking, --enable-gearman
checking for grep that handles long lines and -e... /bin/grep
checking for egrep... /bin/grep -E
checking for a sed that does not truncate output... /bin/sed
checking for pkg-config... no
checking for cc... cc
checking whether the C compiler works... yes
checking for C compiler default output file name... a.out
checking for suffix of executables... 
checking whether we are cross compiling... no
checking for suffix of object files... o
checking whether we are using the GNU C compiler... yes
checking whether cc accepts -g... yes
checking for cc option to accept ISO C89... none needed
checking how to run the C preprocessor... cc -E
checking for icc... no
checking for suncc... no
checking for system library directory... lib
checking if compiler supports -R... no
checking if compiler supports -Wl,-rpath,... yes
checking build system type... x86_64-pc-linux-gnu
checking host system type... x86_64-pc-linux-gnu
checking target system type... x86_64-pc-linux-gnu
checking for PHP prefix... /usr
checking for PHP includes... -I/usr/include/php/20190902 -I/usr/include/php/20190902/main -I/usr/include/php/20190902/TSRM -I/usr/include/php/20190902/Zend -I/usr/include/php/20190902/ext -I/usr/include/php/20190902/ext/date/lib
checking for PHP extension directory... /usr/lib/php/20190902
checking for PHP installed headers prefix... /usr/include/php/20190902
checking if debug is enabled... no
checking if zts is enabled... no
checking for gawk... no
checking for nawk... nawk
checking if nawk is broken... no
checking whether to enable gearman support... yes, shared
found in /usr
checking for gearman_client_set_context in -lgearman... yes
checking for gearman_worker_set_server_option in -lgearman... yes
checking for gearman_job_error in -lgearman... yes
checking for gearman_client_unique_status in -lgearman... yes
checking for a sed that does not truncate output... /bin/sed
checking for ld used by cc... /usr/bin/ld
checking if the linker (/usr/bin/ld) is GNU ld... yes
checking for /usr/bin/ld option to reload object files... -r
checking for BSD-compatible nm... /usr/bin/nm -B
checking whether ln -s works... yes
checking how to recognize dependent libraries... pass_all
checking for ANSI C header files... yes
checking for sys/types.h... yes
checking for sys/stat.h... yes
checking for stdlib.h... yes
checking for string.h... yes
checking for memory.h... yes
checking for strings.h... yes
checking for inttypes.h... yes
checking for stdint.h... yes
checking for unistd.h... yes
checking dlfcn.h usability... yes
checking dlfcn.h presence... yes
checking for dlfcn.h... yes
checking the maximum length of command line arguments... 1572864
checking command to parse /usr/bin/nm -B output from cc object... ok
checking for objdir... .libs
checking for ar... ar
checking for ranlib... ranlib
checking for strip... strip
checking if cc supports -fno-rtti -fno-exceptions... yes
checking for cc option to produce PIC... -fPIC
checking if cc PIC flag -fPIC works... yes
checking if cc static flag -static works... yes
checking if cc supports -c -o file.o... yes
checking whether the cc linker (/usr/bin/ld -m elf_x86_64) supports shared libraries... yes
checking whether -lc should be explicitly linked in... no
checking dynamic linker characteristics... GNU/Linux ld.so
checking how to hardcode library paths into programs... immediate
checking whether stripping libraries is possible... yes
checking if libtool supports shared libraries... yes
checking whether to build shared libraries... yes
checking whether to build static libraries... no

creating libtool
appending configuration tag "CXX" to libtool
configure: patching config.h.in
configure: creating ./config.status
config.status: creating config.h
configure: WARNING: unrecognized options: --disable-silent-rules, --disable-maintainer-mode, --disable-dependency-tracking, --enable-gearman
touch configure-7.4-stamp
cp -a gearman-2.0.6 build-7.3
cd build-7.3 && phpize7.3
Configuring for:
PHP Api Version:         20180731
Zend Module Api No:      20180731
Zend Extension Api No:   320180731
dh_auto_configure --sourcedirectory=build-7.3 -- --enable-gearman --with-php-config=/usr/bin/php-config7.3 
	cd build-7.3 && ./configure --build=x86_64-linux-gnu --prefix=/usr --includedir=\${prefix}/include --mandir=\${prefix}/share/man --infodir=\${prefix}/share/info --sysconfdir=/etc --localstatedir=/var --disable-silent-rules --libdir=\${prefix}/lib/x86_64-linux-gnu --libexecdir=\${prefix}/lib/x86_64-linux-gnu --disable-maintainer-mode --disable-dependency-tracking --enable-gearman --with-php-config=/usr/bin/php-config7.3
configure: WARNING: unrecognized options: --disable-silent-rules, --disable-maintainer-mode, --disable-dependency-tracking, --enable-gearman
checking for grep that handles long lines and -e... /bin/grep
checking for egrep... /bin/grep -E
checking for a sed that does not truncate output... /bin/sed
checking for cc... cc
checking whether the C compiler works... yes
checking for C compiler default output file name... a.out
checking for suffix of executables... 
checking whether we are cross compiling... no
checking for suffix of object files... o
checking whether we are using the GNU C compiler... yes
checking whether cc accepts -g... yes
checking for cc option to accept ISO C89... none needed
checking how to run the C preprocessor... cc -E
checking for icc... no
checking for suncc... no
checking whether cc understands -c and -o together... yes
checking for system library directory... lib
checking if compiler supports -R... no
checking if compiler supports -Wl,-rpath,... yes
checking build system type... x86_64-pc-linux-gnu
checking host system type... x86_64-pc-linux-gnu
checking target system type... x86_64-pc-linux-gnu
checking for PHP prefix... /usr
checking for PHP includes... -I/usr/include/php/20180731 -I/usr/include/php/20180731/main -I/usr/include/php/20180731/TSRM -I/usr/include/php/20180731/Zend -I/usr/include/php/20180731/ext -I/usr/include/php/20180731/ext/date/lib
checking for PHP extension directory... /usr/lib/php/20180731
checking for PHP installed headers prefix... /usr/include/php/20180731
checking if debug is enabled... no
checking if zts is enabled... no
checking for re2c... no
configure: WARNING: You will need re2c 0.13.4 or later if you want to regenerate PHP parsers.
checking for gawk... no
checking for nawk... nawk
checking if nawk is broken... no
checking whether to enable gearman support... yes, shared
found in /usr
checking for gearman_client_set_context in -lgearman... yes
checking for gearman_worker_set_server_option in -lgearman... yes
checking for gearman_job_error in -lgearman... yes
checking for gearman_client_unique_status in -lgearman... yes
checking how to print strings... printf
checking for a sed that does not truncate output... (cached) /bin/sed
checking for fgrep... /bin/grep -F
checking for ld used by cc... /usr/bin/ld
checking if the linker (/usr/bin/ld) is GNU ld... yes
checking for BSD- or MS-compatible name lister (nm)... /usr/bin/nm -B
checking the name lister (/usr/bin/nm -B) interface... BSD nm
checking whether ln -s works... yes
checking the maximum length of command line arguments... 1572864
checking how to convert x86_64-pc-linux-gnu file names to x86_64-pc-linux-gnu format... func_convert_file_noop
checking how to convert x86_64-pc-linux-gnu file names to toolchain format... func_convert_file_noop
checking for /usr/bin/ld option to reload object files... -r
checking for objdump... objdump
checking how to recognize dependent libraries... pass_all
checking for dlltool... no
checking how to associate runtime and link libraries... printf %s\n
checking for ar... ar
checking for archiver @FILE support... @
checking for strip... strip
checking for ranlib... ranlib
checking for gawk... (cached) nawk
checking command to parse /usr/bin/nm -B output from cc object... ok
checking for sysroot... no
checking for a working dd... /bin/dd
checking how to truncate binary pipes... /bin/dd bs=4096 count=1
checking for mt... no
checking if : is a manifest tool... no
checking for ANSI C header files... yes
checking for sys/types.h... yes
checking for sys/stat.h... yes
checking for stdlib.h... yes
checking for string.h... yes
checking for memory.h... yes
checking for strings.h... yes
checking for inttypes.h... yes
checking for stdint.h... yes
checking for unistd.h... yes
checking for dlfcn.h... yes
checking for objdir... .libs
checking if cc supports -fno-rtti -fno-exceptions... yes
checking for cc option to produce PIC... -fPIC -DPIC
checking if cc PIC flag -fPIC -DPIC works... yes
checking if cc static flag -static works... yes
checking if cc supports -c -o file.o... yes
checking if cc supports -c -o file.o... (cached) yes
checking whether the cc linker (/usr/bin/ld -m elf_x86_64) supports shared libraries... yes
checking whether -lc should be explicitly linked in... no
checking dynamic linker characteristics... GNU/Linux ld.so
checking how to hardcode library paths into programs... immediate
checking whether stripping libraries is possible... yes
checking if libtool supports shared libraries... yes
checking whether to build shared libraries... yes
checking whether to build static libraries... no
configure: creating ./config.status
config.status: creating config.h
config.status: executing libtool commands
configure: WARNING: unrecognized options: --disable-silent-rules, --disable-maintainer-mode, --disable-dependency-tracking, --enable-gearman
touch configure-7.3-stamp
dh override_dh_auto_configure --with php
make[1]: Leaving directory '/<<PKGBUILDDIR>>'
   debian/rules override_dh_auto_build
make[1]: Entering directory '/<<PKGBUILDDIR>>'
dh_auto_build --sourcedirectory=build-7.4
	cd build-7.4 && make -j1
make[2]: Entering directory '/<<PKGBUILDDIR>>/build-7.4'
/bin/bash /<<PKGBUILDDIR>>/build-7.4/libtool --mode=compile cc  -I. -I/<<PKGBUILDDIR>>/build-7.4 -DPHP_ATOM_INC -I/<<PKGBUILDDIR>>/build-7.4/include -I/<<PKGBUILDDIR>>/build-7.4/main -I/<<PKGBUILDDIR>>/build-7.4 -I/usr/include/php/20190902 -I/usr/include/php/20190902/main -I/usr/include/php/20190902/TSRM -I/usr/include/php/20190902/Zend -I/usr/include/php/20190902/ext -I/usr/include/php/20190902/ext/date/lib  -Wdate-time -D_FORTIFY_SOURCE=2 -DHAVE_CONFIG_H  -g -O2 -fdebug-prefix-map=/<<PKGBUILDDIR>>=. -fstack-protector-strong -Wformat -Werror=format-security -Wall -pedantic -Wall   -c /<<PKGBUILDDIR>>/build-7.4/php_gearman.c -o php_gearman.lo 
mkdir .libs
 cc -I. -I/<<PKGBUILDDIR>>/build-7.4 -DPHP_ATOM_INC -I/<<PKGBUILDDIR>>/build-7.4/include -I/<<PKGBUILDDIR>>/build-7.4/main -I/<<PKGBUILDDIR>>/build-7.4 -I/usr/include/php/20190902 -I/usr/include/php/20190902/main -I/usr/include/php/20190902/TSRM -I/usr/include/php/20190902/Zend -I/usr/include/php/20190902/ext -I/usr/include/php/20190902/ext/date/lib -Wdate-time -D_FORTIFY_SOURCE=2 -DHAVE_CONFIG_H -g -O2 -fdebug-prefix-map=/<<PKGBUILDDIR>>=. -fstack-protector-strong -Wformat -Werror=format-security -Wall -pedantic -Wall -c /<<PKGBUILDDIR>>/build-7.4/php_gearman.c  -fPIC -DPIC -o .libs/php_gearman.o
/<<PKGBUILDDIR>>/build-7.4/php_gearman.c:69:24: warning: unused variable 'arginfo_gearman_task_context' [-Wunused-const-variable]
ZEND_BEGIN_ARG_INFO_EX(arginfo_gearman_task_context, 0, 0, 1)
                       ^
/<<PKGBUILDDIR>>/build-7.4/php_gearman.c:698:24: warning: unused variable 'arginfo_gearman_client_enable_exception_handler' [-Wunused-const-variable]
ZEND_BEGIN_ARG_INFO_EX(arginfo_gearman_client_enable_exception_handler, 0, 0, 0)
                       ^
2 warnings generated.
/bin/bash /<<PKGBUILDDIR>>/build-7.4/libtool --mode=compile cc  -I. -I/<<PKGBUILDDIR>>/build-7.4 -DPHP_ATOM_INC -I/<<PKGBUILDDIR>>/build-7.4/include -I/<<PKGBUILDDIR>>/build-7.4/main -I/<<PKGBUILDDIR>>/build-7.4 -I/usr/include/php/20190902 -I/usr/include/php/20190902/main -I/usr/include/php/20190902/TSRM -I/usr/include/php/20190902/Zend -I/usr/include/php/20190902/ext -I/usr/include/php/20190902/ext/date/lib  -Wdate-time -D_FORTIFY_SOURCE=2 -DHAVE_CONFIG_H  -g -O2 -fdebug-prefix-map=/<<PKGBUILDDIR>>=. -fstack-protector-strong -Wformat -Werror=format-security -Wall -pedantic -Wall   -c /<<PKGBUILDDIR>>/build-7.4/php_gearman_client.c -o php_gearman_client.lo 
 cc -I. -I/<<PKGBUILDDIR>>/build-7.4 -DPHP_ATOM_INC -I/<<PKGBUILDDIR>>/build-7.4/include -I/<<PKGBUILDDIR>>/build-7.4/main -I/<<PKGBUILDDIR>>/build-7.4 -I/usr/include/php/20190902 -I/usr/include/php/20190902/main -I/usr/include/php/20190902/TSRM -I/usr/include/php/20190902/Zend -I/usr/include/php/20190902/ext -I/usr/include/php/20190902/ext/date/lib -Wdate-time -D_FORTIFY_SOURCE=2 -DHAVE_CONFIG_H -g -O2 -fdebug-prefix-map=/<<PKGBUILDDIR>>=. -fstack-protector-strong -Wformat -Werror=format-security -Wall -pedantic -Wall -c /<<PKGBUILDDIR>>/build-7.4/php_gearman_client.c  -fPIC -DPIC -o .libs/php_gearman_client.o
/<<PKGBUILDDIR>>/build-7.4/php_gearman_client.c:53:3: warning: static function 'zend_object_properties_size' is used in an inline function with external linkage [-Wstatic-in-inline]
                zend_object_properties_size(ce));
                ^
./php_gearman_client.h:31:1: note: use 'static' to give inline function 'gearman_client_obj_new' internal linkage
zend_object *gearman_client_obj_new(zend_class_entry *ce);
^
static 
/usr/include/php/20190902/Zend/zend_objects_API.h:81:34: note: 'zend_object_properties_size' declared here
static zend_always_inline size_t zend_object_properties_size(zend_class_entry *ce)
                                 ^
1 warning generated.
/bin/bash /<<PKGBUILDDIR>>/build-7.4/libtool --mode=compile cc  -I. -I/<<PKGBUILDDIR>>/build-7.4 -DPHP_ATOM_INC -I/<<PKGBUILDDIR>>/build-7.4/include -I/<<PKGBUILDDIR>>/build-7.4/main -I/<<PKGBUILDDIR>>/build-7.4 -I/usr/include/php/20190902 -I/usr/include/php/20190902/main -I/usr/include/php/20190902/TSRM -I/usr/include/php/20190902/Zend -I/usr/include/php/20190902/ext -I/usr/include/php/20190902/ext/date/lib  -Wdate-time -D_FORTIFY_SOURCE=2 -DHAVE_CONFIG_H  -g -O2 -fdebug-prefix-map=/<<PKGBUILDDIR>>=. -fstack-protector-strong -Wformat -Werror=format-security -Wall -pedantic -Wall   -c /<<PKGBUILDDIR>>/build-7.4/php_gearman_worker.c -o php_gearman_worker.lo 
 cc -I. -I/<<PKGBUILDDIR>>/build-7.4 -DPHP_ATOM_INC -I/<<PKGBUILDDIR>>/build-7.4/include -I/<<PKGBUILDDIR>>/build-7.4/main -I/<<PKGBUILDDIR>>/build-7.4 -I/usr/include/php/20190902 -I/usr/include/php/20190902/main -I/usr/include/php/20190902/TSRM -I/usr/include/php/20190902/Zend -I/usr/include/php/20190902/ext -I/usr/include/php/20190902/ext/date/lib -Wdate-time -D_FORTIFY_SOURCE=2 -DHAVE_CONFIG_H -g -O2 -fdebug-prefix-map=/<<PKGBUILDDIR>>=. -fstack-protector-strong -Wformat -Werror=format-security -Wall -pedantic -Wall -c /<<PKGBUILDDIR>>/build-7.4/php_gearman_worker.c  -fPIC -DPIC -o .libs/php_gearman_worker.o
/bin/bash /<<PKGBUILDDIR>>/build-7.4/libtool --mode=compile cc  -I. -I/<<PKGBUILDDIR>>/build-7.4 -DPHP_ATOM_INC -I/<<PKGBUILDDIR>>/build-7.4/include -I/<<PKGBUILDDIR>>/build-7.4/main -I/<<PKGBUILDDIR>>/build-7.4 -I/usr/include/php/20190902 -I/usr/include/php/20190902/main -I/usr/include/php/20190902/TSRM -I/usr/include/php/20190902/Zend -I/usr/include/php/20190902/ext -I/usr/include/php/20190902/ext/date/lib  -Wdate-time -D_FORTIFY_SOURCE=2 -DHAVE_CONFIG_H  -g -O2 -fdebug-prefix-map=/<<PKGBUILDDIR>>=. -fstack-protector-strong -Wformat -Werror=format-security -Wall -pedantic -Wall   -c /<<PKGBUILDDIR>>/build-7.4/php_gearman_job.c -o php_gearman_job.lo 
 cc -I. -I/<<PKGBUILDDIR>>/build-7.4 -DPHP_ATOM_INC -I/<<PKGBUILDDIR>>/build-7.4/include -I/<<PKGBUILDDIR>>/build-7.4/main -I/<<PKGBUILDDIR>>/build-7.4 -I/usr/include/php/20190902 -I/usr/include/php/20190902/main -I/usr/include/php/20190902/TSRM -I/usr/include/php/20190902/Zend -I/usr/include/php/20190902/ext -I/usr/include/php/20190902/ext/date/lib -Wdate-time -D_FORTIFY_SOURCE=2 -DHAVE_CONFIG_H -g -O2 -fdebug-prefix-map=/<<PKGBUILDDIR>>=. -fstack-protector-strong -Wformat -Werror=format-security -Wall -pedantic -Wall -c /<<PKGBUILDDIR>>/build-7.4/php_gearman_job.c  -fPIC -DPIC -o .libs/php_gearman_job.o
/bin/bash /<<PKGBUILDDIR>>/build-7.4/libtool --mode=compile cc  -I. -I/<<PKGBUILDDIR>>/build-7.4 -DPHP_ATOM_INC -I/<<PKGBUILDDIR>>/build-7.4/include -I/<<PKGBUILDDIR>>/build-7.4/main -I/<<PKGBUILDDIR>>/build-7.4 -I/usr/include/php/20190902 -I/usr/include/php/20190902/main -I/usr/include/php/20190902/TSRM -I/usr/include/php/20190902/Zend -I/usr/include/php/20190902/ext -I/usr/include/php/20190902/ext/date/lib  -Wdate-time -D_FORTIFY_SOURCE=2 -DHAVE_CONFIG_H  -g -O2 -fdebug-prefix-map=/<<PKGBUILDDIR>>=. -fstack-protector-strong -Wformat -Werror=format-security -Wall -pedantic -Wall   -c /<<PKGBUILDDIR>>/build-7.4/php_gearman_task.c -o php_gearman_task.lo 
 cc -I. -I/<<PKGBUILDDIR>>/build-7.4 -DPHP_ATOM_INC -I/<<PKGBUILDDIR>>/build-7.4/include -I/<<PKGBUILDDIR>>/build-7.4/main -I/<<PKGBUILDDIR>>/build-7.4 -I/usr/include/php/20190902 -I/usr/include/php/20190902/main -I/usr/include/php/20190902/TSRM -I/usr/include/php/20190902/Zend -I/usr/include/php/20190902/ext -I/usr/include/php/20190902/ext/date/lib -Wdate-time -D_FORTIFY_SOURCE=2 -DHAVE_CONFIG_H -g -O2 -fdebug-prefix-map=/<<PKGBUILDDIR>>=. -fstack-protector-strong -Wformat -Werror=format-security -Wall -pedantic -Wall -c /<<PKGBUILDDIR>>/build-7.4/php_gearman_task.c  -fPIC -DPIC -o .libs/php_gearman_task.o
/<<PKGBUILDDIR>>/build-7.4/php_gearman_task.c:21:17: warning: static function 'zend_object_properties_size' is used in an inline function with external linkage [-Wstatic-in-inline]
                zend_object_properties_size(ce));
                ^
./php_gearman_task.h:29:1: note: use 'static' to give inline function 'gearman_task_obj_new' internal linkage
zend_object *gearman_task_obj_new(zend_class_entry *ce);
^
static 
/usr/include/php/20190902/Zend/zend_objects_API.h:81:34: note: 'zend_object_properties_size' declared here
static zend_always_inline size_t zend_object_properties_size(zend_class_entry *ce)
                                 ^
1 warning generated.
/bin/bash /<<PKGBUILDDIR>>/build-7.4/libtool --mode=link cc -DPHP_ATOM_INC -I/<<PKGBUILDDIR>>/build-7.4/include -I/<<PKGBUILDDIR>>/build-7.4/main -I/<<PKGBUILDDIR>>/build-7.4 -I/usr/include/php/20190902 -I/usr/include/php/20190902/main -I/usr/include/php/20190902/TSRM -I/usr/include/php/20190902/Zend -I/usr/include/php/20190902/ext -I/usr/include/php/20190902/ext/date/lib  -Wdate-time -D_FORTIFY_SOURCE=2 -DHAVE_CONFIG_H  -g -O2 -fdebug-prefix-map=/<<PKGBUILDDIR>>=. -fstack-protector-strong -Wformat -Werror=format-security -Wall -pedantic -Wall  -Wl,-z,relro -Wl,-z,now -Wl,--as-needed  -o gearman.la -export-dynamic -avoid-version -prefer-pic -module -rpath /<<PKGBUILDDIR>>/build-7.4/modules  php_gearman.lo php_gearman_client.lo php_gearman_worker.lo php_gearman_job.lo php_gearman_task.lo -lgearman -lgearman -lgearman -lgearman
cc -shared  .libs/php_gearman.o .libs/php_gearman_client.o .libs/php_gearman_worker.o .libs/php_gearman_job.o .libs/php_gearman_task.o  -lgearman  -Wl,-z -Wl,relro -Wl,-z -Wl,now -Wl,--as-needed -Wl,-soname -Wl,gearman.so -o .libs/gearman.so
creating gearman.la
(cd .libs && rm -f gearman.la && ln -s ../gearman.la gearman.la)
/bin/bash /<<PKGBUILDDIR>>/build-7.4/libtool --mode=install cp ./gearman.la /<<PKGBUILDDIR>>/build-7.4/modules
cp ./.libs/gearman.so /<<PKGBUILDDIR>>/build-7.4/modules/gearman.so
cp ./.libs/gearman.lai /<<PKGBUILDDIR>>/build-7.4/modules/gearman.la
PATH="$PATH:/sbin" ldconfig -n /<<PKGBUILDDIR>>/build-7.4/modules
----------------------------------------------------------------------
Libraries have been installed in:
   /<<PKGBUILDDIR>>/build-7.4/modules

If you ever happen to want to link against installed libraries
in a given directory, LIBDIR, you must either use libtool, and
specify the full pathname of the library, or use the `-LLIBDIR'
flag during linking and do at least one of the following:
   - add LIBDIR to the `LD_LIBRARY_PATH' environment variable
     during execution
   - add LIBDIR to the `LD_RUN_PATH' environment variable
     during linking
   - use the `-Wl,--rpath -Wl,LIBDIR' linker flag
   - have your system administrator add LIBDIR to `/etc/ld.so.conf'

See any operating system documentation about shared libraries for
more information, such as the ld(1) and ld.so(8) manual pages.
----------------------------------------------------------------------

Build complete.
Don't forget to run 'make test'.

make[2]: Leaving directory '/<<PKGBUILDDIR>>/build-7.4'
touch build-7.4-stamp
dh_auto_build --sourcedirectory=build-7.3
	cd build-7.3 && make -j1
make[2]: Entering directory '/<<PKGBUILDDIR>>/build-7.3'
/bin/bash /<<PKGBUILDDIR>>/build-7.3/libtool --mode=compile cc  -I. -I/<<PKGBUILDDIR>>/build-7.3 -DPHP_ATOM_INC -I/<<PKGBUILDDIR>>/build-7.3/include -I/<<PKGBUILDDIR>>/build-7.3/main -I/<<PKGBUILDDIR>>/build-7.3 -I/usr/include/php/20180731 -I/usr/include/php/20180731/main -I/usr/include/php/20180731/TSRM -I/usr/include/php/20180731/Zend -I/usr/include/php/20180731/ext -I/usr/include/php/20180731/ext/date/lib  -Wdate-time -D_FORTIFY_SOURCE=2 -DHAVE_CONFIG_H  -g -O2 -fdebug-prefix-map=/<<PKGBUILDDIR>>=. -fstack-protector-strong -Wformat -Werror=format-security -Wall -pedantic -Wall   -c /<<PKGBUILDDIR>>/build-7.3/php_gearman.c -o php_gearman.lo 
libtool: compile:  cc -I. -I/<<PKGBUILDDIR>>/build-7.3 -DPHP_ATOM_INC -I/<<PKGBUILDDIR>>/build-7.3/include -I/<<PKGBUILDDIR>>/build-7.3/main -I/<<PKGBUILDDIR>>/build-7.3 -I/usr/include/php/20180731 -I/usr/include/php/20180731/main -I/usr/include/php/20180731/TSRM -I/usr/include/php/20180731/Zend -I/usr/include/php/20180731/ext -I/usr/include/php/20180731/ext/date/lib -Wdate-time -D_FORTIFY_SOURCE=2 -DHAVE_CONFIG_H -g -O2 -fdebug-prefix-map=/<<PKGBUILDDIR>>=. -fstack-protector-strong -Wformat -Werror=format-security -Wall -pedantic -Wall -c /<<PKGBUILDDIR>>/build-7.3/php_gearman.c  -fPIC -DPIC -o .libs/php_gearman.o
/<<PKGBUILDDIR>>/build-7.3/php_gearman.c:69:24: warning: unused variable 'arginfo_gearman_task_context' [-Wunused-const-variable]
ZEND_BEGIN_ARG_INFO_EX(arginfo_gearman_task_context, 0, 0, 1)
                       ^
/<<PKGBUILDDIR>>/build-7.3/php_gearman.c:698:24: warning: unused variable 'arginfo_gearman_client_enable_exception_handler' [-Wunused-const-variable]
ZEND_BEGIN_ARG_INFO_EX(arginfo_gearman_client_enable_exception_handler, 0, 0, 0)
                       ^
2 warnings generated.
/bin/bash /<<PKGBUILDDIR>>/build-7.3/libtool --mode=compile cc  -I. -I/<<PKGBUILDDIR>>/build-7.3 -DPHP_ATOM_INC -I/<<PKGBUILDDIR>>/build-7.3/include -I/<<PKGBUILDDIR>>/build-7.3/main -I/<<PKGBUILDDIR>>/build-7.3 -I/usr/include/php/20180731 -I/usr/include/php/20180731/main -I/usr/include/php/20180731/TSRM -I/usr/include/php/20180731/Zend -I/usr/include/php/20180731/ext -I/usr/include/php/20180731/ext/date/lib  -Wdate-time -D_FORTIFY_SOURCE=2 -DHAVE_CONFIG_H  -g -O2 -fdebug-prefix-map=/<<PKGBUILDDIR>>=. -fstack-protector-strong -Wformat -Werror=format-security -Wall -pedantic -Wall   -c /<<PKGBUILDDIR>>/build-7.3/php_gearman_client.c -o php_gearman_client.lo 
libtool: compile:  cc -I. -I/<<PKGBUILDDIR>>/build-7.3 -DPHP_ATOM_INC -I/<<PKGBUILDDIR>>/build-7.3/include -I/<<PKGBUILDDIR>>/build-7.3/main -I/<<PKGBUILDDIR>>/build-7.3 -I/usr/include/php/20180731 -I/usr/include/php/20180731/main -I/usr/include/php/20180731/TSRM -I/usr/include/php/20180731/Zend -I/usr/include/php/20180731/ext -I/usr/include/php/20180731/ext/date/lib -Wdate-time -D_FORTIFY_SOURCE=2 -DHAVE_CONFIG_H -g -O2 -fdebug-prefix-map=/<<PKGBUILDDIR>>=. -fstack-protector-strong -Wformat -Werror=format-security -Wall -pedantic -Wall -c /<<PKGBUILDDIR>>/build-7.3/php_gearman_client.c  -fPIC -DPIC -o .libs/php_gearman_client.o
/<<PKGBUILDDIR>>/build-7.3/php_gearman_client.c:53:3: warning: static function 'zend_object_properties_size' is used in an inline function with external linkage [-Wstatic-in-inline]
                zend_object_properties_size(ce));
                ^
./php_gearman_client.h:31:1: note: use 'static' to give inline function 'gearman_client_obj_new' internal linkage
zend_object *gearman_client_obj_new(zend_class_entry *ce);
^
static 
/usr/include/php/20180731/Zend/zend_objects_API.h:83:34: note: 'zend_object_properties_size' declared here
static zend_always_inline size_t zend_object_properties_size(zend_class_entry *ce)
                                 ^
1 warning generated.
/bin/bash /<<PKGBUILDDIR>>/build-7.3/libtool --mode=compile cc  -I. -I/<<PKGBUILDDIR>>/build-7.3 -DPHP_ATOM_INC -I/<<PKGBUILDDIR>>/build-7.3/include -I/<<PKGBUILDDIR>>/build-7.3/main -I/<<PKGBUILDDIR>>/build-7.3 -I/usr/include/php/20180731 -I/usr/include/php/20180731/main -I/usr/include/php/20180731/TSRM -I/usr/include/php/20180731/Zend -I/usr/include/php/20180731/ext -I/usr/include/php/20180731/ext/date/lib  -Wdate-time -D_FORTIFY_SOURCE=2 -DHAVE_CONFIG_H  -g -O2 -fdebug-prefix-map=/<<PKGBUILDDIR>>=. -fstack-protector-strong -Wformat -Werror=format-security -Wall -pedantic -Wall   -c /<<PKGBUILDDIR>>/build-7.3/php_gearman_worker.c -o php_gearman_worker.lo 
libtool: compile:  cc -I. -I/<<PKGBUILDDIR>>/build-7.3 -DPHP_ATOM_INC -I/<<PKGBUILDDIR>>/build-7.3/include -I/<<PKGBUILDDIR>>/build-7.3/main -I/<<PKGBUILDDIR>>/build-7.3 -I/usr/include/php/20180731 -I/usr/include/php/20180731/main -I/usr/include/php/20180731/TSRM -I/usr/include/php/20180731/Zend -I/usr/include/php/20180731/ext -I/usr/include/php/20180731/ext/date/lib -Wdate-time -D_FORTIFY_SOURCE=2 -DHAVE_CONFIG_H -g -O2 -fdebug-prefix-map=/<<PKGBUILDDIR>>=. -fstack-protector-strong -Wformat -Werror=format-security -Wall -pedantic -Wall -c /<<PKGBUILDDIR>>/build-7.3/php_gearman_worker.c  -fPIC -DPIC -o .libs/php_gearman_worker.o
/bin/bash /<<PKGBUILDDIR>>/build-7.3/libtool --mode=compile cc  -I. -I/<<PKGBUILDDIR>>/build-7.3 -DPHP_ATOM_INC -I/<<PKGBUILDDIR>>/build-7.3/include -I/<<PKGBUILDDIR>>/build-7.3/main -I/<<PKGBUILDDIR>>/build-7.3 -I/usr/include/php/20180731 -I/usr/include/php/20180731/main -I/usr/include/php/20180731/TSRM -I/usr/include/php/20180731/Zend -I/usr/include/php/20180731/ext -I/usr/include/php/20180731/ext/date/lib  -Wdate-time -D_FORTIFY_SOURCE=2 -DHAVE_CONFIG_H  -g -O2 -fdebug-prefix-map=/<<PKGBUILDDIR>>=. -fstack-protector-strong -Wformat -Werror=format-security -Wall -pedantic -Wall   -c /<<PKGBUILDDIR>>/build-7.3/php_gearman_job.c -o php_gearman_job.lo 
libtool: compile:  cc -I. -I/<<PKGBUILDDIR>>/build-7.3 -DPHP_ATOM_INC -I/<<PKGBUILDDIR>>/build-7.3/include -I/<<PKGBUILDDIR>>/build-7.3/main -I/<<PKGBUILDDIR>>/build-7.3 -I/usr/include/php/20180731 -I/usr/include/php/20180731/main -I/usr/include/php/20180731/TSRM -I/usr/include/php/20180731/Zend -I/usr/include/php/20180731/ext -I/usr/include/php/20180731/ext/date/lib -Wdate-time -D_FORTIFY_SOURCE=2 -DHAVE_CONFIG_H -g -O2 -fdebug-prefix-map=/<<PKGBUILDDIR>>=. -fstack-protector-strong -Wformat -Werror=format-security -Wall -pedantic -Wall -c /<<PKGBUILDDIR>>/build-7.3/php_gearman_job.c  -fPIC -DPIC -o .libs/php_gearman_job.o
/bin/bash /<<PKGBUILDDIR>>/build-7.3/libtool --mode=compile cc  -I. -I/<<PKGBUILDDIR>>/build-7.3 -DPHP_ATOM_INC -I/<<PKGBUILDDIR>>/build-7.3/include -I/<<PKGBUILDDIR>>/build-7.3/main -I/<<PKGBUILDDIR>>/build-7.3 -I/usr/include/php/20180731 -I/usr/include/php/20180731/main -I/usr/include/php/20180731/TSRM -I/usr/include/php/20180731/Zend -I/usr/include/php/20180731/ext -I/usr/include/php/20180731/ext/date/lib  -Wdate-time -D_FORTIFY_SOURCE=2 -DHAVE_CONFIG_H  -g -O2 -fdebug-prefix-map=/<<PKGBUILDDIR>>=. -fstack-protector-strong -Wformat -Werror=format-security -Wall -pedantic -Wall   -c /<<PKGBUILDDIR>>/build-7.3/php_gearman_task.c -o php_gearman_task.lo 
libtool: compile:  cc -I. -I/<<PKGBUILDDIR>>/build-7.3 -DPHP_ATOM_INC -I/<<PKGBUILDDIR>>/build-7.3/include -I/<<PKGBUILDDIR>>/build-7.3/main -I/<<PKGBUILDDIR>>/build-7.3 -I/usr/include/php/20180731 -I/usr/include/php/20180731/main -I/usr/include/php/20180731/TSRM -I/usr/include/php/20180731/Zend -I/usr/include/php/20180731/ext -I/usr/include/php/20180731/ext/date/lib -Wdate-time -D_FORTIFY_SOURCE=2 -DHAVE_CONFIG_H -g -O2 -fdebug-prefix-map=/<<PKGBUILDDIR>>=. -fstack-protector-strong -Wformat -Werror=format-security -Wall -pedantic -Wall -c /<<PKGBUILDDIR>>/build-7.3/php_gearman_task.c  -fPIC -DPIC -o .libs/php_gearman_task.o
/<<PKGBUILDDIR>>/build-7.3/php_gearman_task.c:21:17: warning: static function 'zend_object_properties_size' is used in an inline function with external linkage [-Wstatic-in-inline]
                zend_object_properties_size(ce));
                ^
./php_gearman_task.h:29:1: note: use 'static' to give inline function 'gearman_task_obj_new' internal linkage
zend_object *gearman_task_obj_new(zend_class_entry *ce);
^
static 
/usr/include/php/20180731/Zend/zend_objects_API.h:83:34: note: 'zend_object_properties_size' declared here
static zend_always_inline size_t zend_object_properties_size(zend_class_entry *ce)
                                 ^
1 warning generated.
/bin/bash /<<PKGBUILDDIR>>/build-7.3/libtool --mode=link cc -DPHP_ATOM_INC -I/<<PKGBUILDDIR>>/build-7.3/include -I/<<PKGBUILDDIR>>/build-7.3/main -I/<<PKGBUILDDIR>>/build-7.3 -I/usr/include/php/20180731 -I/usr/include/php/20180731/main -I/usr/include/php/20180731/TSRM -I/usr/include/php/20180731/Zend -I/usr/include/php/20180731/ext -I/usr/include/php/20180731/ext/date/lib  -Wdate-time -D_FORTIFY_SOURCE=2 -DHAVE_CONFIG_H  -g -O2 -fdebug-prefix-map=/<<PKGBUILDDIR>>=. -fstack-protector-strong -Wformat -Werror=format-security -Wall -pedantic -Wall  -Wl,-z,relro -Wl,-z,now -Wl,--as-needed  -o gearman.la -export-dynamic -avoid-version -prefer-pic -module -rpath /<<PKGBUILDDIR>>/build-7.3/modules  php_gearman.lo php_gearman_client.lo php_gearman_worker.lo php_gearman_job.lo php_gearman_task.lo -lgearman -lgearman -lgearman -lgearman
libtool: link: cc -shared  -fPIC -DPIC  .libs/php_gearman.o .libs/php_gearman_client.o .libs/php_gearman_worker.o .libs/php_gearman_job.o .libs/php_gearman_task.o   -lgearman  -g -O2 -fstack-protector-strong -Wl,-z -Wl,relro -Wl,-z -Wl,now -Wl,--as-needed   -Wl,-soname -Wl,gearman.so -o .libs/gearman.so
libtool: link: ( cd ".libs" && rm -f "gearman.la" && ln -s "../gearman.la" "gearman.la" )
/bin/bash /<<PKGBUILDDIR>>/build-7.3/libtool --mode=install cp ./gearman.la /<<PKGBUILDDIR>>/build-7.3/modules
libtool: install: cp ./.libs/gearman.so /<<PKGBUILDDIR>>/build-7.3/modules/gearman.so
libtool: install: cp ./.libs/gearman.lai /<<PKGBUILDDIR>>/build-7.3/modules/gearman.la
libtool: finish: PATH="/usr/local/sbin:/usr/local/bin:/usr/sbin:/usr/bin:/sbin:/bin:/usr/games:/sbin" ldconfig -n /<<PKGBUILDDIR>>/build-7.3/modules
----------------------------------------------------------------------
Libraries have been installed in:
   /<<PKGBUILDDIR>>/build-7.3/modules

If you ever happen to want to link against installed libraries
in a given directory, LIBDIR, you must either use libtool, and
specify the full pathname of the library, or use the '-LLIBDIR'
flag during linking and do at least one of the following:
   - add LIBDIR to the 'LD_LIBRARY_PATH' environment variable
     during execution
   - add LIBDIR to the 'LD_RUN_PATH' environment variable
     during linking
   - use the '-Wl,-rpath -Wl,LIBDIR' linker flag
   - have your system administrator add LIBDIR to '/etc/ld.so.conf'

See any operating system documentation about shared libraries for
more information, such as the ld(1) and ld.so(8) manual pages.
----------------------------------------------------------------------

Build complete.
Don't forget to run 'make test'.

make[2]: Leaving directory '/<<PKGBUILDDIR>>/build-7.3'
touch build-7.3-stamp
dh override_dh_auto_build --with php
make[1]: Leaving directory '/<<PKGBUILDDIR>>'
   debian/rules override_dh_auto_test
make[1]: Entering directory '/<<PKGBUILDDIR>>'
dh_auto_test --sourcedirectory=build-7.4 -- INSTALL_ROOT=/<<PKGBUILDDIR>>/debian/php-gearman
	cd build-7.4 && make -j1 test VERBOSE=1 INSTALL_ROOT=/<<BUILDDIR>>/php-gearman-2.0.6\+1.1.2/debian/php-gearman
make[2]: Entering directory '/<<PKGBUILDDIR>>/build-7.4'

Build complete.
Don't forget to run 'make test'.


=====================================================================
PHP         : /usr/bin/php7.4 
PHP_SAPI    : cli
PHP_VERSION : 7.4.3
ZEND_VERSION: 3.4.0
PHP_OS      : Linux - Linux ip-172-31-3-7 4.19.0-6-cloud-amd64 #1 SMP Debian 4.19.67-2+deb10u2 (2019-11-11) x86_64
INI actual  : /<<PKGBUILDDIR>>/build-7.4/tmp-php.ini
More .INIs  :   
CWD         : /<<PKGBUILDDIR>>/build-7.4
Extra dirs  : 
VALGRIND    : Not used
=====================================================================
TIME START 2020-02-25 02:50:53
=====================================================================
TEST 1/61 [tests/gearman_001.phpt]
PASS Check for gearman  presence [tests/gearman_001.phpt] 
TEST 2/61 [tests/gearman_002.phpt]
FAIL gearman_worker_set_id() [tests/gearman_002.phpt] 
TEST 3/61 [tests/gearman_client_001.phpt]
FAIL new GearmanClient(), gearman_client_create() [tests/gearman_client_001.phpt] 
TEST 4/61 [tests/gearman_client_002.phpt]
FAIL GearmanClient::returnCode(), gearman_client_return_code() [tests/gearman_client_002.phpt] 
TEST 5/61 [tests/gearman_client_003.phpt]
FAIL GearmanClient::error(), gearman_client_error() [tests/gearman_client_003.phpt] 
TEST 6/61 [tests/gearman_client_004.phpt]
FAIL GearmanClient::getErrno(), gearman_client_get_errno() [tests/gearman_client_004.phpt] 
TEST 7/61 [tests/gearman_client_005.phpt]
FAIL GearmanClient::options(), gearman_client_options() [tests/gearman_client_005.phpt] 
TEST 8/61 [tests/gearman_client_006.phpt]
FAIL GearmanClient::setOptions(), gearman_client_set_options() [tests/gearman_client_006.phpt] 
TEST 9/61 [tests/gearman_client_007.phpt]
FAIL GearmanClient::addOptions(), gearman_client_add_options() [tests/gearman_client_007.phpt] 
TEST 10/61 [tests/gearman_client_008.phpt]
FAIL GearmanClient::removeOptions(), gearman_client_remove_options() [tests/gearman_client_008.phpt] 
TEST 11/61 [tests/gearman_client_009.phpt]
FAIL GearmanClient::timeout(), gearman_client_timeout() [tests/gearman_client_009.phpt] 
TEST 12/61 [tests/gearman_client_010.phpt]
FAIL GearmanClient::setTimeout(), gearman_client_set_timeout() [tests/gearman_client_010.phpt] 
TEST 13/61 [tests/gearman_client_011.phpt]
FAIL GearmanClient::context(), GearmanClient::setContext(), gearman_client_context(), gearman_client_set_context() [tests/gearman_client_011.phpt] 
TEST 14/61 [tests/gearman_client_012.phpt]
FAIL GearmanClient::addServer(), gearman_client_add_server() [tests/gearman_client_012.phpt] 
TEST 15/61 [tests/gearman_client_013.phpt]
FAIL GearmanClient::addServers(), gearman_client_add_servers() [tests/gearman_client_013.phpt] 
TEST 16/61 [tests/gearman_client_014.phpt]
FAIL GearmanClient::wait(), gearman_client_wait() [tests/gearman_client_014.phpt] 
TEST 17/61 [tests/gearman_client_015.phpt]
FAIL GearmanClient::doJobHandle(), gearman_client_do_job_handle() [tests/gearman_client_015.phpt] 
TEST 18/61 [tests/gearman_client_016.phpt]
FAIL GearmanClient::doStatus(), gearman_client_do_status() [tests/gearman_client_016.phpt] 
TEST 19/61 [tests/gearman_client_017.phpt]
FAIL GearmanClient::jobStatus(), gearman_client_job_status() [tests/gearman_client_017.phpt] 
TEST 20/61 [tests/gearman_client_018.phpt]
FAIL GearmanClient::jobStatusByUniqueKey(), gearman_client_job_status_by_unique_key() [tests/gearman_client_018.phpt] 
TEST 21/61 [tests/gearman_client_019.phpt]
FAIL GearmanClient::ping(), gearman_client_ping() [tests/gearman_client_019.phpt] 
TEST 22/61 [tests/gearman_client_020.phpt]
FAIL GearmanClient::clearCallbacks(), gearman_client_clear_callbacks() [tests/gearman_client_020.phpt] 
TEST 23/61 [tests/gearman_client_021.phpt]
FAIL GearmanClient::enableExceptionHandler(),gearman_client_enable_exception_handler() [tests/gearman_client_021.phpt] 
TEST 24/61 [tests/gearman_client_integration_test_001.phpt]
FAIL  [tests/gearman_client_integration_test_001.phpt] 
TEST 25/61 [tests/gearman_client_integration_test_002.phpt]
FAIL GearmanClient::setStatusCallback(), gearman_client_set_status_callback(),
GearmanClient::addTaskStatus(), gearman_client_add_task_status(),
GearmanClient::runTasks(), gearman_client_run_tasks() [tests/gearman_client_integration_test_002.phpt] 
TEST 26/61 [tests/gearman_job_001.phpt]
FAIL new GearmanJob() [tests/gearman_job_001.phpt] 
TEST 27/61 [tests/gearman_job_002.phpt]
FAIL GearmanJob::returnCode(), gearman_job_return_code(),
GearmanJob::setReturn(), gearman_job_set_return() [tests/gearman_job_002.phpt] 
TEST 28/61 [tests/gearman_job_integration_test_001.phpt]
FAIL Test GearmanJob::sendData() [tests/gearman_job_integration_test_001.phpt] 
TEST 29/61 [tests/gearman_job_integration_test_002.phpt]
FAIL Test GearmanJob::sendWarning() [tests/gearman_job_integration_test_002.phpt] 
TEST 30/61 [tests/gearman_job_integration_test_003.phpt]
FAIL Test GearmanJob::sendStatus [tests/gearman_job_integration_test_003.phpt] 
TEST 31/61 [tests/gearman_job_integration_test_004.phpt]
FAIL Test GearmanJob::sendComplete() [tests/gearman_job_integration_test_004.phpt] 
TEST 32/61 [tests/gearman_job_integration_test_005.phpt]
FAIL Test GearmanJob::sendException() [tests/gearman_job_integration_test_005.phpt] 
TEST 33/61 [tests/gearman_job_integration_test_006.phpt]
FAIL Test GearmanJob::sendFail() [tests/gearman_job_integration_test_006.phpt] 
TEST 34/61 [tests/gearman_job_integration_test_007.phpt]
FAIL Test GearmanJob::handle() [tests/gearman_job_integration_test_007.phpt] 
TEST 35/61 [tests/gearman_job_integration_test_008.phpt]
FAIL Test GearmanJob::functionName() [tests/gearman_job_integration_test_008.phpt] 
TEST 36/61 [tests/gearman_job_integration_test_009.phpt]
FAIL Test GearmanJob::unique() [tests/gearman_job_integration_test_009.phpt] 
TEST 37/61 [tests/gearman_job_integration_test_010.phpt]
FAIL Test GearmanJob::workload(), GearmanJob::workloadSize() [tests/gearman_job_integration_test_010.phpt] 
TEST 38/61 [tests/gearman_task_001.phpt]
FAIL GearmanTask::functionName, gearman_task_function_name [tests/gearman_task_001.phpt] 
TEST 39/61 [tests/gearman_task_002.phpt]
FAIL GearmanTask::unique, gearman_task_unique [tests/gearman_task_002.phpt] 
TEST 40/61 [tests/gearman_task_003.phpt]
FAIL GearmanTask::jobHandle(), gearman_task_job_handle() [tests/gearman_task_003.phpt] 
TEST 41/61 [tests/gearman_task_004.phpt]
FAIL GearmanTask::is_known(), gearman_task_is_known(),
GearmanTask::is_running(), gearman_task_is_running(),
GearmanTask::numerator(), gearman_task_numerator(),
GearmanTask::denominator(), gearman_task_denominator() [tests/gearman_task_004.phpt] 
TEST 42/61 [tests/gearman_task_005.phpt]
FAIL GearmanTask::data(), gearman_task_data(),
GearmanTask::dataSize(), gearman_task_data_size() [tests/gearman_task_005.phpt] 
TEST 43/61 [tests/gearman_tasks_integration_test_001.phpt]
FAIL Test Gearman worker methods [tests/gearman_tasks_integration_test_001.phpt] 
TEST 44/61 [tests/gearman_tasks_integration_test_002.phpt]
SKIP Test Gearman worker methods [tests/gearman_tasks_integration_test_002.phpt] reason: requires gearmand version >= 1.1.2, found version 
TEST 45/61 [tests/gearman_worker_001.phpt]
FAIL gearman_worker_return_code() [tests/gearman_worker_001.phpt] 
TEST 46/61 [tests/gearman_worker_002.phpt]
FAIL gearman_worker_return_code() [tests/gearman_worker_002.phpt] 
TEST 47/61 [tests/gearman_worker_003.phpt]
FAIL gearman_worker_error() [tests/gearman_worker_003.phpt] 
TEST 48/61 [tests/gearman_worker_004.phpt]
FAIL gearman_worker_errno() [tests/gearman_worker_004.phpt] 
TEST 49/61 [tests/gearman_worker_005.phpt]
FAIL gearman_worker_options() [tests/gearman_worker_005.phpt] 
TEST 50/61 [tests/gearman_worker_006.phpt]
FAIL gearman_worker_set_options() [tests/gearman_worker_006.phpt] 
TEST 51/61 [tests/gearman_worker_007.phpt]
FAIL gearman_worker_add_options() [tests/gearman_worker_007.phpt] 
TEST 52/61 [tests/gearman_worker_008.phpt]
FAIL gearman_worker_timeout(), gearman_worker_set_timeout() [tests/gearman_worker_008.phpt] 
TEST 53/61 [tests/gearman_worker_009.phpt]
FAIL gearman_worker_set_id() [tests/gearman_worker_009.phpt] 
TEST 54/61 [tests/gearman_worker_010.phpt]
FAIL gearman_worker_add_server(), gearman_worker_add_servers() [tests/gearman_worker_010.phpt] 
TEST 55/61 [tests/gearman_worker_011.phpt]
FAIL gearman_worker_wait() [tests/gearman_worker_011.phpt] 
TEST 56/61 [tests/gearman_worker_012.phpt]
FAIL gearman_worker_register(), gearman_worker_unregister(), gearman_worker_unregister_all() [tests/gearman_worker_012.phpt] 
TEST 57/61 [tests/gearman_worker_013.phpt]
FAIL gearman_worker_add_function() [tests/gearman_worker_013.phpt] 
TEST 58/61 [tests/gearman_worker_014.phpt]
FAIL gearman_worker_work() [tests/gearman_worker_014.phpt] 
TEST 59/61 [tests/gearman_worker_015.phpt]
FAIL gearman_worker_echo() [tests/gearman_worker_015.phpt] 
TEST 60/61 [tests/gearman_worker_016.phpt]
FAIL GearmanWorker::addFunction(), context param [tests/gearman_worker_016.phpt] 
TEST 61/61 [tests/gearman_worker_integration_test_001.phpt]
FAIL Test Gearman worker methods [tests/gearman_worker_integration_test_001.phpt] 
=====================================================================
TIME END 2020-02-25 02:50:54

=====================================================================
TEST RESULT SUMMARY
---------------------------------------------------------------------
Exts skipped    :    0
Exts tested     :   15
---------------------------------------------------------------------

Number of tests :   61                60
Tests skipped   :    1 (  1.6%) --------
Tests warned    :    0 (  0.0%) (  0.0%)
Tests failed    :   59 ( 96.7%) ( 98.3%)
Tests passed    :    1 (  1.6%) (  1.7%)
---------------------------------------------------------------------
Time taken      :    1 seconds
=====================================================================

=====================================================================
FAILED TEST SUMMARY
---------------------------------------------------------------------
gearman_worker_set_id() [tests/gearman_002.phpt]
new GearmanClient(), gearman_client_create() [tests/gearman_client_001.phpt]
GearmanClient::returnCode(), gearman_client_return_code() [tests/gearman_client_002.phpt]
GearmanClient::error(), gearman_client_error() [tests/gearman_client_003.phpt]
GearmanClient::getErrno(), gearman_client_get_errno() [tests/gearman_client_004.phpt]
GearmanClient::options(), gearman_client_options() [tests/gearman_client_005.phpt]
GearmanClient::setOptions(), gearman_client_set_options() [tests/gearman_client_006.phpt]
GearmanClient::addOptions(), gearman_client_add_options() [tests/gearman_client_007.phpt]
GearmanClient::removeOptions(), gearman_client_remove_options() [tests/gearman_client_008.phpt]
GearmanClient::timeout(), gearman_client_timeout() [tests/gearman_client_009.phpt]
GearmanClient::setTimeout(), gearman_client_set_timeout() [tests/gearman_client_010.phpt]
GearmanClient::context(), GearmanClient::setContext(), gearman_client_context(), gearman_client_set_context() [tests/gearman_client_011.phpt]
GearmanClient::addServer(), gearman_client_add_server() [tests/gearman_client_012.phpt]
GearmanClient::addServers(), gearman_client_add_servers() [tests/gearman_client_013.phpt]
GearmanClient::wait(), gearman_client_wait() [tests/gearman_client_014.phpt]
GearmanClient::doJobHandle(), gearman_client_do_job_handle() [tests/gearman_client_015.phpt]
GearmanClient::doStatus(), gearman_client_do_status() [tests/gearman_client_016.phpt]
GearmanClient::jobStatus(), gearman_client_job_status() [tests/gearman_client_017.phpt]
GearmanClient::jobStatusByUniqueKey(), gearman_client_job_status_by_unique_key() [tests/gearman_client_018.phpt]
GearmanClient::ping(), gearman_client_ping() [tests/gearman_client_019.phpt]
GearmanClient::clearCallbacks(), gearman_client_clear_callbacks() [tests/gearman_client_020.phpt]
GearmanClient::enableExceptionHandler(),gearman_client_enable_exception_handler() [tests/gearman_client_021.phpt]
 [tests/gearman_client_integration_test_001.phpt]
GearmanClient::setStatusCallback(), gearman_client_set_status_callback(),
GearmanClient::addTaskStatus(), gearman_client_add_task_status(),
GearmanClient::runTasks(), gearman_client_run_tasks() [tests/gearman_client_integration_test_002.phpt]
new GearmanJob() [tests/gearman_job_001.phpt]
GearmanJob::returnCode(), gearman_job_return_code(),
GearmanJob::setReturn(), gearman_job_set_return() [tests/gearman_job_002.phpt]
Test GearmanJob::sendData() [tests/gearman_job_integration_test_001.phpt]
Test GearmanJob::sendWarning() [tests/gearman_job_integration_test_002.phpt]
Test GearmanJob::sendStatus [tests/gearman_job_integration_test_003.phpt]
Test GearmanJob::sendComplete() [tests/gearman_job_integration_test_004.phpt]
Test GearmanJob::sendException() [tests/gearman_job_integration_test_005.phpt]
Test GearmanJob::sendFail() [tests/gearman_job_integration_test_006.phpt]
Test GearmanJob::handle() [tests/gearman_job_integration_test_007.phpt]
Test GearmanJob::functionName() [tests/gearman_job_integration_test_008.phpt]
Test GearmanJob::unique() [tests/gearman_job_integration_test_009.phpt]
Test GearmanJob::workload(), GearmanJob::workloadSize() [tests/gearman_job_integration_test_010.phpt]
GearmanTask::functionName, gearman_task_function_name [tests/gearman_task_001.phpt]
GearmanTask::unique, gearman_task_unique [tests/gearman_task_002.phpt]
GearmanTask::jobHandle(), gearman_task_job_handle() [tests/gearman_task_003.phpt]
GearmanTask::is_known(), gearman_task_is_known(),
GearmanTask::is_running(), gearman_task_is_running(),
GearmanTask::numerator(), gearman_task_numerator(),
GearmanTask::denominator(), gearman_task_denominator() [tests/gearman_task_004.phpt]
GearmanTask::data(), gearman_task_data(),
GearmanTask::dataSize(), gearman_task_data_size() [tests/gearman_task_005.phpt]
Test Gearman worker methods [tests/gearman_tasks_integration_test_001.phpt]
gearman_worker_return_code() [tests/gearman_worker_001.phpt]
gearman_worker_return_code() [tests/gearman_worker_002.phpt]
gearman_worker_error() [tests/gearman_worker_003.phpt]
gearman_worker_errno() [tests/gearman_worker_004.phpt]
gearman_worker_options() [tests/gearman_worker_005.phpt]
gearman_worker_set_options() [tests/gearman_worker_006.phpt]
gearman_worker_add_options() [tests/gearman_worker_007.phpt]
gearman_worker_timeout(), gearman_worker_set_timeout() [tests/gearman_worker_008.phpt]
gearman_worker_set_id() [tests/gearman_worker_009.phpt]
gearman_worker_add_server(), gearman_worker_add_servers() [tests/gearman_worker_010.phpt]
gearman_worker_wait() [tests/gearman_worker_011.phpt]
gearman_worker_register(), gearman_worker_unregister(), gearman_worker_unregister_all() [tests/gearman_worker_012.phpt]
gearman_worker_add_function() [tests/gearman_worker_013.phpt]
gearman_worker_work() [tests/gearman_worker_014.phpt]
gearman_worker_echo() [tests/gearman_worker_015.phpt]
GearmanWorker::addFunction(), context param [tests/gearman_worker_016.phpt]
Test Gearman worker methods [tests/gearman_worker_integration_test_001.phpt]
=====================================================================
make[2]: Leaving directory '/<<PKGBUILDDIR>>/build-7.4'
touch test-7.4-stamp
dh_auto_test --sourcedirectory=build-7.3 -- INSTALL_ROOT=/<<PKGBUILDDIR>>/debian/php-gearman
	cd build-7.3 && make -j1 test VERBOSE=1 INSTALL_ROOT=/<<BUILDDIR>>/php-gearman-2.0.6\+1.1.2/debian/php-gearman
make[2]: Entering directory '/<<PKGBUILDDIR>>/build-7.3'

Build complete.
Don't forget to run 'make test'.


=====================================================================
PHP         : /usr/bin/php7.3 
PHP_SAPI    : cli
PHP_VERSION : 7.3.15-3
ZEND_VERSION: 3.3.15
PHP_OS      : Linux - Linux ip-172-31-3-7 4.19.0-6-cloud-amd64 #1 SMP Debian 4.19.67-2+deb10u2 (2019-11-11) x86_64
INI actual  : /<<PKGBUILDDIR>>/build-7.3/tmp-php.ini
More .INIs  :   
CWD         : /<<PKGBUILDDIR>>/build-7.3
Extra dirs  : 
VALGRIND    : Not used
=====================================================================
TIME START 2020-02-25 02:50:54
=====================================================================
TEST 1/61 [tests/gearman_001.phpt]
PASS Check for gearman  presence [tests/gearman_001.phpt] 
TEST 2/61 [tests/gearman_002.phpt]
PASS gearman_worker_set_id() [tests/gearman_002.phpt] 
TEST 3/61 [tests/gearman_client_001.phpt]
PASS new GearmanClient(), gearman_client_create() [tests/gearman_client_001.phpt] 
TEST 4/61 [tests/gearman_client_002.phpt]
PASS GearmanClient::returnCode(), gearman_client_return_code() [tests/gearman_client_002.phpt] 
TEST 5/61 [tests/gearman_client_003.phpt]
PASS GearmanClient::error(), gearman_client_error() [tests/gearman_client_003.phpt] 
TEST 6/61 [tests/gearman_client_004.phpt]
PASS GearmanClient::getErrno(), gearman_client_get_errno() [tests/gearman_client_004.phpt] 
TEST 7/61 [tests/gearman_client_005.phpt]
PASS GearmanClient::options(), gearman_client_options() [tests/gearman_client_005.phpt] 
TEST 8/61 [tests/gearman_client_006.phpt]
PASS GearmanClient::setOptions(), gearman_client_set_options() [tests/gearman_client_006.phpt] 
TEST 9/61 [tests/gearman_client_007.phpt]
PASS GearmanClient::addOptions(), gearman_client_add_options() [tests/gearman_client_007.phpt] 
TEST 10/61 [tests/gearman_client_008.phpt]
PASS GearmanClient::removeOptions(), gearman_client_remove_options() [tests/gearman_client_008.phpt] 
TEST 11/61 [tests/gearman_client_009.phpt]
PASS GearmanClient::timeout(), gearman_client_timeout() [tests/gearman_client_009.phpt] 
TEST 12/61 [tests/gearman_client_010.phpt]
PASS GearmanClient::setTimeout(), gearman_client_set_timeout() [tests/gearman_client_010.phpt] 
TEST 13/61 [tests/gearman_client_011.phpt]
PASS GearmanClient::context(), GearmanClient::setContext(), gearman_client_context(), gearman_client_set_context() [tests/gearman_client_011.phpt] 
TEST 14/61 [tests/gearman_client_012.phpt]
FAIL GearmanClient::addServer(), gearman_client_add_server() [tests/gearman_client_012.phpt] 
TEST 15/61 [tests/gearman_client_013.phpt]
FAIL GearmanClient::addServers(), gearman_client_add_servers() [tests/gearman_client_013.phpt] 
TEST 16/61 [tests/gearman_client_014.phpt]
FAIL GearmanClient::wait(), gearman_client_wait() [tests/gearman_client_014.phpt] 
TEST 17/61 [tests/gearman_client_015.phpt]
FAIL GearmanClient::doJobHandle(), gearman_client_do_job_handle() [tests/gearman_client_015.phpt] 
TEST 18/61 [tests/gearman_client_016.phpt]
FAIL GearmanClient::doStatus(), gearman_client_do_status() [tests/gearman_client_016.phpt] 
TEST 19/61 [tests/gearman_client_017.phpt]
FAIL GearmanClient::jobStatus(), gearman_client_job_status() [tests/gearman_client_017.phpt] 
TEST 20/61 [tests/gearman_client_018.phpt]
FAIL GearmanClient::jobStatusByUniqueKey(), gearman_client_job_status_by_unique_key() [tests/gearman_client_018.phpt] 
TEST 21/61 [tests/gearman_client_019.phpt]
FAIL GearmanClient::ping(), gearman_client_ping() [tests/gearman_client_019.phpt] 
TEST 22/61 [tests/gearman_client_020.phpt]
FAIL GearmanClient::clearCallbacks(), gearman_client_clear_callbacks() [tests/gearman_client_020.phpt] 
TEST 23/61 [tests/gearman_client_021.phpt]
PASS GearmanClient::enableExceptionHandler(),gearman_client_enable_exception_handler() [tests/gearman_client_021.phpt] 
TEST 24/61 [tests/gearman_client_integration_test_001.phpt]
FAIL  [tests/gearman_client_integration_test_001.phpt] 
TEST 25/61 [tests/gearman_client_integration_test_002.phpt]
FAIL GearmanClient::setStatusCallback(), gearman_client_set_status_callback(),
GearmanClient::addTaskStatus(), gearman_client_add_task_status(),
GearmanClient::runTasks(), gearman_client_run_tasks() [tests/gearman_client_integration_test_002.phpt] 
TEST 26/61 [tests/gearman_job_001.phpt]
PASS new GearmanJob() [tests/gearman_job_001.phpt] 
TEST 27/61 [tests/gearman_job_002.phpt]
PASS GearmanJob::returnCode(), gearman_job_return_code(),
GearmanJob::setReturn(), gearman_job_set_return() [tests/gearman_job_002.phpt] 
TEST 28/61 [tests/gearman_job_integration_test_001.phpt]
FAIL Test GearmanJob::sendData() [tests/gearman_job_integration_test_001.phpt] 
TEST 29/61 [tests/gearman_job_integration_test_002.phpt]
FAIL Test GearmanJob::sendWarning() [tests/gearman_job_integration_test_002.phpt] 
TEST 30/61 [tests/gearman_job_integration_test_003.phpt]
FAIL Test GearmanJob::sendStatus [tests/gearman_job_integration_test_003.phpt] 
TEST 31/61 [tests/gearman_job_integration_test_004.phpt]
FAIL Test GearmanJob::sendComplete() [tests/gearman_job_integration_test_004.phpt] 
TEST 32/61 [tests/gearman_job_integration_test_005.phpt]
FAIL Test GearmanJob::sendException() [tests/gearman_job_integration_test_005.phpt] 
TEST 33/61 [tests/gearman_job_integration_test_006.phpt]
FAIL Test GearmanJob::sendFail() [tests/gearman_job_integration_test_006.phpt] 
TEST 34/61 [tests/gearman_job_integration_test_007.phpt]
FAIL Test GearmanJob::handle() [tests/gearman_job_integration_test_007.phpt] 
TEST 35/61 [tests/gearman_job_integration_test_008.phpt]
FAIL Test GearmanJob::functionName() [tests/gearman_job_integration_test_008.phpt] 
TEST 36/61 [tests/gearman_job_integration_test_009.phpt]
FAIL Test GearmanJob::unique() [tests/gearman_job_integration_test_009.phpt] 
TEST 37/61 [tests/gearman_job_integration_test_010.phpt]
FAIL Test GearmanJob::workload(), GearmanJob::workloadSize() [tests/gearman_job_integration_test_010.phpt] 
TEST 38/61 [tests/gearman_task_001.phpt]
FAIL GearmanTask::functionName, gearman_task_function_name [tests/gearman_task_001.phpt] 
TEST 39/61 [tests/gearman_task_002.phpt]
FAIL GearmanTask::unique, gearman_task_unique [tests/gearman_task_002.phpt] 
TEST 40/61 [tests/gearman_task_003.phpt]
FAIL GearmanTask::jobHandle(), gearman_task_job_handle() [tests/gearman_task_003.phpt] 
TEST 41/61 [tests/gearman_task_004.phpt]
FAIL GearmanTask::is_known(), gearman_task_is_known(),
GearmanTask::is_running(), gearman_task_is_running(),
GearmanTask::numerator(), gearman_task_numerator(),
GearmanTask::denominator(), gearman_task_denominator() [tests/gearman_task_004.phpt] 
TEST 42/61 [tests/gearman_task_005.phpt]
FAIL GearmanTask::data(), gearman_task_data(),
GearmanTask::dataSize(), gearman_task_data_size() [tests/gearman_task_005.phpt] 
TEST 43/61 [tests/gearman_tasks_integration_test_001.phpt]
FAIL Test Gearman worker methods [tests/gearman_tasks_integration_test_001.phpt] 
TEST 44/61 [tests/gearman_tasks_integration_test_002.phpt]
SKIP Test Gearman worker methods [tests/gearman_tasks_integration_test_002.phpt] reason: requires gearmand version >= 1.1.2, found version 
TEST 45/61 [tests/gearman_worker_001.phpt]
PASS gearman_worker_return_code() [tests/gearman_worker_001.phpt] 
TEST 46/61 [tests/gearman_worker_002.phpt]
PASS gearman_worker_return_code() [tests/gearman_worker_002.phpt] 
TEST 47/61 [tests/gearman_worker_003.phpt]
PASS gearman_worker_error() [tests/gearman_worker_003.phpt] 
TEST 48/61 [tests/gearman_worker_004.phpt]
PASS gearman_worker_errno() [tests/gearman_worker_004.phpt] 
TEST 49/61 [tests/gearman_worker_005.phpt]
PASS gearman_worker_options() [tests/gearman_worker_005.phpt] 
TEST 50/61 [tests/gearman_worker_006.phpt]
PASS gearman_worker_set_options() [tests/gearman_worker_006.phpt] 
TEST 51/61 [tests/gearman_worker_007.phpt]
PASS gearman_worker_add_options() [tests/gearman_worker_007.phpt] 
TEST 52/61 [tests/gearman_worker_008.phpt]
PASS gearman_worker_timeout(), gearman_worker_set_timeout() [tests/gearman_worker_008.phpt] 
TEST 53/61 [tests/gearman_worker_009.phpt]
PASS gearman_worker_set_id() [tests/gearman_worker_009.phpt] 
TEST 54/61 [tests/gearman_worker_010.phpt]
FAIL gearman_worker_add_server(), gearman_worker_add_servers() [tests/gearman_worker_010.phpt] 
TEST 55/61 [tests/gearman_worker_011.phpt]
FAIL gearman_worker_wait() [tests/gearman_worker_011.phpt] 
TEST 56/61 [tests/gearman_worker_012.phpt]
FAIL gearman_worker_register(), gearman_worker_unregister(), gearman_worker_unregister_all() [tests/gearman_worker_012.phpt] 
TEST 57/61 [tests/gearman_worker_013.phpt]
FAIL gearman_worker_add_function() [tests/gearman_worker_013.phpt] 
TEST 58/61 [tests/gearman_worker_014.phpt]
FAIL gearman_worker_work() [tests/gearman_worker_014.phpt] 
TEST 59/61 [tests/gearman_worker_015.phpt]
FAIL gearman_worker_echo() [tests/gearman_worker_015.phpt] 
TEST 60/61 [tests/gearman_worker_016.phpt]
FAIL GearmanWorker::addFunction(), context param [tests/gearman_worker_016.phpt] 
TEST 61/61 [tests/gearman_worker_integration_test_001.phpt]
FAIL Test Gearman worker methods [tests/gearman_worker_integration_test_001.phpt] 
=====================================================================
TIME END 2020-02-25 02:50:55

=====================================================================
TEST RESULT SUMMARY
---------------------------------------------------------------------
Exts skipped    :    0
Exts tested     :   15
---------------------------------------------------------------------

Number of tests :   61                60
Tests skipped   :    1 (  1.6%) --------
Tests warned    :    0 (  0.0%) (  0.0%)
Tests failed    :   35 ( 57.4%) ( 58.3%)
Expected fail   :    0 (  0.0%) (  0.0%)
Tests passed    :   25 ( 41.0%) ( 41.7%)
---------------------------------------------------------------------
Time taken      :    1 seconds
=====================================================================

=====================================================================
FAILED TEST SUMMARY
---------------------------------------------------------------------
GearmanClient::addServer(), gearman_client_add_server() [tests/gearman_client_012.phpt]
GearmanClient::addServers(), gearman_client_add_servers() [tests/gearman_client_013.phpt]
GearmanClient::wait(), gearman_client_wait() [tests/gearman_client_014.phpt]
GearmanClient::doJobHandle(), gearman_client_do_job_handle() [tests/gearman_client_015.phpt]
GearmanClient::doStatus(), gearman_client_do_status() [tests/gearman_client_016.phpt]
GearmanClient::jobStatus(), gearman_client_job_status() [tests/gearman_client_017.phpt]
GearmanClient::jobStatusByUniqueKey(), gearman_client_job_status_by_unique_key() [tests/gearman_client_018.phpt]
GearmanClient::ping(), gearman_client_ping() [tests/gearman_client_019.phpt]
GearmanClient::clearCallbacks(), gearman_client_clear_callbacks() [tests/gearman_client_020.phpt]
 [tests/gearman_client_integration_test_001.phpt]
GearmanClient::setStatusCallback(), gearman_client_set_status_callback(),
GearmanClient::addTaskStatus(), gearman_client_add_task_status(),
GearmanClient::runTasks(), gearman_client_run_tasks() [tests/gearman_client_integration_test_002.phpt]
Test GearmanJob::sendData() [tests/gearman_job_integration_test_001.phpt]
Test GearmanJob::sendWarning() [tests/gearman_job_integration_test_002.phpt]
Test GearmanJob::sendStatus [tests/gearman_job_integration_test_003.phpt]
Test GearmanJob::sendComplete() [tests/gearman_job_integration_test_004.phpt]
Test GearmanJob::sendException() [tests/gearman_job_integration_test_005.phpt]
Test GearmanJob::sendFail() [tests/gearman_job_integration_test_006.phpt]
Test GearmanJob::handle() [tests/gearman_job_integration_test_007.phpt]
Test GearmanJob::functionName() [tests/gearman_job_integration_test_008.phpt]
Test GearmanJob::unique() [tests/gearman_job_integration_test_009.phpt]
Test GearmanJob::workload(), GearmanJob::workloadSize() [tests/gearman_job_integration_test_010.phpt]
GearmanTask::functionName, gearman_task_function_name [tests/gearman_task_001.phpt]
GearmanTask::unique, gearman_task_unique [tests/gearman_task_002.phpt]
GearmanTask::jobHandle(), gearman_task_job_handle() [tests/gearman_task_003.phpt]
GearmanTask::is_known(), gearman_task_is_known(),
GearmanTask::is_running(), gearman_task_is_running(),
GearmanTask::numerator(), gearman_task_numerator(),
GearmanTask::denominator(), gearman_task_denominator() [tests/gearman_task_004.phpt]
GearmanTask::data(), gearman_task_data(),
GearmanTask::dataSize(), gearman_task_data_size() [tests/gearman_task_005.phpt]
Test Gearman worker methods [tests/gearman_tasks_integration_test_001.phpt]
gearman_worker_add_server(), gearman_worker_add_servers() [tests/gearman_worker_010.phpt]
gearman_worker_wait() [tests/gearman_worker_011.phpt]
gearman_worker_register(), gearman_worker_unregister(), gearman_worker_unregister_all() [tests/gearman_worker_012.phpt]
gearman_worker_add_function() [tests/gearman_worker_013.phpt]
gearman_worker_work() [tests/gearman_worker_014.phpt]
gearman_worker_echo() [tests/gearman_worker_015.phpt]
GearmanWorker::addFunction(), context param [tests/gearman_worker_016.phpt]
Test Gearman worker methods [tests/gearman_worker_integration_test_001.phpt]
=====================================================================
make[2]: Leaving directory '/<<PKGBUILDDIR>>/build-7.3'
touch test-7.3-stamp
dh override_dh_auto_test --with php
make[1]: Leaving directory '/<<PKGBUILDDIR>>'
 fakeroot debian/rules binary
dh binary --with php
   dh_testroot
   dh_prep
   debian/rules override_dh_auto_install
make[1]: Entering directory '/<<PKGBUILDDIR>>'
dh_auto_install --sourcedirectory=build-7.4 -- INSTALL_ROOT=/<<PKGBUILDDIR>>/debian/php-gearman
	cd build-7.4 && make -j1 install DESTDIR=/<<BUILDDIR>>/php-gearman-2.0.6\+1.1.2/debian/php-gearman AM_UPDATE_INFO_DIR=no INSTALL_ROOT=/<<BUILDDIR>>/php-gearman-2.0.6\+1.1.2/debian/php-gearman
make[2]: Entering directory '/<<PKGBUILDDIR>>/build-7.4'
Installing shared extensions:     /<<PKGBUILDDIR>>/debian/php-gearman/usr/lib/php/20190902/
make[2]: Leaving directory '/<<PKGBUILDDIR>>/build-7.4'
touch install-7.4-stamp
dh_auto_install --sourcedirectory=build-7.3 -- INSTALL_ROOT=/<<PKGBUILDDIR>>/debian/php-gearman
	cd build-7.3 && make -j1 install DESTDIR=/<<BUILDDIR>>/php-gearman-2.0.6\+1.1.2/debian/php-gearman AM_UPDATE_INFO_DIR=no INSTALL_ROOT=/<<BUILDDIR>>/php-gearman-2.0.6\+1.1.2/debian/php-gearman
make[2]: Entering directory '/<<PKGBUILDDIR>>/build-7.3'
Installing shared extensions:     /<<PKGBUILDDIR>>/debian/php-gearman/usr/lib/php/20180731/
make[2]: Leaving directory '/<<PKGBUILDDIR>>/build-7.3'
touch install-7.3-stamp
dh override_dh_auto_install --with php
make[1]: Leaving directory '/<<PKGBUILDDIR>>'
   debian/rules override_dh_php
make[1]: Entering directory '/<<PKGBUILDDIR>>'
dh_php -p php-gearman
make[1]: Leaving directory '/<<PKGBUILDDIR>>'
   dh_installdocs
   dh_installchangelogs
   dh_perl
   dh_link
   dh_strip_nondeterminism
   dh_compress
   dh_fixperms
   dh_missing
   dh_strip
   dh_makeshlibs
   dh_shlibdeps
dpkg-shlibdeps: warning: debian/php-gearman/usr/lib/php/20190902/gearman.so contains an unresolvable reference to symbol zend_object_std_init: it's probably a plugin
dpkg-shlibdeps: warning: 43 other similar warnings have been skipped (use -v to see them all)
dpkg-shlibdeps: warning: debian/php-gearman/usr/lib/php/20180731/gearman.so contains an unresolvable reference to symbol _emalloc_48: it's probably a plugin
dpkg-shlibdeps: warning: 44 other similar warnings have been skipped (use -v to see them all)
   dh_installdeb
   debian/rules override_dh_gencontrol
make[1]: Entering directory '/<<PKGBUILDDIR>>'
dh_gencontrol -- "-Vphp:Provides=php7.4-gearman, php7.3-gearman,"
make[1]: Leaving directory '/<<PKGBUILDDIR>>'
   dh_md5sums
   dh_builddeb
dpkg-deb: building package 'php-gearman-dbgsym' in '../php-gearman-dbgsym_2.0.6+1.1.2-7_amd64.deb'.
dpkg-deb: building package 'php-gearman' in '../php-gearman_2.0.6+1.1.2-7_amd64.deb'.
 dpkg-genbuildinfo --build=binary
 dpkg-genchanges --build=binary >../php-gearman_2.0.6+1.1.2-7_amd64.changes
dpkg-genchanges: info: binary-only upload (no source code included)
 dpkg-source --after-build .
dpkg-buildpackage: info: binary-only upload (no source included)
--------------------------------------------------------------------------------
Build finished at 2020-02-25T02:50:58Z

Finished
--------

I: Built successfully

+------------------------------------------------------------------------------+
| Changes                                                                      |
+------------------------------------------------------------------------------+


php-gearman_2.0.6+1.1.2-7_amd64.changes:
----------------------------------------

Format: 1.8
Date: Mon, 20 Jan 2020 09:19:19 +0100
Source: php-gearman
Binary: php-gearman php-gearman-dbgsym
Architecture: amd64
Version: 2.0.6+1.1.2-7
Distribution: unstable
Urgency: medium
Maintainer: Debian PHP PECL Maintainers <team+php-pecl@tracker.debian.org>
Changed-By: Ondej Sur <ondrej@debian.org>
Description:
 php-gearman - PHP wrapper to libgearman
Changes:
 php-gearman (2.0.6+1.1.2-7) unstable; urgency=medium
 .
   * Try PHP 7.4 rebuild
Checksums-Sha1:
 d5b6526d78e189247275b9402c7a1dee14550ccb 126716 php-gearman-dbgsym_2.0.6+1.1.2-7_amd64.deb
 248bdcd0a1357ef8633ddefeb921ac95ce44f061 6326 php-gearman_2.0.6+1.1.2-7_amd64.buildinfo
 e3acbdcdcee733f98b465eaab9d5ca4d11f8e8f3 32940 php-gearman_2.0.6+1.1.2-7_amd64.deb
Checksums-Sha256:
 10599bc2712d5e2d95c0f4dd1e0114be9fab29e3e28e0f7df82f8d5a3603ae20 126716 php-gearman-dbgsym_2.0.6+1.1.2-7_amd64.deb
 5c667e9a2e73d5af2aef9a5579ae3fd90b05981d980b370eb7eb2e9b41989cfe 6326 php-gearman_2.0.6+1.1.2-7_amd64.buildinfo
 84c6d1f3be1bc221dd5df6fb42675adbdd2cee695aaf011d84f8b6723a1a53ab 32940 php-gearman_2.0.6+1.1.2-7_amd64.deb
Files:
 7b1275e1433339057f84e3cae37d6e96 126716 debug optional php-gearman-dbgsym_2.0.6+1.1.2-7_amd64.deb
 57c87a7b0e81d7674149a929c7e40189 6326 php optional php-gearman_2.0.6+1.1.2-7_amd64.buildinfo
 22cf2bf3f26faaf65557f2a5800bb71b 32940 php optional php-gearman_2.0.6+1.1.2-7_amd64.deb

+------------------------------------------------------------------------------+
| Buildinfo                                                                    |
+------------------------------------------------------------------------------+

Format: 1.0
Source: php-gearman
Binary: php-gearman
Architecture: amd64
Version: 2.0.6+1.1.2-7
Checksums-Md5:
 7b1275e1433339057f84e3cae37d6e96 126716 php-gearman-dbgsym_2.0.6+1.1.2-7_amd64.deb
 22cf2bf3f26faaf65557f2a5800bb71b 32940 php-gearman_2.0.6+1.1.2-7_amd64.deb
Checksums-Sha1:
 d5b6526d78e189247275b9402c7a1dee14550ccb 126716 php-gearman-dbgsym_2.0.6+1.1.2-7_amd64.deb
 e3acbdcdcee733f98b465eaab9d5ca4d11f8e8f3 32940 php-gearman_2.0.6+1.1.2-7_amd64.deb
Checksums-Sha256:
 10599bc2712d5e2d95c0f4dd1e0114be9fab29e3e28e0f7df82f8d5a3603ae20 126716 php-gearman-dbgsym_2.0.6+1.1.2-7_amd64.deb
 84c6d1f3be1bc221dd5df6fb42675adbdd2cee695aaf011d84f8b6723a1a53ab 32940 php-gearman_2.0.6+1.1.2-7_amd64.deb
Build-Origin: Debian
Build-Architecture: amd64
Build-Date: Tue, 25 Feb 2020 02:50:58 +0000
Build-Path: /<<PKGBUILDDIR>>
Installed-Build-Depends:
 autoconf (= 2.69-11.1),
 automake (= 1:1.16.1-4),
 autopoint (= 0.19.8.1-10),
 autotools-dev (= 20180224.1),
 base-files (= 11),
 base-passwd (= 3.5.47),
 bash (= 5.0-5),
 binutils (= 2.34-3),
 binutils-common (= 2.34-3),
 binutils-x86-64-linux-gnu (= 2.34-3),
 bsdmainutils (= 11.1.2+b1),
 bsdutils (= 1:2.34-0.1),
 build-essential (= 12.8),
 bzip2 (= 1.0.8-2),
 clang-10 (= 1:10.0.0~+rc2-1),
 coreutils (= 8.30-3+b1),
 cpp (= 4:9.2.1-3.1),
 cpp-9 (= 9.2.1-29),
 dash (= 0.5.10.2-6),
 debconf (= 1.5.73),
 debhelper (= 12.9),
 debianutils (= 4.9.1),
 dh-autoreconf (= 19),
 dh-php (= 0.35),
 dh-strip-nondeterminism (= 1.6.3-2),
 diffutils (= 1:3.7-3),
 dpkg (= 1.19.7),
 dpkg-dev (= 1.19.7),
 dwz (= 0.13-5),
 fdisk (= 2.34-0.1),
 file (= 1:5.38-4),
 findutils (= 4.7.0-1),
 g++ (= 4:9.2.1-3.1),
 g++-9 (= 9.2.1-29),
 gcc (= 4:9.2.1-3.1),
 gcc-10-base (= 10-20200222-1),
 gcc-9 (= 9.2.1-29),
 gcc-9-base (= 9.2.1-29),
 gettext (= 0.19.8.1-10),
 gettext-base (= 0.19.8.1-10),
 grep (= 3.4-1),
 groff-base (= 1.22.4-4),
 gzip (= 1.9-3+b1),
 hostname (= 3.23),
 init-system-helpers (= 1.57),
 intltool-debian (= 0.35.0+20060710.5),
 lib32gcc-s1 (= 10-20200222-1),
 lib32gcc1 (= 1:10-20200222-1),
 lib32stdc++6 (= 10-20200222-1),
 libacl1 (= 2.2.53-5),
 libarchive-zip-perl (= 1.67-1),
 libargon2-1 (= 0~20171227-0.2),
 libasan5 (= 9.2.1-29),
 libatomic1 (= 10-20200222-1),
 libattr1 (= 1:2.4.48-5),
 libaudit-common (= 1:2.8.5-2),
 libaudit1 (= 1:2.8.5-2+b1),
 libbinutils (= 2.34-3),
 libblkid1 (= 2.34-0.1),
 libbsd0 (= 0.10.0-1),
 libbz2-1.0 (= 1.0.8-2),
 libc-bin (= 2.29-10),
 libc-dev-bin (= 2.29-10),
 libc6 (= 2.29-10),
 libc6-dev (= 2.29-10),
 libc6-i386 (= 2.29-10),
 libcap-ng0 (= 0.7.9-2.1+b1),
 libcc1-0 (= 10-20200222-1),
 libclang-common-10-dev (= 1:10.0.0~+rc2-1),
 libclang-cpp10 (= 1:10.0.0~+rc2-1),
 libclang1-10 (= 1:10.0.0~+rc2-1),
 libcroco3 (= 0.6.13-1),
 libcrypt-dev (= 1:4.4.10-10),
 libcrypt1 (= 1:4.4.10-10),
 libctf-nobfd0 (= 2.34-3),
 libctf0 (= 2.34-3),
 libdb5.3 (= 5.3.28+dfsg1-0.6),
 libdebconfclient0 (= 0.251),
 libdebhelper-perl (= 12.9),
 libdpkg-perl (= 1.19.7),
 libedit2 (= 3.1-20191231-1),
 libelf1 (= 0.176-1.1),
 libevent-2.1-7 (= 2.1.11-stable-1),
 libevent-core-2.1-7 (= 2.1.11-stable-1),
 libevent-dev (= 2.1.11-stable-1),
 libevent-extra-2.1-7 (= 2.1.11-stable-1),
 libevent-openssl-2.1-7 (= 2.1.11-stable-1),
 libevent-pthreads-2.1-7 (= 2.1.11-stable-1),
 libexporter-tiny-perl (= 1.002001-1),
 libfdisk1 (= 2.34-0.1),
 libffi7 (= 3.3-3),
 libfile-stripnondeterminism-perl (= 1.6.3-2),
 libgc1c2 (= 1:7.6.4-0.4),
 libgcc-9-dev (= 9.2.1-29),
 libgcc-s1 (= 10-20200222-1),
 libgcc1 (= 1:10-20200222-1),
 libgcrypt20 (= 1.8.5-5),
 libgdbm-compat4 (= 1.18.1-5),
 libgdbm6 (= 1.18.1-5),
 libgearman-dev (= 1.1.18+ds-3.1),
 libgearman8 (= 1.1.18+ds-3.1),
 libglib2.0-0 (= 2.62.4-2),
 libgmp10 (= 2:6.2.0+dfsg-4),
 libgomp1 (= 10-20200222-1),
 libgpg-error0 (= 1.37-1),
 libicu63 (= 63.2-2),
 libisl22 (= 0.22.1-1),
 libitm1 (= 10-20200222-1),
 liblist-moreutils-perl (= 0.416-1+b5),
 libllvm10 (= 1:10.0.0~+rc2-1),
 liblsan0 (= 10-20200222-1),
 liblz4-1 (= 1.9.2-2),
 liblzma5 (= 5.2.4-1+b1),
 libmagic-mgc (= 1:5.38-4),
 libmagic1 (= 1:5.38-4),
 libmount1 (= 2.34-0.1),
 libmpc3 (= 1.1.0-1),
 libmpfr6 (= 4.0.2-1),
 libncursesw6 (= 6.1+20191019-1),
 libobjc-9-dev (= 9.2.1-29),
 libobjc4 (= 10-20200222-1),
 libpam-modules (= 1.3.1-5),
 libpam-modules-bin (= 1.3.1-5),
 libpam-runtime (= 1.3.1-5),
 libpam0g (= 1.3.1-5),
 libpcre2-16-0 (= 10.34-7),
 libpcre2-32-0 (= 10.34-7),
 libpcre2-8-0 (= 10.34-7),
 libpcre2-dev (= 10.34-7),
 libpcre2-posix2 (= 10.34-7),
 libpcre3 (= 2:8.39-12+b1),
 libperl5.30 (= 5.30.0-9),
 libpipeline1 (= 1.5.2-2),
 libquadmath0 (= 10-20200222-1),
 libseccomp2 (= 2.4.2-2),
 libselinux1 (= 3.0-1+b1),
 libsigsegv2 (= 2.12-2),
 libsmartcols1 (= 2.34-0.1),
 libsodium23 (= 1.0.18-1),
 libssl-dev (= 1.1.1d-2),
 libssl1.1 (= 1.1.1d-2),
 libstdc++-9-dev (= 9.2.1-29),
 libstdc++6 (= 10-20200222-1),
 libsub-override-perl (= 0.09-2),
 libsystemd0 (= 244.3-1),
 libtinfo6 (= 6.1+20191019-1),
 libtool (= 2.4.6-13),
 libtsan0 (= 10-20200222-1),
 libubsan1 (= 10-20200222-1),
 libuchardet0 (= 0.0.6-3),
 libudev1 (= 244.3-1),
 libunistring2 (= 0.9.10-2),
 libuuid1 (= 2.34-0.1),
 libxml2 (= 2.9.10+dfsg-3),
 libz3-4 (= 4.8.7-4),
 linux-libc-dev (= 5.4.19-1),
 login (= 1:4.8.1-1),
 lsb-base (= 11.1.0),
 m4 (= 1.4.18-4),
 make (= 4.2.1-1.2),
 man-db (= 2.9.0-2),
 mawk (= 1.3.4.20200120-2),
 mime-support (= 3.64),
 ncurses-base (= 6.1+20191019-1),
 ncurses-bin (= 6.1+20191019-1),
 patch (= 2.7.6-6),
 perl (= 5.30.0-9),
 perl-base (= 5.30.0-9),
 perl-modules-5.30 (= 5.30.0-9),
 php-all-dev (= 2:73),
 php-common (= 2:73),
 php7.3-cli (= 7.3.15-3),
 php7.3-common (= 7.3.15-3),
 php7.3-dev (= 7.3.15-3),
 php7.3-json (= 7.3.15-3),
 php7.3-opcache (= 7.3.15-3),
 php7.3-readline (= 7.3.15-3),
 php7.4-cli (= 7.4.3-4),
 php7.4-common (= 7.4.3-4),
 php7.4-dev (= 7.4.3-4),
 php7.4-json (= 7.4.3-4),
 php7.4-opcache (= 7.4.3-4),
 php7.4-readline (= 7.4.3-4),
 po-debconf (= 1.0.21),
 psmisc (= 23.3-1),
 sed (= 4.7-1),
 sensible-utils (= 0.0.12+nmu1),
 shtool (= 2.0.8-10),
 sysvinit-utils (= 2.96-2.1),
 tar (= 1.30+dfsg-6+b1),
 tzdata (= 2019c-3),
 ucf (= 3.0038+nmu1),
 util-linux (= 2.34-0.1),
 xml2 (= 0.5-3),
 xz-utils (= 5.2.4-1+b1),
 zlib1g (= 1:1.2.11.dfsg-1.2)
Environment:
 DEB_BUILD_OPTIONS="parallel=4"
 LANG="C.UTF-8"
 LC_ALL="C.UTF-8"
 SOURCE_DATE_EPOCH="1579508359"


+------------------------------------------------------------------------------+
| Package contents                                                             |
+------------------------------------------------------------------------------+


php-gearman-dbgsym_2.0.6+1.1.2-7_amd64.deb
------------------------------------------

 new Debian package, version 2.0.
 size 126716 bytes: control archive=604 bytes.
     429 bytes,    12 lines      control              
     212 bytes,     2 lines      md5sums              
 Package: php-gearman-dbgsym
 Source: php-gearman
 Version: 2.0.6+1.1.2-7
 Auto-Built-Package: debug-symbols
 Architecture: amd64
 Maintainer: Debian PHP PECL Maintainers <team+php-pecl@tracker.debian.org>
 Installed-Size: 188
 Depends: php-gearman (= 2.0.6+1.1.2-7)
 Section: debug
 Priority: optional
 Description: debug symbols for php-gearman
 Build-Ids: 006d9e67ca18f6f1cb244b61b5b69db156d8ad15 5ef90e8328a0a272fd46ecf8fc239c7d25bc5e1e

drwxr-xr-x root/root         0 2020-01-20 08:19 ./
drwxr-xr-x root/root         0 2020-01-20 08:19 ./usr/
drwxr-xr-x root/root         0 2020-01-20 08:19 ./usr/lib/
drwxr-xr-x root/root         0 2020-01-20 08:19 ./usr/lib/debug/
drwxr-xr-x root/root         0 2020-01-20 08:19 ./usr/lib/debug/.build-id/
drwxr-xr-x root/root         0 2020-01-20 08:19 ./usr/lib/debug/.build-id/00/
-rw-r--r-- root/root     89712 2020-01-20 08:19 ./usr/lib/debug/.build-id/00/6d9e67ca18f6f1cb244b61b5b69db156d8ad15.debug
drwxr-xr-x root/root         0 2020-01-20 08:19 ./usr/lib/debug/.build-id/5e/
-rw-r--r-- root/root     90392 2020-01-20 08:19 ./usr/lib/debug/.build-id/5e/f90e8328a0a272fd46ecf8fc239c7d25bc5e1e.debug
drwxr-xr-x root/root         0 2020-01-20 08:19 ./usr/share/
drwxr-xr-x root/root         0 2020-01-20 08:19 ./usr/share/doc/
lrwxrwxrwx root/root         0 2020-01-20 08:19 ./usr/share/doc/php-gearman-dbgsym -> php-gearman


php-gearman_2.0.6+1.1.2-7_amd64.deb
-----------------------------------

 new Debian package, version 2.0.
 size 32940 bytes: control archive=1672 bytes.
      80 bytes,     2 lines      conffiles            
     585 bytes,    15 lines      control              
     282 bytes,     4 lines      md5sums              
    1084 bytes,    38 lines   *  postinst             #!/bin/sh
    1437 bytes,    52 lines   *  postrm               #!/bin/sh
    1538 bytes,    53 lines   *  preinst              #!/bin/sh
    1110 bytes,    37 lines   *  prerm                #!/bin/sh
 Package: php-gearman
 Version: 2.0.6+1.1.2-7
 Architecture: amd64
 Maintainer: Debian PHP PECL Maintainers <team+php-pecl@tracker.debian.org>
 Installed-Size: 268
 Pre-Depends: php-common (>= 2:69~)
 Depends: phpapi-20190902 | phpapi-20180731, libc6 (>= 2.14), libgearman8 (>= 1.1.13)
 Suggests: gearman-server
 Provides: php7.3-gearman, php7.4-gearman
 Section: php
 Priority: optional
 Homepage: https://pecl.php.net/package/gearman
 Description: PHP wrapper to libgearman
  This extension uses libgearman library to provide API for
  communicating with gearmand, and writing clients and workers.

drwxr-xr-x root/root         0 2020-01-20 08:19 ./
drwxr-xr-x root/root         0 2020-01-20 08:19 ./etc/
drwxr-xr-x root/root         0 2020-01-20 08:19 ./etc/php/
drwxr-xr-x root/root         0 2020-01-20 08:19 ./etc/php/7.3/
drwxr-xr-x root/root         0 2020-01-20 08:19 ./etc/php/7.3/mods-available/
-rw-r--r-- root/root        21 2020-01-20 08:19 ./etc/php/7.3/mods-available/gearman.ini
drwxr-xr-x root/root         0 2020-01-20 08:19 ./etc/php/7.4/
drwxr-xr-x root/root         0 2020-01-20 08:19 ./etc/php/7.4/mods-available/
-rw-r--r-- root/root        21 2020-01-20 08:19 ./etc/php/7.4/mods-available/gearman.ini
drwxr-xr-x root/root         0 2020-01-20 08:19 ./usr/
drwxr-xr-x root/root         0 2020-01-20 08:19 ./usr/lib/
drwxr-xr-x root/root         0 2020-01-20 08:19 ./usr/lib/php/
drwxr-xr-x root/root         0 2020-01-20 08:19 ./usr/lib/php/20180731/
-rw-r--r-- root/root    118944 2020-01-20 08:19 ./usr/lib/php/20180731/gearman.so
drwxr-xr-x root/root         0 2020-01-20 08:19 ./usr/lib/php/20190902/
-rw-r--r-- root/root    118944 2020-01-20 08:19 ./usr/lib/php/20190902/gearman.so
drwxr-xr-x root/root         0 2020-01-20 08:19 ./usr/share/
drwxr-xr-x root/root         0 2020-01-20 08:19 ./usr/share/doc/
drwxr-xr-x root/root         0 2020-01-20 08:19 ./usr/share/doc/php-gearman/
-rw-r--r-- root/root      1248 2020-01-20 08:19 ./usr/share/doc/php-gearman/changelog.Debian.gz
-rw-r--r-- root/root      4825 2020-01-20 08:19 ./usr/share/doc/php-gearman/copyright


+------------------------------------------------------------------------------+
| Post Build                                                                   |
+------------------------------------------------------------------------------+


+------------------------------------------------------------------------------+
| Cleanup                                                                      |
+------------------------------------------------------------------------------+

Purging /<<BUILDDIR>>
Not cleaning session: cloned chroot in use

+------------------------------------------------------------------------------+
| Summary                                                                      |
+------------------------------------------------------------------------------+

Build Architecture: amd64
Build Type: binary
Build-Space: 12412
Build-Time: 20
Distribution: unstable
Host Architecture: amd64
Install-Time: 15
Job: php-gearman_2.0.6+1.1.2-7
Machine Architecture: amd64
Package: php-gearman
Package-Time: 49
Source-Version: 2.0.6+1.1.2-7
Space: 12412
Status: successful
Version: 2.0.6+1.1.2-7
--------------------------------------------------------------------------------
Finished at 2020-02-25T02:50:58Z
Build needed 00:00:49, 12412k disk space
DC-Status: OK 50.901117416s
