DC-Build-Header: php-gmagick 2.0.5~rc1+1.1.7~rc3-5 / 2020-02-25 06:46:38 +0000
DC-Task: type:rebuild-binarch-only source:php-gmagick version:2.0.5~rc1+1.1.7~rc3-5 chroot:unstable esttime:48 logfile:/tmp/php-gmagick_2.0.5~rc1+1.1.7~rc3-5_unstable_clang10.log modes:clang10:binarch-only
DC-Sbuild-call: su user42 -c 'sbuild -n --arch-any --apt-update -d unstable -v --no-run-lintian --chroot-setup-commands=/tmp/clang10 php-gmagick_2.0.5~rc1+1.1.7~rc3-5'
sbuild (Debian sbuild) 0.78.1 (09 February 2019) on ip-172-31-11-224.eu-central-1.compute.internal

+==============================================================================+
| php-gmagick 2.0.5~rc1+1.1.7~rc3-5 (amd64)    Tue, 25 Feb 2020 06:46:38 +0000 |
+==============================================================================+

Package: php-gmagick
Version: 2.0.5~rc1+1.1.7~rc3-5
Source Version: 2.0.5~rc1+1.1.7~rc3-5
Distribution: unstable
Machine Architecture: amd64
Host Architecture: amd64
Build Architecture: amd64
Build Type: binary

I: NOTICE: Log filtering will replace 'var/run/schroot/mount/sid-amd64-sbuild-01d70efe-8e59-440e-842a-1ba2a7d776b8' with '<<CHROOT>>'

+------------------------------------------------------------------------------+
| Chroot Setup Commands                                                        |
+------------------------------------------------------------------------------+


/tmp/clang10
------------

+ echo 'Entering customization script...'
Entering customization script...
+ CLANG_VERSION=10
+ echo 'Install of clang-10'
Install of clang-10
+ apt-get update
Get:1 http://127.0.0.1:12990/debian sid InRelease [142 kB]
Get:2 http://127.0.0.1:12990/debian sid/main Sources.diff/Index [27.9 kB]
Get:3 http://127.0.0.1:12990/debian sid/main amd64 Packages.diff/Index [27.9 kB]
Get:4 http://127.0.0.1:12990/debian sid/main Sources 2020-02-24-0823.32.pdiff [11.0 kB]
Get:5 http://127.0.0.1:12990/debian sid/main Sources 2020-02-24-1420.34.pdiff [30.2 kB]
Get:6 http://127.0.0.1:12990/debian sid/main Sources 2020-02-24-2014.03.pdiff [16.9 kB]
Get:7 http://127.0.0.1:12990/debian sid/main Sources 2020-02-25-0213.11.pdiff [23.2 kB]
Get:8 http://127.0.0.1:12990/debian sid/main amd64 Packages 2020-02-24-0823.32.pdiff [15.5 kB]
Get:7 http://127.0.0.1:12990/debian sid/main Sources 2020-02-25-0213.11.pdiff [23.2 kB]
Get:9 http://127.0.0.1:12990/debian sid/main amd64 Packages 2020-02-24-1420.34.pdiff [27.5 kB]
Get:10 http://127.0.0.1:12990/debian sid/main amd64 Packages 2020-02-24-2014.03.pdiff [21.6 kB]
Get:11 http://127.0.0.1:12990/debian sid/main amd64 Packages 2020-02-25-0213.11.pdiff [35.0 kB]
Get:11 http://127.0.0.1:12990/debian sid/main amd64 Packages 2020-02-25-0213.11.pdiff [35.0 kB]
Get:12 http://127.0.0.1:12990/debian sid/main Translation-en [6193 kB]
Fetched 6572 kB in 2s (2743 kB/s)
Reading package lists...
+ apt-get install --yes --no-install-recommends --force-yes clang-10 libomp-10-dev libobjc-9-dev
Reading package lists...
Building dependency tree...
The following additional packages will be installed:
  lib32gcc-s1 lib32gcc1 lib32stdc++6 libbsd0 libc6-i386 libclang-common-10-dev
  libclang-cpp10 libclang1-10 libedit2 libgc1c2 libllvm10 libobjc4 libomp5-10
  libz3-4
Suggested packages:
  clang-10-doc libomp-10-doc
Recommended packages:
  llvm-10-dev python3
The following NEW packages will be installed:
  clang-10 lib32gcc-s1 lib32gcc1 lib32stdc++6 libbsd0 libc6-i386
  libclang-common-10-dev libclang-cpp10 libclang1-10 libedit2 libgc1c2
  libllvm10 libobjc-9-dev libobjc4 libomp-10-dev libomp5-10 libz3-4
0 upgraded, 17 newly installed, 0 to remove and 2 not upgraded.
Need to get 46.4 MB of archives.
After this operation, 238 MB of additional disk space will be used.
Get:1 http://127.0.0.1:12990/debian sid/main amd64 libbsd0 amd64 0.10.0-1 [107 kB]
Get:2 http://127.0.0.1:12990/debian sid/main amd64 libedit2 amd64 3.1-20191231-1 [95.4 kB]
Get:3 http://127.0.0.1:12990/debian sid/main amd64 libz3-4 amd64 4.8.7-4 [6790 kB]
Get:4 http://127.0.0.1:12990/debian sid/main amd64 libllvm10 amd64 1:10.0.0~+rc2-1 [15.5 MB]
Get:5 http://127.0.0.1:12990/debian sid/main amd64 libclang-cpp10 amd64 1:10.0.0~+rc2-1 [9069 kB]
Get:6 http://127.0.0.1:12990/debian sid/main amd64 libgc1c2 amd64 1:7.6.4-0.4 [224 kB]
Get:7 http://127.0.0.1:12990/debian sid/main amd64 libobjc4 amd64 10-20200222-1 [41.6 kB]
Get:8 http://127.0.0.1:12990/debian sid/main amd64 libobjc-9-dev amd64 9.2.1-29 [219 kB]
Get:9 http://127.0.0.1:12990/debian sid/main amd64 libc6-i386 amd64 2.29-10 [2918 kB]
Get:10 http://127.0.0.1:12990/debian sid/main amd64 lib32gcc-s1 amd64 10-20200222-1 [49.4 kB]
Get:11 http://127.0.0.1:12990/debian sid/main amd64 lib32gcc1 amd64 1:10-20200222-1 [1104 B]
Get:12 http://127.0.0.1:12990/debian sid/main amd64 lib32stdc++6 amd64 10-20200222-1 [510 kB]
Get:13 http://127.0.0.1:12990/debian sid/main amd64 libclang-common-10-dev amd64 1:10.0.0~+rc2-1 [2782 kB]
Get:14 http://127.0.0.1:12990/debian sid/main amd64 libclang1-10 amd64 1:10.0.0~+rc2-1 [7607 kB]
Get:15 http://127.0.0.1:12990/debian sid/main amd64 clang-10 amd64 1:10.0.0~+rc2-1 [103 kB]
Get:16 http://127.0.0.1:12990/debian sid/main amd64 libomp5-10 amd64 1:10.0.0~+rc2-1 [337 kB]
Get:17 http://127.0.0.1:12990/debian sid/main amd64 libomp-10-dev amd64 1:10.0.0~+rc2-1 [84.3 kB]
debconf: delaying package configuration, since apt-utils is not installed
Fetched 46.4 MB in 3s (17.7 MB/s)
Selecting previously unselected package libbsd0:amd64.
(Reading database ... (Reading database ... 5%(Reading database ... 10%(Reading database ... 15%(Reading database ... 20%(Reading database ... 25%(Reading database ... 30%(Reading database ... 35%(Reading database ... 40%(Reading database ... 45%(Reading database ... 50%(Reading database ... 55%(Reading database ... 60%(Reading database ... 65%(Reading database ... 70%(Reading database ... 75%(Reading database ... 80%(Reading database ... 85%(Reading database ... 90%(Reading database ... 95%(Reading database ... 100%(Reading database ... 12119 files and directories currently installed.)
Preparing to unpack .../00-libbsd0_0.10.0-1_amd64.deb ...
Unpacking libbsd0:amd64 (0.10.0-1) ...
Selecting previously unselected package libedit2:amd64.
Preparing to unpack .../01-libedit2_3.1-20191231-1_amd64.deb ...
Unpacking libedit2:amd64 (3.1-20191231-1) ...
Selecting previously unselected package libz3-4:amd64.
Preparing to unpack .../02-libz3-4_4.8.7-4_amd64.deb ...
Unpacking libz3-4:amd64 (4.8.7-4) ...
Selecting previously unselected package libllvm10:amd64.
Preparing to unpack .../03-libllvm10_1%3a10.0.0~+rc2-1_amd64.deb ...
Unpacking libllvm10:amd64 (1:10.0.0~+rc2-1) ...
Selecting previously unselected package libclang-cpp10.
Preparing to unpack .../04-libclang-cpp10_1%3a10.0.0~+rc2-1_amd64.deb ...
Unpacking libclang-cpp10 (1:10.0.0~+rc2-1) ...
Selecting previously unselected package libgc1c2:amd64.
Preparing to unpack .../05-libgc1c2_1%3a7.6.4-0.4_amd64.deb ...
Unpacking libgc1c2:amd64 (1:7.6.4-0.4) ...
Selecting previously unselected package libobjc4:amd64.
Preparing to unpack .../06-libobjc4_10-20200222-1_amd64.deb ...
Unpacking libobjc4:amd64 (10-20200222-1) ...
Selecting previously unselected package libobjc-9-dev:amd64.
Preparing to unpack .../07-libobjc-9-dev_9.2.1-29_amd64.deb ...
Unpacking libobjc-9-dev:amd64 (9.2.1-29) ...
Selecting previously unselected package libc6-i386.
Preparing to unpack .../08-libc6-i386_2.29-10_amd64.deb ...
Unpacking libc6-i386 (2.29-10) ...
Selecting previously unselected package lib32gcc-s1.
Preparing to unpack .../09-lib32gcc-s1_10-20200222-1_amd64.deb ...
Unpacking lib32gcc-s1 (10-20200222-1) ...
Selecting previously unselected package lib32gcc1.
Preparing to unpack .../10-lib32gcc1_1%3a10-20200222-1_amd64.deb ...
Unpacking lib32gcc1 (1:10-20200222-1) ...
Selecting previously unselected package lib32stdc++6.
Preparing to unpack .../11-lib32stdc++6_10-20200222-1_amd64.deb ...
Unpacking lib32stdc++6 (10-20200222-1) ...
Selecting previously unselected package libclang-common-10-dev.
Preparing to unpack .../12-libclang-common-10-dev_1%3a10.0.0~+rc2-1_amd64.deb ...
Unpacking libclang-common-10-dev (1:10.0.0~+rc2-1) ...
Selecting previously unselected package libclang1-10.
Preparing to unpack .../13-libclang1-10_1%3a10.0.0~+rc2-1_amd64.deb ...
Unpacking libclang1-10 (1:10.0.0~+rc2-1) ...
Selecting previously unselected package clang-10.
Preparing to unpack .../14-clang-10_1%3a10.0.0~+rc2-1_amd64.deb ...
Unpacking clang-10 (1:10.0.0~+rc2-1) ...
Selecting previously unselected package libomp5-10:amd64.
Preparing to unpack .../15-libomp5-10_1%3a10.0.0~+rc2-1_amd64.deb ...
Unpacking libomp5-10:amd64 (1:10.0.0~+rc2-1) ...
Selecting previously unselected package libomp-10-dev.
Preparing to unpack .../16-libomp-10-dev_1%3a10.0.0~+rc2-1_amd64.deb ...
Unpacking libomp-10-dev (1:10.0.0~+rc2-1) ...
Setting up libgc1c2:amd64 (1:7.6.4-0.4) ...
Setting up libobjc4:amd64 (10-20200222-1) ...
Setting up libz3-4:amd64 (4.8.7-4) ...
Setting up libobjc-9-dev:amd64 (9.2.1-29) ...
Setting up libomp5-10:amd64 (1:10.0.0~+rc2-1) ...
Setting up libc6-i386 (2.29-10) ...
Setting up libbsd0:amd64 (0.10.0-1) ...
Setting up libomp-10-dev (1:10.0.0~+rc2-1) ...
Setting up libedit2:amd64 (3.1-20191231-1) ...
Setting up libllvm10:amd64 (1:10.0.0~+rc2-1) ...
Setting up lib32gcc-s1 (10-20200222-1) ...
Setting up libclang1-10 (1:10.0.0~+rc2-1) ...
Setting up lib32gcc1 (1:10-20200222-1) ...
Setting up libclang-cpp10 (1:10.0.0~+rc2-1) ...
Setting up lib32stdc++6 (10-20200222-1) ...
Setting up libclang-common-10-dev (1:10.0.0~+rc2-1) ...
Setting up clang-10 (1:10.0.0~+rc2-1) ...
Processing triggers for libc-bin (2.29-10) ...
W: --force-yes is deprecated, use one of the options starting with --allow instead.
+ echo 'Replace gcc, g++ & cpp by clang'
Replace gcc, g++ & cpp by clang
+ VERSIONS='4.6 4.7 4.8 4.9 5 6 7 8 9 10'
+ cd /usr/bin
+ for VERSION in $VERSIONS
+ rm -f g++-4.6 gcc-4.6 cpp-4.6 gcc
+ ln -s clang++-10 g++-4.6
+ ln -s clang-10 gcc-4.6
+ ln -s clang-10 cpp-4.6
+ ln -s clang-10 gcc
+ echo 'gcc-4.6 hold'
+ dpkg --set-selections
dpkg: warning: package not in status nor available database at line 1: gcc-4.6
dpkg: warning: found unknown packages; this might mean the available database
is outdated, and needs to be updated through a frontend method;
please see the FAQ <https://wiki.debian.org/Teams/Dpkg/FAQ>
+ dpkg --set-selections
+ echo 'g++-4.6 hold'
dpkg: warning: package not in status nor available database at line 1: g++-4.6
dpkg: warning: found unknown packages; this might mean the available database
is outdated, and needs to be updated through a frontend method;
please see the FAQ <https://wiki.debian.org/Teams/Dpkg/FAQ>
+ for VERSION in $VERSIONS
+ rm -f g++-4.7 gcc-4.7 cpp-4.7 gcc
+ ln -s clang++-10 g++-4.7
+ ln -s clang-10 gcc-4.7
+ ln -s clang-10 cpp-4.7
+ ln -s clang-10 gcc
+ echo 'gcc-4.7 hold'
+ dpkg --set-selections
dpkg: warning: package not in status nor available database at line 1: gcc-4.7
dpkg: warning: found unknown packages; this might mean the available database
is outdated, and needs to be updated through a frontend method;
please see the FAQ <https://wiki.debian.org/Teams/Dpkg/FAQ>
+ echo 'g++-4.7 hold'
+ dpkg --set-selections
dpkg: warning: package not in status nor available database at line 1: g++-4.7
dpkg: warning: found unknown packages; this might mean the available database
is outdated, and needs to be updated through a frontend method;
please see the FAQ <https://wiki.debian.org/Teams/Dpkg/FAQ>
+ for VERSION in $VERSIONS
+ rm -f g++-4.8 gcc-4.8 cpp-4.8 gcc
+ ln -s clang++-10 g++-4.8
+ ln -s clang-10 gcc-4.8
+ ln -s clang-10 cpp-4.8
+ ln -s clang-10 gcc
+ echo 'gcc-4.8 hold'
+ dpkg --set-selections
dpkg: warning: package not in status nor available database at line 1: gcc-4.8
dpkg: warning: found unknown packages; this might mean the available database
is outdated, and needs to be updated through a frontend method;
please see the FAQ <https://wiki.debian.org/Teams/Dpkg/FAQ>
+ echo 'g++-4.8 hold'
+ dpkg --set-selections
dpkg: warning: package not in status nor available database at line 1: g++-4.8
dpkg: warning: found unknown packages; this might mean the available database
is outdated, and needs to be updated through a frontend method;
please see the FAQ <https://wiki.debian.org/Teams/Dpkg/FAQ>
+ for VERSION in $VERSIONS
+ rm -f g++-4.9 gcc-4.9 cpp-4.9 gcc
+ ln -s clang++-10 g++-4.9
+ ln -s clang-10 gcc-4.9
+ ln -s clang-10 cpp-4.9
+ ln -s clang-10 gcc
+ echo 'gcc-4.9 hold'
+ dpkg --set-selections
dpkg: warning: package not in status nor available database at line 1: gcc-4.9
dpkg: warning: found unknown packages; this might mean the available database
is outdated, and needs to be updated through a frontend method;
please see the FAQ <https://wiki.debian.org/Teams/Dpkg/FAQ>
+ echo 'g++-4.9 hold'
+ dpkg --set-selections
dpkg: warning: package not in status nor available database at line 1: g++-4.9
dpkg: warning: found unknown packages; this might mean the available database
is outdated, and needs to be updated through a frontend method;
please see the FAQ <https://wiki.debian.org/Teams/Dpkg/FAQ>
+ for VERSION in $VERSIONS
+ rm -f g++-5 gcc-5 cpp-5 gcc
+ ln -s clang++-10 g++-5
+ ln -s clang-10 gcc-5
+ ln -s clang-10 cpp-5
+ ln -s clang-10 gcc
+ echo 'gcc-5 hold'
+ dpkg --set-selections
dpkg: warning: package not in status nor available database at line 1: gcc-5
dpkg: warning: found unknown packages; this might mean the available database
is outdated, and needs to be updated through a frontend method;
please see the FAQ <https://wiki.debian.org/Teams/Dpkg/FAQ>
+ echo 'g++-5 hold'
+ dpkg --set-selections
dpkg: warning: package not in status nor available database at line 1: g++-5
dpkg: warning: found unknown packages; this might mean the available database
is outdated, and needs to be updated through a frontend method;
please see the FAQ <https://wiki.debian.org/Teams/Dpkg/FAQ>
+ for VERSION in $VERSIONS
+ rm -f g++-6 gcc-6 cpp-6 gcc
+ ln -s clang++-10 g++-6
+ ln -s clang-10 gcc-6
+ ln -s clang-10 cpp-6
+ ln -s clang-10 gcc
+ echo 'gcc-6 hold'
+ dpkg --set-selections
dpkg: warning: package not in status nor available database at line 1: gcc-6
dpkg: warning: found unknown packages; this might mean the available database
is outdated, and needs to be updated through a frontend method;
please see the FAQ <https://wiki.debian.org/Teams/Dpkg/FAQ>
+ echo 'g++-6 hold'
+ dpkg --set-selections
dpkg: warning: package not in status nor available database at line 1: g++-6
dpkg: warning: found unknown packages; this might mean the available database
is outdated, and needs to be updated through a frontend method;
please see the FAQ <https://wiki.debian.org/Teams/Dpkg/FAQ>
+ for VERSION in $VERSIONS
+ rm -f g++-7 gcc-7 cpp-7 gcc
+ ln -s clang++-10 g++-7
+ ln -s clang-10 gcc-7
+ ln -s clang-10 cpp-7
+ ln -s clang-10 gcc
+ echo 'gcc-7 hold'
+ dpkg --set-selections
dpkg: warning: package not in status nor available database at line 1: gcc-7
dpkg: warning: found unknown packages; this might mean the available database
is outdated, and needs to be updated through a frontend method;
please see the FAQ <https://wiki.debian.org/Teams/Dpkg/FAQ>
+ echo 'g++-7 hold'
+ dpkg --set-selections
dpkg: warning: package not in status nor available database at line 1: g++-7
dpkg: warning: found unknown packages; this might mean the available database
is outdated, and needs to be updated through a frontend method;
please see the FAQ <https://wiki.debian.org/Teams/Dpkg/FAQ>
+ for VERSION in $VERSIONS
+ rm -f g++-8 gcc-8 cpp-8 gcc
+ ln -s clang++-10 g++-8
+ ln -s clang-10 gcc-8
+ ln -s clang-10 cpp-8
+ ln -s clang-10 gcc
+ echo 'gcc-8 hold'
+ dpkg --set-selections
dpkg: warning: package not in status nor available database at line 1: gcc-8
dpkg: warning: found unknown packages; this might mean the available database
is outdated, and needs to be updated through a frontend method;
please see the FAQ <https://wiki.debian.org/Teams/Dpkg/FAQ>
+ echo 'g++-8 hold'
+ dpkg --set-selections
dpkg: warning: package not in status nor available database at line 1: g++-8
dpkg: warning: found unknown packages; this might mean the available database
is outdated, and needs to be updated through a frontend method;
please see the FAQ <https://wiki.debian.org/Teams/Dpkg/FAQ>
+ for VERSION in $VERSIONS
+ rm -f g++-9 gcc-9 cpp-9 gcc
+ ln -s clang++-10 g++-9
+ ln -s clang-10 gcc-9
+ ln -s clang-10 cpp-9
+ ln -s clang-10 gcc
+ echo 'gcc-9 hold'
+ dpkg --set-selections
+ echo 'g++-9 hold'
+ dpkg --set-selections
+ for VERSION in $VERSIONS
+ rm -f g++-10 gcc-10 cpp-10 gcc
+ ln -s clang++-10 g++-10
+ ln -s clang-10 gcc-10
+ ln -s clang-10 cpp-10
+ ln -s clang-10 gcc
+ echo 'gcc-10 hold'
+ dpkg --set-selections
dpkg: warning: package not in status nor available database at line 1: gcc-10
dpkg: warning: found unknown packages; this might mean the available database
is outdated, and needs to be updated through a frontend method;
please see the FAQ <https://wiki.debian.org/Teams/Dpkg/FAQ>
+ echo 'g++-10 hold'
+ dpkg --set-selections
dpkg: warning: package not in status nor available database at line 1: g++-10
dpkg: warning: found unknown packages; this might mean the available database
is outdated, and needs to be updated through a frontend method;
please see the FAQ <https://wiki.debian.org/Teams/Dpkg/FAQ>
+ cd -
/build/php-gmagick-2Vjcg2
+ echo 'Check if gcc, g++ & cpp are actually clang'
Check if gcc, g++ & cpp are actually clang
+ gcc --version
+ grep clang
+ cpp --version
+ grep clang
+ g++ --version
+ grep clang

I: Finished running '/tmp/clang10'.

Finished processing commands.
--------------------------------------------------------------------------------
I: NOTICE: Log filtering will replace 'build/php-gmagick-2Vjcg2/resolver-ud7tev' with '<<RESOLVERDIR>>'

+------------------------------------------------------------------------------+
| Update chroot                                                                |
+------------------------------------------------------------------------------+

Hit:1 http://127.0.0.1:12990/debian sid InRelease
Reading package lists...
Reading package lists...
Building dependency tree...
Reading state information...
Calculating upgrade...
The following packages will be upgraded:
  libgmp10 zlib1g
2 upgraded, 0 newly installed, 0 to remove and 0 not upgraded.
Need to get 343 kB of archives.
After this operation, 0 B of additional disk space will be used.
Get:1 http://127.0.0.1:12990/debian sid/main amd64 libgmp10 amd64 2:6.2.0+dfsg-4 [253 kB]
Get:2 http://127.0.0.1:12990/debian sid/main amd64 zlib1g amd64 1:1.2.11.dfsg-2 [90.4 kB]
debconf: delaying package configuration, since apt-utils is not installed
Fetched 343 kB in 0s (2566 kB/s)
(Reading database ... (Reading database ... 5%(Reading database ... 10%(Reading database ... 15%(Reading database ... 20%(Reading database ... 25%(Reading database ... 30%(Reading database ... 35%(Reading database ... 40%(Reading database ... 45%(Reading database ... 50%(Reading database ... 55%(Reading database ... 60%(Reading database ... 65%(Reading database ... 70%(Reading database ... 75%(Reading database ... 80%(Reading database ... 85%(Reading database ... 90%(Reading database ... 95%(Reading database ... 100%(Reading database ... 12960 files and directories currently installed.)
Preparing to unpack .../libgmp10_2%3a6.2.0+dfsg-4_amd64.deb ...
Unpacking libgmp10:amd64 (2:6.2.0+dfsg-4) over (2:6.2.0+dfsg-3) ...
Setting up libgmp10:amd64 (2:6.2.0+dfsg-4) ...
(Reading database ... (Reading database ... 5%(Reading database ... 10%(Reading database ... 15%(Reading database ... 20%(Reading database ... 25%(Reading database ... 30%(Reading database ... 35%(Reading database ... 40%(Reading database ... 45%(Reading database ... 50%(Reading database ... 55%(Reading database ... 60%(Reading database ... 65%(Reading database ... 70%(Reading database ... 75%(Reading database ... 80%(Reading database ... 85%(Reading database ... 90%(Reading database ... 95%(Reading database ... 100%(Reading database ... 12960 files and directories currently installed.)
Preparing to unpack .../zlib1g_1%3a1.2.11.dfsg-2_amd64.deb ...
Unpacking zlib1g:amd64 (1:1.2.11.dfsg-2) over (1:1.2.11.dfsg-1.2) ...
Setting up zlib1g:amd64 (1:1.2.11.dfsg-2) ...
Processing triggers for libc-bin (2.29-10) ...

+------------------------------------------------------------------------------+
| Fetch source files                                                           |
+------------------------------------------------------------------------------+


Check APT
---------

Checking available source versions...

Download source files with APT
------------------------------

Reading package lists...
NOTICE: 'php-gmagick' packaging is maintained in the 'Git' version control system at:
https://salsa.debian.org/php-team/pecl/php-gmagick.git
Please use:
git clone https://salsa.debian.org/php-team/pecl/php-gmagick.git
to retrieve the latest (possibly unreleased) updates to the package.
Need to get 116 kB of source archives.
Get:1 http://127.0.0.1:12990/debian sid/main php-gmagick 2.0.5~rc1+1.1.7~rc3-5 (dsc) [2232 B]
Get:2 http://127.0.0.1:12990/debian sid/main php-gmagick 2.0.5~rc1+1.1.7~rc3-5 (tar) [109 kB]
Get:3 http://127.0.0.1:12990/debian sid/main php-gmagick 2.0.5~rc1+1.1.7~rc3-5 (diff) [4340 B]
Fetched 116 kB in 0s (362 kB/s)
Download complete and in download only mode
I: NOTICE: Log filtering will replace 'build/php-gmagick-2Vjcg2/php-gmagick-2.0.5~rc1+1.1.7~rc3' with '<<PKGBUILDDIR>>'
I: NOTICE: Log filtering will replace 'build/php-gmagick-2Vjcg2' with '<<BUILDDIR>>'

+------------------------------------------------------------------------------+
| Install package build dependencies                                           |
+------------------------------------------------------------------------------+


Setup apt archive
-----------------

Merged Build-Depends: debhelper (>= 9), dh-php (>= 0.33~), libgraphicsmagick1-dev (>= 1.3.20~), php-all-dev, build-essential, fakeroot
Filtered Build-Depends: debhelper (>= 9), dh-php (>= 0.33~), libgraphicsmagick1-dev (>= 1.3.20~), php-all-dev, build-essential, fakeroot
dpkg-deb: building package 'sbuild-build-depends-main-dummy' in '/<<RESOLVERDIR>>/apt_archive/sbuild-build-depends-main-dummy.deb'.
Ign:1 copy:/<<RESOLVERDIR>>/apt_archive ./ InRelease
Get:2 copy:/<<RESOLVERDIR>>/apt_archive ./ Release [957 B]
Ign:3 copy:/<<RESOLVERDIR>>/apt_archive ./ Release.gpg
Get:4 copy:/<<RESOLVERDIR>>/apt_archive ./ Sources [406 B]
Get:5 copy:/<<RESOLVERDIR>>/apt_archive ./ Packages [491 B]
Fetched 1854 B in 0s (0 B/s)
Reading package lists...
Reading package lists...

Install main build dependencies (apt-based resolver)
----------------------------------------------------

Installing build dependencies
Reading package lists...
Building dependency tree...
Reading state information...
The following additional packages will be installed:
  autoconf automake autopoint autotools-dev bsdmainutils debhelper
  dh-autoreconf dh-php dh-strip-nondeterminism dwz file gettext gettext-base
  groff-base icu-devtools intltool-debian libarchive-zip-perl libargon2-1
  libbz2-dev libcroco3 libdebhelper-perl libelf1 libexif-dev libexif12
  libexpat1 libexporter-tiny-perl libfile-stripnondeterminism-perl
  libfreetype-dev libfreetype6 libfreetype6-dev libglib2.0-0
  libgraphicsmagick-q16-3 libgraphicsmagick1-dev libice-dev libice6 libicu-dev
  libicu63 libjbig-dev libjbig0 libjpeg-dev libjpeg62-turbo
  libjpeg62-turbo-dev liblcms2-2 liblcms2-dev liblist-moreutils-perl
  libltdl-dev libltdl7 liblzma-dev libmagic-mgc libmagic1 libpcre2-16-0
  libpcre2-32-0 libpcre2-dev libpcre2-posix2 libpipeline1 libpng-dev
  libpng16-16 libpthread-stubs0-dev libsigsegv2 libsm-dev libsm6 libsodium23
  libssl-dev libssl1.1 libsub-override-perl libtiff-dev libtiff5 libtiffxx5
  libtool libuchardet0 libwebp-dev libwebp6 libwebpdemux2 libwebpmux3
  libwmf-dev libwmf0.2-7 libx11-6 libx11-data libx11-dev libxau-dev libxau6
  libxcb1 libxcb1-dev libxdmcp-dev libxdmcp6 libxext-dev libxext6 libxml2
  libxml2-dev libzstd-dev m4 man-db mime-support php-all-dev php-common
  php7.3-cli php7.3-common php7.3-dev php7.3-json php7.3-opcache
  php7.3-readline php7.4-cli php7.4-common php7.4-dev php7.4-json
  php7.4-opcache php7.4-readline po-debconf psmisc sensible-utils shtool ucf
  x11-common x11proto-core-dev x11proto-dev x11proto-xext-dev xml2
  xorg-sgml-doctools xtrans-dev zlib1g-dev
Suggested packages:
  autoconf-archive gnu-standards autoconf-doc wamerican | wordlist whois
  vacation dh-make gettext-doc libasprintf-dev libgettextpo-dev groff
  freetype2-doc graphicsmagick-dbg graphicsmagick libice-doc icu-doc
  liblcms2-utils libtool-doc liblzma-doc libsm-doc libssl-doc gfortran
  | fortran95-compiler gcj-jdk libwmf-doc libwmf0.2-7-gtk libx11-doc
  libxcb-doc libxext-doc pkg-config m4-doc apparmor less www-browser php-pear
  libmail-box-perl
Recommended packages:
  curl | wget | lynx bzip2-doc libexif-doc libarchive-cpio-perl
  libglib2.0-data shared-mime-info xdg-user-dirs ghostscript gsfonts
  libpng-tools pkg-php-tools libmail-sendmail-perl
The following NEW packages will be installed:
  autoconf automake autopoint autotools-dev bsdmainutils debhelper
  dh-autoreconf dh-php dh-strip-nondeterminism dwz file gettext gettext-base
  groff-base icu-devtools intltool-debian libarchive-zip-perl libargon2-1
  libbz2-dev libcroco3 libdebhelper-perl libelf1 libexif-dev libexif12
  libexpat1 libexporter-tiny-perl libfile-stripnondeterminism-perl
  libfreetype-dev libfreetype6 libfreetype6-dev libglib2.0-0
  libgraphicsmagick-q16-3 libgraphicsmagick1-dev libice-dev libice6 libicu-dev
  libicu63 libjbig-dev libjbig0 libjpeg-dev libjpeg62-turbo
  libjpeg62-turbo-dev liblcms2-2 liblcms2-dev liblist-moreutils-perl
  libltdl-dev libltdl7 liblzma-dev libmagic-mgc libmagic1 libpcre2-16-0
  libpcre2-32-0 libpcre2-dev libpcre2-posix2 libpipeline1 libpng-dev
  libpng16-16 libpthread-stubs0-dev libsigsegv2 libsm-dev libsm6 libsodium23
  libssl-dev libssl1.1 libsub-override-perl libtiff-dev libtiff5 libtiffxx5
  libtool libuchardet0 libwebp-dev libwebp6 libwebpdemux2 libwebpmux3
  libwmf-dev libwmf0.2-7 libx11-6 libx11-data libx11-dev libxau-dev libxau6
  libxcb1 libxcb1-dev libxdmcp-dev libxdmcp6 libxext-dev libxext6 libxml2
  libxml2-dev libzstd-dev m4 man-db mime-support php-all-dev php-common
  php7.3-cli php7.3-common php7.3-dev php7.3-json php7.3-opcache
  php7.3-readline php7.4-cli php7.4-common php7.4-dev php7.4-json
  php7.4-opcache php7.4-readline po-debconf psmisc
  sbuild-build-depends-main-dummy sensible-utils shtool ucf x11-common
  x11proto-core-dev x11proto-dev x11proto-xext-dev xml2 xorg-sgml-doctools
  xtrans-dev zlib1g-dev
0 upgraded, 121 newly installed, 0 to remove and 0 not upgraded.
Need to get 61.8 MB of archives.
After this operation, 221 MB of additional disk space will be used.
Get:1 copy:/<<RESOLVERDIR>>/apt_archive ./ sbuild-build-depends-main-dummy 0.invalid.0 [916 B]
Get:2 http://127.0.0.1:12990/debian sid/main amd64 bsdmainutils amd64 11.1.2+b1 [191 kB]
Get:3 http://127.0.0.1:12990/debian sid/main amd64 libuchardet0 amd64 0.0.6-3 [64.9 kB]
Get:4 http://127.0.0.1:12990/debian sid/main amd64 groff-base amd64 1.22.4-4 [919 kB]
Get:5 http://127.0.0.1:12990/debian sid/main amd64 libpipeline1 amd64 1.5.2-2 [33.9 kB]
Get:6 http://127.0.0.1:12990/debian sid/main amd64 man-db amd64 2.9.0-2 [1307 kB]
Get:7 http://127.0.0.1:12990/debian sid/main amd64 sensible-utils all 0.0.12+nmu1 [16.0 kB]
Get:8 http://127.0.0.1:12990/debian sid/main amd64 libmagic-mgc amd64 1:5.38-4 [262 kB]
Get:9 http://127.0.0.1:12990/debian sid/main amd64 libmagic1 amd64 1:5.38-4 [120 kB]
Get:10 http://127.0.0.1:12990/debian sid/main amd64 file amd64 1:5.38-4 [67.9 kB]
Get:11 http://127.0.0.1:12990/debian sid/main amd64 gettext-base amd64 0.19.8.1-10 [123 kB]
Get:12 http://127.0.0.1:12990/debian sid/main amd64 mime-support all 3.64 [37.8 kB]
Get:13 http://127.0.0.1:12990/debian sid/main amd64 ucf all 3.0038+nmu1 [69.0 kB]
Get:14 http://127.0.0.1:12990/debian sid/main amd64 libsigsegv2 amd64 2.12-2 [32.8 kB]
Get:15 http://127.0.0.1:12990/debian sid/main amd64 m4 amd64 1.4.18-4 [203 kB]
Get:16 http://127.0.0.1:12990/debian sid/main amd64 autoconf all 2.69-11.1 [341 kB]
Get:17 http://127.0.0.1:12990/debian sid/main amd64 autotools-dev all 20180224.1 [77.0 kB]
Get:18 http://127.0.0.1:12990/debian sid/main amd64 automake all 1:1.16.1-4 [771 kB]
Get:19 http://127.0.0.1:12990/debian sid/main amd64 autopoint all 0.19.8.1-10 [435 kB]
Get:20 http://127.0.0.1:12990/debian sid/main amd64 libtool all 2.4.6-13 [513 kB]
Get:21 http://127.0.0.1:12990/debian sid/main amd64 dh-autoreconf all 19 [16.9 kB]
Get:22 http://127.0.0.1:12990/debian sid/main amd64 libdebhelper-perl all 12.9 [183 kB]
Get:23 http://127.0.0.1:12990/debian sid/main amd64 libarchive-zip-perl all 1.67-1 [104 kB]
Get:24 http://127.0.0.1:12990/debian sid/main amd64 libsub-override-perl all 0.09-2 [10.2 kB]
Get:25 http://127.0.0.1:12990/debian sid/main amd64 libfile-stripnondeterminism-perl all 1.6.3-2 [23.7 kB]
Get:26 http://127.0.0.1:12990/debian sid/main amd64 dh-strip-nondeterminism all 1.6.3-2 [14.7 kB]
Get:27 http://127.0.0.1:12990/debian sid/main amd64 libelf1 amd64 0.176-1.1 [161 kB]
Get:28 http://127.0.0.1:12990/debian sid/main amd64 dwz amd64 0.13-5 [151 kB]
Get:29 http://127.0.0.1:12990/debian sid/main amd64 libglib2.0-0 amd64 2.62.4-2 [1319 kB]
Get:30 http://127.0.0.1:12990/debian sid/main amd64 libicu63 amd64 63.2-2 [8301 kB]
Get:31 http://127.0.0.1:12990/debian sid/main amd64 libxml2 amd64 2.9.10+dfsg-3 [709 kB]
Get:32 http://127.0.0.1:12990/debian sid/main amd64 libcroco3 amd64 0.6.13-1 [146 kB]
Get:33 http://127.0.0.1:12990/debian sid/main amd64 gettext amd64 0.19.8.1-10 [1303 kB]
Get:34 http://127.0.0.1:12990/debian sid/main amd64 intltool-debian all 0.35.0+20060710.5 [26.8 kB]
Get:35 http://127.0.0.1:12990/debian sid/main amd64 po-debconf all 1.0.21 [248 kB]
Get:36 http://127.0.0.1:12990/debian sid/main amd64 debhelper all 12.9 [994 kB]
Get:37 http://127.0.0.1:12990/debian sid/main amd64 libexporter-tiny-perl all 1.002001-1 [36.9 kB]
Get:38 http://127.0.0.1:12990/debian sid/main amd64 liblist-moreutils-perl amd64 0.416-1+b5 [63.6 kB]
Get:39 http://127.0.0.1:12990/debian sid/main amd64 xml2 amd64 0.5-3 [14.2 kB]
Get:40 http://127.0.0.1:12990/debian sid/main amd64 dh-php all 0.35 [14.0 kB]
Get:41 http://127.0.0.1:12990/debian sid/main amd64 icu-devtools amd64 63.2-2 [189 kB]
Get:42 http://127.0.0.1:12990/debian sid/main amd64 libargon2-1 amd64 0~20171227-0.2 [19.6 kB]
Get:43 http://127.0.0.1:12990/debian sid/main amd64 libbz2-dev amd64 1.0.8-2 [30.1 kB]
Get:44 http://127.0.0.1:12990/debian sid/main amd64 libexif12 amd64 0.6.21-6 [325 kB]
Get:45 http://127.0.0.1:12990/debian sid/main amd64 libexif-dev amd64 0.6.21-6 [112 kB]
Get:46 http://127.0.0.1:12990/debian sid/main amd64 libexpat1 amd64 2.2.9-1 [94.3 kB]
Get:47 http://127.0.0.1:12990/debian sid/main amd64 libpng16-16 amd64 1.6.37-2 [292 kB]
Get:48 http://127.0.0.1:12990/debian sid/main amd64 libfreetype6 amd64 2.10.1-2 [392 kB]
Get:49 http://127.0.0.1:12990/debian sid/main amd64 zlib1g-dev amd64 1:1.2.11.dfsg-2 [190 kB]
Get:50 http://127.0.0.1:12990/debian sid/main amd64 libpng-dev amd64 1.6.37-2 [295 kB]
Get:51 http://127.0.0.1:12990/debian sid/main amd64 libfreetype-dev amd64 2.10.1-2 [545 kB]
Get:52 http://127.0.0.1:12990/debian sid/main amd64 libfreetype6-dev amd64 2.10.1-2 [63.8 kB]
Get:53 http://127.0.0.1:12990/debian sid/main amd64 libjbig0 amd64 2.1-3.1+b2 [31.0 kB]
Get:54 http://127.0.0.1:12990/debian sid/main amd64 libjpeg62-turbo amd64 1:1.5.2-2+b1 [134 kB]
Get:55 http://127.0.0.1:12990/debian sid/main amd64 libwebp6 amd64 0.6.1-2+b1 [261 kB]
Get:56 http://127.0.0.1:12990/debian sid/main amd64 libtiff5 amd64 4.1.0+git191117-2 [271 kB]
Get:57 http://127.0.0.1:12990/debian sid/main amd64 liblcms2-2 amd64 2.9-4 [146 kB]
Get:58 http://127.0.0.1:12990/debian sid/main amd64 libwebpmux3 amd64 0.6.1-2+b1 [97.9 kB]
Get:59 http://127.0.0.1:12990/debian sid/main amd64 libxau6 amd64 1:1.0.8-1+b2 [19.9 kB]
Get:60 http://127.0.0.1:12990/debian sid/main amd64 libxdmcp6 amd64 1:1.1.2-3 [26.3 kB]
Get:61 http://127.0.0.1:12990/debian sid/main amd64 libxcb1 amd64 1.13.1-5 [137 kB]
Get:62 http://127.0.0.1:12990/debian sid/main amd64 libx11-data all 2:1.6.8-1 [298 kB]
Get:63 http://127.0.0.1:12990/debian sid/main amd64 libx11-6 amd64 2:1.6.8-1 [756 kB]
Get:64 http://127.0.0.1:12990/debian sid/main amd64 libwmf0.2-7 amd64 0.2.8.4-17 [165 kB]
Get:65 http://127.0.0.1:12990/debian sid/main amd64 libxext6 amd64 2:1.3.3-1+b2 [52.5 kB]
Get:66 http://127.0.0.1:12990/debian sid/main amd64 libgraphicsmagick-q16-3 amd64 1.4+really1.3.35-1 [1158 kB]
Get:67 http://127.0.0.1:12990/debian sid/main amd64 libjpeg62-turbo-dev amd64 1:1.5.2-2+b1 [208 kB]
Get:68 http://127.0.0.1:12990/debian sid/main amd64 libjpeg-dev all 1:1.5.2-2 [57.5 kB]
Get:69 http://127.0.0.1:12990/debian sid/main amd64 liblcms2-dev amd64 2.9-4 [9103 kB]
Get:70 http://127.0.0.1:12990/debian sid/main amd64 xorg-sgml-doctools all 1:1.11-1 [21.9 kB]
Get:71 http://127.0.0.1:12990/debian sid/main amd64 x11proto-dev all 2018.4-4 [251 kB]
Get:72 http://127.0.0.1:12990/debian sid/main amd64 x11proto-core-dev all 2018.4-4 [3128 B]
Get:73 http://127.0.0.1:12990/debian sid/main amd64 libxau-dev amd64 1:1.0.8-1+b2 [23.1 kB]
Get:74 http://127.0.0.1:12990/debian sid/main amd64 libxdmcp-dev amd64 1:1.1.2-3 [42.2 kB]
Get:75 http://127.0.0.1:12990/debian sid/main amd64 xtrans-dev all 1.3.5-1 [100 kB]
Get:76 http://127.0.0.1:12990/debian sid/main amd64 libpthread-stubs0-dev amd64 0.4-1 [5344 B]
Get:77 http://127.0.0.1:12990/debian sid/main amd64 libxcb1-dev amd64 1.13.1-5 [174 kB]
Get:78 http://127.0.0.1:12990/debian sid/main amd64 libx11-dev amd64 2:1.6.8-1 [822 kB]
Get:79 http://127.0.0.1:12990/debian sid/main amd64 libwmf-dev amd64 0.2.8.4-17 [190 kB]
Get:80 http://127.0.0.1:12990/debian sid/main amd64 x11-common all 1:7.7+20 [252 kB]
Get:81 http://127.0.0.1:12990/debian sid/main amd64 libice6 amd64 2:1.0.9-2 [58.7 kB]
Get:82 http://127.0.0.1:12990/debian sid/main amd64 libsm6 amd64 2:1.2.3-1 [35.1 kB]
Get:83 http://127.0.0.1:12990/debian sid/main amd64 libice-dev amd64 2:1.0.9-2 [66.8 kB]
Get:84 http://127.0.0.1:12990/debian sid/main amd64 libsm-dev amd64 2:1.2.3-1 [38.0 kB]
Get:85 http://127.0.0.1:12990/debian sid/main amd64 x11proto-xext-dev all 2018.4-4 [3128 B]
Get:86 http://127.0.0.1:12990/debian sid/main amd64 libxext-dev amd64 2:1.3.3-1+b2 [107 kB]
Get:87 http://127.0.0.1:12990/debian sid/main amd64 libicu-dev amd64 63.2-2 [9190 kB]
Get:88 http://127.0.0.1:12990/debian sid/main amd64 libxml2-dev amd64 2.9.10+dfsg-3 [805 kB]
Get:89 http://127.0.0.1:12990/debian sid/main amd64 libjbig-dev amd64 2.1-3.1+b2 [30.5 kB]
Get:90 http://127.0.0.1:12990/debian sid/main amd64 liblzma-dev amd64 5.2.4-1+b1 [211 kB]
Get:91 http://127.0.0.1:12990/debian sid/main amd64 libtiffxx5 amd64 4.1.0+git191117-2 [117 kB]
Get:92 http://127.0.0.1:12990/debian sid/main amd64 libtiff-dev amd64 4.1.0+git191117-2 [395 kB]
Get:93 http://127.0.0.1:12990/debian sid/main amd64 libltdl7 amd64 2.4.6-13 [390 kB]
Get:94 http://127.0.0.1:12990/debian sid/main amd64 libltdl-dev amd64 2.4.6-13 [162 kB]
Get:95 http://127.0.0.1:12990/debian sid/main amd64 libwebpdemux2 amd64 0.6.1-2+b1 [87.7 kB]
Get:96 http://127.0.0.1:12990/debian sid/main amd64 libwebp-dev amd64 0.6.1-2+b1 [344 kB]
Get:97 http://127.0.0.1:12990/debian sid/main amd64 libzstd-dev amd64 1.4.4+dfsg-3 [300 kB]
Get:98 http://127.0.0.1:12990/debian sid/main amd64 libgraphicsmagick1-dev amd64 1.4+really1.3.35-1 [1398 kB]
Get:99 http://127.0.0.1:12990/debian sid/main amd64 libpcre2-16-0 amd64 10.34-7 [219 kB]
Get:100 http://127.0.0.1:12990/debian sid/main amd64 libpcre2-32-0 amd64 10.34-7 [208 kB]
Get:101 http://127.0.0.1:12990/debian sid/main amd64 libpcre2-posix2 amd64 10.34-7 [45.2 kB]
Get:102 http://127.0.0.1:12990/debian sid/main amd64 libpcre2-dev amd64 10.34-7 [709 kB]
Get:103 http://127.0.0.1:12990/debian sid/main amd64 libsodium23 amd64 1.0.18-1 [161 kB]
Get:104 http://127.0.0.1:12990/debian sid/main amd64 libssl1.1 amd64 1.1.1d-2 [1540 kB]
Get:105 http://127.0.0.1:12990/debian sid/main amd64 libssl-dev amd64 1.1.1d-2 [1797 kB]
Get:106 http://127.0.0.1:12990/debian sid/main amd64 psmisc amd64 23.3-1 [131 kB]
Get:107 http://127.0.0.1:12990/debian sid/main amd64 php-common all 2:73 [15.4 kB]
Get:108 http://127.0.0.1:12990/debian sid/main amd64 php7.3-common amd64 7.3.15-3 [951 kB]
Get:109 http://127.0.0.1:12990/debian sid/main amd64 php7.3-json amd64 7.3.15-3 [18.8 kB]
Get:110 http://127.0.0.1:12990/debian sid/main amd64 php7.3-opcache amd64 7.3.15-3 [183 kB]
Get:111 http://127.0.0.1:12990/debian sid/main amd64 php7.3-readline amd64 7.3.15-3 [12.2 kB]
Get:112 http://127.0.0.1:12990/debian sid/main amd64 php7.3-cli amd64 7.3.15-3 [1409 kB]
Get:113 http://127.0.0.1:12990/debian sid/main amd64 shtool all 2.0.8-10 [135 kB]
Get:114 http://127.0.0.1:12990/debian sid/main amd64 php7.3-dev amd64 7.3.15-3 [573 kB]
Get:115 http://127.0.0.1:12990/debian sid/main amd64 php7.4-common amd64 7.4.3-4 [1001 kB]
Get:116 http://127.0.0.1:12990/debian sid/main amd64 php7.4-json amd64 7.4.3-4 [19.0 kB]
Get:117 http://127.0.0.1:12990/debian sid/main amd64 php7.4-opcache amd64 7.4.3-4 [198 kB]
Get:118 http://127.0.0.1:12990/debian sid/main amd64 php7.4-readline amd64 7.4.3-4 [12.4 kB]
Get:119 http://127.0.0.1:12990/debian sid/main amd64 php7.4-cli amd64 7.4.3-4 [1418 kB]
Get:120 http://127.0.0.1:12990/debian sid/main amd64 php7.4-dev amd64 7.4.3-4 [538 kB]
Get:121 http://127.0.0.1:12990/debian sid/main amd64 php-all-dev all 2:73 [6060 B]
debconf: delaying package configuration, since apt-utils is not installed
Fetched 61.8 MB in 6s (9822 kB/s)
Selecting previously unselected package bsdmainutils.
(Reading database ... 12960 files and directories currently installed.)
Preparing to unpack .../000-bsdmainutils_11.1.2+b1_amd64.deb ...
Unpacking bsdmainutils (11.1.2+b1) ...
Selecting previously unselected package libuchardet0:amd64.
Preparing to unpack .../001-libuchardet0_0.0.6-3_amd64.deb ...
Unpacking libuchardet0:amd64 (0.0.6-3) ...
Selecting previously unselected package groff-base.
Preparing to unpack .../002-groff-base_1.22.4-4_amd64.deb ...
Unpacking groff-base (1.22.4-4) ...
Selecting previously unselected package libpipeline1:amd64.
Preparing to unpack .../003-libpipeline1_1.5.2-2_amd64.deb ...
Unpacking libpipeline1:amd64 (1.5.2-2) ...
Selecting previously unselected package man-db.
Preparing to unpack .../004-man-db_2.9.0-2_amd64.deb ...
Unpacking man-db (2.9.0-2) ...
Selecting previously unselected package sensible-utils.
Preparing to unpack .../005-sensible-utils_0.0.12+nmu1_all.deb ...
Unpacking sensible-utils (0.0.12+nmu1) ...
Selecting previously unselected package libmagic-mgc.
Preparing to unpack .../006-libmagic-mgc_1%3a5.38-4_amd64.deb ...
Unpacking libmagic-mgc (1:5.38-4) ...
Selecting previously unselected package libmagic1:amd64.
Preparing to unpack .../007-libmagic1_1%3a5.38-4_amd64.deb ...
Unpacking libmagic1:amd64 (1:5.38-4) ...
Selecting previously unselected package file.
Preparing to unpack .../008-file_1%3a5.38-4_amd64.deb ...
Unpacking file (1:5.38-4) ...
Selecting previously unselected package gettext-base.
Preparing to unpack .../009-gettext-base_0.19.8.1-10_amd64.deb ...
Unpacking gettext-base (0.19.8.1-10) ...
Selecting previously unselected package mime-support.
Preparing to unpack .../010-mime-support_3.64_all.deb ...
Unpacking mime-support (3.64) ...
Selecting previously unselected package ucf.
Preparing to unpack .../011-ucf_3.0038+nmu1_all.deb ...
Moving old data out of the way
Unpacking ucf (3.0038+nmu1) ...
Selecting previously unselected package libsigsegv2:amd64.
Preparing to unpack .../012-libsigsegv2_2.12-2_amd64.deb ...
Unpacking libsigsegv2:amd64 (2.12-2) ...
Selecting previously unselected package m4.
Preparing to unpack .../013-m4_1.4.18-4_amd64.deb ...
Unpacking m4 (1.4.18-4) ...
Selecting previously unselected package autoconf.
Preparing to unpack .../014-autoconf_2.69-11.1_all.deb ...
Unpacking autoconf (2.69-11.1) ...
Selecting previously unselected package autotools-dev.
Preparing to unpack .../015-autotools-dev_20180224.1_all.deb ...
Unpacking autotools-dev (20180224.1) ...
Selecting previously unselected package automake.
Preparing to unpack .../016-automake_1%3a1.16.1-4_all.deb ...
Unpacking automake (1:1.16.1-4) ...
Selecting previously unselected package autopoint.
Preparing to unpack .../017-autopoint_0.19.8.1-10_all.deb ...
Unpacking autopoint (0.19.8.1-10) ...
Selecting previously unselected package libtool.
Preparing to unpack .../018-libtool_2.4.6-13_all.deb ...
Unpacking libtool (2.4.6-13) ...
Selecting previously unselected package dh-autoreconf.
Preparing to unpack .../019-dh-autoreconf_19_all.deb ...
Unpacking dh-autoreconf (19) ...
Selecting previously unselected package libdebhelper-perl.
Preparing to unpack .../020-libdebhelper-perl_12.9_all.deb ...
Unpacking libdebhelper-perl (12.9) ...
Selecting previously unselected package libarchive-zip-perl.
Preparing to unpack .../021-libarchive-zip-perl_1.67-1_all.deb ...
Unpacking libarchive-zip-perl (1.67-1) ...
Selecting previously unselected package libsub-override-perl.
Preparing to unpack .../022-libsub-override-perl_0.09-2_all.deb ...
Unpacking libsub-override-perl (0.09-2) ...
Selecting previously unselected package libfile-stripnondeterminism-perl.
Preparing to unpack .../023-libfile-stripnondeterminism-perl_1.6.3-2_all.deb ...
Unpacking libfile-stripnondeterminism-perl (1.6.3-2) ...
Selecting previously unselected package dh-strip-nondeterminism.
Preparing to unpack .../024-dh-strip-nondeterminism_1.6.3-2_all.deb ...
Unpacking dh-strip-nondeterminism (1.6.3-2) ...
Selecting previously unselected package libelf1:amd64.
Preparing to unpack .../025-libelf1_0.176-1.1_amd64.deb ...
Unpacking libelf1:amd64 (0.176-1.1) ...
Selecting previously unselected package dwz.
Preparing to unpack .../026-dwz_0.13-5_amd64.deb ...
Unpacking dwz (0.13-5) ...
Selecting previously unselected package libglib2.0-0:amd64.
Preparing to unpack .../027-libglib2.0-0_2.62.4-2_amd64.deb ...
Unpacking libglib2.0-0:amd64 (2.62.4-2) ...
Selecting previously unselected package libicu63:amd64.
Preparing to unpack .../028-libicu63_63.2-2_amd64.deb ...
Unpacking libicu63:amd64 (63.2-2) ...
Selecting previously unselected package libxml2:amd64.
Preparing to unpack .../029-libxml2_2.9.10+dfsg-3_amd64.deb ...
Unpacking libxml2:amd64 (2.9.10+dfsg-3) ...
Selecting previously unselected package libcroco3:amd64.
Preparing to unpack .../030-libcroco3_0.6.13-1_amd64.deb ...
Unpacking libcroco3:amd64 (0.6.13-1) ...
Selecting previously unselected package gettext.
Preparing to unpack .../031-gettext_0.19.8.1-10_amd64.deb ...
Unpacking gettext (0.19.8.1-10) ...
Selecting previously unselected package intltool-debian.
Preparing to unpack .../032-intltool-debian_0.35.0+20060710.5_all.deb ...
Unpacking intltool-debian (0.35.0+20060710.5) ...
Selecting previously unselected package po-debconf.
Preparing to unpack .../033-po-debconf_1.0.21_all.deb ...
Unpacking po-debconf (1.0.21) ...
Selecting previously unselected package debhelper.
Preparing to unpack .../034-debhelper_12.9_all.deb ...
Unpacking debhelper (12.9) ...
Selecting previously unselected package libexporter-tiny-perl.
Preparing to unpack .../035-libexporter-tiny-perl_1.002001-1_all.deb ...
Unpacking libexporter-tiny-perl (1.002001-1) ...
Selecting previously unselected package liblist-moreutils-perl.
Preparing to unpack .../036-liblist-moreutils-perl_0.416-1+b5_amd64.deb ...
Unpacking liblist-moreutils-perl (0.416-1+b5) ...
Selecting previously unselected package xml2.
Preparing to unpack .../037-xml2_0.5-3_amd64.deb ...
Unpacking xml2 (0.5-3) ...
Selecting previously unselected package dh-php.
Preparing to unpack .../038-dh-php_0.35_all.deb ...
Unpacking dh-php (0.35) ...
Selecting previously unselected package icu-devtools.
Preparing to unpack .../039-icu-devtools_63.2-2_amd64.deb ...
Unpacking icu-devtools (63.2-2) ...
Selecting previously unselected package libargon2-1:amd64.
Preparing to unpack .../040-libargon2-1_0~20171227-0.2_amd64.deb ...
Unpacking libargon2-1:amd64 (0~20171227-0.2) ...
Selecting previously unselected package libbz2-dev:amd64.
Preparing to unpack .../041-libbz2-dev_1.0.8-2_amd64.deb ...
Unpacking libbz2-dev:amd64 (1.0.8-2) ...
Selecting previously unselected package libexif12:amd64.
Preparing to unpack .../042-libexif12_0.6.21-6_amd64.deb ...
Unpacking libexif12:amd64 (0.6.21-6) ...
Selecting previously unselected package libexif-dev:amd64.
Preparing to unpack .../043-libexif-dev_0.6.21-6_amd64.deb ...
Unpacking libexif-dev:amd64 (0.6.21-6) ...
Selecting previously unselected package libexpat1:amd64.
Preparing to unpack .../044-libexpat1_2.2.9-1_amd64.deb ...
Unpacking libexpat1:amd64 (2.2.9-1) ...
Selecting previously unselected package libpng16-16:amd64.
Preparing to unpack .../045-libpng16-16_1.6.37-2_amd64.deb ...
Unpacking libpng16-16:amd64 (1.6.37-2) ...
Selecting previously unselected package libfreetype6:amd64.
Preparing to unpack .../046-libfreetype6_2.10.1-2_amd64.deb ...
Unpacking libfreetype6:amd64 (2.10.1-2) ...
Selecting previously unselected package zlib1g-dev:amd64.
Preparing to unpack .../047-zlib1g-dev_1%3a1.2.11.dfsg-2_amd64.deb ...
Unpacking zlib1g-dev:amd64 (1:1.2.11.dfsg-2) ...
Selecting previously unselected package libpng-dev:amd64.
Preparing to unpack .../048-libpng-dev_1.6.37-2_amd64.deb ...
Unpacking libpng-dev:amd64 (1.6.37-2) ...
Selecting previously unselected package libfreetype-dev:amd64.
Preparing to unpack .../049-libfreetype-dev_2.10.1-2_amd64.deb ...
Unpacking libfreetype-dev:amd64 (2.10.1-2) ...
Selecting previously unselected package libfreetype6-dev:amd64.
Preparing to unpack .../050-libfreetype6-dev_2.10.1-2_amd64.deb ...
Unpacking libfreetype6-dev:amd64 (2.10.1-2) ...
Selecting previously unselected package libjbig0:amd64.
Preparing to unpack .../051-libjbig0_2.1-3.1+b2_amd64.deb ...
Unpacking libjbig0:amd64 (2.1-3.1+b2) ...
Selecting previously unselected package libjpeg62-turbo:amd64.
Preparing to unpack .../052-libjpeg62-turbo_1%3a1.5.2-2+b1_amd64.deb ...
Unpacking libjpeg62-turbo:amd64 (1:1.5.2-2+b1) ...
Selecting previously unselected package libwebp6:amd64.
Preparing to unpack .../053-libwebp6_0.6.1-2+b1_amd64.deb ...
Unpacking libwebp6:amd64 (0.6.1-2+b1) ...
Selecting previously unselected package libtiff5:amd64.
Preparing to unpack .../054-libtiff5_4.1.0+git191117-2_amd64.deb ...
Unpacking libtiff5:amd64 (4.1.0+git191117-2) ...
Selecting previously unselected package liblcms2-2:amd64.
Preparing to unpack .../055-liblcms2-2_2.9-4_amd64.deb ...
Unpacking liblcms2-2:amd64 (2.9-4) ...
Selecting previously unselected package libwebpmux3:amd64.
Preparing to unpack .../056-libwebpmux3_0.6.1-2+b1_amd64.deb ...
Unpacking libwebpmux3:amd64 (0.6.1-2+b1) ...
Selecting previously unselected package libxau6:amd64.
Preparing to unpack .../057-libxau6_1%3a1.0.8-1+b2_amd64.deb ...
Unpacking libxau6:amd64 (1:1.0.8-1+b2) ...
Selecting previously unselected package libxdmcp6:amd64.
Preparing to unpack .../058-libxdmcp6_1%3a1.1.2-3_amd64.deb ...
Unpacking libxdmcp6:amd64 (1:1.1.2-3) ...
Selecting previously unselected package libxcb1:amd64.
Preparing to unpack .../059-libxcb1_1.13.1-5_amd64.deb ...
Unpacking libxcb1:amd64 (1.13.1-5) ...
Selecting previously unselected package libx11-data.
Preparing to unpack .../060-libx11-data_2%3a1.6.8-1_all.deb ...
Unpacking libx11-data (2:1.6.8-1) ...
Selecting previously unselected package libx11-6:amd64.
Preparing to unpack .../061-libx11-6_2%3a1.6.8-1_amd64.deb ...
Unpacking libx11-6:amd64 (2:1.6.8-1) ...
Selecting previously unselected package libwmf0.2-7:amd64.
Preparing to unpack .../062-libwmf0.2-7_0.2.8.4-17_amd64.deb ...
Unpacking libwmf0.2-7:amd64 (0.2.8.4-17) ...
Selecting previously unselected package libxext6:amd64.
Preparing to unpack .../063-libxext6_2%3a1.3.3-1+b2_amd64.deb ...
Unpacking libxext6:amd64 (2:1.3.3-1+b2) ...
Selecting previously unselected package libgraphicsmagick-q16-3.
Preparing to unpack .../064-libgraphicsmagick-q16-3_1.4+really1.3.35-1_amd64.deb ...
Unpacking libgraphicsmagick-q16-3 (1.4+really1.3.35-1) ...
Selecting previously unselected package libjpeg62-turbo-dev:amd64.
Preparing to unpack .../065-libjpeg62-turbo-dev_1%3a1.5.2-2+b1_amd64.deb ...
Unpacking libjpeg62-turbo-dev:amd64 (1:1.5.2-2+b1) ...
Selecting previously unselected package libjpeg-dev.
Preparing to unpack .../066-libjpeg-dev_1%3a1.5.2-2_all.deb ...
Unpacking libjpeg-dev (1:1.5.2-2) ...
Selecting previously unselected package liblcms2-dev:amd64.
Preparing to unpack .../067-liblcms2-dev_2.9-4_amd64.deb ...
Unpacking liblcms2-dev:amd64 (2.9-4) ...
Selecting previously unselected package xorg-sgml-doctools.
Preparing to unpack .../068-xorg-sgml-doctools_1%3a1.11-1_all.deb ...
Unpacking xorg-sgml-doctools (1:1.11-1) ...
Selecting previously unselected package x11proto-dev.
Preparing to unpack .../069-x11proto-dev_2018.4-4_all.deb ...
Unpacking x11proto-dev (2018.4-4) ...
Selecting previously unselected package x11proto-core-dev.
Preparing to unpack .../070-x11proto-core-dev_2018.4-4_all.deb ...
Unpacking x11proto-core-dev (2018.4-4) ...
Selecting previously unselected package libxau-dev:amd64.
Preparing to unpack .../071-libxau-dev_1%3a1.0.8-1+b2_amd64.deb ...
Unpacking libxau-dev:amd64 (1:1.0.8-1+b2) ...
Selecting previously unselected package libxdmcp-dev:amd64.
Preparing to unpack .../072-libxdmcp-dev_1%3a1.1.2-3_amd64.deb ...
Unpacking libxdmcp-dev:amd64 (1:1.1.2-3) ...
Selecting previously unselected package xtrans-dev.
Preparing to unpack .../073-xtrans-dev_1.3.5-1_all.deb ...
Unpacking xtrans-dev (1.3.5-1) ...
Selecting previously unselected package libpthread-stubs0-dev:amd64.
Preparing to unpack .../074-libpthread-stubs0-dev_0.4-1_amd64.deb ...
Unpacking libpthread-stubs0-dev:amd64 (0.4-1) ...
Selecting previously unselected package libxcb1-dev:amd64.
Preparing to unpack .../075-libxcb1-dev_1.13.1-5_amd64.deb ...
Unpacking libxcb1-dev:amd64 (1.13.1-5) ...
Selecting previously unselected package libx11-dev:amd64.
Preparing to unpack .../076-libx11-dev_2%3a1.6.8-1_amd64.deb ...
Unpacking libx11-dev:amd64 (2:1.6.8-1) ...
Selecting previously unselected package libwmf-dev.
Preparing to unpack .../077-libwmf-dev_0.2.8.4-17_amd64.deb ...
Unpacking libwmf-dev (0.2.8.4-17) ...
Selecting previously unselected package x11-common.
Preparing to unpack .../078-x11-common_1%3a7.7+20_all.deb ...
Unpacking x11-common (1:7.7+20) ...
Selecting previously unselected package libice6:amd64.
Preparing to unpack .../079-libice6_2%3a1.0.9-2_amd64.deb ...
Unpacking libice6:amd64 (2:1.0.9-2) ...
Selecting previously unselected package libsm6:amd64.
Preparing to unpack .../080-libsm6_2%3a1.2.3-1_amd64.deb ...
Unpacking libsm6:amd64 (2:1.2.3-1) ...
Selecting previously unselected package libice-dev:amd64.
Preparing to unpack .../081-libice-dev_2%3a1.0.9-2_amd64.deb ...
Unpacking libice-dev:amd64 (2:1.0.9-2) ...
Selecting previously unselected package libsm-dev:amd64.
Preparing to unpack .../082-libsm-dev_2%3a1.2.3-1_amd64.deb ...
Unpacking libsm-dev:amd64 (2:1.2.3-1) ...
Selecting previously unselected package x11proto-xext-dev.
Preparing to unpack .../083-x11proto-xext-dev_2018.4-4_all.deb ...
Unpacking x11proto-xext-dev (2018.4-4) ...
Selecting previously unselected package libxext-dev:amd64.
Preparing to unpack .../084-libxext-dev_2%3a1.3.3-1+b2_amd64.deb ...
Unpacking libxext-dev:amd64 (2:1.3.3-1+b2) ...
Selecting previously unselected package libicu-dev:amd64.
Preparing to unpack .../085-libicu-dev_63.2-2_amd64.deb ...
Unpacking libicu-dev:amd64 (63.2-2) ...
Selecting previously unselected package libxml2-dev:amd64.
Preparing to unpack .../086-libxml2-dev_2.9.10+dfsg-3_amd64.deb ...
Unpacking libxml2-dev:amd64 (2.9.10+dfsg-3) ...
Selecting previously unselected package libjbig-dev:amd64.
Preparing to unpack .../087-libjbig-dev_2.1-3.1+b2_amd64.deb ...
Unpacking libjbig-dev:amd64 (2.1-3.1+b2) ...
Selecting previously unselected package liblzma-dev:amd64.
Preparing to unpack .../088-liblzma-dev_5.2.4-1+b1_amd64.deb ...
Unpacking liblzma-dev:amd64 (5.2.4-1+b1) ...
Selecting previously unselected package libtiffxx5:amd64.
Preparing to unpack .../089-libtiffxx5_4.1.0+git191117-2_amd64.deb ...
Unpacking libtiffxx5:amd64 (4.1.0+git191117-2) ...
Selecting previously unselected package libtiff-dev:amd64.
Preparing to unpack .../090-libtiff-dev_4.1.0+git191117-2_amd64.deb ...
Unpacking libtiff-dev:amd64 (4.1.0+git191117-2) ...
Selecting previously unselected package libltdl7:amd64.
Preparing to unpack .../091-libltdl7_2.4.6-13_amd64.deb ...
Unpacking libltdl7:amd64 (2.4.6-13) ...
Selecting previously unselected package libltdl-dev:amd64.
Preparing to unpack .../092-libltdl-dev_2.4.6-13_amd64.deb ...
Unpacking libltdl-dev:amd64 (2.4.6-13) ...
Selecting previously unselected package libwebpdemux2:amd64.
Preparing to unpack .../093-libwebpdemux2_0.6.1-2+b1_amd64.deb ...
Unpacking libwebpdemux2:amd64 (0.6.1-2+b1) ...
Selecting previously unselected package libwebp-dev:amd64.
Preparing to unpack .../094-libwebp-dev_0.6.1-2+b1_amd64.deb ...
Unpacking libwebp-dev:amd64 (0.6.1-2+b1) ...
Selecting previously unselected package libzstd-dev:amd64.
Preparing to unpack .../095-libzstd-dev_1.4.4+dfsg-3_amd64.deb ...
Unpacking libzstd-dev:amd64 (1.4.4+dfsg-3) ...
Selecting previously unselected package libgraphicsmagick1-dev.
Preparing to unpack .../096-libgraphicsmagick1-dev_1.4+really1.3.35-1_amd64.deb ...
Unpacking libgraphicsmagick1-dev (1.4+really1.3.35-1) ...
Selecting previously unselected package libpcre2-16-0:amd64.
Preparing to unpack .../097-libpcre2-16-0_10.34-7_amd64.deb ...
Unpacking libpcre2-16-0:amd64 (10.34-7) ...
Selecting previously unselected package libpcre2-32-0:amd64.
Preparing to unpack .../098-libpcre2-32-0_10.34-7_amd64.deb ...
Unpacking libpcre2-32-0:amd64 (10.34-7) ...
Selecting previously unselected package libpcre2-posix2:amd64.
Preparing to unpack .../099-libpcre2-posix2_10.34-7_amd64.deb ...
Unpacking libpcre2-posix2:amd64 (10.34-7) ...
Selecting previously unselected package libpcre2-dev:amd64.
Preparing to unpack .../100-libpcre2-dev_10.34-7_amd64.deb ...
Unpacking libpcre2-dev:amd64 (10.34-7) ...
Selecting previously unselected package libsodium23:amd64.
Preparing to unpack .../101-libsodium23_1.0.18-1_amd64.deb ...
Unpacking libsodium23:amd64 (1.0.18-1) ...
Selecting previously unselected package libssl1.1:amd64.
Preparing to unpack .../102-libssl1.1_1.1.1d-2_amd64.deb ...
Unpacking libssl1.1:amd64 (1.1.1d-2) ...
Selecting previously unselected package libssl-dev:amd64.
Preparing to unpack .../103-libssl-dev_1.1.1d-2_amd64.deb ...
Unpacking libssl-dev:amd64 (1.1.1d-2) ...
Selecting previously unselected package psmisc.
Preparing to unpack .../104-psmisc_23.3-1_amd64.deb ...
Unpacking psmisc (23.3-1) ...
Selecting previously unselected package php-common.
Preparing to unpack .../105-php-common_2%3a73_all.deb ...
Unpacking php-common (2:73) ...
Selecting previously unselected package php7.3-common.
Preparing to unpack .../106-php7.3-common_7.3.15-3_amd64.deb ...
Unpacking php7.3-common (7.3.15-3) ...
Selecting previously unselected package php7.3-json.
Preparing to unpack .../107-php7.3-json_7.3.15-3_amd64.deb ...
Unpacking php7.3-json (7.3.15-3) ...
Selecting previously unselected package php7.3-opcache.
Preparing to unpack .../108-php7.3-opcache_7.3.15-3_amd64.deb ...
Unpacking php7.3-opcache (7.3.15-3) ...
Selecting previously unselected package php7.3-readline.
Preparing to unpack .../109-php7.3-readline_7.3.15-3_amd64.deb ...
Unpacking php7.3-readline (7.3.15-3) ...
Selecting previously unselected package php7.3-cli.
Preparing to unpack .../110-php7.3-cli_7.3.15-3_amd64.deb ...
Unpacking php7.3-cli (7.3.15-3) ...
Selecting previously unselected package shtool.
Preparing to unpack .../111-shtool_2.0.8-10_all.deb ...
Unpacking shtool (2.0.8-10) ...
Selecting previously unselected package php7.3-dev.
Preparing to unpack .../112-php7.3-dev_7.3.15-3_amd64.deb ...
Unpacking php7.3-dev (7.3.15-3) ...
Selecting previously unselected package php7.4-common.
Preparing to unpack .../113-php7.4-common_7.4.3-4_amd64.deb ...
Unpacking php7.4-common (7.4.3-4) ...
Selecting previously unselected package php7.4-json.
Preparing to unpack .../114-php7.4-json_7.4.3-4_amd64.deb ...
Unpacking php7.4-json (7.4.3-4) ...
Selecting previously unselected package php7.4-opcache.
Preparing to unpack .../115-php7.4-opcache_7.4.3-4_amd64.deb ...
Unpacking php7.4-opcache (7.4.3-4) ...
Selecting previously unselected package php7.4-readline.
Preparing to unpack .../116-php7.4-readline_7.4.3-4_amd64.deb ...
Unpacking php7.4-readline (7.4.3-4) ...
Selecting previously unselected package php7.4-cli.
Preparing to unpack .../117-php7.4-cli_7.4.3-4_amd64.deb ...
Unpacking php7.4-cli (7.4.3-4) ...
Selecting previously unselected package php7.4-dev.
Preparing to unpack .../118-php7.4-dev_7.4.3-4_amd64.deb ...
Unpacking php7.4-dev (7.4.3-4) ...
Selecting previously unselected package php-all-dev.
Preparing to unpack .../119-php-all-dev_2%3a73_all.deb ...
Unpacking php-all-dev (2:73) ...
Selecting previously unselected package sbuild-build-depends-main-dummy.
Preparing to unpack .../120-sbuild-build-depends-main-dummy_0.invalid.0_amd64.deb ...
Unpacking sbuild-build-depends-main-dummy (0.invalid.0) ...
Setting up libexpat1:amd64 (2.2.9-1) ...
Setting up libpipeline1:amd64 (1.5.2-2) ...
Setting up shtool (2.0.8-10) ...
Setting up liblcms2-2:amd64 (2.9-4) ...
Setting up libxau6:amd64 (1:1.0.8-1+b2) ...
Setting up libxdmcp6:amd64 (1:1.1.2-3) ...
Setting up libxcb1:amd64 (1.13.1-5) ...
Setting up libsodium23:amd64 (1.0.18-1) ...
Setting up libzstd-dev:amd64 (1.4.4+dfsg-3) ...
Setting up mime-support (3.64) ...
Setting up libmagic-mgc (1:5.38-4) ...
Setting up psmisc (23.3-1) ...
Setting up libarchive-zip-perl (1.67-1) ...
Setting up libglib2.0-0:amd64 (2.62.4-2) ...
No schema files found: doing nothing.
Setting up libssl1.1:amd64 (1.1.1d-2) ...
Setting up libargon2-1:amd64 (0~20171227-0.2) ...
Setting up libdebhelper-perl (12.9) ...
Setting up x11-common (1:7.7+20) ...
update-rc.d: warning: start and stop actions are no longer supported; falling back to defaults
invoke-rc.d: could not determine current runlevel
All runlevel operations denied by policy
invoke-rc.d: policy-rc.d denied execution of start.
Setting up libmagic1:amd64 (1:5.38-4) ...
Setting up gettext-base (0.19.8.1-10) ...
Setting up file (1:5.38-4) ...
Setting up libpthread-stubs0-dev:amd64 (0.4-1) ...
Setting up libjbig0:amd64 (2.1-3.1+b2) ...
Setting up libpcre2-16-0:amd64 (10.34-7) ...
Setting up libicu63:amd64 (63.2-2) ...
Setting up xtrans-dev (1.3.5-1) ...
Setting up autotools-dev (20180224.1) ...
Setting up libpcre2-32-0:amd64 (10.34-7) ...
Setting up libjpeg62-turbo:amd64 (1:1.5.2-2+b1) ...
Setting up libx11-data (2:1.6.8-1) ...
Setting up libjpeg62-turbo-dev:amd64 (1:1.5.2-2+b1) ...
Setting up libsigsegv2:amd64 (2.12-2) ...
Setting up libexif12:amd64 (0.6.21-6) ...
Setting up bsdmainutils (11.1.2+b1) ...
update-alternatives: using /usr/bin/bsd-write to provide /usr/bin/write (write) in auto mode
update-alternatives: using /usr/bin/bsd-from to provide /usr/bin/from (from) in auto mode
Setting up libssl-dev:amd64 (1.1.1d-2) ...
Setting up libpng16-16:amd64 (1.6.37-2) ...
Setting up autopoint (0.19.8.1-10) ...
Setting up libwebp6:amd64 (0.6.1-2+b1) ...
Setting up icu-devtools (63.2-2) ...
Setting up libpcre2-posix2:amd64 (10.34-7) ...
Setting up libltdl7:amd64 (2.4.6-13) ...
Setting up liblcms2-dev:amd64 (2.9-4) ...
Setting up liblzma-dev:amd64 (5.2.4-1+b1) ...
Setting up zlib1g-dev:amd64 (1:1.2.11.dfsg-2) ...
Setting up sensible-utils (0.0.12+nmu1) ...
Setting up libuchardet0:amd64 (0.0.6-3) ...
Setting up libsub-override-perl (0.09-2) ...
Setting up libx11-6:amd64 (2:1.6.8-1) ...
Setting up xorg-sgml-doctools (1:1.11-1) ...
Setting up libtiff5:amd64 (4.1.0+git191117-2) ...
Setting up libexporter-tiny-perl (1.002001-1) ...
Setting up libwebpmux3:amd64 (0.6.1-2+b1) ...
Setting up libelf1:amd64 (0.176-1.1) ...
Setting up libicu-dev:amd64 (63.2-2) ...
Setting up libxml2:amd64 (2.9.10+dfsg-3) ...
Setting up libtiffxx5:amd64 (4.1.0+git191117-2) ...
Setting up libbz2-dev:amd64 (1.0.8-2) ...
Setting up x11proto-dev (2018.4-4) ...
Setting up libfile-stripnondeterminism-perl (1.6.3-2) ...
Setting up php-common (2:73) ...
Setting up libice6:amd64 (2:1.0.9-2) ...
Setting up libexif-dev:amd64 (0.6.21-6) ...
Setting up libxau-dev:amd64 (1:1.0.8-1+b2) ...
Setting up libpcre2-dev:amd64 (10.34-7) ...
Setting up libice-dev:amd64 (2:1.0.9-2) ...
Setting up libtool (2.4.6-13) ...
Setting up liblist-moreutils-perl (0.416-1+b5) ...
Setting up libwebpdemux2:amd64 (0.6.1-2+b1) ...
Setting up libpng-dev:amd64 (1.6.37-2) ...
Setting up libjpeg-dev (1:1.5.2-2) ...
Setting up libjbig-dev:amd64 (2.1-3.1+b2) ...
Setting up libxext6:amd64 (2:1.3.3-1+b2) ...
Setting up m4 (1.4.18-4) ...
Setting up libxdmcp-dev:amd64 (1:1.1.2-3) ...
Setting up libxml2-dev:amd64 (2.9.10+dfsg-3) ...
Setting up libwebp-dev:amd64 (0.6.1-2+b1) ...
Setting up libfreetype6:amd64 (2.10.1-2) ...
Setting up libtiff-dev:amd64 (4.1.0+git191117-2) ...
Setting up x11proto-core-dev (2018.4-4) ...
Setting up libcroco3:amd64 (0.6.13-1) ...
Setting up ucf (3.0038+nmu1) ...
Setting up autoconf (2.69-11.1) ...
Setting up dh-strip-nondeterminism (1.6.3-2) ...
Setting up x11proto-xext-dev (2018.4-4) ...
Setting up dwz (0.13-5) ...
Setting up groff-base (1.22.4-4) ...
Setting up xml2 (0.5-3) ...
Setting up libsm6:amd64 (2:1.2.3-1) ...
Setting up automake (1:1.16.1-4) ...
update-alternatives: using /usr/bin/automake-1.16 to provide /usr/bin/automake (automake) in auto mode
Setting up gettext (0.19.8.1-10) ...
Setting up libxcb1-dev:amd64 (1.13.1-5) ...
Setting up php7.4-common (7.4.3-4) ...

Creating config file /etc/php/7.4/mods-available/calendar.ini with new version

Creating config file /etc/php/7.4/mods-available/ctype.ini with new version

Creating config file /etc/php/7.4/mods-available/exif.ini with new version

Creating config file /etc/php/7.4/mods-available/fileinfo.ini with new version

Creating config file /etc/php/7.4/mods-available/ffi.ini with new version

Creating config file /etc/php/7.4/mods-available/ftp.ini with new version

Creating config file /etc/php/7.4/mods-available/gettext.ini with new version

Creating config file /etc/php/7.4/mods-available/iconv.ini with new version

Creating config file /etc/php/7.4/mods-available/pdo.ini with new version

Creating config file /etc/php/7.4/mods-available/phar.ini with new version

Creating config file /etc/php/7.4/mods-available/posix.ini with new version

Creating config file /etc/php/7.4/mods-available/shmop.ini with new version

Creating config file /etc/php/7.4/mods-available/sockets.ini with new version

Creating config file /etc/php/7.4/mods-available/sysvmsg.ini with new version

Creating config file /etc/php/7.4/mods-available/sysvsem.ini with new version

Creating config file /etc/php/7.4/mods-available/sysvshm.ini with new version

Creating config file /etc/php/7.4/mods-available/tokenizer.ini with new version
Setting up libwmf0.2-7:amd64 (0.2.8.4-17) ...
Setting up libsm-dev:amd64 (2:1.2.3-1) ...
Setting up libx11-dev:amd64 (2:1.6.8-1) ...
Setting up php7.4-readline (7.4.3-4) ...

Creating config file /etc/php/7.4/mods-available/readline.ini with new version
Setting up man-db (2.9.0-2) ...
Not building database; man-db/auto-update is not 'true'.
Setting up libfreetype-dev:amd64 (2.10.1-2) ...
Setting up intltool-debian (0.35.0+20060710.5) ...
Setting up libltdl-dev:amd64 (2.4.6-13) ...
Setting up php7.3-common (7.3.15-3) ...

Creating config file /etc/php/7.3/mods-available/calendar.ini with new version

Creating config file /etc/php/7.3/mods-available/ctype.ini with new version

Creating config file /etc/php/7.3/mods-available/exif.ini with new version

Creating config file /etc/php/7.3/mods-available/fileinfo.ini with new version

Creating config file /etc/php/7.3/mods-available/ftp.ini with new version

Creating config file /etc/php/7.3/mods-available/gettext.ini with new version

Creating config file /etc/php/7.3/mods-available/iconv.ini with new version

Creating config file /etc/php/7.3/mods-available/pdo.ini with new version

Creating config file /etc/php/7.3/mods-available/phar.ini with new version

Creating config file /etc/php/7.3/mods-available/posix.ini with new version

Creating config file /etc/php/7.3/mods-available/shmop.ini with new version

Creating config file /etc/php/7.3/mods-available/sockets.ini with new version

Creating config file /etc/php/7.3/mods-available/sysvmsg.ini with new version

Creating config file /etc/php/7.3/mods-available/sysvsem.ini with new version

Creating config file /etc/php/7.3/mods-available/sysvshm.ini with new version

Creating config file /etc/php/7.3/mods-available/tokenizer.ini with new version
Setting up libgraphicsmagick-q16-3 (1.4+really1.3.35-1) ...
Setting up libxext-dev:amd64 (2:1.3.3-1+b2) ...
Setting up php7.3-opcache (7.3.15-3) ...

Creating config file /etc/php/7.3/mods-available/opcache.ini with new version
Setting up php7.4-opcache (7.4.3-4) ...

Creating config file /etc/php/7.4/mods-available/opcache.ini with new version
Setting up php7.4-json (7.4.3-4) ...

Creating config file /etc/php/7.4/mods-available/json.ini with new version
Setting up php7.3-json (7.3.15-3) ...

Creating config file /etc/php/7.3/mods-available/json.ini with new version
Setting up php7.3-readline (7.3.15-3) ...

Creating config file /etc/php/7.3/mods-available/readline.ini with new version
Setting up po-debconf (1.0.21) ...
Setting up php7.4-cli (7.4.3-4) ...
update-alternatives: using /usr/bin/php7.4 to provide /usr/bin/php (php) in auto mode
update-alternatives: using /usr/bin/phar7.4 to provide /usr/bin/phar (phar) in auto mode
update-alternatives: using /usr/bin/phar.phar7.4 to provide /usr/bin/phar.phar (phar.phar) in auto mode

Creating config file /etc/php/7.4/cli/php.ini with new version
Setting up libfreetype6-dev:amd64 (2.10.1-2) ...
Setting up libwmf-dev (0.2.8.4-17) ...
Setting up php7.4-dev (7.4.3-4) ...
update-alternatives: using /usr/bin/php-config7.4 to provide /usr/bin/php-config (php-config) in auto mode
update-alternatives: using /usr/bin/phpize7.4 to provide /usr/bin/phpize (phpize) in auto mode
Setting up php7.3-cli (7.3.15-3) ...

Creating config file /etc/php/7.3/cli/php.ini with new version
Setting up libgraphicsmagick1-dev (1.4+really1.3.35-1) ...
Setting up php7.3-dev (7.3.15-3) ...
Setting up php-all-dev (2:73) ...
Setting up dh-autoreconf (19) ...
Setting up debhelper (12.9) ...
Setting up dh-php (0.35) ...
Setting up sbuild-build-depends-main-dummy (0.invalid.0) ...
Processing triggers for libc-bin (2.29-10) ...
Processing triggers for php7.4-cli (7.4.3-4) ...
Processing triggers for php7.3-cli (7.3.15-3) ...

+------------------------------------------------------------------------------+
| Check architectures                                                          |
+------------------------------------------------------------------------------+

Arch check ok (amd64 included in any)

+------------------------------------------------------------------------------+
| Build environment                                                            |
+------------------------------------------------------------------------------+

Kernel: Linux 4.19.0-6-cloud-amd64 #1 SMP Debian 4.19.67-2+deb10u2 (2019-11-11) amd64 (x86_64)
Toolchain package versions: binutils_2.34-3 dpkg-dev_1.19.7 g++-9_9.2.1-29 gcc-9_9.2.1-29 libc6-dev_2.29-10 libstdc++-9-dev_9.2.1-29 libstdc++6_10-20200222-1 linux-libc-dev_5.4.19-1
Package versions: adduser_3.118 apt_1.8.4 autoconf_2.69-11.1 automake_1:1.16.1-4 autopoint_0.19.8.1-10 autotools-dev_20180224.1 base-files_11 base-passwd_3.5.47 bash_5.0-5 binutils_2.34-3 binutils-common_2.34-3 binutils-x86-64-linux-gnu_2.34-3 bsdmainutils_11.1.2+b1 bsdutils_1:2.34-0.1 build-essential_12.8 bzip2_1.0.8-2 clang-10_1:10.0.0~+rc2-1 coreutils_8.30-3+b1 cpp_4:9.2.1-3.1 cpp-9_9.2.1-29 dash_0.5.10.2-6 debconf_1.5.73 debhelper_12.9 debian-archive-keyring_2019.1 debianutils_4.9.1 dh-autoreconf_19 dh-php_0.35 dh-strip-nondeterminism_1.6.3-2 diffutils_1:3.7-3 dpkg_1.19.7 dpkg-dev_1.19.7 dwz_0.13-5 e2fsprogs_1.45.5-2 fakeroot_1.24-1 fdisk_2.34-0.1 file_1:5.38-4 findutils_4.7.0-1 g++_4:9.2.1-3.1 g++-9_9.2.1-29 gcc_4:9.2.1-3.1 gcc-10-base_10-20200222-1 gcc-9_9.2.1-29 gcc-9-base_9.2.1-29 gettext_0.19.8.1-10 gettext-base_0.19.8.1-10 gpgv_2.2.19-1 grep_3.4-1 groff-base_1.22.4-4 gzip_1.9-3+b1 hostname_3.23 icu-devtools_63.2-2 init-system-helpers_1.57 intltool-debian_0.35.0+20060710.5 lib32gcc-s1_10-20200222-1 lib32gcc1_1:10-20200222-1 lib32stdc++6_10-20200222-1 libacl1_2.2.53-5 libapt-pkg5.0_1.8.4 libarchive-zip-perl_1.67-1 libargon2-1_0~20171227-0.2 libasan5_9.2.1-29 libatomic1_10-20200222-1 libattr1_1:2.4.48-5 libaudit-common_1:2.8.5-2 libaudit1_1:2.8.5-2+b1 libbinutils_2.34-3 libblkid1_2.34-0.1 libbsd0_0.10.0-1 libbz2-1.0_1.0.8-2 libbz2-dev_1.0.8-2 libc-bin_2.29-10 libc-dev-bin_2.29-10 libc6_2.29-10 libc6-dev_2.29-10 libc6-i386_2.29-10 libcap-ng0_0.7.9-2.1+b1 libcc1-0_10-20200222-1 libclang-common-10-dev_1:10.0.0~+rc2-1 libclang-cpp10_1:10.0.0~+rc2-1 libclang1-10_1:10.0.0~+rc2-1 libcom-err2_1.45.5-2 libcroco3_0.6.13-1 libcrypt-dev_1:4.4.10-10 libcrypt1_1:4.4.10-10 libctf-nobfd0_2.34-3 libctf0_2.34-3 libdb5.3_5.3.28+dfsg1-0.6 libdebconfclient0_0.251 libdebhelper-perl_12.9 libdpkg-perl_1.19.7 libedit2_3.1-20191231-1 libelf1_0.176-1.1 libexif-dev_0.6.21-6 libexif12_0.6.21-6 libexpat1_2.2.9-1 libexporter-tiny-perl_1.002001-1 libext2fs2_1.45.5-2 libfakeroot_1.24-1 libfdisk1_2.34-0.1 libffi7_3.3-3 libfile-stripnondeterminism-perl_1.6.3-2 libfreetype-dev_2.10.1-2 libfreetype6_2.10.1-2 libfreetype6-dev_2.10.1-2 libgc1c2_1:7.6.4-0.4 libgcc-9-dev_9.2.1-29 libgcc-s1_10-20200222-1 libgcc1_1:10-20200222-1 libgcrypt20_1.8.5-5 libgdbm-compat4_1.18.1-5 libgdbm6_1.18.1-5 libglib2.0-0_2.62.4-2 libgmp10_2:6.2.0+dfsg-4 libgnutls30_3.6.12-2 libgomp1_10-20200222-1 libgpg-error0_1.37-1 libgraphicsmagick-q16-3_1.4+really1.3.35-1 libgraphicsmagick1-dev_1.4+really1.3.35-1 libhogweed5_3.5.1+really3.5.1-2 libice-dev_2:1.0.9-2 libice6_2:1.0.9-2 libicu-dev_63.2-2 libicu63_63.2-2 libidn2-0_2.2.0-2 libisl22_0.22.1-1 libitm1_10-20200222-1 libjbig-dev_2.1-3.1+b2 libjbig0_2.1-3.1+b2 libjpeg-dev_1:1.5.2-2 libjpeg62-turbo_1:1.5.2-2+b1 libjpeg62-turbo-dev_1:1.5.2-2+b1 liblcms2-2_2.9-4 liblcms2-dev_2.9-4 liblist-moreutils-perl_0.416-1+b5 libllvm10_1:10.0.0~+rc2-1 liblsan0_10-20200222-1 libltdl-dev_2.4.6-13 libltdl7_2.4.6-13 liblz4-1_1.9.2-2 liblzma-dev_5.2.4-1+b1 liblzma5_5.2.4-1+b1 libmagic-mgc_1:5.38-4 libmagic1_1:5.38-4 libmount1_2.34-0.1 libmpc3_1.1.0-1 libmpfr6_4.0.2-1 libncursesw6_6.1+20191019-1 libnettle7_3.5.1+really3.5.1-2 libobjc-9-dev_9.2.1-29 libobjc4_10-20200222-1 libomp-10-dev_1:10.0.0~+rc2-1 libomp5-10_1:10.0.0~+rc2-1 libp11-kit0_0.23.20-1 libpam-modules_1.3.1-5 libpam-modules-bin_1.3.1-5 libpam-runtime_1.3.1-5 libpam0g_1.3.1-5 libpcre2-16-0_10.34-7 libpcre2-32-0_10.34-7 libpcre2-8-0_10.34-7 libpcre2-dev_10.34-7 libpcre2-posix2_10.34-7 libpcre3_2:8.39-12+b1 libperl5.30_5.30.0-9 libpipeline1_1.5.2-2 libpng-dev_1.6.37-2 libpng16-16_1.6.37-2 libpthread-stubs0-dev_0.4-1 libquadmath0_10-20200222-1 libseccomp2_2.4.2-2 libselinux1_3.0-1+b1 libsemanage-common_3.0-1 libsemanage1_3.0-1+b1 libsepol1_3.0-1 libsigsegv2_2.12-2 libsm-dev_2:1.2.3-1 libsm6_2:1.2.3-1 libsmartcols1_2.34-0.1 libsodium23_1.0.18-1 libss2_1.45.5-2 libssl-dev_1.1.1d-2 libssl1.1_1.1.1d-2 libstdc++-9-dev_9.2.1-29 libstdc++6_10-20200222-1 libsub-override-perl_0.09-2 libsystemd0_244.3-1 libtasn1-6_4.16.0-2 libtiff-dev_4.1.0+git191117-2 libtiff5_4.1.0+git191117-2 libtiffxx5_4.1.0+git191117-2 libtinfo6_6.1+20191019-1 libtool_2.4.6-13 libtsan0_10-20200222-1 libubsan1_10-20200222-1 libuchardet0_0.0.6-3 libudev1_244.3-1 libunistring2_0.9.10-2 libuuid1_2.34-0.1 libwebp-dev_0.6.1-2+b1 libwebp6_0.6.1-2+b1 libwebpdemux2_0.6.1-2+b1 libwebpmux3_0.6.1-2+b1 libwmf-dev_0.2.8.4-17 libwmf0.2-7_0.2.8.4-17 libx11-6_2:1.6.8-1 libx11-data_2:1.6.8-1 libx11-dev_2:1.6.8-1 libxau-dev_1:1.0.8-1+b2 libxau6_1:1.0.8-1+b2 libxcb1_1.13.1-5 libxcb1-dev_1.13.1-5 libxdmcp-dev_1:1.1.2-3 libxdmcp6_1:1.1.2-3 libxext-dev_2:1.3.3-1+b2 libxext6_2:1.3.3-1+b2 libxml2_2.9.10+dfsg-3 libxml2-dev_2.9.10+dfsg-3 libz3-4_4.8.7-4 libzstd-dev_1.4.4+dfsg-3 libzstd1_1.4.4+dfsg-3 linux-libc-dev_5.4.19-1 login_1:4.8.1-1 logsave_1.45.5-2 lsb-base_11.1.0 m4_1.4.18-4 make_4.2.1-1.2 man-db_2.9.0-2 mawk_1.3.4.20200120-2 mime-support_3.64 mount_2.34-0.1 ncurses-base_6.1+20191019-1 ncurses-bin_6.1+20191019-1 passwd_1:4.8.1-1 patch_2.7.6-6 perl_5.30.0-9 perl-base_5.30.0-9 perl-modules-5.30_5.30.0-9 php-all-dev_2:73 php-common_2:73 php7.3-cli_7.3.15-3 php7.3-common_7.3.15-3 php7.3-dev_7.3.15-3 php7.3-json_7.3.15-3 php7.3-opcache_7.3.15-3 php7.3-readline_7.3.15-3 php7.4-cli_7.4.3-4 php7.4-common_7.4.3-4 php7.4-dev_7.4.3-4 php7.4-json_7.4.3-4 php7.4-opcache_7.4.3-4 php7.4-readline_7.4.3-4 po-debconf_1.0.21 psmisc_23.3-1 sbuild-build-depends-main-dummy_0.invalid.0 sed_4.7-1 sensible-utils_0.0.12+nmu1 shtool_2.0.8-10 sysvinit-utils_2.96-2.1 tar_1.30+dfsg-6+b1 tzdata_2019c-3 ucf_3.0038+nmu1 util-linux_2.34-0.1 x11-common_1:7.7+20 x11proto-core-dev_2018.4-4 x11proto-dev_2018.4-4 x11proto-xext-dev_2018.4-4 xml2_0.5-3 xorg-sgml-doctools_1:1.11-1 xtrans-dev_1.3.5-1 xz-utils_5.2.4-1+b1 zlib1g_1:1.2.11.dfsg-2 zlib1g-dev_1:1.2.11.dfsg-2

+------------------------------------------------------------------------------+
| Build                                                                        |
+------------------------------------------------------------------------------+


Unpack source
-------------

-----BEGIN PGP SIGNED MESSAGE-----
Hash: SHA512

Format: 3.0 (quilt)
Source: php-gmagick
Binary: php-gmagick
Architecture: any
Version: 2.0.5~rc1+1.1.7~rc3-5
Maintainer: Debian PHP PECL Maintainers <team+php-pecl@tracker.debian.org>
Uploaders: Ondej Sur <ondrej@debian.org>
Homepage: http://pecl.php.net/package/gmagick
Standards-Version: 3.9.8
Vcs-Browser: https://salsa.debian.org/php-team/pecl/php-gmagick
Vcs-Git: https://salsa.debian.org/php-team/pecl/php-gmagick.git
Build-Depends: debhelper (>= 9), dh-php (>= 0.33~), libgraphicsmagick1-dev (>= 1.3.20~), php-all-dev
Package-List:
 php-gmagick deb php optional arch=any
Checksums-Sha1:
 4e1cce5c973412e6dbb6451c64fad35d8f7d9f95 109128 php-gmagick_2.0.5~rc1+1.1.7~rc3.orig.tar.xz
 13fbe036aeb195683136bcabf2d1f50c4db16130 4340 php-gmagick_2.0.5~rc1+1.1.7~rc3-5.debian.tar.xz
Checksums-Sha256:
 40dacb4e8b045fdd7fb8dce6445491daaefc1812ee20433c5a9418a51491e3dc 109128 php-gmagick_2.0.5~rc1+1.1.7~rc3.orig.tar.xz
 4b70ebd72df49ef55d3bbef2e541ce06020a0e8f28e7dcd2c393a4650e6b69db 4340 php-gmagick_2.0.5~rc1+1.1.7~rc3-5.debian.tar.xz
Files:
 220dcfbd71cd24589824e620461b429d 109128 php-gmagick_2.0.5~rc1+1.1.7~rc3.orig.tar.xz
 fb732250b9065d8c3926edf7c8fb2b6b 4340 php-gmagick_2.0.5~rc1+1.1.7~rc3-5.debian.tar.xz

-----BEGIN PGP SIGNATURE-----

iQKTBAEBCgB9FiEEw2Gx4wKVQ+vGJel9g3Kkd++uWcIFAl5SnfFfFIAAAAAALgAo
aXNzdWVyLWZwckBub3RhdGlvbnMub3BlbnBncC5maWZ0aGhvcnNlbWFuLm5ldEMz
NjFCMUUzMDI5NTQzRUJDNjI1RTk3RDgzNzJBNDc3RUZBRTU5QzIACgkQg3Kkd++u
WcIhRQ/+NFihS1pkzAKUFHX+DSHHpReubSjayJpcLQViYXMA72lAHKaPQ8BTe8w8
jju0fS9TWTiNg/OsG2Qgx427TfyuuIkDEeDh8sHnfbPEAXeFKTKLFJHbSkUg7pPk
UO4KfY2aFgkCIr8tTxhG3gpsK1cWvTcUggIFjo3cxH4To+Ws9eO2TlQ3rqIPVNhw
0s95QV3yzxjxhAb8cc/s+N2skhU6F1rwAeYJsXIqyLvw45BHnW6KH4Bw8e2F/IVX
0ZU23O9RxWcEAJ3SbZ/UittqAjkW7rECojJ8FkScMvAOzu41FJEYmuW187A4boAx
HqYfvbUf0mhg1UyO8Odf4Cmf16uZ3ep3xthmQrZrvuOirgMaGRFyQh7Gki2Z2ehd
bKF6kNKDxuA6s90rGiwPsevbY2/H2iaR72W5waO0s1+8AFBI+eqc/hZanmLSZXMW
068QzydjZs+YbkCphz3jXAlwAEZT5r247rz76AL7oUYcMLQGFnStrdARXVPNoUgF
a2TeKNBAPyR6owAACIDn+oAxFiZM7CG/ZNzuInGYV6neffmjDAt1C3U9EGrak50H
7m2w1LzL2GG4lEhRG9OTRjB68NOfXfV5drCLt4XP5lAG1HileEFDb8hlBDO9c1wB
WUbWzamGuAGj7Pujr+2E9YJLDkYXCTHkh2KxZY9pzz1rTt+BRwI=
=xHeQ
-----END PGP SIGNATURE-----

gpgv: unknown type of key resource 'trustedkeys.kbx'
gpgv: keyblock resource '/sbuild-nonexistent/.gnupg/trustedkeys.kbx': General error
gpgv: Signature made Sun Feb 23 15:44:49 2020 UTC
gpgv:                using RSA key C361B1E3029543EBC625E97D8372A477EFAE59C2
gpgv: Can't check signature: No public key
dpkg-source: warning: failed to verify signature on ./php-gmagick_2.0.5~rc1+1.1.7~rc3-5.dsc
dpkg-source: info: extracting php-gmagick in /<<PKGBUILDDIR>>
dpkg-source: info: unpacking php-gmagick_2.0.5~rc1+1.1.7~rc3.orig.tar.xz
dpkg-source: info: unpacking php-gmagick_2.0.5~rc1+1.1.7~rc3-5.debian.tar.xz

Check disk space
----------------

Sufficient free space for build

User Environment
----------------

APT_CONFIG=/var/lib/sbuild/apt.conf
HOME=/sbuild-nonexistent
LANG=C.UTF-8
LC_ALL=C.UTF-8
LOGNAME=user42
PATH=/usr/local/sbin:/usr/local/bin:/usr/sbin:/usr/bin:/sbin:/bin:/usr/games
SCHROOT_ALIAS_NAME=unstable
SCHROOT_CHROOT_NAME=sid-amd64-sbuild
SCHROOT_COMMAND=env
SCHROOT_GID=1001
SCHROOT_GROUP=user42
SCHROOT_SESSION_ID=sid-amd64-sbuild-01d70efe-8e59-440e-842a-1ba2a7d776b8
SCHROOT_UID=1001
SCHROOT_USER=user42
SHELL=/bin/sh
USER=user42

dpkg-buildpackage
-----------------

Command: dpkg-buildpackage -us -uc -b -rfakeroot
dpkg-buildpackage: info: source package php-gmagick
dpkg-buildpackage: info: source version 2.0.5~rc1+1.1.7~rc3-5
dpkg-buildpackage: info: source distribution unstable
dpkg-buildpackage: info: source changed by Ondej Sur <ondrej@debian.org>
 dpkg-source --before-build .
dpkg-buildpackage: info: host architecture amd64
 fakeroot debian/rules clean
dh clean --with php
   debian/rules override_dh_auto_clean
make[1]: Entering directory '/<<PKGBUILDDIR>>'
rm -rf build-7.4
touch clean-7.4-stamp
rm -rf build-7.3
touch clean-7.3-stamp
rm -f configure-7.4-stamp configure-7.3-stamp build-7.4-stamp build-7.3-stamp install-7.4-stamp install-7.3-stamp test-7.4-stamp test-7.3-stamp clean-7.4-stamp clean-7.3-stamp
make[1]: Leaving directory '/<<PKGBUILDDIR>>'
   dh_clean
 debian/rules build
dh build --with php
   dh_update_autotools_config
   debian/rules override_dh_auto_configure
make[1]: Entering directory '/<<PKGBUILDDIR>>'
cp -a gmagick-2.0.5RC1 build-7.4
cd build-7.4 && phpize7.4
Configuring for:
PHP Api Version:         20190902
Zend Module Api No:      20190902
Zend Extension Api No:   320190902
dh_auto_configure --sourcedirectory=build-7.4 -- --enable-gmagick --with-php-config=/usr/bin/php-config7.4 
	cd build-7.4 && ./configure --build=x86_64-linux-gnu --prefix=/usr --includedir=\${prefix}/include --mandir=\${prefix}/share/man --infodir=\${prefix}/share/info --sysconfdir=/etc --localstatedir=/var --disable-silent-rules --libdir=\${prefix}/lib/x86_64-linux-gnu --libexecdir=\${prefix}/lib/x86_64-linux-gnu --disable-maintainer-mode --disable-dependency-tracking --enable-gmagick --with-php-config=/usr/bin/php-config7.4
configure: WARNING: unrecognized options: --disable-silent-rules, --disable-maintainer-mode, --disable-dependency-tracking, --enable-gmagick
checking for grep that handles long lines and -e... /bin/grep
checking for egrep... /bin/grep -E
checking for a sed that does not truncate output... /bin/sed
checking for pkg-config... no
checking for cc... cc
checking whether the C compiler works... yes
checking for C compiler default output file name... a.out
checking for suffix of executables... 
checking whether we are cross compiling... no
checking for suffix of object files... o
checking whether we are using the GNU C compiler... yes
checking whether cc accepts -g... yes
checking for cc option to accept ISO C89... none needed
checking how to run the C preprocessor... cc -E
checking for icc... no
checking for suncc... no
checking for system library directory... lib
checking if compiler supports -R... no
checking if compiler supports -Wl,-rpath,... yes
checking build system type... x86_64-pc-linux-gnu
checking host system type... x86_64-pc-linux-gnu
checking target system type... x86_64-pc-linux-gnu
checking for PHP prefix... /usr
checking for PHP includes... -I/usr/include/php/20190902 -I/usr/include/php/20190902/main -I/usr/include/php/20190902/TSRM -I/usr/include/php/20190902/Zend -I/usr/include/php/20190902/ext -I/usr/include/php/20190902/ext/date/lib
checking for PHP extension directory... /usr/lib/php/20190902
checking for PHP installed headers prefix... /usr/include/php/20190902
checking if debug is enabled... no
checking if zts is enabled... no
checking for gawk... no
checking for nawk... nawk
checking if nawk is broken... no
checking whether to enable the gmagick extension... yes, shared
checking GraphicsMagick configuration program... found in /usr/bin/GraphicsMagick-config
checking GraphicsMagick version... found version 1.3.35
checking GraphicsMagick version mask... found version 1003035
checking for a sed that does not truncate output... /bin/sed
checking for ld used by cc... /usr/bin/ld
checking if the linker (/usr/bin/ld) is GNU ld... yes
checking for /usr/bin/ld option to reload object files... -r
checking for BSD-compatible nm... /usr/bin/nm -B
checking whether ln -s works... yes
checking how to recognize dependent libraries... pass_all
checking for ANSI C header files... yes
checking for sys/types.h... yes
checking for sys/stat.h... yes
checking for stdlib.h... yes
checking for string.h... yes
checking for memory.h... yes
checking for strings.h... yes
checking for inttypes.h... yes
checking for stdint.h... yes
checking for unistd.h... yes
checking dlfcn.h usability... yes
checking dlfcn.h presence... yes
checking for dlfcn.h... yes
checking the maximum length of command line arguments... 1572864
checking command to parse /usr/bin/nm -B output from cc object... ok
checking for objdir... .libs
checking for ar... ar
checking for ranlib... ranlib
checking for strip... strip
checking if cc supports -fno-rtti -fno-exceptions... yes
checking for cc option to produce PIC... -fPIC
checking if cc PIC flag -fPIC works... yes
checking if cc static flag -static works... yes
checking if cc supports -c -o file.o... yes
checking whether the cc linker (/usr/bin/ld -m elf_x86_64) supports shared libraries... yes
checking whether -lc should be explicitly linked in... no
checking dynamic linker characteristics... GNU/Linux ld.so
checking how to hardcode library paths into programs... immediate
checking whether stripping libraries is possible... yes
checking if libtool supports shared libraries... yes
checking whether to build shared libraries... yes
checking whether to build static libraries... no

creating libtool
appending configuration tag "CXX" to libtool
configure: patching config.h.in
configure: creating ./config.status
config.status: creating config.h
configure: WARNING: unrecognized options: --disable-silent-rules, --disable-maintainer-mode, --disable-dependency-tracking, --enable-gmagick
touch configure-7.4-stamp
cp -a gmagick-2.0.5RC1 build-7.3
cd build-7.3 && phpize7.3
Configuring for:
PHP Api Version:         20180731
Zend Module Api No:      20180731
Zend Extension Api No:   320180731
dh_auto_configure --sourcedirectory=build-7.3 -- --enable-gmagick --with-php-config=/usr/bin/php-config7.3 
	cd build-7.3 && ./configure --build=x86_64-linux-gnu --prefix=/usr --includedir=\${prefix}/include --mandir=\${prefix}/share/man --infodir=\${prefix}/share/info --sysconfdir=/etc --localstatedir=/var --disable-silent-rules --libdir=\${prefix}/lib/x86_64-linux-gnu --libexecdir=\${prefix}/lib/x86_64-linux-gnu --disable-maintainer-mode --disable-dependency-tracking --enable-gmagick --with-php-config=/usr/bin/php-config7.3
configure: WARNING: unrecognized options: --disable-silent-rules, --disable-maintainer-mode, --disable-dependency-tracking, --enable-gmagick
checking for grep that handles long lines and -e... /bin/grep
checking for egrep... /bin/grep -E
checking for a sed that does not truncate output... /bin/sed
checking for cc... cc
checking whether the C compiler works... yes
checking for C compiler default output file name... a.out
checking for suffix of executables... 
checking whether we are cross compiling... no
checking for suffix of object files... o
checking whether we are using the GNU C compiler... yes
checking whether cc accepts -g... yes
checking for cc option to accept ISO C89... none needed
checking how to run the C preprocessor... cc -E
checking for icc... no
checking for suncc... no
checking whether cc understands -c and -o together... yes
checking for system library directory... lib
checking if compiler supports -R... no
checking if compiler supports -Wl,-rpath,... yes
checking build system type... x86_64-pc-linux-gnu
checking host system type... x86_64-pc-linux-gnu
checking target system type... x86_64-pc-linux-gnu
checking for PHP prefix... /usr
checking for PHP includes... -I/usr/include/php/20180731 -I/usr/include/php/20180731/main -I/usr/include/php/20180731/TSRM -I/usr/include/php/20180731/Zend -I/usr/include/php/20180731/ext -I/usr/include/php/20180731/ext/date/lib
checking for PHP extension directory... /usr/lib/php/20180731
checking for PHP installed headers prefix... /usr/include/php/20180731
checking if debug is enabled... no
checking if zts is enabled... no
checking for re2c... no
configure: WARNING: You will need re2c 0.13.4 or later if you want to regenerate PHP parsers.
checking for gawk... no
checking for nawk... nawk
checking if nawk is broken... no
checking whether to enable the gmagick extension... yes, shared
checking GraphicsMagick configuration program... found in /usr/bin/GraphicsMagick-config
checking GraphicsMagick version... found version 1.3.35
checking GraphicsMagick version mask... found version 1003035
checking how to print strings... printf
checking for a sed that does not truncate output... (cached) /bin/sed
checking for fgrep... /bin/grep -F
checking for ld used by cc... /usr/bin/ld
checking if the linker (/usr/bin/ld) is GNU ld... yes
checking for BSD- or MS-compatible name lister (nm)... /usr/bin/nm -B
checking the name lister (/usr/bin/nm -B) interface... BSD nm
checking whether ln -s works... yes
checking the maximum length of command line arguments... 1572864
checking how to convert x86_64-pc-linux-gnu file names to x86_64-pc-linux-gnu format... func_convert_file_noop
checking how to convert x86_64-pc-linux-gnu file names to toolchain format... func_convert_file_noop
checking for /usr/bin/ld option to reload object files... -r
checking for objdump... objdump
checking how to recognize dependent libraries... pass_all
checking for dlltool... no
checking how to associate runtime and link libraries... printf %s\n
checking for ar... ar
checking for archiver @FILE support... @
checking for strip... strip
checking for ranlib... ranlib
checking for gawk... (cached) nawk
checking command to parse /usr/bin/nm -B output from cc object... ok
checking for sysroot... no
checking for a working dd... /bin/dd
checking how to truncate binary pipes... /bin/dd bs=4096 count=1
checking for mt... no
checking if : is a manifest tool... no
checking for ANSI C header files... yes
checking for sys/types.h... yes
checking for sys/stat.h... yes
checking for stdlib.h... yes
checking for string.h... yes
checking for memory.h... yes
checking for strings.h... yes
checking for inttypes.h... yes
checking for stdint.h... yes
checking for unistd.h... yes
checking for dlfcn.h... yes
checking for objdir... .libs
checking if cc supports -fno-rtti -fno-exceptions... yes
checking for cc option to produce PIC... -fPIC -DPIC
checking if cc PIC flag -fPIC -DPIC works... yes
checking if cc static flag -static works... yes
checking if cc supports -c -o file.o... yes
checking if cc supports -c -o file.o... (cached) yes
checking whether the cc linker (/usr/bin/ld -m elf_x86_64) supports shared libraries... yes
checking whether -lc should be explicitly linked in... no
checking dynamic linker characteristics... GNU/Linux ld.so
checking how to hardcode library paths into programs... immediate
checking whether stripping libraries is possible... yes
checking if libtool supports shared libraries... yes
checking whether to build shared libraries... yes
checking whether to build static libraries... no
configure: creating ./config.status
config.status: creating config.h
config.status: executing libtool commands
configure: WARNING: unrecognized options: --disable-silent-rules, --disable-maintainer-mode, --disable-dependency-tracking, --enable-gmagick
touch configure-7.3-stamp
dh override_dh_auto_configure --with php
make[1]: Leaving directory '/<<PKGBUILDDIR>>'
   debian/rules override_dh_auto_build
make[1]: Entering directory '/<<PKGBUILDDIR>>'
dh_auto_build --sourcedirectory=build-7.4
	cd build-7.4 && make -j1
make[2]: Entering directory '/<<PKGBUILDDIR>>/build-7.4'
/bin/bash /<<PKGBUILDDIR>>/build-7.4/libtool --mode=compile cc  -I. -I/<<PKGBUILDDIR>>/build-7.4 -DPHP_ATOM_INC -I/<<PKGBUILDDIR>>/build-7.4/include -I/<<PKGBUILDDIR>>/build-7.4/main -I/<<PKGBUILDDIR>>/build-7.4 -I/usr/include/php/20190902 -I/usr/include/php/20190902/main -I/usr/include/php/20190902/TSRM -I/usr/include/php/20190902/Zend -I/usr/include/php/20190902/ext -I/usr/include/php/20190902/ext/date/lib -I/usr/include/GraphicsMagick  -Wdate-time -D_FORTIFY_SOURCE=2 -DHAVE_CONFIG_H  -g -O2 -fdebug-prefix-map=/<<PKGBUILDDIR>>=. -fstack-protector-strong -Wformat -Werror=format-security -Wall -pedantic   -c /<<PKGBUILDDIR>>/build-7.4/gmagick_helpers.c -o gmagick_helpers.lo 
mkdir .libs
 cc -I. "-I/<<PKGBUILDDIR>>/build-7.4" -DPHP_ATOM_INC "-I/<<PKGBUILDDIR>>/build-7.4/include" "-I/<<PKGBUILDDIR>>/build-7.4/main" "-I/<<PKGBUILDDIR>>/build-7.4" -I/usr/include/php/20190902 -I/usr/include/php/20190902/main -I/usr/include/php/20190902/TSRM -I/usr/include/php/20190902/Zend -I/usr/include/php/20190902/ext -I/usr/include/php/20190902/ext/date/lib -I/usr/include/GraphicsMagick -Wdate-time -D_FORTIFY_SOURCE=2 -DHAVE_CONFIG_H -g -O2 "-fdebug-prefix-map=/<<PKGBUILDDIR>>=." -fstack-protector-strong -Wformat -Werror=format-security -Wall -pedantic -c "/<<PKGBUILDDIR>>/build-7.4/gmagick_helpers.c"  -fPIC -DPIC -o .libs/gmagick_helpers.o
/bin/bash /<<PKGBUILDDIR>>/build-7.4/libtool --mode=compile cc  -I. -I/<<PKGBUILDDIR>>/build-7.4 -DPHP_ATOM_INC -I/<<PKGBUILDDIR>>/build-7.4/include -I/<<PKGBUILDDIR>>/build-7.4/main -I/<<PKGBUILDDIR>>/build-7.4 -I/usr/include/php/20190902 -I/usr/include/php/20190902/main -I/usr/include/php/20190902/TSRM -I/usr/include/php/20190902/Zend -I/usr/include/php/20190902/ext -I/usr/include/php/20190902/ext/date/lib -I/usr/include/GraphicsMagick  -Wdate-time -D_FORTIFY_SOURCE=2 -DHAVE_CONFIG_H  -g -O2 -fdebug-prefix-map=/<<PKGBUILDDIR>>=. -fstack-protector-strong -Wformat -Werror=format-security -Wall -pedantic   -c /<<PKGBUILDDIR>>/build-7.4/gmagick_methods.c -o gmagick_methods.lo 
 cc -I. "-I/<<PKGBUILDDIR>>/build-7.4" -DPHP_ATOM_INC "-I/<<PKGBUILDDIR>>/build-7.4/include" "-I/<<PKGBUILDDIR>>/build-7.4/main" "-I/<<PKGBUILDDIR>>/build-7.4" -I/usr/include/php/20190902 -I/usr/include/php/20190902/main -I/usr/include/php/20190902/TSRM -I/usr/include/php/20190902/Zend -I/usr/include/php/20190902/ext -I/usr/include/php/20190902/ext/date/lib -I/usr/include/GraphicsMagick -Wdate-time -D_FORTIFY_SOURCE=2 -DHAVE_CONFIG_H -g -O2 "-fdebug-prefix-map=/<<PKGBUILDDIR>>=." -fstack-protector-strong -Wformat -Werror=format-security -Wall -pedantic -c "/<<PKGBUILDDIR>>/build-7.4/gmagick_methods.c"  -fPIC -DPIC -o .libs/gmagick_methods.o
/<<PKGBUILDDIR>>/build-7.4/gmagick_methods.c:4553:3: warning: misleading indentation; statement is not part of the previous 'if' [-Wmisleading-indentation]
                status = MagickUnsharpMaskImage(intern->magick_wand, radius, sigma, amount, threshold);
                ^
/<<PKGBUILDDIR>>/build-7.4/gmagick_methods.c:4550:2: note: previous statement is here
        if (php_gmagick_ensure_not_empty (intern->magick_wand) == 0)
        ^
1 warning generated.
/bin/bash /<<PKGBUILDDIR>>/build-7.4/libtool --mode=compile cc  -I. -I/<<PKGBUILDDIR>>/build-7.4 -DPHP_ATOM_INC -I/<<PKGBUILDDIR>>/build-7.4/include -I/<<PKGBUILDDIR>>/build-7.4/main -I/<<PKGBUILDDIR>>/build-7.4 -I/usr/include/php/20190902 -I/usr/include/php/20190902/main -I/usr/include/php/20190902/TSRM -I/usr/include/php/20190902/Zend -I/usr/include/php/20190902/ext -I/usr/include/php/20190902/ext/date/lib -I/usr/include/GraphicsMagick  -Wdate-time -D_FORTIFY_SOURCE=2 -DHAVE_CONFIG_H  -g -O2 -fdebug-prefix-map=/<<PKGBUILDDIR>>=. -fstack-protector-strong -Wformat -Werror=format-security -Wall -pedantic   -c /<<PKGBUILDDIR>>/build-7.4/gmagick.c -o gmagick.lo 
 cc -I. "-I/<<PKGBUILDDIR>>/build-7.4" -DPHP_ATOM_INC "-I/<<PKGBUILDDIR>>/build-7.4/include" "-I/<<PKGBUILDDIR>>/build-7.4/main" "-I/<<PKGBUILDDIR>>/build-7.4" -I/usr/include/php/20190902 -I/usr/include/php/20190902/main -I/usr/include/php/20190902/TSRM -I/usr/include/php/20190902/Zend -I/usr/include/php/20190902/ext -I/usr/include/php/20190902/ext/date/lib -I/usr/include/GraphicsMagick -Wdate-time -D_FORTIFY_SOURCE=2 -DHAVE_CONFIG_H -g -O2 "-fdebug-prefix-map=/<<PKGBUILDDIR>>=." -fstack-protector-strong -Wformat -Werror=format-security -Wall -pedantic -c "/<<PKGBUILDDIR>>/build-7.4/gmagick.c"  -fPIC -DPIC -o .libs/gmagick.o
/<<PKGBUILDDIR>>/build-7.4/gmagick.c:546:24: warning: unused variable 'gmagick_newpseudoimage_args' [-Wunused-const-variable]
ZEND_BEGIN_ARG_INFO_EX(gmagick_newpseudoimage_args, 0, 0, 3)
                       ^
/<<PKGBUILDDIR>>/build-7.4/gmagick.c:565:24: warning: unused variable 'gmagick_oilpaintimage_args' [-Wunused-const-variable]
ZEND_BEGIN_ARG_INFO_EX(gmagick_oilpaintimage_args, 0, 0, 1)
                       ^
/<<PKGBUILDDIR>>/build-7.4/gmagick.c:569:24: warning: unused variable 'gmagick_previewimages_args' [-Wunused-const-variable]
ZEND_BEGIN_ARG_INFO_EX(gmagick_previewimages_args, 0, 0, 1)
                       ^
/<<PKGBUILDDIR>>/build-7.4/gmagick.c:594:24: warning: unused variable 'gmagick_queryfonts_args' [-Wunused-const-variable]
ZEND_BEGIN_ARG_INFO_EX(gmagick_queryfonts_args, 0, 0, 1)
                       ^
/<<PKGBUILDDIR>>/build-7.4/gmagick.c:695:24: warning: unused variable 'gmagick_writeimages_args' [-Wunused-const-variable]
ZEND_BEGIN_ARG_INFO_EX(gmagick_writeimages_args, 0, 0, 2)
                       ^
5 warnings generated.
/bin/bash /<<PKGBUILDDIR>>/build-7.4/libtool --mode=compile cc  -I. -I/<<PKGBUILDDIR>>/build-7.4 -DPHP_ATOM_INC -I/<<PKGBUILDDIR>>/build-7.4/include -I/<<PKGBUILDDIR>>/build-7.4/main -I/<<PKGBUILDDIR>>/build-7.4 -I/usr/include/php/20190902 -I/usr/include/php/20190902/main -I/usr/include/php/20190902/TSRM -I/usr/include/php/20190902/Zend -I/usr/include/php/20190902/ext -I/usr/include/php/20190902/ext/date/lib -I/usr/include/GraphicsMagick  -Wdate-time -D_FORTIFY_SOURCE=2 -DHAVE_CONFIG_H  -g -O2 -fdebug-prefix-map=/<<PKGBUILDDIR>>=. -fstack-protector-strong -Wformat -Werror=format-security -Wall -pedantic   -c /<<PKGBUILDDIR>>/build-7.4/gmagickdraw_methods.c -o gmagickdraw_methods.lo 
 cc -I. "-I/<<PKGBUILDDIR>>/build-7.4" -DPHP_ATOM_INC "-I/<<PKGBUILDDIR>>/build-7.4/include" "-I/<<PKGBUILDDIR>>/build-7.4/main" "-I/<<PKGBUILDDIR>>/build-7.4" -I/usr/include/php/20190902 -I/usr/include/php/20190902/main -I/usr/include/php/20190902/TSRM -I/usr/include/php/20190902/Zend -I/usr/include/php/20190902/ext -I/usr/include/php/20190902/ext/date/lib -I/usr/include/GraphicsMagick -Wdate-time -D_FORTIFY_SOURCE=2 -DHAVE_CONFIG_H -g -O2 "-fdebug-prefix-map=/<<PKGBUILDDIR>>=." -fstack-protector-strong -Wformat -Werror=format-security -Wall -pedantic -c "/<<PKGBUILDDIR>>/build-7.4/gmagickdraw_methods.c"  -fPIC -DPIC -o .libs/gmagickdraw_methods.o
/bin/bash /<<PKGBUILDDIR>>/build-7.4/libtool --mode=compile cc  -I. -I/<<PKGBUILDDIR>>/build-7.4 -DPHP_ATOM_INC -I/<<PKGBUILDDIR>>/build-7.4/include -I/<<PKGBUILDDIR>>/build-7.4/main -I/<<PKGBUILDDIR>>/build-7.4 -I/usr/include/php/20190902 -I/usr/include/php/20190902/main -I/usr/include/php/20190902/TSRM -I/usr/include/php/20190902/Zend -I/usr/include/php/20190902/ext -I/usr/include/php/20190902/ext/date/lib -I/usr/include/GraphicsMagick  -Wdate-time -D_FORTIFY_SOURCE=2 -DHAVE_CONFIG_H  -g -O2 -fdebug-prefix-map=/<<PKGBUILDDIR>>=. -fstack-protector-strong -Wformat -Werror=format-security -Wall -pedantic   -c /<<PKGBUILDDIR>>/build-7.4/gmagickpixel_methods.c -o gmagickpixel_methods.lo 
 cc -I. "-I/<<PKGBUILDDIR>>/build-7.4" -DPHP_ATOM_INC "-I/<<PKGBUILDDIR>>/build-7.4/include" "-I/<<PKGBUILDDIR>>/build-7.4/main" "-I/<<PKGBUILDDIR>>/build-7.4" -I/usr/include/php/20190902 -I/usr/include/php/20190902/main -I/usr/include/php/20190902/TSRM -I/usr/include/php/20190902/Zend -I/usr/include/php/20190902/ext -I/usr/include/php/20190902/ext/date/lib -I/usr/include/GraphicsMagick -Wdate-time -D_FORTIFY_SOURCE=2 -DHAVE_CONFIG_H -g -O2 "-fdebug-prefix-map=/<<PKGBUILDDIR>>=." -fstack-protector-strong -Wformat -Werror=format-security -Wall -pedantic -c "/<<PKGBUILDDIR>>/build-7.4/gmagickpixel_methods.c"  -fPIC -DPIC -o .libs/gmagickpixel_methods.o
/<<PKGBUILDDIR>>/build-7.4/gmagickpixel_methods.c:333:107: warning: format specifies type 'int' but the argument has type 'zend_long' (aka 'long') [-Wformat]
                        zend_throw_exception_ex(php_gmagickpixel_exception_class_entry, 2 TSRMLS_CC, "Unknown color type: %d", color_quantum);
                                                                                                                          ~~   ^~~~~~~~~~~~~
                                                                                                                          %ld
/<<PKGBUILDDIR>>/build-7.4/gmagickpixel_methods.c:394:107: warning: format specifies type 'int' but the argument has type 'zend_long' (aka 'long') [-Wformat]
                        zend_throw_exception_ex(php_gmagickpixel_exception_class_entry, 2 TSRMLS_CC, "Unknown color type: %d", color_quantum);
                                                                                                                          ~~   ^~~~~~~~~~~~~
                                                                                                                          %ld
/<<PKGBUILDDIR>>/build-7.4/gmagickpixel_methods.c:400:10: warning: no newline at end of file [-Wnewline-eof]
/* }}} */
         ^
3 warnings generated.
/bin/bash /<<PKGBUILDDIR>>/build-7.4/libtool --mode=link cc -DPHP_ATOM_INC -I/<<PKGBUILDDIR>>/build-7.4/include -I/<<PKGBUILDDIR>>/build-7.4/main -I/<<PKGBUILDDIR>>/build-7.4 -I/usr/include/php/20190902 -I/usr/include/php/20190902/main -I/usr/include/php/20190902/TSRM -I/usr/include/php/20190902/Zend -I/usr/include/php/20190902/ext -I/usr/include/php/20190902/ext/date/lib -I/usr/include/GraphicsMagick  -Wdate-time -D_FORTIFY_SOURCE=2 -DHAVE_CONFIG_H  -g -O2 -fdebug-prefix-map=/<<PKGBUILDDIR>>=. -fstack-protector-strong -Wformat -Werror=format-security -Wall -pedantic  -Wl,-z,relro -Wl,-z,now -Wl,--as-needed  -o gmagick.la -export-dynamic -avoid-version -prefer-pic -module -rpath /<<PKGBUILDDIR>>/build-7.4/modules  gmagick_helpers.lo gmagick_methods.lo gmagick.lo gmagickdraw_methods.lo gmagickpixel_methods.lo -lGraphicsMagickWand -lGraphicsMagick
cc -shared  .libs/gmagick_helpers.o .libs/gmagick_methods.o .libs/gmagick.o .libs/gmagickdraw_methods.o .libs/gmagickpixel_methods.o  -lGraphicsMagickWand -lGraphicsMagick  -Wl,-z -Wl,relro -Wl,-z -Wl,now -Wl,--as-needed -Wl,-soname -Wl,gmagick.so -o .libs/gmagick.so
creating gmagick.la
(cd .libs && rm -f gmagick.la && ln -s ../gmagick.la gmagick.la)
/bin/bash /<<PKGBUILDDIR>>/build-7.4/libtool --mode=install cp ./gmagick.la /<<PKGBUILDDIR>>/build-7.4/modules
cp ./.libs/gmagick.so /<<PKGBUILDDIR>>/build-7.4/modules/gmagick.so
cp ./.libs/gmagick.lai /<<PKGBUILDDIR>>/build-7.4/modules/gmagick.la
PATH="$PATH:/sbin" ldconfig -n /<<PKGBUILDDIR>>/build-7.4/modules
----------------------------------------------------------------------
Libraries have been installed in:
   /<<PKGBUILDDIR>>/build-7.4/modules

If you ever happen to want to link against installed libraries
in a given directory, LIBDIR, you must either use libtool, and
specify the full pathname of the library, or use the `-LLIBDIR'
flag during linking and do at least one of the following:
   - add LIBDIR to the `LD_LIBRARY_PATH' environment variable
     during execution
   - add LIBDIR to the `LD_RUN_PATH' environment variable
     during linking
   - use the `-Wl,--rpath -Wl,LIBDIR' linker flag
   - have your system administrator add LIBDIR to `/etc/ld.so.conf'

See any operating system documentation about shared libraries for
more information, such as the ld(1) and ld.so(8) manual pages.
----------------------------------------------------------------------

Build complete.
Don't forget to run 'make test'.

make[2]: Leaving directory '/<<PKGBUILDDIR>>/build-7.4'
touch build-7.4-stamp
dh_auto_build --sourcedirectory=build-7.3
	cd build-7.3 && make -j1
make[2]: Entering directory '/<<PKGBUILDDIR>>/build-7.3'
/bin/bash /<<PKGBUILDDIR>>/build-7.3/libtool --mode=compile cc  -I. -I/<<PKGBUILDDIR>>/build-7.3 -DPHP_ATOM_INC -I/<<PKGBUILDDIR>>/build-7.3/include -I/<<PKGBUILDDIR>>/build-7.3/main -I/<<PKGBUILDDIR>>/build-7.3 -I/usr/include/php/20180731 -I/usr/include/php/20180731/main -I/usr/include/php/20180731/TSRM -I/usr/include/php/20180731/Zend -I/usr/include/php/20180731/ext -I/usr/include/php/20180731/ext/date/lib -I/usr/include/GraphicsMagick  -Wdate-time -D_FORTIFY_SOURCE=2 -DHAVE_CONFIG_H  -g -O2 -fdebug-prefix-map=/<<PKGBUILDDIR>>=. -fstack-protector-strong -Wformat -Werror=format-security -Wall -pedantic   -c /<<PKGBUILDDIR>>/build-7.3/gmagick_helpers.c -o gmagick_helpers.lo 
libtool: compile:  cc -I. "-I/<<PKGBUILDDIR>>/build-7.3" -DPHP_ATOM_INC "-I/<<PKGBUILDDIR>>/build-7.3/include" "-I/<<PKGBUILDDIR>>/build-7.3/main" "-I/<<PKGBUILDDIR>>/build-7.3" -I/usr/include/php/20180731 -I/usr/include/php/20180731/main -I/usr/include/php/20180731/TSRM -I/usr/include/php/20180731/Zend -I/usr/include/php/20180731/ext -I/usr/include/php/20180731/ext/date/lib -I/usr/include/GraphicsMagick -Wdate-time -D_FORTIFY_SOURCE=2 -DHAVE_CONFIG_H -g -O2 "-fdebug-prefix-map=/<<PKGBUILDDIR>>=." -fstack-protector-strong -Wformat -Werror=format-security -Wall -pedantic -c "/<<PKGBUILDDIR>>/build-7.3/gmagick_helpers.c"  -fPIC -DPIC -o .libs/gmagick_helpers.o
/bin/bash /<<PKGBUILDDIR>>/build-7.3/libtool --mode=compile cc  -I. -I/<<PKGBUILDDIR>>/build-7.3 -DPHP_ATOM_INC -I/<<PKGBUILDDIR>>/build-7.3/include -I/<<PKGBUILDDIR>>/build-7.3/main -I/<<PKGBUILDDIR>>/build-7.3 -I/usr/include/php/20180731 -I/usr/include/php/20180731/main -I/usr/include/php/20180731/TSRM -I/usr/include/php/20180731/Zend -I/usr/include/php/20180731/ext -I/usr/include/php/20180731/ext/date/lib -I/usr/include/GraphicsMagick  -Wdate-time -D_FORTIFY_SOURCE=2 -DHAVE_CONFIG_H  -g -O2 -fdebug-prefix-map=/<<PKGBUILDDIR>>=. -fstack-protector-strong -Wformat -Werror=format-security -Wall -pedantic   -c /<<PKGBUILDDIR>>/build-7.3/gmagick_methods.c -o gmagick_methods.lo 
libtool: compile:  cc -I. "-I/<<PKGBUILDDIR>>/build-7.3" -DPHP_ATOM_INC "-I/<<PKGBUILDDIR>>/build-7.3/include" "-I/<<PKGBUILDDIR>>/build-7.3/main" "-I/<<PKGBUILDDIR>>/build-7.3" -I/usr/include/php/20180731 -I/usr/include/php/20180731/main -I/usr/include/php/20180731/TSRM -I/usr/include/php/20180731/Zend -I/usr/include/php/20180731/ext -I/usr/include/php/20180731/ext/date/lib -I/usr/include/GraphicsMagick -Wdate-time -D_FORTIFY_SOURCE=2 -DHAVE_CONFIG_H -g -O2 "-fdebug-prefix-map=/<<PKGBUILDDIR>>=." -fstack-protector-strong -Wformat -Werror=format-security -Wall -pedantic -c "/<<PKGBUILDDIR>>/build-7.3/gmagick_methods.c"  -fPIC -DPIC -o .libs/gmagick_methods.o
/<<PKGBUILDDIR>>/build-7.3/gmagick_methods.c:4553:3: warning: misleading indentation; statement is not part of the previous 'if' [-Wmisleading-indentation]
                status = MagickUnsharpMaskImage(intern->magick_wand, radius, sigma, amount, threshold);
                ^
/<<PKGBUILDDIR>>/build-7.3/gmagick_methods.c:4550:2: note: previous statement is here
        if (php_gmagick_ensure_not_empty (intern->magick_wand) == 0)
        ^
1 warning generated.
/bin/bash /<<PKGBUILDDIR>>/build-7.3/libtool --mode=compile cc  -I. -I/<<PKGBUILDDIR>>/build-7.3 -DPHP_ATOM_INC -I/<<PKGBUILDDIR>>/build-7.3/include -I/<<PKGBUILDDIR>>/build-7.3/main -I/<<PKGBUILDDIR>>/build-7.3 -I/usr/include/php/20180731 -I/usr/include/php/20180731/main -I/usr/include/php/20180731/TSRM -I/usr/include/php/20180731/Zend -I/usr/include/php/20180731/ext -I/usr/include/php/20180731/ext/date/lib -I/usr/include/GraphicsMagick  -Wdate-time -D_FORTIFY_SOURCE=2 -DHAVE_CONFIG_H  -g -O2 -fdebug-prefix-map=/<<PKGBUILDDIR>>=. -fstack-protector-strong -Wformat -Werror=format-security -Wall -pedantic   -c /<<PKGBUILDDIR>>/build-7.3/gmagick.c -o gmagick.lo 
libtool: compile:  cc -I. "-I/<<PKGBUILDDIR>>/build-7.3" -DPHP_ATOM_INC "-I/<<PKGBUILDDIR>>/build-7.3/include" "-I/<<PKGBUILDDIR>>/build-7.3/main" "-I/<<PKGBUILDDIR>>/build-7.3" -I/usr/include/php/20180731 -I/usr/include/php/20180731/main -I/usr/include/php/20180731/TSRM -I/usr/include/php/20180731/Zend -I/usr/include/php/20180731/ext -I/usr/include/php/20180731/ext/date/lib -I/usr/include/GraphicsMagick -Wdate-time -D_FORTIFY_SOURCE=2 -DHAVE_CONFIG_H -g -O2 "-fdebug-prefix-map=/<<PKGBUILDDIR>>=." -fstack-protector-strong -Wformat -Werror=format-security -Wall -pedantic -c "/<<PKGBUILDDIR>>/build-7.3/gmagick.c"  -fPIC -DPIC -o .libs/gmagick.o
/<<PKGBUILDDIR>>/build-7.3/gmagick.c:546:24: warning: unused variable 'gmagick_newpseudoimage_args' [-Wunused-const-variable]
ZEND_BEGIN_ARG_INFO_EX(gmagick_newpseudoimage_args, 0, 0, 3)
                       ^
/<<PKGBUILDDIR>>/build-7.3/gmagick.c:565:24: warning: unused variable 'gmagick_oilpaintimage_args' [-Wunused-const-variable]
ZEND_BEGIN_ARG_INFO_EX(gmagick_oilpaintimage_args, 0, 0, 1)
                       ^
/<<PKGBUILDDIR>>/build-7.3/gmagick.c:569:24: warning: unused variable 'gmagick_previewimages_args' [-Wunused-const-variable]
ZEND_BEGIN_ARG_INFO_EX(gmagick_previewimages_args, 0, 0, 1)
                       ^
/<<PKGBUILDDIR>>/build-7.3/gmagick.c:594:24: warning: unused variable 'gmagick_queryfonts_args' [-Wunused-const-variable]
ZEND_BEGIN_ARG_INFO_EX(gmagick_queryfonts_args, 0, 0, 1)
                       ^
/<<PKGBUILDDIR>>/build-7.3/gmagick.c:695:24: warning: unused variable 'gmagick_writeimages_args' [-Wunused-const-variable]
ZEND_BEGIN_ARG_INFO_EX(gmagick_writeimages_args, 0, 0, 2)
                       ^
5 warnings generated.
/bin/bash /<<PKGBUILDDIR>>/build-7.3/libtool --mode=compile cc  -I. -I/<<PKGBUILDDIR>>/build-7.3 -DPHP_ATOM_INC -I/<<PKGBUILDDIR>>/build-7.3/include -I/<<PKGBUILDDIR>>/build-7.3/main -I/<<PKGBUILDDIR>>/build-7.3 -I/usr/include/php/20180731 -I/usr/include/php/20180731/main -I/usr/include/php/20180731/TSRM -I/usr/include/php/20180731/Zend -I/usr/include/php/20180731/ext -I/usr/include/php/20180731/ext/date/lib -I/usr/include/GraphicsMagick  -Wdate-time -D_FORTIFY_SOURCE=2 -DHAVE_CONFIG_H  -g -O2 -fdebug-prefix-map=/<<PKGBUILDDIR>>=. -fstack-protector-strong -Wformat -Werror=format-security -Wall -pedantic   -c /<<PKGBUILDDIR>>/build-7.3/gmagickdraw_methods.c -o gmagickdraw_methods.lo 
libtool: compile:  cc -I. "-I/<<PKGBUILDDIR>>/build-7.3" -DPHP_ATOM_INC "-I/<<PKGBUILDDIR>>/build-7.3/include" "-I/<<PKGBUILDDIR>>/build-7.3/main" "-I/<<PKGBUILDDIR>>/build-7.3" -I/usr/include/php/20180731 -I/usr/include/php/20180731/main -I/usr/include/php/20180731/TSRM -I/usr/include/php/20180731/Zend -I/usr/include/php/20180731/ext -I/usr/include/php/20180731/ext/date/lib -I/usr/include/GraphicsMagick -Wdate-time -D_FORTIFY_SOURCE=2 -DHAVE_CONFIG_H -g -O2 "-fdebug-prefix-map=/<<PKGBUILDDIR>>=." -fstack-protector-strong -Wformat -Werror=format-security -Wall -pedantic -c "/<<PKGBUILDDIR>>/build-7.3/gmagickdraw_methods.c"  -fPIC -DPIC -o .libs/gmagickdraw_methods.o
/bin/bash /<<PKGBUILDDIR>>/build-7.3/libtool --mode=compile cc  -I. -I/<<PKGBUILDDIR>>/build-7.3 -DPHP_ATOM_INC -I/<<PKGBUILDDIR>>/build-7.3/include -I/<<PKGBUILDDIR>>/build-7.3/main -I/<<PKGBUILDDIR>>/build-7.3 -I/usr/include/php/20180731 -I/usr/include/php/20180731/main -I/usr/include/php/20180731/TSRM -I/usr/include/php/20180731/Zend -I/usr/include/php/20180731/ext -I/usr/include/php/20180731/ext/date/lib -I/usr/include/GraphicsMagick  -Wdate-time -D_FORTIFY_SOURCE=2 -DHAVE_CONFIG_H  -g -O2 -fdebug-prefix-map=/<<PKGBUILDDIR>>=. -fstack-protector-strong -Wformat -Werror=format-security -Wall -pedantic   -c /<<PKGBUILDDIR>>/build-7.3/gmagickpixel_methods.c -o gmagickpixel_methods.lo 
libtool: compile:  cc -I. "-I/<<PKGBUILDDIR>>/build-7.3" -DPHP_ATOM_INC "-I/<<PKGBUILDDIR>>/build-7.3/include" "-I/<<PKGBUILDDIR>>/build-7.3/main" "-I/<<PKGBUILDDIR>>/build-7.3" -I/usr/include/php/20180731 -I/usr/include/php/20180731/main -I/usr/include/php/20180731/TSRM -I/usr/include/php/20180731/Zend -I/usr/include/php/20180731/ext -I/usr/include/php/20180731/ext/date/lib -I/usr/include/GraphicsMagick -Wdate-time -D_FORTIFY_SOURCE=2 -DHAVE_CONFIG_H -g -O2 "-fdebug-prefix-map=/<<PKGBUILDDIR>>=." -fstack-protector-strong -Wformat -Werror=format-security -Wall -pedantic -c "/<<PKGBUILDDIR>>/build-7.3/gmagickpixel_methods.c"  -fPIC -DPIC -o .libs/gmagickpixel_methods.o
/<<PKGBUILDDIR>>/build-7.3/gmagickpixel_methods.c:333:107: warning: format specifies type 'int' but the argument has type 'zend_long' (aka 'long') [-Wformat]
                        zend_throw_exception_ex(php_gmagickpixel_exception_class_entry, 2 TSRMLS_CC, "Unknown color type: %d", color_quantum);
                                                                                                                          ~~   ^~~~~~~~~~~~~
                                                                                                                          %ld
/<<PKGBUILDDIR>>/build-7.3/gmagickpixel_methods.c:394:107: warning: format specifies type 'int' but the argument has type 'zend_long' (aka 'long') [-Wformat]
                        zend_throw_exception_ex(php_gmagickpixel_exception_class_entry, 2 TSRMLS_CC, "Unknown color type: %d", color_quantum);
                                                                                                                          ~~   ^~~~~~~~~~~~~
                                                                                                                          %ld
/<<PKGBUILDDIR>>/build-7.3/gmagickpixel_methods.c:400:10: warning: no newline at end of file [-Wnewline-eof]
/* }}} */
         ^
3 warnings generated.
/bin/bash /<<PKGBUILDDIR>>/build-7.3/libtool --mode=link cc -DPHP_ATOM_INC -I/<<PKGBUILDDIR>>/build-7.3/include -I/<<PKGBUILDDIR>>/build-7.3/main -I/<<PKGBUILDDIR>>/build-7.3 -I/usr/include/php/20180731 -I/usr/include/php/20180731/main -I/usr/include/php/20180731/TSRM -I/usr/include/php/20180731/Zend -I/usr/include/php/20180731/ext -I/usr/include/php/20180731/ext/date/lib -I/usr/include/GraphicsMagick  -Wdate-time -D_FORTIFY_SOURCE=2 -DHAVE_CONFIG_H  -g -O2 -fdebug-prefix-map=/<<PKGBUILDDIR>>=. -fstack-protector-strong -Wformat -Werror=format-security -Wall -pedantic  -Wl,-z,relro -Wl,-z,now -Wl,--as-needed  -o gmagick.la -export-dynamic -avoid-version -prefer-pic -module -rpath /<<PKGBUILDDIR>>/build-7.3/modules  gmagick_helpers.lo gmagick_methods.lo gmagick.lo gmagickdraw_methods.lo gmagickpixel_methods.lo -lGraphicsMagickWand -lGraphicsMagick
libtool: link: cc -shared  -fPIC -DPIC  .libs/gmagick_helpers.o .libs/gmagick_methods.o .libs/gmagick.o .libs/gmagickdraw_methods.o .libs/gmagickpixel_methods.o   -lGraphicsMagickWand -lGraphicsMagick  -g -O2 -fstack-protector-strong -Wl,-z -Wl,relro -Wl,-z -Wl,now -Wl,--as-needed   -Wl,-soname -Wl,gmagick.so -o .libs/gmagick.so
libtool: link: ( cd ".libs" && rm -f "gmagick.la" && ln -s "../gmagick.la" "gmagick.la" )
/bin/bash /<<PKGBUILDDIR>>/build-7.3/libtool --mode=install cp ./gmagick.la /<<PKGBUILDDIR>>/build-7.3/modules
libtool: install: cp ./.libs/gmagick.so /<<PKGBUILDDIR>>/build-7.3/modules/gmagick.so
libtool: install: cp ./.libs/gmagick.lai /<<PKGBUILDDIR>>/build-7.3/modules/gmagick.la
libtool: finish: PATH="/usr/local/sbin:/usr/local/bin:/usr/sbin:/usr/bin:/sbin:/bin:/usr/games:/sbin" ldconfig -n /<<PKGBUILDDIR>>/build-7.3/modules
----------------------------------------------------------------------
Libraries have been installed in:
   /<<PKGBUILDDIR>>/build-7.3/modules

If you ever happen to want to link against installed libraries
in a given directory, LIBDIR, you must either use libtool, and
specify the full pathname of the library, or use the '-LLIBDIR'
flag during linking and do at least one of the following:
   - add LIBDIR to the 'LD_LIBRARY_PATH' environment variable
     during execution
   - add LIBDIR to the 'LD_RUN_PATH' environment variable
     during linking
   - use the '-Wl,-rpath -Wl,LIBDIR' linker flag
   - have your system administrator add LIBDIR to '/etc/ld.so.conf'

See any operating system documentation about shared libraries for
more information, such as the ld(1) and ld.so(8) manual pages.
----------------------------------------------------------------------

Build complete.
Don't forget to run 'make test'.

make[2]: Leaving directory '/<<PKGBUILDDIR>>/build-7.3'
touch build-7.3-stamp
dh override_dh_auto_build --with php
make[1]: Leaving directory '/<<PKGBUILDDIR>>'
   debian/rules override_dh_auto_test
make[1]: Entering directory '/<<PKGBUILDDIR>>'
dh_auto_test --sourcedirectory=build-7.4 -- INSTALL_ROOT=/<<PKGBUILDDIR>>/debian/php-gmagick
	cd build-7.4 && make -j1 test VERBOSE=1 INSTALL_ROOT=/<<BUILDDIR>>/php-gmagick-2.0.5\~rc1\+1.1.7\~rc3/debian/php-gmagick
make[2]: Entering directory '/<<PKGBUILDDIR>>/build-7.4'

Build complete.
Don't forget to run 'make test'.


=====================================================================
PHP         : /usr/bin/php7.4 
PHP_SAPI    : cli
PHP_VERSION : 7.4.3
ZEND_VERSION: 3.4.0
PHP_OS      : Linux - Linux ip-172-31-11-224 4.19.0-6-cloud-amd64 #1 SMP Debian 4.19.67-2+deb10u2 (2019-11-11) x86_64
INI actual  : /<<PKGBUILDDIR>>/build-7.4/tmp-php.ini
More .INIs  :   
CWD         : /<<PKGBUILDDIR>>/build-7.4
Extra dirs  : 
VALGRIND    : Not used
=====================================================================
TIME START 2020-02-25 06:50:14
=====================================================================
TEST 1/184 [tests/gmagick-001-read_and_write.phpt]
PASS Test read/write [tests/gmagick-001-read_and_write.phpt] 
TEST 2/184 [tests/gmagick-002-crop_variations.phpt]
PASS Test crop with and without an image [tests/gmagick-002-crop_variations.phpt] 
TEST 3/184 [tests/gmagick-003-resize_variations.phpt]
FAIL Test resize [tests/gmagick-003-resize_variations.phpt] 
TEST 4/184 [tests/gmagick-004-composite_variations.phpt]
PASS Test composite variations [tests/gmagick-004-composite_variations.phpt] 
TEST 5/184 [tests/gmagick-005-draw.phpt]
PASS Test read/write [tests/gmagick-005-draw.phpt] 
TEST 6/184 [tests/gmagick-006-annotateimage.phpt]
FAIL Test annotate image [tests/gmagick-006-annotateimage.phpt] 
TEST 7/184 [tests/gmagick-007-blurimage.phpt]
FAIL Test blur image [tests/gmagick-007-blurimage.phpt] 
TEST 8/184 [tests/gmagick-008-addimage.phpt]
PASS Test add image [tests/gmagick-008-addimage.phpt] 
TEST 9/184 [tests/gmagick-009-addimagenoise.phpt]
PASS Test addnoiseimage image [tests/gmagick-009-addimagenoise.phpt] 
TEST 10/184 [tests/gmagick-010-borderimage.phpt]
PASS Test border image [tests/gmagick-010-borderimage.phpt] 
TEST 11/184 [tests/gmagick-011-charcoalimage.phpt]
FAIL Test charcoal image [tests/gmagick-011-charcoalimage.phpt] 
TEST 12/184 [tests/gmagick-012-chopimage.phpt]
PASS Test chop image [tests/gmagick-012-chopimage.phpt] 
TEST 13/184 [tests/gmagick-013-commentimage.phpt]
PASS Test commentImage [tests/gmagick-013-commentimage.phpt] 
TEST 14/184 [tests/gmagick-014-current.phpt]
PASS Test current [tests/gmagick-014-current.phpt] 
TEST 15/184 [tests/gmagick-015-cyclecolormapimage.phpt]
PASS Test current [tests/gmagick-015-cyclecolormapimage.phpt] 
TEST 16/184 [tests/gmagick-016-despeckleimage.phpt]
FAIL Despeckle image [tests/gmagick-016-despeckleimage.phpt] 
TEST 17/184 [tests/gmagick-017-destroy.phpt]
PASS Destroy [tests/gmagick-017-destroy.phpt] 
TEST 18/184 [tests/gmagick-018-edgeimage.phpt]
FAIL Edge [tests/gmagick-018-edgeimage.phpt] 
TEST 19/184 [tests/gmagick-019-embossimage.phpt]
FAIL Emboss [tests/gmagick-019-embossimage.phpt] 
TEST 20/184 [tests/gmagick-020-enhanceimage.phpt]
FAIL Enhance [tests/gmagick-020-enhanceimage.phpt] 
TEST 21/184 [tests/gmagick-021-equalizeimage.phpt]
PASS Equalize [tests/gmagick-021-equalizeimage.phpt] 
TEST 22/184 [tests/gmagick-022-flip_and_flop_image.phpt]
PASS Flip and flop image [tests/gmagick-022-flip_and_flop_image.phpt] 
TEST 23/184 [tests/gmagick-023-gammaimage.phpt]
FAIL Gamma image [tests/gmagick-023-gammaimage.phpt] 
TEST 24/184 [tests/gmagick-024-getcopyright_getfilename.phpt]
PASS Test getCopyright, getFileName [tests/gmagick-024-getcopyright_getfilename.phpt] 
TEST 25/184 [tests/gmagick-025-set_and_getimageckgroundcolor.phpt]
SKIP Test setImageBackgroundColor and getImageBackgroundColor methods [tests/gmagick-025-set_and_getimageckgroundcolor.phpt] reason: QUANTUM_DEPTH=16
TEST 26/184 [tests/gmagick-025-set_and_getimageckgroundcolor_q16.phpt]
PASS Test setImageBackgroundColor and getImageBackgroundColor methods [tests/gmagick-025-set_and_getimageckgroundcolor_q16.phpt] 
TEST 27/184 [tests/gmagick-026-set_getimageblueprimary.phpt]
PASS Set, get imageblueprimary test [tests/gmagick-026-set_getimageblueprimary.phpt] 
TEST 28/184 [tests/gmagick-027-set_getimagebordercolor.phpt]
SKIP Imagebordercolor test [tests/gmagick-027-set_getimagebordercolor.phpt] reason: QUANTUM_DEPTH=16
TEST 29/184 [tests/gmagick-027-set_getimagebordercolor_q16.phpt]
PASS Imagebordercolor test [tests/gmagick-027-set_getimagebordercolor_q16.phpt] 
TEST 30/184 [tests/gmagick-028-set_getimagechanneldepth.phpt]
PASS Set, get imagechanneldepth test [tests/gmagick-028-set_getimagechanneldepth.phpt] 
TEST 31/184 [tests/gmagick-029-set_getimagecolorspace.phpt]
FAIL Set, get imagecolorspace test [tests/gmagick-029-set_getimagecolorspace.phpt] 
TEST 32/184 [tests/gmagick-030-getimagecolors.phpt]
PASS Getimagecolors test [tests/gmagick-030-getimagecolors.phpt] 
TEST 33/184 [tests/gmagick-031-set_getimagecompose.phpt]
PASS Set and get image compose [tests/gmagick-031-set_getimagecompose.phpt] 
TEST 34/184 [tests/gmagick-032-set_getimagedelay.phpt]
PASS Set, getimagedelay test [tests/gmagick-032-set_getimagedelay.phpt] 
TEST 35/184 [tests/gmagick-033-set_getimagedepth.phpt]
PASS Set, getimagedepth [tests/gmagick-033-set_getimagedepth.phpt] 
TEST 36/184 [tests/gmagick-034-set_getimagedispose.phpt]
PASS Set, getimagedepth [tests/gmagick-034-set_getimagedispose.phpt] 
TEST 37/184 [tests/gmagick-035-set_getfilename.phpt]
PASS Set, get filename [tests/gmagick-035-set_getfilename.phpt] 
TEST 38/184 [tests/gmagick-036-set_getimagefilename.phpt]
PASS Set, get imagefilename [tests/gmagick-036-set_getimagefilename.phpt] 
TEST 39/184 [tests/gmagick-037-set_getimagegamma.phpt]
PASS Set, get image gamma [tests/gmagick-037-set_getimagegamma.phpt] 
TEST 40/184 [tests/gmagick-038-setimagegreenprimary.phpt]
PASS Set, get imagegreenprimary [tests/gmagick-038-setimagegreenprimary.phpt] 
TEST 41/184 [tests/gmagick-039-getimageheight.phpt]
PASS Set, get image height [tests/gmagick-039-getimageheight.phpt] 
TEST 42/184 [tests/gmagick-040-getimagehistogram.phpt]
PASS Set, get image histogram [tests/gmagick-040-getimagehistogram.phpt] 
TEST 43/184 [tests/gmagick-041-set_getimageinterlacescheme.phpt]
PASS Set, get image interlace scheme [tests/gmagick-041-set_getimageinterlacescheme.phpt] 
TEST 44/184 [tests/gmagick-042-set_getimageiterations.phpt]
PASS Set, get image iterations [tests/gmagick-042-set_getimageiterations.phpt] 
TEST 45/184 [tests/gmagick-043-set_getimageprofile.phpt]
PASS Set, get imageprofile [tests/gmagick-043-set_getimageprofile.phpt] 
TEST 46/184 [tests/gmagick-044-set_getimageredprimary.phpt]
PASS Set, get imageredprimary [tests/gmagick-044-set_getimageredprimary.phpt] 
TEST 47/184 [tests/gmagick-045-set_getimagerenderingintent.phpt]
PASS Set, get imagerenderingintent [tests/gmagick-045-set_getimagerenderingintent.phpt] 
TEST 48/184 [tests/gmagick-046-set_getimagerresolution.phpt]
PASS Set, get imageresolution [tests/gmagick-046-set_getimagerresolution.phpt] 
TEST 49/184 [tests/gmagick-047-set_getimagescene.phpt]
PASS Set, get imagescene [tests/gmagick-047-set_getimagescene.phpt] 
TEST 50/184 [tests/gmagick-048-getimagesignature.phpt]
PASS Set, get imagesignature [tests/gmagick-048-getimagesignature.phpt] 
TEST 51/184 [tests/gmagick-049-set_getimagetype.phpt]
PASS Set, get imagetype [tests/gmagick-049-set_getimagetype.phpt] 
TEST 52/184 [tests/gmagick-050-set_getimageunits.phpt]
PASS Set, get imageunits [tests/gmagick-050-set_getimageunits.phpt] 
TEST 53/184 [tests/gmagick-051-set_getimagewhitepoint.phpt]
PASS Set, get imagewhitepoint [tests/gmagick-051-set_getimagewhitepoint.phpt] 
TEST 54/184 [tests/gmagick-052-getimagewidth.phpt]
PASS get imagewidth [tests/gmagick-052-getimagewidth.phpt] 
TEST 55/184 [tests/gmagick-053-getpackagename.phpt]
PASS get packagename [tests/gmagick-053-getpackagename.phpt] 
TEST 56/184 [tests/gmagick-054-getquantumdepth.phpt]
PASS get quantumdepth [tests/gmagick-054-getquantumdepth.phpt] 
TEST 57/184 [tests/gmagick-055-getreleasedate.phpt]
PASS get releasedate [tests/gmagick-055-getreleasedate.phpt] 
TEST 58/184 [tests/gmagick-056-set_getsamplingfactors.phpt]
PASS Set, getsamplingfactors [tests/gmagick-056-set_getsamplingfactors.phpt] 
TEST 59/184 [tests/gmagick-057-set_getsize.phpt]
PASS set,get size test [tests/gmagick-057-set_getsize.phpt] 
TEST 60/184 [tests/gmagick-058-getversion.phpt]
PASS getVersion test [tests/gmagick-058-getversion.phpt] 
TEST 61/184 [tests/gmagick-059-hasnextimage.phpt]
PASS hasNextImage test [tests/gmagick-059-hasnextimage.phpt] 
TEST 62/184 [tests/gmagick-060-haspreviousimage.phpt]
PASS hasPreviousImage test [tests/gmagick-060-haspreviousimage.phpt] 
TEST 63/184 [tests/gmagick-061-implodeimage.phpt]
FAIL implode image test [tests/gmagick-061-implodeimage.phpt] 
TEST 64/184 [tests/gmagick-062-labelimage.phpt]
PASS labelImage test [tests/gmagick-062-labelimage.phpt] 
TEST 65/184 [tests/gmagick-063-levelimage.phpt]
PASS levelImage test [tests/gmagick-063-levelimage.phpt] 
TEST 66/184 [tests/gmagick-064-magnifyimage.phpt]
PASS magnifyImage test [tests/gmagick-064-magnifyimage.phpt] 
TEST 67/184 [tests/gmagick-065-mapimage.phpt]
PASS mapImage test [tests/gmagick-065-mapimage.phpt] 
TEST 68/184 [tests/gmagick-066-medianfilterimage.phpt]
FAIL medianFilterImage test [tests/gmagick-066-medianfilterimage.phpt] 
TEST 69/184 [tests/gmagick-067-minifyimage.phpt]
FAIL minifyImage test [tests/gmagick-067-minifyimage.phpt] 
TEST 70/184 [tests/gmagick-068-modulateimage.phpt]
PASS modulateImage test [tests/gmagick-068-modulateimage.phpt] 
TEST 71/184 [tests/gmagick-069-trimimage.phpt]
FAIL trimImage test [tests/gmagick-069-trimimage.phpt] 
TEST 72/184 [tests/gmagick-070-motionblurimage.phpt]
FAIL motionblur test [tests/gmagick-070-motionblurimage.phpt] 
TEST 73/184 [tests/gmagick-071-next_previousimage.phpt]
PASS next,previousImage test [tests/gmagick-071-next_previousimage.phpt] 
TEST 74/184 [tests/gmagick-072-oilpaintimage.phpt]
FAIL oilPaintImage test [tests/gmagick-072-oilpaintimage.phpt] 
TEST 75/184 [tests/gmagick-073-profileimage.phpt]
PASS profileImage test [tests/gmagick-073-profileimage.phpt] 
TEST 76/184 [tests/gmagick-074-quantizeimage.phpt]
FAIL quantizeImage test [tests/gmagick-074-quantizeimage.phpt] 
TEST 77/184 [tests/gmagick-075-quantizeimages.phpt]
FAIL quantizeImages test [tests/gmagick-075-quantizeimages.phpt] 
TEST 78/184 [tests/gmagick-076-queryfonts.phpt]
PASS queryFonts test [tests/gmagick-076-queryfonts.phpt] 
TEST 79/184 [tests/gmagick-077-cropthumbnail.phpt]
FAIL cropthumbnail test [tests/gmagick-077-cropthumbnail.phpt] 
TEST 80/184 [tests/gmagick-078-rollimage.phpt]
PASS rollImage test [tests/gmagick-078-rollimage.phpt] 
TEST 81/184 [tests/gmagick-079-rotateimage.phpt]
FAIL rotateImage test [tests/gmagick-079-rotateimage.phpt] 
TEST 82/184 [tests/gmagick-080-scaleimage.phpt]
PASS scaleImage test [tests/gmagick-080-scaleimage.phpt] 
TEST 83/184 [tests/gmagick-081-separateimagechannel.phpt]
PASS separateImageChannel test [tests/gmagick-081-separateimagechannel.phpt] 
TEST 84/184 [tests/gmagick-082-shearimage.phpt]
FAIL shearImage test [tests/gmagick-082-shearimage.phpt] 
TEST 85/184 [tests/gmagick-083-solarizeimage.phpt]
PASS solarizeImage test [tests/gmagick-083-solarizeimage.phpt] 
TEST 86/184 [tests/gmagick-084-spreadimage.phpt]
PASS spreadImage test [tests/gmagick-084-spreadimage.phpt] 
TEST 87/184 [tests/gmagick-085-stripimage.phpt]
PASS stripImage test [tests/gmagick-085-stripimage.phpt] 
TEST 88/184 [tests/gmagick-086-swirlimage.phpt]
FAIL swirlImage test [tests/gmagick-086-swirlimage.phpt] 
TEST 89/184 [tests/gmagick-087-setcompressionquality.phpt]
PASS setCompressionQuality test [tests/gmagick-087-setcompressionquality.phpt] 
TEST 90/184 [tests/gmagick-088-getimageblob.phpt]
PASS getimageBlob test [tests/gmagick-088-getimageblob.phpt] 
TEST 91/184 [tests/gmagick-089-getnumberimages.phpt]
PASS getNumberImages test [tests/gmagick-089-getnumberimages.phpt] 
TEST 92/184 [tests/gmagick-090-setimage.phpt]
PASS setImage test [tests/gmagick-090-setimage.phpt] 
TEST 93/184 [tests/gmagick-091-getimage.phpt]
PASS getImage test [tests/gmagick-091-getimage.phpt] 
TEST 94/184 [tests/gmagick-092-getimagegeometry.phpt]
PASS setImage test [tests/gmagick-092-getimagegeometry.phpt] 
TEST 95/184 [tests/gmagick-093-flattenimages.phpt]
PASS setImage test [tests/gmagick-093-flattenimages.phpt] 
TEST 96/184 [tests/gmagick-094-thresholdimage.phpt]
PASS thresholdImage test [tests/gmagick-094-thresholdimage.phpt] 
TEST 97/184 [tests/gmagick-095-negateimage.phpt]
PASS negateImage test [tests/gmagick-095-negateimage.phpt] 
TEST 98/184 [tests/gmagick-096-setinterlacescheme.phpt]
PASS setInterlaceScheme test [tests/gmagick-096-setinterlacescheme.phpt] 
TEST 99/184 [tests/gmagick-097-sampleimage.phpt]
PASS sampleimage test [tests/gmagick-097-sampleimage.phpt] 
TEST 100/184 [tests/gmagick-098-cloneimage.phpt]
PASS cloneimage test [tests/gmagick-098-cloneimage.phpt] 
TEST 101/184 [tests/gmagick-099-appendimages.phpt]
FAIL appendimages test [tests/gmagick-099-appendimages.phpt] 
TEST 102/184 [tests/gmagick-100-coalesceimages.phpt]
PASS coalesceimages test [tests/gmagick-100-coalesceimages.phpt] 
TEST 103/184 [tests/gmagick-101-sharpenimage.phpt]
FAIL sharpenimage test [tests/gmagick-101-sharpenimage.phpt] 
TEST 104/184 [tests/gmagick-102-unsharpenmaskimage.phpt]
FAIL unsharpmaskimage test [tests/gmagick-102-unsharpenmaskimage.phpt] 
TEST 105/184 [tests/gmagick-103-setgetimagecompression.phpt]
PASS setImageCompression test [tests/gmagick-103-setgetimagecompression.phpt] 
TEST 106/184 [tests/gmagick-104-setgetimagepage.phpt]
PASS Gmagick::setImagePage test [tests/gmagick-104-setgetimagepage.phpt] 
TEST 107/184 [tests/gmagick-105-readimageblob.phpt]
PASS Gmagick::readImageBlob [tests/gmagick-105-readimageblob.phpt] 
TEST 108/184 [tests/gmagick-106-testConstants.phpt]
PASS Test contants have symbols. [tests/gmagick-106-testConstants.phpt] 
TEST 109/184 [tests/gmagick-107_setimagevirtualpixelmethod.phpt]
FAIL Test Tutorial, edgeExtend [tests/gmagick-107_setimagevirtualpixelmethod.phpt] 
TEST 110/184 [tests/gmagick-108_adaptiveThresholdImage_basic.phpt]
PASS Test Gmagick, adaptiveThresholdImage [tests/gmagick-108_adaptiveThresholdImage_basic.phpt] 
TEST 111/184 [tests/gmagick-109_affineTransformImage_basic.phpt]
FAIL Test Gmagick, affineTransformImage [tests/gmagick-109_affineTransformImage_basic.phpt] 
TEST 112/184 [tests/gmagick-110_blackThresholdImage_basic.phpt]
FAIL Test Gmagick, blackThresholdImage [tests/gmagick-110_blackThresholdImage_basic.phpt] 
TEST 113/184 [tests/gmagick-111_whiteThresholdImage_basic.phpt]
FAIL Test Gmagick, whiteThresholdImage [tests/gmagick-111_whiteThresholdImage_basic.phpt] 
TEST 114/184 [tests/gmagick-112_colorizeImage_basic.phpt]
FAIL Test Gmagick, colorizeImage [tests/gmagick-112_colorizeImage_basic.phpt] 
TEST 115/184 [tests/gmagick-113_compareImages.phpt]
FAIL Test PHP bug #59378 writing to php://memory is incomplete [tests/gmagick-113_compareImages.phpt] 
TEST 116/184 [tests/gmagick-114_convolveImage_6.phpt]
FAIL Test Gmagick, convolveImage [tests/gmagick-114_convolveImage_6.phpt] 
TEST 117/184 [tests/gmagick-115_equalizeImage_case2.phpt]
FAIL Test Gmagick, equalizeImage [tests/gmagick-115_equalizeImage_case2.phpt] 
TEST 118/184 [tests/gmagick-116_waveImage_basic.phpt]
FAIL Test Gmagick, waveImage [tests/gmagick-116_waveImage_basic.phpt] 
TEST 119/184 [tests/gmagick-117_haldClutImage_basic.phpt]
FAIL Test Gmagick, haldClutImage [tests/gmagick-117_haldClutImage_basic.phpt] 
TEST 120/184 [tests/gmagick-118_shaveImage_basic.phpt]
PASS Test Gmagick, shaveImage [tests/gmagick-118_shaveImage_basic.phpt] 
TEST 121/184 [tests/gmagick-119_thumbnail_fill.phpt]
FAIL Test filling thumbnail with color [tests/gmagick-119_thumbnail_fill.phpt] 
TEST 122/184 [tests/gmagick-120_writeImageFile.phpt]
FAIL Test PHP writing to php://memory [tests/gmagick-120_writeImageFile.phpt] 
TEST 123/184 [tests/gmagick-121_deconstructGif_basic.phpt]
XFAIL Test Tutorial, deconstructGif [tests/gmagick-121_deconstructGif_basic.phpt]   XFAIL REASON: GraphicMagick has multiple issues with 'image counts'. It appears to be confused how many images are in the list.
TEST 124/184 [tests/gmagick-122_unsharpMaskImage_basic.phpt]
FAIL Test Gmagick, unsharpMaskImage [tests/gmagick-122_unsharpMaskImage_basic.phpt] 
TEST 125/184 [tests/gmagick-123_sharpenImage_basic.phpt]
FAIL Test Gmagick, sharpenImage [tests/gmagick-123_sharpenImage_basic.phpt] 
TEST 126/184 [tests/gmagick-124__reduceNoiseImage_basic.phpt]
FAIL Test Gmagick, reduceNoiseImage [tests/gmagick-124__reduceNoiseImage_basic.phpt] 
TEST 127/184 [tests/gmagick-125_radialBlurImage_basic.phpt]
SKIP Test Gmagick, radialBlurImage [tests/gmagick-125_radialBlurImage_basic.phpt] reason: - not implemented by GraphicsMagick
TEST 128/184 [tests/gmagick-126_negateImage_basic.phpt]
FAIL Test Gmagick, negateImage [tests/gmagick-126_negateImage_basic.phpt] 
TEST 129/184 [tests/gmagick-127_contrastImage_basic.phpt]
FAIL Test Gmagick, contrastImage [tests/gmagick-127_contrastImage_basic.phpt] 
TEST 130/184 [tests/gmagick-128_staticMethods.phpt]
PASS Test static methods [tests/gmagick-128_staticMethods.phpt] 
TEST 131/184 [tests/gmagick-129_gettersAndSetters.phpt]
FAIL Test static methods [tests/gmagick-129_gettersAndSetters.phpt] 
TEST 132/184 [tests/gmagickdraw-001-setstrokecolor_setstrokewidth.phpt]
PASS Test set stroke color, set stroke width [tests/gmagickdraw-001-setstrokecolor_setstrokewidth.phpt] 
TEST 133/184 [tests/gmagickdraw-002-ellipse.phpt]
PASS Test ellipse [tests/gmagickdraw-002-ellipse.phpt] 
TEST 134/184 [tests/gmagickdraw-003-annotate.phpt]
FAIL Test annotate [tests/gmagickdraw-003-annotate.phpt] 
TEST 135/184 [tests/gmagickdraw-004-arc.phpt]
PASS Test arc [tests/gmagickdraw-004-arc.phpt] 
TEST 136/184 [tests/gmagickdraw-005-bezier.phpt]
FAIL Test bezier [tests/gmagickdraw-005-bezier.phpt] 
TEST 137/184 [tests/gmagickdraw-006-setfillcolor_getfillcolor.phpt]
SKIP Test setfillcolor, getfillcolor [tests/gmagickdraw-006-setfillcolor_getfillcolor.phpt] reason: QUANTUM_DEPTH=16
TEST 138/184 [tests/gmagickdraw-006-setfillcolor_getfillcolor_q16.phpt]
PASS Test setfillcolor, getfillcolor [tests/gmagickdraw-006-setfillcolor_getfillcolor_q16.phpt] 
TEST 139/184 [tests/gmagickdraw-007-setfillopacity_getfillopacity.phpt]
PASS Test setfillopacity, getfillopacity [tests/gmagickdraw-007-setfillopacity_getfillopacity.phpt] 
TEST 140/184 [tests/gmagickdraw-008-setfont_getfont.phpt]
PASS Test setfont, getfont [tests/gmagickdraw-008-setfont_getfont.phpt] 
TEST 141/184 [tests/gmagickdraw-009-setfontsize_getfontsize.phpt]
PASS Test setfontsize, getfontsize [tests/gmagickdraw-009-setfontsize_getfontsize.phpt] 
TEST 142/184 [tests/gmagickdraw-010-setfontstyle_getfontstyle.phpt]
PASS Test setfontstyle, getfontstyle [tests/gmagickdraw-010-setfontstyle_getfontstyle.phpt] 
TEST 143/184 [tests/gmagickdraw-011-setfontweight_getfontweight.phpt]
PASS Test setfontweight, getfontweight [tests/gmagickdraw-011-setfontweight_getfontweight.phpt] 
TEST 144/184 [tests/gmagickdraw-012-setstrokeopacity_getstrokeopacity.phpt]
PASS Test setstrokeopacity, getstrokeopacity [tests/gmagickdraw-012-setstrokeopacity_getstrokeopacity.phpt] 
TEST 145/184 [tests/gmagickdraw-013-setstrokecolor_getstrokecolor.phpt]
SKIP Test setstrokecolor, getstrokecolor [tests/gmagickdraw-013-setstrokecolor_getstrokecolor.phpt] reason: QUANTUM_DEPTH=16
TEST 146/184 [tests/gmagickdraw-013-setstrokecolor_getstrokecolor_q16.phpt]
PASS Test setstrokecolor, getstrokecolor [tests/gmagickdraw-013-setstrokecolor_getstrokecolor_q16.phpt] 
TEST 147/184 [tests/gmagickdraw-014-setstrokewidth_getstrokewidth.phpt]
PASS Test setstrokewidth, getstrokewidth [tests/gmagickdraw-014-setstrokewidth_getstrokewidth.phpt] 
TEST 148/184 [tests/gmagickdraw-015-settextdecoration_gettextdecoration.phpt]
PASS Test settextdecoration, gettextdecoration [tests/gmagickdraw-015-settextdecoration_gettextdecoration.phpt] 
TEST 149/184 [tests/gmagickdraw-016-settextencoding_gettextencoding.phpt]
PASS Test settextencoding, gettextencoding [tests/gmagickdraw-016-settextencoding_gettextencoding.phpt] 
TEST 150/184 [tests/gmagickdraw-017-line.phpt]
FAIL Test line [tests/gmagickdraw-017-line.phpt] 
TEST 151/184 [tests/gmagickdraw-018-point.phpt]
PASS Test point [tests/gmagickdraw-018-point.phpt] 
TEST 152/184 [tests/gmagickdraw-019-polygon.phpt]
FAIL Test polygon [tests/gmagickdraw-019-polygon.phpt] 
TEST 153/184 [tests/gmagickdraw-020-polyline.phpt]
FAIL Test polyline [tests/gmagickdraw-020-polyline.phpt] 
TEST 154/184 [tests/gmagickdraw-021-rectangle.phpt]
FAIL Test rectangle [tests/gmagickdraw-021-rectangle.phpt] 
TEST 155/184 [tests/gmagickdraw-022-rotate.phpt]
FAIL Test rotate [tests/gmagickdraw-022-rotate.phpt] 
TEST 156/184 [tests/gmagickdraw-023-roundrectangle.phpt]
FAIL Test round rectangle [tests/gmagickdraw-023-roundrectangle.phpt] 
TEST 157/184 [tests/gmagickdraw-024-scale.phpt]
FAIL Test scale [tests/gmagickdraw-024-scale.phpt] 
TEST 158/184 [tests/gmagickdraw-025-affine.phpt]
PASS Test affine [tests/gmagickdraw-025-affine.phpt] 
TEST 159/184 [tests/gmagickdraw-026-setgravity_getgravity.phpt]
PASS Test affine [tests/gmagickdraw-026-setgravity_getgravity.phpt] 
TEST 160/184 [tests/gmagickdraw-027-setantialias_getantialias.phpt]
PASS Test and get anti-alias [tests/gmagickdraw-027-setantialias_getantialias.phpt] 
TEST 161/184 [tests/gmagickdraw-028-setlinecap_getlinecap.phpt]
PASS Test set and get line cap [tests/gmagickdraw-028-setlinecap_getlinecap.phpt] 
TEST 162/184 [tests/gmagickdraw-029-setlinejoin_getlinejoin.phpt]
PASS Test stroke line join [tests/gmagickdraw-029-setlinejoin_getlinejoin.phpt] 
TEST 163/184 [tests/gmagickdraw-030-setmiterlimit_getmiterlimit.phpt]
PASS Test get and set strokeMiterLimit [tests/gmagickdraw-030-setmiterlimit_getmiterlimit.phpt] 
TEST 164/184 [tests/gmagickdraw-031-setdashstrokearray_getdashstrokearray.phpt]
PASS Test set and get stroke dash array [tests/gmagickdraw-031-setdashstrokearray_getdashstrokearray.phpt] 
TEST 165/184 [tests/gmagickdraw-032_circle_basic.phpt]
PASS Test GmagickDraw, circle [tests/gmagickdraw-032_circle_basic.phpt] 
TEST 166/184 [tests/gmagickdraw-033_setClipPath_basic.phpt]
PASS Test GmagickDraw, setClipPath [tests/gmagickdraw-033_setClipPath_basic.phpt] 
TEST 167/184 [tests/gmagickdraw_034_setClipRule_basic.phpt]
PASS Test GmagickDraw, setClipRule [tests/gmagickdraw_034_setClipRule_basic.phpt] 
TEST 168/184 [tests/gmagickdraw_035_setClipUnits_basic.phpt]
PASS Test GmagickDraw, setClipUnits [tests/gmagickdraw_035_setClipUnits_basic.phpt] 
TEST 169/184 [tests/gmagickdraw_036_pushPattern_basic.phpt]
PASS Test GmagickDraw, pushPattern [tests/gmagickdraw_036_pushPattern_basic.phpt] 
TEST 170/184 [tests/gmagickdraw_037_setFillRule_basic.phpt]
PASS Test GmagickDraw, setFillRule [tests/gmagickdraw_037_setFillRule_basic.phpt] 
TEST 171/184 [tests/gmagickdraw_038_setFontStretch_basic.phpt]
FAIL Test GmagickDraw, setFontStretch [tests/gmagickdraw_038_setFontStretch_basic.phpt] 
TEST 172/184 [tests/gmagickdraw_039_pathStart_basic.phpt]
PASS Test GmagickDraw, pathStart [tests/gmagickdraw_039_pathStart_basic.phpt] 
TEST 173/184 [tests/gmagickdraw_040_pathCurveToQuadraticBezierAbsolute_basic.phpt]
PASS Test GmagickDraw, pathCurveToQuadraticBezierAbsolute [tests/gmagickdraw_040_pathCurveToQuadraticBezierAbsolute_basic.phpt] 
TEST 174/184 [tests/gmagickdraw_041_popDefs_basic.phpt]
PASS Test GmagickDraw, popDefs [tests/gmagickdraw_041_popDefs_basic.phpt] 
TEST 175/184 [tests/gmagickdraw_042_setTextAntialias_basic.phpt]
FAIL Test GmagickDraw, setTextAntialias [tests/gmagickdraw_042_setTextAntialias_basic.phpt] 
TEST 176/184 [tests/gmagickdraw_043_setViewBox_basic.phpt]
PASS Test GmagickDraw, setViewBox [tests/gmagickdraw_043_setViewBox_basic.phpt] 
TEST 177/184 [tests/gmagickdraw_044_setTextUnderColor_basic.phpt]
FAIL Test GmagickDraw, setTextUnderColor [tests/gmagickdraw_044_setTextUnderColor_basic.phpt] 
TEST 178/184 [tests/gmagickdraw_045_setFontFamily_basic.phpt]
FAIL Test GmagickDraw, setFontFamily [tests/gmagickdraw_045_setFontFamily_basic.phpt] 
TEST 179/184 [tests/gmagickpixel-001-setcolor_getcolor.phpt]
SKIP Test setColor and getColor methods [tests/gmagickpixel-001-setcolor_getcolor.phpt] reason: QUANTUM_DEPTH=16
TEST 180/184 [tests/gmagickpixel-002-setcolorvalue_getcolorvalue.phpt]
PASS Test setColorValue and getColorValue methods [tests/gmagickpixel-002-setcolorvalue_getcolorvalue.phpt] 
TEST 181/184 [tests/gmagickpixel-003-getcolorcount.phpt]
PASS Test getColorcount method [tests/gmagickpixel-003-getcolorcount.phpt] 
TEST 182/184 [tests/gmagickpixel-004-clone.phpt]
PASS Test object cloning and get [tests/gmagickpixel-004-clone.phpt] 
TEST 183/184 [tests/gmagickpixel-005-setcolorvaluequantum_getcolorvaluequantum.phpt]
PASS Test setColorValueQuantum and getColorValueQuantum methods [tests/gmagickpixel-005-setcolorvaluequantum_getcolorvaluequantum.phpt] 
TEST 184/184 [tests/gmagickpixel-006-setcolorcount.phpt]
PASS Test getColorcount method [tests/gmagickpixel-006-setcolorcount.phpt] 
=====================================================================
TIME END 2020-02-25 06:50:19

=====================================================================
TEST RESULT SUMMARY
---------------------------------------------------------------------
Exts skipped    :    0
Exts tested     :   15
---------------------------------------------------------------------

Number of tests :  184               178
Tests skipped   :    6 (  3.3%) --------
Tests warned    :    0 (  0.0%) (  0.0%)
Tests failed    :   56 ( 30.4%) ( 31.5%)
Expected fail   :    1 (  0.5%) (  0.6%)
Tests passed    :  121 ( 65.8%) ( 68.0%)
---------------------------------------------------------------------
Time taken      :    5 seconds
=====================================================================

=====================================================================
EXPECTED FAILED TEST SUMMARY
---------------------------------------------------------------------
Test Tutorial, deconstructGif [tests/gmagick-121_deconstructGif_basic.phpt]  XFAIL REASON: GraphicMagick has multiple issues with 'image counts'. It appears to be confused how many images are in the list.
=====================================================================

=====================================================================
FAILED TEST SUMMARY
---------------------------------------------------------------------
Test resize [tests/gmagick-003-resize_variations.phpt]
Test annotate image [tests/gmagick-006-annotateimage.phpt]
Test blur image [tests/gmagick-007-blurimage.phpt]
Test charcoal image [tests/gmagick-011-charcoalimage.phpt]
Despeckle image [tests/gmagick-016-despeckleimage.phpt]
Edge [tests/gmagick-018-edgeimage.phpt]
Emboss [tests/gmagick-019-embossimage.phpt]
Enhance [tests/gmagick-020-enhanceimage.phpt]
Gamma image [tests/gmagick-023-gammaimage.phpt]
Set, get imagecolorspace test [tests/gmagick-029-set_getimagecolorspace.phpt]
implode image test [tests/gmagick-061-implodeimage.phpt]
medianFilterImage test [tests/gmagick-066-medianfilterimage.phpt]
minifyImage test [tests/gmagick-067-minifyimage.phpt]
trimImage test [tests/gmagick-069-trimimage.phpt]
motionblur test [tests/gmagick-070-motionblurimage.phpt]
oilPaintImage test [tests/gmagick-072-oilpaintimage.phpt]
quantizeImage test [tests/gmagick-074-quantizeimage.phpt]
quantizeImages test [tests/gmagick-075-quantizeimages.phpt]
cropthumbnail test [tests/gmagick-077-cropthumbnail.phpt]
rotateImage test [tests/gmagick-079-rotateimage.phpt]
shearImage test [tests/gmagick-082-shearimage.phpt]
swirlImage test [tests/gmagick-086-swirlimage.phpt]
appendimages test [tests/gmagick-099-appendimages.phpt]
sharpenimage test [tests/gmagick-101-sharpenimage.phpt]
unsharpmaskimage test [tests/gmagick-102-unsharpenmaskimage.phpt]
Test Tutorial, edgeExtend [tests/gmagick-107_setimagevirtualpixelmethod.phpt]
Test Gmagick, affineTransformImage [tests/gmagick-109_affineTransformImage_basic.phpt]
Test Gmagick, blackThresholdImage [tests/gmagick-110_blackThresholdImage_basic.phpt]
Test Gmagick, whiteThresholdImage [tests/gmagick-111_whiteThresholdImage_basic.phpt]
Test Gmagick, colorizeImage [tests/gmagick-112_colorizeImage_basic.phpt]
Test PHP bug #59378 writing to php://memory is incomplete [tests/gmagick-113_compareImages.phpt]
Test Gmagick, convolveImage [tests/gmagick-114_convolveImage_6.phpt]
Test Gmagick, equalizeImage [tests/gmagick-115_equalizeImage_case2.phpt]
Test Gmagick, waveImage [tests/gmagick-116_waveImage_basic.phpt]
Test Gmagick, haldClutImage [tests/gmagick-117_haldClutImage_basic.phpt]
Test filling thumbnail with color [tests/gmagick-119_thumbnail_fill.phpt]
Test PHP writing to php://memory [tests/gmagick-120_writeImageFile.phpt]
Test Gmagick, unsharpMaskImage [tests/gmagick-122_unsharpMaskImage_basic.phpt]
Test Gmagick, sharpenImage [tests/gmagick-123_sharpenImage_basic.phpt]
Test Gmagick, reduceNoiseImage [tests/gmagick-124__reduceNoiseImage_basic.phpt]
Test Gmagick, negateImage [tests/gmagick-126_negateImage_basic.phpt]
Test Gmagick, contrastImage [tests/gmagick-127_contrastImage_basic.phpt]
Test static methods [tests/gmagick-129_gettersAndSetters.phpt]
Test annotate [tests/gmagickdraw-003-annotate.phpt]
Test bezier [tests/gmagickdraw-005-bezier.phpt]
Test line [tests/gmagickdraw-017-line.phpt]
Test polygon [tests/gmagickdraw-019-polygon.phpt]
Test polyline [tests/gmagickdraw-020-polyline.phpt]
Test rectangle [tests/gmagickdraw-021-rectangle.phpt]
Test rotate [tests/gmagickdraw-022-rotate.phpt]
Test round rectangle [tests/gmagickdraw-023-roundrectangle.phpt]
Test scale [tests/gmagickdraw-024-scale.phpt]
Test GmagickDraw, setFontStretch [tests/gmagickdraw_038_setFontStretch_basic.phpt]
Test GmagickDraw, setTextAntialias [tests/gmagickdraw_042_setTextAntialias_basic.phpt]
Test GmagickDraw, setTextUnderColor [tests/gmagickdraw_044_setTextUnderColor_basic.phpt]
Test GmagickDraw, setFontFamily [tests/gmagickdraw_045_setFontFamily_basic.phpt]
=====================================================================
make[2]: Leaving directory '/<<PKGBUILDDIR>>/build-7.4'
touch test-7.4-stamp
dh_auto_test --sourcedirectory=build-7.3 -- INSTALL_ROOT=/<<PKGBUILDDIR>>/debian/php-gmagick
	cd build-7.3 && make -j1 test VERBOSE=1 INSTALL_ROOT=/<<BUILDDIR>>/php-gmagick-2.0.5\~rc1\+1.1.7\~rc3/debian/php-gmagick
make[2]: Entering directory '/<<PKGBUILDDIR>>/build-7.3'

Build complete.
Don't forget to run 'make test'.


=====================================================================
PHP         : /usr/bin/php7.3 
PHP_SAPI    : cli
PHP_VERSION : 7.3.15-3
ZEND_VERSION: 3.3.15
PHP_OS      : Linux - Linux ip-172-31-11-224 4.19.0-6-cloud-amd64 #1 SMP Debian 4.19.67-2+deb10u2 (2019-11-11) x86_64
INI actual  : /<<PKGBUILDDIR>>/build-7.3/tmp-php.ini
More .INIs  :   
CWD         : /<<PKGBUILDDIR>>/build-7.3
Extra dirs  : 
VALGRIND    : Not used
=====================================================================
TIME START 2020-02-25 06:50:20
=====================================================================
TEST 1/184 [tests/gmagick-001-read_and_write.phpt]
PASS Test read/write [tests/gmagick-001-read_and_write.phpt] 
TEST 2/184 [tests/gmagick-002-crop_variations.phpt]
PASS Test crop with and without an image [tests/gmagick-002-crop_variations.phpt] 
TEST 3/184 [tests/gmagick-003-resize_variations.phpt]
PASS Test resize [tests/gmagick-003-resize_variations.phpt] 
TEST 4/184 [tests/gmagick-004-composite_variations.phpt]
PASS Test composite variations [tests/gmagick-004-composite_variations.phpt] 
TEST 5/184 [tests/gmagick-005-draw.phpt]
PASS Test read/write [tests/gmagick-005-draw.phpt] 
TEST 6/184 [tests/gmagick-006-annotateimage.phpt]
FAIL Test annotate image [tests/gmagick-006-annotateimage.phpt] 
TEST 7/184 [tests/gmagick-007-blurimage.phpt]
PASS Test blur image [tests/gmagick-007-blurimage.phpt] 
TEST 8/184 [tests/gmagick-008-addimage.phpt]
PASS Test add image [tests/gmagick-008-addimage.phpt] 
TEST 9/184 [tests/gmagick-009-addimagenoise.phpt]
PASS Test addnoiseimage image [tests/gmagick-009-addimagenoise.phpt] 
TEST 10/184 [tests/gmagick-010-borderimage.phpt]
PASS Test border image [tests/gmagick-010-borderimage.phpt] 
TEST 11/184 [tests/gmagick-011-charcoalimage.phpt]
PASS Test charcoal image [tests/gmagick-011-charcoalimage.phpt] 
TEST 12/184 [tests/gmagick-012-chopimage.phpt]
PASS Test chop image [tests/gmagick-012-chopimage.phpt] 
TEST 13/184 [tests/gmagick-013-commentimage.phpt]
PASS Test commentImage [tests/gmagick-013-commentimage.phpt] 
TEST 14/184 [tests/gmagick-014-current.phpt]
PASS Test current [tests/gmagick-014-current.phpt] 
TEST 15/184 [tests/gmagick-015-cyclecolormapimage.phpt]
PASS Test current [tests/gmagick-015-cyclecolormapimage.phpt] 
TEST 16/184 [tests/gmagick-016-despeckleimage.phpt]
PASS Despeckle image [tests/gmagick-016-despeckleimage.phpt] 
TEST 17/184 [tests/gmagick-017-destroy.phpt]
PASS Destroy [tests/gmagick-017-destroy.phpt] 
TEST 18/184 [tests/gmagick-018-edgeimage.phpt]
PASS Edge [tests/gmagick-018-edgeimage.phpt] 
TEST 19/184 [tests/gmagick-019-embossimage.phpt]
PASS Emboss [tests/gmagick-019-embossimage.phpt] 
TEST 20/184 [tests/gmagick-020-enhanceimage.phpt]
PASS Enhance [tests/gmagick-020-enhanceimage.phpt] 
TEST 21/184 [tests/gmagick-021-equalizeimage.phpt]
PASS Equalize [tests/gmagick-021-equalizeimage.phpt] 
TEST 22/184 [tests/gmagick-022-flip_and_flop_image.phpt]
PASS Flip and flop image [tests/gmagick-022-flip_and_flop_image.phpt] 
TEST 23/184 [tests/gmagick-023-gammaimage.phpt]
PASS Gamma image [tests/gmagick-023-gammaimage.phpt] 
TEST 24/184 [tests/gmagick-024-getcopyright_getfilename.phpt]
PASS Test getCopyright, getFileName [tests/gmagick-024-getcopyright_getfilename.phpt] 
TEST 25/184 [tests/gmagick-025-set_and_getimageckgroundcolor.phpt]
SKIP Test setImageBackgroundColor and getImageBackgroundColor methods [tests/gmagick-025-set_and_getimageckgroundcolor.phpt] reason: QUANTUM_DEPTH=16
TEST 26/184 [tests/gmagick-025-set_and_getimageckgroundcolor_q16.phpt]
PASS Test setImageBackgroundColor and getImageBackgroundColor methods [tests/gmagick-025-set_and_getimageckgroundcolor_q16.phpt] 
TEST 27/184 [tests/gmagick-026-set_getimageblueprimary.phpt]
PASS Set, get imageblueprimary test [tests/gmagick-026-set_getimageblueprimary.phpt] 
TEST 28/184 [tests/gmagick-027-set_getimagebordercolor.phpt]
SKIP Imagebordercolor test [tests/gmagick-027-set_getimagebordercolor.phpt] reason: QUANTUM_DEPTH=16
TEST 29/184 [tests/gmagick-027-set_getimagebordercolor_q16.phpt]
PASS Imagebordercolor test [tests/gmagick-027-set_getimagebordercolor_q16.phpt] 
TEST 30/184 [tests/gmagick-028-set_getimagechanneldepth.phpt]
PASS Set, get imagechanneldepth test [tests/gmagick-028-set_getimagechanneldepth.phpt] 
TEST 31/184 [tests/gmagick-029-set_getimagecolorspace.phpt]
PASS Set, get imagecolorspace test [tests/gmagick-029-set_getimagecolorspace.phpt] 
TEST 32/184 [tests/gmagick-030-getimagecolors.phpt]
PASS Getimagecolors test [tests/gmagick-030-getimagecolors.phpt] 
TEST 33/184 [tests/gmagick-031-set_getimagecompose.phpt]
PASS Set and get image compose [tests/gmagick-031-set_getimagecompose.phpt] 
TEST 34/184 [tests/gmagick-032-set_getimagedelay.phpt]
PASS Set, getimagedelay test [tests/gmagick-032-set_getimagedelay.phpt] 
TEST 35/184 [tests/gmagick-033-set_getimagedepth.phpt]
PASS Set, getimagedepth [tests/gmagick-033-set_getimagedepth.phpt] 
TEST 36/184 [tests/gmagick-034-set_getimagedispose.phpt]
PASS Set, getimagedepth [tests/gmagick-034-set_getimagedispose.phpt] 
TEST 37/184 [tests/gmagick-035-set_getfilename.phpt]
PASS Set, get filename [tests/gmagick-035-set_getfilename.phpt] 
TEST 38/184 [tests/gmagick-036-set_getimagefilename.phpt]
PASS Set, get imagefilename [tests/gmagick-036-set_getimagefilename.phpt] 
TEST 39/184 [tests/gmagick-037-set_getimagegamma.phpt]
PASS Set, get image gamma [tests/gmagick-037-set_getimagegamma.phpt] 
TEST 40/184 [tests/gmagick-038-setimagegreenprimary.phpt]
PASS Set, get imagegreenprimary [tests/gmagick-038-setimagegreenprimary.phpt] 
TEST 41/184 [tests/gmagick-039-getimageheight.phpt]
PASS Set, get image height [tests/gmagick-039-getimageheight.phpt] 
TEST 42/184 [tests/gmagick-040-getimagehistogram.phpt]
PASS Set, get image histogram [tests/gmagick-040-getimagehistogram.phpt] 
TEST 43/184 [tests/gmagick-041-set_getimageinterlacescheme.phpt]
PASS Set, get image interlace scheme [tests/gmagick-041-set_getimageinterlacescheme.phpt] 
TEST 44/184 [tests/gmagick-042-set_getimageiterations.phpt]
PASS Set, get image iterations [tests/gmagick-042-set_getimageiterations.phpt] 
TEST 45/184 [tests/gmagick-043-set_getimageprofile.phpt]
PASS Set, get imageprofile [tests/gmagick-043-set_getimageprofile.phpt] 
TEST 46/184 [tests/gmagick-044-set_getimageredprimary.phpt]
PASS Set, get imageredprimary [tests/gmagick-044-set_getimageredprimary.phpt] 
TEST 47/184 [tests/gmagick-045-set_getimagerenderingintent.phpt]
PASS Set, get imagerenderingintent [tests/gmagick-045-set_getimagerenderingintent.phpt] 
TEST 48/184 [tests/gmagick-046-set_getimagerresolution.phpt]
PASS Set, get imageresolution [tests/gmagick-046-set_getimagerresolution.phpt] 
TEST 49/184 [tests/gmagick-047-set_getimagescene.phpt]
PASS Set, get imagescene [tests/gmagick-047-set_getimagescene.phpt] 
TEST 50/184 [tests/gmagick-048-getimagesignature.phpt]
PASS Set, get imagesignature [tests/gmagick-048-getimagesignature.phpt] 
TEST 51/184 [tests/gmagick-049-set_getimagetype.phpt]
PASS Set, get imagetype [tests/gmagick-049-set_getimagetype.phpt] 
TEST 52/184 [tests/gmagick-050-set_getimageunits.phpt]
PASS Set, get imageunits [tests/gmagick-050-set_getimageunits.phpt] 
TEST 53/184 [tests/gmagick-051-set_getimagewhitepoint.phpt]
PASS Set, get imagewhitepoint [tests/gmagick-051-set_getimagewhitepoint.phpt] 
TEST 54/184 [tests/gmagick-052-getimagewidth.phpt]
PASS get imagewidth [tests/gmagick-052-getimagewidth.phpt] 
TEST 55/184 [tests/gmagick-053-getpackagename.phpt]
PASS get packagename [tests/gmagick-053-getpackagename.phpt] 
TEST 56/184 [tests/gmagick-054-getquantumdepth.phpt]
PASS get quantumdepth [tests/gmagick-054-getquantumdepth.phpt] 
TEST 57/184 [tests/gmagick-055-getreleasedate.phpt]
PASS get releasedate [tests/gmagick-055-getreleasedate.phpt] 
TEST 58/184 [tests/gmagick-056-set_getsamplingfactors.phpt]
PASS Set, getsamplingfactors [tests/gmagick-056-set_getsamplingfactors.phpt] 
TEST 59/184 [tests/gmagick-057-set_getsize.phpt]
PASS set,get size test [tests/gmagick-057-set_getsize.phpt] 
TEST 60/184 [tests/gmagick-058-getversion.phpt]
PASS getVersion test [tests/gmagick-058-getversion.phpt] 
TEST 61/184 [tests/gmagick-059-hasnextimage.phpt]
PASS hasNextImage test [tests/gmagick-059-hasnextimage.phpt] 
TEST 62/184 [tests/gmagick-060-haspreviousimage.phpt]
PASS hasPreviousImage test [tests/gmagick-060-haspreviousimage.phpt] 
TEST 63/184 [tests/gmagick-061-implodeimage.phpt]
PASS implode image test [tests/gmagick-061-implodeimage.phpt] 
TEST 64/184 [tests/gmagick-062-labelimage.phpt]
PASS labelImage test [tests/gmagick-062-labelimage.phpt] 
TEST 65/184 [tests/gmagick-063-levelimage.phpt]
PASS levelImage test [tests/gmagick-063-levelimage.phpt] 
TEST 66/184 [tests/gmagick-064-magnifyimage.phpt]
PASS magnifyImage test [tests/gmagick-064-magnifyimage.phpt] 
TEST 67/184 [tests/gmagick-065-mapimage.phpt]
PASS mapImage test [tests/gmagick-065-mapimage.phpt] 
TEST 68/184 [tests/gmagick-066-medianfilterimage.phpt]
PASS medianFilterImage test [tests/gmagick-066-medianfilterimage.phpt] 
TEST 69/184 [tests/gmagick-067-minifyimage.phpt]
PASS minifyImage test [tests/gmagick-067-minifyimage.phpt] 
TEST 70/184 [tests/gmagick-068-modulateimage.phpt]
PASS modulateImage test [tests/gmagick-068-modulateimage.phpt] 
TEST 71/184 [tests/gmagick-069-trimimage.phpt]
PASS trimImage test [tests/gmagick-069-trimimage.phpt] 
TEST 72/184 [tests/gmagick-070-motionblurimage.phpt]
PASS motionblur test [tests/gmagick-070-motionblurimage.phpt] 
TEST 73/184 [tests/gmagick-071-next_previousimage.phpt]
PASS next,previousImage test [tests/gmagick-071-next_previousimage.phpt] 
TEST 74/184 [tests/gmagick-072-oilpaintimage.phpt]
PASS oilPaintImage test [tests/gmagick-072-oilpaintimage.phpt] 
TEST 75/184 [tests/gmagick-073-profileimage.phpt]
PASS profileImage test [tests/gmagick-073-profileimage.phpt] 
TEST 76/184 [tests/gmagick-074-quantizeimage.phpt]
PASS quantizeImage test [tests/gmagick-074-quantizeimage.phpt] 
TEST 77/184 [tests/gmagick-075-quantizeimages.phpt]
PASS quantizeImages test [tests/gmagick-075-quantizeimages.phpt] 
TEST 78/184 [tests/gmagick-076-queryfonts.phpt]
PASS queryFonts test [tests/gmagick-076-queryfonts.phpt] 
TEST 79/184 [tests/gmagick-077-cropthumbnail.phpt]
PASS cropthumbnail test [tests/gmagick-077-cropthumbnail.phpt] 
TEST 80/184 [tests/gmagick-078-rollimage.phpt]
PASS rollImage test [tests/gmagick-078-rollimage.phpt] 
TEST 81/184 [tests/gmagick-079-rotateimage.phpt]
PASS rotateImage test [tests/gmagick-079-rotateimage.phpt] 
TEST 82/184 [tests/gmagick-080-scaleimage.phpt]
PASS scaleImage test [tests/gmagick-080-scaleimage.phpt] 
TEST 83/184 [tests/gmagick-081-separateimagechannel.phpt]
PASS separateImageChannel test [tests/gmagick-081-separateimagechannel.phpt] 
TEST 84/184 [tests/gmagick-082-shearimage.phpt]
PASS shearImage test [tests/gmagick-082-shearimage.phpt] 
TEST 85/184 [tests/gmagick-083-solarizeimage.phpt]
PASS solarizeImage test [tests/gmagick-083-solarizeimage.phpt] 
TEST 86/184 [tests/gmagick-084-spreadimage.phpt]
PASS spreadImage test [tests/gmagick-084-spreadimage.phpt] 
TEST 87/184 [tests/gmagick-085-stripimage.phpt]
PASS stripImage test [tests/gmagick-085-stripimage.phpt] 
TEST 88/184 [tests/gmagick-086-swirlimage.phpt]
PASS swirlImage test [tests/gmagick-086-swirlimage.phpt] 
TEST 89/184 [tests/gmagick-087-setcompressionquality.phpt]
PASS setCompressionQuality test [tests/gmagick-087-setcompressionquality.phpt] 
TEST 90/184 [tests/gmagick-088-getimageblob.phpt]
PASS getimageBlob test [tests/gmagick-088-getimageblob.phpt] 
TEST 91/184 [tests/gmagick-089-getnumberimages.phpt]
PASS getNumberImages test [tests/gmagick-089-getnumberimages.phpt] 
TEST 92/184 [tests/gmagick-090-setimage.phpt]
PASS setImage test [tests/gmagick-090-setimage.phpt] 
TEST 93/184 [tests/gmagick-091-getimage.phpt]
PASS getImage test [tests/gmagick-091-getimage.phpt] 
TEST 94/184 [tests/gmagick-092-getimagegeometry.phpt]
PASS setImage test [tests/gmagick-092-getimagegeometry.phpt] 
TEST 95/184 [tests/gmagick-093-flattenimages.phpt]
PASS setImage test [tests/gmagick-093-flattenimages.phpt] 
TEST 96/184 [tests/gmagick-094-thresholdimage.phpt]
PASS thresholdImage test [tests/gmagick-094-thresholdimage.phpt] 
TEST 97/184 [tests/gmagick-095-negateimage.phpt]
PASS negateImage test [tests/gmagick-095-negateimage.phpt] 
TEST 98/184 [tests/gmagick-096-setinterlacescheme.phpt]
PASS setInterlaceScheme test [tests/gmagick-096-setinterlacescheme.phpt] 
TEST 99/184 [tests/gmagick-097-sampleimage.phpt]
PASS sampleimage test [tests/gmagick-097-sampleimage.phpt] 
TEST 100/184 [tests/gmagick-098-cloneimage.phpt]
PASS cloneimage test [tests/gmagick-098-cloneimage.phpt] 
TEST 101/184 [tests/gmagick-099-appendimages.phpt]
PASS appendimages test [tests/gmagick-099-appendimages.phpt] 
TEST 102/184 [tests/gmagick-100-coalesceimages.phpt]
PASS coalesceimages test [tests/gmagick-100-coalesceimages.phpt] 
TEST 103/184 [tests/gmagick-101-sharpenimage.phpt]
PASS sharpenimage test [tests/gmagick-101-sharpenimage.phpt] 
TEST 104/184 [tests/gmagick-102-unsharpenmaskimage.phpt]
PASS unsharpmaskimage test [tests/gmagick-102-unsharpenmaskimage.phpt] 
TEST 105/184 [tests/gmagick-103-setgetimagecompression.phpt]
PASS setImageCompression test [tests/gmagick-103-setgetimagecompression.phpt] 
TEST 106/184 [tests/gmagick-104-setgetimagepage.phpt]
PASS Gmagick::setImagePage test [tests/gmagick-104-setgetimagepage.phpt] 
TEST 107/184 [tests/gmagick-105-readimageblob.phpt]
PASS Gmagick::readImageBlob [tests/gmagick-105-readimageblob.phpt] 
TEST 108/184 [tests/gmagick-106-testConstants.phpt]
PASS Test contants have symbols. [tests/gmagick-106-testConstants.phpt] 
TEST 109/184 [tests/gmagick-107_setimagevirtualpixelmethod.phpt]
PASS Test Tutorial, edgeExtend [tests/gmagick-107_setimagevirtualpixelmethod.phpt] 
TEST 110/184 [tests/gmagick-108_adaptiveThresholdImage_basic.phpt]
PASS Test Gmagick, adaptiveThresholdImage [tests/gmagick-108_adaptiveThresholdImage_basic.phpt] 
TEST 111/184 [tests/gmagick-109_affineTransformImage_basic.phpt]
PASS Test Gmagick, affineTransformImage [tests/gmagick-109_affineTransformImage_basic.phpt] 
TEST 112/184 [tests/gmagick-110_blackThresholdImage_basic.phpt]
PASS Test Gmagick, blackThresholdImage [tests/gmagick-110_blackThresholdImage_basic.phpt] 
TEST 113/184 [tests/gmagick-111_whiteThresholdImage_basic.phpt]
PASS Test Gmagick, whiteThresholdImage [tests/gmagick-111_whiteThresholdImage_basic.phpt] 
TEST 114/184 [tests/gmagick-112_colorizeImage_basic.phpt]
PASS Test Gmagick, colorizeImage [tests/gmagick-112_colorizeImage_basic.phpt] 
TEST 115/184 [tests/gmagick-113_compareImages.phpt]
PASS Test PHP bug #59378 writing to php://memory is incomplete [tests/gmagick-113_compareImages.phpt] 
TEST 116/184 [tests/gmagick-114_convolveImage_6.phpt]
PASS Test Gmagick, convolveImage [tests/gmagick-114_convolveImage_6.phpt] 
TEST 117/184 [tests/gmagick-115_equalizeImage_case2.phpt]
PASS Test Gmagick, equalizeImage [tests/gmagick-115_equalizeImage_case2.phpt] 
TEST 118/184 [tests/gmagick-116_waveImage_basic.phpt]
PASS Test Gmagick, waveImage [tests/gmagick-116_waveImage_basic.phpt] 
TEST 119/184 [tests/gmagick-117_haldClutImage_basic.phpt]
PASS Test Gmagick, haldClutImage [tests/gmagick-117_haldClutImage_basic.phpt] 
TEST 120/184 [tests/gmagick-118_shaveImage_basic.phpt]
PASS Test Gmagick, shaveImage [tests/gmagick-118_shaveImage_basic.phpt] 
TEST 121/184 [tests/gmagick-119_thumbnail_fill.phpt]
PASS Test filling thumbnail with color [tests/gmagick-119_thumbnail_fill.phpt] 
TEST 122/184 [tests/gmagick-120_writeImageFile.phpt]
PASS Test PHP writing to php://memory [tests/gmagick-120_writeImageFile.phpt] 
TEST 123/184 [tests/gmagick-121_deconstructGif_basic.phpt]
XFAIL Test Tutorial, deconstructGif [tests/gmagick-121_deconstructGif_basic.phpt]   XFAIL REASON: GraphicMagick has multiple issues with 'image counts'. It appears to be confused how many images are in the list.
TEST 124/184 [tests/gmagick-122_unsharpMaskImage_basic.phpt]
PASS Test Gmagick, unsharpMaskImage [tests/gmagick-122_unsharpMaskImage_basic.phpt] 
TEST 125/184 [tests/gmagick-123_sharpenImage_basic.phpt]
PASS Test Gmagick, sharpenImage [tests/gmagick-123_sharpenImage_basic.phpt] 
TEST 126/184 [tests/gmagick-124__reduceNoiseImage_basic.phpt]
PASS Test Gmagick, reduceNoiseImage [tests/gmagick-124__reduceNoiseImage_basic.phpt] 
TEST 127/184 [tests/gmagick-125_radialBlurImage_basic.phpt]
SKIP Test Gmagick, radialBlurImage [tests/gmagick-125_radialBlurImage_basic.phpt] reason: - not implemented by GraphicsMagick
TEST 128/184 [tests/gmagick-126_negateImage_basic.phpt]
PASS Test Gmagick, negateImage [tests/gmagick-126_negateImage_basic.phpt] 
TEST 129/184 [tests/gmagick-127_contrastImage_basic.phpt]
PASS Test Gmagick, contrastImage [tests/gmagick-127_contrastImage_basic.phpt] 
TEST 130/184 [tests/gmagick-128_staticMethods.phpt]
PASS Test static methods [tests/gmagick-128_staticMethods.phpt] 
TEST 131/184 [tests/gmagick-129_gettersAndSetters.phpt]
FAIL Test static methods [tests/gmagick-129_gettersAndSetters.phpt] 
TEST 132/184 [tests/gmagickdraw-001-setstrokecolor_setstrokewidth.phpt]
PASS Test set stroke color, set stroke width [tests/gmagickdraw-001-setstrokecolor_setstrokewidth.phpt] 
TEST 133/184 [tests/gmagickdraw-002-ellipse.phpt]
PASS Test ellipse [tests/gmagickdraw-002-ellipse.phpt] 
TEST 134/184 [tests/gmagickdraw-003-annotate.phpt]
FAIL Test annotate [tests/gmagickdraw-003-annotate.phpt] 
TEST 135/184 [tests/gmagickdraw-004-arc.phpt]
PASS Test arc [tests/gmagickdraw-004-arc.phpt] 
TEST 136/184 [tests/gmagickdraw-005-bezier.phpt]
PASS Test bezier [tests/gmagickdraw-005-bezier.phpt] 
TEST 137/184 [tests/gmagickdraw-006-setfillcolor_getfillcolor.phpt]
SKIP Test setfillcolor, getfillcolor [tests/gmagickdraw-006-setfillcolor_getfillcolor.phpt] reason: QUANTUM_DEPTH=16
TEST 138/184 [tests/gmagickdraw-006-setfillcolor_getfillcolor_q16.phpt]
PASS Test setfillcolor, getfillcolor [tests/gmagickdraw-006-setfillcolor_getfillcolor_q16.phpt] 
TEST 139/184 [tests/gmagickdraw-007-setfillopacity_getfillopacity.phpt]
PASS Test setfillopacity, getfillopacity [tests/gmagickdraw-007-setfillopacity_getfillopacity.phpt] 
TEST 140/184 [tests/gmagickdraw-008-setfont_getfont.phpt]
PASS Test setfont, getfont [tests/gmagickdraw-008-setfont_getfont.phpt] 
TEST 141/184 [tests/gmagickdraw-009-setfontsize_getfontsize.phpt]
PASS Test setfontsize, getfontsize [tests/gmagickdraw-009-setfontsize_getfontsize.phpt] 
TEST 142/184 [tests/gmagickdraw-010-setfontstyle_getfontstyle.phpt]
PASS Test setfontstyle, getfontstyle [tests/gmagickdraw-010-setfontstyle_getfontstyle.phpt] 
TEST 143/184 [tests/gmagickdraw-011-setfontweight_getfontweight.phpt]
PASS Test setfontweight, getfontweight [tests/gmagickdraw-011-setfontweight_getfontweight.phpt] 
TEST 144/184 [tests/gmagickdraw-012-setstrokeopacity_getstrokeopacity.phpt]
PASS Test setstrokeopacity, getstrokeopacity [tests/gmagickdraw-012-setstrokeopacity_getstrokeopacity.phpt] 
TEST 145/184 [tests/gmagickdraw-013-setstrokecolor_getstrokecolor.phpt]
SKIP Test setstrokecolor, getstrokecolor [tests/gmagickdraw-013-setstrokecolor_getstrokecolor.phpt] reason: QUANTUM_DEPTH=16
TEST 146/184 [tests/gmagickdraw-013-setstrokecolor_getstrokecolor_q16.phpt]
PASS Test setstrokecolor, getstrokecolor [tests/gmagickdraw-013-setstrokecolor_getstrokecolor_q16.phpt] 
TEST 147/184 [tests/gmagickdraw-014-setstrokewidth_getstrokewidth.phpt]
PASS Test setstrokewidth, getstrokewidth [tests/gmagickdraw-014-setstrokewidth_getstrokewidth.phpt] 
TEST 148/184 [tests/gmagickdraw-015-settextdecoration_gettextdecoration.phpt]
PASS Test settextdecoration, gettextdecoration [tests/gmagickdraw-015-settextdecoration_gettextdecoration.phpt] 
TEST 149/184 [tests/gmagickdraw-016-settextencoding_gettextencoding.phpt]
PASS Test settextencoding, gettextencoding [tests/gmagickdraw-016-settextencoding_gettextencoding.phpt] 
TEST 150/184 [tests/gmagickdraw-017-line.phpt]
PASS Test line [tests/gmagickdraw-017-line.phpt] 
TEST 151/184 [tests/gmagickdraw-018-point.phpt]
PASS Test point [tests/gmagickdraw-018-point.phpt] 
TEST 152/184 [tests/gmagickdraw-019-polygon.phpt]
PASS Test polygon [tests/gmagickdraw-019-polygon.phpt] 
TEST 153/184 [tests/gmagickdraw-020-polyline.phpt]
PASS Test polyline [tests/gmagickdraw-020-polyline.phpt] 
TEST 154/184 [tests/gmagickdraw-021-rectangle.phpt]
PASS Test rectangle [tests/gmagickdraw-021-rectangle.phpt] 
TEST 155/184 [tests/gmagickdraw-022-rotate.phpt]
PASS Test rotate [tests/gmagickdraw-022-rotate.phpt] 
TEST 156/184 [tests/gmagickdraw-023-roundrectangle.phpt]
PASS Test round rectangle [tests/gmagickdraw-023-roundrectangle.phpt] 
TEST 157/184 [tests/gmagickdraw-024-scale.phpt]
PASS Test scale [tests/gmagickdraw-024-scale.phpt] 
TEST 158/184 [tests/gmagickdraw-025-affine.phpt]
PASS Test affine [tests/gmagickdraw-025-affine.phpt] 
TEST 159/184 [tests/gmagickdraw-026-setgravity_getgravity.phpt]
PASS Test affine [tests/gmagickdraw-026-setgravity_getgravity.phpt] 
TEST 160/184 [tests/gmagickdraw-027-setantialias_getantialias.phpt]
PASS Test and get anti-alias [tests/gmagickdraw-027-setantialias_getantialias.phpt] 
TEST 161/184 [tests/gmagickdraw-028-setlinecap_getlinecap.phpt]
PASS Test set and get line cap [tests/gmagickdraw-028-setlinecap_getlinecap.phpt] 
TEST 162/184 [tests/gmagickdraw-029-setlinejoin_getlinejoin.phpt]
PASS Test stroke line join [tests/gmagickdraw-029-setlinejoin_getlinejoin.phpt] 
TEST 163/184 [tests/gmagickdraw-030-setmiterlimit_getmiterlimit.phpt]
PASS Test get and set strokeMiterLimit [tests/gmagickdraw-030-setmiterlimit_getmiterlimit.phpt] 
TEST 164/184 [tests/gmagickdraw-031-setdashstrokearray_getdashstrokearray.phpt]
PASS Test set and get stroke dash array [tests/gmagickdraw-031-setdashstrokearray_getdashstrokearray.phpt] 
TEST 165/184 [tests/gmagickdraw-032_circle_basic.phpt]
PASS Test GmagickDraw, circle [tests/gmagickdraw-032_circle_basic.phpt] 
TEST 166/184 [tests/gmagickdraw-033_setClipPath_basic.phpt]
PASS Test GmagickDraw, setClipPath [tests/gmagickdraw-033_setClipPath_basic.phpt] 
TEST 167/184 [tests/gmagickdraw_034_setClipRule_basic.phpt]
PASS Test GmagickDraw, setClipRule [tests/gmagickdraw_034_setClipRule_basic.phpt] 
TEST 168/184 [tests/gmagickdraw_035_setClipUnits_basic.phpt]
PASS Test GmagickDraw, setClipUnits [tests/gmagickdraw_035_setClipUnits_basic.phpt] 
TEST 169/184 [tests/gmagickdraw_036_pushPattern_basic.phpt]
PASS Test GmagickDraw, pushPattern [tests/gmagickdraw_036_pushPattern_basic.phpt] 
TEST 170/184 [tests/gmagickdraw_037_setFillRule_basic.phpt]
PASS Test GmagickDraw, setFillRule [tests/gmagickdraw_037_setFillRule_basic.phpt] 
TEST 171/184 [tests/gmagickdraw_038_setFontStretch_basic.phpt]
FAIL Test GmagickDraw, setFontStretch [tests/gmagickdraw_038_setFontStretch_basic.phpt] 
TEST 172/184 [tests/gmagickdraw_039_pathStart_basic.phpt]
PASS Test GmagickDraw, pathStart [tests/gmagickdraw_039_pathStart_basic.phpt] 
TEST 173/184 [tests/gmagickdraw_040_pathCurveToQuadraticBezierAbsolute_basic.phpt]
PASS Test GmagickDraw, pathCurveToQuadraticBezierAbsolute [tests/gmagickdraw_040_pathCurveToQuadraticBezierAbsolute_basic.phpt] 
TEST 174/184 [tests/gmagickdraw_041_popDefs_basic.phpt]
PASS Test GmagickDraw, popDefs [tests/gmagickdraw_041_popDefs_basic.phpt] 
TEST 175/184 [tests/gmagickdraw_042_setTextAntialias_basic.phpt]
FAIL Test GmagickDraw, setTextAntialias [tests/gmagickdraw_042_setTextAntialias_basic.phpt] 
TEST 176/184 [tests/gmagickdraw_043_setViewBox_basic.phpt]
PASS Test GmagickDraw, setViewBox [tests/gmagickdraw_043_setViewBox_basic.phpt] 
TEST 177/184 [tests/gmagickdraw_044_setTextUnderColor_basic.phpt]
FAIL Test GmagickDraw, setTextUnderColor [tests/gmagickdraw_044_setTextUnderColor_basic.phpt] 
TEST 178/184 [tests/gmagickdraw_045_setFontFamily_basic.phpt]
FAIL Test GmagickDraw, setFontFamily [tests/gmagickdraw_045_setFontFamily_basic.phpt] 
TEST 179/184 [tests/gmagickpixel-001-setcolor_getcolor.phpt]
SKIP Test setColor and getColor methods [tests/gmagickpixel-001-setcolor_getcolor.phpt] reason: QUANTUM_DEPTH=16
TEST 180/184 [tests/gmagickpixel-002-setcolorvalue_getcolorvalue.phpt]
PASS Test setColorValue and getColorValue methods [tests/gmagickpixel-002-setcolorvalue_getcolorvalue.phpt] 
TEST 181/184 [tests/gmagickpixel-003-getcolorcount.phpt]
PASS Test getColorcount method [tests/gmagickpixel-003-getcolorcount.phpt] 
TEST 182/184 [tests/gmagickpixel-004-clone.phpt]
PASS Test object cloning and get [tests/gmagickpixel-004-clone.phpt] 
TEST 183/184 [tests/gmagickpixel-005-setcolorvaluequantum_getcolorvaluequantum.phpt]
PASS Test setColorValueQuantum and getColorValueQuantum methods [tests/gmagickpixel-005-setcolorvaluequantum_getcolorvaluequantum.phpt] 
TEST 184/184 [tests/gmagickpixel-006-setcolorcount.phpt]
PASS Test getColorcount method [tests/gmagickpixel-006-setcolorcount.phpt] 
=====================================================================
TIME END 2020-02-25 06:50:26

=====================================================================
TEST RESULT SUMMARY
---------------------------------------------------------------------
Exts skipped    :    0
Exts tested     :   15
---------------------------------------------------------------------

Number of tests :  184               178
Tests skipped   :    6 (  3.3%) --------
Tests warned    :    0 (  0.0%) (  0.0%)
Tests failed    :    7 (  3.8%) (  3.9%)
Expected fail   :    1 (  0.5%) (  0.6%)
Tests passed    :  170 ( 92.4%) ( 95.5%)
---------------------------------------------------------------------
Time taken      :    6 seconds
=====================================================================

=====================================================================
EXPECTED FAILED TEST SUMMARY
---------------------------------------------------------------------
Test Tutorial, deconstructGif [tests/gmagick-121_deconstructGif_basic.phpt]  XFAIL REASON: GraphicMagick has multiple issues with 'image counts'. It appears to be confused how many images are in the list.
=====================================================================

=====================================================================
FAILED TEST SUMMARY
---------------------------------------------------------------------
Test annotate image [tests/gmagick-006-annotateimage.phpt]
Test static methods [tests/gmagick-129_gettersAndSetters.phpt]
Test annotate [tests/gmagickdraw-003-annotate.phpt]
Test GmagickDraw, setFontStretch [tests/gmagickdraw_038_setFontStretch_basic.phpt]
Test GmagickDraw, setTextAntialias [tests/gmagickdraw_042_setTextAntialias_basic.phpt]
Test GmagickDraw, setTextUnderColor [tests/gmagickdraw_044_setTextUnderColor_basic.phpt]
Test GmagickDraw, setFontFamily [tests/gmagickdraw_045_setFontFamily_basic.phpt]
=====================================================================
make[2]: Leaving directory '/<<PKGBUILDDIR>>/build-7.3'
touch test-7.3-stamp
dh override_dh_auto_test --with php
make[1]: Leaving directory '/<<PKGBUILDDIR>>'
 fakeroot debian/rules binary
dh binary --with php
   dh_testroot
   dh_prep
   debian/rules override_dh_auto_install
make[1]: Entering directory '/<<PKGBUILDDIR>>'
dh_auto_install --sourcedirectory=build-7.4 -- INSTALL_ROOT=/<<PKGBUILDDIR>>/debian/php-gmagick
	cd build-7.4 && make -j1 install DESTDIR=/<<BUILDDIR>>/php-gmagick-2.0.5\~rc1\+1.1.7\~rc3/debian/php-gmagick AM_UPDATE_INFO_DIR=no INSTALL_ROOT=/<<BUILDDIR>>/php-gmagick-2.0.5\~rc1\+1.1.7\~rc3/debian/php-gmagick
make[2]: Entering directory '/<<PKGBUILDDIR>>/build-7.4'
Installing shared extensions:     /<<PKGBUILDDIR>>/debian/php-gmagick/usr/lib/php/20190902/
make[2]: Leaving directory '/<<PKGBUILDDIR>>/build-7.4'
touch install-7.4-stamp
dh_auto_install --sourcedirectory=build-7.3 -- INSTALL_ROOT=/<<PKGBUILDDIR>>/debian/php-gmagick
	cd build-7.3 && make -j1 install DESTDIR=/<<BUILDDIR>>/php-gmagick-2.0.5\~rc1\+1.1.7\~rc3/debian/php-gmagick AM_UPDATE_INFO_DIR=no INSTALL_ROOT=/<<BUILDDIR>>/php-gmagick-2.0.5\~rc1\+1.1.7\~rc3/debian/php-gmagick
make[2]: Entering directory '/<<PKGBUILDDIR>>/build-7.3'
Installing shared extensions:     /<<PKGBUILDDIR>>/debian/php-gmagick/usr/lib/php/20180731/
make[2]: Leaving directory '/<<PKGBUILDDIR>>/build-7.3'
touch install-7.3-stamp
dh override_dh_auto_install --with php
make[1]: Leaving directory '/<<PKGBUILDDIR>>'
   debian/rules override_dh_php
make[1]: Entering directory '/<<PKGBUILDDIR>>'
dh_php -p php-gmagick
make[1]: Leaving directory '/<<PKGBUILDDIR>>'
   dh_installdocs
   dh_installchangelogs
   dh_perl
   dh_link
   dh_strip_nondeterminism
   dh_compress
   dh_fixperms
   dh_missing
   dh_strip
   dh_makeshlibs
   dh_shlibdeps
dpkg-shlibdeps: warning: debian/php-gmagick/usr/lib/php/20190902/gmagick.so contains an unresolvable reference to symbol expand_filepath: it's probably a plugin
dpkg-shlibdeps: warning: 50 other similar warnings have been skipped (use -v to see them all)
dpkg-shlibdeps: warning: debian/php-gmagick/usr/lib/php/20180731/gmagick.so contains an unresolvable reference to symbol zend_objects_clone_members: it's probably a plugin
dpkg-shlibdeps: warning: 50 other similar warnings have been skipped (use -v to see them all)
   dh_installdeb
   debian/rules override_dh_gencontrol
make[1]: Entering directory '/<<PKGBUILDDIR>>'
dh_gencontrol -- "-Vphp:Provides=php7.4-gmagick, php7.3-gmagick,"
make[1]: Leaving directory '/<<PKGBUILDDIR>>'
   dh_md5sums
   dh_builddeb
dpkg-deb: building package 'php-gmagick' in '../php-gmagick_2.0.5~rc1+1.1.7~rc3-5_amd64.deb'.
dpkg-deb: building package 'php-gmagick-dbgsym' in '../php-gmagick-dbgsym_2.0.5~rc1+1.1.7~rc3-5_amd64.deb'.
 dpkg-genbuildinfo --build=binary
 dpkg-genchanges --build=binary >../php-gmagick_2.0.5~rc1+1.1.7~rc3-5_amd64.changes
dpkg-genchanges: info: binary-only upload (no source code included)
 dpkg-source --after-build .
dpkg-buildpackage: info: binary-only upload (no source included)
--------------------------------------------------------------------------------
Build finished at 2020-02-25T06:50:30Z

Finished
--------

I: Built successfully

+------------------------------------------------------------------------------+
| Changes                                                                      |
+------------------------------------------------------------------------------+


php-gmagick_2.0.5~rc1+1.1.7~rc3-5_amd64.changes:
------------------------------------------------

Format: 1.8
Date: Sun, 23 Feb 2020 16:41:29 +0100
Source: php-gmagick
Binary: php-gmagick php-gmagick-dbgsym
Architecture: amd64
Version: 2.0.5~rc1+1.1.7~rc3-5
Distribution: unstable
Urgency: medium
Maintainer: Debian PHP PECL Maintainers <team+php-pecl@tracker.debian.org>
Changed-By: Ondej Sur <ondrej@debian.org>
Description:
 php-gmagick - Provides a wrapper to the GraphicsMagick library
Changes:
 php-gmagick (2.0.5~rc1+1.1.7~rc3-5) unstable; urgency=medium
 .
   * Don't fail on failed tests
Checksums-Sha1:
 ea9f038f20144252f39ad1d19fffa49715662a8a 333896 php-gmagick-dbgsym_2.0.5~rc1+1.1.7~rc3-5_amd64.deb
 c4866e7d6345fecd0a916d94a7c92aa03a5f2693 7764 php-gmagick_2.0.5~rc1+1.1.7~rc3-5_amd64.buildinfo
 cd937afa0c376c12ef6344f759cbe8ee349d8e1f 67656 php-gmagick_2.0.5~rc1+1.1.7~rc3-5_amd64.deb
Checksums-Sha256:
 1a0ce6e521f44422d38a96ac8c2e412bf5628dd45a40f284fdb083ef95e93ee1 333896 php-gmagick-dbgsym_2.0.5~rc1+1.1.7~rc3-5_amd64.deb
 53a3965d4ab71d6b73fcf97fa829c8953332d0327842b2c4020a6f246bcb4e8b 7764 php-gmagick_2.0.5~rc1+1.1.7~rc3-5_amd64.buildinfo
 fa22df66c12d1c02ee5279562697692c2f0b18d08d2d31f27a10a7768794d050 67656 php-gmagick_2.0.5~rc1+1.1.7~rc3-5_amd64.deb
Files:
 2a68d410e382b1ff1ef98c7366dde885 333896 debug optional php-gmagick-dbgsym_2.0.5~rc1+1.1.7~rc3-5_amd64.deb
 9278589737759e318f16794ddbc6ea50 7764 php optional php-gmagick_2.0.5~rc1+1.1.7~rc3-5_amd64.buildinfo
 ea6359d9aa3fa61e967302537864124f 67656 php optional php-gmagick_2.0.5~rc1+1.1.7~rc3-5_amd64.deb

+------------------------------------------------------------------------------+
| Buildinfo                                                                    |
+------------------------------------------------------------------------------+

Format: 1.0
Source: php-gmagick
Binary: php-gmagick
Architecture: amd64
Version: 2.0.5~rc1+1.1.7~rc3-5
Checksums-Md5:
 2a68d410e382b1ff1ef98c7366dde885 333896 php-gmagick-dbgsym_2.0.5~rc1+1.1.7~rc3-5_amd64.deb
 ea6359d9aa3fa61e967302537864124f 67656 php-gmagick_2.0.5~rc1+1.1.7~rc3-5_amd64.deb
Checksums-Sha1:
 ea9f038f20144252f39ad1d19fffa49715662a8a 333896 php-gmagick-dbgsym_2.0.5~rc1+1.1.7~rc3-5_amd64.deb
 cd937afa0c376c12ef6344f759cbe8ee349d8e1f 67656 php-gmagick_2.0.5~rc1+1.1.7~rc3-5_amd64.deb
Checksums-Sha256:
 1a0ce6e521f44422d38a96ac8c2e412bf5628dd45a40f284fdb083ef95e93ee1 333896 php-gmagick-dbgsym_2.0.5~rc1+1.1.7~rc3-5_amd64.deb
 fa22df66c12d1c02ee5279562697692c2f0b18d08d2d31f27a10a7768794d050 67656 php-gmagick_2.0.5~rc1+1.1.7~rc3-5_amd64.deb
Build-Origin: Debian
Build-Architecture: amd64
Build-Date: Tue, 25 Feb 2020 06:50:29 +0000
Build-Path: /<<PKGBUILDDIR>>
Installed-Build-Depends:
 autoconf (= 2.69-11.1),
 automake (= 1:1.16.1-4),
 autopoint (= 0.19.8.1-10),
 autotools-dev (= 20180224.1),
 base-files (= 11),
 base-passwd (= 3.5.47),
 bash (= 5.0-5),
 binutils (= 2.34-3),
 binutils-common (= 2.34-3),
 binutils-x86-64-linux-gnu (= 2.34-3),
 bsdmainutils (= 11.1.2+b1),
 bsdutils (= 1:2.34-0.1),
 build-essential (= 12.8),
 bzip2 (= 1.0.8-2),
 clang-10 (= 1:10.0.0~+rc2-1),
 coreutils (= 8.30-3+b1),
 cpp (= 4:9.2.1-3.1),
 cpp-9 (= 9.2.1-29),
 dash (= 0.5.10.2-6),
 debconf (= 1.5.73),
 debhelper (= 12.9),
 debianutils (= 4.9.1),
 dh-autoreconf (= 19),
 dh-php (= 0.35),
 dh-strip-nondeterminism (= 1.6.3-2),
 diffutils (= 1:3.7-3),
 dpkg (= 1.19.7),
 dpkg-dev (= 1.19.7),
 dwz (= 0.13-5),
 fdisk (= 2.34-0.1),
 file (= 1:5.38-4),
 findutils (= 4.7.0-1),
 g++ (= 4:9.2.1-3.1),
 g++-9 (= 9.2.1-29),
 gcc (= 4:9.2.1-3.1),
 gcc-10-base (= 10-20200222-1),
 gcc-9 (= 9.2.1-29),
 gcc-9-base (= 9.2.1-29),
 gettext (= 0.19.8.1-10),
 gettext-base (= 0.19.8.1-10),
 grep (= 3.4-1),
 groff-base (= 1.22.4-4),
 gzip (= 1.9-3+b1),
 hostname (= 3.23),
 icu-devtools (= 63.2-2),
 init-system-helpers (= 1.57),
 intltool-debian (= 0.35.0+20060710.5),
 lib32gcc-s1 (= 10-20200222-1),
 lib32gcc1 (= 1:10-20200222-1),
 lib32stdc++6 (= 10-20200222-1),
 libacl1 (= 2.2.53-5),
 libarchive-zip-perl (= 1.67-1),
 libargon2-1 (= 0~20171227-0.2),
 libasan5 (= 9.2.1-29),
 libatomic1 (= 10-20200222-1),
 libattr1 (= 1:2.4.48-5),
 libaudit-common (= 1:2.8.5-2),
 libaudit1 (= 1:2.8.5-2+b1),
 libbinutils (= 2.34-3),
 libblkid1 (= 2.34-0.1),
 libbsd0 (= 0.10.0-1),
 libbz2-1.0 (= 1.0.8-2),
 libbz2-dev (= 1.0.8-2),
 libc-bin (= 2.29-10),
 libc-dev-bin (= 2.29-10),
 libc6 (= 2.29-10),
 libc6-dev (= 2.29-10),
 libc6-i386 (= 2.29-10),
 libcap-ng0 (= 0.7.9-2.1+b1),
 libcc1-0 (= 10-20200222-1),
 libclang-common-10-dev (= 1:10.0.0~+rc2-1),
 libclang-cpp10 (= 1:10.0.0~+rc2-1),
 libclang1-10 (= 1:10.0.0~+rc2-1),
 libcroco3 (= 0.6.13-1),
 libcrypt-dev (= 1:4.4.10-10),
 libcrypt1 (= 1:4.4.10-10),
 libctf-nobfd0 (= 2.34-3),
 libctf0 (= 2.34-3),
 libdb5.3 (= 5.3.28+dfsg1-0.6),
 libdebconfclient0 (= 0.251),
 libdebhelper-perl (= 12.9),
 libdpkg-perl (= 1.19.7),
 libedit2 (= 3.1-20191231-1),
 libelf1 (= 0.176-1.1),
 libexif-dev (= 0.6.21-6),
 libexif12 (= 0.6.21-6),
 libexpat1 (= 2.2.9-1),
 libexporter-tiny-perl (= 1.002001-1),
 libfdisk1 (= 2.34-0.1),
 libffi7 (= 3.3-3),
 libfile-stripnondeterminism-perl (= 1.6.3-2),
 libfreetype-dev (= 2.10.1-2),
 libfreetype6 (= 2.10.1-2),
 libfreetype6-dev (= 2.10.1-2),
 libgc1c2 (= 1:7.6.4-0.4),
 libgcc-9-dev (= 9.2.1-29),
 libgcc-s1 (= 10-20200222-1),
 libgcc1 (= 1:10-20200222-1),
 libgcrypt20 (= 1.8.5-5),
 libgdbm-compat4 (= 1.18.1-5),
 libgdbm6 (= 1.18.1-5),
 libglib2.0-0 (= 2.62.4-2),
 libgmp10 (= 2:6.2.0+dfsg-4),
 libgomp1 (= 10-20200222-1),
 libgpg-error0 (= 1.37-1),
 libgraphicsmagick-q16-3 (= 1.4+really1.3.35-1),
 libgraphicsmagick1-dev (= 1.4+really1.3.35-1),
 libice-dev (= 2:1.0.9-2),
 libice6 (= 2:1.0.9-2),
 libicu-dev (= 63.2-2),
 libicu63 (= 63.2-2),
 libisl22 (= 0.22.1-1),
 libitm1 (= 10-20200222-1),
 libjbig-dev (= 2.1-3.1+b2),
 libjbig0 (= 2.1-3.1+b2),
 libjpeg-dev (= 1:1.5.2-2),
 libjpeg62-turbo (= 1:1.5.2-2+b1),
 libjpeg62-turbo-dev (= 1:1.5.2-2+b1),
 liblcms2-2 (= 2.9-4),
 liblcms2-dev (= 2.9-4),
 liblist-moreutils-perl (= 0.416-1+b5),
 libllvm10 (= 1:10.0.0~+rc2-1),
 liblsan0 (= 10-20200222-1),
 libltdl-dev (= 2.4.6-13),
 libltdl7 (= 2.4.6-13),
 liblz4-1 (= 1.9.2-2),
 liblzma-dev (= 5.2.4-1+b1),
 liblzma5 (= 5.2.4-1+b1),
 libmagic-mgc (= 1:5.38-4),
 libmagic1 (= 1:5.38-4),
 libmount1 (= 2.34-0.1),
 libmpc3 (= 1.1.0-1),
 libmpfr6 (= 4.0.2-1),
 libncursesw6 (= 6.1+20191019-1),
 libobjc-9-dev (= 9.2.1-29),
 libobjc4 (= 10-20200222-1),
 libpam-modules (= 1.3.1-5),
 libpam-modules-bin (= 1.3.1-5),
 libpam-runtime (= 1.3.1-5),
 libpam0g (= 1.3.1-5),
 libpcre2-16-0 (= 10.34-7),
 libpcre2-32-0 (= 10.34-7),
 libpcre2-8-0 (= 10.34-7),
 libpcre2-dev (= 10.34-7),
 libpcre2-posix2 (= 10.34-7),
 libpcre3 (= 2:8.39-12+b1),
 libperl5.30 (= 5.30.0-9),
 libpipeline1 (= 1.5.2-2),
 libpng-dev (= 1.6.37-2),
 libpng16-16 (= 1.6.37-2),
 libpthread-stubs0-dev (= 0.4-1),
 libquadmath0 (= 10-20200222-1),
 libseccomp2 (= 2.4.2-2),
 libselinux1 (= 3.0-1+b1),
 libsigsegv2 (= 2.12-2),
 libsm-dev (= 2:1.2.3-1),
 libsm6 (= 2:1.2.3-1),
 libsmartcols1 (= 2.34-0.1),
 libsodium23 (= 1.0.18-1),
 libssl-dev (= 1.1.1d-2),
 libssl1.1 (= 1.1.1d-2),
 libstdc++-9-dev (= 9.2.1-29),
 libstdc++6 (= 10-20200222-1),
 libsub-override-perl (= 0.09-2),
 libsystemd0 (= 244.3-1),
 libtiff-dev (= 4.1.0+git191117-2),
 libtiff5 (= 4.1.0+git191117-2),
 libtiffxx5 (= 4.1.0+git191117-2),
 libtinfo6 (= 6.1+20191019-1),
 libtool (= 2.4.6-13),
 libtsan0 (= 10-20200222-1),
 libubsan1 (= 10-20200222-1),
 libuchardet0 (= 0.0.6-3),
 libudev1 (= 244.3-1),
 libunistring2 (= 0.9.10-2),
 libuuid1 (= 2.34-0.1),
 libwebp-dev (= 0.6.1-2+b1),
 libwebp6 (= 0.6.1-2+b1),
 libwebpdemux2 (= 0.6.1-2+b1),
 libwebpmux3 (= 0.6.1-2+b1),
 libwmf-dev (= 0.2.8.4-17),
 libwmf0.2-7 (= 0.2.8.4-17),
 libx11-6 (= 2:1.6.8-1),
 libx11-data (= 2:1.6.8-1),
 libx11-dev (= 2:1.6.8-1),
 libxau-dev (= 1:1.0.8-1+b2),
 libxau6 (= 1:1.0.8-1+b2),
 libxcb1 (= 1.13.1-5),
 libxcb1-dev (= 1.13.1-5),
 libxdmcp-dev (= 1:1.1.2-3),
 libxdmcp6 (= 1:1.1.2-3),
 libxext-dev (= 2:1.3.3-1+b2),
 libxext6 (= 2:1.3.3-1+b2),
 libxml2 (= 2.9.10+dfsg-3),
 libxml2-dev (= 2.9.10+dfsg-3),
 libz3-4 (= 4.8.7-4),
 libzstd-dev (= 1.4.4+dfsg-3),
 libzstd1 (= 1.4.4+dfsg-3),
 linux-libc-dev (= 5.4.19-1),
 login (= 1:4.8.1-1),
 lsb-base (= 11.1.0),
 m4 (= 1.4.18-4),
 make (= 4.2.1-1.2),
 man-db (= 2.9.0-2),
 mawk (= 1.3.4.20200120-2),
 mime-support (= 3.64),
 ncurses-base (= 6.1+20191019-1),
 ncurses-bin (= 6.1+20191019-1),
 patch (= 2.7.6-6),
 perl (= 5.30.0-9),
 perl-base (= 5.30.0-9),
 perl-modules-5.30 (= 5.30.0-9),
 php-all-dev (= 2:73),
 php-common (= 2:73),
 php7.3-cli (= 7.3.15-3),
 php7.3-common (= 7.3.15-3),
 php7.3-dev (= 7.3.15-3),
 php7.3-json (= 7.3.15-3),
 php7.3-opcache (= 7.3.15-3),
 php7.3-readline (= 7.3.15-3),
 php7.4-cli (= 7.4.3-4),
 php7.4-common (= 7.4.3-4),
 php7.4-dev (= 7.4.3-4),
 php7.4-json (= 7.4.3-4),
 php7.4-opcache (= 7.4.3-4),
 php7.4-readline (= 7.4.3-4),
 po-debconf (= 1.0.21),
 psmisc (= 23.3-1),
 sed (= 4.7-1),
 sensible-utils (= 0.0.12+nmu1),
 shtool (= 2.0.8-10),
 sysvinit-utils (= 2.96-2.1),
 tar (= 1.30+dfsg-6+b1),
 tzdata (= 2019c-3),
 ucf (= 3.0038+nmu1),
 util-linux (= 2.34-0.1),
 x11-common (= 1:7.7+20),
 x11proto-core-dev (= 2018.4-4),
 x11proto-dev (= 2018.4-4),
 x11proto-xext-dev (= 2018.4-4),
 xml2 (= 0.5-3),
 xorg-sgml-doctools (= 1:1.11-1),
 xtrans-dev (= 1.3.5-1),
 xz-utils (= 5.2.4-1+b1),
 zlib1g (= 1:1.2.11.dfsg-2),
 zlib1g-dev (= 1:1.2.11.dfsg-2)
Environment:
 DEB_BUILD_OPTIONS="parallel=4"
 LANG="C.UTF-8"
 LC_ALL="C.UTF-8"
 SOURCE_DATE_EPOCH="1582472489"


+------------------------------------------------------------------------------+
| Package contents                                                             |
+------------------------------------------------------------------------------+


php-gmagick-dbgsym_2.0.5~rc1+1.1.7~rc3-5_amd64.deb
--------------------------------------------------

 new Debian package, version 2.0.
 size 333896 bytes: control archive=612 bytes.
     445 bytes,    12 lines      control              
     212 bytes,     2 lines      md5sums              
 Package: php-gmagick-dbgsym
 Source: php-gmagick
 Version: 2.0.5~rc1+1.1.7~rc3-5
 Auto-Built-Package: debug-symbols
 Architecture: amd64
 Maintainer: Debian PHP PECL Maintainers <team+php-pecl@tracker.debian.org>
 Installed-Size: 441
 Depends: php-gmagick (= 2.0.5~rc1+1.1.7~rc3-5)
 Section: debug
 Priority: optional
 Description: debug symbols for php-gmagick
 Build-Ids: 2bea77c83319aaf4c64d1766d75d4d656df4da66 eb2cec73a3a6fc09b35efafadf2558a38fa63721

drwxr-xr-x root/root         0 2020-02-23 15:41 ./
drwxr-xr-x root/root         0 2020-02-23 15:41 ./usr/
drwxr-xr-x root/root         0 2020-02-23 15:41 ./usr/lib/
drwxr-xr-x root/root         0 2020-02-23 15:41 ./usr/lib/debug/
drwxr-xr-x root/root         0 2020-02-23 15:41 ./usr/lib/debug/.build-id/
drwxr-xr-x root/root         0 2020-02-23 15:41 ./usr/lib/debug/.build-id/2b/
-rw-r--r-- root/root    220288 2020-02-23 15:41 ./usr/lib/debug/.build-id/2b/ea77c83319aaf4c64d1766d75d4d656df4da66.debug
drwxr-xr-x root/root         0 2020-02-23 15:41 ./usr/lib/debug/.build-id/eb/
-rw-r--r-- root/root    218792 2020-02-23 15:41 ./usr/lib/debug/.build-id/eb/2cec73a3a6fc09b35efafadf2558a38fa63721.debug
drwxr-xr-x root/root         0 2020-02-23 15:41 ./usr/share/
drwxr-xr-x root/root         0 2020-02-23 15:41 ./usr/share/doc/
lrwxrwxrwx root/root         0 2020-02-23 15:41 ./usr/share/doc/php-gmagick-dbgsym -> php-gmagick


php-gmagick_2.0.5~rc1+1.1.7~rc3-5_amd64.deb
-------------------------------------------

 new Debian package, version 2.0.
 size 67656 bytes: control archive=1724 bytes.
      80 bytes,     2 lines      conffiles            
     659 bytes,    16 lines      control              
     282 bytes,     4 lines      md5sums              
    1084 bytes,    38 lines   *  postinst             #!/bin/sh
    1437 bytes,    52 lines   *  postrm               #!/bin/sh
    1538 bytes,    53 lines   *  preinst              #!/bin/sh
    1110 bytes,    37 lines   *  prerm                #!/bin/sh
 Package: php-gmagick
 Version: 2.0.5~rc1+1.1.7~rc3-5
 Architecture: amd64
 Maintainer: Debian PHP PECL Maintainers <team+php-pecl@tracker.debian.org>
 Installed-Size: 565
 Pre-Depends: php-common (>= 2:69~)
 Depends: phpapi-20190902 | phpapi-20180731, libc6 (>= 2.14), libgraphicsmagick-q16-3 (>= 1.3.20)
 Recommends: ghostscript, ttf-dejavu-core
 Conflicts: php-imagick
 Provides: php7.3-gmagick, php7.4-gmagick
 Section: php
 Priority: optional
 Homepage: http://pecl.php.net/package/gmagick
 Description: Provides a wrapper to the GraphicsMagick library
  Gmagick is a php extension to create, modify and obtain meta
  information of images using the GraphicsMagick API.

drwxr-xr-x root/root         0 2020-02-23 15:41 ./
drwxr-xr-x root/root         0 2020-02-23 15:41 ./etc/
drwxr-xr-x root/root         0 2020-02-23 15:41 ./etc/php/
drwxr-xr-x root/root         0 2020-02-23 15:41 ./etc/php/7.3/
drwxr-xr-x root/root         0 2020-02-23 15:41 ./etc/php/7.3/mods-available/
-rw-r--r-- root/root        60 2020-02-23 15:41 ./etc/php/7.3/mods-available/gmagick.ini
drwxr-xr-x root/root         0 2020-02-23 15:41 ./etc/php/7.4/
drwxr-xr-x root/root         0 2020-02-23 15:41 ./etc/php/7.4/mods-available/
-rw-r--r-- root/root        60 2020-02-23 15:41 ./etc/php/7.4/mods-available/gmagick.ini
drwxr-xr-x root/root         0 2020-02-23 15:41 ./usr/
drwxr-xr-x root/root         0 2020-02-23 15:41 ./usr/lib/
drwxr-xr-x root/root         0 2020-02-23 15:41 ./usr/lib/php/
drwxr-xr-x root/root         0 2020-02-23 15:41 ./usr/lib/php/20180731/
-rw-r--r-- root/root    270616 2020-02-23 15:41 ./usr/lib/php/20180731/gmagick.so
drwxr-xr-x root/root         0 2020-02-23 15:41 ./usr/lib/php/20190902/
-rw-r--r-- root/root    270616 2020-02-23 15:41 ./usr/lib/php/20190902/gmagick.so
drwxr-xr-x root/root         0 2020-02-23 15:41 ./usr/share/
drwxr-xr-x root/root         0 2020-02-23 15:41 ./usr/share/doc/
drwxr-xr-x root/root         0 2020-02-23 15:41 ./usr/share/doc/php-gmagick/
-rw-r--r-- root/root       868 2020-02-23 15:41 ./usr/share/doc/php-gmagick/changelog.Debian.gz
-rw-r--r-- root/root      6628 2020-02-23 15:41 ./usr/share/doc/php-gmagick/copyright


+------------------------------------------------------------------------------+
| Post Build                                                                   |
+------------------------------------------------------------------------------+


+------------------------------------------------------------------------------+
| Cleanup                                                                      |
+------------------------------------------------------------------------------+

Purging /<<BUILDDIR>>
Not cleaning session: cloned chroot in use

+------------------------------------------------------------------------------+
| Summary                                                                      |
+------------------------------------------------------------------------------+

Build Architecture: amd64
Build Type: binary
Build-Space: 19060
Build-Time: 39
Distribution: unstable
Host Architecture: amd64
Install-Time: 147
Job: php-gmagick_2.0.5~rc1+1.1.7~rc3-5
Machine Architecture: amd64
Package: php-gmagick
Package-Time: 232
Source-Version: 2.0.5~rc1+1.1.7~rc3-5
Space: 19060
Status: successful
Version: 2.0.5~rc1+1.1.7~rc3-5
--------------------------------------------------------------------------------
Finished at 2020-02-25T06:50:30Z
Build needed 00:03:52, 19060k disk space
DC-Status: OK 239.956655471s
DC-Time-Estimation: 239.956655471 versus expected 48 (r/m: 3.9990969889791668 ; m: 48.0)
