DC-Build-Header: python-pyscss 1.3.5-3 / 2020-02-25 04:16:42 +0000
DC-Task: type:rebuild-binarch-only source:python-pyscss version:1.3.5-3 chroot:unstable esttime:83 logfile:/tmp/python-pyscss_1.3.5-3_unstable_clang10.log modes:clang10:binarch-only
DC-Sbuild-call: su user42 -c 'sbuild -n --arch-any --apt-update -d unstable -v --no-run-lintian --chroot-setup-commands=/tmp/clang10 python-pyscss_1.3.5-3'
sbuild (Debian sbuild) 0.78.1 (09 February 2019) on ip-172-31-4-34.eu-central-1.compute.internal

+==============================================================================+
| python-pyscss 1.3.5-3 (amd64)                Tue, 25 Feb 2020 04:16:42 +0000 |
+==============================================================================+

Package: python-pyscss
Version: 1.3.5-3
Source Version: 1.3.5-3
Distribution: unstable
Machine Architecture: amd64
Host Architecture: amd64
Build Architecture: amd64
Build Type: binary

I: NOTICE: Log filtering will replace 'var/run/schroot/mount/sid-amd64-sbuild-7a4de879-6f59-4d10-8060-24b8cb2e0df8' with '<<CHROOT>>'

+------------------------------------------------------------------------------+
| Chroot Setup Commands                                                        |
+------------------------------------------------------------------------------+


/tmp/clang10
------------

+ echo 'Entering customization script...'
Entering customization script...
+ CLANG_VERSION=10
+ echo 'Install of clang-10'
Install of clang-10
+ apt-get update
Get:1 http://127.0.0.1:12990/debian sid InRelease [142 kB]
Get:2 http://127.0.0.1:12990/debian sid/main Sources.diff/Index [27.9 kB]
Get:3 http://127.0.0.1:12990/debian sid/main amd64 Packages.diff/Index [27.9 kB]
Get:4 http://127.0.0.1:12990/debian sid/main Sources 2020-02-24-0823.32.pdiff [11.0 kB]
Get:5 http://127.0.0.1:12990/debian sid/main Sources 2020-02-24-1420.34.pdiff [30.2 kB]
Get:6 http://127.0.0.1:12990/debian sid/main Sources 2020-02-24-2014.03.pdiff [16.9 kB]
Get:7 http://127.0.0.1:12990/debian sid/main Sources 2020-02-25-0213.11.pdiff [23.2 kB]
Get:8 http://127.0.0.1:12990/debian sid/main amd64 Packages 2020-02-24-0823.32.pdiff [15.5 kB]
Get:9 http://127.0.0.1:12990/debian sid/main amd64 Packages 2020-02-24-1420.34.pdiff [27.5 kB]
Get:10 http://127.0.0.1:12990/debian sid/main amd64 Packages 2020-02-24-2014.03.pdiff [21.6 kB]
Get:11 http://127.0.0.1:12990/debian sid/main amd64 Packages 2020-02-25-0213.11.pdiff [35.0 kB]
Get:7 http://127.0.0.1:12990/debian sid/main Sources 2020-02-25-0213.11.pdiff [23.2 kB]
Get:11 http://127.0.0.1:12990/debian sid/main amd64 Packages 2020-02-25-0213.11.pdiff [35.0 kB]
Get:12 http://127.0.0.1:12990/debian sid/main Translation-en [6193 kB]
Fetched 6572 kB in 2s (3126 kB/s)
Reading package lists...
+ apt-get install --yes --no-install-recommends --force-yes clang-10 libomp-10-dev libobjc-9-dev
Reading package lists...
Building dependency tree...
The following additional packages will be installed:
  lib32gcc-s1 lib32gcc1 lib32stdc++6 libbsd0 libc6-i386 libclang-common-10-dev
  libclang-cpp10 libclang1-10 libedit2 libgc1c2 libllvm10 libobjc4 libomp5-10
  libz3-4
Suggested packages:
  clang-10-doc libomp-10-doc
Recommended packages:
  llvm-10-dev python3
The following NEW packages will be installed:
  clang-10 lib32gcc-s1 lib32gcc1 lib32stdc++6 libbsd0 libc6-i386
  libclang-common-10-dev libclang-cpp10 libclang1-10 libedit2 libgc1c2
  libllvm10 libobjc-9-dev libobjc4 libomp-10-dev libomp5-10 libz3-4
0 upgraded, 17 newly installed, 0 to remove and 2 not upgraded.
Need to get 46.4 MB of archives.
After this operation, 238 MB of additional disk space will be used.
Get:1 http://127.0.0.1:12990/debian sid/main amd64 libbsd0 amd64 0.10.0-1 [107 kB]
Get:2 http://127.0.0.1:12990/debian sid/main amd64 libedit2 amd64 3.1-20191231-1 [95.4 kB]
Get:3 http://127.0.0.1:12990/debian sid/main amd64 libz3-4 amd64 4.8.7-4 [6790 kB]
Get:4 http://127.0.0.1:12990/debian sid/main amd64 libllvm10 amd64 1:10.0.0~+rc2-1 [15.5 MB]
Get:5 http://127.0.0.1:12990/debian sid/main amd64 libclang-cpp10 amd64 1:10.0.0~+rc2-1 [9069 kB]
Get:6 http://127.0.0.1:12990/debian sid/main amd64 libgc1c2 amd64 1:7.6.4-0.4 [224 kB]
Get:7 http://127.0.0.1:12990/debian sid/main amd64 libobjc4 amd64 10-20200222-1 [41.6 kB]
Get:8 http://127.0.0.1:12990/debian sid/main amd64 libobjc-9-dev amd64 9.2.1-29 [219 kB]
Get:9 http://127.0.0.1:12990/debian sid/main amd64 libc6-i386 amd64 2.29-10 [2918 kB]
Get:10 http://127.0.0.1:12990/debian sid/main amd64 lib32gcc-s1 amd64 10-20200222-1 [49.4 kB]
Get:11 http://127.0.0.1:12990/debian sid/main amd64 lib32gcc1 amd64 1:10-20200222-1 [1104 B]
Get:12 http://127.0.0.1:12990/debian sid/main amd64 lib32stdc++6 amd64 10-20200222-1 [510 kB]
Get:13 http://127.0.0.1:12990/debian sid/main amd64 libclang-common-10-dev amd64 1:10.0.0~+rc2-1 [2782 kB]
Get:14 http://127.0.0.1:12990/debian sid/main amd64 libclang1-10 amd64 1:10.0.0~+rc2-1 [7607 kB]
Get:15 http://127.0.0.1:12990/debian sid/main amd64 clang-10 amd64 1:10.0.0~+rc2-1 [103 kB]
Get:16 http://127.0.0.1:12990/debian sid/main amd64 libomp5-10 amd64 1:10.0.0~+rc2-1 [337 kB]
Get:17 http://127.0.0.1:12990/debian sid/main amd64 libomp-10-dev amd64 1:10.0.0~+rc2-1 [84.3 kB]
debconf: delaying package configuration, since apt-utils is not installed
Fetched 46.4 MB in 1s (52.7 MB/s)
Selecting previously unselected package libbsd0:amd64.
(Reading database ... (Reading database ... 5%(Reading database ... 10%(Reading database ... 15%(Reading database ... 20%(Reading database ... 25%(Reading database ... 30%(Reading database ... 35%(Reading database ... 40%(Reading database ... 45%(Reading database ... 50%(Reading database ... 55%(Reading database ... 60%(Reading database ... 65%(Reading database ... 70%(Reading database ... 75%(Reading database ... 80%(Reading database ... 85%(Reading database ... 90%(Reading database ... 95%(Reading database ... 100%(Reading database ... 12119 files and directories currently installed.)
Preparing to unpack .../00-libbsd0_0.10.0-1_amd64.deb ...
Unpacking libbsd0:amd64 (0.10.0-1) ...
Selecting previously unselected package libedit2:amd64.
Preparing to unpack .../01-libedit2_3.1-20191231-1_amd64.deb ...
Unpacking libedit2:amd64 (3.1-20191231-1) ...
Selecting previously unselected package libz3-4:amd64.
Preparing to unpack .../02-libz3-4_4.8.7-4_amd64.deb ...
Unpacking libz3-4:amd64 (4.8.7-4) ...
Selecting previously unselected package libllvm10:amd64.
Preparing to unpack .../03-libllvm10_1%3a10.0.0~+rc2-1_amd64.deb ...
Unpacking libllvm10:amd64 (1:10.0.0~+rc2-1) ...
Selecting previously unselected package libclang-cpp10.
Preparing to unpack .../04-libclang-cpp10_1%3a10.0.0~+rc2-1_amd64.deb ...
Unpacking libclang-cpp10 (1:10.0.0~+rc2-1) ...
Selecting previously unselected package libgc1c2:amd64.
Preparing to unpack .../05-libgc1c2_1%3a7.6.4-0.4_amd64.deb ...
Unpacking libgc1c2:amd64 (1:7.6.4-0.4) ...
Selecting previously unselected package libobjc4:amd64.
Preparing to unpack .../06-libobjc4_10-20200222-1_amd64.deb ...
Unpacking libobjc4:amd64 (10-20200222-1) ...
Selecting previously unselected package libobjc-9-dev:amd64.
Preparing to unpack .../07-libobjc-9-dev_9.2.1-29_amd64.deb ...
Unpacking libobjc-9-dev:amd64 (9.2.1-29) ...
Selecting previously unselected package libc6-i386.
Preparing to unpack .../08-libc6-i386_2.29-10_amd64.deb ...
Unpacking libc6-i386 (2.29-10) ...
Selecting previously unselected package lib32gcc-s1.
Preparing to unpack .../09-lib32gcc-s1_10-20200222-1_amd64.deb ...
Unpacking lib32gcc-s1 (10-20200222-1) ...
Selecting previously unselected package lib32gcc1.
Preparing to unpack .../10-lib32gcc1_1%3a10-20200222-1_amd64.deb ...
Unpacking lib32gcc1 (1:10-20200222-1) ...
Selecting previously unselected package lib32stdc++6.
Preparing to unpack .../11-lib32stdc++6_10-20200222-1_amd64.deb ...
Unpacking lib32stdc++6 (10-20200222-1) ...
Selecting previously unselected package libclang-common-10-dev.
Preparing to unpack .../12-libclang-common-10-dev_1%3a10.0.0~+rc2-1_amd64.deb ...
Unpacking libclang-common-10-dev (1:10.0.0~+rc2-1) ...
Selecting previously unselected package libclang1-10.
Preparing to unpack .../13-libclang1-10_1%3a10.0.0~+rc2-1_amd64.deb ...
Unpacking libclang1-10 (1:10.0.0~+rc2-1) ...
Selecting previously unselected package clang-10.
Preparing to unpack .../14-clang-10_1%3a10.0.0~+rc2-1_amd64.deb ...
Unpacking clang-10 (1:10.0.0~+rc2-1) ...
Selecting previously unselected package libomp5-10:amd64.
Preparing to unpack .../15-libomp5-10_1%3a10.0.0~+rc2-1_amd64.deb ...
Unpacking libomp5-10:amd64 (1:10.0.0~+rc2-1) ...
Selecting previously unselected package libomp-10-dev.
Preparing to unpack .../16-libomp-10-dev_1%3a10.0.0~+rc2-1_amd64.deb ...
Unpacking libomp-10-dev (1:10.0.0~+rc2-1) ...
Setting up libgc1c2:amd64 (1:7.6.4-0.4) ...
Setting up libobjc4:amd64 (10-20200222-1) ...
Setting up libz3-4:amd64 (4.8.7-4) ...
Setting up libobjc-9-dev:amd64 (9.2.1-29) ...
Setting up libomp5-10:amd64 (1:10.0.0~+rc2-1) ...
Setting up libc6-i386 (2.29-10) ...
Setting up libbsd0:amd64 (0.10.0-1) ...
Setting up libomp-10-dev (1:10.0.0~+rc2-1) ...
Setting up libedit2:amd64 (3.1-20191231-1) ...
Setting up libllvm10:amd64 (1:10.0.0~+rc2-1) ...
Setting up lib32gcc-s1 (10-20200222-1) ...
Setting up libclang1-10 (1:10.0.0~+rc2-1) ...
Setting up lib32gcc1 (1:10-20200222-1) ...
Setting up libclang-cpp10 (1:10.0.0~+rc2-1) ...
Setting up lib32stdc++6 (10-20200222-1) ...
Setting up libclang-common-10-dev (1:10.0.0~+rc2-1) ...
Setting up clang-10 (1:10.0.0~+rc2-1) ...
Processing triggers for libc-bin (2.29-10) ...
W: --force-yes is deprecated, use one of the options starting with --allow instead.
+ echo 'Replace gcc, g++ & cpp by clang'
Replace gcc, g++ & cpp by clang
+ VERSIONS='4.6 4.7 4.8 4.9 5 6 7 8 9 10'
+ cd /usr/bin
+ for VERSION in $VERSIONS
+ rm -f g++-4.6 gcc-4.6 cpp-4.6 gcc
+ ln -s clang++-10 g++-4.6
+ ln -s clang-10 gcc-4.6
+ ln -s clang-10 cpp-4.6
+ ln -s clang-10 gcc
+ echo 'gcc-4.6 hold'
+ dpkg --set-selections
dpkg: warning: package not in status nor available database at line 1: gcc-4.6
dpkg: warning: found unknown packages; this might mean the available database
is outdated, and needs to be updated through a frontend method;
please see the FAQ <https://wiki.debian.org/Teams/Dpkg/FAQ>
+ echo 'g++-4.6 hold'
+ dpkg --set-selections
dpkg: warning: package not in status nor available database at line 1: g++-4.6
dpkg: warning: found unknown packages; this might mean the available database
is outdated, and needs to be updated through a frontend method;
please see the FAQ <https://wiki.debian.org/Teams/Dpkg/FAQ>
+ for VERSION in $VERSIONS
+ rm -f g++-4.7 gcc-4.7 cpp-4.7 gcc
+ ln -s clang++-10 g++-4.7
+ ln -s clang-10 gcc-4.7
+ ln -s clang-10 cpp-4.7
+ ln -s clang-10 gcc
+ echo 'gcc-4.7 hold'
+ dpkg --set-selections
dpkg: warning: package not in status nor available database at line 1: gcc-4.7
dpkg: warning: found unknown packages; this might mean the available database
is outdated, and needs to be updated through a frontend method;
please see the FAQ <https://wiki.debian.org/Teams/Dpkg/FAQ>
+ echo 'g++-4.7 hold'
+ dpkg --set-selections
dpkg: warning: package not in status nor available database at line 1: g++-4.7
dpkg: warning: found unknown packages; this might mean the available database
is outdated, and needs to be updated through a frontend method;
please see the FAQ <https://wiki.debian.org/Teams/Dpkg/FAQ>
+ for VERSION in $VERSIONS
+ rm -f g++-4.8 gcc-4.8 cpp-4.8 gcc
+ ln -s clang++-10 g++-4.8
+ ln -s clang-10 gcc-4.8
+ ln -s clang-10 cpp-4.8
+ ln -s clang-10 gcc
+ echo 'gcc-4.8 hold'
+ dpkg --set-selections
dpkg: warning: package not in status nor available database at line 1: gcc-4.8
dpkg: warning: found unknown packages; this might mean the available database
is outdated, and needs to be updated through a frontend method;
please see the FAQ <https://wiki.debian.org/Teams/Dpkg/FAQ>
+ dpkg --set-selections
+ echo 'g++-4.8 hold'
dpkg: warning: package not in status nor available database at line 1: g++-4.8
dpkg: warning: found unknown packages; this might mean the available database
is outdated, and needs to be updated through a frontend method;
please see the FAQ <https://wiki.debian.org/Teams/Dpkg/FAQ>
+ for VERSION in $VERSIONS
+ rm -f g++-4.9 gcc-4.9 cpp-4.9 gcc
+ ln -s clang++-10 g++-4.9
+ ln -s clang-10 gcc-4.9
+ ln -s clang-10 cpp-4.9
+ ln -s clang-10 gcc
+ dpkg --set-selections
+ echo 'gcc-4.9 hold'
dpkg: warning: package not in status nor available database at line 1: gcc-4.9
dpkg: warning: found unknown packages; this might mean the available database
is outdated, and needs to be updated through a frontend method;
please see the FAQ <https://wiki.debian.org/Teams/Dpkg/FAQ>
+ dpkg --set-selections
+ echo 'g++-4.9 hold'
dpkg: warning: package not in status nor available database at line 1: g++-4.9
dpkg: warning: found unknown packages; this might mean the available database
is outdated, and needs to be updated through a frontend method;
please see the FAQ <https://wiki.debian.org/Teams/Dpkg/FAQ>
+ for VERSION in $VERSIONS
+ rm -f g++-5 gcc-5 cpp-5 gcc
+ ln -s clang++-10 g++-5
+ ln -s clang-10 gcc-5
+ ln -s clang-10 cpp-5
+ ln -s clang-10 gcc
+ echo 'gcc-5 hold'
+ dpkg --set-selections
dpkg: warning: package not in status nor available database at line 1: gcc-5
dpkg: warning: found unknown packages; this might mean the available database
is outdated, and needs to be updated through a frontend method;
please see the FAQ <https://wiki.debian.org/Teams/Dpkg/FAQ>
+ dpkg --set-selections
+ echo 'g++-5 hold'
dpkg: warning: package not in status nor available database at line 1: g++-5
dpkg: warning: found unknown packages; this might mean the available database
is outdated, and needs to be updated through a frontend method;
please see the FAQ <https://wiki.debian.org/Teams/Dpkg/FAQ>
+ for VERSION in $VERSIONS
+ rm -f g++-6 gcc-6 cpp-6 gcc
+ ln -s clang++-10 g++-6
+ ln -s clang-10 gcc-6
+ ln -s clang-10 cpp-6
+ ln -s clang-10 gcc
+ echo 'gcc-6 hold'
+ dpkg --set-selections
dpkg: warning: package not in status nor available database at line 1: gcc-6
dpkg: warning: found unknown packages; this might mean the available database
is outdated, and needs to be updated through a frontend method;
please see the FAQ <https://wiki.debian.org/Teams/Dpkg/FAQ>
+ dpkg --set-selections
+ echo 'g++-6 hold'
dpkg: warning: package not in status nor available database at line 1: g++-6
dpkg: warning: found unknown packages; this might mean the available database
is outdated, and needs to be updated through a frontend method;
please see the FAQ <https://wiki.debian.org/Teams/Dpkg/FAQ>
+ for VERSION in $VERSIONS
+ rm -f g++-7 gcc-7 cpp-7 gcc
+ ln -s clang++-10 g++-7
+ ln -s clang-10 gcc-7
+ ln -s clang-10 cpp-7
+ ln -s clang-10 gcc
+ echo 'gcc-7 hold'
+ dpkg --set-selections
dpkg: warning: package not in status nor available database at line 1: gcc-7
dpkg: warning: found unknown packages; this might mean the available database
is outdated, and needs to be updated through a frontend method;
please see the FAQ <https://wiki.debian.org/Teams/Dpkg/FAQ>
+ echo 'g++-7 hold'
+ dpkg --set-selections
dpkg: warning: package not in status nor available database at line 1: g++-7
dpkg: warning: found unknown packages; this might mean the available database
is outdated, and needs to be updated through a frontend method;
please see the FAQ <https://wiki.debian.org/Teams/Dpkg/FAQ>
+ for VERSION in $VERSIONS
+ rm -f g++-8 gcc-8 cpp-8 gcc
+ ln -s clang++-10 g++-8
+ ln -s clang-10 gcc-8
+ ln -s clang-10 cpp-8
+ ln -s clang-10 gcc
+ echo 'gcc-8 hold'
+ dpkg --set-selections
dpkg: warning: package not in status nor available database at line 1: gcc-8
dpkg: warning: found unknown packages; this might mean the available database
is outdated, and needs to be updated through a frontend method;
please see the FAQ <https://wiki.debian.org/Teams/Dpkg/FAQ>
+ echo 'g++-8 hold'
+ dpkg --set-selections
dpkg: warning: package not in status nor available database at line 1: g++-8
dpkg: warning: found unknown packages; this might mean the available database
is outdated, and needs to be updated through a frontend method;
please see the FAQ <https://wiki.debian.org/Teams/Dpkg/FAQ>
+ for VERSION in $VERSIONS
+ rm -f g++-9 gcc-9 cpp-9 gcc
+ ln -s clang++-10 g++-9
+ ln -s clang-10 gcc-9
+ ln -s clang-10 cpp-9
+ ln -s clang-10 gcc
+ echo 'gcc-9 hold'
+ dpkg --set-selections
+ echo 'g++-9 hold'
+ dpkg --set-selections
+ for VERSION in $VERSIONS
+ rm -f g++-10 gcc-10 cpp-10 gcc
+ ln -s clang++-10 g++-10
+ ln -s clang-10 gcc-10
+ ln -s clang-10 cpp-10
+ ln -s clang-10 gcc
+ echo 'gcc-10 hold'
+ dpkg --set-selections
dpkg: warning: package not in status nor available database at line 1: gcc-10
dpkg: warning: found unknown packages; this might mean the available database
is outdated, and needs to be updated through a frontend method;
please see the FAQ <https://wiki.debian.org/Teams/Dpkg/FAQ>
+ echo 'g++-10 hold'
+ dpkg --set-selections
dpkg: warning: package not in status nor available database at line 1: g++-10
dpkg: warning: found unknown packages; this might mean the available database
is outdated, and needs to be updated through a frontend method;
please see the FAQ <https://wiki.debian.org/Teams/Dpkg/FAQ>
+ cd -
/build/python-pyscss-P1o30P
+ echo 'Check if gcc, g++ & cpp are actually clang'
Check if gcc, g++ & cpp are actually clang
+ gcc --version
+ grep clang
+ grep clang
+ cpp --version
+ grep clang
+ g++ --version

I: Finished running '/tmp/clang10'.

Finished processing commands.
--------------------------------------------------------------------------------
I: NOTICE: Log filtering will replace 'build/python-pyscss-P1o30P/resolver-2nvWZh' with '<<RESOLVERDIR>>'

+------------------------------------------------------------------------------+
| Update chroot                                                                |
+------------------------------------------------------------------------------+

Hit:1 http://127.0.0.1:12990/debian sid InRelease
Reading package lists...
Reading package lists...
Building dependency tree...
Reading state information...
Calculating upgrade...
The following packages will be upgraded:
  libgmp10 zlib1g
2 upgraded, 0 newly installed, 0 to remove and 0 not upgraded.
Need to get 343 kB of archives.
After this operation, 0 B of additional disk space will be used.
Get:1 http://127.0.0.1:12990/debian sid/main amd64 libgmp10 amd64 2:6.2.0+dfsg-4 [253 kB]
Get:2 http://127.0.0.1:12990/debian sid/main amd64 zlib1g amd64 1:1.2.11.dfsg-2 [90.4 kB]
debconf: delaying package configuration, since apt-utils is not installed
Fetched 343 kB in 0s (5998 kB/s)
(Reading database ... (Reading database ... 5%(Reading database ... 10%(Reading database ... 15%(Reading database ... 20%(Reading database ... 25%(Reading database ... 30%(Reading database ... 35%(Reading database ... 40%(Reading database ... 45%(Reading database ... 50%(Reading database ... 55%(Reading database ... 60%(Reading database ... 65%(Reading database ... 70%(Reading database ... 75%(Reading database ... 80%(Reading database ... 85%(Reading database ... 90%(Reading database ... 95%(Reading database ... 100%(Reading database ... 12960 files and directories currently installed.)
Preparing to unpack .../libgmp10_2%3a6.2.0+dfsg-4_amd64.deb ...
Unpacking libgmp10:amd64 (2:6.2.0+dfsg-4) over (2:6.2.0+dfsg-3) ...
Setting up libgmp10:amd64 (2:6.2.0+dfsg-4) ...
(Reading database ... (Reading database ... 5%(Reading database ... 10%(Reading database ... 15%(Reading database ... 20%(Reading database ... 25%(Reading database ... 30%(Reading database ... 35%(Reading database ... 40%(Reading database ... 45%(Reading database ... 50%(Reading database ... 55%(Reading database ... 60%(Reading database ... 65%(Reading database ... 70%(Reading database ... 75%(Reading database ... 80%(Reading database ... 85%(Reading database ... 90%(Reading database ... 95%(Reading database ... 100%(Reading database ... 12960 files and directories currently installed.)
Preparing to unpack .../zlib1g_1%3a1.2.11.dfsg-2_amd64.deb ...
Unpacking zlib1g:amd64 (1:1.2.11.dfsg-2) over (1:1.2.11.dfsg-1.2) ...
Setting up zlib1g:amd64 (1:1.2.11.dfsg-2) ...
Processing triggers for libc-bin (2.29-10) ...

+------------------------------------------------------------------------------+
| Fetch source files                                                           |
+------------------------------------------------------------------------------+


Check APT
---------

Checking available source versions...

Download source files with APT
------------------------------

Reading package lists...
NOTICE: 'python-pyscss' packaging is maintained in the 'Git' version control system at:
https://salsa.debian.org/python-team/modules/python-pyscss.git
Please use:
git clone https://salsa.debian.org/python-team/modules/python-pyscss.git
to retrieve the latest (possibly unreleased) updates to the package.
Need to get 324 kB of source archives.
Get:1 http://127.0.0.1:12990/debian sid/main python-pyscss 1.3.5-3 (dsc) [2157 B]
Get:2 http://127.0.0.1:12990/debian sid/main python-pyscss 1.3.5-3 (tar) [317 kB]
Get:3 http://127.0.0.1:12990/debian sid/main python-pyscss 1.3.5-3 (diff) [5120 B]
Fetched 324 kB in 0s (3361 kB/s)
Download complete and in download only mode
I: NOTICE: Log filtering will replace 'build/python-pyscss-P1o30P/python-pyscss-1.3.5' with '<<PKGBUILDDIR>>'
I: NOTICE: Log filtering will replace 'build/python-pyscss-P1o30P' with '<<BUILDDIR>>'

+------------------------------------------------------------------------------+
| Install package build dependencies                                           |
+------------------------------------------------------------------------------+


Setup apt archive
-----------------

Merged Build-Depends: debhelper (>= 9.20120909~), dh-python, docbook-xsl, libpcre3-dev, python3-all-dev, python3-pil, python3-pytest, python3-setuptools, python3-six, xsltproc, build-essential, fakeroot
Filtered Build-Depends: debhelper (>= 9.20120909~), dh-python, docbook-xsl, libpcre3-dev, python3-all-dev, python3-pil, python3-pytest, python3-setuptools, python3-six, xsltproc, build-essential, fakeroot
dpkg-deb: building package 'sbuild-build-depends-main-dummy' in '/<<RESOLVERDIR>>/apt_archive/sbuild-build-depends-main-dummy.deb'.
Ign:1 copy:/<<RESOLVERDIR>>/apt_archive ./ InRelease
Get:2 copy:/<<RESOLVERDIR>>/apt_archive ./ Release [957 B]
Ign:3 copy:/<<RESOLVERDIR>>/apt_archive ./ Release.gpg
Get:4 copy:/<<RESOLVERDIR>>/apt_archive ./ Sources [433 B]
Get:5 copy:/<<RESOLVERDIR>>/apt_archive ./ Packages [517 B]
Fetched 1907 B in 0s (0 B/s)
Reading package lists...
Reading package lists...

Install main build dependencies (apt-based resolver)
----------------------------------------------------

Installing build dependencies
Reading package lists...
Building dependency tree...
Reading state information...
The following additional packages will be installed:
  autoconf automake autopoint autotools-dev bsdmainutils debhelper
  dh-autoreconf dh-python dh-strip-nondeterminism docbook-xsl dwz file gettext
  gettext-base groff-base intltool-debian libarchive-zip-perl libcroco3
  libdebhelper-perl libelf1 libexpat1 libexpat1-dev
  libfile-stripnondeterminism-perl libfreetype6 libglib2.0-0 libicu63
  libimagequant0 libjbig0 libjpeg62-turbo liblcms2-2 libmagic-mgc libmagic1
  libmpdec2 libpcre16-3 libpcre3-dev libpcre32-3 libpcrecpp0v5 libpipeline1
  libpng16-16 libpython3-all-dev libpython3-dev libpython3-stdlib libpython3.7
  libpython3.7-dev libpython3.7-minimal libpython3.7-stdlib libpython3.8
  libpython3.8-dev libpython3.8-minimal libpython3.8-stdlib libreadline8
  libsigsegv2 libsqlite3-0 libssl1.1 libsub-override-perl libtiff5 libtool
  libuchardet0 libwebp6 libwebpdemux2 libwebpmux3 libxml2 libxslt1.1 m4 man-db
  mime-support po-debconf python3 python3-all python3-all-dev
  python3-atomicwrites python3-attr python3-dev python3-distutils
  python3-importlib-metadata python3-lib2to3 python3-minimal
  python3-more-itertools python3-packaging python3-pil python3-pkg-resources
  python3-pluggy python3-py python3-pyparsing python3-pytest
  python3-setuptools python3-six python3-wcwidth python3-zipp python3.7
  python3.7-dev python3.7-minimal python3.8 python3.8-dev python3.8-minimal
  readline-common sensible-utils sgml-base xml-core xsltproc zlib1g-dev
Suggested packages:
  autoconf-archive gnu-standards autoconf-doc wamerican | wordlist whois
  vacation dh-make dbtoepub docbook-xsl-doc-html | docbook-xsl-doc-pdf
  | docbook-xsl-doc-text | docbook-xsl-doc docbook-xsl-saxon fop libsaxon-java
  libxalan2-java libxslthl-java xalan gettext-doc libasprintf-dev
  libgettextpo-dev groff liblcms2-utils libtool-doc gfortran
  | fortran95-compiler gcj-jdk m4-doc apparmor less www-browser
  libmail-box-perl python3-doc python3-tk python3-venv python-attr-doc
  python-pil-doc python3-pil-dbg subversion python-pyparsing-doc
  python-setuptools-doc python3.7-venv python3.7-doc binfmt-support
  python3.8-venv python3.8-doc readline-doc sgml-base-doc
Recommended packages:
  docbook-xml curl | wget | lynx libarchive-cpio-perl libglib2.0-data
  shared-mime-info xdg-user-dirs libltdl-dev libmail-sendmail-perl
  python3-olefile
The following NEW packages will be installed:
  autoconf automake autopoint autotools-dev bsdmainutils debhelper
  dh-autoreconf dh-python dh-strip-nondeterminism docbook-xsl dwz file gettext
  gettext-base groff-base intltool-debian libarchive-zip-perl libcroco3
  libdebhelper-perl libelf1 libexpat1 libexpat1-dev
  libfile-stripnondeterminism-perl libfreetype6 libglib2.0-0 libicu63
  libimagequant0 libjbig0 libjpeg62-turbo liblcms2-2 libmagic-mgc libmagic1
  libmpdec2 libpcre16-3 libpcre3-dev libpcre32-3 libpcrecpp0v5 libpipeline1
  libpng16-16 libpython3-all-dev libpython3-dev libpython3-stdlib libpython3.7
  libpython3.7-dev libpython3.7-minimal libpython3.7-stdlib libpython3.8
  libpython3.8-dev libpython3.8-minimal libpython3.8-stdlib libreadline8
  libsigsegv2 libsqlite3-0 libssl1.1 libsub-override-perl libtiff5 libtool
  libuchardet0 libwebp6 libwebpdemux2 libwebpmux3 libxml2 libxslt1.1 m4 man-db
  mime-support po-debconf python3 python3-all python3-all-dev
  python3-atomicwrites python3-attr python3-dev python3-distutils
  python3-importlib-metadata python3-lib2to3 python3-minimal
  python3-more-itertools python3-packaging python3-pil python3-pkg-resources
  python3-pluggy python3-py python3-pyparsing python3-pytest
  python3-setuptools python3-six python3-wcwidth python3-zipp python3.7
  python3.7-dev python3.7-minimal python3.8 python3.8-dev python3.8-minimal
  readline-common sbuild-build-depends-main-dummy sensible-utils sgml-base
  xml-core xsltproc zlib1g-dev
0 upgraded, 102 newly installed, 0 to remove and 0 not upgraded.
Need to get 131 MB of archives.
After this operation, 325 MB of additional disk space will be used.
Get:1 copy:/<<RESOLVERDIR>>/apt_archive ./ sbuild-build-depends-main-dummy 0.invalid.0 [944 B]
Get:2 http://127.0.0.1:12990/debian sid/main amd64 bsdmainutils amd64 11.1.2+b1 [191 kB]
Get:3 http://127.0.0.1:12990/debian sid/main amd64 libuchardet0 amd64 0.0.6-3 [64.9 kB]
Get:4 http://127.0.0.1:12990/debian sid/main amd64 groff-base amd64 1.22.4-4 [919 kB]
Get:5 http://127.0.0.1:12990/debian sid/main amd64 libpipeline1 amd64 1.5.2-2 [33.9 kB]
Get:6 http://127.0.0.1:12990/debian sid/main amd64 man-db amd64 2.9.0-2 [1307 kB]
Get:7 http://127.0.0.1:12990/debian sid/main amd64 libssl1.1 amd64 1.1.1d-2 [1540 kB]
Get:8 http://127.0.0.1:12990/debian sid/main amd64 libpython3.7-minimal amd64 3.7.6-1+b1 [591 kB]
Get:9 http://127.0.0.1:12990/debian sid/main amd64 libexpat1 amd64 2.2.9-1 [94.3 kB]
Get:10 http://127.0.0.1:12990/debian sid/main amd64 python3.7-minimal amd64 3.7.6-1+b1 [1813 kB]
Get:11 http://127.0.0.1:12990/debian sid/main amd64 python3-minimal amd64 3.7.5-3 [36.8 kB]
Get:12 http://127.0.0.1:12990/debian sid/main amd64 mime-support all 3.64 [37.8 kB]
Get:13 http://127.0.0.1:12990/debian sid/main amd64 libmpdec2 amd64 2.4.2-2 [87.2 kB]
Get:14 http://127.0.0.1:12990/debian sid/main amd64 readline-common all 8.0-3 [72.5 kB]
Get:15 http://127.0.0.1:12990/debian sid/main amd64 libreadline8 amd64 8.0-3 [160 kB]
Get:16 http://127.0.0.1:12990/debian sid/main amd64 libsqlite3-0 amd64 3.31.1-3 [661 kB]
Get:17 http://127.0.0.1:12990/debian sid/main amd64 libpython3.7-stdlib amd64 3.7.6-1+b1 [1735 kB]
Get:18 http://127.0.0.1:12990/debian sid/main amd64 python3.7 amd64 3.7.6-1+b1 [351 kB]
Get:19 http://127.0.0.1:12990/debian sid/main amd64 libpython3-stdlib amd64 3.7.5-3 [20.2 kB]
Get:20 http://127.0.0.1:12990/debian sid/main amd64 python3 amd64 3.7.5-3 [62.1 kB]
Get:21 http://127.0.0.1:12990/debian sid/main amd64 libpython3.8-minimal amd64 3.8.2~rc2-2 [750 kB]
Get:22 http://127.0.0.1:12990/debian sid/main amd64 python3.8-minimal amd64 3.8.2~rc2-2 [1939 kB]
Get:23 http://127.0.0.1:12990/debian sid/main amd64 sgml-base all 1.29.1 [15.0 kB]
Get:24 http://127.0.0.1:12990/debian sid/main amd64 sensible-utils all 0.0.12+nmu1 [16.0 kB]
Get:25 http://127.0.0.1:12990/debian sid/main amd64 libmagic-mgc amd64 1:5.38-4 [262 kB]
Get:26 http://127.0.0.1:12990/debian sid/main amd64 libmagic1 amd64 1:5.38-4 [120 kB]
Get:27 http://127.0.0.1:12990/debian sid/main amd64 file amd64 1:5.38-4 [67.9 kB]
Get:28 http://127.0.0.1:12990/debian sid/main amd64 gettext-base amd64 0.19.8.1-10 [123 kB]
Get:29 http://127.0.0.1:12990/debian sid/main amd64 libsigsegv2 amd64 2.12-2 [32.8 kB]
Get:30 http://127.0.0.1:12990/debian sid/main amd64 m4 amd64 1.4.18-4 [203 kB]
Get:31 http://127.0.0.1:12990/debian sid/main amd64 autoconf all 2.69-11.1 [341 kB]
Get:32 http://127.0.0.1:12990/debian sid/main amd64 autotools-dev all 20180224.1 [77.0 kB]
Get:33 http://127.0.0.1:12990/debian sid/main amd64 automake all 1:1.16.1-4 [771 kB]
Get:34 http://127.0.0.1:12990/debian sid/main amd64 autopoint all 0.19.8.1-10 [435 kB]
Get:35 http://127.0.0.1:12990/debian sid/main amd64 libtool all 2.4.6-13 [513 kB]
Get:36 http://127.0.0.1:12990/debian sid/main amd64 dh-autoreconf all 19 [16.9 kB]
Get:37 http://127.0.0.1:12990/debian sid/main amd64 libdebhelper-perl all 12.9 [183 kB]
Get:38 http://127.0.0.1:12990/debian sid/main amd64 libarchive-zip-perl all 1.67-1 [104 kB]
Get:39 http://127.0.0.1:12990/debian sid/main amd64 libsub-override-perl all 0.09-2 [10.2 kB]
Get:40 http://127.0.0.1:12990/debian sid/main amd64 libfile-stripnondeterminism-perl all 1.6.3-2 [23.7 kB]
Get:41 http://127.0.0.1:12990/debian sid/main amd64 dh-strip-nondeterminism all 1.6.3-2 [14.7 kB]
Get:42 http://127.0.0.1:12990/debian sid/main amd64 libelf1 amd64 0.176-1.1 [161 kB]
Get:43 http://127.0.0.1:12990/debian sid/main amd64 dwz amd64 0.13-5 [151 kB]
Get:44 http://127.0.0.1:12990/debian sid/main amd64 libglib2.0-0 amd64 2.62.4-2 [1319 kB]
Get:45 http://127.0.0.1:12990/debian sid/main amd64 libicu63 amd64 63.2-2 [8301 kB]
Get:46 http://127.0.0.1:12990/debian sid/main amd64 libxml2 amd64 2.9.10+dfsg-3 [709 kB]
Get:47 http://127.0.0.1:12990/debian sid/main amd64 libcroco3 amd64 0.6.13-1 [146 kB]
Get:48 http://127.0.0.1:12990/debian sid/main amd64 gettext amd64 0.19.8.1-10 [1303 kB]
Get:49 http://127.0.0.1:12990/debian sid/main amd64 intltool-debian all 0.35.0+20060710.5 [26.8 kB]
Get:50 http://127.0.0.1:12990/debian sid/main amd64 po-debconf all 1.0.21 [248 kB]
Get:51 http://127.0.0.1:12990/debian sid/main amd64 debhelper all 12.9 [994 kB]
Get:52 http://127.0.0.1:12990/debian sid/main amd64 python3-lib2to3 all 3.8.0-1 [78.3 kB]
Get:53 http://127.0.0.1:12990/debian sid/main amd64 python3-distutils all 3.8.0-1 [145 kB]
Get:54 http://127.0.0.1:12990/debian sid/main amd64 dh-python all 4.20191017 [94.4 kB]
Get:55 http://127.0.0.1:12990/debian sid/main amd64 xml-core all 0.18+nmu1 [23.8 kB]
Get:56 http://127.0.0.1:12990/debian sid/main amd64 docbook-xsl all 1.79.1+dfsg-2 [1249 kB]
Get:57 http://127.0.0.1:12990/debian sid/main amd64 libexpat1-dev amd64 2.2.9-1 [136 kB]
Get:58 http://127.0.0.1:12990/debian sid/main amd64 libpng16-16 amd64 1.6.37-2 [292 kB]
Get:59 http://127.0.0.1:12990/debian sid/main amd64 libfreetype6 amd64 2.10.1-2 [392 kB]
Get:60 http://127.0.0.1:12990/debian sid/main amd64 libimagequant0 amd64 2.12.2-1.1 [32.5 kB]
Get:61 http://127.0.0.1:12990/debian sid/main amd64 libjbig0 amd64 2.1-3.1+b2 [31.0 kB]
Get:62 http://127.0.0.1:12990/debian sid/main amd64 libjpeg62-turbo amd64 1:1.5.2-2+b1 [134 kB]
Get:63 http://127.0.0.1:12990/debian sid/main amd64 liblcms2-2 amd64 2.9-4 [146 kB]
Get:64 http://127.0.0.1:12990/debian sid/main amd64 libpcre16-3 amd64 2:8.39-12+b1 [259 kB]
Get:65 http://127.0.0.1:12990/debian sid/main amd64 libpcre32-3 amd64 2:8.39-12+b1 [250 kB]
Get:66 http://127.0.0.1:12990/debian sid/main amd64 libpcrecpp0v5 amd64 2:8.39-12+b1 [152 kB]
Get:67 http://127.0.0.1:12990/debian sid/main amd64 libpcre3-dev amd64 2:8.39-12+b1 [653 kB]
Get:68 http://127.0.0.1:12990/debian sid/main amd64 libpython3.7 amd64 3.7.6-1+b1 [1484 kB]
Get:69 http://127.0.0.1:12990/debian sid/main amd64 libpython3.7-dev amd64 3.7.6-1+b1 [41.4 MB]
Get:70 http://127.0.0.1:12990/debian sid/main amd64 libpython3-dev amd64 3.7.5-3 [20.3 kB]
Get:71 http://127.0.0.1:12990/debian sid/main amd64 libpython3.8-stdlib amd64 3.8.2~rc2-2 [1665 kB]
Get:72 http://127.0.0.1:12990/debian sid/main amd64 libpython3.8 amd64 3.8.2~rc2-2 [1619 kB]
Get:73 http://127.0.0.1:12990/debian sid/main amd64 libpython3.8-dev amd64 3.8.2~rc2-2 [47.3 MB]
Get:74 http://127.0.0.1:12990/debian sid/main amd64 libpython3-all-dev amd64 3.7.5-3 [1072 B]
Get:75 http://127.0.0.1:12990/debian sid/main amd64 libwebp6 amd64 0.6.1-2+b1 [261 kB]
Get:76 http://127.0.0.1:12990/debian sid/main amd64 libtiff5 amd64 4.1.0+git191117-2 [271 kB]
Get:77 http://127.0.0.1:12990/debian sid/main amd64 libwebpdemux2 amd64 0.6.1-2+b1 [87.7 kB]
Get:78 http://127.0.0.1:12990/debian sid/main amd64 libwebpmux3 amd64 0.6.1-2+b1 [97.9 kB]
Get:79 http://127.0.0.1:12990/debian sid/main amd64 libxslt1.1 amd64 1.1.34-3 [239 kB]
Get:80 http://127.0.0.1:12990/debian sid/main amd64 python3.8 amd64 3.8.2~rc2-2 [409 kB]
Get:81 http://127.0.0.1:12990/debian sid/main amd64 python3-all amd64 3.7.5-3 [1060 B]
Get:82 http://127.0.0.1:12990/debian sid/main amd64 zlib1g-dev amd64 1:1.2.11.dfsg-2 [190 kB]
Get:83 http://127.0.0.1:12990/debian sid/main amd64 python3.7-dev amd64 3.7.6-1+b1 [518 kB]
Get:84 http://127.0.0.1:12990/debian sid/main amd64 python3-dev amd64 3.7.5-3 [1260 B]
Get:85 http://127.0.0.1:12990/debian sid/main amd64 python3.8-dev amd64 3.8.2~rc2-2 [515 kB]
Get:86 http://127.0.0.1:12990/debian sid/main amd64 python3-all-dev amd64 3.7.5-3 [1076 B]
Get:87 http://127.0.0.1:12990/debian sid/main amd64 python3-atomicwrites all 1.1.5-2 [6892 B]
Get:88 http://127.0.0.1:12990/debian sid/main amd64 python3-attr all 19.3.0-1 [43.1 kB]
Get:89 http://127.0.0.1:12990/debian sid/main amd64 python3-six all 1.14.0-2 [16.7 kB]
Get:90 http://127.0.0.1:12990/debian sid/main amd64 python3-more-itertools all 4.2.0-1 [42.2 kB]
Get:91 http://127.0.0.1:12990/debian sid/main amd64 python3-zipp all 1.0.0-1 [5944 B]
Get:92 http://127.0.0.1:12990/debian sid/main amd64 python3-importlib-metadata all 1.5.0-1 [9956 B]
Get:93 http://127.0.0.1:12990/debian sid/main amd64 python3-pyparsing all 2.4.6-1 [109 kB]
Get:94 http://127.0.0.1:12990/debian sid/main amd64 python3-packaging all 19.1-2 [23.9 kB]
Get:95 http://127.0.0.1:12990/debian sid/main amd64 python3-pil amd64 7.0.0-4 [437 kB]
Get:96 http://127.0.0.1:12990/debian sid/main amd64 python3-pkg-resources all 44.0.0-1 [155 kB]
Get:97 http://127.0.0.1:12990/debian sid/main amd64 python3-pluggy all 0.13.0-2 [21.9 kB]
Get:98 http://127.0.0.1:12990/debian sid/main amd64 python3-py all 1.8.1-1 [86.8 kB]
Get:99 http://127.0.0.1:12990/debian sid/main amd64 python3-wcwidth all 0.1.8+dfsg1-3 [17.4 kB]
Get:100 http://127.0.0.1:12990/debian sid/main amd64 python3-pytest all 4.6.9-1 [267 kB]
Get:101 http://127.0.0.1:12990/debian sid/main amd64 python3-setuptools all 44.0.0-1 [313 kB]
Get:102 http://127.0.0.1:12990/debian sid/main amd64 xsltproc amd64 1.1.34-3 [124 kB]
debconf: delaying package configuration, since apt-utils is not installed
Fetched 131 MB in 2s (67.1 MB/s)
Selecting previously unselected package bsdmainutils.
(Reading database ... 12960 files and directories currently installed.)
Preparing to unpack .../0-bsdmainutils_11.1.2+b1_amd64.deb ...
Unpacking bsdmainutils (11.1.2+b1) ...
Selecting previously unselected package libuchardet0:amd64.
Preparing to unpack .../1-libuchardet0_0.0.6-3_amd64.deb ...
Unpacking libuchardet0:amd64 (0.0.6-3) ...
Selecting previously unselected package groff-base.
Preparing to unpack .../2-groff-base_1.22.4-4_amd64.deb ...
Unpacking groff-base (1.22.4-4) ...
Selecting previously unselected package libpipeline1:amd64.
Preparing to unpack .../3-libpipeline1_1.5.2-2_amd64.deb ...
Unpacking libpipeline1:amd64 (1.5.2-2) ...
Selecting previously unselected package man-db.
Preparing to unpack .../4-man-db_2.9.0-2_amd64.deb ...
Unpacking man-db (2.9.0-2) ...
Selecting previously unselected package libssl1.1:amd64.
Preparing to unpack .../5-libssl1.1_1.1.1d-2_amd64.deb ...
Unpacking libssl1.1:amd64 (1.1.1d-2) ...
Selecting previously unselected package libpython3.7-minimal:amd64.
Preparing to unpack .../6-libpython3.7-minimal_3.7.6-1+b1_amd64.deb ...
Unpacking libpython3.7-minimal:amd64 (3.7.6-1+b1) ...
Selecting previously unselected package libexpat1:amd64.
Preparing to unpack .../7-libexpat1_2.2.9-1_amd64.deb ...
Unpacking libexpat1:amd64 (2.2.9-1) ...
Selecting previously unselected package python3.7-minimal.
Preparing to unpack .../8-python3.7-minimal_3.7.6-1+b1_amd64.deb ...
Unpacking python3.7-minimal (3.7.6-1+b1) ...
Setting up libssl1.1:amd64 (1.1.1d-2) ...
Setting up libpython3.7-minimal:amd64 (3.7.6-1+b1) ...
Setting up libexpat1:amd64 (2.2.9-1) ...
Setting up python3.7-minimal (3.7.6-1+b1) ...
Selecting previously unselected package python3-minimal.
(Reading database ... 13869 files and directories currently installed.)
Preparing to unpack .../0-python3-minimal_3.7.5-3_amd64.deb ...
Unpacking python3-minimal (3.7.5-3) ...
Selecting previously unselected package mime-support.
Preparing to unpack .../1-mime-support_3.64_all.deb ...
Unpacking mime-support (3.64) ...
Selecting previously unselected package libmpdec2:amd64.
Preparing to unpack .../2-libmpdec2_2.4.2-2_amd64.deb ...
Unpacking libmpdec2:amd64 (2.4.2-2) ...
Selecting previously unselected package readline-common.
Preparing to unpack .../3-readline-common_8.0-3_all.deb ...
Unpacking readline-common (8.0-3) ...
Selecting previously unselected package libreadline8:amd64.
Preparing to unpack .../4-libreadline8_8.0-3_amd64.deb ...
Unpacking libreadline8:amd64 (8.0-3) ...
Selecting previously unselected package libsqlite3-0:amd64.
Preparing to unpack .../5-libsqlite3-0_3.31.1-3_amd64.deb ...
Unpacking libsqlite3-0:amd64 (3.31.1-3) ...
Selecting previously unselected package libpython3.7-stdlib:amd64.
Preparing to unpack .../6-libpython3.7-stdlib_3.7.6-1+b1_amd64.deb ...
Unpacking libpython3.7-stdlib:amd64 (3.7.6-1+b1) ...
Selecting previously unselected package python3.7.
Preparing to unpack .../7-python3.7_3.7.6-1+b1_amd64.deb ...
Unpacking python3.7 (3.7.6-1+b1) ...
Selecting previously unselected package libpython3-stdlib:amd64.
Preparing to unpack .../8-libpython3-stdlib_3.7.5-3_amd64.deb ...
Unpacking libpython3-stdlib:amd64 (3.7.5-3) ...
Setting up python3-minimal (3.7.5-3) ...
Selecting previously unselected package python3.
(Reading database ... 14340 files and directories currently installed.)
Preparing to unpack .../00-python3_3.7.5-3_amd64.deb ...
Unpacking python3 (3.7.5-3) ...
Selecting previously unselected package libpython3.8-minimal:amd64.
Preparing to unpack .../01-libpython3.8-minimal_3.8.2~rc2-2_amd64.deb ...
Unpacking libpython3.8-minimal:amd64 (3.8.2~rc2-2) ...
Selecting previously unselected package python3.8-minimal.
Preparing to unpack .../02-python3.8-minimal_3.8.2~rc2-2_amd64.deb ...
Unpacking python3.8-minimal (3.8.2~rc2-2) ...
Selecting previously unselected package sgml-base.
Preparing to unpack .../03-sgml-base_1.29.1_all.deb ...
Unpacking sgml-base (1.29.1) ...
Selecting previously unselected package sensible-utils.
Preparing to unpack .../04-sensible-utils_0.0.12+nmu1_all.deb ...
Unpacking sensible-utils (0.0.12+nmu1) ...
Selecting previously unselected package libmagic-mgc.
Preparing to unpack .../05-libmagic-mgc_1%3a5.38-4_amd64.deb ...
Unpacking libmagic-mgc (1:5.38-4) ...
Selecting previously unselected package libmagic1:amd64.
Preparing to unpack .../06-libmagic1_1%3a5.38-4_amd64.deb ...
Unpacking libmagic1:amd64 (1:5.38-4) ...
Selecting previously unselected package file.
Preparing to unpack .../07-file_1%3a5.38-4_amd64.deb ...
Unpacking file (1:5.38-4) ...
Selecting previously unselected package gettext-base.
Preparing to unpack .../08-gettext-base_0.19.8.1-10_amd64.deb ...
Unpacking gettext-base (0.19.8.1-10) ...
Selecting previously unselected package libsigsegv2:amd64.
Preparing to unpack .../09-libsigsegv2_2.12-2_amd64.deb ...
Unpacking libsigsegv2:amd64 (2.12-2) ...
Selecting previously unselected package m4.
Preparing to unpack .../10-m4_1.4.18-4_amd64.deb ...
Unpacking m4 (1.4.18-4) ...
Selecting previously unselected package autoconf.
Preparing to unpack .../11-autoconf_2.69-11.1_all.deb ...
Unpacking autoconf (2.69-11.1) ...
Selecting previously unselected package autotools-dev.
Preparing to unpack .../12-autotools-dev_20180224.1_all.deb ...
Unpacking autotools-dev (20180224.1) ...
Selecting previously unselected package automake.
Preparing to unpack .../13-automake_1%3a1.16.1-4_all.deb ...
Unpacking automake (1:1.16.1-4) ...
Selecting previously unselected package autopoint.
Preparing to unpack .../14-autopoint_0.19.8.1-10_all.deb ...
Unpacking autopoint (0.19.8.1-10) ...
Selecting previously unselected package libtool.
Preparing to unpack .../15-libtool_2.4.6-13_all.deb ...
Unpacking libtool (2.4.6-13) ...
Selecting previously unselected package dh-autoreconf.
Preparing to unpack .../16-dh-autoreconf_19_all.deb ...
Unpacking dh-autoreconf (19) ...
Selecting previously unselected package libdebhelper-perl.
Preparing to unpack .../17-libdebhelper-perl_12.9_all.deb ...
Unpacking libdebhelper-perl (12.9) ...
Selecting previously unselected package libarchive-zip-perl.
Preparing to unpack .../18-libarchive-zip-perl_1.67-1_all.deb ...
Unpacking libarchive-zip-perl (1.67-1) ...
Selecting previously unselected package libsub-override-perl.
Preparing to unpack .../19-libsub-override-perl_0.09-2_all.deb ...
Unpacking libsub-override-perl (0.09-2) ...
Selecting previously unselected package libfile-stripnondeterminism-perl.
Preparing to unpack .../20-libfile-stripnondeterminism-perl_1.6.3-2_all.deb ...
Unpacking libfile-stripnondeterminism-perl (1.6.3-2) ...
Selecting previously unselected package dh-strip-nondeterminism.
Preparing to unpack .../21-dh-strip-nondeterminism_1.6.3-2_all.deb ...
Unpacking dh-strip-nondeterminism (1.6.3-2) ...
Selecting previously unselected package libelf1:amd64.
Preparing to unpack .../22-libelf1_0.176-1.1_amd64.deb ...
Unpacking libelf1:amd64 (0.176-1.1) ...
Selecting previously unselected package dwz.
Preparing to unpack .../23-dwz_0.13-5_amd64.deb ...
Unpacking dwz (0.13-5) ...
Selecting previously unselected package libglib2.0-0:amd64.
Preparing to unpack .../24-libglib2.0-0_2.62.4-2_amd64.deb ...
Unpacking libglib2.0-0:amd64 (2.62.4-2) ...
Selecting previously unselected package libicu63:amd64.
Preparing to unpack .../25-libicu63_63.2-2_amd64.deb ...
Unpacking libicu63:amd64 (63.2-2) ...
Selecting previously unselected package libxml2:amd64.
Preparing to unpack .../26-libxml2_2.9.10+dfsg-3_amd64.deb ...
Unpacking libxml2:amd64 (2.9.10+dfsg-3) ...
Selecting previously unselected package libcroco3:amd64.
Preparing to unpack .../27-libcroco3_0.6.13-1_amd64.deb ...
Unpacking libcroco3:amd64 (0.6.13-1) ...
Selecting previously unselected package gettext.
Preparing to unpack .../28-gettext_0.19.8.1-10_amd64.deb ...
Unpacking gettext (0.19.8.1-10) ...
Selecting previously unselected package intltool-debian.
Preparing to unpack .../29-intltool-debian_0.35.0+20060710.5_all.deb ...
Unpacking intltool-debian (0.35.0+20060710.5) ...
Selecting previously unselected package po-debconf.
Preparing to unpack .../30-po-debconf_1.0.21_all.deb ...
Unpacking po-debconf (1.0.21) ...
Selecting previously unselected package debhelper.
Preparing to unpack .../31-debhelper_12.9_all.deb ...
Unpacking debhelper (12.9) ...
Selecting previously unselected package python3-lib2to3.
Preparing to unpack .../32-python3-lib2to3_3.8.0-1_all.deb ...
Unpacking python3-lib2to3 (3.8.0-1) ...
Selecting previously unselected package python3-distutils.
Preparing to unpack .../33-python3-distutils_3.8.0-1_all.deb ...
Unpacking python3-distutils (3.8.0-1) ...
Selecting previously unselected package dh-python.
Preparing to unpack .../34-dh-python_4.20191017_all.deb ...
Unpacking dh-python (4.20191017) ...
Selecting previously unselected package xml-core.
Preparing to unpack .../35-xml-core_0.18+nmu1_all.deb ...
Unpacking xml-core (0.18+nmu1) ...
Selecting previously unselected package docbook-xsl.
Preparing to unpack .../36-docbook-xsl_1.79.1+dfsg-2_all.deb ...
Unpacking docbook-xsl (1.79.1+dfsg-2) ...
Selecting previously unselected package libexpat1-dev:amd64.
Preparing to unpack .../37-libexpat1-dev_2.2.9-1_amd64.deb ...
Unpacking libexpat1-dev:amd64 (2.2.9-1) ...
Selecting previously unselected package libpng16-16:amd64.
Preparing to unpack .../38-libpng16-16_1.6.37-2_amd64.deb ...
Unpacking libpng16-16:amd64 (1.6.37-2) ...
Selecting previously unselected package libfreetype6:amd64.
Preparing to unpack .../39-libfreetype6_2.10.1-2_amd64.deb ...
Unpacking libfreetype6:amd64 (2.10.1-2) ...
Selecting previously unselected package libimagequant0:amd64.
Preparing to unpack .../40-libimagequant0_2.12.2-1.1_amd64.deb ...
Unpacking libimagequant0:amd64 (2.12.2-1.1) ...
Selecting previously unselected package libjbig0:amd64.
Preparing to unpack .../41-libjbig0_2.1-3.1+b2_amd64.deb ...
Unpacking libjbig0:amd64 (2.1-3.1+b2) ...
Selecting previously unselected package libjpeg62-turbo:amd64.
Preparing to unpack .../42-libjpeg62-turbo_1%3a1.5.2-2+b1_amd64.deb ...
Unpacking libjpeg62-turbo:amd64 (1:1.5.2-2+b1) ...
Selecting previously unselected package liblcms2-2:amd64.
Preparing to unpack .../43-liblcms2-2_2.9-4_amd64.deb ...
Unpacking liblcms2-2:amd64 (2.9-4) ...
Selecting previously unselected package libpcre16-3:amd64.
Preparing to unpack .../44-libpcre16-3_2%3a8.39-12+b1_amd64.deb ...
Unpacking libpcre16-3:amd64 (2:8.39-12+b1) ...
Selecting previously unselected package libpcre32-3:amd64.
Preparing to unpack .../45-libpcre32-3_2%3a8.39-12+b1_amd64.deb ...
Unpacking libpcre32-3:amd64 (2:8.39-12+b1) ...
Selecting previously unselected package libpcrecpp0v5:amd64.
Preparing to unpack .../46-libpcrecpp0v5_2%3a8.39-12+b1_amd64.deb ...
Unpacking libpcrecpp0v5:amd64 (2:8.39-12+b1) ...
Selecting previously unselected package libpcre3-dev:amd64.
Preparing to unpack .../47-libpcre3-dev_2%3a8.39-12+b1_amd64.deb ...
Unpacking libpcre3-dev:amd64 (2:8.39-12+b1) ...
Selecting previously unselected package libpython3.7:amd64.
Preparing to unpack .../48-libpython3.7_3.7.6-1+b1_amd64.deb ...
Unpacking libpython3.7:amd64 (3.7.6-1+b1) ...
Selecting previously unselected package libpython3.7-dev:amd64.
Preparing to unpack .../49-libpython3.7-dev_3.7.6-1+b1_amd64.deb ...
Unpacking libpython3.7-dev:amd64 (3.7.6-1+b1) ...
Selecting previously unselected package libpython3-dev:amd64.
Preparing to unpack .../50-libpython3-dev_3.7.5-3_amd64.deb ...
Unpacking libpython3-dev:amd64 (3.7.5-3) ...
Selecting previously unselected package libpython3.8-stdlib:amd64.
Preparing to unpack .../51-libpython3.8-stdlib_3.8.2~rc2-2_amd64.deb ...
Unpacking libpython3.8-stdlib:amd64 (3.8.2~rc2-2) ...
Selecting previously unselected package libpython3.8:amd64.
Preparing to unpack .../52-libpython3.8_3.8.2~rc2-2_amd64.deb ...
Unpacking libpython3.8:amd64 (3.8.2~rc2-2) ...
Selecting previously unselected package libpython3.8-dev:amd64.
Preparing to unpack .../53-libpython3.8-dev_3.8.2~rc2-2_amd64.deb ...
Unpacking libpython3.8-dev:amd64 (3.8.2~rc2-2) ...
Selecting previously unselected package libpython3-all-dev:amd64.
Preparing to unpack .../54-libpython3-all-dev_3.7.5-3_amd64.deb ...
Unpacking libpython3-all-dev:amd64 (3.7.5-3) ...
Selecting previously unselected package libwebp6:amd64.
Preparing to unpack .../55-libwebp6_0.6.1-2+b1_amd64.deb ...
Unpacking libwebp6:amd64 (0.6.1-2+b1) ...
Selecting previously unselected package libtiff5:amd64.
Preparing to unpack .../56-libtiff5_4.1.0+git191117-2_amd64.deb ...
Unpacking libtiff5:amd64 (4.1.0+git191117-2) ...
Selecting previously unselected package libwebpdemux2:amd64.
Preparing to unpack .../57-libwebpdemux2_0.6.1-2+b1_amd64.deb ...
Unpacking libwebpdemux2:amd64 (0.6.1-2+b1) ...
Selecting previously unselected package libwebpmux3:amd64.
Preparing to unpack .../58-libwebpmux3_0.6.1-2+b1_amd64.deb ...
Unpacking libwebpmux3:amd64 (0.6.1-2+b1) ...
Selecting previously unselected package libxslt1.1:amd64.
Preparing to unpack .../59-libxslt1.1_1.1.34-3_amd64.deb ...
Unpacking libxslt1.1:amd64 (1.1.34-3) ...
Selecting previously unselected package python3.8.
Preparing to unpack .../60-python3.8_3.8.2~rc2-2_amd64.deb ...
Unpacking python3.8 (3.8.2~rc2-2) ...
Selecting previously unselected package python3-all.
Preparing to unpack .../61-python3-all_3.7.5-3_amd64.deb ...
Unpacking python3-all (3.7.5-3) ...
Selecting previously unselected package zlib1g-dev:amd64.
Preparing to unpack .../62-zlib1g-dev_1%3a1.2.11.dfsg-2_amd64.deb ...
Unpacking zlib1g-dev:amd64 (1:1.2.11.dfsg-2) ...
Selecting previously unselected package python3.7-dev.
Preparing to unpack .../63-python3.7-dev_3.7.6-1+b1_amd64.deb ...
Unpacking python3.7-dev (3.7.6-1+b1) ...
Selecting previously unselected package python3-dev.
Preparing to unpack .../64-python3-dev_3.7.5-3_amd64.deb ...
Unpacking python3-dev (3.7.5-3) ...
Selecting previously unselected package python3.8-dev.
Preparing to unpack .../65-python3.8-dev_3.8.2~rc2-2_amd64.deb ...
Unpacking python3.8-dev (3.8.2~rc2-2) ...
Selecting previously unselected package python3-all-dev.
Preparing to unpack .../66-python3-all-dev_3.7.5-3_amd64.deb ...
Unpacking python3-all-dev (3.7.5-3) ...
Selecting previously unselected package python3-atomicwrites.
Preparing to unpack .../67-python3-atomicwrites_1.1.5-2_all.deb ...
Unpacking python3-atomicwrites (1.1.5-2) ...
Selecting previously unselected package python3-attr.
Preparing to unpack .../68-python3-attr_19.3.0-1_all.deb ...
Unpacking python3-attr (19.3.0-1) ...
Selecting previously unselected package python3-six.
Preparing to unpack .../69-python3-six_1.14.0-2_all.deb ...
Unpacking python3-six (1.14.0-2) ...
Selecting previously unselected package python3-more-itertools.
Preparing to unpack .../70-python3-more-itertools_4.2.0-1_all.deb ...
Unpacking python3-more-itertools (4.2.0-1) ...
Selecting previously unselected package python3-zipp.
Preparing to unpack .../71-python3-zipp_1.0.0-1_all.deb ...
Unpacking python3-zipp (1.0.0-1) ...
Selecting previously unselected package python3-importlib-metadata.
Preparing to unpack .../72-python3-importlib-metadata_1.5.0-1_all.deb ...
Unpacking python3-importlib-metadata (1.5.0-1) ...
Selecting previously unselected package python3-pyparsing.
Preparing to unpack .../73-python3-pyparsing_2.4.6-1_all.deb ...
Unpacking python3-pyparsing (2.4.6-1) ...
Selecting previously unselected package python3-packaging.
Preparing to unpack .../74-python3-packaging_19.1-2_all.deb ...
Unpacking python3-packaging (19.1-2) ...
Selecting previously unselected package python3-pil:amd64.
Preparing to unpack .../75-python3-pil_7.0.0-4_amd64.deb ...
Unpacking python3-pil:amd64 (7.0.0-4) ...
Selecting previously unselected package python3-pkg-resources.
Preparing to unpack .../76-python3-pkg-resources_44.0.0-1_all.deb ...
Unpacking python3-pkg-resources (44.0.0-1) ...
Selecting previously unselected package python3-pluggy.
Preparing to unpack .../77-python3-pluggy_0.13.0-2_all.deb ...
Unpacking python3-pluggy (0.13.0-2) ...
Selecting previously unselected package python3-py.
Preparing to unpack .../78-python3-py_1.8.1-1_all.deb ...
Unpacking python3-py (1.8.1-1) ...
Selecting previously unselected package python3-wcwidth.
Preparing to unpack .../79-python3-wcwidth_0.1.8+dfsg1-3_all.deb ...
Unpacking python3-wcwidth (0.1.8+dfsg1-3) ...
Selecting previously unselected package python3-pytest.
Preparing to unpack .../80-python3-pytest_4.6.9-1_all.deb ...
Unpacking python3-pytest (4.6.9-1) ...
Selecting previously unselected package python3-setuptools.
Preparing to unpack .../81-python3-setuptools_44.0.0-1_all.deb ...
Unpacking python3-setuptools (44.0.0-1) ...
Selecting previously unselected package xsltproc.
Preparing to unpack .../82-xsltproc_1.1.34-3_amd64.deb ...
Unpacking xsltproc (1.1.34-3) ...
Selecting previously unselected package sbuild-build-depends-main-dummy.
Preparing to unpack .../83-sbuild-build-depends-main-dummy_0.invalid.0_amd64.deb ...
Unpacking sbuild-build-depends-main-dummy (0.invalid.0) ...
Setting up libpcrecpp0v5:amd64 (2:8.39-12+b1) ...
Setting up libpipeline1:amd64 (1.5.2-2) ...
Setting up liblcms2-2:amd64 (2.9-4) ...
Setting up libpython3.8-minimal:amd64 (3.8.2~rc2-2) ...
Setting up mime-support (3.64) ...
Setting up libpcre16-3:amd64 (2:8.39-12+b1) ...
Setting up libmagic-mgc (1:5.38-4) ...
Setting up libarchive-zip-perl (1.67-1) ...
Setting up libglib2.0-0:amd64 (2.62.4-2) ...
No schema files found: doing nothing.
Setting up libdebhelper-perl (12.9) ...
Setting up libsqlite3-0:amd64 (3.31.1-3) ...
Setting up libmagic1:amd64 (1:5.38-4) ...
Setting up gettext-base (0.19.8.1-10) ...
Setting up file (1:5.38-4) ...
Setting up libjbig0:amd64 (2.1-3.1+b2) ...
Setting up libicu63:amd64 (63.2-2) ...
Setting up autotools-dev (20180224.1) ...
Setting up libexpat1-dev:amd64 (2.2.9-1) ...
Setting up libjpeg62-turbo:amd64 (1:1.5.2-2+b1) ...
Setting up libsigsegv2:amd64 (2.12-2) ...
Setting up libimagequant0:amd64 (2.12.2-1.1) ...
Setting up bsdmainutils (11.1.2+b1) ...
update-alternatives: using /usr/bin/bsd-write to provide /usr/bin/write (write) in auto mode
update-alternatives: using /usr/bin/bsd-from to provide /usr/bin/from (from) in auto mode
Setting up libpng16-16:amd64 (1.6.37-2) ...
Setting up libpcre32-3:amd64 (2:8.39-12+b1) ...
Setting up autopoint (0.19.8.1-10) ...
Setting up libwebp6:amd64 (0.6.1-2+b1) ...
Setting up zlib1g-dev:amd64 (1:1.2.11.dfsg-2) ...
Setting up python3.8-minimal (3.8.2~rc2-2) ...
Setting up sensible-utils (0.0.12+nmu1) ...
Setting up libuchardet0:amd64 (0.0.6-3) ...
Setting up libsub-override-perl (0.09-2) ...
Setting up sgml-base (1.29.1) ...
Setting up libtiff5:amd64 (4.1.0+git191117-2) ...
Setting up libmpdec2:amd64 (2.4.2-2) ...
Setting up libwebpmux3:amd64 (0.6.1-2+b1) ...
Setting up libelf1:amd64 (0.176-1.1) ...
Setting up readline-common (8.0-3) ...
Setting up libxml2:amd64 (2.9.10+dfsg-3) ...
Setting up libfile-stripnondeterminism-perl (1.6.3-2) ...
Setting up libtool (2.4.6-13) ...
Setting up libpcre3-dev:amd64 (2:8.39-12+b1) ...
Setting up libwebpdemux2:amd64 (0.6.1-2+b1) ...
Setting up libreadline8:amd64 (8.0-3) ...
Setting up m4 (1.4.18-4) ...
Setting up libfreetype6:amd64 (2.10.1-2) ...
Setting up libcroco3:amd64 (0.6.13-1) ...
Setting up autoconf (2.69-11.1) ...
Setting up dh-strip-nondeterminism (1.6.3-2) ...
Setting up dwz (0.13-5) ...
Setting up groff-base (1.22.4-4) ...
Setting up xml-core (0.18+nmu1) ...
Setting up libxslt1.1:amd64 (1.1.34-3) ...
Setting up libpython3.8-stdlib:amd64 (3.8.2~rc2-2) ...
Setting up python3.8 (3.8.2~rc2-2) ...
Setting up automake (1:1.16.1-4) ...
update-alternatives: using /usr/bin/automake-1.16 to provide /usr/bin/automake (automake) in auto mode
Setting up libpython3.7-stdlib:amd64 (3.7.6-1+b1) ...
Setting up gettext (0.19.8.1-10) ...
Setting up libpython3.7:amd64 (3.7.6-1+b1) ...
Setting up libpython3.7-dev:amd64 (3.7.6-1+b1) ...
Setting up xsltproc (1.1.34-3) ...
Setting up man-db (2.9.0-2) ...
Not building database; man-db/auto-update is not 'true'.
Setting up intltool-debian (0.35.0+20060710.5) ...
Setting up libpython3.8:amd64 (3.8.2~rc2-2) ...
Setting up libpython3-stdlib:amd64 (3.7.5-3) ...
Setting up python3.7 (3.7.6-1+b1) ...
Setting up libpython3-dev:amd64 (3.7.5-3) ...
Setting up po-debconf (1.0.21) ...
Setting up python3 (3.7.5-3) ...
Setting up python3.7-dev (3.7.6-1+b1) ...
Setting up python3-atomicwrites (1.1.5-2) ...
Setting up python3-six (1.14.0-2) ...
Setting up python3-pil:amd64 (7.0.0-4) ...
Setting up python3-wcwidth (0.1.8+dfsg1-3) ...
Setting up python3-pyparsing (2.4.6-1) ...
Setting up libpython3.8-dev:amd64 (3.8.2~rc2-2) ...
Setting up libpython3-all-dev:amd64 (3.7.5-3) ...
Setting up python3.8-dev (3.8.2~rc2-2) ...
Setting up python3-lib2to3 (3.8.0-1) ...
Setting up python3-pkg-resources (44.0.0-1) ...
Setting up python3-distutils (3.8.0-1) ...
Setting up dh-python (4.20191017) ...
Setting up python3-more-itertools (4.2.0-1) ...
Setting up python3-attr (19.3.0-1) ...
Setting up python3-setuptools (44.0.0-1) ...
Setting up python3-py (1.8.1-1) ...
Setting up python3-all (3.7.5-3) ...
Setting up python3-zipp (1.0.0-1) ...
Setting up python3-packaging (19.1-2) ...
Setting up python3-dev (3.7.5-3) ...
Setting up python3-all-dev (3.7.5-3) ...
Setting up python3-importlib-metadata (1.5.0-1) ...
Setting up python3-pluggy (0.13.0-2) ...
Setting up python3-pytest (4.6.9-1) ...
Setting up dh-autoreconf (19) ...
Setting up debhelper (12.9) ...
Processing triggers for libc-bin (2.29-10) ...
Processing triggers for sgml-base (1.29.1) ...
Setting up docbook-xsl (1.79.1+dfsg-2) ...
Setting up sbuild-build-depends-main-dummy (0.invalid.0) ...

+------------------------------------------------------------------------------+
| Check architectures                                                          |
+------------------------------------------------------------------------------+

Arch check ok (amd64 included in any)

+------------------------------------------------------------------------------+
| Build environment                                                            |
+------------------------------------------------------------------------------+

Kernel: Linux 4.19.0-6-cloud-amd64 #1 SMP Debian 4.19.67-2+deb10u2 (2019-11-11) amd64 (x86_64)
Toolchain package versions: binutils_2.34-3 dpkg-dev_1.19.7 g++-9_9.2.1-29 gcc-9_9.2.1-29 libc6-dev_2.29-10 libstdc++-9-dev_9.2.1-29 libstdc++6_10-20200222-1 linux-libc-dev_5.4.19-1
Package versions: adduser_3.118 apt_1.8.4 autoconf_2.69-11.1 automake_1:1.16.1-4 autopoint_0.19.8.1-10 autotools-dev_20180224.1 base-files_11 base-passwd_3.5.47 bash_5.0-5 binutils_2.34-3 binutils-common_2.34-3 binutils-x86-64-linux-gnu_2.34-3 bsdmainutils_11.1.2+b1 bsdutils_1:2.34-0.1 build-essential_12.8 bzip2_1.0.8-2 clang-10_1:10.0.0~+rc2-1 coreutils_8.30-3+b1 cpp_4:9.2.1-3.1 cpp-9_9.2.1-29 dash_0.5.10.2-6 debconf_1.5.73 debhelper_12.9 debian-archive-keyring_2019.1 debianutils_4.9.1 dh-autoreconf_19 dh-python_4.20191017 dh-strip-nondeterminism_1.6.3-2 diffutils_1:3.7-3 docbook-xsl_1.79.1+dfsg-2 dpkg_1.19.7 dpkg-dev_1.19.7 dwz_0.13-5 e2fsprogs_1.45.5-2 fakeroot_1.24-1 fdisk_2.34-0.1 file_1:5.38-4 findutils_4.7.0-1 g++_4:9.2.1-3.1 g++-9_9.2.1-29 gcc_4:9.2.1-3.1 gcc-10-base_10-20200222-1 gcc-9_9.2.1-29 gcc-9-base_9.2.1-29 gettext_0.19.8.1-10 gettext-base_0.19.8.1-10 gpgv_2.2.19-1 grep_3.4-1 groff-base_1.22.4-4 gzip_1.9-3+b1 hostname_3.23 init-system-helpers_1.57 intltool-debian_0.35.0+20060710.5 lib32gcc-s1_10-20200222-1 lib32gcc1_1:10-20200222-1 lib32stdc++6_10-20200222-1 libacl1_2.2.53-5 libapt-pkg5.0_1.8.4 libarchive-zip-perl_1.67-1 libasan5_9.2.1-29 libatomic1_10-20200222-1 libattr1_1:2.4.48-5 libaudit-common_1:2.8.5-2 libaudit1_1:2.8.5-2+b1 libbinutils_2.34-3 libblkid1_2.34-0.1 libbsd0_0.10.0-1 libbz2-1.0_1.0.8-2 libc-bin_2.29-10 libc-dev-bin_2.29-10 libc6_2.29-10 libc6-dev_2.29-10 libc6-i386_2.29-10 libcap-ng0_0.7.9-2.1+b1 libcc1-0_10-20200222-1 libclang-common-10-dev_1:10.0.0~+rc2-1 libclang-cpp10_1:10.0.0~+rc2-1 libclang1-10_1:10.0.0~+rc2-1 libcom-err2_1.45.5-2 libcroco3_0.6.13-1 libcrypt-dev_1:4.4.10-10 libcrypt1_1:4.4.10-10 libctf-nobfd0_2.34-3 libctf0_2.34-3 libdb5.3_5.3.28+dfsg1-0.6 libdebconfclient0_0.251 libdebhelper-perl_12.9 libdpkg-perl_1.19.7 libedit2_3.1-20191231-1 libelf1_0.176-1.1 libexpat1_2.2.9-1 libexpat1-dev_2.2.9-1 libext2fs2_1.45.5-2 libfakeroot_1.24-1 libfdisk1_2.34-0.1 libffi7_3.3-3 libfile-stripnondeterminism-perl_1.6.3-2 libfreetype6_2.10.1-2 libgc1c2_1:7.6.4-0.4 libgcc-9-dev_9.2.1-29 libgcc-s1_10-20200222-1 libgcc1_1:10-20200222-1 libgcrypt20_1.8.5-5 libgdbm-compat4_1.18.1-5 libgdbm6_1.18.1-5 libglib2.0-0_2.62.4-2 libgmp10_2:6.2.0+dfsg-4 libgnutls30_3.6.12-2 libgomp1_10-20200222-1 libgpg-error0_1.37-1 libhogweed5_3.5.1+really3.5.1-2 libicu63_63.2-2 libidn2-0_2.2.0-2 libimagequant0_2.12.2-1.1 libisl22_0.22.1-1 libitm1_10-20200222-1 libjbig0_2.1-3.1+b2 libjpeg62-turbo_1:1.5.2-2+b1 liblcms2-2_2.9-4 libllvm10_1:10.0.0~+rc2-1 liblsan0_10-20200222-1 liblz4-1_1.9.2-2 liblzma5_5.2.4-1+b1 libmagic-mgc_1:5.38-4 libmagic1_1:5.38-4 libmount1_2.34-0.1 libmpc3_1.1.0-1 libmpdec2_2.4.2-2 libmpfr6_4.0.2-1 libncursesw6_6.1+20191019-1 libnettle7_3.5.1+really3.5.1-2 libobjc-9-dev_9.2.1-29 libobjc4_10-20200222-1 libomp-10-dev_1:10.0.0~+rc2-1 libomp5-10_1:10.0.0~+rc2-1 libp11-kit0_0.23.20-1 libpam-modules_1.3.1-5 libpam-modules-bin_1.3.1-5 libpam-runtime_1.3.1-5 libpam0g_1.3.1-5 libpcre16-3_2:8.39-12+b1 libpcre2-8-0_10.34-7 libpcre3_2:8.39-12+b1 libpcre3-dev_2:8.39-12+b1 libpcre32-3_2:8.39-12+b1 libpcrecpp0v5_2:8.39-12+b1 libperl5.30_5.30.0-9 libpipeline1_1.5.2-2 libpng16-16_1.6.37-2 libpython3-all-dev_3.7.5-3 libpython3-dev_3.7.5-3 libpython3-stdlib_3.7.5-3 libpython3.7_3.7.6-1+b1 libpython3.7-dev_3.7.6-1+b1 libpython3.7-minimal_3.7.6-1+b1 libpython3.7-stdlib_3.7.6-1+b1 libpython3.8_3.8.2~rc2-2 libpython3.8-dev_3.8.2~rc2-2 libpython3.8-minimal_3.8.2~rc2-2 libpython3.8-stdlib_3.8.2~rc2-2 libquadmath0_10-20200222-1 libreadline8_8.0-3 libseccomp2_2.4.2-2 libselinux1_3.0-1+b1 libsemanage-common_3.0-1 libsemanage1_3.0-1+b1 libsepol1_3.0-1 libsigsegv2_2.12-2 libsmartcols1_2.34-0.1 libsqlite3-0_3.31.1-3 libss2_1.45.5-2 libssl1.1_1.1.1d-2 libstdc++-9-dev_9.2.1-29 libstdc++6_10-20200222-1 libsub-override-perl_0.09-2 libsystemd0_244.3-1 libtasn1-6_4.16.0-2 libtiff5_4.1.0+git191117-2 libtinfo6_6.1+20191019-1 libtool_2.4.6-13 libtsan0_10-20200222-1 libubsan1_10-20200222-1 libuchardet0_0.0.6-3 libudev1_244.3-1 libunistring2_0.9.10-2 libuuid1_2.34-0.1 libwebp6_0.6.1-2+b1 libwebpdemux2_0.6.1-2+b1 libwebpmux3_0.6.1-2+b1 libxml2_2.9.10+dfsg-3 libxslt1.1_1.1.34-3 libz3-4_4.8.7-4 libzstd1_1.4.4+dfsg-3 linux-libc-dev_5.4.19-1 login_1:4.8.1-1 logsave_1.45.5-2 lsb-base_11.1.0 m4_1.4.18-4 make_4.2.1-1.2 man-db_2.9.0-2 mawk_1.3.4.20200120-2 mime-support_3.64 mount_2.34-0.1 ncurses-base_6.1+20191019-1 ncurses-bin_6.1+20191019-1 passwd_1:4.8.1-1 patch_2.7.6-6 perl_5.30.0-9 perl-base_5.30.0-9 perl-modules-5.30_5.30.0-9 po-debconf_1.0.21 python3_3.7.5-3 python3-all_3.7.5-3 python3-all-dev_3.7.5-3 python3-atomicwrites_1.1.5-2 python3-attr_19.3.0-1 python3-dev_3.7.5-3 python3-distutils_3.8.0-1 python3-importlib-metadata_1.5.0-1 python3-lib2to3_3.8.0-1 python3-minimal_3.7.5-3 python3-more-itertools_4.2.0-1 python3-packaging_19.1-2 python3-pil_7.0.0-4 python3-pkg-resources_44.0.0-1 python3-pluggy_0.13.0-2 python3-py_1.8.1-1 python3-pyparsing_2.4.6-1 python3-pytest_4.6.9-1 python3-setuptools_44.0.0-1 python3-six_1.14.0-2 python3-wcwidth_0.1.8+dfsg1-3 python3-zipp_1.0.0-1 python3.7_3.7.6-1+b1 python3.7-dev_3.7.6-1+b1 python3.7-minimal_3.7.6-1+b1 python3.8_3.8.2~rc2-2 python3.8-dev_3.8.2~rc2-2 python3.8-minimal_3.8.2~rc2-2 readline-common_8.0-3 sbuild-build-depends-main-dummy_0.invalid.0 sed_4.7-1 sensible-utils_0.0.12+nmu1 sgml-base_1.29.1 sysvinit-utils_2.96-2.1 tar_1.30+dfsg-6+b1 tzdata_2019c-3 util-linux_2.34-0.1 xml-core_0.18+nmu1 xsltproc_1.1.34-3 xz-utils_5.2.4-1+b1 zlib1g_1:1.2.11.dfsg-2 zlib1g-dev_1:1.2.11.dfsg-2

+------------------------------------------------------------------------------+
| Build                                                                        |
+------------------------------------------------------------------------------+


Unpack source
-------------

-----BEGIN PGP SIGNED MESSAGE-----
Hash: SHA512

Format: 3.0 (quilt)
Source: python-pyscss
Binary: python3-pyscss
Architecture: any
Version: 1.3.5-3
Maintainer: Debian Python Modules Team <python-modules-team@lists.alioth.debian.org>
Uploaders: W. Martin Borgert <debacle@debian.org>, Thomas Goirand <zigo@debian.org>
Homepage: https://github.com/Kronuz/pyScss
Standards-Version: 3.9.8
Vcs-Browser: https://salsa.debian.org/python-team/modules/python-pyscss
Vcs-Git: https://salsa.debian.org/python-team/modules/python-pyscss.git
Build-Depends: debhelper (>= 9.20120909~), dh-python, docbook-xsl, libpcre3-dev, python3-all-dev, python3-pil, python3-pytest, python3-setuptools, python3-six, xsltproc
Package-List:
 python3-pyscss deb python optional arch=any
Checksums-Sha1:
 2d00b3a74e45827e8647418ee7a9b6e2df659481 316692 python-pyscss_1.3.5.orig.tar.gz
 0ce0b35da68efd13f4642c58c8556fe23c7a64cd 5120 python-pyscss_1.3.5-3.debian.tar.xz
Checksums-Sha256:
 f14c542c39d76d5c15c5e175adf9e8ac42853a91902db4db0cb3d652022352b4 316692 python-pyscss_1.3.5.orig.tar.gz
 1e3f3cda8d5d22afd1583d5073987683d9275be2f8d1ec9c0c25bb46265098ad 5120 python-pyscss_1.3.5-3.debian.tar.xz
Files:
 435431b46c7fcdbe49e0bcbcc6713c03 316692 python-pyscss_1.3.5.orig.tar.gz
 f3443848346783ad63b40ae024394f4d 5120 python-pyscss_1.3.5-3.debian.tar.xz

-----BEGIN PGP SIGNATURE-----

iQIzBAEBCgAdFiEEPZg8UuuFmAxGpWCQNXMSVZ0eBksFAl1iOs8ACgkQNXMSVZ0e
BkvIqQ/+OcvDRUNB8W243S/U8CzcQZ3BCJ4u1TEoZc2D9JMlY6i4iPdAsn9LZhGW
hc45h5dqCsAWPJi+8TnCWrNHePP9ePIBnWsD5ZkM77oLvGgKSUy2/cUqy/hWi0jS
WQ3Da4SwoRaZ3235nb1d13a4avZ6mNpHI4qW4VonvJmGtovFDEDVI+Epdi5OsIYj
V3tTFII4TlQjcSeJGxa+l43BuXLFx6gIGs7C/a8dDmM7zjJDySpIoRbARz4znR8i
HOp1z/e8Rwo5RUZ6Z+n3xovZAiTPwqzPEsDTDQHq0OOB260G1UGEG5Ggj2R1NAVR
ughOEoI9yoCTpc0PIGatTouTdttLIO1l5qHIQ2NU/I1Ry8GnJLMSlQgp/MKohIE8
G03shm6lwEUGNskqoTeCLLuxUX7Krv41ceXAox+w3/j5GCVm3EqX16cIQmXmH0yj
wZHpPEl0U+XVVA7OGMxp7as3eKl6Jvh/spSsO3Z9TPfdzNlBwj9UBV82afUmKyLr
P2eU7gv36oTGaGmmFo0y5c7i9nn5HIQ4+IdffVZYuNfIQmJANkzefCRlrw3JrgO0
7YpTnhaXrGExvANlBToaLCiSPczcZDLFi37ykgmZ2TkiWm+Gj/3DFYIx32Kv8Y1c
bzQdyOccQdnq7ntTjLto/66ezQsFdT/71xMZuoVmPFasGVMdETs=
=odZl
-----END PGP SIGNATURE-----

gpgv: unknown type of key resource 'trustedkeys.kbx'
gpgv: keyblock resource '/sbuild-nonexistent/.gnupg/trustedkeys.kbx': General error
gpgv: Signature made Sun Aug 25 07:37:51 2019 UTC
gpgv:                using RSA key 3D983C52EB85980C46A56090357312559D1E064B
gpgv: Can't check signature: No public key
dpkg-source: warning: failed to verify signature on ./python-pyscss_1.3.5-3.dsc
dpkg-source: info: extracting python-pyscss in /<<PKGBUILDDIR>>
dpkg-source: info: unpacking python-pyscss_1.3.5.orig.tar.gz
dpkg-source: info: unpacking python-pyscss_1.3.5-3.debian.tar.xz
dpkg-source: info: using patch list from debian/patches/series
dpkg-source: info: applying 0001-short-summary-of-the-patch.patch
dpkg-source: info: applying fix-python3.patch

Check disk space
----------------

Sufficient free space for build

User Environment
----------------

APT_CONFIG=/var/lib/sbuild/apt.conf
HOME=/sbuild-nonexistent
LANG=C.UTF-8
LC_ALL=C.UTF-8
LOGNAME=user42
PATH=/usr/local/sbin:/usr/local/bin:/usr/sbin:/usr/bin:/sbin:/bin:/usr/games
SCHROOT_ALIAS_NAME=unstable
SCHROOT_CHROOT_NAME=sid-amd64-sbuild
SCHROOT_COMMAND=env
SCHROOT_GID=1001
SCHROOT_GROUP=user42
SCHROOT_SESSION_ID=sid-amd64-sbuild-7a4de879-6f59-4d10-8060-24b8cb2e0df8
SCHROOT_UID=1001
SCHROOT_USER=user42
SHELL=/bin/sh
USER=user42

dpkg-buildpackage
-----------------

Command: dpkg-buildpackage -us -uc -b -rfakeroot
dpkg-buildpackage: info: source package python-pyscss
dpkg-buildpackage: info: source version 1.3.5-3
dpkg-buildpackage: info: source distribution unstable
dpkg-buildpackage: info: source changed by Ondej Nov <onovy@debian.org>
 dpkg-source --before-build .
dpkg-buildpackage: info: host architecture amd64
dpkg-source: info: using options from python-pyscss-1.3.5/debian/source/options: --extend-diff-ignore=^[^/]*[.]egg-info/
 fakeroot debian/rules clean
make: pyversions: Command not found
py3versions: no X-Python3-Version in control file, using supported versions
dh /usr/share/openstack-pkg-tools/pkgos.make --buildsystem=pybuild --with python3
dh: error: Unknown sequence /usr/share/openstack-pkg-tools/pkgos.make (choose from: binary binary-arch binary-indep build build-arch build-indep clean install install-arch install-indep)
dh clean --buildsystem=pybuild --with python3
   dh_auto_clean -O--buildsystem=pybuild
I: pybuild base:217: python3.8 setup.py clean 
running clean
removing '/<<PKGBUILDDIR>>/.pybuild/cpython3_3.8_pyscss/build' (and everything under it)
setup.py:27: DistDeprecationWarning: Features are deprecated and will be removed in a future version. See https://github.com/pypa/setuptools/issues/65.
  speedups = Feature(
/usr/lib/python3.8/distutils/core.py:108: DistDeprecationWarning: Features are deprecated and will be removed in a future version. See https://github.com/pypa/setuptools/issues/65.
  _setup_distribution = dist = klass(attrs)
'build/bdist.linux-amd64' does not exist -- can't clean it
'build/scripts-3.8' does not exist -- can't clean it
I: pybuild base:217: python3.7 setup.py clean 
running clean
removing '/<<PKGBUILDDIR>>/.pybuild/cpython3_3.7_pyscss/build' (and everything under it)
setup.py:36: DistDeprecationWarning: Features are deprecated and will be removed in a future version. See https://github.com/pypa/setuptools/issues/65.
  libraries=['pcre']
/usr/lib/python3.7/distutils/core.py:108: DistDeprecationWarning: Features are deprecated and will be removed in a future version. See https://github.com/pypa/setuptools/issues/65.
  _setup_distribution = dist = klass(attrs)
'build/bdist.linux-amd64' does not exist -- can't clean it
'build/scripts-3.7' does not exist -- can't clean it
   debian/rules override_dh_clean
make[1]: Entering directory '/<<PKGBUILDDIR>>'
make[1]: pyversions: Command not found
py3versions: no X-Python3-Version in control file, using supported versions
dh /usr/share/openstack-pkg-tools/pkgos.make --buildsystem=pybuild --with python3
dh: error: Unknown sequence /usr/share/openstack-pkg-tools/pkgos.make (choose from: binary binary-arch binary-indep build build-arch build-indep clean install install-arch install-indep)
dh_clean
rm -f pyscss.1 less2scss.1
rm -rf build
find . -iname '*.pyc' -delete
make[1]: Leaving directory '/<<PKGBUILDDIR>>'
 debian/rules build
make: pyversions: Command not found
py3versions: no X-Python3-Version in control file, using supported versions
dh /usr/share/openstack-pkg-tools/pkgos.make --buildsystem=pybuild --with python3
dh: error: Unknown sequence /usr/share/openstack-pkg-tools/pkgos.make (choose from: binary binary-arch binary-indep build build-arch build-indep clean install install-arch install-indep)
dh build --buildsystem=pybuild --with python3
   dh_update_autotools_config -O--buildsystem=pybuild
   dh_auto_configure -O--buildsystem=pybuild
I: pybuild base:217: python3.8 setup.py config 
running config
setup.py:27: DistDeprecationWarning: Features are deprecated and will be removed in a future version. See https://github.com/pypa/setuptools/issues/65.
  speedups = Feature(
/usr/lib/python3.8/distutils/core.py:108: DistDeprecationWarning: Features are deprecated and will be removed in a future version. See https://github.com/pypa/setuptools/issues/65.
  _setup_distribution = dist = klass(attrs)
I: pybuild base:217: python3.7 setup.py config 
running config
setup.py:36: DistDeprecationWarning: Features are deprecated and will be removed in a future version. See https://github.com/pypa/setuptools/issues/65.
  libraries=['pcre']
/usr/lib/python3.7/distutils/core.py:108: DistDeprecationWarning: Features are deprecated and will be removed in a future version. See https://github.com/pypa/setuptools/issues/65.
  _setup_distribution = dist = klass(attrs)
   dh_auto_build -O--buildsystem=pybuild
I: pybuild base:217: /usr/bin/python3.8 setup.py build 
running build
running build_py
creating /<<PKGBUILDDIR>>/.pybuild/cpython3_3.8_pyscss/build/scss
copying scss/namespace.py -> /<<PKGBUILDDIR>>/.pybuild/cpython3_3.8_pyscss/build/scss
copying scss/setup.py -> /<<PKGBUILDDIR>>/.pybuild/cpython3_3.8_pyscss/build/scss
copying scss/source.py -> /<<PKGBUILDDIR>>/.pybuild/cpython3_3.8_pyscss/build/scss
copying scss/types.py -> /<<PKGBUILDDIR>>/.pybuild/cpython3_3.8_pyscss/build/scss
copying scss/errors.py -> /<<PKGBUILDDIR>>/.pybuild/cpython3_3.8_pyscss/build/scss
copying scss/scss_meta.py -> /<<PKGBUILDDIR>>/.pybuild/cpython3_3.8_pyscss/build/scss
copying scss/tool.py -> /<<PKGBUILDDIR>>/.pybuild/cpython3_3.8_pyscss/build/scss
copying scss/__init__.py -> /<<PKGBUILDDIR>>/.pybuild/cpython3_3.8_pyscss/build/scss
copying scss/__main__.py -> /<<PKGBUILDDIR>>/.pybuild/cpython3_3.8_pyscss/build/scss
copying scss/selector.py -> /<<PKGBUILDDIR>>/.pybuild/cpython3_3.8_pyscss/build/scss
copying scss/ast.py -> /<<PKGBUILDDIR>>/.pybuild/cpython3_3.8_pyscss/build/scss
copying scss/compiler.py -> /<<PKGBUILDDIR>>/.pybuild/cpython3_3.8_pyscss/build/scss
copying scss/rule.py -> /<<PKGBUILDDIR>>/.pybuild/cpython3_3.8_pyscss/build/scss
copying scss/util.py -> /<<PKGBUILDDIR>>/.pybuild/cpython3_3.8_pyscss/build/scss
copying scss/legacy.py -> /<<PKGBUILDDIR>>/.pybuild/cpython3_3.8_pyscss/build/scss
copying scss/config.py -> /<<PKGBUILDDIR>>/.pybuild/cpython3_3.8_pyscss/build/scss
copying scss/less2scss.py -> /<<PKGBUILDDIR>>/.pybuild/cpython3_3.8_pyscss/build/scss
copying scss/cssdefs.py -> /<<PKGBUILDDIR>>/.pybuild/cpython3_3.8_pyscss/build/scss
copying scss/calculator.py -> /<<PKGBUILDDIR>>/.pybuild/cpython3_3.8_pyscss/build/scss
creating /<<PKGBUILDDIR>>/.pybuild/cpython3_3.8_pyscss/build/scss/extension
copying scss/extension/api.py -> /<<PKGBUILDDIR>>/.pybuild/cpython3_3.8_pyscss/build/scss/extension
copying scss/extension/core.py -> /<<PKGBUILDDIR>>/.pybuild/cpython3_3.8_pyscss/build/scss/extension
copying scss/extension/__init__.py -> /<<PKGBUILDDIR>>/.pybuild/cpython3_3.8_pyscss/build/scss/extension
copying scss/extension/fonts.py -> /<<PKGBUILDDIR>>/.pybuild/cpython3_3.8_pyscss/build/scss/extension
copying scss/extension/bootstrap.py -> /<<PKGBUILDDIR>>/.pybuild/cpython3_3.8_pyscss/build/scss/extension
copying scss/extension/extra.py -> /<<PKGBUILDDIR>>/.pybuild/cpython3_3.8_pyscss/build/scss/extension
creating /<<PKGBUILDDIR>>/.pybuild/cpython3_3.8_pyscss/build/scss/extension/compass
copying scss/extension/compass/__init__.py -> /<<PKGBUILDDIR>>/.pybuild/cpython3_3.8_pyscss/build/scss/extension/compass
copying scss/extension/compass/layouts.py -> /<<PKGBUILDDIR>>/.pybuild/cpython3_3.8_pyscss/build/scss/extension/compass
copying scss/extension/compass/helpers.py -> /<<PKGBUILDDIR>>/.pybuild/cpython3_3.8_pyscss/build/scss/extension/compass
copying scss/extension/compass/images.py -> /<<PKGBUILDDIR>>/.pybuild/cpython3_3.8_pyscss/build/scss/extension/compass
copying scss/extension/compass/gradients.py -> /<<PKGBUILDDIR>>/.pybuild/cpython3_3.8_pyscss/build/scss/extension/compass
copying scss/extension/compass/sprites.py -> /<<PKGBUILDDIR>>/.pybuild/cpython3_3.8_pyscss/build/scss/extension/compass
creating /<<PKGBUILDDIR>>/.pybuild/cpython3_3.8_pyscss/build/scss/grammar
copying scss/grammar/__init__.py -> /<<PKGBUILDDIR>>/.pybuild/cpython3_3.8_pyscss/build/scss/grammar
copying scss/grammar/scanner.py -> /<<PKGBUILDDIR>>/.pybuild/cpython3_3.8_pyscss/build/scss/grammar
copying scss/grammar/expression.py -> /<<PKGBUILDDIR>>/.pybuild/cpython3_3.8_pyscss/build/scss/grammar
running build_ext
building 'scss.grammar._scanner' extension
creating build
creating build/temp.linux-amd64-3.8
creating build/temp.linux-amd64-3.8/scss
creating build/temp.linux-amd64-3.8/scss/src
x86_64-linux-gnu-gcc -pthread -Wno-unused-result -Wsign-compare -DNDEBUG -g -fwrapv -O2 -Wall -g -fstack-protector-strong -Wformat -Werror=format-security -g -fwrapv -O2 -g -O2 -fdebug-prefix-map=/<<PKGBUILDDIR>>=. -fstack-protector-strong -Wformat -Werror=format-security -Wdate-time -D_FORTIFY_SOURCE=2 -fPIC -I/usr/include/python3.8 -c scss/src/_speedups.c -o build/temp.linux-amd64-3.8/scss/src/_speedups.o
x86_64-linux-gnu-gcc -pthread -Wno-unused-result -Wsign-compare -DNDEBUG -g -fwrapv -O2 -Wall -g -fstack-protector-strong -Wformat -Werror=format-security -g -fwrapv -O2 -g -O2 -fdebug-prefix-map=/<<PKGBUILDDIR>>=. -fstack-protector-strong -Wformat -Werror=format-security -Wdate-time -D_FORTIFY_SOURCE=2 -fPIC -I/usr/include/python3.8 -c scss/src/block_locator.c -o build/temp.linux-amd64-3.8/scss/src/block_locator.o
scss/src/block_locator.c:321:22: warning: 'PyUnicode_GetSize' is deprecated [-Wdeprecated-declarations]
                self->codestr_sz = PyUnicode_GetSize((PyObject*)codestr);
                                   ^
/usr/include/python3.8/unicodeobject.h:177:1: note: 'PyUnicode_GetSize' has been explicitly marked deprecated here
Py_DEPRECATED(3.3) PyAPI_FUNC(Py_ssize_t) PyUnicode_GetSize(
^
/usr/include/python3.8/pyport.h:515:54: note: expanded from macro 'Py_DEPRECATED'
#define Py_DEPRECATED(VERSION_UNUSED) __attribute__((__deprecated__))
                                                     ^
1 warning generated.
x86_64-linux-gnu-gcc -pthread -Wno-unused-result -Wsign-compare -DNDEBUG -g -fwrapv -O2 -Wall -g -fstack-protector-strong -Wformat -Werror=format-security -g -fwrapv -O2 -g -O2 -fdebug-prefix-map=/<<PKGBUILDDIR>>=. -fstack-protector-strong -Wformat -Werror=format-security -Wdate-time -D_FORTIFY_SOURCE=2 -fPIC -I/usr/include/python3.8 -c scss/src/scanner.c -o build/temp.linux-amd64-3.8/scss/src/scanner.o
In file included from scss/src/scanner.c:17:
scss/src/utils.h:12:4: warning: misleading indentation; statement is not part of the previous 'if' [-Wmisleading-indentation]
                        copy[len] = '\0';
                        ^
scss/src/utils.h:10:3: note: previous statement is here
                if (copy != NULL)
                ^
1 warning generated.
x86_64-linux-gnu-gcc -pthread -Wno-unused-result -Wsign-compare -DNDEBUG -g -fwrapv -O2 -Wall -g -fstack-protector-strong -Wformat -Werror=format-security -g -fwrapv -O2 -g -O2 -fdebug-prefix-map=/<<PKGBUILDDIR>>=. -fstack-protector-strong -Wformat -Werror=format-security -Wdate-time -D_FORTIFY_SOURCE=2 -fPIC -I/usr/include/python3.8 -c scss/src/hashtable.c -o build/temp.linux-amd64-3.8/scss/src/hashtable.o
x86_64-linux-gnu-gcc -pthread -shared -Wl,-O1 -Wl,-Bsymbolic-functions -Wl,-z,relro -g -fwrapv -O2 -Wl,-z,relro -g -O2 -fdebug-prefix-map=/<<PKGBUILDDIR>>=. -fstack-protector-strong -Wformat -Werror=format-security -Wdate-time -D_FORTIFY_SOURCE=2 build/temp.linux-amd64-3.8/scss/src/_speedups.o build/temp.linux-amd64-3.8/scss/src/block_locator.o build/temp.linux-amd64-3.8/scss/src/scanner.o build/temp.linux-amd64-3.8/scss/src/hashtable.o -lpcre -o /<<PKGBUILDDIR>>/.pybuild/cpython3_3.8_pyscss/build/scss/grammar/_scanner.cpython-38-x86_64-linux-gnu.so
setup.py:27: DistDeprecationWarning: Features are deprecated and will be removed in a future version. See https://github.com/pypa/setuptools/issues/65.
  speedups = Feature(
/usr/lib/python3.8/distutils/core.py:108: DistDeprecationWarning: Features are deprecated and will be removed in a future version. See https://github.com/pypa/setuptools/issues/65.
  _setup_distribution = dist = klass(attrs)
I: pybuild base:217: /usr/bin/python3 setup.py build 
running build
running build_py
creating /<<PKGBUILDDIR>>/.pybuild/cpython3_3.7_pyscss/build/scss
copying scss/namespace.py -> /<<PKGBUILDDIR>>/.pybuild/cpython3_3.7_pyscss/build/scss
copying scss/setup.py -> /<<PKGBUILDDIR>>/.pybuild/cpython3_3.7_pyscss/build/scss
copying scss/source.py -> /<<PKGBUILDDIR>>/.pybuild/cpython3_3.7_pyscss/build/scss
copying scss/types.py -> /<<PKGBUILDDIR>>/.pybuild/cpython3_3.7_pyscss/build/scss
copying scss/errors.py -> /<<PKGBUILDDIR>>/.pybuild/cpython3_3.7_pyscss/build/scss
copying scss/scss_meta.py -> /<<PKGBUILDDIR>>/.pybuild/cpython3_3.7_pyscss/build/scss
copying scss/tool.py -> /<<PKGBUILDDIR>>/.pybuild/cpython3_3.7_pyscss/build/scss
copying scss/__init__.py -> /<<PKGBUILDDIR>>/.pybuild/cpython3_3.7_pyscss/build/scss
copying scss/__main__.py -> /<<PKGBUILDDIR>>/.pybuild/cpython3_3.7_pyscss/build/scss
copying scss/selector.py -> /<<PKGBUILDDIR>>/.pybuild/cpython3_3.7_pyscss/build/scss
copying scss/ast.py -> /<<PKGBUILDDIR>>/.pybuild/cpython3_3.7_pyscss/build/scss
copying scss/compiler.py -> /<<PKGBUILDDIR>>/.pybuild/cpython3_3.7_pyscss/build/scss
copying scss/rule.py -> /<<PKGBUILDDIR>>/.pybuild/cpython3_3.7_pyscss/build/scss
copying scss/util.py -> /<<PKGBUILDDIR>>/.pybuild/cpython3_3.7_pyscss/build/scss
copying scss/legacy.py -> /<<PKGBUILDDIR>>/.pybuild/cpython3_3.7_pyscss/build/scss
copying scss/config.py -> /<<PKGBUILDDIR>>/.pybuild/cpython3_3.7_pyscss/build/scss
copying scss/less2scss.py -> /<<PKGBUILDDIR>>/.pybuild/cpython3_3.7_pyscss/build/scss
copying scss/cssdefs.py -> /<<PKGBUILDDIR>>/.pybuild/cpython3_3.7_pyscss/build/scss
copying scss/calculator.py -> /<<PKGBUILDDIR>>/.pybuild/cpython3_3.7_pyscss/build/scss
creating /<<PKGBUILDDIR>>/.pybuild/cpython3_3.7_pyscss/build/scss/extension
copying scss/extension/api.py -> /<<PKGBUILDDIR>>/.pybuild/cpython3_3.7_pyscss/build/scss/extension
copying scss/extension/core.py -> /<<PKGBUILDDIR>>/.pybuild/cpython3_3.7_pyscss/build/scss/extension
copying scss/extension/__init__.py -> /<<PKGBUILDDIR>>/.pybuild/cpython3_3.7_pyscss/build/scss/extension
copying scss/extension/fonts.py -> /<<PKGBUILDDIR>>/.pybuild/cpython3_3.7_pyscss/build/scss/extension
copying scss/extension/bootstrap.py -> /<<PKGBUILDDIR>>/.pybuild/cpython3_3.7_pyscss/build/scss/extension
copying scss/extension/extra.py -> /<<PKGBUILDDIR>>/.pybuild/cpython3_3.7_pyscss/build/scss/extension
creating /<<PKGBUILDDIR>>/.pybuild/cpython3_3.7_pyscss/build/scss/extension/compass
copying scss/extension/compass/__init__.py -> /<<PKGBUILDDIR>>/.pybuild/cpython3_3.7_pyscss/build/scss/extension/compass
copying scss/extension/compass/layouts.py -> /<<PKGBUILDDIR>>/.pybuild/cpython3_3.7_pyscss/build/scss/extension/compass
copying scss/extension/compass/helpers.py -> /<<PKGBUILDDIR>>/.pybuild/cpython3_3.7_pyscss/build/scss/extension/compass
copying scss/extension/compass/images.py -> /<<PKGBUILDDIR>>/.pybuild/cpython3_3.7_pyscss/build/scss/extension/compass
copying scss/extension/compass/gradients.py -> /<<PKGBUILDDIR>>/.pybuild/cpython3_3.7_pyscss/build/scss/extension/compass
copying scss/extension/compass/sprites.py -> /<<PKGBUILDDIR>>/.pybuild/cpython3_3.7_pyscss/build/scss/extension/compass
creating /<<PKGBUILDDIR>>/.pybuild/cpython3_3.7_pyscss/build/scss/grammar
copying scss/grammar/__init__.py -> /<<PKGBUILDDIR>>/.pybuild/cpython3_3.7_pyscss/build/scss/grammar
copying scss/grammar/scanner.py -> /<<PKGBUILDDIR>>/.pybuild/cpython3_3.7_pyscss/build/scss/grammar
copying scss/grammar/expression.py -> /<<PKGBUILDDIR>>/.pybuild/cpython3_3.7_pyscss/build/scss/grammar
running build_ext
building 'scss.grammar._scanner' extension
creating build/temp.linux-amd64-3.7
creating build/temp.linux-amd64-3.7/scss
creating build/temp.linux-amd64-3.7/scss/src
x86_64-linux-gnu-gcc -pthread -Wno-unused-result -Wsign-compare -DNDEBUG -g -fwrapv -O2 -Wall -g -fstack-protector-strong -Wformat -Werror=format-security -g -fwrapv -O2 -g -O2 -fdebug-prefix-map=/<<PKGBUILDDIR>>=. -fstack-protector-strong -Wformat -Werror=format-security -Wdate-time -D_FORTIFY_SOURCE=2 -fPIC -I/usr/include/python3.7m -c scss/src/_speedups.c -o build/temp.linux-amd64-3.7/scss/src/_speedups.o
x86_64-linux-gnu-gcc -pthread -Wno-unused-result -Wsign-compare -DNDEBUG -g -fwrapv -O2 -Wall -g -fstack-protector-strong -Wformat -Werror=format-security -g -fwrapv -O2 -g -O2 -fdebug-prefix-map=/<<PKGBUILDDIR>>=. -fstack-protector-strong -Wformat -Werror=format-security -Wdate-time -D_FORTIFY_SOURCE=2 -fPIC -I/usr/include/python3.7m -c scss/src/block_locator.c -o build/temp.linux-amd64-3.7/scss/src/block_locator.o
scss/src/block_locator.c:321:22: warning: 'PyUnicode_GetSize' is deprecated [-Wdeprecated-declarations]
                self->codestr_sz = PyUnicode_GetSize((PyObject*)codestr);
                                   ^
/usr/include/python3.7m/unicodeobject.h:795:7: note: 'PyUnicode_GetSize' has been explicitly marked deprecated here
    ) Py_DEPRECATED(3.3);
      ^
/usr/include/python3.7m/pyport.h:493:54: note: expanded from macro 'Py_DEPRECATED'
#define Py_DEPRECATED(VERSION_UNUSED) __attribute__((__deprecated__))
                                                     ^
1 warning generated.
x86_64-linux-gnu-gcc -pthread -Wno-unused-result -Wsign-compare -DNDEBUG -g -fwrapv -O2 -Wall -g -fstack-protector-strong -Wformat -Werror=format-security -g -fwrapv -O2 -g -O2 -fdebug-prefix-map=/<<PKGBUILDDIR>>=. -fstack-protector-strong -Wformat -Werror=format-security -Wdate-time -D_FORTIFY_SOURCE=2 -fPIC -I/usr/include/python3.7m -c scss/src/scanner.c -o build/temp.linux-amd64-3.7/scss/src/scanner.o
In file included from scss/src/scanner.c:17:
scss/src/utils.h:12:4: warning: misleading indentation; statement is not part of the previous 'if' [-Wmisleading-indentation]
                        copy[len] = '\0';
                        ^
scss/src/utils.h:10:3: note: previous statement is here
                if (copy != NULL)
                ^
1 warning generated.
x86_64-linux-gnu-gcc -pthread -Wno-unused-result -Wsign-compare -DNDEBUG -g -fwrapv -O2 -Wall -g -fstack-protector-strong -Wformat -Werror=format-security -g -fwrapv -O2 -g -O2 -fdebug-prefix-map=/<<PKGBUILDDIR>>=. -fstack-protector-strong -Wformat -Werror=format-security -Wdate-time -D_FORTIFY_SOURCE=2 -fPIC -I/usr/include/python3.7m -c scss/src/hashtable.c -o build/temp.linux-amd64-3.7/scss/src/hashtable.o
x86_64-linux-gnu-gcc -pthread -shared -Wl,-O1 -Wl,-Bsymbolic-functions -Wl,-z,relro -Wl,-z,relro -g -O2 -fdebug-prefix-map=/<<PKGBUILDDIR>>=. -fstack-protector-strong -Wformat -Werror=format-security -Wdate-time -D_FORTIFY_SOURCE=2 build/temp.linux-amd64-3.7/scss/src/_speedups.o build/temp.linux-amd64-3.7/scss/src/block_locator.o build/temp.linux-amd64-3.7/scss/src/scanner.o build/temp.linux-amd64-3.7/scss/src/hashtable.o -lpcre -o /<<PKGBUILDDIR>>/.pybuild/cpython3_3.7_pyscss/build/scss/grammar/_scanner.cpython-37m-x86_64-linux-gnu.so
setup.py:36: DistDeprecationWarning: Features are deprecated and will be removed in a future version. See https://github.com/pypa/setuptools/issues/65.
  libraries=['pcre']
/usr/lib/python3.7/distutils/core.py:108: DistDeprecationWarning: Features are deprecated and will be removed in a future version. See https://github.com/pypa/setuptools/issues/65.
  _setup_distribution = dist = klass(attrs)
   debian/rules override_dh_auto_test
make[1]: Entering directory '/<<PKGBUILDDIR>>'
make[1]: pyversions: Command not found
py3versions: no X-Python3-Version in control file, using supported versions
dh /usr/share/openstack-pkg-tools/pkgos.make --buildsystem=pybuild --with python3
dh: error: Unknown sequence /usr/share/openstack-pkg-tools/pkgos.make (choose from: binary binary-arch binary-indep build build-arch build-indep clean install install-arch install-indep)
set -e ; for pyvers in  3.8 3.7; do \
	echo "=========== running tests with python$pyvers ==========="; \
	python$pyvers -m pytest ; \
done
=========== running tests with python3.8 ===========
============================= test session starts ==============================
platform linux -- Python 3.8.2rc2, pytest-4.6.9, py-1.8.1, pluggy-0.13.0
rootdir: /<<PKGBUILDDIR>>
collected 249 items / 1 skipped / 248 selected

scss/tests/test_cli.py .                                                 [  0%]
scss/tests/test_expression.py .....                                      [  2%]
scss/tests/test_interactive.py ..                                        [  3%]
scss/tests/test_misc.py ......                                           [  5%]
scss/tests/test_types.py .......                                         [  8%]
scss/tests/extension/test_core.py ...................................... [ 23%]
........................                                                 [ 33%]
scss/tests/extension/test_extra.py ....                                  [ 34%]
scss/tests/extension/compass/test_gradients.py .x                        [ 35%]
scss/tests/extension/compass/test_helpers.py ................            [ 42%]
scss/tests/extension/compass/test_images.py ...                          [ 43%]
scss/tests/files/bugs/append.scss .                                      [ 43%]
scss/tests/files/bugs/argspec-named-arguments.scss .                     [ 44%]
scss/tests/files/bugs/argspec-slurpy-arguments.scss .                    [ 44%]
scss/tests/files/bugs/at-rules-1.scss .                                  [ 44%]
scss/tests/files/bugs/at-rules-2.scss .                                  [ 45%]
scss/tests/files/bugs/at-rules-compressed-semicolon.scss .               [ 45%]
scss/tests/files/bugs/at-rules-duplicate-media-queries.scss .            [ 46%]
scss/tests/files/bugs/at-rules-interpolation.scss .                      [ 46%]
scss/tests/files/bugs/base64url.scss .                                   [ 46%]
scss/tests/files/bugs/colors-preserve-names.scss .                       [ 47%]
scss/tests/files/bugs/division-in-assignment.scss .                      [ 47%]
scss/tests/files/bugs/division-vs-literal-slash.scss .                   [ 48%]
scss/tests/files/bugs/extend-child-selector.scss .                       [ 48%]
scss/tests/files/bugs/extend-common-prefix-complex.scss .                [ 48%]
scss/tests/files/bugs/extend-common-prefix.scss .                        [ 49%]
scss/tests/files/bugs/extend-selector-order.scss .                       [ 49%]
scss/tests/files/bugs/for-to-vs-through.scss .                           [ 50%]
scss/tests/files/bugs/if-with-parentheses.scss .                         [ 50%]
scss/tests/files/bugs/interpolation-timing.scss .                        [ 51%]
scss/tests/files/bugs/names-equivalence.scss .                           [ 51%]
scss/tests/files/bugs/selectors-adjacent-is-not-include.scss .           [ 51%]
scss/tests/files/bugs/trailing-combinators.scss .                        [ 52%]
scss/tests/files/bugs/unit-float-precision.scss .                        [ 52%]
scss/tests/files/bugs/variables-font-face-default.scss .                 [ 53%]
scss/tests/files/compass/current-color.scss .                            [ 53%]
scss/tests/files/compass/gradients.scss .                                [ 53%]
scss/tests/files/general/000-smoketest.scss .                            [ 54%]
scss/tests/files/general/css-calc.scss .                                 [ 54%]
scss/tests/files/general/each-destructuring-2.scss .                     [ 55%]
scss/tests/files/general/each-destructuring-3.scss .                     [ 55%]
scss/tests/files/general/each-destructuring.scss .                       [ 55%]
scss/tests/files/general/empty-list-included.scss .                      [ 56%]
scss/tests/files/general/global-variable-exists.scss .                   [ 56%]
scss/tests/files/general/if-lazy.scss .                                  [ 57%]
scss/tests/files/general/interpolation-acid.scss .                       [ 57%]
scss/tests/files/general/interpolation-mixin-name.scss .                 [ 57%]
scss/tests/files/general/maps-complex-keys.scss .                        [ 58%]
scss/tests/files/general/maps-example-lists.scss .                       [ 58%]
scss/tests/files/general/maps-example.scss .                             [ 59%]
scss/tests/files/general/names-loop-variable.scss .                      [ 59%]
scss/tests/files/general/null-values.scss .                              [ 59%]
scss/tests/files/general/scoping-mixin-2.scss .                          [ 60%]
scss/tests/files/general/scoping-mixin.scss .                            [ 60%]
scss/tests/files/general/scoping-nested-2.scss .                         [ 61%]
scss/tests/files/general/scoping-nested.scss .                           [ 61%]
scss/tests/files/general/slurpy-keyword-args.scss .                      [ 61%]
scss/tests/files/kronuz/args.scss .                                      [ 62%]
scss/tests/files/kronuz/functions-context.scss .                         [ 62%]
scss/tests/files/kronuz/image-colors.scss .                              [ 63%]
scss/tests/files/kronuz/imports-unused.scss .                            [ 63%]
scss/tests/files/kronuz/linear-gradient.scss .                           [ 63%]
scss/tests/files/kronuz/lists-circular-nth.scss .                        [ 64%]
scss/tests/files/kronuz/lists-operations.scss .                          [ 64%]
scss/tests/files/kronuz/mixin-varargs.scss .                             [ 65%]
scss/tests/files/kronuz/mixins-context.scss .                            [ 65%]
scss/tests/files/kronuz/mul-em.scss .                                    [ 65%]
scss/tests/files/kronuz/mul-list.scss .                                  [ 66%]
scss/tests/files/kronuz/order-test-each.scss .                           [ 66%]
scss/tests/files/kronuz/order-test-for.scss .                            [ 67%]
scss/tests/files/kronuz/order-test.scss .                                [ 67%]
scss/tests/files/kronuz/reversed-for.scss .                              [ 67%]
scss/tests/files/kronuz/reversed-range.scss .                            [ 68%]
scss/tests/files/kronuz/rgba-colors.scss .                               [ 68%]
scss/tests/files/kronuz/scope-loop-variables.scss .                      [ 69%]
scss/tests/files/kronuz/scoping-control.scss .                           [ 69%]
scss/tests/files/kronuz/selectors-append-nest.scss .                     [ 69%]
scss/tests/files/kronuz/selectors-nest.scss .                            [ 70%]
scss/tests/files/kronuz/selectors-special.scss .                         [ 70%]
scss/tests/files/kronuz/sprite-map.scss .                                [ 71%]
scss/tests/files/kronuz/style-nested.scss .                              [ 71%]
scss/tests/files/kronuz/while-test.scss .                                [ 71%]
scss/tests/files/original-doctests/000-general.scss .                    [ 72%]
scss/tests/files/original-doctests/001-variables.scss .                  [ 72%]
scss/tests/files/original-doctests/002-nesting-children.scss .           [ 73%]
scss/tests/files/original-doctests/003-nesting-children-2.scss .         [ 73%]
scss/tests/files/original-doctests/004-nesting-children-3.scss .         [ 73%]
scss/tests/files/original-doctests/005-extends.scss .                    [ 74%]
scss/tests/files/original-doctests/006-extends-2.scss .                  [ 74%]
scss/tests/files/original-doctests/007-extends-3.scss .                  [ 75%]
scss/tests/files/original-doctests/008-extends-4.scss .                  [ 75%]
scss/tests/files/original-doctests/009-extends-5.scss .                  [ 75%]
scss/tests/files/original-doctests/010-math.scss .                       [ 76%]
scss/tests/files/original-doctests/011-math-2.scss .                     [ 76%]
scss/tests/files/original-doctests/012-math-3.scss .                     [ 77%]
scss/tests/files/original-doctests/013-nesting.scss .                    [ 77%]
scss/tests/files/original-doctests/014-nesting-2.scss .                  [ 77%]
scss/tests/files/original-doctests/015-nesting-3.scss .                  [ 78%]
scss/tests/files/original-doctests/016-variables.scss .                  [ 78%]
scss/tests/files/original-doctests/017-interpolation.scss .              [ 79%]
scss/tests/files/original-doctests/018-mixins.scss .                     [ 79%]
scss/tests/files/original-doctests/019-mixins-2.scss .                   [ 79%]
scss/tests/files/original-doctests/020-mixins-3.scss .                   [ 80%]
scss/tests/files/original-doctests/021-extend.scss .                     [ 80%]
scss/tests/files/original-doctests/022-extend-multiple.scss .            [ 81%]
scss/tests/files/original-doctests/023-extend-multiple-2.scss .          [ 81%]
scss/tests/files/original-doctests/024-extend-placeholder.scss .         [ 81%]
scss/tests/files/original-doctests/025-forum.scss .                      [ 82%]
scss/tests/files/original-doctests/026-forum-2.scss .                    [ 82%]
scss/tests/files/original-doctests/027-forum-3.scss .                    [ 83%]
scss/tests/files/original-doctests/028-errors.scss .                     [ 83%]
scss/tests/files/original-doctests/029-errors-2.scss .                   [ 83%]
scss/tests/files/original-doctests/030-errors-3.scss .                   [ 84%]
scss/tests/files/original-doctests/031-test.scss .                       [ 84%]
scss/tests/files/original-doctests/032-test-2.scss .                     [ 85%]
scss/tests/files/original-doctests/033-test-3.scss .                     [ 85%]
scss/tests/files/original-doctests/034-test-4.scss .                     [ 85%]
scss/tests/files/original-doctests/035-test-5.scss .                     [ 86%]
scss/tests/files/original-doctests/036-test-6.scss .                     [ 86%]
scss/tests/files/original-doctests/037-test-7.scss .                     [ 87%]
scss/tests/files/original-doctests/038-test-8.scss .                     [ 87%]
scss/tests/files/original-doctests/039-hover-extend.scss .               [ 87%]
scss/tests/files/original-doctests/039-math-4.scss .                     [ 88%]
scss/tests/files/original-doctests/040-complex-sequence-extend.scss .    [ 88%]
scss/tests/files/original-doctests/041-another-extend.scss .             [ 89%]
scss/tests/files/regressions/args-vars.scss .                            [ 89%]
scss/tests/files/regressions/argspec-default-arguments.scss .            [ 89%]
scss/tests/files/regressions/argspec-no-arguments.scss .                 [ 90%]
scss/tests/files/regressions/argspec-trailing-comma.scss .               [ 90%]
scss/tests/files/regressions/interpolation-2.scss .                      [ 91%]
scss/tests/files/regressions/interpolation.scss .                        [ 91%]
scss/tests/files/regressions/issue-10.scss .                             [ 91%]
scss/tests/files/regressions/issue-110.scss .                            [ 92%]
scss/tests/files/regressions/issue-2.scss .                              [ 92%]
scss/tests/files/regressions/issue-21.scss .                             [ 93%]
scss/tests/files/regressions/issue-258.scss .                            [ 93%]
scss/tests/files/regressions/issue-32.scss .                             [ 93%]
scss/tests/files/regressions/issue-334-a.scss .                          [ 94%]
scss/tests/files/regressions/issue-334-b.scss .                          [ 94%]
scss/tests/files/regressions/issue-334-c.scss .                          [ 95%]
scss/tests/files/regressions/issue-334-d.scss .                          [ 95%]
scss/tests/files/regressions/issue-334-e.scss .                          [ 95%]
scss/tests/files/regressions/issue-334-f.scss .                          [ 96%]
scss/tests/files/regressions/issue-334-g.scss .                          [ 96%]
scss/tests/files/regressions/issue-334-h.scss .                          [ 97%]
scss/tests/files/regressions/issue-4.scss .                              [ 97%]
scss/tests/files/regressions/issue-40.scss .                             [ 97%]
scss/tests/files/regressions/issue-5.scss .                              [ 98%]
scss/tests/files/regressions/issue-52.scss .                             [ 98%]
scss/tests/files/regressions/issue-6.scss .                              [ 99%]
scss/tests/files/regressions/issue-7.scss .                              [ 99%]
scss/tests/files/regressions/nth-inside-each.scss .                      [100%]

=============================== warnings summary ===============================
scss/tests/test_misc.py:55
  /<<PKGBUILDDIR>>/scss/tests/test_misc.py:55: DeprecationWarning: invalid escape sequence \:
    expected = """\

scss/tests/test_expression.py::test_reference_operations
  /<<PKGBUILDDIR>>/scss/grammar/expression.py:104: DeprecationWarning: Flags not at the start of the expression '((?i)opacity)'
    self.patterns.append((t, re.compile(p)))

scss/tests/test_misc.py::test_extend_across_files
  /<<PKGBUILDDIR>>/scss/compiler.py:524: SassDeprecationWarning: The 'short_colors' @option no longer has any effect. (at first.css:1)
    warn_deprecated(

scss/tests/test_misc.py::test_extend_across_files
  /<<PKGBUILDDIR>>/scss/compiler.py:1176: SassDeprecationWarning: The XCSS 'a extends b' syntax is deprecated.  Use 'a { @extend b; }' instead. (at first.css:1)
    warn_deprecated(

scss/tests/test_misc.py::test_extend_across_files
  /<<PKGBUILDDIR>>/scss/compiler.py:524: SassDeprecationWarning: The 'short_colors' @option no longer has any effect. (at second.css:1)
    warn_deprecated(

scss/tests/files/general/scoping-mixin.scss::/<<PKGBUILDDIR>>/scss/tests/files/general/scoping-mixin.scss
  /<<PKGBUILDDIR>>/scss/compiler.py:524: SassDeprecationWarning: The 'reverse_colors' @option no longer has any effect. (at /<<PKGBUILDDIR>>/scss/tests/files/general/scoping-mixin.scss:1)
    warn_deprecated(

scss/tests/files/kronuz/imports-unused.scss::/<<PKGBUILDDIR>>/scss/tests/files/kronuz/imports-unused.scss
scss/tests/files/kronuz/imports-unused.scss::/<<PKGBUILDDIR>>/scss/tests/files/kronuz/imports-unused.scss
scss/tests/files/kronuz/imports-unused.scss::/<<PKGBUILDDIR>>/scss/tests/files/kronuz/imports-unused.scss
scss/tests/files/kronuz/imports-unused.scss::/<<PKGBUILDDIR>>/scss/tests/files/kronuz/imports-unused.scss
scss/tests/files/kronuz/imports-unused.scss::/<<PKGBUILDDIR>>/scss/tests/files/kronuz/imports-unused.scss
scss/tests/files/kronuz/imports-unused.scss::/<<PKGBUILDDIR>>/scss/tests/files/kronuz/imports-unused.scss
  /<<PKGBUILDDIR>>/scss/compiler.py:337: DeprecationWarning: The 'warn' method is deprecated, use 'warning' instead
    log.warn("Unused @import: '%s' (%s)", name, file_and_line)

scss/tests/files/original-doctests/001-variables.scss::/<<PKGBUILDDIR>>/scss/tests/files/original-doctests/001-variables.scss
  /<<PKGBUILDDIR>>/scss/compiler.py:524: SassDeprecationWarning: The 'short_colors' @option no longer has any effect. (at /<<PKGBUILDDIR>>/scss/tests/files/original-doctests/001-variables.scss:1)
    warn_deprecated(

scss/tests/files/original-doctests/001-variables.scss::/<<PKGBUILDDIR>>/scss/tests/files/original-doctests/001-variables.scss
  /<<PKGBUILDDIR>>/scss/compiler.py:1015: SassDeprecationWarning: @variables and @vars are deprecated.  Just assign variables at top-level. (at /<<PKGBUILDDIR>>/scss/tests/files/original-doctests/001-variables.scss:1)
    warn_deprecated(

scss/tests/files/original-doctests/001-variables.scss::/<<PKGBUILDDIR>>/scss/tests/files/original-doctests/001-variables.scss
  /<<PKGBUILDDIR>>/scss/compiler.py:1040: SassDeprecationWarning: Assignment with = is deprecated; use : instead. (at /<<PKGBUILDDIR>>/scss/tests/files/original-doctests/001-variables.scss:1)
    warn_deprecated(rule, "Assignment with = is deprecated; use : instead.")

scss/tests/files/original-doctests/002-nesting-children.scss::/<<PKGBUILDDIR>>/scss/tests/files/original-doctests/002-nesting-children.scss
  /<<PKGBUILDDIR>>/scss/compiler.py:524: SassDeprecationWarning: The 'short_colors' @option no longer has any effect. (at /<<PKGBUILDDIR>>/scss/tests/files/original-doctests/002-nesting-children.scss:1)
    warn_deprecated(

scss/tests/files/original-doctests/003-nesting-children-2.scss::/<<PKGBUILDDIR>>/scss/tests/files/original-doctests/003-nesting-children-2.scss
  /<<PKGBUILDDIR>>/scss/compiler.py:524: SassDeprecationWarning: The 'short_colors' @option no longer has any effect. (at /<<PKGBUILDDIR>>/scss/tests/files/original-doctests/003-nesting-children-2.scss:1)
    warn_deprecated(

scss/tests/files/original-doctests/003-nesting-children-2.scss::/<<PKGBUILDDIR>>/scss/tests/files/original-doctests/003-nesting-children-2.scss
scss/tests/files/original-doctests/004-nesting-children-3.scss::/<<PKGBUILDDIR>>/scss/tests/files/original-doctests/004-nesting-children-3.scss
scss/tests/files/original-doctests/007-extends-3.scss::/<<PKGBUILDDIR>>/scss/tests/files/original-doctests/007-extends-3.scss
scss/tests/files/original-doctests/028-errors.scss::/<<PKGBUILDDIR>>/scss/tests/files/original-doctests/028-errors.scss
scss/tests/files/original-doctests/029-errors-2.scss::/<<PKGBUILDDIR>>/scss/tests/files/original-doctests/029-errors-2.scss
scss/tests/files/original-doctests/030-errors-3.scss::/<<PKGBUILDDIR>>/scss/tests/files/original-doctests/030-errors-3.scss
  /<<PKGBUILDDIR>>/scss/selector.py:180: FutureWarning: The xCSS 'self' selector is deprecated and will be removed in 2.0.  Use & instead.  (<SimpleSelector: 'self'>)
    warn(FutureWarning(

scss/tests/files/original-doctests/004-nesting-children-3.scss::/<<PKGBUILDDIR>>/scss/tests/files/original-doctests/004-nesting-children-3.scss
  /<<PKGBUILDDIR>>/scss/compiler.py:524: SassDeprecationWarning: The 'short_colors' @option no longer has any effect. (at /<<PKGBUILDDIR>>/scss/tests/files/original-doctests/004-nesting-children-3.scss:1)
    warn_deprecated(

scss/tests/files/original-doctests/005-extends.scss::/<<PKGBUILDDIR>>/scss/tests/files/original-doctests/005-extends.scss
  /<<PKGBUILDDIR>>/scss/compiler.py:524: SassDeprecationWarning: The 'short_colors' @option no longer has any effect. (at /<<PKGBUILDDIR>>/scss/tests/files/original-doctests/005-extends.scss:1)
    warn_deprecated(

scss/tests/files/original-doctests/005-extends.scss::/<<PKGBUILDDIR>>/scss/tests/files/original-doctests/005-extends.scss
  /<<PKGBUILDDIR>>/scss/compiler.py:1176: SassDeprecationWarning: The XCSS 'a extends b' syntax is deprecated.  Use 'a { @extend b; }' instead. (at /<<PKGBUILDDIR>>/scss/tests/files/original-doctests/005-extends.scss:1)
    warn_deprecated(

scss/tests/files/original-doctests/006-extends-2.scss::/<<PKGBUILDDIR>>/scss/tests/files/original-doctests/006-extends-2.scss
  /<<PKGBUILDDIR>>/scss/compiler.py:524: SassDeprecationWarning: The 'short_colors' @option no longer has any effect. (at /<<PKGBUILDDIR>>/scss/tests/files/original-doctests/006-extends-2.scss:1)
    warn_deprecated(

scss/tests/files/original-doctests/006-extends-2.scss::/<<PKGBUILDDIR>>/scss/tests/files/original-doctests/006-extends-2.scss
  /<<PKGBUILDDIR>>/scss/compiler.py:1176: SassDeprecationWarning: The XCSS 'a extends b' syntax is deprecated.  Use 'a { @extend b; }' instead. (at /<<PKGBUILDDIR>>/scss/tests/files/original-doctests/006-extends-2.scss:1)
    warn_deprecated(

scss/tests/files/original-doctests/007-extends-3.scss::/<<PKGBUILDDIR>>/scss/tests/files/original-doctests/007-extends-3.scss
  /<<PKGBUILDDIR>>/scss/compiler.py:524: SassDeprecationWarning: The 'short_colors' @option no longer has any effect. (at /<<PKGBUILDDIR>>/scss/tests/files/original-doctests/007-extends-3.scss:1)
    warn_deprecated(

scss/tests/files/original-doctests/007-extends-3.scss::/<<PKGBUILDDIR>>/scss/tests/files/original-doctests/007-extends-3.scss
  /<<PKGBUILDDIR>>/scss/compiler.py:1176: SassDeprecationWarning: The XCSS 'a extends b' syntax is deprecated.  Use 'a { @extend b; }' instead. (at /<<PKGBUILDDIR>>/scss/tests/files/original-doctests/007-extends-3.scss:1)
    warn_deprecated(

scss/tests/files/original-doctests/008-extends-4.scss::/<<PKGBUILDDIR>>/scss/tests/files/original-doctests/008-extends-4.scss
  /<<PKGBUILDDIR>>/scss/compiler.py:524: SassDeprecationWarning: The 'short_colors' @option no longer has any effect. (at /<<PKGBUILDDIR>>/scss/tests/files/original-doctests/008-extends-4.scss:1)
    warn_deprecated(

scss/tests/files/original-doctests/008-extends-4.scss::/<<PKGBUILDDIR>>/scss/tests/files/original-doctests/008-extends-4.scss
  /<<PKGBUILDDIR>>/scss/compiler.py:1176: SassDeprecationWarning: The XCSS 'a extends b' syntax is deprecated.  Use 'a { @extend b; }' instead. (at /<<PKGBUILDDIR>>/scss/tests/files/original-doctests/008-extends-4.scss:1)
    warn_deprecated(

scss/tests/files/original-doctests/009-extends-5.scss::/<<PKGBUILDDIR>>/scss/tests/files/original-doctests/009-extends-5.scss
  /<<PKGBUILDDIR>>/scss/compiler.py:524: SassDeprecationWarning: The 'short_colors' @option no longer has any effect. (at /<<PKGBUILDDIR>>/scss/tests/files/original-doctests/009-extends-5.scss:1)
    warn_deprecated(

scss/tests/files/original-doctests/009-extends-5.scss::/<<PKGBUILDDIR>>/scss/tests/files/original-doctests/009-extends-5.scss
  /<<PKGBUILDDIR>>/scss/compiler.py:1176: SassDeprecationWarning: The XCSS 'a extends b' syntax is deprecated.  Use 'a { @extend b; }' instead. (at /<<PKGBUILDDIR>>/scss/tests/files/original-doctests/009-extends-5.scss:14)
    warn_deprecated(

scss/tests/files/original-doctests/010-math.scss::/<<PKGBUILDDIR>>/scss/tests/files/original-doctests/010-math.scss
  /<<PKGBUILDDIR>>/scss/compiler.py:524: SassDeprecationWarning: The 'short_colors' @option no longer has any effect. (at /<<PKGBUILDDIR>>/scss/tests/files/original-doctests/010-math.scss:1)
    warn_deprecated(

scss/tests/files/original-doctests/010-math.scss::/<<PKGBUILDDIR>>/scss/tests/files/original-doctests/010-math.scss
  /<<PKGBUILDDIR>>/scss/compiler.py:1015: SassDeprecationWarning: @variables and @vars are deprecated.  Just assign variables at top-level. (at /<<PKGBUILDDIR>>/scss/tests/files/original-doctests/010-math.scss:1)
    warn_deprecated(

scss/tests/files/original-doctests/010-math.scss::/<<PKGBUILDDIR>>/scss/tests/files/original-doctests/010-math.scss
  /<<PKGBUILDDIR>>/scss/compiler.py:1040: SassDeprecationWarning: Assignment with = is deprecated; use : instead. (at /<<PKGBUILDDIR>>/scss/tests/files/original-doctests/010-math.scss:1)
    warn_deprecated(rule, "Assignment with = is deprecated; use : instead.")

scss/tests/files/original-doctests/011-math-2.scss::/<<PKGBUILDDIR>>/scss/tests/files/original-doctests/011-math-2.scss
  /<<PKGBUILDDIR>>/scss/compiler.py:524: SassDeprecationWarning: The 'short_colors' @option no longer has any effect. (at /<<PKGBUILDDIR>>/scss/tests/files/original-doctests/011-math-2.scss:1)
    warn_deprecated(

scss/tests/files/original-doctests/012-math-3.scss::/<<PKGBUILDDIR>>/scss/tests/files/original-doctests/012-math-3.scss
  /<<PKGBUILDDIR>>/scss/compiler.py:524: SassDeprecationWarning: The 'short_colors' @option no longer has any effect. (at /<<PKGBUILDDIR>>/scss/tests/files/original-doctests/012-math-3.scss:1)
    warn_deprecated(

scss/tests/files/original-doctests/013-nesting.scss::/<<PKGBUILDDIR>>/scss/tests/files/original-doctests/013-nesting.scss
  /<<PKGBUILDDIR>>/scss/compiler.py:524: SassDeprecationWarning: The 'short_colors' @option no longer has any effect. (at /<<PKGBUILDDIR>>/scss/tests/files/original-doctests/013-nesting.scss:1)
    warn_deprecated(

scss/tests/files/original-doctests/014-nesting-2.scss::/<<PKGBUILDDIR>>/scss/tests/files/original-doctests/014-nesting-2.scss
  /<<PKGBUILDDIR>>/scss/compiler.py:524: SassDeprecationWarning: The 'short_colors' @option no longer has any effect. (at /<<PKGBUILDDIR>>/scss/tests/files/original-doctests/014-nesting-2.scss:1)
    warn_deprecated(

scss/tests/files/original-doctests/015-nesting-3.scss::/<<PKGBUILDDIR>>/scss/tests/files/original-doctests/015-nesting-3.scss
  /<<PKGBUILDDIR>>/scss/compiler.py:524: SassDeprecationWarning: The 'short_colors' @option no longer has any effect. (at /<<PKGBUILDDIR>>/scss/tests/files/original-doctests/015-nesting-3.scss:1)
    warn_deprecated(

scss/tests/files/original-doctests/016-variables.scss::/<<PKGBUILDDIR>>/scss/tests/files/original-doctests/016-variables.scss
  /<<PKGBUILDDIR>>/scss/compiler.py:524: SassDeprecationWarning: The 'short_colors' @option no longer has any effect. (at /<<PKGBUILDDIR>>/scss/tests/files/original-doctests/016-variables.scss:1)
    warn_deprecated(

scss/tests/files/original-doctests/017-interpolation.scss::/<<PKGBUILDDIR>>/scss/tests/files/original-doctests/017-interpolation.scss
  /<<PKGBUILDDIR>>/scss/compiler.py:524: SassDeprecationWarning: The 'short_colors' @option no longer has any effect. (at /<<PKGBUILDDIR>>/scss/tests/files/original-doctests/017-interpolation.scss:1)
    warn_deprecated(

scss/tests/files/original-doctests/018-mixins.scss::/<<PKGBUILDDIR>>/scss/tests/files/original-doctests/018-mixins.scss
  /<<PKGBUILDDIR>>/scss/compiler.py:524: SassDeprecationWarning: The 'short_colors' @option no longer has any effect. (at /<<PKGBUILDDIR>>/scss/tests/files/original-doctests/018-mixins.scss:1)
    warn_deprecated(

scss/tests/files/original-doctests/019-mixins-2.scss::/<<PKGBUILDDIR>>/scss/tests/files/original-doctests/019-mixins-2.scss
  /<<PKGBUILDDIR>>/scss/compiler.py:524: SassDeprecationWarning: The 'short_colors' @option no longer has any effect. (at /<<PKGBUILDDIR>>/scss/tests/files/original-doctests/019-mixins-2.scss:1)
    warn_deprecated(

scss/tests/files/original-doctests/020-mixins-3.scss::/<<PKGBUILDDIR>>/scss/tests/files/original-doctests/020-mixins-3.scss
  /<<PKGBUILDDIR>>/scss/compiler.py:524: SassDeprecationWarning: The 'short_colors' @option no longer has any effect. (at /<<PKGBUILDDIR>>/scss/tests/files/original-doctests/020-mixins-3.scss:1)
    warn_deprecated(

scss/tests/files/original-doctests/021-extend.scss::/<<PKGBUILDDIR>>/scss/tests/files/original-doctests/021-extend.scss
  /<<PKGBUILDDIR>>/scss/compiler.py:524: SassDeprecationWarning: The 'short_colors' @option no longer has any effect. (at /<<PKGBUILDDIR>>/scss/tests/files/original-doctests/021-extend.scss:1)
    warn_deprecated(

scss/tests/files/original-doctests/022-extend-multiple.scss::/<<PKGBUILDDIR>>/scss/tests/files/original-doctests/022-extend-multiple.scss
  /<<PKGBUILDDIR>>/scss/compiler.py:524: SassDeprecationWarning: The 'short_colors' @option no longer has any effect. (at /<<PKGBUILDDIR>>/scss/tests/files/original-doctests/022-extend-multiple.scss:1)
    warn_deprecated(

scss/tests/files/original-doctests/023-extend-multiple-2.scss::/<<PKGBUILDDIR>>/scss/tests/files/original-doctests/023-extend-multiple-2.scss
  /<<PKGBUILDDIR>>/scss/compiler.py:524: SassDeprecationWarning: The 'short_colors' @option no longer has any effect. (at /<<PKGBUILDDIR>>/scss/tests/files/original-doctests/023-extend-multiple-2.scss:1)
    warn_deprecated(

scss/tests/files/original-doctests/024-extend-placeholder.scss::/<<PKGBUILDDIR>>/scss/tests/files/original-doctests/024-extend-placeholder.scss
  /<<PKGBUILDDIR>>/scss/compiler.py:524: SassDeprecationWarning: The 'short_colors' @option no longer has any effect. (at /<<PKGBUILDDIR>>/scss/tests/files/original-doctests/024-extend-placeholder.scss:1)
    warn_deprecated(

scss/tests/files/original-doctests/025-forum.scss::/<<PKGBUILDDIR>>/scss/tests/files/original-doctests/025-forum.scss
  /<<PKGBUILDDIR>>/scss/compiler.py:524: SassDeprecationWarning: The 'short_colors' @option no longer has any effect. (at /<<PKGBUILDDIR>>/scss/tests/files/original-doctests/025-forum.scss:1)
    warn_deprecated(

scss/tests/files/original-doctests/026-forum-2.scss::/<<PKGBUILDDIR>>/scss/tests/files/original-doctests/026-forum-2.scss
  /<<PKGBUILDDIR>>/scss/compiler.py:524: SassDeprecationWarning: The 'short_colors' @option no longer has any effect. (at /<<PKGBUILDDIR>>/scss/tests/files/original-doctests/026-forum-2.scss:1)
    warn_deprecated(

scss/tests/files/original-doctests/026-forum-2.scss::/<<PKGBUILDDIR>>/scss/tests/files/original-doctests/026-forum-2.scss
  /<<PKGBUILDDIR>>/scss/compiler.py:1015: SassDeprecationWarning: @variables and @vars are deprecated.  Just assign variables at top-level. (at /<<PKGBUILDDIR>>/scss/tests/files/original-doctests/026-forum-2.scss:1)
    warn_deprecated(

scss/tests/files/original-doctests/026-forum-2.scss::/<<PKGBUILDDIR>>/scss/tests/files/original-doctests/026-forum-2.scss
  /<<PKGBUILDDIR>>/scss/compiler.py:1040: SassDeprecationWarning: Assignment with = is deprecated; use : instead. (at /<<PKGBUILDDIR>>/scss/tests/files/original-doctests/026-forum-2.scss:1)
    warn_deprecated(rule, "Assignment with = is deprecated; use : instead.")

scss/tests/files/original-doctests/027-forum-3.scss::/<<PKGBUILDDIR>>/scss/tests/files/original-doctests/027-forum-3.scss
  /<<PKGBUILDDIR>>/scss/compiler.py:524: SassDeprecationWarning: The 'short_colors' @option no longer has any effect. (at /<<PKGBUILDDIR>>/scss/tests/files/original-doctests/027-forum-3.scss:1)
    warn_deprecated(

scss/tests/files/original-doctests/027-forum-3.scss::/<<PKGBUILDDIR>>/scss/tests/files/original-doctests/027-forum-3.scss
  /<<PKGBUILDDIR>>/scss/compiler.py:1176: SassDeprecationWarning: The XCSS 'a extends b' syntax is deprecated.  Use 'a { @extend b; }' instead. (at /<<PKGBUILDDIR>>/scss/tests/files/original-doctests/027-forum-3.scss:1)
    warn_deprecated(

scss/tests/files/original-doctests/028-errors.scss::/<<PKGBUILDDIR>>/scss/tests/files/original-doctests/028-errors.scss
  /<<PKGBUILDDIR>>/scss/compiler.py:524: SassDeprecationWarning: The 'short_colors' @option no longer has any effect. (at /<<PKGBUILDDIR>>/scss/tests/files/original-doctests/028-errors.scss:1)
    warn_deprecated(

scss/tests/files/original-doctests/028-errors.scss::/<<PKGBUILDDIR>>/scss/tests/files/original-doctests/028-errors.scss
  /<<PKGBUILDDIR>>/scss/compiler.py:1176: SassDeprecationWarning: The XCSS 'a extends b' syntax is deprecated.  Use 'a { @extend b; }' instead. (at /<<PKGBUILDDIR>>/scss/tests/files/original-doctests/028-errors.scss:4)
    warn_deprecated(

scss/tests/files/original-doctests/028-errors.scss::/<<PKGBUILDDIR>>/scss/tests/files/original-doctests/028-errors.scss
  /<<PKGBUILDDIR>>/scss/compiler.py:1176: SassDeprecationWarning: The XCSS 'a extends b' syntax is deprecated.  Use 'a { @extend b; }' instead. (at /<<PKGBUILDDIR>>/scss/tests/files/original-doctests/028-errors.scss:7)
    warn_deprecated(

scss/tests/files/original-doctests/029-errors-2.scss::/<<PKGBUILDDIR>>/scss/tests/files/original-doctests/029-errors-2.scss
  /<<PKGBUILDDIR>>/scss/compiler.py:524: SassDeprecationWarning: The 'short_colors' @option no longer has any effect. (at /<<PKGBUILDDIR>>/scss/tests/files/original-doctests/029-errors-2.scss:1)
    warn_deprecated(

scss/tests/files/original-doctests/029-errors-2.scss::/<<PKGBUILDDIR>>/scss/tests/files/original-doctests/029-errors-2.scss
  /<<PKGBUILDDIR>>/scss/compiler.py:1176: SassDeprecationWarning: The XCSS 'a extends b' syntax is deprecated.  Use 'a { @extend b; }' instead. (at /<<PKGBUILDDIR>>/scss/tests/files/original-doctests/029-errors-2.scss:1)
    warn_deprecated(

scss/tests/files/original-doctests/030-errors-3.scss::/<<PKGBUILDDIR>>/scss/tests/files/original-doctests/030-errors-3.scss
  /<<PKGBUILDDIR>>/scss/compiler.py:524: SassDeprecationWarning: The 'short_colors' @option no longer has any effect. (at /<<PKGBUILDDIR>>/scss/tests/files/original-doctests/030-errors-3.scss:1)
    warn_deprecated(

scss/tests/files/original-doctests/030-errors-3.scss::/<<PKGBUILDDIR>>/scss/tests/files/original-doctests/030-errors-3.scss
  /<<PKGBUILDDIR>>/scss/compiler.py:1176: SassDeprecationWarning: The XCSS 'a extends b' syntax is deprecated.  Use 'a { @extend b; }' instead. (at /<<PKGBUILDDIR>>/scss/tests/files/original-doctests/030-errors-3.scss:1)
    warn_deprecated(

scss/tests/files/original-doctests/031-test.scss::/<<PKGBUILDDIR>>/scss/tests/files/original-doctests/031-test.scss
  /<<PKGBUILDDIR>>/scss/compiler.py:524: SassDeprecationWarning: The 'short_colors' @option no longer has any effect. (at /<<PKGBUILDDIR>>/scss/tests/files/original-doctests/031-test.scss:1)
    warn_deprecated(

scss/tests/files/original-doctests/032-test-2.scss::/<<PKGBUILDDIR>>/scss/tests/files/original-doctests/032-test-2.scss
  /<<PKGBUILDDIR>>/scss/compiler.py:524: SassDeprecationWarning: The 'short_colors' @option no longer has any effect. (at /<<PKGBUILDDIR>>/scss/tests/files/original-doctests/032-test-2.scss:1)
    warn_deprecated(

scss/tests/files/original-doctests/033-test-3.scss::/<<PKGBUILDDIR>>/scss/tests/files/original-doctests/033-test-3.scss
  /<<PKGBUILDDIR>>/scss/compiler.py:524: SassDeprecationWarning: The 'short_colors' @option no longer has any effect. (at /<<PKGBUILDDIR>>/scss/tests/files/original-doctests/033-test-3.scss:1)
    warn_deprecated(

scss/tests/files/original-doctests/034-test-4.scss::/<<PKGBUILDDIR>>/scss/tests/files/original-doctests/034-test-4.scss
  /<<PKGBUILDDIR>>/scss/compiler.py:524: SassDeprecationWarning: The 'short_colors' @option no longer has any effect. (at /<<PKGBUILDDIR>>/scss/tests/files/original-doctests/034-test-4.scss:1)
    warn_deprecated(

scss/tests/files/original-doctests/035-test-5.scss::/<<PKGBUILDDIR>>/scss/tests/files/original-doctests/035-test-5.scss
  /<<PKGBUILDDIR>>/scss/compiler.py:524: SassDeprecationWarning: The 'short_colors' @option no longer has any effect. (at /<<PKGBUILDDIR>>/scss/tests/files/original-doctests/035-test-5.scss:1)
    warn_deprecated(

scss/tests/files/original-doctests/036-test-6.scss::/<<PKGBUILDDIR>>/scss/tests/files/original-doctests/036-test-6.scss
  /<<PKGBUILDDIR>>/scss/compiler.py:524: SassDeprecationWarning: The 'short_colors' @option no longer has any effect. (at /<<PKGBUILDDIR>>/scss/tests/files/original-doctests/036-test-6.scss:1)
    warn_deprecated(

scss/tests/files/original-doctests/037-test-7.scss::/<<PKGBUILDDIR>>/scss/tests/files/original-doctests/037-test-7.scss
  /<<PKGBUILDDIR>>/scss/compiler.py:524: SassDeprecationWarning: The 'short_colors' @option no longer has any effect. (at /<<PKGBUILDDIR>>/scss/tests/files/original-doctests/037-test-7.scss:1)
    warn_deprecated(

scss/tests/files/original-doctests/038-test-8.scss::/<<PKGBUILDDIR>>/scss/tests/files/original-doctests/038-test-8.scss
  /<<PKGBUILDDIR>>/scss/compiler.py:524: SassDeprecationWarning: The 'short_colors' @option no longer has any effect. (at /<<PKGBUILDDIR>>/scss/tests/files/original-doctests/038-test-8.scss:1)
    warn_deprecated(

scss/tests/files/original-doctests/039-math-4.scss::/<<PKGBUILDDIR>>/scss/tests/files/original-doctests/039-math-4.scss
  /<<PKGBUILDDIR>>/scss/compiler.py:524: SassDeprecationWarning: The 'short_colors' @option no longer has any effect. (at /<<PKGBUILDDIR>>/scss/tests/files/original-doctests/039-math-4.scss:1)
    warn_deprecated(

scss/tests/files/original-doctests/041-another-extend.scss::/<<PKGBUILDDIR>>/scss/tests/files/original-doctests/041-another-extend.scss
  /<<PKGBUILDDIR>>/scss/compiler.py:1176: SassDeprecationWarning: The XCSS 'a extends b' syntax is deprecated.  Use 'a { @extend b; }' instead. (at /<<PKGBUILDDIR>>/scss/tests/files/original-doctests/041-another-extend.scss:1)
    warn_deprecated(

scss/tests/files/regressions/interpolation-2.scss::/<<PKGBUILDDIR>>/scss/tests/files/regressions/interpolation-2.scss
  /<<PKGBUILDDIR>>/scss/compiler.py:524: SassDeprecationWarning: The 'short_colors' @option no longer has any effect. (at /<<PKGBUILDDIR>>/scss/tests/files/regressions/interpolation-2.scss:1)
    warn_deprecated(

scss/tests/files/regressions/interpolation.scss::/<<PKGBUILDDIR>>/scss/tests/files/regressions/interpolation.scss
  /<<PKGBUILDDIR>>/scss/compiler.py:524: SassDeprecationWarning: The 'short_colors' @option no longer has any effect. (at /<<PKGBUILDDIR>>/scss/tests/files/regressions/interpolation.scss:1)
    warn_deprecated(

scss/tests/files/regressions/issue-10.scss::/<<PKGBUILDDIR>>/scss/tests/files/regressions/issue-10.scss
  /<<PKGBUILDDIR>>/scss/compiler.py:524: SassDeprecationWarning: The 'short_colors' @option no longer has any effect. (at /<<PKGBUILDDIR>>/scss/tests/files/regressions/issue-10.scss:1)
    warn_deprecated(

scss/tests/files/regressions/issue-110.scss::/<<PKGBUILDDIR>>/scss/tests/files/regressions/issue-110.scss
  /<<PKGBUILDDIR>>/scss/compiler.py:524: SassDeprecationWarning: The 'short_colors' @option no longer has any effect. (at /<<PKGBUILDDIR>>/scss/tests/files/regressions/issue-110.scss:1)
    warn_deprecated(

scss/tests/files/regressions/issue-2.scss::/<<PKGBUILDDIR>>/scss/tests/files/regressions/issue-2.scss
  /<<PKGBUILDDIR>>/scss/compiler.py:524: SassDeprecationWarning: The 'short_colors' @option no longer has any effect. (at /<<PKGBUILDDIR>>/scss/tests/files/regressions/issue-2.scss:1)
    warn_deprecated(

scss/tests/files/regressions/issue-21.scss::/<<PKGBUILDDIR>>/scss/tests/files/regressions/issue-21.scss
  /<<PKGBUILDDIR>>/scss/compiler.py:524: SassDeprecationWarning: The 'short_colors' @option no longer has any effect. (at /<<PKGBUILDDIR>>/scss/tests/files/regressions/issue-21.scss:1)
    warn_deprecated(

scss/tests/files/regressions/issue-32.scss::/<<PKGBUILDDIR>>/scss/tests/files/regressions/issue-32.scss
  /<<PKGBUILDDIR>>/scss/compiler.py:524: SassDeprecationWarning: The 'short_colors' @option no longer has any effect. (at /<<PKGBUILDDIR>>/scss/tests/files/regressions/issue-32.scss:1)
    warn_deprecated(

scss/tests/files/regressions/issue-4.scss::/<<PKGBUILDDIR>>/scss/tests/files/regressions/issue-4.scss
  /<<PKGBUILDDIR>>/scss/compiler.py:524: SassDeprecationWarning: The 'short_colors' @option no longer has any effect. (at /<<PKGBUILDDIR>>/scss/tests/files/regressions/issue-4.scss:1)
    warn_deprecated(

scss/tests/files/regressions/issue-40.scss::/<<PKGBUILDDIR>>/scss/tests/files/regressions/issue-40.scss
  /<<PKGBUILDDIR>>/scss/compiler.py:524: SassDeprecationWarning: The 'short_colors' @option no longer has any effect. (at /<<PKGBUILDDIR>>/scss/tests/files/regressions/issue-40.scss:1)
    warn_deprecated(

scss/tests/files/regressions/issue-5.scss::/<<PKGBUILDDIR>>/scss/tests/files/regressions/issue-5.scss
  /<<PKGBUILDDIR>>/scss/compiler.py:524: SassDeprecationWarning: The 'short_colors' @option no longer has any effect. (at /<<PKGBUILDDIR>>/scss/tests/files/regressions/issue-5.scss:1)
    warn_deprecated(

scss/tests/files/regressions/issue-6.scss::/<<PKGBUILDDIR>>/scss/tests/files/regressions/issue-6.scss
  /<<PKGBUILDDIR>>/scss/compiler.py:524: SassDeprecationWarning: The 'short_colors' @option no longer has any effect. (at /<<PKGBUILDDIR>>/scss/tests/files/regressions/issue-6.scss:1)
    warn_deprecated(

scss/tests/files/regressions/issue-7.scss::/<<PKGBUILDDIR>>/scss/tests/files/regressions/issue-7.scss
  /<<PKGBUILDDIR>>/scss/compiler.py:524: SassDeprecationWarning: The 'short_colors' @option no longer has any effect. (at /<<PKGBUILDDIR>>/scss/tests/files/regressions/issue-7.scss:1)
    warn_deprecated(

-- Docs: https://docs.pytest.org/en/latest/warnings.html
======== 248 passed, 1 skipped, 1 xfailed, 86 warnings in 1.66 seconds =========
=========== running tests with python3.7 ===========
============================= test session starts ==============================
platform linux -- Python 3.7.6, pytest-4.6.9, py-1.8.1, pluggy-0.13.0
rootdir: /<<PKGBUILDDIR>>
collected 249 items / 1 skipped / 248 selected

scss/tests/test_cli.py .                                                 [  0%]
scss/tests/test_expression.py .....                                      [  2%]
scss/tests/test_interactive.py ..                                        [  3%]
scss/tests/test_misc.py ......                                           [  5%]
scss/tests/test_types.py .......                                         [  8%]
scss/tests/extension/test_core.py ...................................... [ 23%]
........................                                                 [ 33%]
scss/tests/extension/test_extra.py ....                                  [ 34%]
scss/tests/extension/compass/test_gradients.py .x                        [ 35%]
scss/tests/extension/compass/test_helpers.py ................            [ 42%]
scss/tests/extension/compass/test_images.py ...                          [ 43%]
scss/tests/files/bugs/append.scss .                                      [ 43%]
scss/tests/files/bugs/argspec-named-arguments.scss .                     [ 44%]
scss/tests/files/bugs/argspec-slurpy-arguments.scss .                    [ 44%]
scss/tests/files/bugs/at-rules-1.scss .                                  [ 44%]
scss/tests/files/bugs/at-rules-2.scss .                                  [ 45%]
scss/tests/files/bugs/at-rules-compressed-semicolon.scss .               [ 45%]
scss/tests/files/bugs/at-rules-duplicate-media-queries.scss .            [ 46%]
scss/tests/files/bugs/at-rules-interpolation.scss .                      [ 46%]
scss/tests/files/bugs/base64url.scss .                                   [ 46%]
scss/tests/files/bugs/colors-preserve-names.scss .                       [ 47%]
scss/tests/files/bugs/division-in-assignment.scss .                      [ 47%]
scss/tests/files/bugs/division-vs-literal-slash.scss .                   [ 48%]
scss/tests/files/bugs/extend-child-selector.scss .                       [ 48%]
scss/tests/files/bugs/extend-common-prefix-complex.scss .                [ 48%]
scss/tests/files/bugs/extend-common-prefix.scss .                        [ 49%]
scss/tests/files/bugs/extend-selector-order.scss .                       [ 49%]
scss/tests/files/bugs/for-to-vs-through.scss .                           [ 50%]
scss/tests/files/bugs/if-with-parentheses.scss .                         [ 50%]
scss/tests/files/bugs/interpolation-timing.scss .                        [ 51%]
scss/tests/files/bugs/names-equivalence.scss .                           [ 51%]
scss/tests/files/bugs/selectors-adjacent-is-not-include.scss .           [ 51%]
scss/tests/files/bugs/trailing-combinators.scss .                        [ 52%]
scss/tests/files/bugs/unit-float-precision.scss .                        [ 52%]
scss/tests/files/bugs/variables-font-face-default.scss .                 [ 53%]
scss/tests/files/compass/current-color.scss .                            [ 53%]
scss/tests/files/compass/gradients.scss .                                [ 53%]
scss/tests/files/general/000-smoketest.scss .                            [ 54%]
scss/tests/files/general/css-calc.scss .                                 [ 54%]
scss/tests/files/general/each-destructuring-2.scss .                     [ 55%]
scss/tests/files/general/each-destructuring-3.scss .                     [ 55%]
scss/tests/files/general/each-destructuring.scss .                       [ 55%]
scss/tests/files/general/empty-list-included.scss .                      [ 56%]
scss/tests/files/general/global-variable-exists.scss .                   [ 56%]
scss/tests/files/general/if-lazy.scss .                                  [ 57%]
scss/tests/files/general/interpolation-acid.scss .                       [ 57%]
scss/tests/files/general/interpolation-mixin-name.scss .                 [ 57%]
scss/tests/files/general/maps-complex-keys.scss .                        [ 58%]
scss/tests/files/general/maps-example-lists.scss .                       [ 58%]
scss/tests/files/general/maps-example.scss .                             [ 59%]
scss/tests/files/general/names-loop-variable.scss .                      [ 59%]
scss/tests/files/general/null-values.scss .                              [ 59%]
scss/tests/files/general/scoping-mixin-2.scss .                          [ 60%]
scss/tests/files/general/scoping-mixin.scss .                            [ 60%]
scss/tests/files/general/scoping-nested-2.scss .                         [ 61%]
scss/tests/files/general/scoping-nested.scss .                           [ 61%]
scss/tests/files/general/slurpy-keyword-args.scss .                      [ 61%]
scss/tests/files/kronuz/args.scss .                                      [ 62%]
scss/tests/files/kronuz/functions-context.scss .                         [ 62%]
scss/tests/files/kronuz/image-colors.scss .                              [ 63%]
scss/tests/files/kronuz/imports-unused.scss .                            [ 63%]
scss/tests/files/kronuz/linear-gradient.scss .                           [ 63%]
scss/tests/files/kronuz/lists-circular-nth.scss .                        [ 64%]
scss/tests/files/kronuz/lists-operations.scss .                          [ 64%]
scss/tests/files/kronuz/mixin-varargs.scss .                             [ 65%]
scss/tests/files/kronuz/mixins-context.scss .                            [ 65%]
scss/tests/files/kronuz/mul-em.scss .                                    [ 65%]
scss/tests/files/kronuz/mul-list.scss .                                  [ 66%]
scss/tests/files/kronuz/order-test-each.scss .                           [ 66%]
scss/tests/files/kronuz/order-test-for.scss .                            [ 67%]
scss/tests/files/kronuz/order-test.scss .                                [ 67%]
scss/tests/files/kronuz/reversed-for.scss .                              [ 67%]
scss/tests/files/kronuz/reversed-range.scss .                            [ 68%]
scss/tests/files/kronuz/rgba-colors.scss .                               [ 68%]
scss/tests/files/kronuz/scope-loop-variables.scss .                      [ 69%]
scss/tests/files/kronuz/scoping-control.scss .                           [ 69%]
scss/tests/files/kronuz/selectors-append-nest.scss .                     [ 69%]
scss/tests/files/kronuz/selectors-nest.scss .                            [ 70%]
scss/tests/files/kronuz/selectors-special.scss .                         [ 70%]
scss/tests/files/kronuz/sprite-map.scss .                                [ 71%]
scss/tests/files/kronuz/style-nested.scss .                              [ 71%]
scss/tests/files/kronuz/while-test.scss .                                [ 71%]
scss/tests/files/original-doctests/000-general.scss .                    [ 72%]
scss/tests/files/original-doctests/001-variables.scss .                  [ 72%]
scss/tests/files/original-doctests/002-nesting-children.scss .           [ 73%]
scss/tests/files/original-doctests/003-nesting-children-2.scss .         [ 73%]
scss/tests/files/original-doctests/004-nesting-children-3.scss .         [ 73%]
scss/tests/files/original-doctests/005-extends.scss .                    [ 74%]
scss/tests/files/original-doctests/006-extends-2.scss .                  [ 74%]
scss/tests/files/original-doctests/007-extends-3.scss .                  [ 75%]
scss/tests/files/original-doctests/008-extends-4.scss .                  [ 75%]
scss/tests/files/original-doctests/009-extends-5.scss .                  [ 75%]
scss/tests/files/original-doctests/010-math.scss .                       [ 76%]
scss/tests/files/original-doctests/011-math-2.scss .                     [ 76%]
scss/tests/files/original-doctests/012-math-3.scss .                     [ 77%]
scss/tests/files/original-doctests/013-nesting.scss .                    [ 77%]
scss/tests/files/original-doctests/014-nesting-2.scss .                  [ 77%]
scss/tests/files/original-doctests/015-nesting-3.scss .                  [ 78%]
scss/tests/files/original-doctests/016-variables.scss .                  [ 78%]
scss/tests/files/original-doctests/017-interpolation.scss .              [ 79%]
scss/tests/files/original-doctests/018-mixins.scss .                     [ 79%]
scss/tests/files/original-doctests/019-mixins-2.scss .                   [ 79%]
scss/tests/files/original-doctests/020-mixins-3.scss .                   [ 80%]
scss/tests/files/original-doctests/021-extend.scss .                     [ 80%]
scss/tests/files/original-doctests/022-extend-multiple.scss .            [ 81%]
scss/tests/files/original-doctests/023-extend-multiple-2.scss .          [ 81%]
scss/tests/files/original-doctests/024-extend-placeholder.scss .         [ 81%]
scss/tests/files/original-doctests/025-forum.scss .                      [ 82%]
scss/tests/files/original-doctests/026-forum-2.scss .                    [ 82%]
scss/tests/files/original-doctests/027-forum-3.scss .                    [ 83%]
scss/tests/files/original-doctests/028-errors.scss .                     [ 83%]
scss/tests/files/original-doctests/029-errors-2.scss .                   [ 83%]
scss/tests/files/original-doctests/030-errors-3.scss .                   [ 84%]
scss/tests/files/original-doctests/031-test.scss .                       [ 84%]
scss/tests/files/original-doctests/032-test-2.scss .                     [ 85%]
scss/tests/files/original-doctests/033-test-3.scss .                     [ 85%]
scss/tests/files/original-doctests/034-test-4.scss .                     [ 85%]
scss/tests/files/original-doctests/035-test-5.scss .                     [ 86%]
scss/tests/files/original-doctests/036-test-6.scss .                     [ 86%]
scss/tests/files/original-doctests/037-test-7.scss .                     [ 87%]
scss/tests/files/original-doctests/038-test-8.scss .                     [ 87%]
scss/tests/files/original-doctests/039-hover-extend.scss .               [ 87%]
scss/tests/files/original-doctests/039-math-4.scss .                     [ 88%]
scss/tests/files/original-doctests/040-complex-sequence-extend.scss .    [ 88%]
scss/tests/files/original-doctests/041-another-extend.scss .             [ 89%]
scss/tests/files/regressions/args-vars.scss .                            [ 89%]
scss/tests/files/regressions/argspec-default-arguments.scss .            [ 89%]
scss/tests/files/regressions/argspec-no-arguments.scss .                 [ 90%]
scss/tests/files/regressions/argspec-trailing-comma.scss .               [ 90%]
scss/tests/files/regressions/interpolation-2.scss .                      [ 91%]
scss/tests/files/regressions/interpolation.scss .                        [ 91%]
scss/tests/files/regressions/issue-10.scss .                             [ 91%]
scss/tests/files/regressions/issue-110.scss .                            [ 92%]
scss/tests/files/regressions/issue-2.scss .                              [ 92%]
scss/tests/files/regressions/issue-21.scss .                             [ 93%]
scss/tests/files/regressions/issue-258.scss .                            [ 93%]
scss/tests/files/regressions/issue-32.scss .                             [ 93%]
scss/tests/files/regressions/issue-334-a.scss .                          [ 94%]
scss/tests/files/regressions/issue-334-b.scss .                          [ 94%]
scss/tests/files/regressions/issue-334-c.scss .                          [ 95%]
scss/tests/files/regressions/issue-334-d.scss .                          [ 95%]
scss/tests/files/regressions/issue-334-e.scss .                          [ 95%]
scss/tests/files/regressions/issue-334-f.scss .                          [ 96%]
scss/tests/files/regressions/issue-334-g.scss .                          [ 96%]
scss/tests/files/regressions/issue-334-h.scss .                          [ 97%]
scss/tests/files/regressions/issue-4.scss .                              [ 97%]
scss/tests/files/regressions/issue-40.scss .                             [ 97%]
scss/tests/files/regressions/issue-5.scss .                              [ 98%]
scss/tests/files/regressions/issue-52.scss .                             [ 98%]
scss/tests/files/regressions/issue-6.scss .                              [ 99%]
scss/tests/files/regressions/issue-7.scss .                              [ 99%]
scss/tests/files/regressions/nth-inside-each.scss .                      [100%]

=============================== warnings summary ===============================
scss/tests/test_misc.py:65
  /<<PKGBUILDDIR>>/scss/tests/test_misc.py:65: DeprecationWarning: invalid escape sequence \:
    """

scss/tests/test_expression.py::test_reference_operations
  /<<PKGBUILDDIR>>/scss/grammar/expression.py:104: DeprecationWarning: Flags not at the start of the expression '((?i)opacity)'
    self.patterns.append((t, re.compile(p)))

scss/tests/test_misc.py::test_extend_across_files
  /<<PKGBUILDDIR>>/scss/compiler.py:527: SassDeprecationWarning: The 'short_colors' @option no longer has any effect. (at first.css:1)
    .format(key),

scss/tests/test_misc.py::test_extend_across_files
  /<<PKGBUILDDIR>>/scss/compiler.py:1178: SassDeprecationWarning: The XCSS 'a extends b' syntax is deprecated.  Use 'a { @extend b; }' instead. (at first.css:1)
    "The XCSS 'a extends b' syntax is deprecated.  "

scss/tests/test_misc.py::test_extend_across_files
  /<<PKGBUILDDIR>>/scss/compiler.py:527: SassDeprecationWarning: The 'short_colors' @option no longer has any effect. (at second.css:1)
    .format(key),

scss/tests/files/general/scoping-mixin.scss::/<<PKGBUILDDIR>>/scss/tests/files/general/scoping-mixin.scss
  /<<PKGBUILDDIR>>/scss/compiler.py:527: SassDeprecationWarning: The 'reverse_colors' @option no longer has any effect. (at /<<PKGBUILDDIR>>/scss/tests/files/general/scoping-mixin.scss:1)
    .format(key),

scss/tests/files/kronuz/imports-unused.scss::/<<PKGBUILDDIR>>/scss/tests/files/kronuz/imports-unused.scss
scss/tests/files/kronuz/imports-unused.scss::/<<PKGBUILDDIR>>/scss/tests/files/kronuz/imports-unused.scss
scss/tests/files/kronuz/imports-unused.scss::/<<PKGBUILDDIR>>/scss/tests/files/kronuz/imports-unused.scss
scss/tests/files/kronuz/imports-unused.scss::/<<PKGBUILDDIR>>/scss/tests/files/kronuz/imports-unused.scss
scss/tests/files/kronuz/imports-unused.scss::/<<PKGBUILDDIR>>/scss/tests/files/kronuz/imports-unused.scss
scss/tests/files/kronuz/imports-unused.scss::/<<PKGBUILDDIR>>/scss/tests/files/kronuz/imports-unused.scss
  /<<PKGBUILDDIR>>/scss/compiler.py:337: DeprecationWarning: The 'warn' method is deprecated, use 'warning' instead
    log.warn("Unused @import: '%s' (%s)", name, file_and_line)

scss/tests/files/original-doctests/001-variables.scss::/<<PKGBUILDDIR>>/scss/tests/files/original-doctests/001-variables.scss
  /<<PKGBUILDDIR>>/scss/compiler.py:527: SassDeprecationWarning: The 'short_colors' @option no longer has any effect. (at /<<PKGBUILDDIR>>/scss/tests/files/original-doctests/001-variables.scss:1)
    .format(key),

scss/tests/files/original-doctests/001-variables.scss::/<<PKGBUILDDIR>>/scss/tests/files/original-doctests/001-variables.scss
  /<<PKGBUILDDIR>>/scss/compiler.py:1017: SassDeprecationWarning: @variables and @vars are deprecated.  Just assign variables at top-level. (at /<<PKGBUILDDIR>>/scss/tests/files/original-doctests/001-variables.scss:1)
    "@variables and @vars are deprecated.  "

scss/tests/files/original-doctests/001-variables.scss::/<<PKGBUILDDIR>>/scss/tests/files/original-doctests/001-variables.scss
  /<<PKGBUILDDIR>>/scss/compiler.py:1040: SassDeprecationWarning: Assignment with = is deprecated; use : instead. (at /<<PKGBUILDDIR>>/scss/tests/files/original-doctests/001-variables.scss:1)
    warn_deprecated(rule, "Assignment with = is deprecated; use : instead.")

scss/tests/files/original-doctests/002-nesting-children.scss::/<<PKGBUILDDIR>>/scss/tests/files/original-doctests/002-nesting-children.scss
  /<<PKGBUILDDIR>>/scss/compiler.py:527: SassDeprecationWarning: The 'short_colors' @option no longer has any effect. (at /<<PKGBUILDDIR>>/scss/tests/files/original-doctests/002-nesting-children.scss:1)
    .format(key),

scss/tests/files/original-doctests/003-nesting-children-2.scss::/<<PKGBUILDDIR>>/scss/tests/files/original-doctests/003-nesting-children-2.scss
  /<<PKGBUILDDIR>>/scss/compiler.py:527: SassDeprecationWarning: The 'short_colors' @option no longer has any effect. (at /<<PKGBUILDDIR>>/scss/tests/files/original-doctests/003-nesting-children-2.scss:1)
    .format(key),

scss/tests/files/original-doctests/003-nesting-children-2.scss::/<<PKGBUILDDIR>>/scss/tests/files/original-doctests/003-nesting-children-2.scss
scss/tests/files/original-doctests/004-nesting-children-3.scss::/<<PKGBUILDDIR>>/scss/tests/files/original-doctests/004-nesting-children-3.scss
scss/tests/files/original-doctests/007-extends-3.scss::/<<PKGBUILDDIR>>/scss/tests/files/original-doctests/007-extends-3.scss
scss/tests/files/original-doctests/028-errors.scss::/<<PKGBUILDDIR>>/scss/tests/files/original-doctests/028-errors.scss
scss/tests/files/original-doctests/029-errors-2.scss::/<<PKGBUILDDIR>>/scss/tests/files/original-doctests/029-errors-2.scss
scss/tests/files/original-doctests/030-errors-3.scss::/<<PKGBUILDDIR>>/scss/tests/files/original-doctests/030-errors-3.scss
  /<<PKGBUILDDIR>>/scss/selector.py:183: FutureWarning: The xCSS 'self' selector is deprecated and will be removed in 2.0.  Use & instead.  (<SimpleSelector: 'self'>)
    .format(self)

scss/tests/files/original-doctests/004-nesting-children-3.scss::/<<PKGBUILDDIR>>/scss/tests/files/original-doctests/004-nesting-children-3.scss
  /<<PKGBUILDDIR>>/scss/compiler.py:527: SassDeprecationWarning: The 'short_colors' @option no longer has any effect. (at /<<PKGBUILDDIR>>/scss/tests/files/original-doctests/004-nesting-children-3.scss:1)
    .format(key),

scss/tests/files/original-doctests/005-extends.scss::/<<PKGBUILDDIR>>/scss/tests/files/original-doctests/005-extends.scss
  /<<PKGBUILDDIR>>/scss/compiler.py:527: SassDeprecationWarning: The 'short_colors' @option no longer has any effect. (at /<<PKGBUILDDIR>>/scss/tests/files/original-doctests/005-extends.scss:1)
    .format(key),

scss/tests/files/original-doctests/005-extends.scss::/<<PKGBUILDDIR>>/scss/tests/files/original-doctests/005-extends.scss
  /<<PKGBUILDDIR>>/scss/compiler.py:1178: SassDeprecationWarning: The XCSS 'a extends b' syntax is deprecated.  Use 'a { @extend b; }' instead. (at /<<PKGBUILDDIR>>/scss/tests/files/original-doctests/005-extends.scss:1)
    "The XCSS 'a extends b' syntax is deprecated.  "

scss/tests/files/original-doctests/006-extends-2.scss::/<<PKGBUILDDIR>>/scss/tests/files/original-doctests/006-extends-2.scss
  /<<PKGBUILDDIR>>/scss/compiler.py:527: SassDeprecationWarning: The 'short_colors' @option no longer has any effect. (at /<<PKGBUILDDIR>>/scss/tests/files/original-doctests/006-extends-2.scss:1)
    .format(key),

scss/tests/files/original-doctests/006-extends-2.scss::/<<PKGBUILDDIR>>/scss/tests/files/original-doctests/006-extends-2.scss
  /<<PKGBUILDDIR>>/scss/compiler.py:1178: SassDeprecationWarning: The XCSS 'a extends b' syntax is deprecated.  Use 'a { @extend b; }' instead. (at /<<PKGBUILDDIR>>/scss/tests/files/original-doctests/006-extends-2.scss:1)
    "The XCSS 'a extends b' syntax is deprecated.  "

scss/tests/files/original-doctests/007-extends-3.scss::/<<PKGBUILDDIR>>/scss/tests/files/original-doctests/007-extends-3.scss
  /<<PKGBUILDDIR>>/scss/compiler.py:527: SassDeprecationWarning: The 'short_colors' @option no longer has any effect. (at /<<PKGBUILDDIR>>/scss/tests/files/original-doctests/007-extends-3.scss:1)
    .format(key),

scss/tests/files/original-doctests/007-extends-3.scss::/<<PKGBUILDDIR>>/scss/tests/files/original-doctests/007-extends-3.scss
  /<<PKGBUILDDIR>>/scss/compiler.py:1178: SassDeprecationWarning: The XCSS 'a extends b' syntax is deprecated.  Use 'a { @extend b; }' instead. (at /<<PKGBUILDDIR>>/scss/tests/files/original-doctests/007-extends-3.scss:1)
    "The XCSS 'a extends b' syntax is deprecated.  "

scss/tests/files/original-doctests/008-extends-4.scss::/<<PKGBUILDDIR>>/scss/tests/files/original-doctests/008-extends-4.scss
  /<<PKGBUILDDIR>>/scss/compiler.py:527: SassDeprecationWarning: The 'short_colors' @option no longer has any effect. (at /<<PKGBUILDDIR>>/scss/tests/files/original-doctests/008-extends-4.scss:1)
    .format(key),

scss/tests/files/original-doctests/008-extends-4.scss::/<<PKGBUILDDIR>>/scss/tests/files/original-doctests/008-extends-4.scss
  /<<PKGBUILDDIR>>/scss/compiler.py:1178: SassDeprecationWarning: The XCSS 'a extends b' syntax is deprecated.  Use 'a { @extend b; }' instead. (at /<<PKGBUILDDIR>>/scss/tests/files/original-doctests/008-extends-4.scss:1)
    "The XCSS 'a extends b' syntax is deprecated.  "

scss/tests/files/original-doctests/009-extends-5.scss::/<<PKGBUILDDIR>>/scss/tests/files/original-doctests/009-extends-5.scss
  /<<PKGBUILDDIR>>/scss/compiler.py:527: SassDeprecationWarning: The 'short_colors' @option no longer has any effect. (at /<<PKGBUILDDIR>>/scss/tests/files/original-doctests/009-extends-5.scss:1)
    .format(key),

scss/tests/files/original-doctests/009-extends-5.scss::/<<PKGBUILDDIR>>/scss/tests/files/original-doctests/009-extends-5.scss
  /<<PKGBUILDDIR>>/scss/compiler.py:1178: SassDeprecationWarning: The XCSS 'a extends b' syntax is deprecated.  Use 'a { @extend b; }' instead. (at /<<PKGBUILDDIR>>/scss/tests/files/original-doctests/009-extends-5.scss:14)
    "The XCSS 'a extends b' syntax is deprecated.  "

scss/tests/files/original-doctests/010-math.scss::/<<PKGBUILDDIR>>/scss/tests/files/original-doctests/010-math.scss
  /<<PKGBUILDDIR>>/scss/compiler.py:527: SassDeprecationWarning: The 'short_colors' @option no longer has any effect. (at /<<PKGBUILDDIR>>/scss/tests/files/original-doctests/010-math.scss:1)
    .format(key),

scss/tests/files/original-doctests/010-math.scss::/<<PKGBUILDDIR>>/scss/tests/files/original-doctests/010-math.scss
  /<<PKGBUILDDIR>>/scss/compiler.py:1017: SassDeprecationWarning: @variables and @vars are deprecated.  Just assign variables at top-level. (at /<<PKGBUILDDIR>>/scss/tests/files/original-doctests/010-math.scss:1)
    "@variables and @vars are deprecated.  "

scss/tests/files/original-doctests/010-math.scss::/<<PKGBUILDDIR>>/scss/tests/files/original-doctests/010-math.scss
  /<<PKGBUILDDIR>>/scss/compiler.py:1040: SassDeprecationWarning: Assignment with = is deprecated; use : instead. (at /<<PKGBUILDDIR>>/scss/tests/files/original-doctests/010-math.scss:1)
    warn_deprecated(rule, "Assignment with = is deprecated; use : instead.")

scss/tests/files/original-doctests/011-math-2.scss::/<<PKGBUILDDIR>>/scss/tests/files/original-doctests/011-math-2.scss
  /<<PKGBUILDDIR>>/scss/compiler.py:527: SassDeprecationWarning: The 'short_colors' @option no longer has any effect. (at /<<PKGBUILDDIR>>/scss/tests/files/original-doctests/011-math-2.scss:1)
    .format(key),

scss/tests/files/original-doctests/012-math-3.scss::/<<PKGBUILDDIR>>/scss/tests/files/original-doctests/012-math-3.scss
  /<<PKGBUILDDIR>>/scss/compiler.py:527: SassDeprecationWarning: The 'short_colors' @option no longer has any effect. (at /<<PKGBUILDDIR>>/scss/tests/files/original-doctests/012-math-3.scss:1)
    .format(key),

scss/tests/files/original-doctests/013-nesting.scss::/<<PKGBUILDDIR>>/scss/tests/files/original-doctests/013-nesting.scss
  /<<PKGBUILDDIR>>/scss/compiler.py:527: SassDeprecationWarning: The 'short_colors' @option no longer has any effect. (at /<<PKGBUILDDIR>>/scss/tests/files/original-doctests/013-nesting.scss:1)
    .format(key),

scss/tests/files/original-doctests/014-nesting-2.scss::/<<PKGBUILDDIR>>/scss/tests/files/original-doctests/014-nesting-2.scss
  /<<PKGBUILDDIR>>/scss/compiler.py:527: SassDeprecationWarning: The 'short_colors' @option no longer has any effect. (at /<<PKGBUILDDIR>>/scss/tests/files/original-doctests/014-nesting-2.scss:1)
    .format(key),

scss/tests/files/original-doctests/015-nesting-3.scss::/<<PKGBUILDDIR>>/scss/tests/files/original-doctests/015-nesting-3.scss
  /<<PKGBUILDDIR>>/scss/compiler.py:527: SassDeprecationWarning: The 'short_colors' @option no longer has any effect. (at /<<PKGBUILDDIR>>/scss/tests/files/original-doctests/015-nesting-3.scss:1)
    .format(key),

scss/tests/files/original-doctests/016-variables.scss::/<<PKGBUILDDIR>>/scss/tests/files/original-doctests/016-variables.scss
  /<<PKGBUILDDIR>>/scss/compiler.py:527: SassDeprecationWarning: The 'short_colors' @option no longer has any effect. (at /<<PKGBUILDDIR>>/scss/tests/files/original-doctests/016-variables.scss:1)
    .format(key),

scss/tests/files/original-doctests/017-interpolation.scss::/<<PKGBUILDDIR>>/scss/tests/files/original-doctests/017-interpolation.scss
  /<<PKGBUILDDIR>>/scss/compiler.py:527: SassDeprecationWarning: The 'short_colors' @option no longer has any effect. (at /<<PKGBUILDDIR>>/scss/tests/files/original-doctests/017-interpolation.scss:1)
    .format(key),

scss/tests/files/original-doctests/018-mixins.scss::/<<PKGBUILDDIR>>/scss/tests/files/original-doctests/018-mixins.scss
  /<<PKGBUILDDIR>>/scss/compiler.py:527: SassDeprecationWarning: The 'short_colors' @option no longer has any effect. (at /<<PKGBUILDDIR>>/scss/tests/files/original-doctests/018-mixins.scss:1)
    .format(key),

scss/tests/files/original-doctests/019-mixins-2.scss::/<<PKGBUILDDIR>>/scss/tests/files/original-doctests/019-mixins-2.scss
  /<<PKGBUILDDIR>>/scss/compiler.py:527: SassDeprecationWarning: The 'short_colors' @option no longer has any effect. (at /<<PKGBUILDDIR>>/scss/tests/files/original-doctests/019-mixins-2.scss:1)
    .format(key),

scss/tests/files/original-doctests/020-mixins-3.scss::/<<PKGBUILDDIR>>/scss/tests/files/original-doctests/020-mixins-3.scss
  /<<PKGBUILDDIR>>/scss/compiler.py:527: SassDeprecationWarning: The 'short_colors' @option no longer has any effect. (at /<<PKGBUILDDIR>>/scss/tests/files/original-doctests/020-mixins-3.scss:1)
    .format(key),

scss/tests/files/original-doctests/021-extend.scss::/<<PKGBUILDDIR>>/scss/tests/files/original-doctests/021-extend.scss
  /<<PKGBUILDDIR>>/scss/compiler.py:527: SassDeprecationWarning: The 'short_colors' @option no longer has any effect. (at /<<PKGBUILDDIR>>/scss/tests/files/original-doctests/021-extend.scss:1)
    .format(key),

scss/tests/files/original-doctests/022-extend-multiple.scss::/<<PKGBUILDDIR>>/scss/tests/files/original-doctests/022-extend-multiple.scss
  /<<PKGBUILDDIR>>/scss/compiler.py:527: SassDeprecationWarning: The 'short_colors' @option no longer has any effect. (at /<<PKGBUILDDIR>>/scss/tests/files/original-doctests/022-extend-multiple.scss:1)
    .format(key),

scss/tests/files/original-doctests/023-extend-multiple-2.scss::/<<PKGBUILDDIR>>/scss/tests/files/original-doctests/023-extend-multiple-2.scss
  /<<PKGBUILDDIR>>/scss/compiler.py:527: SassDeprecationWarning: The 'short_colors' @option no longer has any effect. (at /<<PKGBUILDDIR>>/scss/tests/files/original-doctests/023-extend-multiple-2.scss:1)
    .format(key),

scss/tests/files/original-doctests/024-extend-placeholder.scss::/<<PKGBUILDDIR>>/scss/tests/files/original-doctests/024-extend-placeholder.scss
  /<<PKGBUILDDIR>>/scss/compiler.py:527: SassDeprecationWarning: The 'short_colors' @option no longer has any effect. (at /<<PKGBUILDDIR>>/scss/tests/files/original-doctests/024-extend-placeholder.scss:1)
    .format(key),

scss/tests/files/original-doctests/025-forum.scss::/<<PKGBUILDDIR>>/scss/tests/files/original-doctests/025-forum.scss
  /<<PKGBUILDDIR>>/scss/compiler.py:527: SassDeprecationWarning: The 'short_colors' @option no longer has any effect. (at /<<PKGBUILDDIR>>/scss/tests/files/original-doctests/025-forum.scss:1)
    .format(key),

scss/tests/files/original-doctests/026-forum-2.scss::/<<PKGBUILDDIR>>/scss/tests/files/original-doctests/026-forum-2.scss
  /<<PKGBUILDDIR>>/scss/compiler.py:527: SassDeprecationWarning: The 'short_colors' @option no longer has any effect. (at /<<PKGBUILDDIR>>/scss/tests/files/original-doctests/026-forum-2.scss:1)
    .format(key),

scss/tests/files/original-doctests/026-forum-2.scss::/<<PKGBUILDDIR>>/scss/tests/files/original-doctests/026-forum-2.scss
  /<<PKGBUILDDIR>>/scss/compiler.py:1017: SassDeprecationWarning: @variables and @vars are deprecated.  Just assign variables at top-level. (at /<<PKGBUILDDIR>>/scss/tests/files/original-doctests/026-forum-2.scss:1)
    "@variables and @vars are deprecated.  "

scss/tests/files/original-doctests/026-forum-2.scss::/<<PKGBUILDDIR>>/scss/tests/files/original-doctests/026-forum-2.scss
  /<<PKGBUILDDIR>>/scss/compiler.py:1040: SassDeprecationWarning: Assignment with = is deprecated; use : instead. (at /<<PKGBUILDDIR>>/scss/tests/files/original-doctests/026-forum-2.scss:1)
    warn_deprecated(rule, "Assignment with = is deprecated; use : instead.")

scss/tests/files/original-doctests/027-forum-3.scss::/<<PKGBUILDDIR>>/scss/tests/files/original-doctests/027-forum-3.scss
  /<<PKGBUILDDIR>>/scss/compiler.py:527: SassDeprecationWarning: The 'short_colors' @option no longer has any effect. (at /<<PKGBUILDDIR>>/scss/tests/files/original-doctests/027-forum-3.scss:1)
    .format(key),

scss/tests/files/original-doctests/027-forum-3.scss::/<<PKGBUILDDIR>>/scss/tests/files/original-doctests/027-forum-3.scss
  /<<PKGBUILDDIR>>/scss/compiler.py:1178: SassDeprecationWarning: The XCSS 'a extends b' syntax is deprecated.  Use 'a { @extend b; }' instead. (at /<<PKGBUILDDIR>>/scss/tests/files/original-doctests/027-forum-3.scss:1)
    "The XCSS 'a extends b' syntax is deprecated.  "

scss/tests/files/original-doctests/028-errors.scss::/<<PKGBUILDDIR>>/scss/tests/files/original-doctests/028-errors.scss
  /<<PKGBUILDDIR>>/scss/compiler.py:527: SassDeprecationWarning: The 'short_colors' @option no longer has any effect. (at /<<PKGBUILDDIR>>/scss/tests/files/original-doctests/028-errors.scss:1)
    .format(key),

scss/tests/files/original-doctests/028-errors.scss::/<<PKGBUILDDIR>>/scss/tests/files/original-doctests/028-errors.scss
  /<<PKGBUILDDIR>>/scss/compiler.py:1178: SassDeprecationWarning: The XCSS 'a extends b' syntax is deprecated.  Use 'a { @extend b; }' instead. (at /<<PKGBUILDDIR>>/scss/tests/files/original-doctests/028-errors.scss:4)
    "The XCSS 'a extends b' syntax is deprecated.  "

scss/tests/files/original-doctests/028-errors.scss::/<<PKGBUILDDIR>>/scss/tests/files/original-doctests/028-errors.scss
  /<<PKGBUILDDIR>>/scss/compiler.py:1178: SassDeprecationWarning: The XCSS 'a extends b' syntax is deprecated.  Use 'a { @extend b; }' instead. (at /<<PKGBUILDDIR>>/scss/tests/files/original-doctests/028-errors.scss:7)
    "The XCSS 'a extends b' syntax is deprecated.  "

scss/tests/files/original-doctests/029-errors-2.scss::/<<PKGBUILDDIR>>/scss/tests/files/original-doctests/029-errors-2.scss
  /<<PKGBUILDDIR>>/scss/compiler.py:527: SassDeprecationWarning: The 'short_colors' @option no longer has any effect. (at /<<PKGBUILDDIR>>/scss/tests/files/original-doctests/029-errors-2.scss:1)
    .format(key),

scss/tests/files/original-doctests/029-errors-2.scss::/<<PKGBUILDDIR>>/scss/tests/files/original-doctests/029-errors-2.scss
  /<<PKGBUILDDIR>>/scss/compiler.py:1178: SassDeprecationWarning: The XCSS 'a extends b' syntax is deprecated.  Use 'a { @extend b; }' instead. (at /<<PKGBUILDDIR>>/scss/tests/files/original-doctests/029-errors-2.scss:1)
    "The XCSS 'a extends b' syntax is deprecated.  "

scss/tests/files/original-doctests/030-errors-3.scss::/<<PKGBUILDDIR>>/scss/tests/files/original-doctests/030-errors-3.scss
  /<<PKGBUILDDIR>>/scss/compiler.py:527: SassDeprecationWarning: The 'short_colors' @option no longer has any effect. (at /<<PKGBUILDDIR>>/scss/tests/files/original-doctests/030-errors-3.scss:1)
    .format(key),

scss/tests/files/original-doctests/030-errors-3.scss::/<<PKGBUILDDIR>>/scss/tests/files/original-doctests/030-errors-3.scss
  /<<PKGBUILDDIR>>/scss/compiler.py:1178: SassDeprecationWarning: The XCSS 'a extends b' syntax is deprecated.  Use 'a { @extend b; }' instead. (at /<<PKGBUILDDIR>>/scss/tests/files/original-doctests/030-errors-3.scss:1)
    "The XCSS 'a extends b' syntax is deprecated.  "

scss/tests/files/original-doctests/031-test.scss::/<<PKGBUILDDIR>>/scss/tests/files/original-doctests/031-test.scss
  /<<PKGBUILDDIR>>/scss/compiler.py:527: SassDeprecationWarning: The 'short_colors' @option no longer has any effect. (at /<<PKGBUILDDIR>>/scss/tests/files/original-doctests/031-test.scss:1)
    .format(key),

scss/tests/files/original-doctests/032-test-2.scss::/<<PKGBUILDDIR>>/scss/tests/files/original-doctests/032-test-2.scss
  /<<PKGBUILDDIR>>/scss/compiler.py:527: SassDeprecationWarning: The 'short_colors' @option no longer has any effect. (at /<<PKGBUILDDIR>>/scss/tests/files/original-doctests/032-test-2.scss:1)
    .format(key),

scss/tests/files/original-doctests/033-test-3.scss::/<<PKGBUILDDIR>>/scss/tests/files/original-doctests/033-test-3.scss
  /<<PKGBUILDDIR>>/scss/compiler.py:527: SassDeprecationWarning: The 'short_colors' @option no longer has any effect. (at /<<PKGBUILDDIR>>/scss/tests/files/original-doctests/033-test-3.scss:1)
    .format(key),

scss/tests/files/original-doctests/034-test-4.scss::/<<PKGBUILDDIR>>/scss/tests/files/original-doctests/034-test-4.scss
  /<<PKGBUILDDIR>>/scss/compiler.py:527: SassDeprecationWarning: The 'short_colors' @option no longer has any effect. (at /<<PKGBUILDDIR>>/scss/tests/files/original-doctests/034-test-4.scss:1)
    .format(key),

scss/tests/files/original-doctests/035-test-5.scss::/<<PKGBUILDDIR>>/scss/tests/files/original-doctests/035-test-5.scss
  /<<PKGBUILDDIR>>/scss/compiler.py:527: SassDeprecationWarning: The 'short_colors' @option no longer has any effect. (at /<<PKGBUILDDIR>>/scss/tests/files/original-doctests/035-test-5.scss:1)
    .format(key),

scss/tests/files/original-doctests/036-test-6.scss::/<<PKGBUILDDIR>>/scss/tests/files/original-doctests/036-test-6.scss
  /<<PKGBUILDDIR>>/scss/compiler.py:527: SassDeprecationWarning: The 'short_colors' @option no longer has any effect. (at /<<PKGBUILDDIR>>/scss/tests/files/original-doctests/036-test-6.scss:1)
    .format(key),

scss/tests/files/original-doctests/037-test-7.scss::/<<PKGBUILDDIR>>/scss/tests/files/original-doctests/037-test-7.scss
  /<<PKGBUILDDIR>>/scss/compiler.py:527: SassDeprecationWarning: The 'short_colors' @option no longer has any effect. (at /<<PKGBUILDDIR>>/scss/tests/files/original-doctests/037-test-7.scss:1)
    .format(key),

scss/tests/files/original-doctests/038-test-8.scss::/<<PKGBUILDDIR>>/scss/tests/files/original-doctests/038-test-8.scss
  /<<PKGBUILDDIR>>/scss/compiler.py:527: SassDeprecationWarning: The 'short_colors' @option no longer has any effect. (at /<<PKGBUILDDIR>>/scss/tests/files/original-doctests/038-test-8.scss:1)
    .format(key),

scss/tests/files/original-doctests/039-math-4.scss::/<<PKGBUILDDIR>>/scss/tests/files/original-doctests/039-math-4.scss
  /<<PKGBUILDDIR>>/scss/compiler.py:527: SassDeprecationWarning: The 'short_colors' @option no longer has any effect. (at /<<PKGBUILDDIR>>/scss/tests/files/original-doctests/039-math-4.scss:1)
    .format(key),

scss/tests/files/original-doctests/041-another-extend.scss::/<<PKGBUILDDIR>>/scss/tests/files/original-doctests/041-another-extend.scss
  /<<PKGBUILDDIR>>/scss/compiler.py:1178: SassDeprecationWarning: The XCSS 'a extends b' syntax is deprecated.  Use 'a { @extend b; }' instead. (at /<<PKGBUILDDIR>>/scss/tests/files/original-doctests/041-another-extend.scss:1)
    "The XCSS 'a extends b' syntax is deprecated.  "

scss/tests/files/regressions/interpolation-2.scss::/<<PKGBUILDDIR>>/scss/tests/files/regressions/interpolation-2.scss
  /<<PKGBUILDDIR>>/scss/compiler.py:527: SassDeprecationWarning: The 'short_colors' @option no longer has any effect. (at /<<PKGBUILDDIR>>/scss/tests/files/regressions/interpolation-2.scss:1)
    .format(key),

scss/tests/files/regressions/interpolation.scss::/<<PKGBUILDDIR>>/scss/tests/files/regressions/interpolation.scss
  /<<PKGBUILDDIR>>/scss/compiler.py:527: SassDeprecationWarning: The 'short_colors' @option no longer has any effect. (at /<<PKGBUILDDIR>>/scss/tests/files/regressions/interpolation.scss:1)
    .format(key),

scss/tests/files/regressions/issue-10.scss::/<<PKGBUILDDIR>>/scss/tests/files/regressions/issue-10.scss
  /<<PKGBUILDDIR>>/scss/compiler.py:527: SassDeprecationWarning: The 'short_colors' @option no longer has any effect. (at /<<PKGBUILDDIR>>/scss/tests/files/regressions/issue-10.scss:1)
    .format(key),

scss/tests/files/regressions/issue-110.scss::/<<PKGBUILDDIR>>/scss/tests/files/regressions/issue-110.scss
  /<<PKGBUILDDIR>>/scss/compiler.py:527: SassDeprecationWarning: The 'short_colors' @option no longer has any effect. (at /<<PKGBUILDDIR>>/scss/tests/files/regressions/issue-110.scss:1)
    .format(key),

scss/tests/files/regressions/issue-2.scss::/<<PKGBUILDDIR>>/scss/tests/files/regressions/issue-2.scss
  /<<PKGBUILDDIR>>/scss/compiler.py:527: SassDeprecationWarning: The 'short_colors' @option no longer has any effect. (at /<<PKGBUILDDIR>>/scss/tests/files/regressions/issue-2.scss:1)
    .format(key),

scss/tests/files/regressions/issue-21.scss::/<<PKGBUILDDIR>>/scss/tests/files/regressions/issue-21.scss
  /<<PKGBUILDDIR>>/scss/compiler.py:527: SassDeprecationWarning: The 'short_colors' @option no longer has any effect. (at /<<PKGBUILDDIR>>/scss/tests/files/regressions/issue-21.scss:1)
    .format(key),

scss/tests/files/regressions/issue-32.scss::/<<PKGBUILDDIR>>/scss/tests/files/regressions/issue-32.scss
  /<<PKGBUILDDIR>>/scss/compiler.py:527: SassDeprecationWarning: The 'short_colors' @option no longer has any effect. (at /<<PKGBUILDDIR>>/scss/tests/files/regressions/issue-32.scss:1)
    .format(key),

scss/tests/files/regressions/issue-4.scss::/<<PKGBUILDDIR>>/scss/tests/files/regressions/issue-4.scss
  /<<PKGBUILDDIR>>/scss/compiler.py:527: SassDeprecationWarning: The 'short_colors' @option no longer has any effect. (at /<<PKGBUILDDIR>>/scss/tests/files/regressions/issue-4.scss:1)
    .format(key),

scss/tests/files/regressions/issue-40.scss::/<<PKGBUILDDIR>>/scss/tests/files/regressions/issue-40.scss
  /<<PKGBUILDDIR>>/scss/compiler.py:527: SassDeprecationWarning: The 'short_colors' @option no longer has any effect. (at /<<PKGBUILDDIR>>/scss/tests/files/regressions/issue-40.scss:1)
    .format(key),

scss/tests/files/regressions/issue-5.scss::/<<PKGBUILDDIR>>/scss/tests/files/regressions/issue-5.scss
  /<<PKGBUILDDIR>>/scss/compiler.py:527: SassDeprecationWarning: The 'short_colors' @option no longer has any effect. (at /<<PKGBUILDDIR>>/scss/tests/files/regressions/issue-5.scss:1)
    .format(key),

scss/tests/files/regressions/issue-6.scss::/<<PKGBUILDDIR>>/scss/tests/files/regressions/issue-6.scss
  /<<PKGBUILDDIR>>/scss/compiler.py:527: SassDeprecationWarning: The 'short_colors' @option no longer has any effect. (at /<<PKGBUILDDIR>>/scss/tests/files/regressions/issue-6.scss:1)
    .format(key),

scss/tests/files/regressions/issue-7.scss::/<<PKGBUILDDIR>>/scss/tests/files/regressions/issue-7.scss
  /<<PKGBUILDDIR>>/scss/compiler.py:527: SassDeprecationWarning: The 'short_colors' @option no longer has any effect. (at /<<PKGBUILDDIR>>/scss/tests/files/regressions/issue-7.scss:1)
    .format(key),

-- Docs: https://docs.pytest.org/en/latest/warnings.html
======== 248 passed, 1 skipped, 1 xfailed, 86 warnings in 2.05 seconds =========
make[1]: Leaving directory '/<<PKGBUILDDIR>>'
 fakeroot debian/rules binary
make: pyversions: Command not found
py3versions: no X-Python3-Version in control file, using supported versions
dh /usr/share/openstack-pkg-tools/pkgos.make --buildsystem=pybuild --with python3
dh: error: Unknown sequence /usr/share/openstack-pkg-tools/pkgos.make (choose from: binary binary-arch binary-indep build build-arch build-indep clean install install-arch install-indep)
dh binary --buildsystem=pybuild --with python3
   dh_testroot -O--buildsystem=pybuild
   dh_prep -O--buildsystem=pybuild
   dh_auto_install -O--buildsystem=pybuild
I: pybuild base:217: /usr/bin/python3.8 setup.py install --root /<<PKGBUILDDIR>>/debian/python3-pyscss 
running install
running build
running build_py
running build_ext
running install_lib
creating /<<PKGBUILDDIR>>/debian/python3-pyscss/usr
creating /<<PKGBUILDDIR>>/debian/python3-pyscss/usr/lib
creating /<<PKGBUILDDIR>>/debian/python3-pyscss/usr/lib/python3.8
creating /<<PKGBUILDDIR>>/debian/python3-pyscss/usr/lib/python3.8/dist-packages
creating /<<PKGBUILDDIR>>/debian/python3-pyscss/usr/lib/python3.8/dist-packages/scss
copying /<<PKGBUILDDIR>>/.pybuild/cpython3_3.8_pyscss/build/scss/namespace.py -> /<<PKGBUILDDIR>>/debian/python3-pyscss/usr/lib/python3.8/dist-packages/scss
copying /<<PKGBUILDDIR>>/.pybuild/cpython3_3.8_pyscss/build/scss/setup.py -> /<<PKGBUILDDIR>>/debian/python3-pyscss/usr/lib/python3.8/dist-packages/scss
copying /<<PKGBUILDDIR>>/.pybuild/cpython3_3.8_pyscss/build/scss/source.py -> /<<PKGBUILDDIR>>/debian/python3-pyscss/usr/lib/python3.8/dist-packages/scss
copying /<<PKGBUILDDIR>>/.pybuild/cpython3_3.8_pyscss/build/scss/types.py -> /<<PKGBUILDDIR>>/debian/python3-pyscss/usr/lib/python3.8/dist-packages/scss
copying /<<PKGBUILDDIR>>/.pybuild/cpython3_3.8_pyscss/build/scss/errors.py -> /<<PKGBUILDDIR>>/debian/python3-pyscss/usr/lib/python3.8/dist-packages/scss
copying /<<PKGBUILDDIR>>/.pybuild/cpython3_3.8_pyscss/build/scss/scss_meta.py -> /<<PKGBUILDDIR>>/debian/python3-pyscss/usr/lib/python3.8/dist-packages/scss
copying /<<PKGBUILDDIR>>/.pybuild/cpython3_3.8_pyscss/build/scss/tool.py -> /<<PKGBUILDDIR>>/debian/python3-pyscss/usr/lib/python3.8/dist-packages/scss
copying /<<PKGBUILDDIR>>/.pybuild/cpython3_3.8_pyscss/build/scss/__init__.py -> /<<PKGBUILDDIR>>/debian/python3-pyscss/usr/lib/python3.8/dist-packages/scss
copying /<<PKGBUILDDIR>>/.pybuild/cpython3_3.8_pyscss/build/scss/__main__.py -> /<<PKGBUILDDIR>>/debian/python3-pyscss/usr/lib/python3.8/dist-packages/scss
copying /<<PKGBUILDDIR>>/.pybuild/cpython3_3.8_pyscss/build/scss/selector.py -> /<<PKGBUILDDIR>>/debian/python3-pyscss/usr/lib/python3.8/dist-packages/scss
copying /<<PKGBUILDDIR>>/.pybuild/cpython3_3.8_pyscss/build/scss/ast.py -> /<<PKGBUILDDIR>>/debian/python3-pyscss/usr/lib/python3.8/dist-packages/scss
creating /<<PKGBUILDDIR>>/debian/python3-pyscss/usr/lib/python3.8/dist-packages/scss/grammar
copying /<<PKGBUILDDIR>>/.pybuild/cpython3_3.8_pyscss/build/scss/grammar/_scanner.cpython-38-x86_64-linux-gnu.so -> /<<PKGBUILDDIR>>/debian/python3-pyscss/usr/lib/python3.8/dist-packages/scss/grammar
copying /<<PKGBUILDDIR>>/.pybuild/cpython3_3.8_pyscss/build/scss/grammar/__init__.py -> /<<PKGBUILDDIR>>/debian/python3-pyscss/usr/lib/python3.8/dist-packages/scss/grammar
copying /<<PKGBUILDDIR>>/.pybuild/cpython3_3.8_pyscss/build/scss/grammar/scanner.py -> /<<PKGBUILDDIR>>/debian/python3-pyscss/usr/lib/python3.8/dist-packages/scss/grammar
copying /<<PKGBUILDDIR>>/.pybuild/cpython3_3.8_pyscss/build/scss/grammar/expression.py -> /<<PKGBUILDDIR>>/debian/python3-pyscss/usr/lib/python3.8/dist-packages/scss/grammar
copying /<<PKGBUILDDIR>>/.pybuild/cpython3_3.8_pyscss/build/scss/compiler.py -> /<<PKGBUILDDIR>>/debian/python3-pyscss/usr/lib/python3.8/dist-packages/scss
copying /<<PKGBUILDDIR>>/.pybuild/cpython3_3.8_pyscss/build/scss/rule.py -> /<<PKGBUILDDIR>>/debian/python3-pyscss/usr/lib/python3.8/dist-packages/scss
copying /<<PKGBUILDDIR>>/.pybuild/cpython3_3.8_pyscss/build/scss/util.py -> /<<PKGBUILDDIR>>/debian/python3-pyscss/usr/lib/python3.8/dist-packages/scss
copying /<<PKGBUILDDIR>>/.pybuild/cpython3_3.8_pyscss/build/scss/legacy.py -> /<<PKGBUILDDIR>>/debian/python3-pyscss/usr/lib/python3.8/dist-packages/scss
copying /<<PKGBUILDDIR>>/.pybuild/cpython3_3.8_pyscss/build/scss/config.py -> /<<PKGBUILDDIR>>/debian/python3-pyscss/usr/lib/python3.8/dist-packages/scss
copying /<<PKGBUILDDIR>>/.pybuild/cpython3_3.8_pyscss/build/scss/less2scss.py -> /<<PKGBUILDDIR>>/debian/python3-pyscss/usr/lib/python3.8/dist-packages/scss
copying /<<PKGBUILDDIR>>/.pybuild/cpython3_3.8_pyscss/build/scss/cssdefs.py -> /<<PKGBUILDDIR>>/debian/python3-pyscss/usr/lib/python3.8/dist-packages/scss
creating /<<PKGBUILDDIR>>/debian/python3-pyscss/usr/lib/python3.8/dist-packages/scss/extension
copying /<<PKGBUILDDIR>>/.pybuild/cpython3_3.8_pyscss/build/scss/extension/api.py -> /<<PKGBUILDDIR>>/debian/python3-pyscss/usr/lib/python3.8/dist-packages/scss/extension
copying /<<PKGBUILDDIR>>/.pybuild/cpython3_3.8_pyscss/build/scss/extension/core.py -> /<<PKGBUILDDIR>>/debian/python3-pyscss/usr/lib/python3.8/dist-packages/scss/extension
copying /<<PKGBUILDDIR>>/.pybuild/cpython3_3.8_pyscss/build/scss/extension/__init__.py -> /<<PKGBUILDDIR>>/debian/python3-pyscss/usr/lib/python3.8/dist-packages/scss/extension
creating /<<PKGBUILDDIR>>/debian/python3-pyscss/usr/lib/python3.8/dist-packages/scss/extension/compass
copying /<<PKGBUILDDIR>>/.pybuild/cpython3_3.8_pyscss/build/scss/extension/compass/__init__.py -> /<<PKGBUILDDIR>>/debian/python3-pyscss/usr/lib/python3.8/dist-packages/scss/extension/compass
copying /<<PKGBUILDDIR>>/.pybuild/cpython3_3.8_pyscss/build/scss/extension/compass/layouts.py -> /<<PKGBUILDDIR>>/debian/python3-pyscss/usr/lib/python3.8/dist-packages/scss/extension/compass
copying /<<PKGBUILDDIR>>/.pybuild/cpython3_3.8_pyscss/build/scss/extension/compass/helpers.py -> /<<PKGBUILDDIR>>/debian/python3-pyscss/usr/lib/python3.8/dist-packages/scss/extension/compass
copying /<<PKGBUILDDIR>>/.pybuild/cpython3_3.8_pyscss/build/scss/extension/compass/images.py -> /<<PKGBUILDDIR>>/debian/python3-pyscss/usr/lib/python3.8/dist-packages/scss/extension/compass
copying /<<PKGBUILDDIR>>/.pybuild/cpython3_3.8_pyscss/build/scss/extension/compass/gradients.py -> /<<PKGBUILDDIR>>/debian/python3-pyscss/usr/lib/python3.8/dist-packages/scss/extension/compass
copying /<<PKGBUILDDIR>>/.pybuild/cpython3_3.8_pyscss/build/scss/extension/compass/sprites.py -> /<<PKGBUILDDIR>>/debian/python3-pyscss/usr/lib/python3.8/dist-packages/scss/extension/compass
copying /<<PKGBUILDDIR>>/.pybuild/cpython3_3.8_pyscss/build/scss/extension/fonts.py -> /<<PKGBUILDDIR>>/debian/python3-pyscss/usr/lib/python3.8/dist-packages/scss/extension
copying /<<PKGBUILDDIR>>/.pybuild/cpython3_3.8_pyscss/build/scss/extension/bootstrap.py -> /<<PKGBUILDDIR>>/debian/python3-pyscss/usr/lib/python3.8/dist-packages/scss/extension
copying /<<PKGBUILDDIR>>/.pybuild/cpython3_3.8_pyscss/build/scss/extension/extra.py -> /<<PKGBUILDDIR>>/debian/python3-pyscss/usr/lib/python3.8/dist-packages/scss/extension
copying /<<PKGBUILDDIR>>/.pybuild/cpython3_3.8_pyscss/build/scss/calculator.py -> /<<PKGBUILDDIR>>/debian/python3-pyscss/usr/lib/python3.8/dist-packages/scss
byte-compiling /<<PKGBUILDDIR>>/debian/python3-pyscss/usr/lib/python3.8/dist-packages/scss/namespace.py to namespace.cpython-38.pyc
byte-compiling /<<PKGBUILDDIR>>/debian/python3-pyscss/usr/lib/python3.8/dist-packages/scss/setup.py to setup.cpython-38.pyc
byte-compiling /<<PKGBUILDDIR>>/debian/python3-pyscss/usr/lib/python3.8/dist-packages/scss/source.py to source.cpython-38.pyc
byte-compiling /<<PKGBUILDDIR>>/debian/python3-pyscss/usr/lib/python3.8/dist-packages/scss/types.py to types.cpython-38.pyc
byte-compiling /<<PKGBUILDDIR>>/debian/python3-pyscss/usr/lib/python3.8/dist-packages/scss/errors.py to errors.cpython-38.pyc
byte-compiling /<<PKGBUILDDIR>>/debian/python3-pyscss/usr/lib/python3.8/dist-packages/scss/scss_meta.py to scss_meta.cpython-38.pyc
byte-compiling /<<PKGBUILDDIR>>/debian/python3-pyscss/usr/lib/python3.8/dist-packages/scss/tool.py to tool.cpython-38.pyc
byte-compiling /<<PKGBUILDDIR>>/debian/python3-pyscss/usr/lib/python3.8/dist-packages/scss/__init__.py to __init__.cpython-38.pyc
byte-compiling /<<PKGBUILDDIR>>/debian/python3-pyscss/usr/lib/python3.8/dist-packages/scss/__main__.py to __main__.cpython-38.pyc
byte-compiling /<<PKGBUILDDIR>>/debian/python3-pyscss/usr/lib/python3.8/dist-packages/scss/selector.py to selector.cpython-38.pyc
byte-compiling /<<PKGBUILDDIR>>/debian/python3-pyscss/usr/lib/python3.8/dist-packages/scss/ast.py to ast.cpython-38.pyc
byte-compiling /<<PKGBUILDDIR>>/debian/python3-pyscss/usr/lib/python3.8/dist-packages/scss/grammar/__init__.py to __init__.cpython-38.pyc
byte-compiling /<<PKGBUILDDIR>>/debian/python3-pyscss/usr/lib/python3.8/dist-packages/scss/grammar/scanner.py to scanner.cpython-38.pyc
byte-compiling /<<PKGBUILDDIR>>/debian/python3-pyscss/usr/lib/python3.8/dist-packages/scss/grammar/expression.py to expression.cpython-38.pyc
byte-compiling /<<PKGBUILDDIR>>/debian/python3-pyscss/usr/lib/python3.8/dist-packages/scss/compiler.py to compiler.cpython-38.pyc
byte-compiling /<<PKGBUILDDIR>>/debian/python3-pyscss/usr/lib/python3.8/dist-packages/scss/rule.py to rule.cpython-38.pyc
byte-compiling /<<PKGBUILDDIR>>/debian/python3-pyscss/usr/lib/python3.8/dist-packages/scss/util.py to util.cpython-38.pyc
byte-compiling /<<PKGBUILDDIR>>/debian/python3-pyscss/usr/lib/python3.8/dist-packages/scss/legacy.py to legacy.cpython-38.pyc
byte-compiling /<<PKGBUILDDIR>>/debian/python3-pyscss/usr/lib/python3.8/dist-packages/scss/config.py to config.cpython-38.pyc
byte-compiling /<<PKGBUILDDIR>>/debian/python3-pyscss/usr/lib/python3.8/dist-packages/scss/less2scss.py to less2scss.cpython-38.pyc
byte-compiling /<<PKGBUILDDIR>>/debian/python3-pyscss/usr/lib/python3.8/dist-packages/scss/cssdefs.py to cssdefs.cpython-38.pyc
byte-compiling /<<PKGBUILDDIR>>/debian/python3-pyscss/usr/lib/python3.8/dist-packages/scss/extension/api.py to api.cpython-38.pyc
byte-compiling /<<PKGBUILDDIR>>/debian/python3-pyscss/usr/lib/python3.8/dist-packages/scss/extension/core.py to core.cpython-38.pyc
byte-compiling /<<PKGBUILDDIR>>/debian/python3-pyscss/usr/lib/python3.8/dist-packages/scss/extension/__init__.py to __init__.cpython-38.pyc
byte-compiling /<<PKGBUILDDIR>>/debian/python3-pyscss/usr/lib/python3.8/dist-packages/scss/extension/compass/__init__.py to __init__.cpython-38.pyc
byte-compiling /<<PKGBUILDDIR>>/debian/python3-pyscss/usr/lib/python3.8/dist-packages/scss/extension/compass/layouts.py to layouts.cpython-38.pyc
byte-compiling /<<PKGBUILDDIR>>/debian/python3-pyscss/usr/lib/python3.8/dist-packages/scss/extension/compass/helpers.py to helpers.cpython-38.pyc
byte-compiling /<<PKGBUILDDIR>>/debian/python3-pyscss/usr/lib/python3.8/dist-packages/scss/extension/compass/images.py to images.cpython-38.pyc
byte-compiling /<<PKGBUILDDIR>>/debian/python3-pyscss/usr/lib/python3.8/dist-packages/scss/extension/compass/gradients.py to gradients.cpython-38.pyc
byte-compiling /<<PKGBUILDDIR>>/debian/python3-pyscss/usr/lib/python3.8/dist-packages/scss/extension/compass/sprites.py to sprites.cpython-38.pyc
byte-compiling /<<PKGBUILDDIR>>/debian/python3-pyscss/usr/lib/python3.8/dist-packages/scss/extension/fonts.py to fonts.cpython-38.pyc
byte-compiling /<<PKGBUILDDIR>>/debian/python3-pyscss/usr/lib/python3.8/dist-packages/scss/extension/bootstrap.py to bootstrap.cpython-38.pyc
byte-compiling /<<PKGBUILDDIR>>/debian/python3-pyscss/usr/lib/python3.8/dist-packages/scss/extension/extra.py to extra.cpython-38.pyc
byte-compiling /<<PKGBUILDDIR>>/debian/python3-pyscss/usr/lib/python3.8/dist-packages/scss/calculator.py to calculator.cpython-38.pyc
running install_egg_info
running egg_info
creating pyScss.egg-info
writing pyScss.egg-info/PKG-INFO
writing dependency_links to pyScss.egg-info/dependency_links.txt
writing entry points to pyScss.egg-info/entry_points.txt
writing requirements to pyScss.egg-info/requires.txt
writing top-level names to pyScss.egg-info/top_level.txt
writing manifest file 'pyScss.egg-info/SOURCES.txt'
reading manifest file 'pyScss.egg-info/SOURCES.txt'
reading manifest template 'MANIFEST.in'
writing manifest file 'pyScss.egg-info/SOURCES.txt'
Copying pyScss.egg-info to /<<PKGBUILDDIR>>/debian/python3-pyscss/usr/lib/python3.8/dist-packages/pyScss-1.3.5.egg-info
Skipping SOURCES.txt
running install_scripts
Installing pyscss script to /<<PKGBUILDDIR>>/debian/python3-pyscss/usr/bin
Installing less2scss script to /<<PKGBUILDDIR>>/debian/python3-pyscss/usr/bin
setup.py:27: DistDeprecationWarning: Features are deprecated and will be removed in a future version. See https://github.com/pypa/setuptools/issues/65.
  speedups = Feature(
/usr/lib/python3.8/distutils/core.py:108: DistDeprecationWarning: Features are deprecated and will be removed in a future version. See https://github.com/pypa/setuptools/issues/65.
  _setup_distribution = dist = klass(attrs)
I: pybuild base:217: /usr/bin/python3 setup.py install --root /<<PKGBUILDDIR>>/debian/python3-pyscss 
running install
running build
running build_py
running build_ext
running install_lib
creating /<<PKGBUILDDIR>>/debian/python3-pyscss/usr/lib/python3.7
creating /<<PKGBUILDDIR>>/debian/python3-pyscss/usr/lib/python3.7/dist-packages
creating /<<PKGBUILDDIR>>/debian/python3-pyscss/usr/lib/python3.7/dist-packages/scss
copying /<<PKGBUILDDIR>>/.pybuild/cpython3_3.7_pyscss/build/scss/namespace.py -> /<<PKGBUILDDIR>>/debian/python3-pyscss/usr/lib/python3.7/dist-packages/scss
copying /<<PKGBUILDDIR>>/.pybuild/cpython3_3.7_pyscss/build/scss/setup.py -> /<<PKGBUILDDIR>>/debian/python3-pyscss/usr/lib/python3.7/dist-packages/scss
copying /<<PKGBUILDDIR>>/.pybuild/cpython3_3.7_pyscss/build/scss/source.py -> /<<PKGBUILDDIR>>/debian/python3-pyscss/usr/lib/python3.7/dist-packages/scss
copying /<<PKGBUILDDIR>>/.pybuild/cpython3_3.7_pyscss/build/scss/types.py -> /<<PKGBUILDDIR>>/debian/python3-pyscss/usr/lib/python3.7/dist-packages/scss
copying /<<PKGBUILDDIR>>/.pybuild/cpython3_3.7_pyscss/build/scss/errors.py -> /<<PKGBUILDDIR>>/debian/python3-pyscss/usr/lib/python3.7/dist-packages/scss
copying /<<PKGBUILDDIR>>/.pybuild/cpython3_3.7_pyscss/build/scss/scss_meta.py -> /<<PKGBUILDDIR>>/debian/python3-pyscss/usr/lib/python3.7/dist-packages/scss
copying /<<PKGBUILDDIR>>/.pybuild/cpython3_3.7_pyscss/build/scss/tool.py -> /<<PKGBUILDDIR>>/debian/python3-pyscss/usr/lib/python3.7/dist-packages/scss
copying /<<PKGBUILDDIR>>/.pybuild/cpython3_3.7_pyscss/build/scss/__init__.py -> /<<PKGBUILDDIR>>/debian/python3-pyscss/usr/lib/python3.7/dist-packages/scss
copying /<<PKGBUILDDIR>>/.pybuild/cpython3_3.7_pyscss/build/scss/__main__.py -> /<<PKGBUILDDIR>>/debian/python3-pyscss/usr/lib/python3.7/dist-packages/scss
copying /<<PKGBUILDDIR>>/.pybuild/cpython3_3.7_pyscss/build/scss/selector.py -> /<<PKGBUILDDIR>>/debian/python3-pyscss/usr/lib/python3.7/dist-packages/scss
copying /<<PKGBUILDDIR>>/.pybuild/cpython3_3.7_pyscss/build/scss/ast.py -> /<<PKGBUILDDIR>>/debian/python3-pyscss/usr/lib/python3.7/dist-packages/scss
creating /<<PKGBUILDDIR>>/debian/python3-pyscss/usr/lib/python3.7/dist-packages/scss/grammar
copying /<<PKGBUILDDIR>>/.pybuild/cpython3_3.7_pyscss/build/scss/grammar/_scanner.cpython-37m-x86_64-linux-gnu.so -> /<<PKGBUILDDIR>>/debian/python3-pyscss/usr/lib/python3.7/dist-packages/scss/grammar
copying /<<PKGBUILDDIR>>/.pybuild/cpython3_3.7_pyscss/build/scss/grammar/__init__.py -> /<<PKGBUILDDIR>>/debian/python3-pyscss/usr/lib/python3.7/dist-packages/scss/grammar
copying /<<PKGBUILDDIR>>/.pybuild/cpython3_3.7_pyscss/build/scss/grammar/scanner.py -> /<<PKGBUILDDIR>>/debian/python3-pyscss/usr/lib/python3.7/dist-packages/scss/grammar
copying /<<PKGBUILDDIR>>/.pybuild/cpython3_3.7_pyscss/build/scss/grammar/expression.py -> /<<PKGBUILDDIR>>/debian/python3-pyscss/usr/lib/python3.7/dist-packages/scss/grammar
copying /<<PKGBUILDDIR>>/.pybuild/cpython3_3.7_pyscss/build/scss/compiler.py -> /<<PKGBUILDDIR>>/debian/python3-pyscss/usr/lib/python3.7/dist-packages/scss
copying /<<PKGBUILDDIR>>/.pybuild/cpython3_3.7_pyscss/build/scss/rule.py -> /<<PKGBUILDDIR>>/debian/python3-pyscss/usr/lib/python3.7/dist-packages/scss
copying /<<PKGBUILDDIR>>/.pybuild/cpython3_3.7_pyscss/build/scss/util.py -> /<<PKGBUILDDIR>>/debian/python3-pyscss/usr/lib/python3.7/dist-packages/scss
copying /<<PKGBUILDDIR>>/.pybuild/cpython3_3.7_pyscss/build/scss/legacy.py -> /<<PKGBUILDDIR>>/debian/python3-pyscss/usr/lib/python3.7/dist-packages/scss
copying /<<PKGBUILDDIR>>/.pybuild/cpython3_3.7_pyscss/build/scss/config.py -> /<<PKGBUILDDIR>>/debian/python3-pyscss/usr/lib/python3.7/dist-packages/scss
copying /<<PKGBUILDDIR>>/.pybuild/cpython3_3.7_pyscss/build/scss/less2scss.py -> /<<PKGBUILDDIR>>/debian/python3-pyscss/usr/lib/python3.7/dist-packages/scss
copying /<<PKGBUILDDIR>>/.pybuild/cpython3_3.7_pyscss/build/scss/cssdefs.py -> /<<PKGBUILDDIR>>/debian/python3-pyscss/usr/lib/python3.7/dist-packages/scss
creating /<<PKGBUILDDIR>>/debian/python3-pyscss/usr/lib/python3.7/dist-packages/scss/extension
copying /<<PKGBUILDDIR>>/.pybuild/cpython3_3.7_pyscss/build/scss/extension/api.py -> /<<PKGBUILDDIR>>/debian/python3-pyscss/usr/lib/python3.7/dist-packages/scss/extension
copying /<<PKGBUILDDIR>>/.pybuild/cpython3_3.7_pyscss/build/scss/extension/core.py -> /<<PKGBUILDDIR>>/debian/python3-pyscss/usr/lib/python3.7/dist-packages/scss/extension
copying /<<PKGBUILDDIR>>/.pybuild/cpython3_3.7_pyscss/build/scss/extension/__init__.py -> /<<PKGBUILDDIR>>/debian/python3-pyscss/usr/lib/python3.7/dist-packages/scss/extension
creating /<<PKGBUILDDIR>>/debian/python3-pyscss/usr/lib/python3.7/dist-packages/scss/extension/compass
copying /<<PKGBUILDDIR>>/.pybuild/cpython3_3.7_pyscss/build/scss/extension/compass/__init__.py -> /<<PKGBUILDDIR>>/debian/python3-pyscss/usr/lib/python3.7/dist-packages/scss/extension/compass
copying /<<PKGBUILDDIR>>/.pybuild/cpython3_3.7_pyscss/build/scss/extension/compass/layouts.py -> /<<PKGBUILDDIR>>/debian/python3-pyscss/usr/lib/python3.7/dist-packages/scss/extension/compass
copying /<<PKGBUILDDIR>>/.pybuild/cpython3_3.7_pyscss/build/scss/extension/compass/helpers.py -> /<<PKGBUILDDIR>>/debian/python3-pyscss/usr/lib/python3.7/dist-packages/scss/extension/compass
copying /<<PKGBUILDDIR>>/.pybuild/cpython3_3.7_pyscss/build/scss/extension/compass/images.py -> /<<PKGBUILDDIR>>/debian/python3-pyscss/usr/lib/python3.7/dist-packages/scss/extension/compass
copying /<<PKGBUILDDIR>>/.pybuild/cpython3_3.7_pyscss/build/scss/extension/compass/gradients.py -> /<<PKGBUILDDIR>>/debian/python3-pyscss/usr/lib/python3.7/dist-packages/scss/extension/compass
copying /<<PKGBUILDDIR>>/.pybuild/cpython3_3.7_pyscss/build/scss/extension/compass/sprites.py -> /<<PKGBUILDDIR>>/debian/python3-pyscss/usr/lib/python3.7/dist-packages/scss/extension/compass
copying /<<PKGBUILDDIR>>/.pybuild/cpython3_3.7_pyscss/build/scss/extension/fonts.py -> /<<PKGBUILDDIR>>/debian/python3-pyscss/usr/lib/python3.7/dist-packages/scss/extension
copying /<<PKGBUILDDIR>>/.pybuild/cpython3_3.7_pyscss/build/scss/extension/bootstrap.py -> /<<PKGBUILDDIR>>/debian/python3-pyscss/usr/lib/python3.7/dist-packages/scss/extension
copying /<<PKGBUILDDIR>>/.pybuild/cpython3_3.7_pyscss/build/scss/extension/extra.py -> /<<PKGBUILDDIR>>/debian/python3-pyscss/usr/lib/python3.7/dist-packages/scss/extension
copying /<<PKGBUILDDIR>>/.pybuild/cpython3_3.7_pyscss/build/scss/calculator.py -> /<<PKGBUILDDIR>>/debian/python3-pyscss/usr/lib/python3.7/dist-packages/scss
byte-compiling /<<PKGBUILDDIR>>/debian/python3-pyscss/usr/lib/python3.7/dist-packages/scss/namespace.py to namespace.cpython-37.pyc
byte-compiling /<<PKGBUILDDIR>>/debian/python3-pyscss/usr/lib/python3.7/dist-packages/scss/setup.py to setup.cpython-37.pyc
byte-compiling /<<PKGBUILDDIR>>/debian/python3-pyscss/usr/lib/python3.7/dist-packages/scss/source.py to source.cpython-37.pyc
byte-compiling /<<PKGBUILDDIR>>/debian/python3-pyscss/usr/lib/python3.7/dist-packages/scss/types.py to types.cpython-37.pyc
byte-compiling /<<PKGBUILDDIR>>/debian/python3-pyscss/usr/lib/python3.7/dist-packages/scss/errors.py to errors.cpython-37.pyc
byte-compiling /<<PKGBUILDDIR>>/debian/python3-pyscss/usr/lib/python3.7/dist-packages/scss/scss_meta.py to scss_meta.cpython-37.pyc
byte-compiling /<<PKGBUILDDIR>>/debian/python3-pyscss/usr/lib/python3.7/dist-packages/scss/tool.py to tool.cpython-37.pyc
byte-compiling /<<PKGBUILDDIR>>/debian/python3-pyscss/usr/lib/python3.7/dist-packages/scss/__init__.py to __init__.cpython-37.pyc
byte-compiling /<<PKGBUILDDIR>>/debian/python3-pyscss/usr/lib/python3.7/dist-packages/scss/__main__.py to __main__.cpython-37.pyc
byte-compiling /<<PKGBUILDDIR>>/debian/python3-pyscss/usr/lib/python3.7/dist-packages/scss/selector.py to selector.cpython-37.pyc
byte-compiling /<<PKGBUILDDIR>>/debian/python3-pyscss/usr/lib/python3.7/dist-packages/scss/ast.py to ast.cpython-37.pyc
byte-compiling /<<PKGBUILDDIR>>/debian/python3-pyscss/usr/lib/python3.7/dist-packages/scss/grammar/__init__.py to __init__.cpython-37.pyc
byte-compiling /<<PKGBUILDDIR>>/debian/python3-pyscss/usr/lib/python3.7/dist-packages/scss/grammar/scanner.py to scanner.cpython-37.pyc
byte-compiling /<<PKGBUILDDIR>>/debian/python3-pyscss/usr/lib/python3.7/dist-packages/scss/grammar/expression.py to expression.cpython-37.pyc
byte-compiling /<<PKGBUILDDIR>>/debian/python3-pyscss/usr/lib/python3.7/dist-packages/scss/compiler.py to compiler.cpython-37.pyc
byte-compiling /<<PKGBUILDDIR>>/debian/python3-pyscss/usr/lib/python3.7/dist-packages/scss/rule.py to rule.cpython-37.pyc
byte-compiling /<<PKGBUILDDIR>>/debian/python3-pyscss/usr/lib/python3.7/dist-packages/scss/util.py to util.cpython-37.pyc
byte-compiling /<<PKGBUILDDIR>>/debian/python3-pyscss/usr/lib/python3.7/dist-packages/scss/legacy.py to legacy.cpython-37.pyc
byte-compiling /<<PKGBUILDDIR>>/debian/python3-pyscss/usr/lib/python3.7/dist-packages/scss/config.py to config.cpython-37.pyc
byte-compiling /<<PKGBUILDDIR>>/debian/python3-pyscss/usr/lib/python3.7/dist-packages/scss/less2scss.py to less2scss.cpython-37.pyc
byte-compiling /<<PKGBUILDDIR>>/debian/python3-pyscss/usr/lib/python3.7/dist-packages/scss/cssdefs.py to cssdefs.cpython-37.pyc
byte-compiling /<<PKGBUILDDIR>>/debian/python3-pyscss/usr/lib/python3.7/dist-packages/scss/extension/api.py to api.cpython-37.pyc
byte-compiling /<<PKGBUILDDIR>>/debian/python3-pyscss/usr/lib/python3.7/dist-packages/scss/extension/core.py to core.cpython-37.pyc
byte-compiling /<<PKGBUILDDIR>>/debian/python3-pyscss/usr/lib/python3.7/dist-packages/scss/extension/__init__.py to __init__.cpython-37.pyc
byte-compiling /<<PKGBUILDDIR>>/debian/python3-pyscss/usr/lib/python3.7/dist-packages/scss/extension/compass/__init__.py to __init__.cpython-37.pyc
byte-compiling /<<PKGBUILDDIR>>/debian/python3-pyscss/usr/lib/python3.7/dist-packages/scss/extension/compass/layouts.py to layouts.cpython-37.pyc
byte-compiling /<<PKGBUILDDIR>>/debian/python3-pyscss/usr/lib/python3.7/dist-packages/scss/extension/compass/helpers.py to helpers.cpython-37.pyc
byte-compiling /<<PKGBUILDDIR>>/debian/python3-pyscss/usr/lib/python3.7/dist-packages/scss/extension/compass/images.py to images.cpython-37.pyc
byte-compiling /<<PKGBUILDDIR>>/debian/python3-pyscss/usr/lib/python3.7/dist-packages/scss/extension/compass/gradients.py to gradients.cpython-37.pyc
byte-compiling /<<PKGBUILDDIR>>/debian/python3-pyscss/usr/lib/python3.7/dist-packages/scss/extension/compass/sprites.py to sprites.cpython-37.pyc
byte-compiling /<<PKGBUILDDIR>>/debian/python3-pyscss/usr/lib/python3.7/dist-packages/scss/extension/fonts.py to fonts.cpython-37.pyc
byte-compiling /<<PKGBUILDDIR>>/debian/python3-pyscss/usr/lib/python3.7/dist-packages/scss/extension/bootstrap.py to bootstrap.cpython-37.pyc
byte-compiling /<<PKGBUILDDIR>>/debian/python3-pyscss/usr/lib/python3.7/dist-packages/scss/extension/extra.py to extra.cpython-37.pyc
byte-compiling /<<PKGBUILDDIR>>/debian/python3-pyscss/usr/lib/python3.7/dist-packages/scss/calculator.py to calculator.cpython-37.pyc
running install_egg_info
running egg_info
writing pyScss.egg-info/PKG-INFO
writing dependency_links to pyScss.egg-info/dependency_links.txt
writing entry points to pyScss.egg-info/entry_points.txt
writing requirements to pyScss.egg-info/requires.txt
writing top-level names to pyScss.egg-info/top_level.txt
reading manifest file 'pyScss.egg-info/SOURCES.txt'
reading manifest template 'MANIFEST.in'
writing manifest file 'pyScss.egg-info/SOURCES.txt'
Copying pyScss.egg-info to /<<PKGBUILDDIR>>/debian/python3-pyscss/usr/lib/python3.7/dist-packages/pyScss-1.3.5.egg-info
Skipping SOURCES.txt
running install_scripts
Installing pyscss script to /<<PKGBUILDDIR>>/debian/python3-pyscss/usr/bin
Installing less2scss script to /<<PKGBUILDDIR>>/debian/python3-pyscss/usr/bin
setup.py:36: DistDeprecationWarning: Features are deprecated and will be removed in a future version. See https://github.com/pypa/setuptools/issues/65.
  libraries=['pcre']
/usr/lib/python3.7/distutils/core.py:108: DistDeprecationWarning: Features are deprecated and will be removed in a future version. See https://github.com/pypa/setuptools/issues/65.
  _setup_distribution = dist = klass(attrs)
   debian/rules override_dh_install
make[1]: Entering directory '/<<PKGBUILDDIR>>'
make[1]: pyversions: Command not found
py3versions: no X-Python3-Version in control file, using supported versions
dh /usr/share/openstack-pkg-tools/pkgos.make --buildsystem=pybuild --with python3
dh: error: Unknown sequence /usr/share/openstack-pkg-tools/pkgos.make (choose from: binary binary-arch binary-indep build build-arch build-indep clean install install-arch install-indep)
xsltproc --nonet --novalid http://docbook.sourceforge.net/release/xsl/current/manpages/docbook.xsl debian/pyscss.dbk
Warn: meta author : no refentry/info/author                        pyscss
Note: meta author : see http://docbook.sf.net/el/author            pyscss
Warn: meta author : no author data, so inserted a fixme            pyscss
Note: Writing pyscss.1
xsltproc --nonet --novalid http://docbook.sourceforge.net/release/xsl/current/manpages/docbook.xsl debian/less2scss.dbk
Warn: meta author : no refentry/info/author                        less2scss
Note: meta author : see http://docbook.sf.net/el/author            less2scss
Warn: meta author : no author data, so inserted a fixme            less2scss
Note: Writing less2scss.1
dh_install
make[1]: Leaving directory '/<<PKGBUILDDIR>>'
   dh_installdocs -O--buildsystem=pybuild
   dh_installchangelogs -O--buildsystem=pybuild
   dh_installman -O--buildsystem=pybuild
   dh_python3 -O--buildsystem=pybuild
   dh_installinit -O--buildsystem=pybuild
   dh_lintian -O--buildsystem=pybuild
   dh_perl -O--buildsystem=pybuild
   dh_link -O--buildsystem=pybuild
   dh_strip_nondeterminism -O--buildsystem=pybuild
   dh_compress -O--buildsystem=pybuild
   dh_fixperms -O--buildsystem=pybuild
   dh_missing -O--buildsystem=pybuild
   dh_strip -O--buildsystem=pybuild
   dh_makeshlibs -O--buildsystem=pybuild
   dh_shlibdeps -O--buildsystem=pybuild
dpkg-shlibdeps: warning: package could avoid a useless dependency if debian/python3-pyscss/usr/lib/python3/dist-packages/scss/grammar/_scanner.cpython-38-x86_64-linux-gnu.so debian/python3-pyscss/usr/lib/python3/dist-packages/scss/grammar/_scanner.cpython-37m-x86_64-linux-gnu.so were not linked against libpthread.so.0 (they use none of the library's symbols)
   dh_installdeb -O--buildsystem=pybuild
   dh_gencontrol -O--buildsystem=pybuild
dpkg-gencontrol: warning: package python3-pyscss: substitution variable ${python3:Provides} unused, but is defined
dpkg-gencontrol: warning: package python3-pyscss: substitution variable ${python3:Versions} unused, but is defined
dpkg-gencontrol: warning: package python3-pyscss: substitution variable ${python3:Provides} unused, but is defined
dpkg-gencontrol: warning: package python3-pyscss: substitution variable ${python3:Versions} unused, but is defined
   dh_md5sums -O--buildsystem=pybuild
   dh_builddeb -O--buildsystem=pybuild
dpkg-deb: building package 'python3-pyscss' in '../python3-pyscss_1.3.5-3_amd64.deb'.
dpkg-deb: building package 'python3-pyscss-dbgsym' in '../python3-pyscss-dbgsym_1.3.5-3_amd64.deb'.
 dpkg-genbuildinfo --build=binary
 dpkg-genchanges --build=binary >../python-pyscss_1.3.5-3_amd64.changes
dpkg-genchanges: info: binary-only upload (no source code included)
 dpkg-source --after-build .
dpkg-source: info: using options from python-pyscss-1.3.5/debian/source/options: --extend-diff-ignore=^[^/]*[.]egg-info/
dpkg-buildpackage: info: binary-only upload (no source included)
--------------------------------------------------------------------------------
Build finished at 2020-02-25T04:17:42Z

Finished
--------

I: Built successfully

+------------------------------------------------------------------------------+
| Changes                                                                      |
+------------------------------------------------------------------------------+


python-pyscss_1.3.5-3_amd64.changes:
------------------------------------

Format: 1.8
Date: Sun, 25 Aug 2019 09:35:21 +0200
Source: python-pyscss
Binary: python3-pyscss python3-pyscss-dbgsym
Architecture: amd64
Version: 1.3.5-3
Distribution: unstable
Urgency: medium
Maintainer: Debian Python Modules Team <python-modules-team@lists.alioth.debian.org>
Changed-By: Ondej Nov <onovy@debian.org>
Description:
 python3-pyscss - SCSS compiler - Python 3.x
Changes:
 python-pyscss (1.3.5-3) unstable; urgency=medium
 .
   * Team upload.
   * d/control: Set Vcs-* to salsa.debian.org
   * d/copyright: Use https protocol in Format field
   * d/control: Deprecating priority extra as per policy 4.0.1
   * Convert git repository from git-dpm to gbp layout
   * Drop Python 2 support.
   * Add patch to fix tests with Python 3 only.
Checksums-Sha1:
 626f6829547018c96e89a96e99f3ef36b5b0d026 7241 python-pyscss_1.3.5-3_amd64.buildinfo
 a453d2f378dc0342b3f9def3f2fc3093a309dea3 50852 python3-pyscss-dbgsym_1.3.5-3_amd64.deb
 0d8f830cf61fb7b321d9fbb10bcbb1deeb214589 108796 python3-pyscss_1.3.5-3_amd64.deb
Checksums-Sha256:
 1725a01aa4af377d4ddff73d41e2bb56557b4b78da7ae13b739463a9212102e4 7241 python-pyscss_1.3.5-3_amd64.buildinfo
 9c96b5ce8e367872896f9b73d9beb9ae79a83b982a6ae11f675868f4f2137665 50852 python3-pyscss-dbgsym_1.3.5-3_amd64.deb
 3d30ef8a7f014281e9bd732ab7bfbf27109858d0e94a5d58e925b759f20fd5fb 108796 python3-pyscss_1.3.5-3_amd64.deb
Files:
 7b5e6419469dae3933cd849251805717 7241 python optional python-pyscss_1.3.5-3_amd64.buildinfo
 d778a80f882dde9bf9a54495c6829653 50852 debug optional python3-pyscss-dbgsym_1.3.5-3_amd64.deb
 415be62aeffa51286b9aeee5721cafb9 108796 python optional python3-pyscss_1.3.5-3_amd64.deb

+------------------------------------------------------------------------------+
| Buildinfo                                                                    |
+------------------------------------------------------------------------------+

Format: 1.0
Source: python-pyscss
Binary: python3-pyscss
Architecture: amd64
Version: 1.3.5-3
Checksums-Md5:
 d778a80f882dde9bf9a54495c6829653 50852 python3-pyscss-dbgsym_1.3.5-3_amd64.deb
 415be62aeffa51286b9aeee5721cafb9 108796 python3-pyscss_1.3.5-3_amd64.deb
Checksums-Sha1:
 a453d2f378dc0342b3f9def3f2fc3093a309dea3 50852 python3-pyscss-dbgsym_1.3.5-3_amd64.deb
 0d8f830cf61fb7b321d9fbb10bcbb1deeb214589 108796 python3-pyscss_1.3.5-3_amd64.deb
Checksums-Sha256:
 9c96b5ce8e367872896f9b73d9beb9ae79a83b982a6ae11f675868f4f2137665 50852 python3-pyscss-dbgsym_1.3.5-3_amd64.deb
 3d30ef8a7f014281e9bd732ab7bfbf27109858d0e94a5d58e925b759f20fd5fb 108796 python3-pyscss_1.3.5-3_amd64.deb
Build-Origin: Debian
Build-Architecture: amd64
Build-Date: Tue, 25 Feb 2020 04:17:42 +0000
Build-Path: /<<PKGBUILDDIR>>
Installed-Build-Depends:
 autoconf (= 2.69-11.1),
 automake (= 1:1.16.1-4),
 autopoint (= 0.19.8.1-10),
 autotools-dev (= 20180224.1),
 base-files (= 11),
 base-passwd (= 3.5.47),
 bash (= 5.0-5),
 binutils (= 2.34-3),
 binutils-common (= 2.34-3),
 binutils-x86-64-linux-gnu (= 2.34-3),
 bsdmainutils (= 11.1.2+b1),
 bsdutils (= 1:2.34-0.1),
 build-essential (= 12.8),
 bzip2 (= 1.0.8-2),
 clang-10 (= 1:10.0.0~+rc2-1),
 coreutils (= 8.30-3+b1),
 cpp (= 4:9.2.1-3.1),
 cpp-9 (= 9.2.1-29),
 dash (= 0.5.10.2-6),
 debconf (= 1.5.73),
 debhelper (= 12.9),
 debianutils (= 4.9.1),
 dh-autoreconf (= 19),
 dh-python (= 4.20191017),
 dh-strip-nondeterminism (= 1.6.3-2),
 diffutils (= 1:3.7-3),
 docbook-xsl (= 1.79.1+dfsg-2),
 dpkg (= 1.19.7),
 dpkg-dev (= 1.19.7),
 dwz (= 0.13-5),
 fdisk (= 2.34-0.1),
 file (= 1:5.38-4),
 findutils (= 4.7.0-1),
 g++ (= 4:9.2.1-3.1),
 g++-9 (= 9.2.1-29),
 gcc (= 4:9.2.1-3.1),
 gcc-10-base (= 10-20200222-1),
 gcc-9 (= 9.2.1-29),
 gcc-9-base (= 9.2.1-29),
 gettext (= 0.19.8.1-10),
 gettext-base (= 0.19.8.1-10),
 grep (= 3.4-1),
 groff-base (= 1.22.4-4),
 gzip (= 1.9-3+b1),
 hostname (= 3.23),
 init-system-helpers (= 1.57),
 intltool-debian (= 0.35.0+20060710.5),
 lib32gcc-s1 (= 10-20200222-1),
 lib32gcc1 (= 1:10-20200222-1),
 lib32stdc++6 (= 10-20200222-1),
 libacl1 (= 2.2.53-5),
 libarchive-zip-perl (= 1.67-1),
 libasan5 (= 9.2.1-29),
 libatomic1 (= 10-20200222-1),
 libattr1 (= 1:2.4.48-5),
 libaudit-common (= 1:2.8.5-2),
 libaudit1 (= 1:2.8.5-2+b1),
 libbinutils (= 2.34-3),
 libblkid1 (= 2.34-0.1),
 libbsd0 (= 0.10.0-1),
 libbz2-1.0 (= 1.0.8-2),
 libc-bin (= 2.29-10),
 libc-dev-bin (= 2.29-10),
 libc6 (= 2.29-10),
 libc6-dev (= 2.29-10),
 libc6-i386 (= 2.29-10),
 libcap-ng0 (= 0.7.9-2.1+b1),
 libcc1-0 (= 10-20200222-1),
 libclang-common-10-dev (= 1:10.0.0~+rc2-1),
 libclang-cpp10 (= 1:10.0.0~+rc2-1),
 libclang1-10 (= 1:10.0.0~+rc2-1),
 libcroco3 (= 0.6.13-1),
 libcrypt-dev (= 1:4.4.10-10),
 libcrypt1 (= 1:4.4.10-10),
 libctf-nobfd0 (= 2.34-3),
 libctf0 (= 2.34-3),
 libdb5.3 (= 5.3.28+dfsg1-0.6),
 libdebconfclient0 (= 0.251),
 libdebhelper-perl (= 12.9),
 libdpkg-perl (= 1.19.7),
 libedit2 (= 3.1-20191231-1),
 libelf1 (= 0.176-1.1),
 libexpat1 (= 2.2.9-1),
 libexpat1-dev (= 2.2.9-1),
 libfdisk1 (= 2.34-0.1),
 libffi7 (= 3.3-3),
 libfile-stripnondeterminism-perl (= 1.6.3-2),
 libfreetype6 (= 2.10.1-2),
 libgc1c2 (= 1:7.6.4-0.4),
 libgcc-9-dev (= 9.2.1-29),
 libgcc-s1 (= 10-20200222-1),
 libgcc1 (= 1:10-20200222-1),
 libgcrypt20 (= 1.8.5-5),
 libgdbm-compat4 (= 1.18.1-5),
 libgdbm6 (= 1.18.1-5),
 libglib2.0-0 (= 2.62.4-2),
 libgmp10 (= 2:6.2.0+dfsg-4),
 libgomp1 (= 10-20200222-1),
 libgpg-error0 (= 1.37-1),
 libicu63 (= 63.2-2),
 libimagequant0 (= 2.12.2-1.1),
 libisl22 (= 0.22.1-1),
 libitm1 (= 10-20200222-1),
 libjbig0 (= 2.1-3.1+b2),
 libjpeg62-turbo (= 1:1.5.2-2+b1),
 liblcms2-2 (= 2.9-4),
 libllvm10 (= 1:10.0.0~+rc2-1),
 liblsan0 (= 10-20200222-1),
 liblz4-1 (= 1.9.2-2),
 liblzma5 (= 5.2.4-1+b1),
 libmagic-mgc (= 1:5.38-4),
 libmagic1 (= 1:5.38-4),
 libmount1 (= 2.34-0.1),
 libmpc3 (= 1.1.0-1),
 libmpdec2 (= 2.4.2-2),
 libmpfr6 (= 4.0.2-1),
 libncursesw6 (= 6.1+20191019-1),
 libobjc-9-dev (= 9.2.1-29),
 libobjc4 (= 10-20200222-1),
 libpam-modules (= 1.3.1-5),
 libpam-modules-bin (= 1.3.1-5),
 libpam-runtime (= 1.3.1-5),
 libpam0g (= 1.3.1-5),
 libpcre16-3 (= 2:8.39-12+b1),
 libpcre2-8-0 (= 10.34-7),
 libpcre3 (= 2:8.39-12+b1),
 libpcre3-dev (= 2:8.39-12+b1),
 libpcre32-3 (= 2:8.39-12+b1),
 libpcrecpp0v5 (= 2:8.39-12+b1),
 libperl5.30 (= 5.30.0-9),
 libpipeline1 (= 1.5.2-2),
 libpng16-16 (= 1.6.37-2),
 libpython3-all-dev (= 3.7.5-3),
 libpython3-dev (= 3.7.5-3),
 libpython3-stdlib (= 3.7.5-3),
 libpython3.7 (= 3.7.6-1+b1),
 libpython3.7-dev (= 3.7.6-1+b1),
 libpython3.7-minimal (= 3.7.6-1+b1),
 libpython3.7-stdlib (= 3.7.6-1+b1),
 libpython3.8 (= 3.8.2~rc2-2),
 libpython3.8-dev (= 3.8.2~rc2-2),
 libpython3.8-minimal (= 3.8.2~rc2-2),
 libpython3.8-stdlib (= 3.8.2~rc2-2),
 libquadmath0 (= 10-20200222-1),
 libreadline8 (= 8.0-3),
 libseccomp2 (= 2.4.2-2),
 libselinux1 (= 3.0-1+b1),
 libsigsegv2 (= 2.12-2),
 libsmartcols1 (= 2.34-0.1),
 libsqlite3-0 (= 3.31.1-3),
 libssl1.1 (= 1.1.1d-2),
 libstdc++-9-dev (= 9.2.1-29),
 libstdc++6 (= 10-20200222-1),
 libsub-override-perl (= 0.09-2),
 libsystemd0 (= 244.3-1),
 libtiff5 (= 4.1.0+git191117-2),
 libtinfo6 (= 6.1+20191019-1),
 libtool (= 2.4.6-13),
 libtsan0 (= 10-20200222-1),
 libubsan1 (= 10-20200222-1),
 libuchardet0 (= 0.0.6-3),
 libudev1 (= 244.3-1),
 libunistring2 (= 0.9.10-2),
 libuuid1 (= 2.34-0.1),
 libwebp6 (= 0.6.1-2+b1),
 libwebpdemux2 (= 0.6.1-2+b1),
 libwebpmux3 (= 0.6.1-2+b1),
 libxml2 (= 2.9.10+dfsg-3),
 libxslt1.1 (= 1.1.34-3),
 libz3-4 (= 4.8.7-4),
 libzstd1 (= 1.4.4+dfsg-3),
 linux-libc-dev (= 5.4.19-1),
 login (= 1:4.8.1-1),
 lsb-base (= 11.1.0),
 m4 (= 1.4.18-4),
 make (= 4.2.1-1.2),
 man-db (= 2.9.0-2),
 mawk (= 1.3.4.20200120-2),
 mime-support (= 3.64),
 ncurses-base (= 6.1+20191019-1),
 ncurses-bin (= 6.1+20191019-1),
 patch (= 2.7.6-6),
 perl (= 5.30.0-9),
 perl-base (= 5.30.0-9),
 perl-modules-5.30 (= 5.30.0-9),
 po-debconf (= 1.0.21),
 python3 (= 3.7.5-3),
 python3-all (= 3.7.5-3),
 python3-all-dev (= 3.7.5-3),
 python3-atomicwrites (= 1.1.5-2),
 python3-attr (= 19.3.0-1),
 python3-dev (= 3.7.5-3),
 python3-distutils (= 3.8.0-1),
 python3-importlib-metadata (= 1.5.0-1),
 python3-lib2to3 (= 3.8.0-1),
 python3-minimal (= 3.7.5-3),
 python3-more-itertools (= 4.2.0-1),
 python3-packaging (= 19.1-2),
 python3-pil (= 7.0.0-4),
 python3-pkg-resources (= 44.0.0-1),
 python3-pluggy (= 0.13.0-2),
 python3-py (= 1.8.1-1),
 python3-pyparsing (= 2.4.6-1),
 python3-pytest (= 4.6.9-1),
 python3-setuptools (= 44.0.0-1),
 python3-six (= 1.14.0-2),
 python3-wcwidth (= 0.1.8+dfsg1-3),
 python3-zipp (= 1.0.0-1),
 python3.7 (= 3.7.6-1+b1),
 python3.7-dev (= 3.7.6-1+b1),
 python3.7-minimal (= 3.7.6-1+b1),
 python3.8 (= 3.8.2~rc2-2),
 python3.8-dev (= 3.8.2~rc2-2),
 python3.8-minimal (= 3.8.2~rc2-2),
 readline-common (= 8.0-3),
 sed (= 4.7-1),
 sensible-utils (= 0.0.12+nmu1),
 sgml-base (= 1.29.1),
 sysvinit-utils (= 2.96-2.1),
 tar (= 1.30+dfsg-6+b1),
 util-linux (= 2.34-0.1),
 xml-core (= 0.18+nmu1),
 xsltproc (= 1.1.34-3),
 xz-utils (= 5.2.4-1+b1),
 zlib1g (= 1:1.2.11.dfsg-2),
 zlib1g-dev (= 1:1.2.11.dfsg-2)
Environment:
 DEB_BUILD_OPTIONS="parallel=4"
 LANG="C.UTF-8"
 LC_ALL="C.UTF-8"
 SOURCE_DATE_EPOCH="1566718521"


+------------------------------------------------------------------------------+
| Package contents                                                             |
+------------------------------------------------------------------------------+


python3-pyscss-dbgsym_1.3.5-3_amd64.deb
---------------------------------------

 new Debian package, version 2.0.
 size 50852 bytes: control archive=608 bytes.
     437 bytes,    12 lines      control              
     212 bytes,     2 lines      md5sums              
 Package: python3-pyscss-dbgsym
 Source: python-pyscss
 Version: 1.3.5-3
 Auto-Built-Package: debug-symbols
 Architecture: amd64
 Maintainer: Debian Python Modules Team <python-modules-team@lists.alioth.debian.org>
 Installed-Size: 76
 Depends: python3-pyscss (= 1.3.5-3)
 Section: debug
 Priority: optional
 Description: debug symbols for python3-pyscss
 Build-Ids: 6cd5931e957ce83f0dbc411f3a07052f653de542 98684ff233d36bd323878236517034570f927879

drwxr-xr-x root/root         0 2019-08-25 07:35 ./
drwxr-xr-x root/root         0 2019-08-25 07:35 ./usr/
drwxr-xr-x root/root         0 2019-08-25 07:35 ./usr/lib/
drwxr-xr-x root/root         0 2019-08-25 07:35 ./usr/lib/debug/
drwxr-xr-x root/root         0 2019-08-25 07:35 ./usr/lib/debug/.build-id/
drwxr-xr-x root/root         0 2019-08-25 07:35 ./usr/lib/debug/.build-id/6c/
-rw-r--r-- root/root     33736 2019-08-25 07:35 ./usr/lib/debug/.build-id/6c/d5931e957ce83f0dbc411f3a07052f653de542.debug
drwxr-xr-x root/root         0 2019-08-25 07:35 ./usr/lib/debug/.build-id/98/
-rw-r--r-- root/root     32744 2019-08-25 07:35 ./usr/lib/debug/.build-id/98/684ff233d36bd323878236517034570f927879.debug
drwxr-xr-x root/root         0 2019-08-25 07:35 ./usr/share/
drwxr-xr-x root/root         0 2019-08-25 07:35 ./usr/share/doc/
lrwxrwxrwx root/root         0 2019-08-25 07:35 ./usr/share/doc/python3-pyscss-dbgsym -> python3-pyscss


python3-pyscss_1.3.5-3_amd64.deb
--------------------------------

 new Debian package, version 2.0.
 size 108796 bytes: control archive=2564 bytes.
     832 bytes,    19 lines      control              
    4108 bytes,    48 lines      md5sums              
     254 bytes,    12 lines   *  postinst             #!/bin/sh
     576 bytes,    22 lines   *  prerm                #!/bin/sh
 Package: python3-pyscss
 Source: python-pyscss
 Version: 1.3.5-3
 Architecture: amd64
 Maintainer: Debian Python Modules Team <python-modules-team@lists.alioth.debian.org>
 Installed-Size: 555
 Depends: python3 (<< 3.9), python3 (>= 3.7~), python3-six, python3:any, libc6 (>= 2.14), libpcre3, python3-pkg-resources
 Section: python
 Priority: optional
 Homepage: https://github.com/Kronuz/pyScss
 Description: SCSS compiler - Python 3.x
  pyScss compiles Scss (Sass), a superset of CSS that is more
  powerful, elegant and easier to maintain than plain-vanilla
  CSS. The library acts as a CSS source code preprocesor which
  allows you to use variables, nested rules, mixins, and have
  inheritance of rules, all with a CSS-compatible syntax which
  the preprocessor then compiles to standard CSS.
  .
  This package provides the Python 3.x module.

drwxr-xr-x root/root         0 2019-08-25 07:35 ./
drwxr-xr-x root/root         0 2019-08-25 07:35 ./usr/
drwxr-xr-x root/root         0 2019-08-25 07:35 ./usr/bin/
-rwxr-xr-x root/root       383 2019-08-25 07:35 ./usr/bin/less2scss
-rwxr-xr-x root/root       377 2019-08-25 07:35 ./usr/bin/pyscss
drwxr-xr-x root/root         0 2019-08-25 07:35 ./usr/lib/
drwxr-xr-x root/root         0 2019-08-25 07:35 ./usr/lib/python3/
drwxr-xr-x root/root         0 2019-08-25 07:35 ./usr/lib/python3/dist-packages/
drwxr-xr-x root/root         0 2019-08-25 07:35 ./usr/lib/python3/dist-packages/pyScss-1.3.5.egg-info/
-rw-r--r-- root/root      2852 2019-08-25 07:35 ./usr/lib/python3/dist-packages/pyScss-1.3.5.egg-info/PKG-INFO
-rw-r--r-- root/root         1 2019-08-25 07:35 ./usr/lib/python3/dist-packages/pyScss-1.3.5.egg-info/dependency_links.txt
-rw-r--r-- root/root       107 2019-08-25 07:35 ./usr/lib/python3/dist-packages/pyScss-1.3.5.egg-info/entry_points.txt
-rw-r--r-- root/root         0 2019-08-25 07:35 ./usr/lib/python3/dist-packages/pyScss-1.3.5.egg-info/requires.txt
-rw-r--r-- root/root         5 2019-08-25 07:35 ./usr/lib/python3/dist-packages/pyScss-1.3.5.egg-info/top_level.txt
drwxr-xr-x root/root         0 2019-08-25 07:35 ./usr/lib/python3/dist-packages/scss/
-rw-r--r-- root/root      2003 2016-06-09 02:04 ./usr/lib/python3/dist-packages/scss/__init__.py
-rw-r--r-- root/root        35 2016-06-09 02:04 ./usr/lib/python3/dist-packages/scss/__main__.py
-rw-r--r-- root/root     19135 2016-06-09 02:04 ./usr/lib/python3/dist-packages/scss/ast.py
-rw-r--r-- root/root      6935 2016-06-09 02:04 ./usr/lib/python3/dist-packages/scss/calculator.py
-rw-r--r-- root/root     58189 2016-06-09 02:04 ./usr/lib/python3/dist-packages/scss/compiler.py
-rw-r--r-- root/root      1312 2016-06-09 02:04 ./usr/lib/python3/dist-packages/scss/config.py
-rw-r--r-- root/root     16165 2016-06-09 02:04 ./usr/lib/python3/dist-packages/scss/cssdefs.py
-rw-r--r-- root/root      9424 2016-06-09 02:04 ./usr/lib/python3/dist-packages/scss/errors.py
drwxr-xr-x root/root         0 2019-08-25 07:35 ./usr/lib/python3/dist-packages/scss/extension/
-rw-r--r-- root/root       399 2016-06-09 02:04 ./usr/lib/python3/dist-packages/scss/extension/__init__.py
-rw-r--r-- root/root      3228 2016-06-09 02:04 ./usr/lib/python3/dist-packages/scss/extension/api.py
-rw-r--r-- root/root       667 2016-06-09 02:04 ./usr/lib/python3/dist-packages/scss/extension/bootstrap.py
drwxr-xr-x root/root         0 2019-08-25 07:35 ./usr/lib/python3/dist-packages/scss/extension/compass/
-rw-r--r-- root/root      4724 2016-06-09 02:04 ./usr/lib/python3/dist-packages/scss/extension/compass/__init__.py
-rw-r--r-- root/root     13381 2016-06-09 02:04 ./usr/lib/python3/dist-packages/scss/extension/compass/gradients.py
-rw-r--r-- root/root     19696 2016-06-09 02:04 ./usr/lib/python3/dist-packages/scss/extension/compass/helpers.py
-rw-r--r-- root/root     10674 2016-06-09 02:04 ./usr/lib/python3/dist-packages/scss/extension/compass/images.py
-rw-r--r-- root/root     14396 2016-06-09 02:04 ./usr/lib/python3/dist-packages/scss/extension/compass/layouts.py
-rw-r--r-- root/root     22422 2016-06-09 02:04 ./usr/lib/python3/dist-packages/scss/extension/compass/sprites.py
-rw-r--r-- root/root     25212 2016-06-09 02:04 ./usr/lib/python3/dist-packages/scss/extension/core.py
-rw-r--r-- root/root     16464 2016-06-09 02:04 ./usr/lib/python3/dist-packages/scss/extension/extra.py
-rw-r--r-- root/root     17177 2016-06-09 02:04 ./usr/lib/python3/dist-packages/scss/extension/fonts.py
drwxr-xr-x root/root         0 2019-08-25 07:35 ./usr/lib/python3/dist-packages/scss/grammar/
-rw-r--r-- root/root       293 2016-06-09 02:04 ./usr/lib/python3/dist-packages/scss/grammar/__init__.py
-rw-r--r-- root/root     36352 2019-08-25 07:35 ./usr/lib/python3/dist-packages/scss/grammar/_scanner.cpython-37m-x86_64-linux-gnu.so
-rw-r--r-- root/root     36384 2019-08-25 07:35 ./usr/lib/python3/dist-packages/scss/grammar/_scanner.cpython-38-x86_64-linux-gnu.so
-rw-r--r-- root/root     29851 2016-06-09 02:04 ./usr/lib/python3/dist-packages/scss/grammar/expression.py
-rw-r--r-- root/root     10657 2016-06-09 02:04 ./usr/lib/python3/dist-packages/scss/grammar/scanner.py
-rw-r--r-- root/root      7696 2016-06-09 02:04 ./usr/lib/python3/dist-packages/scss/legacy.py
-rw-r--r-- root/root      3491 2016-06-09 02:04 ./usr/lib/python3/dist-packages/scss/less2scss.py
-rw-r--r-- root/root      8239 2016-06-09 02:04 ./usr/lib/python3/dist-packages/scss/namespace.py
-rw-r--r-- root/root     11615 2016-06-09 02:04 ./usr/lib/python3/dist-packages/scss/rule.py
-rw-r--r-- root/root      2197 2016-06-09 02:04 ./usr/lib/python3/dist-packages/scss/scss_meta.py
-rw-r--r-- root/root     23440 2016-06-09 02:04 ./usr/lib/python3/dist-packages/scss/selector.py
-rw-r--r-- root/root       324 2016-06-09 02:04 ./usr/lib/python3/dist-packages/scss/setup.py
-rw-r--r-- root/root     12917 2016-06-09 02:04 ./usr/lib/python3/dist-packages/scss/source.py
-rw-r--r-- root/root     17132 2016-06-09 02:04 ./usr/lib/python3/dist-packages/scss/tool.py
-rw-r--r-- root/root     42551 2016-06-09 02:04 ./usr/lib/python3/dist-packages/scss/types.py
-rw-r--r-- root/root      6947 2016-06-09 02:04 ./usr/lib/python3/dist-packages/scss/util.py
drwxr-xr-x root/root         0 2019-08-25 07:35 ./usr/share/
drwxr-xr-x root/root         0 2019-08-25 07:35 ./usr/share/doc/
drwxr-xr-x root/root         0 2019-08-25 07:35 ./usr/share/doc/python3-pyscss/
-rw-r--r-- root/root      1677 2019-08-25 07:35 ./usr/share/doc/python3-pyscss/changelog.Debian.gz
-rw-r--r-- root/root      1441 2019-08-25 07:03 ./usr/share/doc/python3-pyscss/copyright
drwxr-xr-x root/root         0 2019-08-25 07:35 ./usr/share/lintian/
drwxr-xr-x root/root         0 2019-08-25 07:35 ./usr/share/lintian/overrides/
-rw-r--r-- root/root        62 2019-08-25 07:03 ./usr/share/lintian/overrides/python3-pyscss
drwxr-xr-x root/root         0 2019-08-25 07:35 ./usr/share/man/
drwxr-xr-x root/root         0 2019-08-25 07:35 ./usr/share/man/man1/
-rw-r--r-- root/root       632 2019-08-25 07:35 ./usr/share/man/man1/less2scss.1.gz
-rw-r--r-- root/root       637 2019-08-25 07:35 ./usr/share/man/man1/pyscss.1.gz


+------------------------------------------------------------------------------+
| Post Build                                                                   |
+------------------------------------------------------------------------------+


+------------------------------------------------------------------------------+
| Cleanup                                                                      |
+------------------------------------------------------------------------------+

Purging /<<BUILDDIR>>
Not cleaning session: cloned chroot in use

+------------------------------------------------------------------------------+
| Summary                                                                      |
+------------------------------------------------------------------------------+

Build Architecture: amd64
Build Type: binary
Build-Space: 10400
Build-Time: 15
Distribution: unstable
Host Architecture: amd64
Install-Time: 26
Job: python-pyscss_1.3.5-3
Machine Architecture: amd64
Package: python-pyscss
Package-Time: 60
Source-Version: 1.3.5-3
Space: 10400
Status: successful
Version: 1.3.5-3
--------------------------------------------------------------------------------
Finished at 2020-02-25T04:17:42Z
Build needed 00:01:00, 10400k disk space
DC-Status: OK 61.874633596s
