DC-Build-Header: python-bcrypt 3.1.7-2 / 2020-02-25 05:19:32 +0000
DC-Task: type:rebuild-binarch-only source:python-bcrypt version:3.1.7-2 chroot:unstable esttime:68 logfile:/tmp/python-bcrypt_3.1.7-2_unstable_clang10.log modes:clang10:binarch-only
DC-Sbuild-call: su user42 -c 'sbuild -n --arch-any --apt-update -d unstable -v --no-run-lintian --chroot-setup-commands=/tmp/clang10 python-bcrypt_3.1.7-2'
sbuild (Debian sbuild) 0.78.1 (09 February 2019) on ip-172-31-4-34.eu-central-1.compute.internal

+==============================================================================+
| python-bcrypt 3.1.7-2 (amd64)                Tue, 25 Feb 2020 05:19:33 +0000 |
+==============================================================================+

Package: python-bcrypt
Version: 3.1.7-2
Source Version: 3.1.7-2
Distribution: unstable
Machine Architecture: amd64
Host Architecture: amd64
Build Architecture: amd64
Build Type: binary

I: NOTICE: Log filtering will replace 'var/run/schroot/mount/sid-amd64-sbuild-37bace82-c0e7-41c2-8c79-774259971783' with '<<CHROOT>>'

+------------------------------------------------------------------------------+
| Chroot Setup Commands                                                        |
+------------------------------------------------------------------------------+


/tmp/clang10
------------

+ echo 'Entering customization script...'
Entering customization script...
+ CLANG_VERSION=10
+ echo 'Install of clang-10'
Install of clang-10
+ apt-get update
Get:1 http://127.0.0.1:12990/debian sid InRelease [142 kB]
Get:2 http://127.0.0.1:12990/debian sid/main Sources.diff/Index [27.9 kB]
Get:3 http://127.0.0.1:12990/debian sid/main amd64 Packages.diff/Index [27.9 kB]
Get:4 http://127.0.0.1:12990/debian sid/main Sources 2020-02-24-0823.32.pdiff [11.0 kB]
Get:5 http://127.0.0.1:12990/debian sid/main Sources 2020-02-24-1420.34.pdiff [30.2 kB]
Get:6 http://127.0.0.1:12990/debian sid/main Sources 2020-02-24-2014.03.pdiff [16.9 kB]
Get:7 http://127.0.0.1:12990/debian sid/main Sources 2020-02-25-0213.11.pdiff [23.2 kB]
Get:8 http://127.0.0.1:12990/debian sid/main amd64 Packages 2020-02-24-0823.32.pdiff [15.5 kB]
Get:7 http://127.0.0.1:12990/debian sid/main Sources 2020-02-25-0213.11.pdiff [23.2 kB]
Get:9 http://127.0.0.1:12990/debian sid/main amd64 Packages 2020-02-24-1420.34.pdiff [27.5 kB]
Get:10 http://127.0.0.1:12990/debian sid/main amd64 Packages 2020-02-24-2014.03.pdiff [21.6 kB]
Get:11 http://127.0.0.1:12990/debian sid/main amd64 Packages 2020-02-25-0213.11.pdiff [35.0 kB]
Get:11 http://127.0.0.1:12990/debian sid/main amd64 Packages 2020-02-25-0213.11.pdiff [35.0 kB]
Get:12 http://127.0.0.1:12990/debian sid/main Translation-en [6193 kB]
Fetched 6572 kB in 2s (2803 kB/s)
Reading package lists...
+ apt-get install --yes --no-install-recommends --force-yes clang-10 libomp-10-dev libobjc-9-dev
Reading package lists...
Building dependency tree...
The following additional packages will be installed:
  lib32gcc-s1 lib32gcc1 lib32stdc++6 libbsd0 libc6-i386 libclang-common-10-dev
  libclang-cpp10 libclang1-10 libedit2 libgc1c2 libllvm10 libobjc4 libomp5-10
  libz3-4
Suggested packages:
  clang-10-doc libomp-10-doc
Recommended packages:
  llvm-10-dev python3
The following NEW packages will be installed:
  clang-10 lib32gcc-s1 lib32gcc1 lib32stdc++6 libbsd0 libc6-i386
  libclang-common-10-dev libclang-cpp10 libclang1-10 libedit2 libgc1c2
  libllvm10 libobjc-9-dev libobjc4 libomp-10-dev libomp5-10 libz3-4
0 upgraded, 17 newly installed, 0 to remove and 2 not upgraded.
Need to get 46.4 MB of archives.
After this operation, 238 MB of additional disk space will be used.
Get:1 http://127.0.0.1:12990/debian sid/main amd64 libbsd0 amd64 0.10.0-1 [107 kB]
Get:2 http://127.0.0.1:12990/debian sid/main amd64 libedit2 amd64 3.1-20191231-1 [95.4 kB]
Get:3 http://127.0.0.1:12990/debian sid/main amd64 libz3-4 amd64 4.8.7-4 [6790 kB]
Get:4 http://127.0.0.1:12990/debian sid/main amd64 libllvm10 amd64 1:10.0.0~+rc2-1 [15.5 MB]
Get:5 http://127.0.0.1:12990/debian sid/main amd64 libclang-cpp10 amd64 1:10.0.0~+rc2-1 [9069 kB]
Get:6 http://127.0.0.1:12990/debian sid/main amd64 libgc1c2 amd64 1:7.6.4-0.4 [224 kB]
Get:7 http://127.0.0.1:12990/debian sid/main amd64 libobjc4 amd64 10-20200222-1 [41.6 kB]
Get:8 http://127.0.0.1:12990/debian sid/main amd64 libobjc-9-dev amd64 9.2.1-29 [219 kB]
Get:9 http://127.0.0.1:12990/debian sid/main amd64 libc6-i386 amd64 2.29-10 [2918 kB]
Get:10 http://127.0.0.1:12990/debian sid/main amd64 lib32gcc-s1 amd64 10-20200222-1 [49.4 kB]
Get:11 http://127.0.0.1:12990/debian sid/main amd64 lib32gcc1 amd64 1:10-20200222-1 [1104 B]
Get:12 http://127.0.0.1:12990/debian sid/main amd64 lib32stdc++6 amd64 10-20200222-1 [510 kB]
Get:13 http://127.0.0.1:12990/debian sid/main amd64 libclang-common-10-dev amd64 1:10.0.0~+rc2-1 [2782 kB]
Get:14 http://127.0.0.1:12990/debian sid/main amd64 libclang1-10 amd64 1:10.0.0~+rc2-1 [7607 kB]
Get:15 http://127.0.0.1:12990/debian sid/main amd64 clang-10 amd64 1:10.0.0~+rc2-1 [103 kB]
Get:16 http://127.0.0.1:12990/debian sid/main amd64 libomp5-10 amd64 1:10.0.0~+rc2-1 [337 kB]
Get:17 http://127.0.0.1:12990/debian sid/main amd64 libomp-10-dev amd64 1:10.0.0~+rc2-1 [84.3 kB]
debconf: delaying package configuration, since apt-utils is not installed
Fetched 46.4 MB in 2s (29.8 MB/s)
Selecting previously unselected package libbsd0:amd64.
(Reading database ... (Reading database ... 5%(Reading database ... 10%(Reading database ... 15%(Reading database ... 20%(Reading database ... 25%(Reading database ... 30%(Reading database ... 35%(Reading database ... 40%(Reading database ... 45%(Reading database ... 50%(Reading database ... 55%(Reading database ... 60%(Reading database ... 65%(Reading database ... 70%(Reading database ... 75%(Reading database ... 80%(Reading database ... 85%(Reading database ... 90%(Reading database ... 95%(Reading database ... 100%(Reading database ... 12119 files and directories currently installed.)
Preparing to unpack .../00-libbsd0_0.10.0-1_amd64.deb ...
Unpacking libbsd0:amd64 (0.10.0-1) ...
Selecting previously unselected package libedit2:amd64.
Preparing to unpack .../01-libedit2_3.1-20191231-1_amd64.deb ...
Unpacking libedit2:amd64 (3.1-20191231-1) ...
Selecting previously unselected package libz3-4:amd64.
Preparing to unpack .../02-libz3-4_4.8.7-4_amd64.deb ...
Unpacking libz3-4:amd64 (4.8.7-4) ...
Selecting previously unselected package libllvm10:amd64.
Preparing to unpack .../03-libllvm10_1%3a10.0.0~+rc2-1_amd64.deb ...
Unpacking libllvm10:amd64 (1:10.0.0~+rc2-1) ...
Selecting previously unselected package libclang-cpp10.
Preparing to unpack .../04-libclang-cpp10_1%3a10.0.0~+rc2-1_amd64.deb ...
Unpacking libclang-cpp10 (1:10.0.0~+rc2-1) ...
Selecting previously unselected package libgc1c2:amd64.
Preparing to unpack .../05-libgc1c2_1%3a7.6.4-0.4_amd64.deb ...
Unpacking libgc1c2:amd64 (1:7.6.4-0.4) ...
Selecting previously unselected package libobjc4:amd64.
Preparing to unpack .../06-libobjc4_10-20200222-1_amd64.deb ...
Unpacking libobjc4:amd64 (10-20200222-1) ...
Selecting previously unselected package libobjc-9-dev:amd64.
Preparing to unpack .../07-libobjc-9-dev_9.2.1-29_amd64.deb ...
Unpacking libobjc-9-dev:amd64 (9.2.1-29) ...
Selecting previously unselected package libc6-i386.
Preparing to unpack .../08-libc6-i386_2.29-10_amd64.deb ...
Unpacking libc6-i386 (2.29-10) ...
Selecting previously unselected package lib32gcc-s1.
Preparing to unpack .../09-lib32gcc-s1_10-20200222-1_amd64.deb ...
Unpacking lib32gcc-s1 (10-20200222-1) ...
Selecting previously unselected package lib32gcc1.
Preparing to unpack .../10-lib32gcc1_1%3a10-20200222-1_amd64.deb ...
Unpacking lib32gcc1 (1:10-20200222-1) ...
Selecting previously unselected package lib32stdc++6.
Preparing to unpack .../11-lib32stdc++6_10-20200222-1_amd64.deb ...
Unpacking lib32stdc++6 (10-20200222-1) ...
Selecting previously unselected package libclang-common-10-dev.
Preparing to unpack .../12-libclang-common-10-dev_1%3a10.0.0~+rc2-1_amd64.deb ...
Unpacking libclang-common-10-dev (1:10.0.0~+rc2-1) ...
Selecting previously unselected package libclang1-10.
Preparing to unpack .../13-libclang1-10_1%3a10.0.0~+rc2-1_amd64.deb ...
Unpacking libclang1-10 (1:10.0.0~+rc2-1) ...
Selecting previously unselected package clang-10.
Preparing to unpack .../14-clang-10_1%3a10.0.0~+rc2-1_amd64.deb ...
Unpacking clang-10 (1:10.0.0~+rc2-1) ...
Selecting previously unselected package libomp5-10:amd64.
Preparing to unpack .../15-libomp5-10_1%3a10.0.0~+rc2-1_amd64.deb ...
Unpacking libomp5-10:amd64 (1:10.0.0~+rc2-1) ...
Selecting previously unselected package libomp-10-dev.
Preparing to unpack .../16-libomp-10-dev_1%3a10.0.0~+rc2-1_amd64.deb ...
Unpacking libomp-10-dev (1:10.0.0~+rc2-1) ...
Setting up libgc1c2:amd64 (1:7.6.4-0.4) ...
Setting up libobjc4:amd64 (10-20200222-1) ...
Setting up libz3-4:amd64 (4.8.7-4) ...
Setting up libobjc-9-dev:amd64 (9.2.1-29) ...
Setting up libomp5-10:amd64 (1:10.0.0~+rc2-1) ...
Setting up libc6-i386 (2.29-10) ...
Setting up libbsd0:amd64 (0.10.0-1) ...
Setting up libomp-10-dev (1:10.0.0~+rc2-1) ...
Setting up libedit2:amd64 (3.1-20191231-1) ...
Setting up libllvm10:amd64 (1:10.0.0~+rc2-1) ...
Setting up lib32gcc-s1 (10-20200222-1) ...
Setting up libclang1-10 (1:10.0.0~+rc2-1) ...
Setting up lib32gcc1 (1:10-20200222-1) ...
Setting up libclang-cpp10 (1:10.0.0~+rc2-1) ...
Setting up lib32stdc++6 (10-20200222-1) ...
Setting up libclang-common-10-dev (1:10.0.0~+rc2-1) ...
Setting up clang-10 (1:10.0.0~+rc2-1) ...
Processing triggers for libc-bin (2.29-10) ...
W: --force-yes is deprecated, use one of the options starting with --allow instead.
+ echo 'Replace gcc, g++ & cpp by clang'
Replace gcc, g++ & cpp by clang
+ VERSIONS='4.6 4.7 4.8 4.9 5 6 7 8 9 10'
+ cd /usr/bin
+ for VERSION in $VERSIONS
+ rm -f g++-4.6 gcc-4.6 cpp-4.6 gcc
+ ln -s clang++-10 g++-4.6
+ ln -s clang-10 gcc-4.6
+ ln -s clang-10 cpp-4.6
+ ln -s clang-10 gcc
+ echo 'gcc-4.6 hold'
+ dpkg --set-selections
dpkg: warning: package not in status nor available database at line 1: gcc-4.6
dpkg: warning: found unknown packages; this might mean the available database
is outdated, and needs to be updated through a frontend method;
please see the FAQ <https://wiki.debian.org/Teams/Dpkg/FAQ>
+ echo 'g++-4.6 hold'
+ dpkg --set-selections
dpkg: warning: package not in status nor available database at line 1: g++-4.6
dpkg: warning: found unknown packages; this might mean the available database
is outdated, and needs to be updated through a frontend method;
please see the FAQ <https://wiki.debian.org/Teams/Dpkg/FAQ>
+ for VERSION in $VERSIONS
+ rm -f g++-4.7 gcc-4.7 cpp-4.7 gcc
+ ln -s clang++-10 g++-4.7
+ ln -s clang-10 gcc-4.7
+ ln -s clang-10 cpp-4.7
+ ln -s clang-10 gcc
+ echo 'gcc-4.7 hold'
+ dpkg --set-selections
dpkg: warning: package not in status nor available database at line 1: gcc-4.7
dpkg: warning: found unknown packages; this might mean the available database
is outdated, and needs to be updated through a frontend method;
please see the FAQ <https://wiki.debian.org/Teams/Dpkg/FAQ>
+ echo 'g++-4.7 hold'
+ dpkg --set-selections
dpkg: warning: package not in status nor available database at line 1: g++-4.7
dpkg: warning: found unknown packages; this might mean the available database
is outdated, and needs to be updated through a frontend method;
please see the FAQ <https://wiki.debian.org/Teams/Dpkg/FAQ>
+ for VERSION in $VERSIONS
+ rm -f g++-4.8 gcc-4.8 cpp-4.8 gcc
+ ln -s clang++-10 g++-4.8
+ ln -s clang-10 gcc-4.8
+ ln -s clang-10 cpp-4.8
+ ln -s clang-10 gcc
+ echo 'gcc-4.8 hold'
+ dpkg --set-selections
dpkg: warning: package not in status nor available database at line 1: gcc-4.8
dpkg: warning: found unknown packages; this might mean the available database
is outdated, and needs to be updated through a frontend method;
please see the FAQ <https://wiki.debian.org/Teams/Dpkg/FAQ>
+ echo 'g++-4.8 hold'
+ dpkg --set-selections
dpkg: warning: package not in status nor available database at line 1: g++-4.8
dpkg: warning: found unknown packages; this might mean the available database
is outdated, and needs to be updated through a frontend method;
please see the FAQ <https://wiki.debian.org/Teams/Dpkg/FAQ>
+ for VERSION in $VERSIONS
+ rm -f g++-4.9 gcc-4.9 cpp-4.9 gcc
+ ln -s clang++-10 g++-4.9
+ ln -s clang-10 gcc-4.9
+ ln -s clang-10 cpp-4.9
+ ln -s clang-10 gcc
+ echo 'gcc-4.9 hold'
+ dpkg --set-selections
dpkg: warning: package not in status nor available database at line 1: gcc-4.9
dpkg: warning: found unknown packages; this might mean the available database
is outdated, and needs to be updated through a frontend method;
please see the FAQ <https://wiki.debian.org/Teams/Dpkg/FAQ>
+ echo 'g++-4.9 hold'
+ dpkg --set-selections
dpkg: warning: package not in status nor available database at line 1: g++-4.9
dpkg: warning: found unknown packages; this might mean the available database
is outdated, and needs to be updated through a frontend method;
please see the FAQ <https://wiki.debian.org/Teams/Dpkg/FAQ>
+ for VERSION in $VERSIONS
+ rm -f g++-5 gcc-5 cpp-5 gcc
+ ln -s clang++-10 g++-5
+ ln -s clang-10 gcc-5
+ ln -s clang-10 cpp-5
+ ln -s clang-10 gcc
+ echo 'gcc-5 hold'
+ dpkg --set-selections
dpkg: warning: package not in status nor available database at line 1: gcc-5
dpkg: warning: found unknown packages; this might mean the available database
is outdated, and needs to be updated through a frontend method;
please see the FAQ <https://wiki.debian.org/Teams/Dpkg/FAQ>
+ echo 'g++-5 hold'
+ dpkg --set-selections
dpkg: warning: package not in status nor available database at line 1: g++-5
dpkg: warning: found unknown packages; this might mean the available database
is outdated, and needs to be updated through a frontend method;
please see the FAQ <https://wiki.debian.org/Teams/Dpkg/FAQ>
+ for VERSION in $VERSIONS
+ rm -f g++-6 gcc-6 cpp-6 gcc
+ ln -s clang++-10 g++-6
+ ln -s clang-10 gcc-6
+ ln -s clang-10 cpp-6
+ ln -s clang-10 gcc
+ echo 'gcc-6 hold'
+ dpkg --set-selections
dpkg: warning: package not in status nor available database at line 1: gcc-6
dpkg: warning: found unknown packages; this might mean the available database
is outdated, and needs to be updated through a frontend method;
please see the FAQ <https://wiki.debian.org/Teams/Dpkg/FAQ>
+ echo 'g++-6 hold'
+ dpkg --set-selections
dpkg: warning: package not in status nor available database at line 1: g++-6
dpkg: warning: found unknown packages; this might mean the available database
is outdated, and needs to be updated through a frontend method;
please see the FAQ <https://wiki.debian.org/Teams/Dpkg/FAQ>
+ for VERSION in $VERSIONS
+ rm -f g++-7 gcc-7 cpp-7 gcc
+ ln -s clang++-10 g++-7
+ ln -s clang-10 gcc-7
+ ln -s clang-10 cpp-7
+ ln -s clang-10 gcc
+ echo 'gcc-7 hold'
+ dpkg --set-selections
dpkg: warning: package not in status nor available database at line 1: gcc-7
dpkg: warning: found unknown packages; this might mean the available database
is outdated, and needs to be updated through a frontend method;
please see the FAQ <https://wiki.debian.org/Teams/Dpkg/FAQ>
+ echo 'g++-7 hold'
+ dpkg --set-selections
dpkg: warning: package not in status nor available database at line 1: g++-7
dpkg: warning: found unknown packages; this might mean the available database
is outdated, and needs to be updated through a frontend method;
please see the FAQ <https://wiki.debian.org/Teams/Dpkg/FAQ>
+ for VERSION in $VERSIONS
+ rm -f g++-8 gcc-8 cpp-8 gcc
+ ln -s clang++-10 g++-8
+ ln -s clang-10 gcc-8
+ ln -s clang-10 cpp-8
+ ln -s clang-10 gcc
+ echo 'gcc-8 hold'
+ dpkg --set-selections
dpkg: warning: package not in status nor available database at line 1: gcc-8
dpkg: warning: found unknown packages; this might mean the available database
is outdated, and needs to be updated through a frontend method;
please see the FAQ <https://wiki.debian.org/Teams/Dpkg/FAQ>
+ echo 'g++-8 hold'
+ dpkg --set-selections
dpkg: warning: package not in status nor available database at line 1: g++-8
dpkg: warning: found unknown packages; this might mean the available database
is outdated, and needs to be updated through a frontend method;
please see the FAQ <https://wiki.debian.org/Teams/Dpkg/FAQ>
+ for VERSION in $VERSIONS
+ rm -f g++-9 gcc-9 cpp-9 gcc
+ ln -s clang++-10 g++-9
+ ln -s clang-10 gcc-9
+ ln -s clang-10 cpp-9
+ ln -s clang-10 gcc
+ echo 'gcc-9 hold'
+ dpkg --set-selections
+ echo 'g++-9 hold'
+ dpkg --set-selections
+ for VERSION in $VERSIONS
+ rm -f g++-10 gcc-10 cpp-10 gcc
+ ln -s clang++-10 g++-10
+ ln -s clang-10 gcc-10
+ ln -s clang-10 cpp-10
+ ln -s clang-10 gcc
+ echo 'gcc-10 hold'
+ dpkg --set-selections
dpkg: warning: package not in status nor available database at line 1: gcc-10
dpkg: warning: found unknown packages; this might mean the available database
is outdated, and needs to be updated through a frontend method;
please see the FAQ <https://wiki.debian.org/Teams/Dpkg/FAQ>
+ echo 'g++-10 hold'
+ dpkg --set-selections
dpkg: warning: package not in status nor available database at line 1: g++-10
dpkg: warning: found unknown packages; this might mean the available database
is outdated, and needs to be updated through a frontend method;
please see the FAQ <https://wiki.debian.org/Teams/Dpkg/FAQ>
+ cd -
/build/python-bcrypt-Nz0hGh
+ echo 'Check if gcc, g++ & cpp are actually clang'
Check if gcc, g++ & cpp are actually clang
+ gcc --version
+ grep clang
+ cpp --version
+ grep clang
+ g++ --version
+ grep clang

I: Finished running '/tmp/clang10'.

Finished processing commands.
--------------------------------------------------------------------------------
I: NOTICE: Log filtering will replace 'build/python-bcrypt-Nz0hGh/resolver-XmJnz3' with '<<RESOLVERDIR>>'

+------------------------------------------------------------------------------+
| Update chroot                                                                |
+------------------------------------------------------------------------------+

Hit:1 http://127.0.0.1:12990/debian sid InRelease
Reading package lists...
Reading package lists...
Building dependency tree...
Reading state information...
Calculating upgrade...
The following packages will be upgraded:
  libgmp10 zlib1g
2 upgraded, 0 newly installed, 0 to remove and 0 not upgraded.
Need to get 343 kB of archives.
After this operation, 0 B of additional disk space will be used.
Get:1 http://127.0.0.1:12990/debian sid/main amd64 libgmp10 amd64 2:6.2.0+dfsg-4 [253 kB]
Get:2 http://127.0.0.1:12990/debian sid/main amd64 zlib1g amd64 1:1.2.11.dfsg-2 [90.4 kB]
debconf: delaying package configuration, since apt-utils is not installed
Fetched 343 kB in 0s (3618 kB/s)
(Reading database ... (Reading database ... 5%(Reading database ... 10%(Reading database ... 15%(Reading database ... 20%(Reading database ... 25%(Reading database ... 30%(Reading database ... 35%(Reading database ... 40%(Reading database ... 45%(Reading database ... 50%(Reading database ... 55%(Reading database ... 60%(Reading database ... 65%(Reading database ... 70%(Reading database ... 75%(Reading database ... 80%(Reading database ... 85%(Reading database ... 90%(Reading database ... 95%(Reading database ... 100%(Reading database ... 12960 files and directories currently installed.)
Preparing to unpack .../libgmp10_2%3a6.2.0+dfsg-4_amd64.deb ...
Unpacking libgmp10:amd64 (2:6.2.0+dfsg-4) over (2:6.2.0+dfsg-3) ...
Setting up libgmp10:amd64 (2:6.2.0+dfsg-4) ...
(Reading database ... (Reading database ... 5%(Reading database ... 10%(Reading database ... 15%(Reading database ... 20%(Reading database ... 25%(Reading database ... 30%(Reading database ... 35%(Reading database ... 40%(Reading database ... 45%(Reading database ... 50%(Reading database ... 55%(Reading database ... 60%(Reading database ... 65%(Reading database ... 70%(Reading database ... 75%(Reading database ... 80%(Reading database ... 85%(Reading database ... 90%(Reading database ... 95%(Reading database ... 100%(Reading database ... 12960 files and directories currently installed.)
Preparing to unpack .../zlib1g_1%3a1.2.11.dfsg-2_amd64.deb ...
Unpacking zlib1g:amd64 (1:1.2.11.dfsg-2) over (1:1.2.11.dfsg-1.2) ...
Setting up zlib1g:amd64 (1:1.2.11.dfsg-2) ...
Processing triggers for libc-bin (2.29-10) ...

+------------------------------------------------------------------------------+
| Fetch source files                                                           |
+------------------------------------------------------------------------------+


Check APT
---------

Checking available source versions...

Download source files with APT
------------------------------

Reading package lists...
NOTICE: 'python-bcrypt' packaging is maintained in the 'Git' version control system at:
https://salsa.debian.org/python-team/modules/python-bcrypt.git
Please use:
git clone https://salsa.debian.org/python-team/modules/python-bcrypt.git
to retrieve the latest (possibly unreleased) updates to the package.
Need to get 50.9 kB of source archives.
Get:1 http://127.0.0.1:12990/debian sid/main python-bcrypt 3.1.7-2 (dsc) [2350 B]
Get:2 http://127.0.0.1:12990/debian sid/main python-bcrypt 3.1.7-2 (tar) [34.1 kB]
Get:3 http://127.0.0.1:12990/debian sid/main python-bcrypt 3.1.7-2 (diff) [14.5 kB]
Fetched 50.9 kB in 0s (466 kB/s)
Download complete and in download only mode
I: NOTICE: Log filtering will replace 'build/python-bcrypt-Nz0hGh/python-bcrypt-3.1.7' with '<<PKGBUILDDIR>>'
I: NOTICE: Log filtering will replace 'build/python-bcrypt-Nz0hGh' with '<<BUILDDIR>>'

+------------------------------------------------------------------------------+
| Install package build dependencies                                           |
+------------------------------------------------------------------------------+


Setup apt archive
-----------------

Merged Build-Depends: debhelper-compat (= 11), dh-python, python-dev, python-setuptools, python-cffi, python-pytest, python-six, python3-dev, python3-setuptools, python3-cffi, python3-pytest, python3-six, build-essential, fakeroot
Filtered Build-Depends: debhelper-compat (= 11), dh-python, python-dev, python-setuptools, python-cffi, python-pytest, python-six, python3-dev, python3-setuptools, python3-cffi, python3-pytest, python3-six, build-essential, fakeroot
dpkg-deb: building package 'sbuild-build-depends-main-dummy' in '/<<RESOLVERDIR>>/apt_archive/sbuild-build-depends-main-dummy.deb'.
Ign:1 copy:/<<RESOLVERDIR>>/apt_archive ./ InRelease
Get:2 copy:/<<RESOLVERDIR>>/apt_archive ./ Release [957 B]
Ign:3 copy:/<<RESOLVERDIR>>/apt_archive ./ Release.gpg
Get:4 copy:/<<RESOLVERDIR>>/apt_archive ./ Sources [429 B]
Get:5 copy:/<<RESOLVERDIR>>/apt_archive ./ Packages [505 B]
Fetched 1891 B in 0s (0 B/s)
Reading package lists...
Reading package lists...

Install main build dependencies (apt-based resolver)
----------------------------------------------------

Installing build dependencies
Reading package lists...
Building dependency tree...
Reading state information...
The following additional packages will be installed:
  autoconf automake autopoint autotools-dev bsdmainutils debhelper
  dh-autoreconf dh-python dh-strip-nondeterminism dwz file gettext
  gettext-base groff-base intltool-debian libarchive-zip-perl libcroco3
  libdebhelper-perl libelf1 libexpat1 libexpat1-dev
  libfile-stripnondeterminism-perl libglib2.0-0 libicu63 libjs-jquery
  libjs-sphinxdoc libjs-underscore libmagic-mgc libmagic1 libmpdec2
  libpipeline1 libpython-dev libpython-stdlib libpython2-dev libpython2-stdlib
  libpython2.7 libpython2.7-dev libpython2.7-minimal libpython2.7-stdlib
  libpython3-dev libpython3-stdlib libpython3.7 libpython3.7-dev
  libpython3.7-minimal libpython3.7-stdlib libreadline8 libsigsegv2
  libsqlite3-0 libssl1.1 libsub-override-perl libtool libuchardet0 libxml2 m4
  man-db mime-support po-debconf python python-atomicwrites python-attr
  python-cffi python-cffi-backend python-configparser python-contextlib2
  python-dev python-funcsigs python-importlib-metadata python-minimal
  python-more-itertools python-packaging python-pathlib2 python-pkg-resources
  python-pluggy python-ply python-py python-pycparser python-pyparsing
  python-pytest python-scandir python-setuptools python-six python-wcwidth
  python-zipp python2 python2-dev python2-minimal python2.7 python2.7-dev
  python2.7-minimal python3 python3-atomicwrites python3-attr python3-cffi
  python3-cffi-backend python3-dev python3-distutils
  python3-importlib-metadata python3-lib2to3 python3-minimal
  python3-more-itertools python3-packaging python3-pkg-resources
  python3-pluggy python3-ply python3-py python3-pycparser python3-pyparsing
  python3-pytest python3-setuptools python3-six python3-wcwidth python3-zipp
  python3.7 python3.7-dev python3.7-minimal readline-common sensible-utils
  zlib1g-dev
Suggested packages:
  autoconf-archive gnu-standards autoconf-doc wamerican | wordlist whois
  vacation dh-make gettext-doc libasprintf-dev libgettextpo-dev groff
  libtool-doc gfortran | fortran95-compiler gcj-jdk m4-doc apparmor less
  www-browser libmail-box-perl python-doc python-tk python-attr-doc
  python-funcsigs-doc python-ply-doc subversion python-pyparsing-doc
  python-mock python-setuptools-doc python2-doc python2.7-doc binfmt-support
  python3-doc python3-tk python3-venv python3.7-venv python3.7-doc
  readline-doc
Recommended packages:
  curl | wget | lynx libarchive-cpio-perl libglib2.0-data shared-mime-info
  xdg-user-dirs javascript-common libltdl-dev libmail-sendmail-perl
The following NEW packages will be installed:
  autoconf automake autopoint autotools-dev bsdmainutils debhelper
  dh-autoreconf dh-python dh-strip-nondeterminism dwz file gettext
  gettext-base groff-base intltool-debian libarchive-zip-perl libcroco3
  libdebhelper-perl libelf1 libexpat1 libexpat1-dev
  libfile-stripnondeterminism-perl libglib2.0-0 libicu63 libjs-jquery
  libjs-sphinxdoc libjs-underscore libmagic-mgc libmagic1 libmpdec2
  libpipeline1 libpython-dev libpython-stdlib libpython2-dev libpython2-stdlib
  libpython2.7 libpython2.7-dev libpython2.7-minimal libpython2.7-stdlib
  libpython3-dev libpython3-stdlib libpython3.7 libpython3.7-dev
  libpython3.7-minimal libpython3.7-stdlib libreadline8 libsigsegv2
  libsqlite3-0 libssl1.1 libsub-override-perl libtool libuchardet0 libxml2 m4
  man-db mime-support po-debconf python python-atomicwrites python-attr
  python-cffi python-cffi-backend python-configparser python-contextlib2
  python-dev python-funcsigs python-importlib-metadata python-minimal
  python-more-itertools python-packaging python-pathlib2 python-pkg-resources
  python-pluggy python-ply python-py python-pycparser python-pyparsing
  python-pytest python-scandir python-setuptools python-six python-wcwidth
  python-zipp python2 python2-dev python2-minimal python2.7 python2.7-dev
  python2.7-minimal python3 python3-atomicwrites python3-attr python3-cffi
  python3-cffi-backend python3-dev python3-distutils
  python3-importlib-metadata python3-lib2to3 python3-minimal
  python3-more-itertools python3-packaging python3-pkg-resources
  python3-pluggy python3-ply python3-py python3-pycparser python3-pyparsing
  python3-pytest python3-setuptools python3-six python3-wcwidth python3-zipp
  python3.7 python3.7-dev python3.7-minimal readline-common
  sbuild-build-depends-main-dummy sensible-utils zlib1g-dev
0 upgraded, 119 newly installed, 0 to remove and 0 not upgraded.
Need to get 107 MB of archives.
After this operation, 272 MB of additional disk space will be used.
Get:1 copy:/<<RESOLVERDIR>>/apt_archive ./ sbuild-build-depends-main-dummy 0.invalid.0 [928 B]
Get:2 http://127.0.0.1:12990/debian sid/main amd64 bsdmainutils amd64 11.1.2+b1 [191 kB]
Get:3 http://127.0.0.1:12990/debian sid/main amd64 libuchardet0 amd64 0.0.6-3 [64.9 kB]
Get:4 http://127.0.0.1:12990/debian sid/main amd64 groff-base amd64 1.22.4-4 [919 kB]
Get:5 http://127.0.0.1:12990/debian sid/main amd64 libpipeline1 amd64 1.5.2-2 [33.9 kB]
Get:6 http://127.0.0.1:12990/debian sid/main amd64 man-db amd64 2.9.0-2 [1307 kB]
Get:7 http://127.0.0.1:12990/debian sid/main amd64 libpython2.7-minimal amd64 2.7.17-1+b1 [395 kB]
Get:8 http://127.0.0.1:12990/debian sid/main amd64 python2.7-minimal amd64 2.7.17-1+b1 [1342 kB]
Get:9 http://127.0.0.1:12990/debian sid/main amd64 python2-minimal amd64 2.7.17-2 [41.4 kB]
Get:10 http://127.0.0.1:12990/debian sid/main amd64 python-minimal amd64 2.7.17-2 [21.1 kB]
Get:11 http://127.0.0.1:12990/debian sid/main amd64 libssl1.1 amd64 1.1.1d-2 [1540 kB]
Get:12 http://127.0.0.1:12990/debian sid/main amd64 mime-support all 3.64 [37.8 kB]
Get:13 http://127.0.0.1:12990/debian sid/main amd64 libexpat1 amd64 2.2.9-1 [94.3 kB]
Get:14 http://127.0.0.1:12990/debian sid/main amd64 readline-common all 8.0-3 [72.5 kB]
Get:15 http://127.0.0.1:12990/debian sid/main amd64 libreadline8 amd64 8.0-3 [160 kB]
Get:16 http://127.0.0.1:12990/debian sid/main amd64 libsqlite3-0 amd64 3.31.1-3 [661 kB]
Get:17 http://127.0.0.1:12990/debian sid/main amd64 libpython2.7-stdlib amd64 2.7.17-1+b1 [1886 kB]
Get:18 http://127.0.0.1:12990/debian sid/main amd64 python2.7 amd64 2.7.17-1+b1 [309 kB]
Get:19 http://127.0.0.1:12990/debian sid/main amd64 libpython2-stdlib amd64 2.7.17-2 [20.9 kB]
Get:20 http://127.0.0.1:12990/debian sid/main amd64 libpython-stdlib amd64 2.7.17-2 [20.9 kB]
Get:21 http://127.0.0.1:12990/debian sid/main amd64 python2 amd64 2.7.17-2 [41.7 kB]
Get:22 http://127.0.0.1:12990/debian sid/main amd64 python amd64 2.7.17-2 [22.9 kB]
Get:23 http://127.0.0.1:12990/debian sid/main amd64 libpython3.7-minimal amd64 3.7.6-1+b1 [591 kB]
Get:24 http://127.0.0.1:12990/debian sid/main amd64 python3.7-minimal amd64 3.7.6-1+b1 [1813 kB]
Get:25 http://127.0.0.1:12990/debian sid/main amd64 python3-minimal amd64 3.7.5-3 [36.8 kB]
Get:26 http://127.0.0.1:12990/debian sid/main amd64 libmpdec2 amd64 2.4.2-2 [87.2 kB]
Get:27 http://127.0.0.1:12990/debian sid/main amd64 libpython3.7-stdlib amd64 3.7.6-1+b1 [1735 kB]
Get:28 http://127.0.0.1:12990/debian sid/main amd64 python3.7 amd64 3.7.6-1+b1 [351 kB]
Get:29 http://127.0.0.1:12990/debian sid/main amd64 libpython3-stdlib amd64 3.7.5-3 [20.2 kB]
Get:30 http://127.0.0.1:12990/debian sid/main amd64 python3 amd64 3.7.5-3 [62.1 kB]
Get:31 http://127.0.0.1:12990/debian sid/main amd64 sensible-utils all 0.0.12+nmu1 [16.0 kB]
Get:32 http://127.0.0.1:12990/debian sid/main amd64 libmagic-mgc amd64 1:5.38-4 [262 kB]
Get:33 http://127.0.0.1:12990/debian sid/main amd64 libmagic1 amd64 1:5.38-4 [120 kB]
Get:34 http://127.0.0.1:12990/debian sid/main amd64 file amd64 1:5.38-4 [67.9 kB]
Get:35 http://127.0.0.1:12990/debian sid/main amd64 gettext-base amd64 0.19.8.1-10 [123 kB]
Get:36 http://127.0.0.1:12990/debian sid/main amd64 libsigsegv2 amd64 2.12-2 [32.8 kB]
Get:37 http://127.0.0.1:12990/debian sid/main amd64 m4 amd64 1.4.18-4 [203 kB]
Get:38 http://127.0.0.1:12990/debian sid/main amd64 autoconf all 2.69-11.1 [341 kB]
Get:39 http://127.0.0.1:12990/debian sid/main amd64 autotools-dev all 20180224.1 [77.0 kB]
Get:40 http://127.0.0.1:12990/debian sid/main amd64 automake all 1:1.16.1-4 [771 kB]
Get:41 http://127.0.0.1:12990/debian sid/main amd64 autopoint all 0.19.8.1-10 [435 kB]
Get:42 http://127.0.0.1:12990/debian sid/main amd64 libtool all 2.4.6-13 [513 kB]
Get:43 http://127.0.0.1:12990/debian sid/main amd64 dh-autoreconf all 19 [16.9 kB]
Get:44 http://127.0.0.1:12990/debian sid/main amd64 libdebhelper-perl all 12.9 [183 kB]
Get:45 http://127.0.0.1:12990/debian sid/main amd64 libarchive-zip-perl all 1.67-1 [104 kB]
Get:46 http://127.0.0.1:12990/debian sid/main amd64 libsub-override-perl all 0.09-2 [10.2 kB]
Get:47 http://127.0.0.1:12990/debian sid/main amd64 libfile-stripnondeterminism-perl all 1.6.3-2 [23.7 kB]
Get:48 http://127.0.0.1:12990/debian sid/main amd64 dh-strip-nondeterminism all 1.6.3-2 [14.7 kB]
Get:49 http://127.0.0.1:12990/debian sid/main amd64 libelf1 amd64 0.176-1.1 [161 kB]
Get:50 http://127.0.0.1:12990/debian sid/main amd64 dwz amd64 0.13-5 [151 kB]
Get:51 http://127.0.0.1:12990/debian sid/main amd64 libglib2.0-0 amd64 2.62.4-2 [1319 kB]
Get:52 http://127.0.0.1:12990/debian sid/main amd64 libicu63 amd64 63.2-2 [8301 kB]
Get:53 http://127.0.0.1:12990/debian sid/main amd64 libxml2 amd64 2.9.10+dfsg-3 [709 kB]
Get:54 http://127.0.0.1:12990/debian sid/main amd64 libcroco3 amd64 0.6.13-1 [146 kB]
Get:55 http://127.0.0.1:12990/debian sid/main amd64 gettext amd64 0.19.8.1-10 [1303 kB]
Get:56 http://127.0.0.1:12990/debian sid/main amd64 intltool-debian all 0.35.0+20060710.5 [26.8 kB]
Get:57 http://127.0.0.1:12990/debian sid/main amd64 po-debconf all 1.0.21 [248 kB]
Get:58 http://127.0.0.1:12990/debian sid/main amd64 debhelper all 12.9 [994 kB]
Get:59 http://127.0.0.1:12990/debian sid/main amd64 python3-lib2to3 all 3.8.0-1 [78.3 kB]
Get:60 http://127.0.0.1:12990/debian sid/main amd64 python3-distutils all 3.8.0-1 [145 kB]
Get:61 http://127.0.0.1:12990/debian sid/main amd64 dh-python all 4.20191017 [94.4 kB]
Get:62 http://127.0.0.1:12990/debian sid/main amd64 libexpat1-dev amd64 2.2.9-1 [136 kB]
Get:63 http://127.0.0.1:12990/debian sid/main amd64 libjs-jquery all 3.3.1~dfsg-3 [332 kB]
Get:64 http://127.0.0.1:12990/debian sid/main amd64 libjs-underscore all 1.9.1~dfsg-1 [99.4 kB]
Get:65 http://127.0.0.1:12990/debian sid/main amd64 libjs-sphinxdoc all 1.8.5-5 [96.7 kB]
Get:66 http://127.0.0.1:12990/debian sid/main amd64 libpython2.7 amd64 2.7.17-1+b1 [1035 kB]
Get:67 http://127.0.0.1:12990/debian sid/main amd64 libpython2.7-dev amd64 2.7.17-1+b1 [27.1 MB]
Get:68 http://127.0.0.1:12990/debian sid/main amd64 libpython2-dev amd64 2.7.17-2 [21.0 kB]
Get:69 http://127.0.0.1:12990/debian sid/main amd64 libpython-dev amd64 2.7.17-2 [21.0 kB]
Get:70 http://127.0.0.1:12990/debian sid/main amd64 libpython3.7 amd64 3.7.6-1+b1 [1484 kB]
Get:71 http://127.0.0.1:12990/debian sid/main amd64 libpython3.7-dev amd64 3.7.6-1+b1 [41.4 MB]
Get:72 http://127.0.0.1:12990/debian sid/main amd64 libpython3-dev amd64 3.7.5-3 [20.3 kB]
Get:73 http://127.0.0.1:12990/debian sid/main amd64 python-atomicwrites all 1.1.5-2 [6808 B]
Get:74 http://127.0.0.1:12990/debian sid/main amd64 python-attr all 19.3.0-1 [43.0 kB]
Get:75 http://127.0.0.1:12990/debian sid/main amd64 python-cffi-backend amd64 1.14.0-1 [83.6 kB]
Get:76 http://127.0.0.1:12990/debian sid/main amd64 python-ply all 3.11-3 [65.1 kB]
Get:77 http://127.0.0.1:12990/debian sid/main amd64 python-pycparser all 2.19-1 [75.7 kB]
Get:78 http://127.0.0.1:12990/debian sid/main amd64 python-cffi all 1.14.0-1 [85.6 kB]
Get:79 http://127.0.0.1:12990/debian sid/main amd64 python-configparser all 3.5.0b2-3 [62.6 kB]
Get:80 http://127.0.0.1:12990/debian sid/main amd64 python-contextlib2 all 0.5.5-3 [12.6 kB]
Get:81 http://127.0.0.1:12990/debian sid/main amd64 python2.7-dev amd64 2.7.17-1+b1 [292 kB]
Get:82 http://127.0.0.1:12990/debian sid/main amd64 python2-dev amd64 2.7.17-2 [1220 B]
Get:83 http://127.0.0.1:12990/debian sid/main amd64 python-dev amd64 2.7.17-2 [1196 B]
Get:84 http://127.0.0.1:12990/debian sid/main amd64 python-funcsigs all 1.0.2-4 [13.7 kB]
Get:85 http://127.0.0.1:12990/debian sid/main amd64 python-six all 1.14.0-2 [16.6 kB]
Get:86 http://127.0.0.1:12990/debian sid/main amd64 python-scandir amd64 1.10.0-2 [18.5 kB]
Get:87 http://127.0.0.1:12990/debian sid/main amd64 python-pathlib2 all 2.3.5-1 [19.6 kB]
Get:88 http://127.0.0.1:12990/debian sid/main amd64 python-more-itertools all 4.2.0-1 [42.3 kB]
Get:89 http://127.0.0.1:12990/debian sid/main amd64 python-zipp all 1.0.0-1 [5860 B]
Get:90 http://127.0.0.1:12990/debian sid/main amd64 python-importlib-metadata all 1.5.0-1 [9884 B]
Get:91 http://127.0.0.1:12990/debian sid/main amd64 python-pyparsing all 2.4.6-1 [109 kB]
Get:92 http://127.0.0.1:12990/debian sid/main amd64 python-packaging all 19.1-2 [23.8 kB]
Get:93 http://127.0.0.1:12990/debian sid/main amd64 python-pkg-resources all 44.0.0-1 [184 kB]
Get:94 http://127.0.0.1:12990/debian sid/main amd64 python-pluggy all 0.13.0-2 [21.8 kB]
Get:95 http://127.0.0.1:12990/debian sid/main amd64 python-py all 1.8.1-1 [86.7 kB]
Get:96 http://127.0.0.1:12990/debian sid/main amd64 python-wcwidth all 0.1.8+dfsg1-3 [17.3 kB]
Get:97 http://127.0.0.1:12990/debian sid/main amd64 python-pytest all 4.6.9-1 [267 kB]
Get:98 http://127.0.0.1:12990/debian sid/main amd64 python-setuptools all 44.0.0-1 [385 kB]
Get:99 http://127.0.0.1:12990/debian sid/main amd64 python3-atomicwrites all 1.1.5-2 [6892 B]
Get:100 http://127.0.0.1:12990/debian sid/main amd64 python3-attr all 19.3.0-1 [43.1 kB]
Get:101 http://127.0.0.1:12990/debian sid/main amd64 python3-cffi-backend amd64 1.14.0-1 [101 kB]
Get:102 http://127.0.0.1:12990/debian sid/main amd64 python3-ply all 3.11-3 [65.1 kB]
Get:103 http://127.0.0.1:12990/debian sid/main amd64 python3-pycparser all 2.19-1 [75.6 kB]
Get:104 http://127.0.0.1:12990/debian sid/main amd64 python3-cffi all 1.14.0-1 [85.7 kB]
Get:105 http://127.0.0.1:12990/debian sid/main amd64 zlib1g-dev amd64 1:1.2.11.dfsg-2 [190 kB]
Get:106 http://127.0.0.1:12990/debian sid/main amd64 python3.7-dev amd64 3.7.6-1+b1 [518 kB]
Get:107 http://127.0.0.1:12990/debian sid/main amd64 python3-dev amd64 3.7.5-3 [1260 B]
Get:108 http://127.0.0.1:12990/debian sid/main amd64 python3-six all 1.14.0-2 [16.7 kB]
Get:109 http://127.0.0.1:12990/debian sid/main amd64 python3-more-itertools all 4.2.0-1 [42.2 kB]
Get:110 http://127.0.0.1:12990/debian sid/main amd64 python3-zipp all 1.0.0-1 [5944 B]
Get:111 http://127.0.0.1:12990/debian sid/main amd64 python3-importlib-metadata all 1.5.0-1 [9956 B]
Get:112 http://127.0.0.1:12990/debian sid/main amd64 python3-pyparsing all 2.4.6-1 [109 kB]
Get:113 http://127.0.0.1:12990/debian sid/main amd64 python3-packaging all 19.1-2 [23.9 kB]
Get:114 http://127.0.0.1:12990/debian sid/main amd64 python3-pkg-resources all 44.0.0-1 [155 kB]
Get:115 http://127.0.0.1:12990/debian sid/main amd64 python3-pluggy all 0.13.0-2 [21.9 kB]
Get:116 http://127.0.0.1:12990/debian sid/main amd64 python3-py all 1.8.1-1 [86.8 kB]
Get:117 http://127.0.0.1:12990/debian sid/main amd64 python3-wcwidth all 0.1.8+dfsg1-3 [17.4 kB]
Get:118 http://127.0.0.1:12990/debian sid/main amd64 python3-pytest all 4.6.9-1 [267 kB]
Get:119 http://127.0.0.1:12990/debian sid/main amd64 python3-setuptools all 44.0.0-1 [313 kB]
debconf: delaying package configuration, since apt-utils is not installed
Fetched 107 MB in 6s (18.8 MB/s)
Selecting previously unselected package bsdmainutils.
(Reading database ... 12960 files and directories currently installed.)
Preparing to unpack .../00-bsdmainutils_11.1.2+b1_amd64.deb ...
Unpacking bsdmainutils (11.1.2+b1) ...
Selecting previously unselected package libuchardet0:amd64.
Preparing to unpack .../01-libuchardet0_0.0.6-3_amd64.deb ...
Unpacking libuchardet0:amd64 (0.0.6-3) ...
Selecting previously unselected package groff-base.
Preparing to unpack .../02-groff-base_1.22.4-4_amd64.deb ...
Unpacking groff-base (1.22.4-4) ...
Selecting previously unselected package libpipeline1:amd64.
Preparing to unpack .../03-libpipeline1_1.5.2-2_amd64.deb ...
Unpacking libpipeline1:amd64 (1.5.2-2) ...
Selecting previously unselected package man-db.
Preparing to unpack .../04-man-db_2.9.0-2_amd64.deb ...
Unpacking man-db (2.9.0-2) ...
Selecting previously unselected package libpython2.7-minimal:amd64.
Preparing to unpack .../05-libpython2.7-minimal_2.7.17-1+b1_amd64.deb ...
Unpacking libpython2.7-minimal:amd64 (2.7.17-1+b1) ...
Selecting previously unselected package python2.7-minimal.
Preparing to unpack .../06-python2.7-minimal_2.7.17-1+b1_amd64.deb ...
Unpacking python2.7-minimal (2.7.17-1+b1) ...
Selecting previously unselected package python2-minimal.
Preparing to unpack .../07-python2-minimal_2.7.17-2_amd64.deb ...
Unpacking python2-minimal (2.7.17-2) ...
Selecting previously unselected package python-minimal.
Preparing to unpack .../08-python-minimal_2.7.17-2_amd64.deb ...
Unpacking python-minimal (2.7.17-2) ...
Selecting previously unselected package libssl1.1:amd64.
Preparing to unpack .../09-libssl1.1_1.1.1d-2_amd64.deb ...
Unpacking libssl1.1:amd64 (1.1.1d-2) ...
Selecting previously unselected package mime-support.
Preparing to unpack .../10-mime-support_3.64_all.deb ...
Unpacking mime-support (3.64) ...
Selecting previously unselected package libexpat1:amd64.
Preparing to unpack .../11-libexpat1_2.2.9-1_amd64.deb ...
Unpacking libexpat1:amd64 (2.2.9-1) ...
Selecting previously unselected package readline-common.
Preparing to unpack .../12-readline-common_8.0-3_all.deb ...
Unpacking readline-common (8.0-3) ...
Selecting previously unselected package libreadline8:amd64.
Preparing to unpack .../13-libreadline8_8.0-3_amd64.deb ...
Unpacking libreadline8:amd64 (8.0-3) ...
Selecting previously unselected package libsqlite3-0:amd64.
Preparing to unpack .../14-libsqlite3-0_3.31.1-3_amd64.deb ...
Unpacking libsqlite3-0:amd64 (3.31.1-3) ...
Selecting previously unselected package libpython2.7-stdlib:amd64.
Preparing to unpack .../15-libpython2.7-stdlib_2.7.17-1+b1_amd64.deb ...
Unpacking libpython2.7-stdlib:amd64 (2.7.17-1+b1) ...
Selecting previously unselected package python2.7.
Preparing to unpack .../16-python2.7_2.7.17-1+b1_amd64.deb ...
Unpacking python2.7 (2.7.17-1+b1) ...
Selecting previously unselected package libpython2-stdlib:amd64.
Preparing to unpack .../17-libpython2-stdlib_2.7.17-2_amd64.deb ...
Unpacking libpython2-stdlib:amd64 (2.7.17-2) ...
Selecting previously unselected package libpython-stdlib:amd64.
Preparing to unpack .../18-libpython-stdlib_2.7.17-2_amd64.deb ...
Unpacking libpython-stdlib:amd64 (2.7.17-2) ...
Setting up libpython2.7-minimal:amd64 (2.7.17-1+b1) ...
Setting up python2.7-minimal (2.7.17-1+b1) ...
Setting up python2-minimal (2.7.17-2) ...
Selecting previously unselected package python2.
(Reading database ... 14446 files and directories currently installed.)
Preparing to unpack .../python2_2.7.17-2_amd64.deb ...
Unpacking python2 (2.7.17-2) ...
Setting up python-minimal (2.7.17-2) ...
Selecting previously unselected package python.
(Reading database ... 14479 files and directories currently installed.)
Preparing to unpack .../python_2.7.17-2_amd64.deb ...
Unpacking python (2.7.17-2) ...
Selecting previously unselected package libpython3.7-minimal:amd64.
Preparing to unpack .../libpython3.7-minimal_3.7.6-1+b1_amd64.deb ...
Unpacking libpython3.7-minimal:amd64 (3.7.6-1+b1) ...
Selecting previously unselected package python3.7-minimal.
Preparing to unpack .../python3.7-minimal_3.7.6-1+b1_amd64.deb ...
Unpacking python3.7-minimal (3.7.6-1+b1) ...
Setting up libssl1.1:amd64 (1.1.1d-2) ...
Setting up libpython3.7-minimal:amd64 (3.7.6-1+b1) ...
Setting up libexpat1:amd64 (2.2.9-1) ...
Setting up python3.7-minimal (3.7.6-1+b1) ...
Selecting previously unselected package python3-minimal.
(Reading database ... 14735 files and directories currently installed.)
Preparing to unpack .../python3-minimal_3.7.5-3_amd64.deb ...
Unpacking python3-minimal (3.7.5-3) ...
Selecting previously unselected package libmpdec2:amd64.
Preparing to unpack .../libmpdec2_2.4.2-2_amd64.deb ...
Unpacking libmpdec2:amd64 (2.4.2-2) ...
Selecting previously unselected package libpython3.7-stdlib:amd64.
Preparing to unpack .../libpython3.7-stdlib_3.7.6-1+b1_amd64.deb ...
Unpacking libpython3.7-stdlib:amd64 (3.7.6-1+b1) ...
Selecting previously unselected package python3.7.
Preparing to unpack .../python3.7_3.7.6-1+b1_amd64.deb ...
Unpacking python3.7 (3.7.6-1+b1) ...
Selecting previously unselected package libpython3-stdlib:amd64.
Preparing to unpack .../libpython3-stdlib_3.7.5-3_amd64.deb ...
Unpacking libpython3-stdlib:amd64 (3.7.5-3) ...
Setting up python3-minimal (3.7.5-3) ...
Selecting previously unselected package python3.
(Reading database ... 15149 files and directories currently installed.)
Preparing to unpack .../00-python3_3.7.5-3_amd64.deb ...
Unpacking python3 (3.7.5-3) ...
Selecting previously unselected package sensible-utils.
Preparing to unpack .../01-sensible-utils_0.0.12+nmu1_all.deb ...
Unpacking sensible-utils (0.0.12+nmu1) ...
Selecting previously unselected package libmagic-mgc.
Preparing to unpack .../02-libmagic-mgc_1%3a5.38-4_amd64.deb ...
Unpacking libmagic-mgc (1:5.38-4) ...
Selecting previously unselected package libmagic1:amd64.
Preparing to unpack .../03-libmagic1_1%3a5.38-4_amd64.deb ...
Unpacking libmagic1:amd64 (1:5.38-4) ...
Selecting previously unselected package file.
Preparing to unpack .../04-file_1%3a5.38-4_amd64.deb ...
Unpacking file (1:5.38-4) ...
Selecting previously unselected package gettext-base.
Preparing to unpack .../05-gettext-base_0.19.8.1-10_amd64.deb ...
Unpacking gettext-base (0.19.8.1-10) ...
Selecting previously unselected package libsigsegv2:amd64.
Preparing to unpack .../06-libsigsegv2_2.12-2_amd64.deb ...
Unpacking libsigsegv2:amd64 (2.12-2) ...
Selecting previously unselected package m4.
Preparing to unpack .../07-m4_1.4.18-4_amd64.deb ...
Unpacking m4 (1.4.18-4) ...
Selecting previously unselected package autoconf.
Preparing to unpack .../08-autoconf_2.69-11.1_all.deb ...
Unpacking autoconf (2.69-11.1) ...
Selecting previously unselected package autotools-dev.
Preparing to unpack .../09-autotools-dev_20180224.1_all.deb ...
Unpacking autotools-dev (20180224.1) ...
Selecting previously unselected package automake.
Preparing to unpack .../10-automake_1%3a1.16.1-4_all.deb ...
Unpacking automake (1:1.16.1-4) ...
Selecting previously unselected package autopoint.
Preparing to unpack .../11-autopoint_0.19.8.1-10_all.deb ...
Unpacking autopoint (0.19.8.1-10) ...
Selecting previously unselected package libtool.
Preparing to unpack .../12-libtool_2.4.6-13_all.deb ...
Unpacking libtool (2.4.6-13) ...
Selecting previously unselected package dh-autoreconf.
Preparing to unpack .../13-dh-autoreconf_19_all.deb ...
Unpacking dh-autoreconf (19) ...
Selecting previously unselected package libdebhelper-perl.
Preparing to unpack .../14-libdebhelper-perl_12.9_all.deb ...
Unpacking libdebhelper-perl (12.9) ...
Selecting previously unselected package libarchive-zip-perl.
Preparing to unpack .../15-libarchive-zip-perl_1.67-1_all.deb ...
Unpacking libarchive-zip-perl (1.67-1) ...
Selecting previously unselected package libsub-override-perl.
Preparing to unpack .../16-libsub-override-perl_0.09-2_all.deb ...
Unpacking libsub-override-perl (0.09-2) ...
Selecting previously unselected package libfile-stripnondeterminism-perl.
Preparing to unpack .../17-libfile-stripnondeterminism-perl_1.6.3-2_all.deb ...
Unpacking libfile-stripnondeterminism-perl (1.6.3-2) ...
Selecting previously unselected package dh-strip-nondeterminism.
Preparing to unpack .../18-dh-strip-nondeterminism_1.6.3-2_all.deb ...
Unpacking dh-strip-nondeterminism (1.6.3-2) ...
Selecting previously unselected package libelf1:amd64.
Preparing to unpack .../19-libelf1_0.176-1.1_amd64.deb ...
Unpacking libelf1:amd64 (0.176-1.1) ...
Selecting previously unselected package dwz.
Preparing to unpack .../20-dwz_0.13-5_amd64.deb ...
Unpacking dwz (0.13-5) ...
Selecting previously unselected package libglib2.0-0:amd64.
Preparing to unpack .../21-libglib2.0-0_2.62.4-2_amd64.deb ...
Unpacking libglib2.0-0:amd64 (2.62.4-2) ...
Selecting previously unselected package libicu63:amd64.
Preparing to unpack .../22-libicu63_63.2-2_amd64.deb ...
Unpacking libicu63:amd64 (63.2-2) ...
Selecting previously unselected package libxml2:amd64.
Preparing to unpack .../23-libxml2_2.9.10+dfsg-3_amd64.deb ...
Unpacking libxml2:amd64 (2.9.10+dfsg-3) ...
Selecting previously unselected package libcroco3:amd64.
Preparing to unpack .../24-libcroco3_0.6.13-1_amd64.deb ...
Unpacking libcroco3:amd64 (0.6.13-1) ...
Selecting previously unselected package gettext.
Preparing to unpack .../25-gettext_0.19.8.1-10_amd64.deb ...
Unpacking gettext (0.19.8.1-10) ...
Selecting previously unselected package intltool-debian.
Preparing to unpack .../26-intltool-debian_0.35.0+20060710.5_all.deb ...
Unpacking intltool-debian (0.35.0+20060710.5) ...
Selecting previously unselected package po-debconf.
Preparing to unpack .../27-po-debconf_1.0.21_all.deb ...
Unpacking po-debconf (1.0.21) ...
Selecting previously unselected package debhelper.
Preparing to unpack .../28-debhelper_12.9_all.deb ...
Unpacking debhelper (12.9) ...
Selecting previously unselected package python3-lib2to3.
Preparing to unpack .../29-python3-lib2to3_3.8.0-1_all.deb ...
Unpacking python3-lib2to3 (3.8.0-1) ...
Selecting previously unselected package python3-distutils.
Preparing to unpack .../30-python3-distutils_3.8.0-1_all.deb ...
Unpacking python3-distutils (3.8.0-1) ...
Selecting previously unselected package dh-python.
Preparing to unpack .../31-dh-python_4.20191017_all.deb ...
Unpacking dh-python (4.20191017) ...
Selecting previously unselected package libexpat1-dev:amd64.
Preparing to unpack .../32-libexpat1-dev_2.2.9-1_amd64.deb ...
Unpacking libexpat1-dev:amd64 (2.2.9-1) ...
Selecting previously unselected package libjs-jquery.
Preparing to unpack .../33-libjs-jquery_3.3.1~dfsg-3_all.deb ...
Unpacking libjs-jquery (3.3.1~dfsg-3) ...
Selecting previously unselected package libjs-underscore.
Preparing to unpack .../34-libjs-underscore_1.9.1~dfsg-1_all.deb ...
Unpacking libjs-underscore (1.9.1~dfsg-1) ...
Selecting previously unselected package libjs-sphinxdoc.
Preparing to unpack .../35-libjs-sphinxdoc_1.8.5-5_all.deb ...
Unpacking libjs-sphinxdoc (1.8.5-5) ...
Selecting previously unselected package libpython2.7:amd64.
Preparing to unpack .../36-libpython2.7_2.7.17-1+b1_amd64.deb ...
Unpacking libpython2.7:amd64 (2.7.17-1+b1) ...
Selecting previously unselected package libpython2.7-dev:amd64.
Preparing to unpack .../37-libpython2.7-dev_2.7.17-1+b1_amd64.deb ...
Unpacking libpython2.7-dev:amd64 (2.7.17-1+b1) ...
Selecting previously unselected package libpython2-dev:amd64.
Preparing to unpack .../38-libpython2-dev_2.7.17-2_amd64.deb ...
Unpacking libpython2-dev:amd64 (2.7.17-2) ...
Selecting previously unselected package libpython-dev:amd64.
Preparing to unpack .../39-libpython-dev_2.7.17-2_amd64.deb ...
Unpacking libpython-dev:amd64 (2.7.17-2) ...
Selecting previously unselected package libpython3.7:amd64.
Preparing to unpack .../40-libpython3.7_3.7.6-1+b1_amd64.deb ...
Unpacking libpython3.7:amd64 (3.7.6-1+b1) ...
Selecting previously unselected package libpython3.7-dev:amd64.
Preparing to unpack .../41-libpython3.7-dev_3.7.6-1+b1_amd64.deb ...
Unpacking libpython3.7-dev:amd64 (3.7.6-1+b1) ...
Selecting previously unselected package libpython3-dev:amd64.
Preparing to unpack .../42-libpython3-dev_3.7.5-3_amd64.deb ...
Unpacking libpython3-dev:amd64 (3.7.5-3) ...
Selecting previously unselected package python-atomicwrites.
Preparing to unpack .../43-python-atomicwrites_1.1.5-2_all.deb ...
Unpacking python-atomicwrites (1.1.5-2) ...
Selecting previously unselected package python-attr.
Preparing to unpack .../44-python-attr_19.3.0-1_all.deb ...
Unpacking python-attr (19.3.0-1) ...
Selecting previously unselected package python-cffi-backend.
Preparing to unpack .../45-python-cffi-backend_1.14.0-1_amd64.deb ...
Unpacking python-cffi-backend (1.14.0-1) ...
Selecting previously unselected package python-ply.
Preparing to unpack .../46-python-ply_3.11-3_all.deb ...
Unpacking python-ply (3.11-3) ...
Selecting previously unselected package python-pycparser.
Preparing to unpack .../47-python-pycparser_2.19-1_all.deb ...
Unpacking python-pycparser (2.19-1) ...
Selecting previously unselected package python-cffi.
Preparing to unpack .../48-python-cffi_1.14.0-1_all.deb ...
Unpacking python-cffi (1.14.0-1) ...
Selecting previously unselected package python-configparser.
Preparing to unpack .../49-python-configparser_3.5.0b2-3_all.deb ...
Unpacking python-configparser (3.5.0b2-3) ...
Selecting previously unselected package python-contextlib2.
Preparing to unpack .../50-python-contextlib2_0.5.5-3_all.deb ...
Unpacking python-contextlib2 (0.5.5-3) ...
Selecting previously unselected package python2.7-dev.
Preparing to unpack .../51-python2.7-dev_2.7.17-1+b1_amd64.deb ...
Unpacking python2.7-dev (2.7.17-1+b1) ...
Selecting previously unselected package python2-dev.
Preparing to unpack .../52-python2-dev_2.7.17-2_amd64.deb ...
Unpacking python2-dev (2.7.17-2) ...
Selecting previously unselected package python-dev.
Preparing to unpack .../53-python-dev_2.7.17-2_amd64.deb ...
Unpacking python-dev (2.7.17-2) ...
Selecting previously unselected package python-funcsigs.
Preparing to unpack .../54-python-funcsigs_1.0.2-4_all.deb ...
Unpacking python-funcsigs (1.0.2-4) ...
Selecting previously unselected package python-six.
Preparing to unpack .../55-python-six_1.14.0-2_all.deb ...
Unpacking python-six (1.14.0-2) ...
Selecting previously unselected package python-scandir.
Preparing to unpack .../56-python-scandir_1.10.0-2_amd64.deb ...
Unpacking python-scandir (1.10.0-2) ...
Selecting previously unselected package python-pathlib2.
Preparing to unpack .../57-python-pathlib2_2.3.5-1_all.deb ...
Unpacking python-pathlib2 (2.3.5-1) ...
Selecting previously unselected package python-more-itertools.
Preparing to unpack .../58-python-more-itertools_4.2.0-1_all.deb ...
Unpacking python-more-itertools (4.2.0-1) ...
Selecting previously unselected package python-zipp.
Preparing to unpack .../59-python-zipp_1.0.0-1_all.deb ...
Unpacking python-zipp (1.0.0-1) ...
Selecting previously unselected package python-importlib-metadata.
Preparing to unpack .../60-python-importlib-metadata_1.5.0-1_all.deb ...
Unpacking python-importlib-metadata (1.5.0-1) ...
Selecting previously unselected package python-pyparsing.
Preparing to unpack .../61-python-pyparsing_2.4.6-1_all.deb ...
Unpacking python-pyparsing (2.4.6-1) ...
Selecting previously unselected package python-packaging.
Preparing to unpack .../62-python-packaging_19.1-2_all.deb ...
Unpacking python-packaging (19.1-2) ...
Selecting previously unselected package python-pkg-resources.
Preparing to unpack .../63-python-pkg-resources_44.0.0-1_all.deb ...
Unpacking python-pkg-resources (44.0.0-1) ...
Selecting previously unselected package python-pluggy.
Preparing to unpack .../64-python-pluggy_0.13.0-2_all.deb ...
Unpacking python-pluggy (0.13.0-2) ...
Selecting previously unselected package python-py.
Preparing to unpack .../65-python-py_1.8.1-1_all.deb ...
Unpacking python-py (1.8.1-1) ...
Selecting previously unselected package python-wcwidth.
Preparing to unpack .../66-python-wcwidth_0.1.8+dfsg1-3_all.deb ...
Unpacking python-wcwidth (0.1.8+dfsg1-3) ...
Selecting previously unselected package python-pytest.
Preparing to unpack .../67-python-pytest_4.6.9-1_all.deb ...
Unpacking python-pytest (4.6.9-1) ...
Selecting previously unselected package python-setuptools.
Preparing to unpack .../68-python-setuptools_44.0.0-1_all.deb ...
Unpacking python-setuptools (44.0.0-1) ...
Selecting previously unselected package python3-atomicwrites.
Preparing to unpack .../69-python3-atomicwrites_1.1.5-2_all.deb ...
Unpacking python3-atomicwrites (1.1.5-2) ...
Selecting previously unselected package python3-attr.
Preparing to unpack .../70-python3-attr_19.3.0-1_all.deb ...
Unpacking python3-attr (19.3.0-1) ...
Selecting previously unselected package python3-cffi-backend.
Preparing to unpack .../71-python3-cffi-backend_1.14.0-1_amd64.deb ...
Unpacking python3-cffi-backend (1.14.0-1) ...
Selecting previously unselected package python3-ply.
Preparing to unpack .../72-python3-ply_3.11-3_all.deb ...
Unpacking python3-ply (3.11-3) ...
Selecting previously unselected package python3-pycparser.
Preparing to unpack .../73-python3-pycparser_2.19-1_all.deb ...
Unpacking python3-pycparser (2.19-1) ...
Selecting previously unselected package python3-cffi.
Preparing to unpack .../74-python3-cffi_1.14.0-1_all.deb ...
Unpacking python3-cffi (1.14.0-1) ...
Selecting previously unselected package zlib1g-dev:amd64.
Preparing to unpack .../75-zlib1g-dev_1%3a1.2.11.dfsg-2_amd64.deb ...
Unpacking zlib1g-dev:amd64 (1:1.2.11.dfsg-2) ...
Selecting previously unselected package python3.7-dev.
Preparing to unpack .../76-python3.7-dev_3.7.6-1+b1_amd64.deb ...
Unpacking python3.7-dev (3.7.6-1+b1) ...
Selecting previously unselected package python3-dev.
Preparing to unpack .../77-python3-dev_3.7.5-3_amd64.deb ...
Unpacking python3-dev (3.7.5-3) ...
Selecting previously unselected package python3-six.
Preparing to unpack .../78-python3-six_1.14.0-2_all.deb ...
Unpacking python3-six (1.14.0-2) ...
Selecting previously unselected package python3-more-itertools.
Preparing to unpack .../79-python3-more-itertools_4.2.0-1_all.deb ...
Unpacking python3-more-itertools (4.2.0-1) ...
Selecting previously unselected package python3-zipp.
Preparing to unpack .../80-python3-zipp_1.0.0-1_all.deb ...
Unpacking python3-zipp (1.0.0-1) ...
Selecting previously unselected package python3-importlib-metadata.
Preparing to unpack .../81-python3-importlib-metadata_1.5.0-1_all.deb ...
Unpacking python3-importlib-metadata (1.5.0-1) ...
Selecting previously unselected package python3-pyparsing.
Preparing to unpack .../82-python3-pyparsing_2.4.6-1_all.deb ...
Unpacking python3-pyparsing (2.4.6-1) ...
Selecting previously unselected package python3-packaging.
Preparing to unpack .../83-python3-packaging_19.1-2_all.deb ...
Unpacking python3-packaging (19.1-2) ...
Selecting previously unselected package python3-pkg-resources.
Preparing to unpack .../84-python3-pkg-resources_44.0.0-1_all.deb ...
Unpacking python3-pkg-resources (44.0.0-1) ...
Selecting previously unselected package python3-pluggy.
Preparing to unpack .../85-python3-pluggy_0.13.0-2_all.deb ...
Unpacking python3-pluggy (0.13.0-2) ...
Selecting previously unselected package python3-py.
Preparing to unpack .../86-python3-py_1.8.1-1_all.deb ...
Unpacking python3-py (1.8.1-1) ...
Selecting previously unselected package python3-wcwidth.
Preparing to unpack .../87-python3-wcwidth_0.1.8+dfsg1-3_all.deb ...
Unpacking python3-wcwidth (0.1.8+dfsg1-3) ...
Selecting previously unselected package python3-pytest.
Preparing to unpack .../88-python3-pytest_4.6.9-1_all.deb ...
Unpacking python3-pytest (4.6.9-1) ...
Selecting previously unselected package python3-setuptools.
Preparing to unpack .../89-python3-setuptools_44.0.0-1_all.deb ...
Unpacking python3-setuptools (44.0.0-1) ...
Selecting previously unselected package sbuild-build-depends-main-dummy.
Preparing to unpack .../90-sbuild-build-depends-main-dummy_0.invalid.0_amd64.deb ...
Unpacking sbuild-build-depends-main-dummy (0.invalid.0) ...
Setting up libpipeline1:amd64 (1.5.2-2) ...
Setting up mime-support (3.64) ...
Setting up libmagic-mgc (1:5.38-4) ...
Setting up libarchive-zip-perl (1.67-1) ...
Setting up libglib2.0-0:amd64 (2.62.4-2) ...
No schema files found: doing nothing.
Setting up libdebhelper-perl (12.9) ...
Setting up libsqlite3-0:amd64 (3.31.1-3) ...
Setting up libmagic1:amd64 (1:5.38-4) ...
Setting up gettext-base (0.19.8.1-10) ...
Setting up file (1:5.38-4) ...
Setting up libicu63:amd64 (63.2-2) ...
Setting up autotools-dev (20180224.1) ...
Setting up libexpat1-dev:amd64 (2.2.9-1) ...
Setting up libsigsegv2:amd64 (2.12-2) ...
Setting up bsdmainutils (11.1.2+b1) ...
update-alternatives: using /usr/bin/bsd-write to provide /usr/bin/write (write) in auto mode
update-alternatives: using /usr/bin/bsd-from to provide /usr/bin/from (from) in auto mode
Setting up autopoint (0.19.8.1-10) ...
Setting up zlib1g-dev:amd64 (1:1.2.11.dfsg-2) ...
Setting up sensible-utils (0.0.12+nmu1) ...
Setting up libuchardet0:amd64 (0.0.6-3) ...
Setting up libsub-override-perl (0.09-2) ...
Setting up libmpdec2:amd64 (2.4.2-2) ...
Setting up libjs-jquery (3.3.1~dfsg-3) ...
Setting up libelf1:amd64 (0.176-1.1) ...
Setting up readline-common (8.0-3) ...
Setting up libxml2:amd64 (2.9.10+dfsg-3) ...
Setting up libjs-underscore (1.9.1~dfsg-1) ...
Setting up libfile-stripnondeterminism-perl (1.6.3-2) ...
Setting up libtool (2.4.6-13) ...
Setting up libreadline8:amd64 (8.0-3) ...
Setting up m4 (1.4.18-4) ...
Setting up libpython2.7-stdlib:amd64 (2.7.17-1+b1) ...
Setting up libcroco3:amd64 (0.6.13-1) ...
Setting up libjs-sphinxdoc (1.8.5-5) ...
Setting up autoconf (2.69-11.1) ...
Setting up dh-strip-nondeterminism (1.6.3-2) ...
Setting up dwz (0.13-5) ...
Setting up groff-base (1.22.4-4) ...
Setting up automake (1:1.16.1-4) ...
update-alternatives: using /usr/bin/automake-1.16 to provide /usr/bin/automake (automake) in auto mode
Setting up libpython3.7-stdlib:amd64 (3.7.6-1+b1) ...
Setting up libpython2.7:amd64 (2.7.17-1+b1) ...
Setting up libpython2.7-dev:amd64 (2.7.17-1+b1) ...
Setting up gettext (0.19.8.1-10) ...
Setting up python2.7 (2.7.17-1+b1) ...
Setting up libpython3.7:amd64 (3.7.6-1+b1) ...
Setting up libpython2-stdlib:amd64 (2.7.17-2) ...
Setting up libpython3.7-dev:amd64 (3.7.6-1+b1) ...
Setting up man-db (2.9.0-2) ...
Not building database; man-db/auto-update is not 'true'.
Setting up python2 (2.7.17-2) ...
Setting up intltool-debian (0.35.0+20060710.5) ...
Setting up python-six (1.14.0-2) ...
Setting up libpython-stdlib:amd64 (2.7.17-2) ...
Setting up python-pyparsing (2.4.6-1) ...
Setting up python-wcwidth (0.1.8+dfsg1-3) ...
Setting up libpython2-dev:amd64 (2.7.17-2) ...
Setting up python (2.7.17-2) ...
Setting up libpython3-stdlib:amd64 (3.7.5-3) ...
Setting up python-cffi-backend (1.14.0-1) ...
Setting up python2.7-dev (2.7.17-1+b1) ...
Setting up python-ply (3.11-3) ...
Setting up python3.7 (3.7.6-1+b1) ...
Setting up libpython3-dev:amd64 (3.7.5-3) ...
Setting up python2-dev (2.7.17-2) ...
Setting up python-pkg-resources (44.0.0-1) ...
Setting up po-debconf (1.0.21) ...
Setting up python3 (3.7.5-3) ...
Setting up python-attr (19.3.0-1) ...
Setting up python3.7-dev (3.7.6-1+b1) ...
Setting up python-atomicwrites (1.1.5-2) ...
Setting up python3-atomicwrites (1.1.5-2) ...
Setting up libpython-dev:amd64 (2.7.17-2) ...
Setting up python3-six (1.14.0-2) ...
Setting up python-more-itertools (4.2.0-1) ...
Setting up python-configparser (3.5.0b2-3) ...
Setting up python3-wcwidth (0.1.8+dfsg1-3) ...
Setting up python3-pyparsing (2.4.6-1) ...
Setting up python-setuptools (44.0.0-1) ...
Setting up python-pycparser (2.19-1) ...
Setting up python-funcsigs (1.0.2-4) ...
Setting up python-scandir (1.10.0-2) ...
Setting up python-contextlib2 (0.5.5-3) ...
Setting up python3-lib2to3 (3.8.0-1) ...
Setting up python3-cffi-backend (1.14.0-1) ...
Setting up python-py (1.8.1-1) ...
Setting up python-dev (2.7.17-2) ...
Setting up python-packaging (19.1-2) ...
Setting up python3-pkg-resources (44.0.0-1) ...
Setting up python3-distutils (3.8.0-1) ...
Setting up dh-python (4.20191017) ...
Setting up python3-more-itertools (4.2.0-1) ...
Setting up python3-attr (19.3.0-1) ...
Setting up python3-setuptools (44.0.0-1) ...
Setting up python3-py (1.8.1-1) ...
Setting up python-cffi (1.14.0-1) ...
Setting up python3-ply (3.11-3) ...
Setting up python-pathlib2 (2.3.5-1) ...
Setting up python-zipp (1.0.0-1) ...
Setting up python3-zipp (1.0.0-1) ...
Setting up python3-pycparser (2.19-1) ...
Setting up python3-packaging (19.1-2) ...
Setting up python3-dev (3.7.5-3) ...
Setting up python-importlib-metadata (1.5.0-1) ...
Setting up python3-importlib-metadata (1.5.0-1) ...
Setting up python3-cffi (1.14.0-1) ...
Setting up python-pluggy (0.13.0-2) ...
Setting up python-pytest (4.6.9-1) ...
Setting up python3-pluggy (0.13.0-2) ...
Setting up python3-pytest (4.6.9-1) ...
Setting up dh-autoreconf (19) ...
Setting up debhelper (12.9) ...
Setting up sbuild-build-depends-main-dummy (0.invalid.0) ...
Processing triggers for libc-bin (2.29-10) ...

+------------------------------------------------------------------------------+
| Check architectures                                                          |
+------------------------------------------------------------------------------+

Arch check ok (amd64 included in linux-any)

+------------------------------------------------------------------------------+
| Build environment                                                            |
+------------------------------------------------------------------------------+

Kernel: Linux 4.19.0-6-cloud-amd64 #1 SMP Debian 4.19.67-2+deb10u2 (2019-11-11) amd64 (x86_64)
Toolchain package versions: binutils_2.34-3 dpkg-dev_1.19.7 g++-9_9.2.1-29 gcc-9_9.2.1-29 libc6-dev_2.29-10 libstdc++-9-dev_9.2.1-29 libstdc++6_10-20200222-1 linux-libc-dev_5.4.19-1
Package versions: adduser_3.118 apt_1.8.4 autoconf_2.69-11.1 automake_1:1.16.1-4 autopoint_0.19.8.1-10 autotools-dev_20180224.1 base-files_11 base-passwd_3.5.47 bash_5.0-5 binutils_2.34-3 binutils-common_2.34-3 binutils-x86-64-linux-gnu_2.34-3 bsdmainutils_11.1.2+b1 bsdutils_1:2.34-0.1 build-essential_12.8 bzip2_1.0.8-2 clang-10_1:10.0.0~+rc2-1 coreutils_8.30-3+b1 cpp_4:9.2.1-3.1 cpp-9_9.2.1-29 dash_0.5.10.2-6 debconf_1.5.73 debhelper_12.9 debian-archive-keyring_2019.1 debianutils_4.9.1 dh-autoreconf_19 dh-python_4.20191017 dh-strip-nondeterminism_1.6.3-2 diffutils_1:3.7-3 dpkg_1.19.7 dpkg-dev_1.19.7 dwz_0.13-5 e2fsprogs_1.45.5-2 fakeroot_1.24-1 fdisk_2.34-0.1 file_1:5.38-4 findutils_4.7.0-1 g++_4:9.2.1-3.1 g++-9_9.2.1-29 gcc_4:9.2.1-3.1 gcc-10-base_10-20200222-1 gcc-9_9.2.1-29 gcc-9-base_9.2.1-29 gettext_0.19.8.1-10 gettext-base_0.19.8.1-10 gpgv_2.2.19-1 grep_3.4-1 groff-base_1.22.4-4 gzip_1.9-3+b1 hostname_3.23 init-system-helpers_1.57 intltool-debian_0.35.0+20060710.5 lib32gcc-s1_10-20200222-1 lib32gcc1_1:10-20200222-1 lib32stdc++6_10-20200222-1 libacl1_2.2.53-5 libapt-pkg5.0_1.8.4 libarchive-zip-perl_1.67-1 libasan5_9.2.1-29 libatomic1_10-20200222-1 libattr1_1:2.4.48-5 libaudit-common_1:2.8.5-2 libaudit1_1:2.8.5-2+b1 libbinutils_2.34-3 libblkid1_2.34-0.1 libbsd0_0.10.0-1 libbz2-1.0_1.0.8-2 libc-bin_2.29-10 libc-dev-bin_2.29-10 libc6_2.29-10 libc6-dev_2.29-10 libc6-i386_2.29-10 libcap-ng0_0.7.9-2.1+b1 libcc1-0_10-20200222-1 libclang-common-10-dev_1:10.0.0~+rc2-1 libclang-cpp10_1:10.0.0~+rc2-1 libclang1-10_1:10.0.0~+rc2-1 libcom-err2_1.45.5-2 libcroco3_0.6.13-1 libcrypt-dev_1:4.4.10-10 libcrypt1_1:4.4.10-10 libctf-nobfd0_2.34-3 libctf0_2.34-3 libdb5.3_5.3.28+dfsg1-0.6 libdebconfclient0_0.251 libdebhelper-perl_12.9 libdpkg-perl_1.19.7 libedit2_3.1-20191231-1 libelf1_0.176-1.1 libexpat1_2.2.9-1 libexpat1-dev_2.2.9-1 libext2fs2_1.45.5-2 libfakeroot_1.24-1 libfdisk1_2.34-0.1 libffi7_3.3-3 libfile-stripnondeterminism-perl_1.6.3-2 libgc1c2_1:7.6.4-0.4 libgcc-9-dev_9.2.1-29 libgcc-s1_10-20200222-1 libgcc1_1:10-20200222-1 libgcrypt20_1.8.5-5 libgdbm-compat4_1.18.1-5 libgdbm6_1.18.1-5 libglib2.0-0_2.62.4-2 libgmp10_2:6.2.0+dfsg-4 libgnutls30_3.6.12-2 libgomp1_10-20200222-1 libgpg-error0_1.37-1 libhogweed5_3.5.1+really3.5.1-2 libicu63_63.2-2 libidn2-0_2.2.0-2 libisl22_0.22.1-1 libitm1_10-20200222-1 libjs-jquery_3.3.1~dfsg-3 libjs-sphinxdoc_1.8.5-5 libjs-underscore_1.9.1~dfsg-1 libllvm10_1:10.0.0~+rc2-1 liblsan0_10-20200222-1 liblz4-1_1.9.2-2 liblzma5_5.2.4-1+b1 libmagic-mgc_1:5.38-4 libmagic1_1:5.38-4 libmount1_2.34-0.1 libmpc3_1.1.0-1 libmpdec2_2.4.2-2 libmpfr6_4.0.2-1 libncursesw6_6.1+20191019-1 libnettle7_3.5.1+really3.5.1-2 libobjc-9-dev_9.2.1-29 libobjc4_10-20200222-1 libomp-10-dev_1:10.0.0~+rc2-1 libomp5-10_1:10.0.0~+rc2-1 libp11-kit0_0.23.20-1 libpam-modules_1.3.1-5 libpam-modules-bin_1.3.1-5 libpam-runtime_1.3.1-5 libpam0g_1.3.1-5 libpcre2-8-0_10.34-7 libpcre3_2:8.39-12+b1 libperl5.30_5.30.0-9 libpipeline1_1.5.2-2 libpython-dev_2.7.17-2 libpython-stdlib_2.7.17-2 libpython2-dev_2.7.17-2 libpython2-stdlib_2.7.17-2 libpython2.7_2.7.17-1+b1 libpython2.7-dev_2.7.17-1+b1 libpython2.7-minimal_2.7.17-1+b1 libpython2.7-stdlib_2.7.17-1+b1 libpython3-dev_3.7.5-3 libpython3-stdlib_3.7.5-3 libpython3.7_3.7.6-1+b1 libpython3.7-dev_3.7.6-1+b1 libpython3.7-minimal_3.7.6-1+b1 libpython3.7-stdlib_3.7.6-1+b1 libquadmath0_10-20200222-1 libreadline8_8.0-3 libseccomp2_2.4.2-2 libselinux1_3.0-1+b1 libsemanage-common_3.0-1 libsemanage1_3.0-1+b1 libsepol1_3.0-1 libsigsegv2_2.12-2 libsmartcols1_2.34-0.1 libsqlite3-0_3.31.1-3 libss2_1.45.5-2 libssl1.1_1.1.1d-2 libstdc++-9-dev_9.2.1-29 libstdc++6_10-20200222-1 libsub-override-perl_0.09-2 libsystemd0_244.3-1 libtasn1-6_4.16.0-2 libtinfo6_6.1+20191019-1 libtool_2.4.6-13 libtsan0_10-20200222-1 libubsan1_10-20200222-1 libuchardet0_0.0.6-3 libudev1_244.3-1 libunistring2_0.9.10-2 libuuid1_2.34-0.1 libxml2_2.9.10+dfsg-3 libz3-4_4.8.7-4 libzstd1_1.4.4+dfsg-3 linux-libc-dev_5.4.19-1 login_1:4.8.1-1 logsave_1.45.5-2 lsb-base_11.1.0 m4_1.4.18-4 make_4.2.1-1.2 man-db_2.9.0-2 mawk_1.3.4.20200120-2 mime-support_3.64 mount_2.34-0.1 ncurses-base_6.1+20191019-1 ncurses-bin_6.1+20191019-1 passwd_1:4.8.1-1 patch_2.7.6-6 perl_5.30.0-9 perl-base_5.30.0-9 perl-modules-5.30_5.30.0-9 po-debconf_1.0.21 python_2.7.17-2 python-atomicwrites_1.1.5-2 python-attr_19.3.0-1 python-cffi_1.14.0-1 python-cffi-backend_1.14.0-1 python-configparser_3.5.0b2-3 python-contextlib2_0.5.5-3 python-dev_2.7.17-2 python-funcsigs_1.0.2-4 python-importlib-metadata_1.5.0-1 python-minimal_2.7.17-2 python-more-itertools_4.2.0-1 python-packaging_19.1-2 python-pathlib2_2.3.5-1 python-pkg-resources_44.0.0-1 python-pluggy_0.13.0-2 python-ply_3.11-3 python-py_1.8.1-1 python-pycparser_2.19-1 python-pyparsing_2.4.6-1 python-pytest_4.6.9-1 python-scandir_1.10.0-2 python-setuptools_44.0.0-1 python-six_1.14.0-2 python-wcwidth_0.1.8+dfsg1-3 python-zipp_1.0.0-1 python2_2.7.17-2 python2-dev_2.7.17-2 python2-minimal_2.7.17-2 python2.7_2.7.17-1+b1 python2.7-dev_2.7.17-1+b1 python2.7-minimal_2.7.17-1+b1 python3_3.7.5-3 python3-atomicwrites_1.1.5-2 python3-attr_19.3.0-1 python3-cffi_1.14.0-1 python3-cffi-backend_1.14.0-1 python3-dev_3.7.5-3 python3-distutils_3.8.0-1 python3-importlib-metadata_1.5.0-1 python3-lib2to3_3.8.0-1 python3-minimal_3.7.5-3 python3-more-itertools_4.2.0-1 python3-packaging_19.1-2 python3-pkg-resources_44.0.0-1 python3-pluggy_0.13.0-2 python3-ply_3.11-3 python3-py_1.8.1-1 python3-pycparser_2.19-1 python3-pyparsing_2.4.6-1 python3-pytest_4.6.9-1 python3-setuptools_44.0.0-1 python3-six_1.14.0-2 python3-wcwidth_0.1.8+dfsg1-3 python3-zipp_1.0.0-1 python3.7_3.7.6-1+b1 python3.7-dev_3.7.6-1+b1 python3.7-minimal_3.7.6-1+b1 readline-common_8.0-3 sbuild-build-depends-main-dummy_0.invalid.0 sed_4.7-1 sensible-utils_0.0.12+nmu1 sysvinit-utils_2.96-2.1 tar_1.30+dfsg-6+b1 tzdata_2019c-3 util-linux_2.34-0.1 xz-utils_5.2.4-1+b1 zlib1g_1:1.2.11.dfsg-2 zlib1g-dev_1:1.2.11.dfsg-2

+------------------------------------------------------------------------------+
| Build                                                                        |
+------------------------------------------------------------------------------+


Unpack source
-------------

-----BEGIN PGP SIGNED MESSAGE-----
Hash: SHA512

Format: 3.0 (quilt)
Source: python-bcrypt
Binary: python-bcrypt, python3-bcrypt
Architecture: linux-any
Version: 3.1.7-2
Maintainer: Debian Python Modules Team <python-modules-team@lists.alioth.debian.org>
Uploaders: Simon Fondrie-Teitler <simonft@riseup.net>
Homepage: https://github.com/pyca/bcrypt
Standards-Version: 4.4.1
Vcs-Browser: https://salsa.debian.org/python-team/modules/python-bcrypt
Vcs-Git: https://salsa.debian.org/python-team/modules/python-bcrypt.git
Testsuite: autopkgtest
Testsuite-Triggers: python-all, python-pytest, python3-all, python3-pytest
Build-Depends: debhelper-compat (= 11), dh-python, python-dev, python-setuptools, python-cffi, python-pytest <!nocheck>, python-six, python3-dev, python3-setuptools, python3-cffi, python3-pytest <!nocheck>, python3-six
Package-List:
 python-bcrypt deb python optional arch=linux-any
 python3-bcrypt deb python optional arch=linux-any
Checksums-Sha1:
 ee1e4cf0815e52aad582d640ffeda8b32441ea2b 34056 python-bcrypt_3.1.7.orig.tar.xz
 e5d3d1a7c9a9293afa7317a4330e8ae84bc727fe 14512 python-bcrypt_3.1.7-2.debian.tar.xz
Checksums-Sha256:
 9f2a25ec9e7df6dc448787df6a540b779e1f86445bf3c325043810bcc43a2d2b 34056 python-bcrypt_3.1.7.orig.tar.xz
 7739d3fef60322ff8f00176c9c91dca4e78b1521aa5768c70567153d66cef8e3 14512 python-bcrypt_3.1.7-2.debian.tar.xz
Files:
 d76ea1d698dc2afa5a5db173cfd2d905 34056 python-bcrypt_3.1.7.orig.tar.xz
 871229e573566ea18ce23a83329a8a21 14512 python-bcrypt_3.1.7-2.debian.tar.xz

-----BEGIN PGP SIGNATURE-----

iQIzBAEBCgAdFiEERsscqJ6jt0N2dh25FeCa9N9RgsgFAl3VxmAACgkQFeCa9N9R
gsjLWg/+MkXXaSmI2wpK8pAUnV5+nlXtFi5CdjbVn9e7rV5SXFuxPFCwya//ma/A
glAdjpkO+XWzfM8uFyARzI288mErItgLJjtC98lUax+Egesv8Q2R0A5hR79lzhpY
YWYrldRx6IgFepS6O1wwNm9Yzb4LhF13cSaCEFinJAiQLBgC06hCmzgH1idpI9DA
qNKLr7jeu6EhMpdQ/nB0/04jufLSC6yKygEwmSKvfJ2si1y0DpKqUxOsmGG/YkRI
Zjx+rJF28hnzFcdv5KXea4Kqdh/nGhre3IPCfVwGGHGazmLhezuyKR3MSPmALyFP
ca0VKPZX2q9hsnwnb+dDGDzRsNsVZflJXiGm23vQXnyxCGuHe6X3XUaPI3debl0O
dHF5woWarP9dHQfPGSUnhNPCqwUSpanNzFJpZ2hshjwqCFK7V0ipCsQq84fJ9jHq
YFCnueIBXUSB4N0v8ug1uI3QxAh0aUxkHkjOKxJjEXbHU70C7FapOgae/JlWF+SI
+C72lw3PLOON238q5rc6fFLTeJiqTXb+fInReESVqWLiDSRzFar49HqQWVUOul1n
OvLY80B8pYxwJ5l+tU0QbKREOyLFkWfOywsZ4kGliL4Botu7dnSzjEW3HiAkrocw
LEooV/wkO8PRQcgOAO743KtzHYjeAmcbl6u9uRRJLSWyWeAzh78=
=f/Xz
-----END PGP SIGNATURE-----

gpgv: unknown type of key resource 'trustedkeys.kbx'
gpgv: keyblock resource '/sbuild-nonexistent/.gnupg/trustedkeys.kbx': General error
gpgv: Signature made Wed Nov 20 23:04:00 2019 UTC
gpgv:                using RSA key 46CB1CA89EA3B74376761DB915E09AF4DF5182C8
gpgv: Can't check signature: No public key
dpkg-source: warning: failed to verify signature on ./python-bcrypt_3.1.7-2.dsc
dpkg-source: info: extracting python-bcrypt in /<<PKGBUILDDIR>>
dpkg-source: info: unpacking python-bcrypt_3.1.7.orig.tar.xz
dpkg-source: info: unpacking python-bcrypt_3.1.7-2.debian.tar.xz

Check disk space
----------------

Sufficient free space for build

User Environment
----------------

APT_CONFIG=/var/lib/sbuild/apt.conf
HOME=/sbuild-nonexistent
LANG=C.UTF-8
LC_ALL=C.UTF-8
LOGNAME=user42
PATH=/usr/local/sbin:/usr/local/bin:/usr/sbin:/usr/bin:/sbin:/bin:/usr/games
SCHROOT_ALIAS_NAME=unstable
SCHROOT_CHROOT_NAME=sid-amd64-sbuild
SCHROOT_COMMAND=env
SCHROOT_GID=1001
SCHROOT_GROUP=user42
SCHROOT_SESSION_ID=sid-amd64-sbuild-37bace82-c0e7-41c2-8c79-774259971783
SCHROOT_UID=1001
SCHROOT_USER=user42
SHELL=/bin/sh
USER=user42

dpkg-buildpackage
-----------------

Command: dpkg-buildpackage -us -uc -b -rfakeroot
dpkg-buildpackage: info: source package python-bcrypt
dpkg-buildpackage: info: source version 3.1.7-2
dpkg-buildpackage: info: source distribution unstable
dpkg-buildpackage: info: source changed by Daniel Stender <stender@debian.org>
 dpkg-source --before-build .
dpkg-buildpackage: info: host architecture amd64
dpkg-source: info: using options from python-bcrypt-3.1.7/debian/source/options: --extend-diff-ignore=^src/[^/]+\.egg-info/
 fakeroot debian/rules clean
dh clean --with python2,python3 --buildsystem=pybuild
   dh_auto_clean -O--buildsystem=pybuild
	pybuild --clean --test-pytest -i python{version} -p 2.7
I: pybuild base:217: python2.7 setup.py clean 
running clean
removing '/<<PKGBUILDDIR>>/.pybuild/cpython2_2.7_bcrypt/build' (and everything under it)
'build/bdist.linux-amd64' does not exist -- can't clean it
'build/scripts-2.7' does not exist -- can't clean it
	pybuild --clean --test-pytest -i python{version} -p 3.7
I: pybuild base:217: python3.7 setup.py clean 
running clean
removing '/<<PKGBUILDDIR>>/.pybuild/cpython3_3.7_bcrypt/build' (and everything under it)
'build/bdist.linux-amd64' does not exist -- can't clean it
'build/scripts-3.7' does not exist -- can't clean it
	rm -rf .pybuild/
	find . -name \*.pyc -exec rm {} \;
   dh_autoreconf_clean -O--buildsystem=pybuild
   dh_clean -O--buildsystem=pybuild
	rm -f debian/debhelper-build-stamp
	rm -rf debian/.debhelper/
	rm -f -- debian/python-bcrypt.substvars debian/python3-bcrypt.substvars debian/files
	rm -fr -- debian/python-bcrypt/ debian/tmp/ debian/python3-bcrypt/
	find .  \( \( \
		\( -path .\*/.git -o -path .\*/.svn -o -path .\*/.bzr -o -path .\*/.hg -o -path .\*/CVS -o -path .\*/.pc -o -path .\*/_darcs \) -prune -o -type f -a \
	        \( -name '#*#' -o -name '.*~' -o -name '*~' -o -name DEADJOE \
		 -o -name '*.orig' -o -name '*.rej' -o -name '*.bak' \
		 -o -name '.*.orig' -o -name .*.rej -o -name '.SUMS' \
		 -o -name TAGS -o \( -path '*/.deps/*' -a -name '*.P' \) \
		\) -exec rm -f {} + \) -o \
		\( -type d -a -name autom4te.cache -prune -exec rm -rf {} + \) \)
 debian/rules build
dh build --with python2,python3 --buildsystem=pybuild
   dh_update_autotools_config -O--buildsystem=pybuild
   dh_autoreconf -O--buildsystem=pybuild
   dh_auto_configure -O--buildsystem=pybuild
	pybuild --configure --test-pytest -i python{version} -p 2.7
I: pybuild base:217: python2.7 setup.py config 
running config
	pybuild --configure --test-pytest -i python{version} -p 3.7
I: pybuild base:217: python3.7 setup.py config 
running config
   dh_auto_build -O--buildsystem=pybuild
	pybuild --build --test-pytest -i python{version} -p 2.7
I: pybuild base:217: /usr/bin/python setup.py build 
running build
running build_py
creating /<<PKGBUILDDIR>>/.pybuild/cpython2_2.7_bcrypt/build/bcrypt
copying src/bcrypt/__about__.py -> /<<PKGBUILDDIR>>/.pybuild/cpython2_2.7_bcrypt/build/bcrypt
copying src/bcrypt/__init__.py -> /<<PKGBUILDDIR>>/.pybuild/cpython2_2.7_bcrypt/build/bcrypt
running build_ext
generating cffi module 'build/temp.linux-amd64-2.7/_bcrypt.c'
creating build
creating build/temp.linux-amd64-2.7
building '_bcrypt' extension
creating build/temp.linux-amd64-2.7/build
creating build/temp.linux-amd64-2.7/build/temp.linux-amd64-2.7
creating build/temp.linux-amd64-2.7/src
creating build/temp.linux-amd64-2.7/src/_csrc
x86_64-linux-gnu-gcc -pthread -fno-strict-aliasing -g -O2 -fdebug-prefix-map=/<<PKGBUILDDIR>>=. -fstack-protector-strong -Wformat -Werror=format-security -Wdate-time -D_FORTIFY_SOURCE=2 -fPIC -Isrc/_csrc -I/usr/include/python2.7 -c build/temp.linux-amd64-2.7/_bcrypt.c -o build/temp.linux-amd64-2.7/build/temp.linux-amd64-2.7/_bcrypt.o
x86_64-linux-gnu-gcc -pthread -fno-strict-aliasing -g -O2 -fdebug-prefix-map=/<<PKGBUILDDIR>>=. -fstack-protector-strong -Wformat -Werror=format-security -Wdate-time -D_FORTIFY_SOURCE=2 -fPIC -Isrc/_csrc -I/usr/include/python2.7 -c src/_csrc/blf.c -o build/temp.linux-amd64-2.7/src/_csrc/blf.o
x86_64-linux-gnu-gcc -pthread -fno-strict-aliasing -g -O2 -fdebug-prefix-map=/<<PKGBUILDDIR>>=. -fstack-protector-strong -Wformat -Werror=format-security -Wdate-time -D_FORTIFY_SOURCE=2 -fPIC -Isrc/_csrc -I/usr/include/python2.7 -c src/_csrc/bcrypt.c -o build/temp.linux-amd64-2.7/src/_csrc/bcrypt.o
src/_csrc/bcrypt.c:205:18: warning: initializing 'const u_int8_t *' (aka 'const unsigned char *') with an expression of type 'const char *' converts between pointers to integer types with different sign [-Wpointer-sign]
        const u_int8_t *p = b64data;
                        ^   ~~~~~~~
src/_csrc/bcrypt.c:247:12: warning: initializing 'u_int8_t *' (aka 'unsigned char *') with an expression of type 'char *' converts between pointers to integer types with different sign [-Wpointer-sign]
        u_int8_t *bp = b64buffer;
                  ^    ~~~~~~~~~
2 warnings generated.
x86_64-linux-gnu-gcc -pthread -fno-strict-aliasing -g -O2 -fdebug-prefix-map=/<<PKGBUILDDIR>>=. -fstack-protector-strong -Wformat -Werror=format-security -Wdate-time -D_FORTIFY_SOURCE=2 -fPIC -Isrc/_csrc -I/usr/include/python2.7 -c src/_csrc/bcrypt_pbkdf.c -o build/temp.linux-amd64-2.7/src/_csrc/bcrypt_pbkdf.o
src/_csrc/bcrypt_pbkdf.c:80:40: warning: expression does not compute the number of elements in this array; element type is 'uint32_t' (aka 'unsigned int'), not 'uint64_t' (aka 'unsigned long') [-Wsizeof-array-div]
                blf_enc(&state, cdata, sizeof(cdata) / sizeof(uint64_t));
                                              ~~~~~  ^
src/_csrc/bcrypt_pbkdf.c:61:11: note: array 'cdata' declared here
        uint32_t cdata[BCRYPT_WORDS];
                 ^
src/_csrc/bcrypt_pbkdf.c:80:40: note: place parentheses around the 'sizeof(uint64_t)' expression to silence this warning
                blf_enc(&state, cdata, sizeof(cdata) / sizeof(uint64_t));
                                                     ^
1 warning generated.
x86_64-linux-gnu-gcc -pthread -fno-strict-aliasing -g -O2 -fdebug-prefix-map=/<<PKGBUILDDIR>>=. -fstack-protector-strong -Wformat -Werror=format-security -Wdate-time -D_FORTIFY_SOURCE=2 -fPIC -Isrc/_csrc -I/usr/include/python2.7 -c src/_csrc/sha2.c -o build/temp.linux-amd64-2.7/src/_csrc/sha2.o
x86_64-linux-gnu-gcc -pthread -fno-strict-aliasing -g -O2 -fdebug-prefix-map=/<<PKGBUILDDIR>>=. -fstack-protector-strong -Wformat -Werror=format-security -Wdate-time -D_FORTIFY_SOURCE=2 -fPIC -Isrc/_csrc -I/usr/include/python2.7 -c src/_csrc/timingsafe_bcmp.c -o build/temp.linux-amd64-2.7/src/_csrc/timingsafe_bcmp.o
x86_64-linux-gnu-gcc -pthread -shared -Wl,-O1 -Wl,-Bsymbolic-functions -Wl,-z,relro -fno-strict-aliasing -DNDEBUG -g -fwrapv -O2 -Wall -Wstrict-prototypes -Wdate-time -D_FORTIFY_SOURCE=2 -g -fdebug-prefix-map=/build/python2.7-x6KfBw/python2.7-2.7.17=. -fstack-protector-strong -Wformat -Werror=format-security -Wl,-z,relro -Wl,-z,now -g -O2 -fdebug-prefix-map=/<<PKGBUILDDIR>>=. -fstack-protector-strong -Wformat -Werror=format-security -Wdate-time -D_FORTIFY_SOURCE=2 -fPIC build/temp.linux-amd64-2.7/build/temp.linux-amd64-2.7/_bcrypt.o build/temp.linux-amd64-2.7/src/_csrc/blf.o build/temp.linux-amd64-2.7/src/_csrc/bcrypt.o build/temp.linux-amd64-2.7/src/_csrc/bcrypt_pbkdf.o build/temp.linux-amd64-2.7/src/_csrc/sha2.o build/temp.linux-amd64-2.7/src/_csrc/timingsafe_bcmp.o -o /<<PKGBUILDDIR>>/.pybuild/cpython2_2.7_bcrypt/build/bcrypt/_bcrypt.so
	pybuild --build --test-pytest -i python{version} -p 3.7
I: pybuild base:217: /usr/bin/python3 setup.py build 
running build
running build_py
creating /<<PKGBUILDDIR>>/.pybuild/cpython3_3.7_bcrypt/build/bcrypt
copying src/bcrypt/__about__.py -> /<<PKGBUILDDIR>>/.pybuild/cpython3_3.7_bcrypt/build/bcrypt
copying src/bcrypt/__init__.py -> /<<PKGBUILDDIR>>/.pybuild/cpython3_3.7_bcrypt/build/bcrypt
running build_ext
generating cffi module 'build/temp.linux-amd64-3.7/_bcrypt.c'
creating build/temp.linux-amd64-3.7
building '_bcrypt' extension
creating build/temp.linux-amd64-3.7/build
creating build/temp.linux-amd64-3.7/build/temp.linux-amd64-3.7
creating build/temp.linux-amd64-3.7/src
creating build/temp.linux-amd64-3.7/src/_csrc
x86_64-linux-gnu-gcc -pthread -Wno-unused-result -Wsign-compare -DNDEBUG -g -fwrapv -O2 -Wall -g -fstack-protector-strong -Wformat -Werror=format-security -g -fwrapv -O2 -g -O2 -fdebug-prefix-map=/<<PKGBUILDDIR>>=. -fstack-protector-strong -Wformat -Werror=format-security -Wdate-time -D_FORTIFY_SOURCE=2 -fPIC -Isrc/_csrc -I/usr/include/python3.7m -c build/temp.linux-amd64-3.7/_bcrypt.c -o build/temp.linux-amd64-3.7/build/temp.linux-amd64-3.7/_bcrypt.o
x86_64-linux-gnu-gcc -pthread -Wno-unused-result -Wsign-compare -DNDEBUG -g -fwrapv -O2 -Wall -g -fstack-protector-strong -Wformat -Werror=format-security -g -fwrapv -O2 -g -O2 -fdebug-prefix-map=/<<PKGBUILDDIR>>=. -fstack-protector-strong -Wformat -Werror=format-security -Wdate-time -D_FORTIFY_SOURCE=2 -fPIC -Isrc/_csrc -I/usr/include/python3.7m -c src/_csrc/blf.c -o build/temp.linux-amd64-3.7/src/_csrc/blf.o
x86_64-linux-gnu-gcc -pthread -Wno-unused-result -Wsign-compare -DNDEBUG -g -fwrapv -O2 -Wall -g -fstack-protector-strong -Wformat -Werror=format-security -g -fwrapv -O2 -g -O2 -fdebug-prefix-map=/<<PKGBUILDDIR>>=. -fstack-protector-strong -Wformat -Werror=format-security -Wdate-time -D_FORTIFY_SOURCE=2 -fPIC -Isrc/_csrc -I/usr/include/python3.7m -c src/_csrc/bcrypt.c -o build/temp.linux-amd64-3.7/src/_csrc/bcrypt.o
src/_csrc/bcrypt.c:205:18: warning: initializing 'const u_int8_t *' (aka 'const unsigned char *') with an expression of type 'const char *' converts between pointers to integer types with different sign [-Wpointer-sign]
        const u_int8_t *p = b64data;
                        ^   ~~~~~~~
src/_csrc/bcrypt.c:247:12: warning: initializing 'u_int8_t *' (aka 'unsigned char *') with an expression of type 'char *' converts between pointers to integer types with different sign [-Wpointer-sign]
        u_int8_t *bp = b64buffer;
                  ^    ~~~~~~~~~
2 warnings generated.
x86_64-linux-gnu-gcc -pthread -Wno-unused-result -Wsign-compare -DNDEBUG -g -fwrapv -O2 -Wall -g -fstack-protector-strong -Wformat -Werror=format-security -g -fwrapv -O2 -g -O2 -fdebug-prefix-map=/<<PKGBUILDDIR>>=. -fstack-protector-strong -Wformat -Werror=format-security -Wdate-time -D_FORTIFY_SOURCE=2 -fPIC -Isrc/_csrc -I/usr/include/python3.7m -c src/_csrc/bcrypt_pbkdf.c -o build/temp.linux-amd64-3.7/src/_csrc/bcrypt_pbkdf.o
src/_csrc/bcrypt_pbkdf.c:80:40: warning: expression does not compute the number of elements in this array; element type is 'uint32_t' (aka 'unsigned int'), not 'uint64_t' (aka 'unsigned long') [-Wsizeof-array-div]
                blf_enc(&state, cdata, sizeof(cdata) / sizeof(uint64_t));
                                              ~~~~~  ^
src/_csrc/bcrypt_pbkdf.c:61:11: note: array 'cdata' declared here
        uint32_t cdata[BCRYPT_WORDS];
                 ^
src/_csrc/bcrypt_pbkdf.c:80:40: note: place parentheses around the 'sizeof(uint64_t)' expression to silence this warning
                blf_enc(&state, cdata, sizeof(cdata) / sizeof(uint64_t));
                                                     ^
1 warning generated.
x86_64-linux-gnu-gcc -pthread -Wno-unused-result -Wsign-compare -DNDEBUG -g -fwrapv -O2 -Wall -g -fstack-protector-strong -Wformat -Werror=format-security -g -fwrapv -O2 -g -O2 -fdebug-prefix-map=/<<PKGBUILDDIR>>=. -fstack-protector-strong -Wformat -Werror=format-security -Wdate-time -D_FORTIFY_SOURCE=2 -fPIC -Isrc/_csrc -I/usr/include/python3.7m -c src/_csrc/sha2.c -o build/temp.linux-amd64-3.7/src/_csrc/sha2.o
x86_64-linux-gnu-gcc -pthread -Wno-unused-result -Wsign-compare -DNDEBUG -g -fwrapv -O2 -Wall -g -fstack-protector-strong -Wformat -Werror=format-security -g -fwrapv -O2 -g -O2 -fdebug-prefix-map=/<<PKGBUILDDIR>>=. -fstack-protector-strong -Wformat -Werror=format-security -Wdate-time -D_FORTIFY_SOURCE=2 -fPIC -Isrc/_csrc -I/usr/include/python3.7m -c src/_csrc/timingsafe_bcmp.c -o build/temp.linux-amd64-3.7/src/_csrc/timingsafe_bcmp.o
x86_64-linux-gnu-gcc -pthread -shared -Wl,-O1 -Wl,-Bsymbolic-functions -Wl,-z,relro -Wl,-z,relro -Wl,-z,now -g -O2 -fdebug-prefix-map=/<<PKGBUILDDIR>>=. -fstack-protector-strong -Wformat -Werror=format-security -Wdate-time -D_FORTIFY_SOURCE=2 build/temp.linux-amd64-3.7/build/temp.linux-amd64-3.7/_bcrypt.o build/temp.linux-amd64-3.7/src/_csrc/blf.o build/temp.linux-amd64-3.7/src/_csrc/bcrypt.o build/temp.linux-amd64-3.7/src/_csrc/bcrypt_pbkdf.o build/temp.linux-amd64-3.7/src/_csrc/sha2.o build/temp.linux-amd64-3.7/src/_csrc/timingsafe_bcmp.o -o /<<PKGBUILDDIR>>/.pybuild/cpython3_3.7_bcrypt/build/bcrypt/_bcrypt.abi3.so
   debian/rules override_dh_auto_test
make[1]: Entering directory '/<<PKGBUILDDIR>>'
PYBUILD_SYSTEM=custom PYBUILD_TEST_ARGS="{interpreter} -m pytest -v -x" dh_auto_test
	pybuild --test --test-pytest -i python{version} -p 2.7
I: pybuild base:217: python2.7 -m pytest -v -x
============================= test session starts ==============================
platform linux2 -- Python 2.7.17, pytest-4.6.9, py-1.8.1, pluggy-0.13.0 -- /usr/bin/python2.7
cachedir: .pytest_cache
rootdir: /<<PKGBUILDDIR>>
collecting ... collected 145 items

tests/test_bcrypt.py::test_gensalt_basic PASSED                          [  0%]
tests/test_bcrypt.py::test_gensalt_rounds_valid[4-$2b$04$KB.uKB.uKB.uKB.uKB.uK.] PASSED [  1%]
tests/test_bcrypt.py::test_gensalt_rounds_valid[5-$2b$05$KB.uKB.uKB.uKB.uKB.uK.] PASSED [  2%]
tests/test_bcrypt.py::test_gensalt_rounds_valid[6-$2b$06$KB.uKB.uKB.uKB.uKB.uK.] PASSED [  2%]
tests/test_bcrypt.py::test_gensalt_rounds_valid[7-$2b$07$KB.uKB.uKB.uKB.uKB.uK.] PASSED [  3%]
tests/test_bcrypt.py::test_gensalt_rounds_valid[8-$2b$08$KB.uKB.uKB.uKB.uKB.uK.] PASSED [  4%]
tests/test_bcrypt.py::test_gensalt_rounds_valid[9-$2b$09$KB.uKB.uKB.uKB.uKB.uK.] PASSED [  4%]
tests/test_bcrypt.py::test_gensalt_rounds_valid[10-$2b$10$KB.uKB.uKB.uKB.uKB.uK.] PASSED [  5%]
tests/test_bcrypt.py::test_gensalt_rounds_valid[11-$2b$11$KB.uKB.uKB.uKB.uKB.uK.] PASSED [  6%]
tests/test_bcrypt.py::test_gensalt_rounds_valid[12-$2b$12$KB.uKB.uKB.uKB.uKB.uK.] PASSED [  6%]
tests/test_bcrypt.py::test_gensalt_rounds_valid[13-$2b$13$KB.uKB.uKB.uKB.uKB.uK.] PASSED [  7%]
tests/test_bcrypt.py::test_gensalt_rounds_valid[14-$2b$14$KB.uKB.uKB.uKB.uKB.uK.] PASSED [  8%]
tests/test_bcrypt.py::test_gensalt_rounds_valid[15-$2b$15$KB.uKB.uKB.uKB.uKB.uK.] PASSED [  8%]
tests/test_bcrypt.py::test_gensalt_rounds_valid[16-$2b$16$KB.uKB.uKB.uKB.uKB.uK.] PASSED [  9%]
tests/test_bcrypt.py::test_gensalt_rounds_valid[17-$2b$17$KB.uKB.uKB.uKB.uKB.uK.] PASSED [ 10%]
tests/test_bcrypt.py::test_gensalt_rounds_valid[18-$2b$18$KB.uKB.uKB.uKB.uKB.uK.] PASSED [ 11%]
tests/test_bcrypt.py::test_gensalt_rounds_valid[19-$2b$19$KB.uKB.uKB.uKB.uKB.uK.] PASSED [ 11%]
tests/test_bcrypt.py::test_gensalt_rounds_valid[20-$2b$20$KB.uKB.uKB.uKB.uKB.uK.] PASSED [ 12%]
tests/test_bcrypt.py::test_gensalt_rounds_valid[21-$2b$21$KB.uKB.uKB.uKB.uKB.uK.] PASSED [ 13%]
tests/test_bcrypt.py::test_gensalt_rounds_valid[22-$2b$22$KB.uKB.uKB.uKB.uKB.uK.] PASSED [ 13%]
tests/test_bcrypt.py::test_gensalt_rounds_valid[23-$2b$23$KB.uKB.uKB.uKB.uKB.uK.] PASSED [ 14%]
tests/test_bcrypt.py::test_gensalt_rounds_valid[24-$2b$24$KB.uKB.uKB.uKB.uKB.uK.] PASSED [ 15%]
tests/test_bcrypt.py::test_gensalt_rounds_invalid[1] PASSED              [ 15%]
tests/test_bcrypt.py::test_gensalt_rounds_invalid[2] PASSED              [ 16%]
tests/test_bcrypt.py::test_gensalt_rounds_invalid[3] PASSED              [ 17%]
tests/test_bcrypt.py::test_gensalt_bad_prefix PASSED                     [ 17%]
tests/test_bcrypt.py::test_gensalt_2a_prefix PASSED                      [ 18%]
tests/test_bcrypt.py::test_hashpw_new[Kk4DQuMMfZL9o-$2b$04$cVWp4XaNU8a4v1uMRum2SO-$2b$04$cVWp4XaNU8a4v1uMRum2SO026BWLIoQMD/TXg5uZV.0P.uO8m3YEm] PASSED [ 19%]
tests/test_bcrypt.py::test_hashpw_new[9IeRXmnGxMYbs-$2b$04$pQ7gRO7e6wx/936oXhNjrO-$2b$04$pQ7gRO7e6wx/936oXhNjrOUNOHL1D0h1N2IDbJZYs.1ppzSof6SPy] PASSED [ 20%]
tests/test_bcrypt.py::test_hashpw_new[xVQVbwa1S0M8r-$2b$04$SQe9knOzepOVKoYXo9xTte-$2b$04$SQe9knOzepOVKoYXo9xTteNYr6MBwVz4tpriJVe3PNgYufGIsgKcW] PASSED [ 20%]
tests/test_bcrypt.py::test_hashpw_new[Zfgr26LWd22Za-$2b$04$eH8zX.q5Q.j2hO1NkVYJQO-$2b$04$eH8zX.q5Q.j2hO1NkVYJQOM6KxntS/ow3.YzVmFrE4t//CoF4fvne] PASSED [ 21%]
tests/test_bcrypt.py::test_hashpw_new[Tg4daC27epFBE-$2b$04$ahiTdwRXpUG2JLRcIznxc.-$2b$04$ahiTdwRXpUG2JLRcIznxc.s1.ydaPGD372bsGs8NqyYjLY1inG5n2] PASSED [ 22%]
tests/test_bcrypt.py::test_hashpw_new[xhQPMmwh5ALzW-$2b$04$nQn78dV0hGHf5wUBe0zOFu-$2b$04$nQn78dV0hGHf5wUBe0zOFu8n07ZbWWOKoGasZKRspZxtt.vBRNMIy] PASSED [ 22%]
tests/test_bcrypt.py::test_hashpw_new[59je8h5Gj71tg-$2b$04$cvXudZ5ugTg95W.rOjMITu-$2b$04$cvXudZ5ugTg95W.rOjMITuM1jC0piCl3zF5cmGhzCibHZrNHkmckG] PASSED [ 23%]
tests/test_bcrypt.py::test_hashpw_new[wT4fHJa2N9WSW-$2b$04$YYjtiq4Uh88yUsExO0RNTu-$2b$04$YYjtiq4Uh88yUsExO0RNTuEJ.tZlsONac16A8OcLHleWFjVawfGvO] PASSED [ 24%]
tests/test_bcrypt.py::test_hashpw_new[uSgFRnQdOgm4S-$2b$04$WLTjgY/pZSyqX/fbMbJzf.-$2b$04$WLTjgY/pZSyqX/fbMbJzf.qxCeTMQOzgL.CimRjMHtMxd/VGKojMu] PASSED [ 24%]
tests/test_bcrypt.py::test_hashpw_new[tEPtJZXur16Vg-$2b$04$2moPs/x/wnCfeQ5pCheMcu-$2b$04$2moPs/x/wnCfeQ5pCheMcuSJQ/KYjOZG780UjA/SiR.KsYWNrC7SG] PASSED [ 25%]
tests/test_bcrypt.py::test_hashpw_new[vvho8C6nlVf9K-$2b$04$HrEYC/AQ2HS77G78cQDZQ.-$2b$04$HrEYC/AQ2HS77G78cQDZQ.r44WGcruKw03KHlnp71yVQEwpsi3xl2] PASSED [ 26%]
tests/test_bcrypt.py::test_hashpw_new[5auCCY9by0Ruf-$2b$04$vVYgSTfB8KVbmhbZE/k3R.-$2b$04$vVYgSTfB8KVbmhbZE/k3R.ux9A0lJUM4CZwCkHI9fifke2.rTF7MG] PASSED [ 26%]
tests/test_bcrypt.py::test_hashpw_new[GtTkR6qn2QOZW-$2b$04$JfoNrR8.doieoI8..F.C1O-$2b$04$JfoNrR8.doieoI8..F.C1OQgwE3uTeuardy6lw0AjALUzOARoyf2m] PASSED [ 27%]
tests/test_bcrypt.py::test_hashpw_new[zKo8vdFSnjX0f-$2b$04$HP3I0PUs7KBEzMBNFw7o3O-$2b$04$HP3I0PUs7KBEzMBNFw7o3O7f/uxaZU7aaDot1quHMgB2yrwBXsgyy] PASSED [ 28%]
tests/test_bcrypt.py::test_hashpw_new[I9VfYlacJiwiK-$2b$04$xnFVhJsTzsFBTeP3PpgbMe-$2b$04$xnFVhJsTzsFBTeP3PpgbMeMREb6rdKV9faW54Sx.yg9plf4jY8qT6] PASSED [ 28%]
tests/test_bcrypt.py::test_hashpw_new[VFPO7YXnHQbQO-$2b$04$WQp9.igoLqVr6Qk70mz6xu-$2b$04$WQp9.igoLqVr6Qk70mz6xuRxE0RttVXXdukpR9N54x17ecad34ZF6] PASSED [ 29%]
tests/test_bcrypt.py::test_hashpw_new[VDx5BdxfxstYk-$2b$04$xgZtlonpAHSU/njOCdKztO-$2b$04$xgZtlonpAHSU/njOCdKztOPuPFzCNVpB4LGicO4/OGgHv.uKHkwsS] PASSED [ 30%]
tests/test_bcrypt.py::test_hashpw_new[dEe6XfVGrrfSH-$2b$04$2Siw3Nv3Q/gTOIPetAyPr.-$2b$04$2Siw3Nv3Q/gTOIPetAyPr.GNj3aO0lb1E5E9UumYGKjP9BYqlNWJe] PASSED [ 31%]
tests/test_bcrypt.py::test_hashpw_new[cTT0EAFdwJiLn-$2b$04$7/Qj7Kd8BcSahPO4khB8me-$2b$04$7/Qj7Kd8BcSahPO4khB8me4ssDJCW3r4OGYqPF87jxtrSyPj5cS5m] PASSED [ 31%]
tests/test_bcrypt.py::test_hashpw_new[J8eHUDuxBB520-$2b$04$VvlCUKbTMjaxaYJ.k5juoe-$2b$04$VvlCUKbTMjaxaYJ.k5juoecpG/7IzcH1AkmqKi.lIZMVIOLClWAk.] PASSED [ 32%]
tests/test_bcrypt.py::test_hashpw_new[U*U-$2a$05$CCCCCCCCCCCCCCCCCCCCC.-$2a$05$CCCCCCCCCCCCCCCCCCCCC.E5YPO9kmyuRGyh0XouQYb4YMJKvyOeW] PASSED [ 33%]
tests/test_bcrypt.py::test_hashpw_new[U*U*-$2a$05$CCCCCCCCCCCCCCCCCCCCC.-$2a$05$CCCCCCCCCCCCCCCCCCCCC.VGOzA784oUp/Z0DY336zx7pLYAy0lwK] PASSED [ 33%]
tests/test_bcrypt.py::test_hashpw_new[U*U*U-$2a$05$XXXXXXXXXXXXXXXXXXXXXO-$2a$05$XXXXXXXXXXXXXXXXXXXXXOAcXxm9kjPGEMsLznoKqmqw7tc8WCx4a] PASSED [ 34%]
tests/test_bcrypt.py::test_hashpw_new[0123456789abcdefghijklmnopqrstuvwxyzABCDEFGHIJKLMNOPQRSTUVWXYZ0123456789chars after 72 are ignored-$2a$05$abcdefghijklmnopqrstuu-$2a$05$abcdefghijklmnopqrstuu5s2v8.iXieOjg/.AySBTTZIIVFJeBui] PASSED [ 35%]
tests/test_bcrypt.py::test_hashpw_new[\xaa\xaa\xaa\xaa\xaa\xaa\xaa\xaa\xaa\xaa\xaa\xaa\xaa\xaa\xaa\xaa\xaa\xaa\xaa\xaa\xaa\xaa\xaa\xaa\xaa\xaa\xaa\xaa\xaa\xaa\xaa\xaa\xaa\xaa\xaa\xaa\xaa\xaa\xaa\xaa\xaa\xaa\xaa\xaa\xaa\xaa\xaa\xaa\xaa\xaa\xaa\xaa\xaa\xaa\xaa\xaa\xaa\xaa\xaa\xaa\xaa\xaa\xaa\xaa\xaa\xaa\xaa\xaa\xaa\xaa\xaa\xaachars after 72 are ignored as usual-$2a$05$/OK.fbVrR/bpIqNJ5ianF.-$2a$05$/OK.fbVrR/bpIqNJ5ianF.swQOIzjOiJ9GHEPuhEkvqrUyvWhEMx6] PASSED [ 35%]
tests/test_bcrypt.py::test_hashpw_new[\xa3-$2a$05$/OK.fbVrR/bpIqNJ5ianF.-$2a$05$/OK.fbVrR/bpIqNJ5ianF.Sa7shbm4.OzKpvFnX1pQLmQW96oUlCq] PASSED [ 36%]
tests/test_bcrypt.py::test_checkpw[Kk4DQuMMfZL9o-$2b$04$cVWp4XaNU8a4v1uMRum2SO-$2b$04$cVWp4XaNU8a4v1uMRum2SO026BWLIoQMD/TXg5uZV.0P.uO8m3YEm] PASSED [ 37%]
tests/test_bcrypt.py::test_checkpw[9IeRXmnGxMYbs-$2b$04$pQ7gRO7e6wx/936oXhNjrO-$2b$04$pQ7gRO7e6wx/936oXhNjrOUNOHL1D0h1N2IDbJZYs.1ppzSof6SPy] PASSED [ 37%]
tests/test_bcrypt.py::test_checkpw[xVQVbwa1S0M8r-$2b$04$SQe9knOzepOVKoYXo9xTte-$2b$04$SQe9knOzepOVKoYXo9xTteNYr6MBwVz4tpriJVe3PNgYufGIsgKcW] PASSED [ 38%]
tests/test_bcrypt.py::test_checkpw[Zfgr26LWd22Za-$2b$04$eH8zX.q5Q.j2hO1NkVYJQO-$2b$04$eH8zX.q5Q.j2hO1NkVYJQOM6KxntS/ow3.YzVmFrE4t//CoF4fvne] PASSED [ 39%]
tests/test_bcrypt.py::test_checkpw[Tg4daC27epFBE-$2b$04$ahiTdwRXpUG2JLRcIznxc.-$2b$04$ahiTdwRXpUG2JLRcIznxc.s1.ydaPGD372bsGs8NqyYjLY1inG5n2] PASSED [ 40%]
tests/test_bcrypt.py::test_checkpw[xhQPMmwh5ALzW-$2b$04$nQn78dV0hGHf5wUBe0zOFu-$2b$04$nQn78dV0hGHf5wUBe0zOFu8n07ZbWWOKoGasZKRspZxtt.vBRNMIy] PASSED [ 40%]
tests/test_bcrypt.py::test_checkpw[59je8h5Gj71tg-$2b$04$cvXudZ5ugTg95W.rOjMITu-$2b$04$cvXudZ5ugTg95W.rOjMITuM1jC0piCl3zF5cmGhzCibHZrNHkmckG] PASSED [ 41%]
tests/test_bcrypt.py::test_checkpw[wT4fHJa2N9WSW-$2b$04$YYjtiq4Uh88yUsExO0RNTu-$2b$04$YYjtiq4Uh88yUsExO0RNTuEJ.tZlsONac16A8OcLHleWFjVawfGvO] PASSED [ 42%]
tests/test_bcrypt.py::test_checkpw[uSgFRnQdOgm4S-$2b$04$WLTjgY/pZSyqX/fbMbJzf.-$2b$04$WLTjgY/pZSyqX/fbMbJzf.qxCeTMQOzgL.CimRjMHtMxd/VGKojMu] PASSED [ 42%]
tests/test_bcrypt.py::test_checkpw[tEPtJZXur16Vg-$2b$04$2moPs/x/wnCfeQ5pCheMcu-$2b$04$2moPs/x/wnCfeQ5pCheMcuSJQ/KYjOZG780UjA/SiR.KsYWNrC7SG] PASSED [ 43%]
tests/test_bcrypt.py::test_checkpw[vvho8C6nlVf9K-$2b$04$HrEYC/AQ2HS77G78cQDZQ.-$2b$04$HrEYC/AQ2HS77G78cQDZQ.r44WGcruKw03KHlnp71yVQEwpsi3xl2] PASSED [ 44%]
tests/test_bcrypt.py::test_checkpw[5auCCY9by0Ruf-$2b$04$vVYgSTfB8KVbmhbZE/k3R.-$2b$04$vVYgSTfB8KVbmhbZE/k3R.ux9A0lJUM4CZwCkHI9fifke2.rTF7MG] PASSED [ 44%]
tests/test_bcrypt.py::test_checkpw[GtTkR6qn2QOZW-$2b$04$JfoNrR8.doieoI8..F.C1O-$2b$04$JfoNrR8.doieoI8..F.C1OQgwE3uTeuardy6lw0AjALUzOARoyf2m] PASSED [ 45%]
tests/test_bcrypt.py::test_checkpw[zKo8vdFSnjX0f-$2b$04$HP3I0PUs7KBEzMBNFw7o3O-$2b$04$HP3I0PUs7KBEzMBNFw7o3O7f/uxaZU7aaDot1quHMgB2yrwBXsgyy] PASSED [ 46%]
tests/test_bcrypt.py::test_checkpw[I9VfYlacJiwiK-$2b$04$xnFVhJsTzsFBTeP3PpgbMe-$2b$04$xnFVhJsTzsFBTeP3PpgbMeMREb6rdKV9faW54Sx.yg9plf4jY8qT6] PASSED [ 46%]
tests/test_bcrypt.py::test_checkpw[VFPO7YXnHQbQO-$2b$04$WQp9.igoLqVr6Qk70mz6xu-$2b$04$WQp9.igoLqVr6Qk70mz6xuRxE0RttVXXdukpR9N54x17ecad34ZF6] PASSED [ 47%]
tests/test_bcrypt.py::test_checkpw[VDx5BdxfxstYk-$2b$04$xgZtlonpAHSU/njOCdKztO-$2b$04$xgZtlonpAHSU/njOCdKztOPuPFzCNVpB4LGicO4/OGgHv.uKHkwsS] PASSED [ 48%]
tests/test_bcrypt.py::test_checkpw[dEe6XfVGrrfSH-$2b$04$2Siw3Nv3Q/gTOIPetAyPr.-$2b$04$2Siw3Nv3Q/gTOIPetAyPr.GNj3aO0lb1E5E9UumYGKjP9BYqlNWJe] PASSED [ 48%]
tests/test_bcrypt.py::test_checkpw[cTT0EAFdwJiLn-$2b$04$7/Qj7Kd8BcSahPO4khB8me-$2b$04$7/Qj7Kd8BcSahPO4khB8me4ssDJCW3r4OGYqPF87jxtrSyPj5cS5m] PASSED [ 49%]
tests/test_bcrypt.py::test_checkpw[J8eHUDuxBB520-$2b$04$VvlCUKbTMjaxaYJ.k5juoe-$2b$04$VvlCUKbTMjaxaYJ.k5juoecpG/7IzcH1AkmqKi.lIZMVIOLClWAk.] PASSED [ 50%]
tests/test_bcrypt.py::test_checkpw[U*U-$2a$05$CCCCCCCCCCCCCCCCCCCCC.-$2a$05$CCCCCCCCCCCCCCCCCCCCC.E5YPO9kmyuRGyh0XouQYb4YMJKvyOeW] PASSED [ 51%]
tests/test_bcrypt.py::test_checkpw[U*U*-$2a$05$CCCCCCCCCCCCCCCCCCCCC.-$2a$05$CCCCCCCCCCCCCCCCCCCCC.VGOzA784oUp/Z0DY336zx7pLYAy0lwK] PASSED [ 51%]
tests/test_bcrypt.py::test_checkpw[U*U*U-$2a$05$XXXXXXXXXXXXXXXXXXXXXO-$2a$05$XXXXXXXXXXXXXXXXXXXXXOAcXxm9kjPGEMsLznoKqmqw7tc8WCx4a] PASSED [ 52%]
tests/test_bcrypt.py::test_checkpw[0123456789abcdefghijklmnopqrstuvwxyzABCDEFGHIJKLMNOPQRSTUVWXYZ0123456789chars after 72 are ignored-$2a$05$abcdefghijklmnopqrstuu-$2a$05$abcdefghijklmnopqrstuu5s2v8.iXieOjg/.AySBTTZIIVFJeBui] PASSED [ 53%]
tests/test_bcrypt.py::test_checkpw[\xaa\xaa\xaa\xaa\xaa\xaa\xaa\xaa\xaa\xaa\xaa\xaa\xaa\xaa\xaa\xaa\xaa\xaa\xaa\xaa\xaa\xaa\xaa\xaa\xaa\xaa\xaa\xaa\xaa\xaa\xaa\xaa\xaa\xaa\xaa\xaa\xaa\xaa\xaa\xaa\xaa\xaa\xaa\xaa\xaa\xaa\xaa\xaa\xaa\xaa\xaa\xaa\xaa\xaa\xaa\xaa\xaa\xaa\xaa\xaa\xaa\xaa\xaa\xaa\xaa\xaa\xaa\xaa\xaa\xaa\xaa\xaachars after 72 are ignored as usual-$2a$05$/OK.fbVrR/bpIqNJ5ianF.-$2a$05$/OK.fbVrR/bpIqNJ5ianF.swQOIzjOiJ9GHEPuhEkvqrUyvWhEMx6] PASSED [ 53%]
tests/test_bcrypt.py::test_checkpw[\xa3-$2a$05$/OK.fbVrR/bpIqNJ5ianF.-$2a$05$/OK.fbVrR/bpIqNJ5ianF.Sa7shbm4.OzKpvFnX1pQLmQW96oUlCq] PASSED [ 54%]
tests/test_bcrypt.py::test_hashpw_existing[Kk4DQuMMfZL9o-$2b$04$cVWp4XaNU8a4v1uMRum2SO-$2b$04$cVWp4XaNU8a4v1uMRum2SO026BWLIoQMD/TXg5uZV.0P.uO8m3YEm] PASSED [ 55%]
tests/test_bcrypt.py::test_hashpw_existing[9IeRXmnGxMYbs-$2b$04$pQ7gRO7e6wx/936oXhNjrO-$2b$04$pQ7gRO7e6wx/936oXhNjrOUNOHL1D0h1N2IDbJZYs.1ppzSof6SPy] PASSED [ 55%]
tests/test_bcrypt.py::test_hashpw_existing[xVQVbwa1S0M8r-$2b$04$SQe9knOzepOVKoYXo9xTte-$2b$04$SQe9knOzepOVKoYXo9xTteNYr6MBwVz4tpriJVe3PNgYufGIsgKcW] PASSED [ 56%]
tests/test_bcrypt.py::test_hashpw_existing[Zfgr26LWd22Za-$2b$04$eH8zX.q5Q.j2hO1NkVYJQO-$2b$04$eH8zX.q5Q.j2hO1NkVYJQOM6KxntS/ow3.YzVmFrE4t//CoF4fvne] PASSED [ 57%]
tests/test_bcrypt.py::test_hashpw_existing[Tg4daC27epFBE-$2b$04$ahiTdwRXpUG2JLRcIznxc.-$2b$04$ahiTdwRXpUG2JLRcIznxc.s1.ydaPGD372bsGs8NqyYjLY1inG5n2] PASSED [ 57%]
tests/test_bcrypt.py::test_hashpw_existing[xhQPMmwh5ALzW-$2b$04$nQn78dV0hGHf5wUBe0zOFu-$2b$04$nQn78dV0hGHf5wUBe0zOFu8n07ZbWWOKoGasZKRspZxtt.vBRNMIy] PASSED [ 58%]
tests/test_bcrypt.py::test_hashpw_existing[59je8h5Gj71tg-$2b$04$cvXudZ5ugTg95W.rOjMITu-$2b$04$cvXudZ5ugTg95W.rOjMITuM1jC0piCl3zF5cmGhzCibHZrNHkmckG] PASSED [ 59%]
tests/test_bcrypt.py::test_hashpw_existing[wT4fHJa2N9WSW-$2b$04$YYjtiq4Uh88yUsExO0RNTu-$2b$04$YYjtiq4Uh88yUsExO0RNTuEJ.tZlsONac16A8OcLHleWFjVawfGvO] PASSED [ 60%]
tests/test_bcrypt.py::test_hashpw_existing[uSgFRnQdOgm4S-$2b$04$WLTjgY/pZSyqX/fbMbJzf.-$2b$04$WLTjgY/pZSyqX/fbMbJzf.qxCeTMQOzgL.CimRjMHtMxd/VGKojMu] PASSED [ 60%]
tests/test_bcrypt.py::test_hashpw_existing[tEPtJZXur16Vg-$2b$04$2moPs/x/wnCfeQ5pCheMcu-$2b$04$2moPs/x/wnCfeQ5pCheMcuSJQ/KYjOZG780UjA/SiR.KsYWNrC7SG] PASSED [ 61%]
tests/test_bcrypt.py::test_hashpw_existing[vvho8C6nlVf9K-$2b$04$HrEYC/AQ2HS77G78cQDZQ.-$2b$04$HrEYC/AQ2HS77G78cQDZQ.r44WGcruKw03KHlnp71yVQEwpsi3xl2] PASSED [ 62%]
tests/test_bcrypt.py::test_hashpw_existing[5auCCY9by0Ruf-$2b$04$vVYgSTfB8KVbmhbZE/k3R.-$2b$04$vVYgSTfB8KVbmhbZE/k3R.ux9A0lJUM4CZwCkHI9fifke2.rTF7MG] PASSED [ 62%]
tests/test_bcrypt.py::test_hashpw_existing[GtTkR6qn2QOZW-$2b$04$JfoNrR8.doieoI8..F.C1O-$2b$04$JfoNrR8.doieoI8..F.C1OQgwE3uTeuardy6lw0AjALUzOARoyf2m] PASSED [ 63%]
tests/test_bcrypt.py::test_hashpw_existing[zKo8vdFSnjX0f-$2b$04$HP3I0PUs7KBEzMBNFw7o3O-$2b$04$HP3I0PUs7KBEzMBNFw7o3O7f/uxaZU7aaDot1quHMgB2yrwBXsgyy] PASSED [ 64%]
tests/test_bcrypt.py::test_hashpw_existing[I9VfYlacJiwiK-$2b$04$xnFVhJsTzsFBTeP3PpgbMe-$2b$04$xnFVhJsTzsFBTeP3PpgbMeMREb6rdKV9faW54Sx.yg9plf4jY8qT6] PASSED [ 64%]
tests/test_bcrypt.py::test_hashpw_existing[VFPO7YXnHQbQO-$2b$04$WQp9.igoLqVr6Qk70mz6xu-$2b$04$WQp9.igoLqVr6Qk70mz6xuRxE0RttVXXdukpR9N54x17ecad34ZF6] PASSED [ 65%]
tests/test_bcrypt.py::test_hashpw_existing[VDx5BdxfxstYk-$2b$04$xgZtlonpAHSU/njOCdKztO-$2b$04$xgZtlonpAHSU/njOCdKztOPuPFzCNVpB4LGicO4/OGgHv.uKHkwsS] PASSED [ 66%]
tests/test_bcrypt.py::test_hashpw_existing[dEe6XfVGrrfSH-$2b$04$2Siw3Nv3Q/gTOIPetAyPr.-$2b$04$2Siw3Nv3Q/gTOIPetAyPr.GNj3aO0lb1E5E9UumYGKjP9BYqlNWJe] PASSED [ 66%]
tests/test_bcrypt.py::test_hashpw_existing[cTT0EAFdwJiLn-$2b$04$7/Qj7Kd8BcSahPO4khB8me-$2b$04$7/Qj7Kd8BcSahPO4khB8me4ssDJCW3r4OGYqPF87jxtrSyPj5cS5m] PASSED [ 67%]
tests/test_bcrypt.py::test_hashpw_existing[J8eHUDuxBB520-$2b$04$VvlCUKbTMjaxaYJ.k5juoe-$2b$04$VvlCUKbTMjaxaYJ.k5juoecpG/7IzcH1AkmqKi.lIZMVIOLClWAk.] PASSED [ 68%]
tests/test_bcrypt.py::test_hashpw_existing[U*U-$2a$05$CCCCCCCCCCCCCCCCCCCCC.-$2a$05$CCCCCCCCCCCCCCCCCCCCC.E5YPO9kmyuRGyh0XouQYb4YMJKvyOeW] PASSED [ 68%]
tests/test_bcrypt.py::test_hashpw_existing[U*U*-$2a$05$CCCCCCCCCCCCCCCCCCCCC.-$2a$05$CCCCCCCCCCCCCCCCCCCCC.VGOzA784oUp/Z0DY336zx7pLYAy0lwK] PASSED [ 69%]
tests/test_bcrypt.py::test_hashpw_existing[U*U*U-$2a$05$XXXXXXXXXXXXXXXXXXXXXO-$2a$05$XXXXXXXXXXXXXXXXXXXXXOAcXxm9kjPGEMsLznoKqmqw7tc8WCx4a] PASSED [ 70%]
tests/test_bcrypt.py::test_hashpw_existing[0123456789abcdefghijklmnopqrstuvwxyzABCDEFGHIJKLMNOPQRSTUVWXYZ0123456789chars after 72 are ignored-$2a$05$abcdefghijklmnopqrstuu-$2a$05$abcdefghijklmnopqrstuu5s2v8.iXieOjg/.AySBTTZIIVFJeBui] PASSED [ 71%]
tests/test_bcrypt.py::test_hashpw_existing[\xaa\xaa\xaa\xaa\xaa\xaa\xaa\xaa\xaa\xaa\xaa\xaa\xaa\xaa\xaa\xaa\xaa\xaa\xaa\xaa\xaa\xaa\xaa\xaa\xaa\xaa\xaa\xaa\xaa\xaa\xaa\xaa\xaa\xaa\xaa\xaa\xaa\xaa\xaa\xaa\xaa\xaa\xaa\xaa\xaa\xaa\xaa\xaa\xaa\xaa\xaa\xaa\xaa\xaa\xaa\xaa\xaa\xaa\xaa\xaa\xaa\xaa\xaa\xaa\xaa\xaa\xaa\xaa\xaa\xaa\xaa\xaachars after 72 are ignored as usual-$2a$05$/OK.fbVrR/bpIqNJ5ianF.-$2a$05$/OK.fbVrR/bpIqNJ5ianF.swQOIzjOiJ9GHEPuhEkvqrUyvWhEMx6] PASSED [ 71%]
tests/test_bcrypt.py::test_hashpw_existing[\xa3-$2a$05$/OK.fbVrR/bpIqNJ5ianF.-$2a$05$/OK.fbVrR/bpIqNJ5ianF.Sa7shbm4.OzKpvFnX1pQLmQW96oUlCq] PASSED [ 72%]
tests/test_bcrypt.py::test_hashpw_2y_prefix[\xa3-$2y$05$/OK.fbVrR/bpIqNJ5ianF.Sa7shbm4.OzKpvFnX1pQLmQW96oUlCq-$2y$05$/OK.fbVrR/bpIqNJ5ianF.Sa7shbm4.OzKpvFnX1pQLmQW96oUlCq] PASSED [ 73%]
tests/test_bcrypt.py::test_hashpw_2y_prefix[\xff\xff\xa3-$2y$05$/OK.fbVrR/bpIqNJ5ianF.CE5elHaaO4EbggVDjb8P19RukzXSM3e-$2y$05$/OK.fbVrR/bpIqNJ5ianF.CE5elHaaO4EbggVDjb8P19RukzXSM3e] PASSED [ 73%]
tests/test_bcrypt.py::test_checkpw_2y_prefix[\xa3-$2y$05$/OK.fbVrR/bpIqNJ5ianF.Sa7shbm4.OzKpvFnX1pQLmQW96oUlCq-$2y$05$/OK.fbVrR/bpIqNJ5ianF.Sa7shbm4.OzKpvFnX1pQLmQW96oUlCq] PASSED [ 74%]
tests/test_bcrypt.py::test_checkpw_2y_prefix[\xff\xff\xa3-$2y$05$/OK.fbVrR/bpIqNJ5ianF.CE5elHaaO4EbggVDjb8P19RukzXSM3e-$2y$05$/OK.fbVrR/bpIqNJ5ianF.CE5elHaaO4EbggVDjb8P19RukzXSM3e] PASSED [ 75%]
tests/test_bcrypt.py::test_hashpw_invalid PASSED                         [ 75%]
tests/test_bcrypt.py::test_checkpw_wrong_password PASSED                 [ 76%]
tests/test_bcrypt.py::test_checkpw_bad_salt PASSED                       [ 77%]
tests/test_bcrypt.py::test_checkpw_str_password PASSED                   [ 77%]
tests/test_bcrypt.py::test_checkpw_str_salt PASSED                       [ 78%]
tests/test_bcrypt.py::test_hashpw_str_password PASSED                    [ 79%]
tests/test_bcrypt.py::test_hashpw_str_salt PASSED                        [ 80%]
tests/test_bcrypt.py::test_checkpw_nul_byte PASSED                       [ 80%]
tests/test_bcrypt.py::test_hashpw_nul_byte PASSED                        [ 81%]
tests/test_bcrypt.py::test_checkpw_extra_data PASSED                     [ 82%]
tests/test_bcrypt.py::test_kdf[4-password-salt-[\xbf\x0c\xc2\x93X\x7f\x1c65U\\\'ye\x98\xd4~W\x90q\xbfB~\x9d\x8f\xbe\x84*\xba4\xd9] PASSED [ 82%]
tests/test_bcrypt.py::test_kdf[4-password-\x00-\xc1+Vb5\xee\xe0L!%\x98\x97\nW\x9ag] PASSED [ 83%]
tests/test_bcrypt.py::test_kdf[4-\x00-salt-`Q\xbe\x18\xc2\xf4\xf8,\xbf\x0e\xfe\xe5G\x1bK\xb9] PASSED [ 84%]
tests/test_bcrypt.py::test_kdf[4-password\x00-salt\x00-t\x10\xe4L\xf4\xfa\x07\xbf\xaa\xc8\xa9(\xb1r\x7f\xac\x00\x13u\xe7\xbfs\x847\x0fH\xef\xd1!t0P] PASSED [ 84%]
tests/test_bcrypt.py::test_kdf[4-pass\x00wor-sa\x00l-\xc2\xbf\xfd\x9d\xb3\x8fei\xef\xefCr\xf4\xde\x83\xc0] PASSED [ 85%]
tests/test_bcrypt.py::test_kdf[4-pass\x00word-sa\x00lt-K\xa4\xac9%\xc0\xe8\xd7\xf0\xcd\xb6\xbb\x16\x84\xa5o] PASSED [ 86%]
tests/test_bcrypt.py::test_kdf[8-password-salt-\xe16~\xc5\x15\x1a3\xfa\xacL\xc1\xc1D\xcd#\xfa\x15\xd5T\x84\x93\xec\xc9\x9b\x9b]\x9c\r;\'\xbe\xc7b\'\xeaf\x08\x8b\x84\x9b \xabz\xa4x\x01\x02F\xe7K\xbaQr?\xef\xa9\xf9GMe\x08\x84^\x8d] PASSED [ 86%]
tests/test_bcrypt.py::test_kdf[42-password-salt-\x83<\xf0\xdc\xf5m\xb6V\x08\xe8\xf0\xdc\x0c\xe8\x82\xbd] PASSED [ 87%]
tests/test_bcrypt.py::test_kdf[8-Lorem ipsum dolor sit amet, consectetur adipisicing elit, sed do eiusmod tempor incididunt ut labore et dolore magna aliqua. Ut enim ad minim veniam, quis nostrud exercitation ullamco laboris nisi ut aliquip ex ea commodo consequat. Duis aute irure dolor in reprehenderit in voluptate velit esse cillum dolore eu fugiat nulla pariatur. Excepteur sint occaecat cupidatat non proident, sunt in culpa qui officia deserunt mollit anim id est laborum.-salis\x00-\x10\x97\x8b\x07%=\xf5\x7fq\xa1b\xeb\x0e\x8a\xd3\n] PASSED [ 88%]
tests/test_bcrypt.py::test_kdf[8-\r\xb3\xac\x94\xb3\xeeS(OJ"\x89;<$\xae-:b\xf0\xf0\xdb\xce\xf8#\xcf\xcc\x85HV\xea\x10(- D8\x17^\xee|\xe16\xc9\x1bI\xa6y#\xff] PASSED [ 88%]
tests/test_bcrypt.py::test_kdf[8-\r\xb3\xac\x94\xb3\xeeS(OJ"\x89;<$\xae-:b\xf0\xf0\xdb\xce\xf8#\xcf\xcc\x85HV\xea\x10(- T\xb9\xff\xf3N7!D\x034th(\xe9\xed8\xdeKr\xe0\xa6\x9a\xdc\x17\n\x13\xb5\xe8\xd6F8^\xa4\x03J\xe6\xd2f\x00\xee#2\xc5\xed@\xadU|\x86\xe3@?\xbb0\xe4\xe1\xdc\x1a\xe0k\x99\xa0q6\x8fQ\x8d,BfQ\xc9\xe7\xe47\xfdl\x91[\x1b\xbf\xc3\xa4\xce\xa7\x14\x91I\x0e\xa7\xaf\xb7\xdd\x02\x90\xa6x\xa4\xf4A\x12\x8d\xb1y.\xab\'v\xb2\x1e\xb4#\x8e\x07\x15\xad\xd4\x12}\xffD\xe4\xb3\xe4\xccLO\x99p\x08??t\xbdi\x88s\xfd\xf6H\x84Ou\xc9\xbf\x7f\x9e\x0cM\x9e]\x89\xa7x9\x97I)fag\x07a\x1c\xb9\x01\xde1\xa1\x97&\xb6\xe0\x8c:\x80\x01f\x1f-\\\x9d\xcc3\xb4\xaa\x07/\x90\xdd\x0b?T\x8d^\xeb\xa4!\x13\x97\xe2\xfb\x06.Rn\x1dh\xf4jL\xe2V\x18[K\xad\xc2h_\xbex\xe1\xc7e{Y\xf8:\xb9\xab\x80\xcf\x93\x18\xd6\xad\xd1\xf5\x93?\x12\xd6\xf3a\x82\xc8\xe8\x11_h\x03\n\x12D] PASSED [ 89%]
tests/test_bcrypt.py::test_kdf[8-\xe1\xbd\x88\xce\xb4\xcf\x85\xcf\x83\xcf\x83\xce\xb5\xcf\x8d\xcf\x82-\xce\xa4\xce\xb7\xce\xbb\xce\xad\xce\xbc\xce\xb1\xcf\x87\xce\xbf\xcf\x82-Cfl\x9b\t\xef3\xed\x8c\'\xe8\xe8\xf3\xe2\xd8\xe6] PASSED [ 90%]
tests/test_bcrypt.py::test_kdf_str_password PASSED                       [ 91%]
tests/test_bcrypt.py::test_kdf_str_salt PASSED                           [ 91%]
tests/test_bcrypt.py::test_kdf_no_warn_rounds PASSED                     [ 92%]
tests/test_bcrypt.py::test_kdf_warn_rounds PASSED                        [ 93%]
tests/test_bcrypt.py::test_invalid_params[pass-$2b$04$cVWp4XaNU8a4v1uMRum2SO-10-10-TypeError] PASSED [ 93%]
tests/test_bcrypt.py::test_invalid_params[password-salt-10-10-TypeError] PASSED [ 94%]
tests/test_bcrypt.py::test_invalid_params[-$2b$04$cVWp4XaNU8a4v1uMRum2SO-10-10-ValueError] PASSED [ 95%]
tests/test_bcrypt.py::test_invalid_params[password--10-10-ValueError] PASSED [ 95%]
tests/test_bcrypt.py::test_invalid_params[password-$2b$04$cVWp4XaNU8a4v1uMRum2SO-0-10-ValueError] PASSED [ 96%]
tests/test_bcrypt.py::test_invalid_params[password-$2b$04$cVWp4XaNU8a4v1uMRum2SO--3-10-ValueError] PASSED [ 97%]
tests/test_bcrypt.py::test_invalid_params[password-$2b$04$cVWp4XaNU8a4v1uMRum2SO-513-10-ValueError] PASSED [ 97%]
tests/test_bcrypt.py::test_invalid_params[password-$2b$04$cVWp4XaNU8a4v1uMRum2SO-20-0-ValueError] PASSED [ 98%]
tests/test_bcrypt.py::test_bcrypt_assert PASSED                          [ 99%]
tests/test_bcrypt.py::test_2a_wraparound_bug PASSED                      [100%]

========================== 145 passed in 1.34 seconds ==========================
	pybuild --test --test-pytest -i python{version} -p 3.7
I: pybuild base:217: python3.7 -m pytest -v -x
============================= test session starts ==============================
platform linux -- Python 3.7.6, pytest-4.6.9, py-1.8.1, pluggy-0.13.0 -- /usr/bin/python3.7
cachedir: .pytest_cache
rootdir: /<<PKGBUILDDIR>>
collecting ... collected 145 items

tests/test_bcrypt.py::test_gensalt_basic PASSED                          [  0%]
tests/test_bcrypt.py::test_gensalt_rounds_valid[4-$2b$04$KB.uKB.uKB.uKB.uKB.uK.] PASSED [  1%]
tests/test_bcrypt.py::test_gensalt_rounds_valid[5-$2b$05$KB.uKB.uKB.uKB.uKB.uK.] PASSED [  2%]
tests/test_bcrypt.py::test_gensalt_rounds_valid[6-$2b$06$KB.uKB.uKB.uKB.uKB.uK.] PASSED [  2%]
tests/test_bcrypt.py::test_gensalt_rounds_valid[7-$2b$07$KB.uKB.uKB.uKB.uKB.uK.] PASSED [  3%]
tests/test_bcrypt.py::test_gensalt_rounds_valid[8-$2b$08$KB.uKB.uKB.uKB.uKB.uK.] PASSED [  4%]
tests/test_bcrypt.py::test_gensalt_rounds_valid[9-$2b$09$KB.uKB.uKB.uKB.uKB.uK.] PASSED [  4%]
tests/test_bcrypt.py::test_gensalt_rounds_valid[10-$2b$10$KB.uKB.uKB.uKB.uKB.uK.] PASSED [  5%]
tests/test_bcrypt.py::test_gensalt_rounds_valid[11-$2b$11$KB.uKB.uKB.uKB.uKB.uK.] PASSED [  6%]
tests/test_bcrypt.py::test_gensalt_rounds_valid[12-$2b$12$KB.uKB.uKB.uKB.uKB.uK.] PASSED [  6%]
tests/test_bcrypt.py::test_gensalt_rounds_valid[13-$2b$13$KB.uKB.uKB.uKB.uKB.uK.] PASSED [  7%]
tests/test_bcrypt.py::test_gensalt_rounds_valid[14-$2b$14$KB.uKB.uKB.uKB.uKB.uK.] PASSED [  8%]
tests/test_bcrypt.py::test_gensalt_rounds_valid[15-$2b$15$KB.uKB.uKB.uKB.uKB.uK.] PASSED [  8%]
tests/test_bcrypt.py::test_gensalt_rounds_valid[16-$2b$16$KB.uKB.uKB.uKB.uKB.uK.] PASSED [  9%]
tests/test_bcrypt.py::test_gensalt_rounds_valid[17-$2b$17$KB.uKB.uKB.uKB.uKB.uK.] PASSED [ 10%]
tests/test_bcrypt.py::test_gensalt_rounds_valid[18-$2b$18$KB.uKB.uKB.uKB.uKB.uK.] PASSED [ 11%]
tests/test_bcrypt.py::test_gensalt_rounds_valid[19-$2b$19$KB.uKB.uKB.uKB.uKB.uK.] PASSED [ 11%]
tests/test_bcrypt.py::test_gensalt_rounds_valid[20-$2b$20$KB.uKB.uKB.uKB.uKB.uK.] PASSED [ 12%]
tests/test_bcrypt.py::test_gensalt_rounds_valid[21-$2b$21$KB.uKB.uKB.uKB.uKB.uK.] PASSED [ 13%]
tests/test_bcrypt.py::test_gensalt_rounds_valid[22-$2b$22$KB.uKB.uKB.uKB.uKB.uK.] PASSED [ 13%]
tests/test_bcrypt.py::test_gensalt_rounds_valid[23-$2b$23$KB.uKB.uKB.uKB.uKB.uK.] PASSED [ 14%]
tests/test_bcrypt.py::test_gensalt_rounds_valid[24-$2b$24$KB.uKB.uKB.uKB.uKB.uK.] PASSED [ 15%]
tests/test_bcrypt.py::test_gensalt_rounds_invalid[1] PASSED              [ 15%]
tests/test_bcrypt.py::test_gensalt_rounds_invalid[2] PASSED              [ 16%]
tests/test_bcrypt.py::test_gensalt_rounds_invalid[3] PASSED              [ 17%]
tests/test_bcrypt.py::test_gensalt_bad_prefix PASSED                     [ 17%]
tests/test_bcrypt.py::test_gensalt_2a_prefix PASSED                      [ 18%]
tests/test_bcrypt.py::test_hashpw_new[Kk4DQuMMfZL9o-$2b$04$cVWp4XaNU8a4v1uMRum2SO-$2b$04$cVWp4XaNU8a4v1uMRum2SO026BWLIoQMD/TXg5uZV.0P.uO8m3YEm] PASSED [ 19%]
tests/test_bcrypt.py::test_hashpw_new[9IeRXmnGxMYbs-$2b$04$pQ7gRO7e6wx/936oXhNjrO-$2b$04$pQ7gRO7e6wx/936oXhNjrOUNOHL1D0h1N2IDbJZYs.1ppzSof6SPy] PASSED [ 20%]
tests/test_bcrypt.py::test_hashpw_new[xVQVbwa1S0M8r-$2b$04$SQe9knOzepOVKoYXo9xTte-$2b$04$SQe9knOzepOVKoYXo9xTteNYr6MBwVz4tpriJVe3PNgYufGIsgKcW] PASSED [ 20%]
tests/test_bcrypt.py::test_hashpw_new[Zfgr26LWd22Za-$2b$04$eH8zX.q5Q.j2hO1NkVYJQO-$2b$04$eH8zX.q5Q.j2hO1NkVYJQOM6KxntS/ow3.YzVmFrE4t//CoF4fvne] PASSED [ 21%]
tests/test_bcrypt.py::test_hashpw_new[Tg4daC27epFBE-$2b$04$ahiTdwRXpUG2JLRcIznxc.-$2b$04$ahiTdwRXpUG2JLRcIznxc.s1.ydaPGD372bsGs8NqyYjLY1inG5n2] PASSED [ 22%]
tests/test_bcrypt.py::test_hashpw_new[xhQPMmwh5ALzW-$2b$04$nQn78dV0hGHf5wUBe0zOFu-$2b$04$nQn78dV0hGHf5wUBe0zOFu8n07ZbWWOKoGasZKRspZxtt.vBRNMIy] PASSED [ 22%]
tests/test_bcrypt.py::test_hashpw_new[59je8h5Gj71tg-$2b$04$cvXudZ5ugTg95W.rOjMITu-$2b$04$cvXudZ5ugTg95W.rOjMITuM1jC0piCl3zF5cmGhzCibHZrNHkmckG] PASSED [ 23%]
tests/test_bcrypt.py::test_hashpw_new[wT4fHJa2N9WSW-$2b$04$YYjtiq4Uh88yUsExO0RNTu-$2b$04$YYjtiq4Uh88yUsExO0RNTuEJ.tZlsONac16A8OcLHleWFjVawfGvO] PASSED [ 24%]
tests/test_bcrypt.py::test_hashpw_new[uSgFRnQdOgm4S-$2b$04$WLTjgY/pZSyqX/fbMbJzf.-$2b$04$WLTjgY/pZSyqX/fbMbJzf.qxCeTMQOzgL.CimRjMHtMxd/VGKojMu] PASSED [ 24%]
tests/test_bcrypt.py::test_hashpw_new[tEPtJZXur16Vg-$2b$04$2moPs/x/wnCfeQ5pCheMcu-$2b$04$2moPs/x/wnCfeQ5pCheMcuSJQ/KYjOZG780UjA/SiR.KsYWNrC7SG] PASSED [ 25%]
tests/test_bcrypt.py::test_hashpw_new[vvho8C6nlVf9K-$2b$04$HrEYC/AQ2HS77G78cQDZQ.-$2b$04$HrEYC/AQ2HS77G78cQDZQ.r44WGcruKw03KHlnp71yVQEwpsi3xl2] PASSED [ 26%]
tests/test_bcrypt.py::test_hashpw_new[5auCCY9by0Ruf-$2b$04$vVYgSTfB8KVbmhbZE/k3R.-$2b$04$vVYgSTfB8KVbmhbZE/k3R.ux9A0lJUM4CZwCkHI9fifke2.rTF7MG] PASSED [ 26%]
tests/test_bcrypt.py::test_hashpw_new[GtTkR6qn2QOZW-$2b$04$JfoNrR8.doieoI8..F.C1O-$2b$04$JfoNrR8.doieoI8..F.C1OQgwE3uTeuardy6lw0AjALUzOARoyf2m] PASSED [ 27%]
tests/test_bcrypt.py::test_hashpw_new[zKo8vdFSnjX0f-$2b$04$HP3I0PUs7KBEzMBNFw7o3O-$2b$04$HP3I0PUs7KBEzMBNFw7o3O7f/uxaZU7aaDot1quHMgB2yrwBXsgyy] PASSED [ 28%]
tests/test_bcrypt.py::test_hashpw_new[I9VfYlacJiwiK-$2b$04$xnFVhJsTzsFBTeP3PpgbMe-$2b$04$xnFVhJsTzsFBTeP3PpgbMeMREb6rdKV9faW54Sx.yg9plf4jY8qT6] PASSED [ 28%]
tests/test_bcrypt.py::test_hashpw_new[VFPO7YXnHQbQO-$2b$04$WQp9.igoLqVr6Qk70mz6xu-$2b$04$WQp9.igoLqVr6Qk70mz6xuRxE0RttVXXdukpR9N54x17ecad34ZF6] PASSED [ 29%]
tests/test_bcrypt.py::test_hashpw_new[VDx5BdxfxstYk-$2b$04$xgZtlonpAHSU/njOCdKztO-$2b$04$xgZtlonpAHSU/njOCdKztOPuPFzCNVpB4LGicO4/OGgHv.uKHkwsS] PASSED [ 30%]
tests/test_bcrypt.py::test_hashpw_new[dEe6XfVGrrfSH-$2b$04$2Siw3Nv3Q/gTOIPetAyPr.-$2b$04$2Siw3Nv3Q/gTOIPetAyPr.GNj3aO0lb1E5E9UumYGKjP9BYqlNWJe] PASSED [ 31%]
tests/test_bcrypt.py::test_hashpw_new[cTT0EAFdwJiLn-$2b$04$7/Qj7Kd8BcSahPO4khB8me-$2b$04$7/Qj7Kd8BcSahPO4khB8me4ssDJCW3r4OGYqPF87jxtrSyPj5cS5m] PASSED [ 31%]
tests/test_bcrypt.py::test_hashpw_new[J8eHUDuxBB520-$2b$04$VvlCUKbTMjaxaYJ.k5juoe-$2b$04$VvlCUKbTMjaxaYJ.k5juoecpG/7IzcH1AkmqKi.lIZMVIOLClWAk.] PASSED [ 32%]
tests/test_bcrypt.py::test_hashpw_new[U*U-$2a$05$CCCCCCCCCCCCCCCCCCCCC.-$2a$05$CCCCCCCCCCCCCCCCCCCCC.E5YPO9kmyuRGyh0XouQYb4YMJKvyOeW] PASSED [ 33%]
tests/test_bcrypt.py::test_hashpw_new[U*U*-$2a$05$CCCCCCCCCCCCCCCCCCCCC.-$2a$05$CCCCCCCCCCCCCCCCCCCCC.VGOzA784oUp/Z0DY336zx7pLYAy0lwK] PASSED [ 33%]
tests/test_bcrypt.py::test_hashpw_new[U*U*U-$2a$05$XXXXXXXXXXXXXXXXXXXXXO-$2a$05$XXXXXXXXXXXXXXXXXXXXXOAcXxm9kjPGEMsLznoKqmqw7tc8WCx4a] PASSED [ 34%]
tests/test_bcrypt.py::test_hashpw_new[0123456789abcdefghijklmnopqrstuvwxyzABCDEFGHIJKLMNOPQRSTUVWXYZ0123456789chars after 72 are ignored-$2a$05$abcdefghijklmnopqrstuu-$2a$05$abcdefghijklmnopqrstuu5s2v8.iXieOjg/.AySBTTZIIVFJeBui] PASSED [ 35%]
tests/test_bcrypt.py::test_hashpw_new[\xaa\xaa\xaa\xaa\xaa\xaa\xaa\xaa\xaa\xaa\xaa\xaa\xaa\xaa\xaa\xaa\xaa\xaa\xaa\xaa\xaa\xaa\xaa\xaa\xaa\xaa\xaa\xaa\xaa\xaa\xaa\xaa\xaa\xaa\xaa\xaa\xaa\xaa\xaa\xaa\xaa\xaa\xaa\xaa\xaa\xaa\xaa\xaa\xaa\xaa\xaa\xaa\xaa\xaa\xaa\xaa\xaa\xaa\xaa\xaa\xaa\xaa\xaa\xaa\xaa\xaa\xaa\xaa\xaa\xaa\xaa\xaachars after 72 are ignored as usual-$2a$05$/OK.fbVrR/bpIqNJ5ianF.-$2a$05$/OK.fbVrR/bpIqNJ5ianF.swQOIzjOiJ9GHEPuhEkvqrUyvWhEMx6] PASSED [ 35%]
tests/test_bcrypt.py::test_hashpw_new[\xa3-$2a$05$/OK.fbVrR/bpIqNJ5ianF.-$2a$05$/OK.fbVrR/bpIqNJ5ianF.Sa7shbm4.OzKpvFnX1pQLmQW96oUlCq] PASSED [ 36%]
tests/test_bcrypt.py::test_checkpw[Kk4DQuMMfZL9o-$2b$04$cVWp4XaNU8a4v1uMRum2SO-$2b$04$cVWp4XaNU8a4v1uMRum2SO026BWLIoQMD/TXg5uZV.0P.uO8m3YEm] PASSED [ 37%]
tests/test_bcrypt.py::test_checkpw[9IeRXmnGxMYbs-$2b$04$pQ7gRO7e6wx/936oXhNjrO-$2b$04$pQ7gRO7e6wx/936oXhNjrOUNOHL1D0h1N2IDbJZYs.1ppzSof6SPy] PASSED [ 37%]
tests/test_bcrypt.py::test_checkpw[xVQVbwa1S0M8r-$2b$04$SQe9knOzepOVKoYXo9xTte-$2b$04$SQe9knOzepOVKoYXo9xTteNYr6MBwVz4tpriJVe3PNgYufGIsgKcW] PASSED [ 38%]
tests/test_bcrypt.py::test_checkpw[Zfgr26LWd22Za-$2b$04$eH8zX.q5Q.j2hO1NkVYJQO-$2b$04$eH8zX.q5Q.j2hO1NkVYJQOM6KxntS/ow3.YzVmFrE4t//CoF4fvne] PASSED [ 39%]
tests/test_bcrypt.py::test_checkpw[Tg4daC27epFBE-$2b$04$ahiTdwRXpUG2JLRcIznxc.-$2b$04$ahiTdwRXpUG2JLRcIznxc.s1.ydaPGD372bsGs8NqyYjLY1inG5n2] PASSED [ 40%]
tests/test_bcrypt.py::test_checkpw[xhQPMmwh5ALzW-$2b$04$nQn78dV0hGHf5wUBe0zOFu-$2b$04$nQn78dV0hGHf5wUBe0zOFu8n07ZbWWOKoGasZKRspZxtt.vBRNMIy] PASSED [ 40%]
tests/test_bcrypt.py::test_checkpw[59je8h5Gj71tg-$2b$04$cvXudZ5ugTg95W.rOjMITu-$2b$04$cvXudZ5ugTg95W.rOjMITuM1jC0piCl3zF5cmGhzCibHZrNHkmckG] PASSED [ 41%]
tests/test_bcrypt.py::test_checkpw[wT4fHJa2N9WSW-$2b$04$YYjtiq4Uh88yUsExO0RNTu-$2b$04$YYjtiq4Uh88yUsExO0RNTuEJ.tZlsONac16A8OcLHleWFjVawfGvO] PASSED [ 42%]
tests/test_bcrypt.py::test_checkpw[uSgFRnQdOgm4S-$2b$04$WLTjgY/pZSyqX/fbMbJzf.-$2b$04$WLTjgY/pZSyqX/fbMbJzf.qxCeTMQOzgL.CimRjMHtMxd/VGKojMu] PASSED [ 42%]
tests/test_bcrypt.py::test_checkpw[tEPtJZXur16Vg-$2b$04$2moPs/x/wnCfeQ5pCheMcu-$2b$04$2moPs/x/wnCfeQ5pCheMcuSJQ/KYjOZG780UjA/SiR.KsYWNrC7SG] PASSED [ 43%]
tests/test_bcrypt.py::test_checkpw[vvho8C6nlVf9K-$2b$04$HrEYC/AQ2HS77G78cQDZQ.-$2b$04$HrEYC/AQ2HS77G78cQDZQ.r44WGcruKw03KHlnp71yVQEwpsi3xl2] PASSED [ 44%]
tests/test_bcrypt.py::test_checkpw[5auCCY9by0Ruf-$2b$04$vVYgSTfB8KVbmhbZE/k3R.-$2b$04$vVYgSTfB8KVbmhbZE/k3R.ux9A0lJUM4CZwCkHI9fifke2.rTF7MG] PASSED [ 44%]
tests/test_bcrypt.py::test_checkpw[GtTkR6qn2QOZW-$2b$04$JfoNrR8.doieoI8..F.C1O-$2b$04$JfoNrR8.doieoI8..F.C1OQgwE3uTeuardy6lw0AjALUzOARoyf2m] PASSED [ 45%]
tests/test_bcrypt.py::test_checkpw[zKo8vdFSnjX0f-$2b$04$HP3I0PUs7KBEzMBNFw7o3O-$2b$04$HP3I0PUs7KBEzMBNFw7o3O7f/uxaZU7aaDot1quHMgB2yrwBXsgyy] PASSED [ 46%]
tests/test_bcrypt.py::test_checkpw[I9VfYlacJiwiK-$2b$04$xnFVhJsTzsFBTeP3PpgbMe-$2b$04$xnFVhJsTzsFBTeP3PpgbMeMREb6rdKV9faW54Sx.yg9plf4jY8qT6] PASSED [ 46%]
tests/test_bcrypt.py::test_checkpw[VFPO7YXnHQbQO-$2b$04$WQp9.igoLqVr6Qk70mz6xu-$2b$04$WQp9.igoLqVr6Qk70mz6xuRxE0RttVXXdukpR9N54x17ecad34ZF6] PASSED [ 47%]
tests/test_bcrypt.py::test_checkpw[VDx5BdxfxstYk-$2b$04$xgZtlonpAHSU/njOCdKztO-$2b$04$xgZtlonpAHSU/njOCdKztOPuPFzCNVpB4LGicO4/OGgHv.uKHkwsS] PASSED [ 48%]
tests/test_bcrypt.py::test_checkpw[dEe6XfVGrrfSH-$2b$04$2Siw3Nv3Q/gTOIPetAyPr.-$2b$04$2Siw3Nv3Q/gTOIPetAyPr.GNj3aO0lb1E5E9UumYGKjP9BYqlNWJe] PASSED [ 48%]
tests/test_bcrypt.py::test_checkpw[cTT0EAFdwJiLn-$2b$04$7/Qj7Kd8BcSahPO4khB8me-$2b$04$7/Qj7Kd8BcSahPO4khB8me4ssDJCW3r4OGYqPF87jxtrSyPj5cS5m] PASSED [ 49%]
tests/test_bcrypt.py::test_checkpw[J8eHUDuxBB520-$2b$04$VvlCUKbTMjaxaYJ.k5juoe-$2b$04$VvlCUKbTMjaxaYJ.k5juoecpG/7IzcH1AkmqKi.lIZMVIOLClWAk.] PASSED [ 50%]
tests/test_bcrypt.py::test_checkpw[U*U-$2a$05$CCCCCCCCCCCCCCCCCCCCC.-$2a$05$CCCCCCCCCCCCCCCCCCCCC.E5YPO9kmyuRGyh0XouQYb4YMJKvyOeW] PASSED [ 51%]
tests/test_bcrypt.py::test_checkpw[U*U*-$2a$05$CCCCCCCCCCCCCCCCCCCCC.-$2a$05$CCCCCCCCCCCCCCCCCCCCC.VGOzA784oUp/Z0DY336zx7pLYAy0lwK] PASSED [ 51%]
tests/test_bcrypt.py::test_checkpw[U*U*U-$2a$05$XXXXXXXXXXXXXXXXXXXXXO-$2a$05$XXXXXXXXXXXXXXXXXXXXXOAcXxm9kjPGEMsLznoKqmqw7tc8WCx4a] PASSED [ 52%]
tests/test_bcrypt.py::test_checkpw[0123456789abcdefghijklmnopqrstuvwxyzABCDEFGHIJKLMNOPQRSTUVWXYZ0123456789chars after 72 are ignored-$2a$05$abcdefghijklmnopqrstuu-$2a$05$abcdefghijklmnopqrstuu5s2v8.iXieOjg/.AySBTTZIIVFJeBui] PASSED [ 53%]
tests/test_bcrypt.py::test_checkpw[\xaa\xaa\xaa\xaa\xaa\xaa\xaa\xaa\xaa\xaa\xaa\xaa\xaa\xaa\xaa\xaa\xaa\xaa\xaa\xaa\xaa\xaa\xaa\xaa\xaa\xaa\xaa\xaa\xaa\xaa\xaa\xaa\xaa\xaa\xaa\xaa\xaa\xaa\xaa\xaa\xaa\xaa\xaa\xaa\xaa\xaa\xaa\xaa\xaa\xaa\xaa\xaa\xaa\xaa\xaa\xaa\xaa\xaa\xaa\xaa\xaa\xaa\xaa\xaa\xaa\xaa\xaa\xaa\xaa\xaa\xaa\xaachars after 72 are ignored as usual-$2a$05$/OK.fbVrR/bpIqNJ5ianF.-$2a$05$/OK.fbVrR/bpIqNJ5ianF.swQOIzjOiJ9GHEPuhEkvqrUyvWhEMx6] PASSED [ 53%]
tests/test_bcrypt.py::test_checkpw[\xa3-$2a$05$/OK.fbVrR/bpIqNJ5ianF.-$2a$05$/OK.fbVrR/bpIqNJ5ianF.Sa7shbm4.OzKpvFnX1pQLmQW96oUlCq] PASSED [ 54%]
tests/test_bcrypt.py::test_hashpw_existing[Kk4DQuMMfZL9o-$2b$04$cVWp4XaNU8a4v1uMRum2SO-$2b$04$cVWp4XaNU8a4v1uMRum2SO026BWLIoQMD/TXg5uZV.0P.uO8m3YEm] PASSED [ 55%]
tests/test_bcrypt.py::test_hashpw_existing[9IeRXmnGxMYbs-$2b$04$pQ7gRO7e6wx/936oXhNjrO-$2b$04$pQ7gRO7e6wx/936oXhNjrOUNOHL1D0h1N2IDbJZYs.1ppzSof6SPy] PASSED [ 55%]
tests/test_bcrypt.py::test_hashpw_existing[xVQVbwa1S0M8r-$2b$04$SQe9knOzepOVKoYXo9xTte-$2b$04$SQe9knOzepOVKoYXo9xTteNYr6MBwVz4tpriJVe3PNgYufGIsgKcW] PASSED [ 56%]
tests/test_bcrypt.py::test_hashpw_existing[Zfgr26LWd22Za-$2b$04$eH8zX.q5Q.j2hO1NkVYJQO-$2b$04$eH8zX.q5Q.j2hO1NkVYJQOM6KxntS/ow3.YzVmFrE4t//CoF4fvne] PASSED [ 57%]
tests/test_bcrypt.py::test_hashpw_existing[Tg4daC27epFBE-$2b$04$ahiTdwRXpUG2JLRcIznxc.-$2b$04$ahiTdwRXpUG2JLRcIznxc.s1.ydaPGD372bsGs8NqyYjLY1inG5n2] PASSED [ 57%]
tests/test_bcrypt.py::test_hashpw_existing[xhQPMmwh5ALzW-$2b$04$nQn78dV0hGHf5wUBe0zOFu-$2b$04$nQn78dV0hGHf5wUBe0zOFu8n07ZbWWOKoGasZKRspZxtt.vBRNMIy] PASSED [ 58%]
tests/test_bcrypt.py::test_hashpw_existing[59je8h5Gj71tg-$2b$04$cvXudZ5ugTg95W.rOjMITu-$2b$04$cvXudZ5ugTg95W.rOjMITuM1jC0piCl3zF5cmGhzCibHZrNHkmckG] PASSED [ 59%]
tests/test_bcrypt.py::test_hashpw_existing[wT4fHJa2N9WSW-$2b$04$YYjtiq4Uh88yUsExO0RNTu-$2b$04$YYjtiq4Uh88yUsExO0RNTuEJ.tZlsONac16A8OcLHleWFjVawfGvO] PASSED [ 60%]
tests/test_bcrypt.py::test_hashpw_existing[uSgFRnQdOgm4S-$2b$04$WLTjgY/pZSyqX/fbMbJzf.-$2b$04$WLTjgY/pZSyqX/fbMbJzf.qxCeTMQOzgL.CimRjMHtMxd/VGKojMu] PASSED [ 60%]
tests/test_bcrypt.py::test_hashpw_existing[tEPtJZXur16Vg-$2b$04$2moPs/x/wnCfeQ5pCheMcu-$2b$04$2moPs/x/wnCfeQ5pCheMcuSJQ/KYjOZG780UjA/SiR.KsYWNrC7SG] PASSED [ 61%]
tests/test_bcrypt.py::test_hashpw_existing[vvho8C6nlVf9K-$2b$04$HrEYC/AQ2HS77G78cQDZQ.-$2b$04$HrEYC/AQ2HS77G78cQDZQ.r44WGcruKw03KHlnp71yVQEwpsi3xl2] PASSED [ 62%]
tests/test_bcrypt.py::test_hashpw_existing[5auCCY9by0Ruf-$2b$04$vVYgSTfB8KVbmhbZE/k3R.-$2b$04$vVYgSTfB8KVbmhbZE/k3R.ux9A0lJUM4CZwCkHI9fifke2.rTF7MG] PASSED [ 62%]
tests/test_bcrypt.py::test_hashpw_existing[GtTkR6qn2QOZW-$2b$04$JfoNrR8.doieoI8..F.C1O-$2b$04$JfoNrR8.doieoI8..F.C1OQgwE3uTeuardy6lw0AjALUzOARoyf2m] PASSED [ 63%]
tests/test_bcrypt.py::test_hashpw_existing[zKo8vdFSnjX0f-$2b$04$HP3I0PUs7KBEzMBNFw7o3O-$2b$04$HP3I0PUs7KBEzMBNFw7o3O7f/uxaZU7aaDot1quHMgB2yrwBXsgyy] PASSED [ 64%]
tests/test_bcrypt.py::test_hashpw_existing[I9VfYlacJiwiK-$2b$04$xnFVhJsTzsFBTeP3PpgbMe-$2b$04$xnFVhJsTzsFBTeP3PpgbMeMREb6rdKV9faW54Sx.yg9plf4jY8qT6] PASSED [ 64%]
tests/test_bcrypt.py::test_hashpw_existing[VFPO7YXnHQbQO-$2b$04$WQp9.igoLqVr6Qk70mz6xu-$2b$04$WQp9.igoLqVr6Qk70mz6xuRxE0RttVXXdukpR9N54x17ecad34ZF6] PASSED [ 65%]
tests/test_bcrypt.py::test_hashpw_existing[VDx5BdxfxstYk-$2b$04$xgZtlonpAHSU/njOCdKztO-$2b$04$xgZtlonpAHSU/njOCdKztOPuPFzCNVpB4LGicO4/OGgHv.uKHkwsS] PASSED [ 66%]
tests/test_bcrypt.py::test_hashpw_existing[dEe6XfVGrrfSH-$2b$04$2Siw3Nv3Q/gTOIPetAyPr.-$2b$04$2Siw3Nv3Q/gTOIPetAyPr.GNj3aO0lb1E5E9UumYGKjP9BYqlNWJe] PASSED [ 66%]
tests/test_bcrypt.py::test_hashpw_existing[cTT0EAFdwJiLn-$2b$04$7/Qj7Kd8BcSahPO4khB8me-$2b$04$7/Qj7Kd8BcSahPO4khB8me4ssDJCW3r4OGYqPF87jxtrSyPj5cS5m] PASSED [ 67%]
tests/test_bcrypt.py::test_hashpw_existing[J8eHUDuxBB520-$2b$04$VvlCUKbTMjaxaYJ.k5juoe-$2b$04$VvlCUKbTMjaxaYJ.k5juoecpG/7IzcH1AkmqKi.lIZMVIOLClWAk.] PASSED [ 68%]
tests/test_bcrypt.py::test_hashpw_existing[U*U-$2a$05$CCCCCCCCCCCCCCCCCCCCC.-$2a$05$CCCCCCCCCCCCCCCCCCCCC.E5YPO9kmyuRGyh0XouQYb4YMJKvyOeW] PASSED [ 68%]
tests/test_bcrypt.py::test_hashpw_existing[U*U*-$2a$05$CCCCCCCCCCCCCCCCCCCCC.-$2a$05$CCCCCCCCCCCCCCCCCCCCC.VGOzA784oUp/Z0DY336zx7pLYAy0lwK] PASSED [ 69%]
tests/test_bcrypt.py::test_hashpw_existing[U*U*U-$2a$05$XXXXXXXXXXXXXXXXXXXXXO-$2a$05$XXXXXXXXXXXXXXXXXXXXXOAcXxm9kjPGEMsLznoKqmqw7tc8WCx4a] PASSED [ 70%]
tests/test_bcrypt.py::test_hashpw_existing[0123456789abcdefghijklmnopqrstuvwxyzABCDEFGHIJKLMNOPQRSTUVWXYZ0123456789chars after 72 are ignored-$2a$05$abcdefghijklmnopqrstuu-$2a$05$abcdefghijklmnopqrstuu5s2v8.iXieOjg/.AySBTTZIIVFJeBui] PASSED [ 71%]
tests/test_bcrypt.py::test_hashpw_existing[\xaa\xaa\xaa\xaa\xaa\xaa\xaa\xaa\xaa\xaa\xaa\xaa\xaa\xaa\xaa\xaa\xaa\xaa\xaa\xaa\xaa\xaa\xaa\xaa\xaa\xaa\xaa\xaa\xaa\xaa\xaa\xaa\xaa\xaa\xaa\xaa\xaa\xaa\xaa\xaa\xaa\xaa\xaa\xaa\xaa\xaa\xaa\xaa\xaa\xaa\xaa\xaa\xaa\xaa\xaa\xaa\xaa\xaa\xaa\xaa\xaa\xaa\xaa\xaa\xaa\xaa\xaa\xaa\xaa\xaa\xaa\xaachars after 72 are ignored as usual-$2a$05$/OK.fbVrR/bpIqNJ5ianF.-$2a$05$/OK.fbVrR/bpIqNJ5ianF.swQOIzjOiJ9GHEPuhEkvqrUyvWhEMx6] PASSED [ 71%]
tests/test_bcrypt.py::test_hashpw_existing[\xa3-$2a$05$/OK.fbVrR/bpIqNJ5ianF.-$2a$05$/OK.fbVrR/bpIqNJ5ianF.Sa7shbm4.OzKpvFnX1pQLmQW96oUlCq] PASSED [ 72%]
tests/test_bcrypt.py::test_hashpw_2y_prefix[\xa3-$2y$05$/OK.fbVrR/bpIqNJ5ianF.Sa7shbm4.OzKpvFnX1pQLmQW96oUlCq-$2y$05$/OK.fbVrR/bpIqNJ5ianF.Sa7shbm4.OzKpvFnX1pQLmQW96oUlCq] PASSED [ 73%]
tests/test_bcrypt.py::test_hashpw_2y_prefix[\xff\xff\xa3-$2y$05$/OK.fbVrR/bpIqNJ5ianF.CE5elHaaO4EbggVDjb8P19RukzXSM3e-$2y$05$/OK.fbVrR/bpIqNJ5ianF.CE5elHaaO4EbggVDjb8P19RukzXSM3e] PASSED [ 73%]
tests/test_bcrypt.py::test_checkpw_2y_prefix[\xa3-$2y$05$/OK.fbVrR/bpIqNJ5ianF.Sa7shbm4.OzKpvFnX1pQLmQW96oUlCq-$2y$05$/OK.fbVrR/bpIqNJ5ianF.Sa7shbm4.OzKpvFnX1pQLmQW96oUlCq] PASSED [ 74%]
tests/test_bcrypt.py::test_checkpw_2y_prefix[\xff\xff\xa3-$2y$05$/OK.fbVrR/bpIqNJ5ianF.CE5elHaaO4EbggVDjb8P19RukzXSM3e-$2y$05$/OK.fbVrR/bpIqNJ5ianF.CE5elHaaO4EbggVDjb8P19RukzXSM3e] PASSED [ 75%]
tests/test_bcrypt.py::test_hashpw_invalid PASSED                         [ 75%]
tests/test_bcrypt.py::test_checkpw_wrong_password PASSED                 [ 76%]
tests/test_bcrypt.py::test_checkpw_bad_salt PASSED                       [ 77%]
tests/test_bcrypt.py::test_checkpw_str_password PASSED                   [ 77%]
tests/test_bcrypt.py::test_checkpw_str_salt PASSED                       [ 78%]
tests/test_bcrypt.py::test_hashpw_str_password PASSED                    [ 79%]
tests/test_bcrypt.py::test_hashpw_str_salt PASSED                        [ 80%]
tests/test_bcrypt.py::test_checkpw_nul_byte PASSED                       [ 80%]
tests/test_bcrypt.py::test_hashpw_nul_byte PASSED                        [ 81%]
tests/test_bcrypt.py::test_checkpw_extra_data PASSED                     [ 82%]
tests/test_bcrypt.py::test_kdf[4-password-salt-[\xbf\x0c\xc2\x93X\x7f\x1c65U\'ye\x98\xd4~W\x90q\xbfB~\x9d\x8f\xbe\x84*\xba4\xd9] PASSED [ 82%]
tests/test_bcrypt.py::test_kdf[4-password-\x00-\xc1+Vb5\xee\xe0L!%\x98\x97\nW\x9ag] PASSED [ 83%]
tests/test_bcrypt.py::test_kdf[4-\x00-salt-`Q\xbe\x18\xc2\xf4\xf8,\xbf\x0e\xfe\xe5G\x1bK\xb9] PASSED [ 84%]
tests/test_bcrypt.py::test_kdf[4-password\x00-salt\x00-t\x10\xe4L\xf4\xfa\x07\xbf\xaa\xc8\xa9(\xb1r\x7f\xac\x00\x13u\xe7\xbfs\x847\x0fH\xef\xd1!t0P] PASSED [ 84%]
tests/test_bcrypt.py::test_kdf[4-pass\x00wor-sa\x00l-\xc2\xbf\xfd\x9d\xb3\x8fei\xef\xefCr\xf4\xde\x83\xc0] PASSED [ 85%]
tests/test_bcrypt.py::test_kdf[4-pass\x00word-sa\x00lt-K\xa4\xac9%\xc0\xe8\xd7\xf0\xcd\xb6\xbb\x16\x84\xa5o] PASSED [ 86%]
tests/test_bcrypt.py::test_kdf[8-password-salt-\xe16~\xc5\x15\x1a3\xfa\xacL\xc1\xc1D\xcd#\xfa\x15\xd5T\x84\x93\xec\xc9\x9b\x9b]\x9c\r;'\xbe\xc7b'\xeaf\x08\x8b\x84\x9b \xabz\xa4x\x01\x02F\xe7K\xbaQr?\xef\xa9\xf9GMe\x08\x84^\x8d] PASSED [ 86%]
tests/test_bcrypt.py::test_kdf[42-password-salt-\x83<\xf0\xdc\xf5m\xb6V\x08\xe8\xf0\xdc\x0c\xe8\x82\xbd] PASSED [ 87%]
tests/test_bcrypt.py::test_kdf[8-Lorem ipsum dolor sit amet, consectetur adipisicing elit, sed do eiusmod tempor incididunt ut labore et dolore magna aliqua. Ut enim ad minim veniam, quis nostrud exercitation ullamco laboris nisi ut aliquip ex ea commodo consequat. Duis aute irure dolor in reprehenderit in voluptate velit esse cillum dolore eu fugiat nulla pariatur. Excepteur sint occaecat cupidatat non proident, sunt in culpa qui officia deserunt mollit anim id est laborum.-salis\x00-\x10\x97\x8b\x07%=\xf5\x7fq\xa1b\xeb\x0e\x8a\xd3\n] PASSED [ 88%]
tests/test_bcrypt.py::test_kdf[8-\r\xb3\xac\x94\xb3\xeeS(OJ"\x89;<$\xae-:b\xf0\xf0\xdb\xce\xf8#\xcf\xcc\x85HV\xea\x10(- D8\x17^\xee|\xe16\xc9\x1bI\xa6y#\xff] PASSED [ 88%]
tests/test_bcrypt.py::test_kdf[8-\r\xb3\xac\x94\xb3\xeeS(OJ"\x89;<$\xae-:b\xf0\xf0\xdb\xce\xf8#\xcf\xcc\x85HV\xea\x10(- T\xb9\xff\xf3N7!D\x034th(\xe9\xed8\xdeKr\xe0\xa6\x9a\xdc\x17\n\x13\xb5\xe8\xd6F8^\xa4\x03J\xe6\xd2f\x00\xee#2\xc5\xed@\xadU|\x86\xe3@?\xbb0\xe4\xe1\xdc\x1a\xe0k\x99\xa0q6\x8fQ\x8d,BfQ\xc9\xe7\xe47\xfdl\x91[\x1b\xbf\xc3\xa4\xce\xa7\x14\x91I\x0e\xa7\xaf\xb7\xdd\x02\x90\xa6x\xa4\xf4A\x12\x8d\xb1y.\xab'v\xb2\x1e\xb4#\x8e\x07\x15\xad\xd4\x12}\xffD\xe4\xb3\xe4\xccLO\x99p\x08??t\xbdi\x88s\xfd\xf6H\x84Ou\xc9\xbf\x7f\x9e\x0cM\x9e]\x89\xa7x9\x97I)fag\x07a\x1c\xb9\x01\xde1\xa1\x97&\xb6\xe0\x8c:\x80\x01f\x1f-\\x9d\xcc3\xb4\xaa\x07/\x90\xdd\x0b?T\x8d^\xeb\xa4!\x13\x97\xe2\xfb\x06.Rn\x1dh\xf4jL\xe2V\x18[K\xad\xc2h_\xbex\xe1\xc7e{Y\xf8:\xb9\xab\x80\xcf\x93\x18\xd6\xad\xd1\xf5\x93?\x12\xd6\xf3a\x82\xc8\xe8\x11_h\x03\n\x12D] PASSED [ 89%]
tests/test_bcrypt.py::test_kdf[8-\xe1\xbd\x88\xce\xb4\xcf\x85\xcf\x83\xcf\x83\xce\xb5\xcf\x8d\xcf\x82-\xce\xa4\xce\xb7\xce\xbb\xce\xad\xce\xbc\xce\xb1\xcf\x87\xce\xbf\xcf\x82-Cfl\x9b\t\xef3\xed\x8c'\xe8\xe8\xf3\xe2\xd8\xe6] PASSED [ 90%]
tests/test_bcrypt.py::test_kdf_str_password PASSED                       [ 91%]
tests/test_bcrypt.py::test_kdf_str_salt PASSED                           [ 91%]
tests/test_bcrypt.py::test_kdf_no_warn_rounds PASSED                     [ 92%]
tests/test_bcrypt.py::test_kdf_warn_rounds PASSED                        [ 93%]
tests/test_bcrypt.py::test_invalid_params[pass-$2b$04$cVWp4XaNU8a4v1uMRum2SO-10-10-TypeError] PASSED [ 93%]
tests/test_bcrypt.py::test_invalid_params[password-salt-10-10-TypeError] PASSED [ 94%]
tests/test_bcrypt.py::test_invalid_params[-$2b$04$cVWp4XaNU8a4v1uMRum2SO-10-10-ValueError] PASSED [ 95%]
tests/test_bcrypt.py::test_invalid_params[password--10-10-ValueError] PASSED [ 95%]
tests/test_bcrypt.py::test_invalid_params[password-$2b$04$cVWp4XaNU8a4v1uMRum2SO-0-10-ValueError] PASSED [ 96%]
tests/test_bcrypt.py::test_invalid_params[password-$2b$04$cVWp4XaNU8a4v1uMRum2SO--3-10-ValueError] PASSED [ 97%]
tests/test_bcrypt.py::test_invalid_params[password-$2b$04$cVWp4XaNU8a4v1uMRum2SO-513-10-ValueError] PASSED [ 97%]
tests/test_bcrypt.py::test_invalid_params[password-$2b$04$cVWp4XaNU8a4v1uMRum2SO-20-0-ValueError] PASSED [ 98%]
tests/test_bcrypt.py::test_bcrypt_assert PASSED                          [ 99%]
tests/test_bcrypt.py::test_2a_wraparound_bug PASSED                      [100%]

========================== 145 passed in 1.31 seconds ==========================
make[1]: Leaving directory '/<<PKGBUILDDIR>>'
   create-stamp debian/debhelper-build-stamp
 fakeroot debian/rules binary
dh binary --with python2,python3 --buildsystem=pybuild
   dh_testroot -O--buildsystem=pybuild
   dh_prep -O--buildsystem=pybuild
	rm -f -- debian/python-bcrypt.substvars debian/python3-bcrypt.substvars
	rm -fr -- debian/.debhelper/generated/python-bcrypt/ debian/python-bcrypt/ debian/tmp/ debian/.debhelper/generated/python3-bcrypt/ debian/python3-bcrypt/
   dh_auto_install -O--buildsystem=pybuild
	install -d /<<PKGBUILDDIR>>/debian/tmp
	pybuild --install --test-pytest -i python{version} -p 2.7 --dest-dir /<<PKGBUILDDIR>>/debian/tmp
I: pybuild base:217: /usr/bin/python setup.py install --root /<<PKGBUILDDIR>>/debian/python-bcrypt 
running install
running build
running build_py
running build_ext
generating cffi module 'build/temp.linux-amd64-2.7/_bcrypt.c'
already up-to-date
running install_lib
creating /<<PKGBUILDDIR>>/debian/python-bcrypt
creating /<<PKGBUILDDIR>>/debian/python-bcrypt/usr
creating /<<PKGBUILDDIR>>/debian/python-bcrypt/usr/lib
creating /<<PKGBUILDDIR>>/debian/python-bcrypt/usr/lib/python2.7
creating /<<PKGBUILDDIR>>/debian/python-bcrypt/usr/lib/python2.7/dist-packages
creating /<<PKGBUILDDIR>>/debian/python-bcrypt/usr/lib/python2.7/dist-packages/bcrypt
copying /<<PKGBUILDDIR>>/.pybuild/cpython2_2.7_bcrypt/build/bcrypt/__about__.py -> /<<PKGBUILDDIR>>/debian/python-bcrypt/usr/lib/python2.7/dist-packages/bcrypt
copying /<<PKGBUILDDIR>>/.pybuild/cpython2_2.7_bcrypt/build/bcrypt/__init__.py -> /<<PKGBUILDDIR>>/debian/python-bcrypt/usr/lib/python2.7/dist-packages/bcrypt
copying /<<PKGBUILDDIR>>/.pybuild/cpython2_2.7_bcrypt/build/bcrypt/_bcrypt.so -> /<<PKGBUILDDIR>>/debian/python-bcrypt/usr/lib/python2.7/dist-packages/bcrypt
copying /<<PKGBUILDDIR>>/.pybuild/cpython2_2.7_bcrypt/build/bcrypt/__about__.pyc -> /<<PKGBUILDDIR>>/debian/python-bcrypt/usr/lib/python2.7/dist-packages/bcrypt
copying /<<PKGBUILDDIR>>/.pybuild/cpython2_2.7_bcrypt/build/bcrypt/__init__.pyc -> /<<PKGBUILDDIR>>/debian/python-bcrypt/usr/lib/python2.7/dist-packages/bcrypt
byte-compiling /<<PKGBUILDDIR>>/debian/python-bcrypt/usr/lib/python2.7/dist-packages/bcrypt/__about__.py to __about__.pyc
byte-compiling /<<PKGBUILDDIR>>/debian/python-bcrypt/usr/lib/python2.7/dist-packages/bcrypt/__init__.py to __init__.pyc
running install_egg_info
running egg_info
writing requirements to src/bcrypt.egg-info/requires.txt
writing src/bcrypt.egg-info/PKG-INFO
writing top-level names to src/bcrypt.egg-info/top_level.txt
writing dependency_links to src/bcrypt.egg-info/dependency_links.txt
reading manifest file 'src/bcrypt.egg-info/SOURCES.txt'
reading manifest template 'MANIFEST.in'
warning: no previously-included files found matching 'requirements.txt'
warning: no previously-included files found matching 'release.py'
warning: no previously-included files found matching '.travis.yml'
warning: no previously-included files found matching 'azure-pipelines.yml'
warning: no previously-included files found matching '.azure-pipelines'
warning: no previously-included files matching '*' found under directory '.azure-pipelines'
no previously-included directories found matching '.travis'
writing manifest file 'src/bcrypt.egg-info/SOURCES.txt'
Copying src/bcrypt.egg-info to /<<PKGBUILDDIR>>/debian/python-bcrypt/usr/lib/python2.7/dist-packages/bcrypt-3.1.7.egg-info
Skipping SOURCES.txt
running install_scripts
	pybuild --install --test-pytest -i python{version} -p 3.7 --dest-dir /<<PKGBUILDDIR>>/debian/tmp
I: pybuild base:217: /usr/bin/python3 setup.py install --root /<<PKGBUILDDIR>>/debian/python3-bcrypt 
running install
running build
running build_py
running build_ext
generating cffi module 'build/temp.linux-amd64-3.7/_bcrypt.c'
already up-to-date
running install_lib
creating /<<PKGBUILDDIR>>/debian/python3-bcrypt
creating /<<PKGBUILDDIR>>/debian/python3-bcrypt/usr
creating /<<PKGBUILDDIR>>/debian/python3-bcrypt/usr/lib
creating /<<PKGBUILDDIR>>/debian/python3-bcrypt/usr/lib/python3.7
creating /<<PKGBUILDDIR>>/debian/python3-bcrypt/usr/lib/python3.7/dist-packages
creating /<<PKGBUILDDIR>>/debian/python3-bcrypt/usr/lib/python3.7/dist-packages/bcrypt
copying /<<PKGBUILDDIR>>/.pybuild/cpython3_3.7_bcrypt/build/bcrypt/__about__.py -> /<<PKGBUILDDIR>>/debian/python3-bcrypt/usr/lib/python3.7/dist-packages/bcrypt
copying /<<PKGBUILDDIR>>/.pybuild/cpython3_3.7_bcrypt/build/bcrypt/__init__.py -> /<<PKGBUILDDIR>>/debian/python3-bcrypt/usr/lib/python3.7/dist-packages/bcrypt
copying /<<PKGBUILDDIR>>/.pybuild/cpython3_3.7_bcrypt/build/bcrypt/_bcrypt.abi3.so -> /<<PKGBUILDDIR>>/debian/python3-bcrypt/usr/lib/python3.7/dist-packages/bcrypt
creating /<<PKGBUILDDIR>>/debian/python3-bcrypt/usr/lib/python3.7/dist-packages/bcrypt/__pycache__
copying /<<PKGBUILDDIR>>/.pybuild/cpython3_3.7_bcrypt/build/bcrypt/__pycache__/__about__.cpython-37.pyc -> /<<PKGBUILDDIR>>/debian/python3-bcrypt/usr/lib/python3.7/dist-packages/bcrypt/__pycache__
copying /<<PKGBUILDDIR>>/.pybuild/cpython3_3.7_bcrypt/build/bcrypt/__pycache__/__init__.cpython-37.pyc -> /<<PKGBUILDDIR>>/debian/python3-bcrypt/usr/lib/python3.7/dist-packages/bcrypt/__pycache__
byte-compiling /<<PKGBUILDDIR>>/debian/python3-bcrypt/usr/lib/python3.7/dist-packages/bcrypt/__about__.py to __about__.cpython-37.pyc
byte-compiling /<<PKGBUILDDIR>>/debian/python3-bcrypt/usr/lib/python3.7/dist-packages/bcrypt/__init__.py to __init__.cpython-37.pyc
running install_egg_info
running egg_info
writing src/bcrypt.egg-info/PKG-INFO
writing dependency_links to src/bcrypt.egg-info/dependency_links.txt
writing requirements to src/bcrypt.egg-info/requires.txt
writing top-level names to src/bcrypt.egg-info/top_level.txt
reading manifest file 'src/bcrypt.egg-info/SOURCES.txt'
reading manifest template 'MANIFEST.in'
warning: no previously-included files found matching 'requirements.txt'
warning: no previously-included files found matching 'release.py'
warning: no previously-included files found matching '.travis.yml'
warning: no previously-included files found matching 'azure-pipelines.yml'
warning: no previously-included files found matching '.azure-pipelines'
warning: no previously-included files matching '*' found under directory '.azure-pipelines'
no previously-included directories found matching '.travis'
writing manifest file 'src/bcrypt.egg-info/SOURCES.txt'
Copying src/bcrypt.egg-info to /<<PKGBUILDDIR>>/debian/python3-bcrypt/usr/lib/python3.7/dist-packages/bcrypt-3.1.7.egg-info
Skipping SOURCES.txt
running install_scripts
	rm -f debian/python-bcrypt.debhelper.log debian/python3-bcrypt.debhelper.log
   debian/rules override_dh_installdocs
make[1]: Entering directory '/<<PKGBUILDDIR>>'
dh_installdocs -A README.rst
	install -d debian/python-bcrypt/usr/share/doc/python-bcrypt
	install -d debian/.debhelper/generated/python-bcrypt
	cp --reflink=auto -a README.rst debian/python-bcrypt/usr/share/doc/python-bcrypt
	chown -R 0:0 debian/python-bcrypt/usr/share/doc
	chmod -R u\+rw,go=rX debian/python-bcrypt/usr/share/doc
	install -p -m0644 debian/copyright debian/python-bcrypt/usr/share/doc/python-bcrypt/copyright
	install -d debian/python3-bcrypt/usr/share/doc/python3-bcrypt
	install -d debian/.debhelper/generated/python3-bcrypt
	cp --reflink=auto -a README.rst debian/python3-bcrypt/usr/share/doc/python3-bcrypt
	chown -R 0:0 debian/python3-bcrypt/usr/share/doc
	chmod -R u\+rw,go=rX debian/python3-bcrypt/usr/share/doc
	install -p -m0644 debian/copyright debian/python3-bcrypt/usr/share/doc/python3-bcrypt/copyright
make[1]: Leaving directory '/<<PKGBUILDDIR>>'
	rm -f debian/python-bcrypt.debhelper.log debian/python3-bcrypt.debhelper.log
   debian/rules override_dh_installchangelogs
make[1]: Entering directory '/<<PKGBUILDDIR>>'
sed -n '/'Changelog'/,/'Usage'/p' README.rst > .pybuild/changelog
dh_installchangelogs -A .pybuild/changelog
	install -p -m0644 debian/changelog debian/python-bcrypt/usr/share/doc/python-bcrypt/changelog.Debian
	install -p -m0644 .pybuild/changelog debian/python-bcrypt/usr/share/doc/python-bcrypt/changelog
	install -p -m0644 debian/changelog debian/python3-bcrypt/usr/share/doc/python3-bcrypt/changelog.Debian
	install -p -m0644 .pybuild/changelog debian/python3-bcrypt/usr/share/doc/python3-bcrypt/changelog
make[1]: Leaving directory '/<<PKGBUILDDIR>>'
   dh_python2 -O--buildsystem=pybuild
D: dh_python2 dh_python2:393: version: 4.20191017
D: dh_python2 dh_python2:394: argv: ['/usr/share/dh-python/dh_python2', '-O--buildsystem=pybuild']
D: dh_python2 dh_python2:395: options: {'guess_versions': True, 'guess_deps': True, 'skip_private': False, 'verbose': False, 'arch': None, 'package': None, 'no_package': None, 'compile_all': False, 'vrange': None, 'regexpr': None, 'accept_upstream_versions': False, 'depends': None, 'depends_section': None, 'recommends': None, 'recommends_section': None, 'suggests': None, 'suggests_section': None, 'requires': None, 'namespaces': None, 'clean_pycentral': False, 'shebang': None, 'ignore_shebangs': False, 'ignore_namespace': False, 'clean_dbg_pkg': True, 'no_ext_rename': False, 'no_shebang_rewrite': False, 'O': '--buildsystem=pybuild'}
D: dh_python2 dh_python2:396: args: []
D: dh_python2 dh_python2:398: supported Python versions: 2.7 (default=2.7)
D: dh_python2 debhelper:107: skipping package: python3-bcrypt
D: dh_python2 debhelper:153: source=python-bcrypt, binary packages=['python-bcrypt']
D: dh_python2 dh_python2:415: processing package python-bcrypt...
D: dh_python2 fs:209: removing unwanted: debian/python-bcrypt/usr/lib/python2.7/dist-packages/bcrypt/__about__.pyc
D: dh_python2 fs:209: removing unwanted: debian/python-bcrypt/usr/lib/python2.7/dist-packages/bcrypt/__init__.pyc
D: dh_python2 tools:232: invoking: /usr/bin/python2.7 -c 'import sysconfig as s;print("__SEP__".join(i or "" for i in s.get_config_vars("SOABI", "MULTIARCH", "INCLUDEPY", "LIBPL", "LDLIBRARY")))'
I: dh_python2 fs:343: renaming _bcrypt.so to _bcrypt.x86_64-linux-gnu.so
D: dh_python2 fs:260: package python-bcrypt details = {'requires.txt': {'debian/python-bcrypt/usr/lib/python2.7/dist-packages/bcrypt-3.1.7.egg-info/requires.txt'}, 'egg-info': set(), 'nsp.txt': set(), 'shebangs': set(), 'public_vers': {Version('2.7')}, 'private_dirs': {}, 'compile': True, 'ext_vers': {Version('2.7')}, 'ext_no_version': set()}
D: dh_python2 depends:117: generating dependencies for package python-bcrypt
D: dh_python2 pydist:138: trying to find dependency for cffi>=1.1 (python=2.7)
D: dh_python2 pydist:138: trying to find dependency for six>=1.4.1 (python=2.7)
D: dh_python2 depends:275: D={'python-cffi-backend-api-min (<= 9729), python-cffi-backend-api-max (>= 9729)', 'python2:any (<< 2.8)', 'python2:any', 'python2 (>= 2.7~)', 'python-six (>= 1.4.1)', 'python2:any (>= 2.7~)', 'python2 (<< 2.8)'}; R=[]; S=[]; E=[], B=[]; RT=[]
   dh_python3 -O--buildsystem=pybuild
D: dh_python3 dh_python3:161: version: 4.20191017
D: dh_python3 dh_python3:162: argv: ['/usr/bin/dh_python3', '-O--buildsystem=pybuild']
D: dh_python3 dh_python3:163: options: {'guess_deps': True, 'skip_private': False, 'verbose': False, 'arch': None, 'package': None, 'no_package': None, 'compile_all': False, 'vrange': None, 'regexpr': None, 'accept_upstream_versions': False, 'depends': None, 'depends_section': None, 'recommends': None, 'recommends_section': None, 'suggests': None, 'suggests_section': None, 'requires': None, 'shebang': None, 'ignore_shebangs': False, 'clean_dbg_pkg': True, 'no_ext_rename': False, 'no_shebang_rewrite': False, 'O': '--buildsystem=pybuild'}
D: dh_python3 dh_python3:164: args: []
D: dh_python3 dh_python3:166: supported Python versions: 3.7,3.8 (default=3.7)
D: dh_python3 debhelper:107: skipping package: python-bcrypt
D: dh_python3 debhelper:153: source=python-bcrypt, binary packages=['python3-bcrypt']
D: dh_python3 dh_python3:183: processing package python3-bcrypt...
D: dh_python3 fs:49: moving files from debian/python3-bcrypt/usr/lib/python3.7/dist-packages to debian/python3-bcrypt/usr/lib/python3/dist-packages/
D: dh_python3 tools:232: invoking: /usr/bin/python3.7 -c 'import sysconfig as s;print("__SEP__".join(i or "" for i in s.get_config_vars("SOABI", "MULTIARCH", "INCLUDEPY", "LIBPL", "LDLIBRARY")))'
D: dh_python3 interpreter:429: cannot get include path
Traceback (most recent call last):
  File "/usr/share/dh-python/dhpython/interpreter.py", line 420, in symlinked_include_dir
    result = self._get_config()[2]
  File "/usr/share/dh-python/dhpython/interpreter.py", line 541, in _get_config
    conf_vars = self._execute(cmd, version).split('__SEP__')
  File "/usr/share/dh-python/dhpython/interpreter.py", line 559, in _execute
    "interpreter: %s" % exe)
Exception: cannot execute command due to missing interpreter: /usr/bin/python3.8
D: dh_python3 fs:260: package python3-bcrypt details = {'requires.txt': {'debian/python3-bcrypt/usr/lib/python3/dist-packages/bcrypt-3.1.7.egg-info/requires.txt'}, 'egg-info': set(), 'nsp.txt': set(), 'shebangs': set(), 'public_vers': {Version('3')}, 'private_dirs': {}, 'compile': True, 'ext_vers': {Version('3')}, 'ext_no_version': set()}
D: dh_python3 depends:117: generating dependencies for package python3-bcrypt
D: dh_python3 pydist:138: trying to find dependency for cffi>=1.1 (python=None)
D: dh_python3 pydist:138: trying to find dependency for six>=1.4.1 (python=None)
D: dh_python3 depends:275: D={'python3-cffi-backend-api-min (<= 9729), python3-cffi-backend-api-max (>= 9729)', 'python3:any', 'python3-six (>= 1.4.1)', 'python3 (>= 3~)'}; R=[]; S=[]; E=[], B=[]; RT=[]
   dh_installinit -O--buildsystem=pybuild
   dh_perl -O--buildsystem=pybuild
   dh_link -O--buildsystem=pybuild
   dh_strip_nondeterminism -O--buildsystem=pybuild
   dh_compress -O--buildsystem=pybuild
	cd debian/python3-bcrypt
	cd debian/python-bcrypt
	chmod a-x usr/share/doc/python3-bcrypt/README.rst usr/share/doc/python3-bcrypt/changelog usr/share/doc/python3-bcrypt/changelog.Debian
	gzip -9nf usr/share/doc/python3-bcrypt/README.rst usr/share/doc/python3-bcrypt/changelog usr/share/doc/python3-bcrypt/changelog.Debian
	cd '/<<PKGBUILDDIR>>'
	chmod a-x usr/share/doc/python-bcrypt/README.rst usr/share/doc/python-bcrypt/changelog usr/share/doc/python-bcrypt/changelog.Debian
	gzip -9nf usr/share/doc/python-bcrypt/README.rst usr/share/doc/python-bcrypt/changelog usr/share/doc/python-bcrypt/changelog.Debian
	cd '/<<PKGBUILDDIR>>'
   dh_fixperms -O--buildsystem=pybuild
	find debian/python-bcrypt -true -print0 2>/dev/null | xargs -0r chown --no-dereference 0:0
	find debian/python3-bcrypt -true -print0 2>/dev/null | xargs -0r chown --no-dereference 0:0
	find debian/python-bcrypt ! -type l -a -true -a -true -print0 2>/dev/null | xargs -0r chmod go=rX,u+rw,a-s
	find debian/python3-bcrypt ! -type l -a -true -a -true -print0 2>/dev/null | xargs -0r chmod go=rX,u+rw,a-s
	find debian/python-bcrypt/usr/share/doc -type f -a -true -a ! -regex 'debian/python-bcrypt/usr/share/doc/[^/]*/examples/.*' -print0 2>/dev/null | xargs -0r chmod 0644
	find debian/python3-bcrypt/usr/share/doc -type f -a -true -a ! -regex 'debian/python3-bcrypt/usr/share/doc/[^/]*/examples/.*' -print0 2>/dev/null | xargs -0r chmod 0644
	find debian/python3-bcrypt/usr/share/doc -type d -a -true -a -true -print0 2>/dev/null | xargs -0r chmod 0755
	find debian/python-bcrypt/usr/share/doc -type d -a -true -a -true -print0 2>/dev/null | xargs -0r chmod 0755
	find debian/python-bcrypt -type f \( -name '*.so.*' -o -name '*.so' -o -name '*.la' -o -name '*.a' -o -name '*.js' -o -name '*.css' -o -name '*.scss' -o -name '*.sass' -o -name '*.jpeg' -o -name '*.jpg' -o -name '*.png' -o -name '*.gif' -o -name '*.cmxs' -o -name '*.node' \) -a -true -a -true -print0 2>/dev/null | xargs -0r chmod 0644
	find debian/python3-bcrypt -type f \( -name '*.so.*' -o -name '*.so' -o -name '*.la' -o -name '*.a' -o -name '*.js' -o -name '*.css' -o -name '*.scss' -o -name '*.sass' -o -name '*.jpeg' -o -name '*.jpg' -o -name '*.png' -o -name '*.gif' -o -name '*.cmxs' -o -name '*.node' \) -a -true -a -true -print0 2>/dev/null | xargs -0r chmod 0644
	find debian/python3-bcrypt/usr/lib -type f -name '*.ali' -a -true -a -true -print0 2>/dev/null | xargs -0r chmod uga-w
	find debian/python-bcrypt/usr/lib -type f -name '*.ali' -a -true -a -true -print0 2>/dev/null | xargs -0r chmod uga-w
   dh_missing -O--buildsystem=pybuild
   dh_strip -O--buildsystem=pybuild
	install -d debian/.debhelper/python3-bcrypt/dbgsym-root/usr/lib/debug/.build-id/02
	objcopy --only-keep-debug --compress-debug-sections debian/python3-bcrypt/usr/lib/python3/dist-packages/bcrypt/_bcrypt.abi3.so debian/.debhelper/python3-bcrypt/dbgsym-root/usr/lib/debug/.build-id/02/2adf6207f6eda7fc595157a28adc6251c48fab.debug
	install -d debian/.debhelper/python-bcrypt/dbgsym-root/usr/lib/debug/.build-id/ea
	objcopy --only-keep-debug --compress-debug-sections debian/python-bcrypt/usr/lib/python2.7/dist-packages/bcrypt/_bcrypt.x86_64-linux-gnu.so debian/.debhelper/python-bcrypt/dbgsym-root/usr/lib/debug/.build-id/ea/44add6d142100ff6cfacdba3f40ba739a8b459.debug
	chmod 0644 -- debian/.debhelper/python3-bcrypt/dbgsym-root/usr/lib/debug/.build-id/02/2adf6207f6eda7fc595157a28adc6251c48fab.debug
	chown 0:0 -- debian/.debhelper/python3-bcrypt/dbgsym-root/usr/lib/debug/.build-id/02/2adf6207f6eda7fc595157a28adc6251c48fab.debug
	strip --remove-section=.comment --remove-section=.note --strip-unneeded debian/python3-bcrypt/usr/lib/python3/dist-packages/bcrypt/_bcrypt.abi3.so
	chmod 0644 -- debian/.debhelper/python-bcrypt/dbgsym-root/usr/lib/debug/.build-id/ea/44add6d142100ff6cfacdba3f40ba739a8b459.debug
	chown 0:0 -- debian/.debhelper/python-bcrypt/dbgsym-root/usr/lib/debug/.build-id/ea/44add6d142100ff6cfacdba3f40ba739a8b459.debug
	strip --remove-section=.comment --remove-section=.note --strip-unneeded debian/python-bcrypt/usr/lib/python2.7/dist-packages/bcrypt/_bcrypt.x86_64-linux-gnu.so
	objcopy --add-gnu-debuglink debian/.debhelper/python3-bcrypt/dbgsym-root/usr/lib/debug/.build-id/02/2adf6207f6eda7fc595157a28adc6251c48fab.debug debian/python3-bcrypt/usr/lib/python3/dist-packages/bcrypt/_bcrypt.abi3.so
	objcopy --add-gnu-debuglink debian/.debhelper/python-bcrypt/dbgsym-root/usr/lib/debug/.build-id/ea/44add6d142100ff6cfacdba3f40ba739a8b459.debug debian/python-bcrypt/usr/lib/python2.7/dist-packages/bcrypt/_bcrypt.x86_64-linux-gnu.so
	install -d debian/.debhelper/python3-bcrypt/dbgsym-root/usr/share/doc
	ln -s python3-bcrypt debian/.debhelper/python3-bcrypt/dbgsym-root/usr/share/doc/python3-bcrypt-dbgsym
	install -d debian/.debhelper/python-bcrypt/dbgsym-root/usr/share/doc
	ln -s python-bcrypt debian/.debhelper/python-bcrypt/dbgsym-root/usr/share/doc/python-bcrypt-dbgsym
   dh_makeshlibs -O--buildsystem=pybuild
	rm -f debian/python-bcrypt/DEBIAN/shlibs
	rm -f debian/python3-bcrypt/DEBIAN/shlibs
   dh_shlibdeps -O--buildsystem=pybuild
	install -d debian/python-bcrypt/DEBIAN
	dpkg-shlibdeps -Tdebian/python-bcrypt.substvars debian/python-bcrypt/usr/lib/python2.7/dist-packages/bcrypt/_bcrypt.x86_64-linux-gnu.so
	install -d debian/python3-bcrypt/DEBIAN
	dpkg-shlibdeps -Tdebian/python3-bcrypt.substvars debian/python3-bcrypt/usr/lib/python3/dist-packages/bcrypt/_bcrypt.abi3.so
   dh_installdeb -O--buildsystem=pybuild
	printf '#!/bin/sh\nset -e\n' > debian/python-bcrypt/DEBIAN/postinst
	cat debian/python-bcrypt.postinst.debhelper >> debian/python-bcrypt/DEBIAN/postinst
	chmod 0755 -- debian/python-bcrypt/DEBIAN/postinst
	chown 0:0 -- debian/python-bcrypt/DEBIAN/postinst
	printf '#!/bin/sh\nset -e\n' > debian/python-bcrypt/DEBIAN/prerm
	cat debian/python-bcrypt.prerm.debhelper >> debian/python-bcrypt/DEBIAN/prerm
	chmod 0755 -- debian/python-bcrypt/DEBIAN/prerm
	chown 0:0 -- debian/python-bcrypt/DEBIAN/prerm
	printf '#!/bin/sh\nset -e\n' > debian/python3-bcrypt/DEBIAN/postinst
	cat debian/python3-bcrypt.postinst.debhelper >> debian/python3-bcrypt/DEBIAN/postinst
	chmod 0755 -- debian/python3-bcrypt/DEBIAN/postinst
	chown 0:0 -- debian/python3-bcrypt/DEBIAN/postinst
	printf '#!/bin/sh\nset -e\n' > debian/python3-bcrypt/DEBIAN/prerm
	cat debian/python3-bcrypt.prerm.debhelper >> debian/python3-bcrypt/DEBIAN/prerm
	chmod 0755 -- debian/python3-bcrypt/DEBIAN/prerm
	chown 0:0 -- debian/python3-bcrypt/DEBIAN/prerm
   dh_gencontrol -O--buildsystem=pybuild
	echo misc:Depends= >> debian/python-bcrypt.substvars
	echo misc:Pre-Depends= >> debian/python-bcrypt.substvars
	install -d debian/.debhelper/python-bcrypt/dbgsym-root/DEBIAN
	dpkg-gencontrol -ppython-bcrypt -ldebian/changelog -Tdebian/python-bcrypt.substvars -Pdebian/.debhelper/python-bcrypt/dbgsym-root -UPre-Depends -URecommends -USuggests -UEnhances -UProvides -UEssential -UConflicts -DPriority=optional -UHomepage -UImportant -UBuilt-Using -DAuto-Built-Package=debug-symbols -DPackage=python-bcrypt-dbgsym "-DDepends=python-bcrypt (= \${binary:Version})" "-DDescription=debug symbols for python-bcrypt" -DBuild-Ids=ea44add6d142100ff6cfacdba3f40ba739a8b459 -DSection=debug -UMulti-Arch -UReplaces -UBreaks
	echo misc:Depends= >> debian/python3-bcrypt.substvars
	echo misc:Pre-Depends= >> debian/python3-bcrypt.substvars
	install -d debian/.debhelper/python3-bcrypt/dbgsym-root/DEBIAN
	dpkg-gencontrol -ppython3-bcrypt -ldebian/changelog -Tdebian/python3-bcrypt.substvars -Pdebian/.debhelper/python3-bcrypt/dbgsym-root -UPre-Depends -URecommends -USuggests -UEnhances -UProvides -UEssential -UConflicts -DPriority=optional -UHomepage -UImportant -UBuilt-Using -DAuto-Built-Package=debug-symbols -DPackage=python3-bcrypt-dbgsym "-DDepends=python3-bcrypt (= \${binary:Version})" "-DDescription=debug symbols for python3-bcrypt" -DBuild-Ids=022adf6207f6eda7fc595157a28adc6251c48fab -DSection=debug -UMulti-Arch -UReplaces -UBreaks
dpkg-gencontrol: warning: package python-bcrypt: substitution variable ${python:Provides} unused, but is defined
dpkg-gencontrol: warning: package python-bcrypt: substitution variable ${python:Versions} unused, but is defined
	chmod 0644 -- debian/.debhelper/python-bcrypt/dbgsym-root/DEBIAN/control
	chown 0:0 -- debian/.debhelper/python-bcrypt/dbgsym-root/DEBIAN/control
	dpkg-gencontrol -ppython-bcrypt -ldebian/changelog -Tdebian/python-bcrypt.substvars -Pdebian/python-bcrypt -UMulti-Arch
dpkg-gencontrol: warning: package python3-bcrypt: substitution variable ${python3:Provides} unused, but is defined
dpkg-gencontrol: warning: package python3-bcrypt: substitution variable ${python3:Versions} unused, but is defined
	chmod 0644 -- debian/.debhelper/python3-bcrypt/dbgsym-root/DEBIAN/control
	chown 0:0 -- debian/.debhelper/python3-bcrypt/dbgsym-root/DEBIAN/control
	dpkg-gencontrol -ppython3-bcrypt -ldebian/changelog -Tdebian/python3-bcrypt.substvars -Pdebian/python3-bcrypt -UMulti-Arch
dpkg-gencontrol: warning: package python-bcrypt: substitution variable ${python:Provides} unused, but is defined
dpkg-gencontrol: warning: package python-bcrypt: substitution variable ${python:Versions} unused, but is defined
	chmod 0644 -- debian/python-bcrypt/DEBIAN/control
	chown 0:0 -- debian/python-bcrypt/DEBIAN/control
dpkg-gencontrol: warning: package python3-bcrypt: substitution variable ${python3:Provides} unused, but is defined
dpkg-gencontrol: warning: package python3-bcrypt: substitution variable ${python3:Versions} unused, but is defined
	chmod 0644 -- debian/python3-bcrypt/DEBIAN/control
	chown 0:0 -- debian/python3-bcrypt/DEBIAN/control
   dh_md5sums -O--buildsystem=pybuild
	cd debian/python-bcrypt >/dev/null && xargs -r0 md5sum | perl -pe 'if (s@^\\@@) { s/\\\\/\\/g; }' > DEBIAN/md5sums
	chmod 0644 -- debian/python-bcrypt/DEBIAN/md5sums
	chown 0:0 -- debian/python-bcrypt/DEBIAN/md5sums
	cd debian/python3-bcrypt >/dev/null && xargs -r0 md5sum | perl -pe 'if (s@^\\@@) { s/\\\\/\\/g; }' > DEBIAN/md5sums
	cd debian/.debhelper/python-bcrypt/dbgsym-root >/dev/null && xargs -r0 md5sum | perl -pe 'if (s@^\\@@) { s/\\\\/\\/g; }' > DEBIAN/md5sums
	chmod 0644 -- debian/.debhelper/python-bcrypt/dbgsym-root/DEBIAN/md5sums
	chown 0:0 -- debian/.debhelper/python-bcrypt/dbgsym-root/DEBIAN/md5sums
	chmod 0644 -- debian/python3-bcrypt/DEBIAN/md5sums
	chown 0:0 -- debian/python3-bcrypt/DEBIAN/md5sums
	cd debian/.debhelper/python3-bcrypt/dbgsym-root >/dev/null && xargs -r0 md5sum | perl -pe 'if (s@^\\@@) { s/\\\\/\\/g; }' > DEBIAN/md5sums
	chmod 0644 -- debian/.debhelper/python3-bcrypt/dbgsym-root/DEBIAN/md5sums
	chown 0:0 -- debian/.debhelper/python3-bcrypt/dbgsym-root/DEBIAN/md5sums
   dh_builddeb -O--buildsystem=pybuild
	dpkg-deb --build debian/python-bcrypt ..
	dpkg-deb --build debian/.debhelper/python-bcrypt/dbgsym-root ..
	dpkg-deb --build debian/.debhelper/python3-bcrypt/dbgsym-root ..
	dpkg-deb --build debian/python3-bcrypt ..
dpkg-deb: building package 'python-bcrypt-dbgsym' in '../python-bcrypt-dbgsym_3.1.7-2_amd64.deb'.
dpkg-deb: building package 'python-bcrypt' in '../python-bcrypt_3.1.7-2_amd64.deb'.
dpkg-deb: building package 'python3-bcrypt-dbgsym' in '../python3-bcrypt-dbgsym_3.1.7-2_amd64.deb'.
dpkg-deb: building package 'python3-bcrypt' in '../python3-bcrypt_3.1.7-2_amd64.deb'.
 dpkg-genbuildinfo --build=binary
 dpkg-genchanges --build=binary >../python-bcrypt_3.1.7-2_amd64.changes
dpkg-genchanges: info: binary-only upload (no source code included)
 dpkg-source --after-build .
dpkg-source: info: using options from python-bcrypt-3.1.7/debian/source/options: --extend-diff-ignore=^src/[^/]+\.egg-info/
dpkg-buildpackage: info: binary-only upload (no source included)
--------------------------------------------------------------------------------
Build finished at 2020-02-25T05:21:55Z

Finished
--------

I: Built successfully

+------------------------------------------------------------------------------+
| Changes                                                                      |
+------------------------------------------------------------------------------+


python-bcrypt_3.1.7-2_amd64.changes:
------------------------------------

Format: 1.8
Date: Thu, 21 Nov 2019 00:01:24 +0100
Source: python-bcrypt
Binary: python-bcrypt python-bcrypt-dbgsym python3-bcrypt python3-bcrypt-dbgsym
Architecture: amd64
Version: 3.1.7-2
Distribution: unstable
Urgency: medium
Maintainer: Debian Python Modules Team <python-modules-team@lists.alioth.debian.org>
Changed-By: Daniel Stender <stender@debian.org>
Description:
 python-bcrypt - password hashing library for Python
 python3-bcrypt - password hashing library for Python 3
Changes:
 python-bcrypt (3.1.7-2) unstable; urgency=medium
 .
   * Remove myself from Uploaders.
   * Bump Standards-Version to 4.4.1 [Ondej Nov].
Checksums-Sha1:
 4c22ca16441afef25ad00961f9ad59bb4786ef51 27864 python-bcrypt-dbgsym_3.1.7-2_amd64.deb
 0eae443e7665bd12b50865d2508db476cf944baa 8306 python-bcrypt_3.1.7-2_amd64.buildinfo
 e479b06942bae686f0bd37255aaa6f6efc2c034e 32804 python-bcrypt_3.1.7-2_amd64.deb
 37d93c34c9336f288b1bba4213c98dd87f37a12d 24360 python3-bcrypt-dbgsym_3.1.7-2_amd64.deb
 b479aa10a94e32172fde285494f2c0a75e0e4e04 32504 python3-bcrypt_3.1.7-2_amd64.deb
Checksums-Sha256:
 ca79e94a8886a0d0ed37b3ea7c20c411aeb32a0e3be3358266044026dc63285e 27864 python-bcrypt-dbgsym_3.1.7-2_amd64.deb
 8f9bb158f9f18672190b30a153b7b22e0eea613113d60f74e9e67836ffc0f9d6 8306 python-bcrypt_3.1.7-2_amd64.buildinfo
 d7ae266b8b05e775ffaf36f8234171ca44d589dc5ec3bd78aec9dffd6b6d15b4 32804 python-bcrypt_3.1.7-2_amd64.deb
 28a1d4ba887a7a2414660cf506a842ae61108914e1f4a6fa3c1eddbda8b39d7d 24360 python3-bcrypt-dbgsym_3.1.7-2_amd64.deb
 c5f9c5c125680760dedb57923a41b27f7abf91e97d65b52adf34f0d4c0ff8188 32504 python3-bcrypt_3.1.7-2_amd64.deb
Files:
 5b0d222eaeb35bc27d2e4ed0bb99c096 27864 debug optional python-bcrypt-dbgsym_3.1.7-2_amd64.deb
 1353c7dbb2ba1f462db075bf47466875 8306 python optional python-bcrypt_3.1.7-2_amd64.buildinfo
 41be9941542af2ad2642faba890e631f 32804 python optional python-bcrypt_3.1.7-2_amd64.deb
 9c0ad20ac23947bf8586f92117f0fc8f 24360 debug optional python3-bcrypt-dbgsym_3.1.7-2_amd64.deb
 d718cdd08684b2738aa93f87accdfe68 32504 python optional python3-bcrypt_3.1.7-2_amd64.deb

+------------------------------------------------------------------------------+
| Buildinfo                                                                    |
+------------------------------------------------------------------------------+

Format: 1.0
Source: python-bcrypt
Binary: python-bcrypt python3-bcrypt
Architecture: amd64
Version: 3.1.7-2
Checksums-Md5:
 5b0d222eaeb35bc27d2e4ed0bb99c096 27864 python-bcrypt-dbgsym_3.1.7-2_amd64.deb
 41be9941542af2ad2642faba890e631f 32804 python-bcrypt_3.1.7-2_amd64.deb
 9c0ad20ac23947bf8586f92117f0fc8f 24360 python3-bcrypt-dbgsym_3.1.7-2_amd64.deb
 d718cdd08684b2738aa93f87accdfe68 32504 python3-bcrypt_3.1.7-2_amd64.deb
Checksums-Sha1:
 4c22ca16441afef25ad00961f9ad59bb4786ef51 27864 python-bcrypt-dbgsym_3.1.7-2_amd64.deb
 e479b06942bae686f0bd37255aaa6f6efc2c034e 32804 python-bcrypt_3.1.7-2_amd64.deb
 37d93c34c9336f288b1bba4213c98dd87f37a12d 24360 python3-bcrypt-dbgsym_3.1.7-2_amd64.deb
 b479aa10a94e32172fde285494f2c0a75e0e4e04 32504 python3-bcrypt_3.1.7-2_amd64.deb
Checksums-Sha256:
 ca79e94a8886a0d0ed37b3ea7c20c411aeb32a0e3be3358266044026dc63285e 27864 python-bcrypt-dbgsym_3.1.7-2_amd64.deb
 d7ae266b8b05e775ffaf36f8234171ca44d589dc5ec3bd78aec9dffd6b6d15b4 32804 python-bcrypt_3.1.7-2_amd64.deb
 28a1d4ba887a7a2414660cf506a842ae61108914e1f4a6fa3c1eddbda8b39d7d 24360 python3-bcrypt-dbgsym_3.1.7-2_amd64.deb
 c5f9c5c125680760dedb57923a41b27f7abf91e97d65b52adf34f0d4c0ff8188 32504 python3-bcrypt_3.1.7-2_amd64.deb
Build-Origin: Debian
Build-Architecture: amd64
Build-Date: Tue, 25 Feb 2020 05:21:54 +0000
Build-Path: /<<PKGBUILDDIR>>
Installed-Build-Depends:
 autoconf (= 2.69-11.1),
 automake (= 1:1.16.1-4),
 autopoint (= 0.19.8.1-10),
 autotools-dev (= 20180224.1),
 base-files (= 11),
 base-passwd (= 3.5.47),
 bash (= 5.0-5),
 binutils (= 2.34-3),
 binutils-common (= 2.34-3),
 binutils-x86-64-linux-gnu (= 2.34-3),
 bsdmainutils (= 11.1.2+b1),
 bsdutils (= 1:2.34-0.1),
 build-essential (= 12.8),
 bzip2 (= 1.0.8-2),
 clang-10 (= 1:10.0.0~+rc2-1),
 coreutils (= 8.30-3+b1),
 cpp (= 4:9.2.1-3.1),
 cpp-9 (= 9.2.1-29),
 dash (= 0.5.10.2-6),
 debconf (= 1.5.73),
 debhelper (= 12.9),
 debianutils (= 4.9.1),
 dh-autoreconf (= 19),
 dh-python (= 4.20191017),
 dh-strip-nondeterminism (= 1.6.3-2),
 diffutils (= 1:3.7-3),
 dpkg (= 1.19.7),
 dpkg-dev (= 1.19.7),
 dwz (= 0.13-5),
 fdisk (= 2.34-0.1),
 file (= 1:5.38-4),
 findutils (= 4.7.0-1),
 g++ (= 4:9.2.1-3.1),
 g++-9 (= 9.2.1-29),
 gcc (= 4:9.2.1-3.1),
 gcc-10-base (= 10-20200222-1),
 gcc-9 (= 9.2.1-29),
 gcc-9-base (= 9.2.1-29),
 gettext (= 0.19.8.1-10),
 gettext-base (= 0.19.8.1-10),
 grep (= 3.4-1),
 groff-base (= 1.22.4-4),
 gzip (= 1.9-3+b1),
 hostname (= 3.23),
 init-system-helpers (= 1.57),
 intltool-debian (= 0.35.0+20060710.5),
 lib32gcc-s1 (= 10-20200222-1),
 lib32gcc1 (= 1:10-20200222-1),
 lib32stdc++6 (= 10-20200222-1),
 libacl1 (= 2.2.53-5),
 libarchive-zip-perl (= 1.67-1),
 libasan5 (= 9.2.1-29),
 libatomic1 (= 10-20200222-1),
 libattr1 (= 1:2.4.48-5),
 libaudit-common (= 1:2.8.5-2),
 libaudit1 (= 1:2.8.5-2+b1),
 libbinutils (= 2.34-3),
 libblkid1 (= 2.34-0.1),
 libbsd0 (= 0.10.0-1),
 libbz2-1.0 (= 1.0.8-2),
 libc-bin (= 2.29-10),
 libc-dev-bin (= 2.29-10),
 libc6 (= 2.29-10),
 libc6-dev (= 2.29-10),
 libc6-i386 (= 2.29-10),
 libcap-ng0 (= 0.7.9-2.1+b1),
 libcc1-0 (= 10-20200222-1),
 libclang-common-10-dev (= 1:10.0.0~+rc2-1),
 libclang-cpp10 (= 1:10.0.0~+rc2-1),
 libclang1-10 (= 1:10.0.0~+rc2-1),
 libcroco3 (= 0.6.13-1),
 libcrypt-dev (= 1:4.4.10-10),
 libcrypt1 (= 1:4.4.10-10),
 libctf-nobfd0 (= 2.34-3),
 libctf0 (= 2.34-3),
 libdb5.3 (= 5.3.28+dfsg1-0.6),
 libdebconfclient0 (= 0.251),
 libdebhelper-perl (= 12.9),
 libdpkg-perl (= 1.19.7),
 libedit2 (= 3.1-20191231-1),
 libelf1 (= 0.176-1.1),
 libexpat1 (= 2.2.9-1),
 libexpat1-dev (= 2.2.9-1),
 libfdisk1 (= 2.34-0.1),
 libffi7 (= 3.3-3),
 libfile-stripnondeterminism-perl (= 1.6.3-2),
 libgc1c2 (= 1:7.6.4-0.4),
 libgcc-9-dev (= 9.2.1-29),
 libgcc-s1 (= 10-20200222-1),
 libgcc1 (= 1:10-20200222-1),
 libgcrypt20 (= 1.8.5-5),
 libgdbm-compat4 (= 1.18.1-5),
 libgdbm6 (= 1.18.1-5),
 libglib2.0-0 (= 2.62.4-2),
 libgmp10 (= 2:6.2.0+dfsg-4),
 libgomp1 (= 10-20200222-1),
 libgpg-error0 (= 1.37-1),
 libicu63 (= 63.2-2),
 libisl22 (= 0.22.1-1),
 libitm1 (= 10-20200222-1),
 libjs-jquery (= 3.3.1~dfsg-3),
 libjs-sphinxdoc (= 1.8.5-5),
 libjs-underscore (= 1.9.1~dfsg-1),
 libllvm10 (= 1:10.0.0~+rc2-1),
 liblsan0 (= 10-20200222-1),
 liblz4-1 (= 1.9.2-2),
 liblzma5 (= 5.2.4-1+b1),
 libmagic-mgc (= 1:5.38-4),
 libmagic1 (= 1:5.38-4),
 libmount1 (= 2.34-0.1),
 libmpc3 (= 1.1.0-1),
 libmpdec2 (= 2.4.2-2),
 libmpfr6 (= 4.0.2-1),
 libncursesw6 (= 6.1+20191019-1),
 libobjc-9-dev (= 9.2.1-29),
 libobjc4 (= 10-20200222-1),
 libpam-modules (= 1.3.1-5),
 libpam-modules-bin (= 1.3.1-5),
 libpam-runtime (= 1.3.1-5),
 libpam0g (= 1.3.1-5),
 libpcre2-8-0 (= 10.34-7),
 libpcre3 (= 2:8.39-12+b1),
 libperl5.30 (= 5.30.0-9),
 libpipeline1 (= 1.5.2-2),
 libpython-dev (= 2.7.17-2),
 libpython-stdlib (= 2.7.17-2),
 libpython2-dev (= 2.7.17-2),
 libpython2-stdlib (= 2.7.17-2),
 libpython2.7 (= 2.7.17-1+b1),
 libpython2.7-dev (= 2.7.17-1+b1),
 libpython2.7-minimal (= 2.7.17-1+b1),
 libpython2.7-stdlib (= 2.7.17-1+b1),
 libpython3-dev (= 3.7.5-3),
 libpython3-stdlib (= 3.7.5-3),
 libpython3.7 (= 3.7.6-1+b1),
 libpython3.7-dev (= 3.7.6-1+b1),
 libpython3.7-minimal (= 3.7.6-1+b1),
 libpython3.7-stdlib (= 3.7.6-1+b1),
 libquadmath0 (= 10-20200222-1),
 libreadline8 (= 8.0-3),
 libseccomp2 (= 2.4.2-2),
 libselinux1 (= 3.0-1+b1),
 libsigsegv2 (= 2.12-2),
 libsmartcols1 (= 2.34-0.1),
 libsqlite3-0 (= 3.31.1-3),
 libssl1.1 (= 1.1.1d-2),
 libstdc++-9-dev (= 9.2.1-29),
 libstdc++6 (= 10-20200222-1),
 libsub-override-perl (= 0.09-2),
 libsystemd0 (= 244.3-1),
 libtinfo6 (= 6.1+20191019-1),
 libtool (= 2.4.6-13),
 libtsan0 (= 10-20200222-1),
 libubsan1 (= 10-20200222-1),
 libuchardet0 (= 0.0.6-3),
 libudev1 (= 244.3-1),
 libunistring2 (= 0.9.10-2),
 libuuid1 (= 2.34-0.1),
 libxml2 (= 2.9.10+dfsg-3),
 libz3-4 (= 4.8.7-4),
 linux-libc-dev (= 5.4.19-1),
 login (= 1:4.8.1-1),
 lsb-base (= 11.1.0),
 m4 (= 1.4.18-4),
 make (= 4.2.1-1.2),
 man-db (= 2.9.0-2),
 mawk (= 1.3.4.20200120-2),
 mime-support (= 3.64),
 ncurses-base (= 6.1+20191019-1),
 ncurses-bin (= 6.1+20191019-1),
 patch (= 2.7.6-6),
 perl (= 5.30.0-9),
 perl-base (= 5.30.0-9),
 perl-modules-5.30 (= 5.30.0-9),
 po-debconf (= 1.0.21),
 python (= 2.7.17-2),
 python-atomicwrites (= 1.1.5-2),
 python-attr (= 19.3.0-1),
 python-cffi (= 1.14.0-1),
 python-cffi-backend (= 1.14.0-1),
 python-configparser (= 3.5.0b2-3),
 python-contextlib2 (= 0.5.5-3),
 python-dev (= 2.7.17-2),
 python-funcsigs (= 1.0.2-4),
 python-importlib-metadata (= 1.5.0-1),
 python-minimal (= 2.7.17-2),
 python-more-itertools (= 4.2.0-1),
 python-packaging (= 19.1-2),
 python-pathlib2 (= 2.3.5-1),
 python-pkg-resources (= 44.0.0-1),
 python-pluggy (= 0.13.0-2),
 python-ply (= 3.11-3),
 python-py (= 1.8.1-1),
 python-pycparser (= 2.19-1),
 python-pyparsing (= 2.4.6-1),
 python-pytest (= 4.6.9-1),
 python-scandir (= 1.10.0-2),
 python-setuptools (= 44.0.0-1),
 python-six (= 1.14.0-2),
 python-wcwidth (= 0.1.8+dfsg1-3),
 python-zipp (= 1.0.0-1),
 python2 (= 2.7.17-2),
 python2-dev (= 2.7.17-2),
 python2-minimal (= 2.7.17-2),
 python2.7 (= 2.7.17-1+b1),
 python2.7-dev (= 2.7.17-1+b1),
 python2.7-minimal (= 2.7.17-1+b1),
 python3 (= 3.7.5-3),
 python3-atomicwrites (= 1.1.5-2),
 python3-attr (= 19.3.0-1),
 python3-cffi (= 1.14.0-1),
 python3-cffi-backend (= 1.14.0-1),
 python3-dev (= 3.7.5-3),
 python3-distutils (= 3.8.0-1),
 python3-importlib-metadata (= 1.5.0-1),
 python3-lib2to3 (= 3.8.0-1),
 python3-minimal (= 3.7.5-3),
 python3-more-itertools (= 4.2.0-1),
 python3-packaging (= 19.1-2),
 python3-pkg-resources (= 44.0.0-1),
 python3-pluggy (= 0.13.0-2),
 python3-ply (= 3.11-3),
 python3-py (= 1.8.1-1),
 python3-pycparser (= 2.19-1),
 python3-pyparsing (= 2.4.6-1),
 python3-pytest (= 4.6.9-1),
 python3-setuptools (= 44.0.0-1),
 python3-six (= 1.14.0-2),
 python3-wcwidth (= 0.1.8+dfsg1-3),
 python3-zipp (= 1.0.0-1),
 python3.7 (= 3.7.6-1+b1),
 python3.7-dev (= 3.7.6-1+b1),
 python3.7-minimal (= 3.7.6-1+b1),
 readline-common (= 8.0-3),
 sed (= 4.7-1),
 sensible-utils (= 0.0.12+nmu1),
 sysvinit-utils (= 2.96-2.1),
 tar (= 1.30+dfsg-6+b1),
 util-linux (= 2.34-0.1),
 xz-utils (= 5.2.4-1+b1),
 zlib1g (= 1:1.2.11.dfsg-2),
 zlib1g-dev (= 1:1.2.11.dfsg-2)
Environment:
 DEB_BUILD_OPTIONS="parallel=4"
 LANG="C.UTF-8"
 LC_ALL="C.UTF-8"
 SOURCE_DATE_EPOCH="1574290884"


+------------------------------------------------------------------------------+
| Package contents                                                             |
+------------------------------------------------------------------------------+


python-bcrypt-dbgsym_3.1.7-2_amd64.deb
--------------------------------------

 new Debian package, version 2.0.
 size 27864 bytes: control archive=540 bytes.
     393 bytes,    12 lines      control              
     106 bytes,     1 lines      md5sums              
 Package: python-bcrypt-dbgsym
 Source: python-bcrypt
 Version: 3.1.7-2
 Auto-Built-Package: debug-symbols
 Architecture: amd64
 Maintainer: Debian Python Modules Team <python-modules-team@lists.alioth.debian.org>
 Installed-Size: 42
 Depends: python-bcrypt (= 3.1.7-2)
 Section: debug
 Priority: optional
 Description: debug symbols for python-bcrypt
 Build-Ids: ea44add6d142100ff6cfacdba3f40ba739a8b459

drwxr-xr-x root/root         0 2019-11-20 23:01 ./
drwxr-xr-x root/root         0 2019-11-20 23:01 ./usr/
drwxr-xr-x root/root         0 2019-11-20 23:01 ./usr/lib/
drwxr-xr-x root/root         0 2019-11-20 23:01 ./usr/lib/debug/
drwxr-xr-x root/root         0 2019-11-20 23:01 ./usr/lib/debug/.build-id/
drwxr-xr-x root/root         0 2019-11-20 23:01 ./usr/lib/debug/.build-id/ea/
-rw-r--r-- root/root     32544 2019-11-20 23:01 ./usr/lib/debug/.build-id/ea/44add6d142100ff6cfacdba3f40ba739a8b459.debug
drwxr-xr-x root/root         0 2019-11-20 23:01 ./usr/share/
drwxr-xr-x root/root         0 2019-11-20 23:01 ./usr/share/doc/
lrwxrwxrwx root/root         0 2019-11-20 23:01 ./usr/share/doc/python-bcrypt-dbgsym -> python-bcrypt


python-bcrypt_3.1.7-2_amd64.deb
-------------------------------

 new Debian package, version 2.0.
 size 32804 bytes: control archive=1356 bytes.
     828 bytes,    16 lines      control              
    1087 bytes,    12 lines      md5sums              
     163 bytes,     9 lines   *  postinst             #!/bin/sh
     265 bytes,    14 lines   *  prerm                #!/bin/sh
 Package: python-bcrypt
 Version: 3.1.7-2
 Architecture: amd64
 Maintainer: Debian Python Modules Team <python-modules-team@lists.alioth.debian.org>
 Installed-Size: 95
 Depends: python-cffi-backend-api-min (<= 9729), python-cffi-backend-api-max (>= 9729), python-six (>= 1.4.1), python2 (<< 2.8), python2 (>= 2.7~), python2:any (<< 2.8), python2:any (>= 2.7~), libc6 (>= 2.14)
 Section: python
 Priority: optional
 Homepage: https://github.com/pyca/bcrypt
 Description: password hashing library for Python
  bcrypt is a Python module which provides a password hashing method based on
  the Blowfish password hashing algorithm, as described in
  "A Future-Adaptable Password Scheme" by Niels Provos and David Mazieres:
  http://static.usenix.org/events/usenix99/provos.html.
  .
  This package provides the bcrypt Python module for Python 2.x.

drwxr-xr-x root/root         0 2019-11-20 23:01 ./
drwxr-xr-x root/root         0 2019-11-20 23:01 ./usr/
drwxr-xr-x root/root         0 2019-11-20 23:01 ./usr/lib/
drwxr-xr-x root/root         0 2019-11-20 23:01 ./usr/lib/python2.7/
drwxr-xr-x root/root         0 2019-11-20 23:01 ./usr/lib/python2.7/dist-packages/
drwxr-xr-x root/root         0 2019-11-20 23:01 ./usr/lib/python2.7/dist-packages/bcrypt-3.1.7.egg-info/
-rw-r--r-- root/root      8849 2019-11-20 23:01 ./usr/lib/python2.7/dist-packages/bcrypt-3.1.7.egg-info/PKG-INFO
-rw-r--r-- root/root         1 2019-11-20 23:01 ./usr/lib/python2.7/dist-packages/bcrypt-3.1.7.egg-info/dependency_links.txt
-rw-r--r-- root/root         1 2019-06-20 00:06 ./usr/lib/python2.7/dist-packages/bcrypt-3.1.7.egg-info/not-zip-safe
-rw-r--r-- root/root        31 2019-11-20 23:01 ./usr/lib/python2.7/dist-packages/bcrypt-3.1.7.egg-info/requires.txt
-rw-r--r-- root/root        15 2019-11-20 23:01 ./usr/lib/python2.7/dist-packages/bcrypt-3.1.7.egg-info/top_level.txt
drwxr-xr-x root/root         0 2019-11-20 23:01 ./usr/lib/python2.7/dist-packages/bcrypt/
-rw-r--r-- root/root      1296 2019-06-20 00:05 ./usr/lib/python2.7/dist-packages/bcrypt/__about__.py
-rw-r--r-- root/root      5497 2019-06-20 00:05 ./usr/lib/python2.7/dist-packages/bcrypt/__init__.py
-rw-r--r-- root/root     47320 2019-11-20 23:01 ./usr/lib/python2.7/dist-packages/bcrypt/_bcrypt.x86_64-linux-gnu.so
drwxr-xr-x root/root         0 2019-11-20 23:01 ./usr/share/
drwxr-xr-x root/root         0 2019-11-20 23:01 ./usr/share/doc/
drwxr-xr-x root/root         0 2019-11-20 23:01 ./usr/share/doc/python-bcrypt/
-rw-r--r-- root/root      2468 2019-06-20 00:05 ./usr/share/doc/python-bcrypt/README.rst.gz
-rw-r--r-- root/root      2265 2019-11-20 23:01 ./usr/share/doc/python-bcrypt/changelog.Debian.gz
-rw-r--r-- root/root       761 2019-11-20 23:01 ./usr/share/doc/python-bcrypt/changelog.gz
-rw-r--r-- root/root      6827 2019-01-27 12:42 ./usr/share/doc/python-bcrypt/copyright


python3-bcrypt-dbgsym_3.1.7-2_amd64.deb
---------------------------------------

 new Debian package, version 2.0.
 size 24360 bytes: control archive=544 bytes.
     396 bytes,    12 lines      control              
     106 bytes,     1 lines      md5sums              
 Package: python3-bcrypt-dbgsym
 Source: python-bcrypt
 Version: 3.1.7-2
 Auto-Built-Package: debug-symbols
 Architecture: amd64
 Maintainer: Debian Python Modules Team <python-modules-team@lists.alioth.debian.org>
 Installed-Size: 39
 Depends: python3-bcrypt (= 3.1.7-2)
 Section: debug
 Priority: optional
 Description: debug symbols for python3-bcrypt
 Build-Ids: 022adf6207f6eda7fc595157a28adc6251c48fab

drwxr-xr-x root/root         0 2019-11-20 23:01 ./
drwxr-xr-x root/root         0 2019-11-20 23:01 ./usr/
drwxr-xr-x root/root         0 2019-11-20 23:01 ./usr/lib/
drwxr-xr-x root/root         0 2019-11-20 23:01 ./usr/lib/debug/
drwxr-xr-x root/root         0 2019-11-20 23:01 ./usr/lib/debug/.build-id/
drwxr-xr-x root/root         0 2019-11-20 23:01 ./usr/lib/debug/.build-id/02/
-rw-r--r-- root/root     29048 2019-11-20 23:01 ./usr/lib/debug/.build-id/02/2adf6207f6eda7fc595157a28adc6251c48fab.debug
drwxr-xr-x root/root         0 2019-11-20 23:01 ./usr/share/
drwxr-xr-x root/root         0 2019-11-20 23:01 ./usr/share/doc/
lrwxrwxrwx root/root         0 2019-11-20 23:01 ./usr/share/doc/python3-bcrypt-dbgsym -> python3-bcrypt


python3-bcrypt_3.1.7-2_amd64.deb
--------------------------------

 new Debian package, version 2.0.
 size 32504 bytes: control archive=1436 bytes.
     804 bytes,    17 lines      control              
    1063 bytes,    12 lines      md5sums              
     254 bytes,    12 lines   *  postinst             #!/bin/sh
     403 bytes,    12 lines   *  prerm                #!/bin/sh
 Package: python3-bcrypt
 Source: python-bcrypt
 Version: 3.1.7-2
 Architecture: amd64
 Maintainer: Debian Python Modules Team <python-modules-team@lists.alioth.debian.org>
 Installed-Size: 91
 Depends: python3 (>= 3~), python3-cffi-backend-api-min (<= 9729), python3-cffi-backend-api-max (>= 9729), python3-six (>= 1.4.1), python3:any, libc6 (>= 2.14)
 Section: python
 Priority: optional
 Homepage: https://github.com/pyca/bcrypt
 Description: password hashing library for Python 3
  bcrypt is a Python module which provides a password hashing method based on
  the Blowfish password hashing algorithm, as described in
  "A Future-Adaptable Password Scheme" by Niels Provos and David Mazieres:
  http://static.usenix.org/events/usenix99/provos.html.
  .
  This package provides the bcrypt Python module for Python 3.x.

drwxr-xr-x root/root         0 2019-11-20 23:01 ./
drwxr-xr-x root/root         0 2019-11-20 23:01 ./usr/
drwxr-xr-x root/root         0 2019-11-20 23:01 ./usr/lib/
drwxr-xr-x root/root         0 2019-11-20 23:01 ./usr/lib/python3/
drwxr-xr-x root/root         0 2019-11-20 23:01 ./usr/lib/python3/dist-packages/
drwxr-xr-x root/root         0 2019-11-20 23:01 ./usr/lib/python3/dist-packages/bcrypt-3.1.7.egg-info/
-rw-r--r-- root/root      8849 2019-11-20 23:01 ./usr/lib/python3/dist-packages/bcrypt-3.1.7.egg-info/PKG-INFO
-rw-r--r-- root/root         1 2019-11-20 23:01 ./usr/lib/python3/dist-packages/bcrypt-3.1.7.egg-info/dependency_links.txt
-rw-r--r-- root/root         1 2019-06-20 00:06 ./usr/lib/python3/dist-packages/bcrypt-3.1.7.egg-info/not-zip-safe
-rw-r--r-- root/root        31 2019-11-20 23:01 ./usr/lib/python3/dist-packages/bcrypt-3.1.7.egg-info/requires.txt
-rw-r--r-- root/root        15 2019-11-20 23:01 ./usr/lib/python3/dist-packages/bcrypt-3.1.7.egg-info/top_level.txt
drwxr-xr-x root/root         0 2019-11-20 23:01 ./usr/lib/python3/dist-packages/bcrypt/
-rw-r--r-- root/root      1296 2019-06-20 00:05 ./usr/lib/python3/dist-packages/bcrypt/__about__.py
-rw-r--r-- root/root      5497 2019-06-20 00:05 ./usr/lib/python3/dist-packages/bcrypt/__init__.py
-rw-r--r-- root/root     43224 2019-11-20 23:01 ./usr/lib/python3/dist-packages/bcrypt/_bcrypt.abi3.so
drwxr-xr-x root/root         0 2019-11-20 23:01 ./usr/share/
drwxr-xr-x root/root         0 2019-11-20 23:01 ./usr/share/doc/
drwxr-xr-x root/root         0 2019-11-20 23:01 ./usr/share/doc/python3-bcrypt/
-rw-r--r-- root/root      2468 2019-06-20 00:05 ./usr/share/doc/python3-bcrypt/README.rst.gz
-rw-r--r-- root/root      2265 2019-11-20 23:01 ./usr/share/doc/python3-bcrypt/changelog.Debian.gz
-rw-r--r-- root/root       761 2019-11-20 23:01 ./usr/share/doc/python3-bcrypt/changelog.gz
-rw-r--r-- root/root      6827 2019-01-27 12:42 ./usr/share/doc/python3-bcrypt/copyright


+------------------------------------------------------------------------------+
| Post Build                                                                   |
+------------------------------------------------------------------------------+


+------------------------------------------------------------------------------+
| Cleanup                                                                      |
+------------------------------------------------------------------------------+

Purging /<<BUILDDIR>>
Not cleaning session: cloned chroot in use

+------------------------------------------------------------------------------+
| Summary                                                                      |
+------------------------------------------------------------------------------+

Build Architecture: amd64
Build Type: binary
Build-Space: 1908
Build-Time: 15
Distribution: unstable
Host Architecture: amd64
Install-Time: 89
Job: python-bcrypt_3.1.7-2
Machine Architecture: amd64
Package: python-bcrypt
Package-Time: 142
Source-Version: 3.1.7-2
Space: 1908
Status: successful
Version: 3.1.7-2
--------------------------------------------------------------------------------
Finished at 2020-02-25T05:21:55Z
Build needed 00:02:22, 1908k disk space
DC-Status: OK 145.538729434s
DC-Time-Estimation: 145.538729434 versus expected 68 (r/m: 1.1402754328529412 ; m: 68.0)
