DC-Build-Header: ratpoints 1:2.1.3-1 / 2020-02-25 18:08:46 +0000
DC-Task: type:rebuild-binarch-only source:ratpoints version:1:2.1.3-1 chroot:unstable esttime:92 logfile:/tmp/ratpoints_2.1.3-1_unstable_clang10.log modes:clang10:binarch-only
DC-Sbuild-call: su user42 -c 'sbuild -n --arch-any --apt-update -d unstable -v --no-run-lintian --chroot-setup-commands=/tmp/clang10 ratpoints_1:2.1.3-1'
sbuild (Debian sbuild) 0.78.1 (09 February 2019) on ip-172-31-6-46.eu-central-1.compute.internal

+==============================================================================+
| ratpoints 1:2.1.3-1 (amd64)                  Tue, 25 Feb 2020 18:08:46 +0000 |
+==============================================================================+

Package: ratpoints
Version: 1:2.1.3-1
Source Version: 1:2.1.3-1
Distribution: unstable
Machine Architecture: amd64
Host Architecture: amd64
Build Architecture: amd64
Build Type: binary

I: NOTICE: Log filtering will replace 'var/run/schroot/mount/sid-amd64-sbuild-9bbe6ef8-13f7-4a61-b85b-f15dd4b6e33e' with '<<CHROOT>>'

+------------------------------------------------------------------------------+
| Chroot Setup Commands                                                        |
+------------------------------------------------------------------------------+


/tmp/clang10
------------

+ echo 'Entering customization script...'
Entering customization script...
+ CLANG_VERSION=10
+ echo 'Install of clang-10'
Install of clang-10
+ apt-get update
Get:1 http://127.0.0.1:12990/debian sid InRelease [142 kB]
Get:2 http://127.0.0.1:12990/debian sid/main Sources.diff/Index [27.9 kB]
Get:3 http://127.0.0.1:12990/debian sid/main amd64 Packages.diff/Index [27.9 kB]
Get:4 http://127.0.0.1:12990/debian sid/main Sources 2020-02-24-0823.32.pdiff [11.0 kB]
Get:5 http://127.0.0.1:12990/debian sid/main Sources 2020-02-24-1420.34.pdiff [30.2 kB]
Get:6 http://127.0.0.1:12990/debian sid/main Sources 2020-02-24-2014.03.pdiff [16.9 kB]
Get:7 http://127.0.0.1:12990/debian sid/main Sources 2020-02-25-0213.11.pdiff [23.2 kB]
Get:8 http://127.0.0.1:12990/debian sid/main Sources 2020-02-25-0815.22.pdiff [9222 B]
Get:9 http://127.0.0.1:12990/debian sid/main Sources 2020-02-25-1413.15.pdiff [16.3 kB]
Get:10 http://127.0.0.1:12990/debian sid/main amd64 Packages 2020-02-24-0823.32.pdiff [15.5 kB]
Get:11 http://127.0.0.1:12990/debian sid/main amd64 Packages 2020-02-24-1420.34.pdiff [27.5 kB]
Get:12 http://127.0.0.1:12990/debian sid/main amd64 Packages 2020-02-24-2014.03.pdiff [21.6 kB]
Get:13 http://127.0.0.1:12990/debian sid/main amd64 Packages 2020-02-25-0213.11.pdiff [35.0 kB]
Get:14 http://127.0.0.1:12990/debian sid/main amd64 Packages 2020-02-25-0815.22.pdiff [20.1 kB]
Get:15 http://127.0.0.1:12990/debian sid/main amd64 Packages 2020-02-25-1413.15.pdiff [18.4 kB]
Get:9 http://127.0.0.1:12990/debian sid/main Sources 2020-02-25-1413.15.pdiff [16.3 kB]
Get:15 http://127.0.0.1:12990/debian sid/main amd64 Packages 2020-02-25-1413.15.pdiff [18.4 kB]
Get:16 http://127.0.0.1:12990/debian sid/main Translation-en [6195 kB]
Fetched 6638 kB in 2s (3714 kB/s)
Reading package lists...
+ apt-get install --yes --no-install-recommends --force-yes clang-10 libomp-10-dev libobjc-9-dev
Reading package lists...
Building dependency tree...
The following additional packages will be installed:
  cpp-9 g++-9 gcc-9 gcc-9-base lib32gcc-s1 lib32gcc1 lib32stdc++6 libasan5
  libbsd0 libc6-i386 libclang-common-10-dev libclang-cpp10 libclang1-10
  libedit2 libgc1c2 libgcc-9-dev libllvm10 libobjc4 libomp5-10 libstdc++-9-dev
  libz3-4
Suggested packages:
  clang-10-doc gcc-9-locales g++-9-multilib gcc-9-doc gcc-9-multilib
  libomp-10-doc libstdc++-9-doc
Recommended packages:
  llvm-10-dev python3
The following NEW packages will be installed:
  clang-10 lib32gcc-s1 lib32gcc1 lib32stdc++6 libbsd0 libc6-i386
  libclang-common-10-dev libclang-cpp10 libclang1-10 libedit2 libgc1c2
  libllvm10 libobjc-9-dev libobjc4 libomp-10-dev libomp5-10 libz3-4
The following packages will be upgraded:
  cpp-9 g++-9 gcc-9 gcc-9-base libasan5 libgcc-9-dev libstdc++-9-dev
7 upgraded, 17 newly installed, 0 to remove and 3 not upgraded.
Need to get 81.5 MB of archives.
After this operation, 238 MB of additional disk space will be used.
Get:1 http://127.0.0.1:12990/debian sid/main amd64 libasan5 amd64 9.2.1-30 [389 kB]
Get:2 http://127.0.0.1:12990/debian sid/main amd64 g++-9 amd64 9.2.1-30 [10.7 MB]
Get:3 http://127.0.0.1:12990/debian sid/main amd64 gcc-9 amd64 9.2.1-30 [10.0 MB]
Get:4 http://127.0.0.1:12990/debian sid/main amd64 libstdc++-9-dev amd64 9.2.1-30 [1697 kB]
Get:5 http://127.0.0.1:12990/debian sid/main amd64 libgcc-9-dev amd64 9.2.1-30 [2349 kB]
Get:6 http://127.0.0.1:12990/debian sid/main amd64 cpp-9 amd64 9.2.1-30 [9711 kB]
Get:7 http://127.0.0.1:12990/debian sid/main amd64 gcc-9-base amd64 9.2.1-30 [196 kB]
Get:8 http://127.0.0.1:12990/debian sid/main amd64 libbsd0 amd64 0.10.0-1 [107 kB]
Get:9 http://127.0.0.1:12990/debian sid/main amd64 libedit2 amd64 3.1-20191231-1 [95.4 kB]
Get:10 http://127.0.0.1:12990/debian sid/main amd64 libz3-4 amd64 4.8.7-4 [6790 kB]
Get:11 http://127.0.0.1:12990/debian sid/main amd64 libllvm10 amd64 1:10.0.0~+rc2-1 [15.5 MB]
Get:12 http://127.0.0.1:12990/debian sid/main amd64 libclang-cpp10 amd64 1:10.0.0~+rc2-1 [9069 kB]
Get:13 http://127.0.0.1:12990/debian sid/main amd64 libgc1c2 amd64 1:7.6.4-0.4 [224 kB]
Get:14 http://127.0.0.1:12990/debian sid/main amd64 libobjc4 amd64 10-20200222-1 [41.6 kB]
Get:15 http://127.0.0.1:12990/debian sid/main amd64 libobjc-9-dev amd64 9.2.1-30 [219 kB]
Get:16 http://127.0.0.1:12990/debian sid/main amd64 libc6-i386 amd64 2.29-10 [2918 kB]
Get:17 http://127.0.0.1:12990/debian sid/main amd64 lib32gcc-s1 amd64 10-20200222-1 [49.4 kB]
Get:18 http://127.0.0.1:12990/debian sid/main amd64 lib32gcc1 amd64 1:10-20200222-1 [1104 B]
Get:19 http://127.0.0.1:12990/debian sid/main amd64 lib32stdc++6 amd64 10-20200222-1 [510 kB]
Get:20 http://127.0.0.1:12990/debian sid/main amd64 libclang-common-10-dev amd64 1:10.0.0~+rc2-1 [2782 kB]
Get:21 http://127.0.0.1:12990/debian sid/main amd64 libclang1-10 amd64 1:10.0.0~+rc2-1 [7607 kB]
Get:22 http://127.0.0.1:12990/debian sid/main amd64 clang-10 amd64 1:10.0.0~+rc2-1 [103 kB]
Get:23 http://127.0.0.1:12990/debian sid/main amd64 libomp5-10 amd64 1:10.0.0~+rc2-1 [337 kB]
Get:24 http://127.0.0.1:12990/debian sid/main amd64 libomp-10-dev amd64 1:10.0.0~+rc2-1 [84.3 kB]
debconf: delaying package configuration, since apt-utils is not installed
Fetched 81.5 MB in 1s (92.6 MB/s)
(Reading database ... (Reading database ... 5%(Reading database ... 10%(Reading database ... 15%(Reading database ... 20%(Reading database ... 25%(Reading database ... 30%(Reading database ... 35%(Reading database ... 40%(Reading database ... 45%(Reading database ... 50%(Reading database ... 55%(Reading database ... 60%(Reading database ... 65%(Reading database ... 70%(Reading database ... 75%(Reading database ... 80%(Reading database ... 85%(Reading database ... 90%(Reading database ... 95%(Reading database ... 100%(Reading database ... 12119 files and directories currently installed.)
Preparing to unpack .../00-libasan5_9.2.1-30_amd64.deb ...
Unpacking libasan5:amd64 (9.2.1-30) over (9.2.1-29) ...
Preparing to unpack .../01-g++-9_9.2.1-30_amd64.deb ...
Unpacking g++-9 (9.2.1-30) over (9.2.1-29) ...
Preparing to unpack .../02-gcc-9_9.2.1-30_amd64.deb ...
Unpacking gcc-9 (9.2.1-30) over (9.2.1-29) ...
Preparing to unpack .../03-libstdc++-9-dev_9.2.1-30_amd64.deb ...
Unpacking libstdc++-9-dev:amd64 (9.2.1-30) over (9.2.1-29) ...
Preparing to unpack .../04-libgcc-9-dev_9.2.1-30_amd64.deb ...
Unpacking libgcc-9-dev:amd64 (9.2.1-30) over (9.2.1-29) ...
Preparing to unpack .../05-cpp-9_9.2.1-30_amd64.deb ...
Unpacking cpp-9 (9.2.1-30) over (9.2.1-29) ...
Preparing to unpack .../06-gcc-9-base_9.2.1-30_amd64.deb ...
Unpacking gcc-9-base:amd64 (9.2.1-30) over (9.2.1-29) ...
Selecting previously unselected package libbsd0:amd64.
Preparing to unpack .../07-libbsd0_0.10.0-1_amd64.deb ...
Unpacking libbsd0:amd64 (0.10.0-1) ...
Selecting previously unselected package libedit2:amd64.
Preparing to unpack .../08-libedit2_3.1-20191231-1_amd64.deb ...
Unpacking libedit2:amd64 (3.1-20191231-1) ...
Selecting previously unselected package libz3-4:amd64.
Preparing to unpack .../09-libz3-4_4.8.7-4_amd64.deb ...
Unpacking libz3-4:amd64 (4.8.7-4) ...
Selecting previously unselected package libllvm10:amd64.
Preparing to unpack .../10-libllvm10_1%3a10.0.0~+rc2-1_amd64.deb ...
Unpacking libllvm10:amd64 (1:10.0.0~+rc2-1) ...
Selecting previously unselected package libclang-cpp10.
Preparing to unpack .../11-libclang-cpp10_1%3a10.0.0~+rc2-1_amd64.deb ...
Unpacking libclang-cpp10 (1:10.0.0~+rc2-1) ...
Selecting previously unselected package libgc1c2:amd64.
Preparing to unpack .../12-libgc1c2_1%3a7.6.4-0.4_amd64.deb ...
Unpacking libgc1c2:amd64 (1:7.6.4-0.4) ...
Selecting previously unselected package libobjc4:amd64.
Preparing to unpack .../13-libobjc4_10-20200222-1_amd64.deb ...
Unpacking libobjc4:amd64 (10-20200222-1) ...
Selecting previously unselected package libobjc-9-dev:amd64.
Preparing to unpack .../14-libobjc-9-dev_9.2.1-30_amd64.deb ...
Unpacking libobjc-9-dev:amd64 (9.2.1-30) ...
Selecting previously unselected package libc6-i386.
Preparing to unpack .../15-libc6-i386_2.29-10_amd64.deb ...
Unpacking libc6-i386 (2.29-10) ...
Selecting previously unselected package lib32gcc-s1.
Preparing to unpack .../16-lib32gcc-s1_10-20200222-1_amd64.deb ...
Unpacking lib32gcc-s1 (10-20200222-1) ...
Selecting previously unselected package lib32gcc1.
Preparing to unpack .../17-lib32gcc1_1%3a10-20200222-1_amd64.deb ...
Unpacking lib32gcc1 (1:10-20200222-1) ...
Selecting previously unselected package lib32stdc++6.
Preparing to unpack .../18-lib32stdc++6_10-20200222-1_amd64.deb ...
Unpacking lib32stdc++6 (10-20200222-1) ...
Selecting previously unselected package libclang-common-10-dev.
Preparing to unpack .../19-libclang-common-10-dev_1%3a10.0.0~+rc2-1_amd64.deb ...
Unpacking libclang-common-10-dev (1:10.0.0~+rc2-1) ...
Selecting previously unselected package libclang1-10.
Preparing to unpack .../20-libclang1-10_1%3a10.0.0~+rc2-1_amd64.deb ...
Unpacking libclang1-10 (1:10.0.0~+rc2-1) ...
Selecting previously unselected package clang-10.
Preparing to unpack .../21-clang-10_1%3a10.0.0~+rc2-1_amd64.deb ...
Unpacking clang-10 (1:10.0.0~+rc2-1) ...
Selecting previously unselected package libomp5-10:amd64.
Preparing to unpack .../22-libomp5-10_1%3a10.0.0~+rc2-1_amd64.deb ...
Unpacking libomp5-10:amd64 (1:10.0.0~+rc2-1) ...
Selecting previously unselected package libomp-10-dev.
Preparing to unpack .../23-libomp-10-dev_1%3a10.0.0~+rc2-1_amd64.deb ...
Unpacking libomp-10-dev (1:10.0.0~+rc2-1) ...
Setting up libgc1c2:amd64 (1:7.6.4-0.4) ...
Setting up libobjc4:amd64 (10-20200222-1) ...
Setting up libz3-4:amd64 (4.8.7-4) ...
Setting up libomp5-10:amd64 (1:10.0.0~+rc2-1) ...
Setting up libc6-i386 (2.29-10) ...
Setting up libbsd0:amd64 (0.10.0-1) ...
Setting up gcc-9-base:amd64 (9.2.1-30) ...
Setting up libomp-10-dev (1:10.0.0~+rc2-1) ...
Setting up libedit2:amd64 (3.1-20191231-1) ...
Setting up libllvm10:amd64 (1:10.0.0~+rc2-1) ...
Setting up libasan5:amd64 (9.2.1-30) ...
Setting up lib32gcc-s1 (10-20200222-1) ...
Setting up libclang1-10 (1:10.0.0~+rc2-1) ...
Setting up cpp-9 (9.2.1-30) ...
Setting up lib32gcc1 (1:10-20200222-1) ...
Setting up libclang-cpp10 (1:10.0.0~+rc2-1) ...
Setting up libgcc-9-dev:amd64 (9.2.1-30) ...
Setting up lib32stdc++6 (10-20200222-1) ...
Setting up libobjc-9-dev:amd64 (9.2.1-30) ...
Setting up gcc-9 (9.2.1-30) ...
Setting up libstdc++-9-dev:amd64 (9.2.1-30) ...
Setting up libclang-common-10-dev (1:10.0.0~+rc2-1) ...
Setting up g++-9 (9.2.1-30) ...
Setting up clang-10 (1:10.0.0~+rc2-1) ...
Processing triggers for libc-bin (2.29-10) ...
W: --force-yes is deprecated, use one of the options starting with --allow instead.
+ echo 'Replace gcc, g++ & cpp by clang'
Replace gcc, g++ & cpp by clang
+ VERSIONS='4.6 4.7 4.8 4.9 5 6 7 8 9 10'
+ cd /usr/bin
+ for VERSION in $VERSIONS
+ rm -f g++-4.6 gcc-4.6 cpp-4.6 gcc
+ ln -s clang++-10 g++-4.6
+ ln -s clang-10 gcc-4.6
+ ln -s clang-10 cpp-4.6
+ ln -s clang-10 gcc
+ echo 'gcc-4.6 hold'
+ dpkg --set-selections
dpkg: warning: package not in status nor available database at line 1: gcc-4.6
dpkg: warning: found unknown packages; this might mean the available database
is outdated, and needs to be updated through a frontend method;
please see the FAQ <https://wiki.debian.org/Teams/Dpkg/FAQ>
+ echo 'g++-4.6 hold'
+ dpkg --set-selections
dpkg: warning: package not in status nor available database at line 1: g++-4.6
dpkg: warning: found unknown packages; this might mean the available database
is outdated, and needs to be updated through a frontend method;
please see the FAQ <https://wiki.debian.org/Teams/Dpkg/FAQ>
+ for VERSION in $VERSIONS
+ rm -f g++-4.7 gcc-4.7 cpp-4.7 gcc
+ ln -s clang++-10 g++-4.7
+ ln -s clang-10 gcc-4.7
+ ln -s clang-10 cpp-4.7
+ ln -s clang-10 gcc
+ echo 'gcc-4.7 hold'
+ dpkg --set-selections
dpkg: warning: package not in status nor available database at line 1: gcc-4.7
dpkg: warning: found unknown packages; this might mean the available database
is outdated, and needs to be updated through a frontend method;
please see the FAQ <https://wiki.debian.org/Teams/Dpkg/FAQ>
+ echo 'g++-4.7 hold'
+ dpkg --set-selections
dpkg: warning: package not in status nor available database at line 1: g++-4.7
dpkg: warning: found unknown packages; this might mean the available database
is outdated, and needs to be updated through a frontend method;
please see the FAQ <https://wiki.debian.org/Teams/Dpkg/FAQ>
+ for VERSION in $VERSIONS
+ rm -f g++-4.8 gcc-4.8 cpp-4.8 gcc
+ ln -s clang++-10 g++-4.8
+ ln -s clang-10 gcc-4.8
+ ln -s clang-10 cpp-4.8
+ ln -s clang-10 gcc
+ echo 'gcc-4.8 hold'
+ dpkg --set-selections
dpkg: warning: package not in status nor available database at line 1: gcc-4.8
dpkg: warning: found unknown packages; this might mean the available database
is outdated, and needs to be updated through a frontend method;
please see the FAQ <https://wiki.debian.org/Teams/Dpkg/FAQ>
+ echo 'g++-4.8 hold'
+ dpkg --set-selections
dpkg: warning: package not in status nor available database at line 1: g++-4.8
dpkg: warning: found unknown packages; this might mean the available database
is outdated, and needs to be updated through a frontend method;
please see the FAQ <https://wiki.debian.org/Teams/Dpkg/FAQ>
+ for VERSION in $VERSIONS
+ rm -f g++-4.9 gcc-4.9 cpp-4.9 gcc
+ ln -s clang++-10 g++-4.9
+ ln -s clang-10 gcc-4.9
+ ln -s clang-10 cpp-4.9
+ ln -s clang-10 gcc
+ echo 'gcc-4.9 hold'
+ dpkg --set-selections
dpkg: warning: package not in status nor available database at line 1: gcc-4.9
dpkg: warning: found unknown packages; this might mean the available database
is outdated, and needs to be updated through a frontend method;
please see the FAQ <https://wiki.debian.org/Teams/Dpkg/FAQ>
+ echo 'g++-4.9 hold'
+ dpkg --set-selections
dpkg: warning: package not in status nor available database at line 1: g++-4.9
dpkg: warning: found unknown packages; this might mean the available database
is outdated, and needs to be updated through a frontend method;
please see the FAQ <https://wiki.debian.org/Teams/Dpkg/FAQ>
+ for VERSION in $VERSIONS
+ rm -f g++-5 gcc-5 cpp-5 gcc
+ ln -s clang++-10 g++-5
+ ln -s clang-10 gcc-5
+ ln -s clang-10 cpp-5
+ ln -s clang-10 gcc
+ echo 'gcc-5 hold'
+ dpkg --set-selections
dpkg: warning: package not in status nor available database at line 1: gcc-5
dpkg: warning: found unknown packages; this might mean the available database
is outdated, and needs to be updated through a frontend method;
please see the FAQ <https://wiki.debian.org/Teams/Dpkg/FAQ>
+ echo 'g++-5 hold'
+ dpkg --set-selections
dpkg: warning: package not in status nor available database at line 1: g++-5
dpkg: warning: found unknown packages; this might mean the available database
is outdated, and needs to be updated through a frontend method;
please see the FAQ <https://wiki.debian.org/Teams/Dpkg/FAQ>
+ for VERSION in $VERSIONS
+ rm -f g++-6 gcc-6 cpp-6 gcc
+ ln -s clang++-10 g++-6
+ ln -s clang-10 gcc-6
+ ln -s clang-10 cpp-6
+ ln -s clang-10 gcc
+ echo 'gcc-6 hold'
+ dpkg --set-selections
dpkg: warning: package not in status nor available database at line 1: gcc-6
dpkg: warning: found unknown packages; this might mean the available database
is outdated, and needs to be updated through a frontend method;
please see the FAQ <https://wiki.debian.org/Teams/Dpkg/FAQ>
+ echo 'g++-6 hold'
+ dpkg --set-selections
dpkg: warning: package not in status nor available database at line 1: g++-6
dpkg: warning: found unknown packages; this might mean the available database
is outdated, and needs to be updated through a frontend method;
please see the FAQ <https://wiki.debian.org/Teams/Dpkg/FAQ>
+ for VERSION in $VERSIONS
+ rm -f g++-7 gcc-7 cpp-7 gcc
+ ln -s clang++-10 g++-7
+ ln -s clang-10 gcc-7
+ ln -s clang-10 cpp-7
+ ln -s clang-10 gcc
+ echo 'gcc-7 hold'
+ dpkg --set-selections
dpkg: warning: package not in status nor available database at line 1: gcc-7
dpkg: warning: found unknown packages; this might mean the available database
is outdated, and needs to be updated through a frontend method;
please see the FAQ <https://wiki.debian.org/Teams/Dpkg/FAQ>
+ echo 'g++-7 hold'
+ dpkg --set-selections
dpkg: warning: package not in status nor available database at line 1: g++-7
dpkg: warning: found unknown packages; this might mean the available database
is outdated, and needs to be updated through a frontend method;
please see the FAQ <https://wiki.debian.org/Teams/Dpkg/FAQ>
+ for VERSION in $VERSIONS
+ rm -f g++-8 gcc-8 cpp-8 gcc
+ ln -s clang++-10 g++-8
+ ln -s clang-10 gcc-8
+ ln -s clang-10 cpp-8
+ ln -s clang-10 gcc
+ echo 'gcc-8 hold'
+ dpkg --set-selections
dpkg: warning: package not in status nor available database at line 1: gcc-8
dpkg: warning: found unknown packages; this might mean the available database
is outdated, and needs to be updated through a frontend method;
please see the FAQ <https://wiki.debian.org/Teams/Dpkg/FAQ>
+ echo 'g++-8 hold'
+ dpkg --set-selections
dpkg: warning: package not in status nor available database at line 1: g++-8
dpkg: warning: found unknown packages; this might mean the available database
is outdated, and needs to be updated through a frontend method;
please see the FAQ <https://wiki.debian.org/Teams/Dpkg/FAQ>
+ for VERSION in $VERSIONS
+ rm -f g++-9 gcc-9 cpp-9 gcc
+ ln -s clang++-10 g++-9
+ ln -s clang-10 gcc-9
+ ln -s clang-10 cpp-9
+ ln -s clang-10 gcc
+ echo 'gcc-9 hold'
+ dpkg --set-selections
+ echo 'g++-9 hold'
+ dpkg --set-selections
+ for VERSION in $VERSIONS
+ rm -f g++-10 gcc-10 cpp-10 gcc
+ ln -s clang++-10 g++-10
+ ln -s clang-10 gcc-10
+ ln -s clang-10 cpp-10
+ ln -s clang-10 gcc
+ echo 'gcc-10 hold'
+ dpkg --set-selections
dpkg: warning: package not in status nor available database at line 1: gcc-10
dpkg: warning: found unknown packages; this might mean the available database
is outdated, and needs to be updated through a frontend method;
please see the FAQ <https://wiki.debian.org/Teams/Dpkg/FAQ>
+ echo 'g++-10 hold'
+ dpkg --set-selections
dpkg: warning: package not in status nor available database at line 1: g++-10
dpkg: warning: found unknown packages; this might mean the available database
is outdated, and needs to be updated through a frontend method;
please see the FAQ <https://wiki.debian.org/Teams/Dpkg/FAQ>
+ cd -
/build/ratpoints-GC7iSh
+ echo 'Check if gcc, g++ & cpp are actually clang'
Check if gcc, g++ & cpp are actually clang
+ gcc --version
+ grep clang
+ cpp --version
+ grep clang
+ g++ --version
+ grep clang

I: Finished running '/tmp/clang10'.

Finished processing commands.
--------------------------------------------------------------------------------
I: NOTICE: Log filtering will replace 'build/ratpoints-GC7iSh/resolver-gjTe7m' with '<<RESOLVERDIR>>'

+------------------------------------------------------------------------------+
| Update chroot                                                                |
+------------------------------------------------------------------------------+

Hit:1 http://127.0.0.1:12990/debian sid InRelease
Reading package lists...
Reading package lists...
Building dependency tree...
Reading state information...
Calculating upgrade...
The following packages will be upgraded:
  bash libgmp10 zlib1g
3 upgraded, 0 newly installed, 0 to remove and 0 not upgraded.
Need to get 1722 kB of archives.
After this operation, 4096 B of additional disk space will be used.
Get:1 http://127.0.0.1:12990/debian sid/main amd64 bash amd64 5.0-6 [1379 kB]
Get:2 http://127.0.0.1:12990/debian sid/main amd64 libgmp10 amd64 2:6.2.0+dfsg-4 [253 kB]
Get:3 http://127.0.0.1:12990/debian sid/main amd64 zlib1g amd64 1:1.2.11.dfsg-2 [90.4 kB]
debconf: delaying package configuration, since apt-utils is not installed
Fetched 1722 kB in 0s (68.9 MB/s)
(Reading database ... (Reading database ... 5%(Reading database ... 10%(Reading database ... 15%(Reading database ... 20%(Reading database ... 25%(Reading database ... 30%(Reading database ... 35%(Reading database ... 40%(Reading database ... 45%(Reading database ... 50%(Reading database ... 55%(Reading database ... 60%(Reading database ... 65%(Reading database ... 70%(Reading database ... 75%(Reading database ... 80%(Reading database ... 85%(Reading database ... 90%(Reading database ... 95%(Reading database ... 100%(Reading database ... 12960 files and directories currently installed.)
Preparing to unpack .../archives/bash_5.0-6_amd64.deb ...
Unpacking bash (5.0-6) over (5.0-5) ...
Setting up bash (5.0-6) ...
update-alternatives: using /usr/share/man/man7/bash-builtins.7.gz to provide /usr/share/man/man7/builtins.7.gz (builtins.7.gz) in auto mode
(Reading database ... (Reading database ... 5%(Reading database ... 10%(Reading database ... 15%(Reading database ... 20%(Reading database ... 25%(Reading database ... 30%(Reading database ... 35%(Reading database ... 40%(Reading database ... 45%(Reading database ... 50%(Reading database ... 55%(Reading database ... 60%(Reading database ... 65%(Reading database ... 70%(Reading database ... 75%(Reading database ... 80%(Reading database ... 85%(Reading database ... 90%(Reading database ... 95%(Reading database ... 100%(Reading database ... 12960 files and directories currently installed.)
Preparing to unpack .../libgmp10_2%3a6.2.0+dfsg-4_amd64.deb ...
Unpacking libgmp10:amd64 (2:6.2.0+dfsg-4) over (2:6.2.0+dfsg-3) ...
Setting up libgmp10:amd64 (2:6.2.0+dfsg-4) ...
(Reading database ... (Reading database ... 5%(Reading database ... 10%(Reading database ... 15%(Reading database ... 20%(Reading database ... 25%(Reading database ... 30%(Reading database ... 35%(Reading database ... 40%(Reading database ... 45%(Reading database ... 50%(Reading database ... 55%(Reading database ... 60%(Reading database ... 65%(Reading database ... 70%(Reading database ... 75%(Reading database ... 80%(Reading database ... 85%(Reading database ... 90%(Reading database ... 95%(Reading database ... 100%(Reading database ... 12960 files and directories currently installed.)
Preparing to unpack .../zlib1g_1%3a1.2.11.dfsg-2_amd64.deb ...
Unpacking zlib1g:amd64 (1:1.2.11.dfsg-2) over (1:1.2.11.dfsg-1.2) ...
Setting up zlib1g:amd64 (1:1.2.11.dfsg-2) ...
Processing triggers for libc-bin (2.29-10) ...

+------------------------------------------------------------------------------+
| Fetch source files                                                           |
+------------------------------------------------------------------------------+


Check APT
---------

Checking available source versions...

Download source files with APT
------------------------------

Reading package lists...
NOTICE: 'ratpoints' packaging is maintained in the 'Git' version control system at:
git://anonscm.debian.org/debian-science/packages/ratpoints.git
Please use:
git clone git://anonscm.debian.org/debian-science/packages/ratpoints.git
to retrieve the latest (possibly unreleased) updates to the package.
Need to get 227 kB of source archives.
Get:1 http://127.0.0.1:12990/debian sid/main ratpoints 1:2.1.3-1 (dsc) [2135 B]
Get:2 http://127.0.0.1:12990/debian sid/main ratpoints 1:2.1.3-1 (tar) [208 kB]
Get:3 http://127.0.0.1:12990/debian sid/main ratpoints 1:2.1.3-1 (diff) [17.0 kB]
Fetched 227 kB in 0s (4318 kB/s)
Download complete and in download only mode
I: NOTICE: Log filtering will replace 'build/ratpoints-GC7iSh/ratpoints-2.1.3' with '<<PKGBUILDDIR>>'
I: NOTICE: Log filtering will replace 'build/ratpoints-GC7iSh' with '<<BUILDDIR>>'

+------------------------------------------------------------------------------+
| Install package build dependencies                                           |
+------------------------------------------------------------------------------+


Setup apt archive
-----------------

Merged Build-Depends: debhelper (>= 9), dh-autoreconf (>= 4~), libgmp-dev, build-essential, fakeroot
Filtered Build-Depends: debhelper (>= 9), dh-autoreconf (>= 4~), libgmp-dev, build-essential, fakeroot
dpkg-deb: building package 'sbuild-build-depends-main-dummy' in '/<<RESOLVERDIR>>/apt_archive/sbuild-build-depends-main-dummy.deb'.
Ign:1 copy:/<<RESOLVERDIR>>/apt_archive ./ InRelease
Get:2 copy:/<<RESOLVERDIR>>/apt_archive ./ Release [957 B]
Ign:3 copy:/<<RESOLVERDIR>>/apt_archive ./ Release.gpg
Get:4 copy:/<<RESOLVERDIR>>/apt_archive ./ Sources [387 B]
Get:5 copy:/<<RESOLVERDIR>>/apt_archive ./ Packages [471 B]
Fetched 1815 B in 0s (0 B/s)
Reading package lists...
Reading package lists...

Install main build dependencies (apt-based resolver)
----------------------------------------------------

Installing build dependencies
Reading package lists...
Building dependency tree...
Reading state information...
The following additional packages will be installed:
  autoconf automake autopoint autotools-dev bsdmainutils debhelper
  dh-autoreconf dh-strip-nondeterminism dwz file gettext gettext-base
  groff-base intltool-debian libarchive-zip-perl libcroco3 libdebhelper-perl
  libelf1 libfile-stripnondeterminism-perl libglib2.0-0 libgmp-dev
  libgmpxx4ldbl libicu63 libmagic-mgc libmagic1 libpipeline1 libsigsegv2
  libsub-override-perl libtool libuchardet0 libxml2 m4 man-db po-debconf
  sensible-utils
Suggested packages:
  autoconf-archive gnu-standards autoconf-doc wamerican | wordlist whois
  vacation dh-make gettext-doc libasprintf-dev libgettextpo-dev groff gmp-doc
  libgmp10-doc libmpfr-dev libtool-doc gfortran | fortran95-compiler gcj-jdk
  m4-doc apparmor less www-browser libmail-box-perl
Recommended packages:
  curl | wget | lynx libarchive-cpio-perl libglib2.0-data shared-mime-info
  xdg-user-dirs libltdl-dev libmail-sendmail-perl
The following NEW packages will be installed:
  autoconf automake autopoint autotools-dev bsdmainutils debhelper
  dh-autoreconf dh-strip-nondeterminism dwz file gettext gettext-base
  groff-base intltool-debian libarchive-zip-perl libcroco3 libdebhelper-perl
  libelf1 libfile-stripnondeterminism-perl libglib2.0-0 libgmp-dev
  libgmpxx4ldbl libicu63 libmagic-mgc libmagic1 libpipeline1 libsigsegv2
  libsub-override-perl libtool libuchardet0 libxml2 m4 man-db po-debconf
  sbuild-build-depends-main-dummy sensible-utils
0 upgraded, 36 newly installed, 0 to remove and 0 not upgraded.
Need to get 19.9 MB of archives.
After this operation, 72.4 MB of additional disk space will be used.
Get:1 copy:/<<RESOLVERDIR>>/apt_archive ./ sbuild-build-depends-main-dummy 0.invalid.0 [896 B]
Get:2 http://127.0.0.1:12990/debian sid/main amd64 bsdmainutils amd64 11.1.2+b1 [191 kB]
Get:3 http://127.0.0.1:12990/debian sid/main amd64 libuchardet0 amd64 0.0.6-3 [64.9 kB]
Get:4 http://127.0.0.1:12990/debian sid/main amd64 groff-base amd64 1.22.4-4 [919 kB]
Get:5 http://127.0.0.1:12990/debian sid/main amd64 libpipeline1 amd64 1.5.2-2 [33.9 kB]
Get:6 http://127.0.0.1:12990/debian sid/main amd64 man-db amd64 2.9.0-2 [1307 kB]
Get:7 http://127.0.0.1:12990/debian sid/main amd64 sensible-utils all 0.0.12+nmu1 [16.0 kB]
Get:8 http://127.0.0.1:12990/debian sid/main amd64 libmagic-mgc amd64 1:5.38-4 [262 kB]
Get:9 http://127.0.0.1:12990/debian sid/main amd64 libmagic1 amd64 1:5.38-4 [120 kB]
Get:10 http://127.0.0.1:12990/debian sid/main amd64 file amd64 1:5.38-4 [67.9 kB]
Get:11 http://127.0.0.1:12990/debian sid/main amd64 gettext-base amd64 0.19.8.1-10 [123 kB]
Get:12 http://127.0.0.1:12990/debian sid/main amd64 libsigsegv2 amd64 2.12-2 [32.8 kB]
Get:13 http://127.0.0.1:12990/debian sid/main amd64 m4 amd64 1.4.18-4 [203 kB]
Get:14 http://127.0.0.1:12990/debian sid/main amd64 autoconf all 2.69-11.1 [341 kB]
Get:15 http://127.0.0.1:12990/debian sid/main amd64 autotools-dev all 20180224.1 [77.0 kB]
Get:16 http://127.0.0.1:12990/debian sid/main amd64 automake all 1:1.16.1-4 [771 kB]
Get:17 http://127.0.0.1:12990/debian sid/main amd64 autopoint all 0.19.8.1-10 [435 kB]
Get:18 http://127.0.0.1:12990/debian sid/main amd64 libtool all 2.4.6-13 [513 kB]
Get:19 http://127.0.0.1:12990/debian sid/main amd64 dh-autoreconf all 19 [16.9 kB]
Get:20 http://127.0.0.1:12990/debian sid/main amd64 libdebhelper-perl all 12.9 [183 kB]
Get:21 http://127.0.0.1:12990/debian sid/main amd64 libarchive-zip-perl all 1.67-1 [104 kB]
Get:22 http://127.0.0.1:12990/debian sid/main amd64 libsub-override-perl all 0.09-2 [10.2 kB]
Get:23 http://127.0.0.1:12990/debian sid/main amd64 libfile-stripnondeterminism-perl all 1.6.3-2 [23.7 kB]
Get:24 http://127.0.0.1:12990/debian sid/main amd64 dh-strip-nondeterminism all 1.6.3-2 [14.7 kB]
Get:25 http://127.0.0.1:12990/debian sid/main amd64 libelf1 amd64 0.176-1.1 [161 kB]
Get:26 http://127.0.0.1:12990/debian sid/main amd64 dwz amd64 0.13-5 [151 kB]
Get:27 http://127.0.0.1:12990/debian sid/main amd64 libglib2.0-0 amd64 2.62.4-2 [1319 kB]
Get:28 http://127.0.0.1:12990/debian sid/main amd64 libicu63 amd64 63.2-2 [8301 kB]
Get:29 http://127.0.0.1:12990/debian sid/main amd64 libxml2 amd64 2.9.10+dfsg-3 [709 kB]
Get:30 http://127.0.0.1:12990/debian sid/main amd64 libcroco3 amd64 0.6.13-1 [146 kB]
Get:31 http://127.0.0.1:12990/debian sid/main amd64 gettext amd64 0.19.8.1-10 [1303 kB]
Get:32 http://127.0.0.1:12990/debian sid/main amd64 intltool-debian all 0.35.0+20060710.5 [26.8 kB]
Get:33 http://127.0.0.1:12990/debian sid/main amd64 po-debconf all 1.0.21 [248 kB]
Get:34 http://127.0.0.1:12990/debian sid/main amd64 debhelper all 12.9 [994 kB]
Get:35 http://127.0.0.1:12990/debian sid/main amd64 libgmpxx4ldbl amd64 2:6.2.0+dfsg-4 [23.0 kB]
Get:36 http://127.0.0.1:12990/debian sid/main amd64 libgmp-dev amd64 2:6.2.0+dfsg-4 [643 kB]
debconf: delaying package configuration, since apt-utils is not installed
Fetched 19.9 MB in 0s (76.8 MB/s)
Selecting previously unselected package bsdmainutils.
(Reading database ... 12960 files and directories currently installed.)
Preparing to unpack .../00-bsdmainutils_11.1.2+b1_amd64.deb ...
Unpacking bsdmainutils (11.1.2+b1) ...
Selecting previously unselected package libuchardet0:amd64.
Preparing to unpack .../01-libuchardet0_0.0.6-3_amd64.deb ...
Unpacking libuchardet0:amd64 (0.0.6-3) ...
Selecting previously unselected package groff-base.
Preparing to unpack .../02-groff-base_1.22.4-4_amd64.deb ...
Unpacking groff-base (1.22.4-4) ...
Selecting previously unselected package libpipeline1:amd64.
Preparing to unpack .../03-libpipeline1_1.5.2-2_amd64.deb ...
Unpacking libpipeline1:amd64 (1.5.2-2) ...
Selecting previously unselected package man-db.
Preparing to unpack .../04-man-db_2.9.0-2_amd64.deb ...
Unpacking man-db (2.9.0-2) ...
Selecting previously unselected package sensible-utils.
Preparing to unpack .../05-sensible-utils_0.0.12+nmu1_all.deb ...
Unpacking sensible-utils (0.0.12+nmu1) ...
Selecting previously unselected package libmagic-mgc.
Preparing to unpack .../06-libmagic-mgc_1%3a5.38-4_amd64.deb ...
Unpacking libmagic-mgc (1:5.38-4) ...
Selecting previously unselected package libmagic1:amd64.
Preparing to unpack .../07-libmagic1_1%3a5.38-4_amd64.deb ...
Unpacking libmagic1:amd64 (1:5.38-4) ...
Selecting previously unselected package file.
Preparing to unpack .../08-file_1%3a5.38-4_amd64.deb ...
Unpacking file (1:5.38-4) ...
Selecting previously unselected package gettext-base.
Preparing to unpack .../09-gettext-base_0.19.8.1-10_amd64.deb ...
Unpacking gettext-base (0.19.8.1-10) ...
Selecting previously unselected package libsigsegv2:amd64.
Preparing to unpack .../10-libsigsegv2_2.12-2_amd64.deb ...
Unpacking libsigsegv2:amd64 (2.12-2) ...
Selecting previously unselected package m4.
Preparing to unpack .../11-m4_1.4.18-4_amd64.deb ...
Unpacking m4 (1.4.18-4) ...
Selecting previously unselected package autoconf.
Preparing to unpack .../12-autoconf_2.69-11.1_all.deb ...
Unpacking autoconf (2.69-11.1) ...
Selecting previously unselected package autotools-dev.
Preparing to unpack .../13-autotools-dev_20180224.1_all.deb ...
Unpacking autotools-dev (20180224.1) ...
Selecting previously unselected package automake.
Preparing to unpack .../14-automake_1%3a1.16.1-4_all.deb ...
Unpacking automake (1:1.16.1-4) ...
Selecting previously unselected package autopoint.
Preparing to unpack .../15-autopoint_0.19.8.1-10_all.deb ...
Unpacking autopoint (0.19.8.1-10) ...
Selecting previously unselected package libtool.
Preparing to unpack .../16-libtool_2.4.6-13_all.deb ...
Unpacking libtool (2.4.6-13) ...
Selecting previously unselected package dh-autoreconf.
Preparing to unpack .../17-dh-autoreconf_19_all.deb ...
Unpacking dh-autoreconf (19) ...
Selecting previously unselected package libdebhelper-perl.
Preparing to unpack .../18-libdebhelper-perl_12.9_all.deb ...
Unpacking libdebhelper-perl (12.9) ...
Selecting previously unselected package libarchive-zip-perl.
Preparing to unpack .../19-libarchive-zip-perl_1.67-1_all.deb ...
Unpacking libarchive-zip-perl (1.67-1) ...
Selecting previously unselected package libsub-override-perl.
Preparing to unpack .../20-libsub-override-perl_0.09-2_all.deb ...
Unpacking libsub-override-perl (0.09-2) ...
Selecting previously unselected package libfile-stripnondeterminism-perl.
Preparing to unpack .../21-libfile-stripnondeterminism-perl_1.6.3-2_all.deb ...
Unpacking libfile-stripnondeterminism-perl (1.6.3-2) ...
Selecting previously unselected package dh-strip-nondeterminism.
Preparing to unpack .../22-dh-strip-nondeterminism_1.6.3-2_all.deb ...
Unpacking dh-strip-nondeterminism (1.6.3-2) ...
Selecting previously unselected package libelf1:amd64.
Preparing to unpack .../23-libelf1_0.176-1.1_amd64.deb ...
Unpacking libelf1:amd64 (0.176-1.1) ...
Selecting previously unselected package dwz.
Preparing to unpack .../24-dwz_0.13-5_amd64.deb ...
Unpacking dwz (0.13-5) ...
Selecting previously unselected package libglib2.0-0:amd64.
Preparing to unpack .../25-libglib2.0-0_2.62.4-2_amd64.deb ...
Unpacking libglib2.0-0:amd64 (2.62.4-2) ...
Selecting previously unselected package libicu63:amd64.
Preparing to unpack .../26-libicu63_63.2-2_amd64.deb ...
Unpacking libicu63:amd64 (63.2-2) ...
Selecting previously unselected package libxml2:amd64.
Preparing to unpack .../27-libxml2_2.9.10+dfsg-3_amd64.deb ...
Unpacking libxml2:amd64 (2.9.10+dfsg-3) ...
Selecting previously unselected package libcroco3:amd64.
Preparing to unpack .../28-libcroco3_0.6.13-1_amd64.deb ...
Unpacking libcroco3:amd64 (0.6.13-1) ...
Selecting previously unselected package gettext.
Preparing to unpack .../29-gettext_0.19.8.1-10_amd64.deb ...
Unpacking gettext (0.19.8.1-10) ...
Selecting previously unselected package intltool-debian.
Preparing to unpack .../30-intltool-debian_0.35.0+20060710.5_all.deb ...
Unpacking intltool-debian (0.35.0+20060710.5) ...
Selecting previously unselected package po-debconf.
Preparing to unpack .../31-po-debconf_1.0.21_all.deb ...
Unpacking po-debconf (1.0.21) ...
Selecting previously unselected package debhelper.
Preparing to unpack .../32-debhelper_12.9_all.deb ...
Unpacking debhelper (12.9) ...
Selecting previously unselected package libgmpxx4ldbl:amd64.
Preparing to unpack .../33-libgmpxx4ldbl_2%3a6.2.0+dfsg-4_amd64.deb ...
Unpacking libgmpxx4ldbl:amd64 (2:6.2.0+dfsg-4) ...
Selecting previously unselected package libgmp-dev:amd64.
Preparing to unpack .../34-libgmp-dev_2%3a6.2.0+dfsg-4_amd64.deb ...
Unpacking libgmp-dev:amd64 (2:6.2.0+dfsg-4) ...
Selecting previously unselected package sbuild-build-depends-main-dummy.
Preparing to unpack .../35-sbuild-build-depends-main-dummy_0.invalid.0_amd64.deb ...
Unpacking sbuild-build-depends-main-dummy (0.invalid.0) ...
Setting up libpipeline1:amd64 (1.5.2-2) ...
Setting up libmagic-mgc (1:5.38-4) ...
Setting up libarchive-zip-perl (1.67-1) ...
Setting up libglib2.0-0:amd64 (2.62.4-2) ...
No schema files found: doing nothing.
Setting up libdebhelper-perl (12.9) ...
Setting up libmagic1:amd64 (1:5.38-4) ...
Setting up gettext-base (0.19.8.1-10) ...
Setting up file (1:5.38-4) ...
Setting up libicu63:amd64 (63.2-2) ...
Setting up autotools-dev (20180224.1) ...
Setting up libgmpxx4ldbl:amd64 (2:6.2.0+dfsg-4) ...
Setting up libsigsegv2:amd64 (2.12-2) ...
Setting up bsdmainutils (11.1.2+b1) ...
update-alternatives: using /usr/bin/bsd-write to provide /usr/bin/write (write) in auto mode
update-alternatives: using /usr/bin/bsd-from to provide /usr/bin/from (from) in auto mode
Setting up autopoint (0.19.8.1-10) ...
Setting up sensible-utils (0.0.12+nmu1) ...
Setting up libuchardet0:amd64 (0.0.6-3) ...
Setting up libsub-override-perl (0.09-2) ...
Setting up libelf1:amd64 (0.176-1.1) ...
Setting up libxml2:amd64 (2.9.10+dfsg-3) ...
Setting up libfile-stripnondeterminism-perl (1.6.3-2) ...
Setting up libgmp-dev:amd64 (2:6.2.0+dfsg-4) ...
Setting up libtool (2.4.6-13) ...
Setting up m4 (1.4.18-4) ...
Setting up libcroco3:amd64 (0.6.13-1) ...
Setting up autoconf (2.69-11.1) ...
Setting up dh-strip-nondeterminism (1.6.3-2) ...
Setting up dwz (0.13-5) ...
Setting up groff-base (1.22.4-4) ...
Setting up automake (1:1.16.1-4) ...
update-alternatives: using /usr/bin/automake-1.16 to provide /usr/bin/automake (automake) in auto mode
Setting up gettext (0.19.8.1-10) ...
Setting up man-db (2.9.0-2) ...
Not building database; man-db/auto-update is not 'true'.
Setting up intltool-debian (0.35.0+20060710.5) ...
Setting up po-debconf (1.0.21) ...
Setting up dh-autoreconf (19) ...
Setting up debhelper (12.9) ...
Setting up sbuild-build-depends-main-dummy (0.invalid.0) ...
Processing triggers for libc-bin (2.29-10) ...

+------------------------------------------------------------------------------+
| Check architectures                                                          |
+------------------------------------------------------------------------------+

Arch check ok (amd64 included in any)

+------------------------------------------------------------------------------+
| Build environment                                                            |
+------------------------------------------------------------------------------+

Kernel: Linux 4.19.0-6-cloud-amd64 #1 SMP Debian 4.19.67-2+deb10u2 (2019-11-11) amd64 (x86_64)
Toolchain package versions: binutils_2.34-3 dpkg-dev_1.19.7 g++-9_9.2.1-30 gcc-9_9.2.1-30 libc6-dev_2.29-10 libstdc++-9-dev_9.2.1-30 libstdc++6_10-20200222-1 linux-libc-dev_5.4.19-1
Package versions: adduser_3.118 apt_1.8.4 autoconf_2.69-11.1 automake_1:1.16.1-4 autopoint_0.19.8.1-10 autotools-dev_20180224.1 base-files_11 base-passwd_3.5.47 bash_5.0-6 binutils_2.34-3 binutils-common_2.34-3 binutils-x86-64-linux-gnu_2.34-3 bsdmainutils_11.1.2+b1 bsdutils_1:2.34-0.1 build-essential_12.8 bzip2_1.0.8-2 clang-10_1:10.0.0~+rc2-1 coreutils_8.30-3+b1 cpp_4:9.2.1-3.1 cpp-9_9.2.1-30 dash_0.5.10.2-6 debconf_1.5.73 debhelper_12.9 debian-archive-keyring_2019.1 debianutils_4.9.1 dh-autoreconf_19 dh-strip-nondeterminism_1.6.3-2 diffutils_1:3.7-3 dpkg_1.19.7 dpkg-dev_1.19.7 dwz_0.13-5 e2fsprogs_1.45.5-2 fakeroot_1.24-1 fdisk_2.34-0.1 file_1:5.38-4 findutils_4.7.0-1 g++_4:9.2.1-3.1 g++-9_9.2.1-30 gcc_4:9.2.1-3.1 gcc-10-base_10-20200222-1 gcc-9_9.2.1-30 gcc-9-base_9.2.1-30 gettext_0.19.8.1-10 gettext-base_0.19.8.1-10 gpgv_2.2.19-1 grep_3.4-1 groff-base_1.22.4-4 gzip_1.9-3+b1 hostname_3.23 init-system-helpers_1.57 intltool-debian_0.35.0+20060710.5 lib32gcc-s1_10-20200222-1 lib32gcc1_1:10-20200222-1 lib32stdc++6_10-20200222-1 libacl1_2.2.53-5 libapt-pkg5.0_1.8.4 libarchive-zip-perl_1.67-1 libasan5_9.2.1-30 libatomic1_10-20200222-1 libattr1_1:2.4.48-5 libaudit-common_1:2.8.5-2 libaudit1_1:2.8.5-2+b1 libbinutils_2.34-3 libblkid1_2.34-0.1 libbsd0_0.10.0-1 libbz2-1.0_1.0.8-2 libc-bin_2.29-10 libc-dev-bin_2.29-10 libc6_2.29-10 libc6-dev_2.29-10 libc6-i386_2.29-10 libcap-ng0_0.7.9-2.1+b1 libcc1-0_10-20200222-1 libclang-common-10-dev_1:10.0.0~+rc2-1 libclang-cpp10_1:10.0.0~+rc2-1 libclang1-10_1:10.0.0~+rc2-1 libcom-err2_1.45.5-2 libcroco3_0.6.13-1 libcrypt-dev_1:4.4.10-10 libcrypt1_1:4.4.10-10 libctf-nobfd0_2.34-3 libctf0_2.34-3 libdb5.3_5.3.28+dfsg1-0.6 libdebconfclient0_0.251 libdebhelper-perl_12.9 libdpkg-perl_1.19.7 libedit2_3.1-20191231-1 libelf1_0.176-1.1 libext2fs2_1.45.5-2 libfakeroot_1.24-1 libfdisk1_2.34-0.1 libffi7_3.3-3 libfile-stripnondeterminism-perl_1.6.3-2 libgc1c2_1:7.6.4-0.4 libgcc-9-dev_9.2.1-30 libgcc-s1_10-20200222-1 libgcc1_1:10-20200222-1 libgcrypt20_1.8.5-5 libgdbm-compat4_1.18.1-5 libgdbm6_1.18.1-5 libglib2.0-0_2.62.4-2 libgmp-dev_2:6.2.0+dfsg-4 libgmp10_2:6.2.0+dfsg-4 libgmpxx4ldbl_2:6.2.0+dfsg-4 libgnutls30_3.6.12-2 libgomp1_10-20200222-1 libgpg-error0_1.37-1 libhogweed5_3.5.1+really3.5.1-2 libicu63_63.2-2 libidn2-0_2.2.0-2 libisl22_0.22.1-1 libitm1_10-20200222-1 libllvm10_1:10.0.0~+rc2-1 liblsan0_10-20200222-1 liblz4-1_1.9.2-2 liblzma5_5.2.4-1+b1 libmagic-mgc_1:5.38-4 libmagic1_1:5.38-4 libmount1_2.34-0.1 libmpc3_1.1.0-1 libmpfr6_4.0.2-1 libncursesw6_6.1+20191019-1 libnettle7_3.5.1+really3.5.1-2 libobjc-9-dev_9.2.1-30 libobjc4_10-20200222-1 libomp-10-dev_1:10.0.0~+rc2-1 libomp5-10_1:10.0.0~+rc2-1 libp11-kit0_0.23.20-1 libpam-modules_1.3.1-5 libpam-modules-bin_1.3.1-5 libpam-runtime_1.3.1-5 libpam0g_1.3.1-5 libpcre2-8-0_10.34-7 libpcre3_2:8.39-12+b1 libperl5.30_5.30.0-9 libpipeline1_1.5.2-2 libquadmath0_10-20200222-1 libseccomp2_2.4.2-2 libselinux1_3.0-1+b1 libsemanage-common_3.0-1 libsemanage1_3.0-1+b1 libsepol1_3.0-1 libsigsegv2_2.12-2 libsmartcols1_2.34-0.1 libss2_1.45.5-2 libstdc++-9-dev_9.2.1-30 libstdc++6_10-20200222-1 libsub-override-perl_0.09-2 libsystemd0_244.3-1 libtasn1-6_4.16.0-2 libtinfo6_6.1+20191019-1 libtool_2.4.6-13 libtsan0_10-20200222-1 libubsan1_10-20200222-1 libuchardet0_0.0.6-3 libudev1_244.3-1 libunistring2_0.9.10-2 libuuid1_2.34-0.1 libxml2_2.9.10+dfsg-3 libz3-4_4.8.7-4 libzstd1_1.4.4+dfsg-3 linux-libc-dev_5.4.19-1 login_1:4.8.1-1 logsave_1.45.5-2 lsb-base_11.1.0 m4_1.4.18-4 make_4.2.1-1.2 man-db_2.9.0-2 mawk_1.3.4.20200120-2 mount_2.34-0.1 ncurses-base_6.1+20191019-1 ncurses-bin_6.1+20191019-1 passwd_1:4.8.1-1 patch_2.7.6-6 perl_5.30.0-9 perl-base_5.30.0-9 perl-modules-5.30_5.30.0-9 po-debconf_1.0.21 sbuild-build-depends-main-dummy_0.invalid.0 sed_4.7-1 sensible-utils_0.0.12+nmu1 sysvinit-utils_2.96-2.1 tar_1.30+dfsg-6+b1 tzdata_2019c-3 util-linux_2.34-0.1 xz-utils_5.2.4-1+b1 zlib1g_1:1.2.11.dfsg-2

+------------------------------------------------------------------------------+
| Build                                                                        |
+------------------------------------------------------------------------------+


Unpack source
-------------

-----BEGIN PGP SIGNED MESSAGE-----
Hash: SHA256

Format: 3.0 (quilt)
Source: ratpoints
Binary: ratpoints, libratpoints-dev, libratpoints-2.1.3
Architecture: any
Version: 1:2.1.3-1
Maintainer: Debian Science Team <debian-science-maintainers@lists.alioth.debian.org>
Uploaders: Tobias Hansen <thansen@debian.org>
Homepage: http://www.mathe2.uni-bayreuth.de/stoll/programs/
Standards-Version: 3.9.5
Vcs-Browser: http://anonscm.debian.org/gitweb/?p=debian-science/packages/ratpoints.git;a=summary
Vcs-Git: git://anonscm.debian.org/debian-science/packages/ratpoints.git
Build-Depends: debhelper (>= 9), dh-autoreconf (>= 4~), libgmp-dev
Package-List:
 libratpoints-2.1.3 deb libs extra arch=any
 libratpoints-dev deb libdevel extra arch=any
 ratpoints deb libs extra arch=any
Checksums-Sha1:
 8ee8bf27210df82805cdc7da44db898fd5bc82f2 207697 ratpoints_2.1.3.orig.tar.gz
 23bf532f2a3ee71e2f09afa9a895df5ecb156620 17012 ratpoints_2.1.3-1.debian.tar.xz
Checksums-Sha256:
 c4bd55b4fe6234ed4793edfb6126f63b13ee2eaf122f3dfd8f4737a7096a0a7e 207697 ratpoints_2.1.3.orig.tar.gz
 a916daca8059e6172fcfcc4e8bf290c6c460642917e0ff8974db6440dbdfce18 17012 ratpoints_2.1.3-1.debian.tar.xz
Files:
 597fee3856ef2f80fffc0a440e926208 207697 ratpoints_2.1.3.orig.tar.gz
 3275024e924c400ab9b7a3f34be83eb6 17012 ratpoints_2.1.3-1.debian.tar.xz

-----BEGIN PGP SIGNATURE-----
Version: GnuPG v1

iQIcBAEBCAAGBQJTvbSlAAoJEIyCFp2Ozs0qjV8P+wbHFlR0o5pwOH0+SZOHs643
9foTlFWoJlesetpRRbU8atbw1La2EtN7blqBZ1W6+kFB48GYDtKFgLV9CP3FujXg
YJ8RPV+Aozpwm6f5Hkv4IZtXJltrpd5VT4wJLP9J6tj98d6AQ0XlCpV+NIgew9Xv
5boBYw1Jv7k0AEcGVO6zsa6GicWiwUtlJGNjLG6TFIBWQR9Ex4ONnLt7yP0EXOJc
9f07BK8GTwZS0MHu9XHDBCOXrIFDROHsbwg7aFrZ20NFHgeFXe4lVaRxqj0Hu4j7
Uoj1fMbzYsgZpJaR1sexovWDr/hUJr6DvSUxiA2X3uMkCFxivNa4KK1oboEG4MTd
FDJuOk9FvPNaI3ye9h27IxNQB5hLTi6RYfgxceEPyd04O+gvb+Qd2I13XosgO9QC
Md6Mz6X8g4fI6rekZteKoITEwsahX/FpyBieATrss4DU1aCSK8jGKGIBm+nvOjbL
El+CzHGYZKHFnmGAfaLOLiGivXKA4oLX8u8Fs4HE7oO0TtOdzcDhA1m1I12c/arD
39aO6rWFB2Sw+PZS4lLqpwOqqJofLzRIjHuC90Z/XF9bkvuAYGp0u4UeZDDJQPfC
G3RMPbdWmEU3hCuaCUSpFxF1fAZnMD6gP+teRRGRMmhRuASHVy8dAjWPn1+bakl5
PslneGyZNfl7GAKrmUGr
=tYfA
-----END PGP SIGNATURE-----

gpgv: unknown type of key resource 'trustedkeys.kbx'
gpgv: keyblock resource '/sbuild-nonexistent/.gnupg/trustedkeys.kbx': General error
gpgv: Signature made Wed Jul  9 21:31:17 2014 UTC
gpgv:                using RSA key 8C82169D8ECECD2A
gpgv: Can't check signature: No public key
dpkg-source: warning: failed to verify signature on ./ratpoints_2.1.3-1.dsc
dpkg-source: info: extracting ratpoints in /<<PKGBUILDDIR>>
dpkg-source: info: unpacking ratpoints_2.1.3.orig.tar.gz
dpkg-source: info: unpacking ratpoints_2.1.3-1.debian.tar.xz
dpkg-source: info: using patch list from debian/patches/series
dpkg-source: info: applying automake.patch

Check disk space
----------------

Sufficient free space for build

User Environment
----------------

APT_CONFIG=/var/lib/sbuild/apt.conf
HOME=/sbuild-nonexistent
LANG=C.UTF-8
LC_ALL=C.UTF-8
LOGNAME=user42
PATH=/usr/local/sbin:/usr/local/bin:/usr/sbin:/usr/bin:/sbin:/bin:/usr/games
SCHROOT_ALIAS_NAME=unstable
SCHROOT_CHROOT_NAME=sid-amd64-sbuild
SCHROOT_COMMAND=env
SCHROOT_GID=1001
SCHROOT_GROUP=user42
SCHROOT_SESSION_ID=sid-amd64-sbuild-9bbe6ef8-13f7-4a61-b85b-f15dd4b6e33e
SCHROOT_UID=1001
SCHROOT_USER=user42
SHELL=/bin/sh
USER=user42

dpkg-buildpackage
-----------------

Command: dpkg-buildpackage -us -uc -b -rfakeroot
dpkg-buildpackage: info: source package ratpoints
dpkg-buildpackage: info: source version 1:2.1.3-1
dpkg-buildpackage: info: source distribution unstable
dpkg-buildpackage: info: source changed by Tobias Hansen <thansen@debian.org>
 dpkg-source --before-build .
dpkg-buildpackage: info: host architecture amd64
 fakeroot debian/rules clean
dh clean --parallel --with autoreconf
   dh_auto_clean -O--parallel
   dh_autoreconf_clean -O--parallel
   dh_clean -O--parallel
 debian/rules build
dh build --parallel --with autoreconf
   dh_update_autotools_config -O--parallel
   debian/rules override_dh_autoreconf
make[1]: Entering directory '/<<PKGBUILDDIR>>'
touch NEWS README AUTHORS ChangeLog
dh_autoreconf
libtoolize: putting auxiliary files in '.'.
libtoolize: copying file './ltmain.sh'
libtoolize: Consider adding 'AC_CONFIG_MACRO_DIRS([m4])' to configure.ac,
libtoolize: and rerunning libtoolize and aclocal.
libtoolize: Consider adding '-I m4' to ACLOCAL_AMFLAGS in Makefile.am.
configure.ac:14: installing './compile'
configure.ac:2: installing './config.guess'
configure.ac:2: installing './config.sub'
configure.ac:4: installing './install-sh'
configure.ac:4: installing './missing'
Makefile.am:1: warning: 'INCLUDES' is the old name for 'AM_CPPFLAGS' (or '*_CPPFLAGS')
Makefile.am: installing './INSTALL'
Makefile.am: installing './COPYING' using GNU General Public License v3 file
Makefile.am:     Consider adding the COPYING file to the version control system
Makefile.am:     for your code, to avoid questions about which license your project uses
Makefile.am:19: warning: source file '$(top_srcdir)/sift.c' is in a subdirectory,
Makefile.am:19: but option 'subdir-objects' is disabled
automake: warning: possible forward-incompatibility.
automake: At least a source file is in a subdirectory, but the 'subdir-objects'
automake: automake option hasn't been enabled.  For now, the corresponding output
automake: object file(s) will be placed in the top-level directory.  However,
automake: this behaviour will change in future Automake versions: they will
automake: unconditionally cause object files to be placed in the same subdirectory
automake: of the corresponding sources.
automake: You are advised to start using 'subdir-objects' option throughout your
automake: project, to avoid future incompatibilities.
Makefile.am:19: warning: source file '$(top_srcdir)/init.c' is in a subdirectory,
Makefile.am:19: but option 'subdir-objects' is disabled
Makefile.am:19: warning: source file '$(top_srcdir)/sturm.c' is in a subdirectory,
Makefile.am:19: but option 'subdir-objects' is disabled
Makefile.am:19: warning: source file '$(top_srcdir)/find_points.c' is in a subdirectory,
Makefile.am:19: but option 'subdir-objects' is disabled
Makefile.am:63: warning: source file '$(top_builddir)/gen_find_points_h.c' is in a subdirectory,
Makefile.am:63: but option 'subdir-objects' is disabled
Makefile.am:58: warning: source file '$(top_builddir)/gen_init_sieve_h.c' is in a subdirectory,
Makefile.am:58: but option 'subdir-objects' is disabled
Makefile.am:34: warning: source file '$(top_srcdir)/main.c' is in a subdirectory,
Makefile.am:34: but option 'subdir-objects' is disabled
Makefile.am:40: warning: source file '$(top_srcdir)/main.c' is in a subdirectory,
Makefile.am:40: but option 'subdir-objects' is disabled
Makefile.am:40: warning: source file '$(top_srcdir)/sift.c' is in a subdirectory,
Makefile.am:40: but option 'subdir-objects' is disabled
Makefile.am:40: warning: source file '$(top_srcdir)/init.c' is in a subdirectory,
Makefile.am:40: but option 'subdir-objects' is disabled
Makefile.am:40: warning: source file '$(top_srcdir)/sturm.c' is in a subdirectory,
Makefile.am:40: but option 'subdir-objects' is disabled
Makefile.am:40: warning: source file '$(top_srcdir)/find_points.c' is in a subdirectory,
Makefile.am:40: but option 'subdir-objects' is disabled
Makefile.am:68: warning: source file '$(top_builddir)/rptest.c' is in a subdirectory,
Makefile.am:68: but option 'subdir-objects' is disabled
Makefile.am: installing './depcomp'
rm -f NEWS README AUTHORS ChangeLog
make[1]: Leaving directory '/<<PKGBUILDDIR>>'
   debian/rules override_dh_auto_configure
make[1]: Entering directory '/<<PKGBUILDDIR>>'
dh_auto_configure -- --disable-silent-rules --with-gmp-headers=/usr/include/x86_64-linux-gnu
	./configure --build=x86_64-linux-gnu --prefix=/usr --includedir=\${prefix}/include --mandir=\${prefix}/share/man --infodir=\${prefix}/share/info --sysconfdir=/etc --localstatedir=/var --disable-silent-rules --libdir=\${prefix}/lib/x86_64-linux-gnu --libexecdir=\${prefix}/lib/x86_64-linux-gnu --disable-maintainer-mode --disable-dependency-tracking --disable-silent-rules --with-gmp-headers=/usr/include/x86_64-linux-gnu
configure: WARNING: unrecognized options: --disable-maintainer-mode
checking build system type... x86_64-pc-linux-gnu
checking host system type... x86_64-pc-linux-gnu
checking target system type... x86_64-pc-linux-gnu
checking for a BSD-compatible install... /usr/bin/install -c
checking whether build environment is sane... yes
checking for a thread-safe mkdir -p... /bin/mkdir -p
checking for gawk... no
checking for mawk... mawk
checking whether make sets $(MAKE)... yes
checking whether make supports nested variables... yes
configure: Configuring ratpoints...
checking whether make supports nested variables... (cached) yes
checking whether make supports the include directive... yes (GNU style)
checking for gcc... gcc
checking whether the C compiler works... yes
checking for C compiler default output file name... a.out
checking for suffix of executables... 
checking whether we are cross compiling... no
checking for suffix of object files... o
checking whether we are using the GNU C compiler... yes
checking whether gcc accepts -g... yes
checking for gcc option to accept ISO C89... none needed
checking whether gcc understands -c and -o together... yes
checking dependency style of gcc... none
checking for gcc option to accept ISO C99... none needed
checking how to print strings... printf
checking for a sed that does not truncate output... /bin/sed
checking for grep that handles long lines and -e... /bin/grep
checking for egrep... /bin/grep -E
checking for fgrep... /bin/grep -F
checking for ld used by gcc... /usr/bin/ld
checking if the linker (/usr/bin/ld) is GNU ld... yes
checking for BSD- or MS-compatible name lister (nm)... /usr/bin/nm -B
checking the name lister (/usr/bin/nm -B) interface... BSD nm
checking whether ln -s works... yes
checking the maximum length of command line arguments... 1572864
checking how to convert x86_64-pc-linux-gnu file names to x86_64-pc-linux-gnu format... func_convert_file_noop
checking how to convert x86_64-pc-linux-gnu file names to toolchain format... func_convert_file_noop
checking for /usr/bin/ld option to reload object files... -r
checking for objdump... objdump
checking how to recognize dependent libraries... pass_all
checking for dlltool... no
checking how to associate runtime and link libraries... printf %s\n
checking for ar... ar
checking for archiver @FILE support... @
checking for strip... strip
checking for ranlib... ranlib
checking command to parse /usr/bin/nm -B output from gcc object... ok
checking for sysroot... no
checking for a working dd... /bin/dd
checking how to truncate binary pipes... /bin/dd bs=4096 count=1
checking for mt... no
checking if : is a manifest tool... no
checking how to run the C preprocessor... gcc -E
checking for ANSI C header files... yes
checking for sys/types.h... yes
checking for sys/stat.h... yes
checking for stdlib.h... yes
checking for string.h... yes
checking for memory.h... yes
checking for strings.h... yes
checking for inttypes.h... yes
checking for stdint.h... yes
checking for unistd.h... yes
checking for dlfcn.h... yes
checking for objdir... .libs
checking if gcc supports -fno-rtti -fno-exceptions... yes
checking for gcc option to produce PIC... -fPIC -DPIC
checking if gcc PIC flag -fPIC -DPIC works... yes
checking if gcc static flag -static works... yes
checking if gcc supports -c -o file.o... yes
checking if gcc supports -c -o file.o... (cached) yes
checking whether the gcc linker (/usr/bin/ld -m elf_x86_64) supports shared libraries... yes
checking whether -lc should be explicitly linked in... no
checking dynamic linker characteristics... GNU/Linux ld.so
checking how to hardcode library paths into programs... immediate
checking whether stripping libraries is possible... yes
checking if libtool supports shared libraries... yes
checking whether to build shared libraries... yes
checking whether to build static libraries... yes
checking for cos in -lm... yes
checking for GMP includes in /usr/include/x86_64-linux-gnu/... found
checking for __gmpz_init in -lgmp... yes
checking that generated files are newer than configure... done
configure: creating ./config.status
config.status: creating Makefile
config.status: executing depfiles commands
config.status: executing libtool commands
configure: WARNING: unrecognized options: --disable-maintainer-mode
make[1]: Leaving directory '/<<PKGBUILDDIR>>'
   dh_auto_build -O--parallel
	make -j4
make[1]: Entering directory '/<<PKGBUILDDIR>>'
gcc -DPACKAGE_NAME=\"ratpoints\" -DPACKAGE_TARNAME=\"ratpoints\" -DPACKAGE_VERSION=\"2.1.3\" -DPACKAGE_STRING=\"ratpoints\ 2.1.3\" -DPACKAGE_BUGREPORT=\"\" -DPACKAGE_URL=\"\" -DPACKAGE=\"ratpoints\" -DVERSION=\"2.1.3\" -DSTDC_HEADERS=1 -DHAVE_SYS_TYPES_H=1 -DHAVE_SYS_STAT_H=1 -DHAVE_STDLIB_H=1 -DHAVE_STRING_H=1 -DHAVE_MEMORY_H=1 -DHAVE_STRINGS_H=1 -DHAVE_INTTYPES_H=1 -DHAVE_STDINT_H=1 -DHAVE_UNISTD_H=1 -DHAVE_DLFCN_H=1 -DLT_OBJDIR=\".libs/\" -I. -I.  -Wdate-time -D_FORTIFY_SOURCE=2   -DRATPOINTS_MAX_BITS_IN_PRIME=7 -DUSE_SSE -g -O2 -fdebug-prefix-map=/<<PKGBUILDDIR>>=. -fstack-protector-strong -Wformat -Werror=format-security -Wall -O2 -fomit-frame-pointer -funroll-loops -c -o gen_find_points_h.o `test -f './gen_find_points_h.c' || echo './'`./gen_find_points_h.c
gcc -DPACKAGE_NAME=\"ratpoints\" -DPACKAGE_TARNAME=\"ratpoints\" -DPACKAGE_VERSION=\"2.1.3\" -DPACKAGE_STRING=\"ratpoints\ 2.1.3\" -DPACKAGE_BUGREPORT=\"\" -DPACKAGE_URL=\"\" -DPACKAGE=\"ratpoints\" -DVERSION=\"2.1.3\" -DSTDC_HEADERS=1 -DHAVE_SYS_TYPES_H=1 -DHAVE_SYS_STAT_H=1 -DHAVE_STDLIB_H=1 -DHAVE_STRING_H=1 -DHAVE_MEMORY_H=1 -DHAVE_STRINGS_H=1 -DHAVE_INTTYPES_H=1 -DHAVE_STDINT_H=1 -DHAVE_UNISTD_H=1 -DHAVE_DLFCN_H=1 -DLT_OBJDIR=\".libs/\" -I. -I.  -Wdate-time -D_FORTIFY_SOURCE=2   -DRATPOINTS_MAX_BITS_IN_PRIME=7 -DUSE_SSE -g -O2 -fdebug-prefix-map=/<<PKGBUILDDIR>>=. -fstack-protector-strong -Wformat -Werror=format-security -Wall -O2 -fomit-frame-pointer -funroll-loops -c -o gen_init_sieve_h.o `test -f './gen_init_sieve_h.c' || echo './'`./gen_init_sieve_h.c
./gen_find_points_h.c:100:52: warning: shifting a negative signed value is undefined [-Wshift-negative-value]
      { work[(p*i)>>LONG_SHIFT] &= ~(1UL<<((p*i) & LONG_MASK)); }
                                                   ^~~~~~~~~
./rp-private.h:39:25: note: expanded from macro 'LONG_MASK'
#define LONG_MASK (~(-1L<<LONG_SHIFT))
                     ~~~^
/bin/bash ./libtool  --tag=CC   --mode=link gcc   -DRATPOINTS_MAX_BITS_IN_PRIME=7 -DUSE_SSE -g -O2 -fdebug-prefix-map=/<<PKGBUILDDIR>>=. -fstack-protector-strong -Wformat -Werror=format-security -Wall -O2 -fomit-frame-pointer -funroll-loops  -Wl,-z,relro -o gen_init_sieve_h gen_init_sieve_h.o  
1 warning generated.
/bin/bash ./libtool  --tag=CC   --mode=link gcc   -DRATPOINTS_MAX_BITS_IN_PRIME=7 -DUSE_SSE -g -O2 -fdebug-prefix-map=/<<PKGBUILDDIR>>=. -fstack-protector-strong -Wformat -Werror=format-security -Wall -O2 -fomit-frame-pointer -funroll-loops  -Wl,-z,relro -o gen_find_points_h gen_find_points_h.o  
libtool: link: gcc -DRATPOINTS_MAX_BITS_IN_PRIME=7 -DUSE_SSE -g -O2 -fdebug-prefix-map=/<<PKGBUILDDIR>>=. -fstack-protector-strong -Wformat -Werror=format-security -Wall -O2 -fomit-frame-pointer -funroll-loops -Wl,-z -Wl,relro -o gen_init_sieve_h gen_init_sieve_h.o 
libtool: link: gcc -DRATPOINTS_MAX_BITS_IN_PRIME=7 -DUSE_SSE -g -O2 -fdebug-prefix-map=/<<PKGBUILDDIR>>=. -fstack-protector-strong -Wformat -Werror=format-security -Wall -O2 -fomit-frame-pointer -funroll-loops -Wl,-z -Wl,relro -o gen_find_points_h gen_find_points_h.o 
./gen_init_sieve_h > ./init_sieve.h
./gen_find_points_h > ./find_points.h
make  all-am
make[2]: Entering directory '/<<PKGBUILDDIR>>'
gcc -DPACKAGE_NAME=\"ratpoints\" -DPACKAGE_TARNAME=\"ratpoints\" -DPACKAGE_VERSION=\"2.1.3\" -DPACKAGE_STRING=\"ratpoints\ 2.1.3\" -DPACKAGE_BUGREPORT=\"\" -DPACKAGE_URL=\"\" -DPACKAGE=\"ratpoints\" -DVERSION=\"2.1.3\" -DSTDC_HEADERS=1 -DHAVE_SYS_TYPES_H=1 -DHAVE_SYS_STAT_H=1 -DHAVE_STDLIB_H=1 -DHAVE_STRING_H=1 -DHAVE_MEMORY_H=1 -DHAVE_STRINGS_H=1 -DHAVE_INTTYPES_H=1 -DHAVE_STDINT_H=1 -DHAVE_UNISTD_H=1 -DHAVE_DLFCN_H=1 -DLT_OBJDIR=\".libs/\" -I. -I.  -Wdate-time -D_FORTIFY_SOURCE=2   -DRATPOINTS_MAX_BITS_IN_PRIME=7 -DUSE_SSE -g -O2 -fdebug-prefix-map=/<<PKGBUILDDIR>>=. -fstack-protector-strong -Wformat -Werror=format-security -Wall -O2 -fomit-frame-pointer -funroll-loops -c -o main.o `test -f './main.c' || echo './'`./main.c
/bin/bash ./libtool  --tag=CC   --mode=compile gcc -DPACKAGE_NAME=\"ratpoints\" -DPACKAGE_TARNAME=\"ratpoints\" -DPACKAGE_VERSION=\"2.1.3\" -DPACKAGE_STRING=\"ratpoints\ 2.1.3\" -DPACKAGE_BUGREPORT=\"\" -DPACKAGE_URL=\"\" -DPACKAGE=\"ratpoints\" -DVERSION=\"2.1.3\" -DSTDC_HEADERS=1 -DHAVE_SYS_TYPES_H=1 -DHAVE_SYS_STAT_H=1 -DHAVE_STDLIB_H=1 -DHAVE_STRING_H=1 -DHAVE_MEMORY_H=1 -DHAVE_STRINGS_H=1 -DHAVE_INTTYPES_H=1 -DHAVE_STDINT_H=1 -DHAVE_UNISTD_H=1 -DHAVE_DLFCN_H=1 -DLT_OBJDIR=\".libs/\" -I. -I.  -Wdate-time -D_FORTIFY_SOURCE=2   -DRATPOINTS_MAX_BITS_IN_PRIME=7 -DUSE_SSE -g -O2 -fdebug-prefix-map=/<<PKGBUILDDIR>>=. -fstack-protector-strong -Wformat -Werror=format-security -Wall -O2 -fomit-frame-pointer -funroll-loops -c -o sift.lo `test -f './sift.c' || echo './'`./sift.c
/bin/bash ./libtool  --tag=CC   --mode=compile gcc -DPACKAGE_NAME=\"ratpoints\" -DPACKAGE_TARNAME=\"ratpoints\" -DPACKAGE_VERSION=\"2.1.3\" -DPACKAGE_STRING=\"ratpoints\ 2.1.3\" -DPACKAGE_BUGREPORT=\"\" -DPACKAGE_URL=\"\" -DPACKAGE=\"ratpoints\" -DVERSION=\"2.1.3\" -DSTDC_HEADERS=1 -DHAVE_SYS_TYPES_H=1 -DHAVE_SYS_STAT_H=1 -DHAVE_STDLIB_H=1 -DHAVE_STRING_H=1 -DHAVE_MEMORY_H=1 -DHAVE_STRINGS_H=1 -DHAVE_INTTYPES_H=1 -DHAVE_STDINT_H=1 -DHAVE_UNISTD_H=1 -DHAVE_DLFCN_H=1 -DLT_OBJDIR=\".libs/\" -I. -I.  -Wdate-time -D_FORTIFY_SOURCE=2   -DRATPOINTS_MAX_BITS_IN_PRIME=7 -DUSE_SSE -g -O2 -fdebug-prefix-map=/<<PKGBUILDDIR>>=. -fstack-protector-strong -Wformat -Werror=format-security -Wall -O2 -fomit-frame-pointer -funroll-loops -c -o init.lo `test -f './init.c' || echo './'`./init.c
/bin/bash ./libtool  --tag=CC   --mode=compile gcc -DPACKAGE_NAME=\"ratpoints\" -DPACKAGE_TARNAME=\"ratpoints\" -DPACKAGE_VERSION=\"2.1.3\" -DPACKAGE_STRING=\"ratpoints\ 2.1.3\" -DPACKAGE_BUGREPORT=\"\" -DPACKAGE_URL=\"\" -DPACKAGE=\"ratpoints\" -DVERSION=\"2.1.3\" -DSTDC_HEADERS=1 -DHAVE_SYS_TYPES_H=1 -DHAVE_SYS_STAT_H=1 -DHAVE_STDLIB_H=1 -DHAVE_STRING_H=1 -DHAVE_MEMORY_H=1 -DHAVE_STRINGS_H=1 -DHAVE_INTTYPES_H=1 -DHAVE_STDINT_H=1 -DHAVE_UNISTD_H=1 -DHAVE_DLFCN_H=1 -DLT_OBJDIR=\".libs/\" -I. -I.  -Wdate-time -D_FORTIFY_SOURCE=2   -DRATPOINTS_MAX_BITS_IN_PRIME=7 -DUSE_SSE -g -O2 -fdebug-prefix-map=/<<PKGBUILDDIR>>=. -fstack-protector-strong -Wformat -Werror=format-security -Wall -O2 -fomit-frame-pointer -funroll-loops -c -o sturm.lo `test -f './sturm.c' || echo './'`./sturm.c
libtool: compile:  gcc -DPACKAGE_NAME=\"ratpoints\" -DPACKAGE_TARNAME=\"ratpoints\" -DPACKAGE_VERSION=\"2.1.3\" "-DPACKAGE_STRING=\"ratpoints 2.1.3\"" -DPACKAGE_BUGREPORT=\"\" -DPACKAGE_URL=\"\" -DPACKAGE=\"ratpoints\" -DVERSION=\"2.1.3\" -DSTDC_HEADERS=1 -DHAVE_SYS_TYPES_H=1 -DHAVE_SYS_STAT_H=1 -DHAVE_STDLIB_H=1 -DHAVE_STRING_H=1 -DHAVE_MEMORY_H=1 -DHAVE_STRINGS_H=1 -DHAVE_INTTYPES_H=1 -DHAVE_STDINT_H=1 -DHAVE_UNISTD_H=1 -DHAVE_DLFCN_H=1 -DLT_OBJDIR=\".libs/\" -I. -I. -Wdate-time -D_FORTIFY_SOURCE=2 -DRATPOINTS_MAX_BITS_IN_PRIME=7 -DUSE_SSE -g -O2 -fdebug-prefix-map=/<<PKGBUILDDIR>>=. -fstack-protector-strong -Wformat -Werror=format-security -Wall -O2 -fomit-frame-pointer -funroll-loops -c ./init.c  -fPIC -DPIC -o .libs/init.o
libtool: compile:  gcc -DPACKAGE_NAME=\"ratpoints\" -DPACKAGE_TARNAME=\"ratpoints\" -DPACKAGE_VERSION=\"2.1.3\" "-DPACKAGE_STRING=\"ratpoints 2.1.3\"" -DPACKAGE_BUGREPORT=\"\" -DPACKAGE_URL=\"\" -DPACKAGE=\"ratpoints\" -DVERSION=\"2.1.3\" -DSTDC_HEADERS=1 -DHAVE_SYS_TYPES_H=1 -DHAVE_SYS_STAT_H=1 -DHAVE_STDLIB_H=1 -DHAVE_STRING_H=1 -DHAVE_MEMORY_H=1 -DHAVE_STRINGS_H=1 -DHAVE_INTTYPES_H=1 -DHAVE_STDINT_H=1 -DHAVE_UNISTD_H=1 -DHAVE_DLFCN_H=1 -DLT_OBJDIR=\".libs/\" -I. -I. -Wdate-time -D_FORTIFY_SOURCE=2 -DRATPOINTS_MAX_BITS_IN_PRIME=7 -DUSE_SSE -g -O2 -fdebug-prefix-map=/<<PKGBUILDDIR>>=. -fstack-protector-strong -Wformat -Werror=format-security -Wall -O2 -fomit-frame-pointer -funroll-loops -c ./sift.c  -fPIC -DPIC -o .libs/sift.o
libtool: compile:  gcc -DPACKAGE_NAME=\"ratpoints\" -DPACKAGE_TARNAME=\"ratpoints\" -DPACKAGE_VERSION=\"2.1.3\" "-DPACKAGE_STRING=\"ratpoints 2.1.3\"" -DPACKAGE_BUGREPORT=\"\" -DPACKAGE_URL=\"\" -DPACKAGE=\"ratpoints\" -DVERSION=\"2.1.3\" -DSTDC_HEADERS=1 -DHAVE_SYS_TYPES_H=1 -DHAVE_SYS_STAT_H=1 -DHAVE_STDLIB_H=1 -DHAVE_STRING_H=1 -DHAVE_MEMORY_H=1 -DHAVE_STRINGS_H=1 -DHAVE_INTTYPES_H=1 -DHAVE_STDINT_H=1 -DHAVE_UNISTD_H=1 -DHAVE_DLFCN_H=1 -DLT_OBJDIR=\".libs/\" -I. -I. -Wdate-time -D_FORTIFY_SOURCE=2 -DRATPOINTS_MAX_BITS_IN_PRIME=7 -DUSE_SSE -g -O2 -fdebug-prefix-map=/<<PKGBUILDDIR>>=. -fstack-protector-strong -Wformat -Werror=format-security -Wall -O2 -fomit-frame-pointer -funroll-loops -c ./sturm.c  -fPIC -DPIC -o .libs/sturm.o
/bin/bash ./libtool  --tag=CC   --mode=compile gcc -DPACKAGE_NAME=\"ratpoints\" -DPACKAGE_TARNAME=\"ratpoints\" -DPACKAGE_VERSION=\"2.1.3\" -DPACKAGE_STRING=\"ratpoints\ 2.1.3\" -DPACKAGE_BUGREPORT=\"\" -DPACKAGE_URL=\"\" -DPACKAGE=\"ratpoints\" -DVERSION=\"2.1.3\" -DSTDC_HEADERS=1 -DHAVE_SYS_TYPES_H=1 -DHAVE_SYS_STAT_H=1 -DHAVE_STDLIB_H=1 -DHAVE_STRING_H=1 -DHAVE_MEMORY_H=1 -DHAVE_STRINGS_H=1 -DHAVE_INTTYPES_H=1 -DHAVE_STDINT_H=1 -DHAVE_UNISTD_H=1 -DHAVE_DLFCN_H=1 -DLT_OBJDIR=\".libs/\" -I. -I.  -Wdate-time -D_FORTIFY_SOURCE=2   -DRATPOINTS_MAX_BITS_IN_PRIME=7 -DUSE_SSE -g -O2 -fdebug-prefix-map=/<<PKGBUILDDIR>>=. -fstack-protector-strong -Wformat -Werror=format-security -Wall -O2 -fomit-frame-pointer -funroll-loops -c -o find_points.lo `test -f './find_points.c' || echo './'`./find_points.c
./sturm.c:176:5: error: function definition is not allowed here
    { /* nl/2^del, nr/2^der : interval left/right endpoints,
    ^
./sturm.c:235:5: warning: implicit declaration of function 'iterate' is invalid in C99 [-Wimplicit-function-declaration]
    iterate(min, max, 0, 0, count2, count1, 
    ^
1 warning and 1 error generated.
make[2]: *** [Makefile:691: sturm.lo] Error 1
make[2]: *** Waiting for unfinished jobs....
In file included from ./init.c:302:
./init_sieve.h:1:1: warning: shifting a negative signed value is undefined [-Wshift-negative-value]
CODE_INIT_SIEVE1(3)
^~~~~~~~~~~~~~~~~~~
./init.c:43:26: note: expanded from macro 'CODE_INIT_SIEVE1'
  long diff_shift = p1 & LONG_MASK; \
                         ^~~~~~~~~
./rp-private.h:39:25: note: expanded from macro 'LONG_MASK'
#define LONG_MASK (~(-1L<<LONG_SHIFT))
                     ~~~^
In file included from ./init.c:302:
./init_sieve.h:2:1: warning: shifting a negative signed value is undefined [-Wshift-negative-value]
CODE_INIT_SIEVE1(5)
^~~~~~~~~~~~~~~~~~~
./init.c:43:26: note: expanded from macro 'CODE_INIT_SIEVE1'
  long diff_shift = p1 & LONG_MASK; \
                         ^~~~~~~~~
./rp-private.h:39:25: note: expanded from macro 'LONG_MASK'
#define LONG_MASK (~(-1L<<LONG_SHIFT))
                     ~~~^
In file included from ./init.c:302:
./init_sieve.h:3:1: warning: shifting a negative signed value is undefined [-Wshift-negative-value]
CODE_INIT_SIEVE1(7)
^~~~~~~~~~~~~~~~~~~
./init.c:43:26: note: expanded from macro 'CODE_INIT_SIEVE1'
  long diff_shift = p1 & LONG_MASK; \
                         ^~~~~~~~~
./rp-private.h:39:25: note: expanded from macro 'LONG_MASK'
#define LONG_MASK (~(-1L<<LONG_SHIFT))
                     ~~~^
In file included from ./init.c:302:
./init_sieve.h:4:1: warning: shifting a negative signed value is undefined [-Wshift-negative-value]
CODE_INIT_SIEVE1(11)
^~~~~~~~~~~~~~~~~~~~
./init.c:43:26: note: expanded from macro 'CODE_INIT_SIEVE1'
  long diff_shift = p1 & LONG_MASK; \
                         ^~~~~~~~~
./rp-private.h:39:25: note: expanded from macro 'LONG_MASK'
#define LONG_MASK (~(-1L<<LONG_SHIFT))
                     ~~~^
In file included from ./init.c:302:
./init_sieve.h:5:1: warning: shifting a negative signed value is undefined [-Wshift-negative-value]
CODE_INIT_SIEVE1(13)
^~~~~~~~~~~~~~~~~~~~
./init.c:43:26: note: expanded from macro 'CODE_INIT_SIEVE1'
  long diff_shift = p1 & LONG_MASK; \
                         ^~~~~~~~~
./rp-private.h:39:25: note: expanded from macro 'LONG_MASK'
#define LONG_MASK (~(-1L<<LONG_SHIFT))
                     ~~~^
In file included from ./init.c:302:
./init_sieve.h:6:1: warning: shifting a negative signed value is undefined [-Wshift-negative-value]
CODE_INIT_SIEVE1(17)
^~~~~~~~~~~~~~~~~~~~
./init.c:43:26: note: expanded from macro 'CODE_INIT_SIEVE1'
  long diff_shift = p1 & LONG_MASK; \
                         ^~~~~~~~~
./rp-private.h:39:25: note: expanded from macro 'LONG_MASK'
#define LONG_MASK (~(-1L<<LONG_SHIFT))
                     ~~~^
In file included from ./init.c:302:
./init_sieve.h:7:1: warning: shifting a negative signed value is undefined [-Wshift-negative-value]
CODE_INIT_SIEVE1(19)
^~~~~~~~~~~~~~~~~~~~
./init.c:43:26: note: expanded from macro 'CODE_INIT_SIEVE1'
  long diff_shift = p1 & LONG_MASK; \
                         ^~~~~~~~~
./rp-private.h:39:25: note: expanded from macro 'LONG_MASK'
#define LONG_MASK (~(-1L<<LONG_SHIFT))
                     ~~~^
In file included from ./init.c:302:
./init_sieve.h:8:1: warning: shifting a negative signed value is undefined [-Wshift-negative-value]
CODE_INIT_SIEVE1(23)
^~~~~~~~~~~~~~~~~~~~
./init.c:43:26: note: expanded from macro 'CODE_INIT_SIEVE1'
  long diff_shift = p1 & LONG_MASK; \
                         ^~~~~~~~~
./rp-private.h:39:25: note: expanded from macro 'LONG_MASK'
#define LONG_MASK (~(-1L<<LONG_SHIFT))
                     ~~~^
In file included from ./init.c:302:
./init_sieve.h:9:1: warning: shifting a negative signed value is undefined [-Wshift-negative-value]
CODE_INIT_SIEVE1(29)
^~~~~~~~~~~~~~~~~~~~
./init.c:43:26: note: expanded from macro 'CODE_INIT_SIEVE1'
  long diff_shift = p1 & LONG_MASK; \
                         ^~~~~~~~~
./rp-private.h:39:25: note: expanded from macro 'LONG_MASK'
#define LONG_MASK (~(-1L<<LONG_SHIFT))
                     ~~~^
In file included from ./init.c:302:
./init_sieve.h:10:1: warning: shifting a negative signed value is undefined [-Wshift-negative-value]
CODE_INIT_SIEVE1(31)
^~~~~~~~~~~~~~~~~~~~
./init.c:43:26: note: expanded from macro 'CODE_INIT_SIEVE1'
  long diff_shift = p1 & LONG_MASK; \
                         ^~~~~~~~~
./rp-private.h:39:25: note: expanded from macro 'LONG_MASK'
#define LONG_MASK (~(-1L<<LONG_SHIFT))
                     ~~~^
./sift.c:127:19: error: use of unknown builtin '__builtin_ia32_andps' [-Wimplicit-function-declaration]
        { *surv = AND(*surv, *siv1++); surv++; }
                  ^
./rp-private.h:62:40: note: expanded from macro 'AND'
#define AND(a,b) ((ratpoints_bit_array)__builtin_ia32_andps((__v4sf)(a), (__v4sf)(b)))
In file included from                                        ^
./init.c:302:
./init_sieve.h:11:1: warning: shifting a negative signed value is undefined [-Wshift-negative-value]
CODE_INIT_SIEVE1(37)
^~~~~~~~~~~~~~~~~~~~
./init.c:43:26: note: expanded from macro 'CODE_INIT_SIEVE1'
  long diff_shift = p1 & LONG_MASK; \
                         ^~~~~~~~~
./rp-private.h:39:25: note: expanded from macro 'LONG_MASK'
#define LONG_MASK (~(-1L<<LONG_SHIFT))
                     ~~~^
In file included from ./init.c:302:
./init_sieve.h:12:1: warning: shifting a negative signed value is undefined [-Wshift-negative-value]
CODE_INIT_SIEVE1(41)
^~~~~~~~~~~~~~~~~~~~
./init.c:43:26: note: expanded from macro 'CODE_INIT_SIEVE1'
  long diff_shift = p1 & LONG_MASK; \
                         ^~~~~~~~~
./rp-private.h:39:25: note: expanded from macro 'LONG_MASK'
#define LONG_MASK (~(-1L<<LONG_SHIFT))
                     ~~~^
In file included from ./init.c:302:
./init_sieve.h:13:1: warning: shifting a negative signed value is undefined [-Wshift-negative-value]
CODE_INIT_SIEVE1(43)
^~~~~~~~~~~~~~~~~~~~
./init.c:43:26: note: expanded from macro 'CODE_INIT_SIEVE1'
  long diff_shift = p1 & LONG_MASK; \
                         ^~~~~~~~~
./rp-private.h:39:25: note: expanded from macro 'LONG_MASK'
#define LONG_MASK (~(-1L<<LONG_SHIFT))
                     ~~~^
In file included from ./init.c:302:
./init_sieve.h:14:1: warning: shifting a negative signed value is undefined [-Wshift-negative-value]
CODE_INIT_SIEVE1(47)
^~~~~~~~~~~~~~~~~~~~
./init.c:43:26: note: expanded from macro 'CODE_INIT_SIEVE1'
  long diff_shift = p1 & LONG_MASK; \
                         ^~~~~~~~~
./rp-private.h:39:25: note: expanded from macro 'LONG_MASK'
#define LONG_MASK (~(-1L<<LONG_SHIFT))
                     ~~~^
In file included from ./init.c:302:
./init_sieve.h:15:1: warning: shifting a negative signed value is undefined [-Wshift-negative-value]
CODE_INIT_SIEVE1(53)
^~~~~~~~~~~~~~~~~~~~
./init.c:43:26: note: expanded from macro 'CODE_INIT_SIEVE1'
  long diff_shift = p1 & LONG_MASK; \
                         ^~~~~~~~~
./rp-private.h:39:25: note: expanded from macro 'LONG_MASK'
#define LONG_MASK (~(-1L<<LONG_SHIFT))
                     ~~~^
./sift.c:127:19: error: invalid conversion between vector type 'ratpoints_bit_array' (aka '__v2di') and integer type 'int' of different size
        { *surv = AND(*surv, *siv1++); surv++; }
                  ^~~~~~~~~~~~~~~~~~~
./rp-private.h:62:19: note: expanded from macro 'AND'
In file included from ./init.c:302:
./init_sieve.h:16:1: warning: shifting a negative signed value is undefined [-Wshift-negative-value]
#define AND(a,b) ((ratpoints_bit_array)__builtin_ia32_andps((__v4sf)(a), (__v4sf)(b)))
                  ^~~~~~~~~~~~~~~~~~~~~~~~~~~~~~~~~~~~~~~~~~~~~~~~~~~~~~~~~~~~~~~~~~~
CODE_INIT_SIEVE1(59)
^~~~~~~~~~~~~~~~~~~~
./init.c:43:26: note: expanded from macro 'CODE_INIT_SIEVE1'
  long diff_shift = p1 & LONG_MASK; \
                         ^~~~~~~~~
./rp-private.h:39:25: note: expanded from macro 'LONG_MASK'
#define LONG_MASK (~(-1L<<LONG_SHIFT))
                     ~~~^
./sift.c:140:21: error: use of unknown builtin '__builtin_ia32_andps' [-Wimplicit-function-declaration]
          { *surv = AND(*surv, *siv1++); surv++; }
                    ^
./rp-private.h:62:40: note: expanded from macro 'AND'
#define AND(a,b) ((ratpoints_bit_array)__builtin_ia32_andps((__v4sf)(a), (__v4sf)(b)))
                                       ^
./sift.c:140:21: error: invalid conversion between vector type 'ratpoints_bit_array' (aka '__v2di') and integer type 'int' of different size
          { *surv = AND(*surv, *siv1++); surv++; }
                    ^~~~~~~~~~~~~~~~~~~
./rp-private.h:62:19: note: expanded from macro 'AND'
#define AND(a,b) ((ratpoints_bit_array)__builtin_ia32_andps((__v4sf)(a), (__v4sf)(b)))
                  ^~~~~~~~~~~~~~~~~~~~~~~~~~~~~~~~~~~~~~~~~~~~~~~~~~~~~~~~~~~~~~~~~~~
./sift.c:151:21: error: use of unknown builtin '__builtin_ia32_andps' [-Wimplicit-function-declaration]
          { *surv = AND(*surv, *siv1++); surv++; }
                    ^
./rp-private.h:62:40: note: expanded from macro 'AND'
#define AND(a,b) ((ratpoints_bit_array)__builtin_ia32_andps((__v4sf)(a), (__v4sf)(b)))
                                       ^
./sift.c:151:21: error: invalid conversion between vector type 'ratpoints_bit_array' (aka '__v2di') and integer type 'int' of different size
          { *surv = AND(*surv, *siv1++); surv++; }
                    ^~~~~~~~~~~~~~~~~~~
./rp-private.h:62:19: note: expanded from macro 'AND'
#define AND(a,b) ((ratpoints_bit_array)__builtin_ia32_andps((__v4sf)(a), (__v4sf)(b)))
                  ^~~~~~~~~~~~~~~~~~~~~~~~~~~~~~~~~~~~~~~~~~~~~~~~~~~~~~~~~~~~~~~~~~~
./sift.c:160:19: error: use of unknown builtin '__builtin_ia32_andps' [-Wimplicit-function-declaration]
        { *surv = AND(*surv, *siv1++); surv++; }
                  ^
./rp-private.h:62:40: note: expanded from macro 'AND'
In file included from #define AND(a,b) ((ratpoints_bit_array)__builtin_ia32_andps((__v4sf)(a), (__v4sf)(b)))
./init.c                                       ^:
302:
./init_sieve.h:17:1: warning: shifting a negative signed value is undefined [-Wshift-negative-value]
./sift.cCODE_INIT_SIEVE1(61):
160^~~~~~~~~~~~~~~~~~~~:
19: error: invalid conversion between vector type 'ratpoints_bit_array' (aka '__v2di') and integer type 'int' of different size
./init.c:43:26: note        { *surv = AND(*surv, *siv1++); surv++; }: 
expanded from macro 'CODE_INIT_SIEVE1'                  ^~~~~~~~~~~~~~~~~~~

./rp-private.h:62:19: note: expanded from macro 'AND'
  long diff_shift = p1 & LONG_MASK; \
                         ^~~~~~~~~
./rp-private.h:39:25: note: expanded from macro 'LONG_MASK'
#define AND(a,b) ((ratpoints_bit_array)__builtin_ia32_andps((__v4sf)(a), (__v4sf)(b)))#define LONG_MASK (~(-1L<<LONG_SHIFT))

                  ^~~~~~~~~~~~~~~~~~~~~~~~~~~~~~~~~~~~~~~~~~~~~~~~~~~~~~~~~~~~~~~~~~~                     ~~~^

./sift.c:236:16: error: use of unknown builtin '__builtin_ia32_andps' [-Wimplicit-function-declaration]
        nums = AND(nums, ssp->ptr[mod(i + ssp->offset, p)]);
               ^
./rp-private.h:62:40: note: expanded from macro 'AND'
#define AND(a,b) ((ratpoints_bit_array)__builtin_ia32_andps((__v4sf)(a), (__v4sf)(b)))
                                       ^
./sift.c:236:16: error: invalid conversion between vector type 'ratpoints_bit_array' (aka '__v2di') and integer type 'int' of different size
        nums = AND(nums, ssp->ptr[mod(i + ssp->offset, p)]);
               ^~~~~~~~~~~~~~~~~~~~~~~~~~~~~~~~~~~~~~~~~~~~
./rp-private.h:62:19: note: expanded from macro 'AND'
#define AND(a,b) ((ratpoints_bit_array)__builtin_ia32_andps((__v4sf)(a), (__v4sf)(b)))
                  ^~~~~~~~~~~~~~~~~~~~~~~~~~~~~~~~~~~~~~~~~~~~~~~~~~~~~~~~~~~~~~~~~~~
In file included from ./init.c:302:
./init_sieve.h:18:1: warning: shifting a negative signed value is undefined [-Wshift-negative-value]
CODE_INIT_SIEVE2(67)
^~~~~~~~~~~~~~~~~~~~
./init.c:114:25: note: expanded from macro 'CODE_INIT_SIEVE2'
  long diff_shift = p & LONG_MASK; \
                        ^~~~~~~~~
./rp-private.h:39:25: note: expanded from macro 'LONG_MASK'
#define LONG_MASK (~(-1L<<LONG_SHIFT))
                     ~~~^
In file included from ./init.c:302:
./init_sieve.h:18:1: warning: shifting a negative signed value is undefined [-Wshift-negative-value]
CODE_INIT_SIEVE2(67)
^~~~~~~~~~~~~~~~~~~~
./init.c:135:15: note: expanded from macro 'CODE_INIT_SIEVE2'
      if((a & LONG_MASK) == 0) \
              ^~~~~~~~~
./rp-private.h:39:25: note: expanded from macro 'LONG_MASK'
#define LONG_MASK (~(-1L<<LONG_SHIFT))
                     ~~~^
10 errors generated.
In file included from ./init.c:302:
./init_sieve.h:19:1: warning: shifting a negative signed value is undefined [-Wshift-negative-value]
CODE_INIT_SIEVE2(71)
^~~~~~~~~~~~~~~~~~~~
./init.c:114:25: note: expanded from macro 'CODE_INIT_SIEVE2'
  long diff_shift = p & LONG_MASK; \
                        ^~~~~~~~~
./rp-private.h:39:25: note: expanded from macro 'LONG_MASK'
#define LONG_MASK (~(-1L<<LONG_SHIFT))
                     ~~~^
In file included from ./init.c:302:
./init_sieve.h:19:1: warning: shifting a negative signed value is undefined [-Wshift-negative-value]
CODE_INIT_SIEVE2(71)
^~~~~~~~~~~~~~~~~~~~
./init.c:135:15: note: expanded from macro 'CODE_INIT_SIEVE2'
      if((a & LONG_MASK) == 0) \
              ^~~~~~~~~
./rp-private.h:39:25: note: expanded from macro 'LONG_MASK'
#define LONG_MASK (~(-1L<<LONG_SHIFT))
                     ~~~^
In file included from ./init.c:302:
./init_sieve.h:20:1: warning: shifting a negative signed value is undefined [-Wshift-negative-value]
CODE_INIT_SIEVE2(73)
^~~~~~~~~~~~~~~~~~~~
./init.c:114:25: note: expanded from macro 'CODE_INIT_SIEVE2'
  long diff_shift = p & LONG_MASK; \
                        ^~~~~~~~~
./rp-private.h:39:25: note: expanded from macro 'LONG_MASK'
#define LONG_MASK (~(-1L<<LONG_SHIFT))
                     ~~~^
In file included from ./init.c:302:
./init_sieve.h:20:1: warning: shifting a negative signed value is undefined [-Wshift-negative-value]
CODE_INIT_SIEVE2(73)
^~~~~~~~~~~~~~~~~~~~
./init.c:135:15: note: expanded from macro 'CODE_INIT_SIEVE2'
      if((a & LONG_MASK) == 0) \
              ^~~~~~~~~
./rp-private.h:39:25: note: expanded from macro 'LONG_MASK'
#define LONG_MASK (~(-1L<<LONG_SHIFT))
                     ~~~^
In file included from ./init.c:302:
./init_sieve.h:21:1: warning: shifting a negative signed value is undefined [-Wshift-negative-value]
CODE_INIT_SIEVE2(79)
^~~~~~~~~~~~~~~~~~~~
./init.c:114:25: note: expanded from macro 'CODE_INIT_SIEVE2'
  long diff_shift = p & LONG_MASK; \
                        ^~~~~~~~~
./rp-private.h:39:25: note: expanded from macro 'LONG_MASK'
#define LONG_MASK (~(-1L<<LONG_SHIFT))
                     ~~~^
In file included from ./init.c:302:
./init_sieve.h:21:1: warning: shifting a negative signed value is undefined [-Wshift-negative-value]
CODE_INIT_SIEVE2(79)
^~~~~~~~~~~~~~~~~~~~
./init.c:135:15: note: expanded from macro 'CODE_INIT_SIEVE2'
      if((a & LONG_MASK) == 0) \
              ^~~~~~~~~
./rp-private.h:39:25: note: expanded from macro 'LONG_MASK'
#define LONG_MASK (~(-1L<<LONG_SHIFT))
                     ~~~^
make[2]: *** [Makefile:677: sift.lo] Error 1
In file included from ./init.c:302:
./init_sieve.h:22:1: warning: shifting a negative signed value is undefined [-Wshift-negative-value]
CODE_INIT_SIEVE2(83)
^~~~~~~~~~~~~~~~~~~~
./init.c:114:25: note: expanded from macro 'CODE_INIT_SIEVE2'
  long diff_shift = p & LONG_MASK; \
                        ^~~~~~~~~
./rp-private.h:39:25: note: expanded from macro 'LONG_MASK'
#define LONG_MASK (~(-1L<<LONG_SHIFT))
                     ~~~^
In file included from ./init.c:302:
./init_sieve.h:22:1: warning: shifting a negative signed value is undefined [-Wshift-negative-value]
CODE_INIT_SIEVE2(83)
^~~~~~~~~~~~~~~~~~~~
./init.c:135:15: note: expanded from macro 'CODE_INIT_SIEVE2'
      if((a & LONG_MASK) == 0) \
              ^~~~~~~~~
./rp-private.h:39:25: note: expanded from macro 'LONG_MASK'
#define LONG_MASK (~(-1L<<LONG_SHIFT))
                     ~~~^
In file included from ./init.c:302:
./init_sieve.h:23:1: warning: shifting a negative signed value is undefined [-Wshift-negative-value]
CODE_INIT_SIEVE2(89)
^~~~~~~~~~~~~~~~~~~~
./init.c:114:25: note: expanded from macro 'CODE_INIT_SIEVE2'
  long diff_shift = p & LONG_MASK; \
                        ^~~~~~~~~
./rp-private.h:39:25: note: expanded from macro 'LONG_MASK'
#define LONG_MASK (~(-1L<<LONG_SHIFT))
                     ~~~^
In file included from ./init.c:302:
./init_sieve.h:23:1: warning: shifting a negative signed value is undefined [-Wshift-negative-value]
CODE_INIT_SIEVE2(89)
^~~~~~~~~~~~~~~~~~~~
./init.c:135:15: note: expanded from macro 'CODE_INIT_SIEVE2'
      if((a & LONG_MASK) == 0) \
              ^~~~~~~~~
./rp-private.h:39:25: note: expanded from macro 'LONG_MASK'
#define LONG_MASK (~(-1L<<LONG_SHIFT))
                     ~~~^
In file included from ./init.c:302:
./init_sieve.h:24:1: warning: shifting a negative signed value is undefined [-Wshift-negative-value]
CODE_INIT_SIEVE2(97)
^~~~~~~~~~~~~~~~~~~~
./init.c:114:25: note: expanded from macro 'CODE_INIT_SIEVE2'
  long diff_shift = p & LONG_MASK; \
                        ^~~~~~~~~
./rp-private.h:39:25: note: expanded from macro 'LONG_MASK'
#define LONG_MASK (~(-1L<<LONG_SHIFT))
                     ~~~^
In file included from ./init.c:302:
./init_sieve.h:24:1: warning: shifting a negative signed value is undefined [-Wshift-negative-value]
CODE_INIT_SIEVE2(97)
^~~~~~~~~~~~~~~~~~~~
./init.c:135:15: note: expanded from macro 'CODE_INIT_SIEVE2'
      if((a & LONG_MASK) == 0) \
              ^~~~~~~~~
./rp-private.h:39:25: note: expanded from macro 'LONG_MASK'
#define LONG_MASK (~(-1L<<LONG_SHIFT))
                     ~~~^
In file included from ./init.c:302:
./init_sieve.h:25:1: warning: shifting a negative signed value is undefined [-Wshift-negative-value]
CODE_INIT_SIEVE2(101)
^~~~~~~~~~~~~~~~~~~~~
./init.c:114:25: note: expanded from macro 'CODE_INIT_SIEVE2'
  long diff_shift = p & LONG_MASK; \
                        ^~~~~~~~~
./rp-private.h:39:25: note: expanded from macro 'LONG_MASK'
#define LONG_MASK (~(-1L<<LONG_SHIFT))
                     ~~~^
In file included from ./init.c:302:
./init_sieve.h:25:1: warning: shifting a negative signed value is undefined [-Wshift-negative-value]
CODE_INIT_SIEVE2(101)
^~~~~~~~~~~~~~~~~~~~~
./init.c:135:15: note: expanded from macro 'CODE_INIT_SIEVE2'
      if((a & LONG_MASK) == 0) \
              ^~~~~~~~~
./rp-private.h:39:25: note: expanded from macro 'LONG_MASK'
#define LONG_MASK (~(-1L<<LONG_SHIFT))
                     ~~~^
In file included from ./init.c:302:
./init_sieve.h:26:1: warning: shifting a negative signed value is undefined [-Wshift-negative-value]
CODE_INIT_SIEVE2(103)
^~~~~~~~~~~~~~~~~~~~~
./init.c:114:25: note: expanded from macro 'CODE_INIT_SIEVE2'
  long diff_shift = p & LONG_MASK; \
                        ^~~~~~~~~
./rp-private.h:39:25: note: expanded from macro 'LONG_MASK'
#define LONG_MASK (~(-1L<<LONG_SHIFT))
                     ~~~^
In file included from ./init.c:302:
./init_sieve.h:26:1: warning: shifting a negative signed value is undefined [-Wshift-negative-value]
CODE_INIT_SIEVE2(103)
^~~~~~~~~~~~~~~~~~~~~
./init.c:135:15: note: expanded from macro 'CODE_INIT_SIEVE2'
      if((a & LONG_MASK) == 0) \
              ^~~~~~~~~
./rp-private.h:39:25: note: expanded from macro 'LONG_MASK'
#define LONG_MASK (~(-1L<<LONG_SHIFT))
                     ~~~^
In file included from ./init.c:302:
./init_sieve.h:27:1: warning: shifting a negative signed value is undefined [-Wshift-negative-value]
CODE_INIT_SIEVE2(107)
^~~~~~~~~~~~~~~~~~~~~
./init.c:114:25: note: expanded from macro 'CODE_INIT_SIEVE2'
  long diff_shift = p & LONG_MASK; \
                        ^~~~~~~~~
./rp-private.h:39:25: note: expanded from macro 'LONG_MASK'
#define LONG_MASK (~(-1L<<LONG_SHIFT))
                     ~~~^
In file included from ./init.c:302:
./init_sieve.h:27:1: warning: shifting a negative signed value is undefined [-Wshift-negative-value]
CODE_INIT_SIEVE2(107)
^~~~~~~~~~~~~~~~~~~~~
./init.c:135:15: note: expanded from macro 'CODE_INIT_SIEVE2'
      if((a & LONG_MASK) == 0) \
              ^~~~~~~~~
./rp-private.h:39:25: note: expanded from macro 'LONG_MASK'
#define LONG_MASK (~(-1L<<LONG_SHIFT))
                     ~~~^
In file included from ./init.c:302:
./init_sieve.h:28:1: warning: shifting a negative signed value is undefined [-Wshift-negative-value]
CODE_INIT_SIEVE2(109)
^~~~~~~~~~~~~~~~~~~~~
./init.c:114:25: note: expanded from macro 'CODE_INIT_SIEVE2'
  long diff_shift = p & LONG_MASK; \
                        ^~~~~~~~~
./rp-private.h:39:25: note: expanded from macro 'LONG_MASK'
#define LONG_MASK (~(-1L<<LONG_SHIFT))
                     ~~~^
In file included from ./init.c:302:
./init_sieve.h:28:1: warning: shifting a negative signed value is undefined [-Wshift-negative-value]
CODE_INIT_SIEVE2(109)
^~~~~~~~~~~~~~~~~~~~~
./init.c:135:15: note: expanded from macro 'CODE_INIT_SIEVE2'
      if((a & LONG_MASK) == 0) \
              ^~~~~~~~~
./rp-private.h:39:25: note: expanded from macro 'LONG_MASK'
#define LONG_MASK (~(-1L<<LONG_SHIFT))
                     ~~~^
In file included from ./init.c:302:
./init_sieve.h:29:1: warning: shifting a negative signed value is undefined [-Wshift-negative-value]
CODE_INIT_SIEVE2(113)
^~~~~~~~~~~~~~~~~~~~~
./init.c:114:25: note: expanded from macro 'CODE_INIT_SIEVE2'
  long diff_shift = p & LONG_MASK; \
                        ^~~~~~~~~
./rp-private.h:39:25: note: expanded from macro 'LONG_MASK'
#define LONG_MASK (~(-1L<<LONG_SHIFT))
                     ~~~^
In file included from ./init.c:302:
./init_sieve.h:29:1: warning: shifting a negative signed value is undefined [-Wshift-negative-value]
CODE_INIT_SIEVE2(113)
^~~~~~~~~~~~~~~~~~~~~
./init.c:135:15: note: expanded from macro 'CODE_INIT_SIEVE2'
      if((a & LONG_MASK) == 0) \
              ^~~~~~~~~
./rp-private.h:39:25: note: expanded from macro 'LONG_MASK'
#define LONG_MASK (~(-1L<<LONG_SHIFT))
                     ~~~^
In file included from ./init.c:302:
./init_sieve.h:30:1: warning: shifting a negative signed value is undefined [-Wshift-negative-value]
CODE_INIT_SIEVE2(127)
^~~~~~~~~~~~~~~~~~~~~
./init.c:114:25: note: expanded from macro 'CODE_INIT_SIEVE2'
  long diff_shift = p & LONG_MASK; \
                        ^~~~~~~~~
./rp-private.h:39:25: note: expanded from macro 'LONG_MASK'
#define LONG_MASK (~(-1L<<LONG_SHIFT))
                     ~~~^
In file included from ./init.c:302:
./init_sieve.h:30:1: warning: shifting a negative signed value is undefined [-Wshift-negative-value]
CODE_INIT_SIEVE2(127)
^~~~~~~~~~~~~~~~~~~~~
./init.c:135:15: note: expanded from macro 'CODE_INIT_SIEVE2'
      if((a & LONG_MASK) == 0) \
              ^~~~~~~~~
./rp-private.h:39:25: note: expanded from macro 'LONG_MASK'
#define LONG_MASK (~(-1L<<LONG_SHIFT))
                     ~~~^
libtool: compile:  gcc -DPACKAGE_NAME=\"ratpoints\" -DPACKAGE_TARNAME=\"ratpoints\" -DPACKAGE_VERSION=\"2.1.3\" "-DPACKAGE_STRING=\"ratpoints 2.1.3\"" -DPACKAGE_BUGREPORT=\"\" -DPACKAGE_URL=\"\" -DPACKAGE=\"ratpoints\" -DVERSION=\"2.1.3\" -DSTDC_HEADERS=1 -DHAVE_SYS_TYPES_H=1 -DHAVE_SYS_STAT_H=1 -DHAVE_STDLIB_H=1 -DHAVE_STRING_H=1 -DHAVE_MEMORY_H=1 -DHAVE_STRINGS_H=1 -DHAVE_INTTYPES_H=1 -DHAVE_STDINT_H=1 -DHAVE_UNISTD_H=1 -DHAVE_DLFCN_H=1 -DLT_OBJDIR=\".libs/\" -I. -I. -Wdate-time -D_FORTIFY_SOURCE=2 -DRATPOINTS_MAX_BITS_IN_PRIME=7 -DUSE_SSE -g -O2 -fdebug-prefix-map=/<<PKGBUILDDIR>>=. -fstack-protector-strong -Wformat -Werror=format-security -Wall -O2 -fomit-frame-pointer -funroll-loops -c ./find_points.c  -fPIC -DPIC -o .libs/find_points.o
./find_points.c:196:22: warning: absolute value function 'abs' given an argument of type 'long' but has parameter of type 'int' which may cause truncation of value [-Wabsolute-value]
  unsigned long qn = abs(n);
                     ^
./find_points.c:196:22: note: use function 'labs' instead
  unsigned long qn = abs(n);
                     ^~~
                     labs
./find_points.c:1831:34: warning: shifting a negative signed value is undefined [-Wshift-negative-value]
          b_bits >>= (b_low-1) & LONG_MASK;
                                 ^~~~~~~~~
./rp-private.h:39:25: note: expanded from macro 'LONG_MASK'
#define LONG_MASK (~(-1L<<LONG_SHIFT))
                     ~~~^
./find_points.c:1842:19: warning: shifting a negative signed value is undefined [-Wshift-negative-value]
          if((b & LONG_MASK) == 0)
                  ^~~~~~~~~
./rp-private.h:39:25: note: expanded from macro 'LONG_MASK'
#define LONG_MASK (~(-1L<<LONG_SHIFT))
                     ~~~^
43 warnings generated.
libtool: compile:  gcc -DPACKAGE_NAME=\"ratpoints\" -DPACKAGE_TARNAME=\"ratpoints\" -DPACKAGE_VERSION=\"2.1.3\" "-DPACKAGE_STRING=\"ratpoints 2.1.3\"" -DPACKAGE_BUGREPORT=\"\" -DPACKAGE_URL=\"\" -DPACKAGE=\"ratpoints\" -DVERSION=\"2.1.3\" -DSTDC_HEADERS=1 -DHAVE_SYS_TYPES_H=1 -DHAVE_SYS_STAT_H=1 -DHAVE_STDLIB_H=1 -DHAVE_STRING_H=1 -DHAVE_MEMORY_H=1 -DHAVE_STRINGS_H=1 -DHAVE_INTTYPES_H=1 -DHAVE_STDINT_H=1 -DHAVE_UNISTD_H=1 -DHAVE_DLFCN_H=1 -DLT_OBJDIR=\".libs/\" -I. -I. -Wdate-time -D_FORTIFY_SOURCE=2 -DRATPOINTS_MAX_BITS_IN_PRIME=7 -DUSE_SSE -g -O2 -fdebug-prefix-map=/<<PKGBUILDDIR>>=. -fstack-protector-strong -Wformat -Werror=format-security -Wall -O2 -fomit-frame-pointer -funroll-loops -c ./init.c -o init.o >/dev/null 2>&1
3 warnings generated.
libtool: compile:  gcc -DPACKAGE_NAME=\"ratpoints\" -DPACKAGE_TARNAME=\"ratpoints\" -DPACKAGE_VERSION=\"2.1.3\" "-DPACKAGE_STRING=\"ratpoints 2.1.3\"" -DPACKAGE_BUGREPORT=\"\" -DPACKAGE_URL=\"\" -DPACKAGE=\"ratpoints\" -DVERSION=\"2.1.3\" -DSTDC_HEADERS=1 -DHAVE_SYS_TYPES_H=1 -DHAVE_SYS_STAT_H=1 -DHAVE_STDLIB_H=1 -DHAVE_STRING_H=1 -DHAVE_MEMORY_H=1 -DHAVE_STRINGS_H=1 -DHAVE_INTTYPES_H=1 -DHAVE_STDINT_H=1 -DHAVE_UNISTD_H=1 -DHAVE_DLFCN_H=1 -DLT_OBJDIR=\".libs/\" -I. -I. -Wdate-time -D_FORTIFY_SOURCE=2 -DRATPOINTS_MAX_BITS_IN_PRIME=7 -DUSE_SSE -g -O2 -fdebug-prefix-map=/<<PKGBUILDDIR>>=. -fstack-protector-strong -Wformat -Werror=format-security -Wall -O2 -fomit-frame-pointer -funroll-loops -c ./find_points.c -o find_points.o >/dev/null 2>&1
make[2]: Leaving directory '/<<PKGBUILDDIR>>'
make[1]: *** [Makefile:471: all] Error 2
make[1]: Leaving directory '/<<PKGBUILDDIR>>'
dh_auto_build: error: make -j4 returned exit code 2
make: *** [debian/rules:6: build] Error 25
dpkg-buildpackage: error: debian/rules build subprocess returned exit status 2
--------------------------------------------------------------------------------
Build finished at 2020-02-25T18:09:17Z

Finished
--------


+------------------------------------------------------------------------------+
| Cleanup                                                                      |
+------------------------------------------------------------------------------+

Purging /<<BUILDDIR>>
Not cleaning session: cloned chroot in use
E: Build failure (dpkg-buildpackage died)

+------------------------------------------------------------------------------+
| Summary                                                                      |
+------------------------------------------------------------------------------+

Build Architecture: amd64
Build Type: binary
Build-Space: 4332
Build-Time: 9
Distribution: unstable
Fail-Stage: build
Host Architecture: amd64
Install-Time: 4
Job: ratpoints_1:2.1.3-1
Machine Architecture: amd64
Package: ratpoints
Package-Time: 31
Source-Version: 1:2.1.3-1
Space: 4332
Status: attempted
Version: 1:2.1.3-1
--------------------------------------------------------------------------------
Finished at 2020-02-25T18:09:17Z
Build needed 00:00:31, 4332k disk space
E: Build failure (dpkg-buildpackage died)
DC-Status: Failed 31.441382203s
DC-Time-Estimation: 31.441382203 versus expected 92 (r/m: 1.9260800115594714 ; m: 31.441382203)
