DC-Build-Header: razercfg 0.41+ds-1 / 2020-02-25 05:59:50 +0000
DC-Task: type:rebuild-binarch-only source:razercfg version:0.41+ds-1 chroot:unstable esttime:58 logfile:/tmp/razercfg_0.41+ds-1_unstable_clang10.log modes:clang10:binarch-only
DC-Sbuild-call: su user42 -c 'sbuild -n --arch-any --apt-update -d unstable -v --no-run-lintian --chroot-setup-commands=/tmp/clang10 razercfg_0.41+ds-1'
sbuild (Debian sbuild) 0.78.1 (09 February 2019) on ip-172-31-2-35.eu-central-1.compute.internal

+==============================================================================+
| razercfg 0.41+ds-1 (amd64)                   Tue, 25 Feb 2020 05:59:51 +0000 |
+==============================================================================+

Package: razercfg
Version: 0.41+ds-1
Source Version: 0.41+ds-1
Distribution: unstable
Machine Architecture: amd64
Host Architecture: amd64
Build Architecture: amd64
Build Type: binary

I: NOTICE: Log filtering will replace 'var/run/schroot/mount/sid-amd64-sbuild-076ef19b-56a7-40c5-88a5-a39f349d4be9' with '<<CHROOT>>'

+------------------------------------------------------------------------------+
| Chroot Setup Commands                                                        |
+------------------------------------------------------------------------------+


/tmp/clang10
------------

+ echo 'Entering customization script...'
Entering customization script...
+ CLANG_VERSION=10
+ echo 'Install of clang-10'
Install of clang-10
+ apt-get update
Get:1 http://127.0.0.1:12990/debian sid InRelease [142 kB]
Get:2 http://127.0.0.1:12990/debian sid/main Sources.diff/Index [27.9 kB]
Get:3 http://127.0.0.1:12990/debian sid/main amd64 Packages.diff/Index [27.9 kB]
Get:4 http://127.0.0.1:12990/debian sid/main Sources 2020-02-24-0823.32.pdiff [11.0 kB]
Get:5 http://127.0.0.1:12990/debian sid/main Sources 2020-02-24-1420.34.pdiff [30.2 kB]
Get:6 http://127.0.0.1:12990/debian sid/main Sources 2020-02-24-2014.03.pdiff [16.9 kB]
Get:7 http://127.0.0.1:12990/debian sid/main Sources 2020-02-25-0213.11.pdiff [23.2 kB]
Get:8 http://127.0.0.1:12990/debian sid/main amd64 Packages 2020-02-24-0823.32.pdiff [15.5 kB]
Get:7 http://127.0.0.1:12990/debian sid/main Sources 2020-02-25-0213.11.pdiff [23.2 kB]
Get:9 http://127.0.0.1:12990/debian sid/main amd64 Packages 2020-02-24-1420.34.pdiff [27.5 kB]
Get:10 http://127.0.0.1:12990/debian sid/main amd64 Packages 2020-02-24-2014.03.pdiff [21.6 kB]
Get:11 http://127.0.0.1:12990/debian sid/main amd64 Packages 2020-02-25-0213.11.pdiff [35.0 kB]
Get:11 http://127.0.0.1:12990/debian sid/main amd64 Packages 2020-02-25-0213.11.pdiff [35.0 kB]
Get:12 http://127.0.0.1:12990/debian sid/main Translation-en [6193 kB]
Fetched 6572 kB in 3s (2535 kB/s)
Reading package lists...
+ apt-get install --yes --no-install-recommends --force-yes clang-10 libomp-10-dev libobjc-9-dev
Reading package lists...
Building dependency tree...
The following additional packages will be installed:
  lib32gcc-s1 lib32gcc1 lib32stdc++6 libbsd0 libc6-i386 libclang-common-10-dev
  libclang-cpp10 libclang1-10 libedit2 libgc1c2 libllvm10 libobjc4 libomp5-10
  libz3-4
Suggested packages:
  clang-10-doc libomp-10-doc
Recommended packages:
  llvm-10-dev python3
The following NEW packages will be installed:
  clang-10 lib32gcc-s1 lib32gcc1 lib32stdc++6 libbsd0 libc6-i386
  libclang-common-10-dev libclang-cpp10 libclang1-10 libedit2 libgc1c2
  libllvm10 libobjc-9-dev libobjc4 libomp-10-dev libomp5-10 libz3-4
0 upgraded, 17 newly installed, 0 to remove and 2 not upgraded.
Need to get 46.4 MB of archives.
After this operation, 238 MB of additional disk space will be used.
Get:1 http://127.0.0.1:12990/debian sid/main amd64 libbsd0 amd64 0.10.0-1 [107 kB]
Get:2 http://127.0.0.1:12990/debian sid/main amd64 libedit2 amd64 3.1-20191231-1 [95.4 kB]
Get:3 http://127.0.0.1:12990/debian sid/main amd64 libz3-4 amd64 4.8.7-4 [6790 kB]
Get:4 http://127.0.0.1:12990/debian sid/main amd64 libllvm10 amd64 1:10.0.0~+rc2-1 [15.5 MB]
Get:5 http://127.0.0.1:12990/debian sid/main amd64 libclang-cpp10 amd64 1:10.0.0~+rc2-1 [9069 kB]
Get:6 http://127.0.0.1:12990/debian sid/main amd64 libgc1c2 amd64 1:7.6.4-0.4 [224 kB]
Get:7 http://127.0.0.1:12990/debian sid/main amd64 libobjc4 amd64 10-20200222-1 [41.6 kB]
Get:8 http://127.0.0.1:12990/debian sid/main amd64 libobjc-9-dev amd64 9.2.1-29 [219 kB]
Get:9 http://127.0.0.1:12990/debian sid/main amd64 libc6-i386 amd64 2.29-10 [2918 kB]
Get:10 http://127.0.0.1:12990/debian sid/main amd64 lib32gcc-s1 amd64 10-20200222-1 [49.4 kB]
Get:11 http://127.0.0.1:12990/debian sid/main amd64 lib32gcc1 amd64 1:10-20200222-1 [1104 B]
Get:12 http://127.0.0.1:12990/debian sid/main amd64 lib32stdc++6 amd64 10-20200222-1 [510 kB]
Get:13 http://127.0.0.1:12990/debian sid/main amd64 libclang-common-10-dev amd64 1:10.0.0~+rc2-1 [2782 kB]
Get:14 http://127.0.0.1:12990/debian sid/main amd64 libclang1-10 amd64 1:10.0.0~+rc2-1 [7607 kB]
Get:15 http://127.0.0.1:12990/debian sid/main amd64 clang-10 amd64 1:10.0.0~+rc2-1 [103 kB]
Get:16 http://127.0.0.1:12990/debian sid/main amd64 libomp5-10 amd64 1:10.0.0~+rc2-1 [337 kB]
Get:17 http://127.0.0.1:12990/debian sid/main amd64 libomp-10-dev amd64 1:10.0.0~+rc2-1 [84.3 kB]
debconf: delaying package configuration, since apt-utils is not installed
Fetched 46.4 MB in 3s (18.1 MB/s)
Selecting previously unselected package libbsd0:amd64.
(Reading database ... (Reading database ... 5%(Reading database ... 10%(Reading database ... 15%(Reading database ... 20%(Reading database ... 25%(Reading database ... 30%(Reading database ... 35%(Reading database ... 40%(Reading database ... 45%(Reading database ... 50%(Reading database ... 55%(Reading database ... 60%(Reading database ... 65%(Reading database ... 70%(Reading database ... 75%(Reading database ... 80%(Reading database ... 85%(Reading database ... 90%(Reading database ... 95%(Reading database ... 100%(Reading database ... 12119 files and directories currently installed.)
Preparing to unpack .../00-libbsd0_0.10.0-1_amd64.deb ...
Unpacking libbsd0:amd64 (0.10.0-1) ...
Selecting previously unselected package libedit2:amd64.
Preparing to unpack .../01-libedit2_3.1-20191231-1_amd64.deb ...
Unpacking libedit2:amd64 (3.1-20191231-1) ...
Selecting previously unselected package libz3-4:amd64.
Preparing to unpack .../02-libz3-4_4.8.7-4_amd64.deb ...
Unpacking libz3-4:amd64 (4.8.7-4) ...
Selecting previously unselected package libllvm10:amd64.
Preparing to unpack .../03-libllvm10_1%3a10.0.0~+rc2-1_amd64.deb ...
Unpacking libllvm10:amd64 (1:10.0.0~+rc2-1) ...
Selecting previously unselected package libclang-cpp10.
Preparing to unpack .../04-libclang-cpp10_1%3a10.0.0~+rc2-1_amd64.deb ...
Unpacking libclang-cpp10 (1:10.0.0~+rc2-1) ...
Selecting previously unselected package libgc1c2:amd64.
Preparing to unpack .../05-libgc1c2_1%3a7.6.4-0.4_amd64.deb ...
Unpacking libgc1c2:amd64 (1:7.6.4-0.4) ...
Selecting previously unselected package libobjc4:amd64.
Preparing to unpack .../06-libobjc4_10-20200222-1_amd64.deb ...
Unpacking libobjc4:amd64 (10-20200222-1) ...
Selecting previously unselected package libobjc-9-dev:amd64.
Preparing to unpack .../07-libobjc-9-dev_9.2.1-29_amd64.deb ...
Unpacking libobjc-9-dev:amd64 (9.2.1-29) ...
Selecting previously unselected package libc6-i386.
Preparing to unpack .../08-libc6-i386_2.29-10_amd64.deb ...
Unpacking libc6-i386 (2.29-10) ...
Selecting previously unselected package lib32gcc-s1.
Preparing to unpack .../09-lib32gcc-s1_10-20200222-1_amd64.deb ...
Unpacking lib32gcc-s1 (10-20200222-1) ...
Selecting previously unselected package lib32gcc1.
Preparing to unpack .../10-lib32gcc1_1%3a10-20200222-1_amd64.deb ...
Unpacking lib32gcc1 (1:10-20200222-1) ...
Selecting previously unselected package lib32stdc++6.
Preparing to unpack .../11-lib32stdc++6_10-20200222-1_amd64.deb ...
Unpacking lib32stdc++6 (10-20200222-1) ...
Selecting previously unselected package libclang-common-10-dev.
Preparing to unpack .../12-libclang-common-10-dev_1%3a10.0.0~+rc2-1_amd64.deb ...
Unpacking libclang-common-10-dev (1:10.0.0~+rc2-1) ...
Selecting previously unselected package libclang1-10.
Preparing to unpack .../13-libclang1-10_1%3a10.0.0~+rc2-1_amd64.deb ...
Unpacking libclang1-10 (1:10.0.0~+rc2-1) ...
Selecting previously unselected package clang-10.
Preparing to unpack .../14-clang-10_1%3a10.0.0~+rc2-1_amd64.deb ...
Unpacking clang-10 (1:10.0.0~+rc2-1) ...
Selecting previously unselected package libomp5-10:amd64.
Preparing to unpack .../15-libomp5-10_1%3a10.0.0~+rc2-1_amd64.deb ...
Unpacking libomp5-10:amd64 (1:10.0.0~+rc2-1) ...
Selecting previously unselected package libomp-10-dev.
Preparing to unpack .../16-libomp-10-dev_1%3a10.0.0~+rc2-1_amd64.deb ...
Unpacking libomp-10-dev (1:10.0.0~+rc2-1) ...
Setting up libgc1c2:amd64 (1:7.6.4-0.4) ...
Setting up libobjc4:amd64 (10-20200222-1) ...
Setting up libz3-4:amd64 (4.8.7-4) ...
Setting up libobjc-9-dev:amd64 (9.2.1-29) ...
Setting up libomp5-10:amd64 (1:10.0.0~+rc2-1) ...
Setting up libc6-i386 (2.29-10) ...
Setting up libbsd0:amd64 (0.10.0-1) ...
Setting up libomp-10-dev (1:10.0.0~+rc2-1) ...
Setting up libedit2:amd64 (3.1-20191231-1) ...
Setting up libllvm10:amd64 (1:10.0.0~+rc2-1) ...
Setting up lib32gcc-s1 (10-20200222-1) ...
Setting up libclang1-10 (1:10.0.0~+rc2-1) ...
Setting up lib32gcc1 (1:10-20200222-1) ...
Setting up libclang-cpp10 (1:10.0.0~+rc2-1) ...
Setting up lib32stdc++6 (10-20200222-1) ...
Setting up libclang-common-10-dev (1:10.0.0~+rc2-1) ...
Setting up clang-10 (1:10.0.0~+rc2-1) ...
Processing triggers for libc-bin (2.29-10) ...
W: --force-yes is deprecated, use one of the options starting with --allow instead.
+ echo 'Replace gcc, g++ & cpp by clang'
Replace gcc, g++ & cpp by clang
+ VERSIONS='4.6 4.7 4.8 4.9 5 6 7 8 9 10'
+ cd /usr/bin
+ for VERSION in $VERSIONS
+ rm -f g++-4.6 gcc-4.6 cpp-4.6 gcc
+ ln -s clang++-10 g++-4.6
+ ln -s clang-10 gcc-4.6
+ ln -s clang-10 cpp-4.6
+ ln -s clang-10 gcc
+ echo 'gcc-4.6 hold'
+ dpkg --set-selections
dpkg: warning: package not in status nor available database at line 1: gcc-4.6
dpkg: warning: found unknown packages; this might mean the available database
is outdated, and needs to be updated through a frontend method;
please see the FAQ <https://wiki.debian.org/Teams/Dpkg/FAQ>
+ echo 'g++-4.6 hold'
+ dpkg --set-selections
dpkg: warning: package not in status nor available database at line 1: g++-4.6
dpkg: warning: found unknown packages; this might mean the available database
is outdated, and needs to be updated through a frontend method;
please see the FAQ <https://wiki.debian.org/Teams/Dpkg/FAQ>
+ for VERSION in $VERSIONS
+ rm -f g++-4.7 gcc-4.7 cpp-4.7 gcc
+ ln -s clang++-10 g++-4.7
+ ln -s clang-10 gcc-4.7
+ ln -s clang-10 cpp-4.7
+ ln -s clang-10 gcc
+ echo 'gcc-4.7 hold'
+ dpkg --set-selections
dpkg: warning: package not in status nor available database at line 1: gcc-4.7
dpkg: warning: found unknown packages; this might mean the available database
is outdated, and needs to be updated through a frontend method;
please see the FAQ <https://wiki.debian.org/Teams/Dpkg/FAQ>
+ echo 'g++-4.7 hold'
+ dpkg --set-selections
dpkg: warning: package not in status nor available database at line 1: g++-4.7
dpkg: warning: found unknown packages; this might mean the available database
is outdated, and needs to be updated through a frontend method;
please see the FAQ <https://wiki.debian.org/Teams/Dpkg/FAQ>
+ for VERSION in $VERSIONS
+ rm -f g++-4.8 gcc-4.8 cpp-4.8 gcc
+ ln -s clang++-10 g++-4.8
+ ln -s clang-10 gcc-4.8
+ ln -s clang-10 cpp-4.8
+ ln -s clang-10 gcc
+ echo 'gcc-4.8 hold'
+ dpkg --set-selections
dpkg: warning: package not in status nor available database at line 1: gcc-4.8
dpkg: warning: found unknown packages; this might mean the available database
is outdated, and needs to be updated through a frontend method;
please see the FAQ <https://wiki.debian.org/Teams/Dpkg/FAQ>
+ echo 'g++-4.8 hold'
+ dpkg --set-selections
dpkg: warning: package not in status nor available database at line 1: g++-4.8
dpkg: warning: found unknown packages; this might mean the available database
is outdated, and needs to be updated through a frontend method;
please see the FAQ <https://wiki.debian.org/Teams/Dpkg/FAQ>
+ for VERSION in $VERSIONS
+ rm -f g++-4.9 gcc-4.9 cpp-4.9 gcc
+ ln -s clang++-10 g++-4.9
+ ln -s clang-10 gcc-4.9
+ ln -s clang-10 cpp-4.9
+ ln -s clang-10 gcc
+ echo 'gcc-4.9 hold'
+ dpkg --set-selections
dpkg: warning: package not in status nor available database at line 1: gcc-4.9
dpkg: warning: found unknown packages; this might mean the available database
is outdated, and needs to be updated through a frontend method;
please see the FAQ <https://wiki.debian.org/Teams/Dpkg/FAQ>
+ dpkg --set-selections
+ echo 'g++-4.9 hold'
dpkg: warning: package not in status nor available database at line 1: g++-4.9
dpkg: warning: found unknown packages; this might mean the available database
is outdated, and needs to be updated through a frontend method;
please see the FAQ <https://wiki.debian.org/Teams/Dpkg/FAQ>
+ for VERSION in $VERSIONS
+ rm -f g++-5 gcc-5 cpp-5 gcc
+ ln -s clang++-10 g++-5
+ ln -s clang-10 gcc-5
+ ln -s clang-10 cpp-5
+ ln -s clang-10 gcc
+ echo 'gcc-5 hold'
+ dpkg --set-selections
dpkg: warning: package not in status nor available database at line 1: gcc-5
dpkg: warning: found unknown packages; this might mean the available database
is outdated, and needs to be updated through a frontend method;
please see the FAQ <https://wiki.debian.org/Teams/Dpkg/FAQ>
+ echo 'g++-5 hold'
+ dpkg --set-selections
dpkg: warning: package not in status nor available database at line 1: g++-5
dpkg: warning: found unknown packages; this might mean the available database
is outdated, and needs to be updated through a frontend method;
please see the FAQ <https://wiki.debian.org/Teams/Dpkg/FAQ>
+ for VERSION in $VERSIONS
+ rm -f g++-6 gcc-6 cpp-6 gcc
+ ln -s clang++-10 g++-6
+ ln -s clang-10 gcc-6
+ ln -s clang-10 cpp-6
+ ln -s clang-10 gcc
+ echo 'gcc-6 hold'
+ dpkg --set-selections
dpkg: warning: package not in status nor available database at line 1: gcc-6
dpkg: warning: found unknown packages; this might mean the available database
is outdated, and needs to be updated through a frontend method;
please see the FAQ <https://wiki.debian.org/Teams/Dpkg/FAQ>
+ echo 'g++-6 hold'
+ dpkg --set-selections
dpkg: warning: package not in status nor available database at line 1: g++-6
dpkg: warning: found unknown packages; this might mean the available database
is outdated, and needs to be updated through a frontend method;
please see the FAQ <https://wiki.debian.org/Teams/Dpkg/FAQ>
+ for VERSION in $VERSIONS
+ rm -f g++-7 gcc-7 cpp-7 gcc
+ ln -s clang++-10 g++-7
+ ln -s clang-10 gcc-7
+ ln -s clang-10 cpp-7
+ ln -s clang-10 gcc
+ echo 'gcc-7 hold'
+ dpkg --set-selections
dpkg: warning: package not in status nor available database at line 1: gcc-7
dpkg: warning: found unknown packages; this might mean the available database
is outdated, and needs to be updated through a frontend method;
please see the FAQ <https://wiki.debian.org/Teams/Dpkg/FAQ>
+ echo 'g++-7 hold'
+ dpkg --set-selections
dpkg: warning: package not in status nor available database at line 1: g++-7
dpkg: warning: found unknown packages; this might mean the available database
is outdated, and needs to be updated through a frontend method;
please see the FAQ <https://wiki.debian.org/Teams/Dpkg/FAQ>
+ for VERSION in $VERSIONS
+ rm -f g++-8 gcc-8 cpp-8 gcc
+ ln -s clang++-10 g++-8
+ ln -s clang-10 gcc-8
+ ln -s clang-10 cpp-8
+ ln -s clang-10 gcc
+ echo 'gcc-8 hold'
+ dpkg --set-selections
dpkg: warning: package not in status nor available database at line 1: gcc-8
dpkg: warning: found unknown packages; this might mean the available database
is outdated, and needs to be updated through a frontend method;
please see the FAQ <https://wiki.debian.org/Teams/Dpkg/FAQ>
+ echo 'g++-8 hold'
+ dpkg --set-selections
dpkg: warning: package not in status nor available database at line 1: g++-8
dpkg: warning: found unknown packages; this might mean the available database
is outdated, and needs to be updated through a frontend method;
please see the FAQ <https://wiki.debian.org/Teams/Dpkg/FAQ>
+ for VERSION in $VERSIONS
+ rm -f g++-9 gcc-9 cpp-9 gcc
+ ln -s clang++-10 g++-9
+ ln -s clang-10 gcc-9
+ ln -s clang-10 cpp-9
+ ln -s clang-10 gcc
+ dpkg --set-selections
+ echo 'gcc-9 hold'
+ dpkg --set-selections
+ echo 'g++-9 hold'
+ for VERSION in $VERSIONS
+ rm -f g++-10 gcc-10 cpp-10 gcc
+ ln -s clang++-10 g++-10
+ ln -s clang-10 gcc-10
+ ln -s clang-10 cpp-10
+ ln -s clang-10 gcc
+ echo 'gcc-10 hold'
+ dpkg --set-selections
dpkg: warning: package not in status nor available database at line 1: gcc-10
dpkg: warning: found unknown packages; this might mean the available database
is outdated, and needs to be updated through a frontend method;
please see the FAQ <https://wiki.debian.org/Teams/Dpkg/FAQ>
+ echo 'g++-10 hold'
+ dpkg --set-selections
dpkg: warning: package not in status nor available database at line 1: g++-10
dpkg: warning: found unknown packages; this might mean the available database
is outdated, and needs to be updated through a frontend method;
please see the FAQ <https://wiki.debian.org/Teams/Dpkg/FAQ>
+ cd -
/build/razercfg-xyNG89
+ echo 'Check if gcc, g++ & cpp are actually clang'
Check if gcc, g++ & cpp are actually clang
+ gcc --version
+ grep clang
+ cpp --version
+ grep clang
+ g++ --version
+ grep clang

I: Finished running '/tmp/clang10'.

Finished processing commands.
--------------------------------------------------------------------------------
I: NOTICE: Log filtering will replace 'build/razercfg-xyNG89/resolver-M54ZXH' with '<<RESOLVERDIR>>'

+------------------------------------------------------------------------------+
| Update chroot                                                                |
+------------------------------------------------------------------------------+

Hit:1 http://127.0.0.1:12990/debian sid InRelease
Reading package lists...
Reading package lists...
Building dependency tree...
Reading state information...
Calculating upgrade...
The following packages will be upgraded:
  libgmp10 zlib1g
2 upgraded, 0 newly installed, 0 to remove and 0 not upgraded.
Need to get 343 kB of archives.
After this operation, 0 B of additional disk space will be used.
Get:1 http://127.0.0.1:12990/debian sid/main amd64 libgmp10 amd64 2:6.2.0+dfsg-4 [253 kB]
Get:2 http://127.0.0.1:12990/debian sid/main amd64 zlib1g amd64 1:1.2.11.dfsg-2 [90.4 kB]
debconf: delaying package configuration, since apt-utils is not installed
Fetched 343 kB in 1s (455 kB/s)
(Reading database ... (Reading database ... 5%(Reading database ... 10%(Reading database ... 15%(Reading database ... 20%(Reading database ... 25%(Reading database ... 30%(Reading database ... 35%(Reading database ... 40%(Reading database ... 45%(Reading database ... 50%(Reading database ... 55%(Reading database ... 60%(Reading database ... 65%(Reading database ... 70%(Reading database ... 75%(Reading database ... 80%(Reading database ... 85%(Reading database ... 90%(Reading database ... 95%(Reading database ... 100%(Reading database ... 12960 files and directories currently installed.)
Preparing to unpack .../libgmp10_2%3a6.2.0+dfsg-4_amd64.deb ...
Unpacking libgmp10:amd64 (2:6.2.0+dfsg-4) over (2:6.2.0+dfsg-3) ...
Setting up libgmp10:amd64 (2:6.2.0+dfsg-4) ...
(Reading database ... (Reading database ... 5%(Reading database ... 10%(Reading database ... 15%(Reading database ... 20%(Reading database ... 25%(Reading database ... 30%(Reading database ... 35%(Reading database ... 40%(Reading database ... 45%(Reading database ... 50%(Reading database ... 55%(Reading database ... 60%(Reading database ... 65%(Reading database ... 70%(Reading database ... 75%(Reading database ... 80%(Reading database ... 85%(Reading database ... 90%(Reading database ... 95%(Reading database ... 100%(Reading database ... 12960 files and directories currently installed.)
Preparing to unpack .../zlib1g_1%3a1.2.11.dfsg-2_amd64.deb ...
Unpacking zlib1g:amd64 (1:1.2.11.dfsg-2) over (1:1.2.11.dfsg-1.2) ...
Setting up zlib1g:amd64 (1:1.2.11.dfsg-2) ...
Processing triggers for libc-bin (2.29-10) ...

+------------------------------------------------------------------------------+
| Fetch source files                                                           |
+------------------------------------------------------------------------------+


Check APT
---------

Checking available source versions...

Download source files with APT
------------------------------

Reading package lists...
NOTICE: 'razercfg' packaging is maintained in the 'Git' version control system at:
https://github.com/bluca/razercfg-debian
Please use:
git clone https://github.com/bluca/razercfg-debian
to retrieve the latest (possibly unreleased) updates to the package.
Need to get 110 kB of source archives.
Get:1 http://127.0.0.1:12990/debian sid/main razercfg 0.41+ds-1 (dsc) [1699 B]
Get:2 http://127.0.0.1:12990/debian sid/main razercfg 0.41+ds-1 (tar) [97.9 kB]
Get:3 http://127.0.0.1:12990/debian sid/main razercfg 0.41+ds-1 (diff) [10.4 kB]
Fetched 110 kB in 0s (693 kB/s)
Download complete and in download only mode
I: NOTICE: Log filtering will replace 'build/razercfg-xyNG89/razercfg-0.41+ds' with '<<PKGBUILDDIR>>'
I: NOTICE: Log filtering will replace 'build/razercfg-xyNG89' with '<<BUILDDIR>>'

+------------------------------------------------------------------------------+
| Install package build dependencies                                           |
+------------------------------------------------------------------------------+


Setup apt archive
-----------------

Merged Build-Depends: debhelper (>= 10), cmake, libusb-1.0-0-dev, pkg-config, python3-dev, dh-python, systemd, udev, build-essential, fakeroot
Filtered Build-Depends: debhelper (>= 10), cmake, libusb-1.0-0-dev, pkg-config, python3-dev, dh-python, systemd, udev, build-essential, fakeroot
dpkg-deb: building package 'sbuild-build-depends-main-dummy' in '/<<RESOLVERDIR>>/apt_archive/sbuild-build-depends-main-dummy.deb'.
Ign:1 copy:/<<RESOLVERDIR>>/apt_archive ./ InRelease
Get:2 copy:/<<RESOLVERDIR>>/apt_archive ./ Release [957 B]
Ign:3 copy:/<<RESOLVERDIR>>/apt_archive ./ Release.gpg
Get:4 copy:/<<RESOLVERDIR>>/apt_archive ./ Sources [413 B]
Get:5 copy:/<<RESOLVERDIR>>/apt_archive ./ Packages [489 B]
Fetched 1859 B in 0s (0 B/s)
Reading package lists...
Reading package lists...

Install main build dependencies (apt-based resolver)
----------------------------------------------------

Installing build dependencies
Reading package lists...
Building dependency tree...
Reading state information...
The following additional packages will be installed:
  autoconf automake autopoint autotools-dev bsdmainutils cmake cmake-data
  debhelper dh-autoreconf dh-python dh-strip-nondeterminism dmsetup dwz file
  gettext gettext-base groff-base intltool-debian libapparmor1
  libarchive-zip-perl libarchive13 libargon2-1 libbrotli1 libcap2 libcroco3
  libcryptsetup12 libcurl4 libdebhelper-perl libdevmapper1.02.1 libelf1
  libexpat1 libexpat1-dev libfile-stripnondeterminism-perl libglib2.0-0
  libgssapi-krb5-2 libicu63 libip4tc2 libjson-c4 libjsoncpp1 libk5crypto3
  libkeyutils1 libkmod2 libkrb5-3 libkrb5support0 libldap-2.4-2 libldap-common
  libmagic-mgc libmagic1 libmpdec2 libncurses6 libnghttp2-14 libpipeline1
  libprocps8 libpsl5 libpython3-dev libpython3-stdlib libpython3.7
  libpython3.7-dev libpython3.7-minimal libpython3.7-stdlib libreadline8
  librhash0 librtmp1 libsasl2-2 libsasl2-modules-db libsigsegv2 libsqlite3-0
  libssh2-1 libssl1.1 libsub-override-perl libtool libuchardet0 libusb-1.0-0
  libusb-1.0-0-dev libuv1 libxml2 m4 man-db mime-support pkg-config po-debconf
  procps python3 python3-dev python3-distutils python3-lib2to3 python3-minimal
  python3.7 python3.7-dev python3.7-minimal readline-common sensible-utils
  systemd udev zlib1g-dev
Suggested packages:
  autoconf-archive gnu-standards autoconf-doc wamerican | wordlist whois
  vacation cmake-doc ninja-build dh-make gettext-doc libasprintf-dev
  libgettextpo-dev groff lrzip krb5-doc krb5-user libtool-doc gfortran
  | fortran95-compiler gcj-jdk m4-doc apparmor less www-browser
  libmail-box-perl python3-doc python3-tk python3-venv python3.7-venv
  python3.7-doc binfmt-support readline-doc systemd-container policykit-1
Recommended packages:
  curl | wget | lynx ca-certificates libarchive-cpio-perl libglib2.0-data
  shared-mime-info xdg-user-dirs krb5-locales libgpm2 publicsuffix
  libsasl2-modules libltdl-dev libusb-1.0-doc libmail-sendmail-perl psmisc
  dbus
The following NEW packages will be installed:
  autoconf automake autopoint autotools-dev bsdmainutils cmake cmake-data
  debhelper dh-autoreconf dh-python dh-strip-nondeterminism dmsetup dwz file
  gettext gettext-base groff-base intltool-debian libapparmor1
  libarchive-zip-perl libarchive13 libargon2-1 libbrotli1 libcap2 libcroco3
  libcryptsetup12 libcurl4 libdebhelper-perl libdevmapper1.02.1 libelf1
  libexpat1 libexpat1-dev libfile-stripnondeterminism-perl libglib2.0-0
  libgssapi-krb5-2 libicu63 libip4tc2 libjson-c4 libjsoncpp1 libk5crypto3
  libkeyutils1 libkmod2 libkrb5-3 libkrb5support0 libldap-2.4-2 libldap-common
  libmagic-mgc libmagic1 libmpdec2 libncurses6 libnghttp2-14 libpipeline1
  libprocps8 libpsl5 libpython3-dev libpython3-stdlib libpython3.7
  libpython3.7-dev libpython3.7-minimal libpython3.7-stdlib libreadline8
  librhash0 librtmp1 libsasl2-2 libsasl2-modules-db libsigsegv2 libsqlite3-0
  libssh2-1 libssl1.1 libsub-override-perl libtool libuchardet0 libusb-1.0-0
  libusb-1.0-0-dev libuv1 libxml2 m4 man-db mime-support pkg-config po-debconf
  procps python3 python3-dev python3-distutils python3-lib2to3 python3-minimal
  python3.7 python3.7-dev python3.7-minimal readline-common
  sbuild-build-depends-main-dummy sensible-utils systemd udev zlib1g-dev
0 upgraded, 96 newly installed, 0 to remove and 0 not upgraded.
Need to get 85.3 MB of archives.
After this operation, 248 MB of additional disk space will be used.
Get:1 copy:/<<RESOLVERDIR>>/apt_archive ./ sbuild-build-depends-main-dummy 0.invalid.0 [920 B]
Get:2 http://127.0.0.1:12990/debian sid/main amd64 libapparmor1 amd64 2.13.3-7 [96.8 kB]
Get:3 http://127.0.0.1:12990/debian sid/main amd64 libcap2 amd64 1:2.32-1 [20.4 kB]
Get:4 http://127.0.0.1:12990/debian sid/main amd64 libargon2-1 amd64 0~20171227-0.2 [19.6 kB]
Get:5 http://127.0.0.1:12990/debian sid/main amd64 dmsetup amd64 2:1.02.167-1 [91.1 kB]
Get:6 http://127.0.0.1:12990/debian sid/main amd64 libdevmapper1.02.1 amd64 2:1.02.167-1 [142 kB]
Get:7 http://127.0.0.1:12990/debian sid/main amd64 libjson-c4 amd64 0.13.1+dfsg-7 [36.7 kB]
Get:8 http://127.0.0.1:12990/debian sid/main amd64 libssl1.1 amd64 1.1.1d-2 [1540 kB]
Get:9 http://127.0.0.1:12990/debian sid/main amd64 libcryptsetup12 amd64 2:2.2.2-3 [229 kB]
Get:10 http://127.0.0.1:12990/debian sid/main amd64 libip4tc2 amd64 1.8.4-3 [69.1 kB]
Get:11 http://127.0.0.1:12990/debian sid/main amd64 libkmod2 amd64 27-1 [54.7 kB]
Get:12 http://127.0.0.1:12990/debian sid/main amd64 systemd amd64 244.3-1 [3831 kB]
Get:13 http://127.0.0.1:12990/debian sid/main amd64 bsdmainutils amd64 11.1.2+b1 [191 kB]
Get:14 http://127.0.0.1:12990/debian sid/main amd64 libuchardet0 amd64 0.0.6-3 [64.9 kB]
Get:15 http://127.0.0.1:12990/debian sid/main amd64 groff-base amd64 1.22.4-4 [919 kB]
Get:16 http://127.0.0.1:12990/debian sid/main amd64 libpipeline1 amd64 1.5.2-2 [33.9 kB]
Get:17 http://127.0.0.1:12990/debian sid/main amd64 man-db amd64 2.9.0-2 [1307 kB]
Get:18 http://127.0.0.1:12990/debian sid/main amd64 libpython3.7-minimal amd64 3.7.6-1+b1 [591 kB]
Get:19 http://127.0.0.1:12990/debian sid/main amd64 libexpat1 amd64 2.2.9-1 [94.3 kB]
Get:20 http://127.0.0.1:12990/debian sid/main amd64 python3.7-minimal amd64 3.7.6-1+b1 [1813 kB]
Get:21 http://127.0.0.1:12990/debian sid/main amd64 python3-minimal amd64 3.7.5-3 [36.8 kB]
Get:22 http://127.0.0.1:12990/debian sid/main amd64 mime-support all 3.64 [37.8 kB]
Get:23 http://127.0.0.1:12990/debian sid/main amd64 libmpdec2 amd64 2.4.2-2 [87.2 kB]
Get:24 http://127.0.0.1:12990/debian sid/main amd64 readline-common all 8.0-3 [72.5 kB]
Get:25 http://127.0.0.1:12990/debian sid/main amd64 libreadline8 amd64 8.0-3 [160 kB]
Get:26 http://127.0.0.1:12990/debian sid/main amd64 libsqlite3-0 amd64 3.31.1-3 [661 kB]
Get:27 http://127.0.0.1:12990/debian sid/main amd64 libpython3.7-stdlib amd64 3.7.6-1+b1 [1735 kB]
Get:28 http://127.0.0.1:12990/debian sid/main amd64 python3.7 amd64 3.7.6-1+b1 [351 kB]
Get:29 http://127.0.0.1:12990/debian sid/main amd64 libpython3-stdlib amd64 3.7.5-3 [20.2 kB]
Get:30 http://127.0.0.1:12990/debian sid/main amd64 python3 amd64 3.7.5-3 [62.1 kB]
Get:31 http://127.0.0.1:12990/debian sid/main amd64 libncurses6 amd64 6.1+20191019-1 [102 kB]
Get:32 http://127.0.0.1:12990/debian sid/main amd64 libprocps8 amd64 2:3.3.16-1+b1 [62.8 kB]
Get:33 http://127.0.0.1:12990/debian sid/main amd64 procps amd64 2:3.3.16-1+b1 [263 kB]
Get:34 http://127.0.0.1:12990/debian sid/main amd64 sensible-utils all 0.0.12+nmu1 [16.0 kB]
Get:35 http://127.0.0.1:12990/debian sid/main amd64 udev amd64 244.3-1 [1436 kB]
Get:36 http://127.0.0.1:12990/debian sid/main amd64 libmagic-mgc amd64 1:5.38-4 [262 kB]
Get:37 http://127.0.0.1:12990/debian sid/main amd64 libmagic1 amd64 1:5.38-4 [120 kB]
Get:38 http://127.0.0.1:12990/debian sid/main amd64 file amd64 1:5.38-4 [67.9 kB]
Get:39 http://127.0.0.1:12990/debian sid/main amd64 gettext-base amd64 0.19.8.1-10 [123 kB]
Get:40 http://127.0.0.1:12990/debian sid/main amd64 libsigsegv2 amd64 2.12-2 [32.8 kB]
Get:41 http://127.0.0.1:12990/debian sid/main amd64 m4 amd64 1.4.18-4 [203 kB]
Get:42 http://127.0.0.1:12990/debian sid/main amd64 autoconf all 2.69-11.1 [341 kB]
Get:43 http://127.0.0.1:12990/debian sid/main amd64 autotools-dev all 20180224.1 [77.0 kB]
Get:44 http://127.0.0.1:12990/debian sid/main amd64 automake all 1:1.16.1-4 [771 kB]
Get:45 http://127.0.0.1:12990/debian sid/main amd64 autopoint all 0.19.8.1-10 [435 kB]
Get:46 http://127.0.0.1:12990/debian sid/main amd64 cmake-data all 3.16.3-1 [1628 kB]
Get:47 http://127.0.0.1:12990/debian sid/main amd64 libicu63 amd64 63.2-2 [8301 kB]
Get:48 http://127.0.0.1:12990/debian sid/main amd64 libxml2 amd64 2.9.10+dfsg-3 [709 kB]
Get:49 http://127.0.0.1:12990/debian sid/main amd64 libarchive13 amd64 3.4.0-1+b1 [335 kB]
Get:50 http://127.0.0.1:12990/debian sid/main amd64 libbrotli1 amd64 1.0.7-6 [266 kB]
Get:51 http://127.0.0.1:12990/debian sid/main amd64 libkeyutils1 amd64 1.6.1-2 [15.4 kB]
Get:52 http://127.0.0.1:12990/debian sid/main amd64 libkrb5support0 amd64 1.17-6 [64.6 kB]
Get:53 http://127.0.0.1:12990/debian sid/main amd64 libk5crypto3 amd64 1.17-6 [116 kB]
Get:54 http://127.0.0.1:12990/debian sid/main amd64 libkrb5-3 amd64 1.17-6 [366 kB]
Get:55 http://127.0.0.1:12990/debian sid/main amd64 libgssapi-krb5-2 amd64 1.17-6 [156 kB]
Get:56 http://127.0.0.1:12990/debian sid/main amd64 libsasl2-modules-db amd64 2.1.27+dfsg-2 [69.0 kB]
Get:57 http://127.0.0.1:12990/debian sid/main amd64 libsasl2-2 amd64 2.1.27+dfsg-2 [106 kB]
Get:58 http://127.0.0.1:12990/debian sid/main amd64 libldap-common all 2.4.49+dfsg-1 [91.9 kB]
Get:59 http://127.0.0.1:12990/debian sid/main amd64 libldap-2.4-2 amd64 2.4.49+dfsg-1 [226 kB]
Get:60 http://127.0.0.1:12990/debian sid/main amd64 libnghttp2-14 amd64 1.40.0-1 [85.0 kB]
Get:61 http://127.0.0.1:12990/debian sid/main amd64 libpsl5 amd64 0.20.2-2 [53.7 kB]
Get:62 http://127.0.0.1:12990/debian sid/main amd64 librtmp1 amd64 2.4+20151223.gitfa8646d.1-2+b1 [60.8 kB]
Get:63 http://127.0.0.1:12990/debian sid/main amd64 libssh2-1 amd64 1.8.0-2.1 [140 kB]
Get:64 http://127.0.0.1:12990/debian sid/main amd64 libcurl4 amd64 7.68.0-1 [321 kB]
Get:65 http://127.0.0.1:12990/debian sid/main amd64 libjsoncpp1 amd64 1.7.4-3.1 [77.6 kB]
Get:66 http://127.0.0.1:12990/debian sid/main amd64 librhash0 amd64 1.3.9-1 [123 kB]
Get:67 http://127.0.0.1:12990/debian sid/main amd64 libuv1 amd64 1.34.2-1 [127 kB]
Get:68 http://127.0.0.1:12990/debian sid/main amd64 cmake amd64 3.16.3-1 [3673 kB]
Get:69 http://127.0.0.1:12990/debian sid/main amd64 libtool all 2.4.6-13 [513 kB]
Get:70 http://127.0.0.1:12990/debian sid/main amd64 dh-autoreconf all 19 [16.9 kB]
Get:71 http://127.0.0.1:12990/debian sid/main amd64 libdebhelper-perl all 12.9 [183 kB]
Get:72 http://127.0.0.1:12990/debian sid/main amd64 libarchive-zip-perl all 1.67-1 [104 kB]
Get:73 http://127.0.0.1:12990/debian sid/main amd64 libsub-override-perl all 0.09-2 [10.2 kB]
Get:74 http://127.0.0.1:12990/debian sid/main amd64 libfile-stripnondeterminism-perl all 1.6.3-2 [23.7 kB]
Get:75 http://127.0.0.1:12990/debian sid/main amd64 dh-strip-nondeterminism all 1.6.3-2 [14.7 kB]
Get:76 http://127.0.0.1:12990/debian sid/main amd64 libelf1 amd64 0.176-1.1 [161 kB]
Get:77 http://127.0.0.1:12990/debian sid/main amd64 dwz amd64 0.13-5 [151 kB]
Get:78 http://127.0.0.1:12990/debian sid/main amd64 libglib2.0-0 amd64 2.62.4-2 [1319 kB]
Get:79 http://127.0.0.1:12990/debian sid/main amd64 libcroco3 amd64 0.6.13-1 [146 kB]
Get:80 http://127.0.0.1:12990/debian sid/main amd64 gettext amd64 0.19.8.1-10 [1303 kB]
Get:81 http://127.0.0.1:12990/debian sid/main amd64 intltool-debian all 0.35.0+20060710.5 [26.8 kB]
Get:82 http://127.0.0.1:12990/debian sid/main amd64 po-debconf all 1.0.21 [248 kB]
Get:83 http://127.0.0.1:12990/debian sid/main amd64 debhelper all 12.9 [994 kB]
Get:84 http://127.0.0.1:12990/debian sid/main amd64 python3-lib2to3 all 3.8.0-1 [78.3 kB]
Get:85 http://127.0.0.1:12990/debian sid/main amd64 python3-distutils all 3.8.0-1 [145 kB]
Get:86 http://127.0.0.1:12990/debian sid/main amd64 dh-python all 4.20191017 [94.4 kB]
Get:87 http://127.0.0.1:12990/debian sid/main amd64 libexpat1-dev amd64 2.2.9-1 [136 kB]
Get:88 http://127.0.0.1:12990/debian sid/main amd64 libpython3.7 amd64 3.7.6-1+b1 [1484 kB]
Get:89 http://127.0.0.1:12990/debian sid/main amd64 libpython3.7-dev amd64 3.7.6-1+b1 [41.4 MB]
Get:90 http://127.0.0.1:12990/debian sid/main amd64 libpython3-dev amd64 3.7.5-3 [20.3 kB]
Get:91 http://127.0.0.1:12990/debian sid/main amd64 libusb-1.0-0 amd64 2:1.0.23-2 [58.0 kB]
Get:92 http://127.0.0.1:12990/debian sid/main amd64 libusb-1.0-0-dev amd64 2:1.0.23-2 [77.6 kB]
Get:93 http://127.0.0.1:12990/debian sid/main amd64 pkg-config amd64 0.29-6 [63.5 kB]
Get:94 http://127.0.0.1:12990/debian sid/main amd64 zlib1g-dev amd64 1:1.2.11.dfsg-2 [190 kB]
Get:95 http://127.0.0.1:12990/debian sid/main amd64 python3.7-dev amd64 3.7.6-1+b1 [518 kB]
Get:96 http://127.0.0.1:12990/debian sid/main amd64 python3-dev amd64 3.7.5-3 [1260 B]
debconf: delaying package configuration, since apt-utils is not installed
Fetched 85.3 MB in 7s (12.4 MB/s)
Selecting previously unselected package libapparmor1:amd64.
(Reading database ... 12960 files and directories currently installed.)
Preparing to unpack .../00-libapparmor1_2.13.3-7_amd64.deb ...
Unpacking libapparmor1:amd64 (2.13.3-7) ...
Selecting previously unselected package libcap2:amd64.
Preparing to unpack .../01-libcap2_1%3a2.32-1_amd64.deb ...
Unpacking libcap2:amd64 (1:2.32-1) ...
Selecting previously unselected package libargon2-1:amd64.
Preparing to unpack .../02-libargon2-1_0~20171227-0.2_amd64.deb ...
Unpacking libargon2-1:amd64 (0~20171227-0.2) ...
Selecting previously unselected package dmsetup.
Preparing to unpack .../03-dmsetup_2%3a1.02.167-1_amd64.deb ...
Unpacking dmsetup (2:1.02.167-1) ...
Selecting previously unselected package libdevmapper1.02.1:amd64.
Preparing to unpack .../04-libdevmapper1.02.1_2%3a1.02.167-1_amd64.deb ...
Unpacking libdevmapper1.02.1:amd64 (2:1.02.167-1) ...
Selecting previously unselected package libjson-c4:amd64.
Preparing to unpack .../05-libjson-c4_0.13.1+dfsg-7_amd64.deb ...
Unpacking libjson-c4:amd64 (0.13.1+dfsg-7) ...
Selecting previously unselected package libssl1.1:amd64.
Preparing to unpack .../06-libssl1.1_1.1.1d-2_amd64.deb ...
Unpacking libssl1.1:amd64 (1.1.1d-2) ...
Selecting previously unselected package libcryptsetup12:amd64.
Preparing to unpack .../07-libcryptsetup12_2%3a2.2.2-3_amd64.deb ...
Unpacking libcryptsetup12:amd64 (2:2.2.2-3) ...
Selecting previously unselected package libip4tc2:amd64.
Preparing to unpack .../08-libip4tc2_1.8.4-3_amd64.deb ...
Unpacking libip4tc2:amd64 (1.8.4-3) ...
Selecting previously unselected package libkmod2:amd64.
Preparing to unpack .../09-libkmod2_27-1_amd64.deb ...
Unpacking libkmod2:amd64 (27-1) ...
Selecting previously unselected package systemd.
Preparing to unpack .../10-systemd_244.3-1_amd64.deb ...
Unpacking systemd (244.3-1) ...
Selecting previously unselected package bsdmainutils.
Preparing to unpack .../11-bsdmainutils_11.1.2+b1_amd64.deb ...
Unpacking bsdmainutils (11.1.2+b1) ...
Selecting previously unselected package libuchardet0:amd64.
Preparing to unpack .../12-libuchardet0_0.0.6-3_amd64.deb ...
Unpacking libuchardet0:amd64 (0.0.6-3) ...
Selecting previously unselected package groff-base.
Preparing to unpack .../13-groff-base_1.22.4-4_amd64.deb ...
Unpacking groff-base (1.22.4-4) ...
Selecting previously unselected package libpipeline1:amd64.
Preparing to unpack .../14-libpipeline1_1.5.2-2_amd64.deb ...
Unpacking libpipeline1:amd64 (1.5.2-2) ...
Selecting previously unselected package man-db.
Preparing to unpack .../15-man-db_2.9.0-2_amd64.deb ...
Unpacking man-db (2.9.0-2) ...
Selecting previously unselected package libpython3.7-minimal:amd64.
Preparing to unpack .../16-libpython3.7-minimal_3.7.6-1+b1_amd64.deb ...
Unpacking libpython3.7-minimal:amd64 (3.7.6-1+b1) ...
Selecting previously unselected package libexpat1:amd64.
Preparing to unpack .../17-libexpat1_2.2.9-1_amd64.deb ...
Unpacking libexpat1:amd64 (2.2.9-1) ...
Selecting previously unselected package python3.7-minimal.
Preparing to unpack .../18-python3.7-minimal_3.7.6-1+b1_amd64.deb ...
Unpacking python3.7-minimal (3.7.6-1+b1) ...
Setting up libssl1.1:amd64 (1.1.1d-2) ...
Setting up libpython3.7-minimal:amd64 (3.7.6-1+b1) ...
Setting up libexpat1:amd64 (2.2.9-1) ...
Setting up python3.7-minimal (3.7.6-1+b1) ...
Selecting previously unselected package python3-minimal.
(Reading database ... 14703 files and directories currently installed.)
Preparing to unpack .../0-python3-minimal_3.7.5-3_amd64.deb ...
Unpacking python3-minimal (3.7.5-3) ...
Selecting previously unselected package mime-support.
Preparing to unpack .../1-mime-support_3.64_all.deb ...
Unpacking mime-support (3.64) ...
Selecting previously unselected package libmpdec2:amd64.
Preparing to unpack .../2-libmpdec2_2.4.2-2_amd64.deb ...
Unpacking libmpdec2:amd64 (2.4.2-2) ...
Selecting previously unselected package readline-common.
Preparing to unpack .../3-readline-common_8.0-3_all.deb ...
Unpacking readline-common (8.0-3) ...
Selecting previously unselected package libreadline8:amd64.
Preparing to unpack .../4-libreadline8_8.0-3_amd64.deb ...
Unpacking libreadline8:amd64 (8.0-3) ...
Selecting previously unselected package libsqlite3-0:amd64.
Preparing to unpack .../5-libsqlite3-0_3.31.1-3_amd64.deb ...
Unpacking libsqlite3-0:amd64 (3.31.1-3) ...
Selecting previously unselected package libpython3.7-stdlib:amd64.
Preparing to unpack .../6-libpython3.7-stdlib_3.7.6-1+b1_amd64.deb ...
Unpacking libpython3.7-stdlib:amd64 (3.7.6-1+b1) ...
Selecting previously unselected package python3.7.
Preparing to unpack .../7-python3.7_3.7.6-1+b1_amd64.deb ...
Unpacking python3.7 (3.7.6-1+b1) ...
Selecting previously unselected package libpython3-stdlib:amd64.
Preparing to unpack .../8-libpython3-stdlib_3.7.5-3_amd64.deb ...
Unpacking libpython3-stdlib:amd64 (3.7.5-3) ...
Setting up python3-minimal (3.7.5-3) ...
Selecting previously unselected package python3.
(Reading database ... 15174 files and directories currently installed.)
Preparing to unpack .../00-python3_3.7.5-3_amd64.deb ...
Unpacking python3 (3.7.5-3) ...
Selecting previously unselected package libncurses6:amd64.
Preparing to unpack .../01-libncurses6_6.1+20191019-1_amd64.deb ...
Unpacking libncurses6:amd64 (6.1+20191019-1) ...
Selecting previously unselected package libprocps8:amd64.
Preparing to unpack .../02-libprocps8_2%3a3.3.16-1+b1_amd64.deb ...
Unpacking libprocps8:amd64 (2:3.3.16-1+b1) ...
Selecting previously unselected package procps.
Preparing to unpack .../03-procps_2%3a3.3.16-1+b1_amd64.deb ...
Unpacking procps (2:3.3.16-1+b1) ...
Selecting previously unselected package sensible-utils.
Preparing to unpack .../04-sensible-utils_0.0.12+nmu1_all.deb ...
Unpacking sensible-utils (0.0.12+nmu1) ...
Selecting previously unselected package udev.
Preparing to unpack .../05-udev_244.3-1_amd64.deb ...
Unpacking udev (244.3-1) ...
Selecting previously unselected package libmagic-mgc.
Preparing to unpack .../06-libmagic-mgc_1%3a5.38-4_amd64.deb ...
Unpacking libmagic-mgc (1:5.38-4) ...
Selecting previously unselected package libmagic1:amd64.
Preparing to unpack .../07-libmagic1_1%3a5.38-4_amd64.deb ...
Unpacking libmagic1:amd64 (1:5.38-4) ...
Selecting previously unselected package file.
Preparing to unpack .../08-file_1%3a5.38-4_amd64.deb ...
Unpacking file (1:5.38-4) ...
Selecting previously unselected package gettext-base.
Preparing to unpack .../09-gettext-base_0.19.8.1-10_amd64.deb ...
Unpacking gettext-base (0.19.8.1-10) ...
Selecting previously unselected package libsigsegv2:amd64.
Preparing to unpack .../10-libsigsegv2_2.12-2_amd64.deb ...
Unpacking libsigsegv2:amd64 (2.12-2) ...
Selecting previously unselected package m4.
Preparing to unpack .../11-m4_1.4.18-4_amd64.deb ...
Unpacking m4 (1.4.18-4) ...
Selecting previously unselected package autoconf.
Preparing to unpack .../12-autoconf_2.69-11.1_all.deb ...
Unpacking autoconf (2.69-11.1) ...
Selecting previously unselected package autotools-dev.
Preparing to unpack .../13-autotools-dev_20180224.1_all.deb ...
Unpacking autotools-dev (20180224.1) ...
Selecting previously unselected package automake.
Preparing to unpack .../14-automake_1%3a1.16.1-4_all.deb ...
Unpacking automake (1:1.16.1-4) ...
Selecting previously unselected package autopoint.
Preparing to unpack .../15-autopoint_0.19.8.1-10_all.deb ...
Unpacking autopoint (0.19.8.1-10) ...
Selecting previously unselected package cmake-data.
Preparing to unpack .../16-cmake-data_3.16.3-1_all.deb ...
Unpacking cmake-data (3.16.3-1) ...
Selecting previously unselected package libicu63:amd64.
Preparing to unpack .../17-libicu63_63.2-2_amd64.deb ...
Unpacking libicu63:amd64 (63.2-2) ...
Selecting previously unselected package libxml2:amd64.
Preparing to unpack .../18-libxml2_2.9.10+dfsg-3_amd64.deb ...
Unpacking libxml2:amd64 (2.9.10+dfsg-3) ...
Selecting previously unselected package libarchive13:amd64.
Preparing to unpack .../19-libarchive13_3.4.0-1+b1_amd64.deb ...
Unpacking libarchive13:amd64 (3.4.0-1+b1) ...
Selecting previously unselected package libbrotli1:amd64.
Preparing to unpack .../20-libbrotli1_1.0.7-6_amd64.deb ...
Unpacking libbrotli1:amd64 (1.0.7-6) ...
Selecting previously unselected package libkeyutils1:amd64.
Preparing to unpack .../21-libkeyutils1_1.6.1-2_amd64.deb ...
Unpacking libkeyutils1:amd64 (1.6.1-2) ...
Selecting previously unselected package libkrb5support0:amd64.
Preparing to unpack .../22-libkrb5support0_1.17-6_amd64.deb ...
Unpacking libkrb5support0:amd64 (1.17-6) ...
Selecting previously unselected package libk5crypto3:amd64.
Preparing to unpack .../23-libk5crypto3_1.17-6_amd64.deb ...
Unpacking libk5crypto3:amd64 (1.17-6) ...
Selecting previously unselected package libkrb5-3:amd64.
Preparing to unpack .../24-libkrb5-3_1.17-6_amd64.deb ...
Unpacking libkrb5-3:amd64 (1.17-6) ...
Selecting previously unselected package libgssapi-krb5-2:amd64.
Preparing to unpack .../25-libgssapi-krb5-2_1.17-6_amd64.deb ...
Unpacking libgssapi-krb5-2:amd64 (1.17-6) ...
Selecting previously unselected package libsasl2-modules-db:amd64.
Preparing to unpack .../26-libsasl2-modules-db_2.1.27+dfsg-2_amd64.deb ...
Unpacking libsasl2-modules-db:amd64 (2.1.27+dfsg-2) ...
Selecting previously unselected package libsasl2-2:amd64.
Preparing to unpack .../27-libsasl2-2_2.1.27+dfsg-2_amd64.deb ...
Unpacking libsasl2-2:amd64 (2.1.27+dfsg-2) ...
Selecting previously unselected package libldap-common.
Preparing to unpack .../28-libldap-common_2.4.49+dfsg-1_all.deb ...
Unpacking libldap-common (2.4.49+dfsg-1) ...
Selecting previously unselected package libldap-2.4-2:amd64.
Preparing to unpack .../29-libldap-2.4-2_2.4.49+dfsg-1_amd64.deb ...
Unpacking libldap-2.4-2:amd64 (2.4.49+dfsg-1) ...
Selecting previously unselected package libnghttp2-14:amd64.
Preparing to unpack .../30-libnghttp2-14_1.40.0-1_amd64.deb ...
Unpacking libnghttp2-14:amd64 (1.40.0-1) ...
Selecting previously unselected package libpsl5:amd64.
Preparing to unpack .../31-libpsl5_0.20.2-2_amd64.deb ...
Unpacking libpsl5:amd64 (0.20.2-2) ...
Selecting previously unselected package librtmp1:amd64.
Preparing to unpack .../32-librtmp1_2.4+20151223.gitfa8646d.1-2+b1_amd64.deb ...
Unpacking librtmp1:amd64 (2.4+20151223.gitfa8646d.1-2+b1) ...
Selecting previously unselected package libssh2-1:amd64.
Preparing to unpack .../33-libssh2-1_1.8.0-2.1_amd64.deb ...
Unpacking libssh2-1:amd64 (1.8.0-2.1) ...
Selecting previously unselected package libcurl4:amd64.
Preparing to unpack .../34-libcurl4_7.68.0-1_amd64.deb ...
Unpacking libcurl4:amd64 (7.68.0-1) ...
Selecting previously unselected package libjsoncpp1:amd64.
Preparing to unpack .../35-libjsoncpp1_1.7.4-3.1_amd64.deb ...
Unpacking libjsoncpp1:amd64 (1.7.4-3.1) ...
Selecting previously unselected package librhash0:amd64.
Preparing to unpack .../36-librhash0_1.3.9-1_amd64.deb ...
Unpacking librhash0:amd64 (1.3.9-1) ...
Selecting previously unselected package libuv1:amd64.
Preparing to unpack .../37-libuv1_1.34.2-1_amd64.deb ...
Unpacking libuv1:amd64 (1.34.2-1) ...
Selecting previously unselected package cmake.
Preparing to unpack .../38-cmake_3.16.3-1_amd64.deb ...
Unpacking cmake (3.16.3-1) ...
Selecting previously unselected package libtool.
Preparing to unpack .../39-libtool_2.4.6-13_all.deb ...
Unpacking libtool (2.4.6-13) ...
Selecting previously unselected package dh-autoreconf.
Preparing to unpack .../40-dh-autoreconf_19_all.deb ...
Unpacking dh-autoreconf (19) ...
Selecting previously unselected package libdebhelper-perl.
Preparing to unpack .../41-libdebhelper-perl_12.9_all.deb ...
Unpacking libdebhelper-perl (12.9) ...
Selecting previously unselected package libarchive-zip-perl.
Preparing to unpack .../42-libarchive-zip-perl_1.67-1_all.deb ...
Unpacking libarchive-zip-perl (1.67-1) ...
Selecting previously unselected package libsub-override-perl.
Preparing to unpack .../43-libsub-override-perl_0.09-2_all.deb ...
Unpacking libsub-override-perl (0.09-2) ...
Selecting previously unselected package libfile-stripnondeterminism-perl.
Preparing to unpack .../44-libfile-stripnondeterminism-perl_1.6.3-2_all.deb ...
Unpacking libfile-stripnondeterminism-perl (1.6.3-2) ...
Selecting previously unselected package dh-strip-nondeterminism.
Preparing to unpack .../45-dh-strip-nondeterminism_1.6.3-2_all.deb ...
Unpacking dh-strip-nondeterminism (1.6.3-2) ...
Selecting previously unselected package libelf1:amd64.
Preparing to unpack .../46-libelf1_0.176-1.1_amd64.deb ...
Unpacking libelf1:amd64 (0.176-1.1) ...
Selecting previously unselected package dwz.
Preparing to unpack .../47-dwz_0.13-5_amd64.deb ...
Unpacking dwz (0.13-5) ...
Selecting previously unselected package libglib2.0-0:amd64.
Preparing to unpack .../48-libglib2.0-0_2.62.4-2_amd64.deb ...
Unpacking libglib2.0-0:amd64 (2.62.4-2) ...
Selecting previously unselected package libcroco3:amd64.
Preparing to unpack .../49-libcroco3_0.6.13-1_amd64.deb ...
Unpacking libcroco3:amd64 (0.6.13-1) ...
Selecting previously unselected package gettext.
Preparing to unpack .../50-gettext_0.19.8.1-10_amd64.deb ...
Unpacking gettext (0.19.8.1-10) ...
Selecting previously unselected package intltool-debian.
Preparing to unpack .../51-intltool-debian_0.35.0+20060710.5_all.deb ...
Unpacking intltool-debian (0.35.0+20060710.5) ...
Selecting previously unselected package po-debconf.
Preparing to unpack .../52-po-debconf_1.0.21_all.deb ...
Unpacking po-debconf (1.0.21) ...
Selecting previously unselected package debhelper.
Preparing to unpack .../53-debhelper_12.9_all.deb ...
Unpacking debhelper (12.9) ...
Selecting previously unselected package python3-lib2to3.
Preparing to unpack .../54-python3-lib2to3_3.8.0-1_all.deb ...
Unpacking python3-lib2to3 (3.8.0-1) ...
Selecting previously unselected package python3-distutils.
Preparing to unpack .../55-python3-distutils_3.8.0-1_all.deb ...
Unpacking python3-distutils (3.8.0-1) ...
Selecting previously unselected package dh-python.
Preparing to unpack .../56-dh-python_4.20191017_all.deb ...
Unpacking dh-python (4.20191017) ...
Selecting previously unselected package libexpat1-dev:amd64.
Preparing to unpack .../57-libexpat1-dev_2.2.9-1_amd64.deb ...
Unpacking libexpat1-dev:amd64 (2.2.9-1) ...
Selecting previously unselected package libpython3.7:amd64.
Preparing to unpack .../58-libpython3.7_3.7.6-1+b1_amd64.deb ...
Unpacking libpython3.7:amd64 (3.7.6-1+b1) ...
Selecting previously unselected package libpython3.7-dev:amd64.
Preparing to unpack .../59-libpython3.7-dev_3.7.6-1+b1_amd64.deb ...
Unpacking libpython3.7-dev:amd64 (3.7.6-1+b1) ...
Selecting previously unselected package libpython3-dev:amd64.
Preparing to unpack .../60-libpython3-dev_3.7.5-3_amd64.deb ...
Unpacking libpython3-dev:amd64 (3.7.5-3) ...
Selecting previously unselected package libusb-1.0-0:amd64.
Preparing to unpack .../61-libusb-1.0-0_2%3a1.0.23-2_amd64.deb ...
Unpacking libusb-1.0-0:amd64 (2:1.0.23-2) ...
Selecting previously unselected package libusb-1.0-0-dev:amd64.
Preparing to unpack .../62-libusb-1.0-0-dev_2%3a1.0.23-2_amd64.deb ...
Unpacking libusb-1.0-0-dev:amd64 (2:1.0.23-2) ...
Selecting previously unselected package pkg-config.
Preparing to unpack .../63-pkg-config_0.29-6_amd64.deb ...
Unpacking pkg-config (0.29-6) ...
Selecting previously unselected package zlib1g-dev:amd64.
Preparing to unpack .../64-zlib1g-dev_1%3a1.2.11.dfsg-2_amd64.deb ...
Unpacking zlib1g-dev:amd64 (1:1.2.11.dfsg-2) ...
Selecting previously unselected package python3.7-dev.
Preparing to unpack .../65-python3.7-dev_3.7.6-1+b1_amd64.deb ...
Unpacking python3.7-dev (3.7.6-1+b1) ...
Selecting previously unselected package python3-dev.
Preparing to unpack .../66-python3-dev_3.7.5-3_amd64.deb ...
Unpacking python3-dev (3.7.5-3) ...
Selecting previously unselected package sbuild-build-depends-main-dummy.
Preparing to unpack .../67-sbuild-build-depends-main-dummy_0.invalid.0_amd64.deb ...
Unpacking sbuild-build-depends-main-dummy (0.invalid.0) ...
Setting up libip4tc2:amd64 (1.8.4-3) ...
Setting up libpipeline1:amd64 (1.5.2-2) ...
Setting up libkeyutils1:amd64 (1.6.1-2) ...
Setting up libapparmor1:amd64 (2.13.3-7) ...
Setting up libpsl5:amd64 (0.20.2-2) ...
Setting up mime-support (3.64) ...
Setting up libmagic-mgc (1:5.38-4) ...
Setting up libarchive-zip-perl (1.67-1) ...
Setting up libglib2.0-0:amd64 (2.62.4-2) ...
No schema files found: doing nothing.
Setting up libargon2-1:amd64 (0~20171227-0.2) ...
Setting up libdebhelper-perl (12.9) ...
Setting up libbrotli1:amd64 (1.0.7-6) ...
Setting up libsqlite3-0:amd64 (3.31.1-3) ...
Setting up libnghttp2-14:amd64 (1.40.0-1) ...
Setting up libmagic1:amd64 (1:5.38-4) ...
Setting up gettext-base (0.19.8.1-10) ...
Setting up file (1:5.38-4) ...
Setting up libldap-common (2.4.49+dfsg-1) ...
Setting up libicu63:amd64 (63.2-2) ...
Setting up libcap2:amd64 (1:2.32-1) ...
Setting up libkrb5support0:amd64 (1.17-6) ...
Setting up libsasl2-modules-db:amd64 (2.1.27+dfsg-2) ...
Setting up autotools-dev (20180224.1) ...
Setting up libuv1:amd64 (1.34.2-1) ...
Setting up libexpat1-dev:amd64 (2.2.9-1) ...
Setting up librtmp1:amd64 (2.4+20151223.gitfa8646d.1-2+b1) ...
Setting up libncurses6:amd64 (6.1+20191019-1) ...
Setting up libsigsegv2:amd64 (2.12-2) ...
Setting up bsdmainutils (11.1.2+b1) ...
update-alternatives: using /usr/bin/bsd-write to provide /usr/bin/write (write) in auto mode
update-alternatives: using /usr/bin/bsd-from to provide /usr/bin/from (from) in auto mode
Setting up autopoint (0.19.8.1-10) ...
Setting up pkg-config (0.29-6) ...
Setting up libk5crypto3:amd64 (1.17-6) ...
Setting up libsasl2-2:amd64 (2.1.27+dfsg-2) ...
Setting up zlib1g-dev:amd64 (1:1.2.11.dfsg-2) ...
Setting up sensible-utils (0.0.12+nmu1) ...
Setting up librhash0:amd64 (1.3.9-1) ...
Setting up libuchardet0:amd64 (0.0.6-3) ...
Setting up libsub-override-perl (0.09-2) ...
Setting up libssh2-1:amd64 (1.8.0-2.1) ...
Setting up cmake-data (3.16.3-1) ...
Setting up libkrb5-3:amd64 (1.17-6) ...
Setting up libusb-1.0-0:amd64 (2:1.0.23-2) ...
Setting up libmpdec2:amd64 (2.4.2-2) ...
Setting up libjson-c4:amd64 (0.13.1+dfsg-7) ...
Setting up libelf1:amd64 (0.176-1.1) ...
Setting up readline-common (8.0-3) ...
Setting up libxml2:amd64 (2.9.10+dfsg-3) ...
Setting up libprocps8:amd64 (2:3.3.16-1+b1) ...
Setting up libjsoncpp1:amd64 (1.7.4-3.1) ...
Setting up libkmod2:amd64 (27-1) ...
Setting up libfile-stripnondeterminism-perl (1.6.3-2) ...
Setting up libtool (2.4.6-13) ...
Setting up libarchive13:amd64 (3.4.0-1+b1) ...
Setting up libreadline8:amd64 (8.0-3) ...
Setting up libldap-2.4-2:amd64 (2.4.49+dfsg-1) ...
Setting up libusb-1.0-0-dev:amd64 (2:1.0.23-2) ...
Setting up m4 (1.4.18-4) ...
Setting up libgssapi-krb5-2:amd64 (1.17-6) ...
Setting up udev (244.3-1) ...
A chroot environment has been detected, udev not started.
Setting up libcroco3:amd64 (0.6.13-1) ...
Setting up autoconf (2.69-11.1) ...
Setting up dh-strip-nondeterminism (1.6.3-2) ...
Setting up dwz (0.13-5) ...
Setting up groff-base (1.22.4-4) ...
Setting up procps (2:3.3.16-1+b1) ...
update-alternatives: using /usr/bin/w.procps to provide /usr/bin/w (w) in auto mode
Setting up libcurl4:amd64 (7.68.0-1) ...
Setting up automake (1:1.16.1-4) ...
update-alternatives: using /usr/bin/automake-1.16 to provide /usr/bin/automake (automake) in auto mode
Setting up libpython3.7-stdlib:amd64 (3.7.6-1+b1) ...
Setting up gettext (0.19.8.1-10) ...
Setting up libpython3.7:amd64 (3.7.6-1+b1) ...
Setting up libpython3.7-dev:amd64 (3.7.6-1+b1) ...
Setting up man-db (2.9.0-2) ...
Not building database; man-db/auto-update is not 'true'.
Created symlink /etc/systemd/system/timers.target.wants/man-db.timer  /lib/systemd/system/man-db.timer.
Setting up intltool-debian (0.35.0+20060710.5) ...
Setting up cmake (3.16.3-1) ...
Setting up libpython3-stdlib:amd64 (3.7.5-3) ...
Setting up python3.7 (3.7.6-1+b1) ...
Setting up libpython3-dev:amd64 (3.7.5-3) ...
Setting up po-debconf (1.0.21) ...
Setting up python3 (3.7.5-3) ...
Setting up python3.7-dev (3.7.6-1+b1) ...
Setting up python3-lib2to3 (3.8.0-1) ...
Setting up python3-distutils (3.8.0-1) ...
Setting up dh-python (4.20191017) ...
Setting up python3-dev (3.7.5-3) ...
Setting up dh-autoreconf (19) ...
Setting up libdevmapper1.02.1:amd64 (2:1.02.167-1) ...
Setting up dmsetup (2:1.02.167-1) ...
Setting up libcryptsetup12:amd64 (2:2.2.2-3) ...
Setting up debhelper (12.9) ...
Setting up systemd (244.3-1) ...
Created symlink /etc/systemd/system/getty.target.wants/getty@tty1.service  /lib/systemd/system/getty@.service.
Created symlink /etc/systemd/system/multi-user.target.wants/remote-fs.target  /lib/systemd/system/remote-fs.target.
Created symlink /etc/systemd/system/dbus-org.freedesktop.timesync1.service  /lib/systemd/system/systemd-timesyncd.service.
Created symlink /etc/systemd/system/sysinit.target.wants/systemd-timesyncd.service  /lib/systemd/system/systemd-timesyncd.service.
Initializing machine ID from KVM UUID.
Setting up sbuild-build-depends-main-dummy (0.invalid.0) ...
Processing triggers for libc-bin (2.29-10) ...

+------------------------------------------------------------------------------+
| Check architectures                                                          |
+------------------------------------------------------------------------------+

Arch check ok (amd64 included in linux-any all)

+------------------------------------------------------------------------------+
| Build environment                                                            |
+------------------------------------------------------------------------------+

Kernel: Linux 4.19.0-6-cloud-amd64 #1 SMP Debian 4.19.67-2+deb10u2 (2019-11-11) amd64 (x86_64)
Toolchain package versions: binutils_2.34-3 dpkg-dev_1.19.7 g++-9_9.2.1-29 gcc-9_9.2.1-29 libc6-dev_2.29-10 libstdc++-9-dev_9.2.1-29 libstdc++6_10-20200222-1 linux-libc-dev_5.4.19-1
Package versions: adduser_3.118 apt_1.8.4 autoconf_2.69-11.1 automake_1:1.16.1-4 autopoint_0.19.8.1-10 autotools-dev_20180224.1 base-files_11 base-passwd_3.5.47 bash_5.0-5 binutils_2.34-3 binutils-common_2.34-3 binutils-x86-64-linux-gnu_2.34-3 bsdmainutils_11.1.2+b1 bsdutils_1:2.34-0.1 build-essential_12.8 bzip2_1.0.8-2 clang-10_1:10.0.0~+rc2-1 cmake_3.16.3-1 cmake-data_3.16.3-1 coreutils_8.30-3+b1 cpp_4:9.2.1-3.1 cpp-9_9.2.1-29 dash_0.5.10.2-6 debconf_1.5.73 debhelper_12.9 debian-archive-keyring_2019.1 debianutils_4.9.1 dh-autoreconf_19 dh-python_4.20191017 dh-strip-nondeterminism_1.6.3-2 diffutils_1:3.7-3 dmsetup_2:1.02.167-1 dpkg_1.19.7 dpkg-dev_1.19.7 dwz_0.13-5 e2fsprogs_1.45.5-2 fakeroot_1.24-1 fdisk_2.34-0.1 file_1:5.38-4 findutils_4.7.0-1 g++_4:9.2.1-3.1 g++-9_9.2.1-29 gcc_4:9.2.1-3.1 gcc-10-base_10-20200222-1 gcc-9_9.2.1-29 gcc-9-base_9.2.1-29 gettext_0.19.8.1-10 gettext-base_0.19.8.1-10 gpgv_2.2.19-1 grep_3.4-1 groff-base_1.22.4-4 gzip_1.9-3+b1 hostname_3.23 init-system-helpers_1.57 intltool-debian_0.35.0+20060710.5 lib32gcc-s1_10-20200222-1 lib32gcc1_1:10-20200222-1 lib32stdc++6_10-20200222-1 libacl1_2.2.53-5 libapparmor1_2.13.3-7 libapt-pkg5.0_1.8.4 libarchive-zip-perl_1.67-1 libarchive13_3.4.0-1+b1 libargon2-1_0~20171227-0.2 libasan5_9.2.1-29 libatomic1_10-20200222-1 libattr1_1:2.4.48-5 libaudit-common_1:2.8.5-2 libaudit1_1:2.8.5-2+b1 libbinutils_2.34-3 libblkid1_2.34-0.1 libbrotli1_1.0.7-6 libbsd0_0.10.0-1 libbz2-1.0_1.0.8-2 libc-bin_2.29-10 libc-dev-bin_2.29-10 libc6_2.29-10 libc6-dev_2.29-10 libc6-i386_2.29-10 libcap-ng0_0.7.9-2.1+b1 libcap2_1:2.32-1 libcc1-0_10-20200222-1 libclang-common-10-dev_1:10.0.0~+rc2-1 libclang-cpp10_1:10.0.0~+rc2-1 libclang1-10_1:10.0.0~+rc2-1 libcom-err2_1.45.5-2 libcroco3_0.6.13-1 libcrypt-dev_1:4.4.10-10 libcrypt1_1:4.4.10-10 libcryptsetup12_2:2.2.2-3 libctf-nobfd0_2.34-3 libctf0_2.34-3 libcurl4_7.68.0-1 libdb5.3_5.3.28+dfsg1-0.6 libdebconfclient0_0.251 libdebhelper-perl_12.9 libdevmapper1.02.1_2:1.02.167-1 libdpkg-perl_1.19.7 libedit2_3.1-20191231-1 libelf1_0.176-1.1 libexpat1_2.2.9-1 libexpat1-dev_2.2.9-1 libext2fs2_1.45.5-2 libfakeroot_1.24-1 libfdisk1_2.34-0.1 libffi7_3.3-3 libfile-stripnondeterminism-perl_1.6.3-2 libgc1c2_1:7.6.4-0.4 libgcc-9-dev_9.2.1-29 libgcc-s1_10-20200222-1 libgcc1_1:10-20200222-1 libgcrypt20_1.8.5-5 libgdbm-compat4_1.18.1-5 libgdbm6_1.18.1-5 libglib2.0-0_2.62.4-2 libgmp10_2:6.2.0+dfsg-4 libgnutls30_3.6.12-2 libgomp1_10-20200222-1 libgpg-error0_1.37-1 libgssapi-krb5-2_1.17-6 libhogweed5_3.5.1+really3.5.1-2 libicu63_63.2-2 libidn2-0_2.2.0-2 libip4tc2_1.8.4-3 libisl22_0.22.1-1 libitm1_10-20200222-1 libjson-c4_0.13.1+dfsg-7 libjsoncpp1_1.7.4-3.1 libk5crypto3_1.17-6 libkeyutils1_1.6.1-2 libkmod2_27-1 libkrb5-3_1.17-6 libkrb5support0_1.17-6 libldap-2.4-2_2.4.49+dfsg-1 libldap-common_2.4.49+dfsg-1 libllvm10_1:10.0.0~+rc2-1 liblsan0_10-20200222-1 liblz4-1_1.9.2-2 liblzma5_5.2.4-1+b1 libmagic-mgc_1:5.38-4 libmagic1_1:5.38-4 libmount1_2.34-0.1 libmpc3_1.1.0-1 libmpdec2_2.4.2-2 libmpfr6_4.0.2-1 libncurses6_6.1+20191019-1 libncursesw6_6.1+20191019-1 libnettle7_3.5.1+really3.5.1-2 libnghttp2-14_1.40.0-1 libobjc-9-dev_9.2.1-29 libobjc4_10-20200222-1 libomp-10-dev_1:10.0.0~+rc2-1 libomp5-10_1:10.0.0~+rc2-1 libp11-kit0_0.23.20-1 libpam-modules_1.3.1-5 libpam-modules-bin_1.3.1-5 libpam-runtime_1.3.1-5 libpam0g_1.3.1-5 libpcre2-8-0_10.34-7 libpcre3_2:8.39-12+b1 libperl5.30_5.30.0-9 libpipeline1_1.5.2-2 libprocps8_2:3.3.16-1+b1 libpsl5_0.20.2-2 libpython3-dev_3.7.5-3 libpython3-stdlib_3.7.5-3 libpython3.7_3.7.6-1+b1 libpython3.7-dev_3.7.6-1+b1 libpython3.7-minimal_3.7.6-1+b1 libpython3.7-stdlib_3.7.6-1+b1 libquadmath0_10-20200222-1 libreadline8_8.0-3 librhash0_1.3.9-1 librtmp1_2.4+20151223.gitfa8646d.1-2+b1 libsasl2-2_2.1.27+dfsg-2 libsasl2-modules-db_2.1.27+dfsg-2 libseccomp2_2.4.2-2 libselinux1_3.0-1+b1 libsemanage-common_3.0-1 libsemanage1_3.0-1+b1 libsepol1_3.0-1 libsigsegv2_2.12-2 libsmartcols1_2.34-0.1 libsqlite3-0_3.31.1-3 libss2_1.45.5-2 libssh2-1_1.8.0-2.1 libssl1.1_1.1.1d-2 libstdc++-9-dev_9.2.1-29 libstdc++6_10-20200222-1 libsub-override-perl_0.09-2 libsystemd0_244.3-1 libtasn1-6_4.16.0-2 libtinfo6_6.1+20191019-1 libtool_2.4.6-13 libtsan0_10-20200222-1 libubsan1_10-20200222-1 libuchardet0_0.0.6-3 libudev1_244.3-1 libunistring2_0.9.10-2 libusb-1.0-0_2:1.0.23-2 libusb-1.0-0-dev_2:1.0.23-2 libuuid1_2.34-0.1 libuv1_1.34.2-1 libxml2_2.9.10+dfsg-3 libz3-4_4.8.7-4 libzstd1_1.4.4+dfsg-3 linux-libc-dev_5.4.19-1 login_1:4.8.1-1 logsave_1.45.5-2 lsb-base_11.1.0 m4_1.4.18-4 make_4.2.1-1.2 man-db_2.9.0-2 mawk_1.3.4.20200120-2 mime-support_3.64 mount_2.34-0.1 ncurses-base_6.1+20191019-1 ncurses-bin_6.1+20191019-1 passwd_1:4.8.1-1 patch_2.7.6-6 perl_5.30.0-9 perl-base_5.30.0-9 perl-modules-5.30_5.30.0-9 pkg-config_0.29-6 po-debconf_1.0.21 procps_2:3.3.16-1+b1 python3_3.7.5-3 python3-dev_3.7.5-3 python3-distutils_3.8.0-1 python3-lib2to3_3.8.0-1 python3-minimal_3.7.5-3 python3.7_3.7.6-1+b1 python3.7-dev_3.7.6-1+b1 python3.7-minimal_3.7.6-1+b1 readline-common_8.0-3 sbuild-build-depends-main-dummy_0.invalid.0 sed_4.7-1 sensible-utils_0.0.12+nmu1 systemd_244.3-1 sysvinit-utils_2.96-2.1 tar_1.30+dfsg-6+b1 tzdata_2019c-3 udev_244.3-1 util-linux_2.34-0.1 xz-utils_5.2.4-1+b1 zlib1g_1:1.2.11.dfsg-2 zlib1g-dev_1:1.2.11.dfsg-2

+------------------------------------------------------------------------------+
| Build                                                                        |
+------------------------------------------------------------------------------+


Unpack source
-------------

-----BEGIN PGP SIGNED MESSAGE-----
Hash: SHA512

Format: 3.0 (quilt)
Source: razercfg
Binary: razercfg, qrazercfg, qrazercfg-applet
Architecture: linux-any all
Version: 0.41+ds-1
Maintainer: Luca Boccassi <bluca@debian.org>
Homepage: https://bues.ch/h/razercfg
Standards-Version: 4.5.0
Vcs-Browser: https://github.com/bluca/razercfg-debian
Vcs-Git: https://github.com/bluca/razercfg-debian
Build-Depends: debhelper (>= 10), cmake, libusb-1.0-0-dev, pkg-config, python3-dev, dh-python, systemd, udev
Package-List:
 qrazercfg deb misc optional arch=all
 qrazercfg-applet deb misc optional arch=all
 razercfg deb misc optional arch=linux-any
Checksums-Sha1:
 aa41c9c2da48f78d8bc255817d9a619a2f026a29 97936 razercfg_0.41+ds.orig.tar.xz
 d801b68bee19498dd17302801ee76cb1c6df86c0 10444 razercfg_0.41+ds-1.debian.tar.xz
Checksums-Sha256:
 078dada7a7a68bf43a985077ab4f08afa5c8439334c72826906ca7d816fde497 97936 razercfg_0.41+ds.orig.tar.xz
 445a86faa2e29a2f0062760d6e2fad3ab9c615e759fdeb03fc64365970412f53 10444 razercfg_0.41+ds-1.debian.tar.xz
Files:
 64ff6b66a8f7a0a6ef01c184690ab52e 97936 razercfg_0.41+ds.orig.tar.xz
 0034036c459cd3e6532f73c41fc53c56 10444 razercfg_0.41+ds-1.debian.tar.xz

-----BEGIN PGP SIGNATURE-----

iQFFBAEBCgAvFiEE6g0RLAGYhL9yp9G8SylmgFB4UWIFAl4qGukRHGJsdWNhQGRl
Ymlhbi5vcmcACgkQSylmgFB4UWLogQf8C3ah8hlwA9AR14vzKsG3CbEdM3cxzB4j
z7qTo9uRu1i8i7gqxgKSRs8UWMIlXENxBUOnG9SCcY/wmZbfs+hDkXMOq4Pz+DR/
jo3JgjDVjviU98x+KjYcvrg/ZAr4N8A1lUBruIkxHwhRkYtiAwNVVD4bd4BoLER4
7xbYPrCVCzfcFQAILqiBDSGkpYlU6UzqI8xjx2ESjFrAmt1C46/Uyb+rFEdpbEX5
irleCdsnAsSrMs4hW6GN+Q4+nHB9cHEvalDZNvdWY5DQzZrq1Jx65AheCN09u1vq
U5LEnyEn5uKolnxIylydDjFifvqMUrD4EM1XWdqFx0jyRKeb/1aEAg==
=Hlia
-----END PGP SIGNATURE-----

gpgv: unknown type of key resource 'trustedkeys.kbx'
gpgv: keyblock resource '/sbuild-nonexistent/.gnupg/trustedkeys.kbx': General error
gpgv: Signature made Thu Jan 23 22:15:05 2020 UTC
gpgv:                using RSA key EA0D112C019884BF72A7D1BC4B29668050785162
gpgv:                issuer "bluca@debian.org"
gpgv: Can't check signature: No public key
dpkg-source: warning: failed to verify signature on ./razercfg_0.41+ds-1.dsc
dpkg-source: info: extracting razercfg in /<<PKGBUILDDIR>>
dpkg-source: info: unpacking razercfg_0.41+ds.orig.tar.xz
dpkg-source: info: unpacking razercfg_0.41+ds-1.debian.tar.xz

Check disk space
----------------

Sufficient free space for build

User Environment
----------------

APT_CONFIG=/var/lib/sbuild/apt.conf
HOME=/sbuild-nonexistent
LANG=C.UTF-8
LC_ALL=C.UTF-8
LOGNAME=user42
PATH=/usr/local/sbin:/usr/local/bin:/usr/sbin:/usr/bin:/sbin:/bin:/usr/games
SCHROOT_ALIAS_NAME=unstable
SCHROOT_CHROOT_NAME=sid-amd64-sbuild
SCHROOT_COMMAND=env
SCHROOT_GID=1001
SCHROOT_GROUP=user42
SCHROOT_SESSION_ID=sid-amd64-sbuild-076ef19b-56a7-40c5-88a5-a39f349d4be9
SCHROOT_UID=1001
SCHROOT_USER=user42
SHELL=/bin/sh
USER=user42

dpkg-buildpackage
-----------------

Command: dpkg-buildpackage -us -uc -b -rfakeroot
dpkg-buildpackage: info: source package razercfg
dpkg-buildpackage: info: source version 0.41+ds-1
dpkg-buildpackage: info: source distribution unstable
dpkg-buildpackage: info: source changed by Luca Boccassi <bluca@debian.org>
 dpkg-source --before-build .
dpkg-buildpackage: info: host architecture amd64
 debian/rules clean
dh clean --with systemd --with python3 --buildsystem=cmake
   dh_auto_clean -O--buildsystem=cmake
   dh_autoreconf_clean -O--buildsystem=cmake
   debian/rules override_dh_clean
make[1]: Entering directory '/<<PKGBUILDDIR>>'
dh_clean
	rm -f debian/debhelper-build-stamp
	rm -rf debian/.debhelper/
	rm -f -- debian/razercfg.substvars debian/qrazercfg.substvars debian/qrazercfg-applet.substvars debian/files
	rm -fr -- debian/razercfg/ debian/tmp/ debian/qrazercfg/ debian/qrazercfg-applet/
	find .  \( \( \
		\( -path .\*/.git -o -path .\*/.svn -o -path .\*/.bzr -o -path .\*/.hg -o -path .\*/CVS -o -path .\*/.pc -o -path .\*/_darcs \) -prune -o -type f -a \
	        \( -name '#*#' -o -name '.*~' -o -name '*~' -o -name DEADJOE \
		 -o -name '*.orig' -o -name '*.rej' -o -name '*.bak' \
		 -o -name '.*.orig' -o -name .*.rej -o -name '.SUMS' \
		 -o -name TAGS -o \( -path '*/.deps/*' -a -name '*.P' \) \
		\) -exec rm -f {} + \) -o \
		\( -type d -a -name autom4te.cache -prune -exec rm -rf {} + \) \)
rm -rf ui/build ui/pyrazer/__pycache__ ui/setup.py
make[1]: Leaving directory '/<<PKGBUILDDIR>>'
 debian/rules binary
dh binary --with systemd --with python3 --buildsystem=cmake
   dh_update_autotools_config -O--buildsystem=cmake
   dh_autoreconf -O--buildsystem=cmake
   debian/rules override_dh_auto_configure
make[1]: Entering directory '/<<PKGBUILDDIR>>'
dh_auto_configure -- -DLIBRAZER_SHARED=OFF
	install -d obj-x86_64-linux-gnu
	cd obj-x86_64-linux-gnu && cmake -DCMAKE_INSTALL_PREFIX=/usr -DCMAKE_BUILD_TYPE=None -DCMAKE_INSTALL_SYSCONFDIR=/etc -DCMAKE_INSTALL_LOCALSTATEDIR=/var -DCMAKE_EXPORT_NO_PACKAGE_REGISTRY=ON -DCMAKE_FIND_PACKAGE_NO_PACKAGE_REGISTRY=ON "-GUnix Makefiles" -DCMAKE_VERBOSE_MAKEFILE=ON -DCMAKE_INSTALL_LIBDIR=lib/x86_64-linux-gnu -DLIBRAZER_SHARED=OFF ..
-- The C compiler identification is Clang 10.0.0
-- Check for working C compiler: /usr/bin/cc
-- Check for working C compiler: /usr/bin/cc -- works
-- Detecting C compiler ABI info
-- Detecting C compiler ABI info - done
-- Detecting C compile features
-- Detecting C compile features - done
-- Check if the system is big endian
-- Searching 16 bit integer
-- Looking for sys/types.h
-- Looking for sys/types.h - found
-- Looking for stdint.h
-- Looking for stdint.h - found
-- Looking for stddef.h
-- Looking for stddef.h - found
-- Check size of unsigned short
-- Check size of unsigned short - done
-- Using unsigned short
-- Check if the system is big endian - little endian
-- Looking for libusb.h
-- Looking for libusb.h - found
-- Configuring done
-- Generating done
CMake Warning:
  Manually-specified variables were not used by the project:

    CMAKE_EXPORT_NO_PACKAGE_REGISTRY
    CMAKE_FIND_PACKAGE_NO_PACKAGE_REGISTRY
    CMAKE_INSTALL_LIBDIR
    CMAKE_INSTALL_LOCALSTATEDIR
    CMAKE_INSTALL_SYSCONFDIR


-- Build files have been written to: /<<PKGBUILDDIR>>/obj-x86_64-linux-gnu
make[1]: Leaving directory '/<<PKGBUILDDIR>>'
   dh_auto_build -O--buildsystem=cmake
	cd obj-x86_64-linux-gnu && make -j4
make[1]: Entering directory '/<<PKGBUILDDIR>>/obj-x86_64-linux-gnu'
/usr/bin/cmake -S/<<PKGBUILDDIR>> -B/<<PKGBUILDDIR>>/obj-x86_64-linux-gnu --check-build-system CMakeFiles/Makefile.cmake 0
/usr/bin/cmake -E cmake_progress_start /<<PKGBUILDDIR>>/obj-x86_64-linux-gnu/CMakeFiles /<<PKGBUILDDIR>>/obj-x86_64-linux-gnu/CMakeFiles/progress.marks
make -f CMakeFiles/Makefile2 all
make[2]: Entering directory '/<<PKGBUILDDIR>>/obj-x86_64-linux-gnu'
make -f librazer/CMakeFiles/razer.dir/build.make librazer/CMakeFiles/razer.dir/depend
make -f ui/CMakeFiles/pyrazer.dir/build.make ui/CMakeFiles/pyrazer.dir/depend
make[3]: Entering directory '/<<PKGBUILDDIR>>/obj-x86_64-linux-gnu'
cd /<<PKGBUILDDIR>>/obj-x86_64-linux-gnu && /usr/bin/cmake -E cmake_depends "Unix Makefiles" /<<PKGBUILDDIR>> /<<PKGBUILDDIR>>/librazer /<<PKGBUILDDIR>>/obj-x86_64-linux-gnu /<<PKGBUILDDIR>>/obj-x86_64-linux-gnu/librazer /<<PKGBUILDDIR>>/obj-x86_64-linux-gnu/librazer/CMakeFiles/razer.dir/DependInfo.cmake --color=
make[3]: Entering directory '/<<PKGBUILDDIR>>/obj-x86_64-linux-gnu'
cd /<<PKGBUILDDIR>>/obj-x86_64-linux-gnu && /usr/bin/cmake -E cmake_depends "Unix Makefiles" /<<PKGBUILDDIR>> /<<PKGBUILDDIR>>/ui /<<PKGBUILDDIR>>/obj-x86_64-linux-gnu /<<PKGBUILDDIR>>/obj-x86_64-linux-gnu/ui /<<PKGBUILDDIR>>/obj-x86_64-linux-gnu/ui/CMakeFiles/pyrazer.dir/DependInfo.cmake --color=
Scanning dependencies of target pyrazer
make[3]: Leaving directory '/<<PKGBUILDDIR>>/obj-x86_64-linux-gnu'
make -f ui/CMakeFiles/pyrazer.dir/build.make ui/CMakeFiles/pyrazer.dir/build
make[3]: Entering directory '/<<PKGBUILDDIR>>/obj-x86_64-linux-gnu'
Scanning dependencies of target razer
make[3]: Leaving directory '/<<PKGBUILDDIR>>/obj-x86_64-linux-gnu'
make -f librazer/CMakeFiles/razer.dir/build.make librazer/CMakeFiles/razer.dir/build
[  4%] Generating build/stamp
cd /<<PKGBUILDDIR>>/ui && /usr/bin/python3 /<<PKGBUILDDIR>>/obj-x86_64-linux-gnu/ui/setup.py build --build-base /<<PKGBUILDDIR>>/obj-x86_64-linux-gnu/ui/build
make[3]: Entering directory '/<<PKGBUILDDIR>>/obj-x86_64-linux-gnu'
[  8%] Building C object librazer/CMakeFiles/razer.dir/buttonmapping.o
cd /<<PKGBUILDDIR>>/obj-x86_64-linux-gnu/librazer && /usr/bin/cc -DLITTLE_ENDIAN_HOST -DRAZERCFG_BUILD -D_BSD_SOURCE -D_DEFAULT_SOURCE -D_FORTIFY_SOURCE=2 -D_GNU_SOURCE -I/usr/include/libusb-1.0  -g -O2 -fdebug-prefix-map=/<<PKGBUILDDIR>>=. -fstack-protector-strong -Wformat -Werror=format-security -Wdate-time -D_FORTIFY_SOURCE=2   -O2 -std=c99 -fstack-protector -fstack-check -Wall -Wformat -Wformat-security -Wextra -Wno-unused-parameter -Wsuggest-attribute=noreturn -Wundef -Wpointer-arith -Wcast-qual -Wlogical-op -Wshadow -o CMakeFiles/razer.dir/buttonmapping.o   -c /<<PKGBUILDDIR>>/librazer/buttonmapping.c
[ 12%] Building C object librazer/CMakeFiles/razer.dir/librazer.o
cd /<<PKGBUILDDIR>>/obj-x86_64-linux-gnu/librazer && /usr/bin/cc -DLITTLE_ENDIAN_HOST -DRAZERCFG_BUILD -D_BSD_SOURCE -D_DEFAULT_SOURCE -D_FORTIFY_SOURCE=2 -D_GNU_SOURCE -I/usr/include/libusb-1.0  -g -O2 -fdebug-prefix-map=/<<PKGBUILDDIR>>=. -fstack-protector-strong -Wformat -Werror=format-security -Wdate-time -D_FORTIFY_SOURCE=2   -O2 -std=c99 -fstack-protector -fstack-check -Wall -Wformat -Wformat-security -Wextra -Wno-unused-parameter -Wsuggest-attribute=noreturn -Wundef -Wpointer-arith -Wcast-qual -Wlogical-op -Wshadow -o CMakeFiles/razer.dir/librazer.o   -c /<<PKGBUILDDIR>>/librazer/librazer.c
[ 16%] Building C object librazer/CMakeFiles/razer.dir/profile_emulation.o
cd /<<PKGBUILDDIR>>/obj-x86_64-linux-gnu/librazer && /usr/bin/cc -DLITTLE_ENDIAN_HOST -DRAZERCFG_BUILD -D_BSD_SOURCE -D_DEFAULT_SOURCE -D_FORTIFY_SOURCE=2 -D_GNU_SOURCE -I/usr/include/libusb-1.0  -g -O2 -fdebug-prefix-map=/<<PKGBUILDDIR>>=. -fstack-protector-strong -Wformat -Werror=format-security -Wdate-time -D_FORTIFY_SOURCE=2   -O2 -std=c99 -fstack-protector -fstack-check -Wall -Wformat -Wformat-security -Wextra -Wno-unused-parameter -Wsuggest-attribute=noreturn -Wundef -Wpointer-arith -Wcast-qual -Wlogical-op -Wshadow -o CMakeFiles/razer.dir/profile_emulation.o   -c /<<PKGBUILDDIR>>/librazer/profile_emulation.c
warning: unknown warning option '-Wsuggest-attribute=noreturn' [-Wunknown-warning-option]
warning: unknown warning option '-Wlogical-op'; did you mean '-Wlong-long'? [-Wunknown-warning-option]
warning: unknown warning option '-Wsuggest-attribute=noreturn' [-Wunknown-warning-option]
warning: unknown warning option '-Wlogical-op'; did you mean '-Wlong-long'? [-Wunknown-warning-option]
warning: unknown warning option '-Wsuggest-attribute=noreturn' [-Wunknown-warning-option]
warning: unknown warning option '-Wlogical-op'; did you mean '-Wlong-long'? [-Wunknown-warning-option]
running build
running build_py
creating /<<PKGBUILDDIR>>/obj-x86_64-linux-gnu/ui/build
creating /<<PKGBUILDDIR>>/obj-x86_64-linux-gnu/ui/build/lib
creating /<<PKGBUILDDIR>>/obj-x86_64-linux-gnu/ui/build/lib/pyrazer
copying pyrazer/__init__.py -> /<<PKGBUILDDIR>>/obj-x86_64-linux-gnu/ui/build/lib/pyrazer
copying pyrazer/ui.py -> /<<PKGBUILDDIR>>/obj-x86_64-linux-gnu/ui/build/lib/pyrazer
copying pyrazer/main.py -> /<<PKGBUILDDIR>>/obj-x86_64-linux-gnu/ui/build/lib/pyrazer
running build_scripts
creating /<<PKGBUILDDIR>>/obj-x86_64-linux-gnu/ui/build/scripts-3.7
copying and adjusting razercfg -> /<<PKGBUILDDIR>>/obj-x86_64-linux-gnu/ui/build/scripts-3.7
copying and adjusting qrazercfg -> /<<PKGBUILDDIR>>/obj-x86_64-linux-gnu/ui/build/scripts-3.7
copying and adjusting qrazercfg-applet -> /<<PKGBUILDDIR>>/obj-x86_64-linux-gnu/ui/build/scripts-3.7
changing mode of /<<PKGBUILDDIR>>/obj-x86_64-linux-gnu/ui/build/scripts-3.7/razercfg from 644 to 755
changing mode of /<<PKGBUILDDIR>>/obj-x86_64-linux-gnu/ui/build/scripts-3.7/qrazercfg from 644 to 755
changing mode of /<<PKGBUILDDIR>>/obj-x86_64-linux-gnu/ui/build/scripts-3.7/qrazercfg-applet from 644 to 755
cd /<<PKGBUILDDIR>>/ui && /usr/bin/cmake -E touch /<<PKGBUILDDIR>>/obj-x86_64-linux-gnu/ui/build/stamp
2 warnings generated.
make[3]: Leaving directory '/<<PKGBUILDDIR>>/obj-x86_64-linux-gnu'
[ 20%] Building C object librazer/CMakeFiles/razer.dir/config.o
cd /<<PKGBUILDDIR>>/obj-x86_64-linux-gnu/librazer && /usr/bin/cc -DLITTLE_ENDIAN_HOST -DRAZERCFG_BUILD -D_BSD_SOURCE -D_DEFAULT_SOURCE -D_FORTIFY_SOURCE=2 -D_GNU_SOURCE -I/usr/include/libusb-1.0  -g -O2 -fdebug-prefix-map=/<<PKGBUILDDIR>>=. -fstack-protector-strong -Wformat -Werror=format-security -Wdate-time -D_FORTIFY_SOURCE=2   -O2 -std=c99 -fstack-protector -fstack-check -Wall -Wformat -Wformat-security -Wextra -Wno-unused-parameter -Wsuggest-attribute=noreturn -Wundef -Wpointer-arith -Wcast-qual -Wlogical-op -Wshadow -o CMakeFiles/razer.dir/config.o   -c /<<PKGBUILDDIR>>/librazer/config.c
warning: unknown warning option '-Wsuggest-attribute=noreturn' [-Wunknown-warning-option]
warning: unknown warning option '-Wlogical-op'; did you mean '-Wlong-long'? [-Wunknown-warning-option]
[ 20%] Built target pyrazer
[ 25%] Building C object librazer/CMakeFiles/razer.dir/util.o
cd /<<PKGBUILDDIR>>/obj-x86_64-linux-gnu/librazer && /usr/bin/cc -DLITTLE_ENDIAN_HOST -DRAZERCFG_BUILD -D_BSD_SOURCE -D_DEFAULT_SOURCE -D_FORTIFY_SOURCE=2 -D_GNU_SOURCE -I/usr/include/libusb-1.0  -g -O2 -fdebug-prefix-map=/<<PKGBUILDDIR>>=. -fstack-protector-strong -Wformat -Werror=format-security -Wdate-time -D_FORTIFY_SOURCE=2   -O2 -std=c99 -fstack-protector -fstack-check -Wall -Wformat -Wformat-security -Wextra -Wno-unused-parameter -Wsuggest-attribute=noreturn -Wundef -Wpointer-arith -Wcast-qual -Wlogical-op -Wshadow -o CMakeFiles/razer.dir/util.o   -c /<<PKGBUILDDIR>>/librazer/util.c
warning: unknown warning option '-Wsuggest-attribute=noreturn' [-Wunknown-warning-option]
warning: unknown warning option '-Wlogical-op'; did you mean '-Wlong-long'? [-Wunknown-warning-option]
2 warnings generated.
2 warnings generated.
[ 29%] Building C object librazer/CMakeFiles/razer.dir/synapse.o
cd /<<PKGBUILDDIR>>/obj-x86_64-linux-gnu/librazer && /usr/bin/cc -DLITTLE_ENDIAN_HOST -DRAZERCFG_BUILD -D_BSD_SOURCE -D_DEFAULT_SOURCE -D_FORTIFY_SOURCE=2 -D_GNU_SOURCE -I/usr/include/libusb-1.0  -g -O2 -fdebug-prefix-map=/<<PKGBUILDDIR>>=. -fstack-protector-strong -Wformat -Werror=format-security -Wdate-time -D_FORTIFY_SOURCE=2   -O2 -std=c99 -fstack-protector -fstack-check -Wall -Wformat -Wformat-security -Wextra -Wno-unused-parameter -Wsuggest-attribute=noreturn -Wundef -Wpointer-arith -Wcast-qual -Wlogical-op -Wshadow -o CMakeFiles/razer.dir/synapse.o   -c /<<PKGBUILDDIR>>/librazer/synapse.c
[ 33%] Building C object librazer/CMakeFiles/razer.dir/cypress_bootloader.o
cd /<<PKGBUILDDIR>>/obj-x86_64-linux-gnu/librazer && /usr/bin/cc -DLITTLE_ENDIAN_HOST -DRAZERCFG_BUILD -D_BSD_SOURCE -D_DEFAULT_SOURCE -D_FORTIFY_SOURCE=2 -D_GNU_SOURCE -I/usr/include/libusb-1.0  -g -O2 -fdebug-prefix-map=/<<PKGBUILDDIR>>=. -fstack-protector-strong -Wformat -Werror=format-security -Wdate-time -D_FORTIFY_SOURCE=2   -O2 -std=c99 -fstack-protector -fstack-check -Wall -Wformat -Wformat-security -Wextra -Wno-unused-parameter -Wsuggest-attribute=noreturn -Wundef -Wpointer-arith -Wcast-qual -Wlogical-op -Wshadow -o CMakeFiles/razer.dir/cypress_bootloader.o   -c /<<PKGBUILDDIR>>/librazer/cypress_bootloader.c
warning: unknown warning option '-Wsuggest-attribute=noreturn' [-Wunknown-warning-option]
warning: unknown warning option '-Wlogical-op'; did you mean '-Wlong-long'? [-Wunknown-warning-option]
warning: unknown warning option '-Wsuggest-attribute=noreturn' [-Wunknown-warning-option]
warning: unknown warning option '-Wlogical-op'; did you mean '-Wlong-long'? [-Wunknown-warning-option]
2 warnings generated.
[ 37%] Building C object librazer/CMakeFiles/razer.dir/hw_boomslangce.o
cd /<<PKGBUILDDIR>>/obj-x86_64-linux-gnu/librazer && /usr/bin/cc -DLITTLE_ENDIAN_HOST -DRAZERCFG_BUILD -D_BSD_SOURCE -D_DEFAULT_SOURCE -D_FORTIFY_SOURCE=2 -D_GNU_SOURCE -I/usr/include/libusb-1.0  -g -O2 -fdebug-prefix-map=/<<PKGBUILDDIR>>=. -fstack-protector-strong -Wformat -Werror=format-security -Wdate-time -D_FORTIFY_SOURCE=2   -O2 -std=c99 -fstack-protector -fstack-check -Wall -Wformat -Wformat-security -Wextra -Wno-unused-parameter -Wsuggest-attribute=noreturn -Wundef -Wpointer-arith -Wcast-qual -Wlogical-op -Wshadow -o CMakeFiles/razer.dir/hw_boomslangce.o   -c /<<PKGBUILDDIR>>/librazer/hw_boomslangce.c
22 warnings generated.
warning: unknown warning option '-Wsuggest-attribute=noreturn' [-Wunknown-warning-option]
warning warnings generated.
: unknown warning option '-Wlogical-op'; did you mean '-Wlong-long'? [-Wunknown-warning-option]
[ 41%] Building C object librazer/CMakeFiles/razer.dir/hw_copperhead.o
cd /<<PKGBUILDDIR>>/obj-x86_64-linux-gnu/librazer && /usr/bin/cc -DLITTLE_ENDIAN_HOST -DRAZERCFG_BUILD -D_BSD_SOURCE -D_DEFAULT_SOURCE -D_FORTIFY_SOURCE=2 -D_GNU_SOURCE -I/usr/include/libusb-1.0  -g -O2 -fdebug-prefix-map=/<<PKGBUILDDIR>>=. -fstack-protector-strong -Wformat -Werror=format-security -Wdate-time -D_FORTIFY_SOURCE=2   -O2 -std=c99 -fstack-protector -fstack-check -Wall -Wformat -Wformat-security -Wextra -Wno-unused-parameter -Wsuggest-attribute=noreturn -Wundef -Wpointer-arith -Wcast-qual -Wlogical-op -Wshadow -o CMakeFiles/razer.dir/hw_copperhead.o   -c /<<PKGBUILDDIR>>/librazer/hw_copperhead.c
[ 45%] Building C object librazer/CMakeFiles/razer.dir/hw_deathadder.o
cd /<<PKGBUILDDIR>>/obj-x86_64-linux-gnu/librazer && /usr/bin/cc -DLITTLE_ENDIAN_HOST -DRAZERCFG_BUILD -D_BSD_SOURCE -D_DEFAULT_SOURCE -D_FORTIFY_SOURCE=2 -D_GNU_SOURCE -I/usr/include/libusb-1.0  -g -O2 -fdebug-prefix-map=/<<PKGBUILDDIR>>=. -fstack-protector-strong -Wformat -Werror=format-security -Wdate-time -D_FORTIFY_SOURCE=2   -O2 -std=c99 -fstack-protector -fstack-check -Wall -Wformat -Wformat-security -Wextra -Wno-unused-parameter -Wsuggest-attribute=noreturn -Wundef -Wpointer-arith -Wcast-qual -Wlogical-op -Wshadow -o CMakeFiles/razer.dir/hw_deathadder.o   -c /<<PKGBUILDDIR>>/librazer/hw_deathadder.c
warning: unknown warning option '-Wsuggest-attribute=noreturn' [-Wunknown-warning-option]
warning: unknown warning option '-Wlogical-op'; did you mean '-Wlong-long'? [-Wunknown-warning-option]
warning: unknown warning option '-Wsuggest-attribute=noreturn' [-Wunknown-warning-option]
warning: unknown warning option '-Wlogical-op'; did you mean '-Wlong-long'? [-Wunknown-warning-option]
2 warnings generated.
[ 50%] Building C object librazer/CMakeFiles/razer.dir/hw_deathadder2013.o
cd /<<PKGBUILDDIR>>/obj-x86_64-linux-gnu/librazer && /usr/bin/cc -DLITTLE_ENDIAN_HOST -DRAZERCFG_BUILD -D_BSD_SOURCE -D_DEFAULT_SOURCE -D_FORTIFY_SOURCE=2 -D_GNU_SOURCE -I/usr/include/libusb-1.0  -g -O2 -fdebug-prefix-map=/<<PKGBUILDDIR>>=. -fstack-protector-strong -Wformat -Werror=format-security -Wdate-time -D_FORTIFY_SOURCE=2   -O2 -std=c99 -fstack-protector -fstack-check -Wall -Wformat -Wformat-security -Wextra -Wno-unused-parameter -Wsuggest-attribute=noreturn -Wundef -Wpointer-arith -Wcast-qual -Wlogical-op -Wshadow -o CMakeFiles/razer.dir/hw_deathadder2013.o   -c /<<PKGBUILDDIR>>/librazer/hw_deathadder2013.c
warning: unknown warning option '-Wsuggest-attribute=noreturn' [-Wunknown-warning-option]
warning: unknown warning option '-Wlogical-op'; did you mean '-Wlong-long'? [-Wunknown-warning-option]
2 warnings generated.
[ 54%] Building C object librazer/CMakeFiles/razer.dir/hw_deathadder_chroma.o
cd /<<PKGBUILDDIR>>/obj-x86_64-linux-gnu/librazer && /usr/bin/cc -DLITTLE_ENDIAN_HOST -DRAZERCFG_BUILD -D_BSD_SOURCE -D_DEFAULT_SOURCE -D_FORTIFY_SOURCE=2 -D_GNU_SOURCE -I/usr/include/libusb-1.0  -g -O2 -fdebug-prefix-map=/<<PKGBUILDDIR>>=. -fstack-protector-strong -Wformat -Werror=format-security -Wdate-time -D_FORTIFY_SOURCE=2   -O2 -std=c99 -fstack-protector -fstack-check -Wall -Wformat -Wformat-security -Wextra -Wno-unused-parameter -Wsuggest-attribute=noreturn -Wundef -Wpointer-arith -Wcast-qual -Wlogical-op -Wshadow -o CMakeFiles/razer.dir/hw_deathadder_chroma.o   -c /<<PKGBUILDDIR>>/librazer/hw_deathadder_chroma.c
2 warnings generated.
warning: unknown warning option '-Wsuggest-attribute=noreturn' [-Wunknown-warning-option]
warning: unknown warning option '-Wlogical-op'; did you mean '-Wlong-long'? [-Wunknown-warning-option]
[ 58%] Building C object librazer/CMakeFiles/razer.dir/hw_krait.o
cd /<<PKGBUILDDIR>>/obj-x86_64-linux-gnu/librazer && /usr/bin/cc -DLITTLE_ENDIAN_HOST -DRAZERCFG_BUILD -D_BSD_SOURCE -D_DEFAULT_SOURCE -D_FORTIFY_SOURCE=2 -D_GNU_SOURCE -I/usr/include/libusb-1.0  -g -O2 -fdebug-prefix-map=/<<PKGBUILDDIR>>=. -fstack-protector-strong -Wformat -Werror=format-security -Wdate-time -D_FORTIFY_SOURCE=2   -O2 -std=c99 -fstack-protector -fstack-check -Wall -Wformat -Wformat-security -Wextra -Wno-unused-parameter -Wsuggest-attribute=noreturn -Wundef -Wpointer-arith -Wcast-qual -Wlogical-op -Wshadow -o CMakeFiles/razer.dir/hw_krait.o   -c /<<PKGBUILDDIR>>/librazer/hw_krait.c
warning: unknown warning option '-Wsuggest-attribute=noreturn' [-Wunknown-warning-option]
warning: unknown warning option '-Wlogical-op'; did you mean '-Wlong-long'? [-Wunknown-warning-option]
2 warnings generated.
[ 62%] Building C object librazer/CMakeFiles/razer.dir/hw_lachesis.o
cd /<<PKGBUILDDIR>>/obj-x86_64-linux-gnu/librazer && /usr/bin/cc -DLITTLE_ENDIAN_HOST -DRAZERCFG_BUILD -D_BSD_SOURCE -D_DEFAULT_SOURCE -D_FORTIFY_SOURCE=2 -D_GNU_SOURCE -I/usr/include/libusb-1.0  -g -O2 -fdebug-prefix-map=/<<PKGBUILDDIR>>=. -fstack-protector-strong -Wformat -Werror=format-security -Wdate-time -D_FORTIFY_SOURCE=2   -O2 -std=c99 -fstack-protector -fstack-check -Wall -Wformat -Wformat-security -Wextra -Wno-unused-parameter -Wsuggest-attribute=noreturn -Wundef -Wpointer-arith -Wcast-qual -Wlogical-op -Wshadow -o CMakeFiles/razer.dir/hw_lachesis.o   -c /<<PKGBUILDDIR>>/librazer/hw_lachesis.c
2 warnings generated.
2 warnings generated.
warning: unknown warning option '-Wsuggest-attribute=noreturn' [-Wunknown-warning-option]
warning: unknown warning option '-Wlogical-op'; did you mean '-Wlong-long'? [-Wunknown-warning-option]
[ 66%] Building C object librazer/CMakeFiles/razer.dir/hw_naga.o
cd /<<PKGBUILDDIR>>/obj-x86_64-linux-gnu/librazer && /usr/bin/cc -DLITTLE_ENDIAN_HOST -DRAZERCFG_BUILD -D_BSD_SOURCE -D_DEFAULT_SOURCE -D_FORTIFY_SOURCE=2 -D_GNU_SOURCE -I/usr/include/libusb-1.0  -g -O2 -fdebug-prefix-map=/<<PKGBUILDDIR>>=. -fstack-protector-strong -Wformat -Werror=format-security -Wdate-time -D_FORTIFY_SOURCE=2   -O2 -std=c99 -fstack-protector -fstack-check -Wall -Wformat -Wformat-security -Wextra -Wno-unused-parameter -Wsuggest-attribute=noreturn -Wundef -Wpointer-arith -Wcast-qual -Wlogical-op -Wshadow -o CMakeFiles/razer.dir/hw_naga.o   -c /<<PKGBUILDDIR>>/librazer/hw_naga.c
[ 70%] Building C object librazer/CMakeFiles/razer.dir/hw_lachesis5k6.o
warning: unknown warning option '-Wsuggest-attribute=noreturn' [-Wunknown-warning-option]
warning: unknown warning option '-Wlogical-op'; did you mean '-Wlong-long'? [-Wunknown-warning-option]
cd /<<PKGBUILDDIR>>/obj-x86_64-linux-gnu/librazer && /usr/bin/cc -DLITTLE_ENDIAN_HOST -DRAZERCFG_BUILD -D_BSD_SOURCE -D_DEFAULT_SOURCE -D_FORTIFY_SOURCE=2 -D_GNU_SOURCE -I/usr/include/libusb-1.0  -g -O2 -fdebug-prefix-map=/<<PKGBUILDDIR>>=. -fstack-protector-strong -Wformat -Werror=format-security -Wdate-time -D_FORTIFY_SOURCE=2   -O2 -std=c99 -fstack-protector -fstack-check -Wall -Wformat -Wformat-security -Wextra -Wno-unused-parameter -Wsuggest-attribute=noreturn -Wundef -Wpointer-arith -Wcast-qual -Wlogical-op -Wshadow -o CMakeFiles/razer.dir/hw_lachesis5k6.o   -c /<<PKGBUILDDIR>>/librazer/hw_lachesis5k6.c
2 warnings generated.
[ 75%] Building C object librazer/CMakeFiles/razer.dir/hw_imperator.o
cd /<<PKGBUILDDIR>>/obj-x86_64-linux-gnu/librazer && /usr/bin/cc -DLITTLE_ENDIAN_HOST -DRAZERCFG_BUILD -D_BSD_SOURCE -D_DEFAULT_SOURCE -D_FORTIFY_SOURCE=2 -D_GNU_SOURCE -I/usr/include/libusb-1.0  -g -O2 -fdebug-prefix-map=/<<PKGBUILDDIR>>=. -fstack-protector-strong -Wformat -Werror=format-security -Wdate-time -D_FORTIFY_SOURCE=2   -O2 -std=c99 -fstack-protector -fstack-check -Wall -Wformat -Wformat-security -Wextra -Wno-unused-parameter -Wsuggest-attribute=noreturn -Wundef -Wpointer-arith -Wcast-qual -Wlogical-op -Wshadow -o CMakeFiles/razer.dir/hw_imperator.o   -c /<<PKGBUILDDIR>>/librazer/hw_imperator.c
warningwarning: unknown warning option '-Wsuggest-attribute=noreturn' [-Wunknown-warning-option]
warning: unknown warning option '-Wlogical-op'; did you mean '-Wlong-long'? [-Wunknown-warning-option]
: unknown warning option '-Wsuggest-attribute=noreturn' [-Wunknown-warning-option]
warning: unknown warning option '-Wlogical-op'; did you mean '-Wlong-long'? [-Wunknown-warning-option]
2 warnings generated.
[ 79%] Building C object librazer/CMakeFiles/razer.dir/hw_taipan.o
cd /<<PKGBUILDDIR>>/obj-x86_64-linux-gnu/librazer && /usr/bin/cc -DLITTLE_ENDIAN_HOST -DRAZERCFG_BUILD -D_BSD_SOURCE -D_DEFAULT_SOURCE -D_FORTIFY_SOURCE=2 -D_GNU_SOURCE -I/usr/include/libusb-1.0  -g -O2 -fdebug-prefix-map=/<<PKGBUILDDIR>>=. -fstack-protector-strong -Wformat -Werror=format-security -Wdate-time -D_FORTIFY_SOURCE=2   -O2 -std=c99 -fstack-protector -fstack-check -Wall -Wformat -Wformat-security -Wextra -Wno-unused-parameter -Wsuggest-attribute=noreturn -Wundef -Wpointer-arith -Wcast-qual -Wlogical-op -Wshadow -o CMakeFiles/razer.dir/hw_taipan.o   -c /<<PKGBUILDDIR>>/librazer/hw_taipan.c
2 warnings generated.
warning: unknown warning option '-Wsuggest-attribute=noreturn' [-Wunknown-warning-option]
warning: unknown warning option '-Wlogical-op'; did you mean '-Wlong-long'? [-Wunknown-warning-option]
2 warnings generated.
[ 83%] Building C object librazer/CMakeFiles/razer.dir/hw_mamba_tournament_edition.o
cd /<<PKGBUILDDIR>>/obj-x86_64-linux-gnu/librazer && /usr/bin/cc -DLITTLE_ENDIAN_HOST -DRAZERCFG_BUILD -D_BSD_SOURCE -D_DEFAULT_SOURCE -D_FORTIFY_SOURCE=2 -D_GNU_SOURCE -I/usr/include/libusb-1.0  -g -O2 -fdebug-prefix-map=/<<PKGBUILDDIR>>=. -fstack-protector-strong -Wformat -Werror=format-security -Wdate-time -D_FORTIFY_SOURCE=2   -O2 -std=c99 -fstack-protector -fstack-check -Wall -Wformat -Wformat-security -Wextra -Wno-unused-parameter -Wsuggest-attribute=noreturn -Wundef -Wpointer-arith -Wcast-qual -Wlogical-op -Wshadow -o CMakeFiles/razer.dir/hw_mamba_tournament_edition.o   -c /<<PKGBUILDDIR>>/librazer/hw_mamba_tournament_edition.c
warning: unknown warning option '-Wsuggest-attribute=noreturn' [-Wunknown-warning-option]
warning: unknown warning option '-Wlogical-op'; did you mean '-Wlong-long'? [-Wunknown-warning-option]
2 warnings generated.
[ 87%] Building C object librazer/CMakeFiles/razer.dir/hw_diamondback_chroma.o
cd /<<PKGBUILDDIR>>/obj-x86_64-linux-gnu/librazer && /usr/bin/cc -DLITTLE_ENDIAN_HOST -DRAZERCFG_BUILD -D_BSD_SOURCE -D_DEFAULT_SOURCE -D_FORTIFY_SOURCE=2 -D_GNU_SOURCE -I/usr/include/libusb-1.0  -g -O2 -fdebug-prefix-map=/<<PKGBUILDDIR>>=. -fstack-protector-strong -Wformat -Werror=format-security -Wdate-time -D_FORTIFY_SOURCE=2   -O2 -std=c99 -fstack-protector -fstack-check -Wall -Wformat -Wformat-security -Wextra -Wno-unused-parameter -Wsuggest-attribute=noreturn -Wundef -Wpointer-arith -Wcast-qual -Wlogical-op -Wshadow -o CMakeFiles/razer.dir/hw_diamondback_chroma.o   -c /<<PKGBUILDDIR>>/librazer/hw_diamondback_chroma.c
warning: unknown warning option '-Wsuggest-attribute=noreturn' [-Wunknown-warning-option]
warning: unknown warning option '-Wlogical-op'; did you mean '-Wlong-long'? [-Wunknown-warning-option]
2 warnings generated.
2 warnings generated.
2 warnings generated.
[ 91%] Linking C static library librazer.a
cd /<<PKGBUILDDIR>>/obj-x86_64-linux-gnu/librazer && /usr/bin/cmake -P CMakeFiles/razer.dir/cmake_clean_target.cmake
cd /<<PKGBUILDDIR>>/obj-x86_64-linux-gnu/librazer && /usr/bin/cmake -E cmake_link_script CMakeFiles/razer.dir/link.txt --verbose=1
/usr/bin/ar qc librazer.a  CMakeFiles/razer.dir/buttonmapping.o CMakeFiles/razer.dir/profile_emulation.o CMakeFiles/razer.dir/librazer.o CMakeFiles/razer.dir/config.o CMakeFiles/razer.dir/util.o CMakeFiles/razer.dir/synapse.o CMakeFiles/razer.dir/cypress_bootloader.o CMakeFiles/razer.dir/hw_boomslangce.o CMakeFiles/razer.dir/hw_copperhead.o CMakeFiles/razer.dir/hw_deathadder.o CMakeFiles/razer.dir/hw_deathadder2013.o CMakeFiles/razer.dir/hw_deathadder_chroma.o CMakeFiles/razer.dir/hw_krait.o CMakeFiles/razer.dir/hw_lachesis.o CMakeFiles/razer.dir/hw_lachesis5k6.o CMakeFiles/razer.dir/hw_naga.o CMakeFiles/razer.dir/hw_imperator.o CMakeFiles/razer.dir/hw_taipan.o CMakeFiles/razer.dir/hw_mamba_tournament_edition.o CMakeFiles/razer.dir/hw_diamondback_chroma.o
/usr/bin/ranlib librazer.a
make[3]: Leaving directory '/<<PKGBUILDDIR>>/obj-x86_64-linux-gnu'
[ 91%] Built target razer
make -f razerd/CMakeFiles/razerd.dir/build.make razerd/CMakeFiles/razerd.dir/depend
make[3]: Entering directory '/<<PKGBUILDDIR>>/obj-x86_64-linux-gnu'
cd /<<PKGBUILDDIR>>/obj-x86_64-linux-gnu && /usr/bin/cmake -E cmake_depends "Unix Makefiles" /<<PKGBUILDDIR>> /<<PKGBUILDDIR>>/razerd /<<PKGBUILDDIR>>/obj-x86_64-linux-gnu /<<PKGBUILDDIR>>/obj-x86_64-linux-gnu/razerd /<<PKGBUILDDIR>>/obj-x86_64-linux-gnu/razerd/CMakeFiles/razerd.dir/DependInfo.cmake --color=
Scanning dependencies of target razerd
make[3]: Leaving directory '/<<PKGBUILDDIR>>/obj-x86_64-linux-gnu'
make -f razerd/CMakeFiles/razerd.dir/build.make razerd/CMakeFiles/razerd.dir/build
make[3]: Entering directory '/<<PKGBUILDDIR>>/obj-x86_64-linux-gnu'
[ 95%] Building C object razerd/CMakeFiles/razerd.dir/razerd.o
cd /<<PKGBUILDDIR>>/obj-x86_64-linux-gnu/razerd && /usr/bin/cc -DLITTLE_ENDIAN_HOST -DRAZERCFG_BUILD -D_BSD_SOURCE -D_DEFAULT_SOURCE -D_FORTIFY_SOURCE=2 -D_GNU_SOURCE -I/usr/include/libusb-1.0 -I/<<PKGBUILDDIR>>/librazer  -g -O2 -fdebug-prefix-map=/<<PKGBUILDDIR>>=. -fstack-protector-strong -Wformat -Werror=format-security -Wdate-time -D_FORTIFY_SOURCE=2   -O2 -std=c99 -fstack-protector -fstack-check -Wall -Wformat -Wformat-security -Wextra -Wno-unused-parameter -Wsuggest-attribute=noreturn -Wundef -Wpointer-arith -Wcast-qual -Wlogical-op -Wshadow -o CMakeFiles/razerd.dir/razerd.o   -c /<<PKGBUILDDIR>>/razerd/razerd.c
warning: unknown warning option '-Wsuggest-attribute=noreturn' [-Wunknown-warning-option]
warning: unknown warning option '-Wlogical-op'; did you mean '-Wlong-long'? [-Wunknown-warning-option]
2 warnings generated.
[100%] Linking C executable razerd
cd /<<PKGBUILDDIR>>/obj-x86_64-linux-gnu/razerd && /usr/bin/cmake -E cmake_link_script CMakeFiles/razerd.dir/link.txt --verbose=1
/usr/bin/cc -g -O2 -fdebug-prefix-map=/<<PKGBUILDDIR>>=. -fstack-protector-strong -Wformat -Werror=format-security -Wdate-time -D_FORTIFY_SOURCE=2  -Wl,-z,relro -rdynamic CMakeFiles/razerd.dir/razerd.o  -o razerd  ../librazer/librazer.a -lusb-1.0 
make[3]: Leaving directory '/<<PKGBUILDDIR>>/obj-x86_64-linux-gnu'
[100%] Built target razerd
make[2]: Leaving directory '/<<PKGBUILDDIR>>/obj-x86_64-linux-gnu'
/usr/bin/cmake -E cmake_progress_start /<<PKGBUILDDIR>>/obj-x86_64-linux-gnu/CMakeFiles 0
make[1]: Leaving directory '/<<PKGBUILDDIR>>/obj-x86_64-linux-gnu'
   dh_auto_test -O--buildsystem=cmake
   create-stamp debian/debhelper-build-stamp
   dh_testroot -O--buildsystem=cmake
   dh_prep -O--buildsystem=cmake
	rm -f -- debian/razercfg.substvars debian/qrazercfg.substvars debian/qrazercfg-applet.substvars
	rm -fr -- debian/.debhelper/generated/razercfg/ debian/razercfg/ debian/tmp/ debian/.debhelper/generated/qrazercfg/ debian/qrazercfg/ debian/.debhelper/generated/qrazercfg-applet/ debian/qrazercfg-applet/
   dh_auto_install -O--buildsystem=cmake
	install -d debian/razercfg debian/qrazercfg debian/qrazercfg-applet
	cd obj-x86_64-linux-gnu && make -j4 install DESTDIR=/<<BUILDDIR>>/razercfg-0.41\+ds/debian/tmp AM_UPDATE_INFO_DIR=no
make[1]: Entering directory '/<<PKGBUILDDIR>>/obj-x86_64-linux-gnu'
/usr/bin/cmake -S/<<PKGBUILDDIR>> -B/<<PKGBUILDDIR>>/obj-x86_64-linux-gnu --check-build-system CMakeFiles/Makefile.cmake 0
/usr/bin/cmake -E cmake_progress_start /<<PKGBUILDDIR>>/obj-x86_64-linux-gnu/CMakeFiles /<<PKGBUILDDIR>>/obj-x86_64-linux-gnu/CMakeFiles/progress.marks
make -f CMakeFiles/Makefile2 all
make[2]: Entering directory '/<<PKGBUILDDIR>>/obj-x86_64-linux-gnu'
make -f librazer/CMakeFiles/razer.dir/build.make librazer/CMakeFiles/razer.dir/depend
make -f ui/CMakeFiles/pyrazer.dir/build.make ui/CMakeFiles/pyrazer.dir/depend
make[3]: Entering directory '/<<PKGBUILDDIR>>/obj-x86_64-linux-gnu'
cd /<<PKGBUILDDIR>>/obj-x86_64-linux-gnu && /usr/bin/cmake -E cmake_depends "Unix Makefiles" /<<PKGBUILDDIR>> /<<PKGBUILDDIR>>/ui /<<PKGBUILDDIR>>/obj-x86_64-linux-gnu /<<PKGBUILDDIR>>/obj-x86_64-linux-gnu/ui /<<PKGBUILDDIR>>/obj-x86_64-linux-gnu/ui/CMakeFiles/pyrazer.dir/DependInfo.cmake --color=
make[3]: Entering directory '/<<PKGBUILDDIR>>/obj-x86_64-linux-gnu'
cd /<<PKGBUILDDIR>>/obj-x86_64-linux-gnu && /usr/bin/cmake -E cmake_depends "Unix Makefiles" /<<PKGBUILDDIR>> /<<PKGBUILDDIR>>/librazer /<<PKGBUILDDIR>>/obj-x86_64-linux-gnu /<<PKGBUILDDIR>>/obj-x86_64-linux-gnu/librazer /<<PKGBUILDDIR>>/obj-x86_64-linux-gnu/librazer/CMakeFiles/razer.dir/DependInfo.cmake --color=
make[3]: Leaving directory '/<<PKGBUILDDIR>>/obj-x86_64-linux-gnu'
make -f ui/CMakeFiles/pyrazer.dir/build.make ui/CMakeFiles/pyrazer.dir/build
make[3]: Leaving directory '/<<PKGBUILDDIR>>/obj-x86_64-linux-gnu'
make -f librazer/CMakeFiles/razer.dir/build.make librazer/CMakeFiles/razer.dir/build
make[3]: Entering directory '/<<PKGBUILDDIR>>/obj-x86_64-linux-gnu'
make[3]: Nothing to be done for 'ui/CMakeFiles/pyrazer.dir/build'.
make[3]: Leaving directory '/<<PKGBUILDDIR>>/obj-x86_64-linux-gnu'
make[3]: Entering directory '/<<PKGBUILDDIR>>/obj-x86_64-linux-gnu'
make[3]: Nothing to be done for 'librazer/CMakeFiles/razer.dir/build'.
make[3]: Leaving directory '/<<PKGBUILDDIR>>/obj-x86_64-linux-gnu'
[  4%] Built target pyrazer
[ 91%] Built target razer
make -f razerd/CMakeFiles/razerd.dir/build.make razerd/CMakeFiles/razerd.dir/depend
make[3]: Entering directory '/<<PKGBUILDDIR>>/obj-x86_64-linux-gnu'
cd /<<PKGBUILDDIR>>/obj-x86_64-linux-gnu && /usr/bin/cmake -E cmake_depends "Unix Makefiles" /<<PKGBUILDDIR>> /<<PKGBUILDDIR>>/razerd /<<PKGBUILDDIR>>/obj-x86_64-linux-gnu /<<PKGBUILDDIR>>/obj-x86_64-linux-gnu/razerd /<<PKGBUILDDIR>>/obj-x86_64-linux-gnu/razerd/CMakeFiles/razerd.dir/DependInfo.cmake --color=
make[3]: Leaving directory '/<<PKGBUILDDIR>>/obj-x86_64-linux-gnu'
make -f razerd/CMakeFiles/razerd.dir/build.make razerd/CMakeFiles/razerd.dir/build
make[3]: Entering directory '/<<PKGBUILDDIR>>/obj-x86_64-linux-gnu'
make[3]: Nothing to be done for 'razerd/CMakeFiles/razerd.dir/build'.
make[3]: Leaving directory '/<<PKGBUILDDIR>>/obj-x86_64-linux-gnu'
[100%] Built target razerd
make[2]: Leaving directory '/<<PKGBUILDDIR>>/obj-x86_64-linux-gnu'
/usr/bin/cmake -E cmake_progress_start /<<PKGBUILDDIR>>/obj-x86_64-linux-gnu/CMakeFiles 0
make -f CMakeFiles/Makefile2 preinstall
make[2]: Entering directory '/<<PKGBUILDDIR>>/obj-x86_64-linux-gnu'
make[2]: Nothing to be done for 'preinstall'.
make[2]: Leaving directory '/<<PKGBUILDDIR>>/obj-x86_64-linux-gnu'
Install the project...
/usr/bin/cmake -P cmake_install.cmake
-- Install configuration: "None"
-- Installing: /<<PKGBUILDDIR>>/debian/tmp/lib/udev/rules.d/80-razer.rules
-- Installing: /<<PKGBUILDDIR>>/debian/tmp/etc/pm/sleep.d/50-razer
-- Installing: /<<PKGBUILDDIR>>/debian/tmp/lib/systemd/system/razerd.service
-- Installing: /<<PKGBUILDDIR>>/debian/tmp/usr/lib/tmpfiles.d/razerd.conf
-- Installing: /<<PKGBUILDDIR>>/debian/tmp/usr/lib/librazer.a
-- Installing: /<<PKGBUILDDIR>>/debian/tmp/usr/bin/razerd
running build
running build_py
running build_scripts
running install
running install_lib
creating /<<PKGBUILDDIR>>/debian/tmp/usr/lib/python3.7
creating /<<PKGBUILDDIR>>/debian/tmp/usr/lib/python3.7/site-packages
creating /<<PKGBUILDDIR>>/debian/tmp/usr/lib/python3.7/site-packages/pyrazer
copying /<<PKGBUILDDIR>>/obj-x86_64-linux-gnu/ui/build/lib/pyrazer/__init__.py -> /<<PKGBUILDDIR>>/debian/tmp/usr/lib/python3.7/site-packages/pyrazer
copying /<<PKGBUILDDIR>>/obj-x86_64-linux-gnu/ui/build/lib/pyrazer/ui.py -> /<<PKGBUILDDIR>>/debian/tmp/usr/lib/python3.7/site-packages/pyrazer
copying /<<PKGBUILDDIR>>/obj-x86_64-linux-gnu/ui/build/lib/pyrazer/main.py -> /<<PKGBUILDDIR>>/debian/tmp/usr/lib/python3.7/site-packages/pyrazer
byte-compiling /<<PKGBUILDDIR>>/debian/tmp/usr/lib/python3.7/site-packages/pyrazer/__init__.py to __init__.cpython-37.pyc
byte-compiling /<<PKGBUILDDIR>>/debian/tmp/usr/lib/python3.7/site-packages/pyrazer/ui.py to ui.cpython-37.pyc
byte-compiling /<<PKGBUILDDIR>>/debian/tmp/usr/lib/python3.7/site-packages/pyrazer/main.py to main.cpython-37.pyc
running install_scripts
copying /<<PKGBUILDDIR>>/obj-x86_64-linux-gnu/ui/build/scripts-3.7/qrazercfg -> /<<PKGBUILDDIR>>/debian/tmp/usr/bin
copying /<<PKGBUILDDIR>>/obj-x86_64-linux-gnu/ui/build/scripts-3.7/razercfg -> /<<PKGBUILDDIR>>/debian/tmp/usr/bin
copying /<<PKGBUILDDIR>>/obj-x86_64-linux-gnu/ui/build/scripts-3.7/qrazercfg-applet -> /<<PKGBUILDDIR>>/debian/tmp/usr/bin
changing mode of /<<PKGBUILDDIR>>/debian/tmp/usr/bin/qrazercfg to 755
changing mode of /<<PKGBUILDDIR>>/debian/tmp/usr/bin/razercfg to 755
changing mode of /<<PKGBUILDDIR>>/debian/tmp/usr/bin/qrazercfg-applet to 755
running install_egg_info
Writing /<<PKGBUILDDIR>>/debian/tmp/usr/lib/python3.7/site-packages/razercfg-0.41-py3.7.egg-info
-- Installing: /<<PKGBUILDDIR>>/debian/tmp/usr/bin/razer-gamewrapper
-- Installing: /<<PKGBUILDDIR>>/debian/tmp/usr/share/applications/razercfg.desktop
-- Installing: /<<PKGBUILDDIR>>/debian/tmp/usr/share/icons/hicolor/scalable/apps/razercfg.svg
-- Installing: /<<PKGBUILDDIR>>/debian/tmp/usr/share/icons/hicolor/scalable/apps/razercfg-alt.svg
-- Installing: /<<PKGBUILDDIR>>/debian/tmp/usr/share/icons/hicolor/scalable/apps/razercfg-snake.svg
make[1]: Leaving directory '/<<PKGBUILDDIR>>/obj-x86_64-linux-gnu'
	rm -f debian/qrazercfg-applet.debhelper.log debian/qrazercfg.debhelper.log debian/razercfg.debhelper.log
   debian/rules override_dh_install
make[1]: Entering directory '/<<PKGBUILDDIR>>'
dh_install --exclude=librazer.a
	install -d debian/razercfg//etc
	cp --reflink=auto -a ./razer.conf debian/razercfg//etc/
	install -d debian/razercfg//etc/pm/sleep.d
	cp --reflink=auto -a debian/tmp/etc/pm/sleep.d/50-razer debian/razercfg//etc/pm/sleep.d/
	install -d debian/razercfg/lib/systemd/system
	cp --reflink=auto -a debian/tmp/lib/systemd/system/razerd.service debian/razercfg/lib/systemd/system/
	install -d debian/razercfg/lib/udev/rules.d
	cp --reflink=auto -a debian/tmp/lib/udev/rules.d/80-razer.rules debian/razercfg/lib/udev/rules.d/
	install -d debian/razercfg/usr/lib/python3/dist-packages
	cd 'debian/tmp/usr/lib/python3.7/site-packages/pyrazer/..' && find 'pyrazer' ! \( -regex .\*librazer\\.a.\* \) \( -type f -or -type l \) -print0 | LC_ALL=C sort -z | xargs -0 -I {} cp --reflink=auto --parents -dp {} /<<PKGBUILDDIR>>/debian/razercfg/usr/lib/python3/dist-packages/
	cd 'debian/tmp/usr/lib/python3.7/site-packages/pyrazer/..' && find 'pyrazer' ! \( -regex .\*librazer\\.a.\* \) \( -type d -and -empty \) -print0 | LC_ALL=C sort -z | xargs -0 -I {} cp --reflink=auto --parents -a {} /<<PKGBUILDDIR>>/debian/razercfg/usr/lib/python3/dist-packages/
	cp --reflink=auto -a debian/tmp/usr/lib/python3.7/site-packages/razercfg-0.41-py3.7.egg-info debian/razercfg/usr/lib/python3/dist-packages/
	install -d debian/razercfg//usr/lib/tmpfiles.d
	cp --reflink=auto -a debian/tmp/usr/lib/tmpfiles.d/razerd.conf debian/razercfg//usr/lib/tmpfiles.d/
	install -d debian/razercfg//usr/bin
	cp --reflink=auto -a debian/tmp/usr/bin/razerd debian/razercfg//usr/bin/
	cp --reflink=auto -a debian/tmp/usr/bin/razercfg debian/razercfg//usr/bin/
	cp --reflink=auto -a debian/tmp/usr/bin/razer-gamewrapper debian/razercfg//usr/bin/
	install -d debian/.debhelper/generated/razercfg
	install -d debian/qrazercfg/usr/bin/
	cp --reflink=auto -a debian/tmp/usr/bin/qrazercfg debian/qrazercfg/usr/bin//
	install -d debian/qrazercfg/usr/share/applications/
	cp --reflink=auto -a debian/tmp/usr/share/applications/razercfg.desktop debian/qrazercfg/usr/share/applications//
	install -d debian/qrazercfg/usr/share/icons/hicolor/scalable/apps/
	cp --reflink=auto -a debian/tmp/usr/share/icons/hicolor/scalable/apps/razercfg-alt.svg debian/qrazercfg/usr/share/icons/hicolor/scalable/apps//
	cp --reflink=auto -a debian/tmp/usr/share/icons/hicolor/scalable/apps/razercfg-snake.svg debian/qrazercfg/usr/share/icons/hicolor/scalable/apps//
	cp --reflink=auto -a debian/tmp/usr/share/icons/hicolor/scalable/apps/razercfg.svg debian/qrazercfg/usr/share/icons/hicolor/scalable/apps//
	install -d debian/.debhelper/generated/qrazercfg
	install -d debian/qrazercfg-applet/usr/bin
	cp --reflink=auto -a debian/tmp/usr/bin/qrazercfg-applet debian/qrazercfg-applet/usr/bin/
	install -d debian/.debhelper/generated/qrazercfg-applet
make[1]: Leaving directory '/<<PKGBUILDDIR>>'
   dh_installdocs -O--buildsystem=cmake
	install -d debian/razercfg/usr/share/doc/razercfg
	install -p -m0644 debian/copyright debian/razercfg/usr/share/doc/razercfg/copyright
	install -d debian/qrazercfg/usr/share/doc/qrazercfg
	install -p -m0644 debian/copyright debian/qrazercfg/usr/share/doc/qrazercfg/copyright
	install -d debian/qrazercfg-applet/usr/share/doc/qrazercfg-applet
	install -p -m0644 debian/copyright debian/qrazercfg-applet/usr/share/doc/qrazercfg-applet/copyright
   dh_installchangelogs -O--buildsystem=cmake
	install -p -m0644 debian/changelog debian/razercfg/usr/share/doc/razercfg/changelog.Debian
	install -p -m0644 debian/changelog debian/qrazercfg-applet/usr/share/doc/qrazercfg-applet/changelog.Debian
	install -p -m0644 debian/changelog debian/qrazercfg/usr/share/doc/qrazercfg/changelog.Debian
   dh_systemd_enable -O--buildsystem=cmake
	[META] Append autosnippet "postinst-systemd-enable" to postinst [debian/razercfg.postinst.debhelper]
	[META] Append autosnippet "postrm-systemd" to postrm [debian/razercfg.postrm.debhelper]
   dh_python3 -O--buildsystem=cmake
D: dh_python3 dh_python3:161: version: 4.20191017
D: dh_python3 dh_python3:162: argv: ['/usr/bin/dh_python3', '-O--buildsystem=cmake']
D: dh_python3 dh_python3:163: options: {'guess_deps': True, 'skip_private': False, 'verbose': False, 'arch': None, 'package': None, 'no_package': None, 'compile_all': False, 'vrange': None, 'regexpr': None, 'accept_upstream_versions': False, 'depends': None, 'depends_section': None, 'recommends': None, 'recommends_section': None, 'suggests': None, 'suggests_section': None, 'requires': None, 'shebang': None, 'ignore_shebangs': False, 'clean_dbg_pkg': True, 'no_ext_rename': False, 'no_shebang_rewrite': False, 'O': '--buildsystem=cmake'}
D: dh_python3 dh_python3:164: args: []
D: dh_python3 dh_python3:166: supported Python versions: 3.7,3.8 (default=3.7)
D: dh_python3 debhelper:153: source=razercfg, binary packages=['razercfg', 'qrazercfg', 'qrazercfg-applet']
D: dh_python3 dh_python3:183: processing package razercfg...
D: dh_python3 tools:232: invoking: /usr/bin/python3.7 -c 'import sysconfig as s;print("__SEP__".join(i or "" for i in s.get_config_vars("SOABI", "MULTIARCH", "INCLUDEPY", "LIBPL", "LDLIBRARY")))'
D: dh_python3 interpreter:429: cannot get include path
Traceback (most recent call last):
  File "/usr/share/dh-python/dhpython/interpreter.py", line 420, in symlinked_include_dir
    result = self._get_config()[2]
  File "/usr/share/dh-python/dhpython/interpreter.py", line 541, in _get_config
    conf_vars = self._execute(cmd, version).split('__SEP__')
  File "/usr/share/dh-python/dhpython/interpreter.py", line 559, in _execute
    "interpreter: %s" % exe)
Exception: cannot execute command due to missing interpreter: /usr/bin/python3.8
D: dh_python3 tools:102: fix_shebang (debian/razercfg/usr/bin/razer-gamewrapper): doesn't look like a shebang: #!/bin/sh
D: dh_python3 tools:102: fix_shebang (debian/razercfg/usr/bin/razerd): cannot parse binary file
I: dh_python3 fs:420: renaming razercfg-0.41-py3.7.egg-info to razercfg-0.41.egg-info
D: dh_python3 fs:260: package razercfg details = {'requires.txt': set(), 'egg-info': {'debian/razercfg/usr/lib/python3/dist-packages/razercfg-0.41.egg-info'}, 'nsp.txt': set(), 'shebangs': {/usr/bin/python3}, 'public_vers': {Version('3')}, 'private_dirs': {}, 'compile': True, 'ext_vers': set(), 'ext_no_version': set()}
D: dh_python3 depends:117: generating dependencies for package razercfg
D: dh_python3 depends:275: D={'python3:any'}; R=[]; S=[]; E=[], B=[]; RT=[]
D: dh_python3 dh_python3:183: processing package qrazercfg...
D: dh_python3 interpreter:429: cannot get include path
Traceback (most recent call last):
  File "/usr/share/dh-python/dhpython/interpreter.py", line 420, in symlinked_include_dir
    result = self._get_config()[2]
  File "/usr/share/dh-python/dhpython/interpreter.py", line 541, in _get_config
    conf_vars = self._execute(cmd, version).split('__SEP__')
  File "/usr/share/dh-python/dhpython/interpreter.py", line 559, in _execute
    "interpreter: %s" % exe)
Exception: cannot execute command due to missing interpreter: /usr/bin/python3.8
D: dh_python3 fs:260: package qrazercfg details = {'requires.txt': set(), 'egg-info': set(), 'nsp.txt': set(), 'shebangs': {/usr/bin/python3}, 'public_vers': set(), 'private_dirs': {}, 'compile': False, 'ext_vers': set(), 'ext_no_version': set()}
D: dh_python3 depends:117: generating dependencies for package qrazercfg
D: dh_python3 depends:275: D={'python3:any'}; R=[]; S=[]; E=[], B=[]; RT=[]
D: dh_python3 dh_python3:183: processing package qrazercfg-applet...
D: dh_python3 interpreter:429: cannot get include path
Traceback (most recent call last):
  File "/usr/share/dh-python/dhpython/interpreter.py", line 420, in symlinked_include_dir
    result = self._get_config()[2]
  File "/usr/share/dh-python/dhpython/interpreter.py", line 541, in _get_config
    conf_vars = self._execute(cmd, version).split('__SEP__')
  File "/usr/share/dh-python/dhpython/interpreter.py", line 559, in _execute
    "interpreter: %s" % exe)
Exception: cannot execute command due to missing interpreter: /usr/bin/python3.8
D: dh_python3 fs:260: package qrazercfg-applet details = {'requires.txt': set(), 'egg-info': set(), 'nsp.txt': set(), 'shebangs': {/usr/bin/python3}, 'public_vers': set(), 'private_dirs': {}, 'compile': False, 'ext_vers': set(), 'ext_no_version': set()}
D: dh_python3 depends:117: generating dependencies for package qrazercfg-applet
D: dh_python3 depends:275: D={'python3:any'}; R=[]; S=[]; E=[], B=[]; RT=[]
	rm -f debian/qrazercfg-applet.debhelper.log debian/qrazercfg.debhelper.log debian/razercfg.debhelper.log
   debian/rules override_dh_installinit
make[1]: Entering directory '/<<PKGBUILDDIR>>'
dh_installinit --name=razerd
	install -d debian/razercfg/etc/init.d
	install -p -m0755 debian/razercfg.razerd.init debian/razercfg/etc/init.d/razerd
	echo "# Automatically added by dh_installinit/12.9">> debian/razercfg.postinst.debhelper
	sed "s,#TMPFILES#,razerd.conf,g" /usr/share/debhelper/autoscripts/postinst-init-tmpfiles >> debian/razercfg.postinst.debhelper
	echo '# End automatically added section' >> debian/razercfg.postinst.debhelper
	[META] Append autosnippet "postinst-init-restart" to postinst [debian/.debhelper/generated/razercfg/postinst.service]
	[META] Append autosnippet "prerm-init-norestart" to prerm [debian/.debhelper/generated/razercfg/prerm.service]
	[META] Append autosnippet "postrm-init" to postrm [debian/.debhelper/generated/razercfg/postrm.service]
make[1]: Leaving directory '/<<PKGBUILDDIR>>'
   dh_systemd_start -O--buildsystem=cmake
   dh_icons -O--buildsystem=cmake
   dh_perl -O--buildsystem=cmake
   dh_link -O--buildsystem=cmake
   dh_strip_nondeterminism -O--buildsystem=cmake
   dh_compress -O--buildsystem=cmake
	cd debian/razercfg
	cd debian/qrazercfg
	cd debian/qrazercfg-applet
	chmod a-x usr/share/doc/razercfg/changelog.Debian
	chmod a-x usr/share/doc/qrazercfg/changelog.Debian
	chmod a-x usr/share/doc/qrazercfg-applet/changelog.Debian
	gzip -9nf usr/share/doc/razercfg/changelog.Debian
	gzip -9nf usr/share/doc/qrazercfg-applet/changelog.Debian
	gzip -9nf usr/share/doc/qrazercfg/changelog.Debian
	cd '/<<PKGBUILDDIR>>'
	cd '/<<PKGBUILDDIR>>'
	cd '/<<PKGBUILDDIR>>'
   dh_fixperms -O--buildsystem=cmake
	find debian/razercfg ! -type l -a -true -a -true -print0 2>/dev/null | xargs -0r chmod go=rX,u+rw,a-s
	find debian/qrazercfg ! -type l -a -true -a -true -print0 2>/dev/null | xargs -0r chmod go=rX,u+rw,a-s
	find debian/qrazercfg-applet ! -type l -a -true -a -true -print0 2>/dev/null | xargs -0r chmod go=rX,u+rw,a-s
	find debian/qrazercfg/usr/share/doc -type f -a -true -a ! -regex 'debian/qrazercfg/usr/share/doc/[^/]*/examples/.*' -print0 2>/dev/null | xargs -0r chmod 0644
	find debian/qrazercfg-applet/usr/share/doc -type f -a -true -a ! -regex 'debian/qrazercfg-applet/usr/share/doc/[^/]*/examples/.*' -print0 2>/dev/null | xargs -0r chmod 0644
	find debian/razercfg/usr/share/doc -type f -a -true -a ! -regex 'debian/razercfg/usr/share/doc/[^/]*/examples/.*' -print0 2>/dev/null | xargs -0r chmod 0644
	find debian/qrazercfg/usr/share/doc -type d -a -true -a -true -print0 2>/dev/null | xargs -0r chmod 0755
	find debian/qrazercfg-applet/usr/share/doc -type d -a -true -a -true -print0 2>/dev/null | xargs -0r chmod 0755
	find debian/razercfg/usr/share/doc -type d -a -true -a -true -print0 2>/dev/null | xargs -0r chmod 0755
	find debian/qrazercfg/usr/share/applications -type f -a -true -a -true -print0 2>/dev/null | xargs -0r chmod 0644
	find debian/qrazercfg-applet -type f \( -name '*.so.*' -o -name '*.so' -o -name '*.la' -o -name '*.a' -o -name '*.js' -o -name '*.css' -o -name '*.scss' -o -name '*.sass' -o -name '*.jpeg' -o -name '*.jpg' -o -name '*.png' -o -name '*.gif' -o -name '*.cmxs' -o -name '*.node' \) -a -true -a -true -print0 2>/dev/null | xargs -0r chmod 0644
	find debian/razercfg -type f \( -name '*.so.*' -o -name '*.so' -o -name '*.la' -o -name '*.a' -o -name '*.js' -o -name '*.css' -o -name '*.scss' -o -name '*.sass' -o -name '*.jpeg' -o -name '*.jpg' -o -name '*.png' -o -name '*.gif' -o -name '*.cmxs' -o -name '*.node' \) -a -true -a -true -print0 2>/dev/null | xargs -0r chmod 0644
	find debian/qrazercfg-applet/usr/bin -type f -a -true -a -true -print0 2>/dev/null | xargs -0r chmod a+x
	find debian/qrazercfg -type f \( -name '*.so.*' -o -name '*.so' -o -name '*.la' -o -name '*.a' -o -name '*.js' -o -name '*.css' -o -name '*.scss' -o -name '*.sass' -o -name '*.jpeg' -o -name '*.jpg' -o -name '*.png' -o -name '*.gif' -o -name '*.cmxs' -o -name '*.node' \) -a -true -a -true -print0 2>/dev/null | xargs -0r chmod 0644
	find debian/razercfg/usr/bin debian/razercfg/etc/init.d -type f -a -true -a -true -print0 2>/dev/null | xargs -0r chmod a+x
	find debian/razercfg/usr/lib -type f -name '*.ali' -a -true -a -true -print0 2>/dev/null | xargs -0r chmod uga-w
	find debian/qrazercfg/usr/bin -type f -a -true -a -true -print0 2>/dev/null | xargs -0r chmod a+x
	rm -f debian/qrazercfg-applet.debhelper.log debian/qrazercfg.debhelper.log debian/razercfg.debhelper.log
   debian/rules override_dh_missing
make[1]: Entering directory '/<<PKGBUILDDIR>>'
dh_missing --fail-missing
make[1]: Leaving directory '/<<PKGBUILDDIR>>'
   dh_strip -O--buildsystem=cmake
	install -d debian/.debhelper/razercfg/dbgsym-root/usr/lib/debug/.build-id/86
	objcopy --only-keep-debug --compress-debug-sections debian/razercfg/usr/bin/razerd debian/.debhelper/razercfg/dbgsym-root/usr/lib/debug/.build-id/86/6976b9904000108220eb3842a70fcc27f3c132.debug
	chmod 0644 -- debian/.debhelper/razercfg/dbgsym-root/usr/lib/debug/.build-id/86/6976b9904000108220eb3842a70fcc27f3c132.debug
	strip --remove-section=.comment --remove-section=.note debian/razercfg/usr/bin/razerd
	objcopy --add-gnu-debuglink debian/.debhelper/razercfg/dbgsym-root/usr/lib/debug/.build-id/86/6976b9904000108220eb3842a70fcc27f3c132.debug debian/razercfg/usr/bin/razerd
	install -d debian/.debhelper/razercfg/dbgsym-root/usr/share/doc
	ln -s razercfg debian/.debhelper/razercfg/dbgsym-root/usr/share/doc/razercfg-dbgsym
   dh_makeshlibs -O--buildsystem=cmake
	rm -f debian/razercfg/DEBIAN/shlibs
	rm -f debian/qrazercfg/DEBIAN/shlibs
	rm -f debian/qrazercfg-applet/DEBIAN/shlibs
   dh_shlibdeps -O--buildsystem=cmake
	install -d debian/razercfg/DEBIAN
	dpkg-shlibdeps -Tdebian/razercfg.substvars debian/razercfg/usr/bin/razerd
   dh_installdeb -O--buildsystem=cmake
	printf '#!/bin/sh\nset -e\n' > debian/razercfg/DEBIAN/postinst
	cat debian/razercfg.postinst.debhelper debian/.debhelper/generated/razercfg/postinst.service >> debian/razercfg/DEBIAN/postinst
	chmod 0755 -- debian/razercfg/DEBIAN/postinst
	printf '#!/bin/sh\nset -e\n' > debian/razercfg/DEBIAN/prerm
	cat debian/.debhelper/generated/razercfg/prerm.service debian/razercfg.prerm.debhelper >> debian/razercfg/DEBIAN/prerm
	chmod 0755 -- debian/razercfg/DEBIAN/prerm
	printf '#!/bin/sh\nset -e\n' > debian/razercfg/DEBIAN/postrm
	cat debian/.debhelper/generated/razercfg/postrm.service debian/razercfg.postrm.debhelper >> debian/razercfg/DEBIAN/postrm
	chmod 0755 -- debian/razercfg/DEBIAN/postrm
	find debian/razercfg/etc -type f -printf '/etc/%P
' | LC_ALL=C sort >> debian/razercfg/DEBIAN/conffiles
	chmod 0644 -- debian/razercfg/DEBIAN/conffiles
	install -d debian/qrazercfg/DEBIAN
	install -d debian/qrazercfg-applet/DEBIAN
   dh_gencontrol -O--buildsystem=cmake
	echo misc:Depends= >> debian/qrazercfg.substvars
	echo misc:Pre-Depends= >> debian/qrazercfg.substvars
	dpkg-gencontrol -pqrazercfg -ldebian/changelog -Tdebian/qrazercfg.substvars -Pdebian/qrazercfg -UMulti-Arch
	echo misc:Depends= >> debian/qrazercfg-applet.substvars
	echo misc:Pre-Depends= >> debian/qrazercfg-applet.substvars
	dpkg-gencontrol -pqrazercfg-applet -ldebian/changelog -Tdebian/qrazercfg-applet.substvars -Pdebian/qrazercfg-applet -UMulti-Arch
	echo misc:Depends= >> debian/razercfg.substvars
	echo misc:Pre-Depends= >> debian/razercfg.substvars
	install -d debian/.debhelper/razercfg/dbgsym-root/DEBIAN
	dpkg-gencontrol -prazercfg -ldebian/changelog -Tdebian/razercfg.substvars -Pdebian/.debhelper/razercfg/dbgsym-root -UPre-Depends -URecommends -USuggests -UEnhances -UProvides -UEssential -UConflicts -DPriority=optional -UHomepage -UImportant -UBuilt-Using -DAuto-Built-Package=debug-symbols -DPackage=razercfg-dbgsym "-DDepends=razercfg (= \${binary:Version})" "-DDescription=debug symbols for razercfg" -DBuild-Ids=866976b9904000108220eb3842a70fcc27f3c132 -DSection=debug -UMulti-Arch -UReplaces -UBreaks
	chmod 0644 -- debian/qrazercfg-applet/DEBIAN/control
	chmod 0644 -- debian/qrazercfg/DEBIAN/control
	chmod 0644 -- debian/.debhelper/razercfg/dbgsym-root/DEBIAN/control
	dpkg-gencontrol -prazercfg -ldebian/changelog -Tdebian/razercfg.substvars -Pdebian/razercfg -UMulti-Arch
	chmod 0644 -- debian/razercfg/DEBIAN/control
   dh_md5sums -O--buildsystem=cmake
	cd debian/razercfg >/dev/null && xargs -r0 md5sum | perl -pe 'if (s@^\\@@) { s/\\\\/\\/g; }' > DEBIAN/md5sums
	cd debian/qrazercfg-applet >/dev/null && xargs -r0 md5sum | perl -pe 'if (s@^\\@@) { s/\\\\/\\/g; }' > DEBIAN/md5sums
	cd debian/qrazercfg >/dev/null && xargs -r0 md5sum | perl -pe 'if (s@^\\@@) { s/\\\\/\\/g; }' > DEBIAN/md5sums
	chmod 0644 -- debian/razercfg/DEBIAN/md5sums
	chmod 0644 -- debian/qrazercfg/DEBIAN/md5sums
	chmod 0644 -- debian/qrazercfg-applet/DEBIAN/md5sums
	cd debian/.debhelper/razercfg/dbgsym-root >/dev/null && xargs -r0 md5sum | perl -pe 'if (s@^\\@@) { s/\\\\/\\/g; }' > DEBIAN/md5sums
	chmod 0644 -- debian/.debhelper/razercfg/dbgsym-root/DEBIAN/md5sums
   dh_builddeb -O--buildsystem=cmake
	dpkg-deb --root-owner-group --build debian/razercfg ..
	dpkg-deb --root-owner-group --build debian/.debhelper/razercfg/dbgsym-root ..
	dpkg-deb --root-owner-group --build debian/qrazercfg ..
	dpkg-deb --root-owner-group --build debian/qrazercfg-applet ..
dpkg-deb: building package 'razercfg' in '../razercfg_0.41+ds-1_amd64.deb'.
dpkg-deb: building package 'razercfg-dbgsym' in '../razercfg-dbgsym_0.41+ds-1_amd64.deb'.
dpkg-deb: building package 'qrazercfg' in '../qrazercfg_0.41+ds-1_all.deb'.
dpkg-deb: building package 'qrazercfg-applet' in '../qrazercfg-applet_0.41+ds-1_all.deb'.
 dpkg-genbuildinfo --build=binary
 dpkg-genchanges --build=binary >../razercfg_0.41+ds-1_amd64.changes
dpkg-genchanges: info: binary-only upload (no source code included)
 dpkg-source --after-build .
dpkg-buildpackage: info: binary-only upload (no source included)
--------------------------------------------------------------------------------
Build finished at 2020-02-25T06:02:37Z

Finished
--------

I: Built successfully

+------------------------------------------------------------------------------+
| Changes                                                                      |
+------------------------------------------------------------------------------+


razercfg_0.41+ds-1_amd64.changes:
---------------------------------

Format: 1.8
Date: Thu, 23 Jan 2020 22:08:58 +0000
Source: razercfg
Binary: qrazercfg qrazercfg-applet razercfg razercfg-dbgsym
Architecture: all amd64
Version: 0.41+ds-1
Distribution: unstable
Urgency: medium
Maintainer: Luca Boccassi <bluca@debian.org>
Changed-By: Luca Boccassi <bluca@debian.org>
Description:
 qrazercfg  - Graphical Razer device configuration tool
 qrazercfg-applet - Graphical Razer device configuration tool - applet
 razercfg   - Razer device configuration tool
Changes:
 razercfg (0.41+ds-1) unstable; urgency=medium
 .
   * New upstream release 0.41.
   * Bump Standards-Version to 4.5.0, no changes.
   * Drop Add-the-working-directory-to-sys.path-to-fix-ftbfs.patch and
     razercfg.desktop-add-Comment-field.patch, merged upstream.
   * Install tmpfiles in razercfg.
Checksums-Sha1:
 25ba8ae1e898324b44db4cca8505a993e4e3aef4 7720 qrazercfg-applet_0.41+ds-1_all.deb
 d591be7cf3912d47bcb7b58ff061aa6e63afa9d9 21864 qrazercfg_0.41+ds-1_all.deb
 5a5b987af7d7a6d15e6ef1a00178fc3ea109aa88 140692 razercfg-dbgsym_0.41+ds-1_amd64.deb
 98a71acc51b566850f65610f21207df368d7a2d3 7814 razercfg_0.41+ds-1_amd64.buildinfo
 ec19f23c9a2d1f3f611b3f662a369420eb4b0cef 68532 razercfg_0.41+ds-1_amd64.deb
Checksums-Sha256:
 aecbcb452866c7fcbf3f757051b95a3a138e02350fac2ff5e498eed14594be0e 7720 qrazercfg-applet_0.41+ds-1_all.deb
 4a45a163bcba4f509d6a63d4d260c906da5c6a80eb60e6d9979c7672e826a09b 21864 qrazercfg_0.41+ds-1_all.deb
 da48c6de3c5bd98cce7a2dacc1f0c8cd6d612e302724e9b9b5375a706890f4a8 140692 razercfg-dbgsym_0.41+ds-1_amd64.deb
 c9a66882989a7235342b952d69f885e68fd49920a6f4cf2598b7d645c8919dd1 7814 razercfg_0.41+ds-1_amd64.buildinfo
 f2c119380b3d91e3064faf98f7c638f1efe07fc08146c1c56bc9567a8251ba39 68532 razercfg_0.41+ds-1_amd64.deb
Files:
 b2337e0860e6673b30c2d56c35f992c0 7720 misc optional qrazercfg-applet_0.41+ds-1_all.deb
 4d01fe33f34b0988ccbd00f3133c11f2 21864 misc optional qrazercfg_0.41+ds-1_all.deb
 66f8eb58b0767f0ea9673477265f50e6 140692 debug optional razercfg-dbgsym_0.41+ds-1_amd64.deb
 23220381a1e39a9a4a6097f30db05ff5 7814 misc optional razercfg_0.41+ds-1_amd64.buildinfo
 9df21a4217427e4ea788479d47b23e45 68532 misc optional razercfg_0.41+ds-1_amd64.deb

+------------------------------------------------------------------------------+
| Buildinfo                                                                    |
+------------------------------------------------------------------------------+

Format: 1.0
Source: razercfg
Binary: razercfg qrazercfg qrazercfg-applet
Architecture: all amd64
Version: 0.41+ds-1
Checksums-Md5:
 b2337e0860e6673b30c2d56c35f992c0 7720 qrazercfg-applet_0.41+ds-1_all.deb
 4d01fe33f34b0988ccbd00f3133c11f2 21864 qrazercfg_0.41+ds-1_all.deb
 66f8eb58b0767f0ea9673477265f50e6 140692 razercfg-dbgsym_0.41+ds-1_amd64.deb
 9df21a4217427e4ea788479d47b23e45 68532 razercfg_0.41+ds-1_amd64.deb
Checksums-Sha1:
 25ba8ae1e898324b44db4cca8505a993e4e3aef4 7720 qrazercfg-applet_0.41+ds-1_all.deb
 d591be7cf3912d47bcb7b58ff061aa6e63afa9d9 21864 qrazercfg_0.41+ds-1_all.deb
 5a5b987af7d7a6d15e6ef1a00178fc3ea109aa88 140692 razercfg-dbgsym_0.41+ds-1_amd64.deb
 ec19f23c9a2d1f3f611b3f662a369420eb4b0cef 68532 razercfg_0.41+ds-1_amd64.deb
Checksums-Sha256:
 aecbcb452866c7fcbf3f757051b95a3a138e02350fac2ff5e498eed14594be0e 7720 qrazercfg-applet_0.41+ds-1_all.deb
 4a45a163bcba4f509d6a63d4d260c906da5c6a80eb60e6d9979c7672e826a09b 21864 qrazercfg_0.41+ds-1_all.deb
 da48c6de3c5bd98cce7a2dacc1f0c8cd6d612e302724e9b9b5375a706890f4a8 140692 razercfg-dbgsym_0.41+ds-1_amd64.deb
 f2c119380b3d91e3064faf98f7c638f1efe07fc08146c1c56bc9567a8251ba39 68532 razercfg_0.41+ds-1_amd64.deb
Build-Origin: Debian
Build-Architecture: amd64
Build-Date: Tue, 25 Feb 2020 06:02:36 +0000
Build-Path: /<<PKGBUILDDIR>>
Installed-Build-Depends:
 adduser (= 3.118),
 autoconf (= 2.69-11.1),
 automake (= 1:1.16.1-4),
 autopoint (= 0.19.8.1-10),
 autotools-dev (= 20180224.1),
 base-files (= 11),
 base-passwd (= 3.5.47),
 bash (= 5.0-5),
 binutils (= 2.34-3),
 binutils-common (= 2.34-3),
 binutils-x86-64-linux-gnu (= 2.34-3),
 bsdmainutils (= 11.1.2+b1),
 bsdutils (= 1:2.34-0.1),
 build-essential (= 12.8),
 bzip2 (= 1.0.8-2),
 clang-10 (= 1:10.0.0~+rc2-1),
 cmake (= 3.16.3-1),
 cmake-data (= 3.16.3-1),
 coreutils (= 8.30-3+b1),
 cpp (= 4:9.2.1-3.1),
 cpp-9 (= 9.2.1-29),
 dash (= 0.5.10.2-6),
 debconf (= 1.5.73),
 debhelper (= 12.9),
 debianutils (= 4.9.1),
 dh-autoreconf (= 19),
 dh-python (= 4.20191017),
 dh-strip-nondeterminism (= 1.6.3-2),
 diffutils (= 1:3.7-3),
 dmsetup (= 2:1.02.167-1),
 dpkg (= 1.19.7),
 dpkg-dev (= 1.19.7),
 dwz (= 0.13-5),
 fdisk (= 2.34-0.1),
 file (= 1:5.38-4),
 findutils (= 4.7.0-1),
 g++ (= 4:9.2.1-3.1),
 g++-9 (= 9.2.1-29),
 gcc (= 4:9.2.1-3.1),
 gcc-10-base (= 10-20200222-1),
 gcc-9 (= 9.2.1-29),
 gcc-9-base (= 9.2.1-29),
 gettext (= 0.19.8.1-10),
 gettext-base (= 0.19.8.1-10),
 grep (= 3.4-1),
 groff-base (= 1.22.4-4),
 gzip (= 1.9-3+b1),
 hostname (= 3.23),
 init-system-helpers (= 1.57),
 intltool-debian (= 0.35.0+20060710.5),
 lib32gcc-s1 (= 10-20200222-1),
 lib32gcc1 (= 1:10-20200222-1),
 lib32stdc++6 (= 10-20200222-1),
 libacl1 (= 2.2.53-5),
 libapparmor1 (= 2.13.3-7),
 libarchive-zip-perl (= 1.67-1),
 libarchive13 (= 3.4.0-1+b1),
 libargon2-1 (= 0~20171227-0.2),
 libasan5 (= 9.2.1-29),
 libatomic1 (= 10-20200222-1),
 libattr1 (= 1:2.4.48-5),
 libaudit-common (= 1:2.8.5-2),
 libaudit1 (= 1:2.8.5-2+b1),
 libbinutils (= 2.34-3),
 libblkid1 (= 2.34-0.1),
 libbrotli1 (= 1.0.7-6),
 libbsd0 (= 0.10.0-1),
 libbz2-1.0 (= 1.0.8-2),
 libc-bin (= 2.29-10),
 libc-dev-bin (= 2.29-10),
 libc6 (= 2.29-10),
 libc6-dev (= 2.29-10),
 libc6-i386 (= 2.29-10),
 libcap-ng0 (= 0.7.9-2.1+b1),
 libcap2 (= 1:2.32-1),
 libcc1-0 (= 10-20200222-1),
 libclang-common-10-dev (= 1:10.0.0~+rc2-1),
 libclang-cpp10 (= 1:10.0.0~+rc2-1),
 libclang1-10 (= 1:10.0.0~+rc2-1),
 libcom-err2 (= 1.45.5-2),
 libcroco3 (= 0.6.13-1),
 libcrypt-dev (= 1:4.4.10-10),
 libcrypt1 (= 1:4.4.10-10),
 libcryptsetup12 (= 2:2.2.2-3),
 libctf-nobfd0 (= 2.34-3),
 libctf0 (= 2.34-3),
 libcurl4 (= 7.68.0-1),
 libdb5.3 (= 5.3.28+dfsg1-0.6),
 libdebconfclient0 (= 0.251),
 libdebhelper-perl (= 12.9),
 libdevmapper1.02.1 (= 2:1.02.167-1),
 libdpkg-perl (= 1.19.7),
 libedit2 (= 3.1-20191231-1),
 libelf1 (= 0.176-1.1),
 libexpat1 (= 2.2.9-1),
 libexpat1-dev (= 2.2.9-1),
 libfdisk1 (= 2.34-0.1),
 libffi7 (= 3.3-3),
 libfile-stripnondeterminism-perl (= 1.6.3-2),
 libgc1c2 (= 1:7.6.4-0.4),
 libgcc-9-dev (= 9.2.1-29),
 libgcc-s1 (= 10-20200222-1),
 libgcc1 (= 1:10-20200222-1),
 libgcrypt20 (= 1.8.5-5),
 libgdbm-compat4 (= 1.18.1-5),
 libgdbm6 (= 1.18.1-5),
 libglib2.0-0 (= 2.62.4-2),
 libgmp10 (= 2:6.2.0+dfsg-4),
 libgnutls30 (= 3.6.12-2),
 libgomp1 (= 10-20200222-1),
 libgpg-error0 (= 1.37-1),
 libgssapi-krb5-2 (= 1.17-6),
 libhogweed5 (= 3.5.1+really3.5.1-2),
 libicu63 (= 63.2-2),
 libidn2-0 (= 2.2.0-2),
 libip4tc2 (= 1.8.4-3),
 libisl22 (= 0.22.1-1),
 libitm1 (= 10-20200222-1),
 libjson-c4 (= 0.13.1+dfsg-7),
 libjsoncpp1 (= 1.7.4-3.1),
 libk5crypto3 (= 1.17-6),
 libkeyutils1 (= 1.6.1-2),
 libkmod2 (= 27-1),
 libkrb5-3 (= 1.17-6),
 libkrb5support0 (= 1.17-6),
 libldap-2.4-2 (= 2.4.49+dfsg-1),
 libldap-common (= 2.4.49+dfsg-1),
 libllvm10 (= 1:10.0.0~+rc2-1),
 liblsan0 (= 10-20200222-1),
 liblz4-1 (= 1.9.2-2),
 liblzma5 (= 5.2.4-1+b1),
 libmagic-mgc (= 1:5.38-4),
 libmagic1 (= 1:5.38-4),
 libmount1 (= 2.34-0.1),
 libmpc3 (= 1.1.0-1),
 libmpdec2 (= 2.4.2-2),
 libmpfr6 (= 4.0.2-1),
 libncurses6 (= 6.1+20191019-1),
 libncursesw6 (= 6.1+20191019-1),
 libnettle7 (= 3.5.1+really3.5.1-2),
 libnghttp2-14 (= 1.40.0-1),
 libobjc-9-dev (= 9.2.1-29),
 libobjc4 (= 10-20200222-1),
 libp11-kit0 (= 0.23.20-1),
 libpam-modules (= 1.3.1-5),
 libpam-modules-bin (= 1.3.1-5),
 libpam-runtime (= 1.3.1-5),
 libpam0g (= 1.3.1-5),
 libpcre2-8-0 (= 10.34-7),
 libpcre3 (= 2:8.39-12+b1),
 libperl5.30 (= 5.30.0-9),
 libpipeline1 (= 1.5.2-2),
 libprocps8 (= 2:3.3.16-1+b1),
 libpsl5 (= 0.20.2-2),
 libpython3-dev (= 3.7.5-3),
 libpython3-stdlib (= 3.7.5-3),
 libpython3.7 (= 3.7.6-1+b1),
 libpython3.7-dev (= 3.7.6-1+b1),
 libpython3.7-minimal (= 3.7.6-1+b1),
 libpython3.7-stdlib (= 3.7.6-1+b1),
 libquadmath0 (= 10-20200222-1),
 libreadline8 (= 8.0-3),
 librhash0 (= 1.3.9-1),
 librtmp1 (= 2.4+20151223.gitfa8646d.1-2+b1),
 libsasl2-2 (= 2.1.27+dfsg-2),
 libsasl2-modules-db (= 2.1.27+dfsg-2),
 libseccomp2 (= 2.4.2-2),
 libselinux1 (= 3.0-1+b1),
 libsemanage-common (= 3.0-1),
 libsemanage1 (= 3.0-1+b1),
 libsepol1 (= 3.0-1),
 libsigsegv2 (= 2.12-2),
 libsmartcols1 (= 2.34-0.1),
 libsqlite3-0 (= 3.31.1-3),
 libssh2-1 (= 1.8.0-2.1),
 libssl1.1 (= 1.1.1d-2),
 libstdc++-9-dev (= 9.2.1-29),
 libstdc++6 (= 10-20200222-1),
 libsub-override-perl (= 0.09-2),
 libsystemd0 (= 244.3-1),
 libtasn1-6 (= 4.16.0-2),
 libtinfo6 (= 6.1+20191019-1),
 libtool (= 2.4.6-13),
 libtsan0 (= 10-20200222-1),
 libubsan1 (= 10-20200222-1),
 libuchardet0 (= 0.0.6-3),
 libudev1 (= 244.3-1),
 libunistring2 (= 0.9.10-2),
 libusb-1.0-0 (= 2:1.0.23-2),
 libusb-1.0-0-dev (= 2:1.0.23-2),
 libuuid1 (= 2.34-0.1),
 libuv1 (= 1.34.2-1),
 libxml2 (= 2.9.10+dfsg-3),
 libz3-4 (= 4.8.7-4),
 libzstd1 (= 1.4.4+dfsg-3),
 linux-libc-dev (= 5.4.19-1),
 login (= 1:4.8.1-1),
 lsb-base (= 11.1.0),
 m4 (= 1.4.18-4),
 make (= 4.2.1-1.2),
 man-db (= 2.9.0-2),
 mawk (= 1.3.4.20200120-2),
 mime-support (= 3.64),
 mount (= 2.34-0.1),
 ncurses-base (= 6.1+20191019-1),
 ncurses-bin (= 6.1+20191019-1),
 passwd (= 1:4.8.1-1),
 patch (= 2.7.6-6),
 perl (= 5.30.0-9),
 perl-base (= 5.30.0-9),
 perl-modules-5.30 (= 5.30.0-9),
 pkg-config (= 0.29-6),
 po-debconf (= 1.0.21),
 procps (= 2:3.3.16-1+b1),
 python3 (= 3.7.5-3),
 python3-dev (= 3.7.5-3),
 python3-distutils (= 3.8.0-1),
 python3-lib2to3 (= 3.8.0-1),
 python3-minimal (= 3.7.5-3),
 python3.7 (= 3.7.6-1+b1),
 python3.7-dev (= 3.7.6-1+b1),
 python3.7-minimal (= 3.7.6-1+b1),
 readline-common (= 8.0-3),
 sed (= 4.7-1),
 sensible-utils (= 0.0.12+nmu1),
 systemd (= 244.3-1),
 sysvinit-utils (= 2.96-2.1),
 tar (= 1.30+dfsg-6+b1),
 udev (= 244.3-1),
 util-linux (= 2.34-0.1),
 xz-utils (= 5.2.4-1+b1),
 zlib1g (= 1:1.2.11.dfsg-2),
 zlib1g-dev (= 1:1.2.11.dfsg-2)
Environment:
 DEB_BUILD_OPTIONS="parallel=4"
 LANG="C.UTF-8"
 LC_ALL="C.UTF-8"
 SOURCE_DATE_EPOCH="1579817338"


+------------------------------------------------------------------------------+
| Package contents                                                             |
+------------------------------------------------------------------------------+


qrazercfg-applet_0.41+ds-1_all.deb
----------------------------------

 new Debian package, version 2.0.
 size 7720 bytes: control archive=644 bytes.
     439 bytes,    13 lines      control              
     219 bytes,     3 lines      md5sums              
 Package: qrazercfg-applet
 Source: razercfg
 Version: 0.41+ds-1
 Architecture: all
 Maintainer: Luca Boccassi <bluca@debian.org>
 Installed-Size: 27
 Depends: python3:any, python3-pyqt5, razercfg, qrazercfg
 Section: misc
 Priority: optional
 Homepage: https://bues.ch/h/razercfg
 Description: Graphical Razer device configuration tool - applet
  Python- and QT-powered configuration utility for the configuration of Razer
  devices on Linux systems.

drwxr-xr-x root/root         0 2020-01-23 22:08 ./
drwxr-xr-x root/root         0 2020-01-23 22:08 ./usr/
drwxr-xr-x root/root         0 2020-01-23 22:08 ./usr/bin/
-rwxr-xr-x root/root      1420 2020-01-23 22:08 ./usr/bin/qrazercfg-applet
drwxr-xr-x root/root         0 2020-01-23 22:08 ./usr/share/
drwxr-xr-x root/root         0 2020-01-23 22:08 ./usr/share/doc/
drwxr-xr-x root/root         0 2020-01-23 22:08 ./usr/share/doc/qrazercfg-applet/
-rw-r--r-- root/root       714 2020-01-23 22:08 ./usr/share/doc/qrazercfg-applet/changelog.Debian.gz
-rw-r--r-- root/root     17051 2017-10-29 16:23 ./usr/share/doc/qrazercfg-applet/copyright


qrazercfg_0.41+ds-1_all.deb
---------------------------

 new Debian package, version 2.0.
 size 21864 bytes: control archive=776 bytes.
     412 bytes,    13 lines      control              
     537 bytes,     7 lines      md5sums              
 Package: qrazercfg
 Source: razercfg
 Version: 0.41+ds-1
 Architecture: all
 Maintainer: Luca Boccassi <bluca@debian.org>
 Installed-Size: 71
 Depends: python3:any, python3-pyqt5, razercfg
 Section: misc
 Priority: optional
 Homepage: https://bues.ch/h/razercfg
 Description: Graphical Razer device configuration tool
  Python- and QT-powered configuration utility for the configuration of Razer
  devices on Linux systems.

drwxr-xr-x root/root         0 2020-01-23 22:08 ./
drwxr-xr-x root/root         0 2020-01-23 22:08 ./usr/
drwxr-xr-x root/root         0 2020-01-23 22:08 ./usr/bin/
-rwxr-xr-x root/root      1259 2020-01-23 22:08 ./usr/bin/qrazercfg
drwxr-xr-x root/root         0 2020-01-23 22:08 ./usr/share/
drwxr-xr-x root/root         0 2020-01-23 22:08 ./usr/share/applications/
-rw-r--r-- root/root       220 2020-01-23 22:08 ./usr/share/applications/razercfg.desktop
drwxr-xr-x root/root         0 2020-01-23 22:08 ./usr/share/doc/
drwxr-xr-x root/root         0 2020-01-23 22:08 ./usr/share/doc/qrazercfg/
-rw-r--r-- root/root       714 2020-01-23 22:08 ./usr/share/doc/qrazercfg/changelog.Debian.gz
-rw-r--r-- root/root     17051 2017-10-29 16:23 ./usr/share/doc/qrazercfg/copyright
drwxr-xr-x root/root         0 2020-01-23 22:08 ./usr/share/icons/
drwxr-xr-x root/root         0 2020-01-23 22:08 ./usr/share/icons/hicolor/
drwxr-xr-x root/root         0 2020-01-23 22:08 ./usr/share/icons/hicolor/scalable/
drwxr-xr-x root/root         0 2020-01-23 22:08 ./usr/share/icons/hicolor/scalable/apps/
-rw-r--r-- root/root      3948 2019-10-15 19:33 ./usr/share/icons/hicolor/scalable/apps/razercfg-alt.svg
-rw-r--r-- root/root     15988 2019-10-15 19:33 ./usr/share/icons/hicolor/scalable/apps/razercfg-snake.svg
-rw-r--r-- root/root     17852 2019-10-15 19:33 ./usr/share/icons/hicolor/scalable/apps/razercfg.svg


razercfg-dbgsym_0.41+ds-1_amd64.deb
-----------------------------------

 new Debian package, version 2.0.
 size 140692 bytes: control archive=512 bytes.
     338 bytes,    12 lines      control              
     106 bytes,     1 lines      md5sums              
 Package: razercfg-dbgsym
 Source: razercfg
 Version: 0.41+ds-1
 Auto-Built-Package: debug-symbols
 Architecture: amd64
 Maintainer: Luca Boccassi <bluca@debian.org>
 Installed-Size: 169
 Depends: razercfg (= 0.41+ds-1)
 Section: debug
 Priority: optional
 Description: debug symbols for razercfg
 Build-Ids: 866976b9904000108220eb3842a70fcc27f3c132

drwxr-xr-x root/root         0 2020-01-23 22:08 ./
drwxr-xr-x root/root         0 2020-01-23 22:08 ./usr/
drwxr-xr-x root/root         0 2020-01-23 22:08 ./usr/lib/
drwxr-xr-x root/root         0 2020-01-23 22:08 ./usr/lib/debug/
drwxr-xr-x root/root         0 2020-01-23 22:08 ./usr/lib/debug/.build-id/
drwxr-xr-x root/root         0 2020-01-23 22:08 ./usr/lib/debug/.build-id/86/
-rw-r--r-- root/root    161960 2020-01-23 22:08 ./usr/lib/debug/.build-id/86/6976b9904000108220eb3842a70fcc27f3c132.debug
drwxr-xr-x root/root         0 2020-01-23 22:08 ./usr/share/
drwxr-xr-x root/root         0 2020-01-23 22:08 ./usr/share/doc/
lrwxrwxrwx root/root         0 2020-01-23 22:08 ./usr/share/doc/razercfg-dbgsym -> razercfg


razercfg_0.41+ds-1_amd64.deb
----------------------------

 new Debian package, version 2.0.
 size 68532 bytes: control archive=1952 bytes.
      60 bytes,     3 lines      conffiles            
     454 bytes,    13 lines      control              
     832 bytes,    12 lines      md5sums              
    1945 bytes,    51 lines   *  postinst             #!/bin/sh
     603 bytes,    21 lines   *  postrm               #!/bin/sh
     566 bytes,    17 lines   *  prerm                #!/bin/sh
 Package: razercfg
 Version: 0.41+ds-1
 Architecture: amd64
 Maintainer: Luca Boccassi <bluca@debian.org>
 Installed-Size: 260
 Depends: python3:any, libc6 (>= 2.15), libusb-1.0-0 (>= 2:1.0.8), lsb-base (>= 3.0-6)
 Suggests: python3-pyqt5
 Section: misc
 Priority: optional
 Homepage: https://bues.ch/h/razercfg
 Description: Razer device configuration tool
  This is a system daemon and Python-powered CLI configuration utility for Razer
  devices on Linux systems.

drwxr-xr-x root/root         0 2020-01-23 22:08 ./
drwxr-xr-x root/root         0 2020-01-23 22:08 ./etc/
drwxr-xr-x root/root         0 2020-01-23 22:08 ./etc/init.d/
-rwxr-xr-x root/root       986 2019-10-15 19:33 ./etc/init.d/razerd
drwxr-xr-x root/root         0 2020-01-23 22:08 ./etc/pm/
drwxr-xr-x root/root         0 2020-01-23 22:08 ./etc/pm/sleep.d/
-rwxr-xr-x root/root       187 2020-01-23 22:08 ./etc/pm/sleep.d/50-razer
-rw-r--r-- root/root      2928 2019-10-15 19:33 ./etc/razer.conf
drwxr-xr-x root/root         0 2020-01-23 22:08 ./lib/
drwxr-xr-x root/root         0 2020-01-23 22:08 ./lib/systemd/
drwxr-xr-x root/root         0 2020-01-23 22:08 ./lib/systemd/system/
-rw-r--r-- root/root       188 2020-01-23 22:08 ./lib/systemd/system/razerd.service
drwxr-xr-x root/root         0 2020-01-23 22:08 ./lib/udev/
drwxr-xr-x root/root         0 2020-01-23 22:08 ./lib/udev/rules.d/
-rw-r--r-- root/root       316 2020-01-23 22:08 ./lib/udev/rules.d/80-razer.rules
drwxr-xr-x root/root         0 2020-01-23 22:08 ./usr/
drwxr-xr-x root/root         0 2020-01-23 22:08 ./usr/bin/
-rwxr-xr-x root/root      1432 2019-10-15 19:33 ./usr/bin/razer-gamewrapper
-rwxr-xr-x root/root     16817 2020-01-23 22:08 ./usr/bin/razercfg
-rwxr-xr-x root/root    139776 2020-01-23 22:08 ./usr/bin/razerd
drwxr-xr-x root/root         0 2020-01-23 22:08 ./usr/lib/
drwxr-xr-x root/root         0 2020-01-23 22:08 ./usr/lib/python3/
drwxr-xr-x root/root         0 2020-01-23 22:08 ./usr/lib/python3/dist-packages/
drwxr-xr-x root/root         0 2020-01-23 22:08 ./usr/lib/python3/dist-packages/pyrazer/
-rw-r--r-- root/root       231 2019-10-15 19:33 ./usr/lib/python3/dist-packages/pyrazer/__init__.py
-rw-r--r-- root/root     25543 2019-10-15 19:33 ./usr/lib/python3/dist-packages/pyrazer/main.py
-rw-r--r-- root/root     24869 2019-10-15 19:33 ./usr/lib/python3/dist-packages/pyrazer/ui.py
-rw-r--r-- root/root       264 2020-01-23 22:08 ./usr/lib/python3/dist-packages/razercfg-0.41.egg-info
drwxr-xr-x root/root         0 2020-01-23 22:08 ./usr/lib/tmpfiles.d/
-rw-r--r-- root/root        31 2019-10-15 19:33 ./usr/lib/tmpfiles.d/razerd.conf
drwxr-xr-x root/root         0 2020-01-23 22:08 ./usr/share/
drwxr-xr-x root/root         0 2020-01-23 22:08 ./usr/share/doc/
drwxr-xr-x root/root         0 2020-01-23 22:08 ./usr/share/doc/razercfg/
-rw-r--r-- root/root       714 2020-01-23 22:08 ./usr/share/doc/razercfg/changelog.Debian.gz
-rw-r--r-- root/root     17051 2017-10-29 16:23 ./usr/share/doc/razercfg/copyright


+------------------------------------------------------------------------------+
| Post Build                                                                   |
+------------------------------------------------------------------------------+


+------------------------------------------------------------------------------+
| Cleanup                                                                      |
+------------------------------------------------------------------------------+

Purging /<<BUILDDIR>>
Not cleaning session: cloned chroot in use

+------------------------------------------------------------------------------+
| Summary                                                                      |
+------------------------------------------------------------------------------+

Build Architecture: amd64
Build Type: binary
Build-Space: 6900
Build-Time: 10
Distribution: unstable
Host Architecture: amd64
Install-Time: 111
Job: razercfg_0.41+ds-1
Machine Architecture: amd64
Package: razercfg
Package-Time: 166
Source-Version: 0.41+ds-1
Space: 6900
Status: successful
Version: 0.41+ds-1
--------------------------------------------------------------------------------
Finished at 2020-02-25T06:02:37Z
Build needed 00:02:46, 6900k disk space
DC-Status: OK 168.397241485s
DC-Time-Estimation: 168.397241485 versus expected 58 (r/m: 1.9034007152586205 ; m: 58.0)
