DC-Build-Header: ruby2.7 2.7.0-4 / 2020-02-25 12:33:01 +0000
DC-Task: type:rebuild-binarch-only source:ruby2.7 version:2.7.0-4 chroot:unstable esttime:1260 logfile:/tmp/ruby2.7_2.7.0-4_unstable_clang10.log modes:clang10:binarch-only
DC-Sbuild-call: su user42 -c 'sbuild -n --arch-any --apt-update -d unstable -v --no-run-lintian --chroot-setup-commands=/tmp/clang10 ruby2.7_2.7.0-4'
sbuild (Debian sbuild) 0.78.1 (09 February 2019) on ip-172-31-7-42.eu-central-1.compute.internal

+==============================================================================+
| ruby2.7 2.7.0-4 (amd64)                      Tue, 25 Feb 2020 12:33:01 +0000 |
+==============================================================================+

Package: ruby2.7
Version: 2.7.0-4
Source Version: 2.7.0-4
Distribution: unstable
Machine Architecture: amd64
Host Architecture: amd64
Build Architecture: amd64
Build Type: binary

I: NOTICE: Log filtering will replace 'var/run/schroot/mount/sid-amd64-sbuild-61a1bba2-bbc4-4d47-8272-a05172aa9a4d' with '<<CHROOT>>'

+------------------------------------------------------------------------------+
| Chroot Setup Commands                                                        |
+------------------------------------------------------------------------------+


/tmp/clang10
------------

+ echo 'Entering customization script...'
Entering customization script...
+ CLANG_VERSION=10
+ echo 'Install of clang-10'
Install of clang-10
+ apt-get update
Get:1 http://127.0.0.1:12990/debian sid InRelease [142 kB]
Get:2 http://127.0.0.1:12990/debian sid/main Sources.diff/Index [27.9 kB]
Get:3 http://127.0.0.1:12990/debian sid/main amd64 Packages.diff/Index [27.9 kB]
Get:4 http://127.0.0.1:12990/debian sid/main Sources 2020-02-24-0823.32.pdiff [11.0 kB]
Get:5 http://127.0.0.1:12990/debian sid/main Sources 2020-02-24-1420.34.pdiff [30.2 kB]
Get:6 http://127.0.0.1:12990/debian sid/main Sources 2020-02-24-2014.03.pdiff [16.9 kB]
Get:7 http://127.0.0.1:12990/debian sid/main Sources 2020-02-25-0213.11.pdiff [23.2 kB]
Get:8 http://127.0.0.1:12990/debian sid/main Sources 2020-02-25-0815.22.pdiff [9222 B]
Get:9 http://127.0.0.1:12990/debian sid/main amd64 Packages 2020-02-24-0823.32.pdiff [15.5 kB]
Get:10 http://127.0.0.1:12990/debian sid/main amd64 Packages 2020-02-24-1420.34.pdiff [27.5 kB]
Get:11 http://127.0.0.1:12990/debian sid/main amd64 Packages 2020-02-24-2014.03.pdiff [21.6 kB]
Get:12 http://127.0.0.1:12990/debian sid/main amd64 Packages 2020-02-25-0213.11.pdiff [35.0 kB]
Get:8 http://127.0.0.1:12990/debian sid/main Sources 2020-02-25-0815.22.pdiff [9222 B]
Get:13 http://127.0.0.1:12990/debian sid/main amd64 Packages 2020-02-25-0815.22.pdiff [20.1 kB]
Get:13 http://127.0.0.1:12990/debian sid/main amd64 Packages 2020-02-25-0815.22.pdiff [20.1 kB]
Get:14 http://127.0.0.1:12990/debian sid/main Translation-en [6195 kB]
Fetched 6604 kB in 2s (3827 kB/s)
Reading package lists...
+ apt-get install --yes --no-install-recommends --force-yes clang-10 libomp-10-dev libobjc-9-dev
Reading package lists...
Building dependency tree...
The following additional packages will be installed:
  cpp-9 g++-9 gcc-9 gcc-9-base lib32gcc-s1 lib32gcc1 lib32stdc++6 libasan5
  libbsd0 libc6-i386 libclang-common-10-dev libclang-cpp10 libclang1-10
  libedit2 libgc1c2 libgcc-9-dev libllvm10 libobjc4 libomp5-10 libstdc++-9-dev
  libz3-4
Suggested packages:
  clang-10-doc gcc-9-locales g++-9-multilib gcc-9-doc gcc-9-multilib
  libomp-10-doc libstdc++-9-doc
Recommended packages:
  llvm-10-dev python3
The following NEW packages will be installed:
  clang-10 lib32gcc-s1 lib32gcc1 lib32stdc++6 libbsd0 libc6-i386
  libclang-common-10-dev libclang-cpp10 libclang1-10 libedit2 libgc1c2
  libllvm10 libobjc-9-dev libobjc4 libomp-10-dev libomp5-10 libz3-4
The following packages will be upgraded:
  cpp-9 g++-9 gcc-9 gcc-9-base libasan5 libgcc-9-dev libstdc++-9-dev
7 upgraded, 17 newly installed, 0 to remove and 2 not upgraded.
Need to get 81.5 MB of archives.
After this operation, 238 MB of additional disk space will be used.
Get:1 http://127.0.0.1:12990/debian sid/main amd64 libasan5 amd64 9.2.1-30 [389 kB]
Get:2 http://127.0.0.1:12990/debian sid/main amd64 g++-9 amd64 9.2.1-30 [10.7 MB]
Get:3 http://127.0.0.1:12990/debian sid/main amd64 gcc-9 amd64 9.2.1-30 [10.0 MB]
Get:4 http://127.0.0.1:12990/debian sid/main amd64 libstdc++-9-dev amd64 9.2.1-30 [1697 kB]
Get:5 http://127.0.0.1:12990/debian sid/main amd64 libgcc-9-dev amd64 9.2.1-30 [2349 kB]
Get:6 http://127.0.0.1:12990/debian sid/main amd64 cpp-9 amd64 9.2.1-30 [9711 kB]
Get:7 http://127.0.0.1:12990/debian sid/main amd64 gcc-9-base amd64 9.2.1-30 [196 kB]
Get:8 http://127.0.0.1:12990/debian sid/main amd64 libbsd0 amd64 0.10.0-1 [107 kB]
Get:9 http://127.0.0.1:12990/debian sid/main amd64 libedit2 amd64 3.1-20191231-1 [95.4 kB]
Get:10 http://127.0.0.1:12990/debian sid/main amd64 libz3-4 amd64 4.8.7-4 [6790 kB]
Get:11 http://127.0.0.1:12990/debian sid/main amd64 libllvm10 amd64 1:10.0.0~+rc2-1 [15.5 MB]
Get:12 http://127.0.0.1:12990/debian sid/main amd64 libclang-cpp10 amd64 1:10.0.0~+rc2-1 [9069 kB]
Get:13 http://127.0.0.1:12990/debian sid/main amd64 libgc1c2 amd64 1:7.6.4-0.4 [224 kB]
Get:14 http://127.0.0.1:12990/debian sid/main amd64 libobjc4 amd64 10-20200222-1 [41.6 kB]
Get:15 http://127.0.0.1:12990/debian sid/main amd64 libobjc-9-dev amd64 9.2.1-30 [219 kB]
Get:16 http://127.0.0.1:12990/debian sid/main amd64 libc6-i386 amd64 2.29-10 [2918 kB]
Get:17 http://127.0.0.1:12990/debian sid/main amd64 lib32gcc-s1 amd64 10-20200222-1 [49.4 kB]
Get:18 http://127.0.0.1:12990/debian sid/main amd64 lib32gcc1 amd64 1:10-20200222-1 [1104 B]
Get:19 http://127.0.0.1:12990/debian sid/main amd64 lib32stdc++6 amd64 10-20200222-1 [510 kB]
Get:20 http://127.0.0.1:12990/debian sid/main amd64 libclang-common-10-dev amd64 1:10.0.0~+rc2-1 [2782 kB]
Get:21 http://127.0.0.1:12990/debian sid/main amd64 libclang1-10 amd64 1:10.0.0~+rc2-1 [7607 kB]
Get:22 http://127.0.0.1:12990/debian sid/main amd64 clang-10 amd64 1:10.0.0~+rc2-1 [103 kB]
Get:23 http://127.0.0.1:12990/debian sid/main amd64 libomp5-10 amd64 1:10.0.0~+rc2-1 [337 kB]
Get:24 http://127.0.0.1:12990/debian sid/main amd64 libomp-10-dev amd64 1:10.0.0~+rc2-1 [84.3 kB]
debconf: delaying package configuration, since apt-utils is not installed
Fetched 81.5 MB in 1s (99.7 MB/s)
(Reading database ... (Reading database ... 5%(Reading database ... 10%(Reading database ... 15%(Reading database ... 20%(Reading database ... 25%(Reading database ... 30%(Reading database ... 35%(Reading database ... 40%(Reading database ... 45%(Reading database ... 50%(Reading database ... 55%(Reading database ... 60%(Reading database ... 65%(Reading database ... 70%(Reading database ... 75%(Reading database ... 80%(Reading database ... 85%(Reading database ... 90%(Reading database ... 95%(Reading database ... 100%(Reading database ... 12119 files and directories currently installed.)
Preparing to unpack .../00-libasan5_9.2.1-30_amd64.deb ...
Unpacking libasan5:amd64 (9.2.1-30) over (9.2.1-29) ...
Preparing to unpack .../01-g++-9_9.2.1-30_amd64.deb ...
Unpacking g++-9 (9.2.1-30) over (9.2.1-29) ...
Preparing to unpack .../02-gcc-9_9.2.1-30_amd64.deb ...
Unpacking gcc-9 (9.2.1-30) over (9.2.1-29) ...
Preparing to unpack .../03-libstdc++-9-dev_9.2.1-30_amd64.deb ...
Unpacking libstdc++-9-dev:amd64 (9.2.1-30) over (9.2.1-29) ...
Preparing to unpack .../04-libgcc-9-dev_9.2.1-30_amd64.deb ...
Unpacking libgcc-9-dev:amd64 (9.2.1-30) over (9.2.1-29) ...
Preparing to unpack .../05-cpp-9_9.2.1-30_amd64.deb ...
Unpacking cpp-9 (9.2.1-30) over (9.2.1-29) ...
Preparing to unpack .../06-gcc-9-base_9.2.1-30_amd64.deb ...
Unpacking gcc-9-base:amd64 (9.2.1-30) over (9.2.1-29) ...
Selecting previously unselected package libbsd0:amd64.
Preparing to unpack .../07-libbsd0_0.10.0-1_amd64.deb ...
Unpacking libbsd0:amd64 (0.10.0-1) ...
Selecting previously unselected package libedit2:amd64.
Preparing to unpack .../08-libedit2_3.1-20191231-1_amd64.deb ...
Unpacking libedit2:amd64 (3.1-20191231-1) ...
Selecting previously unselected package libz3-4:amd64.
Preparing to unpack .../09-libz3-4_4.8.7-4_amd64.deb ...
Unpacking libz3-4:amd64 (4.8.7-4) ...
Selecting previously unselected package libllvm10:amd64.
Preparing to unpack .../10-libllvm10_1%3a10.0.0~+rc2-1_amd64.deb ...
Unpacking libllvm10:amd64 (1:10.0.0~+rc2-1) ...
Selecting previously unselected package libclang-cpp10.
Preparing to unpack .../11-libclang-cpp10_1%3a10.0.0~+rc2-1_amd64.deb ...
Unpacking libclang-cpp10 (1:10.0.0~+rc2-1) ...
Selecting previously unselected package libgc1c2:amd64.
Preparing to unpack .../12-libgc1c2_1%3a7.6.4-0.4_amd64.deb ...
Unpacking libgc1c2:amd64 (1:7.6.4-0.4) ...
Selecting previously unselected package libobjc4:amd64.
Preparing to unpack .../13-libobjc4_10-20200222-1_amd64.deb ...
Unpacking libobjc4:amd64 (10-20200222-1) ...
Selecting previously unselected package libobjc-9-dev:amd64.
Preparing to unpack .../14-libobjc-9-dev_9.2.1-30_amd64.deb ...
Unpacking libobjc-9-dev:amd64 (9.2.1-30) ...
Selecting previously unselected package libc6-i386.
Preparing to unpack .../15-libc6-i386_2.29-10_amd64.deb ...
Unpacking libc6-i386 (2.29-10) ...
Selecting previously unselected package lib32gcc-s1.
Preparing to unpack .../16-lib32gcc-s1_10-20200222-1_amd64.deb ...
Unpacking lib32gcc-s1 (10-20200222-1) ...
Selecting previously unselected package lib32gcc1.
Preparing to unpack .../17-lib32gcc1_1%3a10-20200222-1_amd64.deb ...
Unpacking lib32gcc1 (1:10-20200222-1) ...
Selecting previously unselected package lib32stdc++6.
Preparing to unpack .../18-lib32stdc++6_10-20200222-1_amd64.deb ...
Unpacking lib32stdc++6 (10-20200222-1) ...
Selecting previously unselected package libclang-common-10-dev.
Preparing to unpack .../19-libclang-common-10-dev_1%3a10.0.0~+rc2-1_amd64.deb ...
Unpacking libclang-common-10-dev (1:10.0.0~+rc2-1) ...
Selecting previously unselected package libclang1-10.
Preparing to unpack .../20-libclang1-10_1%3a10.0.0~+rc2-1_amd64.deb ...
Unpacking libclang1-10 (1:10.0.0~+rc2-1) ...
Selecting previously unselected package clang-10.
Preparing to unpack .../21-clang-10_1%3a10.0.0~+rc2-1_amd64.deb ...
Unpacking clang-10 (1:10.0.0~+rc2-1) ...
Selecting previously unselected package libomp5-10:amd64.
Preparing to unpack .../22-libomp5-10_1%3a10.0.0~+rc2-1_amd64.deb ...
Unpacking libomp5-10:amd64 (1:10.0.0~+rc2-1) ...
Selecting previously unselected package libomp-10-dev.
Preparing to unpack .../23-libomp-10-dev_1%3a10.0.0~+rc2-1_amd64.deb ...
Unpacking libomp-10-dev (1:10.0.0~+rc2-1) ...
Setting up libgc1c2:amd64 (1:7.6.4-0.4) ...
Setting up libobjc4:amd64 (10-20200222-1) ...
Setting up libz3-4:amd64 (4.8.7-4) ...
Setting up libomp5-10:amd64 (1:10.0.0~+rc2-1) ...
Setting up libc6-i386 (2.29-10) ...
Setting up libbsd0:amd64 (0.10.0-1) ...
Setting up gcc-9-base:amd64 (9.2.1-30) ...
Setting up libomp-10-dev (1:10.0.0~+rc2-1) ...
Setting up libedit2:amd64 (3.1-20191231-1) ...
Setting up libllvm10:amd64 (1:10.0.0~+rc2-1) ...
Setting up libasan5:amd64 (9.2.1-30) ...
Setting up lib32gcc-s1 (10-20200222-1) ...
Setting up libclang1-10 (1:10.0.0~+rc2-1) ...
Setting up cpp-9 (9.2.1-30) ...
Setting up lib32gcc1 (1:10-20200222-1) ...
Setting up libclang-cpp10 (1:10.0.0~+rc2-1) ...
Setting up libgcc-9-dev:amd64 (9.2.1-30) ...
Setting up lib32stdc++6 (10-20200222-1) ...
Setting up libobjc-9-dev:amd64 (9.2.1-30) ...
Setting up gcc-9 (9.2.1-30) ...
Setting up libstdc++-9-dev:amd64 (9.2.1-30) ...
Setting up libclang-common-10-dev (1:10.0.0~+rc2-1) ...
Setting up g++-9 (9.2.1-30) ...
Setting up clang-10 (1:10.0.0~+rc2-1) ...
Processing triggers for libc-bin (2.29-10) ...
W: --force-yes is deprecated, use one of the options starting with --allow instead.
+ echo 'Replace gcc, g++ & cpp by clang'
Replace gcc, g++ & cpp by clang
+ VERSIONS='4.6 4.7 4.8 4.9 5 6 7 8 9 10'
+ cd /usr/bin
+ for VERSION in $VERSIONS
+ rm -f g++-4.6 gcc-4.6 cpp-4.6 gcc
+ ln -s clang++-10 g++-4.6
+ ln -s clang-10 gcc-4.6
+ ln -s clang-10 cpp-4.6
+ ln -s clang-10 gcc
+ echo 'gcc-4.6 hold'
+ dpkg --set-selections
dpkg: warning: package not in status nor available database at line 1: gcc-4.6
dpkg: warning: found unknown packages; this might mean the available database
is outdated, and needs to be updated through a frontend method;
please see the FAQ <https://wiki.debian.org/Teams/Dpkg/FAQ>
+ echo 'g++-4.6 hold'
+ dpkg --set-selections
dpkg: warning: package not in status nor available database at line 1: g++-4.6
dpkg: warning: found unknown packages; this might mean the available database
is outdated, and needs to be updated through a frontend method;
please see the FAQ <https://wiki.debian.org/Teams/Dpkg/FAQ>
+ for VERSION in $VERSIONS
+ rm -f g++-4.7 gcc-4.7 cpp-4.7 gcc
+ ln -s clang++-10 g++-4.7
+ ln -s clang-10 gcc-4.7
+ ln -s clang-10 cpp-4.7
+ ln -s clang-10 gcc
+ echo 'gcc-4.7 hold'
+ dpkg --set-selections
dpkg: warning: package not in status nor available database at line 1: gcc-4.7
dpkg: warning: found unknown packages; this might mean the available database
is outdated, and needs to be updated through a frontend method;
please see the FAQ <https://wiki.debian.org/Teams/Dpkg/FAQ>
+ echo 'g++-4.7 hold'
+ dpkg --set-selections
dpkg: warning: package not in status nor available database at line 1: g++-4.7
dpkg: warning: found unknown packages; this might mean the available database
is outdated, and needs to be updated through a frontend method;
please see the FAQ <https://wiki.debian.org/Teams/Dpkg/FAQ>
+ for VERSION in $VERSIONS
+ rm -f g++-4.8 gcc-4.8 cpp-4.8 gcc
+ ln -s clang++-10 g++-4.8
+ ln -s clang-10 gcc-4.8
+ ln -s clang-10 cpp-4.8
+ ln -s clang-10 gcc
+ echo 'gcc-4.8 hold'
+ dpkg --set-selections
dpkg: warning: package not in status nor available database at line 1: gcc-4.8
dpkg: warning: found unknown packages; this might mean the available database
is outdated, and needs to be updated through a frontend method;
please see the FAQ <https://wiki.debian.org/Teams/Dpkg/FAQ>
+ echo 'g++-4.8 hold'
+ dpkg --set-selections
dpkg: warning: package not in status nor available database at line 1: g++-4.8
dpkg: warning: found unknown packages; this might mean the available database
is outdated, and needs to be updated through a frontend method;
please see the FAQ <https://wiki.debian.org/Teams/Dpkg/FAQ>
+ for VERSION in $VERSIONS
+ rm -f g++-4.9 gcc-4.9 cpp-4.9 gcc
+ ln -s clang++-10 g++-4.9
+ ln -s clang-10 gcc-4.9
+ ln -s clang-10 cpp-4.9
+ ln -s clang-10 gcc
+ echo 'gcc-4.9 hold'
+ dpkg --set-selections
dpkg: warning: package not in status nor available database at line 1: gcc-4.9
dpkg: warning: found unknown packages; this might mean the available database
is outdated, and needs to be updated through a frontend method;
please see the FAQ <https://wiki.debian.org/Teams/Dpkg/FAQ>
+ echo 'g++-4.9 hold'
+ dpkg --set-selections
dpkg: warning: package not in status nor available database at line 1: g++-4.9
dpkg: warning: found unknown packages; this might mean the available database
is outdated, and needs to be updated through a frontend method;
please see the FAQ <https://wiki.debian.org/Teams/Dpkg/FAQ>
+ for VERSION in $VERSIONS
+ rm -f g++-5 gcc-5 cpp-5 gcc
+ ln -s clang++-10 g++-5
+ ln -s clang-10 gcc-5
+ ln -s clang-10 cpp-5
+ ln -s clang-10 gcc
+ echo 'gcc-5 hold'
+ dpkg --set-selections
dpkg: warning: package not in status nor available database at line 1: gcc-5
dpkg: warning: found unknown packages; this might mean the available database
is outdated, and needs to be updated through a frontend method;
please see the FAQ <https://wiki.debian.org/Teams/Dpkg/FAQ>
+ echo 'g++-5 hold'
+ dpkg --set-selections
dpkg: warning: package not in status nor available database at line 1: g++-5
dpkg: warning: found unknown packages; this might mean the available database
is outdated, and needs to be updated through a frontend method;
please see the FAQ <https://wiki.debian.org/Teams/Dpkg/FAQ>
+ for VERSION in $VERSIONS
+ rm -f g++-6 gcc-6 cpp-6 gcc
+ ln -s clang++-10 g++-6
+ ln -s clang-10 gcc-6
+ ln -s clang-10 cpp-6
+ ln -s clang-10 gcc
+ echo 'gcc-6 hold'
+ dpkg --set-selections
dpkg: warning: package not in status nor available database at line 1: gcc-6
dpkg: warning: found unknown packages; this might mean the available database
is outdated, and needs to be updated through a frontend method;
please see the FAQ <https://wiki.debian.org/Teams/Dpkg/FAQ>
+ echo 'g++-6 hold'
+ dpkg --set-selections
dpkg: warning: package not in status nor available database at line 1: g++-6
dpkg: warning: found unknown packages; this might mean the available database
is outdated, and needs to be updated through a frontend method;
please see the FAQ <https://wiki.debian.org/Teams/Dpkg/FAQ>
+ for VERSION in $VERSIONS
+ rm -f g++-7 gcc-7 cpp-7 gcc
+ ln -s clang++-10 g++-7
+ ln -s clang-10 gcc-7
+ ln -s clang-10 cpp-7
+ ln -s clang-10 gcc
+ echo 'gcc-7 hold'
+ dpkg --set-selections
dpkg: warning: package not in status nor available database at line 1: gcc-7
dpkg: warning: found unknown packages; this might mean the available database
is outdated, and needs to be updated through a frontend method;
please see the FAQ <https://wiki.debian.org/Teams/Dpkg/FAQ>
+ echo 'g++-7 hold'
+ dpkg --set-selections
dpkg: warning: package not in status nor available database at line 1: g++-7
dpkg: warning: found unknown packages; this might mean the available database
is outdated, and needs to be updated through a frontend method;
please see the FAQ <https://wiki.debian.org/Teams/Dpkg/FAQ>
+ for VERSION in $VERSIONS
+ rm -f g++-8 gcc-8 cpp-8 gcc
+ ln -s clang++-10 g++-8
+ ln -s clang-10 gcc-8
+ ln -s clang-10 cpp-8
+ ln -s clang-10 gcc
+ echo 'gcc-8 hold'
+ dpkg --set-selections
dpkg: warning: package not in status nor available database at line 1: gcc-8
dpkg: warning: found unknown packages; this might mean the available database
is outdated, and needs to be updated through a frontend method;
please see the FAQ <https://wiki.debian.org/Teams/Dpkg/FAQ>
+ echo 'g++-8 hold'
+ dpkg --set-selections
dpkg: warning: package not in status nor available database at line 1: g++-8
dpkg: warning: found unknown packages; this might mean the available database
is outdated, and needs to be updated through a frontend method;
please see the FAQ <https://wiki.debian.org/Teams/Dpkg/FAQ>
+ for VERSION in $VERSIONS
+ rm -f g++-9 gcc-9 cpp-9 gcc
+ ln -s clang++-10 g++-9
+ ln -s clang-10 gcc-9
+ ln -s clang-10 cpp-9
+ ln -s clang-10 gcc
+ echo 'gcc-9 hold'
+ dpkg --set-selections
+ echo 'g++-9 hold'
+ dpkg --set-selections
+ for VERSION in $VERSIONS
+ rm -f g++-10 gcc-10 cpp-10 gcc
+ ln -s clang++-10 g++-10
+ ln -s clang-10 gcc-10
+ ln -s clang-10 cpp-10
+ ln -s clang-10 gcc
+ echo 'gcc-10 hold'
+ dpkg --set-selections
dpkg: warning: package not in status nor available database at line 1: gcc-10
dpkg: warning: found unknown packages; this might mean the available database
is outdated, and needs to be updated through a frontend method;
please see the FAQ <https://wiki.debian.org/Teams/Dpkg/FAQ>
+ echo 'g++-10 hold'
+ dpkg --set-selections
dpkg: warning: package not in status nor available database at line 1: g++-10
dpkg: warning: found unknown packages; this might mean the available database
is outdated, and needs to be updated through a frontend method;
please see the FAQ <https://wiki.debian.org/Teams/Dpkg/FAQ>
+ cd -
/build/ruby2.7-J4rPSv
+ echo 'Check if gcc, g++ & cpp are actually clang'
Check if gcc, g++ & cpp are actually clang
+ gcc --version
+ grep clang
+ cpp --version
+ grep clang
+ g++ --version
+ grep clang

I: Finished running '/tmp/clang10'.

Finished processing commands.
--------------------------------------------------------------------------------
I: NOTICE: Log filtering will replace 'build/ruby2.7-J4rPSv/resolver-Q7SUqx' with '<<RESOLVERDIR>>'

+------------------------------------------------------------------------------+
| Update chroot                                                                |
+------------------------------------------------------------------------------+

Hit:1 http://127.0.0.1:12990/debian sid InRelease
Reading package lists...
Reading package lists...
Building dependency tree...
Reading state information...
Calculating upgrade...
The following packages will be upgraded:
  libgmp10 zlib1g
2 upgraded, 0 newly installed, 0 to remove and 0 not upgraded.
Need to get 343 kB of archives.
After this operation, 0 B of additional disk space will be used.
Get:1 http://127.0.0.1:12990/debian sid/main amd64 libgmp10 amd64 2:6.2.0+dfsg-4 [253 kB]
Get:2 http://127.0.0.1:12990/debian sid/main amd64 zlib1g amd64 1:1.2.11.dfsg-2 [90.4 kB]
debconf: delaying package configuration, since apt-utils is not installed
Fetched 343 kB in 0s (3552 kB/s)
(Reading database ... (Reading database ... 5%(Reading database ... 10%(Reading database ... 15%(Reading database ... 20%(Reading database ... 25%(Reading database ... 30%(Reading database ... 35%(Reading database ... 40%(Reading database ... 45%(Reading database ... 50%(Reading database ... 55%(Reading database ... 60%(Reading database ... 65%(Reading database ... 70%(Reading database ... 75%(Reading database ... 80%(Reading database ... 85%(Reading database ... 90%(Reading database ... 95%(Reading database ... 100%(Reading database ... 12960 files and directories currently installed.)
Preparing to unpack .../libgmp10_2%3a6.2.0+dfsg-4_amd64.deb ...
Unpacking libgmp10:amd64 (2:6.2.0+dfsg-4) over (2:6.2.0+dfsg-3) ...
Setting up libgmp10:amd64 (2:6.2.0+dfsg-4) ...
(Reading database ... (Reading database ... 5%(Reading database ... 10%(Reading database ... 15%(Reading database ... 20%(Reading database ... 25%(Reading database ... 30%(Reading database ... 35%(Reading database ... 40%(Reading database ... 45%(Reading database ... 50%(Reading database ... 55%(Reading database ... 60%(Reading database ... 65%(Reading database ... 70%(Reading database ... 75%(Reading database ... 80%(Reading database ... 85%(Reading database ... 90%(Reading database ... 95%(Reading database ... 100%(Reading database ... 12960 files and directories currently installed.)
Preparing to unpack .../zlib1g_1%3a1.2.11.dfsg-2_amd64.deb ...
Unpacking zlib1g:amd64 (1:1.2.11.dfsg-2) over (1:1.2.11.dfsg-1.2) ...
Setting up zlib1g:amd64 (1:1.2.11.dfsg-2) ...
Processing triggers for libc-bin (2.29-10) ...

+------------------------------------------------------------------------------+
| Fetch source files                                                           |
+------------------------------------------------------------------------------+


Check APT
---------

Checking available source versions...

Download source files with APT
------------------------------

Reading package lists...
NOTICE: 'ruby2.7' packaging is maintained in the 'Git' version control system at:
https://salsa.debian.org/ruby-team/ruby.git
Please use:
git clone https://salsa.debian.org/ruby-team/ruby.git
to retrieve the latest (possibly unreleased) updates to the package.
Need to get 10.8 MB of source archives.
Get:1 http://127.0.0.1:12990/debian sid/main ruby2.7 2.7.0-4 (dsc) [2461 B]
Get:2 http://127.0.0.1:12990/debian sid/main ruby2.7 2.7.0-4 (tar) [10.7 MB]
Get:3 http://127.0.0.1:12990/debian sid/main ruby2.7 2.7.0-4 (diff) [110 kB]
Fetched 10.8 MB in 0s (61.2 MB/s)
Download complete and in download only mode
I: NOTICE: Log filtering will replace 'build/ruby2.7-J4rPSv/ruby2.7-2.7.0' with '<<PKGBUILDDIR>>'
I: NOTICE: Log filtering will replace 'build/ruby2.7-J4rPSv' with '<<BUILDDIR>>'

+------------------------------------------------------------------------------+
| Install package build dependencies                                           |
+------------------------------------------------------------------------------+


Setup apt archive
-----------------

Merged Build-Depends: bison, chrpath, coreutils (>= 7.5), debhelper (>= 10), file, libffi-dev, libgdbm-compat-dev, libgdbm-dev, libgmp-dev, libncurses5-dev, libncursesw5-dev, libreadline6-dev, libssl-dev, libyaml-dev, netbase, openssl, procps, rubygems-integration (>= 1.6), systemtap-sdt-dev, tzdata, zlib1g-dev, build-essential, fakeroot
Filtered Build-Depends: bison, chrpath, coreutils (>= 7.5), debhelper (>= 10), file, libffi-dev, libgdbm-compat-dev, libgdbm-dev, libgmp-dev, libncurses5-dev, libncursesw5-dev, libreadline6-dev, libssl-dev, libyaml-dev, netbase, openssl, procps, rubygems-integration (>= 1.6), systemtap-sdt-dev, tzdata, zlib1g-dev, build-essential, fakeroot
dpkg-deb: building package 'sbuild-build-depends-main-dummy' in '/<<RESOLVERDIR>>/apt_archive/sbuild-build-depends-main-dummy.deb'.
Ign:1 copy:/<<RESOLVERDIR>>/apt_archive ./ InRelease
Get:2 copy:/<<RESOLVERDIR>>/apt_archive ./ Release [957 B]
Ign:3 copy:/<<RESOLVERDIR>>/apt_archive ./ Release.gpg
Get:4 copy:/<<RESOLVERDIR>>/apt_archive ./ Sources [520 B]
Get:5 copy:/<<RESOLVERDIR>>/apt_archive ./ Packages [579 B]
Fetched 2056 B in 0s (0 B/s)
Reading package lists...
Reading package lists...

Install main build dependencies (apt-based resolver)
----------------------------------------------------

Installing build dependencies
Reading package lists...
Building dependency tree...
Reading state information...
The following additional packages will be installed:
  autoconf automake autopoint autotools-dev bison bsdmainutils ca-certificates
  chrpath debhelper dh-autoreconf dh-strip-nondeterminism dwz file gettext
  gettext-base groff-base intltool-debian libarchive-zip-perl libcroco3
  libdebhelper-perl libelf1 libexpat1 libffi-dev
  libfile-stripnondeterminism-perl libgdbm-compat-dev libgdbm-dev libglib2.0-0
  libgmp-dev libgmpxx4ldbl libicu63 libmagic-mgc libmagic1 libmpdec2
  libncurses-dev libncurses5-dev libncurses6 libpipeline1 libprocps8
  libpython3-stdlib libpython3.7-minimal libpython3.7-stdlib libreadline-dev
  libreadline8 libsigsegv2 libsqlite3-0 libssl-dev libssl1.1
  libsub-override-perl libtool libuchardet0 libxml2 libyaml-0-2 libyaml-dev m4
  man-db mime-support netbase openssl po-debconf procps python3
  python3-minimal python3.7 python3.7-minimal readline-common
  rubygems-integration sensible-utils systemtap-sdt-dev zlib1g-dev
Suggested packages:
  autoconf-archive gnu-standards autoconf-doc bison-doc wamerican | wordlist
  whois vacation dh-make gettext-doc libasprintf-dev libgettextpo-dev groff
  gmp-doc libgmp10-doc libmpfr-dev ncurses-doc readline-doc libssl-doc
  libtool-doc gfortran | fortran95-compiler gcj-jdk libyaml-doc m4-doc
  apparmor less www-browser libmail-box-perl python3-doc python3-tk
  python3-venv python3.7-venv python3.7-doc binfmt-support bundler
Recommended packages:
  curl | wget | lynx libarchive-cpio-perl libglib2.0-data shared-mime-info
  xdg-user-dirs libgpm2 libltdl-dev libmail-sendmail-perl psmisc
The following NEW packages will be installed:
  autoconf automake autopoint autotools-dev bison bsdmainutils ca-certificates
  chrpath debhelper dh-autoreconf dh-strip-nondeterminism dwz file gettext
  gettext-base groff-base intltool-debian libarchive-zip-perl libcroco3
  libdebhelper-perl libelf1 libexpat1 libffi-dev
  libfile-stripnondeterminism-perl libgdbm-compat-dev libgdbm-dev libglib2.0-0
  libgmp-dev libgmpxx4ldbl libicu63 libmagic-mgc libmagic1 libmpdec2
  libncurses-dev libncurses5-dev libncurses6 libpipeline1 libprocps8
  libpython3-stdlib libpython3.7-minimal libpython3.7-stdlib libreadline-dev
  libreadline8 libsigsegv2 libsqlite3-0 libssl-dev libssl1.1
  libsub-override-perl libtool libuchardet0 libxml2 libyaml-0-2 libyaml-dev m4
  man-db mime-support netbase openssl po-debconf procps python3
  python3-minimal python3.7 python3.7-minimal readline-common
  rubygems-integration sbuild-build-depends-main-dummy sensible-utils
  systemtap-sdt-dev zlib1g-dev
0 upgraded, 70 newly installed, 0 to remove and 0 not upgraded.
Need to get 32.4 MB of archives.
After this operation, 122 MB of additional disk space will be used.
Get:1 copy:/<<RESOLVERDIR>>/apt_archive ./ sbuild-build-depends-main-dummy 0.invalid.0 [1008 B]
Get:2 http://127.0.0.1:12990/debian sid/main amd64 bsdmainutils amd64 11.1.2+b1 [191 kB]
Get:3 http://127.0.0.1:12990/debian sid/main amd64 libuchardet0 amd64 0.0.6-3 [64.9 kB]
Get:4 http://127.0.0.1:12990/debian sid/main amd64 groff-base amd64 1.22.4-4 [919 kB]
Get:5 http://127.0.0.1:12990/debian sid/main amd64 libpipeline1 amd64 1.5.2-2 [33.9 kB]
Get:6 http://127.0.0.1:12990/debian sid/main amd64 man-db amd64 2.9.0-2 [1307 kB]
Get:7 http://127.0.0.1:12990/debian sid/main amd64 libssl1.1 amd64 1.1.1d-2 [1540 kB]
Get:8 http://127.0.0.1:12990/debian sid/main amd64 libpython3.7-minimal amd64 3.7.6-1+b1 [591 kB]
Get:9 http://127.0.0.1:12990/debian sid/main amd64 libexpat1 amd64 2.2.9-1 [94.3 kB]
Get:10 http://127.0.0.1:12990/debian sid/main amd64 python3.7-minimal amd64 3.7.6-1+b1 [1813 kB]
Get:11 http://127.0.0.1:12990/debian sid/main amd64 python3-minimal amd64 3.7.5-3 [36.8 kB]
Get:12 http://127.0.0.1:12990/debian sid/main amd64 mime-support all 3.64 [37.8 kB]
Get:13 http://127.0.0.1:12990/debian sid/main amd64 libmpdec2 amd64 2.4.2-2 [87.2 kB]
Get:14 http://127.0.0.1:12990/debian sid/main amd64 readline-common all 8.0-3 [72.5 kB]
Get:15 http://127.0.0.1:12990/debian sid/main amd64 libreadline8 amd64 8.0-3 [160 kB]
Get:16 http://127.0.0.1:12990/debian sid/main amd64 libsqlite3-0 amd64 3.31.1-3 [661 kB]
Get:17 http://127.0.0.1:12990/debian sid/main amd64 libpython3.7-stdlib amd64 3.7.6-1+b1 [1735 kB]
Get:18 http://127.0.0.1:12990/debian sid/main amd64 python3.7 amd64 3.7.6-1+b1 [351 kB]
Get:19 http://127.0.0.1:12990/debian sid/main amd64 libpython3-stdlib amd64 3.7.5-3 [20.2 kB]
Get:20 http://127.0.0.1:12990/debian sid/main amd64 python3 amd64 3.7.5-3 [62.1 kB]
Get:21 http://127.0.0.1:12990/debian sid/main amd64 netbase all 6.1 [19.9 kB]
Get:22 http://127.0.0.1:12990/debian sid/main amd64 libncurses6 amd64 6.1+20191019-1 [102 kB]
Get:23 http://127.0.0.1:12990/debian sid/main amd64 libprocps8 amd64 2:3.3.16-1+b1 [62.8 kB]
Get:24 http://127.0.0.1:12990/debian sid/main amd64 procps amd64 2:3.3.16-1+b1 [263 kB]
Get:25 http://127.0.0.1:12990/debian sid/main amd64 sensible-utils all 0.0.12+nmu1 [16.0 kB]
Get:26 http://127.0.0.1:12990/debian sid/main amd64 libmagic-mgc amd64 1:5.38-4 [262 kB]
Get:27 http://127.0.0.1:12990/debian sid/main amd64 libmagic1 amd64 1:5.38-4 [120 kB]
Get:28 http://127.0.0.1:12990/debian sid/main amd64 file amd64 1:5.38-4 [67.9 kB]
Get:29 http://127.0.0.1:12990/debian sid/main amd64 gettext-base amd64 0.19.8.1-10 [123 kB]
Get:30 http://127.0.0.1:12990/debian sid/main amd64 libsigsegv2 amd64 2.12-2 [32.8 kB]
Get:31 http://127.0.0.1:12990/debian sid/main amd64 m4 amd64 1.4.18-4 [203 kB]
Get:32 http://127.0.0.1:12990/debian sid/main amd64 autoconf all 2.69-11.1 [341 kB]
Get:33 http://127.0.0.1:12990/debian sid/main amd64 autotools-dev all 20180224.1 [77.0 kB]
Get:34 http://127.0.0.1:12990/debian sid/main amd64 automake all 1:1.16.1-4 [771 kB]
Get:35 http://127.0.0.1:12990/debian sid/main amd64 autopoint all 0.19.8.1-10 [435 kB]
Get:36 http://127.0.0.1:12990/debian sid/main amd64 bison amd64 2:3.5.1+dfsg-1 [963 kB]
Get:37 http://127.0.0.1:12990/debian sid/main amd64 openssl amd64 1.1.1d-2 [840 kB]
Get:38 http://127.0.0.1:12990/debian sid/main amd64 ca-certificates all 20190110 [157 kB]
Get:39 http://127.0.0.1:12990/debian sid/main amd64 chrpath amd64 0.16-2+b1 [17.1 kB]
Get:40 http://127.0.0.1:12990/debian sid/main amd64 libtool all 2.4.6-13 [513 kB]
Get:41 http://127.0.0.1:12990/debian sid/main amd64 dh-autoreconf all 19 [16.9 kB]
Get:42 http://127.0.0.1:12990/debian sid/main amd64 libdebhelper-perl all 12.9 [183 kB]
Get:43 http://127.0.0.1:12990/debian sid/main amd64 libarchive-zip-perl all 1.67-1 [104 kB]
Get:44 http://127.0.0.1:12990/debian sid/main amd64 libsub-override-perl all 0.09-2 [10.2 kB]
Get:45 http://127.0.0.1:12990/debian sid/main amd64 libfile-stripnondeterminism-perl all 1.6.3-2 [23.7 kB]
Get:46 http://127.0.0.1:12990/debian sid/main amd64 dh-strip-nondeterminism all 1.6.3-2 [14.7 kB]
Get:47 http://127.0.0.1:12990/debian sid/main amd64 libelf1 amd64 0.176-1.1 [161 kB]
Get:48 http://127.0.0.1:12990/debian sid/main amd64 dwz amd64 0.13-5 [151 kB]
Get:49 http://127.0.0.1:12990/debian sid/main amd64 libglib2.0-0 amd64 2.62.4-2 [1319 kB]
Get:50 http://127.0.0.1:12990/debian sid/main amd64 libicu63 amd64 63.2-2 [8301 kB]
Get:51 http://127.0.0.1:12990/debian sid/main amd64 libxml2 amd64 2.9.10+dfsg-3 [709 kB]
Get:52 http://127.0.0.1:12990/debian sid/main amd64 libcroco3 amd64 0.6.13-1 [146 kB]
Get:53 http://127.0.0.1:12990/debian sid/main amd64 gettext amd64 0.19.8.1-10 [1303 kB]
Get:54 http://127.0.0.1:12990/debian sid/main amd64 intltool-debian all 0.35.0+20060710.5 [26.8 kB]
Get:55 http://127.0.0.1:12990/debian sid/main amd64 po-debconf all 1.0.21 [248 kB]
Get:56 http://127.0.0.1:12990/debian sid/main amd64 debhelper all 12.9 [994 kB]
Get:57 http://127.0.0.1:12990/debian sid/main amd64 libffi-dev amd64 3.3-3 [56.4 kB]
Get:58 http://127.0.0.1:12990/debian sid/main amd64 libgdbm-compat-dev amd64 1.18.1-5 [41.4 kB]
Get:59 http://127.0.0.1:12990/debian sid/main amd64 libgdbm-dev amd64 1.18.1-5 [128 kB]
Get:60 http://127.0.0.1:12990/debian sid/main amd64 libgmpxx4ldbl amd64 2:6.2.0+dfsg-4 [23.0 kB]
Get:61 http://127.0.0.1:12990/debian sid/main amd64 libgmp-dev amd64 2:6.2.0+dfsg-4 [643 kB]
Get:62 http://127.0.0.1:12990/debian sid/main amd64 libncurses-dev amd64 6.1+20191019-1 [337 kB]
Get:63 http://127.0.0.1:12990/debian sid/main amd64 libncurses5-dev amd64 6.1+20191019-1 [940 B]
Get:64 http://127.0.0.1:12990/debian sid/main amd64 libreadline-dev amd64 8.0-3 [140 kB]
Get:65 http://127.0.0.1:12990/debian sid/main amd64 libssl-dev amd64 1.1.1d-2 [1797 kB]
Get:66 http://127.0.0.1:12990/debian sid/main amd64 libyaml-0-2 amd64 0.2.2-1 [49.6 kB]
Get:67 http://127.0.0.1:12990/debian sid/main amd64 libyaml-dev amd64 0.2.2-1 [60.1 kB]
Get:68 http://127.0.0.1:12990/debian sid/main amd64 rubygems-integration all 1.16 [5632 B]
Get:69 http://127.0.0.1:12990/debian sid/main amd64 systemtap-sdt-dev amd64 4.2-3 [30.3 kB]
Get:70 http://127.0.0.1:12990/debian sid/main amd64 zlib1g-dev amd64 1:1.2.11.dfsg-2 [190 kB]
debconf: delaying package configuration, since apt-utils is not installed
Fetched 32.4 MB in 0s (93.3 MB/s)
Selecting previously unselected package bsdmainutils.
(Reading database ... 12960 files and directories currently installed.)
Preparing to unpack .../0-bsdmainutils_11.1.2+b1_amd64.deb ...
Unpacking bsdmainutils (11.1.2+b1) ...
Selecting previously unselected package libuchardet0:amd64.
Preparing to unpack .../1-libuchardet0_0.0.6-3_amd64.deb ...
Unpacking libuchardet0:amd64 (0.0.6-3) ...
Selecting previously unselected package groff-base.
Preparing to unpack .../2-groff-base_1.22.4-4_amd64.deb ...
Unpacking groff-base (1.22.4-4) ...
Selecting previously unselected package libpipeline1:amd64.
Preparing to unpack .../3-libpipeline1_1.5.2-2_amd64.deb ...
Unpacking libpipeline1:amd64 (1.5.2-2) ...
Selecting previously unselected package man-db.
Preparing to unpack .../4-man-db_2.9.0-2_amd64.deb ...
Unpacking man-db (2.9.0-2) ...
Selecting previously unselected package libssl1.1:amd64.
Preparing to unpack .../5-libssl1.1_1.1.1d-2_amd64.deb ...
Unpacking libssl1.1:amd64 (1.1.1d-2) ...
Selecting previously unselected package libpython3.7-minimal:amd64.
Preparing to unpack .../6-libpython3.7-minimal_3.7.6-1+b1_amd64.deb ...
Unpacking libpython3.7-minimal:amd64 (3.7.6-1+b1) ...
Selecting previously unselected package libexpat1:amd64.
Preparing to unpack .../7-libexpat1_2.2.9-1_amd64.deb ...
Unpacking libexpat1:amd64 (2.2.9-1) ...
Selecting previously unselected package python3.7-minimal.
Preparing to unpack .../8-python3.7-minimal_3.7.6-1+b1_amd64.deb ...
Unpacking python3.7-minimal (3.7.6-1+b1) ...
Setting up libssl1.1:amd64 (1.1.1d-2) ...
Setting up libpython3.7-minimal:amd64 (3.7.6-1+b1) ...
Setting up libexpat1:amd64 (2.2.9-1) ...
Setting up python3.7-minimal (3.7.6-1+b1) ...
Selecting previously unselected package python3-minimal.
(Reading database ... 13869 files and directories currently installed.)
Preparing to unpack .../0-python3-minimal_3.7.5-3_amd64.deb ...
Unpacking python3-minimal (3.7.5-3) ...
Selecting previously unselected package mime-support.
Preparing to unpack .../1-mime-support_3.64_all.deb ...
Unpacking mime-support (3.64) ...
Selecting previously unselected package libmpdec2:amd64.
Preparing to unpack .../2-libmpdec2_2.4.2-2_amd64.deb ...
Unpacking libmpdec2:amd64 (2.4.2-2) ...
Selecting previously unselected package readline-common.
Preparing to unpack .../3-readline-common_8.0-3_all.deb ...
Unpacking readline-common (8.0-3) ...
Selecting previously unselected package libreadline8:amd64.
Preparing to unpack .../4-libreadline8_8.0-3_amd64.deb ...
Unpacking libreadline8:amd64 (8.0-3) ...
Selecting previously unselected package libsqlite3-0:amd64.
Preparing to unpack .../5-libsqlite3-0_3.31.1-3_amd64.deb ...
Unpacking libsqlite3-0:amd64 (3.31.1-3) ...
Selecting previously unselected package libpython3.7-stdlib:amd64.
Preparing to unpack .../6-libpython3.7-stdlib_3.7.6-1+b1_amd64.deb ...
Unpacking libpython3.7-stdlib:amd64 (3.7.6-1+b1) ...
Selecting previously unselected package python3.7.
Preparing to unpack .../7-python3.7_3.7.6-1+b1_amd64.deb ...
Unpacking python3.7 (3.7.6-1+b1) ...
Selecting previously unselected package libpython3-stdlib:amd64.
Preparing to unpack .../8-libpython3-stdlib_3.7.5-3_amd64.deb ...
Unpacking libpython3-stdlib:amd64 (3.7.5-3) ...
Setting up python3-minimal (3.7.5-3) ...
Selecting previously unselected package python3.
(Reading database ... 14340 files and directories currently installed.)
Preparing to unpack .../00-python3_3.7.5-3_amd64.deb ...
Unpacking python3 (3.7.5-3) ...
Selecting previously unselected package netbase.
Preparing to unpack .../01-netbase_6.1_all.deb ...
Unpacking netbase (6.1) ...
Selecting previously unselected package libncurses6:amd64.
Preparing to unpack .../02-libncurses6_6.1+20191019-1_amd64.deb ...
Unpacking libncurses6:amd64 (6.1+20191019-1) ...
Selecting previously unselected package libprocps8:amd64.
Preparing to unpack .../03-libprocps8_2%3a3.3.16-1+b1_amd64.deb ...
Unpacking libprocps8:amd64 (2:3.3.16-1+b1) ...
Selecting previously unselected package procps.
Preparing to unpack .../04-procps_2%3a3.3.16-1+b1_amd64.deb ...
Unpacking procps (2:3.3.16-1+b1) ...
Selecting previously unselected package sensible-utils.
Preparing to unpack .../05-sensible-utils_0.0.12+nmu1_all.deb ...
Unpacking sensible-utils (0.0.12+nmu1) ...
Selecting previously unselected package libmagic-mgc.
Preparing to unpack .../06-libmagic-mgc_1%3a5.38-4_amd64.deb ...
Unpacking libmagic-mgc (1:5.38-4) ...
Selecting previously unselected package libmagic1:amd64.
Preparing to unpack .../07-libmagic1_1%3a5.38-4_amd64.deb ...
Unpacking libmagic1:amd64 (1:5.38-4) ...
Selecting previously unselected package file.
Preparing to unpack .../08-file_1%3a5.38-4_amd64.deb ...
Unpacking file (1:5.38-4) ...
Selecting previously unselected package gettext-base.
Preparing to unpack .../09-gettext-base_0.19.8.1-10_amd64.deb ...
Unpacking gettext-base (0.19.8.1-10) ...
Selecting previously unselected package libsigsegv2:amd64.
Preparing to unpack .../10-libsigsegv2_2.12-2_amd64.deb ...
Unpacking libsigsegv2:amd64 (2.12-2) ...
Selecting previously unselected package m4.
Preparing to unpack .../11-m4_1.4.18-4_amd64.deb ...
Unpacking m4 (1.4.18-4) ...
Selecting previously unselected package autoconf.
Preparing to unpack .../12-autoconf_2.69-11.1_all.deb ...
Unpacking autoconf (2.69-11.1) ...
Selecting previously unselected package autotools-dev.
Preparing to unpack .../13-autotools-dev_20180224.1_all.deb ...
Unpacking autotools-dev (20180224.1) ...
Selecting previously unselected package automake.
Preparing to unpack .../14-automake_1%3a1.16.1-4_all.deb ...
Unpacking automake (1:1.16.1-4) ...
Selecting previously unselected package autopoint.
Preparing to unpack .../15-autopoint_0.19.8.1-10_all.deb ...
Unpacking autopoint (0.19.8.1-10) ...
Selecting previously unselected package bison.
Preparing to unpack .../16-bison_2%3a3.5.1+dfsg-1_amd64.deb ...
Unpacking bison (2:3.5.1+dfsg-1) ...
Selecting previously unselected package openssl.
Preparing to unpack .../17-openssl_1.1.1d-2_amd64.deb ...
Unpacking openssl (1.1.1d-2) ...
Selecting previously unselected package ca-certificates.
Preparing to unpack .../18-ca-certificates_20190110_all.deb ...
Unpacking ca-certificates (20190110) ...
Selecting previously unselected package chrpath.
Preparing to unpack .../19-chrpath_0.16-2+b1_amd64.deb ...
Unpacking chrpath (0.16-2+b1) ...
Selecting previously unselected package libtool.
Preparing to unpack .../20-libtool_2.4.6-13_all.deb ...
Unpacking libtool (2.4.6-13) ...
Selecting previously unselected package dh-autoreconf.
Preparing to unpack .../21-dh-autoreconf_19_all.deb ...
Unpacking dh-autoreconf (19) ...
Selecting previously unselected package libdebhelper-perl.
Preparing to unpack .../22-libdebhelper-perl_12.9_all.deb ...
Unpacking libdebhelper-perl (12.9) ...
Selecting previously unselected package libarchive-zip-perl.
Preparing to unpack .../23-libarchive-zip-perl_1.67-1_all.deb ...
Unpacking libarchive-zip-perl (1.67-1) ...
Selecting previously unselected package libsub-override-perl.
Preparing to unpack .../24-libsub-override-perl_0.09-2_all.deb ...
Unpacking libsub-override-perl (0.09-2) ...
Selecting previously unselected package libfile-stripnondeterminism-perl.
Preparing to unpack .../25-libfile-stripnondeterminism-perl_1.6.3-2_all.deb ...
Unpacking libfile-stripnondeterminism-perl (1.6.3-2) ...
Selecting previously unselected package dh-strip-nondeterminism.
Preparing to unpack .../26-dh-strip-nondeterminism_1.6.3-2_all.deb ...
Unpacking dh-strip-nondeterminism (1.6.3-2) ...
Selecting previously unselected package libelf1:amd64.
Preparing to unpack .../27-libelf1_0.176-1.1_amd64.deb ...
Unpacking libelf1:amd64 (0.176-1.1) ...
Selecting previously unselected package dwz.
Preparing to unpack .../28-dwz_0.13-5_amd64.deb ...
Unpacking dwz (0.13-5) ...
Selecting previously unselected package libglib2.0-0:amd64.
Preparing to unpack .../29-libglib2.0-0_2.62.4-2_amd64.deb ...
Unpacking libglib2.0-0:amd64 (2.62.4-2) ...
Selecting previously unselected package libicu63:amd64.
Preparing to unpack .../30-libicu63_63.2-2_amd64.deb ...
Unpacking libicu63:amd64 (63.2-2) ...
Selecting previously unselected package libxml2:amd64.
Preparing to unpack .../31-libxml2_2.9.10+dfsg-3_amd64.deb ...
Unpacking libxml2:amd64 (2.9.10+dfsg-3) ...
Selecting previously unselected package libcroco3:amd64.
Preparing to unpack .../32-libcroco3_0.6.13-1_amd64.deb ...
Unpacking libcroco3:amd64 (0.6.13-1) ...
Selecting previously unselected package gettext.
Preparing to unpack .../33-gettext_0.19.8.1-10_amd64.deb ...
Unpacking gettext (0.19.8.1-10) ...
Selecting previously unselected package intltool-debian.
Preparing to unpack .../34-intltool-debian_0.35.0+20060710.5_all.deb ...
Unpacking intltool-debian (0.35.0+20060710.5) ...
Selecting previously unselected package po-debconf.
Preparing to unpack .../35-po-debconf_1.0.21_all.deb ...
Unpacking po-debconf (1.0.21) ...
Selecting previously unselected package debhelper.
Preparing to unpack .../36-debhelper_12.9_all.deb ...
Unpacking debhelper (12.9) ...
Selecting previously unselected package libffi-dev:amd64.
Preparing to unpack .../37-libffi-dev_3.3-3_amd64.deb ...
Unpacking libffi-dev:amd64 (3.3-3) ...
Selecting previously unselected package libgdbm-compat-dev.
Preparing to unpack .../38-libgdbm-compat-dev_1.18.1-5_amd64.deb ...
Unpacking libgdbm-compat-dev (1.18.1-5) ...
Selecting previously unselected package libgdbm-dev:amd64.
Preparing to unpack .../39-libgdbm-dev_1.18.1-5_amd64.deb ...
Unpacking libgdbm-dev:amd64 (1.18.1-5) ...
Selecting previously unselected package libgmpxx4ldbl:amd64.
Preparing to unpack .../40-libgmpxx4ldbl_2%3a6.2.0+dfsg-4_amd64.deb ...
Unpacking libgmpxx4ldbl:amd64 (2:6.2.0+dfsg-4) ...
Selecting previously unselected package libgmp-dev:amd64.
Preparing to unpack .../41-libgmp-dev_2%3a6.2.0+dfsg-4_amd64.deb ...
Unpacking libgmp-dev:amd64 (2:6.2.0+dfsg-4) ...
Selecting previously unselected package libncurses-dev:amd64.
Preparing to unpack .../42-libncurses-dev_6.1+20191019-1_amd64.deb ...
Unpacking libncurses-dev:amd64 (6.1+20191019-1) ...
Selecting previously unselected package libncurses5-dev:amd64.
Preparing to unpack .../43-libncurses5-dev_6.1+20191019-1_amd64.deb ...
Unpacking libncurses5-dev:amd64 (6.1+20191019-1) ...
Selecting previously unselected package libreadline-dev:amd64.
Preparing to unpack .../44-libreadline-dev_8.0-3_amd64.deb ...
Unpacking libreadline-dev:amd64 (8.0-3) ...
Selecting previously unselected package libssl-dev:amd64.
Preparing to unpack .../45-libssl-dev_1.1.1d-2_amd64.deb ...
Unpacking libssl-dev:amd64 (1.1.1d-2) ...
Selecting previously unselected package libyaml-0-2:amd64.
Preparing to unpack .../46-libyaml-0-2_0.2.2-1_amd64.deb ...
Unpacking libyaml-0-2:amd64 (0.2.2-1) ...
Selecting previously unselected package libyaml-dev:amd64.
Preparing to unpack .../47-libyaml-dev_0.2.2-1_amd64.deb ...
Unpacking libyaml-dev:amd64 (0.2.2-1) ...
Selecting previously unselected package rubygems-integration.
Preparing to unpack .../48-rubygems-integration_1.16_all.deb ...
Unpacking rubygems-integration (1.16) ...
Selecting previously unselected package systemtap-sdt-dev.
Preparing to unpack .../49-systemtap-sdt-dev_4.2-3_amd64.deb ...
Unpacking systemtap-sdt-dev (4.2-3) ...
Selecting previously unselected package zlib1g-dev:amd64.
Preparing to unpack .../50-zlib1g-dev_1%3a1.2.11.dfsg-2_amd64.deb ...
Unpacking zlib1g-dev:amd64 (1:1.2.11.dfsg-2) ...
Selecting previously unselected package sbuild-build-depends-main-dummy.
Preparing to unpack .../51-sbuild-build-depends-main-dummy_0.invalid.0_amd64.deb ...
Unpacking sbuild-build-depends-main-dummy (0.invalid.0) ...
Setting up libpipeline1:amd64 (1.5.2-2) ...
Setting up mime-support (3.64) ...
Setting up libmagic-mgc (1:5.38-4) ...
Setting up libarchive-zip-perl (1.67-1) ...
Setting up libyaml-0-2:amd64 (0.2.2-1) ...
Setting up libglib2.0-0:amd64 (2.62.4-2) ...
No schema files found: doing nothing.
Setting up libdebhelper-perl (12.9) ...
Setting up libsqlite3-0:amd64 (3.31.1-3) ...
Setting up libmagic1:amd64 (1:5.38-4) ...
Setting up gettext-base (0.19.8.1-10) ...
Setting up libgdbm-compat-dev (1.18.1-5) ...
Setting up file (1:5.38-4) ...
Setting up libffi-dev:amd64 (3.3-3) ...
Setting up libicu63:amd64 (63.2-2) ...
Setting up autotools-dev (20180224.1) ...
Setting up libgmpxx4ldbl:amd64 (2:6.2.0+dfsg-4) ...
Setting up libncurses6:amd64 (6.1+20191019-1) ...
Setting up libsigsegv2:amd64 (2.12-2) ...
Setting up bsdmainutils (11.1.2+b1) ...
update-alternatives: using /usr/bin/bsd-write to provide /usr/bin/write (write) in auto mode
update-alternatives: using /usr/bin/bsd-from to provide /usr/bin/from (from) in auto mode
Setting up libssl-dev:amd64 (1.1.1d-2) ...
Setting up autopoint (0.19.8.1-10) ...
Setting up zlib1g-dev:amd64 (1:1.2.11.dfsg-2) ...
Setting up sensible-utils (0.0.12+nmu1) ...
Setting up libuchardet0:amd64 (0.0.6-3) ...
Setting up libsub-override-perl (0.09-2) ...
Setting up netbase (6.1) ...
Setting up libmpdec2:amd64 (2.4.2-2) ...
Setting up libgdbm-dev:amd64 (1.18.1-5) ...
Setting up openssl (1.1.1d-2) ...
Setting up libelf1:amd64 (0.176-1.1) ...
Setting up readline-common (8.0-3) ...
Setting up libxml2:amd64 (2.9.10+dfsg-3) ...
Setting up chrpath (0.16-2+b1) ...
Setting up libprocps8:amd64 (2:3.3.16-1+b1) ...
Setting up libfile-stripnondeterminism-perl (1.6.3-2) ...
Setting up libncurses-dev:amd64 (6.1+20191019-1) ...
Setting up libgmp-dev:amd64 (2:6.2.0+dfsg-4) ...
Setting up libyaml-dev:amd64 (0.2.2-1) ...
Setting up libtool (2.4.6-13) ...
Setting up libreadline8:amd64 (8.0-3) ...
Setting up m4 (1.4.18-4) ...
Setting up libreadline-dev:amd64 (8.0-3) ...
Setting up ca-certificates (20190110) ...
Updating certificates in /etc/ssl/certs...
128 added, 0 removed; done.
Setting up libcroco3:amd64 (0.6.13-1) ...
Setting up autoconf (2.69-11.1) ...
Setting up dh-strip-nondeterminism (1.6.3-2) ...
Setting up dwz (0.13-5) ...
Setting up groff-base (1.22.4-4) ...
Setting up procps (2:3.3.16-1+b1) ...
update-alternatives: using /usr/bin/w.procps to provide /usr/bin/w (w) in auto mode
Setting up libncurses5-dev:amd64 (6.1+20191019-1) ...
Setting up bison (2:3.5.1+dfsg-1) ...
update-alternatives: using /usr/bin/bison.yacc to provide /usr/bin/yacc (yacc) in auto mode
Setting up automake (1:1.16.1-4) ...
update-alternatives: using /usr/bin/automake-1.16 to provide /usr/bin/automake (automake) in auto mode
Setting up libpython3.7-stdlib:amd64 (3.7.6-1+b1) ...
Setting up gettext (0.19.8.1-10) ...
Setting up rubygems-integration (1.16) ...
Setting up man-db (2.9.0-2) ...
Not building database; man-db/auto-update is not 'true'.
Setting up intltool-debian (0.35.0+20060710.5) ...
Setting up libpython3-stdlib:amd64 (3.7.5-3) ...
Setting up python3.7 (3.7.6-1+b1) ...
Setting up po-debconf (1.0.21) ...
Setting up python3 (3.7.5-3) ...
Setting up systemtap-sdt-dev (4.2-3) ...
Setting up dh-autoreconf (19) ...
Setting up debhelper (12.9) ...
Setting up sbuild-build-depends-main-dummy (0.invalid.0) ...
Processing triggers for libc-bin (2.29-10) ...
Processing triggers for ca-certificates (20190110) ...
Updating certificates in /etc/ssl/certs...
0 added, 0 removed; done.
Running hooks in /etc/ca-certificates/update.d...
done.

+------------------------------------------------------------------------------+
| Check architectures                                                          |
+------------------------------------------------------------------------------+

Arch check ok (amd64 included in any all)

+------------------------------------------------------------------------------+
| Build environment                                                            |
+------------------------------------------------------------------------------+

Kernel: Linux 4.19.0-6-cloud-amd64 #1 SMP Debian 4.19.67-2+deb10u2 (2019-11-11) amd64 (x86_64)
Toolchain package versions: binutils_2.34-3 dpkg-dev_1.19.7 g++-9_9.2.1-30 gcc-9_9.2.1-30 libc6-dev_2.29-10 libstdc++-9-dev_9.2.1-30 libstdc++6_10-20200222-1 linux-libc-dev_5.4.19-1
Package versions: adduser_3.118 apt_1.8.4 autoconf_2.69-11.1 automake_1:1.16.1-4 autopoint_0.19.8.1-10 autotools-dev_20180224.1 base-files_11 base-passwd_3.5.47 bash_5.0-5 binutils_2.34-3 binutils-common_2.34-3 binutils-x86-64-linux-gnu_2.34-3 bison_2:3.5.1+dfsg-1 bsdmainutils_11.1.2+b1 bsdutils_1:2.34-0.1 build-essential_12.8 bzip2_1.0.8-2 ca-certificates_20190110 chrpath_0.16-2+b1 clang-10_1:10.0.0~+rc2-1 coreutils_8.30-3+b1 cpp_4:9.2.1-3.1 cpp-9_9.2.1-30 dash_0.5.10.2-6 debconf_1.5.73 debhelper_12.9 debian-archive-keyring_2019.1 debianutils_4.9.1 dh-autoreconf_19 dh-strip-nondeterminism_1.6.3-2 diffutils_1:3.7-3 dpkg_1.19.7 dpkg-dev_1.19.7 dwz_0.13-5 e2fsprogs_1.45.5-2 fakeroot_1.24-1 fdisk_2.34-0.1 file_1:5.38-4 findutils_4.7.0-1 g++_4:9.2.1-3.1 g++-9_9.2.1-30 gcc_4:9.2.1-3.1 gcc-10-base_10-20200222-1 gcc-9_9.2.1-30 gcc-9-base_9.2.1-30 gettext_0.19.8.1-10 gettext-base_0.19.8.1-10 gpgv_2.2.19-1 grep_3.4-1 groff-base_1.22.4-4 gzip_1.9-3+b1 hostname_3.23 init-system-helpers_1.57 intltool-debian_0.35.0+20060710.5 lib32gcc-s1_10-20200222-1 lib32gcc1_1:10-20200222-1 lib32stdc++6_10-20200222-1 libacl1_2.2.53-5 libapt-pkg5.0_1.8.4 libarchive-zip-perl_1.67-1 libasan5_9.2.1-30 libatomic1_10-20200222-1 libattr1_1:2.4.48-5 libaudit-common_1:2.8.5-2 libaudit1_1:2.8.5-2+b1 libbinutils_2.34-3 libblkid1_2.34-0.1 libbsd0_0.10.0-1 libbz2-1.0_1.0.8-2 libc-bin_2.29-10 libc-dev-bin_2.29-10 libc6_2.29-10 libc6-dev_2.29-10 libc6-i386_2.29-10 libcap-ng0_0.7.9-2.1+b1 libcc1-0_10-20200222-1 libclang-common-10-dev_1:10.0.0~+rc2-1 libclang-cpp10_1:10.0.0~+rc2-1 libclang1-10_1:10.0.0~+rc2-1 libcom-err2_1.45.5-2 libcroco3_0.6.13-1 libcrypt-dev_1:4.4.10-10 libcrypt1_1:4.4.10-10 libctf-nobfd0_2.34-3 libctf0_2.34-3 libdb5.3_5.3.28+dfsg1-0.6 libdebconfclient0_0.251 libdebhelper-perl_12.9 libdpkg-perl_1.19.7 libedit2_3.1-20191231-1 libelf1_0.176-1.1 libexpat1_2.2.9-1 libext2fs2_1.45.5-2 libfakeroot_1.24-1 libfdisk1_2.34-0.1 libffi-dev_3.3-3 libffi7_3.3-3 libfile-stripnondeterminism-perl_1.6.3-2 libgc1c2_1:7.6.4-0.4 libgcc-9-dev_9.2.1-30 libgcc-s1_10-20200222-1 libgcc1_1:10-20200222-1 libgcrypt20_1.8.5-5 libgdbm-compat-dev_1.18.1-5 libgdbm-compat4_1.18.1-5 libgdbm-dev_1.18.1-5 libgdbm6_1.18.1-5 libglib2.0-0_2.62.4-2 libgmp-dev_2:6.2.0+dfsg-4 libgmp10_2:6.2.0+dfsg-4 libgmpxx4ldbl_2:6.2.0+dfsg-4 libgnutls30_3.6.12-2 libgomp1_10-20200222-1 libgpg-error0_1.37-1 libhogweed5_3.5.1+really3.5.1-2 libicu63_63.2-2 libidn2-0_2.2.0-2 libisl22_0.22.1-1 libitm1_10-20200222-1 libllvm10_1:10.0.0~+rc2-1 liblsan0_10-20200222-1 liblz4-1_1.9.2-2 liblzma5_5.2.4-1+b1 libmagic-mgc_1:5.38-4 libmagic1_1:5.38-4 libmount1_2.34-0.1 libmpc3_1.1.0-1 libmpdec2_2.4.2-2 libmpfr6_4.0.2-1 libncurses-dev_6.1+20191019-1 libncurses5-dev_6.1+20191019-1 libncurses6_6.1+20191019-1 libncursesw6_6.1+20191019-1 libnettle7_3.5.1+really3.5.1-2 libobjc-9-dev_9.2.1-30 libobjc4_10-20200222-1 libomp-10-dev_1:10.0.0~+rc2-1 libomp5-10_1:10.0.0~+rc2-1 libp11-kit0_0.23.20-1 libpam-modules_1.3.1-5 libpam-modules-bin_1.3.1-5 libpam-runtime_1.3.1-5 libpam0g_1.3.1-5 libpcre2-8-0_10.34-7 libpcre3_2:8.39-12+b1 libperl5.30_5.30.0-9 libpipeline1_1.5.2-2 libprocps8_2:3.3.16-1+b1 libpython3-stdlib_3.7.5-3 libpython3.7-minimal_3.7.6-1+b1 libpython3.7-stdlib_3.7.6-1+b1 libquadmath0_10-20200222-1 libreadline-dev_8.0-3 libreadline8_8.0-3 libseccomp2_2.4.2-2 libselinux1_3.0-1+b1 libsemanage-common_3.0-1 libsemanage1_3.0-1+b1 libsepol1_3.0-1 libsigsegv2_2.12-2 libsmartcols1_2.34-0.1 libsqlite3-0_3.31.1-3 libss2_1.45.5-2 libssl-dev_1.1.1d-2 libssl1.1_1.1.1d-2 libstdc++-9-dev_9.2.1-30 libstdc++6_10-20200222-1 libsub-override-perl_0.09-2 libsystemd0_244.3-1 libtasn1-6_4.16.0-2 libtinfo6_6.1+20191019-1 libtool_2.4.6-13 libtsan0_10-20200222-1 libubsan1_10-20200222-1 libuchardet0_0.0.6-3 libudev1_244.3-1 libunistring2_0.9.10-2 libuuid1_2.34-0.1 libxml2_2.9.10+dfsg-3 libyaml-0-2_0.2.2-1 libyaml-dev_0.2.2-1 libz3-4_4.8.7-4 libzstd1_1.4.4+dfsg-3 linux-libc-dev_5.4.19-1 login_1:4.8.1-1 logsave_1.45.5-2 lsb-base_11.1.0 m4_1.4.18-4 make_4.2.1-1.2 man-db_2.9.0-2 mawk_1.3.4.20200120-2 mime-support_3.64 mount_2.34-0.1 ncurses-base_6.1+20191019-1 ncurses-bin_6.1+20191019-1 netbase_6.1 openssl_1.1.1d-2 passwd_1:4.8.1-1 patch_2.7.6-6 perl_5.30.0-9 perl-base_5.30.0-9 perl-modules-5.30_5.30.0-9 po-debconf_1.0.21 procps_2:3.3.16-1+b1 python3_3.7.5-3 python3-minimal_3.7.5-3 python3.7_3.7.6-1+b1 python3.7-minimal_3.7.6-1+b1 readline-common_8.0-3 rubygems-integration_1.16 sbuild-build-depends-main-dummy_0.invalid.0 sed_4.7-1 sensible-utils_0.0.12+nmu1 systemtap-sdt-dev_4.2-3 sysvinit-utils_2.96-2.1 tar_1.30+dfsg-6+b1 tzdata_2019c-3 util-linux_2.34-0.1 xz-utils_5.2.4-1+b1 zlib1g_1:1.2.11.dfsg-2 zlib1g-dev_1:1.2.11.dfsg-2

+------------------------------------------------------------------------------+
| Build                                                                        |
+------------------------------------------------------------------------------+


Unpack source
-------------

-----BEGIN PGP SIGNED MESSAGE-----
Hash: SHA256

Format: 3.0 (quilt)
Source: ruby2.7
Binary: ruby2.7, libruby2.7, ruby2.7-dev, ruby2.7-doc
Architecture: any all
Version: 2.7.0-4
Maintainer: Debian Ruby Team <pkg-ruby-extras-maintainers@lists.alioth.debian.org>
Uploaders: Antonio Terceiro <terceiro@debian.org>, Chris Hofstaedtler <zeha@debian.org>, Lucas Kanashiro <kanashiro@debian.org>
Homepage: http://www.ruby-lang.org/
Standards-Version: 4.1.5
Vcs-Browser: https://salsa.debian.org/ruby-team/ruby
Vcs-Git: https://salsa.debian.org/ruby-team/ruby.git
Testsuite: autopkgtest
Build-Depends: bison, chrpath, coreutils (>= 7.5), debhelper (>= 10), file, libffi-dev, libgdbm-compat-dev, libgdbm-dev, libgmp-dev, libncurses5-dev, libncursesw5-dev, libreadline6-dev, libssl-dev, libyaml-dev, netbase, openssl, procps, ruby:native <cross>, rubygems-integration (>= 1.6), systemtap-sdt-dev [linux-any], tzdata, zlib1g-dev
Package-List:
 libruby2.7 deb libs optional arch=any
 ruby2.7 deb ruby optional arch=any
 ruby2.7-dev deb ruby optional arch=any
 ruby2.7-doc deb doc optional arch=all
Checksums-Sha1:
 3705e89d61ad1fbfa27409043c30fed858e64175 10734268 ruby2.7_2.7.0.orig.tar.xz
 bd09772dd1903e4732cb3c2bc549c8d77d4d6985 109724 ruby2.7_2.7.0-4.debian.tar.xz
Checksums-Sha256:
 317ea23716234b1ca393f3509afa115b98b6a873f6724faffdcaeb04bd6f2935 10734268 ruby2.7_2.7.0.orig.tar.xz
 d78b72c6919ae053baf4c036d7d3c6c88f3150a90a34375aaa24d36d8d31b563 109724 ruby2.7_2.7.0-4.debian.tar.xz
Files:
 e3495812d62ccc91181134aff7500f12 10734268 ruby2.7_2.7.0.orig.tar.xz
 31c7ce9111579dd8743f961612becf31 109724 ruby2.7_2.7.0-4.debian.tar.xz

-----BEGIN PGP SIGNATURE-----

iQIzBAEBCAAdFiEEst7mYDbECCn80PEM/A2xu81GC94FAl5NFq8ACgkQ/A2xu81G
C96VxQ//VKt7L6HCN9f7SZzkNpSAyU+2sNwfL8lIX3syGnOvrE2GD29lk+DcTuA4
vAqciUVoRg+WngB12sMHqZHhCDtlgkrQnicBZOSAdJao5m+G51ULsJ3LNukVP9GG
vIpGQodo0F6Yf5W+zgRrIG2p9CIfGQvEVbmxluG1yxH1d0VJRHHV6h9aHHy1RTp4
cnP5radJwrUNqt3AxsHt41Q+z2oPzD64Q4NUKElPIDywigJ/3DWkzJQHTgu7dDWy
dawklknAetzc+KKLBFn7Pds3j+WHRb83JSqYh4V03Xxo4VJppn2Zll9G0GbECc12
RHJsAZ9mgOHwYarh1Pz0DvF106ZlENd03kg4F5gPaHo53VjRjwXGCG3RD3blIWG9
P+MZBSvXvtc9sjHLT5rcm4K94s4zKCgMlNdO3oAwW82Yx8WuznA2Gj9eepTZUj4G
b4PqDfR1tPE/Ge6u+hAsWzA/UzFj2FU29k2SiRPLY9eGAfdQAoXc7HgpwFUI1GJ9
I9M6G26N8LxDP3QbW3ywtMr7DGI7U8mCHo1qgSVqFBfiVnyZN7E4Lli2TKO9dSnk
GB0pM5GC3YKeBBbPKFaYNJjsT+N3JNx7MN1yldO/at2bdKC2VDZWx4LZdBfNWNph
/9ipR1Jb4j0/53vQxjl3pbm/YWOT36Do9gSmOby4rL5THoow+FI=
=E6LU
-----END PGP SIGNATURE-----

gpgv: unknown type of key resource 'trustedkeys.kbx'
gpgv: keyblock resource '/sbuild-nonexistent/.gnupg/trustedkeys.kbx': General error
gpgv: Signature made Wed Feb 19 11:06:23 2020 UTC
gpgv:                using RSA key B2DEE66036C40829FCD0F10CFC0DB1BBCD460BDE
gpgv: Can't check signature: No public key
dpkg-source: warning: failed to verify signature on ./ruby2.7_2.7.0-4.dsc
dpkg-source: info: extracting ruby2.7 in /<<PKGBUILDDIR>>
dpkg-source: info: unpacking ruby2.7_2.7.0.orig.tar.xz
dpkg-source: info: unpacking ruby2.7_2.7.0-4.debian.tar.xz
dpkg-source: info: using patch list from debian/patches/series
dpkg-source: info: applying 0001-rdoc-build-reproducible-documentation.patch
dpkg-source: info: applying 0002-lib-mkmf.rb-sort-list-of-object-files-in-generated-M.patch
dpkg-source: info: applying 0003-Mark-Gemspec-reproducible-change-fixing-784225-too.patch
dpkg-source: info: applying 0008-Disable-tests-failing-on-Ubuntu-builders.patch
dpkg-source: info: applying 0005-Make-gemspecs-reproducible.patch
dpkg-source: info: applying 0006-Fix-FTBS-on-hurd.patch
dpkg-source: info: applying 0007-Port-to-kfreebsd-amd64.patch
dpkg-source: info: applying 0008-Fix-priority-order-of-paths-in-I-option.patch

Check disk space
----------------

Sufficient free space for build

User Environment
----------------

APT_CONFIG=/var/lib/sbuild/apt.conf
HOME=/sbuild-nonexistent
LANG=C.UTF-8
LC_ALL=C.UTF-8
LOGNAME=user42
PATH=/usr/local/sbin:/usr/local/bin:/usr/sbin:/usr/bin:/sbin:/bin:/usr/games
SCHROOT_ALIAS_NAME=unstable
SCHROOT_CHROOT_NAME=sid-amd64-sbuild
SCHROOT_COMMAND=env
SCHROOT_GID=1001
SCHROOT_GROUP=user42
SCHROOT_SESSION_ID=sid-amd64-sbuild-61a1bba2-bbc4-4d47-8272-a05172aa9a4d
SCHROOT_UID=1001
SCHROOT_USER=user42
SHELL=/bin/sh
USER=user42

dpkg-buildpackage
-----------------

Command: dpkg-buildpackage -us -uc -b -rfakeroot
dpkg-buildpackage: info: source package ruby2.7
dpkg-buildpackage: info: source version 2.7.0-4
dpkg-buildpackage: info: source distribution unstable
dpkg-buildpackage: info: source changed by Antonio Terceiro <terceiro@debian.org>
 dpkg-source --before-build .
dpkg-buildpackage: info: host architecture amd64
 fakeroot debian/rules clean
dh clean
   debian/rules override_dh_auto_clean
make[1]: Entering directory '/<<PKGBUILDDIR>>'
/usr/bin/make clean || true
make[2]: Entering directory '/<<PKGBUILDDIR>>'
make[2]: *** No rule to make target 'clean'.  Stop.
make[2]: Leaving directory '/<<PKGBUILDDIR>>'
/usr/bin/make distclean-ext || true
make[2]: Entering directory '/<<PKGBUILDDIR>>'
make[2]: *** No rule to make target 'distclean-ext'.  Stop.
make[2]: Leaving directory '/<<PKGBUILDDIR>>'
rm -f tool/config.guess tool/config.sub
rm -f test/excludes/amd64
rm -f -r .ext
rm -f -r doc/capi
rm -f .installed.list GNUmakefile Makefile builtin_binary.inc \
	config.status enc.mk uncommon.mk verconf.h
make[1]: Leaving directory '/<<PKGBUILDDIR>>'
   dh_clean
	rm -f debian/debhelper-build-stamp
	rm -rf debian/.debhelper/
	rm -f -- debian/ruby2.7.substvars debian/libruby2.7.substvars debian/ruby2.7-dev.substvars debian/ruby2.7-doc.substvars debian/files
	rm -fr -- debian/ruby2.7/ debian/tmp/ debian/libruby2.7/ debian/ruby2.7-dev/ debian/ruby2.7-doc/
	find .  \( \( \
		\( -path .\*/.git -o -path .\*/.svn -o -path .\*/.bzr -o -path .\*/.hg -o -path .\*/CVS -o -path .\*/.pc -o -path .\*/_darcs \) -prune -o -type f -a \
	        \( -name '#*#' -o -name '.*~' -o -name '*~' -o -name DEADJOE \
		 -o -name '*.orig' -o -name '*.rej' -o -name '*.bak' \
		 -o -name '.*.orig' -o -name .*.rej -o -name '.SUMS' \
		 -o -name TAGS -o \( -path '*/.deps/*' -a -name '*.P' \) \
		\) -exec rm -f {} + \) -o \
		\( -type d -a -name autom4te.cache -prune -exec rm -rf {} + \) \)
 debian/rules build
dh build
   dh_update_autotools_config
   dh_autoreconf
	find ! -ipath "./debian/*" -a ! \( -path '*/.git/*' -o -path '*/.hg/*' -o -path '*/.bzr/*' -o -path '*/.svn/*' -o -path '*/CVS/*' \) -a  -type f -exec md5sum {} + -o -type l -printf "symlink  %p
" > debian/autoreconf.before
	grep -q ^XDT_ configure.ac
	autoreconf -f -i
	find ! -ipath "./debian/*" -a ! \( -path '*/.git/*' -o -path '*/.hg/*' -o -path '*/.bzr/*' -o -path '*/.svn/*' -o -path '*/CVS/*' \) -a  -type f -exec md5sum {} + -o -type l -printf "symlink  %p
" > debian/autoreconf.after
   debian/rules override_dh_auto_configure
make[1]: Entering directory '/<<PKGBUILDDIR>>'
cp /usr/share/misc/config.guess tool
cp /usr/share/misc/config.sub tool
./configure --prefix=/usr --enable-multiarch --target=x86_64-linux-gnu --program-suffix=2.7 --with-soname=ruby-2.7 --enable-shared --disable-rpath --with-sitedir='/usr/local/lib/site_ruby' --with-sitearchdir="/usr/local/lib/x86_64-linux-gnu/site_ruby" --runstatedir=/var/run --localstatedir=/var --sysconfdir=/etc --enable-ipv6 --with-dbm-type=gdbm_compat --with-compress-debug-sections=no CFLAGS="-g -O2 -fdebug-prefix-map=/<<PKGBUILDDIR>>=. -fstack-protector-strong -Wformat -Werror=format-security" CPPFLAGS="-Wdate-time -D_FORTIFY_SOURCE=2" CXXFLAGS="-g -O2 -fdebug-prefix-map=/<<PKGBUILDDIR>>=. -fstack-protector-strong -Wformat -Werror=format-security" FCFLAGS="-g -O2 -fdebug-prefix-map=/<<PKGBUILDDIR>>=. -fstack-protector-strong" FFLAGS="-g -O2 -fdebug-prefix-map=/<<PKGBUILDDIR>>=. -fstack-protector-strong" GCJFLAGS="-g -O2 -fdebug-prefix-map=/<<PKGBUILDDIR>>=. -fstack-protector-strong" LDFLAGS="-Wl,-z,relro -Wl,-z,now" OBJCFLAGS="-g -O2 -fdebug-prefix-map=/<<PKGBUILDDIR>>=. -fstack-protector-strong -Wformat -Werror=format-security" OBJCXXFLAGS="-g -O2 -fdebug-prefix-map=/<<PKGBUILDDIR>>=. -fstack-protector-strong -Wformat -Werror=format-security" 
checking for ruby... false
checking build system type... x86_64-pc-linux-gnu
checking host system type... x86_64-pc-linux-gnu
checking target system type... x86_64-pc-linux-gnu
checking for gcc... gcc
checking whether the C compiler works... yes
checking for C compiler default output file name... a.out
checking for suffix of executables... 
checking whether we are cross compiling... no
checking for suffix of object files... o
checking whether we are using the GNU C compiler... yes
checking whether gcc accepts -g... yes
checking for gcc option to accept ISO C89... none needed
checking for gcc option to accept ISO C99... none needed
checking how to run the C preprocessor... gcc -E
checking for g++... g++
checking whether we are using the GNU C++ compiler... yes
checking whether g++ accepts -g... yes
checking for grep that handles long lines and -e... /bin/grep
checking for egrep... /bin/grep -E
checking whether gcc needs -traditional... no
checking for ld... ld
checking whether the linker is GNU ld... yes
checking whether gcc -E accepts -o... yes
checking for gcc... /usr/bin/gcc
checking for ranlib... ranlib
checking for ar... ar
checking for ar flags... rcD
checking for as... as
checking for objdump... objdump
checking for objcopy... objcopy
checking for nm... nm
checking whether ln -s works... yes
checking whether make sets $(MAKE)... yes
checking for a BSD-compatible install... /usr/bin/install -c
checking for a thread-safe mkdir -p... /bin/mkdir -p
checking for dtrace... dtrace
checking for dot... no
checking for doxygen... no
checking for pkg-config... no
checking for ANSI C header files... yes
checking for sys/types.h... yes
checking for sys/stat.h... yes
checking for stdlib.h... yes
checking for string.h... yes
checking for memory.h... yes
checking for strings.h... yes
checking for inttypes.h... yes
checking for stdint.h... yes
checking for unistd.h... yes
checking minix/config.h usability... no
checking minix/config.h presence... no
checking for minix/config.h... no
checking whether it is safe to define __EXTENSIONS__... yes
checking for cd using physical directory... cd -P
checking whether CFLAGS is valid... yes
checking whether LDFLAGS is valid... yes
checking whether -Wl,-R. is accepted as LDFLAGS... yes
checking whether -Wl,-rpath,. is accepted as LDFLAGS... yes
checking whether -Wdeprecated-declarations is accepted as CFLAGS... yes
checking whether -Wdivision-by-zero is accepted as CFLAGS... yes
checking whether -Wduplicated-cond is accepted as CFLAGS... no
checking whether -Wimplicit-function-declaration is accepted as CFLAGS... yes
checking whether -Wimplicit-int is accepted as CFLAGS... yes
checking whether -Wmisleading-indentation is accepted as CFLAGS... yes
checking whether -Wpointer-arith is accepted as CFLAGS... yes
checking whether -Wshorten-64-to-32 is accepted as CFLAGS... yes
checking whether -Wwrite-strings is accepted as CFLAGS... yes
checking whether -Wimplicit-fallthrough=0 is accepted as CFLAGS... no
checking whether -Wmissing-noreturn is accepted as CFLAGS... yes
checking whether -Wno-cast-function-type is accepted as CFLAGS... no
checking whether -Wno-constant-logical-operand is accepted as CFLAGS... yes
checking whether -Wno-long-long is accepted as CFLAGS... yes
checking whether -Wno-missing-field-initializers is accepted as CFLAGS... yes
checking whether -Wno-overlength-strings is accepted as CFLAGS... yes
checking whether -Wno-packed-bitfield-compat is accepted as CFLAGS... no
checking whether -Wno-parentheses-equality is accepted as CFLAGS... yes
checking whether -Wno-self-assign is accepted as CFLAGS... yes
checking whether -Wno-tautological-compare is accepted as CFLAGS... yes
checking whether -Wno-unused-parameter is accepted as CFLAGS... yes
checking whether -Wno-unused-value is accepted as CFLAGS... yes
checking whether -Wsuggest-attribute=format is accepted as CFLAGS... no
checking whether -Wsuggest-attribute=noreturn is accepted as CFLAGS... no
checking whether -Wunused-variable is accepted as CFLAGS... yes
checking whether -diag-disable=175,188,2259 is accepted as CFLAGS... no
checking whether -Wextra-tokens is accepted as CFLAGS... yes
checking whether -Wall -Wextra is accepted as CFLAGS... yes
checking whether -Qunused-arguments is accepted as CFLAGS... yes
checking whether -D_FORTIFY_SOURCE=2 is accepted as CFLAGS... yes
checking whether -fstack-protector-strong is accepted as CFLAGS... yes
checking whether -fstack-protector-strong is accepted as LDFLAGS... yes
checking whether -std=gnu99 is accepted as CFLAGS... yes
checking whether -fno-strict-overflow is accepted as CFLAGS... yes
checking whether -ggdb3 is accepted as CFLAGS... yes
checking whether -fvisibility=hidden is accepted as CFLAGS... yes
checking whether -fno-fast-math is accepted as CFLAGS... yes
checking whether -fexcess-precision=standard is accepted as CFLAGS... no
checking whether -fp-model precise is accepted as CFLAGS... no
checking whether compiler has statement and declarations in expressions... yes
checking for crypt in -lcrypt... yes
checking for dlopen in -ldl... yes
checking for shl_load in -ldld... no
checking for shutdown in -lsocket... no
checking for dirent.h that defines DIR... yes
checking for library containing opendir... none required
checking for stdbool.h that conforms to C99... yes
checking for _Bool... yes
checking for sys/wait.h that is POSIX.1 compatible... yes
checking a.out.h usability... yes
checking a.out.h presence... yes
checking for a.out.h... yes
checking atomic.h usability... no
checking atomic.h presence... no
checking for atomic.h... no
checking copyfile.h usability... no
checking copyfile.h presence... no
checking for copyfile.h... no
checking direct.h usability... no
checking direct.h presence... no
checking for direct.h... no
checking grp.h usability... yes
checking grp.h presence... yes
checking for grp.h... yes
checking fcntl.h usability... yes
checking fcntl.h presence... yes
checking for fcntl.h... yes
checking float.h usability... yes
checking float.h presence... yes
checking for float.h... yes
checking ieeefp.h usability... no
checking ieeefp.h presence... no
checking for ieeefp.h... no
checking intrinsics.h usability... no
checking intrinsics.h presence... no
checking for intrinsics.h... no
checking langinfo.h usability... yes
checking langinfo.h presence... yes
checking for langinfo.h... yes
checking limits.h usability... yes
checking limits.h presence... yes
checking for limits.h... yes
checking locale.h usability... yes
checking locale.h presence... yes
checking for locale.h... yes
checking malloc.h usability... yes
checking malloc.h presence... yes
checking for malloc.h... yes
checking malloc/malloc.h usability... no
checking malloc/malloc.h presence... no
checking for malloc/malloc.h... no
checking malloc_np.h usability... no
checking malloc_np.h presence... no
checking for malloc_np.h... no
checking net/socket.h usability... no
checking net/socket.h presence... no
checking for net/socket.h... no
checking process.h usability... no
checking process.h presence... no
checking for process.h... no
checking pwd.h usability... yes
checking pwd.h presence... yes
checking for pwd.h... yes
checking sanitizer/asan_interface.h usability... yes
checking sanitizer/asan_interface.h presence... yes
checking for sanitizer/asan_interface.h... yes
checking sanitizer/msan_interface.h usability... yes
checking sanitizer/msan_interface.h presence... yes
checking for sanitizer/msan_interface.h... yes
checking setjmpex.h usability... no
checking setjmpex.h presence... no
checking for setjmpex.h... no
checking stdalign.h usability... yes
checking stdalign.h presence... yes
checking for stdalign.h... yes
checking sys/attr.h usability... no
checking sys/attr.h presence... no
checking for sys/attr.h... no
checking sys/eventfd.h usability... yes
checking sys/eventfd.h presence... yes
checking for sys/eventfd.h... yes
checking sys/fcntl.h usability... yes
checking sys/fcntl.h presence... yes
checking for sys/fcntl.h... yes
checking sys/file.h usability... yes
checking sys/file.h presence... yes
checking for sys/file.h... yes
checking sys/id.h usability... no
checking sys/id.h presence... no
checking for sys/id.h... no
checking sys/ioctl.h usability... yes
checking sys/ioctl.h presence... yes
checking for sys/ioctl.h... yes
checking sys/mkdev.h usability... no
checking sys/mkdev.h presence... no
checking for sys/mkdev.h... no
checking sys/param.h usability... yes
checking sys/param.h presence... yes
checking for sys/param.h... yes
checking sys/prctl.h usability... yes
checking sys/prctl.h presence... yes
checking for sys/prctl.h... yes
checking sys/resource.h usability... yes
checking sys/resource.h presence... yes
checking for sys/resource.h... yes
checking sys/select.h usability... yes
checking sys/select.h presence... yes
checking for sys/select.h... yes
checking sys/sendfile.h usability... yes
checking sys/sendfile.h presence... yes
checking for sys/sendfile.h... yes
checking sys/socket.h usability... yes
checking sys/socket.h presence... yes
checking for sys/socket.h... yes
checking sys/syscall.h usability... yes
checking sys/syscall.h presence... yes
checking for sys/syscall.h... yes
checking sys/sysmacros.h usability... yes
checking sys/sysmacros.h presence... yes
checking for sys/sysmacros.h... yes
checking sys/time.h usability... yes
checking sys/time.h presence... yes
checking for sys/time.h... yes
checking sys/times.h usability... yes
checking sys/times.h presence... yes
checking for sys/times.h... yes
checking sys/uio.h usability... yes
checking sys/uio.h presence... yes
checking for sys/uio.h... yes
checking sys/utime.h usability... no
checking sys/utime.h presence... no
checking for sys/utime.h... no
checking syscall.h usability... yes
checking syscall.h presence... yes
checking for syscall.h... yes
checking time.h usability... yes
checking time.h presence... yes
checking for time.h... yes
checking ucontext.h usability... yes
checking ucontext.h presence... yes
checking for ucontext.h... yes
checking utime.h usability... yes
checking utime.h presence... yes
checking for utime.h... yes
checking gmp.h usability... yes
checking gmp.h presence... yes
checking for gmp.h... yes
checking for library containing __gmpz_init... -lgmp
checking for special C compiler options needed for large files... no
checking for _FILE_OFFSET_BITS value needed for large files... no
checking whether byte ordering is bigendian... no
checking for an ANSI C-conforming const... yes
checking whether char is unsigned... no
checking for inline... inline
checking for working volatile... yes
checking for typeof syntax and keyword spelling... typeof
checking for C/C++ restrict keyword... __restrict
checking for long long... yes
checking for off_t... yes
checking char bit... 8
checking size of int... 4
checking size of short... 2
checking size of long... 8
checking size of long long... 8
checking size of __int64... 0
checking size of __int128... 16
checking size of off_t... 8
checking size of void*... 8
checking size of float... 4
checking size of double... 8
checking size of time_t... 8
checking size of clock_t... 8
checking packed struct attribute... x __attribute__((packed))
checking whether -Wno-address-of-packed-member is accepted as CFLAGS... yes
checking for printf prefix for long long... ll
checking for pid_t... yes
checking for convertible type of pid_t... INT
checking for uid_t... yes
checking for convertible type of uid_t... UINT
checking for gid_t... yes
checking for convertible type of gid_t... UINT
checking for time_t... yes
checking for convertible type of time_t... LONG
checking for dev_t... yes
checking for convertible type of dev_t... ULONG
checking for mode_t... yes
checking for convertible type of mode_t... UINT
checking for rlim_t... yes
checking for convertible type of rlim_t... ULONG
checking for off_t... (cached) yes
checking for convertible type of off_t... LONG
checking for clockid_t... yes
checking for convertible type of clockid_t... INT
checking for prototypes... yes
checking token paste string... ansi
checking stringization... #expr
checking string literal concatenation... yes
checking for variable length prototypes and stdarg.h... yes
checking for variable length macro... yes
checking for alignas() syntax... __attribute__((__aligned__(x)))
checking for alignof() syntax... alignof
checking for CONSTFUNC function attribute... __attribute__ ((__const__)) x
checking for PUREFUNC function attribute... __attribute__ ((__pure__)) x
checking for NORETURN function attribute... __attribute__ ((__noreturn__)) x
checking for DEPRECATED function attribute... __attribute__ ((__deprecated__)) x
checking for DEPRECATED_BY function attribute... __attribute__ ((__deprecated__("by "#n))) x
checking for DEPRECATED_TYPE type attribute... x __attribute__ ((__deprecated__ mesg))
checking for NOINLINE function attribute... __attribute__ ((__noinline__)) x
checking for ALWAYS_INLINE function attribute... __attribute__ ((__always_inline__)) x
checking for NO_SANITIZE function attribute... __attribute__ ((__no_sanitize__(san))) x
checking for NO_SANITIZE_ADDRESS function attribute... __attribute__ ((__no_sanitize_address__)) x
checking for NO_ADDRESS_SAFETY_ANALYSIS function attribute... __attribute__ ((__no_address_safety_analysis__)) x
checking for WARN_UNUSED_RESULT function attribute... __attribute__ ((__warn_unused_result__)) x
checking for MAYBE_UNUSED function attribute... __attribute__ ((__unused__)) x
checking for ERRORFUNC function attribute... x
checking for WARNINGFUNC function attribute... x
checking for WEAK function attribute... __attribute__ ((__weak__)) x
checking for __attribute__((__depreacted__(msg))) in C++... yes
checking for FUNC_STDCALL function attribute... x
checking for FUNC_CDECL function attribute... __attribute__ ((__cdecl__)) x
checking for FUNC_FASTCALL function attribute... x
checking for FUNC_UNOPTIMIZED function attribute... x
checking for FUNC_MINIMIZED function attribute... x
checking for function alias... alias
checking for __atomic builtins... yes
checking for __sync builtins... yes
checking for __builtin_unreachable... yes
checking for exported function attribute... __attribute__ ((__visibility__("default")))
checking for RUBY_FUNC_NONNULL function attribute... __attribute__ ((__nonnull__(n))) x
checking for function name string predefined identifier... __func__
checking if enum over int is allowed... yes
checking whether sys_nerr is declared... yes
checking whether getenv is declared... yes
checking for size_t... yes
checking size of size_t... 8
checking size of ptrdiff_t... 8
checking for printf prefix for size_t... z
checking for printf prefix for ptrdiff_t... t
checking for struct stat.st_blksize... yes
checking for struct stat.st_blocks... yes
checking for struct stat.st_rdev... yes
checking size of struct stat.st_size... SIZEOF_OFF_T
checking size of struct stat.st_blocks... SIZEOF_OFF_T
checking size of struct stat.st_ino... SIZEOF_LONG
checking for struct stat.st_atim... yes
checking for struct stat.st_atimespec... no
checking for struct stat.st_atimensec... no
checking for struct stat.st_mtim... yes
checking for struct stat.st_mtimespec... no
checking for struct stat.st_mtimensec... no
checking for struct stat.st_ctim... yes
checking for struct stat.st_ctimespec... no
checking for struct stat.st_ctimensec... no
checking for struct stat.st_birthtimespec... no
checking for struct statx.stx_btime... yes
checking for struct timeval... yes
checking size of struct timeval.tv_sec... SIZEOF_TIME_T
checking for struct timespec... yes
checking for struct timezone... yes
checking for fd_mask... yes
checking for int8_t... yes
checking size of int8_t... 1
checking for uint8_t... yes
checking size of uint8_t... 1
checking for int16_t... yes
checking size of int16_t... 2
checking for uint16_t... yes
checking size of uint16_t... 2
checking for int32_t... yes
checking size of int32_t... 4
checking for uint32_t... yes
checking size of uint32_t... 4
checking for int64_t... yes
checking size of int64_t... 8
checking for uint64_t... yes
checking size of uint64_t... 8
checking for int128_t... __int128
checking for uint128_t... unsigned __int128
checking for intptr_t... yes
checking size of intptr_t... 8
checking for uintptr_t... yes
checking size of uintptr_t... 8
checking for printf prefix for intptr_t... NONE
checking for ssize_t... yes
checking size of ssize_t... 8
checking for printf prefix for int64_t... NONE
checking for stack end address... __libc_stack_end
checking for uid_t in sys/types.h... (cached) yes
checking type of array argument to getgroups... gid_t
checking return type of signal handlers... void
checking for working alloca.h... yes
checking for alloca... yes
checking for dynamic size alloca... ok
checking for working memcmp... yes
checking for acosh... yes
checking for cbrt... yes
checking for crypt... yes
checking for dup2... yes
checking for erf... yes
checking for explicit_bzero... yes
checking for ffs... yes
checking for flock... yes
checking for hypot... yes
checking for lgamma_r... yes
checking for memmove... yes
checking for nan... yes
checking for nextafter... yes
checking for setproctitle... no
checking for strchr... yes
checking for strerror... yes
checking for strlcat... no
checking for strlcpy... no
checking for strstr... yes
checking for tgamma... yes
checking whether finite is declared... yes
checking whether isinf is declared... yes
checking whether isnan is declared... yes
checking sys/pstat.h usability... no
checking sys/pstat.h presence... no
checking for sys/pstat.h... no
checking for signbit... yes
checking for pid_t... (cached) yes
checking vfork.h usability... no
checking vfork.h presence... no
checking for vfork.h... no
checking for fork... yes
checking for vfork... yes
checking for working fork... yes
checking for working vfork... (cached) yes
checking for __syscall... no
checking for _longjmp... yes
checking for arc4random_buf... no
checking for atan2l... yes
checking for atan2f... yes
checking for chroot... yes
checking for chsize... no
checking for clock_gettime... yes
checking for copy_file_range... yes
checking for cosh... yes
checking for crypt_r... yes
checking for daemon... (cached) no
checking for dirfd... yes
checking for dl_iterate_phdr... yes
checking for dlopen... yes
checking for dladdr... yes
checking for dup... yes
checking for dup3... yes
checking for eaccess... yes
checking for endgrent... yes
checking for eventfd... yes
checking for explicit_memset... no
checking for fcopyfile... no
checking for fchmod... yes
checking for fchown... yes
checking for fcntl... yes
checking for fdatasync... yes
checking for fdopendir... yes
checking for fgetattrlist... no
checking for fmod... yes
checking for fstatat... yes
checking for fsync... yes
checking for ftruncate... yes
checking for ftruncate64... yes
checking for getattrlist... no
checking for getcwd... yes
checking for getgidx... no
checking for getgrnam... yes
checking for getgrnam_r... yes
checking for getgroups... yes
checking for getpgid... yes
checking for getpgrp... yes
checking for getpriority... yes
checking for getpwnam_r... yes
checking for getrandom... yes
checking for getresgid... yes
checking for getresuid... yes
checking for getrlimit... yes
checking for getsid... yes
checking for gettimeofday... yes
checking for getuidx... no
checking for gmtime_r... yes
checking for grantpt... yes
checking for initgroups... yes
checking for ioctl... yes
checking for isfinite... no
checking for issetugid... no
checking for killpg... yes
checking for lchmod... no
checking for lchown... yes
checking for link... yes
checking for llabs... yes
checking for lockf... yes
checking for log2... yes
checking for lstat... yes
checking for lutimes... yes
checking for malloc_usable_size... yes
checking for malloc_size... no
checking for mblen... yes
checking for memalign... yes
checking for memset_s... no
checking for writev... yes
checking for memrchr... yes
checking for memmem... yes
checking for mkfifo... yes
checking for mknod... yes
checking for mktime... yes
checking for openat... yes
checking for pipe2... yes
checking for poll... yes
checking for posix_fadvise... yes
checking for posix_memalign... yes
checking for ppoll... yes
checking for pread... yes
checking for pwrite... yes
checking for qsort_r... yes
checking for qsort_s... no
checking for readlink... yes
checking for realpath... yes
checking for round... yes
checking for sched_getaffinity... yes
checking for seekdir... yes
checking for select_large_fdset... no
checking for sendfile... yes
checking for setegid... yes
checking for setenv... yes
checking for seteuid... yes
checking for setgid... yes
checking for setgroups... yes
checking for setpgid... yes
checking for setpgrp... yes
checking for setregid... yes
checking for setresgid... yes
checking for setresuid... yes
checking for setreuid... yes
checking for setrgid... no
checking for setrlimit... yes
checking for setruid... no
checking for setsid... yes
checking for setuid... yes
checking for shutdown... yes
checking for sigaction... yes
checking for sigaltstack... yes
checking for sigprocmask... yes
checking for sinh... yes
checking for spawnv... no
checking for symlink... yes
checking for syscall... yes
checking for sysconf... yes
checking for tanh... yes
checking for telldir... yes
checking for timegm... yes
checking for times... yes
checking for truncate... yes
checking for truncate64... yes
checking for unsetenv... yes
checking for utimensat... yes
checking for utimes... yes
checking for wait4... yes
checking for waitpid... yes
checking for statx... yes
checking if getcwd allocates buffer if NULL is given... yes
checking crypt.h usability... yes
checking crypt.h presence... yes
checking for crypt.h... yes
checking for struct crypt_data.initialized... yes
checking for __builtin_alloca_with_align... yes
checking for __builtin_assume_aligned... yes
checking for __builtin_bswap16... yes
checking for __builtin_bswap32... yes
checking for __builtin_bswap64... yes
checking for __builtin_popcount... yes
checking for __builtin_popcountll... yes
checking for __builtin_clz... yes
checking for __builtin_clzl... yes
checking for __builtin_clzll... yes
checking for __builtin_ctz... yes
checking for __builtin_ctzll... yes
checking for __builtin_add_overflow... yes
checking for __builtin_sub_overflow... yes
checking for __builtin_mul_overflow... yes
checking for __builtin_mul_overflow_p... no
checking for __builtin_constant_p... yes
checking for __builtin_choose_expr... yes
checking for __builtin_choose_expr_constant_p... yes
checking for __builtin_types_compatible_p... yes
checking for __builtin_trap... yes
checking whether qsort_r is GNU version... yes
checking whether qsort_r is BSD version... no
checking whether atan2 handles Inf as C99... yes
checking for clock_getres... yes
checking for timer_create in -lrt... yes
checking for timer_settime in -lrt... yes
checking for unsetenv returns a value... yes
checking whether struct tm is in sys/time.h or time.h... time.h
checking for struct tm.tm_zone... yes
checking for struct tm.tm_gmtoff... yes
checking for external int daylight... yes
checking for negative time_t for gmtime(3)... yes
checking for localtime(3) overflow correctly... yes
checking for sig_t... yes
checking whether right shift preserve sign bit... yes
checking whether _SC_CLK_TCK is supported... yes
checking stack growing direction on x86_64... -1
checking native coroutine implementation for x86_64-linux-gnu... amd64
checking for pthread_create in -lthr... no
checking for pthread_create in -lpthread... yes
checking for pthread_np.h... no
checking whether pthread_t is scalar type... yes
checking for sched_yield... yes
checking for pthread_attr_setinheritsched... yes
checking for pthread_attr_get_np... no
checking for pthread_attr_getstack... yes
checking for pthread_attr_getguardsize... yes
checking for pthread_get_stackaddr_np... no
checking for pthread_get_stacksize_np... no
checking for thr_stksegment... no
checking for pthread_stackseg_np... no
checking for pthread_getthrds_np... no
checking for pthread_condattr_setclock... yes
checking for pthread_sigmask... yes
checking for pthread_setname_np... yes
checking for pthread_set_name_np... no
checking for pthread_getattr_np... yes
checking arguments of pthread_setname_np... (pthread_self(), name)
checking if mcontext_t is a pointer... no
checking for getcontext... yes
checking for setcontext... yes
checking if fork works with pthread... yes
checking whether ELF binaries are produced... yes
checking elf.h usability... yes
checking elf.h presence... yes
checking for elf.h... yes
checking elf_abi.h usability... no
checking elf_abi.h presence... no
checking for elf_abi.h... no
checking mach-o/loader.h usability... no
checking mach-o/loader.h presence... no
checking for mach-o/loader.h... no
checking whether OS depend dynamic link works... yes
checking for backtrace... yes
checking for broken backtrace... yes
checking valgrind/memcheck.h usability... no
checking valgrind/memcheck.h presence... no
checking for valgrind/memcheck.h... no
checking for strip... strip
checking whether -Wl,--no-undefined is accepted as LDFLAGS... yes
checking whether wrapper for LD_LIBRARY_PATH is needed... no
checking whether dtrace USDT is available... yes
checking whether dtrace needs post processing... yes
checking for __builtin_setjmp... yes with cast ((void **))
checking for _setjmpex as a macro or function... no
checking for _setjmp as a macro or function... yes
checking for sigsetjmp as a macro or function... no
checking for setjmp type... __builtin_setjmp\((void **)\)
checking for prefix of external symbols... NONE
checking pthread.h usability... yes
checking pthread.h presence... yes
checking for pthread.h... yes
checking if make is GNU make... yes
.ext/include/x86_64-linux-gnu/ruby/config.h updated
configure: ruby library version = 2.7.0
configure: creating ./config.status
config.status: creating GNUmakefile
config.status: creating Makefile
config.status: creating ruby-2.7.pc
---
Configuration summary for ruby version 2.7.0

   * Installation prefix: /usr
   * exec prefix:         ${prefix}
   * arch:                x86_64-linux-gnu
   * site arch:           ${arch}
   * RUBY_BASE_NAME:      ruby
   * enable shared:       yes
   * ruby lib prefix:     ${libdir}/${RUBY_BASE_NAME}
   * site libraries path: ${sitearchlibdir}/${RUBY_BASE_NAME}
   * vendor path:         ${rubylibprefix}/vendor_ruby
   * target OS:           linux-gnu
   * compiler:            gcc
   * with pthread:        yes
   * with coroutine:      amd64
   * enable shared libs:  yes
   * dynamic library ext: so
   * CFLAGS:              ${optflags} ${debugflags} ${warnflags}
   * LDFLAGS:             -L. -Wl,-z,relro -Wl,-z,now \
                          -fstack-protector-strong -rdynamic \
                          -Wl,-export-dynamic
   * DLDFLAGS:            -Wl,-z,relro -Wl,-z,now
   * optflags:            -O3
   * debugflags:          -ggdb3
   * warnflags:           -Wall -Wextra -Wdeprecated-declarations \
                          -Wdivision-by-zero \
                          -Wimplicit-function-declaration -Wimplicit-int \
                          -Wmisleading-indentation -Wpointer-arith \
                          -Wshorten-64-to-32 -Wwrite-strings \
                          -Wmissing-noreturn -Wno-constant-logical-operand \
                          -Wno-long-long -Wno-missing-field-initializers \
                          -Wno-overlength-strings -Wno-parentheses-equality \
                          -Wno-self-assign -Wno-tautological-compare \
                          -Wno-unused-parameter -Wno-unused-value \
                          -Wunused-variable -Wextra-tokens
   * strip command:       strip -S -x
   * install doc:         rdoc
   * JIT support:         yes
   * man page type:       doc

---
make[1]: Leaving directory '/<<PKGBUILDDIR>>'
   debian/rules override_dh_auto_build-arch
make[1]: Entering directory '/<<PKGBUILDDIR>>'
dh_auto_build -- main V=1
	make -j4 main V=1
make[2]: Entering directory '/<<PKGBUILDDIR>>'
	BASERUBY = echo executable host ruby is required.  use --with-baseruby option.; false
	CC = gcc
	LD = ld
	LDSHARED = gcc -shared
	CFLAGS = -g -O2 -fdebug-prefix-map=/<<PKGBUILDDIR>>=. -fstack-protector-strong -Wformat -Werror=format-security -fPIC 
	XCFLAGS = -D_FORTIFY_SOURCE=2 -fstack-protector-strong -fno-strict-overflow -fvisibility=hidden -DRUBY_EXPORT -DCANONICALIZATION_FOR_MATHN -I. -I.ext/include/x86_64-linux-gnu -I./include -I. -I./enc/unicode/12.1.0
	CPPFLAGS = -Wdate-time -D_FORTIFY_SOURCE=2   
	DLDFLAGS = -Wl,-z,relro -Wl,-z,now -Wl,-soname,libruby-2.7.so.2.7  -fstack-protector-strong  
	SOLIBS = -lpthread -lrt -lrt -lgmp -ldl -lcrypt -lm 
	LANG = C.UTF-8
	LC_ALL = C.UTF-8
	LC_CTYPE = 
	MFLAGS = -w -j4 --jobserver-auth=4,5
clang version 10.0.0-+rc2-1 
Target: x86_64-pc-linux-gnu
Thread model: posix
InstalledDir: /usr/bin
gcc  -g -O2 -fdebug-prefix-map=/<<PKGBUILDDIR>>=. -fstack-protector-strong -Wformat -Werror=format-security -fPIC  -D_FORTIFY_SOURCE=2 -fstack-protector-strong -fno-strict-overflow -fvisibility=hidden -DRUBY_EXPORT -DCANONICALIZATION_FOR_MATHN -I. -I.ext/include/x86_64-linux-gnu -I./include -I. -I./enc/unicode/12.1.0 -Wdate-time -D_FORTIFY_SOURCE=2    -o main.o -c ./main.c
gcc -g -O2 -fdebug-prefix-map=/<<PKGBUILDDIR>>=. -fstack-protector-strong -Wformat -Werror=format-security -fPIC  -D_FORTIFY_SOURCE=2 -fstack-protector-strong -fno-strict-overflow -fvisibility=hidden -DRUBY_EXPORT -DCANONICALIZATION_FOR_MATHN -I. -I.ext/include/x86_64-linux-gnu -I./include -I. -I./enc/unicode/12.1.0 -Wdate-time -D_FORTIFY_SOURCE=2    -o dmydln.o -c dmydln.c
gcc -g -O2 -fdebug-prefix-map=/<<PKGBUILDDIR>>=. -fstack-protector-strong -Wformat -Werror=format-security -fPIC  -D_FORTIFY_SOURCE=2 -fstack-protector-strong -fno-strict-overflow -fvisibility=hidden -DRUBY_EXPORT -DCANONICALIZATION_FOR_MATHN -I. -I.ext/include/x86_64-linux-gnu -I./include -I. -I./enc/unicode/12.1.0 -Wdate-time -D_FORTIFY_SOURCE=2    -o miniinit.o -c miniinit.c
gcc -g -O2 -fdebug-prefix-map=/<<PKGBUILDDIR>>=. -fstack-protector-strong -Wformat -Werror=format-security -fPIC  -D_FORTIFY_SOURCE=2 -fstack-protector-strong -fno-strict-overflow -fvisibility=hidden -DRUBY_EXPORT -DCANONICALIZATION_FOR_MATHN -I. -I.ext/include/x86_64-linux-gnu -I./include -I. -I./enc/unicode/12.1.0 -Wdate-time -D_FORTIFY_SOURCE=2    -o dmyext.o -c dmyext.c
dtrace  -o probes.h.tmp -h -C -I. -I.ext/include/x86_64-linux-gnu -I./include -I. -I./enc/unicode/12.1.0 -s probes.d
# 1 "probes.d"
# 1 "<built-in>" 1
# 1 "<built-in>" 3
# 341 "<built-in>" 3
# 1 "<command line>" 1
# 1 "<built-in>" 2
# 1 "probes.d" 2

# 1 "./vm_opts.h" 1
# 3 "probes.d" 2

provider ruby {
# 15 "probes.d"
  probe method__entry(const char *classname, const char *methodname, const char *filename, int lineno);






  probe method__return(const char *classname, const char *methodname, const char *filename, int lineno);







  probe cmethod__entry(const char *classname, const char *methodname, const char *filename, int lineno);






  probe cmethod__return(const char *classname, const char *methodname, const char *filename, int lineno);
# 49 "probes.d"
  probe require__entry(const char *rquiredfile, const char *filename, int lineno);
# 58 "probes.d"
  probe require__return(const char *requiredfile, const char *filename, int lineno);
# 72 "probes.d"
  probe find__require__entry(const char *requiredfile, const char *filename, int lineno);
# 81 "probes.d"
  probe find__require__return(const char *requiredfile, const char *filename, int lineno);







  probe load__entry(const char *loadedfile, const char *filename, int lineno);







  probe load__return(const char *loadedfile, const char *filename, int lineno);
# 108 "probes.d"
  probe raise(const char *classname, const char *filename, int lineno);
# 119 "probes.d"
  probe object__create(const char *classname, const char *filename, int lineno);
# 130 "probes.d"
  probe array__create(long length, const char *filename, int lineno);
# 141 "probes.d"
  probe hash__create(long length, const char *filename, int lineno);
# 152 "probes.d"
  probe string__create(long length, const char *filename, int lineno);
# 163 "probes.d"
  probe symbol__create(const char *str, const char *filename, int lineno);
# 173 "probes.d"
  probe parse__begin(const char *sourcefile, int lineno);
# 183 "probes.d"
  probe parse__end(const char *sourcefile, int lineno);
# 195 "probes.d"
  probe gc__mark__begin();






  probe gc__mark__end();






  probe gc__sweep__begin();






  probe gc__sweep__end();
# 227 "probes.d"
  probe method__cache__clear(const char *class, const char *filename, int lineno);
};

#pragma D attributes Stable/Evolving/Common provider ruby provider
#pragma D attributes Stable/Evolving/Common provider ruby module
#pragma D attributes Stable/Evolving/Common provider ruby function
#pragma D attributes Evolving/Evolving/Common provider ruby name
#pragma D attributes Evolving/Evolving/Common provider ruby args
# 234 "probes.d"

gcc -g -O2 -fdebug-prefix-map=/<<PKGBUILDDIR>>=. -fstack-protector-strong -Wformat -Werror=format-security -fPIC  -D_FORTIFY_SOURCE=2 -fstack-protector-strong -fno-strict-overflow -fvisibility=hidden -DRUBY_EXPORT -DCANONICALIZATION_FOR_MATHN -I. -I.ext/include/x86_64-linux-gnu -I./include -I. -I./enc/unicode/12.1.0 -Wdate-time -D_FORTIFY_SOURCE=2    -o ast.o -c ast.c
# 1 "/tmp/tmps65jh2m9.d"
# 1 "<built-in>" 1
# 1 "<built-in>" 3
# 341 "<built-in>" 3
# 1 "<command line>" 1
# 1 "<built-in>" 2
# 1 "/tmp/tmps65jh2m9.d" 2

gcc -g -O2 -fdebug-prefix-map=/<<PKGBUILDDIR>>=. -fstack-protector-strong -Wformat -Werror=format-security -fPIC  -D_FORTIFY_SOURCE=2 -fstack-protector-strong -fno-strict-overflow -fvisibility=hidden -DRUBY_EXPORT -DCANONICALIZATION_FOR_MATHN -I. -I.ext/include/x86_64-linux-gnu -I./include -I. -I./enc/unicode/12.1.0 -Wdate-time -D_FORTIFY_SOURCE=2    -o bignum.o -c bignum.c
sed -e 's/RUBY_/RUBY_DTRACE_/g' -e 's/PROBES_H_TMP/RUBY_PROBES_H/' -e 's/(char \*/(const char */g' -e 's/, char \*/, const char */g' probes.h.tmp > probes.h
rm -f probes.h.tmp
gcc -g -O2 -fdebug-prefix-map=/<<PKGBUILDDIR>>=. -fstack-protector-strong -Wformat -Werror=format-security -fPIC  -D_FORTIFY_SOURCE=2 -fstack-protector-strong -fno-strict-overflow -fvisibility=hidden -DRUBY_EXPORT -DCANONICALIZATION_FOR_MATHN -I. -I.ext/include/x86_64-linux-gnu -I./include -I. -I./enc/unicode/12.1.0 -Wdate-time -D_FORTIFY_SOURCE=2    -o class.o -c class.c
gcc -g -O2 -fdebug-prefix-map=/<<PKGBUILDDIR>>=. -fstack-protector-strong -Wformat -Werror=format-security -fPIC  -D_FORTIFY_SOURCE=2 -fstack-protector-strong -fno-strict-overflow -fvisibility=hidden -DRUBY_EXPORT -DCANONICALIZATION_FOR_MATHN -I. -I.ext/include/x86_64-linux-gnu -I./include -I. -I./enc/unicode/12.1.0 -Wdate-time -D_FORTIFY_SOURCE=2    -o compar.o -c compar.c
gcc -g -O2 -fdebug-prefix-map=/<<PKGBUILDDIR>>=. -fstack-protector-strong -Wformat -Werror=format-security -fPIC  -D_FORTIFY_SOURCE=2 -fstack-protector-strong -fno-strict-overflow -fvisibility=hidden -DRUBY_EXPORT -DCANONICALIZATION_FOR_MATHN -I. -I.ext/include/x86_64-linux-gnu -I./include -I. -I./enc/unicode/12.1.0 -Wdate-time -D_FORTIFY_SOURCE=2    -o compile.o -c compile.c
gcc -g -O2 -fdebug-prefix-map=/<<PKGBUILDDIR>>=. -fstack-protector-strong -Wformat -Werror=format-security -fPIC  -D_FORTIFY_SOURCE=2 -fstack-protector-strong -fno-strict-overflow -fvisibility=hidden -DRUBY_EXPORT -DCANONICALIZATION_FOR_MATHN -I. -I.ext/include/x86_64-linux-gnu -I./include -I. -I./enc/unicode/12.1.0 -Wdate-time -D_FORTIFY_SOURCE=2    -o complex.o -c complex.c
gcc -g -O2 -fdebug-prefix-map=/<<PKGBUILDDIR>>=. -fstack-protector-strong -Wformat -Werror=format-security -fPIC  -D_FORTIFY_SOURCE=2 -fstack-protector-strong -fno-strict-overflow -fvisibility=hidden -DRUBY_EXPORT -DCANONICALIZATION_FOR_MATHN -I. -I.ext/include/x86_64-linux-gnu -I./include -I. -I./enc/unicode/12.1.0 -Wdate-time -D_FORTIFY_SOURCE=2    -o cont.o -c cont.c
gcc -g -O2 -fdebug-prefix-map=/<<PKGBUILDDIR>>=. -fstack-protector-strong -Wformat -Werror=format-security -fPIC  -D_FORTIFY_SOURCE=2 -fstack-protector-strong -fno-strict-overflow -fvisibility=hidden -DRUBY_EXPORT -DCANONICALIZATION_FOR_MATHN -I. -I.ext/include/x86_64-linux-gnu -I./include -I. -I./enc/unicode/12.1.0 -Wdate-time -D_FORTIFY_SOURCE=2    -o debug.o -c debug.c
gcc -g -O2 -fdebug-prefix-map=/<<PKGBUILDDIR>>=. -fstack-protector-strong -Wformat -Werror=format-security -fPIC  -D_FORTIFY_SOURCE=2 -fstack-protector-strong -fno-strict-overflow -fvisibility=hidden -DRUBY_EXPORT -DCANONICALIZATION_FOR_MATHN -I. -I.ext/include/x86_64-linux-gnu -I./include -I. -I./enc/unicode/12.1.0 -Wdate-time -D_FORTIFY_SOURCE=2    -o debug_counter.o -c debug_counter.c
gcc -g -O2 -fdebug-prefix-map=/<<PKGBUILDDIR>>=. -fstack-protector-strong -Wformat -Werror=format-security -fPIC  -D_FORTIFY_SOURCE=2 -fstack-protector-strong -fno-strict-overflow -fvisibility=hidden -DRUBY_EXPORT -DCANONICALIZATION_FOR_MATHN -I. -I.ext/include/x86_64-linux-gnu -I./include -I. -I./enc/unicode/12.1.0 -Wdate-time -D_FORTIFY_SOURCE=2    -o dir.o -c dir.c
gcc -g -O2 -fdebug-prefix-map=/<<PKGBUILDDIR>>=. -fstack-protector-strong -Wformat -Werror=format-security -fPIC  -D_FORTIFY_SOURCE=2 -fstack-protector-strong -fno-strict-overflow -fvisibility=hidden -DRUBY_EXPORT -DCANONICALIZATION_FOR_MATHN -I. -I.ext/include/x86_64-linux-gnu -I./include -I. -I./enc/unicode/12.1.0 -Wdate-time -D_FORTIFY_SOURCE=2    -o dln_find.o -c dln_find.c
gcc -g -O2 -fdebug-prefix-map=/<<PKGBUILDDIR>>=. -fstack-protector-strong -Wformat -Werror=format-security -fPIC  -D_FORTIFY_SOURCE=2 -fstack-protector-strong -fno-strict-overflow -fvisibility=hidden -DRUBY_EXPORT -DCANONICALIZATION_FOR_MATHN -I. -I.ext/include/x86_64-linux-gnu -I./include -I. -I./enc/unicode/12.1.0 -Wdate-time -D_FORTIFY_SOURCE=2    -o encoding.o -c encoding.c
gcc -g -O2 -fdebug-prefix-map=/<<PKGBUILDDIR>>=. -fstack-protector-strong -Wformat -Werror=format-security -fPIC  -D_FORTIFY_SOURCE=2 -fstack-protector-strong -fno-strict-overflow -fvisibility=hidden -DRUBY_EXPORT -DCANONICALIZATION_FOR_MATHN -I. -I.ext/include/x86_64-linux-gnu -I./include -I. -I./enc/unicode/12.1.0 -Wdate-time -D_FORTIFY_SOURCE=2    -o enum.o -c enum.c
gcc -g -O2 -fdebug-prefix-map=/<<PKGBUILDDIR>>=. -fstack-protector-strong -Wformat -Werror=format-security -fPIC  -D_FORTIFY_SOURCE=2 -fstack-protector-strong -fno-strict-overflow -fvisibility=hidden -DRUBY_EXPORT -DCANONICALIZATION_FOR_MATHN -I. -I.ext/include/x86_64-linux-gnu -I./include -I. -I./enc/unicode/12.1.0 -Wdate-time -D_FORTIFY_SOURCE=2    -o enumerator.o -c enumerator.c
gcc -g -O2 -fdebug-prefix-map=/<<PKGBUILDDIR>>=. -fstack-protector-strong -Wformat -Werror=format-security -fPIC  -D_FORTIFY_SOURCE=2 -fstack-protector-strong -fno-strict-overflow -fvisibility=hidden -DRUBY_EXPORT -DCANONICALIZATION_FOR_MATHN -I. -I.ext/include/x86_64-linux-gnu -I./include -I. -I./enc/unicode/12.1.0 -Wdate-time -D_FORTIFY_SOURCE=2    -o error.o -c error.c
gcc -g -O2 -fdebug-prefix-map=/<<PKGBUILDDIR>>=. -fstack-protector-strong -Wformat -Werror=format-security -fPIC  -D_FORTIFY_SOURCE=2 -fstack-protector-strong -fno-strict-overflow -fvisibility=hidden -DRUBY_EXPORT -DCANONICALIZATION_FOR_MATHN -I. -I.ext/include/x86_64-linux-gnu -I./include -I. -I./enc/unicode/12.1.0 -Wdate-time -D_FORTIFY_SOURCE=2    -o eval.o -c eval.c
gcc -g -O2 -fdebug-prefix-map=/<<PKGBUILDDIR>>=. -fstack-protector-strong -Wformat -Werror=format-security -fPIC  -D_FORTIFY_SOURCE=2 -fstack-protector-strong -fno-strict-overflow -fvisibility=hidden -DRUBY_EXPORT -DCANONICALIZATION_FOR_MATHN -I. -I.ext/include/x86_64-linux-gnu -I./include -I. -I./enc/unicode/12.1.0 -Wdate-time -D_FORTIFY_SOURCE=2    -o file.o -c file.c
eval.c:631:2: warning: implicit declaration of function 'RUBY_DTRACE_RAISE_ENABLED' is invalid in C99 [-Wimplicit-function-declaration]
        RUBY_DTRACE_HOOK(RAISE, rb_obj_classname(ec->errinfo));
        ^
./internal.h:2588:18: note: expanded from macro 'RUBY_DTRACE_HOOK'
    if (UNLIKELY(RUBY_DTRACE_##name##_ENABLED())) { \
                 ^
<scratch space>:100:1: note: expanded from here
RUBY_DTRACE_RAISE_ENABLED
^
eval.c:631:2: warning: implicit declaration of function 'RUBY_DTRACE_RAISE' is invalid in C99 [-Wimplicit-function-declaration]
./internal.h:2592:2: note: expanded from macro 'RUBY_DTRACE_HOOK'
        RUBY_DTRACE_##name(arg, dtrace_file, dtrace_line); \
        ^
<scratch space>:101:1: note: expanded from here
RUBY_DTRACE_RAISE
^
gcc -g -O2 -fdebug-prefix-map=/<<PKGBUILDDIR>>=. -fstack-protector-strong -Wformat -Werror=format-security -fPIC  -D_FORTIFY_SOURCE=2 -fstack-protector-strong -fno-strict-overflow -fvisibility=hidden -DRUBY_EXPORT -DCANONICALIZATION_FOR_MATHN -I. -I.ext/include/x86_64-linux-gnu -I./include -I. -I./enc/unicode/12.1.0 -Wdate-time -D_FORTIFY_SOURCE=2    -o gc.o -c gc.c
2 warnings generated.
gcc -g -O2 -fdebug-prefix-map=/<<PKGBUILDDIR>>=. -fstack-protector-strong -Wformat -Werror=format-security -fPIC  -D_FORTIFY_SOURCE=2 -fstack-protector-strong -fno-strict-overflow -fvisibility=hidden -DRUBY_EXPORT -DCANONICALIZATION_FOR_MATHN -I. -I.ext/include/x86_64-linux-gnu -I./include -I. -I./enc/unicode/12.1.0 -Wdate-time -D_FORTIFY_SOURCE=2    -o hash.o -c hash.c
hash.c:1511:5: warning: implicit declaration of function 'RUBY_DTRACE_HASH_CREATE_ENABLED' is invalid in C99 [-Wimplicit-function-declaration]
    RUBY_DTRACE_CREATE_HOOK(HASH, 0);
    ^
./internal.h:2585:5: note: expanded from macro 'RUBY_DTRACE_CREATE_HOOK'
    RUBY_DTRACE_HOOK(name##_CREATE, arg)
    ^
./internal.h:2588:18: note: expanded from macro 'RUBY_DTRACE_HOOK'
    if (UNLIKELY(RUBY_DTRACE_##name##_ENABLED())) { \
                 ^
<scratch space>:194:1: note: expanded from here
RUBY_DTRACE_HASH_CREATE_ENABLED
^
hash.c:1511:5: warning: implicit declaration of function 'RUBY_DTRACE_HASH_CREATE' is invalid in C99 [-Wimplicit-function-declaration]
./internal.h:2585:5: note: expanded from macro 'RUBY_DTRACE_CREATE_HOOK'
    RUBY_DTRACE_HOOK(name##_CREATE, arg)
    ^
./internal.h:2592:2: note: expanded from macro 'RUBY_DTRACE_HOOK'
        RUBY_DTRACE_##name(arg, dtrace_file, dtrace_line); \
        ^
<scratch space>:195:1: note: expanded from here
RUBY_DTRACE_HASH_CREATE
^
gc.c:10875:5: warning: implicit declaration of function 'RUBY_DTRACE_GC_MARK_BEGIN_ENABLED' is invalid in C99 [-Wimplicit-function-declaration]
    RUBY_DTRACE_GC_HOOK(MARK_BEGIN);
    ^
gc.c:10871:13: note: expanded from macro 'RUBY_DTRACE_GC_HOOK'
    do {if (RUBY_DTRACE_GC_##name##_ENABLED()) RUBY_DTRACE_GC_##name();} while (0)
            ^
<scratch space>:17:1: note: expanded from here
RUBY_DTRACE_GC_MARK_BEGIN_ENABLED
^
gc.c:10875:5: warning: implicit declaration of function 'RUBY_DTRACE_GC_MARK_BEGIN' is invalid in C99 [-Wimplicit-function-declaration]
gc.c:10871:48: note: expanded from macro 'RUBY_DTRACE_GC_HOOK'
    do {if (RUBY_DTRACE_GC_##name##_ENABLED()) RUBY_DTRACE_GC_##name();} while (0)
                                               ^
<scratch space>:18:1: note: expanded from here
RUBY_DTRACE_GC_MARK_BEGIN
^
gc.c:10886:5: warning: implicit declaration of function 'RUBY_DTRACE_GC_MARK_END_ENABLED' is invalid in C99 [-Wimplicit-function-declaration]
    RUBY_DTRACE_GC_HOOK(MARK_END);
    ^
gc.c:10871:13: note: expanded from macro 'RUBY_DTRACE_GC_HOOK'
    do {if (RUBY_DTRACE_GC_##name##_ENABLED()) RUBY_DTRACE_GC_##name();} while (0)
            ^
<scratch space>:20:1: note: expanded from here
RUBY_DTRACE_GC_MARK_END_ENABLED
^
gc.c:10886:5: warning: implicit declaration of function 'RUBY_DTRACE_GC_MARK_END' is invalid in C99 [-Wimplicit-function-declaration]
gc.c:10871:48: note: expanded from macro 'RUBY_DTRACE_GC_HOOK'
    do {if (RUBY_DTRACE_GC_##name##_ENABLED()) RUBY_DTRACE_GC_##name();} while (0)
                                               ^
<scratch space>:21:1: note: expanded from here
RUBY_DTRACE_GC_MARK_END
^
gc.c:10898:5: warning: implicit declaration of function 'RUBY_DTRACE_GC_SWEEP_BEGIN_ENABLED' is invalid in C99 [-Wimplicit-function-declaration]
    RUBY_DTRACE_GC_HOOK(SWEEP_BEGIN);
    ^
gc.c:10871:13: note: expanded from macro 'RUBY_DTRACE_GC_HOOK'
    do {if (RUBY_DTRACE_GC_##name##_ENABLED()) RUBY_DTRACE_GC_##name();} while (0)
            ^
<scratch space>:23:1: note: expanded from here
RUBY_DTRACE_GC_SWEEP_BEGIN_ENABLED
^
gc.c:10898:5: warning: implicit declaration of function 'RUBY_DTRACE_GC_SWEEP_BEGIN' is invalid in C99 [-Wimplicit-function-declaration]
gc.c:10871:48: note: expanded from macro 'RUBY_DTRACE_GC_HOOK'
    do {if (RUBY_DTRACE_GC_##name##_ENABLED()) RUBY_DTRACE_GC_##name();} while (0)
                                               ^
<scratch space>:24:1: note: expanded from here
RUBY_DTRACE_GC_SWEEP_BEGIN
^
gc.c:10911:5: warning: implicit declaration of function 'RUBY_DTRACE_GC_SWEEP_END_ENABLED' is invalid in C99 [-Wimplicit-function-declaration]
    RUBY_DTRACE_GC_HOOK(SWEEP_END);
    ^
gc.c:10871:13: note: expanded from macro 'RUBY_DTRACE_GC_HOOK'
    do {if (RUBY_DTRACE_GC_##name##_ENABLED()) RUBY_DTRACE_GC_##name();} while (0)
            ^
<scratch space>:26:1: note: expanded from here
RUBY_DTRACE_GC_SWEEP_END_ENABLED
^
gc.c:10911:5: warning: implicit declaration of function 'RUBY_DTRACE_GC_SWEEP_END' is invalid in C99 [-Wimplicit-function-declaration]
gc.c:10871:48: note: expanded from macro 'RUBY_DTRACE_GC_HOOK'
    do {if (RUBY_DTRACE_GC_##name##_ENABLED()) RUBY_DTRACE_GC_##name();} while (0)
                                               ^
<scratch space>:27:1: note: expanded from here
RUBY_DTRACE_GC_SWEEP_END
^
gcc -g -O2 -fdebug-prefix-map=/<<PKGBUILDDIR>>=. -fstack-protector-strong -Wformat -Werror=format-security -fPIC  -D_FORTIFY_SOURCE=2 -fstack-protector-strong -fno-strict-overflow -fvisibility=hidden -DRUBY_EXPORT -DCANONICALIZATION_FOR_MATHN -I. -I.ext/include/x86_64-linux-gnu -I./include -I. -I./enc/unicode/12.1.0 -Wdate-time -D_FORTIFY_SOURCE=2    -o inits.o -c inits.c
gcc -g -O2 -fdebug-prefix-map=/<<PKGBUILDDIR>>=. -fstack-protector-strong -Wformat -Werror=format-security -fPIC  -D_FORTIFY_SOURCE=2 -fstack-protector-strong -fno-strict-overflow -fvisibility=hidden -DRUBY_EXPORT -DCANONICALIZATION_FOR_MATHN -I. -I.ext/include/x86_64-linux-gnu -I./include -I. -I./enc/unicode/12.1.0 -Wdate-time -D_FORTIFY_SOURCE=2    -o io.o -c io.c
2 warnings generated.
gcc -g -O2 -fdebug-prefix-map=/<<PKGBUILDDIR>>=. -fstack-protector-strong -Wformat -Werror=format-security -fPIC  -D_FORTIFY_SOURCE=2 -fstack-protector-strong -fno-strict-overflow -fvisibility=hidden -DRUBY_EXPORT -DCANONICALIZATION_FOR_MATHN -I. -I.ext/include/x86_64-linux-gnu -I./include -I. -I./enc/unicode/12.1.0 -Wdate-time -D_FORTIFY_SOURCE=2    -o iseq.o -c iseq.c
8 warnings generated.
gcc -g -O2 -fdebug-prefix-map=/<<PKGBUILDDIR>>=. -fstack-protector-strong -Wformat -Werror=format-security -fPIC  -D_FORTIFY_SOURCE=2 -fstack-protector-strong -fno-strict-overflow -fvisibility=hidden -DRUBY_EXPORT -DCANONICALIZATION_FOR_MATHN -I. -I.ext/include/x86_64-linux-gnu -I./include -I. -I./enc/unicode/12.1.0 -Wdate-time -D_FORTIFY_SOURCE=2    -o load.o -c load.c
load.c:693:5: warning: implicit declaration of function 'RUBY_DTRACE_LOAD_ENTRY_ENABLED' is invalid in C99 [-Wimplicit-function-declaration]
    RUBY_DTRACE_HOOK(LOAD_ENTRY, RSTRING_PTR(orig_fname));
    ^
./internal.h:2588:18: note: expanded from macro 'RUBY_DTRACE_HOOK'
    if (UNLIKELY(RUBY_DTRACE_##name##_ENABLED())) { \
                 ^
<scratch space>:86:1: note: expanded from here
RUBY_DTRACE_LOAD_ENTRY_ENABLED
^
load.c:693:5: warning: implicit declaration of function 'RUBY_DTRACE_LOAD_ENTRY' is invalid in C99 [-Wimplicit-function-declaration]
./internal.h:2592:2: note: expanded from macro 'RUBY_DTRACE_HOOK'
        RUBY_DTRACE_##name(arg, dtrace_file, dtrace_line); \
        ^
<scratch space>:87:1: note: expanded from here
RUBY_DTRACE_LOAD_ENTRY
^
load.c:703:5: warning: implicit declaration of function 'RUBY_DTRACE_LOAD_RETURN_ENABLED' is invalid in C99 [-Wimplicit-function-declaration]
    RUBY_DTRACE_HOOK(LOAD_RETURN, RSTRING_PTR(orig_fname));
    ^
./internal.h:2588:18: note: expanded from macro 'RUBY_DTRACE_HOOK'
    if (UNLIKELY(RUBY_DTRACE_##name##_ENABLED())) { \
                 ^
<scratch space>:89:1: note: expanded from here
RUBY_DTRACE_LOAD_RETURN_ENABLED
^
load.c:703:5: warning: implicit declaration of function 'RUBY_DTRACE_LOAD_RETURN' is invalid in C99 [-Wimplicit-function-declaration]
./internal.h:2592:2: note: expanded from macro 'RUBY_DTRACE_HOOK'
        RUBY_DTRACE_##name(arg, dtrace_file, dtrace_line); \
        ^
<scratch space>:90:1: note: expanded from here
RUBY_DTRACE_LOAD_RETURN
^
load.c:992:5: warning: implicit declaration of function 'RUBY_DTRACE_REQUIRE_ENTRY_ENABLED' is invalid in C99 [-Wimplicit-function-declaration]
    RUBY_DTRACE_HOOK(REQUIRE_ENTRY, RSTRING_PTR(fname));
    ^
./internal.h:2588:18: note: expanded from macro 'RUBY_DTRACE_HOOK'
    if (UNLIKELY(RUBY_DTRACE_##name##_ENABLED())) { \
                 ^
<scratch space>:94:1: note: expanded from here
RUBY_DTRACE_REQUIRE_ENTRY_ENABLED
^
load.c:992:5: warning: implicit declaration of function 'RUBY_DTRACE_REQUIRE_ENTRY' is invalid in C99 [-Wimplicit-function-declaration]
./internal.h:2592:2: note: expanded from macro 'RUBY_DTRACE_HOOK'
        RUBY_DTRACE_##name(arg, dtrace_file, dtrace_line); \
        ^
<scratch space>:95:1: note: expanded from here
RUBY_DTRACE_REQUIRE_ENTRY
^
load.c:1001:2: warning: implicit declaration of function 'RUBY_DTRACE_FIND_REQUIRE_ENTRY_ENABLED' is invalid in C99 [-Wimplicit-function-declaration]
        RUBY_DTRACE_HOOK(FIND_REQUIRE_ENTRY, RSTRING_PTR(fname));
        ^
./internal.h:2588:18: note: expanded from macro 'RUBY_DTRACE_HOOK'
    if (UNLIKELY(RUBY_DTRACE_##name##_ENABLED())) { \
                 ^
<scratch space>:97:1: note: expanded from here
RUBY_DTRACE_FIND_REQUIRE_ENTRY_ENABLED
^
load.c:1001:2: warning: implicit declaration of function 'RUBY_DTRACE_FIND_REQUIRE_ENTRY' is invalid in C99 [-Wimplicit-function-declaration]
./internal.h:2592:2: note: expanded from macro 'RUBY_DTRACE_HOOK'
        RUBY_DTRACE_##name(arg, dtrace_file, dtrace_line); \
        ^
<scratch space>:98:1: note: expanded from here
RUBY_DTRACE_FIND_REQUIRE_ENTRY
^
load.c:1003:2: warning: implicit declaration of function 'RUBY_DTRACE_FIND_REQUIRE_RETURN_ENABLED' is invalid in C99 [-Wimplicit-function-declaration]
        RUBY_DTRACE_HOOK(FIND_REQUIRE_RETURN, RSTRING_PTR(fname));
        ^
./internal.h:2588:18: note: expanded from macro 'RUBY_DTRACE_HOOK'
    if (UNLIKELY(RUBY_DTRACE_##name##_ENABLED())) { \
                 ^
<scratch space>:100:1: note: expanded from here
RUBY_DTRACE_FIND_REQUIRE_RETURN_ENABLED
^
load.c:1003:2: warning: implicit declaration of function 'RUBY_DTRACE_FIND_REQUIRE_RETURN' is invalid in C99 [-Wimplicit-function-declaration]
./internal.h:2592:2: note: expanded from macro 'RUBY_DTRACE_HOOK'
        RUBY_DTRACE_##name(arg, dtrace_file, dtrace_line); \
        ^
<scratch space>:101:1: note: expanded from here
RUBY_DTRACE_FIND_REQUIRE_RETURN
^
load.c:1061:5: warning: implicit declaration of function 'RUBY_DTRACE_REQUIRE_RETURN_ENABLED' is invalid in C99 [-Wimplicit-function-declaration]
    RUBY_DTRACE_HOOK(REQUIRE_RETURN, RSTRING_PTR(fname));
    ^
./internal.h:2588:18: note: expanded from macro 'RUBY_DTRACE_HOOK'
    if (UNLIKELY(RUBY_DTRACE_##name##_ENABLED())) { \
                 ^
<scratch space>:103:1: note: expanded from here
RUBY_DTRACE_REQUIRE_RETURN_ENABLED
^
load.c:1061:5: warning: implicit declaration of function 'RUBY_DTRACE_REQUIRE_RETURN' is invalid in C99 [-Wimplicit-function-declaration]
./internal.h:2592:2: note: expanded from macro 'RUBY_DTRACE_HOOK'
        RUBY_DTRACE_##name(arg, dtrace_file, dtrace_line); \
        ^
<scratch space>:104:1: note: expanded from here
RUBY_DTRACE_REQUIRE_RETURN
^
gcc -g -O2 -fdebug-prefix-map=/<<PKGBUILDDIR>>=. -fstack-protector-strong -Wformat -Werror=format-security -fPIC  -D_FORTIFY_SOURCE=2 -fstack-protector-strong -fno-strict-overflow -fvisibility=hidden -DRUBY_EXPORT -DCANONICALIZATION_FOR_MATHN -I. -I.ext/include/x86_64-linux-gnu -I./include -I. -I./enc/unicode/12.1.0 -Wdate-time -D_FORTIFY_SOURCE=2    -o marshal.o -c marshal.c
12 warnings generated.
gcc -g -O2 -fdebug-prefix-map=/<<PKGBUILDDIR>>=. -fstack-protector-strong -Wformat -Werror=format-security -fPIC  -D_FORTIFY_SOURCE=2 -fstack-protector-strong -fno-strict-overflow -fvisibility=hidden -DRUBY_EXPORT -DCANONICALIZATION_FOR_MATHN -I. -I.ext/include/x86_64-linux-gnu -I./include -I. -I./enc/unicode/12.1.0 -Wdate-time -D_FORTIFY_SOURCE=2    -o math.o -c math.c
+ echo #ifndef RUBY_MJIT_CONFIG_H
+ echo #define RUBY_MJIT_CONFIG_H 1
+ echo
+ sep=
+ echo #ifdef LOAD_RELATIVE
+ quote MJIT_HEADER_INSTALL_DIR /include/x86_64-linux-gnu/ruby-2.7.0
+ printf #define MJIT_HEADER_INSTALL_DIR
+ shift
+ printf  "%s" /include/x86_64-linux-gnu/ruby-2.7.0
+ echo
+ echo #else
+ quote MJIT_HEADER_INSTALL_DIR /usr/include/x86_64-linux-gnu/ruby-2.7.0
+ printf #define MJIT_HEADER_INSTALL_DIR
+ shift
+ printf  "%s" /usr/include/x86_64-linux-gnu/ruby-2.7.0
+ echo
+ echo #endif
+ quote MJIT_MIN_HEADER_NAME rb_mjit_min_header-2.7.0.h
+ printf #define MJIT_MIN_HEADER_NAME
+ shift
+ printf  "%s" rb_mjit_min_header-2.7.0.h
+ echo
+ sep=,
+ quote MJIT_CC_COMMON   /usr/bin/gcc
+ printf #define MJIT_CC_COMMON  
+ shift
+ printf  "%s", /usr/bin/gcc
+ echo
+ quote MJIT_CFLAGS      MJIT_ARCHFLAG -w
+ printf #define MJIT_CFLAGS      MJIT_ARCHFLAG
+ shift
+ printf  "%s", -w
+ echo
+ quote MJIT_OPTFLAGS    -O3
+ printf #define MJIT_OPTFLAGS   
+ shift
+ printf  "%s", -O3
+ echo
+ quote MJIT_DEBUGFLAGS  -ggdb3
+ printf #define MJIT_DEBUGFLAGS 
+ shift
+ printf  "%s", -ggdb3
+ echo
+ quote MJIT_LDSHARED    /usr/bin/gcc -shared
+ printf #define MJIT_LDSHARED   
+ shift
+ printf  "%s", /usr/bin/gcc -shared
+ echo
+ quote MJIT_DLDFLAGS    MJIT_ARCHFLAG -Wl,-z,relro -Wl,-z,now
+ printf #define MJIT_DLDFLAGS    MJIT_ARCHFLAG
+ shift
+ printf  "%s", -Wl,-z,relro -Wl,-z,now
+ echo
+ quote MJIT_LIBS        -lruby-2.7
+ printf #define MJIT_LIBS       
+ shift
+ printf  "%s", -lruby-2.7
+ echo
+ quote PRELOADENV       "LD_PRELOAD"
+ printf #define PRELOADENV       "LD_PRELOAD"
+ shift
+ 
+ echo
+ indent=
+ define_arch_flags
+ 
+ 
+ quote MJIT_ARCHFLAG    /* no flag */
+ printf #define MJIT_ARCHFLAG    /* no flag */
+ shift
+ 
+ echo
+ 
+ echo
+ echo #endif /* RUBY_MJIT_CONFIG_H */
gcc -g -O2 -fdebug-prefix-map=/<<PKGBUILDDIR>>=. -fstack-protector-strong -Wformat -Werror=format-security -fPIC  -D_FORTIFY_SOURCE=2 -fstack-protector-strong -fno-strict-overflow -fvisibility=hidden -DRUBY_EXPORT -DCANONICALIZATION_FOR_MATHN -I. -I.ext/include/x86_64-linux-gnu -I./include -I. -I./enc/unicode/12.1.0 -Wdate-time -D_FORTIFY_SOURCE=2    -o mjit_compile.o -c mjit_compile.c
gcc -g -O2 -fdebug-prefix-map=/<<PKGBUILDDIR>>=. -fstack-protector-strong -Wformat -Werror=format-security -fPIC  -D_FORTIFY_SOURCE=2 -fstack-protector-strong -fno-strict-overflow -fvisibility=hidden -DRUBY_EXPORT -DCANONICALIZATION_FOR_MATHN -I. -I.ext/include/x86_64-linux-gnu -I./include -I. -I./enc/unicode/12.1.0 -Wdate-time -D_FORTIFY_SOURCE=2    -o node.o -c node.c
gcc -g -O2 -fdebug-prefix-map=/<<PKGBUILDDIR>>=. -fstack-protector-strong -Wformat -Werror=format-security -fPIC  -D_FORTIFY_SOURCE=2 -fstack-protector-strong -fno-strict-overflow -fvisibility=hidden -DRUBY_EXPORT -DCANONICALIZATION_FOR_MATHN -I. -I.ext/include/x86_64-linux-gnu -I./include -I. -I./enc/unicode/12.1.0 -Wdate-time -D_FORTIFY_SOURCE=2    -o numeric.o -c numeric.c
gcc -g -O2 -fdebug-prefix-map=/<<PKGBUILDDIR>>=. -fstack-protector-strong -Wformat -Werror=format-security -fPIC  -D_FORTIFY_SOURCE=2 -fstack-protector-strong -fno-strict-overflow -fvisibility=hidden -DRUBY_EXPORT -DCANONICALIZATION_FOR_MATHN -I. -I.ext/include/x86_64-linux-gnu -I./include -I. -I./enc/unicode/12.1.0 -Wdate-time -D_FORTIFY_SOURCE=2    -o object.o -c object.c
object.c:2097:5: warning: implicit declaration of function 'RUBY_DTRACE_OBJECT_CREATE_ENABLED' is invalid in C99 [-Wimplicit-function-declaration]
    RUBY_DTRACE_CREATE_HOOK(OBJECT, rb_class2name(klass));
    ^
./internal.h:2585:5: note: expanded from macro 'RUBY_DTRACE_CREATE_HOOK'
    RUBY_DTRACE_HOOK(name##_CREATE, arg)
    ^
./internal.h:2588:18: note: expanded from macro 'RUBY_DTRACE_HOOK'
    if (UNLIKELY(RUBY_DTRACE_##name##_ENABLED())) { \
                 ^
<scratch space>:28:1: note: expanded from here
RUBY_DTRACE_OBJECT_CREATE_ENABLED
^
object.c:2097:5: warning: implicit declaration of function 'RUBY_DTRACE_OBJECT_CREATE' is invalid in C99 [-Wimplicit-function-declaration]
./internal.h:2585:5: note: expanded from macro 'RUBY_DTRACE_CREATE_HOOK'
    RUBY_DTRACE_HOOK(name##_CREATE, arg)
    ^
./internal.h:2592:2: note: expanded from macro 'RUBY_DTRACE_HOOK'
        RUBY_DTRACE_##name(arg, dtrace_file, dtrace_line); \
        ^
<scratch space>:29:1: note: expanded from here
RUBY_DTRACE_OBJECT_CREATE
^
gcc -g -O2 -fdebug-prefix-map=/<<PKGBUILDDIR>>=. -fstack-protector-strong -Wformat -Werror=format-security -fPIC  -D_FORTIFY_SOURCE=2 -fstack-protector-strong -fno-strict-overflow -fvisibility=hidden -DRUBY_EXPORT -DCANONICALIZATION_FOR_MATHN -I. -I.ext/include/x86_64-linux-gnu -I./include -I. -I./enc/unicode/12.1.0 -Wdate-time -D_FORTIFY_SOURCE=2    -o pack.o -c pack.c
gcc -g -O2 -fdebug-prefix-map=/<<PKGBUILDDIR>>=. -fstack-protector-strong -Wformat -Werror=format-security -fPIC  -D_FORTIFY_SOURCE=2 -fstack-protector-strong -fno-strict-overflow -fvisibility=hidden -DRUBY_EXPORT -DCANONICALIZATION_FOR_MATHN -I. -I.ext/include/x86_64-linux-gnu -I./include -I. -I./enc/unicode/12.1.0 -Wdate-time -D_FORTIFY_SOURCE=2    -o parse.o -c parse.c
2 warnings generated.
gcc -g -O2 -fdebug-prefix-map=/<<PKGBUILDDIR>>=. -fstack-protector-strong -Wformat -Werror=format-security -fPIC  -D_FORTIFY_SOURCE=2 -fstack-protector-strong -fno-strict-overflow -fvisibility=hidden -DRUBY_EXPORT -DCANONICALIZATION_FOR_MATHN -I. -I.ext/include/x86_64-linux-gnu -I./include -I. -I./enc/unicode/12.1.0 -Wdate-time -D_FORTIFY_SOURCE=2    -o proc.o -c proc.c
parse.y:5957:5: warning: implicit declaration of function 'RUBY_DTRACE_PARSE_BEGIN_ENABLED' is invalid in C99 [-Wimplicit-function-declaration]
    RUBY_DTRACE_PARSE_HOOK(BEGIN);
    ^
parse.y:5954:9: note: expanded from macro 'RUBY_DTRACE_PARSE_HOOK'
    if (RUBY_DTRACE_PARSE_##name##_ENABLED()) { \
        ^
<scratch space>:126:1: note: expanded from here
RUBY_DTRACE_PARSE_BEGIN_ENABLED
^
parse.y:5957:5: warning: implicit declaration of function 'RUBY_DTRACE_PARSE_BEGIN' is invalid in C99 [-Wimplicit-function-declaration]
parse.y:5955:2: note: expanded from macro 'RUBY_DTRACE_PARSE_HOOK'
        RUBY_DTRACE_PARSE_##name(p->ruby_sourcefile, p->ruby_sourceline); \
        ^
<scratch space>:127:1: note: expanded from here
RUBY_DTRACE_PARSE_BEGIN
^
parse.y:5959:5: warning: implicit declaration of function 'RUBY_DTRACE_PARSE_END_ENABLED' is invalid in C99 [-Wimplicit-function-declaration]
    RUBY_DTRACE_PARSE_HOOK(END);
    ^
parse.y:5954:9: note: expanded from macro 'RUBY_DTRACE_PARSE_HOOK'
    if (RUBY_DTRACE_PARSE_##name##_ENABLED()) { \
        ^
<scratch space>:129:1: note: expanded from here
RUBY_DTRACE_PARSE_END_ENABLED
^
parse.y:5959:5: warning: implicit declaration of function 'RUBY_DTRACE_PARSE_END' is invalid in C99 [-Wimplicit-function-declaration]
parse.y:5955:2: note: expanded from macro 'RUBY_DTRACE_PARSE_HOOK'
        RUBY_DTRACE_PARSE_##name(p->ruby_sourcefile, p->ruby_sourceline); \
        ^
<scratch space>:130:1: note: expanded from here
RUBY_DTRACE_PARSE_END
^
gcc -g -O2 -fdebug-prefix-map=/<<PKGBUILDDIR>>=. -fstack-protector-strong -Wformat -Werror=format-security -fPIC  -D_FORTIFY_SOURCE=2 -fstack-protector-strong -fno-strict-overflow -fvisibility=hidden -DRUBY_EXPORT -DCANONICALIZATION_FOR_MATHN -I. -I.ext/include/x86_64-linux-gnu -I./include -I. -I./enc/unicode/12.1.0 -Wdate-time -D_FORTIFY_SOURCE=2    -o process.o -c process.c
gcc -g -O2 -fdebug-prefix-map=/<<PKGBUILDDIR>>=. -fstack-protector-strong -Wformat -Werror=format-security -fPIC  -D_FORTIFY_SOURCE=2 -fstack-protector-strong -fno-strict-overflow -fvisibility=hidden -DRUBY_EXPORT -DCANONICALIZATION_FOR_MATHN -I. -I.ext/include/x86_64-linux-gnu -I./include -I. -I./enc/unicode/12.1.0 -Wdate-time -D_FORTIFY_SOURCE=2    -o random.o -c random.c
gcc -g -O2 -fdebug-prefix-map=/<<PKGBUILDDIR>>=. -fstack-protector-strong -Wformat -Werror=format-security -fPIC  -D_FORTIFY_SOURCE=2 -fstack-protector-strong -fno-strict-overflow -fvisibility=hidden -DRUBY_EXPORT -DCANONICALIZATION_FOR_MATHN -I. -I.ext/include/x86_64-linux-gnu -I./include -I. -I./enc/unicode/12.1.0 -Wdate-time -D_FORTIFY_SOURCE=2    -o range.o -c range.c
gcc -g -O2 -fdebug-prefix-map=/<<PKGBUILDDIR>>=. -fstack-protector-strong -Wformat -Werror=format-security -fPIC  -D_FORTIFY_SOURCE=2 -fstack-protector-strong -fno-strict-overflow -fvisibility=hidden -DRUBY_EXPORT -DCANONICALIZATION_FOR_MATHN -I. -I.ext/include/x86_64-linux-gnu -I./include -I. -I./enc/unicode/12.1.0 -Wdate-time -D_FORTIFY_SOURCE=2    -o rational.o -c rational.c
gcc -g -O2 -fdebug-prefix-map=/<<PKGBUILDDIR>>=. -fstack-protector-strong -Wformat -Werror=format-security -fPIC  -D_FORTIFY_SOURCE=2 -fstack-protector-strong -fno-strict-overflow -fvisibility=hidden -DRUBY_EXPORT -DCANONICALIZATION_FOR_MATHN -I. -I.ext/include/x86_64-linux-gnu -I./include -I. -I./enc/unicode/12.1.0 -Wdate-time -D_FORTIFY_SOURCE=2    -o re.o -c re.c
gcc -g -O2 -fdebug-prefix-map=/<<PKGBUILDDIR>>=. -fstack-protector-strong -Wformat -Werror=format-security -fPIC  -D_FORTIFY_SOURCE=2 -fstack-protector-strong -fno-strict-overflow -fvisibility=hidden -DRUBY_EXPORT -DCANONICALIZATION_FOR_MATHN -I. -I.ext/include/x86_64-linux-gnu -I./include -I. -I./enc/unicode/12.1.0 -Wdate-time -D_FORTIFY_SOURCE=2    -o regcomp.o -c regcomp.c
gcc -g -O2 -fdebug-prefix-map=/<<PKGBUILDDIR>>=. -fstack-protector-strong -Wformat -Werror=format-security -fPIC  -D_FORTIFY_SOURCE=2 -fstack-protector-strong -fno-strict-overflow -fvisibility=hidden -DRUBY_EXPORT -DCANONICALIZATION_FOR_MATHN -I. -I.ext/include/x86_64-linux-gnu -I./include -I. -I./enc/unicode/12.1.0 -Wdate-time -D_FORTIFY_SOURCE=2    -o regenc.o -c regenc.c
gcc -g -O2 -fdebug-prefix-map=/<<PKGBUILDDIR>>=. -fstack-protector-strong -Wformat -Werror=format-security -fPIC  -D_FORTIFY_SOURCE=2 -fstack-protector-strong -fno-strict-overflow -fvisibility=hidden -DRUBY_EXPORT -DCANONICALIZATION_FOR_MATHN -I. -I.ext/include/x86_64-linux-gnu -I./include -I. -I./enc/unicode/12.1.0 -Wdate-time -D_FORTIFY_SOURCE=2    -o regerror.o -c regerror.c
gcc -g -O2 -fdebug-prefix-map=/<<PKGBUILDDIR>>=. -fstack-protector-strong -Wformat -Werror=format-security -fPIC  -D_FORTIFY_SOURCE=2 -fstack-protector-strong -fno-strict-overflow -fvisibility=hidden -DRUBY_EXPORT -DCANONICALIZATION_FOR_MATHN -I. -I.ext/include/x86_64-linux-gnu -I./include -I. -I./enc/unicode/12.1.0 -Wdate-time -D_FORTIFY_SOURCE=2    -o regexec.o -c regexec.c
gcc -g -O2 -fdebug-prefix-map=/<<PKGBUILDDIR>>=. -fstack-protector-strong -Wformat -Werror=format-security -fPIC  -D_FORTIFY_SOURCE=2 -fstack-protector-strong -fno-strict-overflow -fvisibility=hidden -DRUBY_EXPORT -DCANONICALIZATION_FOR_MATHN -I. -I.ext/include/x86_64-linux-gnu -I./include -I. -I./enc/unicode/12.1.0 -Wdate-time -D_FORTIFY_SOURCE=2    -o regparse.o -c regparse.c
gcc -g -O2 -fdebug-prefix-map=/<<PKGBUILDDIR>>=. -fstack-protector-strong -Wformat -Werror=format-security -fPIC  -D_FORTIFY_SOURCE=2 -fstack-protector-strong -fno-strict-overflow -fvisibility=hidden -DRUBY_EXPORT -DCANONICALIZATION_FOR_MATHN -I. -I.ext/include/x86_64-linux-gnu -I./include -I. -I./enc/unicode/12.1.0 -Wdate-time -D_FORTIFY_SOURCE=2    -o regsyntax.o -c regsyntax.c
gcc -g -O2 -fdebug-prefix-map=/<<PKGBUILDDIR>>=. -fstack-protector-strong -Wformat -Werror=format-security -fPIC  -D_FORTIFY_SOURCE=2 -fstack-protector-strong -fno-strict-overflow -fvisibility=hidden -DRUBY_EXPORT -DCANONICALIZATION_FOR_MATHN -I. -I.ext/include/x86_64-linux-gnu -I./include -I. -I./enc/unicode/12.1.0 -Wdate-time -D_FORTIFY_SOURCE=2    -o ruby.o -c ruby.c
4 warnings generated.
gcc -g -O2 -fdebug-prefix-map=/<<PKGBUILDDIR>>=. -fstack-protector-strong -Wformat -Werror=format-security -fPIC  -D_FORTIFY_SOURCE=2 -fstack-protector-strong -fno-strict-overflow -fvisibility=hidden -DRUBY_EXPORT -DCANONICALIZATION_FOR_MATHN -I. -I.ext/include/x86_64-linux-gnu -I./include -I. -I./enc/unicode/12.1.0 -Wdate-time -D_FORTIFY_SOURCE=2    -o safe.o -c safe.c
gcc -g -O2 -fdebug-prefix-map=/<<PKGBUILDDIR>>=. -fstack-protector-strong -Wformat -Werror=format-security -fPIC  -D_FORTIFY_SOURCE=2 -fstack-protector-strong -fno-strict-overflow -fvisibility=hidden -DRUBY_EXPORT -DCANONICALIZATION_FOR_MATHN -I. -I.ext/include/x86_64-linux-gnu -I./include -I. -I./enc/unicode/12.1.0 -Wdate-time -D_FORTIFY_SOURCE=2    -o signal.o -c signal.c
gcc -g -O2 -fdebug-prefix-map=/<<PKGBUILDDIR>>=. -fstack-protector-strong -Wformat -Werror=format-security -fPIC  -D_FORTIFY_SOURCE=2 -fstack-protector-strong -fno-strict-overflow -fvisibility=hidden -DRUBY_EXPORT -DCANONICALIZATION_FOR_MATHN -I. -I.ext/include/x86_64-linux-gnu -I./include -I. -I./enc/unicode/12.1.0 -Wdate-time -D_FORTIFY_SOURCE=2    -o sprintf.o -c sprintf.c
gcc -g -O2 -fdebug-prefix-map=/<<PKGBUILDDIR>>=. -fstack-protector-strong -Wformat -Werror=format-security -fPIC  -D_FORTIFY_SOURCE=2 -fstack-protector-strong -fno-strict-overflow -fvisibility=hidden -DRUBY_EXPORT -DCANONICALIZATION_FOR_MATHN -I. -I.ext/include/x86_64-linux-gnu -I./include -I. -I./enc/unicode/12.1.0 -Wdate-time -D_FORTIFY_SOURCE=2    -o st.o -c st.c
gcc -g -O2 -fdebug-prefix-map=/<<PKGBUILDDIR>>=. -fstack-protector-strong -Wformat -Werror=format-security -fPIC  -D_FORTIFY_SOURCE=2 -fstack-protector-strong -fno-strict-overflow -fvisibility=hidden -DRUBY_EXPORT -DCANONICALIZATION_FOR_MATHN -I. -I.ext/include/x86_64-linux-gnu -I./include -I. -I./enc/unicode/12.1.0 -Wdate-time -D_FORTIFY_SOURCE=2    -o strftime.o -c strftime.c
gcc -g -O2 -fdebug-prefix-map=/<<PKGBUILDDIR>>=. -fstack-protector-strong -Wformat -Werror=format-security -fPIC  -D_FORTIFY_SOURCE=2 -fstack-protector-strong -fno-strict-overflow -fvisibility=hidden -DRUBY_EXPORT -DCANONICALIZATION_FOR_MATHN -I. -I.ext/include/x86_64-linux-gnu -I./include -I. -I./enc/unicode/12.1.0 -Wdate-time -D_FORTIFY_SOURCE=2    -o string.o -c string.c
string.c:735:5: warning: implicit declaration of function 'RUBY_DTRACE_STRING_CREATE_ENABLED' is invalid in C99 [-Wimplicit-function-declaration]
    RUBY_DTRACE_CREATE_HOOK(STRING, 0);
    ^
./internal.h:2585:5: note: expanded from macro 'RUBY_DTRACE_CREATE_HOOK'
    RUBY_DTRACE_HOOK(name##_CREATE, arg)
    ^
./internal.h:2588:18: note: expanded from macro 'RUBY_DTRACE_HOOK'
    if (UNLIKELY(RUBY_DTRACE_##name##_ENABLED())) { \
                 ^
<scratch space>:117:1: note: expanded from here
RUBY_DTRACE_STRING_CREATE_ENABLED
^
string.c:735:5: warning: implicit declaration of function 'RUBY_DTRACE_STRING_CREATE' is invalid in C99 [-Wimplicit-function-declaration]
./internal.h:2585:5: note: expanded from macro 'RUBY_DTRACE_CREATE_HOOK'
    RUBY_DTRACE_HOOK(name##_CREATE, arg)
    ^
./internal.h:2592:2: note: expanded from macro 'RUBY_DTRACE_HOOK'
        RUBY_DTRACE_##name(arg, dtrace_file, dtrace_line); \
        ^
<scratch space>:118:1: note: expanded from here
RUBY_DTRACE_STRING_CREATE
^
string.c:748:5: warning: implicit declaration of function 'RUBY_DTRACE_STRING_CREATE_ENABLED' is invalid in C99 [-Wimplicit-function-declaration]
    RUBY_DTRACE_CREATE_HOOK(STRING, len);
    ^
./internal.h:2585:5: note: expanded from macro 'RUBY_DTRACE_CREATE_HOOK'
    RUBY_DTRACE_HOOK(name##_CREATE, arg)
    ^
./internal.h:2588:18: note: expanded from macro 'RUBY_DTRACE_HOOK'
    if (UNLIKELY(RUBY_DTRACE_##name##_ENABLED())) { \
                 ^
<scratch space>:121:1: note: expanded from here
RUBY_DTRACE_STRING_CREATE_ENABLED
^
string.c:748:5: warning: implicit declaration of function 'RUBY_DTRACE_STRING_CREATE' is invalid in C99 [-Wimplicit-function-declaration]
./internal.h:2585:5: note: expanded from macro 'RUBY_DTRACE_CREATE_HOOK'
    RUBY_DTRACE_HOOK(name##_CREATE, arg)
    ^
./internal.h:2592:2: note: expanded from macro 'RUBY_DTRACE_HOOK'
        RUBY_DTRACE_##name(arg, dtrace_file, dtrace_line); \
        ^
<scratch space>:122:1: note: expanded from here
RUBY_DTRACE_STRING_CREATE
^
string.c:859:2: warning: implicit declaration of function 'RUBY_DTRACE_STRING_CREATE_ENABLED' is invalid in C99 [-Wimplicit-function-declaration]
        RUBY_DTRACE_CREATE_HOOK(STRING, len);
        ^
./internal.h:2585:5: note: expanded from macro 'RUBY_DTRACE_CREATE_HOOK'
    RUBY_DTRACE_HOOK(name##_CREATE, arg)
    ^
./internal.h:2588:18: note: expanded from macro 'RUBY_DTRACE_HOOK'
    if (UNLIKELY(RUBY_DTRACE_##name##_ENABLED())) { \
                 ^
<scratch space>:125:1: note: expanded from here
RUBY_DTRACE_STRING_CREATE_ENABLED
^
string.c:859:2: warning: implicit declaration of function 'RUBY_DTRACE_STRING_CREATE' is invalid in C99 [-Wimplicit-function-declaration]
./internal.h:2585:5: note: expanded from macro 'RUBY_DTRACE_CREATE_HOOK'
    RUBY_DTRACE_HOOK(name##_CREATE, arg)
    ^
./internal.h:2592:2: note: expanded from macro 'RUBY_DTRACE_HOOK'
        RUBY_DTRACE_##name(arg, dtrace_file, dtrace_line); \
        ^
<scratch space>:126:1: note: expanded from here
RUBY_DTRACE_STRING_CREATE
^
string.c:1524:5: warning: implicit declaration of function 'RUBY_DTRACE_STRING_CREATE_ENABLED' is invalid in C99 [-Wimplicit-function-declaration]
    RUBY_DTRACE_CREATE_HOOK(STRING, RSTRING_LEN(str));
    ^
./internal.h:2585:5: note: expanded from macro 'RUBY_DTRACE_CREATE_HOOK'
    RUBY_DTRACE_HOOK(name##_CREATE, arg)
    ^
./internal.h:2588:18: note: expanded from macro 'RUBY_DTRACE_HOOK'
    if (UNLIKELY(RUBY_DTRACE_##name##_ENABLED())) { \
                 ^
<scratch space>:37:1: note: expanded from here
RUBY_DTRACE_STRING_CREATE_ENABLED
^
string.c:1524:5: warning: implicit declaration of function 'RUBY_DTRACE_STRING_CREATE' is invalid in C99 [-Wimplicit-function-declaration]
./internal.h:2585:5: note: expanded from macro 'RUBY_DTRACE_CREATE_HOOK'
    RUBY_DTRACE_HOOK(name##_CREATE, arg)
    ^
./internal.h:2592:2: note: expanded from macro 'RUBY_DTRACE_HOOK'
        RUBY_DTRACE_##name(arg, dtrace_file, dtrace_line); \
        ^
<scratch space>:38:1: note: expanded from here
RUBY_DTRACE_STRING_CREATE
^
gcc -g -O2 -fdebug-prefix-map=/<<PKGBUILDDIR>>=. -fstack-protector-strong -Wformat -Werror=format-security -fPIC  -D_FORTIFY_SOURCE=2 -fstack-protector-strong -fno-strict-overflow -fvisibility=hidden -DRUBY_EXPORT -DCANONICALIZATION_FOR_MATHN -I. -I.ext/include/x86_64-linux-gnu -I./include -I. -I./enc/unicode/12.1.0 -Wdate-time -D_FORTIFY_SOURCE=2    -o struct.o -c struct.c
gcc -g -O2 -fdebug-prefix-map=/<<PKGBUILDDIR>>=. -fstack-protector-strong -Wformat -Werror=format-security -fPIC  -D_FORTIFY_SOURCE=2 -fstack-protector-strong -fno-strict-overflow -fvisibility=hidden -DRUBY_EXPORT -DCANONICALIZATION_FOR_MATHN -I. -I.ext/include/x86_64-linux-gnu -I./include -I. -I./enc/unicode/12.1.0 -Wdate-time -D_FORTIFY_SOURCE=2    -o symbol.o -c symbol.c
symbol.c:468:5: warning: implicit declaration of function 'RUBY_DTRACE_SYMBOL_CREATE_ENABLED' is invalid in C99 [-Wimplicit-function-declaration]
    RUBY_DTRACE_CREATE_HOOK(SYMBOL, RSTRING_PTR(str));
    ^
./internal.h:2585:5: note: expanded from macro 'RUBY_DTRACE_CREATE_HOOK'
    RUBY_DTRACE_HOOK(name##_CREATE, arg)
    ^
./internal.h:2588:18: note: expanded from macro 'RUBY_DTRACE_HOOK'
    if (UNLIKELY(RUBY_DTRACE_##name##_ENABLED())) { \
                 ^
<scratch space>:13:1: note: expanded from here
RUBY_DTRACE_SYMBOL_CREATE_ENABLED
^
symbol.c:468:5: warning: implicit declaration of function 'RUBY_DTRACE_SYMBOL_CREATE' is invalid in C99 [-Wimplicit-function-declaration]
./internal.h:2585:5: note: expanded from macro 'RUBY_DTRACE_CREATE_HOOK'
    RUBY_DTRACE_HOOK(name##_CREATE, arg)
    ^
./internal.h:2592:2: note: expanded from macro 'RUBY_DTRACE_HOOK'
        RUBY_DTRACE_##name(arg, dtrace_file, dtrace_line); \
        ^
<scratch space>:14:1: note: expanded from here
RUBY_DTRACE_SYMBOL_CREATE
^
symbol.c:536:5: warning: implicit declaration of function 'RUBY_DTRACE_SYMBOL_CREATE_ENABLED' is invalid in C99 [-Wimplicit-function-declaration]
    RUBY_DTRACE_CREATE_HOOK(SYMBOL, RSTRING_PTR(RSYMBOL(dsym)->fstr));
    ^
./internal.h:2585:5: note: expanded from macro 'RUBY_DTRACE_CREATE_HOOK'
    RUBY_DTRACE_HOOK(name##_CREATE, arg)
    ^
./internal.h:2588:18: note: expanded from macro 'RUBY_DTRACE_HOOK'
    if (UNLIKELY(RUBY_DTRACE_##name##_ENABLED())) { \
                 ^
<scratch space>:27:1: note: expanded from here
RUBY_DTRACE_SYMBOL_CREATE_ENABLED
^
symbol.c:536:5: warning: implicit declaration of function 'RUBY_DTRACE_SYMBOL_CREATE' is invalid in C99 [-Wimplicit-function-declaration]
./internal.h:2585:5: note: expanded from macro 'RUBY_DTRACE_CREATE_HOOK'
    RUBY_DTRACE_HOOK(name##_CREATE, arg)
    ^
./internal.h:2592:2: note: expanded from macro 'RUBY_DTRACE_HOOK'
        RUBY_DTRACE_##name(arg, dtrace_file, dtrace_line); \
        ^
<scratch space>:28:1: note: expanded from here
RUBY_DTRACE_SYMBOL_CREATE
^
gcc -g -O2 -fdebug-prefix-map=/<<PKGBUILDDIR>>=. -fstack-protector-strong -Wformat -Werror=format-security -fPIC  -D_FORTIFY_SOURCE=2 -fstack-protector-strong -fno-strict-overflow -fvisibility=hidden -DRUBY_EXPORT -DCANONICALIZATION_FOR_MATHN -I. -I.ext/include/x86_64-linux-gnu -I./include -I. -I./enc/unicode/12.1.0 -Wdate-time -D_FORTIFY_SOURCE=2    -o thread.o -c thread.c
4 warnings generated.
gcc -g -O2 -fdebug-prefix-map=/<<PKGBUILDDIR>>=. -fstack-protector-strong -Wformat -Werror=format-security -fPIC  -D_FORTIFY_SOURCE=2 -fstack-protector-strong -fno-strict-overflow -fvisibility=hidden -DRUBY_EXPORT -DCANONICALIZATION_FOR_MATHN -I. -I.ext/include/x86_64-linux-gnu -I./include -I. -I./enc/unicode/12.1.0 -Wdate-time -D_FORTIFY_SOURCE=2    -o time.o -c time.c
gcc -g -O2 -fdebug-prefix-map=/<<PKGBUILDDIR>>=. -fstack-protector-strong -Wformat -Werror=format-security -fPIC  -D_FORTIFY_SOURCE=2 -fstack-protector-strong -fno-strict-overflow -fvisibility=hidden -DRUBY_EXPORT -DCANONICALIZATION_FOR_MATHN -I. -I.ext/include/x86_64-linux-gnu -I./include -I. -I./enc/unicode/12.1.0 -Wdate-time -D_FORTIFY_SOURCE=2    -o transcode.o -c transcode.c
gcc -g -O2 -fdebug-prefix-map=/<<PKGBUILDDIR>>=. -fstack-protector-strong -Wformat -Werror=format-security -fPIC  -D_FORTIFY_SOURCE=2 -fstack-protector-strong -fno-strict-overflow -fvisibility=hidden -DRUBY_EXPORT -DCANONICALIZATION_FOR_MATHN -I. -I.ext/include/x86_64-linux-gnu -I./include -I. -I./enc/unicode/12.1.0 -Wdate-time -D_FORTIFY_SOURCE=2    -o transient_heap.o -c transient_heap.c
gcc -g -O2 -fdebug-prefix-map=/<<PKGBUILDDIR>>=. -fstack-protector-strong -Wformat -Werror=format-security -fPIC  -D_FORTIFY_SOURCE=2 -fstack-protector-strong -fno-strict-overflow -fvisibility=hidden -DRUBY_EXPORT -DCANONICALIZATION_FOR_MATHN -I. -I.ext/include/x86_64-linux-gnu -I./include -I. -I./enc/unicode/12.1.0 -Wdate-time -D_FORTIFY_SOURCE=2    -o util.o -c util.c
gcc -g -O2 -fdebug-prefix-map=/<<PKGBUILDDIR>>=. -fstack-protector-strong -Wformat -Werror=format-security -fPIC  -D_FORTIFY_SOURCE=2 -fstack-protector-strong -fno-strict-overflow -fvisibility=hidden -DRUBY_EXPORT -DCANONICALIZATION_FOR_MATHN -I. -I.ext/include/x86_64-linux-gnu -I./include -I. -I./enc/unicode/12.1.0 -Wdate-time -D_FORTIFY_SOURCE=2    -o variable.o -c variable.c
: > revision.tmp
gcc -g -O2 -fdebug-prefix-map=/<<PKGBUILDDIR>>=. -fstack-protector-strong -Wformat -Werror=format-security -fPIC  -D_FORTIFY_SOURCE=2 -fstack-protector-strong -fno-strict-overflow -fvisibility=hidden -DRUBY_EXPORT -DCANONICALIZATION_FOR_MATHN -I. -I.ext/include/x86_64-linux-gnu -I./include -I. -I./enc/unicode/12.1.0 -Wdate-time -D_FORTIFY_SOURCE=2    -o vm.o -c vm.c
In file included from vm.c:344:
./vm_insnhelper.c:2504:5: warning: implicit declaration of function 'RUBY_DTRACE_CMETHOD_ENTRY_ENABLED' is invalid in C99 [-Wimplicit-function-declaration]
    RUBY_DTRACE_CMETHOD_ENTRY_HOOK(ec, me->owner, me->def->original_id);
    ^
./probes_helper.h:37:5: note: expanded from macro 'RUBY_DTRACE_CMETHOD_ENTRY_HOOK'
    RUBY_DTRACE_METHOD_HOOK(CMETHOD_ENTRY, ec, klass, id)
    ^
./probes_helper.h:19:18: note: expanded from macro 'RUBY_DTRACE_METHOD_HOOK'
    if (UNLIKELY(RUBY_DTRACE_##name##_ENABLED())) { \
                 ^
<scratch space>:155:1: note: expanded from here
RUBY_DTRACE_CMETHOD_ENTRY_ENABLED
^
In file included from vm.c:344:
./vm_insnhelper.c:2504:5: warning: implicit declaration of function 'RUBY_DTRACE_CMETHOD_ENTRY' is invalid in C99 [-Wimplicit-function-declaration]
./probes_helper.h:37:5: note: expanded from macro 'RUBY_DTRACE_CMETHOD_ENTRY_HOOK'
    RUBY_DTRACE_METHOD_HOOK(CMETHOD_ENTRY, ec, klass, id)
    ^
./probes_helper.h:22:6: note: expanded from macro 'RUBY_DTRACE_METHOD_HOOK'
            RUBY_DTRACE_##name(args.classname, \
            ^
<scratch space>:156:1: note: expanded from here
RUBY_DTRACE_CMETHOD_ENTRY
^
In file included from vm.c:344:
./vm_insnhelper.c:2521:5: warning: implicit declaration of function 'RUBY_DTRACE_CMETHOD_RETURN_ENABLED' is invalid in C99 [-Wimplicit-function-declaration]
    RUBY_DTRACE_CMETHOD_RETURN_HOOK(ec, me->owner, me->def->original_id);
    ^
./probes_helper.h:40:5: note: expanded from macro 'RUBY_DTRACE_CMETHOD_RETURN_HOOK'
    RUBY_DTRACE_METHOD_HOOK(CMETHOD_RETURN, ec, klass, id)
    ^
./probes_helper.h:19:18: note: expanded from macro 'RUBY_DTRACE_METHOD_HOOK'
    if (UNLIKELY(RUBY_DTRACE_##name##_ENABLED())) { \
                 ^
<scratch space>:158:1: note: expanded from here
RUBY_DTRACE_CMETHOD_RETURN_ENABLED
^
In file included from vm.c:344:
./vm_insnhelper.c:2521:5: warning: implicit declaration of function 'RUBY_DTRACE_CMETHOD_RETURN' is invalid in C99 [-Wimplicit-function-declaration]
./probes_helper.h:40:5: note: expanded from macro 'RUBY_DTRACE_CMETHOD_RETURN_HOOK'
    RUBY_DTRACE_METHOD_HOOK(CMETHOD_RETURN, ec, klass, id)
    ^
./probes_helper.h:22:6: note: expanded from macro 'RUBY_DTRACE_METHOD_HOOK'
            RUBY_DTRACE_##name(args.classname, \
            ^
<scratch space>:159:1: note: expanded from here
RUBY_DTRACE_CMETHOD_RETURN
^
In file included from vm.c:344:
./vm_insnhelper.c:3728:9: warning: implicit declaration of function 'RUBY_DTRACE_METHOD_ENTRY_ENABLED' is invalid in C99 [-Wimplicit-function-declaration]
    if (RUBY_DTRACE_METHOD_ENTRY_ENABLED() ||
        ^
./vm_insnhelper.c:3729:2: warning: implicit declaration of function 'RUBY_DTRACE_METHOD_RETURN_ENABLED' is invalid in C99 [-Wimplicit-function-declaration]
        RUBY_DTRACE_METHOD_RETURN_ENABLED() ||
        ^
./vm_insnhelper.c:3730:2: warning: implicit declaration of function 'RUBY_DTRACE_CMETHOD_ENTRY_ENABLED' is invalid in C99 [-Wimplicit-function-declaration]
        RUBY_DTRACE_CMETHOD_ENTRY_ENABLED() ||
        ^
./vm_insnhelper.c:3731:2: warning: implicit declaration of function 'RUBY_DTRACE_CMETHOD_RETURN_ENABLED' is invalid in C99 [-Wimplicit-function-declaration]
        RUBY_DTRACE_CMETHOD_RETURN_ENABLED()) {
        ^
./vm_insnhelper.c:3735:6: warning: implicit declaration of function 'RUBY_DTRACE_METHOD_ENTRY' is invalid in C99 [-Wimplicit-function-declaration]
            RUBY_DTRACE_METHOD_ENTRY_HOOK(ec, 0, 0);
            ^
./probes_helper.h:31:5: note: expanded from macro 'RUBY_DTRACE_METHOD_ENTRY_HOOK'
    RUBY_DTRACE_METHOD_HOOK(METHOD_ENTRY, ec, klass, id)
    ^
./probes_helper.h:22:6: note: expanded from macro 'RUBY_DTRACE_METHOD_HOOK'
            RUBY_DTRACE_##name(args.classname, \
            ^
<scratch space>:12:1: note: expanded from here
RUBY_DTRACE_METHOD_ENTRY
^
In file included from vm.c:344:
./vm_insnhelper.c:3738:6: warning: implicit declaration of function 'RUBY_DTRACE_CMETHOD_ENTRY' is invalid in C99 [-Wimplicit-function-declaration]
            RUBY_DTRACE_CMETHOD_ENTRY_HOOK(ec, 0, 0);
            ^
./probes_helper.h:37:5: note: expanded from macro 'RUBY_DTRACE_CMETHOD_ENTRY_HOOK'
    RUBY_DTRACE_METHOD_HOOK(CMETHOD_ENTRY, ec, klass, id)
    ^
./probes_helper.h:22:6: note: expanded from macro 'RUBY_DTRACE_METHOD_HOOK'
            RUBY_DTRACE_##name(args.classname, \
            ^
<scratch space>:15:1: note: expanded from here
RUBY_DTRACE_CMETHOD_ENTRY
^
In file included from vm.c:344:
./vm_insnhelper.c:3741:6: warning: implicit declaration of function 'RUBY_DTRACE_METHOD_RETURN' is invalid in C99 [-Wimplicit-function-declaration]
            RUBY_DTRACE_METHOD_RETURN_HOOK(ec, 0, 0);
            ^
./probes_helper.h:34:5: note: expanded from macro 'RUBY_DTRACE_METHOD_RETURN_HOOK'
    RUBY_DTRACE_METHOD_HOOK(METHOD_RETURN, ec, klass, id)
    ^
./probes_helper.h:22:6: note: expanded from macro 'RUBY_DTRACE_METHOD_HOOK'
            RUBY_DTRACE_##name(args.classname, \
            ^
<scratch space>:18:1: note: expanded from here
RUBY_DTRACE_METHOD_RETURN
^
In file included from vm.c:344:
./vm_insnhelper.c:3744:6: warning: implicit declaration of function 'RUBY_DTRACE_CMETHOD_RETURN' is invalid in C99 [-Wimplicit-function-declaration]
            RUBY_DTRACE_CMETHOD_RETURN_HOOK(ec, 0, 0);
            ^
./probes_helper.h:40:5: note: expanded from macro 'RUBY_DTRACE_CMETHOD_RETURN_HOOK'
    RUBY_DTRACE_METHOD_HOOK(CMETHOD_RETURN, ec, klass, id)
    ^
./probes_helper.h:22:6: note: expanded from macro 'RUBY_DTRACE_METHOD_HOOK'
            RUBY_DTRACE_##name(args.classname, \
            ^
<scratch space>:21:1: note: expanded from here
RUBY_DTRACE_CMETHOD_RETURN
^
8 warnings generated.
gcc -g -O2 -fdebug-prefix-map=/<<PKGBUILDDIR>>=. -fstack-protector-strong -Wformat -Werror=format-security -fPIC  -D_FORTIFY_SOURCE=2 -fstack-protector-strong -fno-strict-overflow -fvisibility=hidden -DRUBY_EXPORT -DCANONICALIZATION_FOR_MATHN -I. -I.ext/include/x86_64-linux-gnu -I./include -I. -I./enc/unicode/12.1.0 -Wdate-time -D_FORTIFY_SOURCE=2    -o vm_backtrace.o -c vm_backtrace.c
In file included from vm.c:348:
In file included from ./vm_exec.c:116:
insns.def:471:5: warning: implicit declaration of function 'RUBY_DTRACE_ARRAY_CREATE_ENABLED' is invalid in C99 [-Wimplicit-function-declaration]
    RUBY_DTRACE_CREATE_HOOK(ARRAY, RARRAY_LEN(ary));
    ^
./internal.h:2585:5: note: expanded from macro 'RUBY_DTRACE_CREATE_HOOK'
    RUBY_DTRACE_HOOK(name##_CREATE, arg)
    ^
./internal.h:2588:18: note: expanded from macro 'RUBY_DTRACE_HOOK'
    if (UNLIKELY(RUBY_DTRACE_##name##_ENABLED())) { \
                 ^
<scratch space>:56:1: note: expanded from here
RUBY_DTRACE_ARRAY_CREATE_ENABLED
^
In file included from vm.c:348:
In file included from ./vm_exec.c:116:
insns.def:471:5: warning: implicit declaration of function 'RUBY_DTRACE_ARRAY_CREATE' is invalid in C99 [-Wimplicit-function-declaration]
./internal.h:2585:5: note: expanded from macro 'RUBY_DTRACE_CREATE_HOOK'
    RUBY_DTRACE_HOOK(name##_CREATE, arg)
    ^
./internal.h:2592:2: note: expanded from macro 'RUBY_DTRACE_HOOK'
        RUBY_DTRACE_##name(arg, dtrace_file, dtrace_line); \
        ^
<scratch space>:57:1: note: expanded from here
RUBY_DTRACE_ARRAY_CREATE
^
In file included from vm.c:348:
In file included from ./vm_exec.c:116:
insns.def:482:5: warning: implicit declaration of function 'RUBY_DTRACE_HASH_CREATE_ENABLED' is invalid in C99 [-Wimplicit-function-declaration]
    RUBY_DTRACE_CREATE_HOOK(HASH, RHASH_SIZE(hash) << 1);
    ^
./internal.h:2585:5: note: expanded from macro 'RUBY_DTRACE_CREATE_HOOK'
    RUBY_DTRACE_HOOK(name##_CREATE, arg)
    ^
./internal.h:2588:18: note: expanded from macro 'RUBY_DTRACE_HOOK'
    if (UNLIKELY(RUBY_DTRACE_##name##_ENABLED())) { \
                 ^
<scratch space>:71:1: note: expanded from here
RUBY_DTRACE_HASH_CREATE_ENABLED
^
In file included from vm.c:348:
In file included from ./vm_exec.c:116:
insns.def:482:5: warning: implicit declaration of function 'RUBY_DTRACE_HASH_CREATE' is invalid in C99 [-Wimplicit-function-declaration]
./internal.h:2585:5: note: expanded from macro 'RUBY_DTRACE_CREATE_HOOK'
    RUBY_DTRACE_HOOK(name##_CREATE, arg)
    ^
./internal.h:2592:2: note: expanded from macro 'RUBY_DTRACE_HOOK'
        RUBY_DTRACE_##name(arg, dtrace_file, dtrace_line); \
        ^
<scratch space>:72:1: note: expanded from here
RUBY_DTRACE_HASH_CREATE
^
In file included from vm.c:348:
In file included from ./vm_exec.c:116:
insns.def:537:5: warning: implicit declaration of function 'RUBY_DTRACE_HASH_CREATE_ENABLED' is invalid in C99 [-Wimplicit-function-declaration]
    RUBY_DTRACE_CREATE_HOOK(HASH, num);
    ^
./internal.h:2585:5: note: expanded from macro 'RUBY_DTRACE_CREATE_HOOK'
    RUBY_DTRACE_HOOK(name##_CREATE, arg)
    ^
./internal.h:2588:18: note: expanded from macro 'RUBY_DTRACE_HOOK'
    if (UNLIKELY(RUBY_DTRACE_##name##_ENABLED())) { \
                 ^
<scratch space>:119:1: note: expanded from here
RUBY_DTRACE_HASH_CREATE_ENABLED
^
In file included from vm.c:348:
In file included from ./vm_exec.c:116:
insns.def:537:5: warning: implicit declaration of function 'RUBY_DTRACE_HASH_CREATE' is invalid in C99 [-Wimplicit-function-declaration]
./internal.h:2585:5: note: expanded from macro 'RUBY_DTRACE_CREATE_HOOK'
    RUBY_DTRACE_HOOK(name##_CREATE, arg)
    ^
./internal.h:2592:2: note: expanded from macro 'RUBY_DTRACE_HOOK'
        RUBY_DTRACE_##name(arg, dtrace_file, dtrace_line); \
        ^
<scratch space>:120:1: note: expanded from here
RUBY_DTRACE_HASH_CREATE
^
In file included from vm.c:350:
./vm_method.c:98:2: warning: implicit declaration of function 'RUBY_DTRACE_METHOD_CACHE_CLEAR_ENABLED' is invalid in C99 [-Wimplicit-function-declaration]
        RUBY_DTRACE_HOOK(METHOD_CACHE_CLEAR, (global ? "global" : rb_class2name(klass)));
        ^
./internal.h:2588:18: note: expanded from macro 'RUBY_DTRACE_HOOK'
    if (UNLIKELY(RUBY_DTRACE_##name##_ENABLED())) { \
                 ^
<scratch space>:33:1: note: expanded from here
RUBY_DTRACE_METHOD_CACHE_CLEAR_ENABLED
^
In file included from vm.c:350:
./vm_method.c:98:2: warning: implicit declaration of function 'RUBY_DTRACE_METHOD_CACHE_CLEAR' is invalid in C99 [-Wimplicit-function-declaration]
./internal.h:2592:2: note: expanded from macro 'RUBY_DTRACE_HOOK'
        RUBY_DTRACE_##name(arg, dtrace_file, dtrace_line); \
        ^
<scratch space>:34:1: note: expanded from here
RUBY_DTRACE_METHOD_CACHE_CLEAR
^
In file included from vm.c:352:
./vm_eval.c:80:5: warning: implicit declaration of function 'RUBY_DTRACE_CMETHOD_ENTRY_ENABLED' is invalid in C99 [-Wimplicit-function-declaration]
    RUBY_DTRACE_CMETHOD_ENTRY_HOOK(ec, me->owner, me->def->original_id);
    ^
./probes_helper.h:37:5: note: expanded from macro 'RUBY_DTRACE_CMETHOD_ENTRY_HOOK'
    RUBY_DTRACE_METHOD_HOOK(CMETHOD_ENTRY, ec, klass, id)
    ^
./probes_helper.h:19:18: note: expanded from macro 'RUBY_DTRACE_METHOD_HOOK'
    if (UNLIKELY(RUBY_DTRACE_##name##_ENABLED())) { \
                 ^
<scratch space>:27:1: note: expanded from here
RUBY_DTRACE_CMETHOD_ENTRY_ENABLED
^
In file included from vm.c:352:
./vm_eval.c:80:5: warning: implicit declaration of function 'RUBY_DTRACE_CMETHOD_ENTRY' is invalid in C99 [-Wimplicit-function-declaration]
./probes_helper.h:37:5: note: expanded from macro 'RUBY_DTRACE_CMETHOD_ENTRY_HOOK'
    RUBY_DTRACE_METHOD_HOOK(CMETHOD_ENTRY, ec, klass, id)
    ^
./probes_helper.h:22:6: note: expanded from macro 'RUBY_DTRACE_METHOD_HOOK'
            RUBY_DTRACE_##name(args.classname, \
            ^
<scratch space>:28:1: note: expanded from here
RUBY_DTRACE_CMETHOD_ENTRY
^
In file included from vm.c:352:
./vm_eval.c:97:5: warning: implicit declaration of function 'RUBY_DTRACE_CMETHOD_RETURN_ENABLED' is invalid in C99 [-Wimplicit-function-declaration]
    RUBY_DTRACE_CMETHOD_RETURN_HOOK(ec, me->owner, me->def->original_id);
    ^
./probes_helper.h:40:5: note: expanded from macro 'RUBY_DTRACE_CMETHOD_RETURN_HOOK'
    RUBY_DTRACE_METHOD_HOOK(CMETHOD_RETURN, ec, klass, id)
    ^
./probes_helper.h:19:18: note: expanded from macro 'RUBY_DTRACE_METHOD_HOOK'
    if (UNLIKELY(RUBY_DTRACE_##name##_ENABLED())) { \
                 ^
<scratch space>:30:1: note: expanded from here
RUBY_DTRACE_CMETHOD_RETURN_ENABLED
^
In file included from vm.c:352:
./vm_eval.c:97:5: warning: implicit declaration of function 'RUBY_DTRACE_CMETHOD_RETURN' is invalid in C99 [-Wimplicit-function-declaration]
./probes_helper.h:40:5: note: expanded from macro 'RUBY_DTRACE_CMETHOD_RETURN_HOOK'
    RUBY_DTRACE_METHOD_HOOK(CMETHOD_RETURN, ec, klass, id)
    ^
./probes_helper.h:22:6: note: expanded from macro 'RUBY_DTRACE_METHOD_HOOK'
            RUBY_DTRACE_##name(args.classname, \
            ^
<scratch space>:31:1: note: expanded from here
RUBY_DTRACE_CMETHOD_RETURN
^
vm.c:597:5: warning: implicit declaration of function 'RUBY_DTRACE_CMETHOD_RETURN_ENABLED' is invalid in C99 [-Wimplicit-function-declaration]
    RUBY_DTRACE_CMETHOD_RETURN_HOOK(ec, me->owner, me->def->original_id);
    ^
./probes_helper.h:40:5: note: expanded from macro 'RUBY_DTRACE_CMETHOD_RETURN_HOOK'
    RUBY_DTRACE_METHOD_HOOK(CMETHOD_RETURN, ec, klass, id)
    ^
./probes_helper.h:19:18: note: expanded from macro 'RUBY_DTRACE_METHOD_HOOK'
    if (UNLIKELY(RUBY_DTRACE_##name##_ENABLED())) { \
                 ^
<scratch space>:74:1: note: expanded from here
RUBY_DTRACE_CMETHOD_RETURN_ENABLED
^
vm.c:597:5: warning: implicit declaration of function 'RUBY_DTRACE_CMETHOD_RETURN' is invalid in C99 [-Wimplicit-function-declaration]
./probes_helper.h:40:5: note: expanded from macro 'RUBY_DTRACE_CMETHOD_RETURN_HOOK'
    RUBY_DTRACE_METHOD_HOOK(CMETHOD_RETURN, ec, klass, id)
    ^
./probes_helper.h:22:6: note: expanded from macro 'RUBY_DTRACE_METHOD_HOOK'
            RUBY_DTRACE_##name(args.classname, \
            ^
<scratch space>:75:1: note: expanded from here
RUBY_DTRACE_CMETHOD_RETURN
^
vm.c:1065:5: warning: implicit declaration of function 'RUBY_DTRACE_METHOD_ENTRY_ENABLED' is invalid in C99 [-Wimplicit-function-declaration]
    RUBY_DTRACE_METHOD_ENTRY_HOOK(ec, me->owner, me->def->original_id);
    ^
./probes_helper.h:31:5: note: expanded from macro 'RUBY_DTRACE_METHOD_ENTRY_HOOK'
    RUBY_DTRACE_METHOD_HOOK(METHOD_ENTRY, ec, klass, id)
    ^
./probes_helper.h:19:18: note: expanded from macro 'RUBY_DTRACE_METHOD_HOOK'
    if (UNLIKELY(RUBY_DTRACE_##name##_ENABLED())) { \
                 ^
<scratch space>:167:1: note: expanded from here
RUBY_DTRACE_METHOD_ENTRY_ENABLED
^
vm.c:1065:5: warning: implicit declaration of function 'RUBY_DTRACE_METHOD_ENTRY' is invalid in C99 [-Wimplicit-function-declaration]
./probes_helper.h:31:5: note: expanded from macro 'RUBY_DTRACE_METHOD_ENTRY_HOOK'
    RUBY_DTRACE_METHOD_HOOK(METHOD_ENTRY, ec, klass, id)
    ^
./probes_helper.h:22:6: note: expanded from macro 'RUBY_DTRACE_METHOD_HOOK'
            RUBY_DTRACE_##name(args.classname, \
            ^
<scratch space>:168:1: note: expanded from here
RUBY_DTRACE_METHOD_ENTRY
^
vm.c:1082:5: warning: implicit declaration of function 'RUBY_DTRACE_METHOD_RETURN_ENABLED' is invalid in C99 [-Wimplicit-function-declaration]
    RUBY_DTRACE_METHOD_RETURN_HOOK(ec, me->owner, me->def->original_id);
    ^
./probes_helper.h:34:5: note: expanded from macro 'RUBY_DTRACE_METHOD_RETURN_HOOK'
    RUBY_DTRACE_METHOD_HOOK(METHOD_RETURN, ec, klass, id)
    ^
./probes_helper.h:19:18: note: expanded from macro 'RUBY_DTRACE_METHOD_HOOK'
    if (UNLIKELY(RUBY_DTRACE_##name##_ENABLED())) { \
                 ^
<scratch space>:170:1: note: expanded from here
RUBY_DTRACE_METHOD_RETURN_ENABLED
^
vm.c:1082:5: warning: implicit declaration of function 'RUBY_DTRACE_METHOD_RETURN' is invalid in C99 [-Wimplicit-function-declaration]
./probes_helper.h:34:5: note: expanded from macro 'RUBY_DTRACE_METHOD_RETURN_HOOK'
    RUBY_DTRACE_METHOD_HOOK(METHOD_RETURN, ec, klass, id)
    ^
./probes_helper.h:22:6: note: expanded from macro 'RUBY_DTRACE_METHOD_HOOK'
            RUBY_DTRACE_##name(args.classname, \
            ^
<scratch space>:171:1: note: expanded from here
RUBY_DTRACE_METHOD_RETURN
^
vm.c:1764:13: warning: implicit declaration of function 'RUBY_DTRACE_METHOD_RETURN_ENABLED' is invalid in C99 [-Wimplicit-function-declaration]
            RUBY_DTRACE_METHOD_RETURN_HOOK(ec, 0, 0);
            ^
./probes_helper.h:34:5: note: expanded from macro 'RUBY_DTRACE_METHOD_RETURN_HOOK'
    RUBY_DTRACE_METHOD_HOOK(METHOD_RETURN, ec, klass, id)
    ^
./probes_helper.h:19:18: note: expanded from macro 'RUBY_DTRACE_METHOD_HOOK'
    if (UNLIKELY(RUBY_DTRACE_##name##_ENABLED())) { \
                 ^
<scratch space>:60:1: note: expanded from here
RUBY_DTRACE_METHOD_RETURN_ENABLED
^
vm.c:1764:13: warning: implicit declaration of function 'RUBY_DTRACE_METHOD_RETURN' is invalid in C99 [-Wimplicit-function-declaration]
./probes_helper.h:34:5: note: expanded from macro 'RUBY_DTRACE_METHOD_RETURN_HOOK'
    RUBY_DTRACE_METHOD_HOOK(METHOD_RETURN, ec, klass, id)
    ^
./probes_helper.h:22:6: note: expanded from macro 'RUBY_DTRACE_METHOD_HOOK'
            RUBY_DTRACE_##name(args.classname, \
            ^
<scratch space>:61:1: note: expanded from here
RUBY_DTRACE_METHOD_RETURN
^
vm.c:1966:3: warning: implicit declaration of function 'RUBY_DTRACE_CMETHOD_RETURN_ENABLED' is invalid in C99 [-Wimplicit-function-declaration]
                RUBY_DTRACE_CMETHOD_RETURN_HOOK(ec,
                ^
./probes_helper.h:40:5: note: expanded from macro 'RUBY_DTRACE_CMETHOD_RETURN_HOOK'
    RUBY_DTRACE_METHOD_HOOK(CMETHOD_RETURN, ec, klass, id)
    ^
./probes_helper.h:19:18: note: expanded from macro 'RUBY_DTRACE_METHOD_HOOK'
    if (UNLIKELY(RUBY_DTRACE_##name##_ENABLED())) { \
                 ^
<scratch space>:63:1: note: expanded from here
RUBY_DTRACE_CMETHOD_RETURN_ENABLED
^
vm.c:1966:3: warning: implicit declaration of function 'RUBY_DTRACE_CMETHOD_RETURN' is invalid in C99 [-Wimplicit-function-declaration]
./probes_helper.h:40:5: note: expanded from macro 'RUBY_DTRACE_CMETHOD_RETURN_HOOK'
    RUBY_DTRACE_METHOD_HOOK(CMETHOD_RETURN, ec, klass, id)
    ^
./probes_helper.h:22:6: note: expanded from macro 'RUBY_DTRACE_METHOD_HOOK'
            RUBY_DTRACE_##name(args.classname, \
            ^
<scratch space>:64:1: note: expanded from here
RUBY_DTRACE_CMETHOD_RETURN
^
gcc -g -O2 -fdebug-prefix-map=/<<PKGBUILDDIR>>=. -fstack-protector-strong -Wformat -Werror=format-security -fPIC  -D_FORTIFY_SOURCE=2 -fstack-protector-strong -fno-strict-overflow -fvisibility=hidden -DRUBY_EXPORT -DCANONICALIZATION_FOR_MATHN -I. -I.ext/include/x86_64-linux-gnu -I./include -I. -I./enc/unicode/12.1.0 -Wdate-time -D_FORTIFY_SOURCE=2    -o vm_dump.o -c vm_dump.c
gcc -g -O2 -fdebug-prefix-map=/<<PKGBUILDDIR>>=. -fstack-protector-strong -Wformat -Werror=format-security -fPIC  -D_FORTIFY_SOURCE=2 -fstack-protector-strong -fno-strict-overflow -fvisibility=hidden -DRUBY_EXPORT -DCANONICALIZATION_FOR_MATHN -I. -I.ext/include/x86_64-linux-gnu -I./include -I. -I./enc/unicode/12.1.0 -Wdate-time -D_FORTIFY_SOURCE=2    -o vm_trace.o -c vm_trace.c
/bin/mkdir -p coroutine/amd64
rm -f probes.o
dtrace  -G -C -I. -I.ext/include/x86_64-linux-gnu -I./include -I. -I./enc/unicode/12.1.0 -s ./probes.d -o probes.o 
/bin/mkdir -p enc/trans .ext/.timestamp
gcc -g -O2 -fdebug-prefix-map=/<<PKGBUILDDIR>>=. -fstack-protector-strong -Wformat -Werror=format-security -fPIC  -D_FORTIFY_SOURCE=2 -fstack-protector-strong -fno-strict-overflow -fvisibility=hidden -DRUBY_EXPORT -DCANONICALIZATION_FOR_MATHN -I. -I.ext/include/x86_64-linux-gnu -I./include -I. -I./enc/unicode/12.1.0 -Wdate-time -D_FORTIFY_SOURCE=2    -o setproctitle.o -c ./missing/setproctitle.c
# 1 "./probes.d"
# 1 "<built-in>" 1
# 1 "<built-in>" 3
# 341 "<built-in>" 3
# 1 "<command line>" 1
# 1 "<built-in>" 2
# 1 "./probes.d" 2

# 1 "./vm_opts.h" 1
# 3 "./probes.d" 2

provider ruby {
# 15 "./probes.d"
  probe method__entry(const char *classname, const char *methodname, const char *filename, int lineno);






  probe method__return(const char *classname, const char *methodname, const char *filename, int lineno);







  probe cmethod__entry(const char *classname, const char *methodname, const char *filename, int lineno);






  probe cmethod__return(const char *classname, const char *methodname, const char *filename, int lineno);
# 49 "./probes.d"
  probe require__entry(const char *rquiredfile, const char *filename, int lineno);
# 58 "./probes.d"
  probe require__return(const char *requiredfile, const char *filename, int lineno);
# 72 "./probes.d"
  probe find__require__entry(const char *requiredfile, const char *filename, int lineno);
# 81 "./probes.d"
  probe find__require__return(const char *requiredfile, const char *filename, int lineno);







  probe load__entry(const char *loadedfile, const char *filename, int lineno);







  probe load__return(const char *loadedfile, const char *filename, int lineno);
# 108 "./probes.d"
  probe raise(const char *classname, const char *filename, int lineno);
# 119 "./probes.d"
  probe object__create(const char *classname, const char *filename, int lineno);
# 130 "./probes.d"
  probe array__create(long length, const char *filename, int lineno);
# 141 "./probes.d"
  probe hash__create(long length, const char *filename, int lineno);
# 152 "./probes.d"
  probe string__create(long length, const char *filename, int lineno);
# 163 "./probes.d"
  probe symbol__create(const char *str, const char *filename, int lineno);
# 173 "./probes.d"
  probe parse__begin(const char *sourcefile, int lineno);
# 183 "./probes.d"
  probe parse__end(const char *sourcefile, int lineno);
# 195 "./probes.d"
  probe gc__mark__begin();






  probe gc__mark__end();






  probe gc__sweep__begin();






  probe gc__sweep__end();
# 227 "./probes.d"
  probe method__cache__clear(const char *class, const char *filename, int lineno);
};

#pragma D attributes Stable/Evolving/Common provider ruby provider
#pragma D attributes Stable/Evolving/Common provider ruby module
#pragma D attributes Stable/Evolving/Common provider ruby function
#pragma D attributes Evolving/Evolving/Common provider ruby name
#pragma D attributes Evolving/Evolving/Common provider ruby args
# 234 "./probes.d"

# 1 "/tmp/tmp9n5v6ji7.d"
# 1 "<built-in>" 1
# 1 "<built-in>" 3
# 341 "<built-in>" 3
# 1 "<command line>" 1
# 1 "<built-in>" 2
# 1 "/tmp/tmp9n5v6ji7.d" 2

gcc -g -O2 -fdebug-prefix-map=/<<PKGBUILDDIR>>=. -fstack-protector-strong -Wformat -Werror=format-security -fPIC  -D_FORTIFY_SOURCE=2 -fstack-protector-strong -fno-strict-overflow -fvisibility=hidden -DRUBY_EXPORT -DCANONICALIZATION_FOR_MATHN -I. -I.ext/include/x86_64-linux-gnu -I./include -I. -I./enc/unicode/12.1.0 -Wdate-time -D_FORTIFY_SOURCE=2    -o strlcat.o -c ./missing/strlcat.c
gcc -g -O2 -fdebug-prefix-map=/<<PKGBUILDDIR>>=. -fstack-protector-strong -Wformat -Werror=format-security -fPIC  -D_FORTIFY_SOURCE=2 -fstack-protector-strong -fno-strict-overflow -fvisibility=hidden -DRUBY_EXPORT -DCANONICALIZATION_FOR_MATHN -I. -I.ext/include/x86_64-linux-gnu -I./include -I. -I./enc/unicode/12.1.0 -Wdate-time -D_FORTIFY_SOURCE=2    -o strlcpy.o -c ./missing/strlcpy.c
gcc -g -O2 -fdebug-prefix-map=/<<PKGBUILDDIR>>=. -fstack-protector-strong -Wformat -Werror=format-security -fPIC  -D_FORTIFY_SOURCE=2 -fstack-protector-strong -fno-strict-overflow -fvisibility=hidden -DRUBY_EXPORT -DCANONICALIZATION_FOR_MATHN -I. -I.ext/include/x86_64-linux-gnu -I./include -I. -I./enc/unicode/12.1.0 -Wdate-time -D_FORTIFY_SOURCE=2    -o addr2line.o -c addr2line.c
gcc -g -O2 -fdebug-prefix-map=/<<PKGBUILDDIR>>=. -fstack-protector-strong -Wformat -Werror=format-security -fPIC  -D_FORTIFY_SOURCE=2 -fstack-protector-strong -fno-strict-overflow -fvisibility=hidden -DRUBY_EXPORT -DCANONICALIZATION_FOR_MATHN -I. -I.ext/include/x86_64-linux-gnu -I./include -I. -I./enc/unicode/12.1.0 -Wdate-time -D_FORTIFY_SOURCE=2    -o dmyenc.o -c dmyenc.c
gcc -g -O2 -fdebug-prefix-map=/<<PKGBUILDDIR>>=. -fstack-protector-strong -Wformat -Werror=format-security -fPIC  -D_FORTIFY_SOURCE=2 -fstack-protector-strong -fno-strict-overflow -fvisibility=hidden -DRUBY_EXPORT -DCANONICALIZATION_FOR_MATHN -I. -I.ext/include/x86_64-linux-gnu -I./include -I. -I./enc/unicode/12.1.0 -Wdate-time -D_FORTIFY_SOURCE=2    -o dln.o -c dln.c
gcc -g -O2 -fdebug-prefix-map=/<<PKGBUILDDIR>>=. -fstack-protector-strong -Wformat -Werror=format-security -fPIC  -D_FORTIFY_SOURCE=2 -fstack-protector-strong -fno-strict-overflow -fvisibility=hidden -DRUBY_EXPORT -DCANONICALIZATION_FOR_MATHN -I. -I.ext/include/x86_64-linux-gnu -I./include -I. -I./enc/unicode/12.1.0 -Wdate-time -D_FORTIFY_SOURCE=2    -o localeinit.o -c localeinit.c
/bin/mkdir -p .ext/.timestamp/x86_64-linux-gnu .ext/x86_64-linux-gnu
/bin/mkdir -p .ext/.timestamp .ext/common
gcc -g -O2 -fdebug-prefix-map=/<<PKGBUILDDIR>>=. -fstack-protector-strong -Wformat -Werror=format-security -fPIC  -D_FORTIFY_SOURCE=2 -fstack-protector-strong -fno-strict-overflow -fvisibility=hidden -DRUBY_EXPORT -DCANONICALIZATION_FOR_MATHN -I. -I.ext/include/x86_64-linux-gnu -I./include -I. -I./enc/unicode/12.1.0 -Wdate-time -D_FORTIFY_SOURCE=2    -o array.o -c array.c
gcc -g -O2 -fdebug-prefix-map=/<<PKGBUILDDIR>>=. -fstack-protector-strong -Wformat -Werror=format-security -fPIC  -D_FORTIFY_SOURCE=2 -fstack-protector-strong -fno-strict-overflow -fvisibility=hidden -DRUBY_EXPORT -DCANONICALIZATION_FOR_MATHN -I. -I.ext/include/x86_64-linux-gnu -I./include -I. -I./enc/unicode/12.1.0 -Wdate-time -D_FORTIFY_SOURCE=2    -o mjit.o -c mjit.c
array.c:290:17: warning: expression result unused [-Wunused-value]
                RB_OBJ_WRITE(buff_owner_ary, &ptr[i+beg], argv[i]);
                ^~~~~~~~~~~~~~~~~~~~~~~~~~~~~~~~~~~~~~~~~~~~~~~~~~
./internal.h:2688:34: note: expanded from macro 'RB_OBJ_WRITE'
#define RB_OBJ_WRITE(a, slot, b) UNALIGNED_MEMBER_ACCESS(rb_obj_write((VALUE)(a), (VALUE *)(slot), (VALUE)(b), __FILE__, __LINE__))
                                 ^~~~~~~~~~~~~~~~~~~~~~~~~~~~~~~~~~~~~~~~~~~~~~~~~~~~~~~~~~~~~~~~~~~~~~~~~~~~~~~~~~~~~~~~~~~~~~~~~~
./internal.h:2680:5: note: expanded from macro 'UNALIGNED_MEMBER_ACCESS'
    unaligned_member_access_result; \
    ^~~~~~~~~~~~~~~~~~~~~~~~~~~~~~
./include/ruby/ruby.h:1087:5: note: expanded from macro 'RARRAY_PTR_USE_TRANSIENT'
    expr; \
    ^~~~
array.c:686:5: warning: implicit declaration of function 'RUBY_DTRACE_ARRAY_CREATE_ENABLED' is invalid in C99 [-Wimplicit-function-declaration]
    RUBY_DTRACE_CREATE_HOOK(ARRAY, 0);
    ^
./internal.h:2585:5: note: expanded from macro 'RUBY_DTRACE_CREATE_HOOK'
    RUBY_DTRACE_HOOK(name##_CREATE, arg)
    ^
./internal.h:2588:18: note: expanded from macro 'RUBY_DTRACE_HOOK'
    if (UNLIKELY(RUBY_DTRACE_##name##_ENABLED())) { \
                 ^
<scratch space>:102:1: note: expanded from here
RUBY_DTRACE_ARRAY_CREATE_ENABLED
^
array.c:686:5: warning: implicit declaration of function 'RUBY_DTRACE_ARRAY_CREATE' is invalid in C99 [-Wimplicit-function-declaration]
./internal.h:2585:5: note: expanded from macro 'RUBY_DTRACE_CREATE_HOOK'
    RUBY_DTRACE_HOOK(name##_CREATE, arg)
    ^
./internal.h:2592:2: note: expanded from macro 'RUBY_DTRACE_HOOK'
        RUBY_DTRACE_##name(arg, dtrace_file, dtrace_line); \
        ^
<scratch space>:103:1: note: expanded from here
RUBY_DTRACE_ARRAY_CREATE
^
array.c:702:5: warning: implicit declaration of function 'RUBY_DTRACE_ARRAY_CREATE_ENABLED' is invalid in C99 [-Wimplicit-function-declaration]
    RUBY_DTRACE_CREATE_HOOK(ARRAY, capa);
    ^
./internal.h:2585:5: note: expanded from macro 'RUBY_DTRACE_CREATE_HOOK'
    RUBY_DTRACE_HOOK(name##_CREATE, arg)
    ^
./internal.h:2588:18: note: expanded from macro 'RUBY_DTRACE_HOOK'
    if (UNLIKELY(RUBY_DTRACE_##name##_ENABLED())) { \
                 ^
<scratch space>:106:1: note: expanded from here
RUBY_DTRACE_ARRAY_CREATE_ENABLED
^
array.c:702:5: warning: implicit declaration of function 'RUBY_DTRACE_ARRAY_CREATE' is invalid in C99 [-Wimplicit-function-declaration]
./internal.h:2585:5: note: expanded from macro 'RUBY_DTRACE_CREATE_HOOK'
    RUBY_DTRACE_HOOK(name##_CREATE, arg)
    ^
./internal.h:2592:2: note: expanded from macro 'RUBY_DTRACE_HOOK'
        RUBY_DTRACE_##name(arg, dtrace_file, dtrace_line); \
        ^
<scratch space>:107:1: note: expanded from here
RUBY_DTRACE_ARRAY_CREATE
^
array.c:1200:2: warning: expression result unused [-Wunused-value]
        RB_OBJ_WRITE(target_ary, &ptr[idx], item);
        ^~~~~~~~~~~~~~~~~~~~~~~~~~~~~~~~~~~~~~~~~
./internal.h:2688:34: note: expanded from macro 'RB_OBJ_WRITE'
#define RB_OBJ_WRITE(a, slot, b) UNALIGNED_MEMBER_ACCESS(rb_obj_write((VALUE)(a), (VALUE *)(slot), (VALUE)(b), __FILE__, __LINE__))
                                 ^~~~~~~~~~~~~~~~~~~~~~~~~~~~~~~~~~~~~~~~~~~~~~~~~~~~~~~~~~~~~~~~~~~~~~~~~~~~~~~~~~~~~~~~~~~~~~~~~~
./internal.h:2680:5: note: expanded from macro 'UNALIGNED_MEMBER_ACCESS'
    unaligned_member_access_result; \
    ^~~~~~~~~~~~~~~~~~~~~~~~~~~~~~
./include/ruby/ruby.h:1087:5: note: expanded from macro 'RARRAY_PTR_USE_TRANSIENT'
    expr; \
    ^~~~
./tool/ifchange "--timestamp=.revision.time" "./revision.h" revision.tmp
./revision.h unchanged
gcc -I. -I.ext/include/x86_64-linux-gnu -I./include -I. -I./enc/unicode/12.1.0 -DSYMBOL_PREFIX= -o coroutine/amd64/Context.o -c coroutine/amd64/Context.S
gcc -g -O2 -fdebug-prefix-map=/<<PKGBUILDDIR>>=. -fstack-protector-strong -Wformat -Werror=format-security -fPIC  -D_FORTIFY_SOURCE=2 -fstack-protector-strong -fno-strict-overflow -fvisibility=hidden -DRUBY_EXPORT -DCANONICALIZATION_FOR_MATHN -I. -I.ext/include/x86_64-linux-gnu -I./include -I. -I./enc/unicode/12.1.0 -Wdate-time -D_FORTIFY_SOURCE=2    -o enc/ascii.o -c enc/ascii.c
gcc -g -O2 -fdebug-prefix-map=/<<PKGBUILDDIR>>=. -fstack-protector-strong -Wformat -Werror=format-security -fPIC  -D_FORTIFY_SOURCE=2 -fstack-protector-strong -fno-strict-overflow -fvisibility=hidden -DRUBY_EXPORT -DCANONICALIZATION_FOR_MATHN -I. -I.ext/include/x86_64-linux-gnu -I./include -I. -I./enc/unicode/12.1.0 -Wdate-time -D_FORTIFY_SOURCE=2    -o enc/us_ascii.o -c enc/us_ascii.c
gcc -g -O2 -fdebug-prefix-map=/<<PKGBUILDDIR>>=. -fstack-protector-strong -Wformat -Werror=format-security -fPIC  -D_FORTIFY_SOURCE=2 -fstack-protector-strong -fno-strict-overflow -fvisibility=hidden -DRUBY_EXPORT -DCANONICALIZATION_FOR_MATHN -I. -I.ext/include/x86_64-linux-gnu -I./include -I. -I./enc/unicode/12.1.0 -Wdate-time -D_FORTIFY_SOURCE=2    -o enc/unicode.o -c enc/unicode.c
gcc -g -O2 -fdebug-prefix-map=/<<PKGBUILDDIR>>=. -fstack-protector-strong -Wformat -Werror=format-security -fPIC  -D_FORTIFY_SOURCE=2 -fstack-protector-strong -fno-strict-overflow -fvisibility=hidden -DRUBY_EXPORT -DCANONICALIZATION_FOR_MATHN -I. -I.ext/include/x86_64-linux-gnu -I./include -I. -I./enc/unicode/12.1.0 -Wdate-time -D_FORTIFY_SOURCE=2    -o enc/utf_8.o -c enc/utf_8.c
gcc -g -O2 -fdebug-prefix-map=/<<PKGBUILDDIR>>=. -fstack-protector-strong -Wformat -Werror=format-security -fPIC  -D_FORTIFY_SOURCE=2 -fstack-protector-strong -fno-strict-overflow -fvisibility=hidden -DRUBY_EXPORT -DCANONICALIZATION_FOR_MATHN -I. -I.ext/include/x86_64-linux-gnu -I./include -I. -I./enc/unicode/12.1.0 -Wdate-time -D_FORTIFY_SOURCE=2    -o enc/trans/newline.o -c enc/trans/newline.c
# rm -f revision.h
# : > revision.h || : > revision.h
gcc -g -O2 -fdebug-prefix-map=/<<PKGBUILDDIR>>=. -fstack-protector-strong -Wformat -Werror=format-security -fPIC  -D_FORTIFY_SOURCE=2 -fstack-protector-strong -fno-strict-overflow -fvisibility=hidden -DRUBY_EXPORT -DCANONICALIZATION_FOR_MATHN -I. -I.ext/include/x86_64-linux-gnu -I./include -I. -I./enc/unicode/12.1.0 -Wdate-time -D_FORTIFY_SOURCE=2    -o version.o -c version.c
6 warnings generated.
34 warnings generated.
gcc -E -DMJIT_HEADER -P -dD -g -O2 -fdebug-prefix-map=/<<PKGBUILDDIR>>=. -fstack-protector-strong -Wformat -Werror=format-security -fPIC  -D_FORTIFY_SOURCE=2 -fstack-protector-strong -fno-strict-overflow -fvisibility=hidden -DRUBY_EXPORT -DCANONICALIZATION_FOR_MATHN -I. -I.ext/include/x86_64-linux-gnu -I./include -I. -I./enc/unicode/12.1.0 -Wdate-time -D_FORTIFY_SOURCE=2    ./vm.c -o rb_mjit_header.h.new
gcc -g -O2 -fdebug-prefix-map=/<<PKGBUILDDIR>>=. -fstack-protector-strong -Wformat -Werror=format-security -fPIC  -L. -Wl,-z,relro -Wl,-z,now -fstack-protector-strong -rdynamic -Wl,-export-dynamic -fstack-protector-strong  main.o dmydln.o miniinit.o dmyext.o array.o ast.o bignum.o class.o compar.o compile.o complex.o cont.o debug.o debug_counter.o dir.o dln_find.o encoding.o enum.o enumerator.o error.o eval.o file.o gc.o hash.o inits.o io.o iseq.o load.o marshal.o math.o mjit.o mjit_compile.o node.o numeric.o object.o pack.o parse.o proc.o process.o random.o range.o rational.o re.o regcomp.o regenc.o regerror.o regexec.o regparse.o regsyntax.o ruby.o safe.o signal.o sprintf.o st.o strftime.o string.o struct.o symbol.o thread.o time.o transcode.o transient_heap.o util.o variable.o version.o vm.o vm_backtrace.o vm_dump.o vm_trace.o coroutine/amd64/Context.o probes.o enc/ascii.o enc/us_ascii.o enc/unicode.o enc/utf_8.o enc/trans/newline.o setproctitle.o strlcat.o strlcpy.o addr2line.o  -lpthread -lrt -lrt -lgmp -ldl -lcrypt -lm  -lm   -o miniruby
/usr/bin/ld: ./tool/ifchange "--timestamp=.ext/.timestamp/rb_mjit_header.time" rb_mjit_header.h rb_mjit_header.h.new
array.o: in function `ary_new':
./array.c:702: undefined reference to `RUBY_DTRACE_ARRAY_CREATE_ENABLED'
/usr/bin/ld: ./array.c:702: undefined reference to `RUBY_DTRACE_ARRAY_CREATE'
/usr/bin/ld: ./array.c:702: undefined reference to `RUBY_DTRACE_ARRAY_CREATE_ENABLED'
/usr/bin/ld: ./array.c:702: undefined reference to `RUBY_DTRACE_ARRAY_CREATE'
/usr/bin/ld: ./array.c:702: undefined reference to `RUBY_DTRACE_ARRAY_CREATE_ENABLED'
/usr/bin/ld: ./array.c:702: undefined reference to `RUBY_DTRACE_ARRAY_CREATE'
/usr/bin/ld: ./array.c:702: undefined reference to `RUBY_DTRACE_ARRAY_CREATE_ENABLED'
/usr/bin/ld: ./array.c:702: undefined reference to `RUBY_DTRACE_ARRAY_CREATE'
/usr/bin/ld: ./array.c:702: undefined reference to `RUBY_DTRACE_ARRAY_CREATE_ENABLED'
/usr/bin/ld: ./array.c:702: undefined reference to `RUBY_DTRACE_ARRAY_CREATE'
/usr/bin/ld: array.o: in function `empty_ary_alloc':
./array.c:686: undefined reference to `RUBY_DTRACE_ARRAY_CREATE_ENABLED'
/usr/bin/ld: ./array.c:686: undefined reference to `RUBY_DTRACE_ARRAY_CREATE'
/usr/bin/ld: array.o: in function `ary_new':
./array.c:702: undefined reference to `RUBY_DTRACE_ARRAY_CREATE_ENABLED'
/usr/bin/ld: ./array.c:702: undefined reference to `RUBY_DTRACE_ARRAY_CREATE'
/usr/bin/ld: ./array.c:702: undefined reference to `RUBY_DTRACE_ARRAY_CREATE_ENABLED'
/usr/bin/ld: ./array.c:702: undefined reference to `RUBY_DTRACE_ARRAY_CREATE'
/usr/bin/ld: ./array.c:702: undefined reference to `RUBY_DTRACE_ARRAY_CREATE_ENABLED'
/usr/bin/ld: ./array.c:702: undefined reference to `RUBY_DTRACE_ARRAY_CREATE'
/usr/bin/ld: ./array.c:702: undefined reference to `RUBY_DTRACE_ARRAY_CREATE_ENABLED'
/usr/bin/ld: ./array.c:702: undefined reference to `RUBY_DTRACE_ARRAY_CREATE'
/usr/bin/ld: ./array.c:702: undefined reference to `RUBY_DTRACE_ARRAY_CREATE_ENABLED'
/usr/bin/ld: ./array.c:702: undefined reference to `RUBY_DTRACE_ARRAY_CREATE'
/usr/bin/ld: ./array.c:702: undefined reference to `RUBY_DTRACE_ARRAY_CREATE_ENABLED'
/usr/bin/ld: ./array.c:702: undefined reference to `RUBY_DTRACE_ARRAY_CREATE'
/usr/bin/ld: ./array.c:702: undefined reference to `RUBY_DTRACE_ARRAY_CREATE_ENABLED'
/usr/bin/ld: ./array.c:702: undefined reference to `RUBY_DTRACE_ARRAY_CREATE'
/usr/bin/ld: ./array.c:702: undefined reference to `RUBY_DTRACE_ARRAY_CREATE_ENABLED'
/usr/bin/ld: ./array.c:702: undefined reference to `RUBY_DTRACE_ARRAY_CREATE'
/usr/bin/ld: array.o: in function `rb_ary_sample':
./array.c:(.text+0xcf41): undefined reference to `RUBY_DTRACE_ARRAY_CREATE_ENABLED'
/usr/bin/ld: array.o: in function `ary_new':
./array.c:702: undefined reference to `RUBY_DTRACE_ARRAY_CREATE_ENABLED'
/usr/bin/ld: ./array.c:702: undefined reference to `RUBY_DTRACE_ARRAY_CREATE_ENABLED'
/usr/bin/ld: ./array.c:702: undefined reference to `RUBY_DTRACE_ARRAY_CREATE_ENABLED'
/usr/bin/ld: array.o: in function `rb_ary_sample':
./array.c:(.text+0xd821): undefined reference to `RUBY_DTRACE_ARRAY_CREATE'
/usr/bin/ld: array.o: in function `ary_new':
./array.c:702: undefined reference to `RUBY_DTRACE_ARRAY_CREATE'
/usr/bin/ld: ./array.c:702: undefined reference to `RUBY_DTRACE_ARRAY_CREATE'
/usr/bin/ld: ./array.c:702: undefined reference to `RUBY_DTRACE_ARRAY_CREATE'
/usr/bin/ld: ./array.c:702: undefined reference to `RUBY_DTRACE_ARRAY_CREATE_ENABLED'
/usr/bin/ld: ./array.c:702: undefined reference to `RUBY_DTRACE_ARRAY_CREATE'
/usr/bin/ld: ./array.c:702: undefined reference to `RUBY_DTRACE_ARRAY_CREATE_ENABLED'
/usr/bin/ld: ./array.c:702: undefined reference to `RUBY_DTRACE_ARRAY_CREATE'
/usr/bin/ld: ./array.c:702: undefined reference to `RUBY_DTRACE_ARRAY_CREATE_ENABLED'
/usr/bin/ld: ./array.c:702: undefined reference to `RUBY_DTRACE_ARRAY_CREATE'
/usr/bin/ld: ./array.c:702: undefined reference to `RUBY_DTRACE_ARRAY_CREATE_ENABLED'
/usr/bin/ld: ./array.c:702: undefined reference to `RUBY_DTRACE_ARRAY_CREATE'
/usr/bin/ld: ./array.c:702: undefined reference to `RUBY_DTRACE_ARRAY_CREATE_ENABLED'
/usr/bin/ld: ./array.c:702: undefined reference to `RUBY_DTRACE_ARRAY_CREATE'
/usr/bin/ld: ./array.c:702: undefined reference to `RUBY_DTRACE_ARRAY_CREATE_ENABLED'
/usr/bin/ld: ./array.c:702: undefined reference to `RUBY_DTRACE_ARRAY_CREATE'
/usr/bin/ld: ./array.c:702: undefined reference to `RUBY_DTRACE_ARRAY_CREATE_ENABLED'
/usr/bin/ld: ./array.c:702: undefined reference to `RUBY_DTRACE_ARRAY_CREATE'
/usr/bin/ld: ./array.c:702: undefined reference to `RUBY_DTRACE_ARRAY_CREATE_ENABLED'
/usr/bin/ld: ./array.c:702: undefined reference to `RUBY_DTRACE_ARRAY_CREATE'
/usr/bin/ld: ./array.c:702: undefined reference to `RUBY_DTRACE_ARRAY_CREATE_ENABLED'
/usr/bin/ld: ./array.c:702: undefined reference to `RUBY_DTRACE_ARRAY_CREATE'
/usr/bin/ld: ./array.c:702: undefined reference to `RUBY_DTRACE_ARRAY_CREATE_ENABLED'
/usr/bin/ld: ./array.c:702: undefined reference to `RUBY_DTRACE_ARRAY_CREATE'
rb_mjit_header.h updated
/usr/bin/ld: eval.o: in function `setup_exception':
./eval.c:631: undefined reference to `RUBY_DTRACE_RAISE_ENABLED'
/usr/bin/ld: ./eval.c:631: undefined reference to `RUBY_DTRACE_RAISE'
/usr/bin/ld: gc.o: in function `gc_prof_mark_timer_start':
./gc.c:10875: undefined reference to `RUBY_DTRACE_GC_MARK_BEGIN_ENABLED'
/usr/bin/ld: ./gc.c:10875: undefined reference to `RUBY_DTRACE_GC_MARK_BEGIN'
/usr/bin/ld: gc.o: in function `gc_prof_mark_timer_stop':
./gc.c:10886: undefined reference to `RUBY_DTRACE_GC_MARK_END_ENABLED'
/usr/bin/ld: ./gc.c:10886: undefined reference to `RUBY_DTRACE_GC_MARK_END'
/usr/bin/ld: gc.o: in function `gc_prof_sweep_timer_start':
./gc.c:10898: undefined reference to `RUBY_DTRACE_GC_SWEEP_BEGIN_ENABLED'
/usr/bin/ld: ./gc.c:10898: undefined reference to `RUBY_DTRACE_GC_SWEEP_BEGIN'
/usr/bin/ld: gc.o: in function `gc_prof_sweep_timer_stop':
./gc.c:10911: undefined reference to `RUBY_DTRACE_GC_SWEEP_END_ENABLED'
/usr/bin/ld: ./gc.c:10911: undefined reference to `RUBY_DTRACE_GC_SWEEP_END'
/usr/bin/ld: hash.o: in function `empty_hash_alloc':
./hash.c:1511: undefined reference to `RUBY_DTRACE_HASH_CREATE_ENABLED'
/usr/bin/ld: ./hash.c:1511: undefined reference to `RUBY_DTRACE_HASH_CREATE'
/usr/bin/ld: load.o: in function `require_internal':
./load.c:992: undefined reference to `RUBY_DTRACE_REQUIRE_ENTRY_ENABLED'
/usr/bin/ld: ./load.c:1001: undefined reference to `RUBY_DTRACE_FIND_REQUIRE_ENTRY_ENABLED'
/usr/bin/ld: ./load.c:1003: undefined reference to `RUBY_DTRACE_FIND_REQUIRE_RETURN_ENABLED'
/usr/bin/ld: ./load.c:1061: undefined reference to `RUBY_DTRACE_REQUIRE_RETURN_ENABLED'
/usr/bin/ld: ./load.c:992: undefined reference to `RUBY_DTRACE_REQUIRE_ENTRY'
/usr/bin/ld: ./load.c:1001: undefined reference to `RUBY_DTRACE_FIND_REQUIRE_ENTRY'
/usr/bin/ld: ./load.c:1003: undefined reference to `RUBY_DTRACE_FIND_REQUIRE_RETURN'
/usr/bin/ld: ./load.c:1061: undefined reference to `RUBY_DTRACE_REQUIRE_RETURN'
/usr/bin/ld: load.o: in function `rb_f_load':
./load.c:693: undefined reference to `RUBY_DTRACE_LOAD_ENTRY_ENABLED'
/usr/bin/ld: ./load.c:703: undefined reference to `RUBY_DTRACE_LOAD_RETURN_ENABLED'
/usr/bin/ld: ./load.c:693: undefined reference to `RUBY_DTRACE_LOAD_ENTRY'
/usr/bin/ld: ./load.c:703: undefined reference to `RUBY_DTRACE_LOAD_RETURN'
/usr/bin/ld: object.o: in function `class_call_alloc_func':
./object.c:2097: undefined reference to `RUBY_DTRACE_OBJECT_CREATE_ENABLED'
/usr/bin/ld: ./object.c:2097: undefined reference to `RUBY_DTRACE_OBJECT_CREATE'
/usr/bin/ld: parse.o: in function `yycompile0':
./parse.y:5957: undefined reference to `RUBY_DTRACE_PARSE_BEGIN_ENABLED'
/usr/bin/ld: ./parse.y:5957: undefined reference to `RUBY_DTRACE_PARSE_BEGIN'
/usr/bin/ld: ./parse.y:5959: undefined reference to `RUBY_DTRACE_PARSE_END_ENABLED'
/usr/bin/ld: ./parse.y:5959: undefined reference to `RUBY_DTRACE_PARSE_END'
/usr/bin/ld: string.o: in function `str_new0':
./string.c:748: undefined reference to `RUBY_DTRACE_STRING_CREATE_ENABLED'
/usr/bin/ld: ./string.c:748: undefined reference to `RUBY_DTRACE_STRING_CREATE'
/usr/bin/ld: string.o: in function `str_new_static':
./string.c:859: undefined reference to `RUBY_DTRACE_STRING_CREATE_ENABLED'
/usr/bin/ld: ./string.c:859: undefined reference to `RUBY_DTRACE_STRING_CREATE'
/usr/bin/ld: string.o: in function `rb_str_resurrect':
./string.c:1524: undefined reference to `RUBY_DTRACE_STRING_CREATE_ENABLED'
/usr/bin/ld: ./string.c:1524: undefined reference to `RUBY_DTRACE_STRING_CREATE'
/usr/bin/ld: ./string.c:1524: undefined reference to `RUBY_DTRACE_STRING_CREATE_ENABLED'
/usr/bin/ld: string.o: in function `str_new0':
./string.c:748: undefined reference to `RUBY_DTRACE_STRING_CREATE_ENABLED'
/usr/bin/ld: string.o: in function `rb_str_resurrect':
./string.c:1524: undefined reference to `RUBY_DTRACE_STRING_CREATE_ENABLED'
/usr/bin/ld: ./string.c:1524: undefined reference to `RUBY_DTRACE_STRING_CREATE'
/usr/bin/ld: string.o: in function `str_new0':
./string.c:748: undefined reference to `RUBY_DTRACE_STRING_CREATE'
/usr/bin/ld: string.o: in function `rb_str_resurrect':
./string.c:1524: undefined reference to `RUBY_DTRACE_STRING_CREATE'
/usr/bin/ld: string.o: in function `empty_str_alloc':
./string.c:735: undefined reference to `RUBY_DTRACE_STRING_CREATE_ENABLED'
/usr/bin/ld: ./string.c:735: undefined reference to `RUBY_DTRACE_STRING_CREATE'
/usr/bin/ld: string.o: in function `str_new0':
./string.c:748: undefined reference to `RUBY_DTRACE_STRING_CREATE_ENABLED'
/usr/bin/ld: ./string.c:748: undefined reference to `RUBY_DTRACE_STRING_CREATE'
/usr/bin/ld: ./string.c:748: undefined reference to `RUBY_DTRACE_STRING_CREATE_ENABLED'
/usr/bin/ld: ./string.c:748: undefined reference to `RUBY_DTRACE_STRING_CREATE'
/usr/bin/ld: ./string.c:748: undefined reference to `RUBY_DTRACE_STRING_CREATE_ENABLED'
/usr/bin/ld: ./string.c:748: undefined reference to `RUBY_DTRACE_STRING_CREATE'
/usr/bin/ld: symbol.o: in function `dsymbol_alloc':
./symbol.c:536: undefined reference to `RUBY_DTRACE_SYMBOL_CREATE_ENABLED'
/usr/bin/ld: ./symbol.c:536: undefined reference to `RUBY_DTRACE_SYMBOL_CREATE'
/usr/bin/ld: symbol.o: in function `register_static_symid_str':
./symbol.c:468: undefined reference to `RUBY_DTRACE_SYMBOL_CREATE_ENABLED'
/usr/bin/ld: ./symbol.c:468: undefined reference to `RUBY_DTRACE_SYMBOL_CREATE'
/usr/bin/ld: vm.o: in function `vm_exec_core':
./insns.def:471: undefined reference to `RUBY_DTRACE_ARRAY_CREATE_ENABLED'
/usr/bin/ld: ./insns.def:471: undefined reference to `RUBY_DTRACE_ARRAY_CREATE'
/usr/bin/ld: ./insns.def:482: undefined reference to `RUBY_DTRACE_HASH_CREATE_ENABLED'
/usr/bin/ld: ./insns.def:482: undefined reference to `RUBY_DTRACE_HASH_CREATE'
/usr/bin/ld: ./insns.def:537: undefined reference to `RUBY_DTRACE_HASH_CREATE_ENABLED'
/usr/bin/ld: ./insns.def:537: undefined reference to `RUBY_DTRACE_HASH_CREATE'
/usr/bin/ld: vm.o: in function `rb_clear_method_cache_by_class':
././vm_method.c:98: undefined reference to `RUBY_DTRACE_METHOD_CACHE_CLEAR_ENABLED'
/usr/bin/ld: ././vm_method.c:98: undefined reference to `RUBY_DTRACE_METHOD_CACHE_CLEAR'
/usr/bin/ld: vm.o: in function `vm_call0_cfunc_with_frame':
././vm_eval.c:80: undefined reference to `RUBY_DTRACE_CMETHOD_ENTRY_ENABLED'
/usr/bin/ld: ././vm_eval.c:97: undefined reference to `RUBY_DTRACE_CMETHOD_RETURN_ENABLED'
/usr/bin/ld: ././vm_eval.c:97: undefined reference to `RUBY_DTRACE_CMETHOD_RETURN'
/usr/bin/ld: ././vm_eval.c:80: undefined reference to `RUBY_DTRACE_CMETHOD_ENTRY'
/usr/bin/ld: vm.o: in function `rb_vm_pop_cfunc_frame':
./vm.c:597: undefined reference to `RUBY_DTRACE_CMETHOD_RETURN_ENABLED'
/usr/bin/ld: ./vm.c:597: undefined reference to `RUBY_DTRACE_CMETHOD_RETURN'
/usr/bin/ld: vm.o: in function `invoke_bmethod':
./vm.c:1065: undefined reference to `RUBY_DTRACE_METHOD_ENTRY_ENABLED'
/usr/bin/ld: ./vm.c:1082: undefined reference to `RUBY_DTRACE_METHOD_RETURN_ENABLED'
/usr/bin/ld: ./vm.c:1065: undefined reference to `RUBY_DTRACE_METHOD_ENTRY'
/usr/bin/ld: ./vm.c:1082: undefined reference to `RUBY_DTRACE_METHOD_RETURN'
/usr/bin/ld: vm.o: in function `vm_exec_handle_exception':
./vm.c:1966: undefined reference to `RUBY_DTRACE_CMETHOD_RETURN_ENABLED'
/usr/bin/ld: ./vm.c:1966: undefined reference to `RUBY_DTRACE_CMETHOD_RETURN'
/usr/bin/ld: vm.o: in function `vm_call_cfunc_with_frame':
././vm_insnhelper.c:2504: undefined reference to `RUBY_DTRACE_CMETHOD_ENTRY_ENABLED'
/usr/bin/ld: ././vm_insnhelper.c:2521: undefined reference to `RUBY_DTRACE_CMETHOD_RETURN_ENABLED'
/usr/bin/ld: ././vm_insnhelper.c:2504: undefined reference to `RUBY_DTRACE_CMETHOD_ENTRY'
/usr/bin/ld: ././vm_insnhelper.c:2521: undefined reference to `RUBY_DTRACE_CMETHOD_RETURN'
/usr/bin/ld: vm.o: in function `vm_dtrace':
././vm_insnhelper.c:3728: undefined reference to `RUBY_DTRACE_METHOD_ENTRY_ENABLED'
/usr/bin/ld: ././vm_insnhelper.c:3729: undefined reference to `RUBY_DTRACE_METHOD_RETURN_ENABLED'
/usr/bin/ld: ././vm_insnhelper.c:3730: undefined reference to `RUBY_DTRACE_CMETHOD_ENTRY_ENABLED'
/usr/bin/ld: ././vm_insnhelper.c:3731: undefined reference to `RUBY_DTRACE_CMETHOD_RETURN_ENABLED'
/usr/bin/ld: ././vm_insnhelper.c:3735: undefined reference to `RUBY_DTRACE_METHOD_ENTRY_ENABLED'
/usr/bin/ld: ././vm_insnhelper.c:3735: undefined reference to `RUBY_DTRACE_METHOD_ENTRY'
/usr/bin/ld: ././vm_insnhelper.c:3738: undefined reference to `RUBY_DTRACE_CMETHOD_ENTRY_ENABLED'
/usr/bin/ld: ././vm_insnhelper.c:3738: undefined reference to `RUBY_DTRACE_CMETHOD_ENTRY'
/usr/bin/ld: ././vm_insnhelper.c:3741: undefined reference to `RUBY_DTRACE_METHOD_RETURN_ENABLED'
/usr/bin/ld: ././vm_insnhelper.c:3741: undefined reference to `RUBY_DTRACE_METHOD_RETURN'
/usr/bin/ld: ././vm_insnhelper.c:3744: undefined reference to `RUBY_DTRACE_CMETHOD_RETURN_ENABLED'
/usr/bin/ld: ././vm_insnhelper.c:3744: undefined reference to `RUBY_DTRACE_CMETHOD_RETURN'
/usr/bin/ld: vm.o: in function `hook_before_rewind':
./vm.c:1764: undefined reference to `RUBY_DTRACE_METHOD_RETURN_ENABLED'
/usr/bin/ld: ./vm.c:1764: undefined reference to `RUBY_DTRACE_METHOD_RETURN'
clang: error: linker command failed with exit code 1 (use -v to see invocation)
make[2]: *** [Makefile:271: miniruby] Error 1
make[2]: Leaving directory '/<<PKGBUILDDIR>>'
dh_auto_build: error: make -j4 main V=1 returned exit code 2
make[1]: *** [debian/rules:83: override_dh_auto_build-arch] Error 25
make[1]: Leaving directory '/<<PKGBUILDDIR>>'
make: *** [debian/rules:65: build] Error 2
dpkg-buildpackage: error: debian/rules build subprocess returned exit status 2
--------------------------------------------------------------------------------
Build finished at 2020-02-25T12:34:52Z

Finished
--------


+------------------------------------------------------------------------------+
| Cleanup                                                                      |
+------------------------------------------------------------------------------+

Purging /<<BUILDDIR>>
Not cleaning session: cloned chroot in use
E: Build failure (dpkg-buildpackage died)

+------------------------------------------------------------------------------+
| Summary                                                                      |
+------------------------------------------------------------------------------+

Build Architecture: amd64
Build Type: binary
Build-Space: 143696
Build-Time: 84
Distribution: unstable
Fail-Stage: build
Host Architecture: amd64
Install-Time: 8
Job: ruby2.7_2.7.0-4
Machine Architecture: amd64
Package: ruby2.7
Package-Time: 111
Source-Version: 2.7.0-4
Space: 143696
Status: attempted
Version: 2.7.0-4
--------------------------------------------------------------------------------
Finished at 2020-02-25T12:34:52Z
Build needed 00:01:51, 143696k disk space
E: Build failure (dpkg-buildpackage died)
DC-Status: Failed 112.487396147s
DC-Time-Estimation: 112.487396147 versus expected 1260 (r/m: 10.201254924182043 ; m: 112.487396147)
