DC-Build-Header: rust-pulldown-cmark 0.2.0-1 / 2020-02-25 05:13:58 +0000
DC-Task: type:rebuild-binarch-only source:rust-pulldown-cmark version:0.2.0-1 chroot:unstable esttime:70 logfile:/tmp/rust-pulldown-cmark_0.2.0-1_unstable_clang10.log modes:clang10:binarch-only
DC-Sbuild-call: su user42 -c 'sbuild -n --arch-any --apt-update -d unstable -v --no-run-lintian --chroot-setup-commands=/tmp/clang10 rust-pulldown-cmark_0.2.0-1'
sbuild (Debian sbuild) 0.78.1 (09 February 2019) on ip-172-31-9-232.eu-central-1.compute.internal

+==============================================================================+
| rust-pulldown-cmark 0.2.0-1 (amd64)          Tue, 25 Feb 2020 05:13:58 +0000 |
+==============================================================================+

Package: rust-pulldown-cmark
Version: 0.2.0-1
Source Version: 0.2.0-1
Distribution: unstable
Machine Architecture: amd64
Host Architecture: amd64
Build Architecture: amd64
Build Type: binary

I: NOTICE: Log filtering will replace 'var/run/schroot/mount/sid-amd64-sbuild-681a8ffe-0ce5-40f3-b534-9f108cf81593' with '<<CHROOT>>'

+------------------------------------------------------------------------------+
| Chroot Setup Commands                                                        |
+------------------------------------------------------------------------------+


/tmp/clang10
------------

+ echo 'Entering customization script...'
Entering customization script...
+ CLANG_VERSION=10
+ echo 'Install of clang-10'
Install of clang-10
+ apt-get update
Get:1 http://127.0.0.1:12990/debian sid InRelease [142 kB]
Get:2 http://127.0.0.1:12990/debian sid/main Sources.diff/Index [27.9 kB]
Get:3 http://127.0.0.1:12990/debian sid/main amd64 Packages.diff/Index [27.9 kB]
Get:4 http://127.0.0.1:12990/debian sid/main Sources 2020-02-24-0823.32.pdiff [11.0 kB]
Get:5 http://127.0.0.1:12990/debian sid/main Sources 2020-02-24-1420.34.pdiff [30.2 kB]
Get:6 http://127.0.0.1:12990/debian sid/main Sources 2020-02-24-2014.03.pdiff [16.9 kB]
Get:7 http://127.0.0.1:12990/debian sid/main Sources 2020-02-25-0213.11.pdiff [23.2 kB]
Get:8 http://127.0.0.1:12990/debian sid/main amd64 Packages 2020-02-24-0823.32.pdiff [15.5 kB]
Get:9 http://127.0.0.1:12990/debian sid/main amd64 Packages 2020-02-24-1420.34.pdiff [27.5 kB]
Get:7 http://127.0.0.1:12990/debian sid/main Sources 2020-02-25-0213.11.pdiff [23.2 kB]
Get:10 http://127.0.0.1:12990/debian sid/main amd64 Packages 2020-02-24-2014.03.pdiff [21.6 kB]
Get:11 http://127.0.0.1:12990/debian sid/main amd64 Packages 2020-02-25-0213.11.pdiff [35.0 kB]
Get:11 http://127.0.0.1:12990/debian sid/main amd64 Packages 2020-02-25-0213.11.pdiff [35.0 kB]
Get:12 http://127.0.0.1:12990/debian sid/main Translation-en [6193 kB]
Fetched 6572 kB in 3s (2066 kB/s)
Reading package lists...
+ apt-get install --yes --no-install-recommends --force-yes clang-10 libomp-10-dev libobjc-9-dev
Reading package lists...
Building dependency tree...
The following additional packages will be installed:
  lib32gcc-s1 lib32gcc1 lib32stdc++6 libbsd0 libc6-i386 libclang-common-10-dev
  libclang-cpp10 libclang1-10 libedit2 libgc1c2 libllvm10 libobjc4 libomp5-10
  libz3-4
Suggested packages:
  clang-10-doc libomp-10-doc
Recommended packages:
  llvm-10-dev python3
The following NEW packages will be installed:
  clang-10 lib32gcc-s1 lib32gcc1 lib32stdc++6 libbsd0 libc6-i386
  libclang-common-10-dev libclang-cpp10 libclang1-10 libedit2 libgc1c2
  libllvm10 libobjc-9-dev libobjc4 libomp-10-dev libomp5-10 libz3-4
0 upgraded, 17 newly installed, 0 to remove and 2 not upgraded.
Need to get 46.4 MB of archives.
After this operation, 238 MB of additional disk space will be used.
Get:1 http://127.0.0.1:12990/debian sid/main amd64 libbsd0 amd64 0.10.0-1 [107 kB]
Get:2 http://127.0.0.1:12990/debian sid/main amd64 libedit2 amd64 3.1-20191231-1 [95.4 kB]
Get:3 http://127.0.0.1:12990/debian sid/main amd64 libz3-4 amd64 4.8.7-4 [6790 kB]
Get:4 http://127.0.0.1:12990/debian sid/main amd64 libllvm10 amd64 1:10.0.0~+rc2-1 [15.5 MB]
Get:5 http://127.0.0.1:12990/debian sid/main amd64 libclang-cpp10 amd64 1:10.0.0~+rc2-1 [9069 kB]
Get:6 http://127.0.0.1:12990/debian sid/main amd64 libgc1c2 amd64 1:7.6.4-0.4 [224 kB]
Get:7 http://127.0.0.1:12990/debian sid/main amd64 libobjc4 amd64 10-20200222-1 [41.6 kB]
Get:8 http://127.0.0.1:12990/debian sid/main amd64 libobjc-9-dev amd64 9.2.1-29 [219 kB]
Get:9 http://127.0.0.1:12990/debian sid/main amd64 libc6-i386 amd64 2.29-10 [2918 kB]
Get:10 http://127.0.0.1:12990/debian sid/main amd64 lib32gcc-s1 amd64 10-20200222-1 [49.4 kB]
Get:11 http://127.0.0.1:12990/debian sid/main amd64 lib32gcc1 amd64 1:10-20200222-1 [1104 B]
Get:12 http://127.0.0.1:12990/debian sid/main amd64 lib32stdc++6 amd64 10-20200222-1 [510 kB]
Get:13 http://127.0.0.1:12990/debian sid/main amd64 libclang-common-10-dev amd64 1:10.0.0~+rc2-1 [2782 kB]
Get:14 http://127.0.0.1:12990/debian sid/main amd64 libclang1-10 amd64 1:10.0.0~+rc2-1 [7607 kB]
Get:15 http://127.0.0.1:12990/debian sid/main amd64 clang-10 amd64 1:10.0.0~+rc2-1 [103 kB]
Get:16 http://127.0.0.1:12990/debian sid/main amd64 libomp5-10 amd64 1:10.0.0~+rc2-1 [337 kB]
Get:17 http://127.0.0.1:12990/debian sid/main amd64 libomp-10-dev amd64 1:10.0.0~+rc2-1 [84.3 kB]
debconf: delaying package configuration, since apt-utils is not installed
Fetched 46.4 MB in 2s (23.8 MB/s)
Selecting previously unselected package libbsd0:amd64.
(Reading database ... (Reading database ... 5%(Reading database ... 10%(Reading database ... 15%(Reading database ... 20%(Reading database ... 25%(Reading database ... 30%(Reading database ... 35%(Reading database ... 40%(Reading database ... 45%(Reading database ... 50%(Reading database ... 55%(Reading database ... 60%(Reading database ... 65%(Reading database ... 70%(Reading database ... 75%(Reading database ... 80%(Reading database ... 85%(Reading database ... 90%(Reading database ... 95%(Reading database ... 100%(Reading database ... 12119 files and directories currently installed.)
Preparing to unpack .../00-libbsd0_0.10.0-1_amd64.deb ...
Unpacking libbsd0:amd64 (0.10.0-1) ...
Selecting previously unselected package libedit2:amd64.
Preparing to unpack .../01-libedit2_3.1-20191231-1_amd64.deb ...
Unpacking libedit2:amd64 (3.1-20191231-1) ...
Selecting previously unselected package libz3-4:amd64.
Preparing to unpack .../02-libz3-4_4.8.7-4_amd64.deb ...
Unpacking libz3-4:amd64 (4.8.7-4) ...
Selecting previously unselected package libllvm10:amd64.
Preparing to unpack .../03-libllvm10_1%3a10.0.0~+rc2-1_amd64.deb ...
Unpacking libllvm10:amd64 (1:10.0.0~+rc2-1) ...
Selecting previously unselected package libclang-cpp10.
Preparing to unpack .../04-libclang-cpp10_1%3a10.0.0~+rc2-1_amd64.deb ...
Unpacking libclang-cpp10 (1:10.0.0~+rc2-1) ...
Selecting previously unselected package libgc1c2:amd64.
Preparing to unpack .../05-libgc1c2_1%3a7.6.4-0.4_amd64.deb ...
Unpacking libgc1c2:amd64 (1:7.6.4-0.4) ...
Selecting previously unselected package libobjc4:amd64.
Preparing to unpack .../06-libobjc4_10-20200222-1_amd64.deb ...
Unpacking libobjc4:amd64 (10-20200222-1) ...
Selecting previously unselected package libobjc-9-dev:amd64.
Preparing to unpack .../07-libobjc-9-dev_9.2.1-29_amd64.deb ...
Unpacking libobjc-9-dev:amd64 (9.2.1-29) ...
Selecting previously unselected package libc6-i386.
Preparing to unpack .../08-libc6-i386_2.29-10_amd64.deb ...
Unpacking libc6-i386 (2.29-10) ...
Selecting previously unselected package lib32gcc-s1.
Preparing to unpack .../09-lib32gcc-s1_10-20200222-1_amd64.deb ...
Unpacking lib32gcc-s1 (10-20200222-1) ...
Selecting previously unselected package lib32gcc1.
Preparing to unpack .../10-lib32gcc1_1%3a10-20200222-1_amd64.deb ...
Unpacking lib32gcc1 (1:10-20200222-1) ...
Selecting previously unselected package lib32stdc++6.
Preparing to unpack .../11-lib32stdc++6_10-20200222-1_amd64.deb ...
Unpacking lib32stdc++6 (10-20200222-1) ...
Selecting previously unselected package libclang-common-10-dev.
Preparing to unpack .../12-libclang-common-10-dev_1%3a10.0.0~+rc2-1_amd64.deb ...
Unpacking libclang-common-10-dev (1:10.0.0~+rc2-1) ...
Selecting previously unselected package libclang1-10.
Preparing to unpack .../13-libclang1-10_1%3a10.0.0~+rc2-1_amd64.deb ...
Unpacking libclang1-10 (1:10.0.0~+rc2-1) ...
Selecting previously unselected package clang-10.
Preparing to unpack .../14-clang-10_1%3a10.0.0~+rc2-1_amd64.deb ...
Unpacking clang-10 (1:10.0.0~+rc2-1) ...
Selecting previously unselected package libomp5-10:amd64.
Preparing to unpack .../15-libomp5-10_1%3a10.0.0~+rc2-1_amd64.deb ...
Unpacking libomp5-10:amd64 (1:10.0.0~+rc2-1) ...
Selecting previously unselected package libomp-10-dev.
Preparing to unpack .../16-libomp-10-dev_1%3a10.0.0~+rc2-1_amd64.deb ...
Unpacking libomp-10-dev (1:10.0.0~+rc2-1) ...
Setting up libgc1c2:amd64 (1:7.6.4-0.4) ...
Setting up libobjc4:amd64 (10-20200222-1) ...
Setting up libz3-4:amd64 (4.8.7-4) ...
Setting up libobjc-9-dev:amd64 (9.2.1-29) ...
Setting up libomp5-10:amd64 (1:10.0.0~+rc2-1) ...
Setting up libc6-i386 (2.29-10) ...
Setting up libbsd0:amd64 (0.10.0-1) ...
Setting up libomp-10-dev (1:10.0.0~+rc2-1) ...
Setting up libedit2:amd64 (3.1-20191231-1) ...
Setting up libllvm10:amd64 (1:10.0.0~+rc2-1) ...
Setting up lib32gcc-s1 (10-20200222-1) ...
Setting up libclang1-10 (1:10.0.0~+rc2-1) ...
Setting up lib32gcc1 (1:10-20200222-1) ...
Setting up libclang-cpp10 (1:10.0.0~+rc2-1) ...
Setting up lib32stdc++6 (10-20200222-1) ...
Setting up libclang-common-10-dev (1:10.0.0~+rc2-1) ...
Setting up clang-10 (1:10.0.0~+rc2-1) ...
Processing triggers for libc-bin (2.29-10) ...
W: --force-yes is deprecated, use one of the options starting with --allow instead.
+ echo 'Replace gcc, g++ & cpp by clang'
Replace gcc, g++ & cpp by clang
+ VERSIONS='4.6 4.7 4.8 4.9 5 6 7 8 9 10'
+ cd /usr/bin
+ for VERSION in $VERSIONS
+ rm -f g++-4.6 gcc-4.6 cpp-4.6 gcc
+ ln -s clang++-10 g++-4.6
+ ln -s clang-10 gcc-4.6
+ ln -s clang-10 cpp-4.6
+ ln -s clang-10 gcc
+ echo 'gcc-4.6 hold'
+ dpkg --set-selections
dpkg: warning: package not in status nor available database at line 1: gcc-4.6
dpkg: warning: found unknown packages; this might mean the available database
is outdated, and needs to be updated through a frontend method;
please see the FAQ <https://wiki.debian.org/Teams/Dpkg/FAQ>
+ echo 'g++-4.6 hold'
+ dpkg --set-selections
dpkg: warning: package not in status nor available database at line 1: g++-4.6
dpkg: warning: found unknown packages; this might mean the available database
is outdated, and needs to be updated through a frontend method;
please see the FAQ <https://wiki.debian.org/Teams/Dpkg/FAQ>
+ for VERSION in $VERSIONS
+ rm -f g++-4.7 gcc-4.7 cpp-4.7 gcc
+ ln -s clang++-10 g++-4.7
+ ln -s clang-10 gcc-4.7
+ ln -s clang-10 cpp-4.7
+ ln -s clang-10 gcc
+ echo 'gcc-4.7 hold'
+ dpkg --set-selections
dpkg: warning: package not in status nor available database at line 1: gcc-4.7
dpkg: warning: found unknown packages; this might mean the available database
is outdated, and needs to be updated through a frontend method;
please see the FAQ <https://wiki.debian.org/Teams/Dpkg/FAQ>
+ echo 'g++-4.7 hold'
+ dpkg --set-selections
dpkg: warning: package not in status nor available database at line 1: g++-4.7
dpkg: warning: found unknown packages; this might mean the available database
is outdated, and needs to be updated through a frontend method;
please see the FAQ <https://wiki.debian.org/Teams/Dpkg/FAQ>
+ for VERSION in $VERSIONS
+ rm -f g++-4.8 gcc-4.8 cpp-4.8 gcc
+ ln -s clang++-10 g++-4.8
+ ln -s clang-10 gcc-4.8
+ ln -s clang-10 cpp-4.8
+ ln -s clang-10 gcc
+ echo 'gcc-4.8 hold'
+ dpkg --set-selections
dpkg: warning: package not in status nor available database at line 1: gcc-4.8
dpkg: warning: found unknown packages; this might mean the available database
is outdated, and needs to be updated through a frontend method;
please see the FAQ <https://wiki.debian.org/Teams/Dpkg/FAQ>
+ echo 'g++-4.8 hold'
+ dpkg --set-selections
dpkg: warning: package not in status nor available database at line 1: g++-4.8
dpkg: warning: found unknown packages; this might mean the available database
is outdated, and needs to be updated through a frontend method;
please see the FAQ <https://wiki.debian.org/Teams/Dpkg/FAQ>
+ for VERSION in $VERSIONS
+ rm -f g++-4.9 gcc-4.9 cpp-4.9 gcc
+ ln -s clang++-10 g++-4.9
+ ln -s clang-10 gcc-4.9
+ ln -s clang-10 cpp-4.9
+ ln -s clang-10 gcc
+ echo 'gcc-4.9 hold'
+ dpkg --set-selections
dpkg: warning: package not in status nor available database at line 1: gcc-4.9
dpkg: warning: found unknown packages; this might mean the available database
is outdated, and needs to be updated through a frontend method;
please see the FAQ <https://wiki.debian.org/Teams/Dpkg/FAQ>
+ echo 'g++-4.9 hold'
+ dpkg --set-selections
dpkg: warning: package not in status nor available database at line 1: g++-4.9
dpkg: warning: found unknown packages; this might mean the available database
is outdated, and needs to be updated through a frontend method;
please see the FAQ <https://wiki.debian.org/Teams/Dpkg/FAQ>
+ for VERSION in $VERSIONS
+ rm -f g++-5 gcc-5 cpp-5 gcc
+ ln -s clang++-10 g++-5
+ ln -s clang-10 gcc-5
+ ln -s clang-10 cpp-5
+ ln -s clang-10 gcc
+ echo 'gcc-5 hold'
+ dpkg --set-selections
dpkg: warning: package not in status nor available database at line 1: gcc-5
dpkg: warning: found unknown packages; this might mean the available database
is outdated, and needs to be updated through a frontend method;
please see the FAQ <https://wiki.debian.org/Teams/Dpkg/FAQ>
+ echo 'g++-5 hold'
+ dpkg --set-selections
dpkg: warning: package not in status nor available database at line 1: g++-5
dpkg: warning: found unknown packages; this might mean the available database
is outdated, and needs to be updated through a frontend method;
please see the FAQ <https://wiki.debian.org/Teams/Dpkg/FAQ>
+ for VERSION in $VERSIONS
+ rm -f g++-6 gcc-6 cpp-6 gcc
+ ln -s clang++-10 g++-6
+ ln -s clang-10 gcc-6
+ ln -s clang-10 cpp-6
+ ln -s clang-10 gcc
+ echo 'gcc-6 hold'
+ dpkg --set-selections
dpkg: warning: package not in status nor available database at line 1: gcc-6
dpkg: warning: found unknown packages; this might mean the available database
is outdated, and needs to be updated through a frontend method;
please see the FAQ <https://wiki.debian.org/Teams/Dpkg/FAQ>
+ echo 'g++-6 hold'
+ dpkg --set-selections
dpkg: warning: package not in status nor available database at line 1: g++-6
dpkg: warning: found unknown packages; this might mean the available database
is outdated, and needs to be updated through a frontend method;
please see the FAQ <https://wiki.debian.org/Teams/Dpkg/FAQ>
+ for VERSION in $VERSIONS
+ rm -f g++-7 gcc-7 cpp-7 gcc
+ ln -s clang++-10 g++-7
+ ln -s clang-10 gcc-7
+ ln -s clang-10 cpp-7
+ ln -s clang-10 gcc
+ echo 'gcc-7 hold'
+ dpkg --set-selections
dpkg: warning: package not in status nor available database at line 1: gcc-7
dpkg: warning: found unknown packages; this might mean the available database
is outdated, and needs to be updated through a frontend method;
please see the FAQ <https://wiki.debian.org/Teams/Dpkg/FAQ>
+ echo 'g++-7 hold'
+ dpkg --set-selections
dpkg: warning: package not in status nor available database at line 1: g++-7
dpkg: warning: found unknown packages; this might mean the available database
is outdated, and needs to be updated through a frontend method;
please see the FAQ <https://wiki.debian.org/Teams/Dpkg/FAQ>
+ for VERSION in $VERSIONS
+ rm -f g++-8 gcc-8 cpp-8 gcc
+ ln -s clang++-10 g++-8
+ ln -s clang-10 gcc-8
+ ln -s clang-10 cpp-8
+ ln -s clang-10 gcc
+ echo 'gcc-8 hold'
+ dpkg --set-selections
dpkg: warning: package not in status nor available database at line 1: gcc-8
dpkg: warning: found unknown packages; this might mean the available database
is outdated, and needs to be updated through a frontend method;
please see the FAQ <https://wiki.debian.org/Teams/Dpkg/FAQ>
+ echo 'g++-8 hold'
+ dpkg --set-selections
dpkg: warning: package not in status nor available database at line 1: g++-8
dpkg: warning: found unknown packages; this might mean the available database
is outdated, and needs to be updated through a frontend method;
please see the FAQ <https://wiki.debian.org/Teams/Dpkg/FAQ>
+ for VERSION in $VERSIONS
+ rm -f g++-9 gcc-9 cpp-9 gcc
+ ln -s clang++-10 g++-9
+ ln -s clang-10 gcc-9
+ ln -s clang-10 cpp-9
+ ln -s clang-10 gcc
+ echo 'gcc-9 hold'
+ dpkg --set-selections
+ echo 'g++-9 hold'
+ dpkg --set-selections
+ for VERSION in $VERSIONS
+ rm -f g++-10 gcc-10 cpp-10 gcc
+ ln -s clang++-10 g++-10
+ ln -s clang-10 gcc-10
+ ln -s clang-10 cpp-10
+ ln -s clang-10 gcc
+ echo 'gcc-10 hold'
+ dpkg --set-selections
dpkg: warning: package not in status nor available database at line 1: gcc-10
dpkg: warning: found unknown packages; this might mean the available database
is outdated, and needs to be updated through a frontend method;
please see the FAQ <https://wiki.debian.org/Teams/Dpkg/FAQ>
+ echo 'g++-10 hold'
+ dpkg --set-selections
dpkg: warning: package not in status nor available database at line 1: g++-10
dpkg: warning: found unknown packages; this might mean the available database
is outdated, and needs to be updated through a frontend method;
please see the FAQ <https://wiki.debian.org/Teams/Dpkg/FAQ>
+ cd -
/build/rust-pulldown-cmark-5TJCym
+ echo 'Check if gcc, g++ & cpp are actually clang'
Check if gcc, g++ & cpp are actually clang
+ gcc --version
+ grep clang
+ cpp --version
+ grep clang
+ g++ --version
+ grep clang

I: Finished running '/tmp/clang10'.

Finished processing commands.
--------------------------------------------------------------------------------
I: NOTICE: Log filtering will replace 'build/rust-pulldown-cmark-5TJCym/resolver-QuA0ws' with '<<RESOLVERDIR>>'

+------------------------------------------------------------------------------+
| Update chroot                                                                |
+------------------------------------------------------------------------------+

Hit:1 http://127.0.0.1:12990/debian sid InRelease
Reading package lists...
Reading package lists...
Building dependency tree...
Reading state information...
Calculating upgrade...
The following packages will be upgraded:
  libgmp10 zlib1g
2 upgraded, 0 newly installed, 0 to remove and 0 not upgraded.
Need to get 343 kB of archives.
After this operation, 0 B of additional disk space will be used.
Get:1 http://127.0.0.1:12990/debian sid/main amd64 libgmp10 amd64 2:6.2.0+dfsg-4 [253 kB]
Get:2 http://127.0.0.1:12990/debian sid/main amd64 zlib1g amd64 1:1.2.11.dfsg-2 [90.4 kB]
debconf: delaying package configuration, since apt-utils is not installed
Fetched 343 kB in 0s (3834 kB/s)
(Reading database ... (Reading database ... 5%(Reading database ... 10%(Reading database ... 15%(Reading database ... 20%(Reading database ... 25%(Reading database ... 30%(Reading database ... 35%(Reading database ... 40%(Reading database ... 45%(Reading database ... 50%(Reading database ... 55%(Reading database ... 60%(Reading database ... 65%(Reading database ... 70%(Reading database ... 75%(Reading database ... 80%(Reading database ... 85%(Reading database ... 90%(Reading database ... 95%(Reading database ... 100%(Reading database ... 12960 files and directories currently installed.)
Preparing to unpack .../libgmp10_2%3a6.2.0+dfsg-4_amd64.deb ...
Unpacking libgmp10:amd64 (2:6.2.0+dfsg-4) over (2:6.2.0+dfsg-3) ...
Setting up libgmp10:amd64 (2:6.2.0+dfsg-4) ...
(Reading database ... (Reading database ... 5%(Reading database ... 10%(Reading database ... 15%(Reading database ... 20%(Reading database ... 25%(Reading database ... 30%(Reading database ... 35%(Reading database ... 40%(Reading database ... 45%(Reading database ... 50%(Reading database ... 55%(Reading database ... 60%(Reading database ... 65%(Reading database ... 70%(Reading database ... 75%(Reading database ... 80%(Reading database ... 85%(Reading database ... 90%(Reading database ... 95%(Reading database ... 100%(Reading database ... 12960 files and directories currently installed.)
Preparing to unpack .../zlib1g_1%3a1.2.11.dfsg-2_amd64.deb ...
Unpacking zlib1g:amd64 (1:1.2.11.dfsg-2) over (1:1.2.11.dfsg-1.2) ...
Setting up zlib1g:amd64 (1:1.2.11.dfsg-2) ...
Processing triggers for libc-bin (2.29-10) ...

+------------------------------------------------------------------------------+
| Fetch source files                                                           |
+------------------------------------------------------------------------------+


Check APT
---------

Checking available source versions...

Download source files with APT
------------------------------

Reading package lists...
NOTICE: 'rust-pulldown-cmark' packaging is maintained in the 'Git' version control system at:
https://salsa.debian.org/rust-team/debcargo-conf.git [src/pulldown-cmark]
Please use:
git clone https://salsa.debian.org/rust-team/debcargo-conf.git [src/pulldown-cmark]
to retrieve the latest (possibly unreleased) updates to the package.
Need to get 131 kB of source archives.
Get:1 http://127.0.0.1:12990/debian sid/main rust-pulldown-cmark 0.2.0-1 (dsc) [2440 B]
Get:2 http://127.0.0.1:12990/debian sid/main rust-pulldown-cmark 0.2.0-1 (tar) [120 kB]
Get:3 http://127.0.0.1:12990/debian sid/main rust-pulldown-cmark 0.2.0-1 (diff) [8720 B]
Fetched 131 kB in 0s (1727 kB/s)
Download complete and in download only mode
I: NOTICE: Log filtering will replace 'build/rust-pulldown-cmark-5TJCym/rust-pulldown-cmark-0.2.0' with '<<PKGBUILDDIR>>'
I: NOTICE: Log filtering will replace 'build/rust-pulldown-cmark-5TJCym' with '<<BUILDDIR>>'

+------------------------------------------------------------------------------+
| Install package build dependencies                                           |
+------------------------------------------------------------------------------+


Setup apt archive
-----------------

Merged Build-Depends: debhelper (>= 11), dh-cargo (>= 10), cargo, rustc, libstd-rust-dev, librust-bitflags-1+default-dev, librust-getopts-0.2+default-dev, help2man, build-essential, fakeroot
Filtered Build-Depends: debhelper (>= 11), dh-cargo (>= 10), cargo, rustc, libstd-rust-dev, librust-bitflags-1+default-dev, librust-getopts-0.2+default-dev, help2man, build-essential, fakeroot
dpkg-deb: building package 'sbuild-build-depends-main-dummy' in '/<<RESOLVERDIR>>/apt_archive/sbuild-build-depends-main-dummy.deb'.
Ign:1 copy:/<<RESOLVERDIR>>/apt_archive ./ InRelease
Get:2 copy:/<<RESOLVERDIR>>/apt_archive ./ Release [957 B]
Ign:3 copy:/<<RESOLVERDIR>>/apt_archive ./ Release.gpg
Get:4 copy:/<<RESOLVERDIR>>/apt_archive ./ Sources [428 B]
Get:5 copy:/<<RESOLVERDIR>>/apt_archive ./ Packages [510 B]
Fetched 1895 B in 0s (0 B/s)
Reading package lists...
Reading package lists...

Install main build dependencies (apt-based resolver)
----------------------------------------------------

Installing build dependencies
Reading package lists...
Building dependency tree...
Reading state information...
The following additional packages will be installed:
  autoconf automake autopoint autotools-dev bsdmainutils cargo debhelper
  dh-autoreconf dh-cargo dh-strip-nondeterminism dwz file gettext gettext-base
  groff-base help2man intltool-debian libarchive-zip-perl libbrotli1 libcroco3
  libcurl3-gnutls libdebhelper-perl libelf1 libexpat1
  libfile-stripnondeterminism-perl libgit2-28 libglib2.0-0 libgssapi-krb5-2
  libhttp-parser2.9 libicu63 libk5crypto3 libkeyutils1 libkrb5-3
  libkrb5support0 libldap-2.4-2 libldap-common libllvm9 liblocale-gettext-perl
  libmagic-mgc libmagic1 libmbedcrypto3 libmbedtls12 libmbedx509-0 libmpdec2
  libnghttp2-14 libpipeline1 libpsl5 libpython3-stdlib libpython3.7-minimal
  libpython3.7-stdlib libreadline8 librtmp1 librust-bitflags-dev
  librust-getopts-dev librust-unicode-width-dev libsasl2-2 libsasl2-modules-db
  libsigsegv2 libsqlite3-0 libssh2-1 libssl1.1 libstd-rust-1.40
  libstd-rust-dev libsub-override-perl libtool libuchardet0 libxml2 m4 man-db
  mime-support po-debconf python3 python3-minimal python3.7 python3.7-minimal
  readline-common rustc sensible-utils
Suggested packages:
  autoconf-archive gnu-standards autoconf-doc wamerican | wordlist whois
  vacation cargo-doc dh-make gettext-doc libasprintf-dev libgettextpo-dev
  groff krb5-doc krb5-user librust-getopts+core-dev
  librust-getopts+rustc-dep-of-std-dev librust-getopts+std-dev
  librust-unicode-width+compiler-builtins-dev librust-unicode-width+core-dev
  librust-unicode-width+rustc-dep-of-std-dev librust-unicode-width+std-dev
  libtool-doc gfortran | fortran95-compiler gcj-jdk m4-doc apparmor less
  www-browser libmail-box-perl python3-doc python3-tk python3-venv
  python3.7-venv python3.7-doc binfmt-support readline-doc rust-doc rust-src
  lld-9
Recommended packages:
  curl | wget | lynx ca-certificates libarchive-cpio-perl libglib2.0-data
  shared-mime-info xdg-user-dirs krb5-locales publicsuffix libsasl2-modules
  libltdl-dev libmail-sendmail-perl cargo rust-gdb | rust-lldb
The following NEW packages will be installed:
  autoconf automake autopoint autotools-dev bsdmainutils cargo debhelper
  dh-autoreconf dh-cargo dh-strip-nondeterminism dwz file gettext gettext-base
  groff-base help2man intltool-debian libarchive-zip-perl libbrotli1 libcroco3
  libcurl3-gnutls libdebhelper-perl libelf1 libexpat1
  libfile-stripnondeterminism-perl libgit2-28 libglib2.0-0 libgssapi-krb5-2
  libhttp-parser2.9 libicu63 libk5crypto3 libkeyutils1 libkrb5-3
  libkrb5support0 libldap-2.4-2 libldap-common libllvm9 liblocale-gettext-perl
  libmagic-mgc libmagic1 libmbedcrypto3 libmbedtls12 libmbedx509-0 libmpdec2
  libnghttp2-14 libpipeline1 libpsl5 libpython3-stdlib libpython3.7-minimal
  libpython3.7-stdlib libreadline8 librtmp1 librust-bitflags-dev
  librust-getopts-dev librust-unicode-width-dev libsasl2-2 libsasl2-modules-db
  libsigsegv2 libsqlite3-0 libssh2-1 libssl1.1 libstd-rust-1.40
  libstd-rust-dev libsub-override-perl libtool libuchardet0 libxml2 m4 man-db
  mime-support po-debconf python3 python3-minimal python3.7 python3.7-minimal
  readline-common rustc sbuild-build-depends-main-dummy sensible-utils
0 upgraded, 79 newly installed, 0 to remove and 0 not upgraded.
Need to get 85.2 MB of archives.
After this operation, 311 MB of additional disk space will be used.
Get:1 copy:/<<RESOLVERDIR>>/apt_archive ./ sbuild-build-depends-main-dummy 0.invalid.0 [936 B]
Get:2 http://127.0.0.1:12990/debian sid/main amd64 bsdmainutils amd64 11.1.2+b1 [191 kB]
Get:3 http://127.0.0.1:12990/debian sid/main amd64 libuchardet0 amd64 0.0.6-3 [64.9 kB]
Get:4 http://127.0.0.1:12990/debian sid/main amd64 groff-base amd64 1.22.4-4 [919 kB]
Get:5 http://127.0.0.1:12990/debian sid/main amd64 libpipeline1 amd64 1.5.2-2 [33.9 kB]
Get:6 http://127.0.0.1:12990/debian sid/main amd64 man-db amd64 2.9.0-2 [1307 kB]
Get:7 http://127.0.0.1:12990/debian sid/main amd64 liblocale-gettext-perl amd64 1.07-4 [18.8 kB]
Get:8 http://127.0.0.1:12990/debian sid/main amd64 libssl1.1 amd64 1.1.1d-2 [1540 kB]
Get:9 http://127.0.0.1:12990/debian sid/main amd64 libpython3.7-minimal amd64 3.7.6-1+b1 [591 kB]
Get:10 http://127.0.0.1:12990/debian sid/main amd64 libexpat1 amd64 2.2.9-1 [94.3 kB]
Get:11 http://127.0.0.1:12990/debian sid/main amd64 python3.7-minimal amd64 3.7.6-1+b1 [1813 kB]
Get:12 http://127.0.0.1:12990/debian sid/main amd64 python3-minimal amd64 3.7.5-3 [36.8 kB]
Get:13 http://127.0.0.1:12990/debian sid/main amd64 mime-support all 3.64 [37.8 kB]
Get:14 http://127.0.0.1:12990/debian sid/main amd64 libmpdec2 amd64 2.4.2-2 [87.2 kB]
Get:15 http://127.0.0.1:12990/debian sid/main amd64 readline-common all 8.0-3 [72.5 kB]
Get:16 http://127.0.0.1:12990/debian sid/main amd64 libreadline8 amd64 8.0-3 [160 kB]
Get:17 http://127.0.0.1:12990/debian sid/main amd64 libsqlite3-0 amd64 3.31.1-3 [661 kB]
Get:18 http://127.0.0.1:12990/debian sid/main amd64 libpython3.7-stdlib amd64 3.7.6-1+b1 [1735 kB]
Get:19 http://127.0.0.1:12990/debian sid/main amd64 python3.7 amd64 3.7.6-1+b1 [351 kB]
Get:20 http://127.0.0.1:12990/debian sid/main amd64 libpython3-stdlib amd64 3.7.5-3 [20.2 kB]
Get:21 http://127.0.0.1:12990/debian sid/main amd64 python3 amd64 3.7.5-3 [62.1 kB]
Get:22 http://127.0.0.1:12990/debian sid/main amd64 sensible-utils all 0.0.12+nmu1 [16.0 kB]
Get:23 http://127.0.0.1:12990/debian sid/main amd64 libmagic-mgc amd64 1:5.38-4 [262 kB]
Get:24 http://127.0.0.1:12990/debian sid/main amd64 libmagic1 amd64 1:5.38-4 [120 kB]
Get:25 http://127.0.0.1:12990/debian sid/main amd64 file amd64 1:5.38-4 [67.9 kB]
Get:26 http://127.0.0.1:12990/debian sid/main amd64 gettext-base amd64 0.19.8.1-10 [123 kB]
Get:27 http://127.0.0.1:12990/debian sid/main amd64 libsigsegv2 amd64 2.12-2 [32.8 kB]
Get:28 http://127.0.0.1:12990/debian sid/main amd64 m4 amd64 1.4.18-4 [203 kB]
Get:29 http://127.0.0.1:12990/debian sid/main amd64 autoconf all 2.69-11.1 [341 kB]
Get:30 http://127.0.0.1:12990/debian sid/main amd64 autotools-dev all 20180224.1 [77.0 kB]
Get:31 http://127.0.0.1:12990/debian sid/main amd64 automake all 1:1.16.1-4 [771 kB]
Get:32 http://127.0.0.1:12990/debian sid/main amd64 autopoint all 0.19.8.1-10 [435 kB]
Get:33 http://127.0.0.1:12990/debian sid/main amd64 libbrotli1 amd64 1.0.7-6 [266 kB]
Get:34 http://127.0.0.1:12990/debian sid/main amd64 libkeyutils1 amd64 1.6.1-2 [15.4 kB]
Get:35 http://127.0.0.1:12990/debian sid/main amd64 libkrb5support0 amd64 1.17-6 [64.6 kB]
Get:36 http://127.0.0.1:12990/debian sid/main amd64 libk5crypto3 amd64 1.17-6 [116 kB]
Get:37 http://127.0.0.1:12990/debian sid/main amd64 libkrb5-3 amd64 1.17-6 [366 kB]
Get:38 http://127.0.0.1:12990/debian sid/main amd64 libgssapi-krb5-2 amd64 1.17-6 [156 kB]
Get:39 http://127.0.0.1:12990/debian sid/main amd64 libsasl2-modules-db amd64 2.1.27+dfsg-2 [69.0 kB]
Get:40 http://127.0.0.1:12990/debian sid/main amd64 libsasl2-2 amd64 2.1.27+dfsg-2 [106 kB]
Get:41 http://127.0.0.1:12990/debian sid/main amd64 libldap-common all 2.4.49+dfsg-1 [91.9 kB]
Get:42 http://127.0.0.1:12990/debian sid/main amd64 libldap-2.4-2 amd64 2.4.49+dfsg-1 [226 kB]
Get:43 http://127.0.0.1:12990/debian sid/main amd64 libnghttp2-14 amd64 1.40.0-1 [85.0 kB]
Get:44 http://127.0.0.1:12990/debian sid/main amd64 libpsl5 amd64 0.20.2-2 [53.7 kB]
Get:45 http://127.0.0.1:12990/debian sid/main amd64 librtmp1 amd64 2.4+20151223.gitfa8646d.1-2+b1 [60.8 kB]
Get:46 http://127.0.0.1:12990/debian sid/main amd64 libssh2-1 amd64 1.8.0-2.1 [140 kB]
Get:47 http://127.0.0.1:12990/debian sid/main amd64 libcurl3-gnutls amd64 7.68.0-1 [319 kB]
Get:48 http://127.0.0.1:12990/debian sid/main amd64 libhttp-parser2.9 amd64 2.9.2-2 [21.3 kB]
Get:49 http://127.0.0.1:12990/debian sid/main amd64 libmbedcrypto3 amd64 2.16.4-1 [213 kB]
Get:50 http://127.0.0.1:12990/debian sid/main amd64 libmbedx509-0 amd64 2.16.4-1 [104 kB]
Get:51 http://127.0.0.1:12990/debian sid/main amd64 libmbedtls12 amd64 2.16.4-1 [134 kB]
Get:52 http://127.0.0.1:12990/debian sid/main amd64 libgit2-28 amd64 0.28.4+dfsg.1-2 [425 kB]
Get:53 http://127.0.0.1:12990/debian sid/main amd64 libllvm9 amd64 1:9.0.1-8 [15.0 MB]
Get:54 http://127.0.0.1:12990/debian sid/main amd64 libstd-rust-1.40 amd64 1.40.0+dfsg1-5 [13.4 MB]
Get:55 http://127.0.0.1:12990/debian sid/main amd64 libstd-rust-dev amd64 1.40.0+dfsg1-5 [21.4 MB]
Get:56 http://127.0.0.1:12990/debian sid/main amd64 rustc amd64 1.40.0+dfsg1-5 [2967 kB]
Get:57 http://127.0.0.1:12990/debian sid/main amd64 cargo amd64 0.40.0-3 [2777 kB]
Get:58 http://127.0.0.1:12990/debian sid/main amd64 libtool all 2.4.6-13 [513 kB]
Get:59 http://127.0.0.1:12990/debian sid/main amd64 dh-autoreconf all 19 [16.9 kB]
Get:60 http://127.0.0.1:12990/debian sid/main amd64 libdebhelper-perl all 12.9 [183 kB]
Get:61 http://127.0.0.1:12990/debian sid/main amd64 libarchive-zip-perl all 1.67-1 [104 kB]
Get:62 http://127.0.0.1:12990/debian sid/main amd64 libsub-override-perl all 0.09-2 [10.2 kB]
Get:63 http://127.0.0.1:12990/debian sid/main amd64 libfile-stripnondeterminism-perl all 1.6.3-2 [23.7 kB]
Get:64 http://127.0.0.1:12990/debian sid/main amd64 dh-strip-nondeterminism all 1.6.3-2 [14.7 kB]
Get:65 http://127.0.0.1:12990/debian sid/main amd64 libelf1 amd64 0.176-1.1 [161 kB]
Get:66 http://127.0.0.1:12990/debian sid/main amd64 dwz amd64 0.13-5 [151 kB]
Get:67 http://127.0.0.1:12990/debian sid/main amd64 libglib2.0-0 amd64 2.62.4-2 [1319 kB]
Get:68 http://127.0.0.1:12990/debian sid/main amd64 libicu63 amd64 63.2-2 [8301 kB]
Get:69 http://127.0.0.1:12990/debian sid/main amd64 libxml2 amd64 2.9.10+dfsg-3 [709 kB]
Get:70 http://127.0.0.1:12990/debian sid/main amd64 libcroco3 amd64 0.6.13-1 [146 kB]
Get:71 http://127.0.0.1:12990/debian sid/main amd64 gettext amd64 0.19.8.1-10 [1303 kB]
Get:72 http://127.0.0.1:12990/debian sid/main amd64 intltool-debian all 0.35.0+20060710.5 [26.8 kB]
Get:73 http://127.0.0.1:12990/debian sid/main amd64 po-debconf all 1.0.21 [248 kB]
Get:74 http://127.0.0.1:12990/debian sid/main amd64 debhelper all 12.9 [994 kB]
Get:75 http://127.0.0.1:12990/debian sid/main amd64 dh-cargo all 23 [9652 B]
Get:76 http://127.0.0.1:12990/debian sid/main amd64 help2man amd64 1.47.12 [180 kB]
Get:77 http://127.0.0.1:12990/debian sid/main amd64 librust-bitflags-dev amd64 1.2.1-1 [19.2 kB]
Get:78 http://127.0.0.1:12990/debian sid/main amd64 librust-unicode-width-dev amd64 0.1.7-1 [16.3 kB]
Get:79 http://127.0.0.1:12990/debian sid/main amd64 librust-getopts-dev amd64 0.2.21-2 [19.3 kB]
debconf: delaying package configuration, since apt-utils is not installed
Fetched 85.2 MB in 3s (27.4 MB/s)
Selecting previously unselected package bsdmainutils.
(Reading database ... 12960 files and directories currently installed.)
Preparing to unpack .../0-bsdmainutils_11.1.2+b1_amd64.deb ...
Unpacking bsdmainutils (11.1.2+b1) ...
Selecting previously unselected package libuchardet0:amd64.
Preparing to unpack .../1-libuchardet0_0.0.6-3_amd64.deb ...
Unpacking libuchardet0:amd64 (0.0.6-3) ...
Selecting previously unselected package groff-base.
Preparing to unpack .../2-groff-base_1.22.4-4_amd64.deb ...
Unpacking groff-base (1.22.4-4) ...
Selecting previously unselected package libpipeline1:amd64.
Preparing to unpack .../3-libpipeline1_1.5.2-2_amd64.deb ...
Unpacking libpipeline1:amd64 (1.5.2-2) ...
Selecting previously unselected package man-db.
Preparing to unpack .../4-man-db_2.9.0-2_amd64.deb ...
Unpacking man-db (2.9.0-2) ...
Selecting previously unselected package liblocale-gettext-perl.
Preparing to unpack .../5-liblocale-gettext-perl_1.07-4_amd64.deb ...
Unpacking liblocale-gettext-perl (1.07-4) ...
Selecting previously unselected package libssl1.1:amd64.
Preparing to unpack .../6-libssl1.1_1.1.1d-2_amd64.deb ...
Unpacking libssl1.1:amd64 (1.1.1d-2) ...
Selecting previously unselected package libpython3.7-minimal:amd64.
Preparing to unpack .../7-libpython3.7-minimal_3.7.6-1+b1_amd64.deb ...
Unpacking libpython3.7-minimal:amd64 (3.7.6-1+b1) ...
Selecting previously unselected package libexpat1:amd64.
Preparing to unpack .../8-libexpat1_2.2.9-1_amd64.deb ...
Unpacking libexpat1:amd64 (2.2.9-1) ...
Selecting previously unselected package python3.7-minimal.
Preparing to unpack .../9-python3.7-minimal_3.7.6-1+b1_amd64.deb ...
Unpacking python3.7-minimal (3.7.6-1+b1) ...
Setting up libssl1.1:amd64 (1.1.1d-2) ...
Setting up libpython3.7-minimal:amd64 (3.7.6-1+b1) ...
Setting up libexpat1:amd64 (2.2.9-1) ...
Setting up python3.7-minimal (3.7.6-1+b1) ...
Selecting previously unselected package python3-minimal.
(Reading database ... 13883 files and directories currently installed.)
Preparing to unpack .../0-python3-minimal_3.7.5-3_amd64.deb ...
Unpacking python3-minimal (3.7.5-3) ...
Selecting previously unselected package mime-support.
Preparing to unpack .../1-mime-support_3.64_all.deb ...
Unpacking mime-support (3.64) ...
Selecting previously unselected package libmpdec2:amd64.
Preparing to unpack .../2-libmpdec2_2.4.2-2_amd64.deb ...
Unpacking libmpdec2:amd64 (2.4.2-2) ...
Selecting previously unselected package readline-common.
Preparing to unpack .../3-readline-common_8.0-3_all.deb ...
Unpacking readline-common (8.0-3) ...
Selecting previously unselected package libreadline8:amd64.
Preparing to unpack .../4-libreadline8_8.0-3_amd64.deb ...
Unpacking libreadline8:amd64 (8.0-3) ...
Selecting previously unselected package libsqlite3-0:amd64.
Preparing to unpack .../5-libsqlite3-0_3.31.1-3_amd64.deb ...
Unpacking libsqlite3-0:amd64 (3.31.1-3) ...
Selecting previously unselected package libpython3.7-stdlib:amd64.
Preparing to unpack .../6-libpython3.7-stdlib_3.7.6-1+b1_amd64.deb ...
Unpacking libpython3.7-stdlib:amd64 (3.7.6-1+b1) ...
Selecting previously unselected package python3.7.
Preparing to unpack .../7-python3.7_3.7.6-1+b1_amd64.deb ...
Unpacking python3.7 (3.7.6-1+b1) ...
Selecting previously unselected package libpython3-stdlib:amd64.
Preparing to unpack .../8-libpython3-stdlib_3.7.5-3_amd64.deb ...
Unpacking libpython3-stdlib:amd64 (3.7.5-3) ...
Setting up python3-minimal (3.7.5-3) ...
Selecting previously unselected package python3.
(Reading database ... 14354 files and directories currently installed.)
Preparing to unpack .../00-python3_3.7.5-3_amd64.deb ...
Unpacking python3 (3.7.5-3) ...
Selecting previously unselected package sensible-utils.
Preparing to unpack .../01-sensible-utils_0.0.12+nmu1_all.deb ...
Unpacking sensible-utils (0.0.12+nmu1) ...
Selecting previously unselected package libmagic-mgc.
Preparing to unpack .../02-libmagic-mgc_1%3a5.38-4_amd64.deb ...
Unpacking libmagic-mgc (1:5.38-4) ...
Selecting previously unselected package libmagic1:amd64.
Preparing to unpack .../03-libmagic1_1%3a5.38-4_amd64.deb ...
Unpacking libmagic1:amd64 (1:5.38-4) ...
Selecting previously unselected package file.
Preparing to unpack .../04-file_1%3a5.38-4_amd64.deb ...
Unpacking file (1:5.38-4) ...
Selecting previously unselected package gettext-base.
Preparing to unpack .../05-gettext-base_0.19.8.1-10_amd64.deb ...
Unpacking gettext-base (0.19.8.1-10) ...
Selecting previously unselected package libsigsegv2:amd64.
Preparing to unpack .../06-libsigsegv2_2.12-2_amd64.deb ...
Unpacking libsigsegv2:amd64 (2.12-2) ...
Selecting previously unselected package m4.
Preparing to unpack .../07-m4_1.4.18-4_amd64.deb ...
Unpacking m4 (1.4.18-4) ...
Selecting previously unselected package autoconf.
Preparing to unpack .../08-autoconf_2.69-11.1_all.deb ...
Unpacking autoconf (2.69-11.1) ...
Selecting previously unselected package autotools-dev.
Preparing to unpack .../09-autotools-dev_20180224.1_all.deb ...
Unpacking autotools-dev (20180224.1) ...
Selecting previously unselected package automake.
Preparing to unpack .../10-automake_1%3a1.16.1-4_all.deb ...
Unpacking automake (1:1.16.1-4) ...
Selecting previously unselected package autopoint.
Preparing to unpack .../11-autopoint_0.19.8.1-10_all.deb ...
Unpacking autopoint (0.19.8.1-10) ...
Selecting previously unselected package libbrotli1:amd64.
Preparing to unpack .../12-libbrotli1_1.0.7-6_amd64.deb ...
Unpacking libbrotli1:amd64 (1.0.7-6) ...
Selecting previously unselected package libkeyutils1:amd64.
Preparing to unpack .../13-libkeyutils1_1.6.1-2_amd64.deb ...
Unpacking libkeyutils1:amd64 (1.6.1-2) ...
Selecting previously unselected package libkrb5support0:amd64.
Preparing to unpack .../14-libkrb5support0_1.17-6_amd64.deb ...
Unpacking libkrb5support0:amd64 (1.17-6) ...
Selecting previously unselected package libk5crypto3:amd64.
Preparing to unpack .../15-libk5crypto3_1.17-6_amd64.deb ...
Unpacking libk5crypto3:amd64 (1.17-6) ...
Selecting previously unselected package libkrb5-3:amd64.
Preparing to unpack .../16-libkrb5-3_1.17-6_amd64.deb ...
Unpacking libkrb5-3:amd64 (1.17-6) ...
Selecting previously unselected package libgssapi-krb5-2:amd64.
Preparing to unpack .../17-libgssapi-krb5-2_1.17-6_amd64.deb ...
Unpacking libgssapi-krb5-2:amd64 (1.17-6) ...
Selecting previously unselected package libsasl2-modules-db:amd64.
Preparing to unpack .../18-libsasl2-modules-db_2.1.27+dfsg-2_amd64.deb ...
Unpacking libsasl2-modules-db:amd64 (2.1.27+dfsg-2) ...
Selecting previously unselected package libsasl2-2:amd64.
Preparing to unpack .../19-libsasl2-2_2.1.27+dfsg-2_amd64.deb ...
Unpacking libsasl2-2:amd64 (2.1.27+dfsg-2) ...
Selecting previously unselected package libldap-common.
Preparing to unpack .../20-libldap-common_2.4.49+dfsg-1_all.deb ...
Unpacking libldap-common (2.4.49+dfsg-1) ...
Selecting previously unselected package libldap-2.4-2:amd64.
Preparing to unpack .../21-libldap-2.4-2_2.4.49+dfsg-1_amd64.deb ...
Unpacking libldap-2.4-2:amd64 (2.4.49+dfsg-1) ...
Selecting previously unselected package libnghttp2-14:amd64.
Preparing to unpack .../22-libnghttp2-14_1.40.0-1_amd64.deb ...
Unpacking libnghttp2-14:amd64 (1.40.0-1) ...
Selecting previously unselected package libpsl5:amd64.
Preparing to unpack .../23-libpsl5_0.20.2-2_amd64.deb ...
Unpacking libpsl5:amd64 (0.20.2-2) ...
Selecting previously unselected package librtmp1:amd64.
Preparing to unpack .../24-librtmp1_2.4+20151223.gitfa8646d.1-2+b1_amd64.deb ...
Unpacking librtmp1:amd64 (2.4+20151223.gitfa8646d.1-2+b1) ...
Selecting previously unselected package libssh2-1:amd64.
Preparing to unpack .../25-libssh2-1_1.8.0-2.1_amd64.deb ...
Unpacking libssh2-1:amd64 (1.8.0-2.1) ...
Selecting previously unselected package libcurl3-gnutls:amd64.
Preparing to unpack .../26-libcurl3-gnutls_7.68.0-1_amd64.deb ...
Unpacking libcurl3-gnutls:amd64 (7.68.0-1) ...
Selecting previously unselected package libhttp-parser2.9:amd64.
Preparing to unpack .../27-libhttp-parser2.9_2.9.2-2_amd64.deb ...
Unpacking libhttp-parser2.9:amd64 (2.9.2-2) ...
Selecting previously unselected package libmbedcrypto3:amd64.
Preparing to unpack .../28-libmbedcrypto3_2.16.4-1_amd64.deb ...
Unpacking libmbedcrypto3:amd64 (2.16.4-1) ...
Selecting previously unselected package libmbedx509-0:amd64.
Preparing to unpack .../29-libmbedx509-0_2.16.4-1_amd64.deb ...
Unpacking libmbedx509-0:amd64 (2.16.4-1) ...
Selecting previously unselected package libmbedtls12:amd64.
Preparing to unpack .../30-libmbedtls12_2.16.4-1_amd64.deb ...
Unpacking libmbedtls12:amd64 (2.16.4-1) ...
Selecting previously unselected package libgit2-28:amd64.
Preparing to unpack .../31-libgit2-28_0.28.4+dfsg.1-2_amd64.deb ...
Unpacking libgit2-28:amd64 (0.28.4+dfsg.1-2) ...
Selecting previously unselected package libllvm9:amd64.
Preparing to unpack .../32-libllvm9_1%3a9.0.1-8_amd64.deb ...
Unpacking libllvm9:amd64 (1:9.0.1-8) ...
Selecting previously unselected package libstd-rust-1.40:amd64.
Preparing to unpack .../33-libstd-rust-1.40_1.40.0+dfsg1-5_amd64.deb ...
Unpacking libstd-rust-1.40:amd64 (1.40.0+dfsg1-5) ...
Selecting previously unselected package libstd-rust-dev:amd64.
Preparing to unpack .../34-libstd-rust-dev_1.40.0+dfsg1-5_amd64.deb ...
Unpacking libstd-rust-dev:amd64 (1.40.0+dfsg1-5) ...
Selecting previously unselected package rustc.
Preparing to unpack .../35-rustc_1.40.0+dfsg1-5_amd64.deb ...
Unpacking rustc (1.40.0+dfsg1-5) ...
Selecting previously unselected package cargo.
Preparing to unpack .../36-cargo_0.40.0-3_amd64.deb ...
Unpacking cargo (0.40.0-3) ...
Selecting previously unselected package libtool.
Preparing to unpack .../37-libtool_2.4.6-13_all.deb ...
Unpacking libtool (2.4.6-13) ...
Selecting previously unselected package dh-autoreconf.
Preparing to unpack .../38-dh-autoreconf_19_all.deb ...
Unpacking dh-autoreconf (19) ...
Selecting previously unselected package libdebhelper-perl.
Preparing to unpack .../39-libdebhelper-perl_12.9_all.deb ...
Unpacking libdebhelper-perl (12.9) ...
Selecting previously unselected package libarchive-zip-perl.
Preparing to unpack .../40-libarchive-zip-perl_1.67-1_all.deb ...
Unpacking libarchive-zip-perl (1.67-1) ...
Selecting previously unselected package libsub-override-perl.
Preparing to unpack .../41-libsub-override-perl_0.09-2_all.deb ...
Unpacking libsub-override-perl (0.09-2) ...
Selecting previously unselected package libfile-stripnondeterminism-perl.
Preparing to unpack .../42-libfile-stripnondeterminism-perl_1.6.3-2_all.deb ...
Unpacking libfile-stripnondeterminism-perl (1.6.3-2) ...
Selecting previously unselected package dh-strip-nondeterminism.
Preparing to unpack .../43-dh-strip-nondeterminism_1.6.3-2_all.deb ...
Unpacking dh-strip-nondeterminism (1.6.3-2) ...
Selecting previously unselected package libelf1:amd64.
Preparing to unpack .../44-libelf1_0.176-1.1_amd64.deb ...
Unpacking libelf1:amd64 (0.176-1.1) ...
Selecting previously unselected package dwz.
Preparing to unpack .../45-dwz_0.13-5_amd64.deb ...
Unpacking dwz (0.13-5) ...
Selecting previously unselected package libglib2.0-0:amd64.
Preparing to unpack .../46-libglib2.0-0_2.62.4-2_amd64.deb ...
Unpacking libglib2.0-0:amd64 (2.62.4-2) ...
Selecting previously unselected package libicu63:amd64.
Preparing to unpack .../47-libicu63_63.2-2_amd64.deb ...
Unpacking libicu63:amd64 (63.2-2) ...
Selecting previously unselected package libxml2:amd64.
Preparing to unpack .../48-libxml2_2.9.10+dfsg-3_amd64.deb ...
Unpacking libxml2:amd64 (2.9.10+dfsg-3) ...
Selecting previously unselected package libcroco3:amd64.
Preparing to unpack .../49-libcroco3_0.6.13-1_amd64.deb ...
Unpacking libcroco3:amd64 (0.6.13-1) ...
Selecting previously unselected package gettext.
Preparing to unpack .../50-gettext_0.19.8.1-10_amd64.deb ...
Unpacking gettext (0.19.8.1-10) ...
Selecting previously unselected package intltool-debian.
Preparing to unpack .../51-intltool-debian_0.35.0+20060710.5_all.deb ...
Unpacking intltool-debian (0.35.0+20060710.5) ...
Selecting previously unselected package po-debconf.
Preparing to unpack .../52-po-debconf_1.0.21_all.deb ...
Unpacking po-debconf (1.0.21) ...
Selecting previously unselected package debhelper.
Preparing to unpack .../53-debhelper_12.9_all.deb ...
Unpacking debhelper (12.9) ...
Selecting previously unselected package dh-cargo.
Preparing to unpack .../54-dh-cargo_23_all.deb ...
Unpacking dh-cargo (23) ...
Selecting previously unselected package help2man.
Preparing to unpack .../55-help2man_1.47.12_amd64.deb ...
Unpacking help2man (1.47.12) ...
Selecting previously unselected package librust-bitflags-dev:amd64.
Preparing to unpack .../56-librust-bitflags-dev_1.2.1-1_amd64.deb ...
Unpacking librust-bitflags-dev:amd64 (1.2.1-1) ...
Selecting previously unselected package librust-unicode-width-dev:amd64.
Preparing to unpack .../57-librust-unicode-width-dev_0.1.7-1_amd64.deb ...
Unpacking librust-unicode-width-dev:amd64 (0.1.7-1) ...
Selecting previously unselected package librust-getopts-dev:amd64.
Preparing to unpack .../58-librust-getopts-dev_0.2.21-2_amd64.deb ...
Unpacking librust-getopts-dev:amd64 (0.2.21-2) ...
Selecting previously unselected package sbuild-build-depends-main-dummy.
Preparing to unpack .../59-sbuild-build-depends-main-dummy_0.invalid.0_amd64.deb ...
Unpacking sbuild-build-depends-main-dummy (0.invalid.0) ...
Setting up libpipeline1:amd64 (1.5.2-2) ...
Setting up libkeyutils1:amd64 (1.6.1-2) ...
Setting up libpsl5:amd64 (0.20.2-2) ...
Setting up mime-support (3.64) ...
Setting up libstd-rust-1.40:amd64 (1.40.0+dfsg1-5) ...
Setting up libmagic-mgc (1:5.38-4) ...
Setting up libarchive-zip-perl (1.67-1) ...
Setting up libglib2.0-0:amd64 (2.62.4-2) ...
No schema files found: doing nothing.
Setting up libdebhelper-perl (12.9) ...
Setting up libbrotli1:amd64 (1.0.7-6) ...
Setting up libsqlite3-0:amd64 (3.31.1-3) ...
Setting up libnghttp2-14:amd64 (1.40.0-1) ...
Setting up libmagic1:amd64 (1:5.38-4) ...
Setting up gettext-base (0.19.8.1-10) ...
Setting up file (1:5.38-4) ...
Setting up libldap-common (2.4.49+dfsg-1) ...
Setting up libicu63:amd64 (63.2-2) ...
Setting up libkrb5support0:amd64 (1.17-6) ...
Setting up libsasl2-modules-db:amd64 (2.1.27+dfsg-2) ...
Setting up libstd-rust-dev:amd64 (1.40.0+dfsg1-5) ...
Setting up autotools-dev (20180224.1) ...
Setting up librtmp1:amd64 (2.4+20151223.gitfa8646d.1-2+b1) ...
Setting up libsigsegv2:amd64 (2.12-2) ...
Setting up bsdmainutils (11.1.2+b1) ...
update-alternatives: using /usr/bin/bsd-write to provide /usr/bin/write (write) in auto mode
update-alternatives: using /usr/bin/bsd-from to provide /usr/bin/from (from) in auto mode
Setting up autopoint (0.19.8.1-10) ...
Setting up librust-bitflags-dev:amd64 (1.2.1-1) ...
Setting up libk5crypto3:amd64 (1.17-6) ...
Setting up libsasl2-2:amd64 (2.1.27+dfsg-2) ...
Setting up librust-unicode-width-dev:amd64 (0.1.7-1) ...
Setting up sensible-utils (0.0.12+nmu1) ...
Setting up libuchardet0:amd64 (0.0.6-3) ...
Setting up libmbedcrypto3:amd64 (2.16.4-1) ...
Setting up libsub-override-perl (0.09-2) ...
Setting up libssh2-1:amd64 (1.8.0-2.1) ...
Setting up libkrb5-3:amd64 (1.17-6) ...
Setting up libmpdec2:amd64 (2.4.2-2) ...
Setting up libelf1:amd64 (0.176-1.1) ...
Setting up readline-common (8.0-3) ...
Setting up libxml2:amd64 (2.9.10+dfsg-3) ...
Setting up libllvm9:amd64 (1:9.0.1-8) ...
Setting up liblocale-gettext-perl (1.07-4) ...
Setting up libhttp-parser2.9:amd64 (2.9.2-2) ...
Setting up librust-getopts-dev:amd64 (0.2.21-2) ...
Setting up libfile-stripnondeterminism-perl (1.6.3-2) ...
Setting up libtool (2.4.6-13) ...
Setting up libmbedx509-0:amd64 (2.16.4-1) ...
Setting up libreadline8:amd64 (8.0-3) ...
Setting up libmbedtls12:amd64 (2.16.4-1) ...
Setting up libldap-2.4-2:amd64 (2.4.49+dfsg-1) ...
Setting up m4 (1.4.18-4) ...
Setting up help2man (1.47.12) ...
Setting up libgssapi-krb5-2:amd64 (1.17-6) ...
Setting up libcroco3:amd64 (0.6.13-1) ...
Setting up autoconf (2.69-11.1) ...
Setting up dh-strip-nondeterminism (1.6.3-2) ...
Setting up dwz (0.13-5) ...
Setting up rustc (1.40.0+dfsg1-5) ...
Setting up groff-base (1.22.4-4) ...
Setting up automake (1:1.16.1-4) ...
update-alternatives: using /usr/bin/automake-1.16 to provide /usr/bin/automake (automake) in auto mode
Setting up libgit2-28:amd64 (0.28.4+dfsg.1-2) ...
Setting up libpython3.7-stdlib:amd64 (3.7.6-1+b1) ...
Setting up gettext (0.19.8.1-10) ...
Setting up libcurl3-gnutls:amd64 (7.68.0-1) ...
Setting up man-db (2.9.0-2) ...
Not building database; man-db/auto-update is not 'true'.
Setting up intltool-debian (0.35.0+20060710.5) ...
Setting up cargo (0.40.0-3) ...
Setting up libpython3-stdlib:amd64 (3.7.5-3) ...
Setting up python3.7 (3.7.6-1+b1) ...
Setting up po-debconf (1.0.21) ...
Setting up python3 (3.7.5-3) ...
Setting up dh-autoreconf (19) ...
Setting up debhelper (12.9) ...
Setting up dh-cargo (23) ...
Setting up sbuild-build-depends-main-dummy (0.invalid.0) ...
Processing triggers for libc-bin (2.29-10) ...

+------------------------------------------------------------------------------+
| Check architectures                                                          |
+------------------------------------------------------------------------------+

Arch check ok (amd64 included in any)

+------------------------------------------------------------------------------+
| Build environment                                                            |
+------------------------------------------------------------------------------+

Kernel: Linux 4.19.0-6-cloud-amd64 #1 SMP Debian 4.19.67-2+deb10u2 (2019-11-11) amd64 (x86_64)
Toolchain package versions: binutils_2.34-3 dpkg-dev_1.19.7 g++-9_9.2.1-29 gcc-9_9.2.1-29 libc6-dev_2.29-10 libstdc++-9-dev_9.2.1-29 libstdc++6_10-20200222-1 linux-libc-dev_5.4.19-1
Package versions: adduser_3.118 apt_1.8.4 autoconf_2.69-11.1 automake_1:1.16.1-4 autopoint_0.19.8.1-10 autotools-dev_20180224.1 base-files_11 base-passwd_3.5.47 bash_5.0-5 binutils_2.34-3 binutils-common_2.34-3 binutils-x86-64-linux-gnu_2.34-3 bsdmainutils_11.1.2+b1 bsdutils_1:2.34-0.1 build-essential_12.8 bzip2_1.0.8-2 cargo_0.40.0-3 clang-10_1:10.0.0~+rc2-1 coreutils_8.30-3+b1 cpp_4:9.2.1-3.1 cpp-9_9.2.1-29 dash_0.5.10.2-6 debconf_1.5.73 debhelper_12.9 debian-archive-keyring_2019.1 debianutils_4.9.1 dh-autoreconf_19 dh-cargo_23 dh-strip-nondeterminism_1.6.3-2 diffutils_1:3.7-3 dpkg_1.19.7 dpkg-dev_1.19.7 dwz_0.13-5 e2fsprogs_1.45.5-2 fakeroot_1.24-1 fdisk_2.34-0.1 file_1:5.38-4 findutils_4.7.0-1 g++_4:9.2.1-3.1 g++-9_9.2.1-29 gcc_4:9.2.1-3.1 gcc-10-base_10-20200222-1 gcc-9_9.2.1-29 gcc-9-base_9.2.1-29 gettext_0.19.8.1-10 gettext-base_0.19.8.1-10 gpgv_2.2.19-1 grep_3.4-1 groff-base_1.22.4-4 gzip_1.9-3+b1 help2man_1.47.12 hostname_3.23 init-system-helpers_1.57 intltool-debian_0.35.0+20060710.5 lib32gcc-s1_10-20200222-1 lib32gcc1_1:10-20200222-1 lib32stdc++6_10-20200222-1 libacl1_2.2.53-5 libapt-pkg5.0_1.8.4 libarchive-zip-perl_1.67-1 libasan5_9.2.1-29 libatomic1_10-20200222-1 libattr1_1:2.4.48-5 libaudit-common_1:2.8.5-2 libaudit1_1:2.8.5-2+b1 libbinutils_2.34-3 libblkid1_2.34-0.1 libbrotli1_1.0.7-6 libbsd0_0.10.0-1 libbz2-1.0_1.0.8-2 libc-bin_2.29-10 libc-dev-bin_2.29-10 libc6_2.29-10 libc6-dev_2.29-10 libc6-i386_2.29-10 libcap-ng0_0.7.9-2.1+b1 libcc1-0_10-20200222-1 libclang-common-10-dev_1:10.0.0~+rc2-1 libclang-cpp10_1:10.0.0~+rc2-1 libclang1-10_1:10.0.0~+rc2-1 libcom-err2_1.45.5-2 libcroco3_0.6.13-1 libcrypt-dev_1:4.4.10-10 libcrypt1_1:4.4.10-10 libctf-nobfd0_2.34-3 libctf0_2.34-3 libcurl3-gnutls_7.68.0-1 libdb5.3_5.3.28+dfsg1-0.6 libdebconfclient0_0.251 libdebhelper-perl_12.9 libdpkg-perl_1.19.7 libedit2_3.1-20191231-1 libelf1_0.176-1.1 libexpat1_2.2.9-1 libext2fs2_1.45.5-2 libfakeroot_1.24-1 libfdisk1_2.34-0.1 libffi7_3.3-3 libfile-stripnondeterminism-perl_1.6.3-2 libgc1c2_1:7.6.4-0.4 libgcc-9-dev_9.2.1-29 libgcc-s1_10-20200222-1 libgcc1_1:10-20200222-1 libgcrypt20_1.8.5-5 libgdbm-compat4_1.18.1-5 libgdbm6_1.18.1-5 libgit2-28_0.28.4+dfsg.1-2 libglib2.0-0_2.62.4-2 libgmp10_2:6.2.0+dfsg-4 libgnutls30_3.6.12-2 libgomp1_10-20200222-1 libgpg-error0_1.37-1 libgssapi-krb5-2_1.17-6 libhogweed5_3.5.1+really3.5.1-2 libhttp-parser2.9_2.9.2-2 libicu63_63.2-2 libidn2-0_2.2.0-2 libisl22_0.22.1-1 libitm1_10-20200222-1 libk5crypto3_1.17-6 libkeyutils1_1.6.1-2 libkrb5-3_1.17-6 libkrb5support0_1.17-6 libldap-2.4-2_2.4.49+dfsg-1 libldap-common_2.4.49+dfsg-1 libllvm10_1:10.0.0~+rc2-1 libllvm9_1:9.0.1-8 liblocale-gettext-perl_1.07-4 liblsan0_10-20200222-1 liblz4-1_1.9.2-2 liblzma5_5.2.4-1+b1 libmagic-mgc_1:5.38-4 libmagic1_1:5.38-4 libmbedcrypto3_2.16.4-1 libmbedtls12_2.16.4-1 libmbedx509-0_2.16.4-1 libmount1_2.34-0.1 libmpc3_1.1.0-1 libmpdec2_2.4.2-2 libmpfr6_4.0.2-1 libncursesw6_6.1+20191019-1 libnettle7_3.5.1+really3.5.1-2 libnghttp2-14_1.40.0-1 libobjc-9-dev_9.2.1-29 libobjc4_10-20200222-1 libomp-10-dev_1:10.0.0~+rc2-1 libomp5-10_1:10.0.0~+rc2-1 libp11-kit0_0.23.20-1 libpam-modules_1.3.1-5 libpam-modules-bin_1.3.1-5 libpam-runtime_1.3.1-5 libpam0g_1.3.1-5 libpcre2-8-0_10.34-7 libpcre3_2:8.39-12+b1 libperl5.30_5.30.0-9 libpipeline1_1.5.2-2 libpsl5_0.20.2-2 libpython3-stdlib_3.7.5-3 libpython3.7-minimal_3.7.6-1+b1 libpython3.7-stdlib_3.7.6-1+b1 libquadmath0_10-20200222-1 libreadline8_8.0-3 librtmp1_2.4+20151223.gitfa8646d.1-2+b1 librust-bitflags-dev_1.2.1-1 librust-getopts-dev_0.2.21-2 librust-unicode-width-dev_0.1.7-1 libsasl2-2_2.1.27+dfsg-2 libsasl2-modules-db_2.1.27+dfsg-2 libseccomp2_2.4.2-2 libselinux1_3.0-1+b1 libsemanage-common_3.0-1 libsemanage1_3.0-1+b1 libsepol1_3.0-1 libsigsegv2_2.12-2 libsmartcols1_2.34-0.1 libsqlite3-0_3.31.1-3 libss2_1.45.5-2 libssh2-1_1.8.0-2.1 libssl1.1_1.1.1d-2 libstd-rust-1.40_1.40.0+dfsg1-5 libstd-rust-dev_1.40.0+dfsg1-5 libstdc++-9-dev_9.2.1-29 libstdc++6_10-20200222-1 libsub-override-perl_0.09-2 libsystemd0_244.3-1 libtasn1-6_4.16.0-2 libtinfo6_6.1+20191019-1 libtool_2.4.6-13 libtsan0_10-20200222-1 libubsan1_10-20200222-1 libuchardet0_0.0.6-3 libudev1_244.3-1 libunistring2_0.9.10-2 libuuid1_2.34-0.1 libxml2_2.9.10+dfsg-3 libz3-4_4.8.7-4 libzstd1_1.4.4+dfsg-3 linux-libc-dev_5.4.19-1 login_1:4.8.1-1 logsave_1.45.5-2 lsb-base_11.1.0 m4_1.4.18-4 make_4.2.1-1.2 man-db_2.9.0-2 mawk_1.3.4.20200120-2 mime-support_3.64 mount_2.34-0.1 ncurses-base_6.1+20191019-1 ncurses-bin_6.1+20191019-1 passwd_1:4.8.1-1 patch_2.7.6-6 perl_5.30.0-9 perl-base_5.30.0-9 perl-modules-5.30_5.30.0-9 po-debconf_1.0.21 python3_3.7.5-3 python3-minimal_3.7.5-3 python3.7_3.7.6-1+b1 python3.7-minimal_3.7.6-1+b1 readline-common_8.0-3 rustc_1.40.0+dfsg1-5 sbuild-build-depends-main-dummy_0.invalid.0 sed_4.7-1 sensible-utils_0.0.12+nmu1 sysvinit-utils_2.96-2.1 tar_1.30+dfsg-6+b1 tzdata_2019c-3 util-linux_2.34-0.1 xz-utils_5.2.4-1+b1 zlib1g_1:1.2.11.dfsg-2

+------------------------------------------------------------------------------+
| Build                                                                        |
+------------------------------------------------------------------------------+


Unpack source
-------------

-----BEGIN PGP SIGNED MESSAGE-----
Hash: SHA256

Format: 3.0 (quilt)
Source: rust-pulldown-cmark
Binary: librust-pulldown-cmark-dev, librust-pulldown-cmark+default-dev, librust-pulldown-cmark+getopts-dev, pulldown-cmark
Architecture: any
Version: 0.2.0-1
Maintainer: Debian Rust Maintainers <pkg-rust-maintainers@alioth-lists.debian.net>
Uploaders:  Wolfgang Silbermayr <wolfgang@silbermayr.at>
Standards-Version: 4.2.0
Vcs-Browser: https://salsa.debian.org/rust-team/debcargo-conf/tree/master/src/pulldown-cmark
Vcs-Git: https://salsa.debian.org/rust-team/debcargo-conf.git [src/pulldown-cmark]
Build-Depends: debhelper (>= 11), dh-cargo (>= 10), cargo:native, rustc:native, libstd-rust-dev, librust-bitflags-1+default-dev, librust-getopts-0.2+default-dev, help2man
Package-List:
 librust-pulldown-cmark+default-dev deb rust optional arch=any
 librust-pulldown-cmark+getopts-dev deb rust optional arch=any
 librust-pulldown-cmark-dev deb rust optional arch=any
 pulldown-cmark deb text optional arch=any
Checksums-Sha1:
 2fc74ac93cdfcf013991587bb57d8f2990cf272f 119609 rust-pulldown-cmark_0.2.0.orig.tar.gz
 c03eb58a03a51568f9b0175abf1fa7c0826b67d5 8720 rust-pulldown-cmark_0.2.0-1.debian.tar.xz
Checksums-Sha256:
 eef52fac62d0ea7b9b4dc7da092aa64ea7ec3d90af6679422d3d7e0e14b6ee15 119609 rust-pulldown-cmark_0.2.0.orig.tar.gz
 882bc5b2efec0d7a2e9a5210dc97fa75848eb95c1568d85ca50a69aff26c1ff1 8720 rust-pulldown-cmark_0.2.0-1.debian.tar.xz
Files:
 575a19c05fd5c72e2cb36d0d404522bc 119609 rust-pulldown-cmark_0.2.0.orig.tar.gz
 9c70e780b2699b3964a55335cf820721 8720 rust-pulldown-cmark_0.2.0-1.debian.tar.xz

-----BEGIN PGP SIGNATURE-----

iQIzBAEBCAAdFiEEtg21mU05vsTRqVzPfmUo2nUvG+EFAlv0BlAACgkQfmUo2nUv
G+H+zA//XfJpdw8cKSZF/OWqvp2g7+EPIesHZIzeyejPBCXrBsfwTK/gZjKV9zvF
obalAVjuZclc/vpk5aLOzYUrt/KRerPFKq7jhxwRC3cPU541jjfbR3uKPXsbvu/e
0zhf67Yod9bn5n7rpd2PifT3tWaYU3mqqetXKH8ne2XShbB0pjUtz3ecivihRRk9
5PjbZ3fVa31DeY624y8fpCd5QiIR18CIplLf3xdIVUAj7dxuvQ+Kj7l2gX7dq1Kz
y3Zl0wlstyqYgpl2E1QXOT15CMQh15jLFLnw7GHPFNr/hJptfZki9w1tbJo4x2Xm
uay+qCxJL5NJYqiQsNwD5MP0pEDJucoM4Bas23mGfPjopdorcp/G89OWG1lImW6S
fc+3lhmFSIvzLTnXYYAaU+wIY5inQYZdgw/cxlvI4c7Ss7yebS5lbkwg3YlnLyC9
FUbe2AvVY2ukJFMLdBYBEPcvQUAZrga3XKhsa62/3f4lCMm8AC6bTuICWUkKgelf
sB3dF72v0cZwh5BSTonTcdx/YrTwuaGOjMfU4qxNCyuQc+stSwmTjZcsLQXn/IRI
ExpKPuwCd3oh+3vFaUGRbd3b7ms6AiM9OI6dwHUEaHWm6gjlm41fooXyICYEgKH1
SZ93mdFb+fj4y81XCKPUe4soVbPybf6LDrcwyFbcsZQr6/u6UwU=
=yf/3
-----END PGP SIGNATURE-----

gpgv: unknown type of key resource 'trustedkeys.kbx'
gpgv: keyblock resource '/sbuild-nonexistent/.gnupg/trustedkeys.kbx': General error
gpgv: Signature made Tue Nov 20 13:04:16 2018 UTC
gpgv:                using RSA key B60DB5994D39BEC4D1A95CCF7E6528DA752F1BE1
gpgv: Can't check signature: No public key
dpkg-source: warning: failed to verify signature on ./rust-pulldown-cmark_0.2.0-1.dsc
dpkg-source: info: extracting rust-pulldown-cmark in /<<PKGBUILDDIR>>
dpkg-source: info: unpacking rust-pulldown-cmark_0.2.0.orig.tar.gz
dpkg-source: info: unpacking rust-pulldown-cmark_0.2.0-1.debian.tar.xz

Check disk space
----------------

Sufficient free space for build

User Environment
----------------

APT_CONFIG=/var/lib/sbuild/apt.conf
HOME=/sbuild-nonexistent
LANG=C.UTF-8
LC_ALL=C.UTF-8
LOGNAME=user42
PATH=/usr/local/sbin:/usr/local/bin:/usr/sbin:/usr/bin:/sbin:/bin:/usr/games
SCHROOT_ALIAS_NAME=unstable
SCHROOT_CHROOT_NAME=sid-amd64-sbuild
SCHROOT_COMMAND=env
SCHROOT_GID=1001
SCHROOT_GROUP=user42
SCHROOT_SESSION_ID=sid-amd64-sbuild-681a8ffe-0ce5-40f3-b534-9f108cf81593
SCHROOT_UID=1001
SCHROOT_USER=user42
SHELL=/bin/sh
USER=user42

dpkg-buildpackage
-----------------

Command: dpkg-buildpackage -us -uc -b -rfakeroot
dpkg-buildpackage: info: source package rust-pulldown-cmark
dpkg-buildpackage: info: source version 0.2.0-1
dpkg-buildpackage: info: source distribution unstable
dpkg-buildpackage: info: source changed by Wolfgang Silbermayr <wolfgang@silbermayr.at>
 dpkg-source --before-build .
dpkg-buildpackage: info: host architecture amd64
 fakeroot debian/rules clean
dh clean --buildsystem cargo
   dh_auto_clean -O--buildsystem=cargo
debian cargo wrapper: options, profiles, parallel: ['parallel=4'] [] ['-j4']
debian cargo wrapper: rust_type, gnu_type: x86_64-unknown-linux-gnu, x86_64-linux-gnu
debian cargo wrapper: running subprocess (['env', 'RUST_BACKTRACE=1', '/usr/bin/cargo', 'clean', '--verbose', '--verbose'],) {'check': True}
   dh_autoreconf_clean -O--buildsystem=cargo
   dh_clean -O--buildsystem=cargo
 debian/rules build
dh build --buildsystem cargo
   dh_update_autotools_config -O--buildsystem=cargo
   dh_autoreconf -O--buildsystem=cargo
   dh_auto_configure -O--buildsystem=cargo
debian cargo wrapper: options, profiles, parallel: ['parallel=4'] [] ['-j4']
debian cargo wrapper: rust_type, gnu_type: x86_64-unknown-linux-gnu, x86_64-linux-gnu
debian cargo wrapper: linking /usr/share/cargo/registry/* into /<<PKGBUILDDIR>>/debian/cargo_registry/
   dh_auto_build -O--buildsystem=cargo
   debian/rules override_dh_auto_test
make[1]: Entering directory '/<<PKGBUILDDIR>>'
dh_auto_test -- test --all || true
debian cargo wrapper: options, profiles, parallel: ['parallel=4'] [] ['-j4']
debian cargo wrapper: rust_type, gnu_type: x86_64-unknown-linux-gnu, x86_64-linux-gnu
debian cargo wrapper: running subprocess (['env', 'RUST_BACKTRACE=1', '/usr/bin/cargo', '-Zavoid-dev-deps', 'test', '--verbose', '--verbose', '-j4', '--target', 'x86_64-unknown-linux-gnu', '--all'],) {}
   Compiling bitflags v1.2.1
   Compiling pulldown-cmark v0.2.0 (/<<PKGBUILDDIR>>)
   Compiling unicode-width v0.1.7
     Running `CARGO_PKG_DESCRIPTION='A macro to generate structures which behave like bitflags.
' CARGO=/usr/bin/cargo LD_LIBRARY_PATH='/<<PKGBUILDDIR>>/target/debug/deps:/usr/lib' CARGO_PKG_NAME=bitflags CARGO_PKG_HOMEPAGE='https://github.com/bitflags/bitflags' CARGO_MANIFEST_DIR=/<<PKGBUILDDIR>>/debian/cargo_registry/bitflags-1.2.1 CARGO_PKG_VERSION_MINOR=2 CARGO_PKG_AUTHORS='The Rust Project Developers' CARGO_PKG_REPOSITORY='https://github.com/bitflags/bitflags' CARGO_PKG_VERSION_PRE= CARGO_PKG_VERSION_MAJOR=1 CARGO_PKG_VERSION_PATCH=1 CARGO_PKG_VERSION=1.2.1 rustc --crate-name build_script_build /<<PKGBUILDDIR>>/debian/cargo_registry/bitflags-1.2.1/build.rs --color never --crate-type bin --emit=dep-info,link -C debuginfo=2 --cfg 'feature="default"' -C metadata=22d3ee3c65d6072f -C extra-filename=-22d3ee3c65d6072f --out-dir /<<PKGBUILDDIR>>/target/debug/build/bitflags-22d3ee3c65d6072f -L dependency=/<<PKGBUILDDIR>>/target/debug/deps --cap-lints warn`
     Running `CARGO_PKG_DESCRIPTION='A pull parser for CommonMark' CARGO=/usr/bin/cargo LD_LIBRARY_PATH='/<<PKGBUILDDIR>>/target/debug/deps:/usr/lib' CARGO_PKG_NAME=pulldown-cmark CARGO_PKG_HOMEPAGE= CARGO_MANIFEST_DIR=/<<PKGBUILDDIR>> CARGO_PKG_VERSION_MINOR=2 CARGO_PKG_AUTHORS='Raph Levien <raph.levien@gmail.com>' CARGO_PKG_REPOSITORY='https://github.com/google/pulldown-cmark' CARGO_PKG_VERSION_PRE= CARGO_PKG_VERSION_MAJOR=0 CARGO_PKG_VERSION_PATCH=0 CARGO_PKG_VERSION=0.2.0 rustc --crate-name build_script_build build.rs --color never --crate-type bin --emit=dep-info,link -C debuginfo=2 --cfg 'feature="default"' --cfg 'feature="getopts"' -C metadata=3a6d0619452e660d -C extra-filename=-3a6d0619452e660d --out-dir /<<PKGBUILDDIR>>/target/debug/build/pulldown-cmark-3a6d0619452e660d -C incremental=/<<PKGBUILDDIR>>/target/debug/incremental -L dependency=/<<PKGBUILDDIR>>/target/debug/deps`
     Running `CARGO_PKG_DESCRIPTION='Determine displayed width of `char` and `str` types
according to Unicode Standard Annex #11 rules.
' CARGO=/usr/bin/cargo LD_LIBRARY_PATH='/<<PKGBUILDDIR>>/target/debug/deps:/usr/lib' CARGO_PKG_NAME=unicode-width CARGO_PKG_HOMEPAGE='https://github.com/unicode-rs/unicode-width' CARGO_MANIFEST_DIR=/<<PKGBUILDDIR>>/debian/cargo_registry/unicode-width-0.1.7 CARGO_PKG_VERSION_MINOR=1 CARGO_PKG_AUTHORS='kwantam <kwantam@gmail.com>:Manish Goregaokar <manishsmail@gmail.com>' CARGO_PKG_REPOSITORY='https://github.com/unicode-rs/unicode-width' CARGO_PKG_VERSION_PRE= CARGO_PKG_VERSION_MAJOR=0 CARGO_PKG_VERSION_PATCH=7 CARGO_PKG_VERSION=0.1.7 rustc --crate-name unicode_width /<<PKGBUILDDIR>>/debian/cargo_registry/unicode-width-0.1.7/src/lib.rs --error-format=json --json=diagnostic-rendered-ansi,artifacts --crate-type lib --emit=dep-info,metadata,link -C debuginfo=2 --cfg 'feature="default"' -C metadata=2b3cdfcebe747c15 -C extra-filename=-2b3cdfcebe747c15 --out-dir /<<PKGBUILDDIR>>/target/x86_64-unknown-linux-gnu/debug/deps --target x86_64-unknown-linux-gnu -L dependency=/<<PKGBUILDDIR>>/target/x86_64-unknown-linux-gnu/debug/deps -L dependency=/<<PKGBUILDDIR>>/target/debug/deps --cap-lints warn -C debuginfo=2 --cap-lints warn -C linker=x86_64-linux-gnu-gcc -C link-arg=-Wl,-z,relro --remap-path-prefix /<<PKGBUILDDIR>>=/usr/share/cargo/registry/pulldown-cmark-0.2.0`
   Compiling getopts v0.2.21
     Running `CARGO_PKG_DESCRIPTION='getopts-like option parsing.
' CARGO=/usr/bin/cargo LD_LIBRARY_PATH='/<<PKGBUILDDIR>>/target/debug/deps:/usr/lib' CARGO_PKG_NAME=getopts CARGO_PKG_HOMEPAGE='https://github.com/rust-lang/getopts' CARGO_MANIFEST_DIR=/<<PKGBUILDDIR>>/debian/cargo_registry/getopts-0.2.21 CARGO_PKG_VERSION_MINOR=2 CARGO_PKG_AUTHORS='The Rust Project Developers' CARGO_PKG_REPOSITORY='https://github.com/rust-lang/getopts' CARGO_PKG_VERSION_PRE= CARGO_PKG_VERSION_MAJOR=0 CARGO_PKG_VERSION_PATCH=21 CARGO_PKG_VERSION=0.2.21 rustc --crate-name getopts /<<PKGBUILDDIR>>/debian/cargo_registry/getopts-0.2.21/src/lib.rs --error-format=json --json=diagnostic-rendered-ansi,artifacts --crate-type lib --emit=dep-info,metadata,link -C debuginfo=2 -C metadata=d271406e9e090e7d -C extra-filename=-d271406e9e090e7d --out-dir /<<PKGBUILDDIR>>/target/x86_64-unknown-linux-gnu/debug/deps --target x86_64-unknown-linux-gnu -L dependency=/<<PKGBUILDDIR>>/target/x86_64-unknown-linux-gnu/debug/deps -L dependency=/<<PKGBUILDDIR>>/target/debug/deps --extern unicode_width=/<<PKGBUILDDIR>>/target/x86_64-unknown-linux-gnu/debug/deps/libunicode_width-2b3cdfcebe747c15.rmeta --cap-lints warn -C debuginfo=2 --cap-lints warn -C linker=x86_64-linux-gnu-gcc -C link-arg=-Wl,-z,relro --remap-path-prefix /<<PKGBUILDDIR>>=/usr/share/cargo/registry/pulldown-cmark-0.2.0`
     Running `/<<PKGBUILDDIR>>/target/debug/build/pulldown-cmark-3a6d0619452e660d/build-script-build`
     Running `/<<PKGBUILDDIR>>/target/debug/build/bitflags-22d3ee3c65d6072f/build-script-build`
[bitflags 1.2.1] cargo:rustc-cfg=bitflags_const_fn
     Running `CARGO_PKG_DESCRIPTION='A macro to generate structures which behave like bitflags.
' CARGO=/usr/bin/cargo LD_LIBRARY_PATH='/<<PKGBUILDDIR>>/target/debug/deps:/usr/lib' CARGO_PKG_NAME=bitflags CARGO_PKG_HOMEPAGE='https://github.com/bitflags/bitflags' CARGO_MANIFEST_DIR=/<<PKGBUILDDIR>>/debian/cargo_registry/bitflags-1.2.1 CARGO_PKG_VERSION_MINOR=2 CARGO_PKG_AUTHORS='The Rust Project Developers' OUT_DIR=/<<PKGBUILDDIR>>/target/x86_64-unknown-linux-gnu/debug/build/bitflags-2d5ed1b0abce872d/out CARGO_PKG_REPOSITORY='https://github.com/bitflags/bitflags' CARGO_PKG_VERSION_PRE= CARGO_PKG_VERSION_MAJOR=1 CARGO_PKG_VERSION_PATCH=1 CARGO_PKG_VERSION=1.2.1 rustc --crate-name bitflags /<<PKGBUILDDIR>>/debian/cargo_registry/bitflags-1.2.1/src/lib.rs --error-format=json --json=diagnostic-rendered-ansi,artifacts --crate-type lib --emit=dep-info,metadata,link -C debuginfo=2 --cfg 'feature="default"' -C metadata=2821e94846316922 -C extra-filename=-2821e94846316922 --out-dir /<<PKGBUILDDIR>>/target/x86_64-unknown-linux-gnu/debug/deps --target x86_64-unknown-linux-gnu -L dependency=/<<PKGBUILDDIR>>/target/x86_64-unknown-linux-gnu/debug/deps -L dependency=/<<PKGBUILDDIR>>/target/debug/deps --cap-lints warn -C debuginfo=2 --cap-lints warn -C linker=x86_64-linux-gnu-gcc -C link-arg=-Wl,-z,relro --remap-path-prefix /<<PKGBUILDDIR>>=/usr/share/cargo/registry/pulldown-cmark-0.2.0 --cfg bitflags_const_fn`
     Running `CARGO_PKG_DESCRIPTION='A pull parser for CommonMark' CARGO=/usr/bin/cargo LD_LIBRARY_PATH='/<<PKGBUILDDIR>>/target/debug/deps:/usr/lib' CARGO_PKG_NAME=pulldown-cmark CARGO_PKG_HOMEPAGE= CARGO_MANIFEST_DIR=/<<PKGBUILDDIR>> CARGO_PKG_VERSION_MINOR=2 CARGO_PKG_AUTHORS='Raph Levien <raph.levien@gmail.com>' OUT_DIR=/<<PKGBUILDDIR>>/target/x86_64-unknown-linux-gnu/debug/build/pulldown-cmark-530cb55dfd62d7fb/out CARGO_PKG_REPOSITORY='https://github.com/google/pulldown-cmark' CARGO_PKG_VERSION_PRE= CARGO_PKG_VERSION_MAJOR=0 CARGO_PKG_VERSION_PATCH=0 CARGO_PKG_VERSION=0.2.0 rustc --crate-name pulldown_cmark src/lib.rs --color never --crate-type lib --emit=dep-info,metadata,link -C debuginfo=2 --cfg 'feature="default"' --cfg 'feature="getopts"' -C metadata=cfc6978d42637a7d -C extra-filename=-cfc6978d42637a7d --out-dir /<<PKGBUILDDIR>>/target/x86_64-unknown-linux-gnu/debug/deps --target x86_64-unknown-linux-gnu -C incremental=/<<PKGBUILDDIR>>/target/x86_64-unknown-linux-gnu/debug/incremental -L dependency=/<<PKGBUILDDIR>>/target/x86_64-unknown-linux-gnu/debug/deps -L dependency=/<<PKGBUILDDIR>>/target/debug/deps --extern bitflags=/<<PKGBUILDDIR>>/target/x86_64-unknown-linux-gnu/debug/deps/libbitflags-2821e94846316922.rmeta --extern getopts=/<<PKGBUILDDIR>>/target/x86_64-unknown-linux-gnu/debug/deps/libgetopts-d271406e9e090e7d.rmeta -C debuginfo=2 --cap-lints warn -C linker=x86_64-linux-gnu-gcc -C link-arg=-Wl,-z,relro --remap-path-prefix /<<PKGBUILDDIR>>=/usr/share/cargo/registry/pulldown-cmark-0.2.0`
warning: trait objects without an explicit `dyn` are deprecated
  --> src/passes.rs:46:34
   |
46 |             callback: Option<&'a Fn(&str, &str) -> Option<(String, String)>>)
   |                                  ^^^^^^^^^^^^^^^^^^^^^^^^^^^^^^^^^^^^^^^^^^ help: use `dyn`: `dyn Fn(&str, &str) -> Option<(String, String)>`
   |
   = note: `#[warn(bare_trait_objects)]` on by default

warning: trait objects without an explicit `dyn` are deprecated
  --> src/parse.rs:70:38
   |
70 |     broken_link_callback: Option<&'a Fn(&str, &str) -> Option<(String, String)>>,
   |                                      ^^^^^^^^^^^^^^^^^^^^^^^^^^^^^^^^^^^^^^^^^^ help: use `dyn`: `dyn Fn(&str, &str) -> Option<(String, String)>`

warning: trait objects without an explicit `dyn` are deprecated
   --> src/parse.rs:155:34
    |
155 |             callback: Option<&'a Fn(&str, &str) -> Option<(String, String)>>)
    |                                  ^^^^^^^^^^^^^^^^^^^^^^^^^^^^^^^^^^^^^^^^^^ help: use `dyn`: `dyn Fn(&str, &str) -> Option<(String, String)>`

warning: `...` range patterns are deprecated
    --> src/parse.rs:1541:66
     |
1541 |                 b'\'' | b'"' | b'=' | b'<' | b'>' | b'`' | b'\t' ... b' ' => {
     |                                                                  ^^^ help: use `..=` for an inclusive range
     |
     = note: `#[warn(ellipsis_inclusive_range_patterns)]` on by default

warning: `...` range patterns are deprecated
  --> src/scanners.rs:74:14
   |
74 |         b'a' ... b'z' | b'A' ... b'Z' => true,
   |              ^^^ help: use `..=` for an inclusive range

warning: `...` range patterns are deprecated
  --> src/scanners.rs:74:30
   |
74 |         b'a' ... b'z' | b'A' ... b'Z' => true,
   |                              ^^^ help: use `..=` for an inclusive range

warning: `...` range patterns are deprecated
  --> src/scanners.rs:81:14
   |
81 |         b'A' ... b'Z' => true,
   |              ^^^ help: use `..=` for an inclusive range

warning: `...` range patterns are deprecated
  --> src/scanners.rs:88:14
   |
88 |         b'0' ... b'9' | b'a' ... b'z' | b'A' ... b'Z' => true,
   |              ^^^ help: use `..=` for an inclusive range

warning: `...` range patterns are deprecated
  --> src/scanners.rs:88:30
   |
88 |         b'0' ... b'9' | b'a' ... b'z' | b'A' ... b'Z' => true,
   |                              ^^^ help: use `..=` for an inclusive range

warning: `...` range patterns are deprecated
  --> src/scanners.rs:88:46
   |
88 |         b'0' ... b'9' | b'a' ... b'z' | b'A' ... b'Z' => true,
   |                                              ^^^ help: use `..=` for an inclusive range

warning: `...` range patterns are deprecated
  --> src/scanners.rs:95:14
   |
95 |         b'0' ... b'9' | b'a' ... b'f' | b'A' ... b'F' => true,
   |              ^^^ help: use `..=` for an inclusive range

warning: `...` range patterns are deprecated
  --> src/scanners.rs:95:30
   |
95 |         b'0' ... b'9' | b'a' ... b'f' | b'A' ... b'F' => true,
   |                              ^^^ help: use `..=` for an inclusive range

warning: `...` range patterns are deprecated
  --> src/scanners.rs:95:46
   |
95 |         b'0' ... b'9' | b'a' ... b'f' | b'A' ... b'F' => true,
   |                                              ^^^ help: use `..=` for an inclusive range

warning: `...` range patterns are deprecated
   --> src/scanners.rs:269:30
    |
269 |                 b' ' | b'\t' ... b'\r' => (),
    |                              ^^^ help: use `..=` for an inclusive range

warning: `...` range patterns are deprecated
   --> src/scanners.rs:393:14
    |
393 |         b'0' ... b'9' => {
    |              ^^^ help: use `..=` for an inclusive range

warning: `...` range patterns are deprecated
   --> src/scanners.rs:573:19
    |
573 |             b'\0' ... b' ' | b'<' | b'>' => break,
    |                   ^^^ help: use `..=` for an inclusive range

warning: `...` range patterns are deprecated
  --> src/utils.rs:29:14
   |
29 |         b'A' ... b'Z' => c + b'a' - b'A',
   |              ^^^ help: use `..=` for an inclusive range

     Running `CARGO_PKG_DESCRIPTION='A pull parser for CommonMark' CARGO=/usr/bin/cargo LD_LIBRARY_PATH='/<<PKGBUILDDIR>>/target/debug/deps:/usr/lib' CARGO_PKG_NAME=pulldown-cmark CARGO_PKG_HOMEPAGE= CARGO_MANIFEST_DIR=/<<PKGBUILDDIR>> CARGO_PKG_VERSION_MINOR=2 CARGO_PKG_AUTHORS='Raph Levien <raph.levien@gmail.com>' OUT_DIR=/<<PKGBUILDDIR>>/target/x86_64-unknown-linux-gnu/debug/build/pulldown-cmark-530cb55dfd62d7fb/out CARGO_PKG_REPOSITORY='https://github.com/google/pulldown-cmark' CARGO_PKG_VERSION_PRE= CARGO_PKG_VERSION_MAJOR=0 CARGO_PKG_VERSION_PATCH=0 CARGO_PKG_VERSION=0.2.0 rustc --crate-name pulldown_cmark src/lib.rs --color never --emit=dep-info,link -C debuginfo=2 --test --cfg 'feature="default"' --cfg 'feature="getopts"' -C metadata=8b8174848991443d -C extra-filename=-8b8174848991443d --out-dir /<<PKGBUILDDIR>>/target/x86_64-unknown-linux-gnu/debug/deps --target x86_64-unknown-linux-gnu -C incremental=/<<PKGBUILDDIR>>/target/x86_64-unknown-linux-gnu/debug/incremental -L dependency=/<<PKGBUILDDIR>>/target/x86_64-unknown-linux-gnu/debug/deps -L dependency=/<<PKGBUILDDIR>>/target/debug/deps --extern bitflags=/<<PKGBUILDDIR>>/target/x86_64-unknown-linux-gnu/debug/deps/libbitflags-2821e94846316922.rlib --extern getopts=/<<PKGBUILDDIR>>/target/x86_64-unknown-linux-gnu/debug/deps/libgetopts-d271406e9e090e7d.rlib -C debuginfo=2 --cap-lints warn -C linker=x86_64-linux-gnu-gcc -C link-arg=-Wl,-z,relro --remap-path-prefix /<<PKGBUILDDIR>>=/usr/share/cargo/registry/pulldown-cmark-0.2.0`
warning: trait objects without an explicit `dyn` are deprecated
  --> src/passes.rs:46:34
   |
46 |             callback: Option<&'a Fn(&str, &str) -> Option<(String, String)>>)
   |                                  ^^^^^^^^^^^^^^^^^^^^^^^^^^^^^^^^^^^^^^^^^^ help: use `dyn`: `dyn Fn(&str, &str) -> Option<(String, String)>`
   |
   = note: `#[warn(bare_trait_objects)]` on by default

warning: trait objects without an explicit `dyn` are deprecated
  --> src/parse.rs:70:38
   |
70 |     broken_link_callback: Option<&'a Fn(&str, &str) -> Option<(String, String)>>,
   |                                      ^^^^^^^^^^^^^^^^^^^^^^^^^^^^^^^^^^^^^^^^^^ help: use `dyn`: `dyn Fn(&str, &str) -> Option<(String, String)>`

warning: trait objects without an explicit `dyn` are deprecated
   --> src/parse.rs:155:34
    |
155 |             callback: Option<&'a Fn(&str, &str) -> Option<(String, String)>>)
    |                                  ^^^^^^^^^^^^^^^^^^^^^^^^^^^^^^^^^^^^^^^^^^ help: use `dyn`: `dyn Fn(&str, &str) -> Option<(String, String)>`

warning: `...` range patterns are deprecated
    --> src/parse.rs:1541:66
     |
1541 |                 b'\'' | b'"' | b'=' | b'<' | b'>' | b'`' | b'\t' ... b' ' => {
     |                                                                  ^^^ help: use `..=` for an inclusive range
     |
     = note: `#[warn(ellipsis_inclusive_range_patterns)]` on by default

warning: `...` range patterns are deprecated
  --> src/scanners.rs:74:14
   |
74 |         b'a' ... b'z' | b'A' ... b'Z' => true,
   |              ^^^ help: use `..=` for an inclusive range

warning: `...` range patterns are deprecated
  --> src/scanners.rs:74:30
   |
74 |         b'a' ... b'z' | b'A' ... b'Z' => true,
   |                              ^^^ help: use `..=` for an inclusive range

warning: `...` range patterns are deprecated
  --> src/scanners.rs:81:14
   |
81 |         b'A' ... b'Z' => true,
   |              ^^^ help: use `..=` for an inclusive range

warning: `...` range patterns are deprecated
  --> src/scanners.rs:88:14
   |
88 |         b'0' ... b'9' | b'a' ... b'z' | b'A' ... b'Z' => true,
   |              ^^^ help: use `..=` for an inclusive range

warning: `...` range patterns are deprecated
  --> src/scanners.rs:88:30
   |
88 |         b'0' ... b'9' | b'a' ... b'z' | b'A' ... b'Z' => true,
   |                              ^^^ help: use `..=` for an inclusive range

warning: `...` range patterns are deprecated
  --> src/scanners.rs:88:46
   |
88 |         b'0' ... b'9' | b'a' ... b'z' | b'A' ... b'Z' => true,
   |                                              ^^^ help: use `..=` for an inclusive range

warning: `...` range patterns are deprecated
  --> src/scanners.rs:95:14
   |
95 |         b'0' ... b'9' | b'a' ... b'f' | b'A' ... b'F' => true,
   |              ^^^ help: use `..=` for an inclusive range

warning: `...` range patterns are deprecated
  --> src/scanners.rs:95:30
   |
95 |         b'0' ... b'9' | b'a' ... b'f' | b'A' ... b'F' => true,
   |                              ^^^ help: use `..=` for an inclusive range

warning: `...` range patterns are deprecated
  --> src/scanners.rs:95:46
   |
95 |         b'0' ... b'9' | b'a' ... b'f' | b'A' ... b'F' => true,
   |                                              ^^^ help: use `..=` for an inclusive range

warning: `...` range patterns are deprecated
   --> src/scanners.rs:269:30
    |
269 |                 b' ' | b'\t' ... b'\r' => (),
    |                              ^^^ help: use `..=` for an inclusive range

warning: `...` range patterns are deprecated
   --> src/scanners.rs:393:14
    |
393 |         b'0' ... b'9' => {
    |              ^^^ help: use `..=` for an inclusive range

warning: `...` range patterns are deprecated
   --> src/scanners.rs:573:19
    |
573 |             b'\0' ... b' ' | b'<' | b'>' => break,
    |                   ^^^ help: use `..=` for an inclusive range

warning: `...` range patterns are deprecated
  --> src/utils.rs:29:14
   |
29 |         b'A' ... b'Z' => c + b'a' - b'A',
   |              ^^^ help: use `..=` for an inclusive range

     Running `CARGO_PKG_DESCRIPTION='A pull parser for CommonMark' CARGO=/usr/bin/cargo LD_LIBRARY_PATH='/<<PKGBUILDDIR>>/target/debug/deps:/usr/lib' CARGO_PKG_NAME=pulldown-cmark CARGO_PKG_HOMEPAGE= CARGO_MANIFEST_DIR=/<<PKGBUILDDIR>> CARGO_PKG_VERSION_MINOR=2 CARGO_PKG_AUTHORS='Raph Levien <raph.levien@gmail.com>' OUT_DIR=/<<PKGBUILDDIR>>/target/x86_64-unknown-linux-gnu/debug/build/pulldown-cmark-530cb55dfd62d7fb/out CARGO_PKG_REPOSITORY='https://github.com/google/pulldown-cmark' CARGO_PKG_VERSION_PRE= CARGO_PKG_VERSION_MAJOR=0 CARGO_PKG_VERSION_PATCH=0 CARGO_PKG_VERSION=0.2.0 rustc --crate-name spec tests/spec.rs --color never --emit=dep-info,link -C debuginfo=2 --test --cfg 'feature="default"' --cfg 'feature="getopts"' -C metadata=b902cc51d6d6a4f7 -C extra-filename=-b902cc51d6d6a4f7 --out-dir /<<PKGBUILDDIR>>/target/x86_64-unknown-linux-gnu/debug/deps --target x86_64-unknown-linux-gnu -C incremental=/<<PKGBUILDDIR>>/target/x86_64-unknown-linux-gnu/debug/incremental -L dependency=/<<PKGBUILDDIR>>/target/x86_64-unknown-linux-gnu/debug/deps -L dependency=/<<PKGBUILDDIR>>/target/debug/deps --extern bitflags=/<<PKGBUILDDIR>>/target/x86_64-unknown-linux-gnu/debug/deps/libbitflags-2821e94846316922.rlib --extern getopts=/<<PKGBUILDDIR>>/target/x86_64-unknown-linux-gnu/debug/deps/libgetopts-d271406e9e090e7d.rlib --extern pulldown_cmark=/<<PKGBUILDDIR>>/target/x86_64-unknown-linux-gnu/debug/deps/libpulldown_cmark-cfc6978d42637a7d.rlib -C debuginfo=2 --cap-lints warn -C linker=x86_64-linux-gnu-gcc -C link-arg=-Wl,-z,relro --remap-path-prefix /<<PKGBUILDDIR>>=/usr/share/cargo/registry/pulldown-cmark-0.2.0`
     Running `CARGO_PKG_DESCRIPTION='A pull parser for CommonMark' CARGO=/usr/bin/cargo LD_LIBRARY_PATH='/<<PKGBUILDDIR>>/target/debug/deps:/usr/lib' CARGO_PKG_NAME=pulldown-cmark CARGO_PKG_HOMEPAGE= CARGO_MANIFEST_DIR=/<<PKGBUILDDIR>> CARGO_PKG_VERSION_MINOR=2 CARGO_PKG_AUTHORS='Raph Levien <raph.levien@gmail.com>' OUT_DIR=/<<PKGBUILDDIR>>/target/x86_64-unknown-linux-gnu/debug/build/pulldown-cmark-530cb55dfd62d7fb/out CARGO_PKG_REPOSITORY='https://github.com/google/pulldown-cmark' CARGO_PKG_VERSION_PRE= CARGO_PKG_VERSION_MAJOR=0 CARGO_PKG_VERSION_PATCH=0 CARGO_PKG_VERSION=0.2.0 rustc --crate-name errors tests/errors.rs --color never --emit=dep-info,link -C debuginfo=2 --test --cfg 'feature="default"' --cfg 'feature="getopts"' -C metadata=5e927ae4edd35822 -C extra-filename=-5e927ae4edd35822 --out-dir /<<PKGBUILDDIR>>/target/x86_64-unknown-linux-gnu/debug/deps --target x86_64-unknown-linux-gnu -C incremental=/<<PKGBUILDDIR>>/target/x86_64-unknown-linux-gnu/debug/incremental -L dependency=/<<PKGBUILDDIR>>/target/x86_64-unknown-linux-gnu/debug/deps -L dependency=/<<PKGBUILDDIR>>/target/debug/deps --extern bitflags=/<<PKGBUILDDIR>>/target/x86_64-unknown-linux-gnu/debug/deps/libbitflags-2821e94846316922.rlib --extern getopts=/<<PKGBUILDDIR>>/target/x86_64-unknown-linux-gnu/debug/deps/libgetopts-d271406e9e090e7d.rlib --extern pulldown_cmark=/<<PKGBUILDDIR>>/target/x86_64-unknown-linux-gnu/debug/deps/libpulldown_cmark-cfc6978d42637a7d.rlib -C debuginfo=2 --cap-lints warn -C linker=x86_64-linux-gnu-gcc -C link-arg=-Wl,-z,relro --remap-path-prefix /<<PKGBUILDDIR>>=/usr/share/cargo/registry/pulldown-cmark-0.2.0`
     Running `CARGO_PKG_DESCRIPTION='A pull parser for CommonMark' CARGO=/usr/bin/cargo LD_LIBRARY_PATH='/<<PKGBUILDDIR>>/target/debug/deps:/usr/lib' CARGO_PKG_NAME=pulldown-cmark CARGO_PKG_HOMEPAGE= CARGO_MANIFEST_DIR=/<<PKGBUILDDIR>> CARGO_PKG_VERSION_MINOR=2 CARGO_PKG_AUTHORS='Raph Levien <raph.levien@gmail.com>' OUT_DIR=/<<PKGBUILDDIR>>/target/x86_64-unknown-linux-gnu/debug/build/pulldown-cmark-530cb55dfd62d7fb/out CARGO_PKG_REPOSITORY='https://github.com/google/pulldown-cmark' CARGO_PKG_VERSION_PRE= CARGO_PKG_VERSION_MAJOR=0 CARGO_PKG_VERSION_PATCH=0 CARGO_PKG_VERSION=0.2.0 rustc --crate-name pulldown_cmark src/main.rs --color never --emit=dep-info,link -C debuginfo=2 --test --cfg 'feature="default"' --cfg 'feature="getopts"' -C metadata=df0e6745fdda4438 -C extra-filename=-df0e6745fdda4438 --out-dir /<<PKGBUILDDIR>>/target/x86_64-unknown-linux-gnu/debug/deps --target x86_64-unknown-linux-gnu -C incremental=/<<PKGBUILDDIR>>/target/x86_64-unknown-linux-gnu/debug/incremental -L dependency=/<<PKGBUILDDIR>>/target/x86_64-unknown-linux-gnu/debug/deps -L dependency=/<<PKGBUILDDIR>>/target/debug/deps --extern bitflags=/<<PKGBUILDDIR>>/target/x86_64-unknown-linux-gnu/debug/deps/libbitflags-2821e94846316922.rlib --extern getopts=/<<PKGBUILDDIR>>/target/x86_64-unknown-linux-gnu/debug/deps/libgetopts-d271406e9e090e7d.rlib --extern pulldown_cmark=/<<PKGBUILDDIR>>/target/x86_64-unknown-linux-gnu/debug/deps/libpulldown_cmark-cfc6978d42637a7d.rlib -C debuginfo=2 --cap-lints warn -C linker=x86_64-linux-gnu-gcc -C link-arg=-Wl,-z,relro --remap-path-prefix /<<PKGBUILDDIR>>=/usr/share/cargo/registry/pulldown-cmark-0.2.0`
     Running `CARGO_PKG_DESCRIPTION='A pull parser for CommonMark' CARGO=/usr/bin/cargo LD_LIBRARY_PATH='/<<PKGBUILDDIR>>/target/debug/deps:/usr/lib' CARGO_PKG_NAME=pulldown-cmark CARGO_PKG_HOMEPAGE= CARGO_MANIFEST_DIR=/<<PKGBUILDDIR>> CARGO_PKG_VERSION_MINOR=2 CARGO_PKG_AUTHORS='Raph Levien <raph.levien@gmail.com>' OUT_DIR=/<<PKGBUILDDIR>>/target/x86_64-unknown-linux-gnu/debug/build/pulldown-cmark-530cb55dfd62d7fb/out CARGO_PKG_REPOSITORY='https://github.com/google/pulldown-cmark' CARGO_PKG_VERSION_PRE= CARGO_PKG_VERSION_MAJOR=0 CARGO_PKG_VERSION_PATCH=0 CARGO_PKG_VERSION=0.2.0 rustc --crate-name table tests/table.rs --color never --emit=dep-info,link -C debuginfo=2 --test --cfg 'feature="default"' --cfg 'feature="getopts"' -C metadata=e013a32ba2348400 -C extra-filename=-e013a32ba2348400 --out-dir /<<PKGBUILDDIR>>/target/x86_64-unknown-linux-gnu/debug/deps --target x86_64-unknown-linux-gnu -C incremental=/<<PKGBUILDDIR>>/target/x86_64-unknown-linux-gnu/debug/incremental -L dependency=/<<PKGBUILDDIR>>/target/x86_64-unknown-linux-gnu/debug/deps -L dependency=/<<PKGBUILDDIR>>/target/debug/deps --extern bitflags=/<<PKGBUILDDIR>>/target/x86_64-unknown-linux-gnu/debug/deps/libbitflags-2821e94846316922.rlib --extern getopts=/<<PKGBUILDDIR>>/target/x86_64-unknown-linux-gnu/debug/deps/libgetopts-d271406e9e090e7d.rlib --extern pulldown_cmark=/<<PKGBUILDDIR>>/target/x86_64-unknown-linux-gnu/debug/deps/libpulldown_cmark-cfc6978d42637a7d.rlib -C debuginfo=2 --cap-lints warn -C linker=x86_64-linux-gnu-gcc -C link-arg=-Wl,-z,relro --remap-path-prefix /<<PKGBUILDDIR>>=/usr/share/cargo/registry/pulldown-cmark-0.2.0`
     Running `CARGO_PKG_DESCRIPTION='A pull parser for CommonMark' CARGO=/usr/bin/cargo LD_LIBRARY_PATH='/<<PKGBUILDDIR>>/target/debug/deps:/usr/lib' CARGO_PKG_NAME=pulldown-cmark CARGO_PKG_HOMEPAGE= CARGO_MANIFEST_DIR=/<<PKGBUILDDIR>> CARGO_PKG_VERSION_MINOR=2 CARGO_PKG_AUTHORS='Raph Levien <raph.levien@gmail.com>' OUT_DIR=/<<PKGBUILDDIR>>/target/x86_64-unknown-linux-gnu/debug/build/pulldown-cmark-530cb55dfd62d7fb/out CARGO_PKG_REPOSITORY='https://github.com/google/pulldown-cmark' CARGO_PKG_VERSION_PRE= CARGO_PKG_VERSION_MAJOR=0 CARGO_PKG_VERSION_PATCH=0 CARGO_PKG_VERSION=0.2.0 rustc --crate-name pulldown_cmark src/main.rs --color never --crate-type bin --emit=dep-info,link -C debuginfo=2 --cfg 'feature="default"' --cfg 'feature="getopts"' -C metadata=c58c44e3574abbd6 -C extra-filename=-c58c44e3574abbd6 --out-dir /<<PKGBUILDDIR>>/target/x86_64-unknown-linux-gnu/debug/deps --target x86_64-unknown-linux-gnu -C incremental=/<<PKGBUILDDIR>>/target/x86_64-unknown-linux-gnu/debug/incremental -L dependency=/<<PKGBUILDDIR>>/target/x86_64-unknown-linux-gnu/debug/deps -L dependency=/<<PKGBUILDDIR>>/target/debug/deps --extern bitflags=/<<PKGBUILDDIR>>/target/x86_64-unknown-linux-gnu/debug/deps/libbitflags-2821e94846316922.rlib --extern getopts=/<<PKGBUILDDIR>>/target/x86_64-unknown-linux-gnu/debug/deps/libgetopts-d271406e9e090e7d.rlib --extern pulldown_cmark=/<<PKGBUILDDIR>>/target/x86_64-unknown-linux-gnu/debug/deps/libpulldown_cmark-cfc6978d42637a7d.rlib -C debuginfo=2 --cap-lints warn -C linker=x86_64-linux-gnu-gcc -C link-arg=-Wl,-z,relro --remap-path-prefix /<<PKGBUILDDIR>>=/usr/share/cargo/registry/pulldown-cmark-0.2.0`
     Running `CARGO_PKG_DESCRIPTION='A pull parser for CommonMark' CARGO=/usr/bin/cargo LD_LIBRARY_PATH='/<<PKGBUILDDIR>>/target/debug/deps:/usr/lib' CARGO_PKG_NAME=pulldown-cmark CARGO_PKG_HOMEPAGE= CARGO_MANIFEST_DIR=/<<PKGBUILDDIR>> CARGO_PKG_VERSION_MINOR=2 CARGO_PKG_AUTHORS='Raph Levien <raph.levien@gmail.com>' OUT_DIR=/<<PKGBUILDDIR>>/target/x86_64-unknown-linux-gnu/debug/build/pulldown-cmark-530cb55dfd62d7fb/out CARGO_PKG_REPOSITORY='https://github.com/google/pulldown-cmark' CARGO_PKG_VERSION_PRE= CARGO_PKG_VERSION_MAJOR=0 CARGO_PKG_VERSION_PATCH=0 CARGO_PKG_VERSION=0.2.0 rustc --crate-name footnotes tests/footnotes.rs --color never --emit=dep-info,link -C debuginfo=2 --test --cfg 'feature="default"' --cfg 'feature="getopts"' -C metadata=9903c8fd1e437a46 -C extra-filename=-9903c8fd1e437a46 --out-dir /<<PKGBUILDDIR>>/target/x86_64-unknown-linux-gnu/debug/deps --target x86_64-unknown-linux-gnu -C incremental=/<<PKGBUILDDIR>>/target/x86_64-unknown-linux-gnu/debug/incremental -L dependency=/<<PKGBUILDDIR>>/target/x86_64-unknown-linux-gnu/debug/deps -L dependency=/<<PKGBUILDDIR>>/target/debug/deps --extern bitflags=/<<PKGBUILDDIR>>/target/x86_64-unknown-linux-gnu/debug/deps/libbitflags-2821e94846316922.rlib --extern getopts=/<<PKGBUILDDIR>>/target/x86_64-unknown-linux-gnu/debug/deps/libgetopts-d271406e9e090e7d.rlib --extern pulldown_cmark=/<<PKGBUILDDIR>>/target/x86_64-unknown-linux-gnu/debug/deps/libpulldown_cmark-cfc6978d42637a7d.rlib -C debuginfo=2 --cap-lints warn -C linker=x86_64-linux-gnu-gcc -C link-arg=-Wl,-z,relro --remap-path-prefix /<<PKGBUILDDIR>>=/usr/share/cargo/registry/pulldown-cmark-0.2.0`
     Running `CARGO_PKG_DESCRIPTION='A pull parser for CommonMark' CARGO=/usr/bin/cargo LD_LIBRARY_PATH='/<<PKGBUILDDIR>>/target/debug/deps:/usr/lib' CARGO_PKG_NAME=pulldown-cmark CARGO_PKG_HOMEPAGE= CARGO_MANIFEST_DIR=/<<PKGBUILDDIR>> CARGO_PKG_VERSION_MINOR=2 CARGO_PKG_AUTHORS='Raph Levien <raph.levien@gmail.com>' OUT_DIR=/<<PKGBUILDDIR>>/target/x86_64-unknown-linux-gnu/debug/build/pulldown-cmark-530cb55dfd62d7fb/out CARGO_PKG_REPOSITORY='https://github.com/google/pulldown-cmark' CARGO_PKG_VERSION_PRE= CARGO_PKG_VERSION_MAJOR=0 CARGO_PKG_VERSION_PATCH=0 CARGO_PKG_VERSION=0.2.0 rustc --crate-name html tests/html.rs --color never --emit=dep-info,link -C debuginfo=2 --test --cfg 'feature="default"' --cfg 'feature="getopts"' -C metadata=9a8bacf69800b4fe -C extra-filename=-9a8bacf69800b4fe --out-dir /<<PKGBUILDDIR>>/target/x86_64-unknown-linux-gnu/debug/deps --target x86_64-unknown-linux-gnu -C incremental=/<<PKGBUILDDIR>>/target/x86_64-unknown-linux-gnu/debug/incremental -L dependency=/<<PKGBUILDDIR>>/target/x86_64-unknown-linux-gnu/debug/deps -L dependency=/<<PKGBUILDDIR>>/target/debug/deps --extern bitflags=/<<PKGBUILDDIR>>/target/x86_64-unknown-linux-gnu/debug/deps/libbitflags-2821e94846316922.rlib --extern getopts=/<<PKGBUILDDIR>>/target/x86_64-unknown-linux-gnu/debug/deps/libgetopts-d271406e9e090e7d.rlib --extern pulldown_cmark=/<<PKGBUILDDIR>>/target/x86_64-unknown-linux-gnu/debug/deps/libpulldown_cmark-cfc6978d42637a7d.rlib -C debuginfo=2 --cap-lints warn -C linker=x86_64-linux-gnu-gcc -C link-arg=-Wl,-z,relro --remap-path-prefix /<<PKGBUILDDIR>>=/usr/share/cargo/registry/pulldown-cmark-0.2.0`
    Finished dev [unoptimized + debuginfo] target(s) in 8.58s
     Running `/<<PKGBUILDDIR>>/target/x86_64-unknown-linux-gnu/debug/deps/pulldown_cmark-8b8174848991443d`

running 3 tests
test puncttable::tests::test_ascii ... ok
test puncttable::tests::test_unicode ... ok
test scanners::test::overflow_list ... ok

test result: ok. 3 passed; 0 failed; 0 ignored; 0 measured; 0 filtered out

     Running `/<<PKGBUILDDIR>>/target/x86_64-unknown-linux-gnu/debug/deps/pulldown_cmark-df0e6745fdda4438`

running 0 tests

test result: ok. 0 passed; 0 failed; 0 ignored; 0 measured; 0 filtered out

     Running `/<<PKGBUILDDIR>>/target/x86_64-unknown-linux-gnu/debug/deps/errors-5e927ae4edd35822`

running 4 tests
test test_html_tag ... ok
test test_infinite_loop ... ok
test test_wrong_code_block ... ok
test test_unterminated_link ... ok

test result: ok. 4 passed; 0 failed; 0 ignored; 0 measured; 0 filtered out

     Running `/<<PKGBUILDDIR>>/target/x86_64-unknown-linux-gnu/debug/deps/footnotes-9903c8fd1e437a46`

running 8 tests
test footnotes_test_1 ... ok
test footnotes_test_2 ... ok
test footnotes_test_3 ... ok
test footnotes_test_5 ... ok
test footnotes_test_6 ... ok
test footnotes_test_4 ... ok
test footnotes_test_8 ... ok
test footnotes_test_7 ... ok

test result: ok. 8 passed; 0 failed; 0 ignored; 0 measured; 0 filtered out

     Running `/<<PKGBUILDDIR>>/target/x86_64-unknown-linux-gnu/debug/deps/html-9a8bacf69800b4fe`

running 8 tests
test html_test_3 ... ok
test html_test_1 ... ok
test html_test_2 ... ok
test html_test_4 ... ok
test html_test_5 ... ok
test html_test_6 ... ok
test html_test_7 ... ok
test html_test_broken_callback ... ok

test result: ok. 8 passed; 0 failed; 0 ignored; 0 measured; 0 filtered out

     Running `/<<PKGBUILDDIR>>/target/x86_64-unknown-linux-gnu/debug/deps/spec-b902cc51d6d6a4f7`

running 633 tests
test spec_test_1 ... ok
test spec_test_10 ... ok
test spec_test_100 ... ok
test spec_test_102 ... ok
test spec_test_103 ... ok
test spec_test_104 ... ok
test spec_test_105 ... ok
test spec_test_106 ... ok
test spec_test_107 ... ok
test spec_test_109 ... ok
test spec_test_108 ... ok
test spec_test_11 ... ok
test spec_test_110 ... ok
test spec_test_111 ... ok
test spec_test_112 ... ok
test spec_test_113 ... ok
test spec_test_114 ... ok
test spec_test_115 ... ok
test spec_test_116 ... ok
test spec_test_118 ... ok
test spec_test_119 ... ok
test spec_test_101 ... ok
test spec_test_12 ... ok
test spec_test_120 ... ok
test spec_test_123 ... ok
test spec_test_124 ... ok
test spec_test_125 ... ok
test spec_test_121 ... ok
test spec_test_126 ... ok
test spec_test_127 ... ok
test spec_test_129 ... ok
test spec_test_128 ... ok
test spec_test_13 ... ok
test spec_test_130 ... ok
test spec_test_122 ... ok
test spec_test_117 ... FAILED
test spec_test_131 ... FAILED
test spec_test_133 ... FAILED
test spec_test_132 ... FAILED
test spec_test_134 ... FAILED
test spec_test_137 ... ok
test spec_test_135 ... FAILED
test spec_test_14 ... ok
test spec_test_139 ... FAILED
test spec_test_141 ... ok
test spec_test_140 ... FAILED
test spec_test_142 ... ok
test spec_test_136 ... FAILED
test spec_test_143 ... FAILED
test spec_test_138 ... FAILED
test spec_test_146 ... ok
test spec_test_144 ... FAILED
test spec_test_145 ... FAILED
test spec_test_149 ... ok
test spec_test_15 ... ok
test spec_test_147 ... FAILED
test spec_test_151 ... ok
test spec_test_148 ... FAILED
test spec_test_154 ... ok
test spec_test_153 ... ok
test spec_test_155 ... ok
test spec_test_152 ... ok
test spec_test_156 ... ok
test spec_test_157 ... ok
test spec_test_16 ... ok
test spec_test_159 ... ok
test spec_test_158 ... ok
test spec_test_161 ... ok
test spec_test_160 ... ok
test spec_test_163 ... ok
test spec_test_164 ... ok
test spec_test_150 ... FAILED
test spec_test_165 ... ok
test spec_test_166 ... ok
test spec_test_167 ... ok
test spec_test_162 ... FAILED
test spec_test_17 ... ok
test spec_test_168 ... FAILED
test spec_test_169 ... FAILED
test spec_test_170 ... ok
test spec_test_171 ... ok
test spec_test_172 ... ok
test spec_test_173 ... ok
test spec_test_175 ... ok
test spec_test_174 ... ok
test spec_test_176 ... ok
test spec_test_179 ... ok
test spec_test_178 ... ok
test spec_test_177 ... FAILED
test spec_test_18 ... ok
test spec_test_180 ... ok
test spec_test_181 ... ok
test spec_test_183 ... ok
test spec_test_184 ... ok
test spec_test_182 ... ok
test spec_test_186 ... ok
test spec_test_187 ... ok
test spec_test_188 ... ok
test spec_test_19 ... ok
test spec_test_189 ... ok
test spec_test_190 ... ok
test spec_test_191 ... ok
test spec_test_185 ... ok
test spec_test_192 ... ok
test spec_test_193 ... ok
test spec_test_194 ... ok
test spec_test_195 ... ok
test spec_test_197 ... ok
test spec_test_196 ... ok
test spec_test_198 ... ok
test spec_test_199 ... ok
test spec_test_2 ... ok
test spec_test_20 ... ok
test spec_test_201 ... ok
test spec_test_200 ... ok
test spec_test_202 ... ok
test spec_test_203 ... ok
test spec_test_204 ... ok
test spec_test_205 ... ok
test spec_test_206 ... ok
test spec_test_207 ... ok
test spec_test_208 ... ok
test spec_test_209 ... ok
test spec_test_21 ... ok
test spec_test_210 ... ok
test spec_test_211 ... ok
test spec_test_212 ... ok
test spec_test_213 ... ok
test spec_test_214 ... ok
test spec_test_215 ... ok
test spec_test_216 ... ok
test spec_test_217 ... ok
test spec_test_22 ... ok
test spec_test_218 ... ok
test spec_test_219 ... ok
test spec_test_220 ... ok
test spec_test_221 ... ok
test spec_test_224 ... ok
test spec_test_222 ... ok
test spec_test_225 ... ok
test spec_test_226 ... ok
test spec_test_223 ... ok
test spec_test_229 ... ok
test spec_test_228 ... ok
test spec_test_227 ... FAILED
test spec_test_23 ... ok
test spec_test_230 ... ok
test spec_test_232 ... ok
test spec_test_234 ... ok
test spec_test_235 ... ok
test spec_test_233 ... ok
test spec_test_236 ... ok
test spec_test_231 ... FAILED
test spec_test_237 ... ok
test spec_test_238 ... ok
test spec_test_24 ... ok
test spec_test_240 ... ok
test spec_test_239 ... ok
test spec_test_241 ... ok
test spec_test_243 ... ok
test spec_test_242 ... ok
test spec_test_244 ... FAILED
test spec_test_246 ... ok
test spec_test_249 ... ok
test spec_test_245 ... FAILED
test spec_test_248 ... ok
test spec_test_247 ... ok
test spec_test_25 ... ok
test spec_test_250 ... FAILED
test spec_test_251 ... ok
test spec_test_252 ... ok
test spec_test_254 ... ok
test spec_test_253 ... ok
test spec_test_257 ... ok
test spec_test_256 ... ok
test spec_test_255 ... ok
test spec_test_258 ... ok
test spec_test_259 ... ok
test spec_test_26 ... ok
test spec_test_260 ... ok
test spec_test_261 ... ok
test spec_test_262 ... ok
test spec_test_263 ... ok
test spec_test_265 ... ok
test spec_test_266 ... ok
test spec_test_267 ... ok
test spec_test_268 ... ok
test spec_test_27 ... ok
test spec_test_269 ... FAILED
test spec_test_270 ... ok
test spec_test_264 ... ok
test spec_test_271 ... FAILED
test spec_test_273 ... ok
test spec_test_272 ... FAILED
test spec_test_276 ... ok
test spec_test_274 ... ok
test spec_test_277 ... FAILED
test spec_test_279 ... ok
test spec_test_278 ... FAILED
test spec_test_28 ... ok
test spec_test_280 ... ok
test spec_test_275 ... ok
test spec_test_281 ... ok
test spec_test_283 ... ok
test spec_test_282 ... ok
test spec_test_287 ... ok
test spec_test_284 ... ok
test spec_test_286 ... ok
test spec_test_288 ... ok
test spec_test_285 ... ok
test spec_test_289 ... ok
test spec_test_29 ... ok
test spec_test_292 ... ok
test spec_test_290 ... ok
test spec_test_293 ... ok
test spec_test_294 ... FAILED
test spec_test_295 ... ok
test spec_test_296 ... ok
test spec_test_299 ... ok
test spec_test_297 ... ok
test spec_test_291 ... ok
test spec_test_3 ... ok
test spec_test_300 ... ok
test spec_test_30 ... ok
test spec_test_301 ... ok
test spec_test_303 ... ok
test spec_test_302 ... FAILED
test spec_test_298 ... ok
test spec_test_304 ... ok
test spec_test_308 ... ok
test spec_test_307 ... ok
test spec_test_305 ... FAILED
test spec_test_306 ... FAILED
test spec_test_309 ... ok
test spec_test_310 ... ok
test spec_test_311 ... ok
test spec_test_312 ... FAILED
test spec_test_31 ... ok
test spec_test_316 ... ok
test spec_test_314 ... ok
test spec_test_315 ... FAILED
test spec_test_317 ... ok
test spec_test_318 ... ok
test spec_test_319 ... ok
test spec_test_313 ... ok
test spec_test_32 ... ok
test spec_test_320 ... ok
test spec_test_321 ... FAILED
test spec_test_325 ... ok
test spec_test_322 ... FAILED
test spec_test_323 ... FAILED
test spec_test_327 ... ok
test spec_test_324 ... FAILED
test spec_test_328 ... ok
test spec_test_326 ... FAILED
test spec_test_329 ... ok
test spec_test_331 ... ok
test spec_test_33 ... ok
test spec_test_332 ... ok
test spec_test_330 ... ok
test spec_test_333 ... ok
test spec_test_335 ... ok
test spec_test_334 ... ok
test spec_test_337 ... ok
test spec_test_338 ... ok
test spec_test_340 ... ok
test spec_test_34 ... ok
test spec_test_339 ... ok
test spec_test_336 ... ok
test spec_test_344 ... ok
test spec_test_342 ... FAILED
test spec_test_341 ... ok
test spec_test_343 ... ok
test spec_test_347 ... ok
test spec_test_346 ... ok
test spec_test_345 ... ok
test spec_test_348 ... ok
test spec_test_35 ... ok
test spec_test_349 ... ok
test spec_test_350 ... ok
test spec_test_351 ... ok
test spec_test_352 ... ok
test spec_test_354 ... ok
test spec_test_353 ... ok
test spec_test_356 ... ok
test spec_test_355 ... FAILED
test spec_test_359 ... ok
test spec_test_357 ... ok
test spec_test_358 ... ok
test spec_test_36 ... ok
test spec_test_360 ... ok
test spec_test_362 ... ok
test spec_test_363 ... ok
test spec_test_365 ... ok
test spec_test_366 ... ok
test spec_test_367 ... ok
test spec_test_368 ... ok
test spec_test_364 ... ok
test spec_test_369 ... ok
test spec_test_37 ... ok
test spec_test_370 ... ok
test spec_test_361 ... ok
test spec_test_373 ... ok
test spec_test_372 ... ok
test spec_test_371 ... ok
test spec_test_374 ... ok
test spec_test_375 ... ok
test spec_test_376 ... ok
test spec_test_378 ... ok
test spec_test_379 ... ok
test spec_test_38 ... ok
test spec_test_380 ... ok
test spec_test_381 ... ok
test spec_test_383 ... ok
test spec_test_384 ... ok
test spec_test_385 ... ok
test spec_test_386 ... ok
test spec_test_387 ... ok
test spec_test_388 ... ok
test spec_test_39 ... ok
test spec_test_389 ... ok
test spec_test_390 ... ok
test spec_test_391 ... ok
test spec_test_392 ... ok
test spec_test_382 ... ok
test spec_test_393 ... ok
test spec_test_394 ... ok
test spec_test_395 ... ok
test spec_test_396 ... ok
test spec_test_397 ... ok
test spec_test_398 ... ok
test spec_test_40 ... ok
test spec_test_377 ... ok
test spec_test_4 ... ok
test spec_test_399 ... FAILED
test spec_test_401 ... ok
test spec_test_402 ... ok
test spec_test_403 ... FAILED
test spec_test_404 ... ok
test spec_test_405 ... ok
test spec_test_406 ... ok
test spec_test_400 ... FAILED
test spec_test_407 ... ok
test spec_test_408 ... ok
test spec_test_409 ... ok
test spec_test_410 ... ok
test spec_test_411 ... ok
test spec_test_412 ... ok
test spec_test_413 ... ok
test spec_test_414 ... ok
test spec_test_416 ... ok
test spec_test_417 ... ok
test spec_test_415 ... FAILED
test spec_test_418 ... ok
test spec_test_419 ... ok
test spec_test_42 ... ok
test spec_test_420 ... ok
test spec_test_421 ... ok
test spec_test_422 ... ok
test spec_test_423 ... ok
test spec_test_424 ... ok
test spec_test_425 ... ok
test spec_test_426 ... ok
test spec_test_427 ... ok
test spec_test_428 ... ok
test spec_test_429 ... ok
test spec_test_43 ... ok
test spec_test_430 ... ok
test spec_test_431 ... ok
test spec_test_432 ... ok
test spec_test_433 ... ok
test spec_test_434 ... ok
test spec_test_435 ... ok
test spec_test_436 ... ok
test spec_test_437 ... ok
test spec_test_438 ... ok
test spec_test_41 ... ok
test spec_test_44 ... ok
test spec_test_439 ... ok
test spec_test_441 ... ok
test spec_test_443 ... ok
test spec_test_444 ... ok
test spec_test_442 ... ok
test spec_test_445 ... ok
test spec_test_446 ... ok
test spec_test_440 ... ok
test spec_test_447 ... ok
test spec_test_449 ... ok
test spec_test_45 ... ok
test spec_test_448 ... ok
test spec_test_451 ... ok
test spec_test_452 ... ok
test spec_test_455 ... ok
test spec_test_450 ... ok
test spec_test_453 ... FAILED
test spec_test_457 ... ok
test spec_test_454 ... FAILED
test spec_test_458 ... ok
test spec_test_456 ... FAILED
test spec_test_46 ... ok
test spec_test_460 ... ok
test spec_test_461 ... ok
test spec_test_462 ... ok
test spec_test_463 ... ok
test spec_test_464 ... ok
test spec_test_465 ... ok
test spec_test_466 ... ok
test spec_test_459 ... ok
test spec_test_467 ... ok
test spec_test_469 ... ok
test spec_test_468 ... ok
test spec_test_470 ... ok
test spec_test_471 ... ok
test spec_test_473 ... ok
test spec_test_472 ... ok
test spec_test_474 ... ok
test spec_test_475 ... ok
test spec_test_476 ... ok
test spec_test_478 ... ok
test spec_test_477 ... FAILED
test spec_test_479 ... ok
test spec_test_480 ... ok
test spec_test_48 ... ok
test spec_test_481 ... ok
test spec_test_482 ... FAILED
test spec_test_484 ... ok
test spec_test_483 ... ok
test spec_test_486 ... ok
test spec_test_485 ... ok
test spec_test_488 ... ok
test spec_test_487 ... FAILED
test spec_test_489 ... ok
test spec_test_49 ... ok
test spec_test_490 ... ok
test spec_test_491 ... ok
test spec_test_493 ... ok
test spec_test_494 ... ok
test spec_test_492 ... ok
test spec_test_496 ... ok
test spec_test_495 ... FAILED
test spec_test_497 ... ok
test spec_test_498 ... ok
test spec_test_499 ... ok
test spec_test_50 ... ok
test spec_test_5 ... ok
test spec_test_500 ... ok
test spec_test_501 ... ok
test spec_test_502 ... ok
test spec_test_504 ... ok
test spec_test_505 ... ok
test spec_test_503 ... ok
test spec_test_506 ... ok
test spec_test_507 ... ok
test spec_test_508 ... ok
test spec_test_51 ... FAILED
test spec_test_510 ... ok
test spec_test_509 ... FAILED
test spec_test_511 ... ok
test spec_test_514 ... ok
test spec_test_512 ... ok
test spec_test_515 ... ok
test spec_test_516 ... ok
test spec_test_513 ... ok
test spec_test_517 ... ok
test spec_test_52 ... ok
test spec_test_518 ... ok
test spec_test_519 ... ok
test spec_test_521 ... ok
test spec_test_520 ... ok
test spec_test_522 ... FAILED
test spec_test_523 ... FAILED
test spec_test_524 ... ok
test spec_test_526 ... ok
test spec_test_525 ... ok
test spec_test_527 ... ok
test spec_test_528 ... ok
test spec_test_53 ... ok
test spec_test_530 ... ok
test spec_test_529 ... FAILED
test spec_test_532 ... ok
test spec_test_531 ... ok
test spec_test_534 ... ok
test spec_test_533 ... ok
test spec_test_535 ... ok
test spec_test_537 ... ok
test spec_test_536 ... FAILED
test spec_test_54 ... ok
test spec_test_538 ... ok
test spec_test_540 ... ok
test spec_test_539 ... ok
test spec_test_541 ... ok
test spec_test_542 ... ok
test spec_test_543 ... ok
test spec_test_546 ... ok
test spec_test_544 ... ok
test spec_test_545 ... ok
test spec_test_47 ... ok
test spec_test_55 ... ok
test spec_test_548 ... FAILED
test spec_test_549 ... ok
test spec_test_547 ... ok
test spec_test_551 ... ok
test spec_test_552 ... ok
test spec_test_554 ... ok
test spec_test_555 ... ok
test spec_test_550 ... ok
test spec_test_553 ... ok
test spec_test_557 ... ok
test spec_test_559 ... ok
test spec_test_558 ... ok
test spec_test_556 ... ok
test spec_test_560 ... ok
test spec_test_56 ... ok
test spec_test_562 ... ok
test spec_test_563 ... ok
test spec_test_565 ... ok
test spec_test_561 ... ok
test spec_test_564 ... ok
test spec_test_566 ... ok
test spec_test_568 ... ok
test spec_test_569 ... ok
test spec_test_57 ... ok
test spec_test_567 ... FAILED
test spec_test_571 ... ok
test spec_test_570 ... ok
test spec_test_574 ... ok
test spec_test_573 ... ok
test spec_test_575 ... ok
test spec_test_576 ... ok
test spec_test_577 ... ok
test spec_test_572 ... ok
test spec_test_58 ... ok
test spec_test_579 ... FAILED
test spec_test_578 ... FAILED
test spec_test_580 ... ok
test spec_test_583 ... ok
test spec_test_584 ... ok
test spec_test_585 ... ok
test spec_test_582 ... ok
test spec_test_586 ... ok
test spec_test_587 ... ok
test spec_test_581 ... FAILED
test spec_test_588 ... ok
test spec_test_59 ... ok
test spec_test_592 ... ok
test spec_test_589 ... ok
test spec_test_590 ... ok
test spec_test_593 ... ok
test spec_test_594 ... ok
test spec_test_591 ... ok
test spec_test_596 ... ok
test spec_test_598 ... ok
test spec_test_599 ... ok
test spec_test_597 ... FAILED
test spec_test_595 ... ok
test spec_test_600 ... ok
test spec_test_6 ... FAILED
test spec_test_602 ... ok
test spec_test_60 ... ok
test spec_test_601 ... ok
test spec_test_604 ... ok
test spec_test_605 ... ok
test spec_test_603 ... ok
test spec_test_606 ... ok
test spec_test_608 ... ok
test spec_test_607 ... ok
test spec_test_61 ... ok
test spec_test_611 ... ok
test spec_test_609 ... ok
test spec_test_610 ... ok
test spec_test_612 ... ok
test spec_test_614 ... ok
test spec_test_615 ... ok
test spec_test_613 ... ok
test spec_test_616 ... ok
test spec_test_617 ... ok
test spec_test_619 ... ok
test spec_test_62 ... ok
test spec_test_618 ... ok
test spec_test_622 ... ok
test spec_test_621 ... FAILED
test spec_test_620 ... ok
test spec_test_624 ... ok
test spec_test_625 ... ok
test spec_test_623 ... ok
test spec_test_626 ... ok
test spec_test_627 ... ok
test spec_test_628 ... ok
test spec_test_63 ... ok
test spec_test_630 ... ok
test spec_test_631 ... ok
test spec_test_632 ... ok
test spec_test_629 ... ok
test spec_test_633 ... ok
test spec_test_66 ... ok
test spec_test_67 ... ok
test spec_test_65 ... ok
test spec_test_64 ... FAILED
test spec_test_69 ... ok
test spec_test_68 ... ok
test spec_test_71 ... ok
test spec_test_70 ... ok
test spec_test_72 ... ok
test spec_test_73 ... ok
test spec_test_74 ... ok
test spec_test_75 ... ok
test spec_test_76 ... ok
test spec_test_77 ... ok
test spec_test_79 ... ok
test spec_test_78 ... ok
test spec_test_8 ... ok
test spec_test_7 ... FAILED
test spec_test_81 ... ok
test spec_test_80 ... ok
test spec_test_84 ... ok
test spec_test_82 ... ok
test spec_test_83 ... ok
test spec_test_87 ... ok
test spec_test_86 ... ok
test spec_test_88 ... ok
test spec_test_89 ... ok
test spec_test_85 ... ok
test spec_test_91 ... ok
test spec_test_9 ... ok
test spec_test_92 ... ok
test spec_test_94 ... ok
test spec_test_93 ... ok
test spec_test_96 ... ok
test spec_test_95 ... ok
test spec_test_90 ... ok
test spec_test_97 ... ok
test spec_test_99 ... ok
test spec_test_98 ... ok

failures:

---- spec_test_117 stdout ----
thread 'spec_test_117' panicked at 'assertion failed: `(left == right)`
  left: `"<table><tr><td>\n<pre>\n**Hello**,\n<p><em>world</em>.\n</pre></p>\n</td></tr></table>\n"`,
 right: `"<table><tr><td>\n<pre>\n**Hello**,\n<p><em>world</em>.</p>\n</pre>\n</td></tr></table>\n"`', tests/spec.rs:2926:9
stack backtrace:
   0: <std::sys_common::backtrace::_print::DisplayBacktrace as core::fmt::Display>::fmt
   1: core::fmt::write
   2: std::io::Write::write_fmt
   3: std::io::impls::<impl std::io::Write for alloc::boxed::Box<W>>::write_fmt
   4: std::panicking::default_hook::{{closure}}
   5: std::panicking::default_hook
   6: std::panicking::rust_panic_with_hook
   7: std::panicking::continue_panic_fmt
   8: std::panicking::begin_panic_fmt
   9: spec::spec_test_117
             at tests/spec.rs:2926
  10: spec::spec_test_117::{{closure}}
             at tests/spec.rs:2898
  11: core::ops::function::FnOnce::call_once
             at /usr/src/rustc-1.40.0/src/libcore/ops/function.rs:227
  12: <alloc::boxed::Box<F> as core::ops::function::FnOnce<A>>::call_once
  13: __rust_maybe_catch_panic
  14: test::run_test_in_process
note: Some details are omitted, run with `RUST_BACKTRACE=full` for a verbose backtrace.

---- spec_test_131 stdout ----
thread 'spec_test_131' panicked at 'assertion failed: `(left == right)`
  left: `"<a href=\"foo\">\n*bar*\n</a>\n"`,
 right: `"<p><a href=\"foo\">\n<em>bar</em>\n</a></p>\n"`', tests/spec.rs:3280:9
stack backtrace:
   0: <std::sys_common::backtrace::_print::DisplayBacktrace as core::fmt::Display>::fmt
   1: core::fmt::write
   2: std::io::Write::write_fmt
   3: std::io::impls::<impl std::io::Write for alloc::boxed::Box<W>>::write_fmt
   4: std::panicking::default_hook::{{closure}}
   5: std::panicking::default_hook
   6: std::panicking::rust_panic_with_hook
   7: std::panicking::continue_panic_fmt
   8: std::panicking::begin_panic_fmt
   9: spec::spec_test_131
             at tests/spec.rs:3280
  10: spec::spec_test_131::{{closure}}
             at tests/spec.rs:3259
  11: core::ops::function::FnOnce::call_once
             at /usr/src/rustc-1.40.0/src/libcore/ops/function.rs:227
  12: <alloc::boxed::Box<F> as core::ops::function::FnOnce<A>>::call_once
  13: __rust_maybe_catch_panic
  14: test::run_test_in_process
note: Some details are omitted, run with `RUST_BACKTRACE=full` for a verbose backtrace.

---- spec_test_133 stdout ----
thread 'spec_test_133' panicked at 'assertion failed: `(left == right)`
  left: `"<i class=\"foo\">\n*bar*\n</i>\n"`,
 right: `"<p><i class=\"foo\">\n<em>bar</em>\n</i></p>\n"`', tests/spec.rs:3330:9
stack backtrace:
   0: <std::sys_common::backtrace::_print::DisplayBacktrace as core::fmt::Display>::fmt
   1: core::fmt::write
   2: std::io::Write::write_fmt
   3: std::io::impls::<impl std::io::Write for alloc::boxed::Box<W>>::write_fmt
   4: std::panicking::default_hook::{{closure}}
   5: std::panicking::default_hook
   6: std::panicking::rust_panic_with_hook
   7: std::panicking::continue_panic_fmt
   8: std::panicking::begin_panic_fmt
   9: spec::spec_test_133
             at tests/spec.rs:3330
  10: spec::spec_test_133::{{closure}}
             at tests/spec.rs:3309
  11: core::ops::function::FnOnce::call_once
             at /usr/src/rustc-1.40.0/src/libcore/ops/function.rs:227
  12: <alloc::boxed::Box<F> as core::ops::function::FnOnce<A>>::call_once
  13: __rust_maybe_catch_panic
  14: test::run_test_in_process
note: Some details are omitted, run with `RUST_BACKTRACE=full` for a verbose backtrace.

---- spec_test_132 stdout ----
thread 'spec_test_132' panicked at 'assertion failed: `(left == right)`
  left: `"<Warning>\n*bar*\n</Warning>\n"`,
 right: `"<p><Warning>\n<em>bar</em>\n</Warning></p>\n"`', tests/spec.rs:3305:9
stack backtrace:
   0: <std::sys_common::backtrace::_print::DisplayBacktrace as core::fmt::Display>::fmt
   1: core::fmt::write
   2: std::io::Write::write_fmt
   3: std::io::impls::<impl std::io::Write for alloc::boxed::Box<W>>::write_fmt
   4: std::panicking::default_hook::{{closure}}
   5: std::panicking::default_hook
   6: std::panicking::rust_panic_with_hook
   7: std::panicking::continue_panic_fmt
   8: std::panicking::begin_panic_fmt
   9: spec::spec_test_132
             at tests/spec.rs:3305
  10: spec::spec_test_132::{{closure}}
             at tests/spec.rs:3284
  11: core::ops::function::FnOnce::call_once
             at /usr/src/rustc-1.40.0/src/libcore/ops/function.rs:227
  12: <alloc::boxed::Box<F> as core::ops::function::FnOnce<A>>::call_once
  13: __rust_maybe_catch_panic
  14: test::run_test_in_process
note: Some details are omitted, run with `RUST_BACKTRACE=full` for a verbose backtrace.

---- spec_test_134 stdout ----
thread 'spec_test_134' panicked at 'assertion failed: `(left == right)`
  left: `"</ins>\n*bar*\n"`,
 right: `"<p></ins>\n<em>bar</em></p>\n"`', tests/spec.rs:3353:9
stack backtrace:
   0: <std::sys_common::backtrace::_print::DisplayBacktrace as core::fmt::Display>::fmt
   1: core::fmt::write
   2: std::io::Write::write_fmt
   3: std::io::impls::<impl std::io::Write for alloc::boxed::Box<W>>::write_fmt
   4: std::panicking::default_hook::{{closure}}
   5: std::panicking::default_hook
   6: std::panicking::rust_panic_with_hook
   7: std::panicking::continue_panic_fmt
   8: std::panicking::begin_panic_fmt
   9: spec::spec_test_134
             at tests/spec.rs:3353
  10: spec::spec_test_134::{{closure}}
             at tests/spec.rs:3334
  11: core::ops::function::FnOnce::call_once
             at /usr/src/rustc-1.40.0/src/libcore/ops/function.rs:227
  12: <alloc::boxed::Box<F> as core::ops::function::FnOnce<A>>::call_once
  13: __rust_maybe_catch_panic
  14: test::run_test_in_process
note: Some details are omitted, run with `RUST_BACKTRACE=full` for a verbose backtrace.

---- spec_test_135 stdout ----
thread 'spec_test_135' panicked at 'assertion failed: `(left == right)`
  left: `"<del>\n*foo*\n</del>\n"`,
 right: `"<p><del>\n<em>foo</em>\n</del></p>\n"`', tests/spec.rs:3378:9
stack backtrace:
   0: <std::sys_common::backtrace::_print::DisplayBacktrace as core::fmt::Display>::fmt
   1: core::fmt::write
   2: std::io::Write::write_fmt
   3: std::io::impls::<impl std::io::Write for alloc::boxed::Box<W>>::write_fmt
   4: std::panicking::default_hook::{{closure}}
   5: std::panicking::default_hook
   6: std::panicking::rust_panic_with_hook
   7: std::panicking::continue_panic_fmt
   8: std::panicking::begin_panic_fmt
   9: spec::spec_test_135
             at tests/spec.rs:3378
  10: spec::spec_test_135::{{closure}}
             at tests/spec.rs:3357
  11: core::ops::function::FnOnce::call_once
             at /usr/src/rustc-1.40.0/src/libcore/ops/function.rs:227
  12: <alloc::boxed::Box<F> as core::ops::function::FnOnce<A>>::call_once
  13: __rust_maybe_catch_panic
  14: test::run_test_in_process
note: Some details are omitted, run with `RUST_BACKTRACE=full` for a verbose backtrace.

---- spec_test_139 stdout ----
thread 'spec_test_139' panicked at 'assertion failed: `(left == right)`
  left: `"<script type=\"text/javascript\">\n// JavaScript example\n\ndocument.getElementById(\"demo\").innerHTML = \"Hello JavaScript!\";\n</script>\n<p>okay</p>\n"`,
 right: `"<script type=\"text/javascript\">\n// JavaScript example\n\ndocument.getElementById(\"demo\").innerHTML = \"Hello JavaScript!\";\n</script>\nokay\n"`', tests/spec.rs:3490:9
stack backtrace:
   0: <std::sys_common::backtrace::_print::DisplayBacktrace as core::fmt::Display>::fmt
   1: core::fmt::write
   2: std::io::Write::write_fmt
   3: std::io::impls::<impl std::io::Write for alloc::boxed::Box<W>>::write_fmt
   4: std::panicking::default_hook::{{closure}}
   5: std::panicking::default_hook
   6: std::panicking::rust_panic_with_hook
   7: std::panicking::continue_panic_fmt
   8: std::panicking::begin_panic_fmt
   9: spec::spec_test_139
             at tests/spec.rs:3490
  10: spec::spec_test_139::{{closure}}
             at tests/spec.rs:3463
  11: core::ops::function::FnOnce::call_once
             at /usr/src/rustc-1.40.0/src/libcore/ops/function.rs:227
  12: <alloc::boxed::Box<F> as core::ops::function::FnOnce<A>>::call_once
  13: __rust_maybe_catch_panic
  14: test::run_test_in_process
note: Some details are omitted, run with `RUST_BACKTRACE=full` for a verbose backtrace.

---- spec_test_140 stdout ----
thread 'spec_test_140' panicked at 'assertion failed: `(left == right)`
  left: `"<style\n  type=\"text/css\">\nh1 {color:red;}\n\np {color:blue;}\n</style>\n<p>okay</p>\n"`,
 right: `"<style\n  type=\"text/css\">\nh1 {color:red;}\n\np {color:blue;}\n</style>\nokay\n"`', tests/spec.rs:3523:9
stack backtrace:
   0: <std::sys_common::backtrace::_print::DisplayBacktrace as core::fmt::Display>::fmt
   1: core::fmt::write
   2: std::io::Write::write_fmt
   3: std::io::impls::<impl std::io::Write for alloc::boxed::Box<W>>::write_fmt
   4: std::panicking::default_hook::{{closure}}
   5: std::panicking::default_hook
   6: std::panicking::rust_panic_with_hook
   7: std::panicking::continue_panic_fmt
   8: std::panicking::begin_panic_fmt
   9: spec::spec_test_140
             at tests/spec.rs:3523
  10: spec::spec_test_140::{{closure}}
             at tests/spec.rs:3494
  11: core::ops::function::FnOnce::call_once
             at /usr/src/rustc-1.40.0/src/libcore/ops/function.rs:227
  12: <alloc::boxed::Box<F> as core::ops::function::FnOnce<A>>::call_once
  13: __rust_maybe_catch_panic
  14: test::run_test_in_process
note: Some details are omitted, run with `RUST_BACKTRACE=full` for a verbose backtrace.

---- spec_test_136 stdout ----
thread 'spec_test_136' panicked at 'assertion failed: `(left == right)`
  left: `"<del>\n<p><em>foo</em></p>\n</del>\n"`,
 right: `"<p><del></p>\n<p><em>foo</em></p>\n<p></del></p>\n"`', tests/spec.rs:3405:9
stack backtrace:
   0: <std::sys_common::backtrace::_print::DisplayBacktrace as core::fmt::Display>::fmt
   1: core::fmt::write
   2: std::io::Write::write_fmt
   3: std::io::impls::<impl std::io::Write for alloc::boxed::Box<W>>::write_fmt
   4: std::panicking::default_hook::{{closure}}
   5: std::panicking::default_hook
   6: std::panicking::rust_panic_with_hook
   7: std::panicking::continue_panic_fmt
   8: std::panicking::begin_panic_fmt
   9: spec::spec_test_136
             at tests/spec.rs:3405
  10: spec::spec_test_136::{{closure}}
             at tests/spec.rs:3382
  11: core::ops::function::FnOnce::call_once
             at /usr/src/rustc-1.40.0/src/libcore/ops/function.rs:227
  12: <alloc::boxed::Box<F> as core::ops::function::FnOnce<A>>::call_once
  13: __rust_maybe_catch_panic
  14: test::run_test_in_process
note: Some details are omitted, run with `RUST_BACKTRACE=full` for a verbose backtrace.

---- spec_test_143 stdout ----
thread 'spec_test_143' panicked at 'assertion failed: `(left == right)`
  left: `"<ul>\n<li>\n<div>\n</li>\n<li>foo</li>\n</ul>\n"`,
 right: `"<ul>\n<li><div>\n</li>\n<li>foo</li>\n</ul>\n"`', tests/spec.rs:3605:9
stack backtrace:
   0: <std::sys_common::backtrace::_print::DisplayBacktrace as core::fmt::Display>::fmt
   1: core::fmt::write
   2: std::io::Write::write_fmt
   3: std::io::impls::<impl std::io::Write for alloc::boxed::Box<W>>::write_fmt
   4: std::panicking::default_hook::{{closure}}
   5: std::panicking::default_hook
   6: std::panicking::rust_panic_with_hook
   7: std::panicking::continue_panic_fmt
   8: std::panicking::begin_panic_fmt
   9: spec::spec_test_143
             at tests/spec.rs:3605
  10: spec::spec_test_143::{{closure}}
             at tests/spec.rs:3582
  11: core::ops::function::FnOnce::call_once
             at /usr/src/rustc-1.40.0/src/libcore/ops/function.rs:227
  12: <alloc::boxed::Box<F> as core::ops::function::FnOnce<A>>::call_once
  13: __rust_maybe_catch_panic
  14: test::run_test_in_process
note: Some details are omitted, run with `RUST_BACKTRACE=full` for a verbose backtrace.

---- spec_test_138 stdout ----
thread 'spec_test_138' panicked at 'assertion failed: `(left == right)`
  left: `"<pre language=\"haskell\"><code>\nimport Text.HTML.TagSoup\n\nmain :: IO ()\nmain = print $ parseTags tags\n</code></pre>\n<p>okay</p>\n"`,
 right: `"<pre language=\"haskell\"><code>\nimport Text.HTML.TagSoup\n\nmain :: IO ()\nmain = print $ parseTags tags\n</code></pre>\nokay\n"`', tests/spec.rs:3459:9
stack backtrace:
   0: <std::sys_common::backtrace::_print::DisplayBacktrace as core::fmt::Display>::fmt
   1: core::fmt::write
   2: std::io::Write::write_fmt
   3: std::io::impls::<impl std::io::Write for alloc::boxed::Box<W>>::write_fmt
   4: std::panicking::default_hook::{{closure}}
   5: std::panicking::default_hook
   6: std::panicking::rust_panic_with_hook
   7: std::panicking::continue_panic_fmt
   8: std::panicking::begin_panic_fmt
   9: spec::spec_test_138
             at tests/spec.rs:3459
  10: spec::spec_test_138::{{closure}}
             at tests/spec.rs:3430
  11: core::ops::function::FnOnce::call_once
             at /usr/src/rustc-1.40.0/src/libcore/ops/function.rs:227
  12: <alloc::boxed::Box<F> as core::ops::function::FnOnce<A>>::call_once
  13: __rust_maybe_catch_panic
  14: test::run_test_in_process
note: Some details are omitted, run with `RUST_BACKTRACE=full` for a verbose backtrace.

---- spec_test_144 stdout ----
thread 'spec_test_144' panicked at 'assertion failed: `(left == right)`
  left: `"<style>p{color:red;}</style>\n<p><em>foo</em></p>\n"`,
 right: `"<style>p{color:red;}</style>\n*foo*\n"`', tests/spec.rs:3628:9
stack backtrace:
   0: <std::sys_common::backtrace::_print::DisplayBacktrace as core::fmt::Display>::fmt
   1: core::fmt::write
   2: std::io::Write::write_fmt
   3: std::io::impls::<impl std::io::Write for alloc::boxed::Box<W>>::write_fmt
   4: std::panicking::default_hook::{{closure}}
   5: std::panicking::default_hook
   6: std::panicking::rust_panic_with_hook
   7: std::panicking::continue_panic_fmt
   8: std::panicking::begin_panic_fmt
   9: spec::spec_test_144
             at tests/spec.rs:3628
  10: spec::spec_test_144::{{closure}}
             at tests/spec.rs:3609
  11: core::ops::function::FnOnce::call_once
             at /usr/src/rustc-1.40.0/src/libcore/ops/function.rs:227
  12: <alloc::boxed::Box<F> as core::ops::function::FnOnce<A>>::call_once
  13: __rust_maybe_catch_panic
  14: test::run_test_in_process
note: Some details are omitted, run with `RUST_BACKTRACE=full` for a verbose backtrace.

---- spec_test_145 stdout ----
thread 'spec_test_145' panicked at 'assertion failed: `(left == right)`
  left: `"<!-- foo -->*bar*\n<p><em>baz</em></p>\n"`,
 right: `"<!-- foo -->*bar*\n*baz*\n"`', tests/spec.rs:3651:9
stack backtrace:
   0: <std::sys_common::backtrace::_print::DisplayBacktrace as core::fmt::Display>::fmt
   1: core::fmt::write
   2: std::io::Write::write_fmt
   3: std::io::impls::<impl std::io::Write for alloc::boxed::Box<W>>::write_fmt
   4: std::panicking::default_hook::{{closure}}
   5: std::panicking::default_hook
   6: std::panicking::rust_panic_with_hook
   7: std::panicking::continue_panic_fmt
   8: std::panicking::begin_panic_fmt
   9: spec::spec_test_145
             at tests/spec.rs:3651
  10: spec::spec_test_145::{{closure}}
             at tests/spec.rs:3632
  11: core::ops::function::FnOnce::call_once
             at /usr/src/rustc-1.40.0/src/libcore/ops/function.rs:227
  12: <alloc::boxed::Box<F> as core::ops::function::FnOnce<A>>::call_once
  13: __rust_maybe_catch_panic
  14: test::run_test_in_process
note: Some details are omitted, run with `RUST_BACKTRACE=full` for a verbose backtrace.

---- spec_test_147 stdout ----
thread 'spec_test_147' panicked at 'assertion failed: `(left == right)`
  left: `"<!-- Foo\n\nbar\n   baz -->\n<p>okay</p>\n"`,
 right: `"<!-- Foo\n<p>bar\nbaz --&gt;\nokay</p>\n"`', tests/spec.rs:3705:9
stack backtrace:
   0: <std::sys_common::backtrace::_print::DisplayBacktrace as core::fmt::Display>::fmt
   1: core::fmt::write
   2: std::io::Write::write_fmt
   3: std::io::impls::<impl std::io::Write for alloc::boxed::Box<W>>::write_fmt
   4: std::panicking::default_hook::{{closure}}
   5: std::panicking::default_hook
   6: std::panicking::rust_panic_with_hook
   7: std::panicking::continue_panic_fmt
   8: std::panicking::begin_panic_fmt
   9: spec::spec_test_147
             at tests/spec.rs:3705
  10: spec::spec_test_147::{{closure}}
             at tests/spec.rs:3680
  11: core::ops::function::FnOnce::call_once
             at /usr/src/rustc-1.40.0/src/libcore/ops/function.rs:227
  12: <alloc::boxed::Box<F> as core::ops::function::FnOnce<A>>::call_once
  13: __rust_maybe_catch_panic
  14: test::run_test_in_process
note: Some details are omitted, run with `RUST_BACKTRACE=full` for a verbose backtrace.

---- spec_test_148 stdout ----
thread 'spec_test_148' panicked at 'assertion failed: `(left == right)`
  left: `"<?php\n\n  echo \'>\';\n\n?>\n<p>okay</p>\n"`,
 right: `"<?php\n<p>echo \'&gt;\';</p>\n<p>?&gt;\nokay</p>\n"`', tests/spec.rs:3736:9
stack backtrace:
   0: <std::sys_common::backtrace::_print::DisplayBacktrace as core::fmt::Display>::fmt
   1: core::fmt::write
   2: std::io::Write::write_fmt
   3: std::io::impls::<impl std::io::Write for alloc::boxed::Box<W>>::write_fmt
   4: std::panicking::default_hook::{{closure}}
   5: std::panicking::default_hook
   6: std::panicking::rust_panic_with_hook
   7: std::panicking::continue_panic_fmt
   8: std::panicking::begin_panic_fmt
   9: spec::spec_test_148
             at tests/spec.rs:3736
  10: spec::spec_test_148::{{closure}}
             at tests/spec.rs:3709
  11: core::ops::function::FnOnce::call_once
             at /usr/src/rustc-1.40.0/src/libcore/ops/function.rs:227
  12: <alloc::boxed::Box<F> as core::ops::function::FnOnce<A>>::call_once
  13: __rust_maybe_catch_panic
  14: test::run_test_in_process
note: Some details are omitted, run with `RUST_BACKTRACE=full` for a verbose backtrace.

---- spec_test_150 stdout ----
thread 'spec_test_150' panicked at 'assertion failed: `(left == right)`
  left: `"<![CDATA[\nfunction matchwo(a,b)\n{\n  if (a < b && a < 0) then {\n    return 1;\n\n  } else {\n\n    return 0;\n  }\n}\n]]>\n<p>okay</p>\n"`,
 right: `"<![CDATA[\nfunction matchwo(a,b)\n{\n  if (a < b && a < 0) then {\n    return 1;\n<p>} else {</p>\n<pre><code>return 0;\n</code></pre>\n<p>}\n}\n]]&gt;\nokay</p>\n"`', tests/spec.rs:3802:9
stack backtrace:
   0: <std::sys_common::backtrace::_print::DisplayBacktrace as core::fmt::Display>::fmt
   1: core::fmt::write
   2: std::io::Write::write_fmt
   3: std::io::impls::<impl std::io::Write for alloc::boxed::Box<W>>::write_fmt
   4: std::panicking::default_hook::{{closure}}
   5: std::panicking::default_hook
   6: std::panicking::rust_panic_with_hook
   7: std::panicking::continue_panic_fmt
   8: std::panicking::begin_panic_fmt
   9: spec::spec_test_150
             at tests/spec.rs:3802
  10: spec::spec_test_150::{{closure}}
             at tests/spec.rs:3761
  11: core::ops::function::FnOnce::call_once
             at /usr/src/rustc-1.40.0/src/libcore/ops/function.rs:227
  12: <alloc::boxed::Box<F> as core::ops::function::FnOnce<A>>::call_once
  13: __rust_maybe_catch_panic
  14: test::run_test_in_process
note: Some details are omitted, run with `RUST_BACKTRACE=full` for a verbose backtrace.

---- spec_test_162 stdout ----
thread 'spec_test_162' panicked at 'assertion failed: `(left == right)`
  left: `"<p><a href=\"my_(url)\" title=\"title (with parens)\">Foo*bar]</a></p>\n"`,
 right: `"<p>[Foo*bar]]:my_(url) \'title (with parens)\'</p>\n<p>[Foo*bar]]</p>\n"`', tests/spec.rs:4129:9
stack backtrace:
   0: <std::sys_common::backtrace::_print::DisplayBacktrace as core::fmt::Display>::fmt
   1: core::fmt::write
   2: std::io::Write::write_fmt
   3: std::io::impls::<impl std::io::Write for alloc::boxed::Box<W>>::write_fmt
   4: std::panicking::default_hook::{{closure}}
   5: std::panicking::default_hook
   6: std::panicking::rust_panic_with_hook
   7: std::panicking::continue_panic_fmt
   8: std::panicking::begin_panic_fmt
   9: spec::spec_test_162
             at tests/spec.rs:4129
  10: spec::spec_test_162::{{closure}}
             at tests/spec.rs:4110
  11: core::ops::function::FnOnce::call_once
             at /usr/src/rustc-1.40.0/src/libcore/ops/function.rs:227
  12: <alloc::boxed::Box<F> as core::ops::function::FnOnce<A>>::call_once
  13: __rust_maybe_catch_panic
  14: test::run_test_in_process
note: Some details are omitted, run with `RUST_BACKTRACE=full` for a verbose backtrace.

---- spec_test_168 stdout ----
thread 'spec_test_168' panicked at 'assertion failed: `(left == right)`
  left: `"<p>[foo]: <bar>(baz)</p>\n<p>[foo]</p>\n"`,
 right: `"<p><a href=\"bar\" title=\"baz\">foo</a></p>\n"`', tests/spec.rs:4284:9
stack backtrace:
   0: <std::sys_common::backtrace::_print::DisplayBacktrace as core::fmt::Display>::fmt
   1: core::fmt::write
   2: std::io::Write::write_fmt
   3: std::io::impls::<impl std::io::Write for alloc::boxed::Box<W>>::write_fmt
   4: std::panicking::default_hook::{{closure}}
   5: std::panicking::default_hook
   6: std::panicking::rust_panic_with_hook
   7: std::panicking::continue_panic_fmt
   8: std::panicking::begin_panic_fmt
   9: spec::spec_test_168
             at tests/spec.rs:4284
  10: spec::spec_test_168::{{closure}}
             at tests/spec.rs:4264
  11: core::ops::function::FnOnce::call_once
             at /usr/src/rustc-1.40.0/src/libcore/ops/function.rs:227
  12: <alloc::boxed::Box<F> as core::ops::function::FnOnce<A>>::call_once
  13: __rust_maybe_catch_panic
  14: test::run_test_in_process
note: Some details are omitted, run with `RUST_BACKTRACE=full` for a verbose backtrace.

---- spec_test_169 stdout ----
thread 'spec_test_169' panicked at 'assertion failed: `(left == right)`
  left: `"<p><a href=\"/url%5Cbar*baz\" title=\"foo&quot;bar\\baz\">foo</a></p>\n"`,
 right: `"<p><a href=\"/urlbar*baz\" title=\"foo&quot;barbaz\">foo</a></p>\n"`', tests/spec.rs:4307:9
stack backtrace:
   0: <std::sys_common::backtrace::_print::DisplayBacktrace as core::fmt::Display>::fmt
   1: core::fmt::write
   2: std::io::Write::write_fmt
   3: std::io::impls::<impl std::io::Write for alloc::boxed::Box<W>>::write_fmt
   4: std::panicking::default_hook::{{closure}}
   5: std::panicking::default_hook
   6: std::panicking::rust_panic_with_hook
   7: std::panicking::continue_panic_fmt
   8: std::panicking::begin_panic_fmt
   9: spec::spec_test_169
             at tests/spec.rs:4307
  10: spec::spec_test_169::{{closure}}
             at tests/spec.rs:4288
  11: core::ops::function::FnOnce::call_once
             at /usr/src/rustc-1.40.0/src/libcore/ops/function.rs:227
  12: <alloc::boxed::Box<F> as core::ops::function::FnOnce<A>>::call_once
  13: __rust_maybe_catch_panic
  14: test::run_test_in_process
note: Some details are omitted, run with `RUST_BACKTRACE=full` for a verbose backtrace.

---- spec_test_177 stdout ----
thread 'spec_test_177' panicked at 'assertion failed: `(left == right)`
  left: `"<p>&quot;title&quot; ok</p>\n"`,
 right: `"<p>[foo]: /url\n&quot;title&quot; ok</p>\n"`', tests/spec.rs:4487:9
stack backtrace:
   0: <std::sys_common::backtrace::_print::DisplayBacktrace as core::fmt::Display>::fmt
   1: core::fmt::write
   2: std::io::Write::write_fmt
   3: std::io::impls::<impl std::io::Write for alloc::boxed::Box<W>>::write_fmt
   4: std::panicking::default_hook::{{closure}}
   5: std::panicking::default_hook
   6: std::panicking::rust_panic_with_hook
   7: std::panicking::continue_panic_fmt
   8: std::panicking::begin_panic_fmt
   9: spec::spec_test_177
             at tests/spec.rs:4487
  10: spec::spec_test_177::{{closure}}
             at tests/spec.rs:4469
  11: core::ops::function::FnOnce::call_once
             at /usr/src/rustc-1.40.0/src/libcore/ops/function.rs:227
  12: <alloc::boxed::Box<F> as core::ops::function::FnOnce<A>>::call_once
  13: __rust_maybe_catch_panic
  14: test::run_test_in_process
note: Some details are omitted, run with `RUST_BACKTRACE=full` for a verbose backtrace.

---- spec_test_227 stdout ----
thread 'spec_test_227' panicked at 'assertion failed: `(left == right)`
  left: `"<ul>\n<li>\n<p>foo</p>\n<p>bar</p>\n</li>\n</ul>\n"`,
 right: `"<ul>\n<li>foo</li>\n</ul>\n<p>bar</p>\n"`', tests/spec.rs:5826:9
stack backtrace:
   0: <std::sys_common::backtrace::_print::DisplayBacktrace as core::fmt::Display>::fmt
   1: core::fmt::write
   2: std::io::Write::write_fmt
   3: std::io::impls::<impl std::io::Write for alloc::boxed::Box<W>>::write_fmt
   4: std::panicking::default_hook::{{closure}}
   5: std::panicking::default_hook
   6: std::panicking::rust_panic_with_hook
   7: std::panicking::continue_panic_fmt
   8: std::panicking::begin_panic_fmt
   9: spec::spec_test_227
             at tests/spec.rs:5826
  10: spec::spec_test_227::{{closure}}
             at tests/spec.rs:5801
  11: core::ops::function::FnOnce::call_once
             at /usr/src/rustc-1.40.0/src/libcore/ops/function.rs:227
  12: <alloc::boxed::Box<F> as core::ops::function::FnOnce<A>>::call_once
  13: __rust_maybe_catch_panic
  14: test::run_test_in_process
note: Some details are omitted, run with `RUST_BACKTRACE=full` for a verbose backtrace.

---- spec_test_231 stdout ----
thread 'spec_test_231' panicked at 'assertion failed: `(left == right)`
  left: `"<p>1234567890. not ok</p>\n"`,
 right: `"<ol start=\"1234567890\">\n<li>not ok</li>\n</ol>\n"`', tests/spec.rs:5944:9
stack backtrace:
   0: <std::sys_common::backtrace::_print::DisplayBacktrace as core::fmt::Display>::fmt
   1: core::fmt::write
   2: std::io::Write::write_fmt
   3: std::io::impls::<impl std::io::Write for alloc::boxed::Box<W>>::write_fmt
   4: std::panicking::default_hook::{{closure}}
   5: std::panicking::default_hook
   6: std::panicking::rust_panic_with_hook
   7: std::panicking::continue_panic_fmt
   8: std::panicking::begin_panic_fmt
   9: spec::spec_test_231
             at tests/spec.rs:5944
  10: spec::spec_test_231::{{closure}}
             at tests/spec.rs:5927
  11: core::ops::function::FnOnce::call_once
             at /usr/src/rustc-1.40.0/src/libcore/ops/function.rs:227
  12: <alloc::boxed::Box<F> as core::ops::function::FnOnce<A>>::call_once
  13: __rust_maybe_catch_panic
  14: test::run_test_in_process
note: Some details are omitted, run with `RUST_BACKTRACE=full` for a verbose backtrace.

---- spec_test_244 stdout ----
thread 'spec_test_244' panicked at 'assertion failed: `(left == right)`
  left: `"<ul>\n<li>foo</li>\n</ul>\n"`,
 right: `"<ul>\n<li></li>\n</ul>\n<p>foo</p>\n"`', tests/spec.rs:6304:9
stack backtrace:
   0: <std::sys_common::backtrace::_print::DisplayBacktrace as core::fmt::Display>::fmt
   1: core::fmt::write
   2: std::io::Write::write_fmt
   3: std::io::impls::<impl std::io::Write for alloc::boxed::Box<W>>::write_fmt
   4: std::panicking::default_hook::{{closure}}
   5: std::panicking::default_hook
   6: std::panicking::rust_panic_with_hook
   7: std::panicking::continue_panic_fmt
   8: std::panicking::begin_panic_fmt
   9: spec::spec_test_244
             at tests/spec.rs:6304
  10: spec::spec_test_244::{{closure}}
             at tests/spec.rs:6284
  11: core::ops::function::FnOnce::call_once
             at /usr/src/rustc-1.40.0/src/libcore/ops/function.rs:227
  12: <alloc::boxed::Box<F> as core::ops::function::FnOnce<A>>::call_once
  13: __rust_maybe_catch_panic
  14: test::run_test_in_process
note: Some details are omitted, run with `RUST_BACKTRACE=full` for a verbose backtrace.

---- spec_test_245 stdout ----
thread 'spec_test_245' panicked at 'assertion failed: `(left == right)`
  left: `"<ul>\n<li></li>\n</ul>\n<p>foo</p>\n"`,
 right: `"<ul>\n<li>\n<p>foo</p>\n</li>\n</ul>\n"`', tests/spec.rs:6330:9
stack backtrace:
   0: <std::sys_common::backtrace::_print::DisplayBacktrace as core::fmt::Display>::fmt
   1: core::fmt::write
   2: std::io::Write::write_fmt
   3: std::io::impls::<impl std::io::Write for alloc::boxed::Box<W>>::write_fmt
   4: std::panicking::default_hook::{{closure}}
   5: std::panicking::default_hook
   6: std::panicking::rust_panic_with_hook
   7: std::panicking::continue_panic_fmt
   8: std::panicking::begin_panic_fmt
   9: spec::spec_test_245
             at tests/spec.rs:6330
  10: spec::spec_test_245::{{closure}}
             at tests/spec.rs:6308
  11: core::ops::function::FnOnce::call_once
             at /usr/src/rustc-1.40.0/src/libcore/ops/function.rs:227
  12: <alloc::boxed::Box<F> as core::ops::function::FnOnce<A>>::call_once
  13: __rust_maybe_catch_panic
  14: test::run_test_in_process
note: Some details are omitted, run with `RUST_BACKTRACE=full` for a verbose backtrace.

---- spec_test_250 stdout ----
thread 'spec_test_250' panicked at 'assertion failed: `(left == right)`
  left: `"<p>foo\n*</p>\n<p>foo\n1.</p>\n"`,
 right: `"<p>foo</p>\n<ul>\n<li></li>\n</ul>\n<p>foo</p>\n<ol>\n<li></li>\n</ol>\n"`', tests/spec.rs:6462:9
stack backtrace:
   0: <std::sys_common::backtrace::_print::DisplayBacktrace as core::fmt::Display>::fmt
   1: core::fmt::write
   2: std::io::Write::write_fmt
   3: std::io::impls::<impl std::io::Write for alloc::boxed::Box<W>>::write_fmt
   4: std::panicking::default_hook::{{closure}}
   5: std::panicking::default_hook
   6: std::panicking::rust_panic_with_hook
   7: std::panicking::continue_panic_fmt
   8: std::panicking::begin_panic_fmt
   9: spec::spec_test_250
             at tests/spec.rs:6462
  10: spec::spec_test_250::{{closure}}
             at tests/spec.rs:6438
  11: core::ops::function::FnOnce::call_once
             at /usr/src/rustc-1.40.0/src/libcore/ops/function.rs:227
  12: <alloc::boxed::Box<F> as core::ops::function::FnOnce<A>>::call_once
  13: __rust_maybe_catch_panic
  14: test::run_test_in_process
note: Some details are omitted, run with `RUST_BACKTRACE=full` for a verbose backtrace.

---- spec_test_269 stdout ----
thread 'spec_test_269' panicked at 'assertion failed: `(left == right)`
  left: `"<p>The number of windows in my house is\n14.  The number of doors is 6.</p>\n"`,
 right: `"<p>The number of windows in my house is</p>\n<ol start=\"14\">\n<li>The number of doors is 6.</li>\n</ol>\n"`', tests/spec.rs:7044:9
stack backtrace:
   0: <std::sys_common::backtrace::_print::DisplayBacktrace as core::fmt::Display>::fmt
   1: core::fmt::write
   2: std::io::Write::write_fmt
   3: std::io::impls::<impl std::io::Write for alloc::boxed::Box<W>>::write_fmt
   4: std::panicking::default_hook::{{closure}}
   5: std::panicking::default_hook
   6: std::panicking::rust_panic_with_hook
   7: std::panicking::continue_panic_fmt
   8: std::panicking::begin_panic_fmt
   9: spec::spec_test_269
             at tests/spec.rs:7044
  10: spec::spec_test_269::{{closure}}
             at tests/spec.rs:7025
  11: core::ops::function::FnOnce::call_once
             at /usr/src/rustc-1.40.0/src/libcore/ops/function.rs:227
  12: <alloc::boxed::Box<F> as core::ops::function::FnOnce<A>>::call_once
  13: __rust_maybe_catch_panic
  14: test::run_test_in_process
note: Some details are omitted, run with `RUST_BACKTRACE=full` for a verbose backtrace.

---- spec_test_271 stdout ----
thread 'spec_test_271' panicked at 'assertion failed: `(left == right)`
  left: `"<ul>\n<li>\n<p>foo</p>\n</li>\n<li>\n<p>bar</p>\n</li>\n<li>\n<p>baz</p>\n</li>\n</ul>\n"`,
 right: `"<ul>\n<li>\n<p>foo</p>\n</li>\n<li>\n<p>bar</p>\n</li>\n</ul>\n<ul>\n<li>baz</li>\n</ul>\n"`', tests/spec.rs:7105:9
stack backtrace:
   0: <std::sys_common::backtrace::_print::DisplayBacktrace as core::fmt::Display>::fmt
   1: core::fmt::write
   2: std::io::Write::write_fmt
   3: std::io::impls::<impl std::io::Write for alloc::boxed::Box<W>>::write_fmt
   4: std::panicking::default_hook::{{closure}}
   5: std::panicking::default_hook
   6: std::panicking::rust_panic_with_hook
   7: std::panicking::continue_panic_fmt
   8: std::panicking::begin_panic_fmt
   9: spec::spec_test_271
             at tests/spec.rs:7105
  10: spec::spec_test_271::{{closure}}
             at tests/spec.rs:7073
  11: core::ops::function::FnOnce::call_once
             at /usr/src/rustc-1.40.0/src/libcore/ops/function.rs:227
  12: <alloc::boxed::Box<F> as core::ops::function::FnOnce<A>>::call_once
  13: __rust_maybe_catch_panic
  14: test::run_test_in_process
note: Some details are omitted, run with `RUST_BACKTRACE=full` for a verbose backtrace.

---- spec_test_272 stdout ----
thread 'spec_test_272' panicked at 'assertion failed: `(left == right)`
  left: `"<ul>\n<li>foo\n<ul>\n<li>bar\n<ul>\n<li>\n<p>baz</p>\n<p>bim</p>\n</li>\n</ul>\n</li>\n</ul>\n</li>\n</ul>\n"`,
 right: `"<ul>\n<li>foo\n<ul>\n<li>bar\n<ul>\n<li>baz</li>\n</ul>\nbim</li>\n</ul>\n</li>\n</ul>\n"`', tests/spec.rs:7144:9
stack backtrace:
   0: <std::sys_common::backtrace::_print::DisplayBacktrace as core::fmt::Display>::fmt
   1: core::fmt::write
   2: std::io::Write::write_fmt
   3: std::io::impls::<impl std::io::Write for alloc::boxed::Box<W>>::write_fmt
   4: std::panicking::default_hook::{{closure}}
   5: std::panicking::default_hook
   6: std::panicking::rust_panic_with_hook
   7: std::panicking::continue_panic_fmt
   8: std::panicking::begin_panic_fmt
   9: spec::spec_test_272
             at tests/spec.rs:7144
  10: spec::spec_test_272::{{closure}}
             at tests/spec.rs:7109
  11: core::ops::function::FnOnce::call_once
             at /usr/src/rustc-1.40.0/src/libcore/ops/function.rs:227
  12: <alloc::boxed::Box<F> as core::ops::function::FnOnce<A>>::call_once
  13: __rust_maybe_catch_panic
  14: test::run_test_in_process
note: Some details are omitted, run with `RUST_BACKTRACE=full` for a verbose backtrace.

---- spec_test_277 stdout ----
thread 'spec_test_277' panicked at 'assertion failed: `(left == right)`
  left: `"<ul>\n<li>a</li>\n<li>b</li>\n<li>c</li>\n<li>d\n- e</li>\n</ul>\n"`,
 right: `"<ul>\n<li>a</li>\n<li>b</li>\n<li>c</li>\n<li>d</li>\n<li>e</li>\n</ul>\n"`', tests/spec.rs:7320:9
stack backtrace:
   0: <std::sys_common::backtrace::_print::DisplayBacktrace as core::fmt::Display>::fmt
   1: core::fmt::write
   2: std::io::Write::write_fmt
   3: std::io::impls::<impl std::io::Write for alloc::boxed::Box<W>>::write_fmt
   4: std::panicking::default_hook::{{closure}}
   5: std::panicking::default_hook
   6: std::panicking::rust_panic_with_hook
   7: std::panicking::continue_panic_fmt
   8: std::panicking::begin_panic_fmt
   9: spec::spec_test_277
             at tests/spec.rs:7320
  10: spec::spec_test_277::{{closure}}
             at tests/spec.rs:7293
  11: core::ops::function::FnOnce::call_once
             at /usr/src/rustc-1.40.0/src/libcore/ops/function.rs:227
  12: <alloc::boxed::Box<F> as core::ops::function::FnOnce<A>>::call_once
  13: __rust_maybe_catch_panic
  14: test::run_test_in_process
note: Some details are omitted, run with `RUST_BACKTRACE=full` for a verbose backtrace.

---- spec_test_278 stdout ----
thread 'spec_test_278' panicked at 'assertion failed: `(left == right)`
  left: `"<ol>\n<li>\n<p>a</p>\n</li>\n<li>\n<p>b</p>\n</li>\n</ol>\n<pre><code>3. c\n</code></pre>\n"`,
 right: `"<ol>\n<li>\n<p>a</p>\n</li>\n<li>\n<p>b</p>\n</li>\n<li>\n<p>c</p>\n</li>\n</ol>\n"`', tests/spec.rs:7354:9
stack backtrace:
   0: <std::sys_common::backtrace::_print::DisplayBacktrace as core::fmt::Display>::fmt
   1: core::fmt::write
   2: std::io::Write::write_fmt
   3: std::io::impls::<impl std::io::Write for alloc::boxed::Box<W>>::write_fmt
   4: std::panicking::default_hook::{{closure}}
   5: std::panicking::default_hook
   6: std::panicking::rust_panic_with_hook
   7: std::panicking::continue_panic_fmt
   8: std::panicking::begin_panic_fmt
   9: spec::spec_test_278
             at tests/spec.rs:7354
  10: spec::spec_test_278::{{closure}}
             at tests/spec.rs:7324
  11: core::ops::function::FnOnce::call_once
             at /usr/src/rustc-1.40.0/src/libcore/ops/function.rs:227
  12: <alloc::boxed::Box<F> as core::ops::function::FnOnce<A>>::call_once
  13: __rust_maybe_catch_panic
  14: test::run_test_in_process
note: Some details are omitted, run with `RUST_BACKTRACE=full` for a verbose backtrace.

---- spec_test_294 stdout ----
thread 'spec_test_294' panicked at 'assertion failed: `(left == right)`
  left: `"<p>\\\t\\A\\a\\ \\3\\\\</p>\n"`,
 right: `"<p>\\   \\A\\a\\ \\3\\\\</p>\n"`', tests/spec.rs:7847:9
stack backtrace:
   0: <std::sys_common::backtrace::_print::DisplayBacktrace as core::fmt::Display>::fmt
   1: core::fmt::write
   2: std::io::Write::write_fmt
   3: std::io::impls::<impl std::io::Write for alloc::boxed::Box<W>>::write_fmt
   4: std::panicking::default_hook::{{closure}}
   5: std::panicking::default_hook
   6: std::panicking::rust_panic_with_hook
   7: std::panicking::continue_panic_fmt
   8: std::panicking::begin_panic_fmt
   9: spec::spec_test_294
             at tests/spec.rs:7847
  10: spec::spec_test_294::{{closure}}
             at tests/spec.rs:7830
  11: core::ops::function::FnOnce::call_once
             at /usr/src/rustc-1.40.0/src/libcore/ops/function.rs:227
  12: <alloc::boxed::Box<F> as core::ops::function::FnOnce<A>>::call_once
  13: __rust_maybe_catch_panic
  14: test::run_test_in_process
note: Some details are omitted, run with `RUST_BACKTRACE=full` for a verbose backtrace.

---- spec_test_302 stdout ----
thread 'spec_test_302' panicked at 'assertion failed: `(left == right)`
  left: `"<a href=\"/bar\\/)\">\n"`,
 right: `"<p><a href=\"/bar\\/)\"></p>\n"`', tests/spec.rs:8035:9
stack backtrace:
   0: <std::sys_common::backtrace::_print::DisplayBacktrace as core::fmt::Display>::fmt
   1: core::fmt::write
   2: std::io::Write::write_fmt
   3: std::io::impls::<impl std::io::Write for alloc::boxed::Box<W>>::write_fmt
   4: std::panicking::default_hook::{{closure}}
   5: std::panicking::default_hook
   6: std::panicking::rust_panic_with_hook
   7: std::panicking::continue_panic_fmt
   8: std::panicking::begin_panic_fmt
   9: spec::spec_test_302
             at tests/spec.rs:8035
  10: spec::spec_test_302::{{closure}}
             at tests/spec.rs:8018
  11: core::ops::function::FnOnce::call_once
             at /usr/src/rustc-1.40.0/src/libcore/ops/function.rs:227
  12: <alloc::boxed::Box<F> as core::ops::function::FnOnce<A>>::call_once
  13: __rust_maybe_catch_panic
  14: test::run_test_in_process
note: Some details are omitted, run with `RUST_BACKTRACE=full` for a verbose backtrace.

---- spec_test_305 stdout ----
thread 'spec_test_305' panicked at 'assertion failed: `(left == right)`
  left: `"<pre><code class=\"language-foo+bar\">foo\n</code></pre>\n"`,
 right: `"<pre><code class=\"language-foo\\+bar\">foo\n</code></pre>\n"`', tests/spec.rs:8103:9
stack backtrace:
   0: <std::sys_common::backtrace::_print::DisplayBacktrace as core::fmt::Display>::fmt
   1: core::fmt::write
   2: std::io::Write::write_fmt
   3: std::io::impls::<impl std::io::Write for alloc::boxed::Box<W>>::write_fmt
   4: std::panicking::default_hook::{{closure}}
   5: std::panicking::default_hook
   6: std::panicking::rust_panic_with_hook
   7: std::panicking::continue_panic_fmt
   8: std::panicking::begin_panic_fmt
   9: spec::spec_test_305
             at tests/spec.rs:8103
  10: spec::spec_test_305::{{closure}}
             at tests/spec.rs:8083
  11: core::ops::function::FnOnce::call_once
             at /usr/src/rustc-1.40.0/src/libcore/ops/function.rs:227
  12: <alloc::boxed::Box<F> as core::ops::function::FnOnce<A>>::call_once
  13: __rust_maybe_catch_panic
  14: test::run_test_in_process
note: Some details are omitted, run with `RUST_BACKTRACE=full` for a verbose backtrace.

---- spec_test_306 stdout ----
thread 'spec_test_306' panicked at 'assertion failed: `(left == right)`
  left: `"<p>  &amp;   \n  \n \u{338}</p>\n"`,
 right: `"<p>\u{a0} &amp;   \n  \n \u{338}</p>\n"`', tests/spec.rs:8128:9
stack backtrace:
   0: <std::sys_common::backtrace::_print::DisplayBacktrace as core::fmt::Display>::fmt
   1: core::fmt::write
   2: std::io::Write::write_fmt
   3: std::io::impls::<impl std::io::Write for alloc::boxed::Box<W>>::write_fmt
   4: std::panicking::default_hook::{{closure}}
   5: std::panicking::default_hook
   6: std::panicking::rust_panic_with_hook
   7: std::panicking::continue_panic_fmt
   8: std::panicking::begin_panic_fmt
   9: spec::spec_test_306
             at tests/spec.rs:8128
  10: spec::spec_test_306::{{closure}}
             at tests/spec.rs:8107
  11: core::ops::function::FnOnce::call_once
             at /usr/src/rustc-1.40.0/src/libcore/ops/function.rs:227
  12: <alloc::boxed::Box<F> as core::ops::function::FnOnce<A>>::call_once
  13: __rust_maybe_catch_panic
  14: test::run_test_in_process
note: Some details are omitted, run with `RUST_BACKTRACE=full` for a verbose backtrace.

---- spec_test_312 stdout ----
thread 'spec_test_312' panicked at 'assertion failed: `(left == right)`
  left: `"<a href=\"&ouml;&ouml;.html\">\n"`,
 right: `"<p><a href=\"&ouml;&ouml;.html\"></p>\n"`', tests/spec.rs:8260:9
stack backtrace:
   0: <std::sys_common::backtrace::_print::DisplayBacktrace as core::fmt::Display>::fmt
   1: core::fmt::write
   2: std::io::Write::write_fmt
   3: std::io::impls::<impl std::io::Write for alloc::boxed::Box<W>>::write_fmt
   4: std::panicking::default_hook::{{closure}}
   5: std::panicking::default_hook
   6: std::panicking::rust_panic_with_hook
   7: std::panicking::continue_panic_fmt
   8: std::panicking::begin_panic_fmt
   9: spec::spec_test_312
             at tests/spec.rs:8260
  10: spec::spec_test_312::{{closure}}
             at tests/spec.rs:8243
  11: core::ops::function::FnOnce::call_once
             at /usr/src/rustc-1.40.0/src/libcore/ops/function.rs:227
  12: <alloc::boxed::Box<F> as core::ops::function::FnOnce<A>>::call_once
  13: __rust_maybe_catch_panic
  14: test::run_test_in_process
note: Some details are omitted, run with `RUST_BACKTRACE=full` for a verbose backtrace.

---- spec_test_315 stdout ----
thread 'spec_test_315' panicked at 'assertion failed: `(left == right)`
  left: `"<pre><code class=\"language-f\">foo\n</code></pre>\n"`,
 right: `"<pre><code class=\"language-f&amp;ouml;&amp;ouml;\">foo\n</code></pre>\n"`', tests/spec.rs:8328:9
stack backtrace:
   0: <std::sys_common::backtrace::_print::DisplayBacktrace as core::fmt::Display>::fmt
   1: core::fmt::write
   2: std::io::Write::write_fmt
   3: std::io::impls::<impl std::io::Write for alloc::boxed::Box<W>>::write_fmt
   4: std::panicking::default_hook::{{closure}}
   5: std::panicking::default_hook
   6: std::panicking::rust_panic_with_hook
   7: std::panicking::continue_panic_fmt
   8: std::panicking::begin_panic_fmt
   9: spec::spec_test_315
             at tests/spec.rs:8328
  10: spec::spec_test_315::{{closure}}
             at tests/spec.rs:8308
  11: core::ops::function::FnOnce::call_once
             at /usr/src/rustc-1.40.0/src/libcore/ops/function.rs:227
  12: <alloc::boxed::Box<F> as core::ops::function::FnOnce<A>>::call_once
  13: __rust_maybe_catch_panic
  14: test::run_test_in_process
note: Some details are omitted, run with `RUST_BACKTRACE=full` for a verbose backtrace.

---- spec_test_321 stdout ----
thread 'spec_test_321' panicked at 'assertion failed: `(left == right)`
  left: `"<p><code> `` </code></p>\n"`,
 right: `"<p><code>``</code></p>\n"`', tests/spec.rs:8455:9
stack backtrace:
   0: <std::sys_common::backtrace::_print::DisplayBacktrace as core::fmt::Display>::fmt
   1: core::fmt::write
   2: std::io::Write::write_fmt
   3: std::io::impls::<impl std::io::Write for alloc::boxed::Box<W>>::write_fmt
   4: std::panicking::default_hook::{{closure}}
   5: std::panicking::default_hook
   6: std::panicking::rust_panic_with_hook
   7: std::panicking::continue_panic_fmt
   8: std::panicking::begin_panic_fmt
   9: spec::spec_test_321
             at tests/spec.rs:8455
  10: spec::spec_test_321::{{closure}}
             at tests/spec.rs:8438
  11: core::ops::function::FnOnce::call_once
             at /usr/src/rustc-1.40.0/src/libcore/ops/function.rs:227
  12: <alloc::boxed::Box<F> as core::ops::function::FnOnce<A>>::call_once
  13: __rust_maybe_catch_panic
  14: test::run_test_in_process
note: Some details are omitted, run with `RUST_BACKTRACE=full` for a verbose backtrace.

---- spec_test_322 stdout ----
thread 'spec_test_322' panicked at 'assertion failed: `(left == right)`
  left: `"<p><code> a</code></p>\n"`,
 right: `"<p><code>a</code></p>\n"`', tests/spec.rs:8476:9
stack backtrace:
   0: <std::sys_common::backtrace::_print::DisplayBacktrace as core::fmt::Display>::fmt
   1: core::fmt::write
   2: std::io::Write::write_fmt
   3: std::io::impls::<impl std::io::Write for alloc::boxed::Box<W>>::write_fmt
   4: std::panicking::default_hook::{{closure}}
   5: std::panicking::default_hook
   6: std::panicking::rust_panic_with_hook
   7: std::panicking::continue_panic_fmt
   8: std::panicking::begin_panic_fmt
   9: spec::spec_test_322
             at tests/spec.rs:8476
  10: spec::spec_test_322::{{closure}}
             at tests/spec.rs:8459
  11: core::ops::function::FnOnce::call_once
             at /usr/src/rustc-1.40.0/src/libcore/ops/function.rs:227
  12: <alloc::boxed::Box<F> as core::ops::function::FnOnce<A>>::call_once
  13: __rust_maybe_catch_panic
  14: test::run_test_in_process
note: Some details are omitted, run with `RUST_BACKTRACE=full` for a verbose backtrace.

---- spec_test_323 stdout ----
thread 'spec_test_323' panicked at 'assertion failed: `(left == right)`
  left: `"<p><code> b </code></p>\n"`,
 right: `"<p><code>b</code></p>\n"`', tests/spec.rs:8497:9
stack backtrace:
   0: <std::sys_common::backtrace::_print::DisplayBacktrace as core::fmt::Display>::fmt
   1: core::fmt::write
   2: std::io::Write::write_fmt
   3: std::io::impls::<impl std::io::Write for alloc::boxed::Box<W>>::write_fmt
   4: std::panicking::default_hook::{{closure}}
   5: std::panicking::default_hook
   6: std::panicking::rust_panic_with_hook
   7: std::panicking::continue_panic_fmt
   8: std::panicking::begin_panic_fmt
   9: spec::spec_test_323
             at tests/spec.rs:8497
  10: spec::spec_test_323::{{closure}}
             at tests/spec.rs:8480
  11: core::ops::function::FnOnce::call_once
             at /usr/src/rustc-1.40.0/src/libcore/ops/function.rs:227
  12: <alloc::boxed::Box<F> as core::ops::function::FnOnce<A>>::call_once
  13: __rust_maybe_catch_panic
  14: test::run_test_in_process
note: Some details are omitted, run with `RUST_BACKTRACE=full` for a verbose backtrace.

---- spec_test_324 stdout ----
thread 'spec_test_324' panicked at 'assertion failed: `(left == right)`
  left: `"<p><code>foo bar   baz</code></p>\n"`,
 right: `"<p><code>foo bar baz</code></p>\n"`', tests/spec.rs:8522:9
stack backtrace:
   0: <std::sys_common::backtrace::_print::DisplayBacktrace as core::fmt::Display>::fmt
   1: core::fmt::write
   2: std::io::Write::write_fmt
   3: std::io::impls::<impl std::io::Write for alloc::boxed::Box<W>>::write_fmt
   4: std::panicking::default_hook::{{closure}}
   5: std::panicking::default_hook
   6: std::panicking::rust_panic_with_hook
   7: std::panicking::continue_panic_fmt
   8: std::panicking::begin_panic_fmt
   9: spec::spec_test_324
             at tests/spec.rs:8522
  10: spec::spec_test_324::{{closure}}
             at tests/spec.rs:8501
  11: core::ops::function::FnOnce::call_once
             at /usr/src/rustc-1.40.0/src/libcore/ops/function.rs:227
  12: <alloc::boxed::Box<F> as core::ops::function::FnOnce<A>>::call_once
  13: __rust_maybe_catch_panic
  14: test::run_test_in_process
note: Some details are omitted, run with `RUST_BACKTRACE=full` for a verbose backtrace.

---- spec_test_326 stdout ----
thread 'spec_test_326' panicked at 'assertion failed: `(left == right)`
  left: `"<p><code>foo   bar  baz</code></p>\n"`,
 right: `"<p><code>foo bar baz</code></p>\n"`', tests/spec.rs:8567:9
stack backtrace:
   0: <std::sys_common::backtrace::_print::DisplayBacktrace as core::fmt::Display>::fmt
   1: core::fmt::write
   2: std::io::Write::write_fmt
   3: std::io::impls::<impl std::io::Write for alloc::boxed::Box<W>>::write_fmt
   4: std::panicking::default_hook::{{closure}}
   5: std::panicking::default_hook
   6: std::panicking::rust_panic_with_hook
   7: std::panicking::continue_panic_fmt
   8: std::panicking::begin_panic_fmt
   9: spec::spec_test_326
             at tests/spec.rs:8567
  10: spec::spec_test_326::{{closure}}
             at tests/spec.rs:8549
  11: core::ops::function::FnOnce::call_once
             at /usr/src/rustc-1.40.0/src/libcore/ops/function.rs:227
  12: <alloc::boxed::Box<F> as core::ops::function::FnOnce<A>>::call_once
  13: __rust_maybe_catch_panic
  14: test::run_test_in_process
note: Some details are omitted, run with `RUST_BACKTRACE=full` for a verbose backtrace.

---- spec_test_342 stdout ----
thread 'spec_test_342' panicked at 'assertion failed: `(left == right)`
  left: `"<p>* a *</p>\n"`,
 right: `"<ul>\n<li>a *</li>\n</ul>\n"`', tests/spec.rs:8903:9
stack backtrace:
   0: <std::sys_common::backtrace::_print::DisplayBacktrace as core::fmt::Display>::fmt
   1: core::fmt::write
   2: std::io::Write::write_fmt
   3: std::io::impls::<impl std::io::Write for alloc::boxed::Box<W>>::write_fmt
   4: std::panicking::default_hook::{{closure}}
   5: std::panicking::default_hook
   6: std::panicking::rust_panic_with_hook
   7: std::panicking::continue_panic_fmt
   8: std::panicking::begin_panic_fmt
   9: spec::spec_test_342
             at tests/spec.rs:8903
  10: spec::spec_test_342::{{closure}}
             at tests/spec.rs:8886
  11: core::ops::function::FnOnce::call_once
             at /usr/src/rustc-1.40.0/src/libcore/ops/function.rs:227
  12: <alloc::boxed::Box<F> as core::ops::function::FnOnce<A>>::call_once
  13: __rust_maybe_catch_panic
  14: test::run_test_in_process
note: Some details are omitted, run with `RUST_BACKTRACE=full` for a verbose backtrace.

---- spec_test_355 stdout ----
thread 'spec_test_355' panicked at 'assertion failed: `(left == right)`
  left: `"<p>*foo bar\n*</p>\n"`,
 right: `"<p>*foo bar</p>\n<ul>\n<li></li>\n</ul>\n"`', tests/spec.rs:9178:9
stack backtrace:
   0: <std::sys_common::backtrace::_print::DisplayBacktrace as core::fmt::Display>::fmt
   1: core::fmt::write
   2: std::io::Write::write_fmt
   3: std::io::impls::<impl std::io::Write for alloc::boxed::Box<W>>::write_fmt
   4: std::panicking::default_hook::{{closure}}
   5: std::panicking::default_hook
   6: std::panicking::rust_panic_with_hook
   7: std::panicking::continue_panic_fmt
   8: std::panicking::begin_panic_fmt
   9: spec::spec_test_355
             at tests/spec.rs:9178
  10: spec::spec_test_355::{{closure}}
             at tests/spec.rs:9159
  11: core::ops::function::FnOnce::call_once
             at /usr/src/rustc-1.40.0/src/libcore/ops/function.rs:227
  12: <alloc::boxed::Box<F> as core::ops::function::FnOnce<A>>::call_once
  13: __rust_maybe_catch_panic
  14: test::run_test_in_process
note: Some details are omitted, run with `RUST_BACKTRACE=full` for a verbose backtrace.

---- spec_test_399 stdout ----
thread 'spec_test_399' panicked at 'assertion failed: `(left == right)`
  left: `"<p><em>foo<strong>bar</strong>baz</em></p>\n"`,
 right: `"<p><em>foo</em><em>bar</em><em>baz</em></p>\n"`', tests/spec.rs:10108:9
stack backtrace:
   0: <std::sys_common::backtrace::_print::DisplayBacktrace as core::fmt::Display>::fmt
   1: core::fmt::write
   2: std::io::Write::write_fmt
   3: std::io::impls::<impl std::io::Write for alloc::boxed::Box<W>>::write_fmt
   4: std::panicking::default_hook::{{closure}}
   5: std::panicking::default_hook
   6: std::panicking::rust_panic_with_hook
   7: std::panicking::continue_panic_fmt
   8: std::panicking::begin_panic_fmt
   9: spec::spec_test_399
             at tests/spec.rs:10108
  10: spec::spec_test_399::{{closure}}
             at tests/spec.rs:10091
  11: core::ops::function::FnOnce::call_once
             at /usr/src/rustc-1.40.0/src/libcore/ops/function.rs:227
  12: <alloc::boxed::Box<F> as core::ops::function::FnOnce<A>>::call_once
  13: __rust_maybe_catch_panic
  14: test::run_test_in_process
note: Some details are omitted, run with `RUST_BACKTRACE=full` for a verbose backtrace.

---- spec_test_403 stdout ----
thread 'spec_test_403' panicked at 'assertion failed: `(left == right)`
  left: `"<p><em>foo<strong>bar</strong></em></p>\n"`,
 right: `"<p><em>foo</em><em>bar</em>**</p>\n"`', tests/spec.rs:10192:9
stack backtrace:
   0: <std::sys_common::backtrace::_print::DisplayBacktrace as core::fmt::Display>::fmt
   1: core::fmt::write
   2: std::io::Write::write_fmt
   3: std::io::impls::<impl std::io::Write for alloc::boxed::Box<W>>::write_fmt
   4: std::panicking::default_hook::{{closure}}
   5: std::panicking::default_hook
   6: std::panicking::rust_panic_with_hook
   7: std::panicking::continue_panic_fmt
   8: std::panicking::begin_panic_fmt
   9: spec::spec_test_403
             at tests/spec.rs:10192
  10: spec::spec_test_403::{{closure}}
             at tests/spec.rs:10175
  11: core::ops::function::FnOnce::call_once
             at /usr/src/rustc-1.40.0/src/libcore/ops/function.rs:227
  12: <alloc::boxed::Box<F> as core::ops::function::FnOnce<A>>::call_once
  13: __rust_maybe_catch_panic
  14: test::run_test_in_process
note: Some details are omitted, run with `RUST_BACKTRACE=full` for a verbose backtrace.

---- spec_test_400 stdout ----
thread 'spec_test_400' panicked at 'assertion failed: `(left == right)`
  left: `"<p><em>foo**bar</em></p>\n"`,
 right: `"<p><em>foo</em><em>bar</em></p>\n"`', tests/spec.rs:10129:9
stack backtrace:
   0: <std::sys_common::backtrace::_print::DisplayBacktrace as core::fmt::Display>::fmt
   1: core::fmt::write
   2: std::io::Write::write_fmt
   3: std::io::impls::<impl std::io::Write for alloc::boxed::Box<W>>::write_fmt
   4: std::panicking::default_hook::{{closure}}
   5: std::panicking::default_hook
   6: std::panicking::rust_panic_with_hook
   7: std::panicking::continue_panic_fmt
   8: std::panicking::begin_panic_fmt
   9: spec::spec_test_400
             at tests/spec.rs:10129
  10: spec::spec_test_400::{{closure}}
             at tests/spec.rs:10112
  11: core::ops::function::FnOnce::call_once
             at /usr/src/rustc-1.40.0/src/libcore/ops/function.rs:227
  12: <alloc::boxed::Box<F> as core::ops::function::FnOnce<A>>::call_once
  13: __rust_maybe_catch_panic
  14: test::run_test_in_process
note: Some details are omitted, run with `RUST_BACKTRACE=full` for a verbose backtrace.

---- spec_test_415 stdout ----
thread 'spec_test_415' panicked at 'assertion failed: `(left == right)`
  left: `"<p><strong>foo<em>bar</em>baz</strong></p>\n"`,
 right: `"<p><em><em>foo</em>bar</em>baz**</p>\n"`', tests/spec.rs:10446:9
stack backtrace:
   0: <std::sys_common::backtrace::_print::DisplayBacktrace as core::fmt::Display>::fmt
   1: core::fmt::write
   2: std::io::Write::write_fmt
   3: std::io::impls::<impl std::io::Write for alloc::boxed::Box<W>>::write_fmt
   4: std::panicking::default_hook::{{closure}}
   5: std::panicking::default_hook
   6: std::panicking::rust_panic_with_hook
   7: std::panicking::continue_panic_fmt
   8: std::panicking::begin_panic_fmt
   9: spec::spec_test_415
             at tests/spec.rs:10446
  10: spec::spec_test_415::{{closure}}
             at tests/spec.rs:10429
  11: core::ops::function::FnOnce::call_once
             at /usr/src/rustc-1.40.0/src/libcore/ops/function.rs:227
  12: <alloc::boxed::Box<F> as core::ops::function::FnOnce<A>>::call_once
  13: __rust_maybe_catch_panic
  14: test::run_test_in_process
note: Some details are omitted, run with `RUST_BACKTRACE=full` for a verbose backtrace.

---- spec_test_453 stdout ----
thread 'spec_test_453' panicked at 'assertion failed: `(left == right)`
  left: `"<p><em><strong>foo</strong></em></p>\n"`,
 right: `"<p><strong><em>foo</em></strong></p>\n"`', tests/spec.rs:11246:9
stack backtrace:
   0: <std::sys_common::backtrace::_print::DisplayBacktrace as core::fmt::Display>::fmt
   1: core::fmt::write
   2: std::io::Write::write_fmt
   3: std::io::impls::<impl std::io::Write for alloc::boxed::Box<W>>::write_fmt
   4: std::panicking::default_hook::{{closure}}
   5: std::panicking::default_hook
   6: std::panicking::rust_panic_with_hook
   7: std::panicking::continue_panic_fmt
   8: std::panicking::begin_panic_fmt
   9: spec::spec_test_453
             at tests/spec.rs:11246
  10: spec::spec_test_453::{{closure}}
             at tests/spec.rs:11229
  11: core::ops::function::FnOnce::call_once
             at /usr/src/rustc-1.40.0/src/libcore/ops/function.rs:227
  12: <alloc::boxed::Box<F> as core::ops::function::FnOnce<A>>::call_once
  13: __rust_maybe_catch_panic
  14: test::run_test_in_process
note: Some details are omitted, run with `RUST_BACKTRACE=full` for a verbose backtrace.

---- spec_test_454 stdout ----
thread 'spec_test_454' panicked at 'assertion failed: `(left == right)`
  left: `"<p><em><strong><strong>foo</strong></strong></em></p>\n"`,
 right: `"<p><strong><strong><em>foo</em></strong></strong></p>\n"`', tests/spec.rs:11267:9
stack backtrace:
   0: <std::sys_common::backtrace::_print::DisplayBacktrace as core::fmt::Display>::fmt
   1: core::fmt::write
   2: std::io::Write::write_fmt
   3: std::io::impls::<impl std::io::Write for alloc::boxed::Box<W>>::write_fmt
   4: std::panicking::default_hook::{{closure}}
   5: std::panicking::default_hook
   6: std::panicking::rust_panic_with_hook
   7: std::panicking::continue_panic_fmt
   8: std::panicking::begin_panic_fmt
   9: spec::spec_test_454
             at tests/spec.rs:11267
  10: spec::spec_test_454::{{closure}}
             at tests/spec.rs:11250
  11: core::ops::function::FnOnce::call_once
             at /usr/src/rustc-1.40.0/src/libcore/ops/function.rs:227
  12: <alloc::boxed::Box<F> as core::ops::function::FnOnce<A>>::call_once
  13: __rust_maybe_catch_panic
  14: test::run_test_in_process
note: Some details are omitted, run with `RUST_BACKTRACE=full` for a verbose backtrace.

---- spec_test_456 stdout ----
thread 'spec_test_456' panicked at 'assertion failed: `(left == right)`
  left: `"<p><em>foo <strong>bar *baz bim</strong> bam</em></p>\n"`,
 right: `"<p>*foo <strong>bar *baz bim</strong> bam*</p>\n"`', tests/spec.rs:11309:9
stack backtrace:
   0: <std::sys_common::backtrace::_print::DisplayBacktrace as core::fmt::Display>::fmt
   1: core::fmt::write
   2: std::io::Write::write_fmt
   3: std::io::impls::<impl std::io::Write for alloc::boxed::Box<W>>::write_fmt
   4: std::panicking::default_hook::{{closure}}
   5: std::panicking::default_hook
   6: std::panicking::rust_panic_with_hook
   7: std::panicking::continue_panic_fmt
   8: std::panicking::begin_panic_fmt
   9: spec::spec_test_456
             at tests/spec.rs:11309
  10: spec::spec_test_456::{{closure}}
             at tests/spec.rs:11292
  11: core::ops::function::FnOnce::call_once
             at /usr/src/rustc-1.40.0/src/libcore/ops/function.rs:227
  12: <alloc::boxed::Box<F> as core::ops::function::FnOnce<A>>::call_once
  13: __rust_maybe_catch_panic
  14: test::run_test_in_process
note: Some details are omitted, run with `RUST_BACKTRACE=full` for a verbose backtrace.

---- spec_test_477 stdout ----
thread 'spec_test_477' panicked at 'assertion failed: `(left == right)`
  left: `"<p><a href=\"foo(and(bar))\">link</a></p>\n"`,
 right: `"<p>[link](foo(and(bar)))</p>\n"`', tests/spec.rs:11754:9
stack backtrace:
   0: <std::sys_common::backtrace::_print::DisplayBacktrace as core::fmt::Display>::fmt
   1: core::fmt::write
   2: std::io::Write::write_fmt
   3: std::io::impls::<impl std::io::Write for alloc::boxed::Box<W>>::write_fmt
   4: std::panicking::default_hook::{{closure}}
   5: std::panicking::default_hook
   6: std::panicking::rust_panic_with_hook
   7: std::panicking::continue_panic_fmt
   8: std::panicking::begin_panic_fmt
   9: spec::spec_test_477
             at tests/spec.rs:11754
  10: spec::spec_test_477::{{closure}}
             at tests/spec.rs:11737
  11: core::ops::function::FnOnce::call_once
             at /usr/src/rustc-1.40.0/src/libcore/ops/function.rs:227
  12: <alloc::boxed::Box<F> as core::ops::function::FnOnce<A>>::call_once
  13: __rust_maybe_catch_panic
  14: test::run_test_in_process
note: Some details are omitted, run with `RUST_BACKTRACE=full` for a verbose backtrace.

---- spec_test_482 stdout ----
thread 'spec_test_482' panicked at 'assertion failed: `(left == right)`
  left: `"<p><a href=\"foo%5Cbar\">link</a></p>\n"`,
 right: `"<p><a href=\"foobar\">link</a></p>\n"`', tests/spec.rs:11865:9
stack backtrace:
   0: <std::sys_common::backtrace::_print::DisplayBacktrace as core::fmt::Display>::fmt
   1: core::fmt::write
   2: std::io::Write::write_fmt
   3: std::io::impls::<impl std::io::Write for alloc::boxed::Box<W>>::write_fmt
   4: std::panicking::default_hook::{{closure}}
   5: std::panicking::default_hook
   6: std::panicking::rust_panic_with_hook
   7: std::panicking::continue_panic_fmt
   8: std::panicking::begin_panic_fmt
   9: spec::spec_test_482
             at tests/spec.rs:11865
  10: spec::spec_test_482::{{closure}}
             at tests/spec.rs:11848
  11: core::ops::function::FnOnce::call_once
             at /usr/src/rustc-1.40.0/src/libcore/ops/function.rs:227
  12: <alloc::boxed::Box<F> as core::ops::function::FnOnce<A>>::call_once
  13: __rust_maybe_catch_panic
  14: test::run_test_in_process
note: Some details are omitted, run with `RUST_BACKTRACE=full` for a verbose backtrace.

---- spec_test_487 stdout ----
thread 'spec_test_487' panicked at 'assertion failed: `(left == right)`
  left: `"<p><a href=\"/url%C2%A0%22title%22\">link</a></p>\n"`,
 right: `"<p><a href=\"/url\" title=\"title\">link</a></p>\n"`', tests/spec.rs:11974:9
stack backtrace:
   0: <std::sys_common::backtrace::_print::DisplayBacktrace as core::fmt::Display>::fmt
   1: core::fmt::write
   2: std::io::Write::write_fmt
   3: std::io::impls::<impl std::io::Write for alloc::boxed::Box<W>>::write_fmt
   4: std::panicking::default_hook::{{closure}}
   5: std::panicking::default_hook
   6: std::panicking::rust_panic_with_hook
   7: std::panicking::continue_panic_fmt
   8: std::panicking::begin_panic_fmt
   9: spec::spec_test_487
             at tests/spec.rs:11974
  10: spec::spec_test_487::{{closure}}
             at tests/spec.rs:11957
  11: core::ops::function::FnOnce::call_once
             at /usr/src/rustc-1.40.0/src/libcore/ops/function.rs:227
  12: <alloc::boxed::Box<F> as core::ops::function::FnOnce<A>>::call_once
  13: __rust_maybe_catch_panic
  14: test::run_test_in_process
note: Some details are omitted, run with `RUST_BACKTRACE=full` for a verbose backtrace.

---- spec_test_495 stdout ----
thread 'spec_test_495' panicked at 'assertion failed: `(left == right)`
  left: `"<p><a href=\"/uri\">link [bar</a></p>\n"`,
 right: `"<p>[link [bar](/uri)</p>\n"`', tests/spec.rs:12143:9
stack backtrace:
   0: <std::sys_common::backtrace::_print::DisplayBacktrace as core::fmt::Display>::fmt
   1: core::fmt::write
   2: std::io::Write::write_fmt
   3: std::io::impls::<impl std::io::Write for alloc::boxed::Box<W>>::write_fmt
   4: std::panicking::default_hook::{{closure}}
   5: std::panicking::default_hook
   6: std::panicking::rust_panic_with_hook
   7: std::panicking::continue_panic_fmt
   8: std::panicking::begin_panic_fmt
   9: spec::spec_test_495
             at tests/spec.rs:12143
  10: spec::spec_test_495::{{closure}}
             at tests/spec.rs:12126
  11: core::ops::function::FnOnce::call_once
             at /usr/src/rustc-1.40.0/src/libcore/ops/function.rs:227
  12: <alloc::boxed::Box<F> as core::ops::function::FnOnce<A>>::call_once
  13: __rust_maybe_catch_panic
  14: test::run_test_in_process
note: Some details are omitted, run with `RUST_BACKTRACE=full` for a verbose backtrace.

---- spec_test_51 stdout ----
thread 'spec_test_51' panicked at 'assertion failed: `(left == right)`
  left: `"<h1>Foo <em>bar\nbaz</em></h1>\n"`,
 right: `"<p>Foo <em>bar\nbaz</em>\n====</p>\n"`', tests/spec.rs:1220:9
stack backtrace:
   0: <std::sys_common::backtrace::_print::DisplayBacktrace as core::fmt::Display>::fmt
   1: core::fmt::write
   2: std::io::Write::write_fmt
   3: std::io::impls::<impl std::io::Write for alloc::boxed::Box<W>>::write_fmt
   4: std::panicking::default_hook::{{closure}}
   5: std::panicking::default_hook
   6: std::panicking::rust_panic_with_hook
   7: std::panicking::continue_panic_fmt
   8: std::panicking::begin_panic_fmt
   9: spec::spec_test_51
             at tests/spec.rs:1220
  10: spec::spec_test_51::{{closure}}
             at tests/spec.rs:1200
  11: core::ops::function::FnOnce::call_once
             at /usr/src/rustc-1.40.0/src/libcore/ops/function.rs:227
  12: <alloc::boxed::Box<F> as core::ops::function::FnOnce<A>>::call_once
  13: __rust_maybe_catch_panic
  14: test::run_test_in_process
note: Some details are omitted, run with `RUST_BACKTRACE=full` for a verbose backtrace.

---- spec_test_509 stdout ----
thread 'spec_test_509' panicked at 'assertion failed: `(left == right)`
  left: `"<p><a href=\"/uri\">link [bar</a></p>\n"`,
 right: `"<p>[link [bar]<a href=\"/uri\">ref</a></p>\n"`', tests/spec.rs:12443:9
stack backtrace:
   0: <std::sys_common::backtrace::_print::DisplayBacktrace as core::fmt::Display>::fmt
   1: core::fmt::write
   2: std::io::Write::write_fmt
   3: std::io::impls::<impl std::io::Write for alloc::boxed::Box<W>>::write_fmt
   4: std::panicking::default_hook::{{closure}}
   5: std::panicking::default_hook
   6: std::panicking::rust_panic_with_hook
   7: std::panicking::continue_panic_fmt
   8: std::panicking::begin_panic_fmt
   9: spec::spec_test_509
             at tests/spec.rs:12443
  10: spec::spec_test_509::{{closure}}
             at tests/spec.rs:12424
  11: core::ops::function::FnOnce::call_once
             at /usr/src/rustc-1.40.0/src/libcore/ops/function.rs:227
  12: <alloc::boxed::Box<F> as core::ops::function::FnOnce<A>>::call_once
  13: __rust_maybe_catch_panic
  14: test::run_test_in_process
note: Some details are omitted, run with `RUST_BACKTRACE=full` for a verbose backtrace.

---- spec_test_522 stdout ----
thread 'spec_test_522' panicked at 'assertion failed: `(left == right)`
  left: `"<p>[foo] <a href=\"/url\" title=\"title\">bar</a></p>\n"`,
 right: `"<p><a href=\"/url\" title=\"title\">foo</a></p>\n"`', tests/spec.rs:12743:9
stack backtrace:
   0: <std::sys_common::backtrace::_print::DisplayBacktrace as core::fmt::Display>::fmt
   1: core::fmt::write
   2: std::io::Write::write_fmt
   3: std::io::impls::<impl std::io::Write for alloc::boxed::Box<W>>::write_fmt
   4: std::panicking::default_hook::{{closure}}
   5: std::panicking::default_hook
   6: std::panicking::rust_panic_with_hook
   7: std::panicking::continue_panic_fmt
   8: std::panicking::begin_panic_fmt
   9: spec::spec_test_522
             at tests/spec.rs:12743
  10: spec::spec_test_522::{{closure}}
             at tests/spec.rs:12724
  11: core::ops::function::FnOnce::call_once
             at /usr/src/rustc-1.40.0/src/libcore/ops/function.rs:227
  12: <alloc::boxed::Box<F> as core::ops::function::FnOnce<A>>::call_once
  13: __rust_maybe_catch_panic
  14: test::run_test_in_process
note: Some details are omitted, run with `RUST_BACKTRACE=full` for a verbose backtrace.

---- spec_test_523 stdout ----
thread 'spec_test_523' panicked at 'assertion failed: `(left == right)`
  left: `"<p>[foo]\n<a href=\"/url\" title=\"title\">bar</a></p>\n"`,
 right: `"<p><a href=\"/url\" title=\"title\">foo</a></p>\n"`', tests/spec.rs:12768:9
stack backtrace:
   0: <std::sys_common::backtrace::_print::DisplayBacktrace as core::fmt::Display>::fmt
   1: core::fmt::write
   2: std::io::Write::write_fmt
   3: std::io::impls::<impl std::io::Write for alloc::boxed::Box<W>>::write_fmt
   4: std::panicking::default_hook::{{closure}}
   5: std::panicking::default_hook
   6: std::panicking::rust_panic_with_hook
   7: std::panicking::continue_panic_fmt
   8: std::panicking::begin_panic_fmt
   9: spec::spec_test_523
             at tests/spec.rs:12768
  10: spec::spec_test_523::{{closure}}
             at tests/spec.rs:12747
  11: core::ops::function::FnOnce::call_once
             at /usr/src/rustc-1.40.0/src/libcore/ops/function.rs:227
  12: <alloc::boxed::Box<F> as core::ops::function::FnOnce<A>>::call_once
  13: __rust_maybe_catch_panic
  14: test::run_test_in_process
note: Some details are omitted, run with `RUST_BACKTRACE=full` for a verbose backtrace.

---- spec_test_529 stdout ----
thread 'spec_test_529' panicked at 'assertion failed: `(left == right)`
  left: `"<p><a href=\"/uri\">foo</a></p>\n"`,
 right: `"<p>[foo][ref[]</p>\n<p>[ref[]: /uri</p>\n"`', tests/spec.rs:12911:9
stack backtrace:
   0: <std::sys_common::backtrace::_print::DisplayBacktrace as core::fmt::Display>::fmt
   1: core::fmt::write
   2: std::io::Write::write_fmt
   3: std::io::impls::<impl std::io::Write for alloc::boxed::Box<W>>::write_fmt
   4: std::panicking::default_hook::{{closure}}
   5: std::panicking::default_hook
   6: std::panicking::rust_panic_with_hook
   7: std::panicking::continue_panic_fmt
   8: std::panicking::begin_panic_fmt
   9: spec::spec_test_529
             at tests/spec.rs:12911
  10: spec::spec_test_529::{{closure}}
             at tests/spec.rs:12892
  11: core::ops::function::FnOnce::call_once
             at /usr/src/rustc-1.40.0/src/libcore/ops/function.rs:227
  12: <alloc::boxed::Box<F> as core::ops::function::FnOnce<A>>::call_once
  13: __rust_maybe_catch_panic
  14: test::run_test_in_process
note: Some details are omitted, run with `RUST_BACKTRACE=full` for a verbose backtrace.

---- spec_test_536 stdout ----
thread 'spec_test_536' panicked at 'assertion failed: `(left == right)`
  left: `"<p><a href=\"/url\" title=\"title\">foo</a>\n[]</p>\n"`,
 right: `"<p><a href=\"/url\" title=\"title\">foo</a></p>\n"`', tests/spec.rs:13080:9
stack backtrace:
   0: <std::sys_common::backtrace::_print::DisplayBacktrace as core::fmt::Display>::fmt
   1: core::fmt::write
   2: std::io::Write::write_fmt
   3: std::io::impls::<impl std::io::Write for alloc::boxed::Box<W>>::write_fmt
   4: std::panicking::default_hook::{{closure}}
   5: std::panicking::default_hook
   6: std::panicking::rust_panic_with_hook
   7: std::panicking::continue_panic_fmt
   8: std::panicking::begin_panic_fmt
   9: spec::spec_test_536
             at tests/spec.rs:13080
  10: spec::spec_test_536::{{closure}}
             at tests/spec.rs:13059
  11: core::ops::function::FnOnce::call_once
             at /usr/src/rustc-1.40.0/src/libcore/ops/function.rs:227
  12: <alloc::boxed::Box<F> as core::ops::function::FnOnce<A>>::call_once
  13: __rust_maybe_catch_panic
  14: test::run_test_in_process
note: Some details are omitted, run with `RUST_BACKTRACE=full` for a verbose backtrace.

---- spec_test_548 stdout ----
thread 'spec_test_548' panicked at 'assertion failed: `(left == right)`
  left: `"<p><a href=\"/url1\">foo</a>(not a link)</p>\n"`,
 right: `"<p>[foo](not a link)</p>\n"`', tests/spec.rs:13357:9
stack backtrace:
   0: <std::sys_common::backtrace::_print::DisplayBacktrace as core::fmt::Display>::fmt
   1: core::fmt::write
   2: std::io::Write::write_fmt
   3: std::io::impls::<impl std::io::Write for alloc::boxed::Box<W>>::write_fmt
   4: std::panicking::default_hook::{{closure}}
   5: std::panicking::default_hook
   6: std::panicking::rust_panic_with_hook
   7: std::panicking::continue_panic_fmt
   8: std::panicking::begin_panic_fmt
   9: spec::spec_test_548
             at tests/spec.rs:13357
  10: spec::spec_test_548::{{closure}}
             at tests/spec.rs:13338
  11: core::ops::function::FnOnce::call_once
             at /usr/src/rustc-1.40.0/src/libcore/ops/function.rs:227
  12: <alloc::boxed::Box<F> as core::ops::function::FnOnce<A>>::call_once
  13: __rust_maybe_catch_panic
  14: test::run_test_in_process
note: Some details are omitted, run with `RUST_BACKTRACE=full` for a verbose backtrace.

---- spec_test_567 stdout ----
thread 'spec_test_567' panicked at 'assertion failed: `(left == right)`
  left: `"<p><img src=\"/url\" alt=\"foo\" title=\"title\" />\n[]</p>\n"`,
 right: `"<p><img src=\"/url\" alt=\"foo\" title=\"title\" /></p>\n"`', tests/spec.rs:13784:9
stack backtrace:
   0: <std::sys_common::backtrace::_print::DisplayBacktrace as core::fmt::Display>::fmt
   1: core::fmt::write
   2: std::io::Write::write_fmt
   3: std::io::impls::<impl std::io::Write for alloc::boxed::Box<W>>::write_fmt
   4: std::panicking::default_hook::{{closure}}
   5: std::panicking::default_hook
   6: std::panicking::rust_panic_with_hook
   7: std::panicking::continue_panic_fmt
   8: std::panicking::begin_panic_fmt
   9: spec::spec_test_567
             at tests/spec.rs:13784
  10: spec::spec_test_567::{{closure}}
             at tests/spec.rs:13763
  11: core::ops::function::FnOnce::call_once
             at /usr/src/rustc-1.40.0/src/libcore/ops/function.rs:227
  12: <alloc::boxed::Box<F> as core::ops::function::FnOnce<A>>::call_once
  13: __rust_maybe_catch_panic
  14: test::run_test_in_process
note: Some details are omitted, run with `RUST_BACKTRACE=full` for a verbose backtrace.

---- spec_test_579 stdout ----
thread 'spec_test_579' panicked at 'assertion failed: `(left == right)`
  left: `"<p><a href=\"made-up-scheme://foo,bar\">made-up-scheme://foo,bar</a></p>\n"`,
 right: `"<p>&lt;made-up-scheme://foo,bar&gt;</p>\n"`', tests/spec.rs:14049:9
stack backtrace:
   0: <std::sys_common::backtrace::_print::DisplayBacktrace as core::fmt::Display>::fmt
   1: core::fmt::write
   2: std::io::Write::write_fmt
   3: std::io::impls::<impl std::io::Write for alloc::boxed::Box<W>>::write_fmt
   4: std::panicking::default_hook::{{closure}}
   5: std::panicking::default_hook
   6: std::panicking::rust_panic_with_hook
   7: std::panicking::continue_panic_fmt
   8: std::panicking::begin_panic_fmt
   9: spec::spec_test_579
             at tests/spec.rs:14049
  10: spec::spec_test_579::{{closure}}
             at tests/spec.rs:14032
  11: core::ops::function::FnOnce::call_once
             at /usr/src/rustc-1.40.0/src/libcore/ops/function.rs:227
  12: <alloc::boxed::Box<F> as core::ops::function::FnOnce<A>>::call_once
  13: __rust_maybe_catch_panic
  14: test::run_test_in_process
note: Some details are omitted, run with `RUST_BACKTRACE=full` for a verbose backtrace.

---- spec_test_578 stdout ----
thread 'spec_test_578' panicked at 'assertion failed: `(left == right)`
  left: `"<p><a href=\"a+b+c:d\">a+b+c:d</a></p>\n"`,
 right: `"<p>&lt;a+b+c:d&gt;</p>\n"`', tests/spec.rs:14028:9
stack backtrace:
   0: <std::sys_common::backtrace::_print::DisplayBacktrace as core::fmt::Display>::fmt
   1: core::fmt::write
   2: std::io::Write::write_fmt
   3: std::io::impls::<impl std::io::Write for alloc::boxed::Box<W>>::write_fmt
   4: std::panicking::default_hook::{{closure}}
   5: std::panicking::default_hook
   6: std::panicking::rust_panic_with_hook
   7: std::panicking::continue_panic_fmt
   8: std::panicking::begin_panic_fmt
   9: spec::spec_test_578
             at tests/spec.rs:14028
  10: spec::spec_test_578::{{closure}}
             at tests/spec.rs:14011
  11: core::ops::function::FnOnce::call_once
             at /usr/src/rustc-1.40.0/src/libcore/ops/function.rs:227
  12: <alloc::boxed::Box<F> as core::ops::function::FnOnce<A>>::call_once
  13: __rust_maybe_catch_panic
  14: test::run_test_in_process
note: Some details are omitted, run with `RUST_BACKTRACE=full` for a verbose backtrace.

---- spec_test_581 stdout ----
thread 'spec_test_581' panicked at 'assertion failed: `(left == right)`
  left: `"<p><a href=\"localhost:5001/foo\">localhost:5001/foo</a></p>\n"`,
 right: `"<p>&lt;localhost:5001/foo&gt;</p>\n"`', tests/spec.rs:14091:9
stack backtrace:
   0: <std::sys_common::backtrace::_print::DisplayBacktrace as core::fmt::Display>::fmt
   1: core::fmt::write
   2: std::io::Write::write_fmt
   3: std::io::impls::<impl std::io::Write for alloc::boxed::Box<W>>::write_fmt
   4: std::panicking::default_hook::{{closure}}
   5: std::panicking::default_hook
   6: std::panicking::rust_panic_with_hook
   7: std::panicking::continue_panic_fmt
   8: std::panicking::begin_panic_fmt
   9: spec::spec_test_581
             at tests/spec.rs:14091
  10: spec::spec_test_581::{{closure}}
             at tests/spec.rs:14074
  11: core::ops::function::FnOnce::call_once
             at /usr/src/rustc-1.40.0/src/libcore/ops/function.rs:227
  12: <alloc::boxed::Box<F> as core::ops::function::FnOnce<A>>::call_once
  13: __rust_maybe_catch_panic
  14: test::run_test_in_process
note: Some details are omitted, run with `RUST_BACKTRACE=full` for a verbose backtrace.

---- spec_test_597 stdout ----
thread 'spec_test_597' panicked at 'assertion failed: `(left == right)`
  left: `"<p>Foo <responsive-image src=\"foo.jpg\" /></p>\n"`,
 right: `"<p>Foo &lt;responsive-image src=&quot;foo.jpg&quot; /&gt;</p>\n"`', tests/spec.rs:14431:9
stack backtrace:
   0: <std::sys_common::backtrace::_print::DisplayBacktrace as core::fmt::Display>::fmt
   1: core::fmt::write
   2: std::io::Write::write_fmt
   3: std::io::impls::<impl std::io::Write for alloc::boxed::Box<W>>::write_fmt
   4: std::panicking::default_hook::{{closure}}
   5: std::panicking::default_hook
   6: std::panicking::rust_panic_with_hook
   7: std::panicking::continue_panic_fmt
   8: std::panicking::begin_panic_fmt
   9: spec::spec_test_597
             at tests/spec.rs:14431
  10: spec::spec_test_597::{{closure}}
             at tests/spec.rs:14414
  11: core::ops::function::FnOnce::call_once
             at /usr/src/rustc-1.40.0/src/libcore/ops/function.rs:227
  12: <alloc::boxed::Box<F> as core::ops::function::FnOnce<A>>::call_once
  13: __rust_maybe_catch_panic
  14: test::run_test_in_process
note: Some details are omitted, run with `RUST_BACKTRACE=full` for a verbose backtrace.

---- spec_test_6 stdout ----
thread 'spec_test_6' panicked at 'assertion failed: `(left == right)`
  left: `"<blockquote>\n<pre><code>  foo\n</code></pre>\n</blockquote>\n"`,
 right: `"<blockquote>\n<pre><code>   foo\n</code></pre>\n</blockquote>\n"`', tests/spec.rs:153:9
stack backtrace:
   0: <std::sys_common::backtrace::_print::DisplayBacktrace as core::fmt::Display>::fmt
   1: core::fmt::write
   2: std::io::Write::write_fmt
   3: std::io::impls::<impl std::io::Write for alloc::boxed::Box<W>>::write_fmt
   4: std::panicking::default_hook::{{closure}}
   5: std::panicking::default_hook
   6: std::panicking::rust_panic_with_hook
   7: std::panicking::continue_panic_fmt
   8: std::panicking::begin_panic_fmt
   9: spec::spec_test_6
             at tests/spec.rs:153
  10: spec::spec_test_6::{{closure}}
             at tests/spec.rs:133
  11: core::ops::function::FnOnce::call_once
             at /usr/src/rustc-1.40.0/src/libcore/ops/function.rs:227
  12: <alloc::boxed::Box<F> as core::ops::function::FnOnce<A>>::call_once
  13: __rust_maybe_catch_panic
  14: test::run_test_in_process
note: Some details are omitted, run with `RUST_BACKTRACE=full` for a verbose backtrace.

---- spec_test_621 stdout ----
thread 'spec_test_621' panicked at 'assertion failed: `(left == right)`
  left: `"<p><code>code  span</code></p>\n"`,
 right: `"<p><code>code span</code></p>\n"`', tests/spec.rs:14961:9
stack backtrace:
   0: <std::sys_common::backtrace::_print::DisplayBacktrace as core::fmt::Display>::fmt
   1: core::fmt::write
   2: std::io::Write::write_fmt
   3: std::io::impls::<impl std::io::Write for alloc::boxed::Box<W>>::write_fmt
   4: std::panicking::default_hook::{{closure}}
   5: std::panicking::default_hook
   6: std::panicking::rust_panic_with_hook
   7: std::panicking::continue_panic_fmt
   8: std::panicking::begin_panic_fmt
   9: spec::spec_test_621
             at tests/spec.rs:14961
  10: spec::spec_test_621::{{closure}}
             at tests/spec.rs:14943
  11: core::ops::function::FnOnce::call_once
             at /usr/src/rustc-1.40.0/src/libcore/ops/function.rs:227
  12: <alloc::boxed::Box<F> as core::ops::function::FnOnce<A>>::call_once
  13: __rust_maybe_catch_panic
  14: test::run_test_in_process
note: Some details are omitted, run with `RUST_BACKTRACE=full` for a verbose backtrace.

---- spec_test_64 stdout ----
thread 'spec_test_64' panicked at 'assertion failed: `(left == right)`
  left: `"<h2>Foo\nBar</h2>\n"`,
 right: `"<p>Foo\nBar</p>\n<hr />\n"`', tests/spec.rs:1554:9
stack backtrace:
   0: <std::sys_common::backtrace::_print::DisplayBacktrace as core::fmt::Display>::fmt
   1: core::fmt::write
   2: std::io::Write::write_fmt
   3: std::io::impls::<impl std::io::Write for alloc::boxed::Box<W>>::write_fmt
   4: std::panicking::default_hook::{{closure}}
   5: std::panicking::default_hook
   6: std::panicking::rust_panic_with_hook
   7: std::panicking::continue_panic_fmt
   8: std::panicking::begin_panic_fmt
   9: spec::spec_test_64
             at tests/spec.rs:1554
  10: spec::spec_test_64::{{closure}}
             at tests/spec.rs:1534
  11: core::ops::function::FnOnce::call_once
             at /usr/src/rustc-1.40.0/src/libcore/ops/function.rs:227
  12: <alloc::boxed::Box<F> as core::ops::function::FnOnce<A>>::call_once
  13: __rust_maybe_catch_panic
  14: test::run_test_in_process
note: Some details are omitted, run with `RUST_BACKTRACE=full` for a verbose backtrace.

---- spec_test_7 stdout ----
thread 'spec_test_7' panicked at 'assertion failed: `(left == right)`
  left: `"<ul>\n<li>\n<pre><code>  foo\n</code></pre>\n</li>\n</ul>\n"`,
 right: `"<ul>\n<li>\n<pre><code>foo\n</code></pre>\n</li>\n</ul>\n"`', tests/spec.rs:179:9
stack backtrace:
   0: <std::sys_common::backtrace::_print::DisplayBacktrace as core::fmt::Display>::fmt
   1: core::fmt::write
   2: std::io::Write::write_fmt
   3: std::io::impls::<impl std::io::Write for alloc::boxed::Box<W>>::write_fmt
   4: std::panicking::default_hook::{{closure}}
   5: std::panicking::default_hook
   6: std::panicking::rust_panic_with_hook
   7: std::panicking::continue_panic_fmt
   8: std::panicking::begin_panic_fmt
   9: spec::spec_test_7
             at tests/spec.rs:179
  10: spec::spec_test_7::{{closure}}
             at tests/spec.rs:157
  11: core::ops::function::FnOnce::call_once
             at /usr/src/rustc-1.40.0/src/libcore/ops/function.rs:227
  12: <alloc::boxed::Box<F> as core::ops::function::FnOnce<A>>::call_once
  13: __rust_maybe_catch_panic
  14: test::run_test_in_process
note: Some details are omitted, run with `RUST_BACKTRACE=full` for a verbose backtrace.


failures:
    spec_test_117
    spec_test_131
    spec_test_132
    spec_test_133
    spec_test_134
    spec_test_135
    spec_test_136
    spec_test_138
    spec_test_139
    spec_test_140
    spec_test_143
    spec_test_144
    spec_test_145
    spec_test_147
    spec_test_148
    spec_test_150
    spec_test_162
    spec_test_168
    spec_test_169
    spec_test_177
    spec_test_227
    spec_test_231
    spec_test_244
    spec_test_245
    spec_test_250
    spec_test_269
    spec_test_271
    spec_test_272
    spec_test_277
    spec_test_278
    spec_test_294
    spec_test_302
    spec_test_305
    spec_test_306
    spec_test_312
    spec_test_315
    spec_test_321
    spec_test_322
    spec_test_323
    spec_test_324
    spec_test_326
    spec_test_342
    spec_test_355
    spec_test_399
    spec_test_400
    spec_test_403
    spec_test_415
    spec_test_453
    spec_test_454
    spec_test_456
    spec_test_477
    spec_test_482
    spec_test_487
    spec_test_495
    spec_test_509
    spec_test_51
    spec_test_522
    spec_test_523
    spec_test_529
    spec_test_536
    spec_test_548
    spec_test_567
    spec_test_578
    spec_test_579
    spec_test_581
    spec_test_597
    spec_test_6
    spec_test_621
    spec_test_64
    spec_test_7

test result: FAILED. 563 passed; 70 failed; 0 ignored; 0 measured; 0 filtered out

error: test failed, to rerun pass '--test spec'
dh_auto_test: error: /usr/share/cargo/bin/cargo test --all returned exit code 101
make[1]: Leaving directory '/<<PKGBUILDDIR>>'
   create-stamp debian/debhelper-build-stamp
 fakeroot debian/rules binary
dh binary --buildsystem cargo
   dh_testroot -O--buildsystem=cargo
   dh_prep -O--buildsystem=cargo
   dh_auto_install -O--buildsystem=cargo
debian cargo wrapper: options, profiles, parallel: ['parallel=4'] [] ['-j4']
debian cargo wrapper: rust_type, gnu_type: x86_64-unknown-linux-gnu, x86_64-linux-gnu
debian cargo wrapper: installing into destdir './debian/pulldown-cmark' prefix '/usr'
debian cargo wrapper: running subprocess (['env', 'RUST_BACKTRACE=1', 'CARGO_TARGET_DIR=/<<PKGBUILDDIR>>/target', '/usr/bin/cargo', '-Zavoid-dev-deps', 'install', '--verbose', '--verbose', '-j4', '--target', 'x86_64-unknown-linux-gnu', '--path', '/<<PKGBUILDDIR>>', '--root', './debian/pulldown-cmark/usr'],) {'check': True}
  Installing pulldown-cmark v0.2.0 (/<<PKGBUILDDIR>>)
   Compiling bitflags v1.2.1
   Compiling pulldown-cmark v0.2.0 (/<<PKGBUILDDIR>>)
   Compiling unicode-width v0.1.7
     Running `CARGO=/usr/bin/cargo CARGO_PKG_VERSION_MAJOR=1 CARGO_PKG_VERSION_PATCH=1 LD_LIBRARY_PATH='/<<PKGBUILDDIR>>/target/release/deps:/usr/lib:/usr/lib/x86_64-linux-gnu/libfakeroot:/usr/lib64/libfakeroot:/usr/lib32/libfakeroot' CARGO_PKG_NAME=bitflags CARGO_PKG_VERSION=1.2.1 CARGO_PKG_DESCRIPTION='A macro to generate structures which behave like bitflags.
' CARGO_PKG_HOMEPAGE='https://github.com/bitflags/bitflags' CARGO_PKG_AUTHORS='The Rust Project Developers' CARGO_PKG_REPOSITORY='https://github.com/bitflags/bitflags' CARGO_PKG_VERSION_PRE= CARGO_PKG_VERSION_MINOR=2 CARGO_MANIFEST_DIR=/<<PKGBUILDDIR>>/debian/cargo_registry/bitflags-1.2.1 rustc --crate-name build_script_build /<<PKGBUILDDIR>>/debian/cargo_registry/bitflags-1.2.1/build.rs --color never --crate-type bin --emit=dep-info,link -C opt-level=3 --cfg 'feature="default"' -C metadata=aff8f606e3cb3bea -C extra-filename=-aff8f606e3cb3bea --out-dir /<<PKGBUILDDIR>>/target/release/build/bitflags-aff8f606e3cb3bea -L dependency=/<<PKGBUILDDIR>>/target/release/deps --cap-lints warn`
     Running `CARGO=/usr/bin/cargo CARGO_PKG_VERSION_MAJOR=0 CARGO_PKG_VERSION_PATCH=7 LD_LIBRARY_PATH='/<<PKGBUILDDIR>>/target/release/deps:/usr/lib:/usr/lib/x86_64-linux-gnu/libfakeroot:/usr/lib64/libfakeroot:/usr/lib32/libfakeroot' CARGO_PKG_NAME=unicode-width CARGO_PKG_VERSION=0.1.7 CARGO_PKG_DESCRIPTION='Determine displayed width of `char` and `str` types
according to Unicode Standard Annex #11 rules.
' CARGO_PKG_HOMEPAGE='https://github.com/unicode-rs/unicode-width' CARGO_PKG_AUTHORS='kwantam <kwantam@gmail.com>:Manish Goregaokar <manishsmail@gmail.com>' CARGO_PKG_REPOSITORY='https://github.com/unicode-rs/unicode-width' CARGO_PKG_VERSION_PRE= CARGO_PKG_VERSION_MINOR=1 CARGO_MANIFEST_DIR=/<<PKGBUILDDIR>>/debian/cargo_registry/unicode-width-0.1.7 rustc --crate-name unicode_width /<<PKGBUILDDIR>>/debian/cargo_registry/unicode-width-0.1.7/src/lib.rs --error-format=json --json=diagnostic-rendered-ansi,artifacts --crate-type lib --emit=dep-info,metadata,link -C opt-level=3 --cfg 'feature="default"' -C metadata=4cadb656b5cb9161 -C extra-filename=-4cadb656b5cb9161 --out-dir /<<PKGBUILDDIR>>/target/x86_64-unknown-linux-gnu/release/deps --target x86_64-unknown-linux-gnu -L dependency=/<<PKGBUILDDIR>>/target/x86_64-unknown-linux-gnu/release/deps -L dependency=/<<PKGBUILDDIR>>/target/release/deps --cap-lints warn -C debuginfo=2 --cap-lints warn -C linker=x86_64-linux-gnu-gcc -C link-arg=-Wl,-z,relro --remap-path-prefix /<<PKGBUILDDIR>>=/usr/share/cargo/registry/pulldown-cmark-0.2.0`
     Running `CARGO=/usr/bin/cargo CARGO_PKG_VERSION_MAJOR=0 CARGO_PKG_VERSION_PATCH=0 LD_LIBRARY_PATH='/<<PKGBUILDDIR>>/target/release/deps:/usr/lib:/usr/lib/x86_64-linux-gnu/libfakeroot:/usr/lib64/libfakeroot:/usr/lib32/libfakeroot' CARGO_PKG_NAME=pulldown-cmark CARGO_PKG_VERSION=0.2.0 CARGO_PKG_DESCRIPTION='A pull parser for CommonMark' CARGO_PKG_HOMEPAGE= CARGO_PKG_AUTHORS='Raph Levien <raph.levien@gmail.com>' CARGO_PKG_REPOSITORY='https://github.com/google/pulldown-cmark' CARGO_PKG_VERSION_PRE= CARGO_PKG_VERSION_MINOR=2 CARGO_MANIFEST_DIR=/<<PKGBUILDDIR>> rustc --crate-name build_script_build build.rs --color never --crate-type bin --emit=dep-info,link -C opt-level=3 --cfg 'feature="default"' --cfg 'feature="getopts"' -C metadata=c14d893a34702fd2 -C extra-filename=-c14d893a34702fd2 --out-dir /<<PKGBUILDDIR>>/target/release/build/pulldown-cmark-c14d893a34702fd2 -L dependency=/<<PKGBUILDDIR>>/target/release/deps`
   Compiling getopts v0.2.21
     Running `CARGO=/usr/bin/cargo CARGO_PKG_VERSION_MAJOR=0 CARGO_PKG_VERSION_PATCH=21 LD_LIBRARY_PATH='/<<PKGBUILDDIR>>/target/release/deps:/usr/lib:/usr/lib/x86_64-linux-gnu/libfakeroot:/usr/lib64/libfakeroot:/usr/lib32/libfakeroot' CARGO_PKG_NAME=getopts CARGO_PKG_VERSION=0.2.21 CARGO_PKG_DESCRIPTION='getopts-like option parsing.
' CARGO_PKG_HOMEPAGE='https://github.com/rust-lang/getopts' CARGO_PKG_AUTHORS='The Rust Project Developers' CARGO_PKG_REPOSITORY='https://github.com/rust-lang/getopts' CARGO_PKG_VERSION_PRE= CARGO_PKG_VERSION_MINOR=2 CARGO_MANIFEST_DIR=/<<PKGBUILDDIR>>/debian/cargo_registry/getopts-0.2.21 rustc --crate-name getopts /<<PKGBUILDDIR>>/debian/cargo_registry/getopts-0.2.21/src/lib.rs --error-format=json --json=diagnostic-rendered-ansi,artifacts --crate-type lib --emit=dep-info,metadata,link -C opt-level=3 -C metadata=13cc36ebf81fc164 -C extra-filename=-13cc36ebf81fc164 --out-dir /<<PKGBUILDDIR>>/target/x86_64-unknown-linux-gnu/release/deps --target x86_64-unknown-linux-gnu -L dependency=/<<PKGBUILDDIR>>/target/x86_64-unknown-linux-gnu/release/deps -L dependency=/<<PKGBUILDDIR>>/target/release/deps --extern unicode_width=/<<PKGBUILDDIR>>/target/x86_64-unknown-linux-gnu/release/deps/libunicode_width-4cadb656b5cb9161.rmeta --cap-lints warn -C debuginfo=2 --cap-lints warn -C linker=x86_64-linux-gnu-gcc -C link-arg=-Wl,-z,relro --remap-path-prefix /<<PKGBUILDDIR>>=/usr/share/cargo/registry/pulldown-cmark-0.2.0`
     Running `/<<PKGBUILDDIR>>/target/release/build/pulldown-cmark-c14d893a34702fd2/build-script-build`
     Running `/<<PKGBUILDDIR>>/target/release/build/bitflags-aff8f606e3cb3bea/build-script-build`
[bitflags 1.2.1] cargo:rustc-cfg=bitflags_const_fn
     Running `CARGO=/usr/bin/cargo CARGO_PKG_VERSION_MAJOR=1 CARGO_PKG_VERSION_PATCH=1 LD_LIBRARY_PATH='/<<PKGBUILDDIR>>/target/release/deps:/usr/lib:/usr/lib/x86_64-linux-gnu/libfakeroot:/usr/lib64/libfakeroot:/usr/lib32/libfakeroot' CARGO_PKG_NAME=bitflags CARGO_PKG_VERSION=1.2.1 CARGO_PKG_DESCRIPTION='A macro to generate structures which behave like bitflags.
' CARGO_PKG_HOMEPAGE='https://github.com/bitflags/bitflags' CARGO_PKG_AUTHORS='The Rust Project Developers' CARGO_PKG_REPOSITORY='https://github.com/bitflags/bitflags' OUT_DIR=/<<PKGBUILDDIR>>/target/x86_64-unknown-linux-gnu/release/build/bitflags-e4fa5bac096f1b09/out CARGO_PKG_VERSION_PRE= CARGO_PKG_VERSION_MINOR=2 CARGO_MANIFEST_DIR=/<<PKGBUILDDIR>>/debian/cargo_registry/bitflags-1.2.1 rustc --crate-name bitflags /<<PKGBUILDDIR>>/debian/cargo_registry/bitflags-1.2.1/src/lib.rs --error-format=json --json=diagnostic-rendered-ansi,artifacts --crate-type lib --emit=dep-info,metadata,link -C opt-level=3 --cfg 'feature="default"' -C metadata=e500c24f13e04307 -C extra-filename=-e500c24f13e04307 --out-dir /<<PKGBUILDDIR>>/target/x86_64-unknown-linux-gnu/release/deps --target x86_64-unknown-linux-gnu -L dependency=/<<PKGBUILDDIR>>/target/x86_64-unknown-linux-gnu/release/deps -L dependency=/<<PKGBUILDDIR>>/target/release/deps --cap-lints warn -C debuginfo=2 --cap-lints warn -C linker=x86_64-linux-gnu-gcc -C link-arg=-Wl,-z,relro --remap-path-prefix /<<PKGBUILDDIR>>=/usr/share/cargo/registry/pulldown-cmark-0.2.0 --cfg bitflags_const_fn`
     Running `CARGO=/usr/bin/cargo CARGO_PKG_VERSION_MAJOR=0 CARGO_PKG_VERSION_PATCH=0 LD_LIBRARY_PATH='/<<PKGBUILDDIR>>/target/release/deps:/usr/lib:/usr/lib/x86_64-linux-gnu/libfakeroot:/usr/lib64/libfakeroot:/usr/lib32/libfakeroot' CARGO_PKG_NAME=pulldown-cmark CARGO_PKG_VERSION=0.2.0 CARGO_PKG_DESCRIPTION='A pull parser for CommonMark' CARGO_PKG_HOMEPAGE= CARGO_PKG_AUTHORS='Raph Levien <raph.levien@gmail.com>' CARGO_PKG_REPOSITORY='https://github.com/google/pulldown-cmark' OUT_DIR=/<<PKGBUILDDIR>>/target/x86_64-unknown-linux-gnu/release/build/pulldown-cmark-53ec56204865d8c4/out CARGO_PKG_VERSION_PRE= CARGO_PKG_VERSION_MINOR=2 CARGO_MANIFEST_DIR=/<<PKGBUILDDIR>> rustc --crate-name pulldown_cmark src/lib.rs --color never --crate-type lib --emit=dep-info,metadata,link -C opt-level=3 --cfg 'feature="default"' --cfg 'feature="getopts"' -C metadata=b178f8f9f7104606 -C extra-filename=-b178f8f9f7104606 --out-dir /<<PKGBUILDDIR>>/target/x86_64-unknown-linux-gnu/release/deps --target x86_64-unknown-linux-gnu -L dependency=/<<PKGBUILDDIR>>/target/x86_64-unknown-linux-gnu/release/deps -L dependency=/<<PKGBUILDDIR>>/target/release/deps --extern bitflags=/<<PKGBUILDDIR>>/target/x86_64-unknown-linux-gnu/release/deps/libbitflags-e500c24f13e04307.rmeta --extern getopts=/<<PKGBUILDDIR>>/target/x86_64-unknown-linux-gnu/release/deps/libgetopts-13cc36ebf81fc164.rmeta -C debuginfo=2 --cap-lints warn -C linker=x86_64-linux-gnu-gcc -C link-arg=-Wl,-z,relro --remap-path-prefix /<<PKGBUILDDIR>>=/usr/share/cargo/registry/pulldown-cmark-0.2.0`
warning: trait objects without an explicit `dyn` are deprecated
  --> src/passes.rs:46:34
   |
46 |             callback: Option<&'a Fn(&str, &str) -> Option<(String, String)>>)
   |                                  ^^^^^^^^^^^^^^^^^^^^^^^^^^^^^^^^^^^^^^^^^^ help: use `dyn`: `dyn Fn(&str, &str) -> Option<(String, String)>`
   |
   = note: `#[warn(bare_trait_objects)]` on by default

warning: trait objects without an explicit `dyn` are deprecated
  --> src/parse.rs:70:38
   |
70 |     broken_link_callback: Option<&'a Fn(&str, &str) -> Option<(String, String)>>,
   |                                      ^^^^^^^^^^^^^^^^^^^^^^^^^^^^^^^^^^^^^^^^^^ help: use `dyn`: `dyn Fn(&str, &str) -> Option<(String, String)>`

warning: trait objects without an explicit `dyn` are deprecated
   --> src/parse.rs:155:34
    |
155 |             callback: Option<&'a Fn(&str, &str) -> Option<(String, String)>>)
    |                                  ^^^^^^^^^^^^^^^^^^^^^^^^^^^^^^^^^^^^^^^^^^ help: use `dyn`: `dyn Fn(&str, &str) -> Option<(String, String)>`

warning: `...` range patterns are deprecated
    --> src/parse.rs:1541:66
     |
1541 |                 b'\'' | b'"' | b'=' | b'<' | b'>' | b'`' | b'\t' ... b' ' => {
     |                                                                  ^^^ help: use `..=` for an inclusive range
     |
     = note: `#[warn(ellipsis_inclusive_range_patterns)]` on by default

warning: `...` range patterns are deprecated
  --> src/scanners.rs:74:14
   |
74 |         b'a' ... b'z' | b'A' ... b'Z' => true,
   |              ^^^ help: use `..=` for an inclusive range

warning: `...` range patterns are deprecated
  --> src/scanners.rs:74:30
   |
74 |         b'a' ... b'z' | b'A' ... b'Z' => true,
   |                              ^^^ help: use `..=` for an inclusive range

warning: `...` range patterns are deprecated
  --> src/scanners.rs:81:14
   |
81 |         b'A' ... b'Z' => true,
   |              ^^^ help: use `..=` for an inclusive range

warning: `...` range patterns are deprecated
  --> src/scanners.rs:88:14
   |
88 |         b'0' ... b'9' | b'a' ... b'z' | b'A' ... b'Z' => true,
   |              ^^^ help: use `..=` for an inclusive range

warning: `...` range patterns are deprecated
  --> src/scanners.rs:88:30
   |
88 |         b'0' ... b'9' | b'a' ... b'z' | b'A' ... b'Z' => true,
   |                              ^^^ help: use `..=` for an inclusive range

warning: `...` range patterns are deprecated
  --> src/scanners.rs:88:46
   |
88 |         b'0' ... b'9' | b'a' ... b'z' | b'A' ... b'Z' => true,
   |                                              ^^^ help: use `..=` for an inclusive range

warning: `...` range patterns are deprecated
  --> src/scanners.rs:95:14
   |
95 |         b'0' ... b'9' | b'a' ... b'f' | b'A' ... b'F' => true,
   |              ^^^ help: use `..=` for an inclusive range

warning: `...` range patterns are deprecated
  --> src/scanners.rs:95:30
   |
95 |         b'0' ... b'9' | b'a' ... b'f' | b'A' ... b'F' => true,
   |                              ^^^ help: use `..=` for an inclusive range

warning: `...` range patterns are deprecated
  --> src/scanners.rs:95:46
   |
95 |         b'0' ... b'9' | b'a' ... b'f' | b'A' ... b'F' => true,
   |                                              ^^^ help: use `..=` for an inclusive range

warning: `...` range patterns are deprecated
   --> src/scanners.rs:269:30
    |
269 |                 b' ' | b'\t' ... b'\r' => (),
    |                              ^^^ help: use `..=` for an inclusive range

warning: `...` range patterns are deprecated
   --> src/scanners.rs:393:14
    |
393 |         b'0' ... b'9' => {
    |              ^^^ help: use `..=` for an inclusive range

warning: `...` range patterns are deprecated
   --> src/scanners.rs:573:19
    |
573 |             b'\0' ... b' ' | b'<' | b'>' => break,
    |                   ^^^ help: use `..=` for an inclusive range

warning: `...` range patterns are deprecated
  --> src/utils.rs:29:14
   |
29 |         b'A' ... b'Z' => c + b'a' - b'A',
   |              ^^^ help: use `..=` for an inclusive range

     Running `CARGO=/usr/bin/cargo CARGO_PKG_VERSION_MAJOR=0 CARGO_PKG_VERSION_PATCH=0 LD_LIBRARY_PATH='/<<PKGBUILDDIR>>/target/release/deps:/usr/lib:/usr/lib/x86_64-linux-gnu/libfakeroot:/usr/lib64/libfakeroot:/usr/lib32/libfakeroot' CARGO_PKG_NAME=pulldown-cmark CARGO_PKG_VERSION=0.2.0 CARGO_PKG_DESCRIPTION='A pull parser for CommonMark' CARGO_PKG_HOMEPAGE= CARGO_PKG_AUTHORS='Raph Levien <raph.levien@gmail.com>' CARGO_PKG_REPOSITORY='https://github.com/google/pulldown-cmark' OUT_DIR=/<<PKGBUILDDIR>>/target/x86_64-unknown-linux-gnu/release/build/pulldown-cmark-53ec56204865d8c4/out CARGO_PKG_VERSION_PRE= CARGO_PKG_VERSION_MINOR=2 CARGO_MANIFEST_DIR=/<<PKGBUILDDIR>> rustc --crate-name pulldown_cmark src/main.rs --color never --crate-type bin --emit=dep-info,link -C opt-level=3 --cfg 'feature="default"' --cfg 'feature="getopts"' -C metadata=16a67c90fce74557 -C extra-filename=-16a67c90fce74557 --out-dir /<<PKGBUILDDIR>>/target/x86_64-unknown-linux-gnu/release/deps --target x86_64-unknown-linux-gnu -L dependency=/<<PKGBUILDDIR>>/target/x86_64-unknown-linux-gnu/release/deps -L dependency=/<<PKGBUILDDIR>>/target/release/deps --extern bitflags=/<<PKGBUILDDIR>>/target/x86_64-unknown-linux-gnu/release/deps/libbitflags-e500c24f13e04307.rlib --extern getopts=/<<PKGBUILDDIR>>/target/x86_64-unknown-linux-gnu/release/deps/libgetopts-13cc36ebf81fc164.rlib --extern pulldown_cmark=/<<PKGBUILDDIR>>/target/x86_64-unknown-linux-gnu/release/deps/libpulldown_cmark-b178f8f9f7104606.rlib -C debuginfo=2 --cap-lints warn -C linker=x86_64-linux-gnu-gcc -C link-arg=-Wl,-z,relro --remap-path-prefix /<<PKGBUILDDIR>>=/usr/share/cargo/registry/pulldown-cmark-0.2.0`
    Finished release [optimized] target(s) in 7.72s
  Installing ./debian/pulldown-cmark/usr/bin/pulldown-cmark
   Installed package `pulldown-cmark v0.2.0 (/<<PKGBUILDDIR>>)` (executable `pulldown-cmark`)
warning: be sure to add `./debian/pulldown-cmark/usr/bin` to your PATH to be able to run the installed binaries
debian cargo wrapper: running subprocess (['rm', '-f', './debian/pulldown-cmark/usr/.crates.toml'],) {}
debian cargo wrapper: running subprocess ('ls -td "target/x86_64-unknown-linux-gnu/release/build/pulldown-cmark"-*/out 2>/dev/null | head -n1',) {'shell': True, 'stdout': -1}
debian cargo wrapper: running subprocess (['ln', '-sfT', '../target/x86_64-unknown-linux-gnu/release/build/pulldown-cmark-53ec56204865d8c4/out', 'debian/cargo_out_dir'],) {'check': True}
   dh_installdocs -O--buildsystem=cargo
   dh_installchangelogs -O--buildsystem=cargo
   debian/rules override_dh_installman
make[1]: Entering directory '/<<PKGBUILDDIR>>'
help2man \
	--name pulldown-cmark \
	--no-info \
	--version-string 0.2.0 \
	debian/pulldown-cmark/usr/bin/pulldown-cmark > debian/pulldown-cmark.1
dh_installman -O--buildsystem=cargo
make[1]: Leaving directory '/<<PKGBUILDDIR>>'
   dh_installinit -O--buildsystem=cargo
   dh_perl -O--buildsystem=cargo
   dh_link -O--buildsystem=cargo
   dh_strip_nondeterminism -O--buildsystem=cargo
   dh_compress -O--buildsystem=cargo
   dh_fixperms -O--buildsystem=cargo
   dh_missing -O--buildsystem=cargo
   dh_strip -O--buildsystem=cargo
   dh_makeshlibs -O--buildsystem=cargo
   dh_shlibdeps -O--buildsystem=cargo
dpkg-shlibdeps: warning: package could avoid a useless dependency if debian/pulldown-cmark/usr/bin/pulldown-cmark was not linked against librt.so.1 (it uses none of the library's symbols)
   dh_installdeb -O--buildsystem=cargo
   dh_gencontrol -O--buildsystem=cargo
   dh_md5sums -O--buildsystem=cargo
   dh_builddeb -O--buildsystem=cargo
dpkg-deb: building package 'librust-pulldown-cmark-dev' in '../librust-pulldown-cmark-dev_0.2.0-1_amd64.deb'.
dpkg-deb: building package 'librust-pulldown-cmark+getopts-dev' in '../librust-pulldown-cmark+getopts-dev_0.2.0-1_amd64.deb'.
dpkg-deb: building package 'pulldown-cmark-dbgsym' in '../pulldown-cmark-dbgsym_0.2.0-1_amd64.deb'.
dpkg-deb: building package 'pulldown-cmark' in '../pulldown-cmark_0.2.0-1_amd64.deb'.
dpkg-deb: building package 'librust-pulldown-cmark+default-dev' in '../librust-pulldown-cmark+default-dev_0.2.0-1_amd64.deb'.
 dpkg-genbuildinfo --build=binary
 dpkg-genchanges --build=binary >../rust-pulldown-cmark_0.2.0-1_amd64.changes
dpkg-genchanges: info: binary-only upload (no source code included)
 dpkg-source --after-build .
dpkg-buildpackage: info: binary-only upload (no source included)
--------------------------------------------------------------------------------
Build finished at 2020-02-25T05:16:30Z

Finished
--------

I: Built successfully

+------------------------------------------------------------------------------+
| Changes                                                                      |
+------------------------------------------------------------------------------+


rust-pulldown-cmark_0.2.0-1_amd64.changes:
------------------------------------------

Format: 1.8
Date: Tue, 20 Nov 2018 14:03:00 +0100
Source: rust-pulldown-cmark
Binary: librust-pulldown-cmark+default-dev librust-pulldown-cmark+getopts-dev librust-pulldown-cmark-dev pulldown-cmark pulldown-cmark-dbgsym
Architecture: amd64
Version: 0.2.0-1
Distribution: unstable
Urgency: medium
Maintainer: Debian Rust Maintainers <pkg-rust-maintainers@alioth-lists.debian.net>
Changed-By: Wolfgang Silbermayr <wolfgang@silbermayr.at>
Description:
 librust-pulldown-cmark+default-dev - Pull parser for CommonMark - feature "default"
 librust-pulldown-cmark+getopts-dev - Pull parser for CommonMark - feature "getopts"
 librust-pulldown-cmark-dev - Pull parser for CommonMark - Rust source code
 pulldown-cmark - Simple command-line tool for rendering CommonMark to HTML
Closes: 911452
Changes:
 rust-pulldown-cmark (0.2.0-1) unstable; urgency=medium
 .
   * Package pulldown-cmark 0.2.0 from crates.io using debcargo 2.2.9
   * Generate manpages during build (Closes: #911452)
   * Run tests during build (marked non-fail for now, some tests don't succeed
     yet)
Checksums-Sha1:
 9a63219c744d872024acc7914329c202ec1426f3 1028 librust-pulldown-cmark+default-dev_0.2.0-1_amd64.deb
 1a43483ecb9b89ce93376dd818ff0b8f20b21a58 1028 librust-pulldown-cmark+getopts-dev_0.2.0-1_amd64.deb
 92f40867ad710ffed8ffa8960f4b5090f07e4e54 97588 librust-pulldown-cmark-dev_0.2.0-1_amd64.deb
 b9a46a5daa541dbe4d69d1ab82c2f40d6603f2ac 777888 pulldown-cmark-dbgsym_0.2.0-1_amd64.deb
 9a16450ac6eb8ddf7737377d2b4fd184714f8f54 190608 pulldown-cmark_0.2.0-1_amd64.deb
 41f6907795fb88d37906c9c639db7b4ea11cb1f1 7757 rust-pulldown-cmark_0.2.0-1_amd64.buildinfo
Checksums-Sha256:
 2e35653556de89381c409815ec9eca43c562586ef9b48e26905beb66672b2bac 1028 librust-pulldown-cmark+default-dev_0.2.0-1_amd64.deb
 170b7061d0ef16cd89f12073a7d3deae91dbb91c0d8c626cde7ac15cba61f4c6 1028 librust-pulldown-cmark+getopts-dev_0.2.0-1_amd64.deb
 13be2506efa43d64bd87262ab679b8711bd9ec5da44bdbdcf8acbfa7eb9869ed 97588 librust-pulldown-cmark-dev_0.2.0-1_amd64.deb
 1bbddb1ad107c28583d13f393d8c97ab40cb9dc31e26355332447eb4aa1a31dc 777888 pulldown-cmark-dbgsym_0.2.0-1_amd64.deb
 d57254e0c41c88850e671b44a0aff3e4801fd0545e24456b0afaaf71b3d5468e 190608 pulldown-cmark_0.2.0-1_amd64.deb
 4b5bbcae555cf453db83825ceda77d59f7436723547e19b42391df379f4dbe64 7757 rust-pulldown-cmark_0.2.0-1_amd64.buildinfo
Files:
 a5c2119c2634d4ad8a8c570a2135e601 1028 rust optional librust-pulldown-cmark+default-dev_0.2.0-1_amd64.deb
 c7bf5640e1ca71dd67d0577df500413d 1028 rust optional librust-pulldown-cmark+getopts-dev_0.2.0-1_amd64.deb
 d45a30dcd843be6f3957874f4da31c91 97588 rust optional librust-pulldown-cmark-dev_0.2.0-1_amd64.deb
 f514a59627de404348d9e679d0d82d6e 777888 debug optional pulldown-cmark-dbgsym_0.2.0-1_amd64.deb
 0bbcccae2e7352148010b38b8fd0b1ce 190608 text optional pulldown-cmark_0.2.0-1_amd64.deb
 0b0925e63c9080d5a934602c3ba7fd42 7757 rust optional rust-pulldown-cmark_0.2.0-1_amd64.buildinfo

+------------------------------------------------------------------------------+
| Buildinfo                                                                    |
+------------------------------------------------------------------------------+

Format: 1.0
Source: rust-pulldown-cmark
Binary: librust-pulldown-cmark-dev librust-pulldown-cmark+default-dev librust-pulldown-cmark+getopts-dev pulldown-cmark
Architecture: amd64
Version: 0.2.0-1
Checksums-Md5:
 a5c2119c2634d4ad8a8c570a2135e601 1028 librust-pulldown-cmark+default-dev_0.2.0-1_amd64.deb
 c7bf5640e1ca71dd67d0577df500413d 1028 librust-pulldown-cmark+getopts-dev_0.2.0-1_amd64.deb
 d45a30dcd843be6f3957874f4da31c91 97588 librust-pulldown-cmark-dev_0.2.0-1_amd64.deb
 f514a59627de404348d9e679d0d82d6e 777888 pulldown-cmark-dbgsym_0.2.0-1_amd64.deb
 0bbcccae2e7352148010b38b8fd0b1ce 190608 pulldown-cmark_0.2.0-1_amd64.deb
Checksums-Sha1:
 9a63219c744d872024acc7914329c202ec1426f3 1028 librust-pulldown-cmark+default-dev_0.2.0-1_amd64.deb
 1a43483ecb9b89ce93376dd818ff0b8f20b21a58 1028 librust-pulldown-cmark+getopts-dev_0.2.0-1_amd64.deb
 92f40867ad710ffed8ffa8960f4b5090f07e4e54 97588 librust-pulldown-cmark-dev_0.2.0-1_amd64.deb
 b9a46a5daa541dbe4d69d1ab82c2f40d6603f2ac 777888 pulldown-cmark-dbgsym_0.2.0-1_amd64.deb
 9a16450ac6eb8ddf7737377d2b4fd184714f8f54 190608 pulldown-cmark_0.2.0-1_amd64.deb
Checksums-Sha256:
 2e35653556de89381c409815ec9eca43c562586ef9b48e26905beb66672b2bac 1028 librust-pulldown-cmark+default-dev_0.2.0-1_amd64.deb
 170b7061d0ef16cd89f12073a7d3deae91dbb91c0d8c626cde7ac15cba61f4c6 1028 librust-pulldown-cmark+getopts-dev_0.2.0-1_amd64.deb
 13be2506efa43d64bd87262ab679b8711bd9ec5da44bdbdcf8acbfa7eb9869ed 97588 librust-pulldown-cmark-dev_0.2.0-1_amd64.deb
 1bbddb1ad107c28583d13f393d8c97ab40cb9dc31e26355332447eb4aa1a31dc 777888 pulldown-cmark-dbgsym_0.2.0-1_amd64.deb
 d57254e0c41c88850e671b44a0aff3e4801fd0545e24456b0afaaf71b3d5468e 190608 pulldown-cmark_0.2.0-1_amd64.deb
Build-Origin: Debian
Build-Architecture: amd64
Build-Date: Tue, 25 Feb 2020 05:16:29 +0000
Build-Path: /<<PKGBUILDDIR>>
Installed-Build-Depends:
 autoconf (= 2.69-11.1),
 automake (= 1:1.16.1-4),
 autopoint (= 0.19.8.1-10),
 autotools-dev (= 20180224.1),
 base-files (= 11),
 base-passwd (= 3.5.47),
 bash (= 5.0-5),
 binutils (= 2.34-3),
 binutils-common (= 2.34-3),
 binutils-x86-64-linux-gnu (= 2.34-3),
 bsdmainutils (= 11.1.2+b1),
 bsdutils (= 1:2.34-0.1),
 build-essential (= 12.8),
 bzip2 (= 1.0.8-2),
 cargo (= 0.40.0-3),
 clang-10 (= 1:10.0.0~+rc2-1),
 coreutils (= 8.30-3+b1),
 cpp (= 4:9.2.1-3.1),
 cpp-9 (= 9.2.1-29),
 dash (= 0.5.10.2-6),
 debconf (= 1.5.73),
 debhelper (= 12.9),
 debianutils (= 4.9.1),
 dh-autoreconf (= 19),
 dh-cargo (= 23),
 dh-strip-nondeterminism (= 1.6.3-2),
 diffutils (= 1:3.7-3),
 dpkg (= 1.19.7),
 dpkg-dev (= 1.19.7),
 dwz (= 0.13-5),
 fdisk (= 2.34-0.1),
 file (= 1:5.38-4),
 findutils (= 4.7.0-1),
 g++ (= 4:9.2.1-3.1),
 g++-9 (= 9.2.1-29),
 gcc (= 4:9.2.1-3.1),
 gcc-10-base (= 10-20200222-1),
 gcc-9 (= 9.2.1-29),
 gcc-9-base (= 9.2.1-29),
 gettext (= 0.19.8.1-10),
 gettext-base (= 0.19.8.1-10),
 grep (= 3.4-1),
 groff-base (= 1.22.4-4),
 gzip (= 1.9-3+b1),
 help2man (= 1.47.12),
 hostname (= 3.23),
 init-system-helpers (= 1.57),
 intltool-debian (= 0.35.0+20060710.5),
 lib32gcc-s1 (= 10-20200222-1),
 lib32gcc1 (= 1:10-20200222-1),
 lib32stdc++6 (= 10-20200222-1),
 libacl1 (= 2.2.53-5),
 libarchive-zip-perl (= 1.67-1),
 libasan5 (= 9.2.1-29),
 libatomic1 (= 10-20200222-1),
 libattr1 (= 1:2.4.48-5),
 libaudit-common (= 1:2.8.5-2),
 libaudit1 (= 1:2.8.5-2+b1),
 libbinutils (= 2.34-3),
 libblkid1 (= 2.34-0.1),
 libbrotli1 (= 1.0.7-6),
 libbsd0 (= 0.10.0-1),
 libbz2-1.0 (= 1.0.8-2),
 libc-bin (= 2.29-10),
 libc-dev-bin (= 2.29-10),
 libc6 (= 2.29-10),
 libc6-dev (= 2.29-10),
 libc6-i386 (= 2.29-10),
 libcap-ng0 (= 0.7.9-2.1+b1),
 libcc1-0 (= 10-20200222-1),
 libclang-common-10-dev (= 1:10.0.0~+rc2-1),
 libclang-cpp10 (= 1:10.0.0~+rc2-1),
 libclang1-10 (= 1:10.0.0~+rc2-1),
 libcom-err2 (= 1.45.5-2),
 libcroco3 (= 0.6.13-1),
 libcrypt-dev (= 1:4.4.10-10),
 libcrypt1 (= 1:4.4.10-10),
 libctf-nobfd0 (= 2.34-3),
 libctf0 (= 2.34-3),
 libcurl3-gnutls (= 7.68.0-1),
 libdb5.3 (= 5.3.28+dfsg1-0.6),
 libdebconfclient0 (= 0.251),
 libdebhelper-perl (= 12.9),
 libdpkg-perl (= 1.19.7),
 libedit2 (= 3.1-20191231-1),
 libelf1 (= 0.176-1.1),
 libexpat1 (= 2.2.9-1),
 libfdisk1 (= 2.34-0.1),
 libffi7 (= 3.3-3),
 libfile-stripnondeterminism-perl (= 1.6.3-2),
 libgc1c2 (= 1:7.6.4-0.4),
 libgcc-9-dev (= 9.2.1-29),
 libgcc-s1 (= 10-20200222-1),
 libgcc1 (= 1:10-20200222-1),
 libgcrypt20 (= 1.8.5-5),
 libgdbm-compat4 (= 1.18.1-5),
 libgdbm6 (= 1.18.1-5),
 libgit2-28 (= 0.28.4+dfsg.1-2),
 libglib2.0-0 (= 2.62.4-2),
 libgmp10 (= 2:6.2.0+dfsg-4),
 libgnutls30 (= 3.6.12-2),
 libgomp1 (= 10-20200222-1),
 libgpg-error0 (= 1.37-1),
 libgssapi-krb5-2 (= 1.17-6),
 libhogweed5 (= 3.5.1+really3.5.1-2),
 libhttp-parser2.9 (= 2.9.2-2),
 libicu63 (= 63.2-2),
 libidn2-0 (= 2.2.0-2),
 libisl22 (= 0.22.1-1),
 libitm1 (= 10-20200222-1),
 libk5crypto3 (= 1.17-6),
 libkeyutils1 (= 1.6.1-2),
 libkrb5-3 (= 1.17-6),
 libkrb5support0 (= 1.17-6),
 libldap-2.4-2 (= 2.4.49+dfsg-1),
 libldap-common (= 2.4.49+dfsg-1),
 libllvm10 (= 1:10.0.0~+rc2-1),
 libllvm9 (= 1:9.0.1-8),
 liblocale-gettext-perl (= 1.07-4),
 liblsan0 (= 10-20200222-1),
 liblz4-1 (= 1.9.2-2),
 liblzma5 (= 5.2.4-1+b1),
 libmagic-mgc (= 1:5.38-4),
 libmagic1 (= 1:5.38-4),
 libmbedcrypto3 (= 2.16.4-1),
 libmbedtls12 (= 2.16.4-1),
 libmbedx509-0 (= 2.16.4-1),
 libmount1 (= 2.34-0.1),
 libmpc3 (= 1.1.0-1),
 libmpdec2 (= 2.4.2-2),
 libmpfr6 (= 4.0.2-1),
 libncursesw6 (= 6.1+20191019-1),
 libnettle7 (= 3.5.1+really3.5.1-2),
 libnghttp2-14 (= 1.40.0-1),
 libobjc-9-dev (= 9.2.1-29),
 libobjc4 (= 10-20200222-1),
 libp11-kit0 (= 0.23.20-1),
 libpam-modules (= 1.3.1-5),
 libpam-modules-bin (= 1.3.1-5),
 libpam-runtime (= 1.3.1-5),
 libpam0g (= 1.3.1-5),
 libpcre2-8-0 (= 10.34-7),
 libpcre3 (= 2:8.39-12+b1),
 libperl5.30 (= 5.30.0-9),
 libpipeline1 (= 1.5.2-2),
 libpsl5 (= 0.20.2-2),
 libpython3-stdlib (= 3.7.5-3),
 libpython3.7-minimal (= 3.7.6-1+b1),
 libpython3.7-stdlib (= 3.7.6-1+b1),
 libquadmath0 (= 10-20200222-1),
 libreadline8 (= 8.0-3),
 librtmp1 (= 2.4+20151223.gitfa8646d.1-2+b1),
 librust-bitflags-dev (= 1.2.1-1),
 librust-getopts-dev (= 0.2.21-2),
 librust-unicode-width-dev (= 0.1.7-1),
 libsasl2-2 (= 2.1.27+dfsg-2),
 libsasl2-modules-db (= 2.1.27+dfsg-2),
 libseccomp2 (= 2.4.2-2),
 libselinux1 (= 3.0-1+b1),
 libsigsegv2 (= 2.12-2),
 libsmartcols1 (= 2.34-0.1),
 libsqlite3-0 (= 3.31.1-3),
 libssh2-1 (= 1.8.0-2.1),
 libssl1.1 (= 1.1.1d-2),
 libstd-rust-1.40 (= 1.40.0+dfsg1-5),
 libstd-rust-dev (= 1.40.0+dfsg1-5),
 libstdc++-9-dev (= 9.2.1-29),
 libstdc++6 (= 10-20200222-1),
 libsub-override-perl (= 0.09-2),
 libsystemd0 (= 244.3-1),
 libtasn1-6 (= 4.16.0-2),
 libtinfo6 (= 6.1+20191019-1),
 libtool (= 2.4.6-13),
 libtsan0 (= 10-20200222-1),
 libubsan1 (= 10-20200222-1),
 libuchardet0 (= 0.0.6-3),
 libudev1 (= 244.3-1),
 libunistring2 (= 0.9.10-2),
 libuuid1 (= 2.34-0.1),
 libxml2 (= 2.9.10+dfsg-3),
 libz3-4 (= 4.8.7-4),
 linux-libc-dev (= 5.4.19-1),
 login (= 1:4.8.1-1),
 lsb-base (= 11.1.0),
 m4 (= 1.4.18-4),
 make (= 4.2.1-1.2),
 man-db (= 2.9.0-2),
 mawk (= 1.3.4.20200120-2),
 mime-support (= 3.64),
 ncurses-base (= 6.1+20191019-1),
 ncurses-bin (= 6.1+20191019-1),
 patch (= 2.7.6-6),
 perl (= 5.30.0-9),
 perl-base (= 5.30.0-9),
 perl-modules-5.30 (= 5.30.0-9),
 po-debconf (= 1.0.21),
 python3 (= 3.7.5-3),
 python3-minimal (= 3.7.5-3),
 python3.7 (= 3.7.6-1+b1),
 python3.7-minimal (= 3.7.6-1+b1),
 readline-common (= 8.0-3),
 rustc (= 1.40.0+dfsg1-5),
 sed (= 4.7-1),
 sensible-utils (= 0.0.12+nmu1),
 sysvinit-utils (= 2.96-2.1),
 tar (= 1.30+dfsg-6+b1),
 util-linux (= 2.34-0.1),
 xz-utils (= 5.2.4-1+b1),
 zlib1g (= 1:1.2.11.dfsg-2)
Environment:
 DEB_BUILD_OPTIONS="parallel=4"
 LANG="C.UTF-8"
 LC_ALL="C.UTF-8"
 SOURCE_DATE_EPOCH="1542718980"


+------------------------------------------------------------------------------+
| Package contents                                                             |
+------------------------------------------------------------------------------+


librust-pulldown-cmark+default-dev_0.2.0-1_amd64.deb
----------------------------------------------------

 new Debian package, version 2.0.
 size 1028 bytes: control archive=576 bytes.
     710 bytes,    14 lines      control              
       0 bytes,     0 lines      md5sums              
 Package: librust-pulldown-cmark+default-dev
 Source: rust-pulldown-cmark
 Version: 0.2.0-1
 Architecture: amd64
 Maintainer: Debian Rust Maintainers <pkg-rust-maintainers@alioth-lists.debian.net>
 Installed-Size: 6
 Depends: librust-pulldown-cmark-dev (= 0.2.0-1), librust-getopts-0.2+default-dev
 Provides: librust-pulldown-cmark-0+default-dev (= 0.2.0-1), librust-pulldown-cmark-0.2+default-dev (= 0.2.0-1), librust-pulldown-cmark-0.2.0+default-dev (= 0.2.0-1)
 Section: rust
 Priority: optional
 Multi-Arch: same
 Description: Pull parser for CommonMark - feature "default"
  This metapackage enables feature default for the Rust pulldown-cmark crate, by
  pulling in any additional dependencies needed by that feature.

drwxr-xr-x root/root         0 2018-11-20 13:03 ./
drwxr-xr-x root/root         0 2018-11-20 13:03 ./usr/
drwxr-xr-x root/root         0 2018-11-20 13:03 ./usr/share/
drwxr-xr-x root/root         0 2018-11-20 13:03 ./usr/share/doc/
lrwxrwxrwx root/root         0 2018-11-20 13:03 ./usr/share/doc/librust-pulldown-cmark+default-dev -> librust-pulldown-cmark-dev


librust-pulldown-cmark+getopts-dev_0.2.0-1_amd64.deb
----------------------------------------------------

 new Debian package, version 2.0.
 size 1028 bytes: control archive=576 bytes.
     710 bytes,    14 lines      control              
       0 bytes,     0 lines      md5sums              
 Package: librust-pulldown-cmark+getopts-dev
 Source: rust-pulldown-cmark
 Version: 0.2.0-1
 Architecture: amd64
 Maintainer: Debian Rust Maintainers <pkg-rust-maintainers@alioth-lists.debian.net>
 Installed-Size: 6
 Depends: librust-pulldown-cmark-dev (= 0.2.0-1), librust-getopts-0.2+default-dev
 Provides: librust-pulldown-cmark-0+getopts-dev (= 0.2.0-1), librust-pulldown-cmark-0.2+getopts-dev (= 0.2.0-1), librust-pulldown-cmark-0.2.0+getopts-dev (= 0.2.0-1)
 Section: rust
 Priority: optional
 Multi-Arch: same
 Description: Pull parser for CommonMark - feature "getopts"
  This metapackage enables feature getopts for the Rust pulldown-cmark crate, by
  pulling in any additional dependencies needed by that feature.

drwxr-xr-x root/root         0 2018-11-20 13:03 ./
drwxr-xr-x root/root         0 2018-11-20 13:03 ./usr/
drwxr-xr-x root/root         0 2018-11-20 13:03 ./usr/share/
drwxr-xr-x root/root         0 2018-11-20 13:03 ./usr/share/doc/
lrwxrwxrwx root/root         0 2018-11-20 13:03 ./usr/share/doc/librust-pulldown-cmark+getopts-dev -> librust-pulldown-cmark-dev


librust-pulldown-cmark-dev_0.2.0-1_amd64.deb
--------------------------------------------

 new Debian package, version 2.0.
 size 97588 bytes: control archive=1548 bytes.
     946 bytes,    16 lines      control              
    2983 bytes,    31 lines      md5sums              
 Package: librust-pulldown-cmark-dev
 Source: rust-pulldown-cmark
 Version: 0.2.0-1
 Architecture: amd64
 Maintainer: Debian Rust Maintainers <pkg-rust-maintainers@alioth-lists.debian.net>
 Installed-Size: 849
 Depends: librust-bitflags-1+default-dev
 Recommends: librust-pulldown-cmark+default-dev (= 0.2.0-1)
 Suggests: librust-pulldown-cmark+getopts-dev (= 0.2.0-1)
 Provides: librust-pulldown-cmark+gen-tests-dev (= 0.2.0-1), librust-pulldown-cmark-0+gen-tests-dev (= 0.2.0-1), librust-pulldown-cmark-0-dev (= 0.2.0-1), librust-pulldown-cmark-0.2+gen-tests-dev (= 0.2.0-1), librust-pulldown-cmark-0.2-dev (= 0.2.0-1), librust-pulldown-cmark-0.2.0+gen-tests-dev (= 0.2.0-1), librust-pulldown-cmark-0.2.0-dev (= 0.2.0-1)
 Section: rust
 Priority: optional
 Multi-Arch: same
 Description: Pull parser for CommonMark - Rust source code
  This package contains the source for the Rust pulldown-cmark crate, packaged by
  debcargo for use with cargo and dh-cargo.

drwxr-xr-x root/root         0 2018-11-20 13:03 ./
drwxr-xr-x root/root         0 2018-11-20 13:03 ./usr/
drwxr-xr-x root/root         0 2018-11-20 13:03 ./usr/share/
drwxr-xr-x root/root         0 2018-11-20 13:03 ./usr/share/cargo/
drwxr-xr-x root/root         0 2018-11-20 13:03 ./usr/share/cargo/registry/
drwxr-xr-x root/root         0 2018-11-20 13:03 ./usr/share/cargo/registry/pulldown-cmark-0.2.0/
-rw-r--r-- root/root        90 2018-11-20 13:03 ./usr/share/cargo/registry/pulldown-cmark-0.2.0/.cargo-checksum.json
-rw-r--r-- root/root         8 2018-11-07 16:24 ./usr/share/cargo/registry/pulldown-cmark-0.2.0/.gitignore
-rw-r--r-- root/root       468 2018-11-07 16:19 ./usr/share/cargo/registry/pulldown-cmark-0.2.0/CONTRIBUTING.md
-rw-r--r-- root/root      1055 2018-11-20 13:03 ./usr/share/cargo/registry/pulldown-cmark-0.2.0/Cargo.toml
-rw-r--r-- root/root      1089 2018-11-02 18:25 ./usr/share/cargo/registry/pulldown-cmark-0.2.0/LICENSE
-rw-r--r-- root/root      4270 2018-11-07 16:19 ./usr/share/cargo/registry/pulldown-cmark-0.2.0/README.md
-rw-r--r-- root/root      4704 2018-11-07 16:19 ./usr/share/cargo/registry/pulldown-cmark-0.2.0/build.rs
drwxr-xr-x root/root         0 2018-11-20 13:03 ./usr/share/cargo/registry/pulldown-cmark-0.2.0/specs/
-rw-r--r-- root/root      8529 2018-11-05 23:35 ./usr/share/cargo/registry/pulldown-cmark-0.2.0/specs/footnotes.txt
-rw-r--r-- root/root      5623 2018-11-02 18:25 ./usr/share/cargo/registry/pulldown-cmark-0.2.0/specs/table.txt
drwxr-xr-x root/root         0 2018-11-20 13:03 ./usr/share/cargo/registry/pulldown-cmark-0.2.0/src/
-rw-r--r-- root/root     84305 2018-11-02 18:25 ./usr/share/cargo/registry/pulldown-cmark-0.2.0/src/entities.rs
-rw-r--r-- root/root      4523 2018-11-02 18:25 ./usr/share/cargo/registry/pulldown-cmark-0.2.0/src/escape.rs
-rw-r--r-- root/root     10576 2018-11-07 16:19 ./usr/share/cargo/registry/pulldown-cmark-0.2.0/src/html.rs
-rw-r--r-- root/root      1618 2018-11-07 16:19 ./usr/share/cargo/registry/pulldown-cmark-0.2.0/src/lib.rs
-rw-r--r-- root/root      8151 2018-11-07 16:19 ./usr/share/cargo/registry/pulldown-cmark-0.2.0/src/main.rs
-rw-r--r-- root/root     61907 2018-11-07 16:31 ./usr/share/cargo/registry/pulldown-cmark-0.2.0/src/parse.rs
-rw-r--r-- root/root      4509 2018-11-07 16:19 ./usr/share/cargo/registry/pulldown-cmark-0.2.0/src/passes.rs
-rw-r--r-- root/root     12163 2018-11-02 18:25 ./usr/share/cargo/registry/pulldown-cmark-0.2.0/src/puncttable.rs
-rw-r--r-- root/root     21605 2018-11-07 16:19 ./usr/share/cargo/registry/pulldown-cmark-0.2.0/src/scanners.rs
-rw-r--r-- root/root      1908 2018-11-02 18:25 ./usr/share/cargo/registry/pulldown-cmark-0.2.0/src/utils.rs
drwxr-xr-x root/root         0 2018-11-20 13:03 ./usr/share/cargo/registry/pulldown-cmark-0.2.0/tests/
-rw-r--r-- root/root       681 2018-11-05 23:35 ./usr/share/cargo/registry/pulldown-cmark-0.2.0/tests/errors.rs
-rw-r--r-- root/root     11075 2018-11-07 16:24 ./usr/share/cargo/registry/pulldown-cmark-0.2.0/tests/footnotes.rs
-rw-r--r-- root/root      3964 2018-11-07 16:19 ./usr/share/cargo/registry/pulldown-cmark-0.2.0/tests/html.rs
-rw-r--r-- root/root    328856 2018-11-07 16:24 ./usr/share/cargo/registry/pulldown-cmark-0.2.0/tests/spec.rs
-rw-r--r-- root/root     10110 2018-11-07 16:24 ./usr/share/cargo/registry/pulldown-cmark-0.2.0/tests/table.rs
drwxr-xr-x root/root         0 2018-11-20 13:03 ./usr/share/cargo/registry/pulldown-cmark-0.2.0/third_party/
drwxr-xr-x root/root         0 2018-11-20 13:03 ./usr/share/cargo/registry/pulldown-cmark-0.2.0/third_party/CommonMark/
-rw-r--r-- root/root     15266 2018-11-02 18:25 ./usr/share/cargo/registry/pulldown-cmark-0.2.0/third_party/CommonMark/LICENSE
-rw-r--r-- root/root       364 2018-11-02 18:25 ./usr/share/cargo/registry/pulldown-cmark-0.2.0/third_party/CommonMark/README.google
-rw-r--r-- root/root    198982 2018-11-07 16:24 ./usr/share/cargo/registry/pulldown-cmark-0.2.0/third_party/CommonMark/spec.txt
drwxr-xr-x root/root         0 2018-11-20 13:03 ./usr/share/cargo/registry/pulldown-cmark-0.2.0/tools/
-rw-r--r-- root/root      3188 2018-11-02 18:25 ./usr/share/cargo/registry/pulldown-cmark-0.2.0/tools/mk_entities.py
-rw-r--r-- root/root      4927 2018-11-02 18:25 ./usr/share/cargo/registry/pulldown-cmark-0.2.0/tools/mk_puncttable.py
drwxr-xr-x root/root         0 2018-11-20 13:03 ./usr/share/doc/
drwxr-xr-x root/root         0 2018-11-20 13:03 ./usr/share/doc/librust-pulldown-cmark-dev/
-rw-r--r-- root/root       306 2018-11-20 13:03 ./usr/share/doc/librust-pulldown-cmark-dev/changelog.Debian.gz
-rw-r--r-- root/root     21974 2018-11-20 13:03 ./usr/share/doc/librust-pulldown-cmark-dev/copyright


pulldown-cmark-dbgsym_0.2.0-1_amd64.deb
---------------------------------------

 new Debian package, version 2.0.
 size 777888 bytes: control archive=612 bytes.
     533 bytes,    13 lines      control              
     106 bytes,     1 lines      md5sums              
 Package: pulldown-cmark-dbgsym
 Source: rust-pulldown-cmark
 Version: 0.2.0-1
 Auto-Built-Package: debug-symbols
 Architecture: amd64
 Maintainer: Debian Rust Maintainers <pkg-rust-maintainers@alioth-lists.debian.net>
 Installed-Size: 868
 Depends: pulldown-cmark (= 0.2.0-1)
 Section: debug
 Priority: optional
 Description: debug symbols for pulldown-cmark
 Build-Ids: 80d7a297cd1394257d545f0628fe9e96c43befa1
 X-Cargo-Built-Using: rust-bitflags (= 1.2.1-1), rust-getopts (= 0.2.21-2), rust-unicode-width (= 0.1.7-1), rustc (= 1.40.0+dfsg1-5)

drwxr-xr-x root/root         0 2018-11-20 13:03 ./
drwxr-xr-x root/root         0 2018-11-20 13:03 ./usr/
drwxr-xr-x root/root         0 2018-11-20 13:03 ./usr/lib/
drwxr-xr-x root/root         0 2018-11-20 13:03 ./usr/lib/debug/
drwxr-xr-x root/root         0 2018-11-20 13:03 ./usr/lib/debug/.build-id/
drwxr-xr-x root/root         0 2018-11-20 13:03 ./usr/lib/debug/.build-id/80/
-rw-r--r-- root/root    878488 2018-11-20 13:03 ./usr/lib/debug/.build-id/80/d7a297cd1394257d545f0628fe9e96c43befa1.debug
drwxr-xr-x root/root         0 2018-11-20 13:03 ./usr/share/
drwxr-xr-x root/root         0 2018-11-20 13:03 ./usr/share/doc/
lrwxrwxrwx root/root         0 2018-11-20 13:03 ./usr/share/doc/pulldown-cmark-dbgsym -> pulldown-cmark


pulldown-cmark_0.2.0-1_amd64.deb
--------------------------------

 new Debian package, version 2.0.
 size 190608 bytes: control archive=848 bytes.
     814 bytes,    20 lines      control              
     286 bytes,     4 lines      md5sums              
 Package: pulldown-cmark
 Source: rust-pulldown-cmark
 Version: 0.2.0-1
 Architecture: amd64
 Maintainer: Debian Rust Maintainers <pkg-rust-maintainers@alioth-lists.debian.net>
 Installed-Size: 664
 Depends: libc6 (>= 2.18), libgcc-s1 (>= 4.2)
 Built-Using: rustc (= 1.40.0+dfsg1-5)
 Section: text
 Priority: optional
 Multi-Arch: allowed
 Description: Simple command-line tool for rendering CommonMark to HTML
  pulldown-cmark is a pull parser library for CommonMark, written in Rust. This
  package contains a simple command-line tool for rendering to HTML, based on the
  library.
  .
  This package contains the following binaries built from the Rust crate
  "pulldown-cmark":
   - pulldown-cmark
 X-Cargo-Built-Using: rust-bitflags (= 1.2.1-1), rust-getopts (= 0.2.21-2), rust-unicode-width (= 0.1.7-1), rustc (= 1.40.0+dfsg1-5)

drwxr-xr-x root/root         0 2018-11-20 13:03 ./
drwxr-xr-x root/root         0 2018-11-20 13:03 ./usr/
drwxr-xr-x root/root         0 2018-11-20 13:03 ./usr/bin/
-rwxr-xr-x root/root    645600 2018-11-20 13:03 ./usr/bin/pulldown-cmark
drwxr-xr-x root/root         0 2018-11-20 13:03 ./usr/share/
drwxr-xr-x root/root         0 2018-11-20 13:03 ./usr/share/doc/
drwxr-xr-x root/root         0 2018-11-20 13:03 ./usr/share/doc/pulldown-cmark/
-rw-r--r-- root/root       306 2018-11-20 13:03 ./usr/share/doc/pulldown-cmark/changelog.Debian.gz
-rw-r--r-- root/root     21974 2018-11-20 13:03 ./usr/share/doc/pulldown-cmark/copyright
drwxr-xr-x root/root         0 2018-11-20 13:03 ./usr/share/man/
drwxr-xr-x root/root         0 2018-11-20 13:03 ./usr/share/man/man1/
-rw-r--r-- root/root       395 2018-11-20 13:03 ./usr/share/man/man1/pulldown-cmark.1.gz


+------------------------------------------------------------------------------+
| Post Build                                                                   |
+------------------------------------------------------------------------------+


+------------------------------------------------------------------------------+
| Cleanup                                                                      |
+------------------------------------------------------------------------------+

Purging /<<BUILDDIR>>
Not cleaning session: cloned chroot in use

+------------------------------------------------------------------------------+
| Summary                                                                      |
+------------------------------------------------------------------------------+

Build Architecture: amd64
Build Type: binary
Build-Space: 104180
Build-Time: 22
Distribution: unstable
Host Architecture: amd64
Install-Time: 64
Job: rust-pulldown-cmark_0.2.0-1
Machine Architecture: amd64
Package: rust-pulldown-cmark
Package-Time: 152
Source-Version: 0.2.0-1
Space: 104180
Status: successful
Version: 0.2.0-1
--------------------------------------------------------------------------------
Finished at 2020-02-25T05:16:30Z
Build needed 00:02:32, 104180k disk space
DC-Status: OK 154.371220431s
DC-Time-Estimation: 154.371220431 versus expected 70 (r/m: 1.2053031490142858 ; m: 70.0)
