DC-Build-Header: smlsharp 1.2.0-1 / Sat Feb 02 01:58:22 +0000 2013
DC-Task: logfile:/tmp/smlsharp_1.2.0-1_unstable_clang.log version:1.2.0-1 modes:binary-only:clang chroot:unstable source:smlsharp esttime: architecture:any
DC-Sbuild-call: su user -c 'sbuild -n --apt-update -d unstable -v  --chroot-setup-commands=/tmp/switch-to-clang smlsharp_1.2.0-1'
Could not create '/sbuild-nonexistent/logs': No such file or directory
Could not create '/sbuild-nonexistent/logs': No such file or directory
sbuild (Debian sbuild) 0.62.5 (13 Jul 2011) on ip-10-28-230-68.ec2.internal

â•”â•â•â•â•â•â•â•â•â•â•â•â•â•â•â•â•â•â•â•â•â•â•â•â•â•â•â•â•â•â•â•â•â•â•â•â•â•â•â•â•â•â•â•â•â•â•â•â•â•â•â•â•â•â•â•â•â•â•â•â•â•â•â•â•â•â•â•â•â•â•â•â•â•â•â•â•â•â•â•—
â•‘ smlsharp 1.2.0-1 (amd64)                                   02 Feb 2013 01:58 â•‘
â•šâ•â•â•â•â•â•â•â•â•â•â•â•â•â•â•â•â•â•â•â•â•â•â•â•â•â•â•â•â•â•â•â•â•â•â•â•â•â•â•â•â•â•â•â•â•â•â•â•â•â•â•â•â•â•â•â•â•â•â•â•â•â•â•â•â•â•â•â•â•â•â•â•â•â•â•â•â•â•â•

Package: smlsharp
Version: 1.2.0-1
Source Version: 1.2.0-1
Distribution: unstable
Architecture: amd64

I: NOTICE: Log filtering will replace 'build/smlsharp-ZbhEMh/smlsharp-1.2.0' with 'Â«PKGBUILDDIRÂ»'
I: NOTICE: Log filtering will replace 'build/smlsharp-ZbhEMh' with 'Â«BUILDDIRÂ»'
I: NOTICE: Log filtering will replace 'var/lib/schroot/mount/unstable-amd64-sbuild-2606051b-90c5-4756-b5b5-467aa8dae0ec' with 'Â«CHROOTÂ»'

â”Œâ”€â”€â”€â”€â”€â”€â”€â”€â”€â”€â”€â”€â”€â”€â”€â”€â”€â”€â”€â”€â”€â”€â”€â”€â”€â”€â”€â”€â”€â”€â”€â”€â”€â”€â”€â”€â”€â”€â”€â”€â”€â”€â”€â”€â”€â”€â”€â”€â”€â”€â”€â”€â”€â”€â”€â”€â”€â”€â”€â”€â”€â”€â”€â”€â”€â”€â”€â”€â”€â”€â”€â”€â”€â”€â”€â”€â”€â”€â”
â”‚ Update chroot                                                                â”‚
â””â”€â”€â”€â”€â”€â”€â”€â”€â”€â”€â”€â”€â”€â”€â”€â”€â”€â”€â”€â”€â”€â”€â”€â”€â”€â”€â”€â”€â”€â”€â”€â”€â”€â”€â”€â”€â”€â”€â”€â”€â”€â”€â”€â”€â”€â”€â”€â”€â”€â”€â”€â”€â”€â”€â”€â”€â”€â”€â”€â”€â”€â”€â”€â”€â”€â”€â”€â”€â”€â”€â”€â”€â”€â”€â”€â”€â”€â”€â”˜

Ign http://localhost unstable InRelease
Get:1 http://localhost unstable Release.gpg [836 B]
Get:2 http://localhost unstable Release [227 kB]
Ign http://localhost unstable/main Sources/DiffIndex
Ign http://localhost unstable/main amd64 Packages/DiffIndex
Get:3 http://localhost unstable/main Translation-en/DiffIndex [7876 B]
Get:4 http://localhost unstable/main 2013-02-01-2012.11.pdiff [40 B]
Get:5 http://localhost unstable/main 2013-02-01-2012.11.pdiff [40 B]
Get:6 http://localhost unstable/main Sources [8235 kB]
Get:7 http://localhost unstable/main amd64 Packages [8278 kB]
Fetched 16.7 MB in 3s (5477 kB/s)
Reading package lists...
Reading package lists...
Building dependency tree...
Reading state information...
0 upgraded, 0 newly installed, 0 to remove and 0 not upgraded.

â”Œâ”€â”€â”€â”€â”€â”€â”€â”€â”€â”€â”€â”€â”€â”€â”€â”€â”€â”€â”€â”€â”€â”€â”€â”€â”€â”€â”€â”€â”€â”€â”€â”€â”€â”€â”€â”€â”€â”€â”€â”€â”€â”€â”€â”€â”€â”€â”€â”€â”€â”€â”€â”€â”€â”€â”€â”€â”€â”€â”€â”€â”€â”€â”€â”€â”€â”€â”€â”€â”€â”€â”€â”€â”€â”€â”€â”€â”€â”€â”
â”‚ Fetch source files                                                           â”‚
â””â”€â”€â”€â”€â”€â”€â”€â”€â”€â”€â”€â”€â”€â”€â”€â”€â”€â”€â”€â”€â”€â”€â”€â”€â”€â”€â”€â”€â”€â”€â”€â”€â”€â”€â”€â”€â”€â”€â”€â”€â”€â”€â”€â”€â”€â”€â”€â”€â”€â”€â”€â”€â”€â”€â”€â”€â”€â”€â”€â”€â”€â”€â”€â”€â”€â”€â”€â”€â”€â”€â”€â”€â”€â”€â”€â”€â”€â”€â”˜


Check APT
â”€â”€â”€â”€â”€â”€â”€â”€â”€

Checking available source versions...

Download source files with APT
â”€â”€â”€â”€â”€â”€â”€â”€â”€â”€â”€â”€â”€â”€â”€â”€â”€â”€â”€â”€â”€â”€â”€â”€â”€â”€â”€â”€â”€â”€

Reading package lists...
Building dependency tree...
Reading state information...
NOTICE: 'smlsharp' packaging is maintained in the 'Git' version control system at:
git://anonscm.debian.org/collab-maint/smlsharp.git
Need to get 14.2 MB of source archives.
Get:1 http://localhost/debian/ unstable/main smlsharp 1.2.0-1 (dsc) [1960 B]
Get:2 http://localhost/debian/ unstable/main smlsharp 1.2.0-1 (tar) [14.2 MB]
Get:3 http://localhost/debian/ unstable/main smlsharp 1.2.0-1 (diff) [3701 B]
Fetched 14.2 MB in 0s (24.3 MB/s)
Download complete and in download only mode

Check arch
â”€â”€â”€â”€â”€â”€â”€â”€â”€â”€


â”Œâ”€â”€â”€â”€â”€â”€â”€â”€â”€â”€â”€â”€â”€â”€â”€â”€â”€â”€â”€â”€â”€â”€â”€â”€â”€â”€â”€â”€â”€â”€â”€â”€â”€â”€â”€â”€â”€â”€â”€â”€â”€â”€â”€â”€â”€â”€â”€â”€â”€â”€â”€â”€â”€â”€â”€â”€â”€â”€â”€â”€â”€â”€â”€â”€â”€â”€â”€â”€â”€â”€â”€â”€â”€â”€â”€â”€â”€â”€â”
â”‚ Chroot Setup Commands                                                        â”‚
â””â”€â”€â”€â”€â”€â”€â”€â”€â”€â”€â”€â”€â”€â”€â”€â”€â”€â”€â”€â”€â”€â”€â”€â”€â”€â”€â”€â”€â”€â”€â”€â”€â”€â”€â”€â”€â”€â”€â”€â”€â”€â”€â”€â”€â”€â”€â”€â”€â”€â”€â”€â”€â”€â”€â”€â”€â”€â”€â”€â”€â”€â”€â”€â”€â”€â”€â”€â”€â”€â”€â”€â”€â”€â”€â”€â”€â”€â”€â”˜


/tmp/switch-to-clang
â”€â”€â”€â”€â”€â”€â”€â”€â”€â”€â”€â”€â”€â”€â”€â”€â”€â”€â”€â”€

+ echo 'Entering customization script...'
Entering customization script...
+ echo 'Add an unstable version of clang as repository'
Add an unstable version of clang as repository
+ echo deb http://clang.ecranbleu.org/apt/debian unstable main
+ apt-get update
Ign http://localhost unstable InRelease
Hit http://localhost unstable Release.gpg
Hit http://localhost unstable Release
Ign http://localhost unstable/main Sources/DiffIndex
Ign http://clang.ecranbleu.org unstable InRelease
Ign http://clang.ecranbleu.org unstable Release.gpg
Ign http://localhost unstable/main amd64 Packages/DiffIndex
Get:1 http://clang.ecranbleu.org unstable Release [1616 B]
Hit http://localhost unstable/main Translation-en/DiffIndex
Hit http://localhost unstable/main Sources
Get:2 http://clang.ecranbleu.org unstable/main amd64 Packages [2354 B]
Hit http://localhost unstable/main amd64 Packages
Ign http://clang.ecranbleu.org unstable/main Translation-en
Fetched 3970 B in 1s (2355 B/s)
Reading package lists...
+ echo 'Install of clang'
Install of clang
+ apt-get update
Ign http://localhost unstable InRelease
Hit http://localhost unstable Release.gpg
Hit http://localhost unstable Release
Ign http://localhost unstable/main Sources/DiffIndex
Ign http://clang.ecranbleu.org unstable InRelease
Ign http://clang.ecranbleu.org unstable Release.gpg
Ign http://localhost unstable/main amd64 Packages/DiffIndex
Hit http://clang.ecranbleu.org unstable Release
Hit http://localhost unstable/main Translation-en/DiffIndex
Ign http://clang.ecranbleu.org unstable/main amd64 Packages/DiffIndex
Hit http://localhost unstable/main Sources
Hit http://localhost unstable/main amd64 Packages
Hit http://clang.ecranbleu.org unstable/main amd64 Packages
Ign http://clang.ecranbleu.org unstable/main Translation-en
Reading package lists...
+ apt-get install --yes --no-install-recommends --force-yes clang
Reading package lists...
Building dependency tree...
Reading state information...
The following extra packages will be installed:
  clang-3.2 compiler-rt libclang-common-dev libexpat1 libffi5 libllvm3.2
  libncursesw5 libsqlite3-0 libssl1.0.0 mime-support python python-minimal
  python2.7 python2.7-minimal
Suggested packages:
  python-doc python-tk python2.7-doc binfmt-support
Recommended packages:
  llvm-3.2-dev file
The following NEW packages will be installed:
  clang clang-3.2 compiler-rt libclang-common-dev libexpat1 libffi5 libllvm3.2
  libncursesw5 libsqlite3-0 libssl1.0.0 mime-support python python-minimal
  python2.7 python2.7-minimal
0 upgraded, 15 newly installed, 0 to remove and 0 not upgraded.
Need to get 25.3 MB of archives.
After this operation, 70.1 MB of additional disk space will be used.
WARNING: The following packages cannot be authenticated!
  libclang-common-dev compiler-rt clang-3.2 clang
Get:1 http://localhost/debian/ unstable/main libncursesw5 amd64 5.9-10 [141 kB]
Get:2 http://localhost/debian/ unstable/main libssl1.0.0 amd64 1.0.1c-4 [1213 kB]
Get:3 http://localhost/debian/ unstable/main libsqlite3-0 amd64 3.7.15.2-1 [463 kB]
Get:4 http://localhost/debian/ unstable/main libexpat1 amd64 2.1.0-1 [141 kB]
Get:5 http://localhost/debian/ unstable/main libffi5 amd64 3.0.10-3 [24.8 kB]
Get:6 http://localhost/debian/ unstable/main libllvm3.2 amd64 3.2-2 [7865 kB]
Get:7 http://localhost/debian/ unstable/main mime-support all 3.52-2 [35.2 kB]
Get:8 http://localhost/debian/ unstable/main python2.7-minimal amd64 2.7.3-6 [1783 kB]
Get:9 http://localhost/debian/ unstable/main python2.7 amd64 2.7.3-6 [2729 kB]
Get:10 http://clang.ecranbleu.org/apt/debian/ unstable/main libclang-common-dev amd64 3.2-2 [303 kB]
Get:11 http://localhost/debian/ unstable/main python-minimal all 2.7.3-3 [42.5 kB]
Get:12 http://localhost/debian/ unstable/main python all 2.7.3-3 [179 kB]
Get:13 http://clang.ecranbleu.org/apt/debian/ unstable/main compiler-rt amd64 3.2-2 [312 kB]
Get:14 http://clang.ecranbleu.org/apt/debian/ unstable/main clang-3.2 amd64 3.2-2 [10.0 MB]
Get:15 http://clang.ecranbleu.org/apt/debian/ unstable/main clang all 3.2-2 [9558 B]
debconf: delaying package configuration, since apt-utils is not installed
Fetched 25.3 MB in 9s (2587 kB/s)
Selecting previously unselected package libncursesw5:amd64.
(Reading database ... 13484 files and directories currently installed.)
Unpacking libncursesw5:amd64 (from .../libncursesw5_5.9-10_amd64.deb) ...
Selecting previously unselected package libssl1.0.0:amd64.
Unpacking libssl1.0.0:amd64 (from .../libssl1.0.0_1.0.1c-4_amd64.deb) ...
Selecting previously unselected package libsqlite3-0:amd64.
Unpacking libsqlite3-0:amd64 (from .../libsqlite3-0_3.7.15.2-1_amd64.deb) ...
Selecting previously unselected package libexpat1:amd64.
Unpacking libexpat1:amd64 (from .../libexpat1_2.1.0-1_amd64.deb) ...
Selecting previously unselected package libffi5:amd64.
Unpacking libffi5:amd64 (from .../libffi5_3.0.10-3_amd64.deb) ...
Selecting previously unselected package libllvm3.2:amd64.
Unpacking libllvm3.2:amd64 (from .../libllvm3.2_3.2-2_amd64.deb) ...
Selecting previously unselected package mime-support.
Unpacking mime-support (from .../mime-support_3.52-2_all.deb) ...
Selecting previously unselected package python2.7-minimal.
Unpacking python2.7-minimal (from .../python2.7-minimal_2.7.3-6_amd64.deb) ...
Selecting previously unselected package python2.7.
Unpacking python2.7 (from .../python2.7_2.7.3-6_amd64.deb) ...
Selecting previously unselected package python-minimal.
Unpacking python-minimal (from .../python-minimal_2.7.3-3_all.deb) ...
Selecting previously unselected package python.
Unpacking python (from .../python_2.7.3-3_all.deb) ...
Selecting previously unselected package libclang-common-dev.
Unpacking libclang-common-dev (from .../libclang-common-dev_3.2-2_amd64.deb) ...
Selecting previously unselected package compiler-rt.
Unpacking compiler-rt (from .../compiler-rt_3.2-2_amd64.deb) ...
Selecting previously unselected package clang-3.2.
Unpacking clang-3.2 (from .../clang-3.2_3.2-2_amd64.deb) ...
Selecting previously unselected package clang.
Unpacking clang (from .../archives/clang_3.2-2_all.deb) ...
Setting up libncursesw5:amd64 (5.9-10) ...
Setting up libssl1.0.0:amd64 (1.0.1c-4) ...
debconf: unable to initialize frontend: Dialog
debconf: (Dialog frontend will not work on a dumb terminal, an emacs shell buffer, or without a controlling terminal.)
debconf: falling back to frontend: Readline
debconf: unable to initialize frontend: Readline
debconf: (This frontend requires a controlling tty.)
debconf: falling back to frontend: Teletype
Setting up libsqlite3-0:amd64 (3.7.15.2-1) ...
Setting up libexpat1:amd64 (2.1.0-1) ...
Setting up libffi5:amd64 (3.0.10-3) ...
Setting up libllvm3.2:amd64 (3.2-2) ...
Setting up mime-support (3.52-2) ...
Setting up python2.7-minimal (2.7.3-6) ...
Linking and byte-compiling packages for runtime python2.7...
Setting up python2.7 (2.7.3-6) ...
Setting up python-minimal (2.7.3-3) ...
Setting up python (2.7.3-3) ...
Setting up libclang-common-dev (3.2-2) ...
Setting up compiler-rt (3.2-2) ...
Setting up clang-3.2 (3.2-2) ...
Setting up clang (3.2-2) ...
+ echo 'Replace gcc, g++ & cpp by clang'
Replace gcc, g++ & cpp by clang
+ VERSIONS='4.6 4.7'
+ cd /usr/bin
+ for VERSION in '$VERSIONS'
+ rm g++-4.6 gcc-4.6 cpp-4.6
+ ln -s clang++ g++-4.6
+ ln -s clang gcc-4.6
+ ln -s clang cpp-4.6
+ for VERSION in '$VERSIONS'
+ rm g++-4.7 gcc-4.7 cpp-4.7
+ ln -s clang++ g++-4.7
+ ln -s clang gcc-4.7
+ ln -s clang cpp-4.7
+ cd -
/Â«BUILDDIRÂ»
+ echo 'Block the installation of new gcc version'
Block the installation of new gcc version
+ echo 'gcc-4.6 hold'
+ dpkg --set-selections
+ echo 'cpp-4.6 hold'
+ dpkg --set-selections
+ echo 'g++-4.6 hold'
+ dpkg --set-selections
+ echo 'gcc-4.7 hold'
+ dpkg --set-selections
+ echo 'cpp-4.7 hold'
+ dpkg --set-selections
+ echo 'g++-4.7 hold'
+ dpkg --set-selections
+ echo 'Check if gcc, g++ & cpp are actually clang'
Check if gcc, g++ & cpp are actually clang
+ gcc --version
+ grep clang
+ cpp --version
+ grep clang
+ g++ --version
+ grep clang

I: Finished running '/tmp/switch-to-clang'.

Finished processing commands.
â”€â”€â”€â”€â”€â”€â”€â”€â”€â”€â”€â”€â”€â”€â”€â”€â”€â”€â”€â”€â”€â”€â”€â”€â”€â”€â”€â”€â”€â”€â”€â”€â”€â”€â”€â”€â”€â”€â”€â”€â”€â”€â”€â”€â”€â”€â”€â”€â”€â”€â”€â”€â”€â”€â”€â”€â”€â”€â”€â”€â”€â”€â”€â”€â”€â”€â”€â”€â”€â”€â”€â”€â”€â”€â”€â”€â”€â”€â”€â”€
Merged Build-Depends: build-essential, fakeroot
Filtered Build-Depends: build-essential, fakeroot
dpkg-deb: building package `sbuild-build-depends-core-dummy' in `/Â«BUILDDIRÂ»/resolver-uFvSZg/apt_archive/sbuild-build-depends-core-dummy.deb'.
OK
Reading package lists...

â”Œâ”€â”€â”€â”€â”€â”€â”€â”€â”€â”€â”€â”€â”€â”€â”€â”€â”€â”€â”€â”€â”€â”€â”€â”€â”€â”€â”€â”€â”€â”€â”€â”€â”€â”€â”€â”€â”€â”€â”€â”€â”€â”€â”€â”€â”€â”€â”€â”€â”€â”€â”€â”€â”€â”€â”€â”€â”€â”€â”€â”€â”€â”€â”€â”€â”€â”€â”€â”€â”€â”€â”€â”€â”€â”€â”€â”€â”€â”€â”
â”‚ Install core build dependencies (apt-based resolver)                         â”‚
â””â”€â”€â”€â”€â”€â”€â”€â”€â”€â”€â”€â”€â”€â”€â”€â”€â”€â”€â”€â”€â”€â”€â”€â”€â”€â”€â”€â”€â”€â”€â”€â”€â”€â”€â”€â”€â”€â”€â”€â”€â”€â”€â”€â”€â”€â”€â”€â”€â”€â”€â”€â”€â”€â”€â”€â”€â”€â”€â”€â”€â”€â”€â”€â”€â”€â”€â”€â”€â”€â”€â”€â”€â”€â”€â”€â”€â”€â”€â”˜

Installing build dependencies
Reading package lists...
Building dependency tree...
Reading state information...
The following NEW packages will be installed:
  sbuild-build-depends-core-dummy
debconf: delaying package configuration, since apt-utils is not installed
0 upgraded, 1 newly installed, 0 to remove and 0 not upgraded.
Need to get 0 B/710 B of archives.
After this operation, 0 B of additional disk space will be used.
Selecting previously unselected package sbuild-build-depends-core-dummy.
(Reading database ... 14662 files and directories currently installed.)
Unpacking sbuild-build-depends-core-dummy (from .../sbuild-build-depends-core-dummy.deb) ...
Setting up sbuild-build-depends-core-dummy (0.invalid.0) ...
Merged Build-Depends: base-files, base-passwd, bash, bsdutils, coreutils, dash, debianutils, diffutils, dpkg, e2fsprogs, findutils, grep, gzip, hostname, libc-bin, login, mount, ncurses-base, ncurses-bin, perl-base, sed, sysvinit, sysvinit-utils, tar, util-linux, libc6-dev | libc-dev, gcc (>= 4:4.4.3), g++ (>= 4:4.4.3), make, dpkg-dev (>= 1.13.5), debhelper (>= 9), dpkg-dev (>= 1.16.1~), gcc-multilib, ed, mawk, lib32gmp-dev, cpio
Filtered Build-Depends: base-files, base-passwd, bash, bsdutils, coreutils, dash, debianutils, diffutils, dpkg, e2fsprogs, findutils, grep, gzip, hostname, libc-bin, login, mount, ncurses-base, ncurses-bin, perl-base, sed, sysvinit, sysvinit-utils, tar, util-linux, libc6-dev, gcc (>= 4:4.4.3), g++ (>= 4:4.4.3), make, dpkg-dev (>= 1.13.5), debhelper (>= 9), dpkg-dev (>= 1.16.1~), gcc-multilib, ed, mawk, lib32gmp-dev, cpio
dpkg-deb: building package `sbuild-build-depends-smlsharp-dummy' in `/Â«BUILDDIRÂ»/resolver-rGH0Qg/apt_archive/sbuild-build-depends-smlsharp-dummy.deb'.
OK
Reading package lists...

â”Œâ”€â”€â”€â”€â”€â”€â”€â”€â”€â”€â”€â”€â”€â”€â”€â”€â”€â”€â”€â”€â”€â”€â”€â”€â”€â”€â”€â”€â”€â”€â”€â”€â”€â”€â”€â”€â”€â”€â”€â”€â”€â”€â”€â”€â”€â”€â”€â”€â”€â”€â”€â”€â”€â”€â”€â”€â”€â”€â”€â”€â”€â”€â”€â”€â”€â”€â”€â”€â”€â”€â”€â”€â”€â”€â”€â”€â”€â”€â”
â”‚ Install smlsharp build dependencies (apt-based resolver)                     â”‚
â””â”€â”€â”€â”€â”€â”€â”€â”€â”€â”€â”€â”€â”€â”€â”€â”€â”€â”€â”€â”€â”€â”€â”€â”€â”€â”€â”€â”€â”€â”€â”€â”€â”€â”€â”€â”€â”€â”€â”€â”€â”€â”€â”€â”€â”€â”€â”€â”€â”€â”€â”€â”€â”€â”€â”€â”€â”€â”€â”€â”€â”€â”€â”€â”€â”€â”€â”€â”€â”€â”€â”€â”€â”€â”€â”€â”€â”€â”€â”˜

Installing build dependencies
Reading package lists...
Building dependency tree...
Reading state information...
The following extra packages will be installed:
  bsdmainutils cpio debhelper ed file gcc-4.7-multilib gcc-multilib gettext
  gettext-base groff-base html2text intltool-debian lib32gcc1 lib32gmp-dev
  lib32gmp10 lib32gmpxx4 lib32gomp1 lib32itm1 lib32quadmath0 lib32stdc++6
  libasprintf-dev libasprintf0c2 libc6-dev-i386 libc6-i386 libcroco3
  libgettextpo-dev libgettextpo0 libglib2.0-0 libgmp-dev libgmpxx4ldbl
  libmagic1 libpcre3 libpipeline1 libunistring0 libxml2 man-db po-debconf
Suggested packages:
  wamerican wordlist whois vacation libarchive1 dh-make lib32mudflap0
  gettext-doc groff libgmp10-doc libmpfr-dev less www-browser libmail-box-perl
Recommended packages:
  curl wget lynx-cur autopoint libglib2.0-data shared-mime-info xml-core
  libmail-sendmail-perl
The following NEW packages will be installed:
  bsdmainutils cpio debhelper ed file gcc-4.7-multilib gcc-multilib gettext
  gettext-base groff-base html2text intltool-debian lib32gcc1 lib32gmp-dev
  lib32gmp10 lib32gmpxx4 lib32gomp1 lib32itm1 lib32quadmath0 lib32stdc++6
  libasprintf-dev libasprintf0c2 libc6-dev-i386 libc6-i386 libcroco3
  libgettextpo-dev libgettextpo0 libglib2.0-0 libgmp-dev libgmpxx4ldbl
  libmagic1 libpcre3 libpipeline1 libunistring0 libxml2 man-db po-debconf
  sbuild-build-depends-smlsharp-dummy
0 upgraded, 38 newly installed, 0 to remove and 0 not upgraded.
Need to get 19.5 MB/19.5 MB of archives.
After this operation, 51.3 MB of additional disk space will be used.
Get:1 http://localhost/debian/ unstable/main libpipeline1 amd64 1.2.2-1 [39.9 kB]
Get:2 http://localhost/debian/ unstable/main groff-base amd64 1.22.1-2 [741 kB]
Get:3 http://localhost/debian/ unstable/main bsdmainutils amd64 9.0.4 [210 kB]
Get:4 http://localhost/debian/ unstable/main man-db amd64 2.6.3-3 [898 kB]
Get:5 http://localhost/debian/ unstable/main libasprintf0c2 amd64 0.18.1.1-10 [27.2 kB]
Get:6 http://localhost/debian/ unstable/main libmagic1 amd64 5.11-2 [202 kB]
Get:7 http://localhost/debian/ unstable/main libpcre3 amd64 1:8.31-2 [247 kB]
Get:8 http://localhost/debian/ unstable/main libxml2 amd64 2.8.0+dfsg1-7 [903 kB]
Get:9 http://localhost/debian/ unstable/main libglib2.0-0 amd64 2.33.12+really2.32.4-5 [1838 kB]
Get:10 http://localhost/debian/ unstable/main libcroco3 amd64 0.6.6-2 [134 kB]
Get:11 http://localhost/debian/ unstable/main libunistring0 amd64 0.9.3-5 [434 kB]
Get:12 http://localhost/debian/ unstable/main libgettextpo0 amd64 0.18.1.1-10 [145 kB]
Get:13 http://localhost/debian/ unstable/main libgmpxx4ldbl amd64 2:5.0.5+dfsg-2 [21.6 kB]
Get:14 http://localhost/debian/ unstable/main cpio amd64 2.11+dfsg-0.1 [267 kB]
Get:15 http://localhost/debian/ unstable/main file amd64 5.11-2 [51.8 kB]
Get:16 http://localhost/debian/ unstable/main gettext-base amd64 0.18.1.1-10 [154 kB]
Get:17 http://localhost/debian/ unstable/main html2text amd64 1.3.2a-15 [103 kB]
Get:18 http://localhost/debian/ unstable/main libasprintf-dev amd64 0.18.1.1-10 [26.8 kB]
Get:19 http://localhost/debian/ unstable/main libgettextpo-dev amd64 0.18.1.1-10 [184 kB]
Get:20 http://localhost/debian/ unstable/main gettext amd64 0.18.1.1-10 [1815 kB]
Get:21 http://localhost/debian/ unstable/main intltool-debian all 0.35.0+20060710.1 [30.8 kB]
Get:22 http://localhost/debian/ unstable/main po-debconf all 1.0.16+nmu2 [224 kB]
Get:23 http://localhost/debian/ unstable/main debhelper all 9.20120909 [705 kB]
Get:24 http://localhost/debian/ unstable/main ed amd64 1.6-2 [57.6 kB]
Get:25 http://localhost/debian/ unstable/main libc6-i386 amd64 2.13-38 [4033 kB]
Get:26 http://localhost/debian/ unstable/main libc6-dev-i386 amd64 2.13-38 [1586 kB]
Get:27 http://localhost/debian/ unstable/main lib32gcc1 amd64 1:4.7.2-5 [53.2 kB]
Get:28 http://localhost/debian/ unstable/main lib32gomp1 amd64 4.7.2-5 [29.9 kB]
Get:29 http://localhost/debian/ unstable/main lib32itm1 amd64 4.7.2-5 [35.8 kB]
Get:30 http://localhost/debian/ unstable/main lib32quadmath0 amd64 4.7.2-5 [198 kB]
Get:31 http://localhost/debian/ unstable/main gcc-4.7-multilib amd64 4.7.2-5 [2576 kB]
Get:32 http://localhost/debian/ unstable/main gcc-multilib amd64 4:4.7.2-1 [894 B]
Get:33 http://localhost/debian/ unstable/main libgmp-dev amd64 2:5.0.5+dfsg-2 [610 kB]
Get:34 http://localhost/debian/ unstable/main lib32gmp10 amd64 2:5.0.5+dfsg-2 [235 kB]
Get:35 http://localhost/debian/ unstable/main lib32stdc++6 amd64 4.7.2-5 [346 kB]
Get:36 http://localhost/debian/ unstable/main lib32gmpxx4 amd64 2:5.0.5+dfsg-2 [21.1 kB]
Get:37 http://localhost/debian/ unstable/main lib32gmp-dev amd64 2:5.0.5+dfsg-2 [302 kB]
debconf: delaying package configuration, since apt-utils is not installed
Fetched 19.5 MB in 1s (12.5 MB/s)
Selecting previously unselected package libpipeline1:amd64.
(Reading database ... 14662 files and directories currently installed.)
Unpacking libpipeline1:amd64 (from .../libpipeline1_1.2.2-1_amd64.deb) ...
Selecting previously unselected package groff-base.
Unpacking groff-base (from .../groff-base_1.22.1-2_amd64.deb) ...
Selecting previously unselected package bsdmainutils.
Unpacking bsdmainutils (from .../bsdmainutils_9.0.4_amd64.deb) ...
Selecting previously unselected package man-db.
Unpacking man-db (from .../man-db_2.6.3-3_amd64.deb) ...
Selecting previously unselected package libasprintf0c2:amd64.
Unpacking libasprintf0c2:amd64 (from .../libasprintf0c2_0.18.1.1-10_amd64.deb) ...
Selecting previously unselected package libmagic1:amd64.
Unpacking libmagic1:amd64 (from .../libmagic1_5.11-2_amd64.deb) ...
Selecting previously unselected package libpcre3:amd64.
Unpacking libpcre3:amd64 (from .../libpcre3_1%3a8.31-2_amd64.deb) ...
Selecting previously unselected package libxml2:amd64.
Unpacking libxml2:amd64 (from .../libxml2_2.8.0+dfsg1-7_amd64.deb) ...
Selecting previously unselected package libglib2.0-0:amd64.
Unpacking libglib2.0-0:amd64 (from .../libglib2.0-0_2.33.12+really2.32.4-5_amd64.deb) ...
Selecting previously unselected package libcroco3:amd64.
Unpacking libcroco3:amd64 (from .../libcroco3_0.6.6-2_amd64.deb) ...
Selecting previously unselected package libunistring0:amd64.
Unpacking libunistring0:amd64 (from .../libunistring0_0.9.3-5_amd64.deb) ...
Selecting previously unselected package libgettextpo0:amd64.
Unpacking libgettextpo0:amd64 (from .../libgettextpo0_0.18.1.1-10_amd64.deb) ...
Selecting previously unselected package libgmpxx4ldbl:amd64.
Unpacking libgmpxx4ldbl:amd64 (from .../libgmpxx4ldbl_2%3a5.0.5+dfsg-2_amd64.deb) ...
Selecting previously unselected package cpio.
Unpacking cpio (from .../cpio_2.11+dfsg-0.1_amd64.deb) ...
Selecting previously unselected package file.
Unpacking file (from .../archives/file_5.11-2_amd64.deb) ...
Selecting previously unselected package gettext-base.
Unpacking gettext-base (from .../gettext-base_0.18.1.1-10_amd64.deb) ...
Selecting previously unselected package html2text.
Unpacking html2text (from .../html2text_1.3.2a-15_amd64.deb) ...
Selecting previously unselected package libasprintf-dev:amd64.
Unpacking libasprintf-dev:amd64 (from .../libasprintf-dev_0.18.1.1-10_amd64.deb) ...
Selecting previously unselected package libgettextpo-dev:amd64.
Unpacking libgettextpo-dev:amd64 (from .../libgettextpo-dev_0.18.1.1-10_amd64.deb) ...
Selecting previously unselected package gettext.
Unpacking gettext (from .../gettext_0.18.1.1-10_amd64.deb) ...
Selecting previously unselected package intltool-debian.
Unpacking intltool-debian (from .../intltool-debian_0.35.0+20060710.1_all.deb) ...
Selecting previously unselected package po-debconf.
Unpacking po-debconf (from .../po-debconf_1.0.16+nmu2_all.deb) ...
Selecting previously unselected package debhelper.
Unpacking debhelper (from .../debhelper_9.20120909_all.deb) ...
Selecting previously unselected package ed.
Unpacking ed (from .../archives/ed_1.6-2_amd64.deb) ...
Selecting previously unselected package libc6-i386.
Unpacking libc6-i386 (from .../libc6-i386_2.13-38_amd64.deb) ...
Selecting previously unselected package libc6-dev-i386.
Unpacking libc6-dev-i386 (from .../libc6-dev-i386_2.13-38_amd64.deb) ...
Selecting previously unselected package lib32gcc1.
Unpacking lib32gcc1 (from .../lib32gcc1_1%3a4.7.2-5_amd64.deb) ...
Selecting previously unselected package lib32gomp1.
Unpacking lib32gomp1 (from .../lib32gomp1_4.7.2-5_amd64.deb) ...
Selecting previously unselected package lib32itm1.
Unpacking lib32itm1 (from .../lib32itm1_4.7.2-5_amd64.deb) ...
Selecting previously unselected package lib32quadmath0.
Unpacking lib32quadmath0 (from .../lib32quadmath0_4.7.2-5_amd64.deb) ...
Selecting previously unselected package gcc-4.7-multilib.
Unpacking gcc-4.7-multilib (from .../gcc-4.7-multilib_4.7.2-5_amd64.deb) ...
Selecting previously unselected package gcc-multilib.
Unpacking gcc-multilib (from .../gcc-multilib_4%3a4.7.2-1_amd64.deb) ...
Selecting previously unselected package libgmp-dev:amd64.
Unpacking libgmp-dev:amd64 (from .../libgmp-dev_2%3a5.0.5+dfsg-2_amd64.deb) ...
Selecting previously unselected package lib32gmp10.
Unpacking lib32gmp10 (from .../lib32gmp10_2%3a5.0.5+dfsg-2_amd64.deb) ...
Selecting previously unselected package lib32stdc++6.
Unpacking lib32stdc++6 (from .../lib32stdc++6_4.7.2-5_amd64.deb) ...
Selecting previously unselected package lib32gmpxx4.
Unpacking lib32gmpxx4 (from .../lib32gmpxx4_2%3a5.0.5+dfsg-2_amd64.deb) ...
Selecting previously unselected package lib32gmp-dev.
Unpacking lib32gmp-dev (from .../lib32gmp-dev_2%3a5.0.5+dfsg-2_amd64.deb) ...
Selecting previously unselected package sbuild-build-depends-smlsharp-dummy.
Unpacking sbuild-build-depends-smlsharp-dummy (from .../sbuild-build-depends-smlsharp-dummy.deb) ...
Processing triggers for mime-support ...
Setting up libpipeline1:amd64 (1.2.2-1) ...
Setting up groff-base (1.22.1-2) ...
Setting up bsdmainutils (9.0.4) ...
update-alternatives: using /usr/bin/bsd-write to provide /usr/bin/write (write) in auto mode
update-alternatives: using /usr/bin/bsd-from to provide /usr/bin/from (from) in auto mode
Setting up man-db (2.6.3-3) ...
Building database of manual pages ...
Setting up libasprintf0c2:amd64 (0.18.1.1-10) ...
Setting up libmagic1:amd64 (5.11-2) ...
Setting up libpcre3:amd64 (1:8.31-2) ...
Setting up libxml2:amd64 (2.8.0+dfsg1-7) ...
Setting up libglib2.0-0:amd64 (2.33.12+really2.32.4-5) ...
No schema files found: doing nothing.
Setting up libcroco3:amd64 (0.6.6-2) ...
Setting up libunistring0:amd64 (0.9.3-5) ...
Setting up libgettextpo0:amd64 (0.18.1.1-10) ...
Setting up libgmpxx4ldbl:amd64 (2:5.0.5+dfsg-2) ...
Setting up cpio (2.11+dfsg-0.1) ...
update-alternatives: using /bin/mt-gnu to provide /bin/mt (mt) in auto mode
Setting up file (5.11-2) ...
Setting up gettext-base (0.18.1.1-10) ...
Setting up html2text (1.3.2a-15) ...
Setting up libasprintf-dev:amd64 (0.18.1.1-10) ...
Setting up libgettextpo-dev:amd64 (0.18.1.1-10) ...
Setting up gettext (0.18.1.1-10) ...
Setting up intltool-debian (0.35.0+20060710.1) ...
Setting up po-debconf (1.0.16+nmu2) ...
Setting up debhelper (9.20120909) ...
Setting up ed (1.6-2) ...
Setting up libc6-i386 (2.13-38) ...
Setting up libc6-dev-i386 (2.13-38) ...
Setting up lib32gcc1 (1:4.7.2-5) ...
Setting up lib32gomp1 (4.7.2-5) ...
Setting up lib32itm1 (4.7.2-5) ...
Setting up lib32quadmath0 (4.7.2-5) ...
Setting up gcc-4.7-multilib (4.7.2-5) ...
Setting up gcc-multilib (4:4.7.2-1) ...
Setting up libgmp-dev:amd64 (2:5.0.5+dfsg-2) ...
Setting up lib32gmp10 (2:5.0.5+dfsg-2) ...
Setting up lib32stdc++6 (4.7.2-5) ...
Setting up lib32gmpxx4 (2:5.0.5+dfsg-2) ...
Setting up lib32gmp-dev (2:5.0.5+dfsg-2) ...
Setting up sbuild-build-depends-smlsharp-dummy (0.invalid.0) ...

â”Œâ”€â”€â”€â”€â”€â”€â”€â”€â”€â”€â”€â”€â”€â”€â”€â”€â”€â”€â”€â”€â”€â”€â”€â”€â”€â”€â”€â”€â”€â”€â”€â”€â”€â”€â”€â”€â”€â”€â”€â”€â”€â”€â”€â”€â”€â”€â”€â”€â”€â”€â”€â”€â”€â”€â”€â”€â”€â”€â”€â”€â”€â”€â”€â”€â”€â”€â”€â”€â”€â”€â”€â”€â”€â”€â”€â”€â”€â”€â”
â”‚ Build environment                                                            â”‚
â””â”€â”€â”€â”€â”€â”€â”€â”€â”€â”€â”€â”€â”€â”€â”€â”€â”€â”€â”€â”€â”€â”€â”€â”€â”€â”€â”€â”€â”€â”€â”€â”€â”€â”€â”€â”€â”€â”€â”€â”€â”€â”€â”€â”€â”€â”€â”€â”€â”€â”€â”€â”€â”€â”€â”€â”€â”€â”€â”€â”€â”€â”€â”€â”€â”€â”€â”€â”€â”€â”€â”€â”€â”€â”€â”€â”€â”€â”€â”˜

Kernel: Linux 2.6.32-5-xen-amd64 amd64 (x86_64)
Toolchain package versions: binutils_2.22-7.1 dpkg-dev_1.16.9 g++-4.6_4.6.3-15 g++-4.7_4.7.2-5 gcc-4.6_4.6.3-15 gcc-4.7_4.7.2-5 libc6-dev_2.13-38 libstdc++6_4.7.2-5 libstdc++6-4.6-dev_4.6.3-15 libstdc++6-4.7-dev_4.7.2-5 linux-libc-dev_3.2.35-2
Package versions: apt_0.9.7.7 base-files_7.1 base-passwd_3.5.26 bash_4.2+dfsg-0.1 binutils_2.22-7.1 bsdmainutils_9.0.4 bsdutils_1:2.20.1-5.3 build-essential_11.6 bzip2_1.0.6-4 clang_3.2-2 clang-3.2_3.2-2 compiler-rt_3.2-2 coreutils_8.20-3 cpio_2.11+dfsg-0.1 cpp_4:4.7.2-1 cpp-4.6_4.6.3-15 cpp-4.7_4.7.2-5 dash_0.5.7-3 debconf_1.5.49 debconf-i18n_1.5.49 debfoster_2.7-1.2 debhelper_9.20120909 debian-archive-keyring_2012.4 debianutils_4.3.4 diffutils_1:3.2-7 dpkg_1.16.9 dpkg-dev_1.16.9 e2fslibs_1.42.5-1 e2fsprogs_1.42.5-1 ed_1.6-2 fakeroot_1.18.4-2 file_5.11-2 findutils_4.4.2-5 g++_4:4.7.2-1 g++-4.6_4.6.3-15 g++-4.7_4.7.2-5 gcc_4:4.7.2-1 gcc-4.4-base_4.4.7-3 gcc-4.5-base_4.5.4-1 gcc-4.6_4.6.3-15 gcc-4.6-base_4.6.3-15 gcc-4.7_4.7.2-5 gcc-4.7-base_4.7.2-5 gcc-4.7-multilib_4.7.2-5 gcc-multilib_4:4.7.2-1 gettext_0.18.1.1-10 gettext-base_0.18.1.1-10 gnupg_1.4.12-7 gpgv_1.4.12-7 grep_2.14-1 groff-base_1.22.1-2 gzip_1.5-1.1 hostname_3.12 html2text_1.3.2a-15 initscripts_2.88dsf-39 insserv_1.14.0-5 intltool-debian_0.35.0+20060710.1 lib32gcc1_1:4.7.2-5 lib32gmp-dev_2:5.0.5+dfsg-2 lib32gmp10_2:5.0.5+dfsg-2 lib32gmpxx4_2:5.0.5+dfsg-2 lib32gomp1_4.7.2-5 lib32itm1_4.7.2-5 lib32quadmath0_4.7.2-5 lib32stdc++6_4.7.2-5 libacl1_2.2.51-8 libapt-pkg4.12_0.9.7.7 libasprintf-dev_0.18.1.1-10 libasprintf0c2_0.18.1.1-10 libattr1_1:2.4.46-8 libblkid1_2.20.1-5.3 libbz2-1.0_1.0.6-4 libc-bin_2.13-38 libc-dev-bin_2.13-38 libc6_2.13-38 libc6-dev_2.13-38 libc6-dev-i386_2.13-38 libc6-i386_2.13-38 libclang-common-dev_3.2-2 libclass-isa-perl_0.36-5 libcomerr2_1.42.5-1 libcroco3_0.6.6-2 libdb5.1_5.1.29-5 libdpkg-perl_1.16.9 libexpat1_2.1.0-1 libffi5_3.0.10-3 libfile-fcntllock-perl_0.14-2 libgc1c2_1:7.1-9.1 libgcc1_1:4.7.2-5 libgdbm3_1.8.3-11 libgettextpo-dev_0.18.1.1-10 libgettextpo0_0.18.1.1-10 libglib2.0-0_2.33.12+really2.32.4-5 libgmp-dev_2:5.0.5+dfsg-2 libgmp10_2:5.0.5+dfsg-2 libgmpxx4ldbl_2:5.0.5+dfsg-2 libgomp1_4.7.2-5 libgpm2_1.20.4-6 libitm1_4.7.2-5 libllvm3.2_3.2-2 liblocale-gettext-perl_1.05-7+b1 liblzma5_5.1.1alpha+20120614-2 libmagic1_5.11-2 libmount1_2.20.1-5.3 libmpc2_0.9-4 libmpfr4_3.1.0-5 libncurses5_5.9-10 libncursesw5_5.9-10 libpam-modules_1.1.3-7.1 libpam-modules-bin_1.1.3-7.1 libpam-runtime_1.1.3-7.1 libpam0g_1.1.3-7.1 libpcre3_1:8.31-2 libpipeline1_1.2.2-1 libquadmath0_4.7.2-5 libreadline6_6.2+dfsg-0.1 libselinux1_2.1.9-5 libsemanage-common_2.1.6-6 libsemanage1_2.1.6-6 libsepol1_2.1.4-3 libslang2_2.2.4-15 libsqlite3-0_3.7.15.2-1 libss2_1.42.5-1 libssl1.0.0_1.0.1c-4 libstdc++6_4.7.2-5 libstdc++6-4.6-dev_4.6.3-15 libstdc++6-4.7-dev_4.7.2-5 libswitch-perl_2.16-2 libtext-charwidth-perl_0.04-7+b1 libtext-iconv-perl_1.7-5 libtext-wrapi18n-perl_0.06-7 libtimedate-perl_1.2000-1 libtinfo5_5.9-10 libunistring0_0.9.3-5 libusb-0.1-4_2:0.1.12-23+nmu1 libustr-1.0-1_1.0.4-3 libuuid1_2.20.1-5.3 libxml2_2.8.0+dfsg1-7 linux-libc-dev_3.2.35-2 login_1:4.1.5.1-1 lsb-base_4.1+Debian9 make_3.81-8.2 man-db_2.6.3-3 mawk_1.3.3-17 mime-support_3.52-2 mount_2.20.1-5.3 multiarch-support_2.13-38 ncurses-base_5.9-10 ncurses-bin_5.9-10 passwd_1:4.1.5.1-1 patch_2.6.1-3 perl_5.14.2-17 perl-base_5.14.2-17 perl-modules_5.14.2-17 po-debconf_1.0.16+nmu2 python_2.7.3-3 python-minimal_2.7.3-3 python2.7_2.7.3-6 python2.7-minimal_2.7.3-6 readline-common_6.2+dfsg-0.1 sbuild-build-depends-core-dummy_0.invalid.0 sbuild-build-depends-smlsharp-dummy_0.invalid.0 sed_4.2.1-10 sensible-utils_0.0.7 sudo_1.8.5p2-1 sysv-rc_2.88dsf-39 sysvinit_2.88dsf-39 sysvinit-utils_2.88dsf-39 tar_1.26+dfsg-0.1 tzdata_2012j-1 ucf_3.0025+nmu3 util-linux_2.20.1-5.3 vim_2:7.3.547-6 vim-common_2:7.3.547-6 vim-runtime_2:7.3.547-6 xz-utils_5.1.1alpha+20120614-2 zlib1g_1:1.2.7.dfsg-13

â”Œâ”€â”€â”€â”€â”€â”€â”€â”€â”€â”€â”€â”€â”€â”€â”€â”€â”€â”€â”€â”€â”€â”€â”€â”€â”€â”€â”€â”€â”€â”€â”€â”€â”€â”€â”€â”€â”€â”€â”€â”€â”€â”€â”€â”€â”€â”€â”€â”€â”€â”€â”€â”€â”€â”€â”€â”€â”€â”€â”€â”€â”€â”€â”€â”€â”€â”€â”€â”€â”€â”€â”€â”€â”€â”€â”€â”€â”€â”€â”
â”‚ Build                                                                        â”‚
â””â”€â”€â”€â”€â”€â”€â”€â”€â”€â”€â”€â”€â”€â”€â”€â”€â”€â”€â”€â”€â”€â”€â”€â”€â”€â”€â”€â”€â”€â”€â”€â”€â”€â”€â”€â”€â”€â”€â”€â”€â”€â”€â”€â”€â”€â”€â”€â”€â”€â”€â”€â”€â”€â”€â”€â”€â”€â”€â”€â”€â”€â”€â”€â”€â”€â”€â”€â”€â”€â”€â”€â”€â”€â”€â”€â”€â”€â”€â”˜


Unpack source
â”€â”€â”€â”€â”€â”€â”€â”€â”€â”€â”€â”€â”€

gpgv: keyblock resource `/sbuild-nonexistent/.gnupg/trustedkeys.gpg': file open error
gpgv: Signature made Wed Nov 21 23:54:47 2012 UTC using RSA key ID 40AD1FA6
gpgv: Can't check signature: public key not found
dpkg-source: warning: failed to verify signature on ./smlsharp_1.2.0-1.dsc
dpkg-source: info: extracting smlsharp in smlsharp-1.2.0
dpkg-source: info: unpacking smlsharp_1.2.0.orig.tar.gz
dpkg-source: info: unpacking smlsharp_1.2.0-1.debian.tar.gz

Check disc space
â”€â”€â”€â”€â”€â”€â”€â”€â”€â”€â”€â”€â”€â”€â”€â”€

Sufficient free space for build

User Environment
â”€â”€â”€â”€â”€â”€â”€â”€â”€â”€â”€â”€â”€â”€â”€â”€

HOME=/sbuild-nonexistent
LOGNAME=user
PATH=/usr/local/sbin:/usr/local/bin:/usr/sbin:/usr/bin:/sbin:/bin:/usr/games
SCHROOT_CHROOT_NAME=unstable-amd64-sbuild
SCHROOT_COMMAND=env
SCHROOT_GID=1000
SCHROOT_GROUP=user
SCHROOT_SESSION_ID=unstable-amd64-sbuild-2606051b-90c5-4756-b5b5-467aa8dae0ec
SCHROOT_UID=1000
SCHROOT_USER=user
SHELL=/bin/sh
USER=user

dpkg-buildpackage
â”€â”€â”€â”€â”€â”€â”€â”€â”€â”€â”€â”€â”€â”€â”€â”€â”€

dpkg-buildpackage: source package smlsharp
dpkg-buildpackage: source version 1.2.0-1
dpkg-buildpackage: source changed by Nobuhiro Iwamatsu <iwamatsu@debian.org>
 dpkg-source --before-build smlsharp-1.2.0
dpkg-buildpackage: host architecture amd64
 fakeroot debian/rules clean
dh clean
   dh_testdir
   debian/rules override_dh_auto_clean
make[1]: Entering directory `/Â«PKGBUILDDIRÂ»'
dh_auto_clean
rm -rf precompiled/fastbuild1
rm -rf precompiled/fastbuild2
make[1]: Leaving directory `/Â«PKGBUILDDIRÂ»'
   dh_clean
 debian/rules build-arch
dh build-arch
   dh_testdir -a
   debian/rules override_dh_auto_configure
make[1]: Entering directory `/Â«PKGBUILDDIRÂ»'
CC="gcc -m32" LD="ld -m elf_i386"	\
		CFLAGS="-g -O2 -fPIE -fstack-protector --param=ssp-buffer-size=4 -Wformat -Werror=format-security" LDFLAGS="-fPIE -pie -Wl,-z,relro -Wl,-z,now" \
		./configure --prefix=/usr --enable-fast-build	\
		--enable-thread
checking build system type... x86_64-unknown-linux-gnu
checking host system type... x86_64-unknown-linux-gnu
checking target system type... x86_64-unknown-linux-gnu
checking for gcc... gcc -m32
checking whether the C compiler works... yes
checking for C compiler default output file name... a.out
checking for suffix of executables... 
checking whether we are cross compiling... no
checking for suffix of object files... o
checking whether we are using the GNU C compiler... yes
checking whether gcc -m32 accepts -g... yes
checking for gcc -m32 option to accept ISO C89... none needed
checking whether make sets $(MAKE)... yes
checking for a BSD-compatible install... /usr/bin/install -c
checking for find... /usr/bin/find
checking for ranlib... ranlib
checking for ld... ld -m elf_i386
checking for ar... ar
checking for xz... /usr/bin/xz
checking for pax... no
checking for cpio... /bin/cpio
checking for native code generation target... x86-linux
checking for heap management algorithm... bitmap
checking for sqrt in -lm... yes
checking for socket in -lsocket... no
checking for __gmpz_init in -lgmp... yes
checking for dlopen in -ldl... yes
checking for pthread_create in -lpthread... yes
checking how to run the C preprocessor... gcc -m32 -E
checking for grep that handles long lines and -e... /bin/grep
checking for egrep... /bin/grep -E
checking for ANSI C header files... yes
checking for sys/types.h... yes
checking for sys/stat.h... yes
checking for stdlib.h... yes
checking for string.h... yes
checking for memory.h... yes
checking for strings.h... yes
checking for inttypes.h... yes
checking for stdint.h... yes
checking for unistd.h... yes
checking assert.h usability... yes
checking assert.h presence... yes
checking for assert.h... yes
checking ctype.h usability... yes
checking ctype.h presence... yes
checking for ctype.h... yes
checking dirent.h usability... yes
checking dirent.h presence... yes
checking for dirent.h... yes
checking errno.h usability... yes
checking errno.h presence... yes
checking for errno.h... yes
checking limits.h usability... yes
checking limits.h presence... yes
checking for limits.h... yes
checking math.h usability... yes
checking math.h presence... yes
checking for math.h... yes
checking setjmp.h usability... yes
checking setjmp.h presence... yes
checking for setjmp.h... yes
checking stdarg.h usability... yes
checking stdarg.h presence... yes
checking for stdarg.h... yes
checking stddef.h usability... yes
checking stddef.h presence... yes
checking for stddef.h... yes
checking for stdint.h... (cached) yes
checking stdio.h usability... yes
checking stdio.h presence... yes
checking for stdio.h... yes
checking for stdlib.h... (cached) yes
checking for string.h... (cached) yes
checking time.h usability... yes
checking time.h presence... yes
checking for time.h... yes
checking for unistd.h... (cached) yes
checking fcntl.h usability... yes
checking fcntl.h presence... yes
checking for fcntl.h... yes
checking sys/time.h usability... yes
checking sys/time.h presence... yes
checking for sys/time.h... yes
checking for sys/stat.h... (cached) yes
checking pthread.h usability... yes
checking pthread.h presence... yes
checking for pthread.h... yes
checking signal.h usability... yes
checking signal.h presence... yes
checking for signal.h... yes
checking for sigaction... yes
checking for sigprocmask... yes
checking gmp.h usability... yes
checking gmp.h presence... yes
checking for gmp.h... yes
checking dlfcn.h usability... yes
checking dlfcn.h presence... yes
checking for dlfcn.h... yes
checking poll.h usability... yes
checking poll.h presence... yes
checking for poll.h... yes
checking sys/mman.h usability... yes
checking sys/mman.h presence... yes
checking for sys/mman.h... yes
checking for sys/types.h... (cached) yes
checking float.h usability... yes
checking float.h presence... yes
checking for float.h... yes
checking ieeefp.h usability... no
checking ieeefp.h presence... no
checking for ieeefp.h... no
checking sys/resource.h usability... yes
checking sys/resource.h presence... yes
checking for sys/resource.h... yes
checking fenv.h usability... yes
checking fenv.h presence... yes
checking for fenv.h... yes
checking sys/times.h usability... yes
checking sys/times.h presence... yes
checking for sys/times.h... yes
checking utime.h usability... yes
checking utime.h presence... yes
checking for utime.h... yes
checking for strings.h... (cached) yes
checking sys/socket.h usability... yes
checking sys/socket.h presence... yes
checking for sys/socket.h... yes
checking for an ANSI C-conforming const... yes
checking for inline... inline
checking for working volatile... yes
checking for size_t... yes
checking whether byte ordering is bigendian... no
checking for ceilf... yes
checking for clock_gettime... no
checking for copysign... yes
checking for copysignf... yes
checking for dlopen... yes
checking for fegetround... yes
checking for fesetround... yes
checking for finite... yes
checking for floorf... yes
checking for fpclass... no
checking for frexpf... yes
checking for getrusage... yes
checking for gettimeofday... yes
checking for ldexpf... yes
checking for mkstemp... yes
checking for mmap... yes
checking for modf... yes
checking for modff... yes
checking for nextafter... yes
checking for nextafterf... yes
checking for poll... yes
checking for readlink... yes
checking for roundf... yes
checking for select... yes
checking for sleep... yes
checking for socket... yes
checking for times... yes
checking for utime... yes
checking for utimes... yes
checking whether CLOCK_PROCESS_CPUTIME_ID is declared... yes
checking whether fpclassify is declared... yes
checking whether isinf is declared... yes
checking whether isnan is declared... yes
checking whether isnormal is declared... yes
checking whether signbit is declared... yes
configure: creating ./config.status
config.status: creating stamp-h
config.status: creating config.mk
config.status: creating src/config.mk
config.status: creating Makefile
config.status: creating config.h
make[1]: Leaving directory `/Â«PKGBUILDDIRÂ»'
   dh_auto_build -a
make[1]: Entering directory `/Â«PKGBUILDDIRÂ»'
gcc -m32 -g -O2 -fPIE -fstack-protector --param=ssp-buffer-size=4 -Wformat -Werror=format-security -DHAVE_CONFIG_H  -DMULTITHREAD -DHOST_CPU_i386 -DMAXALIGN=16 -I. -D_FORTIFY_SOURCE=2 -c -o src/runtime/heap_bitmap.o src/runtime/heap_bitmap.c
gcc -m32 -g -O2 -fPIE -fstack-protector --param=ssp-buffer-size=4 -Wformat -Werror=format-security -DIEEE_8087 -DMALLOC=xmalloc -c -o src/runtime/netlib/dtoa.o ./src/runtime/netlib/dtoa.c
gcc -m32 -g -O2 -fPIE -fstack-protector --param=ssp-buffer-size=4 -Wformat -Werror=format-security -DHAVE_CONFIG_H  -DMULTITHREAD -DHOST_CPU_i386 -DMAXALIGN=16 -I. -D_FORTIFY_SOURCE=2 -c -o src/runtime/control.o src/runtime/control.c
gcc -m32 -g -O2 -fPIE -fstack-protector --param=ssp-buffer-size=4 -Wformat -Werror=format-security -DHAVE_CONFIG_H  -DMULTITHREAD -DHOST_CPU_i386 -DMAXALIGN=16 -I. -D_FORTIFY_SOURCE=2 -c -o src/runtime/error.o src/runtime/error.c
gcc -m32 -g -O2 -fPIE -fstack-protector --param=ssp-buffer-size=4 -Wformat -Werror=format-security -DHAVE_CONFIG_H  -DMULTITHREAD -DHOST_CPU_i386 -DMAXALIGN=16 -I. -D_FORTIFY_SOURCE=2 -c -o src/runtime/exn.o src/runtime/exn.c
src/runtime/exn.c:56:44: warning: initializing 'void *' with an expression of type 'char const (*)[5]' discards qualifiers [-Wincompatible-pointer-types]
const struct sml_exntag sml_exntag_Bind = {&exnname_Bind.body};
                                           ^~~~~~~~~~~~~~~~~~
src/runtime/exn.c:57:45: warning: initializing 'void *' with an expression of type 'char const (*)[6]' discards qualifiers [-Wincompatible-pointer-types]
const struct sml_exntag sml_exntag_Match = {&exnname_Match.body};
                                            ^~~~~~~~~~~~~~~~~~~
src/runtime/exn.c:58:49: warning: initializing 'void *' with an expression of type 'char const (*)[10]' discards qualifiers [-Wincompatible-pointer-types]
const struct sml_exntag sml_exntag_Subscript = {&exnname_Subscript.body};
                                                ^~~~~~~~~~~~~~~~~~~~~~~
src/runtime/exn.c:59:44: warning: initializing 'void *' with an expression of type 'char const (*)[5]' discards qualifiers [-Wincompatible-pointer-types]
const struct sml_exntag sml_exntag_Size = {&exnname_Size.body};
                                           ^~~~~~~~~~~~~~~~~~
src/runtime/exn.c:60:48: warning: initializing 'void *' with an expression of type 'char const (*)[9]' discards qualifiers [-Wincompatible-pointer-types]
const struct sml_exntag sml_exntag_Overflow = {&exnname_Overflow.body};
                                               ^~~~~~~~~~~~~~~~~~~~~~
src/runtime/exn.c:61:43: warning: initializing 'void *' with an expression of type 'char const (*)[4]' discards qualifiers [-Wincompatible-pointer-types]
const struct sml_exntag sml_exntag_Div = {&exnname_Div.body};
                                          ^~~~~~~~~~~~~~~~~
src/runtime/exn.c:62:46: warning: initializing 'void *' with an expression of type 'char const (*)[7]' discards qualifiers [-Wincompatible-pointer-types]
const struct sml_exntag sml_exntag_Domain = {&exnname_Domain.body};
                                             ^~~~~~~~~~~~~~~~~~~~
src/runtime/exn.c:63:44: warning: initializing 'void *' with an expression of type 'char const (*)[5]' discards qualifiers [-Wincompatible-pointer-types]
const struct sml_exntag sml_exntag_Fail = {&exnname_Fail.body};
                                           ^~~~~~~~~~~~~~~~~~
src/runtime/exn.c:64:52: warning: initializing 'void *' with an expression of type 'char const (*)[13]' discards qualifiers [-Wincompatible-pointer-types]
const struct sml_exntag sml_exntag_MatchCompBug = {&exnname_MatchCompBug.body};
                                                   ^~~~~~~~~~~~~~~~~~~~~~~~~~
src/runtime/exn.c:65:45: warning: initializing 'void *' with an expression of type 'char const (*)[6]' discards qualifiers [-Wincompatible-pointer-types]
const struct sml_exntag sml_exntag_Empty = {&exnname_Empty.body};
                                            ^~~~~~~~~~~~~~~~~~~
src/runtime/exn.c:66:43: warning: initializing 'void *' with an expression of type 'char const (*)[4]' discards qualifiers [-Wincompatible-pointer-types]
const struct sml_exntag sml_exntag_Chr = {&exnname_Chr.body};
                                          ^~~~~~~~~~~~~~~~~
src/runtime/exn.c:67:44: warning: initializing 'void *' with an expression of type 'char const (*)[5]' discards qualifiers [-Wincompatible-pointer-types]
const struct sml_exntag sml_exntag_Span = {&exnname_Span.body};
                                           ^~~~~~~~~~~~~~~~~~
src/runtime/exn.c:68:46: warning: initializing 'void *' with an expression of type 'char const (*)[7]' discards qualifiers [-Wincompatible-pointer-types]
const struct sml_exntag sml_exntag_Option = {&exnname_Option.body};
                                             ^~~~~~~~~~~~~~~~~~~~
13 warnings generated.
gcc -m32 -g -O2 -fPIE -fstack-protector --param=ssp-buffer-size=4 -Wformat -Werror=format-security -DHAVE_CONFIG_H  -DMULTITHREAD -DHOST_CPU_i386 -DMAXALIGN=16 -I. -D_FORTIFY_SOURCE=2 -c -o src/runtime/init.o src/runtime/init.c
gcc -m32 -g -O2 -fPIE -fstack-protector --param=ssp-buffer-size=4 -Wformat -Werror=format-security -DHAVE_CONFIG_H  -DMULTITHREAD -DHOST_CPU_i386 -DMAXALIGN=16 -I. -D_FORTIFY_SOURCE=2 -c -o src/runtime/object.o src/runtime/object.c
gcc -m32 -g -O2 -fPIE -fstack-protector --param=ssp-buffer-size=4 -Wformat -Werror=format-security -DHAVE_CONFIG_H  -DMULTITHREAD -DHOST_CPU_i386 -DMAXALIGN=16 -I. -D_FORTIFY_SOURCE=2 -c -o src/runtime/objspace.o src/runtime/objspace.c
gcc -m32 -g -O2 -fPIE -fstack-protector --param=ssp-buffer-size=4 -Wformat -Werror=format-security -DHAVE_CONFIG_H  -DMULTITHREAD -DHOST_CPU_i386 -DMAXALIGN=16 -I. -D_FORTIFY_SOURCE=2 -c -o src/runtime/obstack.o src/runtime/obstack.c
gcc -m32 -g -O2 -fPIE -fstack-protector --param=ssp-buffer-size=4 -Wformat -Werror=format-security -DHAVE_CONFIG_H  -DMULTITHREAD -DHOST_CPU_i386 -DMAXALIGN=16 -I. -D_FORTIFY_SOURCE=2 -c -o src/runtime/prim.o src/runtime/prim.c
gcc -m32 -g -O2 -fPIE -fstack-protector --param=ssp-buffer-size=4 -Wformat -Werror=format-security -DHAVE_CONFIG_H  -DMULTITHREAD -DHOST_CPU_i386 -DMAXALIGN=16 -I. -D_FORTIFY_SOURCE=2 -c -o src/runtime/splay.o src/runtime/splay.c
rm -f src/runtime/libsmlsharp.a
ar cru src/runtime/libsmlsharp.a src/runtime/heap_bitmap.o src/runtime/netlib/dtoa.o src/runtime/control.o src/runtime/error.o src/runtime/exn.o src/runtime/init.o src/runtime/object.o src/runtime/objspace.o src/runtime/obstack.o src/runtime/prim.o src/runtime/splay.o
ranlib src/runtime/libsmlsharp.a
gcc -m32 -g -O2 -fPIE -fstack-protector --param=ssp-buffer-size=4 -Wformat -Werror=format-security -DHAVE_CONFIG_H  -DMULTITHREAD -DHOST_CPU_i386 -DMAXALIGN=16 -I. -D_FORTIFY_SOURCE=2 -c -o src/runtime/smlsharp_entry.o ./src/runtime/main.c
(cd precompiled && /usr/bin/xz -cd x86-linux.xz | /bin/cpio -idu)
141184 blocks
(cd precompiled/x86-linux \
	 && gcc -m32 -fPIE -pie -Wl,-z,relro -Wl,-z,now ../../src/runtime/smlsharp_entry.o \
	          `cat ../minismlsharp-files` \
	          ../../src/runtime/libsmlsharp.a \
	          -lpthread -ldl -lgmp -lm  -o ../../minismlsharp)
016.s:4714:22: error: invalid character in input
        .globl  SMLN6IntInf1_İE
                             ^
016.s:4714:22: error: unexpected token in directive
        .globl  SMLN6IntInf1_İE
                             ^
016.s:4715:14: error: invalid character in input
SMLN6IntInf1_İE:
             ^
016.s:4734:22: error: invalid character in input
        .globl  SMLN6IntInf3_İ_T_TE
                             ^
016.s:4734:22: error: unexpected token in directive
        .globl  SMLN6IntInf3_İ_T_TE
                             ^
016.s:4735:14: error: invalid character in input
SMLN6IntInf3_İ_T_TE:
             ^
make[1]: *** [minismlsharp] Error 1
make[1]: Leaving directory `/Â«PKGBUILDDIRÂ»'
dh_auto_build: make -j1 returned exit code 2
make: *** [build-arch] Error 2
dpkg-buildpackage: error: debian/rules build-arch gave error exit status 2
â”€â”€â”€â”€â”€â”€â”€â”€â”€â”€â”€â”€â”€â”€â”€â”€â”€â”€â”€â”€â”€â”€â”€â”€â”€â”€â”€â”€â”€â”€â”€â”€â”€â”€â”€â”€â”€â”€â”€â”€â”€â”€â”€â”€â”€â”€â”€â”€â”€â”€â”€â”€â”€â”€â”€â”€â”€â”€â”€â”€â”€â”€â”€â”€â”€â”€â”€â”€â”€â”€â”€â”€â”€â”€â”€â”€â”€â”€â”€â”€
Build finished at 20130202-0159

Finished
â”€â”€â”€â”€â”€â”€â”€â”€

E: Build failure (dpkg-buildpackage died)

â”Œâ”€â”€â”€â”€â”€â”€â”€â”€â”€â”€â”€â”€â”€â”€â”€â”€â”€â”€â”€â”€â”€â”€â”€â”€â”€â”€â”€â”€â”€â”€â”€â”€â”€â”€â”€â”€â”€â”€â”€â”€â”€â”€â”€â”€â”€â”€â”€â”€â”€â”€â”€â”€â”€â”€â”€â”€â”€â”€â”€â”€â”€â”€â”€â”€â”€â”€â”€â”€â”€â”€â”€â”€â”€â”€â”€â”€â”€â”€â”
â”‚ Cleanup                                                                      â”‚
â””â”€â”€â”€â”€â”€â”€â”€â”€â”€â”€â”€â”€â”€â”€â”€â”€â”€â”€â”€â”€â”€â”€â”€â”€â”€â”€â”€â”€â”€â”€â”€â”€â”€â”€â”€â”€â”€â”€â”€â”€â”€â”€â”€â”€â”€â”€â”€â”€â”€â”€â”€â”€â”€â”€â”€â”€â”€â”€â”€â”€â”€â”€â”€â”€â”€â”€â”€â”€â”€â”€â”€â”€â”€â”€â”€â”€â”€â”€â”˜

Purging /Â«BUILDDIRÂ»
Not cleaning session: cloned chroot in use

â”Œâ”€â”€â”€â”€â”€â”€â”€â”€â”€â”€â”€â”€â”€â”€â”€â”€â”€â”€â”€â”€â”€â”€â”€â”€â”€â”€â”€â”€â”€â”€â”€â”€â”€â”€â”€â”€â”€â”€â”€â”€â”€â”€â”€â”€â”€â”€â”€â”€â”€â”€â”€â”€â”€â”€â”€â”€â”€â”€â”€â”€â”€â”€â”€â”€â”€â”€â”€â”€â”€â”€â”€â”€â”€â”€â”€â”€â”€â”€â”
â”‚ Summary                                                                      â”‚
â””â”€â”€â”€â”€â”€â”€â”€â”€â”€â”€â”€â”€â”€â”€â”€â”€â”€â”€â”€â”€â”€â”€â”€â”€â”€â”€â”€â”€â”€â”€â”€â”€â”€â”€â”€â”€â”€â”€â”€â”€â”€â”€â”€â”€â”€â”€â”€â”€â”€â”€â”€â”€â”€â”€â”€â”€â”€â”€â”€â”€â”€â”€â”€â”€â”€â”€â”€â”€â”€â”€â”€â”€â”€â”€â”€â”€â”€â”€â”˜

Architecture: amd64
Build-Space: 104336
Build-Time: 21
Distribution: unstable
Fail-Stage: build
Install-Time: 8
Job: smlsharp_1.2.0-1
Package: smlsharp
Package-Time: 62
Source-Version: 1.2.0-1
Space: 104336
Status: attempted
Version: 1.2.0-1
â”€â”€â”€â”€â”€â”€â”€â”€â”€â”€â”€â”€â”€â”€â”€â”€â”€â”€â”€â”€â”€â”€â”€â”€â”€â”€â”€â”€â”€â”€â”€â”€â”€â”€â”€â”€â”€â”€â”€â”€â”€â”€â”€â”€â”€â”€â”€â”€â”€â”€â”€â”€â”€â”€â”€â”€â”€â”€â”€â”€â”€â”€â”€â”€â”€â”€â”€â”€â”€â”€â”€â”€â”€â”€â”€â”€â”€â”€â”€â”€
Finished at 20130202-0159
Build needed 00:01:02, 104336k disc space
DC-Status: Failed 62.627991s
DC-Time-Estimation: 62.627991 versus expected 1 (r/m: 61.627991 ; m: 1.0)
