DC-Build-Header: cryptominisat 5.6.4+dfsg.1-1 / 2019-01-09 21:58:49 +0000
DC-Task: type:rebuild-binarch-only source:cryptominisat version:5.6.4+dfsg.1-1 chroot:unstable esttime:142 logfile:/tmp/cryptominisat_5.6.4+dfsg.1-1_unstable_clang7.log modes:clang7:binarch-only
DC-Sbuild-call: su user42 -c 'sbuild -n --arch-any --apt-update -d unstable -v  --chroot-setup-commands=/tmp/clang7 cryptominisat_5.6.4+dfsg.1-1'
sbuild (Debian sbuild) 0.73.0 (23 Dec 2016) on ip-172-31-8-170.eu-central-1.compute.internal

+==============================================================================+
| cryptominisat 5.6.4+dfsg.1-1 (amd64)         Wed, 09 Jan 2019 21:58:49 +0000 |
+==============================================================================+

Package: cryptominisat
Version: 5.6.4+dfsg.1-1
Source Version: 5.6.4+dfsg.1-1
Distribution: unstable
Machine Architecture: amd64
Host Architecture: amd64
Build Architecture: amd64
Build Type: any

I: NOTICE: Log filtering will replace 'var/run/schroot/mount/sid-amd64-sbuild-54a3356f-5565-40f6-8afa-3ce7edcc3fcb' with '<<CHROOT>>'

+------------------------------------------------------------------------------+
| Chroot Setup Commands                                                        |
+------------------------------------------------------------------------------+


/tmp/clang7
-----------

+ echo 'Entering customization script...'
Entering customization script...
+ CLANG_VERSION=7
+ echo 'Install of clang-7'
Install of clang-7
+ apt-get update
Get:1 http://127.0.0.1:9999/debian sid InRelease [238 kB]
Get:2 http://127.0.0.1:9999/debian sid/main Sources.diff/Index [27.9 kB]
Get:3 http://127.0.0.1:9999/debian sid/main amd64 Packages.diff/Index [27.9 kB]
Get:4 http://127.0.0.1:9999/debian sid/main Sources 2019-01-09-1430.36.pdiff [24.1 kB]
Get:5 http://127.0.0.1:9999/debian sid/main Sources 2019-01-09-2026.40.pdiff [16.8 kB]
Get:6 http://127.0.0.1:9999/debian sid/main amd64 Packages 2019-01-09-1430.36.pdiff [40.9 kB]
Get:7 http://127.0.0.1:9999/debian sid/main amd64 Packages 2019-01-09-2026.40.pdiff [32.0 kB]
Get:5 http://127.0.0.1:9999/debian sid/main Sources 2019-01-09-2026.40.pdiff [16.8 kB]
Get:7 http://127.0.0.1:9999/debian sid/main amd64 Packages 2019-01-09-2026.40.pdiff [32.0 kB]
Get:8 http://127.0.0.1:9999/debian sid/main Translation-en [6274 kB]
Fetched 6681 kB in 2s (3355 kB/s)
Reading package lists...
+ apt-get install --yes --no-install-recommends --force-yes clang-7 libomp-7-dev libobjc-8-dev
Reading package lists...
Building dependency tree...
The following additional packages will be installed:
  lib32gcc1 lib32stdc++6 libbsd0 libc6-i386 libclang-common-7-dev libclang1-7
  libedit2 libgc1c2 libllvm7 libobjc4 libomp5-7
Suggested packages:
  clang-7-doc libomp-7-doc
Recommended packages:
  llvm-7-dev python
The following NEW packages will be installed:
  clang-7 lib32gcc1 lib32stdc++6 libbsd0 libc6-i386 libclang-common-7-dev
  libclang1-7 libedit2 libgc1c2 libllvm7 libobjc-8-dev libobjc4 libomp-7-dev
  libomp5-7
0 upgraded, 14 newly installed, 0 to remove and 5 not upgraded.
Need to get 34.5 MB of archives.
After this operation, 185 MB of additional disk space will be used.
Get:1 http://127.0.0.1:9999/debian sid/main amd64 libbsd0 amd64 0.9.1-1 [99.3 kB]
Get:2 http://127.0.0.1:9999/debian sid/main amd64 libedit2 amd64 3.1-20181209-1 [94.0 kB]
Get:3 http://127.0.0.1:9999/debian sid/main amd64 libllvm7 amd64 1:7.0.1-4 [13.0 MB]
Get:4 http://127.0.0.1:9999/debian sid/main amd64 libgc1c2 amd64 1:7.6.4-0.4 [224 kB]
Get:5 http://127.0.0.1:9999/debian sid/main amd64 libobjc4 amd64 8.2.0-14 [50.4 kB]
Get:6 http://127.0.0.1:9999/debian sid/main amd64 libobjc-8-dev amd64 8.2.0-14 [225 kB]
Get:7 http://127.0.0.1:9999/debian sid/main amd64 libc6-i386 amd64 2.28-4 [2873 kB]
Get:8 http://127.0.0.1:9999/debian sid/main amd64 lib32gcc1 amd64 1:8.2.0-14 [47.9 kB]
Get:9 http://127.0.0.1:9999/debian sid/main amd64 lib32stdc++6 amd64 8.2.0-14 [406 kB]
Get:10 http://127.0.0.1:9999/debian sid/main amd64 libclang-common-7-dev amd64 1:7.0.1-4 [3155 kB]
Get:11 http://127.0.0.1:9999/debian sid/main amd64 libclang1-7 amd64 1:7.0.1-4 [5991 kB]
Get:12 http://127.0.0.1:9999/debian sid/main amd64 clang-7 amd64 1:7.0.1-4 [7887 kB]
Get:13 http://127.0.0.1:9999/debian sid/main amd64 libomp5-7 amd64 1:7.0.1-4 [318 kB]
Get:14 http://127.0.0.1:9999/debian sid/main amd64 libomp-7-dev amd64 1:7.0.1-4 [57.1 kB]
debconf: delaying package configuration, since apt-utils is not installed
Fetched 34.5 MB in 0s (116 MB/s)
Selecting previously unselected package libbsd0:amd64.
(Reading database ... (Reading database ... 5%(Reading database ... 10%(Reading database ... 15%(Reading database ... 20%(Reading database ... 25%(Reading database ... 30%(Reading database ... 35%(Reading database ... 40%(Reading database ... 45%(Reading database ... 50%(Reading database ... 55%(Reading database ... 60%(Reading database ... 65%(Reading database ... 70%(Reading database ... 75%(Reading database ... 80%(Reading database ... 85%(Reading database ... 90%(Reading database ... 95%(Reading database ... 100%(Reading database ... 11802 files and directories currently installed.)
Preparing to unpack .../00-libbsd0_0.9.1-1_amd64.deb ...
Unpacking libbsd0:amd64 (0.9.1-1) ...
Selecting previously unselected package libedit2:amd64.
Preparing to unpack .../01-libedit2_3.1-20181209-1_amd64.deb ...
Unpacking libedit2:amd64 (3.1-20181209-1) ...
Selecting previously unselected package libllvm7:amd64.
Preparing to unpack .../02-libllvm7_1%3a7.0.1-4_amd64.deb ...
Unpacking libllvm7:amd64 (1:7.0.1-4) ...
Selecting previously unselected package libgc1c2:amd64.
Preparing to unpack .../03-libgc1c2_1%3a7.6.4-0.4_amd64.deb ...
Unpacking libgc1c2:amd64 (1:7.6.4-0.4) ...
Selecting previously unselected package libobjc4:amd64.
Preparing to unpack .../04-libobjc4_8.2.0-14_amd64.deb ...
Unpacking libobjc4:amd64 (8.2.0-14) ...
Selecting previously unselected package libobjc-8-dev:amd64.
Preparing to unpack .../05-libobjc-8-dev_8.2.0-14_amd64.deb ...
Unpacking libobjc-8-dev:amd64 (8.2.0-14) ...
Selecting previously unselected package libc6-i386.
Preparing to unpack .../06-libc6-i386_2.28-4_amd64.deb ...
Unpacking libc6-i386 (2.28-4) ...
Selecting previously unselected package lib32gcc1.
Preparing to unpack .../07-lib32gcc1_1%3a8.2.0-14_amd64.deb ...
Unpacking lib32gcc1 (1:8.2.0-14) ...
Selecting previously unselected package lib32stdc++6.
Preparing to unpack .../08-lib32stdc++6_8.2.0-14_amd64.deb ...
Unpacking lib32stdc++6 (8.2.0-14) ...
Selecting previously unselected package libclang-common-7-dev.
Preparing to unpack .../09-libclang-common-7-dev_1%3a7.0.1-4_amd64.deb ...
Unpacking libclang-common-7-dev (1:7.0.1-4) ...
Selecting previously unselected package libclang1-7:amd64.
Preparing to unpack .../10-libclang1-7_1%3a7.0.1-4_amd64.deb ...
Unpacking libclang1-7:amd64 (1:7.0.1-4) ...
Selecting previously unselected package clang-7.
Preparing to unpack .../11-clang-7_1%3a7.0.1-4_amd64.deb ...
Unpacking clang-7 (1:7.0.1-4) ...
Selecting previously unselected package libomp5-7:amd64.
Preparing to unpack .../12-libomp5-7_1%3a7.0.1-4_amd64.deb ...
Unpacking libomp5-7:amd64 (1:7.0.1-4) ...
Selecting previously unselected package libomp-7-dev.
Preparing to unpack .../13-libomp-7-dev_1%3a7.0.1-4_amd64.deb ...
Unpacking libomp-7-dev (1:7.0.1-4) ...
Setting up libgc1c2:amd64 (1:7.6.4-0.4) ...
Setting up libc6-i386 (2.28-4) ...
Setting up libbsd0:amd64 (0.9.1-1) ...
Setting up libomp5-7:amd64 (1:7.0.1-4) ...
Processing triggers for libc-bin (2.28-4) ...
Setting up libomp-7-dev (1:7.0.1-4) ...
Setting up lib32gcc1 (1:8.2.0-14) ...
Setting up libedit2:amd64 (3.1-20181209-1) ...
Setting up libobjc4:amd64 (8.2.0-14) ...
Setting up libobjc-8-dev:amd64 (8.2.0-14) ...
Setting up libllvm7:amd64 (1:7.0.1-4) ...
Setting up libclang1-7:amd64 (1:7.0.1-4) ...
Setting up lib32stdc++6 (8.2.0-14) ...
Setting up libclang-common-7-dev (1:7.0.1-4) ...
Setting up clang-7 (1:7.0.1-4) ...
Processing triggers for libc-bin (2.28-4) ...
W: --force-yes is deprecated, use one of the options starting with --allow instead.
+ echo 'Replace gcc, g++ & cpp by clang'
Replace gcc, g++ & cpp by clang
+ VERSIONS='4.6 4.7 4.8 4.9 5 6 7 8'
+ cd /usr/bin
+ for VERSION in $VERSIONS
+ rm -f g++-4.6 gcc-4.6 cpp-4.6 gcc
+ ln -s clang++-7 g++-4.6
+ ln -s clang-7 gcc-4.6
+ ln -s clang-7 cpp-4.6
+ ln -s clang-7 gcc
+ echo 'gcc-4.6 hold'
+ dpkg --set-selections
dpkg: warning: package not in status nor available database at line 1: gcc-4.6
dpkg: warning: found unknown packages; this might mean the available database
is outdated, and needs to be updated through a frontend method;
please see the FAQ <https://wiki.debian.org/Teams/Dpkg/FAQ>
+ echo 'g++-4.6 hold'
+ dpkg --set-selections
dpkg: warning: package not in status nor available database at line 1: g++-4.6
dpkg: warning: found unknown packages; this might mean the available database
is outdated, and needs to be updated through a frontend method;
please see the FAQ <https://wiki.debian.org/Teams/Dpkg/FAQ>
+ for VERSION in $VERSIONS
+ rm -f g++-4.7 gcc-4.7 cpp-4.7 gcc
+ ln -s clang++-7 g++-4.7
+ ln -s clang-7 gcc-4.7
+ ln -s clang-7 cpp-4.7
+ ln -s clang-7 gcc
+ echo 'gcc-4.7 hold'
+ dpkg --set-selections
dpkg: warning: package not in status nor available database at line 1: gcc-4.7
dpkg: warning: found unknown packages; this might mean the available database
is outdated, and needs to be updated through a frontend method;
please see the FAQ <https://wiki.debian.org/Teams/Dpkg/FAQ>
+ echo 'g++-4.7 hold'
+ dpkg --set-selections
dpkg: warning: package not in status nor available database at line 1: g++-4.7
dpkg: warning: found unknown packages; this might mean the available database
is outdated, and needs to be updated through a frontend method;
please see the FAQ <https://wiki.debian.org/Teams/Dpkg/FAQ>
+ for VERSION in $VERSIONS
+ rm -f g++-4.8 gcc-4.8 cpp-4.8 gcc
+ ln -s clang++-7 g++-4.8
+ ln -s clang-7 gcc-4.8
+ ln -s clang-7 cpp-4.8
+ ln -s clang-7 gcc
+ echo 'gcc-4.8 hold'
+ dpkg --set-selections
dpkg: warning: package not in status nor available database at line 1: gcc-4.8
dpkg: warning: found unknown packages; this might mean the available database
is outdated, and needs to be updated through a frontend method;
please see the FAQ <https://wiki.debian.org/Teams/Dpkg/FAQ>
+ echo 'g++-4.8 hold'
+ dpkg --set-selections
dpkg: warning: package not in status nor available database at line 1: g++-4.8
dpkg: warning: found unknown packages; this might mean the available database
is outdated, and needs to be updated through a frontend method;
please see the FAQ <https://wiki.debian.org/Teams/Dpkg/FAQ>
+ for VERSION in $VERSIONS
+ rm -f g++-4.9 gcc-4.9 cpp-4.9 gcc
+ ln -s clang++-7 g++-4.9
+ ln -s clang-7 gcc-4.9
+ ln -s clang-7 cpp-4.9
+ ln -s clang-7 gcc
+ echo 'gcc-4.9 hold'
+ dpkg --set-selections
dpkg: warning: package not in status nor available database at line 1: gcc-4.9
dpkg: warning: found unknown packages; this might mean the available database
is outdated, and needs to be updated through a frontend method;
please see the FAQ <https://wiki.debian.org/Teams/Dpkg/FAQ>
+ echo 'g++-4.9 hold'
+ dpkg --set-selections
dpkg: warning: package not in status nor available database at line 1: g++-4.9
dpkg: warning: found unknown packages; this might mean the available database
is outdated, and needs to be updated through a frontend method;
please see the FAQ <https://wiki.debian.org/Teams/Dpkg/FAQ>
+ for VERSION in $VERSIONS
+ rm -f g++-5 gcc-5 cpp-5 gcc
+ ln -s clang++-7 g++-5
+ ln -s clang-7 gcc-5
+ ln -s clang-7 cpp-5
+ ln -s clang-7 gcc
+ echo 'gcc-5 hold'
+ dpkg --set-selections
dpkg: warning: package not in status nor available database at line 1: gcc-5
dpkg: warning: found unknown packages; this might mean the available database
is outdated, and needs to be updated through a frontend method;
please see the FAQ <https://wiki.debian.org/Teams/Dpkg/FAQ>
+ echo 'g++-5 hold'
+ dpkg --set-selections
dpkg: warning: package not in status nor available database at line 1: g++-5
dpkg: warning: found unknown packages; this might mean the available database
is outdated, and needs to be updated through a frontend method;
please see the FAQ <https://wiki.debian.org/Teams/Dpkg/FAQ>
+ for VERSION in $VERSIONS
+ rm -f g++-6 gcc-6 cpp-6 gcc
+ ln -s clang++-7 g++-6
+ ln -s clang-7 gcc-6
+ ln -s clang-7 cpp-6
+ ln -s clang-7 gcc
+ echo 'gcc-6 hold'
+ dpkg --set-selections
dpkg: warning: package not in status nor available database at line 1: gcc-6
dpkg: warning: found unknown packages; this might mean the available database
is outdated, and needs to be updated through a frontend method;
please see the FAQ <https://wiki.debian.org/Teams/Dpkg/FAQ>
+ echo 'g++-6 hold'
+ dpkg --set-selections
dpkg: warning: package not in status nor available database at line 1: g++-6
dpkg: warning: found unknown packages; this might mean the available database
is outdated, and needs to be updated through a frontend method;
please see the FAQ <https://wiki.debian.org/Teams/Dpkg/FAQ>
+ for VERSION in $VERSIONS
+ rm -f g++-7 gcc-7 cpp-7 gcc
+ ln -s clang++-7 g++-7
+ ln -s clang-7 gcc-7
+ ln -s clang-7 cpp-7
+ ln -s clang-7 gcc
+ echo 'gcc-7 hold'
+ dpkg --set-selections
dpkg: warning: package not in status nor available database at line 1: gcc-7
dpkg: warning: found unknown packages; this might mean the available database
is outdated, and needs to be updated through a frontend method;
please see the FAQ <https://wiki.debian.org/Teams/Dpkg/FAQ>
+ echo 'g++-7 hold'
+ dpkg --set-selections
dpkg: warning: package not in status nor available database at line 1: g++-7
dpkg: warning: found unknown packages; this might mean the available database
is outdated, and needs to be updated through a frontend method;
please see the FAQ <https://wiki.debian.org/Teams/Dpkg/FAQ>
+ for VERSION in $VERSIONS
+ rm -f g++-8 gcc-8 cpp-8 gcc
+ ln -s clang++-7 g++-8
+ ln -s clang-7 gcc-8
+ ln -s clang-7 cpp-8
+ ln -s clang-7 gcc
+ echo 'gcc-8 hold'
+ dpkg --set-selections
+ echo 'g++-8 hold'
+ dpkg --set-selections
+ cd -
/build/cryptominisat-ofi3xb
+ echo 'Check if gcc, g++ & cpp are actually clang'
Check if gcc, g++ & cpp are actually clang
+ gcc --version
+ grep clang
+ cpp --version
+ grep clang
+ g++ --version
+ grep clang

I: Finished running '/tmp/clang7'.

Finished processing commands.
--------------------------------------------------------------------------------

+------------------------------------------------------------------------------+
| Update chroot                                                                |
+------------------------------------------------------------------------------+

Hit:1 http://127.0.0.1:9999/debian sid InRelease
Reading package lists...
Reading package lists...
Building dependency tree...
Reading state information...
Calculating upgrade...
The following packages will be upgraded:
  libmpfr6 libpam-modules libpam-modules-bin libpam-runtime libpam0g
5 upgraded, 0 newly installed, 0 to remove and 0 not upgraded.
Need to get 1519 kB of archives.
After this operation, 7168 B of additional disk space will be used.
Get:1 http://127.0.0.1:9999/debian sid/main amd64 libpam0g amd64 1.1.8-4 [124 kB]
Get:2 http://127.0.0.1:9999/debian sid/main amd64 libpam-modules-bin amd64 1.1.8-4 [106 kB]
Get:3 http://127.0.0.1:9999/debian sid/main amd64 libpam-modules amd64 1.1.8-4 [305 kB]
Get:4 http://127.0.0.1:9999/debian sid/main amd64 libpam-runtime all 1.1.8-4 [211 kB]
Get:5 http://127.0.0.1:9999/debian sid/main amd64 libmpfr6 amd64 4.0.2~rc1-1 [773 kB]
debconf: delaying package configuration, since apt-utils is not installed
Fetched 1519 kB in 0s (77.3 MB/s)
(Reading database ... (Reading database ... 5%(Reading database ... 10%(Reading database ... 15%(Reading database ... 20%(Reading database ... 25%(Reading database ... 30%(Reading database ... 35%(Reading database ... 40%(Reading database ... 45%(Reading database ... 50%(Reading database ... 55%(Reading database ... 60%(Reading database ... 65%(Reading database ... 70%(Reading database ... 75%(Reading database ... 80%(Reading database ... 85%(Reading database ... 90%(Reading database ... 95%(Reading database ... 100%(Reading database ... 12592 files and directories currently installed.)
Preparing to unpack .../libpam0g_1.1.8-4_amd64.deb ...
Unpacking libpam0g:amd64 (1.1.8-4) over (1.1.8-3.8) ...
Setting up libpam0g:amd64 (1.1.8-4) ...
(Reading database ... (Reading database ... 5%(Reading database ... 10%(Reading database ... 15%(Reading database ... 20%(Reading database ... 25%(Reading database ... 30%(Reading database ... 35%(Reading database ... 40%(Reading database ... 45%(Reading database ... 50%(Reading database ... 55%(Reading database ... 60%(Reading database ... 65%(Reading database ... 70%(Reading database ... 75%(Reading database ... 80%(Reading database ... 85%(Reading database ... 90%(Reading database ... 95%(Reading database ... 100%(Reading database ... 12592 files and directories currently installed.)
Preparing to unpack .../libpam-modules-bin_1.1.8-4_amd64.deb ...
Unpacking libpam-modules-bin (1.1.8-4) over (1.1.8-3.8) ...
Setting up libpam-modules-bin (1.1.8-4) ...
(Reading database ... (Reading database ... 5%(Reading database ... 10%(Reading database ... 15%(Reading database ... 20%(Reading database ... 25%(Reading database ... 30%(Reading database ... 35%(Reading database ... 40%(Reading database ... 45%(Reading database ... 50%(Reading database ... 55%(Reading database ... 60%(Reading database ... 65%(Reading database ... 70%(Reading database ... 75%(Reading database ... 80%(Reading database ... 85%(Reading database ... 90%(Reading database ... 95%(Reading database ... 100%(Reading database ... 12592 files and directories currently installed.)
Preparing to unpack .../libpam-modules_1.1.8-4_amd64.deb ...
Unpacking libpam-modules:amd64 (1.1.8-4) over (1.1.8-3.8) ...
Setting up libpam-modules:amd64 (1.1.8-4) ...
(Reading database ... (Reading database ... 5%(Reading database ... 10%(Reading database ... 15%(Reading database ... 20%(Reading database ... 25%(Reading database ... 30%(Reading database ... 35%(Reading database ... 40%(Reading database ... 45%(Reading database ... 50%(Reading database ... 55%(Reading database ... 60%(Reading database ... 65%(Reading database ... 70%(Reading database ... 75%(Reading database ... 80%(Reading database ... 85%(Reading database ... 90%(Reading database ... 95%(Reading database ... 100%(Reading database ... 12592 files and directories currently installed.)
Preparing to unpack .../libpam-runtime_1.1.8-4_all.deb ...
Unpacking libpam-runtime (1.1.8-4) over (1.1.8-3.8) ...
Setting up libpam-runtime (1.1.8-4) ...
(Reading database ... (Reading database ... 5%(Reading database ... 10%(Reading database ... 15%(Reading database ... 20%(Reading database ... 25%(Reading database ... 30%(Reading database ... 35%(Reading database ... 40%(Reading database ... 45%(Reading database ... 50%(Reading database ... 55%(Reading database ... 60%(Reading database ... 65%(Reading database ... 70%(Reading database ... 75%(Reading database ... 80%(Reading database ... 85%(Reading database ... 90%(Reading database ... 95%(Reading database ... 100%(Reading database ... 12592 files and directories currently installed.)
Preparing to unpack .../libmpfr6_4.0.2~rc1-1_amd64.deb ...
Unpacking libmpfr6:amd64 (4.0.2~rc1-1) over (4.0.1-2) ...
Setting up libmpfr6:amd64 (4.0.2~rc1-1) ...
Processing triggers for libc-bin (2.28-4) ...

+------------------------------------------------------------------------------+
| Fetch source files                                                           |
+------------------------------------------------------------------------------+


Check APT
---------

Checking available source versions...

Download source files with APT
------------------------------

Reading package lists...
NOTICE: 'cryptominisat' packaging is maintained in the 'Git' version control system at:
https://github.com/msoos/cryptominisat.git
Please use:
git clone https://github.com/msoos/cryptominisat.git
to retrieve the latest (possibly unreleased) updates to the package.
Need to get 514 kB of source archives.
Get:1 http://127.0.0.1:9999/debian sid/main cryptominisat 5.6.4+dfsg.1-1 (dsc) [1720 B]
Get:2 http://127.0.0.1:9999/debian sid/main cryptominisat 5.6.4+dfsg.1-1 (tar) [492 kB]
Get:3 http://127.0.0.1:9999/debian sid/main cryptominisat 5.6.4+dfsg.1-1 (diff) [19.9 kB]
Fetched 514 kB in 1s (688 kB/s)
Download complete and in download only mode
I: NOTICE: Log filtering will replace 'build/cryptominisat-ofi3xb/cryptominisat-5.6.4+dfsg.1' with '<<PKGBUILDDIR>>'
I: NOTICE: Log filtering will replace 'build/cryptominisat-ofi3xb' with '<<BUILDDIR>>'

+------------------------------------------------------------------------------+
| Install build-essential                                                      |
+------------------------------------------------------------------------------+


Setup apt archive
-----------------

Merged Build-Depends: build-essential, fakeroot
Filtered Build-Depends: build-essential, fakeroot
dpkg-deb: building package 'sbuild-build-depends-core-dummy' in '/<<BUILDDIR>>/resolver-7TGkXD/apt_archive/sbuild-build-depends-core-dummy.deb'.
dpkg-scanpackages: warning: Packages in archive but missing from override file:
dpkg-scanpackages: warning:   sbuild-build-depends-core-dummy
dpkg-scanpackages: info: Wrote 1 entries to output Packages file.
Ign:1 copy:/<<BUILDDIR>>/resolver-7TGkXD/apt_archive ./ InRelease
Get:2 copy:/<<BUILDDIR>>/resolver-7TGkXD/apt_archive ./ Release [957 B]
Ign:3 copy:/<<BUILDDIR>>/resolver-7TGkXD/apt_archive ./ Release.gpg
Get:4 copy:/<<BUILDDIR>>/resolver-7TGkXD/apt_archive ./ Sources [349 B]
Get:5 copy:/<<BUILDDIR>>/resolver-7TGkXD/apt_archive ./ Packages [432 B]
Fetched 1738 B in 0s (0 B/s)
Reading package lists...
Reading package lists...

Install core build dependencies (apt-based resolver)
----------------------------------------------------

Installing build dependencies
Reading package lists...
Building dependency tree...
Reading state information...
The following NEW packages will be installed:
  sbuild-build-depends-core-dummy
0 upgraded, 1 newly installed, 0 to remove and 0 not upgraded.
Need to get 856 B of archives.
After this operation, 0 B of additional disk space will be used.
Get:1 copy:/<<BUILDDIR>>/resolver-7TGkXD/apt_archive ./ sbuild-build-depends-core-dummy 0.invalid.0 [856 B]
debconf: delaying package configuration, since apt-utils is not installed
Fetched 856 B in 0s (0 B/s)
Selecting previously unselected package sbuild-build-depends-core-dummy.
(Reading database ... 12592 files and directories currently installed.)
Preparing to unpack .../sbuild-build-depends-core-dummy_0.invalid.0_amd64.deb ...
Unpacking sbuild-build-depends-core-dummy (0.invalid.0) ...
Setting up sbuild-build-depends-core-dummy (0.invalid.0) ...

+------------------------------------------------------------------------------+
| Check architectures                                                          |
+------------------------------------------------------------------------------+

Arch check ok (amd64 included in any)

+------------------------------------------------------------------------------+
| Install package build dependencies                                           |
+------------------------------------------------------------------------------+


Setup apt archive
-----------------

Merged Build-Depends: cmake, debhelper (>= 10.2.1), dh-python, python3-dev, libboost-program-options1.62-dev, libm4ri-dev, zlib1g-dev
Filtered Build-Depends: cmake, debhelper (>= 10.2.1), dh-python, python3-dev, libboost-program-options1.62-dev, libm4ri-dev, zlib1g-dev
dpkg-deb: building package 'sbuild-build-depends-cryptominisat-dummy' in '/<<BUILDDIR>>/resolver-7TGkXD/apt_archive/sbuild-build-depends-cryptominisat-dummy.deb'.
dpkg-scanpackages: warning: Packages in archive but missing from override file:
dpkg-scanpackages: warning:   sbuild-build-depends-core-dummy sbuild-build-depends-cryptominisat-dummy
dpkg-scanpackages: info: Wrote 2 entries to output Packages file.
Ign:1 copy:/<<BUILDDIR>>/resolver-7TGkXD/apt_archive ./ InRelease
Get:2 copy:/<<BUILDDIR>>/resolver-7TGkXD/apt_archive ./ Release [963 B]
Ign:3 copy:/<<BUILDDIR>>/resolver-7TGkXD/apt_archive ./ Release.gpg
Get:4 copy:/<<BUILDDIR>>/resolver-7TGkXD/apt_archive ./ Sources [552 B]
Get:5 copy:/<<BUILDDIR>>/resolver-7TGkXD/apt_archive ./ Packages [628 B]
Fetched 2143 B in 0s (0 B/s)
Reading package lists...
Reading package lists...

Install cryptominisat build dependencies (apt-based resolver)
-------------------------------------------------------------

Installing build dependencies
Reading package lists...
Building dependency tree...
Reading state information...
The following additional packages will be installed:
  autoconf automake autopoint autotools-dev bsdmainutils cmake cmake-data
  debhelper dh-autoreconf dh-python dh-strip-nondeterminism dwz file gettext
  gettext-base groff-base intltool-debian libarchive-zip-perl libarchive13
  libboost-program-options1.62-dev libboost-program-options1.62.0
  libboost1.62-dev libcroco3 libcurl4 libelf1 libexpat1 libexpat1-dev
  libfile-stripnondeterminism-perl libglib2.0-0 libgssapi-krb5-2 libicu63
  libjsoncpp1 libk5crypto3 libkeyutils1 libkrb5-3 libkrb5support0
  libldap-2.4-2 libldap-common libm4ri-0.0.20140914 libm4ri-dev libmagic-mgc
  libmagic1 libmpdec2 libncurses6 libnghttp2-14 libpipeline1 libpng16-16
  libprocps7 libpsl5 libpython3-dev libpython3-stdlib libpython3.7
  libpython3.7-dev libpython3.7-minimal libpython3.7-stdlib libreadline7
  librhash0 librtmp1 libsasl2-2 libsasl2-modules-db libsigsegv2 libsqlite3-0
  libssh2-1 libssl1.1 libtool libuchardet0 libuv1 libxml2 lsb-base m4 man-db
  mime-support po-debconf procps python3 python3-dev python3-distutils
  python3-lib2to3 python3-minimal python3.7 python3.7-dev python3.7-minimal
  readline-common sensible-utils zlib1g-dev
Suggested packages:
  autoconf-archive gnu-standards autoconf-doc wamerican | wordlist whois
  vacation cmake-doc ninja-build dh-make gettext-doc libasprintf-dev
  libgettextpo-dev groff lrzip libboost1.62-doc libboost-atomic1.62-dev
  libboost-chrono1.62-dev libboost-context1.62-dev libboost-coroutine1.62-dev
  libboost-date-time1.62-dev libboost-exception1.62-dev libboost-fiber1.62-dev
  libboost-filesystem1.62-dev libboost-graph1.62-dev
  libboost-graph-parallel1.62-dev libboost-iostreams1.62-dev
  libboost-locale1.62-dev libboost-log1.62-dev libboost-math1.62-dev
  libboost-mpi1.62-dev libboost-mpi-python1.62-dev libboost-python1.62-dev
  libboost-random1.62-dev libboost-regex1.62-dev
  libboost-serialization1.62-dev libboost-signals1.62-dev
  libboost-system1.62-dev libboost-test1.62-dev libboost-thread1.62-dev
  libboost-timer1.62-dev libboost-type-erasure1.62-dev libboost-wave1.62-dev
  libboost1.62-tools-dev libmpfrc++-dev libntl-dev krb5-doc krb5-user
  libtool-doc gfortran | fortran95-compiler gcj-jdk m4-doc apparmor less
  www-browser libmail-box-perl python3-doc python3-tk python3-venv
  python3.7-venv python3.7-doc binfmt-support readline-doc
Recommended packages:
  curl | wget | lynx ca-certificates libarchive-cpio-perl libglib2.0-data
  shared-mime-info xdg-user-dirs krb5-locales libgpm2 publicsuffix
  libsasl2-modules libltdl-dev libmail-sendmail-perl psmisc
The following NEW packages will be installed:
  autoconf automake autopoint autotools-dev bsdmainutils cmake cmake-data
  debhelper dh-autoreconf dh-python dh-strip-nondeterminism dwz file gettext
  gettext-base groff-base intltool-debian libarchive-zip-perl libarchive13
  libboost-program-options1.62-dev libboost-program-options1.62.0
  libboost1.62-dev libcroco3 libcurl4 libelf1 libexpat1 libexpat1-dev
  libfile-stripnondeterminism-perl libglib2.0-0 libgssapi-krb5-2 libicu63
  libjsoncpp1 libk5crypto3 libkeyutils1 libkrb5-3 libkrb5support0
  libldap-2.4-2 libldap-common libm4ri-0.0.20140914 libm4ri-dev libmagic-mgc
  libmagic1 libmpdec2 libncurses6 libnghttp2-14 libpipeline1 libpng16-16
  libprocps7 libpsl5 libpython3-dev libpython3-stdlib libpython3.7
  libpython3.7-dev libpython3.7-minimal libpython3.7-stdlib libreadline7
  librhash0 librtmp1 libsasl2-2 libsasl2-modules-db libsigsegv2 libsqlite3-0
  libssh2-1 libssl1.1 libtool libuchardet0 libuv1 libxml2 lsb-base m4 man-db
  mime-support po-debconf procps python3 python3-dev python3-distutils
  python3-lib2to3 python3-minimal python3.7 python3.7-dev python3.7-minimal
  readline-common sbuild-build-depends-cryptominisat-dummy sensible-utils
  zlib1g-dev
0 upgraded, 86 newly installed, 0 to remove and 0 not upgraded.
Need to get 92.7 MB of archives.
After this operation, 344 MB of additional disk space will be used.
Get:1 copy:/<<BUILDDIR>>/resolver-7TGkXD/apt_archive ./ sbuild-build-depends-cryptominisat-dummy 0.invalid.0 [920 B]
Get:2 http://127.0.0.1:9999/debian sid/main amd64 bsdmainutils amd64 11.1.2+b1 [191 kB]
Get:3 http://127.0.0.1:9999/debian sid/main amd64 libuchardet0 amd64 0.0.6-3 [64.9 kB]
Get:4 http://127.0.0.1:9999/debian sid/main amd64 groff-base amd64 1.22.4-2 [917 kB]
Get:5 http://127.0.0.1:9999/debian sid/main amd64 libpipeline1 amd64 1.5.0-2 [29.5 kB]
Get:6 http://127.0.0.1:9999/debian sid/main amd64 man-db amd64 2.8.5-1 [1274 kB]
Get:7 http://127.0.0.1:9999/debian sid/main amd64 libssl1.1 amd64 1.1.1a-1 [1527 kB]
Get:8 http://127.0.0.1:9999/debian sid/main amd64 libpython3.7-minimal amd64 3.7.2-1 [588 kB]
Get:9 http://127.0.0.1:9999/debian sid/main amd64 libexpat1 amd64 2.2.6-1 [105 kB]
Get:10 http://127.0.0.1:9999/debian sid/main amd64 python3.7-minimal amd64 3.7.2-1 [1732 kB]
Get:11 http://127.0.0.1:9999/debian sid/main amd64 python3-minimal amd64 3.7.1-3 [36.5 kB]
Get:12 http://127.0.0.1:9999/debian sid/main amd64 mime-support all 3.61 [37.1 kB]
Get:13 http://127.0.0.1:9999/debian sid/main amd64 libmpdec2 amd64 2.4.2-2 [87.2 kB]
Get:14 http://127.0.0.1:9999/debian sid/main amd64 readline-common all 7.0-5 [70.6 kB]
Get:15 http://127.0.0.1:9999/debian sid/main amd64 libreadline7 amd64 7.0-5 [151 kB]
Get:16 http://127.0.0.1:9999/debian sid/main amd64 libsqlite3-0 amd64 3.26.0+fossilbc891ac6b-1 [634 kB]
Get:17 http://127.0.0.1:9999/debian sid/main amd64 libpython3.7-stdlib amd64 3.7.2-1 [1733 kB]
Get:18 http://127.0.0.1:9999/debian sid/main amd64 python3.7 amd64 3.7.2-1 [323 kB]
Get:19 http://127.0.0.1:9999/debian sid/main amd64 libpython3-stdlib amd64 3.7.1-3 [20.0 kB]
Get:20 http://127.0.0.1:9999/debian sid/main amd64 python3 amd64 3.7.1-3 [61.5 kB]
Get:21 http://127.0.0.1:9999/debian sid/main amd64 libncurses6 amd64 6.1+20181013-1 [102 kB]
Get:22 http://127.0.0.1:9999/debian sid/main amd64 libprocps7 amd64 2:3.3.15-2 [61.7 kB]
Get:23 http://127.0.0.1:9999/debian sid/main amd64 lsb-base all 10.2018112800 [28.3 kB]
Get:24 http://127.0.0.1:9999/debian sid/main amd64 procps amd64 2:3.3.15-2 [259 kB]
Get:25 http://127.0.0.1:9999/debian sid/main amd64 sensible-utils all 0.0.12 [15.8 kB]
Get:26 http://127.0.0.1:9999/debian sid/main amd64 libmagic-mgc amd64 1:5.34-2 [239 kB]
Get:27 http://127.0.0.1:9999/debian sid/main amd64 libmagic1 amd64 1:5.34-2 [116 kB]
Get:28 http://127.0.0.1:9999/debian sid/main amd64 file amd64 1:5.34-2 [65.8 kB]
Get:29 http://127.0.0.1:9999/debian sid/main amd64 gettext-base amd64 0.19.8.1-9 [123 kB]
Get:30 http://127.0.0.1:9999/debian sid/main amd64 libsigsegv2 amd64 2.12-2 [32.8 kB]
Get:31 http://127.0.0.1:9999/debian sid/main amd64 m4 amd64 1.4.18-2 [203 kB]
Get:32 http://127.0.0.1:9999/debian sid/main amd64 autoconf all 2.69-11 [341 kB]
Get:33 http://127.0.0.1:9999/debian sid/main amd64 autotools-dev all 20180224.1 [77.0 kB]
Get:34 http://127.0.0.1:9999/debian sid/main amd64 automake all 1:1.16.1-4 [771 kB]
Get:35 http://127.0.0.1:9999/debian sid/main amd64 autopoint all 0.19.8.1-9 [434 kB]
Get:36 http://127.0.0.1:9999/debian sid/main amd64 cmake-data all 3.13.2-1 [1476 kB]
Get:37 http://127.0.0.1:9999/debian sid/main amd64 libicu63 amd64 63.1-5 [8293 kB]
Get:38 http://127.0.0.1:9999/debian sid/main amd64 libxml2 amd64 2.9.4+dfsg1-7+b3 [687 kB]
Get:39 http://127.0.0.1:9999/debian sid/main amd64 libarchive13 amd64 3.3.3-3 [313 kB]
Get:40 http://127.0.0.1:9999/debian sid/main amd64 libkeyutils1 amd64 1.5.9-9.3 [13.0 kB]
Get:41 http://127.0.0.1:9999/debian sid/main amd64 libkrb5support0 amd64 1.16.2-1 [63.3 kB]
Get:42 http://127.0.0.1:9999/debian sid/main amd64 libk5crypto3 amd64 1.16.2-1 [121 kB]
Get:43 http://127.0.0.1:9999/debian sid/main amd64 libkrb5-3 amd64 1.16.2-1 [320 kB]
Get:44 http://127.0.0.1:9999/debian sid/main amd64 libgssapi-krb5-2 amd64 1.16.2-1 [158 kB]
Get:45 http://127.0.0.1:9999/debian sid/main amd64 libsasl2-modules-db amd64 2.1.27~rc8-1 [68.4 kB]
Get:46 http://127.0.0.1:9999/debian sid/main amd64 libsasl2-2 amd64 2.1.27~rc8-1 [105 kB]
Get:47 http://127.0.0.1:9999/debian sid/main amd64 libldap-common all 2.4.47+dfsg-1 [88.8 kB]
Get:48 http://127.0.0.1:9999/debian sid/main amd64 libldap-2.4-2 amd64 2.4.47+dfsg-1 [224 kB]
Get:49 http://127.0.0.1:9999/debian sid/main amd64 libnghttp2-14 amd64 1.35.1-1+b1 [82.4 kB]
Get:50 http://127.0.0.1:9999/debian sid/main amd64 libpsl5 amd64 0.20.2-2 [53.7 kB]
Get:51 http://127.0.0.1:9999/debian sid/main amd64 librtmp1 amd64 2.4+20151223.gitfa8646d.1-2 [60.5 kB]
Get:52 http://127.0.0.1:9999/debian sid/main amd64 libssh2-1 amd64 1.8.0-2 [138 kB]
Get:53 http://127.0.0.1:9999/debian sid/main amd64 libcurl4 amd64 7.62.0-1 [324 kB]
Get:54 http://127.0.0.1:9999/debian sid/main amd64 libjsoncpp1 amd64 1.7.4-3 [75.6 kB]
Get:55 http://127.0.0.1:9999/debian sid/main amd64 librhash0 amd64 1.3.7-1 [104 kB]
Get:56 http://127.0.0.1:9999/debian sid/main amd64 libuv1 amd64 1.24.0-1 [109 kB]
Get:57 http://127.0.0.1:9999/debian sid/main amd64 cmake amd64 3.13.2-1 [3485 kB]
Get:58 http://127.0.0.1:9999/debian sid/main amd64 libtool all 2.4.6-6 [547 kB]
Get:59 http://127.0.0.1:9999/debian sid/main amd64 dh-autoreconf all 19 [16.9 kB]
Get:60 http://127.0.0.1:9999/debian sid/main amd64 libarchive-zip-perl all 1.64-1 [96.8 kB]
Get:61 http://127.0.0.1:9999/debian sid/main amd64 libfile-stripnondeterminism-perl all 1.0.0-1 [19.5 kB]
Get:62 http://127.0.0.1:9999/debian sid/main amd64 dh-strip-nondeterminism all 1.0.0-1 [12.5 kB]
Get:63 http://127.0.0.1:9999/debian sid/main amd64 libelf1 amd64 0.175-2 [160 kB]
Get:64 http://127.0.0.1:9999/debian sid/main amd64 dwz amd64 0.12-3 [78.0 kB]
Get:65 http://127.0.0.1:9999/debian sid/main amd64 libglib2.0-0 amd64 2.58.2-3 [1257 kB]
Get:66 http://127.0.0.1:9999/debian sid/main amd64 libcroco3 amd64 0.6.12-3 [145 kB]
Get:67 http://127.0.0.1:9999/debian sid/main amd64 gettext amd64 0.19.8.1-9 [1303 kB]
Get:68 http://127.0.0.1:9999/debian sid/main amd64 intltool-debian all 0.35.0+20060710.4 [26.3 kB]
Get:69 http://127.0.0.1:9999/debian sid/main amd64 po-debconf all 1.0.21 [248 kB]
Get:70 http://127.0.0.1:9999/debian sid/main amd64 debhelper all 12 [1002 kB]
Get:71 http://127.0.0.1:9999/debian sid/main amd64 python3-lib2to3 all 3.7.2-2 [76.6 kB]
Get:72 http://127.0.0.1:9999/debian sid/main amd64 python3-distutils all 3.7.2-2 [142 kB]
Get:73 http://127.0.0.1:9999/debian sid/main amd64 dh-python all 3.20180927 [95.8 kB]
Get:74 http://127.0.0.1:9999/debian sid/main amd64 libboost1.62-dev amd64 1.62.0+dfsg-10+b1 [7005 kB]
Get:75 http://127.0.0.1:9999/debian sid/main amd64 libboost-program-options1.62.0 amd64 1.62.0+dfsg-10+b1 [162 kB]
Get:76 http://127.0.0.1:9999/debian sid/main amd64 libboost-program-options1.62-dev amd64 1.62.0+dfsg-10+b1 [190 kB]
Get:77 http://127.0.0.1:9999/debian sid/main amd64 libexpat1-dev amd64 2.2.6-1 [152 kB]
Get:78 http://127.0.0.1:9999/debian sid/main amd64 libpng16-16 amd64 1.6.36-2 [292 kB]
Get:79 http://127.0.0.1:9999/debian sid/main amd64 libm4ri-0.0.20140914 amd64 20140914-2+b1 [80.0 kB]
Get:80 http://127.0.0.1:9999/debian sid/main amd64 libm4ri-dev amd64 20140914-2+b1 [106 kB]
Get:81 http://127.0.0.1:9999/debian sid/main amd64 libpython3.7 amd64 3.7.2-1 [1494 kB]
Get:82 http://127.0.0.1:9999/debian sid/main amd64 libpython3.7-dev amd64 3.7.2-1 [48.4 MB]
Get:83 http://127.0.0.1:9999/debian sid/main amd64 libpython3-dev amd64 3.7.1-3 [20.1 kB]
Get:84 http://127.0.0.1:9999/debian sid/main amd64 python3.7-dev amd64 3.7.2-1 [509 kB]
Get:85 http://127.0.0.1:9999/debian sid/main amd64 python3-dev amd64 3.7.1-3 [1260 B]
Get:86 http://127.0.0.1:9999/debian sid/main amd64 zlib1g-dev amd64 1:1.2.11.dfsg-1 [214 kB]
debconf: delaying package configuration, since apt-utils is not installed
Fetched 92.7 MB in 3s (27.4 MB/s)
Selecting previously unselected package bsdmainutils.
(Reading database ... 12592 files and directories currently installed.)
Preparing to unpack .../0-bsdmainutils_11.1.2+b1_amd64.deb ...
Unpacking bsdmainutils (11.1.2+b1) ...
Selecting previously unselected package libuchardet0:amd64.
Preparing to unpack .../1-libuchardet0_0.0.6-3_amd64.deb ...
Unpacking libuchardet0:amd64 (0.0.6-3) ...
Selecting previously unselected package groff-base.
Preparing to unpack .../2-groff-base_1.22.4-2_amd64.deb ...
Unpacking groff-base (1.22.4-2) ...
Selecting previously unselected package libpipeline1:amd64.
Preparing to unpack .../3-libpipeline1_1.5.0-2_amd64.deb ...
Unpacking libpipeline1:amd64 (1.5.0-2) ...
Selecting previously unselected package man-db.
Preparing to unpack .../4-man-db_2.8.5-1_amd64.deb ...
Unpacking man-db (2.8.5-1) ...
Selecting previously unselected package libssl1.1:amd64.
Preparing to unpack .../5-libssl1.1_1.1.1a-1_amd64.deb ...
Unpacking libssl1.1:amd64 (1.1.1a-1) ...
Selecting previously unselected package libpython3.7-minimal:amd64.
Preparing to unpack .../6-libpython3.7-minimal_3.7.2-1_amd64.deb ...
Unpacking libpython3.7-minimal:amd64 (3.7.2-1) ...
Selecting previously unselected package libexpat1:amd64.
Preparing to unpack .../7-libexpat1_2.2.6-1_amd64.deb ...
Unpacking libexpat1:amd64 (2.2.6-1) ...
Selecting previously unselected package python3.7-minimal.
Preparing to unpack .../8-python3.7-minimal_3.7.2-1_amd64.deb ...
Unpacking python3.7-minimal (3.7.2-1) ...
Setting up libssl1.1:amd64 (1.1.1a-1) ...
Setting up libpython3.7-minimal:amd64 (3.7.2-1) ...
Setting up libexpat1:amd64 (2.2.6-1) ...
Setting up python3.7-minimal (3.7.2-1) ...
Selecting previously unselected package python3-minimal.
(Reading database ... 13481 files and directories currently installed.)
Preparing to unpack .../0-python3-minimal_3.7.1-3_amd64.deb ...
Unpacking python3-minimal (3.7.1-3) ...
Selecting previously unselected package mime-support.
Preparing to unpack .../1-mime-support_3.61_all.deb ...
Unpacking mime-support (3.61) ...
Selecting previously unselected package libmpdec2:amd64.
Preparing to unpack .../2-libmpdec2_2.4.2-2_amd64.deb ...
Unpacking libmpdec2:amd64 (2.4.2-2) ...
Selecting previously unselected package readline-common.
Preparing to unpack .../3-readline-common_7.0-5_all.deb ...
Unpacking readline-common (7.0-5) ...
Selecting previously unselected package libreadline7:amd64.
Preparing to unpack .../4-libreadline7_7.0-5_amd64.deb ...
Unpacking libreadline7:amd64 (7.0-5) ...
Selecting previously unselected package libsqlite3-0:amd64.
Preparing to unpack .../5-libsqlite3-0_3.26.0+fossilbc891ac6b-1_amd64.deb ...
Unpacking libsqlite3-0:amd64 (3.26.0+fossilbc891ac6b-1) ...
Selecting previously unselected package libpython3.7-stdlib:amd64.
Preparing to unpack .../6-libpython3.7-stdlib_3.7.2-1_amd64.deb ...
Unpacking libpython3.7-stdlib:amd64 (3.7.2-1) ...
Selecting previously unselected package python3.7.
Preparing to unpack .../7-python3.7_3.7.2-1_amd64.deb ...
Unpacking python3.7 (3.7.2-1) ...
Selecting previously unselected package libpython3-stdlib:amd64.
Preparing to unpack .../8-libpython3-stdlib_3.7.1-3_amd64.deb ...
Unpacking libpython3-stdlib:amd64 (3.7.1-3) ...
Setting up python3-minimal (3.7.1-3) ...
Selecting previously unselected package python3.
(Reading database ... 13947 files and directories currently installed.)
Preparing to unpack .../00-python3_3.7.1-3_amd64.deb ...
Unpacking python3 (3.7.1-3) ...
Selecting previously unselected package libncurses6:amd64.
Preparing to unpack .../01-libncurses6_6.1+20181013-1_amd64.deb ...
Unpacking libncurses6:amd64 (6.1+20181013-1) ...
Selecting previously unselected package libprocps7:amd64.
Preparing to unpack .../02-libprocps7_2%3a3.3.15-2_amd64.deb ...
Unpacking libprocps7:amd64 (2:3.3.15-2) ...
Selecting previously unselected package lsb-base.
Preparing to unpack .../03-lsb-base_10.2018112800_all.deb ...
Unpacking lsb-base (10.2018112800) ...
Selecting previously unselected package procps.
Preparing to unpack .../04-procps_2%3a3.3.15-2_amd64.deb ...
Unpacking procps (2:3.3.15-2) ...
Selecting previously unselected package sensible-utils.
Preparing to unpack .../05-sensible-utils_0.0.12_all.deb ...
Unpacking sensible-utils (0.0.12) ...
Selecting previously unselected package libmagic-mgc.
Preparing to unpack .../06-libmagic-mgc_1%3a5.34-2_amd64.deb ...
Unpacking libmagic-mgc (1:5.34-2) ...
Selecting previously unselected package libmagic1:amd64.
Preparing to unpack .../07-libmagic1_1%3a5.34-2_amd64.deb ...
Unpacking libmagic1:amd64 (1:5.34-2) ...
Selecting previously unselected package file.
Preparing to unpack .../08-file_1%3a5.34-2_amd64.deb ...
Unpacking file (1:5.34-2) ...
Selecting previously unselected package gettext-base.
Preparing to unpack .../09-gettext-base_0.19.8.1-9_amd64.deb ...
Unpacking gettext-base (0.19.8.1-9) ...
Selecting previously unselected package libsigsegv2:amd64.
Preparing to unpack .../10-libsigsegv2_2.12-2_amd64.deb ...
Unpacking libsigsegv2:amd64 (2.12-2) ...
Selecting previously unselected package m4.
Preparing to unpack .../11-m4_1.4.18-2_amd64.deb ...
Unpacking m4 (1.4.18-2) ...
Selecting previously unselected package autoconf.
Preparing to unpack .../12-autoconf_2.69-11_all.deb ...
Unpacking autoconf (2.69-11) ...
Selecting previously unselected package autotools-dev.
Preparing to unpack .../13-autotools-dev_20180224.1_all.deb ...
Unpacking autotools-dev (20180224.1) ...
Selecting previously unselected package automake.
Preparing to unpack .../14-automake_1%3a1.16.1-4_all.deb ...
Unpacking automake (1:1.16.1-4) ...
Selecting previously unselected package autopoint.
Preparing to unpack .../15-autopoint_0.19.8.1-9_all.deb ...
Unpacking autopoint (0.19.8.1-9) ...
Selecting previously unselected package cmake-data.
Preparing to unpack .../16-cmake-data_3.13.2-1_all.deb ...
Unpacking cmake-data (3.13.2-1) ...
Selecting previously unselected package libicu63:amd64.
Preparing to unpack .../17-libicu63_63.1-5_amd64.deb ...
Unpacking libicu63:amd64 (63.1-5) ...
Selecting previously unselected package libxml2:amd64.
Preparing to unpack .../18-libxml2_2.9.4+dfsg1-7+b3_amd64.deb ...
Unpacking libxml2:amd64 (2.9.4+dfsg1-7+b3) ...
Selecting previously unselected package libarchive13:amd64.
Preparing to unpack .../19-libarchive13_3.3.3-3_amd64.deb ...
Unpacking libarchive13:amd64 (3.3.3-3) ...
Selecting previously unselected package libkeyutils1:amd64.
Preparing to unpack .../20-libkeyutils1_1.5.9-9.3_amd64.deb ...
Unpacking libkeyutils1:amd64 (1.5.9-9.3) ...
Selecting previously unselected package libkrb5support0:amd64.
Preparing to unpack .../21-libkrb5support0_1.16.2-1_amd64.deb ...
Unpacking libkrb5support0:amd64 (1.16.2-1) ...
Selecting previously unselected package libk5crypto3:amd64.
Preparing to unpack .../22-libk5crypto3_1.16.2-1_amd64.deb ...
Unpacking libk5crypto3:amd64 (1.16.2-1) ...
Selecting previously unselected package libkrb5-3:amd64.
Preparing to unpack .../23-libkrb5-3_1.16.2-1_amd64.deb ...
Unpacking libkrb5-3:amd64 (1.16.2-1) ...
Selecting previously unselected package libgssapi-krb5-2:amd64.
Preparing to unpack .../24-libgssapi-krb5-2_1.16.2-1_amd64.deb ...
Unpacking libgssapi-krb5-2:amd64 (1.16.2-1) ...
Selecting previously unselected package libsasl2-modules-db:amd64.
Preparing to unpack .../25-libsasl2-modules-db_2.1.27~rc8-1_amd64.deb ...
Unpacking libsasl2-modules-db:amd64 (2.1.27~rc8-1) ...
Selecting previously unselected package libsasl2-2:amd64.
Preparing to unpack .../26-libsasl2-2_2.1.27~rc8-1_amd64.deb ...
Unpacking libsasl2-2:amd64 (2.1.27~rc8-1) ...
Selecting previously unselected package libldap-common.
Preparing to unpack .../27-libldap-common_2.4.47+dfsg-1_all.deb ...
Unpacking libldap-common (2.4.47+dfsg-1) ...
Selecting previously unselected package libldap-2.4-2:amd64.
Preparing to unpack .../28-libldap-2.4-2_2.4.47+dfsg-1_amd64.deb ...
Unpacking libldap-2.4-2:amd64 (2.4.47+dfsg-1) ...
Selecting previously unselected package libnghttp2-14:amd64.
Preparing to unpack .../29-libnghttp2-14_1.35.1-1+b1_amd64.deb ...
Unpacking libnghttp2-14:amd64 (1.35.1-1+b1) ...
Selecting previously unselected package libpsl5:amd64.
Preparing to unpack .../30-libpsl5_0.20.2-2_amd64.deb ...
Unpacking libpsl5:amd64 (0.20.2-2) ...
Selecting previously unselected package librtmp1:amd64.
Preparing to unpack .../31-librtmp1_2.4+20151223.gitfa8646d.1-2_amd64.deb ...
Unpacking librtmp1:amd64 (2.4+20151223.gitfa8646d.1-2) ...
Selecting previously unselected package libssh2-1:amd64.
Preparing to unpack .../32-libssh2-1_1.8.0-2_amd64.deb ...
Unpacking libssh2-1:amd64 (1.8.0-2) ...
Selecting previously unselected package libcurl4:amd64.
Preparing to unpack .../33-libcurl4_7.62.0-1_amd64.deb ...
Unpacking libcurl4:amd64 (7.62.0-1) ...
Selecting previously unselected package libjsoncpp1:amd64.
Preparing to unpack .../34-libjsoncpp1_1.7.4-3_amd64.deb ...
Unpacking libjsoncpp1:amd64 (1.7.4-3) ...
Selecting previously unselected package librhash0:amd64.
Preparing to unpack .../35-librhash0_1.3.7-1_amd64.deb ...
Unpacking librhash0:amd64 (1.3.7-1) ...
Selecting previously unselected package libuv1:amd64.
Preparing to unpack .../36-libuv1_1.24.0-1_amd64.deb ...
Unpacking libuv1:amd64 (1.24.0-1) ...
Selecting previously unselected package cmake.
Preparing to unpack .../37-cmake_3.13.2-1_amd64.deb ...
Unpacking cmake (3.13.2-1) ...
Selecting previously unselected package libtool.
Preparing to unpack .../38-libtool_2.4.6-6_all.deb ...
Unpacking libtool (2.4.6-6) ...
Selecting previously unselected package dh-autoreconf.
Preparing to unpack .../39-dh-autoreconf_19_all.deb ...
Unpacking dh-autoreconf (19) ...
Selecting previously unselected package libarchive-zip-perl.
Preparing to unpack .../40-libarchive-zip-perl_1.64-1_all.deb ...
Unpacking libarchive-zip-perl (1.64-1) ...
Selecting previously unselected package libfile-stripnondeterminism-perl.
Preparing to unpack .../41-libfile-stripnondeterminism-perl_1.0.0-1_all.deb ...
Unpacking libfile-stripnondeterminism-perl (1.0.0-1) ...
Selecting previously unselected package dh-strip-nondeterminism.
Preparing to unpack .../42-dh-strip-nondeterminism_1.0.0-1_all.deb ...
Unpacking dh-strip-nondeterminism (1.0.0-1) ...
Selecting previously unselected package libelf1:amd64.
Preparing to unpack .../43-libelf1_0.175-2_amd64.deb ...
Unpacking libelf1:amd64 (0.175-2) ...
Selecting previously unselected package dwz.
Preparing to unpack .../44-dwz_0.12-3_amd64.deb ...
Unpacking dwz (0.12-3) ...
Selecting previously unselected package libglib2.0-0:amd64.
Preparing to unpack .../45-libglib2.0-0_2.58.2-3_amd64.deb ...
Unpacking libglib2.0-0:amd64 (2.58.2-3) ...
Selecting previously unselected package libcroco3:amd64.
Preparing to unpack .../46-libcroco3_0.6.12-3_amd64.deb ...
Unpacking libcroco3:amd64 (0.6.12-3) ...
Selecting previously unselected package gettext.
Preparing to unpack .../47-gettext_0.19.8.1-9_amd64.deb ...
Unpacking gettext (0.19.8.1-9) ...
Selecting previously unselected package intltool-debian.
Preparing to unpack .../48-intltool-debian_0.35.0+20060710.4_all.deb ...
Unpacking intltool-debian (0.35.0+20060710.4) ...
Selecting previously unselected package po-debconf.
Preparing to unpack .../49-po-debconf_1.0.21_all.deb ...
Unpacking po-debconf (1.0.21) ...
Selecting previously unselected package debhelper.
Preparing to unpack .../50-debhelper_12_all.deb ...
Unpacking debhelper (12) ...
Selecting previously unselected package python3-lib2to3.
Preparing to unpack .../51-python3-lib2to3_3.7.2-2_all.deb ...
Unpacking python3-lib2to3 (3.7.2-2) ...
Selecting previously unselected package python3-distutils.
Preparing to unpack .../52-python3-distutils_3.7.2-2_all.deb ...
Unpacking python3-distutils (3.7.2-2) ...
Selecting previously unselected package dh-python.
Preparing to unpack .../53-dh-python_3.20180927_all.deb ...
Unpacking dh-python (3.20180927) ...
Selecting previously unselected package libboost1.62-dev:amd64.
Preparing to unpack .../54-libboost1.62-dev_1.62.0+dfsg-10+b1_amd64.deb ...
Unpacking libboost1.62-dev:amd64 (1.62.0+dfsg-10+b1) ...
Selecting previously unselected package libboost-program-options1.62.0:amd64.
Preparing to unpack .../55-libboost-program-options1.62.0_1.62.0+dfsg-10+b1_amd64.deb ...
Unpacking libboost-program-options1.62.0:amd64 (1.62.0+dfsg-10+b1) ...
Selecting previously unselected package libboost-program-options1.62-dev:amd64.
Preparing to unpack .../56-libboost-program-options1.62-dev_1.62.0+dfsg-10+b1_amd64.deb ...
Unpacking libboost-program-options1.62-dev:amd64 (1.62.0+dfsg-10+b1) ...
Selecting previously unselected package libexpat1-dev:amd64.
Preparing to unpack .../57-libexpat1-dev_2.2.6-1_amd64.deb ...
Unpacking libexpat1-dev:amd64 (2.2.6-1) ...
Selecting previously unselected package libpng16-16:amd64.
Preparing to unpack .../58-libpng16-16_1.6.36-2_amd64.deb ...
Unpacking libpng16-16:amd64 (1.6.36-2) ...
Selecting previously unselected package libm4ri-0.0.20140914:amd64.
Preparing to unpack .../59-libm4ri-0.0.20140914_20140914-2+b1_amd64.deb ...
Unpacking libm4ri-0.0.20140914:amd64 (20140914-2+b1) ...
Selecting previously unselected package libm4ri-dev.
Preparing to unpack .../60-libm4ri-dev_20140914-2+b1_amd64.deb ...
Unpacking libm4ri-dev (20140914-2+b1) ...
Selecting previously unselected package libpython3.7:amd64.
Preparing to unpack .../61-libpython3.7_3.7.2-1_amd64.deb ...
Unpacking libpython3.7:amd64 (3.7.2-1) ...
Selecting previously unselected package libpython3.7-dev:amd64.
Preparing to unpack .../62-libpython3.7-dev_3.7.2-1_amd64.deb ...
Unpacking libpython3.7-dev:amd64 (3.7.2-1) ...
Selecting previously unselected package libpython3-dev:amd64.
Preparing to unpack .../63-libpython3-dev_3.7.1-3_amd64.deb ...
Unpacking libpython3-dev:amd64 (3.7.1-3) ...
Selecting previously unselected package python3.7-dev.
Preparing to unpack .../64-python3.7-dev_3.7.2-1_amd64.deb ...
Unpacking python3.7-dev (3.7.2-1) ...
Selecting previously unselected package python3-dev.
Preparing to unpack .../65-python3-dev_3.7.1-3_amd64.deb ...
Unpacking python3-dev (3.7.1-3) ...
Selecting previously unselected package zlib1g-dev:amd64.
Preparing to unpack .../66-zlib1g-dev_1%3a1.2.11.dfsg-1_amd64.deb ...
Unpacking zlib1g-dev:amd64 (1:1.2.11.dfsg-1) ...
Selecting previously unselected package sbuild-build-depends-cryptominisat-dummy.
Preparing to unpack .../67-sbuild-build-depends-cryptominisat-dummy_0.invalid.0_amd64.deb ...
Unpacking sbuild-build-depends-cryptominisat-dummy (0.invalid.0) ...
Setting up readline-common (7.0-5) ...
Setting up libarchive-zip-perl (1.64-1) ...
Setting up libnghttp2-14:amd64 (1.35.1-1+b1) ...
Setting up libprocps7:amd64 (2:3.3.15-2) ...
Setting up mime-support (3.61) ...
Setting up libicu63:amd64 (63.1-5) ...
Setting up libboost1.62-dev:amd64 (1.62.0+dfsg-10+b1) ...
Setting up libpng16-16:amd64 (1.6.36-2) ...
Setting up libsigsegv2:amd64 (2.12-2) ...
Setting up libldap-common (2.4.47+dfsg-1) ...
Setting up libboost-program-options1.62.0:amd64 (1.62.0+dfsg-10+b1) ...
Setting up libuv1:amd64 (1.24.0-1) ...
Setting up libreadline7:amd64 (7.0-5) ...
Setting up libpsl5:amd64 (0.20.2-2) ...
Setting up libelf1:amd64 (0.175-2) ...
Setting up libglib2.0-0:amd64 (2.58.2-3) ...
No schema files found: doing nothing.
Setting up libboost-program-options1.62-dev:amd64 (1.62.0+dfsg-10+b1) ...
Setting up libm4ri-0.0.20140914:amd64 (20140914-2+b1) ...
Setting up gettext-base (0.19.8.1-9) ...
Setting up cmake-data (3.13.2-1) ...
Setting up libpipeline1:amd64 (1.5.0-2) ...
Setting up librtmp1:amd64 (2.4+20151223.gitfa8646d.1-2) ...
Setting up m4 (1.4.18-2) ...
Setting up libxml2:amd64 (2.9.4+dfsg1-7+b3) ...
Setting up libuchardet0:amd64 (0.0.6-3) ...
Setting up libmagic-mgc (1:5.34-2) ...
Setting up libmagic1:amd64 (1:5.34-2) ...
Setting up lsb-base (10.2018112800) ...
Setting up librhash0:amd64 (1.3.7-1) ...
Setting up libcroco3:amd64 (0.6.12-3) ...
Setting up sensible-utils (0.0.12) ...
Setting up libssh2-1:amd64 (1.8.0-2) ...
Processing triggers for libc-bin (2.28-4) ...
Setting up dwz (0.12-3) ...
Setting up autotools-dev (20180224.1) ...
Setting up libsqlite3-0:amd64 (3.26.0+fossilbc891ac6b-1) ...
Setting up libexpat1-dev:amd64 (2.2.6-1) ...
Setting up libkeyutils1:amd64 (1.5.9-9.3) ...
Setting up bsdmainutils (11.1.2+b1) ...
update-alternatives: using /usr/bin/bsd-write to provide /usr/bin/write (write) in auto mode
update-alternatives: using /usr/bin/bsd-from to provide /usr/bin/from (from) in auto mode
Setting up libncurses6:amd64 (6.1+20181013-1) ...
Setting up autopoint (0.19.8.1-9) ...
Setting up libmpdec2:amd64 (2.4.2-2) ...
Setting up zlib1g-dev:amd64 (1:1.2.11.dfsg-1) ...
Setting up libfile-stripnondeterminism-perl (1.0.0-1) ...
Setting up libjsoncpp1:amd64 (1.7.4-3) ...
Setting up libpython3.7-stdlib:amd64 (3.7.2-1) ...
Setting up gettext (0.19.8.1-9) ...
Setting up libarchive13:amd64 (3.3.3-3) ...
Setting up groff-base (1.22.4-2) ...
Setting up libm4ri-dev (20140914-2+b1) ...
Setting up python3.7 (3.7.2-1) ...
Setting up autoconf (2.69-11) ...
Setting up file (1:5.34-2) ...
Setting up libkrb5support0:amd64 (1.16.2-1) ...
Setting up procps (2:3.3.15-2) ...
update-alternatives: using /usr/bin/w.procps to provide /usr/bin/w (w) in auto mode
Setting up intltool-debian (0.35.0+20060710.4) ...
Setting up libpython3.7:amd64 (3.7.2-1) ...
Setting up automake (1:1.16.1-4) ...
update-alternatives: using /usr/bin/automake-1.16 to provide /usr/bin/automake (automake) in auto mode
Setting up libpython3.7-dev:amd64 (3.7.2-1) ...
Setting up man-db (2.8.5-1) ...
Not building database; man-db/auto-update is not 'true'.
Setting up libpython3-dev:amd64 (3.7.1-3) ...
Setting up libtool (2.4.6-6) ...
Setting up libpython3-stdlib:amd64 (3.7.1-3) ...
Setting up libk5crypto3:amd64 (1.16.2-1) ...
Setting up po-debconf (1.0.21) ...
Setting up python3 (3.7.1-3) ...
Setting up python3.7-dev (3.7.2-1) ...
Setting up libkrb5-3:amd64 (1.16.2-1) ...
Setting up python3-lib2to3 (3.7.2-2) ...
Setting up python3-distutils (3.7.2-2) ...
Setting up libgssapi-krb5-2:amd64 (1.16.2-1) ...
Setting up dh-python (3.20180927) ...
Setting up libsasl2-modules-db:amd64 (2.1.27~rc8-1) ...
Setting up libsasl2-2:amd64 (2.1.27~rc8-1) ...
Setting up python3-dev (3.7.1-3) ...
Setting up libldap-2.4-2:amd64 (2.4.47+dfsg-1) ...
Setting up libcurl4:amd64 (7.62.0-1) ...
Setting up cmake (3.13.2-1) ...
Setting up debhelper (12) ...
Setting up dh-autoreconf (19) ...
Setting up dh-strip-nondeterminism (1.0.0-1) ...
Setting up sbuild-build-depends-cryptominisat-dummy (0.invalid.0) ...
Processing triggers for libc-bin (2.28-4) ...

+------------------------------------------------------------------------------+
| Build environment                                                            |
+------------------------------------------------------------------------------+

Kernel: Linux 4.9.0-8-amd64 amd64 (x86_64)
Toolchain package versions: binutils_2.31.1-11 dpkg-dev_1.19.2 g++-8_8.2.0-14 gcc-8_8.2.0-14 libc6-dev_2.28-4 libstdc++-8-dev_8.2.0-14 libstdc++6_8.2.0-14 linux-libc-dev_4.19.13-1
Package versions: adduser_3.118 apt_1.8.0~alpha3 autoconf_2.69-11 automake_1:1.16.1-4 autopoint_0.19.8.1-9 autotools-dev_20180224.1 base-files_10.1 base-passwd_3.5.45 bash_4.4.18-3.1 binutils_2.31.1-11 binutils-common_2.31.1-11 binutils-x86-64-linux-gnu_2.31.1-11 bsdmainutils_11.1.2+b1 bsdutils_1:2.33-0.2 build-essential_12.5 bzip2_1.0.6-9 clang-7_1:7.0.1-4 cmake_3.13.2-1 cmake-data_3.13.2-1 coreutils_8.30-1 cpp_4:8.2.0-2 cpp-8_8.2.0-14 dash_0.5.10.2-4 debconf_1.5.69 debhelper_12 debian-archive-keyring_2018.1 debianutils_4.8.6 dh-autoreconf_19 dh-python_3.20180927 dh-strip-nondeterminism_1.0.0-1 diffutils_1:3.6-1 dpkg_1.19.2 dpkg-dev_1.19.2 dwz_0.12-3 e2fsprogs_1.44.5-1 fakeroot_1.23-1 fdisk_2.33-0.2 file_1:5.34-2 findutils_4.6.0+git+20181018-1 g++_4:8.2.0-2 g++-8_8.2.0-14 gcc_4:8.2.0-2 gcc-8_8.2.0-14 gcc-8-base_8.2.0-14 gettext_0.19.8.1-9 gettext-base_0.19.8.1-9 gpgv_2.2.12-1 grep_3.3-1 groff-base_1.22.4-2 gzip_1.9-3 hostname_3.21 init-system-helpers_1.56+nmu1 intltool-debian_0.35.0+20060710.4 lib32gcc1_1:8.2.0-14 lib32stdc++6_8.2.0-14 libacl1_2.2.52-3+b1 libapt-pkg5.0_1.8.0~alpha3 libarchive-zip-perl_1.64-1 libarchive13_3.3.3-3 libasan5_8.2.0-14 libatomic1_8.2.0-14 libattr1_1:2.4.47-2+b2 libaudit-common_1:2.8.4-2 libaudit1_1:2.8.4-2 libbinutils_2.31.1-11 libblkid1_2.33-0.2 libboost-program-options1.62-dev_1.62.0+dfsg-10+b1 libboost-program-options1.62.0_1.62.0+dfsg-10+b1 libboost1.62-dev_1.62.0+dfsg-10+b1 libbsd0_0.9.1-1 libbz2-1.0_1.0.6-9 libc-bin_2.28-4 libc-dev-bin_2.28-4 libc6_2.28-4 libc6-dev_2.28-4 libc6-i386_2.28-4 libcap-ng0_0.7.9-1+b1 libcc1-0_8.2.0-14 libclang-common-7-dev_1:7.0.1-4 libclang1-7_1:7.0.1-4 libcom-err2_1.44.5-1 libcroco3_0.6.12-3 libcurl4_7.62.0-1 libdb5.3_5.3.28+dfsg1-0.2 libdebconfclient0_0.246 libdpkg-perl_1.19.2 libedit2_3.1-20181209-1 libelf1_0.175-2 libexpat1_2.2.6-1 libexpat1-dev_2.2.6-1 libext2fs2_1.44.5-1 libfakeroot_1.23-1 libfdisk1_2.33-0.2 libffi6_3.2.1-9 libfile-stripnondeterminism-perl_1.0.0-1 libgc1c2_1:7.6.4-0.4 libgcc-8-dev_8.2.0-14 libgcc1_1:8.2.0-14 libgcrypt20_1.8.4-4 libgdbm-compat4_1.18.1-2 libgdbm6_1.18.1-2 libglib2.0-0_2.58.2-3 libgmp10_2:6.1.2+dfsg-4 libgnutls30_3.6.5-2 libgomp1_8.2.0-14 libgpg-error0_1.33-3 libgssapi-krb5-2_1.16.2-1 libhogweed4_3.4.1~rc1-1 libicu63_63.1-5 libidn2-0_2.0.5-1 libisl19_0.20-2 libitm1_8.2.0-14 libjsoncpp1_1.7.4-3 libk5crypto3_1.16.2-1 libkeyutils1_1.5.9-9.3 libkrb5-3_1.16.2-1 libkrb5support0_1.16.2-1 libldap-2.4-2_2.4.47+dfsg-1 libldap-common_2.4.47+dfsg-1 libllvm7_1:7.0.1-4 liblsan0_8.2.0-14 liblz4-1_1.8.3-1 liblzma5_5.2.2-1.3 libm4ri-0.0.20140914_20140914-2+b1 libm4ri-dev_20140914-2+b1 libmagic-mgc_1:5.34-2 libmagic1_1:5.34-2 libmount1_2.33-0.2 libmpc3_1.1.0-1 libmpdec2_2.4.2-2 libmpfr6_4.0.2~rc1-1 libmpx2_8.2.0-14 libncurses6_6.1+20181013-1 libncursesw6_6.1+20181013-1 libnettle6_3.4.1~rc1-1 libnghttp2-14_1.35.1-1+b1 libobjc-8-dev_8.2.0-14 libobjc4_8.2.0-14 libomp-7-dev_1:7.0.1-4 libomp5-7_1:7.0.1-4 libp11-kit0_0.23.14-2 libpam-modules_1.1.8-4 libpam-modules-bin_1.1.8-4 libpam-runtime_1.1.8-4 libpam0g_1.1.8-4 libpcre3_2:8.39-11 libperl5.28_5.28.1-3 libpipeline1_1.5.0-2 libpng16-16_1.6.36-2 libprocps7_2:3.3.15-2 libpsl5_0.20.2-2 libpython3-dev_3.7.1-3 libpython3-stdlib_3.7.1-3 libpython3.7_3.7.2-1 libpython3.7-dev_3.7.2-1 libpython3.7-minimal_3.7.2-1 libpython3.7-stdlib_3.7.2-1 libquadmath0_8.2.0-14 libreadline7_7.0-5 librhash0_1.3.7-1 librtmp1_2.4+20151223.gitfa8646d.1-2 libsasl2-2_2.1.27~rc8-1 libsasl2-modules-db_2.1.27~rc8-1 libseccomp2_2.3.3-3 libselinux1_2.8-1+b1 libsemanage-common_2.8-2 libsemanage1_2.8-2 libsepol1_2.8-1 libsigsegv2_2.12-2 libsmartcols1_2.33-0.2 libsqlite3-0_3.26.0+fossilbc891ac6b-1 libss2_1.44.5-1 libssh2-1_1.8.0-2 libssl1.1_1.1.1a-1 libstdc++-8-dev_8.2.0-14 libstdc++6_8.2.0-14 libsystemd0_240-2 libtasn1-6_4.13-3 libtinfo6_6.1+20181013-1 libtool_2.4.6-6 libtsan0_8.2.0-14 libubsan1_8.2.0-14 libuchardet0_0.0.6-3 libudev1_240-2 libunistring2_0.9.10-1 libuuid1_2.33-0.2 libuv1_1.24.0-1 libxml2_2.9.4+dfsg1-7+b3 libzstd1_1.3.8+dfsg-3 linux-libc-dev_4.19.13-1 login_1:4.5-1.1 lsb-base_10.2018112800 m4_1.4.18-2 make_4.2.1-1.2 man-db_2.8.5-1 mawk_1.3.3-17+b3 mime-support_3.61 mount_2.33-0.2 ncurses-base_6.1+20181013-1 ncurses-bin_6.1+20181013-1 passwd_1:4.5-1.1 patch_2.7.6-3 perl_5.28.1-3 perl-base_5.28.1-3 perl-modules-5.28_5.28.1-3 po-debconf_1.0.21 procps_2:3.3.15-2 python3_3.7.1-3 python3-dev_3.7.1-3 python3-distutils_3.7.2-2 python3-lib2to3_3.7.2-2 python3-minimal_3.7.1-3 python3.7_3.7.2-1 python3.7-dev_3.7.2-1 python3.7-minimal_3.7.2-1 readline-common_7.0-5 sbuild-build-depends-core-dummy_0.invalid.0 sbuild-build-depends-cryptominisat-dummy_0.invalid.0 sed_4.7-1 sensible-utils_0.0.12 sysvinit-utils_2.93-3 tar_1.30+dfsg-4 tzdata_2018i-1 util-linux_2.33-0.2 xz-utils_5.2.2-1.3 zlib1g_1:1.2.11.dfsg-1 zlib1g-dev_1:1.2.11.dfsg-1

+------------------------------------------------------------------------------+
| Build                                                                        |
+------------------------------------------------------------------------------+


Unpack source
-------------

gpgv: unknown type of key resource 'trustedkeys.kbx'
gpgv: keyblock resource '/sbuild-nonexistent/.gnupg/trustedkeys.kbx': General error
gpgv: Signature made Wed Aug 29 03:29:11 2018 UTC
gpgv:                using EDDSA key 5E6229CD43D1A967D4D8711AEB1FC8DA45FB2930
gpgv: Can't check signature: No public key
dpkg-source: warning: failed to verify signature on ./cryptominisat_5.6.4+dfsg.1-1.dsc
dpkg-source: info: extracting cryptominisat in /<<BUILDDIR>>/cryptominisat-5.6.4+dfsg.1
dpkg-source: info: unpacking cryptominisat_5.6.4+dfsg.1.orig.tar.gz
dpkg-source: info: unpacking cryptominisat_5.6.4+dfsg.1-1.debian.tar.xz

Check disk space
----------------

Sufficient free space for build

User Environment
----------------

APT_CONFIG=/var/lib/sbuild/apt.conf
HOME=/sbuild-nonexistent
LANG=en_US.UTF-8
LC_ALL=POSIX
LOGNAME=user42
PATH=/usr/local/sbin:/usr/local/bin:/usr/sbin:/usr/bin:/sbin:/bin:/usr/games
SCHROOT_ALIAS_NAME=unstable
SCHROOT_CHROOT_NAME=sid-amd64-sbuild
SCHROOT_COMMAND=env
SCHROOT_GID=1001
SCHROOT_GROUP=user42
SCHROOT_SESSION_ID=sid-amd64-sbuild-54a3356f-5565-40f6-8afa-3ce7edcc3fcb
SCHROOT_UID=1001
SCHROOT_USER=user42
SHELL=/bin/sh
USER=user42

dpkg-buildpackage
-----------------

dpkg-buildpackage: info: source package cryptominisat
dpkg-buildpackage: info: source version 5.6.4+dfsg.1-1
dpkg-buildpackage: info: source distribution unstable
dpkg-buildpackage: info: source changed by Julian Rth <julian.rueth@fsfe.org>
 dpkg-source --before-build .
dpkg-buildpackage: info: host architecture amd64
 fakeroot debian/rules clean
dh clean --with python3
   dh_clean
 debian/rules build-arch
dh build-arch --with python3
   dh_update_autotools_config -a
   dh_autoreconf -a
   debian/rules override_dh_auto_configure
make[1]: Entering directory '/<<BUILDDIR>>/cryptominisat-5.6.4+dfsg.1'
dh_auto_configure -- \
-DCMAKE_SYSTEM_NAME=Linux -DCMAKE_LIBRARY_ARCHITECTURE=x86_64-linux-gnu
	cd obj-x86_64-linux-gnu && cmake -DCMAKE_INSTALL_PREFIX=/usr -DCMAKE_BUILD_TYPE=None -DCMAKE_INSTALL_SYSCONFDIR=/etc -DCMAKE_INSTALL_LOCALSTATEDIR=/var -DCMAKE_EXPORT_NO_PACKAGE_REGISTRY=ON -DCMAKE_FIND_PACKAGE_NO_PACKAGE_REGISTRY=ON "-GUnix Makefiles" -DCMAKE_VERBOSE_MAKEFILE=ON -DCMAKE_INSTALL_LIBDIR=lib/x86_64-linux-gnu -DCMAKE_SYSTEM_NAME=Linux -DCMAKE_LIBRARY_ARCHITECTURE=x86_64-linux-gnu ..
-- LIB directory is 'lib/x86_64-linux-gnu'
-- BIN directory is 'bin'
-- Doing a None build
-- The C compiler identification is Clang 7.0.1
-- The CXX compiler identification is Clang 7.0.1
-- Check for working C compiler: /usr/bin/cc
-- Check for working C compiler: /usr/bin/cc -- works
-- Detecting C compiler ABI info
-- Detecting C compiler ABI info - done
-- Detecting C compile features
-- Detecting C compile features - done
-- Check for working CXX compiler: /usr/bin/c++
-- Check for working CXX compiler: /usr/bin/c++ -- works
-- Detecting CXX compiler ABI info
-- Detecting CXX compiler ABI info - done
-- Detecting CXX compile features
-- Detecting CXX compile features - done
-- Looking for pthread.h
-- Looking for pthread.h - found
-- Looking for pthread_create
-- Looking for pthread_create - not found
-- Check if compiler accepts -pthread
-- Check if compiler accepts -pthread - yes
-- Found Threads: TRUE  
-- build type is None
-- Performing Test HAVE_FLAG_-mtune=native
-- Performing Test HAVE_FLAG_-mtune=native - Success
-- Performing Test HAVE_FLAG_-Wall
-- Performing Test HAVE_FLAG_-Wall - Success
-- Performing Test HAVE_FLAG_-Wextra
-- Performing Test HAVE_FLAG_-Wextra - Success
-- Performing Test HAVE_FLAG_-Wunused
-- Performing Test HAVE_FLAG_-Wunused - Success
-- Performing Test HAVE_FLAG_-Wsign-compare
-- Performing Test HAVE_FLAG_-Wsign-compare - Success
-- Performing Test HAVE_FLAG_-fno-omit-frame-pointer
-- Performing Test HAVE_FLAG_-fno-omit-frame-pointer - Success
-- Performing Test HAVE_FLAG_-Wtype-limits
-- Performing Test HAVE_FLAG_-Wtype-limits - Success
-- Performing Test HAVE_FLAG_-Wuninitialized
-- Performing Test HAVE_FLAG_-Wuninitialized - Success
-- Performing Test HAVE_FLAG_-Wno-deprecated
-- Performing Test HAVE_FLAG_-Wno-deprecated - Success
-- Performing Test HAVE_FLAG_-Wstrict-aliasing
-- Performing Test HAVE_FLAG_-Wstrict-aliasing - Success
-- Performing Test HAVE_FLAG_-Wpointer-arith
-- Performing Test HAVE_FLAG_-Wpointer-arith - Success
-- Performing Test HAVE_FLAG_-Wheader-guard
-- Performing Test HAVE_FLAG_-Wheader-guard - Success
-- Performing Test HAVE_FLAG_-Wformat-nonliteral
-- Performing Test HAVE_FLAG_-Wformat-nonliteral - Success
-- Performing Test HAVE_FLAG_-Winit-self
-- Performing Test HAVE_FLAG_-Winit-self - Success
-- Performing Test HAVE_FLAG_-Wparentheses
-- Performing Test HAVE_FLAG_-Wparentheses - Success
-- Performing Test HAVE_FLAG_-Wunreachable-code
-- Performing Test HAVE_FLAG_-Wunreachable-code - Success
-- Performing Test HAVE_FLAG_-ggdb3
-- Performing Test HAVE_FLAG_-ggdb3 - Success
-- Compiling for dynamic library use
-- PROJECT_VERSION: 5.6.4
-- PROJECT_VERSION_MAJOR: 5
-- PROJECT_VERSION_MINOR: 6
-- PROJECT_VERSION_PATCH: 4
-- Boost version: 1.62.0
-- Found the following Boost libraries:
--   program_options
-- Not compiling detailed statistics. The system is faster without them
-- Cannot find help2man, not creating manpage
-- Found ZLIB: /usr/lib/x86_64-linux-gnu/libz.so (found version "1.2.11") 
-- OK, Found ZLIB!
-- Valgrind Prefix: 
-- Could NOT find VALGRIND (missing: VALGRIND_INCLUDE_DIR VALGRIND_PROGRAM) 
-- Cannot find valgrind or it's disabled, we will not be able to mark memory pool objects as undefined
-- Could NOT find PkgConfig (missing: PKG_CONFIG_EXECUTABLE) 
-- Found m4ri: /usr/lib/x86_64-linux-gnu/libm4ri.so  
-- OK, Found M4RI lib at /usr/lib/x86_64-linux-gnu/libm4ri.so and includes at /usr/include
-- All defines at startup:  -DBOOST_TEST_DYN_LINK -DUSE_ZLIB -DUSE_M4RI
-- Found PythonInterp: /usr/bin/python3 (found suitable version "3.7.2", minimum required is "3") 
-- Found PythonLibs: /usr/lib/x86_64-linux-gnu/libpython3.7m.so (found suitable version "3.7.2", minimum required is "3") 
-- Python 3 -- PYTHON_EXECUTABLE=/usr/bin/python3
-- Python 3 -- PYTHON_LIBRARIES=/usr/lib/x86_64-linux-gnu/libpython3.7m.so
-- Python 3 -- PYTHON_INCLUDE_DIRS=/usr/include/python3.7m
-- Python 3 -- PYTHONLIBS_VERSION_STRING=3.7.2
-- Performing Test HAVE_FLAG_-Wno-bitfield-constant-conversion
-- Performing Test HAVE_FLAG_-Wno-bitfield-constant-conversion - Success
-- Performing Test HAVE_FLAG_-Wlogical-op
-- Performing Test HAVE_FLAG_-Wlogical-op - Failed
-- Performing Test HAVE_FLAG_-Wrestrict
-- Performing Test HAVE_FLAG_-Wrestrict - Failed
-- Performing Test HAVE_FLAG_-Wnull-dereference
-- Performing Test HAVE_FLAG_-Wnull-dereference - Success
-- Performing Test HAVE_FLAG_-Wjump-misses-init
-- Performing Test HAVE_FLAG_-Wjump-misses-init - Failed
-- Performing Test HAVE_FLAG_-Wdouble-promotion
-- Performing Test HAVE_FLAG_-Wdouble-promotion - Success
-- Performing Test HAVE_FLAG_-Wshadow
-- Performing Test HAVE_FLAG_-Wshadow - Success
-- Performing Test HAVE_FLAG_-Wformat=2
-- Performing Test HAVE_FLAG_-Wformat=2 - Success
-- Performing Test HAVE_FLAG_-Wextra-semi
-- Performing Test HAVE_FLAG_-Wextra-semi - Success
-- Performing Test HAVE_FLAG_-pedantic
-- Performing Test HAVE_FLAG_-pedantic - Success
-- Performing Test HAVE_FLAG_-Wno-class-memaccess
-- Performing Test HAVE_FLAG_-Wno-class-memaccess - Failed
-- Performing Test COMPILER_HAS_HIDDEN_VISIBILITY
-- Performing Test COMPILER_HAS_HIDDEN_VISIBILITY - Success
-- Performing Test COMPILER_HAS_HIDDEN_INLINE_VISIBILITY
-- Performing Test COMPILER_HAS_HIDDEN_INLINE_VISIBILITY - Success
-- Performing Test COMPILER_HAS_DEPRECATED_ATTR
-- Performing Test COMPILER_HAS_DEPRECATED_ATTR - Success
CMake Warning at CMakeLists.txt:640 (message):
  Testing is disabled


-- Found python interpreter, libs and header files
-- Building python interface
-- Python CFLAGS:  '-Wno-unused-result -Wsign-compare -DNDEBUG -g -fwrapv -O2 -Wall -g   -fstack-protector-strong -Wformat -Werror=format-security  -g -flto -fuse-linker-plugin -ffat-lto-objects'
-- Python LDFLAGS: '-lpthread -ldl  -lutil'
-- Python module will be installed to : '/usr'
-- Configuring done
-- Generating done
CMake Warning:
  Manually-specified variables were not used by the project:

    CMAKE_EXPORT_NO_PACKAGE_REGISTRY


-- Build files have been written to: /<<BUILDDIR>>/cryptominisat-5.6.4+dfsg.1/obj-x86_64-linux-gnu
make[1]: Leaving directory '/<<BUILDDIR>>/cryptominisat-5.6.4+dfsg.1'
   dh_auto_build -a
	cd obj-x86_64-linux-gnu && make -j4
make[1]: Entering directory '/<<BUILDDIR>>/cryptominisat-5.6.4+dfsg.1/obj-x86_64-linux-gnu'
/usr/bin/cmake -S/<<BUILDDIR>>/cryptominisat-5.6.4+dfsg.1 -B/<<BUILDDIR>>/cryptominisat-5.6.4+dfsg.1/obj-x86_64-linux-gnu --check-build-system CMakeFiles/Makefile.cmake 0
/usr/bin/cmake -E cmake_progress_start /<<BUILDDIR>>/cryptominisat-5.6.4+dfsg.1/obj-x86_64-linux-gnu/CMakeFiles /<<BUILDDIR>>/cryptominisat-5.6.4+dfsg.1/obj-x86_64-linux-gnu/CMakeFiles/progress.marks
make -f CMakeFiles/Makefile2 all
make[2]: Entering directory '/<<BUILDDIR>>/cryptominisat-5.6.4+dfsg.1/obj-x86_64-linux-gnu'
make -f cmsat5-src/CMakeFiles/CopyPublicHeaders.dir/build.make cmsat5-src/CMakeFiles/CopyPublicHeaders.dir/depend
make -f cmsat5-src/CMakeFiles/libcryptominisat5.dir/build.make cmsat5-src/CMakeFiles/libcryptominisat5.dir/depend
make[3]: Entering directory '/<<BUILDDIR>>/cryptominisat-5.6.4+dfsg.1/obj-x86_64-linux-gnu'
cd /<<BUILDDIR>>/cryptominisat-5.6.4+dfsg.1/obj-x86_64-linux-gnu && /usr/bin/cmake -E cmake_depends "Unix Makefiles" /<<BUILDDIR>>/cryptominisat-5.6.4+dfsg.1 /<<BUILDDIR>>/cryptominisat-5.6.4+dfsg.1/src /<<BUILDDIR>>/cryptominisat-5.6.4+dfsg.1/obj-x86_64-linux-gnu /<<BUILDDIR>>/cryptominisat-5.6.4+dfsg.1/obj-x86_64-linux-gnu/cmsat5-src /<<BUILDDIR>>/cryptominisat-5.6.4+dfsg.1/obj-x86_64-linux-gnu/cmsat5-src/CMakeFiles/CopyPublicHeaders.dir/DependInfo.cmake --color=
make[3]: Entering directory '/<<BUILDDIR>>/cryptominisat-5.6.4+dfsg.1/obj-x86_64-linux-gnu'
cd /<<BUILDDIR>>/cryptominisat-5.6.4+dfsg.1/obj-x86_64-linux-gnu && /usr/bin/cmake -E cmake_depends "Unix Makefiles" /<<BUILDDIR>>/cryptominisat-5.6.4+dfsg.1 /<<BUILDDIR>>/cryptominisat-5.6.4+dfsg.1/src /<<BUILDDIR>>/cryptominisat-5.6.4+dfsg.1/obj-x86_64-linux-gnu /<<BUILDDIR>>/cryptominisat-5.6.4+dfsg.1/obj-x86_64-linux-gnu/cmsat5-src /<<BUILDDIR>>/cryptominisat-5.6.4+dfsg.1/obj-x86_64-linux-gnu/cmsat5-src/CMakeFiles/libcryptominisat5.dir/DependInfo.cmake --color=
Scanning dependencies of target CopyPublicHeaders
make[3]: Leaving directory '/<<BUILDDIR>>/cryptominisat-5.6.4+dfsg.1/obj-x86_64-linux-gnu'
make -f cmsat5-src/CMakeFiles/CopyPublicHeaders.dir/build.make cmsat5-src/CMakeFiles/CopyPublicHeaders.dir/build
make[3]: Entering directory '/<<BUILDDIR>>/cryptominisat-5.6.4+dfsg.1/obj-x86_64-linux-gnu'
cd /<<BUILDDIR>>/cryptominisat-5.6.4+dfsg.1/obj-x86_64-linux-gnu/cmsat5-src && /usr/bin/cmake -E make_directory /<<BUILDDIR>>/cryptominisat-5.6.4+dfsg.1/obj-x86_64-linux-gnu/include/cryptominisat5
cd /<<BUILDDIR>>/cryptominisat-5.6.4+dfsg.1/obj-x86_64-linux-gnu/cmsat5-src && /usr/bin/cmake -E echo Copying\ cryptominisat_c.h\ to\ /<<BUILDDIR>>/cryptominisat-5.6.4+dfsg.1/obj-x86_64-linux-gnu/include/cryptominisat5
Copying cryptominisat_c.h to /<<BUILDDIR>>/cryptominisat-5.6.4+dfsg.1/obj-x86_64-linux-gnu/include/cryptominisat5
cd /<<BUILDDIR>>/cryptominisat-5.6.4+dfsg.1/obj-x86_64-linux-gnu/cmsat5-src && /usr/bin/cmake -E copy_if_different /<<BUILDDIR>>/cryptominisat-5.6.4+dfsg.1/obj-x86_64-linux-gnu/cmsat5-src/cryptominisat5/cryptominisat_c.h /<<BUILDDIR>>/cryptominisat-5.6.4+dfsg.1/obj-x86_64-linux-gnu/include/cryptominisat5
Scanning dependencies of target libcryptominisat5
make[3]: Leaving directory '/<<BUILDDIR>>/cryptominisat-5.6.4+dfsg.1/obj-x86_64-linux-gnu'
make -f cmsat5-src/CMakeFiles/libcryptominisat5.dir/build.make cmsat5-src/CMakeFiles/libcryptominisat5.dir/build
cd /<<BUILDDIR>>/cryptominisat-5.6.4+dfsg.1/obj-x86_64-linux-gnu/cmsat5-src && /usr/bin/cmake -E make_directory /<<BUILDDIR>>/cryptominisat-5.6.4+dfsg.1/obj-x86_64-linux-gnu/include/cryptominisat5
make[3]: Entering directory '/<<BUILDDIR>>/cryptominisat-5.6.4+dfsg.1/obj-x86_64-linux-gnu'
cd /<<BUILDDIR>>/cryptominisat-5.6.4+dfsg.1/obj-x86_64-linux-gnu/cmsat5-src && /usr/bin/cmake -E echo Copying\ cryptominisat.h\ to\ /<<BUILDDIR>>/cryptominisat-5.6.4+dfsg.1/obj-x86_64-linux-gnu/include/cryptominisat5
[  4%] Building CXX object cmsat5-src/CMakeFiles/libcryptominisat5.dir/varreplacer.cpp.o
[  4%] Building CXX object cmsat5-src/CMakeFiles/libcryptominisat5.dir/propengine.cpp.o
[  6%] Building CXX object cmsat5-src/CMakeFiles/libcryptominisat5.dir/cnf.cpp.o
cd /<<BUILDDIR>>/cryptominisat-5.6.4+dfsg.1/obj-x86_64-linux-gnu/cmsat5-src && /usr/bin/c++  -DBOOST_TEST_DYN_LINK -DUSE_M4RI -DUSE_ZLIB -Dlibcryptominisat5_EXPORTS -I/<<BUILDDIR>>/cryptominisat-5.6.4+dfsg.1 -I/<<BUILDDIR>>/cryptominisat-5.6.4+dfsg.1/obj-x86_64-linux-gnu/cmsat5-src  -g -O2 -fdebug-prefix-map=/<<BUILDDIR>>/cryptominisat-5.6.4+dfsg.1=. -fstack-protector-strong -Wformat -Werror=format-security -Wdate-time -D_FORTIFY_SOURCE=2 -mtune=native -Wall -Wextra -Wunused -Wsign-compare -fno-omit-frame-pointer -Wtype-limits -Wuninitialized -Wno-deprecated -Wstrict-aliasing -Wpointer-arith -Wheader-guard -Wpointer-arith -Wformat-nonliteral -Winit-self -Wparentheses -Wunreachable-code -ggdb3 -Wno-bitfield-constant-conversion -Wnull-dereference -Wdouble-promotion -Wshadow -Wformat=2 -Wextra-semi -pedantic -fPIC   -g -pthread -fPIC -std=gnu++11 -o CMakeFiles/libcryptominisat5.dir/propengine.cpp.o -c /<<BUILDDIR>>/cryptominisat-5.6.4+dfsg.1/src/propengine.cpp
cd /<<BUILDDIR>>/cryptominisat-5.6.4+dfsg.1/obj-x86_64-linux-gnu/cmsat5-src && /usr/bin/c++  -DBOOST_TEST_DYN_LINK -DUSE_M4RI -DUSE_ZLIB -Dlibcryptominisat5_EXPORTS -I/<<BUILDDIR>>/cryptominisat-5.6.4+dfsg.1 -I/<<BUILDDIR>>/cryptominisat-5.6.4+dfsg.1/obj-x86_64-linux-gnu/cmsat5-src  -g -O2 -fdebug-prefix-map=/<<BUILDDIR>>/cryptominisat-5.6.4+dfsg.1=. -fstack-protector-strong -Wformat -Werror=format-security -Wdate-time -D_FORTIFY_SOURCE=2 -mtune=native -Wall -Wextra -Wunused -Wsign-compare -fno-omit-frame-pointer -Wtype-limits -Wuninitialized -Wno-deprecated -Wstrict-aliasing -Wpointer-arith -Wheader-guard -Wpointer-arith -Wformat-nonliteral -Winit-self -Wparentheses -Wunreachable-code -ggdb3 -Wno-bitfield-constant-conversion -Wnull-dereference -Wdouble-promotion -Wshadow -Wformat=2 -Wextra-semi -pedantic -fPIC   -g -pthread -fPIC -std=gnu++11 -o CMakeFiles/libcryptominisat5.dir/varreplacer.cpp.o -c /<<BUILDDIR>>/cryptominisat-5.6.4+dfsg.1/src/varreplacer.cpp
cd /<<BUILDDIR>>/cryptominisat-5.6.4+dfsg.1/obj-x86_64-linux-gnu/cmsat5-src && /usr/bin/c++  -DBOOST_TEST_DYN_LINK -DUSE_M4RI -DUSE_ZLIB -Dlibcryptominisat5_EXPORTS -I/<<BUILDDIR>>/cryptominisat-5.6.4+dfsg.1 -I/<<BUILDDIR>>/cryptominisat-5.6.4+dfsg.1/obj-x86_64-linux-gnu/cmsat5-src  -g -O2 -fdebug-prefix-map=/<<BUILDDIR>>/cryptominisat-5.6.4+dfsg.1=. -fstack-protector-strong -Wformat -Werror=format-security -Wdate-time -D_FORTIFY_SOURCE=2 -mtune=native -Wall -Wextra -Wunused -Wsign-compare -fno-omit-frame-pointer -Wtype-limits -Wuninitialized -Wno-deprecated -Wstrict-aliasing -Wpointer-arith -Wheader-guard -Wpointer-arith -Wformat-nonliteral -Winit-self -Wparentheses -Wunreachable-code -ggdb3 -Wno-bitfield-constant-conversion -Wnull-dereference -Wdouble-promotion -Wshadow -Wformat=2 -Wextra-semi -pedantic -fPIC   -g -pthread -fPIC -std=gnu++11 -o CMakeFiles/libcryptominisat5.dir/cnf.cpp.o -c /<<BUILDDIR>>/cryptominisat-5.6.4+dfsg.1/src/cnf.cpp
Copying cryptominisat.h to /<<BUILDDIR>>/cryptominisat-5.6.4+dfsg.1/obj-x86_64-linux-gnu/include/cryptominisat5
cd /<<BUILDDIR>>/cryptominisat-5.6.4+dfsg.1/obj-x86_64-linux-gnu/cmsat5-src && /usr/bin/cmake -E copy_if_different /<<BUILDDIR>>/cryptominisat-5.6.4+dfsg.1/obj-x86_64-linux-gnu/cmsat5-src/cryptominisat5/cryptominisat.h /<<BUILDDIR>>/cryptominisat-5.6.4+dfsg.1/obj-x86_64-linux-gnu/include/cryptominisat5
cd /<<BUILDDIR>>/cryptominisat-5.6.4+dfsg.1/obj-x86_64-linux-gnu/cmsat5-src && /usr/bin/cmake -E make_directory /<<BUILDDIR>>/cryptominisat-5.6.4+dfsg.1/obj-x86_64-linux-gnu/include/cryptominisat5
cd /<<BUILDDIR>>/cryptominisat-5.6.4+dfsg.1/obj-x86_64-linux-gnu/cmsat5-src && /usr/bin/cmake -E echo Copying\ solvertypesmini.h\ to\ /<<BUILDDIR>>/cryptominisat-5.6.4+dfsg.1/obj-x86_64-linux-gnu/include/cryptominisat5
Copying solvertypesmini.h to /<<BUILDDIR>>/cryptominisat-5.6.4+dfsg.1/obj-x86_64-linux-gnu/include/cryptominisat5
cd /<<BUILDDIR>>/cryptominisat-5.6.4+dfsg.1/obj-x86_64-linux-gnu/cmsat5-src && /usr/bin/cmake -E copy_if_different /<<BUILDDIR>>/cryptominisat-5.6.4+dfsg.1/obj-x86_64-linux-gnu/cmsat5-src/cryptominisat5/solvertypesmini.h /<<BUILDDIR>>/cryptominisat-5.6.4+dfsg.1/obj-x86_64-linux-gnu/include/cryptominisat5
cd /<<BUILDDIR>>/cryptominisat-5.6.4+dfsg.1/obj-x86_64-linux-gnu/cmsat5-src && /usr/bin/cmake -E make_directory /<<BUILDDIR>>/cryptominisat-5.6.4+dfsg.1/obj-x86_64-linux-gnu/include/cryptominisat5
cd /<<BUILDDIR>>/cryptominisat-5.6.4+dfsg.1/obj-x86_64-linux-gnu/cmsat5-src && /usr/bin/cmake -E echo Copying\ dimacsparser.h\ to\ /<<BUILDDIR>>/cryptominisat-5.6.4+dfsg.1/obj-x86_64-linux-gnu/include/cryptominisat5
Copying dimacsparser.h to /<<BUILDDIR>>/cryptominisat-5.6.4+dfsg.1/obj-x86_64-linux-gnu/include/cryptominisat5
cd /<<BUILDDIR>>/cryptominisat-5.6.4+dfsg.1/obj-x86_64-linux-gnu/cmsat5-src && /usr/bin/cmake -E copy_if_different /<<BUILDDIR>>/cryptominisat-5.6.4+dfsg.1/src/dimacsparser.h /<<BUILDDIR>>/cryptominisat-5.6.4+dfsg.1/obj-x86_64-linux-gnu/include/cryptominisat5
cd /<<BUILDDIR>>/cryptominisat-5.6.4+dfsg.1/obj-x86_64-linux-gnu/cmsat5-src && /usr/bin/cmake -E make_directory /<<BUILDDIR>>/cryptominisat-5.6.4+dfsg.1/obj-x86_64-linux-gnu/include/cryptominisat5
cd /<<BUILDDIR>>/cryptominisat-5.6.4+dfsg.1/obj-x86_64-linux-gnu/cmsat5-src && /usr/bin/cmake -E echo Copying\ streambuffer.h\ to\ /<<BUILDDIR>>/cryptominisat-5.6.4+dfsg.1/obj-x86_64-linux-gnu/include/cryptominisat5
Copying streambuffer.h to /<<BUILDDIR>>/cryptominisat-5.6.4+dfsg.1/obj-x86_64-linux-gnu/include/cryptominisat5
cd /<<BUILDDIR>>/cryptominisat-5.6.4+dfsg.1/obj-x86_64-linux-gnu/cmsat5-src && /usr/bin/cmake -E copy_if_different /<<BUILDDIR>>/cryptominisat-5.6.4+dfsg.1/src/streambuffer.h /<<BUILDDIR>>/cryptominisat-5.6.4+dfsg.1/obj-x86_64-linux-gnu/include/cryptominisat5
make[3]: Leaving directory '/<<BUILDDIR>>/cryptominisat-5.6.4+dfsg.1/obj-x86_64-linux-gnu'
[  6%] Built target CopyPublicHeaders
[  8%] Building CXX object cmsat5-src/CMakeFiles/libcryptominisat5.dir/clausecleaner.cpp.o
cd /<<BUILDDIR>>/cryptominisat-5.6.4+dfsg.1/obj-x86_64-linux-gnu/cmsat5-src && /usr/bin/c++  -DBOOST_TEST_DYN_LINK -DUSE_M4RI -DUSE_ZLIB -Dlibcryptominisat5_EXPORTS -I/<<BUILDDIR>>/cryptominisat-5.6.4+dfsg.1 -I/<<BUILDDIR>>/cryptominisat-5.6.4+dfsg.1/obj-x86_64-linux-gnu/cmsat5-src  -g -O2 -fdebug-prefix-map=/<<BUILDDIR>>/cryptominisat-5.6.4+dfsg.1=. -fstack-protector-strong -Wformat -Werror=format-security -Wdate-time -D_FORTIFY_SOURCE=2 -mtune=native -Wall -Wextra -Wunused -Wsign-compare -fno-omit-frame-pointer -Wtype-limits -Wuninitialized -Wno-deprecated -Wstrict-aliasing -Wpointer-arith -Wheader-guard -Wpointer-arith -Wformat-nonliteral -Winit-self -Wparentheses -Wunreachable-code -ggdb3 -Wno-bitfield-constant-conversion -Wnull-dereference -Wdouble-promotion -Wshadow -Wformat=2 -Wextra-semi -pedantic -fPIC   -g -pthread -fPIC -std=gnu++11 -o CMakeFiles/libcryptominisat5.dir/clausecleaner.cpp.o -c /<<BUILDDIR>>/cryptominisat-5.6.4+dfsg.1/src/clausecleaner.cpp
/<<BUILDDIR>>/cryptominisat-5.6.4+dfsg.1/src/varreplacer.cpp:1188:52: warning: declaration shadows a field of 'CMSat::VarReplacer' [-Wshadow]
void VarReplacer::Stats::print_short(const Solver* solver) const
                                                   ^
/<<BUILDDIR>>/cryptominisat-5.6.4+dfsg.1/src/varreplacer.h:112:17: note: previous declaration is here
        Solver* solver;
                ^
/<<BUILDDIR>>/cryptominisat-5.6.4+dfsg.1/src/clausecleaner.cpp:240:63: warning: declaration shadows a field of 'CMSat::ClauseCleaner' [-Wshadow]
void ClauseCleaner::ImplicitData::update_solver_stats(Solver* solver)
                                                              ^
/<<BUILDDIR>>/cryptominisat-5.6.4+dfsg.1/src/clausecleaner.h:85:17: note: previous declaration is here
        Solver* solver;
                ^
1 warning generated.
[ 10%] Building CXX object cmsat5-src/CMakeFiles/libcryptominisat5.dir/clauseusagestats.cpp.o
cd /<<BUILDDIR>>/cryptominisat-5.6.4+dfsg.1/obj-x86_64-linux-gnu/cmsat5-src && /usr/bin/c++  -DBOOST_TEST_DYN_LINK -DUSE_M4RI -DUSE_ZLIB -Dlibcryptominisat5_EXPORTS -I/<<BUILDDIR>>/cryptominisat-5.6.4+dfsg.1 -I/<<BUILDDIR>>/cryptominisat-5.6.4+dfsg.1/obj-x86_64-linux-gnu/cmsat5-src  -g -O2 -fdebug-prefix-map=/<<BUILDDIR>>/cryptominisat-5.6.4+dfsg.1=. -fstack-protector-strong -Wformat -Werror=format-security -Wdate-time -D_FORTIFY_SOURCE=2 -mtune=native -Wall -Wextra -Wunused -Wsign-compare -fno-omit-frame-pointer -Wtype-limits -Wuninitialized -Wno-deprecated -Wstrict-aliasing -Wpointer-arith -Wheader-guard -Wpointer-arith -Wformat-nonliteral -Winit-self -Wparentheses -Wunreachable-code -ggdb3 -Wno-bitfield-constant-conversion -Wnull-dereference -Wdouble-promotion -Wshadow -Wformat=2 -Wextra-semi -pedantic -fPIC   -g -pthread -fPIC -std=gnu++11 -o CMakeFiles/libcryptominisat5.dir/clauseusagestats.cpp.o -c /<<BUILDDIR>>/cryptominisat-5.6.4+dfsg.1/src/clauseusagestats.cpp
[ 12%] Building CXX object cmsat5-src/CMakeFiles/libcryptominisat5.dir/prober.cpp.o
cd /<<BUILDDIR>>/cryptominisat-5.6.4+dfsg.1/obj-x86_64-linux-gnu/cmsat5-src && /usr/bin/c++  -DBOOST_TEST_DYN_LINK -DUSE_M4RI -DUSE_ZLIB -Dlibcryptominisat5_EXPORTS -I/<<BUILDDIR>>/cryptominisat-5.6.4+dfsg.1 -I/<<BUILDDIR>>/cryptominisat-5.6.4+dfsg.1/obj-x86_64-linux-gnu/cmsat5-src  -g -O2 -fdebug-prefix-map=/<<BUILDDIR>>/cryptominisat-5.6.4+dfsg.1=. -fstack-protector-strong -Wformat -Werror=format-security -Wdate-time -D_FORTIFY_SOURCE=2 -mtune=native -Wall -Wextra -Wunused -Wsign-compare -fno-omit-frame-pointer -Wtype-limits -Wuninitialized -Wno-deprecated -Wstrict-aliasing -Wpointer-arith -Wheader-guard -Wpointer-arith -Wformat-nonliteral -Winit-self -Wparentheses -Wunreachable-code -ggdb3 -Wno-bitfield-constant-conversion -Wnull-dereference -Wdouble-promotion -Wshadow -Wformat=2 -Wextra-semi -pedantic -fPIC   -g -pthread -fPIC -std=gnu++11 -o CMakeFiles/libcryptominisat5.dir/prober.cpp.o -c /<<BUILDDIR>>/cryptominisat-5.6.4+dfsg.1/src/prober.cpp
[ 14%] Building CXX object cmsat5-src/CMakeFiles/libcryptominisat5.dir/occsimplifier.cpp.o
cd /<<BUILDDIR>>/cryptominisat-5.6.4+dfsg.1/obj-x86_64-linux-gnu/cmsat5-src && /usr/bin/c++  -DBOOST_TEST_DYN_LINK -DUSE_M4RI -DUSE_ZLIB -Dlibcryptominisat5_EXPORTS -I/<<BUILDDIR>>/cryptominisat-5.6.4+dfsg.1 -I/<<BUILDDIR>>/cryptominisat-5.6.4+dfsg.1/obj-x86_64-linux-gnu/cmsat5-src  -g -O2 -fdebug-prefix-map=/<<BUILDDIR>>/cryptominisat-5.6.4+dfsg.1=. -fstack-protector-strong -Wformat -Werror=format-security -Wdate-time -D_FORTIFY_SOURCE=2 -mtune=native -Wall -Wextra -Wunused -Wsign-compare -fno-omit-frame-pointer -Wtype-limits -Wuninitialized -Wno-deprecated -Wstrict-aliasing -Wpointer-arith -Wheader-guard -Wpointer-arith -Wformat-nonliteral -Winit-self -Wparentheses -Wunreachable-code -ggdb3 -Wno-bitfield-constant-conversion -Wnull-dereference -Wdouble-promotion -Wshadow -Wformat=2 -Wextra-semi -pedantic -fPIC   -g -pthread -fPIC -std=gnu++11 -o CMakeFiles/libcryptominisat5.dir/occsimplifier.cpp.o -c /<<BUILDDIR>>/cryptominisat-5.6.4+dfsg.1/src/occsimplifier.cpp
/<<BUILDDIR>>/cryptominisat-5.6.4+dfsg.1/src/prober.cpp:917:47: warning: declaration shadows a field of 'CMSat::Prober' [-Wshadow]
void Prober::Stats::print_short(const Solver* solver, const bool time_out, const double time_remain) const
                                              ^
/<<BUILDDIR>>/cryptominisat-5.6.4+dfsg.1/src/prober.h:218:17: note: previous declaration is here
        Solver* solver; ///<The solver we are updating&working with
                ^
1 warning generated.
[ 17%] Building CXX object cmsat5-src/CMakeFiles/libcryptominisat5.dir/subsumestrengthen.cpp.o
cd /<<BUILDDIR>>/cryptominisat-5.6.4+dfsg.1/obj-x86_64-linux-gnu/cmsat5-src && /usr/bin/c++  -DBOOST_TEST_DYN_LINK -DUSE_M4RI -DUSE_ZLIB -Dlibcryptominisat5_EXPORTS -I/<<BUILDDIR>>/cryptominisat-5.6.4+dfsg.1 -I/<<BUILDDIR>>/cryptominisat-5.6.4+dfsg.1/obj-x86_64-linux-gnu/cmsat5-src  -g -O2 -fdebug-prefix-map=/<<BUILDDIR>>/cryptominisat-5.6.4+dfsg.1=. -fstack-protector-strong -Wformat -Werror=format-security -Wdate-time -D_FORTIFY_SOURCE=2 -mtune=native -Wall -Wextra -Wunused -Wsign-compare -fno-omit-frame-pointer -Wtype-limits -Wuninitialized -Wno-deprecated -Wstrict-aliasing -Wpointer-arith -Wheader-guard -Wpointer-arith -Wformat-nonliteral -Winit-self -Wparentheses -Wunreachable-code -ggdb3 -Wno-bitfield-constant-conversion -Wnull-dereference -Wdouble-promotion -Wshadow -Wformat=2 -Wextra-semi -pedantic -fPIC   -g -pthread -fPIC -std=gnu++11 -o CMakeFiles/libcryptominisat5.dir/subsumestrengthen.cpp.o -c /<<BUILDDIR>>/cryptominisat-5.6.4+dfsg.1/src/subsumestrengthen.cpp
[ 19%] Building CXX object cmsat5-src/CMakeFiles/libcryptominisat5.dir/clauseallocator.cpp.o
cd /<<BUILDDIR>>/cryptominisat-5.6.4+dfsg.1/obj-x86_64-linux-gnu/cmsat5-src && /usr/bin/c++  -DBOOST_TEST_DYN_LINK -DUSE_M4RI -DUSE_ZLIB -Dlibcryptominisat5_EXPORTS -I/<<BUILDDIR>>/cryptominisat-5.6.4+dfsg.1 -I/<<BUILDDIR>>/cryptominisat-5.6.4+dfsg.1/obj-x86_64-linux-gnu/cmsat5-src  -g -O2 -fdebug-prefix-map=/<<BUILDDIR>>/cryptominisat-5.6.4+dfsg.1=. -fstack-protector-strong -Wformat -Werror=format-security -Wdate-time -D_FORTIFY_SOURCE=2 -mtune=native -Wall -Wextra -Wunused -Wsign-compare -fno-omit-frame-pointer -Wtype-limits -Wuninitialized -Wno-deprecated -Wstrict-aliasing -Wpointer-arith -Wheader-guard -Wpointer-arith -Wformat-nonliteral -Winit-self -Wparentheses -Wunreachable-code -ggdb3 -Wno-bitfield-constant-conversion -Wnull-dereference -Wdouble-promotion -Wshadow -Wformat=2 -Wextra-semi -pedantic -fPIC   -g -pthread -fPIC -std=gnu++11 -o CMakeFiles/libcryptominisat5.dir/clauseallocator.cpp.o -c /<<BUILDDIR>>/cryptominisat-5.6.4+dfsg.1/src/clauseallocator.cpp
/<<BUILDDIR>>/cryptominisat-5.6.4+dfsg.1/src/subsumestrengthen.cpp:821:58: warning: declaration shadows a field of 'CMSat::SubsumeStrengthen' [-Wshadow]
void SubsumeStrengthen::Stats::print_short(const Solver* solver) const
                                                         ^
/<<BUILDDIR>>/cryptominisat-5.6.4+dfsg.1/src/subsumestrengthen.h:113:13: note: previous declaration is here
    Solver* solver;
            ^
1 warning generated.
[ 21%] Building CXX object cmsat5-src/CMakeFiles/libcryptominisat5.dir/sccfinder.cpp.o
cd /<<BUILDDIR>>/cryptominisat-5.6.4+dfsg.1/obj-x86_64-linux-gnu/cmsat5-src && /usr/bin/c++  -DBOOST_TEST_DYN_LINK -DUSE_M4RI -DUSE_ZLIB -Dlibcryptominisat5_EXPORTS -I/<<BUILDDIR>>/cryptominisat-5.6.4+dfsg.1 -I/<<BUILDDIR>>/cryptominisat-5.6.4+dfsg.1/obj-x86_64-linux-gnu/cmsat5-src  -g -O2 -fdebug-prefix-map=/<<BUILDDIR>>/cryptominisat-5.6.4+dfsg.1=. -fstack-protector-strong -Wformat -Werror=format-security -Wdate-time -D_FORTIFY_SOURCE=2 -mtune=native -Wall -Wextra -Wunused -Wsign-compare -fno-omit-frame-pointer -Wtype-limits -Wuninitialized -Wno-deprecated -Wstrict-aliasing -Wpointer-arith -Wheader-guard -Wpointer-arith -Wformat-nonliteral -Winit-self -Wparentheses -Wunreachable-code -ggdb3 -Wno-bitfield-constant-conversion -Wnull-dereference -Wdouble-promotion -Wshadow -Wformat=2 -Wextra-semi -pedantic -fPIC   -g -pthread -fPIC -std=gnu++11 -o CMakeFiles/libcryptominisat5.dir/sccfinder.cpp.o -c /<<BUILDDIR>>/cryptominisat-5.6.4+dfsg.1/src/sccfinder.cpp
[ 23%] Building CXX object cmsat5-src/CMakeFiles/libcryptominisat5.dir/solverconf.cpp.o
cd /<<BUILDDIR>>/cryptominisat-5.6.4+dfsg.1/obj-x86_64-linux-gnu/cmsat5-src && /usr/bin/c++  -DBOOST_TEST_DYN_LINK -DUSE_M4RI -DUSE_ZLIB -Dlibcryptominisat5_EXPORTS -I/<<BUILDDIR>>/cryptominisat-5.6.4+dfsg.1 -I/<<BUILDDIR>>/cryptominisat-5.6.4+dfsg.1/obj-x86_64-linux-gnu/cmsat5-src  -g -O2 -fdebug-prefix-map=/<<BUILDDIR>>/cryptominisat-5.6.4+dfsg.1=. -fstack-protector-strong -Wformat -Werror=format-security -Wdate-time -D_FORTIFY_SOURCE=2 -mtune=native -Wall -Wextra -Wunused -Wsign-compare -fno-omit-frame-pointer -Wtype-limits -Wuninitialized -Wno-deprecated -Wstrict-aliasing -Wpointer-arith -Wheader-guard -Wpointer-arith -Wformat-nonliteral -Winit-self -Wparentheses -Wunreachable-code -ggdb3 -Wno-bitfield-constant-conversion -Wnull-dereference -Wdouble-promotion -Wshadow -Wformat=2 -Wextra-semi -pedantic -fPIC   -g -pthread -fPIC -std=gnu++11 -o CMakeFiles/libcryptominisat5.dir/solverconf.cpp.o -c /<<BUILDDIR>>/cryptominisat-5.6.4+dfsg.1/src/solverconf.cpp
[ 25%] Building CXX object cmsat5-src/CMakeFiles/libcryptominisat5.dir/distillerlong.cpp.o
cd /<<BUILDDIR>>/cryptominisat-5.6.4+dfsg.1/obj-x86_64-linux-gnu/cmsat5-src && /usr/bin/c++  -DBOOST_TEST_DYN_LINK -DUSE_M4RI -DUSE_ZLIB -Dlibcryptominisat5_EXPORTS -I/<<BUILDDIR>>/cryptominisat-5.6.4+dfsg.1 -I/<<BUILDDIR>>/cryptominisat-5.6.4+dfsg.1/obj-x86_64-linux-gnu/cmsat5-src  -g -O2 -fdebug-prefix-map=/<<BUILDDIR>>/cryptominisat-5.6.4+dfsg.1=. -fstack-protector-strong -Wformat -Werror=format-security -Wdate-time -D_FORTIFY_SOURCE=2 -mtune=native -Wall -Wextra -Wunused -Wsign-compare -fno-omit-frame-pointer -Wtype-limits -Wuninitialized -Wno-deprecated -Wstrict-aliasing -Wpointer-arith -Wheader-guard -Wpointer-arith -Wformat-nonliteral -Winit-self -Wparentheses -Wunreachable-code -ggdb3 -Wno-bitfield-constant-conversion -Wnull-dereference -Wdouble-promotion -Wshadow -Wformat=2 -Wextra-semi -pedantic -fPIC   -g -pthread -fPIC -std=gnu++11 -o CMakeFiles/libcryptominisat5.dir/distillerlong.cpp.o -c /<<BUILDDIR>>/cryptominisat-5.6.4+dfsg.1/src/distillerlong.cpp
/<<BUILDDIR>>/cryptominisat-5.6.4+dfsg.1/src/sccfinder.cpp:198:44: warning: declaration shadows a field of 'CMSat::SCCFinder' [-Wshadow]
void SCCFinder::Stats::print_short(Solver* solver) const
                                           ^
/<<BUILDDIR>>/cryptominisat-5.6.4+dfsg.1/src/sccfinder.h:118:17: note: previous declaration is here
        Solver* solver;
                ^
1 warning generated.
[ 27%] Building CXX object cmsat5-src/CMakeFiles/libcryptominisat5.dir/distillerlongwithimpl.cpp.o
cd /<<BUILDDIR>>/cryptominisat-5.6.4+dfsg.1/obj-x86_64-linux-gnu/cmsat5-src && /usr/bin/c++  -DBOOST_TEST_DYN_LINK -DUSE_M4RI -DUSE_ZLIB -Dlibcryptominisat5_EXPORTS -I/<<BUILDDIR>>/cryptominisat-5.6.4+dfsg.1 -I/<<BUILDDIR>>/cryptominisat-5.6.4+dfsg.1/obj-x86_64-linux-gnu/cmsat5-src  -g -O2 -fdebug-prefix-map=/<<BUILDDIR>>/cryptominisat-5.6.4+dfsg.1=. -fstack-protector-strong -Wformat -Werror=format-security -Wdate-time -D_FORTIFY_SOURCE=2 -mtune=native -Wall -Wextra -Wunused -Wsign-compare -fno-omit-frame-pointer -Wtype-limits -Wuninitialized -Wno-deprecated -Wstrict-aliasing -Wpointer-arith -Wheader-guard -Wpointer-arith -Wformat-nonliteral -Winit-self -Wparentheses -Wunreachable-code -ggdb3 -Wno-bitfield-constant-conversion -Wnull-dereference -Wdouble-promotion -Wshadow -Wformat=2 -Wextra-semi -pedantic -fPIC   -g -pthread -fPIC -std=gnu++11 -o CMakeFiles/libcryptominisat5.dir/distillerlongwithimpl.cpp.o -c /<<BUILDDIR>>/cryptominisat-5.6.4+dfsg.1/src/distillerlongwithimpl.cpp
1 warning generated.
[ 29%] Building CXX object cmsat5-src/CMakeFiles/libcryptominisat5.dir/str_impl_w_impl_stamp.cpp.o
cd /<<BUILDDIR>>/cryptominisat-5.6.4+dfsg.1/obj-x86_64-linux-gnu/cmsat5-src && /usr/bin/c++  -DBOOST_TEST_DYN_LINK -DUSE_M4RI -DUSE_ZLIB -Dlibcryptominisat5_EXPORTS -I/<<BUILDDIR>>/cryptominisat-5.6.4+dfsg.1 -I/<<BUILDDIR>>/cryptominisat-5.6.4+dfsg.1/obj-x86_64-linux-gnu/cmsat5-src  -g -O2 -fdebug-prefix-map=/<<BUILDDIR>>/cryptominisat-5.6.4+dfsg.1=. -fstack-protector-strong -Wformat -Werror=format-security -Wdate-time -D_FORTIFY_SOURCE=2 -mtune=native -Wall -Wextra -Wunused -Wsign-compare -fno-omit-frame-pointer -Wtype-limits -Wuninitialized -Wno-deprecated -Wstrict-aliasing -Wpointer-arith -Wheader-guard -Wpointer-arith -Wformat-nonliteral -Winit-self -Wparentheses -Wunreachable-code -ggdb3 -Wno-bitfield-constant-conversion -Wnull-dereference -Wdouble-promotion -Wshadow -Wformat=2 -Wextra-semi -pedantic -fPIC   -g -pthread -fPIC -std=gnu++11 -o CMakeFiles/libcryptominisat5.dir/str_impl_w_impl_stamp.cpp.o -c /<<BUILDDIR>>/cryptominisat-5.6.4+dfsg.1/src/str_impl_w_impl_stamp.cpp
[ 31%] Building CXX object cmsat5-src/CMakeFiles/libcryptominisat5.dir/solutionextender.cpp.o
cd /<<BUILDDIR>>/cryptominisat-5.6.4+dfsg.1/obj-x86_64-linux-gnu/cmsat5-src && /usr/bin/c++  -DBOOST_TEST_DYN_LINK -DUSE_M4RI -DUSE_ZLIB -Dlibcryptominisat5_EXPORTS -I/<<BUILDDIR>>/cryptominisat-5.6.4+dfsg.1 -I/<<BUILDDIR>>/cryptominisat-5.6.4+dfsg.1/obj-x86_64-linux-gnu/cmsat5-src  -g -O2 -fdebug-prefix-map=/<<BUILDDIR>>/cryptominisat-5.6.4+dfsg.1=. -fstack-protector-strong -Wformat -Werror=format-security -Wdate-time -D_FORTIFY_SOURCE=2 -mtune=native -Wall -Wextra -Wunused -Wsign-compare -fno-omit-frame-pointer -Wtype-limits -Wuninitialized -Wno-deprecated -Wstrict-aliasing -Wpointer-arith -Wheader-guard -Wpointer-arith -Wformat-nonliteral -Winit-self -Wparentheses -Wunreachable-code -ggdb3 -Wno-bitfield-constant-conversion -Wnull-dereference -Wdouble-promotion -Wshadow -Wformat=2 -Wextra-semi -pedantic -fPIC   -g -pthread -fPIC -std=gnu++11 -o CMakeFiles/libcryptominisat5.dir/solutionextender.cpp.o -c /<<BUILDDIR>>/cryptominisat-5.6.4+dfsg.1/src/solutionextender.cpp
/<<BUILDDIR>>/cryptominisat-5.6.4+dfsg.1/src/str_impl_w_impl_stamp.cpp:205:21: warning: declaration shadows a field of 'CMSat::StrImplWImplStamp' [-Wshadow]
    , const int64_t timeAvailable
                    ^
/<<BUILDDIR>>/cryptominisat-5.6.4+dfsg.1/src/str_impl_w_impl_stamp.h:87:13: note: previous declaration is here
    int64_t timeAvailable;
            ^
1 warning generated.
[ 34%] Building CXX object cmsat5-src/CMakeFiles/libcryptominisat5.dir/completedetachreattacher.cpp.o
cd /<<BUILDDIR>>/cryptominisat-5.6.4+dfsg.1/obj-x86_64-linux-gnu/cmsat5-src && /usr/bin/c++  -DBOOST_TEST_DYN_LINK -DUSE_M4RI -DUSE_ZLIB -Dlibcryptominisat5_EXPORTS -I/<<BUILDDIR>>/cryptominisat-5.6.4+dfsg.1 -I/<<BUILDDIR>>/cryptominisat-5.6.4+dfsg.1/obj-x86_64-linux-gnu/cmsat5-src  -g -O2 -fdebug-prefix-map=/<<BUILDDIR>>/cryptominisat-5.6.4+dfsg.1=. -fstack-protector-strong -Wformat -Werror=format-security -Wdate-time -D_FORTIFY_SOURCE=2 -mtune=native -Wall -Wextra -Wunused -Wsign-compare -fno-omit-frame-pointer -Wtype-limits -Wuninitialized -Wno-deprecated -Wstrict-aliasing -Wpointer-arith -Wheader-guard -Wpointer-arith -Wformat-nonliteral -Winit-self -Wparentheses -Wunreachable-code -ggdb3 -Wno-bitfield-constant-conversion -Wnull-dereference -Wdouble-promotion -Wshadow -Wformat=2 -Wextra-semi -pedantic -fPIC   -g -pthread -fPIC -std=gnu++11 -o CMakeFiles/libcryptominisat5.dir/completedetachreattacher.cpp.o -c /<<BUILDDIR>>/cryptominisat-5.6.4+dfsg.1/src/completedetachreattacher.cpp
[ 36%] Building CXX object cmsat5-src/CMakeFiles/libcryptominisat5.dir/searcher.cpp.o
cd /<<BUILDDIR>>/cryptominisat-5.6.4+dfsg.1/obj-x86_64-linux-gnu/cmsat5-src && /usr/bin/c++  -DBOOST_TEST_DYN_LINK -DUSE_M4RI -DUSE_ZLIB -Dlibcryptominisat5_EXPORTS -I/<<BUILDDIR>>/cryptominisat-5.6.4+dfsg.1 -I/<<BUILDDIR>>/cryptominisat-5.6.4+dfsg.1/obj-x86_64-linux-gnu/cmsat5-src  -g -O2 -fdebug-prefix-map=/<<BUILDDIR>>/cryptominisat-5.6.4+dfsg.1=. -fstack-protector-strong -Wformat -Werror=format-security -Wdate-time -D_FORTIFY_SOURCE=2 -mtune=native -Wall -Wextra -Wunused -Wsign-compare -fno-omit-frame-pointer -Wtype-limits -Wuninitialized -Wno-deprecated -Wstrict-aliasing -Wpointer-arith -Wheader-guard -Wpointer-arith -Wformat-nonliteral -Winit-self -Wparentheses -Wunreachable-code -ggdb3 -Wno-bitfield-constant-conversion -Wnull-dereference -Wdouble-promotion -Wshadow -Wformat=2 -Wextra-semi -pedantic -fPIC   -g -pthread -fPIC -std=gnu++11 -o CMakeFiles/libcryptominisat5.dir/searcher.cpp.o -c /<<BUILDDIR>>/cryptominisat-5.6.4+dfsg.1/src/searcher.cpp
[ 38%] Building CXX object cmsat5-src/CMakeFiles/libcryptominisat5.dir/solver.cpp.o
cd /<<BUILDDIR>>/cryptominisat-5.6.4+dfsg.1/obj-x86_64-linux-gnu/cmsat5-src && /usr/bin/c++  -DBOOST_TEST_DYN_LINK -DUSE_M4RI -DUSE_ZLIB -Dlibcryptominisat5_EXPORTS -I/<<BUILDDIR>>/cryptominisat-5.6.4+dfsg.1 -I/<<BUILDDIR>>/cryptominisat-5.6.4+dfsg.1/obj-x86_64-linux-gnu/cmsat5-src  -g -O2 -fdebug-prefix-map=/<<BUILDDIR>>/cryptominisat-5.6.4+dfsg.1=. -fstack-protector-strong -Wformat -Werror=format-security -Wdate-time -D_FORTIFY_SOURCE=2 -mtune=native -Wall -Wextra -Wunused -Wsign-compare -fno-omit-frame-pointer -Wtype-limits -Wuninitialized -Wno-deprecated -Wstrict-aliasing -Wpointer-arith -Wheader-guard -Wpointer-arith -Wformat-nonliteral -Winit-self -Wparentheses -Wunreachable-code -ggdb3 -Wno-bitfield-constant-conversion -Wnull-dereference -Wdouble-promotion -Wshadow -Wformat=2 -Wextra-semi -pedantic -fPIC   -g -pthread -fPIC -std=gnu++11 -o CMakeFiles/libcryptominisat5.dir/solver.cpp.o -c /<<BUILDDIR>>/cryptominisat-5.6.4+dfsg.1/src/solver.cpp
[ 40%] Building CXX object cmsat5-src/CMakeFiles/libcryptominisat5.dir/sqlstats.cpp.o
cd /<<BUILDDIR>>/cryptominisat-5.6.4+dfsg.1/obj-x86_64-linux-gnu/cmsat5-src && /usr/bin/c++  -DBOOST_TEST_DYN_LINK -DUSE_M4RI -DUSE_ZLIB -Dlibcryptominisat5_EXPORTS -I/<<BUILDDIR>>/cryptominisat-5.6.4+dfsg.1 -I/<<BUILDDIR>>/cryptominisat-5.6.4+dfsg.1/obj-x86_64-linux-gnu/cmsat5-src  -g -O2 -fdebug-prefix-map=/<<BUILDDIR>>/cryptominisat-5.6.4+dfsg.1=. -fstack-protector-strong -Wformat -Werror=format-security -Wdate-time -D_FORTIFY_SOURCE=2 -mtune=native -Wall -Wextra -Wunused -Wsign-compare -fno-omit-frame-pointer -Wtype-limits -Wuninitialized -Wno-deprecated -Wstrict-aliasing -Wpointer-arith -Wheader-guard -Wpointer-arith -Wformat-nonliteral -Winit-self -Wparentheses -Wunreachable-code -ggdb3 -Wno-bitfield-constant-conversion -Wnull-dereference -Wdouble-promotion -Wshadow -Wformat=2 -Wextra-semi -pedantic -fPIC   -g -pthread -fPIC -std=gnu++11 -o CMakeFiles/libcryptominisat5.dir/sqlstats.cpp.o -c /<<BUILDDIR>>/cryptominisat-5.6.4+dfsg.1/src/sqlstats.cpp
/<<BUILDDIR>>/cryptominisat-5.6.4+dfsg.1/src/searcher.cpp:2179:22: warning: unused parameter 'upper_level_iteration_num' [-Wunused-parameter]
    , const unsigned upper_level_iteration_num
                     ^
[ 42%] Building CXX object cmsat5-src/CMakeFiles/libcryptominisat5.dir/implcache.cpp.o
cd /<<BUILDDIR>>/cryptominisat-5.6.4+dfsg.1/obj-x86_64-linux-gnu/cmsat5-src && /usr/bin/c++  -DBOOST_TEST_DYN_LINK -DUSE_M4RI -DUSE_ZLIB -Dlibcryptominisat5_EXPORTS -I/<<BUILDDIR>>/cryptominisat-5.6.4+dfsg.1 -I/<<BUILDDIR>>/cryptominisat-5.6.4+dfsg.1/obj-x86_64-linux-gnu/cmsat5-src  -g -O2 -fdebug-prefix-map=/<<BUILDDIR>>/cryptominisat-5.6.4+dfsg.1=. -fstack-protector-strong -Wformat -Werror=format-security -Wdate-time -D_FORTIFY_SOURCE=2 -mtune=native -Wall -Wextra -Wunused -Wsign-compare -fno-omit-frame-pointer -Wtype-limits -Wuninitialized -Wno-deprecated -Wstrict-aliasing -Wpointer-arith -Wheader-guard -Wpointer-arith -Wformat-nonliteral -Winit-self -Wparentheses -Wunreachable-code -ggdb3 -Wno-bitfield-constant-conversion -Wnull-dereference -Wdouble-promotion -Wshadow -Wformat=2 -Wextra-semi -pedantic -fPIC   -g -pthread -fPIC -std=gnu++11 -o CMakeFiles/libcryptominisat5.dir/implcache.cpp.o -c /<<BUILDDIR>>/cryptominisat-5.6.4+dfsg.1/src/implcache.cpp
[ 44%] Building CXX object cmsat5-src/CMakeFiles/libcryptominisat5.dir/stamp.cpp.o
cd /<<BUILDDIR>>/cryptominisat-5.6.4+dfsg.1/obj-x86_64-linux-gnu/cmsat5-src && /usr/bin/c++  -DBOOST_TEST_DYN_LINK -DUSE_M4RI -DUSE_ZLIB -Dlibcryptominisat5_EXPORTS -I/<<BUILDDIR>>/cryptominisat-5.6.4+dfsg.1 -I/<<BUILDDIR>>/cryptominisat-5.6.4+dfsg.1/obj-x86_64-linux-gnu/cmsat5-src  -g -O2 -fdebug-prefix-map=/<<BUILDDIR>>/cryptominisat-5.6.4+dfsg.1=. -fstack-protector-strong -Wformat -Werror=format-security -Wdate-time -D_FORTIFY_SOURCE=2 -mtune=native -Wall -Wextra -Wunused -Wsign-compare -fno-omit-frame-pointer -Wtype-limits -Wuninitialized -Wno-deprecated -Wstrict-aliasing -Wpointer-arith -Wheader-guard -Wpointer-arith -Wformat-nonliteral -Winit-self -Wparentheses -Wunreachable-code -ggdb3 -Wno-bitfield-constant-conversion -Wnull-dereference -Wdouble-promotion -Wshadow -Wformat=2 -Wextra-semi -pedantic -fPIC   -g -pthread -fPIC -std=gnu++11 -o CMakeFiles/libcryptominisat5.dir/stamp.cpp.o -c /<<BUILDDIR>>/cryptominisat-5.6.4+dfsg.1/src/stamp.cpp
[ 46%] Building CXX object cmsat5-src/CMakeFiles/libcryptominisat5.dir/compfinder.cpp.o
cd /<<BUILDDIR>>/cryptominisat-5.6.4+dfsg.1/obj-x86_64-linux-gnu/cmsat5-src && /usr/bin/c++  -DBOOST_TEST_DYN_LINK -DUSE_M4RI -DUSE_ZLIB -Dlibcryptominisat5_EXPORTS -I/<<BUILDDIR>>/cryptominisat-5.6.4+dfsg.1 -I/<<BUILDDIR>>/cryptominisat-5.6.4+dfsg.1/obj-x86_64-linux-gnu/cmsat5-src  -g -O2 -fdebug-prefix-map=/<<BUILDDIR>>/cryptominisat-5.6.4+dfsg.1=. -fstack-protector-strong -Wformat -Werror=format-security -Wdate-time -D_FORTIFY_SOURCE=2 -mtune=native -Wall -Wextra -Wunused -Wsign-compare -fno-omit-frame-pointer -Wtype-limits -Wuninitialized -Wno-deprecated -Wstrict-aliasing -Wpointer-arith -Wheader-guard -Wpointer-arith -Wformat-nonliteral -Winit-self -Wparentheses -Wunreachable-code -ggdb3 -Wno-bitfield-constant-conversion -Wnull-dereference -Wdouble-promotion -Wshadow -Wformat=2 -Wextra-semi -pedantic -fPIC   -g -pthread -fPIC -std=gnu++11 -o CMakeFiles/libcryptominisat5.dir/compfinder.cpp.o -c /<<BUILDDIR>>/cryptominisat-5.6.4+dfsg.1/src/compfinder.cpp
[ 48%] Building CXX object cmsat5-src/CMakeFiles/libcryptominisat5.dir/comphandler.cpp.o
cd /<<BUILDDIR>>/cryptominisat-5.6.4+dfsg.1/obj-x86_64-linux-gnu/cmsat5-src && /usr/bin/c++  -DBOOST_TEST_DYN_LINK -DUSE_M4RI -DUSE_ZLIB -Dlibcryptominisat5_EXPORTS -I/<<BUILDDIR>>/cryptominisat-5.6.4+dfsg.1 -I/<<BUILDDIR>>/cryptominisat-5.6.4+dfsg.1/obj-x86_64-linux-gnu/cmsat5-src  -g -O2 -fdebug-prefix-map=/<<BUILDDIR>>/cryptominisat-5.6.4+dfsg.1=. -fstack-protector-strong -Wformat -Werror=format-security -Wdate-time -D_FORTIFY_SOURCE=2 -mtune=native -Wall -Wextra -Wunused -Wsign-compare -fno-omit-frame-pointer -Wtype-limits -Wuninitialized -Wno-deprecated -Wstrict-aliasing -Wpointer-arith -Wheader-guard -Wpointer-arith -Wformat-nonliteral -Winit-self -Wparentheses -Wunreachable-code -ggdb3 -Wno-bitfield-constant-conversion -Wnull-dereference -Wdouble-promotion -Wshadow -Wformat=2 -Wextra-semi -pedantic -fPIC   -g -pthread -fPIC -std=gnu++11 -o CMakeFiles/libcryptominisat5.dir/comphandler.cpp.o -c /<<BUILDDIR>>/cryptominisat-5.6.4+dfsg.1/src/comphandler.cpp
[ 51%] Building CXX object cmsat5-src/CMakeFiles/libcryptominisat5.dir/hyperengine.cpp.o
cd /<<BUILDDIR>>/cryptominisat-5.6.4+dfsg.1/obj-x86_64-linux-gnu/cmsat5-src && /usr/bin/c++  -DBOOST_TEST_DYN_LINK -DUSE_M4RI -DUSE_ZLIB -Dlibcryptominisat5_EXPORTS -I/<<BUILDDIR>>/cryptominisat-5.6.4+dfsg.1 -I/<<BUILDDIR>>/cryptominisat-5.6.4+dfsg.1/obj-x86_64-linux-gnu/cmsat5-src  -g -O2 -fdebug-prefix-map=/<<BUILDDIR>>/cryptominisat-5.6.4+dfsg.1=. -fstack-protector-strong -Wformat -Werror=format-security -Wdate-time -D_FORTIFY_SOURCE=2 -mtune=native -Wall -Wextra -Wunused -Wsign-compare -fno-omit-frame-pointer -Wtype-limits -Wuninitialized -Wno-deprecated -Wstrict-aliasing -Wpointer-arith -Wheader-guard -Wpointer-arith -Wformat-nonliteral -Winit-self -Wparentheses -Wunreachable-code -ggdb3 -Wno-bitfield-constant-conversion -Wnull-dereference -Wdouble-promotion -Wshadow -Wformat=2 -Wextra-semi -pedantic -fPIC   -g -pthread -fPIC -std=gnu++11 -o CMakeFiles/libcryptominisat5.dir/hyperengine.cpp.o -c /<<BUILDDIR>>/cryptominisat-5.6.4+dfsg.1/src/hyperengine.cpp
1 warning generated.
[ 53%] Building CXX object cmsat5-src/CMakeFiles/libcryptominisat5.dir/subsumeimplicit.cpp.o
cd /<<BUILDDIR>>/cryptominisat-5.6.4+dfsg.1/obj-x86_64-linux-gnu/cmsat5-src && /usr/bin/c++  -DBOOST_TEST_DYN_LINK -DUSE_M4RI -DUSE_ZLIB -Dlibcryptominisat5_EXPORTS -I/<<BUILDDIR>>/cryptominisat-5.6.4+dfsg.1 -I/<<BUILDDIR>>/cryptominisat-5.6.4+dfsg.1/obj-x86_64-linux-gnu/cmsat5-src  -g -O2 -fdebug-prefix-map=/<<BUILDDIR>>/cryptominisat-5.6.4+dfsg.1=. -fstack-protector-strong -Wformat -Werror=format-security -Wdate-time -D_FORTIFY_SOURCE=2 -mtune=native -Wall -Wextra -Wunused -Wsign-compare -fno-omit-frame-pointer -Wtype-limits -Wuninitialized -Wno-deprecated -Wstrict-aliasing -Wpointer-arith -Wheader-guard -Wpointer-arith -Wformat-nonliteral -Winit-self -Wparentheses -Wunreachable-code -ggdb3 -Wno-bitfield-constant-conversion -Wnull-dereference -Wdouble-promotion -Wshadow -Wformat=2 -Wextra-semi -pedantic -fPIC   -g -pthread -fPIC -std=gnu++11 -o CMakeFiles/libcryptominisat5.dir/subsumeimplicit.cpp.o -c /<<BUILDDIR>>/cryptominisat-5.6.4+dfsg.1/src/subsumeimplicit.cpp
[ 55%] Building CXX object cmsat5-src/CMakeFiles/libcryptominisat5.dir/datasync.cpp.o
cd /<<BUILDDIR>>/cryptominisat-5.6.4+dfsg.1/obj-x86_64-linux-gnu/cmsat5-src && /usr/bin/c++  -DBOOST_TEST_DYN_LINK -DUSE_M4RI -DUSE_ZLIB -Dlibcryptominisat5_EXPORTS -I/<<BUILDDIR>>/cryptominisat-5.6.4+dfsg.1 -I/<<BUILDDIR>>/cryptominisat-5.6.4+dfsg.1/obj-x86_64-linux-gnu/cmsat5-src  -g -O2 -fdebug-prefix-map=/<<BUILDDIR>>/cryptominisat-5.6.4+dfsg.1=. -fstack-protector-strong -Wformat -Werror=format-security -Wdate-time -D_FORTIFY_SOURCE=2 -mtune=native -Wall -Wextra -Wunused -Wsign-compare -fno-omit-frame-pointer -Wtype-limits -Wuninitialized -Wno-deprecated -Wstrict-aliasing -Wpointer-arith -Wheader-guard -Wpointer-arith -Wformat-nonliteral -Winit-self -Wparentheses -Wunreachable-code -ggdb3 -Wno-bitfield-constant-conversion -Wnull-dereference -Wdouble-promotion -Wshadow -Wformat=2 -Wextra-semi -pedantic -fPIC   -g -pthread -fPIC -std=gnu++11 -o CMakeFiles/libcryptominisat5.dir/datasync.cpp.o -c /<<BUILDDIR>>/cryptominisat-5.6.4+dfsg.1/src/datasync.cpp
[ 57%] Building CXX object cmsat5-src/CMakeFiles/libcryptominisat5.dir/reducedb.cpp.o
cd /<<BUILDDIR>>/cryptominisat-5.6.4+dfsg.1/obj-x86_64-linux-gnu/cmsat5-src && /usr/bin/c++  -DBOOST_TEST_DYN_LINK -DUSE_M4RI -DUSE_ZLIB -Dlibcryptominisat5_EXPORTS -I/<<BUILDDIR>>/cryptominisat-5.6.4+dfsg.1 -I/<<BUILDDIR>>/cryptominisat-5.6.4+dfsg.1/obj-x86_64-linux-gnu/cmsat5-src  -g -O2 -fdebug-prefix-map=/<<BUILDDIR>>/cryptominisat-5.6.4+dfsg.1=. -fstack-protector-strong -Wformat -Werror=format-security -Wdate-time -D_FORTIFY_SOURCE=2 -mtune=native -Wall -Wextra -Wunused -Wsign-compare -fno-omit-frame-pointer -Wtype-limits -Wuninitialized -Wno-deprecated -Wstrict-aliasing -Wpointer-arith -Wheader-guard -Wpointer-arith -Wformat-nonliteral -Winit-self -Wparentheses -Wunreachable-code -ggdb3 -Wno-bitfield-constant-conversion -Wnull-dereference -Wdouble-promotion -Wshadow -Wformat=2 -Wextra-semi -pedantic -fPIC   -g -pthread -fPIC -std=gnu++11 -o CMakeFiles/libcryptominisat5.dir/reducedb.cpp.o -c /<<BUILDDIR>>/cryptominisat-5.6.4+dfsg.1/src/reducedb.cpp
[ 59%] Building CXX object cmsat5-src/CMakeFiles/libcryptominisat5.dir/clausedumper.cpp.o
cd /<<BUILDDIR>>/cryptominisat-5.6.4+dfsg.1/obj-x86_64-linux-gnu/cmsat5-src && /usr/bin/c++  -DBOOST_TEST_DYN_LINK -DUSE_M4RI -DUSE_ZLIB -Dlibcryptominisat5_EXPORTS -I/<<BUILDDIR>>/cryptominisat-5.6.4+dfsg.1 -I/<<BUILDDIR>>/cryptominisat-5.6.4+dfsg.1/obj-x86_64-linux-gnu/cmsat5-src  -g -O2 -fdebug-prefix-map=/<<BUILDDIR>>/cryptominisat-5.6.4+dfsg.1=. -fstack-protector-strong -Wformat -Werror=format-security -Wdate-time -D_FORTIFY_SOURCE=2 -mtune=native -Wall -Wextra -Wunused -Wsign-compare -fno-omit-frame-pointer -Wtype-limits -Wuninitialized -Wno-deprecated -Wstrict-aliasing -Wpointer-arith -Wheader-guard -Wpointer-arith -Wformat-nonliteral -Winit-self -Wparentheses -Wunreachable-code -ggdb3 -Wno-bitfield-constant-conversion -Wnull-dereference -Wdouble-promotion -Wshadow -Wformat=2 -Wextra-semi -pedantic -fPIC   -g -pthread -fPIC -std=gnu++11 -o CMakeFiles/libcryptominisat5.dir/clausedumper.cpp.o -c /<<BUILDDIR>>/cryptominisat-5.6.4+dfsg.1/src/clausedumper.cpp
[ 61%] Building CXX object cmsat5-src/CMakeFiles/libcryptominisat5.dir/bva.cpp.o
cd /<<BUILDDIR>>/cryptominisat-5.6.4+dfsg.1/obj-x86_64-linux-gnu/cmsat5-src && /usr/bin/c++  -DBOOST_TEST_DYN_LINK -DUSE_M4RI -DUSE_ZLIB -Dlibcryptominisat5_EXPORTS -I/<<BUILDDIR>>/cryptominisat-5.6.4+dfsg.1 -I/<<BUILDDIR>>/cryptominisat-5.6.4+dfsg.1/obj-x86_64-linux-gnu/cmsat5-src  -g -O2 -fdebug-prefix-map=/<<BUILDDIR>>/cryptominisat-5.6.4+dfsg.1=. -fstack-protector-strong -Wformat -Werror=format-security -Wdate-time -D_FORTIFY_SOURCE=2 -mtune=native -Wall -Wextra -Wunused -Wsign-compare -fno-omit-frame-pointer -Wtype-limits -Wuninitialized -Wno-deprecated -Wstrict-aliasing -Wpointer-arith -Wheader-guard -Wpointer-arith -Wformat-nonliteral -Winit-self -Wparentheses -Wunreachable-code -ggdb3 -Wno-bitfield-constant-conversion -Wnull-dereference -Wdouble-promotion -Wshadow -Wformat=2 -Wextra-semi -pedantic -fPIC   -g -pthread -fPIC -std=gnu++11 -o CMakeFiles/libcryptominisat5.dir/bva.cpp.o -c /<<BUILDDIR>>/cryptominisat-5.6.4+dfsg.1/src/bva.cpp
[ 63%] Building CXX object cmsat5-src/CMakeFiles/libcryptominisat5.dir/intree.cpp.o
cd /<<BUILDDIR>>/cryptominisat-5.6.4+dfsg.1/obj-x86_64-linux-gnu/cmsat5-src && /usr/bin/c++  -DBOOST_TEST_DYN_LINK -DUSE_M4RI -DUSE_ZLIB -Dlibcryptominisat5_EXPORTS -I/<<BUILDDIR>>/cryptominisat-5.6.4+dfsg.1 -I/<<BUILDDIR>>/cryptominisat-5.6.4+dfsg.1/obj-x86_64-linux-gnu/cmsat5-src  -g -O2 -fdebug-prefix-map=/<<BUILDDIR>>/cryptominisat-5.6.4+dfsg.1=. -fstack-protector-strong -Wformat -Werror=format-security -Wdate-time -D_FORTIFY_SOURCE=2 -mtune=native -Wall -Wextra -Wunused -Wsign-compare -fno-omit-frame-pointer -Wtype-limits -Wuninitialized -Wno-deprecated -Wstrict-aliasing -Wpointer-arith -Wheader-guard -Wpointer-arith -Wformat-nonliteral -Winit-self -Wparentheses -Wunreachable-code -ggdb3 -Wno-bitfield-constant-conversion -Wnull-dereference -Wdouble-promotion -Wshadow -Wformat=2 -Wextra-semi -pedantic -fPIC   -g -pthread -fPIC -std=gnu++11 -o CMakeFiles/libcryptominisat5.dir/intree.cpp.o -c /<<BUILDDIR>>/cryptominisat-5.6.4+dfsg.1/src/intree.cpp
[ 65%] Building CXX object cmsat5-src/CMakeFiles/libcryptominisat5.dir/features_calc.cpp.o
cd /<<BUILDDIR>>/cryptominisat-5.6.4+dfsg.1/obj-x86_64-linux-gnu/cmsat5-src && /usr/bin/c++  -DBOOST_TEST_DYN_LINK -DUSE_M4RI -DUSE_ZLIB -Dlibcryptominisat5_EXPORTS -I/<<BUILDDIR>>/cryptominisat-5.6.4+dfsg.1 -I/<<BUILDDIR>>/cryptominisat-5.6.4+dfsg.1/obj-x86_64-linux-gnu/cmsat5-src  -g -O2 -fdebug-prefix-map=/<<BUILDDIR>>/cryptominisat-5.6.4+dfsg.1=. -fstack-protector-strong -Wformat -Werror=format-security -Wdate-time -D_FORTIFY_SOURCE=2 -mtune=native -Wall -Wextra -Wunused -Wsign-compare -fno-omit-frame-pointer -Wtype-limits -Wuninitialized -Wno-deprecated -Wstrict-aliasing -Wpointer-arith -Wheader-guard -Wpointer-arith -Wformat-nonliteral -Winit-self -Wparentheses -Wunreachable-code -ggdb3 -Wno-bitfield-constant-conversion -Wnull-dereference -Wdouble-promotion -Wshadow -Wformat=2 -Wextra-semi -pedantic -fPIC   -g -pthread -fPIC -std=gnu++11 -o CMakeFiles/libcryptominisat5.dir/features_calc.cpp.o -c /<<BUILDDIR>>/cryptominisat-5.6.4+dfsg.1/src/features_calc.cpp
[ 68%] Building CXX object cmsat5-src/CMakeFiles/libcryptominisat5.dir/features_to_reconf.cpp.o
cd /<<BUILDDIR>>/cryptominisat-5.6.4+dfsg.1/obj-x86_64-linux-gnu/cmsat5-src && /usr/bin/c++  -DBOOST_TEST_DYN_LINK -DUSE_M4RI -DUSE_ZLIB -Dlibcryptominisat5_EXPORTS -I/<<BUILDDIR>>/cryptominisat-5.6.4+dfsg.1 -I/<<BUILDDIR>>/cryptominisat-5.6.4+dfsg.1/obj-x86_64-linux-gnu/cmsat5-src  -g -O2 -fdebug-prefix-map=/<<BUILDDIR>>/cryptominisat-5.6.4+dfsg.1=. -fstack-protector-strong -Wformat -Werror=format-security -Wdate-time -D_FORTIFY_SOURCE=2 -mtune=native -Wall -Wextra -Wunused -Wsign-compare -fno-omit-frame-pointer -Wtype-limits -Wuninitialized -Wno-deprecated -Wstrict-aliasing -Wpointer-arith -Wheader-guard -Wpointer-arith -Wformat-nonliteral -Winit-self -Wparentheses -Wunreachable-code -ggdb3 -Wno-bitfield-constant-conversion -Wnull-dereference -Wdouble-promotion -Wshadow -Wformat=2 -Wextra-semi -pedantic -fPIC   -g -pthread -fPIC -std=gnu++11 -o CMakeFiles/libcryptominisat5.dir/features_to_reconf.cpp.o -c /<<BUILDDIR>>/cryptominisat-5.6.4+dfsg.1/src/features_to_reconf.cpp
[ 70%] Building CXX object cmsat5-src/CMakeFiles/libcryptominisat5.dir/solvefeatures.cpp.o
cd /<<BUILDDIR>>/cryptominisat-5.6.4+dfsg.1/obj-x86_64-linux-gnu/cmsat5-src && /usr/bin/c++  -DBOOST_TEST_DYN_LINK -DUSE_M4RI -DUSE_ZLIB -Dlibcryptominisat5_EXPORTS -I/<<BUILDDIR>>/cryptominisat-5.6.4+dfsg.1 -I/<<BUILDDIR>>/cryptominisat-5.6.4+dfsg.1/obj-x86_64-linux-gnu/cmsat5-src  -g -O2 -fdebug-prefix-map=/<<BUILDDIR>>/cryptominisat-5.6.4+dfsg.1=. -fstack-protector-strong -Wformat -Werror=format-security -Wdate-time -D_FORTIFY_SOURCE=2 -mtune=native -Wall -Wextra -Wunused -Wsign-compare -fno-omit-frame-pointer -Wtype-limits -Wuninitialized -Wno-deprecated -Wstrict-aliasing -Wpointer-arith -Wheader-guard -Wpointer-arith -Wformat-nonliteral -Winit-self -Wparentheses -Wunreachable-code -ggdb3 -Wno-bitfield-constant-conversion -Wnull-dereference -Wdouble-promotion -Wshadow -Wformat=2 -Wextra-semi -pedantic -fPIC   -g -pthread -fPIC -std=gnu++11 -o CMakeFiles/libcryptominisat5.dir/solvefeatures.cpp.o -c /<<BUILDDIR>>/cryptominisat-5.6.4+dfsg.1/src/solvefeatures.cpp
/<<BUILDDIR>>/cryptominisat-5.6.4+dfsg.1/src/bva.cpp:580:54: warning: declaration shadows a field of 'CMSat::BVA' [-Wshadow]
string BVA::PotentialClause::to_string(const Solver* solver) const
                                                     ^
/<<BUILDDIR>>/cryptominisat-5.6.4+dfsg.1/src/bva.h:46:13: note: previous declaration is here
    Solver* solver;
            ^
[ 72%] Building CXX object cmsat5-src/CMakeFiles/libcryptominisat5.dir/searchstats.cpp.o
cd /<<BUILDDIR>>/cryptominisat-5.6.4+dfsg.1/obj-x86_64-linux-gnu/cmsat5-src && /usr/bin/c++  -DBOOST_TEST_DYN_LINK -DUSE_M4RI -DUSE_ZLIB -Dlibcryptominisat5_EXPORTS -I/<<BUILDDIR>>/cryptominisat-5.6.4+dfsg.1 -I/<<BUILDDIR>>/cryptominisat-5.6.4+dfsg.1/obj-x86_64-linux-gnu/cmsat5-src  -g -O2 -fdebug-prefix-map=/<<BUILDDIR>>/cryptominisat-5.6.4+dfsg.1=. -fstack-protector-strong -Wformat -Werror=format-security -Wdate-time -D_FORTIFY_SOURCE=2 -mtune=native -Wall -Wextra -Wunused -Wsign-compare -fno-omit-frame-pointer -Wtype-limits -Wuninitialized -Wno-deprecated -Wstrict-aliasing -Wpointer-arith -Wheader-guard -Wpointer-arith -Wformat-nonliteral -Winit-self -Wparentheses -Wunreachable-code -ggdb3 -Wno-bitfield-constant-conversion -Wnull-dereference -Wdouble-promotion -Wshadow -Wformat=2 -Wextra-semi -pedantic -fPIC   -g -pthread -fPIC -std=gnu++11 -o CMakeFiles/libcryptominisat5.dir/searchstats.cpp.o -c /<<BUILDDIR>>/cryptominisat-5.6.4+dfsg.1/src/searchstats.cpp
[ 74%] Building CXX object cmsat5-src/CMakeFiles/libcryptominisat5.dir/xorfinder.cpp.o
cd /<<BUILDDIR>>/cryptominisat-5.6.4+dfsg.1/obj-x86_64-linux-gnu/cmsat5-src && /usr/bin/c++  -DBOOST_TEST_DYN_LINK -DUSE_M4RI -DUSE_ZLIB -Dlibcryptominisat5_EXPORTS -I/<<BUILDDIR>>/cryptominisat-5.6.4+dfsg.1 -I/<<BUILDDIR>>/cryptominisat-5.6.4+dfsg.1/obj-x86_64-linux-gnu/cmsat5-src  -g -O2 -fdebug-prefix-map=/<<BUILDDIR>>/cryptominisat-5.6.4+dfsg.1=. -fstack-protector-strong -Wformat -Werror=format-security -Wdate-time -D_FORTIFY_SOURCE=2 -mtune=native -Wall -Wextra -Wunused -Wsign-compare -fno-omit-frame-pointer -Wtype-limits -Wuninitialized -Wno-deprecated -Wstrict-aliasing -Wpointer-arith -Wheader-guard -Wpointer-arith -Wformat-nonliteral -Winit-self -Wparentheses -Wunreachable-code -ggdb3 -Wno-bitfield-constant-conversion -Wnull-dereference -Wdouble-promotion -Wshadow -Wformat=2 -Wextra-semi -pedantic -fPIC   -g -pthread -fPIC -std=gnu++11 -o CMakeFiles/libcryptominisat5.dir/xorfinder.cpp.o -c /<<BUILDDIR>>/cryptominisat-5.6.4+dfsg.1/src/xorfinder.cpp
[ 76%] Building CXX object cmsat5-src/CMakeFiles/libcryptominisat5.dir/cryptominisat_c.cpp.o
cd /<<BUILDDIR>>/cryptominisat-5.6.4+dfsg.1/obj-x86_64-linux-gnu/cmsat5-src && /usr/bin/c++  -DBOOST_TEST_DYN_LINK -DUSE_M4RI -DUSE_ZLIB -Dlibcryptominisat5_EXPORTS -I/<<BUILDDIR>>/cryptominisat-5.6.4+dfsg.1 -I/<<BUILDDIR>>/cryptominisat-5.6.4+dfsg.1/obj-x86_64-linux-gnu/cmsat5-src  -g -O2 -fdebug-prefix-map=/<<BUILDDIR>>/cryptominisat-5.6.4+dfsg.1=. -fstack-protector-strong -Wformat -Werror=format-security -Wdate-time -D_FORTIFY_SOURCE=2 -mtune=native -Wall -Wextra -Wunused -Wsign-compare -fno-omit-frame-pointer -Wtype-limits -Wuninitialized -Wno-deprecated -Wstrict-aliasing -Wpointer-arith -Wheader-guard -Wpointer-arith -Wformat-nonliteral -Winit-self -Wparentheses -Wunreachable-code -ggdb3 -Wno-bitfield-constant-conversion -Wnull-dereference -Wdouble-promotion -Wshadow -Wformat=2 -Wextra-semi -pedantic -fPIC   -g -pthread -fPIC -std=gnu++11 -o CMakeFiles/libcryptominisat5.dir/cryptominisat_c.cpp.o -c /<<BUILDDIR>>/cryptominisat-5.6.4+dfsg.1/src/cryptominisat_c.cpp
In file included from /<<BUILDDIR>>/cryptominisat-5.6.4+dfsg.1/src/cryptominisat_c.cpp:25:
/<<BUILDDIR>>/cryptominisat-5.6.4+dfsg.1/obj-x86_64-linux-gnu/cmsat5-src/cryptominisat5/cryptominisat.h:41:5: warning: 'SATSolver' defined as a class here but previously declared as a struct [-Wmismatched-tags]
    class SATSolver
    ^
/<<BUILDDIR>>/cryptominisat-5.6.4+dfsg.1/obj-x86_64-linux-gnu/cmsat5-src/cryptominisat5/cryptominisat_c.h:35:22: note: did you mean class here?
    namespace CMSat{ struct SATSolver; }
                     ^~~~~~
                     class
/<<BUILDDIR>>/cryptominisat-5.6.4+dfsg.1/src/xorfinder.cpp:830:50: warning: declaration shadows a field of 'CMSat::XorFinder' [-Wshadow]
void XorFinder::Stats::print_short(const Solver* solver, double time_remain) const
                                                 ^
/<<BUILDDIR>>/cryptominisat-5.6.4+dfsg.1/src/xorfinder.h:196:13: note: previous declaration is here
    Solver *solver;
            ^
[ 78%] Building CXX object cmsat5-src/CMakeFiles/libcryptominisat5.dir/GitSHA1.cpp.o
cd /<<BUILDDIR>>/cryptominisat-5.6.4+dfsg.1/obj-x86_64-linux-gnu/cmsat5-src && /usr/bin/c++  -DBOOST_TEST_DYN_LINK -DUSE_M4RI -DUSE_ZLIB -Dlibcryptominisat5_EXPORTS -I/<<BUILDDIR>>/cryptominisat-5.6.4+dfsg.1 -I/<<BUILDDIR>>/cryptominisat-5.6.4+dfsg.1/obj-x86_64-linux-gnu/cmsat5-src  -g -O2 -fdebug-prefix-map=/<<BUILDDIR>>/cryptominisat-5.6.4+dfsg.1=. -fstack-protector-strong -Wformat -Werror=format-security -Wdate-time -D_FORTIFY_SOURCE=2 -mtune=native -Wall -Wextra -Wunused -Wsign-compare -fno-omit-frame-pointer -Wtype-limits -Wuninitialized -Wno-deprecated -Wstrict-aliasing -Wpointer-arith -Wheader-guard -Wpointer-arith -Wformat-nonliteral -Winit-self -Wparentheses -Wunreachable-code -ggdb3 -Wno-bitfield-constant-conversion -Wnull-dereference -Wdouble-promotion -Wshadow -Wformat=2 -Wextra-semi -pedantic -fPIC   -g -pthread -fPIC -std=gnu++11 -o CMakeFiles/libcryptominisat5.dir/GitSHA1.cpp.o -c /<<BUILDDIR>>/cryptominisat-5.6.4+dfsg.1/obj-x86_64-linux-gnu/cmsat5-src/GitSHA1.cpp
/<<BUILDDIR>>/cryptominisat-5.6.4+dfsg.1/obj-x86_64-linux-gnu/cmsat5-src/GitSHA1.cpp:60:32: warning: expansion of date or time macro is not reproducible [-Wdate-time]
    "compilation date time = " __DATE__ " " __TIME__
                               ^
/<<BUILDDIR>>/cryptominisat-5.6.4+dfsg.1/obj-x86_64-linux-gnu/cmsat5-src/GitSHA1.cpp:60:45: warning: expansion of date or time macro is not reproducible [-Wdate-time]
    "compilation date time = " __DATE__ " " __TIME__
                                            ^
2 warnings generated.
[ 80%] Building CXX object cmsat5-src/CMakeFiles/libcryptominisat5.dir/toplevelgauss.cpp.o
cd /<<BUILDDIR>>/cryptominisat-5.6.4+dfsg.1/obj-x86_64-linux-gnu/cmsat5-src && /usr/bin/c++  -DBOOST_TEST_DYN_LINK -DUSE_M4RI -DUSE_ZLIB -Dlibcryptominisat5_EXPORTS -I/<<BUILDDIR>>/cryptominisat-5.6.4+dfsg.1 -I/<<BUILDDIR>>/cryptominisat-5.6.4+dfsg.1/obj-x86_64-linux-gnu/cmsat5-src  -g -O2 -fdebug-prefix-map=/<<BUILDDIR>>/cryptominisat-5.6.4+dfsg.1=. -fstack-protector-strong -Wformat -Werror=format-security -Wdate-time -D_FORTIFY_SOURCE=2 -mtune=native -Wall -Wextra -Wunused -Wsign-compare -fno-omit-frame-pointer -Wtype-limits -Wuninitialized -Wno-deprecated -Wstrict-aliasing -Wpointer-arith -Wheader-guard -Wpointer-arith -Wformat-nonliteral -Winit-self -Wparentheses -Wunreachable-code -ggdb3 -Wno-bitfield-constant-conversion -Wnull-dereference -Wdouble-promotion -Wshadow -Wformat=2 -Wextra-semi -pedantic -fPIC   -g -pthread -fPIC -std=gnu++11 -o CMakeFiles/libcryptominisat5.dir/toplevelgauss.cpp.o -c /<<BUILDDIR>>/cryptominisat-5.6.4+dfsg.1/src/toplevelgauss.cpp
1 warning generated.
[ 82%] Building CXX object cmsat5-src/CMakeFiles/libcryptominisat5.dir/cryptominisat.cpp.o
cd /<<BUILDDIR>>/cryptominisat-5.6.4+dfsg.1/obj-x86_64-linux-gnu/cmsat5-src && /usr/bin/c++  -DBOOST_TEST_DYN_LINK -DUSE_M4RI -DUSE_ZLIB -Dlibcryptominisat5_EXPORTS -I/<<BUILDDIR>>/cryptominisat-5.6.4+dfsg.1 -I/<<BUILDDIR>>/cryptominisat-5.6.4+dfsg.1/obj-x86_64-linux-gnu/cmsat5-src  -g -O2 -fdebug-prefix-map=/<<BUILDDIR>>/cryptominisat-5.6.4+dfsg.1=. -fstack-protector-strong -Wformat -Werror=format-security -Wdate-time -D_FORTIFY_SOURCE=2 -mtune=native -Wall -Wextra -Wunused -Wsign-compare -fno-omit-frame-pointer -Wtype-limits -Wuninitialized -Wno-deprecated -Wstrict-aliasing -Wpointer-arith -Wheader-guard -Wpointer-arith -Wformat-nonliteral -Winit-self -Wparentheses -Wunreachable-code -ggdb3 -Wno-bitfield-constant-conversion -Wnull-dereference -Wdouble-promotion -Wshadow -Wformat=2 -Wextra-semi -pedantic -fPIC   -g -pthread -fPIC -std=gnu++11 -o CMakeFiles/libcryptominisat5.dir/cryptominisat.cpp.o -c /<<BUILDDIR>>/cryptominisat-5.6.4+dfsg.1/src/cryptominisat.cpp
/<<BUILDDIR>>/cryptominisat-5.6.4+dfsg.1/src/toplevelgauss.cpp:416:54: warning: declaration shadows a field of 'CMSat::TopLevelGauss' [-Wshadow]
void TopLevelGauss::Stats::print_short(const Solver* solver) const
                                                     ^
/<<BUILDDIR>>/cryptominisat-5.6.4+dfsg.1/src/toplevelgauss.h:82:13: note: previous declaration is here
    Solver* solver;
            ^
/<<BUILDDIR>>/cryptominisat-5.6.4+dfsg.1/src/cryptominisat.cpp:582:21: warning: code will never be executed [-Wunreachable-code]
    for (size_t i = 0; i < data->solvers.size(); ++i) {
                    ^
1 warning generated.
1 warning generated.
1 warning generated.
1 warning generated.
[ 85%] Linking CXX shared library ../lib/libcryptominisat5.so
cd /<<BUILDDIR>>/cryptominisat-5.6.4+dfsg.1/obj-x86_64-linux-gnu/cmsat5-src && /usr/bin/cmake -E cmake_link_script CMakeFiles/libcryptominisat5.dir/link.txt --verbose=1
/usr/bin/c++ -fPIC -g -O2 -fdebug-prefix-map=/<<BUILDDIR>>/cryptominisat-5.6.4+dfsg.1=. -fstack-protector-strong -Wformat -Werror=format-security -Wdate-time -D_FORTIFY_SOURCE=2 -mtune=native -Wall -Wextra -Wunused -Wsign-compare -fno-omit-frame-pointer -Wtype-limits -Wuninitialized -Wno-deprecated -Wstrict-aliasing -Wpointer-arith -Wheader-guard -Wpointer-arith -Wformat-nonliteral -Winit-self -Wparentheses -Wunreachable-code -ggdb3 -Wno-bitfield-constant-conversion -Wnull-dereference -Wdouble-promotion -Wshadow -Wformat=2 -Wextra-semi -pedantic -Wl,-z,relro -Wl,-z,now -Wl,--as-needed -O2 -shared -Wl,-soname,libcryptominisat5.so.5.6 -o ../lib/libcryptominisat5.so.5.6 CMakeFiles/libcryptominisat5.dir/cnf.cpp.o CMakeFiles/libcryptominisat5.dir/propengine.cpp.o CMakeFiles/libcryptominisat5.dir/varreplacer.cpp.o CMakeFiles/libcryptominisat5.dir/clausecleaner.cpp.o CMakeFiles/libcryptominisat5.dir/clauseusagestats.cpp.o CMakeFiles/libcryptominisat5.dir/prober.cpp.o CMakeFiles/libcryptominisat5.dir/occsimplifier.cpp.o CMakeFiles/libcryptominisat5.dir/subsumestrengthen.cpp.o CMakeFiles/libcryptominisat5.dir/clauseallocator.cpp.o CMakeFiles/libcryptominisat5.dir/sccfinder.cpp.o CMakeFiles/libcryptominisat5.dir/solverconf.cpp.o CMakeFiles/libcryptominisat5.dir/distillerlong.cpp.o CMakeFiles/libcryptominisat5.dir/distillerlongwithimpl.cpp.o CMakeFiles/libcryptominisat5.dir/str_impl_w_impl_stamp.cpp.o CMakeFiles/libcryptominisat5.dir/solutionextender.cpp.o CMakeFiles/libcryptominisat5.dir/completedetachreattacher.cpp.o CMakeFiles/libcryptominisat5.dir/searcher.cpp.o CMakeFiles/libcryptominisat5.dir/solver.cpp.o CMakeFiles/libcryptominisat5.dir/sqlstats.cpp.o CMakeFiles/libcryptominisat5.dir/implcache.cpp.o CMakeFiles/libcryptominisat5.dir/stamp.cpp.o CMakeFiles/libcryptominisat5.dir/compfinder.cpp.o CMakeFiles/libcryptominisat5.dir/comphandler.cpp.o CMakeFiles/libcryptominisat5.dir/hyperengine.cpp.o CMakeFiles/libcryptominisat5.dir/subsumeimplicit.cpp.o CMakeFiles/libcryptominisat5.dir/datasync.cpp.o CMakeFiles/libcryptominisat5.dir/reducedb.cpp.o CMakeFiles/libcryptominisat5.dir/clausedumper.cpp.o CMakeFiles/libcryptominisat5.dir/bva.cpp.o CMakeFiles/libcryptominisat5.dir/intree.cpp.o CMakeFiles/libcryptominisat5.dir/features_calc.cpp.o CMakeFiles/libcryptominisat5.dir/features_to_reconf.cpp.o CMakeFiles/libcryptominisat5.dir/solvefeatures.cpp.o CMakeFiles/libcryptominisat5.dir/searchstats.cpp.o CMakeFiles/libcryptominisat5.dir/xorfinder.cpp.o CMakeFiles/libcryptominisat5.dir/cryptominisat_c.cpp.o CMakeFiles/libcryptominisat5.dir/GitSHA1.cpp.o CMakeFiles/libcryptominisat5.dir/toplevelgauss.cpp.o CMakeFiles/libcryptominisat5.dir/cryptominisat.cpp.o /usr/lib/x86_64-linux-gnu/libm4ri.so -pthread 
cd /<<BUILDDIR>>/cryptominisat-5.6.4+dfsg.1/obj-x86_64-linux-gnu/cmsat5-src && /usr/bin/cmake -E cmake_symlink_library ../lib/libcryptominisat5.so.5.6 ../lib/libcryptominisat5.so.5.6 ../lib/libcryptominisat5.so
make[3]: Leaving directory '/<<BUILDDIR>>/cryptominisat-5.6.4+dfsg.1/obj-x86_64-linux-gnu'
[ 85%] Built target libcryptominisat5
make -f cmsat5-src/CMakeFiles/cryptominisat5_simple.dir/build.make cmsat5-src/CMakeFiles/cryptominisat5_simple.dir/depend
make -f cmsat5-src/CMakeFiles/cryptominisat5.dir/build.make cmsat5-src/CMakeFiles/cryptominisat5.dir/depend
make -f pycryptosat/CMakeFiles/python_interface.dir/build.make pycryptosat/CMakeFiles/python_interface.dir/depend
make[3]: Entering directory '/<<BUILDDIR>>/cryptominisat-5.6.4+dfsg.1/obj-x86_64-linux-gnu'
cd /<<BUILDDIR>>/cryptominisat-5.6.4+dfsg.1/obj-x86_64-linux-gnu && /usr/bin/cmake -E cmake_depends "Unix Makefiles" /<<BUILDDIR>>/cryptominisat-5.6.4+dfsg.1 /<<BUILDDIR>>/cryptominisat-5.6.4+dfsg.1/src /<<BUILDDIR>>/cryptominisat-5.6.4+dfsg.1/obj-x86_64-linux-gnu /<<BUILDDIR>>/cryptominisat-5.6.4+dfsg.1/obj-x86_64-linux-gnu/cmsat5-src /<<BUILDDIR>>/cryptominisat-5.6.4+dfsg.1/obj-x86_64-linux-gnu/cmsat5-src/CMakeFiles/cryptominisat5_simple.dir/DependInfo.cmake --color=
make[3]: Entering directory '/<<BUILDDIR>>/cryptominisat-5.6.4+dfsg.1/obj-x86_64-linux-gnu'
cd /<<BUILDDIR>>/cryptominisat-5.6.4+dfsg.1/obj-x86_64-linux-gnu && /usr/bin/cmake -E cmake_depends "Unix Makefiles" /<<BUILDDIR>>/cryptominisat-5.6.4+dfsg.1 /<<BUILDDIR>>/cryptominisat-5.6.4+dfsg.1/python /<<BUILDDIR>>/cryptominisat-5.6.4+dfsg.1/obj-x86_64-linux-gnu /<<BUILDDIR>>/cryptominisat-5.6.4+dfsg.1/obj-x86_64-linux-gnu/pycryptosat /<<BUILDDIR>>/cryptominisat-5.6.4+dfsg.1/obj-x86_64-linux-gnu/pycryptosat/CMakeFiles/python_interface.dir/DependInfo.cmake --color=
make[3]: Entering directory '/<<BUILDDIR>>/cryptominisat-5.6.4+dfsg.1/obj-x86_64-linux-gnu'
cd /<<BUILDDIR>>/cryptominisat-5.6.4+dfsg.1/obj-x86_64-linux-gnu && /usr/bin/cmake -E cmake_depends "Unix Makefiles" /<<BUILDDIR>>/cryptominisat-5.6.4+dfsg.1 /<<BUILDDIR>>/cryptominisat-5.6.4+dfsg.1/src /<<BUILDDIR>>/cryptominisat-5.6.4+dfsg.1/obj-x86_64-linux-gnu /<<BUILDDIR>>/cryptominisat-5.6.4+dfsg.1/obj-x86_64-linux-gnu/cmsat5-src /<<BUILDDIR>>/cryptominisat-5.6.4+dfsg.1/obj-x86_64-linux-gnu/cmsat5-src/CMakeFiles/cryptominisat5.dir/DependInfo.cmake --color=
Scanning dependencies of target python_interface
make[3]: Leaving directory '/<<BUILDDIR>>/cryptominisat-5.6.4+dfsg.1/obj-x86_64-linux-gnu'
make -f pycryptosat/CMakeFiles/python_interface.dir/build.make pycryptosat/CMakeFiles/python_interface.dir/build
make[3]: Entering directory '/<<BUILDDIR>>/cryptominisat-5.6.4+dfsg.1/obj-x86_64-linux-gnu'
Scanning dependencies of target cryptominisat5_simple
Scanning dependencies of target cryptominisat5
make[3]: Leaving directory '/<<BUILDDIR>>/cryptominisat-5.6.4+dfsg.1/obj-x86_64-linux-gnu'
make -f cmsat5-src/CMakeFiles/cryptominisat5_simple.dir/build.make cmsat5-src/CMakeFiles/cryptominisat5_simple.dir/build
make[3]: Leaving directory '/<<BUILDDIR>>/cryptominisat-5.6.4+dfsg.1/obj-x86_64-linux-gnu'
make -f cmsat5-src/CMakeFiles/cryptominisat5.dir/build.make cmsat5-src/CMakeFiles/cryptominisat5.dir/build
make[3]: Entering directory '/<<BUILDDIR>>/cryptominisat-5.6.4+dfsg.1/obj-x86_64-linux-gnu'
make[3]: Entering directory '/<<BUILDDIR>>/cryptominisat-5.6.4+dfsg.1/obj-x86_64-linux-gnu'
[ 87%] Generating build/timestamp
cd /<<BUILDDIR>>/cryptominisat-5.6.4+dfsg.1/obj-x86_64-linux-gnu/pycryptosat && /usr/bin/python3 setup.py build_ext --inplace --rpath ../lib
[ 89%] Building CXX object cmsat5-src/CMakeFiles/cryptominisat5.dir/main.cpp.o
[ 93%] Building CXX object cmsat5-src/CMakeFiles/cryptominisat5_simple.dir/main_simple.cpp.o
[ 93%] Building CXX object cmsat5-src/CMakeFiles/cryptominisat5.dir/main_exe.cpp.o
cd /<<BUILDDIR>>/cryptominisat-5.6.4+dfsg.1/obj-x86_64-linux-gnu/cmsat5-src && /usr/bin/c++  -DBOOST_TEST_DYN_LINK -DUSE_M4RI -DUSE_ZLIB -I/<<BUILDDIR>>/cryptominisat-5.6.4+dfsg.1 -I/<<BUILDDIR>>/cryptominisat-5.6.4+dfsg.1/obj-x86_64-linux-gnu/cmsat5-src  -g -O2 -fdebug-prefix-map=/<<BUILDDIR>>/cryptominisat-5.6.4+dfsg.1=. -fstack-protector-strong -Wformat -Werror=format-security -Wdate-time -D_FORTIFY_SOURCE=2 -mtune=native -Wall -Wextra -Wunused -Wsign-compare -fno-omit-frame-pointer -Wtype-limits -Wuninitialized -Wno-deprecated -Wstrict-aliasing -Wpointer-arith -Wheader-guard -Wpointer-arith -Wformat-nonliteral -Winit-self -Wparentheses -Wunreachable-code -ggdb3 -Wno-bitfield-constant-conversion -Wnull-dereference -Wdouble-promotion -Wshadow -Wformat=2 -Wextra-semi -pedantic   -g -pthread -fPIC -std=gnu++11 -o CMakeFiles/cryptominisat5.dir/main_exe.cpp.o -c /<<BUILDDIR>>/cryptominisat-5.6.4+dfsg.1/src/main_exe.cpp
cd /<<BUILDDIR>>/cryptominisat-5.6.4+dfsg.1/obj-x86_64-linux-gnu/cmsat5-src && /usr/bin/c++  -DBOOST_TEST_DYN_LINK -DUSE_M4RI -DUSE_ZLIB -I/<<BUILDDIR>>/cryptominisat-5.6.4+dfsg.1 -I/<<BUILDDIR>>/cryptominisat-5.6.4+dfsg.1/obj-x86_64-linux-gnu/cmsat5-src  -g -O2 -fdebug-prefix-map=/<<BUILDDIR>>/cryptominisat-5.6.4+dfsg.1=. -fstack-protector-strong -Wformat -Werror=format-security -Wdate-time -D_FORTIFY_SOURCE=2 -mtune=native -Wall -Wextra -Wunused -Wsign-compare -fno-omit-frame-pointer -Wtype-limits -Wuninitialized -Wno-deprecated -Wstrict-aliasing -Wpointer-arith -Wheader-guard -Wpointer-arith -Wformat-nonliteral -Winit-self -Wparentheses -Wunreachable-code -ggdb3 -Wno-bitfield-constant-conversion -Wnull-dereference -Wdouble-promotion -Wshadow -Wformat=2 -Wextra-semi -pedantic   -g -pthread -fPIC -std=gnu++11 -o CMakeFiles/cryptominisat5.dir/main.cpp.o -c /<<BUILDDIR>>/cryptominisat-5.6.4+dfsg.1/src/main.cpp
cd /<<BUILDDIR>>/cryptominisat-5.6.4+dfsg.1/obj-x86_64-linux-gnu/cmsat5-src && /usr/bin/c++  -DBOOST_TEST_DYN_LINK -DUSE_M4RI -DUSE_ZLIB -I/<<BUILDDIR>>/cryptominisat-5.6.4+dfsg.1 -I/<<BUILDDIR>>/cryptominisat-5.6.4+dfsg.1/obj-x86_64-linux-gnu/cmsat5-src  -g -O2 -fdebug-prefix-map=/<<BUILDDIR>>/cryptominisat-5.6.4+dfsg.1=. -fstack-protector-strong -Wformat -Werror=format-security -Wdate-time -D_FORTIFY_SOURCE=2 -mtune=native -Wall -Wextra -Wunused -Wsign-compare -fno-omit-frame-pointer -Wtype-limits -Wuninitialized -Wno-deprecated -Wstrict-aliasing -Wpointer-arith -Wheader-guard -Wpointer-arith -Wformat-nonliteral -Winit-self -Wparentheses -Wunreachable-code -ggdb3 -Wno-bitfield-constant-conversion -Wnull-dereference -Wdouble-promotion -Wshadow -Wformat=2 -Wextra-semi -pedantic   -g -pthread -fPIC -std=gnu++11 -o CMakeFiles/cryptominisat5_simple.dir/main_simple.cpp.o -c /<<BUILDDIR>>/cryptominisat-5.6.4+dfsg.1/src/main_simple.cpp
running build_ext
building 'pycryptosat' extension
creating build
creating build/temp.linux-x86_64-3.7
creating build/temp.linux-x86_64-3.7/build
creating build/temp.linux-x86_64-3.7/<<BUILDDIR>>
creating build/temp.linux-x86_64-3.7/<<BUILDDIR>>/cryptominisat-5.6.4+dfsg.1
creating build/temp.linux-x86_64-3.7/<<BUILDDIR>>/cryptominisat-5.6.4+dfsg.1/python
creating build/temp.linux-x86_64-3.7/<<BUILDDIR>>/cryptominisat-5.6.4+dfsg.1/python/src
/usr/bin/cc -g -W -Wall -Wno-deprecated -std=c++11 -g -O2 -fdebug-prefix-map=/<<BUILDDIR>>/cryptominisat-5.6.4+dfsg.1=. -fstack-protector-strong -Wformat -Werror=format-security -Wall -pedantic -Wdate-time -D_FORTIFY_SOURCE=2 -fPIC -DLIBRARY_VERSION="5.6.4" -I/usr/include/python3.7m -c /<<BUILDDIR>>/cryptominisat-5.6.4+dfsg.1/python/src/pycryptosat.cpp -o build/temp.linux-x86_64-3.7/<<BUILDDIR>>/cryptominisat-5.6.4+dfsg.1/python/src/pycryptosat.o -Wno-unused-result -Wsign-compare -DNDEBUG -g -fwrapv -O2 -Wall -g -fstack-protector-strong -Wformat -Werror=format-security -g -fuse-linker-plugin -ffat-lto-objects -I/<<BUILDDIR>>/cryptominisat-5.6.4+dfsg.1 -I/<<BUILDDIR>>/cryptominisat-5.6.4+dfsg.1/obj-x86_64-linux-gnu/cmsat5-src
clang: warning: optimization flag '-fuse-linker-plugin' is not supported [-Wignored-optimization-argument]
clang: warning: optimization flag '-ffat-lto-objects' is not supported [-Wignored-optimization-argument]
/<<BUILDDIR>>/cryptominisat-5.6.4+dfsg.1/python/src/pycryptosat.cpp:265:15: warning: unused variable 'max_len' [-Wunused-variable]
    PyObject *max_len;
              ^
/<<BUILDDIR>>/cryptominisat-5.6.4+dfsg.1/python/src/pycryptosat.cpp:299:15: warning: unused variable 'max_len' [-Wunused-variable]
    PyObject *max_len;
              ^
/<<BUILDDIR>>/cryptominisat-5.6.4+dfsg.1/python/src/pycryptosat.cpp:745:32: warning: unused variable 'it' [-Wunused-variable]
    std::vector<Lit>::iterator it;
                               ^
3 warnings generated.
/usr/bin/c++ -pthread -shared -Wl,-O1 -Wl,-Bsymbolic-functions -Wl,-z,relro -Wl,-z,relro -Wl,-z,now -Wl,--as-needed -g -O2 -fdebug-prefix-map=/<<BUILDDIR>>/cryptominisat-5.6.4+dfsg.1=. -fstack-protector-strong -Wformat -Werror=format-security -Wall -pedantic -Wdate-time -D_FORTIFY_SOURCE=2 build/temp.linux-x86_64-3.7/<<BUILDDIR>>/cryptominisat-5.6.4+dfsg.1/python/src/pycryptosat.o -L. -L/<<BUILDDIR>>/cryptominisat-5.6.4+dfsg.1/obj-x86_64-linux-gnu/lib -Wl,--enable-new-dtags,-R../lib -lcryptominisat5 -o /<<BUILDDIR>>/cryptominisat-5.6.4+dfsg.1/obj-x86_64-linux-gnu/pycryptosat/pycryptosat.cpython-37m-x86_64-linux-gnu.so -lpthread -ldl -lutil
make[3]: Leaving directory '/<<BUILDDIR>>/cryptominisat-5.6.4+dfsg.1/obj-x86_64-linux-gnu'
[ 93%] Built target python_interface
[ 95%] Building CXX object cmsat5-src/CMakeFiles/cryptominisat5.dir/signalcode.cpp.o
cd /<<BUILDDIR>>/cryptominisat-5.6.4+dfsg.1/obj-x86_64-linux-gnu/cmsat5-src && /usr/bin/c++  -DBOOST_TEST_DYN_LINK -DUSE_M4RI -DUSE_ZLIB -I/<<BUILDDIR>>/cryptominisat-5.6.4+dfsg.1 -I/<<BUILDDIR>>/cryptominisat-5.6.4+dfsg.1/obj-x86_64-linux-gnu/cmsat5-src  -g -O2 -fdebug-prefix-map=/<<BUILDDIR>>/cryptominisat-5.6.4+dfsg.1=. -fstack-protector-strong -Wformat -Werror=format-security -Wdate-time -D_FORTIFY_SOURCE=2 -mtune=native -Wall -Wextra -Wunused -Wsign-compare -fno-omit-frame-pointer -Wtype-limits -Wuninitialized -Wno-deprecated -Wstrict-aliasing -Wpointer-arith -Wheader-guard -Wpointer-arith -Wformat-nonliteral -Winit-self -Wparentheses -Wunreachable-code -ggdb3 -Wno-bitfield-constant-conversion -Wnull-dereference -Wdouble-promotion -Wshadow -Wformat=2 -Wextra-semi -pedantic   -g -pthread -fPIC -std=gnu++11 -o CMakeFiles/cryptominisat5.dir/signalcode.cpp.o -c /<<BUILDDIR>>/cryptominisat-5.6.4+dfsg.1/src/signalcode.cpp
[ 97%] Linking CXX executable ../cryptominisat5_simple
cd /<<BUILDDIR>>/cryptominisat-5.6.4+dfsg.1/obj-x86_64-linux-gnu/cmsat5-src && /usr/bin/cmake -E cmake_link_script CMakeFiles/cryptominisat5_simple.dir/link.txt --verbose=1
/usr/bin/c++  -g -O2 -fdebug-prefix-map=/<<BUILDDIR>>/cryptominisat-5.6.4+dfsg.1=. -fstack-protector-strong -Wformat -Werror=format-security -Wdate-time -D_FORTIFY_SOURCE=2 -mtune=native -Wall -Wextra -Wunused -Wsign-compare -fno-omit-frame-pointer -Wtype-limits -Wuninitialized -Wno-deprecated -Wstrict-aliasing -Wpointer-arith -Wheader-guard -Wpointer-arith -Wformat-nonliteral -Winit-self -Wparentheses -Wunreachable-code -ggdb3 -Wno-bitfield-constant-conversion -Wnull-dereference -Wdouble-promotion -Wshadow -Wformat=2 -Wextra-semi -pedantic   -Wl,-z,relro -Wl,-z,now -Wl,--as-needed -O2 -Wl,--discard-all -Wl,--build-id=sha1 -rdynamic CMakeFiles/cryptominisat5_simple.dir/main_simple.cpp.o  -o ../cryptominisat5_simple -Wl,-rpath,/<<BUILDDIR>>/cryptominisat-5.6.4+dfsg.1/obj-x86_64-linux-gnu/lib: ../lib/libcryptominisat5.so.5.6 /usr/lib/x86_64-linux-gnu/libz.so /usr/lib/x86_64-linux-gnu/libm4ri.so -pthread 
make[3]: Leaving directory '/<<BUILDDIR>>/cryptominisat-5.6.4+dfsg.1/obj-x86_64-linux-gnu'
[ 97%] Built target cryptominisat5_simple
[100%] Linking CXX executable ../cryptominisat5
cd /<<BUILDDIR>>/cryptominisat-5.6.4+dfsg.1/obj-x86_64-linux-gnu/cmsat5-src && /usr/bin/cmake -E cmake_link_script CMakeFiles/cryptominisat5.dir/link.txt --verbose=1
/usr/bin/c++  -g -O2 -fdebug-prefix-map=/<<BUILDDIR>>/cryptominisat-5.6.4+dfsg.1=. -fstack-protector-strong -Wformat -Werror=format-security -Wdate-time -D_FORTIFY_SOURCE=2 -mtune=native -Wall -Wextra -Wunused -Wsign-compare -fno-omit-frame-pointer -Wtype-limits -Wuninitialized -Wno-deprecated -Wstrict-aliasing -Wpointer-arith -Wheader-guard -Wpointer-arith -Wformat-nonliteral -Winit-self -Wparentheses -Wunreachable-code -ggdb3 -Wno-bitfield-constant-conversion -Wnull-dereference -Wdouble-promotion -Wshadow -Wformat=2 -Wextra-semi -pedantic   -Wl,-z,relro -Wl,-z,now -Wl,--as-needed -O2 -Wl,--discard-all -Wl,--build-id=sha1 -rdynamic CMakeFiles/cryptominisat5.dir/main.cpp.o CMakeFiles/cryptominisat5.dir/main_exe.cpp.o CMakeFiles/cryptominisat5.dir/signalcode.cpp.o  -o ../cryptominisat5 -Wl,-rpath,/<<BUILDDIR>>/cryptominisat-5.6.4+dfsg.1/obj-x86_64-linux-gnu/lib: ../lib/libcryptominisat5.so.5.6 /usr/lib/x86_64-linux-gnu/libz.so /usr/lib/x86_64-linux-gnu/libboost_program_options.so /usr/lib/x86_64-linux-gnu/libm4ri.so -pthread 
make[3]: Leaving directory '/<<BUILDDIR>>/cryptominisat-5.6.4+dfsg.1/obj-x86_64-linux-gnu'
[100%] Built target cryptominisat5
make[2]: Leaving directory '/<<BUILDDIR>>/cryptominisat-5.6.4+dfsg.1/obj-x86_64-linux-gnu'
/usr/bin/cmake -E cmake_progress_start /<<BUILDDIR>>/cryptominisat-5.6.4+dfsg.1/obj-x86_64-linux-gnu/CMakeFiles 0
make[1]: Leaving directory '/<<BUILDDIR>>/cryptominisat-5.6.4+dfsg.1/obj-x86_64-linux-gnu'
   dh_auto_test -a
   create-stamp debian/debhelper-build-stamp
 fakeroot debian/rules binary-arch
dh binary-arch --with python3
   dh_testroot -a
   dh_prep -a
   dh_auto_install -a
	cd obj-x86_64-linux-gnu && make -j4 install DESTDIR=/<<BUILDDIR>>/cryptominisat-5.6.4\+dfsg.1/debian/tmp AM_UPDATE_INFO_DIR=no
make[1]: Entering directory '/<<BUILDDIR>>/cryptominisat-5.6.4+dfsg.1/obj-x86_64-linux-gnu'
/usr/bin/cmake -S/<<BUILDDIR>>/cryptominisat-5.6.4+dfsg.1 -B/<<BUILDDIR>>/cryptominisat-5.6.4+dfsg.1/obj-x86_64-linux-gnu --check-build-system CMakeFiles/Makefile.cmake 0
/usr/bin/cmake -E cmake_progress_start /<<BUILDDIR>>/cryptominisat-5.6.4+dfsg.1/obj-x86_64-linux-gnu/CMakeFiles /<<BUILDDIR>>/cryptominisat-5.6.4+dfsg.1/obj-x86_64-linux-gnu/CMakeFiles/progress.marks
make -f CMakeFiles/Makefile2 all
make[2]: Entering directory '/<<BUILDDIR>>/cryptominisat-5.6.4+dfsg.1/obj-x86_64-linux-gnu'
make -f cmsat5-src/CMakeFiles/CopyPublicHeaders.dir/build.make cmsat5-src/CMakeFiles/CopyPublicHeaders.dir/depend
make -f cmsat5-src/CMakeFiles/libcryptominisat5.dir/build.make cmsat5-src/CMakeFiles/libcryptominisat5.dir/depend
make[3]: Entering directory '/<<BUILDDIR>>/cryptominisat-5.6.4+dfsg.1/obj-x86_64-linux-gnu'
cd /<<BUILDDIR>>/cryptominisat-5.6.4+dfsg.1/obj-x86_64-linux-gnu && /usr/bin/cmake -E cmake_depends "Unix Makefiles" /<<BUILDDIR>>/cryptominisat-5.6.4+dfsg.1 /<<BUILDDIR>>/cryptominisat-5.6.4+dfsg.1/src /<<BUILDDIR>>/cryptominisat-5.6.4+dfsg.1/obj-x86_64-linux-gnu /<<BUILDDIR>>/cryptominisat-5.6.4+dfsg.1/obj-x86_64-linux-gnu/cmsat5-src /<<BUILDDIR>>/cryptominisat-5.6.4+dfsg.1/obj-x86_64-linux-gnu/cmsat5-src/CMakeFiles/CopyPublicHeaders.dir/DependInfo.cmake --color=
make[3]: Entering directory '/<<BUILDDIR>>/cryptominisat-5.6.4+dfsg.1/obj-x86_64-linux-gnu'
cd /<<BUILDDIR>>/cryptominisat-5.6.4+dfsg.1/obj-x86_64-linux-gnu && /usr/bin/cmake -E cmake_depends "Unix Makefiles" /<<BUILDDIR>>/cryptominisat-5.6.4+dfsg.1 /<<BUILDDIR>>/cryptominisat-5.6.4+dfsg.1/src /<<BUILDDIR>>/cryptominisat-5.6.4+dfsg.1/obj-x86_64-linux-gnu /<<BUILDDIR>>/cryptominisat-5.6.4+dfsg.1/obj-x86_64-linux-gnu/cmsat5-src /<<BUILDDIR>>/cryptominisat-5.6.4+dfsg.1/obj-x86_64-linux-gnu/cmsat5-src/CMakeFiles/libcryptominisat5.dir/DependInfo.cmake --color=
make[3]: Leaving directory '/<<BUILDDIR>>/cryptominisat-5.6.4+dfsg.1/obj-x86_64-linux-gnu'
make -f cmsat5-src/CMakeFiles/CopyPublicHeaders.dir/build.make cmsat5-src/CMakeFiles/CopyPublicHeaders.dir/build
make[3]: Entering directory '/<<BUILDDIR>>/cryptominisat-5.6.4+dfsg.1/obj-x86_64-linux-gnu'
cd /<<BUILDDIR>>/cryptominisat-5.6.4+dfsg.1/obj-x86_64-linux-gnu/cmsat5-src && /usr/bin/cmake -E make_directory /<<BUILDDIR>>/cryptominisat-5.6.4+dfsg.1/obj-x86_64-linux-gnu/include/cryptominisat5
make[3]: Leaving directory '/<<BUILDDIR>>/cryptominisat-5.6.4+dfsg.1/obj-x86_64-linux-gnu'
make -f cmsat5-src/CMakeFiles/libcryptominisat5.dir/build.make cmsat5-src/CMakeFiles/libcryptominisat5.dir/build
cd /<<BUILDDIR>>/cryptominisat-5.6.4+dfsg.1/obj-x86_64-linux-gnu/cmsat5-src && /usr/bin/cmake -E echo Copying\ cryptominisat_c.h\ to\ /<<BUILDDIR>>/cryptominisat-5.6.4+dfsg.1/obj-x86_64-linux-gnu/include/cryptominisat5
make[3]: Entering directory '/<<BUILDDIR>>/cryptominisat-5.6.4+dfsg.1/obj-x86_64-linux-gnu'
make[3]: Nothing to be done for 'cmsat5-src/CMakeFiles/libcryptominisat5.dir/build'.
make[3]: Leaving directory '/<<BUILDDIR>>/cryptominisat-5.6.4+dfsg.1/obj-x86_64-linux-gnu'
Copying cryptominisat_c.h to /<<BUILDDIR>>/cryptominisat-5.6.4+dfsg.1/obj-x86_64-linux-gnu/include/cryptominisat5
cd /<<BUILDDIR>>/cryptominisat-5.6.4+dfsg.1/obj-x86_64-linux-gnu/cmsat5-src && /usr/bin/cmake -E copy_if_different /<<BUILDDIR>>/cryptominisat-5.6.4+dfsg.1/obj-x86_64-linux-gnu/cmsat5-src/cryptominisat5/cryptominisat_c.h /<<BUILDDIR>>/cryptominisat-5.6.4+dfsg.1/obj-x86_64-linux-gnu/include/cryptominisat5
[ 85%] Built target libcryptominisat5
make -f cmsat5-src/CMakeFiles/cryptominisat5_simple.dir/build.make cmsat5-src/CMakeFiles/cryptominisat5_simple.dir/depend
make -f cmsat5-src/CMakeFiles/cryptominisat5.dir/build.make cmsat5-src/CMakeFiles/cryptominisat5.dir/depend
make -f pycryptosat/CMakeFiles/python_interface.dir/build.make pycryptosat/CMakeFiles/python_interface.dir/depend
make[3]: Entering directory '/<<BUILDDIR>>/cryptominisat-5.6.4+dfsg.1/obj-x86_64-linux-gnu'
cd /<<BUILDDIR>>/cryptominisat-5.6.4+dfsg.1/obj-x86_64-linux-gnu && /usr/bin/cmake -E cmake_depends "Unix Makefiles" /<<BUILDDIR>>/cryptominisat-5.6.4+dfsg.1 /<<BUILDDIR>>/cryptominisat-5.6.4+dfsg.1/src /<<BUILDDIR>>/cryptominisat-5.6.4+dfsg.1/obj-x86_64-linux-gnu /<<BUILDDIR>>/cryptominisat-5.6.4+dfsg.1/obj-x86_64-linux-gnu/cmsat5-src /<<BUILDDIR>>/cryptominisat-5.6.4+dfsg.1/obj-x86_64-linux-gnu/cmsat5-src/CMakeFiles/cryptominisat5_simple.dir/DependInfo.cmake --color=
make[3]: Entering directory '/<<BUILDDIR>>/cryptominisat-5.6.4+dfsg.1/obj-x86_64-linux-gnu'
cd /<<BUILDDIR>>/cryptominisat-5.6.4+dfsg.1/obj-x86_64-linux-gnu && /usr/bin/cmake -E cmake_depends "Unix Makefiles" /<<BUILDDIR>>/cryptominisat-5.6.4+dfsg.1 /<<BUILDDIR>>/cryptominisat-5.6.4+dfsg.1/python /<<BUILDDIR>>/cryptominisat-5.6.4+dfsg.1/obj-x86_64-linux-gnu /<<BUILDDIR>>/cryptominisat-5.6.4+dfsg.1/obj-x86_64-linux-gnu/pycryptosat /<<BUILDDIR>>/cryptominisat-5.6.4+dfsg.1/obj-x86_64-linux-gnu/pycryptosat/CMakeFiles/python_interface.dir/DependInfo.cmake --color=
make[3]: Entering directory '/<<BUILDDIR>>/cryptominisat-5.6.4+dfsg.1/obj-x86_64-linux-gnu'
cd /<<BUILDDIR>>/cryptominisat-5.6.4+dfsg.1/obj-x86_64-linux-gnu && /usr/bin/cmake -E cmake_depends "Unix Makefiles" /<<BUILDDIR>>/cryptominisat-5.6.4+dfsg.1 /<<BUILDDIR>>/cryptominisat-5.6.4+dfsg.1/src /<<BUILDDIR>>/cryptominisat-5.6.4+dfsg.1/obj-x86_64-linux-gnu /<<BUILDDIR>>/cryptominisat-5.6.4+dfsg.1/obj-x86_64-linux-gnu/cmsat5-src /<<BUILDDIR>>/cryptominisat-5.6.4+dfsg.1/obj-x86_64-linux-gnu/cmsat5-src/CMakeFiles/cryptominisat5.dir/DependInfo.cmake --color=
cd /<<BUILDDIR>>/cryptominisat-5.6.4+dfsg.1/obj-x86_64-linux-gnu/cmsat5-src && /usr/bin/cmake -E make_directory /<<BUILDDIR>>/cryptominisat-5.6.4+dfsg.1/obj-x86_64-linux-gnu/include/cryptominisat5
make[3]: Leaving directory '/<<BUILDDIR>>/cryptominisat-5.6.4+dfsg.1/obj-x86_64-linux-gnu'
make -f pycryptosat/CMakeFiles/python_interface.dir/build.make pycryptosat/CMakeFiles/python_interface.dir/build
make[3]: Leaving directory '/<<BUILDDIR>>/cryptominisat-5.6.4+dfsg.1/obj-x86_64-linux-gnu'
make[3]: Entering directory '/<<BUILDDIR>>/cryptominisat-5.6.4+dfsg.1/obj-x86_64-linux-gnu'
make -f cmsat5-src/CMakeFiles/cryptominisat5_simple.dir/build.make cmsat5-src/CMakeFiles/cryptominisat5_simple.dir/build
make[3]: Leaving directory '/<<BUILDDIR>>/cryptominisat-5.6.4+dfsg.1/obj-x86_64-linux-gnu'
make -f cmsat5-src/CMakeFiles/cryptominisat5.dir/build.make cmsat5-src/CMakeFiles/cryptominisat5.dir/build
cd /<<BUILDDIR>>/cryptominisat-5.6.4+dfsg.1/obj-x86_64-linux-gnu/cmsat5-src && /usr/bin/cmake -E echo Copying\ cryptominisat.h\ to\ /<<BUILDDIR>>/cryptominisat-5.6.4+dfsg.1/obj-x86_64-linux-gnu/include/cryptominisat5
make[3]: Entering directory '/<<BUILDDIR>>/cryptominisat-5.6.4+dfsg.1/obj-x86_64-linux-gnu'
make[3]: Nothing to be done for 'cmsat5-src/CMakeFiles/cryptominisat5_simple.dir/build'.
make[3]: Leaving directory '/<<BUILDDIR>>/cryptominisat-5.6.4+dfsg.1/obj-x86_64-linux-gnu'
make[3]: Entering directory '/<<BUILDDIR>>/cryptominisat-5.6.4+dfsg.1/obj-x86_64-linux-gnu'
make[3]: Nothing to be done for 'cmsat5-src/CMakeFiles/cryptominisat5.dir/build'.
make[3]: Leaving directory '/<<BUILDDIR>>/cryptominisat-5.6.4+dfsg.1/obj-x86_64-linux-gnu'
[ 87%] Generating build/timestamp
cd /<<BUILDDIR>>/cryptominisat-5.6.4+dfsg.1/obj-x86_64-linux-gnu/pycryptosat && /usr/bin/python3 setup.py build_ext --inplace --rpath ../lib
Copying cryptominisat.h to /<<BUILDDIR>>/cryptominisat-5.6.4+dfsg.1/obj-x86_64-linux-gnu/include/cryptominisat5
cd /<<BUILDDIR>>/cryptominisat-5.6.4+dfsg.1/obj-x86_64-linux-gnu/cmsat5-src && /usr/bin/cmake -E copy_if_different /<<BUILDDIR>>/cryptominisat-5.6.4+dfsg.1/obj-x86_64-linux-gnu/cmsat5-src/cryptominisat5/cryptominisat.h /<<BUILDDIR>>/cryptominisat-5.6.4+dfsg.1/obj-x86_64-linux-gnu/include/cryptominisat5
[ 91%] Built target cryptominisat5_simple
[100%] Built target cryptominisat5
cd /<<BUILDDIR>>/cryptominisat-5.6.4+dfsg.1/obj-x86_64-linux-gnu/cmsat5-src && /usr/bin/cmake -E make_directory /<<BUILDDIR>>/cryptominisat-5.6.4+dfsg.1/obj-x86_64-linux-gnu/include/cryptominisat5
cd /<<BUILDDIR>>/cryptominisat-5.6.4+dfsg.1/obj-x86_64-linux-gnu/cmsat5-src && /usr/bin/cmake -E echo Copying\ solvertypesmini.h\ to\ /<<BUILDDIR>>/cryptominisat-5.6.4+dfsg.1/obj-x86_64-linux-gnu/include/cryptominisat5
Copying solvertypesmini.h to /<<BUILDDIR>>/cryptominisat-5.6.4+dfsg.1/obj-x86_64-linux-gnu/include/cryptominisat5
cd /<<BUILDDIR>>/cryptominisat-5.6.4+dfsg.1/obj-x86_64-linux-gnu/cmsat5-src && /usr/bin/cmake -E copy_if_different /<<BUILDDIR>>/cryptominisat-5.6.4+dfsg.1/obj-x86_64-linux-gnu/cmsat5-src/cryptominisat5/solvertypesmini.h /<<BUILDDIR>>/cryptominisat-5.6.4+dfsg.1/obj-x86_64-linux-gnu/include/cryptominisat5
cd /<<BUILDDIR>>/cryptominisat-5.6.4+dfsg.1/obj-x86_64-linux-gnu/cmsat5-src && /usr/bin/cmake -E make_directory /<<BUILDDIR>>/cryptominisat-5.6.4+dfsg.1/obj-x86_64-linux-gnu/include/cryptominisat5
running build_ext
cd /<<BUILDDIR>>/cryptominisat-5.6.4+dfsg.1/obj-x86_64-linux-gnu/cmsat5-src && /usr/bin/cmake -E echo Copying\ dimacsparser.h\ to\ /<<BUILDDIR>>/cryptominisat-5.6.4+dfsg.1/obj-x86_64-linux-gnu/include/cryptominisat5
make[3]: Leaving directory '/<<BUILDDIR>>/cryptominisat-5.6.4+dfsg.1/obj-x86_64-linux-gnu'
Copying dimacsparser.h to /<<BUILDDIR>>/cryptominisat-5.6.4+dfsg.1/obj-x86_64-linux-gnu/include/cryptominisat5
cd /<<BUILDDIR>>/cryptominisat-5.6.4+dfsg.1/obj-x86_64-linux-gnu/cmsat5-src && /usr/bin/cmake -E copy_if_different /<<BUILDDIR>>/cryptominisat-5.6.4+dfsg.1/src/dimacsparser.h /<<BUILDDIR>>/cryptominisat-5.6.4+dfsg.1/obj-x86_64-linux-gnu/include/cryptominisat5
[100%] Built target python_interface
cd /<<BUILDDIR>>/cryptominisat-5.6.4+dfsg.1/obj-x86_64-linux-gnu/cmsat5-src && /usr/bin/cmake -E make_directory /<<BUILDDIR>>/cryptominisat-5.6.4+dfsg.1/obj-x86_64-linux-gnu/include/cryptominisat5
cd /<<BUILDDIR>>/cryptominisat-5.6.4+dfsg.1/obj-x86_64-linux-gnu/cmsat5-src && /usr/bin/cmake -E echo Copying\ streambuffer.h\ to\ /<<BUILDDIR>>/cryptominisat-5.6.4+dfsg.1/obj-x86_64-linux-gnu/include/cryptominisat5
Copying streambuffer.h to /<<BUILDDIR>>/cryptominisat-5.6.4+dfsg.1/obj-x86_64-linux-gnu/include/cryptominisat5
cd /<<BUILDDIR>>/cryptominisat-5.6.4+dfsg.1/obj-x86_64-linux-gnu/cmsat5-src && /usr/bin/cmake -E copy_if_different /<<BUILDDIR>>/cryptominisat-5.6.4+dfsg.1/src/streambuffer.h /<<BUILDDIR>>/cryptominisat-5.6.4+dfsg.1/obj-x86_64-linux-gnu/include/cryptominisat5
make[3]: Leaving directory '/<<BUILDDIR>>/cryptominisat-5.6.4+dfsg.1/obj-x86_64-linux-gnu'
[100%] Built target CopyPublicHeaders
make[2]: Leaving directory '/<<BUILDDIR>>/cryptominisat-5.6.4+dfsg.1/obj-x86_64-linux-gnu'
/usr/bin/cmake -E cmake_progress_start /<<BUILDDIR>>/cryptominisat-5.6.4+dfsg.1/obj-x86_64-linux-gnu/CMakeFiles 0
make -f CMakeFiles/Makefile2 preinstall
make[2]: Entering directory '/<<BUILDDIR>>/cryptominisat-5.6.4+dfsg.1/obj-x86_64-linux-gnu'
make[2]: Nothing to be done for 'preinstall'.
make[2]: Leaving directory '/<<BUILDDIR>>/cryptominisat-5.6.4+dfsg.1/obj-x86_64-linux-gnu'
Install the project...
/usr/bin/cmake -P cmake_install.cmake
-- Install configuration: "None"
-- Installing: /<<BUILDDIR>>/cryptominisat-5.6.4+dfsg.1/debian/tmp/usr/lib/cmake/cryptominisat5/cryptominisat5Config.cmake
-- Installing: /<<BUILDDIR>>/cryptominisat-5.6.4+dfsg.1/debian/tmp/usr/lib/cmake/cryptominisat5/cryptominisat5Targets.cmake
-- Installing: /<<BUILDDIR>>/cryptominisat-5.6.4+dfsg.1/debian/tmp/usr/lib/cmake/cryptominisat5/cryptominisat5Targets-none.cmake
-- Installing: /<<BUILDDIR>>/cryptominisat-5.6.4+dfsg.1/debian/tmp/usr/lib/x86_64-linux-gnu/libcryptominisat5.so.5.6
-- Installing: /<<BUILDDIR>>/cryptominisat-5.6.4+dfsg.1/debian/tmp/usr/lib/x86_64-linux-gnu/libcryptominisat5.so
-- Installing: /<<BUILDDIR>>/cryptominisat-5.6.4+dfsg.1/debian/tmp/usr/include/cryptominisat5/cryptominisat_c.h
-- Installing: /<<BUILDDIR>>/cryptominisat-5.6.4+dfsg.1/debian/tmp/usr/include/cryptominisat5/cryptominisat.h
-- Installing: /<<BUILDDIR>>/cryptominisat-5.6.4+dfsg.1/debian/tmp/usr/include/cryptominisat5/solvertypesmini.h
-- Installing: /<<BUILDDIR>>/cryptominisat-5.6.4+dfsg.1/debian/tmp/usr/include/cryptominisat5/dimacsparser.h
-- Installing: /<<BUILDDIR>>/cryptominisat-5.6.4+dfsg.1/debian/tmp/usr/include/cryptominisat5/streambuffer.h
-- Installing: /<<BUILDDIR>>/cryptominisat-5.6.4+dfsg.1/debian/tmp/usr/bin/cryptominisat5_simple
-- Set runtime path of "/<<BUILDDIR>>/cryptominisat-5.6.4+dfsg.1/debian/tmp/usr/bin/cryptominisat5_simple" to ""
-- Installing: /<<BUILDDIR>>/cryptominisat-5.6.4+dfsg.1/debian/tmp/usr/bin/cryptominisat5
-- Set runtime path of "/<<BUILDDIR>>/cryptominisat-5.6.4+dfsg.1/debian/tmp/usr/bin/cryptominisat5" to ""
running install
running build
running build_ext
building 'pycryptosat' extension
/usr/bin/cc -g -W -Wall -Wno-deprecated -std=c++11 -g -O2 -fdebug-prefix-map=/<<BUILDDIR>>/cryptominisat-5.6.4+dfsg.1=. -fstack-protector-strong -Wformat -Werror=format-security -Wall -pedantic -Wdate-time -D_FORTIFY_SOURCE=2 -fPIC -DLIBRARY_VERSION="5.6.4" -I/usr/include/python3.7m -c /<<BUILDDIR>>/cryptominisat-5.6.4+dfsg.1/python/src/pycryptosat.cpp -o build/temp.linux-x86_64-3.7/<<BUILDDIR>>/cryptominisat-5.6.4+dfsg.1/python/src/pycryptosat.o -Wno-unused-result -Wsign-compare -DNDEBUG -g -fwrapv -O2 -Wall -g -fstack-protector-strong -Wformat -Werror=format-security -g -fuse-linker-plugin -ffat-lto-objects -I/<<BUILDDIR>>/cryptominisat-5.6.4+dfsg.1 -I/<<BUILDDIR>>/cryptominisat-5.6.4+dfsg.1/obj-x86_64-linux-gnu/cmsat5-src
clang: warning: optimization flag '-fuse-linker-plugin' is not supported [-Wignored-optimization-argument]
clang: warning: optimization flag '-ffat-lto-objects' is not supported [-Wignored-optimization-argument]
/<<BUILDDIR>>/cryptominisat-5.6.4+dfsg.1/python/src/pycryptosat.cpp:265:15: warning: unused variable 'max_len' [-Wunused-variable]
    PyObject *max_len;
              ^
/<<BUILDDIR>>/cryptominisat-5.6.4+dfsg.1/python/src/pycryptosat.cpp:299:15: warning: unused variable 'max_len' [-Wunused-variable]
    PyObject *max_len;
              ^
/<<BUILDDIR>>/cryptominisat-5.6.4+dfsg.1/python/src/pycryptosat.cpp:745:32: warning: unused variable 'it' [-Wunused-variable]
    std::vector<Lit>::iterator it;
                               ^
3 warnings generated.
creating build/lib.linux-x86_64-3.7
/usr/bin/c++ -pthread -shared -Wl,-O1 -Wl,-Bsymbolic-functions -Wl,-z,relro -Wl,-z,relro -Wl,-z,now -Wl,--as-needed -g -O2 -fdebug-prefix-map=/<<BUILDDIR>>/cryptominisat-5.6.4+dfsg.1=. -fstack-protector-strong -Wformat -Werror=format-security -Wall -pedantic -Wdate-time -D_FORTIFY_SOURCE=2 build/temp.linux-x86_64-3.7/<<BUILDDIR>>/cryptominisat-5.6.4+dfsg.1/python/src/pycryptosat.o -L. -L/<<BUILDDIR>>/cryptominisat-5.6.4+dfsg.1/obj-x86_64-linux-gnu/lib -lcryptominisat5 -o build/lib.linux-x86_64-3.7/pycryptosat.cpython-37m-x86_64-linux-gnu.so -lpthread -ldl -lutil
running install_lib
creating /<<BUILDDIR>>/cryptominisat-5.6.4+dfsg.1/debian/tmp/usr/lib/python3.7
creating /<<BUILDDIR>>/cryptominisat-5.6.4+dfsg.1/debian/tmp/usr/lib/python3.7/site-packages
copying build/lib.linux-x86_64-3.7/pycryptosat.cpython-37m-x86_64-linux-gnu.so -> /<<BUILDDIR>>/cryptominisat-5.6.4+dfsg.1/debian/tmp/usr/lib/python3.7/site-packages
running install_egg_info
Writing /<<BUILDDIR>>/cryptominisat-5.6.4+dfsg.1/debian/tmp/usr/lib/python3.7/site-packages/pycryptosat-0.2.0-py3.7.egg-info
writing list of installed files to 'files.txt'
make[1]: Leaving directory '/<<BUILDDIR>>/cryptominisat-5.6.4+dfsg.1/obj-x86_64-linux-gnu'
   dh_install -a
   dh_installdocs -a
   dh_installchangelogs -a
   dh_installman -a
   dh_python3 -a
I: dh_python3 fs:406: renaming pycryptosat-0.2.0-py3.7.egg-info to pycryptosat-0.2.0.egg-info
   dh_installmenu -a
   dh_perl -a
   dh_link -a
   dh_strip_nondeterminism -a
   dh_compress -a
   dh_fixperms -a
   dh_missing -a
   dh_strip -a
   dh_makeshlibs -a
dpkg-gensymbols: warning: some new symbols appeared in the symbols file: see diff output below
dpkg-gensymbols: error: some symbols or patterns disappeared in the symbols file: see diff output below
dpkg-gensymbols: warning: debian/libcryptominisat5-5.6/DEBIAN/symbols doesn't match completely debian/libcryptominisat5-5.6.symbols
--- debian/libcryptominisat5-5.6.symbols (libcryptominisat5-5.6_5.6.4+dfsg.1-1_amd64)
+++ dpkg-gensymbolsQp3PQt	2019-01-09 22:00:04.424007381 +0000
@@ -8,13 +8,18 @@
  _Z4calcPKSt6vectorIN5CMSat3LitESaIS1_EEbPNS0_16CMSatPrivateDataEb@Base 5.6.3
  _Z5fromcPK5c_Lit@Base 5.6.3
  _Z5fromcPK7c_lbool@Base 5.6.3
- _ZN11MyOccSorterclERKN5CMSat7WatchedES3_@Base 5.6.3
- _ZN12StreamBufferIP8_IO_FILE2FNE8skipLineEv@Base 5.6.3
+#MISSING: 5.6.4+dfsg.1-1# _ZN11MyOccSorterclERKN5CMSat7WatchedES3_@Base 5.6.3
+ _ZN12StreamBufferIP8_IO_FILE2FNE11parseStringERNSt7__cxx1112basic_stringIcSt11char_traitsIcESaIcEEE@Base 5.6.4+dfsg.1-1
+ _ZN12StreamBufferIP8_IO_FILE2FNE8parseIntERimb@Base 5.6.4+dfsg.1-1
+#MISSING: 5.6.4+dfsg.1-1# _ZN12StreamBufferIP8_IO_FILE2FNE8skipLineEv@Base 5.6.3
+ _ZN13OneThreadCalcclEv@Base 5.6.4+dfsg.1-1
+ _ZN15OneThreadAddClsclEv@Base 5.6.4+dfsg.1-1
  _ZN5CMSat10CompFinder15find_componentsEv@Base 5.6.3
  _ZN5CMSat10CompFinder18addToCompImplicitsEv@Base 5.6.3
  _ZN5CMSat10CompFinder23add_clause_to_componentINS_6ClauseEEEvRKT_@Base 5.6.3
  _ZN5CMSat10CompFinder23add_clause_to_componentISt6vectorINS_3LitESaIS3_EEEEvRKT_@Base 5.6.3
  _ZN5CMSat10CompFinder23fill_newset_and_tomergeINS_6ClauseEEEvRKT_@Base 5.6.3
+ _ZN5CMSat10CompFinder23fill_newset_and_tomergeISt6vectorINS_3LitESaIS3_EEEEvRKT_@Base 5.6.4+dfsg.1-1
  _ZN5CMSat10CompFinder24add_clauses_to_componentERKSt6vectorIjSaIjEE@Base 5.6.3
  _ZN5CMSat10CompFinder34merge_newset_into_single_componentEv@Base 5.6.3
  _ZN5CMSat10CompFinderC1EPNS_6SolverE@Base 5.6.3
@@ -22,13 +27,17 @@
  _ZN5CMSat10PropEngine10load_stateERNS_12SimpleInFileE@Base 5.6.3
  _ZN5CMSat10PropEngine10updateVarsERKSt6vectorIjSaIjEES5_S5_@Base 5.6.3
  _ZN5CMSat10PropEngine11print_trailEv@Base 5.6.3
+ _ZN5CMSat10PropEngine11updateWatchERNS_3vecINS_7WatchedEEERKSt6vectorIjSaIjEE@Base 5.6.4+dfsg.1-1
  _ZN5CMSat10PropEngine12attachClauseERKNS_6ClauseEb@Base 5.6.3
  _ZN5CMSat10PropEngine15propagate_occurEv@Base 5.6.3
+ _ZN5CMSat10PropEngine17detach_bin_clauseENS_3LitES1_bbb@Base 5.6.4+dfsg.1-1
  _ZN5CMSat10PropEngine17propagateIrredBinEv@Base 5.6.3
  _ZN5CMSat10PropEngine18save_on_var_memoryEv@Base 5.6.3
  _ZN5CMSat10PropEngine19propagate_any_orderILb0EEENS_6PropByEv@Base 5.6.3
  _ZN5CMSat10PropEngine19propagate_any_orderILb1EEENS_6PropByEv@Base 5.6.3
  _ZN5CMSat10PropEngine22detach_modified_clauseENS_3LitES1_PKNS_6ClauseE@Base 5.6.3
+ _ZN5CMSat10PropEngine22prop_long_cl_any_orderILb0EEEbPNS_7WatchedERS3_NS_3LitERNS_6PropByE@Base 5.6.4+dfsg.1-1
+ _ZN5CMSat10PropEngine22prop_long_cl_any_orderILb1EEEbPNS_7WatchedERS3_NS_3LitERNS_6PropByE@Base 5.6.4+dfsg.1-1
  _ZN5CMSat10PropEngine24propagate_any_order_fastEv@Base 5.6.3
  _ZN5CMSat10PropEngine27propagate_long_clause_occurEj@Base 5.6.3
  _ZN5CMSat10PropEngine29propagate_binary_clause_occurERKNS_7WatchedE@Base 5.6.3
@@ -36,16 +45,17 @@
  _ZN5CMSat10PropEngine7enqueueILb1EEEvNS_3LitENS_6PropByE@Base 5.6.3
  _ZN5CMSat10PropEngine7new_varEbj@Base 5.6.3
  _ZN5CMSat10PropEngine8new_varsEm@Base 5.6.3
- _ZN5CMSat10PropEngine9calc_glueISt6vectorINS_3LitESaIS3_EEEEjRKT_@Base 5.6.3
+#MISSING: 5.6.4+dfsg.1-1# _ZN5CMSat10PropEngine9calc_glueISt6vectorINS_3LitESaIS3_EEEEjRKT_@Base 5.6.3
  _ZN5CMSat10PropEngineC1EPKNS_10SolverConfEPSt6atomicIbE@Base 5.6.3
  _ZN5CMSat10PropEngineC2EPKNS_10SolverConfEPSt6atomicIbE@Base 5.6.3
  _ZN5CMSat10PropEngineD0Ev@Base 5.6.3
  _ZN5CMSat10PropEngineD1Ev@Base 5.6.3
  _ZN5CMSat10PropEngineD2Ev@Base 5.6.3
  _ZN5CMSat10SolverConfC1Ev@Base 5.6.3
+ _ZN5CMSat10SolverConfC2ERKS0_@Base 5.6.4+dfsg.1-1
  _ZN5CMSat10SolverConfC2Ev@Base 5.6.3
- _ZN5CMSat10SolverConfD1Ev@Base 5.6.3
- _ZN5CMSat10SolverConfD2Ev@Base 5.6.3
+#MISSING: 5.6.4+dfsg.1-1# _ZN5CMSat10SolverConfD1Ev@Base 5.6.3
+#MISSING: 5.6.4+dfsg.1-1# _ZN5CMSat10SolverConfD2Ev@Base 5.6.3
  _ZN5CMSat10TransCache10makeAllRedEv@Base 5.6.3
  _ZN5CMSat10TransCache10updateVarsERKSt6vectorIjSaIjEEm@Base 5.6.3
  _ZN5CMSat10TransCache11mergeHelperENS_3LitEbRSt6vectorItSaItEE@Base 5.6.3
@@ -55,6 +65,8 @@
  _ZN5CMSat10get_score4ERKNS_13SolveFeaturesEi@Base 5.6.3
  _ZN5CMSat10get_score6ERKNS_13SolveFeaturesEi@Base 5.6.3
  _ZN5CMSat10get_score7ERKNS_13SolveFeaturesEi@Base 5.6.3
+ _ZN5CMSat11CompHandler10saveClauseINS_6ClauseEEEvRKT_@Base 5.6.4+dfsg.1-1
+ _ZN5CMSat11CompHandler10saveClauseISt6vectorINS_3LitESaIS3_EEEEvRKT_@Base 5.6.4+dfsg.1-1
  _ZN5CMSat11CompHandler13addSavedStateERSt6vectorINS_5lboolESaIS2_EE@Base 5.6.3
  _ZN5CMSat11CompHandler15moveClausesLongERSt6vectorIjSaIjEEPNS_9SATSolverEj@Base 5.6.3
  _ZN5CMSat11CompHandler15solve_componentEjjRKSt6vectorIjSaIjEEm@Base 5.6.3
@@ -98,11 +110,12 @@
  _ZN5CMSat11HyperEngineC1EPKNS_10SolverConfEPSt6atomicIbE@Base 5.6.3
  _ZN5CMSat11HyperEngineC2EPKNS_10SolverConfEPSt6atomicIbE@Base 5.6.3
  _ZN5CMSat11HyperEngineD0Ev@Base 5.6.3
- _ZN5CMSat11HyperEngineD1Ev@Base 5.6.3
+#MISSING: 5.6.4+dfsg.1-1# _ZN5CMSat11HyperEngineD1Ev@Base 5.6.3
  _ZN5CMSat11HyperEngineD2Ev@Base 5.6.3
  _ZN5CMSat11PossibleXor3addINS_6ClauseEEEvRKT_jRSt6vectorIjSaIjEE@Base 5.6.3
  _ZN5CMSat11PossibleXor3addISt6vectorINS_3LitESaIS3_EEEEvRKT_jRS2_IjSaIjEE@Base 5.6.3
- _ZN5CMSat11SearchStats5clearEv@Base 5.6.3
+ _ZN5CMSat11PossibleXor5setupERKSt6vectorINS_3LitESaIS2_EEjjRS1_IjSaIjEE@Base 5.6.4+dfsg.1-1
+#MISSING: 5.6.4+dfsg.1-1# _ZN5CMSat11SearchStats5clearEv@Base 5.6.3
  _ZN5CMSat11SearchStatsmIERKS0_@Base 5.6.3
  _ZN5CMSat11SearchStatspLERKS0_@Base 5.6.3
  _ZN5CMSat11VarReplacer10load_stateERNS_12SimpleInFileE@Base 5.6.3
@@ -137,6 +150,7 @@
  _ZN5CMSat11VarReplacer7new_varEj@Base 5.6.3
  _ZN5CMSat11VarReplacer7replaceEjjb@Base 5.6.3
  _ZN5CMSat11VarReplacer8new_varsEm@Base 5.6.3
+ _ZN5CMSat11VarReplacer9updateBinEPNS_7WatchedERS2_NS_3LitES4_S4_S4_@Base 5.6.4+dfsg.1-1
  _ZN5CMSat11VarReplacerC1EPNS_6SolverE@Base 5.6.3
  _ZN5CMSat11VarReplacerC2EPNS_6SolverE@Base 5.6.3
  _ZN5CMSat11VarReplacerD1Ev@Base 5.6.3
@@ -148,8 +162,9 @@
  _ZN5CMSat11updateArrayISt6vectorINS_7VarDataESaIS2_EEEEvRT_RKS1_IjSaIjEE@Base 5.6.3
  _ZN5CMSat11updateArrayISt6vectorIdSaIdEEEEvRT_RKS1_IjSaIjEE@Base 5.6.3
  _ZN5CMSat11updateArrayISt6vectorIjSaIjEEEEvRT_RKS3_@Base 5.6.3
- _ZN5CMSat11watch_arrayD1Ev@Base 5.6.3
- _ZN5CMSat11watch_arrayD2Ev@Base 5.6.3
+ _ZN5CMSat11watch_array6resizeEm@Base 5.6.4+dfsg.1-1
+#MISSING: 5.6.4+dfsg.1-1# _ZN5CMSat11watch_arrayD1Ev@Base 5.6.3
+#MISSING: 5.6.4+dfsg.1-1# _ZN5CMSat11watch_arrayD2Ev@Base 5.6.3
  _ZN5CMSat12ClauseDumper12dump_bin_clsEbbb@Base 5.6.3
  _ZN5CMSat12ClauseDumper12dump_clausesERKSt6vectorIjSaIjEEb@Base 5.6.3
  _ZN5CMSat12ClauseDumper12dump_eq_litsEb@Base 5.6.3
@@ -167,11 +182,24 @@
  _ZN5CMSat12ClauseDumper31dump_irred_cls_for_preprocessorEb@Base 5.6.3
  _ZN5CMSat12ClauseDumper32open_file_and_dump_irred_clausesERKNSt7__cxx1112basic_stringIcSt11char_traitsIcESaIcEEE@Base 5.6.3
  _ZN5CMSat12ClauseDumper45open_file_and_dump_irred_clauses_preprocessorERKNSt7__cxx1112basic_stringIcSt11char_traitsIcESaIcEEE@Base 5.6.3
- _ZN5CMSat12ClauseDumperD1Ev@Base 5.6.3
+#MISSING: 5.6.4+dfsg.1-1# _ZN5CMSat12ClauseDumperD1Ev@Base 5.6.3
  _ZN5CMSat12ClauseDumperD2Ev@Base 5.6.3
- _ZN5CMSat12TouchListLitD1Ev@Base 5.6.3
- _ZN5CMSat12TouchListLitD2Ev@Base 5.6.3
+ _ZN5CMSat12SimpleInFile10get_vectorINS_3LitEEEvRSt6vectorIT_SaIS4_EE@Base 5.6.4+dfsg.1-1
+ _ZN5CMSat12SimpleInFile10get_vectorINS_5lboolEEEvRSt6vectorIT_SaIS4_EE@Base 5.6.4+dfsg.1-1
+ _ZN5CMSat12SimpleInFile10get_vectorINS_7VarDataEEEvRSt6vectorIT_SaIS4_EE@Base 5.6.4+dfsg.1-1
+ _ZN5CMSat12SimpleInFile10get_vectorIdEEvRSt6vectorIT_SaIS3_EE@Base 5.6.4+dfsg.1-1
+ _ZN5CMSat12SimpleInFile10get_vectorIjEEvRSt6vectorIT_SaIS3_EE@Base 5.6.4+dfsg.1-1
+ _ZN5CMSat12SimpleInFile5startERKNSt7__cxx1112basic_stringIcSt11char_traitsIcESaIcEEE@Base 5.6.4+dfsg.1-1
+ _ZN5CMSat12TouchListLit5touchEj@Base 5.6.4+dfsg.1-1
+#MISSING: 5.6.4+dfsg.1-1# _ZN5CMSat12TouchListLitD1Ev@Base 5.6.3
+#MISSING: 5.6.4+dfsg.1-1# _ZN5CMSat12TouchListLitD2Ev@Base 5.6.3
+ _ZN5CMSat12updateBySwapINS_11watch_arrayESt6vectorItSaItEEEEvRT_RT0_RKS2_IjSaIjEE@Base 5.6.4+dfsg.1-1
+ _ZN5CMSat12updateBySwapISt6vectorINS_10TransCacheESaIS2_EES1_ItSaItEEEEvRT_RT0_RKS1_IjSaIjEE@Base 5.6.4+dfsg.1-1
+ _ZN5CMSat12updateBySwapISt6vectorINS_9TimestampESaIS2_EES1_ItSaItEEEEvRT_RT0_RKS1_IjSaIjEE@Base 5.6.4+dfsg.1-1
+ _ZN5CMSat13AtecedentDataImEmIImEERS1_RKNS0_IT_EE@Base 5.6.4+dfsg.1-1
+ _ZN5CMSat13AtecedentDataImEpLImEERS1_RKNS0_IT_EE@Base 5.6.4+dfsg.1-1
  _ZN5CMSat13ClauseCleaner12ImplicitData19update_solver_statsEPNS_6SolverE@Base 5.6.3
+ _ZN5CMSat13ClauseCleaner12clean_clauseERNS_6ClauseE@Base 5.6.4+dfsg.1-1
  _ZN5CMSat13ClauseCleaner13clean_one_xorERNS_3XorE@Base 5.6.3
  _ZN5CMSat13ClauseCleaner17clean_clauses_preEv@Base 5.6.3
  _ZN5CMSat13ClauseCleaner17clean_xor_clausesERSt6vectorINS_3XorESaIS2_EE@Base 5.6.3
@@ -191,6 +219,7 @@
  _ZN5CMSat13DistillerLong7distillEb@Base 5.6.3
  _ZN5CMSat13DistillerLongC1EPNS_6SolverE@Base 5.6.3
  _ZN5CMSat13DistillerLongC2EPNS_6SolverE@Base 5.6.3
+ _ZN5CMSat13OccSimplifier10Resolvents13add_resolventERKSt6vectorINS_3LitESaIS3_EERKNS_11ClauseStatsEb@Base 5.6.4+dfsg.1-1
  _ZN5CMSat13OccSimplifier10fill_occurEv@Base 5.6.3
  _ZN5CMSat13OccSimplifier10freeXorMemEv@Base 5.6.3
  _ZN5CMSat13OccSimplifier10load_stateERNS_12SimpleInFileE@Base 5.6.3
@@ -264,9 +293,12 @@
  _ZN5CMSat13TopLevelGaussC1EPNS_6SolverE@Base 5.6.3
  _ZN5CMSat13TopLevelGaussC2EPNS_6SolverE@Base 5.6.3
  _ZN5CMSat13TopLevelGaussD0Ev@Base 5.6.3
- _ZN5CMSat13TopLevelGaussD1Ev@Base 5.6.3
+#MISSING: 5.6.4+dfsg.1-1# _ZN5CMSat13TopLevelGaussD1Ev@Base 5.6.3
  _ZN5CMSat13TopLevelGaussD2Ev@Base 5.6.3
- _ZN5CMSat13updateLitsMapINS_6ClauseEEEvRT_RKSt6vectorIjSaIjEE@Base 5.6.3
+#MISSING: 5.6.4+dfsg.1-1# _ZN5CMSat13updateLitsMapINS_6ClauseEEEvRT_RKSt6vectorIjSaIjEE@Base 5.6.3
+ _ZN5CMSat14updateArrayRevISt6vectorINS_5lboolESaIS2_EEEEvRT_RKS1_IjSaIjEE@Base 5.6.4+dfsg.1-1
+ _ZN5CMSat14updateArrayRevISt6vectorIjSaIjEEEEvRT_RKS3_@Base 5.6.4+dfsg.1-1
+ _ZN5CMSat15ClauseAllocator10Clause_newISt6vectorINS_3LitESaIS3_EEEEPNS_6ClauseERKT_j@Base 5.6.4+dfsg.1-1
  _ZN5CMSat15ClauseAllocator10clauseFreeEPNS_6ClauseE@Base 5.6.3
  _ZN5CMSat15ClauseAllocator10clauseFreeEj@Base 5.6.3
  _ZN5CMSat15ClauseAllocator11allocEnoughEj@Base 5.6.3
@@ -283,6 +315,7 @@
  _ZN5CMSat15SubsumeImplicitC1EPNS_6SolverE@Base 5.6.3
  _ZN5CMSat15SubsumeImplicitC2EPNS_6SolverE@Base 5.6.3
  _ZN5CMSat15get_version_tagEv@Base 5.6.3
+ _ZN5CMSat16CMSatPrivateDataD2Ev@Base 5.6.4+dfsg.1-1
  _ZN5CMSat16ClauseSizeSorterclEjj@Base 5.6.3
  _ZN5CMSat16SolutionExtender12dummyBlockedEj@Base 5.6.3
  _ZN5CMSat16SolutionExtender6extendEv@Base 5.6.3
@@ -290,6 +323,7 @@
  _ZN5CMSat16SolutionExtenderC1EPNS_6SolverEPNS_13OccSimplifierE@Base 5.6.3
  _ZN5CMSat16SolutionExtenderC2EPNS_6SolverEPNS_13OccSimplifierE@Base 5.6.3
  _ZN5CMSat16get_version_sha1Ev@Base 5.6.3
+ _ZN5CMSat16print_stats_lineENSt7__cxx1112basic_stringIcSt11char_traitsIcESaIcEEEmmm@Base 5.6.4+dfsg.1-1
  _ZN5CMSat16print_stats_lineIdEEvNSt7__cxx1112basic_stringIcSt11char_traitsIcESaIcEEET_S6_@Base 5.6.3
  _ZN5CMSat16print_stats_lineIddEEvNSt7__cxx1112basic_stringIcSt11char_traitsIcESaIcEEET_S6_T0_S6_@Base 5.6.3
  _ZN5CMSat16print_stats_lineIddEEvNSt7__cxx1112basic_stringIcSt11char_traitsIcESaIcEEET_T0_S6_@Base 5.6.3
@@ -306,6 +340,7 @@
  _ZN5CMSat17SolveFeaturesCalc26calculate_cl_distributionsERKSt6vectorIjSaIjEERNS_13SolveFeatures7DistribE@Base 5.6.3
  _ZN5CMSat17SolveFeaturesCalc28calculate_extra_clause_statsEv@Base 5.6.3
  _ZN5CMSat17SolveFeaturesCalc7extractEv@Base 5.6.3
+ _ZN5CMSat17StrImplWImplStamp15StrImplicitData5clearEv@Base 5.6.4+dfsg.1-1
  _ZN5CMSat17StrImplWImplStamp21str_impl_w_impl_stampEv@Base 5.6.3
  _ZN5CMSat17StrImplWImplStamp23strengthen_bin_with_binENS_3LitEPNS_7WatchedERS3_PKS2_@Base 5.6.3
  _ZN5CMSat17StrImplWImplStamp34distill_implicit_with_implicit_litENS_3LitE@Base 5.6.3
@@ -315,6 +350,9 @@
  _ZN5CMSat17SubsumeStrengthen13find_subsumedISt5arrayINS_3LitELm2EEEEvjRKT_jRSt6vectorIjSaIjEEb@Base 5.6.3
  _ZN5CMSat17SubsumeStrengthen13find_subsumedISt6vectorINS_3LitESaIS3_EEEEvjRKT_jRS2_IjSaIjEEb@Base 5.6.3
  _ZN5CMSat17SubsumeStrengthen14remove_literalEjNS_3LitE@Base 5.6.3
+ _ZN5CMSat17SubsumeStrengthen16findStrengthenedINS_6ClauseEEEvjRKT_jRSt6vectorIjSaIjEERS6_INS_3LitESaISA_EE@Base 5.6.4+dfsg.1-1
+ _ZN5CMSat17SubsumeStrengthen16findStrengthenedISt6vectorINS_3LitESaIS3_EEEEvjRKT_jRS2_IjSaIjEERS5_@Base 5.6.4+dfsg.1-1
+ _ZN5CMSat17SubsumeStrengthen18subsume_and_unlinkINS_6ClauseEEENS0_7Sub0RetEjRKT_jb@Base 5.6.4+dfsg.1-1
  _ZN5CMSat17SubsumeStrengthen18subsume_and_unlinkISt6vectorINS_3LitESaIS3_EEEENS0_7Sub0RetEjRKT_jb@Base 5.6.3
  _ZN5CMSat17SubsumeStrengthen20handle_added_long_clEPlb@Base 5.6.3
  _ZN5CMSat17SubsumeStrengthen23randomise_clauses_orderEv@Base 5.6.3
@@ -327,12 +365,14 @@
  _ZN5CMSat17SubsumeStrengthen34backw_sub_str_long_with_bins_watchENS_3LitEb@Base 5.6.3
  _ZN5CMSat17SubsumeStrengthen43strengthen_subsume_and_unlink_and_markirredEj@Base 5.6.3
  _ZN5CMSat17SubsumeStrengthen5StatspLERKS1_@Base 5.6.3
+ _ZN5CMSat17SubsumeStrengthen8fillSubsINS_6ClauseEEEvjRKT_jRSt6vectorIjSaIjEERS6_INS_3LitESaISA_EESA_@Base 5.6.4+dfsg.1-1
+ _ZN5CMSat17SubsumeStrengthen8fillSubsISt6vectorINS_3LitESaIS3_EEEEvjRKT_jRS2_IjSaIjEERS5_S3_@Base 5.6.4+dfsg.1-1
  _ZN5CMSat17SubsumeStrengthenC1EPNS_13OccSimplifierEPNS_6SolverE@Base 5.6.3
  _ZN5CMSat17SubsumeStrengthenC2EPNS_13OccSimplifierEPNS_6SolverE@Base 5.6.3
- _ZN5CMSat17TopLevelGaussAbst13toplevelgaussERKSt6vectorINS_3XorESaIS2_EEPS1_INS_3LitESaIS7_EE@Base 5.6.3
- _ZN5CMSat17TopLevelGaussAbstD0Ev@Base 5.6.3
- _ZN5CMSat17TopLevelGaussAbstD1Ev@Base 5.6.3
- _ZN5CMSat17TopLevelGaussAbstD2Ev@Base 5.6.3
+#MISSING: 5.6.4+dfsg.1-1# _ZN5CMSat17TopLevelGaussAbst13toplevelgaussERKSt6vectorINS_3XorESaIS2_EEPS1_INS_3LitESaIS7_EE@Base 5.6.3
+#MISSING: 5.6.4+dfsg.1-1# _ZN5CMSat17TopLevelGaussAbstD0Ev@Base 5.6.3
+#MISSING: 5.6.4+dfsg.1-1# _ZN5CMSat17TopLevelGaussAbstD1Ev@Base 5.6.3
+#MISSING: 5.6.4+dfsg.1-1# _ZN5CMSat17TopLevelGaussAbstD2Ev@Base 5.6.3
  _ZN5CMSat19get_compilation_envEv@Base 5.6.3
  _ZN5CMSat21DistillerLongWithImpl14CacheBasedData5clearEv@Base 5.6.3
  _ZN5CMSat21DistillerLongWithImpl23remove_or_shrink_clauseERNS_6ClauseERj@Base 5.6.3
@@ -352,6 +392,7 @@
  _ZN5CMSat21DistillerLongWithImpl5StatspLERKS1_@Base 5.6.3
  _ZN5CMSat21DistillerLongWithImplC1EPNS_6SolverE@Base 5.6.3
  _ZN5CMSat21DistillerLongWithImplC2EPNS_6SolverE@Base 5.6.3
+ _ZN5CMSat21WatchSorterBinTriLongclERKNS_7WatchedES3_@Base 5.6.4+dfsg.1-1
  _ZN5CMSat21print_value_kilo_megaEm@Base 5.6.3
  _ZN5CMSat22removed_type_to_stringB5cxx11ENS_7RemovedE@Base 5.6.3
  _ZN5CMSat23CompleteDetachReatacher12clean_clauseEPNS_6ClauseE@Base 5.6.3
@@ -379,6 +420,7 @@
  _ZN5CMSat3BVA31most_occurring_lit_in_potentialERm@Base 5.6.4
  _ZN5CMSat3BVAC1EPNS_6SolverEPNS_13OccSimplifierE@Base 5.6.3
  _ZN5CMSat3BVAC2EPNS_6SolverEPNS_13OccSimplifierE@Base 5.6.3
+ _ZN5CMSat3BVAD2Ev@Base 5.6.4+dfsg.1-1
  _ZN5CMSat3CNF10load_stateERNS_12SimpleInFileE@Base 5.6.3
  _ZN5CMSat3CNF10updateVarsERKSt6vectorIjSaIjEES5_@Base 5.6.3
  _ZN5CMSat3CNF17clean_xor_no_propISt6vectorINS_3LitESaIS3_EEEEvRT_Rb@Base 5.6.3
@@ -386,13 +428,17 @@
  _ZN5CMSat3CNF22clean_xor_vars_no_propISt6vectorIjSaIjEEEEvRT_Rb@Base 5.6.3
  _ZN5CMSat3CNF27enlarge_minimal_datastructsEm@Base 5.6.3
  _ZN5CMSat3CNF31enlarge_nonminimial_datastructsEm@Base 5.6.3
+ _ZN5CMSat3CNF39clean_occur_from_idx_types_only_smudgedEv@Base 5.6.4+dfsg.1-1
  _ZN5CMSat3CNF45clean_occur_from_removed_clauses_only_smudgedEv@Base 5.6.3
  _ZN5CMSat3CNF7new_varEbj@Base 5.6.3
  _ZN5CMSat3CNF8new_varsEm@Base 5.6.3
  _ZN5CMSat3CNF8swapVarsEji@Base 5.6.3
+ _ZN5CMSat3CNFC2EPKNS_10SolverConfEPSt6atomicIbE@Base 5.6.4+dfsg.1-1
  _ZN5CMSat3CNFD0Ev@Base 5.6.3
- _ZN5CMSat3CNFD1Ev@Base 5.6.3
+#MISSING: 5.6.4+dfsg.1-1# _ZN5CMSat3CNFD1Ev@Base 5.6.3
  _ZN5CMSat3CNFD2Ev@Base 5.6.3
+ _ZN5CMSat3XorC2ISt6vectorINS_3LitESaIS3_EEEERKT_b@Base 5.6.4+dfsg.1-1
+ _ZN5CMSat3vecINS0_INS_7WatchedEEEE8capacityEi@Base 5.6.4+dfsg.1-1
  _ZN5CMSat3vecINS_7WatchedEE8capacityEi@Base 5.6.3
  _ZN5CMSat3vecIiE8capacityEi@Base 5.6.3
  _ZN5CMSat4Drat11get_conf_idEv@Base 5.6.3
@@ -402,16 +448,24 @@
  _ZN5CMSat4Drat7enabledEv@Base 5.6.3
  _ZN5CMSat4Drat7setFileEPSo@Base 5.6.3
  _ZN5CMSat4DratD0Ev@Base 5.6.3
- _ZN5CMSat4DratD1Ev@Base 5.6.3
+#MISSING: 5.6.4+dfsg.1-1# _ZN5CMSat4DratD1Ev@Base 5.6.3
  _ZN5CMSat4DratD2Ev@Base 5.6.3
  _ZN5CMSat4DratlsENS_3LitE@Base 5.6.3
  _ZN5CMSat4DratlsENS_8DratFlagE@Base 5.6.3
  _ZN5CMSat4DratlsERKNS_6ClauseE@Base 5.6.3
  _ZN5CMSat4DratlsERKSt6vectorINS_3LitESaIS2_EE@Base 5.6.3
- _ZN5CMSat4HeapINS_10PropEngine10VarOrderLtEE11percolateUpEi@Base 5.6.3
- _ZN5CMSat4HeapINS_10PropEngine10VarOrderLtEE13percolateDownEi@Base 5.6.3
+#MISSING: 5.6.4+dfsg.1-1# _ZN5CMSat4HeapINS_10PropEngine10VarOrderLtEE11percolateUpEi@Base 5.6.3
+#MISSING: 5.6.4+dfsg.1-1# _ZN5CMSat4HeapINS_10PropEngine10VarOrderLtEE13percolateDownEi@Base 5.6.3
+ _ZN5CMSat4HeapINS_10PropEngine10VarOrderLtEE5buildISt6vectorIjSaIjEEEEvRKT_@Base 5.6.4+dfsg.1-1
  _ZN5CMSat4HeapINS_10PropEngine10VarOrderLtEE6insertEi@Base 5.6.3
- _ZN5CMSat4HeapINS_13OccSimplifier10VarOrderLtEE13percolateDownEi@Base 5.6.3
+ _ZN5CMSat4HeapINS_10PropEngine10VarOrderLtEE9removeMinEv@Base 5.6.4+dfsg.1-1
+#MISSING: 5.6.4+dfsg.1-1# _ZN5CMSat4HeapINS_13OccSimplifier10VarOrderLtEE13percolateDownEi@Base 5.6.3
+ _ZN5CMSat4HeapINS_13OccSimplifier10VarOrderLtEE6insertEi@Base 5.6.4+dfsg.1-1
+ _ZN5CMSat4HeapINS_13OccSimplifier10VarOrderLtEE6updateEi@Base 5.6.4+dfsg.1-1
+ _ZN5CMSat4HeapINS_13OccSimplifier10VarOrderLtEE9removeMinEv@Base 5.6.4+dfsg.1-1
+ _ZN5CMSat4HeapINS_3BVA11VarBVAOrderEE6insertEi@Base 5.6.4+dfsg.1-1
+ _ZN5CMSat4HeapINS_3BVA11VarBVAOrderEE6updateEi@Base 5.6.4+dfsg.1-1
+ _ZN5CMSat4HeapINS_3BVA11VarBVAOrderEE9removeMinEv@Base 5.6.4+dfsg.1-1
  _ZN5CMSat5Stamp10updateVarsERKSt6vectorIjSaIjEES5_RS1_ItSaItEE@Base 5.6.3
  _ZN5CMSat5Stamp11clearStampsEv@Base 5.6.3
  _ZN5CMSat5Stamp18save_on_var_memoryEj@Base 5.6.3
@@ -442,11 +496,13 @@
  _ZN5CMSat6Prober34check_if_must_disable_cache_updateEv@Base 5.6.3
  _ZN5CMSat6Prober41update_num_props_limit_based_on_prev_perfEm@Base 5.6.3
  _ZN5CMSat6Prober43check_if_must_disable_otf_hyperbin_and_tredEm@Base 5.6.3
+ _ZN5CMSat6Prober5StatspLERKS1_@Base 5.6.4+dfsg.1-1
  _ZN5CMSat6Prober5probeEPSt6vectorIjSaIjEE@Base 5.6.3
  _ZN5CMSat6Prober8try_thisENS_3LitEb@Base 5.6.3
  _ZN5CMSat6Prober9propagateERNS_3LitE@Base 5.6.3
  _ZN5CMSat6ProberC1EPNS_6SolverE@Base 5.6.3
  _ZN5CMSat6ProberC2EPNS_6SolverE@Base 5.6.3
+ _ZN5CMSat6ProberD2Ev@Base 5.6.4+dfsg.1-1
  _ZN5CMSat6Solver10load_stateERKNSt7__cxx1112basic_stringIcSt11char_traitsIcESaIcEEE@Base 5.6.3
  _ZN5CMSat6Solver10set_sqliteENSt7__cxx1112basic_stringIcSt11char_traitsIcESaIcEEE@Base 5.6.3
  _ZN5CMSat6Solver11add_sql_tagERKNSt7__cxx1112basic_stringIcSt11char_traitsIcESaIcEEES8_@Base 5.6.3
@@ -492,6 +548,7 @@
  _ZN5CMSat6Solver22solve_with_assumptionsEPKSt6vectorINS_3LitESaIS2_EEb@Base 5.6.3
  _ZN5CMSat6Solver22undef_unset_potentialsEv@Base 5.6.3
  _ZN5CMSat6Solver23load_solution_from_fileERKNSt7__cxx1112basic_stringIcSt11char_traitsIcESaIcEEE@Base 5.6.3
+ _ZN5CMSat6Solver23move_to_outside_assumpsEPKSt6vectorINS_3LitESaIS2_EE@Base 5.6.4+dfsg.1-1
  _ZN5CMSat6Solver24check_too_many_low_gluesEv@Base 5.6.3
  _ZN5CMSat6Solver24dump_memory_stats_to_sqlEv@Base 5.6.3
  _ZN5CMSat6Solver24renumber_xors_to_outsideERKSt6vectorINS_3XorESaIS2_EERS4_@Base 5.6.3
@@ -507,6 +564,7 @@
  _ZN5CMSat6Solver29undef_clause_surely_satisfiedIPSt5arrayINS_3LitELm2EEEEbT_@Base 5.6.3
  _ZN5CMSat6Solver32add_xor_clause_inter_cleaned_cutERKSt6vectorINS_3LitESaIS2_EEbb@Base 5.6.3
  _ZN5CMSat6Solver32check_minimization_effectivenessENS_5lboolE@Base 5.6.3
+ _ZN5CMSat6Solver33back_number_from_outside_to_outerERKSt6vectorINS_3LitESaIS2_EE@Base 5.6.4+dfsg.1-1
  _ZN5CMSat6Solver35update_assumptions_after_varreplaceEv@Base 5.6.3
  _ZN5CMSat6Solver36learnt_clausee_query_map_without_bvaERSt6vectorINS_3LitESaIS2_EE@Base 5.6.3
  _ZN5CMSat6Solver39calculate_interToOuter_and_outerToInterERSt6vectorIjSaIjEES4_@Base 5.6.3
@@ -546,7 +604,7 @@
  _ZN5CMSat8DratFileILb0EE7enabledEv@Base 5.6.3
  _ZN5CMSat8DratFileILb0EE7setFileEPSo@Base 5.6.3
  _ZN5CMSat8DratFileILb0EED0Ev@Base 5.6.3
- _ZN5CMSat8DratFileILb0EED1Ev@Base 5.6.3
+#MISSING: 5.6.4+dfsg.1-1# _ZN5CMSat8DratFileILb0EED1Ev@Base 5.6.3
  _ZN5CMSat8DratFileILb0EED2Ev@Base 5.6.3
  _ZN5CMSat8DratFileILb0EElsENS_3LitE@Base 5.6.3
  _ZN5CMSat8DratFileILb0EElsENS_8DratFlagE@Base 5.6.3
@@ -559,7 +617,7 @@
  _ZN5CMSat8DratFileILb1EE7enabledEv@Base 5.6.3
  _ZN5CMSat8DratFileILb1EE7setFileEPSo@Base 5.6.3
  _ZN5CMSat8DratFileILb1EED0Ev@Base 5.6.3
- _ZN5CMSat8DratFileILb1EED1Ev@Base 5.6.3
+#MISSING: 5.6.4+dfsg.1-1# _ZN5CMSat8DratFileILb1EED1Ev@Base 5.6.3
  _ZN5CMSat8DratFileILb1EED2Ev@Base 5.6.3
  _ZN5CMSat8DratFileILb1EElsENS_3LitE@Base 5.6.3
  _ZN5CMSat8DratFileILb1EElsENS_8DratFlagE@Base 5.6.3
@@ -595,6 +653,7 @@
  _ZN5CMSat8Searcher16analyze_conflictILb0EEEPNS_6ClauseENS_6PropByERjS5_@Base 5.6.3
  _ZN5CMSat8Searcher16analyze_conflictILb1EEEPNS_6ClauseENS_6PropByERjS5_@Base 5.6.3
  _ZN5CMSat8Searcher16rebuildOrderHeapEv@Base 5.6.3
+ _ZN5CMSat8Searcher17add_lit_to_learntILb0EEEvNS_3LitE@Base 5.6.4+dfsg.1-1
  _ZN5CMSat8Searcher17check_otf_subsumeEjRNS_6ClauseE@Base 5.6.3
  _ZN5CMSat8Searcher17hyper_bin_res_allEb@Base 5.6.3
  _ZN5CMSat8Searcher17reset_temp_cl_numEv@Base 5.6.3
@@ -605,17 +664,22 @@
  _ZN5CMSat8Searcher19consolidate_watchesEv@Base 5.6.3
  _ZN5CMSat8Searcher19reduce_db_if_neededEv@Base 5.6.3
  _ZN5CMSat8Searcher19remove_useless_binsEb@Base 5.6.3
+ _ZN5CMSat8Searcher20create_learnt_clauseILb0EEEPNS_6ClauseENS_6PropByE@Base 5.6.4+dfsg.1-1
+ _ZN5CMSat8Searcher20create_learnt_clauseILb1EEEPNS_6ClauseENS_6PropByE@Base 5.6.4+dfsg.1-1
  _ZN5CMSat8Searcher20print_restart_headerEv@Base 5.6.3
  _ZN5CMSat8Searcher20renumber_assumptionsERKSt6vectorIjSaIjEE@Base 5.6.3
  _ZN5CMSat8Searcher20update_history_statsEmj@Base 5.6.3
  _ZN5CMSat8Searcher22adjust_phases_restartsEv@Base 5.6.3
  _ZN5CMSat8Searcher22check_blocking_restartEv@Base 5.6.3
- _ZN5CMSat8Searcher22recursiveConfClauseMinEv@Base 5.6.3
+ _ZN5CMSat8Searcher22minimize_learnt_clauseILb0EEEvv@Base 5.6.4+dfsg.1-1
+ _ZN5CMSat8Searcher22minimize_learnt_clauseILb1EEEvv@Base 5.6.4+dfsg.1-1
+#MISSING: 5.6.4+dfsg.1-1# _ZN5CMSat8Searcher22recursiveConfClauseMinEv@Base 5.6.3
  _ZN5CMSat8Searcher22update_var_decay_vsidsEv@Base 5.6.3
  _ZN5CMSat8Searcher23cache_based_morem_minimERSt6vectorINS_3LitESaIS2_EE@Base 5.6.3
  _ZN5CMSat8Searcher23clean_clauses_if_neededEv@Base 5.6.3
  _ZN5CMSat8Searcher23stamp_based_morem_minimERSt6vectorINS_3LitESaIS2_EE@Base 5.6.3
  _ZN5CMSat8Searcher24binary_based_morem_minimERSt6vectorINS_3LitESaIS2_EE@Base 5.6.3
+ _ZN5CMSat8Searcher24watch_based_learnt_minimEv@Base 5.6.4+dfsg.1-1
  _ZN5CMSat8Searcher25fill_assumptions_set_fromERKSt6vectorINS0_14AssumptionPairESaIS2_EE@Base 5.6.3
  _ZN5CMSat8Searcher27print_debug_resolution_dataENS_6PropByE@Base 5.6.3
  _ZN5CMSat8Searcher27simple_create_learnt_clauseENS_6PropByERSt6vectorINS_3LitESaIS3_EEb@Base 5.6.3
@@ -626,6 +690,7 @@
  _ZN5CMSat8Searcher30find_backtrack_level_of_learntEv@Base 5.6.3
  _ZN5CMSat8Searcher31add_otf_subsume_implicit_clauseEv@Base 5.6.3
  _ZN5CMSat8Searcher32attach_and_enqueue_learnt_clauseILb0EEEvPNS_6ClauseEb@Base 5.6.3
+ _ZN5CMSat8Searcher32attach_and_enqueue_learnt_clauseILb1EEEvPNS_6ClauseEb@Base 5.6.4+dfsg.1-1
  _ZN5CMSat8Searcher32create_otf_subsuming_long_clauseERNS_6ClauseEj@Base 5.6.3
  _ZN5CMSat8Searcher32otf_subsume_last_resolved_clauseEPNS_6ClauseE@Base 5.6.3
  _ZN5CMSat8Searcher32update_clause_glue_from_analysisEPNS_6ClauseE@Base 5.6.3
@@ -635,6 +700,7 @@
  _ZN5CMSat8Searcher36analyze_final_confl_with_assumptionsENS_3LitERSt6vectorIS1_SaIS1_EE@Base 5.6.3
  _ZN5CMSat8Searcher36create_otf_subsuming_implicit_clauseERKNS_6ClauseE@Base 5.6.3
  _ZN5CMSat8Searcher38update_assump_conflict_to_orig_outsideERSt6vectorINS_3LitESaIS2_EE@Base 5.6.3
+ _ZN5CMSat8Searcher47bump_var_activities_based_on_implied_by_learntsILb0EEEvj@Base 5.6.4+dfsg.1-1
  _ZN5CMSat8Searcher4lubyEdi@Base 5.6.3
  _ZN5CMSat8Searcher5solveEmj@Base 5.6.3
  _ZN5CMSat8Searcher6searchILb0EEENS_5lboolEv@Base 5.6.3
@@ -655,6 +721,7 @@
  _ZN5CMSat9ImplCache17addDelayedClausesEPNS_6SolverE@Base 5.6.3
  _ZN5CMSat9ImplCache5cleanEPNS_6SolverEPb@Base 5.6.3
  _ZN5CMSat9ImplCache6tryVarEPNS_6SolverEj@Base 5.6.3
+ _ZN5CMSat9ImplCache7new_varEv@Base 5.6.4+dfsg.1-1
  _ZN5CMSat9ImplCache7tryBothEPNS_6SolverE@Base 5.6.3
  _ZN5CMSat9SATSolver10add_clauseERKSt6vectorINS_3LitESaIS2_EE@Base 5.6.3
  _ZN5CMSat9SATSolver10set_no_bvaEv@Base 5.6.3
@@ -703,6 +770,8 @@
  _ZN5CMSat9SCCFinder6tarjanEj@Base 5.6.3
  _ZN5CMSat9SCCFinderC1EPNS_6SolverE@Base 5.6.3
  _ZN5CMSat9SCCFinderC2EPNS_6SolverE@Base 5.6.3
+ _ZN5CMSat9TouchList5touchERKSt6vectorINS_3LitESaIS2_EE@Base 5.6.4+dfsg.1-1
+ _ZN5CMSat9TouchList5touchEj@Base 5.6.4+dfsg.1-1
  _ZN5CMSat9XorFinder12findXorMatchERKNS_3vecINS_7WatchedEEENS_3LitE@Base 5.6.3
  _ZN5CMSat9XorFinder13add_found_xorERKNS_3XorE@Base 5.6.3
  _ZN5CMSat9XorFinder16print_found_xorsEv@Base 5.6.3
@@ -722,15 +791,23 @@
  _ZN5CMSat9XorFinder9find_xorsEv@Base 5.6.3
  _ZN5CMSat9XorFinderC1EPNS_13OccSimplifierEPNS_6SolverE@Base 5.6.3
  _ZN5CMSat9XorFinderC2EPNS_13OccSimplifierEPNS_6SolverE@Base 5.6.3
- _ZN5CMSat9XorFinderD1Ev@Base 5.6.3
+#MISSING: 5.6.4+dfsg.1-1# _ZN5CMSat9XorFinderD1Ev@Base 5.6.3
  _ZN5CMSat9XorFinderD2Ev@Base 5.6.3
+ _ZN5CMSatlsERSoNS_12BinaryClauseE@Base 5.6.4+dfsg.1-1
  _ZN5CMSatlsERSoNS_3LitE@Base 5.6.3
+ _ZN5CMSatlsERSoNS_5lboolE@Base 5.6.4+dfsg.1-1
+ _ZN5CMSatlsERSoRKNS_3XorE@Base 5.6.4+dfsg.1-1
  _ZN5CMSatlsERSoRKNS_6ClauseE@Base 5.6.3
+ _ZN5CMSatlsERSoRKNS_6InTree9QueueElemE@Base 5.6.4+dfsg.1-1
+ _ZN5CMSatlsERSoRKNS_6PropByE@Base 5.6.4+dfsg.1-1
+ _ZN5CMSatlsERSoRKNS_7WatchedE@Base 5.6.4+dfsg.1-1
+ _ZN6MTRand4seedEPmm@Base 5.6.4+dfsg.1-1
  _ZN6MTRand4seedEv@Base 5.6.3
- _ZN6MTRand6reloadEv@Base 5.6.3
+#MISSING: 5.6.4+dfsg.1-1# _ZN6MTRand6reloadEv@Base 5.6.3
  _ZNK5CMSat10CompFinder22print_found_componentsEv@Base 5.6.3
  _ZNK5CMSat10CompFinder24reverse_table_is_correctEv@Base 5.6.3
  _ZNK5CMSat10CompFinder27print_and_add_to_sql_resultEd@Base 5.6.3
+ _ZNK5CMSat10ConflStats11print_shortEdb@Base 5.6.4+dfsg.1-1
  _ZNK5CMSat10ConflStats5printEdb@Base 5.6.3
  _ZNK5CMSat10PropEngine10save_stateERNS_13SimpleOutFileE@Base 5.6.3
  _ZNK5CMSat10PropEngine14printWatchListENS_3LitE@Base 5.6.3
@@ -807,7 +884,7 @@
  _ZNK5CMSat17SubsumeStrengthen5Stats11print_shortEPKNS_6SolverE@Base 5.6.3
  _ZNK5CMSat17SubsumeStrengthen5Stats5printEv@Base 5.6.3
  _ZNK5CMSat17SubsumeStrengthen8mem_usedEv@Base 5.6.3
- _ZNK5CMSat17TopLevelGaussAbst8mem_usedEv@Base 5.6.3
+#MISSING: 5.6.4+dfsg.1-1# _ZNK5CMSat17TopLevelGaussAbst8mem_usedEv@Base 5.6.3
  _ZNK5CMSat21DistillerLongWithImpl14CacheBasedData12get_lits_remEv@Base 5.6.3
  _ZNK5CMSat21DistillerLongWithImpl14CacheBasedData15get_cl_subsumedEv@Base 5.6.3
  _ZNK5CMSat21DistillerLongWithImpl14CacheBasedData5printEv@Base 5.6.3
@@ -842,6 +919,7 @@
  _ZNK5CMSat3CNF24test_all_clause_attachedERKSt6vectorIjSaIjEE@Base 5.6.3
  _ZNK5CMSat3CNF24test_all_clause_attachedEv@Base 5.6.3
  _ZNK5CMSat3CNF26print_mem_used_longclausesEm@Base 5.6.3
+ _ZNK5CMSat3CNF28renumber_outer_to_inter_litsERSt6vectorINS_3LitESaIS2_EE@Base 5.6.4+dfsg.1-1
  _ZNK5CMSat3CNF30build_outer_to_without_bva_mapEv@Base 5.6.3
  _ZNK5CMSat3CNF32test_reflectivity_of_renumberingEv@Base 5.6.3
  _ZNK5CMSat3CNF7cl_sizeERKNS_7WatchedE@Base 5.6.3
@@ -872,6 +950,7 @@
  _ZNK5CMSat6Solver16test_renumberingEv@Base 5.6.3
  _ZNK5CMSat6Solver17get_num_free_varsEv@Base 5.6.3
  _ZNK5CMSat6Solver18print_clause_statsEv@Base 5.6.3
+ _ZNK5CMSat6Solver18xor_outer_numberedISt6vectorIjSaIjEEEES4_RKT_@Base 5.6.4+dfsg.1-1
  _ZNK5CMSat6Solver19get_all_binary_xorsEv@Base 5.6.3
  _ZNK5CMSat6Solver19get_num_vars_elimedEv@Base 5.6.3
  _ZNK5CMSat6Solver20check_implicit_statsEb@Base 5.6.3
@@ -931,189 +1010,260 @@
  _ZNK5CMSat9XorFinder5Stats11print_shortEPKNS_6SolverEd@Base 5.6.3
  _ZNK5CMSat9XorFinder5Stats5printEv@Base 5.6.3
  _ZNK5CMSat9XorFinder8mem_usedEv@Base 5.6.3
- _ZNKSt5ctypeIcE8do_widenEc@Base 5.6.3
- _ZNSt5dequeIN5CMSat6InTree9QueueElemESaIS2_EE12emplace_backIJS2_EEEvDpOT_@Base 5.6.3
+#MISSING: 5.6.4+dfsg.1-1# _ZNKSt5ctypeIcE8do_widenEc@Base 5.6.3
+ _ZNSt11_Deque_baseIN5CMSat6InTree9QueueElemESaIS2_EE15_M_create_nodesEPPS2_S6_@Base 5.6.4+dfsg.1-1
+ _ZNSt11_Deque_baseIN5CMSat6InTree9QueueElemESaIS2_EE17_M_initialize_mapEm@Base 5.6.4+dfsg.1-1
+ _ZNSt19__shrink_to_fit_auxISt6vectorIN5CMSat10TransCacheESaIS2_EELb1EE8_S_do_itERS4_@Base 5.6.4+dfsg.1-1
+ _ZNSt19__shrink_to_fit_auxISt6vectorIN5CMSat14BlockedClausesESaIS2_EELb1EE8_S_do_itERS4_@Base 5.6.4+dfsg.1-1
+ _ZNSt19__shrink_to_fit_auxISt6vectorIN5CMSat3LitESaIS2_EELb1EE8_S_do_itERS4_@Base 5.6.4+dfsg.1-1
+ _ZNSt19__shrink_to_fit_auxISt6vectorIN5CMSat9TimestampESaIS2_EELb1EE8_S_do_itERS4_@Base 5.6.4+dfsg.1-1
+ _ZNSt19__shrink_to_fit_auxISt6vectorIdSaIdEELb1EE8_S_do_itERS2_@Base 5.6.4+dfsg.1-1
+ _ZNSt19__shrink_to_fit_auxISt6vectorIjSaIjEELb1EE8_S_do_itERS2_@Base 5.6.4+dfsg.1-1
+ _ZNSt19__shrink_to_fit_auxISt6vectorImSaImEELb1EE8_S_do_itERS2_@Base 5.6.4+dfsg.1-1
+ _ZNSt19__shrink_to_fit_auxISt6vectorItSaItEELb1EE8_S_do_itERS2_@Base 5.6.4+dfsg.1-1
+ _ZNSt20__uninitialized_copyILb0EE13__uninit_copyIN9__gnu_cxx17__normal_iteratorIPKN5CMSat3XorESt6vectorIS5_SaIS5_EEEEPS5_EET0_T_SE_SD_@Base 5.6.4+dfsg.1-1
+ _ZNSt20__uninitialized_copyILb0EE13__uninit_copyIPN5CMSat3XorES4_EET0_T_S6_S5_@Base 5.6.4+dfsg.1-1
+ _ZNSt22__uninitialized_fill_nILb0EE15__uninit_fill_nIPN5CMSat10TransCacheEmS3_EET_S5_T0_RKT1_@Base 5.6.4+dfsg.1-1
+ _ZNSt27__uninitialized_default_n_1ILb0EE18__uninit_default_nIPN5CMSat10SharedData4SpecEmEET_S6_T0_@Base 5.6.4+dfsg.1-1
+#MISSING: 5.6.4+dfsg.1-1# _ZNSt5dequeIN5CMSat6InTree9QueueElemESaIS2_EE12emplace_backIJS2_EEEvDpOT_@Base 5.6.3
+ _ZNSt5dequeIN5CMSat6InTree9QueueElemESaIS2_EE17_M_reallocate_mapEmb@Base 5.6.4+dfsg.1-1
  _ZNSt6thread11_State_implINS_8_InvokerISt5tupleIJ13OneThreadCalcEEEEE6_M_runEv@Base 5.6.3
  _ZNSt6thread11_State_implINS_8_InvokerISt5tupleIJ13OneThreadCalcEEEEED0Ev@Base 5.6.3
- _ZNSt6thread11_State_implINS_8_InvokerISt5tupleIJ13OneThreadCalcEEEEED1Ev@Base 5.6.3
- _ZNSt6thread11_State_implINS_8_InvokerISt5tupleIJ13OneThreadCalcEEEEED2Ev@Base 5.6.3
+#MISSING: 5.6.4+dfsg.1-1# _ZNSt6thread11_State_implINS_8_InvokerISt5tupleIJ13OneThreadCalcEEEEED1Ev@Base 5.6.3
+#MISSING: 5.6.4+dfsg.1-1# _ZNSt6thread11_State_implINS_8_InvokerISt5tupleIJ13OneThreadCalcEEEEED2Ev@Base 5.6.3
  _ZNSt6thread11_State_implINS_8_InvokerISt5tupleIJ15OneThreadAddClsEEEEE6_M_runEv@Base 5.6.3
  _ZNSt6thread11_State_implINS_8_InvokerISt5tupleIJ15OneThreadAddClsEEEEED0Ev@Base 5.6.3
- _ZNSt6thread11_State_implINS_8_InvokerISt5tupleIJ15OneThreadAddClsEEEEED1Ev@Base 5.6.3
- _ZNSt6thread11_State_implINS_8_InvokerISt5tupleIJ15OneThreadAddClsEEEEED2Ev@Base 5.6.3
+#MISSING: 5.6.4+dfsg.1-1# _ZNSt6thread11_State_implINS_8_InvokerISt5tupleIJ15OneThreadAddClsEEEEED1Ev@Base 5.6.3
+#MISSING: 5.6.4+dfsg.1-1# _ZNSt6thread11_State_implINS_8_InvokerISt5tupleIJ15OneThreadAddClsEEEEED2Ev@Base 5.6.3
  _ZNSt6vectorIN5CMSat10SharedData4SpecESaIS2_EE17_M_default_appendEm@Base 5.6.3
- _ZNSt6vectorIN5CMSat10TransCacheESaIS1_EE12emplace_backIJS1_EEEvDpOT_@Base 5.6.3
+#MISSING: 5.6.4+dfsg.1-1# _ZNSt6vectorIN5CMSat10TransCacheESaIS1_EE12emplace_backIJS1_EEEvDpOT_@Base 5.6.3
  _ZNSt6vectorIN5CMSat10TransCacheESaIS1_EE14_M_fill_insertEN9__gnu_cxx17__normal_iteratorIPS1_S3_EEmRKS1_@Base 5.6.3
  _ZNSt6vectorIN5CMSat10TransCacheESaIS1_EE17_M_default_appendEm@Base 5.6.3
  _ZNSt6vectorIN5CMSat10TransCacheESaIS1_EE17_M_realloc_insertIJS1_EEEvN9__gnu_cxx17__normal_iteratorIPS1_S3_EEDpOT_@Base 5.6.3
- _ZNSt6vectorIN5CMSat11OccurClauseESaIS1_EE12emplace_backIJS1_EEEvDpOT_@Base 5.6.3
+#MISSING: 5.6.4+dfsg.1-1# _ZNSt6vectorIN5CMSat11OccurClauseESaIS1_EE12emplace_backIJS1_EEEvDpOT_@Base 5.6.3
  _ZNSt6vectorIN5CMSat11OccurClauseESaIS1_EE17_M_default_appendEm@Base 5.6.3
+ _ZNSt6vectorIN5CMSat11OccurClauseESaIS1_EE17_M_realloc_insertIJRKS1_EEEvN9__gnu_cxx17__normal_iteratorIPS1_S3_EEDpOT_@Base 5.6.4+dfsg.1-1
+ _ZNSt6vectorIN5CMSat11OccurClauseESaIS1_EE17_M_realloc_insertIJS1_EEEvN9__gnu_cxx17__normal_iteratorIPS1_S3_EEDpOT_@Base 5.6.4+dfsg.1-1
  _ZNSt6vectorIN5CMSat12BinaryClauseESaIS1_EE17_M_realloc_insertIJS1_EEEvN9__gnu_cxx17__normal_iteratorIPS1_S3_EEDpOT_@Base 5.6.3
  _ZNSt6vectorIN5CMSat12BinaryClauseESaIS1_EEaSERKS3_@Base 5.6.3
  _ZNSt6vectorIN5CMSat13OccSimplifier13ResolventDataESaIS2_EE17_M_default_appendEm@Base 5.6.3
  _ZNSt6vectorIN5CMSat14BlockedClausesESaIS1_EE17_M_default_appendEm@Base 5.6.3
+ _ZNSt6vectorIN5CMSat14BlockedClausesESaIS1_EE17_M_realloc_insertIJRKS1_EEEvN9__gnu_cxx17__normal_iteratorIPS1_S3_EEDpOT_@Base 5.6.4+dfsg.1-1
+ _ZNSt6vectorIN5CMSat14BlockedClausesESaIS1_EE17_M_realloc_insertIJS1_EEEvN9__gnu_cxx17__normal_iteratorIPS1_S3_EEDpOT_@Base 5.6.4+dfsg.1-1
  _ZNSt6vectorIN5CMSat17SolveFeaturesCalc8VARIABLEESaIS2_EE17_M_default_appendEm@Base 5.6.3
  _ZNSt6vectorIN5CMSat3BVA15PotentialClauseESaIS2_EE17_M_realloc_insertIJS2_EEEvN9__gnu_cxx17__normal_iteratorIPS2_S4_EEDpOT_@Base 5.6.3
  _ZNSt6vectorIN5CMSat3BVA18m_cls_lits_and_redESaIS2_EE17_M_realloc_insertIJS2_EEEvN9__gnu_cxx17__normal_iteratorIPS2_S4_EEDpOT_@Base 5.6.3
- _ZNSt6vectorIN5CMSat3BVA8lit_pairESaIS2_EE12emplace_backIJS2_EEEvDpOT_@Base 5.6.3
+#MISSING: 5.6.4+dfsg.1-1# _ZNSt6vectorIN5CMSat3BVA8lit_pairESaIS2_EE12emplace_backIJS2_EEEvDpOT_@Base 5.6.3
  _ZNSt6vectorIN5CMSat3BVA8lit_pairESaIS2_EE17_M_realloc_insertIJRKS2_EEEvN9__gnu_cxx17__normal_iteratorIPS2_S4_EEDpOT_@Base 5.6.3
+ _ZNSt6vectorIN5CMSat3BVA8lit_pairESaIS2_EE17_M_realloc_insertIJS2_EEEvN9__gnu_cxx17__normal_iteratorIPS2_S4_EEDpOT_@Base 5.6.4+dfsg.1-1
  _ZNSt6vectorIN5CMSat3BVA8lit_pairESaIS2_EEaSERKS4_@Base 5.6.3
- _ZNSt6vectorIN5CMSat3LitESaIS1_EE12emplace_backIJS1_EEEvDpOT_@Base 5.6.3
+#MISSING: 5.6.4+dfsg.1-1# _ZNSt6vectorIN5CMSat3LitESaIS1_EE12emplace_backIJS1_EEEvDpOT_@Base 5.6.3
+ _ZNSt6vectorIN5CMSat3LitESaIS1_EE13_M_assign_auxIPKS1_EEvT_S7_St20forward_iterator_tag@Base 5.6.4+dfsg.1-1
  _ZNSt6vectorIN5CMSat3LitESaIS1_EE14_M_fill_insertEN9__gnu_cxx17__normal_iteratorIPS1_S3_EEmRKS1_@Base 5.6.3
  _ZNSt6vectorIN5CMSat3LitESaIS1_EE15_M_range_insertIN9__gnu_cxx17__normal_iteratorIPS1_S3_EEEEvS8_T_S9_St20forward_iterator_tag@Base 5.6.3
  _ZNSt6vectorIN5CMSat3LitESaIS1_EE17_M_default_appendEm@Base 5.6.3
  _ZNSt6vectorIN5CMSat3LitESaIS1_EE17_M_realloc_insertIJRKS1_EEEvN9__gnu_cxx17__normal_iteratorIPS1_S3_EEDpOT_@Base 5.6.3
  _ZNSt6vectorIN5CMSat3LitESaIS1_EE17_M_realloc_insertIJS1_EEEvN9__gnu_cxx17__normal_iteratorIPS1_S3_EEDpOT_@Base 5.6.3
- _ZNSt6vectorIN5CMSat3LitESaIS1_EE6resizeEm@Base 5.6.3
- _ZNSt6vectorIN5CMSat3LitESaIS1_EE9push_backERKS1_@Base 5.6.3
+#MISSING: 5.6.4+dfsg.1-1# _ZNSt6vectorIN5CMSat3LitESaIS1_EE6resizeEm@Base 5.6.3
+#MISSING: 5.6.4+dfsg.1-1# _ZNSt6vectorIN5CMSat3LitESaIS1_EE9push_backERKS1_@Base 5.6.3
+ _ZNSt6vectorIN5CMSat3LitESaIS1_EED2Ev@Base 5.6.4+dfsg.1-1
  _ZNSt6vectorIN5CMSat3LitESaIS1_EEaSERKS3_@Base 5.6.3
- _ZNSt6vectorIN5CMSat3XorESaIS1_EE12emplace_backIJS1_EEEvDpOT_@Base 5.6.3
+#MISSING: 5.6.4+dfsg.1-1# _ZNSt6vectorIN5CMSat3XorESaIS1_EE12emplace_backIJS1_EEEvDpOT_@Base 5.6.3
  _ZNSt6vectorIN5CMSat3XorESaIS1_EE17_M_default_appendEm@Base 5.6.3
  _ZNSt6vectorIN5CMSat3XorESaIS1_EE17_M_realloc_insertIJRKS1_EEEvN9__gnu_cxx17__normal_iteratorIPS1_S3_EEDpOT_@Base 5.6.3
  _ZNSt6vectorIN5CMSat3XorESaIS1_EE17_M_realloc_insertIJS1_EEEvN9__gnu_cxx17__normal_iteratorIPS1_S3_EEDpOT_@Base 5.6.3
- _ZNSt6vectorIN5CMSat3XorESaIS1_EED1Ev@Base 5.6.3
- _ZNSt6vectorIN5CMSat3XorESaIS1_EED2Ev@Base 5.6.3
+ _ZNSt6vectorIN5CMSat3XorESaIS1_EE20_M_allocate_and_copyIN9__gnu_cxx17__normal_iteratorIPKS1_S3_EEEEPS1_mT_SB_@Base 5.6.4+dfsg.1-1
+ _ZNSt6vectorIN5CMSat3XorESaIS1_EEC2ERKS3_@Base 5.6.4+dfsg.1-1
+#MISSING: 5.6.4+dfsg.1-1# _ZNSt6vectorIN5CMSat3XorESaIS1_EED1Ev@Base 5.6.3
+#MISSING: 5.6.4+dfsg.1-1# _ZNSt6vectorIN5CMSat3XorESaIS1_EED2Ev@Base 5.6.3
  _ZNSt6vectorIN5CMSat3XorESaIS1_EEaSERKS3_@Base 5.6.3
  _ZNSt6vectorIN5CMSat5lboolESaIS1_EE14_M_fill_insertEN9__gnu_cxx17__normal_iteratorIPS1_S3_EEmRKS1_@Base 5.6.3
  _ZNSt6vectorIN5CMSat5lboolESaIS1_EE17_M_default_appendEm@Base 5.6.3
+ _ZNSt6vectorIN5CMSat5lboolESaIS1_EE17_M_realloc_insertIJRKS1_EEEvN9__gnu_cxx17__normal_iteratorIPS1_S3_EEDpOT_@Base 5.6.4+dfsg.1-1
  _ZNSt6vectorIN5CMSat5lboolESaIS1_EEaSERKS3_@Base 5.6.3
  _ZNSt6vectorIN5CMSat6InTree11ResetReasonESaIS2_EE17_M_realloc_insertIJS2_EEEvN9__gnu_cxx17__normal_iteratorIPS2_S4_EEDpOT_@Base 5.6.3
  _ZNSt6vectorIN5CMSat7VarDataESaIS1_EE14_M_fill_insertEN9__gnu_cxx17__normal_iteratorIPS1_S3_EEmRKS1_@Base 5.6.3
  _ZNSt6vectorIN5CMSat7VarDataESaIS1_EE17_M_default_appendEm@Base 5.6.3
- _ZNSt6vectorIN5CMSat8LitExtraESaIS1_EE12emplace_backIJS1_EEEvDpOT_@Base 5.6.3
+#MISSING: 5.6.4+dfsg.1-1# _ZNSt6vectorIN5CMSat8LitExtraESaIS1_EE12emplace_backIJS1_EEEvDpOT_@Base 5.6.3
  _ZNSt6vectorIN5CMSat8LitExtraESaIS1_EE17_M_default_appendEm@Base 5.6.3
+ _ZNSt6vectorIN5CMSat8LitExtraESaIS1_EE17_M_realloc_insertIJS1_EEEvN9__gnu_cxx17__normal_iteratorIPS1_S3_EEDpOT_@Base 5.6.4+dfsg.1-1
  _ZNSt6vectorIN5CMSat8LitExtraESaIS1_EEaSERKS3_@Base 5.6.3
  _ZNSt6vectorIN5CMSat8Searcher14AssumptionPairESaIS2_EE17_M_realloc_insertIJS2_EEEvN9__gnu_cxx17__normal_iteratorIPS2_S4_EEDpOT_@Base 5.6.3
  _ZNSt6vectorIN5CMSat9OTFClauseESaIS1_EE17_M_realloc_insertIJRKS1_EEEvN9__gnu_cxx17__normal_iteratorIPS1_S3_EEDpOT_@Base 5.6.3
- _ZNSt6vectorIN5CMSat9TimestampESaIS1_EE12emplace_backIJS1_EEEvDpOT_@Base 5.6.3
+#MISSING: 5.6.4+dfsg.1-1# _ZNSt6vectorIN5CMSat9TimestampESaIS1_EE12emplace_backIJS1_EEEvDpOT_@Base 5.6.3
  _ZNSt6vectorIN5CMSat9TimestampESaIS1_EE14_M_fill_insertEN9__gnu_cxx17__normal_iteratorIPS1_S3_EEmRKS1_@Base 5.6.3
  _ZNSt6vectorIN5CMSat9TimestampESaIS1_EE17_M_default_appendEm@Base 5.6.3
- _ZNSt6vectorIPN5CMSat6ClauseESaIS2_EE17_M_realloc_insertIJS2_EEEvN9__gnu_cxx17__normal_iteratorIPS2_S4_EEDpOT_@Base 5.6.3
- _ZNSt6vectorIPN5CMSat6SolverESaIS2_EE12emplace_backIJS2_EEEvDpOT_@Base 5.6.3
- _ZNSt6vectorIPN5CMSat6SolverESaIS2_EE17_M_realloc_insertIJS2_EEEvN9__gnu_cxx17__normal_iteratorIPS2_S4_EEDpOT_@Base 5.6.3
+ _ZNSt6vectorIN5CMSat9TimestampESaIS1_EE17_M_realloc_insertIJS1_EEEvN9__gnu_cxx17__normal_iteratorIPS1_S3_EEDpOT_@Base 5.6.4+dfsg.1-1
+#MISSING: 5.6.4+dfsg.1-1# _ZNSt6vectorIPN5CMSat6ClauseESaIS2_EE17_M_realloc_insertIJS2_EEEvN9__gnu_cxx17__normal_iteratorIPS2_S4_EEDpOT_@Base 5.6.3
+#MISSING: 5.6.4+dfsg.1-1# _ZNSt6vectorIPN5CMSat6SolverESaIS2_EE12emplace_backIJS2_EEEvDpOT_@Base 5.6.3
+#MISSING: 5.6.4+dfsg.1-1# _ZNSt6vectorIPN5CMSat6SolverESaIS2_EE17_M_realloc_insertIJS2_EEEvN9__gnu_cxx17__normal_iteratorIPS2_S4_EEDpOT_@Base 5.6.3
  _ZNSt6vectorIS_IN5CMSat3LitESaIS1_EESaIS3_EE17_M_default_appendEm@Base 5.6.3
  _ZNSt6vectorIS_IjSaIjEESaIS1_EE17_M_default_appendEm@Base 5.6.3
  _ZNSt6vectorIS_IjSaIjEESaIS1_EE17_M_realloc_insertIJRKS1_EEEvN9__gnu_cxx17__normal_iteratorIPS1_S3_EEDpOT_@Base 5.6.3
- _ZNSt6vectorIS_IjSaIjEESaIS1_EED1Ev@Base 5.6.3
- _ZNSt6vectorIS_IjSaIjEESaIS1_EED2Ev@Base 5.6.3
- _ZNSt6vectorISt4pairIN5CMSat3LitES2_ESaIS3_EE12emplace_backIJS3_EEEvDpOT_@Base 5.6.3
+#MISSING: 5.6.4+dfsg.1-1# _ZNSt6vectorIS_IjSaIjEESaIS1_EED1Ev@Base 5.6.3
+#MISSING: 5.6.4+dfsg.1-1# _ZNSt6vectorIS_IjSaIjEESaIS1_EED2Ev@Base 5.6.3
+#MISSING: 5.6.4+dfsg.1-1# _ZNSt6vectorISt4pairIN5CMSat3LitES2_ESaIS3_EE12emplace_backIJS3_EEEvDpOT_@Base 5.6.3
+ _ZNSt6vectorISt4pairIN5CMSat3LitES2_ESaIS3_EE17_M_realloc_insertIJRKS3_EEEvN9__gnu_cxx17__normal_iteratorIPS3_S5_EEDpOT_@Base 5.6.4+dfsg.1-1
  _ZNSt6vectorISt4pairIN5CMSat3LitES2_ESaIS3_EE17_M_realloc_insertIJS3_EEEvN9__gnu_cxx17__normal_iteratorIPS3_S5_EEDpOT_@Base 5.6.3
  _ZNSt6vectorISt4pairIS0_IN5CMSat3LitES2_EbESaIS4_EE17_M_realloc_insertIJS4_EEEvN9__gnu_cxx17__normal_iteratorIPS4_S6_EEDpOT_@Base 5.6.3
  _ZNSt6vectorISt4pairIS_IjSaIjEEbESaIS3_EE17_M_realloc_insertIJRKS3_EEEvN9__gnu_cxx17__normal_iteratorIPS3_S5_EEDpOT_@Base 5.6.3
  _ZNSt6vectorISt4pairIjjESaIS1_EE17_M_realloc_insertIJS1_EEEvN9__gnu_cxx17__normal_iteratorIPS1_S3_EEDpOT_@Base 5.6.3
- _ZNSt6vectorISt6threadSaIS0_EE12emplace_backIJS0_EEEvDpOT_@Base 5.6.3
+#MISSING: 5.6.4+dfsg.1-1# _ZNSt6vectorISt6threadSaIS0_EE12emplace_backIJS0_EEEvDpOT_@Base 5.6.3
  _ZNSt6vectorISt6threadSaIS0_EE17_M_realloc_insertIJS0_EEEvN9__gnu_cxx17__normal_iteratorIPS0_S2_EEDpOT_@Base 5.6.3
- _ZNSt6vectorISt6threadSaIS0_EED1Ev@Base 5.6.3
- _ZNSt6vectorISt6threadSaIS0_EED2Ev@Base 5.6.3
+#MISSING: 5.6.4+dfsg.1-1# _ZNSt6vectorISt6threadSaIS0_EED1Ev@Base 5.6.3
+#MISSING: 5.6.4+dfsg.1-1# _ZNSt6vectorISt6threadSaIS0_EED2Ev@Base 5.6.3
+ _ZNSt6vectorIbSaIbEE13_M_reallocateEm@Base 5.6.4+dfsg.1-1
  _ZNSt6vectorIbSaIbEE14_M_fill_insertESt13_Bit_iteratormb@Base 5.6.3
- _ZNSt6vectorIbSaIbEE16_M_shrink_to_fitEv@Base 5.6.3
+#MISSING: 5.6.4+dfsg.1-1# _ZNSt6vectorIbSaIbEE16_M_shrink_to_fitEv@Base 5.6.3
  _ZNSt6vectorIcSaIcEE14_M_fill_insertEN9__gnu_cxx17__normal_iteratorIPcS1_EEmRKc@Base 5.6.3
- _ZNSt6vectorIdSaIdEE12emplace_backIJdEEEvDpOT_@Base 5.6.3
+#MISSING: 5.6.4+dfsg.1-1# _ZNSt6vectorIdSaIdEE12emplace_backIJdEEEvDpOT_@Base 5.6.3
  _ZNSt6vectorIdSaIdEE14_M_fill_insertEN9__gnu_cxx17__normal_iteratorIPdS1_EEmRKd@Base 5.6.3
  _ZNSt6vectorIdSaIdEE17_M_default_appendEm@Base 5.6.3
  _ZNSt6vectorIhSaIhEE14_M_fill_insertEN9__gnu_cxx17__normal_iteratorIPhS1_EEmRKh@Base 5.6.3
  _ZNSt6vectorIhSaIhEE17_M_default_appendEm@Base 5.6.3
- _ZNSt6vectorIjSaIjEE12emplace_backIJjEEEvDpOT_@Base 5.6.3
+#MISSING: 5.6.4+dfsg.1-1# _ZNSt6vectorIjSaIjEE12emplace_backIJjEEEvDpOT_@Base 5.6.3
  _ZNSt6vectorIjSaIjEE14_M_fill_insertEN9__gnu_cxx17__normal_iteratorIPjS1_EEmRKj@Base 5.6.3
  _ZNSt6vectorIjSaIjEE15_M_range_insertIN9__gnu_cxx17__normal_iteratorIPjS1_EEEEvS6_T_S7_St20forward_iterator_tag@Base 5.6.3
  _ZNSt6vectorIjSaIjEE17_M_default_appendEm@Base 5.6.3
- _ZNSt6vectorIjSaIjEE17_M_realloc_insertIJRKjEEEvN9__gnu_cxx17__normal_iteratorIPjS1_EEDpOT_@Base 5.6.3
- _ZNSt6vectorIjSaIjEE17_M_realloc_insertIJjEEEvN9__gnu_cxx17__normal_iteratorIPjS1_EEDpOT_@Base 5.6.3
+#MISSING: 5.6.4+dfsg.1-1# _ZNSt6vectorIjSaIjEE17_M_realloc_insertIJRKjEEEvN9__gnu_cxx17__normal_iteratorIPjS1_EEDpOT_@Base 5.6.3
+#MISSING: 5.6.4+dfsg.1-1# _ZNSt6vectorIjSaIjEE17_M_realloc_insertIJjEEEvN9__gnu_cxx17__normal_iteratorIPjS1_EEDpOT_@Base 5.6.3
  _ZNSt6vectorIjSaIjEEaSERKS1_@Base 5.6.3
  _ZNSt6vectorImSaImEE14_M_fill_insertEN9__gnu_cxx17__normal_iteratorIPmS1_EEmRKm@Base 5.6.3
  _ZNSt6vectorImSaImEE17_M_default_appendEm@Base 5.6.3
- _ZNSt6vectorImSaImEE17_M_realloc_insertIJRKmEEEvN9__gnu_cxx17__normal_iteratorIPmS1_EEDpOT_@Base 5.6.3
+#MISSING: 5.6.4+dfsg.1-1# _ZNSt6vectorImSaImEE17_M_realloc_insertIJRKmEEEvN9__gnu_cxx17__normal_iteratorIPmS1_EEDpOT_@Base 5.6.3
  _ZNSt6vectorItSaItEE14_M_fill_insertEN9__gnu_cxx17__normal_iteratorIPtS1_EEmRKt@Base 5.6.3
  _ZNSt6vectorItSaItEE17_M_default_appendEm@Base 5.6.3
- _ZNSt7__cxx1112basic_stringIcSt11char_traitsIcESaIcEE12_M_constructIPKcEEvT_S8_St20forward_iterator_tag@Base 5.6.3
- _ZNSt7__cxx1112basic_stringIcSt11char_traitsIcESaIcEE12_M_constructIPcEEvT_S7_St20forward_iterator_tag@Base 5.6.3
- _ZNSt7__cxx1115basic_stringbufIcSt11char_traitsIcESaIcEED0Ev@Base 5.6.3
- _ZNSt7__cxx1115basic_stringbufIcSt11char_traitsIcESaIcEED1Ev@Base 5.6.3
- _ZNSt7__cxx1115basic_stringbufIcSt11char_traitsIcESaIcEED2Ev@Base 5.6.3
+#MISSING: 5.6.4+dfsg.1-1# _ZNSt7__cxx1112basic_stringIcSt11char_traitsIcESaIcEE12_M_constructIPKcEEvT_S8_St20forward_iterator_tag@Base 5.6.3
+#MISSING: 5.6.4+dfsg.1-1# _ZNSt7__cxx1112basic_stringIcSt11char_traitsIcESaIcEE12_M_constructIPcEEvT_S7_St20forward_iterator_tag@Base 5.6.3
+#MISSING: 5.6.4+dfsg.1-1# _ZNSt7__cxx1115basic_stringbufIcSt11char_traitsIcESaIcEED0Ev@Base 5.6.3
+#MISSING: 5.6.4+dfsg.1-1# _ZNSt7__cxx1115basic_stringbufIcSt11char_traitsIcESaIcEED1Ev@Base 5.6.3
+#MISSING: 5.6.4+dfsg.1-1# _ZNSt7__cxx1115basic_stringbufIcSt11char_traitsIcESaIcEED2Ev@Base 5.6.3
  _ZNSt8_Rb_treeIN5CMSat12BinaryClauseES1_St9_IdentityIS1_ESt4lessIS1_ESaIS1_EE16_M_insert_uniqueIRKS1_EESt4pairISt17_Rb_tree_iteratorIS1_EbEOT_@Base 5.6.3
  _ZNSt8_Rb_treeIN5CMSat12BinaryClauseES1_St9_IdentityIS1_ESt4lessIS1_ESaIS1_EE16_M_insert_uniqueIS1_EESt4pairISt17_Rb_tree_iteratorIS1_EbEOT_@Base 5.6.3
  _ZNSt8_Rb_treeIN5CMSat12BinaryClauseES1_St9_IdentityIS1_ESt4lessIS1_ESaIS1_EE24_M_get_insert_unique_posERKS1_@Base 5.6.3
  _ZNSt8_Rb_treeIN5CMSat12BinaryClauseES1_St9_IdentityIS1_ESt4lessIS1_ESaIS1_EE8_M_eraseEPSt13_Rb_tree_nodeIS1_E@Base 5.6.3
- _ZNSt8_Rb_treeIN5CMSat9BinaryXorES1_St9_IdentityIS1_ESt4lessIS1_ESaIS1_EE24_M_get_insert_unique_posERKS1_@Base 5.6.3
+ _ZNSt8_Rb_treeIN5CMSat9BinaryXorES1_St9_IdentityIS1_ESt4lessIS1_ESaIS1_EE16_M_insert_uniqueIRKS1_EESt4pairISt17_Rb_tree_iteratorIS1_EbEOT_@Base 5.6.4+dfsg.1-1
+#MISSING: 5.6.4+dfsg.1-1# _ZNSt8_Rb_treeIN5CMSat9BinaryXorES1_St9_IdentityIS1_ESt4lessIS1_ESaIS1_EE24_M_get_insert_unique_posERKS1_@Base 5.6.3
  _ZNSt8_Rb_treeIN5CMSat9BinaryXorES1_St9_IdentityIS1_ESt4lessIS1_ESaIS1_EE8_M_eraseEPSt13_Rb_tree_nodeIS1_E@Base 5.6.3
- _ZNSt8_Rb_treeIjSt4pairIKjSt6vectorIjSaIjEEESt10_Select1stIS5_ESt4lessIjESaIS5_EE14_M_insert_nodeEPSt18_Rb_tree_node_baseSD_PSt13_Rb_tree_nodeIS5_E@Base 5.6.3
+#MISSING: 5.6.4+dfsg.1-1# _ZNSt8_Rb_treeIjSt4pairIKjSt6vectorIjSaIjEEESt10_Select1stIS5_ESt4lessIjESaIS5_EE14_M_insert_nodeEPSt18_Rb_tree_node_baseSD_PSt13_Rb_tree_nodeIS5_E@Base 5.6.3
+ _ZNSt8_Rb_treeIjSt4pairIKjSt6vectorIjSaIjEEESt10_Select1stIS5_ESt4lessIjESaIS5_EE17_M_construct_nodeIJRKS5_EEEvPSt13_Rb_tree_nodeIS5_EDpOT_@Base 5.6.4+dfsg.1-1
  _ZNSt8_Rb_treeIjSt4pairIKjSt6vectorIjSaIjEEESt10_Select1stIS5_ESt4lessIjESaIS5_EE22_M_emplace_hint_uniqueIJRKSt21piecewise_construct_tSt5tupleIJOjEESG_IJEEEEESt17_Rb_tree_iteratorIS5_ESt23_Rb_tree_const_iteratorIS5_EDpOT_@Base 5.6.3
- _ZNSt8_Rb_treeIjSt4pairIKjSt6vectorIjSaIjEEESt10_Select1stIS5_ESt4lessIjESaIS5_EE24_M_get_insert_unique_posERS1_@Base 5.6.3
+ _ZNSt8_Rb_treeIjSt4pairIKjSt6vectorIjSaIjEEESt10_Select1stIS5_ESt4lessIjESaIS5_EE22_M_emplace_hint_uniqueIJRKSt21piecewise_construct_tSt5tupleIJRS1_EESG_IJEEEEESt17_Rb_tree_iteratorIS5_ESt23_Rb_tree_const_iteratorIS5_EDpOT_@Base 5.6.4+dfsg.1-1
+#MISSING: 5.6.4+dfsg.1-1# _ZNSt8_Rb_treeIjSt4pairIKjSt6vectorIjSaIjEEESt10_Select1stIS5_ESt4lessIjESaIS5_EE24_M_get_insert_unique_posERS1_@Base 5.6.3
  _ZNSt8_Rb_treeIjSt4pairIKjSt6vectorIjSaIjEEESt10_Select1stIS5_ESt4lessIjESaIS5_EE29_M_get_insert_hint_unique_posESt23_Rb_tree_const_iteratorIS5_ERS1_@Base 5.6.3
  _ZNSt8_Rb_treeIjSt4pairIKjSt6vectorIjSaIjEEESt10_Select1stIS5_ESt4lessIjESaIS5_EE7_M_copyINSB_11_Alloc_nodeEEEPSt13_Rb_tree_nodeIS5_EPKSF_PSt18_Rb_tree_node_baseRT_@Base 5.6.3
  _ZNSt8_Rb_treeIjSt4pairIKjSt6vectorIjSaIjEEESt10_Select1stIS5_ESt4lessIjESaIS5_EE8_M_eraseEPSt13_Rb_tree_nodeIS5_E@Base 5.6.3
  _ZNSt8_Rb_treeImmSt9_IdentityImESt4lessImESaImEE16_M_insert_uniqueImEESt4pairISt17_Rb_tree_iteratorImEbEOT_@Base 5.6.3
  _ZNSt8_Rb_treeImmSt9_IdentityImESt4lessImESaImEE8_M_eraseEPSt13_Rb_tree_nodeImE@Base 5.6.3
- _ZNSt8functionIFbRKN5CMSat11OccurClauseES3_EEC1ERKS5_@Base 5.6.3
- _ZNSt8functionIFbRKN5CMSat11OccurClauseES3_EEC2ERKS5_@Base 5.6.3
+#MISSING: 5.6.4+dfsg.1-1# _ZNSt8functionIFbRKN5CMSat11OccurClauseES3_EEC1ERKS5_@Base 5.6.3
+#MISSING: 5.6.4+dfsg.1-1# _ZNSt8functionIFbRKN5CMSat11OccurClauseES3_EEC2ERKS5_@Base 5.6.3
+ _ZSt10__pop_heapIN9__gnu_cxx17__normal_iteratorIPN5CMSat11OccurClauseESt6vectorIS3_SaIS3_EEEENS0_5__ops15_Iter_comp_iterISt8functionIFbRKS3_SD_EEEEEvT_SH_SH_RT0_@Base 5.6.4+dfsg.1-1
  _ZSt11__make_heapIN9__gnu_cxx17__normal_iteratorIPN5CMSat11OccurClauseESt6vectorIS3_SaIS3_EEEENS0_5__ops15_Iter_comp_iterISt8functionIFbRKS3_SD_EEEEEvT_SH_RT0_@Base 5.6.3
+ _ZSt11__make_heapIN9__gnu_cxx17__normal_iteratorIPN5CMSat3LitESt6vectorIS3_SaIS3_EEEENS0_5__ops15_Iter_comp_iterINS2_5Stamp11StampSorterEEEEvT_SE_RT0_@Base 5.6.4+dfsg.1-1
+ _ZSt11__make_heapIN9__gnu_cxx17__normal_iteratorIPN5CMSat3XorESt6vectorIS3_SaIS3_EEEENS0_5__ops15_Iter_comp_iterI9XorSorterEEEvT_SD_RT0_@Base 5.6.4+dfsg.1-1
+ _ZSt11__make_heapIN9__gnu_cxx17__normal_iteratorIPN5CMSat3XorESt6vectorIS3_SaIS3_EEEENS0_5__ops15_Iter_less_iterEEvT_SB_RT0_@Base 5.6.4+dfsg.1-1
+ _ZSt11__make_heapIN9__gnu_cxx17__normal_iteratorIPjSt6vectorIjSaIjEEEENS0_5__ops15_Iter_comp_iterI14SortRedClsGlueEEEvT_SB_RT0_@Base 5.6.4+dfsg.1-1
+ _ZSt11__push_heapIN9__gnu_cxx17__normal_iteratorIPN5CMSat3XorESt6vectorIS3_SaIS3_EEEElS3_NS0_5__ops14_Iter_comp_valI9XorSorterEEEvT_T0_SE_T1_RT2_@Base 5.6.4+dfsg.1-1
+ _ZSt11__push_heapIN9__gnu_cxx17__normal_iteratorIPN5CMSat3XorESt6vectorIS3_SaIS3_EEEElS3_NS0_5__ops14_Iter_less_valEEvT_T0_SC_T1_RT2_@Base 5.6.4+dfsg.1-1
+ _ZSt11__sort_heapIPN5CMSat7WatchedEN9__gnu_cxx5__ops15_Iter_comp_iterINS0_13OccSimplifier25watch_sort_smallest_firstEEEEvT_S9_RT0_@Base 5.6.4+dfsg.1-1
  _ZSt13__adjust_heapIN9__gnu_cxx17__normal_iteratorIPN5CMSat11OccurClauseESt6vectorIS3_SaIS3_EEEElS3_NS0_5__ops15_Iter_comp_iterISt8functionIFbRKS3_SD_EEEEEvT_T0_SI_T1_T2_@Base 5.6.3
  _ZSt13__adjust_heapIN9__gnu_cxx17__normal_iteratorIPN5CMSat3BVA15PotentialClauseESt6vectorIS4_SaIS4_EEEElS4_NS0_5__ops15_Iter_less_iterEEvT_T0_SD_T1_T2_@Base 5.6.3
- _ZSt13__adjust_heapIN9__gnu_cxx17__normal_iteratorIPN5CMSat3LitESt6vectorIS3_SaIS3_EEEElS3_NS0_5__ops15_Iter_comp_iterINS2_5Stamp11StampSorterEEEEvT_T0_SF_T1_T2_@Base 5.6.3
+#MISSING: 5.6.4+dfsg.1-1# _ZSt13__adjust_heapIN9__gnu_cxx17__normal_iteratorIPN5CMSat3LitESt6vectorIS3_SaIS3_EEEElS3_NS0_5__ops15_Iter_comp_iterINS2_5Stamp11StampSorterEEEEvT_T0_SF_T1_T2_@Base 5.6.3
  _ZSt13__adjust_heapIN9__gnu_cxx17__normal_iteratorIPN5CMSat3LitESt6vectorIS3_SaIS3_EEEElS3_NS0_5__ops15_Iter_comp_iterINS2_5Stamp14StampSorterInvEEEEvT_T0_SF_T1_T2_@Base 5.6.3
- _ZSt13__adjust_heapIN9__gnu_cxx17__normal_iteratorIPN5CMSat3LitESt6vectorIS3_SaIS3_EEEElS3_NS0_5__ops15_Iter_less_iterEEvT_T0_SC_T1_T2_@Base 5.6.3
+#MISSING: 5.6.4+dfsg.1-1# _ZSt13__adjust_heapIN9__gnu_cxx17__normal_iteratorIPN5CMSat3LitESt6vectorIS3_SaIS3_EEEElS3_NS0_5__ops15_Iter_less_iterEEvT_T0_SC_T1_T2_@Base 5.6.3
  _ZSt13__adjust_heapIN9__gnu_cxx17__normal_iteratorIPN5CMSat3XorESt6vectorIS3_SaIS3_EEEElS3_NS0_5__ops15_Iter_comp_iterI9XorSorterEEEvT_T0_SE_T1_T2_@Base 5.6.3
  _ZSt13__adjust_heapIN9__gnu_cxx17__normal_iteratorIPN5CMSat3XorESt6vectorIS3_SaIS3_EEEElS3_NS0_5__ops15_Iter_less_iterEEvT_T0_SC_T1_T2_@Base 5.6.3
- _ZSt13__adjust_heapIN9__gnu_cxx17__normal_iteratorIPN5CMSat8Searcher14AssumptionPairESt6vectorIS4_SaIS4_EEEElS4_NS0_5__ops15_Iter_less_iterEEvT_T0_SD_T1_T2_@Base 5.6.3
- _ZSt13__adjust_heapIN9__gnu_cxx17__normal_iteratorIPSt4pairIjjESt6vectorIS3_SaIS3_EEEElS3_NS0_5__ops15_Iter_comp_iterIN5CMSat11CompHandler9sort_predEEEEvT_T0_SG_T1_T2_@Base 5.6.3
- _ZSt13__adjust_heapIN9__gnu_cxx17__normal_iteratorIPjSt6vectorIjSaIjEEEEljNS0_5__ops15_Iter_comp_iterI13SortRedClsActEEEvT_T0_SC_T1_T2_@Base 5.6.3
- _ZSt13__adjust_heapIN9__gnu_cxx17__normal_iteratorIPjSt6vectorIjSaIjEEEEljNS0_5__ops15_Iter_comp_iterI14SortRedClsGlueEEEvT_T0_SC_T1_T2_@Base 5.6.3
+#MISSING: 5.6.4+dfsg.1-1# _ZSt13__adjust_heapIN9__gnu_cxx17__normal_iteratorIPN5CMSat8Searcher14AssumptionPairESt6vectorIS4_SaIS4_EEEElS4_NS0_5__ops15_Iter_less_iterEEvT_T0_SD_T1_T2_@Base 5.6.3
+#MISSING: 5.6.4+dfsg.1-1# _ZSt13__adjust_heapIN9__gnu_cxx17__normal_iteratorIPSt4pairIjjESt6vectorIS3_SaIS3_EEEElS3_NS0_5__ops15_Iter_comp_iterIN5CMSat11CompHandler9sort_predEEEEvT_T0_SG_T1_T2_@Base 5.6.3
+#MISSING: 5.6.4+dfsg.1-1# _ZSt13__adjust_heapIN9__gnu_cxx17__normal_iteratorIPjSt6vectorIjSaIjEEEEljNS0_5__ops15_Iter_comp_iterI13SortRedClsActEEEvT_T0_SC_T1_T2_@Base 5.6.3
+#MISSING: 5.6.4+dfsg.1-1# _ZSt13__adjust_heapIN9__gnu_cxx17__normal_iteratorIPjSt6vectorIjSaIjEEEEljNS0_5__ops15_Iter_comp_iterI14SortRedClsGlueEEEvT_T0_SC_T1_T2_@Base 5.6.3
  _ZSt13__adjust_heapIN9__gnu_cxx17__normal_iteratorIPjSt6vectorIjSaIjEEEEljNS0_5__ops15_Iter_comp_iterIN5CMSat16ClauseSizeSorterEEEEvT_T0_SD_T1_T2_@Base 5.6.3
- _ZSt13__adjust_heapIN9__gnu_cxx17__normal_iteratorIPjSt6vectorIjSaIjEEEEljNS0_5__ops15_Iter_less_iterEEvT_T0_SA_T1_T2_@Base 5.6.3
- _ZSt13__adjust_heapIPN5CMSat3LitElS1_N9__gnu_cxx5__ops15_Iter_less_iterEEvT_T0_S7_T1_T2_@Base 5.6.3
+#MISSING: 5.6.4+dfsg.1-1# _ZSt13__adjust_heapIN9__gnu_cxx17__normal_iteratorIPjSt6vectorIjSaIjEEEEljNS0_5__ops15_Iter_less_iterEEvT_T0_SA_T1_T2_@Base 5.6.3
+#MISSING: 5.6.4+dfsg.1-1# _ZSt13__adjust_heapIPN5CMSat3LitElS1_N9__gnu_cxx5__ops15_Iter_less_iterEEvT_T0_S7_T1_T2_@Base 5.6.3
  _ZSt13__adjust_heapIPN5CMSat7WatchedElS1_N9__gnu_cxx5__ops15_Iter_comp_iterI11MyOccSorterEEEvT_T0_S9_T1_T2_@Base 5.6.3
- _ZSt13__adjust_heapIPN5CMSat7WatchedElS1_N9__gnu_cxx5__ops15_Iter_comp_iterINS0_13OccSimplifier25watch_sort_smallest_firstEEEEvT_T0_SA_T1_T2_@Base 5.6.3
+#MISSING: 5.6.4+dfsg.1-1# _ZSt13__adjust_heapIPN5CMSat7WatchedElS1_N9__gnu_cxx5__ops15_Iter_comp_iterINS0_13OccSimplifier25watch_sort_smallest_firstEEEEvT_T0_SA_T1_T2_@Base 5.6.3
  _ZSt13__adjust_heapIPN5CMSat7WatchedElS1_N9__gnu_cxx5__ops15_Iter_comp_iterINS0_21WatchSorterBinTriLongEEEEvT_T0_S9_T1_T2_@Base 5.6.3
- _ZSt13__heap_selectIN9__gnu_cxx17__normal_iteratorIPN5CMSat3BVA15PotentialClauseESt6vectorIS4_SaIS4_EEEENS0_5__ops15_Iter_less_iterEEvT_SC_SC_T0_@Base 5.6.3
- _ZSt13__heap_selectIN9__gnu_cxx17__normal_iteratorIPN5CMSat3XorESt6vectorIS3_SaIS3_EEEENS0_5__ops15_Iter_comp_iterI9XorSorterEEEvT_SD_SD_T0_@Base 5.6.3
- _ZSt13__heap_selectIPN5CMSat7WatchedEN9__gnu_cxx5__ops15_Iter_comp_iterI11MyOccSorterEEEvT_S8_S8_T0_@Base 5.6.3
- _ZSt13__heap_selectIPN5CMSat7WatchedEN9__gnu_cxx5__ops15_Iter_comp_iterINS0_13OccSimplifier25watch_sort_smallest_firstEEEEvT_S9_S9_T0_@Base 5.6.3
- _ZSt13__heap_selectIPN5CMSat7WatchedEN9__gnu_cxx5__ops15_Iter_comp_iterINS0_21WatchSorterBinTriLongEEEEvT_S8_S8_T0_@Base 5.6.3
+#MISSING: 5.6.4+dfsg.1-1# _ZSt13__heap_selectIN9__gnu_cxx17__normal_iteratorIPN5CMSat3BVA15PotentialClauseESt6vectorIS4_SaIS4_EEEENS0_5__ops15_Iter_less_iterEEvT_SC_SC_T0_@Base 5.6.3
+#MISSING: 5.6.4+dfsg.1-1# _ZSt13__heap_selectIN9__gnu_cxx17__normal_iteratorIPN5CMSat3XorESt6vectorIS3_SaIS3_EEEENS0_5__ops15_Iter_comp_iterI9XorSorterEEEvT_SD_SD_T0_@Base 5.6.3
+#MISSING: 5.6.4+dfsg.1-1# _ZSt13__heap_selectIPN5CMSat7WatchedEN9__gnu_cxx5__ops15_Iter_comp_iterI11MyOccSorterEEEvT_S8_S8_T0_@Base 5.6.3
+#MISSING: 5.6.4+dfsg.1-1# _ZSt13__heap_selectIPN5CMSat7WatchedEN9__gnu_cxx5__ops15_Iter_comp_iterINS0_13OccSimplifier25watch_sort_smallest_firstEEEEvT_S9_S9_T0_@Base 5.6.3
+#MISSING: 5.6.4+dfsg.1-1# _ZSt13__heap_selectIPN5CMSat7WatchedEN9__gnu_cxx5__ops15_Iter_comp_iterINS0_21WatchSorterBinTriLongEEEEvT_S8_S8_T0_@Base 5.6.3
+ _ZSt14__partial_sortIN9__gnu_cxx17__normal_iteratorIPN5CMSat11OccurClauseESt6vectorIS3_SaIS3_EEEENS0_5__ops15_Iter_comp_iterISt8functionIFbRKS3_SD_EEEEEvT_SH_SH_T0_@Base 5.6.4+dfsg.1-1
+ _ZSt14__partial_sortIN9__gnu_cxx17__normal_iteratorIPSt4pairIjjESt6vectorIS3_SaIS3_EEEENS0_5__ops15_Iter_comp_iterIN5CMSat11CompHandler9sort_predEEEEvT_SF_SF_T0_@Base 5.6.4+dfsg.1-1
+ _ZSt14__partial_sortIPN5CMSat3LitEN9__gnu_cxx5__ops15_Iter_less_iterEEvT_S6_S6_T0_@Base 5.6.4+dfsg.1-1
  _ZSt16__insertion_sortIN9__gnu_cxx17__normal_iteratorIPN5CMSat11OccurClauseESt6vectorIS3_SaIS3_EEEENS0_5__ops15_Iter_comp_iterISt8functionIFbRKS3_SD_EEEEEvT_SH_T0_@Base 5.6.3
- _ZSt16__insertion_sortIN9__gnu_cxx17__normal_iteratorIPN5CMSat3BVA15PotentialClauseESt6vectorIS4_SaIS4_EEEENS0_5__ops15_Iter_less_iterEEvT_SC_T0_@Base 5.6.3
- _ZSt16__insertion_sortIN9__gnu_cxx17__normal_iteratorIPN5CMSat3LitESt6vectorIS3_SaIS3_EEEENS0_5__ops15_Iter_comp_iterINS2_5Stamp11StampSorterEEEEvT_SE_T0_@Base 5.6.3
- _ZSt16__insertion_sortIN9__gnu_cxx17__normal_iteratorIPN5CMSat3LitESt6vectorIS3_SaIS3_EEEENS0_5__ops15_Iter_comp_iterINS2_5Stamp14StampSorterInvEEEEvT_SE_T0_@Base 5.6.3
- _ZSt16__insertion_sortIN9__gnu_cxx17__normal_iteratorIPN5CMSat3LitESt6vectorIS3_SaIS3_EEEENS0_5__ops15_Iter_less_iterEEvT_SB_T0_@Base 5.6.3
+#MISSING: 5.6.4+dfsg.1-1# _ZSt16__insertion_sortIN9__gnu_cxx17__normal_iteratorIPN5CMSat3BVA15PotentialClauseESt6vectorIS4_SaIS4_EEEENS0_5__ops15_Iter_less_iterEEvT_SC_T0_@Base 5.6.3
+#MISSING: 5.6.4+dfsg.1-1# _ZSt16__insertion_sortIN9__gnu_cxx17__normal_iteratorIPN5CMSat3LitESt6vectorIS3_SaIS3_EEEENS0_5__ops15_Iter_comp_iterINS2_5Stamp11StampSorterEEEEvT_SE_T0_@Base 5.6.3
+#MISSING: 5.6.4+dfsg.1-1# _ZSt16__insertion_sortIN9__gnu_cxx17__normal_iteratorIPN5CMSat3LitESt6vectorIS3_SaIS3_EEEENS0_5__ops15_Iter_comp_iterINS2_5Stamp14StampSorterInvEEEEvT_SE_T0_@Base 5.6.3
+#MISSING: 5.6.4+dfsg.1-1# _ZSt16__insertion_sortIN9__gnu_cxx17__normal_iteratorIPN5CMSat3LitESt6vectorIS3_SaIS3_EEEENS0_5__ops15_Iter_less_iterEEvT_SB_T0_@Base 5.6.3
  _ZSt16__insertion_sortIN9__gnu_cxx17__normal_iteratorIPN5CMSat3XorESt6vectorIS3_SaIS3_EEEENS0_5__ops15_Iter_comp_iterI9XorSorterEEEvT_SD_T0_@Base 5.6.3
  _ZSt16__insertion_sortIN9__gnu_cxx17__normal_iteratorIPN5CMSat3XorESt6vectorIS3_SaIS3_EEEENS0_5__ops15_Iter_less_iterEEvT_SB_T0_@Base 5.6.3
- _ZSt16__insertion_sortIN9__gnu_cxx17__normal_iteratorIPN5CMSat8Searcher14AssumptionPairESt6vectorIS4_SaIS4_EEEENS0_5__ops15_Iter_less_iterEEvT_SC_T0_@Base 5.6.3
- _ZSt16__insertion_sortIN9__gnu_cxx17__normal_iteratorIPSt4pairIjjESt6vectorIS3_SaIS3_EEEENS0_5__ops15_Iter_comp_iterIN5CMSat11CompHandler9sort_predEEEEvT_SF_T0_@Base 5.6.3
- _ZSt16__insertion_sortIN9__gnu_cxx17__normal_iteratorIPjSt6vectorIjSaIjEEEENS0_5__ops15_Iter_comp_iterI13SortRedClsActEEEvT_SB_T0_@Base 5.6.3
- _ZSt16__insertion_sortIN9__gnu_cxx17__normal_iteratorIPjSt6vectorIjSaIjEEEENS0_5__ops15_Iter_comp_iterI14SortRedClsGlueEEEvT_SB_T0_@Base 5.6.3
+#MISSING: 5.6.4+dfsg.1-1# _ZSt16__insertion_sortIN9__gnu_cxx17__normal_iteratorIPN5CMSat8Searcher14AssumptionPairESt6vectorIS4_SaIS4_EEEENS0_5__ops15_Iter_less_iterEEvT_SC_T0_@Base 5.6.3
+#MISSING: 5.6.4+dfsg.1-1# _ZSt16__insertion_sortIN9__gnu_cxx17__normal_iteratorIPSt4pairIjjESt6vectorIS3_SaIS3_EEEENS0_5__ops15_Iter_comp_iterIN5CMSat11CompHandler9sort_predEEEEvT_SF_T0_@Base 5.6.3
+#MISSING: 5.6.4+dfsg.1-1# _ZSt16__insertion_sortIN9__gnu_cxx17__normal_iteratorIPjSt6vectorIjSaIjEEEENS0_5__ops15_Iter_comp_iterI13SortRedClsActEEEvT_SB_T0_@Base 5.6.3
+#MISSING: 5.6.4+dfsg.1-1# _ZSt16__insertion_sortIN9__gnu_cxx17__normal_iteratorIPjSt6vectorIjSaIjEEEENS0_5__ops15_Iter_comp_iterI14SortRedClsGlueEEEvT_SB_T0_@Base 5.6.3
  _ZSt16__insertion_sortIN9__gnu_cxx17__normal_iteratorIPjSt6vectorIjSaIjEEEENS0_5__ops15_Iter_comp_iterIN5CMSat16ClauseSizeSorterEEEEvT_SC_T0_@Base 5.6.3
- _ZSt16__insertion_sortIN9__gnu_cxx17__normal_iteratorIPjSt6vectorIjSaIjEEEENS0_5__ops15_Iter_less_iterEEvT_S9_T0_@Base 5.6.3
- _ZSt16__insertion_sortIPN5CMSat3LitEN9__gnu_cxx5__ops15_Iter_less_iterEEvT_S6_T0_@Base 5.6.3
+#MISSING: 5.6.4+dfsg.1-1# _ZSt16__insertion_sortIN9__gnu_cxx17__normal_iteratorIPjSt6vectorIjSaIjEEEENS0_5__ops15_Iter_less_iterEEvT_S9_T0_@Base 5.6.3
+#MISSING: 5.6.4+dfsg.1-1# _ZSt16__insertion_sortIPN5CMSat3LitEN9__gnu_cxx5__ops15_Iter_less_iterEEvT_S6_T0_@Base 5.6.3
  _ZSt16__insertion_sortIPN5CMSat7WatchedEN9__gnu_cxx5__ops15_Iter_comp_iterI11MyOccSorterEEEvT_S8_T0_@Base 5.6.3
- _ZSt16__insertion_sortIPN5CMSat7WatchedEN9__gnu_cxx5__ops15_Iter_comp_iterINS0_13OccSimplifier25watch_sort_smallest_firstEEEEvT_S9_T0_@Base 5.6.3
+#MISSING: 5.6.4+dfsg.1-1# _ZSt16__insertion_sortIPN5CMSat7WatchedEN9__gnu_cxx5__ops15_Iter_comp_iterINS0_13OccSimplifier25watch_sort_smallest_firstEEEEvT_S9_T0_@Base 5.6.3
  _ZSt16__insertion_sortIPN5CMSat7WatchedEN9__gnu_cxx5__ops15_Iter_comp_iterINS0_21WatchSorterBinTriLongEEEEvT_S8_T0_@Base 5.6.3
  _ZSt16__introsort_loopIN9__gnu_cxx17__normal_iteratorIPN5CMSat11OccurClauseESt6vectorIS3_SaIS3_EEEElNS0_5__ops15_Iter_comp_iterISt8functionIFbRKS3_SD_EEEEEvT_SH_T0_T1_@Base 5.6.3
+ _ZSt16__introsort_loopIN9__gnu_cxx17__normal_iteratorIPN5CMSat3BVA15PotentialClauseESt6vectorIS4_SaIS4_EEEElNS0_5__ops15_Iter_less_iterEEvT_SC_T0_T1_@Base 5.6.4+dfsg.1-1
  _ZSt16__introsort_loopIN9__gnu_cxx17__normal_iteratorIPN5CMSat3LitESt6vectorIS3_SaIS3_EEEElNS0_5__ops15_Iter_comp_iterINS2_5Stamp11StampSorterEEEEvT_SE_T0_T1_@Base 5.6.3
  _ZSt16__introsort_loopIN9__gnu_cxx17__normal_iteratorIPN5CMSat3LitESt6vectorIS3_SaIS3_EEEElNS0_5__ops15_Iter_comp_iterINS2_5Stamp14StampSorterInvEEEEvT_SE_T0_T1_@Base 5.6.3
+ _ZSt16__introsort_loopIN9__gnu_cxx17__normal_iteratorIPN5CMSat3LitESt6vectorIS3_SaIS3_EEEElNS0_5__ops15_Iter_less_iterEEvT_SB_T0_T1_@Base 5.6.4+dfsg.1-1
  _ZSt16__introsort_loopIN9__gnu_cxx17__normal_iteratorIPN5CMSat3XorESt6vectorIS3_SaIS3_EEEElNS0_5__ops15_Iter_comp_iterI9XorSorterEEEvT_SD_T0_T1_@Base 5.6.3
+ _ZSt16__introsort_loopIN9__gnu_cxx17__normal_iteratorIPN5CMSat3XorESt6vectorIS3_SaIS3_EEEElNS0_5__ops15_Iter_less_iterEEvT_SB_T0_T1_@Base 5.6.4+dfsg.1-1
+ _ZSt16__introsort_loopIN9__gnu_cxx17__normal_iteratorIPN5CMSat8Searcher14AssumptionPairESt6vectorIS4_SaIS4_EEEElNS0_5__ops15_Iter_less_iterEEvT_SC_T0_T1_@Base 5.6.4+dfsg.1-1
  _ZSt16__introsort_loopIN9__gnu_cxx17__normal_iteratorIPSt4pairIjjESt6vectorIS3_SaIS3_EEEElNS0_5__ops15_Iter_comp_iterIN5CMSat11CompHandler9sort_predEEEEvT_SF_T0_T1_@Base 5.6.3
  _ZSt16__introsort_loopIN9__gnu_cxx17__normal_iteratorIPjSt6vectorIjSaIjEEEElNS0_5__ops15_Iter_comp_iterI13SortRedClsActEEEvT_SB_T0_T1_@Base 5.6.3
  _ZSt16__introsort_loopIN9__gnu_cxx17__normal_iteratorIPjSt6vectorIjSaIjEEEElNS0_5__ops15_Iter_comp_iterI14SortRedClsGlueEEEvT_SB_T0_T1_@Base 5.6.3
  _ZSt16__introsort_loopIN9__gnu_cxx17__normal_iteratorIPjSt6vectorIjSaIjEEEElNS0_5__ops15_Iter_comp_iterIN5CMSat16ClauseSizeSorterEEEEvT_SC_T0_T1_@Base 5.6.3
  _ZSt16__introsort_loopIN9__gnu_cxx17__normal_iteratorIPjSt6vectorIjSaIjEEEElNS0_5__ops15_Iter_less_iterEEvT_S9_T0_T1_@Base 5.6.3
+ _ZSt16__introsort_loopIPN5CMSat3LitElN9__gnu_cxx5__ops15_Iter_less_iterEEvT_S6_T0_T1_@Base 5.6.4+dfsg.1-1
  _ZSt16__introsort_loopIPN5CMSat7WatchedElN9__gnu_cxx5__ops15_Iter_comp_iterI11MyOccSorterEEEvT_S8_T0_T1_@Base 5.6.3
  _ZSt16__introsort_loopIPN5CMSat7WatchedElN9__gnu_cxx5__ops15_Iter_comp_iterINS0_13OccSimplifier25watch_sort_smallest_firstEEEEvT_S9_T0_T1_@Base 5.6.3
  _ZSt16__introsort_loopIPN5CMSat7WatchedElN9__gnu_cxx5__ops15_Iter_comp_iterINS0_21WatchSorterBinTriLongEEEEvT_S8_T0_T1_@Base 5.6.3
+ _ZSt21__unguarded_partitionIN9__gnu_cxx17__normal_iteratorIPN5CMSat3XorESt6vectorIS3_SaIS3_EEEENS0_5__ops15_Iter_less_iterEET_SB_SB_SB_T0_@Base 5.6.4+dfsg.1-1
  _ZSt22__final_insertion_sortIN9__gnu_cxx17__normal_iteratorIPN5CMSat11OccurClauseESt6vectorIS3_SaIS3_EEEENS0_5__ops15_Iter_comp_iterISt8functionIFbRKS3_SD_EEEEEvT_SH_T0_@Base 5.6.3
+ _ZSt22__final_insertion_sortIN9__gnu_cxx17__normal_iteratorIPN5CMSat3BVA15PotentialClauseESt6vectorIS4_SaIS4_EEEENS0_5__ops15_Iter_less_iterEEvT_SC_T0_@Base 5.6.4+dfsg.1-1
  _ZSt22__final_insertion_sortIN9__gnu_cxx17__normal_iteratorIPN5CMSat3LitESt6vectorIS3_SaIS3_EEEENS0_5__ops15_Iter_comp_iterINS2_5Stamp11StampSorterEEEEvT_SE_T0_@Base 5.6.3
  _ZSt22__final_insertion_sortIN9__gnu_cxx17__normal_iteratorIPN5CMSat3LitESt6vectorIS3_SaIS3_EEEENS0_5__ops15_Iter_comp_iterINS2_5Stamp14StampSorterInvEEEEvT_SE_T0_@Base 5.6.3
  _ZSt22__final_insertion_sortIN9__gnu_cxx17__normal_iteratorIPN5CMSat3LitESt6vectorIS3_SaIS3_EEEENS0_5__ops15_Iter_less_iterEEvT_SB_T0_@Base 5.6.3
+ _ZSt22__final_insertion_sortIN9__gnu_cxx17__normal_iteratorIPN5CMSat8Searcher14AssumptionPairESt6vectorIS4_SaIS4_EEEENS0_5__ops15_Iter_less_iterEEvT_SC_T0_@Base 5.6.4+dfsg.1-1
+ _ZSt22__final_insertion_sortIN9__gnu_cxx17__normal_iteratorIPSt4pairIjjESt6vectorIS3_SaIS3_EEEENS0_5__ops15_Iter_comp_iterIN5CMSat11CompHandler9sort_predEEEEvT_SF_T0_@Base 5.6.4+dfsg.1-1
+ _ZSt22__final_insertion_sortIN9__gnu_cxx17__normal_iteratorIPjSt6vectorIjSaIjEEEENS0_5__ops15_Iter_comp_iterI13SortRedClsActEEEvT_SB_T0_@Base 5.6.4+dfsg.1-1
+ _ZSt22__final_insertion_sortIN9__gnu_cxx17__normal_iteratorIPjSt6vectorIjSaIjEEEENS0_5__ops15_Iter_comp_iterI14SortRedClsGlueEEEvT_SB_T0_@Base 5.6.4+dfsg.1-1
  _ZSt22__final_insertion_sortIN9__gnu_cxx17__normal_iteratorIPjSt6vectorIjSaIjEEEENS0_5__ops15_Iter_less_iterEEvT_S9_T0_@Base 5.6.3
+ _ZSt22__final_insertion_sortIPN5CMSat3LitEN9__gnu_cxx5__ops15_Iter_less_iterEEvT_S6_T0_@Base 5.6.4+dfsg.1-1
+ _ZSt22__final_insertion_sortIPN5CMSat7WatchedEN9__gnu_cxx5__ops15_Iter_comp_iterINS0_13OccSimplifier25watch_sort_smallest_firstEEEEvT_S9_T0_@Base 5.6.4+dfsg.1-1
+ _ZSt22__move_median_to_firstIN9__gnu_cxx17__normal_iteratorIPN5CMSat11OccurClauseESt6vectorIS3_SaIS3_EEEENS0_5__ops15_Iter_comp_iterISt8functionIFbRKS3_SD_EEEEEvT_SH_SH_SH_T0_@Base 5.6.4+dfsg.1-1
  _ZSt22__move_median_to_firstIN9__gnu_cxx17__normal_iteratorIPN5CMSat3BVA15PotentialClauseESt6vectorIS4_SaIS4_EEEENS0_5__ops15_Iter_less_iterEEvT_SC_SC_SC_T0_@Base 5.6.3
- _ZSt22__move_median_to_firstIPN5CMSat7WatchedEN9__gnu_cxx5__ops15_Iter_comp_iterINS0_13OccSimplifier25watch_sort_smallest_firstEEEEvT_S9_S9_S9_T0_@Base 5.6.3
- _ZSt25__unguarded_linear_insertIN9__gnu_cxx17__normal_iteratorIPN5CMSat11OccurClauseESt6vectorIS3_SaIS3_EEEENS0_5__ops14_Val_comp_iterISt8functionIFbRKS3_SD_EEEEEvT_T0_@Base 5.6.3
- _ZSt25__unguarded_linear_insertIN9__gnu_cxx17__normal_iteratorIPN5CMSat3BVA15PotentialClauseESt6vectorIS4_SaIS4_EEEENS0_5__ops14_Val_less_iterEEvT_T0_@Base 5.6.3
- _ZSt25__unguarded_linear_insertIN9__gnu_cxx17__normal_iteratorIPN5CMSat3LitESt6vectorIS3_SaIS3_EEEENS0_5__ops14_Val_comp_iterINS2_5Stamp11StampSorterEEEEvT_T0_@Base 5.6.3
- _ZSt25__unguarded_linear_insertIN9__gnu_cxx17__normal_iteratorIPN5CMSat3LitESt6vectorIS3_SaIS3_EEEENS0_5__ops14_Val_comp_iterINS2_5Stamp14StampSorterInvEEEEvT_T0_@Base 5.6.3
+ _ZSt22__move_median_to_firstIN9__gnu_cxx17__normal_iteratorIPN5CMSat3XorESt6vectorIS3_SaIS3_EEEENS0_5__ops15_Iter_comp_iterI9XorSorterEEEvT_SD_SD_SD_T0_@Base 5.6.4+dfsg.1-1
+ _ZSt22__move_median_to_firstIN9__gnu_cxx17__normal_iteratorIPN5CMSat3XorESt6vectorIS3_SaIS3_EEEENS0_5__ops15_Iter_less_iterEEvT_SB_SB_SB_T0_@Base 5.6.4+dfsg.1-1
+ _ZSt22__move_median_to_firstIN9__gnu_cxx17__normal_iteratorIPSt4pairIjjESt6vectorIS3_SaIS3_EEEENS0_5__ops15_Iter_comp_iterIN5CMSat11CompHandler9sort_predEEEEvT_SF_SF_SF_T0_@Base 5.6.4+dfsg.1-1
+ _ZSt22__move_median_to_firstIN9__gnu_cxx17__normal_iteratorIPjSt6vectorIjSaIjEEEENS0_5__ops15_Iter_comp_iterIN5CMSat16ClauseSizeSorterEEEEvT_SC_SC_SC_T0_@Base 5.6.4+dfsg.1-1
+ _ZSt22__move_median_to_firstIPN5CMSat7WatchedEN9__gnu_cxx5__ops15_Iter_comp_iterI11MyOccSorterEEEvT_S8_S8_S8_T0_@Base 5.6.4+dfsg.1-1
+#MISSING: 5.6.4+dfsg.1-1# _ZSt22__move_median_to_firstIPN5CMSat7WatchedEN9__gnu_cxx5__ops15_Iter_comp_iterINS0_13OccSimplifier25watch_sort_smallest_firstEEEEvT_S9_S9_S9_T0_@Base 5.6.3
+ _ZSt22__move_median_to_firstIPN5CMSat7WatchedEN9__gnu_cxx5__ops15_Iter_comp_iterINS0_21WatchSorterBinTriLongEEEEvT_S8_S8_S8_T0_@Base 5.6.4+dfsg.1-1
+#MISSING: 5.6.4+dfsg.1-1# _ZSt25__unguarded_linear_insertIN9__gnu_cxx17__normal_iteratorIPN5CMSat11OccurClauseESt6vectorIS3_SaIS3_EEEENS0_5__ops14_Val_comp_iterISt8functionIFbRKS3_SD_EEEEEvT_T0_@Base 5.6.3
+#MISSING: 5.6.4+dfsg.1-1# _ZSt25__unguarded_linear_insertIN9__gnu_cxx17__normal_iteratorIPN5CMSat3BVA15PotentialClauseESt6vectorIS4_SaIS4_EEEENS0_5__ops14_Val_less_iterEEvT_T0_@Base 5.6.3
+#MISSING: 5.6.4+dfsg.1-1# _ZSt25__unguarded_linear_insertIN9__gnu_cxx17__normal_iteratorIPN5CMSat3LitESt6vectorIS3_SaIS3_EEEENS0_5__ops14_Val_comp_iterINS2_5Stamp11StampSorterEEEEvT_T0_@Base 5.6.3
+#MISSING: 5.6.4+dfsg.1-1# _ZSt25__unguarded_linear_insertIN9__gnu_cxx17__normal_iteratorIPN5CMSat3LitESt6vectorIS3_SaIS3_EEEENS0_5__ops14_Val_comp_iterINS2_5Stamp14StampSorterInvEEEEvT_T0_@Base 5.6.3
  _ZSt25__unguarded_linear_insertIN9__gnu_cxx17__normal_iteratorIPN5CMSat3XorESt6vectorIS3_SaIS3_EEEENS0_5__ops14_Val_comp_iterI9XorSorterEEEvT_T0_@Base 5.6.3
  _ZSt25__unguarded_linear_insertIN9__gnu_cxx17__normal_iteratorIPN5CMSat3XorESt6vectorIS3_SaIS3_EEEENS0_5__ops14_Val_less_iterEEvT_T0_@Base 5.6.3
- _ZSt25__unguarded_linear_insertIN9__gnu_cxx17__normal_iteratorIPjSt6vectorIjSaIjEEEENS0_5__ops14_Val_comp_iterIN5CMSat16ClauseSizeSorterEEEEvT_T0_@Base 5.6.3
- _ZSt25__unguarded_linear_insertIPN5CMSat7WatchedEN9__gnu_cxx5__ops14_Val_comp_iterI11MyOccSorterEEEvT_T0_@Base 5.6.3
- _ZSt25__unguarded_linear_insertIPN5CMSat7WatchedEN9__gnu_cxx5__ops14_Val_comp_iterINS0_21WatchSorterBinTriLongEEEEvT_T0_@Base 5.6.3
+#MISSING: 5.6.4+dfsg.1-1# _ZSt25__unguarded_linear_insertIN9__gnu_cxx17__normal_iteratorIPjSt6vectorIjSaIjEEEENS0_5__ops14_Val_comp_iterIN5CMSat16ClauseSizeSorterEEEEvT_T0_@Base 5.6.3
+#MISSING: 5.6.4+dfsg.1-1# _ZSt25__unguarded_linear_insertIPN5CMSat7WatchedEN9__gnu_cxx5__ops14_Val_comp_iterI11MyOccSorterEEEvT_T0_@Base 5.6.3
+#MISSING: 5.6.4+dfsg.1-1# _ZSt25__unguarded_linear_insertIPN5CMSat7WatchedEN9__gnu_cxx5__ops14_Val_comp_iterINS0_21WatchSorterBinTriLongEEEEvT_T0_@Base 5.6.3
+ _ZSt26__unguarded_insertion_sortIN9__gnu_cxx17__normal_iteratorIPN5CMSat11OccurClauseESt6vectorIS3_SaIS3_EEEENS0_5__ops15_Iter_comp_iterISt8functionIFbRKS3_SD_EEEEEvT_SH_T0_@Base 5.6.4+dfsg.1-1
+ _ZSt27__unguarded_partition_pivotIN9__gnu_cxx17__normal_iteratorIPN5CMSat11OccurClauseESt6vectorIS3_SaIS3_EEEENS0_5__ops15_Iter_comp_iterISt8functionIFbRKS3_SD_EEEEET_SH_SH_T0_@Base 5.6.4+dfsg.1-1
+ _ZSt27__unguarded_partition_pivotIN9__gnu_cxx17__normal_iteratorIPN5CMSat3LitESt6vectorIS3_SaIS3_EEEENS0_5__ops15_Iter_comp_iterINS2_5Stamp14StampSorterInvEEEET_SE_SE_T0_@Base 5.6.4+dfsg.1-1
+ _ZSt4sortIN9__gnu_cxx17__normal_iteratorIPN5CMSat11OccurClauseESt6vectorIS3_SaIS3_EEEESt8functionIFbRKS3_SB_EEEvT_SE_T0_@Base 5.6.4+dfsg.1-1
+ _ZSt4sortIN9__gnu_cxx17__normal_iteratorIPjSt6vectorIjSaIjEEEEN5CMSat16ClauseSizeSorterEEvT_S9_T0_@Base 5.6.4+dfsg.1-1
+ _ZSt6__sortIN9__gnu_cxx17__normal_iteratorIPN5CMSat11OccurClauseESt6vectorIS3_SaIS3_EEEENS0_5__ops15_Iter_comp_iterISt8functionIFbRKS3_SD_EEEEEvT_SH_T0_@Base 5.6.4+dfsg.1-1
+ _ZSt6__sortIPN5CMSat7WatchedEN9__gnu_cxx5__ops15_Iter_comp_iterINS0_21WatchSorterBinTriLongEEEEvT_S8_T0_@Base 5.6.4+dfsg.1-1
+ _ZStplIcSt11char_traitsIcESaIcEENSt7__cxx1112basic_stringIT_T0_T1_EERKS8_PKS5_@Base 5.6.4+dfsg.1-1
  _ZTIN5CMSat10PropEngineE@Base 5.6.3
  _ZTIN5CMSat11HyperEngineE@Base 5.6.3
  _ZTIN5CMSat13TopLevelGaussE@Base 5.6.3
dh_makeshlibs: failing due to earlier errors
make: *** [debian/rules:8: binary-arch] Error 2
dpkg-buildpackage: error: fakeroot debian/rules binary-arch subprocess returned exit status 2
--------------------------------------------------------------------------------
Build finished at 2019-01-09T22:00:04Z

Finished
--------


+------------------------------------------------------------------------------+
| Cleanup                                                                      |
+------------------------------------------------------------------------------+

Purging /<<BUILDDIR>>
Not cleaning session: cloned chroot in use
E: Build failure (dpkg-buildpackage died)

+------------------------------------------------------------------------------+
| Summary                                                                      |
+------------------------------------------------------------------------------+

Build Architecture: amd64
Build Type: any
Build-Space: 76184
Build-Time: 36
Distribution: unstable
Fail-Stage: build
Host Architecture: amd64
Install-Time: 24
Job: cryptominisat_5.6.4+dfsg.1-1
Machine Architecture: amd64
Package: cryptominisat
Package-Time: 75
Source-Version: 5.6.4+dfsg.1-1
Space: 76184
Status: attempted
Version: 5.6.4+dfsg.1-1
--------------------------------------------------------------------------------
Finished at 2019-01-09T22:00:04Z
Build needed 00:01:15, 76184k disk space
E: Build failure (dpkg-buildpackage died)
DC-Status: Failed 76.197391938s
DC-Time-Estimation: 76.197391938 versus expected 142 (r/m: 0.8635808442832534 ; m: 76.197391938)
