DC-Build-Header: gamin 0.1.10-6 / 2020-10-29 20:07:47 +0000
DC-Task: type:rebuild-binarch-only source:gamin version:0.1.10-6 chroot:unstable esttime:34 logfile:/tmp/gamin_0.1.10-6_unstable_clang11.log modes:clang11:binarch-only
DC-Sbuild-call: su user42 -c 'sbuild -n --arch-any --apt-update -d unstable -v --no-run-lintian --chroot-setup-commands=/tmp/clang11 gamin_0.1.10-6'
sbuild (Debian sbuild) 0.78.1 (09 February 2019) on ip-172-31-6-139.eu-central-1.compute.internal

+==============================================================================+
| gamin 0.1.10-6 (amd64)                       Thu, 29 Oct 2020 20:07:47 +0000 |
+==============================================================================+

Package: gamin
Version: 0.1.10-6
Source Version: 0.1.10-6
Distribution: unstable
Machine Architecture: amd64
Host Architecture: amd64
Build Architecture: amd64
Build Type: binary

I: NOTICE: Log filtering will replace 'var/run/schroot/mount/sid-amd64-sbuild-bafdb01c-7920-4f38-8bcf-e21249ca5171' with '<<CHROOT>>'

+------------------------------------------------------------------------------+
| Chroot Setup Commands                                                        |
+------------------------------------------------------------------------------+


/tmp/clang11
------------

+ echo 'Entering customization script...'
Entering customization script...
+ CLANG_VERSION=10
+ echo 'Install of clang-10'
Install of clang-10
+ apt-get update
Get:1 http://127.0.0.1:12990/debian sid InRelease [146 kB]
Get:2 http://127.0.0.1:12990/debian sid/main Sources.diff/Index [734 B]
Ign:2 http://127.0.0.1:12990/debian sid/main Sources.diff/Index
Get:3 http://127.0.0.1:12990/debian sid/main amd64 Packages.diff/Index [734 B]
Ign:3 http://127.0.0.1:12990/debian sid/main amd64 Packages.diff/Index
Get:4 http://127.0.0.1:12990/debian sid/main Translation-en [6391 kB]
Get:5 http://127.0.0.1:12990/debian sid/main Sources [8989 kB]
Get:6 http://127.0.0.1:12990/debian sid/main amd64 Packages [8492 kB]
Fetched 24.0 MB in 3s (7045 kB/s)
Reading package lists...
+ apt-get install --yes --no-install-recommends --force-yes clang-10 libomp-10-dev libobjc-9-dev
Reading package lists...
Building dependency tree...
The following additional packages will be installed:
  lib32gcc-s1 lib32stdc++6 libasan5 libbsd0 libc6-i386 libclang-common-10-dev
  libclang-cpp10 libclang1-10 libedit2 libgc1 libgcc-9-dev libllvm10
  libobjc-10-dev libobjc4 libomp5-10 libz3-4
Suggested packages:
  clang-10-doc libomp-10-doc
Recommended packages:
  llvm-10-dev python3
The following NEW packages will be installed:
  clang-10 lib32gcc-s1 lib32stdc++6 libasan5 libbsd0 libc6-i386
  libclang-common-10-dev libclang-cpp10 libclang1-10 libedit2 libgc1
  libgcc-9-dev libllvm10 libobjc-10-dev libobjc-9-dev libobjc4 libomp-10-dev
  libomp5-10 libz3-4
0 upgraded, 19 newly installed, 0 to remove and 1 not upgraded.
Need to get 52.3 MB of archives.
After this operation, 274 MB of additional disk space will be used.
Get:1 http://127.0.0.1:12990/debian sid/main amd64 libbsd0 amd64 0.10.0-1 [107 kB]
Get:2 http://127.0.0.1:12990/debian sid/main amd64 libedit2 amd64 3.1-20191231-1 [95.4 kB]
Get:3 http://127.0.0.1:12990/debian sid/main amd64 libz3-4 amd64 4.8.9-1 [6783 kB]
Get:4 http://127.0.0.1:12990/debian sid/main amd64 libllvm10 amd64 1:10.0.1-7 [16.6 MB]
Get:5 http://127.0.0.1:12990/debian sid/main amd64 libclang-cpp10 amd64 1:10.0.1-7 [9069 kB]
Get:6 http://127.0.0.1:12990/debian sid/main amd64 libgc1 amd64 1:8.0.4-2.1 [239 kB]
Get:7 http://127.0.0.1:12990/debian sid/main amd64 libobjc4 amd64 10.2.0-15 [41.6 kB]
Get:8 http://127.0.0.1:12990/debian sid/main amd64 libobjc-10-dev amd64 10.2.0-15 [170 kB]
Get:9 http://127.0.0.1:12990/debian sid/main amd64 libc6-i386 amd64 2.31-4 [2815 kB]
Get:10 http://127.0.0.1:12990/debian sid/main amd64 lib32gcc-s1 amd64 10.2.0-15 [49.4 kB]
Get:11 http://127.0.0.1:12990/debian sid/main amd64 lib32stdc++6 amd64 10.2.0-15 [511 kB]
Get:12 http://127.0.0.1:12990/debian sid/main amd64 libclang-common-10-dev amd64 1:10.0.1-7 [5062 kB]
Get:13 http://127.0.0.1:12990/debian sid/main amd64 libclang1-10 amd64 1:10.0.1-7 [7293 kB]
Get:14 http://127.0.0.1:12990/debian sid/main amd64 clang-10 amd64 1:10.0.1-7 [106 kB]
Get:15 http://127.0.0.1:12990/debian sid/main amd64 libasan5 amd64 9.3.0-18 [390 kB]
Get:16 http://127.0.0.1:12990/debian sid/main amd64 libgcc-9-dev amd64 9.3.0-18 [2347 kB]
Get:17 http://127.0.0.1:12990/debian sid/main amd64 libobjc-9-dev amd64 9.3.0-18 [220 kB]
Get:18 http://127.0.0.1:12990/debian sid/main amd64 libomp5-10 amd64 1:10.0.1-7 [339 kB]
Get:19 http://127.0.0.1:12990/debian sid/main amd64 libomp-10-dev amd64 1:10.0.1-7 [86.6 kB]
debconf: delaying package configuration, since apt-utils is not installed
Fetched 52.3 MB in 0s (136 MB/s)
Selecting previously unselected package libbsd0:amd64.
(Reading database ... (Reading database ... 5%(Reading database ... 10%(Reading database ... 15%(Reading database ... 20%(Reading database ... 25%(Reading database ... 30%(Reading database ... 35%(Reading database ... 40%(Reading database ... 45%(Reading database ... 50%(Reading database ... 55%(Reading database ... 60%(Reading database ... 65%(Reading database ... 70%(Reading database ... 75%(Reading database ... 80%(Reading database ... 85%(Reading database ... 90%(Reading database ... 95%(Reading database ... 100%(Reading database ... 12312 files and directories currently installed.)
Preparing to unpack .../00-libbsd0_0.10.0-1_amd64.deb ...
Unpacking libbsd0:amd64 (0.10.0-1) ...
Selecting previously unselected package libedit2:amd64.
Preparing to unpack .../01-libedit2_3.1-20191231-1_amd64.deb ...
Unpacking libedit2:amd64 (3.1-20191231-1) ...
Selecting previously unselected package libz3-4:amd64.
Preparing to unpack .../02-libz3-4_4.8.9-1_amd64.deb ...
Unpacking libz3-4:amd64 (4.8.9-1) ...
Selecting previously unselected package libllvm10:amd64.
Preparing to unpack .../03-libllvm10_1%3a10.0.1-7_amd64.deb ...
Unpacking libllvm10:amd64 (1:10.0.1-7) ...
Selecting previously unselected package libclang-cpp10.
Preparing to unpack .../04-libclang-cpp10_1%3a10.0.1-7_amd64.deb ...
Unpacking libclang-cpp10 (1:10.0.1-7) ...
Selecting previously unselected package libgc1:amd64.
Preparing to unpack .../05-libgc1_1%3a8.0.4-2.1_amd64.deb ...
Unpacking libgc1:amd64 (1:8.0.4-2.1) ...
Selecting previously unselected package libobjc4:amd64.
Preparing to unpack .../06-libobjc4_10.2.0-15_amd64.deb ...
Unpacking libobjc4:amd64 (10.2.0-15) ...
Selecting previously unselected package libobjc-10-dev:amd64.
Preparing to unpack .../07-libobjc-10-dev_10.2.0-15_amd64.deb ...
Unpacking libobjc-10-dev:amd64 (10.2.0-15) ...
Selecting previously unselected package libc6-i386.
Preparing to unpack .../08-libc6-i386_2.31-4_amd64.deb ...
Unpacking libc6-i386 (2.31-4) ...
Selecting previously unselected package lib32gcc-s1.
Preparing to unpack .../09-lib32gcc-s1_10.2.0-15_amd64.deb ...
Unpacking lib32gcc-s1 (10.2.0-15) ...
Selecting previously unselected package lib32stdc++6.
Preparing to unpack .../10-lib32stdc++6_10.2.0-15_amd64.deb ...
Unpacking lib32stdc++6 (10.2.0-15) ...
Selecting previously unselected package libclang-common-10-dev.
Preparing to unpack .../11-libclang-common-10-dev_1%3a10.0.1-7_amd64.deb ...
Unpacking libclang-common-10-dev (1:10.0.1-7) ...
Selecting previously unselected package libclang1-10.
Preparing to unpack .../12-libclang1-10_1%3a10.0.1-7_amd64.deb ...
Unpacking libclang1-10 (1:10.0.1-7) ...
Selecting previously unselected package clang-10.
Preparing to unpack .../13-clang-10_1%3a10.0.1-7_amd64.deb ...
Unpacking clang-10 (1:10.0.1-7) ...
Selecting previously unselected package libasan5:amd64.
Preparing to unpack .../14-libasan5_9.3.0-18_amd64.deb ...
Unpacking libasan5:amd64 (9.3.0-18) ...
Selecting previously unselected package libgcc-9-dev:amd64.
Preparing to unpack .../15-libgcc-9-dev_9.3.0-18_amd64.deb ...
Unpacking libgcc-9-dev:amd64 (9.3.0-18) ...
Selecting previously unselected package libobjc-9-dev:amd64.
Preparing to unpack .../16-libobjc-9-dev_9.3.0-18_amd64.deb ...
Unpacking libobjc-9-dev:amd64 (9.3.0-18) ...
Selecting previously unselected package libomp5-10:amd64.
Preparing to unpack .../17-libomp5-10_1%3a10.0.1-7_amd64.deb ...
Unpacking libomp5-10:amd64 (1:10.0.1-7) ...
Selecting previously unselected package libomp-10-dev.
Preparing to unpack .../18-libomp-10-dev_1%3a10.0.1-7_amd64.deb ...
Unpacking libomp-10-dev (1:10.0.1-7) ...
Setting up libasan5:amd64 (9.3.0-18) ...
Setting up libz3-4:amd64 (4.8.9-1) ...
Setting up libgc1:amd64 (1:8.0.4-2.1) ...
Setting up libomp5-10:amd64 (1:10.0.1-7) ...
Setting up libc6-i386 (2.31-4) ...
Setting up libbsd0:amd64 (0.10.0-1) ...
Setting up libomp-10-dev (1:10.0.1-7) ...
Setting up libedit2:amd64 (3.1-20191231-1) ...
Setting up libobjc4:amd64 (10.2.0-15) ...
Setting up libllvm10:amd64 (1:10.0.1-7) ...
Setting up libgcc-9-dev:amd64 (9.3.0-18) ...
Setting up lib32gcc-s1 (10.2.0-15) ...
Setting up lib32stdc++6 (10.2.0-15) ...
Setting up libclang1-10 (1:10.0.1-7) ...
Setting up libobjc-9-dev:amd64 (9.3.0-18) ...
Setting up libobjc-10-dev:amd64 (10.2.0-15) ...
Setting up libclang-common-10-dev (1:10.0.1-7) ...
Setting up libclang-cpp10 (1:10.0.1-7) ...
Setting up clang-10 (1:10.0.1-7) ...
Processing triggers for libc-bin (2.31-4) ...
W: --force-yes is deprecated, use one of the options starting with --allow instead.
+ echo 'Replace gcc, g++ & cpp by clang'
Replace gcc, g++ & cpp by clang
+ VERSIONS='4.6 4.7 4.8 4.9 5 6 7 8 9 10'
+ cd /usr/bin
+ for VERSION in $VERSIONS
+ rm -f g++-4.6 gcc-4.6 cpp-4.6 gcc
+ ln -s clang++-10 g++-4.6
+ ln -s clang-10 gcc-4.6
+ ln -s clang-10 cpp-4.6
+ ln -s clang-10 gcc
+ echo 'gcc-4.6 hold'
+ dpkg --set-selections
dpkg: warning: package not in status nor available database at line 1: gcc-4.6
dpkg: warning: found unknown packages; this might mean the available database
is outdated, and needs to be updated through a frontend method;
please see the FAQ <https://wiki.debian.org/Teams/Dpkg/FAQ>
+ echo 'g++-4.6 hold'
+ dpkg --set-selections
dpkg: warning: package not in status nor available database at line 1: g++-4.6
dpkg: warning: found unknown packages; this might mean the available database
is outdated, and needs to be updated through a frontend method;
please see the FAQ <https://wiki.debian.org/Teams/Dpkg/FAQ>
+ for VERSION in $VERSIONS
+ rm -f g++-4.7 gcc-4.7 cpp-4.7 gcc
+ ln -s clang++-10 g++-4.7
+ ln -s clang-10 gcc-4.7
+ ln -s clang-10 cpp-4.7
+ ln -s clang-10 gcc
+ echo 'gcc-4.7 hold'
+ dpkg --set-selections
dpkg: warning: package not in status nor available database at line 1: gcc-4.7
dpkg: warning: found unknown packages; this might mean the available database
is outdated, and needs to be updated through a frontend method;
please see the FAQ <https://wiki.debian.org/Teams/Dpkg/FAQ>
+ echo 'g++-4.7 hold'
+ dpkg --set-selections
dpkg: warning: package not in status nor available database at line 1: g++-4.7
dpkg: warning: found unknown packages; this might mean the available database
is outdated, and needs to be updated through a frontend method;
please see the FAQ <https://wiki.debian.org/Teams/Dpkg/FAQ>
+ for VERSION in $VERSIONS
+ rm -f g++-4.8 gcc-4.8 cpp-4.8 gcc
+ ln -s clang++-10 g++-4.8
+ ln -s clang-10 gcc-4.8
+ ln -s clang-10 cpp-4.8
+ ln -s clang-10 gcc
+ echo 'gcc-4.8 hold'
+ dpkg --set-selections
dpkg: warning: package not in status nor available database at line 1: gcc-4.8
dpkg: warning: found unknown packages; this might mean the available database
is outdated, and needs to be updated through a frontend method;
please see the FAQ <https://wiki.debian.org/Teams/Dpkg/FAQ>
+ echo 'g++-4.8 hold'
+ dpkg --set-selections
dpkg: warning: package not in status nor available database at line 1: g++-4.8
dpkg: warning: found unknown packages; this might mean the available database
is outdated, and needs to be updated through a frontend method;
please see the FAQ <https://wiki.debian.org/Teams/Dpkg/FAQ>
+ for VERSION in $VERSIONS
+ rm -f g++-4.9 gcc-4.9 cpp-4.9 gcc
+ ln -s clang++-10 g++-4.9
+ ln -s clang-10 gcc-4.9
+ ln -s clang-10 cpp-4.9
+ ln -s clang-10 gcc
+ echo 'gcc-4.9 hold'
+ dpkg --set-selections
dpkg: warning: package not in status nor available database at line 1: gcc-4.9
dpkg: warning: found unknown packages; this might mean the available database
is outdated, and needs to be updated through a frontend method;
please see the FAQ <https://wiki.debian.org/Teams/Dpkg/FAQ>
+ echo 'g++-4.9 hold'
+ dpkg --set-selections
dpkg: warning: package not in status nor available database at line 1: g++-4.9
dpkg: warning: found unknown packages; this might mean the available database
is outdated, and needs to be updated through a frontend method;
please see the FAQ <https://wiki.debian.org/Teams/Dpkg/FAQ>
+ for VERSION in $VERSIONS
+ rm -f g++-5 gcc-5 cpp-5 gcc
+ ln -s clang++-10 g++-5
+ ln -s clang-10 gcc-5
+ ln -s clang-10 cpp-5
+ ln -s clang-10 gcc
+ echo 'gcc-5 hold'
+ dpkg --set-selections
dpkg: warning: package not in status nor available database at line 1: gcc-5
dpkg: warning: found unknown packages; this might mean the available database
is outdated, and needs to be updated through a frontend method;
please see the FAQ <https://wiki.debian.org/Teams/Dpkg/FAQ>
+ echo 'g++-5 hold'
+ dpkg --set-selections
dpkg: warning: package not in status nor available database at line 1: g++-5
dpkg: warning: found unknown packages; this might mean the available database
is outdated, and needs to be updated through a frontend method;
please see the FAQ <https://wiki.debian.org/Teams/Dpkg/FAQ>
+ for VERSION in $VERSIONS
+ rm -f g++-6 gcc-6 cpp-6 gcc
+ ln -s clang++-10 g++-6
+ ln -s clang-10 gcc-6
+ ln -s clang-10 cpp-6
+ ln -s clang-10 gcc
+ echo 'gcc-6 hold'
+ dpkg --set-selections
dpkg: warning: package not in status nor available database at line 1: gcc-6
dpkg: warning: found unknown packages; this might mean the available database
is outdated, and needs to be updated through a frontend method;
please see the FAQ <https://wiki.debian.org/Teams/Dpkg/FAQ>
+ echo 'g++-6 hold'
+ dpkg --set-selections
dpkg: warning: package not in status nor available database at line 1: g++-6
dpkg: warning: found unknown packages; this might mean the available database
is outdated, and needs to be updated through a frontend method;
please see the FAQ <https://wiki.debian.org/Teams/Dpkg/FAQ>
+ for VERSION in $VERSIONS
+ rm -f g++-7 gcc-7 cpp-7 gcc
+ ln -s clang++-10 g++-7
+ ln -s clang-10 gcc-7
+ ln -s clang-10 cpp-7
+ ln -s clang-10 gcc
+ echo 'gcc-7 hold'
+ dpkg --set-selections
dpkg: warning: package not in status nor available database at line 1: gcc-7
dpkg: warning: found unknown packages; this might mean the available database
is outdated, and needs to be updated through a frontend method;
please see the FAQ <https://wiki.debian.org/Teams/Dpkg/FAQ>
+ echo 'g++-7 hold'
+ dpkg --set-selections
dpkg: warning: package not in status nor available database at line 1: g++-7
dpkg: warning: found unknown packages; this might mean the available database
is outdated, and needs to be updated through a frontend method;
please see the FAQ <https://wiki.debian.org/Teams/Dpkg/FAQ>
+ for VERSION in $VERSIONS
+ rm -f g++-8 gcc-8 cpp-8 gcc
+ ln -s clang++-10 g++-8
+ ln -s clang-10 gcc-8
+ ln -s clang-10 cpp-8
+ ln -s clang-10 gcc
+ echo 'gcc-8 hold'
+ dpkg --set-selections
dpkg: warning: package not in status nor available database at line 1: gcc-8
dpkg: warning: found unknown packages; this might mean the available database
is outdated, and needs to be updated through a frontend method;
please see the FAQ <https://wiki.debian.org/Teams/Dpkg/FAQ>
+ echo 'g++-8 hold'
+ dpkg --set-selections
dpkg: warning: package not in status nor available database at line 1: g++-8
dpkg: warning: found unknown packages; this might mean the available database
is outdated, and needs to be updated through a frontend method;
please see the FAQ <https://wiki.debian.org/Teams/Dpkg/FAQ>
+ for VERSION in $VERSIONS
+ rm -f g++-9 gcc-9 cpp-9 gcc
+ ln -s clang++-10 g++-9
+ ln -s clang-10 gcc-9
+ ln -s clang-10 cpp-9
+ ln -s clang-10 gcc
+ echo 'gcc-9 hold'
+ dpkg --set-selections
dpkg: warning: package not in status nor available database at line 1: gcc-9
dpkg: warning: found unknown packages; this might mean the available database
is outdated, and needs to be updated through a frontend method;
please see the FAQ <https://wiki.debian.org/Teams/Dpkg/FAQ>
+ echo 'g++-9 hold'
+ dpkg --set-selections
dpkg: warning: package not in status nor available database at line 1: g++-9
dpkg: warning: found unknown packages; this might mean the available database
is outdated, and needs to be updated through a frontend method;
please see the FAQ <https://wiki.debian.org/Teams/Dpkg/FAQ>
+ for VERSION in $VERSIONS
+ rm -f g++-10 gcc-10 cpp-10 gcc
+ ln -s clang++-10 g++-10
+ ln -s clang-10 gcc-10
+ ln -s clang-10 cpp-10
+ ln -s clang-10 gcc
+ echo 'gcc-10 hold'
+ dpkg --set-selections
+ echo 'g++-10 hold'
+ dpkg --set-selections
+ cd -
/build/gamin-CDHpch
+ echo 'Check if gcc, g++ & cpp are actually clang'
Check if gcc, g++ & cpp are actually clang
+ gcc --version
+ grep clang
+ cpp --version
+ grep clang
+ g++ --version
+ grep clang
+ cd /usr/bin/
+ rm -f clang++ clang
+ ln -s clang-10 clang++
+ ln -s clang-10 clang
+ clang++ --version
Debian clang version 10.0.1-7
Target: x86_64-pc-linux-gnu
Thread model: posix
InstalledDir: /usr/bin
+ clang --version
Debian clang version 10.0.1-7
Target: x86_64-pc-linux-gnu
Thread model: posix
InstalledDir: /usr/bin
+ cd -
/build/gamin-CDHpch
+ apt install --yes --no-install-recommends --force-yes qt5-qmake

WARNING: apt does not have a stable CLI interface. Use with caution in scripts.

Reading package lists...
Building dependency tree...
Reading state information...
The following additional packages will be installed:
  qt5-qmake-bin qtchooser
The following NEW packages will be installed:
  qt5-qmake qt5-qmake-bin qtchooser
0 upgraded, 3 newly installed, 0 to remove and 1 not upgraded.
Need to get 1304 kB of archives.
After this operation, 4865 kB of additional disk space will be used.
Get:1 http://127.0.0.1:12990/debian sid/main amd64 qt5-qmake-bin amd64 5.14.2+dfsg-6 [1035 kB]
Get:2 http://127.0.0.1:12990/debian sid/main amd64 qtchooser amd64 66-2 [26.3 kB]
Get:3 http://127.0.0.1:12990/debian sid/main amd64 qt5-qmake amd64 5.14.2+dfsg-6 [242 kB]
debconf: delaying package configuration, since apt-utils is not installed
Fetched 1304 kB in 0s (56.7 MB/s)
Selecting previously unselected package qt5-qmake-bin.
(Reading database ... (Reading database ... 5%(Reading database ... 10%(Reading database ... 15%(Reading database ... 20%(Reading database ... 25%(Reading database ... 30%(Reading database ... 35%(Reading database ... 40%(Reading database ... 45%(Reading database ... 50%(Reading database ... 55%(Reading database ... 60%(Reading database ... 65%(Reading database ... 70%(Reading database ... 75%(Reading database ... 80%(Reading database ... 85%(Reading database ... 90%(Reading database ... 95%(Reading database ... 100%(Reading database ... 13315 files and directories currently installed.)
Preparing to unpack .../qt5-qmake-bin_5.14.2+dfsg-6_amd64.deb ...
Unpacking qt5-qmake-bin (5.14.2+dfsg-6) ...
Selecting previously unselected package qtchooser.
Preparing to unpack .../qtchooser_66-2_amd64.deb ...
Unpacking qtchooser (66-2) ...
Selecting previously unselected package qt5-qmake:amd64.
Preparing to unpack .../qt5-qmake_5.14.2+dfsg-6_amd64.deb ...
Unpacking qt5-qmake:amd64 (5.14.2+dfsg-6) ...
Setting up qt5-qmake-bin (5.14.2+dfsg-6) ...
Setting up qtchooser (66-2) ...
Setting up qt5-qmake:amd64 (5.14.2+dfsg-6) ...
W: --force-yes is deprecated, use one of the options starting with --allow instead.
+ cp /usr/lib/x86_64-linux-gnu/qt5/mkspecs/linux-clang/qmake.conf /usr/lib/x86_64-linux-gnu/qt5/mkspecs/linux-clang/qplatformdefs.h /usr/lib/x86_64-linux-gnu/qt5/mkspecs/linux-g++/
+ ls -al /usr/lib/x86_64-linux-gnu/qt5/mkspecs/linux-g++/
total 16
drwxr-xr-x  2 root root 4096 Oct 29 20:08 .
drwxr-xr-x 76 root root 4096 Oct 29 20:08 ..
-rw-r--r--  1 root root  276 Oct 29 20:08 qmake.conf
-rw-r--r--  1 root root 3218 Oct 29 20:08 qplatformdefs.h
+ cat /usr/lib/x86_64-linux-gnu/qt5/mkspecs/linux-g++/qmake.conf
#
# qmake configuration for linux-clang
#

MAKEFILE_GENERATOR = UNIX
CONFIG += incremental

QMAKE_INCREMENTAL_STYLE = sublib

include(../common/linux.conf)
include(../common/gcc-base-unix.conf)
include(../common/clang.conf)

QMAKE_LFLAGS += -ccc-gcc-name g++

load(qt_config)
+ export QMAKESPEC=/usr/lib/x86_64-linux-gnu/qt5/mkspecs/linux-clang/
+ QMAKESPEC=/usr/lib/x86_64-linux-gnu/qt5/mkspecs/linux-clang/
+ sed -i -e 's|compare_problem(2,|compare_problem(0,|g' /usr/bin/dpkg-gensymbols
+ sed -i -e 's|compare_problem(1,|compare_problem(0,|g' /usr/bin/dpkg-gensymbols
+ grep 'compare_problem(' /usr/bin/dpkg-gensymbols
        compare_problem(4, g_('new libraries appeared in the symbols file: %s'), "@libs");
        compare_problem(3, g_('some libraries disappeared in the symbols file: %s'), "@libs");
        compare_problem(0, g_('some new symbols appeared in the symbols file: %s'),
        compare_problem(0, g_('some symbols or patterns disappeared in the symbols file: %s'),

I: Finished running '/tmp/clang11'.

Finished processing commands.
--------------------------------------------------------------------------------
I: NOTICE: Log filtering will replace 'build/gamin-CDHpch/resolver-7jWwJj' with '<<RESOLVERDIR>>'

+------------------------------------------------------------------------------+
| Update chroot                                                                |
+------------------------------------------------------------------------------+

Hit:1 http://127.0.0.1:12990/debian sid InRelease
Reading package lists...
Reading package lists...
Building dependency tree...
Reading state information...
Calculating upgrade...
The following packages will be upgraded:
  libdebconfclient0
1 upgraded, 0 newly installed, 0 to remove and 0 not upgraded.
Need to get 49.6 kB of archives.
After this operation, 0 B of additional disk space will be used.
Get:1 http://127.0.0.1:12990/debian sid/main amd64 libdebconfclient0 amd64 0.255 [49.6 kB]
debconf: delaying package configuration, since apt-utils is not installed
Fetched 49.6 kB in 0s (3513 kB/s)
(Reading database ... (Reading database ... 5%(Reading database ... 10%(Reading database ... 15%(Reading database ... 20%(Reading database ... 25%(Reading database ... 30%(Reading database ... 35%(Reading database ... 40%(Reading database ... 45%(Reading database ... 50%(Reading database ... 55%(Reading database ... 60%(Reading database ... 65%(Reading database ... 70%(Reading database ... 75%(Reading database ... 80%(Reading database ... 85%(Reading database ... 90%(Reading database ... 95%(Reading database ... 100%(Reading database ... 14056 files and directories currently installed.)
Preparing to unpack .../libdebconfclient0_0.255_amd64.deb ...
Unpacking libdebconfclient0:amd64 (0.255) over (0.254) ...
Setting up libdebconfclient0:amd64 (0.255) ...
Processing triggers for libc-bin (2.31-4) ...

+------------------------------------------------------------------------------+
| Fetch source files                                                           |
+------------------------------------------------------------------------------+


Check APT
---------

Checking available source versions...

Download source files with APT
------------------------------

Reading package lists...
NOTICE: 'gamin' packaging is maintained in the 'Git' version control system at:
https://salsa.debian.org/gnome-team/gamin.git
Please use:
git clone https://salsa.debian.org/gnome-team/gamin.git
to retrieve the latest (possibly unreleased) updates to the package.
Need to get 664 kB of source archives.
Get:1 http://127.0.0.1:12990/debian sid/main gamin 0.1.10-6 (dsc) [2093 B]
Get:2 http://127.0.0.1:12990/debian sid/main gamin 0.1.10-6 (tar) [653 kB]
Get:3 http://127.0.0.1:12990/debian sid/main gamin 0.1.10-6 (diff) [8772 B]
Fetched 664 kB in 0s (6328 kB/s)
Download complete and in download only mode
I: NOTICE: Log filtering will replace 'build/gamin-CDHpch/gamin-0.1.10' with '<<PKGBUILDDIR>>'
I: NOTICE: Log filtering will replace 'build/gamin-CDHpch' with '<<BUILDDIR>>'

+------------------------------------------------------------------------------+
| Install package build dependencies                                           |
+------------------------------------------------------------------------------+


Setup apt archive
-----------------

Merged Build-Depends: debhelper-compat (= 12), libglib2.0-dev, gnome-pkg-tools, build-essential, fakeroot
Filtered Build-Depends: debhelper-compat (= 12), libglib2.0-dev, gnome-pkg-tools, build-essential, fakeroot
dpkg-deb: building package 'sbuild-build-depends-main-dummy' in '/<<RESOLVERDIR>>/apt_archive/sbuild-build-depends-main-dummy.deb'.
Ign:1 copy:/<<RESOLVERDIR>>/apt_archive ./ InRelease
Get:2 copy:/<<RESOLVERDIR>>/apt_archive ./ Release [957 B]
Ign:3 copy:/<<RESOLVERDIR>>/apt_archive ./ Release.gpg
Get:4 copy:/<<RESOLVERDIR>>/apt_archive ./ Sources [389 B]
Get:5 copy:/<<RESOLVERDIR>>/apt_archive ./ Packages [470 B]
Fetched 1816 B in 0s (0 B/s)
Reading package lists...
Reading package lists...

Install main build dependencies (apt-based resolver)
----------------------------------------------------

Installing build dependencies
Reading package lists...
Building dependency tree...
Reading state information...
The following additional packages will be installed:
  autoconf automake autopoint autotools-dev bsdextrautils debhelper
  dh-autoreconf dh-strip-nondeterminism dwz file gettext gettext-base
  gnome-pkg-tools groff-base intltool-debian libarchive-zip-perl libblkid-dev
  libcroco3 libdebhelper-perl libelf1 libexpat1 libffi-dev
  libfile-stripnondeterminism-perl libglib2.0-0 libglib2.0-bin libglib2.0-data
  libglib2.0-dev libglib2.0-dev-bin libicu67 libmagic-mgc libmagic1
  libmount-dev libncursesw6 libpcre16-3 libpcre2-16-0 libpcre2-32-0
  libpcre2-dev libpcre2-posix2 libpcre3-dev libpcre32-3 libpcrecpp0v5
  libpipeline1 libpython3-stdlib libpython3.8-minimal libpython3.8-stdlib
  libreadline8 libselinux1-dev libsepol1-dev libsigsegv2 libsqlite3-0
  libsub-override-perl libtool libuchardet0 libxml2 m4 man-db mime-support
  pkg-config po-debconf python3 python3-distutils python3-lib2to3
  python3-minimal python3.8 python3.8-minimal readline-common sensible-utils
  uuid-dev zlib1g-dev
Suggested packages:
  autoconf-archive gnu-standards autoconf-doc dh-make gettext-doc
  libasprintf-dev libgettextpo-dev groff libgirepository1.0-dev libglib2.0-doc
  libgdk-pixbuf2.0-bin | libgdk-pixbuf2.0-dev libxml2-utils libtool-doc
  gfortran | fortran95-compiler gcj-jdk m4-doc apparmor less www-browser
  libmail-box-perl python3-doc python3-tk python3-venv python3.8-venv
  python3.8-doc binfmt-support readline-doc
Recommended packages:
  curl | wget | lynx git-buildpackage libarchive-cpio-perl shared-mime-info
  xdg-user-dirs libgpm2 libltdl-dev libmail-sendmail-perl
The following NEW packages will be installed:
  autoconf automake autopoint autotools-dev bsdextrautils debhelper
  dh-autoreconf dh-strip-nondeterminism dwz file gettext gettext-base
  gnome-pkg-tools groff-base intltool-debian libarchive-zip-perl libblkid-dev
  libcroco3 libdebhelper-perl libelf1 libexpat1 libffi-dev
  libfile-stripnondeterminism-perl libglib2.0-0 libglib2.0-bin libglib2.0-data
  libglib2.0-dev libglib2.0-dev-bin libicu67 libmagic-mgc libmagic1
  libmount-dev libncursesw6 libpcre16-3 libpcre2-16-0 libpcre2-32-0
  libpcre2-dev libpcre2-posix2 libpcre3-dev libpcre32-3 libpcrecpp0v5
  libpipeline1 libpython3-stdlib libpython3.8-minimal libpython3.8-stdlib
  libreadline8 libselinux1-dev libsepol1-dev libsigsegv2 libsqlite3-0
  libsub-override-perl libtool libuchardet0 libxml2 m4 man-db mime-support
  pkg-config po-debconf python3 python3-distutils python3-lib2to3
  python3-minimal python3.8 python3.8-minimal readline-common
  sbuild-build-depends-main-dummy sensible-utils uuid-dev zlib1g-dev
0 upgraded, 70 newly installed, 0 to remove and 0 not upgraded.
Need to get 32.7 MB of archives.
After this operation, 128 MB of additional disk space will be used.
Get:1 copy:/<<RESOLVERDIR>>/apt_archive ./ sbuild-build-depends-main-dummy 0.invalid.0 [900 B]
Get:2 http://127.0.0.1:12990/debian sid/main amd64 bsdextrautils amd64 2.36-3+b1 [140 kB]
Get:3 http://127.0.0.1:12990/debian sid/main amd64 libuchardet0 amd64 0.0.7-1 [67.8 kB]
Get:4 http://127.0.0.1:12990/debian sid/main amd64 groff-base amd64 1.22.4-5 [920 kB]
Get:5 http://127.0.0.1:12990/debian sid/main amd64 libpipeline1 amd64 1.5.3-1 [34.3 kB]
Get:6 http://127.0.0.1:12990/debian sid/main amd64 man-db amd64 2.9.3-2 [1314 kB]
Get:7 http://127.0.0.1:12990/debian sid/main amd64 libpython3.8-minimal amd64 3.8.6-1 [761 kB]
Get:8 http://127.0.0.1:12990/debian sid/main amd64 libexpat1 amd64 2.2.10-1 [96.9 kB]
Get:9 http://127.0.0.1:12990/debian sid/main amd64 python3.8-minimal amd64 3.8.6-1 [1863 kB]
Get:10 http://127.0.0.1:12990/debian sid/main amd64 python3-minimal amd64 3.8.6-1 [37.7 kB]
Get:11 http://127.0.0.1:12990/debian sid/main amd64 mime-support all 3.64 [37.8 kB]
Get:12 http://127.0.0.1:12990/debian sid/main amd64 libncursesw6 amd64 6.2+20200918-1 [132 kB]
Get:13 http://127.0.0.1:12990/debian sid/main amd64 readline-common all 8.0-4 [72.5 kB]
Get:14 http://127.0.0.1:12990/debian sid/main amd64 libreadline8 amd64 8.0-4 [160 kB]
Get:15 http://127.0.0.1:12990/debian sid/main amd64 libsqlite3-0 amd64 3.33.0-1 [790 kB]
Get:16 http://127.0.0.1:12990/debian sid/main amd64 libpython3.8-stdlib amd64 3.8.6-1 [1720 kB]
Get:17 http://127.0.0.1:12990/debian sid/main amd64 python3.8 amd64 3.8.6-1 [422 kB]
Get:18 http://127.0.0.1:12990/debian sid/main amd64 libpython3-stdlib amd64 3.8.6-1 [20.9 kB]
Get:19 http://127.0.0.1:12990/debian sid/main amd64 python3 amd64 3.8.6-1 [64.0 kB]
Get:20 http://127.0.0.1:12990/debian sid/main amd64 sensible-utils all 0.0.12+nmu1 [16.0 kB]
Get:21 http://127.0.0.1:12990/debian sid/main amd64 libmagic-mgc amd64 1:5.38-5 [262 kB]
Get:22 http://127.0.0.1:12990/debian sid/main amd64 libmagic1 amd64 1:5.38-5 [120 kB]
Get:23 http://127.0.0.1:12990/debian sid/main amd64 file amd64 1:5.38-5 [67.9 kB]
Get:24 http://127.0.0.1:12990/debian sid/main amd64 gettext-base amd64 0.19.8.1-10 [123 kB]
Get:25 http://127.0.0.1:12990/debian sid/main amd64 libsigsegv2 amd64 2.12-2 [32.8 kB]
Get:26 http://127.0.0.1:12990/debian sid/main amd64 m4 amd64 1.4.18-4 [203 kB]
Get:27 http://127.0.0.1:12990/debian sid/main amd64 autoconf all 2.69-11.1 [341 kB]
Get:28 http://127.0.0.1:12990/debian sid/main amd64 autotools-dev all 20180224.1 [77.0 kB]
Get:29 http://127.0.0.1:12990/debian sid/main amd64 automake all 1:1.16.2-4 [801 kB]
Get:30 http://127.0.0.1:12990/debian sid/main amd64 autopoint all 0.19.8.1-10 [435 kB]
Get:31 http://127.0.0.1:12990/debian sid/main amd64 libtool all 2.4.6-14 [513 kB]
Get:32 http://127.0.0.1:12990/debian sid/main amd64 dh-autoreconf all 19 [16.9 kB]
Get:33 http://127.0.0.1:12990/debian sid/main amd64 libdebhelper-perl all 13.2.1 [188 kB]
Get:34 http://127.0.0.1:12990/debian sid/main amd64 libarchive-zip-perl all 1.68-1 [104 kB]
Get:35 http://127.0.0.1:12990/debian sid/main amd64 libsub-override-perl all 0.09-2 [10.2 kB]
Get:36 http://127.0.0.1:12990/debian sid/main amd64 libfile-stripnondeterminism-perl all 1.9.0-1 [25.5 kB]
Get:37 http://127.0.0.1:12990/debian sid/main amd64 dh-strip-nondeterminism all 1.9.0-1 [15.2 kB]
Get:38 http://127.0.0.1:12990/debian sid/main amd64 libelf1 amd64 0.181-1 [164 kB]
Get:39 http://127.0.0.1:12990/debian sid/main amd64 dwz amd64 0.13-5 [151 kB]
Get:40 http://127.0.0.1:12990/debian sid/main amd64 libglib2.0-0 amd64 2.66.1-2 [1362 kB]
Get:41 http://127.0.0.1:12990/debian sid/main amd64 libicu67 amd64 67.1-4 [8624 kB]
Get:42 http://127.0.0.1:12990/debian sid/main amd64 libxml2 amd64 2.9.10+dfsg-6.1 [692 kB]
Get:43 http://127.0.0.1:12990/debian sid/main amd64 libcroco3 amd64 0.6.13-1 [146 kB]
Get:44 http://127.0.0.1:12990/debian sid/main amd64 gettext amd64 0.19.8.1-10 [1303 kB]
Get:45 http://127.0.0.1:12990/debian sid/main amd64 intltool-debian all 0.35.0+20060710.5 [26.8 kB]
Get:46 http://127.0.0.1:12990/debian sid/main amd64 po-debconf all 1.0.21 [248 kB]
Get:47 http://127.0.0.1:12990/debian sid/main amd64 debhelper all 13.2.1 [1007 kB]
Get:48 http://127.0.0.1:12990/debian sid/main amd64 gnome-pkg-tools all 0.21.2 [22.9 kB]
Get:49 http://127.0.0.1:12990/debian sid/main amd64 uuid-dev amd64 2.36-3+b1 [98.2 kB]
Get:50 http://127.0.0.1:12990/debian sid/main amd64 libblkid-dev amd64 2.36-3+b1 [226 kB]
Get:51 http://127.0.0.1:12990/debian sid/main amd64 libffi-dev amd64 3.3-4 [56.4 kB]
Get:52 http://127.0.0.1:12990/debian sid/main amd64 libglib2.0-data all 2.66.1-2 [1161 kB]
Get:53 http://127.0.0.1:12990/debian sid/main amd64 libglib2.0-bin amd64 2.66.1-2 [138 kB]
Get:54 http://127.0.0.1:12990/debian sid/main amd64 python3-lib2to3 all 3.8.6-1 [78.4 kB]
Get:55 http://127.0.0.1:12990/debian sid/main amd64 python3-distutils all 3.8.6-1 [145 kB]
Get:56 http://127.0.0.1:12990/debian sid/main amd64 libglib2.0-dev-bin amd64 2.66.1-2 [176 kB]
Get:57 http://127.0.0.1:12990/debian sid/main amd64 libsepol1-dev amd64 3.1-1 [338 kB]
Get:58 http://127.0.0.1:12990/debian sid/main amd64 libpcre2-16-0 amd64 10.34-7 [219 kB]
Get:59 http://127.0.0.1:12990/debian sid/main amd64 libpcre2-32-0 amd64 10.34-7 [208 kB]
Get:60 http://127.0.0.1:12990/debian sid/main amd64 libpcre2-posix2 amd64 10.34-7 [45.2 kB]
Get:61 http://127.0.0.1:12990/debian sid/main amd64 libpcre2-dev amd64 10.34-7 [709 kB]
Get:62 http://127.0.0.1:12990/debian sid/main amd64 libselinux1-dev amd64 3.1-2+b1 [168 kB]
Get:63 http://127.0.0.1:12990/debian sid/main amd64 libmount-dev amd64 2.36-3+b1 [76.8 kB]
Get:64 http://127.0.0.1:12990/debian sid/main amd64 libpcre16-3 amd64 2:8.39-13 [259 kB]
Get:65 http://127.0.0.1:12990/debian sid/main amd64 libpcre32-3 amd64 2:8.39-13 [250 kB]
Get:66 http://127.0.0.1:12990/debian sid/main amd64 libpcrecpp0v5 amd64 2:8.39-13 [152 kB]
Get:67 http://127.0.0.1:12990/debian sid/main amd64 libpcre3-dev amd64 2:8.39-13 [650 kB]
Get:68 http://127.0.0.1:12990/debian sid/main amd64 pkg-config amd64 0.29.2-1 [65.1 kB]
Get:69 http://127.0.0.1:12990/debian sid/main amd64 zlib1g-dev amd64 1:1.2.11.dfsg-2 [190 kB]
Get:70 http://127.0.0.1:12990/debian sid/main amd64 libglib2.0-dev amd64 2.66.1-2 [1572 kB]
debconf: delaying package configuration, since apt-utils is not installed
Fetched 32.7 MB in 0s (132 MB/s)
Selecting previously unselected package bsdextrautils.
(Reading database ... 14056 files and directories currently installed.)
Preparing to unpack .../0-bsdextrautils_2.36-3+b1_amd64.deb ...
Unpacking bsdextrautils (2.36-3+b1) ...
Selecting previously unselected package libuchardet0:amd64.
Preparing to unpack .../1-libuchardet0_0.0.7-1_amd64.deb ...
Unpacking libuchardet0:amd64 (0.0.7-1) ...
Selecting previously unselected package groff-base.
Preparing to unpack .../2-groff-base_1.22.4-5_amd64.deb ...
Unpacking groff-base (1.22.4-5) ...
Selecting previously unselected package libpipeline1:amd64.
Preparing to unpack .../3-libpipeline1_1.5.3-1_amd64.deb ...
Unpacking libpipeline1:amd64 (1.5.3-1) ...
Selecting previously unselected package man-db.
Preparing to unpack .../4-man-db_2.9.3-2_amd64.deb ...
Unpacking man-db (2.9.3-2) ...
Selecting previously unselected package libpython3.8-minimal:amd64.
Preparing to unpack .../5-libpython3.8-minimal_3.8.6-1_amd64.deb ...
Unpacking libpython3.8-minimal:amd64 (3.8.6-1) ...
Selecting previously unselected package libexpat1:amd64.
Preparing to unpack .../6-libexpat1_2.2.10-1_amd64.deb ...
Unpacking libexpat1:amd64 (2.2.10-1) ...
Selecting previously unselected package python3.8-minimal.
Preparing to unpack .../7-python3.8-minimal_3.8.6-1_amd64.deb ...
Unpacking python3.8-minimal (3.8.6-1) ...
Setting up libpython3.8-minimal:amd64 (3.8.6-1) ...
Setting up libexpat1:amd64 (2.2.10-1) ...
Setting up python3.8-minimal (3.8.6-1) ...
Selecting previously unselected package python3-minimal.
(Reading database ... 14903 files and directories currently installed.)
Preparing to unpack .../0-python3-minimal_3.8.6-1_amd64.deb ...
Unpacking python3-minimal (3.8.6-1) ...
Selecting previously unselected package mime-support.
Preparing to unpack .../1-mime-support_3.64_all.deb ...
Unpacking mime-support (3.64) ...
Selecting previously unselected package libncursesw6:amd64.
Preparing to unpack .../2-libncursesw6_6.2+20200918-1_amd64.deb ...
Unpacking libncursesw6:amd64 (6.2+20200918-1) ...
Selecting previously unselected package readline-common.
Preparing to unpack .../3-readline-common_8.0-4_all.deb ...
Unpacking readline-common (8.0-4) ...
Selecting previously unselected package libreadline8:amd64.
Preparing to unpack .../4-libreadline8_8.0-4_amd64.deb ...
Unpacking libreadline8:amd64 (8.0-4) ...
Selecting previously unselected package libsqlite3-0:amd64.
Preparing to unpack .../5-libsqlite3-0_3.33.0-1_amd64.deb ...
Unpacking libsqlite3-0:amd64 (3.33.0-1) ...
Selecting previously unselected package libpython3.8-stdlib:amd64.
Preparing to unpack .../6-libpython3.8-stdlib_3.8.6-1_amd64.deb ...
Unpacking libpython3.8-stdlib:amd64 (3.8.6-1) ...
Selecting previously unselected package python3.8.
Preparing to unpack .../7-python3.8_3.8.6-1_amd64.deb ...
Unpacking python3.8 (3.8.6-1) ...
Selecting previously unselected package libpython3-stdlib:amd64.
Preparing to unpack .../8-libpython3-stdlib_3.8.6-1_amd64.deb ...
Unpacking libpython3-stdlib:amd64 (3.8.6-1) ...
Setting up python3-minimal (3.8.6-1) ...
Selecting previously unselected package python3.
(Reading database ... 15340 files and directories currently installed.)
Preparing to unpack .../00-python3_3.8.6-1_amd64.deb ...
Unpacking python3 (3.8.6-1) ...
Selecting previously unselected package sensible-utils.
Preparing to unpack .../01-sensible-utils_0.0.12+nmu1_all.deb ...
Unpacking sensible-utils (0.0.12+nmu1) ...
Selecting previously unselected package libmagic-mgc.
Preparing to unpack .../02-libmagic-mgc_1%3a5.38-5_amd64.deb ...
Unpacking libmagic-mgc (1:5.38-5) ...
Selecting previously unselected package libmagic1:amd64.
Preparing to unpack .../03-libmagic1_1%3a5.38-5_amd64.deb ...
Unpacking libmagic1:amd64 (1:5.38-5) ...
Selecting previously unselected package file.
Preparing to unpack .../04-file_1%3a5.38-5_amd64.deb ...
Unpacking file (1:5.38-5) ...
Selecting previously unselected package gettext-base.
Preparing to unpack .../05-gettext-base_0.19.8.1-10_amd64.deb ...
Unpacking gettext-base (0.19.8.1-10) ...
Selecting previously unselected package libsigsegv2:amd64.
Preparing to unpack .../06-libsigsegv2_2.12-2_amd64.deb ...
Unpacking libsigsegv2:amd64 (2.12-2) ...
Selecting previously unselected package m4.
Preparing to unpack .../07-m4_1.4.18-4_amd64.deb ...
Unpacking m4 (1.4.18-4) ...
Selecting previously unselected package autoconf.
Preparing to unpack .../08-autoconf_2.69-11.1_all.deb ...
Unpacking autoconf (2.69-11.1) ...
Selecting previously unselected package autotools-dev.
Preparing to unpack .../09-autotools-dev_20180224.1_all.deb ...
Unpacking autotools-dev (20180224.1) ...
Selecting previously unselected package automake.
Preparing to unpack .../10-automake_1%3a1.16.2-4_all.deb ...
Unpacking automake (1:1.16.2-4) ...
Selecting previously unselected package autopoint.
Preparing to unpack .../11-autopoint_0.19.8.1-10_all.deb ...
Unpacking autopoint (0.19.8.1-10) ...
Selecting previously unselected package libtool.
Preparing to unpack .../12-libtool_2.4.6-14_all.deb ...
Unpacking libtool (2.4.6-14) ...
Selecting previously unselected package dh-autoreconf.
Preparing to unpack .../13-dh-autoreconf_19_all.deb ...
Unpacking dh-autoreconf (19) ...
Selecting previously unselected package libdebhelper-perl.
Preparing to unpack .../14-libdebhelper-perl_13.2.1_all.deb ...
Unpacking libdebhelper-perl (13.2.1) ...
Selecting previously unselected package libarchive-zip-perl.
Preparing to unpack .../15-libarchive-zip-perl_1.68-1_all.deb ...
Unpacking libarchive-zip-perl (1.68-1) ...
Selecting previously unselected package libsub-override-perl.
Preparing to unpack .../16-libsub-override-perl_0.09-2_all.deb ...
Unpacking libsub-override-perl (0.09-2) ...
Selecting previously unselected package libfile-stripnondeterminism-perl.
Preparing to unpack .../17-libfile-stripnondeterminism-perl_1.9.0-1_all.deb ...
Unpacking libfile-stripnondeterminism-perl (1.9.0-1) ...
Selecting previously unselected package dh-strip-nondeterminism.
Preparing to unpack .../18-dh-strip-nondeterminism_1.9.0-1_all.deb ...
Unpacking dh-strip-nondeterminism (1.9.0-1) ...
Selecting previously unselected package libelf1:amd64.
Preparing to unpack .../19-libelf1_0.181-1_amd64.deb ...
Unpacking libelf1:amd64 (0.181-1) ...
Selecting previously unselected package dwz.
Preparing to unpack .../20-dwz_0.13-5_amd64.deb ...
Unpacking dwz (0.13-5) ...
Selecting previously unselected package libglib2.0-0:amd64.
Preparing to unpack .../21-libglib2.0-0_2.66.1-2_amd64.deb ...
Unpacking libglib2.0-0:amd64 (2.66.1-2) ...
Selecting previously unselected package libicu67:amd64.
Preparing to unpack .../22-libicu67_67.1-4_amd64.deb ...
Unpacking libicu67:amd64 (67.1-4) ...
Selecting previously unselected package libxml2:amd64.
Preparing to unpack .../23-libxml2_2.9.10+dfsg-6.1_amd64.deb ...
Unpacking libxml2:amd64 (2.9.10+dfsg-6.1) ...
Selecting previously unselected package libcroco3:amd64.
Preparing to unpack .../24-libcroco3_0.6.13-1_amd64.deb ...
Unpacking libcroco3:amd64 (0.6.13-1) ...
Selecting previously unselected package gettext.
Preparing to unpack .../25-gettext_0.19.8.1-10_amd64.deb ...
Unpacking gettext (0.19.8.1-10) ...
Selecting previously unselected package intltool-debian.
Preparing to unpack .../26-intltool-debian_0.35.0+20060710.5_all.deb ...
Unpacking intltool-debian (0.35.0+20060710.5) ...
Selecting previously unselected package po-debconf.
Preparing to unpack .../27-po-debconf_1.0.21_all.deb ...
Unpacking po-debconf (1.0.21) ...
Selecting previously unselected package debhelper.
Preparing to unpack .../28-debhelper_13.2.1_all.deb ...
Unpacking debhelper (13.2.1) ...
Selecting previously unselected package gnome-pkg-tools.
Preparing to unpack .../29-gnome-pkg-tools_0.21.2_all.deb ...
Unpacking gnome-pkg-tools (0.21.2) ...
Selecting previously unselected package uuid-dev:amd64.
Preparing to unpack .../30-uuid-dev_2.36-3+b1_amd64.deb ...
Unpacking uuid-dev:amd64 (2.36-3+b1) ...
Selecting previously unselected package libblkid-dev:amd64.
Preparing to unpack .../31-libblkid-dev_2.36-3+b1_amd64.deb ...
Unpacking libblkid-dev:amd64 (2.36-3+b1) ...
Selecting previously unselected package libffi-dev:amd64.
Preparing to unpack .../32-libffi-dev_3.3-4_amd64.deb ...
Unpacking libffi-dev:amd64 (3.3-4) ...
Selecting previously unselected package libglib2.0-data.
Preparing to unpack .../33-libglib2.0-data_2.66.1-2_all.deb ...
Unpacking libglib2.0-data (2.66.1-2) ...
Selecting previously unselected package libglib2.0-bin.
Preparing to unpack .../34-libglib2.0-bin_2.66.1-2_amd64.deb ...
Unpacking libglib2.0-bin (2.66.1-2) ...
Selecting previously unselected package python3-lib2to3.
Preparing to unpack .../35-python3-lib2to3_3.8.6-1_all.deb ...
Unpacking python3-lib2to3 (3.8.6-1) ...
Selecting previously unselected package python3-distutils.
Preparing to unpack .../36-python3-distutils_3.8.6-1_all.deb ...
Unpacking python3-distutils (3.8.6-1) ...
Selecting previously unselected package libglib2.0-dev-bin.
Preparing to unpack .../37-libglib2.0-dev-bin_2.66.1-2_amd64.deb ...
Unpacking libglib2.0-dev-bin (2.66.1-2) ...
Selecting previously unselected package libsepol1-dev:amd64.
Preparing to unpack .../38-libsepol1-dev_3.1-1_amd64.deb ...
Unpacking libsepol1-dev:amd64 (3.1-1) ...
Selecting previously unselected package libpcre2-16-0:amd64.
Preparing to unpack .../39-libpcre2-16-0_10.34-7_amd64.deb ...
Unpacking libpcre2-16-0:amd64 (10.34-7) ...
Selecting previously unselected package libpcre2-32-0:amd64.
Preparing to unpack .../40-libpcre2-32-0_10.34-7_amd64.deb ...
Unpacking libpcre2-32-0:amd64 (10.34-7) ...
Selecting previously unselected package libpcre2-posix2:amd64.
Preparing to unpack .../41-libpcre2-posix2_10.34-7_amd64.deb ...
Unpacking libpcre2-posix2:amd64 (10.34-7) ...
Selecting previously unselected package libpcre2-dev:amd64.
Preparing to unpack .../42-libpcre2-dev_10.34-7_amd64.deb ...
Unpacking libpcre2-dev:amd64 (10.34-7) ...
Selecting previously unselected package libselinux1-dev:amd64.
Preparing to unpack .../43-libselinux1-dev_3.1-2+b1_amd64.deb ...
Unpacking libselinux1-dev:amd64 (3.1-2+b1) ...
Selecting previously unselected package libmount-dev:amd64.
Preparing to unpack .../44-libmount-dev_2.36-3+b1_amd64.deb ...
Unpacking libmount-dev:amd64 (2.36-3+b1) ...
Selecting previously unselected package libpcre16-3:amd64.
Preparing to unpack .../45-libpcre16-3_2%3a8.39-13_amd64.deb ...
Unpacking libpcre16-3:amd64 (2:8.39-13) ...
Selecting previously unselected package libpcre32-3:amd64.
Preparing to unpack .../46-libpcre32-3_2%3a8.39-13_amd64.deb ...
Unpacking libpcre32-3:amd64 (2:8.39-13) ...
Selecting previously unselected package libpcrecpp0v5:amd64.
Preparing to unpack .../47-libpcrecpp0v5_2%3a8.39-13_amd64.deb ...
Unpacking libpcrecpp0v5:amd64 (2:8.39-13) ...
Selecting previously unselected package libpcre3-dev:amd64.
Preparing to unpack .../48-libpcre3-dev_2%3a8.39-13_amd64.deb ...
Unpacking libpcre3-dev:amd64 (2:8.39-13) ...
Selecting previously unselected package pkg-config.
Preparing to unpack .../49-pkg-config_0.29.2-1_amd64.deb ...
Unpacking pkg-config (0.29.2-1) ...
Selecting previously unselected package zlib1g-dev:amd64.
Preparing to unpack .../50-zlib1g-dev_1%3a1.2.11.dfsg-2_amd64.deb ...
Unpacking zlib1g-dev:amd64 (1:1.2.11.dfsg-2) ...
Selecting previously unselected package libglib2.0-dev:amd64.
Preparing to unpack .../51-libglib2.0-dev_2.66.1-2_amd64.deb ...
Unpacking libglib2.0-dev:amd64 (2.66.1-2) ...
Selecting previously unselected package sbuild-build-depends-main-dummy.
Preparing to unpack .../52-sbuild-build-depends-main-dummy_0.invalid.0_amd64.deb ...
Unpacking sbuild-build-depends-main-dummy (0.invalid.0) ...
Setting up libpcrecpp0v5:amd64 (2:8.39-13) ...
Setting up libpipeline1:amd64 (1.5.3-1) ...
Setting up mime-support (3.64) ...
Setting up bsdextrautils (2.36-3+b1) ...
update-alternatives: using /usr/bin/write.ul to provide /usr/bin/write (write) in auto mode
Setting up libpcre16-3:amd64 (2:8.39-13) ...
Setting up libicu67:amd64 (67.1-4) ...
Setting up libmagic-mgc (1:5.38-5) ...
Setting up libarchive-zip-perl (1.68-1) ...
Setting up libglib2.0-0:amd64 (2.66.1-2) ...
No schema files found: doing nothing.
Setting up libdebhelper-perl (13.2.1) ...
Setting up libsqlite3-0:amd64 (3.33.0-1) ...
Setting up libmagic1:amd64 (1:5.38-5) ...
Setting up libsepol1-dev:amd64 (3.1-1) ...
Setting up gettext-base (0.19.8.1-10) ...
Setting up file (1:5.38-5) ...
Setting up libffi-dev:amd64 (3.3-4) ...
Setting up libpcre2-16-0:amd64 (10.34-7) ...
Setting up autotools-dev (20180224.1) ...
Setting up libpcre2-32-0:amd64 (10.34-7) ...
Setting up libglib2.0-data (2.66.1-2) ...
Setting up uuid-dev:amd64 (2.36-3+b1) ...
Setting up libsigsegv2:amd64 (2.12-2) ...
Setting up gnome-pkg-tools (0.21.2) ...
Setting up libpcre32-3:amd64 (2:8.39-13) ...
Setting up autopoint (0.19.8.1-10) ...
Setting up pkg-config (0.29.2-1) ...
Setting up libpcre2-posix2:amd64 (10.34-7) ...
Setting up libncursesw6:amd64 (6.2+20200918-1) ...
Setting up zlib1g-dev:amd64 (1:1.2.11.dfsg-2) ...
Setting up sensible-utils (0.0.12+nmu1) ...
Setting up libuchardet0:amd64 (0.0.7-1) ...
Setting up libsub-override-perl (0.09-2) ...
Setting up libelf1:amd64 (0.181-1) ...
Setting up readline-common (8.0-4) ...
Setting up libxml2:amd64 (2.9.10+dfsg-6.1) ...
Setting up libfile-stripnondeterminism-perl (1.9.0-1) ...
Setting up libblkid-dev:amd64 (2.36-3+b1) ...
Setting up libpcre2-dev:amd64 (10.34-7) ...
Setting up libtool (2.4.6-14) ...
Setting up libselinux1-dev:amd64 (3.1-2+b1) ...
Setting up libpcre3-dev:amd64 (2:8.39-13) ...
Setting up libreadline8:amd64 (8.0-4) ...
Setting up libglib2.0-bin (2.66.1-2) ...
Setting up m4 (1.4.18-4) ...
Setting up libcroco3:amd64 (0.6.13-1) ...
Setting up autoconf (2.69-11.1) ...
Setting up dh-strip-nondeterminism (1.9.0-1) ...
Setting up dwz (0.13-5) ...
Setting up groff-base (1.22.4-5) ...
Setting up libpython3.8-stdlib:amd64 (3.8.6-1) ...
Setting up python3.8 (3.8.6-1) ...
Setting up libmount-dev:amd64 (2.36-3+b1) ...
Setting up libpython3-stdlib:amd64 (3.8.6-1) ...
Setting up automake (1:1.16.2-4) ...
update-alternatives: using /usr/bin/automake-1.16 to provide /usr/bin/automake (automake) in auto mode
Setting up gettext (0.19.8.1-10) ...
Setting up python3 (3.8.6-1) ...
Setting up man-db (2.9.3-2) ...
Not building database; man-db/auto-update is not 'true'.
Setting up intltool-debian (0.35.0+20060710.5) ...
Setting up python3-lib2to3 (3.8.6-1) ...
Setting up python3-distutils (3.8.6-1) ...
Setting up libglib2.0-dev-bin (2.66.1-2) ...
Setting up po-debconf (1.0.21) ...
Setting up libglib2.0-dev:amd64 (2.66.1-2) ...
Setting up dh-autoreconf (19) ...
Setting up debhelper (13.2.1) ...
Setting up sbuild-build-depends-main-dummy (0.invalid.0) ...
Processing triggers for libc-bin (2.31-4) ...

+------------------------------------------------------------------------------+
| Check architectures                                                          |
+------------------------------------------------------------------------------+

Arch check ok (amd64 included in any)

+------------------------------------------------------------------------------+
| Build environment                                                            |
+------------------------------------------------------------------------------+

Kernel: Linux 4.19.0-6-cloud-amd64 #1 SMP Debian 4.19.67-2+deb10u2 (2019-11-11) amd64 (x86_64)
Toolchain package versions: binutils_2.35.1-2 dpkg-dev_1.20.5 g++-10_10.2.0-15 gcc-10_10.2.0-15 libc6-dev_2.31-4 libstdc++-10-dev_10.2.0-15 libstdc++6_10.2.0-15 linux-libc-dev_5.9.1-1
Package versions: adduser_3.118 apt_2.1.11 autoconf_2.69-11.1 automake_1:1.16.2-4 autopoint_0.19.8.1-10 autotools-dev_20180224.1 base-files_11 base-passwd_3.5.48 bash_5.1~rc1-2 binutils_2.35.1-2 binutils-common_2.35.1-2 binutils-x86-64-linux-gnu_2.35.1-2 bsdextrautils_2.36-3+b1 bsdutils_1:2.36-3+b1 build-essential_12.8 bzip2_1.0.8-4 clang-10_1:10.0.1-7 coreutils_8.32-4+b1 cpp_4:10.2.0-1 cpp-10_10.2.0-15 dash_0.5.10.2-7 debconf_1.5.74 debhelper_13.2.1 debian-archive-keyring_2019.1 debianutils_4.11.2 dh-autoreconf_19 dh-strip-nondeterminism_1.9.0-1 diffutils_1:3.7-3 dpkg_1.20.5 dpkg-dev_1.20.5 dwz_0.13-5 e2fsprogs_1.45.6-1 fakeroot_1.25.3-1 file_1:5.38-5 findutils_4.7.0+git20201010-2 g++_4:10.2.0-1 g++-10_10.2.0-15 gcc_4:10.2.0-1 gcc-10_10.2.0-15 gcc-10-base_10.2.0-15 gcc-9-base_9.3.0-18 gettext_0.19.8.1-10 gettext-base_0.19.8.1-10 gnome-pkg-tools_0.21.2 gpgv_2.2.20-1 grep_3.4-1 groff-base_1.22.4-5 gzip_1.10-2 hostname_3.23 init-system-helpers_1.58 intltool-debian_0.35.0+20060710.5 lib32gcc-s1_10.2.0-15 lib32stdc++6_10.2.0-15 libacl1_2.2.53-8 libapt-pkg6.0_2.1.11 libarchive-zip-perl_1.68-1 libasan5_9.3.0-18 libasan6_10.2.0-15 libatomic1_10.2.0-15 libattr1_1:2.4.48-5 libaudit-common_1:2.8.5-3.1 libaudit1_1:2.8.5-3.1 libbinutils_2.35.1-2 libblkid-dev_2.36-3+b1 libblkid1_2.36-3+b1 libbsd0_0.10.0-1 libbz2-1.0_1.0.8-4 libc-bin_2.31-4 libc-dev-bin_2.31-4 libc6_2.31-4 libc6-dev_2.31-4 libc6-i386_2.31-4 libcap-ng0_0.7.9-2.2 libcc1-0_10.2.0-15 libclang-common-10-dev_1:10.0.1-7 libclang-cpp10_1:10.0.1-7 libclang1-10_1:10.0.1-7 libcom-err2_1.45.6-1 libcroco3_0.6.13-1 libcrypt-dev_1:4.4.17-1 libcrypt1_1:4.4.17-1 libctf-nobfd0_2.35.1-2 libctf0_2.35.1-2 libdb5.3_5.3.28+dfsg1-0.6 libdebconfclient0_0.255 libdebhelper-perl_13.2.1 libdpkg-perl_1.20.5 libedit2_3.1-20191231-1 libelf1_0.181-1 libexpat1_2.2.10-1 libext2fs2_1.45.6-1 libfakeroot_1.25.3-1 libffi-dev_3.3-4 libffi7_3.3-4 libfile-stripnondeterminism-perl_1.9.0-1 libgc1_1:8.0.4-2.1 libgcc-10-dev_10.2.0-15 libgcc-9-dev_9.3.0-18 libgcc-s1_10.2.0-15 libgcrypt20_1.8.7-2 libgdbm-compat4_1.18.1-5.1 libgdbm6_1.18.1-5.1 libglib2.0-0_2.66.1-2 libglib2.0-bin_2.66.1-2 libglib2.0-data_2.66.1-2 libglib2.0-dev_2.66.1-2 libglib2.0-dev-bin_2.66.1-2 libgmp10_2:6.2.0+dfsg-6 libgnutls30_3.6.15-4 libgomp1_10.2.0-15 libgpg-error0_1.38-2 libgssapi-krb5-2_1.17-10 libhogweed6_3.6-2 libicu67_67.1-4 libidn2-0_2.3.0-1 libisl22_0.22.1-1 libitm1_10.2.0-15 libk5crypto3_1.17-10 libkeyutils1_1.6.1-2 libkrb5-3_1.17-10 libkrb5support0_1.17-10 libllvm10_1:10.0.1-7 liblsan0_10.2.0-15 liblz4-1_1.9.2-2 liblzma5_5.2.4-1+b1 libmagic-mgc_1:5.38-5 libmagic1_1:5.38-5 libmount-dev_2.36-3+b1 libmount1_2.36-3+b1 libmpc3_1.2.0-1 libmpfr6_4.1.0-3 libncursesw6_6.2+20200918-1 libnettle8_3.6-2 libnsl-dev_1.3.0-2 libnsl2_1.3.0-2 libnss-nis_3.1-4 libnss-nisplus_1.3-4 libobjc-10-dev_10.2.0-15 libobjc-9-dev_9.3.0-18 libobjc4_10.2.0-15 libomp-10-dev_1:10.0.1-7 libomp5-10_1:10.0.1-7 libp11-kit0_0.23.21-2 libpam-modules_1.3.1-5 libpam-modules-bin_1.3.1-5 libpam-runtime_1.3.1-5 libpam0g_1.3.1-5 libpcre16-3_2:8.39-13 libpcre2-16-0_10.34-7 libpcre2-32-0_10.34-7 libpcre2-8-0_10.34-7 libpcre2-dev_10.34-7 libpcre2-posix2_10.34-7 libpcre3_2:8.39-13 libpcre3-dev_2:8.39-13 libpcre32-3_2:8.39-13 libpcrecpp0v5_2:8.39-13 libperl5.30_5.30.3-4 libpipeline1_1.5.3-1 libpython3-stdlib_3.8.6-1 libpython3.8-minimal_3.8.6-1 libpython3.8-stdlib_3.8.6-1 libquadmath0_10.2.0-15 libreadline8_8.0-4 libseccomp2_2.4.4-1+b1 libselinux1_3.1-2+b1 libselinux1-dev_3.1-2+b1 libsemanage-common_3.1-1 libsemanage1_3.1-1+b1 libsepol1_3.1-1 libsepol1-dev_3.1-1 libsigsegv2_2.12-2 libsmartcols1_2.36-3+b1 libsqlite3-0_3.33.0-1 libss2_1.45.6-1 libssl1.1_1.1.1h-1 libstdc++-10-dev_10.2.0-15 libstdc++6_10.2.0-15 libsub-override-perl_0.09-2 libsystemd0_246.6-2 libtasn1-6_4.16.0-2 libtinfo6_6.2+20200918-1 libtirpc-common_1.2.6-3 libtirpc-dev_1.2.6-3 libtirpc3_1.2.6-3 libtool_2.4.6-14 libtsan0_10.2.0-15 libubsan1_10.2.0-15 libuchardet0_0.0.7-1 libudev1_246.6-2 libunistring2_0.9.10-4 libuuid1_2.36-3+b1 libxml2_2.9.10+dfsg-6.1 libz3-4_4.8.9-1 libzstd1_1.4.5+dfsg-4 linux-libc-dev_5.9.1-1 login_1:4.8.1-1 logsave_1.45.6-1 lsb-base_11.1.0 m4_1.4.18-4 make_4.3-4 man-db_2.9.3-2 mawk_1.3.4.20200120-2 mime-support_3.64 mount_2.36-3+b1 ncurses-base_6.2+20200918-1 ncurses-bin_6.2+20200918-1 passwd_1:4.8.1-1 patch_2.7.6-6 perl_5.30.3-4 perl-base_5.30.3-4 perl-modules-5.30_5.30.3-4 pkg-config_0.29.2-1 po-debconf_1.0.21 python3_3.8.6-1 python3-distutils_3.8.6-1 python3-lib2to3_3.8.6-1 python3-minimal_3.8.6-1 python3.8_3.8.6-1 python3.8-minimal_3.8.6-1 qt5-qmake_5.14.2+dfsg-6 qt5-qmake-bin_5.14.2+dfsg-6 qtchooser_66-2 readline-common_8.0-4 sbuild-build-depends-main-dummy_0.invalid.0 sed_4.7-1 sensible-utils_0.0.12+nmu1 sysvinit-utils_2.96-5 tar_1.30+dfsg-7 tzdata_2020d-1 util-linux_2.36-3+b1 uuid-dev_2.36-3+b1 xz-utils_5.2.4-1+b1 zlib1g_1:1.2.11.dfsg-2 zlib1g-dev_1:1.2.11.dfsg-2

+------------------------------------------------------------------------------+
| Build                                                                        |
+------------------------------------------------------------------------------+


Unpack source
-------------

-----BEGIN PGP SIGNED MESSAGE-----
Hash: SHA512

Format: 3.0 (quilt)
Source: gamin
Binary: gamin, libgamin0, libgamin-dev
Architecture: any
Version: 0.1.10-6
Maintainer: Michael Banck <mbanck@debian.org>
Uploaders: Emilio Pozuelo Monfort <pochu@debian.org>, Josselin Mouette <joss@debian.org>, Martin Pitt <mpitt@debian.org>, Sebastian Drge <slomo@debian.org>, Sjoerd Simons <sjoerd@debian.org>
Standards-Version: 3.8.3
Vcs-Browser: https://salsa.debian.org/gnome-team/gamin
Vcs-Git: https://salsa.debian.org/gnome-team/gamin.git
Build-Depends: debhelper-compat (= 12), libglib2.0-dev, gnome-pkg-tools
Package-List:
 gamin deb admin optional arch=any
 libgamin-dev deb libdevel optional arch=any
 libgamin0 deb libs optional arch=any
Checksums-Sha1:
 f4c6b9fe87757552ef58fef4abef9e42cd3142ac 653392 gamin_0.1.10.orig.tar.gz
 c816dc5b8e9086c63781d107bfd7cbf8a5a9d83f 8772 gamin_0.1.10-6.debian.tar.xz
Checksums-Sha256:
 28085f0ae8be10eab582ff186af4fb0be92cc6c62b5cc19cd09b295c7c2899a1 653392 gamin_0.1.10.orig.tar.gz
 a70339f18b78b9d3ca0ed5b66a464dcfe2d3fd124e8326a23c456e184d3e648e 8772 gamin_0.1.10-6.debian.tar.xz
Files:
 b4ec549e57da470c04edd5ec2876a028 653392 gamin_0.1.10.orig.tar.gz
 9c49ab98aa96cf8fad28d5ed1713874d 8772 gamin_0.1.10-6.debian.tar.xz

-----BEGIN PGP SIGNATURE-----

iQIzBAEBCgAdFiEETQvhLw5HdtiqzpaW5mx3Wuv+bH0FAl2cbNcACgkQ5mx3Wuv+
bH2StQ/6AugJV40PSDEbwOZeRk7JNRFUoQ1CDHJewnet5ZM2BNL/uKKbsK4XA7LX
wA6hF//beA2gwa03mYKjKKS0PAO5OJH/1SZuO2uPDDuWdu2qKEAE52MQgYjN4aaj
miDmwxu95krREn2DZqJ5864OyyDFryBkoBy4vTlGCrd3DYFRe+3bWE+8ktAq02JY
RUmZK9fE8bRXA4ju4I8+fIUiNNWrVsphL2essJJX1MmrCiUIi7wmHAZy8Lf3D8Pw
vuD2yNkh5tcavBwiMSELKgktugHi1BISsadMxj5XUIwNZxhZYfpeKmvyD3ZsLG9O
jdivvJIYW5Rs9mupQ+tL+ppQTxztzQpHI/j/6qmjxcGjLQMz+fjI9ZyuH6owUETM
gRIePZYexvWLcj8VV9sg3YIUnYfDAcoUjzXhLBW/Wc/vo8cWgtddi9n1tee/kENQ
hP1Bvx6C7OJwCtrlgtYTJ1mflSOHU5PkRwOWNDVOTUfwPBhWu6Q+VhEEDIQbEHoC
A+Wex9IlREUhj7zVB7I+Y/O+3wKZIPbVVFrxa14uIoS1jIjw6UW9iMgejIxzwxxV
MGKtGpLqa+8q6OIzuL5tCmZ77GOak+39tp6DlB2qEAHHgyEhH8GLn1Iaqh0MvWuZ
tiv9VFdNJBDcTUs9Z6o8qrcPoGMMxjdjghd50FYz6XUeiKVRPyw=
=fhfw
-----END PGP SIGNATURE-----

gpgv: unknown type of key resource 'trustedkeys.kbx'
gpgv: keyblock resource '/tmp/dpkg-verify-sig.OZ1cwDXM/trustedkeys.kbx': General error
gpgv: Signature made Tue Oct  8 11:02:47 2019 UTC
gpgv:                using RSA key 4D0BE12F0E4776D8AACE9696E66C775AEBFE6C7D
gpgv: Can't check signature: No public key
dpkg-source: warning: failed to verify signature on ./gamin_0.1.10-6.dsc
dpkg-source: info: extracting gamin in /<<PKGBUILDDIR>>
dpkg-source: info: unpacking gamin_0.1.10.orig.tar.gz
dpkg-source: info: unpacking gamin_0.1.10-6.debian.tar.xz
dpkg-source: info: using patch list from debian/patches/series
dpkg-source: info: applying 01_python_detection.patch
dpkg-source: info: applying 15_kfreebsd.patch
dpkg-source: info: applying 16_armel-gnueabi.patch
dpkg-source: info: applying 17_deprecated_const_return.patch
dpkg-source: info: applying 18_gam_server_deadlocks.patch

Check disk space
----------------

Sufficient free space for build

User Environment
----------------

APT_CONFIG=/var/lib/sbuild/apt.conf
HOME=/sbuild-nonexistent
LANG=C.UTF-8
LC_ALL=C.UTF-8
LOGNAME=user42
PATH=/usr/local/sbin:/usr/local/bin:/usr/sbin:/usr/bin:/sbin:/bin:/usr/games
SCHROOT_ALIAS_NAME=unstable
SCHROOT_CHROOT_NAME=sid-amd64-sbuild
SCHROOT_COMMAND=env
SCHROOT_GID=1001
SCHROOT_GROUP=user42
SCHROOT_SESSION_ID=sid-amd64-sbuild-bafdb01c-7920-4f38-8bcf-e21249ca5171
SCHROOT_UID=1001
SCHROOT_USER=user42
SHELL=/bin/sh
USER=user42

dpkg-buildpackage
-----------------

Command: dpkg-buildpackage -us -uc -b -rfakeroot
dpkg-buildpackage: info: source package gamin
dpkg-buildpackage: info: source version 0.1.10-6
dpkg-buildpackage: info: source distribution unstable
dpkg-buildpackage: info: source changed by Jeremy Bicha <jbicha@debian.org>
 dpkg-source --before-build .
dpkg-buildpackage: info: host architecture amd64
 fakeroot debian/rules clean
dh clean
   dh_clean
 debian/rules build
dh build
   dh_update_autotools_config
   dh_autoreconf
aclocal: warning: autoconf input should be named 'configure.ac', not 'configure.in'
configure.in:32: warning: AC_COMPILE_IFELSE was called before AC_USE_SYSTEM_EXTENSIONS
../../lib/autoconf/specific.m4:368: AC_USE_SYSTEM_EXTENSIONS is expanded from...
configure.in:32: the top level
configure.in:32: warning: AC_RUN_IFELSE was called before AC_USE_SYSTEM_EXTENSIONS
../../lib/autoconf/specific.m4:368: AC_USE_SYSTEM_EXTENSIONS is expanded from...
configure.in:32: the top level
configure.in:32: warning: AC_COMPILE_IFELSE was called before AC_USE_SYSTEM_EXTENSIONS
../../lib/autoconf/specific.m4:368: AC_USE_SYSTEM_EXTENSIONS is expanded from...
configure.in:32: the top level
configure.in:32: warning: AC_RUN_IFELSE was called before AC_USE_SYSTEM_EXTENSIONS
../../lib/autoconf/specific.m4:368: AC_USE_SYSTEM_EXTENSIONS is expanded from...
configure.in:32: the top level
libtoolize: putting auxiliary files in '.'.
libtoolize: copying file './ltmain.sh'
libtoolize: Consider adding 'AC_CONFIG_MACRO_DIRS([m4])' to configure.in,
libtoolize: and rerunning libtoolize and aclocal.
libtoolize: Consider adding '-I m4' to ACLOCAL_AMFLAGS in Makefile.am.
aclocal: warning: autoconf input should be named 'configure.ac', not 'configure.in'
configure.in:32: warning: AC_COMPILE_IFELSE was called before AC_USE_SYSTEM_EXTENSIONS
../../lib/autoconf/specific.m4:368: AC_USE_SYSTEM_EXTENSIONS is expanded from...
configure.in:32: the top level
configure.in:32: warning: AC_RUN_IFELSE was called before AC_USE_SYSTEM_EXTENSIONS
../../lib/autoconf/specific.m4:368: AC_USE_SYSTEM_EXTENSIONS is expanded from...
configure.in:32: the top level
configure.in:32: warning: AC_COMPILE_IFELSE was called before AC_USE_SYSTEM_EXTENSIONS
../../lib/autoconf/specific.m4:368: AC_USE_SYSTEM_EXTENSIONS is expanded from...
configure.in:32: the top level
configure.in:32: warning: AC_RUN_IFELSE was called before AC_USE_SYSTEM_EXTENSIONS
../../lib/autoconf/specific.m4:368: AC_USE_SYSTEM_EXTENSIONS is expanded from...
configure.in:32: the top level
configure.in:32: warning: AC_COMPILE_IFELSE was called before AC_USE_SYSTEM_EXTENSIONS
../../lib/autoconf/specific.m4:368: AC_USE_SYSTEM_EXTENSIONS is expanded from...
configure.in:32: the top level
configure.in:32: warning: AC_RUN_IFELSE was called before AC_USE_SYSTEM_EXTENSIONS
../../lib/autoconf/specific.m4:368: AC_USE_SYSTEM_EXTENSIONS is expanded from...
configure.in:32: the top level
automake: warning: autoconf input should be named 'configure.ac', not 'configure.in'
configure.in:32: warning: AC_COMPILE_IFELSE was called before AC_USE_SYSTEM_EXTENSIONS
../../lib/autoconf/specific.m4:368: AC_USE_SYSTEM_EXTENSIONS is expanded from...
configure.in:32: the top level
configure.in:32: warning: AC_RUN_IFELSE was called before AC_USE_SYSTEM_EXTENSIONS
../../lib/autoconf/specific.m4:368: AC_USE_SYSTEM_EXTENSIONS is expanded from...
configure.in:32: the top level
configure.in:28: warning: AM_INIT_AUTOMAKE: two- and three-arguments forms are deprecated.  For more info, see:
configure.in:28: https://www.gnu.org/software/automake/manual/automake.html#Modernize-AM_005fINIT_005fAUTOMAKE-invocation
configure.in:30: installing './compile'
configure.in:28: installing './missing'
automake: warning: autoconf input should be named 'configure.ac', not 'configure.in'
lib/Makefile.am:1: warning: 'INCLUDES' is the old name for 'AM_CPPFLAGS' (or '*_CPPFLAGS')
lib/Makefile.am: installing './depcomp'
libgamin/Makefile.am:1: warning: 'INCLUDES' is the old name for 'AM_CPPFLAGS' (or '*_CPPFLAGS')
python/Makefile.am:5: warning: 'INCLUDES' is the old name for 'AM_CPPFLAGS' (or '*_CPPFLAGS')
server/Makefile.am:1: warning: 'INCLUDES' is the old name for 'AM_CPPFLAGS' (or '*_CPPFLAGS')
tests/Makefile.am:3: warning: 'INCLUDES' is the old name for 'AM_CPPFLAGS' (or '*_CPPFLAGS')
   debian/rules override_dh_auto_configure
make[1]: Entering directory '/<<PKGBUILDDIR>>'
dh_auto_configure -- --disable-kqueue --without-python
	./configure --build=x86_64-linux-gnu --prefix=/usr --includedir=\${prefix}/include --mandir=\${prefix}/share/man --infodir=\${prefix}/share/info --sysconfdir=/etc --localstatedir=/var --disable-option-checking --disable-silent-rules --libdir=\${prefix}/lib/x86_64-linux-gnu --runstatedir=/run --disable-maintainer-mode --disable-dependency-tracking --disable-kqueue --without-python
checking build system type... x86_64-pc-linux-gnu
checking host system type... x86_64-pc-linux-gnu
checking target system type... x86_64-pc-linux-gnu
checking for a BSD-compatible install... /usr/bin/install -c
checking whether build environment is sane... yes
checking for a thread-safe mkdir -p... /bin/mkdir -p
checking for gawk... no
checking for mawk... mawk
checking whether make sets $(MAKE)... yes
checking whether make supports nested variables... yes
checking how to print strings... printf
checking whether make supports the include directive... yes (GNU style)
checking for gcc... gcc
checking whether the C compiler works... yes
checking for C compiler default output file name... a.out
checking for suffix of executables... 
checking whether we are cross compiling... no
checking for suffix of object files... o
checking whether we are using the GNU C compiler... yes
checking whether gcc accepts -g... yes
checking for gcc option to accept ISO C89... none needed
checking whether gcc understands -c and -o together... yes
checking dependency style of gcc... none
checking for a sed that does not truncate output... /bin/sed
checking for grep that handles long lines and -e... /bin/grep
checking for egrep... /bin/grep -E
checking for fgrep... /bin/grep -F
checking for ld used by gcc... /usr/bin/ld
checking if the linker (/usr/bin/ld) is GNU ld... yes
checking for BSD- or MS-compatible name lister (nm)... /usr/bin/nm -B
checking the name lister (/usr/bin/nm -B) interface... BSD nm
checking whether ln -s works... yes
checking the maximum length of command line arguments... 1572864
checking how to convert x86_64-pc-linux-gnu file names to x86_64-pc-linux-gnu format... func_convert_file_noop
checking how to convert x86_64-pc-linux-gnu file names to toolchain format... func_convert_file_noop
checking for /usr/bin/ld option to reload object files... -r
checking for objdump... objdump
checking how to recognize dependent libraries... pass_all
checking for dlltool... no
checking how to associate runtime and link libraries... printf %s\n
checking for ar... ar
checking for archiver @FILE support... @
checking for strip... strip
checking for ranlib... ranlib
checking command to parse /usr/bin/nm -B output from gcc object... ok
checking for sysroot... no
checking for a working dd... /bin/dd
checking how to truncate binary pipes... /bin/dd bs=4096 count=1
checking for mt... no
checking if : is a manifest tool... no
checking how to run the C preprocessor... gcc -E
checking for ANSI C header files... yes
checking for sys/types.h... yes
checking for sys/stat.h... yes
checking for stdlib.h... yes
checking for string.h... yes
checking for memory.h... yes
checking for strings.h... yes
checking for inttypes.h... yes
checking for stdint.h... yes
checking for unistd.h... yes
checking for dlfcn.h... yes
checking for objdir... .libs
checking if gcc supports -fno-rtti -fno-exceptions... yes
checking for gcc option to produce PIC... -fPIC -DPIC
checking if gcc PIC flag -fPIC -DPIC works... yes
checking if gcc static flag -static works... yes
checking if gcc supports -c -o file.o... yes
checking if gcc supports -c -o file.o... (cached) yes
checking whether the gcc linker (/usr/bin/ld -m elf_x86_64) supports shared libraries... yes
checking whether -lc should be explicitly linked in... no
checking dynamic linker characteristics... GNU/Linux ld.so
checking how to hardcode library paths into programs... immediate
checking whether stripping libraries is possible... yes
checking if libtool supports shared libraries... yes
checking whether to build shared libraries... yes
checking whether to build static libraries... yes
checking minix/config.h usability... no
checking minix/config.h presence... no
checking for minix/config.h... no
checking whether it is safe to define __EXTENSIONS__... yes
checking for gcc... (cached) gcc
checking whether we are using the GNU C compiler... (cached) yes
checking whether gcc accepts -g... (cached) yes
checking for gcc option to accept ISO C89... (cached) none needed
checking whether gcc understands -c and -o together... (cached) yes
checking dependency style of gcc... (cached) none
checking for gcc... (cached) gcc
checking whether we are using the GNU C compiler... (cached) yes
checking whether gcc accepts -g... (cached) yes
checking for gcc option to accept ISO C89... (cached) none needed
checking whether gcc understands -c and -o together... (cached) yes
checking dependency style of gcc... (cached) none
checking for ANSI C header files... (cached) yes
checking whether make sets $(MAKE)... (cached) yes
checking gtk-doc version >= 1.0... no
checking for usleep... yes
checking for setsid... yes
checking for setenv... yes
checking for putenv... yes
checking for getlogin_r... yes
checking for nanoseconds field of struct stat.st_mtim... tv_nsec
checking for pkg-config... /usr/bin/pkg-config
checking pkg-config is at least version 0.9.0... yes
checking for glib-2.0... yes
checking for glib-2.0... yes
checking sys/inotify.h usability... yes
checking sys/inotify.h presence... yes
checking for sys/inotify.h... yes
checking for kevent... no
Enabling multithreaded support
checking pthread.h usability... yes
checking pthread.h presence... yes
checking for pthread.h... yes
checking for pthread_mutexattr_settype in -lpthread... yes
Use weak symbols !
checking for ISO C99 varargs macros in C... yes
checking for GNUC varargs macros... yes
checking for struct cmsgcred... no
checking abstract socket namespace... yes
checking for more compiler warnings... yes
checking whether gcc understands -Wno-sign-compare... yes
checking that generated files are newer than configure... done
configure: creating ./config.status
config.status: creating Makefile
config.status: creating lib/Makefile
config.status: creating libgamin/Makefile
config.status: creating server/Makefile
config.status: creating tests/Makefile
config.status: creating python/Makefile
config.status: creating python/tests/Makefile
config.status: creating doc/Makefile
config.status: creating gamin.pc
config.status: creating gamin.spec
config.status: creating config.h
config.status: executing depfiles commands
config.status: executing libtool commands

gamin-0.1.10:

        prefix:                   /usr
        source code location:     .
        compiler:                 gcc
        compiler flags:            -Wall -Wchar-subscripts -Wmissing-declarations -Wmissing-prototypes -Wnested-externs -Wsign-compare -Wno-sign-compare -g -g -O2 -fdebug-prefix-map=/<<PKGBUILDDIR>>=. -fstack-protector-strong -Wformat -Werror=format-security

	build gam_server:         yes
	build libgamin/libfam:    yes
	build python bindings:    no
	build tests:              yes

	backends:                 polling, inotify, dnotify
	build documentation:      no
	debug support:            yes

make[1]: Leaving directory '/<<PKGBUILDDIR>>'
   dh_auto_build
	make -j4
make[1]: Entering directory '/<<PKGBUILDDIR>>'
make  all-recursive
make[2]: Entering directory '/<<PKGBUILDDIR>>'
Making all in lib
make[3]: Entering directory '/<<PKGBUILDDIR>>/lib'
gcc -DHAVE_CONFIG_H -I. -I..  -I.. -I../lib -DGAM_DEBUG_ENABLED  -Wdate-time -D_FORTIFY_SOURCE=2 -Wall -Wchar-subscripts -Wmissing-declarations -Wmissing-prototypes -Wnested-externs -Wsign-compare -Wno-sign-compare -g -g -O2 -fdebug-prefix-map=/<<PKGBUILDDIR>>=. -fstack-protector-strong -Wformat -Werror=format-security -c -o gam_event.o gam_event.c
gcc -DHAVE_CONFIG_H -I. -I..  -I.. -I../lib -DGAM_DEBUG_ENABLED  -Wdate-time -D_FORTIFY_SOURCE=2 -Wall -Wchar-subscripts -Wmissing-declarations -Wmissing-prototypes -Wnested-externs -Wsign-compare -Wno-sign-compare -g -g -O2 -fdebug-prefix-map=/<<PKGBUILDDIR>>=. -fstack-protector-strong -Wformat -Werror=format-security -c -o gam_error.o gam_error.c
rm -f libgamin_shared.a
ar cru libgamin_shared.a gam_event.o gam_error.o 
ar: `u' modifier ignored since `D' is the default (see `U')
ranlib libgamin_shared.a
make[3]: Leaving directory '/<<PKGBUILDDIR>>/lib'
Making all in doc
make[3]: Entering directory '/<<PKGBUILDDIR>>/doc'
make[3]: Nothing to be done for 'all'.
make[3]: Leaving directory '/<<PKGBUILDDIR>>/doc'
Making all in libgamin
make[3]: Entering directory '/<<PKGBUILDDIR>>/libgamin'
gcc -DHAVE_CONFIG_H -I. -I..  -I.. -I../lib -DBINDIR=\""/usr/libexec"\" -DBUILDDIR=\"".."\" -DGAM_DEBUG_ENABLED  -Wdate-time -D_FORTIFY_SOURCE=2 -Wall -Wchar-subscripts -Wmissing-declarations -Wmissing-prototypes -Wnested-externs -Wsign-compare -Wno-sign-compare -g -g -O2 -fdebug-prefix-map=/<<PKGBUILDDIR>>=. -fstack-protector-strong -Wformat -Werror=format-security -c -o gamin.o gamin.c
/bin/bash ../libtool  --tag=CC   --mode=compile gcc -DHAVE_CONFIG_H -I. -I..  -I.. -I../lib -DBINDIR=\""/usr/libexec"\" -DBUILDDIR=\"".."\" -DGAM_DEBUG_ENABLED  -Wdate-time -D_FORTIFY_SOURCE=2 -Wall -Wchar-subscripts -Wmissing-declarations -Wmissing-prototypes -Wnested-externs -Wsign-compare -Wno-sign-compare -g -g -O2 -fdebug-prefix-map=/<<PKGBUILDDIR>>=. -fstack-protector-strong -Wformat -Werror=format-security -c -o gam_api.lo gam_api.c
/bin/bash ../libtool  --tag=CC   --mode=compile gcc -DHAVE_CONFIG_H -I. -I..  -I.. -I../lib -DBINDIR=\""/usr/libexec"\" -DBUILDDIR=\"".."\" -DGAM_DEBUG_ENABLED  -Wdate-time -D_FORTIFY_SOURCE=2 -Wall -Wchar-subscripts -Wmissing-declarations -Wmissing-prototypes -Wnested-externs -Wsign-compare -Wno-sign-compare -g -g -O2 -fdebug-prefix-map=/<<PKGBUILDDIR>>=. -fstack-protector-strong -Wformat -Werror=format-security -c -o gam_data.lo gam_data.c
/bin/bash ../libtool  --tag=CC   --mode=compile gcc -DHAVE_CONFIG_H -I. -I..  -I.. -I../lib -DBINDIR=\""/usr/libexec"\" -DBUILDDIR=\"".."\" -DGAM_DEBUG_ENABLED  -Wdate-time -D_FORTIFY_SOURCE=2 -Wall -Wchar-subscripts -Wmissing-declarations -Wmissing-prototypes -Wnested-externs -Wsign-compare -Wno-sign-compare -g -g -O2 -fdebug-prefix-map=/<<PKGBUILDDIR>>=. -fstack-protector-strong -Wformat -Werror=format-security -c -o gam_fork.lo gam_fork.c
libtool: compile:  gcc -DHAVE_CONFIG_H -I. -I.. -I.. -I../lib -DBINDIR=\"/usr/libexec\" -DBUILDDIR=\"..\" -DGAM_DEBUG_ENABLED -Wdate-time -D_FORTIFY_SOURCE=2 -Wall -Wchar-subscripts -Wmissing-declarations -Wmissing-prototypes -Wnested-externs -Wsign-compare -Wno-sign-compare -g -g -O2 -fdebug-prefix-map=/<<PKGBUILDDIR>>=. -fstack-protector-strong -Wformat -Werror=format-security -c gam_data.c  -fPIC -DPIC -o .libs/gam_data.o
libtool: compile:  gcc -DHAVE_CONFIG_H -I. -I.. -I.. -I../lib -DBINDIR=\"/usr/libexec\" -DBUILDDIR=\"..\" -DGAM_DEBUG_ENABLED -Wdate-time -D_FORTIFY_SOURCE=2 -Wall -Wchar-subscripts -Wmissing-declarations -Wmissing-prototypes -Wnested-externs -Wsign-compare -Wno-sign-compare -g -g -O2 -fdebug-prefix-map=/<<PKGBUILDDIR>>=. -fstack-protector-strong -Wformat -Werror=format-security -c gam_api.c  -fPIC -DPIC -o .libs/gam_api.o
/bin/bash ../libtool  --tag=CC   --mode=compile gcc -DHAVE_CONFIG_H -I. -I..  -I.. -I../lib -DBINDIR=\""/usr/libexec"\" -DBUILDDIR=\"".."\" -DGAM_DEBUG_ENABLED  -Wdate-time -D_FORTIFY_SOURCE=2 -Wall -Wchar-subscripts -Wmissing-declarations -Wmissing-prototypes -Wnested-externs -Wsign-compare -Wno-sign-compare -g -g -O2 -fdebug-prefix-map=/<<PKGBUILDDIR>>=. -fstack-protector-strong -Wformat -Werror=format-security -c -o gam_error.lo gam_error.c
libtool: compile:  gcc -DHAVE_CONFIG_H -I. -I.. -I.. -I../lib -DBINDIR=\"/usr/libexec\" -DBUILDDIR=\"..\" -DGAM_DEBUG_ENABLED -Wdate-time -D_FORTIFY_SOURCE=2 -Wall -Wchar-subscripts -Wmissing-declarations -Wmissing-prototypes -Wnested-externs -Wsign-compare -Wno-sign-compare -g -g -O2 -fdebug-prefix-map=/<<PKGBUILDDIR>>=. -fstack-protector-strong -Wformat -Werror=format-security -c gam_fork.c  -fPIC -DPIC -o .libs/gam_fork.o
gam_data.c:461:7: warning: comparison of function 'pthread_mutex_init' not equal to a null pointer is always true [-Wtautological-pointer-compare]
            (pthread_mutex_init != NULL) &&
             ^~~~~~~~~~~~~~~~~~    ~~~~
gam_data.c:461:7: note: prefix with the address-of operator to silence this warning
            (pthread_mutex_init != NULL) &&
             ^
             &
libtool: compile:  gcc -DHAVE_CONFIG_H -I. -I.. -I.. -I../lib -DBINDIR=\"/usr/libexec\" -DBUILDDIR=\"..\" -DGAM_DEBUG_ENABLED -Wdate-time -D_FORTIFY_SOURCE=2 -Wall -Wchar-subscripts -Wmissing-declarations -Wmissing-prototypes -Wnested-externs -Wsign-compare -Wno-sign-compare -g -g -O2 -fdebug-prefix-map=/<<PKGBUILDDIR>>=. -fstack-protector-strong -Wformat -Werror=format-security -c gam_error.c  -fPIC -DPIC -o .libs/gam_error.o
gam_api.c:41:3: warning: unused variable 'FAMError' [-Wunused-variable]
} FAMError;
  ^
libtool: compile:  gcc -DHAVE_CONFIG_H -I. -I.. -I.. -I../lib -DBINDIR=\"/usr/libexec\" -DBUILDDIR=\"..\" -DGAM_DEBUG_ENABLED -Wdate-time -D_FORTIFY_SOURCE=2 -Wall -Wchar-subscripts -Wmissing-declarations -Wmissing-prototypes -Wnested-externs -Wsign-compare -Wno-sign-compare -g -g -O2 -fdebug-prefix-map=/<<PKGBUILDDIR>>=. -fstack-protector-strong -Wformat -Werror=format-security -c gam_fork.c -o gam_fork.o >/dev/null 2>&1
libtool: compile:  gcc -DHAVE_CONFIG_H -I. -I.. -I.. -I../lib -DBINDIR=\"/usr/libexec\" -DBUILDDIR=\"..\" -DGAM_DEBUG_ENABLED -Wdate-time -D_FORTIFY_SOURCE=2 -Wall -Wchar-subscripts -Wmissing-declarations -Wmissing-prototypes -Wnested-externs -Wsign-compare -Wno-sign-compare -g -g -O2 -fdebug-prefix-map=/<<PKGBUILDDIR>>=. -fstack-protector-strong -Wformat -Werror=format-security -c gam_error.c -o gam_error.o >/dev/null 2>&1
/bin/bash ../libtool  --tag=CC   --mode=compile gcc -DHAVE_CONFIG_H -I. -I..  -I.. -I../lib -DBINDIR=\""/usr/libexec"\" -DBUILDDIR=\"".."\" -DGAM_DEBUG_ENABLED  -Wdate-time -D_FORTIFY_SOURCE=2 -Wall -Wchar-subscripts -Wmissing-declarations -Wmissing-prototypes -Wnested-externs -Wsign-compare -Wno-sign-compare -g -g -O2 -fdebug-prefix-map=/<<PKGBUILDDIR>>=. -fstack-protector-strong -Wformat -Werror=format-security -c -o gam_event.lo gam_event.c
1 warning generated.
libtool: compile:  gcc -DHAVE_CONFIG_H -I. -I.. -I.. -I../lib -DBINDIR=\"/usr/libexec\" -DBUILDDIR=\"..\" -DGAM_DEBUG_ENABLED -Wdate-time -D_FORTIFY_SOURCE=2 -Wall -Wchar-subscripts -Wmissing-declarations -Wmissing-prototypes -Wnested-externs -Wsign-compare -Wno-sign-compare -g -g -O2 -fdebug-prefix-map=/<<PKGBUILDDIR>>=. -fstack-protector-strong -Wformat -Werror=format-security -c gam_data.c -o gam_data.o >/dev/null 2>&1
libtool: compile:  gcc -DHAVE_CONFIG_H -I. -I.. -I.. -I../lib -DBINDIR=\"/usr/libexec\" -DBUILDDIR=\"..\" -DGAM_DEBUG_ENABLED -Wdate-time -D_FORTIFY_SOURCE=2 -Wall -Wchar-subscripts -Wmissing-declarations -Wmissing-prototypes -Wnested-externs -Wsign-compare -Wno-sign-compare -g -g -O2 -fdebug-prefix-map=/<<PKGBUILDDIR>>=. -fstack-protector-strong -Wformat -Werror=format-security -c gam_event.c  -fPIC -DPIC -o .libs/gam_event.o
1 warning generated.
libtool: compile:  gcc -DHAVE_CONFIG_H -I. -I.. -I.. -I../lib -DBINDIR=\"/usr/libexec\" -DBUILDDIR=\"..\" -DGAM_DEBUG_ENABLED -Wdate-time -D_FORTIFY_SOURCE=2 -Wall -Wchar-subscripts -Wmissing-declarations -Wmissing-prototypes -Wnested-externs -Wsign-compare -Wno-sign-compare -g -g -O2 -fdebug-prefix-map=/<<PKGBUILDDIR>>=. -fstack-protector-strong -Wformat -Werror=format-security -c gam_api.c -o gam_api.o >/dev/null 2>&1
libtool: compile:  gcc -DHAVE_CONFIG_H -I. -I.. -I.. -I../lib -DBINDIR=\"/usr/libexec\" -DBUILDDIR=\"..\" -DGAM_DEBUG_ENABLED -Wdate-time -D_FORTIFY_SOURCE=2 -Wall -Wchar-subscripts -Wmissing-declarations -Wmissing-prototypes -Wnested-externs -Wsign-compare -Wno-sign-compare -g -g -O2 -fdebug-prefix-map=/<<PKGBUILDDIR>>=. -fstack-protector-strong -Wformat -Werror=format-security -c gam_event.c -o gam_event.o >/dev/null 2>&1
/bin/bash ../libtool  --tag=CC   --mode=link gcc -Wall -Wchar-subscripts -Wmissing-declarations -Wmissing-prototypes -Wnested-externs -Wsign-compare -Wno-sign-compare -g -g -O2 -fdebug-prefix-map=/<<PKGBUILDDIR>>=. -fstack-protector-strong -Wformat -Werror=format-security -Wl,--version-script=./gamin_sym.version -version-info 1:10:1  -Wl,-z,relro -Wl,-z,now -Wl,-O1 -Wl,-z,defs -Wl,--as-needed -o libgamin-1.la -rpath /usr/lib/x86_64-linux-gnu gam_api.lo gam_data.lo gam_fork.lo gam_error.lo gam_event.lo  
/bin/bash ../libtool  --tag=CC   --mode=link gcc -Wall -Wchar-subscripts -Wmissing-declarations -Wmissing-prototypes -Wnested-externs -Wsign-compare -Wno-sign-compare -g -g -O2 -fdebug-prefix-map=/<<PKGBUILDDIR>>=. -fstack-protector-strong -Wformat -Werror=format-security -Wl,--version-script=./gamin_sym.version -version-info 0:0:0  -Wl,-z,relro -Wl,-z,now -Wl,-O1 -Wl,-z,defs -Wl,--as-needed -o libfam.la -rpath /usr/lib/x86_64-linux-gnu gam_api.lo gam_data.lo gam_fork.lo gam_error.lo gam_event.lo  
libtool: link: gcc -shared  -fPIC -DPIC  .libs/gam_api.o .libs/gam_data.o .libs/gam_fork.o .libs/gam_error.o .libs/gam_event.o    -g -g -O2 -fstack-protector-strong -Wl,--version-script=./gamin_sym.version -Wl,-z -Wl,relro -Wl,-z -Wl,now -Wl,-O1 -Wl,-z -Wl,defs -Wl,--as-needed   -Wl,-soname -Wl,libgamin-1.so.0 -o .libs/libgamin-1.so.0.1.10
libtool: link: gcc -shared  -fPIC -DPIC  .libs/gam_api.o .libs/gam_data.o .libs/gam_fork.o .libs/gam_error.o .libs/gam_event.o    -g -g -O2 -fstack-protector-strong -Wl,--version-script=./gamin_sym.version -Wl,-z -Wl,relro -Wl,-z -Wl,now -Wl,-O1 -Wl,-z -Wl,defs -Wl,--as-needed   -Wl,-soname -Wl,libfam.so.0 -o .libs/libfam.so.0.0.0
libtool: link: (cd ".libs" && rm -f "libfam.so.0" && ln -s "libfam.so.0.0.0" "libfam.so.0")
libtool: link: (cd ".libs" && rm -f "libgamin-1.so.0" && ln -s "libgamin-1.so.0.1.10" "libgamin-1.so.0")
libtool: link: (cd ".libs" && rm -f "libfam.so" && ln -s "libfam.so.0.0.0" "libfam.so")
libtool: link: (cd ".libs" && rm -f "libgamin-1.so" && ln -s "libgamin-1.so.0.1.10" "libgamin-1.so")
libtool: link: ar cr .libs/libfam.a  gam_api.o gam_data.o gam_fork.o gam_error.o gam_event.o
libtool: link: ar cr .libs/libgamin-1.a  gam_api.o gam_data.o gam_fork.o gam_error.o gam_event.o
libtool: link: ranlib .libs/libfam.a
libtool: link: ranlib .libs/libgamin-1.a
libtool: link: ( cd ".libs" && rm -f "libfam.la" && ln -s "../libfam.la" "libfam.la" )
libtool: link: ( cd ".libs" && rm -f "libgamin-1.la" && ln -s "../libgamin-1.la" "libgamin-1.la" )
/bin/bash ../libtool  --tag=CC   --mode=link gcc -Wall -Wchar-subscripts -Wmissing-declarations -Wmissing-prototypes -Wnested-externs -Wsign-compare -Wno-sign-compare -g -g -O2 -fdebug-prefix-map=/<<PKGBUILDDIR>>=. -fstack-protector-strong -Wformat -Werror=format-security  -Wl,-z,relro -Wl,-z,now -Wl,-O1 -Wl,-z,defs -Wl,--as-needed -o gamin gamin.o  libgamin-1.la 
libtool: link: gcc -Wall -Wchar-subscripts -Wmissing-declarations -Wmissing-prototypes -Wnested-externs -Wsign-compare -Wno-sign-compare -g -g -O2 -fdebug-prefix-map=/<<PKGBUILDDIR>>=. -fstack-protector-strong -Wformat -Werror=format-security -Wl,-z -Wl,relro -Wl,-z -Wl,now -Wl,-O1 -Wl,-z -Wl,defs -Wl,--as-needed -o .libs/gamin gamin.o  ./.libs/libgamin-1.so
make[3]: Leaving directory '/<<PKGBUILDDIR>>/libgamin'
Making all in lib
make[3]: Entering directory '/<<PKGBUILDDIR>>/lib'
make[3]: Nothing to be done for 'all'.
make[3]: Leaving directory '/<<PKGBUILDDIR>>/lib'
Making all in server
make[3]: Entering directory '/<<PKGBUILDDIR>>/server'
make  all-am
make[4]: Entering directory '/<<PKGBUILDDIR>>/server'
gcc -DHAVE_CONFIG_H -I. -I..  -I.. -I../libgamin -I../protocol -I../lib -I../libgamin -I/usr/include/glib-2.0 -I/usr/lib/x86_64-linux-gnu/glib-2.0/include -DBINDIR=\""/usr/libexec"\" -DG_DISABLE_DEPRECATED -DGAM_DEBUG_ENABLED  -Wdate-time -D_FORTIFY_SOURCE=2 -Wall -Wchar-subscripts -Wmissing-declarations -Wmissing-prototypes -Wnested-externs -Wsign-compare -Wno-sign-compare -g -g -O2 -fdebug-prefix-map=/<<PKGBUILDDIR>>=. -fstack-protector-strong -Wformat -Werror=format-security -c -o gam_subscription.o gam_subscription.c
gcc -DHAVE_CONFIG_H -I. -I..  -I.. -I../libgamin -I../protocol -I../lib -I../libgamin -I/usr/include/glib-2.0 -I/usr/lib/x86_64-linux-gnu/glib-2.0/include -DBINDIR=\""/usr/libexec"\" -DG_DISABLE_DEPRECATED -DGAM_DEBUG_ENABLED  -Wdate-time -D_FORTIFY_SOURCE=2 -Wall -Wchar-subscripts -Wmissing-declarations -Wmissing-prototypes -Wnested-externs -Wsign-compare -Wno-sign-compare -g -g -O2 -fdebug-prefix-map=/<<PKGBUILDDIR>>=. -fstack-protector-strong -Wformat -Werror=format-security -c -o gam_listener.o gam_listener.c
gcc -DHAVE_CONFIG_H -I. -I..  -I.. -I../libgamin -I../protocol -I../lib -I../libgamin -I/usr/include/glib-2.0 -I/usr/lib/x86_64-linux-gnu/glib-2.0/include -DBINDIR=\""/usr/libexec"\" -DG_DISABLE_DEPRECATED -DGAM_DEBUG_ENABLED  -Wdate-time -D_FORTIFY_SOURCE=2 -Wall -Wchar-subscripts -Wmissing-declarations -Wmissing-prototypes -Wnested-externs -Wsign-compare -Wno-sign-compare -g -g -O2 -fdebug-prefix-map=/<<PKGBUILDDIR>>=. -fstack-protector-strong -Wformat -Werror=format-security -c -o gam_server.o gam_server.c
gcc -DHAVE_CONFIG_H -I. -I..  -I.. -I../libgamin -I../protocol -I../lib -I../libgamin -I/usr/include/glib-2.0 -I/usr/lib/x86_64-linux-gnu/glib-2.0/include -DBINDIR=\""/usr/libexec"\" -DG_DISABLE_DEPRECATED -DGAM_DEBUG_ENABLED  -Wdate-time -D_FORTIFY_SOURCE=2 -Wall -Wchar-subscripts -Wmissing-declarations -Wmissing-prototypes -Wnested-externs -Wsign-compare -Wno-sign-compare -g -g -O2 -fdebug-prefix-map=/<<PKGBUILDDIR>>=. -fstack-protector-strong -Wformat -Werror=format-security -c -o gam_node.o gam_node.c
gam_listener.c:101:39: warning: implicit declaration of function 'gam_exclude_check' is invalid in C99 [-Wimplicit-function-declaration]
    if (gam_inotify_is_running() && (!gam_exclude_check(path))) {
                                      ^
gam_subscription.c:351:1: warning: no previous prototype for function 'gam_subscription_shutdown' [-Wmissing-prototypes]
gam_subscription_shutdown ()
^
./gam_subscription.h:50:9: note: this declaration is not a prototype; add 'void' to make it a prototype for a zero-parameter function
void                            gam_subscription_shutdown ();
                                ^
                                                           void
gam_node.c:375:2: warning: implicit declaration of function 'gam_server_emit_event' is invalid in C99 [-Wimplicit-function-declaration]
        gam_server_emit_event(gam_node_get_path(node), is_dir_node, event, subs, 0);
        ^
gam_server.c:167:6: warning: implicit declaration of function 'gam_poll_basic_init' is invalid in C99 [-Wimplicit-function-declaration]
        if (gam_poll_basic_init()) {
            ^
gam_server.c:441:9: warning: implicit conversion from enumeration type 'GamKernelHandler' to different enumeration type 'GamPollHandler' [-Wenum-conversion]
        return __gam_kernel_handler;
        ~~~~~~ ^~~~~~~~~~~~~~~~~~~~
gam_server.c:535:1: warning: non-void function does not return a value [-Wreturn-type]
}  
^
1 warning generated.
gcc -DHAVE_CONFIG_H -I. -I..  -I.. -I../libgamin -I../protocol -I../lib -I../libgamin -I/usr/include/glib-2.0 -I/usr/lib/x86_64-linux-gnu/glib-2.0/include -DBINDIR=\""/usr/libexec"\" -DG_DISABLE_DEPRECATED -DGAM_DEBUG_ENABLED  -Wdate-time -D_FORTIFY_SOURCE=2 -Wall -Wchar-subscripts -Wmissing-declarations -Wmissing-prototypes -Wnested-externs -Wsign-compare -Wno-sign-compare -g -g -O2 -fdebug-prefix-map=/<<PKGBUILDDIR>>=. -fstack-protector-strong -Wformat -Werror=format-security -c -o gam_tree.o gam_tree.c
1 warning generated.
gcc -DHAVE_CONFIG_H -I. -I..  -I.. -I../libgamin -I../protocol -I../lib -I../libgamin -I/usr/include/glib-2.0 -I/usr/lib/x86_64-linux-gnu/glib-2.0/include -DBINDIR=\""/usr/libexec"\" -DG_DISABLE_DEPRECATED -DGAM_DEBUG_ENABLED  -Wdate-time -D_FORTIFY_SOURCE=2 -Wall -Wchar-subscripts -Wmissing-declarations -Wmissing-prototypes -Wnested-externs -Wsign-compare -Wno-sign-compare -g -g -O2 -fdebug-prefix-map=/<<PKGBUILDDIR>>=. -fstack-protector-strong -Wformat -Werror=format-security -c -o gam_poll_basic.o gam_poll_basic.c
1 warning generated.
gcc -DHAVE_CONFIG_H -I. -I..  -I.. -I../libgamin -I../protocol -I../lib -I../libgamin -I/usr/include/glib-2.0 -I/usr/lib/x86_64-linux-gnu/glib-2.0/include -DBINDIR=\""/usr/libexec"\" -DG_DISABLE_DEPRECATED -DGAM_DEBUG_ENABLED  -Wdate-time -D_FORTIFY_SOURCE=2 -Wall -Wchar-subscripts -Wmissing-declarations -Wmissing-prototypes -Wnested-externs -Wsign-compare -Wno-sign-compare -g -g -O2 -fdebug-prefix-map=/<<PKGBUILDDIR>>=. -fstack-protector-strong -Wformat -Werror=format-security -c -o gam_poll_generic.o gam_poll_generic.c
3 warnings generated.
gcc -DHAVE_CONFIG_H -I. -I..  -I.. -I../libgamin -I../protocol -I../lib -I../libgamin -I/usr/include/glib-2.0 -I/usr/lib/x86_64-linux-gnu/glib-2.0/include -DBINDIR=\""/usr/libexec"\" -DG_DISABLE_DEPRECATED -DGAM_DEBUG_ENABLED  -Wdate-time -D_FORTIFY_SOURCE=2 -Wall -Wchar-subscripts -Wmissing-declarations -Wmissing-prototypes -Wnested-externs -Wsign-compare -Wno-sign-compare -g -g -O2 -fdebug-prefix-map=/<<PKGBUILDDIR>>=. -fstack-protector-strong -Wformat -Werror=format-security -c -o gam_pidname.o gam_pidname.c
gam_poll_generic.c:202:2: warning: misleading indentation; statement is not part of the previous 'if' [-Wmisleading-indentation]
        if (gam_server_get_kernel_handler() == GAMIN_K_DNOTIFY || gam_server_get_kernel_handler() == GAMIN_K_INOTIFY) {
        ^
gam_poll_generic.c:199:5: note: previous statement is here
    if (node->mon_type != GFS_MT_KERNEL)
    ^
gcc -DHAVE_CONFIG_H -I. -I..  -I.. -I../libgamin -I../protocol -I../lib -I../libgamin -I/usr/include/glib-2.0 -I/usr/lib/x86_64-linux-gnu/glib-2.0/include -DBINDIR=\""/usr/libexec"\" -DG_DISABLE_DEPRECATED -DGAM_DEBUG_ENABLED  -Wdate-time -D_FORTIFY_SOURCE=2 -Wall -Wchar-subscripts -Wmissing-declarations -Wmissing-prototypes -Wnested-externs -Wsign-compare -Wno-sign-compare -g -g -O2 -fdebug-prefix-map=/<<PKGBUILDDIR>>=. -fstack-protector-strong -Wformat -Werror=format-security -c -o gam_channel.o gam_channel.c
gcc -DHAVE_CONFIG_H -I. -I..  -I.. -I../libgamin -I../protocol -I../lib -I../libgamin -I/usr/include/glib-2.0 -I/usr/lib/x86_64-linux-gnu/glib-2.0/include -DBINDIR=\""/usr/libexec"\" -DG_DISABLE_DEPRECATED -DGAM_DEBUG_ENABLED  -Wdate-time -D_FORTIFY_SOURCE=2 -Wall -Wchar-subscripts -Wmissing-declarations -Wmissing-prototypes -Wnested-externs -Wsign-compare -Wno-sign-compare -g -g -O2 -fdebug-prefix-map=/<<PKGBUILDDIR>>=. -fstack-protector-strong -Wformat -Werror=format-security -c -o gam_connection.o gam_connection.c
gcc -DHAVE_CONFIG_H -I. -I..  -I.. -I../libgamin -I../protocol -I../lib -I../libgamin -I/usr/include/glib-2.0 -I/usr/lib/x86_64-linux-gnu/glib-2.0/include -DBINDIR=\""/usr/libexec"\" -DG_DISABLE_DEPRECATED -DGAM_DEBUG_ENABLED  -Wdate-time -D_FORTIFY_SOURCE=2 -Wall -Wchar-subscripts -Wmissing-declarations -Wmissing-prototypes -Wnested-externs -Wsign-compare -Wno-sign-compare -g -g -O2 -fdebug-prefix-map=/<<PKGBUILDDIR>>=. -fstack-protector-strong -Wformat -Werror=format-security -c -o gam_debugging.o gam_debugging.c
1 warning generated.
gcc -DHAVE_CONFIG_H -I. -I..  -I.. -I../libgamin -I../protocol -I../lib -I../libgamin -I/usr/include/glib-2.0 -I/usr/lib/x86_64-linux-gnu/glib-2.0/include -DBINDIR=\""/usr/libexec"\" -DG_DISABLE_DEPRECATED -DGAM_DEBUG_ENABLED  -Wdate-time -D_FORTIFY_SOURCE=2 -Wall -Wchar-subscripts -Wmissing-declarations -Wmissing-prototypes -Wnested-externs -Wsign-compare -Wno-sign-compare -g -g -O2 -fdebug-prefix-map=/<<PKGBUILDDIR>>=. -fstack-protector-strong -Wformat -Werror=format-security -c -o gam_excludes.o gam_excludes.c
gam_connection.c:402:42: warning: implicit declaration of function 'gam_exclude_check' is invalid in C99 [-Wimplicit-function-declaration]
            if ((gam_inotify_is_running()) && (!gam_exclude_check(path))) {
                                                ^
gcc -DHAVE_CONFIG_H -I. -I..  -I.. -I../libgamin -I../protocol -I../lib -I../libgamin -I/usr/include/glib-2.0 -I/usr/lib/x86_64-linux-gnu/glib-2.0/include -DBINDIR=\""/usr/libexec"\" -DG_DISABLE_DEPRECATED -DGAM_DEBUG_ENABLED  -Wdate-time -D_FORTIFY_SOURCE=2 -Wall -Wchar-subscripts -Wmissing-declarations -Wmissing-prototypes -Wnested-externs -Wsign-compare -Wno-sign-compare -g -g -O2 -fdebug-prefix-map=/<<PKGBUILDDIR>>=. -fstack-protector-strong -Wformat -Werror=format-security -c -o gam_fs.o gam_fs.c
gcc -DHAVE_CONFIG_H -I. -I..  -I.. -I../libgamin -I../protocol -I../lib -I../libgamin -I/usr/include/glib-2.0 -I/usr/lib/x86_64-linux-gnu/glib-2.0/include -DBINDIR=\""/usr/libexec"\" -DG_DISABLE_DEPRECATED -DGAM_DEBUG_ENABLED  -Wdate-time -D_FORTIFY_SOURCE=2 -Wall -Wchar-subscripts -Wmissing-declarations -Wmissing-prototypes -Wnested-externs -Wsign-compare -Wno-sign-compare -g -g -O2 -fdebug-prefix-map=/<<PKGBUILDDIR>>=. -fstack-protector-strong -Wformat -Werror=format-security -c -o gam_conf.o gam_conf.c
gcc -DHAVE_CONFIG_H -I. -I..  -I.. -I../libgamin -I../protocol -I../lib -I../libgamin -I/usr/include/glib-2.0 -I/usr/lib/x86_64-linux-gnu/glib-2.0/include -DBINDIR=\""/usr/libexec"\" -DG_DISABLE_DEPRECATED -DGAM_DEBUG_ENABLED  -Wdate-time -D_FORTIFY_SOURCE=2 -Wall -Wchar-subscripts -Wmissing-declarations -Wmissing-prototypes -Wnested-externs -Wsign-compare -Wno-sign-compare -g -g -O2 -fdebug-prefix-map=/<<PKGBUILDDIR>>=. -fstack-protector-strong -Wformat -Werror=format-security -c -o gam_eq.o gam_eq.c
1 warning generated.
gcc -DHAVE_CONFIG_H -I. -I..  -I.. -I../libgamin -I../protocol -I../lib -I../libgamin -I/usr/include/glib-2.0 -I/usr/lib/x86_64-linux-gnu/glib-2.0/include -DBINDIR=\""/usr/libexec"\" -DG_DISABLE_DEPRECATED -DGAM_DEBUG_ENABLED  -Wdate-time -D_FORTIFY_SOURCE=2 -Wall -Wchar-subscripts -Wmissing-declarations -Wmissing-prototypes -Wnested-externs -Wsign-compare -Wno-sign-compare -g -g -O2 -fdebug-prefix-map=/<<PKGBUILDDIR>>=. -fstack-protector-strong -Wformat -Werror=format-security -c -o gam_inotify.o gam_inotify.c
gam_eq.c:127:3: error: non-void function 'gam_eq_flush' should return a value [-Wreturn-type]
                return;
                ^
1 error generated.
gcc -DHAVE_CONFIG_H -I. -I..  -I.. -I../libgamin -I../protocol -I../lib -I../libgamin -I/usr/include/glib-2.0 -I/usr/lib/x86_64-linux-gnu/glib-2.0/include -DBINDIR=\""/usr/libexec"\" -DG_DISABLE_DEPRECATED -DGAM_DEBUG_ENABLED  -Wdate-time -D_FORTIFY_SOURCE=2 -Wall -Wchar-subscripts -Wmissing-declarations -Wmissing-prototypes -Wnested-externs -Wsign-compare -Wno-sign-compare -g -g -O2 -fdebug-prefix-map=/<<PKGBUILDDIR>>=. -fstack-protector-strong -Wformat -Werror=format-security -c -o inotify-helper.o inotify-helper.c
gcc -DHAVE_CONFIG_H -I. -I..  -I.. -I../libgamin -I../protocol -I../lib -I../libgamin -I/usr/include/glib-2.0 -I/usr/lib/x86_64-linux-gnu/glib-2.0/include -DBINDIR=\""/usr/libexec"\" -DG_DISABLE_DEPRECATED -DGAM_DEBUG_ENABLED  -Wdate-time -D_FORTIFY_SOURCE=2 -Wall -Wchar-subscripts -Wmissing-declarations -Wmissing-prototypes -Wnested-externs -Wsign-compare -Wno-sign-compare -g -g -O2 -fdebug-prefix-map=/<<PKGBUILDDIR>>=. -fstack-protector-strong -Wformat -Werror=format-security -c -o inotify-kernel.o inotify-kernel.c
make[4]: *** [Makefile:540: gam_eq.o] Error 1
make[4]: *** Waiting for unfinished jobs....
gam_inotify.c:145:2: warning: implicit declaration of function 'gam_poll_basic_init' is invalid in C99 [-Wimplicit-function-declaration]
        gam_poll_basic_init ();
        ^
1 warning generated.
inotify-kernel.c:68:2: warning: 'GTimeVal' is deprecated: Use 'GDateTime' instead [-Wdeprecated-declarations]
        GTimeVal hold_until;
        ^
/usr/include/glib-2.0/glib/gtypes.h:545:35: note: 'GTimeVal' has been explicitly marked deprecated here
typedef struct _GTimeVal GTimeVal GLIB_DEPRECATED_TYPE_IN_2_62_FOR(GDateTime);
                                  ^
/usr/include/glib-2.0/glib/gversionmacros.h:923:49: note: expanded from macro 'GLIB_DEPRECATED_TYPE_IN_2_62_FOR'
# define GLIB_DEPRECATED_TYPE_IN_2_62_FOR(f)    GLIB_DEPRECATED_TYPE_FOR(f)
                                                ^
/usr/include/glib-2.0/glib/gmacros.h:1018:37: note: expanded from macro 'GLIB_DEPRECATED_TYPE_FOR'
#define GLIB_DEPRECATED_TYPE_FOR(f) G_DEPRECATED_FOR(f)
                                    ^
/usr/include/glib-2.0/glib/gmacros.h:952:44: note: expanded from macro 'G_DEPRECATED_FOR'
#define G_DEPRECATED_FOR(f) __attribute__((__deprecated__("Use '" #f "' instead")))
                                           ^
inotify-kernel.c:217:2: warning: 'GTimeVal' is deprecated: Use 'GDateTime' instead [-Wdeprecated-declarations]
        GTimeVal tv;
        ^
/usr/include/glib-2.0/glib/gtypes.h:545:35: note: 'GTimeVal' has been explicitly marked deprecated here
typedef struct _GTimeVal GTimeVal GLIB_DEPRECATED_TYPE_IN_2_62_FOR(GDateTime);
                                  ^
/usr/include/glib-2.0/glib/gversionmacros.h:923:49: note: expanded from macro 'GLIB_DEPRECATED_TYPE_IN_2_62_FOR'
# define GLIB_DEPRECATED_TYPE_IN_2_62_FOR(f)    GLIB_DEPRECATED_TYPE_FOR(f)
                                                ^
/usr/include/glib-2.0/glib/gmacros.h:1018:37: note: expanded from macro 'GLIB_DEPRECATED_TYPE_FOR'
#define GLIB_DEPRECATED_TYPE_FOR(f) G_DEPRECATED_FOR(f)
                                    ^
/usr/include/glib-2.0/glib/gmacros.h:952:44: note: expanded from macro 'G_DEPRECATED_FOR'
#define G_DEPRECATED_FOR(f) __attribute__((__deprecated__("Use '" #f "' instead")))
                                           ^
inotify-kernel.c:221:2: warning: 'g_get_current_time' is deprecated: Use 'g_get_real_time' instead [-Wdeprecated-declarations]
        g_get_current_time (&tv);
        ^
/usr/include/glib-2.0/glib/gmain.h:680:1: note: 'g_get_current_time' has been explicitly marked deprecated here
GLIB_DEPRECATED_IN_2_62_FOR(g_get_real_time)
^
/usr/include/glib-2.0/glib/gversionmacros.h:917:49: note: expanded from macro 'GLIB_DEPRECATED_IN_2_62_FOR'
# define GLIB_DEPRECATED_IN_2_62_FOR(f)         GLIB_DEPRECATED_FOR(f)
                                                ^
/usr/include/glib-2.0/glib/gmacros.h:984:32: note: expanded from macro 'GLIB_DEPRECATED_FOR'
#define GLIB_DEPRECATED_FOR(f) G_DEPRECATED_FOR(f) _GLIB_EXTERN
                               ^
/usr/include/glib-2.0/glib/gmacros.h:952:44: note: expanded from macro 'G_DEPRECATED_FOR'
#define G_DEPRECATED_FOR(f) __attribute__((__deprecated__("Use '" #f "' instead")))
                                           ^
inotify-kernel.c:222:2: warning: 'g_time_val_add' is deprecated [-Wdeprecated-declarations]
        g_time_val_add (&tv, DEFAULT_HOLD_UNTIL_TIME);
        ^
/usr/include/glib-2.0/glib/gtimer.h:66:1: note: 'g_time_val_add' has been explicitly marked deprecated here
GLIB_DEPRECATED_IN_2_62
^
/usr/include/glib-2.0/glib/gversionmacros.h:916:49: note: expanded from macro 'GLIB_DEPRECATED_IN_2_62'
# define GLIB_DEPRECATED_IN_2_62                GLIB_DEPRECATED
                                                ^
/usr/include/glib-2.0/glib/gmacros.h:983:25: note: expanded from macro 'GLIB_DEPRECATED'
#define GLIB_DEPRECATED G_DEPRECATED _GLIB_EXTERN
                        ^
/usr/include/glib-2.0/glib/gmacros.h:944:37: note: expanded from macro 'G_DEPRECATED'
#define G_DEPRECATED __attribute__((__deprecated__))
                                    ^
inotify-kernel.c:489:14: warning: 'GTimeVal' is deprecated: Use 'GDateTime' instead [-Wdeprecated-declarations]
g_timeval_lt(GTimeVal *val1, GTimeVal *val2)
             ^
/usr/include/glib-2.0/glib/gtypes.h:545:35: note: 'GTimeVal' has been explicitly marked deprecated here
typedef struct _GTimeVal GTimeVal GLIB_DEPRECATED_TYPE_IN_2_62_FOR(GDateTime);
                                  ^
/usr/include/glib-2.0/glib/gversionmacros.h:923:49: note: expanded from macro 'GLIB_DEPRECATED_TYPE_IN_2_62_FOR'
# define GLIB_DEPRECATED_TYPE_IN_2_62_FOR(f)    GLIB_DEPRECATED_TYPE_FOR(f)
                                                ^
/usr/include/glib-2.0/glib/gmacros.h:1018:37: note: expanded from macro 'GLIB_DEPRECATED_TYPE_FOR'
#define GLIB_DEPRECATED_TYPE_FOR(f) G_DEPRECATED_FOR(f)
                                    ^
/usr/include/glib-2.0/glib/gmacros.h:952:44: note: expanded from macro 'G_DEPRECATED_FOR'
#define G_DEPRECATED_FOR(f) __attribute__((__deprecated__("Use '" #f "' instead")))
                                           ^
inotify-kernel.c:489:30: warning: 'GTimeVal' is deprecated: Use 'GDateTime' instead [-Wdeprecated-declarations]
g_timeval_lt(GTimeVal *val1, GTimeVal *val2)
                             ^
/usr/include/glib-2.0/glib/gtypes.h:545:35: note: 'GTimeVal' has been explicitly marked deprecated here
typedef struct _GTimeVal GTimeVal GLIB_DEPRECATED_TYPE_IN_2_62_FOR(GDateTime);
                                  ^
/usr/include/glib-2.0/glib/gversionmacros.h:923:49: note: expanded from macro 'GLIB_DEPRECATED_TYPE_IN_2_62_FOR'
# define GLIB_DEPRECATED_TYPE_IN_2_62_FOR(f)    GLIB_DEPRECATED_TYPE_FOR(f)
                                                ^
/usr/include/glib-2.0/glib/gmacros.h:1018:37: note: expanded from macro 'GLIB_DEPRECATED_TYPE_FOR'
#define GLIB_DEPRECATED_TYPE_FOR(f) G_DEPRECATED_FOR(f)
                                    ^
/usr/include/glib-2.0/glib/gmacros.h:952:44: note: expanded from macro 'G_DEPRECATED_FOR'
#define G_DEPRECATED_FOR(f) __attribute__((__deprecated__("Use '" #f "' instead")))
                                           ^
inotify-kernel.c:505:14: warning: 'GTimeVal' is deprecated: Use 'GDateTime' instead [-Wdeprecated-declarations]
g_timeval_eq(GTimeVal *val1, GTimeVal *val2)
             ^
/usr/include/glib-2.0/glib/gtypes.h:545:35: note: 'GTimeVal' has been explicitly marked deprecated here
typedef struct _GTimeVal GTimeVal GLIB_DEPRECATED_TYPE_IN_2_62_FOR(GDateTime);
                                  ^
/usr/include/glib-2.0/glib/gversionmacros.h:923:49: note: expanded from macro 'GLIB_DEPRECATED_TYPE_IN_2_62_FOR'
# define GLIB_DEPRECATED_TYPE_IN_2_62_FOR(f)    GLIB_DEPRECATED_TYPE_FOR(f)
                                                ^
/usr/include/glib-2.0/glib/gmacros.h:1018:37: note: expanded from macro 'GLIB_DEPRECATED_TYPE_FOR'
#define GLIB_DEPRECATED_TYPE_FOR(f) G_DEPRECATED_FOR(f)
                                    ^
/usr/include/glib-2.0/glib/gmacros.h:952:44: note: expanded from macro 'G_DEPRECATED_FOR'
#define G_DEPRECATED_FOR(f) __attribute__((__deprecated__("Use '" #f "' instead")))
                                           ^
inotify-kernel.c:505:30: warning: 'GTimeVal' is deprecated: Use 'GDateTime' instead [-Wdeprecated-declarations]
g_timeval_eq(GTimeVal *val1, GTimeVal *val2)
                             ^
/usr/include/glib-2.0/glib/gtypes.h:545:35: note: 'GTimeVal' has been explicitly marked deprecated here
typedef struct _GTimeVal GTimeVal GLIB_DEPRECATED_TYPE_IN_2_62_FOR(GDateTime);
                                  ^
/usr/include/glib-2.0/glib/gversionmacros.h:923:49: note: expanded from macro 'GLIB_DEPRECATED_TYPE_IN_2_62_FOR'
# define GLIB_DEPRECATED_TYPE_IN_2_62_FOR(f)    GLIB_DEPRECATED_TYPE_FOR(f)
                                                ^
/usr/include/glib-2.0/glib/gmacros.h:1018:37: note: expanded from macro 'GLIB_DEPRECATED_TYPE_FOR'
#define GLIB_DEPRECATED_TYPE_FOR(f) G_DEPRECATED_FOR(f)
                                    ^
/usr/include/glib-2.0/glib/gmacros.h:952:44: note: expanded from macro 'G_DEPRECATED_FOR'
#define G_DEPRECATED_FOR(f) __attribute__((__deprecated__("Use '" #f "' instead")))
                                           ^
inotify-kernel.c:533:2: warning: 'g_time_val_add' is deprecated [-Wdeprecated-declarations]
        g_time_val_add (&event->hold_until, ms);
        ^
/usr/include/glib-2.0/glib/gtimer.h:66:1: note: 'g_time_val_add' has been explicitly marked deprecated here
GLIB_DEPRECATED_IN_2_62
^
/usr/include/glib-2.0/glib/gversionmacros.h:916:49: note: expanded from macro 'GLIB_DEPRECATED_IN_2_62'
# define GLIB_DEPRECATED_IN_2_62                GLIB_DEPRECATED
                                                ^
/usr/include/glib-2.0/glib/gmacros.h:983:25: note: expanded from macro 'GLIB_DEPRECATED'
#define GLIB_DEPRECATED G_DEPRECATED _GLIB_EXTERN
                        ^
/usr/include/glib-2.0/glib/gmacros.h:944:37: note: expanded from macro 'G_DEPRECATED'
#define G_DEPRECATED __attribute__((__deprecated__))
                                    ^
inotify-kernel.c:539:2: warning: 'GTimeVal' is deprecated: Use 'GDateTime' instead [-Wdeprecated-declarations]
        GTimeVal tv;
        ^
/usr/include/glib-2.0/glib/gtypes.h:545:35: note: 'GTimeVal' has been explicitly marked deprecated here
typedef struct _GTimeVal GTimeVal GLIB_DEPRECATED_TYPE_IN_2_62_FOR(GDateTime);
                                  ^
/usr/include/glib-2.0/glib/gversionmacros.h:923:49: note: expanded from macro 'GLIB_DEPRECATED_TYPE_IN_2_62_FOR'
# define GLIB_DEPRECATED_TYPE_IN_2_62_FOR(f)    GLIB_DEPRECATED_TYPE_FOR(f)
                                                ^
/usr/include/glib-2.0/glib/gmacros.h:1018:37: note: expanded from macro 'GLIB_DEPRECATED_TYPE_FOR'
#define GLIB_DEPRECATED_TYPE_FOR(f) G_DEPRECATED_FOR(f)
                                    ^
/usr/include/glib-2.0/glib/gmacros.h:952:44: note: expanded from macro 'G_DEPRECATED_FOR'
#define G_DEPRECATED_FOR(f) __attribute__((__deprecated__("Use '" #f "' instead")))
                                           ^
inotify-kernel.c:542:2: warning: 'g_get_current_time' is deprecated: Use 'g_get_real_time' instead [-Wdeprecated-declarations]
        g_get_current_time (&tv);
        ^
/usr/include/glib-2.0/glib/gmain.h:680:1: note: 'g_get_current_time' has been explicitly marked deprecated here
GLIB_DEPRECATED_IN_2_62_FOR(g_get_real_time)
^
/usr/include/glib-2.0/glib/gversionmacros.h:917:49: note: expanded from macro 'GLIB_DEPRECATED_IN_2_62_FOR'
# define GLIB_DEPRECATED_IN_2_62_FOR(f)         GLIB_DEPRECATED_FOR(f)
                                                ^
/usr/include/glib-2.0/glib/gmacros.h:984:32: note: expanded from macro 'GLIB_DEPRECATED_FOR'
#define GLIB_DEPRECATED_FOR(f) G_DEPRECATED_FOR(f) _GLIB_EXTERN
                               ^
/usr/include/glib-2.0/glib/gmacros.h:952:44: note: expanded from macro 'G_DEPRECATED_FOR'
#define G_DEPRECATED_FOR(f) __attribute__((__deprecated__("Use '" #f "' instead")))
                                           ^
11 warnings generated.
make[4]: Leaving directory '/<<PKGBUILDDIR>>/server'
make[3]: *** [Makefile:409: all] Error 2
make[3]: Leaving directory '/<<PKGBUILDDIR>>/server'
make[2]: *** [Makefile:501: all-recursive] Error 1
make[2]: Leaving directory '/<<PKGBUILDDIR>>'
make[1]: *** [Makefile:408: all] Error 2
make[1]: Leaving directory '/<<PKGBUILDDIR>>'
dh_auto_build: error: make -j4 returned exit code 2
make: *** [debian/rules:7: build] Error 25
dpkg-buildpackage: error: debian/rules build subprocess returned exit status 2
--------------------------------------------------------------------------------
Build finished at 2020-10-29T20:08:25Z

Finished
--------


+------------------------------------------------------------------------------+
| Cleanup                                                                      |
+------------------------------------------------------------------------------+

Purging /<<BUILDDIR>>
Not cleaning session: cloned chroot in use
E: Build failure (dpkg-buildpackage died)

+------------------------------------------------------------------------------+
| Summary                                                                      |
+------------------------------------------------------------------------------+

Build Architecture: amd64
Build Type: binary
Build-Space: 7340
Build-Time: 11
Distribution: unstable
Fail-Stage: build
Host Architecture: amd64
Install-Time: 10
Job: gamin_0.1.10-6
Machine Architecture: amd64
Package: gamin
Package-Time: 38
Source-Version: 0.1.10-6
Space: 7340
Status: attempted
Version: 0.1.10-6
--------------------------------------------------------------------------------
Finished at 2020-10-29T20:08:25Z
Build needed 00:00:38, 7340k disk space
E: Build failure (dpkg-buildpackage died)
DC-Status: Failed 38.260746794s
