DC-Build-Header: papi 6.0.0~dfsg-2 / 2020-10-29 20:04:16 +0000
DC-Task: type:rebuild-binarch-only source:papi version:6.0.0~dfsg-2 chroot:unstable esttime:45 logfile:/tmp/papi_6.0.0~dfsg-2_unstable_clang11.log modes:clang11:binarch-only
DC-Sbuild-call: su user42 -c 'sbuild -n --arch-any --apt-update -d unstable -v --no-run-lintian --chroot-setup-commands=/tmp/clang11 papi_6.0.0~dfsg-2'
sbuild (Debian sbuild) 0.78.1 (09 February 2019) on ip-172-31-7-68.eu-central-1.compute.internal

+==============================================================================+
| papi 6.0.0~dfsg-2 (amd64)                    Thu, 29 Oct 2020 20:04:16 +0000 |
+==============================================================================+

Package: papi
Version: 6.0.0~dfsg-2
Source Version: 6.0.0~dfsg-2
Distribution: unstable
Machine Architecture: amd64
Host Architecture: amd64
Build Architecture: amd64
Build Type: binary

I: NOTICE: Log filtering will replace 'var/run/schroot/mount/sid-amd64-sbuild-8f473159-e366-44c6-ba2a-4c7d4ac682e5' with '<<CHROOT>>'

+------------------------------------------------------------------------------+
| Chroot Setup Commands                                                        |
+------------------------------------------------------------------------------+


/tmp/clang11
------------

+ echo 'Entering customization script...'
Entering customization script...
+ CLANG_VERSION=10
+ echo 'Install of clang-10'
Install of clang-10
+ apt-get update
Get:1 http://127.0.0.1:12990/debian sid InRelease [146 kB]
Get:2 http://127.0.0.1:12990/debian sid/main Sources.diff/Index [734 B]
Ign:2 http://127.0.0.1:12990/debian sid/main Sources.diff/Index
Get:3 http://127.0.0.1:12990/debian sid/main amd64 Packages.diff/Index [734 B]
Ign:3 http://127.0.0.1:12990/debian sid/main amd64 Packages.diff/Index
Get:4 http://127.0.0.1:12990/debian sid/main Translation-en [6391 kB]
Get:5 http://127.0.0.1:12990/debian sid/main Sources [8989 kB]
Get:6 http://127.0.0.1:12990/debian sid/main amd64 Packages [8492 kB]
Fetched 24.0 MB in 3s (6885 kB/s)
Reading package lists...
+ apt-get install --yes --no-install-recommends --force-yes clang-10 libomp-10-dev libobjc-9-dev
Reading package lists...
Building dependency tree...
The following additional packages will be installed:
  lib32gcc-s1 lib32stdc++6 libasan5 libbsd0 libc6-i386 libclang-common-10-dev
  libclang-cpp10 libclang1-10 libedit2 libgc1 libgcc-9-dev libllvm10
  libobjc-10-dev libobjc4 libomp5-10 libz3-4
Suggested packages:
  clang-10-doc libomp-10-doc
Recommended packages:
  llvm-10-dev python3
The following NEW packages will be installed:
  clang-10 lib32gcc-s1 lib32stdc++6 libasan5 libbsd0 libc6-i386
  libclang-common-10-dev libclang-cpp10 libclang1-10 libedit2 libgc1
  libgcc-9-dev libllvm10 libobjc-10-dev libobjc-9-dev libobjc4 libomp-10-dev
  libomp5-10 libz3-4
0 upgraded, 19 newly installed, 0 to remove and 1 not upgraded.
Need to get 52.3 MB of archives.
After this operation, 274 MB of additional disk space will be used.
Get:1 http://127.0.0.1:12990/debian sid/main amd64 libbsd0 amd64 0.10.0-1 [107 kB]
Get:2 http://127.0.0.1:12990/debian sid/main amd64 libedit2 amd64 3.1-20191231-1 [95.4 kB]
Get:3 http://127.0.0.1:12990/debian sid/main amd64 libz3-4 amd64 4.8.9-1 [6783 kB]
Get:4 http://127.0.0.1:12990/debian sid/main amd64 libllvm10 amd64 1:10.0.1-7 [16.6 MB]
Get:5 http://127.0.0.1:12990/debian sid/main amd64 libclang-cpp10 amd64 1:10.0.1-7 [9069 kB]
Get:6 http://127.0.0.1:12990/debian sid/main amd64 libgc1 amd64 1:8.0.4-2.1 [239 kB]
Get:7 http://127.0.0.1:12990/debian sid/main amd64 libobjc4 amd64 10.2.0-15 [41.6 kB]
Get:8 http://127.0.0.1:12990/debian sid/main amd64 libobjc-10-dev amd64 10.2.0-15 [170 kB]
Get:9 http://127.0.0.1:12990/debian sid/main amd64 libc6-i386 amd64 2.31-4 [2815 kB]
Get:10 http://127.0.0.1:12990/debian sid/main amd64 lib32gcc-s1 amd64 10.2.0-15 [49.4 kB]
Get:11 http://127.0.0.1:12990/debian sid/main amd64 lib32stdc++6 amd64 10.2.0-15 [511 kB]
Get:12 http://127.0.0.1:12990/debian sid/main amd64 libclang-common-10-dev amd64 1:10.0.1-7 [5062 kB]
Get:13 http://127.0.0.1:12990/debian sid/main amd64 libclang1-10 amd64 1:10.0.1-7 [7293 kB]
Get:14 http://127.0.0.1:12990/debian sid/main amd64 clang-10 amd64 1:10.0.1-7 [106 kB]
Get:15 http://127.0.0.1:12990/debian sid/main amd64 libasan5 amd64 9.3.0-18 [390 kB]
Get:16 http://127.0.0.1:12990/debian sid/main amd64 libgcc-9-dev amd64 9.3.0-18 [2347 kB]
Get:17 http://127.0.0.1:12990/debian sid/main amd64 libobjc-9-dev amd64 9.3.0-18 [220 kB]
Get:18 http://127.0.0.1:12990/debian sid/main amd64 libomp5-10 amd64 1:10.0.1-7 [339 kB]
Get:19 http://127.0.0.1:12990/debian sid/main amd64 libomp-10-dev amd64 1:10.0.1-7 [86.6 kB]
debconf: delaying package configuration, since apt-utils is not installed
Fetched 52.3 MB in 0s (145 MB/s)
Selecting previously unselected package libbsd0:amd64.
(Reading database ... (Reading database ... 5%(Reading database ... 10%(Reading database ... 15%(Reading database ... 20%(Reading database ... 25%(Reading database ... 30%(Reading database ... 35%(Reading database ... 40%(Reading database ... 45%(Reading database ... 50%(Reading database ... 55%(Reading database ... 60%(Reading database ... 65%(Reading database ... 70%(Reading database ... 75%(Reading database ... 80%(Reading database ... 85%(Reading database ... 90%(Reading database ... 95%(Reading database ... 100%(Reading database ... 12312 files and directories currently installed.)
Preparing to unpack .../00-libbsd0_0.10.0-1_amd64.deb ...
Unpacking libbsd0:amd64 (0.10.0-1) ...
Selecting previously unselected package libedit2:amd64.
Preparing to unpack .../01-libedit2_3.1-20191231-1_amd64.deb ...
Unpacking libedit2:amd64 (3.1-20191231-1) ...
Selecting previously unselected package libz3-4:amd64.
Preparing to unpack .../02-libz3-4_4.8.9-1_amd64.deb ...
Unpacking libz3-4:amd64 (4.8.9-1) ...
Selecting previously unselected package libllvm10:amd64.
Preparing to unpack .../03-libllvm10_1%3a10.0.1-7_amd64.deb ...
Unpacking libllvm10:amd64 (1:10.0.1-7) ...
Selecting previously unselected package libclang-cpp10.
Preparing to unpack .../04-libclang-cpp10_1%3a10.0.1-7_amd64.deb ...
Unpacking libclang-cpp10 (1:10.0.1-7) ...
Selecting previously unselected package libgc1:amd64.
Preparing to unpack .../05-libgc1_1%3a8.0.4-2.1_amd64.deb ...
Unpacking libgc1:amd64 (1:8.0.4-2.1) ...
Selecting previously unselected package libobjc4:amd64.
Preparing to unpack .../06-libobjc4_10.2.0-15_amd64.deb ...
Unpacking libobjc4:amd64 (10.2.0-15) ...
Selecting previously unselected package libobjc-10-dev:amd64.
Preparing to unpack .../07-libobjc-10-dev_10.2.0-15_amd64.deb ...
Unpacking libobjc-10-dev:amd64 (10.2.0-15) ...
Selecting previously unselected package libc6-i386.
Preparing to unpack .../08-libc6-i386_2.31-4_amd64.deb ...
Unpacking libc6-i386 (2.31-4) ...
Selecting previously unselected package lib32gcc-s1.
Preparing to unpack .../09-lib32gcc-s1_10.2.0-15_amd64.deb ...
Unpacking lib32gcc-s1 (10.2.0-15) ...
Selecting previously unselected package lib32stdc++6.
Preparing to unpack .../10-lib32stdc++6_10.2.0-15_amd64.deb ...
Unpacking lib32stdc++6 (10.2.0-15) ...
Selecting previously unselected package libclang-common-10-dev.
Preparing to unpack .../11-libclang-common-10-dev_1%3a10.0.1-7_amd64.deb ...
Unpacking libclang-common-10-dev (1:10.0.1-7) ...
Selecting previously unselected package libclang1-10.
Preparing to unpack .../12-libclang1-10_1%3a10.0.1-7_amd64.deb ...
Unpacking libclang1-10 (1:10.0.1-7) ...
Selecting previously unselected package clang-10.
Preparing to unpack .../13-clang-10_1%3a10.0.1-7_amd64.deb ...
Unpacking clang-10 (1:10.0.1-7) ...
Selecting previously unselected package libasan5:amd64.
Preparing to unpack .../14-libasan5_9.3.0-18_amd64.deb ...
Unpacking libasan5:amd64 (9.3.0-18) ...
Selecting previously unselected package libgcc-9-dev:amd64.
Preparing to unpack .../15-libgcc-9-dev_9.3.0-18_amd64.deb ...
Unpacking libgcc-9-dev:amd64 (9.3.0-18) ...
Selecting previously unselected package libobjc-9-dev:amd64.
Preparing to unpack .../16-libobjc-9-dev_9.3.0-18_amd64.deb ...
Unpacking libobjc-9-dev:amd64 (9.3.0-18) ...
Selecting previously unselected package libomp5-10:amd64.
Preparing to unpack .../17-libomp5-10_1%3a10.0.1-7_amd64.deb ...
Unpacking libomp5-10:amd64 (1:10.0.1-7) ...
Selecting previously unselected package libomp-10-dev.
Preparing to unpack .../18-libomp-10-dev_1%3a10.0.1-7_amd64.deb ...
Unpacking libomp-10-dev (1:10.0.1-7) ...
Setting up libasan5:amd64 (9.3.0-18) ...
Setting up libz3-4:amd64 (4.8.9-1) ...
Setting up libgc1:amd64 (1:8.0.4-2.1) ...
Setting up libomp5-10:amd64 (1:10.0.1-7) ...
Setting up libc6-i386 (2.31-4) ...
Setting up libbsd0:amd64 (0.10.0-1) ...
Setting up libomp-10-dev (1:10.0.1-7) ...
Setting up libedit2:amd64 (3.1-20191231-1) ...
Setting up libobjc4:amd64 (10.2.0-15) ...
Setting up libllvm10:amd64 (1:10.0.1-7) ...
Setting up libgcc-9-dev:amd64 (9.3.0-18) ...
Setting up lib32gcc-s1 (10.2.0-15) ...
Setting up lib32stdc++6 (10.2.0-15) ...
Setting up libclang1-10 (1:10.0.1-7) ...
Setting up libobjc-9-dev:amd64 (9.3.0-18) ...
Setting up libobjc-10-dev:amd64 (10.2.0-15) ...
Setting up libclang-common-10-dev (1:10.0.1-7) ...
Setting up libclang-cpp10 (1:10.0.1-7) ...
Setting up clang-10 (1:10.0.1-7) ...
Processing triggers for libc-bin (2.31-4) ...
W: --force-yes is deprecated, use one of the options starting with --allow instead.
+ echo 'Replace gcc, g++ & cpp by clang'
Replace gcc, g++ & cpp by clang
+ VERSIONS='4.6 4.7 4.8 4.9 5 6 7 8 9 10'
+ cd /usr/bin
+ for VERSION in $VERSIONS
+ rm -f g++-4.6 gcc-4.6 cpp-4.6 gcc
+ ln -s clang++-10 g++-4.6
+ ln -s clang-10 gcc-4.6
+ ln -s clang-10 cpp-4.6
+ ln -s clang-10 gcc
+ echo 'gcc-4.6 hold'
+ dpkg --set-selections
dpkg: warning: package not in status nor available database at line 1: gcc-4.6
dpkg: warning: found unknown packages; this might mean the available database
is outdated, and needs to be updated through a frontend method;
please see the FAQ <https://wiki.debian.org/Teams/Dpkg/FAQ>
+ echo 'g++-4.6 hold'
+ dpkg --set-selections
dpkg: warning: package not in status nor available database at line 1: g++-4.6
dpkg: warning: found unknown packages; this might mean the available database
is outdated, and needs to be updated through a frontend method;
please see the FAQ <https://wiki.debian.org/Teams/Dpkg/FAQ>
+ for VERSION in $VERSIONS
+ rm -f g++-4.7 gcc-4.7 cpp-4.7 gcc
+ ln -s clang++-10 g++-4.7
+ ln -s clang-10 gcc-4.7
+ ln -s clang-10 cpp-4.7
+ ln -s clang-10 gcc
+ echo 'gcc-4.7 hold'
+ dpkg --set-selections
dpkg: warning: package not in status nor available database at line 1: gcc-4.7
dpkg: warning: found unknown packages; this might mean the available database
is outdated, and needs to be updated through a frontend method;
please see the FAQ <https://wiki.debian.org/Teams/Dpkg/FAQ>
+ echo 'g++-4.7 hold'
+ dpkg --set-selections
dpkg: warning: package not in status nor available database at line 1: g++-4.7
dpkg: warning: found unknown packages; this might mean the available database
is outdated, and needs to be updated through a frontend method;
please see the FAQ <https://wiki.debian.org/Teams/Dpkg/FAQ>
+ for VERSION in $VERSIONS
+ rm -f g++-4.8 gcc-4.8 cpp-4.8 gcc
+ ln -s clang++-10 g++-4.8
+ ln -s clang-10 gcc-4.8
+ ln -s clang-10 cpp-4.8
+ ln -s clang-10 gcc
+ echo 'gcc-4.8 hold'
+ dpkg --set-selections
dpkg: warning: package not in status nor available database at line 1: gcc-4.8
dpkg: warning: found unknown packages; this might mean the available database
is outdated, and needs to be updated through a frontend method;
please see the FAQ <https://wiki.debian.org/Teams/Dpkg/FAQ>
+ echo 'g++-4.8 hold'
+ dpkg --set-selections
dpkg: warning: package not in status nor available database at line 1: g++-4.8
dpkg: warning: found unknown packages; this might mean the available database
is outdated, and needs to be updated through a frontend method;
please see the FAQ <https://wiki.debian.org/Teams/Dpkg/FAQ>
+ for VERSION in $VERSIONS
+ rm -f g++-4.9 gcc-4.9 cpp-4.9 gcc
+ ln -s clang++-10 g++-4.9
+ ln -s clang-10 gcc-4.9
+ ln -s clang-10 cpp-4.9
+ ln -s clang-10 gcc
+ echo 'gcc-4.9 hold'
+ dpkg --set-selections
dpkg: warning: package not in status nor available database at line 1: gcc-4.9
dpkg: warning: found unknown packages; this might mean the available database
is outdated, and needs to be updated through a frontend method;
please see the FAQ <https://wiki.debian.org/Teams/Dpkg/FAQ>
+ echo 'g++-4.9 hold'
+ dpkg --set-selections
dpkg: warning: package not in status nor available database at line 1: g++-4.9
dpkg: warning: found unknown packages; this might mean the available database
is outdated, and needs to be updated through a frontend method;
please see the FAQ <https://wiki.debian.org/Teams/Dpkg/FAQ>
+ for VERSION in $VERSIONS
+ rm -f g++-5 gcc-5 cpp-5 gcc
+ ln -s clang++-10 g++-5
+ ln -s clang-10 gcc-5
+ ln -s clang-10 cpp-5
+ ln -s clang-10 gcc
+ echo 'gcc-5 hold'
+ dpkg --set-selections
dpkg: warning: package not in status nor available database at line 1: gcc-5
dpkg: warning: found unknown packages; this might mean the available database
is outdated, and needs to be updated through a frontend method;
please see the FAQ <https://wiki.debian.org/Teams/Dpkg/FAQ>
+ echo 'g++-5 hold'
+ dpkg --set-selections
dpkg: warning: package not in status nor available database at line 1: g++-5
dpkg: warning: found unknown packages; this might mean the available database
is outdated, and needs to be updated through a frontend method;
please see the FAQ <https://wiki.debian.org/Teams/Dpkg/FAQ>
+ for VERSION in $VERSIONS
+ rm -f g++-6 gcc-6 cpp-6 gcc
+ ln -s clang++-10 g++-6
+ ln -s clang-10 gcc-6
+ ln -s clang-10 cpp-6
+ ln -s clang-10 gcc
+ echo 'gcc-6 hold'
+ dpkg --set-selections
dpkg: warning: package not in status nor available database at line 1: gcc-6
dpkg: warning: found unknown packages; this might mean the available database
is outdated, and needs to be updated through a frontend method;
please see the FAQ <https://wiki.debian.org/Teams/Dpkg/FAQ>
+ echo 'g++-6 hold'
+ dpkg --set-selections
dpkg: warning: package not in status nor available database at line 1: g++-6
dpkg: warning: found unknown packages; this might mean the available database
is outdated, and needs to be updated through a frontend method;
please see the FAQ <https://wiki.debian.org/Teams/Dpkg/FAQ>
+ for VERSION in $VERSIONS
+ rm -f g++-7 gcc-7 cpp-7 gcc
+ ln -s clang++-10 g++-7
+ ln -s clang-10 gcc-7
+ ln -s clang-10 cpp-7
+ ln -s clang-10 gcc
+ echo 'gcc-7 hold'
+ dpkg --set-selections
dpkg: warning: package not in status nor available database at line 1: gcc-7
dpkg: warning: found unknown packages; this might mean the available database
is outdated, and needs to be updated through a frontend method;
please see the FAQ <https://wiki.debian.org/Teams/Dpkg/FAQ>
+ echo 'g++-7 hold'
+ dpkg --set-selections
dpkg: warning: package not in status nor available database at line 1: g++-7
dpkg: warning: found unknown packages; this might mean the available database
is outdated, and needs to be updated through a frontend method;
please see the FAQ <https://wiki.debian.org/Teams/Dpkg/FAQ>
+ for VERSION in $VERSIONS
+ rm -f g++-8 gcc-8 cpp-8 gcc
+ ln -s clang++-10 g++-8
+ ln -s clang-10 gcc-8
+ ln -s clang-10 cpp-8
+ ln -s clang-10 gcc
+ echo 'gcc-8 hold'
+ dpkg --set-selections
dpkg: warning: package not in status nor available database at line 1: gcc-8
dpkg: warning: found unknown packages; this might mean the available database
is outdated, and needs to be updated through a frontend method;
please see the FAQ <https://wiki.debian.org/Teams/Dpkg/FAQ>
+ echo 'g++-8 hold'
+ dpkg --set-selections
dpkg: warning: package not in status nor available database at line 1: g++-8
dpkg: warning: found unknown packages; this might mean the available database
is outdated, and needs to be updated through a frontend method;
please see the FAQ <https://wiki.debian.org/Teams/Dpkg/FAQ>
+ for VERSION in $VERSIONS
+ rm -f g++-9 gcc-9 cpp-9 gcc
+ ln -s clang++-10 g++-9
+ ln -s clang-10 gcc-9
+ ln -s clang-10 cpp-9
+ ln -s clang-10 gcc
+ echo 'gcc-9 hold'
+ dpkg --set-selections
dpkg: warning: package not in status nor available database at line 1: gcc-9
dpkg: warning: found unknown packages; this might mean the available database
is outdated, and needs to be updated through a frontend method;
please see the FAQ <https://wiki.debian.org/Teams/Dpkg/FAQ>
+ echo 'g++-9 hold'
+ dpkg --set-selections
dpkg: warning: package not in status nor available database at line 1: g++-9
dpkg: warning: found unknown packages; this might mean the available database
is outdated, and needs to be updated through a frontend method;
please see the FAQ <https://wiki.debian.org/Teams/Dpkg/FAQ>
+ for VERSION in $VERSIONS
+ rm -f g++-10 gcc-10 cpp-10 gcc
+ ln -s clang++-10 g++-10
+ ln -s clang-10 gcc-10
+ ln -s clang-10 cpp-10
+ ln -s clang-10 gcc
+ echo 'gcc-10 hold'
+ dpkg --set-selections
+ echo 'g++-10 hold'
+ dpkg --set-selections
+ cd -
/build/papi-lXh41U
+ echo 'Check if gcc, g++ & cpp are actually clang'
Check if gcc, g++ & cpp are actually clang
+ gcc --version
+ grep clang
+ cpp --version
+ grep clang
+ g++ --version
+ grep clang
+ cd /usr/bin/
+ rm -f clang++ clang
+ ln -s clang-10 clang++
+ ln -s clang-10 clang
+ clang++ --version
Debian clang version 10.0.1-7
Target: x86_64-pc-linux-gnu
Thread model: posix
InstalledDir: /usr/bin
+ clang --version
Debian clang version 10.0.1-7
Target: x86_64-pc-linux-gnu
Thread model: posix
InstalledDir: /usr/bin
+ cd -
/build/papi-lXh41U
+ apt install --yes --no-install-recommends --force-yes qt5-qmake

WARNING: apt does not have a stable CLI interface. Use with caution in scripts.

Reading package lists...
Building dependency tree...
Reading state information...
The following additional packages will be installed:
  qt5-qmake-bin qtchooser
The following NEW packages will be installed:
  qt5-qmake qt5-qmake-bin qtchooser
0 upgraded, 3 newly installed, 0 to remove and 1 not upgraded.
Need to get 1304 kB of archives.
After this operation, 4865 kB of additional disk space will be used.
Get:1 http://127.0.0.1:12990/debian sid/main amd64 qt5-qmake-bin amd64 5.14.2+dfsg-6 [1035 kB]
Get:2 http://127.0.0.1:12990/debian sid/main amd64 qtchooser amd64 66-2 [26.3 kB]
Get:3 http://127.0.0.1:12990/debian sid/main amd64 qt5-qmake amd64 5.14.2+dfsg-6 [242 kB]
debconf: delaying package configuration, since apt-utils is not installed
Fetched 1304 kB in 0s (55.4 MB/s)
Selecting previously unselected package qt5-qmake-bin.
(Reading database ... (Reading database ... 5%(Reading database ... 10%(Reading database ... 15%(Reading database ... 20%(Reading database ... 25%(Reading database ... 30%(Reading database ... 35%(Reading database ... 40%(Reading database ... 45%(Reading database ... 50%(Reading database ... 55%(Reading database ... 60%(Reading database ... 65%(Reading database ... 70%(Reading database ... 75%(Reading database ... 80%(Reading database ... 85%(Reading database ... 90%(Reading database ... 95%(Reading database ... 100%(Reading database ... 13315 files and directories currently installed.)
Preparing to unpack .../qt5-qmake-bin_5.14.2+dfsg-6_amd64.deb ...
Unpacking qt5-qmake-bin (5.14.2+dfsg-6) ...
Selecting previously unselected package qtchooser.
Preparing to unpack .../qtchooser_66-2_amd64.deb ...
Unpacking qtchooser (66-2) ...
Selecting previously unselected package qt5-qmake:amd64.
Preparing to unpack .../qt5-qmake_5.14.2+dfsg-6_amd64.deb ...
Unpacking qt5-qmake:amd64 (5.14.2+dfsg-6) ...
Setting up qt5-qmake-bin (5.14.2+dfsg-6) ...
Setting up qtchooser (66-2) ...
Setting up qt5-qmake:amd64 (5.14.2+dfsg-6) ...
W: --force-yes is deprecated, use one of the options starting with --allow instead.
+ cp /usr/lib/x86_64-linux-gnu/qt5/mkspecs/linux-clang/qmake.conf /usr/lib/x86_64-linux-gnu/qt5/mkspecs/linux-clang/qplatformdefs.h /usr/lib/x86_64-linux-gnu/qt5/mkspecs/linux-g++/
+ ls -al /usr/lib/x86_64-linux-gnu/qt5/mkspecs/linux-g++/
total 16
drwxr-xr-x  2 root root 4096 Oct 29 20:04 .
drwxr-xr-x 76 root root 4096 Oct 29 20:04 ..
-rw-r--r--  1 root root  276 Oct 29 20:04 qmake.conf
-rw-r--r--  1 root root 3218 Oct 29 20:04 qplatformdefs.h
+ cat /usr/lib/x86_64-linux-gnu/qt5/mkspecs/linux-g++/qmake.conf
#
# qmake configuration for linux-clang
#

MAKEFILE_GENERATOR = UNIX
CONFIG += incremental

QMAKE_INCREMENTAL_STYLE = sublib

include(../common/linux.conf)
include(../common/gcc-base-unix.conf)
include(../common/clang.conf)

QMAKE_LFLAGS += -ccc-gcc-name g++

load(qt_config)
+ export QMAKESPEC=/usr/lib/x86_64-linux-gnu/qt5/mkspecs/linux-clang/
+ QMAKESPEC=/usr/lib/x86_64-linux-gnu/qt5/mkspecs/linux-clang/
+ sed -i -e 's|compare_problem(2,|compare_problem(0,|g' /usr/bin/dpkg-gensymbols
+ sed -i -e 's|compare_problem(1,|compare_problem(0,|g' /usr/bin/dpkg-gensymbols
+ grep 'compare_problem(' /usr/bin/dpkg-gensymbols
        compare_problem(4, g_('new libraries appeared in the symbols file: %s'), "@libs");
        compare_problem(3, g_('some libraries disappeared in the symbols file: %s'), "@libs");
        compare_problem(0, g_('some new symbols appeared in the symbols file: %s'),
        compare_problem(0, g_('some symbols or patterns disappeared in the symbols file: %s'),

I: Finished running '/tmp/clang11'.

Finished processing commands.
--------------------------------------------------------------------------------
I: NOTICE: Log filtering will replace 'build/papi-lXh41U/resolver-jEUbiK' with '<<RESOLVERDIR>>'

+------------------------------------------------------------------------------+
| Update chroot                                                                |
+------------------------------------------------------------------------------+

Hit:1 http://127.0.0.1:12990/debian sid InRelease
Reading package lists...
Reading package lists...
Building dependency tree...
Reading state information...
Calculating upgrade...
The following packages will be upgraded:
  libdebconfclient0
1 upgraded, 0 newly installed, 0 to remove and 0 not upgraded.
Need to get 49.6 kB of archives.
After this operation, 0 B of additional disk space will be used.
Get:1 http://127.0.0.1:12990/debian sid/main amd64 libdebconfclient0 amd64 0.255 [49.6 kB]
debconf: delaying package configuration, since apt-utils is not installed
Fetched 49.6 kB in 0s (3549 kB/s)
(Reading database ... (Reading database ... 5%(Reading database ... 10%(Reading database ... 15%(Reading database ... 20%(Reading database ... 25%(Reading database ... 30%(Reading database ... 35%(Reading database ... 40%(Reading database ... 45%(Reading database ... 50%(Reading database ... 55%(Reading database ... 60%(Reading database ... 65%(Reading database ... 70%(Reading database ... 75%(Reading database ... 80%(Reading database ... 85%(Reading database ... 90%(Reading database ... 95%(Reading database ... 100%(Reading database ... 14056 files and directories currently installed.)
Preparing to unpack .../libdebconfclient0_0.255_amd64.deb ...
Unpacking libdebconfclient0:amd64 (0.255) over (0.254) ...
Setting up libdebconfclient0:amd64 (0.255) ...
Processing triggers for libc-bin (2.31-4) ...

+------------------------------------------------------------------------------+
| Fetch source files                                                           |
+------------------------------------------------------------------------------+


Check APT
---------

Checking available source versions...

Download source files with APT
------------------------------

Reading package lists...
NOTICE: 'papi' packaging is maintained in the 'Git' version control system at:
https://salsa.debian.org/hpc-team/papi.git
Please use:
git clone https://salsa.debian.org/hpc-team/papi.git
to retrieve the latest (possibly unreleased) updates to the package.
Need to get 1237 kB of source archives.
Get:1 http://127.0.0.1:12990/debian sid/main papi 6.0.0~dfsg-2 (dsc) [2200 B]
Get:2 http://127.0.0.1:12990/debian sid/main papi 6.0.0~dfsg-2 (tar) [1219 kB]
Get:3 http://127.0.0.1:12990/debian sid/main papi 6.0.0~dfsg-2 (diff) [16.1 kB]
Fetched 1237 kB in 0s (13.9 MB/s)
Download complete and in download only mode
I: NOTICE: Log filtering will replace 'build/papi-lXh41U/papi-6.0.0~dfsg' with '<<PKGBUILDDIR>>'
I: NOTICE: Log filtering will replace 'build/papi-lXh41U' with '<<BUILDDIR>>'

+------------------------------------------------------------------------------+
| Install package build dependencies                                           |
+------------------------------------------------------------------------------+


Setup apt archive
-----------------

Merged Build-Depends: debhelper-compat (= 12), dh-sequence-python3, libpfm4-dev (>= 4.10.1+git41), gfortran, build-essential, fakeroot
Filtered Build-Depends: debhelper-compat (= 12), dh-sequence-python3, libpfm4-dev (>= 4.10.1+git41), gfortran, build-essential, fakeroot
dpkg-deb: building package 'sbuild-build-depends-main-dummy' in '/<<RESOLVERDIR>>/apt_archive/sbuild-build-depends-main-dummy.deb'.
Ign:1 copy:/<<RESOLVERDIR>>/apt_archive ./ InRelease
Get:2 copy:/<<RESOLVERDIR>>/apt_archive ./ Release [957 B]
Ign:3 copy:/<<RESOLVERDIR>>/apt_archive ./ Release.gpg
Get:4 copy:/<<RESOLVERDIR>>/apt_archive ./ Sources [415 B]
Get:5 copy:/<<RESOLVERDIR>>/apt_archive ./ Packages [496 B]
Fetched 1868 B in 0s (0 B/s)
Reading package lists...
Reading package lists...

Install main build dependencies (apt-based resolver)
----------------------------------------------------

Installing build dependencies
Reading package lists...
Building dependency tree...
Reading state information...
The following additional packages will be installed:
  autoconf automake autopoint autotools-dev bsdextrautils debhelper
  dh-autoreconf dh-python dh-strip-nondeterminism dwz file gettext
  gettext-base gfortran gfortran-10 groff-base intltool-debian
  libarchive-zip-perl libcroco3 libdebhelper-perl libelf1 libexpat1
  libfile-stripnondeterminism-perl libgfortran-10-dev libgfortran5
  libglib2.0-0 libicu67 libmagic-mgc libmagic1 libncursesw6 libpfm4
  libpfm4-dev libpipeline1 libpython3-stdlib libpython3.8-minimal
  libpython3.8-stdlib libreadline8 libsigsegv2 libsqlite3-0
  libsub-override-perl libtool libuchardet0 libxml2 m4 man-db mime-support
  po-debconf python3 python3-distutils python3-lib2to3 python3-minimal
  python3.8 python3.8-minimal readline-common sensible-utils
Suggested packages:
  autoconf-archive gnu-standards autoconf-doc dh-make gettext-doc
  libasprintf-dev libgettextpo-dev gfortran-multilib gfortran-doc
  gfortran-10-multilib gfortran-10-doc libcoarrays-dev groff libtool-doc
  gcj-jdk m4-doc apparmor less www-browser libmail-box-perl python3-doc
  python3-tk python3-venv python3.8-venv python3.8-doc binfmt-support
  readline-doc
Recommended packages:
  curl | wget | lynx libarchive-cpio-perl libglib2.0-data shared-mime-info
  xdg-user-dirs libgpm2 libltdl-dev libmail-sendmail-perl
The following NEW packages will be installed:
  autoconf automake autopoint autotools-dev bsdextrautils debhelper
  dh-autoreconf dh-python dh-strip-nondeterminism dwz file gettext
  gettext-base gfortran gfortran-10 groff-base intltool-debian
  libarchive-zip-perl libcroco3 libdebhelper-perl libelf1 libexpat1
  libfile-stripnondeterminism-perl libgfortran-10-dev libgfortran5
  libglib2.0-0 libicu67 libmagic-mgc libmagic1 libncursesw6 libpfm4
  libpfm4-dev libpipeline1 libpython3-stdlib libpython3.8-minimal
  libpython3.8-stdlib libreadline8 libsigsegv2 libsqlite3-0
  libsub-override-perl libtool libuchardet0 libxml2 m4 man-db mime-support
  po-debconf python3 python3-distutils python3-lib2to3 python3-minimal
  python3.8 python3.8-minimal readline-common sbuild-build-depends-main-dummy
  sensible-utils
0 upgraded, 56 newly installed, 0 to remove and 0 not upgraded.
Need to get 36.7 MB of archives.
After this operation, 140 MB of additional disk space will be used.
Get:1 copy:/<<RESOLVERDIR>>/apt_archive ./ sbuild-build-depends-main-dummy 0.invalid.0 [924 B]
Get:2 http://127.0.0.1:12990/debian sid/main amd64 bsdextrautils amd64 2.36-3+b1 [140 kB]
Get:3 http://127.0.0.1:12990/debian sid/main amd64 libuchardet0 amd64 0.0.7-1 [67.8 kB]
Get:4 http://127.0.0.1:12990/debian sid/main amd64 groff-base amd64 1.22.4-5 [920 kB]
Get:5 http://127.0.0.1:12990/debian sid/main amd64 libpipeline1 amd64 1.5.3-1 [34.3 kB]
Get:6 http://127.0.0.1:12990/debian sid/main amd64 man-db amd64 2.9.3-2 [1314 kB]
Get:7 http://127.0.0.1:12990/debian sid/main amd64 libpython3.8-minimal amd64 3.8.6-1 [761 kB]
Get:8 http://127.0.0.1:12990/debian sid/main amd64 libexpat1 amd64 2.2.10-1 [96.9 kB]
Get:9 http://127.0.0.1:12990/debian sid/main amd64 python3.8-minimal amd64 3.8.6-1 [1863 kB]
Get:10 http://127.0.0.1:12990/debian sid/main amd64 python3-minimal amd64 3.8.6-1 [37.7 kB]
Get:11 http://127.0.0.1:12990/debian sid/main amd64 mime-support all 3.64 [37.8 kB]
Get:12 http://127.0.0.1:12990/debian sid/main amd64 libncursesw6 amd64 6.2+20200918-1 [132 kB]
Get:13 http://127.0.0.1:12990/debian sid/main amd64 readline-common all 8.0-4 [72.5 kB]
Get:14 http://127.0.0.1:12990/debian sid/main amd64 libreadline8 amd64 8.0-4 [160 kB]
Get:15 http://127.0.0.1:12990/debian sid/main amd64 libsqlite3-0 amd64 3.33.0-1 [790 kB]
Get:16 http://127.0.0.1:12990/debian sid/main amd64 libpython3.8-stdlib amd64 3.8.6-1 [1720 kB]
Get:17 http://127.0.0.1:12990/debian sid/main amd64 python3.8 amd64 3.8.6-1 [422 kB]
Get:18 http://127.0.0.1:12990/debian sid/main amd64 libpython3-stdlib amd64 3.8.6-1 [20.9 kB]
Get:19 http://127.0.0.1:12990/debian sid/main amd64 python3 amd64 3.8.6-1 [64.0 kB]
Get:20 http://127.0.0.1:12990/debian sid/main amd64 sensible-utils all 0.0.12+nmu1 [16.0 kB]
Get:21 http://127.0.0.1:12990/debian sid/main amd64 libmagic-mgc amd64 1:5.38-5 [262 kB]
Get:22 http://127.0.0.1:12990/debian sid/main amd64 libmagic1 amd64 1:5.38-5 [120 kB]
Get:23 http://127.0.0.1:12990/debian sid/main amd64 file amd64 1:5.38-5 [67.9 kB]
Get:24 http://127.0.0.1:12990/debian sid/main amd64 gettext-base amd64 0.19.8.1-10 [123 kB]
Get:25 http://127.0.0.1:12990/debian sid/main amd64 libsigsegv2 amd64 2.12-2 [32.8 kB]
Get:26 http://127.0.0.1:12990/debian sid/main amd64 m4 amd64 1.4.18-4 [203 kB]
Get:27 http://127.0.0.1:12990/debian sid/main amd64 autoconf all 2.69-11.1 [341 kB]
Get:28 http://127.0.0.1:12990/debian sid/main amd64 autotools-dev all 20180224.1 [77.0 kB]
Get:29 http://127.0.0.1:12990/debian sid/main amd64 automake all 1:1.16.2-4 [801 kB]
Get:30 http://127.0.0.1:12990/debian sid/main amd64 autopoint all 0.19.8.1-10 [435 kB]
Get:31 http://127.0.0.1:12990/debian sid/main amd64 libtool all 2.4.6-14 [513 kB]
Get:32 http://127.0.0.1:12990/debian sid/main amd64 dh-autoreconf all 19 [16.9 kB]
Get:33 http://127.0.0.1:12990/debian sid/main amd64 libdebhelper-perl all 13.2.1 [188 kB]
Get:34 http://127.0.0.1:12990/debian sid/main amd64 libarchive-zip-perl all 1.68-1 [104 kB]
Get:35 http://127.0.0.1:12990/debian sid/main amd64 libsub-override-perl all 0.09-2 [10.2 kB]
Get:36 http://127.0.0.1:12990/debian sid/main amd64 libfile-stripnondeterminism-perl all 1.9.0-1 [25.5 kB]
Get:37 http://127.0.0.1:12990/debian sid/main amd64 dh-strip-nondeterminism all 1.9.0-1 [15.2 kB]
Get:38 http://127.0.0.1:12990/debian sid/main amd64 libelf1 amd64 0.181-1 [164 kB]
Get:39 http://127.0.0.1:12990/debian sid/main amd64 dwz amd64 0.13-5 [151 kB]
Get:40 http://127.0.0.1:12990/debian sid/main amd64 libglib2.0-0 amd64 2.66.1-2 [1362 kB]
Get:41 http://127.0.0.1:12990/debian sid/main amd64 libicu67 amd64 67.1-4 [8624 kB]
Get:42 http://127.0.0.1:12990/debian sid/main amd64 libxml2 amd64 2.9.10+dfsg-6.1 [692 kB]
Get:43 http://127.0.0.1:12990/debian sid/main amd64 libcroco3 amd64 0.6.13-1 [146 kB]
Get:44 http://127.0.0.1:12990/debian sid/main amd64 gettext amd64 0.19.8.1-10 [1303 kB]
Get:45 http://127.0.0.1:12990/debian sid/main amd64 intltool-debian all 0.35.0+20060710.5 [26.8 kB]
Get:46 http://127.0.0.1:12990/debian sid/main amd64 po-debconf all 1.0.21 [248 kB]
Get:47 http://127.0.0.1:12990/debian sid/main amd64 debhelper all 13.2.1 [1007 kB]
Get:48 http://127.0.0.1:12990/debian sid/main amd64 python3-lib2to3 all 3.8.6-1 [78.4 kB]
Get:49 http://127.0.0.1:12990/debian sid/main amd64 python3-distutils all 3.8.6-1 [145 kB]
Get:50 http://127.0.0.1:12990/debian sid/main amd64 dh-python all 4.20200925 [98.3 kB]
Get:51 http://127.0.0.1:12990/debian sid/main amd64 libgfortran5 amd64 10.2.0-15 [728 kB]
Get:52 http://127.0.0.1:12990/debian sid/main amd64 libgfortran-10-dev amd64 10.2.0-15 [770 kB]
Get:53 http://127.0.0.1:12990/debian sid/main amd64 gfortran-10 amd64 10.2.0-15 [8441 kB]
Get:54 http://127.0.0.1:12990/debian sid/main amd64 gfortran amd64 4:10.2.0-1 [1432 B]
Get:55 http://127.0.0.1:12990/debian sid/main amd64 libpfm4 amd64 4.10.1+git44-ga2909cd-1 [272 kB]
Get:56 http://127.0.0.1:12990/debian sid/main amd64 libpfm4-dev amd64 4.10.1+git44-ga2909cd-1 [408 kB]
debconf: delaying package configuration, since apt-utils is not installed
Fetched 36.7 MB in 0s (147 MB/s)
Selecting previously unselected package bsdextrautils.
(Reading database ... 14056 files and directories currently installed.)
Preparing to unpack .../0-bsdextrautils_2.36-3+b1_amd64.deb ...
Unpacking bsdextrautils (2.36-3+b1) ...
Selecting previously unselected package libuchardet0:amd64.
Preparing to unpack .../1-libuchardet0_0.0.7-1_amd64.deb ...
Unpacking libuchardet0:amd64 (0.0.7-1) ...
Selecting previously unselected package groff-base.
Preparing to unpack .../2-groff-base_1.22.4-5_amd64.deb ...
Unpacking groff-base (1.22.4-5) ...
Selecting previously unselected package libpipeline1:amd64.
Preparing to unpack .../3-libpipeline1_1.5.3-1_amd64.deb ...
Unpacking libpipeline1:amd64 (1.5.3-1) ...
Selecting previously unselected package man-db.
Preparing to unpack .../4-man-db_2.9.3-2_amd64.deb ...
Unpacking man-db (2.9.3-2) ...
Selecting previously unselected package libpython3.8-minimal:amd64.
Preparing to unpack .../5-libpython3.8-minimal_3.8.6-1_amd64.deb ...
Unpacking libpython3.8-minimal:amd64 (3.8.6-1) ...
Selecting previously unselected package libexpat1:amd64.
Preparing to unpack .../6-libexpat1_2.2.10-1_amd64.deb ...
Unpacking libexpat1:amd64 (2.2.10-1) ...
Selecting previously unselected package python3.8-minimal.
Preparing to unpack .../7-python3.8-minimal_3.8.6-1_amd64.deb ...
Unpacking python3.8-minimal (3.8.6-1) ...
Setting up libpython3.8-minimal:amd64 (3.8.6-1) ...
Setting up libexpat1:amd64 (2.2.10-1) ...
Setting up python3.8-minimal (3.8.6-1) ...
Selecting previously unselected package python3-minimal.
(Reading database ... 14903 files and directories currently installed.)
Preparing to unpack .../0-python3-minimal_3.8.6-1_amd64.deb ...
Unpacking python3-minimal (3.8.6-1) ...
Selecting previously unselected package mime-support.
Preparing to unpack .../1-mime-support_3.64_all.deb ...
Unpacking mime-support (3.64) ...
Selecting previously unselected package libncursesw6:amd64.
Preparing to unpack .../2-libncursesw6_6.2+20200918-1_amd64.deb ...
Unpacking libncursesw6:amd64 (6.2+20200918-1) ...
Selecting previously unselected package readline-common.
Preparing to unpack .../3-readline-common_8.0-4_all.deb ...
Unpacking readline-common (8.0-4) ...
Selecting previously unselected package libreadline8:amd64.
Preparing to unpack .../4-libreadline8_8.0-4_amd64.deb ...
Unpacking libreadline8:amd64 (8.0-4) ...
Selecting previously unselected package libsqlite3-0:amd64.
Preparing to unpack .../5-libsqlite3-0_3.33.0-1_amd64.deb ...
Unpacking libsqlite3-0:amd64 (3.33.0-1) ...
Selecting previously unselected package libpython3.8-stdlib:amd64.
Preparing to unpack .../6-libpython3.8-stdlib_3.8.6-1_amd64.deb ...
Unpacking libpython3.8-stdlib:amd64 (3.8.6-1) ...
Selecting previously unselected package python3.8.
Preparing to unpack .../7-python3.8_3.8.6-1_amd64.deb ...
Unpacking python3.8 (3.8.6-1) ...
Selecting previously unselected package libpython3-stdlib:amd64.
Preparing to unpack .../8-libpython3-stdlib_3.8.6-1_amd64.deb ...
Unpacking libpython3-stdlib:amd64 (3.8.6-1) ...
Setting up python3-minimal (3.8.6-1) ...
Selecting previously unselected package python3.
(Reading database ... 15340 files and directories currently installed.)
Preparing to unpack .../00-python3_3.8.6-1_amd64.deb ...
Unpacking python3 (3.8.6-1) ...
Selecting previously unselected package sensible-utils.
Preparing to unpack .../01-sensible-utils_0.0.12+nmu1_all.deb ...
Unpacking sensible-utils (0.0.12+nmu1) ...
Selecting previously unselected package libmagic-mgc.
Preparing to unpack .../02-libmagic-mgc_1%3a5.38-5_amd64.deb ...
Unpacking libmagic-mgc (1:5.38-5) ...
Selecting previously unselected package libmagic1:amd64.
Preparing to unpack .../03-libmagic1_1%3a5.38-5_amd64.deb ...
Unpacking libmagic1:amd64 (1:5.38-5) ...
Selecting previously unselected package file.
Preparing to unpack .../04-file_1%3a5.38-5_amd64.deb ...
Unpacking file (1:5.38-5) ...
Selecting previously unselected package gettext-base.
Preparing to unpack .../05-gettext-base_0.19.8.1-10_amd64.deb ...
Unpacking gettext-base (0.19.8.1-10) ...
Selecting previously unselected package libsigsegv2:amd64.
Preparing to unpack .../06-libsigsegv2_2.12-2_amd64.deb ...
Unpacking libsigsegv2:amd64 (2.12-2) ...
Selecting previously unselected package m4.
Preparing to unpack .../07-m4_1.4.18-4_amd64.deb ...
Unpacking m4 (1.4.18-4) ...
Selecting previously unselected package autoconf.
Preparing to unpack .../08-autoconf_2.69-11.1_all.deb ...
Unpacking autoconf (2.69-11.1) ...
Selecting previously unselected package autotools-dev.
Preparing to unpack .../09-autotools-dev_20180224.1_all.deb ...
Unpacking autotools-dev (20180224.1) ...
Selecting previously unselected package automake.
Preparing to unpack .../10-automake_1%3a1.16.2-4_all.deb ...
Unpacking automake (1:1.16.2-4) ...
Selecting previously unselected package autopoint.
Preparing to unpack .../11-autopoint_0.19.8.1-10_all.deb ...
Unpacking autopoint (0.19.8.1-10) ...
Selecting previously unselected package libtool.
Preparing to unpack .../12-libtool_2.4.6-14_all.deb ...
Unpacking libtool (2.4.6-14) ...
Selecting previously unselected package dh-autoreconf.
Preparing to unpack .../13-dh-autoreconf_19_all.deb ...
Unpacking dh-autoreconf (19) ...
Selecting previously unselected package libdebhelper-perl.
Preparing to unpack .../14-libdebhelper-perl_13.2.1_all.deb ...
Unpacking libdebhelper-perl (13.2.1) ...
Selecting previously unselected package libarchive-zip-perl.
Preparing to unpack .../15-libarchive-zip-perl_1.68-1_all.deb ...
Unpacking libarchive-zip-perl (1.68-1) ...
Selecting previously unselected package libsub-override-perl.
Preparing to unpack .../16-libsub-override-perl_0.09-2_all.deb ...
Unpacking libsub-override-perl (0.09-2) ...
Selecting previously unselected package libfile-stripnondeterminism-perl.
Preparing to unpack .../17-libfile-stripnondeterminism-perl_1.9.0-1_all.deb ...
Unpacking libfile-stripnondeterminism-perl (1.9.0-1) ...
Selecting previously unselected package dh-strip-nondeterminism.
Preparing to unpack .../18-dh-strip-nondeterminism_1.9.0-1_all.deb ...
Unpacking dh-strip-nondeterminism (1.9.0-1) ...
Selecting previously unselected package libelf1:amd64.
Preparing to unpack .../19-libelf1_0.181-1_amd64.deb ...
Unpacking libelf1:amd64 (0.181-1) ...
Selecting previously unselected package dwz.
Preparing to unpack .../20-dwz_0.13-5_amd64.deb ...
Unpacking dwz (0.13-5) ...
Selecting previously unselected package libglib2.0-0:amd64.
Preparing to unpack .../21-libglib2.0-0_2.66.1-2_amd64.deb ...
Unpacking libglib2.0-0:amd64 (2.66.1-2) ...
Selecting previously unselected package libicu67:amd64.
Preparing to unpack .../22-libicu67_67.1-4_amd64.deb ...
Unpacking libicu67:amd64 (67.1-4) ...
Selecting previously unselected package libxml2:amd64.
Preparing to unpack .../23-libxml2_2.9.10+dfsg-6.1_amd64.deb ...
Unpacking libxml2:amd64 (2.9.10+dfsg-6.1) ...
Selecting previously unselected package libcroco3:amd64.
Preparing to unpack .../24-libcroco3_0.6.13-1_amd64.deb ...
Unpacking libcroco3:amd64 (0.6.13-1) ...
Selecting previously unselected package gettext.
Preparing to unpack .../25-gettext_0.19.8.1-10_amd64.deb ...
Unpacking gettext (0.19.8.1-10) ...
Selecting previously unselected package intltool-debian.
Preparing to unpack .../26-intltool-debian_0.35.0+20060710.5_all.deb ...
Unpacking intltool-debian (0.35.0+20060710.5) ...
Selecting previously unselected package po-debconf.
Preparing to unpack .../27-po-debconf_1.0.21_all.deb ...
Unpacking po-debconf (1.0.21) ...
Selecting previously unselected package debhelper.
Preparing to unpack .../28-debhelper_13.2.1_all.deb ...
Unpacking debhelper (13.2.1) ...
Selecting previously unselected package python3-lib2to3.
Preparing to unpack .../29-python3-lib2to3_3.8.6-1_all.deb ...
Unpacking python3-lib2to3 (3.8.6-1) ...
Selecting previously unselected package python3-distutils.
Preparing to unpack .../30-python3-distutils_3.8.6-1_all.deb ...
Unpacking python3-distutils (3.8.6-1) ...
Selecting previously unselected package dh-python.
Preparing to unpack .../31-dh-python_4.20200925_all.deb ...
Unpacking dh-python (4.20200925) ...
Selecting previously unselected package libgfortran5:amd64.
Preparing to unpack .../32-libgfortran5_10.2.0-15_amd64.deb ...
Unpacking libgfortran5:amd64 (10.2.0-15) ...
Selecting previously unselected package libgfortran-10-dev:amd64.
Preparing to unpack .../33-libgfortran-10-dev_10.2.0-15_amd64.deb ...
Unpacking libgfortran-10-dev:amd64 (10.2.0-15) ...
Selecting previously unselected package gfortran-10.
Preparing to unpack .../34-gfortran-10_10.2.0-15_amd64.deb ...
Unpacking gfortran-10 (10.2.0-15) ...
Selecting previously unselected package gfortran.
Preparing to unpack .../35-gfortran_4%3a10.2.0-1_amd64.deb ...
Unpacking gfortran (4:10.2.0-1) ...
Selecting previously unselected package libpfm4:amd64.
Preparing to unpack .../36-libpfm4_4.10.1+git44-ga2909cd-1_amd64.deb ...
Unpacking libpfm4:amd64 (4.10.1+git44-ga2909cd-1) ...
Selecting previously unselected package libpfm4-dev:amd64.
Preparing to unpack .../37-libpfm4-dev_4.10.1+git44-ga2909cd-1_amd64.deb ...
Unpacking libpfm4-dev:amd64 (4.10.1+git44-ga2909cd-1) ...
Selecting previously unselected package sbuild-build-depends-main-dummy.
Preparing to unpack .../38-sbuild-build-depends-main-dummy_0.invalid.0_amd64.deb ...
Unpacking sbuild-build-depends-main-dummy (0.invalid.0) ...
Setting up libpipeline1:amd64 (1.5.3-1) ...
Setting up mime-support (3.64) ...
Setting up bsdextrautils (2.36-3+b1) ...
update-alternatives: using /usr/bin/write.ul to provide /usr/bin/write (write) in auto mode
Setting up libicu67:amd64 (67.1-4) ...
Setting up libmagic-mgc (1:5.38-5) ...
Setting up libarchive-zip-perl (1.68-1) ...
Setting up libglib2.0-0:amd64 (2.66.1-2) ...
No schema files found: doing nothing.
Setting up libdebhelper-perl (13.2.1) ...
Setting up libsqlite3-0:amd64 (3.33.0-1) ...
Setting up libmagic1:amd64 (1:5.38-5) ...
Setting up gettext-base (0.19.8.1-10) ...
Setting up file (1:5.38-5) ...
Setting up autotools-dev (20180224.1) ...
Setting up libpfm4:amd64 (4.10.1+git44-ga2909cd-1) ...
Setting up libsigsegv2:amd64 (2.12-2) ...
Setting up autopoint (0.19.8.1-10) ...
Setting up libncursesw6:amd64 (6.2+20200918-1) ...
Setting up libgfortran5:amd64 (10.2.0-15) ...
Setting up sensible-utils (0.0.12+nmu1) ...
Setting up libuchardet0:amd64 (0.0.7-1) ...
Setting up libsub-override-perl (0.09-2) ...
Setting up libgfortran-10-dev:amd64 (10.2.0-15) ...
Setting up libelf1:amd64 (0.181-1) ...
Setting up readline-common (8.0-4) ...
Setting up libxml2:amd64 (2.9.10+dfsg-6.1) ...
Setting up libfile-stripnondeterminism-perl (1.9.0-1) ...
Setting up libtool (2.4.6-14) ...
Setting up libpfm4-dev:amd64 (4.10.1+git44-ga2909cd-1) ...
Setting up libreadline8:amd64 (8.0-4) ...
Setting up m4 (1.4.18-4) ...
Setting up gfortran-10 (10.2.0-15) ...
Setting up libcroco3:amd64 (0.6.13-1) ...
Setting up autoconf (2.69-11.1) ...
Setting up dh-strip-nondeterminism (1.9.0-1) ...
Setting up dwz (0.13-5) ...
Setting up groff-base (1.22.4-5) ...
Setting up libpython3.8-stdlib:amd64 (3.8.6-1) ...
Setting up python3.8 (3.8.6-1) ...
Setting up libpython3-stdlib:amd64 (3.8.6-1) ...
Setting up automake (1:1.16.2-4) ...
update-alternatives: using /usr/bin/automake-1.16 to provide /usr/bin/automake (automake) in auto mode
Setting up gettext (0.19.8.1-10) ...
Setting up python3 (3.8.6-1) ...
Setting up man-db (2.9.3-2) ...
Not building database; man-db/auto-update is not 'true'.
Setting up gfortran (4:10.2.0-1) ...
update-alternatives: using /usr/bin/gfortran to provide /usr/bin/f95 (f95) in auto mode
update-alternatives: using /usr/bin/gfortran to provide /usr/bin/f77 (f77) in auto mode
Setting up intltool-debian (0.35.0+20060710.5) ...
Setting up python3-lib2to3 (3.8.6-1) ...
Setting up python3-distutils (3.8.6-1) ...
Setting up dh-python (4.20200925) ...
Setting up po-debconf (1.0.21) ...
Setting up debhelper (13.2.1) ...
Setting up dh-autoreconf (19) ...
Setting up sbuild-build-depends-main-dummy (0.invalid.0) ...
Processing triggers for libc-bin (2.31-4) ...

+------------------------------------------------------------------------------+
| Check architectures                                                          |
+------------------------------------------------------------------------------+

Arch check ok (amd64 included in any all)

+------------------------------------------------------------------------------+
| Build environment                                                            |
+------------------------------------------------------------------------------+

Kernel: Linux 4.19.0-6-cloud-amd64 #1 SMP Debian 4.19.67-2+deb10u2 (2019-11-11) amd64 (x86_64)
Toolchain package versions: binutils_2.35.1-2 dpkg-dev_1.20.5 g++-10_10.2.0-15 gcc-10_10.2.0-15 libc6-dev_2.31-4 libstdc++-10-dev_10.2.0-15 libstdc++6_10.2.0-15 linux-libc-dev_5.9.1-1
Package versions: adduser_3.118 apt_2.1.11 autoconf_2.69-11.1 automake_1:1.16.2-4 autopoint_0.19.8.1-10 autotools-dev_20180224.1 base-files_11 base-passwd_3.5.48 bash_5.1~rc1-2 binutils_2.35.1-2 binutils-common_2.35.1-2 binutils-x86-64-linux-gnu_2.35.1-2 bsdextrautils_2.36-3+b1 bsdutils_1:2.36-3+b1 build-essential_12.8 bzip2_1.0.8-4 clang-10_1:10.0.1-7 coreutils_8.32-4+b1 cpp_4:10.2.0-1 cpp-10_10.2.0-15 dash_0.5.10.2-7 debconf_1.5.74 debhelper_13.2.1 debian-archive-keyring_2019.1 debianutils_4.11.2 dh-autoreconf_19 dh-python_4.20200925 dh-strip-nondeterminism_1.9.0-1 diffutils_1:3.7-3 dpkg_1.20.5 dpkg-dev_1.20.5 dwz_0.13-5 e2fsprogs_1.45.6-1 fakeroot_1.25.3-1 file_1:5.38-5 findutils_4.7.0+git20201010-2 g++_4:10.2.0-1 g++-10_10.2.0-15 gcc_4:10.2.0-1 gcc-10_10.2.0-15 gcc-10-base_10.2.0-15 gcc-9-base_9.3.0-18 gettext_0.19.8.1-10 gettext-base_0.19.8.1-10 gfortran_4:10.2.0-1 gfortran-10_10.2.0-15 gpgv_2.2.20-1 grep_3.4-1 groff-base_1.22.4-5 gzip_1.10-2 hostname_3.23 init-system-helpers_1.58 intltool-debian_0.35.0+20060710.5 lib32gcc-s1_10.2.0-15 lib32stdc++6_10.2.0-15 libacl1_2.2.53-8 libapt-pkg6.0_2.1.11 libarchive-zip-perl_1.68-1 libasan5_9.3.0-18 libasan6_10.2.0-15 libatomic1_10.2.0-15 libattr1_1:2.4.48-5 libaudit-common_1:2.8.5-3.1 libaudit1_1:2.8.5-3.1 libbinutils_2.35.1-2 libblkid1_2.36-3+b1 libbsd0_0.10.0-1 libbz2-1.0_1.0.8-4 libc-bin_2.31-4 libc-dev-bin_2.31-4 libc6_2.31-4 libc6-dev_2.31-4 libc6-i386_2.31-4 libcap-ng0_0.7.9-2.2 libcc1-0_10.2.0-15 libclang-common-10-dev_1:10.0.1-7 libclang-cpp10_1:10.0.1-7 libclang1-10_1:10.0.1-7 libcom-err2_1.45.6-1 libcroco3_0.6.13-1 libcrypt-dev_1:4.4.17-1 libcrypt1_1:4.4.17-1 libctf-nobfd0_2.35.1-2 libctf0_2.35.1-2 libdb5.3_5.3.28+dfsg1-0.6 libdebconfclient0_0.255 libdebhelper-perl_13.2.1 libdpkg-perl_1.20.5 libedit2_3.1-20191231-1 libelf1_0.181-1 libexpat1_2.2.10-1 libext2fs2_1.45.6-1 libfakeroot_1.25.3-1 libffi7_3.3-4 libfile-stripnondeterminism-perl_1.9.0-1 libgc1_1:8.0.4-2.1 libgcc-10-dev_10.2.0-15 libgcc-9-dev_9.3.0-18 libgcc-s1_10.2.0-15 libgcrypt20_1.8.7-2 libgdbm-compat4_1.18.1-5.1 libgdbm6_1.18.1-5.1 libgfortran-10-dev_10.2.0-15 libgfortran5_10.2.0-15 libglib2.0-0_2.66.1-2 libgmp10_2:6.2.0+dfsg-6 libgnutls30_3.6.15-4 libgomp1_10.2.0-15 libgpg-error0_1.38-2 libgssapi-krb5-2_1.17-10 libhogweed6_3.6-2 libicu67_67.1-4 libidn2-0_2.3.0-1 libisl22_0.22.1-1 libitm1_10.2.0-15 libk5crypto3_1.17-10 libkeyutils1_1.6.1-2 libkrb5-3_1.17-10 libkrb5support0_1.17-10 libllvm10_1:10.0.1-7 liblsan0_10.2.0-15 liblz4-1_1.9.2-2 liblzma5_5.2.4-1+b1 libmagic-mgc_1:5.38-5 libmagic1_1:5.38-5 libmount1_2.36-3+b1 libmpc3_1.2.0-1 libmpfr6_4.1.0-3 libncursesw6_6.2+20200918-1 libnettle8_3.6-2 libnsl-dev_1.3.0-2 libnsl2_1.3.0-2 libnss-nis_3.1-4 libnss-nisplus_1.3-4 libobjc-10-dev_10.2.0-15 libobjc-9-dev_9.3.0-18 libobjc4_10.2.0-15 libomp-10-dev_1:10.0.1-7 libomp5-10_1:10.0.1-7 libp11-kit0_0.23.21-2 libpam-modules_1.3.1-5 libpam-modules-bin_1.3.1-5 libpam-runtime_1.3.1-5 libpam0g_1.3.1-5 libpcre2-8-0_10.34-7 libpcre3_2:8.39-13 libperl5.30_5.30.3-4 libpfm4_4.10.1+git44-ga2909cd-1 libpfm4-dev_4.10.1+git44-ga2909cd-1 libpipeline1_1.5.3-1 libpython3-stdlib_3.8.6-1 libpython3.8-minimal_3.8.6-1 libpython3.8-stdlib_3.8.6-1 libquadmath0_10.2.0-15 libreadline8_8.0-4 libseccomp2_2.4.4-1+b1 libselinux1_3.1-2+b1 libsemanage-common_3.1-1 libsemanage1_3.1-1+b1 libsepol1_3.1-1 libsigsegv2_2.12-2 libsmartcols1_2.36-3+b1 libsqlite3-0_3.33.0-1 libss2_1.45.6-1 libssl1.1_1.1.1h-1 libstdc++-10-dev_10.2.0-15 libstdc++6_10.2.0-15 libsub-override-perl_0.09-2 libsystemd0_246.6-2 libtasn1-6_4.16.0-2 libtinfo6_6.2+20200918-1 libtirpc-common_1.2.6-3 libtirpc-dev_1.2.6-3 libtirpc3_1.2.6-3 libtool_2.4.6-14 libtsan0_10.2.0-15 libubsan1_10.2.0-15 libuchardet0_0.0.7-1 libudev1_246.6-2 libunistring2_0.9.10-4 libuuid1_2.36-3+b1 libxml2_2.9.10+dfsg-6.1 libz3-4_4.8.9-1 libzstd1_1.4.5+dfsg-4 linux-libc-dev_5.9.1-1 login_1:4.8.1-1 logsave_1.45.6-1 lsb-base_11.1.0 m4_1.4.18-4 make_4.3-4 man-db_2.9.3-2 mawk_1.3.4.20200120-2 mime-support_3.64 mount_2.36-3+b1 ncurses-base_6.2+20200918-1 ncurses-bin_6.2+20200918-1 passwd_1:4.8.1-1 patch_2.7.6-6 perl_5.30.3-4 perl-base_5.30.3-4 perl-modules-5.30_5.30.3-4 po-debconf_1.0.21 python3_3.8.6-1 python3-distutils_3.8.6-1 python3-lib2to3_3.8.6-1 python3-minimal_3.8.6-1 python3.8_3.8.6-1 python3.8-minimal_3.8.6-1 qt5-qmake_5.14.2+dfsg-6 qt5-qmake-bin_5.14.2+dfsg-6 qtchooser_66-2 readline-common_8.0-4 sbuild-build-depends-main-dummy_0.invalid.0 sed_4.7-1 sensible-utils_0.0.12+nmu1 sysvinit-utils_2.96-5 tar_1.30+dfsg-7 tzdata_2020d-1 util-linux_2.36-3+b1 xz-utils_5.2.4-1+b1 zlib1g_1:1.2.11.dfsg-2

+------------------------------------------------------------------------------+
| Build                                                                        |
+------------------------------------------------------------------------------+


Unpack source
-------------

-----BEGIN PGP SIGNED MESSAGE-----
Hash: SHA256

Format: 3.0 (quilt)
Source: papi
Binary: libpapi6.0, libpapi-dev, papi-tools, papi-examples
Architecture: any all
Version: 6.0.0~dfsg-2
Maintainer: Debian HPC Team <debian-hpc@lists.debian.org>
Uploaders:  Vincent Danjean <vdanjean@debian.org>, Andreas Beckmann <anbe@debian.org>
Homepage: https://icl.utk.edu/papi/software/index.html
Standards-Version: 4.5.0
Vcs-Browser: https://salsa.debian.org/hpc-team/papi
Vcs-Git: https://salsa.debian.org/hpc-team/papi.git
Build-Depends: debhelper-compat (= 12), dh-sequence-python3, libpfm4-dev (>= 4.10.1+git41), gfortran
Package-List:
 libpapi-dev deb libdevel optional arch=any
 libpapi6.0 deb libs optional arch=any
 papi-examples deb devel optional arch=all
 papi-tools deb devel optional arch=any
Checksums-Sha1:
 fe86885d3bf8d0bddf2f9132fd6e27c79c9104ac 1219084 papi_6.0.0~dfsg.orig.tar.xz
 e5c6cee52ca70d7e67ececf6d8925d4e46b9f2e8 16064 papi_6.0.0~dfsg-2.debian.tar.xz
Checksums-Sha256:
 75f98f980c0826f18f28afc488de19708e0c618e8a9300fd6a4945ea86cc576e 1219084 papi_6.0.0~dfsg.orig.tar.xz
 fbd9d82ca47ba30e35be89d9df0f8306483c28e045603445c3b225c616d6519f 16064 papi_6.0.0~dfsg-2.debian.tar.xz
Files:
 e0f603b34c05ae0ae70c46e4d290e2fe 1219084 papi_6.0.0~dfsg.orig.tar.xz
 f974dcb9a8596a30ed10f7ebe3f1875c 16064 papi_6.0.0~dfsg-2.debian.tar.xz

-----BEGIN PGP SIGNATURE-----

iQJEBAEBCAAuFiEE6/MKMKjZxjvaRMaUX7M/k1np7QgFAl6I7QkQHGFuYmVAZGVi
aWFuLm9yZwAKCRBfsz+TWentCF0/D/94ZyddsrOqZiHcct886z04SvveZ8LauduL
BqzPyL/uRcReVpOohSZpvOqtoJ2VqfG++U/EFw4IxK0XTOvBL5JbkZ0geZqfAk5z
9vx7c5zhX3I9fxfwcSDRZTf395MqcVTMVDksAqkXsBoNJsiOcRKIJzmamYlvVcbA
F6uiBAHxeK5ObTRRmJ4CZSJJjGmIEcDq098TUvdFHY2nbUdgIrlc9V0X7rtoV3lF
d0hYuWsiSP085C5OxImKoX08qkLffZLKdajpqpxjryNixBgFXJiBSOovEyL0krwb
J7u97W/XQcVZcbRnq1ejx3xZioAj06+xxQCYaxIWp+3Mj/GfUl7IPlAhOQfzLRTD
RsQDEZDb1Ygp11vaMl36vdAC80mAEe0G9Eqjgbn4DHBV/LXusuDZY8Y8PV/mlapx
oxnLcDIsDHyBqfXTVOdJA/4UaCirN7uPsQpcQ+9W/TbAhJNulHuvB9se2s+e+wp3
PEDnLmVLC4l1Jv84fVMkR493PbwIXmRrFKPOGMwXM5BqHel1jM1Nhn6MYpNgEzES
PfdV5EMoX35dR6ra6Zbrmegx3ApkfExXWACoG7jfQ1z01xgQVO5f2Or7l6t9k4oK
fg3hxFZHaDMgVSAPhIvtTUW3Jo5s6xtDnWU1YoeEU6gk9FOr5vRBq2wJUuV7zsX2
izqIrn7NRQ==
=BaHS
-----END PGP SIGNATURE-----

gpgv: unknown type of key resource 'trustedkeys.kbx'
gpgv: keyblock resource '/tmp/dpkg-verify-sig.axas2aN4/trustedkeys.kbx': General error
gpgv: Signature made Sat Apr  4 20:24:41 2020 UTC
gpgv:                using RSA key EBF30A30A8D9C63BDA44C6945FB33F9359E9ED08
gpgv:                issuer "anbe@debian.org"
gpgv: Can't check signature: No public key
dpkg-source: warning: failed to verify signature on ./papi_6.0.0~dfsg-2.dsc
dpkg-source: info: extracting papi in /<<PKGBUILDDIR>>
dpkg-source: info: unpacking papi_6.0.0~dfsg.orig.tar.xz
dpkg-source: info: unpacking papi_6.0.0~dfsg-2.debian.tar.xz
dpkg-source: info: using patch list from debian/patches/series
dpkg-source: info: applying fix-typos.patch
dpkg-source: info: applying for-debian-no-rpath.patch
dpkg-source: info: applying for-debian-do-not-embed-libpfm4.patch
dpkg-source: info: applying for-debian-fix-hyphenation.patch
dpkg-source: info: applying do-not-ignore-failures.patch
dpkg-source: info: applying man-section.patch

Check disk space
----------------

Sufficient free space for build

User Environment
----------------

APT_CONFIG=/var/lib/sbuild/apt.conf
HOME=/sbuild-nonexistent
LANG=C.UTF-8
LC_ALL=C.UTF-8
LOGNAME=user42
PATH=/usr/local/sbin:/usr/local/bin:/usr/sbin:/usr/bin:/sbin:/bin:/usr/games
SCHROOT_ALIAS_NAME=unstable
SCHROOT_CHROOT_NAME=sid-amd64-sbuild
SCHROOT_COMMAND=env
SCHROOT_GID=1001
SCHROOT_GROUP=user42
SCHROOT_SESSION_ID=sid-amd64-sbuild-8f473159-e366-44c6-ba2a-4c7d4ac682e5
SCHROOT_UID=1001
SCHROOT_USER=user42
SHELL=/bin/sh
USER=user42

dpkg-buildpackage
-----------------

Command: dpkg-buildpackage -us -uc -b -rfakeroot
dpkg-buildpackage: info: source package papi
dpkg-buildpackage: info: source version 6.0.0~dfsg-2
dpkg-buildpackage: info: source distribution unstable
dpkg-buildpackage: info: source changed by Andreas Beckmann <anbe@debian.org>
 dpkg-source --before-build .
dpkg-buildpackage: info: host architecture amd64
 debian/rules clean
rm -f debian/libpapi6.0.README.Debian debian/libpapi6.0.docs debian/libpapi6.0.install debian/libpapi6.0.symbols
dh clean --sourcedirectory=src
   dh_auto_clean -O--sourcedirectory=src
   dh_autoreconf_clean -O--sourcedirectory=src
   dh_clean -O--sourcedirectory=src
 debian/rules binary
dh binary --sourcedirectory=src
   dh_update_autotools_config -O--sourcedirectory=src
   dh_autoreconf -O--sourcedirectory=src
aclocal: warning: autoconf input should be named 'configure.ac', not 'configure.in'
   debian/rules override_dh_auto_configure
make[1]: Entering directory '/<<PKGBUILDDIR>>'
sed 's/@SOVERSION@/6.0/g' debian/libpapiSOVERSION.README.Debian > debian/libpapi6.0.README.Debian
sed 's/@SOVERSION@/6.0/g' debian/libpapiSOVERSION.docs > debian/libpapi6.0.docs
sed 's/@SOVERSION@/6.0/g' debian/libpapiSOVERSION.install > debian/libpapi6.0.install
sed 's/@SOVERSION@/6.0/g' debian/libpapiSOVERSION.symbols > debian/libpapi6.0.symbols
dh_auto_configure --sourcedirectory=src -- \
	--with-static-lib=yes \
	--with-shared-lib=yes \
	--with-shlib-tools \
	--with-perf-events \
	--with-pfm-incdir=/usr/include \
	--with-pfm-libdir=/usr/lib/x86_64-linux-gnu \
	CC=cc
	cd src && ./configure --build=x86_64-linux-gnu --prefix=/usr --includedir=\${prefix}/include --mandir=\${prefix}/share/man --infodir=\${prefix}/share/info --sysconfdir=/etc --localstatedir=/var --disable-option-checking --disable-silent-rules --libdir=\${prefix}/lib/x86_64-linux-gnu --runstatedir=/run --disable-maintainer-mode --disable-dependency-tracking --with-static-lib=yes --with-shared-lib=yes --with-shlib-tools --with-perf-events --with-pfm-incdir=/usr/include --with-pfm-libdir=/usr/lib/x86_64-linux-gnu CC=cc
checking for architecture... x86_64
checking for OS... linux
checking for OS version... 4.19.0-6-cloud-amd64
checking for perf_event workaround level... autodetect
checking for if MIC should be used... no
checking whether the C compiler works... yes
checking for C compiler default output file name... a.out
checking for suffix of executables... 
checking whether we are cross compiling... no
checking for suffix of object files... o
checking whether we are using the GNU C compiler... yes
checking whether cc accepts -g... yes
checking for cc option to accept ISO C89... none needed
checking for xlf... no
checking for ifort... no
checking for gfortran... gfortran
checking whether we are using the GNU Fortran 77 compiler... yes
checking whether gfortran accepts -g... yes
checking for mpicc... no
checking for gawk... no
checking for mawk... mawk
checking how to run the C preprocessor... cc -E
checking whether ln -s works... yes
checking whether make sets $(MAKE)... yes
checking for ranlib... ranlib
checking for grep that handles long lines and -e... /bin/grep
checking for egrep... /bin/grep -E
checking for ANSI C header files... yes
checking for sys/types.h... yes
checking for sys/stat.h... yes
checking for stdlib.h... yes
checking for string.h... yes
checking for memory.h... yes
checking for strings.h... yes
checking for inttypes.h... yes
checking for stdint.h... yes
checking for unistd.h... yes
checking minix/config.h usability... no
checking minix/config.h presence... no
checking for minix/config.h... no
checking whether it is safe to define __EXTENSIONS__... yes
checking for ANSI C header files... (cached) yes
checking for inline... inline
checking whether time.h and sys/time.h may both be included... yes
checking sys/time.h usability... yes
checking sys/time.h presence... yes
checking for sys/time.h... yes
checking c_asm.h usability... no
checking c_asm.h presence... no
checking for c_asm.h... no
checking intrinsics.h usability... no
checking intrinsics.h presence... no
checking for intrinsics.h... no
checking mach/mach_time.h usability... no
checking mach/mach_time.h presence... no
checking for mach/mach_time.h... no
checking sched.h usability... yes
checking sched.h presence... yes
checking for sched.h... yes
checking for gethrtime... no
checking for read_real_time... no
checking for time_base_to_time... no
checking for clock_gettime... yes
checking for mach_absolute_time... no
checking for sched_getcpu... yes
checking for timer_create and timer_*ettime symbols in base system... not found
checking for timer_create and timer_*ettime symbols in -lrt... found
checking for dlopen and dlerror symbols in base system... not found
checking for dlopen and dlerror symbols in -ldl... found
checking for debug build... 
checking for CPU type... x86
checking for ffsll... yes
checking for working gettid... yes
checking for working MMTIMER... no
checking for working CLOCK_REALTIME_HR POSIX 1b timer... no
checking for working CLOCK_REALTIME POSIX 1b timer... yes
checking for which real time clock to use... clock_realtime
checking for working __thread... yes
checking for high performance thread local storage... __thread
checking for working CLOCK_THREAD_CPUTIME_ID POSIX 1b timer... yes
checking for which virtual timer to use... clock_thread_cputime_id
checking for static user preset events... no
checking for static PAPI preset events... yes
checking for whether to build static library... yes
checking for whether to build shared library... yes
checking for static compile of tests and utilities... no
checking for linking with papi shared library of tests and utilities... yes
checking for /sys/class/perfctr... no
checking for /dev/perfctr... no
checking for /sys/kernel/perfmon/version... no
checking for /proc/perfmon... no
checking for /proc/sys/kernel/perf_event_paranoid... yes
checking for /usr/include/perfmon/perf_event.h... yes
checking for pfm_initialize in -lpfm... yes
checking perfmon/pfmlib.h usability... yes
checking perfmon/pfmlib.h presence... yes
checking for perfmon/pfmlib.h... yes
checking for pfm_get_event_description... no
checking for pfmlib_reg_t.reg_evt_idx... no
checking for pfmlib_output_param_t.pfp_pmd_count... no
checking for pfm_msg_t.type... no
checking platform... linux-pe
checking for components to build... perf_event perf_event_uncore
checking for PAPI event CSV filename to use... papi_events.csv
configure: Compiling genpapifdef with cc
configure: Generating fpapi.h
configure: Generating f77papi.h
configure: Generating f90papi.h
configure: Rules.pfm4_pe will be included in the generated Makefile
configure: creating ./config.status
config.status: creating Makefile
config.status: creating papi.pc
config.status: creating components/Makefile_comp_tests.target
config.status: creating testlib/Makefile.target
config.status: creating utils/Makefile.target
config.status: creating ctests/Makefile.target
config.status: creating ftests/Makefile.target
config.status: creating validation_tests/Makefile.target
config.status: creating config.h
# for reproducibility
sed -r -i '/^[CF]FLAGS/s/-fdebug-prefix-map=\S*\s*//' \
	src/ctests/Makefile.target \
	src/ftests/Makefile.target \
	src/testlib/Makefile.target \
	src/validation_tests/Makefile.target \
	src/components/Makefile_comp_tests.target
make[1]: Leaving directory '/<<PKGBUILDDIR>>'
   dh_auto_build -O--sourcedirectory=src
	cd src && make -j4
make[1]: Entering directory '/<<PKGBUILDDIR>>/src'
Host architecture   : Linux with perf_event kernel support and libpfm4
sh papi_events_table.sh papi_events.csv > papi_events_table.h
Host CPU component  : perf_event
cc -DPAPI_NO_MEMORY_MANAGEMENT -DSTATIC_PAPI_EVENTS_TABLE  -DUSE_PERFEVENT_RDPMC=1 -DPEINCLUDE=\"/usr/include/perfmon/perf_event.h\" -D_REENTRANT -D_GNU_SOURCE -DUSE_COMPILER_TLS -fvisibility=hidden -I. -g -O2 -fdebug-prefix-map=/<<PKGBUILDDIR>>=. -fstack-protector-strong -Wformat -Werror=format-security -Wdate-time -D_FORTIFY_SOURCE=2 -g  -DOSLOCK=\"linux-lock.h\" -DOSCONTEXT=\"linux-context.h\" -O2 -c components/perf_event/perf_event.c -o perf_event.o 
Installation DESTDIR: 
cc -DPAPI_NO_MEMORY_MANAGEMENT -DSTATIC_PAPI_EVENTS_TABLE  -DUSE_PERFEVENT_RDPMC=1 -DPEINCLUDE=\"/usr/include/perfmon/perf_event.h\" -D_REENTRANT -D_GNU_SOURCE -DUSE_COMPILER_TLS -fvisibility=hidden -I. -g -O2 -fdebug-prefix-map=/<<PKGBUILDDIR>>=. -fstack-protector-strong -Wformat -Werror=format-security -Wdate-time -D_FORTIFY_SOURCE=2 -g  -DOSLOCK=\"linux-lock.h\" -DOSCONTEXT=\"linux-context.h\" -O2 -c components/perf_event/pe_libpfm4_events.c -o pe_libpfm4_events.o 
Installation PREFIX : /usr
cc -DPAPI_NO_MEMORY_MANAGEMENT -DSTATIC_PAPI_EVENTS_TABLE  -DUSE_PERFEVENT_RDPMC=1 -DPEINCLUDE=\"/usr/include/perfmon/perf_event.h\" -D_REENTRANT -D_GNU_SOURCE -DUSE_COMPILER_TLS -fvisibility=hidden -I. -g -O2 -fdebug-prefix-map=/<<PKGBUILDDIR>>=. -fstack-protector-strong -Wformat -Werror=format-security -Wdate-time -D_FORTIFY_SOURCE=2 -g  -DOSLOCK=\"linux-lock.h\" -DOSCONTEXT=\"linux-context.h\" -O2 -Icomponents/perf_event/ -c components/perf_event_uncore/perf_event_uncore.c -o perf_event_uncore.o 
Installation EPREFIX: /usr
Installation INCDIR : /usr/include
Installation LIBDIR : /usr/lib/x86_64-linux-gnu
Installation BINDIR : /usr/bin
Installation MANDIR : /usr/share/man
Installation DOCDIR : /usr/share/doc/papi
Installation DATADIR: /usr/share/papi

make -C testlib
make[2]: Entering directory '/<<PKGBUILDDIR>>/src/testlib'
cc -I. -I.. -g -O2 -fstack-protector-strong -Wformat -Werror=format-security -Wdate-time -D_FORTIFY_SOURCE=2 -g  -O1  -c test_utils.c
gfortran -I. -I.. -g -O2 -fdebug-prefix-map=/<<PKGBUILDDIR>>=. -fstack-protector-strong -Wformat -Werror=format-security -Wdate-time -D_FORTIFY_SOURCE=2 -g   -g -O2 -fdebug-prefix-map=/<<PKGBUILDDIR>>=. -fstack-protector-strong -Dlinux -ffixed-line-length-132  -c ftests_util.F
f951: Warning: command-line option -Wformat=1 is valid for C/C++/ObjC/ObjC++ but not for Fortran
f951: Warning: -Werror= argument -Werror=format-security is not valid for Fortran
cc -E -Wdate-time -D_FORTIFY_SOURCE=2 -I/usr/include -DFORTRANUNDERSCORE papi_fwrappers.c > papi_fwrappers_.c
cc -E -Wdate-time -D_FORTIFY_SOURCE=2 -I/usr/include -DFORTRANDOUBLEUNDERSCORE papi_fwrappers.c > papi_fwrappers__.c
cc -E -Wdate-time -D_FORTIFY_SOURCE=2 -I/usr/include -DFORTRANCAPS papi_fwrappers.c > upper_PAPI_FWRAPPERS.c
cc -DPAPI_NO_MEMORY_MANAGEMENT -DSTATIC_PAPI_EVENTS_TABLE  -DUSE_PERFEVENT_RDPMC=1 -DPEINCLUDE=\"/usr/include/perfmon/perf_event.h\" -D_REENTRANT -D_GNU_SOURCE -DUSE_COMPILER_TLS -fvisibility=hidden -I. -g -O2 -fdebug-prefix-map=/<<PKGBUILDDIR>>=. -fstack-protector-strong -Wformat -Werror=format-security -Wdate-time -D_FORTIFY_SOURCE=2 -g  -DOSLOCK=\"linux-lock.h\" -DOSCONTEXT=\"linux-context.h\" -O2 -c x86_cpuid_info.c -o x86_cpuid_info.o
cc -DPAPI_NO_MEMORY_MANAGEMENT -DSTATIC_PAPI_EVENTS_TABLE  -DUSE_PERFEVENT_RDPMC=1 -DPEINCLUDE=\"/usr/include/perfmon/perf_event.h\" -D_REENTRANT -D_GNU_SOURCE -DUSE_COMPILER_TLS -fvisibility=hidden -I. -g -O2 -fdebug-prefix-map=/<<PKGBUILDDIR>>=. -fstack-protector-strong -Wformat -Werror=format-security -Wdate-time -D_FORTIFY_SOURCE=2 -g  -DOSLOCK=\"linux-lock.h\" -DOSCONTEXT=\"linux-context.h\" -O2 -c papi_libpfm4_events.c -o papi_libpfm4_events.o
cc -I. -I.. -g -O2 -fstack-protector-strong -Wformat -Werror=format-security -Wdate-time -D_FORTIFY_SOURCE=2 -g  -O1 -O0 -c do_loops.c
cc -I. -I.. -g -O2 -fstack-protector-strong -Wformat -Werror=format-security -Wdate-time -D_FORTIFY_SOURCE=2 -g  -O1  -c clockcore.c
cc -DPAPI_NO_MEMORY_MANAGEMENT -DSTATIC_PAPI_EVENTS_TABLE  -DUSE_PERFEVENT_RDPMC=1 -DPEINCLUDE=\"/usr/include/perfmon/perf_event.h\" -D_REENTRANT -D_GNU_SOURCE -DUSE_COMPILER_TLS -fvisibility=hidden -I. -g -O2 -fdebug-prefix-map=/<<PKGBUILDDIR>>=. -fstack-protector-strong -Wformat -Werror=format-security -Wdate-time -D_FORTIFY_SOURCE=2 -g  -DOSLOCK=\"linux-lock.h\" -DOSCONTEXT=\"linux-context.h\" -O2 -c papi.c -o papi.o
cc -DPAPI_NO_MEMORY_MANAGEMENT -DSTATIC_PAPI_EVENTS_TABLE  -DUSE_PERFEVENT_RDPMC=1 -DPEINCLUDE=\"/usr/include/perfmon/perf_event.h\" -D_REENTRANT -D_GNU_SOURCE -DUSE_COMPILER_TLS -fvisibility=hidden -I. -g -O2 -fdebug-prefix-map=/<<PKGBUILDDIR>>=. -fstack-protector-strong -Wformat -Werror=format-security -Wdate-time -D_FORTIFY_SOURCE=2 -g  -DOSLOCK=\"linux-lock.h\" -DOSCONTEXT=\"linux-context.h\" -O2 -c papi_internal.c -o papi_internal.o
ar  rv libtestlib.a test_utils.o ftests_util.o
ar: creating libtestlib.a
a - test_utils.o
a - ftests_util.o
make[2]: Leaving directory '/<<PKGBUILDDIR>>/src/testlib'
cc -DPAPI_NO_MEMORY_MANAGEMENT -DSTATIC_PAPI_EVENTS_TABLE  -DUSE_PERFEVENT_RDPMC=1 -DPEINCLUDE=\"/usr/include/perfmon/perf_event.h\" -D_REENTRANT -D_GNU_SOURCE -DUSE_COMPILER_TLS -fvisibility=hidden -I. -g -O2 -fdebug-prefix-map=/<<PKGBUILDDIR>>=. -fstack-protector-strong -Wformat -Werror=format-security -Wdate-time -D_FORTIFY_SOURCE=2 -g  -DOSLOCK=\"linux-lock.h\" -DOSCONTEXT=\"linux-context.h\" -O2 -c high-level/papi_hl.c -o papi_hl.o
cc -DPAPI_NO_MEMORY_MANAGEMENT -DSTATIC_PAPI_EVENTS_TABLE  -DUSE_PERFEVENT_RDPMC=1 -DPEINCLUDE=\"/usr/include/perfmon/perf_event.h\" -D_REENTRANT -D_GNU_SOURCE -DUSE_COMPILER_TLS -fvisibility=hidden -I. -g -O2 -fdebug-prefix-map=/<<PKGBUILDDIR>>=. -fstack-protector-strong -Wformat -Werror=format-security -Wdate-time -D_FORTIFY_SOURCE=2 -g  -DOSLOCK=\"linux-lock.h\" -DOSCONTEXT=\"linux-context.h\" -O2 -c extras.c -o extras.o
cc -DPAPI_NO_MEMORY_MANAGEMENT -DSTATIC_PAPI_EVENTS_TABLE  -DUSE_PERFEVENT_RDPMC=1 -DPEINCLUDE=\"/usr/include/perfmon/perf_event.h\" -D_REENTRANT -D_GNU_SOURCE -DUSE_COMPILER_TLS -fvisibility=hidden -I. -g -O2 -fdebug-prefix-map=/<<PKGBUILDDIR>>=. -fstack-protector-strong -Wformat -Werror=format-security -Wdate-time -D_FORTIFY_SOURCE=2 -g  -DOSLOCK=\"linux-lock.h\" -DOSCONTEXT=\"linux-context.h\" -O2 -c sw_multiplex.c -o sw_multiplex.o
cc -DPAPI_NO_MEMORY_MANAGEMENT -DSTATIC_PAPI_EVENTS_TABLE  -DUSE_PERFEVENT_RDPMC=1 -DPEINCLUDE=\"/usr/include/perfmon/perf_event.h\" -D_REENTRANT -D_GNU_SOURCE -DUSE_COMPILER_TLS -fvisibility=hidden -I. -g -O2 -fdebug-prefix-map=/<<PKGBUILDDIR>>=. -fstack-protector-strong -Wformat -Werror=format-security -Wdate-time -D_FORTIFY_SOURCE=2 -g  -DOSLOCK=\"linux-lock.h\" -DOSCONTEXT=\"linux-context.h\" -O2 -c papi_fwrappers.c -o papi_fwrappers.o
cc -DPAPI_NO_MEMORY_MANAGEMENT -DSTATIC_PAPI_EVENTS_TABLE  -DUSE_PERFEVENT_RDPMC=1 -DPEINCLUDE=\"/usr/include/perfmon/perf_event.h\" -D_REENTRANT -D_GNU_SOURCE -DUSE_COMPILER_TLS -fvisibility=hidden -I. -g -O2 -fdebug-prefix-map=/<<PKGBUILDDIR>>=. -fstack-protector-strong -Wformat -Werror=format-security -Wdate-time -D_FORTIFY_SOURCE=2 -g  -DOSLOCK=\"linux-lock.h\" -DOSCONTEXT=\"linux-context.h\" -O2 -c papi_fwrappers_.c -o papi_fwrappers_.o 
cc -DPAPI_NO_MEMORY_MANAGEMENT -DSTATIC_PAPI_EVENTS_TABLE  -DUSE_PERFEVENT_RDPMC=1 -DPEINCLUDE=\"/usr/include/perfmon/perf_event.h\" -D_REENTRANT -D_GNU_SOURCE -DUSE_COMPILER_TLS -fvisibility=hidden -I. -g -O2 -fdebug-prefix-map=/<<PKGBUILDDIR>>=. -fstack-protector-strong -Wformat -Werror=format-security -Wdate-time -D_FORTIFY_SOURCE=2 -g  -DOSLOCK=\"linux-lock.h\" -DOSCONTEXT=\"linux-context.h\" -O2 -c papi_fwrappers__.c -o papi_fwrappers__.o
cc -DPAPI_NO_MEMORY_MANAGEMENT -DSTATIC_PAPI_EVENTS_TABLE  -DUSE_PERFEVENT_RDPMC=1 -DPEINCLUDE=\"/usr/include/perfmon/perf_event.h\" -D_REENTRANT -D_GNU_SOURCE -DUSE_COMPILER_TLS -fvisibility=hidden -I. -g -O2 -fdebug-prefix-map=/<<PKGBUILDDIR>>=. -fstack-protector-strong -Wformat -Werror=format-security -Wdate-time -D_FORTIFY_SOURCE=2 -g  -DOSLOCK=\"linux-lock.h\" -DOSCONTEXT=\"linux-context.h\" -O2 -c upper_PAPI_FWRAPPERS.c -o upper_PAPI_FWRAPPERS.o
cc -DPAPI_NO_MEMORY_MANAGEMENT -DSTATIC_PAPI_EVENTS_TABLE  -DUSE_PERFEVENT_RDPMC=1 -DPEINCLUDE=\"/usr/include/perfmon/perf_event.h\" -D_REENTRANT -D_GNU_SOURCE -DUSE_COMPILER_TLS -fvisibility=hidden -I. -g -O2 -fdebug-prefix-map=/<<PKGBUILDDIR>>=. -fstack-protector-strong -Wformat -Werror=format-security -Wdate-time -D_FORTIFY_SOURCE=2 -g  -DOSLOCK=\"linux-lock.h\" -DOSCONTEXT=\"linux-context.h\" -O2 -c threads.c -o threads.o
cc -DPAPI_NO_MEMORY_MANAGEMENT -DSTATIC_PAPI_EVENTS_TABLE  -DUSE_PERFEVENT_RDPMC=1 -DPEINCLUDE=\"/usr/include/perfmon/perf_event.h\" -D_REENTRANT -D_GNU_SOURCE -DUSE_COMPILER_TLS -fvisibility=hidden -I. -g -O2 -fdebug-prefix-map=/<<PKGBUILDDIR>>=. -fstack-protector-strong -Wformat -Werror=format-security -Wdate-time -D_FORTIFY_SOURCE=2 -g  -DOSLOCK=\"linux-lock.h\" -DOSCONTEXT=\"linux-context.h\" -O2 -c cpus.c -o cpus.o
cc -DPAPI_NO_MEMORY_MANAGEMENT -DSTATIC_PAPI_EVENTS_TABLE  -DUSE_PERFEVENT_RDPMC=1 -DPEINCLUDE=\"/usr/include/perfmon/perf_event.h\" -D_REENTRANT -D_GNU_SOURCE -DUSE_COMPILER_TLS -fvisibility=hidden -I. -g -O2 -fdebug-prefix-map=/<<PKGBUILDDIR>>=. -fstack-protector-strong -Wformat -Werror=format-security -Wdate-time -D_FORTIFY_SOURCE=2 -g  -DOSLOCK=\"linux-lock.h\" -DOSCONTEXT=\"linux-context.h\" -O2 -c linux-memory.c -o linux-memory.o
cc -DPAPI_NO_MEMORY_MANAGEMENT -DSTATIC_PAPI_EVENTS_TABLE  -DUSE_PERFEVENT_RDPMC=1 -DPEINCLUDE=\"/usr/include/perfmon/perf_event.h\" -D_REENTRANT -D_GNU_SOURCE -DUSE_COMPILER_TLS -fvisibility=hidden -I. -g -O2 -fdebug-prefix-map=/<<PKGBUILDDIR>>=. -fstack-protector-strong -Wformat -Werror=format-security -Wdate-time -D_FORTIFY_SOURCE=2 -g  -DOSLOCK=\"linux-lock.h\" -DOSCONTEXT=\"linux-context.h\" -O2 -c linux-timer.c -o linux-timer.o
cc -DPAPI_NO_MEMORY_MANAGEMENT -DSTATIC_PAPI_EVENTS_TABLE  -DUSE_PERFEVENT_RDPMC=1 -DPEINCLUDE=\"/usr/include/perfmon/perf_event.h\" -D_REENTRANT -D_GNU_SOURCE -DUSE_COMPILER_TLS -fvisibility=hidden -I. -g -O2 -fdebug-prefix-map=/<<PKGBUILDDIR>>=. -fstack-protector-strong -Wformat -Werror=format-security -Wdate-time -D_FORTIFY_SOURCE=2 -g  -DOSLOCK=\"linux-lock.h\" -DOSCONTEXT=\"linux-context.h\" -O2 -c linux-common.c -o linux-common.o
cc -DPAPI_NO_MEMORY_MANAGEMENT -DSTATIC_PAPI_EVENTS_TABLE  -DUSE_PERFEVENT_RDPMC=1 -DPEINCLUDE=\"/usr/include/perfmon/perf_event.h\" -D_REENTRANT -D_GNU_SOURCE -DUSE_COMPILER_TLS -fvisibility=hidden -I. -g -O2 -fdebug-prefix-map=/<<PKGBUILDDIR>>=. -fstack-protector-strong -Wformat -Werror=format-security -Wdate-time -D_FORTIFY_SOURCE=2 -g  -DOSLOCK=\"linux-lock.h\" -DOSCONTEXT=\"linux-context.h\" -O2 -c papi_preset.c -o papi_preset.o
cc -DPAPI_NO_MEMORY_MANAGEMENT -DSTATIC_PAPI_EVENTS_TABLE  -DUSE_PERFEVENT_RDPMC=1 -DPEINCLUDE=\"/usr/include/perfmon/perf_event.h\" -D_REENTRANT -D_GNU_SOURCE -DUSE_COMPILER_TLS -fvisibility=hidden -I. -g -O2 -fdebug-prefix-map=/<<PKGBUILDDIR>>=. -fstack-protector-strong -Wformat -Werror=format-security -Wdate-time -D_FORTIFY_SOURCE=2 -g  -DOSLOCK=\"linux-lock.h\" -DOSCONTEXT=\"linux-context.h\" -O2 -c papi_vector.c -o papi_vector.o
cc -DPAPI_NO_MEMORY_MANAGEMENT -DSTATIC_PAPI_EVENTS_TABLE  -DUSE_PERFEVENT_RDPMC=1 -DPEINCLUDE=\"/usr/include/perfmon/perf_event.h\" -D_REENTRANT -D_GNU_SOURCE -DUSE_COMPILER_TLS -fvisibility=hidden -I. -g -O2 -fdebug-prefix-map=/<<PKGBUILDDIR>>=. -fstack-protector-strong -Wformat -Werror=format-security -Wdate-time -D_FORTIFY_SOURCE=2 -g  -DOSLOCK=\"linux-lock.h\" -DOSCONTEXT=\"linux-context.h\" -O2 -c papi_memory.c -o papi_memory.o
rm -f libpapi.so.6.0.0.0 libpapi.so libpapi.so.6.0
cc -fPIC -DPIC -shared -Wl,-soname -Wl,libpapi.so.6.0 -DPAPI_NO_MEMORY_MANAGEMENT -DSTATIC_PAPI_EVENTS_TABLE  -DUSE_PERFEVENT_RDPMC=1 -DPEINCLUDE=\"/usr/include/perfmon/perf_event.h\" -D_REENTRANT -D_GNU_SOURCE -DUSE_COMPILER_TLS -fvisibility=hidden -I. -g -O2 -fdebug-prefix-map=/<<PKGBUILDDIR>>=. -fstack-protector-strong -Wformat -Werror=format-security -Wdate-time -D_FORTIFY_SOURCE=2 -g  -DOSLOCK=\"linux-lock.h\" -DOSCONTEXT=\"linux-context.h\" -O2 x86_cpuid_info.c papi_libpfm4_events.c papi.c papi_internal.c high-level/papi_hl.c extras.c sw_multiplex.c papi_fwrappers.c papi_fwrappers_.c papi_fwrappers__.c upper_PAPI_FWRAPPERS.c threads.c cpus.c linux-memory.c linux-timer.c linux-common.c  papi_preset.c papi_vector.c papi_memory.c components/perf_event/perf_event.c components/perf_event/pe_libpfm4_events.c components/perf_event_uncore/perf_event_uncore.c  -o libpapi.so.6.0.0.0 -Bdynamic -L/usr/lib/x86_64-linux-gnu -lpfm -Wl,-z,relro -Wl,-z,now
rm -f libpapi.a
ar  rv libpapi.a x86_cpuid_info.o papi_libpfm4_events.o papi.o papi_internal.o papi_hl.o extras.o sw_multiplex.o papi_fwrappers.o papi_fwrappers_.o papi_fwrappers__.o upper_PAPI_FWRAPPERS.o threads.o cpus.o linux-memory.o linux-timer.o linux-common.o  papi_preset.o papi_vector.o papi_memory.o perf_event.o pe_libpfm4_events.o perf_event_uncore.o
ar: creating libpapi.a
a - x86_cpuid_info.o
a - papi_libpfm4_events.o
a - papi.o
a - papi_internal.o
a - papi_hl.o
a - extras.o
a - sw_multiplex.o
a - papi_fwrappers.o
a - papi_fwrappers_.o
a - papi_fwrappers__.o
a - upper_PAPI_FWRAPPERS.o
a - threads.o
a - cpus.o
a - linux-memory.o
a - linux-timer.o
a - linux-common.o
a - papi_preset.o
a - papi_vector.o
a - papi_memory.o
a - perf_event.o
a - pe_libpfm4_events.o
a - perf_event_uncore.o
ln -sf libpapi.so.6.0.0.0 libpapi.so
ln -sf libpapi.so.6.0.0.0 libpapi.so.6.0
make -C utils
make -C validation_tests
make -C ftests
+ make -C components/perf_event/tests
make[2]: Entering directory '/<<PKGBUILDDIR>>/src/utils'
cc -g -O2 -fdebug-prefix-map=/<<PKGBUILDDIR>>=. -fstack-protector-strong -Wformat -Werror=format-security -Wdate-time -D_FORTIFY_SOURCE=2 -g  -O2  -I../testlib -I.. -I. -c papi_avail.c
make[2]: Entering directory '/<<PKGBUILDDIR>>/src/validation_tests'
cc -g -O2 -fstack-protector-strong -Wformat -Werror=format-security -Wdate-time -D_FORTIFY_SOURCE=2 -g  -O2  -I../testlib -I.. -I. -c fp_validation_hl.c
make[2]: Entering directory '/<<PKGBUILDDIR>>/src/ftests'
gfortran -I../testlib -I. -I.. -g -O2 -fstack-protector-strong -Wformat -Werror=format-security -Wdate-time -D_FORTIFY_SOURCE=2 -g  -ffixed-line-length-132 -O1 strtest.F ../testlib/libtestlib.a ../libpapi.so.6.0.0.0 -Wl,-z,relro -Wl,-z,now -ldl -o strtest
make[2]: Entering directory '/<<PKGBUILDDIR>>/src/components/perf_event/tests'
cc -g -O2 -fstack-protector-strong -Wformat -Werror=format-security -Wdate-time -D_FORTIFY_SOURCE=2 -g  -O2 -I. -I/usr/include -I../../.. -I../../../testlib -I../../../validation_tests -c broken_events.c
f951: Warning: command-line option -Wformat=1 is valid for C/C++/ObjC/ObjC++ but not for Fortran
f951: Warning: -Werror= argument -Werror=format-security is not valid for Fortran
cc -g -O2 -fstack-protector-strong -Wformat -Werror=format-security -Wdate-time -D_FORTIFY_SOURCE=2 -g  -O2 -I. -I/usr/include -I../../.. -I../../../testlib -I../../../validation_tests -c event_name_lib.c
cc -I../testlib -I.. -I. -g -O2 -fstack-protector-strong -Wformat -Werror=format-security -Wdate-time -D_FORTIFY_SOURCE=2 -g  -O2  -c flops_testcode.c
cc -g -O2 -fstack-protector-strong -Wformat -Werror=format-security -Wdate-time -D_FORTIFY_SOURCE=2 -g  -O2 -I. -I/usr/include -I../../.. -I../../../testlib -I../../../validation_tests -c nmi_watchdog.c
gfortran -I../testlib -I. -I.. -g -O2 -fstack-protector-strong -Wformat -Werror=format-security -Wdate-time -D_FORTIFY_SOURCE=2 -g  -ffixed-line-length-132 -O1 zero.F ../testlib/libtestlib.a ../testlib/do_loops.o ../libpapi.so.6.0.0.0 -o zero -Wl,-z,relro -Wl,-z,now -ldl
f951: Warning: command-line option -Wformat=1 is valid for C/C++/ObjC/ObjC++ but not for Fortran
f951: Warning: -Werror= argument -Werror=format-security is not valid for Fortran
cc -g -O2 -fstack-protector-strong -Wformat -Werror=format-security -Wdate-time -D_FORTIFY_SOURCE=2 -g  -O2  -I../testlib -I.. -I. -c cycles_validation.c
cc -I../testlib -I.. -I. -g -O2 -fdebug-prefix-map=/<<PKGBUILDDIR>>=. -fstack-protector-strong -Wformat -Werror=format-security -Wdate-time -D_FORTIFY_SOURCE=2 -g  -O2  -c print_header.c
cc -g -O2 -fstack-protector-strong -Wformat -Werror=format-security -Wdate-time -D_FORTIFY_SOURCE=2 -g  -O2 -I. -I/usr/include -I../../.. -I../../../testlib -I../../../validation_tests -c perf_event_offcore_response.c
/usr/bin/ld: ../testlib/do_loops.o: relocation R_X86_64_32S against `.data' can not be used when making a PIE object; recompile with -fPIE
cc -I../testlib -I.. -I. -g -O2 -fstack-protector-strong -Wformat -Werror=format-security -Wdate-time -D_FORTIFY_SOURCE=2 -g  -O2  -c display_error.c
cc -g -O2 -fdebug-prefix-map=/<<PKGBUILDDIR>>=. -fstack-protector-strong -Wformat -Werror=format-security -Wdate-time -D_FORTIFY_SOURCE=2 -g  -O2  -I../testlib -I.. -I. -c papi_mem_info.c
cc -g -O2 -fstack-protector-strong -Wformat -Werror=format-security -Wdate-time -D_FORTIFY_SOURCE=2 -g  -O2 -I. -I/usr/include -I../../.. -I../../../testlib -I../../../validation_tests -c perf_event_system_wide.c
collect2: error: ld returned 1 exit status
make[2]: *** [Makefile.recipies:47: zero] Error 1
make[2]: Leaving directory '/<<PKGBUILDDIR>>/src/ftests'
make[1]: *** [Makefile.inc:245: ftests] Error 2
make[1]: *** Waiting for unfinished jobs....
cc -g -O2 -fstack-protector-strong -Wformat -Werror=format-security -Wdate-time -D_FORTIFY_SOURCE=2 -g  -O2 -I. -I/usr/include -I../../.. -I../../../testlib -I../../../validation_tests -c perf_event_user_kernel.c
cc -I../testlib -I.. -I. -g -O2 -fstack-protector-strong -Wformat -Werror=format-security -Wdate-time -D_FORTIFY_SOURCE=2 -g  -O2  -c instructions_testcode.c
cc -g -O2 -fdebug-prefix-map=/<<PKGBUILDDIR>>=. -fstack-protector-strong -Wformat -Werror=format-security -Wdate-time -D_FORTIFY_SOURCE=2 -g  -O2  -I../testlib -I.. -I. -c papi_cost.c
cc -g -O2 -fstack-protector-strong -Wformat -Werror=format-security -Wdate-time -D_FORTIFY_SOURCE=2 -g  -O2  -I../testlib -I.. -I. -c flops_validation.c
cc -I. -I/usr/include -I../../.. -I../../../testlib -I../../../validation_tests -o broken_events broken_events.o event_name_lib.o ../../../testlib/libtestlib.a ../../../libpapi.so.6.0.0.0 -Wl,-z,relro -Wl,-z,now -ldl
cc -I. -I/usr/include -I../../.. -I../../../testlib -I../../../validation_tests -o nmi_watchdog nmi_watchdog.o ../../../testlib/libtestlib.a ../../../libpapi.so.6.0.0.0 -Wl,-z,relro -Wl,-z,now -ldl
cc -I. -I/usr/include -I../../.. -I../../../testlib -I../../../validation_tests -o perf_event_offcore_response perf_event_offcore_response.o event_name_lib.o ../../../testlib/libtestlib.a ../../../testlib/do_loops.o ../../../libpapi.so.6.0.0.0 -Wl,-z,relro -Wl,-z,now -ldl
cc -I. -I/usr/include -I../../.. -I../../../testlib -I../../../validation_tests -o perf_event_system_wide perf_event_system_wide.o ../../../testlib/libtestlib.a ../../../testlib/do_loops.o ../../../libpapi.so.6.0.0.0 -Wl,-z,relro -Wl,-z,now -ldl
cc -I../testlib -I.. -I. -g -O2 -fstack-protector-strong -Wformat -Werror=format-security -Wdate-time -D_FORTIFY_SOURCE=2 -g  -O2  -c branches_testcode.c
cc -I. -I/usr/include -I../../.. -I../../../testlib -I../../../validation_tests -o perf_event_user_kernel perf_event_user_kernel.o event_name_lib.o ../../../testlib/libtestlib.a ../../../testlib/do_loops.o ../../../libpapi.so.6.0.0.0 -Wl,-z,relro -Wl,-z,now -ldl
cc -g -O2 -fstack-protector-strong -Wformat -Werror=format-security -Wdate-time -D_FORTIFY_SOURCE=2 -g  -O2  -I../testlib -I.. -I. -c papi_br_cn.c
cc -I../testlib -I.. -I. -g -O2 -fdebug-prefix-map=/<<PKGBUILDDIR>>=. -fstack-protector-strong -Wformat -Werror=format-security -Wdate-time -D_FORTIFY_SOURCE=2 -g  -O2  -c cost_utils.c
cc -g -O2 -fstack-protector-strong -Wformat -Werror=format-security -Wdate-time -D_FORTIFY_SOURCE=2 -g  -O2  -I../testlib -I.. -I. -c papi_br_ins.c
make[2]: Leaving directory '/<<PKGBUILDDIR>>/src/components/perf_event/tests'
+ make -C components/perf_event_uncore/tests
make[2]: Entering directory '/<<PKGBUILDDIR>>/src/components/perf_event_uncore/tests'
cc -g -O2 -fstack-protector-strong -Wformat -Werror=format-security -Wdate-time -D_FORTIFY_SOURCE=2 -g  -O2 -I. -I/usr/include -I../../.. -I../../../testlib -I../../../validation_tests -c -o perf_event_uncore.o perf_event_uncore.c
cc -g -O2 -fstack-protector-strong -Wformat -Werror=format-security -Wdate-time -D_FORTIFY_SOURCE=2 -g  -O2  -I../testlib -I.. -I. -c papi_br_msp.c
cc -g -O2 -fstack-protector-strong -Wformat -Werror=format-security -Wdate-time -D_FORTIFY_SOURCE=2 -g  -I. -I/usr/include -I../../.. -I../../../testlib -I../../../validation_tests -c perf_event_uncore_lib.c
cc -g -O2 -fstack-protector-strong -Wformat -Werror=format-security -Wdate-time -D_FORTIFY_SOURCE=2 -g  -O2  -I../testlib -I.. -I. -c papi_br_ntk.c
cc -g -O2 -fdebug-prefix-map=/<<PKGBUILDDIR>>=. -fstack-protector-strong -Wformat -Werror=format-security -Wdate-time -D_FORTIFY_SOURCE=2 -g  -O2  -I../testlib -I.. -I. -c papi_clockres.c
cc -g -O2 -fstack-protector-strong -Wformat -Werror=format-security -Wdate-time -D_FORTIFY_SOURCE=2 -g  -O2  -I../testlib -I.. -I. -c papi_br_prc.c
cc -g -O2 -fstack-protector-strong -Wformat -Werror=format-security -Wdate-time -D_FORTIFY_SOURCE=2 -g  -O2 -I. -I/usr/include -I../../.. -I../../../testlib -I../../../validation_tests -c -o perf_event_uncore_attach.o perf_event_uncore_attach.c
cc -g -O2 -fstack-protector-strong -Wformat -Werror=format-security -Wdate-time -D_FORTIFY_SOURCE=2 -g  -O2  -I../testlib -I.. -I. -c papi_br_tkn.c
cc -g -O2 -fdebug-prefix-map=/<<PKGBUILDDIR>>=. -fstack-protector-strong -Wformat -Werror=format-security -Wdate-time -D_FORTIFY_SOURCE=2 -g  -O2  -I../testlib -I.. -I. -c papi_native_avail.c
cc -g -O2 -fstack-protector-strong -Wformat -Werror=format-security -Wdate-time -D_FORTIFY_SOURCE=2 -g  -O2 -I. -I/usr/include -I../../.. -I../../../testlib -I../../../validation_tests -c -o perf_event_uncore_multiple.o perf_event_uncore_multiple.c
cc -g -O2 -fstack-protector-strong -Wformat -Werror=format-security -Wdate-time -D_FORTIFY_SOURCE=2 -g  -O2  -I../testlib -I.. -I. -c papi_br_ucn.c
cc -g -O2 -fstack-protector-strong -Wformat -Werror=format-security -Wdate-time -D_FORTIFY_SOURCE=2 -g  -O2 -I. -I/usr/include -I../../.. -I../../../testlib -I../../../validation_tests -c -o perf_event_amd_northbridge.o perf_event_amd_northbridge.c
cc -g -O2 -fstack-protector-strong -Wformat -Werror=format-security -Wdate-time -D_FORTIFY_SOURCE=2 -g  -O2  -I../testlib -I.. -I. -c papi_dp_ops.c
cc -g -O2 -fstack-protector-strong -Wformat -Werror=format-security -Wdate-time -D_FORTIFY_SOURCE=2 -g  -O2  -I../testlib -I.. -I. -c papi_fp_ops.c
cc -g -O2 -fstack-protector-strong -Wformat -Werror=format-security -Wdate-time -D_FORTIFY_SOURCE=2 -g  -O2 -I. -I/usr/include -I../../.. -I../../../testlib -I../../../validation_tests -c -o perf_event_uncore_cbox.o perf_event_uncore_cbox.c
cc -g -O2 -fstack-protector-strong -Wformat -Werror=format-security -Wdate-time -D_FORTIFY_SOURCE=2 -g  -O2  -I../testlib -I.. -I. -c papi_sp_ops.c
cc -I../testlib -I.. -I. -g -O2 -fdebug-prefix-map=/<<PKGBUILDDIR>>=. -fstack-protector-strong -Wformat -Werror=format-security -Wdate-time -D_FORTIFY_SOURCE=2 -g  -O2  -c papi_sde_interface.c
cc -g -O2 -fstack-protector-strong -Wformat -Werror=format-security -Wdate-time -D_FORTIFY_SOURCE=2 -g  -O2  -I../testlib -I.. -I. -c papi_hw_int.c
cc -g -O2 -fstack-protector-strong -Wformat -Werror=format-security -Wdate-time -D_FORTIFY_SOURCE=2 -g  -o perf_event_uncore perf_event_uncore.o perf_event_uncore_lib.o ../../../testlib/libtestlib.a ../../../testlib/do_loops.o ../../../libpapi.so.6.0.0.0 -Wl,-z,relro -Wl,-z,now -ldl
cc -g -O2 -fdebug-prefix-map=/<<PKGBUILDDIR>>=. -fstack-protector-strong -Wformat -Werror=format-security -Wdate-time -D_FORTIFY_SOURCE=2 -g  -O2  -I../testlib -I.. -I. -c papi_command_line.c
cc -g -O2 -fstack-protector-strong -Wformat -Werror=format-security -Wdate-time -D_FORTIFY_SOURCE=2 -g  -o perf_event_uncore_attach perf_event_uncore_attach.o perf_event_uncore_lib.o ../../../testlib/libtestlib.a ../../../testlib/do_loops.o ../../../libpapi.so.6.0.0.0 -Wl,-z,relro -Wl,-z,now -ldl
cc -g -O2 -fstack-protector-strong -Wformat -Werror=format-security -Wdate-time -D_FORTIFY_SOURCE=2 -g  -I. -I/usr/include -I../../.. -I../../../testlib -I../../../validation_tests -o perf_event_uncore_multiple perf_event_uncore_multiple.o perf_event_uncore_lib.o ../../../testlib/libtestlib.a ../../../testlib/do_loops.o ../../../libpapi.so.6.0.0.0 -Wl,-z,relro -Wl,-z,now -ldl 
cc -g -O2 -fstack-protector-strong -Wformat -Werror=format-security -Wdate-time -D_FORTIFY_SOURCE=2 -g  -O2  -I../testlib -I.. -I. -c papi_l1_dca.c
cc -I../testlib -I.. -I. -g -O2 -fstack-protector-strong -Wformat -Werror=format-security -Wdate-time -D_FORTIFY_SOURCE=2 -g  -O2  -c cache_testcode.c
cc -g -O2 -fstack-protector-strong -Wformat -Werror=format-security -Wdate-time -D_FORTIFY_SOURCE=2 -g  -o perf_event_amd_northbridge perf_event_amd_northbridge.o ../../../testlib/libtestlib.a ../../../testlib/do_loops.o ../../../libpapi.so.6.0.0.0 -Wl,-z,relro -Wl,-z,now -ldl
cc -g -O2 -fdebug-prefix-map=/<<PKGBUILDDIR>>=. -fstack-protector-strong -Wformat -Werror=format-security -Wdate-time -D_FORTIFY_SOURCE=2 -g  -O2  -I../testlib -I.. -I. -c papi_event_chooser.c
cc -g -O2 -fstack-protector-strong -Wformat -Werror=format-security -Wdate-time -D_FORTIFY_SOURCE=2 -g  -I. -I/usr/include -I../../.. -I../../../testlib -I../../../validation_tests -o perf_event_uncore_cbox perf_event_uncore_cbox.o perf_event_uncore_lib.o ../../../testlib/libtestlib.a ../../../testlib/do_loops.o ../../../libpapi.so.6.0.0.0 -Wl,-z,relro -Wl,-z,now -ldl
cc -I../testlib -I.. -I. -g -O2 -fstack-protector-strong -Wformat -Werror=format-security -Wdate-time -D_FORTIFY_SOURCE=2 -g  -O2  -c matrix_multiply.c
cc -g -O2 -fstack-protector-strong -Wformat -Werror=format-security -Wdate-time -D_FORTIFY_SOURCE=2 -g  -O2  -I../testlib -I.. -I. -c papi_l1_dcm.c
make[2]: Leaving directory '/<<PKGBUILDDIR>>/src/components/perf_event_uncore/tests'
cc -I../testlib -I.. -I. -g -O2 -fstack-protector-strong -Wformat -Werror=format-security -Wdate-time -D_FORTIFY_SOURCE=2 -g  -O2  -c cache_helper.c
cc -g -O2 -fstack-protector-strong -Wformat -Werror=format-security -Wdate-time -D_FORTIFY_SOURCE=2 -g  -O2  -I../testlib -I.. -I. -c papi_l2_dca.c
cc -g -O2 -fdebug-prefix-map=/<<PKGBUILDDIR>>=. -fstack-protector-strong -Wformat -Werror=format-security -Wdate-time -D_FORTIFY_SOURCE=2 -g  -O2  -I../testlib -I.. -I. -c papi_decode.c
cc -g -O2 -fstack-protector-strong -Wformat -Werror=format-security -Wdate-time -D_FORTIFY_SOURCE=2 -g  -O2  -I../testlib -I.. -I. -c papi_l2_dcm.c
cc -g -O2 -fstack-protector-strong -Wformat -Werror=format-security -Wdate-time -D_FORTIFY_SOURCE=2 -g  -O2  -I../testlib -I.. -I. -c papi_l2_dcr.c
cc -g -O2 -fdebug-prefix-map=/<<PKGBUILDDIR>>=. -fstack-protector-strong -Wformat -Werror=format-security -Wdate-time -D_FORTIFY_SOURCE=2 -g  -O2  -I../testlib -I.. -I. -c papi_xml_event_info.c
cc -g -O2 -fstack-protector-strong -Wformat -Werror=format-security -Wdate-time -D_FORTIFY_SOURCE=2 -g  -O2  -I../testlib -I.. -I. -c papi_l2_dcw.c
cc -g -O2 -fstack-protector-strong -Wformat -Werror=format-security -Wdate-time -D_FORTIFY_SOURCE=2 -g  -O2  -I../testlib -I.. -I. -c papi_ld_ins.c
cc -g -O2 -fstack-protector-strong -Wformat -Werror=format-security -Wdate-time -D_FORTIFY_SOURCE=2 -g  -O2  -I../testlib -I.. -I. -c papi_sr_ins.c
cc -g -O2 -fstack-protector-strong -Wformat -Werror=format-security -Wdate-time -D_FORTIFY_SOURCE=2 -g  -O2  -I../testlib -I.. -I. -c papi_ref_cyc.c
cc -g -O2 -fdebug-prefix-map=/<<PKGBUILDDIR>>=. -fstack-protector-strong -Wformat -Werror=format-security -Wdate-time -D_FORTIFY_SOURCE=2 -g  -O2  -I../testlib -I.. -I. -c papi_version.c
cc -g -O2 -fstack-protector-strong -Wformat -Werror=format-security -Wdate-time -D_FORTIFY_SOURCE=2 -g  -O2  -I../testlib -I.. -I. -c papi_tot_cyc.c
cc -g -O2 -fstack-protector-strong -Wformat -Werror=format-security -Wdate-time -D_FORTIFY_SOURCE=2 -g  -O2  -I../testlib -I.. -I. -c papi_tot_ins.c
cc -g -O2 -fdebug-prefix-map=/<<PKGBUILDDIR>>=. -fstack-protector-strong -Wformat -Werror=format-security -Wdate-time -D_FORTIFY_SOURCE=2 -g  -O2  -I../testlib -I.. -I. -c papi_multiplex_cost.c
cc -o fp_validation_hl fp_validation_hl.o ../testlib/libtestlib.a flops_testcode.o ../libpapi.so.6.0.0.0 -Wl,-z,relro -Wl,-z,now -ldl  -lrt -lpthread
cc -o cycles_validation cycles_validation.o ../testlib/libtestlib.a display_error.o instructions_testcode.o ../libpapi.so.6.0.0.0 -Wl,-z,relro -Wl,-z,now -ldl  -lrt
cc -o flops_validation flops_validation.o ../testlib/libtestlib.a display_error.o branches_testcode.o flops_testcode.o ../libpapi.so.6.0.0.0 -Wl,-z,relro -Wl,-z,now -ldl  -lrt
cc -o papi_br_cn papi_br_cn.o ../testlib/libtestlib.a display_error.o branches_testcode.o ../libpapi.so.6.0.0.0 -Wl,-z,relro -Wl,-z,now -ldl  -Wl,-z,relro -Wl,-z,now -ldl  -lrt
cc -o papi_br_ins papi_br_ins.o ../testlib/libtestlib.a display_error.o branches_testcode.o ../libpapi.so.6.0.0.0 -Wl,-z,relro -Wl,-z,now -ldl  -lrt
cc -g -O2 -fdebug-prefix-map=/<<PKGBUILDDIR>>=. -fstack-protector-strong -Wformat -Werror=format-security -Wdate-time -D_FORTIFY_SOURCE=2 -g  -O2  -I../testlib -I.. -I. -c papi_component_avail.c
cc -o papi_br_msp papi_br_msp.o ../testlib/libtestlib.a display_error.o branches_testcode.o ../libpapi.so.6.0.0.0 -Wl,-z,relro -Wl,-z,now -ldl  -lrt
cc -o papi_br_ntk papi_br_ntk.o ../testlib/libtestlib.a display_error.o branches_testcode.o ../libpapi.so.6.0.0.0 -Wl,-z,relro -Wl,-z,now -ldl  -lrt
cc -o papi_br_prc papi_br_prc.o ../testlib/libtestlib.a display_error.o branches_testcode.o ../libpapi.so.6.0.0.0 -Wl,-z,relro -Wl,-z,now -ldl  -lrt
cc -o papi_br_tkn papi_br_tkn.o ../testlib/libtestlib.a display_error.o branches_testcode.o ../libpapi.so.6.0.0.0 -Wl,-z,relro -Wl,-z,now -ldl  -lrt
cc -o papi_br_ucn papi_br_ucn.o ../testlib/libtestlib.a display_error.o branches_testcode.o ../libpapi.so.6.0.0.0 -Wl,-z,relro -Wl,-z,now -ldl  -lrt
cc -g -O2 -fdebug-prefix-map=/<<PKGBUILDDIR>>=. -fstack-protector-strong -Wformat -Werror=format-security -Wdate-time -D_FORTIFY_SOURCE=2 -g  -O2  -I../testlib -I.. -I. -c papi_error_codes.c
cc -o papi_dp_ops papi_dp_ops.o ../testlib/libtestlib.a display_error.o branches_testcode.o flops_testcode.o ../libpapi.so.6.0.0.0 -Wl,-z,relro -Wl,-z,now -ldl  -lrt
cc -o papi_fp_ops papi_fp_ops.o ../testlib/libtestlib.a display_error.o branches_testcode.o flops_testcode.o ../libpapi.so.6.0.0.0 -Wl,-z,relro -Wl,-z,now -ldl  -lrt
cc -o papi_sp_ops papi_sp_ops.o ../testlib/libtestlib.a display_error.o branches_testcode.o flops_testcode.o ../libpapi.so.6.0.0.0 -Wl,-z,relro -Wl,-z,now -ldl  -lrt
cc -o papi_avail papi_avail.o print_header.o ../libpapi.so.6.0.0.0 -Wl,-z,relro -Wl,-z,now -ldl 
cc -o papi_mem_info papi_mem_info.o ../libpapi.so.6.0.0.0 -Wl,-z,relro -Wl,-z,now -ldl 
cc -o papi_hw_int papi_hw_int.o ../testlib/libtestlib.a ../libpapi.so.6.0.0.0 -Wl,-z,relro -Wl,-z,now -ldl  -lrt
cc -o papi_cost papi_cost.o cost_utils.o ../libpapi.so.6.0.0.0 -lm -Wl,-z,relro -Wl,-z,now -ldl 
cc -o papi_l1_dca papi_l1_dca.o ../testlib/libtestlib.a cache_testcode.o display_error.o matrix_multiply.o ../libpapi.so.6.0.0.0 -Wl,-z,relro -Wl,-z,now -ldl  -lrt
cc -o papi_l1_dcm papi_l1_dcm.o ../testlib/libtestlib.a cache_helper.o cache_testcode.o display_error.o matrix_multiply.o ../libpapi.so.6.0.0.0 -Wl,-z,relro -Wl,-z,now -ldl  -lrt
cc -o papi_clockres papi_clockres.o ../libpapi.so.6.0.0.0 ../testlib/clockcore.o -lm -Wl,-z,relro -Wl,-z,now -ldl 
cc -o papi_l2_dca papi_l2_dca.o ../testlib/libtestlib.a cache_helper.o cache_testcode.o display_error.o matrix_multiply.o ../libpapi.so.6.0.0.0 -Wl,-z,relro -Wl,-z,now -ldl  -lrt
cc -o papi_native_avail papi_native_avail.o ../libpapi.so.6.0.0.0 print_header.o -Wl,-z,relro -Wl,-z,now -ldl  papi_sde_interface.o
cc -o papi_l2_dcm papi_l2_dcm.o ../testlib/libtestlib.a cache_helper.o cache_testcode.o display_error.o matrix_multiply.o ../libpapi.so.6.0.0.0 -Wl,-z,relro -Wl,-z,now -ldl  -lrt
cc -o papi_l2_dcr papi_l2_dcr.o ../testlib/libtestlib.a cache_helper.o cache_testcode.o display_error.o matrix_multiply.o ../libpapi.so.6.0.0.0 -Wl,-z,relro -Wl,-z,now -ldl  -lrt
cc -o papi_command_line papi_command_line.o ../libpapi.so.6.0.0.0 ../testlib/do_loops.o -Wl,-z,relro -Wl,-z,now -ldl 
cc -o papi_event_chooser papi_event_chooser.o print_header.o ../libpapi.so.6.0.0.0 -Wl,-z,relro -Wl,-z,now -ldl 
cc -o papi_l2_dcw papi_l2_dcw.o ../testlib/libtestlib.a cache_helper.o cache_testcode.o display_error.o matrix_multiply.o ../libpapi.so.6.0.0.0 -Wl,-z,relro -Wl,-z,now -ldl  -lrt
cc -o papi_ld_ins papi_ld_ins.o ../testlib/libtestlib.a display_error.o matrix_multiply.o ../libpapi.so.6.0.0.0 -Wl,-z,relro -Wl,-z,now -ldl  -lrt
cc -o papi_decode papi_decode.o ../libpapi.so.6.0.0.0 -Wl,-z,relro -Wl,-z,now -ldl 
cc -o papi_xml_event_info papi_xml_event_info.o ../libpapi.so.6.0.0.0 -Wl,-z,relro -Wl,-z,now -ldl 
cc -o papi_sr_ins papi_sr_ins.o ../testlib/libtestlib.a display_error.o matrix_multiply.o ../libpapi.so.6.0.0.0 -Wl,-z,relro -Wl,-z,now -ldl  -lrt
cc -o papi_ref_cyc papi_ref_cyc.o ../testlib/libtestlib.a display_error.o flops_testcode.o ../libpapi.so.6.0.0.0 -Wl,-z,relro -Wl,-z,now -ldl  -lrt
cc -o papi_version papi_version.o ../libpapi.so.6.0.0.0 -Wl,-z,relro -Wl,-z,now -ldl 
cc -o papi_multiplex_cost papi_multiplex_cost.o cost_utils.o ../libpapi.so.6.0.0.0 -lm -Wl,-z,relro -Wl,-z,now -ldl 
cc -o papi_tot_cyc papi_tot_cyc.o ../testlib/libtestlib.a display_error.o matrix_multiply.o ../libpapi.so.6.0.0.0 -Wl,-z,relro -Wl,-z,now -ldl  -lrt
cc -o papi_tot_ins papi_tot_ins.o ../testlib/libtestlib.a display_error.o instructions_testcode.o ../libpapi.so.6.0.0.0 -Wl,-z,relro -Wl,-z,now -ldl  -lrt
cc -o papi_component_avail papi_component_avail.o ../libpapi.so.6.0.0.0 print_header.o -Wl,-z,relro -Wl,-z,now -ldl 
cc -o papi_error_codes papi_error_codes.o ../libpapi.so.6.0.0.0 -Wl,-z,relro -Wl,-z,now -ldl 
make[2]: Leaving directory '/<<PKGBUILDDIR>>/src/validation_tests'
make[2]: Leaving directory '/<<PKGBUILDDIR>>/src/utils'
make[1]: Leaving directory '/<<PKGBUILDDIR>>/src'
dh_auto_build: error: cd src && make -j4 returned exit code 2
make: *** [debian/rules:19: binary] Error 25
dpkg-buildpackage: error: debian/rules binary subprocess returned exit status 2
--------------------------------------------------------------------------------
Build finished at 2020-10-29T20:05:04Z

Finished
--------


+------------------------------------------------------------------------------+
| Cleanup                                                                      |
+------------------------------------------------------------------------------+

Purging /<<BUILDDIR>>
Not cleaning session: cloned chroot in use
E: Build failure (dpkg-buildpackage died)

+------------------------------------------------------------------------------+
| Summary                                                                      |
+------------------------------------------------------------------------------+

Build Architecture: amd64
Build Type: binary
Build-Space: 21764
Build-Time: 20
Distribution: unstable
Fail-Stage: build
Host Architecture: amd64
Install-Time: 10
Job: papi_6.0.0~dfsg-2
Machine Architecture: amd64
Package: papi
Package-Time: 48
Source-Version: 6.0.0~dfsg-2
Space: 21764
Status: attempted
Version: 6.0.0~dfsg-2
--------------------------------------------------------------------------------
Finished at 2020-10-29T20:05:04Z
Build needed 00:00:48, 21764k disk space
E: Build failure (dpkg-buildpackage died)
DC-Status: Failed 48.38372065s
