DC-Build-Header: ruby-thrift 0.11.0.0-3 / 2020-10-29 20:12:12 +0000
DC-Task: type:rebuild-binarch-only source:ruby-thrift version:0.11.0.0-3 chroot:unstable esttime:26 logfile:/tmp/ruby-thrift_0.11.0.0-3_unstable_clang11.log modes:clang11:binarch-only
DC-Sbuild-call: su user42 -c 'sbuild -n --arch-any --apt-update -d unstable -v --no-run-lintian --chroot-setup-commands=/tmp/clang11 ruby-thrift_0.11.0.0-3'
sbuild (Debian sbuild) 0.78.1 (09 February 2019) on ip-172-31-11-91.eu-central-1.compute.internal

+==============================================================================+
| ruby-thrift 0.11.0.0-3 (amd64)               Thu, 29 Oct 2020 20:12:12 +0000 |
+==============================================================================+

Package: ruby-thrift
Version: 0.11.0.0-3
Source Version: 0.11.0.0-3
Distribution: unstable
Machine Architecture: amd64
Host Architecture: amd64
Build Architecture: amd64
Build Type: binary

I: NOTICE: Log filtering will replace 'var/run/schroot/mount/sid-amd64-sbuild-a015d22c-6dbb-4cdd-b459-70920437e85f' with '<<CHROOT>>'

+------------------------------------------------------------------------------+
| Chroot Setup Commands                                                        |
+------------------------------------------------------------------------------+


/tmp/clang11
------------

+ echo 'Entering customization script...'
Entering customization script...
+ CLANG_VERSION=10
+ echo 'Install of clang-10'
Install of clang-10
+ apt-get update
Get:1 http://127.0.0.1:12990/debian sid InRelease [146 kB]
Get:2 http://127.0.0.1:12990/debian sid/main Sources.diff/Index [734 B]
Ign:2 http://127.0.0.1:12990/debian sid/main Sources.diff/Index
Get:3 http://127.0.0.1:12990/debian sid/main amd64 Packages.diff/Index [734 B]
Ign:3 http://127.0.0.1:12990/debian sid/main amd64 Packages.diff/Index
Get:4 http://127.0.0.1:12990/debian sid/main Translation-en [6391 kB]
Get:5 http://127.0.0.1:12990/debian sid/main Sources [8989 kB]
Get:6 http://127.0.0.1:12990/debian sid/main amd64 Packages [8492 kB]
Fetched 24.0 MB in 3s (6998 kB/s)
Reading package lists...
+ apt-get install --yes --no-install-recommends --force-yes clang-10 libomp-10-dev libobjc-9-dev
Reading package lists...
Building dependency tree...
The following additional packages will be installed:
  lib32gcc-s1 lib32stdc++6 libasan5 libbsd0 libc6-i386 libclang-common-10-dev
  libclang-cpp10 libclang1-10 libedit2 libgc1 libgcc-9-dev libllvm10
  libobjc-10-dev libobjc4 libomp5-10 libz3-4
Suggested packages:
  clang-10-doc libomp-10-doc
Recommended packages:
  llvm-10-dev python3
The following NEW packages will be installed:
  clang-10 lib32gcc-s1 lib32stdc++6 libasan5 libbsd0 libc6-i386
  libclang-common-10-dev libclang-cpp10 libclang1-10 libedit2 libgc1
  libgcc-9-dev libllvm10 libobjc-10-dev libobjc-9-dev libobjc4 libomp-10-dev
  libomp5-10 libz3-4
0 upgraded, 19 newly installed, 0 to remove and 1 not upgraded.
Need to get 52.3 MB of archives.
After this operation, 274 MB of additional disk space will be used.
Get:1 http://127.0.0.1:12990/debian sid/main amd64 libbsd0 amd64 0.10.0-1 [107 kB]
Get:2 http://127.0.0.1:12990/debian sid/main amd64 libedit2 amd64 3.1-20191231-1 [95.4 kB]
Get:3 http://127.0.0.1:12990/debian sid/main amd64 libz3-4 amd64 4.8.9-1 [6783 kB]
Get:4 http://127.0.0.1:12990/debian sid/main amd64 libllvm10 amd64 1:10.0.1-7 [16.6 MB]
Get:5 http://127.0.0.1:12990/debian sid/main amd64 libclang-cpp10 amd64 1:10.0.1-7 [9069 kB]
Get:6 http://127.0.0.1:12990/debian sid/main amd64 libgc1 amd64 1:8.0.4-2.1 [239 kB]
Get:7 http://127.0.0.1:12990/debian sid/main amd64 libobjc4 amd64 10.2.0-15 [41.6 kB]
Get:8 http://127.0.0.1:12990/debian sid/main amd64 libobjc-10-dev amd64 10.2.0-15 [170 kB]
Get:9 http://127.0.0.1:12990/debian sid/main amd64 libc6-i386 amd64 2.31-4 [2815 kB]
Get:10 http://127.0.0.1:12990/debian sid/main amd64 lib32gcc-s1 amd64 10.2.0-15 [49.4 kB]
Get:11 http://127.0.0.1:12990/debian sid/main amd64 lib32stdc++6 amd64 10.2.0-15 [511 kB]
Get:12 http://127.0.0.1:12990/debian sid/main amd64 libclang-common-10-dev amd64 1:10.0.1-7 [5062 kB]
Get:13 http://127.0.0.1:12990/debian sid/main amd64 libclang1-10 amd64 1:10.0.1-7 [7293 kB]
Get:14 http://127.0.0.1:12990/debian sid/main amd64 clang-10 amd64 1:10.0.1-7 [106 kB]
Get:15 http://127.0.0.1:12990/debian sid/main amd64 libasan5 amd64 9.3.0-18 [390 kB]
Get:16 http://127.0.0.1:12990/debian sid/main amd64 libgcc-9-dev amd64 9.3.0-18 [2347 kB]
Get:17 http://127.0.0.1:12990/debian sid/main amd64 libobjc-9-dev amd64 9.3.0-18 [220 kB]
Get:18 http://127.0.0.1:12990/debian sid/main amd64 libomp5-10 amd64 1:10.0.1-7 [339 kB]
Get:19 http://127.0.0.1:12990/debian sid/main amd64 libomp-10-dev amd64 1:10.0.1-7 [86.6 kB]
debconf: delaying package configuration, since apt-utils is not installed
Fetched 52.3 MB in 0s (142 MB/s)
Selecting previously unselected package libbsd0:amd64.
(Reading database ... (Reading database ... 5%(Reading database ... 10%(Reading database ... 15%(Reading database ... 20%(Reading database ... 25%(Reading database ... 30%(Reading database ... 35%(Reading database ... 40%(Reading database ... 45%(Reading database ... 50%(Reading database ... 55%(Reading database ... 60%(Reading database ... 65%(Reading database ... 70%(Reading database ... 75%(Reading database ... 80%(Reading database ... 85%(Reading database ... 90%(Reading database ... 95%(Reading database ... 100%(Reading database ... 12312 files and directories currently installed.)
Preparing to unpack .../00-libbsd0_0.10.0-1_amd64.deb ...
Unpacking libbsd0:amd64 (0.10.0-1) ...
Selecting previously unselected package libedit2:amd64.
Preparing to unpack .../01-libedit2_3.1-20191231-1_amd64.deb ...
Unpacking libedit2:amd64 (3.1-20191231-1) ...
Selecting previously unselected package libz3-4:amd64.
Preparing to unpack .../02-libz3-4_4.8.9-1_amd64.deb ...
Unpacking libz3-4:amd64 (4.8.9-1) ...
Selecting previously unselected package libllvm10:amd64.
Preparing to unpack .../03-libllvm10_1%3a10.0.1-7_amd64.deb ...
Unpacking libllvm10:amd64 (1:10.0.1-7) ...
Selecting previously unselected package libclang-cpp10.
Preparing to unpack .../04-libclang-cpp10_1%3a10.0.1-7_amd64.deb ...
Unpacking libclang-cpp10 (1:10.0.1-7) ...
Selecting previously unselected package libgc1:amd64.
Preparing to unpack .../05-libgc1_1%3a8.0.4-2.1_amd64.deb ...
Unpacking libgc1:amd64 (1:8.0.4-2.1) ...
Selecting previously unselected package libobjc4:amd64.
Preparing to unpack .../06-libobjc4_10.2.0-15_amd64.deb ...
Unpacking libobjc4:amd64 (10.2.0-15) ...
Selecting previously unselected package libobjc-10-dev:amd64.
Preparing to unpack .../07-libobjc-10-dev_10.2.0-15_amd64.deb ...
Unpacking libobjc-10-dev:amd64 (10.2.0-15) ...
Selecting previously unselected package libc6-i386.
Preparing to unpack .../08-libc6-i386_2.31-4_amd64.deb ...
Unpacking libc6-i386 (2.31-4) ...
Selecting previously unselected package lib32gcc-s1.
Preparing to unpack .../09-lib32gcc-s1_10.2.0-15_amd64.deb ...
Unpacking lib32gcc-s1 (10.2.0-15) ...
Selecting previously unselected package lib32stdc++6.
Preparing to unpack .../10-lib32stdc++6_10.2.0-15_amd64.deb ...
Unpacking lib32stdc++6 (10.2.0-15) ...
Selecting previously unselected package libclang-common-10-dev.
Preparing to unpack .../11-libclang-common-10-dev_1%3a10.0.1-7_amd64.deb ...
Unpacking libclang-common-10-dev (1:10.0.1-7) ...
Selecting previously unselected package libclang1-10.
Preparing to unpack .../12-libclang1-10_1%3a10.0.1-7_amd64.deb ...
Unpacking libclang1-10 (1:10.0.1-7) ...
Selecting previously unselected package clang-10.
Preparing to unpack .../13-clang-10_1%3a10.0.1-7_amd64.deb ...
Unpacking clang-10 (1:10.0.1-7) ...
Selecting previously unselected package libasan5:amd64.
Preparing to unpack .../14-libasan5_9.3.0-18_amd64.deb ...
Unpacking libasan5:amd64 (9.3.0-18) ...
Selecting previously unselected package libgcc-9-dev:amd64.
Preparing to unpack .../15-libgcc-9-dev_9.3.0-18_amd64.deb ...
Unpacking libgcc-9-dev:amd64 (9.3.0-18) ...
Selecting previously unselected package libobjc-9-dev:amd64.
Preparing to unpack .../16-libobjc-9-dev_9.3.0-18_amd64.deb ...
Unpacking libobjc-9-dev:amd64 (9.3.0-18) ...
Selecting previously unselected package libomp5-10:amd64.
Preparing to unpack .../17-libomp5-10_1%3a10.0.1-7_amd64.deb ...
Unpacking libomp5-10:amd64 (1:10.0.1-7) ...
Selecting previously unselected package libomp-10-dev.
Preparing to unpack .../18-libomp-10-dev_1%3a10.0.1-7_amd64.deb ...
Unpacking libomp-10-dev (1:10.0.1-7) ...
Setting up libasan5:amd64 (9.3.0-18) ...
Setting up libz3-4:amd64 (4.8.9-1) ...
Setting up libgc1:amd64 (1:8.0.4-2.1) ...
Setting up libomp5-10:amd64 (1:10.0.1-7) ...
Setting up libc6-i386 (2.31-4) ...
Setting up libbsd0:amd64 (0.10.0-1) ...
Setting up libomp-10-dev (1:10.0.1-7) ...
Setting up libedit2:amd64 (3.1-20191231-1) ...
Setting up libobjc4:amd64 (10.2.0-15) ...
Setting up libllvm10:amd64 (1:10.0.1-7) ...
Setting up libgcc-9-dev:amd64 (9.3.0-18) ...
Setting up lib32gcc-s1 (10.2.0-15) ...
Setting up lib32stdc++6 (10.2.0-15) ...
Setting up libclang1-10 (1:10.0.1-7) ...
Setting up libobjc-9-dev:amd64 (9.3.0-18) ...
Setting up libobjc-10-dev:amd64 (10.2.0-15) ...
Setting up libclang-common-10-dev (1:10.0.1-7) ...
Setting up libclang-cpp10 (1:10.0.1-7) ...
Setting up clang-10 (1:10.0.1-7) ...
Processing triggers for libc-bin (2.31-4) ...
W: --force-yes is deprecated, use one of the options starting with --allow instead.
+ echo 'Replace gcc, g++ & cpp by clang'
Replace gcc, g++ & cpp by clang
+ VERSIONS='4.6 4.7 4.8 4.9 5 6 7 8 9 10'
+ cd /usr/bin
+ for VERSION in $VERSIONS
+ rm -f g++-4.6 gcc-4.6 cpp-4.6 gcc
+ ln -s clang++-10 g++-4.6
+ ln -s clang-10 gcc-4.6
+ ln -s clang-10 cpp-4.6
+ ln -s clang-10 gcc
+ echo 'gcc-4.6 hold'
+ dpkg --set-selections
dpkg: warning: package not in status nor available database at line 1: gcc-4.6
dpkg: warning: found unknown packages; this might mean the available database
is outdated, and needs to be updated through a frontend method;
please see the FAQ <https://wiki.debian.org/Teams/Dpkg/FAQ>
+ echo 'g++-4.6 hold'
+ dpkg --set-selections
dpkg: warning: package not in status nor available database at line 1: g++-4.6
dpkg: warning: found unknown packages; this might mean the available database
is outdated, and needs to be updated through a frontend method;
please see the FAQ <https://wiki.debian.org/Teams/Dpkg/FAQ>
+ for VERSION in $VERSIONS
+ rm -f g++-4.7 gcc-4.7 cpp-4.7 gcc
+ ln -s clang++-10 g++-4.7
+ ln -s clang-10 gcc-4.7
+ ln -s clang-10 cpp-4.7
+ ln -s clang-10 gcc
+ echo 'gcc-4.7 hold'
+ dpkg --set-selections
dpkg: warning: package not in status nor available database at line 1: gcc-4.7
dpkg: warning: found unknown packages; this might mean the available database
is outdated, and needs to be updated through a frontend method;
please see the FAQ <https://wiki.debian.org/Teams/Dpkg/FAQ>
+ echo 'g++-4.7 hold'
+ dpkg --set-selections
dpkg: warning: package not in status nor available database at line 1: g++-4.7
dpkg: warning: found unknown packages; this might mean the available database
is outdated, and needs to be updated through a frontend method;
please see the FAQ <https://wiki.debian.org/Teams/Dpkg/FAQ>
+ for VERSION in $VERSIONS
+ rm -f g++-4.8 gcc-4.8 cpp-4.8 gcc
+ ln -s clang++-10 g++-4.8
+ ln -s clang-10 gcc-4.8
+ ln -s clang-10 cpp-4.8
+ ln -s clang-10 gcc
+ echo 'gcc-4.8 hold'
+ dpkg --set-selections
dpkg: warning: package not in status nor available database at line 1: gcc-4.8
dpkg: warning: found unknown packages; this might mean the available database
is outdated, and needs to be updated through a frontend method;
please see the FAQ <https://wiki.debian.org/Teams/Dpkg/FAQ>
+ echo 'g++-4.8 hold'
+ dpkg --set-selections
dpkg: warning: package not in status nor available database at line 1: g++-4.8
dpkg: warning: found unknown packages; this might mean the available database
is outdated, and needs to be updated through a frontend method;
please see the FAQ <https://wiki.debian.org/Teams/Dpkg/FAQ>
+ for VERSION in $VERSIONS
+ rm -f g++-4.9 gcc-4.9 cpp-4.9 gcc
+ ln -s clang++-10 g++-4.9
+ ln -s clang-10 gcc-4.9
+ ln -s clang-10 cpp-4.9
+ ln -s clang-10 gcc
+ echo 'gcc-4.9 hold'
+ dpkg --set-selections
dpkg: warning: package not in status nor available database at line 1: gcc-4.9
dpkg: warning: found unknown packages; this might mean the available database
is outdated, and needs to be updated through a frontend method;
please see the FAQ <https://wiki.debian.org/Teams/Dpkg/FAQ>
+ echo 'g++-4.9 hold'
+ dpkg --set-selections
dpkg: warning: package not in status nor available database at line 1: g++-4.9
dpkg: warning: found unknown packages; this might mean the available database
is outdated, and needs to be updated through a frontend method;
please see the FAQ <https://wiki.debian.org/Teams/Dpkg/FAQ>
+ for VERSION in $VERSIONS
+ rm -f g++-5 gcc-5 cpp-5 gcc
+ ln -s clang++-10 g++-5
+ ln -s clang-10 gcc-5
+ ln -s clang-10 cpp-5
+ ln -s clang-10 gcc
+ echo 'gcc-5 hold'
+ dpkg --set-selections
dpkg: warning: package not in status nor available database at line 1: gcc-5
dpkg: warning: found unknown packages; this might mean the available database
is outdated, and needs to be updated through a frontend method;
please see the FAQ <https://wiki.debian.org/Teams/Dpkg/FAQ>
+ echo 'g++-5 hold'
+ dpkg --set-selections
dpkg: warning: package not in status nor available database at line 1: g++-5
dpkg: warning: found unknown packages; this might mean the available database
is outdated, and needs to be updated through a frontend method;
please see the FAQ <https://wiki.debian.org/Teams/Dpkg/FAQ>
+ for VERSION in $VERSIONS
+ rm -f g++-6 gcc-6 cpp-6 gcc
+ ln -s clang++-10 g++-6
+ ln -s clang-10 gcc-6
+ ln -s clang-10 cpp-6
+ ln -s clang-10 gcc
+ echo 'gcc-6 hold'
+ dpkg --set-selections
dpkg: warning: package not in status nor available database at line 1: gcc-6
dpkg: warning: found unknown packages; this might mean the available database
is outdated, and needs to be updated through a frontend method;
please see the FAQ <https://wiki.debian.org/Teams/Dpkg/FAQ>
+ echo 'g++-6 hold'
+ dpkg --set-selections
dpkg: warning: package not in status nor available database at line 1: g++-6
dpkg: warning: found unknown packages; this might mean the available database
is outdated, and needs to be updated through a frontend method;
please see the FAQ <https://wiki.debian.org/Teams/Dpkg/FAQ>
+ for VERSION in $VERSIONS
+ rm -f g++-7 gcc-7 cpp-7 gcc
+ ln -s clang++-10 g++-7
+ ln -s clang-10 gcc-7
+ ln -s clang-10 cpp-7
+ ln -s clang-10 gcc
+ echo 'gcc-7 hold'
+ dpkg --set-selections
dpkg: warning: package not in status nor available database at line 1: gcc-7
dpkg: warning: found unknown packages; this might mean the available database
is outdated, and needs to be updated through a frontend method;
please see the FAQ <https://wiki.debian.org/Teams/Dpkg/FAQ>
+ echo 'g++-7 hold'
+ dpkg --set-selections
dpkg: warning: package not in status nor available database at line 1: g++-7
dpkg: warning: found unknown packages; this might mean the available database
is outdated, and needs to be updated through a frontend method;
please see the FAQ <https://wiki.debian.org/Teams/Dpkg/FAQ>
+ for VERSION in $VERSIONS
+ rm -f g++-8 gcc-8 cpp-8 gcc
+ ln -s clang++-10 g++-8
+ ln -s clang-10 gcc-8
+ ln -s clang-10 cpp-8
+ ln -s clang-10 gcc
+ echo 'gcc-8 hold'
+ dpkg --set-selections
dpkg: warning: package not in status nor available database at line 1: gcc-8
dpkg: warning: found unknown packages; this might mean the available database
is outdated, and needs to be updated through a frontend method;
please see the FAQ <https://wiki.debian.org/Teams/Dpkg/FAQ>
+ echo 'g++-8 hold'
+ dpkg --set-selections
dpkg: warning: package not in status nor available database at line 1: g++-8
dpkg: warning: found unknown packages; this might mean the available database
is outdated, and needs to be updated through a frontend method;
please see the FAQ <https://wiki.debian.org/Teams/Dpkg/FAQ>
+ for VERSION in $VERSIONS
+ rm -f g++-9 gcc-9 cpp-9 gcc
+ ln -s clang++-10 g++-9
+ ln -s clang-10 gcc-9
+ ln -s clang-10 cpp-9
+ ln -s clang-10 gcc
+ echo 'gcc-9 hold'
+ dpkg --set-selections
dpkg: warning: package not in status nor available database at line 1: gcc-9
dpkg: warning: found unknown packages; this might mean the available database
is outdated, and needs to be updated through a frontend method;
please see the FAQ <https://wiki.debian.org/Teams/Dpkg/FAQ>
+ echo 'g++-9 hold'
+ dpkg --set-selections
dpkg: warning: package not in status nor available database at line 1: g++-9
dpkg: warning: found unknown packages; this might mean the available database
is outdated, and needs to be updated through a frontend method;
please see the FAQ <https://wiki.debian.org/Teams/Dpkg/FAQ>
+ for VERSION in $VERSIONS
+ rm -f g++-10 gcc-10 cpp-10 gcc
+ ln -s clang++-10 g++-10
+ ln -s clang-10 gcc-10
+ ln -s clang-10 cpp-10
+ ln -s clang-10 gcc
+ echo 'gcc-10 hold'
+ dpkg --set-selections
+ echo 'g++-10 hold'
+ dpkg --set-selections
+ cd -
/build/ruby-thrift-lQNMVA
+ echo 'Check if gcc, g++ & cpp are actually clang'
Check if gcc, g++ & cpp are actually clang
+ gcc --version
+ grep clang
+ cpp --version
+ grep clang
+ g++ --version
+ grep clang
+ cd /usr/bin/
+ rm -f clang++ clang
+ ln -s clang-10 clang++
+ ln -s clang-10 clang
+ clang++ --version
Debian clang version 10.0.1-7
Target: x86_64-pc-linux-gnu
Thread model: posix
InstalledDir: /usr/bin
+ clang --version
Debian clang version 10.0.1-7
Target: x86_64-pc-linux-gnu
Thread model: posix
InstalledDir: /usr/bin
+ cd -
/build/ruby-thrift-lQNMVA
+ apt install --yes --no-install-recommends --force-yes qt5-qmake

WARNING: apt does not have a stable CLI interface. Use with caution in scripts.

Reading package lists...
Building dependency tree...
Reading state information...
The following additional packages will be installed:
  qt5-qmake-bin qtchooser
The following NEW packages will be installed:
  qt5-qmake qt5-qmake-bin qtchooser
0 upgraded, 3 newly installed, 0 to remove and 1 not upgraded.
Need to get 1304 kB of archives.
After this operation, 4865 kB of additional disk space will be used.
Get:1 http://127.0.0.1:12990/debian sid/main amd64 qt5-qmake-bin amd64 5.14.2+dfsg-6 [1035 kB]
Get:2 http://127.0.0.1:12990/debian sid/main amd64 qtchooser amd64 66-2 [26.3 kB]
Get:3 http://127.0.0.1:12990/debian sid/main amd64 qt5-qmake amd64 5.14.2+dfsg-6 [242 kB]
debconf: delaying package configuration, since apt-utils is not installed
Fetched 1304 kB in 0s (58.2 MB/s)
Selecting previously unselected package qt5-qmake-bin.
(Reading database ... (Reading database ... 5%(Reading database ... 10%(Reading database ... 15%(Reading database ... 20%(Reading database ... 25%(Reading database ... 30%(Reading database ... 35%(Reading database ... 40%(Reading database ... 45%(Reading database ... 50%(Reading database ... 55%(Reading database ... 60%(Reading database ... 65%(Reading database ... 70%(Reading database ... 75%(Reading database ... 80%(Reading database ... 85%(Reading database ... 90%(Reading database ... 95%(Reading database ... 100%(Reading database ... 13315 files and directories currently installed.)
Preparing to unpack .../qt5-qmake-bin_5.14.2+dfsg-6_amd64.deb ...
Unpacking qt5-qmake-bin (5.14.2+dfsg-6) ...
Selecting previously unselected package qtchooser.
Preparing to unpack .../qtchooser_66-2_amd64.deb ...
Unpacking qtchooser (66-2) ...
Selecting previously unselected package qt5-qmake:amd64.
Preparing to unpack .../qt5-qmake_5.14.2+dfsg-6_amd64.deb ...
Unpacking qt5-qmake:amd64 (5.14.2+dfsg-6) ...
Setting up qt5-qmake-bin (5.14.2+dfsg-6) ...
Setting up qtchooser (66-2) ...
Setting up qt5-qmake:amd64 (5.14.2+dfsg-6) ...
W: --force-yes is deprecated, use one of the options starting with --allow instead.
+ cp /usr/lib/x86_64-linux-gnu/qt5/mkspecs/linux-clang/qmake.conf /usr/lib/x86_64-linux-gnu/qt5/mkspecs/linux-clang/qplatformdefs.h /usr/lib/x86_64-linux-gnu/qt5/mkspecs/linux-g++/
+ ls -al /usr/lib/x86_64-linux-gnu/qt5/mkspecs/linux-g++/
total 16
drwxr-xr-x  2 root root 4096 Oct 29 20:12 .
drwxr-xr-x 76 root root 4096 Oct 29 20:12 ..
-rw-r--r--  1 root root  276 Oct 29 20:12 qmake.conf
-rw-r--r--  1 root root 3218 Oct 29 20:12 qplatformdefs.h
+ cat /usr/lib/x86_64-linux-gnu/qt5/mkspecs/linux-g++/qmake.conf
#
# qmake configuration for linux-clang
#

MAKEFILE_GENERATOR = UNIX
CONFIG += incremental

QMAKE_INCREMENTAL_STYLE = sublib

include(../common/linux.conf)
include(../common/gcc-base-unix.conf)
include(../common/clang.conf)

QMAKE_LFLAGS += -ccc-gcc-name g++

load(qt_config)
+ export QMAKESPEC=/usr/lib/x86_64-linux-gnu/qt5/mkspecs/linux-clang/
+ QMAKESPEC=/usr/lib/x86_64-linux-gnu/qt5/mkspecs/linux-clang/
+ sed -i -e 's|compare_problem(2,|compare_problem(0,|g' /usr/bin/dpkg-gensymbols
+ sed -i -e 's|compare_problem(1,|compare_problem(0,|g' /usr/bin/dpkg-gensymbols
+ grep 'compare_problem(' /usr/bin/dpkg-gensymbols
        compare_problem(4, g_('new libraries appeared in the symbols file: %s'), "@libs");
        compare_problem(3, g_('some libraries disappeared in the symbols file: %s'), "@libs");
        compare_problem(0, g_('some new symbols appeared in the symbols file: %s'),
        compare_problem(0, g_('some symbols or patterns disappeared in the symbols file: %s'),

I: Finished running '/tmp/clang11'.

Finished processing commands.
--------------------------------------------------------------------------------
I: NOTICE: Log filtering will replace 'build/ruby-thrift-lQNMVA/resolver-he3kxl' with '<<RESOLVERDIR>>'

+------------------------------------------------------------------------------+
| Update chroot                                                                |
+------------------------------------------------------------------------------+

Hit:1 http://127.0.0.1:12990/debian sid InRelease
Reading package lists...
Reading package lists...
Building dependency tree...
Reading state information...
Calculating upgrade...
The following packages will be upgraded:
  libdebconfclient0
1 upgraded, 0 newly installed, 0 to remove and 0 not upgraded.
Need to get 49.6 kB of archives.
After this operation, 0 B of additional disk space will be used.
Get:1 http://127.0.0.1:12990/debian sid/main amd64 libdebconfclient0 amd64 0.255 [49.6 kB]
debconf: delaying package configuration, since apt-utils is not installed
Fetched 49.6 kB in 0s (3505 kB/s)
(Reading database ... (Reading database ... 5%(Reading database ... 10%(Reading database ... 15%(Reading database ... 20%(Reading database ... 25%(Reading database ... 30%(Reading database ... 35%(Reading database ... 40%(Reading database ... 45%(Reading database ... 50%(Reading database ... 55%(Reading database ... 60%(Reading database ... 65%(Reading database ... 70%(Reading database ... 75%(Reading database ... 80%(Reading database ... 85%(Reading database ... 90%(Reading database ... 95%(Reading database ... 100%(Reading database ... 14056 files and directories currently installed.)
Preparing to unpack .../libdebconfclient0_0.255_amd64.deb ...
Unpacking libdebconfclient0:amd64 (0.255) over (0.254) ...
Setting up libdebconfclient0:amd64 (0.255) ...
Processing triggers for libc-bin (2.31-4) ...

+------------------------------------------------------------------------------+
| Fetch source files                                                           |
+------------------------------------------------------------------------------+


Check APT
---------

Checking available source versions...

Download source files with APT
------------------------------

Reading package lists...
NOTICE: 'ruby-thrift' packaging is maintained in the 'Git' version control system at:
https://salsa.debian.org/ruby-team/ruby-thrift.git
Please use:
git clone https://salsa.debian.org/ruby-team/ruby-thrift.git
to retrieve the latest (possibly unreleased) updates to the package.
Need to get 87.4 kB of source archives.
Get:1 http://127.0.0.1:12990/debian sid/main ruby-thrift 0.11.0.0-3 (dsc) [2061 B]
Get:2 http://127.0.0.1:12990/debian sid/main ruby-thrift 0.11.0.0-3 (tar) [83.3 kB]
Get:3 http://127.0.0.1:12990/debian sid/main ruby-thrift 0.11.0.0-3 (diff) [2016 B]
Fetched 87.4 kB in 0s (981 kB/s)
Download complete and in download only mode
I: NOTICE: Log filtering will replace 'build/ruby-thrift-lQNMVA/ruby-thrift-0.11.0.0' with '<<PKGBUILDDIR>>'
I: NOTICE: Log filtering will replace 'build/ruby-thrift-lQNMVA' with '<<BUILDDIR>>'

+------------------------------------------------------------------------------+
| Install package build dependencies                                           |
+------------------------------------------------------------------------------+


Setup apt archive
-----------------

Merged Build-Depends: debhelper-compat (= 12), gem2deb (>= 1.0), rake, ruby-rspec, build-essential, fakeroot
Filtered Build-Depends: debhelper-compat (= 12), gem2deb (>= 1.0), rake, ruby-rspec, build-essential, fakeroot
dpkg-deb: building package 'sbuild-build-depends-main-dummy' in '/<<RESOLVERDIR>>/apt_archive/sbuild-build-depends-main-dummy.deb'.
Ign:1 copy:/<<RESOLVERDIR>>/apt_archive ./ InRelease
Get:2 copy:/<<RESOLVERDIR>>/apt_archive ./ Release [957 B]
Ign:3 copy:/<<RESOLVERDIR>>/apt_archive ./ Release.gpg
Get:4 copy:/<<RESOLVERDIR>>/apt_archive ./ Sources [392 B]
Get:5 copy:/<<RESOLVERDIR>>/apt_archive ./ Packages [477 B]
Fetched 1826 B in 0s (0 B/s)
Reading package lists...
Reading package lists...

Install main build dependencies (apt-based resolver)
----------------------------------------------------

Installing build dependencies
Reading package lists...
Building dependency tree...
Reading state information...
The following additional packages will be installed:
  autoconf automake autopoint autotools-dev bsdextrautils ca-certificates
  debhelper devscripts dh-autoreconf dh-strip-nondeterminism dirmngr dwz file
  gem2deb gem2deb-test-runner gettext gettext-base gnupg gnupg-l10n
  gnupg-utils gpg gpg-agent gpg-wks-client gpg-wks-server gpgconf gpgsm
  groff-base intltool-debian libarchive-zip-perl libassuan0
  libb-hooks-op-check-perl libclass-method-modifiers-perl libcroco3
  libdebhelper-perl libdevel-callchecker-perl libdynaloader-functions-perl
  libelf1 libencode-locale-perl libexpat1 libfile-homedir-perl
  libfile-listing-perl libfile-stripnondeterminism-perl libfile-which-perl
  libglib2.0-0 libgmp-dev libgmpxx4ldbl libhtml-parser-perl
  libhtml-tagset-perl libhtml-tree-perl libhttp-cookies-perl libhttp-date-perl
  libhttp-message-perl libhttp-negotiate-perl libicu67 libimport-into-perl
  libio-html-perl libio-pty-perl libio-socket-ssl-perl libipc-run-perl
  libksba8 libldap-2.4-2 liblwp-mediatypes-perl liblwp-protocol-https-perl
  libmagic-mgc libmagic1 libmodule-runtime-perl libmoo-perl libncursesw6
  libnet-http-perl libnet-ssleay-perl libnpth0 libparams-classify-perl
  libpipeline1 libpython3-stdlib libpython3.8-minimal libpython3.8-stdlib
  libreadline8 librole-tiny-perl libruby2.7 libsasl2-2 libsasl2-modules-db
  libsigsegv2 libsqlite3-0 libstrictures-perl libsub-override-perl
  libsub-quote-perl libtimedate-perl libtool libtry-tiny-perl libuchardet0
  liburi-perl libwww-perl libwww-robotrules-perl libxml2 libyaml-0-2 m4 man-db
  mime-support netbase openssl patchutils perl-openssl-defaults
  pinentry-curses po-debconf python3 python3-minimal python3.8
  python3.8-minimal rake readline-common ruby ruby-all-dev ruby-diff-lcs
  ruby-minitest ruby-net-telnet ruby-power-assert ruby-rspec ruby-rspec-core
  ruby-rspec-expectations ruby-rspec-mocks ruby-rspec-support ruby-rubygems
  ruby-test-unit ruby-xmlrpc ruby2.7 ruby2.7-dev rubygems-integration
  sensible-utils wdiff
Suggested packages:
  autoconf-archive gnu-standards autoconf-doc dh-make adequate autopkgtest
  bls-standalone bsd-mailx | mailx check-all-the-things cvs-buildpackage
  devscripts-el diffoscope disorderfs dose-extra duck faketime gnuplot
  how-can-i-help libauthen-sasl-perl libdbd-pg-perl libfile-desktopentry-perl
  libnet-smtps-perl libterm-size-perl libyaml-syck-perl mozilla-devscripts
  mutt piuparts postgresql-client quilt ratt reprotest ssh-client
  svn-buildpackage w3m dbus-user-session libpam-systemd pinentry-gnome3 tor
  git-buildpackage pristine-tar gettext-doc libasprintf-dev libgettextpo-dev
  parcimonie xloadimage scdaemon groff gmp-doc libgmp10-doc libmpfr-dev
  libdata-dump-perl libcrypt-ssleay-perl libscalar-number-perl
  libbareword-filehandles-perl libindirect-perl libmultidimensional-perl
  libtool-doc gfortran | fortran95-compiler gcj-jdk libauthen-ntlm-perl m4-doc
  apparmor less www-browser pinentry-doc libmail-box-perl python3-doc
  python3-tk python3-venv python3.8-venv python3.8-doc binfmt-support
  readline-doc ri ruby-dev bundler wdiff-doc
Recommended packages:
  at dctrl-tools dput | dupload libdistro-info-perl libgit-wrapper-perl
  libgitlab-api-v4-perl liblist-compare-perl libstring-shellquote-perl
  licensecheck lintian pristine-tar python3-apt python3-debian python3-magic
  python3-requests python3-unidiff python3-xdg strace unzip wget | curl
  debian-keyring equivs libsoap-lite-perl apt-file curl | wget | lynx
  libarchive-cpio-perl libglib2.0-data shared-mime-info xdg-user-dirs
  libhtml-format-perl libclone-perl libldap-common libclass-xsaccessor-perl
  libnamespace-clean-perl libsub-name-perl libgpm2 libsasl2-modules
  libltdl-dev libdata-dump-perl libhtml-form-perl libhttp-daemon-perl
  libmailtools-perl libmail-sendmail-perl zip fonts-lato libjs-jquery
  ruby2.7-doc
The following NEW packages will be installed:
  autoconf automake autopoint autotools-dev bsdextrautils ca-certificates
  debhelper devscripts dh-autoreconf dh-strip-nondeterminism dirmngr dwz file
  gem2deb gem2deb-test-runner gettext gettext-base gnupg gnupg-l10n
  gnupg-utils gpg gpg-agent gpg-wks-client gpg-wks-server gpgconf gpgsm
  groff-base intltool-debian libarchive-zip-perl libassuan0
  libb-hooks-op-check-perl libclass-method-modifiers-perl libcroco3
  libdebhelper-perl libdevel-callchecker-perl libdynaloader-functions-perl
  libelf1 libencode-locale-perl libexpat1 libfile-homedir-perl
  libfile-listing-perl libfile-stripnondeterminism-perl libfile-which-perl
  libglib2.0-0 libgmp-dev libgmpxx4ldbl libhtml-parser-perl
  libhtml-tagset-perl libhtml-tree-perl libhttp-cookies-perl libhttp-date-perl
  libhttp-message-perl libhttp-negotiate-perl libicu67 libimport-into-perl
  libio-html-perl libio-pty-perl libio-socket-ssl-perl libipc-run-perl
  libksba8 libldap-2.4-2 liblwp-mediatypes-perl liblwp-protocol-https-perl
  libmagic-mgc libmagic1 libmodule-runtime-perl libmoo-perl libncursesw6
  libnet-http-perl libnet-ssleay-perl libnpth0 libparams-classify-perl
  libpipeline1 libpython3-stdlib libpython3.8-minimal libpython3.8-stdlib
  libreadline8 librole-tiny-perl libruby2.7 libsasl2-2 libsasl2-modules-db
  libsigsegv2 libsqlite3-0 libstrictures-perl libsub-override-perl
  libsub-quote-perl libtimedate-perl libtool libtry-tiny-perl libuchardet0
  liburi-perl libwww-perl libwww-robotrules-perl libxml2 libyaml-0-2 m4 man-db
  mime-support netbase openssl patchutils perl-openssl-defaults
  pinentry-curses po-debconf python3 python3-minimal python3.8
  python3.8-minimal rake readline-common ruby ruby-all-dev ruby-diff-lcs
  ruby-minitest ruby-net-telnet ruby-power-assert ruby-rspec ruby-rspec-core
  ruby-rspec-expectations ruby-rspec-mocks ruby-rspec-support ruby-rubygems
  ruby-test-unit ruby-xmlrpc ruby2.7 ruby2.7-dev rubygems-integration
  sbuild-build-depends-main-dummy sensible-utils wdiff
0 upgraded, 130 newly installed, 0 to remove and 0 not upgraded.
Need to get 45.1 MB of archives.
After this operation, 148 MB of additional disk space will be used.
Get:1 copy:/<<RESOLVERDIR>>/apt_archive ./ sbuild-build-depends-main-dummy 0.invalid.0 [900 B]
Get:2 http://127.0.0.1:12990/debian sid/main amd64 bsdextrautils amd64 2.36-3+b1 [140 kB]
Get:3 http://127.0.0.1:12990/debian sid/main amd64 libuchardet0 amd64 0.0.7-1 [67.8 kB]
Get:4 http://127.0.0.1:12990/debian sid/main amd64 groff-base amd64 1.22.4-5 [920 kB]
Get:5 http://127.0.0.1:12990/debian sid/main amd64 libpipeline1 amd64 1.5.3-1 [34.3 kB]
Get:6 http://127.0.0.1:12990/debian sid/main amd64 man-db amd64 2.9.3-2 [1314 kB]
Get:7 http://127.0.0.1:12990/debian sid/main amd64 libpython3.8-minimal amd64 3.8.6-1 [761 kB]
Get:8 http://127.0.0.1:12990/debian sid/main amd64 libexpat1 amd64 2.2.10-1 [96.9 kB]
Get:9 http://127.0.0.1:12990/debian sid/main amd64 python3.8-minimal amd64 3.8.6-1 [1863 kB]
Get:10 http://127.0.0.1:12990/debian sid/main amd64 python3-minimal amd64 3.8.6-1 [37.7 kB]
Get:11 http://127.0.0.1:12990/debian sid/main amd64 mime-support all 3.64 [37.8 kB]
Get:12 http://127.0.0.1:12990/debian sid/main amd64 libncursesw6 amd64 6.2+20200918-1 [132 kB]
Get:13 http://127.0.0.1:12990/debian sid/main amd64 readline-common all 8.0-4 [72.5 kB]
Get:14 http://127.0.0.1:12990/debian sid/main amd64 libreadline8 amd64 8.0-4 [160 kB]
Get:15 http://127.0.0.1:12990/debian sid/main amd64 libsqlite3-0 amd64 3.33.0-1 [790 kB]
Get:16 http://127.0.0.1:12990/debian sid/main amd64 libpython3.8-stdlib amd64 3.8.6-1 [1720 kB]
Get:17 http://127.0.0.1:12990/debian sid/main amd64 python3.8 amd64 3.8.6-1 [422 kB]
Get:18 http://127.0.0.1:12990/debian sid/main amd64 libpython3-stdlib amd64 3.8.6-1 [20.9 kB]
Get:19 http://127.0.0.1:12990/debian sid/main amd64 python3 amd64 3.8.6-1 [64.0 kB]
Get:20 http://127.0.0.1:12990/debian sid/main amd64 netbase all 6.2 [19.9 kB]
Get:21 http://127.0.0.1:12990/debian sid/main amd64 sensible-utils all 0.0.12+nmu1 [16.0 kB]
Get:22 http://127.0.0.1:12990/debian sid/main amd64 libmagic-mgc amd64 1:5.38-5 [262 kB]
Get:23 http://127.0.0.1:12990/debian sid/main amd64 libmagic1 amd64 1:5.38-5 [120 kB]
Get:24 http://127.0.0.1:12990/debian sid/main amd64 file amd64 1:5.38-5 [67.9 kB]
Get:25 http://127.0.0.1:12990/debian sid/main amd64 gettext-base amd64 0.19.8.1-10 [123 kB]
Get:26 http://127.0.0.1:12990/debian sid/main amd64 libsigsegv2 amd64 2.12-2 [32.8 kB]
Get:27 http://127.0.0.1:12990/debian sid/main amd64 m4 amd64 1.4.18-4 [203 kB]
Get:28 http://127.0.0.1:12990/debian sid/main amd64 autoconf all 2.69-11.1 [341 kB]
Get:29 http://127.0.0.1:12990/debian sid/main amd64 autotools-dev all 20180224.1 [77.0 kB]
Get:30 http://127.0.0.1:12990/debian sid/main amd64 automake all 1:1.16.2-4 [801 kB]
Get:31 http://127.0.0.1:12990/debian sid/main amd64 autopoint all 0.19.8.1-10 [435 kB]
Get:32 http://127.0.0.1:12990/debian sid/main amd64 openssl amd64 1.1.1h-1 [848 kB]
Get:33 http://127.0.0.1:12990/debian sid/main amd64 ca-certificates all 20200601 [158 kB]
Get:34 http://127.0.0.1:12990/debian sid/main amd64 libtool all 2.4.6-14 [513 kB]
Get:35 http://127.0.0.1:12990/debian sid/main amd64 dh-autoreconf all 19 [16.9 kB]
Get:36 http://127.0.0.1:12990/debian sid/main amd64 libdebhelper-perl all 13.2.1 [188 kB]
Get:37 http://127.0.0.1:12990/debian sid/main amd64 libarchive-zip-perl all 1.68-1 [104 kB]
Get:38 http://127.0.0.1:12990/debian sid/main amd64 libsub-override-perl all 0.09-2 [10.2 kB]
Get:39 http://127.0.0.1:12990/debian sid/main amd64 libfile-stripnondeterminism-perl all 1.9.0-1 [25.5 kB]
Get:40 http://127.0.0.1:12990/debian sid/main amd64 dh-strip-nondeterminism all 1.9.0-1 [15.2 kB]
Get:41 http://127.0.0.1:12990/debian sid/main amd64 libelf1 amd64 0.181-1 [164 kB]
Get:42 http://127.0.0.1:12990/debian sid/main amd64 dwz amd64 0.13-5 [151 kB]
Get:43 http://127.0.0.1:12990/debian sid/main amd64 libglib2.0-0 amd64 2.66.1-2 [1362 kB]
Get:44 http://127.0.0.1:12990/debian sid/main amd64 libicu67 amd64 67.1-4 [8624 kB]
Get:45 http://127.0.0.1:12990/debian sid/main amd64 libxml2 amd64 2.9.10+dfsg-6.1 [692 kB]
Get:46 http://127.0.0.1:12990/debian sid/main amd64 libcroco3 amd64 0.6.13-1 [146 kB]
Get:47 http://127.0.0.1:12990/debian sid/main amd64 gettext amd64 0.19.8.1-10 [1303 kB]
Get:48 http://127.0.0.1:12990/debian sid/main amd64 intltool-debian all 0.35.0+20060710.5 [26.8 kB]
Get:49 http://127.0.0.1:12990/debian sid/main amd64 po-debconf all 1.0.21 [248 kB]
Get:50 http://127.0.0.1:12990/debian sid/main amd64 debhelper all 13.2.1 [1007 kB]
Get:51 http://127.0.0.1:12990/debian sid/main amd64 libassuan0 amd64 2.5.3-7.1 [50.5 kB]
Get:52 http://127.0.0.1:12990/debian sid/main amd64 gpgconf amd64 2.2.20-1 [532 kB]
Get:53 http://127.0.0.1:12990/debian sid/main amd64 libksba8 amd64 1.4.0-2 [123 kB]
Get:54 http://127.0.0.1:12990/debian sid/main amd64 libsasl2-modules-db amd64 2.1.27+dfsg-2 [69.0 kB]
Get:55 http://127.0.0.1:12990/debian sid/main amd64 libsasl2-2 amd64 2.1.27+dfsg-2 [106 kB]
Get:56 http://127.0.0.1:12990/debian sid/main amd64 libldap-2.4-2 amd64 2.4.54+dfsg-1 [231 kB]
Get:57 http://127.0.0.1:12990/debian sid/main amd64 libnpth0 amd64 1.6-3 [19.0 kB]
Get:58 http://127.0.0.1:12990/debian sid/main amd64 dirmngr amd64 2.2.20-1 [740 kB]
Get:59 http://127.0.0.1:12990/debian sid/main amd64 gnupg-l10n all 2.2.20-1 [1035 kB]
Get:60 http://127.0.0.1:12990/debian sid/main amd64 gnupg-utils amd64 2.2.20-1 [889 kB]
Get:61 http://127.0.0.1:12990/debian sid/main amd64 gpg amd64 2.2.20-1 [894 kB]
Get:62 http://127.0.0.1:12990/debian sid/main amd64 pinentry-curses amd64 1.1.0-4 [64.9 kB]
Get:63 http://127.0.0.1:12990/debian sid/main amd64 gpg-agent amd64 2.2.20-1 [641 kB]
Get:64 http://127.0.0.1:12990/debian sid/main amd64 gpg-wks-client amd64 2.2.20-1 [507 kB]
Get:65 http://127.0.0.1:12990/debian sid/main amd64 gpg-wks-server amd64 2.2.20-1 [500 kB]
Get:66 http://127.0.0.1:12990/debian sid/main amd64 gpgsm amd64 2.2.20-1 [627 kB]
Get:67 http://127.0.0.1:12990/debian sid/main amd64 gnupg all 2.2.20-1 [749 kB]
Get:68 http://127.0.0.1:12990/debian sid/main amd64 libfile-which-perl all 1.23-1 [16.6 kB]
Get:69 http://127.0.0.1:12990/debian sid/main amd64 libfile-homedir-perl all 1.006-1 [43.8 kB]
Get:70 http://127.0.0.1:12990/debian sid/main amd64 libio-pty-perl amd64 1:1.12-1 [36.3 kB]
Get:71 http://127.0.0.1:12990/debian sid/main amd64 libipc-run-perl all 20200505.0-1 [102 kB]
Get:72 http://127.0.0.1:12990/debian sid/main amd64 libclass-method-modifiers-perl all 2.13-1 [19.2 kB]
Get:73 http://127.0.0.1:12990/debian sid/main amd64 libb-hooks-op-check-perl amd64 0.22-1+b2 [11.3 kB]
Get:74 http://127.0.0.1:12990/debian sid/main amd64 libdynaloader-functions-perl all 0.003-1 [12.6 kB]
Get:75 http://127.0.0.1:12990/debian sid/main amd64 libdevel-callchecker-perl amd64 0.008-1+b1 [15.9 kB]
Get:76 http://127.0.0.1:12990/debian sid/main amd64 libparams-classify-perl amd64 0.015-1+b2 [25.6 kB]
Get:77 http://127.0.0.1:12990/debian sid/main amd64 libmodule-runtime-perl all 0.016-1 [19.4 kB]
Get:78 http://127.0.0.1:12990/debian sid/main amd64 libimport-into-perl all 1.002005-1 [11.6 kB]
Get:79 http://127.0.0.1:12990/debian sid/main amd64 librole-tiny-perl all 2.001004-1 [20.8 kB]
Get:80 http://127.0.0.1:12990/debian sid/main amd64 libstrictures-perl all 2.000006-1 [18.6 kB]
Get:81 http://127.0.0.1:12990/debian sid/main amd64 libsub-quote-perl all 2.006006-1 [21.0 kB]
Get:82 http://127.0.0.1:12990/debian sid/main amd64 libmoo-perl all 2.004000-1 [59.4 kB]
Get:83 http://127.0.0.1:12990/debian sid/main amd64 libencode-locale-perl all 1.05-1 [13.7 kB]
Get:84 http://127.0.0.1:12990/debian sid/main amd64 libtimedate-perl all 2.3300-1 [39.2 kB]
Get:85 http://127.0.0.1:12990/debian sid/main amd64 libhttp-date-perl all 6.05-1 [10.4 kB]
Get:86 http://127.0.0.1:12990/debian sid/main amd64 libfile-listing-perl all 6.11-1 [11.2 kB]
Get:87 http://127.0.0.1:12990/debian sid/main amd64 libhtml-tagset-perl all 3.20-4 [13.0 kB]
Get:88 http://127.0.0.1:12990/debian sid/main amd64 liburi-perl all 5.05-1 [90.3 kB]
Get:89 http://127.0.0.1:12990/debian sid/main amd64 libhtml-parser-perl amd64 3.75-1 [105 kB]
Get:90 http://127.0.0.1:12990/debian sid/main amd64 libhtml-tree-perl all 5.07-2 [213 kB]
Get:91 http://127.0.0.1:12990/debian sid/main amd64 libio-html-perl all 1.001-1 [17.6 kB]
Get:92 http://127.0.0.1:12990/debian sid/main amd64 liblwp-mediatypes-perl all 6.04-1 [19.9 kB]
Get:93 http://127.0.0.1:12990/debian sid/main amd64 libhttp-message-perl all 6.26-1 [79.4 kB]
Get:94 http://127.0.0.1:12990/debian sid/main amd64 libhttp-cookies-perl all 6.08-1 [19.3 kB]
Get:95 http://127.0.0.1:12990/debian sid/main amd64 libhttp-negotiate-perl all 6.01-1 [12.8 kB]
Get:96 http://127.0.0.1:12990/debian sid/main amd64 perl-openssl-defaults amd64 5 [7360 B]
Get:97 http://127.0.0.1:12990/debian sid/main amd64 libnet-ssleay-perl amd64 1.88-3 [320 kB]
Get:98 http://127.0.0.1:12990/debian sid/main amd64 libio-socket-ssl-perl all 2.068-1 [215 kB]
Get:99 http://127.0.0.1:12990/debian sid/main amd64 libnet-http-perl all 6.19-1 [24.8 kB]
Get:100 http://127.0.0.1:12990/debian sid/main amd64 liblwp-protocol-https-perl all 6.09-1 [12.0 kB]
Get:101 http://127.0.0.1:12990/debian sid/main amd64 libtry-tiny-perl all 0.30-1 [23.3 kB]
Get:102 http://127.0.0.1:12990/debian sid/main amd64 libwww-robotrules-perl all 6.02-1 [12.9 kB]
Get:103 http://127.0.0.1:12990/debian sid/main amd64 libwww-perl all 6.49-1 [192 kB]
Get:104 http://127.0.0.1:12990/debian sid/main amd64 patchutils amd64 0.4.2-1 [77.5 kB]
Get:105 http://127.0.0.1:12990/debian sid/main amd64 wdiff amd64 1.2.2-2+b1 [122 kB]
Get:106 http://127.0.0.1:12990/debian sid/main amd64 devscripts amd64 2.20.4 [1061 kB]
Get:107 http://127.0.0.1:12990/debian sid/main amd64 rubygems-integration all 1.17.2 [6384 B]
Get:108 http://127.0.0.1:12990/debian sid/main amd64 ruby-minitest all 5.13.0-1 [57.3 kB]
Get:109 http://127.0.0.1:12990/debian sid/main amd64 ruby-net-telnet all 0.1.1-2 [12.5 kB]
Get:110 http://127.0.0.1:12990/debian sid/main amd64 ruby-power-assert all 1.1.7-1 [11.4 kB]
Get:111 http://127.0.0.1:12990/debian sid/main amd64 ruby-test-unit all 3.3.5-1 [85.3 kB]
Get:112 http://127.0.0.1:12990/debian sid/main amd64 ruby-xmlrpc all 0.3.0-2 [23.7 kB]
Get:113 http://127.0.0.1:12990/debian sid/main amd64 libyaml-0-2 amd64 0.2.2-1 [49.6 kB]
Get:114 http://127.0.0.1:12990/debian sid/main amd64 libruby2.7 amd64 2.7.2-2 [4133 kB]
Get:115 http://127.0.0.1:12990/debian sid/main amd64 ruby2.7 amd64 2.7.2-2 [683 kB]
Get:116 http://127.0.0.1:12990/debian sid/main amd64 ruby-rubygems all 3.2.0~rc.1-1 [274 kB]
Get:117 http://127.0.0.1:12990/debian sid/main amd64 ruby amd64 1:2.7+2 [11.7 kB]
Get:118 http://127.0.0.1:12990/debian sid/main amd64 rake all 13.0.1-4 [84.7 kB]
Get:119 http://127.0.0.1:12990/debian sid/main amd64 gem2deb-test-runner amd64 1.3 [26.1 kB]
Get:120 http://127.0.0.1:12990/debian sid/main amd64 libgmpxx4ldbl amd64 2:6.2.0+dfsg-6 [23.1 kB]
Get:121 http://127.0.0.1:12990/debian sid/main amd64 libgmp-dev amd64 2:6.2.0+dfsg-6 [643 kB]
Get:122 http://127.0.0.1:12990/debian sid/main amd64 ruby2.7-dev amd64 2.7.2-2 [770 kB]
Get:123 http://127.0.0.1:12990/debian sid/main amd64 ruby-all-dev amd64 1:2.7+2 [11.7 kB]
Get:124 http://127.0.0.1:12990/debian sid/main amd64 gem2deb amd64 1.3 [61.7 kB]
Get:125 http://127.0.0.1:12990/debian sid/main amd64 ruby-diff-lcs all 1.4.4-1 [35.9 kB]
Get:126 http://127.0.0.1:12990/debian sid/main amd64 ruby-rspec-support all 3.9.0c2e2m1s3-1 [30.7 kB]
Get:127 http://127.0.0.1:12990/debian sid/main amd64 ruby-rspec-core all 3.9.0c2e2m1s3-1 [163 kB]
Get:128 http://127.0.0.1:12990/debian sid/main amd64 ruby-rspec-expectations all 3.9.0c2e2m1s3-1 [89.8 kB]
Get:129 http://127.0.0.1:12990/debian sid/main amd64 ruby-rspec-mocks all 3.9.0c2e2m1s3-1 [81.3 kB]
Get:130 http://127.0.0.1:12990/debian sid/main amd64 ruby-rspec all 3.9.0c2e2m1s3-1 [8272 B]
debconf: delaying package configuration, since apt-utils is not installed
Fetched 45.1 MB in 0s (91.1 MB/s)
Selecting previously unselected package bsdextrautils.
(Reading database ... 14056 files and directories currently installed.)
Preparing to unpack .../0-bsdextrautils_2.36-3+b1_amd64.deb ...
Unpacking bsdextrautils (2.36-3+b1) ...
Selecting previously unselected package libuchardet0:amd64.
Preparing to unpack .../1-libuchardet0_0.0.7-1_amd64.deb ...
Unpacking libuchardet0:amd64 (0.0.7-1) ...
Selecting previously unselected package groff-base.
Preparing to unpack .../2-groff-base_1.22.4-5_amd64.deb ...
Unpacking groff-base (1.22.4-5) ...
Selecting previously unselected package libpipeline1:amd64.
Preparing to unpack .../3-libpipeline1_1.5.3-1_amd64.deb ...
Unpacking libpipeline1:amd64 (1.5.3-1) ...
Selecting previously unselected package man-db.
Preparing to unpack .../4-man-db_2.9.3-2_amd64.deb ...
Unpacking man-db (2.9.3-2) ...
Selecting previously unselected package libpython3.8-minimal:amd64.
Preparing to unpack .../5-libpython3.8-minimal_3.8.6-1_amd64.deb ...
Unpacking libpython3.8-minimal:amd64 (3.8.6-1) ...
Selecting previously unselected package libexpat1:amd64.
Preparing to unpack .../6-libexpat1_2.2.10-1_amd64.deb ...
Unpacking libexpat1:amd64 (2.2.10-1) ...
Selecting previously unselected package python3.8-minimal.
Preparing to unpack .../7-python3.8-minimal_3.8.6-1_amd64.deb ...
Unpacking python3.8-minimal (3.8.6-1) ...
Setting up libpython3.8-minimal:amd64 (3.8.6-1) ...
Setting up libexpat1:amd64 (2.2.10-1) ...
Setting up python3.8-minimal (3.8.6-1) ...
Selecting previously unselected package python3-minimal.
(Reading database ... 14903 files and directories currently installed.)
Preparing to unpack .../0-python3-minimal_3.8.6-1_amd64.deb ...
Unpacking python3-minimal (3.8.6-1) ...
Selecting previously unselected package mime-support.
Preparing to unpack .../1-mime-support_3.64_all.deb ...
Unpacking mime-support (3.64) ...
Selecting previously unselected package libncursesw6:amd64.
Preparing to unpack .../2-libncursesw6_6.2+20200918-1_amd64.deb ...
Unpacking libncursesw6:amd64 (6.2+20200918-1) ...
Selecting previously unselected package readline-common.
Preparing to unpack .../3-readline-common_8.0-4_all.deb ...
Unpacking readline-common (8.0-4) ...
Selecting previously unselected package libreadline8:amd64.
Preparing to unpack .../4-libreadline8_8.0-4_amd64.deb ...
Unpacking libreadline8:amd64 (8.0-4) ...
Selecting previously unselected package libsqlite3-0:amd64.
Preparing to unpack .../5-libsqlite3-0_3.33.0-1_amd64.deb ...
Unpacking libsqlite3-0:amd64 (3.33.0-1) ...
Selecting previously unselected package libpython3.8-stdlib:amd64.
Preparing to unpack .../6-libpython3.8-stdlib_3.8.6-1_amd64.deb ...
Unpacking libpython3.8-stdlib:amd64 (3.8.6-1) ...
Selecting previously unselected package python3.8.
Preparing to unpack .../7-python3.8_3.8.6-1_amd64.deb ...
Unpacking python3.8 (3.8.6-1) ...
Selecting previously unselected package libpython3-stdlib:amd64.
Preparing to unpack .../8-libpython3-stdlib_3.8.6-1_amd64.deb ...
Unpacking libpython3-stdlib:amd64 (3.8.6-1) ...
Setting up python3-minimal (3.8.6-1) ...
Selecting previously unselected package python3.
(Reading database ... 15340 files and directories currently installed.)
Preparing to unpack .../000-python3_3.8.6-1_amd64.deb ...
Unpacking python3 (3.8.6-1) ...
Selecting previously unselected package netbase.
Preparing to unpack .../001-netbase_6.2_all.deb ...
Unpacking netbase (6.2) ...
Selecting previously unselected package sensible-utils.
Preparing to unpack .../002-sensible-utils_0.0.12+nmu1_all.deb ...
Unpacking sensible-utils (0.0.12+nmu1) ...
Selecting previously unselected package libmagic-mgc.
Preparing to unpack .../003-libmagic-mgc_1%3a5.38-5_amd64.deb ...
Unpacking libmagic-mgc (1:5.38-5) ...
Selecting previously unselected package libmagic1:amd64.
Preparing to unpack .../004-libmagic1_1%3a5.38-5_amd64.deb ...
Unpacking libmagic1:amd64 (1:5.38-5) ...
Selecting previously unselected package file.
Preparing to unpack .../005-file_1%3a5.38-5_amd64.deb ...
Unpacking file (1:5.38-5) ...
Selecting previously unselected package gettext-base.
Preparing to unpack .../006-gettext-base_0.19.8.1-10_amd64.deb ...
Unpacking gettext-base (0.19.8.1-10) ...
Selecting previously unselected package libsigsegv2:amd64.
Preparing to unpack .../007-libsigsegv2_2.12-2_amd64.deb ...
Unpacking libsigsegv2:amd64 (2.12-2) ...
Selecting previously unselected package m4.
Preparing to unpack .../008-m4_1.4.18-4_amd64.deb ...
Unpacking m4 (1.4.18-4) ...
Selecting previously unselected package autoconf.
Preparing to unpack .../009-autoconf_2.69-11.1_all.deb ...
Unpacking autoconf (2.69-11.1) ...
Selecting previously unselected package autotools-dev.
Preparing to unpack .../010-autotools-dev_20180224.1_all.deb ...
Unpacking autotools-dev (20180224.1) ...
Selecting previously unselected package automake.
Preparing to unpack .../011-automake_1%3a1.16.2-4_all.deb ...
Unpacking automake (1:1.16.2-4) ...
Selecting previously unselected package autopoint.
Preparing to unpack .../012-autopoint_0.19.8.1-10_all.deb ...
Unpacking autopoint (0.19.8.1-10) ...
Selecting previously unselected package openssl.
Preparing to unpack .../013-openssl_1.1.1h-1_amd64.deb ...
Unpacking openssl (1.1.1h-1) ...
Selecting previously unselected package ca-certificates.
Preparing to unpack .../014-ca-certificates_20200601_all.deb ...
Unpacking ca-certificates (20200601) ...
Selecting previously unselected package libtool.
Preparing to unpack .../015-libtool_2.4.6-14_all.deb ...
Unpacking libtool (2.4.6-14) ...
Selecting previously unselected package dh-autoreconf.
Preparing to unpack .../016-dh-autoreconf_19_all.deb ...
Unpacking dh-autoreconf (19) ...
Selecting previously unselected package libdebhelper-perl.
Preparing to unpack .../017-libdebhelper-perl_13.2.1_all.deb ...
Unpacking libdebhelper-perl (13.2.1) ...
Selecting previously unselected package libarchive-zip-perl.
Preparing to unpack .../018-libarchive-zip-perl_1.68-1_all.deb ...
Unpacking libarchive-zip-perl (1.68-1) ...
Selecting previously unselected package libsub-override-perl.
Preparing to unpack .../019-libsub-override-perl_0.09-2_all.deb ...
Unpacking libsub-override-perl (0.09-2) ...
Selecting previously unselected package libfile-stripnondeterminism-perl.
Preparing to unpack .../020-libfile-stripnondeterminism-perl_1.9.0-1_all.deb ...
Unpacking libfile-stripnondeterminism-perl (1.9.0-1) ...
Selecting previously unselected package dh-strip-nondeterminism.
Preparing to unpack .../021-dh-strip-nondeterminism_1.9.0-1_all.deb ...
Unpacking dh-strip-nondeterminism (1.9.0-1) ...
Selecting previously unselected package libelf1:amd64.
Preparing to unpack .../022-libelf1_0.181-1_amd64.deb ...
Unpacking libelf1:amd64 (0.181-1) ...
Selecting previously unselected package dwz.
Preparing to unpack .../023-dwz_0.13-5_amd64.deb ...
Unpacking dwz (0.13-5) ...
Selecting previously unselected package libglib2.0-0:amd64.
Preparing to unpack .../024-libglib2.0-0_2.66.1-2_amd64.deb ...
Unpacking libglib2.0-0:amd64 (2.66.1-2) ...
Selecting previously unselected package libicu67:amd64.
Preparing to unpack .../025-libicu67_67.1-4_amd64.deb ...
Unpacking libicu67:amd64 (67.1-4) ...
Selecting previously unselected package libxml2:amd64.
Preparing to unpack .../026-libxml2_2.9.10+dfsg-6.1_amd64.deb ...
Unpacking libxml2:amd64 (2.9.10+dfsg-6.1) ...
Selecting previously unselected package libcroco3:amd64.
Preparing to unpack .../027-libcroco3_0.6.13-1_amd64.deb ...
Unpacking libcroco3:amd64 (0.6.13-1) ...
Selecting previously unselected package gettext.
Preparing to unpack .../028-gettext_0.19.8.1-10_amd64.deb ...
Unpacking gettext (0.19.8.1-10) ...
Selecting previously unselected package intltool-debian.
Preparing to unpack .../029-intltool-debian_0.35.0+20060710.5_all.deb ...
Unpacking intltool-debian (0.35.0+20060710.5) ...
Selecting previously unselected package po-debconf.
Preparing to unpack .../030-po-debconf_1.0.21_all.deb ...
Unpacking po-debconf (1.0.21) ...
Selecting previously unselected package debhelper.
Preparing to unpack .../031-debhelper_13.2.1_all.deb ...
Unpacking debhelper (13.2.1) ...
Selecting previously unselected package libassuan0:amd64.
Preparing to unpack .../032-libassuan0_2.5.3-7.1_amd64.deb ...
Unpacking libassuan0:amd64 (2.5.3-7.1) ...
Selecting previously unselected package gpgconf.
Preparing to unpack .../033-gpgconf_2.2.20-1_amd64.deb ...
Unpacking gpgconf (2.2.20-1) ...
Selecting previously unselected package libksba8:amd64.
Preparing to unpack .../034-libksba8_1.4.0-2_amd64.deb ...
Unpacking libksba8:amd64 (1.4.0-2) ...
Selecting previously unselected package libsasl2-modules-db:amd64.
Preparing to unpack .../035-libsasl2-modules-db_2.1.27+dfsg-2_amd64.deb ...
Unpacking libsasl2-modules-db:amd64 (2.1.27+dfsg-2) ...
Selecting previously unselected package libsasl2-2:amd64.
Preparing to unpack .../036-libsasl2-2_2.1.27+dfsg-2_amd64.deb ...
Unpacking libsasl2-2:amd64 (2.1.27+dfsg-2) ...
Selecting previously unselected package libldap-2.4-2:amd64.
Preparing to unpack .../037-libldap-2.4-2_2.4.54+dfsg-1_amd64.deb ...
Unpacking libldap-2.4-2:amd64 (2.4.54+dfsg-1) ...
Selecting previously unselected package libnpth0:amd64.
Preparing to unpack .../038-libnpth0_1.6-3_amd64.deb ...
Unpacking libnpth0:amd64 (1.6-3) ...
Selecting previously unselected package dirmngr.
Preparing to unpack .../039-dirmngr_2.2.20-1_amd64.deb ...
Unpacking dirmngr (2.2.20-1) ...
Selecting previously unselected package gnupg-l10n.
Preparing to unpack .../040-gnupg-l10n_2.2.20-1_all.deb ...
Unpacking gnupg-l10n (2.2.20-1) ...
Selecting previously unselected package gnupg-utils.
Preparing to unpack .../041-gnupg-utils_2.2.20-1_amd64.deb ...
Unpacking gnupg-utils (2.2.20-1) ...
Selecting previously unselected package gpg.
Preparing to unpack .../042-gpg_2.2.20-1_amd64.deb ...
Unpacking gpg (2.2.20-1) ...
Selecting previously unselected package pinentry-curses.
Preparing to unpack .../043-pinentry-curses_1.1.0-4_amd64.deb ...
Unpacking pinentry-curses (1.1.0-4) ...
Selecting previously unselected package gpg-agent.
Preparing to unpack .../044-gpg-agent_2.2.20-1_amd64.deb ...
Unpacking gpg-agent (2.2.20-1) ...
Selecting previously unselected package gpg-wks-client.
Preparing to unpack .../045-gpg-wks-client_2.2.20-1_amd64.deb ...
Unpacking gpg-wks-client (2.2.20-1) ...
Selecting previously unselected package gpg-wks-server.
Preparing to unpack .../046-gpg-wks-server_2.2.20-1_amd64.deb ...
Unpacking gpg-wks-server (2.2.20-1) ...
Selecting previously unselected package gpgsm.
Preparing to unpack .../047-gpgsm_2.2.20-1_amd64.deb ...
Unpacking gpgsm (2.2.20-1) ...
Selecting previously unselected package gnupg.
Preparing to unpack .../048-gnupg_2.2.20-1_all.deb ...
Unpacking gnupg (2.2.20-1) ...
Selecting previously unselected package libfile-which-perl.
Preparing to unpack .../049-libfile-which-perl_1.23-1_all.deb ...
Unpacking libfile-which-perl (1.23-1) ...
Selecting previously unselected package libfile-homedir-perl.
Preparing to unpack .../050-libfile-homedir-perl_1.006-1_all.deb ...
Unpacking libfile-homedir-perl (1.006-1) ...
Selecting previously unselected package libio-pty-perl.
Preparing to unpack .../051-libio-pty-perl_1%3a1.12-1_amd64.deb ...
Unpacking libio-pty-perl (1:1.12-1) ...
Selecting previously unselected package libipc-run-perl.
Preparing to unpack .../052-libipc-run-perl_20200505.0-1_all.deb ...
Unpacking libipc-run-perl (20200505.0-1) ...
Selecting previously unselected package libclass-method-modifiers-perl.
Preparing to unpack .../053-libclass-method-modifiers-perl_2.13-1_all.deb ...
Unpacking libclass-method-modifiers-perl (2.13-1) ...
Selecting previously unselected package libb-hooks-op-check-perl.
Preparing to unpack .../054-libb-hooks-op-check-perl_0.22-1+b2_amd64.deb ...
Unpacking libb-hooks-op-check-perl (0.22-1+b2) ...
Selecting previously unselected package libdynaloader-functions-perl.
Preparing to unpack .../055-libdynaloader-functions-perl_0.003-1_all.deb ...
Unpacking libdynaloader-functions-perl (0.003-1) ...
Selecting previously unselected package libdevel-callchecker-perl.
Preparing to unpack .../056-libdevel-callchecker-perl_0.008-1+b1_amd64.deb ...
Unpacking libdevel-callchecker-perl (0.008-1+b1) ...
Selecting previously unselected package libparams-classify-perl.
Preparing to unpack .../057-libparams-classify-perl_0.015-1+b2_amd64.deb ...
Unpacking libparams-classify-perl (0.015-1+b2) ...
Selecting previously unselected package libmodule-runtime-perl.
Preparing to unpack .../058-libmodule-runtime-perl_0.016-1_all.deb ...
Unpacking libmodule-runtime-perl (0.016-1) ...
Selecting previously unselected package libimport-into-perl.
Preparing to unpack .../059-libimport-into-perl_1.002005-1_all.deb ...
Unpacking libimport-into-perl (1.002005-1) ...
Selecting previously unselected package librole-tiny-perl.
Preparing to unpack .../060-librole-tiny-perl_2.001004-1_all.deb ...
Unpacking librole-tiny-perl (2.001004-1) ...
Selecting previously unselected package libstrictures-perl.
Preparing to unpack .../061-libstrictures-perl_2.000006-1_all.deb ...
Unpacking libstrictures-perl (2.000006-1) ...
Selecting previously unselected package libsub-quote-perl.
Preparing to unpack .../062-libsub-quote-perl_2.006006-1_all.deb ...
Unpacking libsub-quote-perl (2.006006-1) ...
Selecting previously unselected package libmoo-perl.
Preparing to unpack .../063-libmoo-perl_2.004000-1_all.deb ...
Unpacking libmoo-perl (2.004000-1) ...
Selecting previously unselected package libencode-locale-perl.
Preparing to unpack .../064-libencode-locale-perl_1.05-1_all.deb ...
Unpacking libencode-locale-perl (1.05-1) ...
Selecting previously unselected package libtimedate-perl.
Preparing to unpack .../065-libtimedate-perl_2.3300-1_all.deb ...
Unpacking libtimedate-perl (2.3300-1) ...
Selecting previously unselected package libhttp-date-perl.
Preparing to unpack .../066-libhttp-date-perl_6.05-1_all.deb ...
Unpacking libhttp-date-perl (6.05-1) ...
Selecting previously unselected package libfile-listing-perl.
Preparing to unpack .../067-libfile-listing-perl_6.11-1_all.deb ...
Unpacking libfile-listing-perl (6.11-1) ...
Selecting previously unselected package libhtml-tagset-perl.
Preparing to unpack .../068-libhtml-tagset-perl_3.20-4_all.deb ...
Unpacking libhtml-tagset-perl (3.20-4) ...
Selecting previously unselected package liburi-perl.
Preparing to unpack .../069-liburi-perl_5.05-1_all.deb ...
Unpacking liburi-perl (5.05-1) ...
Selecting previously unselected package libhtml-parser-perl.
Preparing to unpack .../070-libhtml-parser-perl_3.75-1_amd64.deb ...
Unpacking libhtml-parser-perl (3.75-1) ...
Selecting previously unselected package libhtml-tree-perl.
Preparing to unpack .../071-libhtml-tree-perl_5.07-2_all.deb ...
Unpacking libhtml-tree-perl (5.07-2) ...
Selecting previously unselected package libio-html-perl.
Preparing to unpack .../072-libio-html-perl_1.001-1_all.deb ...
Unpacking libio-html-perl (1.001-1) ...
Selecting previously unselected package liblwp-mediatypes-perl.
Preparing to unpack .../073-liblwp-mediatypes-perl_6.04-1_all.deb ...
Unpacking liblwp-mediatypes-perl (6.04-1) ...
Selecting previously unselected package libhttp-message-perl.
Preparing to unpack .../074-libhttp-message-perl_6.26-1_all.deb ...
Unpacking libhttp-message-perl (6.26-1) ...
Selecting previously unselected package libhttp-cookies-perl.
Preparing to unpack .../075-libhttp-cookies-perl_6.08-1_all.deb ...
Unpacking libhttp-cookies-perl (6.08-1) ...
Selecting previously unselected package libhttp-negotiate-perl.
Preparing to unpack .../076-libhttp-negotiate-perl_6.01-1_all.deb ...
Unpacking libhttp-negotiate-perl (6.01-1) ...
Selecting previously unselected package perl-openssl-defaults:amd64.
Preparing to unpack .../077-perl-openssl-defaults_5_amd64.deb ...
Unpacking perl-openssl-defaults:amd64 (5) ...
Selecting previously unselected package libnet-ssleay-perl.
Preparing to unpack .../078-libnet-ssleay-perl_1.88-3_amd64.deb ...
Unpacking libnet-ssleay-perl (1.88-3) ...
Selecting previously unselected package libio-socket-ssl-perl.
Preparing to unpack .../079-libio-socket-ssl-perl_2.068-1_all.deb ...
Unpacking libio-socket-ssl-perl (2.068-1) ...
Selecting previously unselected package libnet-http-perl.
Preparing to unpack .../080-libnet-http-perl_6.19-1_all.deb ...
Unpacking libnet-http-perl (6.19-1) ...
Selecting previously unselected package liblwp-protocol-https-perl.
Preparing to unpack .../081-liblwp-protocol-https-perl_6.09-1_all.deb ...
Unpacking liblwp-protocol-https-perl (6.09-1) ...
Selecting previously unselected package libtry-tiny-perl.
Preparing to unpack .../082-libtry-tiny-perl_0.30-1_all.deb ...
Unpacking libtry-tiny-perl (0.30-1) ...
Selecting previously unselected package libwww-robotrules-perl.
Preparing to unpack .../083-libwww-robotrules-perl_6.02-1_all.deb ...
Unpacking libwww-robotrules-perl (6.02-1) ...
Selecting previously unselected package libwww-perl.
Preparing to unpack .../084-libwww-perl_6.49-1_all.deb ...
Unpacking libwww-perl (6.49-1) ...
Selecting previously unselected package patchutils.
Preparing to unpack .../085-patchutils_0.4.2-1_amd64.deb ...
Unpacking patchutils (0.4.2-1) ...
Selecting previously unselected package wdiff.
Preparing to unpack .../086-wdiff_1.2.2-2+b1_amd64.deb ...
Unpacking wdiff (1.2.2-2+b1) ...
Selecting previously unselected package devscripts.
Preparing to unpack .../087-devscripts_2.20.4_amd64.deb ...
Unpacking devscripts (2.20.4) ...
Selecting previously unselected package rubygems-integration.
Preparing to unpack .../088-rubygems-integration_1.17.2_all.deb ...
Unpacking rubygems-integration (1.17.2) ...
Selecting previously unselected package ruby-minitest.
Preparing to unpack .../089-ruby-minitest_5.13.0-1_all.deb ...
Unpacking ruby-minitest (5.13.0-1) ...
Selecting previously unselected package ruby-net-telnet.
Preparing to unpack .../090-ruby-net-telnet_0.1.1-2_all.deb ...
Unpacking ruby-net-telnet (0.1.1-2) ...
Selecting previously unselected package ruby-power-assert.
Preparing to unpack .../091-ruby-power-assert_1.1.7-1_all.deb ...
Unpacking ruby-power-assert (1.1.7-1) ...
Selecting previously unselected package ruby-test-unit.
Preparing to unpack .../092-ruby-test-unit_3.3.5-1_all.deb ...
Unpacking ruby-test-unit (3.3.5-1) ...
Selecting previously unselected package ruby-xmlrpc.
Preparing to unpack .../093-ruby-xmlrpc_0.3.0-2_all.deb ...
Unpacking ruby-xmlrpc (0.3.0-2) ...
Selecting previously unselected package libyaml-0-2:amd64.
Preparing to unpack .../094-libyaml-0-2_0.2.2-1_amd64.deb ...
Unpacking libyaml-0-2:amd64 (0.2.2-1) ...
Selecting previously unselected package libruby2.7:amd64.
Preparing to unpack .../095-libruby2.7_2.7.2-2_amd64.deb ...
Unpacking libruby2.7:amd64 (2.7.2-2) ...
Selecting previously unselected package ruby2.7.
Preparing to unpack .../096-ruby2.7_2.7.2-2_amd64.deb ...
Unpacking ruby2.7 (2.7.2-2) ...
Selecting previously unselected package ruby-rubygems.
Preparing to unpack .../097-ruby-rubygems_3.2.0~rc.1-1_all.deb ...
Unpacking ruby-rubygems (3.2.0~rc.1-1) ...
Selecting previously unselected package ruby.
Preparing to unpack .../098-ruby_1%3a2.7+2_amd64.deb ...
Unpacking ruby (1:2.7+2) ...
Selecting previously unselected package rake.
Preparing to unpack .../099-rake_13.0.1-4_all.deb ...
Unpacking rake (13.0.1-4) ...
Selecting previously unselected package gem2deb-test-runner.
Preparing to unpack .../100-gem2deb-test-runner_1.3_amd64.deb ...
Unpacking gem2deb-test-runner (1.3) ...
Selecting previously unselected package libgmpxx4ldbl:amd64.
Preparing to unpack .../101-libgmpxx4ldbl_2%3a6.2.0+dfsg-6_amd64.deb ...
Unpacking libgmpxx4ldbl:amd64 (2:6.2.0+dfsg-6) ...
Selecting previously unselected package libgmp-dev:amd64.
Preparing to unpack .../102-libgmp-dev_2%3a6.2.0+dfsg-6_amd64.deb ...
Unpacking libgmp-dev:amd64 (2:6.2.0+dfsg-6) ...
Selecting previously unselected package ruby2.7-dev:amd64.
Preparing to unpack .../103-ruby2.7-dev_2.7.2-2_amd64.deb ...
Unpacking ruby2.7-dev:amd64 (2.7.2-2) ...
Selecting previously unselected package ruby-all-dev:amd64.
Preparing to unpack .../104-ruby-all-dev_1%3a2.7+2_amd64.deb ...
Unpacking ruby-all-dev:amd64 (1:2.7+2) ...
Selecting previously unselected package gem2deb.
Preparing to unpack .../105-gem2deb_1.3_amd64.deb ...
Unpacking gem2deb (1.3) ...
Selecting previously unselected package ruby-diff-lcs.
Preparing to unpack .../106-ruby-diff-lcs_1.4.4-1_all.deb ...
Unpacking ruby-diff-lcs (1.4.4-1) ...
Selecting previously unselected package ruby-rspec-support.
Preparing to unpack .../107-ruby-rspec-support_3.9.0c2e2m1s3-1_all.deb ...
Unpacking ruby-rspec-support (3.9.0c2e2m1s3-1) ...
Selecting previously unselected package ruby-rspec-core.
Preparing to unpack .../108-ruby-rspec-core_3.9.0c2e2m1s3-1_all.deb ...
Unpacking ruby-rspec-core (3.9.0c2e2m1s3-1) ...
Selecting previously unselected package ruby-rspec-expectations.
Preparing to unpack .../109-ruby-rspec-expectations_3.9.0c2e2m1s3-1_all.deb ...
Unpacking ruby-rspec-expectations (3.9.0c2e2m1s3-1) ...
Selecting previously unselected package ruby-rspec-mocks.
Preparing to unpack .../110-ruby-rspec-mocks_3.9.0c2e2m1s3-1_all.deb ...
Unpacking ruby-rspec-mocks (3.9.0c2e2m1s3-1) ...
Selecting previously unselected package ruby-rspec.
Preparing to unpack .../111-ruby-rspec_3.9.0c2e2m1s3-1_all.deb ...
Unpacking ruby-rspec (3.9.0c2e2m1s3-1) ...
Selecting previously unselected package sbuild-build-depends-main-dummy.
Preparing to unpack .../112-sbuild-build-depends-main-dummy_0.invalid.0_amd64.deb ...
Unpacking sbuild-build-depends-main-dummy (0.invalid.0) ...
Setting up libksba8:amd64 (1.4.0-2) ...
Setting up libpipeline1:amd64 (1.5.3-1) ...
Setting up wdiff (1.2.2-2+b1) ...
Setting up libfile-which-perl (1.23-1) ...
Setting up mime-support (3.64) ...
Setting up bsdextrautils (2.36-3+b1) ...
update-alternatives: using /usr/bin/write.ul to provide /usr/bin/write (write) in auto mode
Setting up libicu67:amd64 (67.1-4) ...
Setting up libdynaloader-functions-perl (0.003-1) ...
Setting up libclass-method-modifiers-perl (2.13-1) ...
Setting up ruby-power-assert (1.1.7-1) ...
Setting up libio-pty-perl (1:1.12-1) ...
Setting up libmagic-mgc (1:5.38-5) ...
Setting up libarchive-zip-perl (1.68-1) ...
Setting up libyaml-0-2:amd64 (0.2.2-1) ...
Setting up libglib2.0-0:amd64 (2.66.1-2) ...
No schema files found: doing nothing.
Setting up libhtml-tagset-perl (3.20-4) ...
Setting up libdebhelper-perl (13.2.1) ...
Setting up libsqlite3-0:amd64 (3.33.0-1) ...
Setting up liblwp-mediatypes-perl (6.04-1) ...
Setting up libtry-tiny-perl (0.30-1) ...
Setting up libmagic1:amd64 (1:5.38-5) ...
Setting up perl-openssl-defaults:amd64 (5) ...
Setting up gettext-base (0.19.8.1-10) ...
Setting up libencode-locale-perl (1.05-1) ...
Setting up libnpth0:amd64 (1.6-3) ...
Setting up file (1:5.38-5) ...
Setting up libassuan0:amd64 (2.5.3-7.1) ...
Setting up libsasl2-modules-db:amd64 (2.1.27+dfsg-2) ...
Setting up ruby-minitest (5.13.0-1) ...
Setting up autotools-dev (20180224.1) ...
Setting up libgmpxx4ldbl:amd64 (2:6.2.0+dfsg-6) ...
Setting up ruby-test-unit (3.3.5-1) ...
Setting up gnupg-l10n (2.2.20-1) ...
Setting up ruby-net-telnet (0.1.1-2) ...
Setting up libsigsegv2:amd64 (2.12-2) ...
Setting up libio-html-perl (1.001-1) ...
Setting up autopoint (0.19.8.1-10) ...
Setting up libb-hooks-op-check-perl (0.22-1+b2) ...
Setting up libipc-run-perl (20200505.0-1) ...
Setting up libncursesw6:amd64 (6.2+20200918-1) ...
Setting up libsasl2-2:amd64 (2.1.27+dfsg-2) ...
Setting up ruby-rspec-support (3.9.0c2e2m1s3-1) ...
Setting up libtimedate-perl (2.3300-1) ...
Setting up sensible-utils (0.0.12+nmu1) ...
Setting up libuchardet0:amd64 (0.0.7-1) ...
Setting up librole-tiny-perl (2.001004-1) ...
Setting up libsub-override-perl (0.09-2) ...
Setting up netbase (6.2) ...
Setting up libstrictures-perl (2.000006-1) ...
Setting up libsub-quote-perl (2.006006-1) ...
Setting up libfile-homedir-perl (1.006-1) ...
Setting up openssl (1.1.1h-1) ...
Setting up libelf1:amd64 (0.181-1) ...
Setting up readline-common (8.0-4) ...
Setting up ruby-xmlrpc (0.3.0-2) ...
Setting up libxml2:amd64 (2.9.10+dfsg-6.1) ...
Setting up liburi-perl (5.05-1) ...
Setting up libnet-ssleay-perl (1.88-3) ...
Setting up pinentry-curses (1.1.0-4) ...
Setting up libfile-stripnondeterminism-perl (1.9.0-1) ...
Setting up libhttp-date-perl (6.05-1) ...
Setting up libgmp-dev:amd64 (2:6.2.0+dfsg-6) ...
Setting up libfile-listing-perl (6.11-1) ...
Setting up libtool (2.4.6-14) ...
Setting up libreadline8:amd64 (8.0-4) ...
Setting up libldap-2.4-2:amd64 (2.4.54+dfsg-1) ...
Setting up libnet-http-perl (6.19-1) ...
Setting up m4 (1.4.18-4) ...
Setting up libdevel-callchecker-perl (0.008-1+b1) ...
Setting up patchutils (0.4.2-1) ...
Setting up ca-certificates (20200601) ...
Updating certificates in /etc/ssl/certs...
126 added, 0 removed; done.
Setting up libcroco3:amd64 (0.6.13-1) ...
Setting up autoconf (2.69-11.1) ...
Setting up dh-strip-nondeterminism (1.9.0-1) ...
Setting up libwww-robotrules-perl (6.02-1) ...
Setting up dwz (0.13-5) ...
Setting up groff-base (1.22.4-5) ...
Setting up libhtml-parser-perl (3.75-1) ...
Setting up gpgconf (2.2.20-1) ...
Setting up libpython3.8-stdlib:amd64 (3.8.6-1) ...
Setting up python3.8 (3.8.6-1) ...
Setting up libio-socket-ssl-perl (2.068-1) ...
Setting up gpg (2.2.20-1) ...
Setting up libpython3-stdlib:amd64 (3.8.6-1) ...
Setting up gnupg-utils (2.2.20-1) ...
Setting up libhttp-message-perl (6.26-1) ...
Setting up automake (1:1.16.2-4) ...
update-alternatives: using /usr/bin/automake-1.16 to provide /usr/bin/automake (automake) in auto mode
Setting up libhttp-negotiate-perl (6.01-1) ...
Setting up gettext (0.19.8.1-10) ...
Setting up gpg-agent (2.2.20-1) ...
Setting up libhttp-cookies-perl (6.08-1) ...
Setting up libhtml-tree-perl (5.07-2) ...
Setting up libparams-classify-perl (0.015-1+b2) ...
Setting up gpgsm (2.2.20-1) ...
Setting up python3 (3.8.6-1) ...
Setting up rubygems-integration (1.17.2) ...
Setting up man-db (2.9.3-2) ...
Not building database; man-db/auto-update is not 'true'.
Setting up intltool-debian (0.35.0+20060710.5) ...
Setting up dirmngr (2.2.20-1) ...
Setting up libmodule-runtime-perl (0.016-1) ...
Setting up gpg-wks-server (2.2.20-1) ...
Setting up gpg-wks-client (2.2.20-1) ...
Setting up libimport-into-perl (1.002005-1) ...
Setting up libmoo-perl (2.004000-1) ...
Setting up po-debconf (1.0.21) ...
Setting up gnupg (2.2.20-1) ...
Setting up dh-autoreconf (19) ...
Setting up ruby (1:2.7+2) ...
Setting up rake (13.0.1-4) ...
Setting up ruby-rspec-core (3.9.0c2e2m1s3-1) ...
Setting up ruby-diff-lcs (1.4.4-1) ...
Setting up liblwp-protocol-https-perl (6.09-1) ...
Setting up libwww-perl (6.49-1) ...
Setting up debhelper (13.2.1) ...
Setting up ruby-rubygems (3.2.0~rc.1-1) ...
Setting up libruby2.7:amd64 (2.7.2-2) ...
Setting up gem2deb-test-runner (1.3) ...
Setting up devscripts (2.20.4) ...
Setting up ruby-rspec-expectations (3.9.0c2e2m1s3-1) ...
Setting up ruby-rspec-mocks (3.9.0c2e2m1s3-1) ...
Setting up ruby2.7-dev:amd64 (2.7.2-2) ...
Setting up ruby-rspec (3.9.0c2e2m1s3-1) ...
Setting up ruby2.7 (2.7.2-2) ...
Setting up ruby-all-dev:amd64 (1:2.7+2) ...
Setting up gem2deb (1.3) ...
Setting up sbuild-build-depends-main-dummy (0.invalid.0) ...
Processing triggers for libc-bin (2.31-4) ...
Processing triggers for ca-certificates (20200601) ...
Updating certificates in /etc/ssl/certs...
0 added, 0 removed; done.
Running hooks in /etc/ca-certificates/update.d...
done.

+------------------------------------------------------------------------------+
| Check architectures                                                          |
+------------------------------------------------------------------------------+

Arch check ok (amd64 included in any)

+------------------------------------------------------------------------------+
| Build environment                                                            |
+------------------------------------------------------------------------------+

Kernel: Linux 4.19.0-6-cloud-amd64 #1 SMP Debian 4.19.67-2+deb10u2 (2019-11-11) amd64 (x86_64)
Toolchain package versions: binutils_2.35.1-2 dpkg-dev_1.20.5 g++-10_10.2.0-15 gcc-10_10.2.0-15 libc6-dev_2.31-4 libstdc++-10-dev_10.2.0-15 libstdc++6_10.2.0-15 linux-libc-dev_5.9.1-1
Package versions: adduser_3.118 apt_2.1.11 autoconf_2.69-11.1 automake_1:1.16.2-4 autopoint_0.19.8.1-10 autotools-dev_20180224.1 base-files_11 base-passwd_3.5.48 bash_5.1~rc1-2 binutils_2.35.1-2 binutils-common_2.35.1-2 binutils-x86-64-linux-gnu_2.35.1-2 bsdextrautils_2.36-3+b1 bsdutils_1:2.36-3+b1 build-essential_12.8 bzip2_1.0.8-4 ca-certificates_20200601 clang-10_1:10.0.1-7 coreutils_8.32-4+b1 cpp_4:10.2.0-1 cpp-10_10.2.0-15 dash_0.5.10.2-7 debconf_1.5.74 debhelper_13.2.1 debian-archive-keyring_2019.1 debianutils_4.11.2 devscripts_2.20.4 dh-autoreconf_19 dh-strip-nondeterminism_1.9.0-1 diffutils_1:3.7-3 dirmngr_2.2.20-1 dpkg_1.20.5 dpkg-dev_1.20.5 dwz_0.13-5 e2fsprogs_1.45.6-1 fakeroot_1.25.3-1 file_1:5.38-5 findutils_4.7.0+git20201010-2 g++_4:10.2.0-1 g++-10_10.2.0-15 gcc_4:10.2.0-1 gcc-10_10.2.0-15 gcc-10-base_10.2.0-15 gcc-9-base_9.3.0-18 gem2deb_1.3 gem2deb-test-runner_1.3 gettext_0.19.8.1-10 gettext-base_0.19.8.1-10 gnupg_2.2.20-1 gnupg-l10n_2.2.20-1 gnupg-utils_2.2.20-1 gpg_2.2.20-1 gpg-agent_2.2.20-1 gpg-wks-client_2.2.20-1 gpg-wks-server_2.2.20-1 gpgconf_2.2.20-1 gpgsm_2.2.20-1 gpgv_2.2.20-1 grep_3.4-1 groff-base_1.22.4-5 gzip_1.10-2 hostname_3.23 init-system-helpers_1.58 intltool-debian_0.35.0+20060710.5 lib32gcc-s1_10.2.0-15 lib32stdc++6_10.2.0-15 libacl1_2.2.53-8 libapt-pkg6.0_2.1.11 libarchive-zip-perl_1.68-1 libasan5_9.3.0-18 libasan6_10.2.0-15 libassuan0_2.5.3-7.1 libatomic1_10.2.0-15 libattr1_1:2.4.48-5 libaudit-common_1:2.8.5-3.1 libaudit1_1:2.8.5-3.1 libb-hooks-op-check-perl_0.22-1+b2 libbinutils_2.35.1-2 libblkid1_2.36-3+b1 libbsd0_0.10.0-1 libbz2-1.0_1.0.8-4 libc-bin_2.31-4 libc-dev-bin_2.31-4 libc6_2.31-4 libc6-dev_2.31-4 libc6-i386_2.31-4 libcap-ng0_0.7.9-2.2 libcc1-0_10.2.0-15 libclang-common-10-dev_1:10.0.1-7 libclang-cpp10_1:10.0.1-7 libclang1-10_1:10.0.1-7 libclass-method-modifiers-perl_2.13-1 libcom-err2_1.45.6-1 libcroco3_0.6.13-1 libcrypt-dev_1:4.4.17-1 libcrypt1_1:4.4.17-1 libctf-nobfd0_2.35.1-2 libctf0_2.35.1-2 libdb5.3_5.3.28+dfsg1-0.6 libdebconfclient0_0.255 libdebhelper-perl_13.2.1 libdevel-callchecker-perl_0.008-1+b1 libdpkg-perl_1.20.5 libdynaloader-functions-perl_0.003-1 libedit2_3.1-20191231-1 libelf1_0.181-1 libencode-locale-perl_1.05-1 libexpat1_2.2.10-1 libext2fs2_1.45.6-1 libfakeroot_1.25.3-1 libffi7_3.3-4 libfile-homedir-perl_1.006-1 libfile-listing-perl_6.11-1 libfile-stripnondeterminism-perl_1.9.0-1 libfile-which-perl_1.23-1 libgc1_1:8.0.4-2.1 libgcc-10-dev_10.2.0-15 libgcc-9-dev_9.3.0-18 libgcc-s1_10.2.0-15 libgcrypt20_1.8.7-2 libgdbm-compat4_1.18.1-5.1 libgdbm6_1.18.1-5.1 libglib2.0-0_2.66.1-2 libgmp-dev_2:6.2.0+dfsg-6 libgmp10_2:6.2.0+dfsg-6 libgmpxx4ldbl_2:6.2.0+dfsg-6 libgnutls30_3.6.15-4 libgomp1_10.2.0-15 libgpg-error0_1.38-2 libgssapi-krb5-2_1.17-10 libhogweed6_3.6-2 libhtml-parser-perl_3.75-1 libhtml-tagset-perl_3.20-4 libhtml-tree-perl_5.07-2 libhttp-cookies-perl_6.08-1 libhttp-date-perl_6.05-1 libhttp-message-perl_6.26-1 libhttp-negotiate-perl_6.01-1 libicu67_67.1-4 libidn2-0_2.3.0-1 libimport-into-perl_1.002005-1 libio-html-perl_1.001-1 libio-pty-perl_1:1.12-1 libio-socket-ssl-perl_2.068-1 libipc-run-perl_20200505.0-1 libisl22_0.22.1-1 libitm1_10.2.0-15 libk5crypto3_1.17-10 libkeyutils1_1.6.1-2 libkrb5-3_1.17-10 libkrb5support0_1.17-10 libksba8_1.4.0-2 libldap-2.4-2_2.4.54+dfsg-1 libllvm10_1:10.0.1-7 liblsan0_10.2.0-15 liblwp-mediatypes-perl_6.04-1 liblwp-protocol-https-perl_6.09-1 liblz4-1_1.9.2-2 liblzma5_5.2.4-1+b1 libmagic-mgc_1:5.38-5 libmagic1_1:5.38-5 libmodule-runtime-perl_0.016-1 libmoo-perl_2.004000-1 libmount1_2.36-3+b1 libmpc3_1.2.0-1 libmpfr6_4.1.0-3 libncursesw6_6.2+20200918-1 libnet-http-perl_6.19-1 libnet-ssleay-perl_1.88-3 libnettle8_3.6-2 libnpth0_1.6-3 libnsl-dev_1.3.0-2 libnsl2_1.3.0-2 libnss-nis_3.1-4 libnss-nisplus_1.3-4 libobjc-10-dev_10.2.0-15 libobjc-9-dev_9.3.0-18 libobjc4_10.2.0-15 libomp-10-dev_1:10.0.1-7 libomp5-10_1:10.0.1-7 libp11-kit0_0.23.21-2 libpam-modules_1.3.1-5 libpam-modules-bin_1.3.1-5 libpam-runtime_1.3.1-5 libpam0g_1.3.1-5 libparams-classify-perl_0.015-1+b2 libpcre2-8-0_10.34-7 libpcre3_2:8.39-13 libperl5.30_5.30.3-4 libpipeline1_1.5.3-1 libpython3-stdlib_3.8.6-1 libpython3.8-minimal_3.8.6-1 libpython3.8-stdlib_3.8.6-1 libquadmath0_10.2.0-15 libreadline8_8.0-4 librole-tiny-perl_2.001004-1 libruby2.7_2.7.2-2 libsasl2-2_2.1.27+dfsg-2 libsasl2-modules-db_2.1.27+dfsg-2 libseccomp2_2.4.4-1+b1 libselinux1_3.1-2+b1 libsemanage-common_3.1-1 libsemanage1_3.1-1+b1 libsepol1_3.1-1 libsigsegv2_2.12-2 libsmartcols1_2.36-3+b1 libsqlite3-0_3.33.0-1 libss2_1.45.6-1 libssl1.1_1.1.1h-1 libstdc++-10-dev_10.2.0-15 libstdc++6_10.2.0-15 libstrictures-perl_2.000006-1 libsub-override-perl_0.09-2 libsub-quote-perl_2.006006-1 libsystemd0_246.6-2 libtasn1-6_4.16.0-2 libtimedate-perl_2.3300-1 libtinfo6_6.2+20200918-1 libtirpc-common_1.2.6-3 libtirpc-dev_1.2.6-3 libtirpc3_1.2.6-3 libtool_2.4.6-14 libtry-tiny-perl_0.30-1 libtsan0_10.2.0-15 libubsan1_10.2.0-15 libuchardet0_0.0.7-1 libudev1_246.6-2 libunistring2_0.9.10-4 liburi-perl_5.05-1 libuuid1_2.36-3+b1 libwww-perl_6.49-1 libwww-robotrules-perl_6.02-1 libxml2_2.9.10+dfsg-6.1 libyaml-0-2_0.2.2-1 libz3-4_4.8.9-1 libzstd1_1.4.5+dfsg-4 linux-libc-dev_5.9.1-1 login_1:4.8.1-1 logsave_1.45.6-1 lsb-base_11.1.0 m4_1.4.18-4 make_4.3-4 man-db_2.9.3-2 mawk_1.3.4.20200120-2 mime-support_3.64 mount_2.36-3+b1 ncurses-base_6.2+20200918-1 ncurses-bin_6.2+20200918-1 netbase_6.2 openssl_1.1.1h-1 passwd_1:4.8.1-1 patch_2.7.6-6 patchutils_0.4.2-1 perl_5.30.3-4 perl-base_5.30.3-4 perl-modules-5.30_5.30.3-4 perl-openssl-defaults_5 pinentry-curses_1.1.0-4 po-debconf_1.0.21 python3_3.8.6-1 python3-minimal_3.8.6-1 python3.8_3.8.6-1 python3.8-minimal_3.8.6-1 qt5-qmake_5.14.2+dfsg-6 qt5-qmake-bin_5.14.2+dfsg-6 qtchooser_66-2 rake_13.0.1-4 readline-common_8.0-4 ruby_1:2.7+2 ruby-all-dev_1:2.7+2 ruby-diff-lcs_1.4.4-1 ruby-minitest_5.13.0-1 ruby-net-telnet_0.1.1-2 ruby-power-assert_1.1.7-1 ruby-rspec_3.9.0c2e2m1s3-1 ruby-rspec-core_3.9.0c2e2m1s3-1 ruby-rspec-expectations_3.9.0c2e2m1s3-1 ruby-rspec-mocks_3.9.0c2e2m1s3-1 ruby-rspec-support_3.9.0c2e2m1s3-1 ruby-rubygems_3.2.0~rc.1-1 ruby-test-unit_3.3.5-1 ruby-xmlrpc_0.3.0-2 ruby2.7_2.7.2-2 ruby2.7-dev_2.7.2-2 rubygems-integration_1.17.2 sbuild-build-depends-main-dummy_0.invalid.0 sed_4.7-1 sensible-utils_0.0.12+nmu1 sysvinit-utils_2.96-5 tar_1.30+dfsg-7 tzdata_2020d-1 util-linux_2.36-3+b1 wdiff_1.2.2-2+b1 xz-utils_5.2.4-1+b1 zlib1g_1:1.2.11.dfsg-2

+------------------------------------------------------------------------------+
| Build                                                                        |
+------------------------------------------------------------------------------+


Unpack source
-------------

-----BEGIN PGP SIGNED MESSAGE-----
Hash: SHA512

Format: 3.0 (quilt)
Source: ruby-thrift
Binary: ruby-thrift
Architecture: any
Version: 0.11.0.0-3
Maintainer: Debian Ruby Extras Maintainers <pkg-ruby-extras-maintainers@lists.alioth.debian.org>
Uploaders: Utkarsh Gupta <guptautkarsh2102@gmail.com>
Homepage: https://thrift.apache.org
Standards-Version: 4.5.0
Vcs-Browser: https://salsa.debian.org/ruby-team/ruby-thrift
Vcs-Git: https://salsa.debian.org/ruby-team/ruby-thrift.git
Testsuite: autopkgtest-pkg-ruby
Build-Depends: debhelper-compat (= 12), gem2deb (>= 1.0), rake, ruby-rspec
Package-List:
 ruby-thrift deb ruby optional arch=any
Checksums-Sha1:
 7fe4aeda60cda7f64788607870f628c54a876610 83334 ruby-thrift_0.11.0.0.orig.tar.gz
 049fe53b34c144aad9323d18a779ca875f80e012 2016 ruby-thrift_0.11.0.0-3.debian.tar.xz
Checksums-Sha256:
 83948f55a45df2f0b4ee04c9318bf5447470945b832a24ddc538704c9a59e518 83334 ruby-thrift_0.11.0.0.orig.tar.gz
 4005c3456f23e5ab2ddfd91ad08d3e8690d2745d9c0bf3de45328fe30d1a6cc7 2016 ruby-thrift_0.11.0.0-3.debian.tar.xz
Files:
 79776de56d547f62f82b06915c9039e3 83334 ruby-thrift_0.11.0.0.orig.tar.gz
 1520b55aab554fd0f3e90ef8d481e567 2016 ruby-thrift_0.11.0.0-3.debian.tar.xz
Ruby-Versions: all

-----BEGIN PGP SIGNATURE-----

iQIzBAEBCgAdFiEE0whj4mAg5UP0cZqDj1PgGTspS3UFAl8QjnwACgkQj1PgGTsp
S3XzLw//Sd2K9hxrXXWb88Z5jSFRhQNXmbQXxPafp3pXptw1WdSLHvsASzcWuBdW
iTxzcpGzb6XpL6WKtyjlXi1RF/bSDcQ8KgdeuZ7cDD4UXtwtlZ3a/M2BHeI2kswx
T1eeHpsRux7fGTHR0W5f+3WrxQfZiXaBlytwIvNhbR+RKQdgRIBAtHVpx8aSd7n9
3NqmsY3Jy8oYoipjJfzLidliixdcFEzrfPEzgtu7YaOgJImu6YtZ+8IXzNm6rFqx
mcnKc589Coh9tRHhT9BbML73F8udOtzTv3RKlVxObAFW6vBJGUFy3WS5Ut3cq1BY
pw1HkjaBDKlWFEUDjThnohxoBwWse5HquqruwDguGOahu/gL3SexBS5x+N9pedaC
/AGQoxPIIer9egzAhOmjEVM+bDnp8FocUczUsowPwxSPdq1Zu5okDgXAij8pfpsg
xDVaeygL+d3ra7+ne2EVsjvaQbYlw0tRNb1MBWhBqAElM/WjcBCYEyhJOub3OTsQ
wyT43gt2Bcbn79ru9iCFU5BMNd2TJzAG2j9+eiDFGAUK4m4Y9L4uXKSUH3WMF/qR
GeswkzN1/+qxWBEAtO7VGWsGM+w87ivtojziB09Ltf25r5+UbYuSdqEeMaaNnxoT
vW3Ci7w3CzjBKxoyHZvOpsugByAJE3pDDwRirpp8CecxWXuNefU=
=E+U/
-----END PGP SIGNATURE-----

gpgv: unknown type of key resource 'trustedkeys.kbx'
gpgv: keyblock resource '/tmp/dpkg-verify-sig.HoJvUR_M/trustedkeys.kbx': General error
gpgv: Signature made Thu Jul 16 17:29:32 2020 UTC
gpgv:                using RSA key D30863E26020E543F4719A838F53E0193B294B75
gpgv: Can't check signature: No public key
dpkg-source: warning: failed to verify signature on ./ruby-thrift_0.11.0.0-3.dsc
dpkg-source: info: extracting ruby-thrift in /<<PKGBUILDDIR>>
dpkg-source: info: unpacking ruby-thrift_0.11.0.0.orig.tar.gz
dpkg-source: info: unpacking ruby-thrift_0.11.0.0-3.debian.tar.xz

Check disk space
----------------

Sufficient free space for build

User Environment
----------------

APT_CONFIG=/var/lib/sbuild/apt.conf
HOME=/sbuild-nonexistent
LANG=C.UTF-8
LC_ALL=C.UTF-8
LOGNAME=user42
PATH=/usr/local/sbin:/usr/local/bin:/usr/sbin:/usr/bin:/sbin:/bin:/usr/games
SCHROOT_ALIAS_NAME=unstable
SCHROOT_CHROOT_NAME=sid-amd64-sbuild
SCHROOT_COMMAND=env
SCHROOT_GID=1001
SCHROOT_GROUP=user42
SCHROOT_SESSION_ID=sid-amd64-sbuild-a015d22c-6dbb-4cdd-b459-70920437e85f
SCHROOT_UID=1001
SCHROOT_USER=user42
SHELL=/bin/sh
USER=user42

dpkg-buildpackage
-----------------

Command: dpkg-buildpackage -us -uc -b -rfakeroot
dpkg-buildpackage: info: source package ruby-thrift
dpkg-buildpackage: info: source version 0.11.0.0-3
dpkg-buildpackage: info: source distribution unstable
dpkg-buildpackage: info: source changed by Pirate Praveen <praveen@debian.org>
 dpkg-source --before-build .
dpkg-buildpackage: info: host architecture amd64
 debian/rules clean
dh clean --buildsystem=ruby --with ruby
   dh_auto_clean -O--buildsystem=ruby
	dh_ruby --clean
   dh_ruby --clean
   dh_autoreconf_clean -O--buildsystem=ruby
   dh_clean -O--buildsystem=ruby
 debian/rules binary
dh binary --buildsystem=ruby --with ruby
   dh_update_autotools_config -O--buildsystem=ruby
   dh_autoreconf -O--buildsystem=ruby
   dh_auto_configure -O--buildsystem=ruby
	dh_ruby --configure
   dh_auto_build -O--buildsystem=ruby
	dh_ruby --build
   dh_ruby --build
   dh_auto_test -O--buildsystem=ruby
	dh_ruby --test
   create-stamp debian/debhelper-build-stamp
   dh_testroot -O--buildsystem=ruby
   dh_prep -O--buildsystem=ruby
   dh_auto_install -O--buildsystem=ruby
	dh_ruby --install /<<PKGBUILDDIR>>/debian/ruby-thrift
   dh_ruby --install


 Install files                                                                


install -d /<<PKGBUILDDIR>>/debian/ruby-thrift/usr/lib/ruby/vendor_ruby
install -D -m644 /<<PKGBUILDDIR>>/lib/thrift/server/thread_pool_server.rb /<<PKGBUILDDIR>>/debian/ruby-thrift/usr/lib/ruby/vendor_ruby/thrift/server/thread_pool_server.rb
install -D -m644 /<<PKGBUILDDIR>>/lib/thrift/server/simple_server.rb /<<PKGBUILDDIR>>/debian/ruby-thrift/usr/lib/ruby/vendor_ruby/thrift/server/simple_server.rb
install -D -m644 /<<PKGBUILDDIR>>/lib/thrift/server/base_server.rb /<<PKGBUILDDIR>>/debian/ruby-thrift/usr/lib/ruby/vendor_ruby/thrift/server/base_server.rb
install -D -m644 /<<PKGBUILDDIR>>/lib/thrift/server/thin_http_server.rb /<<PKGBUILDDIR>>/debian/ruby-thrift/usr/lib/ruby/vendor_ruby/thrift/server/thin_http_server.rb
install -D -m644 /<<PKGBUILDDIR>>/lib/thrift/server/mongrel_http_server.rb /<<PKGBUILDDIR>>/debian/ruby-thrift/usr/lib/ruby/vendor_ruby/thrift/server/mongrel_http_server.rb
install -D -m644 /<<PKGBUILDDIR>>/lib/thrift/server/threaded_server.rb /<<PKGBUILDDIR>>/debian/ruby-thrift/usr/lib/ruby/vendor_ruby/thrift/server/threaded_server.rb
install -D -m644 /<<PKGBUILDDIR>>/lib/thrift/server/nonblocking_server.rb /<<PKGBUILDDIR>>/debian/ruby-thrift/usr/lib/ruby/vendor_ruby/thrift/server/nonblocking_server.rb
install -D -m644 /<<PKGBUILDDIR>>/lib/thrift/core_ext/fixnum.rb /<<PKGBUILDDIR>>/debian/ruby-thrift/usr/lib/ruby/vendor_ruby/thrift/core_ext/fixnum.rb
install -D -m644 /<<PKGBUILDDIR>>/lib/thrift/thrift_native.rb /<<PKGBUILDDIR>>/debian/ruby-thrift/usr/lib/ruby/vendor_ruby/thrift/thrift_native.rb
install -D -m644 /<<PKGBUILDDIR>>/lib/thrift/types.rb /<<PKGBUILDDIR>>/debian/ruby-thrift/usr/lib/ruby/vendor_ruby/thrift/types.rb
install -D -m644 /<<PKGBUILDDIR>>/lib/thrift/struct_union.rb /<<PKGBUILDDIR>>/debian/ruby-thrift/usr/lib/ruby/vendor_ruby/thrift/struct_union.rb
install -D -m644 /<<PKGBUILDDIR>>/lib/thrift/processor.rb /<<PKGBUILDDIR>>/debian/ruby-thrift/usr/lib/ruby/vendor_ruby/thrift/processor.rb
install -D -m644 /<<PKGBUILDDIR>>/lib/thrift/client.rb /<<PKGBUILDDIR>>/debian/ruby-thrift/usr/lib/ruby/vendor_ruby/thrift/client.rb
install -D -m644 /<<PKGBUILDDIR>>/lib/thrift/struct.rb /<<PKGBUILDDIR>>/debian/ruby-thrift/usr/lib/ruby/vendor_ruby/thrift/struct.rb
install -D -m644 /<<PKGBUILDDIR>>/lib/thrift/transport/base_transport.rb /<<PKGBUILDDIR>>/debian/ruby-thrift/usr/lib/ruby/vendor_ruby/thrift/transport/base_transport.rb
install -D -m644 /<<PKGBUILDDIR>>/lib/thrift/transport/framed_transport.rb /<<PKGBUILDDIR>>/debian/ruby-thrift/usr/lib/ruby/vendor_ruby/thrift/transport/framed_transport.rb
install -D -m644 /<<PKGBUILDDIR>>/lib/thrift/transport/unix_server_socket.rb /<<PKGBUILDDIR>>/debian/ruby-thrift/usr/lib/ruby/vendor_ruby/thrift/transport/unix_server_socket.rb
install -D -m644 /<<PKGBUILDDIR>>/lib/thrift/transport/unix_socket.rb /<<PKGBUILDDIR>>/debian/ruby-thrift/usr/lib/ruby/vendor_ruby/thrift/transport/unix_socket.rb
install -D -m644 /<<PKGBUILDDIR>>/lib/thrift/transport/socket.rb /<<PKGBUILDDIR>>/debian/ruby-thrift/usr/lib/ruby/vendor_ruby/thrift/transport/socket.rb
install -D -m644 /<<PKGBUILDDIR>>/lib/thrift/transport/http_client_transport.rb /<<PKGBUILDDIR>>/debian/ruby-thrift/usr/lib/ruby/vendor_ruby/thrift/transport/http_client_transport.rb
install -D -m644 /<<PKGBUILDDIR>>/lib/thrift/transport/base_server_transport.rb /<<PKGBUILDDIR>>/debian/ruby-thrift/usr/lib/ruby/vendor_ruby/thrift/transport/base_server_transport.rb
install -D -m644 /<<PKGBUILDDIR>>/lib/thrift/transport/server_socket.rb /<<PKGBUILDDIR>>/debian/ruby-thrift/usr/lib/ruby/vendor_ruby/thrift/transport/server_socket.rb
install -D -m644 /<<PKGBUILDDIR>>/lib/thrift/transport/memory_buffer_transport.rb /<<PKGBUILDDIR>>/debian/ruby-thrift/usr/lib/ruby/vendor_ruby/thrift/transport/memory_buffer_transport.rb
install -D -m644 /<<PKGBUILDDIR>>/lib/thrift/transport/ssl_socket.rb /<<PKGBUILDDIR>>/debian/ruby-thrift/usr/lib/ruby/vendor_ruby/thrift/transport/ssl_socket.rb
install -D -m644 /<<PKGBUILDDIR>>/lib/thrift/transport/buffered_transport.rb /<<PKGBUILDDIR>>/debian/ruby-thrift/usr/lib/ruby/vendor_ruby/thrift/transport/buffered_transport.rb
install -D -m644 /<<PKGBUILDDIR>>/lib/thrift/transport/io_stream_transport.rb /<<PKGBUILDDIR>>/debian/ruby-thrift/usr/lib/ruby/vendor_ruby/thrift/transport/io_stream_transport.rb
install -D -m644 /<<PKGBUILDDIR>>/lib/thrift/transport/ssl_server_socket.rb /<<PKGBUILDDIR>>/debian/ruby-thrift/usr/lib/ruby/vendor_ruby/thrift/transport/ssl_server_socket.rb
install -D -m644 /<<PKGBUILDDIR>>/lib/thrift/union.rb /<<PKGBUILDDIR>>/debian/ruby-thrift/usr/lib/ruby/vendor_ruby/thrift/union.rb
install -D -m644 /<<PKGBUILDDIR>>/lib/thrift/protocol/base_protocol.rb /<<PKGBUILDDIR>>/debian/ruby-thrift/usr/lib/ruby/vendor_ruby/thrift/protocol/base_protocol.rb
install -D -m644 /<<PKGBUILDDIR>>/lib/thrift/protocol/compact_protocol.rb /<<PKGBUILDDIR>>/debian/ruby-thrift/usr/lib/ruby/vendor_ruby/thrift/protocol/compact_protocol.rb
install -D -m644 /<<PKGBUILDDIR>>/lib/thrift/protocol/binary_protocol.rb /<<PKGBUILDDIR>>/debian/ruby-thrift/usr/lib/ruby/vendor_ruby/thrift/protocol/binary_protocol.rb
install -D -m644 /<<PKGBUILDDIR>>/lib/thrift/protocol/protocol_decorator.rb /<<PKGBUILDDIR>>/debian/ruby-thrift/usr/lib/ruby/vendor_ruby/thrift/protocol/protocol_decorator.rb
install -D -m644 /<<PKGBUILDDIR>>/lib/thrift/protocol/binary_protocol_accelerated.rb /<<PKGBUILDDIR>>/debian/ruby-thrift/usr/lib/ruby/vendor_ruby/thrift/protocol/binary_protocol_accelerated.rb
install -D -m644 /<<PKGBUILDDIR>>/lib/thrift/protocol/multiplexed_protocol.rb /<<PKGBUILDDIR>>/debian/ruby-thrift/usr/lib/ruby/vendor_ruby/thrift/protocol/multiplexed_protocol.rb
install -D -m644 /<<PKGBUILDDIR>>/lib/thrift/protocol/json_protocol.rb /<<PKGBUILDDIR>>/debian/ruby-thrift/usr/lib/ruby/vendor_ruby/thrift/protocol/json_protocol.rb
install -D -m644 /<<PKGBUILDDIR>>/lib/thrift/bytes.rb /<<PKGBUILDDIR>>/debian/ruby-thrift/usr/lib/ruby/vendor_ruby/thrift/bytes.rb
install -D -m644 /<<PKGBUILDDIR>>/lib/thrift/multiplexed_processor.rb /<<PKGBUILDDIR>>/debian/ruby-thrift/usr/lib/ruby/vendor_ruby/thrift/multiplexed_processor.rb
install -D -m644 /<<PKGBUILDDIR>>/lib/thrift/core_ext.rb /<<PKGBUILDDIR>>/debian/ruby-thrift/usr/lib/ruby/vendor_ruby/thrift/core_ext.rb
install -D -m644 /<<PKGBUILDDIR>>/lib/thrift/serializer/serializer.rb /<<PKGBUILDDIR>>/debian/ruby-thrift/usr/lib/ruby/vendor_ruby/thrift/serializer/serializer.rb
install -D -m644 /<<PKGBUILDDIR>>/lib/thrift/serializer/deserializer.rb /<<PKGBUILDDIR>>/debian/ruby-thrift/usr/lib/ruby/vendor_ruby/thrift/serializer/deserializer.rb
install -D -m644 /<<PKGBUILDDIR>>/lib/thrift/exceptions.rb /<<PKGBUILDDIR>>/debian/ruby-thrift/usr/lib/ruby/vendor_ruby/thrift/exceptions.rb
install -D -m644 /<<PKGBUILDDIR>>/lib/thrift.rb /<<PKGBUILDDIR>>/debian/ruby-thrift/usr/lib/ruby/vendor_ruby/thrift.rb


 Build native extensions for ruby2.7                                          


/usr/bin/ruby2.7 /usr/lib/ruby/vendor_ruby/gem2deb/extension_builder.rb /<<PKGBUILDDIR>> debian/ruby-thrift
current directory: /<<PKGBUILDDIR>>/ext
["/usr/bin/ruby2.7", "-I", "/usr/lib/ruby/vendor_ruby", "-r", "./siteconf20201029-5672-1trvo8j.rb", "extconf.rb"]
checking for strlcpy() in string.h... *** extconf.rb failed ***
Could not create Makefile due to some reason, probably lack of necessary
libraries and/or headers.  Check the mkmf.log file for more details.  You may
need configuration options.

Provided configuration options:
	--with-opt-dir
	--without-opt-dir
	--with-opt-include
	--without-opt-include=${opt-dir}/include
	--with-opt-lib
	--without-opt-lib=${opt-dir}/lib
	--with-make-prog
	--without-make-prog
	--srcdir=.
	--curdir
	--ruby=/usr/bin/$(RUBY_BASE_NAME)2.7
/usr/lib/ruby/2.7.0/mkmf.rb:471:in `try_do': The compiler failed to generate an executable file. (RuntimeError)
You have to install development tools first.
	from /usr/lib/ruby/2.7.0/mkmf.rb:564:in `try_link0'
	from /usr/lib/ruby/2.7.0/mkmf.rb:582:in `try_link'
	from /usr/lib/ruby/2.7.0/mkmf.rb:794:in `try_func'
	from /usr/lib/ruby/2.7.0/mkmf.rb:1083:in `block in have_func'
	from /usr/lib/ruby/2.7.0/mkmf.rb:971:in `block in checking_for'
	from /usr/lib/ruby/2.7.0/mkmf.rb:361:in `block (2 levels) in postpone'
	from /usr/lib/ruby/2.7.0/mkmf.rb:331:in `open'
	from /usr/lib/ruby/2.7.0/mkmf.rb:361:in `block in postpone'
	from /usr/lib/ruby/2.7.0/mkmf.rb:331:in `open'
	from /usr/lib/ruby/2.7.0/mkmf.rb:357:in `postpone'
	from /usr/lib/ruby/2.7.0/mkmf.rb:970:in `checking_for'
	from /usr/lib/ruby/2.7.0/mkmf.rb:1082:in `have_func'
	from extconf.rb:31:in `<main>'
~~~~~~~~~~~~~~~~~~~~~  mkmf.log ~~~~~~~~~~~~~~~~~~~~~
"x86_64-linux-gnu-gcc -o conftest -I/usr/include/x86_64-linux-gnu/ruby-2.7.0 -I/usr/include/ruby-2.7.0/ruby/backward -I/usr/include/ruby-2.7.0 -I. -Wdate-time -D_FORTIFY_SOURCE=2   -fsigned-char -g -O2 -Wall -Werror  conftest.c  -L. -L/usr/lib/x86_64-linux-gnu -L. -Wl,-z,relro -Wl,-z,now -fstack-protector-strong -rdynamic -Wl,-export-dynamic     -lruby-2.7  -lm   -lc"
In file included from conftest.c:1:
In file included from /usr/include/ruby-2.7.0/ruby.h:33:
/usr/include/ruby-2.7.0/ruby/ruby.h:1863:1: error: unknown attribute '__error__' ignored [-Werror,-Wunknown-attributes]
ERRORFUNC((" argument length doesn't match"), int rb_varargs_bad_length(int,int));
^
/usr/include/x86_64-linux-gnu/ruby-2.7.0/ruby/config.h:153:43: note: expanded from macro 'ERRORFUNC'
#define ERRORFUNC(mesg,x) __attribute__ ((__error__ mesg)) x
                                          ^
In file included from conftest.c:1:
In file included from /usr/include/ruby-2.7.0/ruby.h:33:
/usr/include/ruby-2.7.0/ruby/ruby.h:2345:1: error: unknown attribute '__error__' ignored [-Werror,-Wunknown-attributes]
ERRORFUNC(("bad scan arg format"), void rb_scan_args_bad_format(const char*));
^
/usr/include/x86_64-linux-gnu/ruby-2.7.0/ruby/config.h:153:43: note: expanded from macro 'ERRORFUNC'
#define ERRORFUNC(mesg,x) __attribute__ ((__error__ mesg)) x
                                          ^
In file included from conftest.c:1:
In file included from /usr/include/ruby-2.7.0/ruby.h:33:
/usr/include/ruby-2.7.0/ruby/ruby.h:2346:1: error: unknown attribute '__error__' ignored [-Werror,-Wunknown-attributes]
ERRORFUNC(("variable argument length doesn't match"), void rb_scan_args_length_mismatch(const char*,int));
^
/usr/include/x86_64-linux-gnu/ruby-2.7.0/ruby/config.h:153:43: note: expanded from macro 'ERRORFUNC'
#define ERRORFUNC(mesg,x) __attribute__ ((__error__ mesg)) x
                                          ^
In file included from conftest.c:1:
In file included from /usr/include/ruby-2.7.0/ruby.h:33:
In file included from /usr/include/ruby-2.7.0/ruby/ruby.h:2760:
/usr/include/ruby-2.7.0/ruby/backward.h:6:1: error: attribute '__deprecated__' is ignored, place it after "struct" to apply attribute to type declaration [-Werror,-Wignored-attributes]
DEPRECATED_TYPE(("RClass is internal use only"),
^
/usr/include/x86_64-linux-gnu/ruby-2.7.0/ruby/config.h:145:49: note: expanded from macro 'DEPRECATED_TYPE'
#define DEPRECATED_TYPE(mesg,x) __attribute__ ((__deprecated__ mesg)) x
                                                ^
In file included from conftest.c:1:
In file included from /usr/include/ruby-2.7.0/ruby.h:33:
In file included from /usr/include/ruby-2.7.0/ruby/ruby.h:2760:
/usr/include/ruby-2.7.0/ruby/backward.h:16:1: error: unknown attribute '__error__' ignored [-Werror,-Wunknown-attributes]
DECLARE_DEPRECATED_FEATURE(2.2, rb_disable_super);
^
/usr/include/ruby-2.7.0/ruby/backward.h:13:14: note: expanded from macro 'DECLARE_DEPRECATED_FEATURE'
    NORETURN(ERRORFUNC(("deprecated since "#ver), DEPRECATED(void func(void))))
             ^
/usr/include/x86_64-linux-gnu/ruby-2.7.0/ruby/config.h:153:43: note: expanded from macro 'ERRORFUNC'
#define ERRORFUNC(mesg,x) __attribute__ ((__error__ mesg)) x
                                          ^
In file included from conftest.c:1:
In file included from /usr/include/ruby-2.7.0/ruby.h:33:
In file included from /usr/include/ruby-2.7.0/ruby/ruby.h:2760:
/usr/include/ruby-2.7.0/ruby/backward.h:17:1: error: unknown attribute '__error__' ignored [-Werror,-Wunknown-attributes]
DECLARE_DEPRECATED_FEATURE(2.2, rb_enable_super);
^
/usr/include/ruby-2.7.0/ruby/backward.h:13:14: note: expanded from macro 'DECLARE_DEPRECATED_FEATURE'
    NORETURN(ERRORFUNC(("deprecated since "#ver), DEPRECATED(void func(void))))
             ^
/usr/include/x86_64-linux-gnu/ruby-2.7.0/ruby/config.h:153:43: note: expanded from macro 'ERRORFUNC'
#define ERRORFUNC(mesg,x) __attribute__ ((__error__ mesg)) x
                                          ^
In file included from conftest.c:1:
In file included from /usr/include/ruby-2.7.0/ruby.h:33:
In file included from /usr/include/ruby-2.7.0/ruby/ruby.h:2760:
/usr/include/ruby-2.7.0/ruby/backward.h:20:1: error: unknown attribute '__error__' ignored [-Werror,-Wunknown-attributes]
DECLARE_DEPRECATED_FEATURE(2.2, rb_hash_iter_lev);
^
/usr/include/ruby-2.7.0/ruby/backward.h:13:14: note: expanded from macro 'DECLARE_DEPRECATED_FEATURE'
    NORETURN(ERRORFUNC(("deprecated since "#ver), DEPRECATED(void func(void))))
             ^
/usr/include/x86_64-linux-gnu/ruby-2.7.0/ruby/config.h:153:43: note: expanded from macro 'ERRORFUNC'
#define ERRORFUNC(mesg,x) __attribute__ ((__error__ mesg)) x
                                          ^
In file included from conftest.c:1:
In file included from /usr/include/ruby-2.7.0/ruby.h:33:
In file included from /usr/include/ruby-2.7.0/ruby/ruby.h:2760:
/usr/include/ruby-2.7.0/ruby/backward.h:21:1: error: unknown attribute '__error__' ignored [-Werror,-Wunknown-attributes]
DECLARE_DEPRECATED_FEATURE(2.2, rb_hash_ifnone);
^
/usr/include/ruby-2.7.0/ruby/backward.h:13:14: note: expanded from macro 'DECLARE_DEPRECATED_FEATURE'
    NORETURN(ERRORFUNC(("deprecated since "#ver), DEPRECATED(void func(void))))
             ^
/usr/include/x86_64-linux-gnu/ruby-2.7.0/ruby/config.h:153:43: note: expanded from macro 'ERRORFUNC'
#define ERRORFUNC(mesg,x) __attribute__ ((__error__ mesg)) x
                                          ^
In file included from conftest.c:1:
In file included from /usr/include/ruby-2.7.0/ruby.h:33:
In file included from /usr/include/ruby-2.7.0/ruby/ruby.h:2760:
/usr/include/ruby-2.7.0/ruby/backward.h:24:1: error: unknown attribute '__error__' ignored [-Werror,-Wunknown-attributes]
DECLARE_DEPRECATED_FEATURE(2.2, rb_str_associate);
^
/usr/include/ruby-2.7.0/ruby/backward.h:13:14: note: expanded from macro 'DECLARE_DEPRECATED_FEATURE'
    NORETURN(ERRORFUNC(("deprecated since "#ver), DEPRECATED(void func(void))))
             ^
/usr/include/x86_64-linux-gnu/ruby-2.7.0/ruby/config.h:153:43: note: expanded from macro 'ERRORFUNC'
#define ERRORFUNC(mesg,x) __attribute__ ((__error__ mesg)) x
                                          ^
In file included from conftest.c:1:
In file included from /usr/include/ruby-2.7.0/ruby.h:33:
In file included from /usr/include/ruby-2.7.0/ruby/ruby.h:2760:
/usr/include/ruby-2.7.0/ruby/backward.h:25:1: error: unknown attribute '__error__' ignored [-Werror,-Wunknown-attributes]
DECLARE_DEPRECATED_FEATURE(2.2, rb_str_associated);
^
/usr/include/ruby-2.7.0/ruby/backward.h:13:14: note: expanded from macro 'DECLARE_DEPRECATED_FEATURE'
    NORETURN(ERRORFUNC(("deprecated since "#ver), DEPRECATED(void func(void))))
             ^
/usr/include/x86_64-linux-gnu/ruby-2.7.0/ruby/config.h:153:43: note: expanded from macro 'ERRORFUNC'
#define ERRORFUNC(mesg,x) __attribute__ ((__error__ mesg)) x
                                          ^
In file included from conftest.c:1:
In file included from /usr/include/ruby-2.7.0/ruby.h:33:
In file included from /usr/include/ruby-2.7.0/ruby/ruby.h:2760:
/usr/include/ruby-2.7.0/ruby/backward.h:31:1: error: unknown attribute '__error__' ignored [-Werror,-Wunknown-attributes]
DECLARE_DEPRECATED_FEATURE(2.2, rb_clear_cache);
^
/usr/include/ruby-2.7.0/ruby/backward.h:13:14: note: expanded from macro 'DECLARE_DEPRECATED_FEATURE'
    NORETURN(ERRORFUNC(("deprecated since "#ver), DEPRECATED(void func(void))))
             ^
/usr/include/x86_64-linux-gnu/ruby-2.7.0/ruby/config.h:153:43: note: expanded from macro 'ERRORFUNC'
#define ERRORFUNC(mesg,x) __attribute__ ((__error__ mesg)) x
                                          ^
In file included from conftest.c:1:
In file included from /usr/include/ruby-2.7.0/ruby.h:33:
In file included from /usr/include/ruby-2.7.0/ruby/ruby.h:2760:
/usr/include/ruby-2.7.0/ruby/backward.h:32:1: error: unknown attribute '__error__' ignored [-Werror,-Wunknown-attributes]
DECLARE_DEPRECATED_FEATURE(2.2, rb_frame_pop);
^
/usr/include/ruby-2.7.0/ruby/backward.h:13:14: note: expanded from macro 'DECLARE_DEPRECATED_FEATURE'
    NORETURN(ERRORFUNC(("deprecated since "#ver), DEPRECATED(void func(void))))
             ^
/usr/include/x86_64-linux-gnu/ruby-2.7.0/ruby/config.h:153:43: note: expanded from macro 'ERRORFUNC'
#define ERRORFUNC(mesg,x) __attribute__ ((__error__ mesg)) x
                                          ^
In file included from conftest.c:1:
In file included from /usr/include/ruby-2.7.0/ruby.h:33:
In file included from /usr/include/ruby-2.7.0/ruby/ruby.h:2760:
/usr/include/ruby-2.7.0/ruby/backward.h:38:10: error: unknown attribute '__error__' ignored [-Werror,-Wunknown-attributes]
NORETURN(ERRORFUNC(("internal function"), void rb_frozen_class_p(VALUE)));
         ^
/usr/include/x86_64-linux-gnu/ruby-2.7.0/ruby/config.h:153:43: note: expanded from macro 'ERRORFUNC'
#define ERRORFUNC(mesg,x) __attribute__ ((__error__ mesg)) x
                                          ^
In file included from conftest.c:1:
In file included from /usr/include/ruby-2.7.0/ruby.h:33:
In file included from /usr/include/ruby-2.7.0/ruby/ruby.h:2760:
/usr/include/ruby-2.7.0/ruby/backward.h:39:1: error: unknown attribute '__error__' ignored [-Werror,-Wunknown-attributes]
DECLARE_DEPRECATED_INTERNAL_FEATURE(rb_exec_end_proc);
^
/usr/include/ruby-2.7.0/ruby/backward.h:35:14: note: expanded from macro 'DECLARE_DEPRECATED_INTERNAL_FEATURE'
    NORETURN(ERRORFUNC(("deprecated internal function"), DEPRECATED(void func(void))))
             ^
/usr/include/x86_64-linux-gnu/ruby-2.7.0/ruby/config.h:153:43: note: expanded from macro 'ERRORFUNC'
#define ERRORFUNC(mesg,x) __attribute__ ((__error__ mesg)) x
                                          ^
In file included from conftest.c:1:
In file included from /usr/include/ruby-2.7.0/ruby.h:33:
In file included from /usr/include/ruby-2.7.0/ruby/ruby.h:2760:
/usr/include/ruby-2.7.0/ruby/backward.h:42:1: error: unknown attribute '__error__' ignored [-Werror,-Wunknown-attributes]
DECLARE_DEPRECATED_INTERNAL_FEATURE(rb_compile_error);
^
/usr/include/ruby-2.7.0/ruby/backward.h:35:14: note: expanded from macro 'DECLARE_DEPRECATED_INTERNAL_FEATURE'
    NORETURN(ERRORFUNC(("deprecated internal function"), DEPRECATED(void func(void))))
             ^
/usr/include/x86_64-linux-gnu/ruby-2.7.0/ruby/config.h:153:43: note: expanded from macro 'ERRORFUNC'
#define ERRORFUNC(mesg,x) __attribute__ ((__error__ mesg)) x
                                          ^
In file included from conftest.c:1:
In file included from /usr/include/ruby-2.7.0/ruby.h:33:
In file included from /usr/include/ruby-2.7.0/ruby/ruby.h:2760:
/usr/include/ruby-2.7.0/ruby/backward.h:43:1: error: unknown attribute '__error__' ignored [-Werror,-Wunknown-attributes]
DECLARE_DEPRECATED_INTERNAL_FEATURE(rb_compile_error_with_enc);
^
/usr/include/ruby-2.7.0/ruby/backward.h:35:14: note: expanded from macro 'DECLARE_DEPRECATED_INTERNAL_FEATURE'
    NORETURN(ERRORFUNC(("deprecated internal function"), DEPRECATED(void func(void))))
             ^
/usr/include/x86_64-linux-gnu/ruby-2.7.0/ruby/config.h:153:43: note: expanded from macro 'ERRORFUNC'
#define ERRORFUNC(mesg,x) __attribute__ ((__error__ mesg)) x
                                          ^
In file included from conftest.c:1:
In file included from /usr/include/ruby-2.7.0/ruby.h:33:
In file included from /usr/include/ruby-2.7.0/ruby/ruby.h:2760:
/usr/include/ruby-2.7.0/ruby/backward.h:44:1: error: unknown attribute '__error__' ignored [-Werror,-Wunknown-attributes]
DECLARE_DEPRECATED_INTERNAL_FEATURE(rb_compile_error_append);
^
/usr/include/ruby-2.7.0/ruby/backward.h:35:14: note: expanded from macro 'DECLARE_DEPRECATED_INTERNAL_FEATURE'
    NORETURN(ERRORFUNC(("deprecated internal function"), DEPRECATED(void func(void))))
             ^
/usr/include/x86_64-linux-gnu/ruby-2.7.0/ruby/config.h:153:43: note: expanded from macro 'ERRORFUNC'
#define ERRORFUNC(mesg,x) __attribute__ ((__error__ mesg)) x
                                          ^
In file included from conftest.c:1:
In file included from /usr/include/ruby-2.7.0/ruby.h:33:
In file included from /usr/include/ruby-2.7.0/ruby/ruby.h:2760:
/usr/include/ruby-2.7.0/ruby/backward.h:47:1: error: unknown attribute '__error__' ignored [-Werror,-Wunknown-attributes]
DECLARE_DEPRECATED_INTERNAL_FEATURE(rb_gc_call_finalizer_at_exit);
^
/usr/include/ruby-2.7.0/ruby/backward.h:35:14: note: expanded from macro 'DECLARE_DEPRECATED_INTERNAL_FEATURE'
    NORETURN(ERRORFUNC(("deprecated internal function"), DEPRECATED(void func(void))))
             ^
/usr/include/x86_64-linux-gnu/ruby-2.7.0/ruby/config.h:153:43: note: expanded from macro 'ERRORFUNC'
#define ERRORFUNC(mesg,x) __attribute__ ((__error__ mesg)) x
                                          ^
In file included from conftest.c:1:
In file included from /usr/include/ruby-2.7.0/ruby.h:33:
In file included from /usr/include/ruby-2.7.0/ruby/ruby.h:2760:
/usr/include/ruby-2.7.0/ruby/backward.h:50:1: error: unknown attribute '__error__' ignored [-Werror,-Wunknown-attributes]
DECLARE_DEPRECATED_INTERNAL_FEATURE(rb_trap_exit);
^
/usr/include/ruby-2.7.0/ruby/backward.h:35:14: note: expanded from macro 'DECLARE_DEPRECATED_INTERNAL_FEATURE'
    NORETURN(ERRORFUNC(("deprecated internal function"), DEPRECATED(void func(void))))
             ^
/usr/include/x86_64-linux-gnu/ruby-2.7.0/ruby/config.h:153:43: note: expanded from macro 'ERRORFUNC'
#define ERRORFUNC(mesg,x) __attribute__ ((__error__ mesg)) x
                                          ^
fatal error: too many errors emitted, stopping now [-ferror-limit=]
20 errors generated.
checked program was:
/* begin */
1: #include "ruby.h"
2: 
3: int main(int argc, char **argv)
4: {
5:   return !!argv[argc];
6: }
/* end */

/usr/lib/ruby/vendor_ruby/rubygems/ext/builder.rb:99:in `run': extconf failed, exit code 1 (Gem::InstallError)
	from /usr/lib/ruby/vendor_ruby/rubygems/ext/ext_conf_builder.rb:47:in `block in build'
	from /usr/lib/ruby/2.7.0/tempfile.rb:291:in `open'
	from /usr/lib/ruby/vendor_ruby/rubygems/ext/ext_conf_builder.rb:29:in `build'
	from /usr/lib/ruby/vendor_ruby/gem2deb/extension_builder.rb:81:in `block in build_and_install'
	from /usr/lib/ruby/vendor_ruby/gem2deb/extension_builder.rb:71:in `chdir'
	from /usr/lib/ruby/vendor_ruby/gem2deb/extension_builder.rb:71:in `build_and_install'
	from /usr/lib/ruby/vendor_ruby/gem2deb/extension_builder.rb:115:in `block in build_all_extensions'
	from /usr/lib/ruby/vendor_ruby/gem2deb/extension_builder.rb:112:in `each'
	from /usr/lib/ruby/vendor_ruby/gem2deb/extension_builder.rb:112:in `build_all_extensions'
	from /usr/lib/ruby/vendor_ruby/gem2deb/extension_builder.rb:128:in `<main>'
~~~~~~~~~~~~~~~~~~~~~  mkmf.log ~~~~~~~~~~~~~~~~~~~~~
/usr/lib/ruby/vendor_ruby/gem2deb.rb:54:in `run': /usr/bin/ruby2.7 /usr/lib/ruby/vendor_ruby/gem2deb/extension_builder.rb /<<PKGBUILDDIR>> debian/ruby-thrift (Gem2Deb::CommandFailed)
	from /usr/lib/ruby/vendor_ruby/gem2deb.rb:65:in `run_ruby'
	from /usr/lib/ruby/vendor_ruby/gem2deb/installer.rb:54:in `block in install_files_and_build_extensions'
	from /usr/lib/ruby/vendor_ruby/gem2deb/installer.rb:51:in `each'
	from /usr/lib/ruby/vendor_ruby/gem2deb/installer.rb:51:in `install_files_and_build_extensions'
	from /usr/lib/ruby/vendor_ruby/gem2deb/installer.rb:28:in `install'
	from /usr/lib/ruby/vendor_ruby/gem2deb/dh_ruby.rb:86:in `block in install'
	from /usr/lib/ruby/vendor_ruby/gem2deb/dh_ruby.rb:84:in `each'
	from /usr/lib/ruby/vendor_ruby/gem2deb/dh_ruby.rb:84:in `install'
	from /usr/bin/dh_ruby:89:in `<main>'
dh_auto_install: error: dh_ruby --install /<<PKGBUILDDIR>>/debian/ruby-thrift returned exit code 1
make: *** [debian/rules:6: binary] Error 25
dpkg-buildpackage: error: debian/rules binary subprocess returned exit status 2
--------------------------------------------------------------------------------
Build finished at 2020-10-29T20:12:45Z

Finished
--------


+------------------------------------------------------------------------------+
| Cleanup                                                                      |
+------------------------------------------------------------------------------+

Purging /<<BUILDDIR>>
Not cleaning session: cloned chroot in use
E: Build failure (dpkg-buildpackage died)

+------------------------------------------------------------------------------+
| Summary                                                                      |
+------------------------------------------------------------------------------+

Build Architecture: amd64
Build Type: binary
Build-Space: 1280
Build-Time: 2
Distribution: unstable
Fail-Stage: build
Host Architecture: amd64
Install-Time: 14
Job: ruby-thrift_0.11.0.0-3
Machine Architecture: amd64
Package: ruby-thrift
Package-Time: 33
Source-Version: 0.11.0.0-3
Space: 1280
Status: attempted
Version: 0.11.0.0-3
--------------------------------------------------------------------------------
Finished at 2020-10-29T20:12:45Z
Build needed 00:00:33, 1280k disk space
E: Build failure (dpkg-buildpackage died)
DC-Status: Failed 34.134319625s
