3dchess 0.8.1-20 Failed [UNKNOWN] XXX
7zip 21.03~beta+dfsg-6 Failed [CLANG_ERROR] error: unknown warning option '-Waggressive-loop-optimizations' [-Werror,-Wunknown-warning-option]
9base 1:6-11 Failed [GCC_ERROR] n3.c:50:3: error: unterminated function-like macro invocation
9menu 1.10-1 Failed [GCC_ERROR/CLANG_ERROR] Imake.tmpl:2243:10: fatal error: ' X11 .rules' file not found
a2jmidid 9-2 Failed [CLANG_ERROR/CLANG_LD_ERROR] clang: error: linker command failed with exit code 1 (use -v to see invocation)
abinit 9.6.1-1 Failed [GCC_ERROR/LD_ERROR] collect2: error: ld returned 1 exit status
abiword 3.0.5~dfsg-1 Failed [GCC_ERROR] ap_UnixApp.cpp:866:29: error: invalid suffix on literal; C++11 requires a space between literal and identifier [-Wreserved-user-defined-literal]
ableton-link 3.0.3+dfsg-6 Failed [GCC_ERROR] tst_Beats.cpp:28:1: error: identifier '____C_A_T_C_H____T_E_S_T____0' is reserved because it starts with '__' [-Werror,-Wreserved-identifier]
achilles 2-10 Failed [GCC_ERROR] opengl.cc:103:28: error: non-constant-expression cannot be narrowed from type 'double' to 'GLfloat' (aka 'float') in initializer list [-Wc++11-narrowing]
aclock.app 0.4.0-2 Failed [GCC_ERROR/CLANG_ERROR] Foundation.h:31:9: fatal error: 'objc/objc.h' file not found
acm 6.0+20200416-1 Failed [CLANG_ERROR] clang: error: argument unused during compilation: '-fmax-errors=99' [-Werror,-Wunused-command-line-argument]
aconnectgui 0.9.0rc2-1-10 Failed [CONFIGURE_ERROR] configure: error: Sufficiently new version of libasound not found.
acpica-unix 20200925-6 Failed [CLANG_ERROR] clang: error: argument unused during compilation: '-pie' [-Werror,-Wunused-command-line-argument]
acpid 1:2.0.32-1 Failed [CLANG_ERROR/CONFIGURE_ERROR] configure: error: "asprintf() not found"
addresses-for-gnustep 0.4.8-3 Failed [GCC_ERROR/CLANG_ERROR] Foundation.h:31:9: fatal error: 'objc/objc.h' file not found
adun.app 0.81-14 Failed [GCC_ERROR/CLANG_ERROR] Foundation.h:31:9: fatal error: 'objc/objc.h' file not found
aewm++-goodies 1.0-10 Failed [GCC_ERROR] appbar.cc:1142:21: error: non-constant-expression cannot be narrowed from type 'int' to 'CARD32' (aka 'unsigned int') in initializer list [-Wc++11-narrowing]
afdko 3.6.2+dfsg1-1 Failed [GCC_ERROR] Dopt.c:16:12: error: expected parameter declarator
affiche 0.6.0-11 Failed [GCC_ERROR/CLANG_ERROR] Foundation.h:31:9: fatal error: 'objc/objc.h' file not found
aflplusplus 3.14c-2 Failed [PYTHON_TRACEBACK] XXX
afnix 3.5.0-2 Failed [UNKNOWN] XXX
afterstep 2.2.12-15 Failed [CLANG_ERROR/CLANG_LD_ERROR] ld: ../../libAfterBase/libAfterBase.so: undefined reference to `vector_move_data_up'
agenda.app 0.44-2 Failed [GCC_ERROR/CLANG_ERROR] Foundation.h:31:9: fatal error: 'objc/objc.h' file not found
aghermann 1.1.2-3 Failed [GCC_ERROR] mc-artifacts.cc:51:1: error: explicit specialization of 'estimate_E<float>' after instantiation
ale 0.9.0.3-5 Failed [GCC_ERROR] ./d3/focus.h:78:15: error: non-constant-expression cannot be narrowed from type 'unsigned int' to 'int' in initializer list [-Wc++11-narrowing]
alfred 2021.3-1 Failed [CLANG_ERROR/CLANG_LD_ERROR] clang: error: linker command failed with exit code 1 (use -v to see invocation)
alsaplayer 0.99.81-2 Failed [CLANG_ERROR] clang: error: unknown argument: '-frelease'
altermime 0.3.10-12 Failed [UNKNOWN] XXX
amideco 0.31e-3.1 Failed [GCC_ERROR] amideco.c:45:5: error: first parameter of 'main' (argument count) must be of type 'int'
amoebax 0.2.1+dfsg-5 Failed [GCC_ERROR] NewHighScoreState.cxx:399:30: error: non-constant-expression cannot be narrowed from type 'int' to 'char' in initializer list [-Wc++11-narrowing]
amphetamine 0.8.10-21 Failed [GCC_ERROR] src/Element.cpp:282:25: error: type 'double' cannot be narrowed to 'short' in initializer list [-Wc++11-narrowing]
android-platform-external-libunwind 10.0.0+r36-4 Failed [GCC_ERROR] src/mi/backtrace.c:26:9: error: 'UNW_REMOTE_ONLY' is used as a header guard here, followed by #define of a different macro [-Werror,-Wheader-guard]
anfo 0.98-9 Failed [GCC_ERROR] stl_function.h:386:20: error: call to function 'operator<' that is neither visible in the template definition nor found by argument-dependent lookup
angelscript 2.35.1+ds-3 Failed [GCC_ERROR] add_on/datetime/datetime.cpp:277:89: error: no matching function for call to 'asFunctionPtr'
anjuta 2:3.34.0-4 Failed [GCC_ERROR] anjuta-status.c:215:30: error: format string is not a string literal [-Werror,-Wformat-nonliteral]
antigrav 0.0.3-9 Failed [GCC_ERROR] terrain.cpp:490:51: error: non-constant-expression cannot be narrowed from type 'double' to 'float' in initializer list [-Wc++11-narrowing]
antlr4-cpp-runtime 4.9+dfsg-1.1 Failed [GCC_ERROR] :12:30: error: call to implicitly-deleted default constructor of 'const antlr4::dfa::Vocabulary'
ap51-flash 2019.0.1-3 Failed [CLANG_ERROR/CLANG_LD_ERROR] clang: error: linker command failed with exit code 1 (use -v to see invocation)
apitrace 9.0+repack-1 Failed [GCC_ERROR/CLANG_ERROR] os_backtrace.cpp:48:12: fatal error: 'backtrace.h' file not found
apngdis 2.9-3 Failed [CLANG_ERROR] error: invalid argument '-std=c99' not allowed with 'C++'
apophenia 1.0+ds-8 Failed [CLANG_ERROR/CLANG_LD_ERROR] ld: ../.libs/libapophenia.so: undefined reference to `__atomic_compare_exchange'
apron 0.9.10-9.1 Failed [GCC_ERROR] ppl.hh:66465:8: error: missing 'typename' prior to dependent type template name 'OR_Matrix<T>::Pseudo_Row'
apt 2.3.11 Failed [GCC_ERROR] libnoprofile.c:19:5: error: expected parameter declarator
aptitude 0.8.13-3 Failed [GCC_ERROR] ../../../../src/generic/problemresolver/problemresolver.h:1725:17: error: use of non-static data member 'graph' of 'generic_problem_resolver' from nested type 'do_process_promotion'
arj 3.10.22-24 Failed [UNKNOWN] XXX
ascdc 0.3-15 Failed [GCC_ERROR/CLANG_ERROR] Imake.tmpl:2243:10: fatal error: ' X11 .rules' file not found
asclock 2.0.12-33 Failed [GCC_ERROR/CLANG_ERROR] Imake.tmpl:2243:10: fatal error: ' X11 .rules' file not found
asl 0.1.7-3 Failed [GCC_ERROR] aslMATFormat.cxx:49:3: error: no matching function for call to 'Mat_VarWrite'
asterisk-flite 3.0-3 Failed [GCC_ERROR] utils.h:841:15: error: blocks support disabled - compile with -fblocks or pick a deployment target that supports them
asterisk-opus 13.7+20171009-2 Failed [GCC_ERROR] utils.h:841:15: error: blocks support disabled - compile with -fblocks or pick a deployment target that supports them
atlas 3.10.3-11 Failed [GCC_ERROR/CLANG_ERROR/BUILD_TIMEOUT] zaxpy.c:4:5: error: "This kernel requires SSE3"
ats-lang-anairiats 0.2.11-1.1 Failed [GCC_ERROR] bool.cats:42:5: error: expected parameter declarator
ats2-lang 0.4.0-1 Failed [GCC_ERROR] ./prelude/CATS/integer.cats:42:5: error: expected parameter declarator
audiofile 0.3.6-5 Failed [GCC_ERROR] Sign.cpp:160:39: error: non-constant-expression cannot be narrowed from type 'int32_t' (aka 'int') to 'uint32_t' (aka 'unsigned int') in initializer list [-Wc++11-narrowing]
auto-07p 0.9.2+dfsg-3 Failed [CLANG_ERROR/CONFIGURE_ERROR] configure: error: COIN3D is not installed
autodock-vina 1.1.2-6 Failed [CLANG_ERROR] clang: error: unsupported option '--lto'; did you mean '-flto'?
autodocksuite 4.2.6-8 Failed [CLANG_ERROR/CONFIGURE_ERROR] configure: error: in `/<<PKGBUILDDIR>>/autodock'
avifile 1:0.7.48~20090503.ds-21 Failed [GCC_ERROR] common/avm_output.cpp:20:12: error: qualified reference to 'AvmOutput' is a constructor name rather than a type in this context
awardeco 0.2-3.1 Failed [GCC_ERROR] awardeco.c:37:5: error: first parameter of 'main' (argument count) must be of type 'int'
awesfx 0.5.2-1 Failed [GCC_ERROR] alsa.c:149:2: error: void function 'seq_set_gus_bank' should not return a value [-Wreturn-type]
ayatana-indicator-application 0.8.0-1 Failed [GCC_ERROR/CLANG_ERROR] application-service-appstore.c:115:8: error: use of GNU old-style field designator extension [-Werror,-Wgnu-designator]
ayatana-indicator-datetime 0.8.3-1 Failed [GCC_ERROR] clock-live.cpp:146:40: error: expected ')'
ayatana-indicator-messages 0.8.2-1 Failed [CLANG_ERROR] clang: error: -Wl,--as-needed: 'linker' input unused [-Werror,-Wunused-command-line-argument]
balboa 2.0.0+ds-3 Failed [CLANG_ERROR/CLANG_LD_ERROR] clang: error: linker command failed with exit code 1 (use -v to see invocation)
ball 1.5.0+git20180813.37fc53c-7 Failed [UNKNOWN] XXX
barcode 0.99-4 Failed [CLANG_ERROR/CLANG_LD_ERROR] ld: ./.libs/libbarcode.so: undefined reference to `rpl_calloc'
bart-view 0.1.00-5 Failed [GCC_ERROR] multind.h:19:14: error: blocks support disabled - compile with -fblocks or pick a deployment target that supports them
bart 0.6.00-3 Failed [GCC_ERROR] multind.h:19:14: error: blocks support disabled - compile with -fblocks or pick a deployment target that supports them
bastet 0.43-7 Failed [GCC_ERROR] Ui.cpp:174:18: error: non-constant-expression cannot be narrowed from type 'unsigned long' to 'int' in initializer list [-Wc++11-narrowing]
batctl 2021.3-1 Failed [CLANG_ERROR/CLANG_LD_ERROR] clang: error: linker command failed with exit code 1 (use -v to see invocation)
batmand 0.3.2-21 Failed [CLANG_ERROR/CLANG_LD_ERROR] clang: error: linker command failed with exit code 1 (use -v to see invocation)
batmon.app 0.9-2 Failed [GCC_ERROR/CLANG_ERROR] Foundation.h:31:9: fatal error: 'objc/objc.h' file not found
baycomepp 0.10-15 Failed [CLANG_ERROR/CLANG_LD_ERROR] fpga.h:168: multiple definition of `writeboundary'; eppfpga.o:/<<PKGBUILDDIR>>/main/./fpga.h:168: first defined here
baycomusb 0.10-14 Failed [CLANG_ERROR/CLANG_LD_ERROR] sysdeps.h:150: multiple definition of `gettimems'; baycomusb.o:/<<PKGBUILDDIR>>/diag/../misc/sysdeps.h:150: first defined here
bedops 2.4.40+dfsg-1 Failed [GCC_ERROR] ../../../../interfaces/general-headers/utility/BitMonitor.hpp:89:19: error: cannot assign to non-static data member within const member function 'next_set'
beep 1.4.9-1 Failed [CLANG_ERROR] clang: error: unsupported argument '-adhlns=beep-log.gcc-lst' to option 'Wa,'
beignet 1.3.2-9 Failed [CLANG_ERROR/CLANG_LD_ERROR] ld: libgbe.so: undefined reference to `llvm::cfg::Update<llvm::BasicBlock*>::dump() const'
belle-sip 4.4.21+dfsg-1 Failed [GCC_ERROR] md5.c:163:16: error: performing pointer subtraction with a null pointer has undefined behavior [-Werror,-Wnull-pointer-subtraction]
benchmark 1.6.0-2 Failed [CLANG_ERROR/CLANG_LD_ERROR] clang: error: linker command failed with exit code 1 (use -v to see invocation)
berusky 1.7.2-2 Failed [GCC_ERROR] ./defines.h:450:43: error: invalid suffix on literal; C++11 requires a space between literal and identifier [-Wreserved-user-defined-literal]
bible-kjv 4.37 Failed [GCC_ERROR] makeconcfile.c:138:28: error: variable 'data_index' set but not used [-Werror,-Wunused-but-set-variable]
bidentd 1.1.4-1.2 Failed [GCC_ERROR] main.cc:244:38: error: invalid suffix on literal; C++11 requires a space between literal and identifier [-Wreserved-user-defined-literal]
bigint 2010.04.30-2 Failed [GCC_ERROR] :/<<PKGBUILDDIR>>/BigUnsigned.hh/<<PKGBUILDDIR>>/BigUnsigned.hh23:::232324:::2424 ::error:   ISO C++11 does not allow access declarations; use using declarations insteaderror: error: 
bind-dyndb-ldap 11.9-3 Failed [GCC_ERROR] ../../src/ldap_driver.c:138:2: error: address argument to atomic operation must be a pointer to _Atomic type ('isc_refcount_t *' (aka 'unsigned long *') invalid)
bing 1.3.5-4 Failed [GCC_ERROR] bing_misc.c:208:46: error: too many arguments provided to function-like macro invocation
binutils-djgpp 2.35.1+dfsg-1 Failed [UNKNOWN] XXX
binutils-mipsen 8+c4 Failed [UNKNOWN] XXX
binutils 2.37-7 Failed [CONFIGURE_ERROR] configure: error: in `/<<PKGBUILDDIR>>/builddir-single/intl'
biococoa 2.2.2-5 Failed [GCC_ERROR/CLANG_ERROR] Foundation.h:31:9: fatal error: 'objc/objc.h' file not found
blackbox 0.70.1-38 Failed [GCC_ERROR] EWMH.cc:250:7: error: non-constant-expression cannot be narrowed from type 'long' to 'unsigned long' in initializer list [-Wc++11-narrowing]
blastem 0.6.3.4-1 Failed [CLANG_ERROR/CLANG_LD_ERROR] clang: error: linker command failed with exit code 1 (use -v to see invocation)
blis 0.8.1-2 Failed [TIMEOUT] 
blitz++ 1:1.0.2+ds-2 Failed [GCC_ERROR/CLANG_ERROR] ../../blitz/bzconfig.h:82:10: fatal error: 'blitz/llvm/bzconfig.h' file not found
blktrace 1.2.0-5 Failed [CLANG_ERROR] clang: error: -Wl,-z,deb-canary-b7b16ecf8ca53723593894116071700c: 'linker' input unused [-Werror,-Wunused-command-line-argument]
blobandconquer 1.11-dfsg+20-1.3 Failed [GCC_ERROR] src/hud/dialogs.cpp:124:27: error: non-constant-expression cannot be narrowed from type 'int' to 'Uint16' (aka 'unsigned short') in initializer list [-Wc++11-narrowing]
blobwars 2.00-1.2 Failed [CLANG_ERROR/CLANG_LD_ERROR] clang: error: linker command failed with exit code 1 (use -v to see invocation)
blocks-of-the-undead 1.0-7 Failed [GCC_ERROR] CSurface.cpp:468:55: error: non-constant-expression cannot be narrowed from type 'Sint16' (aka 'short') to 'Uint16' (aka 'unsigned short') in initializer list [-Wc++11-narrowing]
bluez 5.61-1 Failed [GCC_ERROR] profiles/midi/midi.c:61:75: error: function definition is not allowed here
bmusb 0.7.5-1 Failed [GCC_ERROR] bmusb.cpp:641:16: error: 'target' attribute takes one argument
bochs 2.7+dfsg-2 Failed [CLANG_ERROR] clang: error: no such file or directory: 'acpi-dsdt.dsl.i'
bogl 0.1.18-17 Failed [GCC_ERROR] bogl-font.c:84:3: error: function definition is not allowed here
bogofilter 1.2.5-1 Failed [CLANG_ERROR] clang: error: '-I-' not supported, please use -iquote instead
boinc 7.16.17+dfsg-2 Failed [CLANG_ERROR/CONFIGURE_ERROR] configure: error: in `/<<PKGBUILDDIR>>'
boost1.74 1.74.0-11 Failed [UNKNOWN] dh_install: error: missing files, aborting
brainparty 0.61+dfsg-6 Failed [GCC_ERROR] BPGame.cpp:1506:25: error: non-constant-expression cannot be narrowed from type 'int' to 'GLfloat' (aka 'float') in initializer list [-Wc++11-narrowing]
brasero 3.12.3-1 Failed [GCC_ERROR] gtype.h:661brasero-misc.c:115:11: error: format string is not a string literal [-Werror,-Wformat-nonliteral]
briquolo 0.5.7-10 Failed [GCC_ERROR] MOGL_PoliceTTF.cpp:346:23: error: non-constant-expression cannot be narrowed from type 'unsigned int' to 'Sint16' (aka 'short') in initializer list [-Wc++11-narrowing]
broker 1.4.0+ds1-1 Failed [UNKNOWN] dh_auto_test: error: cd obj-x86_64-linux-gnu && make -j4 test ARGS\+=--verbose ARGS\+=-j4 returned exit code 2
bubblewrap 0.5.0-1 Failed [GCC_ERROR] tests/test-utils.c:35:12: error: format string is not a string literal [-Werror,-Wformat-nonliteral]
bustools 0.40.0-4 Failed [CLANG_ERROR/CLANG_LD_ERROR] clang: error: linker command failed with exit code 1 (use -v to see invocation)
busybox 1:1.30.1-7 Failed [SEGMENTATION_FAULT] XXX
cairo 1.16.0-5 Failed [GCC_ERROR] ../../../../src/cairo-mutex-impl-private.h:262:3: error: "XXX: No mutex implementation found.  Cairo will not work with multiple threads.  Define CAIRO_NO_MUTEX to 1 to acknowledge and accept this limitation and compile cairo without thread-safety support."
calculix-ccx 2.17-3 Failed [GCC_ERROR/LD_ERROR] collect2: error: ld returned 1 exit status
calculix-cgx 2.17+dfsg-2 Failed [GCC_ERROR] pickFunktions.c:286:75: error: non-void function 'hitAction' should return a value [-Wreturn-type]
calf 0.90.3-1 Failed [GCC_ERROR] ./calf/organ.h:160:19: error: no matching member function for call to 'lerp_table_lookup_float_mask'
camera.app 0.8.0-13 Failed [GCC_ERROR/CLANG_ERROR] GSObjCRuntime.h:58:11: fatal error: 'objc/objc.h' file not found
canna 3.7p3-17 Failed [GCC_ERROR/CLANG_ERROR] Imake.tmpl:2243:10: fatal error: ' X11 .rules' file not found
caps 0.9.26-1 Failed [GCC_ERROR] ./dsp/v4f.h:158:12: error: no matching function for call to 'v4f_map'
castxml 0.3.6-2 Failed [UNKNOWN] XXX
cataclysm-dda 0.F-2-1 Failed [GCC_ERROR] src/vpart_position.h:49:9: error: definition of implicit copy assignment operator for 'vpart_position' is deprecated because it has a user-declared copy constructor [-Werror,-Wdeprecated-copy]
ccache 4.4.2-1 Failed [UNKNOWN] dh_auto_test: error: cd obj-x86_64-linux-gnu && make -j4 test ARGS\+=--verbose ARGS\+=-j4 returned exit code 2
ccbuild 2.0.9-1 Failed [CLANG_ERROR/CLANG_LD_ERROR] ./obj-x86_64-linux-gnu/./src/system/build.cc:165: undefined reference to `__kmpc_for_static_fini'
cclive 0.9.3-0.2 Failed [GCC_ERROR] ./cc/options.h:750:44: error: invalid suffix on literal; C++11 requires a space between literal and identifier [-Wreserved-user-defined-literal]
cdw 0.8.1-2 Failed [UNKNOWN] dh_auto_test: error: make -j4 check VERBOSE=1 returned exit code 2
ceferino 0.97.8+svn37-2 Failed [GCC_ERROR] juego.cc:119:24: error: non-constant-expression cannot be narrowed from type 'int' to 'Uint16' (aka 'unsigned short') in initializer list [-Wc++11-narrowing]
cenon.app 4.0.6+ds1-2 Failed [GCC_ERROR/CLANG_ERROR] Foundation.h:31:9: fatal error: 'objc/objc.h' file not found
cgit 1.2.3+git2.25.1-1 Failed [GCC_ERROR] ../filter.c:388:10: error: no member named '__fprintf_chk' in 'struct cgit_filter'
chaos-marmosets 0.1.1-1 Failed [UNKNOWN] : error: cannot specify -o when generating multiple output files
charmap.app 0.3~rc1-4 Failed [GCC_ERROR/CLANG_ERROR] Foundation.h:31:9: fatal error: 'objc/objc.h' file not found
chasen 2.4.5-44 Failed [GCC_ERROR] print.c:186:16: error: expected parameter declarator
cheesecutter 2.9+git20211011-1 Failed [GCC_ERROR/LD_ERROR] collect2: error: ld returned 1 exit status
chess.app 2.8-4 Failed [GCC_ERROR/CLANG_ERROR] GSObjCRuntime.h:58:11: fatal error: 'objc/objc.h' file not found
chipmunk 7.0.3-4 Failed [CLANG_ERROR/CLANG_LD_ERROR] ./obj-x86_64-linux-gnu/demo/./demo/ContactGraph.c:(.text.__destroy_helper_block_8_32r40r[__destroy_helper_block_8_32r40r]+0xe): undefined reference to `_Block_object_dispose'
choqok 1.7.0-1 Failed [GCC_ERROR] behaviorconfig.cpp:98:52: error: 'changed' is a protected member of 'KCModule'
clanlib 1.0~svn3827-8 Failed [GCC_ERROR] graphic_context.cpp:240:3: error: non-constant-expression cannot be narrowed from type 'unsigned int' to 'unsigned char' in initializer list [-Wc++11-narrowing]
clsync 0.4.5-2 Failed [CLANG_ERROR/CLANG_LD_ERROR] clang: error: linker command failed with exit code 1 (use -v to see invocation)
clucene-core 2.3.3.4+dfsg-1 Failed [GCC_ERROR] QueryParser.cpp:82:176: error: constant expression evaluates to 2147483648 which cannot be narrowed to type 'int32_t' (aka 'int') [-Wc++11-narrowing]
cmake 3.21.3-5 Failed [UNKNOWN] dh_auto_test: error: cd Build && make -j4 test ARGS\+=--verbose ARGS\+=-j4 -j1 "ARGS=-E CTestTestUpload\\|curl --timeout 5000 -j4" returned exit code 2
cmocka 1.1.5-2 Failed [GCC_ERROR/SEGMENTATION_FAULT] 2: [   LINE   ] --- ./tests/test_group_setup_assert.c:13: error: Failure!
cmt 1.18-1 Failed [GCC_ERROR] disintegrator.cpp:88:28: error: implicit conversion from 'int' to 'float' changes value from 2147483647 to 2147483648 [-Werror,-Wimplicit-const-int-float-conversion]
cod-tools 3.3.0+dfsg-1 Failed [CLANG_ERROR] clang: error: unknown argument: '-foptimize-register-move'
coinor-ipopt 3.11.9-2.2 Failed [GCC_ERROR] IpIpoptAlg.cpp:265:69: error: invalid suffix on literal; C++11 requires a space between literal and identifier [-Wreserved-user-defined-literal]
collada-dom 2.5.0+ds1-1 Failed [CLANG_ERROR/CLANG_LD_ERROR] clang: error: linker command failed with exit code 1 (use -v to see invocation)
collectd 5.12.0-7 Failed [CLANG_ERROR/CONFIGURE_ERROR] configure: error: strtok_r is not available. Please file a bugreport!
colobot 0.2.0-2 Failed [GCC_ERROR] edit.cpp:2372:13: error: variable 'column' set but not used [-Werror,-Wunused-but-set-variable]
comptext 1.0.1-4 Failed [GCC_ERROR] main.cxx:189:21: error: invalid suffix on literal; C++11 requires a space between literal and identifier [-Wreserved-user-defined-literal]
comptty 1.0.1-4 Failed [GCC_ERROR] comp_tty.cxx:27:30: error: character too large for enclosing character literal type
concavity 0.1+dfsg.1-5 Failed [GCC_ERROR] R2Grid.C:2325:37: error: non-constant-expression cannot be narrowed from type 'int' to 'unsigned int' in initializer list [-Wc++11-narrowing]
connectome-workbench 1.5.0-2 Failed [GCC_ERROR] AlgorithmCiftiSeparate.cxx:657:28: error: non-constant-expression cannot be narrowed from type 'int64_t' (aka 'long') to 'int' in initializer list [-Wc++11-narrowing]
cp2k 8.1-9 Failed [GCC_ERROR/LD_ERROR] collect2: error: ld returned 1 exit status
cpl-plugin-hawki 2.4.8+dfsg-4 Failed [CLANG_ERROR/CLANG_LD_ERROR] ld: ../../hawki/.libs/libhawki.so: undefined reference to `__kmpc_for_static_fini'
cpl-plugin-muse 2.8.3+dfsg-4 Failed [GCC_ERROR] muse_lsf.c:219:8: error: loop iteration variable in the associated loop of 'omp parallel for' directive may not be shared, predetermined as private
cpl-plugin-xshoo 3.5.0+dfsg-4 Failed [GCC_ERROR] xsh_model_io.c:691:35: error: format string is not a string literal (potentially insecure) [-Werror,-Wformat-security]
cpluff 0.2.0+ds1-1 Failed [GCC_ERROR] cpluff.c:84:35: error: too many arguments provided to function-like macro invocation
cpp-hocon 0.3.0-1 Failed [GCC_ERROR] new_allocator.h:168:4: error: destructor called on non-final 'hocon::config_delayed_merge_object' that has virtual functions but non-virtual destructor [-Werror,-Wdelete-non-abstract-non-virtual-dtor]
cppcheck 2.6-1 Failed [CLANG_ERROR/CLANG_LD_ERROR] ./build/CMakeFiles/CMakeTmp/./build/CMakeFiles/CMakeTmp/src.c:11: undefined reference to `pthread_create'
cpputest 4.0-2 Failed [BUILD_TIMEOUT] E: Build killed with signal TERM after 150 minutes of inactivity
crash 7.2.9-2 Failed [UNKNOWN] XXX
crawl 2:0.27.1-1 Failed [CLANG_ERROR/CLANG_LD_ERROR] crt1.o:function _start: error: undefined reference to 'main'
crimson 0.5.2-1.1 Failed [GCC_ERROR] main.cpp:176:31: error: invalid suffix on literal; C++11 requires a space between literal and identifier [-Wreserved-user-defined-literal]
critterding 1.0-beta12.1-1.3 Failed [GCC_ERROR] BulletSoftBody/btSoftBodyHelpers.cpp:288:23: error: non-constant-expression cannot be narrowed from type 'unsigned int' to 'int' in initializer list [-Wc++11-narrowing]
cronutils 1.9-3 Failed [GCC_ERROR] runstat.c:79:31: error: format string is not a string literal [-Werror,-Wformat-nonliteral]
crrcsim 0.9.13-3.2 Failed [GCC_ERROR] src/mod_fdm/fdm_displaymode/../../mod_fdm_config.h:38:36: error: invalid suffix on literal; C++11 requires a space between literal and identifier [-Wreserved-user-defined-literal]
cryptsetup 2:2.4.1-1 Failed [GCC_ERROR] debian/scripts/suspend/cryptsetup-suspend.c:65:9: error: variable 'd_size' is used uninitialized whenever 'if' condition is true [-Werror,-Wsometimes-uninitialized]
cubemap 1.4.3-2 Failed [CLANG_ERROR] error: invalid argument '-std=gnu++11' not allowed with 'C'
cups-bjnp 2.0.3-3 Failed [GCC_ERROR] bjnp-commands.c:188:9: error: comparison of array 'printer_id' not equal to a null pointer is always true [-Werror,-Wtautological-pointer-compare]
cwiid 0.6.91-2 Failed [GCC_ERROR/CLANG_ERROR] ./conf.h:56:10: fatal error: 'y.tab.h' file not found
cxref 1.6e-3.1 Failed [UNKNOWN] mv: cannot stat 'README.c.tex': No such file or directory
cynthiune.app 1.0.0-2 Failed [GCC_ERROR/CLANG_ERROR] GSObjCRuntime.h:58:11: fatal error: 'objc/objc.h' file not found
cyrus-imapd 3.4.2-2 Failed [GCC_ERROR] cunit/syslog.c:162:15: error: expected parameter declarator
dascrubber 1.1-4 Failed [UNKNOWN] : error: cannot specify -o when generating multiple output files
dazzdb 1.0+git20201103.8d98c37-1.1 Failed [UNKNOWN] : error: cannot specify -o when generating multiple output files
dbus-c++ 0.9.0-8.2 Failed [GCC_ERROR] ../../include/dbus-c++/types.h:96:8: error: call to function 'operator>>' that is neither visible in the template definition nor found by argument-dependent lookup
dbuskit 0.1.1-3 Failed [CLANG_ERROR/CONFIGURE_ERROR] configure: error: "could not find runtime.h. DBusKit requires gnustep-base >=1.20."
dcap 2.47.12-3 Failed [GCC_ERROR] ./util.h:14:12: error: expected parameter declarator
dcl 7.4.1-1 Failed [GCC_ERROR] cmsgdmp.c:210:27: error: conflicting types for 's_copy'
dclock 2.2.2-13 Failed [GCC_ERROR/CLANG_ERROR] Imake.tmpl:2243:10: fatal error: ' X11 .rules' file not found
dcm2niix 1.0.20211006-1 Failed [CLANG_ERROR/CLANG_LD_ERROR] clang: error: linker command failed with exit code 1 (use -v to see invocation)
ddcutil 0.9.9-2 Failed [GCC_ERROR] vcp_feature_codes.c:3606:20: error: initializer overrides prior initialization of this subobject [-Werror,-Winitializer-overrides]
ddd 1:3.3.12-5.3 Failed [GCC_ERROR] ../../ddd/exit.C:815:12: error: no matching function for call to 'XtAppSetErrorHandler'
dds 2.9.0-9 Failed [CLANG_ERROR] error: unknown warning option '-Wnoexcept' [-Werror,-Wunknown-warning-option]
delve 1.7.0-3 Failed [UNKNOWN] dh_auto_test: error: cd obj-x86_64-linux-gnu && go test -vet=off -v -p 4 github.com/go-delve/delve/cmd/dlv github.com/go-delve/delve/cmd/dlv/cmds github.com/go-delve/delve/pkg/astutil github.com/go-delve/delve/pkg/config github.com/go-delve/delve/pkg/dwarf/dwarfbuilder github.com/go-delve/delve/pkg/dwarf/frame github.com/go-delve/delve/pkg/dwarf/godwarf github.com/go-delve/delve/pkg/dwarf/line github.com/go-delve/delve/pkg/dwarf/loclist github.com/go-delve/delve/pkg/dwarf/op github.com/go-delve/delve/pkg/dwarf/reader github.com/go-delve/delve/pkg/dwarf/regnum github.com/go-delve/delve/pkg/dwarf/util github.com/go-delve/delve/pkg/elfwriter github.com/go-delve/delve/pkg/gobuild github.com/go-delve/delve/pkg/goversion github.com/go-delve/delve/pkg/locspec github.com/go-delve/delve/pkg/logflags github.com/go-delve/delve/pkg/proc github.com/go-delve/delve/pkg/proc/amd64util github.com/go-delve/delve/pkg/proc/core github.com/go-delve/delve/pkg/proc/core/minidump github.com/go-delve/delve/pkg/proc/fbsdutil github.com/go-delve/delve/pkg/proc/gdbserial github.com/go-delve/delve/pkg/proc/linutil github.com/go-delve/delve/pkg/proc/macutil github.com/go-delve/delve/pkg/proc/native github.com/go-delve/delve/pkg/proc/test github.com/go-delve/delve/pkg/proc/winutil github.com/go-delve/delve/pkg/terminal github.com/go-delve/delve/pkg/terminal/colorize github.com/go-delve/delve/pkg/terminal/starbind github.com/go-delve/delve/pkg/version github.com/go-delve/delve/service github.com/go-delve/delve/service/api github.com/go-delve/delve/service/dap github.com/go-delve/delve/service/dap/daptest github.com/go-delve/delve/service/debugger github.com/go-delve/delve/service/internal/sameuser github.com/go-delve/delve/service/rpc1 github.com/go-delve/delve/service/rpc2 github.com/go-delve/delve/service/rpccommon github.com/go-delve/delve/service/test returned exit code 1
desmume 0.9.11-3 Failed [GCC_ERROR] gfx3d.cpp:1218:3: error: non-constant-expression cannot be narrowed from type 'int' to 'u8' (aka 'unsigned char') in initializer list [-Wc++11-narrowing]
devil 1.7.8-10 Failed [CLANG_ERROR] error: invalid argument '-std=gnu99' not allowed with 'C++'
dewalls 1.0.0+ds1-9 Failed [GCC_ERROR] wallssurveyparser.cpp:703:31: error: 'fallthrough' attribute only applies to empty statements
dicom3tools 1.00~20190724083540-1 Failed [GCC_ERROR] ./Imakefile:177:3: error: invalid preprocessing directive
dietlibc 0.34~cvs20160606-12 Failed [GCC_ERROR/CLANG_ERROR] x86_64/memccpy.c:5:10: fatal error: 'emmintrin.h' file not found
directfb 1.7.7-9 Failed [GCC_ERROR] ./String.h:126:51: error: format argument not a string type
dnaclust 3-7 Failed [GCC_ERROR] ./multi_dim.hpp:62:8: error: no matching constructor for initialization of 'std::range_error'
dnprogs 2.65 Failed [GCC_ERROR] connection.cc:932:23: error: non-constant-expression cannot be narrowed from type 'int' to 'char' in initializer list [-Wc++11-narrowing]
dnsjit 1.2.1-3 Failed [CLANG_ERROR/CLANG_LD_ERROR] ./src/output/dnscli.c:563: undefined reference to `_send_tcp'
doomsday 2.3.1+ds1-1 Failed [UNKNOWN] XXX
doxygen 1.9.1-2 Failed [GCC_ERROR/CLANG_ERROR] qshared.h:45:10: fatal error: 'atomic' file not found
dpuser 4.1+dfsg-1 Failed [SEGMENTATION_FAULT] XXX
dsniff 2.4b1+debian-30 Failed [GCC_ERROR] ./sshmitm.c:45:21: error: redefinition of 'csin' as different kind of symbol
dspdfviewer 1.15.1-1.1 Failed [GCC_ERROR] hyperlinkarea.h:40:16: error: 'mousePressEvent' overrides a member function but is not marked 'override' [-Werror,-Wsuggest-override]
dssi 1.1.1~dfsg0-5 Failed [CLANG_ERROR/CLANG_LD_ERROR] clang: error: linker command failed with exit code 1 (use -v to see invocation)
dune-functions 2.8.0-2 Failed [CLANG_ERROR/CLANG_LD_ERROR] ld: /usr/lib/x86_64-linux-gnu/libdunealbertagrid3d.so.2.8.0: undefined reference to `alloc_macro_data'
dune-grid-glue 2.8.0-2 Failed [CLANG_ERROR/CLANG_LD_ERROR] ld: /usr/lib/x86_64-linux-gnu/libdunealbertagrid3d.so.2.8.0: undefined reference to `alloc_macro_data'
dvd+rw-tools 7.1-14 Failed [GCC_ERROR] dvd+rw-mediainfo.cpp:624:27: error: invalid suffix on literal; C++11 requires a space between literal and identifier [-Wreserved-user-defined-literal]
dvi2dvi 2.0alpha-10 Failed [GCC_ERROR] dviconv.c:119:7: error: non-void function 'dviconv' should return a value [-Wreturn-type]
dvi2ps 5.1j-1.4 Failed [GCC_ERROR] virfont.c:320:2: error: non-void function 'vf_mc' should return a value [-Wreturn-type]
dymo-cups-drivers 1.4.0-11 Failed [GCC_ERROR] StringHelper.h:25:9: error: call to function 'operator<<' that is neither visible in the template definition nor found by argument-dependent lookup
eccodes 2.23.0-2 Failed [CLANG_ERROR/CLANG_LD_ERROR] ld: ../lib/libeccodes.so.0: undefined reference to `omp_init_nest_lock'
ecdsautils 0.3.2+git20151018-2 Failed [CLANG_ERROR/CLANG_LD_ERROR]     clang: error: linker command failed with exit code 1 (use -v to see invocation)
edenmath.app 1.1.1a-8 Failed [GCC_ERROR/CLANG_ERROR] Foundation.h:31:9: fatal error: 'objc/objc.h' file not found
efibootmgr 17-1 Failed [UNKNOWN] make[3]: *** No rule to make target 'efivar.h', needed by 'efibootmgr.o'.  Stop.
efitools 1.9.2-1 Failed [UNKNOWN] XXX
efivar 37-6 Failed [CLANG_ERROR] clang: error: unknown argument: '-flto-partition=none'
einstein 2.0.dfsg.2-10 Failed [GCC_ERROR] screen.cpp:119:32: error: non-constant-expression cannot be narrowed from type 'int' to 'Uint16' (aka 'unsigned short') in initializer list [-Wc++11-narrowing]
elfutils 0.185-2 Failed [CONFIGURE_ERROR] configure: error: gcc with GNU99 support required
ell 0.44-1 Failed [GCC_ERROR] ell/tls.c:1895:2: error: function definition is not allowed here
emacsql 3.0.0+ds-2 Failed [UNKNOWN] XXX
empire-lafe 1.1-1 Failed [GCC_ERROR] ./lafe.h:10:14: error: redefinition of 'log' as different kind of symbol
encfs 1.9.5-1 Failed [CLANG_ERROR/CLANG_LD_ERROR]     clang: error: linker command failed with exit code 1 (use -v to see invocation)
entropybroker 2.9-6 Failed [GCC_ERROR] main.cpp:196:24: error: non-constant-expression cannot be narrowed from type 'int' to 'rlim_t' (aka 'unsigned long') in initializer list [-Wc++11-narrowing]
epcr 2.3.12-1-9 Failed [GCC_ERROR] ./fast_seqio_write.cpp:45:43: error: invalid suffix on literal; C++11 requires a space between literal and identifier [-Wreserved-user-defined-literal]
epm 4.2-11 Failed [CLANG_ERROR/CLANG_LD_ERROR] clang: error: linker command failed with exit code 1 (use -v to see invocation)
eris 1.3.23-8 Failed [GCC_ERROR] PollDefault.cpp:80:28: error: non-constant-expression cannot be narrowed from type 'unsigned long' to '__time_t' (aka 'long') in initializer list [-Wc++11-narrowing]
erlang-jiffy 1.0.8+dfsg-3 Failed [CLANG_ERROR/CLANG_LD_ERROR] clang: error: linker command failed with exit code 1 (use -v to see invocation)
eso-midas 21.02pl1.0-1 Failed [GCC_ERROR/LD_ERROR/CLANG_ERROR/CLANG_LD_ERROR] collect2: error: ld returned 1 exit status
espresso 6.7-2 Failed [GCC_ERROR/LD_ERROR] collect2: error: ld returned 1 exit status
esys-particle 2.3.5+dfsg2-3 Failed [GCC_ERROR] ./SphAggGougeBlock.hpp:39:37: error: no viable conversion from '__normal_iterator<std::vector<boost::shared_ptr<esys::lsm::SphereBlockGenerator>>::const_pointer, [...]>' to '__normal_iterator<std::vector<boost::shared_ptr<esys::lsm::SphereBlockGenerator>>::pointer, [...]>'
ethereal-chess 12.00+ds1-1 Failed [CLANG_ERROR/CLANG_LD_ERROR] clang: error: linker command failed with exit code 1 (use -v to see invocation)
etoile 0+20080616+dfsg-2 Failed [GCC_ERROR/CLANG_ERROR] Foundation.h:31:9: fatal error: 'objc/objc.h' file not found
eurephia 1.1.0-6.1 Failed [GCC_ERROR] eurephiadm.c:203:47: error: function definition is not allowed here
evolver 2.70+ds-8 Failed [GCC_ERROR/CLANG_ERROR] ../../../src/include.h:61:10: fatal error: 'quadmath.h' file not found
exactimage 1.0.2-8 Failed [GCC_ERROR] codecs/dcraw.h:9961:30: error: invalid suffix on literal; C++11 requires a space between literal and identifier [-Wreserved-user-defined-literal]
exodusii 6.02.dfsg.1-8 Failed [GCC_ERROR/LD_ERROR] collect2: error: ld returned 1 exit status
extundelete 0.2.4-3 Failed [GCC_ERROR] extundelete.cc:1271:28: error: non-constant-expression cannot be narrowed from type 'int' to 'ext2_ino_t' (aka 'unsigned int') in initializer list [-Wc++11-narrowing]
fairy-stockfish 11.1-1 Failed [CLANG_ERROR/CLANG_LD_ERROR] clang: error: linker command failed with exit code 1 (use -v to see invocation)
fairymax 5.0b-1 Failed [GCC_ERROR] fairymax.c:477:21: error: void function 'PrintVariants' should not return a value [-Wreturn-type]
faketime 0.9.8-9 Failed [CLANG_ERROR] error: unknown warning option '-Wno-nonnull-compare' [-Werror,-Wunknown-warning-option]
fasta3 36.3.8h.2020-02-11-4 Failed [CLANG_ERROR/CLANG_LD_ERROR] clang: error: linker command failed with exit code 1 (use -v to see invocation)
fastd 22-2 Failed [CLANG_ERROR/CLANG_LD_ERROR] clang: error: linker command failed with exit code 1 (use -v to see invocation)
fastml 3.11-3 Failed [GCC_ERROR] computeCorrelations.cpp:1347:36: error: non-constant-expression cannot be narrowed from type 'double' to 'float' in initializer list [-Wc++11-narrowing]
faust 2.33.1~ds0-1 Failed [GCC_ERROR] sound2file.cpp:105:44: error: no member named 'numeric_limits' in namespace 'std'
fbpanel 7.0-4.2 Failed [UNKNOWN] XXX
ffcall 2.4-1 Failed [GCC_ERROR] avcall-x86_64.s:588:2: error: changed section flags for .eh_frame, expected: 0x2
ffe 0.3.9-1 Failed [CLANG_ERROR/CLANG_LD_ERROR] ./src/endian.c:159: undefined reference to `letobe_64'
fflas-ffpack 2.4.3-2 Failed [CLANG_ERROR/CONFIGURE_ERROR] configure: error: The Givaro library could not be used with the compiler and the flags set up by the configure script
fftw3 3.3.8-2 Failed [CONFIGURE_ERROR] configure: error: gcc 4.6 or later required for quad precision support
fig2sxd 0.20-1 Failed [GCC_ERROR] zipwrite.cpp:91:32: error: non-constant-expression cannot be narrowed from type 'int' to 'unsigned char' in initializer list [-Wc++11-narrowing]
fim 0.5.3-7 Failed [GCC_ERROR] FbiStuffJpeg.cpp:181:36: error: use of overloaded operator '+' is ambiguous (with operand types 'fim::string' and 'const fim_char_t *' (aka 'const char *'))
firebird3.0 3.0.7.33374.ds4-3 Failed [GCC_ERROR] libtool.m4: error: problem compiling CXX test program
fis-gtm 6.3-014-3 Failed [GCC_ERROR] dm_start.s:18:2: error: unknown directive
flatbuffers 1.12.1~git20200711.33e2d80+dfsg1-0.6 Failed [GCC_ERROR] flatbuffers.h:1807:30: error: definition of implicit copy constructor for 'StructKeyComparator<MyGame::Example::Ability>' is deprecated because it has a user-declared copy assignment operator [-Werror,-Wdeprecated-copy]
flightcrew 0.9.3+dfsg-1 Failed [CLANG_ERROR/CLANG_LD_ERROR] clang: error: linker command failed with exit code 1 (use -v to see invocation)
flightgear 1:2020.3.6+dfsg-1 Failed [TIMEOUT] 
floatbg 1.0-28 Failed [GCC_ERROR/CLANG_ERROR] Imake.tmpl:2243:10: fatal error: ' X11 .rules' file not found
fontmanager.app 0.1-3 Failed [GCC_ERROR/CLANG_ERROR] Foundation.h:31:9: fatal error: 'objc/objc.h' file not found
fortunate.app 3.1-3 Failed [GCC_ERROR/CLANG_ERROR] Foundation.h:31:9: fatal error: 'objc/objc.h' file not foundIn file included from MainDocument.m:9:
fox1.6 1.6.57-1 Failed [CLANG_ERROR/CLANG_LD_ERROR] clang: error: linker command failed with exit code 1 (use -v to see invocation)
fparserc++ 4.5.2-2 Failed [GCC_ERROR/CLANG_ERROR] mpfr/GmpInt.cc:2:10: fatal error: 'gmp.h' file not found
fractalnow 0.8.2-4 Failed [GCC_ERROR] src/command_line.cpp:109:62: error: invalid suffix on literal; C++11 requires a space between literal and identifier [-Wreserved-user-defined-literal]
frame 2.5.0-3 Failed [GCC_ERROR] x11/device_x11.cpp:126:13: error: moving a temporary object prevents copy elision [-Werror,-Wpessimizing-move]
freecontact 1.0.21-10 Failed [CLANG_ERROR] clang: error: unknown argument: '-ftree-vectorizer-verbose=0'
freefem 3.5.8-7 Failed [GCC_ERROR] setjmp.h:54:12: error: conflicting types for '__sigsetjmp'
freeipmi 1.6.6-4 Failed [BUILDDEPS] E: apt-cache returned no information about freeipmi source
frozen-bubble 2.212-9 Failed [CLANG_ERROR] clang: error: -lglib-2.0: 'linker' input unused [-Werror,-Wunused-command-line-argument]
frr 7.5.1-1.1 Failed [CLANG_ERROR/CONFIGURE_ERROR] configure: error: in `/<<PKGBUILDDIR>>'
fs-uae 3.1.35-1 Failed [GCC_ERROR] src/blkdev.cpp:758:40: error: non-constant-expression cannot be narrowed from type 'int' to 'uae_u8' (aka 'unsigned char') in initializer list [-Wc++11-narrowing]
ftp.app 0.6-2 Failed [GCC_ERROR/CLANG_ERROR] Foundation.h:31:9: fatal error: 'objc/objc.h' file not found
fuse-convmvfs 0.2.6-2 Failed [GCC_ERROR] convmvfs.cpp:115:32: error: invalid suffix on literal; C++11 requires a space between literal and identifier [-Wreserved-user-defined-literal]
fuzzylite 6.0+dfsg-3 Failed [GCC_ERROR] Operation.h:1044:24: error: passing an object that undergoes default argument promotion to 'va_start' has undefined behavior [-Werror,-Wvarargs]
fweb 1.62-14 Failed [GCC_ERROR] ./t_type.h:53:5: error: second parameter of 'main' (argument array) must be of type 'char **'
g-wrap 1.9.15-3.1 Failed [GCC_ERROR] inttypes.h:290:8: error: unknown type name 'intmax_t'; did you mean '__intmax_t'?
gabedit 2.5.1+ds-1 Failed [CLANG_ERROR/CLANG_LD_ERROR] ./src/Display/VibrationLocal.c:82: undefined reference to `__kmpc_for_static_init_4'
gamin 0.1.10-6 Failed [GCC_ERROR] gam_eq.c:127:3: error: non-void function 'gam_eq_flush' should return a value [-Wreturn-type]
gauche-c-wrapper 0.6.1-12 Failed [GCC_ERROR] Testing c-wrapper ...                                            <stdin>:443:1: error: pragma message requires parenthesized string
gcc-10-cross-mipsen 3+c5 Failed [GCC_ERROR/LD_ERROR] conftest.c:72: undefined reference to `getexecname'
gcc-10-cross-ports 19 Failed [GCC_ERROR/LD_ERROR] conftest.c:72: undefined reference to `getexecname'
gcc-10-cross 18 Failed [GCC_ERROR/LD_ERROR] conftest.c:72: undefined reference to `getexecname'
gcc-11-cross-mipsen 2+c2 Failed [GCC_ERROR/LD_ERROR] conftest.c:73: undefined reference to `getexecname'
gcc-11-cross-ports 7 Failed [GCC_ERROR/LD_ERROR] conftest.c:73: undefined reference to `getexecname'
gcc-11-cross 9 Failed [GCC_ERROR/LD_ERROR] conftest.c:73: undefined reference to `getexecname'
gcc-arm-none-eabi 15:10.3-2021.07-1 Failed [UNKNOWN] XXX
gcc-or1k-elf 1.0.1 Failed [UNKNOWN] XXX
gcin 2.9.0+dfsg1-2 Failed [GCC_ERROR/CLANG_ERROR] ./gcin-imcontext-qt.h:1:10: fatal error: 'QApplication' file not found
gdb-avr 7.7-4.1 Failed [BUILDDEPS] DEPS
gdb-bpf 4 Failed [UNKNOWN] XXX
gdb 10.1-2 Failed [UNKNOWN] XXX
gdbm 1.22-1 Failed [CLANG_ERROR/CLANG_LD_ERROR] ./diet-build/src/../../src/findkey.c:186: undefined reference to `bcmp'
gecode 6.2.0-5 Failed [GCC_ERROR] ./gecode/set/int/weights.hpp:127:14: error: no viable overloaded '='
geki2 2.0.3-10 Failed [GCC_ERROR] ranking.c:18:5: error: non-void function 'ScoreRanking' should return a value [-Wreturn-type]
geki3 1.0.3-8.1 Failed [GCC_ERROR] ranking.c:18:5: error: non-void function 'ScoreRanking' should return a value [-Wreturn-type]
gem 1:0.94-3 Failed [GCC_ERROR] <command line>:4:32: error: invalid suffix on literal; C++11 requires a space between literal and identifier [-Wreserved-user-defined-literal]
generator-scripting-language 4.1.5-3 Failed [UNKNOWN] XXX
genometester 4.0+git20200511.91cecb5+dfsg-1 Failed [CLANG_ERROR] clang: error: cannot specify -o when generating multiple output files
geoip 1.6.12-8 Failed [GCC_ERROR] debian/src/geoip-csv-to-dat.cpp:658:4: error: non-constant-expression cannot be narrowed from type 'unsigned long' to 'uint8_t' (aka 'unsigned char') in initializer list [-Wc++11-narrowing]
geotranz 3.7-1.1 Failed [GCC_ERROR] ../../GEOTRANS3/java_gui/geotrans3/jni/JNICCSObjectTranslator.h:14:7: error: forward declaration of class cannot have a nested name specifier
gerbera 1.1.0+dfsg-3 Failed [GCC_ERROR/CLANG_ERROR/CLANG_LD_ERROR] ./obj-x86_64-linux-gnu/CMakeFiles/CMakeTmp/./obj-x86_64-linux-gnu/CMakeFiles/CMakeTmp/src.c:11: undefined reference to `pthread_create'
getfem++ 5.3+dfsg1-3 Failed [CLANG_ERROR/CONFIGURE_ERROR] configure: error: g++ do not support option -std=c++11. Update g++ to at least release 4.8.1.
gfan 0.6.2-4 Failed [CLANG_ERROR] clang: error: unknown argument: '-fno-guess-branch-probability'
gforth 0.7.3+dfsg-9 Failed [UNKNOWN] XXX
gfpoken 1-3 Failed [GCC_ERROR] main.c:681:3: error: non-void function 'leveldraw_drag_end' should return a value [-Wreturn-type]
gfxreconstruct 0.9.9+dfsg-2 Failed [TIMEOUT] 
ghemical 3.0.0-5 Failed [GCC_ERROR] filetrans.cpp:357:5: error: non-constant-expression cannot be narrowed from type 'double' to 'fGL' (aka 'float') in initializer list [-Wc++11-narrowing]
git-annex 8.20211011-2 Failed [UNKNOWN] XXX
gkrellmitime 1.0.1-6 Failed [CLANG_ERROR/CLANG_LD_ERROR] clang: error: linker command failed with exit code 1 (use -v to see invocation)
glibc 2.32-4 Failed [TIMEOUT] 
glimpse 4.18.7-6 Failed [GCC_ERROR] misc.c:294:2: error: non-void function 'uninitialize_common' should return a value [-Wreturn-type]
gmap 2021-08-25+ds-1 Failed [GCC_ERROR] oligoindex_hr.c:10010:16: error: use of undeclared identifier 'mod_37_bit_position'
gmerlin 1.2.0~dfsg+1-6.1 Failed [CLANG_ERROR/CLANG_LD_ERROR] clang: error: linker command failed with exit code 1 (use -v to see invocation)
gmetadom 0.2.6-7 Failed [GCC_ERROR] ./../include/GdomeSmartDOMTraits.hh:102:25: error: non-constant-expression cannot be narrowed from type 'std::char_traits<unsigned short>::int_type' (aka 'unsigned long') to 'std::char_traits<unsigned short>::char_type' (aka 'unsigned short') in initializer list [-Wc++11-narrowing]
gnome-desktop-testing 2021.1-2 Failed [GCC_ERROR] src/gnome-desktop-testing-runner.c:94:31: error: format string is not a string literal [-Werror,-Wformat-nonliteral]
gnome-keyring 40.0-3 Failed [UNKNOWN] dh_auto_test: error: make -j4 check VERBOSE=1 returned exit code 2
gnome-screensaver 3.6.1-13 Failed [GCC_ERROR] gs-listener-dbus.c:362:39: error: format string is not a string literal [-Werror,-Wformat-nonliteral]
gnome-shell-pomodoro 0.20.0-1 Failed [GCC_ERROR] plugins/gnome/libgnome.so.p/gnome-shell-extension.c:739:2: error: non-void function 'gnome_plugin_gnome_shell_extension_get_info' should return a value [-Wreturn-type]
gnucash 1:4.6-1 Failed [UNKNOWN] XXX
gnumail 1.3.0-1 Failed [GCC_ERROR/CLANG_ERROR] Foundation.h:31:9: fatal error: 'objc/objc.h' file not found
gnupg1 1.4.23-1.1 Failed [CLANG_ERROR/CLANG_LD_ERROR] ld: ../mpi/libmpi.a(mpi-add.o):./build-deb/mpi/../../include/iobuf.h:81: multiple definition of `iobuf_debug_mode'; mpicalc.o:./build-deb/tools/../../include/iobuf.h:81: first defined here
gnustep-back 0.28.0-3 Failed [GCC_ERROR/CLANG_ERROR] GSObjCRuntime.h:58:11: fatal error: 'objc/objc.h' file not found
gnustep-base 1.27.0-4 Failed [CLANG_ERROR/CONFIGURE_ERROR] configure: error: Could not find Objective-C headers
gnustep-dl2 0.12.0-15.1 Failed [GCC_ERROR/CLANG_ERROR] GSObjCRuntime.h:58:11: fatal error: 'objc/objc.h' file not found
gnustep-examples 1:1.4.0-3 Failed [GCC_ERROR/CLANG_ERROR] Foundation.h:31:9: fatal error: 'objc/objc.h' file not found
gnustep-gui 0.28.0-3 Failed [GCC_ERROR/CLANG_ERROR] GSObjCRuntime.h:58:11: fatal error: 'objc/objc.h' file not found
gnustep-netclasses 1.06.dfsg-7 Failed [GCC_ERROR/CLANG_ERROR] GSObjCRuntime.h:58:11: fatal error: 'objc/objc.h' file not found
gnustep-performance 0.5.0-1 Failed [GCC_ERROR/CLANG_ERROR] GSObjCRuntime.h:58:11: fatal error: 'objc/objc.h' file not found
gnustep-sqlclient 1.8.1-3 Failed [GCC_ERROR/CLANG_ERROR] GSObjCRuntime.h:58:11: fatal error: 'objc/objc.h' file not found
gogglesmm 0.12.7-3 Failed [GCC_ERROR] src/GMAbout.cpp:92:31: error: invalid suffix on literal; C++11 requires a space between literal and identifier [-Wreserved-user-defined-literal]
golang-github-containers-buildah 1.22.3+ds1-2 Failed [UNKNOWN] XXX
gomoku.app 1.2.9-4 Failed [GCC_ERROR/CLANG_ERROR] Foundation.h:31:9: fatal error: 'objc/objc.h' file not found
gorm.app 1.2.26-1 Failed [GCC_ERROR/CLANG_ERROR] Foundation.h:31:9: fatal error: 'objc/objc.h' file not found
gpac 1.0.1+dfsg1-5 Failed [GCC_ERROR] utils/os_file.c:1058:33: error: no member named '__printf_chk' in 'struct __gf_file_io'
gpick 0.2.6-1 Failed [GCC_ERROR] Scoped.h:94:9: error: too many template arguments for class template 'Scoped'
gprolog 1.4.5.0-3 Failed [CLANG_ERROR] clang: error: unknown argument '-ffixed-r12'; did you mean '-ffixed-r19'?
gr-iqbal 0.38-4 Failed [GCC_ERROR] cxvec.h:45:15: error: expected ';' at end of declaration list
gr-radar 0.0.0.20180308-4 Failed [GCC_ERROR] [164]/<<PKGBUILDDIR>>/lib/signal_generator_cw_c_impl.cc:89:29: error: implicit conversion from '_Complex double' to 'float' is not permitted in C++
grabix 0.1.7-3 Failed [CLANG_ERROR/CLANG_LD_ERROR] clang: error: linker command failed with exit code 1 (use -v to see invocation)
grail 3.1.1-3 Failed [GCC_ERROR] handle.cpp:65:5: error: moving a temporary object prevents copy elision [-Werror,-Wpessimizing-move]
granule 1.4.0-7-10 Failed [GCC_ERROR] ./GrappConf.h:31:7: error: forward declaration of class cannot have a nested name specifier
graphicsmagick 1.4+really1.3.36+hg16481-2 Failed [UNKNOWN] XXX
grass 7.8.6-1 Failed [GCC_ERROR/CLANG_ERROR/CLANG_LD_ERROR] ld: /<<PKGBUILDDIR>>/dist.x86_64-pc-linux-gnu/lib/libgrass_gpde.7.8.so: undefined reference to `__kmpc_for_static_fini'
gridengine 8.1.9+dfsg-10 Failed [GCC_ERROR] ../libs/gdi/sge_gdi_ctx.c:1054:19: error: no member named '__dprintf_chk' in 'struct sge_csp_path_class_str'
gridlock.app 1.10-5 Failed [GCC_ERROR/CLANG_ERROR] Foundation.h:31:9: fatal error: 'objc/objc.h' file not found
grml2usb 0.18.5 Failed [GCC_ERROR] mbr.S:50:2: error: invalid instruction mnemonic 'lret'
gromacs 2021.3-4 Failed [UNKNOWN] XXX
growl-for-linux 0.8.5-8 Failed [GCC_ERROR] balloon.c:160:72: error: function definition is not allowed here
grpc 1.30.2-3 Failed [CLANG_ERROR/PYTHON_TRACEBACK] error: invalid argument '-std=gnu99' not allowed with 'C++'
grr.app 1.0-1 Failed [GCC_ERROR/CLANG_ERROR] Foundation.h:31:9: fatal error: 'objc/objc.h' file not found
grsync 1.3.0-1 Failed [GCC_ERROR] callbacks.c:44:64: error: function definition is not allowed here
grub 0.97-78 Failed [CLANG_ERROR/CONFIGURE_ERROR] configure: error: GRUB requires GAS .code16 addr32 support; upgrade your binutils
gsequencer 3.12.3-1 Failed [CLANG_ERROR/CLANG_LD_ERROR] clang: error: linker command failed with exit code 1 (use -v to see invocation)
gsmlib 1.10+20120414.gita5e5ae9a-0.5 Failed [GCC_ERROR] gsm_me_ta.cc:994:45: error: non-constant-expression cannot be narrowed from type 'int' to 'unsigned char' in initializer list [-Wc++11-narrowing]
gst-plugins-espeak 0.5.0-1 Failed [GCC_ERROR] espeak.c:211:59: error: function definition is not allowed here
gtamsanalyzer.app 0.42-7 Failed [GCC_ERROR/CLANG_ERROR] Foundation.h:31:9: fatal error: 'objc/objc.h' file not found
gtimer 2.0.0-1.2 Failed [GCC_ERROR] custom-list.c:613:3: error: non-void function 'custom_list_append_record' should return a value [-Wreturn-type]
gtkguitune 0.8-6 Failed [GCC_ERROR] lcdview.cc:26:31: error: addition of default argument on redeclaration makes this constructor a default constructor
guacamole-server 1.3.0-1 Failed [GCC_ERROR] protocol/guac_protocol_version.c:69:2: error: no newline at end of file [-Werror,-Wnewline-eof]
gudhi 3.4.1+dfsg-2 Failed [GCC_ERROR] Kd_tree_search.h:142:82: error: 'maybe_unused' attribute cannot be applied to types
guymager 0.8.13-1 Failed [CLANG_ERROR/CLANG_LD_ERROR] clang: error: linker command failed with exit code 1 (use -v to see invocation)
gvidm 0.8-15 Failed [GCC_ERROR] gvid.cc:99:17: error: invalid suffix on literal; C++11 requires a space between literal and identifier [-Wreserved-user-defined-literal]
gwama 2.2.2+dfsg-4 Failed [GCC_ERROR] gammaf.cpp:65:8: error: 'gamma' is missing exception specification 'throw()'
gworkspace 0.9.4-3 Failed [GCC_ERROR/CLANG_ERROR] Foundation.h:31:9: fatal error: 'objc/objc.h' file not found
harfbuzz 2.7.4-1 Failed [GCC_ERROR] ../../src/hb-subset-cff1.cc:405:33: error: variable 'supp_size' set but not used [-Werror,-Wunused-but-set-variable]
haskell-thyme 0.3.5.5-5 Failed [UNKNOWN] XXX
hdf5 1.10.7+repack-4 Failed [UNKNOWN] dh_auto_test: error: cd debian/build-serial && make -j4 test VERBOSE=1 returned exit code 2
helpviewer.app 0.3-8 Failed [CLANG_ERROR] clang: error: invalid value 'ISO-8859-1' in '-finput-charset=ISO-8859-1'
hex-a-hop 1.1.0+git20140926-1.1 Failed [GCC_ERROR] hex_puzzzle.cpp:351:17: error: non-constant-expression cannot be narrowed from type 'int' to 'Sint16' (aka 'short') in initializer list [-Wc++11-narrowing]
hime 0.9.11+dfsg-2 Failed [GCC_ERROR/CLANG_ERROR] tray-appindicator.c:18:10: fatal error: 'libayatana-appindicator/app-indicator.h' file not found
hkl 5.0.0.2816-2 Failed [CLANG_ERROR] clang: error: unknown argument: '-ftrack-macro-expansion=0'clang: error: unknown argument: '-ftrack-macro-expansion=0'
hnb 1.9.18+ds1-3 Failed [GCC_ERROR] prefs.c:92:2: error: embedding a #include directive within macro arguments is not supported
holotz-castle 1.3.14-12 Failed [GCC_ERROR] JLib/Util/JFS.cpp:1247:23: error: invalid suffix on literal; C++11 requires a space between literal and identifier [-Wreserved-user-defined-literal]
horgand 1.14-7.1 Failed [GCC_ERROR] HORGAN.cxx:127:45: error: invalid suffix on literal; C++11 requires a space between literal and identifier [-Wreserved-user-defined-literal]
hplip 3.21.8+dfsg0-2 Failed [GCC_ERROR/CLANG_ERROR] ./Normalize.h:4:9: fatal error: 'Common.h' file not found
hpsockd 0.17 Failed [GCC_ERROR] v5.c:162:3: error: non-void function 'v5Request' should return a value [-Wreturn-type]
hsail-tools 0~20180830-1 Failed [UNKNOWN] dh_auto_test: error: cd obj-x86_64-linux-gnu && make -j4 test ARGS\+=--verbose ARGS\+=-j4 returned exit code 2
ht 2.1.0+repack1-5 Failed [GCC_ERROR] ../htinfo.h:30:39: error: invalid suffix on literal; C++11 requires a space between literal and identifier [-Wreserved-user-defined-literal]
htslib 1.13+ds-2 Failed [TIMEOUT] 
httraqt 1.4.9-5 Failed [GCC_ERROR] htsglobal.h:211:80: error: invalid suffix on literal; C++11 requires a space between literal and identifier [-Wreserved-user-defined-literal]
hugs98 98.200609.21-5.4 Failed [UNKNOWN] tools/make_bootlib: 68: -D__HUGS__: not found
hylafax 3:6.0.7-3.1 Failed [UNKNOWN] XXX
hyperrogue 12.0f-1 Failed [GCC_ERROR] fake.cpp:86:24: error: 'get_corner' overrides a member function but is not marked 'override' [-Werror,-Winconsistent-missing-override]
hyphy 2.5.33+dfsg-1 Failed [GCC_ERROR] function_templates.h:160:15: error: duplicate directives 'unroll_count(8)' and '#pragma unroll(4)'
ibutils 1.5.7+0.2.gbd7e502-3 Failed [GCC_ERROR] ibissh_wrap.cpp:644:77: error: invalid suffix on literal; C++11 requires a space between literal and identifier [-Wreserved-user-defined-literal]
iem-plugin-suite 1.11.1-1 Failed [CLANG_ERROR/CLANG_LD_ERROR] clang: error: linker command failed with exit code 1 (use -v to see invocation)
igor 1.4.0+dfsg-3 Failed [GCC_ERROR] Deletion.cpp:909:60: error: use of overloaded operator '+' is ambiguous (with operand types 'const char [30]' and 'Seq_side')
imvirt 0.9.6-9 Failed [GCC_ERROR] vmware.c:65:5: error: invalid operand for instruction
indent 2.2.12-1 Failed [GCC_ERROR] output.c:843:8: error: variable 'paren_level' set but not used [-Werror,-Wunused-but-set-variable]
injeqt 1.1.0-1.1 Failed [GCC_ERROR] provider-by-default-constructor.h:80:16: error: 'required_types' overrides a member function but is not marked 'override' [-Werror,-Winconsistent-missing-override]
integrit 4.1-1.1 Failed [CLANG_ERROR/CLANG_LD_ERROR] cdb.c:(.text+0x259): undefined reference to `bcmp'
intel-compute-runtime 21.32.20609-1 Failed [GCC_ERROR] GmmResourceInfoCommon.h:428:44: error: variable 'pPlatform' set but not used [-Werror,-Wunused-but-set-variable]
intel-hdcp 20.3.0-1 Failed [CLANG_ERROR] clang: error: unknown argument: '-foptimize-strlen'
inventor 2.1.5-10-23.1 Failed [GCC_ERROR] ppp.c++:630:1: error: C++ requires a type specifier for all declarations
ipmctl 02.00.00.3885+ds-1 Failed [GCC_ERROR] lnx_adapter_passthrough.c:192:5: fatal error: fields must have a constant size: 'variable length array in structure' extension will never be supported
ippl 1.4.14-12.2 Failed [GCC_ERROR] main.c:56:16: error: redefinition of 'log' as different kind of symbol
ironseed 0.3.6-5 Failed [GCC_ERROR] c_utils.c:582:30: error: implicit conversion loses integer precision: 'SDLKey' to 'uint16_t' (aka 'unsigned short') [-Werror,-Wimplicit-int-conversion]
irssi-plugin-robustirc 0.6-4 Failed [GCC_ERROR] robustsession-network.c:268:9: error: non-void function 'robustsession_network_server' should return a value [-Wreturn-type]
irstlm 6.00.05-2 Failed [CLANG_ERROR] error: invalid argument '-std=c++0x' not allowed with 'C'
ivar 1.3.1+dfsg-4 Failed [GCC_ERROR] ivar.cpp:487:7: error: 'delete' applied to a pointer that was allocated with 'new[]'; did you mean 'delete[]'? [-Werror,-Wmismatched-new-delete]
iwd 1.18-1 Failed [GCC_ERROR] ell/tls.c:1895:2: error: function definition is not allowed here
jemalloc 5.2.1-4 Failed [UNKNOWN] dh_auto_test: error: make -j4 check VERBOSE=1 returned exit code 2
jgmenu 4.4.0-1 Failed [GCC_ERROR] jgmenu-applet.c:321:28: error: a parameter list without types is only allowed in a function definition
joystick 1:1.7.1-1 Failed [CLANG_ERROR] clang: error: cannot specify -o when generating multiple output files
js8call 2.2.0+ds-2 Failed [GCC_ERROR] f95: error: unrecognized command-line option -fopenmp=libomp; did you mean -fopenmp-simd?
julia 1.5.3+dfsg-3 Failed [GCC_ERROR/PYTHON_TRACEBACK] jltypes.c:1765:39: error: initializer element is not a compile-time constant
k2pdfopt 2.53+ds-1 Failed [GCC_ERROR] ocrtess.c:300:6: error: conflicting types for 'ocrtess_baselang'
kawari8 8.2.8-10 Failed [GCC_ERROR] shiori/kawari_shiori.cpp:147:35: error: invalid suffix on literal; C++11 requires a space between literal and identifier [-Wreserved-user-defined-literal]
kbdd 0.6-4 Failed [CLANG_ERROR/CLANG_LD_ERROR] libkbdd.c:186: undefined reference to `_kbdd_inner_iter'
kcheckers 0.8.1-5 Failed [GCC_ERROR] pdn.cc:350:27: error: invalid suffix on literal; C++11 requires a space between literal and identifier [-Wreserved-user-defined-literal]
kdc2tiff 0.35-10 Failed [GCC_ERROR] kdc2tiff.cpp:308:1: error: C++ requires a type specifier for all declarations
kdrill 6.5deb2-13 Failed [GCC_ERROR/CLANG_ERROR] Imake.tmpl:2243:10: fatal error: ' X11 .rules' file not found
kgx 0.2.1-2 Failed [GCC_ERROR] hdy-dialer-button.h:22:1: error: attribute '__deprecated__' is ignored, place it after "struct" to apply attribute to type declaration [-Werror,-Wignored-attributes]
kino 1.3.4+dfsg0-1.1 Failed [GCC_ERROR] page_capture.cc:1649:12: error: non-constant-expression cannot be narrowed from type 'unsigned long' to '__syscall_slong_t' (aka 'long') in initializer list [-Wc++11-narrowing]
kitty 0.19.3-1 Failed [CLANG_ERROR/CLANG_LD_ERROR] clang: error: linker command failed with exit code 1 (use -v to see invocation)
kjs 5.86.0-1 Failed [UNKNOWN] dh_auto_test: error: cd obj-x86_64-linux-gnu && make -j4 test ARGS\+=--verbose ARGS\+=-j4 returned exit code 2
klystrack 0.20171212-5 Failed [GCC_ERROR/CLANG_ERROR] src/main.c:40:10: fatal error: 'version.h' file not found
kmer 0~20150903+r2013-8 Failed [GCC_ERROR] util.h:55:29: error: invalid suffix on literal; C++11 requires a space between literal and identifier [-Wreserved-user-defined-literal]
kobodeluxe 0.5.1-10 Failed [GCC_ERROR] filemap.cpp:854:19: error: invalid suffix on literal; C++11 requires a space between literal and identifier [-Wreserved-user-defined-literal]
konclude 0.7.0+1138~dfsg-1 Failed [UNKNOWN] XXX
kraptor 0.0.20040403+ds-2 Failed [GCC_ERROR] src/game.c:416:3: error: function definition is not allowed here
kylin-burner 3.0.10-1.1 Failed [GCC_ERROR] gmacros.h:1102:37: note: burner-misc.c:116:11: error: format string is not a string literal [-Werror,-Wformat-nonliteral]
kyotocabinet 1.2.79-1 Failed [GCC_ERROR] kcthread.cc:671:50: error: cannot initialize a parameter of type 'void *' with an rvalue of type 'int'
labrea 2.5-stable-3.1 Failed [CLANG_ERROR] clang: error: '-I-' not supported, please use -iquote instead
ladspa-sdk 1.17-1 Failed [CLANG_ERROR/CLANG_LD_ERROR] clang: error: linker command failed with exit code 1 (use -v to see invocation)
lagan 2.0-6 Failed [CLANG_ERROR/CLANG_LD_ERROR] ./src/multial.c:829: undefined reference to `scoreOpp'
langford 0.0.20130228-6.1 Failed [CLANG_ERROR] clang: error: cannot specify -o when generating multiple output files
lapack 3.10.0-1 Failed [GCC_ERROR/LD_ERROR] collect2: error: ld returned 1 exit status
lastpass-cli 1.3.3-4 Failed [CLANG_ERROR] clang: error: unknown argument: '-fno-aggressive-loop-optimizations'
latd 1.35 Failed [GCC_ERROR] llogin.cc:231:25: error: non-constant-expression cannot be narrowed from type 'int' to 'char' in initializer list [-Wc++11-narrowing]
ldapvi 1.7-10 Failed [GCC_ERROR] ldapvi.c:1468:30: error: non-void function 'copy_sasl_output' should return a value [-Wreturn-type]
leela-zero 0.17-1 Failed [CLANG_ERROR/CLANG_LD_ERROR] clang: error: linker command failed with exit code 1 (use -v to see invocation)
lensfun 0.3.2-6 Failed [GCC_ERROR] cpuid.cpp:95:18: error: invalid suffix on literal; C++11 requires a space between literal and identifier [-Wreserved-user-defined-literal]
libace-perl 1.92-11 Failed [GCC_ERROR] RPC.xs:157:6: error: non-void function 'constant' should return a value [-Wreturn-type]
libalog 0.6.1-4 Failed [GCC_ERROR/LD_ERROR] collect2: error: ld returned 1 exit status
libapache2-mod-perl2 2.0.11-6 Failed [UNKNOWN] dh_auto_test: error: make -j1 test TEST_VERBOSE=1 returned exit code 2
libautovivification-perl 0.18-1 Failed [UNKNOWN] dh_auto_test: error: make -j1 test TEST_VERBOSE=1 returned exit code 2
libavif 0.9.2-2 Failed [GCC_ERROR] gtypes.h:458:24: error: identifier '_GLIB_CHECKED_ADD_U32' is reserved because it starts with '_' followed by a capital letter [-Werror,-Wreserved-identifier]
libayatana-appindicator 0.5.5-3 Failed [GCC_ERROR] ../../../src/app-indicator.c:206:2: error: use of GNU old-style field designator extension [-Werror,-Wgnu-designator]
libayatana-indicator 0.8.4-2 Failed [GCC_ERROR] ../../../libayatana-indicator/indicator-service.c:105:2: error: use of GNU old-style field designator extension [-Werror,-Wgnu-designator]
libcache-memcached-getparserxs-perl 0.01-2 Failed [UNKNOWN] dh_auto_test: error: make -j4 test TEST_VERBOSE=1 returned exit code 2
libcerf 1.3-2.1 Failed [GCC_ERROR] w_of_z.c:79:21: error: unused function 'cpolar' [-Werror,-Wunused-function]
libcgns 3.4.0-3 Failed [GCC_ERROR/LD_ERROR] collect2: error: ld returned 1 exit status
libchipcard 5.1.6-1 Failed [GCC_ERROR] cardcommander.cpp:48:47: error: invalid suffix on literal; C++11 requires a space between literal and identifier [-Wreserved-user-defined-literal]
libclass-xsaccessor-perl 1.19-3 Failed [UNKNOWN] dh_auto_test: error: make -j4 test TEST_VERBOSE=1 returned exit code 2
libconvert-binary-c-perl 0.84-1 Failed [UNKNOWN] dh_auto_test: error: make -j4 test TEST_VERBOSE=1 returned exit code 2
libdata-uuid-perl 1.226-1 Failed [UNKNOWN] dh_auto_test: error: make -j4 test TEST_VERBOSE=1 returned exit code 2
libdc1394 2.2.6-4 Failed [GCC_ERROR] )capture.c:324:9: error: fields must have a constant size: 'variable length array in structure' extension will never be supported
libdeflate 1.8-1 Failed [UNKNOWN] Could not read profile default.profdata: No such file or directory
libdevel-cover-perl 1.36-2 Failed [UNKNOWN] dh_auto_test: error: make -j4 test TEST_VERBOSE=1 returned exit code 2
libdfp 1.0.16-1 Failed [CLANG_ERROR/CONFIGURE_ERROR] configure: error: Building Libdfp requires a GLIBC printf.h header that
libdockapp 1:0.7.3-2 Failed [CLANG_ERROR] clang: error: unknown argument: '-frelease'
libembperl-perl 2.5.0-15 Failed [UNKNOWN] dh_auto_test: error: make -j1 test TEST_VERBOSE=1 returned exit code 2
libfcgi-perl 0.82+ds-1 Failed [UNKNOWN] dh_auto_test: error: make -j4 test TEST_VERBOSE=1 returned exit code 2
libffado 2.4.4-3 Failed [GCC_ERROR] types.h:566:9: error: call to function 'operator>>' that is neither visible in the template definition nor found by argument-dependent lookup
libffi 3.4.2-3 Failed [CLANG_ERROR] clang: error: unsupported option '-print-multi-os-directory'
libfile-map-perl 0.67-1 Failed [UNKNOWN] dh_auto_test: error: /usr/bin/perl Build test --verbose 1 returned exit code 2
libfiu 1.00-7 Failed [GCC_ERROR] modules/posix.custom.c:445:42: error: expected parameter declarator
libfreesrp 0.3.0-2 Failed [GCC_ERROR] freesrp_impl.cpp:31:39: error: reference to 'FreeSRP' is ambiguous
libgclib 0.12.7+ds-2 Failed [CLANG_ERROR/CLANG_LD_ERROR] clang: error: linker command failed with exit code 1 (use -v to see invocation)
libgdal-grass 3.3.2-2 Failed [CLANG_ERROR/CLANG_LD_ERROR] clang: error: linker command failed with exit code 1 (use -v to see invocation)
libgetdata 0.10.0-11 Failed [UNKNOWN] XXX
libghemical 3.0.0-4.3 Failed [GCC_ERROR] model.cpp:2566:20: error: non-constant-expression cannot be narrowed from type 'double' to 'fGL' (aka 'float') in initializer list [-Wc++11-narrowing]
libgltf 0.1.0-3 Failed [GCC_ERROR] Shaders.cpp:131:13: error: non-constant-expression cannot be narrowed from type 'size_t' (aka 'unsigned long') to 'GLint' (aka 'int') in initializer list [-Wc++11-narrowing]
libgnatcoll-bindings 21.0.0-4 Failed [GCC_ERROR/LD_ERROR] collect2: error: ld returned 1 exit status
libgphoto2 2.5.27-1 Failed [CLANG_ERROR] error: unknown warning option '-Wno-format-overflow'; did you mean '-Wno-shift-overflow'? [-Werror,-Wunknown-warning-option]
libgpiv 0.6.1-7.1 Failed [GCC_ERROR] ../../lib/io_raw.c:261:5: error: non-void function 'gpiv_fwrite_raw_image' should return a value [-Wreturn-type]
libgraphics-libplot-perl 2.2.2-7 Failed [GCC_ERROR] Libplot.xs:91:6: error: non-void function 'constant' should return a value [-Wreturn-type]
libhdf4 4.2.15-4 Failed [GCC_ERROR/LD_ERROR] collect2: error: ld returned 1 exit status
libhugetlbfs 2.23-4 Failed [CLANG_ERROR/CLANG_LD_ERROR] clang: error: linker command failed with exit code 1 (use -v to see invocation)
libindirect-perl 0.39-1 Failed [UNKNOWN] dh_auto_test: error: make -j4 test TEST_VERBOSE=1 returned exit code 2
libiodbc2 3.52.9-2.1 Failed [CLANG_ERROR/CLANG_LD_ERROR] clang: error: linker command failed with exit code 1 (use -v to see invocation)
libisds 0.10.7-1 Failed [GCC_ERROR] isds.c:1142:18: error: passing an object that undergoes default argument promotion to 'va_start' has undefined behavior [-Werror,-Wvarargs]
libixion 0.16.1-3 Failed [GCC_ERROR] model_context.cpp:20:39: error: unknown type name 'nullptr_t'; did you mean 'std::nullptr_t'?
libkf5incidenceeditor 21.08.1-1 Failed [CLANG_ERROR/CLANG_LD_ERROR] ./obj-x86_64-linux-gnu/src/./src/resourceitem.cpp:22: undefined reference to `KLDAP::LdapServer::setScope(KLDAP::LdapUrl::Scope)'
libkkc 0.3.5-7 Failed [UNKNOWN] XXX
libktorrent 21.08.0-2 Failed [UNKNOWN] XXX
libldm 0.2.5-1 Failed [GCC_ERROR] ldmtool.c:95:12: error: missing field 'action' initializer [-Werror,-Wmissing-field-initializers]
liblemon 1.3.1+dfsg-4 Failed [GCC_ERROR] path.h:231:24: error: no viable conversion from 'typename PredMapPath<Digraph, NodeMap<Arc>>::RevArcIt' to 'std::vector<lemon::concepts::Digraph::Arc>::value_type' (aka 'lemon::concepts::Digraph::Arc')
liblip 2.0.0-1.2 Failed [GCC_ERROR] tnt_sparse_matrix_csr.h:97:3: error: no matching constructor for initialization of 'Array1D<int>'
liblmdb-file-perl 0.12-4 Failed [UNKNOWN] dh_auto_test: error: make -j4 test TEST_VERBOSE=1 returned exit code 2
libmath-mpfr-perl 4.17-1 Failed [GCC_ERROR/CLANG_ERROR] have_d64.in:2:2: error: GNU decimal type extension not supported
libmaus2 2.0.806+ds-1 Failed [UNKNOWN] dh_auto_test: error: make -j4 check VERBOSE=1 returned exit code 2
libmawk 1.0.2-3 Failed [SEGMENTATION_FAULT] dh_auto_test: error: make -j4 test VERBOSE=1 returned exit code 2
libmdsp 0.11-10 Failed [GCC_ERROR] src/antoi.c:21:17: error: unknown kind of pragma comment
libmems 1.6.0+4725-9 Failed [TIMEOUT] 
libnatpmp 20150609-7.1 Failed [GCC_ERROR] libnatpmpmodule.c:273:5: error: non-void function 'initlibnatpmp' should return a value [-Wreturn-type]
libncursesada 6.2.20200212-4 Failed [GCC_ERROR/LD_ERROR] collect2: error: ld returned 1 exit status
libnet-jabber-loudmouth-perl 0.07-3 Failed [GCC_ERROR] zaphod32_hash.h:150:5: error: '(' and '{' tokens introducing statement expression appear in different macro expansion contexts [-Werror,-Wcompound-token-split-by-macro]
libnet-ssleay-perl 1.88-3 Failed [UNKNOWN] dh_auto_test: error: make -j4 test TEST_VERBOSE=1 returned exit code 2
libnetfilter-acct 1.0.3-3 Failed [CLANG_ERROR/CLANG_LD_ERROR] ./examples/nfacct-add.c:22: undefined reference to `nfacct_alloc'
libnetfilter-cthelper 1.0.0-3 Failed [CLANG_ERROR/CLANG_LD_ERROR] ./examples/nfct-helper-add.c:24: undefined reference to `nfct_helper_alloc'
libnetfilter-cttimeout 1.0.0-4 Failed [CLANG_ERROR/CLANG_LD_ERROR] ./examples/nfct-timeout-add.c:35: undefined reference to `nfct_timeout_alloc'
libnfo 1.0.1-3 Failed [GCC_ERROR/CLANG_ERROR] nfo_xml_utils.c:22:10: fatal error: 'libxml/parser.h' file not found
libnftnl 1.2.0-1 Failed [GCC_ERROR] object.c:399:19: error: no member named '__builtin___snprintf_chk' in 'struct obj_ops'
libomxxvideo 0.1-4 Failed [GCC_ERROR] omx_xvideo_sink_component.c:121:45: error: absolute value function 'abs' given an argument of type 'OMX_S32' (aka 'long') but has parameter of type 'int' which may cause truncation of value [-Werror,-Wabsolute-value]
libosmium 2.17.1-1 Failed [UNKNOWN] 129: Can not open location cache file '/<<PKGBUILDDIR>>/build/test/examples/t/location_cache/file_does_not_exist': No such file or directory
libpfm4 4.11.1+git32-gd0b85fb-1 Failed [GCC_ERROR] self_smpl_multi.c:144:19: error: variable 'sum' set but not used [-Werror,-Wunused-but-set-variable]
libphonenumber 8.12.16-4 Failed [GCC_ERROR] geocoding_data.cc:892757:45: error: missing terminating '"' character [-Werror,-Winvalid-pp-token]
libpsortb 1.0+dfsg-4 Failed [GCC_ERROR] std_funcs.c:2471:5: error: non-void function 'update_shares_prior_multi' should return a value [-Wreturn-type]
libpwiz 3.0.18342-4 Failed [GCC_ERROR] pwiz/data/common/BinaryIndexStream.cpp:159:15: error: cannot assign to non-static data member within const member function 'operator[]'
libqb 2.0.3-1 Failed [GCC_ERROR] _syslog_override.c:45:6: error: expected parameter declarator
libqes 0.2.8+ds-1 Failed [UNKNOWN] XXX
libquvi 0.9.4-1 Failed [UNKNOWN] dh_auto_test: error: make -j4 test VERBOSE=1 returned exit code 2
librecad 2.1.3-1.3 Failed [CLANG_ERROR] clang: error: unknown argument: '-fext-numeric-literals'
libreswan 4.3-1 Failed [GCC_ERROR] ikev1_xauth.c:2395:9: error: variable 'xauth_resp' set but not used [-Werror,-Wunused-but-set-variable]
libretro-bsnes-mercury 094+git20160126-3 Failed [GCC_ERROR] processor/r65816/registers.hpp:15:54: error: no matching member function for call to 'operator='
libretro-gambatte 0.5.0+git20160522+dfsg1-2.1 Failed [GCC_ERROR] src/statesaver.cpp:277:43: error: non-constant-expression cannot be narrowed from type 'unsigned int' to 'unsigned char' in initializer list [-Wc++11-narrowing]
librg-blast-parser-perl 0.03-7 Failed [GCC_ERROR] blast-parser-driver.h:61:12: error: C++ requires a type specifier for all declarations
librostlab-blast 1.0.1-10 Failed [GCC_ERROR] ./rostlab/blast-parser-driver.h:61:12: error: C++ requires a type specifier for all declarations
librsb 1.2.0.10+dfsg-1 Failed [GCC_ERROR/LD_ERROR] ld: /<<PKGBUILDDIR>>/.libs/librsb.so: undefined reference to `__kmpc_reduce_nowait'
libs3 2.0-3 Failed [GCC_ERROR] inc/request.h:131:14: error: sizeof on pointer operation will return size of 'char *' instead of 'char [9]' [-Werror,-Wsizeof-array-decay]
libsass-python 0.20.1-3 Failed [CLANG_ERROR] error: invalid argument '-std=gnu++0x' not allowed with 'C'
libscope-upper-perl 0.32-1 Failed [UNKNOWN] dh_auto_test: error: make -j4 test TEST_VERBOSE=1 returned exit code 2
libsdl2-mixer 2.0.4+dfsg1-4 Failed [CLANG_ERROR/CLANG_LD_ERROR] clang: error: linker command failed with exit code 1 (use -v to see invocation)
libselinux 3.1-3 Failed [CLANG_ERROR] clang: error: no such file or directory: 'temp.aux'
libsemanage 3.1-1 Failed [CLANG_ERROR] clang: error: no such file or directory: 'temp.aux'
libset-object-perl 1.41-1 Failed [UNKNOWN] dh_auto_test: error: make -j4 test TEST_VERBOSE=1 returned exit code 2
libsmpp34 1.14.0-2 Failed [GCC_ERROR] ../src/smpp34_params.c:139:2: error: embedding a #include directive within macro arguments is not supported
libss7 2.0.0-3 Failed [GCC_ERROR] mtp3.c:1947:31: error: equality comparison with extraneous parentheses [-Werror,-Wparentheses-equality]
libssw 1.1-13 Failed [CLANG_ERROR] clang: error: cannot specify -o when generating multiple output files
libswe 1.80.00.0002-1.1 Failed [CLANG_ERROR/CLANG_LD_ERROR] clang: error: linker command failed with exit code 1 (use -v to see invocation)
libsyntax-keyword-dynamically-perl 0.09-1 Failed [UNKNOWN] dh_auto_test: error: /usr/bin/perl Build test --verbose 1 returned exit code 255
libterralib 4.3.0+dfsg.2-12.1 Failed [GCC_ERROR/CLANG_ERROR/CLANG_LD_ERROR] ld: cannot find -lterralib
libtexttools 2.1.0-18 Failed [GCC_ERROR/LD_ERROR] collect2: error: ld returned 1 exit status
libusrsctp 0.9.5.0-2 Failed [GCC_ERROR] user_socket.c:2860:6: error: variable 'send_count' set but not used [-Werror,-Wunused-but-set-variable]
libvariable-magic-perl 0.62-1 Failed [UNKNOWN] dh_auto_test: error: make -j1 test TEST_VERBOSE=1 returned exit code 2
libvmime 0.9.2-6 Failed [GCC_ERROR/CLANG_ERROR] config.hpp:33:11: fatal error: 'cstdint' file not found
libwebsockets 4.0.20-2 Failed [CLANG_ERROR] error: unknown warning option '-Werror=format-overflow'; did you mean '-Werror=shift-overflow'? [-Werror,-Wunknown-warning-option]
libwx-perl 1:0.9932-5 Failed [UNKNOWN] XXX
libwx-scintilla-perl 0.39-4 Failed [UNKNOWN] XXX
libxlsxwriter 1.0.6-1 Failed [GCC_ERROR] chart.c:426:9: error: expected expression
libxs-parse-sublike-perl 0.13-1 Failed [UNKNOWN] dh_auto_test: error: /usr/bin/perl Build test --verbose 1 returned exit code 255
lierolibre 0.5-3 Failed [GCC_ERROR] ./src/gvl/io/encoding.hpp:586:19: error: cast from pointer to smaller type 'uint32_t' (aka 'unsigned int') loses information
lilypond 2.22.1-2 Failed [UNKNOWN] XXX
linbox 1.6.3-3 Failed [UNKNOWN] XXX
linphone 4.4.21-2 Failed [GCC_ERROR] call-op.cpp:597:39: error: implicit conversion changes signedness: 'int' to 'unsigned int' [-Werror,-Wsign-conversion]
linux86 0.16.17-3.3 Failed [GCC_ERROR] tok_io.c:231:6: error: non-void function 'do_control' should return a value [-Wreturn-type]
linux 5.14.12-1 Failed [CLANG_ERROR] error: unknown warning option '-Wstrict-aliasing=3'; did you mean '-Wstring-plus-int'? [-Werror,-Wunknown-warning-option]
llvmlite 0.35.0-3 Failed [CLANG_ERROR/CLANG_LD_ERROR/PYTHON_TRACEBACK] clang: error: linker command failed with exit code 1 (use -v to see invocation)
log4cpp 1.1.3-3 Failed [GCC_ERROR] testDailyRollingFileAppender.cpp:43:46: error: invalid suffix on literal; C++11 requires a space between literal and identifier [-Wreserved-user-defined-literal]
logrotate 3.18.1-2 Failed [GCC_ERROR] logrotate.c:1083:17: error: variable 'ptr' set but not used [-Werror,-Wunused-but-set-variable]
lomiri-api 0.1.1-4 Failed [GCC_ERROR] GObjectMemory_test.cpp:232:38: error: cannot pass object of non-trivial type 'internal::GlibAssigner<unique_ptr<char, GlibDeleter<gchar>>>' through variadic function; call will abort at runtime [-Wnon-pod-varargs]
lookup 1.08b-13 Failed [GCC_ERROR] lib/romaji2kana.c:59:12: error: source file is not valid UTF-8
loqui 0.7.0-2 Failed [GCC_ERROR] remark_entry.c:553:2: error: non-void function 'remark_entry_find_completion_matches' should return a value [-Wreturn-type]
lordsawar 0.3.2+frogknows-1 Failed [GCC_ERROR] ../../src/setlist.h:318:32: error: typedef 'const_iterator' cannot be referenced with a class specifier
lsp-plugins 1.1.30-1 Failed [GCC_ERROR] :13: error: expected relocatable expression
lucene++ 3.0.8-5 Failed [GCC_ERROR] gmock-actions.h:455:3: error: definition of implicit copy constructor for 'PolymorphicAction<testing::internal::ReturnNullAction>' is deprecated because it has a user-declared copy assignment operator [-Werror,-Wdeprecated-copy]
lusernet.app 0.4.3-1 Failed [GCC_ERROR/CLANG_ERROR] GSObjCRuntime.h:58:11: fatal error: 'objc/objc.h' file not found
lwipv6 1.5a-9 Failed [GCC_ERROR] ../../../../ports/unix/netif/vdeif.c:485:3: error: non-void function 'vdeif_streampkt_input' should return a value [-Wreturn-type]
lwm 1.2.2-6 Failed [GCC_ERROR/CLANG_ERROR] Imake.tmpl:2243:10: fatal error: ' X11 .rules' file not found
lxc 1:4.0.10-1 Failed [UNKNOWN] XXX
m4 1.4.18-5 Failed [UNKNOWN] dh_auto_test: error: make -j4 check VERBOSE=1 returned exit code 2
maelstrom 1.4.3-L3.0.6+main-9 Failed [GCC_ERROR] ../load.h:124:65: error: invalid suffix on literal; C++11 requires a space between literal and identifier [-Wreserved-user-defined-literal]
mandos 1.8.14-1 Failed [GCC_ERROR] plugins.d/password-prompt.c:124:51: error: function definition is not allowed here
mapsembler2 2.2.4+dfsg1-4 Failed [CLANG_ERROR/CLANG_LD_ERROR] ./src/kissReads.c:427: undefined reference to `__kmpc_for_static_init_4'
mariadb-10.5 1:10.5.12-1 Failed [CLANG_ERROR/CLANG_LD_ERROR] clang: error: linker command failed with exit code 1 (use -v to see invocation)
mate-settings-daemon 1.24.1-1 Failed [GCC_ERROR] msd-xrandr-manager.c:2414:3: error: non-void function 'apply_intended_configuration' should return a value [-Wreturn-type]
mbedtls 2.16.9-0.1 Failed [BUILD_TIMEOUT] E: Build killed with signal TERM after 150 minutes of inactivity
mdk4 4.2-3 Failed [GCC_ERROR] poc.c:508:3: error: non-void function 'str_to_hex' should return a value [-Wreturn-type]
mdm 0.1.3-2.1 Failed [CLANG_ERROR] clang: error: cannot specify -o when generating multiple output files
memtest86+ 5.01-3.1 Failed [GCC_ERROR] main.c:223:2: error: indirect goto in function with no address-of-label expressions
memtest86 4.3.7-3 Failed [GCC_ERROR] main.c:229:2: error: indirect goto in function with no address-of-label expressions
mercator 0.3.3-6 Failed [GCC_ERROR] polygon_intersect.h:667:37: error: no member named 'm_orient' in 'WFMath::Polygon<2>'
mes 0.23-4 Failed [GCC_ERROR/SEGMENTATION_FAULT] checking for cc is Mes C....config.c:2:2: error: no mesc
mgba 0.8.4+dfsg-2 Failed [GCC_ERROR] cli-debugger.c:204:22: error: no member named '__printf_chk' in 'struct CLIDebuggerBackend'
mgdiff 1.0-30 Failed [GCC_ERROR/CLANG_ERROR] Imake.tmpl:2243:10: fatal error: ' X11 .rules' file not found
mimetic 0.9.8-10 Failed [GCC_ERROR] cutee.cxx:346:31: error: invalid suffix on literal; C++11 requires a space between literal and identifier [-Wreserved-user-defined-literal]
mingw-w64 8.0.0-1 Failed [GCC_ERROR] winbase.h:2712:56: error: a parameter list without types is only allowed in a function definition
minisapserver 0.3.6-1.1 Failed [GCC_ERROR] sapserver.cpp:94:33: error: invalid suffix on literal; C++11 requires a space between literal and identifier [-Wreserved-user-defined-literal]
minisat+ 1.0-4 Failed [GCC_ERROR] ./SatELite.h:509:56: error: invalid suffix on literal; C++11 requires a space between literal and identifier [-Wreserved-user-defined-literal]
minisat2 1:2.2.1-5 Failed [GCC_ERROR] ./minisat/utils/Options.h:285:33: error: invalid suffix on literal; C++11 requires a space between literal and identifier [-Wreserved-user-defined-literal]
mira 4.9.6-5 Failed [CLANG_ERROR/CONFIGURE_ERROR] configure: error: Could not link against boost_thread !
mknfonts.tool 0.5-12 Failed [GCC_ERROR/CLANG_ERROR] GSObjCRuntime.h:58:11: fatal error: 'objc/objc.h' file not found
mlv 3.1.0-6 Failed [CLANG_ERROR/CLANG_LD_ERROR] ./MLV/input_box.c:883: undefined reference to `goUpInHistory_NTS'
mmseqs2 13-45111+ds-2 Failed [GCC_ERROR/CLANG_ERROR] njn_dynprogprobproto.hpp:39:10: fatal error: 'vector' file not found
moc 1:2.6.0~svn-r3005-1 Failed [CLANG_ERROR/CONFIGURE_ERROR] configure: error: I don't know how to compile pthreads code on this system.
molds 0.3.1-1 Failed [GCC_ERROR] base/../mpi/MpiProcess.h:177:41: error: non-constant-expression cannot be narrowed from type 'MolDS_mpi::molds_mpi_int' (aka 'long') to 'int' in initializer list [-Wc++11-narrowing]
mona 1.4-18-1 Failed [CLANG_ERROR/CONFIGURE_ERROR] configure: error: C++ compiler not found
monit 1:5.29.0-5 Failed [CLANG_ERROR/CONFIGURE_ERROR] configure: error: in `/<<PKGBUILDDIR>>'
monkeysphere 0.43-3.1 Failed [GCC_ERROR] src/agent-transfer/main.c:409:14: error: variable 'mpilen' is used uninitialized whenever 'if' condition is false [-Werror,-Wsometimes-uninitialized]
moonshot-ui 1.1.0+libsecret~2 Failed [GCC_ERROR] examples/client.c:36:5: error: second parameter of 'main' (argument array) must be of type 'char **'
mpdcon.app 1.1.99-5 Failed [GCC_ERROR/CLANG_ERROR] Foundation.h:31:9: fatal error: 'objc/objc.h' file not found
mpgrafic 0.3.19-1 Failed [GCC_ERROR/LD_ERROR] collect2: error: ld returned 1 exit status
msxpertsuite 5.8.9-1 Failed [CLANG_ERROR/CLANG_LD_ERROR] ./debian/build/libmass/./libmass/Trace.cpp:1534: undefined reference to `__kmpc_for_static_init_4'
muffin 5.0.1-2 Failed [GCC_ERROR] clutter-main.c:3719:46: error: format string is not a string literal [-Werror,-Wformat-nonliteral]
mumps 5.4.1-2 Failed [GCC_ERROR/LD_ERROR] collect2: error: ld returned 1 exit status
murasaki 1.68.6-13 Failed [GCC_ERROR] ./cryptohasher.h:32:5: error: unknown type name 'byte'; did you mean 'CryptoPP::byte'?
mypy 0.910-3 Failed [TIMEOUT] 
mystiq 20.03.23-3 Failed [CLANG_ERROR/CLANG_LD_ERROR] clang: error: linker command failed with exit code 1 (use -v to see invocation)
nam 1.15-5.2 Failed [GCC_ERROR] tclcl.h:193:33: error: invalid suffix on literal; C++11 requires a space between literal and identifier [-Wreserved-user-defined-literal]
nanopb 0.4.5-1 Failed [GCC_ERROR] pb.h:285:5: error: '_Bool' is a C99 extension [-Werror,-Wc99-extensions]
nanopolish 0.13.3-2 Failed [CLANG_ERROR/CLANG_LD_ERROR] clang: error: linker command failed with exit code 1 (use -v to see invocation)
ncap 1.9.2-7 Failed [GCC_ERROR] asprintf.c:35:30: error: format string is not a string literal [-Werror,-Wformat-nonliteral]
ncl 6.6.2-10 Failed [GCC_ERROR/LD_ERROR/CLANG_ERROR/CLANG_LD_ERROR] collect2: error: ld returned 1 exit status
nestopia 1.51.1-1 Failed [GCC_ERROR] source/core/NstCartridgeUnif.cpp:741:5: error: non-constant-expression cannot be narrowed from type 'unsigned int' to 'Nes::byte' (aka 'unsigned char') in initializer list [-Wc++11-narrowing]
net-cpp 2.2.1+dfsg1-6 Failed [GCC_ERROR] streaming_request.h:47:22: error: 'core::net::http::StreamingRequest::execute' hides overloaded virtual function [-Werror,-Woverloaded-virtual]
netmaze 0.81+jpg0.82-16 Failed [GCC_ERROR/CLANG_ERROR] Imake.tmpl:2243:10: fatal error: ' X11 .rules' file not found
netplan.io 0.103-3 Failed [CLANG_ERROR] clang: error: -Wl,-z,relro: 'linker' input unused [-Werror,-Wunused-command-line-argument]
netplug 1.2.9.2-3 Failed [GCC_ERROR] if_info.c:295:37: error: function definition is not allowed here
nfft 3.3.2-2 Failed [CLANG_ERROR/CLANG_LD_ERROR] ld: ../.libs/libnfft3l_threads.so: undefined reference to `__atomic_compare_exchange'
nield 0.6.1-2 Failed [GCC_ERROR] tcmsg_filter_flow.c:310:5: error: non-void function 'conv_flow_key' should return a value [-Wreturn-type]
nifticlib 3.0.1-8 Failed [UNKNOWN] /bin/sh: 1: DEB_build_static/utils/nifti_tool: not found
nitpic 0.1-17 Failed [GCC_ERROR/CLANG_ERROR] Imake.tmpl:2243:10: fatal error: ' X11 .rules' file not found
nn 6.7.3-14 Failed [UNKNOWN] make[3]: *** No rule to make target ' articles.h', needed by 'nn.o'.  Stop.
node-opencv 7.0.0+git20200310.6c13234-3 Failed [GCC_ERROR]   what():  OpenCV(4.5.4) ./modules/imgproc/src/floodfill.cpp:509: error: (-211:One of the arguments' values is out of range) Seed point is outside of image in function 'floodFill'
normaliz 3.8.9+ds-0.1 Failed [UNKNOWN] dh_auto_test: error: cd _build && make -j4 check VERBOSE=1 returned exit code 2
notcurses 2.4.8+dfsg.1-1 Failed [GCC_ERROR] pthread.h:1029:6: error: '__nonnull__' attribute parameter 3 is out of bounds
notify-osd 0.9.35+15.04.20150126-1 Failed [GCC_ERROR] ./display.c:291:2: error: non-void function 'stack_layout' should return a value [-Wreturn-type]
nss-pam-ldapd 0.9.11-1 Failed [CLANG_ERROR/CONFIGURE_ERROR] configure: error: no support for pthreads
nss-pem 1.0.8-1 Failed [GCC_ERROR] certvfypkix.c:819:9: error: variable 'errLevel' set but not used [-Werror,-Wunused-but-set-variable]
nss 2:3.70-1 Failed [GCC_ERROR] certvfypkix.c:819:9: error: variable 'errLevel' set but not used [-Werror,-Wunused-but-set-variable]
ntpsec 1.2.1+dfsg1-1 Failed [UNKNOWN] XXX
nullmailer 1:2.2-3 Failed [GCC_ERROR] inject.cc:211:3: error: non-constant-expression cannot be narrowed from type 'size_t' (aka 'unsigned long') to 'unsigned int' in initializer list [-Wc++11-narrowing]
numptyphysics 0.2+svn157-0.5 Failed [GCC_ERROR] Canvas.cpp:457:26: error: non-constant-expression cannot be narrowed from type 'int' to 'Sint16' (aka 'short') in initializer list [-Wc++11-narrowing]
nvidia-settings 470.57.02-2 Failed [CLANG_ERROR/CLANG_LD_ERROR] clang: error: linker command failed with exit code 1 (use -v to see invocation)
nvidia-texture-tools 2.0.8-1+dfsg-8.2 Failed [CLANG_ERROR/CLANG_LD_ERROR] clang: error: linker command failed with exit code 1 (use -v to see invocation)
nvptx-tools 0.20180301-1 Failed [GCC_ERROR] ./../include/libiberty.h:627:12: error: expected parameter declarator
objcryst-fox 1.9.6.0-2.2 Failed [CLANG_ERROR] error: invalid argument '-std=gnu++98' not allowed with 'C'
obs-studio 27.1.3+dfsg1-1 Failed [CLANG_ERROR/CLANG_LD_ERROR] ld: final link failed: bad value
oce 0.18.3-2 Failed [UNKNOWN] dh_auto_test: error: cd obj-x86_64-linux-gnu && make -j4 test ARGS\+=--verbose ARGS\+=-j4 returned exit code 2
ode 2:0.16.2-1 Failed [GCC_ERROR] demo_cylvssphere.cpp:154:20: error: non-constant-expression cannot be narrowed from type 'dReal' (aka 'double') to 'float' in initializer list [-Wc++11-narrowing]
odil 0.12.1-1 Failed [UNKNOWN] XXX
oggvideotools 0.9.1-6 Failed [CLANG_ERROR] error: invalid argument '--std=c++0x' not allowed with 'C'
ogmrip 1.0.1-3.1 Failed [GCC_ERROR] ogmrip-encoding.c:1200:7: error: cast to union type from type 'int' not present in union
ogre-1.9 1.9.0+dfsg1-12.1 Failed [GCC_ERROR] OgreX11EGLWindow.cpp:558:30: error: non-constant-expression cannot be narrowed from type 'Ogre::uint' (aka 'unsigned int') to 'int' in initializer list [-Wc++11-narrowing]
opa-fm 10.10.3.0.11-1 Failed [GCC_ERROR/CLANG_ERROR/CLANG_LD_ERROR] sm_dor.c:(.text+0x1edf): undefined reference to `port_pair_needs_warning'
opari2 2.0.6-2 Failed [GCC_ERROR/LD_ERROR] collect2: error: ld returned 1 exit status
opari 1.1+dfsg-9 Failed [GCC_ERROR/LD_ERROR] collect2: error: ld returned 1 exit status
open-invaders 0.3-7 Failed [GCC_ERROR] ../headers/declare.h:27:41: error: invalid suffix on literal; C++11 requires a space between literal and identifier [-Wreserved-user-defined-literal]
open-iscsi 2.1.5-1 Failed [CLANG_ERROR] error: unknown warning option '-Werror=zero-length-bounds'; did you mean '-Werror=zero-length-array'? [-Werror,-Wunknown-warning-option]
open3d 0.9.0+ds-7 Failed [GCC_ERROR] FastGlobalRegistration.cpp:260:25: error: variable 'r2' set but not used [-Werror,-Wunused-but-set-variable]
openblas 0.3.18+ds-1 Failed [GCC_ERROR/LD_ERROR] ld: cannot find -lomp
opencascade 7.5.1+dfsg1-2 Failed [UNKNOWN] Failed to copy 'usr/bin/custom_gcc_64.sh': No such file or directory at /usr/share/dh-exec/dh-exec-install-rename line 51, <> line 4.
opencfu 4.0.0+dfsg-1 Failed [GCC_ERROR]   what():  OpenCV(4.5.4) ./modules/imgproc/src/rotcalipers.cpp:193: error: (-215:Assertion failed) orientation != 0 in function 'rotatingCalipers'
opencryptoki 3.8.1+dfsg-3.2 Failed [CLANG_ERROR] clang: error: unknown argument: '-fgnu-tm'
opendnssec 1:2.1.10-1 Failed [GCC_ERROR/CLANG_ERROR] ../../common/janitor.c:49:10: fatal error: 'backtrace.h' file not found
openhpi 3.8.0-2.1 Failed [GCC_ERROR] ipmi.cpp:1561:83: error: alias must point to a defined variable or function
openjade 1.4devel1-22 Failed [GCC_ERROR/CLANG_ERROR] libtool.m4: error: problem compiling CXX test program
openjdk-11-jre-dcevm 11.0.12+7-1 Failed [CONFIGURE_ERROR] configure: error: A gcc compiler is required. Try setting --with-tools-dir.
openjfx 11.0.11+0-1 Failed [CLANG_ERROR] error: unknown warning option '-Werror=trampolines' [-Werror,-Wunknown-warning-option]
openmm 7.6.0+dfsg-1 Failed [UNKNOWN] dh_auto_test: error: cd obj-x86_64-linux-gnu && make -j4 test ARGS\+=--verbose ARGS\+=-j4 returned exit code 2
openmolcas 20.10-2 Failed [CLANG_ERROR] clang: error: no such file or directory: 'data/MolGUI.prgm'
openmpi 4.1.2~rc1-4 Failed [CLANG_ERROR/CONFIGURE_ERROR] configure: error: Cannot continue
openmsx 17.0-1 Failed [GCC_ERROR] src/sound/BlipBuffer.cc:23:16: error: constexpr variable 'impulses' must be initialized by a constant expression
openni 1.5.4.0+dfsg-4 Failed [GCC_ERROR] ../../../../../Wrappers/OpenNI.jni/org_OpenNI_NativeMethods.cpp:971:24: error: non-constant-expression cannot be narrowed from type 'jbyte' (aka 'signed char') to 'XnUInt8' (aka 'unsigned char') in initializer list [-Wc++11-narrowing]
openrc 0.42-2.1 Failed [GCC_ERROR] rc-sysvinit.c:93:3: error: void function 'sysvinit_setenv' should not return a value [-Wreturn-type]
opensmtpd-extras 6.7.1-2 Failed [GCC_ERROR] stdio.h:354:12: error: conflicting types for 'snprintf'
opensp 1.5.2-13 Failed [GCC_ERROR] ../include/Ptr.h:72:11: error: ISO C++11 does not allow access declarations; use using declarations instead
opensta 0~20191111gitc018cb2+dfsg-1 Failed [CLANG_ERROR/CLANG_LD_ERROR] ld: ../app/libOpenSTA.a(DispatchQueue.cc.o): undefined reference to symbol 'pthread_create@@GLIBC_2.2.5'
openuniverse 1.0beta3.1+dfsg-7 Failed [GCC_ERROR] scrnshot.cpp:50:37: error: invalid suffix on literal; C++11 requires a space between literal and identifier [-Wreserved-user-defined-literal]
openvpn-auth-ldap 2.0.4-1 Failed [CLANG_ERROR/CONFIGURE_ERROR] configure: error: Can't locate Objective C runtime headers
openvswitch 2.15.0+ds1-8 Failed [GCC_ERROR] ../lib/vlog.c:1149:35: error: no member named '__syslog_chk' in 'struct syslog_class'
oregano 0.84.41+dfsg.1-1 Failed [GCC_ERROR] ../src/model/item-data.c:456:2: error: void function 'item_data_set_property' should not return a value [-Wreturn-type]
orocos-bfl 0.8.0-5 Failed [GCC_ERROR] mixtureParticleFilter.cpp:105:27: error: member reference base type 'Mixture<SVar> *' is not a structure or union
osmium-tool 1.13.2-1 Failed [UNKNOWN] dh_auto_test: error: cd obj-x86_64-linux-gnu && make -j4 test ARGS\+=--verbose ARGS\+=-j4 returned exit code 2
osmo-iuh 0.6.1+dfsg1-2 Failed [GCC_ERROR] hnb-test.c:329:3: error: non-void function 'hnb_test_nas_rx_auth_req' should return a value [-Wreturn-type]
osmo-pcu 0.8.0-3 Failed [GCC_ERROR] gprs_bssgp_pcu.cpp:111:29: error: invalid use of non-static data member 'frame'
ounit 2.2.3-2 Failed [UNKNOWN] XXX
ovn 21.06.0+ds1-2 Failed [GCC_ERROR] lib/vlog.c:1149:35: error: no member named '__syslog_chk' in 'struct syslog_class'
packagesearch 2.7.11 Failed [GCC_ERROR] main.cpp:45:30: error: cannot pass non-trivial object of type 'const QString' to variadic function; expected type from format string was 'char *' [-Wnon-pod-varargs]
pacman 10-18 Failed [GCC_ERROR/CLANG_ERROR] Imake.tmpl:2243:10: fatal error: ' X11 .rules' file not found
paexec 1.1.1-1 Failed [UNKNOWN] dh_auto_test: error: mkcmake PREFIX=/usr MANDIR=/usr/share/man INFODIR=/usr/share/info SYSCONFDIR=/etc STRIPFLAG= LIBDIR=/usr/lib/x86_64-linux-gnu LIBEXECDIR=/usr/lib/x86_64-linux-gnu test returned exit code 1
paje.app 1.98-1 Failed [GCC_ERROR/CLANG_ERROR] Foundation.h:31:9: fatal error: 'objc/objc.h' file not found
pam-python 1.0.9-2 Failed [GCC_ERROR] pam_python.c:1583:11: error: explicitly assigning value of variable of type 'void *' to itself [-Werror,-Wself-assign]
pan 0.147-1 Failed [GCC_ERROR] text-match.cc:476:8: error: no viable conversion from 'pan::StringView' to 'std::basic_string<char>'
pantomime 1.3.0+dfsg1-3 Failed [GCC_ERROR/CLANG_ERROR] GSObjCRuntime.h:58:11: fatal error: 'objc/objc.h' file not found
papi 6.0.0~dfsg-2 Failed [GCC_ERROR/LD_ERROR] collect2: error: ld returned 1 exit status
pari 2.13.1-1 Failed [UNKNOWN] XXX
pbdagcon 0.3+git20180411.c14c422+dfsg-4 Failed [CLANG_ERROR] error: invalid argument '-std=c++11' not allowed with 'C'
pbzip2 1.1.13-1 Failed [GCC_ERROR] pbzip2.cpp:1223:75: error: invalid suffix on literal; C++11 requires a space between literal and identifier [-Wreserved-user-defined-literal]
pccts 1.33MR33-6 Failed [GCC_ERROR] genmk.c:971:1: error: conflicting types for 'pclasses'
pchar 1.5-5 Failed [GCC_ERROR] ./pc.h:28:15: error: expected identifier
pcmanx-gtk2 1.3-2 Failed [GCC_ERROR] mainframe.cpp:190:56: error: invalid suffix on literal; C++11 requires a space between literal and identifier [-Wreserved-user-defined-literal]
pcp 5.3.4-1 Failed [GCC_ERROR] access.o: r .L.str.1 : Error: additional symbol
peony 3.2.3-1 Failed [GCC_ERROR] peony-json-operation.cpp:51:49: error: cannot pass non-trivial object of type 'QString' to variadic method; expected type from format string was 'char *' [-Wnon-pod-varargs]
performous 1.1+git20181118-5 Failed [GCC_ERROR] platform.h:818:29: error: too few arguments provided to function-like macro invocation
perl 5.32.1-6 Failed [UNKNOWN] Can't open gnu/stubs-x32.h: No such file or directory
pesign 0.112-6 Failed [CLANG_ERROR] clang: error: optimization flag '-fkeep-inline-functions' is not supported [-Werror,-Wignored-optimization-argument]
phnxdeco 0.33-3 Failed [GCC_ERROR] phnxdeco.c:37:5: error: first parameter of 'main' (argument count) must be of type 'int'
phoc 0.8.0-2 Failed [GCC_ERROR] ../src/main.c:59:33: error: format string is not a string literal [-Werror,-Wformat-nonliteral]
php7.4 7.4.21-1+deb11u1 Failed [CLANG_ERROR/CLANG_LD_ERROR] ./ext-build/./Zend/zend_vm_execute.h:3754: undefined reference to `DTRACE_EXCEPTION_CAUGHT_ENABLED'
pikopixel.app 1.0-b10-1 Failed [GCC_ERROR/CLANG_ERROR] Foundation.h:31:9: fatal error: 'objc/objc.h' file not found
pingus 0.7.6-5.1 Failed [GCC_ERROR] src/lisp/getters.hpp:33:15: error: no viable conversion from 'std::shared_ptr<Lisp>' to 'const lisp::Lisp *'
pirs 2.0.2+dfsg-10 Failed [GCC_ERROR] pirs_diploid.cpp:639:15: error: invalid suffix on literal; C++11 requires a space between literal and identifier [-Wreserved-user-defined-literal]
pixman 0.40.0-1 Failed [UNKNOWN] dh_auto_test: error: cd build && make -j4 check VERBOSE=1 VERBOSE=1 returned exit code 2
pkcs11-dump 0.3.4-1.1 Failed [GCC_ERROR] pkcs11-dump.cpp:1139:6: error: non-constant-expression cannot be narrowed from type 'int' to 'CK_ATTRIBUTE_TYPE' (aka 'unsigned long') in initializer list [-Wc++11-narrowing]
pktools 2.6.7.6+ds-3 Failed [GCC_ERROR] Filter.h:800:52: error: member reference base type 'T *' is not a structure or union
plast 2.3.2+dfsg-7 Failed [CLANG_ERROR/CLANG_LD_ERROR] clang: error: linker command failed with exit code 1 (use -v to see invocation)
plee-the-bear 0.6.0-7 Failed [GCC_ERROR] model_action.cpp:399:50: error: use of overloaded operator '>' is ambiguous (with operand types 'claw::real_number<universe::time_type>' (aka 'real_number<double>') and 'bear::universe::time_type' (aka 'double'))
plopfolio.app 0.1.0-8 Failed [GCC_ERROR/CLANG_ERROR] Foundation.h:31:9: fatal error: 'objc/objc.h' file not found
pmacct 1.7.6-2 Failed [CLANG_ERROR] clang: error: -lpcap: 'linker' input unused [-Werror,-Wunused-command-line-argument]
pmars 0.9.2-1 Failed [GCC_ERROR] ./sim.h:92:12: error: redefinition of 'round' as different kind of symbol
pmdk 1.11.1-3 Failed [GCC_ERROR] obj_tx_alloc.c:651:11: error: variable 'tot_allocated' set but not used [-Werror,-Wunused-but-set-variable]
pnetcdf 1.12.2-1 Failed [GCC_ERROR/LD_ERROR] collect2: error: ld returned 1 exit status
poe.app 0.5.1-6 Failed [GCC_ERROR/CLANG_ERROR] Foundation.h:31:9: fatal error: 'objc/objc.h' file not found
poedit 3.0-6 Failed [GCC_ERROR] platform.h:818:29: error: too few arguments provided to function-like macro invocation
pong2 0.1.3-3 Failed [GCC_ERROR] Framework.cpp:270:23: error: non-constant-expression cannot be narrowed from type 'double' to 'GLfloat' (aka 'float') in initializer list [-Wc++11-narrowing]
popplerkit.framework 0.0.20051227svn-8.1 Failed [GCC_ERROR/CLANG_ERROR] GSObjCRuntime.h:58:11: fatal error: 'objc/objc.h' file not found
posterazor 1.5.1-10 Failed [GCC_ERROR] TranslationEnglish.h:121:71: error: invalid suffix on literal; C++11 requires a space between literal and identifier [-Wreserved-user-defined-literal]
postgresql-hll 2.16-1 Failed [CLANG_ERROR] clang: error: optimization flag '-fexcess-precision=standard' is not supported [-Werror,-Wignored-optimization-argument]
ppl 1:1.2-8.1 Failed [GCC_ERROR] ./OR_Matrix_inlines.hh:100:8: error: missing 'typename' prior to dependent type template name 'OR_Matrix<T>::Pseudo_Row'
pplpy 0.8.7-1 Failed [GCC_ERROR] ppl.hh:66465:8: error: missing 'typename' prior to dependent type template name 'OR_Matrix<T>::Pseudo_Row'
ppp 2.4.9-1+1 Failed [GCC_ERROR/CLANG_ERROR] eap-tls.c:520:13: error: function definition is not allowed here
praat 6.1.54-1 Failed [GCC_ERROR] Praat_tests.cpp:745:9: error: call to deleted constructor of 'Vec'
preview.app 0.8.5-11 Failed [GCC_ERROR/CLANG_ERROR] GSObjCRuntime.h:58:11: fatal error: 'objc/objc.h' file not found
price.app 1.3.0-5 Failed [GCC_ERROR/CLANG_ERROR] Foundation.h:31:9: fatal error: 'objc/objc.h' file not found
prime-phylo 1.0.11-10 Failed [GCC_ERROR] ODESolver.hh:359:20: error: in-class initializer for static data member of type 'const beep::Real' (aka 'const double') requires 'constexpr' specifier [-Wstatic-float-init]
primrose 6+dfsg1-4 Failed [GCC_ERROR] Panel.cpp:211:13: error: non-constant-expression cannot be narrowed from type 'int' to 'GLfloat' (aka 'float') in initializer list [-Wc++11-narrowing]
primus 0~20150328-13 Failed [GCC_ERROR] ./gl-passthru.def:2:1: error: ifunc must point to a defined function
princeprocessor 0.22-2 Failed [CLANG_ERROR] clang: error: cannot specify -o when generating multiple output files
progressivemauve 1.2.0+4713+dfsg-5 Failed [GCC_ERROR] CompactGappedAlignment.h:811:6: error: 'swap<mems::CompactGappedAlignment<>>' is missing exception specification 'noexcept(__and_<is_nothrow_move_constructible<CompactGappedAlignment<>>, is_nothrow_move_assignable<CompactGappedAlignment<>>>::value)'
projectcenter.app 0.6.2+git20190606-2 Failed [GCC_ERROR/CLANG_ERROR] Foundation.h:31:9: fatal error: 'objc/objc.h' file not found
projecteur 0.9.2-1 Failed [GCC_ERROR] new_allocator.h:168:4: error: destructor called on non-final 'KeySequenceAction' that has virtual functions but non-virtual destructor [-Werror,-Wdelete-non-abstract-non-virtual-dtor]
projectm 3.1.12-1 Failed [CLANG_ERROR/CONFIGURE_ERROR] configure: error: Failed to find matching components of a complete
pscan-tfbs 1.2.2-4 Failed [CLANG_ERROR/CLANG_LD_ERROR] clang: error: linker command failed with exit code 1 (use -v to see invocation)
pseudo 1.9.0+git20200626+067950b-2 Failed [GCC_ERROR] ./ports/linux/pseudo_wrappers.c:99:14: error: use of unknown builtin '__builtin_apply' [-Wimplicit-function-declaration]
psicode 3.4.0-6 Failed [GCC_ERROR/CLANG_ERROR] ip_read.cc:15:10: fatal error: 'y.tab.h' file not found
purelibc 1.0.4-1 Failed [GCC_ERROR] stdio.c:245:5: error: expected parameter declarator
purify 2.0.0-6 Failed [GCC_ERROR] relative_variation.h:44:11: error: no viable overloaded '='
pykdtree 1.3.4+ds-1 Failed [PYTHON_TRACEBACK/PYIMPORT] dh_auto_test: error: pybuild --test --test-nose -i python{version} -p 3.9 returned exit code 13
pymol 2.4.0+dfsg-3 Failed [GCC_ERROR] contrib/champ/champ.c:2787:3: error: unterminated function-like macro invocation
python-cffi 1.15.0-1 Failed [GCC_ERROR] _CFFI_test_verify_anonymous_struct_with_star_typedef.cpp:583:10: error: non-constant-expression cannot be narrowed from type 'long' to 'size_t' (aka 'unsigned long') in initializer list [-Wc++11-narrowing]
python-demgengeo 1.4-3 Failed [GCC_ERROR] src/CircMNTableXY2D.cc:285:29: error: 's_output_style' is a protected member of 'MNTable2D'
python-igraph 0.9.6-1 Failed [GCC_ERROR] cs_qr.c:7:21: error: variable 'm' set but not used [-Werror,-Wunused-but-set-variable]
python-pyxattr 0.7.2-1 Failed [CLANG_ERROR] clang: error: argument unused during compilation: '-specs=/usr/share/dpkg/no-pie-compile.specs' [-Werror,-Wunused-command-line-argument]
python-udatetime 0.0.16-4 Failed [PYTHON_TRACEBACK] dh_auto_test: error: pybuild --test -i python{version} -p 3.9 returned exit code 13
python3.10 3.10.0-3 Failed [CONFIGURE_ERROR] configure: error: in `/<<PKGBUILDDIR>>/build-static'
python3.9 3.9.7-4 Failed [CONFIGURE_ERROR] configure: error: in `/<<PKGBUILDDIR>>/build-static'
qbs 1.19.2-1 Failed [GCC_ERROR/CLANG_ERROR/CLANG_LD_ERROR] clang: error: linker command failed with exit code 1 (use -v to see invocation)
qiv 2.3.2-2 Failed [UNKNOWN] XXX
qscintilla2 2.11.6+dfsg-4 Failed [UNKNOWN] /<<PKGBUILDDIR>>/Python/build-3.9/cfgtest_Qsci/./Qsci: error while loading shared libraries: libqscintilla2_qt5.so.15: cannot open shared object file: No such file or directory
qtbase-opensource-src-gles 5.15.2+dfsg-5 Failed [QMAKE_ERROR] Project ERROR: failed to parse default search paths from compiler output
qtbase-opensource-src 5.15.2+dfsg-12 Failed [QMAKE_ERROR] Project ERROR: failed to parse default search paths from compiler output
qtop 2.3.4-2 Failed [GCC_ERROR] File.h:327:18: error: qualified reference to 'File' is a constructor name rather than a type in this context
qtscript-opensource-src 5.15.2+dfsg-2 Failed [GCC_ERROR] qcontainerfwd.h:63:7: error: typedef redefinition with different types ('QList<QByteArray>' vs 'QByteArrayList')
quaternion 0.0.9.5~beta2-2 Failed [GCC_ERROR/CLANG_ERROR] cmake_pch.hxx:5:10: fatal error: 'lib/room.h' file not found
quickfix 1.15.1+dfsg-4 Failed [UNKNOWN] XXX
quisk 4.1.84-1 Failed [GCC_ERROR] charleston/chas_rx2.c:973:5: error: non-void function 'initchas_rx1' should return a value [-Wreturn-type]
quorum 1.1.1-6 Failed [GCC_ERROR] src/create_database.cc:58:12: error: variable 'counted_high' set but not used [-Werror,-Wunused-but-set-variable]
qwertone 0.3.0-2 Failed [UNKNOWN] dh_auto_test: error: /usr/share/cargo/bin/cargo build returned exit code 101
qwtplot3d 0.2.7+svn191+gcc7-3 Failed [GCC_ERROR] ../src/qwt3d_lighting.cpp:178:27: error: non-constant-expression cannot be narrowed from type 'double' to 'GLfloat' (aka 'float') in initializer list [-Wc++11-narrowing]
r-cran-amore 0.2-16-1 Failed [GCC_ERROR] omp.h:483:39: error: expected 'match' clause on 'omp declare variant' directive
radsecproxy 1.9.0-1 Failed [GCC_ERROR] radsecproxy-hash.c:17:2: error: embedding a directive within macro arguments has undefined behavior [-Werror,-Wembedded-directive]
raidutils 0.0.6-23 Failed [GCC_ERROR] command.cpp:1670:7: error: non-constant-expression cannot be narrowed from type 'int' to 'uCHAR' (aka 'unsigned char') in initializer list [-Wc++11-narrowing]
rakarrack 0.6.1-6 Failed [GCC_ERROR] ../../src/rakarrack.cxx:851:43: error: invalid suffix on literal; C++11 requires a space between literal and identifier [-Wreserved-user-defined-literal]
rapmap 0.15.0+dfsg-2 Failed [GCC_ERROR/CLANG_ERROR] KSW2Aligner.hpp:4:10: fatal error: 'memory' file not found
raqm 0.7.0-4 Failed [GCC_ERROR] raqm.c:1934:24: error: overlapping comparisons always evaluate to true [-Werror,-Wtautological-overlap-compare]
rarcrack 0.2-1 Failed [CLANG_ERROR/CLANG_LD_ERROR] rarcrack.c:(.text+0x561): undefined reference to `nextpass'
rasmol 2.7.6.0-2 Failed [GCC_ERROR/CLANG_ERROR] Imake.tmpl:2243:10: fatal error: ' X11 .rules' file not found
raster3d 3.0-7-2 Failed [GCC_ERROR/LD_ERROR] collect2: error: ld returned 1 exit status
ratpoints 1:2.1.3-1 Failed [GCC_ERROR] ./sturm.c:176:5: error: function definition is not allowed here
rbdoom3bfg 1.2.0+dfsg~git20210105-1 Failed [GCC_ERROR] Image_files.cpp:923:3: error: non-constant-expression cannot be narrowed from type 'unsigned int' to 'unsigned char' in initializer list [-Wc++11-narrowing]
rcs-blame 1.3.1-4.2 Failed [GCC_ERROR] inttypes.h:290:8: error: unknown type name 'intmax_t'; did you mean '__intmax_t'?
rcs 5.10.0-2 Failed [GCC_ERROR] b-excwho.c:126:15: error: format string is not a string literal (potentially insecure) [-Werror,-Wformat-security]
recode 3.6-24 Failed [CLANG_ERROR/CLANG_LD_ERROR] ld: ./.libs/librecode.so: undefined reference to `aliases_lookup'
renaissance 0.9.0-4.1 Failed [GCC_ERROR/CLANG_ERROR] Foundation.h:31:9: fatal error: 'objc/objc.h' file not found
reprepro 5.3.0-1.2 Failed [GCC_ERROR] sourceextraction.c:137:2: error: illegal storage class on function
repsnapper 2.5a5-3 Failed [CLANG_ERROR] error: invalid argument '--std=c++11' not allowed with 'C'
rhash 1.4.2-1 Failed [UNKNOWN] XXX
rna-star 2.7.9a+dfsg-3 Failed [CLANG_ERROR/CLANG_LD_ERROR] clang: error: linker command failed with exit code 1 (use -v to see invocation)
rnetclient 2017.1-1 Failed [GCC_ERROR] rnetclient.c:78:9: error: missing field 'key' initializer [-Werror,-Wmissing-field-initializers]
rng-tools-debian 2.3 Failed [GCC_ERROR] rngd_linux.c:189:17: error: fields must have a constant size: 'variable length array in structure' extension will never be supported
rng-tools5 5-4 Failed [GCC_ERROR] rngd_linux.c:126:17: error: fields must have a constant size: 'variable length array in structure' extension will never be supported
rsh-redone 85-3 Failed [GCC_ERROR] rlogin.c:388:30: error: function definition is not allowed here
rss-glx 0.9.1-6.3 Failed [GCC_ERROR] hyperspace.cpp:379:19: error: non-constant-expression cannot be narrowed from type 'double' to 'float' in initializer list [-Wc++11-narrowing]
rsskit 0.4-1 Failed [GCC_ERROR/CLANG_ERROR] GSObjCRuntime.h:58:11: fatal error: 'objc/objc.h' file not found
rsyslog 8.2110.0-1 Failed [CLANG_ERROR/CLANG_LD_ERROR] clang: error: linker command failed with exit code 1 (use -v to see invocation)
rttr 0.9.6+dfsg1-4 Failed [GCC_ERROR] number_conversion.h:137:16: error: implicit conversion from 'int' to 'float' changes value from 2147483647 to 2147483648 [-Werror,-Wimplicit-const-int-float-conversion]
ruby-curses 1.2.4-1 Failed [GCC_ERROR/CLANG_ERROR/CLANG_LD_ERROR] conftest.c:15: undefined reference to `init'
ruby-liquid-c 4.0.0-1 Failed [GCC_ERROR] ruby.h:1863:1: error: unknown attribute '__error__' ignored [-Werror,-Wunknown-attributes]
ruby-thrift 0.14.0-2 Failed [GCC_ERROR] ruby.h:1863:1: error: unknown attribute '__error__' ignored [-Werror,-Wunknown-attributes]
ruby3.0 3.0.2-5 Failed [CLANG_ERROR/CLANG_LD_ERROR] ./vm.c:2007: undefined reference to `RUBY_DTRACE_METHOD_RETURN_ENABLED'
runc 1.0.2+ds1-2 Failed [UNKNOWN] XXX
rust-assert-cli 0.6.3-2 Failed [UNKNOWN] dh_auto_test: error: /usr/share/cargo/bin/cargo build returned exit code 101
rust-backtrace-sys 0.1.37-1 Failed [UNKNOWN] dh_auto_test: error: /usr/share/cargo/bin/cargo build returned exit code 101
rust-backtrace 0.3.44-6 Failed [UNKNOWN] dh_auto_test: error: /usr/share/cargo/bin/cargo test --all returned exit code 101
rust-cbindgen 0.20.0-1 Failed [GCC_ERROR] thread 'test_body' panicked at 'Output failed to compile: Output { status: ExitStatus(ExitStatus(256)), stdout: "", stderr: "/tmp/.tmpfe0rHi/body.compat.c:18:15: error: anonymous non-C-compatible type given name for linkage purposes by typedef declaration; add a tag name here [-Werror,-Wnon-c-typedef-for-linkage]\ntypedef struct {\n              ^\n               MyFancyStruct\n/tmp/.tmpfe0rHi/body.compat.c:21:5: note: type is not C-compatible due to this member declaration\n    inline void foo();\n    ^~~~~~~~~~~~~~~~~\n/tmp/.tmpfe0rHi/body.compat.c:23:3: note: type is given name 'MyFancyStruct' for linkage purposes by this typedef declaration\n} MyFancyStruct;\n  ^\n/tmp/.tmpfe0rHi/body.compat.c:31:15: error: anonymous non-C-compatible type given name for linkage purposes by typedef declaration; add a tag name here [-Werror,-Wnon-c-typedef-for-linkage]\ntypedef struct {\n              ^\n               MyFancyEnum\n/tmp/.tmpfe0rHi/body.compat.c:42:5: note: type is not C-compatible due to this member declaration\n    inline void wohoo();\n    ^~~~~~~~~~~~~~~~~~~\n/tmp/.tmpfe0rHi/body.compat.c:44:3: note: type is given name 'MyFancyEnum' for linkage purposes by this typedef declaration\n} MyFancyEnum;\n  ^\n/tmp/.tmpfe0rHi/body.compat.c:52:15: error: anonymous non-C-compatible type given name for linkage purposes by typedef declaration; add a tag name here [-Werror,-Wnon-c-typedef-for-linkage]\ntypedef struct {\n              ^\n               MyFancyStruct_Prepended\n/tmp/.tmpfe0rHi/body.compat.c:54:5: note: type is not C-compatible due to this member declaration\n    inline void prepended_wohoo();\n    ^~~~~~~~~~~~~~~~~~~~~~~~~~~~~\n/tmp/.tmpfe0rHi/body.compat.c:57:3: note: type is given name 'MyFancyStruct_Prepended' for linkage purposes by this typedef declaration\n} MyFancyStruct_Prepended;\n  ^\n/tmp/.tmpfe0rHi/body.compat.c:65:15: error: anonymous non-C-compatible type given name for linkage purposes by typedef declaration; add a tag name here [-Werror,-Wnon-c-typedef-for-linkage]\ntypedef struct {\n              ^\n               MyFancyEnum_Prepended\n/tmp/.tmpfe0rHi/body.compat.c:67:5: note: type is not C-compatible due to this member declaration\n    inline void wohoo();\n    ^~~~~~~~~~~~~~~~~~~\n/tmp/.tmpfe0rHi/body.compat.c:78:3: note: type is given name 'MyFancyEnum_Prepended' for linkage purposes by this typedef declaration\n} MyFancyEnum_Prepended;\n  ^\n4 errors generated.\n" }', tests/tests.rs:137:5
rust-cpal 0.10.0-2 Failed [UNKNOWN] dh_auto_test: error: /usr/share/cargo/bin/cargo build returned exit code 101
rust-docmatic 0.1.2-1 Failed [UNKNOWN] dh_auto_test: error: /usr/share/cargo/bin/cargo test --all returned exit code 101
rust-include-dir-impl 0.5.0-1 Failed [UNKNOWN] dh_auto_test: error: /usr/share/cargo/bin/cargo test --all returned exit code 101
rust-mdl 1.0.4-1 Failed [UNKNOWN] dh_auto_test: error: /usr/share/cargo/bin/cargo test --all returned exit code 101
rust-pleaser 0.4.1-2 Failed [UNKNOWN] dh_auto_test: error: /usr/share/cargo/bin/cargo build returned exit code 101
rust-publicsuffix 1.5.2-1 Failed [UNKNOWN] dh_auto_test: error: /usr/share/cargo/bin/cargo build returned exit code 101
rust-rustc-cfg 0.4.0-2 Failed [UNKNOWN] dh_auto_test: error: /usr/share/cargo/bin/cargo test --all returned exit code 101
rust-sequoia-autocrypt 0.23.1-1 Failed [UNKNOWN] dh_auto_test: error: /usr/share/cargo/bin/cargo test --all returned exit code 101
rust-sequoia-keyring-linter 0.5.0-1 Failed [UNKNOWN] dh_auto_test: error: /usr/share/cargo/bin/cargo build returned exit code 101
rust-sequoia-openpgp 1.3.0-4 Failed [UNKNOWN] dh_auto_test: error: /usr/share/cargo/bin/cargo build returned exit code 101
rust-sequoia-sop 0.22.2-2 Failed [UNKNOWN] dh_auto_test: error: /usr/share/cargo/bin/cargo test --all returned exit code 101
rust-sequoia-sq 0.25.0-2 Failed [UNKNOWN] dh_auto_test: error: /usr/share/cargo/bin/cargo build returned exit code 101
rust-sequoia-sqv 1.0.0-2 Failed [UNKNOWN] dh_auto_test: error: /usr/share/cargo/bin/cargo build returned exit code 101
rust-syslog 4.0.1-2 Failed [UNKNOWN] dh_auto_test: error: /usr/share/cargo/bin/cargo build returned exit code 101
rust-vergen 3.0.4-2 Failed [UNKNOWN] dh_auto_test: error: /usr/share/cargo/bin/cargo build returned exit code 101
rust-which 3.0.0-2 Failed [UNKNOWN] dh_auto_test: error: /usr/share/cargo/bin/cargo build returned exit code 101
sane-backends 1.0.32-4 Failed [GCC_ERROR] ./minigtest.h:43:29: error: call to function 'operator<<' that is neither visible in the template definition nor found by argument-dependent lookup
sbjson 2.3.2-4 Failed [GCC_ERROR/CLANG_ERROR] Foundation.h:31:9: fatal error: 'objc/objc.h' file not found
scalapack 2.1.0-4 Failed [GCC_ERROR/LD_ERROR] collect2: error: ld returned 1 exit status
scanbd 1.5.1-6 Failed [CLANG_ERROR] error: unknown warning option '-Werror=clobbered' [-Werror,-Wunknown-warning-option]
scantool 2.1-2.1 Failed [GCC_ERROR] about.c:36:100: error: illegal character encoding in string literal [-Werror,-Winvalid-source-encoding]
schroot 1.6.10-12 Failed [GCC_ERROR] sbuild-basic-keyfile.tcc:217:18: error: no viable overloaded '='
scim 1.4.18-2.2 Failed [GCC_ERROR] scim_panel_gtk.cpp:2563:34: error: type 'double' cannot be narrowed to 'guint16' (aka 'unsigned short') in initializer list [-Wc++11-narrowing]
scram 0.16.2-3 Failed [GCC_ERROR] initializer.cc:628:19: error: 'xml_element' in capture list does not name a variable
scribus 1.5.7+dfsg-5 Failed [GCC_ERROR] path.h:260:11: error: no viable overloaded '='
scrm 1.7.4-1 Failed [CLANG_ERROR/CLANG_LD_ERROR] clang: error: linker command failed with exit code 1 (use -v to see invocation)
sdl-ball 1.02-2 Failed [GCC_ERROR] ./menu.cpp:207:47: error: invalid suffix on literal; C++11 requires a space between literal and identifier [-Wreserved-user-defined-literal]
sdlbasic 0.0.20070714-7 Failed [GCC_ERROR] ScintillaGTK.cxx:1356:6: error: non-constant-expression cannot be narrowed from type 'int' to 'guint' (aka 'unsigned int') in initializer list [-Wc++11-narrowing]
sdrangelove 0.0.1.20150707-5 Failed [GCC_ERROR] miniz.cpp:2782:72: error: non-constant-expression cannot be narrowed from type 'char' to 'mz_uint8' (aka 'unsigned char') in initializer list [-Wc++11-narrowing]
selint 1.2.0-1 Failed [CLANG_ERROR/CONFIGURE_ERROR] configure: error: in `/<<PKGBUILDDIR>>'
setools 4.3.0-2 Failed [CLANG_ERROR] error: unknown warning option '-Wno-suggest-attribute=format'; did you mean '-Wno-property-attribute-mismatch'? [-Werror,-Wunknown-warning-option]
seyon 2.20c-34 Failed [GCC_ERROR/CLANG_ERROR] Imake.tmpl:2243:10: fatal error: ' X11 .rules' file not found
sgt-puzzles 20191231.79a5378-3 Failed [GCC_ERROR] lightup.c:412:10: error: variable 'c' set but not used [-Werror,-Wunused-but-set-variable]
shim 15.4-7 Failed [CLANG_ERROR] clang: error: unknown argument: '-maccumulate-outgoing-args'
silverjuke 18.2.1-3 Failed [GCC_ERROR] src/prjm/src/Renderer/SOIL/stb_image_aug.c:3386:33: error: non-constant-expression cannot be narrowed from type 'int' to 'stbi_uc' (aka 'unsigned char') in initializer list [-Wc++11-narrowing]
simgear 1:2020.3.6+dfsg-1 Failed [GCC_ERROR/CLANG_ERROR] SGMath.hxx:23:10: fatal error: In file included from 'iosfwd' file not found/<<PKGBUILDDIR>>/simgear/bvh/BVHLineSegmentVisitor.cxx
simrisc 14.05.00-3 Failed [GCC_ERROR] ./tumor.h:56:29: error: constexpr variable 's_log2YearInv' must be initialized by a constant expression
skiboot 6.7.1+dfsg-1 Failed [CLANG_ERROR] clang: error: argument unused during compilation: '-specs=/usr/share/dpkg/no-pie-compile.specs' [-Werror,-Wunused-command-line-argument]
skstream 0.3.9-4 Failed [GCC_ERROR] skpoll.cpp:66:33: error: non-constant-expression cannot be narrowed from type 'unsigned long' to '__time_t' (aka 'long') in initializer list [-Wc++11-narrowing]
snek 1.7-2 Failed [CLANG_ERROR] clang: error: -Wl,-z,now: 'linker' input unused [-Werror,-Wunused-command-line-argument]
snoopy 2.4.15-1 Failed [CLANG_ERROR] error: unknown warning option '-Werror=stringop-truncation'; did you mean '-Werror=string-concatenation'? [-Werror,-Wunknown-warning-option]
sogo 5.2.0-1 Failed [GCC_ERROR/CLANG_ERROR] GSObjCRuntime.h:58:11: fatal error: 'objc/objc.h' file not found
sope 5.2.0-1 Failed [GCC_ERROR/CLANG_ERROR] GSObjCRuntime.h:58:11: fatal error: 'objc/objc.h' file not found
sopt 3.0.1-11 Failed [GCC_ERROR] relative_variation.h:44:11: error: no viable overloaded '='
soundmodem 0.20-5 Failed [GCC_ERROR] ../matlib/mat.hh:452:6: error: assigning to 'unsigned int *' from incompatible type 'void *'
spacearyarya 1.0.2-7.1 Failed [GCC_ERROR] ranking.c:18:5: error: non-void function 'ScoreRanking' should return a value [-Wreturn-type]
spades 3.13.1+dfsg-2 Failed [GCC_ERROR/CLANG_ERROR] AffineAlignment.hpp:44:10: fatal error: 'string' file not found
spaln 2.4.1+dfsg-3 Failed [CLANG_ERROR/CLANG_LD_ERROR] clang: error: linker command failed with exit code 1 (use -v to see invocation)
spim 8.0+dfsg-6.1 Failed [GCC_ERROR/CLANG_ERROR] Imake.tmpl:2243:10: fatal error: ' X11 .rules' file not found
sptag 0.0~git20210816.e724b01+ds-3 Failed [UNKNOWN] XXX
ssm 1.4.0-2 Failed [GCC_ERROR] superpose.cpp:117:10: error: invalid suffix on literal; C++11 requires a space between literal and identifier [-Wreserved-user-defined-literal]
sssd 2.5.2-4 Failed [GCC_ERROR] ../src/providers/ldap/ldap_id.c:1412:5: error: implicit declaration of function 'SSSD_SDAP_ACCT_REQ_SEND_ENABLED' is invalid in C99 [-Werror,-Wimplicit-function-declaration]
stacks 2.59+dfsg-1 Failed [GCC_ERROR] src/models.cc:736:30: error: no member named 'numeric_limits' in namespace 'std'
stalin 0.11-6 Failed [CLANG_ERROR] clang: error: unsupported option '-freg-struct-return' for target 'x86_64-pc-linux-gnu'
starpu 1.3.8+dfsg-3 Failed [GCC_ERROR/LD_ERROR] collect2: error: ld returned 1 exit status
stdsyslog 0.03.3-4 Failed [GCC_ERROR] stdsyslog.c:560:121: error: format specifies type 'void *' but the argument has type 'char *' [-Werror,-Wformat-pedantic]
stella 6.5.3-1 Failed [CLANG_ERROR/CLANG_LD_ERROR] clang: error: linker command failed with exit code 1 (use -v to see invocation)
steptalk 0.10.0-6 Failed [GCC_ERROR/CLANG_ERROR] GSObjCRuntime.h:58:11: fatal error: 'objc/objc.h' file not found
stimfit 0.16.0-1 Failed [GCC_ERROR] ./funclib.cpp:165:20: error: no member named 'logl' in namespace 'std'; did you mean simply 'logl'?
stockfish 12-2 Failed [CLANG_ERROR/CLANG_LD_ERROR] clang: error: linker command failed with exit code 1 (use -v to see invocation)
stopmotion 0.8.5-4 Failed [GCC_ERROR] oomtestutil.cpp:230:5: error: 'ferror' is missing exception specification 'throw()'
stormbaancoureur 2.1.6-3 Failed [GCC_ERROR] ./carpettrack.h:18:55: error: non-constant-expression cannot be narrowed from type 'double' to 'float' in initializer list [-Wc++11-narrowing]
stressapptest 1.0.6-2 Failed [GCC_ERROR] worker.cc:2994:14: error: case value evaluates to -5, which cannot be narrowed to type 'unsigned long' [-Wc++11-narrowing]
subtitleeditor 0.54.0-5 Failed [GCC_ERROR] document.cc:81:40: error: addition of default argument on redeclaration makes this constructor a copy constructor
sunclock 3.57-11 Failed [GCC_ERROR/CLANG_ERROR] Imake.tmpl:2243:10: fatal error: ' X11 .rules' file not found
supercollider-sc3-plugins 3.9.1~repack-4 Failed [GCC_ERROR/CLANG_ERROR] Dfm1.cpp:22:10: fatal error: 'cmath' file not found
supercollider 1:3.11.2+repack-1 Failed [GCC_ERROR/CLANG_ERROR] _cassert.h:12:10: fatal error: 'cassert' file not found
supermin 5.2.1-6 Failed [CLANG_ERROR] clang: error: unsupported option '-specs /usr/lib/x86_64-linux-musl/musl-gcc.specs'
suricata 1:6.0.3-2 Failed [GCC_ERROR] llcllc: error: llc: lb.ll:147:19: error: unterminated attribute group
swarm-cluster 3.1.0+dfsg-1 Failed [CLANG_ERROR/CLANG_LD_ERROR] clang: error: linker command failed with exit code 1 (use -v to see invocation)
sway 1.5.1-2 Failed [GCC_ERROR] ../sway/commands.c:463:23: error: variable 'context' set but not used [-Werror,-Wunused-but-set-variable]
switchsh 0~20070801-4 Failed [GCC_ERROR] switchsh.c:69:14: error: unused parameter 'argc' [-Werror,-Wunused-parameter]
sympathy 1.2.1+woking+cvs+git20171124-1 Failed [GCC_ERROR] vt102.c:366:10: error: equality comparison with extraneous parentheses [-Werror,-Wparentheses-equality]
systemd 249.5-1 Failed [CLANG_ERROR/CLANG_LD_ERROR] clang: error: linker command failed with exit code 1 (use -v to see invocation)
systempreferences.app 1.2.0-2 Failed [GCC_ERROR/CLANG_ERROR] Foundation.h:31:9: fatal error: 'objc/objc.h' file not found
systemtap 4.5-2 Failed [GCC_ERROR] ./elaborate.h:206:16: error: 'derived_probe::printsig' hides overloaded virtual function [-Werror,-Woverloaded-virtual]
t-coffee 13.41.0.28bdc39+dfsg-4 Failed [GCC_ERROR] dp_lib/evaluate_dirichlet.c:543:8: error: 'lgamma_r' is missing exception specification 'throw()'
tagcoll2 2.0.14-2 Failed [GCC_ERROR] ../tagcoll/Implications.h:67:8: error: no viable overloaded '|='
talksoup.app 1.0alpha-32-g55b4d4e-2 Failed [GCC_ERROR/CLANG_ERROR] GSObjCRuntime.h:58:11: fatal error: 'objc/objc.h' file not found
tboot 1.10.2+dfsg.0-1 Failed [GCC_ERROR/CLANG_ERROR] common/acpi.c:36:10: fatal error: 'stdbool.h' file not found
tclcl 1.20-9.1 Failed [GCC_ERROR] tclcl.h:193:33: error: invalid suffix on literal; C++11 requires a space between literal and identifier [-Wreserved-user-defined-literal]
tcm 2.20+TSQD-7 Failed [GCC_ERROR] application.c:86:2: error: no matching function for call to 'XtAppSetErrorHandler'
tcmu 1.5.4-2 Failed [GCC_ERROR] qcow.c:73:24: error: tentative definition of variable with internal linkage has incomplete non-array type 'struct bdev_ops' [-Werror,-Wtentative-definition-incomplete-type]
tcpreen 1.4.4-2 Failed [GCC_ERROR] main.cpp:111:27: error: invalid suffix on literal; C++11 requires a space between literal and identifier [-Wreserved-user-defined-literal]
tcpspy 1.7d-15 Failed [GCC_ERROR] tcpspy.c:721:7: error: non-void function 'main' should return a value [-Wreturn-type]
tcsh 6.21.00-1.1 Failed [CLANG_ERROR] clang: error: unknown argument: '-frelease'
tdfsb 0.0.10-3 Failed [GCC_ERROR] tdfsb.c:2798:33: error: non-void function 'keyboard' should return a value [-Wreturn-type]
tennix 1.1-3.2 Failed [CLANG_ERROR] clang: error: cannot specify -o when generating multiple output files
terminal.app 0.9.9-3 Failed [GCC_ERROR/CLANG_ERROR] GSObjCRuntime.h:58:11: fatal error: 'objc/objc.h' file not found
tesseract 4.1.1-2.1 Failed [CLANG_ERROR/CLANG_LD_ERROR] ./src/lstm/weightmatrix.cpp:296: undefined reference to `__kmpc_for_static_fini'
textedit.app 5.0-2 Failed [GCC_ERROR/CLANG_ERROR] Foundation.h:31:9: fatal error: 'objc/objc.h' file not found
tgif 1:4.2.5-1.3 Failed [GCC_ERROR/CLANG_ERROR] Imake.tmpl:2243:10: fatal error: ' X11 .rules' file not found
tgl 2.0.1+git20160323.ffb04cac-3 Failed [GCC_ERROR] generate.c:334:7: error: variable 'y' set but not used [-Werror,-Wunused-but-set-variable]
tgt 1:1.0.80-1 Failed [GCC_ERROR] ./log.h:93:9: error: 'dprintf' macro redefined [-Werror,-Wmacro-redefined]
thc-ipv6 3.8-1 Failed [CLANG_ERROR/CLANG_LD_ERROR] clang: error: linker command failed with exit code 1 (use -v to see invocation)
theseus 3.3.0-10 Failed [CLANG_ERROR] error: unknown warning option '-Wformat-truncation=0' [-Werror,-Wunknown-warning-option]
tightvnc 1:1.3.10-5 Failed [GCC_ERROR] AuUnlock.c:47:2: error: non-void function 'XauUnlockAuth' should return a value [-Wreturn-type]
timemon.app 4.2-2 Failed [GCC_ERROR/CLANG_ERROR] GSObjCRuntime.h:58:11: fatal error: 'objc/objc.h' file not found
torcs 1.3.7+dfsg-5 Failed [GCC_ERROR] driver.cpp:805:13: error: non-constant-expression cannot be narrowed from type 'double' to 'float' in initializer list [-Wc++11-narrowing]
toulbar2 1.1.1+dfsg-1 Failed [GCC_ERROR] XMLParser.hh:884:50: error: no class named 'ParametersTagAction' in 'XMLParser<Callback, ASTFactory, CostRepresentation, XMLLibraryString, XMLLibraryAttributeList>'
tpm2-pkcs11 1.7.0-1 Failed [GCC_ERROR] test/unit/test_twist.c:249:32: error: unknown warning group '-Wstringop-overflow', ignored [-Werror,-Wunknown-warning-option]
tpm2-tools 5.0-2 Failed [CLANG_ERROR] error: unknown warning option '-Wstringop-overflow=4'; did you mean '-Wshift-overflow'? [-Werror,-Wunknown-warning-option]
transfermii 1:0.6.1-4 Failed [GCC_ERROR] wiimotefunctions.c:41:10: error: cannot compile this static initializer yet
tvoe 0.1-1 Failed [CLANG_ERROR/CLANG_LD_ERROR] clang: error: linker command failed with exit code 1 (use -v to see invocation)
udisks2 2.9.4-1 Failed [UNKNOWN] dh_auto_test: error: make -j4 check VERBOSE=1 returned exit code 2
uhub 0.4.1-3.1 Failed [CLANG_ERROR/CLANG_LD_ERROR] clang: error: linker command failed with exit code 1 (use -v to see invocation)
uim 1:1.8.8-9 Failed [UNKNOWN] XXX
ukopp 4.9-1 Failed [GCC_ERROR] ukopp-4.9.cc:1277:42: error: invalid suffix on literal; C++11 requires a space between literal and identifier [-Wreserved-user-defined-literal]
ukui-power-manager 3.0.1-1 Failed [GCC_ERROR] gpm-manager.c:1365:2: error: void function 'gpm_manager_engine_close_notify_cb' should not return a value [-Wreturn-type]
ukwm 1.2.0-1 Failed [GCC_ERROR] clutter-main.c:3692:46: error: format string is not a string literal [-Werror,-Wformat-nonliteral]
umbrello 4:21.08.0-1 Failed [UNKNOWN] XXX
unar 1.10.1-2 Failed [GCC_ERROR/CLANG_ERROR] Foundation.h:31:9: fatal error: 'objc/objc.h' file not found
unarr 1.0.1-1 Failed [CLANG_ERROR/CLANG_LD_ERROR] clang: error: linker command failed with exit code 1 (use -v to see invocation)
unicap 0.9.12+repack20150328.0.git2c600ae-3 Failed [GCC_ERROR] dcam_juju_capture.c:286:12: error: fields must have a constant size: 'variable length array in structure' extension will never be supported
uniutils 2.27-2 Failed [GCC_ERROR] unifuzz.c:109:44: error: non-void function 'EmitAllRanges' should return a value [-Wreturn-type]
upx-ucl 3.96-3 Failed [GCC_ERROR] ./../src/lzma-sdk/C/7zip/Compress/LZMA/LZMAEncoder.cpp:971:9: error: misleading indentation; statement is not part of the previous 'if' [-Werror,-Wmisleading-indentation]
urjtag 0.10+r2007-1.2 Failed [GCC_ERROR] ../../include/libiberty.h:589:12: error: expected parameter declarator
uwsgi-plugin-mongo 0.0.8 Failed [CLANG_ERROR] error: invalid argument '-std=c++11' not allowed with 'C'
uwsgi 2.0.20-2 Failed [CLANG_ERROR/CLANG_LD_ERROR] clang: error: linker command failed with exit code 1 (use -v to see invocation)
vdr-plugin-fritzbox 1.5.3-9 Failed [GCC_ERROR] notifyosd.cpp:131:23: error: non-constant-expression cannot be narrowed from type 'unsigned int' to 'int' in initializer list [-Wc++11-narrowing]
vdr-plugin-osdserver 0.1.3-20 Failed [GCC_ERROR] ./osdobjects.h:59:19: error: ISO C++11 does not allow access declarations; use using declarations instead
verbiste 0.1.47-1 Failed [CLANG_ERROR/CLANG_LD_ERROR] clang: error: linker command failed with exit code 1 (use -v to see invocation)
veyon 4.5.3+repack1-1 Failed [GCC_ERROR] ObjectManager.h:58:25: error: calling 'toObject' with incomplete return type 'QJsonObject'
vflib3 3.6.14.dfsg-3+nmu5 Failed [GCC_ERROR/CLANG_ERROR] Imake.tmpl:2243:10: fatal error: ' X11 .rules' file not found
vg 1.30.0+ds-1 Failed [CLANG_ERROR] error: invalid argument '-std=c++14' not allowed with 'C'
viewpdf.app 1:0.2dfsg1-7 Failed [GCC_ERROR/CLANG_ERROR] Foundation.h:31:9: fatal error: 'objc/objc.h' file not found
vinagre 3.22.0-8.1 Failed [GCC_ERROR] vinagre/vinagre-utils.c:686:29: error: format string is not a string literal [-Werror,-Wformat-nonliteral]
visp 3.4.0-4 Failed [GCC_ERROR] 19:   what():  OpenCV(4.5.4) ./modules/imgproc/src/filterengine.hpp:367: error: (-215:Assertion failed) anchor.inside(Rect(0, 0, ksize.width, ksize.height)) in function 'normalizeAnchor'
visualboyadvance 1.8.0.dfsg-5 Failed [GCC_ERROR] ../Cheats.cpp:2498:5: error: non-constant-expression cannot be narrowed from type 'unsigned int' to 'u8' (aka 'unsigned char') in initializer list [-Wc++11-narrowing]
vmatch 2.3.1+dfsg-7 Failed [CLANG_ERROR] error: unknown warning option '-Werror=maybe-uninitialized'; did you mean '-Werror=uninitialized'? [-Werror,-Wunknown-warning-option]
vnstat 2.8-1 Failed [CLANG_ERROR/CONFIGURE_ERROR] configure: error: in `/<<PKGBUILDDIR>>'
volumecontrol.app 0.8-1 Failed [GCC_ERROR/CLANG_ERROR] Foundation.h:31:9: fatal error: 'objc/objc.h' file not found
vsearch 2.18.0-1 Failed [CLANG_ERROR/CONFIGURE_ERROR] configure: error: in `/<<PKGBUILDDIR>>'
vt 0.57721+ds-3 Failed [GCC_ERROR] discover.cpp:355:45: error: non-constant-expression cannot be narrowed from type 'long' to 'int32_t' (aka 'int') in initializer list [-Wc++11-narrowing]
vte2.91 0.64.2-3 Failed [GCC_ERROR/CLANG_ERROR] testfile.cpp:4:12: error: "Header 'stropts.h' could not be found"
vtun 3.0.4-2 Failed [CLANG_ERROR/CLANG_LD_ERROR] ./auth.c:409: undefined reference to `nonssl_decrypt_chal'
vtwm 5.4.7-5 Failed [GCC_ERROR/CLANG_ERROR] Imake.tmpl:2243:10: fatal error: ' X11 .rules' file not found
vulkan-validationlayers 1.2.189.0-1.1 Failed [GCC_ERROR] subresource_adapter.h:67:5: error: definition of implicit copy assignment operator for 'Subresource' is deprecated because it has a user-declared copy constructor [-Werror,-Wdeprecated-copy]
w9wm 0.4.2-8 Failed [GCC_ERROR/CLANG_ERROR] Imake.tmpl:2243:10: fatal error: ' X11 .rules' file not found
wannier90 3.1.0+ds-6 Failed [GCC_ERROR/LD_ERROR] collect2: error: ld returned 1 exit status
warmux 1:11.04.1+repack2-4 Failed [GCC_ERROR] map/tile.cpp:676:30: error: non-constant-expression cannot be narrowed from type 'uint' (aka 'unsigned int') to 'uint16_t' (aka 'unsigned short') in initializer list [-Wc++11-narrowing]
wav2cdr 2.3.4-4 Failed [GCC_ERROR] wav2cdr.c:136:2: error: embedding a #include directive within macro arguments is not supported
wcslib 7.7+ds-1 Failed [GCC_ERROR/LD_ERROR] collect2: error: ld returned 1 exit status
wfmath 1.0.2+dfsg1-14 Failed [GCC_ERROR] intersect.cpp:182:6: error: explicit specialization of 'Intersect<2>' after instantiation
whitedune 0.30.10-2.2 Failed [GCC_ERROR] dune1.rc.c:6548:109: error: invalid suffix on literal; C++11 requires a space between literal and identifier [-Wreserved-user-defined-literal]
wmaker 0.95.9-3 Failed [CLANG_ERROR] clang: error: unknown argument: '-frelease'
wmcdplay 1.1-3 Failed [GCC_ERROR] wmcdplay.cc:356:85: error: invalid suffix on literal; C++11 requires a space between literal and identifier [-Wreserved-user-defined-literal]
wmclockmon 0.8.1-5 Failed [UNKNOWN] XXX
wmcpuload 1.1.1-2 Failed [CLANG_ERROR] clang: error: unknown argument: '-frelease'
wmdate 0.7-4.1 Failed [GCC_ERROR/CLANG_ERROR] Imake.tmpl:2243:10: fatal error: ' X11 .rules' file not found
wmdiskmon 0.0.2-4 Failed [UNKNOWN] XXX
wmlongrun 0.3.1-2 Failed [CLANG_ERROR] clang: error: unknown argument: '-frelease'
wmmemload 0.1.8-3 Failed [CLANG_ERROR] clang: error: unknown argument: '-frelease'
wmnet 1.06-1 Failed [GCC_ERROR/CLANG_ERROR] Imake.tmpl:2243:10: fatal error: ' X11 .rules' file not found
wmnut 0.66-2 Failed [UNKNOWN] XXX
workrave 1.10.48-1 Failed [GCC_ERROR] MutterInputMonitor.cc:248:57: error: no matching constructor for initialization of 'TracedField<guint>' (aka 'TracedField<unsigned int>')
wp2latex 3.100+ds-2 Failed [GCC_ERROR] ../atoms/include/stringa.h:191:23: error: friend declaration specifying a default argument must be a definition
wrapperfactory.app 0.1.0-5 Failed [GCC_ERROR/CLANG_ERROR] Foundation.h:31:9: fatal error: 'objc/objc.h' file not found
wreport 3.23-2 Failed [GCC_ERROR] ../wreport/utils/tests.h:191:21: error: call to function 'operator<<' that is neither visible in the template definition nor found by argument-dependent lookup
wsjtx 2.5.0+repack-3 Failed [GCC_ERROR] f95: error: unrecognized command-line option -fopenmp=libomp; did you mean -fopenmp-simd?
wtdbg2 2.5-8 Failed [GCC_ERROR] ./wtdbg.h:1755:2: error: function definition is not allowed here
wvdial 1.61-5 Failed [GCC_ERROR] uniconfgen.h:323:19: error: no class named 'Iter' in 'UniConfGen'
wvstreams 4.6.1-15 Failed [GCC_ERROR] ./include/wvscatterhash.h:186:46: error: invalid use of non-static data member 'xstatus'
wxastrocapture 1.8.1+git20140821.796e1a1+dfsg-1 Failed [GCC_ERROR] wxWebcam/Atik16Cmd.cpp:282:34: error: non-constant-expression cannot be narrowed from type 'int' to '_byte' (aka 'unsigned char') in initializer list [-Wc++11-narrowing]
wxedid 0.0.21-2 Failed [GCC_ERROR] wxedid_rcd_scope.cpp:22:13: fatal error: initialization of flexible array member is not allowed
wxhexeditor 0.24+repack-1 Failed [CLANG_ERROR/CLANG_LD_ERROR] ./src/HexDialogs.cpp:2771: undefined reference to `__kmpc_dispatch_next_4u'
wxmaxima 20.12.1-1 Failed [GCC_ERROR] Version.h:7:9: error: invalid digit '8' in octal constant
xarclock 1.0-17 Failed [GCC_ERROR/CLANG_ERROR] Imake.tmpl:2243:10: fatal error: ' X11 .rules' file not found
xautolock 1:2.2-7 Failed [GCC_ERROR/CLANG_ERROR] Imake.tmpl:2243:10: fatal error: ' X11 .rules' file not found
xcal 4.1-19 Failed [GCC_ERROR/CLANG_ERROR] Imake.tmpl:2243:10: fatal error: ' X11 .rules' file not found
xcb 2.4-7 Failed [GCC_ERROR/CLANG_ERROR] Imake.tmpl:2243:10: fatal error: ' X11 .rules' file not found
xcircuit 3.9.73+dfsg.1-1 Failed [GCC_ERROR] tclxcircuit.c:8950:13: error: non-void function 'defaultscript' should return a value [-Wreturn-type]
xcolors 1.5a-8 Failed [GCC_ERROR/CLANG_ERROR] Imake.tmpl:2243:10: fatal error: ' X11 .rules' file not found
xcolorsel 1.1a-22 Failed [GCC_ERROR/CLANG_ERROR] Imake.tmpl:2243:10: fatal error: ' X11 .rules' file not found
xdelta3 3.0.11-dfsg-1 Failed [GCC_ERROR] testing/file.h:69:14: error: invalid suffix on literal; C++11 requires a space between literal and identifier [-Wreserved-user-defined-literal]
xdemineur 2.1.1-21 Failed [GCC_ERROR/CLANG_ERROR] Imake.tmpl:2243:10: fatal error: ' X11 .rules' file not found
xdiskusage 1.48-10.1 Failed [CONFIGURE_ERROR] configure: error: installation or configuration problem: C++ compiler cannot create executables.
xdu 3.0-20 Failed [GCC_ERROR/CLANG_ERROR] Imake.tmpl:2243:10: fatal error: ' X11 .rules' file not found
xevil 2.02r2-10.1 Failed [GCC_ERROR] serverping.cpp:352:1: error: C++ requires a type specifier for all declarations
xfaces 3.3-29 Failed [GCC_ERROR/CLANG_ERROR] Imake.tmpl:2243:10: fatal error: ' X11 .rules' file not found
xfishtank 2.5-1 Failed [GCC_ERROR/CLANG_ERROR] Imake.tmpl:2243:10: fatal error: ' X11 .rules' file not found
xflip 1.01-28 Failed [GCC_ERROR/CLANG_ERROR] Imake.tmpl:2243:10: fatal error: ' X11 .rules' file not found
xfoil 6.99.dfsg+1-3 Failed [GCC_ERROR/LD_ERROR] collect2: error: ld returned 1 exit status
xgks 2.6.1+dfsg.2-12 Failed [GCC_ERROR] input.c:209:2: error: non-void function 'XgksIProcessXEvent' should return a value [-Wreturn-type]
xjdic 24-11 Failed [GCC_ERROR] xjdfrontend.c:236:16: error: a parameter list without types is only allowed in a function definition
xjig 2.4-14.2 Failed [GCC_ERROR/CLANG_ERROR] Imake.tmpl:2243:10: fatal error: ' X11 .rules' file not found
xkeycaps 2.47-7 Failed [GCC_ERROR/CLANG_ERROR] Imake.tmpl:2243:10: fatal error: ' X11 .rules' file not found
xlax 2.4-2 Failed [GCC_ERROR/CLANG_ERROR] Imake.tmpl:2243:10: fatal error: ' X11 .rules' file not found
xlog 2.0.20-1 Failed [CLANG_ERROR] error: unknown warning option '-Wno-stringop-truncation'; did you mean '-Wno-string-concatenation'? [-Werror,-Wunknown-warning-option]
xmix 2.1-7 Failed [GCC_ERROR/CLANG_ERROR] Imake.tmpl:2243:10: fatal error: ' X11 .rules' file not found
xmlcopyeditor 1.2.1.3-4.1 Failed [GCC_ERROR] myipc.cpp:49:4: error: cannot initialize a member subobject of type 'WXWidget' (aka '_GtkWidget *') with an rvalue of type 'wxIntPtr' (aka 'long')
xmltooling 3.2.0-3 Failed [CLANG_ERROR/CLANG_LD_ERROR] clang: error: linker command failed with exit code 1 (use -v to see invocation)
xmms2 0.8+dfsg-21 Failed [UNKNOWN] XXX
xmotd 1.17.3b-10 Failed [GCC_ERROR/CLANG_ERROR] Imake.tmpl:2243:10: fatal error: ' X11 .rules' file not found
xmountains 2.10-1 Failed [GCC_ERROR/CLANG_ERROR] Imake.tmpl:2243:10: fatal error: ' X11 .rules' file not found
xnecview 1.37-2 Failed [GCC_ERROR/CLANG_ERROR] Imake.tmpl:2243:10: fatal error: ' X11 .rules' file not found
xneur 0.20.0-3 Failed [GCC_ERROR] text.c:292:25: error: function definition is not allowed here
xonix 1.4-34 Failed [GCC_ERROR/CLANG_ERROR] Imake.tmpl:2243:10: fatal error: ' X11 .rules' file not found
xpat2 1.07-20 Failed [GCC_ERROR/CLANG_ERROR] Imake.tmpl:2243:10: fatal error: ' X11 .rules' file not found
xphoon 20000613+0-8 Failed [GCC_ERROR/CLANG_ERROR] Imake.tmpl:2243:10: fatal error: ' X11 .rules' file not found
xprobe 0.3-5 Failed [GCC_ERROR] ../defines.h:27:15: error: invalid suffix on literal; C++11 requires a space between literal and identifier [-Wreserved-user-defined-literal]
xrayutilities 1.7.1-2 Failed [PYTHON_TRACEBACK/PYIMPORT] dh_auto_test: error: pybuild --test -i python{version} -p 3.9 -s custom "--test-args={interpreter} {dir}/setup.py egg_info -e {build_dir}; cd {build_dir}; {interpreter} -m unittest2 discover -v;" returned exit code 13
xrootd 5.3.1-4 Failed [GCC_ERROR] XrdPosixPreload32.cc:375:9: error: redefinition of a 'extern inline' function 'pread' is not supported in C++
xscavenger 1.4.5-4 Failed [GCC_ERROR/CLANG_ERROR] Imake.tmpl:2243:10: fatal error: ' X11 .rules' file not found
xsecurelock 1.5.1-1 Failed [GCC_ERROR] main.c:375:2: error: embedding a #include directive within macro arguments is not supported
xskat 4.0-7 Failed [GCC_ERROR/CLANG_ERROR] Imake.tmpl:2243:10: fatal error: ' X11 .rules' file not found
xsok 1.02-19 Failed [GCC_ERROR/CLANG_ERROR] Imake.tmpl:2243:10: fatal error: ' X11 .rules' file not found
xstow 1.0.2-1 Failed [GCC_ERROR] ./leoini.h:263:9: error: no viable overloaded '='
xsysinfo 1.7-9 Failed [GCC_ERROR/CLANG_ERROR] Imake.tmpl:2243:10: fatal error: ' X11 .rules' file not found
xtpcpp 0.4.18-1 Failed [GCC_ERROR] proteinmatch.cpp:656:19: error: variable-sized object may not be initialized
xtv 1.1-15 Failed [GCC_ERROR/CLANG_ERROR] Imake.tmpl:2243:10: fatal error: ' X11 .rules' file not found
xvier 1.0-7.6 Failed [GCC_ERROR/CLANG_ERROR] Imake.tmpl:2243:10: fatal error: ' X11 .rules' file not found
xxgdb 1.12-17 Failed [GCC_ERROR/CLANG_ERROR] Imake.tmpl:2243:10: fatal error: ' X11 .rules' file not found
xxkb 1.11.1-1 Failed [GCC_ERROR/CLANG_ERROR] Imake.tmpl:2243:10: fatal error: ' X11 .rules' file not found
xzoom 0.3-26 Failed [GCC_ERROR/CLANG_ERROR] Imake.tmpl:2243:10: fatal error: ' X11 .rules' file not found
yagf 0.9.5+repack1-1 Failed [GCC_ERROR] qipgrayscaleimage.cpp:164:18: error: non-constant-expression cannot be narrowed from type 'quint32' (aka 'unsigned int') to 'int' in initializer list [-Wc++11-narrowing]
yaha 0.1.83-3 Failed [GCC_ERROR] src/SW.cpp:799:122: error: redefinition of default argument
yrmcds 1.1.9-1 Failed [UNKNOWN] XXX
z80ex 1.1.21-2 Failed [UNKNOWN] dh_install: error: missing files, aborting
z88 13.0.0+dfsg2-6 Failed [GCC_ERROR] z88g.c:92:6: error: redefinition of 'ccos' as different kind of symbol
zipper.app 1.5-3 Failed [GCC_ERROR/CLANG_ERROR] Foundation.h:31:9: fatal error: 'objc/objc.h' file not found
zvbi 0.2.35-18 Failed [GCC_ERROR] test-hamm.cc:120:22: error: non-constant-expression cannot be narrowed from type 'unsigned int' to 'uint8_t' (aka 'unsigned char') in initializer list [-Wc++11-narrowing]
zynaddsubfx 3.0.5-2 Failed [GCC_ERROR] 36: ./obj-x86_64-linux-gnu/src/Tests/../../../src/Tests/PluginTest.h:235: Error: Assertion failed: fdata == result
zypper 1.14.42-2 Failed [GCC_ERROR] ZYpp.h:152:26: error: 'checked_delete<zypp::ZYpp>' is missing exception specification 'noexcept'
zytrax 0+git20201215-1 Failed [GCC_ERROR] gui/pattern_editor.cpp:3012:21: error: non-constant-expression cannot be narrowed from type 'int' to 'char' in initializer list [-Wc++11-narrowing]
